{"target": -17.783910666818773, "params": {"gamma": 628.2220682824111, "log10_alpha": -2.6828664961273114, "log10_colsample_bytree": -0.8769437781200861, "log10_eta": -0.6109459682303955, "log10_lambda": -1.9976279768493512, "log10_min_child_weight": 1.7617037066141772, "log10_subsample": -0.2967091721547722, "max_depth": 2.0, "num_boost_round": 34.0}, "datetime": {"datetime": "2024-01-19 01:45:40", "elapsed": 5638.268553, "delta": 0.004813}}
{"target": -17.78603680471703, "params": {"gamma": 628.2220682824111, "log10_alpha": -2.6828664961273114, "log10_colsample_bytree": -0.8769437781200861, "log10_eta": -0.6109459682303955, "log10_lambda": -1.9976279768493512, "log10_min_child_weight": 1.7617037066141772, "log10_subsample": -0.2967091721547722, "max_depth": 2.0, "num_boost_round": 35.0}, "datetime": {"datetime": "2024-01-19 01:45:40", "elapsed": 5638.273596, "delta": 0.005043}}
{"target": -17.788998503986083, "params": {"gamma": 628.2220682824111, "log10_alpha": -2.6828664961273114, "log10_colsample_bytree": -0.8769437781200861, "log10_eta": -0.6109459682303955, "log10_lambda": -1.9976279768493512, "log10_min_child_weight": 1.7617037066141772, "log10_subsample": -0.2967091721547722, "max_depth": 2.0, "num_boost_round": 36.0}, "datetime": {"datetime": "2024-01-19 01:45:40", "elapsed": 5638.278399, "delta": 0.004803}}
{"target": -17.789181951464116, "params": {"gamma": 628.2220682824111, "log10_alpha": -2.6828664961273114, "log10_colsample_bytree": -0.8769437781200861, "log10_eta": -0.6109459682303955, "log10_lambda": -1.9976279768493512, "log10_min_child_weight": 1.7617037066141772, "log10_subsample": -0.2967091721547722, "max_depth": 2.0, "num_boost_round": 37.0}, "datetime": {"datetime": "2024-01-19 01:45:40", "elapsed": 5638.283239, "delta": 0.00484}}
{"target": -17.793188978420826, "params": {"gamma": 628.2220682824111, "log10_alpha": -2.6828664961273114, "log10_colsample_bytree": -0.8769437781200861, "log10_eta": -0.6109459682303955, "log10_lambda": -1.9976279768493512, "log10_min_child_weight": 1.7617037066141772, "log10_subsample": -0.2967091721547722, "max_depth": 2.0, "num_boost_round": 38.0}, "datetime": {"datetime": "2024-01-19 01:45:40", "elapsed": 5638.288094, "delta": 0.004855}}
{"target": -17.804213759905444, "params": {"gamma": 628.2220682824111, "log10_alpha": -2.6828664961273114, "log10_colsample_bytree": -0.8769437781200861, "log10_eta": -0.6109459682303955, "log10_lambda": -1.9976279768493512, "log10_min_child_weight": 1.7617037066141772, "log10_subsample": -0.2967091721547722, "max_depth": 2.0, "num_boost_round": 39.0}, "datetime": {"datetime": "2024-01-19 01:45:40", "elapsed": 5638.293095, "delta": 0.005001}}
{"target": -17.806846377603033, "params": {"gamma": 628.2220682824111, "log10_alpha": -2.6828664961273114, "log10_colsample_bytree": -0.8769437781200861, "log10_eta": -0.6109459682303955, "log10_lambda": -1.9976279768493512, "log10_min_child_weight": 1.7617037066141772, "log10_subsample": -0.2967091721547722, "max_depth": 2.0, "num_boost_round": 40.0}, "datetime": {"datetime": "2024-01-19 01:45:40", "elapsed": 5638.29908, "delta": 0.005985}}
{"target": -17.808653436964253, "params": {"gamma": 628.2220682824111, "log10_alpha": -2.6828664961273114, "log10_colsample_bytree": -0.8769437781200861, "log10_eta": -0.6109459682303955, "log10_lambda": -1.9976279768493512, "log10_min_child_weight": 1.7617037066141772, "log10_subsample": -0.2967091721547722, "max_depth": 2.0, "num_boost_round": 41.0}, "datetime": {"datetime": "2024-01-19 01:45:40", "elapsed": 5638.304094, "delta": 0.005014}}
{"target": -17.67717795877149, "params": {"gamma": 633.3314797015822, "log10_alpha": 0.48585415489166817, "log10_colsample_bytree": -0.5559901400728262, "log10_eta": -2.8937700150128074, "log10_lambda": -4.2165341410010715, "log10_min_child_weight": 3.6738336511626684, "log10_subsample": -0.03865791150724629, "max_depth": 4.0, "num_boost_round": 0.0}, "datetime": {"datetime": "2024-01-19 01:47:10", "elapsed": 5727.964209, "delta": 89.660115}}
{"target": -17.677156340330153, "params": {"gamma": 633.3314797015822, "log10_alpha": 0.48585415489166817, "log10_colsample_bytree": -0.5559901400728262, "log10_eta": -2.8937700150128074, "log10_lambda": -4.2165341410010715, "log10_min_child_weight": 3.6738336511626684, "log10_subsample": -0.03865791150724629, "max_depth": 4.0, "num_boost_round": 1.0}, "datetime": {"datetime": "2024-01-19 01:47:10", "elapsed": 5727.970112, "delta": 0.005903}}
{"target": -17.677104235813708, "params": {"gamma": 633.3314797015822, "log10_alpha": 0.48585415489166817, "log10_colsample_bytree": -0.5559901400728262, "log10_eta": -2.8937700150128074, "log10_lambda": -4.2165341410010715, "log10_min_child_weight": 3.6738336511626684, "log10_subsample": -0.03865791150724629, "max_depth": 4.0, "num_boost_round": 2.0}, "datetime": {"datetime": "2024-01-19 01:47:10", "elapsed": 5727.975157, "delta": 0.005045}}
{"target": -17.677121483368882, "params": {"gamma": 633.3314797015822, "log10_alpha": 0.48585415489166817, "log10_colsample_bytree": -0.5559901400728262, "log10_eta": -2.8937700150128074, "log10_lambda": -4.2165341410010715, "log10_min_child_weight": 3.6738336511626684, "log10_subsample": -0.03865791150724629, "max_depth": 4.0, "num_boost_round": 3.0}, "datetime": {"datetime": "2024-01-19 01:47:10", "elapsed": 5727.980289, "delta": 0.005132}}
{"target": -17.677090771946624, "params": {"gamma": 633.3314797015822, "log10_alpha": 0.48585415489166817, "log10_colsample_bytree": -0.5559901400728262, "log10_eta": -2.8937700150128074, "log10_lambda": -4.2165341410010715, "log10_min_child_weight": 3.6738336511626684, "log10_subsample": -0.03865791150724629, "max_depth": 4.0, "num_boost_round": 4.0}, "datetime": {"datetime": "2024-01-19 01:47:10", "elapsed": 5728.102582, "delta": 0.122293}}
{"target": -17.677056930633093, "params": {"gamma": 633.3314797015822, "log10_alpha": 0.48585415489166817, "log10_colsample_bytree": -0.5559901400728262, "log10_eta": -2.8937700150128074, "log10_lambda": -4.2165341410010715, "log10_min_child_weight": 3.6738336511626684, "log10_subsample": -0.03865791150724629, "max_depth": 4.0, "num_boost_round": 5.0}, "datetime": {"datetime": "2024-01-19 01:47:10", "elapsed": 5728.108254, "delta": 0.005672}}
{"target": -17.677017044966398, "params": {"gamma": 633.3314797015822, "log10_alpha": 0.48585415489166817, "log10_colsample_bytree": -0.5559901400728262, "log10_eta": -2.8937700150128074, "log10_lambda": -4.2165341410010715, "log10_min_child_weight": 3.6738336511626684, "log10_subsample": -0.03865791150724629, "max_depth": 4.0, "num_boost_round": 6.0}, "datetime": {"datetime": "2024-01-19 01:47:10", "elapsed": 5728.113376, "delta": 0.005122}}
{"target": -17.67704014160934, "params": {"gamma": 633.3314797015822, "log10_alpha": 0.48585415489166817, "log10_colsample_bytree": -0.5559901400728262, "log10_eta": -2.8937700150128074, "log10_lambda": -4.2165341410010715, "log10_min_child_weight": 3.6738336511626684, "log10_subsample": -0.03865791150724629, "max_depth": 4.0, "num_boost_round": 7.0}, "datetime": {"datetime": "2024-01-19 01:47:10", "elapsed": 5728.118399, "delta": 0.005023}}
{"target": -17.677022174332247, "params": {"gamma": 633.3314797015822, "log10_alpha": 0.48585415489166817, "log10_colsample_bytree": -0.5559901400728262, "log10_eta": -2.8937700150128074, "log10_lambda": -4.2165341410010715, "log10_min_child_weight": 3.6738336511626684, "log10_subsample": -0.03865791150724629, "max_depth": 4.0, "num_boost_round": 8.0}, "datetime": {"datetime": "2024-01-19 01:47:10", "elapsed": 5728.123313, "delta": 0.004914}}
{"target": -17.676978278132506, "params": {"gamma": 633.3314797015822, "log10_alpha": 0.48585415489166817, "log10_colsample_bytree": -0.5559901400728262, "log10_eta": -2.8937700150128074, "log10_lambda": -4.2165341410010715, "log10_min_child_weight": 3.6738336511626684, "log10_subsample": -0.03865791150724629, "max_depth": 4.0, "num_boost_round": 9.0}, "datetime": {"datetime": "2024-01-19 01:47:10", "elapsed": 5728.128159, "delta": 0.004846}}
{"target": -17.67690323608627, "params": {"gamma": 633.3314797015822, "log10_alpha": 0.48585415489166817, "log10_colsample_bytree": -0.5559901400728262, "log10_eta": -2.8937700150128074, "log10_lambda": -4.2165341410010715, "log10_min_child_weight": 3.6738336511626684, "log10_subsample": -0.03865791150724629, "max_depth": 4.0, "num_boost_round": 10.0}, "datetime": {"datetime": "2024-01-19 01:47:10", "elapsed": 5728.13327, "delta": 0.005111}}
{"target": -17.676866979555633, "params": {"gamma": 633.3314797015822, "log10_alpha": 0.48585415489166817, "log10_colsample_bytree": -0.5559901400728262, "log10_eta": -2.8937700150128074, "log10_lambda": -4.2165341410010715, "log10_min_child_weight": 3.6738336511626684, "log10_subsample": -0.03865791150724629, "max_depth": 4.0, "num_boost_round": 11.0}, "datetime": {"datetime": "2024-01-19 01:47:10", "elapsed": 5728.138495, "delta": 0.005225}}
{"target": -17.676852750168564, "params": {"gamma": 633.3314797015822, "log10_alpha": 0.48585415489166817, "log10_colsample_bytree": -0.5559901400728262, "log10_eta": -2.8937700150128074, "log10_lambda": -4.2165341410010715, "log10_min_child_weight": 3.6738336511626684, "log10_subsample": -0.03865791150724629, "max_depth": 4.0, "num_boost_round": 12.0}, "datetime": {"datetime": "2024-01-19 01:47:10", "elapsed": 5728.143401, "delta": 0.004906}}
{"target": -17.67680455426195, "params": {"gamma": 633.3314797015822, "log10_alpha": 0.48585415489166817, "log10_colsample_bytree": -0.5559901400728262, "log10_eta": -2.8937700150128074, "log10_lambda": -4.2165341410010715, "log10_min_child_weight": 3.6738336511626684, "log10_subsample": -0.03865791150724629, "max_depth": 4.0, "num_boost_round": 13.0}, "datetime": {"datetime": "2024-01-19 01:47:10", "elapsed": 5728.148477, "delta": 0.005076}}
{"target": -17.676791049815293, "params": {"gamma": 633.3314797015822, "log10_alpha": 0.48585415489166817, "log10_colsample_bytree": -0.5559901400728262, "log10_eta": -2.8937700150128074, "log10_lambda": -4.2165341410010715, "log10_min_child_weight": 3.6738336511626684, "log10_subsample": -0.03865791150724629, "max_depth": 4.0, "num_boost_round": 14.0}, "datetime": {"datetime": "2024-01-19 01:47:10", "elapsed": 5728.15367, "delta": 0.005193}}
{"target": -17.67674033802454, "params": {"gamma": 633.3314797015822, "log10_alpha": 0.48585415489166817, "log10_colsample_bytree": -0.5559901400728262, "log10_eta": -2.8937700150128074, "log10_lambda": -4.2165341410010715, "log10_min_child_weight": 3.6738336511626684, "log10_subsample": -0.03865791150724629, "max_depth": 4.0, "num_boost_round": 15.0}, "datetime": {"datetime": "2024-01-19 01:47:10", "elapsed": 5728.158946, "delta": 0.005276}}
{"target": -17.67670950451843, "params": {"gamma": 633.3314797015822, "log10_alpha": 0.48585415489166817, "log10_colsample_bytree": -0.5559901400728262, "log10_eta": -2.8937700150128074, "log10_lambda": -4.2165341410010715, "log10_min_child_weight": 3.6738336511626684, "log10_subsample": -0.03865791150724629, "max_depth": 4.0, "num_boost_round": 16.0}, "datetime": {"datetime": "2024-01-19 01:47:10", "elapsed": 5728.16389, "delta": 0.004944}}
{"target": -17.676716748290644, "params": {"gamma": 633.3314797015822, "log10_alpha": 0.48585415489166817, "log10_colsample_bytree": -0.5559901400728262, "log10_eta": -2.8937700150128074, "log10_lambda": -4.2165341410010715, "log10_min_child_weight": 3.6738336511626684, "log10_subsample": -0.03865791150724629, "max_depth": 4.0, "num_boost_round": 17.0}, "datetime": {"datetime": "2024-01-19 01:47:10", "elapsed": 5728.168866, "delta": 0.004976}}
{"target": -17.676707424062343, "params": {"gamma": 633.3314797015822, "log10_alpha": 0.48585415489166817, "log10_colsample_bytree": -0.5559901400728262, "log10_eta": -2.8937700150128074, "log10_lambda": -4.2165341410010715, "log10_min_child_weight": 3.6738336511626684, "log10_subsample": -0.03865791150724629, "max_depth": 4.0, "num_boost_round": 18.0}, "datetime": {"datetime": "2024-01-19 01:47:10", "elapsed": 5728.173759, "delta": 0.004893}}
{"target": -17.676679833248706, "params": {"gamma": 633.3314797015822, "log10_alpha": 0.48585415489166817, "log10_colsample_bytree": -0.5559901400728262, "log10_eta": -2.8937700150128074, "log10_lambda": -4.2165341410010715, "log10_min_child_weight": 3.6738336511626684, "log10_subsample": -0.03865791150724629, "max_depth": 4.0, "num_boost_round": 19.0}, "datetime": {"datetime": "2024-01-19 01:47:10", "elapsed": 5728.178831, "delta": 0.005072}}
{"target": -17.67663009897898, "params": {"gamma": 633.3314797015822, "log10_alpha": 0.48585415489166817, "log10_colsample_bytree": -0.5559901400728262, "log10_eta": -2.8937700150128074, "log10_lambda": -4.2165341410010715, "log10_min_child_weight": 3.6738336511626684, "log10_subsample": -0.03865791150724629, "max_depth": 4.0, "num_boost_round": 20.0}, "datetime": {"datetime": "2024-01-19 01:47:10", "elapsed": 5728.183682, "delta": 0.004851}}
{"target": -17.67662206436371, "params": {"gamma": 633.3314797015822, "log10_alpha": 0.48585415489166817, "log10_colsample_bytree": -0.5559901400728262, "log10_eta": -2.8937700150128074, "log10_lambda": -4.2165341410010715, "log10_min_child_weight": 3.6738336511626684, "log10_subsample": -0.03865791150724629, "max_depth": 4.0, "num_boost_round": 21.0}, "datetime": {"datetime": "2024-01-19 01:47:10", "elapsed": 5728.188594, "delta": 0.004912}}
{"target": -17.676558283793323, "params": {"gamma": 633.3314797015822, "log10_alpha": 0.48585415489166817, "log10_colsample_bytree": -0.5559901400728262, "log10_eta": -2.8937700150128074, "log10_lambda": -4.2165341410010715, "log10_min_child_weight": 3.6738336511626684, "log10_subsample": -0.03865791150724629, "max_depth": 4.0, "num_boost_round": 22.0}, "datetime": {"datetime": "2024-01-19 01:47:10", "elapsed": 5728.193553, "delta": 0.004959}}
{"target": -17.676522492180503, "params": {"gamma": 633.3314797015822, "log10_alpha": 0.48585415489166817, "log10_colsample_bytree": -0.5559901400728262, "log10_eta": -2.8937700150128074, "log10_lambda": -4.2165341410010715, "log10_min_child_weight": 3.6738336511626684, "log10_subsample": -0.03865791150724629, "max_depth": 4.0, "num_boost_round": 23.0}, "datetime": {"datetime": "2024-01-19 01:47:10", "elapsed": 5728.198806, "delta": 0.005253}}
{"target": -17.676523332991444, "params": {"gamma": 633.3314797015822, "log10_alpha": 0.48585415489166817, "log10_colsample_bytree": -0.5559901400728262, "log10_eta": -2.8937700150128074, "log10_lambda": -4.2165341410010715, "log10_min_child_weight": 3.6738336511626684, "log10_subsample": -0.03865791150724629, "max_depth": 4.0, "num_boost_round": 24.0}, "datetime": {"datetime": "2024-01-19 01:47:10", "elapsed": 5728.203722, "delta": 0.004916}}
{"target": -17.676493342898112, "params": {"gamma": 633.3314797015822, "log10_alpha": 0.48585415489166817, "log10_colsample_bytree": -0.5559901400728262, "log10_eta": -2.8937700150128074, "log10_lambda": -4.2165341410010715, "log10_min_child_weight": 3.6738336511626684, "log10_subsample": -0.03865791150724629, "max_depth": 4.0, "num_boost_round": 25.0}, "datetime": {"datetime": "2024-01-19 01:47:10", "elapsed": 5728.208676, "delta": 0.004954}}
{"target": -17.676464639392147, "params": {"gamma": 633.3314797015822, "log10_alpha": 0.48585415489166817, "log10_colsample_bytree": -0.5559901400728262, "log10_eta": -2.8937700150128074, "log10_lambda": -4.2165341410010715, "log10_min_child_weight": 3.6738336511626684, "log10_subsample": -0.03865791150724629, "max_depth": 4.0, "num_boost_round": 26.0}, "datetime": {"datetime": "2024-01-19 01:47:10", "elapsed": 5728.213636, "delta": 0.00496}}
{"target": -17.67640734623306, "params": {"gamma": 633.3314797015822, "log10_alpha": 0.48585415489166817, "log10_colsample_bytree": -0.5559901400728262, "log10_eta": -2.8937700150128074, "log10_lambda": -4.2165341410010715, "log10_min_child_weight": 3.6738336511626684, "log10_subsample": -0.03865791150724629, "max_depth": 4.0, "num_boost_round": 27.0}, "datetime": {"datetime": "2024-01-19 01:47:10", "elapsed": 5728.218751, "delta": 0.005115}}
{"target": -17.67636661616687, "params": {"gamma": 633.3314797015822, "log10_alpha": 0.48585415489166817, "log10_colsample_bytree": -0.5559901400728262, "log10_eta": -2.8937700150128074, "log10_lambda": -4.2165341410010715, "log10_min_child_weight": 3.6738336511626684, "log10_subsample": -0.03865791150724629, "max_depth": 4.0, "num_boost_round": 28.0}, "datetime": {"datetime": "2024-01-19 01:47:10", "elapsed": 5728.223888, "delta": 0.005137}}
{"target": -17.67631838674185, "params": {"gamma": 633.3314797015822, "log10_alpha": 0.48585415489166817, "log10_colsample_bytree": -0.5559901400728262, "log10_eta": -2.8937700150128074, "log10_lambda": -4.2165341410010715, "log10_min_child_weight": 3.6738336511626684, "log10_subsample": -0.03865791150724629, "max_depth": 4.0, "num_boost_round": 29.0}, "datetime": {"datetime": "2024-01-19 01:47:10", "elapsed": 5728.229211, "delta": 0.005323}}
{"target": -17.676275909108533, "params": {"gamma": 633.3314797015822, "log10_alpha": 0.48585415489166817, "log10_colsample_bytree": -0.5559901400728262, "log10_eta": -2.8937700150128074, "log10_lambda": -4.2165341410010715, "log10_min_child_weight": 3.6738336511626684, "log10_subsample": -0.03865791150724629, "max_depth": 4.0, "num_boost_round": 30.0}, "datetime": {"datetime": "2024-01-19 01:47:10", "elapsed": 5728.234273, "delta": 0.005062}}
{"target": -17.67623995395492, "params": {"gamma": 633.3314797015822, "log10_alpha": 0.48585415489166817, "log10_colsample_bytree": -0.5559901400728262, "log10_eta": -2.8937700150128074, "log10_lambda": -4.2165341410010715, "log10_min_child_weight": 3.6738336511626684, "log10_subsample": -0.03865791150724629, "max_depth": 4.0, "num_boost_round": 31.0}, "datetime": {"datetime": "2024-01-19 01:47:10", "elapsed": 5728.23946, "delta": 0.005187}}
{"target": -17.676198923673976, "params": {"gamma": 633.3314797015822, "log10_alpha": 0.48585415489166817, "log10_colsample_bytree": -0.5559901400728262, "log10_eta": -2.8937700150128074, "log10_lambda": -4.2165341410010715, "log10_min_child_weight": 3.6738336511626684, "log10_subsample": -0.03865791150724629, "max_depth": 4.0, "num_boost_round": 32.0}, "datetime": {"datetime": "2024-01-19 01:47:10", "elapsed": 5728.244364, "delta": 0.004904}}
{"target": -17.676304172405153, "params": {"gamma": 616.2198769471397, "log10_alpha": -3.0424761227834525, "log10_colsample_bytree": -0.935306049634169, "log10_eta": -1.6784579940481463, "log10_lambda": -2.985214645355304, "log10_min_child_weight": 0.6644919906428243, "log10_subsample": -0.6665913292556841, "max_depth": 9.0, "num_boost_round": 0.0}, "datetime": {"datetime": "2024-01-19 01:49:04", "elapsed": 5842.005581, "delta": 113.761217}}
{"target": -17.676427475146244, "params": {"gamma": 616.2198769471397, "log10_alpha": -3.0424761227834525, "log10_colsample_bytree": -0.935306049634169, "log10_eta": -1.6784579940481463, "log10_lambda": -2.985214645355304, "log10_min_child_weight": 0.6644919906428243, "log10_subsample": -0.6665913292556841, "max_depth": 9.0, "num_boost_round": 1.0}, "datetime": {"datetime": "2024-01-19 01:49:04", "elapsed": 5842.011176, "delta": 0.005595}}
{"target": -17.676061983247514, "params": {"gamma": 616.2198769471397, "log10_alpha": -3.0424761227834525, "log10_colsample_bytree": -0.935306049634169, "log10_eta": -1.6784579940481463, "log10_lambda": -2.985214645355304, "log10_min_child_weight": 0.6644919906428243, "log10_subsample": -0.6665913292556841, "max_depth": 9.0, "num_boost_round": 2.0}, "datetime": {"datetime": "2024-01-19 01:49:04", "elapsed": 5842.016358, "delta": 0.005182}}
{"target": -17.675615008702135, "params": {"gamma": 616.2198769471397, "log10_alpha": -3.0424761227834525, "log10_colsample_bytree": -0.935306049634169, "log10_eta": -1.6784579940481463, "log10_lambda": -2.985214645355304, "log10_min_child_weight": 0.6644919906428243, "log10_subsample": -0.6665913292556841, "max_depth": 9.0, "num_boost_round": 3.0}, "datetime": {"datetime": "2024-01-19 01:49:04", "elapsed": 5842.021306, "delta": 0.004948}}
{"target": -17.67506016098511, "params": {"gamma": 616.2198769471397, "log10_alpha": -3.0424761227834525, "log10_colsample_bytree": -0.935306049634169, "log10_eta": -1.6784579940481463, "log10_lambda": -2.985214645355304, "log10_min_child_weight": 0.6644919906428243, "log10_subsample": -0.6665913292556841, "max_depth": 9.0, "num_boost_round": 4.0}, "datetime": {"datetime": "2024-01-19 01:49:04", "elapsed": 5842.026174, "delta": 0.004868}}
{"target": -17.674034256981294, "params": {"gamma": 616.2198769471397, "log10_alpha": -3.0424761227834525, "log10_colsample_bytree": -0.935306049634169, "log10_eta": -1.6784579940481463, "log10_lambda": -2.985214645355304, "log10_min_child_weight": 0.6644919906428243, "log10_subsample": -0.6665913292556841, "max_depth": 9.0, "num_boost_round": 5.0}, "datetime": {"datetime": "2024-01-19 01:49:04", "elapsed": 5842.031223, "delta": 0.005049}}
{"target": -17.67481089824064, "params": {"gamma": 616.2198769471397, "log10_alpha": -3.0424761227834525, "log10_colsample_bytree": -0.935306049634169, "log10_eta": -1.6784579940481463, "log10_lambda": -2.985214645355304, "log10_min_child_weight": 0.6644919906428243, "log10_subsample": -0.6665913292556841, "max_depth": 9.0, "num_boost_round": 6.0}, "datetime": {"datetime": "2024-01-19 01:49:04", "elapsed": 5842.036415, "delta": 0.005192}}
{"target": -17.67458748627459, "params": {"gamma": 616.2198769471397, "log10_alpha": -3.0424761227834525, "log10_colsample_bytree": -0.935306049634169, "log10_eta": -1.6784579940481463, "log10_lambda": -2.985214645355304, "log10_min_child_weight": 0.6644919906428243, "log10_subsample": -0.6665913292556841, "max_depth": 9.0, "num_boost_round": 7.0}, "datetime": {"datetime": "2024-01-19 01:49:04", "elapsed": 5842.04153, "delta": 0.005115}}
