{"target": -13.758500233036228, "params": {"gamma": 978.4339436922374, "log10_alpha": -0.1459952161009425, "log10_colsample_bytree": -1.0, "log10_eta": -4.0, "log10_lambda": -5.0, "log10_min_child_weight": 3.535747461980687, "log10_subsample": 0.0, "max_depth": 4.0, "num_boost_round": 31.0}, "datetime": {"datetime": "2024-01-19 00:37:18", "elapsed": 1539.480406, "delta": 0.002314}}
{"target": -13.758498738994446, "params": {"gamma": 978.4339436922374, "log10_alpha": -0.1459952161009425, "log10_colsample_bytree": -1.0, "log10_eta": -4.0, "log10_lambda": -5.0, "log10_min_child_weight": 3.535747461980687, "log10_subsample": 0.0, "max_depth": 4.0, "num_boost_round": 32.0}, "datetime": {"datetime": "2024-01-19 00:37:18", "elapsed": 1539.483293, "delta": 0.002887}}
{"target": -13.758498419217414, "params": {"gamma": 978.4339436922374, "log10_alpha": -0.1459952161009425, "log10_colsample_bytree": -1.0, "log10_eta": -4.0, "log10_lambda": -5.0, "log10_min_child_weight": 3.535747461980687, "log10_subsample": 0.0, "max_depth": 4.0, "num_boost_round": 33.0}, "datetime": {"datetime": "2024-01-19 00:37:18", "elapsed": 1539.486203, "delta": 0.00291}}
{"target": -13.75849623989481, "params": {"gamma": 978.4339436922374, "log10_alpha": -0.1459952161009425, "log10_colsample_bytree": -1.0, "log10_eta": -4.0, "log10_lambda": -5.0, "log10_min_child_weight": 3.535747461980687, "log10_subsample": 0.0, "max_depth": 4.0, "num_boost_round": 34.0}, "datetime": {"datetime": "2024-01-19 00:37:18", "elapsed": 1539.488621, "delta": 0.002418}}
{"target": -13.75849534405278, "params": {"gamma": 978.4339436922374, "log10_alpha": -0.1459952161009425, "log10_colsample_bytree": -1.0, "log10_eta": -4.0, "log10_lambda": -5.0, "log10_min_child_weight": 3.535747461980687, "log10_subsample": 0.0, "max_depth": 4.0, "num_boost_round": 35.0}, "datetime": {"datetime": "2024-01-19 00:37:18", "elapsed": 1539.491432, "delta": 0.002811}}
{"target": -13.758493905421128, "params": {"gamma": 978.4339436922374, "log10_alpha": -0.1459952161009425, "log10_colsample_bytree": -1.0, "log10_eta": -4.0, "log10_lambda": -5.0, "log10_min_child_weight": 3.535747461980687, "log10_subsample": 0.0, "max_depth": 4.0, "num_boost_round": 36.0}, "datetime": {"datetime": "2024-01-19 00:37:18", "elapsed": 1539.494228, "delta": 0.002796}}
{"target": -13.758493625630411, "params": {"gamma": 978.4339436922374, "log10_alpha": -0.1459952161009425, "log10_colsample_bytree": -1.0, "log10_eta": -4.0, "log10_lambda": -5.0, "log10_min_child_weight": 3.535747461980687, "log10_subsample": 0.0, "max_depth": 4.0, "num_boost_round": 37.0}, "datetime": {"datetime": "2024-01-19 00:37:18", "elapsed": 1539.497235, "delta": 0.003007}}
{"target": -13.75849313799613, "params": {"gamma": 978.4339436922374, "log10_alpha": -0.1459952161009425, "log10_colsample_bytree": -1.0, "log10_eta": -4.0, "log10_lambda": -5.0, "log10_min_child_weight": 3.535747461980687, "log10_subsample": 0.0, "max_depth": 4.0, "num_boost_round": 38.0}, "datetime": {"datetime": "2024-01-19 00:37:18", "elapsed": 1539.499541, "delta": 0.002306}}
{"target": -13.758492240579635, "params": {"gamma": 978.4339436922374, "log10_alpha": -0.1459952161009425, "log10_colsample_bytree": -1.0, "log10_eta": -4.0, "log10_lambda": -5.0, "log10_min_child_weight": 3.535747461980687, "log10_subsample": 0.0, "max_depth": 4.0, "num_boost_round": 39.0}, "datetime": {"datetime": "2024-01-19 00:37:18", "elapsed": 1539.501869, "delta": 0.002328}}
{"target": -13.75849121934612, "params": {"gamma": 978.4339436922374, "log10_alpha": -0.1459952161009425, "log10_colsample_bytree": -1.0, "log10_eta": -4.0, "log10_lambda": -5.0, "log10_min_child_weight": 3.535747461980687, "log10_subsample": 0.0, "max_depth": 4.0, "num_boost_round": 40.0}, "datetime": {"datetime": "2024-01-19 00:37:18", "elapsed": 1539.504194, "delta": 0.002325}}
{"target": -13.758490253828569, "params": {"gamma": 978.4339436922374, "log10_alpha": -0.1459952161009425, "log10_colsample_bytree": -1.0, "log10_eta": -4.0, "log10_lambda": -5.0, "log10_min_child_weight": 3.535747461980687, "log10_subsample": 0.0, "max_depth": 4.0, "num_boost_round": 41.0}, "datetime": {"datetime": "2024-01-19 00:37:18", "elapsed": 1539.506494, "delta": 0.0023}}
{"target": -13.756790699948628, "params": {"gamma": 951.4478399782588, "log10_alpha": 0.9697732754934396, "log10_colsample_bytree": -0.8120260854666395, "log10_eta": -1.534652444909482, "log10_lambda": -2.988462010550509, "log10_min_child_weight": 1.5241555330424938, "log10_subsample": -0.3775262202217219, "max_depth": 9.0, "num_boost_round": 0.0}, "datetime": {"datetime": "2024-01-19 00:37:52", "elapsed": 1573.956593, "delta": 34.450099}}
{"target": -13.755364736051268, "params": {"gamma": 951.4478399782588, "log10_alpha": 0.9697732754934396, "log10_colsample_bytree": -0.8120260854666395, "log10_eta": -1.534652444909482, "log10_lambda": -2.988462010550509, "log10_min_child_weight": 1.5241555330424938, "log10_subsample": -0.3775262202217219, "max_depth": 9.0, "num_boost_round": 1.0}, "datetime": {"datetime": "2024-01-19 00:37:52", "elapsed": 1573.959357, "delta": 0.002764}}
{"target": -13.753755023220823, "params": {"gamma": 951.4478399782588, "log10_alpha": 0.9697732754934396, "log10_colsample_bytree": -0.8120260854666395, "log10_eta": -1.534652444909482, "log10_lambda": -2.988462010550509, "log10_min_child_weight": 1.5241555330424938, "log10_subsample": -0.3775262202217219, "max_depth": 9.0, "num_boost_round": 2.0}, "datetime": {"datetime": "2024-01-19 00:37:52", "elapsed": 1573.962528, "delta": 0.003171}}
{"target": -13.753662751454318, "params": {"gamma": 951.4478399782588, "log10_alpha": 0.9697732754934396, "log10_colsample_bytree": -0.8120260854666395, "log10_eta": -1.534652444909482, "log10_lambda": -2.988462010550509, "log10_min_child_weight": 1.5241555330424938, "log10_subsample": -0.3775262202217219, "max_depth": 9.0, "num_boost_round": 3.0}, "datetime": {"datetime": "2024-01-19 00:37:52", "elapsed": 1573.964901, "delta": 0.002373}}
{"target": -13.753653141103602, "params": {"gamma": 951.4478399782588, "log10_alpha": 0.9697732754934396, "log10_colsample_bytree": -0.8120260854666395, "log10_eta": -1.534652444909482, "log10_lambda": -2.988462010550509, "log10_min_child_weight": 1.5241555330424938, "log10_subsample": -0.3775262202217219, "max_depth": 9.0, "num_boost_round": 4.0}, "datetime": {"datetime": "2024-01-19 00:37:52", "elapsed": 1573.967392, "delta": 0.002491}}
{"target": -13.754269401062523, "params": {"gamma": 951.4478399782588, "log10_alpha": 0.9697732754934396, "log10_colsample_bytree": -0.8120260854666395, "log10_eta": -1.534652444909482, "log10_lambda": -2.988462010550509, "log10_min_child_weight": 1.5241555330424938, "log10_subsample": -0.3775262202217219, "max_depth": 9.0, "num_boost_round": 5.0}, "datetime": {"datetime": "2024-01-19 00:37:52", "elapsed": 1573.969781, "delta": 0.002389}}
{"target": -13.754147152972873, "params": {"gamma": 951.4478399782588, "log10_alpha": 0.9697732754934396, "log10_colsample_bytree": -0.8120260854666395, "log10_eta": -1.534652444909482, "log10_lambda": -2.988462010550509, "log10_min_child_weight": 1.5241555330424938, "log10_subsample": -0.3775262202217219, "max_depth": 9.0, "num_boost_round": 6.0}, "datetime": {"datetime": "2024-01-19 00:37:52", "elapsed": 1573.972155, "delta": 0.002374}}
{"target": -13.75395497170924, "params": {"gamma": 951.4478399782588, "log10_alpha": 0.9697732754934396, "log10_colsample_bytree": -0.8120260854666395, "log10_eta": -1.534652444909482, "log10_lambda": -2.988462010550509, "log10_min_child_weight": 1.5241555330424938, "log10_subsample": -0.3775262202217219, "max_depth": 9.0, "num_boost_round": 7.0}, "datetime": {"datetime": "2024-01-19 00:37:52", "elapsed": 1573.974531, "delta": 0.002376}}
{"target": -13.754872711413604, "params": {"gamma": 951.4478399782588, "log10_alpha": 0.9697732754934396, "log10_colsample_bytree": -0.8120260854666395, "log10_eta": -1.534652444909482, "log10_lambda": -2.988462010550509, "log10_min_child_weight": 1.5241555330424938, "log10_subsample": -0.3775262202217219, "max_depth": 9.0, "num_boost_round": 8.0}, "datetime": {"datetime": "2024-01-19 00:37:52", "elapsed": 1573.976905, "delta": 0.002374}}
{"target": -13.7552097171662, "params": {"gamma": 951.4478399782588, "log10_alpha": 0.9697732754934396, "log10_colsample_bytree": -0.8120260854666395, "log10_eta": -1.534652444909482, "log10_lambda": -2.988462010550509, "log10_min_child_weight": 1.5241555330424938, "log10_subsample": -0.3775262202217219, "max_depth": 9.0, "num_boost_round": 9.0}, "datetime": {"datetime": "2024-01-19 00:37:52", "elapsed": 1573.979309, "delta": 0.002404}}
{"target": -13.755469109092337, "params": {"gamma": 951.4478399782588, "log10_alpha": 0.9697732754934396, "log10_colsample_bytree": -0.8120260854666395, "log10_eta": -1.534652444909482, "log10_lambda": -2.988462010550509, "log10_min_child_weight": 1.5241555330424938, "log10_subsample": -0.3775262202217219, "max_depth": 9.0, "num_boost_round": 10.0}, "datetime": {"datetime": "2024-01-19 00:37:52", "elapsed": 1573.981652, "delta": 0.002343}}
{"target": -13.75576920095085, "params": {"gamma": 951.4478399782588, "log10_alpha": 0.9697732754934396, "log10_colsample_bytree": -0.8120260854666395, "log10_eta": -1.534652444909482, "log10_lambda": -2.988462010550509, "log10_min_child_weight": 1.5241555330424938, "log10_subsample": -0.3775262202217219, "max_depth": 9.0, "num_boost_round": 11.0}, "datetime": {"datetime": "2024-01-19 00:37:52", "elapsed": 1573.984006, "delta": 0.002354}}
{"target": -13.756661061767604, "params": {"gamma": 951.4478399782588, "log10_alpha": 0.9697732754934396, "log10_colsample_bytree": -0.8120260854666395, "log10_eta": -1.534652444909482, "log10_lambda": -2.988462010550509, "log10_min_child_weight": 1.5241555330424938, "log10_subsample": -0.3775262202217219, "max_depth": 9.0, "num_boost_round": 12.0}, "datetime": {"datetime": "2024-01-19 00:37:52", "elapsed": 1573.986417, "delta": 0.002411}}
{"target": -13.754889614277104, "params": {"gamma": 951.4478399782588, "log10_alpha": 0.9697732754934396, "log10_colsample_bytree": -0.8120260854666395, "log10_eta": -1.534652444909482, "log10_lambda": -2.988462010550509, "log10_min_child_weight": 1.5241555330424938, "log10_subsample": -0.3775262202217219, "max_depth": 9.0, "num_boost_round": 13.0}, "datetime": {"datetime": "2024-01-19 00:37:52", "elapsed": 1573.988875, "delta": 0.002458}}
{"target": -13.7551236976138, "params": {"gamma": 951.4478399782588, "log10_alpha": 0.9697732754934396, "log10_colsample_bytree": -0.8120260854666395, "log10_eta": -1.534652444909482, "log10_lambda": -2.988462010550509, "log10_min_child_weight": 1.5241555330424938, "log10_subsample": -0.3775262202217219, "max_depth": 9.0, "num_boost_round": 14.0}, "datetime": {"datetime": "2024-01-19 00:37:52", "elapsed": 1573.991269, "delta": 0.002394}}
{"target": -13.75544954646656, "params": {"gamma": 951.4478399782588, "log10_alpha": 0.9697732754934396, "log10_colsample_bytree": -0.8120260854666395, "log10_eta": -1.534652444909482, "log10_lambda": -2.988462010550509, "log10_min_child_weight": 1.5241555330424938, "log10_subsample": -0.3775262202217219, "max_depth": 9.0, "num_boost_round": 15.0}, "datetime": {"datetime": "2024-01-19 00:37:52", "elapsed": 1573.993651, "delta": 0.002382}}
{"target": -13.756371653450476, "params": {"gamma": 951.4478399782588, "log10_alpha": 0.9697732754934396, "log10_colsample_bytree": -0.8120260854666395, "log10_eta": -1.534652444909482, "log10_lambda": -2.988462010550509, "log10_min_child_weight": 1.5241555330424938, "log10_subsample": -0.3775262202217219, "max_depth": 9.0, "num_boost_round": 16.0}, "datetime": {"datetime": "2024-01-19 00:37:52", "elapsed": 1573.996027, "delta": 0.002376}}
{"target": -13.756822964502657, "params": {"gamma": 951.4478399782588, "log10_alpha": 0.9697732754934396, "log10_colsample_bytree": -0.8120260854666395, "log10_eta": -1.534652444909482, "log10_lambda": -2.988462010550509, "log10_min_child_weight": 1.5241555330424938, "log10_subsample": -0.3775262202217219, "max_depth": 9.0, "num_boost_round": 17.0}, "datetime": {"datetime": "2024-01-19 00:37:52", "elapsed": 1573.998401, "delta": 0.002374}}
{"target": -13.756269070186239, "params": {"gamma": 951.4478399782588, "log10_alpha": 0.9697732754934396, "log10_colsample_bytree": -0.8120260854666395, "log10_eta": -1.534652444909482, "log10_lambda": -2.988462010550509, "log10_min_child_weight": 1.5241555330424938, "log10_subsample": -0.3775262202217219, "max_depth": 9.0, "num_boost_round": 18.0}, "datetime": {"datetime": "2024-01-19 00:37:52", "elapsed": 1574.000838, "delta": 0.002437}}
{"target": -13.757587915075028, "params": {"gamma": 951.4478399782588, "log10_alpha": 0.9697732754934396, "log10_colsample_bytree": -0.8120260854666395, "log10_eta": -1.534652444909482, "log10_lambda": -2.988462010550509, "log10_min_child_weight": 1.5241555330424938, "log10_subsample": -0.3775262202217219, "max_depth": 9.0, "num_boost_round": 19.0}, "datetime": {"datetime": "2024-01-19 00:37:52", "elapsed": 1574.003216, "delta": 0.002378}}
{"target": -13.75855441627377, "params": {"gamma": 970.6246081172105, "log10_alpha": 0.068403537055155, "log10_colsample_bytree": -0.18665314264044863, "log10_eta": -3.2693491484113246, "log10_lambda": -4.552839078295596, "log10_min_child_weight": 2.440746695255279, "log10_subsample": -0.09965060131121117, "max_depth": 6.0, "num_boost_round": 0.0}, "datetime": {"datetime": "2024-01-19 00:38:24", "elapsed": 1605.8867, "delta": 31.883484}}
{"target": -13.758552641275571, "params": {"gamma": 970.6246081172105, "log10_alpha": 0.068403537055155, "log10_colsample_bytree": -0.18665314264044863, "log10_eta": -3.2693491484113246, "log10_lambda": -4.552839078295596, "log10_min_child_weight": 2.440746695255279, "log10_subsample": -0.09965060131121117, "max_depth": 6.0, "num_boost_round": 1.0}, "datetime": {"datetime": "2024-01-19 00:38:24", "elapsed": 1605.889775, "delta": 0.003075}}
{"target": -13.758536291945283, "params": {"gamma": 970.6246081172105, "log10_alpha": 0.068403537055155, "log10_colsample_bytree": -0.18665314264044863, "log10_eta": -3.2693491484113246, "log10_lambda": -4.552839078295596, "log10_min_child_weight": 2.440746695255279, "log10_subsample": -0.09965060131121117, "max_depth": 6.0, "num_boost_round": 2.0}, "datetime": {"datetime": "2024-01-19 00:38:24", "elapsed": 1605.892476, "delta": 0.002701}}
{"target": -13.758521017353127, "params": {"gamma": 970.6246081172105, "log10_alpha": 0.068403537055155, "log10_colsample_bytree": -0.18665314264044863, "log10_eta": -3.2693491484113246, "log10_lambda": -4.552839078295596, "log10_min_child_weight": 2.440746695255279, "log10_subsample": -0.09965060131121117, "max_depth": 6.0, "num_boost_round": 3.0}, "datetime": {"datetime": "2024-01-19 00:38:24", "elapsed": 1605.894882, "delta": 0.002406}}
{"target": -13.758510426391197, "params": {"gamma": 970.6246081172105, "log10_alpha": 0.068403537055155, "log10_colsample_bytree": -0.18665314264044863, "log10_eta": -3.2693491484113246, "log10_lambda": -4.552839078295596, "log10_min_child_weight": 2.440746695255279, "log10_subsample": -0.09965060131121117, "max_depth": 6.0, "num_boost_round": 4.0}, "datetime": {"datetime": "2024-01-19 00:38:24", "elapsed": 1605.897402, "delta": 0.00252}}
{"target": -13.758498763980477, "params": {"gamma": 970.6246081172105, "log10_alpha": 0.068403537055155, "log10_colsample_bytree": -0.18665314264044863, "log10_eta": -3.2693491484113246, "log10_lambda": -4.552839078295596, "log10_min_child_weight": 2.440746695255279, "log10_subsample": -0.09965060131121117, "max_depth": 6.0, "num_boost_round": 5.0}, "datetime": {"datetime": "2024-01-19 00:38:24", "elapsed": 1605.899901, "delta": 0.002499}}
{"target": -13.758504150223073, "params": {"gamma": 970.6246081172105, "log10_alpha": 0.068403537055155, "log10_colsample_bytree": -0.18665314264044863, "log10_eta": -3.2693491484113246, "log10_lambda": -4.552839078295596, "log10_min_child_weight": 2.440746695255279, "log10_subsample": -0.09965060131121117, "max_depth": 6.0, "num_boost_round": 6.0}, "datetime": {"datetime": "2024-01-19 00:38:24", "elapsed": 1605.902306, "delta": 0.002405}}
{"target": -13.758509205054649, "params": {"gamma": 970.6246081172105, "log10_alpha": 0.068403537055155, "log10_colsample_bytree": -0.18665314264044863, "log10_eta": -3.2693491484113246, "log10_lambda": -4.552839078295596, "log10_min_child_weight": 2.440746695255279, "log10_subsample": -0.09965060131121117, "max_depth": 6.0, "num_boost_round": 7.0}, "datetime": {"datetime": "2024-01-19 00:38:24", "elapsed": 1605.904703, "delta": 0.002397}}
{"target": -13.75851200999881, "params": {"gamma": 970.6246081172105, "log10_alpha": 0.068403537055155, "log10_colsample_bytree": -0.18665314264044863, "log10_eta": -3.2693491484113246, "log10_lambda": -4.552839078295596, "log10_min_child_weight": 2.440746695255279, "log10_subsample": -0.09965060131121117, "max_depth": 6.0, "num_boost_round": 8.0}, "datetime": {"datetime": "2024-01-19 00:38:24", "elapsed": 1605.90723, "delta": 0.002527}}
{"target": -13.758511083290427, "params": {"gamma": 970.6246081172105, "log10_alpha": 0.068403537055155, "log10_colsample_bytree": -0.18665314264044863, "log10_eta": -3.2693491484113246, "log10_lambda": -4.552839078295596, "log10_min_child_weight": 2.440746695255279, "log10_subsample": -0.09965060131121117, "max_depth": 6.0, "num_boost_round": 9.0}, "datetime": {"datetime": "2024-01-19 00:38:24", "elapsed": 1605.909838, "delta": 0.002608}}
{"target": -13.758492546380626, "params": {"gamma": 970.6246081172105, "log10_alpha": 0.068403537055155, "log10_colsample_bytree": -0.18665314264044863, "log10_eta": -3.2693491484113246, "log10_lambda": -4.552839078295596, "log10_min_child_weight": 2.440746695255279, "log10_subsample": -0.09965060131121117, "max_depth": 6.0, "num_boost_round": 10.0}, "datetime": {"datetime": "2024-01-19 00:38:24", "elapsed": 1605.912345, "delta": 0.002507}}
{"target": -13.758482532801704, "params": {"gamma": 970.6246081172105, "log10_alpha": 0.068403537055155, "log10_colsample_bytree": -0.18665314264044863, "log10_eta": -3.2693491484113246, "log10_lambda": -4.552839078295596, "log10_min_child_weight": 2.440746695255279, "log10_subsample": -0.09965060131121117, "max_depth": 6.0, "num_boost_round": 11.0}, "datetime": {"datetime": "2024-01-19 00:38:24", "elapsed": 1605.914869, "delta": 0.002524}}
{"target": -13.758537200984655, "params": {"gamma": 988.7949341174166, "log10_alpha": 1.0, "log10_colsample_bytree": -1.0, "log10_eta": -3.0876840802777057, "log10_lambda": -4.421173311251758, "log10_min_child_weight": 4.553346371852305, "log10_subsample": 0.0, "max_depth": 2.0, "num_boost_round": 0.0}, "datetime": {"datetime": "2024-01-19 00:38:50", "elapsed": 1631.224707, "delta": 25.309838}}
{"target": -13.75853482698244, "params": {"gamma": 988.7949341174166, "log10_alpha": 1.0, "log10_colsample_bytree": -1.0, "log10_eta": -3.0876840802777057, "log10_lambda": -4.421173311251758, "log10_min_child_weight": 4.553346371852305, "log10_subsample": 0.0, "max_depth": 2.0, "num_boost_round": 1.0}, "datetime": {"datetime": "2024-01-19 00:38:50", "elapsed": 1631.22802, "delta": 0.003313}}
{"target": -13.758535445667619, "params": {"gamma": 988.7949341174166, "log10_alpha": 1.0, "log10_colsample_bytree": -1.0, "log10_eta": -3.0876840802777057, "log10_lambda": -4.421173311251758, "log10_min_child_weight": 4.553346371852305, "log10_subsample": 0.0, "max_depth": 2.0, "num_boost_round": 2.0}, "datetime": {"datetime": "2024-01-19 00:38:50", "elapsed": 1631.230782, "delta": 0.002762}}
{"target": -13.758536292780596, "params": {"gamma": 988.7949341174166, "log10_alpha": 1.0, "log10_colsample_bytree": -1.0, "log10_eta": -3.0876840802777057, "log10_lambda": -4.421173311251758, "log10_min_child_weight": 4.553346371852305, "log10_subsample": 0.0, "max_depth": 2.0, "num_boost_round": 3.0}, "datetime": {"datetime": "2024-01-19 00:38:50", "elapsed": 1631.233193, "delta": 0.002411}}
{"target": -13.758535164262561, "params": {"gamma": 988.7949341174166, "log10_alpha": 1.0, "log10_colsample_bytree": -1.0, "log10_eta": -3.0876840802777057, "log10_lambda": -4.421173311251758, "log10_min_child_weight": 4.553346371852305, "log10_subsample": 0.0, "max_depth": 2.0, "num_boost_round": 4.0}, "datetime": {"datetime": "2024-01-19 00:38:50", "elapsed": 1631.235694, "delta": 0.002501}}
{"target": -13.758535753668134, "params": {"gamma": 988.7949341174166, "log10_alpha": 1.0, "log10_colsample_bytree": -1.0, "log10_eta": -3.0876840802777057, "log10_lambda": -4.421173311251758, "log10_min_child_weight": 4.553346371852305, "log10_subsample": 0.0, "max_depth": 2.0, "num_boost_round": 5.0}, "datetime": {"datetime": "2024-01-19 00:38:50", "elapsed": 1631.238174, "delta": 0.00248}}
{"target": -13.758535639619389, "params": {"gamma": 988.7949341174166, "log10_alpha": 1.0, "log10_colsample_bytree": -1.0, "log10_eta": -3.0876840802777057, "log10_lambda": -4.421173311251758, "log10_min_child_weight": 4.553346371852305, "log10_subsample": 0.0, "max_depth": 2.0, "num_boost_round": 6.0}, "datetime": {"datetime": "2024-01-19 00:38:50", "elapsed": 1631.240547, "delta": 0.002373}}
{"target": -13.75853319657548, "params": {"gamma": 988.7949341174166, "log10_alpha": 1.0, "log10_colsample_bytree": -1.0, "log10_eta": -3.0876840802777057, "log10_lambda": -4.421173311251758, "log10_min_child_weight": 4.553346371852305, "log10_subsample": 0.0, "max_depth": 2.0, "num_boost_round": 7.0}, "datetime": {"datetime": "2024-01-19 00:38:50", "elapsed": 1631.242958, "delta": 0.002411}}
{"target": -13.758540312955672, "params": {"gamma": 988.7949341174166, "log10_alpha": 1.0, "log10_colsample_bytree": -1.0, "log10_eta": -3.0876840802777057, "log10_lambda": -4.421173311251758, "log10_min_child_weight": 4.553346371852305, "log10_subsample": 0.0, "max_depth": 2.0, "num_boost_round": 8.0}, "datetime": {"datetime": "2024-01-19 00:38:50", "elapsed": 1631.245339, "delta": 0.002381}}
