{"target": -13.758475827902258, "params": {"gamma": 553.6656638028435, "log10_alpha": -4.897570910633274, "log10_colsample_bytree": -0.01683654011653446, "log10_eta": -3.105923643455316, "log10_lambda": -1.5199351527251839, "log10_min_child_weight": 3.5196667381517655, "log10_subsample": -0.15476797897101002, "max_depth": 6.0, "num_boost_round": 12.0}, "datetime": {"datetime": "2024-01-19 00:15:35", "elapsed": 188.328549, "delta": 0.000645}}
{"target": -13.75846848085736, "params": {"gamma": 553.6656638028435, "log10_alpha": -4.897570910633274, "log10_colsample_bytree": -0.01683654011653446, "log10_eta": -3.105923643455316, "log10_lambda": -1.5199351527251839, "log10_min_child_weight": 3.5196667381517655, "log10_subsample": -0.15476797897101002, "max_depth": 6.0, "num_boost_round": 13.0}, "datetime": {"datetime": "2024-01-19 00:15:35", "elapsed": 188.329247, "delta": 0.000698}}
{"target": -13.758465545273967, "params": {"gamma": 553.6656638028435, "log10_alpha": -4.897570910633274, "log10_colsample_bytree": -0.01683654011653446, "log10_eta": -3.105923643455316, "log10_lambda": -1.5199351527251839, "log10_min_child_weight": 3.5196667381517655, "log10_subsample": -0.15476797897101002, "max_depth": 6.0, "num_boost_round": 14.0}, "datetime": {"datetime": "2024-01-19 00:15:35", "elapsed": 188.329838, "delta": 0.000591}}
{"target": -13.758439362158658, "params": {"gamma": 553.6656638028435, "log10_alpha": -4.897570910633274, "log10_colsample_bytree": -0.01683654011653446, "log10_eta": -3.105923643455316, "log10_lambda": -1.5199351527251839, "log10_min_child_weight": 3.5196667381517655, "log10_subsample": -0.15476797897101002, "max_depth": 6.0, "num_boost_round": 15.0}, "datetime": {"datetime": "2024-01-19 00:15:35", "elapsed": 188.330487, "delta": 0.000649}}
{"target": -13.758436869988675, "params": {"gamma": 553.6656638028435, "log10_alpha": -4.897570910633274, "log10_colsample_bytree": -0.01683654011653446, "log10_eta": -3.105923643455316, "log10_lambda": -1.5199351527251839, "log10_min_child_weight": 3.5196667381517655, "log10_subsample": -0.15476797897101002, "max_depth": 6.0, "num_boost_round": 16.0}, "datetime": {"datetime": "2024-01-19 00:15:35", "elapsed": 188.331134, "delta": 0.000647}}
{"target": -13.758434049158854, "params": {"gamma": 553.6656638028435, "log10_alpha": -4.897570910633274, "log10_colsample_bytree": -0.01683654011653446, "log10_eta": -3.105923643455316, "log10_lambda": -1.5199351527251839, "log10_min_child_weight": 3.5196667381517655, "log10_subsample": -0.15476797897101002, "max_depth": 6.0, "num_boost_round": 17.0}, "datetime": {"datetime": "2024-01-19 00:15:35", "elapsed": 188.331793, "delta": 0.000659}}
{"target": -13.758439911929477, "params": {"gamma": 553.6656638028435, "log10_alpha": -4.897570910633274, "log10_colsample_bytree": -0.01683654011653446, "log10_eta": -3.105923643455316, "log10_lambda": -1.5199351527251839, "log10_min_child_weight": 3.5196667381517655, "log10_subsample": -0.15476797897101002, "max_depth": 6.0, "num_boost_round": 18.0}, "datetime": {"datetime": "2024-01-19 00:15:35", "elapsed": 188.332667, "delta": 0.000874}}
{"target": -13.758170041678675, "params": {"gamma": 557.2134058059489, "log10_alpha": 0.42199043223823285, "log10_colsample_bytree": -0.22335993069829974, "log10_eta": -0.7869353447232061, "log10_lambda": -1.2653132904607696, "log10_min_child_weight": 4.712302634310993, "log10_subsample": -0.7608907423430067, "max_depth": 8.0, "num_boost_round": 0.0}, "datetime": {"datetime": "2024-01-19 00:16:00", "elapsed": 213.202267, "delta": 24.8696}}
{"target": -13.758263999737324, "params": {"gamma": 557.2134058059489, "log10_alpha": 0.42199043223823285, "log10_colsample_bytree": -0.22335993069829974, "log10_eta": -0.7869353447232061, "log10_lambda": -1.2653132904607696, "log10_min_child_weight": 4.712302634310993, "log10_subsample": -0.7608907423430067, "max_depth": 8.0, "num_boost_round": 1.0}, "datetime": {"datetime": "2024-01-19 00:16:00", "elapsed": 213.203134, "delta": 0.000867}}
{"target": -13.758701152888102, "params": {"gamma": 557.2134058059489, "log10_alpha": 0.42199043223823285, "log10_colsample_bytree": -0.22335993069829974, "log10_eta": -0.7869353447232061, "log10_lambda": -1.2653132904607696, "log10_min_child_weight": 4.712302634310993, "log10_subsample": -0.7608907423430067, "max_depth": 8.0, "num_boost_round": 2.0}, "datetime": {"datetime": "2024-01-19 00:16:00", "elapsed": 213.204686, "delta": 0.001552}}
{"target": -13.758999158741274, "params": {"gamma": 557.2134058059489, "log10_alpha": 0.42199043223823285, "log10_colsample_bytree": -0.22335993069829974, "log10_eta": -0.7869353447232061, "log10_lambda": -1.2653132904607696, "log10_min_child_weight": 4.712302634310993, "log10_subsample": -0.7608907423430067, "max_depth": 8.0, "num_boost_round": 3.0}, "datetime": {"datetime": "2024-01-19 00:16:00", "elapsed": 213.205569, "delta": 0.000883}}
{"target": -13.759318414460193, "params": {"gamma": 557.2134058059489, "log10_alpha": 0.42199043223823285, "log10_colsample_bytree": -0.22335993069829974, "log10_eta": -0.7869353447232061, "log10_lambda": -1.2653132904607696, "log10_min_child_weight": 4.712302634310993, "log10_subsample": -0.7608907423430067, "max_depth": 8.0, "num_boost_round": 4.0}, "datetime": {"datetime": "2024-01-19 00:16:00", "elapsed": 213.20619, "delta": 0.000621}}
{"target": -13.759804405362758, "params": {"gamma": 557.2134058059489, "log10_alpha": 0.42199043223823285, "log10_colsample_bytree": -0.22335993069829974, "log10_eta": -0.7869353447232061, "log10_lambda": -1.2653132904607696, "log10_min_child_weight": 4.712302634310993, "log10_subsample": -0.7608907423430067, "max_depth": 8.0, "num_boost_round": 5.0}, "datetime": {"datetime": "2024-01-19 00:16:00", "elapsed": 213.20685, "delta": 0.00066}}
{"target": -13.760260147625461, "params": {"gamma": 557.2134058059489, "log10_alpha": 0.42199043223823285, "log10_colsample_bytree": -0.22335993069829974, "log10_eta": -0.7869353447232061, "log10_lambda": -1.2653132904607696, "log10_min_child_weight": 4.712302634310993, "log10_subsample": -0.7608907423430067, "max_depth": 8.0, "num_boost_round": 6.0}, "datetime": {"datetime": "2024-01-19 00:16:00", "elapsed": 213.207524, "delta": 0.000674}}
{"target": -13.761140036346047, "params": {"gamma": 557.2134058059489, "log10_alpha": 0.42199043223823285, "log10_colsample_bytree": -0.22335993069829974, "log10_eta": -0.7869353447232061, "log10_lambda": -1.2653132904607696, "log10_min_child_weight": 4.712302634310993, "log10_subsample": -0.7608907423430067, "max_depth": 8.0, "num_boost_round": 7.0}, "datetime": {"datetime": "2024-01-19 00:16:00", "elapsed": 213.2083, "delta": 0.000776}}
{"target": -13.76275959617014, "params": {"gamma": 557.2134058059489, "log10_alpha": 0.42199043223823285, "log10_colsample_bytree": -0.22335993069829974, "log10_eta": -0.7869353447232061, "log10_lambda": -1.2653132904607696, "log10_min_child_weight": 4.712302634310993, "log10_subsample": -0.7608907423430067, "max_depth": 8.0, "num_boost_round": 8.0}, "datetime": {"datetime": "2024-01-19 00:16:00", "elapsed": 213.208903, "delta": 0.000603}}
{"target": -13.763073257889218, "params": {"gamma": 557.2134058059489, "log10_alpha": 0.42199043223823285, "log10_colsample_bytree": -0.22335993069829974, "log10_eta": -0.7869353447232061, "log10_lambda": -1.2653132904607696, "log10_min_child_weight": 4.712302634310993, "log10_subsample": -0.7608907423430067, "max_depth": 8.0, "num_boost_round": 9.0}, "datetime": {"datetime": "2024-01-19 00:16:00", "elapsed": 213.209582, "delta": 0.000679}}
{"target": -13.76272820646909, "params": {"gamma": 557.2134058059489, "log10_alpha": 0.42199043223823285, "log10_colsample_bytree": -0.22335993069829974, "log10_eta": -0.7869353447232061, "log10_lambda": -1.2653132904607696, "log10_min_child_weight": 4.712302634310993, "log10_subsample": -0.7608907423430067, "max_depth": 8.0, "num_boost_round": 10.0}, "datetime": {"datetime": "2024-01-19 00:16:00", "elapsed": 213.210271, "delta": 0.000689}}
{"target": -13.763432007516494, "params": {"gamma": 557.2134058059489, "log10_alpha": 0.42199043223823285, "log10_colsample_bytree": -0.22335993069829974, "log10_eta": -0.7869353447232061, "log10_lambda": -1.2653132904607696, "log10_min_child_weight": 4.712302634310993, "log10_subsample": -0.7608907423430067, "max_depth": 8.0, "num_boost_round": 11.0}, "datetime": {"datetime": "2024-01-19 00:16:00", "elapsed": 213.210974, "delta": 0.000703}}
{"target": -13.76420951435923, "params": {"gamma": 557.2134058059489, "log10_alpha": 0.42199043223823285, "log10_colsample_bytree": -0.22335993069829974, "log10_eta": -0.7869353447232061, "log10_lambda": -1.2653132904607696, "log10_min_child_weight": 4.712302634310993, "log10_subsample": -0.7608907423430067, "max_depth": 8.0, "num_boost_round": 12.0}, "datetime": {"datetime": "2024-01-19 00:16:00", "elapsed": 213.211702, "delta": 0.000728}}
{"target": -13.765024181359165, "params": {"gamma": 557.2134058059489, "log10_alpha": 0.42199043223823285, "log10_colsample_bytree": -0.22335993069829974, "log10_eta": -0.7869353447232061, "log10_lambda": -1.2653132904607696, "log10_min_child_weight": 4.712302634310993, "log10_subsample": -0.7608907423430067, "max_depth": 8.0, "num_boost_round": 13.0}, "datetime": {"datetime": "2024-01-19 00:16:00", "elapsed": 213.212311, "delta": 0.000609}}
{"target": -13.76478168436452, "params": {"gamma": 557.2134058059489, "log10_alpha": 0.42199043223823285, "log10_colsample_bytree": -0.22335993069829974, "log10_eta": -0.7869353447232061, "log10_lambda": -1.2653132904607696, "log10_min_child_weight": 4.712302634310993, "log10_subsample": -0.7608907423430067, "max_depth": 8.0, "num_boost_round": 14.0}, "datetime": {"datetime": "2024-01-19 00:16:00", "elapsed": 213.213137, "delta": 0.000826}}
{"target": -13.7648143781927, "params": {"gamma": 557.2134058059489, "log10_alpha": 0.42199043223823285, "log10_colsample_bytree": -0.22335993069829974, "log10_eta": -0.7869353447232061, "log10_lambda": -1.2653132904607696, "log10_min_child_weight": 4.712302634310993, "log10_subsample": -0.7608907423430067, "max_depth": 8.0, "num_boost_round": 15.0}, "datetime": {"datetime": "2024-01-19 00:16:00", "elapsed": 213.213838, "delta": 0.000701}}
{"target": -13.765603087260933, "params": {"gamma": 557.2134058059489, "log10_alpha": 0.42199043223823285, "log10_colsample_bytree": -0.22335993069829974, "log10_eta": -0.7869353447232061, "log10_lambda": -1.2653132904607696, "log10_min_child_weight": 4.712302634310993, "log10_subsample": -0.7608907423430067, "max_depth": 8.0, "num_boost_round": 16.0}, "datetime": {"datetime": "2024-01-19 00:16:00", "elapsed": 213.214538, "delta": 0.0007}}
{"target": -13.767000734543695, "params": {"gamma": 557.2134058059489, "log10_alpha": 0.42199043223823285, "log10_colsample_bytree": -0.22335993069829974, "log10_eta": -0.7869353447232061, "log10_lambda": -1.2653132904607696, "log10_min_child_weight": 4.712302634310993, "log10_subsample": -0.7608907423430067, "max_depth": 8.0, "num_boost_round": 17.0}, "datetime": {"datetime": "2024-01-19 00:16:00", "elapsed": 213.21523, "delta": 0.000692}}
{"target": -13.767527503363828, "params": {"gamma": 557.2134058059489, "log10_alpha": 0.42199043223823285, "log10_colsample_bytree": -0.22335993069829974, "log10_eta": -0.7869353447232061, "log10_lambda": -1.2653132904607696, "log10_min_child_weight": 4.712302634310993, "log10_subsample": -0.7608907423430067, "max_depth": 8.0, "num_boost_round": 18.0}, "datetime": {"datetime": "2024-01-19 00:16:00", "elapsed": 213.215929, "delta": 0.000699}}
{"target": -13.767403517765526, "params": {"gamma": 557.2134058059489, "log10_alpha": 0.42199043223823285, "log10_colsample_bytree": -0.22335993069829974, "log10_eta": -0.7869353447232061, "log10_lambda": -1.2653132904607696, "log10_min_child_weight": 4.712302634310993, "log10_subsample": -0.7608907423430067, "max_depth": 8.0, "num_boost_round": 19.0}, "datetime": {"datetime": "2024-01-19 00:16:00", "elapsed": 213.216539, "delta": 0.00061}}
{"target": -13.767693632532374, "params": {"gamma": 557.2134058059489, "log10_alpha": 0.42199043223823285, "log10_colsample_bytree": -0.22335993069829974, "log10_eta": -0.7869353447232061, "log10_lambda": -1.2653132904607696, "log10_min_child_weight": 4.712302634310993, "log10_subsample": -0.7608907423430067, "max_depth": 8.0, "num_boost_round": 20.0}, "datetime": {"datetime": "2024-01-19 00:16:00", "elapsed": 213.217211, "delta": 0.000672}}
{"target": -13.767811179094506, "params": {"gamma": 557.2134058059489, "log10_alpha": 0.42199043223823285, "log10_colsample_bytree": -0.22335993069829974, "log10_eta": -0.7869353447232061, "log10_lambda": -1.2653132904607696, "log10_min_child_weight": 4.712302634310993, "log10_subsample": -0.7608907423430067, "max_depth": 8.0, "num_boost_round": 21.0}, "datetime": {"datetime": "2024-01-19 00:16:00", "elapsed": 213.217829, "delta": 0.000618}}
{"target": -13.758529032807328, "params": {"gamma": 550.694414229147, "log10_alpha": -4.739332179538086, "log10_colsample_bytree": -0.3509570208578412, "log10_eta": -2.7140838283179405, "log10_lambda": -3.811170594477121, "log10_min_child_weight": 2.0098978708909927, "log10_subsample": -0.4723519371779995, "max_depth": 9.0, "num_boost_round": 0.0}, "datetime": {"datetime": "2024-01-19 00:16:30", "elapsed": 242.683343, "delta": 29.465514}}
{"target": -13.758520421375168, "params": {"gamma": 550.694414229147, "log10_alpha": -4.739332179538086, "log10_colsample_bytree": -0.3509570208578412, "log10_eta": -2.7140838283179405, "log10_lambda": -3.811170594477121, "log10_min_child_weight": 2.0098978708909927, "log10_subsample": -0.4723519371779995, "max_depth": 9.0, "num_boost_round": 1.0}, "datetime": {"datetime": "2024-01-19 00:16:30", "elapsed": 242.684604, "delta": 0.001261}}
{"target": -13.758482247686388, "params": {"gamma": 550.694414229147, "log10_alpha": -4.739332179538086, "log10_colsample_bytree": -0.3509570208578412, "log10_eta": -2.7140838283179405, "log10_lambda": -3.811170594477121, "log10_min_child_weight": 2.0098978708909927, "log10_subsample": -0.4723519371779995, "max_depth": 9.0, "num_boost_round": 2.0}, "datetime": {"datetime": "2024-01-19 00:16:30", "elapsed": 242.68535, "delta": 0.000746}}
{"target": -13.758382608010361, "params": {"gamma": 550.694414229147, "log10_alpha": -4.739332179538086, "log10_colsample_bytree": -0.3509570208578412, "log10_eta": -2.7140838283179405, "log10_lambda": -3.811170594477121, "log10_min_child_weight": 2.0098978708909927, "log10_subsample": -0.4723519371779995, "max_depth": 9.0, "num_boost_round": 3.0}, "datetime": {"datetime": "2024-01-19 00:16:30", "elapsed": 242.686076, "delta": 0.000726}}
{"target": -13.758349098431744, "params": {"gamma": 550.694414229147, "log10_alpha": -4.739332179538086, "log10_colsample_bytree": -0.3509570208578412, "log10_eta": -2.7140838283179405, "log10_lambda": -3.811170594477121, "log10_min_child_weight": 2.0098978708909927, "log10_subsample": -0.4723519371779995, "max_depth": 9.0, "num_boost_round": 4.0}, "datetime": {"datetime": "2024-01-19 00:16:30", "elapsed": 242.6868, "delta": 0.000724}}
{"target": -13.75835770069725, "params": {"gamma": 550.694414229147, "log10_alpha": -4.739332179538086, "log10_colsample_bytree": -0.3509570208578412, "log10_eta": -2.7140838283179405, "log10_lambda": -3.811170594477121, "log10_min_child_weight": 2.0098978708909927, "log10_subsample": -0.4723519371779995, "max_depth": 9.0, "num_boost_round": 5.0}, "datetime": {"datetime": "2024-01-19 00:16:30", "elapsed": 242.687651, "delta": 0.000851}}
{"target": -13.758272902838357, "params": {"gamma": 550.694414229147, "log10_alpha": -4.739332179538086, "log10_colsample_bytree": -0.3509570208578412, "log10_eta": -2.7140838283179405, "log10_lambda": -3.811170594477121, "log10_min_child_weight": 2.0098978708909927, "log10_subsample": -0.4723519371779995, "max_depth": 9.0, "num_boost_round": 6.0}, "datetime": {"datetime": "2024-01-19 00:16:30", "elapsed": 242.688313, "delta": 0.000662}}
{"target": -13.758258385570208, "params": {"gamma": 550.694414229147, "log10_alpha": -4.739332179538086, "log10_colsample_bytree": -0.3509570208578412, "log10_eta": -2.7140838283179405, "log10_lambda": -3.811170594477121, "log10_min_child_weight": 2.0098978708909927, "log10_subsample": -0.4723519371779995, "max_depth": 9.0, "num_boost_round": 7.0}, "datetime": {"datetime": "2024-01-19 00:16:30", "elapsed": 242.689004, "delta": 0.000691}}
{"target": -13.758195968107568, "params": {"gamma": 550.694414229147, "log10_alpha": -4.739332179538086, "log10_colsample_bytree": -0.3509570208578412, "log10_eta": -2.7140838283179405, "log10_lambda": -3.811170594477121, "log10_min_child_weight": 2.0098978708909927, "log10_subsample": -0.4723519371779995, "max_depth": 9.0, "num_boost_round": 8.0}, "datetime": {"datetime": "2024-01-19 00:16:30", "elapsed": 242.689729, "delta": 0.000725}}
{"target": -13.758100550842585, "params": {"gamma": 550.694414229147, "log10_alpha": -4.739332179538086, "log10_colsample_bytree": -0.3509570208578412, "log10_eta": -2.7140838283179405, "log10_lambda": -3.811170594477121, "log10_min_child_weight": 2.0098978708909927, "log10_subsample": -0.4723519371779995, "max_depth": 9.0, "num_boost_round": 9.0}, "datetime": {"datetime": "2024-01-19 00:16:30", "elapsed": 242.690447, "delta": 0.000718}}
{"target": -13.758014314672515, "params": {"gamma": 550.694414229147, "log10_alpha": -4.739332179538086, "log10_colsample_bytree": -0.3509570208578412, "log10_eta": -2.7140838283179405, "log10_lambda": -3.811170594477121, "log10_min_child_weight": 2.0098978708909927, "log10_subsample": -0.4723519371779995, "max_depth": 9.0, "num_boost_round": 10.0}, "datetime": {"datetime": "2024-01-19 00:16:30", "elapsed": 242.691169, "delta": 0.000722}}
{"target": -13.757915562530398, "params": {"gamma": 550.694414229147, "log10_alpha": -4.739332179538086, "log10_colsample_bytree": -0.3509570208578412, "log10_eta": -2.7140838283179405, "log10_lambda": -3.811170594477121, "log10_min_child_weight": 2.0098978708909927, "log10_subsample": -0.4723519371779995, "max_depth": 9.0, "num_boost_round": 11.0}, "datetime": {"datetime": "2024-01-19 00:16:30", "elapsed": 242.69211, "delta": 0.000941}}
{"target": -13.75798101853943, "params": {"gamma": 550.694414229147, "log10_alpha": -4.739332179538086, "log10_colsample_bytree": -0.3509570208578412, "log10_eta": -2.7140838283179405, "log10_lambda": -3.811170594477121, "log10_min_child_weight": 2.0098978708909927, "log10_subsample": -0.4723519371779995, "max_depth": 9.0, "num_boost_round": 12.0}, "datetime": {"datetime": "2024-01-19 00:16:30", "elapsed": 242.694025, "delta": 0.001915}}
{"target": -13.75799756572268, "params": {"gamma": 550.694414229147, "log10_alpha": -4.739332179538086, "log10_colsample_bytree": -0.3509570208578412, "log10_eta": -2.7140838283179405, "log10_lambda": -3.811170594477121, "log10_min_child_weight": 2.0098978708909927, "log10_subsample": -0.4723519371779995, "max_depth": 9.0, "num_boost_round": 13.0}, "datetime": {"datetime": "2024-01-19 00:16:30", "elapsed": 242.69494, "delta": 0.000915}}
{"target": -13.757994866080974, "params": {"gamma": 550.694414229147, "log10_alpha": -4.739332179538086, "log10_colsample_bytree": -0.3509570208578412, "log10_eta": -2.7140838283179405, "log10_lambda": -3.811170594477121, "log10_min_child_weight": 2.0098978708909927, "log10_subsample": -0.4723519371779995, "max_depth": 9.0, "num_boost_round": 14.0}, "datetime": {"datetime": "2024-01-19 00:16:30", "elapsed": 242.695777, "delta": 0.000837}}
{"target": -13.757911647298524, "params": {"gamma": 550.694414229147, "log10_alpha": -4.739332179538086, "log10_colsample_bytree": -0.3509570208578412, "log10_eta": -2.7140838283179405, "log10_lambda": -3.811170594477121, "log10_min_child_weight": 2.0098978708909927, "log10_subsample": -0.4723519371779995, "max_depth": 9.0, "num_boost_round": 15.0}, "datetime": {"datetime": "2024-01-19 00:16:30", "elapsed": 242.696621, "delta": 0.000844}}
{"target": -13.757835476262494, "params": {"gamma": 550.694414229147, "log10_alpha": -4.739332179538086, "log10_colsample_bytree": -0.3509570208578412, "log10_eta": -2.7140838283179405, "log10_lambda": -3.811170594477121, "log10_min_child_weight": 2.0098978708909927, "log10_subsample": -0.4723519371779995, "max_depth": 9.0, "num_boost_round": 16.0}, "datetime": {"datetime": "2024-01-19 00:16:30", "elapsed": 242.697382, "delta": 0.000761}}
{"target": -13.75784744478769, "params": {"gamma": 550.694414229147, "log10_alpha": -4.739332179538086, "log10_colsample_bytree": -0.3509570208578412, "log10_eta": -2.7140838283179405, "log10_lambda": -3.811170594477121, "log10_min_child_weight": 2.0098978708909927, "log10_subsample": -0.4723519371779995, "max_depth": 9.0, "num_boost_round": 17.0}, "datetime": {"datetime": "2024-01-19 00:16:30", "elapsed": 242.698142, "delta": 0.00076}}
{"target": -13.75780865864995, "params": {"gamma": 550.694414229147, "log10_alpha": -4.739332179538086, "log10_colsample_bytree": -0.3509570208578412, "log10_eta": -2.7140838283179405, "log10_lambda": -3.811170594477121, "log10_min_child_weight": 2.0098978708909927, "log10_subsample": -0.4723519371779995, "max_depth": 9.0, "num_boost_round": 18.0}, "datetime": {"datetime": "2024-01-19 00:16:30", "elapsed": 242.698912, "delta": 0.00077}}
{"target": -13.757730525588043, "params": {"gamma": 550.694414229147, "log10_alpha": -4.739332179538086, "log10_colsample_bytree": -0.3509570208578412, "log10_eta": -2.7140838283179405, "log10_lambda": -3.811170594477121, "log10_min_child_weight": 2.0098978708909927, "log10_subsample": -0.4723519371779995, "max_depth": 9.0, "num_boost_round": 19.0}, "datetime": {"datetime": "2024-01-19 00:16:30", "elapsed": 242.699688, "delta": 0.000776}}
