{"target": -17.677190435980478, "params": {"gamma": 717.5464308550695, "log10_alpha": -0.7925850214824663, "log10_colsample_bytree": -0.267730406836847, "log10_eta": -3.960522430741021, "log10_lambda": -0.7768421230491676, "log10_min_child_weight": 1.7159392241254707, "log10_subsample": -0.8364920935283989, "max_depth": 3.0, "num_boost_round": 15.0}, "datetime": {"datetime": "2024-01-19 01:03:14", "elapsed": 3101.520678, "delta": 0.003934}}
{"target": -17.677183988347732, "params": {"gamma": 717.5464308550695, "log10_alpha": -0.7925850214824663, "log10_colsample_bytree": -0.267730406836847, "log10_eta": -3.960522430741021, "log10_lambda": -0.7768421230491676, "log10_min_child_weight": 1.7159392241254707, "log10_subsample": -0.8364920935283989, "max_depth": 3.0, "num_boost_round": 16.0}, "datetime": {"datetime": "2024-01-19 01:03:14", "elapsed": 3101.524607, "delta": 0.003929}}
{"target": -17.67718211566156, "params": {"gamma": 717.5464308550695, "log10_alpha": -0.7925850214824663, "log10_colsample_bytree": -0.267730406836847, "log10_eta": -3.960522430741021, "log10_lambda": -0.7768421230491676, "log10_min_child_weight": 1.7159392241254707, "log10_subsample": -0.8364920935283989, "max_depth": 3.0, "num_boost_round": 17.0}, "datetime": {"datetime": "2024-01-19 01:03:14", "elapsed": 3101.528623, "delta": 0.004016}}
{"target": -17.677181455665817, "params": {"gamma": 717.5464308550695, "log10_alpha": -0.7925850214824663, "log10_colsample_bytree": -0.267730406836847, "log10_eta": -3.960522430741021, "log10_lambda": -0.7768421230491676, "log10_min_child_weight": 1.7159392241254707, "log10_subsample": -0.8364920935283989, "max_depth": 3.0, "num_boost_round": 18.0}, "datetime": {"datetime": "2024-01-19 01:03:14", "elapsed": 3101.532523, "delta": 0.0039}}
{"target": -17.67717652334276, "params": {"gamma": 717.5464308550695, "log10_alpha": -0.7925850214824663, "log10_colsample_bytree": -0.267730406836847, "log10_eta": -3.960522430741021, "log10_lambda": -0.7768421230491676, "log10_min_child_weight": 1.7159392241254707, "log10_subsample": -0.8364920935283989, "max_depth": 3.0, "num_boost_round": 19.0}, "datetime": {"datetime": "2024-01-19 01:03:14", "elapsed": 3101.536467, "delta": 0.003944}}
{"target": -17.677174410290046, "params": {"gamma": 717.5464308550695, "log10_alpha": -0.7925850214824663, "log10_colsample_bytree": -0.267730406836847, "log10_eta": -3.960522430741021, "log10_lambda": -0.7768421230491676, "log10_min_child_weight": 1.7159392241254707, "log10_subsample": -0.8364920935283989, "max_depth": 3.0, "num_boost_round": 20.0}, "datetime": {"datetime": "2024-01-19 01:03:14", "elapsed": 3101.540342, "delta": 0.003875}}
{"target": -17.67717028901769, "params": {"gamma": 717.5464308550695, "log10_alpha": -0.7925850214824663, "log10_colsample_bytree": -0.267730406836847, "log10_eta": -3.960522430741021, "log10_lambda": -0.7768421230491676, "log10_min_child_weight": 1.7159392241254707, "log10_subsample": -0.8364920935283989, "max_depth": 3.0, "num_boost_round": 21.0}, "datetime": {"datetime": "2024-01-19 01:03:14", "elapsed": 3101.544237, "delta": 0.003895}}
{"target": -17.677163387286612, "params": {"gamma": 717.5464308550695, "log10_alpha": -0.7925850214824663, "log10_colsample_bytree": -0.267730406836847, "log10_eta": -3.960522430741021, "log10_lambda": -0.7768421230491676, "log10_min_child_weight": 1.7159392241254707, "log10_subsample": -0.8364920935283989, "max_depth": 3.0, "num_boost_round": 22.0}, "datetime": {"datetime": "2024-01-19 01:03:14", "elapsed": 3101.54811, "delta": 0.003873}}
{"target": -17.677159584776856, "params": {"gamma": 717.5464308550695, "log10_alpha": -0.7925850214824663, "log10_colsample_bytree": -0.267730406836847, "log10_eta": -3.960522430741021, "log10_lambda": -0.7768421230491676, "log10_min_child_weight": 1.7159392241254707, "log10_subsample": -0.8364920935283989, "max_depth": 3.0, "num_boost_round": 23.0}, "datetime": {"datetime": "2024-01-19 01:03:14", "elapsed": 3101.55202, "delta": 0.00391}}
{"target": -17.677154302243885, "params": {"gamma": 717.5464308550695, "log10_alpha": -0.7925850214824663, "log10_colsample_bytree": -0.267730406836847, "log10_eta": -3.960522430741021, "log10_lambda": -0.7768421230491676, "log10_min_child_weight": 1.7159392241254707, "log10_subsample": -0.8364920935283989, "max_depth": 3.0, "num_boost_round": 24.0}, "datetime": {"datetime": "2024-01-19 01:03:14", "elapsed": 3101.556018, "delta": 0.003998}}
{"target": -17.677150100481562, "params": {"gamma": 717.5464308550695, "log10_alpha": -0.7925850214824663, "log10_colsample_bytree": -0.267730406836847, "log10_eta": -3.960522430741021, "log10_lambda": -0.7768421230491676, "log10_min_child_weight": 1.7159392241254707, "log10_subsample": -0.8364920935283989, "max_depth": 3.0, "num_boost_round": 25.0}, "datetime": {"datetime": "2024-01-19 01:03:14", "elapsed": 3101.560002, "delta": 0.003984}}
{"target": -17.67714701896534, "params": {"gamma": 717.5464308550695, "log10_alpha": -0.7925850214824663, "log10_colsample_bytree": -0.267730406836847, "log10_eta": -3.960522430741021, "log10_lambda": -0.7768421230491676, "log10_min_child_weight": 1.7159392241254707, "log10_subsample": -0.8364920935283989, "max_depth": 3.0, "num_boost_round": 26.0}, "datetime": {"datetime": "2024-01-19 01:03:14", "elapsed": 3101.563856, "delta": 0.003854}}
{"target": -17.677143934342997, "params": {"gamma": 717.5464308550695, "log10_alpha": -0.7925850214824663, "log10_colsample_bytree": -0.267730406836847, "log10_eta": -3.960522430741021, "log10_lambda": -0.7768421230491676, "log10_min_child_weight": 1.7159392241254707, "log10_subsample": -0.8364920935283989, "max_depth": 3.0, "num_boost_round": 27.0}, "datetime": {"datetime": "2024-01-19 01:03:14", "elapsed": 3101.567771, "delta": 0.003915}}
{"target": -17.677140738872296, "params": {"gamma": 717.5464308550695, "log10_alpha": -0.7925850214824663, "log10_colsample_bytree": -0.267730406836847, "log10_eta": -3.960522430741021, "log10_lambda": -0.7768421230491676, "log10_min_child_weight": 1.7159392241254707, "log10_subsample": -0.8364920935283989, "max_depth": 3.0, "num_boost_round": 28.0}, "datetime": {"datetime": "2024-01-19 01:03:14", "elapsed": 3101.571623, "delta": 0.003852}}
{"target": -17.67713799471078, "params": {"gamma": 717.5464308550695, "log10_alpha": -0.7925850214824663, "log10_colsample_bytree": -0.267730406836847, "log10_eta": -3.960522430741021, "log10_lambda": -0.7768421230491676, "log10_min_child_weight": 1.7159392241254707, "log10_subsample": -0.8364920935283989, "max_depth": 3.0, "num_boost_round": 29.0}, "datetime": {"datetime": "2024-01-19 01:03:14", "elapsed": 3101.576451, "delta": 0.004828}}
{"target": -17.67713417556703, "params": {"gamma": 717.5464308550695, "log10_alpha": -0.7925850214824663, "log10_colsample_bytree": -0.267730406836847, "log10_eta": -3.960522430741021, "log10_lambda": -0.7768421230491676, "log10_min_child_weight": 1.7159392241254707, "log10_subsample": -0.8364920935283989, "max_depth": 3.0, "num_boost_round": 30.0}, "datetime": {"datetime": "2024-01-19 01:03:14", "elapsed": 3101.580606, "delta": 0.004155}}
{"target": -17.677129623142417, "params": {"gamma": 717.5464308550695, "log10_alpha": -0.7925850214824663, "log10_colsample_bytree": -0.267730406836847, "log10_eta": -3.960522430741021, "log10_lambda": -0.7768421230491676, "log10_min_child_weight": 1.7159392241254707, "log10_subsample": -0.8364920935283989, "max_depth": 3.0, "num_boost_round": 31.0}, "datetime": {"datetime": "2024-01-19 01:03:14", "elapsed": 3101.584628, "delta": 0.004022}}
{"target": -17.677129046072093, "params": {"gamma": 717.5464308550695, "log10_alpha": -0.7925850214824663, "log10_colsample_bytree": -0.267730406836847, "log10_eta": -3.960522430741021, "log10_lambda": -0.7768421230491676, "log10_min_child_weight": 1.7159392241254707, "log10_subsample": -0.8364920935283989, "max_depth": 3.0, "num_boost_round": 32.0}, "datetime": {"datetime": "2024-01-19 01:03:14", "elapsed": 3101.588467, "delta": 0.003839}}
{"target": -17.67712362833707, "params": {"gamma": 717.5464308550695, "log10_alpha": -0.7925850214824663, "log10_colsample_bytree": -0.267730406836847, "log10_eta": -3.960522430741021, "log10_lambda": -0.7768421230491676, "log10_min_child_weight": 1.7159392241254707, "log10_subsample": -0.8364920935283989, "max_depth": 3.0, "num_boost_round": 33.0}, "datetime": {"datetime": "2024-01-19 01:03:14", "elapsed": 3101.592325, "delta": 0.003858}}
{"target": -17.67711965628378, "params": {"gamma": 717.5464308550695, "log10_alpha": -0.7925850214824663, "log10_colsample_bytree": -0.267730406836847, "log10_eta": -3.960522430741021, "log10_lambda": -0.7768421230491676, "log10_min_child_weight": 1.7159392241254707, "log10_subsample": -0.8364920935283989, "max_depth": 3.0, "num_boost_round": 34.0}, "datetime": {"datetime": "2024-01-19 01:03:14", "elapsed": 3101.596179, "delta": 0.003854}}
{"target": -17.6771152303038, "params": {"gamma": 717.5464308550695, "log10_alpha": -0.7925850214824663, "log10_colsample_bytree": -0.267730406836847, "log10_eta": -3.960522430741021, "log10_lambda": -0.7768421230491676, "log10_min_child_weight": 1.7159392241254707, "log10_subsample": -0.8364920935283989, "max_depth": 3.0, "num_boost_round": 35.0}, "datetime": {"datetime": "2024-01-19 01:03:14", "elapsed": 3101.600048, "delta": 0.003869}}
{"target": -17.677112297030583, "params": {"gamma": 717.5464308550695, "log10_alpha": -0.7925850214824663, "log10_colsample_bytree": -0.267730406836847, "log10_eta": -3.960522430741021, "log10_lambda": -0.7768421230491676, "log10_min_child_weight": 1.7159392241254707, "log10_subsample": -0.8364920935283989, "max_depth": 3.0, "num_boost_round": 36.0}, "datetime": {"datetime": "2024-01-19 01:03:14", "elapsed": 3101.603996, "delta": 0.003948}}
{"target": -17.677111024122613, "params": {"gamma": 717.5464308550695, "log10_alpha": -0.7925850214824663, "log10_colsample_bytree": -0.267730406836847, "log10_eta": -3.960522430741021, "log10_lambda": -0.7768421230491676, "log10_min_child_weight": 1.7159392241254707, "log10_subsample": -0.8364920935283989, "max_depth": 3.0, "num_boost_round": 37.0}, "datetime": {"datetime": "2024-01-19 01:03:14", "elapsed": 3101.60789, "delta": 0.003894}}
{"target": -17.67710818732556, "params": {"gamma": 717.5464308550695, "log10_alpha": -0.7925850214824663, "log10_colsample_bytree": -0.267730406836847, "log10_eta": -3.960522430741021, "log10_lambda": -0.7768421230491676, "log10_min_child_weight": 1.7159392241254707, "log10_subsample": -0.8364920935283989, "max_depth": 3.0, "num_boost_round": 38.0}, "datetime": {"datetime": "2024-01-19 01:03:14", "elapsed": 3101.611726, "delta": 0.003836}}
{"target": -17.67710584694856, "params": {"gamma": 717.5464308550695, "log10_alpha": -0.7925850214824663, "log10_colsample_bytree": -0.267730406836847, "log10_eta": -3.960522430741021, "log10_lambda": -0.7768421230491676, "log10_min_child_weight": 1.7159392241254707, "log10_subsample": -0.8364920935283989, "max_depth": 3.0, "num_boost_round": 39.0}, "datetime": {"datetime": "2024-01-19 01:03:14", "elapsed": 3101.615554, "delta": 0.003828}}
{"target": -17.67710192634021, "params": {"gamma": 717.5464308550695, "log10_alpha": -0.7925850214824663, "log10_colsample_bytree": -0.267730406836847, "log10_eta": -3.960522430741021, "log10_lambda": -0.7768421230491676, "log10_min_child_weight": 1.7159392241254707, "log10_subsample": -0.8364920935283989, "max_depth": 3.0, "num_boost_round": 40.0}, "datetime": {"datetime": "2024-01-19 01:03:14", "elapsed": 3101.619311, "delta": 0.003757}}
{"target": -17.677098006676744, "params": {"gamma": 717.5464308550695, "log10_alpha": -0.7925850214824663, "log10_colsample_bytree": -0.267730406836847, "log10_eta": -3.960522430741021, "log10_lambda": -0.7768421230491676, "log10_min_child_weight": 1.7159392241254707, "log10_subsample": -0.8364920935283989, "max_depth": 3.0, "num_boost_round": 41.0}, "datetime": {"datetime": "2024-01-19 01:03:14", "elapsed": 3101.623177, "delta": 0.003866}}
{"target": -17.677094901080974, "params": {"gamma": 717.5464308550695, "log10_alpha": -0.7925850214824663, "log10_colsample_bytree": -0.267730406836847, "log10_eta": -3.960522430741021, "log10_lambda": -0.7768421230491676, "log10_min_child_weight": 1.7159392241254707, "log10_subsample": -0.8364920935283989, "max_depth": 3.0, "num_boost_round": 42.0}, "datetime": {"datetime": "2024-01-19 01:03:14", "elapsed": 3101.62705, "delta": 0.003873}}
{"target": -17.677094767872408, "params": {"gamma": 717.5464308550695, "log10_alpha": -0.7925850214824663, "log10_colsample_bytree": -0.267730406836847, "log10_eta": -3.960522430741021, "log10_lambda": -0.7768421230491676, "log10_min_child_weight": 1.7159392241254707, "log10_subsample": -0.8364920935283989, "max_depth": 3.0, "num_boost_round": 43.0}, "datetime": {"datetime": "2024-01-19 01:03:14", "elapsed": 3101.63097, "delta": 0.00392}}
{"target": -17.6770907715726, "params": {"gamma": 717.5464308550695, "log10_alpha": -0.7925850214824663, "log10_colsample_bytree": -0.267730406836847, "log10_eta": -3.960522430741021, "log10_lambda": -0.7768421230491676, "log10_min_child_weight": 1.7159392241254707, "log10_subsample": -0.8364920935283989, "max_depth": 3.0, "num_boost_round": 44.0}, "datetime": {"datetime": "2024-01-19 01:03:14", "elapsed": 3101.634792, "delta": 0.003822}}
{"target": -17.67708628302907, "params": {"gamma": 717.5464308550695, "log10_alpha": -0.7925850214824663, "log10_colsample_bytree": -0.267730406836847, "log10_eta": -3.960522430741021, "log10_lambda": -0.7768421230491676, "log10_min_child_weight": 1.7159392241254707, "log10_subsample": -0.8364920935283989, "max_depth": 3.0, "num_boost_round": 45.0}, "datetime": {"datetime": "2024-01-19 01:03:14", "elapsed": 3101.638729, "delta": 0.003937}}
{"target": -17.67708242507842, "params": {"gamma": 717.5464308550695, "log10_alpha": -0.7925850214824663, "log10_colsample_bytree": -0.267730406836847, "log10_eta": -3.960522430741021, "log10_lambda": -0.7768421230491676, "log10_min_child_weight": 1.7159392241254707, "log10_subsample": -0.8364920935283989, "max_depth": 3.0, "num_boost_round": 46.0}, "datetime": {"datetime": "2024-01-19 01:03:14", "elapsed": 3101.642602, "delta": 0.003873}}
{"target": -17.677077748008244, "params": {"gamma": 717.5464308550695, "log10_alpha": -0.7925850214824663, "log10_colsample_bytree": -0.267730406836847, "log10_eta": -3.960522430741021, "log10_lambda": -0.7768421230491676, "log10_min_child_weight": 1.7159392241254707, "log10_subsample": -0.8364920935283989, "max_depth": 3.0, "num_boost_round": 47.0}, "datetime": {"datetime": "2024-01-19 01:03:14", "elapsed": 3101.646475, "delta": 0.003873}}
{"target": -17.67707615996299, "params": {"gamma": 717.5464308550695, "log10_alpha": -0.7925850214824663, "log10_colsample_bytree": -0.267730406836847, "log10_eta": -3.960522430741021, "log10_lambda": -0.7768421230491676, "log10_min_child_weight": 1.7159392241254707, "log10_subsample": -0.8364920935283989, "max_depth": 3.0, "num_boost_round": 48.0}, "datetime": {"datetime": "2024-01-19 01:03:14", "elapsed": 3101.650455, "delta": 0.00398}}
{"target": -17.677074290260364, "params": {"gamma": 717.5464308550695, "log10_alpha": -0.7925850214824663, "log10_colsample_bytree": -0.267730406836847, "log10_eta": -3.960522430741021, "log10_lambda": -0.7768421230491676, "log10_min_child_weight": 1.7159392241254707, "log10_subsample": -0.8364920935283989, "max_depth": 3.0, "num_boost_round": 49.0}, "datetime": {"datetime": "2024-01-19 01:03:14", "elapsed": 3101.654326, "delta": 0.003871}}
{"target": -17.677069217605712, "params": {"gamma": 717.5464308550695, "log10_alpha": -0.7925850214824663, "log10_colsample_bytree": -0.267730406836847, "log10_eta": -3.960522430741021, "log10_lambda": -0.7768421230491676, "log10_min_child_weight": 1.7159392241254707, "log10_subsample": -0.8364920935283989, "max_depth": 3.0, "num_boost_round": 50.0}, "datetime": {"datetime": "2024-01-19 01:03:14", "elapsed": 3101.658224, "delta": 0.003898}}
{"target": -17.67706708155898, "params": {"gamma": 717.5464308550695, "log10_alpha": -0.7925850214824663, "log10_colsample_bytree": -0.267730406836847, "log10_eta": -3.960522430741021, "log10_lambda": -0.7768421230491676, "log10_min_child_weight": 1.7159392241254707, "log10_subsample": -0.8364920935283989, "max_depth": 3.0, "num_boost_round": 51.0}, "datetime": {"datetime": "2024-01-19 01:03:14", "elapsed": 3101.6621, "delta": 0.003876}}
{"target": -17.67706638921964, "params": {"gamma": 717.5464308550695, "log10_alpha": -0.7925850214824663, "log10_colsample_bytree": -0.267730406836847, "log10_eta": -3.960522430741021, "log10_lambda": -0.7768421230491676, "log10_min_child_weight": 1.7159392241254707, "log10_subsample": -0.8364920935283989, "max_depth": 3.0, "num_boost_round": 52.0}, "datetime": {"datetime": "2024-01-19 01:03:14", "elapsed": 3101.667161, "delta": 0.005061}}
{"target": -17.677063926818178, "params": {"gamma": 717.5464308550695, "log10_alpha": -0.7925850214824663, "log10_colsample_bytree": -0.267730406836847, "log10_eta": -3.960522430741021, "log10_lambda": -0.7768421230491676, "log10_min_child_weight": 1.7159392241254707, "log10_subsample": -0.8364920935283989, "max_depth": 3.0, "num_boost_round": 53.0}, "datetime": {"datetime": "2024-01-19 01:03:14", "elapsed": 3101.672157, "delta": 0.004996}}
{"target": -17.677061477408877, "params": {"gamma": 717.5464308550695, "log10_alpha": -0.7925850214824663, "log10_colsample_bytree": -0.267730406836847, "log10_eta": -3.960522430741021, "log10_lambda": -0.7768421230491676, "log10_min_child_weight": 1.7159392241254707, "log10_subsample": -0.8364920935283989, "max_depth": 3.0, "num_boost_round": 54.0}, "datetime": {"datetime": "2024-01-19 01:03:14", "elapsed": 3101.676263, "delta": 0.004106}}
{"target": -17.677060186917515, "params": {"gamma": 717.5464308550695, "log10_alpha": -0.7925850214824663, "log10_colsample_bytree": -0.267730406836847, "log10_eta": -3.960522430741021, "log10_lambda": -0.7768421230491676, "log10_min_child_weight": 1.7159392241254707, "log10_subsample": -0.8364920935283989, "max_depth": 3.0, "num_boost_round": 55.0}, "datetime": {"datetime": "2024-01-19 01:03:14", "elapsed": 3101.680221, "delta": 0.003958}}
{"target": -17.677053767749577, "params": {"gamma": 717.5464308550695, "log10_alpha": -0.7925850214824663, "log10_colsample_bytree": -0.267730406836847, "log10_eta": -3.960522430741021, "log10_lambda": -0.7768421230491676, "log10_min_child_weight": 1.7159392241254707, "log10_subsample": -0.8364920935283989, "max_depth": 3.0, "num_boost_round": 56.0}, "datetime": {"datetime": "2024-01-19 01:03:14", "elapsed": 3101.684236, "delta": 0.004015}}
{"target": -17.677051039944388, "params": {"gamma": 717.5464308550695, "log10_alpha": -0.7925850214824663, "log10_colsample_bytree": -0.267730406836847, "log10_eta": -3.960522430741021, "log10_lambda": -0.7768421230491676, "log10_min_child_weight": 1.7159392241254707, "log10_subsample": -0.8364920935283989, "max_depth": 3.0, "num_boost_round": 57.0}, "datetime": {"datetime": "2024-01-19 01:03:14", "elapsed": 3101.688165, "delta": 0.003929}}
{"target": -17.677048438251983, "params": {"gamma": 717.5464308550695, "log10_alpha": -0.7925850214824663, "log10_colsample_bytree": -0.267730406836847, "log10_eta": -3.960522430741021, "log10_lambda": -0.7768421230491676, "log10_min_child_weight": 1.7159392241254707, "log10_subsample": -0.8364920935283989, "max_depth": 3.0, "num_boost_round": 58.0}, "datetime": {"datetime": "2024-01-19 01:03:14", "elapsed": 3101.692171, "delta": 0.004006}}
{"target": -17.67704616730471, "params": {"gamma": 717.5464308550695, "log10_alpha": -0.7925850214824663, "log10_colsample_bytree": -0.267730406836847, "log10_eta": -3.960522430741021, "log10_lambda": -0.7768421230491676, "log10_min_child_weight": 1.7159392241254707, "log10_subsample": -0.8364920935283989, "max_depth": 3.0, "num_boost_round": 59.0}, "datetime": {"datetime": "2024-01-19 01:03:14", "elapsed": 3101.696099, "delta": 0.003928}}
{"target": -17.677042260111595, "params": {"gamma": 717.5464308550695, "log10_alpha": -0.7925850214824663, "log10_colsample_bytree": -0.267730406836847, "log10_eta": -3.960522430741021, "log10_lambda": -0.7768421230491676, "log10_min_child_weight": 1.7159392241254707, "log10_subsample": -0.8364920935283989, "max_depth": 3.0, "num_boost_round": 60.0}, "datetime": {"datetime": "2024-01-19 01:03:14", "elapsed": 3101.700153, "delta": 0.004054}}
{"target": -17.677040632457075, "params": {"gamma": 717.5464308550695, "log10_alpha": -0.7925850214824663, "log10_colsample_bytree": -0.267730406836847, "log10_eta": -3.960522430741021, "log10_lambda": -0.7768421230491676, "log10_min_child_weight": 1.7159392241254707, "log10_subsample": -0.8364920935283989, "max_depth": 3.0, "num_boost_round": 61.0}, "datetime": {"datetime": "2024-01-19 01:03:14", "elapsed": 3101.704166, "delta": 0.004013}}
{"target": -17.677036029974285, "params": {"gamma": 717.5464308550695, "log10_alpha": -0.7925850214824663, "log10_colsample_bytree": -0.267730406836847, "log10_eta": -3.960522430741021, "log10_lambda": -0.7768421230491676, "log10_min_child_weight": 1.7159392241254707, "log10_subsample": -0.8364920935283989, "max_depth": 3.0, "num_boost_round": 62.0}, "datetime": {"datetime": "2024-01-19 01:03:14", "elapsed": 3101.708112, "delta": 0.003946}}
{"target": -17.677033513206805, "params": {"gamma": 717.5464308550695, "log10_alpha": -0.7925850214824663, "log10_colsample_bytree": -0.267730406836847, "log10_eta": -3.960522430741021, "log10_lambda": -0.7768421230491676, "log10_min_child_weight": 1.7159392241254707, "log10_subsample": -0.8364920935283989, "max_depth": 3.0, "num_boost_round": 63.0}, "datetime": {"datetime": "2024-01-19 01:03:14", "elapsed": 3101.712139, "delta": 0.004027}}
