{"target": -13.758348996824575, "params": {"gamma": 129.24021455313195, "log10_alpha": -0.03391782419261258, "log10_colsample_bytree": -0.41072957252677633, "log10_eta": -2.8948159275896908, "log10_lambda": 0.5498882173697046, "log10_min_child_weight": 1.7087536004128279, "log10_subsample": -0.9835086821343422, "max_depth": 5.0, "num_boost_round": 5.0}, "datetime": {"datetime": "2024-01-19 00:58:58", "elapsed": 2845.787423, "delta": 0.002865}}
{"target": -13.758369057737356, "params": {"gamma": 129.24021455313195, "log10_alpha": -0.03391782419261258, "log10_colsample_bytree": -0.41072957252677633, "log10_eta": -2.8948159275896908, "log10_lambda": 0.5498882173697046, "log10_min_child_weight": 1.7087536004128279, "log10_subsample": -0.9835086821343422, "max_depth": 5.0, "num_boost_round": 6.0}, "datetime": {"datetime": "2024-01-19 00:58:58", "elapsed": 2845.790317, "delta": 0.002894}}
{"target": -13.758350217963157, "params": {"gamma": 129.24021455313195, "log10_alpha": -0.03391782419261258, "log10_colsample_bytree": -0.41072957252677633, "log10_eta": -2.8948159275896908, "log10_lambda": 0.5498882173697046, "log10_min_child_weight": 1.7087536004128279, "log10_subsample": -0.9835086821343422, "max_depth": 5.0, "num_boost_round": 7.0}, "datetime": {"datetime": "2024-01-19 00:58:58", "elapsed": 2845.793271, "delta": 0.002954}}
{"target": -13.758327587009342, "params": {"gamma": 129.24021455313195, "log10_alpha": -0.03391782419261258, "log10_colsample_bytree": -0.41072957252677633, "log10_eta": -2.8948159275896908, "log10_lambda": 0.5498882173697046, "log10_min_child_weight": 1.7087536004128279, "log10_subsample": -0.9835086821343422, "max_depth": 5.0, "num_boost_round": 8.0}, "datetime": {"datetime": "2024-01-19 00:58:58", "elapsed": 2845.796272, "delta": 0.003001}}
{"target": -13.758289303574644, "params": {"gamma": 129.24021455313195, "log10_alpha": -0.03391782419261258, "log10_colsample_bytree": -0.41072957252677633, "log10_eta": -2.8948159275896908, "log10_lambda": 0.5498882173697046, "log10_min_child_weight": 1.7087536004128279, "log10_subsample": -0.9835086821343422, "max_depth": 5.0, "num_boost_round": 9.0}, "datetime": {"datetime": "2024-01-19 00:58:58", "elapsed": 2845.799319, "delta": 0.003047}}
{"target": -13.758223719830438, "params": {"gamma": 129.24021455313195, "log10_alpha": -0.03391782419261258, "log10_colsample_bytree": -0.41072957252677633, "log10_eta": -2.8948159275896908, "log10_lambda": 0.5498882173697046, "log10_min_child_weight": 1.7087536004128279, "log10_subsample": -0.9835086821343422, "max_depth": 5.0, "num_boost_round": 10.0}, "datetime": {"datetime": "2024-01-19 00:58:58", "elapsed": 2845.802179, "delta": 0.00286}}
{"target": -13.758212812284157, "params": {"gamma": 129.24021455313195, "log10_alpha": -0.03391782419261258, "log10_colsample_bytree": -0.41072957252677633, "log10_eta": -2.8948159275896908, "log10_lambda": 0.5498882173697046, "log10_min_child_weight": 1.7087536004128279, "log10_subsample": -0.9835086821343422, "max_depth": 5.0, "num_boost_round": 11.0}, "datetime": {"datetime": "2024-01-19 00:58:58", "elapsed": 2845.805051, "delta": 0.002872}}
{"target": -13.758186321405038, "params": {"gamma": 129.24021455313195, "log10_alpha": -0.03391782419261258, "log10_colsample_bytree": -0.41072957252677633, "log10_eta": -2.8948159275896908, "log10_lambda": 0.5498882173697046, "log10_min_child_weight": 1.7087536004128279, "log10_subsample": -0.9835086821343422, "max_depth": 5.0, "num_boost_round": 12.0}, "datetime": {"datetime": "2024-01-19 00:58:58", "elapsed": 2845.807907, "delta": 0.002856}}
{"target": -13.758219454191721, "params": {"gamma": 129.24021455313195, "log10_alpha": -0.03391782419261258, "log10_colsample_bytree": -0.41072957252677633, "log10_eta": -2.8948159275896908, "log10_lambda": 0.5498882173697046, "log10_min_child_weight": 1.7087536004128279, "log10_subsample": -0.9835086821343422, "max_depth": 5.0, "num_boost_round": 13.0}, "datetime": {"datetime": "2024-01-19 00:58:58", "elapsed": 2845.810823, "delta": 0.002916}}
{"target": -13.758178844865586, "params": {"gamma": 129.24021455313195, "log10_alpha": -0.03391782419261258, "log10_colsample_bytree": -0.41072957252677633, "log10_eta": -2.8948159275896908, "log10_lambda": 0.5498882173697046, "log10_min_child_weight": 1.7087536004128279, "log10_subsample": -0.9835086821343422, "max_depth": 5.0, "num_boost_round": 14.0}, "datetime": {"datetime": "2024-01-19 00:58:58", "elapsed": 2845.813699, "delta": 0.002876}}
{"target": -13.75810477141031, "params": {"gamma": 129.24021455313195, "log10_alpha": -0.03391782419261258, "log10_colsample_bytree": -0.41072957252677633, "log10_eta": -2.8948159275896908, "log10_lambda": 0.5498882173697046, "log10_min_child_weight": 1.7087536004128279, "log10_subsample": -0.9835086821343422, "max_depth": 5.0, "num_boost_round": 15.0}, "datetime": {"datetime": "2024-01-19 00:58:58", "elapsed": 2845.816584, "delta": 0.002885}}
{"target": -13.758538451915237, "params": {"gamma": 120.92418485569607, "log10_alpha": 1.0, "log10_colsample_bytree": -1.0, "log10_eta": -4.0, "log10_lambda": 0.7379242989565978, "log10_min_child_weight": 5.0, "log10_subsample": 0.0, "max_depth": 9.0, "num_boost_round": 0.0}, "datetime": {"datetime": "2024-01-19 00:59:29", "elapsed": 2877.032406, "delta": 31.215822}}
{"target": -13.758537739333608, "params": {"gamma": 120.92418485569607, "log10_alpha": 1.0, "log10_colsample_bytree": -1.0, "log10_eta": -4.0, "log10_lambda": 0.7379242989565978, "log10_min_child_weight": 5.0, "log10_subsample": 0.0, "max_depth": 9.0, "num_boost_round": 1.0}, "datetime": {"datetime": "2024-01-19 00:59:29", "elapsed": 2877.035812, "delta": 0.003406}}
{"target": -13.758537383066235, "params": {"gamma": 120.92418485569607, "log10_alpha": 1.0, "log10_colsample_bytree": -1.0, "log10_eta": -4.0, "log10_lambda": 0.7379242989565978, "log10_min_child_weight": 5.0, "log10_subsample": 0.0, "max_depth": 9.0, "num_boost_round": 2.0}, "datetime": {"datetime": "2024-01-19 00:59:29", "elapsed": 2877.03944, "delta": 0.003628}}
{"target": -13.758537598821073, "params": {"gamma": 120.92418485569607, "log10_alpha": 1.0, "log10_colsample_bytree": -1.0, "log10_eta": -4.0, "log10_lambda": 0.7379242989565978, "log10_min_child_weight": 5.0, "log10_subsample": 0.0, "max_depth": 9.0, "num_boost_round": 3.0}, "datetime": {"datetime": "2024-01-19 00:59:29", "elapsed": 2877.04246, "delta": 0.00302}}
{"target": -13.758537456814805, "params": {"gamma": 120.92418485569607, "log10_alpha": 1.0, "log10_colsample_bytree": -1.0, "log10_eta": -4.0, "log10_lambda": 0.7379242989565978, "log10_min_child_weight": 5.0, "log10_subsample": 0.0, "max_depth": 9.0, "num_boost_round": 4.0}, "datetime": {"datetime": "2024-01-19 00:59:29", "elapsed": 2877.045339, "delta": 0.002879}}
{"target": -13.758537367390689, "params": {"gamma": 120.92418485569607, "log10_alpha": 1.0, "log10_colsample_bytree": -1.0, "log10_eta": -4.0, "log10_lambda": 0.7379242989565978, "log10_min_child_weight": 5.0, "log10_subsample": 0.0, "max_depth": 9.0, "num_boost_round": 5.0}, "datetime": {"datetime": "2024-01-19 00:59:29", "elapsed": 2877.048137, "delta": 0.002798}}
{"target": -13.758536935959157, "params": {"gamma": 120.92418485569607, "log10_alpha": 1.0, "log10_colsample_bytree": -1.0, "log10_eta": -4.0, "log10_lambda": 0.7379242989565978, "log10_min_child_weight": 5.0, "log10_subsample": 0.0, "max_depth": 9.0, "num_boost_round": 6.0}, "datetime": {"datetime": "2024-01-19 00:59:29", "elapsed": 2877.051053, "delta": 0.002916}}
{"target": -13.758536054539444, "params": {"gamma": 120.92418485569607, "log10_alpha": 1.0, "log10_colsample_bytree": -1.0, "log10_eta": -4.0, "log10_lambda": 0.7379242989565978, "log10_min_child_weight": 5.0, "log10_subsample": 0.0, "max_depth": 9.0, "num_boost_round": 7.0}, "datetime": {"datetime": "2024-01-19 00:59:29", "elapsed": 2877.053879, "delta": 0.002826}}
{"target": -13.758536081391734, "params": {"gamma": 120.92418485569607, "log10_alpha": 1.0, "log10_colsample_bytree": -1.0, "log10_eta": -4.0, "log10_lambda": 0.7379242989565978, "log10_min_child_weight": 5.0, "log10_subsample": 0.0, "max_depth": 9.0, "num_boost_round": 8.0}, "datetime": {"datetime": "2024-01-19 00:59:29", "elapsed": 2877.056699, "delta": 0.00282}}
{"target": -13.758536066308578, "params": {"gamma": 120.92418485569607, "log10_alpha": 1.0, "log10_colsample_bytree": -1.0, "log10_eta": -4.0, "log10_lambda": 0.7379242989565978, "log10_min_child_weight": 5.0, "log10_subsample": 0.0, "max_depth": 9.0, "num_boost_round": 9.0}, "datetime": {"datetime": "2024-01-19 00:59:29", "elapsed": 2877.05968, "delta": 0.002981}}
{"target": -13.758536143776459, "params": {"gamma": 120.92418485569607, "log10_alpha": 1.0, "log10_colsample_bytree": -1.0, "log10_eta": -4.0, "log10_lambda": 0.7379242989565978, "log10_min_child_weight": 5.0, "log10_subsample": 0.0, "max_depth": 9.0, "num_boost_round": 10.0}, "datetime": {"datetime": "2024-01-19 00:59:29", "elapsed": 2877.062492, "delta": 0.002812}}
{"target": -13.758537151895473, "params": {"gamma": 130.64920904402945, "log10_alpha": -0.780336435478123, "log10_colsample_bytree": -0.9717375415902637, "log10_eta": -3.821307644801152, "log10_lambda": -4.442478978241865, "log10_min_child_weight": 3.3370853239288873, "log10_subsample": -0.2578253974779202, "max_depth": 8.0, "num_boost_round": 0.0}, "datetime": {"datetime": "2024-01-19 01:00:09", "elapsed": 2916.639365, "delta": 39.576873}}
{"target": -13.758536169405234, "params": {"gamma": 130.64920904402945, "log10_alpha": -0.780336435478123, "log10_colsample_bytree": -0.9717375415902637, "log10_eta": -3.821307644801152, "log10_lambda": -4.442478978241865, "log10_min_child_weight": 3.3370853239288873, "log10_subsample": -0.2578253974779202, "max_depth": 8.0, "num_boost_round": 1.0}, "datetime": {"datetime": "2024-01-19 01:00:09", "elapsed": 2916.643048, "delta": 0.003683}}
{"target": -13.758533031986033, "params": {"gamma": 130.64920904402945, "log10_alpha": -0.780336435478123, "log10_colsample_bytree": -0.9717375415902637, "log10_eta": -3.821307644801152, "log10_lambda": -4.442478978241865, "log10_min_child_weight": 3.3370853239288873, "log10_subsample": -0.2578253974779202, "max_depth": 8.0, "num_boost_round": 2.0}, "datetime": {"datetime": "2024-01-19 01:00:09", "elapsed": 2916.646126, "delta": 0.003078}}
{"target": -13.758531164438702, "params": {"gamma": 130.64920904402945, "log10_alpha": -0.780336435478123, "log10_colsample_bytree": -0.9717375415902637, "log10_eta": -3.821307644801152, "log10_lambda": -4.442478978241865, "log10_min_child_weight": 3.3370853239288873, "log10_subsample": -0.2578253974779202, "max_depth": 8.0, "num_boost_round": 3.0}, "datetime": {"datetime": "2024-01-19 01:00:09", "elapsed": 2916.649292, "delta": 0.003166}}
{"target": -13.758526530846368, "params": {"gamma": 130.64920904402945, "log10_alpha": -0.780336435478123, "log10_colsample_bytree": -0.9717375415902637, "log10_eta": -3.821307644801152, "log10_lambda": -4.442478978241865, "log10_min_child_weight": 3.3370853239288873, "log10_subsample": -0.2578253974779202, "max_depth": 8.0, "num_boost_round": 4.0}, "datetime": {"datetime": "2024-01-19 01:00:09", "elapsed": 2916.652292, "delta": 0.003}}
{"target": -13.758524974570685, "params": {"gamma": 130.64920904402945, "log10_alpha": -0.780336435478123, "log10_colsample_bytree": -0.9717375415902637, "log10_eta": -3.821307644801152, "log10_lambda": -4.442478978241865, "log10_min_child_weight": 3.3370853239288873, "log10_subsample": -0.2578253974779202, "max_depth": 8.0, "num_boost_round": 5.0}, "datetime": {"datetime": "2024-01-19 01:00:09", "elapsed": 2916.655123, "delta": 0.002831}}
{"target": -13.758524877593597, "params": {"gamma": 130.64920904402945, "log10_alpha": -0.780336435478123, "log10_colsample_bytree": -0.9717375415902637, "log10_eta": -3.821307644801152, "log10_lambda": -4.442478978241865, "log10_min_child_weight": 3.3370853239288873, "log10_subsample": -0.2578253974779202, "max_depth": 8.0, "num_boost_round": 6.0}, "datetime": {"datetime": "2024-01-19 01:00:09", "elapsed": 2916.657995, "delta": 0.002872}}
{"target": -13.758520153019443, "params": {"gamma": 130.64920904402945, "log10_alpha": -0.780336435478123, "log10_colsample_bytree": -0.9717375415902637, "log10_eta": -3.821307644801152, "log10_lambda": -4.442478978241865, "log10_min_child_weight": 3.3370853239288873, "log10_subsample": -0.2578253974779202, "max_depth": 8.0, "num_boost_round": 7.0}, "datetime": {"datetime": "2024-01-19 01:00:09", "elapsed": 2916.660983, "delta": 0.002988}}
{"target": -13.75851783832934, "params": {"gamma": 130.64920904402945, "log10_alpha": -0.780336435478123, "log10_colsample_bytree": -0.9717375415902637, "log10_eta": -3.821307644801152, "log10_lambda": -4.442478978241865, "log10_min_child_weight": 3.3370853239288873, "log10_subsample": -0.2578253974779202, "max_depth": 8.0, "num_boost_round": 8.0}, "datetime": {"datetime": "2024-01-19 01:00:09", "elapsed": 2916.663863, "delta": 0.00288}}
{"target": -13.758517090731289, "params": {"gamma": 130.64920904402945, "log10_alpha": -0.780336435478123, "log10_colsample_bytree": -0.9717375415902637, "log10_eta": -3.821307644801152, "log10_lambda": -4.442478978241865, "log10_min_child_weight": 3.3370853239288873, "log10_subsample": -0.2578253974779202, "max_depth": 8.0, "num_boost_round": 9.0}, "datetime": {"datetime": "2024-01-19 01:00:09", "elapsed": 2916.666727, "delta": 0.002864}}
{"target": -13.758515678296039, "params": {"gamma": 130.64920904402945, "log10_alpha": -0.780336435478123, "log10_colsample_bytree": -0.9717375415902637, "log10_eta": -3.821307644801152, "log10_lambda": -4.442478978241865, "log10_min_child_weight": 3.3370853239288873, "log10_subsample": -0.2578253974779202, "max_depth": 8.0, "num_boost_round": 10.0}, "datetime": {"datetime": "2024-01-19 01:00:09", "elapsed": 2916.669546, "delta": 0.002819}}
{"target": -13.758513837194, "params": {"gamma": 130.64920904402945, "log10_alpha": -0.780336435478123, "log10_colsample_bytree": -0.9717375415902637, "log10_eta": -3.821307644801152, "log10_lambda": -4.442478978241865, "log10_min_child_weight": 3.3370853239288873, "log10_subsample": -0.2578253974779202, "max_depth": 8.0, "num_boost_round": 11.0}, "datetime": {"datetime": "2024-01-19 01:00:09", "elapsed": 2916.672519, "delta": 0.002973}}
{"target": -13.758510639554341, "params": {"gamma": 130.64920904402945, "log10_alpha": -0.780336435478123, "log10_colsample_bytree": -0.9717375415902637, "log10_eta": -3.821307644801152, "log10_lambda": -4.442478978241865, "log10_min_child_weight": 3.3370853239288873, "log10_subsample": -0.2578253974779202, "max_depth": 8.0, "num_boost_round": 12.0}, "datetime": {"datetime": "2024-01-19 01:00:09", "elapsed": 2916.675391, "delta": 0.002872}}
{"target": -13.758507079785787, "params": {"gamma": 130.64920904402945, "log10_alpha": -0.780336435478123, "log10_colsample_bytree": -0.9717375415902637, "log10_eta": -3.821307644801152, "log10_lambda": -4.442478978241865, "log10_min_child_weight": 3.3370853239288873, "log10_subsample": -0.2578253974779202, "max_depth": 8.0, "num_boost_round": 13.0}, "datetime": {"datetime": "2024-01-19 01:00:09", "elapsed": 2916.678308, "delta": 0.002917}}
{"target": -13.75850541205634, "params": {"gamma": 130.64920904402945, "log10_alpha": -0.780336435478123, "log10_colsample_bytree": -0.9717375415902637, "log10_eta": -3.821307644801152, "log10_lambda": -4.442478978241865, "log10_min_child_weight": 3.3370853239288873, "log10_subsample": -0.2578253974779202, "max_depth": 8.0, "num_boost_round": 14.0}, "datetime": {"datetime": "2024-01-19 01:00:09", "elapsed": 2916.681268, "delta": 0.00296}}
{"target": -13.758500061407124, "params": {"gamma": 130.64920904402945, "log10_alpha": -0.780336435478123, "log10_colsample_bytree": -0.9717375415902637, "log10_eta": -3.821307644801152, "log10_lambda": -4.442478978241865, "log10_min_child_weight": 3.3370853239288873, "log10_subsample": -0.2578253974779202, "max_depth": 8.0, "num_boost_round": 15.0}, "datetime": {"datetime": "2024-01-19 01:00:09", "elapsed": 2916.684147, "delta": 0.002879}}
{"target": -13.75849815373085, "params": {"gamma": 130.64920904402945, "log10_alpha": -0.780336435478123, "log10_colsample_bytree": -0.9717375415902637, "log10_eta": -3.821307644801152, "log10_lambda": -4.442478978241865, "log10_min_child_weight": 3.3370853239288873, "log10_subsample": -0.2578253974779202, "max_depth": 8.0, "num_boost_round": 16.0}, "datetime": {"datetime": "2024-01-19 01:00:09", "elapsed": 2916.68703, "delta": 0.002883}}
{"target": -13.758495744651022, "params": {"gamma": 130.64920904402945, "log10_alpha": -0.780336435478123, "log10_colsample_bytree": -0.9717375415902637, "log10_eta": -3.821307644801152, "log10_lambda": -4.442478978241865, "log10_min_child_weight": 3.3370853239288873, "log10_subsample": -0.2578253974779202, "max_depth": 8.0, "num_boost_round": 17.0}, "datetime": {"datetime": "2024-01-19 01:00:09", "elapsed": 2916.689938, "delta": 0.002908}}
{"target": -13.758491620701069, "params": {"gamma": 130.64920904402945, "log10_alpha": -0.780336435478123, "log10_colsample_bytree": -0.9717375415902637, "log10_eta": -3.821307644801152, "log10_lambda": -4.442478978241865, "log10_min_child_weight": 3.3370853239288873, "log10_subsample": -0.2578253974779202, "max_depth": 8.0, "num_boost_round": 18.0}, "datetime": {"datetime": "2024-01-19 01:00:09", "elapsed": 2916.692902, "delta": 0.002964}}
{"target": -13.758489250119574, "params": {"gamma": 130.64920904402945, "log10_alpha": -0.780336435478123, "log10_colsample_bytree": -0.9717375415902637, "log10_eta": -3.821307644801152, "log10_lambda": -4.442478978241865, "log10_min_child_weight": 3.3370853239288873, "log10_subsample": -0.2578253974779202, "max_depth": 8.0, "num_boost_round": 19.0}, "datetime": {"datetime": "2024-01-19 01:00:09", "elapsed": 2916.695831, "delta": 0.002929}}
{"target": -13.758489370126684, "params": {"gamma": 130.64920904402945, "log10_alpha": -0.780336435478123, "log10_colsample_bytree": -0.9717375415902637, "log10_eta": -3.821307644801152, "log10_lambda": -4.442478978241865, "log10_min_child_weight": 3.3370853239288873, "log10_subsample": -0.2578253974779202, "max_depth": 8.0, "num_boost_round": 20.0}, "datetime": {"datetime": "2024-01-19 01:00:09", "elapsed": 2916.698801, "delta": 0.00297}}
{"target": -13.758483561197137, "params": {"gamma": 130.64920904402945, "log10_alpha": -0.780336435478123, "log10_colsample_bytree": -0.9717375415902637, "log10_eta": -3.821307644801152, "log10_lambda": -4.442478978241865, "log10_min_child_weight": 3.3370853239288873, "log10_subsample": -0.2578253974779202, "max_depth": 8.0, "num_boost_round": 21.0}, "datetime": {"datetime": "2024-01-19 01:00:09", "elapsed": 2916.701753, "delta": 0.002952}}
{"target": -13.758479333003336, "params": {"gamma": 130.64920904402945, "log10_alpha": -0.780336435478123, "log10_colsample_bytree": -0.9717375415902637, "log10_eta": -3.821307644801152, "log10_lambda": -4.442478978241865, "log10_min_child_weight": 3.3370853239288873, "log10_subsample": -0.2578253974779202, "max_depth": 8.0, "num_boost_round": 22.0}, "datetime": {"datetime": "2024-01-19 01:00:09", "elapsed": 2916.704596, "delta": 0.002843}}
{"target": -13.758471326305303, "params": {"gamma": 130.64920904402945, "log10_alpha": -0.780336435478123, "log10_colsample_bytree": -0.9717375415902637, "log10_eta": -3.821307644801152, "log10_lambda": -4.442478978241865, "log10_min_child_weight": 3.3370853239288873, "log10_subsample": -0.2578253974779202, "max_depth": 8.0, "num_boost_round": 23.0}, "datetime": {"datetime": "2024-01-19 01:00:09", "elapsed": 2916.707464, "delta": 0.002868}}
{"target": -13.75847311356786, "params": {"gamma": 130.64920904402945, "log10_alpha": -0.780336435478123, "log10_colsample_bytree": -0.9717375415902637, "log10_eta": -3.821307644801152, "log10_lambda": -4.442478978241865, "log10_min_child_weight": 3.3370853239288873, "log10_subsample": -0.2578253974779202, "max_depth": 8.0, "num_boost_round": 24.0}, "datetime": {"datetime": "2024-01-19 01:00:09", "elapsed": 2916.710363, "delta": 0.002899}}
{"target": -13.758466523260367, "params": {"gamma": 130.64920904402945, "log10_alpha": -0.780336435478123, "log10_colsample_bytree": -0.9717375415902637, "log10_eta": -3.821307644801152, "log10_lambda": -4.442478978241865, "log10_min_child_weight": 3.3370853239288873, "log10_subsample": -0.2578253974779202, "max_depth": 8.0, "num_boost_round": 25.0}, "datetime": {"datetime": "2024-01-19 01:00:09", "elapsed": 2916.713281, "delta": 0.002918}}
{"target": -13.758463053020876, "params": {"gamma": 130.64920904402945, "log10_alpha": -0.780336435478123, "log10_colsample_bytree": -0.9717375415902637, "log10_eta": -3.821307644801152, "log10_lambda": -4.442478978241865, "log10_min_child_weight": 3.3370853239288873, "log10_subsample": -0.2578253974779202, "max_depth": 8.0, "num_boost_round": 26.0}, "datetime": {"datetime": "2024-01-19 01:00:09", "elapsed": 2916.716162, "delta": 0.002881}}
{"target": -13.75846027305603, "params": {"gamma": 130.64920904402945, "log10_alpha": -0.780336435478123, "log10_colsample_bytree": -0.9717375415902637, "log10_eta": -3.821307644801152, "log10_lambda": -4.442478978241865, "log10_min_child_weight": 3.3370853239288873, "log10_subsample": -0.2578253974779202, "max_depth": 8.0, "num_boost_round": 27.0}, "datetime": {"datetime": "2024-01-19 01:00:09", "elapsed": 2916.71921, "delta": 0.003048}}
{"target": -13.75845754857934, "params": {"gamma": 130.64920904402945, "log10_alpha": -0.780336435478123, "log10_colsample_bytree": -0.9717375415902637, "log10_eta": -3.821307644801152, "log10_lambda": -4.442478978241865, "log10_min_child_weight": 3.3370853239288873, "log10_subsample": -0.2578253974779202, "max_depth": 8.0, "num_boost_round": 28.0}, "datetime": {"datetime": "2024-01-19 01:00:09", "elapsed": 2916.722144, "delta": 0.002934}}
