{"target": -13.758527181411841, "params": {"gamma": 471.51038778612275, "log10_alpha": -4.046710840715516, "log10_colsample_bytree": -0.7202531031628524, "log10_eta": -2.8983575207702454, "log10_lambda": -4.57663498563421, "log10_min_child_weight": 4.161499506213864, "log10_subsample": -0.9060753593930777, "max_depth": 4.0, "num_boost_round": 6.0}, "datetime": {"datetime": "2024-01-19 01:54:28", "elapsed": 6172.805919, "delta": 0.006007}}
{"target": -13.758523113003013, "params": {"gamma": 471.51038778612275, "log10_alpha": -4.046710840715516, "log10_colsample_bytree": -0.7202531031628524, "log10_eta": -2.8983575207702454, "log10_lambda": -4.57663498563421, "log10_min_child_weight": 4.161499506213864, "log10_subsample": -0.9060753593930777, "max_depth": 4.0, "num_boost_round": 7.0}, "datetime": {"datetime": "2024-01-19 01:54:28", "elapsed": 6172.81207, "delta": 0.006151}}
{"target": -13.758524657670415, "params": {"gamma": 471.51038778612275, "log10_alpha": -4.046710840715516, "log10_colsample_bytree": -0.7202531031628524, "log10_eta": -2.8983575207702454, "log10_lambda": -4.57663498563421, "log10_min_child_weight": 4.161499506213864, "log10_subsample": -0.9060753593930777, "max_depth": 4.0, "num_boost_round": 8.0}, "datetime": {"datetime": "2024-01-19 01:54:28", "elapsed": 6172.818304, "delta": 0.006234}}
{"target": -13.758528104725183, "params": {"gamma": 471.51038778612275, "log10_alpha": -4.046710840715516, "log10_colsample_bytree": -0.7202531031628524, "log10_eta": -2.8983575207702454, "log10_lambda": -4.57663498563421, "log10_min_child_weight": 4.161499506213864, "log10_subsample": -0.9060753593930777, "max_depth": 4.0, "num_boost_round": 9.0}, "datetime": {"datetime": "2024-01-19 01:54:28", "elapsed": 6172.824354, "delta": 0.00605}}
{"target": -13.75851721327199, "params": {"gamma": 471.51038778612275, "log10_alpha": -4.046710840715516, "log10_colsample_bytree": -0.7202531031628524, "log10_eta": -2.8983575207702454, "log10_lambda": -4.57663498563421, "log10_min_child_weight": 4.161499506213864, "log10_subsample": -0.9060753593930777, "max_depth": 4.0, "num_boost_round": 10.0}, "datetime": {"datetime": "2024-01-19 01:54:28", "elapsed": 6172.830474, "delta": 0.00612}}
{"target": -13.758508334922759, "params": {"gamma": 471.51038778612275, "log10_alpha": -4.046710840715516, "log10_colsample_bytree": -0.7202531031628524, "log10_eta": -2.8983575207702454, "log10_lambda": -4.57663498563421, "log10_min_child_weight": 4.161499506213864, "log10_subsample": -0.9060753593930777, "max_depth": 4.0, "num_boost_round": 11.0}, "datetime": {"datetime": "2024-01-19 01:54:28", "elapsed": 6172.836539, "delta": 0.006065}}
{"target": -13.758512793413711, "params": {"gamma": 471.51038778612275, "log10_alpha": -4.046710840715516, "log10_colsample_bytree": -0.7202531031628524, "log10_eta": -2.8983575207702454, "log10_lambda": -4.57663498563421, "log10_min_child_weight": 4.161499506213864, "log10_subsample": -0.9060753593930777, "max_depth": 4.0, "num_boost_round": 12.0}, "datetime": {"datetime": "2024-01-19 01:54:28", "elapsed": 6172.842594, "delta": 0.006055}}
{"target": -13.758511544443971, "params": {"gamma": 471.51038778612275, "log10_alpha": -4.046710840715516, "log10_colsample_bytree": -0.7202531031628524, "log10_eta": -2.8983575207702454, "log10_lambda": -4.57663498563421, "log10_min_child_weight": 4.161499506213864, "log10_subsample": -0.9060753593930777, "max_depth": 4.0, "num_boost_round": 13.0}, "datetime": {"datetime": "2024-01-19 01:54:28", "elapsed": 6172.8487, "delta": 0.006106}}
{"target": -13.758509352325984, "params": {"gamma": 471.51038778612275, "log10_alpha": -4.046710840715516, "log10_colsample_bytree": -0.7202531031628524, "log10_eta": -2.8983575207702454, "log10_lambda": -4.57663498563421, "log10_min_child_weight": 4.161499506213864, "log10_subsample": -0.9060753593930777, "max_depth": 4.0, "num_boost_round": 14.0}, "datetime": {"datetime": "2024-01-19 01:54:28", "elapsed": 6172.858456, "delta": 0.009756}}
{"target": -13.758499192685417, "params": {"gamma": 471.51038778612275, "log10_alpha": -4.046710840715516, "log10_colsample_bytree": -0.7202531031628524, "log10_eta": -2.8983575207702454, "log10_lambda": -4.57663498563421, "log10_min_child_weight": 4.161499506213864, "log10_subsample": -0.9060753593930777, "max_depth": 4.0, "num_boost_round": 15.0}, "datetime": {"datetime": "2024-01-19 01:54:28", "elapsed": 6172.864528, "delta": 0.006072}}
{"target": -13.758489668076384, "params": {"gamma": 471.51038778612275, "log10_alpha": -4.046710840715516, "log10_colsample_bytree": -0.7202531031628524, "log10_eta": -2.8983575207702454, "log10_lambda": -4.57663498563421, "log10_min_child_weight": 4.161499506213864, "log10_subsample": -0.9060753593930777, "max_depth": 4.0, "num_boost_round": 16.0}, "datetime": {"datetime": "2024-01-19 01:54:28", "elapsed": 6172.870554, "delta": 0.006026}}
{"target": -13.758491081047836, "params": {"gamma": 471.51038778612275, "log10_alpha": -4.046710840715516, "log10_colsample_bytree": -0.7202531031628524, "log10_eta": -2.8983575207702454, "log10_lambda": -4.57663498563421, "log10_min_child_weight": 4.161499506213864, "log10_subsample": -0.9060753593930777, "max_depth": 4.0, "num_boost_round": 17.0}, "datetime": {"datetime": "2024-01-19 01:54:28", "elapsed": 6172.876828, "delta": 0.006274}}
{"target": -13.758493101698912, "params": {"gamma": 471.51038778612275, "log10_alpha": -4.046710840715516, "log10_colsample_bytree": -0.7202531031628524, "log10_eta": -2.8983575207702454, "log10_lambda": -4.57663498563421, "log10_min_child_weight": 4.161499506213864, "log10_subsample": -0.9060753593930777, "max_depth": 4.0, "num_boost_round": 18.0}, "datetime": {"datetime": "2024-01-19 01:54:28", "elapsed": 6172.88295, "delta": 0.006122}}
{"target": -13.758491596709225, "params": {"gamma": 471.51038778612275, "log10_alpha": -4.046710840715516, "log10_colsample_bytree": -0.7202531031628524, "log10_eta": -2.8983575207702454, "log10_lambda": -4.57663498563421, "log10_min_child_weight": 4.161499506213864, "log10_subsample": -0.9060753593930777, "max_depth": 4.0, "num_boost_round": 19.0}, "datetime": {"datetime": "2024-01-19 01:54:28", "elapsed": 6172.889216, "delta": 0.006266}}
{"target": -13.758490128320467, "params": {"gamma": 471.51038778612275, "log10_alpha": -4.046710840715516, "log10_colsample_bytree": -0.7202531031628524, "log10_eta": -2.8983575207702454, "log10_lambda": -4.57663498563421, "log10_min_child_weight": 4.161499506213864, "log10_subsample": -0.9060753593930777, "max_depth": 4.0, "num_boost_round": 20.0}, "datetime": {"datetime": "2024-01-19 01:54:28", "elapsed": 6172.895272, "delta": 0.006056}}
{"target": -13.7584993912988, "params": {"gamma": 471.51038778612275, "log10_alpha": -4.046710840715516, "log10_colsample_bytree": -0.7202531031628524, "log10_eta": -2.8983575207702454, "log10_lambda": -4.57663498563421, "log10_min_child_weight": 4.161499506213864, "log10_subsample": -0.9060753593930777, "max_depth": 4.0, "num_boost_round": 21.0}, "datetime": {"datetime": "2024-01-19 01:54:28", "elapsed": 6172.901277, "delta": 0.006005}}
{"target": -13.758480916361844, "params": {"gamma": 471.51038778612275, "log10_alpha": -4.046710840715516, "log10_colsample_bytree": -0.7202531031628524, "log10_eta": -2.8983575207702454, "log10_lambda": -4.57663498563421, "log10_min_child_weight": 4.161499506213864, "log10_subsample": -0.9060753593930777, "max_depth": 4.0, "num_boost_round": 22.0}, "datetime": {"datetime": "2024-01-19 01:54:28", "elapsed": 6172.907262, "delta": 0.005985}}
{"target": -13.758470964392671, "params": {"gamma": 471.51038778612275, "log10_alpha": -4.046710840715516, "log10_colsample_bytree": -0.7202531031628524, "log10_eta": -2.8983575207702454, "log10_lambda": -4.57663498563421, "log10_min_child_weight": 4.161499506213864, "log10_subsample": -0.9060753593930777, "max_depth": 4.0, "num_boost_round": 23.0}, "datetime": {"datetime": "2024-01-19 01:54:28", "elapsed": 6172.913334, "delta": 0.006072}}
{"target": -13.758471867920504, "params": {"gamma": 471.51038778612275, "log10_alpha": -4.046710840715516, "log10_colsample_bytree": -0.7202531031628524, "log10_eta": -2.8983575207702454, "log10_lambda": -4.57663498563421, "log10_min_child_weight": 4.161499506213864, "log10_subsample": -0.9060753593930777, "max_depth": 4.0, "num_boost_round": 24.0}, "datetime": {"datetime": "2024-01-19 01:54:28", "elapsed": 6172.920137, "delta": 0.006803}}
{"target": -13.758470336290852, "params": {"gamma": 471.51038778612275, "log10_alpha": -4.046710840715516, "log10_colsample_bytree": -0.7202531031628524, "log10_eta": -2.8983575207702454, "log10_lambda": -4.57663498563421, "log10_min_child_weight": 4.161499506213864, "log10_subsample": -0.9060753593930777, "max_depth": 4.0, "num_boost_round": 25.0}, "datetime": {"datetime": "2024-01-19 01:54:28", "elapsed": 6172.92635, "delta": 0.006213}}
{"target": -13.75846028929306, "params": {"gamma": 471.51038778612275, "log10_alpha": -4.046710840715516, "log10_colsample_bytree": -0.7202531031628524, "log10_eta": -2.8983575207702454, "log10_lambda": -4.57663498563421, "log10_min_child_weight": 4.161499506213864, "log10_subsample": -0.9060753593930777, "max_depth": 4.0, "num_boost_round": 26.0}, "datetime": {"datetime": "2024-01-19 01:54:28", "elapsed": 6172.932525, "delta": 0.006175}}
{"target": -13.758444687498338, "params": {"gamma": 471.51038778612275, "log10_alpha": -4.046710840715516, "log10_colsample_bytree": -0.7202531031628524, "log10_eta": -2.8983575207702454, "log10_lambda": -4.57663498563421, "log10_min_child_weight": 4.161499506213864, "log10_subsample": -0.9060753593930777, "max_depth": 4.0, "num_boost_round": 27.0}, "datetime": {"datetime": "2024-01-19 01:54:29", "elapsed": 6173.026342, "delta": 0.093817}}
{"target": -13.758434129569034, "params": {"gamma": 471.51038778612275, "log10_alpha": -4.046710840715516, "log10_colsample_bytree": -0.7202531031628524, "log10_eta": -2.8983575207702454, "log10_lambda": -4.57663498563421, "log10_min_child_weight": 4.161499506213864, "log10_subsample": -0.9060753593930777, "max_depth": 4.0, "num_boost_round": 28.0}, "datetime": {"datetime": "2024-01-19 01:54:29", "elapsed": 6173.033548, "delta": 0.007206}}
{"target": -13.758438141717608, "params": {"gamma": 471.51038778612275, "log10_alpha": -4.046710840715516, "log10_colsample_bytree": -0.7202531031628524, "log10_eta": -2.8983575207702454, "log10_lambda": -4.57663498563421, "log10_min_child_weight": 4.161499506213864, "log10_subsample": -0.9060753593930777, "max_depth": 4.0, "num_boost_round": 29.0}, "datetime": {"datetime": "2024-01-19 01:54:29", "elapsed": 6173.039986, "delta": 0.006438}}
{"target": -13.758431378636326, "params": {"gamma": 471.51038778612275, "log10_alpha": -4.046710840715516, "log10_colsample_bytree": -0.7202531031628524, "log10_eta": -2.8983575207702454, "log10_lambda": -4.57663498563421, "log10_min_child_weight": 4.161499506213864, "log10_subsample": -0.9060753593930777, "max_depth": 4.0, "num_boost_round": 30.0}, "datetime": {"datetime": "2024-01-19 01:54:29", "elapsed": 6173.046299, "delta": 0.006313}}
{"target": -13.758427235370828, "params": {"gamma": 471.51038778612275, "log10_alpha": -4.046710840715516, "log10_colsample_bytree": -0.7202531031628524, "log10_eta": -2.8983575207702454, "log10_lambda": -4.57663498563421, "log10_min_child_weight": 4.161499506213864, "log10_subsample": -0.9060753593930777, "max_depth": 4.0, "num_boost_round": 31.0}, "datetime": {"datetime": "2024-01-19 01:54:29", "elapsed": 6173.052557, "delta": 0.006258}}
{"target": -13.75842593214172, "params": {"gamma": 471.51038778612275, "log10_alpha": -4.046710840715516, "log10_colsample_bytree": -0.7202531031628524, "log10_eta": -2.8983575207702454, "log10_lambda": -4.57663498563421, "log10_min_child_weight": 4.161499506213864, "log10_subsample": -0.9060753593930777, "max_depth": 4.0, "num_boost_round": 32.0}, "datetime": {"datetime": "2024-01-19 01:54:29", "elapsed": 6173.058838, "delta": 0.006281}}
{"target": -13.758411189896114, "params": {"gamma": 471.51038778612275, "log10_alpha": -4.046710840715516, "log10_colsample_bytree": -0.7202531031628524, "log10_eta": -2.8983575207702454, "log10_lambda": -4.57663498563421, "log10_min_child_weight": 4.161499506213864, "log10_subsample": -0.9060753593930777, "max_depth": 4.0, "num_boost_round": 33.0}, "datetime": {"datetime": "2024-01-19 01:54:29", "elapsed": 6173.065144, "delta": 0.006306}}
{"target": -13.758407263384642, "params": {"gamma": 471.51038778612275, "log10_alpha": -4.046710840715516, "log10_colsample_bytree": -0.7202531031628524, "log10_eta": -2.8983575207702454, "log10_lambda": -4.57663498563421, "log10_min_child_weight": 4.161499506213864, "log10_subsample": -0.9060753593930777, "max_depth": 4.0, "num_boost_round": 34.0}, "datetime": {"datetime": "2024-01-19 01:54:29", "elapsed": 6173.07142, "delta": 0.006276}}
{"target": -13.758401747453037, "params": {"gamma": 471.51038778612275, "log10_alpha": -4.046710840715516, "log10_colsample_bytree": -0.7202531031628524, "log10_eta": -2.8983575207702454, "log10_lambda": -4.57663498563421, "log10_min_child_weight": 4.161499506213864, "log10_subsample": -0.9060753593930777, "max_depth": 4.0, "num_boost_round": 35.0}, "datetime": {"datetime": "2024-01-19 01:54:29", "elapsed": 6173.077631, "delta": 0.006211}}
{"target": -13.758400765756427, "params": {"gamma": 471.51038778612275, "log10_alpha": -4.046710840715516, "log10_colsample_bytree": -0.7202531031628524, "log10_eta": -2.8983575207702454, "log10_lambda": -4.57663498563421, "log10_min_child_weight": 4.161499506213864, "log10_subsample": -0.9060753593930777, "max_depth": 4.0, "num_boost_round": 36.0}, "datetime": {"datetime": "2024-01-19 01:54:29", "elapsed": 6173.083847, "delta": 0.006216}}
{"target": -13.758392218799592, "params": {"gamma": 471.51038778612275, "log10_alpha": -4.046710840715516, "log10_colsample_bytree": -0.7202531031628524, "log10_eta": -2.8983575207702454, "log10_lambda": -4.57663498563421, "log10_min_child_weight": 4.161499506213864, "log10_subsample": -0.9060753593930777, "max_depth": 4.0, "num_boost_round": 37.0}, "datetime": {"datetime": "2024-01-19 01:54:29", "elapsed": 6173.090123, "delta": 0.006276}}
{"target": -13.758387500992056, "params": {"gamma": 471.51038778612275, "log10_alpha": -4.046710840715516, "log10_colsample_bytree": -0.7202531031628524, "log10_eta": -2.8983575207702454, "log10_lambda": -4.57663498563421, "log10_min_child_weight": 4.161499506213864, "log10_subsample": -0.9060753593930777, "max_depth": 4.0, "num_boost_round": 38.0}, "datetime": {"datetime": "2024-01-19 01:54:29", "elapsed": 6173.09637, "delta": 0.006247}}
{"target": -13.758375810075675, "params": {"gamma": 471.51038778612275, "log10_alpha": -4.046710840715516, "log10_colsample_bytree": -0.7202531031628524, "log10_eta": -2.8983575207702454, "log10_lambda": -4.57663498563421, "log10_min_child_weight": 4.161499506213864, "log10_subsample": -0.9060753593930777, "max_depth": 4.0, "num_boost_round": 39.0}, "datetime": {"datetime": "2024-01-19 01:54:29", "elapsed": 6173.102675, "delta": 0.006305}}
{"target": -13.758374619890155, "params": {"gamma": 471.51038778612275, "log10_alpha": -4.046710840715516, "log10_colsample_bytree": -0.7202531031628524, "log10_eta": -2.8983575207702454, "log10_lambda": -4.57663498563421, "log10_min_child_weight": 4.161499506213864, "log10_subsample": -0.9060753593930777, "max_depth": 4.0, "num_boost_round": 40.0}, "datetime": {"datetime": "2024-01-19 01:54:29", "elapsed": 6173.108889, "delta": 0.006214}}
{"target": -13.758364258127205, "params": {"gamma": 471.51038778612275, "log10_alpha": -4.046710840715516, "log10_colsample_bytree": -0.7202531031628524, "log10_eta": -2.8983575207702454, "log10_lambda": -4.57663498563421, "log10_min_child_weight": 4.161499506213864, "log10_subsample": -0.9060753593930777, "max_depth": 4.0, "num_boost_round": 41.0}, "datetime": {"datetime": "2024-01-19 01:54:29", "elapsed": 6173.115202, "delta": 0.006313}}
{"target": -13.758356177623119, "params": {"gamma": 471.51038778612275, "log10_alpha": -4.046710840715516, "log10_colsample_bytree": -0.7202531031628524, "log10_eta": -2.8983575207702454, "log10_lambda": -4.57663498563421, "log10_min_child_weight": 4.161499506213864, "log10_subsample": -0.9060753593930777, "max_depth": 4.0, "num_boost_round": 42.0}, "datetime": {"datetime": "2024-01-19 01:54:29", "elapsed": 6173.12158, "delta": 0.006378}}
{"target": -13.758345273390114, "params": {"gamma": 471.51038778612275, "log10_alpha": -4.046710840715516, "log10_colsample_bytree": -0.7202531031628524, "log10_eta": -2.8983575207702454, "log10_lambda": -4.57663498563421, "log10_min_child_weight": 4.161499506213864, "log10_subsample": -0.9060753593930777, "max_depth": 4.0, "num_boost_round": 43.0}, "datetime": {"datetime": "2024-01-19 01:54:29", "elapsed": 6173.12861, "delta": 0.00703}}
{"target": -13.758340415687337, "params": {"gamma": 471.51038778612275, "log10_alpha": -4.046710840715516, "log10_colsample_bytree": -0.7202531031628524, "log10_eta": -2.8983575207702454, "log10_lambda": -4.57663498563421, "log10_min_child_weight": 4.161499506213864, "log10_subsample": -0.9060753593930777, "max_depth": 4.0, "num_boost_round": 44.0}, "datetime": {"datetime": "2024-01-19 01:54:29", "elapsed": 6173.135879, "delta": 0.007269}}
{"target": -13.75833438021619, "params": {"gamma": 485.7871425087855, "log10_alpha": -2.5623761563435945, "log10_colsample_bytree": -0.17227808636659014, "log10_eta": -1.4662453214372282, "log10_lambda": -4.796143313667922, "log10_min_child_weight": 4.24646415948381, "log10_subsample": -0.8537174508316815, "max_depth": 8.0, "num_boost_round": 0.0}, "datetime": {"datetime": "2024-01-19 01:56:15", "elapsed": 6279.909016, "delta": 106.773137}}
{"target": -13.758343166849244, "params": {"gamma": 485.7871425087855, "log10_alpha": -2.5623761563435945, "log10_colsample_bytree": -0.17227808636659014, "log10_eta": -1.4662453214372282, "log10_lambda": -4.796143313667922, "log10_min_child_weight": 4.24646415948381, "log10_subsample": -0.8537174508316815, "max_depth": 8.0, "num_boost_round": 1.0}, "datetime": {"datetime": "2024-01-19 01:56:15", "elapsed": 6279.91626, "delta": 0.007244}}
{"target": -13.758658040750298, "params": {"gamma": 485.7871425087855, "log10_alpha": -2.5623761563435945, "log10_colsample_bytree": -0.17227808636659014, "log10_eta": -1.4662453214372282, "log10_lambda": -4.796143313667922, "log10_min_child_weight": 4.24646415948381, "log10_subsample": -0.8537174508316815, "max_depth": 8.0, "num_boost_round": 2.0}, "datetime": {"datetime": "2024-01-19 01:56:16", "elapsed": 6280.023923, "delta": 0.107663}}
{"target": -13.758877851919458, "params": {"gamma": 485.7871425087855, "log10_alpha": -2.5623761563435945, "log10_colsample_bytree": -0.17227808636659014, "log10_eta": -1.4662453214372282, "log10_lambda": -4.796143313667922, "log10_min_child_weight": 4.24646415948381, "log10_subsample": -0.8537174508316815, "max_depth": 8.0, "num_boost_round": 3.0}, "datetime": {"datetime": "2024-01-19 01:56:16", "elapsed": 6280.03187, "delta": 0.007947}}
{"target": -13.758916851859079, "params": {"gamma": 485.7871425087855, "log10_alpha": -2.5623761563435945, "log10_colsample_bytree": -0.17227808636659014, "log10_eta": -1.4662453214372282, "log10_lambda": -4.796143313667922, "log10_min_child_weight": 4.24646415948381, "log10_subsample": -0.8537174508316815, "max_depth": 8.0, "num_boost_round": 4.0}, "datetime": {"datetime": "2024-01-19 01:56:16", "elapsed": 6280.038417, "delta": 0.006547}}
{"target": -13.759064693736041, "params": {"gamma": 485.7871425087855, "log10_alpha": -2.5623761563435945, "log10_colsample_bytree": -0.17227808636659014, "log10_eta": -1.4662453214372282, "log10_lambda": -4.796143313667922, "log10_min_child_weight": 4.24646415948381, "log10_subsample": -0.8537174508316815, "max_depth": 8.0, "num_boost_round": 5.0}, "datetime": {"datetime": "2024-01-19 01:56:16", "elapsed": 6280.044578, "delta": 0.006161}}
{"target": -13.759200977364287, "params": {"gamma": 485.7871425087855, "log10_alpha": -2.5623761563435945, "log10_colsample_bytree": -0.17227808636659014, "log10_eta": -1.4662453214372282, "log10_lambda": -4.796143313667922, "log10_min_child_weight": 4.24646415948381, "log10_subsample": -0.8537174508316815, "max_depth": 8.0, "num_boost_round": 6.0}, "datetime": {"datetime": "2024-01-19 01:56:16", "elapsed": 6280.050713, "delta": 0.006135}}
{"target": -13.759272704764786, "params": {"gamma": 485.7871425087855, "log10_alpha": -2.5623761563435945, "log10_colsample_bytree": -0.17227808636659014, "log10_eta": -1.4662453214372282, "log10_lambda": -4.796143313667922, "log10_min_child_weight": 4.24646415948381, "log10_subsample": -0.8537174508316815, "max_depth": 8.0, "num_boost_round": 7.0}, "datetime": {"datetime": "2024-01-19 01:56:16", "elapsed": 6280.056799, "delta": 0.006086}}
{"target": -13.759558563468612, "params": {"gamma": 485.7871425087855, "log10_alpha": -2.5623761563435945, "log10_colsample_bytree": -0.17227808636659014, "log10_eta": -1.4662453214372282, "log10_lambda": -4.796143313667922, "log10_min_child_weight": 4.24646415948381, "log10_subsample": -0.8537174508316815, "max_depth": 8.0, "num_boost_round": 8.0}, "datetime": {"datetime": "2024-01-19 01:56:16", "elapsed": 6280.062987, "delta": 0.006188}}
{"target": -13.759560086019704, "params": {"gamma": 485.7871425087855, "log10_alpha": -2.5623761563435945, "log10_colsample_bytree": -0.17227808636659014, "log10_eta": -1.4662453214372282, "log10_lambda": -4.796143313667922, "log10_min_child_weight": 4.24646415948381, "log10_subsample": -0.8537174508316815, "max_depth": 8.0, "num_boost_round": 9.0}, "datetime": {"datetime": "2024-01-19 01:56:16", "elapsed": 6280.069115, "delta": 0.006128}}
