{"target": -17.6772135604272, "params": {"gamma": 423.1806955430336, "log10_alpha": -4.781631150808209, "log10_colsample_bytree": -0.35253414115320014, "log10_eta": -3.5042178475683285, "log10_lambda": -2.115707442880633, "log10_min_child_weight": 2.896128652912484, "log10_subsample": -0.7515995850888973, "max_depth": 2.0, "num_boost_round": 2.0}, "datetime": {"datetime": "2024-01-19 00:55:33", "elapsed": 2625.855141, "delta": 0.003707}}
{"target": -17.677214713431447, "params": {"gamma": 423.1806955430336, "log10_alpha": -4.781631150808209, "log10_colsample_bytree": -0.35253414115320014, "log10_eta": -3.5042178475683285, "log10_lambda": -2.115707442880633, "log10_min_child_weight": 2.896128652912484, "log10_subsample": -0.7515995850888973, "max_depth": 2.0, "num_boost_round": 3.0}, "datetime": {"datetime": "2024-01-19 00:55:33", "elapsed": 2625.858622, "delta": 0.003481}}
{"target": -17.677209078962914, "params": {"gamma": 423.1806955430336, "log10_alpha": -4.781631150808209, "log10_colsample_bytree": -0.35253414115320014, "log10_eta": -3.5042178475683285, "log10_lambda": -2.115707442880633, "log10_min_child_weight": 2.896128652912484, "log10_subsample": -0.7515995850888973, "max_depth": 2.0, "num_boost_round": 4.0}, "datetime": {"datetime": "2024-01-19 00:55:33", "elapsed": 2625.862155, "delta": 0.003533}}
{"target": -17.67720430084677, "params": {"gamma": 423.1806955430336, "log10_alpha": -4.781631150808209, "log10_colsample_bytree": -0.35253414115320014, "log10_eta": -3.5042178475683285, "log10_lambda": -2.115707442880633, "log10_min_child_weight": 2.896128652912484, "log10_subsample": -0.7515995850888973, "max_depth": 2.0, "num_boost_round": 5.0}, "datetime": {"datetime": "2024-01-19 00:55:33", "elapsed": 2625.865565, "delta": 0.00341}}
{"target": -17.677194459078134, "params": {"gamma": 423.1806955430336, "log10_alpha": -4.781631150808209, "log10_colsample_bytree": -0.35253414115320014, "log10_eta": -3.5042178475683285, "log10_lambda": -2.115707442880633, "log10_min_child_weight": 2.896128652912484, "log10_subsample": -0.7515995850888973, "max_depth": 2.0, "num_boost_round": 6.0}, "datetime": {"datetime": "2024-01-19 00:55:33", "elapsed": 2625.869419, "delta": 0.003854}}
{"target": -17.677186172848593, "params": {"gamma": 423.1806955430336, "log10_alpha": -4.781631150808209, "log10_colsample_bytree": -0.35253414115320014, "log10_eta": -3.5042178475683285, "log10_lambda": -2.115707442880633, "log10_min_child_weight": 2.896128652912484, "log10_subsample": -0.7515995850888973, "max_depth": 2.0, "num_boost_round": 7.0}, "datetime": {"datetime": "2024-01-19 00:55:33", "elapsed": 2625.873186, "delta": 0.003767}}
{"target": -17.677187393217732, "params": {"gamma": 423.1806955430336, "log10_alpha": -4.781631150808209, "log10_colsample_bytree": -0.35253414115320014, "log10_eta": -3.5042178475683285, "log10_lambda": -2.115707442880633, "log10_min_child_weight": 2.896128652912484, "log10_subsample": -0.7515995850888973, "max_depth": 2.0, "num_boost_round": 8.0}, "datetime": {"datetime": "2024-01-19 00:55:33", "elapsed": 2625.876657, "delta": 0.003471}}
{"target": -17.677172536308934, "params": {"gamma": 423.1806955430336, "log10_alpha": -4.781631150808209, "log10_colsample_bytree": -0.35253414115320014, "log10_eta": -3.5042178475683285, "log10_lambda": -2.115707442880633, "log10_min_child_weight": 2.896128652912484, "log10_subsample": -0.7515995850888973, "max_depth": 2.0, "num_boost_round": 9.0}, "datetime": {"datetime": "2024-01-19 00:55:33", "elapsed": 2625.880081, "delta": 0.003424}}
{"target": -17.67722852222599, "params": {"gamma": 415.6115776331868, "log10_alpha": 0.41293400718619466, "log10_colsample_bytree": -0.8955262896846887, "log10_eta": -3.8263146973479603, "log10_lambda": 0.8952250268052451, "log10_min_child_weight": 1.1319701388638126, "log10_subsample": -0.017233678424301346, "max_depth": 4.0, "num_boost_round": 0.0}, "datetime": {"datetime": "2024-01-19 00:56:22", "elapsed": 2674.686225, "delta": 48.806144}}
{"target": -17.677222697344813, "params": {"gamma": 415.6115776331868, "log10_alpha": 0.41293400718619466, "log10_colsample_bytree": -0.8955262896846887, "log10_eta": -3.8263146973479603, "log10_lambda": 0.8952250268052451, "log10_min_child_weight": 1.1319701388638126, "log10_subsample": -0.017233678424301346, "max_depth": 4.0, "num_boost_round": 1.0}, "datetime": {"datetime": "2024-01-19 00:56:22", "elapsed": 2674.694157, "delta": 0.007932}}
{"target": -17.677220591324744, "params": {"gamma": 415.6115776331868, "log10_alpha": 0.41293400718619466, "log10_colsample_bytree": -0.8955262896846887, "log10_eta": -3.8263146973479603, "log10_lambda": 0.8952250268052451, "log10_min_child_weight": 1.1319701388638126, "log10_subsample": -0.017233678424301346, "max_depth": 4.0, "num_boost_round": 2.0}, "datetime": {"datetime": "2024-01-19 00:56:22", "elapsed": 2674.697679, "delta": 0.003522}}
{"target": -17.677219563719806, "params": {"gamma": 415.6115776331868, "log10_alpha": 0.41293400718619466, "log10_colsample_bytree": -0.8955262896846887, "log10_eta": -3.8263146973479603, "log10_lambda": 0.8952250268052451, "log10_min_child_weight": 1.1319701388638126, "log10_subsample": -0.017233678424301346, "max_depth": 4.0, "num_boost_round": 3.0}, "datetime": {"datetime": "2024-01-19 00:56:22", "elapsed": 2674.701232, "delta": 0.003553}}
{"target": -17.677213970038704, "params": {"gamma": 415.6115776331868, "log10_alpha": 0.41293400718619466, "log10_colsample_bytree": -0.8955262896846887, "log10_eta": -3.8263146973479603, "log10_lambda": 0.8952250268052451, "log10_min_child_weight": 1.1319701388638126, "log10_subsample": -0.017233678424301346, "max_depth": 4.0, "num_boost_round": 4.0}, "datetime": {"datetime": "2024-01-19 00:56:22", "elapsed": 2674.704729, "delta": 0.003497}}
{"target": -17.67721113980526, "params": {"gamma": 415.6115776331868, "log10_alpha": 0.41293400718619466, "log10_colsample_bytree": -0.8955262896846887, "log10_eta": -3.8263146973479603, "log10_lambda": 0.8952250268052451, "log10_min_child_weight": 1.1319701388638126, "log10_subsample": -0.017233678424301346, "max_depth": 4.0, "num_boost_round": 5.0}, "datetime": {"datetime": "2024-01-19 00:56:22", "elapsed": 2674.70825, "delta": 0.003521}}
{"target": -17.677212154767123, "params": {"gamma": 415.6115776331868, "log10_alpha": 0.41293400718619466, "log10_colsample_bytree": -0.8955262896846887, "log10_eta": -3.8263146973479603, "log10_lambda": 0.8952250268052451, "log10_min_child_weight": 1.1319701388638126, "log10_subsample": -0.017233678424301346, "max_depth": 4.0, "num_boost_round": 6.0}, "datetime": {"datetime": "2024-01-19 00:56:22", "elapsed": 2674.711747, "delta": 0.003497}}
{"target": -17.677202285150265, "params": {"gamma": 415.6115776331868, "log10_alpha": 0.41293400718619466, "log10_colsample_bytree": -0.8955262896846887, "log10_eta": -3.8263146973479603, "log10_lambda": 0.8952250268052451, "log10_min_child_weight": 1.1319701388638126, "log10_subsample": -0.017233678424301346, "max_depth": 4.0, "num_boost_round": 7.0}, "datetime": {"datetime": "2024-01-19 00:56:22", "elapsed": 2674.715203, "delta": 0.003456}}
{"target": -17.677203449332286, "params": {"gamma": 415.6115776331868, "log10_alpha": 0.41293400718619466, "log10_colsample_bytree": -0.8955262896846887, "log10_eta": -3.8263146973479603, "log10_lambda": 0.8952250268052451, "log10_min_child_weight": 1.1319701388638126, "log10_subsample": -0.017233678424301346, "max_depth": 4.0, "num_boost_round": 8.0}, "datetime": {"datetime": "2024-01-19 00:56:22", "elapsed": 2674.718622, "delta": 0.003419}}
{"target": -17.67720107527092, "params": {"gamma": 415.6115776331868, "log10_alpha": 0.41293400718619466, "log10_colsample_bytree": -0.8955262896846887, "log10_eta": -3.8263146973479603, "log10_lambda": 0.8952250268052451, "log10_min_child_weight": 1.1319701388638126, "log10_subsample": -0.017233678424301346, "max_depth": 4.0, "num_boost_round": 9.0}, "datetime": {"datetime": "2024-01-19 00:56:22", "elapsed": 2674.722052, "delta": 0.00343}}
{"target": -17.677194751408162, "params": {"gamma": 415.6115776331868, "log10_alpha": 0.41293400718619466, "log10_colsample_bytree": -0.8955262896846887, "log10_eta": -3.8263146973479603, "log10_lambda": 0.8952250268052451, "log10_min_child_weight": 1.1319701388638126, "log10_subsample": -0.017233678424301346, "max_depth": 4.0, "num_boost_round": 10.0}, "datetime": {"datetime": "2024-01-19 00:56:22", "elapsed": 2674.725433, "delta": 0.003381}}
{"target": -17.677186338963523, "params": {"gamma": 415.6115776331868, "log10_alpha": 0.41293400718619466, "log10_colsample_bytree": -0.8955262896846887, "log10_eta": -3.8263146973479603, "log10_lambda": 0.8952250268052451, "log10_min_child_weight": 1.1319701388638126, "log10_subsample": -0.017233678424301346, "max_depth": 4.0, "num_boost_round": 11.0}, "datetime": {"datetime": "2024-01-19 00:56:22", "elapsed": 2674.728939, "delta": 0.003506}}
{"target": -17.677177867278267, "params": {"gamma": 415.6115776331868, "log10_alpha": 0.41293400718619466, "log10_colsample_bytree": -0.8955262896846887, "log10_eta": -3.8263146973479603, "log10_lambda": 0.8952250268052451, "log10_min_child_weight": 1.1319701388638126, "log10_subsample": -0.017233678424301346, "max_depth": 4.0, "num_boost_round": 12.0}, "datetime": {"datetime": "2024-01-19 00:56:22", "elapsed": 2674.732546, "delta": 0.003607}}
{"target": -17.677167336232053, "params": {"gamma": 415.6115776331868, "log10_alpha": 0.41293400718619466, "log10_colsample_bytree": -0.8955262896846887, "log10_eta": -3.8263146973479603, "log10_lambda": 0.8952250268052451, "log10_min_child_weight": 1.1319701388638126, "log10_subsample": -0.017233678424301346, "max_depth": 4.0, "num_boost_round": 13.0}, "datetime": {"datetime": "2024-01-19 00:56:22", "elapsed": 2674.736036, "delta": 0.00349}}
{"target": -17.677166252171123, "params": {"gamma": 415.6115776331868, "log10_alpha": 0.41293400718619466, "log10_colsample_bytree": -0.8955262896846887, "log10_eta": -3.8263146973479603, "log10_lambda": 0.8952250268052451, "log10_min_child_weight": 1.1319701388638126, "log10_subsample": -0.017233678424301346, "max_depth": 4.0, "num_boost_round": 14.0}, "datetime": {"datetime": "2024-01-19 00:56:22", "elapsed": 2674.739419, "delta": 0.003383}}
{"target": -17.67716159896177, "params": {"gamma": 415.6115776331868, "log10_alpha": 0.41293400718619466, "log10_colsample_bytree": -0.8955262896846887, "log10_eta": -3.8263146973479603, "log10_lambda": 0.8952250268052451, "log10_min_child_weight": 1.1319701388638126, "log10_subsample": -0.017233678424301346, "max_depth": 4.0, "num_boost_round": 15.0}, "datetime": {"datetime": "2024-01-19 00:56:22", "elapsed": 2674.742803, "delta": 0.003384}}
{"target": -17.677158691975063, "params": {"gamma": 415.6115776331868, "log10_alpha": 0.41293400718619466, "log10_colsample_bytree": -0.8955262896846887, "log10_eta": -3.8263146973479603, "log10_lambda": 0.8952250268052451, "log10_min_child_weight": 1.1319701388638126, "log10_subsample": -0.017233678424301346, "max_depth": 4.0, "num_boost_round": 16.0}, "datetime": {"datetime": "2024-01-19 00:56:22", "elapsed": 2674.746462, "delta": 0.003659}}
{"target": -17.67715279999842, "params": {"gamma": 415.6115776331868, "log10_alpha": 0.41293400718619466, "log10_colsample_bytree": -0.8955262896846887, "log10_eta": -3.8263146973479603, "log10_lambda": 0.8952250268052451, "log10_min_child_weight": 1.1319701388638126, "log10_subsample": -0.017233678424301346, "max_depth": 4.0, "num_boost_round": 17.0}, "datetime": {"datetime": "2024-01-19 00:56:22", "elapsed": 2674.74987, "delta": 0.003408}}
{"target": -17.677146593672084, "params": {"gamma": 415.6115776331868, "log10_alpha": 0.41293400718619466, "log10_colsample_bytree": -0.8955262896846887, "log10_eta": -3.8263146973479603, "log10_lambda": 0.8952250268052451, "log10_min_child_weight": 1.1319701388638126, "log10_subsample": -0.017233678424301346, "max_depth": 4.0, "num_boost_round": 18.0}, "datetime": {"datetime": "2024-01-19 00:56:22", "elapsed": 2674.753303, "delta": 0.003433}}
{"target": -17.67714230254417, "params": {"gamma": 415.6115776331868, "log10_alpha": 0.41293400718619466, "log10_colsample_bytree": -0.8955262896846887, "log10_eta": -3.8263146973479603, "log10_lambda": 0.8952250268052451, "log10_min_child_weight": 1.1319701388638126, "log10_subsample": -0.017233678424301346, "max_depth": 4.0, "num_boost_round": 19.0}, "datetime": {"datetime": "2024-01-19 00:56:22", "elapsed": 2674.756723, "delta": 0.00342}}
{"target": -17.67713540280022, "params": {"gamma": 415.6115776331868, "log10_alpha": 0.41293400718619466, "log10_colsample_bytree": -0.8955262896846887, "log10_eta": -3.8263146973479603, "log10_lambda": 0.8952250268052451, "log10_min_child_weight": 1.1319701388638126, "log10_subsample": -0.017233678424301346, "max_depth": 4.0, "num_boost_round": 20.0}, "datetime": {"datetime": "2024-01-19 00:56:22", "elapsed": 2674.760139, "delta": 0.003416}}
{"target": -17.677170316904842, "params": {"gamma": 420.76012587951175, "log10_alpha": 0.4515526742865319, "log10_colsample_bytree": -0.39143475350007717, "log10_eta": -2.817191883374371, "log10_lambda": -1.6735566221525047, "log10_min_child_weight": 1.8071806897375653, "log10_subsample": -0.8140746532565096, "max_depth": 3.0, "num_boost_round": 0.0}, "datetime": {"datetime": "2024-01-19 00:57:01", "elapsed": 2713.905986, "delta": 39.145847}}
{"target": -17.677118611525696, "params": {"gamma": 420.76012587951175, "log10_alpha": 0.4515526742865319, "log10_colsample_bytree": -0.39143475350007717, "log10_eta": -2.817191883374371, "log10_lambda": -1.6735566221525047, "log10_min_child_weight": 1.8071806897375653, "log10_subsample": -0.8140746532565096, "max_depth": 3.0, "num_boost_round": 1.0}, "datetime": {"datetime": "2024-01-19 00:57:01", "elapsed": 2713.90951, "delta": 0.003524}}
{"target": -17.67707272133494, "params": {"gamma": 420.76012587951175, "log10_alpha": 0.4515526742865319, "log10_colsample_bytree": -0.39143475350007717, "log10_eta": -2.817191883374371, "log10_lambda": -1.6735566221525047, "log10_min_child_weight": 1.8071806897375653, "log10_subsample": -0.8140746532565096, "max_depth": 3.0, "num_boost_round": 2.0}, "datetime": {"datetime": "2024-01-19 00:57:01", "elapsed": 2713.912982, "delta": 0.003472}}
{"target": -17.67702295213835, "params": {"gamma": 420.76012587951175, "log10_alpha": 0.4515526742865319, "log10_colsample_bytree": -0.39143475350007717, "log10_eta": -2.817191883374371, "log10_lambda": -1.6735566221525047, "log10_min_child_weight": 1.8071806897375653, "log10_subsample": -0.8140746532565096, "max_depth": 3.0, "num_boost_round": 3.0}, "datetime": {"datetime": "2024-01-19 00:57:01", "elapsed": 2713.917306, "delta": 0.004324}}
{"target": -17.676983268007692, "params": {"gamma": 420.76012587951175, "log10_alpha": 0.4515526742865319, "log10_colsample_bytree": -0.39143475350007717, "log10_eta": -2.817191883374371, "log10_lambda": -1.6735566221525047, "log10_min_child_weight": 1.8071806897375653, "log10_subsample": -0.8140746532565096, "max_depth": 3.0, "num_boost_round": 4.0}, "datetime": {"datetime": "2024-01-19 00:57:01", "elapsed": 2713.920804, "delta": 0.003498}}
{"target": -17.67692598340326, "params": {"gamma": 420.76012587951175, "log10_alpha": 0.4515526742865319, "log10_colsample_bytree": -0.39143475350007717, "log10_eta": -2.817191883374371, "log10_lambda": -1.6735566221525047, "log10_min_child_weight": 1.8071806897375653, "log10_subsample": -0.8140746532565096, "max_depth": 3.0, "num_boost_round": 5.0}, "datetime": {"datetime": "2024-01-19 00:57:01", "elapsed": 2713.924215, "delta": 0.003411}}
{"target": -17.676887745514634, "params": {"gamma": 420.76012587951175, "log10_alpha": 0.4515526742865319, "log10_colsample_bytree": -0.39143475350007717, "log10_eta": -2.817191883374371, "log10_lambda": -1.6735566221525047, "log10_min_child_weight": 1.8071806897375653, "log10_subsample": -0.8140746532565096, "max_depth": 3.0, "num_boost_round": 6.0}, "datetime": {"datetime": "2024-01-19 00:57:01", "elapsed": 2713.927683, "delta": 0.003468}}
{"target": -17.676830819702126, "params": {"gamma": 420.76012587951175, "log10_alpha": 0.4515526742865319, "log10_colsample_bytree": -0.39143475350007717, "log10_eta": -2.817191883374371, "log10_lambda": -1.6735566221525047, "log10_min_child_weight": 1.8071806897375653, "log10_subsample": -0.8140746532565096, "max_depth": 3.0, "num_boost_round": 7.0}, "datetime": {"datetime": "2024-01-19 00:57:01", "elapsed": 2713.931111, "delta": 0.003428}}
{"target": -17.676802892242385, "params": {"gamma": 420.76012587951175, "log10_alpha": 0.4515526742865319, "log10_colsample_bytree": -0.39143475350007717, "log10_eta": -2.817191883374371, "log10_lambda": -1.6735566221525047, "log10_min_child_weight": 1.8071806897375653, "log10_subsample": -0.8140746532565096, "max_depth": 3.0, "num_boost_round": 8.0}, "datetime": {"datetime": "2024-01-19 00:57:01", "elapsed": 2713.934485, "delta": 0.003374}}
{"target": -17.67674325887549, "params": {"gamma": 420.76012587951175, "log10_alpha": 0.4515526742865319, "log10_colsample_bytree": -0.39143475350007717, "log10_eta": -2.817191883374371, "log10_lambda": -1.6735566221525047, "log10_min_child_weight": 1.8071806897375653, "log10_subsample": -0.8140746532565096, "max_depth": 3.0, "num_boost_round": 9.0}, "datetime": {"datetime": "2024-01-19 00:57:01", "elapsed": 2713.937854, "delta": 0.003369}}
{"target": -17.67669389969113, "params": {"gamma": 420.76012587951175, "log10_alpha": 0.4515526742865319, "log10_colsample_bytree": -0.39143475350007717, "log10_eta": -2.817191883374371, "log10_lambda": -1.6735566221525047, "log10_min_child_weight": 1.8071806897375653, "log10_subsample": -0.8140746532565096, "max_depth": 3.0, "num_boost_round": 10.0}, "datetime": {"datetime": "2024-01-19 00:57:01", "elapsed": 2713.941328, "delta": 0.003474}}
{"target": -17.67662876753035, "params": {"gamma": 420.76012587951175, "log10_alpha": 0.4515526742865319, "log10_colsample_bytree": -0.39143475350007717, "log10_eta": -2.817191883374371, "log10_lambda": -1.6735566221525047, "log10_min_child_weight": 1.8071806897375653, "log10_subsample": -0.8140746532565096, "max_depth": 3.0, "num_boost_round": 11.0}, "datetime": {"datetime": "2024-01-19 00:57:01", "elapsed": 2713.944709, "delta": 0.003381}}
{"target": -17.676555774253085, "params": {"gamma": 420.76012587951175, "log10_alpha": 0.4515526742865319, "log10_colsample_bytree": -0.39143475350007717, "log10_eta": -2.817191883374371, "log10_lambda": -1.6735566221525047, "log10_min_child_weight": 1.8071806897375653, "log10_subsample": -0.8140746532565096, "max_depth": 3.0, "num_boost_round": 12.0}, "datetime": {"datetime": "2024-01-19 00:57:01", "elapsed": 2713.948132, "delta": 0.003423}}
{"target": -17.676540102838167, "params": {"gamma": 420.76012587951175, "log10_alpha": 0.4515526742865319, "log10_colsample_bytree": -0.39143475350007717, "log10_eta": -2.817191883374371, "log10_lambda": -1.6735566221525047, "log10_min_child_weight": 1.8071806897375653, "log10_subsample": -0.8140746532565096, "max_depth": 3.0, "num_boost_round": 13.0}, "datetime": {"datetime": "2024-01-19 00:57:01", "elapsed": 2713.951645, "delta": 0.003513}}
{"target": -17.67652147673362, "params": {"gamma": 420.76012587951175, "log10_alpha": 0.4515526742865319, "log10_colsample_bytree": -0.39143475350007717, "log10_eta": -2.817191883374371, "log10_lambda": -1.6735566221525047, "log10_min_child_weight": 1.8071806897375653, "log10_subsample": -0.8140746532565096, "max_depth": 3.0, "num_boost_round": 14.0}, "datetime": {"datetime": "2024-01-19 00:57:01", "elapsed": 2713.955174, "delta": 0.003529}}
{"target": -17.676489226455253, "params": {"gamma": 420.76012587951175, "log10_alpha": 0.4515526742865319, "log10_colsample_bytree": -0.39143475350007717, "log10_eta": -2.817191883374371, "log10_lambda": -1.6735566221525047, "log10_min_child_weight": 1.8071806897375653, "log10_subsample": -0.8140746532565096, "max_depth": 3.0, "num_boost_round": 15.0}, "datetime": {"datetime": "2024-01-19 00:57:01", "elapsed": 2713.958594, "delta": 0.00342}}
{"target": -17.67643470809479, "params": {"gamma": 420.76012587951175, "log10_alpha": 0.4515526742865319, "log10_colsample_bytree": -0.39143475350007717, "log10_eta": -2.817191883374371, "log10_lambda": -1.6735566221525047, "log10_min_child_weight": 1.8071806897375653, "log10_subsample": -0.8140746532565096, "max_depth": 3.0, "num_boost_round": 16.0}, "datetime": {"datetime": "2024-01-19 00:57:01", "elapsed": 2713.962089, "delta": 0.003495}}
{"target": -17.67640002602479, "params": {"gamma": 420.76012587951175, "log10_alpha": 0.4515526742865319, "log10_colsample_bytree": -0.39143475350007717, "log10_eta": -2.817191883374371, "log10_lambda": -1.6735566221525047, "log10_min_child_weight": 1.8071806897375653, "log10_subsample": -0.8140746532565096, "max_depth": 3.0, "num_boost_round": 17.0}, "datetime": {"datetime": "2024-01-19 00:57:01", "elapsed": 2713.965485, "delta": 0.003396}}
{"target": -17.676388118748367, "params": {"gamma": 420.76012587951175, "log10_alpha": 0.4515526742865319, "log10_colsample_bytree": -0.39143475350007717, "log10_eta": -2.817191883374371, "log10_lambda": -1.6735566221525047, "log10_min_child_weight": 1.8071806897375653, "log10_subsample": -0.8140746532565096, "max_depth": 3.0, "num_boost_round": 18.0}, "datetime": {"datetime": "2024-01-19 00:57:01", "elapsed": 2713.968964, "delta": 0.003479}}
{"target": -17.676364639159964, "params": {"gamma": 420.76012587951175, "log10_alpha": 0.4515526742865319, "log10_colsample_bytree": -0.39143475350007717, "log10_eta": -2.817191883374371, "log10_lambda": -1.6735566221525047, "log10_min_child_weight": 1.8071806897375653, "log10_subsample": -0.8140746532565096, "max_depth": 3.0, "num_boost_round": 19.0}, "datetime": {"datetime": "2024-01-19 00:57:01", "elapsed": 2713.972421, "delta": 0.003457}}
