{"target": -17.677225135800388, "params": {"gamma": 962.3015782095837, "log10_alpha": -4.897924850757868, "log10_colsample_bytree": -0.7502976563149821, "log10_eta": -3.401794272660522, "log10_lambda": -0.13371568438955173, "log10_min_child_weight": 4.7629366131573665, "log10_subsample": -0.9921863843350173, "max_depth": 7.0, "num_boost_round": 12.0}, "datetime": {"datetime": "2024-01-19 00:33:58", "elapsed": 1331.964694, "delta": 0.001788}}
{"target": -17.67722600031683, "params": {"gamma": 962.3015782095837, "log10_alpha": -4.897924850757868, "log10_colsample_bytree": -0.7502976563149821, "log10_eta": -3.401794272660522, "log10_lambda": -0.13371568438955173, "log10_min_child_weight": 4.7629366131573665, "log10_subsample": -0.9921863843350173, "max_depth": 7.0, "num_boost_round": 13.0}, "datetime": {"datetime": "2024-01-19 00:33:58", "elapsed": 1331.966468, "delta": 0.001774}}
{"target": -17.677225956289615, "params": {"gamma": 962.3015782095837, "log10_alpha": -4.897924850757868, "log10_colsample_bytree": -0.7502976563149821, "log10_eta": -3.401794272660522, "log10_lambda": -0.13371568438955173, "log10_min_child_weight": 4.7629366131573665, "log10_subsample": -0.9921863843350173, "max_depth": 7.0, "num_boost_round": 14.0}, "datetime": {"datetime": "2024-01-19 00:33:58", "elapsed": 1331.968194, "delta": 0.001726}}
{"target": -17.67722452945481, "params": {"gamma": 962.3015782095837, "log10_alpha": -4.897924850757868, "log10_colsample_bytree": -0.7502976563149821, "log10_eta": -3.401794272660522, "log10_lambda": -0.13371568438955173, "log10_min_child_weight": 4.7629366131573665, "log10_subsample": -0.9921863843350173, "max_depth": 7.0, "num_boost_round": 15.0}, "datetime": {"datetime": "2024-01-19 00:33:58", "elapsed": 1331.969925, "delta": 0.001731}}
{"target": -17.677226218994846, "params": {"gamma": 954.0939060990926, "log10_alpha": -1.064403557118355, "log10_colsample_bytree": -0.22485228467144502, "log10_eta": -3.082402555463996, "log10_lambda": -1.2796073805725925, "log10_min_child_weight": 3.6925514761654887, "log10_subsample": -0.9738505246284982, "max_depth": 5.0, "num_boost_round": 0.0}, "datetime": {"datetime": "2024-01-19 00:34:23", "elapsed": 1356.828808, "delta": 24.858883}}
{"target": -17.67721524371324, "params": {"gamma": 954.0939060990926, "log10_alpha": -1.064403557118355, "log10_colsample_bytree": -0.22485228467144502, "log10_eta": -3.082402555463996, "log10_lambda": -1.2796073805725925, "log10_min_child_weight": 3.6925514761654887, "log10_subsample": -0.9738505246284982, "max_depth": 5.0, "num_boost_round": 1.0}, "datetime": {"datetime": "2024-01-19 00:34:23", "elapsed": 1356.835146, "delta": 0.006338}}
{"target": -17.677212149196507, "params": {"gamma": 954.0939060990926, "log10_alpha": -1.064403557118355, "log10_colsample_bytree": -0.22485228467144502, "log10_eta": -3.082402555463996, "log10_lambda": -1.2796073805725925, "log10_min_child_weight": 3.6925514761654887, "log10_subsample": -0.9738505246284982, "max_depth": 5.0, "num_boost_round": 2.0}, "datetime": {"datetime": "2024-01-19 00:34:23", "elapsed": 1356.836951, "delta": 0.001805}}
{"target": -17.677206265383756, "params": {"gamma": 954.0939060990926, "log10_alpha": -1.064403557118355, "log10_colsample_bytree": -0.22485228467144502, "log10_eta": -3.082402555463996, "log10_lambda": -1.2796073805725925, "log10_min_child_weight": 3.6925514761654887, "log10_subsample": -0.9738505246284982, "max_depth": 5.0, "num_boost_round": 3.0}, "datetime": {"datetime": "2024-01-19 00:34:23", "elapsed": 1356.838719, "delta": 0.001768}}
{"target": -17.67720261680809, "params": {"gamma": 954.0939060990926, "log10_alpha": -1.064403557118355, "log10_colsample_bytree": -0.22485228467144502, "log10_eta": -3.082402555463996, "log10_lambda": -1.2796073805725925, "log10_min_child_weight": 3.6925514761654887, "log10_subsample": -0.9738505246284982, "max_depth": 5.0, "num_boost_round": 4.0}, "datetime": {"datetime": "2024-01-19 00:34:23", "elapsed": 1356.840564, "delta": 0.001845}}
{"target": -17.67722370964209, "params": {"gamma": 954.0939060990926, "log10_alpha": -1.064403557118355, "log10_colsample_bytree": -0.22485228467144502, "log10_eta": -3.082402555463996, "log10_lambda": -1.2796073805725925, "log10_min_child_weight": 3.6925514761654887, "log10_subsample": -0.9738505246284982, "max_depth": 5.0, "num_boost_round": 5.0}, "datetime": {"datetime": "2024-01-19 00:34:23", "elapsed": 1356.842363, "delta": 0.001799}}
{"target": -17.67720467638991, "params": {"gamma": 954.0939060990926, "log10_alpha": -1.064403557118355, "log10_colsample_bytree": -0.22485228467144502, "log10_eta": -3.082402555463996, "log10_lambda": -1.2796073805725925, "log10_min_child_weight": 3.6925514761654887, "log10_subsample": -0.9738505246284982, "max_depth": 5.0, "num_boost_round": 6.0}, "datetime": {"datetime": "2024-01-19 00:34:23", "elapsed": 1356.84414, "delta": 0.001777}}
{"target": -17.677198973186595, "params": {"gamma": 954.0939060990926, "log10_alpha": -1.064403557118355, "log10_colsample_bytree": -0.22485228467144502, "log10_eta": -3.082402555463996, "log10_lambda": -1.2796073805725925, "log10_min_child_weight": 3.6925514761654887, "log10_subsample": -0.9738505246284982, "max_depth": 5.0, "num_boost_round": 7.0}, "datetime": {"datetime": "2024-01-19 00:34:23", "elapsed": 1356.845896, "delta": 0.001756}}
{"target": -17.677199565643654, "params": {"gamma": 954.0939060990926, "log10_alpha": -1.064403557118355, "log10_colsample_bytree": -0.22485228467144502, "log10_eta": -3.082402555463996, "log10_lambda": -1.2796073805725925, "log10_min_child_weight": 3.6925514761654887, "log10_subsample": -0.9738505246284982, "max_depth": 5.0, "num_boost_round": 8.0}, "datetime": {"datetime": "2024-01-19 00:34:23", "elapsed": 1356.847673, "delta": 0.001777}}
{"target": -17.677187283792293, "params": {"gamma": 954.0939060990926, "log10_alpha": -1.064403557118355, "log10_colsample_bytree": -0.22485228467144502, "log10_eta": -3.082402555463996, "log10_lambda": -1.2796073805725925, "log10_min_child_weight": 3.6925514761654887, "log10_subsample": -0.9738505246284982, "max_depth": 5.0, "num_boost_round": 9.0}, "datetime": {"datetime": "2024-01-19 00:34:23", "elapsed": 1356.849416, "delta": 0.001743}}
{"target": -17.677182963899508, "params": {"gamma": 954.0939060990926, "log10_alpha": -1.064403557118355, "log10_colsample_bytree": -0.22485228467144502, "log10_eta": -3.082402555463996, "log10_lambda": -1.2796073805725925, "log10_min_child_weight": 3.6925514761654887, "log10_subsample": -0.9738505246284982, "max_depth": 5.0, "num_boost_round": 10.0}, "datetime": {"datetime": "2024-01-19 00:34:23", "elapsed": 1356.851153, "delta": 0.001737}}
{"target": -17.677166609494613, "params": {"gamma": 954.0939060990926, "log10_alpha": -1.064403557118355, "log10_colsample_bytree": -0.22485228467144502, "log10_eta": -3.082402555463996, "log10_lambda": -1.2796073805725925, "log10_min_child_weight": 3.6925514761654887, "log10_subsample": -0.9738505246284982, "max_depth": 5.0, "num_boost_round": 11.0}, "datetime": {"datetime": "2024-01-19 00:34:23", "elapsed": 1356.852907, "delta": 0.001754}}
{"target": -17.677186198747375, "params": {"gamma": 954.0939060990926, "log10_alpha": -1.064403557118355, "log10_colsample_bytree": -0.22485228467144502, "log10_eta": -3.082402555463996, "log10_lambda": -1.2796073805725925, "log10_min_child_weight": 3.6925514761654887, "log10_subsample": -0.9738505246284982, "max_depth": 5.0, "num_boost_round": 12.0}, "datetime": {"datetime": "2024-01-19 00:34:23", "elapsed": 1356.854684, "delta": 0.001777}}
{"target": -17.67718315045647, "params": {"gamma": 954.0939060990926, "log10_alpha": -1.064403557118355, "log10_colsample_bytree": -0.22485228467144502, "log10_eta": -3.082402555463996, "log10_lambda": -1.2796073805725925, "log10_min_child_weight": 3.6925514761654887, "log10_subsample": -0.9738505246284982, "max_depth": 5.0, "num_boost_round": 13.0}, "datetime": {"datetime": "2024-01-19 00:34:23", "elapsed": 1356.856448, "delta": 0.001764}}
{"target": -17.677205613022586, "params": {"gamma": 954.0939060990926, "log10_alpha": -1.064403557118355, "log10_colsample_bytree": -0.22485228467144502, "log10_eta": -3.082402555463996, "log10_lambda": -1.2796073805725925, "log10_min_child_weight": 3.6925514761654887, "log10_subsample": -0.9738505246284982, "max_depth": 5.0, "num_boost_round": 14.0}, "datetime": {"datetime": "2024-01-19 00:34:23", "elapsed": 1356.85821, "delta": 0.001762}}
{"target": -17.67720232293229, "params": {"gamma": 954.0939060990926, "log10_alpha": -1.064403557118355, "log10_colsample_bytree": -0.22485228467144502, "log10_eta": -3.082402555463996, "log10_lambda": -1.2796073805725925, "log10_min_child_weight": 3.6925514761654887, "log10_subsample": -0.9738505246284982, "max_depth": 5.0, "num_boost_round": 15.0}, "datetime": {"datetime": "2024-01-19 00:34:23", "elapsed": 1356.859987, "delta": 0.001777}}
{"target": -17.677213207635177, "params": {"gamma": 970.0040062365305, "log10_alpha": -2.8769852099413855, "log10_colsample_bytree": -0.15467187509778768, "log10_eta": -3.203164781986236, "log10_lambda": -2.332129671900326, "log10_min_child_weight": 2.279333600495217, "log10_subsample": -0.02322330135073658, "max_depth": 4.0, "num_boost_round": 0.0}, "datetime": {"datetime": "2024-01-19 00:34:45", "elapsed": 1379.763165, "delta": 22.903178}}
{"target": -17.67719092193829, "params": {"gamma": 970.0040062365305, "log10_alpha": -2.8769852099413855, "log10_colsample_bytree": -0.15467187509778768, "log10_eta": -3.203164781986236, "log10_lambda": -2.332129671900326, "log10_min_child_weight": 2.279333600495217, "log10_subsample": -0.02322330135073658, "max_depth": 4.0, "num_boost_round": 1.0}, "datetime": {"datetime": "2024-01-19 00:34:45", "elapsed": 1379.765446, "delta": 0.002281}}
{"target": -17.677146004513922, "params": {"gamma": 970.0040062365305, "log10_alpha": -2.8769852099413855, "log10_colsample_bytree": -0.15467187509778768, "log10_eta": -3.203164781986236, "log10_lambda": -2.332129671900326, "log10_min_child_weight": 2.279333600495217, "log10_subsample": -0.02322330135073658, "max_depth": 4.0, "num_boost_round": 2.0}, "datetime": {"datetime": "2024-01-19 00:34:45", "elapsed": 1379.7676, "delta": 0.002154}}
{"target": -17.677125582423894, "params": {"gamma": 970.0040062365305, "log10_alpha": -2.8769852099413855, "log10_colsample_bytree": -0.15467187509778768, "log10_eta": -3.203164781986236, "log10_lambda": -2.332129671900326, "log10_min_child_weight": 2.279333600495217, "log10_subsample": -0.02322330135073658, "max_depth": 4.0, "num_boost_round": 3.0}, "datetime": {"datetime": "2024-01-19 00:34:45", "elapsed": 1379.769576, "delta": 0.001976}}
{"target": -17.67709620336533, "params": {"gamma": 970.0040062365305, "log10_alpha": -2.8769852099413855, "log10_colsample_bytree": -0.15467187509778768, "log10_eta": -3.203164781986236, "log10_lambda": -2.332129671900326, "log10_min_child_weight": 2.279333600495217, "log10_subsample": -0.02322330135073658, "max_depth": 4.0, "num_boost_round": 4.0}, "datetime": {"datetime": "2024-01-19 00:34:45", "elapsed": 1379.771535, "delta": 0.001959}}
{"target": -17.677072636813016, "params": {"gamma": 970.0040062365305, "log10_alpha": -2.8769852099413855, "log10_colsample_bytree": -0.15467187509778768, "log10_eta": -3.203164781986236, "log10_lambda": -2.332129671900326, "log10_min_child_weight": 2.279333600495217, "log10_subsample": -0.02322330135073658, "max_depth": 4.0, "num_boost_round": 5.0}, "datetime": {"datetime": "2024-01-19 00:34:45", "elapsed": 1379.773311, "delta": 0.001776}}
{"target": -17.67705387595001, "params": {"gamma": 970.0040062365305, "log10_alpha": -2.8769852099413855, "log10_colsample_bytree": -0.15467187509778768, "log10_eta": -3.203164781986236, "log10_lambda": -2.332129671900326, "log10_min_child_weight": 2.279333600495217, "log10_subsample": -0.02322330135073658, "max_depth": 4.0, "num_boost_round": 6.0}, "datetime": {"datetime": "2024-01-19 00:34:45", "elapsed": 1379.775072, "delta": 0.001761}}
{"target": -17.677023971337892, "params": {"gamma": 970.0040062365305, "log10_alpha": -2.8769852099413855, "log10_colsample_bytree": -0.15467187509778768, "log10_eta": -3.203164781986236, "log10_lambda": -2.332129671900326, "log10_min_child_weight": 2.279333600495217, "log10_subsample": -0.02322330135073658, "max_depth": 4.0, "num_boost_round": 7.0}, "datetime": {"datetime": "2024-01-19 00:34:45", "elapsed": 1379.776888, "delta": 0.001816}}
{"target": -17.67699900200288, "params": {"gamma": 970.0040062365305, "log10_alpha": -2.8769852099413855, "log10_colsample_bytree": -0.15467187509778768, "log10_eta": -3.203164781986236, "log10_lambda": -2.332129671900326, "log10_min_child_weight": 2.279333600495217, "log10_subsample": -0.02322330135073658, "max_depth": 4.0, "num_boost_round": 8.0}, "datetime": {"datetime": "2024-01-19 00:34:45", "elapsed": 1379.778658, "delta": 0.00177}}
{"target": -17.676978501328186, "params": {"gamma": 970.0040062365305, "log10_alpha": -2.8769852099413855, "log10_colsample_bytree": -0.15467187509778768, "log10_eta": -3.203164781986236, "log10_lambda": -2.332129671900326, "log10_min_child_weight": 2.279333600495217, "log10_subsample": -0.02322330135073658, "max_depth": 4.0, "num_boost_round": 9.0}, "datetime": {"datetime": "2024-01-19 00:34:45", "elapsed": 1379.78043, "delta": 0.001772}}
{"target": -17.676960093147358, "params": {"gamma": 970.0040062365305, "log10_alpha": -2.8769852099413855, "log10_colsample_bytree": -0.15467187509778768, "log10_eta": -3.203164781986236, "log10_lambda": -2.332129671900326, "log10_min_child_weight": 2.279333600495217, "log10_subsample": -0.02322330135073658, "max_depth": 4.0, "num_boost_round": 10.0}, "datetime": {"datetime": "2024-01-19 00:34:45", "elapsed": 1379.782168, "delta": 0.001738}}
{"target": -17.67692894810237, "params": {"gamma": 970.0040062365305, "log10_alpha": -2.8769852099413855, "log10_colsample_bytree": -0.15467187509778768, "log10_eta": -3.203164781986236, "log10_lambda": -2.332129671900326, "log10_min_child_weight": 2.279333600495217, "log10_subsample": -0.02322330135073658, "max_depth": 4.0, "num_boost_round": 11.0}, "datetime": {"datetime": "2024-01-19 00:34:45", "elapsed": 1379.784016, "delta": 0.001848}}
{"target": -17.67690026342532, "params": {"gamma": 970.0040062365305, "log10_alpha": -2.8769852099413855, "log10_colsample_bytree": -0.15467187509778768, "log10_eta": -3.203164781986236, "log10_lambda": -2.332129671900326, "log10_min_child_weight": 2.279333600495217, "log10_subsample": -0.02322330135073658, "max_depth": 4.0, "num_boost_round": 12.0}, "datetime": {"datetime": "2024-01-19 00:34:45", "elapsed": 1379.785779, "delta": 0.001763}}
{"target": -17.67723278866378, "params": {"gamma": 954.6091174129058, "log10_alpha": -3.9675420545200604, "log10_colsample_bytree": -0.38005682187326595, "log10_eta": -3.8687685260856015, "log10_lambda": -0.09559644453675986, "log10_min_child_weight": 1.047531739346791, "log10_subsample": -0.9596186014284384, "max_depth": 8.0, "num_boost_round": 0.0}, "datetime": {"datetime": "2024-01-19 00:35:14", "elapsed": 1408.723621, "delta": 28.937842}}
{"target": -17.677232524425904, "params": {"gamma": 954.6091174129058, "log10_alpha": -3.9675420545200604, "log10_colsample_bytree": -0.38005682187326595, "log10_eta": -3.8687685260856015, "log10_lambda": -0.09559644453675986, "log10_min_child_weight": 1.047531739346791, "log10_subsample": -0.9596186014284384, "max_depth": 8.0, "num_boost_round": 1.0}, "datetime": {"datetime": "2024-01-19 00:35:14", "elapsed": 1408.726399, "delta": 0.002778}}
{"target": -17.67722953097394, "params": {"gamma": 954.6091174129058, "log10_alpha": -3.9675420545200604, "log10_colsample_bytree": -0.38005682187326595, "log10_eta": -3.8687685260856015, "log10_lambda": -0.09559644453675986, "log10_min_child_weight": 1.047531739346791, "log10_subsample": -0.9596186014284384, "max_depth": 8.0, "num_boost_round": 2.0}, "datetime": {"datetime": "2024-01-19 00:35:14", "elapsed": 1408.72832, "delta": 0.001921}}
{"target": -17.677223556077116, "params": {"gamma": 954.6091174129058, "log10_alpha": -3.9675420545200604, "log10_colsample_bytree": -0.38005682187326595, "log10_eta": -3.8687685260856015, "log10_lambda": -0.09559644453675986, "log10_min_child_weight": 1.047531739346791, "log10_subsample": -0.9596186014284384, "max_depth": 8.0, "num_boost_round": 3.0}, "datetime": {"datetime": "2024-01-19 00:35:14", "elapsed": 1408.730116, "delta": 0.001796}}
{"target": -17.67721404312152, "params": {"gamma": 954.6091174129058, "log10_alpha": -3.9675420545200604, "log10_colsample_bytree": -0.38005682187326595, "log10_eta": -3.8687685260856015, "log10_lambda": -0.09559644453675986, "log10_min_child_weight": 1.047531739346791, "log10_subsample": -0.9596186014284384, "max_depth": 8.0, "num_boost_round": 4.0}, "datetime": {"datetime": "2024-01-19 00:35:14", "elapsed": 1408.732121, "delta": 0.002005}}
{"target": -17.67721026253078, "params": {"gamma": 954.6091174129058, "log10_alpha": -3.9675420545200604, "log10_colsample_bytree": -0.38005682187326595, "log10_eta": -3.8687685260856015, "log10_lambda": -0.09559644453675986, "log10_min_child_weight": 1.047531739346791, "log10_subsample": -0.9596186014284384, "max_depth": 8.0, "num_boost_round": 5.0}, "datetime": {"datetime": "2024-01-19 00:35:14", "elapsed": 1408.733957, "delta": 0.001836}}
{"target": -17.677212530030793, "params": {"gamma": 954.6091174129058, "log10_alpha": -3.9675420545200604, "log10_colsample_bytree": -0.38005682187326595, "log10_eta": -3.8687685260856015, "log10_lambda": -0.09559644453675986, "log10_min_child_weight": 1.047531739346791, "log10_subsample": -0.9596186014284384, "max_depth": 8.0, "num_boost_round": 6.0}, "datetime": {"datetime": "2024-01-19 00:35:14", "elapsed": 1408.735754, "delta": 0.001797}}
{"target": -17.677211821095796, "params": {"gamma": 954.6091174129058, "log10_alpha": -3.9675420545200604, "log10_colsample_bytree": -0.38005682187326595, "log10_eta": -3.8687685260856015, "log10_lambda": -0.09559644453675986, "log10_min_child_weight": 1.047531739346791, "log10_subsample": -0.9596186014284384, "max_depth": 8.0, "num_boost_round": 7.0}, "datetime": {"datetime": "2024-01-19 00:35:14", "elapsed": 1408.737521, "delta": 0.001767}}
{"target": -17.677205223433912, "params": {"gamma": 954.6091174129058, "log10_alpha": -3.9675420545200604, "log10_colsample_bytree": -0.38005682187326595, "log10_eta": -3.8687685260856015, "log10_lambda": -0.09559644453675986, "log10_min_child_weight": 1.047531739346791, "log10_subsample": -0.9596186014284384, "max_depth": 8.0, "num_boost_round": 8.0}, "datetime": {"datetime": "2024-01-19 00:35:14", "elapsed": 1408.739273, "delta": 0.001752}}
{"target": -17.6772065521182, "params": {"gamma": 954.6091174129058, "log10_alpha": -3.9675420545200604, "log10_colsample_bytree": -0.38005682187326595, "log10_eta": -3.8687685260856015, "log10_lambda": -0.09559644453675986, "log10_min_child_weight": 1.047531739346791, "log10_subsample": -0.9596186014284384, "max_depth": 8.0, "num_boost_round": 9.0}, "datetime": {"datetime": "2024-01-19 00:35:14", "elapsed": 1408.741085, "delta": 0.001812}}
{"target": -17.677203778172732, "params": {"gamma": 954.6091174129058, "log10_alpha": -3.9675420545200604, "log10_colsample_bytree": -0.38005682187326595, "log10_eta": -3.8687685260856015, "log10_lambda": -0.09559644453675986, "log10_min_child_weight": 1.047531739346791, "log10_subsample": -0.9596186014284384, "max_depth": 8.0, "num_boost_round": 10.0}, "datetime": {"datetime": "2024-01-19 00:35:14", "elapsed": 1408.742918, "delta": 0.001833}}
{"target": -17.677199439593124, "params": {"gamma": 954.6091174129058, "log10_alpha": -3.9675420545200604, "log10_colsample_bytree": -0.38005682187326595, "log10_eta": -3.8687685260856015, "log10_lambda": -0.09559644453675986, "log10_min_child_weight": 1.047531739346791, "log10_subsample": -0.9596186014284384, "max_depth": 8.0, "num_boost_round": 11.0}, "datetime": {"datetime": "2024-01-19 00:35:14", "elapsed": 1408.744696, "delta": 0.001778}}
{"target": -17.677192735085264, "params": {"gamma": 954.6091174129058, "log10_alpha": -3.9675420545200604, "log10_colsample_bytree": -0.38005682187326595, "log10_eta": -3.8687685260856015, "log10_lambda": -0.09559644453675986, "log10_min_child_weight": 1.047531739346791, "log10_subsample": -0.9596186014284384, "max_depth": 8.0, "num_boost_round": 12.0}, "datetime": {"datetime": "2024-01-19 00:35:14", "elapsed": 1408.746486, "delta": 0.00179}}
{"target": -17.677182874205087, "params": {"gamma": 954.6091174129058, "log10_alpha": -3.9675420545200604, "log10_colsample_bytree": -0.38005682187326595, "log10_eta": -3.8687685260856015, "log10_lambda": -0.09559644453675986, "log10_min_child_weight": 1.047531739346791, "log10_subsample": -0.9596186014284384, "max_depth": 8.0, "num_boost_round": 13.0}, "datetime": {"datetime": "2024-01-19 00:35:14", "elapsed": 1408.748262, "delta": 0.001776}}
{"target": -17.677177375022758, "params": {"gamma": 954.6091174129058, "log10_alpha": -3.9675420545200604, "log10_colsample_bytree": -0.38005682187326595, "log10_eta": -3.8687685260856015, "log10_lambda": -0.09559644453675986, "log10_min_child_weight": 1.047531739346791, "log10_subsample": -0.9596186014284384, "max_depth": 8.0, "num_boost_round": 14.0}, "datetime": {"datetime": "2024-01-19 00:35:14", "elapsed": 1408.750095, "delta": 0.001833}}
{"target": -17.677174073844238, "params": {"gamma": 954.6091174129058, "log10_alpha": -3.9675420545200604, "log10_colsample_bytree": -0.38005682187326595, "log10_eta": -3.8687685260856015, "log10_lambda": -0.09559644453675986, "log10_min_child_weight": 1.047531739346791, "log10_subsample": -0.9596186014284384, "max_depth": 8.0, "num_boost_round": 15.0}, "datetime": {"datetime": "2024-01-19 00:35:14", "elapsed": 1408.751968, "delta": 0.001873}}
