{"target": -17.676468243737624, "params": {"gamma": 553.611678063055, "log10_alpha": -4.778763685546826, "log10_colsample_bytree": -0.5178553557232796, "log10_eta": -2.549942068288216, "log10_lambda": 0.6991213830590315, "log10_min_child_weight": 2.456002077906207, "log10_subsample": -0.3417160902293068, "max_depth": 4.0, "num_boost_round": 7.0}, "datetime": {"datetime": "2024-01-19 00:21:24", "elapsed": 581.481282, "delta": 0.000988}}
{"target": -17.676440569028564, "params": {"gamma": 553.611678063055, "log10_alpha": -4.778763685546826, "log10_colsample_bytree": -0.5178553557232796, "log10_eta": -2.549942068288216, "log10_lambda": 0.6991213830590315, "log10_min_child_weight": 2.456002077906207, "log10_subsample": -0.3417160902293068, "max_depth": 4.0, "num_boost_round": 8.0}, "datetime": {"datetime": "2024-01-19 00:21:24", "elapsed": 581.482185, "delta": 0.000903}}
{"target": -17.67627885223543, "params": {"gamma": 553.611678063055, "log10_alpha": -4.778763685546826, "log10_colsample_bytree": -0.5178553557232796, "log10_eta": -2.549942068288216, "log10_lambda": 0.6991213830590315, "log10_min_child_weight": 2.456002077906207, "log10_subsample": -0.3417160902293068, "max_depth": 4.0, "num_boost_round": 9.0}, "datetime": {"datetime": "2024-01-19 00:21:24", "elapsed": 581.483122, "delta": 0.000937}}
{"target": -17.67720683371199, "params": {"gamma": 547.9837225478022, "log10_alpha": 0.8658070273393967, "log10_colsample_bytree": -0.12017932653320218, "log10_eta": -3.1123138950596787, "log10_lambda": -3.0592215795193587, "log10_min_child_weight": 0.2249213012204493, "log10_subsample": -0.04155326168855333, "max_depth": 3.0, "num_boost_round": 0.0}, "datetime": {"datetime": "2024-01-19 00:21:48", "elapsed": 605.389594, "delta": 23.906472}}
{"target": -17.677181902834544, "params": {"gamma": 547.9837225478022, "log10_alpha": 0.8658070273393967, "log10_colsample_bytree": -0.12017932653320218, "log10_eta": -3.1123138950596787, "log10_lambda": -3.0592215795193587, "log10_min_child_weight": 0.2249213012204493, "log10_subsample": -0.04155326168855333, "max_depth": 3.0, "num_boost_round": 1.0}, "datetime": {"datetime": "2024-01-19 00:21:48", "elapsed": 605.390966, "delta": 0.001372}}
{"target": -17.677152599043062, "params": {"gamma": 547.9837225478022, "log10_alpha": 0.8658070273393967, "log10_colsample_bytree": -0.12017932653320218, "log10_eta": -3.1123138950596787, "log10_lambda": -3.0592215795193587, "log10_min_child_weight": 0.2249213012204493, "log10_subsample": -0.04155326168855333, "max_depth": 3.0, "num_boost_round": 2.0}, "datetime": {"datetime": "2024-01-19 00:21:48", "elapsed": 605.392067, "delta": 0.001101}}
{"target": -17.677137469977062, "params": {"gamma": 547.9837225478022, "log10_alpha": 0.8658070273393967, "log10_colsample_bytree": -0.12017932653320218, "log10_eta": -3.1123138950596787, "log10_lambda": -3.0592215795193587, "log10_min_child_weight": 0.2249213012204493, "log10_subsample": -0.04155326168855333, "max_depth": 3.0, "num_boost_round": 3.0}, "datetime": {"datetime": "2024-01-19 00:21:48", "elapsed": 605.392977, "delta": 0.00091}}
{"target": -17.677110266088985, "params": {"gamma": 547.9837225478022, "log10_alpha": 0.8658070273393967, "log10_colsample_bytree": -0.12017932653320218, "log10_eta": -3.1123138950596787, "log10_lambda": -3.0592215795193587, "log10_min_child_weight": 0.2249213012204493, "log10_subsample": -0.04155326168855333, "max_depth": 3.0, "num_boost_round": 4.0}, "datetime": {"datetime": "2024-01-19 00:21:48", "elapsed": 605.394134, "delta": 0.001157}}
{"target": -17.67708986649787, "params": {"gamma": 547.9837225478022, "log10_alpha": 0.8658070273393967, "log10_colsample_bytree": -0.12017932653320218, "log10_eta": -3.1123138950596787, "log10_lambda": -3.0592215795193587, "log10_min_child_weight": 0.2249213012204493, "log10_subsample": -0.04155326168855333, "max_depth": 3.0, "num_boost_round": 5.0}, "datetime": {"datetime": "2024-01-19 00:21:48", "elapsed": 605.395049, "delta": 0.000915}}
{"target": -17.677075760311208, "params": {"gamma": 547.9837225478022, "log10_alpha": 0.8658070273393967, "log10_colsample_bytree": -0.12017932653320218, "log10_eta": -3.1123138950596787, "log10_lambda": -3.0592215795193587, "log10_min_child_weight": 0.2249213012204493, "log10_subsample": -0.04155326168855333, "max_depth": 3.0, "num_boost_round": 6.0}, "datetime": {"datetime": "2024-01-19 00:21:48", "elapsed": 605.395955, "delta": 0.000906}}
{"target": -17.677050427955116, "params": {"gamma": 547.9837225478022, "log10_alpha": 0.8658070273393967, "log10_colsample_bytree": -0.12017932653320218, "log10_eta": -3.1123138950596787, "log10_lambda": -3.0592215795193587, "log10_min_child_weight": 0.2249213012204493, "log10_subsample": -0.04155326168855333, "max_depth": 3.0, "num_boost_round": 7.0}, "datetime": {"datetime": "2024-01-19 00:21:48", "elapsed": 605.396905, "delta": 0.00095}}
{"target": -17.677027017952167, "params": {"gamma": 547.9837225478022, "log10_alpha": 0.8658070273393967, "log10_colsample_bytree": -0.12017932653320218, "log10_eta": -3.1123138950596787, "log10_lambda": -3.0592215795193587, "log10_min_child_weight": 0.2249213012204493, "log10_subsample": -0.04155326168855333, "max_depth": 3.0, "num_boost_round": 8.0}, "datetime": {"datetime": "2024-01-19 00:21:48", "elapsed": 605.397814, "delta": 0.000909}}
{"target": -17.677007177571014, "params": {"gamma": 547.9837225478022, "log10_alpha": 0.8658070273393967, "log10_colsample_bytree": -0.12017932653320218, "log10_eta": -3.1123138950596787, "log10_lambda": -3.0592215795193587, "log10_min_child_weight": 0.2249213012204493, "log10_subsample": -0.04155326168855333, "max_depth": 3.0, "num_boost_round": 9.0}, "datetime": {"datetime": "2024-01-19 00:21:48", "elapsed": 605.398716, "delta": 0.000902}}
{"target": -17.67698347127116, "params": {"gamma": 547.9837225478022, "log10_alpha": 0.8658070273393967, "log10_colsample_bytree": -0.12017932653320218, "log10_eta": -3.1123138950596787, "log10_lambda": -3.0592215795193587, "log10_min_child_weight": 0.2249213012204493, "log10_subsample": -0.04155326168855333, "max_depth": 3.0, "num_boost_round": 10.0}, "datetime": {"datetime": "2024-01-19 00:21:48", "elapsed": 605.399621, "delta": 0.000905}}
{"target": -17.67694337577318, "params": {"gamma": 547.9837225478022, "log10_alpha": 0.8658070273393967, "log10_colsample_bytree": -0.12017932653320218, "log10_eta": -3.1123138950596787, "log10_lambda": -3.0592215795193587, "log10_min_child_weight": 0.2249213012204493, "log10_subsample": -0.04155326168855333, "max_depth": 3.0, "num_boost_round": 11.0}, "datetime": {"datetime": "2024-01-19 00:21:48", "elapsed": 605.400578, "delta": 0.000957}}
{"target": -17.67691999886374, "params": {"gamma": 547.9837225478022, "log10_alpha": 0.8658070273393967, "log10_colsample_bytree": -0.12017932653320218, "log10_eta": -3.1123138950596787, "log10_lambda": -3.0592215795193587, "log10_min_child_weight": 0.2249213012204493, "log10_subsample": -0.04155326168855333, "max_depth": 3.0, "num_boost_round": 12.0}, "datetime": {"datetime": "2024-01-19 00:21:48", "elapsed": 605.401504, "delta": 0.000926}}
{"target": -17.67690065496892, "params": {"gamma": 547.9837225478022, "log10_alpha": 0.8658070273393967, "log10_colsample_bytree": -0.12017932653320218, "log10_eta": -3.1123138950596787, "log10_lambda": -3.0592215795193587, "log10_min_child_weight": 0.2249213012204493, "log10_subsample": -0.04155326168855333, "max_depth": 3.0, "num_boost_round": 13.0}, "datetime": {"datetime": "2024-01-19 00:21:48", "elapsed": 605.402423, "delta": 0.000919}}
{"target": -17.67688181657819, "params": {"gamma": 547.9837225478022, "log10_alpha": 0.8658070273393967, "log10_colsample_bytree": -0.12017932653320218, "log10_eta": -3.1123138950596787, "log10_lambda": -3.0592215795193587, "log10_min_child_weight": 0.2249213012204493, "log10_subsample": -0.04155326168855333, "max_depth": 3.0, "num_boost_round": 14.0}, "datetime": {"datetime": "2024-01-19 00:21:48", "elapsed": 605.403336, "delta": 0.000913}}
{"target": -17.676854066856095, "params": {"gamma": 547.9837225478022, "log10_alpha": 0.8658070273393967, "log10_colsample_bytree": -0.12017932653320218, "log10_eta": -3.1123138950596787, "log10_lambda": -3.0592215795193587, "log10_min_child_weight": 0.2249213012204493, "log10_subsample": -0.04155326168855333, "max_depth": 3.0, "num_boost_round": 15.0}, "datetime": {"datetime": "2024-01-19 00:21:48", "elapsed": 605.40432, "delta": 0.000984}}
{"target": -17.676822020606892, "params": {"gamma": 547.9837225478022, "log10_alpha": 0.8658070273393967, "log10_colsample_bytree": -0.12017932653320218, "log10_eta": -3.1123138950596787, "log10_lambda": -3.0592215795193587, "log10_min_child_weight": 0.2249213012204493, "log10_subsample": -0.04155326168855333, "max_depth": 3.0, "num_boost_round": 16.0}, "datetime": {"datetime": "2024-01-19 00:21:48", "elapsed": 605.405238, "delta": 0.000918}}
{"target": -17.6768072854019, "params": {"gamma": 547.9837225478022, "log10_alpha": 0.8658070273393967, "log10_colsample_bytree": -0.12017932653320218, "log10_eta": -3.1123138950596787, "log10_lambda": -3.0592215795193587, "log10_min_child_weight": 0.2249213012204493, "log10_subsample": -0.04155326168855333, "max_depth": 3.0, "num_boost_round": 17.0}, "datetime": {"datetime": "2024-01-19 00:21:48", "elapsed": 605.406158, "delta": 0.00092}}
{"target": -17.676784768361703, "params": {"gamma": 547.9837225478022, "log10_alpha": 0.8658070273393967, "log10_colsample_bytree": -0.12017932653320218, "log10_eta": -3.1123138950596787, "log10_lambda": -3.0592215795193587, "log10_min_child_weight": 0.2249213012204493, "log10_subsample": -0.04155326168855333, "max_depth": 3.0, "num_boost_round": 18.0}, "datetime": {"datetime": "2024-01-19 00:21:48", "elapsed": 605.407077, "delta": 0.000919}}
{"target": -17.67675592000807, "params": {"gamma": 547.9837225478022, "log10_alpha": 0.8658070273393967, "log10_colsample_bytree": -0.12017932653320218, "log10_eta": -3.1123138950596787, "log10_lambda": -3.0592215795193587, "log10_min_child_weight": 0.2249213012204493, "log10_subsample": -0.04155326168855333, "max_depth": 3.0, "num_boost_round": 19.0}, "datetime": {"datetime": "2024-01-19 00:21:48", "elapsed": 605.408011, "delta": 0.000934}}
{"target": -17.676728873500476, "params": {"gamma": 547.9837225478022, "log10_alpha": 0.8658070273393967, "log10_colsample_bytree": -0.12017932653320218, "log10_eta": -3.1123138950596787, "log10_lambda": -3.0592215795193587, "log10_min_child_weight": 0.2249213012204493, "log10_subsample": -0.04155326168855333, "max_depth": 3.0, "num_boost_round": 20.0}, "datetime": {"datetime": "2024-01-19 00:21:48", "elapsed": 605.408933, "delta": 0.000922}}
{"target": -17.676701933179803, "params": {"gamma": 547.9837225478022, "log10_alpha": 0.8658070273393967, "log10_colsample_bytree": -0.12017932653320218, "log10_eta": -3.1123138950596787, "log10_lambda": -3.0592215795193587, "log10_min_child_weight": 0.2249213012204493, "log10_subsample": -0.04155326168855333, "max_depth": 3.0, "num_boost_round": 21.0}, "datetime": {"datetime": "2024-01-19 00:21:48", "elapsed": 605.409958, "delta": 0.001025}}
{"target": -17.676670325858517, "params": {"gamma": 547.9837225478022, "log10_alpha": 0.8658070273393967, "log10_colsample_bytree": -0.12017932653320218, "log10_eta": -3.1123138950596787, "log10_lambda": -3.0592215795193587, "log10_min_child_weight": 0.2249213012204493, "log10_subsample": -0.04155326168855333, "max_depth": 3.0, "num_boost_round": 22.0}, "datetime": {"datetime": "2024-01-19 00:21:48", "elapsed": 605.410891, "delta": 0.000933}}
{"target": -17.67663617090017, "params": {"gamma": 547.9837225478022, "log10_alpha": 0.8658070273393967, "log10_colsample_bytree": -0.12017932653320218, "log10_eta": -3.1123138950596787, "log10_lambda": -3.0592215795193587, "log10_min_child_weight": 0.2249213012204493, "log10_subsample": -0.04155326168855333, "max_depth": 3.0, "num_boost_round": 23.0}, "datetime": {"datetime": "2024-01-19 00:21:48", "elapsed": 605.411818, "delta": 0.000927}}
{"target": -17.67661419266188, "params": {"gamma": 547.9837225478022, "log10_alpha": 0.8658070273393967, "log10_colsample_bytree": -0.12017932653320218, "log10_eta": -3.1123138950596787, "log10_lambda": -3.0592215795193587, "log10_min_child_weight": 0.2249213012204493, "log10_subsample": -0.04155326168855333, "max_depth": 3.0, "num_boost_round": 24.0}, "datetime": {"datetime": "2024-01-19 00:21:48", "elapsed": 605.412806, "delta": 0.000988}}
{"target": -17.67659096367058, "params": {"gamma": 547.9837225478022, "log10_alpha": 0.8658070273393967, "log10_colsample_bytree": -0.12017932653320218, "log10_eta": -3.1123138950596787, "log10_lambda": -3.0592215795193587, "log10_min_child_weight": 0.2249213012204493, "log10_subsample": -0.04155326168855333, "max_depth": 3.0, "num_boost_round": 25.0}, "datetime": {"datetime": "2024-01-19 00:21:48", "elapsed": 605.413725, "delta": 0.000919}}
{"target": -17.676580673173966, "params": {"gamma": 547.9837225478022, "log10_alpha": 0.8658070273393967, "log10_colsample_bytree": -0.12017932653320218, "log10_eta": -3.1123138950596787, "log10_lambda": -3.0592215795193587, "log10_min_child_weight": 0.2249213012204493, "log10_subsample": -0.04155326168855333, "max_depth": 3.0, "num_boost_round": 26.0}, "datetime": {"datetime": "2024-01-19 00:21:48", "elapsed": 605.414652, "delta": 0.000927}}
{"target": -17.676570952738423, "params": {"gamma": 547.9837225478022, "log10_alpha": 0.8658070273393967, "log10_colsample_bytree": -0.12017932653320218, "log10_eta": -3.1123138950596787, "log10_lambda": -3.0592215795193587, "log10_min_child_weight": 0.2249213012204493, "log10_subsample": -0.04155326168855333, "max_depth": 3.0, "num_boost_round": 27.0}, "datetime": {"datetime": "2024-01-19 00:21:48", "elapsed": 605.415592, "delta": 0.00094}}
{"target": -17.676557577505452, "params": {"gamma": 547.9837225478022, "log10_alpha": 0.8658070273393967, "log10_colsample_bytree": -0.12017932653320218, "log10_eta": -3.1123138950596787, "log10_lambda": -3.0592215795193587, "log10_min_child_weight": 0.2249213012204493, "log10_subsample": -0.04155326168855333, "max_depth": 3.0, "num_boost_round": 28.0}, "datetime": {"datetime": "2024-01-19 00:21:48", "elapsed": 605.416523, "delta": 0.000931}}
{"target": -17.676518712913623, "params": {"gamma": 547.9837225478022, "log10_alpha": 0.8658070273393967, "log10_colsample_bytree": -0.12017932653320218, "log10_eta": -3.1123138950596787, "log10_lambda": -3.0592215795193587, "log10_min_child_weight": 0.2249213012204493, "log10_subsample": -0.04155326168855333, "max_depth": 3.0, "num_boost_round": 29.0}, "datetime": {"datetime": "2024-01-19 00:21:48", "elapsed": 605.417454, "delta": 0.000931}}
{"target": -17.677129040110167, "params": {"gamma": 540.5222339884604, "log10_alpha": -2.1686575632862857, "log10_colsample_bytree": -0.9352320578993361, "log10_eta": -2.5612411553234358, "log10_lambda": -4.208035871603945, "log10_min_child_weight": 2.660749329152998, "log10_subsample": -0.9124516303558643, "max_depth": 6.0, "num_boost_round": 0.0}, "datetime": {"datetime": "2024-01-19 00:22:14", "elapsed": 631.444103, "delta": 26.026649}}
{"target": -17.677094967237, "params": {"gamma": 540.5222339884604, "log10_alpha": -2.1686575632862857, "log10_colsample_bytree": -0.9352320578993361, "log10_eta": -2.5612411553234358, "log10_lambda": -4.208035871603945, "log10_min_child_weight": 2.660749329152998, "log10_subsample": -0.9124516303558643, "max_depth": 6.0, "num_boost_round": 1.0}, "datetime": {"datetime": "2024-01-19 00:22:14", "elapsed": 631.445638, "delta": 0.001535}}
{"target": -17.676989407415693, "params": {"gamma": 540.5222339884604, "log10_alpha": -2.1686575632862857, "log10_colsample_bytree": -0.9352320578993361, "log10_eta": -2.5612411553234358, "log10_lambda": -4.208035871603945, "log10_min_child_weight": 2.660749329152998, "log10_subsample": -0.9124516303558643, "max_depth": 6.0, "num_boost_round": 2.0}, "datetime": {"datetime": "2024-01-19 00:22:14", "elapsed": 631.446704, "delta": 0.001066}}
{"target": -17.676935113218576, "params": {"gamma": 540.5222339884604, "log10_alpha": -2.1686575632862857, "log10_colsample_bytree": -0.9352320578993361, "log10_eta": -2.5612411553234358, "log10_lambda": -4.208035871603945, "log10_min_child_weight": 2.660749329152998, "log10_subsample": -0.9124516303558643, "max_depth": 6.0, "num_boost_round": 3.0}, "datetime": {"datetime": "2024-01-19 00:22:14", "elapsed": 631.447653, "delta": 0.000949}}
{"target": -17.676806976560968, "params": {"gamma": 540.5222339884604, "log10_alpha": -2.1686575632862857, "log10_colsample_bytree": -0.9352320578993361, "log10_eta": -2.5612411553234358, "log10_lambda": -4.208035871603945, "log10_min_child_weight": 2.660749329152998, "log10_subsample": -0.9124516303558643, "max_depth": 6.0, "num_boost_round": 4.0}, "datetime": {"datetime": "2024-01-19 00:22:14", "elapsed": 631.448595, "delta": 0.000942}}
{"target": -17.676795350230137, "params": {"gamma": 540.5222339884604, "log10_alpha": -2.1686575632862857, "log10_colsample_bytree": -0.9352320578993361, "log10_eta": -2.5612411553234358, "log10_lambda": -4.208035871603945, "log10_min_child_weight": 2.660749329152998, "log10_subsample": -0.9124516303558643, "max_depth": 6.0, "num_boost_round": 5.0}, "datetime": {"datetime": "2024-01-19 00:22:14", "elapsed": 631.449734, "delta": 0.001139}}
{"target": -17.676839315147383, "params": {"gamma": 540.5222339884604, "log10_alpha": -2.1686575632862857, "log10_colsample_bytree": -0.9352320578993361, "log10_eta": -2.5612411553234358, "log10_lambda": -4.208035871603945, "log10_min_child_weight": 2.660749329152998, "log10_subsample": -0.9124516303558643, "max_depth": 6.0, "num_boost_round": 6.0}, "datetime": {"datetime": "2024-01-19 00:22:14", "elapsed": 631.450685, "delta": 0.000951}}
{"target": -17.676749788842457, "params": {"gamma": 540.5222339884604, "log10_alpha": -2.1686575632862857, "log10_colsample_bytree": -0.9352320578993361, "log10_eta": -2.5612411553234358, "log10_lambda": -4.208035871603945, "log10_min_child_weight": 2.660749329152998, "log10_subsample": -0.9124516303558643, "max_depth": 6.0, "num_boost_round": 7.0}, "datetime": {"datetime": "2024-01-19 00:22:14", "elapsed": 631.451893, "delta": 0.001208}}
{"target": -17.67667281777085, "params": {"gamma": 540.5222339884604, "log10_alpha": -2.1686575632862857, "log10_colsample_bytree": -0.9352320578993361, "log10_eta": -2.5612411553234358, "log10_lambda": -4.208035871603945, "log10_min_child_weight": 2.660749329152998, "log10_subsample": -0.9124516303558643, "max_depth": 6.0, "num_boost_round": 8.0}, "datetime": {"datetime": "2024-01-19 00:22:14", "elapsed": 631.452963, "delta": 0.00107}}
{"target": -17.676605807683877, "params": {"gamma": 540.5222339884604, "log10_alpha": -2.1686575632862857, "log10_colsample_bytree": -0.9352320578993361, "log10_eta": -2.5612411553234358, "log10_lambda": -4.208035871603945, "log10_min_child_weight": 2.660749329152998, "log10_subsample": -0.9124516303558643, "max_depth": 6.0, "num_boost_round": 9.0}, "datetime": {"datetime": "2024-01-19 00:22:14", "elapsed": 631.453914, "delta": 0.000951}}
{"target": -17.676452408585153, "params": {"gamma": 540.5222339884604, "log10_alpha": -2.1686575632862857, "log10_colsample_bytree": -0.9352320578993361, "log10_eta": -2.5612411553234358, "log10_lambda": -4.208035871603945, "log10_min_child_weight": 2.660749329152998, "log10_subsample": -0.9124516303558643, "max_depth": 6.0, "num_boost_round": 10.0}, "datetime": {"datetime": "2024-01-19 00:22:14", "elapsed": 631.454859, "delta": 0.000945}}
{"target": -17.67639348024409, "params": {"gamma": 540.5222339884604, "log10_alpha": -2.1686575632862857, "log10_colsample_bytree": -0.9352320578993361, "log10_eta": -2.5612411553234358, "log10_lambda": -4.208035871603945, "log10_min_child_weight": 2.660749329152998, "log10_subsample": -0.9124516303558643, "max_depth": 6.0, "num_boost_round": 11.0}, "datetime": {"datetime": "2024-01-19 00:22:14", "elapsed": 631.455816, "delta": 0.000957}}
{"target": -17.676349735604802, "params": {"gamma": 540.5222339884604, "log10_alpha": -2.1686575632862857, "log10_colsample_bytree": -0.9352320578993361, "log10_eta": -2.5612411553234358, "log10_lambda": -4.208035871603945, "log10_min_child_weight": 2.660749329152998, "log10_subsample": -0.9124516303558643, "max_depth": 6.0, "num_boost_round": 12.0}, "datetime": {"datetime": "2024-01-19 00:22:14", "elapsed": 631.456763, "delta": 0.000947}}
{"target": -17.676292063058217, "params": {"gamma": 540.5222339884604, "log10_alpha": -2.1686575632862857, "log10_colsample_bytree": -0.9352320578993361, "log10_eta": -2.5612411553234358, "log10_lambda": -4.208035871603945, "log10_min_child_weight": 2.660749329152998, "log10_subsample": -0.9124516303558643, "max_depth": 6.0, "num_boost_round": 13.0}, "datetime": {"datetime": "2024-01-19 00:22:14", "elapsed": 631.457708, "delta": 0.000945}}
{"target": -17.67622798958471, "params": {"gamma": 540.5222339884604, "log10_alpha": -2.1686575632862857, "log10_colsample_bytree": -0.9352320578993361, "log10_eta": -2.5612411553234358, "log10_lambda": -4.208035871603945, "log10_min_child_weight": 2.660749329152998, "log10_subsample": -0.9124516303558643, "max_depth": 6.0, "num_boost_round": 14.0}, "datetime": {"datetime": "2024-01-19 00:22:14", "elapsed": 631.458654, "delta": 0.000946}}
{"target": -17.676160971249935, "params": {"gamma": 540.5222339884604, "log10_alpha": -2.1686575632862857, "log10_colsample_bytree": -0.9352320578993361, "log10_eta": -2.5612411553234358, "log10_lambda": -4.208035871603945, "log10_min_child_weight": 2.660749329152998, "log10_subsample": -0.9124516303558643, "max_depth": 6.0, "num_boost_round": 15.0}, "datetime": {"datetime": "2024-01-19 00:22:14", "elapsed": 631.459605, "delta": 0.000951}}
