{"target": -13.758501244111201, "params": {"gamma": 507.2733171210163, "log10_alpha": 0.9727041880475724, "log10_colsample_bytree": -0.19966363024509204, "log10_eta": -3.7185855943948836, "log10_lambda": 0.10426857283866742, "log10_min_child_weight": 3.279332199950984, "log10_subsample": -0.3315913005728752, "max_depth": 4.0, "num_boost_round": 18.0}, "datetime": {"datetime": "2024-01-19 01:04:26", "elapsed": 3170.410302, "delta": 0.004102}}
{"target": -13.758500576150439, "params": {"gamma": 507.2733171210163, "log10_alpha": 0.9727041880475724, "log10_colsample_bytree": -0.19966363024509204, "log10_eta": -3.7185855943948836, "log10_lambda": 0.10426857283866742, "log10_min_child_weight": 3.279332199950984, "log10_subsample": -0.3315913005728752, "max_depth": 4.0, "num_boost_round": 19.0}, "datetime": {"datetime": "2024-01-19 01:04:26", "elapsed": 3170.4144, "delta": 0.004098}}
{"target": -13.758497844070774, "params": {"gamma": 507.2733171210163, "log10_alpha": 0.9727041880475724, "log10_colsample_bytree": -0.19966363024509204, "log10_eta": -3.7185855943948836, "log10_lambda": 0.10426857283866742, "log10_min_child_weight": 3.279332199950984, "log10_subsample": -0.3315913005728752, "max_depth": 4.0, "num_boost_round": 20.0}, "datetime": {"datetime": "2024-01-19 01:04:26", "elapsed": 3170.41872, "delta": 0.00432}}
{"target": -13.75849385141207, "params": {"gamma": 507.2733171210163, "log10_alpha": 0.9727041880475724, "log10_colsample_bytree": -0.19966363024509204, "log10_eta": -3.7185855943948836, "log10_lambda": 0.10426857283866742, "log10_min_child_weight": 3.279332199950984, "log10_subsample": -0.3315913005728752, "max_depth": 4.0, "num_boost_round": 21.0}, "datetime": {"datetime": "2024-01-19 01:04:26", "elapsed": 3170.422939, "delta": 0.004219}}
{"target": -13.758492536152962, "params": {"gamma": 507.2733171210163, "log10_alpha": 0.9727041880475724, "log10_colsample_bytree": -0.19966363024509204, "log10_eta": -3.7185855943948836, "log10_lambda": 0.10426857283866742, "log10_min_child_weight": 3.279332199950984, "log10_subsample": -0.3315913005728752, "max_depth": 4.0, "num_boost_round": 22.0}, "datetime": {"datetime": "2024-01-19 01:04:26", "elapsed": 3170.427095, "delta": 0.004156}}
{"target": -13.758490395281138, "params": {"gamma": 507.2733171210163, "log10_alpha": 0.9727041880475724, "log10_colsample_bytree": -0.19966363024509204, "log10_eta": -3.7185855943948836, "log10_lambda": 0.10426857283866742, "log10_min_child_weight": 3.279332199950984, "log10_subsample": -0.3315913005728752, "max_depth": 4.0, "num_boost_round": 23.0}, "datetime": {"datetime": "2024-01-19 01:04:26", "elapsed": 3170.431301, "delta": 0.004206}}
{"target": -13.758486661256404, "params": {"gamma": 507.2733171210163, "log10_alpha": 0.9727041880475724, "log10_colsample_bytree": -0.19966363024509204, "log10_eta": -3.7185855943948836, "log10_lambda": 0.10426857283866742, "log10_min_child_weight": 3.279332199950984, "log10_subsample": -0.3315913005728752, "max_depth": 4.0, "num_boost_round": 24.0}, "datetime": {"datetime": "2024-01-19 01:04:26", "elapsed": 3170.43918, "delta": 0.007879}}
{"target": -13.758485321438844, "params": {"gamma": 507.2733171210163, "log10_alpha": 0.9727041880475724, "log10_colsample_bytree": -0.19966363024509204, "log10_eta": -3.7185855943948836, "log10_lambda": 0.10426857283866742, "log10_min_child_weight": 3.279332199950984, "log10_subsample": -0.3315913005728752, "max_depth": 4.0, "num_boost_round": 25.0}, "datetime": {"datetime": "2024-01-19 01:04:26", "elapsed": 3170.443272, "delta": 0.004092}}
{"target": -13.75848324097813, "params": {"gamma": 507.2733171210163, "log10_alpha": 0.9727041880475724, "log10_colsample_bytree": -0.19966363024509204, "log10_eta": -3.7185855943948836, "log10_lambda": 0.10426857283866742, "log10_min_child_weight": 3.279332199950984, "log10_subsample": -0.3315913005728752, "max_depth": 4.0, "num_boost_round": 26.0}, "datetime": {"datetime": "2024-01-19 01:04:26", "elapsed": 3170.447319, "delta": 0.004047}}
{"target": -13.758480865327064, "params": {"gamma": 507.2733171210163, "log10_alpha": 0.9727041880475724, "log10_colsample_bytree": -0.19966363024509204, "log10_eta": -3.7185855943948836, "log10_lambda": 0.10426857283866742, "log10_min_child_weight": 3.279332199950984, "log10_subsample": -0.3315913005728752, "max_depth": 4.0, "num_boost_round": 27.0}, "datetime": {"datetime": "2024-01-19 01:04:26", "elapsed": 3170.451376, "delta": 0.004057}}
{"target": -13.758477629805764, "params": {"gamma": 507.2733171210163, "log10_alpha": 0.9727041880475724, "log10_colsample_bytree": -0.19966363024509204, "log10_eta": -3.7185855943948836, "log10_lambda": 0.10426857283866742, "log10_min_child_weight": 3.279332199950984, "log10_subsample": -0.3315913005728752, "max_depth": 4.0, "num_boost_round": 28.0}, "datetime": {"datetime": "2024-01-19 01:04:26", "elapsed": 3170.455481, "delta": 0.004105}}
{"target": -13.758478364647992, "params": {"gamma": 507.2733171210163, "log10_alpha": 0.9727041880475724, "log10_colsample_bytree": -0.19966363024509204, "log10_eta": -3.7185855943948836, "log10_lambda": 0.10426857283866742, "log10_min_child_weight": 3.279332199950984, "log10_subsample": -0.3315913005728752, "max_depth": 4.0, "num_boost_round": 29.0}, "datetime": {"datetime": "2024-01-19 01:04:26", "elapsed": 3170.459515, "delta": 0.004034}}
{"target": -13.75847868962233, "params": {"gamma": 507.2733171210163, "log10_alpha": 0.9727041880475724, "log10_colsample_bytree": -0.19966363024509204, "log10_eta": -3.7185855943948836, "log10_lambda": 0.10426857283866742, "log10_min_child_weight": 3.279332199950984, "log10_subsample": -0.3315913005728752, "max_depth": 4.0, "num_boost_round": 30.0}, "datetime": {"datetime": "2024-01-19 01:04:26", "elapsed": 3170.464214, "delta": 0.004699}}
{"target": -13.7585287393449, "params": {"gamma": 531.324370126799, "log10_alpha": 0.013251603031354087, "log10_colsample_bytree": -0.4999621271904212, "log10_eta": -3.6045382217837942, "log10_lambda": -4.968200890769857, "log10_min_child_weight": 0.5390263329314049, "log10_subsample": -0.2519894759768251, "max_depth": 6.0, "num_boost_round": 0.0}, "datetime": {"datetime": "2024-01-19 01:05:26", "elapsed": 3230.500212, "delta": 60.035998}}
{"target": -13.75851924382449, "params": {"gamma": 531.324370126799, "log10_alpha": 0.013251603031354087, "log10_colsample_bytree": -0.4999621271904212, "log10_eta": -3.6045382217837942, "log10_lambda": -4.968200890769857, "log10_min_child_weight": 0.5390263329314049, "log10_subsample": -0.2519894759768251, "max_depth": 6.0, "num_boost_round": 1.0}, "datetime": {"datetime": "2024-01-19 01:05:26", "elapsed": 3230.504435, "delta": 0.004223}}
{"target": -13.758507360506977, "params": {"gamma": 531.324370126799, "log10_alpha": 0.013251603031354087, "log10_colsample_bytree": -0.4999621271904212, "log10_eta": -3.6045382217837942, "log10_lambda": -4.968200890769857, "log10_min_child_weight": 0.5390263329314049, "log10_subsample": -0.2519894759768251, "max_depth": 6.0, "num_boost_round": 2.0}, "datetime": {"datetime": "2024-01-19 01:05:26", "elapsed": 3230.508534, "delta": 0.004099}}
{"target": -13.758500972275348, "params": {"gamma": 531.324370126799, "log10_alpha": 0.013251603031354087, "log10_colsample_bytree": -0.4999621271904212, "log10_eta": -3.6045382217837942, "log10_lambda": -4.968200890769857, "log10_min_child_weight": 0.5390263329314049, "log10_subsample": -0.2519894759768251, "max_depth": 6.0, "num_boost_round": 3.0}, "datetime": {"datetime": "2024-01-19 01:05:26", "elapsed": 3230.512812, "delta": 0.004278}}
{"target": -13.758492382019979, "params": {"gamma": 531.324370126799, "log10_alpha": 0.013251603031354087, "log10_colsample_bytree": -0.4999621271904212, "log10_eta": -3.6045382217837942, "log10_lambda": -4.968200890769857, "log10_min_child_weight": 0.5390263329314049, "log10_subsample": -0.2519894759768251, "max_depth": 6.0, "num_boost_round": 4.0}, "datetime": {"datetime": "2024-01-19 01:05:26", "elapsed": 3230.516952, "delta": 0.00414}}
{"target": -13.758487657428914, "params": {"gamma": 531.324370126799, "log10_alpha": 0.013251603031354087, "log10_colsample_bytree": -0.4999621271904212, "log10_eta": -3.6045382217837942, "log10_lambda": -4.968200890769857, "log10_min_child_weight": 0.5390263329314049, "log10_subsample": -0.2519894759768251, "max_depth": 6.0, "num_boost_round": 5.0}, "datetime": {"datetime": "2024-01-19 01:05:26", "elapsed": 3230.521005, "delta": 0.004053}}
{"target": -13.758480528544158, "params": {"gamma": 531.324370126799, "log10_alpha": 0.013251603031354087, "log10_colsample_bytree": -0.4999621271904212, "log10_eta": -3.6045382217837942, "log10_lambda": -4.968200890769857, "log10_min_child_weight": 0.5390263329314049, "log10_subsample": -0.2519894759768251, "max_depth": 6.0, "num_boost_round": 6.0}, "datetime": {"datetime": "2024-01-19 01:05:26", "elapsed": 3230.525192, "delta": 0.004187}}
{"target": -13.758476030749838, "params": {"gamma": 531.324370126799, "log10_alpha": 0.013251603031354087, "log10_colsample_bytree": -0.4999621271904212, "log10_eta": -3.6045382217837942, "log10_lambda": -4.968200890769857, "log10_min_child_weight": 0.5390263329314049, "log10_subsample": -0.2519894759768251, "max_depth": 6.0, "num_boost_round": 7.0}, "datetime": {"datetime": "2024-01-19 01:05:26", "elapsed": 3230.529306, "delta": 0.004114}}
{"target": -13.75847041920438, "params": {"gamma": 531.324370126799, "log10_alpha": 0.013251603031354087, "log10_colsample_bytree": -0.4999621271904212, "log10_eta": -3.6045382217837942, "log10_lambda": -4.968200890769857, "log10_min_child_weight": 0.5390263329314049, "log10_subsample": -0.2519894759768251, "max_depth": 6.0, "num_boost_round": 8.0}, "datetime": {"datetime": "2024-01-19 01:05:26", "elapsed": 3230.533356, "delta": 0.00405}}
{"target": -13.758467239163354, "params": {"gamma": 531.324370126799, "log10_alpha": 0.013251603031354087, "log10_colsample_bytree": -0.4999621271904212, "log10_eta": -3.6045382217837942, "log10_lambda": -4.968200890769857, "log10_min_child_weight": 0.5390263329314049, "log10_subsample": -0.2519894759768251, "max_depth": 6.0, "num_boost_round": 9.0}, "datetime": {"datetime": "2024-01-19 01:05:26", "elapsed": 3230.537538, "delta": 0.004182}}
{"target": -13.758537199645996, "params": {"gamma": 449.31985176053684, "log10_alpha": -2.101539596757498, "log10_colsample_bytree": -0.1841090357066224, "log10_eta": -4.0, "log10_lambda": 1.0, "log10_min_child_weight": 0.0, "log10_subsample": -0.08893788369399652, "max_depth": 2.0, "num_boost_round": 0.0}, "datetime": {"datetime": "2024-01-19 01:06:25", "elapsed": 3289.296998, "delta": 58.75946}}
{"target": -13.758536105544144, "params": {"gamma": 449.31985176053684, "log10_alpha": -2.101539596757498, "log10_colsample_bytree": -0.1841090357066224, "log10_eta": -4.0, "log10_lambda": 1.0, "log10_min_child_weight": 0.0, "log10_subsample": -0.08893788369399652, "max_depth": 2.0, "num_boost_round": 1.0}, "datetime": {"datetime": "2024-01-19 01:06:25", "elapsed": 3289.301824, "delta": 0.004826}}
{"target": -13.758535974864149, "params": {"gamma": 449.31985176053684, "log10_alpha": -2.101539596757498, "log10_colsample_bytree": -0.1841090357066224, "log10_eta": -4.0, "log10_lambda": 1.0, "log10_min_child_weight": 0.0, "log10_subsample": -0.08893788369399652, "max_depth": 2.0, "num_boost_round": 2.0}, "datetime": {"datetime": "2024-01-19 01:06:25", "elapsed": 3289.305965, "delta": 0.004141}}
{"target": -13.758536170419115, "params": {"gamma": 449.31985176053684, "log10_alpha": -2.101539596757498, "log10_colsample_bytree": -0.1841090357066224, "log10_eta": -4.0, "log10_lambda": 1.0, "log10_min_child_weight": 0.0, "log10_subsample": -0.08893788369399652, "max_depth": 2.0, "num_boost_round": 3.0}, "datetime": {"datetime": "2024-01-19 01:06:25", "elapsed": 3289.310091, "delta": 0.004126}}
{"target": -13.758534781744595, "params": {"gamma": 449.31985176053684, "log10_alpha": -2.101539596757498, "log10_colsample_bytree": -0.1841090357066224, "log10_eta": -4.0, "log10_lambda": 1.0, "log10_min_child_weight": 0.0, "log10_subsample": -0.08893788369399652, "max_depth": 2.0, "num_boost_round": 4.0}, "datetime": {"datetime": "2024-01-19 01:06:25", "elapsed": 3289.314171, "delta": 0.00408}}
{"target": -13.758533666817657, "params": {"gamma": 449.31985176053684, "log10_alpha": -2.101539596757498, "log10_colsample_bytree": -0.1841090357066224, "log10_eta": -4.0, "log10_lambda": 1.0, "log10_min_child_weight": 0.0, "log10_subsample": -0.08893788369399652, "max_depth": 2.0, "num_boost_round": 5.0}, "datetime": {"datetime": "2024-01-19 01:06:25", "elapsed": 3289.318206, "delta": 0.004035}}
{"target": -13.758533538334781, "params": {"gamma": 449.31985176053684, "log10_alpha": -2.101539596757498, "log10_colsample_bytree": -0.1841090357066224, "log10_eta": -4.0, "log10_lambda": 1.0, "log10_min_child_weight": 0.0, "log10_subsample": -0.08893788369399652, "max_depth": 2.0, "num_boost_round": 6.0}, "datetime": {"datetime": "2024-01-19 01:06:25", "elapsed": 3289.322285, "delta": 0.004079}}
{"target": -13.758532400348594, "params": {"gamma": 449.31985176053684, "log10_alpha": -2.101539596757498, "log10_colsample_bytree": -0.1841090357066224, "log10_eta": -4.0, "log10_lambda": 1.0, "log10_min_child_weight": 0.0, "log10_subsample": -0.08893788369399652, "max_depth": 2.0, "num_boost_round": 7.0}, "datetime": {"datetime": "2024-01-19 01:06:25", "elapsed": 3289.326413, "delta": 0.004128}}
{"target": -13.75853125076727, "params": {"gamma": 449.31985176053684, "log10_alpha": -2.101539596757498, "log10_colsample_bytree": -0.1841090357066224, "log10_eta": -4.0, "log10_lambda": 1.0, "log10_min_child_weight": 0.0, "log10_subsample": -0.08893788369399652, "max_depth": 2.0, "num_boost_round": 8.0}, "datetime": {"datetime": "2024-01-19 01:06:25", "elapsed": 3289.330539, "delta": 0.004126}}
{"target": -13.758531197986681, "params": {"gamma": 449.31985176053684, "log10_alpha": -2.101539596757498, "log10_colsample_bytree": -0.1841090357066224, "log10_eta": -4.0, "log10_lambda": 1.0, "log10_min_child_weight": 0.0, "log10_subsample": -0.08893788369399652, "max_depth": 2.0, "num_boost_round": 9.0}, "datetime": {"datetime": "2024-01-19 01:06:25", "elapsed": 3289.335398, "delta": 0.004859}}
{"target": -13.758530129641047, "params": {"gamma": 449.31985176053684, "log10_alpha": -2.101539596757498, "log10_colsample_bytree": -0.1841090357066224, "log10_eta": -4.0, "log10_lambda": 1.0, "log10_min_child_weight": 0.0, "log10_subsample": -0.08893788369399652, "max_depth": 2.0, "num_boost_round": 10.0}, "datetime": {"datetime": "2024-01-19 01:06:25", "elapsed": 3289.339771, "delta": 0.004373}}
{"target": -13.758528211877456, "params": {"gamma": 449.31985176053684, "log10_alpha": -2.101539596757498, "log10_colsample_bytree": -0.1841090357066224, "log10_eta": -4.0, "log10_lambda": 1.0, "log10_min_child_weight": 0.0, "log10_subsample": -0.08893788369399652, "max_depth": 2.0, "num_boost_round": 11.0}, "datetime": {"datetime": "2024-01-19 01:06:25", "elapsed": 3289.343911, "delta": 0.00414}}
{"target": -13.758527102586063, "params": {"gamma": 449.31985176053684, "log10_alpha": -2.101539596757498, "log10_colsample_bytree": -0.1841090357066224, "log10_eta": -4.0, "log10_lambda": 1.0, "log10_min_child_weight": 0.0, "log10_subsample": -0.08893788369399652, "max_depth": 2.0, "num_boost_round": 12.0}, "datetime": {"datetime": "2024-01-19 01:06:25", "elapsed": 3289.348005, "delta": 0.004094}}
{"target": -13.758525997196683, "params": {"gamma": 449.31985176053684, "log10_alpha": -2.101539596757498, "log10_colsample_bytree": -0.1841090357066224, "log10_eta": -4.0, "log10_lambda": 1.0, "log10_min_child_weight": 0.0, "log10_subsample": -0.08893788369399652, "max_depth": 2.0, "num_boost_round": 13.0}, "datetime": {"datetime": "2024-01-19 01:06:25", "elapsed": 3289.352127, "delta": 0.004122}}
{"target": -13.758524885681844, "params": {"gamma": 449.31985176053684, "log10_alpha": -2.101539596757498, "log10_colsample_bytree": -0.1841090357066224, "log10_eta": -4.0, "log10_lambda": 1.0, "log10_min_child_weight": 0.0, "log10_subsample": -0.08893788369399652, "max_depth": 2.0, "num_boost_round": 14.0}, "datetime": {"datetime": "2024-01-19 01:06:25", "elapsed": 3289.356272, "delta": 0.004145}}
{"target": -13.758523445855133, "params": {"gamma": 449.31985176053684, "log10_alpha": -2.101539596757498, "log10_colsample_bytree": -0.1841090357066224, "log10_eta": -4.0, "log10_lambda": 1.0, "log10_min_child_weight": 0.0, "log10_subsample": -0.08893788369399652, "max_depth": 2.0, "num_boost_round": 15.0}, "datetime": {"datetime": "2024-01-19 01:06:25", "elapsed": 3289.360329, "delta": 0.004057}}
{"target": -13.758522047987874, "params": {"gamma": 449.31985176053684, "log10_alpha": -2.101539596757498, "log10_colsample_bytree": -0.1841090357066224, "log10_eta": -4.0, "log10_lambda": 1.0, "log10_min_child_weight": 0.0, "log10_subsample": -0.08893788369399652, "max_depth": 2.0, "num_boost_round": 16.0}, "datetime": {"datetime": "2024-01-19 01:06:25", "elapsed": 3289.364398, "delta": 0.004069}}
{"target": -13.758521858534944, "params": {"gamma": 449.31985176053684, "log10_alpha": -2.101539596757498, "log10_colsample_bytree": -0.1841090357066224, "log10_eta": -4.0, "log10_lambda": 1.0, "log10_min_child_weight": 0.0, "log10_subsample": -0.08893788369399652, "max_depth": 2.0, "num_boost_round": 17.0}, "datetime": {"datetime": "2024-01-19 01:06:25", "elapsed": 3289.368529, "delta": 0.004131}}
{"target": -13.758520452848119, "params": {"gamma": 449.31985176053684, "log10_alpha": -2.101539596757498, "log10_colsample_bytree": -0.1841090357066224, "log10_eta": -4.0, "log10_lambda": 1.0, "log10_min_child_weight": 0.0, "log10_subsample": -0.08893788369399652, "max_depth": 2.0, "num_boost_round": 18.0}, "datetime": {"datetime": "2024-01-19 01:06:25", "elapsed": 3289.372653, "delta": 0.004124}}
{"target": -13.758519912594462, "params": {"gamma": 449.31985176053684, "log10_alpha": -2.101539596757498, "log10_colsample_bytree": -0.1841090357066224, "log10_eta": -4.0, "log10_lambda": 1.0, "log10_min_child_weight": 0.0, "log10_subsample": -0.08893788369399652, "max_depth": 2.0, "num_boost_round": 19.0}, "datetime": {"datetime": "2024-01-19 01:06:25", "elapsed": 3289.37682, "delta": 0.004167}}
{"target": -13.758518795244523, "params": {"gamma": 449.31985176053684, "log10_alpha": -2.101539596757498, "log10_colsample_bytree": -0.1841090357066224, "log10_eta": -4.0, "log10_lambda": 1.0, "log10_min_child_weight": 0.0, "log10_subsample": -0.08893788369399652, "max_depth": 2.0, "num_boost_round": 20.0}, "datetime": {"datetime": "2024-01-19 01:06:25", "elapsed": 3289.38098, "delta": 0.00416}}
{"target": -13.758518659315396, "params": {"gamma": 449.31985176053684, "log10_alpha": -2.101539596757498, "log10_colsample_bytree": -0.1841090357066224, "log10_eta": -4.0, "log10_lambda": 1.0, "log10_min_child_weight": 0.0, "log10_subsample": -0.08893788369399652, "max_depth": 2.0, "num_boost_round": 21.0}, "datetime": {"datetime": "2024-01-19 01:06:25", "elapsed": 3289.385222, "delta": 0.004242}}
{"target": -13.758517340508996, "params": {"gamma": 449.31985176053684, "log10_alpha": -2.101539596757498, "log10_colsample_bytree": -0.1841090357066224, "log10_eta": -4.0, "log10_lambda": 1.0, "log10_min_child_weight": 0.0, "log10_subsample": -0.08893788369399652, "max_depth": 2.0, "num_boost_round": 22.0}, "datetime": {"datetime": "2024-01-19 01:06:25", "elapsed": 3289.389337, "delta": 0.004115}}
{"target": -13.758516527869203, "params": {"gamma": 449.31985176053684, "log10_alpha": -2.101539596757498, "log10_colsample_bytree": -0.1841090357066224, "log10_eta": -4.0, "log10_lambda": 1.0, "log10_min_child_weight": 0.0, "log10_subsample": -0.08893788369399652, "max_depth": 2.0, "num_boost_round": 23.0}, "datetime": {"datetime": "2024-01-19 01:06:25", "elapsed": 3289.393395, "delta": 0.004058}}
{"target": -13.75851511786723, "params": {"gamma": 449.31985176053684, "log10_alpha": -2.101539596757498, "log10_colsample_bytree": -0.1841090357066224, "log10_eta": -4.0, "log10_lambda": 1.0, "log10_min_child_weight": 0.0, "log10_subsample": -0.08893788369399652, "max_depth": 2.0, "num_boost_round": 24.0}, "datetime": {"datetime": "2024-01-19 01:06:25", "elapsed": 3289.397567, "delta": 0.004172}}
{"target": -13.758515246658378, "params": {"gamma": 449.31985176053684, "log10_alpha": -2.101539596757498, "log10_colsample_bytree": -0.1841090357066224, "log10_eta": -4.0, "log10_lambda": 1.0, "log10_min_child_weight": 0.0, "log10_subsample": -0.08893788369399652, "max_depth": 2.0, "num_boost_round": 25.0}, "datetime": {"datetime": "2024-01-19 01:06:25", "elapsed": 3289.401659, "delta": 0.004092}}
{"target": -13.758514850235995, "params": {"gamma": 449.31985176053684, "log10_alpha": -2.101539596757498, "log10_colsample_bytree": -0.1841090357066224, "log10_eta": -4.0, "log10_lambda": 1.0, "log10_min_child_weight": 0.0, "log10_subsample": -0.08893788369399652, "max_depth": 2.0, "num_boost_round": 26.0}, "datetime": {"datetime": "2024-01-19 01:06:25", "elapsed": 3289.405738, "delta": 0.004079}}
{"target": -13.758514816441053, "params": {"gamma": 449.31985176053684, "log10_alpha": -2.101539596757498, "log10_colsample_bytree": -0.1841090357066224, "log10_eta": -4.0, "log10_lambda": 1.0, "log10_min_child_weight": 0.0, "log10_subsample": -0.08893788369399652, "max_depth": 2.0, "num_boost_round": 27.0}, "datetime": {"datetime": "2024-01-19 01:06:25", "elapsed": 3289.409932, "delta": 0.004194}}
{"target": -13.758514677492748, "params": {"gamma": 449.31985176053684, "log10_alpha": -2.101539596757498, "log10_colsample_bytree": -0.1841090357066224, "log10_eta": -4.0, "log10_lambda": 1.0, "log10_min_child_weight": 0.0, "log10_subsample": -0.08893788369399652, "max_depth": 2.0, "num_boost_round": 28.0}, "datetime": {"datetime": "2024-01-19 01:06:25", "elapsed": 3289.41405, "delta": 0.004118}}
