{"target": -13.758507729227338, "params": {"gamma": 945.3981942999574, "log10_alpha": -1.6045462729410178, "log10_colsample_bytree": -0.03115213775019665, "log10_eta": -2.845459428947319, "log10_lambda": -0.5927182908182953, "log10_min_child_weight": 0.22681668436431324, "log10_subsample": -0.4521131255744777, "max_depth": 5.0, "num_boost_round": 0.0}, "datetime": {"datetime": "2024-01-19 00:48:02", "elapsed": 2183.199476, "delta": 38.789313}}
{"target": -13.7584819172069, "params": {"gamma": 945.3981942999574, "log10_alpha": -1.6045462729410178, "log10_colsample_bytree": -0.03115213775019665, "log10_eta": -2.845459428947319, "log10_lambda": -0.5927182908182953, "log10_min_child_weight": 0.22681668436431324, "log10_subsample": -0.4521131255744777, "max_depth": 5.0, "num_boost_round": 1.0}, "datetime": {"datetime": "2024-01-19 00:48:02", "elapsed": 2183.202959, "delta": 0.003483}}
{"target": -13.758509953424769, "params": {"gamma": 945.3981942999574, "log10_alpha": -1.6045462729410178, "log10_colsample_bytree": -0.03115213775019665, "log10_eta": -2.845459428947319, "log10_lambda": -0.5927182908182953, "log10_min_child_weight": 0.22681668436431324, "log10_subsample": -0.4521131255744777, "max_depth": 5.0, "num_boost_round": 2.0}, "datetime": {"datetime": "2024-01-19 00:48:02", "elapsed": 2183.206125, "delta": 0.003166}}
{"target": -13.758478603560208, "params": {"gamma": 945.3981942999574, "log10_alpha": -1.6045462729410178, "log10_colsample_bytree": -0.03115213775019665, "log10_eta": -2.845459428947319, "log10_lambda": -0.5927182908182953, "log10_min_child_weight": 0.22681668436431324, "log10_subsample": -0.4521131255744777, "max_depth": 5.0, "num_boost_round": 3.0}, "datetime": {"datetime": "2024-01-19 00:48:02", "elapsed": 2183.209193, "delta": 0.003068}}
{"target": -13.758468126795146, "params": {"gamma": 945.3981942999574, "log10_alpha": -1.6045462729410178, "log10_colsample_bytree": -0.03115213775019665, "log10_eta": -2.845459428947319, "log10_lambda": -0.5927182908182953, "log10_min_child_weight": 0.22681668436431324, "log10_subsample": -0.4521131255744777, "max_depth": 5.0, "num_boost_round": 4.0}, "datetime": {"datetime": "2024-01-19 00:48:02", "elapsed": 2183.212269, "delta": 0.003076}}
{"target": -13.758462578073491, "params": {"gamma": 945.3981942999574, "log10_alpha": -1.6045462729410178, "log10_colsample_bytree": -0.03115213775019665, "log10_eta": -2.845459428947319, "log10_lambda": -0.5927182908182953, "log10_min_child_weight": 0.22681668436431324, "log10_subsample": -0.4521131255744777, "max_depth": 5.0, "num_boost_round": 5.0}, "datetime": {"datetime": "2024-01-19 00:48:02", "elapsed": 2183.215194, "delta": 0.002925}}
{"target": -13.758450656711135, "params": {"gamma": 945.3981942999574, "log10_alpha": -1.6045462729410178, "log10_colsample_bytree": -0.03115213775019665, "log10_eta": -2.845459428947319, "log10_lambda": -0.5927182908182953, "log10_min_child_weight": 0.22681668436431324, "log10_subsample": -0.4521131255744777, "max_depth": 5.0, "num_boost_round": 6.0}, "datetime": {"datetime": "2024-01-19 00:48:02", "elapsed": 2183.22256, "delta": 0.007366}}
{"target": -13.758464662834722, "params": {"gamma": 945.3981942999574, "log10_alpha": -1.6045462729410178, "log10_colsample_bytree": -0.03115213775019665, "log10_eta": -2.845459428947319, "log10_lambda": -0.5927182908182953, "log10_min_child_weight": 0.22681668436431324, "log10_subsample": -0.4521131255744777, "max_depth": 5.0, "num_boost_round": 7.0}, "datetime": {"datetime": "2024-01-19 00:48:02", "elapsed": 2183.225546, "delta": 0.002986}}
{"target": -13.758461798342411, "params": {"gamma": 945.3981942999574, "log10_alpha": -1.6045462729410178, "log10_colsample_bytree": -0.03115213775019665, "log10_eta": -2.845459428947319, "log10_lambda": -0.5927182908182953, "log10_min_child_weight": 0.22681668436431324, "log10_subsample": -0.4521131255744777, "max_depth": 5.0, "num_boost_round": 8.0}, "datetime": {"datetime": "2024-01-19 00:48:02", "elapsed": 2183.228571, "delta": 0.003025}}
{"target": -13.758453725048533, "params": {"gamma": 945.3981942999574, "log10_alpha": -1.6045462729410178, "log10_colsample_bytree": -0.03115213775019665, "log10_eta": -2.845459428947319, "log10_lambda": -0.5927182908182953, "log10_min_child_weight": 0.22681668436431324, "log10_subsample": -0.4521131255744777, "max_depth": 5.0, "num_boost_round": 9.0}, "datetime": {"datetime": "2024-01-19 00:48:02", "elapsed": 2183.231494, "delta": 0.002923}}
{"target": -13.758405628995291, "params": {"gamma": 945.3981942999574, "log10_alpha": -1.6045462729410178, "log10_colsample_bytree": -0.03115213775019665, "log10_eta": -2.845459428947319, "log10_lambda": -0.5927182908182953, "log10_min_child_weight": 0.22681668436431324, "log10_subsample": -0.4521131255744777, "max_depth": 5.0, "num_boost_round": 10.0}, "datetime": {"datetime": "2024-01-19 00:48:02", "elapsed": 2183.234406, "delta": 0.002912}}
{"target": -13.758401545421474, "params": {"gamma": 945.3981942999574, "log10_alpha": -1.6045462729410178, "log10_colsample_bytree": -0.03115213775019665, "log10_eta": -2.845459428947319, "log10_lambda": -0.5927182908182953, "log10_min_child_weight": 0.22681668436431324, "log10_subsample": -0.4521131255744777, "max_depth": 5.0, "num_boost_round": 11.0}, "datetime": {"datetime": "2024-01-19 00:48:02", "elapsed": 2183.237342, "delta": 0.002936}}
{"target": -13.758404532110383, "params": {"gamma": 945.3981942999574, "log10_alpha": -1.6045462729410178, "log10_colsample_bytree": -0.03115213775019665, "log10_eta": -2.845459428947319, "log10_lambda": -0.5927182908182953, "log10_min_child_weight": 0.22681668436431324, "log10_subsample": -0.4521131255744777, "max_depth": 5.0, "num_boost_round": 12.0}, "datetime": {"datetime": "2024-01-19 00:48:02", "elapsed": 2183.240319, "delta": 0.002977}}
{"target": -13.758446003980438, "params": {"gamma": 945.3981942999574, "log10_alpha": -1.6045462729410178, "log10_colsample_bytree": -0.03115213775019665, "log10_eta": -2.845459428947319, "log10_lambda": -0.5927182908182953, "log10_min_child_weight": 0.22681668436431324, "log10_subsample": -0.4521131255744777, "max_depth": 5.0, "num_boost_round": 13.0}, "datetime": {"datetime": "2024-01-19 00:48:02", "elapsed": 2183.243269, "delta": 0.00295}}
{"target": -13.758437340032495, "params": {"gamma": 945.3981942999574, "log10_alpha": -1.6045462729410178, "log10_colsample_bytree": -0.03115213775019665, "log10_eta": -2.845459428947319, "log10_lambda": -0.5927182908182953, "log10_min_child_weight": 0.22681668436431324, "log10_subsample": -0.4521131255744777, "max_depth": 5.0, "num_boost_round": 14.0}, "datetime": {"datetime": "2024-01-19 00:48:02", "elapsed": 2183.24623, "delta": 0.002961}}
{"target": -13.758414320291957, "params": {"gamma": 945.3981942999574, "log10_alpha": -1.6045462729410178, "log10_colsample_bytree": -0.03115213775019665, "log10_eta": -2.845459428947319, "log10_lambda": -0.5927182908182953, "log10_min_child_weight": 0.22681668436431324, "log10_subsample": -0.4521131255744777, "max_depth": 5.0, "num_boost_round": 15.0}, "datetime": {"datetime": "2024-01-19 00:48:02", "elapsed": 2183.2493, "delta": 0.00307}}
{"target": -13.758393096997315, "params": {"gamma": 945.3981942999574, "log10_alpha": -1.6045462729410178, "log10_colsample_bytree": -0.03115213775019665, "log10_eta": -2.845459428947319, "log10_lambda": -0.5927182908182953, "log10_min_child_weight": 0.22681668436431324, "log10_subsample": -0.4521131255744777, "max_depth": 5.0, "num_boost_round": 16.0}, "datetime": {"datetime": "2024-01-19 00:48:02", "elapsed": 2183.252245, "delta": 0.002945}}
{"target": -13.758381369431762, "params": {"gamma": 945.3981942999574, "log10_alpha": -1.6045462729410178, "log10_colsample_bytree": -0.03115213775019665, "log10_eta": -2.845459428947319, "log10_lambda": -0.5927182908182953, "log10_min_child_weight": 0.22681668436431324, "log10_subsample": -0.4521131255744777, "max_depth": 5.0, "num_boost_round": 17.0}, "datetime": {"datetime": "2024-01-19 00:48:02", "elapsed": 2183.255195, "delta": 0.00295}}
{"target": -13.758325985110726, "params": {"gamma": 945.3981942999574, "log10_alpha": -1.6045462729410178, "log10_colsample_bytree": -0.03115213775019665, "log10_eta": -2.845459428947319, "log10_lambda": -0.5927182908182953, "log10_min_child_weight": 0.22681668436431324, "log10_subsample": -0.4521131255744777, "max_depth": 5.0, "num_boost_round": 18.0}, "datetime": {"datetime": "2024-01-19 00:48:02", "elapsed": 2183.258493, "delta": 0.003298}}
{"target": -13.758334375707935, "params": {"gamma": 945.3981942999574, "log10_alpha": -1.6045462729410178, "log10_colsample_bytree": -0.03115213775019665, "log10_eta": -2.845459428947319, "log10_lambda": -0.5927182908182953, "log10_min_child_weight": 0.22681668436431324, "log10_subsample": -0.4521131255744777, "max_depth": 5.0, "num_boost_round": 19.0}, "datetime": {"datetime": "2024-01-19 00:48:02", "elapsed": 2183.261652, "delta": 0.003159}}
{"target": -13.758317063532584, "params": {"gamma": 945.3981942999574, "log10_alpha": -1.6045462729410178, "log10_colsample_bytree": -0.03115213775019665, "log10_eta": -2.845459428947319, "log10_lambda": -0.5927182908182953, "log10_min_child_weight": 0.22681668436431324, "log10_subsample": -0.4521131255744777, "max_depth": 5.0, "num_boost_round": 20.0}, "datetime": {"datetime": "2024-01-19 00:48:02", "elapsed": 2183.264579, "delta": 0.002927}}
{"target": -13.758325785978016, "params": {"gamma": 945.3981942999574, "log10_alpha": -1.6045462729410178, "log10_colsample_bytree": -0.03115213775019665, "log10_eta": -2.845459428947319, "log10_lambda": -0.5927182908182953, "log10_min_child_weight": 0.22681668436431324, "log10_subsample": -0.4521131255744777, "max_depth": 5.0, "num_boost_round": 21.0}, "datetime": {"datetime": "2024-01-19 00:48:02", "elapsed": 2183.267637, "delta": 0.003058}}
{"target": -13.758379085812834, "params": {"gamma": 945.3981942999574, "log10_alpha": -1.6045462729410178, "log10_colsample_bytree": -0.03115213775019665, "log10_eta": -2.845459428947319, "log10_lambda": -0.5927182908182953, "log10_min_child_weight": 0.22681668436431324, "log10_subsample": -0.4521131255744777, "max_depth": 5.0, "num_boost_round": 22.0}, "datetime": {"datetime": "2024-01-19 00:48:02", "elapsed": 2183.270577, "delta": 0.00294}}
{"target": -13.758400638414212, "params": {"gamma": 945.3981942999574, "log10_alpha": -1.6045462729410178, "log10_colsample_bytree": -0.03115213775019665, "log10_eta": -2.845459428947319, "log10_lambda": -0.5927182908182953, "log10_min_child_weight": 0.22681668436431324, "log10_subsample": -0.4521131255744777, "max_depth": 5.0, "num_boost_round": 23.0}, "datetime": {"datetime": "2024-01-19 00:48:02", "elapsed": 2183.273546, "delta": 0.002969}}
{"target": -13.758437159906983, "params": {"gamma": 945.3981942999574, "log10_alpha": -1.6045462729410178, "log10_colsample_bytree": -0.03115213775019665, "log10_eta": -2.845459428947319, "log10_lambda": -0.5927182908182953, "log10_min_child_weight": 0.22681668436431324, "log10_subsample": -0.4521131255744777, "max_depth": 5.0, "num_boost_round": 24.0}, "datetime": {"datetime": "2024-01-19 00:48:02", "elapsed": 2183.27652, "delta": 0.002974}}
{"target": -13.758399944422347, "params": {"gamma": 945.3981942999574, "log10_alpha": -1.6045462729410178, "log10_colsample_bytree": -0.03115213775019665, "log10_eta": -2.845459428947319, "log10_lambda": -0.5927182908182953, "log10_min_child_weight": 0.22681668436431324, "log10_subsample": -0.4521131255744777, "max_depth": 5.0, "num_boost_round": 25.0}, "datetime": {"datetime": "2024-01-19 00:48:02", "elapsed": 2183.279517, "delta": 0.002997}}
{"target": -13.758342409422688, "params": {"gamma": 945.3981942999574, "log10_alpha": -1.6045462729410178, "log10_colsample_bytree": -0.03115213775019665, "log10_eta": -2.845459428947319, "log10_lambda": -0.5927182908182953, "log10_min_child_weight": 0.22681668436431324, "log10_subsample": -0.4521131255744777, "max_depth": 5.0, "num_boost_round": 26.0}, "datetime": {"datetime": "2024-01-19 00:48:02", "elapsed": 2183.282502, "delta": 0.002985}}
{"target": -13.758245716793393, "params": {"gamma": 945.3981942999574, "log10_alpha": -1.6045462729410178, "log10_colsample_bytree": -0.03115213775019665, "log10_eta": -2.845459428947319, "log10_lambda": -0.5927182908182953, "log10_min_child_weight": 0.22681668436431324, "log10_subsample": -0.4521131255744777, "max_depth": 5.0, "num_boost_round": 27.0}, "datetime": {"datetime": "2024-01-19 00:48:02", "elapsed": 2183.285865, "delta": 0.003363}}
{"target": -13.75826620371987, "params": {"gamma": 945.3981942999574, "log10_alpha": -1.6045462729410178, "log10_colsample_bytree": -0.03115213775019665, "log10_eta": -2.845459428947319, "log10_lambda": -0.5927182908182953, "log10_min_child_weight": 0.22681668436431324, "log10_subsample": -0.4521131255744777, "max_depth": 5.0, "num_boost_round": 28.0}, "datetime": {"datetime": "2024-01-19 00:48:02", "elapsed": 2183.289074, "delta": 0.003209}}
{"target": -13.758243727594458, "params": {"gamma": 945.3981942999574, "log10_alpha": -1.6045462729410178, "log10_colsample_bytree": -0.03115213775019665, "log10_eta": -2.845459428947319, "log10_lambda": -0.5927182908182953, "log10_min_child_weight": 0.22681668436431324, "log10_subsample": -0.4521131255744777, "max_depth": 5.0, "num_boost_round": 29.0}, "datetime": {"datetime": "2024-01-19 00:48:02", "elapsed": 2183.292029, "delta": 0.002955}}
{"target": -13.758248305960144, "params": {"gamma": 945.3981942999574, "log10_alpha": -1.6045462729410178, "log10_colsample_bytree": -0.03115213775019665, "log10_eta": -2.845459428947319, "log10_lambda": -0.5927182908182953, "log10_min_child_weight": 0.22681668436431324, "log10_subsample": -0.4521131255744777, "max_depth": 5.0, "num_boost_round": 30.0}, "datetime": {"datetime": "2024-01-19 00:48:02", "elapsed": 2183.294968, "delta": 0.002939}}
{"target": -13.758282711330144, "params": {"gamma": 945.3981942999574, "log10_alpha": -1.6045462729410178, "log10_colsample_bytree": -0.03115213775019665, "log10_eta": -2.845459428947319, "log10_lambda": -0.5927182908182953, "log10_min_child_weight": 0.22681668436431324, "log10_subsample": -0.4521131255744777, "max_depth": 5.0, "num_boost_round": 31.0}, "datetime": {"datetime": "2024-01-19 00:48:02", "elapsed": 2183.297943, "delta": 0.002975}}
{"target": -13.758291418063164, "params": {"gamma": 945.3981942999574, "log10_alpha": -1.6045462729410178, "log10_colsample_bytree": -0.03115213775019665, "log10_eta": -2.845459428947319, "log10_lambda": -0.5927182908182953, "log10_min_child_weight": 0.22681668436431324, "log10_subsample": -0.4521131255744777, "max_depth": 5.0, "num_boost_round": 32.0}, "datetime": {"datetime": "2024-01-19 00:48:02", "elapsed": 2183.300978, "delta": 0.003035}}
{"target": -13.758312779165857, "params": {"gamma": 945.3981942999574, "log10_alpha": -1.6045462729410178, "log10_colsample_bytree": -0.03115213775019665, "log10_eta": -2.845459428947319, "log10_lambda": -0.5927182908182953, "log10_min_child_weight": 0.22681668436431324, "log10_subsample": -0.4521131255744777, "max_depth": 5.0, "num_boost_round": 33.0}, "datetime": {"datetime": "2024-01-19 00:48:02", "elapsed": 2183.303944, "delta": 0.002966}}
{"target": -13.758366677381444, "params": {"gamma": 945.3981942999574, "log10_alpha": -1.6045462729410178, "log10_colsample_bytree": -0.03115213775019665, "log10_eta": -2.845459428947319, "log10_lambda": -0.5927182908182953, "log10_min_child_weight": 0.22681668436431324, "log10_subsample": -0.4521131255744777, "max_depth": 5.0, "num_boost_round": 34.0}, "datetime": {"datetime": "2024-01-19 00:48:02", "elapsed": 2183.307378, "delta": 0.003434}}
{"target": -13.75844066516739, "params": {"gamma": 945.3981942999574, "log10_alpha": -1.6045462729410178, "log10_colsample_bytree": -0.03115213775019665, "log10_eta": -2.845459428947319, "log10_lambda": -0.5927182908182953, "log10_min_child_weight": 0.22681668436431324, "log10_subsample": -0.4521131255744777, "max_depth": 5.0, "num_boost_round": 35.0}, "datetime": {"datetime": "2024-01-19 00:48:02", "elapsed": 2183.310515, "delta": 0.003137}}
{"target": -13.75843373958779, "params": {"gamma": 945.3981942999574, "log10_alpha": -1.6045462729410178, "log10_colsample_bytree": -0.03115213775019665, "log10_eta": -2.845459428947319, "log10_lambda": -0.5927182908182953, "log10_min_child_weight": 0.22681668436431324, "log10_subsample": -0.4521131255744777, "max_depth": 5.0, "num_boost_round": 36.0}, "datetime": {"datetime": "2024-01-19 00:48:02", "elapsed": 2183.31361, "delta": 0.003095}}
{"target": -13.75847102659508, "params": {"gamma": 945.3981942999574, "log10_alpha": -1.6045462729410178, "log10_colsample_bytree": -0.03115213775019665, "log10_eta": -2.845459428947319, "log10_lambda": -0.5927182908182953, "log10_min_child_weight": 0.22681668436431324, "log10_subsample": -0.4521131255744777, "max_depth": 5.0, "num_boost_round": 37.0}, "datetime": {"datetime": "2024-01-19 00:48:02", "elapsed": 2183.316701, "delta": 0.003091}}
{"target": -13.758516978757864, "params": {"gamma": 945.3981942999574, "log10_alpha": -1.6045462729410178, "log10_colsample_bytree": -0.03115213775019665, "log10_eta": -2.845459428947319, "log10_lambda": -0.5927182908182953, "log10_min_child_weight": 0.22681668436431324, "log10_subsample": -0.4521131255744777, "max_depth": 5.0, "num_boost_round": 38.0}, "datetime": {"datetime": "2024-01-19 00:48:02", "elapsed": 2183.319669, "delta": 0.002968}}
{"target": -13.758509234710601, "params": {"gamma": 945.3981942999574, "log10_alpha": -1.6045462729410178, "log10_colsample_bytree": -0.03115213775019665, "log10_eta": -2.845459428947319, "log10_lambda": -0.5927182908182953, "log10_min_child_weight": 0.22681668436431324, "log10_subsample": -0.4521131255744777, "max_depth": 5.0, "num_boost_round": 39.0}, "datetime": {"datetime": "2024-01-19 00:48:02", "elapsed": 2183.322618, "delta": 0.002949}}
{"target": -13.758506532480268, "params": {"gamma": 945.3981942999574, "log10_alpha": -1.6045462729410178, "log10_colsample_bytree": -0.03115213775019665, "log10_eta": -2.845459428947319, "log10_lambda": -0.5927182908182953, "log10_min_child_weight": 0.22681668436431324, "log10_subsample": -0.4521131255744777, "max_depth": 5.0, "num_boost_round": 40.0}, "datetime": {"datetime": "2024-01-19 00:48:02", "elapsed": 2183.325614, "delta": 0.002996}}
{"target": -13.758502076760667, "params": {"gamma": 945.3981942999574, "log10_alpha": -1.6045462729410178, "log10_colsample_bytree": -0.03115213775019665, "log10_eta": -2.845459428947319, "log10_lambda": -0.5927182908182953, "log10_min_child_weight": 0.22681668436431324, "log10_subsample": -0.4521131255744777, "max_depth": 5.0, "num_boost_round": 41.0}, "datetime": {"datetime": "2024-01-19 00:48:02", "elapsed": 2183.328608, "delta": 0.002994}}
{"target": -13.758480235656105, "params": {"gamma": 949.8206611518401, "log10_alpha": 0.2127673897317015, "log10_colsample_bytree": -0.377868590563856, "log10_eta": -2.529887542658827, "log10_lambda": -1.3453841101571768, "log10_min_child_weight": 3.6805882633557943, "log10_subsample": -0.33238347701549653, "max_depth": 7.0, "num_boost_round": 0.0}, "datetime": {"datetime": "2024-01-19 00:48:43", "elapsed": 2224.629149, "delta": 41.300541}}
{"target": -13.75839193131903, "params": {"gamma": 949.8206611518401, "log10_alpha": 0.2127673897317015, "log10_colsample_bytree": -0.377868590563856, "log10_eta": -2.529887542658827, "log10_lambda": -1.3453841101571768, "log10_min_child_weight": 3.6805882633557943, "log10_subsample": -0.33238347701549653, "max_depth": 7.0, "num_boost_round": 1.0}, "datetime": {"datetime": "2024-01-19 00:48:43", "elapsed": 2224.632875, "delta": 0.003726}}
{"target": -13.758345371893725, "params": {"gamma": 949.8206611518401, "log10_alpha": 0.2127673897317015, "log10_colsample_bytree": -0.377868590563856, "log10_eta": -2.529887542658827, "log10_lambda": -1.3453841101571768, "log10_min_child_weight": 3.6805882633557943, "log10_subsample": -0.33238347701549653, "max_depth": 7.0, "num_boost_round": 2.0}, "datetime": {"datetime": "2024-01-19 00:48:43", "elapsed": 2224.635915, "delta": 0.00304}}
{"target": -13.758275746792368, "params": {"gamma": 949.8206611518401, "log10_alpha": 0.2127673897317015, "log10_colsample_bytree": -0.377868590563856, "log10_eta": -2.529887542658827, "log10_lambda": -1.3453841101571768, "log10_min_child_weight": 3.6805882633557943, "log10_subsample": -0.33238347701549653, "max_depth": 7.0, "num_boost_round": 3.0}, "datetime": {"datetime": "2024-01-19 00:48:43", "elapsed": 2224.639103, "delta": 0.003188}}
{"target": -13.758243734216292, "params": {"gamma": 949.8206611518401, "log10_alpha": 0.2127673897317015, "log10_colsample_bytree": -0.377868590563856, "log10_eta": -2.529887542658827, "log10_lambda": -1.3453841101571768, "log10_min_child_weight": 3.6805882633557943, "log10_subsample": -0.33238347701549653, "max_depth": 7.0, "num_boost_round": 4.0}, "datetime": {"datetime": "2024-01-19 00:48:43", "elapsed": 2224.642068, "delta": 0.002965}}
{"target": -13.758243871717951, "params": {"gamma": 949.8206611518401, "log10_alpha": 0.2127673897317015, "log10_colsample_bytree": -0.377868590563856, "log10_eta": -2.529887542658827, "log10_lambda": -1.3453841101571768, "log10_min_child_weight": 3.6805882633557943, "log10_subsample": -0.33238347701549653, "max_depth": 7.0, "num_boost_round": 5.0}, "datetime": {"datetime": "2024-01-19 00:48:43", "elapsed": 2224.645029, "delta": 0.002961}}
{"target": -13.758168542336588, "params": {"gamma": 949.8206611518401, "log10_alpha": 0.2127673897317015, "log10_colsample_bytree": -0.377868590563856, "log10_eta": -2.529887542658827, "log10_lambda": -1.3453841101571768, "log10_min_child_weight": 3.6805882633557943, "log10_subsample": -0.33238347701549653, "max_depth": 7.0, "num_boost_round": 6.0}, "datetime": {"datetime": "2024-01-19 00:48:43", "elapsed": 2224.648103, "delta": 0.003074}}
