{"target": -13.761268332386962, "params": {"gamma": 952.7383364756221, "log10_alpha": 0.40734347975359686, "log10_colsample_bytree": -0.42180543869216525, "log10_eta": -1.1595982186918397, "log10_lambda": -4.184717435910784, "log10_min_child_weight": 3.3497807937378794, "log10_subsample": -0.919615167077305, "max_depth": 2.0, "num_boost_round": 28.0}, "datetime": {"datetime": "2024-01-19 01:12:32", "elapsed": 3653.350868, "delta": 0.004566}}
{"target": -13.761101913673947, "params": {"gamma": 952.7383364756221, "log10_alpha": 0.40734347975359686, "log10_colsample_bytree": -0.42180543869216525, "log10_eta": -1.1595982186918397, "log10_lambda": -4.184717435910784, "log10_min_child_weight": 3.3497807937378794, "log10_subsample": -0.919615167077305, "max_depth": 2.0, "num_boost_round": 29.0}, "datetime": {"datetime": "2024-01-19 01:12:32", "elapsed": 3653.355438, "delta": 0.00457}}
{"target": -13.760994694492394, "params": {"gamma": 952.7383364756221, "log10_alpha": 0.40734347975359686, "log10_colsample_bytree": -0.42180543869216525, "log10_eta": -1.1595982186918397, "log10_lambda": -4.184717435910784, "log10_min_child_weight": 3.3497807937378794, "log10_subsample": -0.919615167077305, "max_depth": 2.0, "num_boost_round": 30.0}, "datetime": {"datetime": "2024-01-19 01:12:32", "elapsed": 3653.359838, "delta": 0.0044}}
{"target": -13.760721263746493, "params": {"gamma": 952.7383364756221, "log10_alpha": 0.40734347975359686, "log10_colsample_bytree": -0.42180543869216525, "log10_eta": -1.1595982186918397, "log10_lambda": -4.184717435910784, "log10_min_child_weight": 3.3497807937378794, "log10_subsample": -0.919615167077305, "max_depth": 2.0, "num_boost_round": 31.0}, "datetime": {"datetime": "2024-01-19 01:12:32", "elapsed": 3653.364294, "delta": 0.004456}}
{"target": -13.760998254435025, "params": {"gamma": 952.7383364756221, "log10_alpha": 0.40734347975359686, "log10_colsample_bytree": -0.42180543869216525, "log10_eta": -1.1595982186918397, "log10_lambda": -4.184717435910784, "log10_min_child_weight": 3.3497807937378794, "log10_subsample": -0.919615167077305, "max_depth": 2.0, "num_boost_round": 32.0}, "datetime": {"datetime": "2024-01-19 01:12:32", "elapsed": 3653.369539, "delta": 0.005245}}
{"target": -13.761671972978414, "params": {"gamma": 952.7383364756221, "log10_alpha": 0.40734347975359686, "log10_colsample_bytree": -0.42180543869216525, "log10_eta": -1.1595982186918397, "log10_lambda": -4.184717435910784, "log10_min_child_weight": 3.3497807937378794, "log10_subsample": -0.919615167077305, "max_depth": 2.0, "num_boost_round": 33.0}, "datetime": {"datetime": "2024-01-19 01:12:32", "elapsed": 3653.374663, "delta": 0.005124}}
{"target": -13.762767432873368, "params": {"gamma": 952.7383364756221, "log10_alpha": 0.40734347975359686, "log10_colsample_bytree": -0.42180543869216525, "log10_eta": -1.1595982186918397, "log10_lambda": -4.184717435910784, "log10_min_child_weight": 3.3497807937378794, "log10_subsample": -0.919615167077305, "max_depth": 2.0, "num_boost_round": 34.0}, "datetime": {"datetime": "2024-01-19 01:12:32", "elapsed": 3653.37965, "delta": 0.004987}}
{"target": -13.764624548032181, "params": {"gamma": 952.7383364756221, "log10_alpha": 0.40734347975359686, "log10_colsample_bytree": -0.42180543869216525, "log10_eta": -1.1595982186918397, "log10_lambda": -4.184717435910784, "log10_min_child_weight": 3.3497807937378794, "log10_subsample": -0.919615167077305, "max_depth": 2.0, "num_boost_round": 35.0}, "datetime": {"datetime": "2024-01-19 01:12:32", "elapsed": 3653.384132, "delta": 0.004482}}
{"target": -13.765483951410314, "params": {"gamma": 952.7383364756221, "log10_alpha": 0.40734347975359686, "log10_colsample_bytree": -0.42180543869216525, "log10_eta": -1.1595982186918397, "log10_lambda": -4.184717435910784, "log10_min_child_weight": 3.3497807937378794, "log10_subsample": -0.919615167077305, "max_depth": 2.0, "num_boost_round": 36.0}, "datetime": {"datetime": "2024-01-19 01:12:32", "elapsed": 3653.388577, "delta": 0.004445}}
{"target": -13.765661988290853, "params": {"gamma": 952.7383364756221, "log10_alpha": 0.40734347975359686, "log10_colsample_bytree": -0.42180543869216525, "log10_eta": -1.1595982186918397, "log10_lambda": -4.184717435910784, "log10_min_child_weight": 3.3497807937378794, "log10_subsample": -0.919615167077305, "max_depth": 2.0, "num_boost_round": 37.0}, "datetime": {"datetime": "2024-01-19 01:12:32", "elapsed": 3653.393083, "delta": 0.004506}}
{"target": -13.766496744334995, "params": {"gamma": 952.7383364756221, "log10_alpha": 0.40734347975359686, "log10_colsample_bytree": -0.42180543869216525, "log10_eta": -1.1595982186918397, "log10_lambda": -4.184717435910784, "log10_min_child_weight": 3.3497807937378794, "log10_subsample": -0.919615167077305, "max_depth": 2.0, "num_boost_round": 38.0}, "datetime": {"datetime": "2024-01-19 01:12:32", "elapsed": 3653.397595, "delta": 0.004512}}
{"target": -13.766846989871746, "params": {"gamma": 952.7383364756221, "log10_alpha": 0.40734347975359686, "log10_colsample_bytree": -0.42180543869216525, "log10_eta": -1.1595982186918397, "log10_lambda": -4.184717435910784, "log10_min_child_weight": 3.3497807937378794, "log10_subsample": -0.919615167077305, "max_depth": 2.0, "num_boost_round": 39.0}, "datetime": {"datetime": "2024-01-19 01:12:32", "elapsed": 3653.402024, "delta": 0.004429}}
{"target": -13.767066860589274, "params": {"gamma": 952.7383364756221, "log10_alpha": 0.40734347975359686, "log10_colsample_bytree": -0.42180543869216525, "log10_eta": -1.1595982186918397, "log10_lambda": -4.184717435910784, "log10_min_child_weight": 3.3497807937378794, "log10_subsample": -0.919615167077305, "max_depth": 2.0, "num_boost_round": 40.0}, "datetime": {"datetime": "2024-01-19 01:12:32", "elapsed": 3653.406482, "delta": 0.004458}}
{"target": -13.76686507566926, "params": {"gamma": 952.7383364756221, "log10_alpha": 0.40734347975359686, "log10_colsample_bytree": -0.42180543869216525, "log10_eta": -1.1595982186918397, "log10_lambda": -4.184717435910784, "log10_min_child_weight": 3.3497807937378794, "log10_subsample": -0.919615167077305, "max_depth": 2.0, "num_boost_round": 41.0}, "datetime": {"datetime": "2024-01-19 01:12:32", "elapsed": 3653.410907, "delta": 0.004425}}
{"target": -13.768245710038231, "params": {"gamma": 952.7383364756221, "log10_alpha": 0.40734347975359686, "log10_colsample_bytree": -0.42180543869216525, "log10_eta": -1.1595982186918397, "log10_lambda": -4.184717435910784, "log10_min_child_weight": 3.3497807937378794, "log10_subsample": -0.919615167077305, "max_depth": 2.0, "num_boost_round": 42.0}, "datetime": {"datetime": "2024-01-19 01:12:32", "elapsed": 3653.415361, "delta": 0.004454}}
{"target": -13.768275357078233, "params": {"gamma": 952.7383364756221, "log10_alpha": 0.40734347975359686, "log10_colsample_bytree": -0.42180543869216525, "log10_eta": -1.1595982186918397, "log10_lambda": -4.184717435910784, "log10_min_child_weight": 3.3497807937378794, "log10_subsample": -0.919615167077305, "max_depth": 2.0, "num_boost_round": 43.0}, "datetime": {"datetime": "2024-01-19 01:12:32", "elapsed": 3653.419815, "delta": 0.004454}}
{"target": -13.768381223202802, "params": {"gamma": 952.7383364756221, "log10_alpha": 0.40734347975359686, "log10_colsample_bytree": -0.42180543869216525, "log10_eta": -1.1595982186918397, "log10_lambda": -4.184717435910784, "log10_min_child_weight": 3.3497807937378794, "log10_subsample": -0.919615167077305, "max_depth": 2.0, "num_boost_round": 44.0}, "datetime": {"datetime": "2024-01-19 01:12:32", "elapsed": 3653.424285, "delta": 0.00447}}
{"target": -13.768266015561062, "params": {"gamma": 952.7383364756221, "log10_alpha": 0.40734347975359686, "log10_colsample_bytree": -0.42180543869216525, "log10_eta": -1.1595982186918397, "log10_lambda": -4.184717435910784, "log10_min_child_weight": 3.3497807937378794, "log10_subsample": -0.919615167077305, "max_depth": 2.0, "num_boost_round": 45.0}, "datetime": {"datetime": "2024-01-19 01:12:32", "elapsed": 3653.428706, "delta": 0.004421}}
{"target": -13.758530967272318, "params": {"gamma": 941.983883249857, "log10_alpha": 0.8859988482292422, "log10_colsample_bytree": -0.6905287909761696, "log10_eta": -3.1439265688732685, "log10_lambda": -4.355467508009091, "log10_min_child_weight": 3.572175283527704, "log10_subsample": -0.7953805122370449, "max_depth": 3.0, "num_boost_round": 0.0}, "datetime": {"datetime": "2024-01-19 01:13:24", "elapsed": 3705.927223, "delta": 52.498517}}
{"target": -13.758521838822134, "params": {"gamma": 941.983883249857, "log10_alpha": 0.8859988482292422, "log10_colsample_bytree": -0.6905287909761696, "log10_eta": -3.1439265688732685, "log10_lambda": -4.355467508009091, "log10_min_child_weight": 3.572175283527704, "log10_subsample": -0.7953805122370449, "max_depth": 3.0, "num_boost_round": 1.0}, "datetime": {"datetime": "2024-01-19 01:13:24", "elapsed": 3705.931736, "delta": 0.004513}}
{"target": -13.758526443667886, "params": {"gamma": 941.983883249857, "log10_alpha": 0.8859988482292422, "log10_colsample_bytree": -0.6905287909761696, "log10_eta": -3.1439265688732685, "log10_lambda": -4.355467508009091, "log10_min_child_weight": 3.572175283527704, "log10_subsample": -0.7953805122370449, "max_depth": 3.0, "num_boost_round": 2.0}, "datetime": {"datetime": "2024-01-19 01:13:24", "elapsed": 3705.936155, "delta": 0.004419}}
{"target": -13.758531352508502, "params": {"gamma": 941.983883249857, "log10_alpha": 0.8859988482292422, "log10_colsample_bytree": -0.6905287909761696, "log10_eta": -3.1439265688732685, "log10_lambda": -4.355467508009091, "log10_min_child_weight": 3.572175283527704, "log10_subsample": -0.7953805122370449, "max_depth": 3.0, "num_boost_round": 3.0}, "datetime": {"datetime": "2024-01-19 01:13:24", "elapsed": 3705.941329, "delta": 0.005174}}
{"target": -13.758524633532861, "params": {"gamma": 941.983883249857, "log10_alpha": 0.8859988482292422, "log10_colsample_bytree": -0.6905287909761696, "log10_eta": -3.1439265688732685, "log10_lambda": -4.355467508009091, "log10_min_child_weight": 3.572175283527704, "log10_subsample": -0.7953805122370449, "max_depth": 3.0, "num_boost_round": 4.0}, "datetime": {"datetime": "2024-01-19 01:13:24", "elapsed": 3705.945703, "delta": 0.004374}}
{"target": -13.758530618260407, "params": {"gamma": 941.983883249857, "log10_alpha": 0.8859988482292422, "log10_colsample_bytree": -0.6905287909761696, "log10_eta": -3.1439265688732685, "log10_lambda": -4.355467508009091, "log10_min_child_weight": 3.572175283527704, "log10_subsample": -0.7953805122370449, "max_depth": 3.0, "num_boost_round": 5.0}, "datetime": {"datetime": "2024-01-19 01:13:24", "elapsed": 3705.950201, "delta": 0.004498}}
{"target": -13.75853909092874, "params": {"gamma": 941.983883249857, "log10_alpha": 0.8859988482292422, "log10_colsample_bytree": -0.6905287909761696, "log10_eta": -3.1439265688732685, "log10_lambda": -4.355467508009091, "log10_min_child_weight": 3.572175283527704, "log10_subsample": -0.7953805122370449, "max_depth": 3.0, "num_boost_round": 6.0}, "datetime": {"datetime": "2024-01-19 01:13:24", "elapsed": 3705.954602, "delta": 0.004401}}
{"target": -13.758535528608933, "params": {"gamma": 941.983883249857, "log10_alpha": 0.8859988482292422, "log10_colsample_bytree": -0.6905287909761696, "log10_eta": -3.1439265688732685, "log10_lambda": -4.355467508009091, "log10_min_child_weight": 3.572175283527704, "log10_subsample": -0.7953805122370449, "max_depth": 3.0, "num_boost_round": 7.0}, "datetime": {"datetime": "2024-01-19 01:13:24", "elapsed": 3705.959243, "delta": 0.004641}}
{"target": -13.758537113065607, "params": {"gamma": 941.983883249857, "log10_alpha": 0.8859988482292422, "log10_colsample_bytree": -0.6905287909761696, "log10_eta": -3.1439265688732685, "log10_lambda": -4.355467508009091, "log10_min_child_weight": 3.572175283527704, "log10_subsample": -0.7953805122370449, "max_depth": 3.0, "num_boost_round": 8.0}, "datetime": {"datetime": "2024-01-19 01:13:24", "elapsed": 3705.963812, "delta": 0.004569}}
{"target": -13.758532989322429, "params": {"gamma": 941.983883249857, "log10_alpha": 0.8859988482292422, "log10_colsample_bytree": -0.6905287909761696, "log10_eta": -3.1439265688732685, "log10_lambda": -4.355467508009091, "log10_min_child_weight": 3.572175283527704, "log10_subsample": -0.7953805122370449, "max_depth": 3.0, "num_boost_round": 9.0}, "datetime": {"datetime": "2024-01-19 01:13:24", "elapsed": 3705.968791, "delta": 0.004979}}
{"target": -13.758523103459485, "params": {"gamma": 941.983883249857, "log10_alpha": 0.8859988482292422, "log10_colsample_bytree": -0.6905287909761696, "log10_eta": -3.1439265688732685, "log10_lambda": -4.355467508009091, "log10_min_child_weight": 3.572175283527704, "log10_subsample": -0.7953805122370449, "max_depth": 3.0, "num_boost_round": 10.0}, "datetime": {"datetime": "2024-01-19 01:13:24", "elapsed": 3705.973169, "delta": 0.004378}}
{"target": -13.75851880091637, "params": {"gamma": 941.983883249857, "log10_alpha": 0.8859988482292422, "log10_colsample_bytree": -0.6905287909761696, "log10_eta": -3.1439265688732685, "log10_lambda": -4.355467508009091, "log10_min_child_weight": 3.572175283527704, "log10_subsample": -0.7953805122370449, "max_depth": 3.0, "num_boost_round": 11.0}, "datetime": {"datetime": "2024-01-19 01:13:24", "elapsed": 3705.977587, "delta": 0.004418}}
{"target": -13.758528779331828, "params": {"gamma": 941.983883249857, "log10_alpha": 0.8859988482292422, "log10_colsample_bytree": -0.6905287909761696, "log10_eta": -3.1439265688732685, "log10_lambda": -4.355467508009091, "log10_min_child_weight": 3.572175283527704, "log10_subsample": -0.7953805122370449, "max_depth": 3.0, "num_boost_round": 12.0}, "datetime": {"datetime": "2024-01-19 01:13:24", "elapsed": 3705.982066, "delta": 0.004479}}
{"target": -13.758525512201063, "params": {"gamma": 941.983883249857, "log10_alpha": 0.8859988482292422, "log10_colsample_bytree": -0.6905287909761696, "log10_eta": -3.1439265688732685, "log10_lambda": -4.355467508009091, "log10_min_child_weight": 3.572175283527704, "log10_subsample": -0.7953805122370449, "max_depth": 3.0, "num_boost_round": 13.0}, "datetime": {"datetime": "2024-01-19 01:13:24", "elapsed": 3705.986498, "delta": 0.004432}}
{"target": -13.758519853855539, "params": {"gamma": 941.983883249857, "log10_alpha": 0.8859988482292422, "log10_colsample_bytree": -0.6905287909761696, "log10_eta": -3.1439265688732685, "log10_lambda": -4.355467508009091, "log10_min_child_weight": 3.572175283527704, "log10_subsample": -0.7953805122370449, "max_depth": 3.0, "num_boost_round": 14.0}, "datetime": {"datetime": "2024-01-19 01:13:24", "elapsed": 3705.990969, "delta": 0.004471}}
{"target": -13.758511299771941, "params": {"gamma": 941.983883249857, "log10_alpha": 0.8859988482292422, "log10_colsample_bytree": -0.6905287909761696, "log10_eta": -3.1439265688732685, "log10_lambda": -4.355467508009091, "log10_min_child_weight": 3.572175283527704, "log10_subsample": -0.7953805122370449, "max_depth": 3.0, "num_boost_round": 15.0}, "datetime": {"datetime": "2024-01-19 01:13:24", "elapsed": 3705.995386, "delta": 0.004417}}
{"target": -13.758506978350846, "params": {"gamma": 941.983883249857, "log10_alpha": 0.8859988482292422, "log10_colsample_bytree": -0.6905287909761696, "log10_eta": -3.1439265688732685, "log10_lambda": -4.355467508009091, "log10_min_child_weight": 3.572175283527704, "log10_subsample": -0.7953805122370449, "max_depth": 3.0, "num_boost_round": 16.0}, "datetime": {"datetime": "2024-01-19 01:13:24", "elapsed": 3705.999834, "delta": 0.004448}}
{"target": -13.758498829471494, "params": {"gamma": 941.983883249857, "log10_alpha": 0.8859988482292422, "log10_colsample_bytree": -0.6905287909761696, "log10_eta": -3.1439265688732685, "log10_lambda": -4.355467508009091, "log10_min_child_weight": 3.572175283527704, "log10_subsample": -0.7953805122370449, "max_depth": 3.0, "num_boost_round": 17.0}, "datetime": {"datetime": "2024-01-19 01:13:24", "elapsed": 3706.004228, "delta": 0.004394}}
{"target": -13.758502640756916, "params": {"gamma": 941.983883249857, "log10_alpha": 0.8859988482292422, "log10_colsample_bytree": -0.6905287909761696, "log10_eta": -3.1439265688732685, "log10_lambda": -4.355467508009091, "log10_min_child_weight": 3.572175283527704, "log10_subsample": -0.7953805122370449, "max_depth": 3.0, "num_boost_round": 18.0}, "datetime": {"datetime": "2024-01-19 01:13:24", "elapsed": 3706.008885, "delta": 0.004657}}
{"target": -13.758495649258686, "params": {"gamma": 941.983883249857, "log10_alpha": 0.8859988482292422, "log10_colsample_bytree": -0.6905287909761696, "log10_eta": -3.1439265688732685, "log10_lambda": -4.355467508009091, "log10_min_child_weight": 3.572175283527704, "log10_subsample": -0.7953805122370449, "max_depth": 3.0, "num_boost_round": 19.0}, "datetime": {"datetime": "2024-01-19 01:13:25", "elapsed": 3706.013363, "delta": 0.004478}}
{"target": -13.75850112588901, "params": {"gamma": 941.983883249857, "log10_alpha": 0.8859988482292422, "log10_colsample_bytree": -0.6905287909761696, "log10_eta": -3.1439265688732685, "log10_lambda": -4.355467508009091, "log10_min_child_weight": 3.572175283527704, "log10_subsample": -0.7953805122370449, "max_depth": 3.0, "num_boost_round": 20.0}, "datetime": {"datetime": "2024-01-19 01:13:25", "elapsed": 3706.017794, "delta": 0.004431}}
{"target": -13.758508827445459, "params": {"gamma": 941.983883249857, "log10_alpha": 0.8859988482292422, "log10_colsample_bytree": -0.6905287909761696, "log10_eta": -3.1439265688732685, "log10_lambda": -4.355467508009091, "log10_min_child_weight": 3.572175283527704, "log10_subsample": -0.7953805122370449, "max_depth": 3.0, "num_boost_round": 21.0}, "datetime": {"datetime": "2024-01-19 01:13:25", "elapsed": 3706.022187, "delta": 0.004393}}
{"target": -13.758510233669664, "params": {"gamma": 941.983883249857, "log10_alpha": 0.8859988482292422, "log10_colsample_bytree": -0.6905287909761696, "log10_eta": -3.1439265688732685, "log10_lambda": -4.355467508009091, "log10_min_child_weight": 3.572175283527704, "log10_subsample": -0.7953805122370449, "max_depth": 3.0, "num_boost_round": 22.0}, "datetime": {"datetime": "2024-01-19 01:13:25", "elapsed": 3706.026604, "delta": 0.004417}}
{"target": -13.758506123684782, "params": {"gamma": 941.983883249857, "log10_alpha": 0.8859988482292422, "log10_colsample_bytree": -0.6905287909761696, "log10_eta": -3.1439265688732685, "log10_lambda": -4.355467508009091, "log10_min_child_weight": 3.572175283527704, "log10_subsample": -0.7953805122370449, "max_depth": 3.0, "num_boost_round": 23.0}, "datetime": {"datetime": "2024-01-19 01:13:25", "elapsed": 3706.031046, "delta": 0.004442}}
{"target": -13.75849720622479, "params": {"gamma": 941.983883249857, "log10_alpha": 0.8859988482292422, "log10_colsample_bytree": -0.6905287909761696, "log10_eta": -3.1439265688732685, "log10_lambda": -4.355467508009091, "log10_min_child_weight": 3.572175283527704, "log10_subsample": -0.7953805122370449, "max_depth": 3.0, "num_boost_round": 24.0}, "datetime": {"datetime": "2024-01-19 01:13:25", "elapsed": 3706.035428, "delta": 0.004382}}
{"target": -13.758495167330691, "params": {"gamma": 941.983883249857, "log10_alpha": 0.8859988482292422, "log10_colsample_bytree": -0.6905287909761696, "log10_eta": -3.1439265688732685, "log10_lambda": -4.355467508009091, "log10_min_child_weight": 3.572175283527704, "log10_subsample": -0.7953805122370449, "max_depth": 3.0, "num_boost_round": 25.0}, "datetime": {"datetime": "2024-01-19 01:13:25", "elapsed": 3706.039904, "delta": 0.004476}}
{"target": -13.758497586840017, "params": {"gamma": 941.983883249857, "log10_alpha": 0.8859988482292422, "log10_colsample_bytree": -0.6905287909761696, "log10_eta": -3.1439265688732685, "log10_lambda": -4.355467508009091, "log10_min_child_weight": 3.572175283527704, "log10_subsample": -0.7953805122370449, "max_depth": 3.0, "num_boost_round": 26.0}, "datetime": {"datetime": "2024-01-19 01:13:25", "elapsed": 3706.044275, "delta": 0.004371}}
{"target": -13.758487494423909, "params": {"gamma": 941.983883249857, "log10_alpha": 0.8859988482292422, "log10_colsample_bytree": -0.6905287909761696, "log10_eta": -3.1439265688732685, "log10_lambda": -4.355467508009091, "log10_min_child_weight": 3.572175283527704, "log10_subsample": -0.7953805122370449, "max_depth": 3.0, "num_boost_round": 27.0}, "datetime": {"datetime": "2024-01-19 01:13:25", "elapsed": 3706.048789, "delta": 0.004514}}
{"target": -13.758489267625789, "params": {"gamma": 941.983883249857, "log10_alpha": 0.8859988482292422, "log10_colsample_bytree": -0.6905287909761696, "log10_eta": -3.1439265688732685, "log10_lambda": -4.355467508009091, "log10_min_child_weight": 3.572175283527704, "log10_subsample": -0.7953805122370449, "max_depth": 3.0, "num_boost_round": 28.0}, "datetime": {"datetime": "2024-01-19 01:13:25", "elapsed": 3706.053163, "delta": 0.004374}}
{"target": -13.758489418339304, "params": {"gamma": 941.983883249857, "log10_alpha": 0.8859988482292422, "log10_colsample_bytree": -0.6905287909761696, "log10_eta": -3.1439265688732685, "log10_lambda": -4.355467508009091, "log10_min_child_weight": 3.572175283527704, "log10_subsample": -0.7953805122370449, "max_depth": 3.0, "num_boost_round": 29.0}, "datetime": {"datetime": "2024-01-19 01:13:25", "elapsed": 3706.057562, "delta": 0.004399}}
{"target": -13.758480922666942, "params": {"gamma": 941.983883249857, "log10_alpha": 0.8859988482292422, "log10_colsample_bytree": -0.6905287909761696, "log10_eta": -3.1439265688732685, "log10_lambda": -4.355467508009091, "log10_min_child_weight": 3.572175283527704, "log10_subsample": -0.7953805122370449, "max_depth": 3.0, "num_boost_round": 30.0}, "datetime": {"datetime": "2024-01-19 01:13:25", "elapsed": 3706.062085, "delta": 0.004523}}
