{"target": -17.677089408501054, "params": {"gamma": 865.3737876922033, "log10_alpha": 0.8837192759823944, "log10_colsample_bytree": -0.5672430128526512, "log10_eta": -2.431095646028741, "log10_lambda": -1.3947354823639344, "log10_min_child_weight": 3.5696515980164936, "log10_subsample": -0.8806883501615526, "max_depth": 2.0, "num_boost_round": 11.0}, "datetime": {"datetime": "2024-01-19 00:41:16", "elapsed": 1757.546398, "delta": 0.002157}}
{"target": -17.677108585587362, "params": {"gamma": 865.3737876922033, "log10_alpha": 0.8837192759823944, "log10_colsample_bytree": -0.5672430128526512, "log10_eta": -2.431095646028741, "log10_lambda": -1.3947354823639344, "log10_min_child_weight": 3.5696515980164936, "log10_subsample": -0.8806883501615526, "max_depth": 2.0, "num_boost_round": 12.0}, "datetime": {"datetime": "2024-01-19 00:41:16", "elapsed": 1757.548561, "delta": 0.002163}}
{"target": -17.67708546289438, "params": {"gamma": 865.3737876922033, "log10_alpha": 0.8837192759823944, "log10_colsample_bytree": -0.5672430128526512, "log10_eta": -2.431095646028741, "log10_lambda": -1.3947354823639344, "log10_min_child_weight": 3.5696515980164936, "log10_subsample": -0.8806883501615526, "max_depth": 2.0, "num_boost_round": 13.0}, "datetime": {"datetime": "2024-01-19 00:41:16", "elapsed": 1757.550728, "delta": 0.002167}}
{"target": -17.67703017667784, "params": {"gamma": 865.3737876922033, "log10_alpha": 0.8837192759823944, "log10_colsample_bytree": -0.5672430128526512, "log10_eta": -2.431095646028741, "log10_lambda": -1.3947354823639344, "log10_min_child_weight": 3.5696515980164936, "log10_subsample": -0.8806883501615526, "max_depth": 2.0, "num_boost_round": 14.0}, "datetime": {"datetime": "2024-01-19 00:41:16", "elapsed": 1757.552965, "delta": 0.002237}}
{"target": -17.67698040742505, "params": {"gamma": 865.3737876922033, "log10_alpha": 0.8837192759823944, "log10_colsample_bytree": -0.5672430128526512, "log10_eta": -2.431095646028741, "log10_lambda": -1.3947354823639344, "log10_min_child_weight": 3.5696515980164936, "log10_subsample": -0.8806883501615526, "max_depth": 2.0, "num_boost_round": 15.0}, "datetime": {"datetime": "2024-01-19 00:41:16", "elapsed": 1757.555123, "delta": 0.002158}}
{"target": -17.676925098232992, "params": {"gamma": 865.3737876922033, "log10_alpha": 0.8837192759823944, "log10_colsample_bytree": -0.5672430128526512, "log10_eta": -2.431095646028741, "log10_lambda": -1.3947354823639344, "log10_min_child_weight": 3.5696515980164936, "log10_subsample": -0.8806883501615526, "max_depth": 2.0, "num_boost_round": 16.0}, "datetime": {"datetime": "2024-01-19 00:41:16", "elapsed": 1757.557313, "delta": 0.00219}}
{"target": -17.676932287713807, "params": {"gamma": 865.3737876922033, "log10_alpha": 0.8837192759823944, "log10_colsample_bytree": -0.5672430128526512, "log10_eta": -2.431095646028741, "log10_lambda": -1.3947354823639344, "log10_min_child_weight": 3.5696515980164936, "log10_subsample": -0.8806883501615526, "max_depth": 2.0, "num_boost_round": 17.0}, "datetime": {"datetime": "2024-01-19 00:41:16", "elapsed": 1757.559488, "delta": 0.002175}}
{"target": -17.676918859474668, "params": {"gamma": 865.3737876922033, "log10_alpha": 0.8837192759823944, "log10_colsample_bytree": -0.5672430128526512, "log10_eta": -2.431095646028741, "log10_lambda": -1.3947354823639344, "log10_min_child_weight": 3.5696515980164936, "log10_subsample": -0.8806883501615526, "max_depth": 2.0, "num_boost_round": 18.0}, "datetime": {"datetime": "2024-01-19 00:41:16", "elapsed": 1757.561783, "delta": 0.002295}}
{"target": -17.67687160321033, "params": {"gamma": 865.3737876922033, "log10_alpha": 0.8837192759823944, "log10_colsample_bytree": -0.5672430128526512, "log10_eta": -2.431095646028741, "log10_lambda": -1.3947354823639344, "log10_min_child_weight": 3.5696515980164936, "log10_subsample": -0.8806883501615526, "max_depth": 2.0, "num_boost_round": 19.0}, "datetime": {"datetime": "2024-01-19 00:41:16", "elapsed": 1757.563922, "delta": 0.002139}}
{"target": -17.676898171251896, "params": {"gamma": 865.3737876922033, "log10_alpha": 0.8837192759823944, "log10_colsample_bytree": -0.5672430128526512, "log10_eta": -2.431095646028741, "log10_lambda": -1.3947354823639344, "log10_min_child_weight": 3.5696515980164936, "log10_subsample": -0.8806883501615526, "max_depth": 2.0, "num_boost_round": 20.0}, "datetime": {"datetime": "2024-01-19 00:41:16", "elapsed": 1757.566107, "delta": 0.002185}}
{"target": -17.676883935762458, "params": {"gamma": 865.3737876922033, "log10_alpha": 0.8837192759823944, "log10_colsample_bytree": -0.5672430128526512, "log10_eta": -2.431095646028741, "log10_lambda": -1.3947354823639344, "log10_min_child_weight": 3.5696515980164936, "log10_subsample": -0.8806883501615526, "max_depth": 2.0, "num_boost_round": 21.0}, "datetime": {"datetime": "2024-01-19 00:41:16", "elapsed": 1757.568314, "delta": 0.002207}}
{"target": -17.67685156663979, "params": {"gamma": 865.3737876922033, "log10_alpha": 0.8837192759823944, "log10_colsample_bytree": -0.5672430128526512, "log10_eta": -2.431095646028741, "log10_lambda": -1.3947354823639344, "log10_min_child_weight": 3.5696515980164936, "log10_subsample": -0.8806883501615526, "max_depth": 2.0, "num_boost_round": 22.0}, "datetime": {"datetime": "2024-01-19 00:41:16", "elapsed": 1757.570484, "delta": 0.00217}}
{"target": -17.67722736168672, "params": {"gamma": 880.4093038525427, "log10_alpha": -3.0387633948671144, "log10_colsample_bytree": -0.07005555816722231, "log10_eta": -3.829604707420558, "log10_lambda": 0.2907736214194694, "log10_min_child_weight": 2.954531683500598, "log10_subsample": -0.24984982877378037, "max_depth": 7.0, "num_boost_round": 0.0}, "datetime": {"datetime": "2024-01-19 00:41:46", "elapsed": 1787.034619, "delta": 29.464135}}
{"target": -17.677219948633113, "params": {"gamma": 880.4093038525427, "log10_alpha": -3.0387633948671144, "log10_colsample_bytree": -0.07005555816722231, "log10_eta": -3.829604707420558, "log10_lambda": 0.2907736214194694, "log10_min_child_weight": 2.954531683500598, "log10_subsample": -0.24984982877378037, "max_depth": 7.0, "num_boost_round": 1.0}, "datetime": {"datetime": "2024-01-19 00:41:46", "elapsed": 1787.037551, "delta": 0.002932}}
{"target": -17.67721248805813, "params": {"gamma": 880.4093038525427, "log10_alpha": -3.0387633948671144, "log10_colsample_bytree": -0.07005555816722231, "log10_eta": -3.829604707420558, "log10_lambda": 0.2907736214194694, "log10_min_child_weight": 2.954531683500598, "log10_subsample": -0.24984982877378037, "max_depth": 7.0, "num_boost_round": 2.0}, "datetime": {"datetime": "2024-01-19 00:41:46", "elapsed": 1787.03977, "delta": 0.002219}}
{"target": -17.677208489571253, "params": {"gamma": 880.4093038525427, "log10_alpha": -3.0387633948671144, "log10_colsample_bytree": -0.07005555816722231, "log10_eta": -3.829604707420558, "log10_lambda": 0.2907736214194694, "log10_min_child_weight": 2.954531683500598, "log10_subsample": -0.24984982877378037, "max_depth": 7.0, "num_boost_round": 3.0}, "datetime": {"datetime": "2024-01-19 00:41:46", "elapsed": 1787.042052, "delta": 0.002282}}
{"target": -17.677204969896273, "params": {"gamma": 880.4093038525427, "log10_alpha": -3.0387633948671144, "log10_colsample_bytree": -0.07005555816722231, "log10_eta": -3.829604707420558, "log10_lambda": 0.2907736214194694, "log10_min_child_weight": 2.954531683500598, "log10_subsample": -0.24984982877378037, "max_depth": 7.0, "num_boost_round": 4.0}, "datetime": {"datetime": "2024-01-19 00:41:46", "elapsed": 1787.044195, "delta": 0.002143}}
{"target": -17.67720316767123, "params": {"gamma": 880.4093038525427, "log10_alpha": -3.0387633948671144, "log10_colsample_bytree": -0.07005555816722231, "log10_eta": -3.829604707420558, "log10_lambda": 0.2907736214194694, "log10_min_child_weight": 2.954531683500598, "log10_subsample": -0.24984982877378037, "max_depth": 7.0, "num_boost_round": 5.0}, "datetime": {"datetime": "2024-01-19 00:41:46", "elapsed": 1787.046313, "delta": 0.002118}}
{"target": -17.67720517299305, "params": {"gamma": 880.4093038525427, "log10_alpha": -3.0387633948671144, "log10_colsample_bytree": -0.07005555816722231, "log10_eta": -3.829604707420558, "log10_lambda": 0.2907736214194694, "log10_min_child_weight": 2.954531683500598, "log10_subsample": -0.24984982877378037, "max_depth": 7.0, "num_boost_round": 6.0}, "datetime": {"datetime": "2024-01-19 00:41:46", "elapsed": 1787.048431, "delta": 0.002118}}
{"target": -17.67719836982301, "params": {"gamma": 880.4093038525427, "log10_alpha": -3.0387633948671144, "log10_colsample_bytree": -0.07005555816722231, "log10_eta": -3.829604707420558, "log10_lambda": 0.2907736214194694, "log10_min_child_weight": 2.954531683500598, "log10_subsample": -0.24984982877378037, "max_depth": 7.0, "num_boost_round": 7.0}, "datetime": {"datetime": "2024-01-19 00:41:46", "elapsed": 1787.050563, "delta": 0.002132}}
{"target": -17.67719715562072, "params": {"gamma": 880.4093038525427, "log10_alpha": -3.0387633948671144, "log10_colsample_bytree": -0.07005555816722231, "log10_eta": -3.829604707420558, "log10_lambda": 0.2907736214194694, "log10_min_child_weight": 2.954531683500598, "log10_subsample": -0.24984982877378037, "max_depth": 7.0, "num_boost_round": 8.0}, "datetime": {"datetime": "2024-01-19 00:41:46", "elapsed": 1787.052779, "delta": 0.002216}}
{"target": -17.677189574354603, "params": {"gamma": 880.4093038525427, "log10_alpha": -3.0387633948671144, "log10_colsample_bytree": -0.07005555816722231, "log10_eta": -3.829604707420558, "log10_lambda": 0.2907736214194694, "log10_min_child_weight": 2.954531683500598, "log10_subsample": -0.24984982877378037, "max_depth": 7.0, "num_boost_round": 9.0}, "datetime": {"datetime": "2024-01-19 00:41:46", "elapsed": 1787.054901, "delta": 0.002122}}
{"target": -17.677183496293473, "params": {"gamma": 880.4093038525427, "log10_alpha": -3.0387633948671144, "log10_colsample_bytree": -0.07005555816722231, "log10_eta": -3.829604707420558, "log10_lambda": 0.2907736214194694, "log10_min_child_weight": 2.954531683500598, "log10_subsample": -0.24984982877378037, "max_depth": 7.0, "num_boost_round": 10.0}, "datetime": {"datetime": "2024-01-19 00:41:46", "elapsed": 1787.057087, "delta": 0.002186}}
{"target": -17.67717891650211, "params": {"gamma": 880.4093038525427, "log10_alpha": -3.0387633948671144, "log10_colsample_bytree": -0.07005555816722231, "log10_eta": -3.829604707420558, "log10_lambda": 0.2907736214194694, "log10_min_child_weight": 2.954531683500598, "log10_subsample": -0.24984982877378037, "max_depth": 7.0, "num_boost_round": 11.0}, "datetime": {"datetime": "2024-01-19 00:41:46", "elapsed": 1787.059213, "delta": 0.002126}}
{"target": -17.67717287532287, "params": {"gamma": 880.4093038525427, "log10_alpha": -3.0387633948671144, "log10_colsample_bytree": -0.07005555816722231, "log10_eta": -3.829604707420558, "log10_lambda": 0.2907736214194694, "log10_min_child_weight": 2.954531683500598, "log10_subsample": -0.24984982877378037, "max_depth": 7.0, "num_boost_round": 12.0}, "datetime": {"datetime": "2024-01-19 00:41:46", "elapsed": 1787.061463, "delta": 0.00225}}
{"target": -17.67717122364768, "params": {"gamma": 880.4093038525427, "log10_alpha": -3.0387633948671144, "log10_colsample_bytree": -0.07005555816722231, "log10_eta": -3.829604707420558, "log10_lambda": 0.2907736214194694, "log10_min_child_weight": 2.954531683500598, "log10_subsample": -0.24984982877378037, "max_depth": 7.0, "num_boost_round": 13.0}, "datetime": {"datetime": "2024-01-19 00:41:46", "elapsed": 1787.063638, "delta": 0.002175}}
{"target": -17.677162601560852, "params": {"gamma": 880.4093038525427, "log10_alpha": -3.0387633948671144, "log10_colsample_bytree": -0.07005555816722231, "log10_eta": -3.829604707420558, "log10_lambda": 0.2907736214194694, "log10_min_child_weight": 2.954531683500598, "log10_subsample": -0.24984982877378037, "max_depth": 7.0, "num_boost_round": 14.0}, "datetime": {"datetime": "2024-01-19 00:41:46", "elapsed": 1787.065758, "delta": 0.00212}}
{"target": -17.677160898709346, "params": {"gamma": 880.4093038525427, "log10_alpha": -3.0387633948671144, "log10_colsample_bytree": -0.07005555816722231, "log10_eta": -3.829604707420558, "log10_lambda": 0.2907736214194694, "log10_min_child_weight": 2.954531683500598, "log10_subsample": -0.24984982877378037, "max_depth": 7.0, "num_boost_round": 15.0}, "datetime": {"datetime": "2024-01-19 00:41:46", "elapsed": 1787.067885, "delta": 0.002127}}
{"target": -17.677166204338636, "params": {"gamma": 880.4093038525427, "log10_alpha": -3.0387633948671144, "log10_colsample_bytree": -0.07005555816722231, "log10_eta": -3.829604707420558, "log10_lambda": 0.2907736214194694, "log10_min_child_weight": 2.954531683500598, "log10_subsample": -0.24984982877378037, "max_depth": 7.0, "num_boost_round": 16.0}, "datetime": {"datetime": "2024-01-19 00:41:46", "elapsed": 1787.070034, "delta": 0.002149}}
{"target": -17.677166165130178, "params": {"gamma": 880.4093038525427, "log10_alpha": -3.0387633948671144, "log10_colsample_bytree": -0.07005555816722231, "log10_eta": -3.829604707420558, "log10_lambda": 0.2907736214194694, "log10_min_child_weight": 2.954531683500598, "log10_subsample": -0.24984982877378037, "max_depth": 7.0, "num_boost_round": 17.0}, "datetime": {"datetime": "2024-01-19 00:41:46", "elapsed": 1787.072314, "delta": 0.00228}}
{"target": -17.677165867545867, "params": {"gamma": 880.4093038525427, "log10_alpha": -3.0387633948671144, "log10_colsample_bytree": -0.07005555816722231, "log10_eta": -3.829604707420558, "log10_lambda": 0.2907736214194694, "log10_min_child_weight": 2.954531683500598, "log10_subsample": -0.24984982877378037, "max_depth": 7.0, "num_boost_round": 18.0}, "datetime": {"datetime": "2024-01-19 00:41:46", "elapsed": 1787.074586, "delta": 0.002272}}
{"target": -17.67716292731571, "params": {"gamma": 880.4093038525427, "log10_alpha": -3.0387633948671144, "log10_colsample_bytree": -0.07005555816722231, "log10_eta": -3.829604707420558, "log10_lambda": 0.2907736214194694, "log10_min_child_weight": 2.954531683500598, "log10_subsample": -0.24984982877378037, "max_depth": 7.0, "num_boost_round": 19.0}, "datetime": {"datetime": "2024-01-19 00:41:46", "elapsed": 1787.076821, "delta": 0.002235}}
{"target": -17.67716059356838, "params": {"gamma": 880.4093038525427, "log10_alpha": -3.0387633948671144, "log10_colsample_bytree": -0.07005555816722231, "log10_eta": -3.829604707420558, "log10_lambda": 0.2907736214194694, "log10_min_child_weight": 2.954531683500598, "log10_subsample": -0.24984982877378037, "max_depth": 7.0, "num_boost_round": 20.0}, "datetime": {"datetime": "2024-01-19 00:41:46", "elapsed": 1787.078972, "delta": 0.002151}}
{"target": -17.6771520049103, "params": {"gamma": 880.4093038525427, "log10_alpha": -3.0387633948671144, "log10_colsample_bytree": -0.07005555816722231, "log10_eta": -3.829604707420558, "log10_lambda": 0.2907736214194694, "log10_min_child_weight": 2.954531683500598, "log10_subsample": -0.24984982877378037, "max_depth": 7.0, "num_boost_round": 21.0}, "datetime": {"datetime": "2024-01-19 00:41:46", "elapsed": 1787.081184, "delta": 0.002212}}
{"target": -17.67715311366828, "params": {"gamma": 880.4093038525427, "log10_alpha": -3.0387633948671144, "log10_colsample_bytree": -0.07005555816722231, "log10_eta": -3.829604707420558, "log10_lambda": 0.2907736214194694, "log10_min_child_weight": 2.954531683500598, "log10_subsample": -0.24984982877378037, "max_depth": 7.0, "num_boost_round": 22.0}, "datetime": {"datetime": "2024-01-19 00:41:46", "elapsed": 1787.083323, "delta": 0.002139}}
{"target": -17.677149097021616, "params": {"gamma": 880.3501390746063, "log10_alpha": -0.7453447045424832, "log10_colsample_bytree": -0.9864980633159945, "log10_eta": -2.7092379735282948, "log10_lambda": -2.5813997361672625, "log10_min_child_weight": 2.158242794033761, "log10_subsample": -0.47098146682235753, "max_depth": 4.0, "num_boost_round": 0.0}, "datetime": {"datetime": "2024-01-19 00:42:20", "elapsed": 1820.86878, "delta": 33.785457}}
{"target": -17.67715860172596, "params": {"gamma": 880.3501390746063, "log10_alpha": -0.7453447045424832, "log10_colsample_bytree": -0.9864980633159945, "log10_eta": -2.7092379735282948, "log10_lambda": -2.5813997361672625, "log10_min_child_weight": 2.158242794033761, "log10_subsample": -0.47098146682235753, "max_depth": 4.0, "num_boost_round": 1.0}, "datetime": {"datetime": "2024-01-19 00:42:20", "elapsed": 1820.871605, "delta": 0.002825}}
{"target": -17.677130284969806, "params": {"gamma": 880.3501390746063, "log10_alpha": -0.7453447045424832, "log10_colsample_bytree": -0.9864980633159945, "log10_eta": -2.7092379735282948, "log10_lambda": -2.5813997361672625, "log10_min_child_weight": 2.158242794033761, "log10_subsample": -0.47098146682235753, "max_depth": 4.0, "num_boost_round": 2.0}, "datetime": {"datetime": "2024-01-19 00:42:20", "elapsed": 1820.874064, "delta": 0.002459}}
{"target": -17.677072314903185, "params": {"gamma": 880.3501390746063, "log10_alpha": -0.7453447045424832, "log10_colsample_bytree": -0.9864980633159945, "log10_eta": -2.7092379735282948, "log10_lambda": -2.5813997361672625, "log10_min_child_weight": 2.158242794033761, "log10_subsample": -0.47098146682235753, "max_depth": 4.0, "num_boost_round": 3.0}, "datetime": {"datetime": "2024-01-19 00:42:20", "elapsed": 1820.876321, "delta": 0.002257}}
{"target": -17.676998141498096, "params": {"gamma": 880.3501390746063, "log10_alpha": -0.7453447045424832, "log10_colsample_bytree": -0.9864980633159945, "log10_eta": -2.7092379735282948, "log10_lambda": -2.5813997361672625, "log10_min_child_weight": 2.158242794033761, "log10_subsample": -0.47098146682235753, "max_depth": 4.0, "num_boost_round": 4.0}, "datetime": {"datetime": "2024-01-19 00:42:20", "elapsed": 1820.878502, "delta": 0.002181}}
{"target": -17.676976847926532, "params": {"gamma": 880.3501390746063, "log10_alpha": -0.7453447045424832, "log10_colsample_bytree": -0.9864980633159945, "log10_eta": -2.7092379735282948, "log10_lambda": -2.5813997361672625, "log10_min_child_weight": 2.158242794033761, "log10_subsample": -0.47098146682235753, "max_depth": 4.0, "num_boost_round": 5.0}, "datetime": {"datetime": "2024-01-19 00:42:20", "elapsed": 1820.880693, "delta": 0.002191}}
{"target": -17.677002814055122, "params": {"gamma": 880.3501390746063, "log10_alpha": -0.7453447045424832, "log10_colsample_bytree": -0.9864980633159945, "log10_eta": -2.7092379735282948, "log10_lambda": -2.5813997361672625, "log10_min_child_weight": 2.158242794033761, "log10_subsample": -0.47098146682235753, "max_depth": 4.0, "num_boost_round": 6.0}, "datetime": {"datetime": "2024-01-19 00:42:20", "elapsed": 1820.882834, "delta": 0.002141}}
{"target": -17.676912908416774, "params": {"gamma": 880.3501390746063, "log10_alpha": -0.7453447045424832, "log10_colsample_bytree": -0.9864980633159945, "log10_eta": -2.7092379735282948, "log10_lambda": -2.5813997361672625, "log10_min_child_weight": 2.158242794033761, "log10_subsample": -0.47098146682235753, "max_depth": 4.0, "num_boost_round": 7.0}, "datetime": {"datetime": "2024-01-19 00:42:20", "elapsed": 1820.884986, "delta": 0.002152}}
{"target": -17.676933505660973, "params": {"gamma": 880.3501390746063, "log10_alpha": -0.7453447045424832, "log10_colsample_bytree": -0.9864980633159945, "log10_eta": -2.7092379735282948, "log10_lambda": -2.5813997361672625, "log10_min_child_weight": 2.158242794033761, "log10_subsample": -0.47098146682235753, "max_depth": 4.0, "num_boost_round": 8.0}, "datetime": {"datetime": "2024-01-19 00:42:20", "elapsed": 1820.887131, "delta": 0.002145}}
{"target": -17.676904336949107, "params": {"gamma": 880.3501390746063, "log10_alpha": -0.7453447045424832, "log10_colsample_bytree": -0.9864980633159945, "log10_eta": -2.7092379735282948, "log10_lambda": -2.5813997361672625, "log10_min_child_weight": 2.158242794033761, "log10_subsample": -0.47098146682235753, "max_depth": 4.0, "num_boost_round": 9.0}, "datetime": {"datetime": "2024-01-19 00:42:20", "elapsed": 1820.889281, "delta": 0.00215}}
{"target": -17.676848420276027, "params": {"gamma": 880.3501390746063, "log10_alpha": -0.7453447045424832, "log10_colsample_bytree": -0.9864980633159945, "log10_eta": -2.7092379735282948, "log10_lambda": -2.5813997361672625, "log10_min_child_weight": 2.158242794033761, "log10_subsample": -0.47098146682235753, "max_depth": 4.0, "num_boost_round": 10.0}, "datetime": {"datetime": "2024-01-19 00:42:20", "elapsed": 1820.891528, "delta": 0.002247}}
{"target": -17.67684433488552, "params": {"gamma": 880.3501390746063, "log10_alpha": -0.7453447045424832, "log10_colsample_bytree": -0.9864980633159945, "log10_eta": -2.7092379735282948, "log10_lambda": -2.5813997361672625, "log10_min_child_weight": 2.158242794033761, "log10_subsample": -0.47098146682235753, "max_depth": 4.0, "num_boost_round": 11.0}, "datetime": {"datetime": "2024-01-19 00:42:20", "elapsed": 1820.89368, "delta": 0.002152}}
{"target": -17.67675646151263, "params": {"gamma": 880.3501390746063, "log10_alpha": -0.7453447045424832, "log10_colsample_bytree": -0.9864980633159945, "log10_eta": -2.7092379735282948, "log10_lambda": -2.5813997361672625, "log10_min_child_weight": 2.158242794033761, "log10_subsample": -0.47098146682235753, "max_depth": 4.0, "num_boost_round": 12.0}, "datetime": {"datetime": "2024-01-19 00:42:20", "elapsed": 1820.895833, "delta": 0.002153}}
{"target": -17.676735060352925, "params": {"gamma": 880.3501390746063, "log10_alpha": -0.7453447045424832, "log10_colsample_bytree": -0.9864980633159945, "log10_eta": -2.7092379735282948, "log10_lambda": -2.5813997361672625, "log10_min_child_weight": 2.158242794033761, "log10_subsample": -0.47098146682235753, "max_depth": 4.0, "num_boost_round": 13.0}, "datetime": {"datetime": "2024-01-19 00:42:20", "elapsed": 1820.898108, "delta": 0.002275}}
