{"target": -17.672356336973948, "params": {"gamma": 414.3846823674564, "log10_alpha": 0.3112158984662834, "log10_colsample_bytree": -0.5628300295670953, "log10_eta": -2.9445284514620482, "log10_lambda": -3.0471911011713804, "log10_min_child_weight": 0.044999754557620286, "log10_subsample": -0.35225023974891745, "max_depth": 9.0, "num_boost_round": 89.0}, "datetime": {"datetime": "2024-01-19 01:11:29", "elapsed": 3578.802242, "delta": 0.004446}}
{"target": -17.672329440045605, "params": {"gamma": 414.3846823674564, "log10_alpha": 0.3112158984662834, "log10_colsample_bytree": -0.5628300295670953, "log10_eta": -2.9445284514620482, "log10_lambda": -3.0471911011713804, "log10_min_child_weight": 0.044999754557620286, "log10_subsample": -0.35225023974891745, "max_depth": 9.0, "num_boost_round": 90.0}, "datetime": {"datetime": "2024-01-19 01:11:29", "elapsed": 3578.806539, "delta": 0.004297}}
{"target": -17.67237602473551, "params": {"gamma": 414.3846823674564, "log10_alpha": 0.3112158984662834, "log10_colsample_bytree": -0.5628300295670953, "log10_eta": -2.9445284514620482, "log10_lambda": -3.0471911011713804, "log10_min_child_weight": 0.044999754557620286, "log10_subsample": -0.35225023974891745, "max_depth": 9.0, "num_boost_round": 91.0}, "datetime": {"datetime": "2024-01-19 01:11:29", "elapsed": 3578.810816, "delta": 0.004277}}
{"target": -17.674799131277968, "params": {"gamma": 398.4613817107452, "log10_alpha": 0.3549583731756982, "log10_colsample_bytree": -0.8771264632165254, "log10_eta": -1.2320587319815544, "log10_lambda": -4.188345085839787, "log10_min_child_weight": 3.2723093608708966, "log10_subsample": -0.12473616557825651, "max_depth": 5.0, "num_boost_round": 0.0}, "datetime": {"datetime": "2024-01-19 01:12:17", "elapsed": 3627.52471, "delta": 48.713894}}
{"target": -17.673845168476152, "params": {"gamma": 398.4613817107452, "log10_alpha": 0.3549583731756982, "log10_colsample_bytree": -0.8771264632165254, "log10_eta": -1.2320587319815544, "log10_lambda": -4.188345085839787, "log10_min_child_weight": 3.2723093608708966, "log10_subsample": -0.12473616557825651, "max_depth": 5.0, "num_boost_round": 1.0}, "datetime": {"datetime": "2024-01-19 01:12:17", "elapsed": 3627.52951, "delta": 0.0048}}
{"target": -17.673152683323014, "params": {"gamma": 398.4613817107452, "log10_alpha": 0.3549583731756982, "log10_colsample_bytree": -0.8771264632165254, "log10_eta": -1.2320587319815544, "log10_lambda": -4.188345085839787, "log10_min_child_weight": 3.2723093608708966, "log10_subsample": -0.12473616557825651, "max_depth": 5.0, "num_boost_round": 2.0}, "datetime": {"datetime": "2024-01-19 01:12:17", "elapsed": 3627.534082, "delta": 0.004572}}
{"target": -17.67189348898224, "params": {"gamma": 398.4613817107452, "log10_alpha": 0.3549583731756982, "log10_colsample_bytree": -0.8771264632165254, "log10_eta": -1.2320587319815544, "log10_lambda": -4.188345085839787, "log10_min_child_weight": 3.2723093608708966, "log10_subsample": -0.12473616557825651, "max_depth": 5.0, "num_boost_round": 3.0}, "datetime": {"datetime": "2024-01-19 01:12:17", "elapsed": 3627.538381, "delta": 0.004299}}
{"target": -17.670176882823807, "params": {"gamma": 398.4613817107452, "log10_alpha": 0.3549583731756982, "log10_colsample_bytree": -0.8771264632165254, "log10_eta": -1.2320587319815544, "log10_lambda": -4.188345085839787, "log10_min_child_weight": 3.2723093608708966, "log10_subsample": -0.12473616557825651, "max_depth": 5.0, "num_boost_round": 4.0}, "datetime": {"datetime": "2024-01-19 01:12:17", "elapsed": 3627.542796, "delta": 0.004415}}
{"target": -17.66856611408207, "params": {"gamma": 398.4613817107452, "log10_alpha": 0.3549583731756982, "log10_colsample_bytree": -0.8771264632165254, "log10_eta": -1.2320587319815544, "log10_lambda": -4.188345085839787, "log10_min_child_weight": 3.2723093608708966, "log10_subsample": -0.12473616557825651, "max_depth": 5.0, "num_boost_round": 5.0}, "datetime": {"datetime": "2024-01-19 01:12:17", "elapsed": 3627.547135, "delta": 0.004339}}
{"target": -17.669496679436737, "params": {"gamma": 398.4613817107452, "log10_alpha": 0.3549583731756982, "log10_colsample_bytree": -0.8771264632165254, "log10_eta": -1.2320587319815544, "log10_lambda": -4.188345085839787, "log10_min_child_weight": 3.2723093608708966, "log10_subsample": -0.12473616557825651, "max_depth": 5.0, "num_boost_round": 6.0}, "datetime": {"datetime": "2024-01-19 01:12:17", "elapsed": 3627.551505, "delta": 0.00437}}
{"target": -17.668673250198747, "params": {"gamma": 398.4613817107452, "log10_alpha": 0.3549583731756982, "log10_colsample_bytree": -0.8771264632165254, "log10_eta": -1.2320587319815544, "log10_lambda": -4.188345085839787, "log10_min_child_weight": 3.2723093608708966, "log10_subsample": -0.12473616557825651, "max_depth": 5.0, "num_boost_round": 7.0}, "datetime": {"datetime": "2024-01-19 01:12:17", "elapsed": 3627.55589, "delta": 0.004385}}
{"target": -17.669951563813857, "params": {"gamma": 398.4613817107452, "log10_alpha": 0.3549583731756982, "log10_colsample_bytree": -0.8771264632165254, "log10_eta": -1.2320587319815544, "log10_lambda": -4.188345085839787, "log10_min_child_weight": 3.2723093608708966, "log10_subsample": -0.12473616557825651, "max_depth": 5.0, "num_boost_round": 8.0}, "datetime": {"datetime": "2024-01-19 01:12:17", "elapsed": 3627.56011, "delta": 0.00422}}
{"target": -17.669984867931614, "params": {"gamma": 398.4613817107452, "log10_alpha": 0.3549583731756982, "log10_colsample_bytree": -0.8771264632165254, "log10_eta": -1.2320587319815544, "log10_lambda": -4.188345085839787, "log10_min_child_weight": 3.2723093608708966, "log10_subsample": -0.12473616557825651, "max_depth": 5.0, "num_boost_round": 9.0}, "datetime": {"datetime": "2024-01-19 01:12:17", "elapsed": 3627.564492, "delta": 0.004382}}
{"target": -17.66967994689718, "params": {"gamma": 398.4613817107452, "log10_alpha": 0.3549583731756982, "log10_colsample_bytree": -0.8771264632165254, "log10_eta": -1.2320587319815544, "log10_lambda": -4.188345085839787, "log10_min_child_weight": 3.2723093608708966, "log10_subsample": -0.12473616557825651, "max_depth": 5.0, "num_boost_round": 10.0}, "datetime": {"datetime": "2024-01-19 01:12:17", "elapsed": 3627.568703, "delta": 0.004211}}
{"target": -17.6686987902613, "params": {"gamma": 398.4613817107452, "log10_alpha": 0.3549583731756982, "log10_colsample_bytree": -0.8771264632165254, "log10_eta": -1.2320587319815544, "log10_lambda": -4.188345085839787, "log10_min_child_weight": 3.2723093608708966, "log10_subsample": -0.12473616557825651, "max_depth": 5.0, "num_boost_round": 11.0}, "datetime": {"datetime": "2024-01-19 01:12:17", "elapsed": 3627.572949, "delta": 0.004246}}
{"target": -17.668465927061522, "params": {"gamma": 398.4613817107452, "log10_alpha": 0.3549583731756982, "log10_colsample_bytree": -0.8771264632165254, "log10_eta": -1.2320587319815544, "log10_lambda": -4.188345085839787, "log10_min_child_weight": 3.2723093608708966, "log10_subsample": -0.12473616557825651, "max_depth": 5.0, "num_boost_round": 12.0}, "datetime": {"datetime": "2024-01-19 01:12:17", "elapsed": 3627.577193, "delta": 0.004244}}
{"target": -17.73866800746567, "params": {"gamma": 411.2645168928849, "log10_alpha": 0.39812655700206534, "log10_colsample_bytree": -0.18111347486514218, "log10_eta": -0.03272338188903534, "log10_lambda": -4.058196809470262, "log10_min_child_weight": 0.32005050678950986, "log10_subsample": -0.47908000095873315, "max_depth": 3.0, "num_boost_round": 0.0}, "datetime": {"datetime": "2024-01-19 01:12:58", "elapsed": 3667.906548, "delta": 40.329355}}
{"target": -17.781464248434013, "params": {"gamma": 411.2645168928849, "log10_alpha": 0.39812655700206534, "log10_colsample_bytree": -0.18111347486514218, "log10_eta": -0.03272338188903534, "log10_lambda": -4.058196809470262, "log10_min_child_weight": 0.32005050678950986, "log10_subsample": -0.47908000095873315, "max_depth": 3.0, "num_boost_round": 1.0}, "datetime": {"datetime": "2024-01-19 01:12:58", "elapsed": 3667.911563, "delta": 0.005015}}
{"target": -17.808943216328323, "params": {"gamma": 411.2645168928849, "log10_alpha": 0.39812655700206534, "log10_colsample_bytree": -0.18111347486514218, "log10_eta": -0.03272338188903534, "log10_lambda": -4.058196809470262, "log10_min_child_weight": 0.32005050678950986, "log10_subsample": -0.47908000095873315, "max_depth": 3.0, "num_boost_round": 2.0}, "datetime": {"datetime": "2024-01-19 01:12:58", "elapsed": 3667.916456, "delta": 0.004893}}
{"target": -17.87651694904876, "params": {"gamma": 411.2645168928849, "log10_alpha": 0.39812655700206534, "log10_colsample_bytree": -0.18111347486514218, "log10_eta": -0.03272338188903534, "log10_lambda": -4.058196809470262, "log10_min_child_weight": 0.32005050678950986, "log10_subsample": -0.47908000095873315, "max_depth": 3.0, "num_boost_round": 3.0}, "datetime": {"datetime": "2024-01-19 01:12:58", "elapsed": 3667.920762, "delta": 0.004306}}
{"target": -18.05705249656047, "params": {"gamma": 411.2645168928849, "log10_alpha": 0.39812655700206534, "log10_colsample_bytree": -0.18111347486514218, "log10_eta": -0.03272338188903534, "log10_lambda": -4.058196809470262, "log10_min_child_weight": 0.32005050678950986, "log10_subsample": -0.47908000095873315, "max_depth": 3.0, "num_boost_round": 4.0}, "datetime": {"datetime": "2024-01-19 01:12:58", "elapsed": 3667.925336, "delta": 0.004574}}
{"target": -18.16068411747489, "params": {"gamma": 411.2645168928849, "log10_alpha": 0.39812655700206534, "log10_colsample_bytree": -0.18111347486514218, "log10_eta": -0.03272338188903534, "log10_lambda": -4.058196809470262, "log10_min_child_weight": 0.32005050678950986, "log10_subsample": -0.47908000095873315, "max_depth": 3.0, "num_boost_round": 5.0}, "datetime": {"datetime": "2024-01-19 01:12:58", "elapsed": 3667.929624, "delta": 0.004288}}
{"target": -18.2051725256773, "params": {"gamma": 411.2645168928849, "log10_alpha": 0.39812655700206534, "log10_colsample_bytree": -0.18111347486514218, "log10_eta": -0.03272338188903534, "log10_lambda": -4.058196809470262, "log10_min_child_weight": 0.32005050678950986, "log10_subsample": -0.47908000095873315, "max_depth": 3.0, "num_boost_round": 6.0}, "datetime": {"datetime": "2024-01-19 01:12:58", "elapsed": 3667.933953, "delta": 0.004329}}
{"target": -18.264782148441576, "params": {"gamma": 411.2645168928849, "log10_alpha": 0.39812655700206534, "log10_colsample_bytree": -0.18111347486514218, "log10_eta": -0.03272338188903534, "log10_lambda": -4.058196809470262, "log10_min_child_weight": 0.32005050678950986, "log10_subsample": -0.47908000095873315, "max_depth": 3.0, "num_boost_round": 7.0}, "datetime": {"datetime": "2024-01-19 01:12:58", "elapsed": 3667.938294, "delta": 0.004341}}
{"target": -18.489006373341354, "params": {"gamma": 411.2645168928849, "log10_alpha": 0.39812655700206534, "log10_colsample_bytree": -0.18111347486514218, "log10_eta": -0.03272338188903534, "log10_lambda": -4.058196809470262, "log10_min_child_weight": 0.32005050678950986, "log10_subsample": -0.47908000095873315, "max_depth": 3.0, "num_boost_round": 8.0}, "datetime": {"datetime": "2024-01-19 01:12:58", "elapsed": 3667.94264, "delta": 0.004346}}
{"target": -18.498373853270614, "params": {"gamma": 411.2645168928849, "log10_alpha": 0.39812655700206534, "log10_colsample_bytree": -0.18111347486514218, "log10_eta": -0.03272338188903534, "log10_lambda": -4.058196809470262, "log10_min_child_weight": 0.32005050678950986, "log10_subsample": -0.47908000095873315, "max_depth": 3.0, "num_boost_round": 9.0}, "datetime": {"datetime": "2024-01-19 01:12:58", "elapsed": 3667.947091, "delta": 0.004451}}
{"target": -18.521839765300047, "params": {"gamma": 411.2645168928849, "log10_alpha": 0.39812655700206534, "log10_colsample_bytree": -0.18111347486514218, "log10_eta": -0.03272338188903534, "log10_lambda": -4.058196809470262, "log10_min_child_weight": 0.32005050678950986, "log10_subsample": -0.47908000095873315, "max_depth": 3.0, "num_boost_round": 10.0}, "datetime": {"datetime": "2024-01-19 01:12:58", "elapsed": 3667.951598, "delta": 0.004507}}
{"target": -18.545706388512986, "params": {"gamma": 411.2645168928849, "log10_alpha": 0.39812655700206534, "log10_colsample_bytree": -0.18111347486514218, "log10_eta": -0.03272338188903534, "log10_lambda": -4.058196809470262, "log10_min_child_weight": 0.32005050678950986, "log10_subsample": -0.47908000095873315, "max_depth": 3.0, "num_boost_round": 11.0}, "datetime": {"datetime": "2024-01-19 01:12:58", "elapsed": 3667.955805, "delta": 0.004207}}
{"target": -18.55540244386267, "params": {"gamma": 411.2645168928849, "log10_alpha": 0.39812655700206534, "log10_colsample_bytree": -0.18111347486514218, "log10_eta": -0.03272338188903534, "log10_lambda": -4.058196809470262, "log10_min_child_weight": 0.32005050678950986, "log10_subsample": -0.47908000095873315, "max_depth": 3.0, "num_boost_round": 12.0}, "datetime": {"datetime": "2024-01-19 01:12:58", "elapsed": 3667.960013, "delta": 0.004208}}
{"target": -18.576880559227412, "params": {"gamma": 411.2645168928849, "log10_alpha": 0.39812655700206534, "log10_colsample_bytree": -0.18111347486514218, "log10_eta": -0.03272338188903534, "log10_lambda": -4.058196809470262, "log10_min_child_weight": 0.32005050678950986, "log10_subsample": -0.47908000095873315, "max_depth": 3.0, "num_boost_round": 13.0}, "datetime": {"datetime": "2024-01-19 01:12:58", "elapsed": 3667.964426, "delta": 0.004413}}
{"target": -18.630115984556515, "params": {"gamma": 411.2645168928849, "log10_alpha": 0.39812655700206534, "log10_colsample_bytree": -0.18111347486514218, "log10_eta": -0.03272338188903534, "log10_lambda": -4.058196809470262, "log10_min_child_weight": 0.32005050678950986, "log10_subsample": -0.47908000095873315, "max_depth": 3.0, "num_boost_round": 14.0}, "datetime": {"datetime": "2024-01-19 01:12:58", "elapsed": 3667.968605, "delta": 0.004179}}
{"target": -18.651075033084236, "params": {"gamma": 411.2645168928849, "log10_alpha": 0.39812655700206534, "log10_colsample_bytree": -0.18111347486514218, "log10_eta": -0.03272338188903534, "log10_lambda": -4.058196809470262, "log10_min_child_weight": 0.32005050678950986, "log10_subsample": -0.47908000095873315, "max_depth": 3.0, "num_boost_round": 15.0}, "datetime": {"datetime": "2024-01-19 01:12:58", "elapsed": 3667.972839, "delta": 0.004234}}
{"target": -18.659565919403647, "params": {"gamma": 411.2645168928849, "log10_alpha": 0.39812655700206534, "log10_colsample_bytree": -0.18111347486514218, "log10_eta": -0.03272338188903534, "log10_lambda": -4.058196809470262, "log10_min_child_weight": 0.32005050678950986, "log10_subsample": -0.47908000095873315, "max_depth": 3.0, "num_boost_round": 16.0}, "datetime": {"datetime": "2024-01-19 01:12:58", "elapsed": 3667.977162, "delta": 0.004323}}
{"target": -18.67472169839533, "params": {"gamma": 411.2645168928849, "log10_alpha": 0.39812655700206534, "log10_colsample_bytree": -0.18111347486514218, "log10_eta": -0.03272338188903534, "log10_lambda": -4.058196809470262, "log10_min_child_weight": 0.32005050678950986, "log10_subsample": -0.47908000095873315, "max_depth": 3.0, "num_boost_round": 17.0}, "datetime": {"datetime": "2024-01-19 01:12:58", "elapsed": 3667.981402, "delta": 0.00424}}
{"target": -18.686906898561553, "params": {"gamma": 411.2645168928849, "log10_alpha": 0.39812655700206534, "log10_colsample_bytree": -0.18111347486514218, "log10_eta": -0.03272338188903534, "log10_lambda": -4.058196809470262, "log10_min_child_weight": 0.32005050678950986, "log10_subsample": -0.47908000095873315, "max_depth": 3.0, "num_boost_round": 18.0}, "datetime": {"datetime": "2024-01-19 01:12:58", "elapsed": 3667.98577, "delta": 0.004368}}
{"target": -18.708551355682133, "params": {"gamma": 411.2645168928849, "log10_alpha": 0.39812655700206534, "log10_colsample_bytree": -0.18111347486514218, "log10_eta": -0.03272338188903534, "log10_lambda": -4.058196809470262, "log10_min_child_weight": 0.32005050678950986, "log10_subsample": -0.47908000095873315, "max_depth": 3.0, "num_boost_round": 19.0}, "datetime": {"datetime": "2024-01-19 01:12:58", "elapsed": 3667.990089, "delta": 0.004319}}
{"target": -18.708871485760096, "params": {"gamma": 411.2645168928849, "log10_alpha": 0.39812655700206534, "log10_colsample_bytree": -0.18111347486514218, "log10_eta": -0.03272338188903534, "log10_lambda": -4.058196809470262, "log10_min_child_weight": 0.32005050678950986, "log10_subsample": -0.47908000095873315, "max_depth": 3.0, "num_boost_round": 20.0}, "datetime": {"datetime": "2024-01-19 01:12:58", "elapsed": 3667.994853, "delta": 0.004764}}
{"target": -18.74096661345471, "params": {"gamma": 411.2645168928849, "log10_alpha": 0.39812655700206534, "log10_colsample_bytree": -0.18111347486514218, "log10_eta": -0.03272338188903534, "log10_lambda": -4.058196809470262, "log10_min_child_weight": 0.32005050678950986, "log10_subsample": -0.47908000095873315, "max_depth": 3.0, "num_boost_round": 21.0}, "datetime": {"datetime": "2024-01-19 01:12:58", "elapsed": 3667.999809, "delta": 0.004956}}
{"target": -18.72977353053931, "params": {"gamma": 411.2645168928849, "log10_alpha": 0.39812655700206534, "log10_colsample_bytree": -0.18111347486514218, "log10_eta": -0.03272338188903534, "log10_lambda": -4.058196809470262, "log10_min_child_weight": 0.32005050678950986, "log10_subsample": -0.47908000095873315, "max_depth": 3.0, "num_boost_round": 22.0}, "datetime": {"datetime": "2024-01-19 01:12:58", "elapsed": 3668.004375, "delta": 0.004566}}
{"target": -17.677187738942713, "params": {"gamma": 425.5127303686582, "log10_alpha": -2.7703200552876748, "log10_colsample_bytree": -0.7109594600326098, "log10_eta": -3.1140350694569086, "log10_lambda": -1.7407925809720357, "log10_min_child_weight": 1.4856147502463872, "log10_subsample": -0.9984709918450205, "max_depth": 5.0, "num_boost_round": 0.0}, "datetime": {"datetime": "2024-01-19 01:13:33", "elapsed": 3703.641036, "delta": 35.636661}}
{"target": -17.677139822113045, "params": {"gamma": 425.5127303686582, "log10_alpha": -2.7703200552876748, "log10_colsample_bytree": -0.7109594600326098, "log10_eta": -3.1140350694569086, "log10_lambda": -1.7407925809720357, "log10_min_child_weight": 1.4856147502463872, "log10_subsample": -0.9984709918450205, "max_depth": 5.0, "num_boost_round": 1.0}, "datetime": {"datetime": "2024-01-19 01:13:33", "elapsed": 3703.645954, "delta": 0.004918}}
{"target": -17.677062234046364, "params": {"gamma": 425.5127303686582, "log10_alpha": -2.7703200552876748, "log10_colsample_bytree": -0.7109594600326098, "log10_eta": -3.1140350694569086, "log10_lambda": -1.7407925809720357, "log10_min_child_weight": 1.4856147502463872, "log10_subsample": -0.9984709918450205, "max_depth": 5.0, "num_boost_round": 2.0}, "datetime": {"datetime": "2024-01-19 01:13:33", "elapsed": 3703.650888, "delta": 0.004934}}
{"target": -17.677098565450002, "params": {"gamma": 425.5127303686582, "log10_alpha": -2.7703200552876748, "log10_colsample_bytree": -0.7109594600326098, "log10_eta": -3.1140350694569086, "log10_lambda": -1.7407925809720357, "log10_min_child_weight": 1.4856147502463872, "log10_subsample": -0.9984709918450205, "max_depth": 5.0, "num_boost_round": 3.0}, "datetime": {"datetime": "2024-01-19 01:13:33", "elapsed": 3703.655266, "delta": 0.004378}}
{"target": -17.67706779423292, "params": {"gamma": 425.5127303686582, "log10_alpha": -2.7703200552876748, "log10_colsample_bytree": -0.7109594600326098, "log10_eta": -3.1140350694569086, "log10_lambda": -1.7407925809720357, "log10_min_child_weight": 1.4856147502463872, "log10_subsample": -0.9984709918450205, "max_depth": 5.0, "num_boost_round": 4.0}, "datetime": {"datetime": "2024-01-19 01:13:33", "elapsed": 3703.659496, "delta": 0.00423}}
{"target": -17.677079983963896, "params": {"gamma": 425.5127303686582, "log10_alpha": -2.7703200552876748, "log10_colsample_bytree": -0.7109594600326098, "log10_eta": -3.1140350694569086, "log10_lambda": -1.7407925809720357, "log10_min_child_weight": 1.4856147502463872, "log10_subsample": -0.9984709918450205, "max_depth": 5.0, "num_boost_round": 5.0}, "datetime": {"datetime": "2024-01-19 01:13:33", "elapsed": 3703.663789, "delta": 0.004293}}
{"target": -17.677067175966418, "params": {"gamma": 425.5127303686582, "log10_alpha": -2.7703200552876748, "log10_colsample_bytree": -0.7109594600326098, "log10_eta": -3.1140350694569086, "log10_lambda": -1.7407925809720357, "log10_min_child_weight": 1.4856147502463872, "log10_subsample": -0.9984709918450205, "max_depth": 5.0, "num_boost_round": 6.0}, "datetime": {"datetime": "2024-01-19 01:13:33", "elapsed": 3703.668106, "delta": 0.004317}}
{"target": -17.677039722299412, "params": {"gamma": 425.5127303686582, "log10_alpha": -2.7703200552876748, "log10_colsample_bytree": -0.7109594600326098, "log10_eta": -3.1140350694569086, "log10_lambda": -1.7407925809720357, "log10_min_child_weight": 1.4856147502463872, "log10_subsample": -0.9984709918450205, "max_depth": 5.0, "num_boost_round": 7.0}, "datetime": {"datetime": "2024-01-19 01:13:33", "elapsed": 3703.672471, "delta": 0.004365}}
{"target": -17.677015779071933, "params": {"gamma": 425.5127303686582, "log10_alpha": -2.7703200552876748, "log10_colsample_bytree": -0.7109594600326098, "log10_eta": -3.1140350694569086, "log10_lambda": -1.7407925809720357, "log10_min_child_weight": 1.4856147502463872, "log10_subsample": -0.9984709918450205, "max_depth": 5.0, "num_boost_round": 8.0}, "datetime": {"datetime": "2024-01-19 01:13:33", "elapsed": 3703.67666, "delta": 0.004189}}
{"target": -17.676995749002213, "params": {"gamma": 425.5127303686582, "log10_alpha": -2.7703200552876748, "log10_colsample_bytree": -0.7109594600326098, "log10_eta": -3.1140350694569086, "log10_lambda": -1.7407925809720357, "log10_min_child_weight": 1.4856147502463872, "log10_subsample": -0.9984709918450205, "max_depth": 5.0, "num_boost_round": 9.0}, "datetime": {"datetime": "2024-01-19 01:13:33", "elapsed": 3703.680965, "delta": 0.004305}}
