{"target": -17.677188156483954, "params": {"gamma": 439.0227342272518, "log10_alpha": -3.2421190228664374, "log10_colsample_bytree": -0.8888417441468616, "log10_eta": -3.6682556873865955, "log10_lambda": -2.355341453331557, "log10_min_child_weight": 3.7300773074624267, "log10_subsample": -0.12231801913004037, "max_depth": 7.0, "num_boost_round": 9.0}, "datetime": {"datetime": "2024-01-19 00:18:26", "elapsed": 399.011649, "delta": 0.000958}}
{"target": -17.677185627782077, "params": {"gamma": 439.0227342272518, "log10_alpha": -3.2421190228664374, "log10_colsample_bytree": -0.8888417441468616, "log10_eta": -3.6682556873865955, "log10_lambda": -2.355341453331557, "log10_min_child_weight": 3.7300773074624267, "log10_subsample": -0.12231801913004037, "max_depth": 7.0, "num_boost_round": 10.0}, "datetime": {"datetime": "2024-01-19 00:18:26", "elapsed": 399.012624, "delta": 0.000975}}
{"target": -17.67718580222571, "params": {"gamma": 439.0227342272518, "log10_alpha": -3.2421190228664374, "log10_colsample_bytree": -0.8888417441468616, "log10_eta": -3.6682556873865955, "log10_lambda": -2.355341453331557, "log10_min_child_weight": 3.7300773074624267, "log10_subsample": -0.12231801913004037, "max_depth": 7.0, "num_boost_round": 11.0}, "datetime": {"datetime": "2024-01-19 00:18:26", "elapsed": 399.013599, "delta": 0.000975}}
{"target": -17.677175909973982, "params": {"gamma": 439.0227342272518, "log10_alpha": -3.2421190228664374, "log10_colsample_bytree": -0.8888417441468616, "log10_eta": -3.6682556873865955, "log10_lambda": -2.355341453331557, "log10_min_child_weight": 3.7300773074624267, "log10_subsample": -0.12231801913004037, "max_depth": 7.0, "num_boost_round": 12.0}, "datetime": {"datetime": "2024-01-19 00:18:26", "elapsed": 399.01457, "delta": 0.000971}}
{"target": -17.677171956023255, "params": {"gamma": 439.0227342272518, "log10_alpha": -3.2421190228664374, "log10_colsample_bytree": -0.8888417441468616, "log10_eta": -3.6682556873865955, "log10_lambda": -2.355341453331557, "log10_min_child_weight": 3.7300773074624267, "log10_subsample": -0.12231801913004037, "max_depth": 7.0, "num_boost_round": 13.0}, "datetime": {"datetime": "2024-01-19 00:18:26", "elapsed": 399.01553, "delta": 0.00096}}
{"target": -17.6771679297743, "params": {"gamma": 439.0227342272518, "log10_alpha": -3.2421190228664374, "log10_colsample_bytree": -0.8888417441468616, "log10_eta": -3.6682556873865955, "log10_lambda": -2.355341453331557, "log10_min_child_weight": 3.7300773074624267, "log10_subsample": -0.12231801913004037, "max_depth": 7.0, "num_boost_round": 14.0}, "datetime": {"datetime": "2024-01-19 00:18:26", "elapsed": 399.016511, "delta": 0.000981}}
{"target": -17.677163530196466, "params": {"gamma": 439.0227342272518, "log10_alpha": -3.2421190228664374, "log10_colsample_bytree": -0.8888417441468616, "log10_eta": -3.6682556873865955, "log10_lambda": -2.355341453331557, "log10_min_child_weight": 3.7300773074624267, "log10_subsample": -0.12231801913004037, "max_depth": 7.0, "num_boost_round": 15.0}, "datetime": {"datetime": "2024-01-19 00:18:26", "elapsed": 399.017475, "delta": 0.000964}}
{"target": -17.677165471682223, "params": {"gamma": 439.0227342272518, "log10_alpha": -3.2421190228664374, "log10_colsample_bytree": -0.8888417441468616, "log10_eta": -3.6682556873865955, "log10_lambda": -2.355341453331557, "log10_min_child_weight": 3.7300773074624267, "log10_subsample": -0.12231801913004037, "max_depth": 7.0, "num_boost_round": 16.0}, "datetime": {"datetime": "2024-01-19 00:18:26", "elapsed": 399.018444, "delta": 0.000969}}
{"target": -17.677165617572207, "params": {"gamma": 439.0227342272518, "log10_alpha": -3.2421190228664374, "log10_colsample_bytree": -0.8888417441468616, "log10_eta": -3.6682556873865955, "log10_lambda": -2.355341453331557, "log10_min_child_weight": 3.7300773074624267, "log10_subsample": -0.12231801913004037, "max_depth": 7.0, "num_boost_round": 17.0}, "datetime": {"datetime": "2024-01-19 00:18:26", "elapsed": 399.019437, "delta": 0.000993}}
{"target": -17.67716239139997, "params": {"gamma": 439.0227342272518, "log10_alpha": -3.2421190228664374, "log10_colsample_bytree": -0.8888417441468616, "log10_eta": -3.6682556873865955, "log10_lambda": -2.355341453331557, "log10_min_child_weight": 3.7300773074624267, "log10_subsample": -0.12231801913004037, "max_depth": 7.0, "num_boost_round": 18.0}, "datetime": {"datetime": "2024-01-19 00:18:26", "elapsed": 399.020414, "delta": 0.000977}}
{"target": -17.67715330066501, "params": {"gamma": 439.0227342272518, "log10_alpha": -3.2421190228664374, "log10_colsample_bytree": -0.8888417441468616, "log10_eta": -3.6682556873865955, "log10_lambda": -2.355341453331557, "log10_min_child_weight": 3.7300773074624267, "log10_subsample": -0.12231801913004037, "max_depth": 7.0, "num_boost_round": 19.0}, "datetime": {"datetime": "2024-01-19 00:18:26", "elapsed": 399.021483, "delta": 0.001069}}
{"target": -17.677144613939966, "params": {"gamma": 439.0227342272518, "log10_alpha": -3.2421190228664374, "log10_colsample_bytree": -0.8888417441468616, "log10_eta": -3.6682556873865955, "log10_lambda": -2.355341453331557, "log10_min_child_weight": 3.7300773074624267, "log10_subsample": -0.12231801913004037, "max_depth": 7.0, "num_boost_round": 20.0}, "datetime": {"datetime": "2024-01-19 00:18:26", "elapsed": 399.022465, "delta": 0.000982}}
{"target": -17.67713361088755, "params": {"gamma": 439.0227342272518, "log10_alpha": -3.2421190228664374, "log10_colsample_bytree": -0.8888417441468616, "log10_eta": -3.6682556873865955, "log10_lambda": -2.355341453331557, "log10_min_child_weight": 3.7300773074624267, "log10_subsample": -0.12231801913004037, "max_depth": 7.0, "num_boost_round": 21.0}, "datetime": {"datetime": "2024-01-19 00:18:26", "elapsed": 399.023446, "delta": 0.000981}}
{"target": -17.677121280830814, "params": {"gamma": 439.0227342272518, "log10_alpha": -3.2421190228664374, "log10_colsample_bytree": -0.8888417441468616, "log10_eta": -3.6682556873865955, "log10_lambda": -2.355341453331557, "log10_min_child_weight": 3.7300773074624267, "log10_subsample": -0.12231801913004037, "max_depth": 7.0, "num_boost_round": 22.0}, "datetime": {"datetime": "2024-01-19 00:18:26", "elapsed": 399.02442, "delta": 0.000974}}
{"target": -17.677109053704253, "params": {"gamma": 439.0227342272518, "log10_alpha": -3.2421190228664374, "log10_colsample_bytree": -0.8888417441468616, "log10_eta": -3.6682556873865955, "log10_lambda": -2.355341453331557, "log10_min_child_weight": 3.7300773074624267, "log10_subsample": -0.12231801913004037, "max_depth": 7.0, "num_boost_round": 23.0}, "datetime": {"datetime": "2024-01-19 00:18:26", "elapsed": 399.025415, "delta": 0.000995}}
{"target": -17.677109728467578, "params": {"gamma": 439.0227342272518, "log10_alpha": -3.2421190228664374, "log10_colsample_bytree": -0.8888417441468616, "log10_eta": -3.6682556873865955, "log10_lambda": -2.355341453331557, "log10_min_child_weight": 3.7300773074624267, "log10_subsample": -0.12231801913004037, "max_depth": 7.0, "num_boost_round": 24.0}, "datetime": {"datetime": "2024-01-19 00:18:26", "elapsed": 399.026397, "delta": 0.000982}}
{"target": -17.677104706468235, "params": {"gamma": 439.0227342272518, "log10_alpha": -3.2421190228664374, "log10_colsample_bytree": -0.8888417441468616, "log10_eta": -3.6682556873865955, "log10_lambda": -2.355341453331557, "log10_min_child_weight": 3.7300773074624267, "log10_subsample": -0.12231801913004037, "max_depth": 7.0, "num_boost_round": 25.0}, "datetime": {"datetime": "2024-01-19 00:18:26", "elapsed": 399.027505, "delta": 0.001108}}
{"target": -17.677098617748523, "params": {"gamma": 439.0227342272518, "log10_alpha": -3.2421190228664374, "log10_colsample_bytree": -0.8888417441468616, "log10_eta": -3.6682556873865955, "log10_lambda": -2.355341453331557, "log10_min_child_weight": 3.7300773074624267, "log10_subsample": -0.12231801913004037, "max_depth": 7.0, "num_boost_round": 26.0}, "datetime": {"datetime": "2024-01-19 00:18:26", "elapsed": 399.028501, "delta": 0.000996}}
{"target": -17.67709517072345, "params": {"gamma": 439.0227342272518, "log10_alpha": -3.2421190228664374, "log10_colsample_bytree": -0.8888417441468616, "log10_eta": -3.6682556873865955, "log10_lambda": -2.355341453331557, "log10_min_child_weight": 3.7300773074624267, "log10_subsample": -0.12231801913004037, "max_depth": 7.0, "num_boost_round": 27.0}, "datetime": {"datetime": "2024-01-19 00:18:26", "elapsed": 399.029565, "delta": 0.001064}}
{"target": -17.677095271328657, "params": {"gamma": 439.0227342272518, "log10_alpha": -3.2421190228664374, "log10_colsample_bytree": -0.8888417441468616, "log10_eta": -3.6682556873865955, "log10_lambda": -2.355341453331557, "log10_min_child_weight": 3.7300773074624267, "log10_subsample": -0.12231801913004037, "max_depth": 7.0, "num_boost_round": 28.0}, "datetime": {"datetime": "2024-01-19 00:18:26", "elapsed": 399.030616, "delta": 0.001051}}
{"target": -17.67708727036041, "params": {"gamma": 439.0227342272518, "log10_alpha": -3.2421190228664374, "log10_colsample_bytree": -0.8888417441468616, "log10_eta": -3.6682556873865955, "log10_lambda": -2.355341453331557, "log10_min_child_weight": 3.7300773074624267, "log10_subsample": -0.12231801913004037, "max_depth": 7.0, "num_boost_round": 29.0}, "datetime": {"datetime": "2024-01-19 00:18:26", "elapsed": 399.031609, "delta": 0.000993}}
{"target": -17.67708085980319, "params": {"gamma": 439.0227342272518, "log10_alpha": -3.2421190228664374, "log10_colsample_bytree": -0.8888417441468616, "log10_eta": -3.6682556873865955, "log10_lambda": -2.355341453331557, "log10_min_child_weight": 3.7300773074624267, "log10_subsample": -0.12231801913004037, "max_depth": 7.0, "num_boost_round": 30.0}, "datetime": {"datetime": "2024-01-19 00:18:26", "elapsed": 399.032612, "delta": 0.001003}}
{"target": -17.677073144664543, "params": {"gamma": 439.0227342272518, "log10_alpha": -3.2421190228664374, "log10_colsample_bytree": -0.8888417441468616, "log10_eta": -3.6682556873865955, "log10_lambda": -2.355341453331557, "log10_min_child_weight": 3.7300773074624267, "log10_subsample": -0.12231801913004037, "max_depth": 7.0, "num_boost_round": 31.0}, "datetime": {"datetime": "2024-01-19 00:18:26", "elapsed": 399.033605, "delta": 0.000993}}
{"target": -17.677067658398602, "params": {"gamma": 439.0227342272518, "log10_alpha": -3.2421190228664374, "log10_colsample_bytree": -0.8888417441468616, "log10_eta": -3.6682556873865955, "log10_lambda": -2.355341453331557, "log10_min_child_weight": 3.7300773074624267, "log10_subsample": -0.12231801913004037, "max_depth": 7.0, "num_boost_round": 32.0}, "datetime": {"datetime": "2024-01-19 00:18:26", "elapsed": 399.034585, "delta": 0.00098}}
{"target": -17.677054572609496, "params": {"gamma": 439.0227342272518, "log10_alpha": -3.2421190228664374, "log10_colsample_bytree": -0.8888417441468616, "log10_eta": -3.6682556873865955, "log10_lambda": -2.355341453331557, "log10_min_child_weight": 3.7300773074624267, "log10_subsample": -0.12231801913004037, "max_depth": 7.0, "num_boost_round": 33.0}, "datetime": {"datetime": "2024-01-19 00:18:26", "elapsed": 399.035578, "delta": 0.000993}}
{"target": -17.67704679877468, "params": {"gamma": 439.0227342272518, "log10_alpha": -3.2421190228664374, "log10_colsample_bytree": -0.8888417441468616, "log10_eta": -3.6682556873865955, "log10_lambda": -2.355341453331557, "log10_min_child_weight": 3.7300773074624267, "log10_subsample": -0.12231801913004037, "max_depth": 7.0, "num_boost_round": 34.0}, "datetime": {"datetime": "2024-01-19 00:18:26", "elapsed": 399.036567, "delta": 0.000989}}
{"target": -17.677050761783697, "params": {"gamma": 439.0227342272518, "log10_alpha": -3.2421190228664374, "log10_colsample_bytree": -0.8888417441468616, "log10_eta": -3.6682556873865955, "log10_lambda": -2.355341453331557, "log10_min_child_weight": 3.7300773074624267, "log10_subsample": -0.12231801913004037, "max_depth": 7.0, "num_boost_round": 35.0}, "datetime": {"datetime": "2024-01-19 00:18:26", "elapsed": 399.037562, "delta": 0.000995}}
{"target": -17.67705009708435, "params": {"gamma": 439.0227342272518, "log10_alpha": -3.2421190228664374, "log10_colsample_bytree": -0.8888417441468616, "log10_eta": -3.6682556873865955, "log10_lambda": -2.355341453331557, "log10_min_child_weight": 3.7300773074624267, "log10_subsample": -0.12231801913004037, "max_depth": 7.0, "num_boost_round": 36.0}, "datetime": {"datetime": "2024-01-19 00:18:26", "elapsed": 399.038565, "delta": 0.001003}}
{"target": -17.67704838089348, "params": {"gamma": 439.0227342272518, "log10_alpha": -3.2421190228664374, "log10_colsample_bytree": -0.8888417441468616, "log10_eta": -3.6682556873865955, "log10_lambda": -2.355341453331557, "log10_min_child_weight": 3.7300773074624267, "log10_subsample": -0.12231801913004037, "max_depth": 7.0, "num_boost_round": 37.0}, "datetime": {"datetime": "2024-01-19 00:18:26", "elapsed": 399.039578, "delta": 0.001013}}
{"target": -17.677046440284577, "params": {"gamma": 439.0227342272518, "log10_alpha": -3.2421190228664374, "log10_colsample_bytree": -0.8888417441468616, "log10_eta": -3.6682556873865955, "log10_lambda": -2.355341453331557, "log10_min_child_weight": 3.7300773074624267, "log10_subsample": -0.12231801913004037, "max_depth": 7.0, "num_boost_round": 38.0}, "datetime": {"datetime": "2024-01-19 00:18:26", "elapsed": 399.040592, "delta": 0.001014}}
{"target": -17.677044530115587, "params": {"gamma": 439.0227342272518, "log10_alpha": -3.2421190228664374, "log10_colsample_bytree": -0.8888417441468616, "log10_eta": -3.6682556873865955, "log10_lambda": -2.355341453331557, "log10_min_child_weight": 3.7300773074624267, "log10_subsample": -0.12231801913004037, "max_depth": 7.0, "num_boost_round": 39.0}, "datetime": {"datetime": "2024-01-19 00:18:26", "elapsed": 399.041657, "delta": 0.001065}}
{"target": -17.677034584552274, "params": {"gamma": 439.0227342272518, "log10_alpha": -3.2421190228664374, "log10_colsample_bytree": -0.8888417441468616, "log10_eta": -3.6682556873865955, "log10_lambda": -2.355341453331557, "log10_min_child_weight": 3.7300773074624267, "log10_subsample": -0.12231801913004037, "max_depth": 7.0, "num_boost_round": 40.0}, "datetime": {"datetime": "2024-01-19 00:18:26", "elapsed": 399.042657, "delta": 0.001}}
{"target": -17.677031053593215, "params": {"gamma": 439.0227342272518, "log10_alpha": -3.2421190228664374, "log10_colsample_bytree": -0.8888417441468616, "log10_eta": -3.6682556873865955, "log10_lambda": -2.355341453331557, "log10_min_child_weight": 3.7300773074624267, "log10_subsample": -0.12231801913004037, "max_depth": 7.0, "num_boost_round": 41.0}, "datetime": {"datetime": "2024-01-19 00:18:26", "elapsed": 399.043663, "delta": 0.001006}}
{"target": -17.677019916299134, "params": {"gamma": 439.0227342272518, "log10_alpha": -3.2421190228664374, "log10_colsample_bytree": -0.8888417441468616, "log10_eta": -3.6682556873865955, "log10_lambda": -2.355341453331557, "log10_min_child_weight": 3.7300773074624267, "log10_subsample": -0.12231801913004037, "max_depth": 7.0, "num_boost_round": 42.0}, "datetime": {"datetime": "2024-01-19 00:18:26", "elapsed": 399.04467, "delta": 0.001007}}
{"target": -17.677013222803932, "params": {"gamma": 439.0227342272518, "log10_alpha": -3.2421190228664374, "log10_colsample_bytree": -0.8888417441468616, "log10_eta": -3.6682556873865955, "log10_lambda": -2.355341453331557, "log10_min_child_weight": 3.7300773074624267, "log10_subsample": -0.12231801913004037, "max_depth": 7.0, "num_boost_round": 43.0}, "datetime": {"datetime": "2024-01-19 00:18:26", "elapsed": 399.136882, "delta": 0.092212}}
{"target": -17.677009700794937, "params": {"gamma": 439.0227342272518, "log10_alpha": -3.2421190228664374, "log10_colsample_bytree": -0.8888417441468616, "log10_eta": -3.6682556873865955, "log10_lambda": -2.355341453331557, "log10_min_child_weight": 3.7300773074624267, "log10_subsample": -0.12231801913004037, "max_depth": 7.0, "num_boost_round": 44.0}, "datetime": {"datetime": "2024-01-19 00:18:26", "elapsed": 399.138297, "delta": 0.001415}}
{"target": -17.677004935236077, "params": {"gamma": 439.0227342272518, "log10_alpha": -3.2421190228664374, "log10_colsample_bytree": -0.8888417441468616, "log10_eta": -3.6682556873865955, "log10_lambda": -2.355341453331557, "log10_min_child_weight": 3.7300773074624267, "log10_subsample": -0.12231801913004037, "max_depth": 7.0, "num_boost_round": 45.0}, "datetime": {"datetime": "2024-01-19 00:18:26", "elapsed": 399.139483, "delta": 0.001186}}
{"target": -17.677007508246195, "params": {"gamma": 439.0227342272518, "log10_alpha": -3.2421190228664374, "log10_colsample_bytree": -0.8888417441468616, "log10_eta": -3.6682556873865955, "log10_lambda": -2.355341453331557, "log10_min_child_weight": 3.7300773074624267, "log10_subsample": -0.12231801913004037, "max_depth": 7.0, "num_boost_round": 46.0}, "datetime": {"datetime": "2024-01-19 00:18:26", "elapsed": 399.140622, "delta": 0.001139}}
{"target": -17.6769979669234, "params": {"gamma": 439.0227342272518, "log10_alpha": -3.2421190228664374, "log10_colsample_bytree": -0.8888417441468616, "log10_eta": -3.6682556873865955, "log10_lambda": -2.355341453331557, "log10_min_child_weight": 3.7300773074624267, "log10_subsample": -0.12231801913004037, "max_depth": 7.0, "num_boost_round": 47.0}, "datetime": {"datetime": "2024-01-19 00:18:26", "elapsed": 399.141651, "delta": 0.001029}}
{"target": -17.67699695391546, "params": {"gamma": 439.0227342272518, "log10_alpha": -3.2421190228664374, "log10_colsample_bytree": -0.8888417441468616, "log10_eta": -3.6682556873865955, "log10_lambda": -2.355341453331557, "log10_min_child_weight": 3.7300773074624267, "log10_subsample": -0.12231801913004037, "max_depth": 7.0, "num_boost_round": 48.0}, "datetime": {"datetime": "2024-01-19 00:18:26", "elapsed": 399.14269, "delta": 0.001039}}
{"target": -17.67699777505328, "params": {"gamma": 439.0227342272518, "log10_alpha": -3.2421190228664374, "log10_colsample_bytree": -0.8888417441468616, "log10_eta": -3.6682556873865955, "log10_lambda": -2.355341453331557, "log10_min_child_weight": 3.7300773074624267, "log10_subsample": -0.12231801913004037, "max_depth": 7.0, "num_boost_round": 49.0}, "datetime": {"datetime": "2024-01-19 00:18:26", "elapsed": 399.143711, "delta": 0.001021}}
{"target": -17.67700135370193, "params": {"gamma": 439.0227342272518, "log10_alpha": -3.2421190228664374, "log10_colsample_bytree": -0.8888417441468616, "log10_eta": -3.6682556873865955, "log10_lambda": -2.355341453331557, "log10_min_child_weight": 3.7300773074624267, "log10_subsample": -0.12231801913004037, "max_depth": 7.0, "num_boost_round": 50.0}, "datetime": {"datetime": "2024-01-19 00:18:26", "elapsed": 399.14482, "delta": 0.001109}}
{"target": -17.676996127370263, "params": {"gamma": 439.0227342272518, "log10_alpha": -3.2421190228664374, "log10_colsample_bytree": -0.8888417441468616, "log10_eta": -3.6682556873865955, "log10_lambda": -2.355341453331557, "log10_min_child_weight": 3.7300773074624267, "log10_subsample": -0.12231801913004037, "max_depth": 7.0, "num_boost_round": 51.0}, "datetime": {"datetime": "2024-01-19 00:18:26", "elapsed": 399.145895, "delta": 0.001075}}
{"target": -17.67699907170569, "params": {"gamma": 439.0227342272518, "log10_alpha": -3.2421190228664374, "log10_colsample_bytree": -0.8888417441468616, "log10_eta": -3.6682556873865955, "log10_lambda": -2.355341453331557, "log10_min_child_weight": 3.7300773074624267, "log10_subsample": -0.12231801913004037, "max_depth": 7.0, "num_boost_round": 52.0}, "datetime": {"datetime": "2024-01-19 00:18:26", "elapsed": 399.146964, "delta": 0.001069}}
{"target": -17.67698837939485, "params": {"gamma": 439.0227342272518, "log10_alpha": -3.2421190228664374, "log10_colsample_bytree": -0.8888417441468616, "log10_eta": -3.6682556873865955, "log10_lambda": -2.355341453331557, "log10_min_child_weight": 3.7300773074624267, "log10_subsample": -0.12231801913004037, "max_depth": 7.0, "num_boost_round": 53.0}, "datetime": {"datetime": "2024-01-19 00:18:26", "elapsed": 399.148039, "delta": 0.001075}}
{"target": -17.676985514254106, "params": {"gamma": 439.0227342272518, "log10_alpha": -3.2421190228664374, "log10_colsample_bytree": -0.8888417441468616, "log10_eta": -3.6682556873865955, "log10_lambda": -2.355341453331557, "log10_min_child_weight": 3.7300773074624267, "log10_subsample": -0.12231801913004037, "max_depth": 7.0, "num_boost_round": 54.0}, "datetime": {"datetime": "2024-01-19 00:18:26", "elapsed": 399.14913, "delta": 0.001091}}
{"target": -17.676980958631926, "params": {"gamma": 439.0227342272518, "log10_alpha": -3.2421190228664374, "log10_colsample_bytree": -0.8888417441468616, "log10_eta": -3.6682556873865955, "log10_lambda": -2.355341453331557, "log10_min_child_weight": 3.7300773074624267, "log10_subsample": -0.12231801913004037, "max_depth": 7.0, "num_boost_round": 55.0}, "datetime": {"datetime": "2024-01-19 00:18:26", "elapsed": 399.15029, "delta": 0.00116}}
{"target": -17.677225237570223, "params": {"gamma": 433.4054158297509, "log10_alpha": -2.2146689623828926, "log10_colsample_bytree": -0.5517023331384587, "log10_eta": -3.70399123502368, "log10_lambda": -1.9190441427626634, "log10_min_child_weight": 1.338890434633571, "log10_subsample": -0.9978562473425441, "max_depth": 5.0, "num_boost_round": 0.0}, "datetime": {"datetime": "2024-01-19 00:18:52", "elapsed": 425.551921, "delta": 26.401631}}
{"target": -17.677214508156464, "params": {"gamma": 433.4054158297509, "log10_alpha": -2.2146689623828926, "log10_colsample_bytree": -0.5517023331384587, "log10_eta": -3.70399123502368, "log10_lambda": -1.9190441427626634, "log10_min_child_weight": 1.338890434633571, "log10_subsample": -0.9978562473425441, "max_depth": 5.0, "num_boost_round": 1.0}, "datetime": {"datetime": "2024-01-19 00:18:52", "elapsed": 425.553219, "delta": 0.001298}}
