{"target": -17.68323023330295, "params": {"gamma": 45.4995746049206, "log10_alpha": -2.7114888987656593, "log10_colsample_bytree": -0.9039649524224127, "log10_eta": -0.9011542730039319, "log10_lambda": -2.279680714881586, "log10_min_child_weight": 3.3854936555529873, "log10_subsample": -0.868647390013656, "max_depth": 9.0, "num_boost_round": 8.0}, "datetime": {"datetime": "2024-01-19 01:53:56", "elapsed": 6190.604873, "delta": 0.00475}}
{"target": -17.685176255248873, "params": {"gamma": 45.4995746049206, "log10_alpha": -2.7114888987656593, "log10_colsample_bytree": -0.9039649524224127, "log10_eta": -0.9011542730039319, "log10_lambda": -2.279680714881586, "log10_min_child_weight": 3.3854936555529873, "log10_subsample": -0.868647390013656, "max_depth": 9.0, "num_boost_round": 9.0}, "datetime": {"datetime": "2024-01-19 01:53:56", "elapsed": 6190.609719, "delta": 0.004846}}
{"target": -17.686172032499048, "params": {"gamma": 45.4995746049206, "log10_alpha": -2.7114888987656593, "log10_colsample_bytree": -0.9039649524224127, "log10_eta": -0.9011542730039319, "log10_lambda": -2.279680714881586, "log10_min_child_weight": 3.3854936555529873, "log10_subsample": -0.868647390013656, "max_depth": 9.0, "num_boost_round": 10.0}, "datetime": {"datetime": "2024-01-19 01:53:56", "elapsed": 6190.614466, "delta": 0.004747}}
{"target": -17.688042433406057, "params": {"gamma": 45.4995746049206, "log10_alpha": -2.7114888987656593, "log10_colsample_bytree": -0.9039649524224127, "log10_eta": -0.9011542730039319, "log10_lambda": -2.279680714881586, "log10_min_child_weight": 3.3854936555529873, "log10_subsample": -0.868647390013656, "max_depth": 9.0, "num_boost_round": 11.0}, "datetime": {"datetime": "2024-01-19 01:53:56", "elapsed": 6190.619278, "delta": 0.004812}}
{"target": -17.677041299391796, "params": {"gamma": 48.55660855659005, "log10_alpha": 0.5664798901943673, "log10_colsample_bytree": -0.15111582206318375, "log10_eta": -2.1582961813301393, "log10_lambda": 0.8880096056538198, "log10_min_child_weight": 1.0572630273904637, "log10_subsample": -0.9125570132645464, "max_depth": 3.0, "num_boost_round": 0.0}, "datetime": {"datetime": "2024-01-19 01:55:52", "elapsed": 6306.221639, "delta": 115.602361}}
{"target": -17.67691922650863, "params": {"gamma": 48.55660855659005, "log10_alpha": 0.5664798901943673, "log10_colsample_bytree": -0.15111582206318375, "log10_eta": -2.1582961813301393, "log10_lambda": 0.8880096056538198, "log10_min_child_weight": 1.0572630273904637, "log10_subsample": -0.9125570132645464, "max_depth": 3.0, "num_boost_round": 1.0}, "datetime": {"datetime": "2024-01-19 01:55:52", "elapsed": 6306.33868, "delta": 0.117041}}
{"target": -17.67678033503516, "params": {"gamma": 48.55660855659005, "log10_alpha": 0.5664798901943673, "log10_colsample_bytree": -0.15111582206318375, "log10_eta": -2.1582961813301393, "log10_lambda": 0.8880096056538198, "log10_min_child_weight": 1.0572630273904637, "log10_subsample": -0.9125570132645464, "max_depth": 3.0, "num_boost_round": 2.0}, "datetime": {"datetime": "2024-01-19 01:55:52", "elapsed": 6306.344574, "delta": 0.005894}}
{"target": -17.67653390171199, "params": {"gamma": 48.55660855659005, "log10_alpha": 0.5664798901943673, "log10_colsample_bytree": -0.15111582206318375, "log10_eta": -2.1582961813301393, "log10_lambda": 0.8880096056538198, "log10_min_child_weight": 1.0572630273904637, "log10_subsample": -0.9125570132645464, "max_depth": 3.0, "num_boost_round": 3.0}, "datetime": {"datetime": "2024-01-19 01:55:52", "elapsed": 6306.349808, "delta": 0.005234}}
{"target": -17.676273309282685, "params": {"gamma": 48.55660855659005, "log10_alpha": 0.5664798901943673, "log10_colsample_bytree": -0.15111582206318375, "log10_eta": -2.1582961813301393, "log10_lambda": 0.8880096056538198, "log10_min_child_weight": 1.0572630273904637, "log10_subsample": -0.9125570132645464, "max_depth": 3.0, "num_boost_round": 4.0}, "datetime": {"datetime": "2024-01-19 01:55:52", "elapsed": 6306.354837, "delta": 0.005029}}
{"target": -17.67605705193957, "params": {"gamma": 48.55660855659005, "log10_alpha": 0.5664798901943673, "log10_colsample_bytree": -0.15111582206318375, "log10_eta": -2.1582961813301393, "log10_lambda": 0.8880096056538198, "log10_min_child_weight": 1.0572630273904637, "log10_subsample": -0.9125570132645464, "max_depth": 3.0, "num_boost_round": 5.0}, "datetime": {"datetime": "2024-01-19 01:55:52", "elapsed": 6306.35981, "delta": 0.004973}}
{"target": -17.67573761195906, "params": {"gamma": 48.55660855659005, "log10_alpha": 0.5664798901943673, "log10_colsample_bytree": -0.15111582206318375, "log10_eta": -2.1582961813301393, "log10_lambda": 0.8880096056538198, "log10_min_child_weight": 1.0572630273904637, "log10_subsample": -0.9125570132645464, "max_depth": 3.0, "num_boost_round": 6.0}, "datetime": {"datetime": "2024-01-19 01:55:52", "elapsed": 6306.364799, "delta": 0.004989}}
{"target": -17.675524504694312, "params": {"gamma": 48.55660855659005, "log10_alpha": 0.5664798901943673, "log10_colsample_bytree": -0.15111582206318375, "log10_eta": -2.1582961813301393, "log10_lambda": 0.8880096056538198, "log10_min_child_weight": 1.0572630273904637, "log10_subsample": -0.9125570132645464, "max_depth": 3.0, "num_boost_round": 7.0}, "datetime": {"datetime": "2024-01-19 01:55:52", "elapsed": 6306.370039, "delta": 0.00524}}
{"target": -17.67529836944643, "params": {"gamma": 48.55660855659005, "log10_alpha": 0.5664798901943673, "log10_colsample_bytree": -0.15111582206318375, "log10_eta": -2.1582961813301393, "log10_lambda": 0.8880096056538198, "log10_min_child_weight": 1.0572630273904637, "log10_subsample": -0.9125570132645464, "max_depth": 3.0, "num_boost_round": 8.0}, "datetime": {"datetime": "2024-01-19 01:55:52", "elapsed": 6306.375124, "delta": 0.005085}}
{"target": -17.67507967098453, "params": {"gamma": 48.55660855659005, "log10_alpha": 0.5664798901943673, "log10_colsample_bytree": -0.15111582206318375, "log10_eta": -2.1582961813301393, "log10_lambda": 0.8880096056538198, "log10_min_child_weight": 1.0572630273904637, "log10_subsample": -0.9125570132645464, "max_depth": 3.0, "num_boost_round": 9.0}, "datetime": {"datetime": "2024-01-19 01:55:52", "elapsed": 6306.380184, "delta": 0.00506}}
{"target": -17.67489303727147, "params": {"gamma": 48.55660855659005, "log10_alpha": 0.5664798901943673, "log10_colsample_bytree": -0.15111582206318375, "log10_eta": -2.1582961813301393, "log10_lambda": 0.8880096056538198, "log10_min_child_weight": 1.0572630273904637, "log10_subsample": -0.9125570132645464, "max_depth": 3.0, "num_boost_round": 10.0}, "datetime": {"datetime": "2024-01-19 01:55:52", "elapsed": 6306.385186, "delta": 0.005002}}
{"target": -17.674698332933353, "params": {"gamma": 48.55660855659005, "log10_alpha": 0.5664798901943673, "log10_colsample_bytree": -0.15111582206318375, "log10_eta": -2.1582961813301393, "log10_lambda": 0.8880096056538198, "log10_min_child_weight": 1.0572630273904637, "log10_subsample": -0.9125570132645464, "max_depth": 3.0, "num_boost_round": 11.0}, "datetime": {"datetime": "2024-01-19 01:55:52", "elapsed": 6306.390289, "delta": 0.005103}}
{"target": -17.674579709179614, "params": {"gamma": 48.55660855659005, "log10_alpha": 0.5664798901943673, "log10_colsample_bytree": -0.15111582206318375, "log10_eta": -2.1582961813301393, "log10_lambda": 0.8880096056538198, "log10_min_child_weight": 1.0572630273904637, "log10_subsample": -0.9125570132645464, "max_depth": 3.0, "num_boost_round": 12.0}, "datetime": {"datetime": "2024-01-19 01:55:52", "elapsed": 6306.395393, "delta": 0.005104}}
{"target": -17.674477992775124, "params": {"gamma": 48.55660855659005, "log10_alpha": 0.5664798901943673, "log10_colsample_bytree": -0.15111582206318375, "log10_eta": -2.1582961813301393, "log10_lambda": 0.8880096056538198, "log10_min_child_weight": 1.0572630273904637, "log10_subsample": -0.9125570132645464, "max_depth": 3.0, "num_boost_round": 13.0}, "datetime": {"datetime": "2024-01-19 01:55:52", "elapsed": 6306.400527, "delta": 0.005134}}
{"target": -17.67444503274656, "params": {"gamma": 48.55660855659005, "log10_alpha": 0.5664798901943673, "log10_colsample_bytree": -0.15111582206318375, "log10_eta": -2.1582961813301393, "log10_lambda": 0.8880096056538198, "log10_min_child_weight": 1.0572630273904637, "log10_subsample": -0.9125570132645464, "max_depth": 3.0, "num_boost_round": 14.0}, "datetime": {"datetime": "2024-01-19 01:55:52", "elapsed": 6306.405601, "delta": 0.005074}}
{"target": -17.67426702393525, "params": {"gamma": 48.55660855659005, "log10_alpha": 0.5664798901943673, "log10_colsample_bytree": -0.15111582206318375, "log10_eta": -2.1582961813301393, "log10_lambda": 0.8880096056538198, "log10_min_child_weight": 1.0572630273904637, "log10_subsample": -0.9125570132645464, "max_depth": 3.0, "num_boost_round": 15.0}, "datetime": {"datetime": "2024-01-19 01:55:52", "elapsed": 6306.410681, "delta": 0.00508}}
{"target": -17.673871183644195, "params": {"gamma": 48.55660855659005, "log10_alpha": 0.5664798901943673, "log10_colsample_bytree": -0.15111582206318375, "log10_eta": -2.1582961813301393, "log10_lambda": 0.8880096056538198, "log10_min_child_weight": 1.0572630273904637, "log10_subsample": -0.9125570132645464, "max_depth": 3.0, "num_boost_round": 16.0}, "datetime": {"datetime": "2024-01-19 01:55:52", "elapsed": 6306.415809, "delta": 0.005128}}
{"target": -17.673809514359597, "params": {"gamma": 48.55660855659005, "log10_alpha": 0.5664798901943673, "log10_colsample_bytree": -0.15111582206318375, "log10_eta": -2.1582961813301393, "log10_lambda": 0.8880096056538198, "log10_min_child_weight": 1.0572630273904637, "log10_subsample": -0.9125570132645464, "max_depth": 3.0, "num_boost_round": 17.0}, "datetime": {"datetime": "2024-01-19 01:55:52", "elapsed": 6306.420908, "delta": 0.005099}}
{"target": -17.673825204237165, "params": {"gamma": 48.55660855659005, "log10_alpha": 0.5664798901943673, "log10_colsample_bytree": -0.15111582206318375, "log10_eta": -2.1582961813301393, "log10_lambda": 0.8880096056538198, "log10_min_child_weight": 1.0572630273904637, "log10_subsample": -0.9125570132645464, "max_depth": 3.0, "num_boost_round": 18.0}, "datetime": {"datetime": "2024-01-19 01:55:52", "elapsed": 6306.425969, "delta": 0.005061}}
{"target": -17.673713467735322, "params": {"gamma": 48.55660855659005, "log10_alpha": 0.5664798901943673, "log10_colsample_bytree": -0.15111582206318375, "log10_eta": -2.1582961813301393, "log10_lambda": 0.8880096056538198, "log10_min_child_weight": 1.0572630273904637, "log10_subsample": -0.9125570132645464, "max_depth": 3.0, "num_boost_round": 19.0}, "datetime": {"datetime": "2024-01-19 01:55:52", "elapsed": 6306.431161, "delta": 0.005192}}
{"target": -17.67370864811855, "params": {"gamma": 48.55660855659005, "log10_alpha": 0.5664798901943673, "log10_colsample_bytree": -0.15111582206318375, "log10_eta": -2.1582961813301393, "log10_lambda": 0.8880096056538198, "log10_min_child_weight": 1.0572630273904637, "log10_subsample": -0.9125570132645464, "max_depth": 3.0, "num_boost_round": 20.0}, "datetime": {"datetime": "2024-01-19 01:55:52", "elapsed": 6306.436155, "delta": 0.004994}}
{"target": -17.673488006578083, "params": {"gamma": 48.55660855659005, "log10_alpha": 0.5664798901943673, "log10_colsample_bytree": -0.15111582206318375, "log10_eta": -2.1582961813301393, "log10_lambda": 0.8880096056538198, "log10_min_child_weight": 1.0572630273904637, "log10_subsample": -0.9125570132645464, "max_depth": 3.0, "num_boost_round": 21.0}, "datetime": {"datetime": "2024-01-19 01:55:52", "elapsed": 6306.441289, "delta": 0.005134}}
{"target": -17.673322297962745, "params": {"gamma": 48.55660855659005, "log10_alpha": 0.5664798901943673, "log10_colsample_bytree": -0.15111582206318375, "log10_eta": -2.1582961813301393, "log10_lambda": 0.8880096056538198, "log10_min_child_weight": 1.0572630273904637, "log10_subsample": -0.9125570132645464, "max_depth": 3.0, "num_boost_round": 22.0}, "datetime": {"datetime": "2024-01-19 01:55:52", "elapsed": 6306.446473, "delta": 0.005184}}
{"target": -17.673002862189303, "params": {"gamma": 48.55660855659005, "log10_alpha": 0.5664798901943673, "log10_colsample_bytree": -0.15111582206318375, "log10_eta": -2.1582961813301393, "log10_lambda": 0.8880096056538198, "log10_min_child_weight": 1.0572630273904637, "log10_subsample": -0.9125570132645464, "max_depth": 3.0, "num_boost_round": 23.0}, "datetime": {"datetime": "2024-01-19 01:55:52", "elapsed": 6306.451495, "delta": 0.005022}}
{"target": -17.67299613788297, "params": {"gamma": 48.55660855659005, "log10_alpha": 0.5664798901943673, "log10_colsample_bytree": -0.15111582206318375, "log10_eta": -2.1582961813301393, "log10_lambda": 0.8880096056538198, "log10_min_child_weight": 1.0572630273904637, "log10_subsample": -0.9125570132645464, "max_depth": 3.0, "num_boost_round": 24.0}, "datetime": {"datetime": "2024-01-19 01:55:52", "elapsed": 6306.456542, "delta": 0.005047}}
{"target": -17.672946317854112, "params": {"gamma": 48.55660855659005, "log10_alpha": 0.5664798901943673, "log10_colsample_bytree": -0.15111582206318375, "log10_eta": -2.1582961813301393, "log10_lambda": 0.8880096056538198, "log10_min_child_weight": 1.0572630273904637, "log10_subsample": -0.9125570132645464, "max_depth": 3.0, "num_boost_round": 25.0}, "datetime": {"datetime": "2024-01-19 01:55:52", "elapsed": 6306.462413, "delta": 0.005871}}
{"target": -17.67275108573139, "params": {"gamma": 48.55660855659005, "log10_alpha": 0.5664798901943673, "log10_colsample_bytree": -0.15111582206318375, "log10_eta": -2.1582961813301393, "log10_lambda": 0.8880096056538198, "log10_min_child_weight": 1.0572630273904637, "log10_subsample": -0.9125570132645464, "max_depth": 3.0, "num_boost_round": 26.0}, "datetime": {"datetime": "2024-01-19 01:55:52", "elapsed": 6306.467745, "delta": 0.005332}}
{"target": -17.67274128680774, "params": {"gamma": 48.55660855659005, "log10_alpha": 0.5664798901943673, "log10_colsample_bytree": -0.15111582206318375, "log10_eta": -2.1582961813301393, "log10_lambda": 0.8880096056538198, "log10_min_child_weight": 1.0572630273904637, "log10_subsample": -0.9125570132645464, "max_depth": 3.0, "num_boost_round": 27.0}, "datetime": {"datetime": "2024-01-19 01:55:52", "elapsed": 6306.472979, "delta": 0.005234}}
{"target": -17.672594597166142, "params": {"gamma": 48.55660855659005, "log10_alpha": 0.5664798901943673, "log10_colsample_bytree": -0.15111582206318375, "log10_eta": -2.1582961813301393, "log10_lambda": 0.8880096056538198, "log10_min_child_weight": 1.0572630273904637, "log10_subsample": -0.9125570132645464, "max_depth": 3.0, "num_boost_round": 28.0}, "datetime": {"datetime": "2024-01-19 01:55:52", "elapsed": 6306.478191, "delta": 0.005212}}
{"target": -17.672340351928966, "params": {"gamma": 48.55660855659005, "log10_alpha": 0.5664798901943673, "log10_colsample_bytree": -0.15111582206318375, "log10_eta": -2.1582961813301393, "log10_lambda": 0.8880096056538198, "log10_min_child_weight": 1.0572630273904637, "log10_subsample": -0.9125570132645464, "max_depth": 3.0, "num_boost_round": 29.0}, "datetime": {"datetime": "2024-01-19 01:55:52", "elapsed": 6306.483224, "delta": 0.005033}}
{"target": -17.672234928873326, "params": {"gamma": 48.55660855659005, "log10_alpha": 0.5664798901943673, "log10_colsample_bytree": -0.15111582206318375, "log10_eta": -2.1582961813301393, "log10_lambda": 0.8880096056538198, "log10_min_child_weight": 1.0572630273904637, "log10_subsample": -0.9125570132645464, "max_depth": 3.0, "num_boost_round": 30.0}, "datetime": {"datetime": "2024-01-19 01:55:52", "elapsed": 6306.488353, "delta": 0.005129}}
{"target": -17.672107963847623, "params": {"gamma": 48.55660855659005, "log10_alpha": 0.5664798901943673, "log10_colsample_bytree": -0.15111582206318375, "log10_eta": -2.1582961813301393, "log10_lambda": 0.8880096056538198, "log10_min_child_weight": 1.0572630273904637, "log10_subsample": -0.9125570132645464, "max_depth": 3.0, "num_boost_round": 31.0}, "datetime": {"datetime": "2024-01-19 01:55:52", "elapsed": 6306.49376, "delta": 0.005407}}
{"target": -17.672086949671964, "params": {"gamma": 48.55660855659005, "log10_alpha": 0.5664798901943673, "log10_colsample_bytree": -0.15111582206318375, "log10_eta": -2.1582961813301393, "log10_lambda": 0.8880096056538198, "log10_min_child_weight": 1.0572630273904637, "log10_subsample": -0.9125570132645464, "max_depth": 3.0, "num_boost_round": 32.0}, "datetime": {"datetime": "2024-01-19 01:55:52", "elapsed": 6306.498871, "delta": 0.005111}}
{"target": -17.672199993486537, "params": {"gamma": 48.55660855659005, "log10_alpha": 0.5664798901943673, "log10_colsample_bytree": -0.15111582206318375, "log10_eta": -2.1582961813301393, "log10_lambda": 0.8880096056538198, "log10_min_child_weight": 1.0572630273904637, "log10_subsample": -0.9125570132645464, "max_depth": 3.0, "num_boost_round": 33.0}, "datetime": {"datetime": "2024-01-19 01:55:52", "elapsed": 6306.503924, "delta": 0.005053}}
{"target": -17.672081523858175, "params": {"gamma": 48.55660855659005, "log10_alpha": 0.5664798901943673, "log10_colsample_bytree": -0.15111582206318375, "log10_eta": -2.1582961813301393, "log10_lambda": 0.8880096056538198, "log10_min_child_weight": 1.0572630273904637, "log10_subsample": -0.9125570132645464, "max_depth": 3.0, "num_boost_round": 34.0}, "datetime": {"datetime": "2024-01-19 01:55:52", "elapsed": 6306.509148, "delta": 0.005224}}
{"target": -17.672130067622383, "params": {"gamma": 48.55660855659005, "log10_alpha": 0.5664798901943673, "log10_colsample_bytree": -0.15111582206318375, "log10_eta": -2.1582961813301393, "log10_lambda": 0.8880096056538198, "log10_min_child_weight": 1.0572630273904637, "log10_subsample": -0.9125570132645464, "max_depth": 3.0, "num_boost_round": 35.0}, "datetime": {"datetime": "2024-01-19 01:55:52", "elapsed": 6306.51436, "delta": 0.005212}}
{"target": -17.671993034152603, "params": {"gamma": 48.55660855659005, "log10_alpha": 0.5664798901943673, "log10_colsample_bytree": -0.15111582206318375, "log10_eta": -2.1582961813301393, "log10_lambda": 0.8880096056538198, "log10_min_child_weight": 1.0572630273904637, "log10_subsample": -0.9125570132645464, "max_depth": 3.0, "num_boost_round": 36.0}, "datetime": {"datetime": "2024-01-19 01:55:52", "elapsed": 6306.520028, "delta": 0.005668}}
{"target": -17.671963614490064, "params": {"gamma": 48.55660855659005, "log10_alpha": 0.5664798901943673, "log10_colsample_bytree": -0.15111582206318375, "log10_eta": -2.1582961813301393, "log10_lambda": 0.8880096056538198, "log10_min_child_weight": 1.0572630273904637, "log10_subsample": -0.9125570132645464, "max_depth": 3.0, "num_boost_round": 37.0}, "datetime": {"datetime": "2024-01-19 01:55:52", "elapsed": 6306.525618, "delta": 0.00559}}
{"target": -17.67192253918435, "params": {"gamma": 48.55660855659005, "log10_alpha": 0.5664798901943673, "log10_colsample_bytree": -0.15111582206318375, "log10_eta": -2.1582961813301393, "log10_lambda": 0.8880096056538198, "log10_min_child_weight": 1.0572630273904637, "log10_subsample": -0.9125570132645464, "max_depth": 3.0, "num_boost_round": 38.0}, "datetime": {"datetime": "2024-01-19 01:55:52", "elapsed": 6306.531059, "delta": 0.005441}}
{"target": -17.67188613562296, "params": {"gamma": 48.55660855659005, "log10_alpha": 0.5664798901943673, "log10_colsample_bytree": -0.15111582206318375, "log10_eta": -2.1582961813301393, "log10_lambda": 0.8880096056538198, "log10_min_child_weight": 1.0572630273904637, "log10_subsample": -0.9125570132645464, "max_depth": 3.0, "num_boost_round": 39.0}, "datetime": {"datetime": "2024-01-19 01:55:52", "elapsed": 6306.536131, "delta": 0.005072}}
{"target": -17.671728712326868, "params": {"gamma": 48.55660855659005, "log10_alpha": 0.5664798901943673, "log10_colsample_bytree": -0.15111582206318375, "log10_eta": -2.1582961813301393, "log10_lambda": 0.8880096056538198, "log10_min_child_weight": 1.0572630273904637, "log10_subsample": -0.9125570132645464, "max_depth": 3.0, "num_boost_round": 40.0}, "datetime": {"datetime": "2024-01-19 01:55:52", "elapsed": 6306.541261, "delta": 0.00513}}
{"target": -17.671595894573002, "params": {"gamma": 48.55660855659005, "log10_alpha": 0.5664798901943673, "log10_colsample_bytree": -0.15111582206318375, "log10_eta": -2.1582961813301393, "log10_lambda": 0.8880096056538198, "log10_min_child_weight": 1.0572630273904637, "log10_subsample": -0.9125570132645464, "max_depth": 3.0, "num_boost_round": 41.0}, "datetime": {"datetime": "2024-01-19 01:55:52", "elapsed": 6306.546385, "delta": 0.005124}}
{"target": -17.671543842734074, "params": {"gamma": 48.55660855659005, "log10_alpha": 0.5664798901943673, "log10_colsample_bytree": -0.15111582206318375, "log10_eta": -2.1582961813301393, "log10_lambda": 0.8880096056538198, "log10_min_child_weight": 1.0572630273904637, "log10_subsample": -0.9125570132645464, "max_depth": 3.0, "num_boost_round": 42.0}, "datetime": {"datetime": "2024-01-19 01:55:52", "elapsed": 6306.551411, "delta": 0.005026}}
{"target": -17.671452057791427, "params": {"gamma": 48.55660855659005, "log10_alpha": 0.5664798901943673, "log10_colsample_bytree": -0.15111582206318375, "log10_eta": -2.1582961813301393, "log10_lambda": 0.8880096056538198, "log10_min_child_weight": 1.0572630273904637, "log10_subsample": -0.9125570132645464, "max_depth": 3.0, "num_boost_round": 43.0}, "datetime": {"datetime": "2024-01-19 01:55:52", "elapsed": 6306.556599, "delta": 0.005188}}
{"target": -17.671448364537625, "params": {"gamma": 48.55660855659005, "log10_alpha": 0.5664798901943673, "log10_colsample_bytree": -0.15111582206318375, "log10_eta": -2.1582961813301393, "log10_lambda": 0.8880096056538198, "log10_min_child_weight": 1.0572630273904637, "log10_subsample": -0.9125570132645464, "max_depth": 3.0, "num_boost_round": 44.0}, "datetime": {"datetime": "2024-01-19 01:55:52", "elapsed": 6306.561769, "delta": 0.00517}}
