{"target": -13.758133326690983, "params": {"gamma": 893.0264310510042, "log10_alpha": -2.9558074344303247, "log10_colsample_bytree": -0.2555341401138379, "log10_eta": -2.761641440402961, "log10_lambda": -1.2986171565228322, "log10_min_child_weight": 1.6299302681182608, "log10_subsample": -0.2609183564523673, "max_depth": 6.0, "num_boost_round": 15.0}, "datetime": {"datetime": "2024-01-19 00:22:37", "elapsed": 661.482929, "delta": 0.001275}}
{"target": -13.758086889791002, "params": {"gamma": 893.0264310510042, "log10_alpha": -2.9558074344303247, "log10_colsample_bytree": -0.2555341401138379, "log10_eta": -2.761641440402961, "log10_lambda": -1.2986171565228322, "log10_min_child_weight": 1.6299302681182608, "log10_subsample": -0.2609183564523673, "max_depth": 6.0, "num_boost_round": 16.0}, "datetime": {"datetime": "2024-01-19 00:22:37", "elapsed": 661.484213, "delta": 0.001284}}
{"target": -13.758112130545427, "params": {"gamma": 893.0264310510042, "log10_alpha": -2.9558074344303247, "log10_colsample_bytree": -0.2555341401138379, "log10_eta": -2.761641440402961, "log10_lambda": -1.2986171565228322, "log10_min_child_weight": 1.6299302681182608, "log10_subsample": -0.2609183564523673, "max_depth": 6.0, "num_boost_round": 17.0}, "datetime": {"datetime": "2024-01-19 00:22:37", "elapsed": 661.485481, "delta": 0.001268}}
{"target": -13.75814551698883, "params": {"gamma": 893.0264310510042, "log10_alpha": -2.9558074344303247, "log10_colsample_bytree": -0.2555341401138379, "log10_eta": -2.761641440402961, "log10_lambda": -1.2986171565228322, "log10_min_child_weight": 1.6299302681182608, "log10_subsample": -0.2609183564523673, "max_depth": 6.0, "num_boost_round": 18.0}, "datetime": {"datetime": "2024-01-19 00:22:37", "elapsed": 661.48675, "delta": 0.001269}}
{"target": -13.758527727867843, "params": {"gamma": 891.7866014108558, "log10_alpha": 0.5253593815643534, "log10_colsample_bytree": -0.45595385886281303, "log10_eta": -3.3205805812499483, "log10_lambda": -4.979270449190497, "log10_min_child_weight": 2.115153298734449, "log10_subsample": -0.6188969294763572, "max_depth": 7.0, "num_boost_round": 0.0}, "datetime": {"datetime": "2024-01-19 00:23:05", "elapsed": 689.930359, "delta": 28.443609}}
{"target": -13.75851500807699, "params": {"gamma": 891.7866014108558, "log10_alpha": 0.5253593815643534, "log10_colsample_bytree": -0.45595385886281303, "log10_eta": -3.3205805812499483, "log10_lambda": -4.979270449190497, "log10_min_child_weight": 2.115153298734449, "log10_subsample": -0.6188969294763572, "max_depth": 7.0, "num_boost_round": 1.0}, "datetime": {"datetime": "2024-01-19 00:23:05", "elapsed": 689.932538, "delta": 0.002179}}
{"target": -13.758495186178546, "params": {"gamma": 891.7866014108558, "log10_alpha": 0.5253593815643534, "log10_colsample_bytree": -0.45595385886281303, "log10_eta": -3.3205805812499483, "log10_lambda": -4.979270449190497, "log10_min_child_weight": 2.115153298734449, "log10_subsample": -0.6188969294763572, "max_depth": 7.0, "num_boost_round": 2.0}, "datetime": {"datetime": "2024-01-19 00:23:05", "elapsed": 689.934046, "delta": 0.001508}}
{"target": -13.758491189966508, "params": {"gamma": 891.7866014108558, "log10_alpha": 0.5253593815643534, "log10_colsample_bytree": -0.45595385886281303, "log10_eta": -3.3205805812499483, "log10_lambda": -4.979270449190497, "log10_min_child_weight": 2.115153298734449, "log10_subsample": -0.6188969294763572, "max_depth": 7.0, "num_boost_round": 3.0}, "datetime": {"datetime": "2024-01-19 00:23:05", "elapsed": 689.936137, "delta": 0.002091}}
{"target": -13.758477605056756, "params": {"gamma": 891.7866014108558, "log10_alpha": 0.5253593815643534, "log10_colsample_bytree": -0.45595385886281303, "log10_eta": -3.3205805812499483, "log10_lambda": -4.979270449190497, "log10_min_child_weight": 2.115153298734449, "log10_subsample": -0.6188969294763572, "max_depth": 7.0, "num_boost_round": 4.0}, "datetime": {"datetime": "2024-01-19 00:23:05", "elapsed": 689.937609, "delta": 0.001472}}
{"target": -13.758462694374558, "params": {"gamma": 891.7866014108558, "log10_alpha": 0.5253593815643534, "log10_colsample_bytree": -0.45595385886281303, "log10_eta": -3.3205805812499483, "log10_lambda": -4.979270449190497, "log10_min_child_weight": 2.115153298734449, "log10_subsample": -0.6188969294763572, "max_depth": 7.0, "num_boost_round": 5.0}, "datetime": {"datetime": "2024-01-19 00:23:05", "elapsed": 689.939007, "delta": 0.001398}}
{"target": -13.758461262075249, "params": {"gamma": 891.7866014108558, "log10_alpha": 0.5253593815643534, "log10_colsample_bytree": -0.45595385886281303, "log10_eta": -3.3205805812499483, "log10_lambda": -4.979270449190497, "log10_min_child_weight": 2.115153298734449, "log10_subsample": -0.6188969294763572, "max_depth": 7.0, "num_boost_round": 6.0}, "datetime": {"datetime": "2024-01-19 00:23:05", "elapsed": 689.9403, "delta": 0.001293}}
{"target": -13.758453216764535, "params": {"gamma": 891.7866014108558, "log10_alpha": 0.5253593815643534, "log10_colsample_bytree": -0.45595385886281303, "log10_eta": -3.3205805812499483, "log10_lambda": -4.979270449190497, "log10_min_child_weight": 2.115153298734449, "log10_subsample": -0.6188969294763572, "max_depth": 7.0, "num_boost_round": 7.0}, "datetime": {"datetime": "2024-01-19 00:23:05", "elapsed": 689.941599, "delta": 0.001299}}
{"target": -13.758434094245878, "params": {"gamma": 891.7866014108558, "log10_alpha": 0.5253593815643534, "log10_colsample_bytree": -0.45595385886281303, "log10_eta": -3.3205805812499483, "log10_lambda": -4.979270449190497, "log10_min_child_weight": 2.115153298734449, "log10_subsample": -0.6188969294763572, "max_depth": 7.0, "num_boost_round": 8.0}, "datetime": {"datetime": "2024-01-19 00:23:05", "elapsed": 689.942885, "delta": 0.001286}}
{"target": -13.758428141551507, "params": {"gamma": 891.7866014108558, "log10_alpha": 0.5253593815643534, "log10_colsample_bytree": -0.45595385886281303, "log10_eta": -3.3205805812499483, "log10_lambda": -4.979270449190497, "log10_min_child_weight": 2.115153298734449, "log10_subsample": -0.6188969294763572, "max_depth": 7.0, "num_boost_round": 9.0}, "datetime": {"datetime": "2024-01-19 00:23:05", "elapsed": 689.944183, "delta": 0.001298}}
{"target": -13.758400420142793, "params": {"gamma": 891.7866014108558, "log10_alpha": 0.5253593815643534, "log10_colsample_bytree": -0.45595385886281303, "log10_eta": -3.3205805812499483, "log10_lambda": -4.979270449190497, "log10_min_child_weight": 2.115153298734449, "log10_subsample": -0.6188969294763572, "max_depth": 7.0, "num_boost_round": 10.0}, "datetime": {"datetime": "2024-01-19 00:23:05", "elapsed": 689.945477, "delta": 0.001294}}
{"target": -13.758388856369182, "params": {"gamma": 891.7866014108558, "log10_alpha": 0.5253593815643534, "log10_colsample_bytree": -0.45595385886281303, "log10_eta": -3.3205805812499483, "log10_lambda": -4.979270449190497, "log10_min_child_weight": 2.115153298734449, "log10_subsample": -0.6188969294763572, "max_depth": 7.0, "num_boost_round": 11.0}, "datetime": {"datetime": "2024-01-19 00:23:05", "elapsed": 689.946835, "delta": 0.001358}}
{"target": -13.758395446426011, "params": {"gamma": 891.7866014108558, "log10_alpha": 0.5253593815643534, "log10_colsample_bytree": -0.45595385886281303, "log10_eta": -3.3205805812499483, "log10_lambda": -4.979270449190497, "log10_min_child_weight": 2.115153298734449, "log10_subsample": -0.6188969294763572, "max_depth": 7.0, "num_boost_round": 12.0}, "datetime": {"datetime": "2024-01-19 00:23:05", "elapsed": 689.948187, "delta": 0.001352}}
{"target": -13.758388926874517, "params": {"gamma": 891.7866014108558, "log10_alpha": 0.5253593815643534, "log10_colsample_bytree": -0.45595385886281303, "log10_eta": -3.3205805812499483, "log10_lambda": -4.979270449190497, "log10_min_child_weight": 2.115153298734449, "log10_subsample": -0.6188969294763572, "max_depth": 7.0, "num_boost_round": 13.0}, "datetime": {"datetime": "2024-01-19 00:23:05", "elapsed": 689.949515, "delta": 0.001328}}
{"target": -13.75837904187668, "params": {"gamma": 891.7866014108558, "log10_alpha": 0.5253593815643534, "log10_colsample_bytree": -0.45595385886281303, "log10_eta": -3.3205805812499483, "log10_lambda": -4.979270449190497, "log10_min_child_weight": 2.115153298734449, "log10_subsample": -0.6188969294763572, "max_depth": 7.0, "num_boost_round": 14.0}, "datetime": {"datetime": "2024-01-19 00:23:05", "elapsed": 689.950857, "delta": 0.001342}}
{"target": -13.758360220566082, "params": {"gamma": 891.7866014108558, "log10_alpha": 0.5253593815643534, "log10_colsample_bytree": -0.45595385886281303, "log10_eta": -3.3205805812499483, "log10_lambda": -4.979270449190497, "log10_min_child_weight": 2.115153298734449, "log10_subsample": -0.6188969294763572, "max_depth": 7.0, "num_boost_round": 15.0}, "datetime": {"datetime": "2024-01-19 00:23:05", "elapsed": 689.952205, "delta": 0.001348}}
{"target": -13.758340232306793, "params": {"gamma": 891.7866014108558, "log10_alpha": 0.5253593815643534, "log10_colsample_bytree": -0.45595385886281303, "log10_eta": -3.3205805812499483, "log10_lambda": -4.979270449190497, "log10_min_child_weight": 2.115153298734449, "log10_subsample": -0.6188969294763572, "max_depth": 7.0, "num_boost_round": 16.0}, "datetime": {"datetime": "2024-01-19 00:23:05", "elapsed": 689.953517, "delta": 0.001312}}
{"target": -13.758353440800313, "params": {"gamma": 891.7866014108558, "log10_alpha": 0.5253593815643534, "log10_colsample_bytree": -0.45595385886281303, "log10_eta": -3.3205805812499483, "log10_lambda": -4.979270449190497, "log10_min_child_weight": 2.115153298734449, "log10_subsample": -0.6188969294763572, "max_depth": 7.0, "num_boost_round": 17.0}, "datetime": {"datetime": "2024-01-19 00:23:05", "elapsed": 689.95488, "delta": 0.001363}}
{"target": -13.758350904176014, "params": {"gamma": 891.7866014108558, "log10_alpha": 0.5253593815643534, "log10_colsample_bytree": -0.45595385886281303, "log10_eta": -3.3205805812499483, "log10_lambda": -4.979270449190497, "log10_min_child_weight": 2.115153298734449, "log10_subsample": -0.6188969294763572, "max_depth": 7.0, "num_boost_round": 18.0}, "datetime": {"datetime": "2024-01-19 00:23:05", "elapsed": 689.956229, "delta": 0.001349}}
{"target": -13.758348289392758, "params": {"gamma": 891.7866014108558, "log10_alpha": 0.5253593815643534, "log10_colsample_bytree": -0.45595385886281303, "log10_eta": -3.3205805812499483, "log10_lambda": -4.979270449190497, "log10_min_child_weight": 2.115153298734449, "log10_subsample": -0.6188969294763572, "max_depth": 7.0, "num_boost_round": 19.0}, "datetime": {"datetime": "2024-01-19 00:23:05", "elapsed": 689.957578, "delta": 0.001349}}
{"target": -13.758324238413518, "params": {"gamma": 891.7866014108558, "log10_alpha": 0.5253593815643534, "log10_colsample_bytree": -0.45595385886281303, "log10_eta": -3.3205805812499483, "log10_lambda": -4.979270449190497, "log10_min_child_weight": 2.115153298734449, "log10_subsample": -0.6188969294763572, "max_depth": 7.0, "num_boost_round": 20.0}, "datetime": {"datetime": "2024-01-19 00:23:05", "elapsed": 689.958917, "delta": 0.001339}}
{"target": -13.758307212353506, "params": {"gamma": 891.7866014108558, "log10_alpha": 0.5253593815643534, "log10_colsample_bytree": -0.45595385886281303, "log10_eta": -3.3205805812499483, "log10_lambda": -4.979270449190497, "log10_min_child_weight": 2.115153298734449, "log10_subsample": -0.6188969294763572, "max_depth": 7.0, "num_boost_round": 21.0}, "datetime": {"datetime": "2024-01-19 00:23:05", "elapsed": 689.960244, "delta": 0.001327}}
{"target": -13.758269265051817, "params": {"gamma": 891.7866014108558, "log10_alpha": 0.5253593815643534, "log10_colsample_bytree": -0.45595385886281303, "log10_eta": -3.3205805812499483, "log10_lambda": -4.979270449190497, "log10_min_child_weight": 2.115153298734449, "log10_subsample": -0.6188969294763572, "max_depth": 7.0, "num_boost_round": 22.0}, "datetime": {"datetime": "2024-01-19 00:23:05", "elapsed": 689.961582, "delta": 0.001338}}
{"target": -13.758267451816566, "params": {"gamma": 891.7866014108558, "log10_alpha": 0.5253593815643534, "log10_colsample_bytree": -0.45595385886281303, "log10_eta": -3.3205805812499483, "log10_lambda": -4.979270449190497, "log10_min_child_weight": 2.115153298734449, "log10_subsample": -0.6188969294763572, "max_depth": 7.0, "num_boost_round": 23.0}, "datetime": {"datetime": "2024-01-19 00:23:05", "elapsed": 689.96293, "delta": 0.001348}}
{"target": -13.758256246392959, "params": {"gamma": 891.7866014108558, "log10_alpha": 0.5253593815643534, "log10_colsample_bytree": -0.45595385886281303, "log10_eta": -3.3205805812499483, "log10_lambda": -4.979270449190497, "log10_min_child_weight": 2.115153298734449, "log10_subsample": -0.6188969294763572, "max_depth": 7.0, "num_boost_round": 24.0}, "datetime": {"datetime": "2024-01-19 00:23:05", "elapsed": 689.964273, "delta": 0.001343}}
{"target": -13.758264870662327, "params": {"gamma": 891.7866014108558, "log10_alpha": 0.5253593815643534, "log10_colsample_bytree": -0.45595385886281303, "log10_eta": -3.3205805812499483, "log10_lambda": -4.979270449190497, "log10_min_child_weight": 2.115153298734449, "log10_subsample": -0.6188969294763572, "max_depth": 7.0, "num_boost_round": 25.0}, "datetime": {"datetime": "2024-01-19 00:23:05", "elapsed": 689.965623, "delta": 0.00135}}
{"target": -13.758247093202938, "params": {"gamma": 891.7866014108558, "log10_alpha": 0.5253593815643534, "log10_colsample_bytree": -0.45595385886281303, "log10_eta": -3.3205805812499483, "log10_lambda": -4.979270449190497, "log10_min_child_weight": 2.115153298734449, "log10_subsample": -0.6188969294763572, "max_depth": 7.0, "num_boost_round": 26.0}, "datetime": {"datetime": "2024-01-19 00:23:05", "elapsed": 689.966997, "delta": 0.001374}}
{"target": -13.758240471002972, "params": {"gamma": 891.7866014108558, "log10_alpha": 0.5253593815643534, "log10_colsample_bytree": -0.45595385886281303, "log10_eta": -3.3205805812499483, "log10_lambda": -4.979270449190497, "log10_min_child_weight": 2.115153298734449, "log10_subsample": -0.6188969294763572, "max_depth": 7.0, "num_boost_round": 27.0}, "datetime": {"datetime": "2024-01-19 00:23:05", "elapsed": 689.968322, "delta": 0.001325}}
{"target": -13.758220615127923, "params": {"gamma": 891.7866014108558, "log10_alpha": 0.5253593815643534, "log10_colsample_bytree": -0.45595385886281303, "log10_eta": -3.3205805812499483, "log10_lambda": -4.979270449190497, "log10_min_child_weight": 2.115153298734449, "log10_subsample": -0.6188969294763572, "max_depth": 7.0, "num_boost_round": 28.0}, "datetime": {"datetime": "2024-01-19 00:23:05", "elapsed": 689.969662, "delta": 0.00134}}
{"target": -13.758183656513781, "params": {"gamma": 891.7866014108558, "log10_alpha": 0.5253593815643534, "log10_colsample_bytree": -0.45595385886281303, "log10_eta": -3.3205805812499483, "log10_lambda": -4.979270449190497, "log10_min_child_weight": 2.115153298734449, "log10_subsample": -0.6188969294763572, "max_depth": 7.0, "num_boost_round": 29.0}, "datetime": {"datetime": "2024-01-19 00:23:05", "elapsed": 689.971007, "delta": 0.001345}}
{"target": -13.758181675484664, "params": {"gamma": 891.7866014108558, "log10_alpha": 0.5253593815643534, "log10_colsample_bytree": -0.45595385886281303, "log10_eta": -3.3205805812499483, "log10_lambda": -4.979270449190497, "log10_min_child_weight": 2.115153298734449, "log10_subsample": -0.6188969294763572, "max_depth": 7.0, "num_boost_round": 30.0}, "datetime": {"datetime": "2024-01-19 00:23:05", "elapsed": 689.972364, "delta": 0.001357}}
{"target": -13.758169517609376, "params": {"gamma": 891.7866014108558, "log10_alpha": 0.5253593815643534, "log10_colsample_bytree": -0.45595385886281303, "log10_eta": -3.3205805812499483, "log10_lambda": -4.979270449190497, "log10_min_child_weight": 2.115153298734449, "log10_subsample": -0.6188969294763572, "max_depth": 7.0, "num_boost_round": 31.0}, "datetime": {"datetime": "2024-01-19 00:23:05", "elapsed": 689.97373, "delta": 0.001366}}
{"target": -13.758527891914275, "params": {"gamma": 890.7015775801104, "log10_alpha": -3.187732400578867, "log10_colsample_bytree": -0.8193462048693988, "log10_eta": -3.6658579400803886, "log10_lambda": -4.787583175959413, "log10_min_child_weight": 0.4949498537355129, "log10_subsample": -0.9027288846066772, "max_depth": 9.0, "num_boost_round": 0.0}, "datetime": {"datetime": "2024-01-19 00:23:56", "elapsed": 741.280692, "delta": 51.306962}}
{"target": -13.758515787682603, "params": {"gamma": 890.7015775801104, "log10_alpha": -3.187732400578867, "log10_colsample_bytree": -0.8193462048693988, "log10_eta": -3.6658579400803886, "log10_lambda": -4.787583175959413, "log10_min_child_weight": 0.4949498537355129, "log10_subsample": -0.9027288846066772, "max_depth": 9.0, "num_boost_round": 1.0}, "datetime": {"datetime": "2024-01-19 00:23:56", "elapsed": 741.28258, "delta": 0.001888}}
{"target": -13.758495425154171, "params": {"gamma": 890.7015775801104, "log10_alpha": -3.187732400578867, "log10_colsample_bytree": -0.8193462048693988, "log10_eta": -3.6658579400803886, "log10_lambda": -4.787583175959413, "log10_min_child_weight": 0.4949498537355129, "log10_subsample": -0.9027288846066772, "max_depth": 9.0, "num_boost_round": 2.0}, "datetime": {"datetime": "2024-01-19 00:23:56", "elapsed": 741.284238, "delta": 0.001658}}
{"target": -13.758493307287013, "params": {"gamma": 890.7015775801104, "log10_alpha": -3.187732400578867, "log10_colsample_bytree": -0.8193462048693988, "log10_eta": -3.6658579400803886, "log10_lambda": -4.787583175959413, "log10_min_child_weight": 0.4949498537355129, "log10_subsample": -0.9027288846066772, "max_depth": 9.0, "num_boost_round": 3.0}, "datetime": {"datetime": "2024-01-19 00:23:56", "elapsed": 741.285741, "delta": 0.001503}}
{"target": -13.758474278667475, "params": {"gamma": 890.7015775801104, "log10_alpha": -3.187732400578867, "log10_colsample_bytree": -0.8193462048693988, "log10_eta": -3.6658579400803886, "log10_lambda": -4.787583175959413, "log10_min_child_weight": 0.4949498537355129, "log10_subsample": -0.9027288846066772, "max_depth": 9.0, "num_boost_round": 4.0}, "datetime": {"datetime": "2024-01-19 00:23:56", "elapsed": 741.287091, "delta": 0.00135}}
{"target": -13.758468102373136, "params": {"gamma": 890.7015775801104, "log10_alpha": -3.187732400578867, "log10_colsample_bytree": -0.8193462048693988, "log10_eta": -3.6658579400803886, "log10_lambda": -4.787583175959413, "log10_min_child_weight": 0.4949498537355129, "log10_subsample": -0.9027288846066772, "max_depth": 9.0, "num_boost_round": 5.0}, "datetime": {"datetime": "2024-01-19 00:23:56", "elapsed": 741.288608, "delta": 0.001517}}
{"target": -13.758469329653794, "params": {"gamma": 890.7015775801104, "log10_alpha": -3.187732400578867, "log10_colsample_bytree": -0.8193462048693988, "log10_eta": -3.6658579400803886, "log10_lambda": -4.787583175959413, "log10_min_child_weight": 0.4949498537355129, "log10_subsample": -0.9027288846066772, "max_depth": 9.0, "num_boost_round": 6.0}, "datetime": {"datetime": "2024-01-19 00:23:56", "elapsed": 741.290057, "delta": 0.001449}}
{"target": -13.758455812903936, "params": {"gamma": 890.7015775801104, "log10_alpha": -3.187732400578867, "log10_colsample_bytree": -0.8193462048693988, "log10_eta": -3.6658579400803886, "log10_lambda": -4.787583175959413, "log10_min_child_weight": 0.4949498537355129, "log10_subsample": -0.9027288846066772, "max_depth": 9.0, "num_boost_round": 7.0}, "datetime": {"datetime": "2024-01-19 00:23:56", "elapsed": 741.291416, "delta": 0.001359}}
{"target": -13.75845610286689, "params": {"gamma": 890.7015775801104, "log10_alpha": -3.187732400578867, "log10_colsample_bytree": -0.8193462048693988, "log10_eta": -3.6658579400803886, "log10_lambda": -4.787583175959413, "log10_min_child_weight": 0.4949498537355129, "log10_subsample": -0.9027288846066772, "max_depth": 9.0, "num_boost_round": 8.0}, "datetime": {"datetime": "2024-01-19 00:23:56", "elapsed": 741.292878, "delta": 0.001462}}
{"target": -13.758453504168221, "params": {"gamma": 890.7015775801104, "log10_alpha": -3.187732400578867, "log10_colsample_bytree": -0.8193462048693988, "log10_eta": -3.6658579400803886, "log10_lambda": -4.787583175959413, "log10_min_child_weight": 0.4949498537355129, "log10_subsample": -0.9027288846066772, "max_depth": 9.0, "num_boost_round": 9.0}, "datetime": {"datetime": "2024-01-19 00:23:56", "elapsed": 741.294223, "delta": 0.001345}}
{"target": -13.758454632279951, "params": {"gamma": 890.7015775801104, "log10_alpha": -3.187732400578867, "log10_colsample_bytree": -0.8193462048693988, "log10_eta": -3.6658579400803886, "log10_lambda": -4.787583175959413, "log10_min_child_weight": 0.4949498537355129, "log10_subsample": -0.9027288846066772, "max_depth": 9.0, "num_boost_round": 10.0}, "datetime": {"datetime": "2024-01-19 00:23:56", "elapsed": 741.295559, "delta": 0.001336}}
{"target": -13.75845840937738, "params": {"gamma": 890.7015775801104, "log10_alpha": -3.187732400578867, "log10_colsample_bytree": -0.8193462048693988, "log10_eta": -3.6658579400803886, "log10_lambda": -4.787583175959413, "log10_min_child_weight": 0.4949498537355129, "log10_subsample": -0.9027288846066772, "max_depth": 9.0, "num_boost_round": 11.0}, "datetime": {"datetime": "2024-01-19 00:23:56", "elapsed": 741.296925, "delta": 0.001366}}
{"target": -13.758458043296478, "params": {"gamma": 890.7015775801104, "log10_alpha": -3.187732400578867, "log10_colsample_bytree": -0.8193462048693988, "log10_eta": -3.6658579400803886, "log10_lambda": -4.787583175959413, "log10_min_child_weight": 0.4949498537355129, "log10_subsample": -0.9027288846066772, "max_depth": 9.0, "num_boost_round": 12.0}, "datetime": {"datetime": "2024-01-19 00:23:56", "elapsed": 741.298269, "delta": 0.001344}}
