{"target": -17.67637900606676, "params": {"gamma": 876.8861833024077, "log10_alpha": -0.5687817456983737, "log10_colsample_bytree": -0.732802445051396, "log10_eta": -2.3468050441383896, "log10_lambda": -4.359459681626036, "log10_min_child_weight": 0.3458209298748882, "log10_subsample": -0.8557530971388575, "max_depth": 6.0, "num_boost_round": 2.0}, "datetime": {"datetime": "2024-01-19 00:15:24", "elapsed": 204.903447, "delta": 0.000541}}
{"target": -17.676012303790504, "params": {"gamma": 876.8861833024077, "log10_alpha": -0.5687817456983737, "log10_colsample_bytree": -0.732802445051396, "log10_eta": -2.3468050441383896, "log10_lambda": -4.359459681626036, "log10_min_child_weight": 0.3458209298748882, "log10_subsample": -0.8557530971388575, "max_depth": 6.0, "num_boost_round": 3.0}, "datetime": {"datetime": "2024-01-19 00:15:24", "elapsed": 204.904068, "delta": 0.000621}}
{"target": -17.6757481293362, "params": {"gamma": 876.8861833024077, "log10_alpha": -0.5687817456983737, "log10_colsample_bytree": -0.732802445051396, "log10_eta": -2.3468050441383896, "log10_lambda": -4.359459681626036, "log10_min_child_weight": 0.3458209298748882, "log10_subsample": -0.8557530971388575, "max_depth": 6.0, "num_boost_round": 4.0}, "datetime": {"datetime": "2024-01-19 00:15:24", "elapsed": 204.904558, "delta": 0.00049}}
{"target": -17.6756229474529, "params": {"gamma": 876.8861833024077, "log10_alpha": -0.5687817456983737, "log10_colsample_bytree": -0.732802445051396, "log10_eta": -2.3468050441383896, "log10_lambda": -4.359459681626036, "log10_min_child_weight": 0.3458209298748882, "log10_subsample": -0.8557530971388575, "max_depth": 6.0, "num_boost_round": 5.0}, "datetime": {"datetime": "2024-01-19 00:15:24", "elapsed": 204.905047, "delta": 0.000489}}
{"target": -17.675500799999334, "params": {"gamma": 876.8861833024077, "log10_alpha": -0.5687817456983737, "log10_colsample_bytree": -0.732802445051396, "log10_eta": -2.3468050441383896, "log10_lambda": -4.359459681626036, "log10_min_child_weight": 0.3458209298748882, "log10_subsample": -0.8557530971388575, "max_depth": 6.0, "num_boost_round": 6.0}, "datetime": {"datetime": "2024-01-19 00:15:24", "elapsed": 204.905547, "delta": 0.0005}}
{"target": -17.675305778779652, "params": {"gamma": 876.8861833024077, "log10_alpha": -0.5687817456983737, "log10_colsample_bytree": -0.732802445051396, "log10_eta": -2.3468050441383896, "log10_lambda": -4.359459681626036, "log10_min_child_weight": 0.3458209298748882, "log10_subsample": -0.8557530971388575, "max_depth": 6.0, "num_boost_round": 7.0}, "datetime": {"datetime": "2024-01-19 00:15:24", "elapsed": 204.906098, "delta": 0.000551}}
{"target": -17.675196753445, "params": {"gamma": 876.8861833024077, "log10_alpha": -0.5687817456983737, "log10_colsample_bytree": -0.732802445051396, "log10_eta": -2.3468050441383896, "log10_lambda": -4.359459681626036, "log10_min_child_weight": 0.3458209298748882, "log10_subsample": -0.8557530971388575, "max_depth": 6.0, "num_boost_round": 8.0}, "datetime": {"datetime": "2024-01-19 00:15:24", "elapsed": 204.906597, "delta": 0.000499}}
{"target": -17.674938439000414, "params": {"gamma": 876.8861833024077, "log10_alpha": -0.5687817456983737, "log10_colsample_bytree": -0.732802445051396, "log10_eta": -2.3468050441383896, "log10_lambda": -4.359459681626036, "log10_min_child_weight": 0.3458209298748882, "log10_subsample": -0.8557530971388575, "max_depth": 6.0, "num_boost_round": 9.0}, "datetime": {"datetime": "2024-01-19 00:15:24", "elapsed": 204.907087, "delta": 0.00049}}
{"target": -17.6744168106277, "params": {"gamma": 876.8861833024077, "log10_alpha": -0.5687817456983737, "log10_colsample_bytree": -0.732802445051396, "log10_eta": -2.3468050441383896, "log10_lambda": -4.359459681626036, "log10_min_child_weight": 0.3458209298748882, "log10_subsample": -0.8557530971388575, "max_depth": 6.0, "num_boost_round": 10.0}, "datetime": {"datetime": "2024-01-19 00:15:24", "elapsed": 204.9076, "delta": 0.000513}}
{"target": -17.67436135669409, "params": {"gamma": 876.8861833024077, "log10_alpha": -0.5687817456983737, "log10_colsample_bytree": -0.732802445051396, "log10_eta": -2.3468050441383896, "log10_lambda": -4.359459681626036, "log10_min_child_weight": 0.3458209298748882, "log10_subsample": -0.8557530971388575, "max_depth": 6.0, "num_boost_round": 11.0}, "datetime": {"datetime": "2024-01-19 00:15:24", "elapsed": 204.908104, "delta": 0.000504}}
{"target": -17.674184361955003, "params": {"gamma": 876.8861833024077, "log10_alpha": -0.5687817456983737, "log10_colsample_bytree": -0.732802445051396, "log10_eta": -2.3468050441383896, "log10_lambda": -4.359459681626036, "log10_min_child_weight": 0.3458209298748882, "log10_subsample": -0.8557530971388575, "max_depth": 6.0, "num_boost_round": 12.0}, "datetime": {"datetime": "2024-01-19 00:15:24", "elapsed": 204.908614, "delta": 0.00051}}
{"target": -17.67393034678689, "params": {"gamma": 876.8861833024077, "log10_alpha": -0.5687817456983737, "log10_colsample_bytree": -0.732802445051396, "log10_eta": -2.3468050441383896, "log10_lambda": -4.359459681626036, "log10_min_child_weight": 0.3458209298748882, "log10_subsample": -0.8557530971388575, "max_depth": 6.0, "num_boost_round": 13.0}, "datetime": {"datetime": "2024-01-19 00:15:24", "elapsed": 204.909106, "delta": 0.000492}}
{"target": -17.67386395413336, "params": {"gamma": 876.8861833024077, "log10_alpha": -0.5687817456983737, "log10_colsample_bytree": -0.732802445051396, "log10_eta": -2.3468050441383896, "log10_lambda": -4.359459681626036, "log10_min_child_weight": 0.3458209298748882, "log10_subsample": -0.8557530971388575, "max_depth": 6.0, "num_boost_round": 14.0}, "datetime": {"datetime": "2024-01-19 00:15:24", "elapsed": 204.909607, "delta": 0.000501}}
{"target": -17.673711360196016, "params": {"gamma": 876.8861833024077, "log10_alpha": -0.5687817456983737, "log10_colsample_bytree": -0.732802445051396, "log10_eta": -2.3468050441383896, "log10_lambda": -4.359459681626036, "log10_min_child_weight": 0.3458209298748882, "log10_subsample": -0.8557530971388575, "max_depth": 6.0, "num_boost_round": 15.0}, "datetime": {"datetime": "2024-01-19 00:15:24", "elapsed": 204.910101, "delta": 0.000494}}
{"target": -17.673914745848474, "params": {"gamma": 874.8581007229643, "log10_alpha": -1.7753439227179428, "log10_colsample_bytree": -0.6794403672367852, "log10_eta": -0.6133514709447168, "log10_lambda": -0.5272885819818605, "log10_min_child_weight": 3.8135695404226504, "log10_subsample": -0.2629255407291453, "max_depth": 9.0, "num_boost_round": 0.0}, "datetime": {"datetime": "2024-01-19 00:15:47", "elapsed": 228.195871, "delta": 23.28577}}
{"target": -17.67039806332621, "params": {"gamma": 874.8581007229643, "log10_alpha": -1.7753439227179428, "log10_colsample_bytree": -0.6794403672367852, "log10_eta": -0.6133514709447168, "log10_lambda": -0.5272885819818605, "log10_min_child_weight": 3.8135695404226504, "log10_subsample": -0.2629255407291453, "max_depth": 9.0, "num_boost_round": 1.0}, "datetime": {"datetime": "2024-01-19 00:15:47", "elapsed": 228.19719, "delta": 0.001319}}
{"target": -17.674318705232743, "params": {"gamma": 874.8581007229643, "log10_alpha": -1.7753439227179428, "log10_colsample_bytree": -0.6794403672367852, "log10_eta": -0.6133514709447168, "log10_lambda": -0.5272885819818605, "log10_min_child_weight": 3.8135695404226504, "log10_subsample": -0.2629255407291453, "max_depth": 9.0, "num_boost_round": 2.0}, "datetime": {"datetime": "2024-01-19 00:15:47", "elapsed": 228.197757, "delta": 0.000567}}
{"target": -17.686972770749733, "params": {"gamma": 874.8581007229643, "log10_alpha": -1.7753439227179428, "log10_colsample_bytree": -0.6794403672367852, "log10_eta": -0.6133514709447168, "log10_lambda": -0.5272885819818605, "log10_min_child_weight": 3.8135695404226504, "log10_subsample": -0.2629255407291453, "max_depth": 9.0, "num_boost_round": 3.0}, "datetime": {"datetime": "2024-01-19 00:15:47", "elapsed": 228.198273, "delta": 0.000516}}
{"target": -17.692234449216247, "params": {"gamma": 874.8581007229643, "log10_alpha": -1.7753439227179428, "log10_colsample_bytree": -0.6794403672367852, "log10_eta": -0.6133514709447168, "log10_lambda": -0.5272885819818605, "log10_min_child_weight": 3.8135695404226504, "log10_subsample": -0.2629255407291453, "max_depth": 9.0, "num_boost_round": 4.0}, "datetime": {"datetime": "2024-01-19 00:15:47", "elapsed": 228.198802, "delta": 0.000529}}
{"target": -17.70933214210123, "params": {"gamma": 874.8581007229643, "log10_alpha": -1.7753439227179428, "log10_colsample_bytree": -0.6794403672367852, "log10_eta": -0.6133514709447168, "log10_lambda": -0.5272885819818605, "log10_min_child_weight": 3.8135695404226504, "log10_subsample": -0.2629255407291453, "max_depth": 9.0, "num_boost_round": 5.0}, "datetime": {"datetime": "2024-01-19 00:15:47", "elapsed": 228.199319, "delta": 0.000517}}
{"target": -17.720503584916962, "params": {"gamma": 874.8581007229643, "log10_alpha": -1.7753439227179428, "log10_colsample_bytree": -0.6794403672367852, "log10_eta": -0.6133514709447168, "log10_lambda": -0.5272885819818605, "log10_min_child_weight": 3.8135695404226504, "log10_subsample": -0.2629255407291453, "max_depth": 9.0, "num_boost_round": 6.0}, "datetime": {"datetime": "2024-01-19 00:15:47", "elapsed": 228.199837, "delta": 0.000518}}
{"target": -17.72619177773883, "params": {"gamma": 874.8581007229643, "log10_alpha": -1.7753439227179428, "log10_colsample_bytree": -0.6794403672367852, "log10_eta": -0.6133514709447168, "log10_lambda": -0.5272885819818605, "log10_min_child_weight": 3.8135695404226504, "log10_subsample": -0.2629255407291453, "max_depth": 9.0, "num_boost_round": 7.0}, "datetime": {"datetime": "2024-01-19 00:15:47", "elapsed": 228.200557, "delta": 0.00072}}
{"target": -17.732303881012395, "params": {"gamma": 874.8581007229643, "log10_alpha": -1.7753439227179428, "log10_colsample_bytree": -0.6794403672367852, "log10_eta": -0.6133514709447168, "log10_lambda": -0.5272885819818605, "log10_min_child_weight": 3.8135695404226504, "log10_subsample": -0.2629255407291453, "max_depth": 9.0, "num_boost_round": 8.0}, "datetime": {"datetime": "2024-01-19 00:15:47", "elapsed": 228.20108, "delta": 0.000523}}
{"target": -17.73439890733219, "params": {"gamma": 874.8581007229643, "log10_alpha": -1.7753439227179428, "log10_colsample_bytree": -0.6794403672367852, "log10_eta": -0.6133514709447168, "log10_lambda": -0.5272885819818605, "log10_min_child_weight": 3.8135695404226504, "log10_subsample": -0.2629255407291453, "max_depth": 9.0, "num_boost_round": 9.0}, "datetime": {"datetime": "2024-01-19 00:15:47", "elapsed": 228.201604, "delta": 0.000524}}
{"target": -17.740568077473007, "params": {"gamma": 874.8581007229643, "log10_alpha": -1.7753439227179428, "log10_colsample_bytree": -0.6794403672367852, "log10_eta": -0.6133514709447168, "log10_lambda": -0.5272885819818605, "log10_min_child_weight": 3.8135695404226504, "log10_subsample": -0.2629255407291453, "max_depth": 9.0, "num_boost_round": 10.0}, "datetime": {"datetime": "2024-01-19 00:15:47", "elapsed": 228.202122, "delta": 0.000518}}
{"target": -17.751462424553424, "params": {"gamma": 874.8581007229643, "log10_alpha": -1.7753439227179428, "log10_colsample_bytree": -0.6794403672367852, "log10_eta": -0.6133514709447168, "log10_lambda": -0.5272885819818605, "log10_min_child_weight": 3.8135695404226504, "log10_subsample": -0.2629255407291453, "max_depth": 9.0, "num_boost_round": 11.0}, "datetime": {"datetime": "2024-01-19 00:15:47", "elapsed": 228.202645, "delta": 0.000523}}
{"target": -17.764960545541193, "params": {"gamma": 874.8581007229643, "log10_alpha": -1.7753439227179428, "log10_colsample_bytree": -0.6794403672367852, "log10_eta": -0.6133514709447168, "log10_lambda": -0.5272885819818605, "log10_min_child_weight": 3.8135695404226504, "log10_subsample": -0.2629255407291453, "max_depth": 9.0, "num_boost_round": 12.0}, "datetime": {"datetime": "2024-01-19 00:15:47", "elapsed": 228.203171, "delta": 0.000526}}
{"target": -17.77547942267883, "params": {"gamma": 874.8581007229643, "log10_alpha": -1.7753439227179428, "log10_colsample_bytree": -0.6794403672367852, "log10_eta": -0.6133514709447168, "log10_lambda": -0.5272885819818605, "log10_min_child_weight": 3.8135695404226504, "log10_subsample": -0.2629255407291453, "max_depth": 9.0, "num_boost_round": 13.0}, "datetime": {"datetime": "2024-01-19 00:15:47", "elapsed": 228.203696, "delta": 0.000525}}
{"target": -17.78263831264149, "params": {"gamma": 874.8581007229643, "log10_alpha": -1.7753439227179428, "log10_colsample_bytree": -0.6794403672367852, "log10_eta": -0.6133514709447168, "log10_lambda": -0.5272885819818605, "log10_min_child_weight": 3.8135695404226504, "log10_subsample": -0.2629255407291453, "max_depth": 9.0, "num_boost_round": 14.0}, "datetime": {"datetime": "2024-01-19 00:15:47", "elapsed": 228.204216, "delta": 0.00052}}
{"target": -17.796799665827916, "params": {"gamma": 874.8581007229643, "log10_alpha": -1.7753439227179428, "log10_colsample_bytree": -0.6794403672367852, "log10_eta": -0.6133514709447168, "log10_lambda": -0.5272885819818605, "log10_min_child_weight": 3.8135695404226504, "log10_subsample": -0.2629255407291453, "max_depth": 9.0, "num_boost_round": 15.0}, "datetime": {"datetime": "2024-01-19 00:15:47", "elapsed": 228.204742, "delta": 0.000526}}
{"target": -17.800268895391845, "params": {"gamma": 874.8581007229643, "log10_alpha": -1.7753439227179428, "log10_colsample_bytree": -0.6794403672367852, "log10_eta": -0.6133514709447168, "log10_lambda": -0.5272885819818605, "log10_min_child_weight": 3.8135695404226504, "log10_subsample": -0.2629255407291453, "max_depth": 9.0, "num_boost_round": 16.0}, "datetime": {"datetime": "2024-01-19 00:15:47", "elapsed": 228.205258, "delta": 0.000516}}
{"target": -17.80552019224982, "params": {"gamma": 874.8581007229643, "log10_alpha": -1.7753439227179428, "log10_colsample_bytree": -0.6794403672367852, "log10_eta": -0.6133514709447168, "log10_lambda": -0.5272885819818605, "log10_min_child_weight": 3.8135695404226504, "log10_subsample": -0.2629255407291453, "max_depth": 9.0, "num_boost_round": 17.0}, "datetime": {"datetime": "2024-01-19 00:15:47", "elapsed": 228.205837, "delta": 0.000579}}
{"target": -17.811668307729313, "params": {"gamma": 874.8581007229643, "log10_alpha": -1.7753439227179428, "log10_colsample_bytree": -0.6794403672367852, "log10_eta": -0.6133514709447168, "log10_lambda": -0.5272885819818605, "log10_min_child_weight": 3.8135695404226504, "log10_subsample": -0.2629255407291453, "max_depth": 9.0, "num_boost_round": 18.0}, "datetime": {"datetime": "2024-01-19 00:15:47", "elapsed": 228.206368, "delta": 0.000531}}
{"target": -17.67723138148149, "params": {"gamma": 870.6038884497057, "log10_alpha": -1.5232785375528568, "log10_colsample_bytree": -0.27021028577280026, "log10_eta": -3.7532553315417343, "log10_lambda": -4.18973206391983, "log10_min_child_weight": 4.278859897998038, "log10_subsample": -0.7579318510313321, "max_depth": 9.0, "num_boost_round": 0.0}, "datetime": {"datetime": "2024-01-19 00:16:09", "elapsed": 249.693998, "delta": 21.48763}}
{"target": -17.677228685380058, "params": {"gamma": 870.6038884497057, "log10_alpha": -1.5232785375528568, "log10_colsample_bytree": -0.27021028577280026, "log10_eta": -3.7532553315417343, "log10_lambda": -4.18973206391983, "log10_min_child_weight": 4.278859897998038, "log10_subsample": -0.7579318510313321, "max_depth": 9.0, "num_boost_round": 1.0}, "datetime": {"datetime": "2024-01-19 00:16:09", "elapsed": 249.694712, "delta": 0.000714}}
{"target": -17.677226779290464, "params": {"gamma": 870.6038884497057, "log10_alpha": -1.5232785375528568, "log10_colsample_bytree": -0.27021028577280026, "log10_eta": -3.7532553315417343, "log10_lambda": -4.18973206391983, "log10_min_child_weight": 4.278859897998038, "log10_subsample": -0.7579318510313321, "max_depth": 9.0, "num_boost_round": 2.0}, "datetime": {"datetime": "2024-01-19 00:16:09", "elapsed": 249.695276, "delta": 0.000564}}
{"target": -17.67722540918741, "params": {"gamma": 870.6038884497057, "log10_alpha": -1.5232785375528568, "log10_colsample_bytree": -0.27021028577280026, "log10_eta": -3.7532553315417343, "log10_lambda": -4.18973206391983, "log10_min_child_weight": 4.278859897998038, "log10_subsample": -0.7579318510313321, "max_depth": 9.0, "num_boost_round": 3.0}, "datetime": {"datetime": "2024-01-19 00:16:09", "elapsed": 249.695829, "delta": 0.000553}}
{"target": -17.677224171823735, "params": {"gamma": 870.6038884497057, "log10_alpha": -1.5232785375528568, "log10_colsample_bytree": -0.27021028577280026, "log10_eta": -3.7532553315417343, "log10_lambda": -4.18973206391983, "log10_min_child_weight": 4.278859897998038, "log10_subsample": -0.7579318510313321, "max_depth": 9.0, "num_boost_round": 4.0}, "datetime": {"datetime": "2024-01-19 00:16:09", "elapsed": 249.696363, "delta": 0.000534}}
{"target": -17.677222165618115, "params": {"gamma": 870.6038884497057, "log10_alpha": -1.5232785375528568, "log10_colsample_bytree": -0.27021028577280026, "log10_eta": -3.7532553315417343, "log10_lambda": -4.18973206391983, "log10_min_child_weight": 4.278859897998038, "log10_subsample": -0.7579318510313321, "max_depth": 9.0, "num_boost_round": 5.0}, "datetime": {"datetime": "2024-01-19 00:16:09", "elapsed": 249.696905, "delta": 0.000542}}
{"target": -17.677219748161807, "params": {"gamma": 870.6038884497057, "log10_alpha": -1.5232785375528568, "log10_colsample_bytree": -0.27021028577280026, "log10_eta": -3.7532553315417343, "log10_lambda": -4.18973206391983, "log10_min_child_weight": 4.278859897998038, "log10_subsample": -0.7579318510313321, "max_depth": 9.0, "num_boost_round": 6.0}, "datetime": {"datetime": "2024-01-19 00:16:09", "elapsed": 249.69744, "delta": 0.000535}}
{"target": -17.677221694099398, "params": {"gamma": 870.6038884497057, "log10_alpha": -1.5232785375528568, "log10_colsample_bytree": -0.27021028577280026, "log10_eta": -3.7532553315417343, "log10_lambda": -4.18973206391983, "log10_min_child_weight": 4.278859897998038, "log10_subsample": -0.7579318510313321, "max_depth": 9.0, "num_boost_round": 7.0}, "datetime": {"datetime": "2024-01-19 00:16:09", "elapsed": 249.697987, "delta": 0.000547}}
{"target": -17.677219345060983, "params": {"gamma": 870.6038884497057, "log10_alpha": -1.5232785375528568, "log10_colsample_bytree": -0.27021028577280026, "log10_eta": -3.7532553315417343, "log10_lambda": -4.18973206391983, "log10_min_child_weight": 4.278859897998038, "log10_subsample": -0.7579318510313321, "max_depth": 9.0, "num_boost_round": 8.0}, "datetime": {"datetime": "2024-01-19 00:16:09", "elapsed": 249.69853, "delta": 0.000543}}
{"target": -17.677217869940453, "params": {"gamma": 870.6038884497057, "log10_alpha": -1.5232785375528568, "log10_colsample_bytree": -0.27021028577280026, "log10_eta": -3.7532553315417343, "log10_lambda": -4.18973206391983, "log10_min_child_weight": 4.278859897998038, "log10_subsample": -0.7579318510313321, "max_depth": 9.0, "num_boost_round": 9.0}, "datetime": {"datetime": "2024-01-19 00:16:09", "elapsed": 249.699068, "delta": 0.000538}}
{"target": -17.6772160791514, "params": {"gamma": 870.6038884497057, "log10_alpha": -1.5232785375528568, "log10_colsample_bytree": -0.27021028577280026, "log10_eta": -3.7532553315417343, "log10_lambda": -4.18973206391983, "log10_min_child_weight": 4.278859897998038, "log10_subsample": -0.7579318510313321, "max_depth": 9.0, "num_boost_round": 10.0}, "datetime": {"datetime": "2024-01-19 00:16:09", "elapsed": 249.699615, "delta": 0.000547}}
{"target": -17.677213748027036, "params": {"gamma": 870.6038884497057, "log10_alpha": -1.5232785375528568, "log10_colsample_bytree": -0.27021028577280026, "log10_eta": -3.7532553315417343, "log10_lambda": -4.18973206391983, "log10_min_child_weight": 4.278859897998038, "log10_subsample": -0.7579318510313321, "max_depth": 9.0, "num_boost_round": 11.0}, "datetime": {"datetime": "2024-01-19 00:16:09", "elapsed": 249.700152, "delta": 0.000537}}
{"target": -17.677224024773132, "params": {"gamma": 872.3346303419386, "log10_alpha": 0.251832471345244, "log10_colsample_bytree": -0.39775930286880923, "log10_eta": -3.7813753024798653, "log10_lambda": -2.2128197195521797, "log10_min_child_weight": 3.7138701534582848, "log10_subsample": -0.479910915418468, "max_depth": 8.0, "num_boost_round": 0.0}, "datetime": {"datetime": "2024-01-19 00:16:30", "elapsed": 270.861079, "delta": 21.160927}}
{"target": -17.677213859375627, "params": {"gamma": 872.3346303419386, "log10_alpha": 0.251832471345244, "log10_colsample_bytree": -0.39775930286880923, "log10_eta": -3.7813753024798653, "log10_lambda": -2.2128197195521797, "log10_min_child_weight": 3.7138701534582848, "log10_subsample": -0.479910915418468, "max_depth": 8.0, "num_boost_round": 1.0}, "datetime": {"datetime": "2024-01-19 00:16:30", "elapsed": 270.862138, "delta": 0.001059}}
{"target": -17.67720867705892, "params": {"gamma": 872.3346303419386, "log10_alpha": 0.251832471345244, "log10_colsample_bytree": -0.39775930286880923, "log10_eta": -3.7813753024798653, "log10_lambda": -2.2128197195521797, "log10_min_child_weight": 3.7138701534582848, "log10_subsample": -0.479910915418468, "max_depth": 8.0, "num_boost_round": 2.0}, "datetime": {"datetime": "2024-01-19 00:16:30", "elapsed": 270.86273, "delta": 0.000592}}
{"target": -17.677210576843972, "params": {"gamma": 872.3346303419386, "log10_alpha": 0.251832471345244, "log10_colsample_bytree": -0.39775930286880923, "log10_eta": -3.7813753024798653, "log10_lambda": -2.2128197195521797, "log10_min_child_weight": 3.7138701534582848, "log10_subsample": -0.479910915418468, "max_depth": 8.0, "num_boost_round": 3.0}, "datetime": {"datetime": "2024-01-19 00:16:30", "elapsed": 270.863905, "delta": 0.001175}}
