{"target": -17.672240676761433, "params": {"gamma": 851.0535093138442, "log10_alpha": 0.11728888441617258, "log10_colsample_bytree": -0.9193973708321033, "log10_eta": -2.124175579663638, "log10_lambda": -0.9523383472217963, "log10_min_child_weight": 3.59535120125662, "log10_subsample": -0.33490980761058575, "max_depth": 8.0, "num_boost_round": 43.0}, "datetime": {"datetime": "2024-01-19 02:11:03", "elapsed": 7147.995278, "delta": 0.008606}}
{"target": -17.672218252087944, "params": {"gamma": 851.0535093138442, "log10_alpha": 0.11728888441617258, "log10_colsample_bytree": -0.9193973708321033, "log10_eta": -2.124175579663638, "log10_lambda": -0.9523383472217963, "log10_min_child_weight": 3.59535120125662, "log10_subsample": -0.33490980761058575, "max_depth": 8.0, "num_boost_round": 44.0}, "datetime": {"datetime": "2024-01-19 02:11:03", "elapsed": 7148.004764, "delta": 0.009486}}
{"target": -17.672044992991633, "params": {"gamma": 851.0535093138442, "log10_alpha": 0.11728888441617258, "log10_colsample_bytree": -0.9193973708321033, "log10_eta": -2.124175579663638, "log10_lambda": -0.9523383472217963, "log10_min_child_weight": 3.59535120125662, "log10_subsample": -0.33490980761058575, "max_depth": 8.0, "num_boost_round": 45.0}, "datetime": {"datetime": "2024-01-19 02:11:03", "elapsed": 7148.013432, "delta": 0.008668}}
{"target": -17.672100592623977, "params": {"gamma": 851.0535093138442, "log10_alpha": 0.11728888441617258, "log10_colsample_bytree": -0.9193973708321033, "log10_eta": -2.124175579663638, "log10_lambda": -0.9523383472217963, "log10_min_child_weight": 3.59535120125662, "log10_subsample": -0.33490980761058575, "max_depth": 8.0, "num_boost_round": 46.0}, "datetime": {"datetime": "2024-01-19 02:11:03", "elapsed": 7148.021889, "delta": 0.008457}}
{"target": -17.67184052641042, "params": {"gamma": 851.0535093138442, "log10_alpha": 0.11728888441617258, "log10_colsample_bytree": -0.9193973708321033, "log10_eta": -2.124175579663638, "log10_lambda": -0.9523383472217963, "log10_min_child_weight": 3.59535120125662, "log10_subsample": -0.33490980761058575, "max_depth": 8.0, "num_boost_round": 47.0}, "datetime": {"datetime": "2024-01-19 02:11:03", "elapsed": 7148.030737, "delta": 0.008848}}
{"target": -17.67192668832794, "params": {"gamma": 851.0535093138442, "log10_alpha": 0.11728888441617258, "log10_colsample_bytree": -0.9193973708321033, "log10_eta": -2.124175579663638, "log10_lambda": -0.9523383472217963, "log10_min_child_weight": 3.59535120125662, "log10_subsample": -0.33490980761058575, "max_depth": 8.0, "num_boost_round": 48.0}, "datetime": {"datetime": "2024-01-19 02:11:03", "elapsed": 7148.039537, "delta": 0.0088}}
{"target": -17.672198802613536, "params": {"gamma": 851.0535093138442, "log10_alpha": 0.11728888441617258, "log10_colsample_bytree": -0.9193973708321033, "log10_eta": -2.124175579663638, "log10_lambda": -0.9523383472217963, "log10_min_child_weight": 3.59535120125662, "log10_subsample": -0.33490980761058575, "max_depth": 8.0, "num_boost_round": 49.0}, "datetime": {"datetime": "2024-01-19 02:11:03", "elapsed": 7148.048213, "delta": 0.008676}}
{"target": -17.67214945272194, "params": {"gamma": 851.0535093138442, "log10_alpha": 0.11728888441617258, "log10_colsample_bytree": -0.9193973708321033, "log10_eta": -2.124175579663638, "log10_lambda": -0.9523383472217963, "log10_min_child_weight": 3.59535120125662, "log10_subsample": -0.33490980761058575, "max_depth": 8.0, "num_boost_round": 50.0}, "datetime": {"datetime": "2024-01-19 02:11:03", "elapsed": 7148.056689, "delta": 0.008476}}
{"target": -17.671950059292406, "params": {"gamma": 851.0535093138442, "log10_alpha": 0.11728888441617258, "log10_colsample_bytree": -0.9193973708321033, "log10_eta": -2.124175579663638, "log10_lambda": -0.9523383472217963, "log10_min_child_weight": 3.59535120125662, "log10_subsample": -0.33490980761058575, "max_depth": 8.0, "num_boost_round": 51.0}, "datetime": {"datetime": "2024-01-19 02:11:03", "elapsed": 7148.065473, "delta": 0.008784}}
{"target": -17.67210005794959, "params": {"gamma": 851.0535093138442, "log10_alpha": 0.11728888441617258, "log10_colsample_bytree": -0.9193973708321033, "log10_eta": -2.124175579663638, "log10_lambda": -0.9523383472217963, "log10_min_child_weight": 3.59535120125662, "log10_subsample": -0.33490980761058575, "max_depth": 8.0, "num_boost_round": 52.0}, "datetime": {"datetime": "2024-01-19 02:11:03", "elapsed": 7148.074074, "delta": 0.008601}}
{"target": -17.671885321092795, "params": {"gamma": 851.0535093138442, "log10_alpha": 0.11728888441617258, "log10_colsample_bytree": -0.9193973708321033, "log10_eta": -2.124175579663638, "log10_lambda": -0.9523383472217963, "log10_min_child_weight": 3.59535120125662, "log10_subsample": -0.33490980761058575, "max_depth": 8.0, "num_boost_round": 53.0}, "datetime": {"datetime": "2024-01-19 02:11:03", "elapsed": 7148.08248, "delta": 0.008406}}
{"target": -17.671784664764534, "params": {"gamma": 851.0535093138442, "log10_alpha": 0.11728888441617258, "log10_colsample_bytree": -0.9193973708321033, "log10_eta": -2.124175579663638, "log10_lambda": -0.9523383472217963, "log10_min_child_weight": 3.59535120125662, "log10_subsample": -0.33490980761058575, "max_depth": 8.0, "num_boost_round": 54.0}, "datetime": {"datetime": "2024-01-19 02:11:03", "elapsed": 7148.093205, "delta": 0.010725}}
{"target": -17.671883710065444, "params": {"gamma": 851.0535093138442, "log10_alpha": 0.11728888441617258, "log10_colsample_bytree": -0.9193973708321033, "log10_eta": -2.124175579663638, "log10_lambda": -0.9523383472217963, "log10_min_child_weight": 3.59535120125662, "log10_subsample": -0.33490980761058575, "max_depth": 8.0, "num_boost_round": 55.0}, "datetime": {"datetime": "2024-01-19 02:11:03", "elapsed": 7148.102897, "delta": 0.009692}}
{"target": -17.67192281065059, "params": {"gamma": 851.0535093138442, "log10_alpha": 0.11728888441617258, "log10_colsample_bytree": -0.9193973708321033, "log10_eta": -2.124175579663638, "log10_lambda": -0.9523383472217963, "log10_min_child_weight": 3.59535120125662, "log10_subsample": -0.33490980761058575, "max_depth": 8.0, "num_boost_round": 56.0}, "datetime": {"datetime": "2024-01-19 02:11:03", "elapsed": 7148.111522, "delta": 0.008625}}
{"target": -17.671949383850894, "params": {"gamma": 851.0535093138442, "log10_alpha": 0.11728888441617258, "log10_colsample_bytree": -0.9193973708321033, "log10_eta": -2.124175579663638, "log10_lambda": -0.9523383472217963, "log10_min_child_weight": 3.59535120125662, "log10_subsample": -0.33490980761058575, "max_depth": 8.0, "num_boost_round": 57.0}, "datetime": {"datetime": "2024-01-19 02:11:03", "elapsed": 7148.120078, "delta": 0.008556}}
{"target": -17.67196816245893, "params": {"gamma": 851.0535093138442, "log10_alpha": 0.11728888441617258, "log10_colsample_bytree": -0.9193973708321033, "log10_eta": -2.124175579663638, "log10_lambda": -0.9523383472217963, "log10_min_child_weight": 3.59535120125662, "log10_subsample": -0.33490980761058575, "max_depth": 8.0, "num_boost_round": 58.0}, "datetime": {"datetime": "2024-01-19 02:11:03", "elapsed": 7148.12863, "delta": 0.008552}}
{"target": -17.67191232857068, "params": {"gamma": 851.0535093138442, "log10_alpha": 0.11728888441617258, "log10_colsample_bytree": -0.9193973708321033, "log10_eta": -2.124175579663638, "log10_lambda": -0.9523383472217963, "log10_min_child_weight": 3.59535120125662, "log10_subsample": -0.33490980761058575, "max_depth": 8.0, "num_boost_round": 59.0}, "datetime": {"datetime": "2024-01-19 02:11:03", "elapsed": 7148.136941, "delta": 0.008311}}
{"target": -17.671984605746502, "params": {"gamma": 851.0535093138442, "log10_alpha": 0.11728888441617258, "log10_colsample_bytree": -0.9193973708321033, "log10_eta": -2.124175579663638, "log10_lambda": -0.9523383472217963, "log10_min_child_weight": 3.59535120125662, "log10_subsample": -0.33490980761058575, "max_depth": 8.0, "num_boost_round": 60.0}, "datetime": {"datetime": "2024-01-19 02:11:03", "elapsed": 7148.14524, "delta": 0.008299}}
{"target": -17.67210961718521, "params": {"gamma": 851.0535093138442, "log10_alpha": 0.11728888441617258, "log10_colsample_bytree": -0.9193973708321033, "log10_eta": -2.124175579663638, "log10_lambda": -0.9523383472217963, "log10_min_child_weight": 3.59535120125662, "log10_subsample": -0.33490980761058575, "max_depth": 8.0, "num_boost_round": 61.0}, "datetime": {"datetime": "2024-01-19 02:11:03", "elapsed": 7148.153703, "delta": 0.008463}}
{"target": -17.671880191279918, "params": {"gamma": 851.0535093138442, "log10_alpha": 0.11728888441617258, "log10_colsample_bytree": -0.9193973708321033, "log10_eta": -2.124175579663638, "log10_lambda": -0.9523383472217963, "log10_min_child_weight": 3.59535120125662, "log10_subsample": -0.33490980761058575, "max_depth": 8.0, "num_boost_round": 62.0}, "datetime": {"datetime": "2024-01-19 02:11:03", "elapsed": 7148.162278, "delta": 0.008575}}
{"target": -17.671615422176824, "params": {"gamma": 851.0535093138442, "log10_alpha": 0.11728888441617258, "log10_colsample_bytree": -0.9193973708321033, "log10_eta": -2.124175579663638, "log10_lambda": -0.9523383472217963, "log10_min_child_weight": 3.59535120125662, "log10_subsample": -0.33490980761058575, "max_depth": 8.0, "num_boost_round": 63.0}, "datetime": {"datetime": "2024-01-19 02:11:03", "elapsed": 7148.17068, "delta": 0.008402}}
{"target": -17.671825752329344, "params": {"gamma": 851.0535093138442, "log10_alpha": 0.11728888441617258, "log10_colsample_bytree": -0.9193973708321033, "log10_eta": -2.124175579663638, "log10_lambda": -0.9523383472217963, "log10_min_child_weight": 3.59535120125662, "log10_subsample": -0.33490980761058575, "max_depth": 8.0, "num_boost_round": 64.0}, "datetime": {"datetime": "2024-01-19 02:11:03", "elapsed": 7148.179019, "delta": 0.008339}}
{"target": -17.67170921562943, "params": {"gamma": 851.0535093138442, "log10_alpha": 0.11728888441617258, "log10_colsample_bytree": -0.9193973708321033, "log10_eta": -2.124175579663638, "log10_lambda": -0.9523383472217963, "log10_min_child_weight": 3.59535120125662, "log10_subsample": -0.33490980761058575, "max_depth": 8.0, "num_boost_round": 65.0}, "datetime": {"datetime": "2024-01-19 02:11:03", "elapsed": 7148.188479, "delta": 0.00946}}
{"target": -17.67170602606329, "params": {"gamma": 851.0535093138442, "log10_alpha": 0.11728888441617258, "log10_colsample_bytree": -0.9193973708321033, "log10_eta": -2.124175579663638, "log10_lambda": -0.9523383472217963, "log10_min_child_weight": 3.59535120125662, "log10_subsample": -0.33490980761058575, "max_depth": 8.0, "num_boost_round": 66.0}, "datetime": {"datetime": "2024-01-19 02:11:03", "elapsed": 7148.197535, "delta": 0.009056}}
{"target": -17.671496404108527, "params": {"gamma": 851.0535093138442, "log10_alpha": 0.11728888441617258, "log10_colsample_bytree": -0.9193973708321033, "log10_eta": -2.124175579663638, "log10_lambda": -0.9523383472217963, "log10_min_child_weight": 3.59535120125662, "log10_subsample": -0.33490980761058575, "max_depth": 8.0, "num_boost_round": 67.0}, "datetime": {"datetime": "2024-01-19 02:11:03", "elapsed": 7148.319056, "delta": 0.121521}}
{"target": -17.671645108572577, "params": {"gamma": 851.0535093138442, "log10_alpha": 0.11728888441617258, "log10_colsample_bytree": -0.9193973708321033, "log10_eta": -2.124175579663638, "log10_lambda": -0.9523383472217963, "log10_min_child_weight": 3.59535120125662, "log10_subsample": -0.33490980761058575, "max_depth": 8.0, "num_boost_round": 68.0}, "datetime": {"datetime": "2024-01-19 02:11:03", "elapsed": 7148.328503, "delta": 0.009447}}
{"target": -17.671653578763824, "params": {"gamma": 851.0535093138442, "log10_alpha": 0.11728888441617258, "log10_colsample_bytree": -0.9193973708321033, "log10_eta": -2.124175579663638, "log10_lambda": -0.9523383472217963, "log10_min_child_weight": 3.59535120125662, "log10_subsample": -0.33490980761058575, "max_depth": 8.0, "num_boost_round": 69.0}, "datetime": {"datetime": "2024-01-19 02:11:03", "elapsed": 7148.337082, "delta": 0.008579}}
{"target": -17.671722109458, "params": {"gamma": 851.0535093138442, "log10_alpha": 0.11728888441617258, "log10_colsample_bytree": -0.9193973708321033, "log10_eta": -2.124175579663638, "log10_lambda": -0.9523383472217963, "log10_min_child_weight": 3.59535120125662, "log10_subsample": -0.33490980761058575, "max_depth": 8.0, "num_boost_round": 70.0}, "datetime": {"datetime": "2024-01-19 02:11:03", "elapsed": 7148.345562, "delta": 0.00848}}
{"target": -17.67156325909731, "params": {"gamma": 851.0535093138442, "log10_alpha": 0.11728888441617258, "log10_colsample_bytree": -0.9193973708321033, "log10_eta": -2.124175579663638, "log10_lambda": -0.9523383472217963, "log10_min_child_weight": 3.59535120125662, "log10_subsample": -0.33490980761058575, "max_depth": 8.0, "num_boost_round": 71.0}, "datetime": {"datetime": "2024-01-19 02:11:03", "elapsed": 7148.354234, "delta": 0.008672}}
{"target": -17.671975358553055, "params": {"gamma": 851.0535093138442, "log10_alpha": 0.11728888441617258, "log10_colsample_bytree": -0.9193973708321033, "log10_eta": -2.124175579663638, "log10_lambda": -0.9523383472217963, "log10_min_child_weight": 3.59535120125662, "log10_subsample": -0.33490980761058575, "max_depth": 8.0, "num_boost_round": 72.0}, "datetime": {"datetime": "2024-01-19 02:11:03", "elapsed": 7148.362704, "delta": 0.00847}}
{"target": -17.671741578975524, "params": {"gamma": 851.0535093138442, "log10_alpha": 0.11728888441617258, "log10_colsample_bytree": -0.9193973708321033, "log10_eta": -2.124175579663638, "log10_lambda": -0.9523383472217963, "log10_min_child_weight": 3.59535120125662, "log10_subsample": -0.33490980761058575, "max_depth": 8.0, "num_boost_round": 73.0}, "datetime": {"datetime": "2024-01-19 02:11:03", "elapsed": 7148.37121, "delta": 0.008506}}
{"target": -17.671702048861103, "params": {"gamma": 851.0535093138442, "log10_alpha": 0.11728888441617258, "log10_colsample_bytree": -0.9193973708321033, "log10_eta": -2.124175579663638, "log10_lambda": -0.9523383472217963, "log10_min_child_weight": 3.59535120125662, "log10_subsample": -0.33490980761058575, "max_depth": 8.0, "num_boost_round": 74.0}, "datetime": {"datetime": "2024-01-19 02:11:03", "elapsed": 7148.379665, "delta": 0.008455}}
{"target": -17.67176975200893, "params": {"gamma": 851.0535093138442, "log10_alpha": 0.11728888441617258, "log10_colsample_bytree": -0.9193973708321033, "log10_eta": -2.124175579663638, "log10_lambda": -0.9523383472217963, "log10_min_child_weight": 3.59535120125662, "log10_subsample": -0.33490980761058575, "max_depth": 8.0, "num_boost_round": 75.0}, "datetime": {"datetime": "2024-01-19 02:11:03", "elapsed": 7148.388174, "delta": 0.008509}}
{"target": -17.67162255678008, "params": {"gamma": 851.0535093138442, "log10_alpha": 0.11728888441617258, "log10_colsample_bytree": -0.9193973708321033, "log10_eta": -2.124175579663638, "log10_lambda": -0.9523383472217963, "log10_min_child_weight": 3.59535120125662, "log10_subsample": -0.33490980761058575, "max_depth": 8.0, "num_boost_round": 76.0}, "datetime": {"datetime": "2024-01-19 02:11:03", "elapsed": 7148.397645, "delta": 0.009471}}
{"target": -17.67161309795032, "params": {"gamma": 851.0535093138442, "log10_alpha": 0.11728888441617258, "log10_colsample_bytree": -0.9193973708321033, "log10_eta": -2.124175579663638, "log10_lambda": -0.9523383472217963, "log10_min_child_weight": 3.59535120125662, "log10_subsample": -0.33490980761058575, "max_depth": 8.0, "num_boost_round": 77.0}, "datetime": {"datetime": "2024-01-19 02:11:03", "elapsed": 7148.407205, "delta": 0.00956}}
{"target": -17.671850714557987, "params": {"gamma": 851.0535093138442, "log10_alpha": 0.11728888441617258, "log10_colsample_bytree": -0.9193973708321033, "log10_eta": -2.124175579663638, "log10_lambda": -0.9523383472217963, "log10_min_child_weight": 3.59535120125662, "log10_subsample": -0.33490980761058575, "max_depth": 8.0, "num_boost_round": 78.0}, "datetime": {"datetime": "2024-01-19 02:11:03", "elapsed": 7148.41642, "delta": 0.009215}}
{"target": -17.671669048328962, "params": {"gamma": 851.0535093138442, "log10_alpha": 0.11728888441617258, "log10_colsample_bytree": -0.9193973708321033, "log10_eta": -2.124175579663638, "log10_lambda": -0.9523383472217963, "log10_min_child_weight": 3.59535120125662, "log10_subsample": -0.33490980761058575, "max_depth": 8.0, "num_boost_round": 79.0}, "datetime": {"datetime": "2024-01-19 02:11:03", "elapsed": 7148.42536, "delta": 0.00894}}
{"target": -17.671868827295068, "params": {"gamma": 851.0535093138442, "log10_alpha": 0.11728888441617258, "log10_colsample_bytree": -0.9193973708321033, "log10_eta": -2.124175579663638, "log10_lambda": -0.9523383472217963, "log10_min_child_weight": 3.59535120125662, "log10_subsample": -0.33490980761058575, "max_depth": 8.0, "num_boost_round": 80.0}, "datetime": {"datetime": "2024-01-19 02:11:03", "elapsed": 7148.43389, "delta": 0.00853}}
{"target": -17.67182473481412, "params": {"gamma": 851.0535093138442, "log10_alpha": 0.11728888441617258, "log10_colsample_bytree": -0.9193973708321033, "log10_eta": -2.124175579663638, "log10_lambda": -0.9523383472217963, "log10_min_child_weight": 3.59535120125662, "log10_subsample": -0.33490980761058575, "max_depth": 8.0, "num_boost_round": 81.0}, "datetime": {"datetime": "2024-01-19 02:11:03", "elapsed": 7148.442432, "delta": 0.008542}}
{"target": -17.671920030819976, "params": {"gamma": 851.0535093138442, "log10_alpha": 0.11728888441617258, "log10_colsample_bytree": -0.9193973708321033, "log10_eta": -2.124175579663638, "log10_lambda": -0.9523383472217963, "log10_min_child_weight": 3.59535120125662, "log10_subsample": -0.33490980761058575, "max_depth": 8.0, "num_boost_round": 82.0}, "datetime": {"datetime": "2024-01-19 02:11:03", "elapsed": 7148.451195, "delta": 0.008763}}
{"target": -17.67188340420374, "params": {"gamma": 851.0535093138442, "log10_alpha": 0.11728888441617258, "log10_colsample_bytree": -0.9193973708321033, "log10_eta": -2.124175579663638, "log10_lambda": -0.9523383472217963, "log10_min_child_weight": 3.59535120125662, "log10_subsample": -0.33490980761058575, "max_depth": 8.0, "num_boost_round": 83.0}, "datetime": {"datetime": "2024-01-19 02:11:03", "elapsed": 7148.459965, "delta": 0.00877}}
{"target": -17.671676832853837, "params": {"gamma": 851.0535093138442, "log10_alpha": 0.11728888441617258, "log10_colsample_bytree": -0.9193973708321033, "log10_eta": -2.124175579663638, "log10_lambda": -0.9523383472217963, "log10_min_child_weight": 3.59535120125662, "log10_subsample": -0.33490980761058575, "max_depth": 8.0, "num_boost_round": 84.0}, "datetime": {"datetime": "2024-01-19 02:11:03", "elapsed": 7148.468369, "delta": 0.008404}}
{"target": -17.671436951312735, "params": {"gamma": 851.0535093138442, "log10_alpha": 0.11728888441617258, "log10_colsample_bytree": -0.9193973708321033, "log10_eta": -2.124175579663638, "log10_lambda": -0.9523383472217963, "log10_min_child_weight": 3.59535120125662, "log10_subsample": -0.33490980761058575, "max_depth": 8.0, "num_boost_round": 85.0}, "datetime": {"datetime": "2024-01-19 02:11:03", "elapsed": 7148.476859, "delta": 0.00849}}
{"target": -17.671495306190806, "params": {"gamma": 851.0535093138442, "log10_alpha": 0.11728888441617258, "log10_colsample_bytree": -0.9193973708321033, "log10_eta": -2.124175579663638, "log10_lambda": -0.9523383472217963, "log10_min_child_weight": 3.59535120125662, "log10_subsample": -0.33490980761058575, "max_depth": 8.0, "num_boost_round": 86.0}, "datetime": {"datetime": "2024-01-19 02:11:03", "elapsed": 7148.485571, "delta": 0.008712}}
{"target": -17.671685437359304, "params": {"gamma": 851.0535093138442, "log10_alpha": 0.11728888441617258, "log10_colsample_bytree": -0.9193973708321033, "log10_eta": -2.124175579663638, "log10_lambda": -0.9523383472217963, "log10_min_child_weight": 3.59535120125662, "log10_subsample": -0.33490980761058575, "max_depth": 8.0, "num_boost_round": 87.0}, "datetime": {"datetime": "2024-01-19 02:11:03", "elapsed": 7148.49407, "delta": 0.008499}}
{"target": -17.671747903103782, "params": {"gamma": 851.0535093138442, "log10_alpha": 0.11728888441617258, "log10_colsample_bytree": -0.9193973708321033, "log10_eta": -2.124175579663638, "log10_lambda": -0.9523383472217963, "log10_min_child_weight": 3.59535120125662, "log10_subsample": -0.33490980761058575, "max_depth": 8.0, "num_boost_round": 88.0}, "datetime": {"datetime": "2024-01-19 02:11:03", "elapsed": 7148.502564, "delta": 0.008494}}
{"target": -17.671766075310856, "params": {"gamma": 851.0535093138442, "log10_alpha": 0.11728888441617258, "log10_colsample_bytree": -0.9193973708321033, "log10_eta": -2.124175579663638, "log10_lambda": -0.9523383472217963, "log10_min_child_weight": 3.59535120125662, "log10_subsample": -0.33490980761058575, "max_depth": 8.0, "num_boost_round": 89.0}, "datetime": {"datetime": "2024-01-19 02:11:04", "elapsed": 7148.62472, "delta": 0.122156}}
{"target": -17.671860390960877, "params": {"gamma": 851.0535093138442, "log10_alpha": 0.11728888441617258, "log10_colsample_bytree": -0.9193973708321033, "log10_eta": -2.124175579663638, "log10_lambda": -0.9523383472217963, "log10_min_child_weight": 3.59535120125662, "log10_subsample": -0.33490980761058575, "max_depth": 8.0, "num_boost_round": 90.0}, "datetime": {"datetime": "2024-01-19 02:11:04", "elapsed": 7148.634445, "delta": 0.009725}}
{"target": -17.671913182867787, "params": {"gamma": 851.0535093138442, "log10_alpha": 0.11728888441617258, "log10_colsample_bytree": -0.9193973708321033, "log10_eta": -2.124175579663638, "log10_lambda": -0.9523383472217963, "log10_min_child_weight": 3.59535120125662, "log10_subsample": -0.33490980761058575, "max_depth": 8.0, "num_boost_round": 91.0}, "datetime": {"datetime": "2024-01-19 02:11:04", "elapsed": 7148.643105, "delta": 0.00866}}
