{"target": -17.67718606613003, "params": {"gamma": 63.59257349349268, "log10_alpha": 0.4878350201531063, "log10_colsample_bytree": -0.9604096955672107, "log10_eta": -3.100892878886773, "log10_lambda": -0.8021413643953927, "log10_min_child_weight": 4.265004468737387, "log10_subsample": -0.4384554867721212, "max_depth": 2.0, "num_boost_round": 16.0}, "datetime": {"datetime": "2024-01-19 01:14:09", "elapsed": 3757.245161, "delta": 0.004694}}
{"target": -17.677185402867906, "params": {"gamma": 63.59257349349268, "log10_alpha": 0.4878350201531063, "log10_colsample_bytree": -0.9604096955672107, "log10_eta": -3.100892878886773, "log10_lambda": -0.8021413643953927, "log10_min_child_weight": 4.265004468737387, "log10_subsample": -0.4384554867721212, "max_depth": 2.0, "num_boost_round": 17.0}, "datetime": {"datetime": "2024-01-19 01:14:09", "elapsed": 3757.250135, "delta": 0.004974}}
{"target": -17.677177985313897, "params": {"gamma": 63.59257349349268, "log10_alpha": 0.4878350201531063, "log10_colsample_bytree": -0.9604096955672107, "log10_eta": -3.100892878886773, "log10_lambda": -0.8021413643953927, "log10_min_child_weight": 4.265004468737387, "log10_subsample": -0.4384554867721212, "max_depth": 2.0, "num_boost_round": 18.0}, "datetime": {"datetime": "2024-01-19 01:14:09", "elapsed": 3757.254862, "delta": 0.004727}}
{"target": -17.677169191836366, "params": {"gamma": 63.59257349349268, "log10_alpha": 0.4878350201531063, "log10_colsample_bytree": -0.9604096955672107, "log10_eta": -3.100892878886773, "log10_lambda": -0.8021413643953927, "log10_min_child_weight": 4.265004468737387, "log10_subsample": -0.4384554867721212, "max_depth": 2.0, "num_boost_round": 19.0}, "datetime": {"datetime": "2024-01-19 01:14:09", "elapsed": 3757.259542, "delta": 0.00468}}
{"target": -17.677174910712864, "params": {"gamma": 63.59257349349268, "log10_alpha": 0.4878350201531063, "log10_colsample_bytree": -0.9604096955672107, "log10_eta": -3.100892878886773, "log10_lambda": -0.8021413643953927, "log10_min_child_weight": 4.265004468737387, "log10_subsample": -0.4384554867721212, "max_depth": 2.0, "num_boost_round": 20.0}, "datetime": {"datetime": "2024-01-19 01:14:09", "elapsed": 3757.264279, "delta": 0.004737}}
{"target": -17.677175833455973, "params": {"gamma": 63.59257349349268, "log10_alpha": 0.4878350201531063, "log10_colsample_bytree": -0.9604096955672107, "log10_eta": -3.100892878886773, "log10_lambda": -0.8021413643953927, "log10_min_child_weight": 4.265004468737387, "log10_subsample": -0.4384554867721212, "max_depth": 2.0, "num_boost_round": 21.0}, "datetime": {"datetime": "2024-01-19 01:14:09", "elapsed": 3757.269027, "delta": 0.004748}}
{"target": -17.677177352943882, "params": {"gamma": 63.59257349349268, "log10_alpha": 0.4878350201531063, "log10_colsample_bytree": -0.9604096955672107, "log10_eta": -3.100892878886773, "log10_lambda": -0.8021413643953927, "log10_min_child_weight": 4.265004468737387, "log10_subsample": -0.4384554867721212, "max_depth": 2.0, "num_boost_round": 22.0}, "datetime": {"datetime": "2024-01-19 01:14:09", "elapsed": 3757.273628, "delta": 0.004601}}
{"target": -17.677174342910206, "params": {"gamma": 63.59257349349268, "log10_alpha": 0.4878350201531063, "log10_colsample_bytree": -0.9604096955672107, "log10_eta": -3.100892878886773, "log10_lambda": -0.8021413643953927, "log10_min_child_weight": 4.265004468737387, "log10_subsample": -0.4384554867721212, "max_depth": 2.0, "num_boost_round": 23.0}, "datetime": {"datetime": "2024-01-19 01:14:09", "elapsed": 3757.278331, "delta": 0.004703}}
{"target": -17.677174063274084, "params": {"gamma": 63.59257349349268, "log10_alpha": 0.4878350201531063, "log10_colsample_bytree": -0.9604096955672107, "log10_eta": -3.100892878886773, "log10_lambda": -0.8021413643953927, "log10_min_child_weight": 4.265004468737387, "log10_subsample": -0.4384554867721212, "max_depth": 2.0, "num_boost_round": 24.0}, "datetime": {"datetime": "2024-01-19 01:14:09", "elapsed": 3757.283212, "delta": 0.004881}}
{"target": -17.677169276951577, "params": {"gamma": 63.59257349349268, "log10_alpha": 0.4878350201531063, "log10_colsample_bytree": -0.9604096955672107, "log10_eta": -3.100892878886773, "log10_lambda": -0.8021413643953927, "log10_min_child_weight": 4.265004468737387, "log10_subsample": -0.4384554867721212, "max_depth": 2.0, "num_boost_round": 25.0}, "datetime": {"datetime": "2024-01-19 01:14:09", "elapsed": 3757.287947, "delta": 0.004735}}
{"target": -17.677169323963735, "params": {"gamma": 63.59257349349268, "log10_alpha": 0.4878350201531063, "log10_colsample_bytree": -0.9604096955672107, "log10_eta": -3.100892878886773, "log10_lambda": -0.8021413643953927, "log10_min_child_weight": 4.265004468737387, "log10_subsample": -0.4384554867721212, "max_depth": 2.0, "num_boost_round": 26.0}, "datetime": {"datetime": "2024-01-19 01:14:09", "elapsed": 3757.29269, "delta": 0.004743}}
{"target": -17.67715724363144, "params": {"gamma": 63.59257349349268, "log10_alpha": 0.4878350201531063, "log10_colsample_bytree": -0.9604096955672107, "log10_eta": -3.100892878886773, "log10_lambda": -0.8021413643953927, "log10_min_child_weight": 4.265004468737387, "log10_subsample": -0.4384554867721212, "max_depth": 2.0, "num_boost_round": 27.0}, "datetime": {"datetime": "2024-01-19 01:14:09", "elapsed": 3757.297438, "delta": 0.004748}}
{"target": -17.677150672393804, "params": {"gamma": 63.59257349349268, "log10_alpha": 0.4878350201531063, "log10_colsample_bytree": -0.9604096955672107, "log10_eta": -3.100892878886773, "log10_lambda": -0.8021413643953927, "log10_min_child_weight": 4.265004468737387, "log10_subsample": -0.4384554867721212, "max_depth": 2.0, "num_boost_round": 28.0}, "datetime": {"datetime": "2024-01-19 01:14:09", "elapsed": 3757.302089, "delta": 0.004651}}
{"target": -17.677142690014513, "params": {"gamma": 63.59257349349268, "log10_alpha": 0.4878350201531063, "log10_colsample_bytree": -0.9604096955672107, "log10_eta": -3.100892878886773, "log10_lambda": -0.8021413643953927, "log10_min_child_weight": 4.265004468737387, "log10_subsample": -0.4384554867721212, "max_depth": 2.0, "num_boost_round": 29.0}, "datetime": {"datetime": "2024-01-19 01:14:09", "elapsed": 3757.306772, "delta": 0.004683}}
{"target": -17.677131053507154, "params": {"gamma": 63.59257349349268, "log10_alpha": 0.4878350201531063, "log10_colsample_bytree": -0.9604096955672107, "log10_eta": -3.100892878886773, "log10_lambda": -0.8021413643953927, "log10_min_child_weight": 4.265004468737387, "log10_subsample": -0.4384554867721212, "max_depth": 2.0, "num_boost_round": 30.0}, "datetime": {"datetime": "2024-01-19 01:14:09", "elapsed": 3757.311507, "delta": 0.004735}}
{"target": -17.677134314931806, "params": {"gamma": 63.59257349349268, "log10_alpha": 0.4878350201531063, "log10_colsample_bytree": -0.9604096955672107, "log10_eta": -3.100892878886773, "log10_lambda": -0.8021413643953927, "log10_min_child_weight": 4.265004468737387, "log10_subsample": -0.4384554867721212, "max_depth": 2.0, "num_boost_round": 31.0}, "datetime": {"datetime": "2024-01-19 01:14:09", "elapsed": 3757.31627, "delta": 0.004763}}
{"target": -17.67714129365511, "params": {"gamma": 63.59257349349268, "log10_alpha": 0.4878350201531063, "log10_colsample_bytree": -0.9604096955672107, "log10_eta": -3.100892878886773, "log10_lambda": -0.8021413643953927, "log10_min_child_weight": 4.265004468737387, "log10_subsample": -0.4384554867721212, "max_depth": 2.0, "num_boost_round": 32.0}, "datetime": {"datetime": "2024-01-19 01:14:09", "elapsed": 3757.320971, "delta": 0.004701}}
{"target": -17.677145382327595, "params": {"gamma": 63.59257349349268, "log10_alpha": 0.4878350201531063, "log10_colsample_bytree": -0.9604096955672107, "log10_eta": -3.100892878886773, "log10_lambda": -0.8021413643953927, "log10_min_child_weight": 4.265004468737387, "log10_subsample": -0.4384554867721212, "max_depth": 2.0, "num_boost_round": 33.0}, "datetime": {"datetime": "2024-01-19 01:14:09", "elapsed": 3757.325665, "delta": 0.004694}}
{"target": -17.677143598251835, "params": {"gamma": 63.59257349349268, "log10_alpha": 0.4878350201531063, "log10_colsample_bytree": -0.9604096955672107, "log10_eta": -3.100892878886773, "log10_lambda": -0.8021413643953927, "log10_min_child_weight": 4.265004468737387, "log10_subsample": -0.4384554867721212, "max_depth": 2.0, "num_boost_round": 34.0}, "datetime": {"datetime": "2024-01-19 01:14:09", "elapsed": 3757.330505, "delta": 0.00484}}
{"target": -17.677141174191874, "params": {"gamma": 63.59257349349268, "log10_alpha": 0.4878350201531063, "log10_colsample_bytree": -0.9604096955672107, "log10_eta": -3.100892878886773, "log10_lambda": -0.8021413643953927, "log10_min_child_weight": 4.265004468737387, "log10_subsample": -0.4384554867721212, "max_depth": 2.0, "num_boost_round": 35.0}, "datetime": {"datetime": "2024-01-19 01:14:09", "elapsed": 3757.335527, "delta": 0.005022}}
{"target": -17.67714312441971, "params": {"gamma": 63.59257349349268, "log10_alpha": 0.4878350201531063, "log10_colsample_bytree": -0.9604096955672107, "log10_eta": -3.100892878886773, "log10_lambda": -0.8021413643953927, "log10_min_child_weight": 4.265004468737387, "log10_subsample": -0.4384554867721212, "max_depth": 2.0, "num_boost_round": 36.0}, "datetime": {"datetime": "2024-01-19 01:14:10", "elapsed": 3757.340755, "delta": 0.005228}}
{"target": -17.67714559054555, "params": {"gamma": 63.59257349349268, "log10_alpha": 0.4878350201531063, "log10_colsample_bytree": -0.9604096955672107, "log10_eta": -3.100892878886773, "log10_lambda": -0.8021413643953927, "log10_min_child_weight": 4.265004468737387, "log10_subsample": -0.4384554867721212, "max_depth": 2.0, "num_boost_round": 37.0}, "datetime": {"datetime": "2024-01-19 01:14:10", "elapsed": 3757.346143, "delta": 0.005388}}
{"target": -17.677145446210567, "params": {"gamma": 63.59257349349268, "log10_alpha": 0.4878350201531063, "log10_colsample_bytree": -0.9604096955672107, "log10_eta": -3.100892878886773, "log10_lambda": -0.8021413643953927, "log10_min_child_weight": 4.265004468737387, "log10_subsample": -0.4384554867721212, "max_depth": 2.0, "num_boost_round": 38.0}, "datetime": {"datetime": "2024-01-19 01:14:10", "elapsed": 3757.351514, "delta": 0.005371}}
{"target": -17.67714162715034, "params": {"gamma": 63.59257349349268, "log10_alpha": 0.4878350201531063, "log10_colsample_bytree": -0.9604096955672107, "log10_eta": -3.100892878886773, "log10_lambda": -0.8021413643953927, "log10_min_child_weight": 4.265004468737387, "log10_subsample": -0.4384554867721212, "max_depth": 2.0, "num_boost_round": 39.0}, "datetime": {"datetime": "2024-01-19 01:14:10", "elapsed": 3757.35621, "delta": 0.004696}}
{"target": -17.67713644568398, "params": {"gamma": 63.59257349349268, "log10_alpha": 0.4878350201531063, "log10_colsample_bytree": -0.9604096955672107, "log10_eta": -3.100892878886773, "log10_lambda": -0.8021413643953927, "log10_min_child_weight": 4.265004468737387, "log10_subsample": -0.4384554867721212, "max_depth": 2.0, "num_boost_round": 40.0}, "datetime": {"datetime": "2024-01-19 01:14:10", "elapsed": 3757.360993, "delta": 0.004783}}
{"target": -17.677139649883344, "params": {"gamma": 63.59257349349268, "log10_alpha": 0.4878350201531063, "log10_colsample_bytree": -0.9604096955672107, "log10_eta": -3.100892878886773, "log10_lambda": -0.8021413643953927, "log10_min_child_weight": 4.265004468737387, "log10_subsample": -0.4384554867721212, "max_depth": 2.0, "num_boost_round": 41.0}, "datetime": {"datetime": "2024-01-19 01:14:10", "elapsed": 3757.365739, "delta": 0.004746}}
{"target": -17.677134014043858, "params": {"gamma": 63.59257349349268, "log10_alpha": 0.4878350201531063, "log10_colsample_bytree": -0.9604096955672107, "log10_eta": -3.100892878886773, "log10_lambda": -0.8021413643953927, "log10_min_child_weight": 4.265004468737387, "log10_subsample": -0.4384554867721212, "max_depth": 2.0, "num_boost_round": 42.0}, "datetime": {"datetime": "2024-01-19 01:14:10", "elapsed": 3757.370542, "delta": 0.004803}}
{"target": -17.67712842836724, "params": {"gamma": 63.59257349349268, "log10_alpha": 0.4878350201531063, "log10_colsample_bytree": -0.9604096955672107, "log10_eta": -3.100892878886773, "log10_lambda": -0.8021413643953927, "log10_min_child_weight": 4.265004468737387, "log10_subsample": -0.4384554867721212, "max_depth": 2.0, "num_boost_round": 43.0}, "datetime": {"datetime": "2024-01-19 01:14:10", "elapsed": 3757.375192, "delta": 0.00465}}
{"target": -17.67712078787021, "params": {"gamma": 63.59257349349268, "log10_alpha": 0.4878350201531063, "log10_colsample_bytree": -0.9604096955672107, "log10_eta": -3.100892878886773, "log10_lambda": -0.8021413643953927, "log10_min_child_weight": 4.265004468737387, "log10_subsample": -0.4384554867721212, "max_depth": 2.0, "num_boost_round": 44.0}, "datetime": {"datetime": "2024-01-19 01:14:10", "elapsed": 3757.380112, "delta": 0.00492}}
{"target": -17.677118053564495, "params": {"gamma": 63.59257349349268, "log10_alpha": 0.4878350201531063, "log10_colsample_bytree": -0.9604096955672107, "log10_eta": -3.100892878886773, "log10_lambda": -0.8021413643953927, "log10_min_child_weight": 4.265004468737387, "log10_subsample": -0.4384554867721212, "max_depth": 2.0, "num_boost_round": 45.0}, "datetime": {"datetime": "2024-01-19 01:14:10", "elapsed": 3757.384988, "delta": 0.004876}}
{"target": -17.67711412607295, "params": {"gamma": 63.59257349349268, "log10_alpha": 0.4878350201531063, "log10_colsample_bytree": -0.9604096955672107, "log10_eta": -3.100892878886773, "log10_lambda": -0.8021413643953927, "log10_min_child_weight": 4.265004468737387, "log10_subsample": -0.4384554867721212, "max_depth": 2.0, "num_boost_round": 46.0}, "datetime": {"datetime": "2024-01-19 01:14:10", "elapsed": 3757.38976, "delta": 0.004772}}
{"target": -17.677104342806935, "params": {"gamma": 63.59257349349268, "log10_alpha": 0.4878350201531063, "log10_colsample_bytree": -0.9604096955672107, "log10_eta": -3.100892878886773, "log10_lambda": -0.8021413643953927, "log10_min_child_weight": 4.265004468737387, "log10_subsample": -0.4384554867721212, "max_depth": 2.0, "num_boost_round": 47.0}, "datetime": {"datetime": "2024-01-19 01:14:10", "elapsed": 3757.394403, "delta": 0.004643}}
{"target": -17.67710269180081, "params": {"gamma": 63.59257349349268, "log10_alpha": 0.4878350201531063, "log10_colsample_bytree": -0.9604096955672107, "log10_eta": -3.100892878886773, "log10_lambda": -0.8021413643953927, "log10_min_child_weight": 4.265004468737387, "log10_subsample": -0.4384554867721212, "max_depth": 2.0, "num_boost_round": 48.0}, "datetime": {"datetime": "2024-01-19 01:14:10", "elapsed": 3757.399158, "delta": 0.004755}}
{"target": -17.67710144013755, "params": {"gamma": 63.59257349349268, "log10_alpha": 0.4878350201531063, "log10_colsample_bytree": -0.9604096955672107, "log10_eta": -3.100892878886773, "log10_lambda": -0.8021413643953927, "log10_min_child_weight": 4.265004468737387, "log10_subsample": -0.4384554867721212, "max_depth": 2.0, "num_boost_round": 49.0}, "datetime": {"datetime": "2024-01-19 01:14:10", "elapsed": 3757.403953, "delta": 0.004795}}
{"target": -17.67709645229339, "params": {"gamma": 63.59257349349268, "log10_alpha": 0.4878350201531063, "log10_colsample_bytree": -0.9604096955672107, "log10_eta": -3.100892878886773, "log10_lambda": -0.8021413643953927, "log10_min_child_weight": 4.265004468737387, "log10_subsample": -0.4384554867721212, "max_depth": 2.0, "num_boost_round": 50.0}, "datetime": {"datetime": "2024-01-19 01:14:10", "elapsed": 3757.408566, "delta": 0.004613}}
{"target": -17.677101442262177, "params": {"gamma": 63.59257349349268, "log10_alpha": 0.4878350201531063, "log10_colsample_bytree": -0.9604096955672107, "log10_eta": -3.100892878886773, "log10_lambda": -0.8021413643953927, "log10_min_child_weight": 4.265004468737387, "log10_subsample": -0.4384554867721212, "max_depth": 2.0, "num_boost_round": 51.0}, "datetime": {"datetime": "2024-01-19 01:14:10", "elapsed": 3757.413263, "delta": 0.004697}}
{"target": -17.67708823538494, "params": {"gamma": 63.59257349349268, "log10_alpha": 0.4878350201531063, "log10_colsample_bytree": -0.9604096955672107, "log10_eta": -3.100892878886773, "log10_lambda": -0.8021413643953927, "log10_min_child_weight": 4.265004468737387, "log10_subsample": -0.4384554867721212, "max_depth": 2.0, "num_boost_round": 52.0}, "datetime": {"datetime": "2024-01-19 01:14:10", "elapsed": 3757.417833, "delta": 0.00457}}
{"target": -17.677078027794245, "params": {"gamma": 63.59257349349268, "log10_alpha": 0.4878350201531063, "log10_colsample_bytree": -0.9604096955672107, "log10_eta": -3.100892878886773, "log10_lambda": -0.8021413643953927, "log10_min_child_weight": 4.265004468737387, "log10_subsample": -0.4384554867721212, "max_depth": 2.0, "num_boost_round": 53.0}, "datetime": {"datetime": "2024-01-19 01:14:10", "elapsed": 3757.422338, "delta": 0.004505}}
{"target": -17.677080464954084, "params": {"gamma": 63.59257349349268, "log10_alpha": 0.4878350201531063, "log10_colsample_bytree": -0.9604096955672107, "log10_eta": -3.100892878886773, "log10_lambda": -0.8021413643953927, "log10_min_child_weight": 4.265004468737387, "log10_subsample": -0.4384554867721212, "max_depth": 2.0, "num_boost_round": 54.0}, "datetime": {"datetime": "2024-01-19 01:14:10", "elapsed": 3757.426954, "delta": 0.004616}}
{"target": -17.677075686995774, "params": {"gamma": 63.59257349349268, "log10_alpha": 0.4878350201531063, "log10_colsample_bytree": -0.9604096955672107, "log10_eta": -3.100892878886773, "log10_lambda": -0.8021413643953927, "log10_min_child_weight": 4.265004468737387, "log10_subsample": -0.4384554867721212, "max_depth": 2.0, "num_boost_round": 55.0}, "datetime": {"datetime": "2024-01-19 01:14:10", "elapsed": 3757.431717, "delta": 0.004763}}
{"target": -17.677087465831917, "params": {"gamma": 63.59257349349268, "log10_alpha": 0.4878350201531063, "log10_colsample_bytree": -0.9604096955672107, "log10_eta": -3.100892878886773, "log10_lambda": -0.8021413643953927, "log10_min_child_weight": 4.265004468737387, "log10_subsample": -0.4384554867721212, "max_depth": 2.0, "num_boost_round": 56.0}, "datetime": {"datetime": "2024-01-19 01:14:10", "elapsed": 3757.436734, "delta": 0.005017}}
{"target": -17.677091081599134, "params": {"gamma": 63.59257349349268, "log10_alpha": 0.4878350201531063, "log10_colsample_bytree": -0.9604096955672107, "log10_eta": -3.100892878886773, "log10_lambda": -0.8021413643953927, "log10_min_child_weight": 4.265004468737387, "log10_subsample": -0.4384554867721212, "max_depth": 2.0, "num_boost_round": 57.0}, "datetime": {"datetime": "2024-01-19 01:14:10", "elapsed": 3757.441474, "delta": 0.00474}}
{"target": -17.677091644571394, "params": {"gamma": 63.59257349349268, "log10_alpha": 0.4878350201531063, "log10_colsample_bytree": -0.9604096955672107, "log10_eta": -3.100892878886773, "log10_lambda": -0.8021413643953927, "log10_min_child_weight": 4.265004468737387, "log10_subsample": -0.4384554867721212, "max_depth": 2.0, "num_boost_round": 58.0}, "datetime": {"datetime": "2024-01-19 01:14:10", "elapsed": 3757.446186, "delta": 0.004712}}
{"target": -18.010645937784965, "params": {"gamma": 67.47895058007536, "log10_alpha": -2.3759643776373536, "log10_colsample_bytree": -0.38144063298519115, "log10_eta": -0.020280015169077625, "log10_lambda": -3.4526144246196004, "log10_min_child_weight": 0.9352187233907272, "log10_subsample": -0.5897721624975593, "max_depth": 8.0, "num_boost_round": 0.0}, "datetime": {"datetime": "2024-01-19 01:15:42", "elapsed": 3850.009212, "delta": 92.563026}}
{"target": -18.254033488475617, "params": {"gamma": 67.47895058007536, "log10_alpha": -2.3759643776373536, "log10_colsample_bytree": -0.38144063298519115, "log10_eta": -0.020280015169077625, "log10_lambda": -3.4526144246196004, "log10_min_child_weight": 0.9352187233907272, "log10_subsample": -0.5897721624975593, "max_depth": 8.0, "num_boost_round": 1.0}, "datetime": {"datetime": "2024-01-19 01:15:42", "elapsed": 3850.014484, "delta": 0.005272}}
{"target": -18.804452449928387, "params": {"gamma": 67.47895058007536, "log10_alpha": -2.3759643776373536, "log10_colsample_bytree": -0.38144063298519115, "log10_eta": -0.020280015169077625, "log10_lambda": -3.4526144246196004, "log10_min_child_weight": 0.9352187233907272, "log10_subsample": -0.5897721624975593, "max_depth": 8.0, "num_boost_round": 2.0}, "datetime": {"datetime": "2024-01-19 01:15:42", "elapsed": 3850.019398, "delta": 0.004914}}
{"target": -19.02722309549996, "params": {"gamma": 67.47895058007536, "log10_alpha": -2.3759643776373536, "log10_colsample_bytree": -0.38144063298519115, "log10_eta": -0.020280015169077625, "log10_lambda": -3.4526144246196004, "log10_min_child_weight": 0.9352187233907272, "log10_subsample": -0.5897721624975593, "max_depth": 8.0, "num_boost_round": 3.0}, "datetime": {"datetime": "2024-01-19 01:15:42", "elapsed": 3850.024099, "delta": 0.004701}}
{"target": -19.18074977639257, "params": {"gamma": 67.47895058007536, "log10_alpha": -2.3759643776373536, "log10_colsample_bytree": -0.38144063298519115, "log10_eta": -0.020280015169077625, "log10_lambda": -3.4526144246196004, "log10_min_child_weight": 0.9352187233907272, "log10_subsample": -0.5897721624975593, "max_depth": 8.0, "num_boost_round": 4.0}, "datetime": {"datetime": "2024-01-19 01:15:42", "elapsed": 3850.028851, "delta": 0.004752}}
{"target": -19.57045894578799, "params": {"gamma": 67.47895058007536, "log10_alpha": -2.3759643776373536, "log10_colsample_bytree": -0.38144063298519115, "log10_eta": -0.020280015169077625, "log10_lambda": -3.4526144246196004, "log10_min_child_weight": 0.9352187233907272, "log10_subsample": -0.5897721624975593, "max_depth": 8.0, "num_boost_round": 5.0}, "datetime": {"datetime": "2024-01-19 01:15:42", "elapsed": 3850.034006, "delta": 0.005155}}
