{"target": -13.758521591535489, "params": {"gamma": 709.3551850494146, "log10_alpha": -4.552516132925154, "log10_colsample_bytree": -0.608803572359881, "log10_eta": -3.6719601962255592, "log10_lambda": -1.9905025860024024, "log10_min_child_weight": 4.516508280701221, "log10_subsample": -0.1288372073048939, "max_depth": 3.0, "num_boost_round": 28.0}, "datetime": {"datetime": "2024-01-19 02:18:44", "elapsed": 7631.636148, "delta": 0.007592}}
{"target": -13.758521396822195, "params": {"gamma": 709.3551850494146, "log10_alpha": -4.552516132925154, "log10_colsample_bytree": -0.608803572359881, "log10_eta": -3.6719601962255592, "log10_lambda": -1.9905025860024024, "log10_min_child_weight": 4.516508280701221, "log10_subsample": -0.1288372073048939, "max_depth": 3.0, "num_boost_round": 29.0}, "datetime": {"datetime": "2024-01-19 02:18:44", "elapsed": 7631.643892, "delta": 0.007744}}
{"target": -13.75851930932405, "params": {"gamma": 709.3551850494146, "log10_alpha": -4.552516132925154, "log10_colsample_bytree": -0.608803572359881, "log10_eta": -3.6719601962255592, "log10_lambda": -1.9905025860024024, "log10_min_child_weight": 4.516508280701221, "log10_subsample": -0.1288372073048939, "max_depth": 3.0, "num_boost_round": 30.0}, "datetime": {"datetime": "2024-01-19 02:18:44", "elapsed": 7631.65134, "delta": 0.007448}}
{"target": -13.758518121149596, "params": {"gamma": 709.3551850494146, "log10_alpha": -4.552516132925154, "log10_colsample_bytree": -0.608803572359881, "log10_eta": -3.6719601962255592, "log10_lambda": -1.9905025860024024, "log10_min_child_weight": 4.516508280701221, "log10_subsample": -0.1288372073048939, "max_depth": 3.0, "num_boost_round": 31.0}, "datetime": {"datetime": "2024-01-19 02:18:44", "elapsed": 7631.65881, "delta": 0.00747}}
{"target": -13.75851877818606, "params": {"gamma": 709.3551850494146, "log10_alpha": -4.552516132925154, "log10_colsample_bytree": -0.608803572359881, "log10_eta": -3.6719601962255592, "log10_lambda": -1.9905025860024024, "log10_min_child_weight": 4.516508280701221, "log10_subsample": -0.1288372073048939, "max_depth": 3.0, "num_boost_round": 32.0}, "datetime": {"datetime": "2024-01-19 02:18:44", "elapsed": 7631.666123, "delta": 0.007313}}
{"target": -13.758518211328614, "params": {"gamma": 709.3551850494146, "log10_alpha": -4.552516132925154, "log10_colsample_bytree": -0.608803572359881, "log10_eta": -3.6719601962255592, "log10_lambda": -1.9905025860024024, "log10_min_child_weight": 4.516508280701221, "log10_subsample": -0.1288372073048939, "max_depth": 3.0, "num_boost_round": 33.0}, "datetime": {"datetime": "2024-01-19 02:18:44", "elapsed": 7631.673803, "delta": 0.00768}}
{"target": -13.758518174401535, "params": {"gamma": 709.3551850494146, "log10_alpha": -4.552516132925154, "log10_colsample_bytree": -0.608803572359881, "log10_eta": -3.6719601962255592, "log10_lambda": -1.9905025860024024, "log10_min_child_weight": 4.516508280701221, "log10_subsample": -0.1288372073048939, "max_depth": 3.0, "num_boost_round": 34.0}, "datetime": {"datetime": "2024-01-19 02:18:44", "elapsed": 7631.681377, "delta": 0.007574}}
{"target": -13.758518263462625, "params": {"gamma": 709.3551850494146, "log10_alpha": -4.552516132925154, "log10_colsample_bytree": -0.608803572359881, "log10_eta": -3.6719601962255592, "log10_lambda": -1.9905025860024024, "log10_min_child_weight": 4.516508280701221, "log10_subsample": -0.1288372073048939, "max_depth": 3.0, "num_boost_round": 35.0}, "datetime": {"datetime": "2024-01-19 02:18:44", "elapsed": 7631.689205, "delta": 0.007828}}
{"target": -13.758516444775875, "params": {"gamma": 709.3551850494146, "log10_alpha": -4.552516132925154, "log10_colsample_bytree": -0.608803572359881, "log10_eta": -3.6719601962255592, "log10_lambda": -1.9905025860024024, "log10_min_child_weight": 4.516508280701221, "log10_subsample": -0.1288372073048939, "max_depth": 3.0, "num_boost_round": 36.0}, "datetime": {"datetime": "2024-01-19 02:18:44", "elapsed": 7631.697413, "delta": 0.008208}}
{"target": -13.75851558381309, "params": {"gamma": 709.3551850494146, "log10_alpha": -4.552516132925154, "log10_colsample_bytree": -0.608803572359881, "log10_eta": -3.6719601962255592, "log10_lambda": -1.9905025860024024, "log10_min_child_weight": 4.516508280701221, "log10_subsample": -0.1288372073048939, "max_depth": 3.0, "num_boost_round": 37.0}, "datetime": {"datetime": "2024-01-19 02:18:44", "elapsed": 7631.705597, "delta": 0.008184}}
{"target": -13.75853390407896, "params": {"gamma": 725.5004240639424, "log10_alpha": -3.8478326020869824, "log10_colsample_bytree": -0.9707232698483322, "log10_eta": -3.917295527327961, "log10_lambda": 0.6549691247762315, "log10_min_child_weight": 0.5682052316024444, "log10_subsample": -0.4157733833089243, "max_depth": 6.0, "num_boost_round": 0.0}, "datetime": {"datetime": "2024-01-19 02:20:02", "elapsed": 7709.615695, "delta": 77.910098}}
{"target": -13.758534728220152, "params": {"gamma": 725.5004240639424, "log10_alpha": -3.8478326020869824, "log10_colsample_bytree": -0.9707232698483322, "log10_eta": -3.917295527327961, "log10_lambda": 0.6549691247762315, "log10_min_child_weight": 0.5682052316024444, "log10_subsample": -0.4157733833089243, "max_depth": 6.0, "num_boost_round": 1.0}, "datetime": {"datetime": "2024-01-19 02:20:02", "elapsed": 7709.624659, "delta": 0.008964}}
{"target": -13.75853263365981, "params": {"gamma": 725.5004240639424, "log10_alpha": -3.8478326020869824, "log10_colsample_bytree": -0.9707232698483322, "log10_eta": -3.917295527327961, "log10_lambda": 0.6549691247762315, "log10_min_child_weight": 0.5682052316024444, "log10_subsample": -0.4157733833089243, "max_depth": 6.0, "num_boost_round": 2.0}, "datetime": {"datetime": "2024-01-19 02:20:02", "elapsed": 7709.632194, "delta": 0.007535}}
{"target": -13.758534225567663, "params": {"gamma": 725.5004240639424, "log10_alpha": -3.8478326020869824, "log10_colsample_bytree": -0.9707232698483322, "log10_eta": -3.917295527327961, "log10_lambda": 0.6549691247762315, "log10_min_child_weight": 0.5682052316024444, "log10_subsample": -0.4157733833089243, "max_depth": 6.0, "num_boost_round": 3.0}, "datetime": {"datetime": "2024-01-19 02:20:02", "elapsed": 7709.639811, "delta": 0.007617}}
{"target": -13.758533650805909, "params": {"gamma": 725.5004240639424, "log10_alpha": -3.8478326020869824, "log10_colsample_bytree": -0.9707232698483322, "log10_eta": -3.917295527327961, "log10_lambda": 0.6549691247762315, "log10_min_child_weight": 0.5682052316024444, "log10_subsample": -0.4157733833089243, "max_depth": 6.0, "num_boost_round": 4.0}, "datetime": {"datetime": "2024-01-19 02:20:02", "elapsed": 7709.647339, "delta": 0.007528}}
{"target": -13.758531859325423, "params": {"gamma": 725.5004240639424, "log10_alpha": -3.8478326020869824, "log10_colsample_bytree": -0.9707232698483322, "log10_eta": -3.917295527327961, "log10_lambda": 0.6549691247762315, "log10_min_child_weight": 0.5682052316024444, "log10_subsample": -0.4157733833089243, "max_depth": 6.0, "num_boost_round": 5.0}, "datetime": {"datetime": "2024-01-19 02:20:02", "elapsed": 7709.655209, "delta": 0.00787}}
{"target": -13.758534928454285, "params": {"gamma": 725.5004240639424, "log10_alpha": -3.8478326020869824, "log10_colsample_bytree": -0.9707232698483322, "log10_eta": -3.917295527327961, "log10_lambda": 0.6549691247762315, "log10_min_child_weight": 0.5682052316024444, "log10_subsample": -0.4157733833089243, "max_depth": 6.0, "num_boost_round": 6.0}, "datetime": {"datetime": "2024-01-19 02:20:02", "elapsed": 7709.663093, "delta": 0.007884}}
{"target": -13.758532575587028, "params": {"gamma": 725.5004240639424, "log10_alpha": -3.8478326020869824, "log10_colsample_bytree": -0.9707232698483322, "log10_eta": -3.917295527327961, "log10_lambda": 0.6549691247762315, "log10_min_child_weight": 0.5682052316024444, "log10_subsample": -0.4157733833089243, "max_depth": 6.0, "num_boost_round": 7.0}, "datetime": {"datetime": "2024-01-19 02:20:02", "elapsed": 7709.670458, "delta": 0.007365}}
{"target": -13.758532276004772, "params": {"gamma": 725.5004240639424, "log10_alpha": -3.8478326020869824, "log10_colsample_bytree": -0.9707232698483322, "log10_eta": -3.917295527327961, "log10_lambda": 0.6549691247762315, "log10_min_child_weight": 0.5682052316024444, "log10_subsample": -0.4157733833089243, "max_depth": 6.0, "num_boost_round": 8.0}, "datetime": {"datetime": "2024-01-19 02:20:02", "elapsed": 7709.678039, "delta": 0.007581}}
{"target": -13.758530597816407, "params": {"gamma": 725.5004240639424, "log10_alpha": -3.8478326020869824, "log10_colsample_bytree": -0.9707232698483322, "log10_eta": -3.917295527327961, "log10_lambda": 0.6549691247762315, "log10_min_child_weight": 0.5682052316024444, "log10_subsample": -0.4157733833089243, "max_depth": 6.0, "num_boost_round": 9.0}, "datetime": {"datetime": "2024-01-19 02:20:02", "elapsed": 7709.685573, "delta": 0.007534}}
{"target": -13.75853001647279, "params": {"gamma": 725.5004240639424, "log10_alpha": -3.8478326020869824, "log10_colsample_bytree": -0.9707232698483322, "log10_eta": -3.917295527327961, "log10_lambda": 0.6549691247762315, "log10_min_child_weight": 0.5682052316024444, "log10_subsample": -0.4157733833089243, "max_depth": 6.0, "num_boost_round": 10.0}, "datetime": {"datetime": "2024-01-19 02:20:02", "elapsed": 7709.693136, "delta": 0.007563}}
{"target": -13.75852805852977, "params": {"gamma": 725.5004240639424, "log10_alpha": -3.8478326020869824, "log10_colsample_bytree": -0.9707232698483322, "log10_eta": -3.917295527327961, "log10_lambda": 0.6549691247762315, "log10_min_child_weight": 0.5682052316024444, "log10_subsample": -0.4157733833089243, "max_depth": 6.0, "num_boost_round": 11.0}, "datetime": {"datetime": "2024-01-19 02:20:02", "elapsed": 7709.700844, "delta": 0.007708}}
{"target": -13.758522924133272, "params": {"gamma": 725.5004240639424, "log10_alpha": -3.8478326020869824, "log10_colsample_bytree": -0.9707232698483322, "log10_eta": -3.917295527327961, "log10_lambda": 0.6549691247762315, "log10_min_child_weight": 0.5682052316024444, "log10_subsample": -0.4157733833089243, "max_depth": 6.0, "num_boost_round": 12.0}, "datetime": {"datetime": "2024-01-19 02:20:02", "elapsed": 7709.70832, "delta": 0.007476}}
{"target": -13.758519309377673, "params": {"gamma": 725.5004240639424, "log10_alpha": -3.8478326020869824, "log10_colsample_bytree": -0.9707232698483322, "log10_eta": -3.917295527327961, "log10_lambda": 0.6549691247762315, "log10_min_child_weight": 0.5682052316024444, "log10_subsample": -0.4157733833089243, "max_depth": 6.0, "num_boost_round": 13.0}, "datetime": {"datetime": "2024-01-19 02:20:02", "elapsed": 7709.715825, "delta": 0.007505}}
{"target": -13.758519479768317, "params": {"gamma": 725.5004240639424, "log10_alpha": -3.8478326020869824, "log10_colsample_bytree": -0.9707232698483322, "log10_eta": -3.917295527327961, "log10_lambda": 0.6549691247762315, "log10_min_child_weight": 0.5682052316024444, "log10_subsample": -0.4157733833089243, "max_depth": 6.0, "num_boost_round": 14.0}, "datetime": {"datetime": "2024-01-19 02:20:02", "elapsed": 7709.723084, "delta": 0.007259}}
{"target": -13.75851553553853, "params": {"gamma": 725.5004240639424, "log10_alpha": -3.8478326020869824, "log10_colsample_bytree": -0.9707232698483322, "log10_eta": -3.917295527327961, "log10_lambda": 0.6549691247762315, "log10_min_child_weight": 0.5682052316024444, "log10_subsample": -0.4157733833089243, "max_depth": 6.0, "num_boost_round": 15.0}, "datetime": {"datetime": "2024-01-19 02:20:02", "elapsed": 7709.731062, "delta": 0.007978}}
{"target": -13.758514595724437, "params": {"gamma": 725.5004240639424, "log10_alpha": -3.8478326020869824, "log10_colsample_bytree": -0.9707232698483322, "log10_eta": -3.917295527327961, "log10_lambda": 0.6549691247762315, "log10_min_child_weight": 0.5682052316024444, "log10_subsample": -0.4157733833089243, "max_depth": 6.0, "num_boost_round": 16.0}, "datetime": {"datetime": "2024-01-19 02:20:02", "elapsed": 7709.738998, "delta": 0.007936}}
{"target": -13.758512467014949, "params": {"gamma": 725.5004240639424, "log10_alpha": -3.8478326020869824, "log10_colsample_bytree": -0.9707232698483322, "log10_eta": -3.917295527327961, "log10_lambda": 0.6549691247762315, "log10_min_child_weight": 0.5682052316024444, "log10_subsample": -0.4157733833089243, "max_depth": 6.0, "num_boost_round": 17.0}, "datetime": {"datetime": "2024-01-19 02:20:02", "elapsed": 7709.747202, "delta": 0.008204}}
{"target": -13.758512999098555, "params": {"gamma": 725.5004240639424, "log10_alpha": -3.8478326020869824, "log10_colsample_bytree": -0.9707232698483322, "log10_eta": -3.917295527327961, "log10_lambda": 0.6549691247762315, "log10_min_child_weight": 0.5682052316024444, "log10_subsample": -0.4157733833089243, "max_depth": 6.0, "num_boost_round": 18.0}, "datetime": {"datetime": "2024-01-19 02:20:02", "elapsed": 7709.755979, "delta": 0.008777}}
{"target": -13.758511095145211, "params": {"gamma": 725.5004240639424, "log10_alpha": -3.8478326020869824, "log10_colsample_bytree": -0.9707232698483322, "log10_eta": -3.917295527327961, "log10_lambda": 0.6549691247762315, "log10_min_child_weight": 0.5682052316024444, "log10_subsample": -0.4157733833089243, "max_depth": 6.0, "num_boost_round": 19.0}, "datetime": {"datetime": "2024-01-19 02:20:02", "elapsed": 7709.764615, "delta": 0.008636}}
{"target": -13.75850946595553, "params": {"gamma": 725.5004240639424, "log10_alpha": -3.8478326020869824, "log10_colsample_bytree": -0.9707232698483322, "log10_eta": -3.917295527327961, "log10_lambda": 0.6549691247762315, "log10_min_child_weight": 0.5682052316024444, "log10_subsample": -0.4157733833089243, "max_depth": 6.0, "num_boost_round": 20.0}, "datetime": {"datetime": "2024-01-19 02:20:02", "elapsed": 7709.772302, "delta": 0.007687}}
{"target": -13.75850235486664, "params": {"gamma": 725.5004240639424, "log10_alpha": -3.8478326020869824, "log10_colsample_bytree": -0.9707232698483322, "log10_eta": -3.917295527327961, "log10_lambda": 0.6549691247762315, "log10_min_child_weight": 0.5682052316024444, "log10_subsample": -0.4157733833089243, "max_depth": 6.0, "num_boost_round": 21.0}, "datetime": {"datetime": "2024-01-19 02:20:02", "elapsed": 7709.780088, "delta": 0.007786}}
{"target": -13.758501815036118, "params": {"gamma": 725.5004240639424, "log10_alpha": -3.8478326020869824, "log10_colsample_bytree": -0.9707232698483322, "log10_eta": -3.917295527327961, "log10_lambda": 0.6549691247762315, "log10_min_child_weight": 0.5682052316024444, "log10_subsample": -0.4157733833089243, "max_depth": 6.0, "num_boost_round": 22.0}, "datetime": {"datetime": "2024-01-19 02:20:02", "elapsed": 7709.787812, "delta": 0.007724}}
{"target": -13.758484401304747, "params": {"gamma": 734.8033638329201, "log10_alpha": -4.411547564919645, "log10_colsample_bytree": -0.4161332443575356, "log10_eta": -2.6157574161841475, "log10_lambda": 0.9364458553631616, "log10_min_child_weight": 3.0929028486570216, "log10_subsample": -0.41311123284221807, "max_depth": 7.0, "num_boost_round": 0.0}, "datetime": {"datetime": "2024-01-19 02:22:10", "elapsed": 7837.784056, "delta": 127.996244}}
{"target": -13.758440671623285, "params": {"gamma": 734.8033638329201, "log10_alpha": -4.411547564919645, "log10_colsample_bytree": -0.4161332443575356, "log10_eta": -2.6157574161841475, "log10_lambda": 0.9364458553631616, "log10_min_child_weight": 3.0929028486570216, "log10_subsample": -0.41311123284221807, "max_depth": 7.0, "num_boost_round": 1.0}, "datetime": {"datetime": "2024-01-19 02:22:10", "elapsed": 7837.792294, "delta": 0.008238}}
{"target": -13.758331559417035, "params": {"gamma": 734.8033638329201, "log10_alpha": -4.411547564919645, "log10_colsample_bytree": -0.4161332443575356, "log10_eta": -2.6157574161841475, "log10_lambda": 0.9364458553631616, "log10_min_child_weight": 3.0929028486570216, "log10_subsample": -0.41311123284221807, "max_depth": 7.0, "num_boost_round": 2.0}, "datetime": {"datetime": "2024-01-19 02:22:10", "elapsed": 7837.800537, "delta": 0.008243}}
{"target": -13.758364317473596, "params": {"gamma": 734.8033638329201, "log10_alpha": -4.411547564919645, "log10_colsample_bytree": -0.4161332443575356, "log10_eta": -2.6157574161841475, "log10_lambda": 0.9364458553631616, "log10_min_child_weight": 3.0929028486570216, "log10_subsample": -0.41311123284221807, "max_depth": 7.0, "num_boost_round": 3.0}, "datetime": {"datetime": "2024-01-19 02:22:10", "elapsed": 7837.808136, "delta": 0.007599}}
{"target": -13.758284846613575, "params": {"gamma": 734.8033638329201, "log10_alpha": -4.411547564919645, "log10_colsample_bytree": -0.4161332443575356, "log10_eta": -2.6157574161841475, "log10_lambda": 0.9364458553631616, "log10_min_child_weight": 3.0929028486570216, "log10_subsample": -0.41311123284221807, "max_depth": 7.0, "num_boost_round": 4.0}, "datetime": {"datetime": "2024-01-19 02:22:10", "elapsed": 7837.815754, "delta": 0.007618}}
{"target": -13.758298097211142, "params": {"gamma": 734.8033638329201, "log10_alpha": -4.411547564919645, "log10_colsample_bytree": -0.4161332443575356, "log10_eta": -2.6157574161841475, "log10_lambda": 0.9364458553631616, "log10_min_child_weight": 3.0929028486570216, "log10_subsample": -0.41311123284221807, "max_depth": 7.0, "num_boost_round": 5.0}, "datetime": {"datetime": "2024-01-19 02:22:10", "elapsed": 7837.823362, "delta": 0.007608}}
{"target": -13.758284823691875, "params": {"gamma": 734.8033638329201, "log10_alpha": -4.411547564919645, "log10_colsample_bytree": -0.4161332443575356, "log10_eta": -2.6157574161841475, "log10_lambda": 0.9364458553631616, "log10_min_child_weight": 3.0929028486570216, "log10_subsample": -0.41311123284221807, "max_depth": 7.0, "num_boost_round": 6.0}, "datetime": {"datetime": "2024-01-19 02:22:10", "elapsed": 7837.831252, "delta": 0.00789}}
{"target": -13.758204479506938, "params": {"gamma": 734.8033638329201, "log10_alpha": -4.411547564919645, "log10_colsample_bytree": -0.4161332443575356, "log10_eta": -2.6157574161841475, "log10_lambda": 0.9364458553631616, "log10_min_child_weight": 3.0929028486570216, "log10_subsample": -0.41311123284221807, "max_depth": 7.0, "num_boost_round": 7.0}, "datetime": {"datetime": "2024-01-19 02:22:10", "elapsed": 7837.838894, "delta": 0.007642}}
{"target": -13.758142920996052, "params": {"gamma": 734.8033638329201, "log10_alpha": -4.411547564919645, "log10_colsample_bytree": -0.4161332443575356, "log10_eta": -2.6157574161841475, "log10_lambda": 0.9364458553631616, "log10_min_child_weight": 3.0929028486570216, "log10_subsample": -0.41311123284221807, "max_depth": 7.0, "num_boost_round": 8.0}, "datetime": {"datetime": "2024-01-19 02:22:10", "elapsed": 7837.846518, "delta": 0.007624}}
{"target": -13.758091750722448, "params": {"gamma": 734.8033638329201, "log10_alpha": -4.411547564919645, "log10_colsample_bytree": -0.4161332443575356, "log10_eta": -2.6157574161841475, "log10_lambda": 0.9364458553631616, "log10_min_child_weight": 3.0929028486570216, "log10_subsample": -0.41311123284221807, "max_depth": 7.0, "num_boost_round": 9.0}, "datetime": {"datetime": "2024-01-19 02:22:10", "elapsed": 7837.855732, "delta": 0.009214}}
{"target": -13.758059282720017, "params": {"gamma": 734.8033638329201, "log10_alpha": -4.411547564919645, "log10_colsample_bytree": -0.4161332443575356, "log10_eta": -2.6157574161841475, "log10_lambda": 0.9364458553631616, "log10_min_child_weight": 3.0929028486570216, "log10_subsample": -0.41311123284221807, "max_depth": 7.0, "num_boost_round": 10.0}, "datetime": {"datetime": "2024-01-19 02:22:10", "elapsed": 7837.863347, "delta": 0.007615}}
{"target": -13.758035549508957, "params": {"gamma": 734.8033638329201, "log10_alpha": -4.411547564919645, "log10_colsample_bytree": -0.4161332443575356, "log10_eta": -2.6157574161841475, "log10_lambda": 0.9364458553631616, "log10_min_child_weight": 3.0929028486570216, "log10_subsample": -0.41311123284221807, "max_depth": 7.0, "num_boost_round": 11.0}, "datetime": {"datetime": "2024-01-19 02:22:10", "elapsed": 7837.870816, "delta": 0.007469}}
{"target": -13.758097214598132, "params": {"gamma": 734.8033638329201, "log10_alpha": -4.411547564919645, "log10_colsample_bytree": -0.4161332443575356, "log10_eta": -2.6157574161841475, "log10_lambda": 0.9364458553631616, "log10_min_child_weight": 3.0929028486570216, "log10_subsample": -0.41311123284221807, "max_depth": 7.0, "num_boost_round": 12.0}, "datetime": {"datetime": "2024-01-19 02:22:10", "elapsed": 7837.878399, "delta": 0.007583}}
{"target": -13.758063654019798, "params": {"gamma": 734.8033638329201, "log10_alpha": -4.411547564919645, "log10_colsample_bytree": -0.4161332443575356, "log10_eta": -2.6157574161841475, "log10_lambda": 0.9364458553631616, "log10_min_child_weight": 3.0929028486570216, "log10_subsample": -0.41311123284221807, "max_depth": 7.0, "num_boost_round": 13.0}, "datetime": {"datetime": "2024-01-19 02:22:10", "elapsed": 7837.885969, "delta": 0.00757}}
{"target": -13.758035112139165, "params": {"gamma": 734.8033638329201, "log10_alpha": -4.411547564919645, "log10_colsample_bytree": -0.4161332443575356, "log10_eta": -2.6157574161841475, "log10_lambda": 0.9364458553631616, "log10_min_child_weight": 3.0929028486570216, "log10_subsample": -0.41311123284221807, "max_depth": 7.0, "num_boost_round": 14.0}, "datetime": {"datetime": "2024-01-19 02:22:10", "elapsed": 7837.8939, "delta": 0.007931}}
{"target": -13.757980625291992, "params": {"gamma": 734.8033638329201, "log10_alpha": -4.411547564919645, "log10_colsample_bytree": -0.4161332443575356, "log10_eta": -2.6157574161841475, "log10_lambda": 0.9364458553631616, "log10_min_child_weight": 3.0929028486570216, "log10_subsample": -0.41311123284221807, "max_depth": 7.0, "num_boost_round": 15.0}, "datetime": {"datetime": "2024-01-19 02:22:10", "elapsed": 7838.038347, "delta": 0.144447}}
