{"target": -17.677218583987386, "params": {"gamma": 729.5747835865754, "log10_alpha": 1.0, "log10_colsample_bytree": 0.0, "log10_eta": -4.0, "log10_lambda": 1.0, "log10_min_child_weight": 5.0, "log10_subsample": 0.0, "max_depth": 10.0, "num_boost_round": 9.0}, "datetime": {"datetime": "2024-01-19 00:52:07", "elapsed": 2434.982654, "delta": 0.003453}}
{"target": -17.677217170477014, "params": {"gamma": 729.5747835865754, "log10_alpha": 1.0, "log10_colsample_bytree": 0.0, "log10_eta": -4.0, "log10_lambda": 1.0, "log10_min_child_weight": 5.0, "log10_subsample": 0.0, "max_depth": 10.0, "num_boost_round": 10.0}, "datetime": {"datetime": "2024-01-19 00:52:07", "elapsed": 2434.986324, "delta": 0.00367}}
{"target": -17.677215725790838, "params": {"gamma": 729.5747835865754, "log10_alpha": 1.0, "log10_colsample_bytree": 0.0, "log10_eta": -4.0, "log10_lambda": 1.0, "log10_min_child_weight": 5.0, "log10_subsample": 0.0, "max_depth": 10.0, "num_boost_round": 11.0}, "datetime": {"datetime": "2024-01-19 00:52:07", "elapsed": 2434.990043, "delta": 0.003719}}
{"target": -17.67721430305845, "params": {"gamma": 729.5747835865754, "log10_alpha": 1.0, "log10_colsample_bytree": 0.0, "log10_eta": -4.0, "log10_lambda": 1.0, "log10_min_child_weight": 5.0, "log10_subsample": 0.0, "max_depth": 10.0, "num_boost_round": 12.0}, "datetime": {"datetime": "2024-01-19 00:52:07", "elapsed": 2434.993549, "delta": 0.003506}}
{"target": -17.677212871877888, "params": {"gamma": 729.5747835865754, "log10_alpha": 1.0, "log10_colsample_bytree": 0.0, "log10_eta": -4.0, "log10_lambda": 1.0, "log10_min_child_weight": 5.0, "log10_subsample": 0.0, "max_depth": 10.0, "num_boost_round": 13.0}, "datetime": {"datetime": "2024-01-19 00:52:07", "elapsed": 2434.996782, "delta": 0.003233}}
{"target": -17.677211447886062, "params": {"gamma": 729.5747835865754, "log10_alpha": 1.0, "log10_colsample_bytree": 0.0, "log10_eta": -4.0, "log10_lambda": 1.0, "log10_min_child_weight": 5.0, "log10_subsample": 0.0, "max_depth": 10.0, "num_boost_round": 14.0}, "datetime": {"datetime": "2024-01-19 00:52:07", "elapsed": 2434.999878, "delta": 0.003096}}
{"target": -17.677210002364085, "params": {"gamma": 729.5747835865754, "log10_alpha": 1.0, "log10_colsample_bytree": 0.0, "log10_eta": -4.0, "log10_lambda": 1.0, "log10_min_child_weight": 5.0, "log10_subsample": 0.0, "max_depth": 10.0, "num_boost_round": 15.0}, "datetime": {"datetime": "2024-01-19 00:52:07", "elapsed": 2435.002994, "delta": 0.003116}}
{"target": -17.677208590499674, "params": {"gamma": 729.5747835865754, "log10_alpha": 1.0, "log10_colsample_bytree": 0.0, "log10_eta": -4.0, "log10_lambda": 1.0, "log10_min_child_weight": 5.0, "log10_subsample": 0.0, "max_depth": 10.0, "num_boost_round": 16.0}, "datetime": {"datetime": "2024-01-19 00:52:07", "elapsed": 2435.006119, "delta": 0.003125}}
{"target": -17.677207140904393, "params": {"gamma": 729.5747835865754, "log10_alpha": 1.0, "log10_colsample_bytree": 0.0, "log10_eta": -4.0, "log10_lambda": 1.0, "log10_min_child_weight": 5.0, "log10_subsample": 0.0, "max_depth": 10.0, "num_boost_round": 17.0}, "datetime": {"datetime": "2024-01-19 00:52:07", "elapsed": 2435.009224, "delta": 0.003105}}
{"target": -17.67720573159068, "params": {"gamma": 729.5747835865754, "log10_alpha": 1.0, "log10_colsample_bytree": 0.0, "log10_eta": -4.0, "log10_lambda": 1.0, "log10_min_child_weight": 5.0, "log10_subsample": 0.0, "max_depth": 10.0, "num_boost_round": 18.0}, "datetime": {"datetime": "2024-01-19 00:52:07", "elapsed": 2435.012374, "delta": 0.00315}}
{"target": -17.677204283934117, "params": {"gamma": 729.5747835865754, "log10_alpha": 1.0, "log10_colsample_bytree": 0.0, "log10_eta": -4.0, "log10_lambda": 1.0, "log10_min_child_weight": 5.0, "log10_subsample": 0.0, "max_depth": 10.0, "num_boost_round": 19.0}, "datetime": {"datetime": "2024-01-19 00:52:07", "elapsed": 2435.015525, "delta": 0.003151}}
{"target": -17.677202872268353, "params": {"gamma": 729.5747835865754, "log10_alpha": 1.0, "log10_colsample_bytree": 0.0, "log10_eta": -4.0, "log10_lambda": 1.0, "log10_min_child_weight": 5.0, "log10_subsample": 0.0, "max_depth": 10.0, "num_boost_round": 20.0}, "datetime": {"datetime": "2024-01-19 00:52:07", "elapsed": 2435.01869, "delta": 0.003165}}
{"target": -17.6772014619875, "params": {"gamma": 729.5747835865754, "log10_alpha": 1.0, "log10_colsample_bytree": 0.0, "log10_eta": -4.0, "log10_lambda": 1.0, "log10_min_child_weight": 5.0, "log10_subsample": 0.0, "max_depth": 10.0, "num_boost_round": 21.0}, "datetime": {"datetime": "2024-01-19 00:52:07", "elapsed": 2435.021817, "delta": 0.003127}}
{"target": -17.67720000786611, "params": {"gamma": 729.5747835865754, "log10_alpha": 1.0, "log10_colsample_bytree": 0.0, "log10_eta": -4.0, "log10_lambda": 1.0, "log10_min_child_weight": 5.0, "log10_subsample": 0.0, "max_depth": 10.0, "num_boost_round": 22.0}, "datetime": {"datetime": "2024-01-19 00:52:07", "elapsed": 2435.024968, "delta": 0.003151}}
{"target": -17.677198601948334, "params": {"gamma": 729.5747835865754, "log10_alpha": 1.0, "log10_colsample_bytree": 0.0, "log10_eta": -4.0, "log10_lambda": 1.0, "log10_min_child_weight": 5.0, "log10_subsample": 0.0, "max_depth": 10.0, "num_boost_round": 23.0}, "datetime": {"datetime": "2024-01-19 00:52:07", "elapsed": 2435.028109, "delta": 0.003141}}
{"target": -17.67719717550917, "params": {"gamma": 729.5747835865754, "log10_alpha": 1.0, "log10_colsample_bytree": 0.0, "log10_eta": -4.0, "log10_lambda": 1.0, "log10_min_child_weight": 5.0, "log10_subsample": 0.0, "max_depth": 10.0, "num_boost_round": 24.0}, "datetime": {"datetime": "2024-01-19 00:52:07", "elapsed": 2435.031223, "delta": 0.003114}}
{"target": -17.67719575261018, "params": {"gamma": 729.5747835865754, "log10_alpha": 1.0, "log10_colsample_bytree": 0.0, "log10_eta": -4.0, "log10_lambda": 1.0, "log10_min_child_weight": 5.0, "log10_subsample": 0.0, "max_depth": 10.0, "num_boost_round": 25.0}, "datetime": {"datetime": "2024-01-19 00:52:07", "elapsed": 2435.034327, "delta": 0.003104}}
{"target": -17.67719432544229, "params": {"gamma": 729.5747835865754, "log10_alpha": 1.0, "log10_colsample_bytree": 0.0, "log10_eta": -4.0, "log10_lambda": 1.0, "log10_min_child_weight": 5.0, "log10_subsample": 0.0, "max_depth": 10.0, "num_boost_round": 26.0}, "datetime": {"datetime": "2024-01-19 00:52:07", "elapsed": 2435.037437, "delta": 0.00311}}
{"target": -17.677192914116905, "params": {"gamma": 729.5747835865754, "log10_alpha": 1.0, "log10_colsample_bytree": 0.0, "log10_eta": -4.0, "log10_lambda": 1.0, "log10_min_child_weight": 5.0, "log10_subsample": 0.0, "max_depth": 10.0, "num_boost_round": 27.0}, "datetime": {"datetime": "2024-01-19 00:52:07", "elapsed": 2435.040581, "delta": 0.003144}}
{"target": -17.677191483374422, "params": {"gamma": 729.5747835865754, "log10_alpha": 1.0, "log10_colsample_bytree": 0.0, "log10_eta": -4.0, "log10_lambda": 1.0, "log10_min_child_weight": 5.0, "log10_subsample": 0.0, "max_depth": 10.0, "num_boost_round": 28.0}, "datetime": {"datetime": "2024-01-19 00:52:07", "elapsed": 2435.043723, "delta": 0.003142}}
{"target": -17.67719008869624, "params": {"gamma": 729.5747835865754, "log10_alpha": 1.0, "log10_colsample_bytree": 0.0, "log10_eta": -4.0, "log10_lambda": 1.0, "log10_min_child_weight": 5.0, "log10_subsample": 0.0, "max_depth": 10.0, "num_boost_round": 29.0}, "datetime": {"datetime": "2024-01-19 00:52:07", "elapsed": 2435.046831, "delta": 0.003108}}
{"target": -17.677188657187205, "params": {"gamma": 729.5747835865754, "log10_alpha": 1.0, "log10_colsample_bytree": 0.0, "log10_eta": -4.0, "log10_lambda": 1.0, "log10_min_child_weight": 5.0, "log10_subsample": 0.0, "max_depth": 10.0, "num_boost_round": 30.0}, "datetime": {"datetime": "2024-01-19 00:52:07", "elapsed": 2435.049972, "delta": 0.003141}}
{"target": -17.677187237297584, "params": {"gamma": 729.5747835865754, "log10_alpha": 1.0, "log10_colsample_bytree": 0.0, "log10_eta": -4.0, "log10_lambda": 1.0, "log10_min_child_weight": 5.0, "log10_subsample": 0.0, "max_depth": 10.0, "num_boost_round": 31.0}, "datetime": {"datetime": "2024-01-19 00:52:07", "elapsed": 2435.053075, "delta": 0.003103}}
{"target": -17.677185820217886, "params": {"gamma": 729.5747835865754, "log10_alpha": 1.0, "log10_colsample_bytree": 0.0, "log10_eta": -4.0, "log10_lambda": 1.0, "log10_min_child_weight": 5.0, "log10_subsample": 0.0, "max_depth": 10.0, "num_boost_round": 32.0}, "datetime": {"datetime": "2024-01-19 00:52:07", "elapsed": 2435.056204, "delta": 0.003129}}
{"target": -17.677184380840362, "params": {"gamma": 729.5747835865754, "log10_alpha": 1.0, "log10_colsample_bytree": 0.0, "log10_eta": -4.0, "log10_lambda": 1.0, "log10_min_child_weight": 5.0, "log10_subsample": 0.0, "max_depth": 10.0, "num_boost_round": 33.0}, "datetime": {"datetime": "2024-01-19 00:52:07", "elapsed": 2435.059378, "delta": 0.003174}}
{"target": -17.67718298614462, "params": {"gamma": 729.5747835865754, "log10_alpha": 1.0, "log10_colsample_bytree": 0.0, "log10_eta": -4.0, "log10_lambda": 1.0, "log10_min_child_weight": 5.0, "log10_subsample": 0.0, "max_depth": 10.0, "num_boost_round": 34.0}, "datetime": {"datetime": "2024-01-19 00:52:07", "elapsed": 2435.062469, "delta": 0.003091}}
{"target": -17.677181576008397, "params": {"gamma": 729.5747835865754, "log10_alpha": 1.0, "log10_colsample_bytree": 0.0, "log10_eta": -4.0, "log10_lambda": 1.0, "log10_min_child_weight": 5.0, "log10_subsample": 0.0, "max_depth": 10.0, "num_boost_round": 35.0}, "datetime": {"datetime": "2024-01-19 00:52:07", "elapsed": 2435.065587, "delta": 0.003118}}
{"target": -17.677180174610942, "params": {"gamma": 729.5747835865754, "log10_alpha": 1.0, "log10_colsample_bytree": 0.0, "log10_eta": -4.0, "log10_lambda": 1.0, "log10_min_child_weight": 5.0, "log10_subsample": 0.0, "max_depth": 10.0, "num_boost_round": 36.0}, "datetime": {"datetime": "2024-01-19 00:52:07", "elapsed": 2435.068714, "delta": 0.003127}}
{"target": -17.677178756639144, "params": {"gamma": 729.5747835865754, "log10_alpha": 1.0, "log10_colsample_bytree": 0.0, "log10_eta": -4.0, "log10_lambda": 1.0, "log10_min_child_weight": 5.0, "log10_subsample": 0.0, "max_depth": 10.0, "num_boost_round": 37.0}, "datetime": {"datetime": "2024-01-19 00:52:07", "elapsed": 2435.07183, "delta": 0.003116}}
{"target": -17.67717734385721, "params": {"gamma": 729.5747835865754, "log10_alpha": 1.0, "log10_colsample_bytree": 0.0, "log10_eta": -4.0, "log10_lambda": 1.0, "log10_min_child_weight": 5.0, "log10_subsample": 0.0, "max_depth": 10.0, "num_boost_round": 38.0}, "datetime": {"datetime": "2024-01-19 00:52:07", "elapsed": 2435.074973, "delta": 0.003143}}
{"target": -17.677214748049913, "params": {"gamma": 714.3458475012188, "log10_alpha": -4.80391872346699, "log10_colsample_bytree": -0.6053062515336021, "log10_eta": -3.321745121919731, "log10_lambda": -4.236272546153236, "log10_min_child_weight": 1.4643593357641649, "log10_subsample": -0.9214826411318432, "max_depth": 2.0, "num_boost_round": 0.0}, "datetime": {"datetime": "2024-01-19 00:53:13", "elapsed": 2500.600414, "delta": 65.525441}}
{"target": -17.67720728891483, "params": {"gamma": 714.3458475012188, "log10_alpha": -4.80391872346699, "log10_colsample_bytree": -0.6053062515336021, "log10_eta": -3.321745121919731, "log10_lambda": -4.236272546153236, "log10_min_child_weight": 1.4643593357641649, "log10_subsample": -0.9214826411318432, "max_depth": 2.0, "num_boost_round": 1.0}, "datetime": {"datetime": "2024-01-19 00:53:13", "elapsed": 2500.604323, "delta": 0.003909}}
{"target": -17.677193371462003, "params": {"gamma": 714.3458475012188, "log10_alpha": -4.80391872346699, "log10_colsample_bytree": -0.6053062515336021, "log10_eta": -3.321745121919731, "log10_lambda": -4.236272546153236, "log10_min_child_weight": 1.4643593357641649, "log10_subsample": -0.9214826411318432, "max_depth": 2.0, "num_boost_round": 2.0}, "datetime": {"datetime": "2024-01-19 00:53:13", "elapsed": 2500.607817, "delta": 0.003494}}
{"target": -17.677189441554724, "params": {"gamma": 714.3458475012188, "log10_alpha": -4.80391872346699, "log10_colsample_bytree": -0.6053062515336021, "log10_eta": -3.321745121919731, "log10_lambda": -4.236272546153236, "log10_min_child_weight": 1.4643593357641649, "log10_subsample": -0.9214826411318432, "max_depth": 2.0, "num_boost_round": 3.0}, "datetime": {"datetime": "2024-01-19 00:53:13", "elapsed": 2500.61111, "delta": 0.003293}}
{"target": -17.677187084176527, "params": {"gamma": 714.3458475012188, "log10_alpha": -4.80391872346699, "log10_colsample_bytree": -0.6053062515336021, "log10_eta": -3.321745121919731, "log10_lambda": -4.236272546153236, "log10_min_child_weight": 1.4643593357641649, "log10_subsample": -0.9214826411318432, "max_depth": 2.0, "num_boost_round": 4.0}, "datetime": {"datetime": "2024-01-19 00:53:13", "elapsed": 2500.614367, "delta": 0.003257}}
{"target": -17.677181450218214, "params": {"gamma": 714.3458475012188, "log10_alpha": -4.80391872346699, "log10_colsample_bytree": -0.6053062515336021, "log10_eta": -3.321745121919731, "log10_lambda": -4.236272546153236, "log10_min_child_weight": 1.4643593357641649, "log10_subsample": -0.9214826411318432, "max_depth": 2.0, "num_boost_round": 5.0}, "datetime": {"datetime": "2024-01-19 00:53:13", "elapsed": 2500.617649, "delta": 0.003282}}
{"target": -17.677167972820442, "params": {"gamma": 714.3458475012188, "log10_alpha": -4.80391872346699, "log10_colsample_bytree": -0.6053062515336021, "log10_eta": -3.321745121919731, "log10_lambda": -4.236272546153236, "log10_min_child_weight": 1.4643593357641649, "log10_subsample": -0.9214826411318432, "max_depth": 2.0, "num_boost_round": 6.0}, "datetime": {"datetime": "2024-01-19 00:53:13", "elapsed": 2500.620852, "delta": 0.003203}}
{"target": -17.677150696873436, "params": {"gamma": 714.3458475012188, "log10_alpha": -4.80391872346699, "log10_colsample_bytree": -0.6053062515336021, "log10_eta": -3.321745121919731, "log10_lambda": -4.236272546153236, "log10_min_child_weight": 1.4643593357641649, "log10_subsample": -0.9214826411318432, "max_depth": 2.0, "num_boost_round": 7.0}, "datetime": {"datetime": "2024-01-19 00:53:13", "elapsed": 2500.624112, "delta": 0.00326}}
{"target": -17.677142304556128, "params": {"gamma": 714.3458475012188, "log10_alpha": -4.80391872346699, "log10_colsample_bytree": -0.6053062515336021, "log10_eta": -3.321745121919731, "log10_lambda": -4.236272546153236, "log10_min_child_weight": 1.4643593357641649, "log10_subsample": -0.9214826411318432, "max_depth": 2.0, "num_boost_round": 8.0}, "datetime": {"datetime": "2024-01-19 00:53:13", "elapsed": 2500.627279, "delta": 0.003167}}
{"target": -17.677133828473636, "params": {"gamma": 714.3458475012188, "log10_alpha": -4.80391872346699, "log10_colsample_bytree": -0.6053062515336021, "log10_eta": -3.321745121919731, "log10_lambda": -4.236272546153236, "log10_min_child_weight": 1.4643593357641649, "log10_subsample": -0.9214826411318432, "max_depth": 2.0, "num_boost_round": 9.0}, "datetime": {"datetime": "2024-01-19 00:53:13", "elapsed": 2500.63067, "delta": 0.003391}}
{"target": -17.677127344263926, "params": {"gamma": 714.3458475012188, "log10_alpha": -4.80391872346699, "log10_colsample_bytree": -0.6053062515336021, "log10_eta": -3.321745121919731, "log10_lambda": -4.236272546153236, "log10_min_child_weight": 1.4643593357641649, "log10_subsample": -0.9214826411318432, "max_depth": 2.0, "num_boost_round": 10.0}, "datetime": {"datetime": "2024-01-19 00:53:13", "elapsed": 2500.634099, "delta": 0.003429}}
{"target": -17.6771210568603, "params": {"gamma": 714.3458475012188, "log10_alpha": -4.80391872346699, "log10_colsample_bytree": -0.6053062515336021, "log10_eta": -3.321745121919731, "log10_lambda": -4.236272546153236, "log10_min_child_weight": 1.4643593357641649, "log10_subsample": -0.9214826411318432, "max_depth": 2.0, "num_boost_round": 11.0}, "datetime": {"datetime": "2024-01-19 00:53:13", "elapsed": 2500.637495, "delta": 0.003396}}
{"target": -17.67711054056623, "params": {"gamma": 714.3458475012188, "log10_alpha": -4.80391872346699, "log10_colsample_bytree": -0.6053062515336021, "log10_eta": -3.321745121919731, "log10_lambda": -4.236272546153236, "log10_min_child_weight": 1.4643593357641649, "log10_subsample": -0.9214826411318432, "max_depth": 2.0, "num_boost_round": 12.0}, "datetime": {"datetime": "2024-01-19 00:53:13", "elapsed": 2500.640776, "delta": 0.003281}}
{"target": -17.677101678923243, "params": {"gamma": 714.3458475012188, "log10_alpha": -4.80391872346699, "log10_colsample_bytree": -0.6053062515336021, "log10_eta": -3.321745121919731, "log10_lambda": -4.236272546153236, "log10_min_child_weight": 1.4643593357641649, "log10_subsample": -0.9214826411318432, "max_depth": 2.0, "num_boost_round": 13.0}, "datetime": {"datetime": "2024-01-19 00:53:13", "elapsed": 2500.643959, "delta": 0.003183}}
{"target": -17.677099172642077, "params": {"gamma": 714.3458475012188, "log10_alpha": -4.80391872346699, "log10_colsample_bytree": -0.6053062515336021, "log10_eta": -3.321745121919731, "log10_lambda": -4.236272546153236, "log10_min_child_weight": 1.4643593357641649, "log10_subsample": -0.9214826411318432, "max_depth": 2.0, "num_boost_round": 14.0}, "datetime": {"datetime": "2024-01-19 00:53:13", "elapsed": 2500.647154, "delta": 0.003195}}
{"target": -17.677086524113438, "params": {"gamma": 714.3458475012188, "log10_alpha": -4.80391872346699, "log10_colsample_bytree": -0.6053062515336021, "log10_eta": -3.321745121919731, "log10_lambda": -4.236272546153236, "log10_min_child_weight": 1.4643593357641649, "log10_subsample": -0.9214826411318432, "max_depth": 2.0, "num_boost_round": 15.0}, "datetime": {"datetime": "2024-01-19 00:53:13", "elapsed": 2500.650421, "delta": 0.003267}}
{"target": -17.677075765751674, "params": {"gamma": 714.3458475012188, "log10_alpha": -4.80391872346699, "log10_colsample_bytree": -0.6053062515336021, "log10_eta": -3.321745121919731, "log10_lambda": -4.236272546153236, "log10_min_child_weight": 1.4643593357641649, "log10_subsample": -0.9214826411318432, "max_depth": 2.0, "num_boost_round": 16.0}, "datetime": {"datetime": "2024-01-19 00:53:13", "elapsed": 2500.653585, "delta": 0.003164}}
{"target": -17.67706828521454, "params": {"gamma": 714.3458475012188, "log10_alpha": -4.80391872346699, "log10_colsample_bytree": -0.6053062515336021, "log10_eta": -3.321745121919731, "log10_lambda": -4.236272546153236, "log10_min_child_weight": 1.4643593357641649, "log10_subsample": -0.9214826411318432, "max_depth": 2.0, "num_boost_round": 17.0}, "datetime": {"datetime": "2024-01-19 00:53:13", "elapsed": 2500.656806, "delta": 0.003221}}
{"target": -17.677068309752183, "params": {"gamma": 714.3458475012188, "log10_alpha": -4.80391872346699, "log10_colsample_bytree": -0.6053062515336021, "log10_eta": -3.321745121919731, "log10_lambda": -4.236272546153236, "log10_min_child_weight": 1.4643593357641649, "log10_subsample": -0.9214826411318432, "max_depth": 2.0, "num_boost_round": 18.0}, "datetime": {"datetime": "2024-01-19 00:53:13", "elapsed": 2500.659968, "delta": 0.003162}}
{"target": -17.677058169745607, "params": {"gamma": 714.3458475012188, "log10_alpha": -4.80391872346699, "log10_colsample_bytree": -0.6053062515336021, "log10_eta": -3.321745121919731, "log10_lambda": -4.236272546153236, "log10_min_child_weight": 1.4643593357641649, "log10_subsample": -0.9214826411318432, "max_depth": 2.0, "num_boost_round": 19.0}, "datetime": {"datetime": "2024-01-19 00:53:13", "elapsed": 2500.663125, "delta": 0.003157}}
{"target": -17.67705160556808, "params": {"gamma": 714.3458475012188, "log10_alpha": -4.80391872346699, "log10_colsample_bytree": -0.6053062515336021, "log10_eta": -3.321745121919731, "log10_lambda": -4.236272546153236, "log10_min_child_weight": 1.4643593357641649, "log10_subsample": -0.9214826411318432, "max_depth": 2.0, "num_boost_round": 20.0}, "datetime": {"datetime": "2024-01-19 00:53:13", "elapsed": 2500.666283, "delta": 0.003158}}
{"target": -17.6770379805317, "params": {"gamma": 714.3458475012188, "log10_alpha": -4.80391872346699, "log10_colsample_bytree": -0.6053062515336021, "log10_eta": -3.321745121919731, "log10_lambda": -4.236272546153236, "log10_min_child_weight": 1.4643593357641649, "log10_subsample": -0.9214826411318432, "max_depth": 2.0, "num_boost_round": 21.0}, "datetime": {"datetime": "2024-01-19 00:53:13", "elapsed": 2500.669493, "delta": 0.00321}}
{"target": -17.677027896813346, "params": {"gamma": 714.3458475012188, "log10_alpha": -4.80391872346699, "log10_colsample_bytree": -0.6053062515336021, "log10_eta": -3.321745121919731, "log10_lambda": -4.236272546153236, "log10_min_child_weight": 1.4643593357641649, "log10_subsample": -0.9214826411318432, "max_depth": 2.0, "num_boost_round": 22.0}, "datetime": {"datetime": "2024-01-19 00:53:13", "elapsed": 2500.67269, "delta": 0.003197}}
{"target": -17.677004613736226, "params": {"gamma": 714.3458475012188, "log10_alpha": -4.80391872346699, "log10_colsample_bytree": -0.6053062515336021, "log10_eta": -3.321745121919731, "log10_lambda": -4.236272546153236, "log10_min_child_weight": 1.4643593357641649, "log10_subsample": -0.9214826411318432, "max_depth": 2.0, "num_boost_round": 23.0}, "datetime": {"datetime": "2024-01-19 00:53:13", "elapsed": 2500.675866, "delta": 0.003176}}
{"target": -17.67699842710838, "params": {"gamma": 714.3458475012188, "log10_alpha": -4.80391872346699, "log10_colsample_bytree": -0.6053062515336021, "log10_eta": -3.321745121919731, "log10_lambda": -4.236272546153236, "log10_min_child_weight": 1.4643593357641649, "log10_subsample": -0.9214826411318432, "max_depth": 2.0, "num_boost_round": 24.0}, "datetime": {"datetime": "2024-01-19 00:53:13", "elapsed": 2500.679272, "delta": 0.003406}}
