{"target": -13.760261857499954, "params": {"gamma": 430.6794245197743, "log10_alpha": -1.1455207110114785, "log10_colsample_bytree": -0.33843316232112564, "log10_eta": -2.0787877003624518, "log10_lambda": 0.5486829575028382, "log10_min_child_weight": 0.22670305656681378, "log10_subsample": -0.2062993761687424, "max_depth": 6.0, "num_boost_round": 38.0}, "datetime": {"datetime": "2024-01-19 00:45:59", "elapsed": 2062.102982, "delta": 0.003319}}
{"target": -13.758535720982252, "params": {"gamma": 406.408593062856, "log10_alpha": -0.36195268133182257, "log10_colsample_bytree": -0.6621729022587532, "log10_eta": -3.406525461155512, "log10_lambda": -4.828287191963931, "log10_min_child_weight": 3.765864822080588, "log10_subsample": -0.7945895805719095, "max_depth": 2.0, "num_boost_round": 0.0}, "datetime": {"datetime": "2024-01-19 00:46:47", "elapsed": 2111.002339, "delta": 48.899357}}
{"target": -13.758534418813708, "params": {"gamma": 406.408593062856, "log10_alpha": -0.36195268133182257, "log10_colsample_bytree": -0.6621729022587532, "log10_eta": -3.406525461155512, "log10_lambda": -4.828287191963931, "log10_min_child_weight": 3.765864822080588, "log10_subsample": -0.7945895805719095, "max_depth": 2.0, "num_boost_round": 1.0}, "datetime": {"datetime": "2024-01-19 00:46:47", "elapsed": 2111.006162, "delta": 0.003823}}
{"target": -13.758532939830342, "params": {"gamma": 406.408593062856, "log10_alpha": -0.36195268133182257, "log10_colsample_bytree": -0.6621729022587532, "log10_eta": -3.406525461155512, "log10_lambda": -4.828287191963931, "log10_min_child_weight": 3.765864822080588, "log10_subsample": -0.7945895805719095, "max_depth": 2.0, "num_boost_round": 2.0}, "datetime": {"datetime": "2024-01-19 00:46:47", "elapsed": 2111.009591, "delta": 0.003429}}
{"target": -13.758531456140837, "params": {"gamma": 406.408593062856, "log10_alpha": -0.36195268133182257, "log10_colsample_bytree": -0.6621729022587532, "log10_eta": -3.406525461155512, "log10_lambda": -4.828287191963931, "log10_min_child_weight": 3.765864822080588, "log10_subsample": -0.7945895805719095, "max_depth": 2.0, "num_boost_round": 3.0}, "datetime": {"datetime": "2024-01-19 00:46:47", "elapsed": 2111.012804, "delta": 0.003213}}
{"target": -13.75853010598236, "params": {"gamma": 406.408593062856, "log10_alpha": -0.36195268133182257, "log10_colsample_bytree": -0.6621729022587532, "log10_eta": -3.406525461155512, "log10_lambda": -4.828287191963931, "log10_min_child_weight": 3.765864822080588, "log10_subsample": -0.7945895805719095, "max_depth": 2.0, "num_boost_round": 4.0}, "datetime": {"datetime": "2024-01-19 00:46:47", "elapsed": 2111.016036, "delta": 0.003232}}
{"target": -13.758533147047634, "params": {"gamma": 406.408593062856, "log10_alpha": -0.36195268133182257, "log10_colsample_bytree": -0.6621729022587532, "log10_eta": -3.406525461155512, "log10_lambda": -4.828287191963931, "log10_min_child_weight": 3.765864822080588, "log10_subsample": -0.7945895805719095, "max_depth": 2.0, "num_boost_round": 5.0}, "datetime": {"datetime": "2024-01-19 00:46:47", "elapsed": 2111.019245, "delta": 0.003209}}
{"target": -13.75853737141683, "params": {"gamma": 406.408593062856, "log10_alpha": -0.36195268133182257, "log10_colsample_bytree": -0.6621729022587532, "log10_eta": -3.406525461155512, "log10_lambda": -4.828287191963931, "log10_min_child_weight": 3.765864822080588, "log10_subsample": -0.7945895805719095, "max_depth": 2.0, "num_boost_round": 6.0}, "datetime": {"datetime": "2024-01-19 00:46:47", "elapsed": 2111.022459, "delta": 0.003214}}
{"target": -13.75853501165484, "params": {"gamma": 406.408593062856, "log10_alpha": -0.36195268133182257, "log10_colsample_bytree": -0.6621729022587532, "log10_eta": -3.406525461155512, "log10_lambda": -4.828287191963931, "log10_min_child_weight": 3.765864822080588, "log10_subsample": -0.7945895805719095, "max_depth": 2.0, "num_boost_round": 7.0}, "datetime": {"datetime": "2024-01-19 00:46:47", "elapsed": 2111.025683, "delta": 0.003224}}
{"target": -13.75853650066723, "params": {"gamma": 406.408593062856, "log10_alpha": -0.36195268133182257, "log10_colsample_bytree": -0.6621729022587532, "log10_eta": -3.406525461155512, "log10_lambda": -4.828287191963931, "log10_min_child_weight": 3.765864822080588, "log10_subsample": -0.7945895805719095, "max_depth": 2.0, "num_boost_round": 8.0}, "datetime": {"datetime": "2024-01-19 00:46:47", "elapsed": 2111.029038, "delta": 0.003355}}
{"target": -13.758534434413837, "params": {"gamma": 406.408593062856, "log10_alpha": -0.36195268133182257, "log10_colsample_bytree": -0.6621729022587532, "log10_eta": -3.406525461155512, "log10_lambda": -4.828287191963931, "log10_min_child_weight": 3.765864822080588, "log10_subsample": -0.7945895805719095, "max_depth": 2.0, "num_boost_round": 9.0}, "datetime": {"datetime": "2024-01-19 00:46:47", "elapsed": 2111.032241, "delta": 0.003203}}
{"target": -13.75853293396158, "params": {"gamma": 406.408593062856, "log10_alpha": -0.36195268133182257, "log10_colsample_bytree": -0.6621729022587532, "log10_eta": -3.406525461155512, "log10_lambda": -4.828287191963931, "log10_min_child_weight": 3.765864822080588, "log10_subsample": -0.7945895805719095, "max_depth": 2.0, "num_boost_round": 10.0}, "datetime": {"datetime": "2024-01-19 00:46:47", "elapsed": 2111.035452, "delta": 0.003211}}
{"target": -13.758530769230868, "params": {"gamma": 406.408593062856, "log10_alpha": -0.36195268133182257, "log10_colsample_bytree": -0.6621729022587532, "log10_eta": -3.406525461155512, "log10_lambda": -4.828287191963931, "log10_min_child_weight": 3.765864822080588, "log10_subsample": -0.7945895805719095, "max_depth": 2.0, "num_boost_round": 11.0}, "datetime": {"datetime": "2024-01-19 00:46:47", "elapsed": 2111.038714, "delta": 0.003262}}
{"target": -13.75853382064478, "params": {"gamma": 406.408593062856, "log10_alpha": -0.36195268133182257, "log10_colsample_bytree": -0.6621729022587532, "log10_eta": -3.406525461155512, "log10_lambda": -4.828287191963931, "log10_min_child_weight": 3.765864822080588, "log10_subsample": -0.7945895805719095, "max_depth": 2.0, "num_boost_round": 12.0}, "datetime": {"datetime": "2024-01-19 00:46:47", "elapsed": 2111.041994, "delta": 0.00328}}
{"target": -13.758531375456759, "params": {"gamma": 406.408593062856, "log10_alpha": -0.36195268133182257, "log10_colsample_bytree": -0.6621729022587532, "log10_eta": -3.406525461155512, "log10_lambda": -4.828287191963931, "log10_min_child_weight": 3.765864822080588, "log10_subsample": -0.7945895805719095, "max_depth": 2.0, "num_boost_round": 13.0}, "datetime": {"datetime": "2024-01-19 00:46:47", "elapsed": 2111.045185, "delta": 0.003191}}
{"target": -13.75853129233953, "params": {"gamma": 406.408593062856, "log10_alpha": -0.36195268133182257, "log10_colsample_bytree": -0.6621729022587532, "log10_eta": -3.406525461155512, "log10_lambda": -4.828287191963931, "log10_min_child_weight": 3.765864822080588, "log10_subsample": -0.7945895805719095, "max_depth": 2.0, "num_boost_round": 14.0}, "datetime": {"datetime": "2024-01-19 00:46:47", "elapsed": 2111.048537, "delta": 0.003352}}
{"target": -13.758528648977318, "params": {"gamma": 406.408593062856, "log10_alpha": -0.36195268133182257, "log10_colsample_bytree": -0.6621729022587532, "log10_eta": -3.406525461155512, "log10_lambda": -4.828287191963931, "log10_min_child_weight": 3.765864822080588, "log10_subsample": -0.7945895805719095, "max_depth": 2.0, "num_boost_round": 15.0}, "datetime": {"datetime": "2024-01-19 00:46:47", "elapsed": 2111.051746, "delta": 0.003209}}
{"target": -13.758529001212612, "params": {"gamma": 406.408593062856, "log10_alpha": -0.36195268133182257, "log10_colsample_bytree": -0.6621729022587532, "log10_eta": -3.406525461155512, "log10_lambda": -4.828287191963931, "log10_min_child_weight": 3.765864822080588, "log10_subsample": -0.7945895805719095, "max_depth": 2.0, "num_boost_round": 16.0}, "datetime": {"datetime": "2024-01-19 00:46:47", "elapsed": 2111.054985, "delta": 0.003239}}
{"target": -13.758529704452314, "params": {"gamma": 406.408593062856, "log10_alpha": -0.36195268133182257, "log10_colsample_bytree": -0.6621729022587532, "log10_eta": -3.406525461155512, "log10_lambda": -4.828287191963931, "log10_min_child_weight": 3.765864822080588, "log10_subsample": -0.7945895805719095, "max_depth": 2.0, "num_boost_round": 17.0}, "datetime": {"datetime": "2024-01-19 00:46:47", "elapsed": 2111.058227, "delta": 0.003242}}
{"target": -13.7585295046855, "params": {"gamma": 406.408593062856, "log10_alpha": -0.36195268133182257, "log10_colsample_bytree": -0.6621729022587532, "log10_eta": -3.406525461155512, "log10_lambda": -4.828287191963931, "log10_min_child_weight": 3.765864822080588, "log10_subsample": -0.7945895805719095, "max_depth": 2.0, "num_boost_round": 18.0}, "datetime": {"datetime": "2024-01-19 00:46:47", "elapsed": 2111.061453, "delta": 0.003226}}
{"target": -13.758527807872408, "params": {"gamma": 406.408593062856, "log10_alpha": -0.36195268133182257, "log10_colsample_bytree": -0.6621729022587532, "log10_eta": -3.406525461155512, "log10_lambda": -4.828287191963931, "log10_min_child_weight": 3.765864822080588, "log10_subsample": -0.7945895805719095, "max_depth": 2.0, "num_boost_round": 19.0}, "datetime": {"datetime": "2024-01-19 00:46:47", "elapsed": 2111.064674, "delta": 0.003221}}
{"target": -13.758528627136727, "params": {"gamma": 406.408593062856, "log10_alpha": -0.36195268133182257, "log10_colsample_bytree": -0.6621729022587532, "log10_eta": -3.406525461155512, "log10_lambda": -4.828287191963931, "log10_min_child_weight": 3.765864822080588, "log10_subsample": -0.7945895805719095, "max_depth": 2.0, "num_boost_round": 20.0}, "datetime": {"datetime": "2024-01-19 00:46:47", "elapsed": 2111.067897, "delta": 0.003223}}
{"target": -13.758530345608259, "params": {"gamma": 406.408593062856, "log10_alpha": -0.36195268133182257, "log10_colsample_bytree": -0.6621729022587532, "log10_eta": -3.406525461155512, "log10_lambda": -4.828287191963931, "log10_min_child_weight": 3.765864822080588, "log10_subsample": -0.7945895805719095, "max_depth": 2.0, "num_boost_round": 21.0}, "datetime": {"datetime": "2024-01-19 00:46:47", "elapsed": 2111.071623, "delta": 0.003726}}
{"target": -13.758532770139592, "params": {"gamma": 406.408593062856, "log10_alpha": -0.36195268133182257, "log10_colsample_bytree": -0.6621729022587532, "log10_eta": -3.406525461155512, "log10_lambda": -4.828287191963931, "log10_min_child_weight": 3.765864822080588, "log10_subsample": -0.7945895805719095, "max_depth": 2.0, "num_boost_round": 22.0}, "datetime": {"datetime": "2024-01-19 00:46:47", "elapsed": 2111.075715, "delta": 0.004092}}
{"target": -13.758531369720925, "params": {"gamma": 406.408593062856, "log10_alpha": -0.36195268133182257, "log10_colsample_bytree": -0.6621729022587532, "log10_eta": -3.406525461155512, "log10_lambda": -4.828287191963931, "log10_min_child_weight": 3.765864822080588, "log10_subsample": -0.7945895805719095, "max_depth": 2.0, "num_boost_round": 23.0}, "datetime": {"datetime": "2024-01-19 00:46:47", "elapsed": 2111.078937, "delta": 0.003222}}
{"target": -13.758529550720672, "params": {"gamma": 406.408593062856, "log10_alpha": -0.36195268133182257, "log10_colsample_bytree": -0.6621729022587532, "log10_eta": -3.406525461155512, "log10_lambda": -4.828287191963931, "log10_min_child_weight": 3.765864822080588, "log10_subsample": -0.7945895805719095, "max_depth": 2.0, "num_boost_round": 24.0}, "datetime": {"datetime": "2024-01-19 00:46:47", "elapsed": 2111.082162, "delta": 0.003225}}
{"target": -13.75852899137108, "params": {"gamma": 406.408593062856, "log10_alpha": -0.36195268133182257, "log10_colsample_bytree": -0.6621729022587532, "log10_eta": -3.406525461155512, "log10_lambda": -4.828287191963931, "log10_min_child_weight": 3.765864822080588, "log10_subsample": -0.7945895805719095, "max_depth": 2.0, "num_boost_round": 25.0}, "datetime": {"datetime": "2024-01-19 00:46:47", "elapsed": 2111.085405, "delta": 0.003243}}
{"target": -13.7585298249006, "params": {"gamma": 406.408593062856, "log10_alpha": -0.36195268133182257, "log10_colsample_bytree": -0.6621729022587532, "log10_eta": -3.406525461155512, "log10_lambda": -4.828287191963931, "log10_min_child_weight": 3.765864822080588, "log10_subsample": -0.7945895805719095, "max_depth": 2.0, "num_boost_round": 26.0}, "datetime": {"datetime": "2024-01-19 00:46:47", "elapsed": 2111.088634, "delta": 0.003229}}
{"target": -13.75852579795008, "params": {"gamma": 406.408593062856, "log10_alpha": -0.36195268133182257, "log10_colsample_bytree": -0.6621729022587532, "log10_eta": -3.406525461155512, "log10_lambda": -4.828287191963931, "log10_min_child_weight": 3.765864822080588, "log10_subsample": -0.7945895805719095, "max_depth": 2.0, "num_boost_round": 27.0}, "datetime": {"datetime": "2024-01-19 00:46:47", "elapsed": 2111.092163, "delta": 0.003529}}
{"target": -13.75852145433904, "params": {"gamma": 406.408593062856, "log10_alpha": -0.36195268133182257, "log10_colsample_bytree": -0.6621729022587532, "log10_eta": -3.406525461155512, "log10_lambda": -4.828287191963931, "log10_min_child_weight": 3.765864822080588, "log10_subsample": -0.7945895805719095, "max_depth": 2.0, "num_boost_round": 28.0}, "datetime": {"datetime": "2024-01-19 00:46:47", "elapsed": 2111.095582, "delta": 0.003419}}
{"target": -13.758518977282103, "params": {"gamma": 406.408593062856, "log10_alpha": -0.36195268133182257, "log10_colsample_bytree": -0.6621729022587532, "log10_eta": -3.406525461155512, "log10_lambda": -4.828287191963931, "log10_min_child_weight": 3.765864822080588, "log10_subsample": -0.7945895805719095, "max_depth": 2.0, "num_boost_round": 29.0}, "datetime": {"datetime": "2024-01-19 00:46:48", "elapsed": 2111.098923, "delta": 0.003341}}
{"target": -13.758517928083343, "params": {"gamma": 406.408593062856, "log10_alpha": -0.36195268133182257, "log10_colsample_bytree": -0.6621729022587532, "log10_eta": -3.406525461155512, "log10_lambda": -4.828287191963931, "log10_min_child_weight": 3.765864822080588, "log10_subsample": -0.7945895805719095, "max_depth": 2.0, "num_boost_round": 30.0}, "datetime": {"datetime": "2024-01-19 00:46:48", "elapsed": 2111.102248, "delta": 0.003325}}
{"target": -13.758517988210084, "params": {"gamma": 406.408593062856, "log10_alpha": -0.36195268133182257, "log10_colsample_bytree": -0.6621729022587532, "log10_eta": -3.406525461155512, "log10_lambda": -4.828287191963931, "log10_min_child_weight": 3.765864822080588, "log10_subsample": -0.7945895805719095, "max_depth": 2.0, "num_boost_round": 31.0}, "datetime": {"datetime": "2024-01-19 00:46:48", "elapsed": 2111.105444, "delta": 0.003196}}
{"target": -13.758519587835297, "params": {"gamma": 406.408593062856, "log10_alpha": -0.36195268133182257, "log10_colsample_bytree": -0.6621729022587532, "log10_eta": -3.406525461155512, "log10_lambda": -4.828287191963931, "log10_min_child_weight": 3.765864822080588, "log10_subsample": -0.7945895805719095, "max_depth": 2.0, "num_boost_round": 32.0}, "datetime": {"datetime": "2024-01-19 00:46:48", "elapsed": 2111.108684, "delta": 0.00324}}
{"target": -13.75852185328507, "params": {"gamma": 406.408593062856, "log10_alpha": -0.36195268133182257, "log10_colsample_bytree": -0.6621729022587532, "log10_eta": -3.406525461155512, "log10_lambda": -4.828287191963931, "log10_min_child_weight": 3.765864822080588, "log10_subsample": -0.7945895805719095, "max_depth": 2.0, "num_boost_round": 33.0}, "datetime": {"datetime": "2024-01-19 00:46:48", "elapsed": 2111.111913, "delta": 0.003229}}
{"target": -13.758519547693428, "params": {"gamma": 406.408593062856, "log10_alpha": -0.36195268133182257, "log10_colsample_bytree": -0.6621729022587532, "log10_eta": -3.406525461155512, "log10_lambda": -4.828287191963931, "log10_min_child_weight": 3.765864822080588, "log10_subsample": -0.7945895805719095, "max_depth": 2.0, "num_boost_round": 34.0}, "datetime": {"datetime": "2024-01-19 00:46:48", "elapsed": 2111.115153, "delta": 0.00324}}
{"target": -13.758519411624748, "params": {"gamma": 406.408593062856, "log10_alpha": -0.36195268133182257, "log10_colsample_bytree": -0.6621729022587532, "log10_eta": -3.406525461155512, "log10_lambda": -4.828287191963931, "log10_min_child_weight": 3.765864822080588, "log10_subsample": -0.7945895805719095, "max_depth": 2.0, "num_boost_round": 35.0}, "datetime": {"datetime": "2024-01-19 00:46:48", "elapsed": 2111.11837, "delta": 0.003217}}
{"target": -13.758519118538379, "params": {"gamma": 406.408593062856, "log10_alpha": -0.36195268133182257, "log10_colsample_bytree": -0.6621729022587532, "log10_eta": -3.406525461155512, "log10_lambda": -4.828287191963931, "log10_min_child_weight": 3.765864822080588, "log10_subsample": -0.7945895805719095, "max_depth": 2.0, "num_boost_round": 36.0}, "datetime": {"datetime": "2024-01-19 00:46:48", "elapsed": 2111.121633, "delta": 0.003263}}
{"target": -13.758518805079271, "params": {"gamma": 406.408593062856, "log10_alpha": -0.36195268133182257, "log10_colsample_bytree": -0.6621729022587532, "log10_eta": -3.406525461155512, "log10_lambda": -4.828287191963931, "log10_min_child_weight": 3.765864822080588, "log10_subsample": -0.7945895805719095, "max_depth": 2.0, "num_boost_round": 37.0}, "datetime": {"datetime": "2024-01-19 00:46:48", "elapsed": 2111.124872, "delta": 0.003239}}
{"target": -13.758516250961888, "params": {"gamma": 406.408593062856, "log10_alpha": -0.36195268133182257, "log10_colsample_bytree": -0.6621729022587532, "log10_eta": -3.406525461155512, "log10_lambda": -4.828287191963931, "log10_min_child_weight": 3.765864822080588, "log10_subsample": -0.7945895805719095, "max_depth": 2.0, "num_boost_round": 38.0}, "datetime": {"datetime": "2024-01-19 00:46:48", "elapsed": 2111.12814, "delta": 0.003268}}
{"target": -13.758512918203074, "params": {"gamma": 406.408593062856, "log10_alpha": -0.36195268133182257, "log10_colsample_bytree": -0.6621729022587532, "log10_eta": -3.406525461155512, "log10_lambda": -4.828287191963931, "log10_min_child_weight": 3.765864822080588, "log10_subsample": -0.7945895805719095, "max_depth": 2.0, "num_boost_round": 39.0}, "datetime": {"datetime": "2024-01-19 00:46:48", "elapsed": 2111.131353, "delta": 0.003213}}
{"target": -13.758512417542606, "params": {"gamma": 406.408593062856, "log10_alpha": -0.36195268133182257, "log10_colsample_bytree": -0.6621729022587532, "log10_eta": -3.406525461155512, "log10_lambda": -4.828287191963931, "log10_min_child_weight": 3.765864822080588, "log10_subsample": -0.7945895805719095, "max_depth": 2.0, "num_boost_round": 40.0}, "datetime": {"datetime": "2024-01-19 00:46:48", "elapsed": 2111.134642, "delta": 0.003289}}
{"target": -13.758511031406863, "params": {"gamma": 406.408593062856, "log10_alpha": -0.36195268133182257, "log10_colsample_bytree": -0.6621729022587532, "log10_eta": -3.406525461155512, "log10_lambda": -4.828287191963931, "log10_min_child_weight": 3.765864822080588, "log10_subsample": -0.7945895805719095, "max_depth": 2.0, "num_boost_round": 41.0}, "datetime": {"datetime": "2024-01-19 00:46:48", "elapsed": 2111.137873, "delta": 0.003231}}
{"target": -13.75851796402517, "params": {"gamma": 406.408593062856, "log10_alpha": -0.36195268133182257, "log10_colsample_bytree": -0.6621729022587532, "log10_eta": -3.406525461155512, "log10_lambda": -4.828287191963931, "log10_min_child_weight": 3.765864822080588, "log10_subsample": -0.7945895805719095, "max_depth": 2.0, "num_boost_round": 42.0}, "datetime": {"datetime": "2024-01-19 00:46:48", "elapsed": 2111.141146, "delta": 0.003273}}
{"target": -13.758515494267467, "params": {"gamma": 406.408593062856, "log10_alpha": -0.36195268133182257, "log10_colsample_bytree": -0.6621729022587532, "log10_eta": -3.406525461155512, "log10_lambda": -4.828287191963931, "log10_min_child_weight": 3.765864822080588, "log10_subsample": -0.7945895805719095, "max_depth": 2.0, "num_boost_round": 43.0}, "datetime": {"datetime": "2024-01-19 00:46:48", "elapsed": 2111.144363, "delta": 0.003217}}
{"target": -13.758517322916282, "params": {"gamma": 406.408593062856, "log10_alpha": -0.36195268133182257, "log10_colsample_bytree": -0.6621729022587532, "log10_eta": -3.406525461155512, "log10_lambda": -4.828287191963931, "log10_min_child_weight": 3.765864822080588, "log10_subsample": -0.7945895805719095, "max_depth": 2.0, "num_boost_round": 44.0}, "datetime": {"datetime": "2024-01-19 00:46:48", "elapsed": 2111.147593, "delta": 0.00323}}
{"target": -13.758517953280991, "params": {"gamma": 406.408593062856, "log10_alpha": -0.36195268133182257, "log10_colsample_bytree": -0.6621729022587532, "log10_eta": -3.406525461155512, "log10_lambda": -4.828287191963931, "log10_min_child_weight": 3.765864822080588, "log10_subsample": -0.7945895805719095, "max_depth": 2.0, "num_boost_round": 45.0}, "datetime": {"datetime": "2024-01-19 00:46:48", "elapsed": 2111.151178, "delta": 0.003585}}
{"target": -13.758514903131601, "params": {"gamma": 406.408593062856, "log10_alpha": -0.36195268133182257, "log10_colsample_bytree": -0.6621729022587532, "log10_eta": -3.406525461155512, "log10_lambda": -4.828287191963931, "log10_min_child_weight": 3.765864822080588, "log10_subsample": -0.7945895805719095, "max_depth": 2.0, "num_boost_round": 46.0}, "datetime": {"datetime": "2024-01-19 00:46:48", "elapsed": 2111.154561, "delta": 0.003383}}
{"target": -13.758514411264013, "params": {"gamma": 406.408593062856, "log10_alpha": -0.36195268133182257, "log10_colsample_bytree": -0.6621729022587532, "log10_eta": -3.406525461155512, "log10_lambda": -4.828287191963931, "log10_min_child_weight": 3.765864822080588, "log10_subsample": -0.7945895805719095, "max_depth": 2.0, "num_boost_round": 47.0}, "datetime": {"datetime": "2024-01-19 00:46:48", "elapsed": 2111.157846, "delta": 0.003285}}
