{"target": -13.75984089961229, "params": {"gamma": 707.1679999358021, "log10_alpha": -1.8985805745017492, "log10_colsample_bytree": -0.1083078217525485, "log10_eta": -1.6987145932274297, "log10_lambda": -4.3917518082489115, "log10_min_child_weight": 4.756318925832687, "log10_subsample": -0.9030309279574156, "max_depth": 2.0, "num_boost_round": 68.0}, "datetime": {"datetime": "2024-01-19 01:57:14", "elapsed": 6334.070909, "delta": 0.006456}}
{"target": -13.759848437439146, "params": {"gamma": 707.1679999358021, "log10_alpha": -1.8985805745017492, "log10_colsample_bytree": -0.1083078217525485, "log10_eta": -1.6987145932274297, "log10_lambda": -4.3917518082489115, "log10_min_child_weight": 4.756318925832687, "log10_subsample": -0.9030309279574156, "max_depth": 2.0, "num_boost_round": 69.0}, "datetime": {"datetime": "2024-01-19 01:57:14", "elapsed": 6334.077005, "delta": 0.006096}}
{"target": -13.759924287394856, "params": {"gamma": 707.1679999358021, "log10_alpha": -1.8985805745017492, "log10_colsample_bytree": -0.1083078217525485, "log10_eta": -1.6987145932274297, "log10_lambda": -4.3917518082489115, "log10_min_child_weight": 4.756318925832687, "log10_subsample": -0.9030309279574156, "max_depth": 2.0, "num_boost_round": 70.0}, "datetime": {"datetime": "2024-01-19 01:57:14", "elapsed": 6334.083292, "delta": 0.006287}}
{"target": -13.759864727765232, "params": {"gamma": 707.1679999358021, "log10_alpha": -1.8985805745017492, "log10_colsample_bytree": -0.1083078217525485, "log10_eta": -1.6987145932274297, "log10_lambda": -4.3917518082489115, "log10_min_child_weight": 4.756318925832687, "log10_subsample": -0.9030309279574156, "max_depth": 2.0, "num_boost_round": 71.0}, "datetime": {"datetime": "2024-01-19 01:57:15", "elapsed": 6334.089484, "delta": 0.006192}}
{"target": -13.759956654889807, "params": {"gamma": 707.1679999358021, "log10_alpha": -1.8985805745017492, "log10_colsample_bytree": -0.1083078217525485, "log10_eta": -1.6987145932274297, "log10_lambda": -4.3917518082489115, "log10_min_child_weight": 4.756318925832687, "log10_subsample": -0.9030309279574156, "max_depth": 2.0, "num_boost_round": 72.0}, "datetime": {"datetime": "2024-01-19 01:57:15", "elapsed": 6334.095888, "delta": 0.006404}}
{"target": -13.759963384110499, "params": {"gamma": 707.1679999358021, "log10_alpha": -1.8985805745017492, "log10_colsample_bytree": -0.1083078217525485, "log10_eta": -1.6987145932274297, "log10_lambda": -4.3917518082489115, "log10_min_child_weight": 4.756318925832687, "log10_subsample": -0.9030309279574156, "max_depth": 2.0, "num_boost_round": 73.0}, "datetime": {"datetime": "2024-01-19 01:57:15", "elapsed": 6334.102276, "delta": 0.006388}}
{"target": -13.760029910243455, "params": {"gamma": 707.1679999358021, "log10_alpha": -1.8985805745017492, "log10_colsample_bytree": -0.1083078217525485, "log10_eta": -1.6987145932274297, "log10_lambda": -4.3917518082489115, "log10_min_child_weight": 4.756318925832687, "log10_subsample": -0.9030309279574156, "max_depth": 2.0, "num_boost_round": 74.0}, "datetime": {"datetime": "2024-01-19 01:57:15", "elapsed": 6334.108753, "delta": 0.006477}}
{"target": -13.76007654348611, "params": {"gamma": 707.1679999358021, "log10_alpha": -1.8985805745017492, "log10_colsample_bytree": -0.1083078217525485, "log10_eta": -1.6987145932274297, "log10_lambda": -4.3917518082489115, "log10_min_child_weight": 4.756318925832687, "log10_subsample": -0.9030309279574156, "max_depth": 2.0, "num_boost_round": 75.0}, "datetime": {"datetime": "2024-01-19 01:57:15", "elapsed": 6334.115445, "delta": 0.006692}}
{"target": -13.760169598921077, "params": {"gamma": 707.1679999358021, "log10_alpha": -1.8985805745017492, "log10_colsample_bytree": -0.1083078217525485, "log10_eta": -1.6987145932274297, "log10_lambda": -4.3917518082489115, "log10_min_child_weight": 4.756318925832687, "log10_subsample": -0.9030309279574156, "max_depth": 2.0, "num_boost_round": 76.0}, "datetime": {"datetime": "2024-01-19 01:57:15", "elapsed": 6334.122103, "delta": 0.006658}}
{"target": -13.760259372274586, "params": {"gamma": 707.1679999358021, "log10_alpha": -1.8985805745017492, "log10_colsample_bytree": -0.1083078217525485, "log10_eta": -1.6987145932274297, "log10_lambda": -4.3917518082489115, "log10_min_child_weight": 4.756318925832687, "log10_subsample": -0.9030309279574156, "max_depth": 2.0, "num_boost_round": 77.0}, "datetime": {"datetime": "2024-01-19 01:57:15", "elapsed": 6334.12857, "delta": 0.006467}}
{"target": -13.760348704598988, "params": {"gamma": 707.1679999358021, "log10_alpha": -1.8985805745017492, "log10_colsample_bytree": -0.1083078217525485, "log10_eta": -1.6987145932274297, "log10_lambda": -4.3917518082489115, "log10_min_child_weight": 4.756318925832687, "log10_subsample": -0.9030309279574156, "max_depth": 2.0, "num_boost_round": 78.0}, "datetime": {"datetime": "2024-01-19 01:57:15", "elapsed": 6334.13528, "delta": 0.00671}}
{"target": -13.760442936197423, "params": {"gamma": 707.1679999358021, "log10_alpha": -1.8985805745017492, "log10_colsample_bytree": -0.1083078217525485, "log10_eta": -1.6987145932274297, "log10_lambda": -4.3917518082489115, "log10_min_child_weight": 4.756318925832687, "log10_subsample": -0.9030309279574156, "max_depth": 2.0, "num_boost_round": 79.0}, "datetime": {"datetime": "2024-01-19 01:57:15", "elapsed": 6334.141643, "delta": 0.006363}}
{"target": -13.760486762158607, "params": {"gamma": 707.1679999358021, "log10_alpha": -1.8985805745017492, "log10_colsample_bytree": -0.1083078217525485, "log10_eta": -1.6987145932274297, "log10_lambda": -4.3917518082489115, "log10_min_child_weight": 4.756318925832687, "log10_subsample": -0.9030309279574156, "max_depth": 2.0, "num_boost_round": 80.0}, "datetime": {"datetime": "2024-01-19 01:57:15", "elapsed": 6334.149336, "delta": 0.007693}}
{"target": -13.760446843334101, "params": {"gamma": 707.1679999358021, "log10_alpha": -1.8985805745017492, "log10_colsample_bytree": -0.1083078217525485, "log10_eta": -1.6987145932274297, "log10_lambda": -4.3917518082489115, "log10_min_child_weight": 4.756318925832687, "log10_subsample": -0.9030309279574156, "max_depth": 2.0, "num_boost_round": 81.0}, "datetime": {"datetime": "2024-01-19 01:57:15", "elapsed": 6334.155924, "delta": 0.006588}}
{"target": -13.760483769195998, "params": {"gamma": 707.1679999358021, "log10_alpha": -1.8985805745017492, "log10_colsample_bytree": -0.1083078217525485, "log10_eta": -1.6987145932274297, "log10_lambda": -4.3917518082489115, "log10_min_child_weight": 4.756318925832687, "log10_subsample": -0.9030309279574156, "max_depth": 2.0, "num_boost_round": 82.0}, "datetime": {"datetime": "2024-01-19 01:57:15", "elapsed": 6334.162573, "delta": 0.006649}}
{"target": -13.760554272971714, "params": {"gamma": 707.1679999358021, "log10_alpha": -1.8985805745017492, "log10_colsample_bytree": -0.1083078217525485, "log10_eta": -1.6987145932274297, "log10_lambda": -4.3917518082489115, "log10_min_child_weight": 4.756318925832687, "log10_subsample": -0.9030309279574156, "max_depth": 2.0, "num_boost_round": 83.0}, "datetime": {"datetime": "2024-01-19 01:57:15", "elapsed": 6334.16893, "delta": 0.006357}}
{"target": -13.760521463720904, "params": {"gamma": 707.1679999358021, "log10_alpha": -1.8985805745017492, "log10_colsample_bytree": -0.1083078217525485, "log10_eta": -1.6987145932274297, "log10_lambda": -4.3917518082489115, "log10_min_child_weight": 4.756318925832687, "log10_subsample": -0.9030309279574156, "max_depth": 2.0, "num_boost_round": 84.0}, "datetime": {"datetime": "2024-01-19 01:57:15", "elapsed": 6334.175434, "delta": 0.006504}}
{"target": -13.760524527619726, "params": {"gamma": 707.1679999358021, "log10_alpha": -1.8985805745017492, "log10_colsample_bytree": -0.1083078217525485, "log10_eta": -1.6987145932274297, "log10_lambda": -4.3917518082489115, "log10_min_child_weight": 4.756318925832687, "log10_subsample": -0.9030309279574156, "max_depth": 2.0, "num_boost_round": 85.0}, "datetime": {"datetime": "2024-01-19 01:57:15", "elapsed": 6334.181765, "delta": 0.006331}}
{"target": -13.7585369395245, "params": {"gamma": 696.7751860973925, "log10_alpha": -2.950270729436531, "log10_colsample_bytree": -0.11319024958024437, "log10_eta": -2.557885091862964, "log10_lambda": -3.212873574246548, "log10_min_child_weight": 2.8904904342394917, "log10_subsample": -0.4376299212618162, "max_depth": 3.0, "num_boost_round": 0.0}, "datetime": {"datetime": "2024-01-19 01:59:33", "elapsed": 6472.961757, "delta": 138.779992}}
{"target": -13.75852642505857, "params": {"gamma": 696.7751860973925, "log10_alpha": -2.950270729436531, "log10_colsample_bytree": -0.11319024958024437, "log10_eta": -2.557885091862964, "log10_lambda": -3.212873574246548, "log10_min_child_weight": 2.8904904342394917, "log10_subsample": -0.4376299212618162, "max_depth": 3.0, "num_boost_round": 1.0}, "datetime": {"datetime": "2024-01-19 01:59:33", "elapsed": 6472.968528, "delta": 0.006771}}
{"target": -13.758539618933282, "params": {"gamma": 696.7751860973925, "log10_alpha": -2.950270729436531, "log10_colsample_bytree": -0.11319024958024437, "log10_eta": -2.557885091862964, "log10_lambda": -3.212873574246548, "log10_min_child_weight": 2.8904904342394917, "log10_subsample": -0.4376299212618162, "max_depth": 3.0, "num_boost_round": 2.0}, "datetime": {"datetime": "2024-01-19 01:59:33", "elapsed": 6472.975151, "delta": 0.006623}}
{"target": -13.758497673231203, "params": {"gamma": 696.7751860973925, "log10_alpha": -2.950270729436531, "log10_colsample_bytree": -0.11319024958024437, "log10_eta": -2.557885091862964, "log10_lambda": -3.212873574246548, "log10_min_child_weight": 2.8904904342394917, "log10_subsample": -0.4376299212618162, "max_depth": 3.0, "num_boost_round": 3.0}, "datetime": {"datetime": "2024-01-19 01:59:33", "elapsed": 6472.982202, "delta": 0.007051}}
{"target": -13.758489271929891, "params": {"gamma": 696.7751860973925, "log10_alpha": -2.950270729436531, "log10_colsample_bytree": -0.11319024958024437, "log10_eta": -2.557885091862964, "log10_lambda": -3.212873574246548, "log10_min_child_weight": 2.8904904342394917, "log10_subsample": -0.4376299212618162, "max_depth": 3.0, "num_boost_round": 4.0}, "datetime": {"datetime": "2024-01-19 01:59:33", "elapsed": 6472.989043, "delta": 0.006841}}
{"target": -13.758473390094053, "params": {"gamma": 696.7751860973925, "log10_alpha": -2.950270729436531, "log10_colsample_bytree": -0.11319024958024437, "log10_eta": -2.557885091862964, "log10_lambda": -3.212873574246548, "log10_min_child_weight": 2.8904904342394917, "log10_subsample": -0.4376299212618162, "max_depth": 3.0, "num_boost_round": 5.0}, "datetime": {"datetime": "2024-01-19 01:59:33", "elapsed": 6472.995915, "delta": 0.006872}}
{"target": -13.758465741955597, "params": {"gamma": 696.7751860973925, "log10_alpha": -2.950270729436531, "log10_colsample_bytree": -0.11319024958024437, "log10_eta": -2.557885091862964, "log10_lambda": -3.212873574246548, "log10_min_child_weight": 2.8904904342394917, "log10_subsample": -0.4376299212618162, "max_depth": 3.0, "num_boost_round": 6.0}, "datetime": {"datetime": "2024-01-19 01:59:33", "elapsed": 6473.002126, "delta": 0.006211}}
{"target": -13.758457163239642, "params": {"gamma": 696.7751860973925, "log10_alpha": -2.950270729436531, "log10_colsample_bytree": -0.11319024958024437, "log10_eta": -2.557885091862964, "log10_lambda": -3.212873574246548, "log10_min_child_weight": 2.8904904342394917, "log10_subsample": -0.4376299212618162, "max_depth": 3.0, "num_boost_round": 7.0}, "datetime": {"datetime": "2024-01-19 01:59:33", "elapsed": 6473.008313, "delta": 0.006187}}
{"target": -13.758458244663858, "params": {"gamma": 696.7751860973925, "log10_alpha": -2.950270729436531, "log10_colsample_bytree": -0.11319024958024437, "log10_eta": -2.557885091862964, "log10_lambda": -3.212873574246548, "log10_min_child_weight": 2.8904904342394917, "log10_subsample": -0.4376299212618162, "max_depth": 3.0, "num_boost_round": 8.0}, "datetime": {"datetime": "2024-01-19 01:59:33", "elapsed": 6473.014453, "delta": 0.00614}}
{"target": -13.758461750765518, "params": {"gamma": 696.7751860973925, "log10_alpha": -2.950270729436531, "log10_colsample_bytree": -0.11319024958024437, "log10_eta": -2.557885091862964, "log10_lambda": -3.212873574246548, "log10_min_child_weight": 2.8904904342394917, "log10_subsample": -0.4376299212618162, "max_depth": 3.0, "num_boost_round": 9.0}, "datetime": {"datetime": "2024-01-19 01:59:33", "elapsed": 6473.020687, "delta": 0.006234}}
{"target": -13.758464568824117, "params": {"gamma": 696.7751860973925, "log10_alpha": -2.950270729436531, "log10_colsample_bytree": -0.11319024958024437, "log10_eta": -2.557885091862964, "log10_lambda": -3.212873574246548, "log10_min_child_weight": 2.8904904342394917, "log10_subsample": -0.4376299212618162, "max_depth": 3.0, "num_boost_round": 10.0}, "datetime": {"datetime": "2024-01-19 01:59:33", "elapsed": 6473.027072, "delta": 0.006385}}
{"target": -13.758454755988724, "params": {"gamma": 696.7751860973925, "log10_alpha": -2.950270729436531, "log10_colsample_bytree": -0.11319024958024437, "log10_eta": -2.557885091862964, "log10_lambda": -3.212873574246548, "log10_min_child_weight": 2.8904904342394917, "log10_subsample": -0.4376299212618162, "max_depth": 3.0, "num_boost_round": 11.0}, "datetime": {"datetime": "2024-01-19 01:59:33", "elapsed": 6473.033476, "delta": 0.006404}}
{"target": -13.758461950006588, "params": {"gamma": 696.7751860973925, "log10_alpha": -2.950270729436531, "log10_colsample_bytree": -0.11319024958024437, "log10_eta": -2.557885091862964, "log10_lambda": -3.212873574246548, "log10_min_child_weight": 2.8904904342394917, "log10_subsample": -0.4376299212618162, "max_depth": 3.0, "num_boost_round": 12.0}, "datetime": {"datetime": "2024-01-19 01:59:33", "elapsed": 6473.039546, "delta": 0.00607}}
{"target": -13.758471088674044, "params": {"gamma": 696.7751860973925, "log10_alpha": -2.950270729436531, "log10_colsample_bytree": -0.11319024958024437, "log10_eta": -2.557885091862964, "log10_lambda": -3.212873574246548, "log10_min_child_weight": 2.8904904342394917, "log10_subsample": -0.4376299212618162, "max_depth": 3.0, "num_boost_round": 13.0}, "datetime": {"datetime": "2024-01-19 01:59:33", "elapsed": 6473.045801, "delta": 0.006255}}
{"target": -13.758478389195682, "params": {"gamma": 696.7751860973925, "log10_alpha": -2.950270729436531, "log10_colsample_bytree": -0.11319024958024437, "log10_eta": -2.557885091862964, "log10_lambda": -3.212873574246548, "log10_min_child_weight": 2.8904904342394917, "log10_subsample": -0.4376299212618162, "max_depth": 3.0, "num_boost_round": 14.0}, "datetime": {"datetime": "2024-01-19 01:59:33", "elapsed": 6473.052019, "delta": 0.006218}}
{"target": -13.75847933103655, "params": {"gamma": 696.7751860973925, "log10_alpha": -2.950270729436531, "log10_colsample_bytree": -0.11319024958024437, "log10_eta": -2.557885091862964, "log10_lambda": -3.212873574246548, "log10_min_child_weight": 2.8904904342394917, "log10_subsample": -0.4376299212618162, "max_depth": 3.0, "num_boost_round": 15.0}, "datetime": {"datetime": "2024-01-19 01:59:33", "elapsed": 6473.0583, "delta": 0.006281}}
{"target": -13.758477421786633, "params": {"gamma": 696.7751860973925, "log10_alpha": -2.950270729436531, "log10_colsample_bytree": -0.11319024958024437, "log10_eta": -2.557885091862964, "log10_lambda": -3.212873574246548, "log10_min_child_weight": 2.8904904342394917, "log10_subsample": -0.4376299212618162, "max_depth": 3.0, "num_boost_round": 16.0}, "datetime": {"datetime": "2024-01-19 01:59:33", "elapsed": 6473.065692, "delta": 0.007392}}
{"target": -13.758442395516528, "params": {"gamma": 696.7751860973925, "log10_alpha": -2.950270729436531, "log10_colsample_bytree": -0.11319024958024437, "log10_eta": -2.557885091862964, "log10_lambda": -3.212873574246548, "log10_min_child_weight": 2.8904904342394917, "log10_subsample": -0.4376299212618162, "max_depth": 3.0, "num_boost_round": 17.0}, "datetime": {"datetime": "2024-01-19 01:59:33", "elapsed": 6473.073269, "delta": 0.007577}}
{"target": -13.758437813993146, "params": {"gamma": 696.7751860973925, "log10_alpha": -2.950270729436531, "log10_colsample_bytree": -0.11319024958024437, "log10_eta": -2.557885091862964, "log10_lambda": -3.212873574246548, "log10_min_child_weight": 2.8904904342394917, "log10_subsample": -0.4376299212618162, "max_depth": 3.0, "num_boost_round": 18.0}, "datetime": {"datetime": "2024-01-19 01:59:33", "elapsed": 6473.079983, "delta": 0.006714}}
{"target": -13.758472076309713, "params": {"gamma": 696.7751860973925, "log10_alpha": -2.950270729436531, "log10_colsample_bytree": -0.11319024958024437, "log10_eta": -2.557885091862964, "log10_lambda": -3.212873574246548, "log10_min_child_weight": 2.8904904342394917, "log10_subsample": -0.4376299212618162, "max_depth": 3.0, "num_boost_round": 19.0}, "datetime": {"datetime": "2024-01-19 01:59:34", "elapsed": 6473.086257, "delta": 0.006274}}
{"target": -13.758490119916132, "params": {"gamma": 696.7751860973925, "log10_alpha": -2.950270729436531, "log10_colsample_bytree": -0.11319024958024437, "log10_eta": -2.557885091862964, "log10_lambda": -3.212873574246548, "log10_min_child_weight": 2.8904904342394917, "log10_subsample": -0.4376299212618162, "max_depth": 3.0, "num_boost_round": 20.0}, "datetime": {"datetime": "2024-01-19 01:59:34", "elapsed": 6473.092387, "delta": 0.00613}}
{"target": -13.758524196463382, "params": {"gamma": 710.746528735471, "log10_alpha": -3.805830305877747, "log10_colsample_bytree": -0.4683649335008845, "log10_eta": -3.063764931332712, "log10_lambda": -4.56672045654132, "log10_min_child_weight": 2.5196756162526808, "log10_subsample": -0.6887122657125008, "max_depth": 6.0, "num_boost_round": 0.0}, "datetime": {"datetime": "2024-01-19 02:01:10", "elapsed": 6569.718955, "delta": 96.626568}}
{"target": -13.75851220105357, "params": {"gamma": 710.746528735471, "log10_alpha": -3.805830305877747, "log10_colsample_bytree": -0.4683649335008845, "log10_eta": -3.063764931332712, "log10_lambda": -4.56672045654132, "log10_min_child_weight": 2.5196756162526808, "log10_subsample": -0.6887122657125008, "max_depth": 6.0, "num_boost_round": 1.0}, "datetime": {"datetime": "2024-01-19 02:01:10", "elapsed": 6569.727003, "delta": 0.008048}}
{"target": -13.758485576161316, "params": {"gamma": 710.746528735471, "log10_alpha": -3.805830305877747, "log10_colsample_bytree": -0.4683649335008845, "log10_eta": -3.063764931332712, "log10_lambda": -4.56672045654132, "log10_min_child_weight": 2.5196756162526808, "log10_subsample": -0.6887122657125008, "max_depth": 6.0, "num_boost_round": 2.0}, "datetime": {"datetime": "2024-01-19 02:01:10", "elapsed": 6569.860215, "delta": 0.133212}}
{"target": -13.758472047349809, "params": {"gamma": 710.746528735471, "log10_alpha": -3.805830305877747, "log10_colsample_bytree": -0.4683649335008845, "log10_eta": -3.063764931332712, "log10_lambda": -4.56672045654132, "log10_min_child_weight": 2.5196756162526808, "log10_subsample": -0.6887122657125008, "max_depth": 6.0, "num_boost_round": 3.0}, "datetime": {"datetime": "2024-01-19 02:01:10", "elapsed": 6569.867476, "delta": 0.007261}}
{"target": -13.75844612442173, "params": {"gamma": 710.746528735471, "log10_alpha": -3.805830305877747, "log10_colsample_bytree": -0.4683649335008845, "log10_eta": -3.063764931332712, "log10_lambda": -4.56672045654132, "log10_min_child_weight": 2.5196756162526808, "log10_subsample": -0.6887122657125008, "max_depth": 6.0, "num_boost_round": 4.0}, "datetime": {"datetime": "2024-01-19 02:01:10", "elapsed": 6569.874163, "delta": 0.006687}}
{"target": -13.758439692547316, "params": {"gamma": 710.746528735471, "log10_alpha": -3.805830305877747, "log10_colsample_bytree": -0.4683649335008845, "log10_eta": -3.063764931332712, "log10_lambda": -4.56672045654132, "log10_min_child_weight": 2.5196756162526808, "log10_subsample": -0.6887122657125008, "max_depth": 6.0, "num_boost_round": 5.0}, "datetime": {"datetime": "2024-01-19 02:01:10", "elapsed": 6569.880838, "delta": 0.006675}}
{"target": -13.758432242033614, "params": {"gamma": 710.746528735471, "log10_alpha": -3.805830305877747, "log10_colsample_bytree": -0.4683649335008845, "log10_eta": -3.063764931332712, "log10_lambda": -4.56672045654132, "log10_min_child_weight": 2.5196756162526808, "log10_subsample": -0.6887122657125008, "max_depth": 6.0, "num_boost_round": 6.0}, "datetime": {"datetime": "2024-01-19 02:01:10", "elapsed": 6569.887342, "delta": 0.006504}}
{"target": -13.75841601277121, "params": {"gamma": 710.746528735471, "log10_alpha": -3.805830305877747, "log10_colsample_bytree": -0.4683649335008845, "log10_eta": -3.063764931332712, "log10_lambda": -4.56672045654132, "log10_min_child_weight": 2.5196756162526808, "log10_subsample": -0.6887122657125008, "max_depth": 6.0, "num_boost_round": 7.0}, "datetime": {"datetime": "2024-01-19 02:01:10", "elapsed": 6569.893911, "delta": 0.006569}}
{"target": -13.758391020592816, "params": {"gamma": 710.746528735471, "log10_alpha": -3.805830305877747, "log10_colsample_bytree": -0.4683649335008845, "log10_eta": -3.063764931332712, "log10_lambda": -4.56672045654132, "log10_min_child_weight": 2.5196756162526808, "log10_subsample": -0.6887122657125008, "max_depth": 6.0, "num_boost_round": 8.0}, "datetime": {"datetime": "2024-01-19 02:01:10", "elapsed": 6569.900252, "delta": 0.006341}}
{"target": -13.75840524746966, "params": {"gamma": 710.746528735471, "log10_alpha": -3.805830305877747, "log10_colsample_bytree": -0.4683649335008845, "log10_eta": -3.063764931332712, "log10_lambda": -4.56672045654132, "log10_min_child_weight": 2.5196756162526808, "log10_subsample": -0.6887122657125008, "max_depth": 6.0, "num_boost_round": 9.0}, "datetime": {"datetime": "2024-01-19 02:01:10", "elapsed": 6569.907008, "delta": 0.006756}}
