{"target": -13.780886500546021, "params": {"gamma": 433.88964559248757, "log10_alpha": -2.12816704714853, "log10_colsample_bytree": -0.34159490583702656, "log10_eta": -0.47092263776403076, "log10_lambda": -1.473720769001376, "log10_min_child_weight": 3.0548234875733615, "log10_subsample": -0.6602592052237202, "max_depth": 2.0, "num_boost_round": 10.0}, "datetime": {"datetime": "2024-01-19 00:28:47", "elapsed": 1030.379337, "delta": 0.002037}}
{"target": -13.780431771507974, "params": {"gamma": 433.88964559248757, "log10_alpha": -2.12816704714853, "log10_colsample_bytree": -0.34159490583702656, "log10_eta": -0.47092263776403076, "log10_lambda": -1.473720769001376, "log10_min_child_weight": 3.0548234875733615, "log10_subsample": -0.6602592052237202, "max_depth": 2.0, "num_boost_round": 11.0}, "datetime": {"datetime": "2024-01-19 00:28:47", "elapsed": 1030.381386, "delta": 0.002049}}
{"target": -13.779159616528554, "params": {"gamma": 433.88964559248757, "log10_alpha": -2.12816704714853, "log10_colsample_bytree": -0.34159490583702656, "log10_eta": -0.47092263776403076, "log10_lambda": -1.473720769001376, "log10_min_child_weight": 3.0548234875733615, "log10_subsample": -0.6602592052237202, "max_depth": 2.0, "num_boost_round": 12.0}, "datetime": {"datetime": "2024-01-19 00:28:47", "elapsed": 1030.383429, "delta": 0.002043}}
{"target": -13.812400240947644, "params": {"gamma": 433.88964559248757, "log10_alpha": -2.12816704714853, "log10_colsample_bytree": -0.34159490583702656, "log10_eta": -0.47092263776403076, "log10_lambda": -1.473720769001376, "log10_min_child_weight": 3.0548234875733615, "log10_subsample": -0.6602592052237202, "max_depth": 2.0, "num_boost_round": 13.0}, "datetime": {"datetime": "2024-01-19 00:28:47", "elapsed": 1030.385466, "delta": 0.002037}}
{"target": -13.81110664941452, "params": {"gamma": 433.88964559248757, "log10_alpha": -2.12816704714853, "log10_colsample_bytree": -0.34159490583702656, "log10_eta": -0.47092263776403076, "log10_lambda": -1.473720769001376, "log10_min_child_weight": 3.0548234875733615, "log10_subsample": -0.6602592052237202, "max_depth": 2.0, "num_boost_round": 14.0}, "datetime": {"datetime": "2024-01-19 00:28:47", "elapsed": 1030.387517, "delta": 0.002051}}
{"target": -13.811540057779093, "params": {"gamma": 433.88964559248757, "log10_alpha": -2.12816704714853, "log10_colsample_bytree": -0.34159490583702656, "log10_eta": -0.47092263776403076, "log10_lambda": -1.473720769001376, "log10_min_child_weight": 3.0548234875733615, "log10_subsample": -0.6602592052237202, "max_depth": 2.0, "num_boost_round": 15.0}, "datetime": {"datetime": "2024-01-19 00:28:47", "elapsed": 1030.389768, "delta": 0.002251}}
{"target": -13.814674126777039, "params": {"gamma": 433.88964559248757, "log10_alpha": -2.12816704714853, "log10_colsample_bytree": -0.34159490583702656, "log10_eta": -0.47092263776403076, "log10_lambda": -1.473720769001376, "log10_min_child_weight": 3.0548234875733615, "log10_subsample": -0.6602592052237202, "max_depth": 2.0, "num_boost_round": 16.0}, "datetime": {"datetime": "2024-01-19 00:28:47", "elapsed": 1030.391905, "delta": 0.002137}}
{"target": -13.758449085461645, "params": {"gamma": 427.971853686268, "log10_alpha": 0.5980075209026827, "log10_colsample_bytree": -0.5788423821413237, "log10_eta": -1.6617920499496033, "log10_lambda": -0.19491183427346126, "log10_min_child_weight": 4.5953898769425034, "log10_subsample": -0.3505218740117598, "max_depth": 3.0, "num_boost_round": 0.0}, "datetime": {"datetime": "2024-01-19 00:29:22", "elapsed": 1065.709017, "delta": 35.317112}}
{"target": -13.75840976963048, "params": {"gamma": 427.971853686268, "log10_alpha": 0.5980075209026827, "log10_colsample_bytree": -0.5788423821413237, "log10_eta": -1.6617920499496033, "log10_lambda": -0.19491183427346126, "log10_min_child_weight": 4.5953898769425034, "log10_subsample": -0.3505218740117598, "max_depth": 3.0, "num_boost_round": 1.0}, "datetime": {"datetime": "2024-01-19 00:29:22", "elapsed": 1065.711721, "delta": 0.002704}}
{"target": -13.75842902716595, "params": {"gamma": 427.971853686268, "log10_alpha": 0.5980075209026827, "log10_colsample_bytree": -0.5788423821413237, "log10_eta": -1.6617920499496033, "log10_lambda": -0.19491183427346126, "log10_min_child_weight": 4.5953898769425034, "log10_subsample": -0.3505218740117598, "max_depth": 3.0, "num_boost_round": 2.0}, "datetime": {"datetime": "2024-01-19 00:29:22", "elapsed": 1065.713895, "delta": 0.002174}}
{"target": -13.758341917979902, "params": {"gamma": 427.971853686268, "log10_alpha": 0.5980075209026827, "log10_colsample_bytree": -0.5788423821413237, "log10_eta": -1.6617920499496033, "log10_lambda": -0.19491183427346126, "log10_min_child_weight": 4.5953898769425034, "log10_subsample": -0.3505218740117598, "max_depth": 3.0, "num_boost_round": 3.0}, "datetime": {"datetime": "2024-01-19 00:29:22", "elapsed": 1065.715975, "delta": 0.00208}}
{"target": -13.758369510295658, "params": {"gamma": 427.971853686268, "log10_alpha": 0.5980075209026827, "log10_colsample_bytree": -0.5788423821413237, "log10_eta": -1.6617920499496033, "log10_lambda": -0.19491183427346126, "log10_min_child_weight": 4.5953898769425034, "log10_subsample": -0.3505218740117598, "max_depth": 3.0, "num_boost_round": 4.0}, "datetime": {"datetime": "2024-01-19 00:29:22", "elapsed": 1065.718098, "delta": 0.002123}}
{"target": -13.758360101670199, "params": {"gamma": 427.971853686268, "log10_alpha": 0.5980075209026827, "log10_colsample_bytree": -0.5788423821413237, "log10_eta": -1.6617920499496033, "log10_lambda": -0.19491183427346126, "log10_min_child_weight": 4.5953898769425034, "log10_subsample": -0.3505218740117598, "max_depth": 3.0, "num_boost_round": 5.0}, "datetime": {"datetime": "2024-01-19 00:29:22", "elapsed": 1065.720172, "delta": 0.002074}}
{"target": -13.758482183377776, "params": {"gamma": 427.971853686268, "log10_alpha": 0.5980075209026827, "log10_colsample_bytree": -0.5788423821413237, "log10_eta": -1.6617920499496033, "log10_lambda": -0.19491183427346126, "log10_min_child_weight": 4.5953898769425034, "log10_subsample": -0.3505218740117598, "max_depth": 3.0, "num_boost_round": 6.0}, "datetime": {"datetime": "2024-01-19 00:29:22", "elapsed": 1065.722257, "delta": 0.002085}}
{"target": -13.75850391090792, "params": {"gamma": 427.971853686268, "log10_alpha": 0.5980075209026827, "log10_colsample_bytree": -0.5788423821413237, "log10_eta": -1.6617920499496033, "log10_lambda": -0.19491183427346126, "log10_min_child_weight": 4.5953898769425034, "log10_subsample": -0.3505218740117598, "max_depth": 3.0, "num_boost_round": 7.0}, "datetime": {"datetime": "2024-01-19 00:29:22", "elapsed": 1065.724345, "delta": 0.002088}}
{"target": -13.758520458339666, "params": {"gamma": 427.971853686268, "log10_alpha": 0.5980075209026827, "log10_colsample_bytree": -0.5788423821413237, "log10_eta": -1.6617920499496033, "log10_lambda": -0.19491183427346126, "log10_min_child_weight": 4.5953898769425034, "log10_subsample": -0.3505218740117598, "max_depth": 3.0, "num_boost_round": 8.0}, "datetime": {"datetime": "2024-01-19 00:29:22", "elapsed": 1065.726452, "delta": 0.002107}}
{"target": -13.758504206389128, "params": {"gamma": 427.971853686268, "log10_alpha": 0.5980075209026827, "log10_colsample_bytree": -0.5788423821413237, "log10_eta": -1.6617920499496033, "log10_lambda": -0.19491183427346126, "log10_min_child_weight": 4.5953898769425034, "log10_subsample": -0.3505218740117598, "max_depth": 3.0, "num_boost_round": 9.0}, "datetime": {"datetime": "2024-01-19 00:29:22", "elapsed": 1065.728671, "delta": 0.002219}}
{"target": -13.758588719098123, "params": {"gamma": 427.971853686268, "log10_alpha": 0.5980075209026827, "log10_colsample_bytree": -0.5788423821413237, "log10_eta": -1.6617920499496033, "log10_lambda": -0.19491183427346126, "log10_min_child_weight": 4.5953898769425034, "log10_subsample": -0.3505218740117598, "max_depth": 3.0, "num_boost_round": 10.0}, "datetime": {"datetime": "2024-01-19 00:29:22", "elapsed": 1065.730773, "delta": 0.002102}}
{"target": -13.758708465957904, "params": {"gamma": 427.971853686268, "log10_alpha": 0.5980075209026827, "log10_colsample_bytree": -0.5788423821413237, "log10_eta": -1.6617920499496033, "log10_lambda": -0.19491183427346126, "log10_min_child_weight": 4.5953898769425034, "log10_subsample": -0.3505218740117598, "max_depth": 3.0, "num_boost_round": 11.0}, "datetime": {"datetime": "2024-01-19 00:29:22", "elapsed": 1065.73287, "delta": 0.002097}}
{"target": -13.758756823063095, "params": {"gamma": 427.971853686268, "log10_alpha": 0.5980075209026827, "log10_colsample_bytree": -0.5788423821413237, "log10_eta": -1.6617920499496033, "log10_lambda": -0.19491183427346126, "log10_min_child_weight": 4.5953898769425034, "log10_subsample": -0.3505218740117598, "max_depth": 3.0, "num_boost_round": 12.0}, "datetime": {"datetime": "2024-01-19 00:29:22", "elapsed": 1065.734964, "delta": 0.002094}}
{"target": -13.758815493565262, "params": {"gamma": 427.971853686268, "log10_alpha": 0.5980075209026827, "log10_colsample_bytree": -0.5788423821413237, "log10_eta": -1.6617920499496033, "log10_lambda": -0.19491183427346126, "log10_min_child_weight": 4.5953898769425034, "log10_subsample": -0.3505218740117598, "max_depth": 3.0, "num_boost_round": 13.0}, "datetime": {"datetime": "2024-01-19 00:29:22", "elapsed": 1065.737083, "delta": 0.002119}}
{"target": -13.758721401292217, "params": {"gamma": 427.971853686268, "log10_alpha": 0.5980075209026827, "log10_colsample_bytree": -0.5788423821413237, "log10_eta": -1.6617920499496033, "log10_lambda": -0.19491183427346126, "log10_min_child_weight": 4.5953898769425034, "log10_subsample": -0.3505218740117598, "max_depth": 3.0, "num_boost_round": 14.0}, "datetime": {"datetime": "2024-01-19 00:29:22", "elapsed": 1065.739194, "delta": 0.002111}}
{"target": -13.758668572850187, "params": {"gamma": 427.971853686268, "log10_alpha": 0.5980075209026827, "log10_colsample_bytree": -0.5788423821413237, "log10_eta": -1.6617920499496033, "log10_lambda": -0.19491183427346126, "log10_min_child_weight": 4.5953898769425034, "log10_subsample": -0.3505218740117598, "max_depth": 3.0, "num_boost_round": 15.0}, "datetime": {"datetime": "2024-01-19 00:29:22", "elapsed": 1065.741334, "delta": 0.00214}}
{"target": -13.75870134306374, "params": {"gamma": 427.971853686268, "log10_alpha": 0.5980075209026827, "log10_colsample_bytree": -0.5788423821413237, "log10_eta": -1.6617920499496033, "log10_lambda": -0.19491183427346126, "log10_min_child_weight": 4.5953898769425034, "log10_subsample": -0.3505218740117598, "max_depth": 3.0, "num_boost_round": 16.0}, "datetime": {"datetime": "2024-01-19 00:29:22", "elapsed": 1065.743445, "delta": 0.002111}}
{"target": -13.758769398838243, "params": {"gamma": 427.971853686268, "log10_alpha": 0.5980075209026827, "log10_colsample_bytree": -0.5788423821413237, "log10_eta": -1.6617920499496033, "log10_lambda": -0.19491183427346126, "log10_min_child_weight": 4.5953898769425034, "log10_subsample": -0.3505218740117598, "max_depth": 3.0, "num_boost_round": 17.0}, "datetime": {"datetime": "2024-01-19 00:29:22", "elapsed": 1065.74555, "delta": 0.002105}}
{"target": -13.758626726912707, "params": {"gamma": 427.971853686268, "log10_alpha": 0.5980075209026827, "log10_colsample_bytree": -0.5788423821413237, "log10_eta": -1.6617920499496033, "log10_lambda": -0.19491183427346126, "log10_min_child_weight": 4.5953898769425034, "log10_subsample": -0.3505218740117598, "max_depth": 3.0, "num_boost_round": 18.0}, "datetime": {"datetime": "2024-01-19 00:29:22", "elapsed": 1065.747662, "delta": 0.002112}}
{"target": -13.758445295938284, "params": {"gamma": 427.971853686268, "log10_alpha": 0.5980075209026827, "log10_colsample_bytree": -0.5788423821413237, "log10_eta": -1.6617920499496033, "log10_lambda": -0.19491183427346126, "log10_min_child_weight": 4.5953898769425034, "log10_subsample": -0.3505218740117598, "max_depth": 3.0, "num_boost_round": 19.0}, "datetime": {"datetime": "2024-01-19 00:29:22", "elapsed": 1065.824237, "delta": 0.076575}}
{"target": -13.758617016827012, "params": {"gamma": 427.971853686268, "log10_alpha": 0.5980075209026827, "log10_colsample_bytree": -0.5788423821413237, "log10_eta": -1.6617920499496033, "log10_lambda": -0.19491183427346126, "log10_min_child_weight": 4.5953898769425034, "log10_subsample": -0.3505218740117598, "max_depth": 3.0, "num_boost_round": 20.0}, "datetime": {"datetime": "2024-01-19 00:29:22", "elapsed": 1065.826752, "delta": 0.002515}}
{"target": -13.758839853933182, "params": {"gamma": 427.971853686268, "log10_alpha": 0.5980075209026827, "log10_colsample_bytree": -0.5788423821413237, "log10_eta": -1.6617920499496033, "log10_lambda": -0.19491183427346126, "log10_min_child_weight": 4.5953898769425034, "log10_subsample": -0.3505218740117598, "max_depth": 3.0, "num_boost_round": 21.0}, "datetime": {"datetime": "2024-01-19 00:29:22", "elapsed": 1065.82916, "delta": 0.002408}}
{"target": -13.758912827205313, "params": {"gamma": 427.971853686268, "log10_alpha": 0.5980075209026827, "log10_colsample_bytree": -0.5788423821413237, "log10_eta": -1.6617920499496033, "log10_lambda": -0.19491183427346126, "log10_min_child_weight": 4.5953898769425034, "log10_subsample": -0.3505218740117598, "max_depth": 3.0, "num_boost_round": 22.0}, "datetime": {"datetime": "2024-01-19 00:29:22", "elapsed": 1065.831475, "delta": 0.002315}}
{"target": -13.758827026905994, "params": {"gamma": 427.971853686268, "log10_alpha": 0.5980075209026827, "log10_colsample_bytree": -0.5788423821413237, "log10_eta": -1.6617920499496033, "log10_lambda": -0.19491183427346126, "log10_min_child_weight": 4.5953898769425034, "log10_subsample": -0.3505218740117598, "max_depth": 3.0, "num_boost_round": 23.0}, "datetime": {"datetime": "2024-01-19 00:29:22", "elapsed": 1065.83369, "delta": 0.002215}}
{"target": -13.758777812805103, "params": {"gamma": 427.971853686268, "log10_alpha": 0.5980075209026827, "log10_colsample_bytree": -0.5788423821413237, "log10_eta": -1.6617920499496033, "log10_lambda": -0.19491183427346126, "log10_min_child_weight": 4.5953898769425034, "log10_subsample": -0.3505218740117598, "max_depth": 3.0, "num_boost_round": 24.0}, "datetime": {"datetime": "2024-01-19 00:29:22", "elapsed": 1065.835824, "delta": 0.002134}}
{"target": -13.758794960842714, "params": {"gamma": 427.971853686268, "log10_alpha": 0.5980075209026827, "log10_colsample_bytree": -0.5788423821413237, "log10_eta": -1.6617920499496033, "log10_lambda": -0.19491183427346126, "log10_min_child_weight": 4.5953898769425034, "log10_subsample": -0.3505218740117598, "max_depth": 3.0, "num_boost_round": 25.0}, "datetime": {"datetime": "2024-01-19 00:29:22", "elapsed": 1065.838064, "delta": 0.00224}}
{"target": -13.758898567054029, "params": {"gamma": 427.971853686268, "log10_alpha": 0.5980075209026827, "log10_colsample_bytree": -0.5788423821413237, "log10_eta": -1.6617920499496033, "log10_lambda": -0.19491183427346126, "log10_min_child_weight": 4.5953898769425034, "log10_subsample": -0.3505218740117598, "max_depth": 3.0, "num_boost_round": 26.0}, "datetime": {"datetime": "2024-01-19 00:29:22", "elapsed": 1065.840258, "delta": 0.002194}}
{"target": -13.75882139269694, "params": {"gamma": 427.971853686268, "log10_alpha": 0.5980075209026827, "log10_colsample_bytree": -0.5788423821413237, "log10_eta": -1.6617920499496033, "log10_lambda": -0.19491183427346126, "log10_min_child_weight": 4.5953898769425034, "log10_subsample": -0.3505218740117598, "max_depth": 3.0, "num_boost_round": 27.0}, "datetime": {"datetime": "2024-01-19 00:29:22", "elapsed": 1065.842449, "delta": 0.002191}}
{"target": -13.75875139857927, "params": {"gamma": 427.971853686268, "log10_alpha": 0.5980075209026827, "log10_colsample_bytree": -0.5788423821413237, "log10_eta": -1.6617920499496033, "log10_lambda": -0.19491183427346126, "log10_min_child_weight": 4.5953898769425034, "log10_subsample": -0.3505218740117598, "max_depth": 3.0, "num_boost_round": 28.0}, "datetime": {"datetime": "2024-01-19 00:29:22", "elapsed": 1065.84468, "delta": 0.002231}}
{"target": -13.758798332145515, "params": {"gamma": 427.971853686268, "log10_alpha": 0.5980075209026827, "log10_colsample_bytree": -0.5788423821413237, "log10_eta": -1.6617920499496033, "log10_lambda": -0.19491183427346126, "log10_min_child_weight": 4.5953898769425034, "log10_subsample": -0.3505218740117598, "max_depth": 3.0, "num_boost_round": 29.0}, "datetime": {"datetime": "2024-01-19 00:29:22", "elapsed": 1065.846887, "delta": 0.002207}}
{"target": -13.758762189492066, "params": {"gamma": 427.971853686268, "log10_alpha": 0.5980075209026827, "log10_colsample_bytree": -0.5788423821413237, "log10_eta": -1.6617920499496033, "log10_lambda": -0.19491183427346126, "log10_min_child_weight": 4.5953898769425034, "log10_subsample": -0.3505218740117598, "max_depth": 3.0, "num_boost_round": 30.0}, "datetime": {"datetime": "2024-01-19 00:29:22", "elapsed": 1065.849074, "delta": 0.002187}}
{"target": -13.758808753496838, "params": {"gamma": 427.971853686268, "log10_alpha": 0.5980075209026827, "log10_colsample_bytree": -0.5788423821413237, "log10_eta": -1.6617920499496033, "log10_lambda": -0.19491183427346126, "log10_min_child_weight": 4.5953898769425034, "log10_subsample": -0.3505218740117598, "max_depth": 3.0, "num_boost_round": 31.0}, "datetime": {"datetime": "2024-01-19 00:29:22", "elapsed": 1065.85128, "delta": 0.002206}}
{"target": -13.759042505490406, "params": {"gamma": 427.971853686268, "log10_alpha": 0.5980075209026827, "log10_colsample_bytree": -0.5788423821413237, "log10_eta": -1.6617920499496033, "log10_lambda": -0.19491183427346126, "log10_min_child_weight": 4.5953898769425034, "log10_subsample": -0.3505218740117598, "max_depth": 3.0, "num_boost_round": 32.0}, "datetime": {"datetime": "2024-01-19 00:29:22", "elapsed": 1065.853462, "delta": 0.002182}}
{"target": -13.759170774100214, "params": {"gamma": 427.971853686268, "log10_alpha": 0.5980075209026827, "log10_colsample_bytree": -0.5788423821413237, "log10_eta": -1.6617920499496033, "log10_lambda": -0.19491183427346126, "log10_min_child_weight": 4.5953898769425034, "log10_subsample": -0.3505218740117598, "max_depth": 3.0, "num_boost_round": 33.0}, "datetime": {"datetime": "2024-01-19 00:29:22", "elapsed": 1065.855664, "delta": 0.002202}}
{"target": -13.759290213175301, "params": {"gamma": 427.971853686268, "log10_alpha": 0.5980075209026827, "log10_colsample_bytree": -0.5788423821413237, "log10_eta": -1.6617920499496033, "log10_lambda": -0.19491183427346126, "log10_min_child_weight": 4.5953898769425034, "log10_subsample": -0.3505218740117598, "max_depth": 3.0, "num_boost_round": 34.0}, "datetime": {"datetime": "2024-01-19 00:29:22", "elapsed": 1065.857888, "delta": 0.002224}}
{"target": -13.75943184245767, "params": {"gamma": 427.971853686268, "log10_alpha": 0.5980075209026827, "log10_colsample_bytree": -0.5788423821413237, "log10_eta": -1.6617920499496033, "log10_lambda": -0.19491183427346126, "log10_min_child_weight": 4.5953898769425034, "log10_subsample": -0.3505218740117598, "max_depth": 3.0, "num_boost_round": 35.0}, "datetime": {"datetime": "2024-01-19 00:29:22", "elapsed": 1065.860078, "delta": 0.00219}}
{"target": -13.75959268966349, "params": {"gamma": 427.971853686268, "log10_alpha": 0.5980075209026827, "log10_colsample_bytree": -0.5788423821413237, "log10_eta": -1.6617920499496033, "log10_lambda": -0.19491183427346126, "log10_min_child_weight": 4.5953898769425034, "log10_subsample": -0.3505218740117598, "max_depth": 3.0, "num_boost_round": 36.0}, "datetime": {"datetime": "2024-01-19 00:29:22", "elapsed": 1065.862248, "delta": 0.00217}}
{"target": -13.759761499640973, "params": {"gamma": 427.971853686268, "log10_alpha": 0.5980075209026827, "log10_colsample_bytree": -0.5788423821413237, "log10_eta": -1.6617920499496033, "log10_lambda": -0.19491183427346126, "log10_min_child_weight": 4.5953898769425034, "log10_subsample": -0.3505218740117598, "max_depth": 3.0, "num_boost_round": 37.0}, "datetime": {"datetime": "2024-01-19 00:29:22", "elapsed": 1065.864465, "delta": 0.002217}}
{"target": -13.759724180773105, "params": {"gamma": 427.971853686268, "log10_alpha": 0.5980075209026827, "log10_colsample_bytree": -0.5788423821413237, "log10_eta": -1.6617920499496033, "log10_lambda": -0.19491183427346126, "log10_min_child_weight": 4.5953898769425034, "log10_subsample": -0.3505218740117598, "max_depth": 3.0, "num_boost_round": 38.0}, "datetime": {"datetime": "2024-01-19 00:29:22", "elapsed": 1065.866996, "delta": 0.002531}}
{"target": -13.759641006874908, "params": {"gamma": 427.971853686268, "log10_alpha": 0.5980075209026827, "log10_colsample_bytree": -0.5788423821413237, "log10_eta": -1.6617920499496033, "log10_lambda": -0.19491183427346126, "log10_min_child_weight": 4.5953898769425034, "log10_subsample": -0.3505218740117598, "max_depth": 3.0, "num_boost_round": 39.0}, "datetime": {"datetime": "2024-01-19 00:29:22", "elapsed": 1065.869417, "delta": 0.002421}}
{"target": -13.758536098218926, "params": {"gamma": 430.03276133365273, "log10_alpha": 1.0, "log10_colsample_bytree": -1.0, "log10_eta": -3.9766636244083005, "log10_lambda": 0.0521006294068048, "log10_min_child_weight": 0.0, "log10_subsample": 0.0, "max_depth": 2.0, "num_boost_round": 0.0}, "datetime": {"datetime": "2024-01-19 00:29:54", "elapsed": 1098.033819, "delta": 32.164402}}
{"target": -13.75853494982331, "params": {"gamma": 430.03276133365273, "log10_alpha": 1.0, "log10_colsample_bytree": -1.0, "log10_eta": -3.9766636244083005, "log10_lambda": 0.0521006294068048, "log10_min_child_weight": 0.0, "log10_subsample": 0.0, "max_depth": 2.0, "num_boost_round": 1.0}, "datetime": {"datetime": "2024-01-19 00:29:54", "elapsed": 1098.03662, "delta": 0.002801}}
