{"target": -14.034586261748588, "params": {"gamma": 715.8068907910799, "log10_alpha": -0.45079864977699646, "log10_colsample_bytree": -0.6474684746326046, "log10_eta": -0.33011295468681423, "log10_lambda": 0.2807607296164649, "log10_min_child_weight": 2.6354416012708812, "log10_subsample": -0.5575586045811731, "max_depth": 8.0, "num_boost_round": 9.0}, "datetime": {"datetime": "2024-01-19 00:33:05", "elapsed": 1284.864785, "delta": 0.001634}}
{"target": -14.047542414461143, "params": {"gamma": 715.8068907910799, "log10_alpha": -0.45079864977699646, "log10_colsample_bytree": -0.6474684746326046, "log10_eta": -0.33011295468681423, "log10_lambda": 0.2807607296164649, "log10_min_child_weight": 2.6354416012708812, "log10_subsample": -0.5575586045811731, "max_depth": 8.0, "num_boost_round": 10.0}, "datetime": {"datetime": "2024-01-19 00:33:05", "elapsed": 1284.866407, "delta": 0.001622}}
{"target": -14.079663537008118, "params": {"gamma": 715.8068907910799, "log10_alpha": -0.45079864977699646, "log10_colsample_bytree": -0.6474684746326046, "log10_eta": -0.33011295468681423, "log10_lambda": 0.2807607296164649, "log10_min_child_weight": 2.6354416012708812, "log10_subsample": -0.5575586045811731, "max_depth": 8.0, "num_boost_round": 11.0}, "datetime": {"datetime": "2024-01-19 00:33:05", "elapsed": 1284.868148, "delta": 0.001741}}
{"target": -14.097009039074827, "params": {"gamma": 715.8068907910799, "log10_alpha": -0.45079864977699646, "log10_colsample_bytree": -0.6474684746326046, "log10_eta": -0.33011295468681423, "log10_lambda": 0.2807607296164649, "log10_min_child_weight": 2.6354416012708812, "log10_subsample": -0.5575586045811731, "max_depth": 8.0, "num_boost_round": 12.0}, "datetime": {"datetime": "2024-01-19 00:33:05", "elapsed": 1284.86983, "delta": 0.001682}}
{"target": -14.105991230604895, "params": {"gamma": 715.8068907910799, "log10_alpha": -0.45079864977699646, "log10_colsample_bytree": -0.6474684746326046, "log10_eta": -0.33011295468681423, "log10_lambda": 0.2807607296164649, "log10_min_child_weight": 2.6354416012708812, "log10_subsample": -0.5575586045811731, "max_depth": 8.0, "num_boost_round": 13.0}, "datetime": {"datetime": "2024-01-19 00:33:05", "elapsed": 1284.871493, "delta": 0.001663}}
{"target": -14.123177234557529, "params": {"gamma": 715.8068907910799, "log10_alpha": -0.45079864977699646, "log10_colsample_bytree": -0.6474684746326046, "log10_eta": -0.33011295468681423, "log10_lambda": 0.2807607296164649, "log10_min_child_weight": 2.6354416012708812, "log10_subsample": -0.5575586045811731, "max_depth": 8.0, "num_boost_round": 14.0}, "datetime": {"datetime": "2024-01-19 00:33:05", "elapsed": 1284.873281, "delta": 0.001788}}
{"target": -13.758537953121836, "params": {"gamma": 705.6920878655567, "log10_alpha": -3.574115215249315, "log10_colsample_bytree": -0.026230084853676394, "log10_eta": -3.9313925537748995, "log10_lambda": -2.802860224312772, "log10_min_child_weight": 2.8561640688413634, "log10_subsample": -0.6842392708387689, "max_depth": 7.0, "num_boost_round": 0.0}, "datetime": {"datetime": "2024-01-19 00:33:28", "elapsed": 1307.640793, "delta": 22.767512}}
{"target": -13.758539198146678, "params": {"gamma": 705.6920878655567, "log10_alpha": -3.574115215249315, "log10_colsample_bytree": -0.026230084853676394, "log10_eta": -3.9313925537748995, "log10_lambda": -2.802860224312772, "log10_min_child_weight": 2.8561640688413634, "log10_subsample": -0.6842392708387689, "max_depth": 7.0, "num_boost_round": 1.0}, "datetime": {"datetime": "2024-01-19 00:33:28", "elapsed": 1307.643141, "delta": 0.002348}}
{"target": -13.75854177174751, "params": {"gamma": 705.6920878655567, "log10_alpha": -3.574115215249315, "log10_colsample_bytree": -0.026230084853676394, "log10_eta": -3.9313925537748995, "log10_lambda": -2.802860224312772, "log10_min_child_weight": 2.8561640688413634, "log10_subsample": -0.6842392708387689, "max_depth": 7.0, "num_boost_round": 2.0}, "datetime": {"datetime": "2024-01-19 00:33:28", "elapsed": 1307.645174, "delta": 0.002033}}
{"target": -13.758540618897664, "params": {"gamma": 705.6920878655567, "log10_alpha": -3.574115215249315, "log10_colsample_bytree": -0.026230084853676394, "log10_eta": -3.9313925537748995, "log10_lambda": -2.802860224312772, "log10_min_child_weight": 2.8561640688413634, "log10_subsample": -0.6842392708387689, "max_depth": 7.0, "num_boost_round": 3.0}, "datetime": {"datetime": "2024-01-19 00:33:28", "elapsed": 1307.647019, "delta": 0.001845}}
{"target": -13.758539012067693, "params": {"gamma": 705.6920878655567, "log10_alpha": -3.574115215249315, "log10_colsample_bytree": -0.026230084853676394, "log10_eta": -3.9313925537748995, "log10_lambda": -2.802860224312772, "log10_min_child_weight": 2.8561640688413634, "log10_subsample": -0.6842392708387689, "max_depth": 7.0, "num_boost_round": 4.0}, "datetime": {"datetime": "2024-01-19 00:33:28", "elapsed": 1307.648682, "delta": 0.001663}}
{"target": -13.758538520901341, "params": {"gamma": 705.6920878655567, "log10_alpha": -3.574115215249315, "log10_colsample_bytree": -0.026230084853676394, "log10_eta": -3.9313925537748995, "log10_lambda": -2.802860224312772, "log10_min_child_weight": 2.8561640688413634, "log10_subsample": -0.6842392708387689, "max_depth": 7.0, "num_boost_round": 5.0}, "datetime": {"datetime": "2024-01-19 00:33:28", "elapsed": 1307.650371, "delta": 0.001689}}
{"target": -13.75853740528651, "params": {"gamma": 705.6920878655567, "log10_alpha": -3.574115215249315, "log10_colsample_bytree": -0.026230084853676394, "log10_eta": -3.9313925537748995, "log10_lambda": -2.802860224312772, "log10_min_child_weight": 2.8561640688413634, "log10_subsample": -0.6842392708387689, "max_depth": 7.0, "num_boost_round": 6.0}, "datetime": {"datetime": "2024-01-19 00:33:28", "elapsed": 1307.652055, "delta": 0.001684}}
{"target": -13.758537243371963, "params": {"gamma": 705.6920878655567, "log10_alpha": -3.574115215249315, "log10_colsample_bytree": -0.026230084853676394, "log10_eta": -3.9313925537748995, "log10_lambda": -2.802860224312772, "log10_min_child_weight": 2.8561640688413634, "log10_subsample": -0.6842392708387689, "max_depth": 7.0, "num_boost_round": 7.0}, "datetime": {"datetime": "2024-01-19 00:33:28", "elapsed": 1307.653794, "delta": 0.001739}}
{"target": -13.758537867517155, "params": {"gamma": 705.6920878655567, "log10_alpha": -3.574115215249315, "log10_colsample_bytree": -0.026230084853676394, "log10_eta": -3.9313925537748995, "log10_lambda": -2.802860224312772, "log10_min_child_weight": 2.8561640688413634, "log10_subsample": -0.6842392708387689, "max_depth": 7.0, "num_boost_round": 8.0}, "datetime": {"datetime": "2024-01-19 00:33:28", "elapsed": 1307.655455, "delta": 0.001661}}
{"target": -13.75853682956905, "params": {"gamma": 705.6920878655567, "log10_alpha": -3.574115215249315, "log10_colsample_bytree": -0.026230084853676394, "log10_eta": -3.9313925537748995, "log10_lambda": -2.802860224312772, "log10_min_child_weight": 2.8561640688413634, "log10_subsample": -0.6842392708387689, "max_depth": 7.0, "num_boost_round": 9.0}, "datetime": {"datetime": "2024-01-19 00:33:28", "elapsed": 1307.657084, "delta": 0.001629}}
{"target": -13.758534988071872, "params": {"gamma": 724.9906192900347, "log10_alpha": -3.4926873988280582, "log10_colsample_bytree": -0.1506412345756567, "log10_eta": -3.247973277729436, "log10_lambda": 0.30175958898190736, "log10_min_child_weight": 1.5510771104925807, "log10_subsample": -0.9857894821976132, "max_depth": 5.0, "num_boost_round": 0.0}, "datetime": {"datetime": "2024-01-19 00:33:51", "elapsed": 1330.330549, "delta": 22.673465}}
{"target": -13.758532375661465, "params": {"gamma": 724.9906192900347, "log10_alpha": -3.4926873988280582, "log10_colsample_bytree": -0.1506412345756567, "log10_eta": -3.247973277729436, "log10_lambda": 0.30175958898190736, "log10_min_child_weight": 1.5510771104925807, "log10_subsample": -0.9857894821976132, "max_depth": 5.0, "num_boost_round": 1.0}, "datetime": {"datetime": "2024-01-19 00:33:51", "elapsed": 1330.332368, "delta": 0.001819}}
{"target": -13.75852100513058, "params": {"gamma": 724.9906192900347, "log10_alpha": -3.4926873988280582, "log10_colsample_bytree": -0.1506412345756567, "log10_eta": -3.247973277729436, "log10_lambda": 0.30175958898190736, "log10_min_child_weight": 1.5510771104925807, "log10_subsample": -0.9857894821976132, "max_depth": 5.0, "num_boost_round": 2.0}, "datetime": {"datetime": "2024-01-19 00:33:51", "elapsed": 1330.334091, "delta": 0.001723}}
{"target": -13.758506966959684, "params": {"gamma": 724.9906192900347, "log10_alpha": -3.4926873988280582, "log10_colsample_bytree": -0.1506412345756567, "log10_eta": -3.247973277729436, "log10_lambda": 0.30175958898190736, "log10_min_child_weight": 1.5510771104925807, "log10_subsample": -0.9857894821976132, "max_depth": 5.0, "num_boost_round": 3.0}, "datetime": {"datetime": "2024-01-19 00:33:51", "elapsed": 1330.336196, "delta": 0.002105}}
{"target": -13.758487945427222, "params": {"gamma": 724.9906192900347, "log10_alpha": -3.4926873988280582, "log10_colsample_bytree": -0.1506412345756567, "log10_eta": -3.247973277729436, "log10_lambda": 0.30175958898190736, "log10_min_child_weight": 1.5510771104925807, "log10_subsample": -0.9857894821976132, "max_depth": 5.0, "num_boost_round": 4.0}, "datetime": {"datetime": "2024-01-19 00:33:51", "elapsed": 1330.338289, "delta": 0.002093}}
{"target": -13.75845678362418, "params": {"gamma": 724.9906192900347, "log10_alpha": -3.4926873988280582, "log10_colsample_bytree": -0.1506412345756567, "log10_eta": -3.247973277729436, "log10_lambda": 0.30175958898190736, "log10_min_child_weight": 1.5510771104925807, "log10_subsample": -0.9857894821976132, "max_depth": 5.0, "num_boost_round": 5.0}, "datetime": {"datetime": "2024-01-19 00:33:51", "elapsed": 1330.340242, "delta": 0.001953}}
{"target": -13.758422340359454, "params": {"gamma": 724.9906192900347, "log10_alpha": -3.4926873988280582, "log10_colsample_bytree": -0.1506412345756567, "log10_eta": -3.247973277729436, "log10_lambda": 0.30175958898190736, "log10_min_child_weight": 1.5510771104925807, "log10_subsample": -0.9857894821976132, "max_depth": 5.0, "num_boost_round": 6.0}, "datetime": {"datetime": "2024-01-19 00:33:51", "elapsed": 1330.342082, "delta": 0.00184}}
{"target": -13.758411455355198, "params": {"gamma": 724.9906192900347, "log10_alpha": -3.4926873988280582, "log10_colsample_bytree": -0.1506412345756567, "log10_eta": -3.247973277729436, "log10_lambda": 0.30175958898190736, "log10_min_child_weight": 1.5510771104925807, "log10_subsample": -0.9857894821976132, "max_depth": 5.0, "num_boost_round": 7.0}, "datetime": {"datetime": "2024-01-19 00:33:51", "elapsed": 1330.344168, "delta": 0.002086}}
{"target": -13.758407826638773, "params": {"gamma": 724.9906192900347, "log10_alpha": -3.4926873988280582, "log10_colsample_bytree": -0.1506412345756567, "log10_eta": -3.247973277729436, "log10_lambda": 0.30175958898190736, "log10_min_child_weight": 1.5510771104925807, "log10_subsample": -0.9857894821976132, "max_depth": 5.0, "num_boost_round": 8.0}, "datetime": {"datetime": "2024-01-19 00:33:51", "elapsed": 1330.345978, "delta": 0.00181}}
{"target": -13.75838872230536, "params": {"gamma": 724.9906192900347, "log10_alpha": -3.4926873988280582, "log10_colsample_bytree": -0.1506412345756567, "log10_eta": -3.247973277729436, "log10_lambda": 0.30175958898190736, "log10_min_child_weight": 1.5510771104925807, "log10_subsample": -0.9857894821976132, "max_depth": 5.0, "num_boost_round": 9.0}, "datetime": {"datetime": "2024-01-19 00:33:51", "elapsed": 1330.347714, "delta": 0.001736}}
{"target": -13.758368725386326, "params": {"gamma": 724.9906192900347, "log10_alpha": -3.4926873988280582, "log10_colsample_bytree": -0.1506412345756567, "log10_eta": -3.247973277729436, "log10_lambda": 0.30175958898190736, "log10_min_child_weight": 1.5510771104925807, "log10_subsample": -0.9857894821976132, "max_depth": 5.0, "num_boost_round": 10.0}, "datetime": {"datetime": "2024-01-19 00:33:51", "elapsed": 1330.349416, "delta": 0.001702}}
{"target": -13.758367044635287, "params": {"gamma": 724.9906192900347, "log10_alpha": -3.4926873988280582, "log10_colsample_bytree": -0.1506412345756567, "log10_eta": -3.247973277729436, "log10_lambda": 0.30175958898190736, "log10_min_child_weight": 1.5510771104925807, "log10_subsample": -0.9857894821976132, "max_depth": 5.0, "num_boost_round": 11.0}, "datetime": {"datetime": "2024-01-19 00:33:51", "elapsed": 1330.351108, "delta": 0.001692}}
{"target": -13.75836738119476, "params": {"gamma": 724.9906192900347, "log10_alpha": -3.4926873988280582, "log10_colsample_bytree": -0.1506412345756567, "log10_eta": -3.247973277729436, "log10_lambda": 0.30175958898190736, "log10_min_child_weight": 1.5510771104925807, "log10_subsample": -0.9857894821976132, "max_depth": 5.0, "num_boost_round": 12.0}, "datetime": {"datetime": "2024-01-19 00:33:51", "elapsed": 1330.352897, "delta": 0.001789}}
{"target": -13.758534328941927, "params": {"gamma": 713.4557776840509, "log10_alpha": -5.0, "log10_colsample_bytree": -1.0, "log10_eta": -4.0, "log10_lambda": -1.7167367059322765, "log10_min_child_weight": 1.5677388611559133, "log10_subsample": 0.0, "max_depth": 5.0, "num_boost_round": 0.0}, "datetime": {"datetime": "2024-01-19 00:34:17", "elapsed": 1357.00062, "delta": 26.647723}}
{"target": -13.758530948055569, "params": {"gamma": 713.4557776840509, "log10_alpha": -5.0, "log10_colsample_bytree": -1.0, "log10_eta": -4.0, "log10_lambda": -1.7167367059322765, "log10_min_child_weight": 1.5677388611559133, "log10_subsample": 0.0, "max_depth": 5.0, "num_boost_round": 1.0}, "datetime": {"datetime": "2024-01-19 00:34:17", "elapsed": 1357.003022, "delta": 0.002402}}
{"target": -13.758531401446085, "params": {"gamma": 713.4557776840509, "log10_alpha": -5.0, "log10_colsample_bytree": -1.0, "log10_eta": -4.0, "log10_lambda": -1.7167367059322765, "log10_min_child_weight": 1.5677388611559133, "log10_subsample": 0.0, "max_depth": 5.0, "num_boost_round": 2.0}, "datetime": {"datetime": "2024-01-19 00:34:17", "elapsed": 1357.00517, "delta": 0.002148}}
{"target": -13.7585306988954, "params": {"gamma": 713.4557776840509, "log10_alpha": -5.0, "log10_colsample_bytree": -1.0, "log10_eta": -4.0, "log10_lambda": -1.7167367059322765, "log10_min_child_weight": 1.5677388611559133, "log10_subsample": 0.0, "max_depth": 5.0, "num_boost_round": 3.0}, "datetime": {"datetime": "2024-01-19 00:34:17", "elapsed": 1357.006885, "delta": 0.001715}}
{"target": -13.758528117273533, "params": {"gamma": 713.4557776840509, "log10_alpha": -5.0, "log10_colsample_bytree": -1.0, "log10_eta": -4.0, "log10_lambda": -1.7167367059322765, "log10_min_child_weight": 1.5677388611559133, "log10_subsample": 0.0, "max_depth": 5.0, "num_boost_round": 4.0}, "datetime": {"datetime": "2024-01-19 00:34:17", "elapsed": 1357.00866, "delta": 0.001775}}
{"target": -13.758526832426636, "params": {"gamma": 713.4557776840509, "log10_alpha": -5.0, "log10_colsample_bytree": -1.0, "log10_eta": -4.0, "log10_lambda": -1.7167367059322765, "log10_min_child_weight": 1.5677388611559133, "log10_subsample": 0.0, "max_depth": 5.0, "num_boost_round": 5.0}, "datetime": {"datetime": "2024-01-19 00:34:17", "elapsed": 1357.010402, "delta": 0.001742}}
{"target": -13.75852769355668, "params": {"gamma": 713.4557776840509, "log10_alpha": -5.0, "log10_colsample_bytree": -1.0, "log10_eta": -4.0, "log10_lambda": -1.7167367059322765, "log10_min_child_weight": 1.5677388611559133, "log10_subsample": 0.0, "max_depth": 5.0, "num_boost_round": 6.0}, "datetime": {"datetime": "2024-01-19 00:34:17", "elapsed": 1357.012096, "delta": 0.001694}}
{"target": -13.758525747253506, "params": {"gamma": 713.4557776840509, "log10_alpha": -5.0, "log10_colsample_bytree": -1.0, "log10_eta": -4.0, "log10_lambda": -1.7167367059322765, "log10_min_child_weight": 1.5677388611559133, "log10_subsample": 0.0, "max_depth": 5.0, "num_boost_round": 7.0}, "datetime": {"datetime": "2024-01-19 00:34:17", "elapsed": 1357.013939, "delta": 0.001843}}
{"target": -13.75852466324074, "params": {"gamma": 713.4557776840509, "log10_alpha": -5.0, "log10_colsample_bytree": -1.0, "log10_eta": -4.0, "log10_lambda": -1.7167367059322765, "log10_min_child_weight": 1.5677388611559133, "log10_subsample": 0.0, "max_depth": 5.0, "num_boost_round": 8.0}, "datetime": {"datetime": "2024-01-19 00:34:17", "elapsed": 1357.015622, "delta": 0.001683}}
{"target": -13.758524980097805, "params": {"gamma": 713.4557776840509, "log10_alpha": -5.0, "log10_colsample_bytree": -1.0, "log10_eta": -4.0, "log10_lambda": -1.7167367059322765, "log10_min_child_weight": 1.5677388611559133, "log10_subsample": 0.0, "max_depth": 5.0, "num_boost_round": 9.0}, "datetime": {"datetime": "2024-01-19 00:34:17", "elapsed": 1357.017324, "delta": 0.001702}}
{"target": -13.758524954125871, "params": {"gamma": 713.4557776840509, "log10_alpha": -5.0, "log10_colsample_bytree": -1.0, "log10_eta": -4.0, "log10_lambda": -1.7167367059322765, "log10_min_child_weight": 1.5677388611559133, "log10_subsample": 0.0, "max_depth": 5.0, "num_boost_round": 10.0}, "datetime": {"datetime": "2024-01-19 00:34:17", "elapsed": 1357.019105, "delta": 0.001781}}
{"target": -13.75852543325586, "params": {"gamma": 713.4557776840509, "log10_alpha": -5.0, "log10_colsample_bytree": -1.0, "log10_eta": -4.0, "log10_lambda": -1.7167367059322765, "log10_min_child_weight": 1.5677388611559133, "log10_subsample": 0.0, "max_depth": 5.0, "num_boost_round": 11.0}, "datetime": {"datetime": "2024-01-19 00:34:17", "elapsed": 1357.02082, "delta": 0.001715}}
{"target": -13.758523328301605, "params": {"gamma": 713.4557776840509, "log10_alpha": -5.0, "log10_colsample_bytree": -1.0, "log10_eta": -4.0, "log10_lambda": -1.7167367059322765, "log10_min_child_weight": 1.5677388611559133, "log10_subsample": 0.0, "max_depth": 5.0, "num_boost_round": 12.0}, "datetime": {"datetime": "2024-01-19 00:34:17", "elapsed": 1357.022554, "delta": 0.001734}}
{"target": -13.758537608640918, "params": {"gamma": 710.9599889901816, "log10_alpha": -3.772888588326551, "log10_colsample_bytree": -0.5359528148799971, "log10_eta": -3.886533934264101, "log10_lambda": -0.9917532214856895, "log10_min_child_weight": 4.937652762039163, "log10_subsample": -0.8865144968415085, "max_depth": 9.0, "num_boost_round": 0.0}, "datetime": {"datetime": "2024-01-19 00:34:43", "elapsed": 1382.975594, "delta": 25.95304}}
{"target": -13.75853789721015, "params": {"gamma": 710.9599889901816, "log10_alpha": -3.772888588326551, "log10_colsample_bytree": -0.5359528148799971, "log10_eta": -3.886533934264101, "log10_lambda": -0.9917532214856895, "log10_min_child_weight": 4.937652762039163, "log10_subsample": -0.8865144968415085, "max_depth": 9.0, "num_boost_round": 1.0}, "datetime": {"datetime": "2024-01-19 00:34:43", "elapsed": 1382.978109, "delta": 0.002515}}
{"target": -13.758538182635707, "params": {"gamma": 710.9599889901816, "log10_alpha": -3.772888588326551, "log10_colsample_bytree": -0.5359528148799971, "log10_eta": -3.886533934264101, "log10_lambda": -0.9917532214856895, "log10_min_child_weight": 4.937652762039163, "log10_subsample": -0.8865144968415085, "max_depth": 9.0, "num_boost_round": 2.0}, "datetime": {"datetime": "2024-01-19 00:34:43", "elapsed": 1382.979988, "delta": 0.001879}}
{"target": -13.758538133065004, "params": {"gamma": 710.9599889901816, "log10_alpha": -3.772888588326551, "log10_colsample_bytree": -0.5359528148799971, "log10_eta": -3.886533934264101, "log10_lambda": -0.9917532214856895, "log10_min_child_weight": 4.937652762039163, "log10_subsample": -0.8865144968415085, "max_depth": 9.0, "num_boost_round": 3.0}, "datetime": {"datetime": "2024-01-19 00:34:43", "elapsed": 1382.981955, "delta": 0.001967}}
{"target": -13.758538461855668, "params": {"gamma": 710.9599889901816, "log10_alpha": -3.772888588326551, "log10_colsample_bytree": -0.5359528148799971, "log10_eta": -3.886533934264101, "log10_lambda": -0.9917532214856895, "log10_min_child_weight": 4.937652762039163, "log10_subsample": -0.8865144968415085, "max_depth": 9.0, "num_boost_round": 4.0}, "datetime": {"datetime": "2024-01-19 00:34:43", "elapsed": 1382.98381, "delta": 0.001855}}
{"target": -13.758538389693184, "params": {"gamma": 710.9599889901816, "log10_alpha": -3.772888588326551, "log10_colsample_bytree": -0.5359528148799971, "log10_eta": -3.886533934264101, "log10_lambda": -0.9917532214856895, "log10_min_child_weight": 4.937652762039163, "log10_subsample": -0.8865144968415085, "max_depth": 9.0, "num_boost_round": 5.0}, "datetime": {"datetime": "2024-01-19 00:34:43", "elapsed": 1382.985668, "delta": 0.001858}}
{"target": -13.75853839802367, "params": {"gamma": 710.9599889901816, "log10_alpha": -3.772888588326551, "log10_colsample_bytree": -0.5359528148799971, "log10_eta": -3.886533934264101, "log10_lambda": -0.9917532214856895, "log10_min_child_weight": 4.937652762039163, "log10_subsample": -0.8865144968415085, "max_depth": 9.0, "num_boost_round": 6.0}, "datetime": {"datetime": "2024-01-19 00:34:43", "elapsed": 1382.987472, "delta": 0.001804}}
{"target": -13.758538321498966, "params": {"gamma": 710.9599889901816, "log10_alpha": -3.772888588326551, "log10_colsample_bytree": -0.5359528148799971, "log10_eta": -3.886533934264101, "log10_lambda": -0.9917532214856895, "log10_min_child_weight": 4.937652762039163, "log10_subsample": -0.8865144968415085, "max_depth": 9.0, "num_boost_round": 7.0}, "datetime": {"datetime": "2024-01-19 00:34:43", "elapsed": 1382.989306, "delta": 0.001834}}
{"target": -13.758538170775301, "params": {"gamma": 710.9599889901816, "log10_alpha": -3.772888588326551, "log10_colsample_bytree": -0.5359528148799971, "log10_eta": -3.886533934264101, "log10_lambda": -0.9917532214856895, "log10_min_child_weight": 4.937652762039163, "log10_subsample": -0.8865144968415085, "max_depth": 9.0, "num_boost_round": 8.0}, "datetime": {"datetime": "2024-01-19 00:34:43", "elapsed": 1382.99101, "delta": 0.001704}}
