{"target": -17.677064510162825, "params": {"gamma": 407.90832893067676, "log10_alpha": -4.521040826468844, "log10_colsample_bytree": -0.4944142947007373, "log10_eta": -3.292584729583526, "log10_lambda": -4.217909861817722, "log10_min_child_weight": 2.7636516056562126, "log10_subsample": -0.9669953611973579, "max_depth": 8.0, "num_boost_round": 13.0}, "datetime": {"datetime": "2024-01-19 00:40:53", "elapsed": 1743.141612, "delta": 0.002549}}
{"target": -17.677066616884936, "params": {"gamma": 407.90832893067676, "log10_alpha": -4.521040826468844, "log10_colsample_bytree": -0.4944142947007373, "log10_eta": -3.292584729583526, "log10_lambda": -4.217909861817722, "log10_min_child_weight": 2.7636516056562126, "log10_subsample": -0.9669953611973579, "max_depth": 8.0, "num_boost_round": 14.0}, "datetime": {"datetime": "2024-01-19 00:40:53", "elapsed": 1743.144329, "delta": 0.002717}}
{"target": -17.67705154698751, "params": {"gamma": 407.90832893067676, "log10_alpha": -4.521040826468844, "log10_colsample_bytree": -0.4944142947007373, "log10_eta": -3.292584729583526, "log10_lambda": -4.217909861817722, "log10_min_child_weight": 2.7636516056562126, "log10_subsample": -0.9669953611973579, "max_depth": 8.0, "num_boost_round": 15.0}, "datetime": {"datetime": "2024-01-19 00:40:53", "elapsed": 1743.147014, "delta": 0.002685}}
{"target": -17.677037851487672, "params": {"gamma": 407.90832893067676, "log10_alpha": -4.521040826468844, "log10_colsample_bytree": -0.4944142947007373, "log10_eta": -3.292584729583526, "log10_lambda": -4.217909861817722, "log10_min_child_weight": 2.7636516056562126, "log10_subsample": -0.9669953611973579, "max_depth": 8.0, "num_boost_round": 16.0}, "datetime": {"datetime": "2024-01-19 00:40:53", "elapsed": 1743.149692, "delta": 0.002678}}
{"target": -17.677027938936778, "params": {"gamma": 407.90832893067676, "log10_alpha": -4.521040826468844, "log10_colsample_bytree": -0.4944142947007373, "log10_eta": -3.292584729583526, "log10_lambda": -4.217909861817722, "log10_min_child_weight": 2.7636516056562126, "log10_subsample": -0.9669953611973579, "max_depth": 8.0, "num_boost_round": 17.0}, "datetime": {"datetime": "2024-01-19 00:40:53", "elapsed": 1743.152374, "delta": 0.002682}}
{"target": -17.677023987602936, "params": {"gamma": 407.90832893067676, "log10_alpha": -4.521040826468844, "log10_colsample_bytree": -0.4944142947007373, "log10_eta": -3.292584729583526, "log10_lambda": -4.217909861817722, "log10_min_child_weight": 2.7636516056562126, "log10_subsample": -0.9669953611973579, "max_depth": 8.0, "num_boost_round": 18.0}, "datetime": {"datetime": "2024-01-19 00:40:53", "elapsed": 1743.154948, "delta": 0.002574}}
{"target": -17.677013046695933, "params": {"gamma": 407.90832893067676, "log10_alpha": -4.521040826468844, "log10_colsample_bytree": -0.4944142947007373, "log10_eta": -3.292584729583526, "log10_lambda": -4.217909861817722, "log10_min_child_weight": 2.7636516056562126, "log10_subsample": -0.9669953611973579, "max_depth": 8.0, "num_boost_round": 19.0}, "datetime": {"datetime": "2024-01-19 00:40:53", "elapsed": 1743.157528, "delta": 0.00258}}
{"target": -17.67699314645195, "params": {"gamma": 407.90832893067676, "log10_alpha": -4.521040826468844, "log10_colsample_bytree": -0.4944142947007373, "log10_eta": -3.292584729583526, "log10_lambda": -4.217909861817722, "log10_min_child_weight": 2.7636516056562126, "log10_subsample": -0.9669953611973579, "max_depth": 8.0, "num_boost_round": 20.0}, "datetime": {"datetime": "2024-01-19 00:40:53", "elapsed": 1743.160088, "delta": 0.00256}}
{"target": -17.676969854642323, "params": {"gamma": 407.90832893067676, "log10_alpha": -4.521040826468844, "log10_colsample_bytree": -0.4944142947007373, "log10_eta": -3.292584729583526, "log10_lambda": -4.217909861817722, "log10_min_child_weight": 2.7636516056562126, "log10_subsample": -0.9669953611973579, "max_depth": 8.0, "num_boost_round": 21.0}, "datetime": {"datetime": "2024-01-19 00:40:53", "elapsed": 1743.1632, "delta": 0.003112}}
{"target": -17.67693344460886, "params": {"gamma": 407.90832893067676, "log10_alpha": -4.521040826468844, "log10_colsample_bytree": -0.4944142947007373, "log10_eta": -3.292584729583526, "log10_lambda": -4.217909861817722, "log10_min_child_weight": 2.7636516056562126, "log10_subsample": -0.9669953611973579, "max_depth": 8.0, "num_boost_round": 22.0}, "datetime": {"datetime": "2024-01-19 00:40:53", "elapsed": 1743.165796, "delta": 0.002596}}
{"target": -17.676921076679776, "params": {"gamma": 407.90832893067676, "log10_alpha": -4.521040826468844, "log10_colsample_bytree": -0.4944142947007373, "log10_eta": -3.292584729583526, "log10_lambda": -4.217909861817722, "log10_min_child_weight": 2.7636516056562126, "log10_subsample": -0.9669953611973579, "max_depth": 8.0, "num_boost_round": 23.0}, "datetime": {"datetime": "2024-01-19 00:40:53", "elapsed": 1743.168418, "delta": 0.002622}}
{"target": -17.676922373252953, "params": {"gamma": 407.90832893067676, "log10_alpha": -4.521040826468844, "log10_colsample_bytree": -0.4944142947007373, "log10_eta": -3.292584729583526, "log10_lambda": -4.217909861817722, "log10_min_child_weight": 2.7636516056562126, "log10_subsample": -0.9669953611973579, "max_depth": 8.0, "num_boost_round": 24.0}, "datetime": {"datetime": "2024-01-19 00:40:53", "elapsed": 1743.170983, "delta": 0.002565}}
{"target": -17.676917243072744, "params": {"gamma": 407.90832893067676, "log10_alpha": -4.521040826468844, "log10_colsample_bytree": -0.4944142947007373, "log10_eta": -3.292584729583526, "log10_lambda": -4.217909861817722, "log10_min_child_weight": 2.7636516056562126, "log10_subsample": -0.9669953611973579, "max_depth": 8.0, "num_boost_round": 25.0}, "datetime": {"datetime": "2024-01-19 00:40:53", "elapsed": 1743.173641, "delta": 0.002658}}
{"target": -17.676930457068615, "params": {"gamma": 407.90832893067676, "log10_alpha": -4.521040826468844, "log10_colsample_bytree": -0.4944142947007373, "log10_eta": -3.292584729583526, "log10_lambda": -4.217909861817722, "log10_min_child_weight": 2.7636516056562126, "log10_subsample": -0.9669953611973579, "max_depth": 8.0, "num_boost_round": 26.0}, "datetime": {"datetime": "2024-01-19 00:40:53", "elapsed": 1743.176214, "delta": 0.002573}}
{"target": -17.676936948811903, "params": {"gamma": 407.90832893067676, "log10_alpha": -4.521040826468844, "log10_colsample_bytree": -0.4944142947007373, "log10_eta": -3.292584729583526, "log10_lambda": -4.217909861817722, "log10_min_child_weight": 2.7636516056562126, "log10_subsample": -0.9669953611973579, "max_depth": 8.0, "num_boost_round": 27.0}, "datetime": {"datetime": "2024-01-19 00:40:53", "elapsed": 1743.178792, "delta": 0.002578}}
{"target": -17.67690738446929, "params": {"gamma": 407.90832893067676, "log10_alpha": -4.521040826468844, "log10_colsample_bytree": -0.4944142947007373, "log10_eta": -3.292584729583526, "log10_lambda": -4.217909861817722, "log10_min_child_weight": 2.7636516056562126, "log10_subsample": -0.9669953611973579, "max_depth": 8.0, "num_boost_round": 28.0}, "datetime": {"datetime": "2024-01-19 00:40:53", "elapsed": 1743.181411, "delta": 0.002619}}
{"target": -17.67688212294502, "params": {"gamma": 407.90832893067676, "log10_alpha": -4.521040826468844, "log10_colsample_bytree": -0.4944142947007373, "log10_eta": -3.292584729583526, "log10_lambda": -4.217909861817722, "log10_min_child_weight": 2.7636516056562126, "log10_subsample": -0.9669953611973579, "max_depth": 8.0, "num_boost_round": 29.0}, "datetime": {"datetime": "2024-01-19 00:40:53", "elapsed": 1743.184117, "delta": 0.002706}}
{"target": -17.676865818335752, "params": {"gamma": 407.90832893067676, "log10_alpha": -4.521040826468844, "log10_colsample_bytree": -0.4944142947007373, "log10_eta": -3.292584729583526, "log10_lambda": -4.217909861817722, "log10_min_child_weight": 2.7636516056562126, "log10_subsample": -0.9669953611973579, "max_depth": 8.0, "num_boost_round": 30.0}, "datetime": {"datetime": "2024-01-19 00:40:53", "elapsed": 1743.186735, "delta": 0.002618}}
{"target": -17.67686088277279, "params": {"gamma": 407.90832893067676, "log10_alpha": -4.521040826468844, "log10_colsample_bytree": -0.4944142947007373, "log10_eta": -3.292584729583526, "log10_lambda": -4.217909861817722, "log10_min_child_weight": 2.7636516056562126, "log10_subsample": -0.9669953611973579, "max_depth": 8.0, "num_boost_round": 31.0}, "datetime": {"datetime": "2024-01-19 00:40:53", "elapsed": 1743.189334, "delta": 0.002599}}
{"target": -17.676860317967957, "params": {"gamma": 407.90832893067676, "log10_alpha": -4.521040826468844, "log10_colsample_bytree": -0.4944142947007373, "log10_eta": -3.292584729583526, "log10_lambda": -4.217909861817722, "log10_min_child_weight": 2.7636516056562126, "log10_subsample": -0.9669953611973579, "max_depth": 8.0, "num_boost_round": 32.0}, "datetime": {"datetime": "2024-01-19 00:40:53", "elapsed": 1743.191973, "delta": 0.002639}}
{"target": -17.67683857181987, "params": {"gamma": 407.90832893067676, "log10_alpha": -4.521040826468844, "log10_colsample_bytree": -0.4944142947007373, "log10_eta": -3.292584729583526, "log10_lambda": -4.217909861817722, "log10_min_child_weight": 2.7636516056562126, "log10_subsample": -0.9669953611973579, "max_depth": 8.0, "num_boost_round": 33.0}, "datetime": {"datetime": "2024-01-19 00:40:53", "elapsed": 1743.194567, "delta": 0.002594}}
{"target": -17.676817504130305, "params": {"gamma": 407.90832893067676, "log10_alpha": -4.521040826468844, "log10_colsample_bytree": -0.4944142947007373, "log10_eta": -3.292584729583526, "log10_lambda": -4.217909861817722, "log10_min_child_weight": 2.7636516056562126, "log10_subsample": -0.9669953611973579, "max_depth": 8.0, "num_boost_round": 34.0}, "datetime": {"datetime": "2024-01-19 00:40:53", "elapsed": 1743.197143, "delta": 0.002576}}
{"target": -17.67681897395338, "params": {"gamma": 407.90832893067676, "log10_alpha": -4.521040826468844, "log10_colsample_bytree": -0.4944142947007373, "log10_eta": -3.292584729583526, "log10_lambda": -4.217909861817722, "log10_min_child_weight": 2.7636516056562126, "log10_subsample": -0.9669953611973579, "max_depth": 8.0, "num_boost_round": 35.0}, "datetime": {"datetime": "2024-01-19 00:40:53", "elapsed": 1743.199769, "delta": 0.002626}}
{"target": -17.67683339035259, "params": {"gamma": 407.90832893067676, "log10_alpha": -4.521040826468844, "log10_colsample_bytree": -0.4944142947007373, "log10_eta": -3.292584729583526, "log10_lambda": -4.217909861817722, "log10_min_child_weight": 2.7636516056562126, "log10_subsample": -0.9669953611973579, "max_depth": 8.0, "num_boost_round": 36.0}, "datetime": {"datetime": "2024-01-19 00:40:53", "elapsed": 1743.20245, "delta": 0.002681}}
{"target": -17.676830793473563, "params": {"gamma": 407.90832893067676, "log10_alpha": -4.521040826468844, "log10_colsample_bytree": -0.4944142947007373, "log10_eta": -3.292584729583526, "log10_lambda": -4.217909861817722, "log10_min_child_weight": 2.7636516056562126, "log10_subsample": -0.9669953611973579, "max_depth": 8.0, "num_boost_round": 37.0}, "datetime": {"datetime": "2024-01-19 00:40:53", "elapsed": 1743.20504, "delta": 0.00259}}
{"target": -17.676819402896207, "params": {"gamma": 407.90832893067676, "log10_alpha": -4.521040826468844, "log10_colsample_bytree": -0.4944142947007373, "log10_eta": -3.292584729583526, "log10_lambda": -4.217909861817722, "log10_min_child_weight": 2.7636516056562126, "log10_subsample": -0.9669953611973579, "max_depth": 8.0, "num_boost_round": 38.0}, "datetime": {"datetime": "2024-01-19 00:40:53", "elapsed": 1743.207636, "delta": 0.002596}}
{"target": -17.676794596622482, "params": {"gamma": 407.90832893067676, "log10_alpha": -4.521040826468844, "log10_colsample_bytree": -0.4944142947007373, "log10_eta": -3.292584729583526, "log10_lambda": -4.217909861817722, "log10_min_child_weight": 2.7636516056562126, "log10_subsample": -0.9669953611973579, "max_depth": 8.0, "num_boost_round": 39.0}, "datetime": {"datetime": "2024-01-19 00:40:53", "elapsed": 1743.210241, "delta": 0.002605}}
{"target": -17.67679066640487, "params": {"gamma": 407.90832893067676, "log10_alpha": -4.521040826468844, "log10_colsample_bytree": -0.4944142947007373, "log10_eta": -3.292584729583526, "log10_lambda": -4.217909861817722, "log10_min_child_weight": 2.7636516056562126, "log10_subsample": -0.9669953611973579, "max_depth": 8.0, "num_boost_round": 40.0}, "datetime": {"datetime": "2024-01-19 00:40:53", "elapsed": 1743.212922, "delta": 0.002681}}
{"target": -17.676780860507293, "params": {"gamma": 407.90832893067676, "log10_alpha": -4.521040826468844, "log10_colsample_bytree": -0.4944142947007373, "log10_eta": -3.292584729583526, "log10_lambda": -4.217909861817722, "log10_min_child_weight": 2.7636516056562126, "log10_subsample": -0.9669953611973579, "max_depth": 8.0, "num_boost_round": 41.0}, "datetime": {"datetime": "2024-01-19 00:40:53", "elapsed": 1743.215516, "delta": 0.002594}}
{"target": -17.6767603625141, "params": {"gamma": 407.90832893067676, "log10_alpha": -4.521040826468844, "log10_colsample_bytree": -0.4944142947007373, "log10_eta": -3.292584729583526, "log10_lambda": -4.217909861817722, "log10_min_child_weight": 2.7636516056562126, "log10_subsample": -0.9669953611973579, "max_depth": 8.0, "num_boost_round": 42.0}, "datetime": {"datetime": "2024-01-19 00:40:53", "elapsed": 1743.218097, "delta": 0.002581}}
{"target": -17.676753439963857, "params": {"gamma": 407.90832893067676, "log10_alpha": -4.521040826468844, "log10_colsample_bytree": -0.4944142947007373, "log10_eta": -3.292584729583526, "log10_lambda": -4.217909861817722, "log10_min_child_weight": 2.7636516056562126, "log10_subsample": -0.9669953611973579, "max_depth": 8.0, "num_boost_round": 43.0}, "datetime": {"datetime": "2024-01-19 00:40:53", "elapsed": 1743.220685, "delta": 0.002588}}
{"target": -17.676736614595573, "params": {"gamma": 407.90832893067676, "log10_alpha": -4.521040826468844, "log10_colsample_bytree": -0.4944142947007373, "log10_eta": -3.292584729583526, "log10_lambda": -4.217909861817722, "log10_min_child_weight": 2.7636516056562126, "log10_subsample": -0.9669953611973579, "max_depth": 8.0, "num_boost_round": 44.0}, "datetime": {"datetime": "2024-01-19 00:40:53", "elapsed": 1743.223358, "delta": 0.002673}}
{"target": -17.67670654289753, "params": {"gamma": 407.90832893067676, "log10_alpha": -4.521040826468844, "log10_colsample_bytree": -0.4944142947007373, "log10_eta": -3.292584729583526, "log10_lambda": -4.217909861817722, "log10_min_child_weight": 2.7636516056562126, "log10_subsample": -0.9669953611973579, "max_depth": 8.0, "num_boost_round": 45.0}, "datetime": {"datetime": "2024-01-19 00:40:53", "elapsed": 1743.225962, "delta": 0.002604}}
{"target": -17.676681911813017, "params": {"gamma": 407.90832893067676, "log10_alpha": -4.521040826468844, "log10_colsample_bytree": -0.4944142947007373, "log10_eta": -3.292584729583526, "log10_lambda": -4.217909861817722, "log10_min_child_weight": 2.7636516056562126, "log10_subsample": -0.9669953611973579, "max_depth": 8.0, "num_boost_round": 46.0}, "datetime": {"datetime": "2024-01-19 00:40:53", "elapsed": 1743.228553, "delta": 0.002591}}
{"target": -17.67665395985149, "params": {"gamma": 407.90832893067676, "log10_alpha": -4.521040826468844, "log10_colsample_bytree": -0.4944142947007373, "log10_eta": -3.292584729583526, "log10_lambda": -4.217909861817722, "log10_min_child_weight": 2.7636516056562126, "log10_subsample": -0.9669953611973579, "max_depth": 8.0, "num_boost_round": 47.0}, "datetime": {"datetime": "2024-01-19 00:40:53", "elapsed": 1743.23119, "delta": 0.002637}}
{"target": -17.676663265109497, "params": {"gamma": 407.90832893067676, "log10_alpha": -4.521040826468844, "log10_colsample_bytree": -0.4944142947007373, "log10_eta": -3.292584729583526, "log10_lambda": -4.217909861817722, "log10_min_child_weight": 2.7636516056562126, "log10_subsample": -0.9669953611973579, "max_depth": 8.0, "num_boost_round": 48.0}, "datetime": {"datetime": "2024-01-19 00:40:53", "elapsed": 1743.233853, "delta": 0.002663}}
{"target": -17.676690045957887, "params": {"gamma": 407.90832893067676, "log10_alpha": -4.521040826468844, "log10_colsample_bytree": -0.4944142947007373, "log10_eta": -3.292584729583526, "log10_lambda": -4.217909861817722, "log10_min_child_weight": 2.7636516056562126, "log10_subsample": -0.9669953611973579, "max_depth": 8.0, "num_boost_round": 49.0}, "datetime": {"datetime": "2024-01-19 00:40:53", "elapsed": 1743.23648, "delta": 0.002627}}
{"target": -17.67669029283872, "params": {"gamma": 407.90832893067676, "log10_alpha": -4.521040826468844, "log10_colsample_bytree": -0.4944142947007373, "log10_eta": -3.292584729583526, "log10_lambda": -4.217909861817722, "log10_min_child_weight": 2.7636516056562126, "log10_subsample": -0.9669953611973579, "max_depth": 8.0, "num_boost_round": 50.0}, "datetime": {"datetime": "2024-01-19 00:40:53", "elapsed": 1743.23909, "delta": 0.00261}}
{"target": -17.67666648444591, "params": {"gamma": 407.90832893067676, "log10_alpha": -4.521040826468844, "log10_colsample_bytree": -0.4944142947007373, "log10_eta": -3.292584729583526, "log10_lambda": -4.217909861817722, "log10_min_child_weight": 2.7636516056562126, "log10_subsample": -0.9669953611973579, "max_depth": 8.0, "num_boost_round": 51.0}, "datetime": {"datetime": "2024-01-19 00:40:53", "elapsed": 1743.241706, "delta": 0.002616}}
{"target": -17.676654279002463, "params": {"gamma": 407.90832893067676, "log10_alpha": -4.521040826468844, "log10_colsample_bytree": -0.4944142947007373, "log10_eta": -3.292584729583526, "log10_lambda": -4.217909861817722, "log10_min_child_weight": 2.7636516056562126, "log10_subsample": -0.9669953611973579, "max_depth": 8.0, "num_boost_round": 52.0}, "datetime": {"datetime": "2024-01-19 00:40:53", "elapsed": 1743.244506, "delta": 0.0028}}
{"target": -17.676636159163596, "params": {"gamma": 407.90832893067676, "log10_alpha": -4.521040826468844, "log10_colsample_bytree": -0.4944142947007373, "log10_eta": -3.292584729583526, "log10_lambda": -4.217909861817722, "log10_min_child_weight": 2.7636516056562126, "log10_subsample": -0.9669953611973579, "max_depth": 8.0, "num_boost_round": 53.0}, "datetime": {"datetime": "2024-01-19 00:40:53", "elapsed": 1743.247231, "delta": 0.002725}}
{"target": -17.676621281901976, "params": {"gamma": 407.90832893067676, "log10_alpha": -4.521040826468844, "log10_colsample_bytree": -0.4944142947007373, "log10_eta": -3.292584729583526, "log10_lambda": -4.217909861817722, "log10_min_child_weight": 2.7636516056562126, "log10_subsample": -0.9669953611973579, "max_depth": 8.0, "num_boost_round": 54.0}, "datetime": {"datetime": "2024-01-19 00:40:53", "elapsed": 1743.250015, "delta": 0.002784}}
{"target": -17.67662075728873, "params": {"gamma": 407.90832893067676, "log10_alpha": -4.521040826468844, "log10_colsample_bytree": -0.4944142947007373, "log10_eta": -3.292584729583526, "log10_lambda": -4.217909861817722, "log10_min_child_weight": 2.7636516056562126, "log10_subsample": -0.9669953611973579, "max_depth": 8.0, "num_boost_round": 55.0}, "datetime": {"datetime": "2024-01-19 00:40:53", "elapsed": 1743.252684, "delta": 0.002669}}
{"target": -17.676600767488374, "params": {"gamma": 407.90832893067676, "log10_alpha": -4.521040826468844, "log10_colsample_bytree": -0.4944142947007373, "log10_eta": -3.292584729583526, "log10_lambda": -4.217909861817722, "log10_min_child_weight": 2.7636516056562126, "log10_subsample": -0.9669953611973579, "max_depth": 8.0, "num_boost_round": 56.0}, "datetime": {"datetime": "2024-01-19 00:40:53", "elapsed": 1743.255299, "delta": 0.002615}}
{"target": -17.67659413554654, "params": {"gamma": 407.90832893067676, "log10_alpha": -4.521040826468844, "log10_colsample_bytree": -0.4944142947007373, "log10_eta": -3.292584729583526, "log10_lambda": -4.217909861817722, "log10_min_child_weight": 2.7636516056562126, "log10_subsample": -0.9669953611973579, "max_depth": 8.0, "num_boost_round": 57.0}, "datetime": {"datetime": "2024-01-19 00:40:53", "elapsed": 1743.257924, "delta": 0.002625}}
{"target": -17.676584367141093, "params": {"gamma": 407.90832893067676, "log10_alpha": -4.521040826468844, "log10_colsample_bytree": -0.4944142947007373, "log10_eta": -3.292584729583526, "log10_lambda": -4.217909861817722, "log10_min_child_weight": 2.7636516056562126, "log10_subsample": -0.9669953611973579, "max_depth": 8.0, "num_boost_round": 58.0}, "datetime": {"datetime": "2024-01-19 00:40:53", "elapsed": 1743.260549, "delta": 0.002625}}
{"target": -17.676561639371187, "params": {"gamma": 407.90832893067676, "log10_alpha": -4.521040826468844, "log10_colsample_bytree": -0.4944142947007373, "log10_eta": -3.292584729583526, "log10_lambda": -4.217909861817722, "log10_min_child_weight": 2.7636516056562126, "log10_subsample": -0.9669953611973579, "max_depth": 8.0, "num_boost_round": 59.0}, "datetime": {"datetime": "2024-01-19 00:40:53", "elapsed": 1743.263302, "delta": 0.002753}}
{"target": -17.67656120213408, "params": {"gamma": 407.90832893067676, "log10_alpha": -4.521040826468844, "log10_colsample_bytree": -0.4944142947007373, "log10_eta": -3.292584729583526, "log10_lambda": -4.217909861817722, "log10_min_child_weight": 2.7636516056562126, "log10_subsample": -0.9669953611973579, "max_depth": 8.0, "num_boost_round": 60.0}, "datetime": {"datetime": "2024-01-19 00:40:53", "elapsed": 1743.353901, "delta": 0.090599}}
{"target": -17.676558039391875, "params": {"gamma": 407.90832893067676, "log10_alpha": -4.521040826468844, "log10_colsample_bytree": -0.4944142947007373, "log10_eta": -3.292584729583526, "log10_lambda": -4.217909861817722, "log10_min_child_weight": 2.7636516056562126, "log10_subsample": -0.9669953611973579, "max_depth": 8.0, "num_boost_round": 61.0}, "datetime": {"datetime": "2024-01-19 00:40:53", "elapsed": 1743.357014, "delta": 0.003113}}
