{"target": -13.75844044036916, "params": {"gamma": 200.1763602983041, "log10_alpha": 0.9718996232469266, "log10_colsample_bytree": -0.18401532421696953, "log10_eta": -2.4492616491093933, "log10_lambda": -2.1121075663585933, "log10_min_child_weight": 0.0446133937757881, "log10_subsample": -0.5973703092615937, "max_depth": 9.0, "num_boost_round": 1.0}, "datetime": {"datetime": "2024-01-19 00:34:40", "elapsed": 1388.10748, "delta": 0.002338}}
{"target": -13.758473980817826, "params": {"gamma": 200.1763602983041, "log10_alpha": 0.9718996232469266, "log10_colsample_bytree": -0.18401532421696953, "log10_eta": -2.4492616491093933, "log10_lambda": -2.1121075663585933, "log10_min_child_weight": 0.0446133937757881, "log10_subsample": -0.5973703092615937, "max_depth": 9.0, "num_boost_round": 2.0}, "datetime": {"datetime": "2024-01-19 00:34:40", "elapsed": 1388.109526, "delta": 0.002046}}
{"target": -13.758435404001904, "params": {"gamma": 200.1763602983041, "log10_alpha": 0.9718996232469266, "log10_colsample_bytree": -0.18401532421696953, "log10_eta": -2.4492616491093933, "log10_lambda": -2.1121075663585933, "log10_min_child_weight": 0.0446133937757881, "log10_subsample": -0.5973703092615937, "max_depth": 9.0, "num_boost_round": 3.0}, "datetime": {"datetime": "2024-01-19 00:34:40", "elapsed": 1388.11134, "delta": 0.001814}}
{"target": -13.758250975529654, "params": {"gamma": 200.1763602983041, "log10_alpha": 0.9718996232469266, "log10_colsample_bytree": -0.18401532421696953, "log10_eta": -2.4492616491093933, "log10_lambda": -2.1121075663585933, "log10_min_child_weight": 0.0446133937757881, "log10_subsample": -0.5973703092615937, "max_depth": 9.0, "num_boost_round": 4.0}, "datetime": {"datetime": "2024-01-19 00:34:40", "elapsed": 1388.113086, "delta": 0.001746}}
{"target": -13.758323225001707, "params": {"gamma": 200.1763602983041, "log10_alpha": 0.9718996232469266, "log10_colsample_bytree": -0.18401532421696953, "log10_eta": -2.4492616491093933, "log10_lambda": -2.1121075663585933, "log10_min_child_weight": 0.0446133937757881, "log10_subsample": -0.5973703092615937, "max_depth": 9.0, "num_boost_round": 5.0}, "datetime": {"datetime": "2024-01-19 00:34:40", "elapsed": 1388.11483, "delta": 0.001744}}
{"target": -13.758175987471962, "params": {"gamma": 200.1763602983041, "log10_alpha": 0.9718996232469266, "log10_colsample_bytree": -0.18401532421696953, "log10_eta": -2.4492616491093933, "log10_lambda": -2.1121075663585933, "log10_min_child_weight": 0.0446133937757881, "log10_subsample": -0.5973703092615937, "max_depth": 9.0, "num_boost_round": 6.0}, "datetime": {"datetime": "2024-01-19 00:34:40", "elapsed": 1388.116535, "delta": 0.001705}}
{"target": -13.758173723235508, "params": {"gamma": 200.1763602983041, "log10_alpha": 0.9718996232469266, "log10_colsample_bytree": -0.18401532421696953, "log10_eta": -2.4492616491093933, "log10_lambda": -2.1121075663585933, "log10_min_child_weight": 0.0446133937757881, "log10_subsample": -0.5973703092615937, "max_depth": 9.0, "num_boost_round": 7.0}, "datetime": {"datetime": "2024-01-19 00:34:40", "elapsed": 1388.118308, "delta": 0.001773}}
{"target": -13.758352187510093, "params": {"gamma": 200.1763602983041, "log10_alpha": 0.9718996232469266, "log10_colsample_bytree": -0.18401532421696953, "log10_eta": -2.4492616491093933, "log10_lambda": -2.1121075663585933, "log10_min_child_weight": 0.0446133937757881, "log10_subsample": -0.5973703092615937, "max_depth": 9.0, "num_boost_round": 8.0}, "datetime": {"datetime": "2024-01-19 00:34:40", "elapsed": 1388.120107, "delta": 0.001799}}
{"target": -13.758464184850641, "params": {"gamma": 200.1763602983041, "log10_alpha": 0.9718996232469266, "log10_colsample_bytree": -0.18401532421696953, "log10_eta": -2.4492616491093933, "log10_lambda": -2.1121075663585933, "log10_min_child_weight": 0.0446133937757881, "log10_subsample": -0.5973703092615937, "max_depth": 9.0, "num_boost_round": 9.0}, "datetime": {"datetime": "2024-01-19 00:34:40", "elapsed": 1388.121801, "delta": 0.001694}}
{"target": -13.758471730742402, "params": {"gamma": 200.1763602983041, "log10_alpha": 0.9718996232469266, "log10_colsample_bytree": -0.18401532421696953, "log10_eta": -2.4492616491093933, "log10_lambda": -2.1121075663585933, "log10_min_child_weight": 0.0446133937757881, "log10_subsample": -0.5973703092615937, "max_depth": 9.0, "num_boost_round": 10.0}, "datetime": {"datetime": "2024-01-19 00:34:40", "elapsed": 1388.123503, "delta": 0.001702}}
{"target": -13.758270849892321, "params": {"gamma": 200.1763602983041, "log10_alpha": 0.9718996232469266, "log10_colsample_bytree": -0.18401532421696953, "log10_eta": -2.4492616491093933, "log10_lambda": -2.1121075663585933, "log10_min_child_weight": 0.0446133937757881, "log10_subsample": -0.5973703092615937, "max_depth": 9.0, "num_boost_round": 11.0}, "datetime": {"datetime": "2024-01-19 00:34:40", "elapsed": 1388.125195, "delta": 0.001692}}
{"target": -13.75825924470029, "params": {"gamma": 200.1763602983041, "log10_alpha": 0.9718996232469266, "log10_colsample_bytree": -0.18401532421696953, "log10_eta": -2.4492616491093933, "log10_lambda": -2.1121075663585933, "log10_min_child_weight": 0.0446133937757881, "log10_subsample": -0.5973703092615937, "max_depth": 9.0, "num_boost_round": 12.0}, "datetime": {"datetime": "2024-01-19 00:34:40", "elapsed": 1388.126882, "delta": 0.001687}}
{"target": -13.758218269092628, "params": {"gamma": 200.1763602983041, "log10_alpha": 0.9718996232469266, "log10_colsample_bytree": -0.18401532421696953, "log10_eta": -2.4492616491093933, "log10_lambda": -2.1121075663585933, "log10_min_child_weight": 0.0446133937757881, "log10_subsample": -0.5973703092615937, "max_depth": 9.0, "num_boost_round": 13.0}, "datetime": {"datetime": "2024-01-19 00:34:40", "elapsed": 1388.128578, "delta": 0.001696}}
{"target": -13.758099111491301, "params": {"gamma": 200.1763602983041, "log10_alpha": 0.9718996232469266, "log10_colsample_bytree": -0.18401532421696953, "log10_eta": -2.4492616491093933, "log10_lambda": -2.1121075663585933, "log10_min_child_weight": 0.0446133937757881, "log10_subsample": -0.5973703092615937, "max_depth": 9.0, "num_boost_round": 14.0}, "datetime": {"datetime": "2024-01-19 00:34:40", "elapsed": 1388.130267, "delta": 0.001689}}
{"target": -13.75837636132958, "params": {"gamma": 200.1763602983041, "log10_alpha": 0.9718996232469266, "log10_colsample_bytree": -0.18401532421696953, "log10_eta": -2.4492616491093933, "log10_lambda": -2.1121075663585933, "log10_min_child_weight": 0.0446133937757881, "log10_subsample": -0.5973703092615937, "max_depth": 9.0, "num_boost_round": 15.0}, "datetime": {"datetime": "2024-01-19 00:34:40", "elapsed": 1388.132223, "delta": 0.001956}}
{"target": -13.758380215297748, "params": {"gamma": 200.1763602983041, "log10_alpha": 0.9718996232469266, "log10_colsample_bytree": -0.18401532421696953, "log10_eta": -2.4492616491093933, "log10_lambda": -2.1121075663585933, "log10_min_child_weight": 0.0446133937757881, "log10_subsample": -0.5973703092615937, "max_depth": 9.0, "num_boost_round": 16.0}, "datetime": {"datetime": "2024-01-19 00:34:40", "elapsed": 1388.134284, "delta": 0.002061}}
{"target": -13.758496392647507, "params": {"gamma": 200.1763602983041, "log10_alpha": 0.9718996232469266, "log10_colsample_bytree": -0.18401532421696953, "log10_eta": -2.4492616491093933, "log10_lambda": -2.1121075663585933, "log10_min_child_weight": 0.0446133937757881, "log10_subsample": -0.5973703092615937, "max_depth": 9.0, "num_boost_round": 17.0}, "datetime": {"datetime": "2024-01-19 00:34:40", "elapsed": 1388.136017, "delta": 0.001733}}
{"target": -13.758403665187567, "params": {"gamma": 200.1763602983041, "log10_alpha": 0.9718996232469266, "log10_colsample_bytree": -0.18401532421696953, "log10_eta": -2.4492616491093933, "log10_lambda": -2.1121075663585933, "log10_min_child_weight": 0.0446133937757881, "log10_subsample": -0.5973703092615937, "max_depth": 9.0, "num_boost_round": 18.0}, "datetime": {"datetime": "2024-01-19 00:34:40", "elapsed": 1388.137829, "delta": 0.001812}}
{"target": -13.758342637601846, "params": {"gamma": 200.1763602983041, "log10_alpha": 0.9718996232469266, "log10_colsample_bytree": -0.18401532421696953, "log10_eta": -2.4492616491093933, "log10_lambda": -2.1121075663585933, "log10_min_child_weight": 0.0446133937757881, "log10_subsample": -0.5973703092615937, "max_depth": 9.0, "num_boost_round": 19.0}, "datetime": {"datetime": "2024-01-19 00:34:40", "elapsed": 1388.139536, "delta": 0.001707}}
{"target": -13.758097327107697, "params": {"gamma": 200.1763602983041, "log10_alpha": 0.9718996232469266, "log10_colsample_bytree": -0.18401532421696953, "log10_eta": -2.4492616491093933, "log10_lambda": -2.1121075663585933, "log10_min_child_weight": 0.0446133937757881, "log10_subsample": -0.5973703092615937, "max_depth": 9.0, "num_boost_round": 20.0}, "datetime": {"datetime": "2024-01-19 00:34:40", "elapsed": 1388.141524, "delta": 0.001988}}
{"target": -13.758214204515616, "params": {"gamma": 200.1763602983041, "log10_alpha": 0.9718996232469266, "log10_colsample_bytree": -0.18401532421696953, "log10_eta": -2.4492616491093933, "log10_lambda": -2.1121075663585933, "log10_min_child_weight": 0.0446133937757881, "log10_subsample": -0.5973703092615937, "max_depth": 9.0, "num_boost_round": 21.0}, "datetime": {"datetime": "2024-01-19 00:34:40", "elapsed": 1388.143354, "delta": 0.00183}}
{"target": -13.758326013582222, "params": {"gamma": 200.1763602983041, "log10_alpha": 0.9718996232469266, "log10_colsample_bytree": -0.18401532421696953, "log10_eta": -2.4492616491093933, "log10_lambda": -2.1121075663585933, "log10_min_child_weight": 0.0446133937757881, "log10_subsample": -0.5973703092615937, "max_depth": 9.0, "num_boost_round": 22.0}, "datetime": {"datetime": "2024-01-19 00:34:40", "elapsed": 1388.145101, "delta": 0.001747}}
{"target": -13.758355711427091, "params": {"gamma": 200.1763602983041, "log10_alpha": 0.9718996232469266, "log10_colsample_bytree": -0.18401532421696953, "log10_eta": -2.4492616491093933, "log10_lambda": -2.1121075663585933, "log10_min_child_weight": 0.0446133937757881, "log10_subsample": -0.5973703092615937, "max_depth": 9.0, "num_boost_round": 23.0}, "datetime": {"datetime": "2024-01-19 00:34:40", "elapsed": 1388.146796, "delta": 0.001695}}
{"target": -13.758267283659023, "params": {"gamma": 200.1763602983041, "log10_alpha": 0.9718996232469266, "log10_colsample_bytree": -0.18401532421696953, "log10_eta": -2.4492616491093933, "log10_lambda": -2.1121075663585933, "log10_min_child_weight": 0.0446133937757881, "log10_subsample": -0.5973703092615937, "max_depth": 9.0, "num_boost_round": 24.0}, "datetime": {"datetime": "2024-01-19 00:34:40", "elapsed": 1388.148496, "delta": 0.0017}}
{"target": -13.758181345637198, "params": {"gamma": 200.1763602983041, "log10_alpha": 0.9718996232469266, "log10_colsample_bytree": -0.18401532421696953, "log10_eta": -2.4492616491093933, "log10_lambda": -2.1121075663585933, "log10_min_child_weight": 0.0446133937757881, "log10_subsample": -0.5973703092615937, "max_depth": 9.0, "num_boost_round": 25.0}, "datetime": {"datetime": "2024-01-19 00:34:40", "elapsed": 1388.150196, "delta": 0.0017}}
{"target": -13.75806116672811, "params": {"gamma": 200.1763602983041, "log10_alpha": 0.9718996232469266, "log10_colsample_bytree": -0.18401532421696953, "log10_eta": -2.4492616491093933, "log10_lambda": -2.1121075663585933, "log10_min_child_weight": 0.0446133937757881, "log10_subsample": -0.5973703092615937, "max_depth": 9.0, "num_boost_round": 26.0}, "datetime": {"datetime": "2024-01-19 00:34:40", "elapsed": 1388.151956, "delta": 0.00176}}
{"target": -13.758183201654301, "params": {"gamma": 200.1763602983041, "log10_alpha": 0.9718996232469266, "log10_colsample_bytree": -0.18401532421696953, "log10_eta": -2.4492616491093933, "log10_lambda": -2.1121075663585933, "log10_min_child_weight": 0.0446133937757881, "log10_subsample": -0.5973703092615937, "max_depth": 9.0, "num_boost_round": 27.0}, "datetime": {"datetime": "2024-01-19 00:34:40", "elapsed": 1388.153655, "delta": 0.001699}}
{"target": -13.758023089636035, "params": {"gamma": 200.1763602983041, "log10_alpha": 0.9718996232469266, "log10_colsample_bytree": -0.18401532421696953, "log10_eta": -2.4492616491093933, "log10_lambda": -2.1121075663585933, "log10_min_child_weight": 0.0446133937757881, "log10_subsample": -0.5973703092615937, "max_depth": 9.0, "num_boost_round": 28.0}, "datetime": {"datetime": "2024-01-19 00:34:40", "elapsed": 1388.155359, "delta": 0.001704}}
{"target": -13.758304669971364, "params": {"gamma": 200.1763602983041, "log10_alpha": 0.9718996232469266, "log10_colsample_bytree": -0.18401532421696953, "log10_eta": -2.4492616491093933, "log10_lambda": -2.1121075663585933, "log10_min_child_weight": 0.0446133937757881, "log10_subsample": -0.5973703092615937, "max_depth": 9.0, "num_boost_round": 29.0}, "datetime": {"datetime": "2024-01-19 00:34:40", "elapsed": 1388.157109, "delta": 0.00175}}
{"target": -13.758539640070474, "params": {"gamma": 156.21195580525858, "log10_alpha": 0.20795583452763822, "log10_colsample_bytree": -0.2808827173450157, "log10_eta": -2.372773210523106, "log10_lambda": -1.4465726302264215, "log10_min_child_weight": 3.250222097005153, "log10_subsample": -0.15544256011269686, "max_depth": 7.0, "num_boost_round": 0.0}, "datetime": {"datetime": "2024-01-19 00:35:04", "elapsed": 1412.320094, "delta": 24.162985}}
{"target": -13.75856509077092, "params": {"gamma": 156.21195580525858, "log10_alpha": 0.20795583452763822, "log10_colsample_bytree": -0.2808827173450157, "log10_eta": -2.372773210523106, "log10_lambda": -1.4465726302264215, "log10_min_child_weight": 3.250222097005153, "log10_subsample": -0.15544256011269686, "max_depth": 7.0, "num_boost_round": 1.0}, "datetime": {"datetime": "2024-01-19 00:35:04", "elapsed": 1412.32275, "delta": 0.002656}}
{"target": -13.758436085110677, "params": {"gamma": 156.21195580525858, "log10_alpha": 0.20795583452763822, "log10_colsample_bytree": -0.2808827173450157, "log10_eta": -2.372773210523106, "log10_lambda": -1.4465726302264215, "log10_min_child_weight": 3.250222097005153, "log10_subsample": -0.15544256011269686, "max_depth": 7.0, "num_boost_round": 2.0}, "datetime": {"datetime": "2024-01-19 00:35:04", "elapsed": 1412.324606, "delta": 0.001856}}
{"target": -13.758370186045523, "params": {"gamma": 156.21195580525858, "log10_alpha": 0.20795583452763822, "log10_colsample_bytree": -0.2808827173450157, "log10_eta": -2.372773210523106, "log10_lambda": -1.4465726302264215, "log10_min_child_weight": 3.250222097005153, "log10_subsample": -0.15544256011269686, "max_depth": 7.0, "num_boost_round": 3.0}, "datetime": {"datetime": "2024-01-19 00:35:04", "elapsed": 1412.326325, "delta": 0.001719}}
{"target": -13.758269643707958, "params": {"gamma": 156.21195580525858, "log10_alpha": 0.20795583452763822, "log10_colsample_bytree": -0.2808827173450157, "log10_eta": -2.372773210523106, "log10_lambda": -1.4465726302264215, "log10_min_child_weight": 3.250222097005153, "log10_subsample": -0.15544256011269686, "max_depth": 7.0, "num_boost_round": 4.0}, "datetime": {"datetime": "2024-01-19 00:35:04", "elapsed": 1412.328099, "delta": 0.001774}}
{"target": -13.758202517898765, "params": {"gamma": 156.21195580525858, "log10_alpha": 0.20795583452763822, "log10_colsample_bytree": -0.2808827173450157, "log10_eta": -2.372773210523106, "log10_lambda": -1.4465726302264215, "log10_min_child_weight": 3.250222097005153, "log10_subsample": -0.15544256011269686, "max_depth": 7.0, "num_boost_round": 5.0}, "datetime": {"datetime": "2024-01-19 00:35:04", "elapsed": 1412.329862, "delta": 0.001763}}
{"target": -13.758208675203084, "params": {"gamma": 156.21195580525858, "log10_alpha": 0.20795583452763822, "log10_colsample_bytree": -0.2808827173450157, "log10_eta": -2.372773210523106, "log10_lambda": -1.4465726302264215, "log10_min_child_weight": 3.250222097005153, "log10_subsample": -0.15544256011269686, "max_depth": 7.0, "num_boost_round": 6.0}, "datetime": {"datetime": "2024-01-19 00:35:04", "elapsed": 1412.331678, "delta": 0.001816}}
{"target": -13.758182350455353, "params": {"gamma": 156.21195580525858, "log10_alpha": 0.20795583452763822, "log10_colsample_bytree": -0.2808827173450157, "log10_eta": -2.372773210523106, "log10_lambda": -1.4465726302264215, "log10_min_child_weight": 3.250222097005153, "log10_subsample": -0.15544256011269686, "max_depth": 7.0, "num_boost_round": 7.0}, "datetime": {"datetime": "2024-01-19 00:35:04", "elapsed": 1412.333402, "delta": 0.001724}}
{"target": -13.758135178256248, "params": {"gamma": 156.21195580525858, "log10_alpha": 0.20795583452763822, "log10_colsample_bytree": -0.2808827173450157, "log10_eta": -2.372773210523106, "log10_lambda": -1.4465726302264215, "log10_min_child_weight": 3.250222097005153, "log10_subsample": -0.15544256011269686, "max_depth": 7.0, "num_boost_round": 8.0}, "datetime": {"datetime": "2024-01-19 00:35:04", "elapsed": 1412.335133, "delta": 0.001731}}
{"target": -13.757941921330001, "params": {"gamma": 156.21195580525858, "log10_alpha": 0.20795583452763822, "log10_colsample_bytree": -0.2808827173450157, "log10_eta": -2.372773210523106, "log10_lambda": -1.4465726302264215, "log10_min_child_weight": 3.250222097005153, "log10_subsample": -0.15544256011269686, "max_depth": 7.0, "num_boost_round": 9.0}, "datetime": {"datetime": "2024-01-19 00:35:04", "elapsed": 1412.336857, "delta": 0.001724}}
{"target": -13.758513642433963, "params": {"gamma": 160.6679018099295, "log10_alpha": 0.33432961577539544, "log10_colsample_bytree": -0.7160303567109294, "log10_eta": -2.9193174824007273, "log10_lambda": -3.5746890726271285, "log10_min_child_weight": 2.9424322067646957, "log10_subsample": -0.19219263001154074, "max_depth": 2.0, "num_boost_round": 0.0}, "datetime": {"datetime": "2024-01-19 00:35:26", "elapsed": 1434.262878, "delta": 21.926021}}
{"target": -13.75848897386992, "params": {"gamma": 160.6679018099295, "log10_alpha": 0.33432961577539544, "log10_colsample_bytree": -0.7160303567109294, "log10_eta": -2.9193174824007273, "log10_lambda": -3.5746890726271285, "log10_min_child_weight": 2.9424322067646957, "log10_subsample": -0.19219263001154074, "max_depth": 2.0, "num_boost_round": 1.0}, "datetime": {"datetime": "2024-01-19 00:35:26", "elapsed": 1434.265684, "delta": 0.002806}}
{"target": -13.758477848856979, "params": {"gamma": 160.6679018099295, "log10_alpha": 0.33432961577539544, "log10_colsample_bytree": -0.7160303567109294, "log10_eta": -2.9193174824007273, "log10_lambda": -3.5746890726271285, "log10_min_child_weight": 2.9424322067646957, "log10_subsample": -0.19219263001154074, "max_depth": 2.0, "num_boost_round": 2.0}, "datetime": {"datetime": "2024-01-19 00:35:26", "elapsed": 1434.267904, "delta": 0.00222}}
{"target": -13.758475191997553, "params": {"gamma": 160.6679018099295, "log10_alpha": 0.33432961577539544, "log10_colsample_bytree": -0.7160303567109294, "log10_eta": -2.9193174824007273, "log10_lambda": -3.5746890726271285, "log10_min_child_weight": 2.9424322067646957, "log10_subsample": -0.19219263001154074, "max_depth": 2.0, "num_boost_round": 3.0}, "datetime": {"datetime": "2024-01-19 00:35:26", "elapsed": 1434.269669, "delta": 0.001765}}
{"target": -13.758474503563246, "params": {"gamma": 160.6679018099295, "log10_alpha": 0.33432961577539544, "log10_colsample_bytree": -0.7160303567109294, "log10_eta": -2.9193174824007273, "log10_lambda": -3.5746890726271285, "log10_min_child_weight": 2.9424322067646957, "log10_subsample": -0.19219263001154074, "max_depth": 2.0, "num_boost_round": 4.0}, "datetime": {"datetime": "2024-01-19 00:35:26", "elapsed": 1434.271519, "delta": 0.00185}}
{"target": -13.758470840907576, "params": {"gamma": 160.6679018099295, "log10_alpha": 0.33432961577539544, "log10_colsample_bytree": -0.7160303567109294, "log10_eta": -2.9193174824007273, "log10_lambda": -3.5746890726271285, "log10_min_child_weight": 2.9424322067646957, "log10_subsample": -0.19219263001154074, "max_depth": 2.0, "num_boost_round": 5.0}, "datetime": {"datetime": "2024-01-19 00:35:26", "elapsed": 1434.273275, "delta": 0.001756}}
{"target": -13.758465657642448, "params": {"gamma": 160.6679018099295, "log10_alpha": 0.33432961577539544, "log10_colsample_bytree": -0.7160303567109294, "log10_eta": -2.9193174824007273, "log10_lambda": -3.5746890726271285, "log10_min_child_weight": 2.9424322067646957, "log10_subsample": -0.19219263001154074, "max_depth": 2.0, "num_boost_round": 6.0}, "datetime": {"datetime": "2024-01-19 00:35:26", "elapsed": 1434.275021, "delta": 0.001746}}
{"target": -13.758456475639449, "params": {"gamma": 160.6679018099295, "log10_alpha": 0.33432961577539544, "log10_colsample_bytree": -0.7160303567109294, "log10_eta": -2.9193174824007273, "log10_lambda": -3.5746890726271285, "log10_min_child_weight": 2.9424322067646957, "log10_subsample": -0.19219263001154074, "max_depth": 2.0, "num_boost_round": 7.0}, "datetime": {"datetime": "2024-01-19 00:35:26", "elapsed": 1434.276764, "delta": 0.001743}}
{"target": -13.758454673120948, "params": {"gamma": 160.6679018099295, "log10_alpha": 0.33432961577539544, "log10_colsample_bytree": -0.7160303567109294, "log10_eta": -2.9193174824007273, "log10_lambda": -3.5746890726271285, "log10_min_child_weight": 2.9424322067646957, "log10_subsample": -0.19219263001154074, "max_depth": 2.0, "num_boost_round": 8.0}, "datetime": {"datetime": "2024-01-19 00:35:26", "elapsed": 1434.278565, "delta": 0.001801}}
{"target": -13.758446453270116, "params": {"gamma": 160.6679018099295, "log10_alpha": 0.33432961577539544, "log10_colsample_bytree": -0.7160303567109294, "log10_eta": -2.9193174824007273, "log10_lambda": -3.5746890726271285, "log10_min_child_weight": 2.9424322067646957, "log10_subsample": -0.19219263001154074, "max_depth": 2.0, "num_boost_round": 9.0}, "datetime": {"datetime": "2024-01-19 00:35:26", "elapsed": 1434.280386, "delta": 0.001821}}
