{"target": -13.764898374173836, "params": {"gamma": 721.1479575491683, "log10_alpha": -0.1887213358108628, "log10_colsample_bytree": -0.17704581934086616, "log10_eta": -1.5464596506308306, "log10_lambda": 0.3633208281121174, "log10_min_child_weight": 3.5304457807073177, "log10_subsample": -0.8537371304422156, "max_depth": 2.0, "num_boost_round": 45.0}, "datetime": {"datetime": "2024-01-19 01:12:11", "elapsed": 3639.082141, "delta": 0.003883}}
{"target": -13.7648677775175, "params": {"gamma": 721.1479575491683, "log10_alpha": -0.1887213358108628, "log10_colsample_bytree": -0.17704581934086616, "log10_eta": -1.5464596506308306, "log10_lambda": 0.3633208281121174, "log10_min_child_weight": 3.5304457807073177, "log10_subsample": -0.8537371304422156, "max_depth": 2.0, "num_boost_round": 46.0}, "datetime": {"datetime": "2024-01-19 01:12:11", "elapsed": 3639.086037, "delta": 0.003896}}
{"target": -13.76479653747803, "params": {"gamma": 721.1479575491683, "log10_alpha": -0.1887213358108628, "log10_colsample_bytree": -0.17704581934086616, "log10_eta": -1.5464596506308306, "log10_lambda": 0.3633208281121174, "log10_min_child_weight": 3.5304457807073177, "log10_subsample": -0.8537371304422156, "max_depth": 2.0, "num_boost_round": 47.0}, "datetime": {"datetime": "2024-01-19 01:12:11", "elapsed": 3639.089759, "delta": 0.003722}}
{"target": -13.76482295005116, "params": {"gamma": 721.1479575491683, "log10_alpha": -0.1887213358108628, "log10_colsample_bytree": -0.17704581934086616, "log10_eta": -1.5464596506308306, "log10_lambda": 0.3633208281121174, "log10_min_child_weight": 3.5304457807073177, "log10_subsample": -0.8537371304422156, "max_depth": 2.0, "num_boost_round": 48.0}, "datetime": {"datetime": "2024-01-19 01:12:11", "elapsed": 3639.093874, "delta": 0.004115}}
{"target": -13.764885189515534, "params": {"gamma": 721.1479575491683, "log10_alpha": -0.1887213358108628, "log10_colsample_bytree": -0.17704581934086616, "log10_eta": -1.5464596506308306, "log10_lambda": 0.3633208281121174, "log10_min_child_weight": 3.5304457807073177, "log10_subsample": -0.8537371304422156, "max_depth": 2.0, "num_boost_round": 49.0}, "datetime": {"datetime": "2024-01-19 01:12:11", "elapsed": 3639.097659, "delta": 0.003785}}
{"target": -13.76540637587544, "params": {"gamma": 721.1479575491683, "log10_alpha": -0.1887213358108628, "log10_colsample_bytree": -0.17704581934086616, "log10_eta": -1.5464596506308306, "log10_lambda": 0.3633208281121174, "log10_min_child_weight": 3.5304457807073177, "log10_subsample": -0.8537371304422156, "max_depth": 2.0, "num_boost_round": 50.0}, "datetime": {"datetime": "2024-01-19 01:12:11", "elapsed": 3639.101535, "delta": 0.003876}}
{"target": -13.765335965818215, "params": {"gamma": 721.1479575491683, "log10_alpha": -0.1887213358108628, "log10_colsample_bytree": -0.17704581934086616, "log10_eta": -1.5464596506308306, "log10_lambda": 0.3633208281121174, "log10_min_child_weight": 3.5304457807073177, "log10_subsample": -0.8537371304422156, "max_depth": 2.0, "num_boost_round": 51.0}, "datetime": {"datetime": "2024-01-19 01:12:11", "elapsed": 3639.10531, "delta": 0.003775}}
{"target": -13.765319367374543, "params": {"gamma": 721.1479575491683, "log10_alpha": -0.1887213358108628, "log10_colsample_bytree": -0.17704581934086616, "log10_eta": -1.5464596506308306, "log10_lambda": 0.3633208281121174, "log10_min_child_weight": 3.5304457807073177, "log10_subsample": -0.8537371304422156, "max_depth": 2.0, "num_boost_round": 52.0}, "datetime": {"datetime": "2024-01-19 01:12:11", "elapsed": 3639.109069, "delta": 0.003759}}
{"target": -13.765310329626288, "params": {"gamma": 721.1479575491683, "log10_alpha": -0.1887213358108628, "log10_colsample_bytree": -0.17704581934086616, "log10_eta": -1.5464596506308306, "log10_lambda": 0.3633208281121174, "log10_min_child_weight": 3.5304457807073177, "log10_subsample": -0.8537371304422156, "max_depth": 2.0, "num_boost_round": 53.0}, "datetime": {"datetime": "2024-01-19 01:12:11", "elapsed": 3639.112973, "delta": 0.003904}}
{"target": -13.765193381126135, "params": {"gamma": 721.1479575491683, "log10_alpha": -0.1887213358108628, "log10_colsample_bytree": -0.17704581934086616, "log10_eta": -1.5464596506308306, "log10_lambda": 0.3633208281121174, "log10_min_child_weight": 3.5304457807073177, "log10_subsample": -0.8537371304422156, "max_depth": 2.0, "num_boost_round": 54.0}, "datetime": {"datetime": "2024-01-19 01:12:11", "elapsed": 3639.116844, "delta": 0.003871}}
{"target": -13.765548681352096, "params": {"gamma": 721.1479575491683, "log10_alpha": -0.1887213358108628, "log10_colsample_bytree": -0.17704581934086616, "log10_eta": -1.5464596506308306, "log10_lambda": 0.3633208281121174, "log10_min_child_weight": 3.5304457807073177, "log10_subsample": -0.8537371304422156, "max_depth": 2.0, "num_boost_round": 55.0}, "datetime": {"datetime": "2024-01-19 01:12:11", "elapsed": 3639.120839, "delta": 0.003995}}
{"target": -13.765495110910365, "params": {"gamma": 721.1479575491683, "log10_alpha": -0.1887213358108628, "log10_colsample_bytree": -0.17704581934086616, "log10_eta": -1.5464596506308306, "log10_lambda": 0.3633208281121174, "log10_min_child_weight": 3.5304457807073177, "log10_subsample": -0.8537371304422156, "max_depth": 2.0, "num_boost_round": 56.0}, "datetime": {"datetime": "2024-01-19 01:12:11", "elapsed": 3639.124572, "delta": 0.003733}}
{"target": -13.765427881268737, "params": {"gamma": 721.1479575491683, "log10_alpha": -0.1887213358108628, "log10_colsample_bytree": -0.17704581934086616, "log10_eta": -1.5464596506308306, "log10_lambda": 0.3633208281121174, "log10_min_child_weight": 3.5304457807073177, "log10_subsample": -0.8537371304422156, "max_depth": 2.0, "num_boost_round": 57.0}, "datetime": {"datetime": "2024-01-19 01:12:11", "elapsed": 3639.128468, "delta": 0.003896}}
{"target": -13.765442887605953, "params": {"gamma": 721.1479575491683, "log10_alpha": -0.1887213358108628, "log10_colsample_bytree": -0.17704581934086616, "log10_eta": -1.5464596506308306, "log10_lambda": 0.3633208281121174, "log10_min_child_weight": 3.5304457807073177, "log10_subsample": -0.8537371304422156, "max_depth": 2.0, "num_boost_round": 58.0}, "datetime": {"datetime": "2024-01-19 01:12:11", "elapsed": 3639.132337, "delta": 0.003869}}
{"target": -13.765375514613892, "params": {"gamma": 721.1479575491683, "log10_alpha": -0.1887213358108628, "log10_colsample_bytree": -0.17704581934086616, "log10_eta": -1.5464596506308306, "log10_lambda": 0.3633208281121174, "log10_min_child_weight": 3.5304457807073177, "log10_subsample": -0.8537371304422156, "max_depth": 2.0, "num_boost_round": 59.0}, "datetime": {"datetime": "2024-01-19 01:12:11", "elapsed": 3639.136249, "delta": 0.003912}}
{"target": -13.76538695705905, "params": {"gamma": 721.1479575491683, "log10_alpha": -0.1887213358108628, "log10_colsample_bytree": -0.17704581934086616, "log10_eta": -1.5464596506308306, "log10_lambda": 0.3633208281121174, "log10_min_child_weight": 3.5304457807073177, "log10_subsample": -0.8537371304422156, "max_depth": 2.0, "num_boost_round": 60.0}, "datetime": {"datetime": "2024-01-19 01:12:11", "elapsed": 3639.140382, "delta": 0.004133}}
{"target": -13.765654360595349, "params": {"gamma": 721.1479575491683, "log10_alpha": -0.1887213358108628, "log10_colsample_bytree": -0.17704581934086616, "log10_eta": -1.5464596506308306, "log10_lambda": 0.3633208281121174, "log10_min_child_weight": 3.5304457807073177, "log10_subsample": -0.8537371304422156, "max_depth": 2.0, "num_boost_round": 61.0}, "datetime": {"datetime": "2024-01-19 01:12:11", "elapsed": 3639.144231, "delta": 0.003849}}
{"target": -13.765613935563621, "params": {"gamma": 721.1479575491683, "log10_alpha": -0.1887213358108628, "log10_colsample_bytree": -0.17704581934086616, "log10_eta": -1.5464596506308306, "log10_lambda": 0.3633208281121174, "log10_min_child_weight": 3.5304457807073177, "log10_subsample": -0.8537371304422156, "max_depth": 2.0, "num_boost_round": 62.0}, "datetime": {"datetime": "2024-01-19 01:12:11", "elapsed": 3639.148021, "delta": 0.00379}}
{"target": -13.765989874277112, "params": {"gamma": 721.1479575491683, "log10_alpha": -0.1887213358108628, "log10_colsample_bytree": -0.17704581934086616, "log10_eta": -1.5464596506308306, "log10_lambda": 0.3633208281121174, "log10_min_child_weight": 3.5304457807073177, "log10_subsample": -0.8537371304422156, "max_depth": 2.0, "num_boost_round": 63.0}, "datetime": {"datetime": "2024-01-19 01:12:11", "elapsed": 3639.151795, "delta": 0.003774}}
{"target": -13.766088526383387, "params": {"gamma": 721.1479575491683, "log10_alpha": -0.1887213358108628, "log10_colsample_bytree": -0.17704581934086616, "log10_eta": -1.5464596506308306, "log10_lambda": 0.3633208281121174, "log10_min_child_weight": 3.5304457807073177, "log10_subsample": -0.8537371304422156, "max_depth": 2.0, "num_boost_round": 64.0}, "datetime": {"datetime": "2024-01-19 01:12:11", "elapsed": 3639.155767, "delta": 0.003972}}
{"target": -13.766329336943704, "params": {"gamma": 721.1479575491683, "log10_alpha": -0.1887213358108628, "log10_colsample_bytree": -0.17704581934086616, "log10_eta": -1.5464596506308306, "log10_lambda": 0.3633208281121174, "log10_min_child_weight": 3.5304457807073177, "log10_subsample": -0.8537371304422156, "max_depth": 2.0, "num_boost_round": 65.0}, "datetime": {"datetime": "2024-01-19 01:12:11", "elapsed": 3639.159693, "delta": 0.003926}}
{"target": -13.76646372423186, "params": {"gamma": 721.1479575491683, "log10_alpha": -0.1887213358108628, "log10_colsample_bytree": -0.17704581934086616, "log10_eta": -1.5464596506308306, "log10_lambda": 0.3633208281121174, "log10_min_child_weight": 3.5304457807073177, "log10_subsample": -0.8537371304422156, "max_depth": 2.0, "num_boost_round": 66.0}, "datetime": {"datetime": "2024-01-19 01:12:11", "elapsed": 3639.163533, "delta": 0.00384}}
{"target": -13.766637301393258, "params": {"gamma": 721.1479575491683, "log10_alpha": -0.1887213358108628, "log10_colsample_bytree": -0.17704581934086616, "log10_eta": -1.5464596506308306, "log10_lambda": 0.3633208281121174, "log10_min_child_weight": 3.5304457807073177, "log10_subsample": -0.8537371304422156, "max_depth": 2.0, "num_boost_round": 67.0}, "datetime": {"datetime": "2024-01-19 01:12:11", "elapsed": 3639.167609, "delta": 0.004076}}
{"target": -13.767126951166366, "params": {"gamma": 721.1479575491683, "log10_alpha": -0.1887213358108628, "log10_colsample_bytree": -0.17704581934086616, "log10_eta": -1.5464596506308306, "log10_lambda": 0.3633208281121174, "log10_min_child_weight": 3.5304457807073177, "log10_subsample": -0.8537371304422156, "max_depth": 2.0, "num_boost_round": 68.0}, "datetime": {"datetime": "2024-01-19 01:12:11", "elapsed": 3639.172607, "delta": 0.004998}}
{"target": -13.767442917396906, "params": {"gamma": 721.1479575491683, "log10_alpha": -0.1887213358108628, "log10_colsample_bytree": -0.17704581934086616, "log10_eta": -1.5464596506308306, "log10_lambda": 0.3633208281121174, "log10_min_child_weight": 3.5304457807073177, "log10_subsample": -0.8537371304422156, "max_depth": 2.0, "num_boost_round": 69.0}, "datetime": {"datetime": "2024-01-19 01:12:11", "elapsed": 3639.176709, "delta": 0.004102}}
{"target": -13.767892788417612, "params": {"gamma": 721.1479575491683, "log10_alpha": -0.1887213358108628, "log10_colsample_bytree": -0.17704581934086616, "log10_eta": -1.5464596506308306, "log10_lambda": 0.3633208281121174, "log10_min_child_weight": 3.5304457807073177, "log10_subsample": -0.8537371304422156, "max_depth": 2.0, "num_boost_round": 70.0}, "datetime": {"datetime": "2024-01-19 01:12:11", "elapsed": 3639.180564, "delta": 0.003855}}
{"target": -13.767864004030253, "params": {"gamma": 721.1479575491683, "log10_alpha": -0.1887213358108628, "log10_colsample_bytree": -0.17704581934086616, "log10_eta": -1.5464596506308306, "log10_lambda": 0.3633208281121174, "log10_min_child_weight": 3.5304457807073177, "log10_subsample": -0.8537371304422156, "max_depth": 2.0, "num_boost_round": 71.0}, "datetime": {"datetime": "2024-01-19 01:12:11", "elapsed": 3639.184378, "delta": 0.003814}}
{"target": -13.767862302480244, "params": {"gamma": 721.1479575491683, "log10_alpha": -0.1887213358108628, "log10_colsample_bytree": -0.17704581934086616, "log10_eta": -1.5464596506308306, "log10_lambda": 0.3633208281121174, "log10_min_child_weight": 3.5304457807073177, "log10_subsample": -0.8537371304422156, "max_depth": 2.0, "num_boost_round": 72.0}, "datetime": {"datetime": "2024-01-19 01:12:11", "elapsed": 3639.188356, "delta": 0.003978}}
{"target": -13.767764260028951, "params": {"gamma": 721.1479575491683, "log10_alpha": -0.1887213358108628, "log10_colsample_bytree": -0.17704581934086616, "log10_eta": -1.5464596506308306, "log10_lambda": 0.3633208281121174, "log10_min_child_weight": 3.5304457807073177, "log10_subsample": -0.8537371304422156, "max_depth": 2.0, "num_boost_round": 73.0}, "datetime": {"datetime": "2024-01-19 01:12:11", "elapsed": 3639.192511, "delta": 0.004155}}
{"target": -13.76762560646269, "params": {"gamma": 721.1479575491683, "log10_alpha": -0.1887213358108628, "log10_colsample_bytree": -0.17704581934086616, "log10_eta": -1.5464596506308306, "log10_lambda": 0.3633208281121174, "log10_min_child_weight": 3.5304457807073177, "log10_subsample": -0.8537371304422156, "max_depth": 2.0, "num_boost_round": 74.0}, "datetime": {"datetime": "2024-01-19 01:12:11", "elapsed": 3639.196433, "delta": 0.003922}}
{"target": -13.768048411292712, "params": {"gamma": 721.1479575491683, "log10_alpha": -0.1887213358108628, "log10_colsample_bytree": -0.17704581934086616, "log10_eta": -1.5464596506308306, "log10_lambda": 0.3633208281121174, "log10_min_child_weight": 3.5304457807073177, "log10_subsample": -0.8537371304422156, "max_depth": 2.0, "num_boost_round": 75.0}, "datetime": {"datetime": "2024-01-19 01:12:11", "elapsed": 3639.200606, "delta": 0.004173}}
{"target": -13.76803763448922, "params": {"gamma": 721.1479575491683, "log10_alpha": -0.1887213358108628, "log10_colsample_bytree": -0.17704581934086616, "log10_eta": -1.5464596506308306, "log10_lambda": 0.3633208281121174, "log10_min_child_weight": 3.5304457807073177, "log10_subsample": -0.8537371304422156, "max_depth": 2.0, "num_boost_round": 76.0}, "datetime": {"datetime": "2024-01-19 01:12:11", "elapsed": 3639.204764, "delta": 0.004158}}
{"target": -13.768527604774969, "params": {"gamma": 721.1479575491683, "log10_alpha": -0.1887213358108628, "log10_colsample_bytree": -0.17704581934086616, "log10_eta": -1.5464596506308306, "log10_lambda": 0.3633208281121174, "log10_min_child_weight": 3.5304457807073177, "log10_subsample": -0.8537371304422156, "max_depth": 2.0, "num_boost_round": 77.0}, "datetime": {"datetime": "2024-01-19 01:12:11", "elapsed": 3639.208758, "delta": 0.003994}}
{"target": -13.768447188954989, "params": {"gamma": 721.1479575491683, "log10_alpha": -0.1887213358108628, "log10_colsample_bytree": -0.17704581934086616, "log10_eta": -1.5464596506308306, "log10_lambda": 0.3633208281121174, "log10_min_child_weight": 3.5304457807073177, "log10_subsample": -0.8537371304422156, "max_depth": 2.0, "num_boost_round": 78.0}, "datetime": {"datetime": "2024-01-19 01:12:11", "elapsed": 3639.21285, "delta": 0.004092}}
{"target": -13.768662078665827, "params": {"gamma": 721.1479575491683, "log10_alpha": -0.1887213358108628, "log10_colsample_bytree": -0.17704581934086616, "log10_eta": -1.5464596506308306, "log10_lambda": 0.3633208281121174, "log10_min_child_weight": 3.5304457807073177, "log10_subsample": -0.8537371304422156, "max_depth": 2.0, "num_boost_round": 79.0}, "datetime": {"datetime": "2024-01-19 01:12:11", "elapsed": 3639.216941, "delta": 0.004091}}
{"target": -13.768626750001516, "params": {"gamma": 721.1479575491683, "log10_alpha": -0.1887213358108628, "log10_colsample_bytree": -0.17704581934086616, "log10_eta": -1.5464596506308306, "log10_lambda": 0.3633208281121174, "log10_min_child_weight": 3.5304457807073177, "log10_subsample": -0.8537371304422156, "max_depth": 2.0, "num_boost_round": 80.0}, "datetime": {"datetime": "2024-01-19 01:12:11", "elapsed": 3639.221003, "delta": 0.004062}}
{"target": -13.76885785229804, "params": {"gamma": 721.1479575491683, "log10_alpha": -0.1887213358108628, "log10_colsample_bytree": -0.17704581934086616, "log10_eta": -1.5464596506308306, "log10_lambda": 0.3633208281121174, "log10_min_child_weight": 3.5304457807073177, "log10_subsample": -0.8537371304422156, "max_depth": 2.0, "num_boost_round": 81.0}, "datetime": {"datetime": "2024-01-19 01:12:11", "elapsed": 3639.225005, "delta": 0.004002}}
{"target": -13.768845002490199, "params": {"gamma": 721.1479575491683, "log10_alpha": -0.1887213358108628, "log10_colsample_bytree": -0.17704581934086616, "log10_eta": -1.5464596506308306, "log10_lambda": 0.3633208281121174, "log10_min_child_weight": 3.5304457807073177, "log10_subsample": -0.8537371304422156, "max_depth": 2.0, "num_boost_round": 82.0}, "datetime": {"datetime": "2024-01-19 01:12:11", "elapsed": 3639.228956, "delta": 0.003951}}
{"target": -13.769023607221241, "params": {"gamma": 721.1479575491683, "log10_alpha": -0.1887213358108628, "log10_colsample_bytree": -0.17704581934086616, "log10_eta": -1.5464596506308306, "log10_lambda": 0.3633208281121174, "log10_min_child_weight": 3.5304457807073177, "log10_subsample": -0.8537371304422156, "max_depth": 2.0, "num_boost_round": 83.0}, "datetime": {"datetime": "2024-01-19 01:12:11", "elapsed": 3639.233064, "delta": 0.004108}}
{"target": -13.769091356771428, "params": {"gamma": 721.1479575491683, "log10_alpha": -0.1887213358108628, "log10_colsample_bytree": -0.17704581934086616, "log10_eta": -1.5464596506308306, "log10_lambda": 0.3633208281121174, "log10_min_child_weight": 3.5304457807073177, "log10_subsample": -0.8537371304422156, "max_depth": 2.0, "num_boost_round": 84.0}, "datetime": {"datetime": "2024-01-19 01:12:11", "elapsed": 3639.237028, "delta": 0.003964}}
{"target": -13.768946187134837, "params": {"gamma": 721.1479575491683, "log10_alpha": -0.1887213358108628, "log10_colsample_bytree": -0.17704581934086616, "log10_eta": -1.5464596506308306, "log10_lambda": 0.3633208281121174, "log10_min_child_weight": 3.5304457807073177, "log10_subsample": -0.8537371304422156, "max_depth": 2.0, "num_boost_round": 85.0}, "datetime": {"datetime": "2024-01-19 01:12:11", "elapsed": 3639.241291, "delta": 0.004263}}
{"target": -13.769090251586254, "params": {"gamma": 721.1479575491683, "log10_alpha": -0.1887213358108628, "log10_colsample_bytree": -0.17704581934086616, "log10_eta": -1.5464596506308306, "log10_lambda": 0.3633208281121174, "log10_min_child_weight": 3.5304457807073177, "log10_subsample": -0.8537371304422156, "max_depth": 2.0, "num_boost_round": 86.0}, "datetime": {"datetime": "2024-01-19 01:12:11", "elapsed": 3639.245552, "delta": 0.004261}}
{"target": -13.769195796747749, "params": {"gamma": 721.1479575491683, "log10_alpha": -0.1887213358108628, "log10_colsample_bytree": -0.17704581934086616, "log10_eta": -1.5464596506308306, "log10_lambda": 0.3633208281121174, "log10_min_child_weight": 3.5304457807073177, "log10_subsample": -0.8537371304422156, "max_depth": 2.0, "num_boost_round": 87.0}, "datetime": {"datetime": "2024-01-19 01:12:11", "elapsed": 3639.25035, "delta": 0.004798}}
{"target": -13.769646557480586, "params": {"gamma": 721.1479575491683, "log10_alpha": -0.1887213358108628, "log10_colsample_bytree": -0.17704581934086616, "log10_eta": -1.5464596506308306, "log10_lambda": 0.3633208281121174, "log10_min_child_weight": 3.5304457807073177, "log10_subsample": -0.8537371304422156, "max_depth": 2.0, "num_boost_round": 88.0}, "datetime": {"datetime": "2024-01-19 01:12:11", "elapsed": 3639.255124, "delta": 0.004774}}
{"target": -13.769691307269575, "params": {"gamma": 721.1479575491683, "log10_alpha": -0.1887213358108628, "log10_colsample_bytree": -0.17704581934086616, "log10_eta": -1.5464596506308306, "log10_lambda": 0.3633208281121174, "log10_min_child_weight": 3.5304457807073177, "log10_subsample": -0.8537371304422156, "max_depth": 2.0, "num_boost_round": 89.0}, "datetime": {"datetime": "2024-01-19 01:12:11", "elapsed": 3639.259093, "delta": 0.003969}}
{"target": -13.76965039377506, "params": {"gamma": 721.1479575491683, "log10_alpha": -0.1887213358108628, "log10_colsample_bytree": -0.17704581934086616, "log10_eta": -1.5464596506308306, "log10_lambda": 0.3633208281121174, "log10_min_child_weight": 3.5304457807073177, "log10_subsample": -0.8537371304422156, "max_depth": 2.0, "num_boost_round": 90.0}, "datetime": {"datetime": "2024-01-19 01:12:11", "elapsed": 3639.262934, "delta": 0.003841}}
{"target": -13.769634691351687, "params": {"gamma": 721.1479575491683, "log10_alpha": -0.1887213358108628, "log10_colsample_bytree": -0.17704581934086616, "log10_eta": -1.5464596506308306, "log10_lambda": 0.3633208281121174, "log10_min_child_weight": 3.5304457807073177, "log10_subsample": -0.8537371304422156, "max_depth": 2.0, "num_boost_round": 91.0}, "datetime": {"datetime": "2024-01-19 01:12:11", "elapsed": 3639.266802, "delta": 0.003868}}
{"target": -13.769631096395365, "params": {"gamma": 721.1479575491683, "log10_alpha": -0.1887213358108628, "log10_colsample_bytree": -0.17704581934086616, "log10_eta": -1.5464596506308306, "log10_lambda": 0.3633208281121174, "log10_min_child_weight": 3.5304457807073177, "log10_subsample": -0.8537371304422156, "max_depth": 2.0, "num_boost_round": 92.0}, "datetime": {"datetime": "2024-01-19 01:12:11", "elapsed": 3639.270693, "delta": 0.003891}}
{"target": -13.769576637924265, "params": {"gamma": 721.1479575491683, "log10_alpha": -0.1887213358108628, "log10_colsample_bytree": -0.17704581934086616, "log10_eta": -1.5464596506308306, "log10_lambda": 0.3633208281121174, "log10_min_child_weight": 3.5304457807073177, "log10_subsample": -0.8537371304422156, "max_depth": 2.0, "num_boost_round": 93.0}, "datetime": {"datetime": "2024-01-19 01:12:11", "elapsed": 3639.274809, "delta": 0.004116}}
