{"target": -17.676704429258095, "params": {"gamma": 969.8193451883869, "log10_alpha": -3.1865325931061306, "log10_colsample_bytree": -0.11267682312341687, "log10_eta": -2.0713379923849917, "log10_lambda": -1.915478189202135, "log10_min_child_weight": 4.87680475381664, "log10_subsample": -0.5445117618686877, "max_depth": 9.0, "num_boost_round": 36.0}, "datetime": {"datetime": "2024-01-19 01:29:22", "elapsed": 4655.948089, "delta": 0.004815}}
{"target": -17.676714275634424, "params": {"gamma": 969.8193451883869, "log10_alpha": -3.1865325931061306, "log10_colsample_bytree": -0.11267682312341687, "log10_eta": -2.0713379923849917, "log10_lambda": -1.915478189202135, "log10_min_child_weight": 4.87680475381664, "log10_subsample": -0.5445117618686877, "max_depth": 9.0, "num_boost_round": 37.0}, "datetime": {"datetime": "2024-01-19 01:29:22", "elapsed": 4655.95288, "delta": 0.004791}}
{"target": -17.67674481400278, "params": {"gamma": 969.8193451883869, "log10_alpha": -3.1865325931061306, "log10_colsample_bytree": -0.11267682312341687, "log10_eta": -2.0713379923849917, "log10_lambda": -1.915478189202135, "log10_min_child_weight": 4.87680475381664, "log10_subsample": -0.5445117618686877, "max_depth": 9.0, "num_boost_round": 38.0}, "datetime": {"datetime": "2024-01-19 01:29:22", "elapsed": 4655.957643, "delta": 0.004763}}
{"target": -17.676718913544587, "params": {"gamma": 969.8193451883869, "log10_alpha": -3.1865325931061306, "log10_colsample_bytree": -0.11267682312341687, "log10_eta": -2.0713379923849917, "log10_lambda": -1.915478189202135, "log10_min_child_weight": 4.87680475381664, "log10_subsample": -0.5445117618686877, "max_depth": 9.0, "num_boost_round": 39.0}, "datetime": {"datetime": "2024-01-19 01:29:22", "elapsed": 4655.962608, "delta": 0.004965}}
{"target": -17.67673020827185, "params": {"gamma": 969.8193451883869, "log10_alpha": -3.1865325931061306, "log10_colsample_bytree": -0.11267682312341687, "log10_eta": -2.0713379923849917, "log10_lambda": -1.915478189202135, "log10_min_child_weight": 4.87680475381664, "log10_subsample": -0.5445117618686877, "max_depth": 9.0, "num_boost_round": 40.0}, "datetime": {"datetime": "2024-01-19 01:29:22", "elapsed": 4655.967367, "delta": 0.004759}}
{"target": -17.676669743788885, "params": {"gamma": 969.8193451883869, "log10_alpha": -3.1865325931061306, "log10_colsample_bytree": -0.11267682312341687, "log10_eta": -2.0713379923849917, "log10_lambda": -1.915478189202135, "log10_min_child_weight": 4.87680475381664, "log10_subsample": -0.5445117618686877, "max_depth": 9.0, "num_boost_round": 41.0}, "datetime": {"datetime": "2024-01-19 01:29:22", "elapsed": 4655.972235, "delta": 0.004868}}
{"target": -17.676671858862935, "params": {"gamma": 969.8193451883869, "log10_alpha": -3.1865325931061306, "log10_colsample_bytree": -0.11267682312341687, "log10_eta": -2.0713379923849917, "log10_lambda": -1.915478189202135, "log10_min_child_weight": 4.87680475381664, "log10_subsample": -0.5445117618686877, "max_depth": 9.0, "num_boost_round": 42.0}, "datetime": {"datetime": "2024-01-19 01:29:22", "elapsed": 4655.977088, "delta": 0.004853}}
{"target": -17.676713080425895, "params": {"gamma": 969.8193451883869, "log10_alpha": -3.1865325931061306, "log10_colsample_bytree": -0.11267682312341687, "log10_eta": -2.0713379923849917, "log10_lambda": -1.915478189202135, "log10_min_child_weight": 4.87680475381664, "log10_subsample": -0.5445117618686877, "max_depth": 9.0, "num_boost_round": 43.0}, "datetime": {"datetime": "2024-01-19 01:29:22", "elapsed": 4655.982135, "delta": 0.005047}}
{"target": -17.6772256736034, "params": {"gamma": 977.8037591298339, "log10_alpha": -1.1646404739352585, "log10_colsample_bytree": -0.06976383039433764, "log10_eta": -3.852490477766866, "log10_lambda": -2.0108027437139895, "log10_min_child_weight": 0.769344526263479, "log10_subsample": -0.4798143761156414, "max_depth": 4.0, "num_boost_round": 0.0}, "datetime": {"datetime": "2024-01-19 01:30:23", "elapsed": 4717.291898, "delta": 61.309763}}
{"target": -17.6772198044175, "params": {"gamma": 977.8037591298339, "log10_alpha": -1.1646404739352585, "log10_colsample_bytree": -0.06976383039433764, "log10_eta": -3.852490477766866, "log10_lambda": -2.0108027437139895, "log10_min_child_weight": 0.769344526263479, "log10_subsample": -0.4798143761156414, "max_depth": 4.0, "num_boost_round": 1.0}, "datetime": {"datetime": "2024-01-19 01:30:23", "elapsed": 4717.297824, "delta": 0.005926}}
{"target": -17.677213436877008, "params": {"gamma": 977.8037591298339, "log10_alpha": -1.1646404739352585, "log10_colsample_bytree": -0.06976383039433764, "log10_eta": -3.852490477766866, "log10_lambda": -2.0108027437139895, "log10_min_child_weight": 0.769344526263479, "log10_subsample": -0.4798143761156414, "max_depth": 4.0, "num_boost_round": 2.0}, "datetime": {"datetime": "2024-01-19 01:30:23", "elapsed": 4717.303114, "delta": 0.00529}}
{"target": -17.677205462911072, "params": {"gamma": 977.8037591298339, "log10_alpha": -1.1646404739352585, "log10_colsample_bytree": -0.06976383039433764, "log10_eta": -3.852490477766866, "log10_lambda": -2.0108027437139895, "log10_min_child_weight": 0.769344526263479, "log10_subsample": -0.4798143761156414, "max_depth": 4.0, "num_boost_round": 3.0}, "datetime": {"datetime": "2024-01-19 01:30:23", "elapsed": 4717.308142, "delta": 0.005028}}
{"target": -17.67720394016488, "params": {"gamma": 977.8037591298339, "log10_alpha": -1.1646404739352585, "log10_colsample_bytree": -0.06976383039433764, "log10_eta": -3.852490477766866, "log10_lambda": -2.0108027437139895, "log10_min_child_weight": 0.769344526263479, "log10_subsample": -0.4798143761156414, "max_depth": 4.0, "num_boost_round": 4.0}, "datetime": {"datetime": "2024-01-19 01:30:23", "elapsed": 4717.313238, "delta": 0.005096}}
{"target": -17.677198285139706, "params": {"gamma": 977.8037591298339, "log10_alpha": -1.1646404739352585, "log10_colsample_bytree": -0.06976383039433764, "log10_eta": -3.852490477766866, "log10_lambda": -2.0108027437139895, "log10_min_child_weight": 0.769344526263479, "log10_subsample": -0.4798143761156414, "max_depth": 4.0, "num_boost_round": 5.0}, "datetime": {"datetime": "2024-01-19 01:30:23", "elapsed": 4717.318298, "delta": 0.00506}}
{"target": -17.67719364250043, "params": {"gamma": 977.8037591298339, "log10_alpha": -1.1646404739352585, "log10_colsample_bytree": -0.06976383039433764, "log10_eta": -3.852490477766866, "log10_lambda": -2.0108027437139895, "log10_min_child_weight": 0.769344526263479, "log10_subsample": -0.4798143761156414, "max_depth": 4.0, "num_boost_round": 6.0}, "datetime": {"datetime": "2024-01-19 01:30:23", "elapsed": 4717.323348, "delta": 0.00505}}
{"target": -17.677188320203957, "params": {"gamma": 977.8037591298339, "log10_alpha": -1.1646404739352585, "log10_colsample_bytree": -0.06976383039433764, "log10_eta": -3.852490477766866, "log10_lambda": -2.0108027437139895, "log10_min_child_weight": 0.769344526263479, "log10_subsample": -0.4798143761156414, "max_depth": 4.0, "num_boost_round": 7.0}, "datetime": {"datetime": "2024-01-19 01:30:23", "elapsed": 4717.328073, "delta": 0.004725}}
{"target": -17.67718084686934, "params": {"gamma": 977.8037591298339, "log10_alpha": -1.1646404739352585, "log10_colsample_bytree": -0.06976383039433764, "log10_eta": -3.852490477766866, "log10_lambda": -2.0108027437139895, "log10_min_child_weight": 0.769344526263479, "log10_subsample": -0.4798143761156414, "max_depth": 4.0, "num_boost_round": 8.0}, "datetime": {"datetime": "2024-01-19 01:30:23", "elapsed": 4717.332947, "delta": 0.004874}}
{"target": -17.67717305076159, "params": {"gamma": 977.8037591298339, "log10_alpha": -1.1646404739352585, "log10_colsample_bytree": -0.06976383039433764, "log10_eta": -3.852490477766866, "log10_lambda": -2.0108027437139895, "log10_min_child_weight": 0.769344526263479, "log10_subsample": -0.4798143761156414, "max_depth": 4.0, "num_boost_round": 9.0}, "datetime": {"datetime": "2024-01-19 01:30:23", "elapsed": 4717.337829, "delta": 0.004882}}
{"target": -17.677169252668186, "params": {"gamma": 977.8037591298339, "log10_alpha": -1.1646404739352585, "log10_colsample_bytree": -0.06976383039433764, "log10_eta": -3.852490477766866, "log10_lambda": -2.0108027437139895, "log10_min_child_weight": 0.769344526263479, "log10_subsample": -0.4798143761156414, "max_depth": 4.0, "num_boost_round": 10.0}, "datetime": {"datetime": "2024-01-19 01:30:23", "elapsed": 4717.342792, "delta": 0.004963}}
{"target": -17.67716253335271, "params": {"gamma": 977.8037591298339, "log10_alpha": -1.1646404739352585, "log10_colsample_bytree": -0.06976383039433764, "log10_eta": -3.852490477766866, "log10_lambda": -2.0108027437139895, "log10_min_child_weight": 0.769344526263479, "log10_subsample": -0.4798143761156414, "max_depth": 4.0, "num_boost_round": 11.0}, "datetime": {"datetime": "2024-01-19 01:30:23", "elapsed": 4717.347437, "delta": 0.004645}}
{"target": -17.677154944636253, "params": {"gamma": 977.8037591298339, "log10_alpha": -1.1646404739352585, "log10_colsample_bytree": -0.06976383039433764, "log10_eta": -3.852490477766866, "log10_lambda": -2.0108027437139895, "log10_min_child_weight": 0.769344526263479, "log10_subsample": -0.4798143761156414, "max_depth": 4.0, "num_boost_round": 12.0}, "datetime": {"datetime": "2024-01-19 01:30:23", "elapsed": 4717.352139, "delta": 0.004702}}
{"target": -17.677153495502154, "params": {"gamma": 977.8037591298339, "log10_alpha": -1.1646404739352585, "log10_colsample_bytree": -0.06976383039433764, "log10_eta": -3.852490477766866, "log10_lambda": -2.0108027437139895, "log10_min_child_weight": 0.769344526263479, "log10_subsample": -0.4798143761156414, "max_depth": 4.0, "num_boost_round": 13.0}, "datetime": {"datetime": "2024-01-19 01:30:23", "elapsed": 4717.356788, "delta": 0.004649}}
{"target": -17.677145042920383, "params": {"gamma": 977.8037591298339, "log10_alpha": -1.1646404739352585, "log10_colsample_bytree": -0.06976383039433764, "log10_eta": -3.852490477766866, "log10_lambda": -2.0108027437139895, "log10_min_child_weight": 0.769344526263479, "log10_subsample": -0.4798143761156414, "max_depth": 4.0, "num_boost_round": 14.0}, "datetime": {"datetime": "2024-01-19 01:30:23", "elapsed": 4717.361622, "delta": 0.004834}}
{"target": -17.677139381382098, "params": {"gamma": 977.8037591298339, "log10_alpha": -1.1646404739352585, "log10_colsample_bytree": -0.06976383039433764, "log10_eta": -3.852490477766866, "log10_lambda": -2.0108027437139895, "log10_min_child_weight": 0.769344526263479, "log10_subsample": -0.4798143761156414, "max_depth": 4.0, "num_boost_round": 15.0}, "datetime": {"datetime": "2024-01-19 01:30:23", "elapsed": 4717.366279, "delta": 0.004657}}
{"target": -17.67713092175021, "params": {"gamma": 977.8037591298339, "log10_alpha": -1.1646404739352585, "log10_colsample_bytree": -0.06976383039433764, "log10_eta": -3.852490477766866, "log10_lambda": -2.0108027437139895, "log10_min_child_weight": 0.769344526263479, "log10_subsample": -0.4798143761156414, "max_depth": 4.0, "num_boost_round": 16.0}, "datetime": {"datetime": "2024-01-19 01:30:23", "elapsed": 4717.371178, "delta": 0.004899}}
{"target": -17.67712593600746, "params": {"gamma": 977.8037591298339, "log10_alpha": -1.1646404739352585, "log10_colsample_bytree": -0.06976383039433764, "log10_eta": -3.852490477766866, "log10_lambda": -2.0108027437139895, "log10_min_child_weight": 0.769344526263479, "log10_subsample": -0.4798143761156414, "max_depth": 4.0, "num_boost_round": 17.0}, "datetime": {"datetime": "2024-01-19 01:30:23", "elapsed": 4717.375922, "delta": 0.004744}}
{"target": -17.677119905311557, "params": {"gamma": 977.8037591298339, "log10_alpha": -1.1646404739352585, "log10_colsample_bytree": -0.06976383039433764, "log10_eta": -3.852490477766866, "log10_lambda": -2.0108027437139895, "log10_min_child_weight": 0.769344526263479, "log10_subsample": -0.4798143761156414, "max_depth": 4.0, "num_boost_round": 18.0}, "datetime": {"datetime": "2024-01-19 01:30:23", "elapsed": 4717.380814, "delta": 0.004892}}
{"target": -17.677115512676032, "params": {"gamma": 977.8037591298339, "log10_alpha": -1.1646404739352585, "log10_colsample_bytree": -0.06976383039433764, "log10_eta": -3.852490477766866, "log10_lambda": -2.0108027437139895, "log10_min_child_weight": 0.769344526263479, "log10_subsample": -0.4798143761156414, "max_depth": 4.0, "num_boost_round": 19.0}, "datetime": {"datetime": "2024-01-19 01:30:23", "elapsed": 4717.385506, "delta": 0.004692}}
{"target": -17.677107732926203, "params": {"gamma": 977.8037591298339, "log10_alpha": -1.1646404739352585, "log10_colsample_bytree": -0.06976383039433764, "log10_eta": -3.852490477766866, "log10_lambda": -2.0108027437139895, "log10_min_child_weight": 0.769344526263479, "log10_subsample": -0.4798143761156414, "max_depth": 4.0, "num_boost_round": 20.0}, "datetime": {"datetime": "2024-01-19 01:30:23", "elapsed": 4717.390247, "delta": 0.004741}}
{"target": -17.677103115537186, "params": {"gamma": 977.8037591298339, "log10_alpha": -1.1646404739352585, "log10_colsample_bytree": -0.06976383039433764, "log10_eta": -3.852490477766866, "log10_lambda": -2.0108027437139895, "log10_min_child_weight": 0.769344526263479, "log10_subsample": -0.4798143761156414, "max_depth": 4.0, "num_boost_round": 21.0}, "datetime": {"datetime": "2024-01-19 01:30:23", "elapsed": 4717.395009, "delta": 0.004762}}
{"target": -17.677091666159857, "params": {"gamma": 977.8037591298339, "log10_alpha": -1.1646404739352585, "log10_colsample_bytree": -0.06976383039433764, "log10_eta": -3.852490477766866, "log10_lambda": -2.0108027437139895, "log10_min_child_weight": 0.769344526263479, "log10_subsample": -0.4798143761156414, "max_depth": 4.0, "num_boost_round": 22.0}, "datetime": {"datetime": "2024-01-19 01:30:23", "elapsed": 4717.399865, "delta": 0.004856}}
{"target": -17.677087342430628, "params": {"gamma": 977.8037591298339, "log10_alpha": -1.1646404739352585, "log10_colsample_bytree": -0.06976383039433764, "log10_eta": -3.852490477766866, "log10_lambda": -2.0108027437139895, "log10_min_child_weight": 0.769344526263479, "log10_subsample": -0.4798143761156414, "max_depth": 4.0, "num_boost_round": 23.0}, "datetime": {"datetime": "2024-01-19 01:30:23", "elapsed": 4717.404586, "delta": 0.004721}}
{"target": -17.677081686984522, "params": {"gamma": 977.8037591298339, "log10_alpha": -1.1646404739352585, "log10_colsample_bytree": -0.06976383039433764, "log10_eta": -3.852490477766866, "log10_lambda": -2.0108027437139895, "log10_min_child_weight": 0.769344526263479, "log10_subsample": -0.4798143761156414, "max_depth": 4.0, "num_boost_round": 24.0}, "datetime": {"datetime": "2024-01-19 01:30:23", "elapsed": 4717.409325, "delta": 0.004739}}
{"target": -17.677077189971254, "params": {"gamma": 977.8037591298339, "log10_alpha": -1.1646404739352585, "log10_colsample_bytree": -0.06976383039433764, "log10_eta": -3.852490477766866, "log10_lambda": -2.0108027437139895, "log10_min_child_weight": 0.769344526263479, "log10_subsample": -0.4798143761156414, "max_depth": 4.0, "num_boost_round": 25.0}, "datetime": {"datetime": "2024-01-19 01:30:23", "elapsed": 4717.414037, "delta": 0.004712}}
{"target": -17.67706863632443, "params": {"gamma": 977.8037591298339, "log10_alpha": -1.1646404739352585, "log10_colsample_bytree": -0.06976383039433764, "log10_eta": -3.852490477766866, "log10_lambda": -2.0108027437139895, "log10_min_child_weight": 0.769344526263479, "log10_subsample": -0.4798143761156414, "max_depth": 4.0, "num_boost_round": 26.0}, "datetime": {"datetime": "2024-01-19 01:30:23", "elapsed": 4717.418968, "delta": 0.004931}}
{"target": -17.677060459664194, "params": {"gamma": 977.8037591298339, "log10_alpha": -1.1646404739352585, "log10_colsample_bytree": -0.06976383039433764, "log10_eta": -3.852490477766866, "log10_lambda": -2.0108027437139895, "log10_min_child_weight": 0.769344526263479, "log10_subsample": -0.4798143761156414, "max_depth": 4.0, "num_boost_round": 27.0}, "datetime": {"datetime": "2024-01-19 01:30:23", "elapsed": 4717.423749, "delta": 0.004781}}
{"target": -17.677056077343238, "params": {"gamma": 977.8037591298339, "log10_alpha": -1.1646404739352585, "log10_colsample_bytree": -0.06976383039433764, "log10_eta": -3.852490477766866, "log10_lambda": -2.0108027437139895, "log10_min_child_weight": 0.769344526263479, "log10_subsample": -0.4798143761156414, "max_depth": 4.0, "num_boost_round": 28.0}, "datetime": {"datetime": "2024-01-19 01:30:23", "elapsed": 4717.428515, "delta": 0.004766}}
{"target": -17.677048003489592, "params": {"gamma": 977.8037591298339, "log10_alpha": -1.1646404739352585, "log10_colsample_bytree": -0.06976383039433764, "log10_eta": -3.852490477766866, "log10_lambda": -2.0108027437139895, "log10_min_child_weight": 0.769344526263479, "log10_subsample": -0.4798143761156414, "max_depth": 4.0, "num_boost_round": 29.0}, "datetime": {"datetime": "2024-01-19 01:30:23", "elapsed": 4717.433221, "delta": 0.004706}}
{"target": -17.67704052670656, "params": {"gamma": 977.8037591298339, "log10_alpha": -1.1646404739352585, "log10_colsample_bytree": -0.06976383039433764, "log10_eta": -3.852490477766866, "log10_lambda": -2.0108027437139895, "log10_min_child_weight": 0.769344526263479, "log10_subsample": -0.4798143761156414, "max_depth": 4.0, "num_boost_round": 30.0}, "datetime": {"datetime": "2024-01-19 01:30:23", "elapsed": 4717.438162, "delta": 0.004941}}
{"target": -17.67703542260092, "params": {"gamma": 977.8037591298339, "log10_alpha": -1.1646404739352585, "log10_colsample_bytree": -0.06976383039433764, "log10_eta": -3.852490477766866, "log10_lambda": -2.0108027437139895, "log10_min_child_weight": 0.769344526263479, "log10_subsample": -0.4798143761156414, "max_depth": 4.0, "num_boost_round": 31.0}, "datetime": {"datetime": "2024-01-19 01:30:23", "elapsed": 4717.442889, "delta": 0.004727}}
{"target": -17.677229539636855, "params": {"gamma": 974.7416807901935, "log10_alpha": -2.4773642875218593, "log10_colsample_bytree": -0.5734991429727606, "log10_eta": -3.2115881747563986, "log10_lambda": -4.3040567878624225, "log10_min_child_weight": 4.892002490293578, "log10_subsample": -0.4358237780506026, "max_depth": 9.0, "num_boost_round": 0.0}, "datetime": {"datetime": "2024-01-19 01:31:24", "elapsed": 4778.117278, "delta": 60.674389}}
{"target": -17.677226537222158, "params": {"gamma": 974.7416807901935, "log10_alpha": -2.4773642875218593, "log10_colsample_bytree": -0.5734991429727606, "log10_eta": -3.2115881747563986, "log10_lambda": -4.3040567878624225, "log10_min_child_weight": 4.892002490293578, "log10_subsample": -0.4358237780506026, "max_depth": 9.0, "num_boost_round": 1.0}, "datetime": {"datetime": "2024-01-19 01:31:24", "elapsed": 4778.122416, "delta": 0.005138}}
{"target": -17.67722556669116, "params": {"gamma": 974.7416807901935, "log10_alpha": -2.4773642875218593, "log10_colsample_bytree": -0.5734991429727606, "log10_eta": -3.2115881747563986, "log10_lambda": -4.3040567878624225, "log10_min_child_weight": 4.892002490293578, "log10_subsample": -0.4358237780506026, "max_depth": 9.0, "num_boost_round": 2.0}, "datetime": {"datetime": "2024-01-19 01:31:24", "elapsed": 4778.127056, "delta": 0.00464}}
{"target": -17.677223487417773, "params": {"gamma": 974.7416807901935, "log10_alpha": -2.4773642875218593, "log10_colsample_bytree": -0.5734991429727606, "log10_eta": -3.2115881747563986, "log10_lambda": -4.3040567878624225, "log10_min_child_weight": 4.892002490293578, "log10_subsample": -0.4358237780506026, "max_depth": 9.0, "num_boost_round": 3.0}, "datetime": {"datetime": "2024-01-19 01:31:24", "elapsed": 4778.131739, "delta": 0.004683}}
{"target": -17.677225533614706, "params": {"gamma": 974.7416807901935, "log10_alpha": -2.4773642875218593, "log10_colsample_bytree": -0.5734991429727606, "log10_eta": -3.2115881747563986, "log10_lambda": -4.3040567878624225, "log10_min_child_weight": 4.892002490293578, "log10_subsample": -0.4358237780506026, "max_depth": 9.0, "num_boost_round": 4.0}, "datetime": {"datetime": "2024-01-19 01:31:24", "elapsed": 4778.136611, "delta": 0.004872}}
{"target": -17.67722725940961, "params": {"gamma": 974.7416807901935, "log10_alpha": -2.4773642875218593, "log10_colsample_bytree": -0.5734991429727606, "log10_eta": -3.2115881747563986, "log10_lambda": -4.3040567878624225, "log10_min_child_weight": 4.892002490293578, "log10_subsample": -0.4358237780506026, "max_depth": 9.0, "num_boost_round": 5.0}, "datetime": {"datetime": "2024-01-19 01:31:24", "elapsed": 4778.244266, "delta": 0.107655}}
{"target": -17.67722591427745, "params": {"gamma": 974.7416807901935, "log10_alpha": -2.4773642875218593, "log10_colsample_bytree": -0.5734991429727606, "log10_eta": -3.2115881747563986, "log10_lambda": -4.3040567878624225, "log10_min_child_weight": 4.892002490293578, "log10_subsample": -0.4358237780506026, "max_depth": 9.0, "num_boost_round": 6.0}, "datetime": {"datetime": "2024-01-19 01:31:24", "elapsed": 4778.249471, "delta": 0.005205}}
{"target": -17.67722814511063, "params": {"gamma": 974.7416807901935, "log10_alpha": -2.4773642875218593, "log10_colsample_bytree": -0.5734991429727606, "log10_eta": -3.2115881747563986, "log10_lambda": -4.3040567878624225, "log10_min_child_weight": 4.892002490293578, "log10_subsample": -0.4358237780506026, "max_depth": 9.0, "num_boost_round": 7.0}, "datetime": {"datetime": "2024-01-19 01:31:24", "elapsed": 4778.254347, "delta": 0.004876}}
{"target": -17.677220015609493, "params": {"gamma": 974.7416807901935, "log10_alpha": -2.4773642875218593, "log10_colsample_bytree": -0.5734991429727606, "log10_eta": -3.2115881747563986, "log10_lambda": -4.3040567878624225, "log10_min_child_weight": 4.892002490293578, "log10_subsample": -0.4358237780506026, "max_depth": 9.0, "num_boost_round": 8.0}, "datetime": {"datetime": "2024-01-19 01:31:24", "elapsed": 4778.259078, "delta": 0.004731}}
