{"target": -13.758316868052386, "params": {"gamma": 695.1279403010176, "log10_alpha": -1.978285047335902, "log10_colsample_bytree": -0.2828128614444948, "log10_eta": -2.6539824534054977, "log10_lambda": -0.1608733571413703, "log10_min_child_weight": 1.3602664749897764, "log10_subsample": -0.527975579007903, "max_depth": 2.0, "num_boost_round": 16.0}, "datetime": {"datetime": "2024-01-19 02:25:02", "elapsed": 8010.051376, "delta": 0.007509}}
{"target": -13.758317600779199, "params": {"gamma": 695.1279403010176, "log10_alpha": -1.978285047335902, "log10_colsample_bytree": -0.2828128614444948, "log10_eta": -2.6539824534054977, "log10_lambda": -0.1608733571413703, "log10_min_child_weight": 1.3602664749897764, "log10_subsample": -0.527975579007903, "max_depth": 2.0, "num_boost_round": 17.0}, "datetime": {"datetime": "2024-01-19 02:25:02", "elapsed": 8010.059041, "delta": 0.007665}}
{"target": -13.75849078618661, "params": {"gamma": 731.4190614246965, "log10_alpha": -1.4947267227575138, "log10_colsample_bytree": -0.09396133307264021, "log10_eta": -1.9671706480586328, "log10_lambda": -2.3803612678983814, "log10_min_child_weight": 3.784571121086274, "log10_subsample": -0.8728689181200345, "max_depth": 2.0, "num_boost_round": 0.0}, "datetime": {"datetime": "2024-01-19 02:28:23", "elapsed": 8211.381381, "delta": 201.32234}}
{"target": -13.758479617290863, "params": {"gamma": 731.4190614246965, "log10_alpha": -1.4947267227575138, "log10_colsample_bytree": -0.09396133307264021, "log10_eta": -1.9671706480586328, "log10_lambda": -2.3803612678983814, "log10_min_child_weight": 3.784571121086274, "log10_subsample": -0.8728689181200345, "max_depth": 2.0, "num_boost_round": 1.0}, "datetime": {"datetime": "2024-01-19 02:28:23", "elapsed": 8211.390738, "delta": 0.009357}}
{"target": -13.758674776768359, "params": {"gamma": 731.4190614246965, "log10_alpha": -1.4947267227575138, "log10_colsample_bytree": -0.09396133307264021, "log10_eta": -1.9671706480586328, "log10_lambda": -2.3803612678983814, "log10_min_child_weight": 3.784571121086274, "log10_subsample": -0.8728689181200345, "max_depth": 2.0, "num_boost_round": 2.0}, "datetime": {"datetime": "2024-01-19 02:28:23", "elapsed": 8211.399213, "delta": 0.008475}}
{"target": -13.758714098530946, "params": {"gamma": 731.4190614246965, "log10_alpha": -1.4947267227575138, "log10_colsample_bytree": -0.09396133307264021, "log10_eta": -1.9671706480586328, "log10_lambda": -2.3803612678983814, "log10_min_child_weight": 3.784571121086274, "log10_subsample": -0.8728689181200345, "max_depth": 2.0, "num_boost_round": 3.0}, "datetime": {"datetime": "2024-01-19 02:28:23", "elapsed": 8211.407248, "delta": 0.008035}}
{"target": -13.758807379234966, "params": {"gamma": 731.4190614246965, "log10_alpha": -1.4947267227575138, "log10_colsample_bytree": -0.09396133307264021, "log10_eta": -1.9671706480586328, "log10_lambda": -2.3803612678983814, "log10_min_child_weight": 3.784571121086274, "log10_subsample": -0.8728689181200345, "max_depth": 2.0, "num_boost_round": 4.0}, "datetime": {"datetime": "2024-01-19 02:28:23", "elapsed": 8211.415241, "delta": 0.007993}}
{"target": -13.758818736966564, "params": {"gamma": 731.4190614246965, "log10_alpha": -1.4947267227575138, "log10_colsample_bytree": -0.09396133307264021, "log10_eta": -1.9671706480586328, "log10_lambda": -2.3803612678983814, "log10_min_child_weight": 3.784571121086274, "log10_subsample": -0.8728689181200345, "max_depth": 2.0, "num_boost_round": 5.0}, "datetime": {"datetime": "2024-01-19 02:28:23", "elapsed": 8211.423352, "delta": 0.008111}}
{"target": -13.758842814207812, "params": {"gamma": 731.4190614246965, "log10_alpha": -1.4947267227575138, "log10_colsample_bytree": -0.09396133307264021, "log10_eta": -1.9671706480586328, "log10_lambda": -2.3803612678983814, "log10_min_child_weight": 3.784571121086274, "log10_subsample": -0.8728689181200345, "max_depth": 2.0, "num_boost_round": 6.0}, "datetime": {"datetime": "2024-01-19 02:28:23", "elapsed": 8211.431378, "delta": 0.008026}}
{"target": -13.758805961991508, "params": {"gamma": 731.4190614246965, "log10_alpha": -1.4947267227575138, "log10_colsample_bytree": -0.09396133307264021, "log10_eta": -1.9671706480586328, "log10_lambda": -2.3803612678983814, "log10_min_child_weight": 3.784571121086274, "log10_subsample": -0.8728689181200345, "max_depth": 2.0, "num_boost_round": 7.0}, "datetime": {"datetime": "2024-01-19 02:28:23", "elapsed": 8211.439007, "delta": 0.007629}}
{"target": -13.75883595442211, "params": {"gamma": 731.4190614246965, "log10_alpha": -1.4947267227575138, "log10_colsample_bytree": -0.09396133307264021, "log10_eta": -1.9671706480586328, "log10_lambda": -2.3803612678983814, "log10_min_child_weight": 3.784571121086274, "log10_subsample": -0.8728689181200345, "max_depth": 2.0, "num_boost_round": 8.0}, "datetime": {"datetime": "2024-01-19 02:28:23", "elapsed": 8211.446737, "delta": 0.00773}}
{"target": -13.75887332656421, "params": {"gamma": 731.4190614246965, "log10_alpha": -1.4947267227575138, "log10_colsample_bytree": -0.09396133307264021, "log10_eta": -1.9671706480586328, "log10_lambda": -2.3803612678983814, "log10_min_child_weight": 3.784571121086274, "log10_subsample": -0.8728689181200345, "max_depth": 2.0, "num_boost_round": 9.0}, "datetime": {"datetime": "2024-01-19 02:28:23", "elapsed": 8211.454446, "delta": 0.007709}}
{"target": -13.758874238451158, "params": {"gamma": 731.4190614246965, "log10_alpha": -1.4947267227575138, "log10_colsample_bytree": -0.09396133307264021, "log10_eta": -1.9671706480586328, "log10_lambda": -2.3803612678983814, "log10_min_child_weight": 3.784571121086274, "log10_subsample": -0.8728689181200345, "max_depth": 2.0, "num_boost_round": 10.0}, "datetime": {"datetime": "2024-01-19 02:28:23", "elapsed": 8211.462148, "delta": 0.007702}}
{"target": -13.758935938705516, "params": {"gamma": 731.4190614246965, "log10_alpha": -1.4947267227575138, "log10_colsample_bytree": -0.09396133307264021, "log10_eta": -1.9671706480586328, "log10_lambda": -2.3803612678983814, "log10_min_child_weight": 3.784571121086274, "log10_subsample": -0.8728689181200345, "max_depth": 2.0, "num_boost_round": 11.0}, "datetime": {"datetime": "2024-01-19 02:28:23", "elapsed": 8211.470175, "delta": 0.008027}}
{"target": -13.759000813906503, "params": {"gamma": 731.4190614246965, "log10_alpha": -1.4947267227575138, "log10_colsample_bytree": -0.09396133307264021, "log10_eta": -1.9671706480586328, "log10_lambda": -2.3803612678983814, "log10_min_child_weight": 3.784571121086274, "log10_subsample": -0.8728689181200345, "max_depth": 2.0, "num_boost_round": 12.0}, "datetime": {"datetime": "2024-01-19 02:28:23", "elapsed": 8211.478719, "delta": 0.008544}}
{"target": -13.759056004673896, "params": {"gamma": 731.4190614246965, "log10_alpha": -1.4947267227575138, "log10_colsample_bytree": -0.09396133307264021, "log10_eta": -1.9671706480586328, "log10_lambda": -2.3803612678983814, "log10_min_child_weight": 3.784571121086274, "log10_subsample": -0.8728689181200345, "max_depth": 2.0, "num_boost_round": 13.0}, "datetime": {"datetime": "2024-01-19 02:28:23", "elapsed": 8211.487059, "delta": 0.00834}}
{"target": -13.759135849330795, "params": {"gamma": 731.4190614246965, "log10_alpha": -1.4947267227575138, "log10_colsample_bytree": -0.09396133307264021, "log10_eta": -1.9671706480586328, "log10_lambda": -2.3803612678983814, "log10_min_child_weight": 3.784571121086274, "log10_subsample": -0.8728689181200345, "max_depth": 2.0, "num_boost_round": 14.0}, "datetime": {"datetime": "2024-01-19 02:28:23", "elapsed": 8211.495131, "delta": 0.008072}}
{"target": -13.759192709508627, "params": {"gamma": 731.4190614246965, "log10_alpha": -1.4947267227575138, "log10_colsample_bytree": -0.09396133307264021, "log10_eta": -1.9671706480586328, "log10_lambda": -2.3803612678983814, "log10_min_child_weight": 3.784571121086274, "log10_subsample": -0.8728689181200345, "max_depth": 2.0, "num_boost_round": 15.0}, "datetime": {"datetime": "2024-01-19 02:28:23", "elapsed": 8211.503076, "delta": 0.007945}}
{"target": -13.759285555899643, "params": {"gamma": 731.4190614246965, "log10_alpha": -1.4947267227575138, "log10_colsample_bytree": -0.09396133307264021, "log10_eta": -1.9671706480586328, "log10_lambda": -2.3803612678983814, "log10_min_child_weight": 3.784571121086274, "log10_subsample": -0.8728689181200345, "max_depth": 2.0, "num_boost_round": 16.0}, "datetime": {"datetime": "2024-01-19 02:28:23", "elapsed": 8211.511268, "delta": 0.008192}}
{"target": -13.759267442394343, "params": {"gamma": 731.4190614246965, "log10_alpha": -1.4947267227575138, "log10_colsample_bytree": -0.09396133307264021, "log10_eta": -1.9671706480586328, "log10_lambda": -2.3803612678983814, "log10_min_child_weight": 3.784571121086274, "log10_subsample": -0.8728689181200345, "max_depth": 2.0, "num_boost_round": 17.0}, "datetime": {"datetime": "2024-01-19 02:28:23", "elapsed": 8211.519379, "delta": 0.008111}}
{"target": -13.759215984920987, "params": {"gamma": 731.4190614246965, "log10_alpha": -1.4947267227575138, "log10_colsample_bytree": -0.09396133307264021, "log10_eta": -1.9671706480586328, "log10_lambda": -2.3803612678983814, "log10_min_child_weight": 3.784571121086274, "log10_subsample": -0.8728689181200345, "max_depth": 2.0, "num_boost_round": 18.0}, "datetime": {"datetime": "2024-01-19 02:28:23", "elapsed": 8211.52736, "delta": 0.007981}}
{"target": -13.759323733700386, "params": {"gamma": 731.4190614246965, "log10_alpha": -1.4947267227575138, "log10_colsample_bytree": -0.09396133307264021, "log10_eta": -1.9671706480586328, "log10_lambda": -2.3803612678983814, "log10_min_child_weight": 3.784571121086274, "log10_subsample": -0.8728689181200345, "max_depth": 2.0, "num_boost_round": 19.0}, "datetime": {"datetime": "2024-01-19 02:28:23", "elapsed": 8211.535085, "delta": 0.007725}}
{"target": -13.75934829504616, "params": {"gamma": 731.4190614246965, "log10_alpha": -1.4947267227575138, "log10_colsample_bytree": -0.09396133307264021, "log10_eta": -1.9671706480586328, "log10_lambda": -2.3803612678983814, "log10_min_child_weight": 3.784571121086274, "log10_subsample": -0.8728689181200345, "max_depth": 2.0, "num_boost_round": 20.0}, "datetime": {"datetime": "2024-01-19 02:28:23", "elapsed": 8211.543047, "delta": 0.007962}}
{"target": -13.759467796479665, "params": {"gamma": 731.4190614246965, "log10_alpha": -1.4947267227575138, "log10_colsample_bytree": -0.09396133307264021, "log10_eta": -1.9671706480586328, "log10_lambda": -2.3803612678983814, "log10_min_child_weight": 3.784571121086274, "log10_subsample": -0.8728689181200345, "max_depth": 2.0, "num_boost_round": 21.0}, "datetime": {"datetime": "2024-01-19 02:28:23", "elapsed": 8211.550984, "delta": 0.007937}}
{"target": -13.759551830504721, "params": {"gamma": 731.4190614246965, "log10_alpha": -1.4947267227575138, "log10_colsample_bytree": -0.09396133307264021, "log10_eta": -1.9671706480586328, "log10_lambda": -2.3803612678983814, "log10_min_child_weight": 3.784571121086274, "log10_subsample": -0.8728689181200345, "max_depth": 2.0, "num_boost_round": 22.0}, "datetime": {"datetime": "2024-01-19 02:28:23", "elapsed": 8211.558835, "delta": 0.007851}}
{"target": -13.759681286102136, "params": {"gamma": 731.4190614246965, "log10_alpha": -1.4947267227575138, "log10_colsample_bytree": -0.09396133307264021, "log10_eta": -1.9671706480586328, "log10_lambda": -2.3803612678983814, "log10_min_child_weight": 3.784571121086274, "log10_subsample": -0.8728689181200345, "max_depth": 2.0, "num_boost_round": 23.0}, "datetime": {"datetime": "2024-01-19 02:28:23", "elapsed": 8211.566511, "delta": 0.007676}}
{"target": -13.759670895189554, "params": {"gamma": 731.4190614246965, "log10_alpha": -1.4947267227575138, "log10_colsample_bytree": -0.09396133307264021, "log10_eta": -1.9671706480586328, "log10_lambda": -2.3803612678983814, "log10_min_child_weight": 3.784571121086274, "log10_subsample": -0.8728689181200345, "max_depth": 2.0, "num_boost_round": 24.0}, "datetime": {"datetime": "2024-01-19 02:28:24", "elapsed": 8211.574166, "delta": 0.007655}}
{"target": -13.75974582729617, "params": {"gamma": 731.4190614246965, "log10_alpha": -1.4947267227575138, "log10_colsample_bytree": -0.09396133307264021, "log10_eta": -1.9671706480586328, "log10_lambda": -2.3803612678983814, "log10_min_child_weight": 3.784571121086274, "log10_subsample": -0.8728689181200345, "max_depth": 2.0, "num_boost_round": 25.0}, "datetime": {"datetime": "2024-01-19 02:28:24", "elapsed": 8211.581879, "delta": 0.007713}}
{"target": -13.759769453274723, "params": {"gamma": 731.4190614246965, "log10_alpha": -1.4947267227575138, "log10_colsample_bytree": -0.09396133307264021, "log10_eta": -1.9671706480586328, "log10_lambda": -2.3803612678983814, "log10_min_child_weight": 3.784571121086274, "log10_subsample": -0.8728689181200345, "max_depth": 2.0, "num_boost_round": 26.0}, "datetime": {"datetime": "2024-01-19 02:28:24", "elapsed": 8211.589433, "delta": 0.007554}}
{"target": -13.759845747651223, "params": {"gamma": 731.4190614246965, "log10_alpha": -1.4947267227575138, "log10_colsample_bytree": -0.09396133307264021, "log10_eta": -1.9671706480586328, "log10_lambda": -2.3803612678983814, "log10_min_child_weight": 3.784571121086274, "log10_subsample": -0.8728689181200345, "max_depth": 2.0, "num_boost_round": 27.0}, "datetime": {"datetime": "2024-01-19 02:28:24", "elapsed": 8211.597508, "delta": 0.008075}}
{"target": -13.759855079179621, "params": {"gamma": 731.4190614246965, "log10_alpha": -1.4947267227575138, "log10_colsample_bytree": -0.09396133307264021, "log10_eta": -1.9671706480586328, "log10_lambda": -2.3803612678983814, "log10_min_child_weight": 3.784571121086274, "log10_subsample": -0.8728689181200345, "max_depth": 2.0, "num_boost_round": 28.0}, "datetime": {"datetime": "2024-01-19 02:28:24", "elapsed": 8211.605065, "delta": 0.007557}}
{"target": -13.759985562258153, "params": {"gamma": 731.4190614246965, "log10_alpha": -1.4947267227575138, "log10_colsample_bytree": -0.09396133307264021, "log10_eta": -1.9671706480586328, "log10_lambda": -2.3803612678983814, "log10_min_child_weight": 3.784571121086274, "log10_subsample": -0.8728689181200345, "max_depth": 2.0, "num_boost_round": 29.0}, "datetime": {"datetime": "2024-01-19 02:28:24", "elapsed": 8211.612475, "delta": 0.00741}}
{"target": -13.759984880604913, "params": {"gamma": 731.4190614246965, "log10_alpha": -1.4947267227575138, "log10_colsample_bytree": -0.09396133307264021, "log10_eta": -1.9671706480586328, "log10_lambda": -2.3803612678983814, "log10_min_child_weight": 3.784571121086274, "log10_subsample": -0.8728689181200345, "max_depth": 2.0, "num_boost_round": 30.0}, "datetime": {"datetime": "2024-01-19 02:28:24", "elapsed": 8211.619916, "delta": 0.007441}}
{"target": -13.76004770210547, "params": {"gamma": 731.4190614246965, "log10_alpha": -1.4947267227575138, "log10_colsample_bytree": -0.09396133307264021, "log10_eta": -1.9671706480586328, "log10_lambda": -2.3803612678983814, "log10_min_child_weight": 3.784571121086274, "log10_subsample": -0.8728689181200345, "max_depth": 2.0, "num_boost_round": 31.0}, "datetime": {"datetime": "2024-01-19 02:28:24", "elapsed": 8211.627287, "delta": 0.007371}}
{"target": -13.76010411340213, "params": {"gamma": 731.4190614246965, "log10_alpha": -1.4947267227575138, "log10_colsample_bytree": -0.09396133307264021, "log10_eta": -1.9671706480586328, "log10_lambda": -2.3803612678983814, "log10_min_child_weight": 3.784571121086274, "log10_subsample": -0.8728689181200345, "max_depth": 2.0, "num_boost_round": 32.0}, "datetime": {"datetime": "2024-01-19 02:28:24", "elapsed": 8211.63476, "delta": 0.007473}}
{"target": -13.760189834947397, "params": {"gamma": 731.4190614246965, "log10_alpha": -1.4947267227575138, "log10_colsample_bytree": -0.09396133307264021, "log10_eta": -1.9671706480586328, "log10_lambda": -2.3803612678983814, "log10_min_child_weight": 3.784571121086274, "log10_subsample": -0.8728689181200345, "max_depth": 2.0, "num_boost_round": 33.0}, "datetime": {"datetime": "2024-01-19 02:28:24", "elapsed": 8211.642568, "delta": 0.007808}}
{"target": -13.760141465503393, "params": {"gamma": 731.4190614246965, "log10_alpha": -1.4947267227575138, "log10_colsample_bytree": -0.09396133307264021, "log10_eta": -1.9671706480586328, "log10_lambda": -2.3803612678983814, "log10_min_child_weight": 3.784571121086274, "log10_subsample": -0.8728689181200345, "max_depth": 2.0, "num_boost_round": 34.0}, "datetime": {"datetime": "2024-01-19 02:28:24", "elapsed": 8211.650343, "delta": 0.007775}}
{"target": -13.760168316054818, "params": {"gamma": 731.4190614246965, "log10_alpha": -1.4947267227575138, "log10_colsample_bytree": -0.09396133307264021, "log10_eta": -1.9671706480586328, "log10_lambda": -2.3803612678983814, "log10_min_child_weight": 3.784571121086274, "log10_subsample": -0.8728689181200345, "max_depth": 2.0, "num_boost_round": 35.0}, "datetime": {"datetime": "2024-01-19 02:28:24", "elapsed": 8211.658298, "delta": 0.007955}}
{"target": -13.760297168504565, "params": {"gamma": 731.4190614246965, "log10_alpha": -1.4947267227575138, "log10_colsample_bytree": -0.09396133307264021, "log10_eta": -1.9671706480586328, "log10_lambda": -2.3803612678983814, "log10_min_child_weight": 3.784571121086274, "log10_subsample": -0.8728689181200345, "max_depth": 2.0, "num_boost_round": 36.0}, "datetime": {"datetime": "2024-01-19 02:28:24", "elapsed": 8211.666078, "delta": 0.00778}}
{"target": -13.760381256494307, "params": {"gamma": 731.4190614246965, "log10_alpha": -1.4947267227575138, "log10_colsample_bytree": -0.09396133307264021, "log10_eta": -1.9671706480586328, "log10_lambda": -2.3803612678983814, "log10_min_child_weight": 3.784571121086274, "log10_subsample": -0.8728689181200345, "max_depth": 2.0, "num_boost_round": 37.0}, "datetime": {"datetime": "2024-01-19 02:28:24", "elapsed": 8211.673506, "delta": 0.007428}}
{"target": -13.760591495513046, "params": {"gamma": 731.4190614246965, "log10_alpha": -1.4947267227575138, "log10_colsample_bytree": -0.09396133307264021, "log10_eta": -1.9671706480586328, "log10_lambda": -2.3803612678983814, "log10_min_child_weight": 3.784571121086274, "log10_subsample": -0.8728689181200345, "max_depth": 2.0, "num_boost_round": 38.0}, "datetime": {"datetime": "2024-01-19 02:28:24", "elapsed": 8211.680866, "delta": 0.00736}}
{"target": -13.760617676251934, "params": {"gamma": 731.4190614246965, "log10_alpha": -1.4947267227575138, "log10_colsample_bytree": -0.09396133307264021, "log10_eta": -1.9671706480586328, "log10_lambda": -2.3803612678983814, "log10_min_child_weight": 3.784571121086274, "log10_subsample": -0.8728689181200345, "max_depth": 2.0, "num_boost_round": 39.0}, "datetime": {"datetime": "2024-01-19 02:28:24", "elapsed": 8211.688067, "delta": 0.007201}}
{"target": -13.760671449117723, "params": {"gamma": 731.4190614246965, "log10_alpha": -1.4947267227575138, "log10_colsample_bytree": -0.09396133307264021, "log10_eta": -1.9671706480586328, "log10_lambda": -2.3803612678983814, "log10_min_child_weight": 3.784571121086274, "log10_subsample": -0.8728689181200345, "max_depth": 2.0, "num_boost_round": 40.0}, "datetime": {"datetime": "2024-01-19 02:28:24", "elapsed": 8211.695235, "delta": 0.007168}}
{"target": -13.760822866656895, "params": {"gamma": 731.4190614246965, "log10_alpha": -1.4947267227575138, "log10_colsample_bytree": -0.09396133307264021, "log10_eta": -1.9671706480586328, "log10_lambda": -2.3803612678983814, "log10_min_child_weight": 3.784571121086274, "log10_subsample": -0.8728689181200345, "max_depth": 2.0, "num_boost_round": 41.0}, "datetime": {"datetime": "2024-01-19 02:28:24", "elapsed": 8211.702536, "delta": 0.007301}}
{"target": -13.760815937213968, "params": {"gamma": 731.4190614246965, "log10_alpha": -1.4947267227575138, "log10_colsample_bytree": -0.09396133307264021, "log10_eta": -1.9671706480586328, "log10_lambda": -2.3803612678983814, "log10_min_child_weight": 3.784571121086274, "log10_subsample": -0.8728689181200345, "max_depth": 2.0, "num_boost_round": 42.0}, "datetime": {"datetime": "2024-01-19 02:28:24", "elapsed": 8211.709965, "delta": 0.007429}}
{"target": -13.760834876000933, "params": {"gamma": 731.4190614246965, "log10_alpha": -1.4947267227575138, "log10_colsample_bytree": -0.09396133307264021, "log10_eta": -1.9671706480586328, "log10_lambda": -2.3803612678983814, "log10_min_child_weight": 3.784571121086274, "log10_subsample": -0.8728689181200345, "max_depth": 2.0, "num_boost_round": 43.0}, "datetime": {"datetime": "2024-01-19 02:28:24", "elapsed": 8211.717355, "delta": 0.00739}}
{"target": -13.760863512967711, "params": {"gamma": 731.4190614246965, "log10_alpha": -1.4947267227575138, "log10_colsample_bytree": -0.09396133307264021, "log10_eta": -1.9671706480586328, "log10_lambda": -2.3803612678983814, "log10_min_child_weight": 3.784571121086274, "log10_subsample": -0.8728689181200345, "max_depth": 2.0, "num_boost_round": 44.0}, "datetime": {"datetime": "2024-01-19 02:28:24", "elapsed": 8211.724691, "delta": 0.007336}}
{"target": -13.760963384670706, "params": {"gamma": 731.4190614246965, "log10_alpha": -1.4947267227575138, "log10_colsample_bytree": -0.09396133307264021, "log10_eta": -1.9671706480586328, "log10_lambda": -2.3803612678983814, "log10_min_child_weight": 3.784571121086274, "log10_subsample": -0.8728689181200345, "max_depth": 2.0, "num_boost_round": 45.0}, "datetime": {"datetime": "2024-01-19 02:28:24", "elapsed": 8211.731909, "delta": 0.007218}}
{"target": -13.760899460888089, "params": {"gamma": 731.4190614246965, "log10_alpha": -1.4947267227575138, "log10_colsample_bytree": -0.09396133307264021, "log10_eta": -1.9671706480586328, "log10_lambda": -2.3803612678983814, "log10_min_child_weight": 3.784571121086274, "log10_subsample": -0.8728689181200345, "max_depth": 2.0, "num_boost_round": 46.0}, "datetime": {"datetime": "2024-01-19 02:28:24", "elapsed": 8211.739597, "delta": 0.007688}}
