{"target": -17.676595484940215, "params": {"gamma": 960.886796639228, "log10_alpha": -2.647901554956495, "log10_colsample_bytree": -0.6717577920417335, "log10_eta": -2.862650424455917, "log10_lambda": -3.933450864802489, "log10_min_child_weight": 1.996379798196598, "log10_subsample": -0.490937743737066, "max_depth": 3.0, "num_boost_round": 14.0}, "datetime": {"datetime": "2024-01-19 02:04:15", "elapsed": 6749.683904, "delta": 0.006025}}
{"target": -17.676563948335513, "params": {"gamma": 960.886796639228, "log10_alpha": -2.647901554956495, "log10_colsample_bytree": -0.6717577920417335, "log10_eta": -2.862650424455917, "log10_lambda": -3.933450864802489, "log10_min_child_weight": 1.996379798196598, "log10_subsample": -0.490937743737066, "max_depth": 3.0, "num_boost_round": 15.0}, "datetime": {"datetime": "2024-01-19 02:04:15", "elapsed": 6749.689853, "delta": 0.005949}}
{"target": -17.676583614764112, "params": {"gamma": 960.886796639228, "log10_alpha": -2.647901554956495, "log10_colsample_bytree": -0.6717577920417335, "log10_eta": -2.862650424455917, "log10_lambda": -3.933450864802489, "log10_min_child_weight": 1.996379798196598, "log10_subsample": -0.490937743737066, "max_depth": 3.0, "num_boost_round": 16.0}, "datetime": {"datetime": "2024-01-19 02:04:15", "elapsed": 6749.695846, "delta": 0.005993}}
{"target": -17.67657017926608, "params": {"gamma": 960.886796639228, "log10_alpha": -2.647901554956495, "log10_colsample_bytree": -0.6717577920417335, "log10_eta": -2.862650424455917, "log10_lambda": -3.933450864802489, "log10_min_child_weight": 1.996379798196598, "log10_subsample": -0.490937743737066, "max_depth": 3.0, "num_boost_round": 17.0}, "datetime": {"datetime": "2024-01-19 02:04:15", "elapsed": 6749.7018, "delta": 0.005954}}
{"target": -17.67653181700575, "params": {"gamma": 960.886796639228, "log10_alpha": -2.647901554956495, "log10_colsample_bytree": -0.6717577920417335, "log10_eta": -2.862650424455917, "log10_lambda": -3.933450864802489, "log10_min_child_weight": 1.996379798196598, "log10_subsample": -0.490937743737066, "max_depth": 3.0, "num_boost_round": 18.0}, "datetime": {"datetime": "2024-01-19 02:04:15", "elapsed": 6749.707791, "delta": 0.005991}}
{"target": -17.676526938722702, "params": {"gamma": 960.886796639228, "log10_alpha": -2.647901554956495, "log10_colsample_bytree": -0.6717577920417335, "log10_eta": -2.862650424455917, "log10_lambda": -3.933450864802489, "log10_min_child_weight": 1.996379798196598, "log10_subsample": -0.490937743737066, "max_depth": 3.0, "num_boost_round": 19.0}, "datetime": {"datetime": "2024-01-19 02:04:15", "elapsed": 6749.713748, "delta": 0.005957}}
{"target": -17.6764857613807, "params": {"gamma": 960.886796639228, "log10_alpha": -2.647901554956495, "log10_colsample_bytree": -0.6717577920417335, "log10_eta": -2.862650424455917, "log10_lambda": -3.933450864802489, "log10_min_child_weight": 1.996379798196598, "log10_subsample": -0.490937743737066, "max_depth": 3.0, "num_boost_round": 20.0}, "datetime": {"datetime": "2024-01-19 02:04:15", "elapsed": 6749.719744, "delta": 0.005996}}
{"target": -17.67640592367493, "params": {"gamma": 960.886796639228, "log10_alpha": -2.647901554956495, "log10_colsample_bytree": -0.6717577920417335, "log10_eta": -2.862650424455917, "log10_lambda": -3.933450864802489, "log10_min_child_weight": 1.996379798196598, "log10_subsample": -0.490937743737066, "max_depth": 3.0, "num_boost_round": 21.0}, "datetime": {"datetime": "2024-01-19 02:04:15", "elapsed": 6749.725685, "delta": 0.005941}}
{"target": -17.67635596204932, "params": {"gamma": 960.886796639228, "log10_alpha": -2.647901554956495, "log10_colsample_bytree": -0.6717577920417335, "log10_eta": -2.862650424455917, "log10_lambda": -3.933450864802489, "log10_min_child_weight": 1.996379798196598, "log10_subsample": -0.490937743737066, "max_depth": 3.0, "num_boost_round": 22.0}, "datetime": {"datetime": "2024-01-19 02:04:15", "elapsed": 6749.732371, "delta": 0.006686}}
{"target": -17.676282641922686, "params": {"gamma": 960.886796639228, "log10_alpha": -2.647901554956495, "log10_colsample_bytree": -0.6717577920417335, "log10_eta": -2.862650424455917, "log10_lambda": -3.933450864802489, "log10_min_child_weight": 1.996379798196598, "log10_subsample": -0.490937743737066, "max_depth": 3.0, "num_boost_round": 23.0}, "datetime": {"datetime": "2024-01-19 02:04:15", "elapsed": 6749.73842, "delta": 0.006049}}
{"target": -17.676288600091553, "params": {"gamma": 960.886796639228, "log10_alpha": -2.647901554956495, "log10_colsample_bytree": -0.6717577920417335, "log10_eta": -2.862650424455917, "log10_lambda": -3.933450864802489, "log10_min_child_weight": 1.996379798196598, "log10_subsample": -0.490937743737066, "max_depth": 3.0, "num_boost_round": 24.0}, "datetime": {"datetime": "2024-01-19 02:04:15", "elapsed": 6749.744522, "delta": 0.006102}}
{"target": -17.676267374561355, "params": {"gamma": 960.886796639228, "log10_alpha": -2.647901554956495, "log10_colsample_bytree": -0.6717577920417335, "log10_eta": -2.862650424455917, "log10_lambda": -3.933450864802489, "log10_min_child_weight": 1.996379798196598, "log10_subsample": -0.490937743737066, "max_depth": 3.0, "num_boost_round": 25.0}, "datetime": {"datetime": "2024-01-19 02:04:15", "elapsed": 6749.750542, "delta": 0.00602}}
{"target": -17.676237859499835, "params": {"gamma": 960.886796639228, "log10_alpha": -2.647901554956495, "log10_colsample_bytree": -0.6717577920417335, "log10_eta": -2.862650424455917, "log10_lambda": -3.933450864802489, "log10_min_child_weight": 1.996379798196598, "log10_subsample": -0.490937743737066, "max_depth": 3.0, "num_boost_round": 26.0}, "datetime": {"datetime": "2024-01-19 02:04:15", "elapsed": 6749.756459, "delta": 0.005917}}
{"target": -17.67621517168932, "params": {"gamma": 960.886796639228, "log10_alpha": -2.647901554956495, "log10_colsample_bytree": -0.6717577920417335, "log10_eta": -2.862650424455917, "log10_lambda": -3.933450864802489, "log10_min_child_weight": 1.996379798196598, "log10_subsample": -0.490937743737066, "max_depth": 3.0, "num_boost_round": 27.0}, "datetime": {"datetime": "2024-01-19 02:04:15", "elapsed": 6749.76234, "delta": 0.005881}}
{"target": -17.67616791431422, "params": {"gamma": 960.886796639228, "log10_alpha": -2.647901554956495, "log10_colsample_bytree": -0.6717577920417335, "log10_eta": -2.862650424455917, "log10_lambda": -3.933450864802489, "log10_min_child_weight": 1.996379798196598, "log10_subsample": -0.490937743737066, "max_depth": 3.0, "num_boost_round": 28.0}, "datetime": {"datetime": "2024-01-19 02:04:15", "elapsed": 6749.76825, "delta": 0.00591}}
{"target": -17.676087100916206, "params": {"gamma": 960.886796639228, "log10_alpha": -2.647901554956495, "log10_colsample_bytree": -0.6717577920417335, "log10_eta": -2.862650424455917, "log10_lambda": -3.933450864802489, "log10_min_child_weight": 1.996379798196598, "log10_subsample": -0.490937743737066, "max_depth": 3.0, "num_boost_round": 29.0}, "datetime": {"datetime": "2024-01-19 02:04:15", "elapsed": 6749.774276, "delta": 0.006026}}
{"target": -17.676030056992627, "params": {"gamma": 960.886796639228, "log10_alpha": -2.647901554956495, "log10_colsample_bytree": -0.6717577920417335, "log10_eta": -2.862650424455917, "log10_lambda": -3.933450864802489, "log10_min_child_weight": 1.996379798196598, "log10_subsample": -0.490937743737066, "max_depth": 3.0, "num_boost_round": 30.0}, "datetime": {"datetime": "2024-01-19 02:04:15", "elapsed": 6749.780269, "delta": 0.005993}}
{"target": -17.67599215757315, "params": {"gamma": 960.886796639228, "log10_alpha": -2.647901554956495, "log10_colsample_bytree": -0.6717577920417335, "log10_eta": -2.862650424455917, "log10_lambda": -3.933450864802489, "log10_min_child_weight": 1.996379798196598, "log10_subsample": -0.490937743737066, "max_depth": 3.0, "num_boost_round": 31.0}, "datetime": {"datetime": "2024-01-19 02:04:15", "elapsed": 6749.786219, "delta": 0.00595}}
{"target": -17.675966499574113, "params": {"gamma": 960.886796639228, "log10_alpha": -2.647901554956495, "log10_colsample_bytree": -0.6717577920417335, "log10_eta": -2.862650424455917, "log10_lambda": -3.933450864802489, "log10_min_child_weight": 1.996379798196598, "log10_subsample": -0.490937743737066, "max_depth": 3.0, "num_boost_round": 32.0}, "datetime": {"datetime": "2024-01-19 02:04:15", "elapsed": 6749.792204, "delta": 0.005985}}
{"target": -17.67592274661215, "params": {"gamma": 960.886796639228, "log10_alpha": -2.647901554956495, "log10_colsample_bytree": -0.6717577920417335, "log10_eta": -2.862650424455917, "log10_lambda": -3.933450864802489, "log10_min_child_weight": 1.996379798196598, "log10_subsample": -0.490937743737066, "max_depth": 3.0, "num_boost_round": 33.0}, "datetime": {"datetime": "2024-01-19 02:04:15", "elapsed": 6749.798194, "delta": 0.00599}}
{"target": -17.675853790919483, "params": {"gamma": 960.886796639228, "log10_alpha": -2.647901554956495, "log10_colsample_bytree": -0.6717577920417335, "log10_eta": -2.862650424455917, "log10_lambda": -3.933450864802489, "log10_min_child_weight": 1.996379798196598, "log10_subsample": -0.490937743737066, "max_depth": 3.0, "num_boost_round": 34.0}, "datetime": {"datetime": "2024-01-19 02:04:16", "elapsed": 6749.804164, "delta": 0.00597}}
{"target": -17.675814047159776, "params": {"gamma": 960.886796639228, "log10_alpha": -2.647901554956495, "log10_colsample_bytree": -0.6717577920417335, "log10_eta": -2.862650424455917, "log10_lambda": -3.933450864802489, "log10_min_child_weight": 1.996379798196598, "log10_subsample": -0.490937743737066, "max_depth": 3.0, "num_boost_round": 35.0}, "datetime": {"datetime": "2024-01-19 02:04:16", "elapsed": 6749.8101, "delta": 0.005936}}
{"target": -17.675785368060044, "params": {"gamma": 960.886796639228, "log10_alpha": -2.647901554956495, "log10_colsample_bytree": -0.6717577920417335, "log10_eta": -2.862650424455917, "log10_lambda": -3.933450864802489, "log10_min_child_weight": 1.996379798196598, "log10_subsample": -0.490937743737066, "max_depth": 3.0, "num_boost_round": 36.0}, "datetime": {"datetime": "2024-01-19 02:04:16", "elapsed": 6749.816045, "delta": 0.005945}}
{"target": -17.675776522699827, "params": {"gamma": 960.886796639228, "log10_alpha": -2.647901554956495, "log10_colsample_bytree": -0.6717577920417335, "log10_eta": -2.862650424455917, "log10_lambda": -3.933450864802489, "log10_min_child_weight": 1.996379798196598, "log10_subsample": -0.490937743737066, "max_depth": 3.0, "num_boost_round": 37.0}, "datetime": {"datetime": "2024-01-19 02:04:16", "elapsed": 6749.821982, "delta": 0.005937}}
{"target": -17.675728257208764, "params": {"gamma": 960.886796639228, "log10_alpha": -2.647901554956495, "log10_colsample_bytree": -0.6717577920417335, "log10_eta": -2.862650424455917, "log10_lambda": -3.933450864802489, "log10_min_child_weight": 1.996379798196598, "log10_subsample": -0.490937743737066, "max_depth": 3.0, "num_boost_round": 38.0}, "datetime": {"datetime": "2024-01-19 02:04:16", "elapsed": 6749.827894, "delta": 0.005912}}
{"target": -17.675732796598705, "params": {"gamma": 960.886796639228, "log10_alpha": -2.647901554956495, "log10_colsample_bytree": -0.6717577920417335, "log10_eta": -2.862650424455917, "log10_lambda": -3.933450864802489, "log10_min_child_weight": 1.996379798196598, "log10_subsample": -0.490937743737066, "max_depth": 3.0, "num_boost_round": 39.0}, "datetime": {"datetime": "2024-01-19 02:04:16", "elapsed": 6749.833849, "delta": 0.005955}}
{"target": -17.675700896533787, "params": {"gamma": 960.886796639228, "log10_alpha": -2.647901554956495, "log10_colsample_bytree": -0.6717577920417335, "log10_eta": -2.862650424455917, "log10_lambda": -3.933450864802489, "log10_min_child_weight": 1.996379798196598, "log10_subsample": -0.490937743737066, "max_depth": 3.0, "num_boost_round": 40.0}, "datetime": {"datetime": "2024-01-19 02:04:16", "elapsed": 6749.839794, "delta": 0.005945}}
{"target": -17.675655117382547, "params": {"gamma": 960.886796639228, "log10_alpha": -2.647901554956495, "log10_colsample_bytree": -0.6717577920417335, "log10_eta": -2.862650424455917, "log10_lambda": -3.933450864802489, "log10_min_child_weight": 1.996379798196598, "log10_subsample": -0.490937743737066, "max_depth": 3.0, "num_boost_round": 41.0}, "datetime": {"datetime": "2024-01-19 02:04:16", "elapsed": 6749.845873, "delta": 0.006079}}
{"target": -17.675553060886884, "params": {"gamma": 960.886796639228, "log10_alpha": -2.647901554956495, "log10_colsample_bytree": -0.6717577920417335, "log10_eta": -2.862650424455917, "log10_lambda": -3.933450864802489, "log10_min_child_weight": 1.996379798196598, "log10_subsample": -0.490937743737066, "max_depth": 3.0, "num_boost_round": 42.0}, "datetime": {"datetime": "2024-01-19 02:04:16", "elapsed": 6749.851836, "delta": 0.005963}}
{"target": -17.675526698493783, "params": {"gamma": 960.886796639228, "log10_alpha": -2.647901554956495, "log10_colsample_bytree": -0.6717577920417335, "log10_eta": -2.862650424455917, "log10_lambda": -3.933450864802489, "log10_min_child_weight": 1.996379798196598, "log10_subsample": -0.490937743737066, "max_depth": 3.0, "num_boost_round": 43.0}, "datetime": {"datetime": "2024-01-19 02:04:16", "elapsed": 6749.857822, "delta": 0.005986}}
{"target": -17.675502525963083, "params": {"gamma": 960.886796639228, "log10_alpha": -2.647901554956495, "log10_colsample_bytree": -0.6717577920417335, "log10_eta": -2.862650424455917, "log10_lambda": -3.933450864802489, "log10_min_child_weight": 1.996379798196598, "log10_subsample": -0.490937743737066, "max_depth": 3.0, "num_boost_round": 44.0}, "datetime": {"datetime": "2024-01-19 02:04:16", "elapsed": 6749.863758, "delta": 0.005936}}
{"target": -17.67544753142113, "params": {"gamma": 960.886796639228, "log10_alpha": -2.647901554956495, "log10_colsample_bytree": -0.6717577920417335, "log10_eta": -2.862650424455917, "log10_lambda": -3.933450864802489, "log10_min_child_weight": 1.996379798196598, "log10_subsample": -0.490937743737066, "max_depth": 3.0, "num_boost_round": 45.0}, "datetime": {"datetime": "2024-01-19 02:04:16", "elapsed": 6749.869676, "delta": 0.005918}}
{"target": -17.675472204179137, "params": {"gamma": 960.886796639228, "log10_alpha": -2.647901554956495, "log10_colsample_bytree": -0.6717577920417335, "log10_eta": -2.862650424455917, "log10_lambda": -3.933450864802489, "log10_min_child_weight": 1.996379798196598, "log10_subsample": -0.490937743737066, "max_depth": 3.0, "num_boost_round": 46.0}, "datetime": {"datetime": "2024-01-19 02:04:16", "elapsed": 6749.876273, "delta": 0.006597}}
{"target": -17.67544489450392, "params": {"gamma": 960.886796639228, "log10_alpha": -2.647901554956495, "log10_colsample_bytree": -0.6717577920417335, "log10_eta": -2.862650424455917, "log10_lambda": -3.933450864802489, "log10_min_child_weight": 1.996379798196598, "log10_subsample": -0.490937743737066, "max_depth": 3.0, "num_boost_round": 47.0}, "datetime": {"datetime": "2024-01-19 02:04:16", "elapsed": 6749.882336, "delta": 0.006063}}
{"target": -17.675419111352895, "params": {"gamma": 960.886796639228, "log10_alpha": -2.647901554956495, "log10_colsample_bytree": -0.6717577920417335, "log10_eta": -2.862650424455917, "log10_lambda": -3.933450864802489, "log10_min_child_weight": 1.996379798196598, "log10_subsample": -0.490937743737066, "max_depth": 3.0, "num_boost_round": 48.0}, "datetime": {"datetime": "2024-01-19 02:04:16", "elapsed": 6749.888454, "delta": 0.006118}}
{"target": -17.675409035607604, "params": {"gamma": 960.886796639228, "log10_alpha": -2.647901554956495, "log10_colsample_bytree": -0.6717577920417335, "log10_eta": -2.862650424455917, "log10_lambda": -3.933450864802489, "log10_min_child_weight": 1.996379798196598, "log10_subsample": -0.490937743737066, "max_depth": 3.0, "num_boost_round": 49.0}, "datetime": {"datetime": "2024-01-19 02:04:16", "elapsed": 6749.89439, "delta": 0.005936}}
{"target": -17.675374286849177, "params": {"gamma": 960.886796639228, "log10_alpha": -2.647901554956495, "log10_colsample_bytree": -0.6717577920417335, "log10_eta": -2.862650424455917, "log10_lambda": -3.933450864802489, "log10_min_child_weight": 1.996379798196598, "log10_subsample": -0.490937743737066, "max_depth": 3.0, "num_boost_round": 50.0}, "datetime": {"datetime": "2024-01-19 02:04:16", "elapsed": 6749.900305, "delta": 0.005915}}
{"target": -17.67531807954038, "params": {"gamma": 960.886796639228, "log10_alpha": -2.647901554956495, "log10_colsample_bytree": -0.6717577920417335, "log10_eta": -2.862650424455917, "log10_lambda": -3.933450864802489, "log10_min_child_weight": 1.996379798196598, "log10_subsample": -0.490937743737066, "max_depth": 3.0, "num_boost_round": 51.0}, "datetime": {"datetime": "2024-01-19 02:04:16", "elapsed": 6749.906214, "delta": 0.005909}}
{"target": -17.675287250615423, "params": {"gamma": 960.886796639228, "log10_alpha": -2.647901554956495, "log10_colsample_bytree": -0.6717577920417335, "log10_eta": -2.862650424455917, "log10_lambda": -3.933450864802489, "log10_min_child_weight": 1.996379798196598, "log10_subsample": -0.490937743737066, "max_depth": 3.0, "num_boost_round": 52.0}, "datetime": {"datetime": "2024-01-19 02:04:16", "elapsed": 6749.912542, "delta": 0.006328}}
{"target": -17.67526900916059, "params": {"gamma": 960.886796639228, "log10_alpha": -2.647901554956495, "log10_colsample_bytree": -0.6717577920417335, "log10_eta": -2.862650424455917, "log10_lambda": -3.933450864802489, "log10_min_child_weight": 1.996379798196598, "log10_subsample": -0.490937743737066, "max_depth": 3.0, "num_boost_round": 53.0}, "datetime": {"datetime": "2024-01-19 02:04:16", "elapsed": 6749.91902, "delta": 0.006478}}
{"target": -17.675244168270012, "params": {"gamma": 960.886796639228, "log10_alpha": -2.647901554956495, "log10_colsample_bytree": -0.6717577920417335, "log10_eta": -2.862650424455917, "log10_lambda": -3.933450864802489, "log10_min_child_weight": 1.996379798196598, "log10_subsample": -0.490937743737066, "max_depth": 3.0, "num_boost_round": 54.0}, "datetime": {"datetime": "2024-01-19 02:04:16", "elapsed": 6749.92527, "delta": 0.00625}}
{"target": -17.67520702443962, "params": {"gamma": 960.886796639228, "log10_alpha": -2.647901554956495, "log10_colsample_bytree": -0.6717577920417335, "log10_eta": -2.862650424455917, "log10_lambda": -3.933450864802489, "log10_min_child_weight": 1.996379798196598, "log10_subsample": -0.490937743737066, "max_depth": 3.0, "num_boost_round": 55.0}, "datetime": {"datetime": "2024-01-19 02:04:16", "elapsed": 6749.931475, "delta": 0.006205}}
{"target": -17.675162876310196, "params": {"gamma": 960.886796639228, "log10_alpha": -2.647901554956495, "log10_colsample_bytree": -0.6717577920417335, "log10_eta": -2.862650424455917, "log10_lambda": -3.933450864802489, "log10_min_child_weight": 1.996379798196598, "log10_subsample": -0.490937743737066, "max_depth": 3.0, "num_boost_round": 56.0}, "datetime": {"datetime": "2024-01-19 02:04:16", "elapsed": 6749.937767, "delta": 0.006292}}
{"target": -17.675160443581287, "params": {"gamma": 960.886796639228, "log10_alpha": -2.647901554956495, "log10_colsample_bytree": -0.6717577920417335, "log10_eta": -2.862650424455917, "log10_lambda": -3.933450864802489, "log10_min_child_weight": 1.996379798196598, "log10_subsample": -0.490937743737066, "max_depth": 3.0, "num_boost_round": 57.0}, "datetime": {"datetime": "2024-01-19 02:04:16", "elapsed": 6749.944926, "delta": 0.007159}}
{"target": -17.677212964428296, "params": {"gamma": 971.2687462764344, "log10_alpha": 0.9509419840129283, "log10_colsample_bytree": -0.7671064059910748, "log10_eta": -3.240926837789877, "log10_lambda": -0.9371796152795318, "log10_min_child_weight": 2.4565948646194204, "log10_subsample": -0.15571517363652299, "max_depth": 2.0, "num_boost_round": 0.0}, "datetime": {"datetime": "2024-01-19 02:05:53", "elapsed": 6847.310601, "delta": 97.365675}}
{"target": -17.677193448602022, "params": {"gamma": 971.2687462764344, "log10_alpha": 0.9509419840129283, "log10_colsample_bytree": -0.7671064059910748, "log10_eta": -3.240926837789877, "log10_lambda": -0.9371796152795318, "log10_min_child_weight": 2.4565948646194204, "log10_subsample": -0.15571517363652299, "max_depth": 2.0, "num_boost_round": 1.0}, "datetime": {"datetime": "2024-01-19 02:05:53", "elapsed": 6847.317686, "delta": 0.007085}}
{"target": -17.677183476222464, "params": {"gamma": 971.2687462764344, "log10_alpha": 0.9509419840129283, "log10_colsample_bytree": -0.7671064059910748, "log10_eta": -3.240926837789877, "log10_lambda": -0.9371796152795318, "log10_min_child_weight": 2.4565948646194204, "log10_subsample": -0.15571517363652299, "max_depth": 2.0, "num_boost_round": 2.0}, "datetime": {"datetime": "2024-01-19 02:05:53", "elapsed": 6847.324498, "delta": 0.006812}}
{"target": -17.677185417457107, "params": {"gamma": 971.2687462764344, "log10_alpha": 0.9509419840129283, "log10_colsample_bytree": -0.7671064059910748, "log10_eta": -3.240926837789877, "log10_lambda": -0.9371796152795318, "log10_min_child_weight": 2.4565948646194204, "log10_subsample": -0.15571517363652299, "max_depth": 2.0, "num_boost_round": 3.0}, "datetime": {"datetime": "2024-01-19 02:05:53", "elapsed": 6847.331276, "delta": 0.006778}}
{"target": -17.677175440501053, "params": {"gamma": 971.2687462764344, "log10_alpha": 0.9509419840129283, "log10_colsample_bytree": -0.7671064059910748, "log10_eta": -3.240926837789877, "log10_lambda": -0.9371796152795318, "log10_min_child_weight": 2.4565948646194204, "log10_subsample": -0.15571517363652299, "max_depth": 2.0, "num_boost_round": 4.0}, "datetime": {"datetime": "2024-01-19 02:05:53", "elapsed": 6847.337616, "delta": 0.00634}}
