{"target": -13.759143190852232, "params": {"gamma": 139.4198661045045, "log10_alpha": -3.5157843664257493, "log10_colsample_bytree": -0.13904274776340808, "log10_eta": -1.5713162509385317, "log10_lambda": -2.5465421845657463, "log10_min_child_weight": 2.709883345671786, "log10_subsample": -0.794898736609417, "max_depth": 6.0, "num_boost_round": 10.0}, "datetime": {"datetime": "2024-01-19 00:41:10", "elapsed": 1778.300905, "delta": 0.00203}}
{"target": -13.758695119381933, "params": {"gamma": 139.4198661045045, "log10_alpha": -3.5157843664257493, "log10_colsample_bytree": -0.13904274776340808, "log10_eta": -1.5713162509385317, "log10_lambda": -2.5465421845657463, "log10_min_child_weight": 2.709883345671786, "log10_subsample": -0.794898736609417, "max_depth": 6.0, "num_boost_round": 11.0}, "datetime": {"datetime": "2024-01-19 00:41:10", "elapsed": 1778.302911, "delta": 0.002006}}
{"target": -13.759119427538254, "params": {"gamma": 139.4198661045045, "log10_alpha": -3.5157843664257493, "log10_colsample_bytree": -0.13904274776340808, "log10_eta": -1.5713162509385317, "log10_lambda": -2.5465421845657463, "log10_min_child_weight": 2.709883345671786, "log10_subsample": -0.794898736609417, "max_depth": 6.0, "num_boost_round": 12.0}, "datetime": {"datetime": "2024-01-19 00:41:10", "elapsed": 1778.304916, "delta": 0.002005}}
{"target": -13.758070804986266, "params": {"gamma": 145.69371597140434, "log10_alpha": -4.357995801968816, "log10_colsample_bytree": -0.8067738140927649, "log10_eta": -1.6840640521756156, "log10_lambda": 0.7408574220908886, "log10_min_child_weight": 2.9083522791196854, "log10_subsample": -0.07746365468834526, "max_depth": 3.0, "num_boost_round": 0.0}, "datetime": {"datetime": "2024-01-19 00:41:34", "elapsed": 1801.772624, "delta": 23.467708}}
{"target": -13.758120093058476, "params": {"gamma": 145.69371597140434, "log10_alpha": -4.357995801968816, "log10_colsample_bytree": -0.8067738140927649, "log10_eta": -1.6840640521756156, "log10_lambda": 0.7408574220908886, "log10_min_child_weight": 2.9083522791196854, "log10_subsample": -0.07746365468834526, "max_depth": 3.0, "num_boost_round": 1.0}, "datetime": {"datetime": "2024-01-19 00:41:34", "elapsed": 1801.775409, "delta": 0.002785}}
{"target": -13.757890644444222, "params": {"gamma": 145.69371597140434, "log10_alpha": -4.357995801968816, "log10_colsample_bytree": -0.8067738140927649, "log10_eta": -1.6840640521756156, "log10_lambda": 0.7408574220908886, "log10_min_child_weight": 2.9083522791196854, "log10_subsample": -0.07746365468834526, "max_depth": 3.0, "num_boost_round": 2.0}, "datetime": {"datetime": "2024-01-19 00:41:34", "elapsed": 1801.777955, "delta": 0.002546}}
{"target": -13.75765200753946, "params": {"gamma": 145.69371597140434, "log10_alpha": -4.357995801968816, "log10_colsample_bytree": -0.8067738140927649, "log10_eta": -1.6840640521756156, "log10_lambda": 0.7408574220908886, "log10_min_child_weight": 2.9083522791196854, "log10_subsample": -0.07746365468834526, "max_depth": 3.0, "num_boost_round": 3.0}, "datetime": {"datetime": "2024-01-19 00:41:34", "elapsed": 1801.780213, "delta": 0.002258}}
{"target": -13.757654700859058, "params": {"gamma": 145.69371597140434, "log10_alpha": -4.357995801968816, "log10_colsample_bytree": -0.8067738140927649, "log10_eta": -1.6840640521756156, "log10_lambda": 0.7408574220908886, "log10_min_child_weight": 2.9083522791196854, "log10_subsample": -0.07746365468834526, "max_depth": 3.0, "num_boost_round": 4.0}, "datetime": {"datetime": "2024-01-19 00:41:34", "elapsed": 1801.782318, "delta": 0.002105}}
{"target": -13.75734476392049, "params": {"gamma": 145.69371597140434, "log10_alpha": -4.357995801968816, "log10_colsample_bytree": -0.8067738140927649, "log10_eta": -1.6840640521756156, "log10_lambda": 0.7408574220908886, "log10_min_child_weight": 2.9083522791196854, "log10_subsample": -0.07746365468834526, "max_depth": 3.0, "num_boost_round": 5.0}, "datetime": {"datetime": "2024-01-19 00:41:34", "elapsed": 1801.784394, "delta": 0.002076}}
{"target": -13.757235324567239, "params": {"gamma": 145.69371597140434, "log10_alpha": -4.357995801968816, "log10_colsample_bytree": -0.8067738140927649, "log10_eta": -1.6840640521756156, "log10_lambda": 0.7408574220908886, "log10_min_child_weight": 2.9083522791196854, "log10_subsample": -0.07746365468834526, "max_depth": 3.0, "num_boost_round": 6.0}, "datetime": {"datetime": "2024-01-19 00:41:34", "elapsed": 1801.786539, "delta": 0.002145}}
{"target": -13.756970605119378, "params": {"gamma": 145.69371597140434, "log10_alpha": -4.357995801968816, "log10_colsample_bytree": -0.8067738140927649, "log10_eta": -1.6840640521756156, "log10_lambda": 0.7408574220908886, "log10_min_child_weight": 2.9083522791196854, "log10_subsample": -0.07746365468834526, "max_depth": 3.0, "num_boost_round": 7.0}, "datetime": {"datetime": "2024-01-19 00:41:34", "elapsed": 1801.788643, "delta": 0.002104}}
{"target": -13.757286474091075, "params": {"gamma": 145.69371597140434, "log10_alpha": -4.357995801968816, "log10_colsample_bytree": -0.8067738140927649, "log10_eta": -1.6840640521756156, "log10_lambda": 0.7408574220908886, "log10_min_child_weight": 2.9083522791196854, "log10_subsample": -0.07746365468834526, "max_depth": 3.0, "num_boost_round": 8.0}, "datetime": {"datetime": "2024-01-19 00:41:34", "elapsed": 1801.790856, "delta": 0.002213}}
{"target": -13.757382101984492, "params": {"gamma": 145.69371597140434, "log10_alpha": -4.357995801968816, "log10_colsample_bytree": -0.8067738140927649, "log10_eta": -1.6840640521756156, "log10_lambda": 0.7408574220908886, "log10_min_child_weight": 2.9083522791196854, "log10_subsample": -0.07746365468834526, "max_depth": 3.0, "num_boost_round": 9.0}, "datetime": {"datetime": "2024-01-19 00:41:34", "elapsed": 1801.793122, "delta": 0.002266}}
{"target": -13.757174441335273, "params": {"gamma": 145.69371597140434, "log10_alpha": -4.357995801968816, "log10_colsample_bytree": -0.8067738140927649, "log10_eta": -1.6840640521756156, "log10_lambda": 0.7408574220908886, "log10_min_child_weight": 2.9083522791196854, "log10_subsample": -0.07746365468834526, "max_depth": 3.0, "num_boost_round": 10.0}, "datetime": {"datetime": "2024-01-19 00:41:34", "elapsed": 1801.795395, "delta": 0.002273}}
{"target": -13.756937380868003, "params": {"gamma": 145.69371597140434, "log10_alpha": -4.357995801968816, "log10_colsample_bytree": -0.8067738140927649, "log10_eta": -1.6840640521756156, "log10_lambda": 0.7408574220908886, "log10_min_child_weight": 2.9083522791196854, "log10_subsample": -0.07746365468834526, "max_depth": 3.0, "num_boost_round": 11.0}, "datetime": {"datetime": "2024-01-19 00:41:34", "elapsed": 1801.797475, "delta": 0.00208}}
{"target": -13.7568222660718, "params": {"gamma": 145.69371597140434, "log10_alpha": -4.357995801968816, "log10_colsample_bytree": -0.8067738140927649, "log10_eta": -1.6840640521756156, "log10_lambda": 0.7408574220908886, "log10_min_child_weight": 2.9083522791196854, "log10_subsample": -0.07746365468834526, "max_depth": 3.0, "num_boost_round": 12.0}, "datetime": {"datetime": "2024-01-19 00:41:34", "elapsed": 1801.799566, "delta": 0.002091}}
{"target": -13.756414007502993, "params": {"gamma": 145.69371597140434, "log10_alpha": -4.357995801968816, "log10_colsample_bytree": -0.8067738140927649, "log10_eta": -1.6840640521756156, "log10_lambda": 0.7408574220908886, "log10_min_child_weight": 2.9083522791196854, "log10_subsample": -0.07746365468834526, "max_depth": 3.0, "num_boost_round": 13.0}, "datetime": {"datetime": "2024-01-19 00:41:34", "elapsed": 1801.801638, "delta": 0.002072}}
{"target": -13.756286290467624, "params": {"gamma": 145.69371597140434, "log10_alpha": -4.357995801968816, "log10_colsample_bytree": -0.8067738140927649, "log10_eta": -1.6840640521756156, "log10_lambda": 0.7408574220908886, "log10_min_child_weight": 2.9083522791196854, "log10_subsample": -0.07746365468834526, "max_depth": 3.0, "num_boost_round": 14.0}, "datetime": {"datetime": "2024-01-19 00:41:34", "elapsed": 1801.80375, "delta": 0.002112}}
{"target": -13.755927382015825, "params": {"gamma": 145.69371597140434, "log10_alpha": -4.357995801968816, "log10_colsample_bytree": -0.8067738140927649, "log10_eta": -1.6840640521756156, "log10_lambda": 0.7408574220908886, "log10_min_child_weight": 2.9083522791196854, "log10_subsample": -0.07746365468834526, "max_depth": 3.0, "num_boost_round": 15.0}, "datetime": {"datetime": "2024-01-19 00:41:34", "elapsed": 1801.805855, "delta": 0.002105}}
{"target": -13.755837296082285, "params": {"gamma": 145.69371597140434, "log10_alpha": -4.357995801968816, "log10_colsample_bytree": -0.8067738140927649, "log10_eta": -1.6840640521756156, "log10_lambda": 0.7408574220908886, "log10_min_child_weight": 2.9083522791196854, "log10_subsample": -0.07746365468834526, "max_depth": 3.0, "num_boost_round": 16.0}, "datetime": {"datetime": "2024-01-19 00:41:34", "elapsed": 1801.807972, "delta": 0.002117}}
{"target": -13.75600782750538, "params": {"gamma": 145.69371597140434, "log10_alpha": -4.357995801968816, "log10_colsample_bytree": -0.8067738140927649, "log10_eta": -1.6840640521756156, "log10_lambda": 0.7408574220908886, "log10_min_child_weight": 2.9083522791196854, "log10_subsample": -0.07746365468834526, "max_depth": 3.0, "num_boost_round": 17.0}, "datetime": {"datetime": "2024-01-19 00:41:34", "elapsed": 1801.810059, "delta": 0.002087}}
{"target": -13.773270628067738, "params": {"gamma": 146.34302363450934, "log10_alpha": -4.8254422818542935, "log10_colsample_bytree": -0.28196456369964606, "log10_eta": -0.6892637843507949, "log10_lambda": -1.8193269373640213, "log10_min_child_weight": 2.21499047680588, "log10_subsample": -0.5493243013710325, "max_depth": 9.0, "num_boost_round": 0.0}, "datetime": {"datetime": "2024-01-19 00:42:02", "elapsed": 1829.720962, "delta": 27.910903}}
{"target": -13.79022419831837, "params": {"gamma": 146.34302363450934, "log10_alpha": -4.8254422818542935, "log10_colsample_bytree": -0.28196456369964606, "log10_eta": -0.6892637843507949, "log10_lambda": -1.8193269373640213, "log10_min_child_weight": 2.21499047680588, "log10_subsample": -0.5493243013710325, "max_depth": 9.0, "num_boost_round": 1.0}, "datetime": {"datetime": "2024-01-19 00:42:02", "elapsed": 1829.723811, "delta": 0.002849}}
{"target": -13.813366332927746, "params": {"gamma": 146.34302363450934, "log10_alpha": -4.8254422818542935, "log10_colsample_bytree": -0.28196456369964606, "log10_eta": -0.6892637843507949, "log10_lambda": -1.8193269373640213, "log10_min_child_weight": 2.21499047680588, "log10_subsample": -0.5493243013710325, "max_depth": 9.0, "num_boost_round": 2.0}, "datetime": {"datetime": "2024-01-19 00:42:02", "elapsed": 1829.726353, "delta": 0.002542}}
{"target": -13.827390896215515, "params": {"gamma": 146.34302363450934, "log10_alpha": -4.8254422818542935, "log10_colsample_bytree": -0.28196456369964606, "log10_eta": -0.6892637843507949, "log10_lambda": -1.8193269373640213, "log10_min_child_weight": 2.21499047680588, "log10_subsample": -0.5493243013710325, "max_depth": 9.0, "num_boost_round": 3.0}, "datetime": {"datetime": "2024-01-19 00:42:02", "elapsed": 1829.728541, "delta": 0.002188}}
{"target": -13.838238752227857, "params": {"gamma": 146.34302363450934, "log10_alpha": -4.8254422818542935, "log10_colsample_bytree": -0.28196456369964606, "log10_eta": -0.6892637843507949, "log10_lambda": -1.8193269373640213, "log10_min_child_weight": 2.21499047680588, "log10_subsample": -0.5493243013710325, "max_depth": 9.0, "num_boost_round": 4.0}, "datetime": {"datetime": "2024-01-19 00:42:02", "elapsed": 1829.73072, "delta": 0.002179}}
{"target": -13.85407513637403, "params": {"gamma": 146.34302363450934, "log10_alpha": -4.8254422818542935, "log10_colsample_bytree": -0.28196456369964606, "log10_eta": -0.6892637843507949, "log10_lambda": -1.8193269373640213, "log10_min_child_weight": 2.21499047680588, "log10_subsample": -0.5493243013710325, "max_depth": 9.0, "num_boost_round": 5.0}, "datetime": {"datetime": "2024-01-19 00:42:02", "elapsed": 1829.732801, "delta": 0.002081}}
{"target": -13.872807616893228, "params": {"gamma": 146.34302363450934, "log10_alpha": -4.8254422818542935, "log10_colsample_bytree": -0.28196456369964606, "log10_eta": -0.6892637843507949, "log10_lambda": -1.8193269373640213, "log10_min_child_weight": 2.21499047680588, "log10_subsample": -0.5493243013710325, "max_depth": 9.0, "num_boost_round": 6.0}, "datetime": {"datetime": "2024-01-19 00:42:02", "elapsed": 1829.734928, "delta": 0.002127}}
{"target": -13.892774836604763, "params": {"gamma": 146.34302363450934, "log10_alpha": -4.8254422818542935, "log10_colsample_bytree": -0.28196456369964606, "log10_eta": -0.6892637843507949, "log10_lambda": -1.8193269373640213, "log10_min_child_weight": 2.21499047680588, "log10_subsample": -0.5493243013710325, "max_depth": 9.0, "num_boost_round": 7.0}, "datetime": {"datetime": "2024-01-19 00:42:02", "elapsed": 1829.737091, "delta": 0.002163}}
{"target": -13.913104096163446, "params": {"gamma": 146.34302363450934, "log10_alpha": -4.8254422818542935, "log10_colsample_bytree": -0.28196456369964606, "log10_eta": -0.6892637843507949, "log10_lambda": -1.8193269373640213, "log10_min_child_weight": 2.21499047680588, "log10_subsample": -0.5493243013710325, "max_depth": 9.0, "num_boost_round": 8.0}, "datetime": {"datetime": "2024-01-19 00:42:02", "elapsed": 1829.739317, "delta": 0.002226}}
{"target": -13.931337848936783, "params": {"gamma": 146.34302363450934, "log10_alpha": -4.8254422818542935, "log10_colsample_bytree": -0.28196456369964606, "log10_eta": -0.6892637843507949, "log10_lambda": -1.8193269373640213, "log10_min_child_weight": 2.21499047680588, "log10_subsample": -0.5493243013710325, "max_depth": 9.0, "num_boost_round": 9.0}, "datetime": {"datetime": "2024-01-19 00:42:02", "elapsed": 1829.741672, "delta": 0.002355}}
{"target": -13.940532191187671, "params": {"gamma": 146.34302363450934, "log10_alpha": -4.8254422818542935, "log10_colsample_bytree": -0.28196456369964606, "log10_eta": -0.6892637843507949, "log10_lambda": -1.8193269373640213, "log10_min_child_weight": 2.21499047680588, "log10_subsample": -0.5493243013710325, "max_depth": 9.0, "num_boost_round": 10.0}, "datetime": {"datetime": "2024-01-19 00:42:02", "elapsed": 1829.744059, "delta": 0.002387}}
{"target": -13.94924820855206, "params": {"gamma": 146.34302363450934, "log10_alpha": -4.8254422818542935, "log10_colsample_bytree": -0.28196456369964606, "log10_eta": -0.6892637843507949, "log10_lambda": -1.8193269373640213, "log10_min_child_weight": 2.21499047680588, "log10_subsample": -0.5493243013710325, "max_depth": 9.0, "num_boost_round": 11.0}, "datetime": {"datetime": "2024-01-19 00:42:02", "elapsed": 1829.746877, "delta": 0.002818}}
{"target": -13.957718672580402, "params": {"gamma": 146.34302363450934, "log10_alpha": -4.8254422818542935, "log10_colsample_bytree": -0.28196456369964606, "log10_eta": -0.6892637843507949, "log10_lambda": -1.8193269373640213, "log10_min_child_weight": 2.21499047680588, "log10_subsample": -0.5493243013710325, "max_depth": 9.0, "num_boost_round": 12.0}, "datetime": {"datetime": "2024-01-19 00:42:02", "elapsed": 1829.749131, "delta": 0.002254}}
{"target": -14.02472625263507, "params": {"gamma": 146.34302363450934, "log10_alpha": -4.8254422818542935, "log10_colsample_bytree": -0.28196456369964606, "log10_eta": -0.6892637843507949, "log10_lambda": -1.8193269373640213, "log10_min_child_weight": 2.21499047680588, "log10_subsample": -0.5493243013710325, "max_depth": 9.0, "num_boost_round": 13.0}, "datetime": {"datetime": "2024-01-19 00:42:02", "elapsed": 1829.751388, "delta": 0.002257}}
{"target": -14.046148540579452, "params": {"gamma": 146.34302363450934, "log10_alpha": -4.8254422818542935, "log10_colsample_bytree": -0.28196456369964606, "log10_eta": -0.6892637843507949, "log10_lambda": -1.8193269373640213, "log10_min_child_weight": 2.21499047680588, "log10_subsample": -0.5493243013710325, "max_depth": 9.0, "num_boost_round": 14.0}, "datetime": {"datetime": "2024-01-19 00:42:02", "elapsed": 1829.753541, "delta": 0.002153}}
{"target": -14.060985085481171, "params": {"gamma": 146.34302363450934, "log10_alpha": -4.8254422818542935, "log10_colsample_bytree": -0.28196456369964606, "log10_eta": -0.6892637843507949, "log10_lambda": -1.8193269373640213, "log10_min_child_weight": 2.21499047680588, "log10_subsample": -0.5493243013710325, "max_depth": 9.0, "num_boost_round": 15.0}, "datetime": {"datetime": "2024-01-19 00:42:02", "elapsed": 1829.755662, "delta": 0.002121}}
{"target": -14.071264972685208, "params": {"gamma": 146.34302363450934, "log10_alpha": -4.8254422818542935, "log10_colsample_bytree": -0.28196456369964606, "log10_eta": -0.6892637843507949, "log10_lambda": -1.8193269373640213, "log10_min_child_weight": 2.21499047680588, "log10_subsample": -0.5493243013710325, "max_depth": 9.0, "num_boost_round": 16.0}, "datetime": {"datetime": "2024-01-19 00:42:02", "elapsed": 1829.757775, "delta": 0.002113}}
{"target": -14.106376933269672, "params": {"gamma": 146.34302363450934, "log10_alpha": -4.8254422818542935, "log10_colsample_bytree": -0.28196456369964606, "log10_eta": -0.6892637843507949, "log10_lambda": -1.8193269373640213, "log10_min_child_weight": 2.21499047680588, "log10_subsample": -0.5493243013710325, "max_depth": 9.0, "num_boost_round": 17.0}, "datetime": {"datetime": "2024-01-19 00:42:02", "elapsed": 1829.759959, "delta": 0.002184}}
{"target": -13.758483083487452, "params": {"gamma": 139.04095696719577, "log10_alpha": -3.440317322477963, "log10_colsample_bytree": -0.8864329626907297, "log10_eta": -2.549388272365508, "log10_lambda": 0.43932429411242513, "log10_min_child_weight": 0.7052219696163287, "log10_subsample": -0.2965002941755711, "max_depth": 2.0, "num_boost_round": 0.0}, "datetime": {"datetime": "2024-01-19 00:42:25", "elapsed": 1853.168197, "delta": 23.408238}}
{"target": -13.758451569643963, "params": {"gamma": 139.04095696719577, "log10_alpha": -3.440317322477963, "log10_colsample_bytree": -0.8864329626907297, "log10_eta": -2.549388272365508, "log10_lambda": 0.43932429411242513, "log10_min_child_weight": 0.7052219696163287, "log10_subsample": -0.2965002941755711, "max_depth": 2.0, "num_boost_round": 1.0}, "datetime": {"datetime": "2024-01-19 00:42:25", "elapsed": 1853.171128, "delta": 0.002931}}
{"target": -13.758427478005874, "params": {"gamma": 139.04095696719577, "log10_alpha": -3.440317322477963, "log10_colsample_bytree": -0.8864329626907297, "log10_eta": -2.549388272365508, "log10_lambda": 0.43932429411242513, "log10_min_child_weight": 0.7052219696163287, "log10_subsample": -0.2965002941755711, "max_depth": 2.0, "num_boost_round": 2.0}, "datetime": {"datetime": "2024-01-19 00:42:25", "elapsed": 1853.174321, "delta": 0.003193}}
{"target": -13.75844926939708, "params": {"gamma": 139.04095696719577, "log10_alpha": -3.440317322477963, "log10_colsample_bytree": -0.8864329626907297, "log10_eta": -2.549388272365508, "log10_lambda": 0.43932429411242513, "log10_min_child_weight": 0.7052219696163287, "log10_subsample": -0.2965002941755711, "max_depth": 2.0, "num_boost_round": 3.0}, "datetime": {"datetime": "2024-01-19 00:42:25", "elapsed": 1853.176885, "delta": 0.002564}}
{"target": -13.758438342000709, "params": {"gamma": 139.04095696719577, "log10_alpha": -3.440317322477963, "log10_colsample_bytree": -0.8864329626907297, "log10_eta": -2.549388272365508, "log10_lambda": 0.43932429411242513, "log10_min_child_weight": 0.7052219696163287, "log10_subsample": -0.2965002941755711, "max_depth": 2.0, "num_boost_round": 4.0}, "datetime": {"datetime": "2024-01-19 00:42:25", "elapsed": 1853.178989, "delta": 0.002104}}
{"target": -13.758411656939174, "params": {"gamma": 139.04095696719577, "log10_alpha": -3.440317322477963, "log10_colsample_bytree": -0.8864329626907297, "log10_eta": -2.549388272365508, "log10_lambda": 0.43932429411242513, "log10_min_child_weight": 0.7052219696163287, "log10_subsample": -0.2965002941755711, "max_depth": 2.0, "num_boost_round": 5.0}, "datetime": {"datetime": "2024-01-19 00:42:25", "elapsed": 1853.18117, "delta": 0.002181}}
{"target": -13.758416883867675, "params": {"gamma": 139.04095696719577, "log10_alpha": -3.440317322477963, "log10_colsample_bytree": -0.8864329626907297, "log10_eta": -2.549388272365508, "log10_lambda": 0.43932429411242513, "log10_min_child_weight": 0.7052219696163287, "log10_subsample": -0.2965002941755711, "max_depth": 2.0, "num_boost_round": 6.0}, "datetime": {"datetime": "2024-01-19 00:42:25", "elapsed": 1853.183273, "delta": 0.002103}}
{"target": -13.758386423738227, "params": {"gamma": 139.04095696719577, "log10_alpha": -3.440317322477963, "log10_colsample_bytree": -0.8864329626907297, "log10_eta": -2.549388272365508, "log10_lambda": 0.43932429411242513, "log10_min_child_weight": 0.7052219696163287, "log10_subsample": -0.2965002941755711, "max_depth": 2.0, "num_boost_round": 7.0}, "datetime": {"datetime": "2024-01-19 00:42:25", "elapsed": 1853.185341, "delta": 0.002068}}
{"target": -13.758411888769988, "params": {"gamma": 139.04095696719577, "log10_alpha": -3.440317322477963, "log10_colsample_bytree": -0.8864329626907297, "log10_eta": -2.549388272365508, "log10_lambda": 0.43932429411242513, "log10_min_child_weight": 0.7052219696163287, "log10_subsample": -0.2965002941755711, "max_depth": 2.0, "num_boost_round": 8.0}, "datetime": {"datetime": "2024-01-19 00:42:25", "elapsed": 1853.187422, "delta": 0.002081}}
{"target": -13.758387443821503, "params": {"gamma": 139.04095696719577, "log10_alpha": -3.440317322477963, "log10_colsample_bytree": -0.8864329626907297, "log10_eta": -2.549388272365508, "log10_lambda": 0.43932429411242513, "log10_min_child_weight": 0.7052219696163287, "log10_subsample": -0.2965002941755711, "max_depth": 2.0, "num_boost_round": 9.0}, "datetime": {"datetime": "2024-01-19 00:42:25", "elapsed": 1853.189465, "delta": 0.002043}}
