{"target": -17.905495157283443, "params": {"gamma": 415.0096068709237, "log10_alpha": -0.893812306341883, "log10_colsample_bytree": -0.8824146675758633, "log10_eta": -0.6058806962068357, "log10_lambda": -2.405898268677657, "log10_min_child_weight": 3.9245327989313066, "log10_subsample": -0.20318787940511907, "max_depth": 4.0, "num_boost_round": 75.0}, "datetime": {"datetime": "2024-01-19 00:13:09", "elapsed": 79.492136, "delta": 0.001025}}
{"target": -17.908564925815824, "params": {"gamma": 415.0096068709237, "log10_alpha": -0.893812306341883, "log10_colsample_bytree": -0.8824146675758633, "log10_eta": -0.6058806962068357, "log10_lambda": -2.405898268677657, "log10_min_child_weight": 3.9245327989313066, "log10_subsample": -0.20318787940511907, "max_depth": 4.0, "num_boost_round": 76.0}, "datetime": {"datetime": "2024-01-19 00:13:09", "elapsed": 79.492776, "delta": 0.00064}}
{"target": -17.913383870067367, "params": {"gamma": 415.0096068709237, "log10_alpha": -0.893812306341883, "log10_colsample_bytree": -0.8824146675758633, "log10_eta": -0.6058806962068357, "log10_lambda": -2.405898268677657, "log10_min_child_weight": 3.9245327989313066, "log10_subsample": -0.20318787940511907, "max_depth": 4.0, "num_boost_round": 77.0}, "datetime": {"datetime": "2024-01-19 00:13:09", "elapsed": 79.493408, "delta": 0.000632}}
{"target": -17.914687321928607, "params": {"gamma": 415.0096068709237, "log10_alpha": -0.893812306341883, "log10_colsample_bytree": -0.8824146675758633, "log10_eta": -0.6058806962068357, "log10_lambda": -2.405898268677657, "log10_min_child_weight": 3.9245327989313066, "log10_subsample": -0.20318787940511907, "max_depth": 4.0, "num_boost_round": 78.0}, "datetime": {"datetime": "2024-01-19 00:13:09", "elapsed": 79.493925, "delta": 0.000517}}
{"target": -17.916864558833648, "params": {"gamma": 415.0096068709237, "log10_alpha": -0.893812306341883, "log10_colsample_bytree": -0.8824146675758633, "log10_eta": -0.6058806962068357, "log10_lambda": -2.405898268677657, "log10_min_child_weight": 3.9245327989313066, "log10_subsample": -0.20318787940511907, "max_depth": 4.0, "num_boost_round": 79.0}, "datetime": {"datetime": "2024-01-19 00:13:09", "elapsed": 79.494493, "delta": 0.000568}}
{"target": -17.67718905885114, "params": {"gamma": 426.3538465889878, "log10_alpha": -0.09457660787674183, "log10_colsample_bytree": -0.8146804262131527, "log10_eta": -2.8122006874559804, "log10_lambda": -4.534501305521379, "log10_min_child_weight": 0.7150455812359457, "log10_subsample": -0.8368235032279265, "max_depth": 4.0, "num_boost_round": 0.0}, "datetime": {"datetime": "2024-01-19 00:13:34", "elapsed": 104.649845, "delta": 25.155352}}
{"target": -17.677139106740054, "params": {"gamma": 426.3538465889878, "log10_alpha": -0.09457660787674183, "log10_colsample_bytree": -0.8146804262131527, "log10_eta": -2.8122006874559804, "log10_lambda": -4.534501305521379, "log10_min_child_weight": 0.7150455812359457, "log10_subsample": -0.8368235032279265, "max_depth": 4.0, "num_boost_round": 1.0}, "datetime": {"datetime": "2024-01-19 00:13:34", "elapsed": 104.650552, "delta": 0.000707}}
{"target": -17.677063154531137, "params": {"gamma": 426.3538465889878, "log10_alpha": -0.09457660787674183, "log10_colsample_bytree": -0.8146804262131527, "log10_eta": -2.8122006874559804, "log10_lambda": -4.534501305521379, "log10_min_child_weight": 0.7150455812359457, "log10_subsample": -0.8368235032279265, "max_depth": 4.0, "num_boost_round": 2.0}, "datetime": {"datetime": "2024-01-19 00:13:34", "elapsed": 104.651183, "delta": 0.000631}}
{"target": -17.677093088129833, "params": {"gamma": 426.3538465889878, "log10_alpha": -0.09457660787674183, "log10_colsample_bytree": -0.8146804262131527, "log10_eta": -2.8122006874559804, "log10_lambda": -4.534501305521379, "log10_min_child_weight": 0.7150455812359457, "log10_subsample": -0.8368235032279265, "max_depth": 4.0, "num_boost_round": 3.0}, "datetime": {"datetime": "2024-01-19 00:13:34", "elapsed": 104.652399, "delta": 0.001216}}
{"target": -17.67705547765569, "params": {"gamma": 426.3538465889878, "log10_alpha": -0.09457660787674183, "log10_colsample_bytree": -0.8146804262131527, "log10_eta": -2.8122006874559804, "log10_lambda": -4.534501305521379, "log10_min_child_weight": 0.7150455812359457, "log10_subsample": -0.8368235032279265, "max_depth": 4.0, "num_boost_round": 4.0}, "datetime": {"datetime": "2024-01-19 00:13:34", "elapsed": 104.652933, "delta": 0.000534}}
{"target": -17.677021731490598, "params": {"gamma": 426.3538465889878, "log10_alpha": -0.09457660787674183, "log10_colsample_bytree": -0.8146804262131527, "log10_eta": -2.8122006874559804, "log10_lambda": -4.534501305521379, "log10_min_child_weight": 0.7150455812359457, "log10_subsample": -0.8368235032279265, "max_depth": 4.0, "num_boost_round": 5.0}, "datetime": {"datetime": "2024-01-19 00:13:34", "elapsed": 104.653463, "delta": 0.00053}}
{"target": -17.677017937298434, "params": {"gamma": 426.3538465889878, "log10_alpha": -0.09457660787674183, "log10_colsample_bytree": -0.8146804262131527, "log10_eta": -2.8122006874559804, "log10_lambda": -4.534501305521379, "log10_min_child_weight": 0.7150455812359457, "log10_subsample": -0.8368235032279265, "max_depth": 4.0, "num_boost_round": 6.0}, "datetime": {"datetime": "2024-01-19 00:13:34", "elapsed": 104.653986, "delta": 0.000523}}
{"target": -17.676930020107445, "params": {"gamma": 426.3538465889878, "log10_alpha": -0.09457660787674183, "log10_colsample_bytree": -0.8146804262131527, "log10_eta": -2.8122006874559804, "log10_lambda": -4.534501305521379, "log10_min_child_weight": 0.7150455812359457, "log10_subsample": -0.8368235032279265, "max_depth": 4.0, "num_boost_round": 7.0}, "datetime": {"datetime": "2024-01-19 00:13:34", "elapsed": 104.654616, "delta": 0.00063}}
{"target": -17.676904976040404, "params": {"gamma": 426.3538465889878, "log10_alpha": -0.09457660787674183, "log10_colsample_bytree": -0.8146804262131527, "log10_eta": -2.8122006874559804, "log10_lambda": -4.534501305521379, "log10_min_child_weight": 0.7150455812359457, "log10_subsample": -0.8368235032279265, "max_depth": 4.0, "num_boost_round": 8.0}, "datetime": {"datetime": "2024-01-19 00:13:34", "elapsed": 104.65514, "delta": 0.000524}}
{"target": -17.676866613480403, "params": {"gamma": 426.3538465889878, "log10_alpha": -0.09457660787674183, "log10_colsample_bytree": -0.8146804262131527, "log10_eta": -2.8122006874559804, "log10_lambda": -4.534501305521379, "log10_min_child_weight": 0.7150455812359457, "log10_subsample": -0.8368235032279265, "max_depth": 4.0, "num_boost_round": 9.0}, "datetime": {"datetime": "2024-01-19 00:13:34", "elapsed": 104.655673, "delta": 0.000533}}
{"target": -17.67681445953033, "params": {"gamma": 426.3538465889878, "log10_alpha": -0.09457660787674183, "log10_colsample_bytree": -0.8146804262131527, "log10_eta": -2.8122006874559804, "log10_lambda": -4.534501305521379, "log10_min_child_weight": 0.7150455812359457, "log10_subsample": -0.8368235032279265, "max_depth": 4.0, "num_boost_round": 10.0}, "datetime": {"datetime": "2024-01-19 00:13:34", "elapsed": 104.656204, "delta": 0.000531}}
{"target": -17.676763209038082, "params": {"gamma": 426.3538465889878, "log10_alpha": -0.09457660787674183, "log10_colsample_bytree": -0.8146804262131527, "log10_eta": -2.8122006874559804, "log10_lambda": -4.534501305521379, "log10_min_child_weight": 0.7150455812359457, "log10_subsample": -0.8368235032279265, "max_depth": 4.0, "num_boost_round": 11.0}, "datetime": {"datetime": "2024-01-19 00:13:34", "elapsed": 104.65674, "delta": 0.000536}}
{"target": -17.67671062363631, "params": {"gamma": 426.3538465889878, "log10_alpha": -0.09457660787674183, "log10_colsample_bytree": -0.8146804262131527, "log10_eta": -2.8122006874559804, "log10_lambda": -4.534501305521379, "log10_min_child_weight": 0.7150455812359457, "log10_subsample": -0.8368235032279265, "max_depth": 4.0, "num_boost_round": 12.0}, "datetime": {"datetime": "2024-01-19 00:13:34", "elapsed": 104.657269, "delta": 0.000529}}
{"target": -17.67663252793658, "params": {"gamma": 426.3538465889878, "log10_alpha": -0.09457660787674183, "log10_colsample_bytree": -0.8146804262131527, "log10_eta": -2.8122006874559804, "log10_lambda": -4.534501305521379, "log10_min_child_weight": 0.7150455812359457, "log10_subsample": -0.8368235032279265, "max_depth": 4.0, "num_boost_round": 13.0}, "datetime": {"datetime": "2024-01-19 00:13:34", "elapsed": 104.657801, "delta": 0.000532}}
{"target": -17.676606087501376, "params": {"gamma": 426.3538465889878, "log10_alpha": -0.09457660787674183, "log10_colsample_bytree": -0.8146804262131527, "log10_eta": -2.8122006874559804, "log10_lambda": -4.534501305521379, "log10_min_child_weight": 0.7150455812359457, "log10_subsample": -0.8368235032279265, "max_depth": 4.0, "num_boost_round": 14.0}, "datetime": {"datetime": "2024-01-19 00:13:34", "elapsed": 104.658335, "delta": 0.000534}}
{"target": -17.676543611270215, "params": {"gamma": 426.3538465889878, "log10_alpha": -0.09457660787674183, "log10_colsample_bytree": -0.8146804262131527, "log10_eta": -2.8122006874559804, "log10_lambda": -4.534501305521379, "log10_min_child_weight": 0.7150455812359457, "log10_subsample": -0.8368235032279265, "max_depth": 4.0, "num_boost_round": 15.0}, "datetime": {"datetime": "2024-01-19 00:13:34", "elapsed": 104.658876, "delta": 0.000541}}
{"target": -17.67652786181665, "params": {"gamma": 426.3538465889878, "log10_alpha": -0.09457660787674183, "log10_colsample_bytree": -0.8146804262131527, "log10_eta": -2.8122006874559804, "log10_lambda": -4.534501305521379, "log10_min_child_weight": 0.7150455812359457, "log10_subsample": -0.8368235032279265, "max_depth": 4.0, "num_boost_round": 16.0}, "datetime": {"datetime": "2024-01-19 00:13:34", "elapsed": 104.659415, "delta": 0.000539}}
{"target": -17.676473562303148, "params": {"gamma": 426.3538465889878, "log10_alpha": -0.09457660787674183, "log10_colsample_bytree": -0.8146804262131527, "log10_eta": -2.8122006874559804, "log10_lambda": -4.534501305521379, "log10_min_child_weight": 0.7150455812359457, "log10_subsample": -0.8368235032279265, "max_depth": 4.0, "num_boost_round": 17.0}, "datetime": {"datetime": "2024-01-19 00:13:34", "elapsed": 104.659985, "delta": 0.00057}}
{"target": -17.676439572542694, "params": {"gamma": 426.3538465889878, "log10_alpha": -0.09457660787674183, "log10_colsample_bytree": -0.8146804262131527, "log10_eta": -2.8122006874559804, "log10_lambda": -4.534501305521379, "log10_min_child_weight": 0.7150455812359457, "log10_subsample": -0.8368235032279265, "max_depth": 4.0, "num_boost_round": 18.0}, "datetime": {"datetime": "2024-01-19 00:13:34", "elapsed": 104.660532, "delta": 0.000547}}
{"target": -17.676406067949543, "params": {"gamma": 426.3538465889878, "log10_alpha": -0.09457660787674183, "log10_colsample_bytree": -0.8146804262131527, "log10_eta": -2.8122006874559804, "log10_lambda": -4.534501305521379, "log10_min_child_weight": 0.7150455812359457, "log10_subsample": -0.8368235032279265, "max_depth": 4.0, "num_boost_round": 19.0}, "datetime": {"datetime": "2024-01-19 00:13:34", "elapsed": 104.661187, "delta": 0.000655}}
{"target": -17.676352473360772, "params": {"gamma": 426.3538465889878, "log10_alpha": -0.09457660787674183, "log10_colsample_bytree": -0.8146804262131527, "log10_eta": -2.8122006874559804, "log10_lambda": -4.534501305521379, "log10_min_child_weight": 0.7150455812359457, "log10_subsample": -0.8368235032279265, "max_depth": 4.0, "num_boost_round": 20.0}, "datetime": {"datetime": "2024-01-19 00:13:34", "elapsed": 104.661733, "delta": 0.000546}}
{"target": -17.676284450086357, "params": {"gamma": 426.3538465889878, "log10_alpha": -0.09457660787674183, "log10_colsample_bytree": -0.8146804262131527, "log10_eta": -2.8122006874559804, "log10_lambda": -4.534501305521379, "log10_min_child_weight": 0.7150455812359457, "log10_subsample": -0.8368235032279265, "max_depth": 4.0, "num_boost_round": 21.0}, "datetime": {"datetime": "2024-01-19 00:13:34", "elapsed": 104.66232, "delta": 0.000587}}
{"target": -17.676214417922882, "params": {"gamma": 426.3538465889878, "log10_alpha": -0.09457660787674183, "log10_colsample_bytree": -0.8146804262131527, "log10_eta": -2.8122006874559804, "log10_lambda": -4.534501305521379, "log10_min_child_weight": 0.7150455812359457, "log10_subsample": -0.8368235032279265, "max_depth": 4.0, "num_boost_round": 22.0}, "datetime": {"datetime": "2024-01-19 00:13:34", "elapsed": 104.662874, "delta": 0.000554}}
{"target": -17.676128378732212, "params": {"gamma": 426.3538465889878, "log10_alpha": -0.09457660787674183, "log10_colsample_bytree": -0.8146804262131527, "log10_eta": -2.8122006874559804, "log10_lambda": -4.534501305521379, "log10_min_child_weight": 0.7150455812359457, "log10_subsample": -0.8368235032279265, "max_depth": 4.0, "num_boost_round": 23.0}, "datetime": {"datetime": "2024-01-19 00:13:34", "elapsed": 104.663423, "delta": 0.000549}}
{"target": -17.676097623711428, "params": {"gamma": 426.3538465889878, "log10_alpha": -0.09457660787674183, "log10_colsample_bytree": -0.8146804262131527, "log10_eta": -2.8122006874559804, "log10_lambda": -4.534501305521379, "log10_min_child_weight": 0.7150455812359457, "log10_subsample": -0.8368235032279265, "max_depth": 4.0, "num_boost_round": 24.0}, "datetime": {"datetime": "2024-01-19 00:13:34", "elapsed": 104.66397, "delta": 0.000547}}
{"target": -17.676025998550617, "params": {"gamma": 426.3538465889878, "log10_alpha": -0.09457660787674183, "log10_colsample_bytree": -0.8146804262131527, "log10_eta": -2.8122006874559804, "log10_lambda": -4.534501305521379, "log10_min_child_weight": 0.7150455812359457, "log10_subsample": -0.8368235032279265, "max_depth": 4.0, "num_boost_round": 25.0}, "datetime": {"datetime": "2024-01-19 00:13:34", "elapsed": 104.664521, "delta": 0.000551}}
{"target": -17.67601629995497, "params": {"gamma": 426.3538465889878, "log10_alpha": -0.09457660787674183, "log10_colsample_bytree": -0.8146804262131527, "log10_eta": -2.8122006874559804, "log10_lambda": -4.534501305521379, "log10_min_child_weight": 0.7150455812359457, "log10_subsample": -0.8368235032279265, "max_depth": 4.0, "num_boost_round": 26.0}, "datetime": {"datetime": "2024-01-19 00:13:34", "elapsed": 104.665068, "delta": 0.000547}}
{"target": -17.675942675756183, "params": {"gamma": 426.3538465889878, "log10_alpha": -0.09457660787674183, "log10_colsample_bytree": -0.8146804262131527, "log10_eta": -2.8122006874559804, "log10_lambda": -4.534501305521379, "log10_min_child_weight": 0.7150455812359457, "log10_subsample": -0.8368235032279265, "max_depth": 4.0, "num_boost_round": 27.0}, "datetime": {"datetime": "2024-01-19 00:13:34", "elapsed": 104.665619, "delta": 0.000551}}
{"target": -17.67584657203416, "params": {"gamma": 426.3538465889878, "log10_alpha": -0.09457660787674183, "log10_colsample_bytree": -0.8146804262131527, "log10_eta": -2.8122006874559804, "log10_lambda": -4.534501305521379, "log10_min_child_weight": 0.7150455812359457, "log10_subsample": -0.8368235032279265, "max_depth": 4.0, "num_boost_round": 28.0}, "datetime": {"datetime": "2024-01-19 00:13:34", "elapsed": 104.66617, "delta": 0.000551}}
{"target": -17.67579428168398, "params": {"gamma": 426.3538465889878, "log10_alpha": -0.09457660787674183, "log10_colsample_bytree": -0.8146804262131527, "log10_eta": -2.8122006874559804, "log10_lambda": -4.534501305521379, "log10_min_child_weight": 0.7150455812359457, "log10_subsample": -0.8368235032279265, "max_depth": 4.0, "num_boost_round": 29.0}, "datetime": {"datetime": "2024-01-19 00:13:34", "elapsed": 104.66673, "delta": 0.00056}}
{"target": -17.675797182030927, "params": {"gamma": 426.3538465889878, "log10_alpha": -0.09457660787674183, "log10_colsample_bytree": -0.8146804262131527, "log10_eta": -2.8122006874559804, "log10_lambda": -4.534501305521379, "log10_min_child_weight": 0.7150455812359457, "log10_subsample": -0.8368235032279265, "max_depth": 4.0, "num_boost_round": 30.0}, "datetime": {"datetime": "2024-01-19 00:13:34", "elapsed": 104.667288, "delta": 0.000558}}
{"target": -17.675781832755813, "params": {"gamma": 426.3538465889878, "log10_alpha": -0.09457660787674183, "log10_colsample_bytree": -0.8146804262131527, "log10_eta": -2.8122006874559804, "log10_lambda": -4.534501305521379, "log10_min_child_weight": 0.7150455812359457, "log10_subsample": -0.8368235032279265, "max_depth": 4.0, "num_boost_round": 31.0}, "datetime": {"datetime": "2024-01-19 00:13:34", "elapsed": 104.667864, "delta": 0.000576}}
{"target": -17.675643842938108, "params": {"gamma": 426.3538465889878, "log10_alpha": -0.09457660787674183, "log10_colsample_bytree": -0.8146804262131527, "log10_eta": -2.8122006874559804, "log10_lambda": -4.534501305521379, "log10_min_child_weight": 0.7150455812359457, "log10_subsample": -0.8368235032279265, "max_depth": 4.0, "num_boost_round": 32.0}, "datetime": {"datetime": "2024-01-19 00:13:34", "elapsed": 104.668427, "delta": 0.000563}}
{"target": -17.67560623886218, "params": {"gamma": 426.3538465889878, "log10_alpha": -0.09457660787674183, "log10_colsample_bytree": -0.8146804262131527, "log10_eta": -2.8122006874559804, "log10_lambda": -4.534501305521379, "log10_min_child_weight": 0.7150455812359457, "log10_subsample": -0.8368235032279265, "max_depth": 4.0, "num_boost_round": 33.0}, "datetime": {"datetime": "2024-01-19 00:13:34", "elapsed": 104.668984, "delta": 0.000557}}
{"target": -17.67552706185291, "params": {"gamma": 426.3538465889878, "log10_alpha": -0.09457660787674183, "log10_colsample_bytree": -0.8146804262131527, "log10_eta": -2.8122006874559804, "log10_lambda": -4.534501305521379, "log10_min_child_weight": 0.7150455812359457, "log10_subsample": -0.8368235032279265, "max_depth": 4.0, "num_boost_round": 34.0}, "datetime": {"datetime": "2024-01-19 00:13:34", "elapsed": 104.669548, "delta": 0.000564}}
{"target": -17.675547141160628, "params": {"gamma": 426.3538465889878, "log10_alpha": -0.09457660787674183, "log10_colsample_bytree": -0.8146804262131527, "log10_eta": -2.8122006874559804, "log10_lambda": -4.534501305521379, "log10_min_child_weight": 0.7150455812359457, "log10_subsample": -0.8368235032279265, "max_depth": 4.0, "num_boost_round": 35.0}, "datetime": {"datetime": "2024-01-19 00:13:34", "elapsed": 104.670115, "delta": 0.000567}}
{"target": -17.675507528555382, "params": {"gamma": 426.3538465889878, "log10_alpha": -0.09457660787674183, "log10_colsample_bytree": -0.8146804262131527, "log10_eta": -2.8122006874559804, "log10_lambda": -4.534501305521379, "log10_min_child_weight": 0.7150455812359457, "log10_subsample": -0.8368235032279265, "max_depth": 4.0, "num_boost_round": 36.0}, "datetime": {"datetime": "2024-01-19 00:13:34", "elapsed": 104.670729, "delta": 0.000614}}
{"target": -17.677226307903055, "params": {"gamma": 422.93692162157083, "log10_alpha": -2.166970820703612, "log10_colsample_bytree": -0.6744084237402816, "log10_eta": -3.898340498697041, "log10_lambda": -4.903287288849922, "log10_min_child_weight": 0.918278959105841, "log10_subsample": -0.39856014490163827, "max_depth": 3.0, "num_boost_round": 0.0}, "datetime": {"datetime": "2024-01-19 00:14:02", "elapsed": 132.006818, "delta": 27.336089}}
{"target": -17.67722406851804, "params": {"gamma": 422.93692162157083, "log10_alpha": -2.166970820703612, "log10_colsample_bytree": -0.6744084237402816, "log10_eta": -3.898340498697041, "log10_lambda": -4.903287288849922, "log10_min_child_weight": 0.918278959105841, "log10_subsample": -0.39856014490163827, "max_depth": 3.0, "num_boost_round": 1.0}, "datetime": {"datetime": "2024-01-19 00:14:02", "elapsed": 132.007573, "delta": 0.000755}}
{"target": -17.677219358498185, "params": {"gamma": 422.93692162157083, "log10_alpha": -2.166970820703612, "log10_colsample_bytree": -0.6744084237402816, "log10_eta": -3.898340498697041, "log10_lambda": -4.903287288849922, "log10_min_child_weight": 0.918278959105841, "log10_subsample": -0.39856014490163827, "max_depth": 3.0, "num_boost_round": 2.0}, "datetime": {"datetime": "2024-01-19 00:14:02", "elapsed": 132.008137, "delta": 0.000564}}
{"target": -17.677216555346646, "params": {"gamma": 422.93692162157083, "log10_alpha": -2.166970820703612, "log10_colsample_bytree": -0.6744084237402816, "log10_eta": -3.898340498697041, "log10_lambda": -4.903287288849922, "log10_min_child_weight": 0.918278959105841, "log10_subsample": -0.39856014490163827, "max_depth": 3.0, "num_boost_round": 3.0}, "datetime": {"datetime": "2024-01-19 00:14:02", "elapsed": 132.009048, "delta": 0.000911}}
{"target": -17.677216233775674, "params": {"gamma": 422.93692162157083, "log10_alpha": -2.166970820703612, "log10_colsample_bytree": -0.6744084237402816, "log10_eta": -3.898340498697041, "log10_lambda": -4.903287288849922, "log10_min_child_weight": 0.918278959105841, "log10_subsample": -0.39856014490163827, "max_depth": 3.0, "num_boost_round": 4.0}, "datetime": {"datetime": "2024-01-19 00:14:02", "elapsed": 132.00977, "delta": 0.000722}}
{"target": -17.677210975252162, "params": {"gamma": 422.93692162157083, "log10_alpha": -2.166970820703612, "log10_colsample_bytree": -0.6744084237402816, "log10_eta": -3.898340498697041, "log10_lambda": -4.903287288849922, "log10_min_child_weight": 0.918278959105841, "log10_subsample": -0.39856014490163827, "max_depth": 3.0, "num_boost_round": 5.0}, "datetime": {"datetime": "2024-01-19 00:14:02", "elapsed": 132.010543, "delta": 0.000773}}
{"target": -17.677205183998776, "params": {"gamma": 422.93692162157083, "log10_alpha": -2.166970820703612, "log10_colsample_bytree": -0.6744084237402816, "log10_eta": -3.898340498697041, "log10_lambda": -4.903287288849922, "log10_min_child_weight": 0.918278959105841, "log10_subsample": -0.39856014490163827, "max_depth": 3.0, "num_boost_round": 6.0}, "datetime": {"datetime": "2024-01-19 00:14:02", "elapsed": 132.011137, "delta": 0.000594}}
