{"target": -13.75823656879332, "params": {"gamma": 881.5954442751415, "log10_alpha": 0.7684131359184132, "log10_colsample_bytree": -0.2326694021397625, "log10_eta": -3.1856173748223253, "log10_lambda": 0.786333411358342, "log10_min_child_weight": 0.47149983428367015, "log10_subsample": -0.9607409898970414, "max_depth": 7.0, "num_boost_round": 18.0}, "datetime": {"datetime": "2024-01-19 00:35:39", "elapsed": 1443.55699, "delta": 0.002245}}
{"target": -13.758198563340619, "params": {"gamma": 881.5954442751415, "log10_alpha": 0.7684131359184132, "log10_colsample_bytree": -0.2326694021397625, "log10_eta": -3.1856173748223253, "log10_lambda": 0.786333411358342, "log10_min_child_weight": 0.47149983428367015, "log10_subsample": -0.9607409898970414, "max_depth": 7.0, "num_boost_round": 19.0}, "datetime": {"datetime": "2024-01-19 00:35:39", "elapsed": 1443.55922, "delta": 0.00223}}
{"target": -13.758172970515192, "params": {"gamma": 881.5954442751415, "log10_alpha": 0.7684131359184132, "log10_colsample_bytree": -0.2326694021397625, "log10_eta": -3.1856173748223253, "log10_lambda": 0.786333411358342, "log10_min_child_weight": 0.47149983428367015, "log10_subsample": -0.9607409898970414, "max_depth": 7.0, "num_boost_round": 20.0}, "datetime": {"datetime": "2024-01-19 00:35:39", "elapsed": 1443.561461, "delta": 0.002241}}
{"target": -13.758205214282032, "params": {"gamma": 881.5954442751415, "log10_alpha": 0.7684131359184132, "log10_colsample_bytree": -0.2326694021397625, "log10_eta": -3.1856173748223253, "log10_lambda": 0.786333411358342, "log10_min_child_weight": 0.47149983428367015, "log10_subsample": -0.9607409898970414, "max_depth": 7.0, "num_boost_round": 21.0}, "datetime": {"datetime": "2024-01-19 00:35:39", "elapsed": 1443.563709, "delta": 0.002248}}
{"target": -13.758171956574918, "params": {"gamma": 881.5954442751415, "log10_alpha": 0.7684131359184132, "log10_colsample_bytree": -0.2326694021397625, "log10_eta": -3.1856173748223253, "log10_lambda": 0.786333411358342, "log10_min_child_weight": 0.47149983428367015, "log10_subsample": -0.9607409898970414, "max_depth": 7.0, "num_boost_round": 22.0}, "datetime": {"datetime": "2024-01-19 00:35:39", "elapsed": 1443.565983, "delta": 0.002274}}
{"target": -13.758170017008164, "params": {"gamma": 881.5954442751415, "log10_alpha": 0.7684131359184132, "log10_colsample_bytree": -0.2326694021397625, "log10_eta": -3.1856173748223253, "log10_lambda": 0.786333411358342, "log10_min_child_weight": 0.47149983428367015, "log10_subsample": -0.9607409898970414, "max_depth": 7.0, "num_boost_round": 23.0}, "datetime": {"datetime": "2024-01-19 00:35:39", "elapsed": 1443.56822, "delta": 0.002237}}
{"target": -13.758156204944386, "params": {"gamma": 881.5954442751415, "log10_alpha": 0.7684131359184132, "log10_colsample_bytree": -0.2326694021397625, "log10_eta": -3.1856173748223253, "log10_lambda": 0.786333411358342, "log10_min_child_weight": 0.47149983428367015, "log10_subsample": -0.9607409898970414, "max_depth": 7.0, "num_boost_round": 24.0}, "datetime": {"datetime": "2024-01-19 00:35:39", "elapsed": 1443.570453, "delta": 0.002233}}
{"target": -13.758124176733922, "params": {"gamma": 881.5954442751415, "log10_alpha": 0.7684131359184132, "log10_colsample_bytree": -0.2326694021397625, "log10_eta": -3.1856173748223253, "log10_lambda": 0.786333411358342, "log10_min_child_weight": 0.47149983428367015, "log10_subsample": -0.9607409898970414, "max_depth": 7.0, "num_boost_round": 25.0}, "datetime": {"datetime": "2024-01-19 00:35:39", "elapsed": 1443.57283, "delta": 0.002377}}
{"target": -13.758128943531327, "params": {"gamma": 881.5954442751415, "log10_alpha": 0.7684131359184132, "log10_colsample_bytree": -0.2326694021397625, "log10_eta": -3.1856173748223253, "log10_lambda": 0.786333411358342, "log10_min_child_weight": 0.47149983428367015, "log10_subsample": -0.9607409898970414, "max_depth": 7.0, "num_boost_round": 26.0}, "datetime": {"datetime": "2024-01-19 00:35:39", "elapsed": 1443.575078, "delta": 0.002248}}
{"target": -13.758099064575818, "params": {"gamma": 881.5954442751415, "log10_alpha": 0.7684131359184132, "log10_colsample_bytree": -0.2326694021397625, "log10_eta": -3.1856173748223253, "log10_lambda": 0.786333411358342, "log10_min_child_weight": 0.47149983428367015, "log10_subsample": -0.9607409898970414, "max_depth": 7.0, "num_boost_round": 27.0}, "datetime": {"datetime": "2024-01-19 00:35:39", "elapsed": 1443.577325, "delta": 0.002247}}
{"target": -13.758099591117611, "params": {"gamma": 881.5954442751415, "log10_alpha": 0.7684131359184132, "log10_colsample_bytree": -0.2326694021397625, "log10_eta": -3.1856173748223253, "log10_lambda": 0.786333411358342, "log10_min_child_weight": 0.47149983428367015, "log10_subsample": -0.9607409898970414, "max_depth": 7.0, "num_boost_round": 28.0}, "datetime": {"datetime": "2024-01-19 00:35:39", "elapsed": 1443.579578, "delta": 0.002253}}
{"target": -13.758060375339458, "params": {"gamma": 881.5954442751415, "log10_alpha": 0.7684131359184132, "log10_colsample_bytree": -0.2326694021397625, "log10_eta": -3.1856173748223253, "log10_lambda": 0.786333411358342, "log10_min_child_weight": 0.47149983428367015, "log10_subsample": -0.9607409898970414, "max_depth": 7.0, "num_boost_round": 29.0}, "datetime": {"datetime": "2024-01-19 00:35:39", "elapsed": 1443.581823, "delta": 0.002245}}
{"target": -13.758041589325456, "params": {"gamma": 881.5954442751415, "log10_alpha": 0.7684131359184132, "log10_colsample_bytree": -0.2326694021397625, "log10_eta": -3.1856173748223253, "log10_lambda": 0.786333411358342, "log10_min_child_weight": 0.47149983428367015, "log10_subsample": -0.9607409898970414, "max_depth": 7.0, "num_boost_round": 30.0}, "datetime": {"datetime": "2024-01-19 00:35:39", "elapsed": 1443.584091, "delta": 0.002268}}
{"target": -13.758029680790573, "params": {"gamma": 881.5954442751415, "log10_alpha": 0.7684131359184132, "log10_colsample_bytree": -0.2326694021397625, "log10_eta": -3.1856173748223253, "log10_lambda": 0.786333411358342, "log10_min_child_weight": 0.47149983428367015, "log10_subsample": -0.9607409898970414, "max_depth": 7.0, "num_boost_round": 31.0}, "datetime": {"datetime": "2024-01-19 00:35:39", "elapsed": 1443.586319, "delta": 0.002228}}
{"target": -13.758020238063, "params": {"gamma": 881.5954442751415, "log10_alpha": 0.7684131359184132, "log10_colsample_bytree": -0.2326694021397625, "log10_eta": -3.1856173748223253, "log10_lambda": 0.786333411358342, "log10_min_child_weight": 0.47149983428367015, "log10_subsample": -0.9607409898970414, "max_depth": 7.0, "num_boost_round": 32.0}, "datetime": {"datetime": "2024-01-19 00:35:39", "elapsed": 1443.588553, "delta": 0.002234}}
{"target": -13.758018037946284, "params": {"gamma": 881.5954442751415, "log10_alpha": 0.7684131359184132, "log10_colsample_bytree": -0.2326694021397625, "log10_eta": -3.1856173748223253, "log10_lambda": 0.786333411358342, "log10_min_child_weight": 0.47149983428367015, "log10_subsample": -0.9607409898970414, "max_depth": 7.0, "num_boost_round": 33.0}, "datetime": {"datetime": "2024-01-19 00:35:39", "elapsed": 1443.590811, "delta": 0.002258}}
{"target": -13.757984516455796, "params": {"gamma": 881.5954442751415, "log10_alpha": 0.7684131359184132, "log10_colsample_bytree": -0.2326694021397625, "log10_eta": -3.1856173748223253, "log10_lambda": 0.786333411358342, "log10_min_child_weight": 0.47149983428367015, "log10_subsample": -0.9607409898970414, "max_depth": 7.0, "num_boost_round": 34.0}, "datetime": {"datetime": "2024-01-19 00:35:39", "elapsed": 1443.593213, "delta": 0.002402}}
{"target": -13.757976480076708, "params": {"gamma": 881.5954442751415, "log10_alpha": 0.7684131359184132, "log10_colsample_bytree": -0.2326694021397625, "log10_eta": -3.1856173748223253, "log10_lambda": 0.786333411358342, "log10_min_child_weight": 0.47149983428367015, "log10_subsample": -0.9607409898970414, "max_depth": 7.0, "num_boost_round": 35.0}, "datetime": {"datetime": "2024-01-19 00:35:39", "elapsed": 1443.595462, "delta": 0.002249}}
{"target": -13.757992500500043, "params": {"gamma": 881.5954442751415, "log10_alpha": 0.7684131359184132, "log10_colsample_bytree": -0.2326694021397625, "log10_eta": -3.1856173748223253, "log10_lambda": 0.786333411358342, "log10_min_child_weight": 0.47149983428367015, "log10_subsample": -0.9607409898970414, "max_depth": 7.0, "num_boost_round": 36.0}, "datetime": {"datetime": "2024-01-19 00:35:39", "elapsed": 1443.597716, "delta": 0.002254}}
{"target": -13.757981824023418, "params": {"gamma": 881.5954442751415, "log10_alpha": 0.7684131359184132, "log10_colsample_bytree": -0.2326694021397625, "log10_eta": -3.1856173748223253, "log10_lambda": 0.786333411358342, "log10_min_child_weight": 0.47149983428367015, "log10_subsample": -0.9607409898970414, "max_depth": 7.0, "num_boost_round": 37.0}, "datetime": {"datetime": "2024-01-19 00:35:39", "elapsed": 1443.599975, "delta": 0.002259}}
{"target": -13.75798047155564, "params": {"gamma": 881.5954442751415, "log10_alpha": 0.7684131359184132, "log10_colsample_bytree": -0.2326694021397625, "log10_eta": -3.1856173748223253, "log10_lambda": 0.786333411358342, "log10_min_child_weight": 0.47149983428367015, "log10_subsample": -0.9607409898970414, "max_depth": 7.0, "num_boost_round": 38.0}, "datetime": {"datetime": "2024-01-19 00:35:39", "elapsed": 1443.602201, "delta": 0.002226}}
{"target": -13.757966844920563, "params": {"gamma": 881.5954442751415, "log10_alpha": 0.7684131359184132, "log10_colsample_bytree": -0.2326694021397625, "log10_eta": -3.1856173748223253, "log10_lambda": 0.786333411358342, "log10_min_child_weight": 0.47149983428367015, "log10_subsample": -0.9607409898970414, "max_depth": 7.0, "num_boost_round": 39.0}, "datetime": {"datetime": "2024-01-19 00:35:39", "elapsed": 1443.604458, "delta": 0.002257}}
{"target": -13.757968432342546, "params": {"gamma": 881.5954442751415, "log10_alpha": 0.7684131359184132, "log10_colsample_bytree": -0.2326694021397625, "log10_eta": -3.1856173748223253, "log10_lambda": 0.786333411358342, "log10_min_child_weight": 0.47149983428367015, "log10_subsample": -0.9607409898970414, "max_depth": 7.0, "num_boost_round": 40.0}, "datetime": {"datetime": "2024-01-19 00:35:39", "elapsed": 1443.606724, "delta": 0.002266}}
{"target": -13.757959448260591, "params": {"gamma": 881.5954442751415, "log10_alpha": 0.7684131359184132, "log10_colsample_bytree": -0.2326694021397625, "log10_eta": -3.1856173748223253, "log10_lambda": 0.786333411358342, "log10_min_child_weight": 0.47149983428367015, "log10_subsample": -0.9607409898970414, "max_depth": 7.0, "num_boost_round": 41.0}, "datetime": {"datetime": "2024-01-19 00:35:39", "elapsed": 1443.608983, "delta": 0.002259}}
{"target": -13.757950135911894, "params": {"gamma": 881.5954442751415, "log10_alpha": 0.7684131359184132, "log10_colsample_bytree": -0.2326694021397625, "log10_eta": -3.1856173748223253, "log10_lambda": 0.786333411358342, "log10_min_child_weight": 0.47149983428367015, "log10_subsample": -0.9607409898970414, "max_depth": 7.0, "num_boost_round": 42.0}, "datetime": {"datetime": "2024-01-19 00:35:39", "elapsed": 1443.611298, "delta": 0.002315}}
{"target": -13.75796051932814, "params": {"gamma": 881.5954442751415, "log10_alpha": 0.7684131359184132, "log10_colsample_bytree": -0.2326694021397625, "log10_eta": -3.1856173748223253, "log10_lambda": 0.786333411358342, "log10_min_child_weight": 0.47149983428367015, "log10_subsample": -0.9607409898970414, "max_depth": 7.0, "num_boost_round": 43.0}, "datetime": {"datetime": "2024-01-19 00:35:39", "elapsed": 1443.613702, "delta": 0.002404}}
{"target": -13.757940584274072, "params": {"gamma": 881.5954442751415, "log10_alpha": 0.7684131359184132, "log10_colsample_bytree": -0.2326694021397625, "log10_eta": -3.1856173748223253, "log10_lambda": 0.786333411358342, "log10_min_child_weight": 0.47149983428367015, "log10_subsample": -0.9607409898970414, "max_depth": 7.0, "num_boost_round": 44.0}, "datetime": {"datetime": "2024-01-19 00:35:39", "elapsed": 1443.615973, "delta": 0.002271}}
{"target": -13.758538076948366, "params": {"gamma": 894.6296010698767, "log10_alpha": -2.37069085285644, "log10_colsample_bytree": -0.43188785811469754, "log10_eta": -3.9881627259872916, "log10_lambda": -0.34975327068524287, "log10_min_child_weight": 3.9265604955288973, "log10_subsample": -0.612863197695759, "max_depth": 6.0, "num_boost_round": 0.0}, "datetime": {"datetime": "2024-01-19 00:36:09", "elapsed": 1473.972315, "delta": 30.356342}}
{"target": -13.758538113843983, "params": {"gamma": 894.6296010698767, "log10_alpha": -2.37069085285644, "log10_colsample_bytree": -0.43188785811469754, "log10_eta": -3.9881627259872916, "log10_lambda": -0.34975327068524287, "log10_min_child_weight": 3.9265604955288973, "log10_subsample": -0.612863197695759, "max_depth": 6.0, "num_boost_round": 1.0}, "datetime": {"datetime": "2024-01-19 00:36:09", "elapsed": 1473.97524, "delta": 0.002925}}
{"target": -13.758538715934105, "params": {"gamma": 894.6296010698767, "log10_alpha": -2.37069085285644, "log10_colsample_bytree": -0.43188785811469754, "log10_eta": -3.9881627259872916, "log10_lambda": -0.34975327068524287, "log10_min_child_weight": 3.9265604955288973, "log10_subsample": -0.612863197695759, "max_depth": 6.0, "num_boost_round": 2.0}, "datetime": {"datetime": "2024-01-19 00:36:09", "elapsed": 1473.977615, "delta": 0.002375}}
{"target": -13.758538466827247, "params": {"gamma": 894.6296010698767, "log10_alpha": -2.37069085285644, "log10_colsample_bytree": -0.43188785811469754, "log10_eta": -3.9881627259872916, "log10_lambda": -0.34975327068524287, "log10_min_child_weight": 3.9265604955288973, "log10_subsample": -0.612863197695759, "max_depth": 6.0, "num_boost_round": 3.0}, "datetime": {"datetime": "2024-01-19 00:36:09", "elapsed": 1473.979967, "delta": 0.002352}}
{"target": -13.758539170237304, "params": {"gamma": 894.6296010698767, "log10_alpha": -2.37069085285644, "log10_colsample_bytree": -0.43188785811469754, "log10_eta": -3.9881627259872916, "log10_lambda": -0.34975327068524287, "log10_min_child_weight": 3.9265604955288973, "log10_subsample": -0.612863197695759, "max_depth": 6.0, "num_boost_round": 4.0}, "datetime": {"datetime": "2024-01-19 00:36:09", "elapsed": 1473.982239, "delta": 0.002272}}
{"target": -13.758538127737904, "params": {"gamma": 894.6296010698767, "log10_alpha": -2.37069085285644, "log10_colsample_bytree": -0.43188785811469754, "log10_eta": -3.9881627259872916, "log10_lambda": -0.34975327068524287, "log10_min_child_weight": 3.9265604955288973, "log10_subsample": -0.612863197695759, "max_depth": 6.0, "num_boost_round": 5.0}, "datetime": {"datetime": "2024-01-19 00:36:09", "elapsed": 1473.984506, "delta": 0.002267}}
{"target": -13.758538341668878, "params": {"gamma": 894.6296010698767, "log10_alpha": -2.37069085285644, "log10_colsample_bytree": -0.43188785811469754, "log10_eta": -3.9881627259872916, "log10_lambda": -0.34975327068524287, "log10_min_child_weight": 3.9265604955288973, "log10_subsample": -0.612863197695759, "max_depth": 6.0, "num_boost_round": 6.0}, "datetime": {"datetime": "2024-01-19 00:36:09", "elapsed": 1473.98675, "delta": 0.002244}}
{"target": -13.758539542986789, "params": {"gamma": 894.6296010698767, "log10_alpha": -2.37069085285644, "log10_colsample_bytree": -0.43188785811469754, "log10_eta": -3.9881627259872916, "log10_lambda": -0.34975327068524287, "log10_min_child_weight": 3.9265604955288973, "log10_subsample": -0.612863197695759, "max_depth": 6.0, "num_boost_round": 7.0}, "datetime": {"datetime": "2024-01-19 00:36:09", "elapsed": 1473.989012, "delta": 0.002262}}
{"target": -13.758539325416274, "params": {"gamma": 894.6296010698767, "log10_alpha": -2.37069085285644, "log10_colsample_bytree": -0.43188785811469754, "log10_eta": -3.9881627259872916, "log10_lambda": -0.34975327068524287, "log10_min_child_weight": 3.9265604955288973, "log10_subsample": -0.612863197695759, "max_depth": 6.0, "num_boost_round": 8.0}, "datetime": {"datetime": "2024-01-19 00:36:09", "elapsed": 1473.991367, "delta": 0.002355}}
{"target": -13.758537856228577, "params": {"gamma": 894.6296010698767, "log10_alpha": -2.37069085285644, "log10_colsample_bytree": -0.43188785811469754, "log10_eta": -3.9881627259872916, "log10_lambda": -0.34975327068524287, "log10_min_child_weight": 3.9265604955288973, "log10_subsample": -0.612863197695759, "max_depth": 6.0, "num_boost_round": 9.0}, "datetime": {"datetime": "2024-01-19 00:36:09", "elapsed": 1473.993743, "delta": 0.002376}}
{"target": -13.758537997531649, "params": {"gamma": 894.6296010698767, "log10_alpha": -2.37069085285644, "log10_colsample_bytree": -0.43188785811469754, "log10_eta": -3.9881627259872916, "log10_lambda": -0.34975327068524287, "log10_min_child_weight": 3.9265604955288973, "log10_subsample": -0.612863197695759, "max_depth": 6.0, "num_boost_round": 10.0}, "datetime": {"datetime": "2024-01-19 00:36:09", "elapsed": 1473.996045, "delta": 0.002302}}
{"target": -13.75853846729723, "params": {"gamma": 894.6296010698767, "log10_alpha": -2.37069085285644, "log10_colsample_bytree": -0.43188785811469754, "log10_eta": -3.9881627259872916, "log10_lambda": -0.34975327068524287, "log10_min_child_weight": 3.9265604955288973, "log10_subsample": -0.612863197695759, "max_depth": 6.0, "num_boost_round": 11.0}, "datetime": {"datetime": "2024-01-19 00:36:09", "elapsed": 1473.998328, "delta": 0.002283}}
{"target": -13.758538641586087, "params": {"gamma": 894.6296010698767, "log10_alpha": -2.37069085285644, "log10_colsample_bytree": -0.43188785811469754, "log10_eta": -3.9881627259872916, "log10_lambda": -0.34975327068524287, "log10_min_child_weight": 3.9265604955288973, "log10_subsample": -0.612863197695759, "max_depth": 6.0, "num_boost_round": 12.0}, "datetime": {"datetime": "2024-01-19 00:36:09", "elapsed": 1474.000604, "delta": 0.002276}}
{"target": -13.758537794139544, "params": {"gamma": 894.6296010698767, "log10_alpha": -2.37069085285644, "log10_colsample_bytree": -0.43188785811469754, "log10_eta": -3.9881627259872916, "log10_lambda": -0.34975327068524287, "log10_min_child_weight": 3.9265604955288973, "log10_subsample": -0.612863197695759, "max_depth": 6.0, "num_boost_round": 13.0}, "datetime": {"datetime": "2024-01-19 00:36:09", "elapsed": 1474.002878, "delta": 0.002274}}
{"target": -13.75853699588409, "params": {"gamma": 894.6296010698767, "log10_alpha": -2.37069085285644, "log10_colsample_bytree": -0.43188785811469754, "log10_eta": -3.9881627259872916, "log10_lambda": -0.34975327068524287, "log10_min_child_weight": 3.9265604955288973, "log10_subsample": -0.612863197695759, "max_depth": 6.0, "num_boost_round": 14.0}, "datetime": {"datetime": "2024-01-19 00:36:09", "elapsed": 1474.005151, "delta": 0.002273}}
{"target": -13.75853504850167, "params": {"gamma": 894.6296010698767, "log10_alpha": -2.37069085285644, "log10_colsample_bytree": -0.43188785811469754, "log10_eta": -3.9881627259872916, "log10_lambda": -0.34975327068524287, "log10_min_child_weight": 3.9265604955288973, "log10_subsample": -0.612863197695759, "max_depth": 6.0, "num_boost_round": 15.0}, "datetime": {"datetime": "2024-01-19 00:36:09", "elapsed": 1474.007417, "delta": 0.002266}}
{"target": -13.758476910355327, "params": {"gamma": 873.6205920751704, "log10_alpha": -2.5434279992984328, "log10_colsample_bytree": -0.4484184912079576, "log10_eta": -2.4424147065866877, "log10_lambda": -3.767013506302182, "log10_min_child_weight": 1.2496798822470112, "log10_subsample": -0.7794095220763806, "max_depth": 9.0, "num_boost_round": 0.0}, "datetime": {"datetime": "2024-01-19 00:36:48", "elapsed": 1513.284615, "delta": 39.277198}}
{"target": -13.758280880182536, "params": {"gamma": 873.6205920751704, "log10_alpha": -2.5434279992984328, "log10_colsample_bytree": -0.4484184912079576, "log10_eta": -2.4424147065866877, "log10_lambda": -3.767013506302182, "log10_min_child_weight": 1.2496798822470112, "log10_subsample": -0.7794095220763806, "max_depth": 9.0, "num_boost_round": 1.0}, "datetime": {"datetime": "2024-01-19 00:36:48", "elapsed": 1513.287365, "delta": 0.00275}}
{"target": -13.758232935933217, "params": {"gamma": 873.6205920751704, "log10_alpha": -2.5434279992984328, "log10_colsample_bytree": -0.4484184912079576, "log10_eta": -2.4424147065866877, "log10_lambda": -3.767013506302182, "log10_min_child_weight": 1.2496798822470112, "log10_subsample": -0.7794095220763806, "max_depth": 9.0, "num_boost_round": 2.0}, "datetime": {"datetime": "2024-01-19 00:36:48", "elapsed": 1513.290086, "delta": 0.002721}}
{"target": -13.758258342542634, "params": {"gamma": 873.6205920751704, "log10_alpha": -2.5434279992984328, "log10_colsample_bytree": -0.4484184912079576, "log10_eta": -2.4424147065866877, "log10_lambda": -3.767013506302182, "log10_min_child_weight": 1.2496798822470112, "log10_subsample": -0.7794095220763806, "max_depth": 9.0, "num_boost_round": 3.0}, "datetime": {"datetime": "2024-01-19 00:36:48", "elapsed": 1513.292602, "delta": 0.002516}}
{"target": -13.758078540940025, "params": {"gamma": 873.6205920751704, "log10_alpha": -2.5434279992984328, "log10_colsample_bytree": -0.4484184912079576, "log10_eta": -2.4424147065866877, "log10_lambda": -3.767013506302182, "log10_min_child_weight": 1.2496798822470112, "log10_subsample": -0.7794095220763806, "max_depth": 9.0, "num_boost_round": 4.0}, "datetime": {"datetime": "2024-01-19 00:36:48", "elapsed": 1513.294947, "delta": 0.002345}}
{"target": -13.757963357701675, "params": {"gamma": 873.6205920751704, "log10_alpha": -2.5434279992984328, "log10_colsample_bytree": -0.4484184912079576, "log10_eta": -2.4424147065866877, "log10_lambda": -3.767013506302182, "log10_min_child_weight": 1.2496798822470112, "log10_subsample": -0.7794095220763806, "max_depth": 9.0, "num_boost_round": 5.0}, "datetime": {"datetime": "2024-01-19 00:36:48", "elapsed": 1513.297243, "delta": 0.002296}}
