{"target": -13.814940111705326, "params": {"gamma": 327.4191710510488, "log10_alpha": -3.3744153859776485, "log10_colsample_bytree": -0.6227573040055585, "log10_eta": -1.0858761258215246, "log10_lambda": -4.830554532523642, "log10_min_child_weight": 2.8281831185299326, "log10_subsample": -0.24079218804439362, "max_depth": 9.0, "num_boost_round": 24.0}, "datetime": {"datetime": "2024-01-19 02:27:45", "elapsed": 8118.502057, "delta": 0.006887}}
{"target": -13.821923062141652, "params": {"gamma": 327.4191710510488, "log10_alpha": -3.3744153859776485, "log10_colsample_bytree": -0.6227573040055585, "log10_eta": -1.0858761258215246, "log10_lambda": -4.830554532523642, "log10_min_child_weight": 2.8281831185299326, "log10_subsample": -0.24079218804439362, "max_depth": 9.0, "num_boost_round": 25.0}, "datetime": {"datetime": "2024-01-19 02:27:45", "elapsed": 8118.508739, "delta": 0.006682}}
{"target": -13.758538949960194, "params": {"gamma": 342.9933635024427, "log10_alpha": 0.5612553067863999, "log10_colsample_bytree": -0.7380705182160892, "log10_eta": -3.5881831601532617, "log10_lambda": -3.9966414348301056, "log10_min_child_weight": 3.881211988288894, "log10_subsample": -0.9432965280449521, "max_depth": 6.0, "num_boost_round": 0.0}, "datetime": {"datetime": "2024-01-19 02:30:14", "elapsed": 8266.60407, "delta": 148.095331}}
{"target": -13.758538526534606, "params": {"gamma": 342.9933635024427, "log10_alpha": 0.5612553067863999, "log10_colsample_bytree": -0.7380705182160892, "log10_eta": -3.5881831601532617, "log10_lambda": -3.9966414348301056, "log10_min_child_weight": 3.881211988288894, "log10_subsample": -0.9432965280449521, "max_depth": 6.0, "num_boost_round": 1.0}, "datetime": {"datetime": "2024-01-19 02:30:14", "elapsed": 8266.612051, "delta": 0.007981}}
{"target": -13.758537006790215, "params": {"gamma": 342.9933635024427, "log10_alpha": 0.5612553067863999, "log10_colsample_bytree": -0.7380705182160892, "log10_eta": -3.5881831601532617, "log10_lambda": -3.9966414348301056, "log10_min_child_weight": 3.881211988288894, "log10_subsample": -0.9432965280449521, "max_depth": 6.0, "num_boost_round": 2.0}, "datetime": {"datetime": "2024-01-19 02:30:14", "elapsed": 8266.618919, "delta": 0.006868}}
{"target": -13.758534948068805, "params": {"gamma": 342.9933635024427, "log10_alpha": 0.5612553067863999, "log10_colsample_bytree": -0.7380705182160892, "log10_eta": -3.5881831601532617, "log10_lambda": -3.9966414348301056, "log10_min_child_weight": 3.881211988288894, "log10_subsample": -0.9432965280449521, "max_depth": 6.0, "num_boost_round": 3.0}, "datetime": {"datetime": "2024-01-19 02:30:14", "elapsed": 8266.625492, "delta": 0.006573}}
{"target": -13.758535735437883, "params": {"gamma": 342.9933635024427, "log10_alpha": 0.5612553067863999, "log10_colsample_bytree": -0.7380705182160892, "log10_eta": -3.5881831601532617, "log10_lambda": -3.9966414348301056, "log10_min_child_weight": 3.881211988288894, "log10_subsample": -0.9432965280449521, "max_depth": 6.0, "num_boost_round": 4.0}, "datetime": {"datetime": "2024-01-19 02:30:14", "elapsed": 8266.632315, "delta": 0.006823}}
{"target": -13.758533749304513, "params": {"gamma": 342.9933635024427, "log10_alpha": 0.5612553067863999, "log10_colsample_bytree": -0.7380705182160892, "log10_eta": -3.5881831601532617, "log10_lambda": -3.9966414348301056, "log10_min_child_weight": 3.881211988288894, "log10_subsample": -0.9432965280449521, "max_depth": 6.0, "num_boost_round": 5.0}, "datetime": {"datetime": "2024-01-19 02:30:14", "elapsed": 8266.639023, "delta": 0.006708}}
{"target": -13.758534525259824, "params": {"gamma": 342.9933635024427, "log10_alpha": 0.5612553067863999, "log10_colsample_bytree": -0.7380705182160892, "log10_eta": -3.5881831601532617, "log10_lambda": -3.9966414348301056, "log10_min_child_weight": 3.881211988288894, "log10_subsample": -0.9432965280449521, "max_depth": 6.0, "num_boost_round": 6.0}, "datetime": {"datetime": "2024-01-19 02:30:14", "elapsed": 8266.646028, "delta": 0.007005}}
{"target": -13.758534256307382, "params": {"gamma": 342.9933635024427, "log10_alpha": 0.5612553067863999, "log10_colsample_bytree": -0.7380705182160892, "log10_eta": -3.5881831601532617, "log10_lambda": -3.9966414348301056, "log10_min_child_weight": 3.881211988288894, "log10_subsample": -0.9432965280449521, "max_depth": 6.0, "num_boost_round": 7.0}, "datetime": {"datetime": "2024-01-19 02:30:14", "elapsed": 8266.652802, "delta": 0.006774}}
{"target": -13.75853496230116, "params": {"gamma": 342.9933635024427, "log10_alpha": 0.5612553067863999, "log10_colsample_bytree": -0.7380705182160892, "log10_eta": -3.5881831601532617, "log10_lambda": -3.9966414348301056, "log10_min_child_weight": 3.881211988288894, "log10_subsample": -0.9432965280449521, "max_depth": 6.0, "num_boost_round": 8.0}, "datetime": {"datetime": "2024-01-19 02:30:14", "elapsed": 8266.659443, "delta": 0.006641}}
{"target": -13.758535462323279, "params": {"gamma": 342.9933635024427, "log10_alpha": 0.5612553067863999, "log10_colsample_bytree": -0.7380705182160892, "log10_eta": -3.5881831601532617, "log10_lambda": -3.9966414348301056, "log10_min_child_weight": 3.881211988288894, "log10_subsample": -0.9432965280449521, "max_depth": 6.0, "num_boost_round": 9.0}, "datetime": {"datetime": "2024-01-19 02:30:14", "elapsed": 8266.665982, "delta": 0.006539}}
{"target": -13.758531886616467, "params": {"gamma": 342.9933635024427, "log10_alpha": 0.5612553067863999, "log10_colsample_bytree": -0.7380705182160892, "log10_eta": -3.5881831601532617, "log10_lambda": -3.9966414348301056, "log10_min_child_weight": 3.881211988288894, "log10_subsample": -0.9432965280449521, "max_depth": 6.0, "num_boost_round": 10.0}, "datetime": {"datetime": "2024-01-19 02:30:14", "elapsed": 8266.673262, "delta": 0.00728}}
{"target": -13.758529436214962, "params": {"gamma": 342.9933635024427, "log10_alpha": 0.5612553067863999, "log10_colsample_bytree": -0.7380705182160892, "log10_eta": -3.5881831601532617, "log10_lambda": -3.9966414348301056, "log10_min_child_weight": 3.881211988288894, "log10_subsample": -0.9432965280449521, "max_depth": 6.0, "num_boost_round": 11.0}, "datetime": {"datetime": "2024-01-19 02:30:14", "elapsed": 8266.680332, "delta": 0.00707}}
{"target": -13.758531291515066, "params": {"gamma": 342.9933635024427, "log10_alpha": 0.5612553067863999, "log10_colsample_bytree": -0.7380705182160892, "log10_eta": -3.5881831601532617, "log10_lambda": -3.9966414348301056, "log10_min_child_weight": 3.881211988288894, "log10_subsample": -0.9432965280449521, "max_depth": 6.0, "num_boost_round": 12.0}, "datetime": {"datetime": "2024-01-19 02:30:14", "elapsed": 8266.68765, "delta": 0.007318}}
{"target": -13.758530690366854, "params": {"gamma": 342.9933635024427, "log10_alpha": 0.5612553067863999, "log10_colsample_bytree": -0.7380705182160892, "log10_eta": -3.5881831601532617, "log10_lambda": -3.9966414348301056, "log10_min_child_weight": 3.881211988288894, "log10_subsample": -0.9432965280449521, "max_depth": 6.0, "num_boost_round": 13.0}, "datetime": {"datetime": "2024-01-19 02:30:14", "elapsed": 8266.694672, "delta": 0.007022}}
{"target": -13.758530738264552, "params": {"gamma": 342.9933635024427, "log10_alpha": 0.5612553067863999, "log10_colsample_bytree": -0.7380705182160892, "log10_eta": -3.5881831601532617, "log10_lambda": -3.9966414348301056, "log10_min_child_weight": 3.881211988288894, "log10_subsample": -0.9432965280449521, "max_depth": 6.0, "num_boost_round": 14.0}, "datetime": {"datetime": "2024-01-19 02:30:14", "elapsed": 8266.701707, "delta": 0.007035}}
{"target": -13.75852784064547, "params": {"gamma": 342.9933635024427, "log10_alpha": 0.5612553067863999, "log10_colsample_bytree": -0.7380705182160892, "log10_eta": -3.5881831601532617, "log10_lambda": -3.9966414348301056, "log10_min_child_weight": 3.881211988288894, "log10_subsample": -0.9432965280449521, "max_depth": 6.0, "num_boost_round": 15.0}, "datetime": {"datetime": "2024-01-19 02:30:14", "elapsed": 8266.708481, "delta": 0.006774}}
{"target": -13.758525890379804, "params": {"gamma": 342.9933635024427, "log10_alpha": 0.5612553067863999, "log10_colsample_bytree": -0.7380705182160892, "log10_eta": -3.5881831601532617, "log10_lambda": -3.9966414348301056, "log10_min_child_weight": 3.881211988288894, "log10_subsample": -0.9432965280449521, "max_depth": 6.0, "num_boost_round": 16.0}, "datetime": {"datetime": "2024-01-19 02:30:14", "elapsed": 8266.71513, "delta": 0.006649}}
{"target": -13.758523735956123, "params": {"gamma": 342.9933635024427, "log10_alpha": 0.5612553067863999, "log10_colsample_bytree": -0.7380705182160892, "log10_eta": -3.5881831601532617, "log10_lambda": -3.9966414348301056, "log10_min_child_weight": 3.881211988288894, "log10_subsample": -0.9432965280449521, "max_depth": 6.0, "num_boost_round": 17.0}, "datetime": {"datetime": "2024-01-19 02:30:14", "elapsed": 8266.721791, "delta": 0.006661}}
{"target": -13.758524175518126, "params": {"gamma": 342.9933635024427, "log10_alpha": 0.5612553067863999, "log10_colsample_bytree": -0.7380705182160892, "log10_eta": -3.5881831601532617, "log10_lambda": -3.9966414348301056, "log10_min_child_weight": 3.881211988288894, "log10_subsample": -0.9432965280449521, "max_depth": 6.0, "num_boost_round": 18.0}, "datetime": {"datetime": "2024-01-19 02:30:14", "elapsed": 8266.728447, "delta": 0.006656}}
{"target": -13.75849247400616, "params": {"gamma": 340.0942706811485, "log10_alpha": -4.975899420091746, "log10_colsample_bytree": -0.3009029431750796, "log10_eta": -1.558659579773749, "log10_lambda": 0.9883922223839887, "log10_min_child_weight": 4.008326589157177, "log10_subsample": -0.4356993927847477, "max_depth": 5.0, "num_boost_round": 0.0}, "datetime": {"datetime": "2024-01-19 02:31:52", "elapsed": 8365.032249, "delta": 98.303802}}
{"target": -13.758398773590935, "params": {"gamma": 340.0942706811485, "log10_alpha": -4.975899420091746, "log10_colsample_bytree": -0.3009029431750796, "log10_eta": -1.558659579773749, "log10_lambda": 0.9883922223839887, "log10_min_child_weight": 4.008326589157177, "log10_subsample": -0.4356993927847477, "max_depth": 5.0, "num_boost_round": 1.0}, "datetime": {"datetime": "2024-01-19 02:31:52", "elapsed": 8365.040436, "delta": 0.008187}}
{"target": -13.75886976352341, "params": {"gamma": 340.0942706811485, "log10_alpha": -4.975899420091746, "log10_colsample_bytree": -0.3009029431750796, "log10_eta": -1.558659579773749, "log10_lambda": 0.9883922223839887, "log10_min_child_weight": 4.008326589157177, "log10_subsample": -0.4356993927847477, "max_depth": 5.0, "num_boost_round": 2.0}, "datetime": {"datetime": "2024-01-19 02:31:52", "elapsed": 8365.047565, "delta": 0.007129}}
{"target": -13.758902142453394, "params": {"gamma": 340.0942706811485, "log10_alpha": -4.975899420091746, "log10_colsample_bytree": -0.3009029431750796, "log10_eta": -1.558659579773749, "log10_lambda": 0.9883922223839887, "log10_min_child_weight": 4.008326589157177, "log10_subsample": -0.4356993927847477, "max_depth": 5.0, "num_boost_round": 3.0}, "datetime": {"datetime": "2024-01-19 02:31:52", "elapsed": 8365.054421, "delta": 0.006856}}
{"target": -13.759216868018564, "params": {"gamma": 340.0942706811485, "log10_alpha": -4.975899420091746, "log10_colsample_bytree": -0.3009029431750796, "log10_eta": -1.558659579773749, "log10_lambda": 0.9883922223839887, "log10_min_child_weight": 4.008326589157177, "log10_subsample": -0.4356993927847477, "max_depth": 5.0, "num_boost_round": 4.0}, "datetime": {"datetime": "2024-01-19 02:31:52", "elapsed": 8365.061522, "delta": 0.007101}}
{"target": -13.759331764330991, "params": {"gamma": 340.0942706811485, "log10_alpha": -4.975899420091746, "log10_colsample_bytree": -0.3009029431750796, "log10_eta": -1.558659579773749, "log10_lambda": 0.9883922223839887, "log10_min_child_weight": 4.008326589157177, "log10_subsample": -0.4356993927847477, "max_depth": 5.0, "num_boost_round": 5.0}, "datetime": {"datetime": "2024-01-19 02:31:52", "elapsed": 8365.068465, "delta": 0.006943}}
{"target": -13.759808471706005, "params": {"gamma": 340.0942706811485, "log10_alpha": -4.975899420091746, "log10_colsample_bytree": -0.3009029431750796, "log10_eta": -1.558659579773749, "log10_lambda": 0.9883922223839887, "log10_min_child_weight": 4.008326589157177, "log10_subsample": -0.4356993927847477, "max_depth": 5.0, "num_boost_round": 6.0}, "datetime": {"datetime": "2024-01-19 02:31:52", "elapsed": 8365.07535, "delta": 0.006885}}
{"target": -13.759890541681001, "params": {"gamma": 340.0942706811485, "log10_alpha": -4.975899420091746, "log10_colsample_bytree": -0.3009029431750796, "log10_eta": -1.558659579773749, "log10_lambda": 0.9883922223839887, "log10_min_child_weight": 4.008326589157177, "log10_subsample": -0.4356993927847477, "max_depth": 5.0, "num_boost_round": 7.0}, "datetime": {"datetime": "2024-01-19 02:31:52", "elapsed": 8365.082211, "delta": 0.006861}}
{"target": -13.760041853120205, "params": {"gamma": 340.0942706811485, "log10_alpha": -4.975899420091746, "log10_colsample_bytree": -0.3009029431750796, "log10_eta": -1.558659579773749, "log10_lambda": 0.9883922223839887, "log10_min_child_weight": 4.008326589157177, "log10_subsample": -0.4356993927847477, "max_depth": 5.0, "num_boost_round": 8.0}, "datetime": {"datetime": "2024-01-19 02:31:52", "elapsed": 8365.089016, "delta": 0.006805}}
{"target": -13.759522378878387, "params": {"gamma": 340.0942706811485, "log10_alpha": -4.975899420091746, "log10_colsample_bytree": -0.3009029431750796, "log10_eta": -1.558659579773749, "log10_lambda": 0.9883922223839887, "log10_min_child_weight": 4.008326589157177, "log10_subsample": -0.4356993927847477, "max_depth": 5.0, "num_boost_round": 9.0}, "datetime": {"datetime": "2024-01-19 02:31:52", "elapsed": 8365.095728, "delta": 0.006712}}
{"target": -13.759525252849848, "params": {"gamma": 340.0942706811485, "log10_alpha": -4.975899420091746, "log10_colsample_bytree": -0.3009029431750796, "log10_eta": -1.558659579773749, "log10_lambda": 0.9883922223839887, "log10_min_child_weight": 4.008326589157177, "log10_subsample": -0.4356993927847477, "max_depth": 5.0, "num_boost_round": 10.0}, "datetime": {"datetime": "2024-01-19 02:31:52", "elapsed": 8365.1027, "delta": 0.006972}}
{"target": -13.758945130365566, "params": {"gamma": 340.0942706811485, "log10_alpha": -4.975899420091746, "log10_colsample_bytree": -0.3009029431750796, "log10_eta": -1.558659579773749, "log10_lambda": 0.9883922223839887, "log10_min_child_weight": 4.008326589157177, "log10_subsample": -0.4356993927847477, "max_depth": 5.0, "num_boost_round": 11.0}, "datetime": {"datetime": "2024-01-19 02:31:52", "elapsed": 8365.110048, "delta": 0.007348}}
{"target": -13.759005157115231, "params": {"gamma": 340.0942706811485, "log10_alpha": -4.975899420091746, "log10_colsample_bytree": -0.3009029431750796, "log10_eta": -1.558659579773749, "log10_lambda": 0.9883922223839887, "log10_min_child_weight": 4.008326589157177, "log10_subsample": -0.4356993927847477, "max_depth": 5.0, "num_boost_round": 12.0}, "datetime": {"datetime": "2024-01-19 02:31:52", "elapsed": 8365.117625, "delta": 0.007577}}
{"target": -13.75932379923257, "params": {"gamma": 340.0942706811485, "log10_alpha": -4.975899420091746, "log10_colsample_bytree": -0.3009029431750796, "log10_eta": -1.558659579773749, "log10_lambda": 0.9883922223839887, "log10_min_child_weight": 4.008326589157177, "log10_subsample": -0.4356993927847477, "max_depth": 5.0, "num_boost_round": 13.0}, "datetime": {"datetime": "2024-01-19 02:31:52", "elapsed": 8365.124939, "delta": 0.007314}}
{"target": -13.759241484652811, "params": {"gamma": 340.0942706811485, "log10_alpha": -4.975899420091746, "log10_colsample_bytree": -0.3009029431750796, "log10_eta": -1.558659579773749, "log10_lambda": 0.9883922223839887, "log10_min_child_weight": 4.008326589157177, "log10_subsample": -0.4356993927847477, "max_depth": 5.0, "num_boost_round": 14.0}, "datetime": {"datetime": "2024-01-19 02:31:52", "elapsed": 8365.131962, "delta": 0.007023}}
{"target": -13.759253811386497, "params": {"gamma": 340.0942706811485, "log10_alpha": -4.975899420091746, "log10_colsample_bytree": -0.3009029431750796, "log10_eta": -1.558659579773749, "log10_lambda": 0.9883922223839887, "log10_min_child_weight": 4.008326589157177, "log10_subsample": -0.4356993927847477, "max_depth": 5.0, "num_boost_round": 15.0}, "datetime": {"datetime": "2024-01-19 02:31:52", "elapsed": 8365.139065, "delta": 0.007103}}
{"target": -13.759268737025343, "params": {"gamma": 340.0942706811485, "log10_alpha": -4.975899420091746, "log10_colsample_bytree": -0.3009029431750796, "log10_eta": -1.558659579773749, "log10_lambda": 0.9883922223839887, "log10_min_child_weight": 4.008326589157177, "log10_subsample": -0.4356993927847477, "max_depth": 5.0, "num_boost_round": 16.0}, "datetime": {"datetime": "2024-01-19 02:31:52", "elapsed": 8365.146658, "delta": 0.007593}}
{"target": -13.759922987205657, "params": {"gamma": 340.0942706811485, "log10_alpha": -4.975899420091746, "log10_colsample_bytree": -0.3009029431750796, "log10_eta": -1.558659579773749, "log10_lambda": 0.9883922223839887, "log10_min_child_weight": 4.008326589157177, "log10_subsample": -0.4356993927847477, "max_depth": 5.0, "num_boost_round": 17.0}, "datetime": {"datetime": "2024-01-19 02:31:52", "elapsed": 8365.153365, "delta": 0.006707}}
{"target": -13.760381867667812, "params": {"gamma": 340.0942706811485, "log10_alpha": -4.975899420091746, "log10_colsample_bytree": -0.3009029431750796, "log10_eta": -1.558659579773749, "log10_lambda": 0.9883922223839887, "log10_min_child_weight": 4.008326589157177, "log10_subsample": -0.4356993927847477, "max_depth": 5.0, "num_boost_round": 18.0}, "datetime": {"datetime": "2024-01-19 02:31:52", "elapsed": 8365.160612, "delta": 0.007247}}
{"target": -13.759950663454688, "params": {"gamma": 340.0942706811485, "log10_alpha": -4.975899420091746, "log10_colsample_bytree": -0.3009029431750796, "log10_eta": -1.558659579773749, "log10_lambda": 0.9883922223839887, "log10_min_child_weight": 4.008326589157177, "log10_subsample": -0.4356993927847477, "max_depth": 5.0, "num_boost_round": 19.0}, "datetime": {"datetime": "2024-01-19 02:31:52", "elapsed": 8365.167592, "delta": 0.00698}}
{"target": -13.760421854478732, "params": {"gamma": 340.0942706811485, "log10_alpha": -4.975899420091746, "log10_colsample_bytree": -0.3009029431750796, "log10_eta": -1.558659579773749, "log10_lambda": 0.9883922223839887, "log10_min_child_weight": 4.008326589157177, "log10_subsample": -0.4356993927847477, "max_depth": 5.0, "num_boost_round": 20.0}, "datetime": {"datetime": "2024-01-19 02:31:52", "elapsed": 8365.174283, "delta": 0.006691}}
{"target": -13.758351282902646, "params": {"gamma": 322.82576750394634, "log10_alpha": -3.173409487968587, "log10_colsample_bytree": -0.13585877373283206, "log10_eta": -1.0322450520129962, "log10_lambda": 0.08941930322950054, "log10_min_child_weight": 3.3625848520766146, "log10_subsample": -0.8036423765778874, "max_depth": 9.0, "num_boost_round": 0.0}, "datetime": {"datetime": "2024-01-19 02:34:58", "elapsed": 8551.159027, "delta": 185.984744}}
{"target": -13.76150003823375, "params": {"gamma": 322.82576750394634, "log10_alpha": -3.173409487968587, "log10_colsample_bytree": -0.13585877373283206, "log10_eta": -1.0322450520129962, "log10_lambda": 0.08941930322950054, "log10_min_child_weight": 3.3625848520766146, "log10_subsample": -0.8036423765778874, "max_depth": 9.0, "num_boost_round": 1.0}, "datetime": {"datetime": "2024-01-19 02:34:58", "elapsed": 8551.166424, "delta": 0.007397}}
{"target": -13.761281910840438, "params": {"gamma": 322.82576750394634, "log10_alpha": -3.173409487968587, "log10_colsample_bytree": -0.13585877373283206, "log10_eta": -1.0322450520129962, "log10_lambda": 0.08941930322950054, "log10_min_child_weight": 3.3625848520766146, "log10_subsample": -0.8036423765778874, "max_depth": 9.0, "num_boost_round": 2.0}, "datetime": {"datetime": "2024-01-19 02:34:58", "elapsed": 8551.173391, "delta": 0.006967}}
{"target": -13.763033862200915, "params": {"gamma": 322.82576750394634, "log10_alpha": -3.173409487968587, "log10_colsample_bytree": -0.13585877373283206, "log10_eta": -1.0322450520129962, "log10_lambda": 0.08941930322950054, "log10_min_child_weight": 3.3625848520766146, "log10_subsample": -0.8036423765778874, "max_depth": 9.0, "num_boost_round": 3.0}, "datetime": {"datetime": "2024-01-19 02:34:58", "elapsed": 8551.180216, "delta": 0.006825}}
{"target": -13.764589772210494, "params": {"gamma": 322.82576750394634, "log10_alpha": -3.173409487968587, "log10_colsample_bytree": -0.13585877373283206, "log10_eta": -1.0322450520129962, "log10_lambda": 0.08941930322950054, "log10_min_child_weight": 3.3625848520766146, "log10_subsample": -0.8036423765778874, "max_depth": 9.0, "num_boost_round": 4.0}, "datetime": {"datetime": "2024-01-19 02:34:58", "elapsed": 8551.186828, "delta": 0.006612}}
{"target": -13.766764499938352, "params": {"gamma": 322.82576750394634, "log10_alpha": -3.173409487968587, "log10_colsample_bytree": -0.13585877373283206, "log10_eta": -1.0322450520129962, "log10_lambda": 0.08941930322950054, "log10_min_child_weight": 3.3625848520766146, "log10_subsample": -0.8036423765778874, "max_depth": 9.0, "num_boost_round": 5.0}, "datetime": {"datetime": "2024-01-19 02:34:58", "elapsed": 8551.193327, "delta": 0.006499}}
{"target": -13.767375246053005, "params": {"gamma": 322.82576750394634, "log10_alpha": -3.173409487968587, "log10_colsample_bytree": -0.13585877373283206, "log10_eta": -1.0322450520129962, "log10_lambda": 0.08941930322950054, "log10_min_child_weight": 3.3625848520766146, "log10_subsample": -0.8036423765778874, "max_depth": 9.0, "num_boost_round": 6.0}, "datetime": {"datetime": "2024-01-19 02:34:58", "elapsed": 8551.199799, "delta": 0.006472}}
