{"target": -13.781985877449612, "params": {"gamma": 717.1697938835912, "log10_alpha": -4.340033286419281, "log10_colsample_bytree": -0.2464906843067659, "log10_eta": -1.2907037678386728, "log10_lambda": -4.189588427242056, "log10_min_child_weight": 4.456213074454571, "log10_subsample": -0.31999718702745406, "max_depth": 9.0, "num_boost_round": 47.0}, "datetime": {"datetime": "2024-01-19 00:41:40", "elapsed": 1799.939571, "delta": 0.002019}}
{"target": -13.782303971793628, "params": {"gamma": 717.1697938835912, "log10_alpha": -4.340033286419281, "log10_colsample_bytree": -0.2464906843067659, "log10_eta": -1.2907037678386728, "log10_lambda": -4.189588427242056, "log10_min_child_weight": 4.456213074454571, "log10_subsample": -0.31999718702745406, "max_depth": 9.0, "num_boost_round": 48.0}, "datetime": {"datetime": "2024-01-19 00:41:40", "elapsed": 1799.941678, "delta": 0.002107}}
{"target": -13.782925361836316, "params": {"gamma": 717.1697938835912, "log10_alpha": -4.340033286419281, "log10_colsample_bytree": -0.2464906843067659, "log10_eta": -1.2907037678386728, "log10_lambda": -4.189588427242056, "log10_min_child_weight": 4.456213074454571, "log10_subsample": -0.31999718702745406, "max_depth": 9.0, "num_boost_round": 49.0}, "datetime": {"datetime": "2024-01-19 00:41:40", "elapsed": 1799.943843, "delta": 0.002165}}
{"target": -13.783322357687577, "params": {"gamma": 717.1697938835912, "log10_alpha": -4.340033286419281, "log10_colsample_bytree": -0.2464906843067659, "log10_eta": -1.2907037678386728, "log10_lambda": -4.189588427242056, "log10_min_child_weight": 4.456213074454571, "log10_subsample": -0.31999718702745406, "max_depth": 9.0, "num_boost_round": 50.0}, "datetime": {"datetime": "2024-01-19 00:41:40", "elapsed": 1799.945904, "delta": 0.002061}}
{"target": -13.758410778315186, "params": {"gamma": 714.5968415014464, "log10_alpha": -0.973438320118559, "log10_colsample_bytree": -0.4405294838599314, "log10_eta": -1.8358437206675888, "log10_lambda": -4.8046638023447255, "log10_min_child_weight": 1.1898078144692974, "log10_subsample": -0.6986253880530261, "max_depth": 2.0, "num_boost_round": 0.0}, "datetime": {"datetime": "2024-01-19 00:42:22", "elapsed": 1841.669424, "delta": 41.72352}}
{"target": -13.75832781252091, "params": {"gamma": 714.5968415014464, "log10_alpha": -0.973438320118559, "log10_colsample_bytree": -0.4405294838599314, "log10_eta": -1.8358437206675888, "log10_lambda": -4.8046638023447255, "log10_min_child_weight": 1.1898078144692974, "log10_subsample": -0.6986253880530261, "max_depth": 2.0, "num_boost_round": 1.0}, "datetime": {"datetime": "2024-01-19 00:42:22", "elapsed": 1841.671967, "delta": 0.002543}}
{"target": -13.758318414034205, "params": {"gamma": 714.5968415014464, "log10_alpha": -0.973438320118559, "log10_colsample_bytree": -0.4405294838599314, "log10_eta": -1.8358437206675888, "log10_lambda": -4.8046638023447255, "log10_min_child_weight": 1.1898078144692974, "log10_subsample": -0.6986253880530261, "max_depth": 2.0, "num_boost_round": 2.0}, "datetime": {"datetime": "2024-01-19 00:42:22", "elapsed": 1841.674596, "delta": 0.002629}}
{"target": -13.758331033192517, "params": {"gamma": 714.5968415014464, "log10_alpha": -0.973438320118559, "log10_colsample_bytree": -0.4405294838599314, "log10_eta": -1.8358437206675888, "log10_lambda": -4.8046638023447255, "log10_min_child_weight": 1.1898078144692974, "log10_subsample": -0.6986253880530261, "max_depth": 2.0, "num_boost_round": 3.0}, "datetime": {"datetime": "2024-01-19 00:42:22", "elapsed": 1841.67677, "delta": 0.002174}}
{"target": -13.75812851584484, "params": {"gamma": 714.5968415014464, "log10_alpha": -0.973438320118559, "log10_colsample_bytree": -0.4405294838599314, "log10_eta": -1.8358437206675888, "log10_lambda": -4.8046638023447255, "log10_min_child_weight": 1.1898078144692974, "log10_subsample": -0.6986253880530261, "max_depth": 2.0, "num_boost_round": 4.0}, "datetime": {"datetime": "2024-01-19 00:42:22", "elapsed": 1841.6789, "delta": 0.00213}}
{"target": -13.758124863737393, "params": {"gamma": 714.5968415014464, "log10_alpha": -0.973438320118559, "log10_colsample_bytree": -0.4405294838599314, "log10_eta": -1.8358437206675888, "log10_lambda": -4.8046638023447255, "log10_min_child_weight": 1.1898078144692974, "log10_subsample": -0.6986253880530261, "max_depth": 2.0, "num_boost_round": 5.0}, "datetime": {"datetime": "2024-01-19 00:42:22", "elapsed": 1841.681015, "delta": 0.002115}}
{"target": -13.758084864858011, "params": {"gamma": 714.5968415014464, "log10_alpha": -0.973438320118559, "log10_colsample_bytree": -0.4405294838599314, "log10_eta": -1.8358437206675888, "log10_lambda": -4.8046638023447255, "log10_min_child_weight": 1.1898078144692974, "log10_subsample": -0.6986253880530261, "max_depth": 2.0, "num_boost_round": 6.0}, "datetime": {"datetime": "2024-01-19 00:42:22", "elapsed": 1841.683293, "delta": 0.002278}}
{"target": -13.758174641077774, "params": {"gamma": 714.5968415014464, "log10_alpha": -0.973438320118559, "log10_colsample_bytree": -0.4405294838599314, "log10_eta": -1.8358437206675888, "log10_lambda": -4.8046638023447255, "log10_min_child_weight": 1.1898078144692974, "log10_subsample": -0.6986253880530261, "max_depth": 2.0, "num_boost_round": 7.0}, "datetime": {"datetime": "2024-01-19 00:42:22", "elapsed": 1841.685518, "delta": 0.002225}}
{"target": -13.75799346610756, "params": {"gamma": 714.5968415014464, "log10_alpha": -0.973438320118559, "log10_colsample_bytree": -0.4405294838599314, "log10_eta": -1.8358437206675888, "log10_lambda": -4.8046638023447255, "log10_min_child_weight": 1.1898078144692974, "log10_subsample": -0.6986253880530261, "max_depth": 2.0, "num_boost_round": 8.0}, "datetime": {"datetime": "2024-01-19 00:42:22", "elapsed": 1841.687706, "delta": 0.002188}}
{"target": -13.757756438216445, "params": {"gamma": 714.5968415014464, "log10_alpha": -0.973438320118559, "log10_colsample_bytree": -0.4405294838599314, "log10_eta": -1.8358437206675888, "log10_lambda": -4.8046638023447255, "log10_min_child_weight": 1.1898078144692974, "log10_subsample": -0.6986253880530261, "max_depth": 2.0, "num_boost_round": 9.0}, "datetime": {"datetime": "2024-01-19 00:42:22", "elapsed": 1841.689817, "delta": 0.002111}}
{"target": -13.757749171535, "params": {"gamma": 714.5968415014464, "log10_alpha": -0.973438320118559, "log10_colsample_bytree": -0.4405294838599314, "log10_eta": -1.8358437206675888, "log10_lambda": -4.8046638023447255, "log10_min_child_weight": 1.1898078144692974, "log10_subsample": -0.6986253880530261, "max_depth": 2.0, "num_boost_round": 10.0}, "datetime": {"datetime": "2024-01-19 00:42:22", "elapsed": 1841.69193, "delta": 0.002113}}
{"target": -13.757549014158883, "params": {"gamma": 714.5968415014464, "log10_alpha": -0.973438320118559, "log10_colsample_bytree": -0.4405294838599314, "log10_eta": -1.8358437206675888, "log10_lambda": -4.8046638023447255, "log10_min_child_weight": 1.1898078144692974, "log10_subsample": -0.6986253880530261, "max_depth": 2.0, "num_boost_round": 11.0}, "datetime": {"datetime": "2024-01-19 00:42:22", "elapsed": 1841.694189, "delta": 0.002259}}
{"target": -13.75759098810121, "params": {"gamma": 714.5968415014464, "log10_alpha": -0.973438320118559, "log10_colsample_bytree": -0.4405294838599314, "log10_eta": -1.8358437206675888, "log10_lambda": -4.8046638023447255, "log10_min_child_weight": 1.1898078144692974, "log10_subsample": -0.6986253880530261, "max_depth": 2.0, "num_boost_round": 12.0}, "datetime": {"datetime": "2024-01-19 00:42:22", "elapsed": 1841.696346, "delta": 0.002157}}
{"target": -13.75759361453031, "params": {"gamma": 714.5968415014464, "log10_alpha": -0.973438320118559, "log10_colsample_bytree": -0.4405294838599314, "log10_eta": -1.8358437206675888, "log10_lambda": -4.8046638023447255, "log10_min_child_weight": 1.1898078144692974, "log10_subsample": -0.6986253880530261, "max_depth": 2.0, "num_boost_round": 13.0}, "datetime": {"datetime": "2024-01-19 00:42:22", "elapsed": 1841.698449, "delta": 0.002103}}
{"target": -13.757600608758683, "params": {"gamma": 714.5968415014464, "log10_alpha": -0.973438320118559, "log10_colsample_bytree": -0.4405294838599314, "log10_eta": -1.8358437206675888, "log10_lambda": -4.8046638023447255, "log10_min_child_weight": 1.1898078144692974, "log10_subsample": -0.6986253880530261, "max_depth": 2.0, "num_boost_round": 14.0}, "datetime": {"datetime": "2024-01-19 00:42:22", "elapsed": 1841.700573, "delta": 0.002124}}
{"target": -13.757440837296835, "params": {"gamma": 714.5968415014464, "log10_alpha": -0.973438320118559, "log10_colsample_bytree": -0.4405294838599314, "log10_eta": -1.8358437206675888, "log10_lambda": -4.8046638023447255, "log10_min_child_weight": 1.1898078144692974, "log10_subsample": -0.6986253880530261, "max_depth": 2.0, "num_boost_round": 15.0}, "datetime": {"datetime": "2024-01-19 00:42:22", "elapsed": 1841.702716, "delta": 0.002143}}
{"target": -13.757348439084149, "params": {"gamma": 714.5968415014464, "log10_alpha": -0.973438320118559, "log10_colsample_bytree": -0.4405294838599314, "log10_eta": -1.8358437206675888, "log10_lambda": -4.8046638023447255, "log10_min_child_weight": 1.1898078144692974, "log10_subsample": -0.6986253880530261, "max_depth": 2.0, "num_boost_round": 16.0}, "datetime": {"datetime": "2024-01-19 00:42:22", "elapsed": 1841.704835, "delta": 0.002119}}
{"target": -13.757404699237785, "params": {"gamma": 714.5968415014464, "log10_alpha": -0.973438320118559, "log10_colsample_bytree": -0.4405294838599314, "log10_eta": -1.8358437206675888, "log10_lambda": -4.8046638023447255, "log10_min_child_weight": 1.1898078144692974, "log10_subsample": -0.6986253880530261, "max_depth": 2.0, "num_boost_round": 17.0}, "datetime": {"datetime": "2024-01-19 00:42:22", "elapsed": 1841.707012, "delta": 0.002177}}
{"target": -13.757477120455885, "params": {"gamma": 714.5968415014464, "log10_alpha": -0.973438320118559, "log10_colsample_bytree": -0.4405294838599314, "log10_eta": -1.8358437206675888, "log10_lambda": -4.8046638023447255, "log10_min_child_weight": 1.1898078144692974, "log10_subsample": -0.6986253880530261, "max_depth": 2.0, "num_boost_round": 18.0}, "datetime": {"datetime": "2024-01-19 00:42:22", "elapsed": 1841.709183, "delta": 0.002171}}
{"target": -13.757397834311574, "params": {"gamma": 714.5968415014464, "log10_alpha": -0.973438320118559, "log10_colsample_bytree": -0.4405294838599314, "log10_eta": -1.8358437206675888, "log10_lambda": -4.8046638023447255, "log10_min_child_weight": 1.1898078144692974, "log10_subsample": -0.6986253880530261, "max_depth": 2.0, "num_boost_round": 19.0}, "datetime": {"datetime": "2024-01-19 00:42:22", "elapsed": 1841.711295, "delta": 0.002112}}
{"target": -13.75742556483754, "params": {"gamma": 714.5968415014464, "log10_alpha": -0.973438320118559, "log10_colsample_bytree": -0.4405294838599314, "log10_eta": -1.8358437206675888, "log10_lambda": -4.8046638023447255, "log10_min_child_weight": 1.1898078144692974, "log10_subsample": -0.6986253880530261, "max_depth": 2.0, "num_boost_round": 20.0}, "datetime": {"datetime": "2024-01-19 00:42:22", "elapsed": 1841.713531, "delta": 0.002236}}
{"target": -13.757508892785886, "params": {"gamma": 714.5968415014464, "log10_alpha": -0.973438320118559, "log10_colsample_bytree": -0.4405294838599314, "log10_eta": -1.8358437206675888, "log10_lambda": -4.8046638023447255, "log10_min_child_weight": 1.1898078144692974, "log10_subsample": -0.6986253880530261, "max_depth": 2.0, "num_boost_round": 21.0}, "datetime": {"datetime": "2024-01-19 00:42:22", "elapsed": 1841.715686, "delta": 0.002155}}
{"target": -13.757626572126512, "params": {"gamma": 714.5968415014464, "log10_alpha": -0.973438320118559, "log10_colsample_bytree": -0.4405294838599314, "log10_eta": -1.8358437206675888, "log10_lambda": -4.8046638023447255, "log10_min_child_weight": 1.1898078144692974, "log10_subsample": -0.6986253880530261, "max_depth": 2.0, "num_boost_round": 22.0}, "datetime": {"datetime": "2024-01-19 00:42:22", "elapsed": 1841.718582, "delta": 0.002896}}
{"target": -13.75751516957937, "params": {"gamma": 714.5968415014464, "log10_alpha": -0.973438320118559, "log10_colsample_bytree": -0.4405294838599314, "log10_eta": -1.8358437206675888, "log10_lambda": -4.8046638023447255, "log10_min_child_weight": 1.1898078144692974, "log10_subsample": -0.6986253880530261, "max_depth": 2.0, "num_boost_round": 23.0}, "datetime": {"datetime": "2024-01-19 00:42:22", "elapsed": 1841.720729, "delta": 0.002147}}
{"target": -13.757473748586913, "params": {"gamma": 714.5968415014464, "log10_alpha": -0.973438320118559, "log10_colsample_bytree": -0.4405294838599314, "log10_eta": -1.8358437206675888, "log10_lambda": -4.8046638023447255, "log10_min_child_weight": 1.1898078144692974, "log10_subsample": -0.6986253880530261, "max_depth": 2.0, "num_boost_round": 24.0}, "datetime": {"datetime": "2024-01-19 00:42:22", "elapsed": 1841.723242, "delta": 0.002513}}
{"target": -13.757325292330703, "params": {"gamma": 714.5968415014464, "log10_alpha": -0.973438320118559, "log10_colsample_bytree": -0.4405294838599314, "log10_eta": -1.8358437206675888, "log10_lambda": -4.8046638023447255, "log10_min_child_weight": 1.1898078144692974, "log10_subsample": -0.6986253880530261, "max_depth": 2.0, "num_boost_round": 25.0}, "datetime": {"datetime": "2024-01-19 00:42:22", "elapsed": 1841.725373, "delta": 0.002131}}
{"target": -13.757411904592269, "params": {"gamma": 714.5968415014464, "log10_alpha": -0.973438320118559, "log10_colsample_bytree": -0.4405294838599314, "log10_eta": -1.8358437206675888, "log10_lambda": -4.8046638023447255, "log10_min_child_weight": 1.1898078144692974, "log10_subsample": -0.6986253880530261, "max_depth": 2.0, "num_boost_round": 26.0}, "datetime": {"datetime": "2024-01-19 00:42:22", "elapsed": 1841.727518, "delta": 0.002145}}
{"target": -13.757116760478253, "params": {"gamma": 714.5968415014464, "log10_alpha": -0.973438320118559, "log10_colsample_bytree": -0.4405294838599314, "log10_eta": -1.8358437206675888, "log10_lambda": -4.8046638023447255, "log10_min_child_weight": 1.1898078144692974, "log10_subsample": -0.6986253880530261, "max_depth": 2.0, "num_boost_round": 27.0}, "datetime": {"datetime": "2024-01-19 00:42:22", "elapsed": 1841.729633, "delta": 0.002115}}
{"target": -13.757109301800813, "params": {"gamma": 714.5968415014464, "log10_alpha": -0.973438320118559, "log10_colsample_bytree": -0.4405294838599314, "log10_eta": -1.8358437206675888, "log10_lambda": -4.8046638023447255, "log10_min_child_weight": 1.1898078144692974, "log10_subsample": -0.6986253880530261, "max_depth": 2.0, "num_boost_round": 28.0}, "datetime": {"datetime": "2024-01-19 00:42:22", "elapsed": 1841.731759, "delta": 0.002126}}
{"target": -13.75705798095471, "params": {"gamma": 714.5968415014464, "log10_alpha": -0.973438320118559, "log10_colsample_bytree": -0.4405294838599314, "log10_eta": -1.8358437206675888, "log10_lambda": -4.8046638023447255, "log10_min_child_weight": 1.1898078144692974, "log10_subsample": -0.6986253880530261, "max_depth": 2.0, "num_boost_round": 29.0}, "datetime": {"datetime": "2024-01-19 00:42:22", "elapsed": 1841.734038, "delta": 0.002279}}
{"target": -13.757090181493103, "params": {"gamma": 714.5968415014464, "log10_alpha": -0.973438320118559, "log10_colsample_bytree": -0.4405294838599314, "log10_eta": -1.8358437206675888, "log10_lambda": -4.8046638023447255, "log10_min_child_weight": 1.1898078144692974, "log10_subsample": -0.6986253880530261, "max_depth": 2.0, "num_boost_round": 30.0}, "datetime": {"datetime": "2024-01-19 00:42:22", "elapsed": 1841.736337, "delta": 0.002299}}
{"target": -13.756963176761062, "params": {"gamma": 714.5968415014464, "log10_alpha": -0.973438320118559, "log10_colsample_bytree": -0.4405294838599314, "log10_eta": -1.8358437206675888, "log10_lambda": -4.8046638023447255, "log10_min_child_weight": 1.1898078144692974, "log10_subsample": -0.6986253880530261, "max_depth": 2.0, "num_boost_round": 31.0}, "datetime": {"datetime": "2024-01-19 00:42:22", "elapsed": 1841.738536, "delta": 0.002199}}
{"target": -13.757034874044939, "params": {"gamma": 714.5968415014464, "log10_alpha": -0.973438320118559, "log10_colsample_bytree": -0.4405294838599314, "log10_eta": -1.8358437206675888, "log10_lambda": -4.8046638023447255, "log10_min_child_weight": 1.1898078144692974, "log10_subsample": -0.6986253880530261, "max_depth": 2.0, "num_boost_round": 32.0}, "datetime": {"datetime": "2024-01-19 00:42:22", "elapsed": 1841.740763, "delta": 0.002227}}
{"target": -13.756982862199893, "params": {"gamma": 714.5968415014464, "log10_alpha": -0.973438320118559, "log10_colsample_bytree": -0.4405294838599314, "log10_eta": -1.8358437206675888, "log10_lambda": -4.8046638023447255, "log10_min_child_weight": 1.1898078144692974, "log10_subsample": -0.6986253880530261, "max_depth": 2.0, "num_boost_round": 33.0}, "datetime": {"datetime": "2024-01-19 00:42:22", "elapsed": 1841.742989, "delta": 0.002226}}
{"target": -13.757115932377909, "params": {"gamma": 714.5968415014464, "log10_alpha": -0.973438320118559, "log10_colsample_bytree": -0.4405294838599314, "log10_eta": -1.8358437206675888, "log10_lambda": -4.8046638023447255, "log10_min_child_weight": 1.1898078144692974, "log10_subsample": -0.6986253880530261, "max_depth": 2.0, "num_boost_round": 34.0}, "datetime": {"datetime": "2024-01-19 00:42:22", "elapsed": 1841.745108, "delta": 0.002119}}
{"target": -13.757188514188764, "params": {"gamma": 714.5968415014464, "log10_alpha": -0.973438320118559, "log10_colsample_bytree": -0.4405294838599314, "log10_eta": -1.8358437206675888, "log10_lambda": -4.8046638023447255, "log10_min_child_weight": 1.1898078144692974, "log10_subsample": -0.6986253880530261, "max_depth": 2.0, "num_boost_round": 35.0}, "datetime": {"datetime": "2024-01-19 00:42:22", "elapsed": 1841.747317, "delta": 0.002209}}
{"target": -13.757336460590547, "params": {"gamma": 714.5968415014464, "log10_alpha": -0.973438320118559, "log10_colsample_bytree": -0.4405294838599314, "log10_eta": -1.8358437206675888, "log10_lambda": -4.8046638023447255, "log10_min_child_weight": 1.1898078144692974, "log10_subsample": -0.6986253880530261, "max_depth": 2.0, "num_boost_round": 36.0}, "datetime": {"datetime": "2024-01-19 00:42:22", "elapsed": 1841.749499, "delta": 0.002182}}
{"target": -13.757567168374838, "params": {"gamma": 714.5968415014464, "log10_alpha": -0.973438320118559, "log10_colsample_bytree": -0.4405294838599314, "log10_eta": -1.8358437206675888, "log10_lambda": -4.8046638023447255, "log10_min_child_weight": 1.1898078144692974, "log10_subsample": -0.6986253880530261, "max_depth": 2.0, "num_boost_round": 37.0}, "datetime": {"datetime": "2024-01-19 00:42:22", "elapsed": 1841.751637, "delta": 0.002138}}
{"target": -13.7574619048217, "params": {"gamma": 714.5968415014464, "log10_alpha": -0.973438320118559, "log10_colsample_bytree": -0.4405294838599314, "log10_eta": -1.8358437206675888, "log10_lambda": -4.8046638023447255, "log10_min_child_weight": 1.1898078144692974, "log10_subsample": -0.6986253880530261, "max_depth": 2.0, "num_boost_round": 38.0}, "datetime": {"datetime": "2024-01-19 00:42:22", "elapsed": 1841.753876, "delta": 0.002239}}
{"target": -13.757650438535556, "params": {"gamma": 714.5968415014464, "log10_alpha": -0.973438320118559, "log10_colsample_bytree": -0.4405294838599314, "log10_eta": -1.8358437206675888, "log10_lambda": -4.8046638023447255, "log10_min_child_weight": 1.1898078144692974, "log10_subsample": -0.6986253880530261, "max_depth": 2.0, "num_boost_round": 39.0}, "datetime": {"datetime": "2024-01-19 00:42:22", "elapsed": 1841.756001, "delta": 0.002125}}
{"target": -13.757585136081198, "params": {"gamma": 714.5968415014464, "log10_alpha": -0.973438320118559, "log10_colsample_bytree": -0.4405294838599314, "log10_eta": -1.8358437206675888, "log10_lambda": -4.8046638023447255, "log10_min_child_weight": 1.1898078144692974, "log10_subsample": -0.6986253880530261, "max_depth": 2.0, "num_boost_round": 40.0}, "datetime": {"datetime": "2024-01-19 00:42:22", "elapsed": 1841.758138, "delta": 0.002137}}
{"target": -13.757612078049934, "params": {"gamma": 714.5968415014464, "log10_alpha": -0.973438320118559, "log10_colsample_bytree": -0.4405294838599314, "log10_eta": -1.8358437206675888, "log10_lambda": -4.8046638023447255, "log10_min_child_weight": 1.1898078144692974, "log10_subsample": -0.6986253880530261, "max_depth": 2.0, "num_boost_round": 41.0}, "datetime": {"datetime": "2024-01-19 00:42:22", "elapsed": 1841.760282, "delta": 0.002144}}
{"target": -13.757739585392432, "params": {"gamma": 714.5968415014464, "log10_alpha": -0.973438320118559, "log10_colsample_bytree": -0.4405294838599314, "log10_eta": -1.8358437206675888, "log10_lambda": -4.8046638023447255, "log10_min_child_weight": 1.1898078144692974, "log10_subsample": -0.6986253880530261, "max_depth": 2.0, "num_boost_round": 42.0}, "datetime": {"datetime": "2024-01-19 00:42:22", "elapsed": 1841.762409, "delta": 0.002127}}
{"target": -13.757822996803991, "params": {"gamma": 714.5968415014464, "log10_alpha": -0.973438320118559, "log10_colsample_bytree": -0.4405294838599314, "log10_eta": -1.8358437206675888, "log10_lambda": -4.8046638023447255, "log10_min_child_weight": 1.1898078144692974, "log10_subsample": -0.6986253880530261, "max_depth": 2.0, "num_boost_round": 43.0}, "datetime": {"datetime": "2024-01-19 00:42:22", "elapsed": 1841.764621, "delta": 0.002212}}
{"target": -13.757826785255327, "params": {"gamma": 714.5968415014464, "log10_alpha": -0.973438320118559, "log10_colsample_bytree": -0.4405294838599314, "log10_eta": -1.8358437206675888, "log10_lambda": -4.8046638023447255, "log10_min_child_weight": 1.1898078144692974, "log10_subsample": -0.6986253880530261, "max_depth": 2.0, "num_boost_round": 44.0}, "datetime": {"datetime": "2024-01-19 00:42:22", "elapsed": 1841.76681, "delta": 0.002189}}
