{"target": -17.67722425183564, "params": {"gamma": 71.55739912280535, "log10_alpha": -3.5283856691172053, "log10_colsample_bytree": -0.7369702082281537, "log10_eta": -3.937808721225068, "log10_lambda": 0.339872252931543, "log10_min_child_weight": 4.698732759900201, "log10_subsample": -0.2970065735578835, "max_depth": 4.0, "num_boost_round": 14.0}, "datetime": {"datetime": "2024-01-19 00:21:26", "elapsed": 594.020018, "delta": 0.000931}}
{"target": -17.677222409531513, "params": {"gamma": 71.55739912280535, "log10_alpha": -3.5283856691172053, "log10_colsample_bytree": -0.7369702082281537, "log10_eta": -3.937808721225068, "log10_lambda": 0.339872252931543, "log10_min_child_weight": 4.698732759900201, "log10_subsample": -0.2970065735578835, "max_depth": 4.0, "num_boost_round": 15.0}, "datetime": {"datetime": "2024-01-19 00:21:26", "elapsed": 594.020952, "delta": 0.000934}}
{"target": -17.677221254045065, "params": {"gamma": 71.55739912280535, "log10_alpha": -3.5283856691172053, "log10_colsample_bytree": -0.7369702082281537, "log10_eta": -3.937808721225068, "log10_lambda": 0.339872252931543, "log10_min_child_weight": 4.698732759900201, "log10_subsample": -0.2970065735578835, "max_depth": 4.0, "num_boost_round": 16.0}, "datetime": {"datetime": "2024-01-19 00:21:26", "elapsed": 594.021882, "delta": 0.00093}}
{"target": -17.67722000682009, "params": {"gamma": 71.55739912280535, "log10_alpha": -3.5283856691172053, "log10_colsample_bytree": -0.7369702082281537, "log10_eta": -3.937808721225068, "log10_lambda": 0.339872252931543, "log10_min_child_weight": 4.698732759900201, "log10_subsample": -0.2970065735578835, "max_depth": 4.0, "num_boost_round": 17.0}, "datetime": {"datetime": "2024-01-19 00:21:26", "elapsed": 594.022825, "delta": 0.000943}}
{"target": -17.677218658175676, "params": {"gamma": 71.55739912280535, "log10_alpha": -3.5283856691172053, "log10_colsample_bytree": -0.7369702082281537, "log10_eta": -3.937808721225068, "log10_lambda": 0.339872252931543, "log10_min_child_weight": 4.698732759900201, "log10_subsample": -0.2970065735578835, "max_depth": 4.0, "num_boost_round": 18.0}, "datetime": {"datetime": "2024-01-19 00:21:26", "elapsed": 594.023754, "delta": 0.000929}}
{"target": -17.677217118116946, "params": {"gamma": 71.55739912280535, "log10_alpha": -3.5283856691172053, "log10_colsample_bytree": -0.7369702082281537, "log10_eta": -3.937808721225068, "log10_lambda": 0.339872252931543, "log10_min_child_weight": 4.698732759900201, "log10_subsample": -0.2970065735578835, "max_depth": 4.0, "num_boost_round": 19.0}, "datetime": {"datetime": "2024-01-19 00:21:26", "elapsed": 594.024701, "delta": 0.000947}}
{"target": -17.67721786636043, "params": {"gamma": 71.55739912280535, "log10_alpha": -3.5283856691172053, "log10_colsample_bytree": -0.7369702082281537, "log10_eta": -3.937808721225068, "log10_lambda": 0.339872252931543, "log10_min_child_weight": 4.698732759900201, "log10_subsample": -0.2970065735578835, "max_depth": 4.0, "num_boost_round": 20.0}, "datetime": {"datetime": "2024-01-19 00:21:26", "elapsed": 594.025637, "delta": 0.000936}}
{"target": -17.67721772912973, "params": {"gamma": 71.55739912280535, "log10_alpha": -3.5283856691172053, "log10_colsample_bytree": -0.7369702082281537, "log10_eta": -3.937808721225068, "log10_lambda": 0.339872252931543, "log10_min_child_weight": 4.698732759900201, "log10_subsample": -0.2970065735578835, "max_depth": 4.0, "num_boost_round": 21.0}, "datetime": {"datetime": "2024-01-19 00:21:26", "elapsed": 594.026576, "delta": 0.000939}}
{"target": -17.677216927397378, "params": {"gamma": 71.55739912280535, "log10_alpha": -3.5283856691172053, "log10_colsample_bytree": -0.7369702082281537, "log10_eta": -3.937808721225068, "log10_lambda": 0.339872252931543, "log10_min_child_weight": 4.698732759900201, "log10_subsample": -0.2970065735578835, "max_depth": 4.0, "num_boost_round": 22.0}, "datetime": {"datetime": "2024-01-19 00:21:26", "elapsed": 594.02766, "delta": 0.001084}}
{"target": -17.67720500504154, "params": {"gamma": 67.42386936474831, "log10_alpha": -1.6734451574226261, "log10_colsample_bytree": -0.03368841998949035, "log10_eta": -2.7258997183532254, "log10_lambda": -0.2241755558130194, "log10_min_child_weight": 4.250551928368875, "log10_subsample": -0.7332801671734975, "max_depth": 8.0, "num_boost_round": 0.0}, "datetime": {"datetime": "2024-01-19 00:21:50", "elapsed": 617.476726, "delta": 23.449066}}
{"target": -17.677207112771505, "params": {"gamma": 67.42386936474831, "log10_alpha": -1.6734451574226261, "log10_colsample_bytree": -0.03368841998949035, "log10_eta": -2.7258997183532254, "log10_lambda": -0.2241755558130194, "log10_min_child_weight": 4.250551928368875, "log10_subsample": -0.7332801671734975, "max_depth": 8.0, "num_boost_round": 1.0}, "datetime": {"datetime": "2024-01-19 00:21:50", "elapsed": 617.477834, "delta": 0.001108}}
{"target": -17.677182321436614, "params": {"gamma": 67.42386936474831, "log10_alpha": -1.6734451574226261, "log10_colsample_bytree": -0.03368841998949035, "log10_eta": -2.7258997183532254, "log10_lambda": -0.2241755558130194, "log10_min_child_weight": 4.250551928368875, "log10_subsample": -0.7332801671734975, "max_depth": 8.0, "num_boost_round": 2.0}, "datetime": {"datetime": "2024-01-19 00:21:50", "elapsed": 617.478811, "delta": 0.000977}}
{"target": -17.67717647677716, "params": {"gamma": 67.42386936474831, "log10_alpha": -1.6734451574226261, "log10_colsample_bytree": -0.03368841998949035, "log10_eta": -2.7258997183532254, "log10_lambda": -0.2241755558130194, "log10_min_child_weight": 4.250551928368875, "log10_subsample": -0.7332801671734975, "max_depth": 8.0, "num_boost_round": 3.0}, "datetime": {"datetime": "2024-01-19 00:21:50", "elapsed": 617.479767, "delta": 0.000956}}
{"target": -17.677174825084318, "params": {"gamma": 67.42386936474831, "log10_alpha": -1.6734451574226261, "log10_colsample_bytree": -0.03368841998949035, "log10_eta": -2.7258997183532254, "log10_lambda": -0.2241755558130194, "log10_min_child_weight": 4.250551928368875, "log10_subsample": -0.7332801671734975, "max_depth": 8.0, "num_boost_round": 4.0}, "datetime": {"datetime": "2024-01-19 00:21:50", "elapsed": 617.48072, "delta": 0.000953}}
{"target": -17.677151046615016, "params": {"gamma": 67.42386936474831, "log10_alpha": -1.6734451574226261, "log10_colsample_bytree": -0.03368841998949035, "log10_eta": -2.7258997183532254, "log10_lambda": -0.2241755558130194, "log10_min_child_weight": 4.250551928368875, "log10_subsample": -0.7332801671734975, "max_depth": 8.0, "num_boost_round": 5.0}, "datetime": {"datetime": "2024-01-19 00:21:50", "elapsed": 617.481972, "delta": 0.001252}}
{"target": -17.677140434117277, "params": {"gamma": 67.42386936474831, "log10_alpha": -1.6734451574226261, "log10_colsample_bytree": -0.03368841998949035, "log10_eta": -2.7258997183532254, "log10_lambda": -0.2241755558130194, "log10_min_child_weight": 4.250551928368875, "log10_subsample": -0.7332801671734975, "max_depth": 8.0, "num_boost_round": 6.0}, "datetime": {"datetime": "2024-01-19 00:21:50", "elapsed": 617.482946, "delta": 0.000974}}
{"target": -17.67711083611472, "params": {"gamma": 67.42386936474831, "log10_alpha": -1.6734451574226261, "log10_colsample_bytree": -0.03368841998949035, "log10_eta": -2.7258997183532254, "log10_lambda": -0.2241755558130194, "log10_min_child_weight": 4.250551928368875, "log10_subsample": -0.7332801671734975, "max_depth": 8.0, "num_boost_round": 7.0}, "datetime": {"datetime": "2024-01-19 00:21:50", "elapsed": 617.483892, "delta": 0.000946}}
{"target": -17.677100497647977, "params": {"gamma": 67.42386936474831, "log10_alpha": -1.6734451574226261, "log10_colsample_bytree": -0.03368841998949035, "log10_eta": -2.7258997183532254, "log10_lambda": -0.2241755558130194, "log10_min_child_weight": 4.250551928368875, "log10_subsample": -0.7332801671734975, "max_depth": 8.0, "num_boost_round": 8.0}, "datetime": {"datetime": "2024-01-19 00:21:50", "elapsed": 617.484841, "delta": 0.000949}}
{"target": -17.677085386283142, "params": {"gamma": 67.42386936474831, "log10_alpha": -1.6734451574226261, "log10_colsample_bytree": -0.03368841998949035, "log10_eta": -2.7258997183532254, "log10_lambda": -0.2241755558130194, "log10_min_child_weight": 4.250551928368875, "log10_subsample": -0.7332801671734975, "max_depth": 8.0, "num_boost_round": 9.0}, "datetime": {"datetime": "2024-01-19 00:21:50", "elapsed": 617.485788, "delta": 0.000947}}
{"target": -17.677067273845275, "params": {"gamma": 67.42386936474831, "log10_alpha": -1.6734451574226261, "log10_colsample_bytree": -0.03368841998949035, "log10_eta": -2.7258997183532254, "log10_lambda": -0.2241755558130194, "log10_min_child_weight": 4.250551928368875, "log10_subsample": -0.7332801671734975, "max_depth": 8.0, "num_boost_round": 10.0}, "datetime": {"datetime": "2024-01-19 00:21:50", "elapsed": 617.486782, "delta": 0.000994}}
{"target": -17.677050375761496, "params": {"gamma": 67.42386936474831, "log10_alpha": -1.6734451574226261, "log10_colsample_bytree": -0.03368841998949035, "log10_eta": -2.7258997183532254, "log10_lambda": -0.2241755558130194, "log10_min_child_weight": 4.250551928368875, "log10_subsample": -0.7332801671734975, "max_depth": 8.0, "num_boost_round": 11.0}, "datetime": {"datetime": "2024-01-19 00:21:50", "elapsed": 617.487731, "delta": 0.000949}}
{"target": -17.67702584050942, "params": {"gamma": 67.42386936474831, "log10_alpha": -1.6734451574226261, "log10_colsample_bytree": -0.03368841998949035, "log10_eta": -2.7258997183532254, "log10_lambda": -0.2241755558130194, "log10_min_child_weight": 4.250551928368875, "log10_subsample": -0.7332801671734975, "max_depth": 8.0, "num_boost_round": 12.0}, "datetime": {"datetime": "2024-01-19 00:21:50", "elapsed": 617.488684, "delta": 0.000953}}
{"target": -17.677003890302547, "params": {"gamma": 67.42386936474831, "log10_alpha": -1.6734451574226261, "log10_colsample_bytree": -0.03368841998949035, "log10_eta": -2.7258997183532254, "log10_lambda": -0.2241755558130194, "log10_min_child_weight": 4.250551928368875, "log10_subsample": -0.7332801671734975, "max_depth": 8.0, "num_boost_round": 13.0}, "datetime": {"datetime": "2024-01-19 00:21:50", "elapsed": 617.489632, "delta": 0.000948}}
{"target": -17.676988094630293, "params": {"gamma": 67.42386936474831, "log10_alpha": -1.6734451574226261, "log10_colsample_bytree": -0.03368841998949035, "log10_eta": -2.7258997183532254, "log10_lambda": -0.2241755558130194, "log10_min_child_weight": 4.250551928368875, "log10_subsample": -0.7332801671734975, "max_depth": 8.0, "num_boost_round": 14.0}, "datetime": {"datetime": "2024-01-19 00:21:50", "elapsed": 617.490594, "delta": 0.000962}}
{"target": -17.676970035271314, "params": {"gamma": 67.42386936474831, "log10_alpha": -1.6734451574226261, "log10_colsample_bytree": -0.03368841998949035, "log10_eta": -2.7258997183532254, "log10_lambda": -0.2241755558130194, "log10_min_child_weight": 4.250551928368875, "log10_subsample": -0.7332801671734975, "max_depth": 8.0, "num_boost_round": 15.0}, "datetime": {"datetime": "2024-01-19 00:21:50", "elapsed": 617.491551, "delta": 0.000957}}
{"target": -17.677091090761248, "params": {"gamma": 69.7584860815712, "log10_alpha": -4.033657607115735, "log10_colsample_bytree": -0.5217623453379725, "log10_eta": -2.4770376998887493, "log10_lambda": 0.147986868635968, "log10_min_child_weight": 1.0637624081271952, "log10_subsample": -0.7437482338080088, "max_depth": 8.0, "num_boost_round": 0.0}, "datetime": {"datetime": "2024-01-19 00:22:14", "elapsed": 642.022568, "delta": 24.531017}}
{"target": -17.6769018106208, "params": {"gamma": 69.7584860815712, "log10_alpha": -4.033657607115735, "log10_colsample_bytree": -0.5217623453379725, "log10_eta": -2.4770376998887493, "log10_lambda": 0.147986868635968, "log10_min_child_weight": 1.0637624081271952, "log10_subsample": -0.7437482338080088, "max_depth": 8.0, "num_boost_round": 1.0}, "datetime": {"datetime": "2024-01-19 00:22:14", "elapsed": 642.023937, "delta": 0.001369}}
{"target": -17.67657221487558, "params": {"gamma": 69.7584860815712, "log10_alpha": -4.033657607115735, "log10_colsample_bytree": -0.5217623453379725, "log10_eta": -2.4770376998887493, "log10_lambda": 0.147986868635968, "log10_min_child_weight": 1.0637624081271952, "log10_subsample": -0.7437482338080088, "max_depth": 8.0, "num_boost_round": 2.0}, "datetime": {"datetime": "2024-01-19 00:22:14", "elapsed": 642.024964, "delta": 0.001027}}
{"target": -17.67650234074142, "params": {"gamma": 69.7584860815712, "log10_alpha": -4.033657607115735, "log10_colsample_bytree": -0.5217623453379725, "log10_eta": -2.4770376998887493, "log10_lambda": 0.147986868635968, "log10_min_child_weight": 1.0637624081271952, "log10_subsample": -0.7437482338080088, "max_depth": 8.0, "num_boost_round": 3.0}, "datetime": {"datetime": "2024-01-19 00:22:14", "elapsed": 642.026066, "delta": 0.001102}}
{"target": -17.676318691274258, "params": {"gamma": 69.7584860815712, "log10_alpha": -4.033657607115735, "log10_colsample_bytree": -0.5217623453379725, "log10_eta": -2.4770376998887493, "log10_lambda": 0.147986868635968, "log10_min_child_weight": 1.0637624081271952, "log10_subsample": -0.7437482338080088, "max_depth": 8.0, "num_boost_round": 4.0}, "datetime": {"datetime": "2024-01-19 00:22:14", "elapsed": 642.027027, "delta": 0.000961}}
{"target": -17.676201253541034, "params": {"gamma": 69.7584860815712, "log10_alpha": -4.033657607115735, "log10_colsample_bytree": -0.5217623453379725, "log10_eta": -2.4770376998887493, "log10_lambda": 0.147986868635968, "log10_min_child_weight": 1.0637624081271952, "log10_subsample": -0.7437482338080088, "max_depth": 8.0, "num_boost_round": 5.0}, "datetime": {"datetime": "2024-01-19 00:22:14", "elapsed": 642.028194, "delta": 0.001167}}
{"target": -17.676069007791273, "params": {"gamma": 69.7584860815712, "log10_alpha": -4.033657607115735, "log10_colsample_bytree": -0.5217623453379725, "log10_eta": -2.4770376998887493, "log10_lambda": 0.147986868635968, "log10_min_child_weight": 1.0637624081271952, "log10_subsample": -0.7437482338080088, "max_depth": 8.0, "num_boost_round": 6.0}, "datetime": {"datetime": "2024-01-19 00:22:14", "elapsed": 642.029344, "delta": 0.00115}}
{"target": -17.675923919181393, "params": {"gamma": 69.7584860815712, "log10_alpha": -4.033657607115735, "log10_colsample_bytree": -0.5217623453379725, "log10_eta": -2.4770376998887493, "log10_lambda": 0.147986868635968, "log10_min_child_weight": 1.0637624081271952, "log10_subsample": -0.7437482338080088, "max_depth": 8.0, "num_boost_round": 7.0}, "datetime": {"datetime": "2024-01-19 00:22:14", "elapsed": 642.030496, "delta": 0.001152}}
{"target": -17.675786782694388, "params": {"gamma": 69.7584860815712, "log10_alpha": -4.033657607115735, "log10_colsample_bytree": -0.5217623453379725, "log10_eta": -2.4770376998887493, "log10_lambda": 0.147986868635968, "log10_min_child_weight": 1.0637624081271952, "log10_subsample": -0.7437482338080088, "max_depth": 8.0, "num_boost_round": 8.0}, "datetime": {"datetime": "2024-01-19 00:22:14", "elapsed": 642.031619, "delta": 0.001123}}
{"target": -17.675619458734015, "params": {"gamma": 69.7584860815712, "log10_alpha": -4.033657607115735, "log10_colsample_bytree": -0.5217623453379725, "log10_eta": -2.4770376998887493, "log10_lambda": 0.147986868635968, "log10_min_child_weight": 1.0637624081271952, "log10_subsample": -0.7437482338080088, "max_depth": 8.0, "num_boost_round": 9.0}, "datetime": {"datetime": "2024-01-19 00:22:14", "elapsed": 642.032608, "delta": 0.000989}}
{"target": -17.675257198439326, "params": {"gamma": 69.7584860815712, "log10_alpha": -4.033657607115735, "log10_colsample_bytree": -0.5217623453379725, "log10_eta": -2.4770376998887493, "log10_lambda": 0.147986868635968, "log10_min_child_weight": 1.0637624081271952, "log10_subsample": -0.7437482338080088, "max_depth": 8.0, "num_boost_round": 10.0}, "datetime": {"datetime": "2024-01-19 00:22:14", "elapsed": 642.033855, "delta": 0.001247}}
{"target": -17.675070855779275, "params": {"gamma": 69.7584860815712, "log10_alpha": -4.033657607115735, "log10_colsample_bytree": -0.5217623453379725, "log10_eta": -2.4770376998887493, "log10_lambda": 0.147986868635968, "log10_min_child_weight": 1.0637624081271952, "log10_subsample": -0.7437482338080088, "max_depth": 8.0, "num_boost_round": 11.0}, "datetime": {"datetime": "2024-01-19 00:22:14", "elapsed": 642.034863, "delta": 0.001008}}
{"target": -17.67503043770605, "params": {"gamma": 69.7584860815712, "log10_alpha": -4.033657607115735, "log10_colsample_bytree": -0.5217623453379725, "log10_eta": -2.4770376998887493, "log10_lambda": 0.147986868635968, "log10_min_child_weight": 1.0637624081271952, "log10_subsample": -0.7437482338080088, "max_depth": 8.0, "num_boost_round": 12.0}, "datetime": {"datetime": "2024-01-19 00:22:14", "elapsed": 642.035852, "delta": 0.000989}}
{"target": -17.675234892987124, "params": {"gamma": 69.7584860815712, "log10_alpha": -4.033657607115735, "log10_colsample_bytree": -0.5217623453379725, "log10_eta": -2.4770376998887493, "log10_lambda": 0.147986868635968, "log10_min_child_weight": 1.0637624081271952, "log10_subsample": -0.7437482338080088, "max_depth": 8.0, "num_boost_round": 13.0}, "datetime": {"datetime": "2024-01-19 00:22:14", "elapsed": 642.036848, "delta": 0.000996}}
{"target": -17.67540048409612, "params": {"gamma": 69.7584860815712, "log10_alpha": -4.033657607115735, "log10_colsample_bytree": -0.5217623453379725, "log10_eta": -2.4770376998887493, "log10_lambda": 0.147986868635968, "log10_min_child_weight": 1.0637624081271952, "log10_subsample": -0.7437482338080088, "max_depth": 8.0, "num_boost_round": 14.0}, "datetime": {"datetime": "2024-01-19 00:22:14", "elapsed": 642.03787, "delta": 0.001022}}
{"target": -17.67537553297855, "params": {"gamma": 69.7584860815712, "log10_alpha": -4.033657607115735, "log10_colsample_bytree": -0.5217623453379725, "log10_eta": -2.4770376998887493, "log10_lambda": 0.147986868635968, "log10_min_child_weight": 1.0637624081271952, "log10_subsample": -0.7437482338080088, "max_depth": 8.0, "num_boost_round": 15.0}, "datetime": {"datetime": "2024-01-19 00:22:14", "elapsed": 642.038911, "delta": 0.001041}}
{"target": -17.67721397977919, "params": {"gamma": 72.85482861898996, "log10_alpha": 0.8580089726576805, "log10_colsample_bytree": -0.972632312938779, "log10_eta": -3.441049996201218, "log10_lambda": -0.3262967843106175, "log10_min_child_weight": 0.4667194313793982, "log10_subsample": -0.3518701618229412, "max_depth": 6.0, "num_boost_round": 0.0}, "datetime": {"datetime": "2024-01-19 00:22:38", "elapsed": 666.213754, "delta": 24.174843}}
{"target": -17.67721181348208, "params": {"gamma": 72.85482861898996, "log10_alpha": 0.8580089726576805, "log10_colsample_bytree": -0.972632312938779, "log10_eta": -3.441049996201218, "log10_lambda": -0.3262967843106175, "log10_min_child_weight": 0.4667194313793982, "log10_subsample": -0.3518701618229412, "max_depth": 6.0, "num_boost_round": 1.0}, "datetime": {"datetime": "2024-01-19 00:22:38", "elapsed": 666.214917, "delta": 0.001163}}
{"target": -17.67719924495764, "params": {"gamma": 72.85482861898996, "log10_alpha": 0.8580089726576805, "log10_colsample_bytree": -0.972632312938779, "log10_eta": -3.441049996201218, "log10_lambda": -0.3262967843106175, "log10_min_child_weight": 0.4667194313793982, "log10_subsample": -0.3518701618229412, "max_depth": 6.0, "num_boost_round": 2.0}, "datetime": {"datetime": "2024-01-19 00:22:38", "elapsed": 666.215959, "delta": 0.001042}}
{"target": -17.67719269248236, "params": {"gamma": 72.85482861898996, "log10_alpha": 0.8580089726576805, "log10_colsample_bytree": -0.972632312938779, "log10_eta": -3.441049996201218, "log10_lambda": -0.3262967843106175, "log10_min_child_weight": 0.4667194313793982, "log10_subsample": -0.3518701618229412, "max_depth": 6.0, "num_boost_round": 3.0}, "datetime": {"datetime": "2024-01-19 00:22:38", "elapsed": 666.217547, "delta": 0.001588}}
{"target": -17.677170824111506, "params": {"gamma": 72.85482861898996, "log10_alpha": 0.8580089726576805, "log10_colsample_bytree": -0.972632312938779, "log10_eta": -3.441049996201218, "log10_lambda": -0.3262967843106175, "log10_min_child_weight": 0.4667194313793982, "log10_subsample": -0.3518701618229412, "max_depth": 6.0, "num_boost_round": 4.0}, "datetime": {"datetime": "2024-01-19 00:22:38", "elapsed": 666.218577, "delta": 0.00103}}
{"target": -17.677160636576602, "params": {"gamma": 72.85482861898996, "log10_alpha": 0.8580089726576805, "log10_colsample_bytree": -0.972632312938779, "log10_eta": -3.441049996201218, "log10_lambda": -0.3262967843106175, "log10_min_child_weight": 0.4667194313793982, "log10_subsample": -0.3518701618229412, "max_depth": 6.0, "num_boost_round": 5.0}, "datetime": {"datetime": "2024-01-19 00:22:38", "elapsed": 666.219576, "delta": 0.000999}}
{"target": -17.67716979177968, "params": {"gamma": 72.85482861898996, "log10_alpha": 0.8580089726576805, "log10_colsample_bytree": -0.972632312938779, "log10_eta": -3.441049996201218, "log10_lambda": -0.3262967843106175, "log10_min_child_weight": 0.4667194313793982, "log10_subsample": -0.3518701618229412, "max_depth": 6.0, "num_boost_round": 6.0}, "datetime": {"datetime": "2024-01-19 00:22:38", "elapsed": 666.220612, "delta": 0.001036}}
{"target": -17.677157677829072, "params": {"gamma": 72.85482861898996, "log10_alpha": 0.8580089726576805, "log10_colsample_bytree": -0.972632312938779, "log10_eta": -3.441049996201218, "log10_lambda": -0.3262967843106175, "log10_min_child_weight": 0.4667194313793982, "log10_subsample": -0.3518701618229412, "max_depth": 6.0, "num_boost_round": 7.0}, "datetime": {"datetime": "2024-01-19 00:22:38", "elapsed": 666.22159, "delta": 0.000978}}
