{"target": -17.6772141947298, "params": {"gamma": 10.374153885699954, "log10_alpha": -1.9887524471075677, "log10_colsample_bytree": -0.5042267068658539, "log10_eta": -3.4646818841628937, "log10_lambda": -4.1473334872727685, "log10_min_child_weight": 1.0927933781303911, "log10_subsample": -0.5814918194895475, "max_depth": 3.0, "num_boost_round": 0.0}, "datetime": {"datetime": "2024-01-19 00:10:46", "elapsed": 0.0, "delta": 0.0}}
{"target": -17.67719552925649, "params": {"gamma": 10.374153885699954, "log10_alpha": -1.9887524471075677, "log10_colsample_bytree": -0.5042267068658539, "log10_eta": -3.4646818841628937, "log10_lambda": -4.1473334872727685, "log10_min_child_weight": 1.0927933781303911, "log10_subsample": -0.5814918194895475, "max_depth": 3.0, "num_boost_round": 1.0}, "datetime": {"datetime": "2024-01-19 00:10:46", "elapsed": 0.002492, "delta": 0.002492}}
{"target": -17.677182417845646, "params": {"gamma": 10.374153885699954, "log10_alpha": -1.9887524471075677, "log10_colsample_bytree": -0.5042267068658539, "log10_eta": -3.4646818841628937, "log10_lambda": -4.1473334872727685, "log10_min_child_weight": 1.0927933781303911, "log10_subsample": -0.5814918194895475, "max_depth": 3.0, "num_boost_round": 2.0}, "datetime": {"datetime": "2024-01-19 00:10:46", "elapsed": 0.002671, "delta": 0.000179}}
{"target": -17.677175846842005, "params": {"gamma": 10.374153885699954, "log10_alpha": -1.9887524471075677, "log10_colsample_bytree": -0.5042267068658539, "log10_eta": -3.4646818841628937, "log10_lambda": -4.1473334872727685, "log10_min_child_weight": 1.0927933781303911, "log10_subsample": -0.5814918194895475, "max_depth": 3.0, "num_boost_round": 3.0}, "datetime": {"datetime": "2024-01-19 00:10:46", "elapsed": 0.002823, "delta": 0.000152}}
{"target": -17.677174225770596, "params": {"gamma": 10.374153885699954, "log10_alpha": -1.9887524471075677, "log10_colsample_bytree": -0.5042267068658539, "log10_eta": -3.4646818841628937, "log10_lambda": -4.1473334872727685, "log10_min_child_weight": 1.0927933781303911, "log10_subsample": -0.5814918194895475, "max_depth": 3.0, "num_boost_round": 4.0}, "datetime": {"datetime": "2024-01-19 00:10:46", "elapsed": 0.002971, "delta": 0.000148}}
{"target": -17.67715943698175, "params": {"gamma": 10.374153885699954, "log10_alpha": -1.9887524471075677, "log10_colsample_bytree": -0.5042267068658539, "log10_eta": -3.4646818841628937, "log10_lambda": -4.1473334872727685, "log10_min_child_weight": 1.0927933781303911, "log10_subsample": -0.5814918194895475, "max_depth": 3.0, "num_boost_round": 5.0}, "datetime": {"datetime": "2024-01-19 00:10:46", "elapsed": 0.003114, "delta": 0.000143}}
{"target": -17.677146319647836, "params": {"gamma": 10.374153885699954, "log10_alpha": -1.9887524471075677, "log10_colsample_bytree": -0.5042267068658539, "log10_eta": -3.4646818841628937, "log10_lambda": -4.1473334872727685, "log10_min_child_weight": 1.0927933781303911, "log10_subsample": -0.5814918194895475, "max_depth": 3.0, "num_boost_round": 6.0}, "datetime": {"datetime": "2024-01-19 00:10:46", "elapsed": 0.003269, "delta": 0.000155}}
{"target": -17.677145334516393, "params": {"gamma": 10.374153885699954, "log10_alpha": -1.9887524471075677, "log10_colsample_bytree": -0.5042267068658539, "log10_eta": -3.4646818841628937, "log10_lambda": -4.1473334872727685, "log10_min_child_weight": 1.0927933781303911, "log10_subsample": -0.5814918194895475, "max_depth": 3.0, "num_boost_round": 7.0}, "datetime": {"datetime": "2024-01-19 00:10:46", "elapsed": 0.003442, "delta": 0.000173}}
{"target": -17.67714008830502, "params": {"gamma": 10.374153885699954, "log10_alpha": -1.9887524471075677, "log10_colsample_bytree": -0.5042267068658539, "log10_eta": -3.4646818841628937, "log10_lambda": -4.1473334872727685, "log10_min_child_weight": 1.0927933781303911, "log10_subsample": -0.5814918194895475, "max_depth": 3.0, "num_boost_round": 8.0}, "datetime": {"datetime": "2024-01-19 00:10:46", "elapsed": 0.003602, "delta": 0.00016}}
{"target": -17.677125094644783, "params": {"gamma": 10.374153885699954, "log10_alpha": -1.9887524471075677, "log10_colsample_bytree": -0.5042267068658539, "log10_eta": -3.4646818841628937, "log10_lambda": -4.1473334872727685, "log10_min_child_weight": 1.0927933781303911, "log10_subsample": -0.5814918194895475, "max_depth": 3.0, "num_boost_round": 9.0}, "datetime": {"datetime": "2024-01-19 00:10:46", "elapsed": 0.007735, "delta": 0.004133}}
{"target": -17.677108574704224, "params": {"gamma": 10.374153885699954, "log10_alpha": -1.9887524471075677, "log10_colsample_bytree": -0.5042267068658539, "log10_eta": -3.4646818841628937, "log10_lambda": -4.1473334872727685, "log10_min_child_weight": 1.0927933781303911, "log10_subsample": -0.5814918194895475, "max_depth": 3.0, "num_boost_round": 10.0}, "datetime": {"datetime": "2024-01-19 00:10:46", "elapsed": 0.0079, "delta": 0.000165}}
{"target": -17.677099662903302, "params": {"gamma": 10.374153885699954, "log10_alpha": -1.9887524471075677, "log10_colsample_bytree": -0.5042267068658539, "log10_eta": -3.4646818841628937, "log10_lambda": -4.1473334872727685, "log10_min_child_weight": 1.0927933781303911, "log10_subsample": -0.5814918194895475, "max_depth": 3.0, "num_boost_round": 11.0}, "datetime": {"datetime": "2024-01-19 00:10:46", "elapsed": 0.008045, "delta": 0.000145}}
{"target": -17.677087971266186, "params": {"gamma": 10.374153885699954, "log10_alpha": -1.9887524471075677, "log10_colsample_bytree": -0.5042267068658539, "log10_eta": -3.4646818841628937, "log10_lambda": -4.1473334872727685, "log10_min_child_weight": 1.0927933781303911, "log10_subsample": -0.5814918194895475, "max_depth": 3.0, "num_boost_round": 12.0}, "datetime": {"datetime": "2024-01-19 00:10:46", "elapsed": 0.008194, "delta": 0.000149}}
{"target": -17.67707669925689, "params": {"gamma": 10.374153885699954, "log10_alpha": -1.9887524471075677, "log10_colsample_bytree": -0.5042267068658539, "log10_eta": -3.4646818841628937, "log10_lambda": -4.1473334872727685, "log10_min_child_weight": 1.0927933781303911, "log10_subsample": -0.5814918194895475, "max_depth": 3.0, "num_boost_round": 13.0}, "datetime": {"datetime": "2024-01-19 00:10:46", "elapsed": 0.008338, "delta": 0.000144}}
{"target": -17.67707216652029, "params": {"gamma": 10.374153885699954, "log10_alpha": -1.9887524471075677, "log10_colsample_bytree": -0.5042267068658539, "log10_eta": -3.4646818841628937, "log10_lambda": -4.1473334872727685, "log10_min_child_weight": 1.0927933781303911, "log10_subsample": -0.5814918194895475, "max_depth": 3.0, "num_boost_round": 14.0}, "datetime": {"datetime": "2024-01-19 00:10:46", "elapsed": 0.008488, "delta": 0.00015}}
{"target": -17.677063327619432, "params": {"gamma": 10.374153885699954, "log10_alpha": -1.9887524471075677, "log10_colsample_bytree": -0.5042267068658539, "log10_eta": -3.4646818841628937, "log10_lambda": -4.1473334872727685, "log10_min_child_weight": 1.0927933781303911, "log10_subsample": -0.5814918194895475, "max_depth": 3.0, "num_boost_round": 15.0}, "datetime": {"datetime": "2024-01-19 00:10:46", "elapsed": 0.008634, "delta": 0.000146}}
{"target": -17.67705137037896, "params": {"gamma": 10.374153885699954, "log10_alpha": -1.9887524471075677, "log10_colsample_bytree": -0.5042267068658539, "log10_eta": -3.4646818841628937, "log10_lambda": -4.1473334872727685, "log10_min_child_weight": 1.0927933781303911, "log10_subsample": -0.5814918194895475, "max_depth": 3.0, "num_boost_round": 16.0}, "datetime": {"datetime": "2024-01-19 00:10:46", "elapsed": 0.008784, "delta": 0.00015}}
{"target": -17.677051952397704, "params": {"gamma": 10.374153885699954, "log10_alpha": -1.9887524471075677, "log10_colsample_bytree": -0.5042267068658539, "log10_eta": -3.4646818841628937, "log10_lambda": -4.1473334872727685, "log10_min_child_weight": 1.0927933781303911, "log10_subsample": -0.5814918194895475, "max_depth": 3.0, "num_boost_round": 17.0}, "datetime": {"datetime": "2024-01-19 00:10:46", "elapsed": 0.008929, "delta": 0.000145}}
{"target": -17.677048513120635, "params": {"gamma": 10.374153885699954, "log10_alpha": -1.9887524471075677, "log10_colsample_bytree": -0.5042267068658539, "log10_eta": -3.4646818841628937, "log10_lambda": -4.1473334872727685, "log10_min_child_weight": 1.0927933781303911, "log10_subsample": -0.5814918194895475, "max_depth": 3.0, "num_boost_round": 18.0}, "datetime": {"datetime": "2024-01-19 00:10:46", "elapsed": 0.009078, "delta": 0.000149}}
{"target": -17.677044974151823, "params": {"gamma": 10.374153885699954, "log10_alpha": -1.9887524471075677, "log10_colsample_bytree": -0.5042267068658539, "log10_eta": -3.4646818841628937, "log10_lambda": -4.1473334872727685, "log10_min_child_weight": 1.0927933781303911, "log10_subsample": -0.5814918194895475, "max_depth": 3.0, "num_boost_round": 19.0}, "datetime": {"datetime": "2024-01-19 00:10:46", "elapsed": 0.00923, "delta": 0.000152}}
{"target": -17.677035819707868, "params": {"gamma": 10.374153885699954, "log10_alpha": -1.9887524471075677, "log10_colsample_bytree": -0.5042267068658539, "log10_eta": -3.4646818841628937, "log10_lambda": -4.1473334872727685, "log10_min_child_weight": 1.0927933781303911, "log10_subsample": -0.5814918194895475, "max_depth": 3.0, "num_boost_round": 20.0}, "datetime": {"datetime": "2024-01-19 00:10:46", "elapsed": 0.009396, "delta": 0.000166}}
{"target": -17.677016855474363, "params": {"gamma": 10.374153885699954, "log10_alpha": -1.9887524471075677, "log10_colsample_bytree": -0.5042267068658539, "log10_eta": -3.4646818841628937, "log10_lambda": -4.1473334872727685, "log10_min_child_weight": 1.0927933781303911, "log10_subsample": -0.5814918194895475, "max_depth": 3.0, "num_boost_round": 21.0}, "datetime": {"datetime": "2024-01-19 00:10:46", "elapsed": 0.009591, "delta": 0.000195}}
{"target": -17.676997517976975, "params": {"gamma": 10.374153885699954, "log10_alpha": -1.9887524471075677, "log10_colsample_bytree": -0.5042267068658539, "log10_eta": -3.4646818841628937, "log10_lambda": -4.1473334872727685, "log10_min_child_weight": 1.0927933781303911, "log10_subsample": -0.5814918194895475, "max_depth": 3.0, "num_boost_round": 22.0}, "datetime": {"datetime": "2024-01-19 00:10:46", "elapsed": 0.009745, "delta": 0.000154}}
{"target": -17.67697072283689, "params": {"gamma": 10.374153885699954, "log10_alpha": -1.9887524471075677, "log10_colsample_bytree": -0.5042267068658539, "log10_eta": -3.4646818841628937, "log10_lambda": -4.1473334872727685, "log10_min_child_weight": 1.0927933781303911, "log10_subsample": -0.5814918194895475, "max_depth": 3.0, "num_boost_round": 23.0}, "datetime": {"datetime": "2024-01-19 00:10:46", "elapsed": 0.009903, "delta": 0.000158}}
{"target": -17.676963272546466, "params": {"gamma": 10.374153885699954, "log10_alpha": -1.9887524471075677, "log10_colsample_bytree": -0.5042267068658539, "log10_eta": -3.4646818841628937, "log10_lambda": -4.1473334872727685, "log10_min_child_weight": 1.0927933781303911, "log10_subsample": -0.5814918194895475, "max_depth": 3.0, "num_boost_round": 24.0}, "datetime": {"datetime": "2024-01-19 00:10:46", "elapsed": 0.010059, "delta": 0.000156}}
{"target": -17.6770816287332, "params": {"gamma": 8.828119533189515, "log10_alpha": -1.6400190291418983, "log10_colsample_bytree": -0.4363211810003632, "log10_eta": -2.4655491983695135, "log10_lambda": -3.06887704242277, "log10_min_child_weight": 1.6194875141982168, "log10_subsample": -0.5233723869816239, "max_depth": 8.0, "num_boost_round": 0.0}, "datetime": {"datetime": "2024-01-19 00:11:19", "elapsed": 33.137195, "delta": 33.127136}}
{"target": -17.676865069834307, "params": {"gamma": 8.828119533189515, "log10_alpha": -1.6400190291418983, "log10_colsample_bytree": -0.4363211810003632, "log10_eta": -2.4655491983695135, "log10_lambda": -3.06887704242277, "log10_min_child_weight": 1.6194875141982168, "log10_subsample": -0.5233723869816239, "max_depth": 8.0, "num_boost_round": 1.0}, "datetime": {"datetime": "2024-01-19 00:11:19", "elapsed": 33.138448, "delta": 0.001253}}
{"target": -17.676897683866596, "params": {"gamma": 8.828119533189515, "log10_alpha": -1.6400190291418983, "log10_colsample_bytree": -0.4363211810003632, "log10_eta": -2.4655491983695135, "log10_lambda": -3.06887704242277, "log10_min_child_weight": 1.6194875141982168, "log10_subsample": -0.5233723869816239, "max_depth": 8.0, "num_boost_round": 2.0}, "datetime": {"datetime": "2024-01-19 00:11:19", "elapsed": 33.138913, "delta": 0.000465}}
{"target": -17.67660698287954, "params": {"gamma": 8.828119533189515, "log10_alpha": -1.6400190291418983, "log10_colsample_bytree": -0.4363211810003632, "log10_eta": -2.4655491983695135, "log10_lambda": -3.06887704242277, "log10_min_child_weight": 1.6194875141982168, "log10_subsample": -0.5233723869816239, "max_depth": 8.0, "num_boost_round": 3.0}, "datetime": {"datetime": "2024-01-19 00:11:19", "elapsed": 33.139098, "delta": 0.000185}}
{"target": -17.676439512042936, "params": {"gamma": 8.828119533189515, "log10_alpha": -1.6400190291418983, "log10_colsample_bytree": -0.4363211810003632, "log10_eta": -2.4655491983695135, "log10_lambda": -3.06887704242277, "log10_min_child_weight": 1.6194875141982168, "log10_subsample": -0.5233723869816239, "max_depth": 8.0, "num_boost_round": 4.0}, "datetime": {"datetime": "2024-01-19 00:11:19", "elapsed": 33.139255, "delta": 0.000157}}
{"target": -17.676124779233568, "params": {"gamma": 8.828119533189515, "log10_alpha": -1.6400190291418983, "log10_colsample_bytree": -0.4363211810003632, "log10_eta": -2.4655491983695135, "log10_lambda": -3.06887704242277, "log10_min_child_weight": 1.6194875141982168, "log10_subsample": -0.5233723869816239, "max_depth": 8.0, "num_boost_round": 5.0}, "datetime": {"datetime": "2024-01-19 00:11:19", "elapsed": 33.139415, "delta": 0.00016}}
{"target": -17.676133048596753, "params": {"gamma": 8.828119533189515, "log10_alpha": -1.6400190291418983, "log10_colsample_bytree": -0.4363211810003632, "log10_eta": -2.4655491983695135, "log10_lambda": -3.06887704242277, "log10_min_child_weight": 1.6194875141982168, "log10_subsample": -0.5233723869816239, "max_depth": 8.0, "num_boost_round": 6.0}, "datetime": {"datetime": "2024-01-19 00:11:19", "elapsed": 33.139568, "delta": 0.000153}}
{"target": -17.675910965441098, "params": {"gamma": 8.828119533189515, "log10_alpha": -1.6400190291418983, "log10_colsample_bytree": -0.4363211810003632, "log10_eta": -2.4655491983695135, "log10_lambda": -3.06887704242277, "log10_min_child_weight": 1.6194875141982168, "log10_subsample": -0.5233723869816239, "max_depth": 8.0, "num_boost_round": 7.0}, "datetime": {"datetime": "2024-01-19 00:11:19", "elapsed": 33.139715, "delta": 0.000147}}
{"target": -17.67574095665136, "params": {"gamma": 8.828119533189515, "log10_alpha": -1.6400190291418983, "log10_colsample_bytree": -0.4363211810003632, "log10_eta": -2.4655491983695135, "log10_lambda": -3.06887704242277, "log10_min_child_weight": 1.6194875141982168, "log10_subsample": -0.5233723869816239, "max_depth": 8.0, "num_boost_round": 8.0}, "datetime": {"datetime": "2024-01-19 00:11:19", "elapsed": 33.139867, "delta": 0.000152}}
{"target": -17.67548602992052, "params": {"gamma": 8.828119533189515, "log10_alpha": -1.6400190291418983, "log10_colsample_bytree": -0.4363211810003632, "log10_eta": -2.4655491983695135, "log10_lambda": -3.06887704242277, "log10_min_child_weight": 1.6194875141982168, "log10_subsample": -0.5233723869816239, "max_depth": 8.0, "num_boost_round": 9.0}, "datetime": {"datetime": "2024-01-19 00:11:19", "elapsed": 33.140025, "delta": 0.000158}}
{"target": -17.675414947092907, "params": {"gamma": 8.828119533189515, "log10_alpha": -1.6400190291418983, "log10_colsample_bytree": -0.4363211810003632, "log10_eta": -2.4655491983695135, "log10_lambda": -3.06887704242277, "log10_min_child_weight": 1.6194875141982168, "log10_subsample": -0.5233723869816239, "max_depth": 8.0, "num_boost_round": 10.0}, "datetime": {"datetime": "2024-01-19 00:11:19", "elapsed": 33.14018, "delta": 0.000155}}
{"target": -17.674988899109326, "params": {"gamma": 8.828119533189515, "log10_alpha": -1.6400190291418983, "log10_colsample_bytree": -0.4363211810003632, "log10_eta": -2.4655491983695135, "log10_lambda": -3.06887704242277, "log10_min_child_weight": 1.6194875141982168, "log10_subsample": -0.5233723869816239, "max_depth": 8.0, "num_boost_round": 11.0}, "datetime": {"datetime": "2024-01-19 00:11:19", "elapsed": 33.14033, "delta": 0.00015}}
{"target": -17.675030245645985, "params": {"gamma": 8.828119533189515, "log10_alpha": -1.6400190291418983, "log10_colsample_bytree": -0.4363211810003632, "log10_eta": -2.4655491983695135, "log10_lambda": -3.06887704242277, "log10_min_child_weight": 1.6194875141982168, "log10_subsample": -0.5233723869816239, "max_depth": 8.0, "num_boost_round": 12.0}, "datetime": {"datetime": "2024-01-19 00:11:19", "elapsed": 33.14049, "delta": 0.00016}}
{"target": -17.675018802208935, "params": {"gamma": 8.828119533189515, "log10_alpha": -1.6400190291418983, "log10_colsample_bytree": -0.4363211810003632, "log10_eta": -2.4655491983695135, "log10_lambda": -3.06887704242277, "log10_min_child_weight": 1.6194875141982168, "log10_subsample": -0.5233723869816239, "max_depth": 8.0, "num_boost_round": 13.0}, "datetime": {"datetime": "2024-01-19 00:11:19", "elapsed": 33.140651, "delta": 0.000161}}
{"target": -17.67504078165891, "params": {"gamma": 8.828119533189515, "log10_alpha": -1.6400190291418983, "log10_colsample_bytree": -0.4363211810003632, "log10_eta": -2.4655491983695135, "log10_lambda": -3.06887704242277, "log10_min_child_weight": 1.6194875141982168, "log10_subsample": -0.5233723869816239, "max_depth": 8.0, "num_boost_round": 14.0}, "datetime": {"datetime": "2024-01-19 00:11:19", "elapsed": 33.140809, "delta": 0.000158}}
{"target": -17.674953944906814, "params": {"gamma": 8.828119533189515, "log10_alpha": -1.6400190291418983, "log10_colsample_bytree": -0.4363211810003632, "log10_eta": -2.4655491983695135, "log10_lambda": -3.06887704242277, "log10_min_child_weight": 1.6194875141982168, "log10_subsample": -0.5233723869816239, "max_depth": 8.0, "num_boost_round": 15.0}, "datetime": {"datetime": "2024-01-19 00:11:19", "elapsed": 33.14097, "delta": 0.000161}}
{"target": -17.674654614696845, "params": {"gamma": 8.828119533189515, "log10_alpha": -1.6400190291418983, "log10_colsample_bytree": -0.4363211810003632, "log10_eta": -2.4655491983695135, "log10_lambda": -3.06887704242277, "log10_min_child_weight": 1.6194875141982168, "log10_subsample": -0.5233723869816239, "max_depth": 8.0, "num_boost_round": 16.0}, "datetime": {"datetime": "2024-01-19 00:11:19", "elapsed": 33.141129, "delta": 0.000159}}
{"target": -17.674765510784, "params": {"gamma": 8.828119533189515, "log10_alpha": -1.6400190291418983, "log10_colsample_bytree": -0.4363211810003632, "log10_eta": -2.4655491983695135, "log10_lambda": -3.06887704242277, "log10_min_child_weight": 1.6194875141982168, "log10_subsample": -0.5233723869816239, "max_depth": 8.0, "num_boost_round": 17.0}, "datetime": {"datetime": "2024-01-19 00:11:19", "elapsed": 33.14129, "delta": 0.000161}}
{"target": -17.675048838970486, "params": {"gamma": 8.828119533189515, "log10_alpha": -1.6400190291418983, "log10_colsample_bytree": -0.4363211810003632, "log10_eta": -2.4655491983695135, "log10_lambda": -3.06887704242277, "log10_min_child_weight": 1.6194875141982168, "log10_subsample": -0.5233723869816239, "max_depth": 8.0, "num_boost_round": 18.0}, "datetime": {"datetime": "2024-01-19 00:11:19", "elapsed": 33.141459, "delta": 0.000169}}
{"target": -17.674871868014684, "params": {"gamma": 8.828119533189515, "log10_alpha": -1.6400190291418983, "log10_colsample_bytree": -0.4363211810003632, "log10_eta": -2.4655491983695135, "log10_lambda": -3.06887704242277, "log10_min_child_weight": 1.6194875141982168, "log10_subsample": -0.5233723869816239, "max_depth": 8.0, "num_boost_round": 19.0}, "datetime": {"datetime": "2024-01-19 00:11:19", "elapsed": 33.141621, "delta": 0.000162}}
{"target": -17.67469825260332, "params": {"gamma": 8.828119533189515, "log10_alpha": -1.6400190291418983, "log10_colsample_bytree": -0.4363211810003632, "log10_eta": -2.4655491983695135, "log10_lambda": -3.06887704242277, "log10_min_child_weight": 1.6194875141982168, "log10_subsample": -0.5233723869816239, "max_depth": 8.0, "num_boost_round": 20.0}, "datetime": {"datetime": "2024-01-19 00:11:19", "elapsed": 33.141783, "delta": 0.000162}}
{"target": -17.674892978326266, "params": {"gamma": 8.828119533189515, "log10_alpha": -1.6400190291418983, "log10_colsample_bytree": -0.4363211810003632, "log10_eta": -2.4655491983695135, "log10_lambda": -3.06887704242277, "log10_min_child_weight": 1.6194875141982168, "log10_subsample": -0.5233723869816239, "max_depth": 8.0, "num_boost_round": 21.0}, "datetime": {"datetime": "2024-01-19 00:11:19", "elapsed": 33.142049, "delta": 0.000266}}
{"target": -17.67465192313975, "params": {"gamma": 8.828119533189515, "log10_alpha": -1.6400190291418983, "log10_colsample_bytree": -0.4363211810003632, "log10_eta": -2.4655491983695135, "log10_lambda": -3.06887704242277, "log10_min_child_weight": 1.6194875141982168, "log10_subsample": -0.5233723869816239, "max_depth": 8.0, "num_boost_round": 22.0}, "datetime": {"datetime": "2024-01-19 00:11:19", "elapsed": 33.14222, "delta": 0.000171}}
{"target": -17.67448809534451, "params": {"gamma": 8.828119533189515, "log10_alpha": -1.6400190291418983, "log10_colsample_bytree": -0.4363211810003632, "log10_eta": -2.4655491983695135, "log10_lambda": -3.06887704242277, "log10_min_child_weight": 1.6194875141982168, "log10_subsample": -0.5233723869816239, "max_depth": 8.0, "num_boost_round": 23.0}, "datetime": {"datetime": "2024-01-19 00:11:19", "elapsed": 33.142396, "delta": 0.000176}}
