{"target": -13.758538319318905, "params": {"gamma": 888.4539311588169, "log10_alpha": 1.0, "log10_colsample_bytree": -0.6831528735048453, "log10_eta": -4.0, "log10_lambda": -5.0, "log10_min_child_weight": 5.0, "log10_subsample": -1.0, "max_depth": 8.0, "num_boost_round": 43.0}, "datetime": {"datetime": "2024-01-19 01:08:49", "elapsed": 3433.611606, "delta": 0.004278}}
{"target": -13.75853834654486, "params": {"gamma": 888.4539311588169, "log10_alpha": 1.0, "log10_colsample_bytree": -0.6831528735048453, "log10_eta": -4.0, "log10_lambda": -5.0, "log10_min_child_weight": 5.0, "log10_subsample": -1.0, "max_depth": 8.0, "num_boost_round": 44.0}, "datetime": {"datetime": "2024-01-19 01:08:49", "elapsed": 3433.615892, "delta": 0.004286}}
{"target": -13.75853834361631, "params": {"gamma": 888.4539311588169, "log10_alpha": 1.0, "log10_colsample_bytree": -0.6831528735048453, "log10_eta": -4.0, "log10_lambda": -5.0, "log10_min_child_weight": 5.0, "log10_subsample": -1.0, "max_depth": 8.0, "num_boost_round": 45.0}, "datetime": {"datetime": "2024-01-19 01:08:49", "elapsed": 3433.620136, "delta": 0.004244}}
{"target": -13.758538347864055, "params": {"gamma": 888.4539311588169, "log10_alpha": 1.0, "log10_colsample_bytree": -0.6831528735048453, "log10_eta": -4.0, "log10_lambda": -5.0, "log10_min_child_weight": 5.0, "log10_subsample": -1.0, "max_depth": 8.0, "num_boost_round": 46.0}, "datetime": {"datetime": "2024-01-19 01:08:49", "elapsed": 3433.624408, "delta": 0.004272}}
{"target": -13.758538325802876, "params": {"gamma": 888.4539311588169, "log10_alpha": 1.0, "log10_colsample_bytree": -0.6831528735048453, "log10_eta": -4.0, "log10_lambda": -5.0, "log10_min_child_weight": 5.0, "log10_subsample": -1.0, "max_depth": 8.0, "num_boost_round": 47.0}, "datetime": {"datetime": "2024-01-19 01:08:49", "elapsed": 3433.628664, "delta": 0.004256}}
{"target": -13.758538325771266, "params": {"gamma": 888.4539311588169, "log10_alpha": 1.0, "log10_colsample_bytree": -0.6831528735048453, "log10_eta": -4.0, "log10_lambda": -5.0, "log10_min_child_weight": 5.0, "log10_subsample": -1.0, "max_depth": 8.0, "num_boost_round": 48.0}, "datetime": {"datetime": "2024-01-19 01:08:49", "elapsed": 3433.632939, "delta": 0.004275}}
{"target": -13.758538324150772, "params": {"gamma": 888.4539311588169, "log10_alpha": 1.0, "log10_colsample_bytree": -0.6831528735048453, "log10_eta": -4.0, "log10_lambda": -5.0, "log10_min_child_weight": 5.0, "log10_subsample": -1.0, "max_depth": 8.0, "num_boost_round": 49.0}, "datetime": {"datetime": "2024-01-19 01:08:49", "elapsed": 3433.637268, "delta": 0.004329}}
{"target": -13.75853834343562, "params": {"gamma": 888.4539311588169, "log10_alpha": 1.0, "log10_colsample_bytree": -0.6831528735048453, "log10_eta": -4.0, "log10_lambda": -5.0, "log10_min_child_weight": 5.0, "log10_subsample": -1.0, "max_depth": 8.0, "num_boost_round": 50.0}, "datetime": {"datetime": "2024-01-19 01:08:49", "elapsed": 3433.641558, "delta": 0.00429}}
{"target": -13.758538314952022, "params": {"gamma": 888.4539311588169, "log10_alpha": 1.0, "log10_colsample_bytree": -0.6831528735048453, "log10_eta": -4.0, "log10_lambda": -5.0, "log10_min_child_weight": 5.0, "log10_subsample": -1.0, "max_depth": 8.0, "num_boost_round": 51.0}, "datetime": {"datetime": "2024-01-19 01:08:49", "elapsed": 3433.645883, "delta": 0.004325}}
{"target": -13.758538331756162, "params": {"gamma": 888.4539311588169, "log10_alpha": 1.0, "log10_colsample_bytree": -0.6831528735048453, "log10_eta": -4.0, "log10_lambda": -5.0, "log10_min_child_weight": 5.0, "log10_subsample": -1.0, "max_depth": 8.0, "num_boost_round": 52.0}, "datetime": {"datetime": "2024-01-19 01:08:49", "elapsed": 3433.650136, "delta": 0.004253}}
{"target": -13.758538342230807, "params": {"gamma": 888.4539311588169, "log10_alpha": 1.0, "log10_colsample_bytree": -0.6831528735048453, "log10_eta": -4.0, "log10_lambda": -5.0, "log10_min_child_weight": 5.0, "log10_subsample": -1.0, "max_depth": 8.0, "num_boost_round": 53.0}, "datetime": {"datetime": "2024-01-19 01:08:49", "elapsed": 3433.654348, "delta": 0.004212}}
{"target": -13.758538333240294, "params": {"gamma": 888.4539311588169, "log10_alpha": 1.0, "log10_colsample_bytree": -0.6831528735048453, "log10_eta": -4.0, "log10_lambda": -5.0, "log10_min_child_weight": 5.0, "log10_subsample": -1.0, "max_depth": 8.0, "num_boost_round": 54.0}, "datetime": {"datetime": "2024-01-19 01:08:49", "elapsed": 3433.662368, "delta": 0.00802}}
{"target": -13.75853833929015, "params": {"gamma": 888.4539311588169, "log10_alpha": 1.0, "log10_colsample_bytree": -0.6831528735048453, "log10_eta": -4.0, "log10_lambda": -5.0, "log10_min_child_weight": 5.0, "log10_subsample": -1.0, "max_depth": 8.0, "num_boost_round": 55.0}, "datetime": {"datetime": "2024-01-19 01:08:49", "elapsed": 3433.666715, "delta": 0.004347}}
{"target": -13.758538317131762, "params": {"gamma": 888.4539311588169, "log10_alpha": 1.0, "log10_colsample_bytree": -0.6831528735048453, "log10_eta": -4.0, "log10_lambda": -5.0, "log10_min_child_weight": 5.0, "log10_subsample": -1.0, "max_depth": 8.0, "num_boost_round": 56.0}, "datetime": {"datetime": "2024-01-19 01:08:49", "elapsed": 3433.671001, "delta": 0.004286}}
{"target": -13.758538308917498, "params": {"gamma": 888.4539311588169, "log10_alpha": 1.0, "log10_colsample_bytree": -0.6831528735048453, "log10_eta": -4.0, "log10_lambda": -5.0, "log10_min_child_weight": 5.0, "log10_subsample": -1.0, "max_depth": 8.0, "num_boost_round": 57.0}, "datetime": {"datetime": "2024-01-19 01:08:49", "elapsed": 3433.675246, "delta": 0.004245}}
{"target": -13.758538333457285, "params": {"gamma": 888.4539311588169, "log10_alpha": 1.0, "log10_colsample_bytree": -0.6831528735048453, "log10_eta": -4.0, "log10_lambda": -5.0, "log10_min_child_weight": 5.0, "log10_subsample": -1.0, "max_depth": 8.0, "num_boost_round": 58.0}, "datetime": {"datetime": "2024-01-19 01:08:49", "elapsed": 3433.679499, "delta": 0.004253}}
{"target": -13.758538334177148, "params": {"gamma": 888.4539311588169, "log10_alpha": 1.0, "log10_colsample_bytree": -0.6831528735048453, "log10_eta": -4.0, "log10_lambda": -5.0, "log10_min_child_weight": 5.0, "log10_subsample": -1.0, "max_depth": 8.0, "num_boost_round": 59.0}, "datetime": {"datetime": "2024-01-19 01:08:49", "elapsed": 3433.683746, "delta": 0.004247}}
{"target": -13.758538334179548, "params": {"gamma": 888.4539311588169, "log10_alpha": 1.0, "log10_colsample_bytree": -0.6831528735048453, "log10_eta": -4.0, "log10_lambda": -5.0, "log10_min_child_weight": 5.0, "log10_subsample": -1.0, "max_depth": 8.0, "num_boost_round": 60.0}, "datetime": {"datetime": "2024-01-19 01:08:49", "elapsed": 3433.687973, "delta": 0.004227}}
{"target": -13.758538335438294, "params": {"gamma": 888.4539311588169, "log10_alpha": 1.0, "log10_colsample_bytree": -0.6831528735048453, "log10_eta": -4.0, "log10_lambda": -5.0, "log10_min_child_weight": 5.0, "log10_subsample": -1.0, "max_depth": 8.0, "num_boost_round": 61.0}, "datetime": {"datetime": "2024-01-19 01:08:49", "elapsed": 3433.692234, "delta": 0.004261}}
{"target": -13.758532833337009, "params": {"gamma": 876.0279309326204, "log10_alpha": -1.0820859805293122, "log10_colsample_bytree": -0.5084946735568555, "log10_eta": -3.1056654229111706, "log10_lambda": -0.508804013450173, "log10_min_child_weight": 3.8674829748603576, "log10_subsample": -0.9393187001166504, "max_depth": 6.0, "num_boost_round": 0.0}, "datetime": {"datetime": "2024-01-19 01:09:49", "elapsed": 3493.758144, "delta": 60.06591}}
{"target": -13.758532628463703, "params": {"gamma": 876.0279309326204, "log10_alpha": -1.0820859805293122, "log10_colsample_bytree": -0.5084946735568555, "log10_eta": -3.1056654229111706, "log10_lambda": -0.508804013450173, "log10_min_child_weight": 3.8674829748603576, "log10_subsample": -0.9393187001166504, "max_depth": 6.0, "num_boost_round": 1.0}, "datetime": {"datetime": "2024-01-19 01:09:49", "elapsed": 3493.763027, "delta": 0.004883}}
{"target": -13.758531268289923, "params": {"gamma": 876.0279309326204, "log10_alpha": -1.0820859805293122, "log10_colsample_bytree": -0.5084946735568555, "log10_eta": -3.1056654229111706, "log10_lambda": -0.508804013450173, "log10_min_child_weight": 3.8674829748603576, "log10_subsample": -0.9393187001166504, "max_depth": 6.0, "num_boost_round": 2.0}, "datetime": {"datetime": "2024-01-19 01:09:49", "elapsed": 3493.767531, "delta": 0.004504}}
{"target": -13.758528249463955, "params": {"gamma": 876.0279309326204, "log10_alpha": -1.0820859805293122, "log10_colsample_bytree": -0.5084946735568555, "log10_eta": -3.1056654229111706, "log10_lambda": -0.508804013450173, "log10_min_child_weight": 3.8674829748603576, "log10_subsample": -0.9393187001166504, "max_depth": 6.0, "num_boost_round": 3.0}, "datetime": {"datetime": "2024-01-19 01:09:49", "elapsed": 3493.771972, "delta": 0.004441}}
{"target": -13.758515651330328, "params": {"gamma": 876.0279309326204, "log10_alpha": -1.0820859805293122, "log10_colsample_bytree": -0.5084946735568555, "log10_eta": -3.1056654229111706, "log10_lambda": -0.508804013450173, "log10_min_child_weight": 3.8674829748603576, "log10_subsample": -0.9393187001166504, "max_depth": 6.0, "num_boost_round": 4.0}, "datetime": {"datetime": "2024-01-19 01:09:49", "elapsed": 3493.776283, "delta": 0.004311}}
{"target": -13.758514219126909, "params": {"gamma": 876.0279309326204, "log10_alpha": -1.0820859805293122, "log10_colsample_bytree": -0.5084946735568555, "log10_eta": -3.1056654229111706, "log10_lambda": -0.508804013450173, "log10_min_child_weight": 3.8674829748603576, "log10_subsample": -0.9393187001166504, "max_depth": 6.0, "num_boost_round": 5.0}, "datetime": {"datetime": "2024-01-19 01:09:49", "elapsed": 3493.780431, "delta": 0.004148}}
{"target": -13.758513819082683, "params": {"gamma": 876.0279309326204, "log10_alpha": -1.0820859805293122, "log10_colsample_bytree": -0.5084946735568555, "log10_eta": -3.1056654229111706, "log10_lambda": -0.508804013450173, "log10_min_child_weight": 3.8674829748603576, "log10_subsample": -0.9393187001166504, "max_depth": 6.0, "num_boost_round": 6.0}, "datetime": {"datetime": "2024-01-19 01:09:49", "elapsed": 3493.784584, "delta": 0.004153}}
{"target": -13.758507764204538, "params": {"gamma": 876.0279309326204, "log10_alpha": -1.0820859805293122, "log10_colsample_bytree": -0.5084946735568555, "log10_eta": -3.1056654229111706, "log10_lambda": -0.508804013450173, "log10_min_child_weight": 3.8674829748603576, "log10_subsample": -0.9393187001166504, "max_depth": 6.0, "num_boost_round": 7.0}, "datetime": {"datetime": "2024-01-19 01:09:49", "elapsed": 3493.788755, "delta": 0.004171}}
{"target": -13.75850501519686, "params": {"gamma": 876.0279309326204, "log10_alpha": -1.0820859805293122, "log10_colsample_bytree": -0.5084946735568555, "log10_eta": -3.1056654229111706, "log10_lambda": -0.508804013450173, "log10_min_child_weight": 3.8674829748603576, "log10_subsample": -0.9393187001166504, "max_depth": 6.0, "num_boost_round": 8.0}, "datetime": {"datetime": "2024-01-19 01:09:49", "elapsed": 3493.793057, "delta": 0.004302}}
{"target": -13.75850305357768, "params": {"gamma": 876.0279309326204, "log10_alpha": -1.0820859805293122, "log10_colsample_bytree": -0.5084946735568555, "log10_eta": -3.1056654229111706, "log10_lambda": -0.508804013450173, "log10_min_child_weight": 3.8674829748603576, "log10_subsample": -0.9393187001166504, "max_depth": 6.0, "num_boost_round": 9.0}, "datetime": {"datetime": "2024-01-19 01:09:49", "elapsed": 3493.79722, "delta": 0.004163}}
{"target": -13.758497896693164, "params": {"gamma": 876.0279309326204, "log10_alpha": -1.0820859805293122, "log10_colsample_bytree": -0.5084946735568555, "log10_eta": -3.1056654229111706, "log10_lambda": -0.508804013450173, "log10_min_child_weight": 3.8674829748603576, "log10_subsample": -0.9393187001166504, "max_depth": 6.0, "num_boost_round": 10.0}, "datetime": {"datetime": "2024-01-19 01:09:49", "elapsed": 3493.801466, "delta": 0.004246}}
{"target": -13.758497350327447, "params": {"gamma": 876.0279309326204, "log10_alpha": -1.0820859805293122, "log10_colsample_bytree": -0.5084946735568555, "log10_eta": -3.1056654229111706, "log10_lambda": -0.508804013450173, "log10_min_child_weight": 3.8674829748603576, "log10_subsample": -0.9393187001166504, "max_depth": 6.0, "num_boost_round": 11.0}, "datetime": {"datetime": "2024-01-19 01:09:49", "elapsed": 3493.80562, "delta": 0.004154}}
{"target": -13.75849767006197, "params": {"gamma": 876.0279309326204, "log10_alpha": -1.0820859805293122, "log10_colsample_bytree": -0.5084946735568555, "log10_eta": -3.1056654229111706, "log10_lambda": -0.508804013450173, "log10_min_child_weight": 3.8674829748603576, "log10_subsample": -0.9393187001166504, "max_depth": 6.0, "num_boost_round": 12.0}, "datetime": {"datetime": "2024-01-19 01:09:49", "elapsed": 3493.809773, "delta": 0.004153}}
{"target": -13.758496479207041, "params": {"gamma": 876.0279309326204, "log10_alpha": -1.0820859805293122, "log10_colsample_bytree": -0.5084946735568555, "log10_eta": -3.1056654229111706, "log10_lambda": -0.508804013450173, "log10_min_child_weight": 3.8674829748603576, "log10_subsample": -0.9393187001166504, "max_depth": 6.0, "num_boost_round": 13.0}, "datetime": {"datetime": "2024-01-19 01:09:49", "elapsed": 3493.814099, "delta": 0.004326}}
{"target": -13.758485737973576, "params": {"gamma": 876.0279309326204, "log10_alpha": -1.0820859805293122, "log10_colsample_bytree": -0.5084946735568555, "log10_eta": -3.1056654229111706, "log10_lambda": -0.508804013450173, "log10_min_child_weight": 3.8674829748603576, "log10_subsample": -0.9393187001166504, "max_depth": 6.0, "num_boost_round": 14.0}, "datetime": {"datetime": "2024-01-19 01:09:49", "elapsed": 3493.818317, "delta": 0.004218}}
{"target": -13.758472470789451, "params": {"gamma": 876.0279309326204, "log10_alpha": -1.0820859805293122, "log10_colsample_bytree": -0.5084946735568555, "log10_eta": -3.1056654229111706, "log10_lambda": -0.508804013450173, "log10_min_child_weight": 3.8674829748603576, "log10_subsample": -0.9393187001166504, "max_depth": 6.0, "num_boost_round": 15.0}, "datetime": {"datetime": "2024-01-19 01:09:49", "elapsed": 3493.822881, "delta": 0.004564}}
{"target": -13.758465926861966, "params": {"gamma": 876.0279309326204, "log10_alpha": -1.0820859805293122, "log10_colsample_bytree": -0.5084946735568555, "log10_eta": -3.1056654229111706, "log10_lambda": -0.508804013450173, "log10_min_child_weight": 3.8674829748603576, "log10_subsample": -0.9393187001166504, "max_depth": 6.0, "num_boost_round": 16.0}, "datetime": {"datetime": "2024-01-19 01:09:49", "elapsed": 3493.827287, "delta": 0.004406}}
{"target": -13.758472054781322, "params": {"gamma": 876.0279309326204, "log10_alpha": -1.0820859805293122, "log10_colsample_bytree": -0.5084946735568555, "log10_eta": -3.1056654229111706, "log10_lambda": -0.508804013450173, "log10_min_child_weight": 3.8674829748603576, "log10_subsample": -0.9393187001166504, "max_depth": 6.0, "num_boost_round": 17.0}, "datetime": {"datetime": "2024-01-19 01:09:49", "elapsed": 3493.831543, "delta": 0.004256}}
{"target": -13.758481102129286, "params": {"gamma": 876.0279309326204, "log10_alpha": -1.0820859805293122, "log10_colsample_bytree": -0.5084946735568555, "log10_eta": -3.1056654229111706, "log10_lambda": -0.508804013450173, "log10_min_child_weight": 3.8674829748603576, "log10_subsample": -0.9393187001166504, "max_depth": 6.0, "num_boost_round": 18.0}, "datetime": {"datetime": "2024-01-19 01:09:49", "elapsed": 3493.83591, "delta": 0.004367}}
{"target": -13.758469782700953, "params": {"gamma": 876.0279309326204, "log10_alpha": -1.0820859805293122, "log10_colsample_bytree": -0.5084946735568555, "log10_eta": -3.1056654229111706, "log10_lambda": -0.508804013450173, "log10_min_child_weight": 3.8674829748603576, "log10_subsample": -0.9393187001166504, "max_depth": 6.0, "num_boost_round": 19.0}, "datetime": {"datetime": "2024-01-19 01:09:49", "elapsed": 3493.840343, "delta": 0.004433}}
{"target": -13.758472382431624, "params": {"gamma": 876.0279309326204, "log10_alpha": -1.0820859805293122, "log10_colsample_bytree": -0.5084946735568555, "log10_eta": -3.1056654229111706, "log10_lambda": -0.508804013450173, "log10_min_child_weight": 3.8674829748603576, "log10_subsample": -0.9393187001166504, "max_depth": 6.0, "num_boost_round": 20.0}, "datetime": {"datetime": "2024-01-19 01:09:49", "elapsed": 3493.844806, "delta": 0.004463}}
{"target": -13.75846298815508, "params": {"gamma": 876.0279309326204, "log10_alpha": -1.0820859805293122, "log10_colsample_bytree": -0.5084946735568555, "log10_eta": -3.1056654229111706, "log10_lambda": -0.508804013450173, "log10_min_child_weight": 3.8674829748603576, "log10_subsample": -0.9393187001166504, "max_depth": 6.0, "num_boost_round": 21.0}, "datetime": {"datetime": "2024-01-19 01:09:49", "elapsed": 3493.849047, "delta": 0.004241}}
{"target": -13.758459108819169, "params": {"gamma": 876.0279309326204, "log10_alpha": -1.0820859805293122, "log10_colsample_bytree": -0.5084946735568555, "log10_eta": -3.1056654229111706, "log10_lambda": -0.508804013450173, "log10_min_child_weight": 3.8674829748603576, "log10_subsample": -0.9393187001166504, "max_depth": 6.0, "num_boost_round": 22.0}, "datetime": {"datetime": "2024-01-19 01:09:49", "elapsed": 3493.853545, "delta": 0.004498}}
{"target": -13.758456406789842, "params": {"gamma": 876.0279309326204, "log10_alpha": -1.0820859805293122, "log10_colsample_bytree": -0.5084946735568555, "log10_eta": -3.1056654229111706, "log10_lambda": -0.508804013450173, "log10_min_child_weight": 3.8674829748603576, "log10_subsample": -0.9393187001166504, "max_depth": 6.0, "num_boost_round": 23.0}, "datetime": {"datetime": "2024-01-19 01:09:49", "elapsed": 3493.857742, "delta": 0.004197}}
{"target": -13.758456539250956, "params": {"gamma": 876.0279309326204, "log10_alpha": -1.0820859805293122, "log10_colsample_bytree": -0.5084946735568555, "log10_eta": -3.1056654229111706, "log10_lambda": -0.508804013450173, "log10_min_child_weight": 3.8674829748603576, "log10_subsample": -0.9393187001166504, "max_depth": 6.0, "num_boost_round": 24.0}, "datetime": {"datetime": "2024-01-19 01:09:49", "elapsed": 3493.862047, "delta": 0.004305}}
{"target": -13.75845056808654, "params": {"gamma": 876.0279309326204, "log10_alpha": -1.0820859805293122, "log10_colsample_bytree": -0.5084946735568555, "log10_eta": -3.1056654229111706, "log10_lambda": -0.508804013450173, "log10_min_child_weight": 3.8674829748603576, "log10_subsample": -0.9393187001166504, "max_depth": 6.0, "num_boost_round": 25.0}, "datetime": {"datetime": "2024-01-19 01:09:49", "elapsed": 3493.86625, "delta": 0.004203}}
{"target": -13.758454170243725, "params": {"gamma": 876.0279309326204, "log10_alpha": -1.0820859805293122, "log10_colsample_bytree": -0.5084946735568555, "log10_eta": -3.1056654229111706, "log10_lambda": -0.508804013450173, "log10_min_child_weight": 3.8674829748603576, "log10_subsample": -0.9393187001166504, "max_depth": 6.0, "num_boost_round": 26.0}, "datetime": {"datetime": "2024-01-19 01:09:49", "elapsed": 3493.870583, "delta": 0.004333}}
{"target": -13.758440204337097, "params": {"gamma": 876.0279309326204, "log10_alpha": -1.0820859805293122, "log10_colsample_bytree": -0.5084946735568555, "log10_eta": -3.1056654229111706, "log10_lambda": -0.508804013450173, "log10_min_child_weight": 3.8674829748603576, "log10_subsample": -0.9393187001166504, "max_depth": 6.0, "num_boost_round": 27.0}, "datetime": {"datetime": "2024-01-19 01:09:49", "elapsed": 3493.874891, "delta": 0.004308}}
{"target": -13.758433814840174, "params": {"gamma": 876.0279309326204, "log10_alpha": -1.0820859805293122, "log10_colsample_bytree": -0.5084946735568555, "log10_eta": -3.1056654229111706, "log10_lambda": -0.508804013450173, "log10_min_child_weight": 3.8674829748603576, "log10_subsample": -0.9393187001166504, "max_depth": 6.0, "num_boost_round": 28.0}, "datetime": {"datetime": "2024-01-19 01:09:49", "elapsed": 3493.879083, "delta": 0.004192}}
{"target": -13.758436896491883, "params": {"gamma": 876.0279309326204, "log10_alpha": -1.0820859805293122, "log10_colsample_bytree": -0.5084946735568555, "log10_eta": -3.1056654229111706, "log10_lambda": -0.508804013450173, "log10_min_child_weight": 3.8674829748603576, "log10_subsample": -0.9393187001166504, "max_depth": 6.0, "num_boost_round": 29.0}, "datetime": {"datetime": "2024-01-19 01:09:49", "elapsed": 3493.883221, "delta": 0.004138}}
{"target": -13.758428762319406, "params": {"gamma": 876.0279309326204, "log10_alpha": -1.0820859805293122, "log10_colsample_bytree": -0.5084946735568555, "log10_eta": -3.1056654229111706, "log10_lambda": -0.508804013450173, "log10_min_child_weight": 3.8674829748603576, "log10_subsample": -0.9393187001166504, "max_depth": 6.0, "num_boost_round": 30.0}, "datetime": {"datetime": "2024-01-19 01:09:49", "elapsed": 3493.88738, "delta": 0.004159}}
{"target": -13.758430899360015, "params": {"gamma": 876.0279309326204, "log10_alpha": -1.0820859805293122, "log10_colsample_bytree": -0.5084946735568555, "log10_eta": -3.1056654229111706, "log10_lambda": -0.508804013450173, "log10_min_child_weight": 3.8674829748603576, "log10_subsample": -0.9393187001166504, "max_depth": 6.0, "num_boost_round": 31.0}, "datetime": {"datetime": "2024-01-19 01:09:49", "elapsed": 3493.891699, "delta": 0.004319}}
{"target": -13.758418953355871, "params": {"gamma": 876.0279309326204, "log10_alpha": -1.0820859805293122, "log10_colsample_bytree": -0.5084946735568555, "log10_eta": -3.1056654229111706, "log10_lambda": -0.508804013450173, "log10_min_child_weight": 3.8674829748603576, "log10_subsample": -0.9393187001166504, "max_depth": 6.0, "num_boost_round": 32.0}, "datetime": {"datetime": "2024-01-19 01:09:49", "elapsed": 3493.895935, "delta": 0.004236}}
