{"target": -13.75839495057082, "params": {"gamma": 880.6136317236234, "log10_alpha": -0.30453969717482643, "log10_colsample_bytree": -0.6010073220683102, "log10_eta": -3.385897590566517, "log10_lambda": 0.8246471190320808, "log10_min_child_weight": 3.056867097216467, "log10_subsample": -0.7806836976113353, "max_depth": 4.0, "num_boost_round": 28.0}, "datetime": {"datetime": "2024-01-19 00:26:13", "elapsed": 878.081559, "delta": 0.0016}}
{"target": -13.75838640596512, "params": {"gamma": 880.6136317236234, "log10_alpha": -0.30453969717482643, "log10_colsample_bytree": -0.6010073220683102, "log10_eta": -3.385897590566517, "log10_lambda": 0.8246471190320808, "log10_min_child_weight": 3.056867097216467, "log10_subsample": -0.7806836976113353, "max_depth": 4.0, "num_boost_round": 29.0}, "datetime": {"datetime": "2024-01-19 00:26:13", "elapsed": 878.083156, "delta": 0.001597}}
{"target": -13.758381751608404, "params": {"gamma": 880.6136317236234, "log10_alpha": -0.30453969717482643, "log10_colsample_bytree": -0.6010073220683102, "log10_eta": -3.385897590566517, "log10_lambda": 0.8246471190320808, "log10_min_child_weight": 3.056867097216467, "log10_subsample": -0.7806836976113353, "max_depth": 4.0, "num_boost_round": 30.0}, "datetime": {"datetime": "2024-01-19 00:26:13", "elapsed": 878.084744, "delta": 0.001588}}
{"target": -13.758367947906784, "params": {"gamma": 880.6136317236234, "log10_alpha": -0.30453969717482643, "log10_colsample_bytree": -0.6010073220683102, "log10_eta": -3.385897590566517, "log10_lambda": 0.8246471190320808, "log10_min_child_weight": 3.056867097216467, "log10_subsample": -0.7806836976113353, "max_depth": 4.0, "num_boost_round": 31.0}, "datetime": {"datetime": "2024-01-19 00:26:13", "elapsed": 878.086333, "delta": 0.001589}}
{"target": -13.75836798005343, "params": {"gamma": 880.6136317236234, "log10_alpha": -0.30453969717482643, "log10_colsample_bytree": -0.6010073220683102, "log10_eta": -3.385897590566517, "log10_lambda": 0.8246471190320808, "log10_min_child_weight": 3.056867097216467, "log10_subsample": -0.7806836976113353, "max_depth": 4.0, "num_boost_round": 32.0}, "datetime": {"datetime": "2024-01-19 00:26:13", "elapsed": 878.087923, "delta": 0.00159}}
{"target": -13.75835689064065, "params": {"gamma": 880.6136317236234, "log10_alpha": -0.30453969717482643, "log10_colsample_bytree": -0.6010073220683102, "log10_eta": -3.385897590566517, "log10_lambda": 0.8246471190320808, "log10_min_child_weight": 3.056867097216467, "log10_subsample": -0.7806836976113353, "max_depth": 4.0, "num_boost_round": 33.0}, "datetime": {"datetime": "2024-01-19 00:26:13", "elapsed": 878.089506, "delta": 0.001583}}
{"target": -13.758350397742776, "params": {"gamma": 880.6136317236234, "log10_alpha": -0.30453969717482643, "log10_colsample_bytree": -0.6010073220683102, "log10_eta": -3.385897590566517, "log10_lambda": 0.8246471190320808, "log10_min_child_weight": 3.056867097216467, "log10_subsample": -0.7806836976113353, "max_depth": 4.0, "num_boost_round": 34.0}, "datetime": {"datetime": "2024-01-19 00:26:13", "elapsed": 878.091149, "delta": 0.001643}}
{"target": -13.758348725488691, "params": {"gamma": 880.6136317236234, "log10_alpha": -0.30453969717482643, "log10_colsample_bytree": -0.6010073220683102, "log10_eta": -3.385897590566517, "log10_lambda": 0.8246471190320808, "log10_min_child_weight": 3.056867097216467, "log10_subsample": -0.7806836976113353, "max_depth": 4.0, "num_boost_round": 35.0}, "datetime": {"datetime": "2024-01-19 00:26:13", "elapsed": 878.092827, "delta": 0.001678}}
{"target": -13.758351540219502, "params": {"gamma": 880.6136317236234, "log10_alpha": -0.30453969717482643, "log10_colsample_bytree": -0.6010073220683102, "log10_eta": -3.385897590566517, "log10_lambda": 0.8246471190320808, "log10_min_child_weight": 3.056867097216467, "log10_subsample": -0.7806836976113353, "max_depth": 4.0, "num_boost_round": 36.0}, "datetime": {"datetime": "2024-01-19 00:26:13", "elapsed": 878.09443, "delta": 0.001603}}
{"target": -13.758351569470378, "params": {"gamma": 880.6136317236234, "log10_alpha": -0.30453969717482643, "log10_colsample_bytree": -0.6010073220683102, "log10_eta": -3.385897590566517, "log10_lambda": 0.8246471190320808, "log10_min_child_weight": 3.056867097216467, "log10_subsample": -0.7806836976113353, "max_depth": 4.0, "num_boost_round": 37.0}, "datetime": {"datetime": "2024-01-19 00:26:13", "elapsed": 878.096025, "delta": 0.001595}}
{"target": -13.758350324583583, "params": {"gamma": 880.6136317236234, "log10_alpha": -0.30453969717482643, "log10_colsample_bytree": -0.6010073220683102, "log10_eta": -3.385897590566517, "log10_lambda": 0.8246471190320808, "log10_min_child_weight": 3.056867097216467, "log10_subsample": -0.7806836976113353, "max_depth": 4.0, "num_boost_round": 38.0}, "datetime": {"datetime": "2024-01-19 00:26:13", "elapsed": 878.097617, "delta": 0.001592}}
{"target": -13.758342931331672, "params": {"gamma": 880.6136317236234, "log10_alpha": -0.30453969717482643, "log10_colsample_bytree": -0.6010073220683102, "log10_eta": -3.385897590566517, "log10_lambda": 0.8246471190320808, "log10_min_child_weight": 3.056867097216467, "log10_subsample": -0.7806836976113353, "max_depth": 4.0, "num_boost_round": 39.0}, "datetime": {"datetime": "2024-01-19 00:26:13", "elapsed": 878.099219, "delta": 0.001602}}
{"target": -13.75834180917028, "params": {"gamma": 880.6136317236234, "log10_alpha": -0.30453969717482643, "log10_colsample_bytree": -0.6010073220683102, "log10_eta": -3.385897590566517, "log10_lambda": 0.8246471190320808, "log10_min_child_weight": 3.056867097216467, "log10_subsample": -0.7806836976113353, "max_depth": 4.0, "num_boost_round": 40.0}, "datetime": {"datetime": "2024-01-19 00:26:13", "elapsed": 878.100832, "delta": 0.001613}}
{"target": -13.758339851049309, "params": {"gamma": 880.6136317236234, "log10_alpha": -0.30453969717482643, "log10_colsample_bytree": -0.6010073220683102, "log10_eta": -3.385897590566517, "log10_lambda": 0.8246471190320808, "log10_min_child_weight": 3.056867097216467, "log10_subsample": -0.7806836976113353, "max_depth": 4.0, "num_boost_round": 41.0}, "datetime": {"datetime": "2024-01-19 00:26:13", "elapsed": 878.102431, "delta": 0.001599}}
{"target": -13.758333292745357, "params": {"gamma": 880.6136317236234, "log10_alpha": -0.30453969717482643, "log10_colsample_bytree": -0.6010073220683102, "log10_eta": -3.385897590566517, "log10_lambda": 0.8246471190320808, "log10_min_child_weight": 3.056867097216467, "log10_subsample": -0.7806836976113353, "max_depth": 4.0, "num_boost_round": 42.0}, "datetime": {"datetime": "2024-01-19 00:26:13", "elapsed": 878.104021, "delta": 0.00159}}
{"target": -13.758329155211142, "params": {"gamma": 880.6136317236234, "log10_alpha": -0.30453969717482643, "log10_colsample_bytree": -0.6010073220683102, "log10_eta": -3.385897590566517, "log10_lambda": 0.8246471190320808, "log10_min_child_weight": 3.056867097216467, "log10_subsample": -0.7806836976113353, "max_depth": 4.0, "num_boost_round": 43.0}, "datetime": {"datetime": "2024-01-19 00:26:13", "elapsed": 878.105623, "delta": 0.001602}}
{"target": -13.75831800569636, "params": {"gamma": 880.6136317236234, "log10_alpha": -0.30453969717482643, "log10_colsample_bytree": -0.6010073220683102, "log10_eta": -3.385897590566517, "log10_lambda": 0.8246471190320808, "log10_min_child_weight": 3.056867097216467, "log10_subsample": -0.7806836976113353, "max_depth": 4.0, "num_boost_round": 44.0}, "datetime": {"datetime": "2024-01-19 00:26:13", "elapsed": 878.107232, "delta": 0.001609}}
{"target": -13.758307452305079, "params": {"gamma": 880.6136317236234, "log10_alpha": -0.30453969717482643, "log10_colsample_bytree": -0.6010073220683102, "log10_eta": -3.385897590566517, "log10_lambda": 0.8246471190320808, "log10_min_child_weight": 3.056867097216467, "log10_subsample": -0.7806836976113353, "max_depth": 4.0, "num_boost_round": 45.0}, "datetime": {"datetime": "2024-01-19 00:26:13", "elapsed": 878.108837, "delta": 0.001605}}
{"target": -13.758299022493317, "params": {"gamma": 880.6136317236234, "log10_alpha": -0.30453969717482643, "log10_colsample_bytree": -0.6010073220683102, "log10_eta": -3.385897590566517, "log10_lambda": 0.8246471190320808, "log10_min_child_weight": 3.056867097216467, "log10_subsample": -0.7806836976113353, "max_depth": 4.0, "num_boost_round": 46.0}, "datetime": {"datetime": "2024-01-19 00:26:13", "elapsed": 878.110465, "delta": 0.001628}}
{"target": -13.758294472994967, "params": {"gamma": 880.6136317236234, "log10_alpha": -0.30453969717482643, "log10_colsample_bytree": -0.6010073220683102, "log10_eta": -3.385897590566517, "log10_lambda": 0.8246471190320808, "log10_min_child_weight": 3.056867097216467, "log10_subsample": -0.7806836976113353, "max_depth": 4.0, "num_boost_round": 47.0}, "datetime": {"datetime": "2024-01-19 00:26:13", "elapsed": 878.112197, "delta": 0.001732}}
{"target": -13.758298011874421, "params": {"gamma": 880.6136317236234, "log10_alpha": -0.30453969717482643, "log10_colsample_bytree": -0.6010073220683102, "log10_eta": -3.385897590566517, "log10_lambda": 0.8246471190320808, "log10_min_child_weight": 3.056867097216467, "log10_subsample": -0.7806836976113353, "max_depth": 4.0, "num_boost_round": 48.0}, "datetime": {"datetime": "2024-01-19 00:26:13", "elapsed": 878.113798, "delta": 0.001601}}
{"target": -13.758532951831645, "params": {"gamma": 884.3273443180343, "log10_alpha": 0.051826862832974996, "log10_colsample_bytree": -0.22389188350989275, "log10_eta": -3.7513232266344225, "log10_lambda": -3.3390682473675612, "log10_min_child_weight": 0.7909592711440433, "log10_subsample": -0.7551370578052382, "max_depth": 3.0, "num_boost_round": 0.0}, "datetime": {"datetime": "2024-01-19 00:26:45", "elapsed": 910.073777, "delta": 31.959979}}
{"target": -13.758529584309516, "params": {"gamma": 884.3273443180343, "log10_alpha": 0.051826862832974996, "log10_colsample_bytree": -0.22389188350989275, "log10_eta": -3.7513232266344225, "log10_lambda": -3.3390682473675612, "log10_min_child_weight": 0.7909592711440433, "log10_subsample": -0.7551370578052382, "max_depth": 3.0, "num_boost_round": 1.0}, "datetime": {"datetime": "2024-01-19 00:26:45", "elapsed": 910.076194, "delta": 0.002417}}
{"target": -13.758522775127128, "params": {"gamma": 884.3273443180343, "log10_alpha": 0.051826862832974996, "log10_colsample_bytree": -0.22389188350989275, "log10_eta": -3.7513232266344225, "log10_lambda": -3.3390682473675612, "log10_min_child_weight": 0.7909592711440433, "log10_subsample": -0.7551370578052382, "max_depth": 3.0, "num_boost_round": 2.0}, "datetime": {"datetime": "2024-01-19 00:26:45", "elapsed": 910.078318, "delta": 0.002124}}
{"target": -13.758522882822565, "params": {"gamma": 884.3273443180343, "log10_alpha": 0.051826862832974996, "log10_colsample_bytree": -0.22389188350989275, "log10_eta": -3.7513232266344225, "log10_lambda": -3.3390682473675612, "log10_min_child_weight": 0.7909592711440433, "log10_subsample": -0.7551370578052382, "max_depth": 3.0, "num_boost_round": 3.0}, "datetime": {"datetime": "2024-01-19 00:26:45", "elapsed": 910.07996, "delta": 0.001642}}
{"target": -13.758519648203455, "params": {"gamma": 884.3273443180343, "log10_alpha": 0.051826862832974996, "log10_colsample_bytree": -0.22389188350989275, "log10_eta": -3.7513232266344225, "log10_lambda": -3.3390682473675612, "log10_min_child_weight": 0.7909592711440433, "log10_subsample": -0.7551370578052382, "max_depth": 3.0, "num_boost_round": 4.0}, "datetime": {"datetime": "2024-01-19 00:26:45", "elapsed": 910.081582, "delta": 0.001622}}
{"target": -13.758516535727487, "params": {"gamma": 884.3273443180343, "log10_alpha": 0.051826862832974996, "log10_colsample_bytree": -0.22389188350989275, "log10_eta": -3.7513232266344225, "log10_lambda": -3.3390682473675612, "log10_min_child_weight": 0.7909592711440433, "log10_subsample": -0.7551370578052382, "max_depth": 3.0, "num_boost_round": 5.0}, "datetime": {"datetime": "2024-01-19 00:26:45", "elapsed": 910.083237, "delta": 0.001655}}
{"target": -13.758512201548566, "params": {"gamma": 884.3273443180343, "log10_alpha": 0.051826862832974996, "log10_colsample_bytree": -0.22389188350989275, "log10_eta": -3.7513232266344225, "log10_lambda": -3.3390682473675612, "log10_min_child_weight": 0.7909592711440433, "log10_subsample": -0.7551370578052382, "max_depth": 3.0, "num_boost_round": 6.0}, "datetime": {"datetime": "2024-01-19 00:26:45", "elapsed": 910.084852, "delta": 0.001615}}
{"target": -13.75851032786818, "params": {"gamma": 884.3273443180343, "log10_alpha": 0.051826862832974996, "log10_colsample_bytree": -0.22389188350989275, "log10_eta": -3.7513232266344225, "log10_lambda": -3.3390682473675612, "log10_min_child_weight": 0.7909592711440433, "log10_subsample": -0.7551370578052382, "max_depth": 3.0, "num_boost_round": 7.0}, "datetime": {"datetime": "2024-01-19 00:26:45", "elapsed": 910.086507, "delta": 0.001655}}
{"target": -13.758509366863562, "params": {"gamma": 884.3273443180343, "log10_alpha": 0.051826862832974996, "log10_colsample_bytree": -0.22389188350989275, "log10_eta": -3.7513232266344225, "log10_lambda": -3.3390682473675612, "log10_min_child_weight": 0.7909592711440433, "log10_subsample": -0.7551370578052382, "max_depth": 3.0, "num_boost_round": 8.0}, "datetime": {"datetime": "2024-01-19 00:26:45", "elapsed": 910.088124, "delta": 0.001617}}
{"target": -13.758507579310809, "params": {"gamma": 884.3273443180343, "log10_alpha": 0.051826862832974996, "log10_colsample_bytree": -0.22389188350989275, "log10_eta": -3.7513232266344225, "log10_lambda": -3.3390682473675612, "log10_min_child_weight": 0.7909592711440433, "log10_subsample": -0.7551370578052382, "max_depth": 3.0, "num_boost_round": 9.0}, "datetime": {"datetime": "2024-01-19 00:26:45", "elapsed": 910.08974, "delta": 0.001616}}
{"target": -13.758505559404234, "params": {"gamma": 884.3273443180343, "log10_alpha": 0.051826862832974996, "log10_colsample_bytree": -0.22389188350989275, "log10_eta": -3.7513232266344225, "log10_lambda": -3.3390682473675612, "log10_min_child_weight": 0.7909592711440433, "log10_subsample": -0.7551370578052382, "max_depth": 3.0, "num_boost_round": 10.0}, "datetime": {"datetime": "2024-01-19 00:26:45", "elapsed": 910.09146, "delta": 0.00172}}
{"target": -13.75850299110863, "params": {"gamma": 884.3273443180343, "log10_alpha": 0.051826862832974996, "log10_colsample_bytree": -0.22389188350989275, "log10_eta": -3.7513232266344225, "log10_lambda": -3.3390682473675612, "log10_min_child_weight": 0.7909592711440433, "log10_subsample": -0.7551370578052382, "max_depth": 3.0, "num_boost_round": 11.0}, "datetime": {"datetime": "2024-01-19 00:26:45", "elapsed": 910.093192, "delta": 0.001732}}
{"target": -13.758501566273956, "params": {"gamma": 884.3273443180343, "log10_alpha": 0.051826862832974996, "log10_colsample_bytree": -0.22389188350989275, "log10_eta": -3.7513232266344225, "log10_lambda": -3.3390682473675612, "log10_min_child_weight": 0.7909592711440433, "log10_subsample": -0.7551370578052382, "max_depth": 3.0, "num_boost_round": 12.0}, "datetime": {"datetime": "2024-01-19 00:26:45", "elapsed": 910.09482, "delta": 0.001628}}
{"target": -13.758499439665037, "params": {"gamma": 884.3273443180343, "log10_alpha": 0.051826862832974996, "log10_colsample_bytree": -0.22389188350989275, "log10_eta": -3.7513232266344225, "log10_lambda": -3.3390682473675612, "log10_min_child_weight": 0.7909592711440433, "log10_subsample": -0.7551370578052382, "max_depth": 3.0, "num_boost_round": 13.0}, "datetime": {"datetime": "2024-01-19 00:26:45", "elapsed": 910.096443, "delta": 0.001623}}
{"target": -13.758497288404493, "params": {"gamma": 884.3273443180343, "log10_alpha": 0.051826862832974996, "log10_colsample_bytree": -0.22389188350989275, "log10_eta": -3.7513232266344225, "log10_lambda": -3.3390682473675612, "log10_min_child_weight": 0.7909592711440433, "log10_subsample": -0.7551370578052382, "max_depth": 3.0, "num_boost_round": 14.0}, "datetime": {"datetime": "2024-01-19 00:26:45", "elapsed": 910.098067, "delta": 0.001624}}
{"target": -13.75848895635926, "params": {"gamma": 884.3273443180343, "log10_alpha": 0.051826862832974996, "log10_colsample_bytree": -0.22389188350989275, "log10_eta": -3.7513232266344225, "log10_lambda": -3.3390682473675612, "log10_min_child_weight": 0.7909592711440433, "log10_subsample": -0.7551370578052382, "max_depth": 3.0, "num_boost_round": 15.0}, "datetime": {"datetime": "2024-01-19 00:26:45", "elapsed": 910.099692, "delta": 0.001625}}
{"target": -13.758483723420266, "params": {"gamma": 884.3273443180343, "log10_alpha": 0.051826862832974996, "log10_colsample_bytree": -0.22389188350989275, "log10_eta": -3.7513232266344225, "log10_lambda": -3.3390682473675612, "log10_min_child_weight": 0.7909592711440433, "log10_subsample": -0.7551370578052382, "max_depth": 3.0, "num_boost_round": 16.0}, "datetime": {"datetime": "2024-01-19 00:26:45", "elapsed": 910.101323, "delta": 0.001631}}
{"target": -13.758482600222171, "params": {"gamma": 884.3273443180343, "log10_alpha": 0.051826862832974996, "log10_colsample_bytree": -0.22389188350989275, "log10_eta": -3.7513232266344225, "log10_lambda": -3.3390682473675612, "log10_min_child_weight": 0.7909592711440433, "log10_subsample": -0.7551370578052382, "max_depth": 3.0, "num_boost_round": 17.0}, "datetime": {"datetime": "2024-01-19 00:26:45", "elapsed": 910.10299, "delta": 0.001667}}
{"target": -13.758480042976533, "params": {"gamma": 884.3273443180343, "log10_alpha": 0.051826862832974996, "log10_colsample_bytree": -0.22389188350989275, "log10_eta": -3.7513232266344225, "log10_lambda": -3.3390682473675612, "log10_min_child_weight": 0.7909592711440433, "log10_subsample": -0.7551370578052382, "max_depth": 3.0, "num_boost_round": 18.0}, "datetime": {"datetime": "2024-01-19 00:26:45", "elapsed": 910.104634, "delta": 0.001644}}
{"target": -13.758476474185994, "params": {"gamma": 884.3273443180343, "log10_alpha": 0.051826862832974996, "log10_colsample_bytree": -0.22389188350989275, "log10_eta": -3.7513232266344225, "log10_lambda": -3.3390682473675612, "log10_min_child_weight": 0.7909592711440433, "log10_subsample": -0.7551370578052382, "max_depth": 3.0, "num_boost_round": 19.0}, "datetime": {"datetime": "2024-01-19 00:26:45", "elapsed": 910.106286, "delta": 0.001652}}
{"target": -13.758471149111877, "params": {"gamma": 884.3273443180343, "log10_alpha": 0.051826862832974996, "log10_colsample_bytree": -0.22389188350989275, "log10_eta": -3.7513232266344225, "log10_lambda": -3.3390682473675612, "log10_min_child_weight": 0.7909592711440433, "log10_subsample": -0.7551370578052382, "max_depth": 3.0, "num_boost_round": 20.0}, "datetime": {"datetime": "2024-01-19 00:26:45", "elapsed": 910.10792, "delta": 0.001634}}
{"target": -13.758469257435358, "params": {"gamma": 884.3273443180343, "log10_alpha": 0.051826862832974996, "log10_colsample_bytree": -0.22389188350989275, "log10_eta": -3.7513232266344225, "log10_lambda": -3.3390682473675612, "log10_min_child_weight": 0.7909592711440433, "log10_subsample": -0.7551370578052382, "max_depth": 3.0, "num_boost_round": 21.0}, "datetime": {"datetime": "2024-01-19 00:26:45", "elapsed": 910.109545, "delta": 0.001625}}
{"target": -13.758462598824694, "params": {"gamma": 884.3273443180343, "log10_alpha": 0.051826862832974996, "log10_colsample_bytree": -0.22389188350989275, "log10_eta": -3.7513232266344225, "log10_lambda": -3.3390682473675612, "log10_min_child_weight": 0.7909592711440433, "log10_subsample": -0.7551370578052382, "max_depth": 3.0, "num_boost_round": 22.0}, "datetime": {"datetime": "2024-01-19 00:26:45", "elapsed": 910.111227, "delta": 0.001682}}
{"target": -13.758460071451863, "params": {"gamma": 884.3273443180343, "log10_alpha": 0.051826862832974996, "log10_colsample_bytree": -0.22389188350989275, "log10_eta": -3.7513232266344225, "log10_lambda": -3.3390682473675612, "log10_min_child_weight": 0.7909592711440433, "log10_subsample": -0.7551370578052382, "max_depth": 3.0, "num_boost_round": 23.0}, "datetime": {"datetime": "2024-01-19 00:26:45", "elapsed": 910.112955, "delta": 0.001728}}
{"target": -13.758457276302087, "params": {"gamma": 884.3273443180343, "log10_alpha": 0.051826862832974996, "log10_colsample_bytree": -0.22389188350989275, "log10_eta": -3.7513232266344225, "log10_lambda": -3.3390682473675612, "log10_min_child_weight": 0.7909592711440433, "log10_subsample": -0.7551370578052382, "max_depth": 3.0, "num_boost_round": 24.0}, "datetime": {"datetime": "2024-01-19 00:26:45", "elapsed": 910.114589, "delta": 0.001634}}
{"target": -13.758453724408922, "params": {"gamma": 884.3273443180343, "log10_alpha": 0.051826862832974996, "log10_colsample_bytree": -0.22389188350989275, "log10_eta": -3.7513232266344225, "log10_lambda": -3.3390682473675612, "log10_min_child_weight": 0.7909592711440433, "log10_subsample": -0.7551370578052382, "max_depth": 3.0, "num_boost_round": 25.0}, "datetime": {"datetime": "2024-01-19 00:26:45", "elapsed": 910.116224, "delta": 0.001635}}
{"target": -13.758451299232894, "params": {"gamma": 884.3273443180343, "log10_alpha": 0.051826862832974996, "log10_colsample_bytree": -0.22389188350989275, "log10_eta": -3.7513232266344225, "log10_lambda": -3.3390682473675612, "log10_min_child_weight": 0.7909592711440433, "log10_subsample": -0.7551370578052382, "max_depth": 3.0, "num_boost_round": 26.0}, "datetime": {"datetime": "2024-01-19 00:26:45", "elapsed": 910.117873, "delta": 0.001649}}
{"target": -13.758448218614548, "params": {"gamma": 884.3273443180343, "log10_alpha": 0.051826862832974996, "log10_colsample_bytree": -0.22389188350989275, "log10_eta": -3.7513232266344225, "log10_lambda": -3.3390682473675612, "log10_min_child_weight": 0.7909592711440433, "log10_subsample": -0.7551370578052382, "max_depth": 3.0, "num_boost_round": 27.0}, "datetime": {"datetime": "2024-01-19 00:26:45", "elapsed": 910.119512, "delta": 0.001639}}
