{"target": -17.685706707204936, "params": {"gamma": 615.3080521190462, "log10_alpha": -2.6938381862351584, "log10_colsample_bytree": -0.18846423700413095, "log10_eta": -1.573602824171691, "log10_lambda": 0.12751395602336224, "log10_min_child_weight": 3.5045884554062012, "log10_subsample": -0.36473660331046476, "max_depth": 3.0, "num_boost_round": 50.0}, "datetime": {"datetime": "2024-01-19 02:25:08", "elapsed": 8005.753571, "delta": 0.006572}}
{"target": -17.68599846774467, "params": {"gamma": 615.3080521190462, "log10_alpha": -2.6938381862351584, "log10_colsample_bytree": -0.18846423700413095, "log10_eta": -1.573602824171691, "log10_lambda": 0.12751395602336224, "log10_min_child_weight": 3.5045884554062012, "log10_subsample": -0.36473660331046476, "max_depth": 3.0, "num_boost_round": 51.0}, "datetime": {"datetime": "2024-01-19 02:25:08", "elapsed": 8005.761021, "delta": 0.00745}}
{"target": -17.686238138362974, "params": {"gamma": 615.3080521190462, "log10_alpha": -2.6938381862351584, "log10_colsample_bytree": -0.18846423700413095, "log10_eta": -1.573602824171691, "log10_lambda": 0.12751395602336224, "log10_min_child_weight": 3.5045884554062012, "log10_subsample": -0.36473660331046476, "max_depth": 3.0, "num_boost_round": 52.0}, "datetime": {"datetime": "2024-01-19 02:25:08", "elapsed": 8005.768917, "delta": 0.007896}}
{"target": -17.68613880357513, "params": {"gamma": 615.3080521190462, "log10_alpha": -2.6938381862351584, "log10_colsample_bytree": -0.18846423700413095, "log10_eta": -1.573602824171691, "log10_lambda": 0.12751395602336224, "log10_min_child_weight": 3.5045884554062012, "log10_subsample": -0.36473660331046476, "max_depth": 3.0, "num_boost_round": 53.0}, "datetime": {"datetime": "2024-01-19 02:25:08", "elapsed": 8005.775932, "delta": 0.007015}}
{"target": -17.686328933169907, "params": {"gamma": 615.3080521190462, "log10_alpha": -2.6938381862351584, "log10_colsample_bytree": -0.18846423700413095, "log10_eta": -1.573602824171691, "log10_lambda": 0.12751395602336224, "log10_min_child_weight": 3.5045884554062012, "log10_subsample": -0.36473660331046476, "max_depth": 3.0, "num_boost_round": 54.0}, "datetime": {"datetime": "2024-01-19 02:25:08", "elapsed": 8005.782902, "delta": 0.00697}}
{"target": -17.685808050788292, "params": {"gamma": 615.3080521190462, "log10_alpha": -2.6938381862351584, "log10_colsample_bytree": -0.18846423700413095, "log10_eta": -1.573602824171691, "log10_lambda": 0.12751395602336224, "log10_min_child_weight": 3.5045884554062012, "log10_subsample": -0.36473660331046476, "max_depth": 3.0, "num_boost_round": 55.0}, "datetime": {"datetime": "2024-01-19 02:25:08", "elapsed": 8005.789814, "delta": 0.006912}}
{"target": -17.685828153112514, "params": {"gamma": 615.3080521190462, "log10_alpha": -2.6938381862351584, "log10_colsample_bytree": -0.18846423700413095, "log10_eta": -1.573602824171691, "log10_lambda": 0.12751395602336224, "log10_min_child_weight": 3.5045884554062012, "log10_subsample": -0.36473660331046476, "max_depth": 3.0, "num_boost_round": 56.0}, "datetime": {"datetime": "2024-01-19 02:25:08", "elapsed": 8005.797391, "delta": 0.007577}}
{"target": -17.68612207827481, "params": {"gamma": 615.3080521190462, "log10_alpha": -2.6938381862351584, "log10_colsample_bytree": -0.18846423700413095, "log10_eta": -1.573602824171691, "log10_lambda": 0.12751395602336224, "log10_min_child_weight": 3.5045884554062012, "log10_subsample": -0.36473660331046476, "max_depth": 3.0, "num_boost_round": 57.0}, "datetime": {"datetime": "2024-01-19 02:25:08", "elapsed": 8005.805114, "delta": 0.007723}}
{"target": -17.686035510190386, "params": {"gamma": 615.3080521190462, "log10_alpha": -2.6938381862351584, "log10_colsample_bytree": -0.18846423700413095, "log10_eta": -1.573602824171691, "log10_lambda": 0.12751395602336224, "log10_min_child_weight": 3.5045884554062012, "log10_subsample": -0.36473660331046476, "max_depth": 3.0, "num_boost_round": 58.0}, "datetime": {"datetime": "2024-01-19 02:25:08", "elapsed": 8005.812327, "delta": 0.007213}}
{"target": -17.68656126790549, "params": {"gamma": 615.3080521190462, "log10_alpha": -2.6938381862351584, "log10_colsample_bytree": -0.18846423700413095, "log10_eta": -1.573602824171691, "log10_lambda": 0.12751395602336224, "log10_min_child_weight": 3.5045884554062012, "log10_subsample": -0.36473660331046476, "max_depth": 3.0, "num_boost_round": 59.0}, "datetime": {"datetime": "2024-01-19 02:25:08", "elapsed": 8005.819405, "delta": 0.007078}}
{"target": -17.68740279896985, "params": {"gamma": 615.3080521190462, "log10_alpha": -2.6938381862351584, "log10_colsample_bytree": -0.18846423700413095, "log10_eta": -1.573602824171691, "log10_lambda": 0.12751395602336224, "log10_min_child_weight": 3.5045884554062012, "log10_subsample": -0.36473660331046476, "max_depth": 3.0, "num_boost_round": 60.0}, "datetime": {"datetime": "2024-01-19 02:25:08", "elapsed": 8005.826447, "delta": 0.007042}}
{"target": -17.688059150946433, "params": {"gamma": 615.3080521190462, "log10_alpha": -2.6938381862351584, "log10_colsample_bytree": -0.18846423700413095, "log10_eta": -1.573602824171691, "log10_lambda": 0.12751395602336224, "log10_min_child_weight": 3.5045884554062012, "log10_subsample": -0.36473660331046476, "max_depth": 3.0, "num_boost_round": 61.0}, "datetime": {"datetime": "2024-01-19 02:25:08", "elapsed": 8005.833999, "delta": 0.007552}}
{"target": -17.68954937121303, "params": {"gamma": 615.3080521190462, "log10_alpha": -2.6938381862351584, "log10_colsample_bytree": -0.18846423700413095, "log10_eta": -1.573602824171691, "log10_lambda": 0.12751395602336224, "log10_min_child_weight": 3.5045884554062012, "log10_subsample": -0.36473660331046476, "max_depth": 3.0, "num_boost_round": 62.0}, "datetime": {"datetime": "2024-01-19 02:25:08", "elapsed": 8005.841329, "delta": 0.00733}}
{"target": -17.689925881571927, "params": {"gamma": 615.3080521190462, "log10_alpha": -2.6938381862351584, "log10_colsample_bytree": -0.18846423700413095, "log10_eta": -1.573602824171691, "log10_lambda": 0.12751395602336224, "log10_min_child_weight": 3.5045884554062012, "log10_subsample": -0.36473660331046476, "max_depth": 3.0, "num_boost_round": 63.0}, "datetime": {"datetime": "2024-01-19 02:25:08", "elapsed": 8005.848497, "delta": 0.007168}}
{"target": -17.6905265673856, "params": {"gamma": 615.3080521190462, "log10_alpha": -2.6938381862351584, "log10_colsample_bytree": -0.18846423700413095, "log10_eta": -1.573602824171691, "log10_lambda": 0.12751395602336224, "log10_min_child_weight": 3.5045884554062012, "log10_subsample": -0.36473660331046476, "max_depth": 3.0, "num_boost_round": 64.0}, "datetime": {"datetime": "2024-01-19 02:25:08", "elapsed": 8005.86038, "delta": 0.011883}}
{"target": -17.6771438380157, "params": {"gamma": 552.7423165760714, "log10_alpha": -2.5638654317579226, "log10_colsample_bytree": -0.719839001133936, "log10_eta": -2.5190222163427185, "log10_lambda": 0.5012788786725428, "log10_min_child_weight": 2.013453486212817, "log10_subsample": -0.7060613497600158, "max_depth": 2.0, "num_boost_round": 0.0}, "datetime": {"datetime": "2024-01-19 02:28:09", "elapsed": 8186.498649, "delta": 180.638269}}
{"target": -17.677024166414135, "params": {"gamma": 552.7423165760714, "log10_alpha": -2.5638654317579226, "log10_colsample_bytree": -0.719839001133936, "log10_eta": -2.5190222163427185, "log10_lambda": 0.5012788786725428, "log10_min_child_weight": 2.013453486212817, "log10_subsample": -0.7060613497600158, "max_depth": 2.0, "num_boost_round": 1.0}, "datetime": {"datetime": "2024-01-19 02:28:09", "elapsed": 8186.620557, "delta": 0.121908}}
{"target": -17.67695825047072, "params": {"gamma": 552.7423165760714, "log10_alpha": -2.5638654317579226, "log10_colsample_bytree": -0.719839001133936, "log10_eta": -2.5190222163427185, "log10_lambda": 0.5012788786725428, "log10_min_child_weight": 2.013453486212817, "log10_subsample": -0.7060613497600158, "max_depth": 2.0, "num_boost_round": 2.0}, "datetime": {"datetime": "2024-01-19 02:28:09", "elapsed": 8186.628565, "delta": 0.008008}}
{"target": -17.676911622027546, "params": {"gamma": 552.7423165760714, "log10_alpha": -2.5638654317579226, "log10_colsample_bytree": -0.719839001133936, "log10_eta": -2.5190222163427185, "log10_lambda": 0.5012788786725428, "log10_min_child_weight": 2.013453486212817, "log10_subsample": -0.7060613497600158, "max_depth": 2.0, "num_boost_round": 3.0}, "datetime": {"datetime": "2024-01-19 02:28:09", "elapsed": 8186.636059, "delta": 0.007494}}
{"target": -17.67686932065244, "params": {"gamma": 552.7423165760714, "log10_alpha": -2.5638654317579226, "log10_colsample_bytree": -0.719839001133936, "log10_eta": -2.5190222163427185, "log10_lambda": 0.5012788786725428, "log10_min_child_weight": 2.013453486212817, "log10_subsample": -0.7060613497600158, "max_depth": 2.0, "num_boost_round": 4.0}, "datetime": {"datetime": "2024-01-19 02:28:09", "elapsed": 8186.643048, "delta": 0.006989}}
{"target": -17.67683362279772, "params": {"gamma": 552.7423165760714, "log10_alpha": -2.5638654317579226, "log10_colsample_bytree": -0.719839001133936, "log10_eta": -2.5190222163427185, "log10_lambda": 0.5012788786725428, "log10_min_child_weight": 2.013453486212817, "log10_subsample": -0.7060613497600158, "max_depth": 2.0, "num_boost_round": 5.0}, "datetime": {"datetime": "2024-01-19 02:28:09", "elapsed": 8186.64984, "delta": 0.006792}}
{"target": -17.676792564494736, "params": {"gamma": 552.7423165760714, "log10_alpha": -2.5638654317579226, "log10_colsample_bytree": -0.719839001133936, "log10_eta": -2.5190222163427185, "log10_lambda": 0.5012788786725428, "log10_min_child_weight": 2.013453486212817, "log10_subsample": -0.7060613497600158, "max_depth": 2.0, "num_boost_round": 6.0}, "datetime": {"datetime": "2024-01-19 02:28:09", "elapsed": 8186.656364, "delta": 0.006524}}
{"target": -17.676686977672777, "params": {"gamma": 552.7423165760714, "log10_alpha": -2.5638654317579226, "log10_colsample_bytree": -0.719839001133936, "log10_eta": -2.5190222163427185, "log10_lambda": 0.5012788786725428, "log10_min_child_weight": 2.013453486212817, "log10_subsample": -0.7060613497600158, "max_depth": 2.0, "num_boost_round": 7.0}, "datetime": {"datetime": "2024-01-19 02:28:09", "elapsed": 8186.663176, "delta": 0.006812}}
{"target": -17.676625060590112, "params": {"gamma": 552.7423165760714, "log10_alpha": -2.5638654317579226, "log10_colsample_bytree": -0.719839001133936, "log10_eta": -2.5190222163427185, "log10_lambda": 0.5012788786725428, "log10_min_child_weight": 2.013453486212817, "log10_subsample": -0.7060613497600158, "max_depth": 2.0, "num_boost_round": 8.0}, "datetime": {"datetime": "2024-01-19 02:28:09", "elapsed": 8186.669793, "delta": 0.006617}}
{"target": -17.67653867525842, "params": {"gamma": 552.7423165760714, "log10_alpha": -2.5638654317579226, "log10_colsample_bytree": -0.719839001133936, "log10_eta": -2.5190222163427185, "log10_lambda": 0.5012788786725428, "log10_min_child_weight": 2.013453486212817, "log10_subsample": -0.7060613497600158, "max_depth": 2.0, "num_boost_round": 9.0}, "datetime": {"datetime": "2024-01-19 02:28:09", "elapsed": 8186.676361, "delta": 0.006568}}
{"target": -17.67651675014442, "params": {"gamma": 552.7423165760714, "log10_alpha": -2.5638654317579226, "log10_colsample_bytree": -0.719839001133936, "log10_eta": -2.5190222163427185, "log10_lambda": 0.5012788786725428, "log10_min_child_weight": 2.013453486212817, "log10_subsample": -0.7060613497600158, "max_depth": 2.0, "num_boost_round": 10.0}, "datetime": {"datetime": "2024-01-19 02:28:09", "elapsed": 8186.682873, "delta": 0.006512}}
{"target": -17.67722116347084, "params": {"gamma": 596.7587326661701, "log10_alpha": -3.289968530869035, "log10_colsample_bytree": -0.1175199721467074, "log10_eta": -3.4717308355805843, "log10_lambda": 0.042059941317790894, "log10_min_child_weight": 0.3403624803876387, "log10_subsample": -0.8830959427720122, "max_depth": 7.0, "num_boost_round": 0.0}, "datetime": {"datetime": "2024-01-19 02:29:21", "elapsed": 8259.276305, "delta": 72.593432}}
{"target": -17.677193978367175, "params": {"gamma": 596.7587326661701, "log10_alpha": -3.289968530869035, "log10_colsample_bytree": -0.1175199721467074, "log10_eta": -3.4717308355805843, "log10_lambda": 0.042059941317790894, "log10_min_child_weight": 0.3403624803876387, "log10_subsample": -0.8830959427720122, "max_depth": 7.0, "num_boost_round": 1.0}, "datetime": {"datetime": "2024-01-19 02:29:21", "elapsed": 8259.283157, "delta": 0.006852}}
{"target": -17.677186742014875, "params": {"gamma": 596.7587326661701, "log10_alpha": -3.289968530869035, "log10_colsample_bytree": -0.1175199721467074, "log10_eta": -3.4717308355805843, "log10_lambda": 0.042059941317790894, "log10_min_child_weight": 0.3403624803876387, "log10_subsample": -0.8830959427720122, "max_depth": 7.0, "num_boost_round": 2.0}, "datetime": {"datetime": "2024-01-19 02:29:21", "elapsed": 8259.289749, "delta": 0.006592}}
{"target": -17.677169107525078, "params": {"gamma": 596.7587326661701, "log10_alpha": -3.289968530869035, "log10_colsample_bytree": -0.1175199721467074, "log10_eta": -3.4717308355805843, "log10_lambda": 0.042059941317790894, "log10_min_child_weight": 0.3403624803876387, "log10_subsample": -0.8830959427720122, "max_depth": 7.0, "num_boost_round": 3.0}, "datetime": {"datetime": "2024-01-19 02:29:21", "elapsed": 8259.296249, "delta": 0.0065}}
{"target": -17.677153292344432, "params": {"gamma": 596.7587326661701, "log10_alpha": -3.289968530869035, "log10_colsample_bytree": -0.1175199721467074, "log10_eta": -3.4717308355805843, "log10_lambda": 0.042059941317790894, "log10_min_child_weight": 0.3403624803876387, "log10_subsample": -0.8830959427720122, "max_depth": 7.0, "num_boost_round": 4.0}, "datetime": {"datetime": "2024-01-19 02:29:21", "elapsed": 8259.302803, "delta": 0.006554}}
{"target": -17.677143853569532, "params": {"gamma": 596.7587326661701, "log10_alpha": -3.289968530869035, "log10_colsample_bytree": -0.1175199721467074, "log10_eta": -3.4717308355805843, "log10_lambda": 0.042059941317790894, "log10_min_child_weight": 0.3403624803876387, "log10_subsample": -0.8830959427720122, "max_depth": 7.0, "num_boost_round": 5.0}, "datetime": {"datetime": "2024-01-19 02:29:21", "elapsed": 8259.309886, "delta": 0.007083}}
{"target": -17.67715898896784, "params": {"gamma": 596.7587326661701, "log10_alpha": -3.289968530869035, "log10_colsample_bytree": -0.1175199721467074, "log10_eta": -3.4717308355805843, "log10_lambda": 0.042059941317790894, "log10_min_child_weight": 0.3403624803876387, "log10_subsample": -0.8830959427720122, "max_depth": 7.0, "num_boost_round": 6.0}, "datetime": {"datetime": "2024-01-19 02:29:21", "elapsed": 8259.31655, "delta": 0.006664}}
{"target": -17.677129029269285, "params": {"gamma": 596.7587326661701, "log10_alpha": -3.289968530869035, "log10_colsample_bytree": -0.1175199721467074, "log10_eta": -3.4717308355805843, "log10_lambda": 0.042059941317790894, "log10_min_child_weight": 0.3403624803876387, "log10_subsample": -0.8830959427720122, "max_depth": 7.0, "num_boost_round": 7.0}, "datetime": {"datetime": "2024-01-19 02:29:21", "elapsed": 8259.323037, "delta": 0.006487}}
{"target": -17.67710011793892, "params": {"gamma": 596.7587326661701, "log10_alpha": -3.289968530869035, "log10_colsample_bytree": -0.1175199721467074, "log10_eta": -3.4717308355805843, "log10_lambda": 0.042059941317790894, "log10_min_child_weight": 0.3403624803876387, "log10_subsample": -0.8830959427720122, "max_depth": 7.0, "num_boost_round": 8.0}, "datetime": {"datetime": "2024-01-19 02:29:21", "elapsed": 8259.329759, "delta": 0.006722}}
{"target": -17.67709550409173, "params": {"gamma": 596.7587326661701, "log10_alpha": -3.289968530869035, "log10_colsample_bytree": -0.1175199721467074, "log10_eta": -3.4717308355805843, "log10_lambda": 0.042059941317790894, "log10_min_child_weight": 0.3403624803876387, "log10_subsample": -0.8830959427720122, "max_depth": 7.0, "num_boost_round": 9.0}, "datetime": {"datetime": "2024-01-19 02:29:21", "elapsed": 8259.336449, "delta": 0.00669}}
{"target": -17.67708668793535, "params": {"gamma": 596.7587326661701, "log10_alpha": -3.289968530869035, "log10_colsample_bytree": -0.1175199721467074, "log10_eta": -3.4717308355805843, "log10_lambda": 0.042059941317790894, "log10_min_child_weight": 0.3403624803876387, "log10_subsample": -0.8830959427720122, "max_depth": 7.0, "num_boost_round": 10.0}, "datetime": {"datetime": "2024-01-19 02:29:22", "elapsed": 8259.344203, "delta": 0.007754}}
{"target": -17.67706437640992, "params": {"gamma": 596.7587326661701, "log10_alpha": -3.289968530869035, "log10_colsample_bytree": -0.1175199721467074, "log10_eta": -3.4717308355805843, "log10_lambda": 0.042059941317790894, "log10_min_child_weight": 0.3403624803876387, "log10_subsample": -0.8830959427720122, "max_depth": 7.0, "num_boost_round": 11.0}, "datetime": {"datetime": "2024-01-19 02:29:22", "elapsed": 8259.350959, "delta": 0.006756}}
{"target": -17.6770317947129, "params": {"gamma": 596.7587326661701, "log10_alpha": -3.289968530869035, "log10_colsample_bytree": -0.1175199721467074, "log10_eta": -3.4717308355805843, "log10_lambda": 0.042059941317790894, "log10_min_child_weight": 0.3403624803876387, "log10_subsample": -0.8830959427720122, "max_depth": 7.0, "num_boost_round": 12.0}, "datetime": {"datetime": "2024-01-19 02:29:22", "elapsed": 8259.357581, "delta": 0.006622}}
{"target": -17.677008594003713, "params": {"gamma": 596.7587326661701, "log10_alpha": -3.289968530869035, "log10_colsample_bytree": -0.1175199721467074, "log10_eta": -3.4717308355805843, "log10_lambda": 0.042059941317790894, "log10_min_child_weight": 0.3403624803876387, "log10_subsample": -0.8830959427720122, "max_depth": 7.0, "num_boost_round": 13.0}, "datetime": {"datetime": "2024-01-19 02:29:22", "elapsed": 8259.364106, "delta": 0.006525}}
{"target": -17.676976712792275, "params": {"gamma": 596.7587326661701, "log10_alpha": -3.289968530869035, "log10_colsample_bytree": -0.1175199721467074, "log10_eta": -3.4717308355805843, "log10_lambda": 0.042059941317790894, "log10_min_child_weight": 0.3403624803876387, "log10_subsample": -0.8830959427720122, "max_depth": 7.0, "num_boost_round": 14.0}, "datetime": {"datetime": "2024-01-19 02:29:22", "elapsed": 8259.370693, "delta": 0.006587}}
{"target": -17.676953845825544, "params": {"gamma": 596.7587326661701, "log10_alpha": -3.289968530869035, "log10_colsample_bytree": -0.1175199721467074, "log10_eta": -3.4717308355805843, "log10_lambda": 0.042059941317790894, "log10_min_child_weight": 0.3403624803876387, "log10_subsample": -0.8830959427720122, "max_depth": 7.0, "num_boost_round": 15.0}, "datetime": {"datetime": "2024-01-19 02:29:22", "elapsed": 8259.377264, "delta": 0.006571}}
{"target": -17.676940401165773, "params": {"gamma": 596.7587326661701, "log10_alpha": -3.289968530869035, "log10_colsample_bytree": -0.1175199721467074, "log10_eta": -3.4717308355805843, "log10_lambda": 0.042059941317790894, "log10_min_child_weight": 0.3403624803876387, "log10_subsample": -0.8830959427720122, "max_depth": 7.0, "num_boost_round": 16.0}, "datetime": {"datetime": "2024-01-19 02:29:22", "elapsed": 8259.383775, "delta": 0.006511}}
{"target": -17.676933910084184, "params": {"gamma": 596.7587326661701, "log10_alpha": -3.289968530869035, "log10_colsample_bytree": -0.1175199721467074, "log10_eta": -3.4717308355805843, "log10_lambda": 0.042059941317790894, "log10_min_child_weight": 0.3403624803876387, "log10_subsample": -0.8830959427720122, "max_depth": 7.0, "num_boost_round": 17.0}, "datetime": {"datetime": "2024-01-19 02:29:22", "elapsed": 8259.391009, "delta": 0.007234}}
{"target": -17.67694251601247, "params": {"gamma": 596.7587326661701, "log10_alpha": -3.289968530869035, "log10_colsample_bytree": -0.1175199721467074, "log10_eta": -3.4717308355805843, "log10_lambda": 0.042059941317790894, "log10_min_child_weight": 0.3403624803876387, "log10_subsample": -0.8830959427720122, "max_depth": 7.0, "num_boost_round": 18.0}, "datetime": {"datetime": "2024-01-19 02:29:22", "elapsed": 8259.511773, "delta": 0.120764}}
{"target": -17.676928258201368, "params": {"gamma": 596.7587326661701, "log10_alpha": -3.289968530869035, "log10_colsample_bytree": -0.1175199721467074, "log10_eta": -3.4717308355805843, "log10_lambda": 0.042059941317790894, "log10_min_child_weight": 0.3403624803876387, "log10_subsample": -0.8830959427720122, "max_depth": 7.0, "num_boost_round": 19.0}, "datetime": {"datetime": "2024-01-19 02:29:22", "elapsed": 8259.519496, "delta": 0.007723}}
{"target": -17.67692639923039, "params": {"gamma": 596.7587326661701, "log10_alpha": -3.289968530869035, "log10_colsample_bytree": -0.1175199721467074, "log10_eta": -3.4717308355805843, "log10_lambda": 0.042059941317790894, "log10_min_child_weight": 0.3403624803876387, "log10_subsample": -0.8830959427720122, "max_depth": 7.0, "num_boost_round": 20.0}, "datetime": {"datetime": "2024-01-19 02:29:22", "elapsed": 8259.526276, "delta": 0.00678}}
{"target": -17.676910099216165, "params": {"gamma": 596.7587326661701, "log10_alpha": -3.289968530869035, "log10_colsample_bytree": -0.1175199721467074, "log10_eta": -3.4717308355805843, "log10_lambda": 0.042059941317790894, "log10_min_child_weight": 0.3403624803876387, "log10_subsample": -0.8830959427720122, "max_depth": 7.0, "num_boost_round": 21.0}, "datetime": {"datetime": "2024-01-19 02:29:22", "elapsed": 8259.532987, "delta": 0.006711}}
{"target": -17.676911415134278, "params": {"gamma": 596.7587326661701, "log10_alpha": -3.289968530869035, "log10_colsample_bytree": -0.1175199721467074, "log10_eta": -3.4717308355805843, "log10_lambda": 0.042059941317790894, "log10_min_child_weight": 0.3403624803876387, "log10_subsample": -0.8830959427720122, "max_depth": 7.0, "num_boost_round": 22.0}, "datetime": {"datetime": "2024-01-19 02:29:22", "elapsed": 8259.539681, "delta": 0.006694}}
