{"target": -17.676534164741618, "params": {"gamma": 977.1735399355481, "log10_alpha": -4.645888987818106, "log10_colsample_bytree": -0.3284573778780737, "log10_eta": -2.6828250223350714, "log10_lambda": -4.153640627392667, "log10_min_child_weight": 3.7994950622483223, "log10_subsample": -0.07331737383859238, "max_depth": 6.0, "num_boost_round": 19.0}, "datetime": {"datetime": "2024-01-19 01:09:53", "elapsed": 3487.261327, "delta": 0.003724}}
{"target": -17.676404045435675, "params": {"gamma": 977.1735399355481, "log10_alpha": -4.645888987818106, "log10_colsample_bytree": -0.3284573778780737, "log10_eta": -2.6828250223350714, "log10_lambda": -4.153640627392667, "log10_min_child_weight": 3.7994950622483223, "log10_subsample": -0.07331737383859238, "max_depth": 6.0, "num_boost_round": 20.0}, "datetime": {"datetime": "2024-01-19 01:09:53", "elapsed": 3487.265066, "delta": 0.003739}}
{"target": -17.676351380673708, "params": {"gamma": 977.1735399355481, "log10_alpha": -4.645888987818106, "log10_colsample_bytree": -0.3284573778780737, "log10_eta": -2.6828250223350714, "log10_lambda": -4.153640627392667, "log10_min_child_weight": 3.7994950622483223, "log10_subsample": -0.07331737383859238, "max_depth": 6.0, "num_boost_round": 21.0}, "datetime": {"datetime": "2024-01-19 01:09:53", "elapsed": 3487.268797, "delta": 0.003731}}
{"target": -17.67625458929577, "params": {"gamma": 977.1735399355481, "log10_alpha": -4.645888987818106, "log10_colsample_bytree": -0.3284573778780737, "log10_eta": -2.6828250223350714, "log10_lambda": -4.153640627392667, "log10_min_child_weight": 3.7994950622483223, "log10_subsample": -0.07331737383859238, "max_depth": 6.0, "num_boost_round": 22.0}, "datetime": {"datetime": "2024-01-19 01:09:53", "elapsed": 3487.272531, "delta": 0.003734}}
{"target": -17.676243223197194, "params": {"gamma": 977.1735399355481, "log10_alpha": -4.645888987818106, "log10_colsample_bytree": -0.3284573778780737, "log10_eta": -2.6828250223350714, "log10_lambda": -4.153640627392667, "log10_min_child_weight": 3.7994950622483223, "log10_subsample": -0.07331737383859238, "max_depth": 6.0, "num_boost_round": 23.0}, "datetime": {"datetime": "2024-01-19 01:09:53", "elapsed": 3487.276132, "delta": 0.003601}}
{"target": -17.676240817268354, "params": {"gamma": 977.1735399355481, "log10_alpha": -4.645888987818106, "log10_colsample_bytree": -0.3284573778780737, "log10_eta": -2.6828250223350714, "log10_lambda": -4.153640627392667, "log10_min_child_weight": 3.7994950622483223, "log10_subsample": -0.07331737383859238, "max_depth": 6.0, "num_boost_round": 24.0}, "datetime": {"datetime": "2024-01-19 01:09:53", "elapsed": 3487.279825, "delta": 0.003693}}
{"target": -17.67625949719937, "params": {"gamma": 977.1735399355481, "log10_alpha": -4.645888987818106, "log10_colsample_bytree": -0.3284573778780737, "log10_eta": -2.6828250223350714, "log10_lambda": -4.153640627392667, "log10_min_child_weight": 3.7994950622483223, "log10_subsample": -0.07331737383859238, "max_depth": 6.0, "num_boost_round": 25.0}, "datetime": {"datetime": "2024-01-19 01:09:53", "elapsed": 3487.283426, "delta": 0.003601}}
{"target": -17.6762721516839, "params": {"gamma": 977.1735399355481, "log10_alpha": -4.645888987818106, "log10_colsample_bytree": -0.3284573778780737, "log10_eta": -2.6828250223350714, "log10_lambda": -4.153640627392667, "log10_min_child_weight": 3.7994950622483223, "log10_subsample": -0.07331737383859238, "max_depth": 6.0, "num_boost_round": 26.0}, "datetime": {"datetime": "2024-01-19 01:09:53", "elapsed": 3487.287009, "delta": 0.003583}}
{"target": -17.67627349687877, "params": {"gamma": 977.1735399355481, "log10_alpha": -4.645888987818106, "log10_colsample_bytree": -0.3284573778780737, "log10_eta": -2.6828250223350714, "log10_lambda": -4.153640627392667, "log10_min_child_weight": 3.7994950622483223, "log10_subsample": -0.07331737383859238, "max_depth": 6.0, "num_boost_round": 27.0}, "datetime": {"datetime": "2024-01-19 01:09:53", "elapsed": 3487.290649, "delta": 0.00364}}
{"target": -17.676212634475956, "params": {"gamma": 977.1735399355481, "log10_alpha": -4.645888987818106, "log10_colsample_bytree": -0.3284573778780737, "log10_eta": -2.6828250223350714, "log10_lambda": -4.153640627392667, "log10_min_child_weight": 3.7994950622483223, "log10_subsample": -0.07331737383859238, "max_depth": 6.0, "num_boost_round": 28.0}, "datetime": {"datetime": "2024-01-19 01:09:53", "elapsed": 3487.294334, "delta": 0.003685}}
{"target": -17.676160651482434, "params": {"gamma": 977.1735399355481, "log10_alpha": -4.645888987818106, "log10_colsample_bytree": -0.3284573778780737, "log10_eta": -2.6828250223350714, "log10_lambda": -4.153640627392667, "log10_min_child_weight": 3.7994950622483223, "log10_subsample": -0.07331737383859238, "max_depth": 6.0, "num_boost_round": 29.0}, "datetime": {"datetime": "2024-01-19 01:09:53", "elapsed": 3487.297903, "delta": 0.003569}}
{"target": -17.67612991169936, "params": {"gamma": 977.1735399355481, "log10_alpha": -4.645888987818106, "log10_colsample_bytree": -0.3284573778780737, "log10_eta": -2.6828250223350714, "log10_lambda": -4.153640627392667, "log10_min_child_weight": 3.7994950622483223, "log10_subsample": -0.07331737383859238, "max_depth": 6.0, "num_boost_round": 30.0}, "datetime": {"datetime": "2024-01-19 01:09:53", "elapsed": 3487.301494, "delta": 0.003591}}
{"target": -17.676013119276817, "params": {"gamma": 977.1735399355481, "log10_alpha": -4.645888987818106, "log10_colsample_bytree": -0.3284573778780737, "log10_eta": -2.6828250223350714, "log10_lambda": -4.153640627392667, "log10_min_child_weight": 3.7994950622483223, "log10_subsample": -0.07331737383859238, "max_depth": 6.0, "num_boost_round": 31.0}, "datetime": {"datetime": "2024-01-19 01:09:53", "elapsed": 3487.305178, "delta": 0.003684}}
{"target": -17.676038803083628, "params": {"gamma": 977.1735399355481, "log10_alpha": -4.645888987818106, "log10_colsample_bytree": -0.3284573778780737, "log10_eta": -2.6828250223350714, "log10_lambda": -4.153640627392667, "log10_min_child_weight": 3.7994950622483223, "log10_subsample": -0.07331737383859238, "max_depth": 6.0, "num_boost_round": 32.0}, "datetime": {"datetime": "2024-01-19 01:09:53", "elapsed": 3487.308803, "delta": 0.003625}}
{"target": -17.675999358531016, "params": {"gamma": 977.1735399355481, "log10_alpha": -4.645888987818106, "log10_colsample_bytree": -0.3284573778780737, "log10_eta": -2.6828250223350714, "log10_lambda": -4.153640627392667, "log10_min_child_weight": 3.7994950622483223, "log10_subsample": -0.07331737383859238, "max_depth": 6.0, "num_boost_round": 33.0}, "datetime": {"datetime": "2024-01-19 01:09:53", "elapsed": 3487.312615, "delta": 0.003812}}
{"target": -17.675913614769986, "params": {"gamma": 977.1735399355481, "log10_alpha": -4.645888987818106, "log10_colsample_bytree": -0.3284573778780737, "log10_eta": -2.6828250223350714, "log10_lambda": -4.153640627392667, "log10_min_child_weight": 3.7994950622483223, "log10_subsample": -0.07331737383859238, "max_depth": 6.0, "num_boost_round": 34.0}, "datetime": {"datetime": "2024-01-19 01:09:53", "elapsed": 3487.316289, "delta": 0.003674}}
{"target": -17.675923649844293, "params": {"gamma": 977.1735399355481, "log10_alpha": -4.645888987818106, "log10_colsample_bytree": -0.3284573778780737, "log10_eta": -2.6828250223350714, "log10_lambda": -4.153640627392667, "log10_min_child_weight": 3.7994950622483223, "log10_subsample": -0.07331737383859238, "max_depth": 6.0, "num_boost_round": 35.0}, "datetime": {"datetime": "2024-01-19 01:09:53", "elapsed": 3487.319971, "delta": 0.003682}}
{"target": -17.67593429532799, "params": {"gamma": 977.1735399355481, "log10_alpha": -4.645888987818106, "log10_colsample_bytree": -0.3284573778780737, "log10_eta": -2.6828250223350714, "log10_lambda": -4.153640627392667, "log10_min_child_weight": 3.7994950622483223, "log10_subsample": -0.07331737383859238, "max_depth": 6.0, "num_boost_round": 36.0}, "datetime": {"datetime": "2024-01-19 01:09:53", "elapsed": 3487.3238, "delta": 0.003829}}
{"target": -17.67592202823652, "params": {"gamma": 977.1735399355481, "log10_alpha": -4.645888987818106, "log10_colsample_bytree": -0.3284573778780737, "log10_eta": -2.6828250223350714, "log10_lambda": -4.153640627392667, "log10_min_child_weight": 3.7994950622483223, "log10_subsample": -0.07331737383859238, "max_depth": 6.0, "num_boost_round": 37.0}, "datetime": {"datetime": "2024-01-19 01:09:53", "elapsed": 3487.327423, "delta": 0.003623}}
{"target": -17.6759238237659, "params": {"gamma": 977.1735399355481, "log10_alpha": -4.645888987818106, "log10_colsample_bytree": -0.3284573778780737, "log10_eta": -2.6828250223350714, "log10_lambda": -4.153640627392667, "log10_min_child_weight": 3.7994950622483223, "log10_subsample": -0.07331737383859238, "max_depth": 6.0, "num_boost_round": 38.0}, "datetime": {"datetime": "2024-01-19 01:09:53", "elapsed": 3487.33116, "delta": 0.003737}}
{"target": -17.675866946753736, "params": {"gamma": 977.1735399355481, "log10_alpha": -4.645888987818106, "log10_colsample_bytree": -0.3284573778780737, "log10_eta": -2.6828250223350714, "log10_lambda": -4.153640627392667, "log10_min_child_weight": 3.7994950622483223, "log10_subsample": -0.07331737383859238, "max_depth": 6.0, "num_boost_round": 39.0}, "datetime": {"datetime": "2024-01-19 01:09:53", "elapsed": 3487.334726, "delta": 0.003566}}
{"target": -17.67587802194843, "params": {"gamma": 977.1735399355481, "log10_alpha": -4.645888987818106, "log10_colsample_bytree": -0.3284573778780737, "log10_eta": -2.6828250223350714, "log10_lambda": -4.153640627392667, "log10_min_child_weight": 3.7994950622483223, "log10_subsample": -0.07331737383859238, "max_depth": 6.0, "num_boost_round": 40.0}, "datetime": {"datetime": "2024-01-19 01:09:53", "elapsed": 3487.33848, "delta": 0.003754}}
{"target": -17.675831417953088, "params": {"gamma": 977.1735399355481, "log10_alpha": -4.645888987818106, "log10_colsample_bytree": -0.3284573778780737, "log10_eta": -2.6828250223350714, "log10_lambda": -4.153640627392667, "log10_min_child_weight": 3.7994950622483223, "log10_subsample": -0.07331737383859238, "max_depth": 6.0, "num_boost_round": 41.0}, "datetime": {"datetime": "2024-01-19 01:09:53", "elapsed": 3487.342172, "delta": 0.003692}}
{"target": -17.675777115154208, "params": {"gamma": 977.1735399355481, "log10_alpha": -4.645888987818106, "log10_colsample_bytree": -0.3284573778780737, "log10_eta": -2.6828250223350714, "log10_lambda": -4.153640627392667, "log10_min_child_weight": 3.7994950622483223, "log10_subsample": -0.07331737383859238, "max_depth": 6.0, "num_boost_round": 42.0}, "datetime": {"datetime": "2024-01-19 01:09:53", "elapsed": 3487.345906, "delta": 0.003734}}
{"target": -17.675735235499715, "params": {"gamma": 977.1735399355481, "log10_alpha": -4.645888987818106, "log10_colsample_bytree": -0.3284573778780737, "log10_eta": -2.6828250223350714, "log10_lambda": -4.153640627392667, "log10_min_child_weight": 3.7994950622483223, "log10_subsample": -0.07331737383859238, "max_depth": 6.0, "num_boost_round": 43.0}, "datetime": {"datetime": "2024-01-19 01:09:53", "elapsed": 3487.349602, "delta": 0.003696}}
{"target": -17.67568357871566, "params": {"gamma": 977.1735399355481, "log10_alpha": -4.645888987818106, "log10_colsample_bytree": -0.3284573778780737, "log10_eta": -2.6828250223350714, "log10_lambda": -4.153640627392667, "log10_min_child_weight": 3.7994950622483223, "log10_subsample": -0.07331737383859238, "max_depth": 6.0, "num_boost_round": 44.0}, "datetime": {"datetime": "2024-01-19 01:09:53", "elapsed": 3487.353255, "delta": 0.003653}}
{"target": -17.675617872219437, "params": {"gamma": 977.1735399355481, "log10_alpha": -4.645888987818106, "log10_colsample_bytree": -0.3284573778780737, "log10_eta": -2.6828250223350714, "log10_lambda": -4.153640627392667, "log10_min_child_weight": 3.7994950622483223, "log10_subsample": -0.07331737383859238, "max_depth": 6.0, "num_boost_round": 45.0}, "datetime": {"datetime": "2024-01-19 01:09:53", "elapsed": 3487.356887, "delta": 0.003632}}
{"target": -17.675543467858002, "params": {"gamma": 977.1735399355481, "log10_alpha": -4.645888987818106, "log10_colsample_bytree": -0.3284573778780737, "log10_eta": -2.6828250223350714, "log10_lambda": -4.153640627392667, "log10_min_child_weight": 3.7994950622483223, "log10_subsample": -0.07331737383859238, "max_depth": 6.0, "num_boost_round": 46.0}, "datetime": {"datetime": "2024-01-19 01:09:53", "elapsed": 3487.360547, "delta": 0.00366}}
{"target": -17.677170266788686, "params": {"gamma": 975.4329325919144, "log10_alpha": -0.8971211336813303, "log10_colsample_bytree": -0.2948603765185577, "log10_eta": -2.988348072296472, "log10_lambda": -3.947537891394302, "log10_min_child_weight": 1.6462558871075939, "log10_subsample": -0.21102280008928265, "max_depth": 9.0, "num_boost_round": 0.0}, "datetime": {"datetime": "2024-01-19 01:11:12", "elapsed": 3566.036873, "delta": 78.676326}}
{"target": -17.677159863944595, "params": {"gamma": 975.4329325919144, "log10_alpha": -0.8971211336813303, "log10_colsample_bytree": -0.2948603765185577, "log10_eta": -2.988348072296472, "log10_lambda": -3.947537891394302, "log10_min_child_weight": 1.6462558871075939, "log10_subsample": -0.21102280008928265, "max_depth": 9.0, "num_boost_round": 1.0}, "datetime": {"datetime": "2024-01-19 01:11:12", "elapsed": 3566.041285, "delta": 0.004412}}
{"target": -17.67718054110374, "params": {"gamma": 975.4329325919144, "log10_alpha": -0.8971211336813303, "log10_colsample_bytree": -0.2948603765185577, "log10_eta": -2.988348072296472, "log10_lambda": -3.947537891394302, "log10_min_child_weight": 1.6462558871075939, "log10_subsample": -0.21102280008928265, "max_depth": 9.0, "num_boost_round": 2.0}, "datetime": {"datetime": "2024-01-19 01:11:12", "elapsed": 3566.045034, "delta": 0.003749}}
{"target": -17.677174823079792, "params": {"gamma": 975.4329325919144, "log10_alpha": -0.8971211336813303, "log10_colsample_bytree": -0.2948603765185577, "log10_eta": -2.988348072296472, "log10_lambda": -3.947537891394302, "log10_min_child_weight": 1.6462558871075939, "log10_subsample": -0.21102280008928265, "max_depth": 9.0, "num_boost_round": 3.0}, "datetime": {"datetime": "2024-01-19 01:11:12", "elapsed": 3566.048655, "delta": 0.003621}}
{"target": -17.677040777750356, "params": {"gamma": 975.4329325919144, "log10_alpha": -0.8971211336813303, "log10_colsample_bytree": -0.2948603765185577, "log10_eta": -2.988348072296472, "log10_lambda": -3.947537891394302, "log10_min_child_weight": 1.6462558871075939, "log10_subsample": -0.21102280008928265, "max_depth": 9.0, "num_boost_round": 4.0}, "datetime": {"datetime": "2024-01-19 01:11:12", "elapsed": 3566.052419, "delta": 0.003764}}
{"target": -17.67700518669323, "params": {"gamma": 975.4329325919144, "log10_alpha": -0.8971211336813303, "log10_colsample_bytree": -0.2948603765185577, "log10_eta": -2.988348072296472, "log10_lambda": -3.947537891394302, "log10_min_child_weight": 1.6462558871075939, "log10_subsample": -0.21102280008928265, "max_depth": 9.0, "num_boost_round": 5.0}, "datetime": {"datetime": "2024-01-19 01:11:12", "elapsed": 3566.056039, "delta": 0.00362}}
{"target": -17.67699954125771, "params": {"gamma": 975.4329325919144, "log10_alpha": -0.8971211336813303, "log10_colsample_bytree": -0.2948603765185577, "log10_eta": -2.988348072296472, "log10_lambda": -3.947537891394302, "log10_min_child_weight": 1.6462558871075939, "log10_subsample": -0.21102280008928265, "max_depth": 9.0, "num_boost_round": 6.0}, "datetime": {"datetime": "2024-01-19 01:11:12", "elapsed": 3566.059731, "delta": 0.003692}}
{"target": -17.676916282213863, "params": {"gamma": 975.4329325919144, "log10_alpha": -0.8971211336813303, "log10_colsample_bytree": -0.2948603765185577, "log10_eta": -2.988348072296472, "log10_lambda": -3.947537891394302, "log10_min_child_weight": 1.6462558871075939, "log10_subsample": -0.21102280008928265, "max_depth": 9.0, "num_boost_round": 7.0}, "datetime": {"datetime": "2024-01-19 01:11:12", "elapsed": 3566.063496, "delta": 0.003765}}
{"target": -17.676834318395272, "params": {"gamma": 975.4329325919144, "log10_alpha": -0.8971211336813303, "log10_colsample_bytree": -0.2948603765185577, "log10_eta": -2.988348072296472, "log10_lambda": -3.947537891394302, "log10_min_child_weight": 1.6462558871075939, "log10_subsample": -0.21102280008928265, "max_depth": 9.0, "num_boost_round": 8.0}, "datetime": {"datetime": "2024-01-19 01:11:12", "elapsed": 3566.067143, "delta": 0.003647}}
{"target": -17.676759785532674, "params": {"gamma": 975.4329325919144, "log10_alpha": -0.8971211336813303, "log10_colsample_bytree": -0.2948603765185577, "log10_eta": -2.988348072296472, "log10_lambda": -3.947537891394302, "log10_min_child_weight": 1.6462558871075939, "log10_subsample": -0.21102280008928265, "max_depth": 9.0, "num_boost_round": 9.0}, "datetime": {"datetime": "2024-01-19 01:11:12", "elapsed": 3566.070973, "delta": 0.00383}}
{"target": -17.6767075559183, "params": {"gamma": 975.4329325919144, "log10_alpha": -0.8971211336813303, "log10_colsample_bytree": -0.2948603765185577, "log10_eta": -2.988348072296472, "log10_lambda": -3.947537891394302, "log10_min_child_weight": 1.6462558871075939, "log10_subsample": -0.21102280008928265, "max_depth": 9.0, "num_boost_round": 10.0}, "datetime": {"datetime": "2024-01-19 01:11:12", "elapsed": 3566.074606, "delta": 0.003633}}
{"target": -17.676621806656403, "params": {"gamma": 975.4329325919144, "log10_alpha": -0.8971211336813303, "log10_colsample_bytree": -0.2948603765185577, "log10_eta": -2.988348072296472, "log10_lambda": -3.947537891394302, "log10_min_child_weight": 1.6462558871075939, "log10_subsample": -0.21102280008928265, "max_depth": 9.0, "num_boost_round": 11.0}, "datetime": {"datetime": "2024-01-19 01:11:12", "elapsed": 3566.078302, "delta": 0.003696}}
{"target": -17.676621501001115, "params": {"gamma": 975.4329325919144, "log10_alpha": -0.8971211336813303, "log10_colsample_bytree": -0.2948603765185577, "log10_eta": -2.988348072296472, "log10_lambda": -3.947537891394302, "log10_min_child_weight": 1.6462558871075939, "log10_subsample": -0.21102280008928265, "max_depth": 9.0, "num_boost_round": 12.0}, "datetime": {"datetime": "2024-01-19 01:11:12", "elapsed": 3566.081973, "delta": 0.003671}}
{"target": -17.67652057327071, "params": {"gamma": 975.4329325919144, "log10_alpha": -0.8971211336813303, "log10_colsample_bytree": -0.2948603765185577, "log10_eta": -2.988348072296472, "log10_lambda": -3.947537891394302, "log10_min_child_weight": 1.6462558871075939, "log10_subsample": -0.21102280008928265, "max_depth": 9.0, "num_boost_round": 13.0}, "datetime": {"datetime": "2024-01-19 01:11:12", "elapsed": 3566.085658, "delta": 0.003685}}
{"target": -17.676460834734133, "params": {"gamma": 975.4329325919144, "log10_alpha": -0.8971211336813303, "log10_colsample_bytree": -0.2948603765185577, "log10_eta": -2.988348072296472, "log10_lambda": -3.947537891394302, "log10_min_child_weight": 1.6462558871075939, "log10_subsample": -0.21102280008928265, "max_depth": 9.0, "num_boost_round": 14.0}, "datetime": {"datetime": "2024-01-19 01:11:12", "elapsed": 3566.089272, "delta": 0.003614}}
{"target": -17.676421592149286, "params": {"gamma": 975.4329325919144, "log10_alpha": -0.8971211336813303, "log10_colsample_bytree": -0.2948603765185577, "log10_eta": -2.988348072296472, "log10_lambda": -3.947537891394302, "log10_min_child_weight": 1.6462558871075939, "log10_subsample": -0.21102280008928265, "max_depth": 9.0, "num_boost_round": 15.0}, "datetime": {"datetime": "2024-01-19 01:11:12", "elapsed": 3566.093091, "delta": 0.003819}}
{"target": -17.676338248388074, "params": {"gamma": 975.4329325919144, "log10_alpha": -0.8971211336813303, "log10_colsample_bytree": -0.2948603765185577, "log10_eta": -2.988348072296472, "log10_lambda": -3.947537891394302, "log10_min_child_weight": 1.6462558871075939, "log10_subsample": -0.21102280008928265, "max_depth": 9.0, "num_boost_round": 16.0}, "datetime": {"datetime": "2024-01-19 01:11:12", "elapsed": 3566.096903, "delta": 0.003812}}
{"target": -17.676316669845512, "params": {"gamma": 975.4329325919144, "log10_alpha": -0.8971211336813303, "log10_colsample_bytree": -0.2948603765185577, "log10_eta": -2.988348072296472, "log10_lambda": -3.947537891394302, "log10_min_child_weight": 1.6462558871075939, "log10_subsample": -0.21102280008928265, "max_depth": 9.0, "num_boost_round": 17.0}, "datetime": {"datetime": "2024-01-19 01:11:12", "elapsed": 3566.100545, "delta": 0.003642}}
{"target": -17.676271508651812, "params": {"gamma": 975.4329325919144, "log10_alpha": -0.8971211336813303, "log10_colsample_bytree": -0.2948603765185577, "log10_eta": -2.988348072296472, "log10_lambda": -3.947537891394302, "log10_min_child_weight": 1.6462558871075939, "log10_subsample": -0.21102280008928265, "max_depth": 9.0, "num_boost_round": 18.0}, "datetime": {"datetime": "2024-01-19 01:11:12", "elapsed": 3566.104323, "delta": 0.003778}}
{"target": -17.676284510465713, "params": {"gamma": 975.4329325919144, "log10_alpha": -0.8971211336813303, "log10_colsample_bytree": -0.2948603765185577, "log10_eta": -2.988348072296472, "log10_lambda": -3.947537891394302, "log10_min_child_weight": 1.6462558871075939, "log10_subsample": -0.21102280008928265, "max_depth": 9.0, "num_boost_round": 19.0}, "datetime": {"datetime": "2024-01-19 01:11:12", "elapsed": 3566.107976, "delta": 0.003653}}
{"target": -17.676190795598792, "params": {"gamma": 975.4329325919144, "log10_alpha": -0.8971211336813303, "log10_colsample_bytree": -0.2948603765185577, "log10_eta": -2.988348072296472, "log10_lambda": -3.947537891394302, "log10_min_child_weight": 1.6462558871075939, "log10_subsample": -0.21102280008928265, "max_depth": 9.0, "num_boost_round": 20.0}, "datetime": {"datetime": "2024-01-19 01:11:12", "elapsed": 3566.111825, "delta": 0.003849}}
