{"target": -13.767416643948927, "params": {"gamma": 964.4395843095685, "log10_alpha": 0.19505795591083966, "log10_colsample_bytree": 0.0, "log10_eta": -1.2341422276977523, "log10_lambda": -2.1270779106856237, "log10_min_child_weight": 1.224654470533337, "log10_subsample": 0.0, "max_depth": 2.0, "num_boost_round": 26.0}, "datetime": {"datetime": "2024-01-19 00:19:47", "elapsed": 488.832466, "delta": 0.000912}}
{"target": -13.767376819600477, "params": {"gamma": 964.4395843095685, "log10_alpha": 0.19505795591083966, "log10_colsample_bytree": 0.0, "log10_eta": -1.2341422276977523, "log10_lambda": -2.1270779106856237, "log10_min_child_weight": 1.224654470533337, "log10_subsample": 0.0, "max_depth": 2.0, "num_boost_round": 27.0}, "datetime": {"datetime": "2024-01-19 00:19:47", "elapsed": 488.833396, "delta": 0.00093}}
{"target": -13.768114440383876, "params": {"gamma": 964.4395843095685, "log10_alpha": 0.19505795591083966, "log10_colsample_bytree": 0.0, "log10_eta": -1.2341422276977523, "log10_lambda": -2.1270779106856237, "log10_min_child_weight": 1.224654470533337, "log10_subsample": 0.0, "max_depth": 2.0, "num_boost_round": 28.0}, "datetime": {"datetime": "2024-01-19 00:19:47", "elapsed": 488.834325, "delta": 0.000929}}
{"target": -13.767934732393137, "params": {"gamma": 964.4395843095685, "log10_alpha": 0.19505795591083966, "log10_colsample_bytree": 0.0, "log10_eta": -1.2341422276977523, "log10_lambda": -2.1270779106856237, "log10_min_child_weight": 1.224654470533337, "log10_subsample": 0.0, "max_depth": 2.0, "num_boost_round": 29.0}, "datetime": {"datetime": "2024-01-19 00:19:47", "elapsed": 488.835247, "delta": 0.000922}}
{"target": -13.758449941014991, "params": {"gamma": 960.8789117082151, "log10_alpha": -1.2283615925041667, "log10_colsample_bytree": -0.19949932401271964, "log10_eta": -2.0435592417827184, "log10_lambda": -0.595879563305215, "log10_min_child_weight": 3.1266503595740063, "log10_subsample": -0.016078744946398826, "max_depth": 2.0, "num_boost_round": 0.0}, "datetime": {"datetime": "2024-01-19 00:20:12", "elapsed": 513.996032, "delta": 25.160785}}
{"target": -13.75838656052852, "params": {"gamma": 960.8789117082151, "log10_alpha": -1.2283615925041667, "log10_colsample_bytree": -0.19949932401271964, "log10_eta": -2.0435592417827184, "log10_lambda": -0.595879563305215, "log10_min_child_weight": 3.1266503595740063, "log10_subsample": -0.016078744946398826, "max_depth": 2.0, "num_boost_round": 1.0}, "datetime": {"datetime": "2024-01-19 00:20:12", "elapsed": 513.997108, "delta": 0.001076}}
{"target": -13.758346166879246, "params": {"gamma": 960.8789117082151, "log10_alpha": -1.2283615925041667, "log10_colsample_bytree": -0.19949932401271964, "log10_eta": -2.0435592417827184, "log10_lambda": -0.595879563305215, "log10_min_child_weight": 3.1266503595740063, "log10_subsample": -0.016078744946398826, "max_depth": 2.0, "num_boost_round": 2.0}, "datetime": {"datetime": "2024-01-19 00:20:12", "elapsed": 513.998539, "delta": 0.001431}}
{"target": -13.758360182814094, "params": {"gamma": 960.8789117082151, "log10_alpha": -1.2283615925041667, "log10_colsample_bytree": -0.19949932401271964, "log10_eta": -2.0435592417827184, "log10_lambda": -0.595879563305215, "log10_min_child_weight": 3.1266503595740063, "log10_subsample": -0.016078744946398826, "max_depth": 2.0, "num_boost_round": 3.0}, "datetime": {"datetime": "2024-01-19 00:20:12", "elapsed": 513.999448, "delta": 0.000909}}
{"target": -13.758251220312799, "params": {"gamma": 960.8789117082151, "log10_alpha": -1.2283615925041667, "log10_colsample_bytree": -0.19949932401271964, "log10_eta": -2.0435592417827184, "log10_lambda": -0.595879563305215, "log10_min_child_weight": 3.1266503595740063, "log10_subsample": -0.016078744946398826, "max_depth": 2.0, "num_boost_round": 4.0}, "datetime": {"datetime": "2024-01-19 00:20:12", "elapsed": 514.000358, "delta": 0.00091}}
{"target": -13.758243588934585, "params": {"gamma": 960.8789117082151, "log10_alpha": -1.2283615925041667, "log10_colsample_bytree": -0.19949932401271964, "log10_eta": -2.0435592417827184, "log10_lambda": -0.595879563305215, "log10_min_child_weight": 3.1266503595740063, "log10_subsample": -0.016078744946398826, "max_depth": 2.0, "num_boost_round": 5.0}, "datetime": {"datetime": "2024-01-19 00:20:12", "elapsed": 514.001377, "delta": 0.001019}}
{"target": -13.758273366472338, "params": {"gamma": 960.8789117082151, "log10_alpha": -1.2283615925041667, "log10_colsample_bytree": -0.19949932401271964, "log10_eta": -2.0435592417827184, "log10_lambda": -0.595879563305215, "log10_min_child_weight": 3.1266503595740063, "log10_subsample": -0.016078744946398826, "max_depth": 2.0, "num_boost_round": 6.0}, "datetime": {"datetime": "2024-01-19 00:20:12", "elapsed": 514.002283, "delta": 0.000906}}
{"target": -13.758231751623097, "params": {"gamma": 960.8789117082151, "log10_alpha": -1.2283615925041667, "log10_colsample_bytree": -0.19949932401271964, "log10_eta": -2.0435592417827184, "log10_lambda": -0.595879563305215, "log10_min_child_weight": 3.1266503595740063, "log10_subsample": -0.016078744946398826, "max_depth": 2.0, "num_boost_round": 7.0}, "datetime": {"datetime": "2024-01-19 00:20:12", "elapsed": 514.003222, "delta": 0.000939}}
{"target": -13.758214801651206, "params": {"gamma": 960.8789117082151, "log10_alpha": -1.2283615925041667, "log10_colsample_bytree": -0.19949932401271964, "log10_eta": -2.0435592417827184, "log10_lambda": -0.595879563305215, "log10_min_child_weight": 3.1266503595740063, "log10_subsample": -0.016078744946398826, "max_depth": 2.0, "num_boost_round": 8.0}, "datetime": {"datetime": "2024-01-19 00:20:12", "elapsed": 514.004404, "delta": 0.001182}}
{"target": -13.758224283292124, "params": {"gamma": 960.8789117082151, "log10_alpha": -1.2283615925041667, "log10_colsample_bytree": -0.19949932401271964, "log10_eta": -2.0435592417827184, "log10_lambda": -0.595879563305215, "log10_min_child_weight": 3.1266503595740063, "log10_subsample": -0.016078744946398826, "max_depth": 2.0, "num_boost_round": 9.0}, "datetime": {"datetime": "2024-01-19 00:20:12", "elapsed": 514.005402, "delta": 0.000998}}
{"target": -13.758219118061213, "params": {"gamma": 960.8789117082151, "log10_alpha": -1.2283615925041667, "log10_colsample_bytree": -0.19949932401271964, "log10_eta": -2.0435592417827184, "log10_lambda": -0.595879563305215, "log10_min_child_weight": 3.1266503595740063, "log10_subsample": -0.016078744946398826, "max_depth": 2.0, "num_boost_round": 10.0}, "datetime": {"datetime": "2024-01-19 00:20:12", "elapsed": 514.006364, "delta": 0.000962}}
{"target": -13.758057037331511, "params": {"gamma": 960.8789117082151, "log10_alpha": -1.2283615925041667, "log10_colsample_bytree": -0.19949932401271964, "log10_eta": -2.0435592417827184, "log10_lambda": -0.595879563305215, "log10_min_child_weight": 3.1266503595740063, "log10_subsample": -0.016078744946398826, "max_depth": 2.0, "num_boost_round": 11.0}, "datetime": {"datetime": "2024-01-19 00:20:12", "elapsed": 514.007448, "delta": 0.001084}}
{"target": -13.758063759591924, "params": {"gamma": 960.8789117082151, "log10_alpha": -1.2283615925041667, "log10_colsample_bytree": -0.19949932401271964, "log10_eta": -2.0435592417827184, "log10_lambda": -0.595879563305215, "log10_min_child_weight": 3.1266503595740063, "log10_subsample": -0.016078744946398826, "max_depth": 2.0, "num_boost_round": 12.0}, "datetime": {"datetime": "2024-01-19 00:20:12", "elapsed": 514.008516, "delta": 0.001068}}
{"target": -13.758063829486295, "params": {"gamma": 960.8789117082151, "log10_alpha": -1.2283615925041667, "log10_colsample_bytree": -0.19949932401271964, "log10_eta": -2.0435592417827184, "log10_lambda": -0.595879563305215, "log10_min_child_weight": 3.1266503595740063, "log10_subsample": -0.016078744946398826, "max_depth": 2.0, "num_boost_round": 13.0}, "datetime": {"datetime": "2024-01-19 00:20:13", "elapsed": 514.009427, "delta": 0.000911}}
{"target": -13.758072591644726, "params": {"gamma": 960.8789117082151, "log10_alpha": -1.2283615925041667, "log10_colsample_bytree": -0.19949932401271964, "log10_eta": -2.0435592417827184, "log10_lambda": -0.595879563305215, "log10_min_child_weight": 3.1266503595740063, "log10_subsample": -0.016078744946398826, "max_depth": 2.0, "num_boost_round": 14.0}, "datetime": {"datetime": "2024-01-19 00:20:13", "elapsed": 514.010334, "delta": 0.000907}}
{"target": -13.758106641217479, "params": {"gamma": 960.8789117082151, "log10_alpha": -1.2283615925041667, "log10_colsample_bytree": -0.19949932401271964, "log10_eta": -2.0435592417827184, "log10_lambda": -0.595879563305215, "log10_min_child_weight": 3.1266503595740063, "log10_subsample": -0.016078744946398826, "max_depth": 2.0, "num_boost_round": 15.0}, "datetime": {"datetime": "2024-01-19 00:20:13", "elapsed": 514.011241, "delta": 0.000907}}
{"target": -13.757982936090613, "params": {"gamma": 960.8789117082151, "log10_alpha": -1.2283615925041667, "log10_colsample_bytree": -0.19949932401271964, "log10_eta": -2.0435592417827184, "log10_lambda": -0.595879563305215, "log10_min_child_weight": 3.1266503595740063, "log10_subsample": -0.016078744946398826, "max_depth": 2.0, "num_boost_round": 16.0}, "datetime": {"datetime": "2024-01-19 00:20:13", "elapsed": 514.012144, "delta": 0.000903}}
{"target": -13.758014477720582, "params": {"gamma": 960.8789117082151, "log10_alpha": -1.2283615925041667, "log10_colsample_bytree": -0.19949932401271964, "log10_eta": -2.0435592417827184, "log10_lambda": -0.595879563305215, "log10_min_child_weight": 3.1266503595740063, "log10_subsample": -0.016078744946398826, "max_depth": 2.0, "num_boost_round": 17.0}, "datetime": {"datetime": "2024-01-19 00:20:13", "elapsed": 514.01305, "delta": 0.000906}}
{"target": -13.758051311599395, "params": {"gamma": 960.8789117082151, "log10_alpha": -1.2283615925041667, "log10_colsample_bytree": -0.19949932401271964, "log10_eta": -2.0435592417827184, "log10_lambda": -0.595879563305215, "log10_min_child_weight": 3.1266503595740063, "log10_subsample": -0.016078744946398826, "max_depth": 2.0, "num_boost_round": 18.0}, "datetime": {"datetime": "2024-01-19 00:20:13", "elapsed": 514.013958, "delta": 0.000908}}
{"target": -13.758051802969115, "params": {"gamma": 960.8789117082151, "log10_alpha": -1.2283615925041667, "log10_colsample_bytree": -0.19949932401271964, "log10_eta": -2.0435592417827184, "log10_lambda": -0.595879563305215, "log10_min_child_weight": 3.1266503595740063, "log10_subsample": -0.016078744946398826, "max_depth": 2.0, "num_boost_round": 19.0}, "datetime": {"datetime": "2024-01-19 00:20:13", "elapsed": 514.014873, "delta": 0.000915}}
{"target": -13.75810044201966, "params": {"gamma": 960.8789117082151, "log10_alpha": -1.2283615925041667, "log10_colsample_bytree": -0.19949932401271964, "log10_eta": -2.0435592417827184, "log10_lambda": -0.595879563305215, "log10_min_child_weight": 3.1266503595740063, "log10_subsample": -0.016078744946398826, "max_depth": 2.0, "num_boost_round": 20.0}, "datetime": {"datetime": "2024-01-19 00:20:13", "elapsed": 514.01579, "delta": 0.000917}}
{"target": -13.758148956534505, "params": {"gamma": 960.8789117082151, "log10_alpha": -1.2283615925041667, "log10_colsample_bytree": -0.19949932401271964, "log10_eta": -2.0435592417827184, "log10_lambda": -0.595879563305215, "log10_min_child_weight": 3.1266503595740063, "log10_subsample": -0.016078744946398826, "max_depth": 2.0, "num_boost_round": 21.0}, "datetime": {"datetime": "2024-01-19 00:20:13", "elapsed": 514.016713, "delta": 0.000923}}
{"target": -13.758223893488571, "params": {"gamma": 960.8789117082151, "log10_alpha": -1.2283615925041667, "log10_colsample_bytree": -0.19949932401271964, "log10_eta": -2.0435592417827184, "log10_lambda": -0.595879563305215, "log10_min_child_weight": 3.1266503595740063, "log10_subsample": -0.016078744946398826, "max_depth": 2.0, "num_boost_round": 22.0}, "datetime": {"datetime": "2024-01-19 00:20:13", "elapsed": 514.01763, "delta": 0.000917}}
{"target": -13.758170858997165, "params": {"gamma": 960.8789117082151, "log10_alpha": -1.2283615925041667, "log10_colsample_bytree": -0.19949932401271964, "log10_eta": -2.0435592417827184, "log10_lambda": -0.595879563305215, "log10_min_child_weight": 3.1266503595740063, "log10_subsample": -0.016078744946398826, "max_depth": 2.0, "num_boost_round": 23.0}, "datetime": {"datetime": "2024-01-19 00:20:13", "elapsed": 514.018632, "delta": 0.001002}}
{"target": -13.758218077681775, "params": {"gamma": 960.8789117082151, "log10_alpha": -1.2283615925041667, "log10_colsample_bytree": -0.19949932401271964, "log10_eta": -2.0435592417827184, "log10_lambda": -0.595879563305215, "log10_min_child_weight": 3.1266503595740063, "log10_subsample": -0.016078744946398826, "max_depth": 2.0, "num_boost_round": 24.0}, "datetime": {"datetime": "2024-01-19 00:20:13", "elapsed": 514.019552, "delta": 0.00092}}
{"target": -13.758151376429906, "params": {"gamma": 960.8789117082151, "log10_alpha": -1.2283615925041667, "log10_colsample_bytree": -0.19949932401271964, "log10_eta": -2.0435592417827184, "log10_lambda": -0.595879563305215, "log10_min_child_weight": 3.1266503595740063, "log10_subsample": -0.016078744946398826, "max_depth": 2.0, "num_boost_round": 25.0}, "datetime": {"datetime": "2024-01-19 00:20:13", "elapsed": 514.020488, "delta": 0.000936}}
{"target": -13.758118988056225, "params": {"gamma": 960.8789117082151, "log10_alpha": -1.2283615925041667, "log10_colsample_bytree": -0.19949932401271964, "log10_eta": -2.0435592417827184, "log10_lambda": -0.595879563305215, "log10_min_child_weight": 3.1266503595740063, "log10_subsample": -0.016078744946398826, "max_depth": 2.0, "num_boost_round": 26.0}, "datetime": {"datetime": "2024-01-19 00:20:13", "elapsed": 514.021406, "delta": 0.000918}}
{"target": -13.758165659823877, "params": {"gamma": 960.8789117082151, "log10_alpha": -1.2283615925041667, "log10_colsample_bytree": -0.19949932401271964, "log10_eta": -2.0435592417827184, "log10_lambda": -0.595879563305215, "log10_min_child_weight": 3.1266503595740063, "log10_subsample": -0.016078744946398826, "max_depth": 2.0, "num_boost_round": 27.0}, "datetime": {"datetime": "2024-01-19 00:20:13", "elapsed": 514.022334, "delta": 0.000928}}
{"target": -13.7582325541614, "params": {"gamma": 960.8789117082151, "log10_alpha": -1.2283615925041667, "log10_colsample_bytree": -0.19949932401271964, "log10_eta": -2.0435592417827184, "log10_lambda": -0.595879563305215, "log10_min_child_weight": 3.1266503595740063, "log10_subsample": -0.016078744946398826, "max_depth": 2.0, "num_boost_round": 28.0}, "datetime": {"datetime": "2024-01-19 00:20:13", "elapsed": 514.023258, "delta": 0.000924}}
{"target": -13.758324480267278, "params": {"gamma": 960.8789117082151, "log10_alpha": -1.2283615925041667, "log10_colsample_bytree": -0.19949932401271964, "log10_eta": -2.0435592417827184, "log10_lambda": -0.595879563305215, "log10_min_child_weight": 3.1266503595740063, "log10_subsample": -0.016078744946398826, "max_depth": 2.0, "num_boost_round": 29.0}, "datetime": {"datetime": "2024-01-19 00:20:13", "elapsed": 514.024173, "delta": 0.000915}}
{"target": -13.758424565939839, "params": {"gamma": 960.8789117082151, "log10_alpha": -1.2283615925041667, "log10_colsample_bytree": -0.19949932401271964, "log10_eta": -2.0435592417827184, "log10_lambda": -0.595879563305215, "log10_min_child_weight": 3.1266503595740063, "log10_subsample": -0.016078744946398826, "max_depth": 2.0, "num_boost_round": 30.0}, "datetime": {"datetime": "2024-01-19 00:20:13", "elapsed": 514.025097, "delta": 0.000924}}
{"target": -13.7585318588983, "params": {"gamma": 960.8789117082151, "log10_alpha": -1.2283615925041667, "log10_colsample_bytree": -0.19949932401271964, "log10_eta": -2.0435592417827184, "log10_lambda": -0.595879563305215, "log10_min_child_weight": 3.1266503595740063, "log10_subsample": -0.016078744946398826, "max_depth": 2.0, "num_boost_round": 31.0}, "datetime": {"datetime": "2024-01-19 00:20:13", "elapsed": 514.026071, "delta": 0.000974}}
{"target": -13.75855972857567, "params": {"gamma": 960.8789117082151, "log10_alpha": -1.2283615925041667, "log10_colsample_bytree": -0.19949932401271964, "log10_eta": -2.0435592417827184, "log10_lambda": -0.595879563305215, "log10_min_child_weight": 3.1266503595740063, "log10_subsample": -0.016078744946398826, "max_depth": 2.0, "num_boost_round": 32.0}, "datetime": {"datetime": "2024-01-19 00:20:13", "elapsed": 514.027013, "delta": 0.000942}}
{"target": -13.758643343971976, "params": {"gamma": 960.8789117082151, "log10_alpha": -1.2283615925041667, "log10_colsample_bytree": -0.19949932401271964, "log10_eta": -2.0435592417827184, "log10_lambda": -0.595879563305215, "log10_min_child_weight": 3.1266503595740063, "log10_subsample": -0.016078744946398826, "max_depth": 2.0, "num_boost_round": 33.0}, "datetime": {"datetime": "2024-01-19 00:20:13", "elapsed": 514.028013, "delta": 0.001}}
{"target": -13.758730444554185, "params": {"gamma": 960.8789117082151, "log10_alpha": -1.2283615925041667, "log10_colsample_bytree": -0.19949932401271964, "log10_eta": -2.0435592417827184, "log10_lambda": -0.595879563305215, "log10_min_child_weight": 3.1266503595740063, "log10_subsample": -0.016078744946398826, "max_depth": 2.0, "num_boost_round": 34.0}, "datetime": {"datetime": "2024-01-19 00:20:13", "elapsed": 514.028944, "delta": 0.000931}}
{"target": -13.75853804148169, "params": {"gamma": 959.5647240305633, "log10_alpha": -0.04419526445540889, "log10_colsample_bytree": -0.4690934120557875, "log10_eta": -3.8357040540639757, "log10_lambda": -4.520412743756259, "log10_min_child_weight": 3.5297714890588754, "log10_subsample": -0.3687855371385047, "max_depth": 3.0, "num_boost_round": 0.0}, "datetime": {"datetime": "2024-01-19 00:20:31", "elapsed": 532.67446, "delta": 18.645516}}
{"target": -13.75853579258075, "params": {"gamma": 959.5647240305633, "log10_alpha": -0.04419526445540889, "log10_colsample_bytree": -0.4690934120557875, "log10_eta": -3.8357040540639757, "log10_lambda": -4.520412743756259, "log10_min_child_weight": 3.5297714890588754, "log10_subsample": -0.3687855371385047, "max_depth": 3.0, "num_boost_round": 1.0}, "datetime": {"datetime": "2024-01-19 00:20:31", "elapsed": 532.675618, "delta": 0.001158}}
{"target": -13.758535066195776, "params": {"gamma": 959.5647240305633, "log10_alpha": -0.04419526445540889, "log10_colsample_bytree": -0.4690934120557875, "log10_eta": -3.8357040540639757, "log10_lambda": -4.520412743756259, "log10_min_child_weight": 3.5297714890588754, "log10_subsample": -0.3687855371385047, "max_depth": 3.0, "num_boost_round": 2.0}, "datetime": {"datetime": "2024-01-19 00:20:31", "elapsed": 532.677349, "delta": 0.001731}}
{"target": -13.758534937369143, "params": {"gamma": 959.5647240305633, "log10_alpha": -0.04419526445540889, "log10_colsample_bytree": -0.4690934120557875, "log10_eta": -3.8357040540639757, "log10_lambda": -4.520412743756259, "log10_min_child_weight": 3.5297714890588754, "log10_subsample": -0.3687855371385047, "max_depth": 3.0, "num_boost_round": 3.0}, "datetime": {"datetime": "2024-01-19 00:20:31", "elapsed": 532.678317, "delta": 0.000968}}
{"target": -13.758530609688998, "params": {"gamma": 959.5647240305633, "log10_alpha": -0.04419526445540889, "log10_colsample_bytree": -0.4690934120557875, "log10_eta": -3.8357040540639757, "log10_lambda": -4.520412743756259, "log10_min_child_weight": 3.5297714890588754, "log10_subsample": -0.3687855371385047, "max_depth": 3.0, "num_boost_round": 4.0}, "datetime": {"datetime": "2024-01-19 00:20:31", "elapsed": 532.679267, "delta": 0.00095}}
{"target": -13.758529901967519, "params": {"gamma": 959.5647240305633, "log10_alpha": -0.04419526445540889, "log10_colsample_bytree": -0.4690934120557875, "log10_eta": -3.8357040540639757, "log10_lambda": -4.520412743756259, "log10_min_child_weight": 3.5297714890588754, "log10_subsample": -0.3687855371385047, "max_depth": 3.0, "num_boost_round": 5.0}, "datetime": {"datetime": "2024-01-19 00:20:31", "elapsed": 532.680331, "delta": 0.001064}}
{"target": -13.758527622708108, "params": {"gamma": 959.5647240305633, "log10_alpha": -0.04419526445540889, "log10_colsample_bytree": -0.4690934120557875, "log10_eta": -3.8357040540639757, "log10_lambda": -4.520412743756259, "log10_min_child_weight": 3.5297714890588754, "log10_subsample": -0.3687855371385047, "max_depth": 3.0, "num_boost_round": 6.0}, "datetime": {"datetime": "2024-01-19 00:20:31", "elapsed": 532.681537, "delta": 0.001206}}
{"target": -13.758528039112116, "params": {"gamma": 959.5647240305633, "log10_alpha": -0.04419526445540889, "log10_colsample_bytree": -0.4690934120557875, "log10_eta": -3.8357040540639757, "log10_lambda": -4.520412743756259, "log10_min_child_weight": 3.5297714890588754, "log10_subsample": -0.3687855371385047, "max_depth": 3.0, "num_boost_round": 7.0}, "datetime": {"datetime": "2024-01-19 00:20:31", "elapsed": 532.6825, "delta": 0.000963}}
{"target": -13.75852534034222, "params": {"gamma": 959.5647240305633, "log10_alpha": -0.04419526445540889, "log10_colsample_bytree": -0.4690934120557875, "log10_eta": -3.8357040540639757, "log10_lambda": -4.520412743756259, "log10_min_child_weight": 3.5297714890588754, "log10_subsample": -0.3687855371385047, "max_depth": 3.0, "num_boost_round": 8.0}, "datetime": {"datetime": "2024-01-19 00:20:31", "elapsed": 532.683498, "delta": 0.000998}}
{"target": -13.75852306423807, "params": {"gamma": 959.5647240305633, "log10_alpha": -0.04419526445540889, "log10_colsample_bytree": -0.4690934120557875, "log10_eta": -3.8357040540639757, "log10_lambda": -4.520412743756259, "log10_min_child_weight": 3.5297714890588754, "log10_subsample": -0.3687855371385047, "max_depth": 3.0, "num_boost_round": 9.0}, "datetime": {"datetime": "2024-01-19 00:20:31", "elapsed": 532.684458, "delta": 0.00096}}
