{"target": -17.677207905507064, "params": {"gamma": 428.1434213292946, "log10_alpha": -1.0434004015277778, "log10_colsample_bytree": -0.9648012183773793, "log10_eta": -3.575520627220438, "log10_lambda": -3.217863943450086, "log10_min_child_weight": 4.926646865825093, "log10_subsample": -0.899043013857683, "max_depth": 9.0, "num_boost_round": 22.0}, "datetime": {"datetime": "2024-01-19 00:27:38", "elapsed": 951.277954, "delta": 0.001806}}
{"target": -17.677206621478312, "params": {"gamma": 428.1434213292946, "log10_alpha": -1.0434004015277778, "log10_colsample_bytree": -0.9648012183773793, "log10_eta": -3.575520627220438, "log10_lambda": -3.217863943450086, "log10_min_child_weight": 4.926646865825093, "log10_subsample": -0.899043013857683, "max_depth": 9.0, "num_boost_round": 23.0}, "datetime": {"datetime": "2024-01-19 00:27:38", "elapsed": 951.279771, "delta": 0.001817}}
{"target": -17.677206643787958, "params": {"gamma": 428.1434213292946, "log10_alpha": -1.0434004015277778, "log10_colsample_bytree": -0.9648012183773793, "log10_eta": -3.575520627220438, "log10_lambda": -3.217863943450086, "log10_min_child_weight": 4.926646865825093, "log10_subsample": -0.899043013857683, "max_depth": 9.0, "num_boost_round": 24.0}, "datetime": {"datetime": "2024-01-19 00:27:38", "elapsed": 951.28165, "delta": 0.001879}}
{"target": -17.677205374029906, "params": {"gamma": 428.1434213292946, "log10_alpha": -1.0434004015277778, "log10_colsample_bytree": -0.9648012183773793, "log10_eta": -3.575520627220438, "log10_lambda": -3.217863943450086, "log10_min_child_weight": 4.926646865825093, "log10_subsample": -0.899043013857683, "max_depth": 9.0, "num_boost_round": 25.0}, "datetime": {"datetime": "2024-01-19 00:27:38", "elapsed": 951.28347, "delta": 0.00182}}
{"target": -17.67720536577085, "params": {"gamma": 428.1434213292946, "log10_alpha": -1.0434004015277778, "log10_colsample_bytree": -0.9648012183773793, "log10_eta": -3.575520627220438, "log10_lambda": -3.217863943450086, "log10_min_child_weight": 4.926646865825093, "log10_subsample": -0.899043013857683, "max_depth": 9.0, "num_boost_round": 26.0}, "datetime": {"datetime": "2024-01-19 00:27:38", "elapsed": 951.285275, "delta": 0.001805}}
{"target": -17.677203952271217, "params": {"gamma": 428.1434213292946, "log10_alpha": -1.0434004015277778, "log10_colsample_bytree": -0.9648012183773793, "log10_eta": -3.575520627220438, "log10_lambda": -3.217863943450086, "log10_min_child_weight": 4.926646865825093, "log10_subsample": -0.899043013857683, "max_depth": 9.0, "num_boost_round": 27.0}, "datetime": {"datetime": "2024-01-19 00:27:38", "elapsed": 951.287132, "delta": 0.001857}}
{"target": -17.677203003041985, "params": {"gamma": 428.1434213292946, "log10_alpha": -1.0434004015277778, "log10_colsample_bytree": -0.9648012183773793, "log10_eta": -3.575520627220438, "log10_lambda": -3.217863943450086, "log10_min_child_weight": 4.926646865825093, "log10_subsample": -0.899043013857683, "max_depth": 9.0, "num_boost_round": 28.0}, "datetime": {"datetime": "2024-01-19 00:27:38", "elapsed": 951.293404, "delta": 0.006272}}
{"target": -17.677200202992015, "params": {"gamma": 428.1434213292946, "log10_alpha": -1.0434004015277778, "log10_colsample_bytree": -0.9648012183773793, "log10_eta": -3.575520627220438, "log10_lambda": -3.217863943450086, "log10_min_child_weight": 4.926646865825093, "log10_subsample": -0.899043013857683, "max_depth": 9.0, "num_boost_round": 29.0}, "datetime": {"datetime": "2024-01-19 00:27:38", "elapsed": 951.29525, "delta": 0.001846}}
{"target": -17.67719863100947, "params": {"gamma": 428.1434213292946, "log10_alpha": -1.0434004015277778, "log10_colsample_bytree": -0.9648012183773793, "log10_eta": -3.575520627220438, "log10_lambda": -3.217863943450086, "log10_min_child_weight": 4.926646865825093, "log10_subsample": -0.899043013857683, "max_depth": 9.0, "num_boost_round": 30.0}, "datetime": {"datetime": "2024-01-19 00:27:38", "elapsed": 951.29707, "delta": 0.00182}}
{"target": -17.677199531315487, "params": {"gamma": 428.1434213292946, "log10_alpha": -1.0434004015277778, "log10_colsample_bytree": -0.9648012183773793, "log10_eta": -3.575520627220438, "log10_lambda": -3.217863943450086, "log10_min_child_weight": 4.926646865825093, "log10_subsample": -0.899043013857683, "max_depth": 9.0, "num_boost_round": 31.0}, "datetime": {"datetime": "2024-01-19 00:27:38", "elapsed": 951.298892, "delta": 0.001822}}
{"target": -17.677198742594644, "params": {"gamma": 428.1434213292946, "log10_alpha": -1.0434004015277778, "log10_colsample_bytree": -0.9648012183773793, "log10_eta": -3.575520627220438, "log10_lambda": -3.217863943450086, "log10_min_child_weight": 4.926646865825093, "log10_subsample": -0.899043013857683, "max_depth": 9.0, "num_boost_round": 32.0}, "datetime": {"datetime": "2024-01-19 00:27:38", "elapsed": 951.300727, "delta": 0.001835}}
{"target": -17.677197830127813, "params": {"gamma": 428.1434213292946, "log10_alpha": -1.0434004015277778, "log10_colsample_bytree": -0.9648012183773793, "log10_eta": -3.575520627220438, "log10_lambda": -3.217863943450086, "log10_min_child_weight": 4.926646865825093, "log10_subsample": -0.899043013857683, "max_depth": 9.0, "num_boost_round": 33.0}, "datetime": {"datetime": "2024-01-19 00:27:38", "elapsed": 951.302674, "delta": 0.001947}}
{"target": -17.67719605756555, "params": {"gamma": 428.1434213292946, "log10_alpha": -1.0434004015277778, "log10_colsample_bytree": -0.9648012183773793, "log10_eta": -3.575520627220438, "log10_lambda": -3.217863943450086, "log10_min_child_weight": 4.926646865825093, "log10_subsample": -0.899043013857683, "max_depth": 9.0, "num_boost_round": 34.0}, "datetime": {"datetime": "2024-01-19 00:27:38", "elapsed": 951.304633, "delta": 0.001959}}
{"target": -17.677196053334953, "params": {"gamma": 428.1434213292946, "log10_alpha": -1.0434004015277778, "log10_colsample_bytree": -0.9648012183773793, "log10_eta": -3.575520627220438, "log10_lambda": -3.217863943450086, "log10_min_child_weight": 4.926646865825093, "log10_subsample": -0.899043013857683, "max_depth": 9.0, "num_boost_round": 35.0}, "datetime": {"datetime": "2024-01-19 00:27:38", "elapsed": 951.306562, "delta": 0.001929}}
{"target": -17.677194925097897, "params": {"gamma": 428.1434213292946, "log10_alpha": -1.0434004015277778, "log10_colsample_bytree": -0.9648012183773793, "log10_eta": -3.575520627220438, "log10_lambda": -3.217863943450086, "log10_min_child_weight": 4.926646865825093, "log10_subsample": -0.899043013857683, "max_depth": 9.0, "num_boost_round": 36.0}, "datetime": {"datetime": "2024-01-19 00:27:38", "elapsed": 951.308415, "delta": 0.001853}}
{"target": -17.677194957193056, "params": {"gamma": 428.1434213292946, "log10_alpha": -1.0434004015277778, "log10_colsample_bytree": -0.9648012183773793, "log10_eta": -3.575520627220438, "log10_lambda": -3.217863943450086, "log10_min_child_weight": 4.926646865825093, "log10_subsample": -0.899043013857683, "max_depth": 9.0, "num_boost_round": 37.0}, "datetime": {"datetime": "2024-01-19 00:27:38", "elapsed": 951.310267, "delta": 0.001852}}
{"target": -17.67632604075587, "params": {"gamma": 436.8178366813281, "log10_alpha": -4.897056357904235, "log10_colsample_bytree": -0.7910683396463632, "log10_eta": -1.442177945630398, "log10_lambda": -1.2251249323583733, "log10_min_child_weight": 2.3582702808802427, "log10_subsample": -0.8139699372101903, "max_depth": 7.0, "num_boost_round": 0.0}, "datetime": {"datetime": "2024-01-19 00:28:18", "elapsed": 990.984371, "delta": 39.674104}}
{"target": -17.67530402083768, "params": {"gamma": 436.8178366813281, "log10_alpha": -4.897056357904235, "log10_colsample_bytree": -0.7910683396463632, "log10_eta": -1.442177945630398, "log10_lambda": -1.2251249323583733, "log10_min_child_weight": 2.3582702808802427, "log10_subsample": -0.8139699372101903, "max_depth": 7.0, "num_boost_round": 1.0}, "datetime": {"datetime": "2024-01-19 00:28:18", "elapsed": 990.986895, "delta": 0.002524}}
{"target": -17.674593841697522, "params": {"gamma": 436.8178366813281, "log10_alpha": -4.897056357904235, "log10_colsample_bytree": -0.7910683396463632, "log10_eta": -1.442177945630398, "log10_lambda": -1.2251249323583733, "log10_min_child_weight": 2.3582702808802427, "log10_subsample": -0.8139699372101903, "max_depth": 7.0, "num_boost_round": 2.0}, "datetime": {"datetime": "2024-01-19 00:28:18", "elapsed": 990.989203, "delta": 0.002308}}
{"target": -17.67575690894928, "params": {"gamma": 436.8178366813281, "log10_alpha": -4.897056357904235, "log10_colsample_bytree": -0.7910683396463632, "log10_eta": -1.442177945630398, "log10_lambda": -1.2251249323583733, "log10_min_child_weight": 2.3582702808802427, "log10_subsample": -0.8139699372101903, "max_depth": 7.0, "num_boost_round": 3.0}, "datetime": {"datetime": "2024-01-19 00:28:18", "elapsed": 990.991197, "delta": 0.001994}}
{"target": -17.676023842569144, "params": {"gamma": 436.8178366813281, "log10_alpha": -4.897056357904235, "log10_colsample_bytree": -0.7910683396463632, "log10_eta": -1.442177945630398, "log10_lambda": -1.2251249323583733, "log10_min_child_weight": 2.3582702808802427, "log10_subsample": -0.8139699372101903, "max_depth": 7.0, "num_boost_round": 4.0}, "datetime": {"datetime": "2024-01-19 00:28:18", "elapsed": 990.993217, "delta": 0.00202}}
{"target": -17.67490149180756, "params": {"gamma": 436.8178366813281, "log10_alpha": -4.897056357904235, "log10_colsample_bytree": -0.7910683396463632, "log10_eta": -1.442177945630398, "log10_lambda": -1.2251249323583733, "log10_min_child_weight": 2.3582702808802427, "log10_subsample": -0.8139699372101903, "max_depth": 7.0, "num_boost_round": 5.0}, "datetime": {"datetime": "2024-01-19 00:28:18", "elapsed": 990.995111, "delta": 0.001894}}
{"target": -17.67556354083878, "params": {"gamma": 436.8178366813281, "log10_alpha": -4.897056357904235, "log10_colsample_bytree": -0.7910683396463632, "log10_eta": -1.442177945630398, "log10_lambda": -1.2251249323583733, "log10_min_child_weight": 2.3582702808802427, "log10_subsample": -0.8139699372101903, "max_depth": 7.0, "num_boost_round": 6.0}, "datetime": {"datetime": "2024-01-19 00:28:18", "elapsed": 990.996987, "delta": 0.001876}}
{"target": -17.674259565747505, "params": {"gamma": 436.8178366813281, "log10_alpha": -4.897056357904235, "log10_colsample_bytree": -0.7910683396463632, "log10_eta": -1.442177945630398, "log10_lambda": -1.2251249323583733, "log10_min_child_weight": 2.3582702808802427, "log10_subsample": -0.8139699372101903, "max_depth": 7.0, "num_boost_round": 7.0}, "datetime": {"datetime": "2024-01-19 00:28:18", "elapsed": 990.998877, "delta": 0.00189}}
{"target": -17.675491137467453, "params": {"gamma": 436.8178366813281, "log10_alpha": -4.897056357904235, "log10_colsample_bytree": -0.7910683396463632, "log10_eta": -1.442177945630398, "log10_lambda": -1.2251249323583733, "log10_min_child_weight": 2.3582702808802427, "log10_subsample": -0.8139699372101903, "max_depth": 7.0, "num_boost_round": 8.0}, "datetime": {"datetime": "2024-01-19 00:28:18", "elapsed": 991.000758, "delta": 0.001881}}
{"target": -17.675224804707558, "params": {"gamma": 436.8178366813281, "log10_alpha": -4.897056357904235, "log10_colsample_bytree": -0.7910683396463632, "log10_eta": -1.442177945630398, "log10_lambda": -1.2251249323583733, "log10_min_child_weight": 2.3582702808802427, "log10_subsample": -0.8139699372101903, "max_depth": 7.0, "num_boost_round": 9.0}, "datetime": {"datetime": "2024-01-19 00:28:18", "elapsed": 991.002783, "delta": 0.002025}}
{"target": -17.675839580615275, "params": {"gamma": 436.8178366813281, "log10_alpha": -4.897056357904235, "log10_colsample_bytree": -0.7910683396463632, "log10_eta": -1.442177945630398, "log10_lambda": -1.2251249323583733, "log10_min_child_weight": 2.3582702808802427, "log10_subsample": -0.8139699372101903, "max_depth": 7.0, "num_boost_round": 10.0}, "datetime": {"datetime": "2024-01-19 00:28:18", "elapsed": 991.00483, "delta": 0.002047}}
{"target": -17.674702244475927, "params": {"gamma": 436.8178366813281, "log10_alpha": -4.897056357904235, "log10_colsample_bytree": -0.7910683396463632, "log10_eta": -1.442177945630398, "log10_lambda": -1.2251249323583733, "log10_min_child_weight": 2.3582702808802427, "log10_subsample": -0.8139699372101903, "max_depth": 7.0, "num_boost_round": 11.0}, "datetime": {"datetime": "2024-01-19 00:28:18", "elapsed": 991.006694, "delta": 0.001864}}
{"target": -17.674749367269694, "params": {"gamma": 436.8178366813281, "log10_alpha": -4.897056357904235, "log10_colsample_bytree": -0.7910683396463632, "log10_eta": -1.442177945630398, "log10_lambda": -1.2251249323583733, "log10_min_child_weight": 2.3582702808802427, "log10_subsample": -0.8139699372101903, "max_depth": 7.0, "num_boost_round": 12.0}, "datetime": {"datetime": "2024-01-19 00:28:18", "elapsed": 991.008644, "delta": 0.00195}}
{"target": -17.674800627579415, "params": {"gamma": 436.8178366813281, "log10_alpha": -4.897056357904235, "log10_colsample_bytree": -0.7910683396463632, "log10_eta": -1.442177945630398, "log10_lambda": -1.2251249323583733, "log10_min_child_weight": 2.3582702808802427, "log10_subsample": -0.8139699372101903, "max_depth": 7.0, "num_boost_round": 13.0}, "datetime": {"datetime": "2024-01-19 00:28:18", "elapsed": 991.01049, "delta": 0.001846}}
{"target": -17.673282092478846, "params": {"gamma": 436.8178366813281, "log10_alpha": -4.897056357904235, "log10_colsample_bytree": -0.7910683396463632, "log10_eta": -1.442177945630398, "log10_lambda": -1.2251249323583733, "log10_min_child_weight": 2.3582702808802427, "log10_subsample": -0.8139699372101903, "max_depth": 7.0, "num_boost_round": 14.0}, "datetime": {"datetime": "2024-01-19 00:28:18", "elapsed": 991.0124, "delta": 0.00191}}
{"target": -17.67222520901764, "params": {"gamma": 436.8178366813281, "log10_alpha": -4.897056357904235, "log10_colsample_bytree": -0.7910683396463632, "log10_eta": -1.442177945630398, "log10_lambda": -1.2251249323583733, "log10_min_child_weight": 2.3582702808802427, "log10_subsample": -0.8139699372101903, "max_depth": 7.0, "num_boost_round": 15.0}, "datetime": {"datetime": "2024-01-19 00:28:18", "elapsed": 991.014259, "delta": 0.001859}}
{"target": -17.673389528377957, "params": {"gamma": 436.8178366813281, "log10_alpha": -4.897056357904235, "log10_colsample_bytree": -0.7910683396463632, "log10_eta": -1.442177945630398, "log10_lambda": -1.2251249323583733, "log10_min_child_weight": 2.3582702808802427, "log10_subsample": -0.8139699372101903, "max_depth": 7.0, "num_boost_round": 16.0}, "datetime": {"datetime": "2024-01-19 00:28:18", "elapsed": 991.016139, "delta": 0.00188}}
{"target": -17.67360760718563, "params": {"gamma": 436.8178366813281, "log10_alpha": -4.897056357904235, "log10_colsample_bytree": -0.7910683396463632, "log10_eta": -1.442177945630398, "log10_lambda": -1.2251249323583733, "log10_min_child_weight": 2.3582702808802427, "log10_subsample": -0.8139699372101903, "max_depth": 7.0, "num_boost_round": 17.0}, "datetime": {"datetime": "2024-01-19 00:28:18", "elapsed": 991.01799, "delta": 0.001851}}
{"target": -17.673563266347255, "params": {"gamma": 436.8178366813281, "log10_alpha": -4.897056357904235, "log10_colsample_bytree": -0.7910683396463632, "log10_eta": -1.442177945630398, "log10_lambda": -1.2251249323583733, "log10_min_child_weight": 2.3582702808802427, "log10_subsample": -0.8139699372101903, "max_depth": 7.0, "num_boost_round": 18.0}, "datetime": {"datetime": "2024-01-19 00:28:18", "elapsed": 991.019864, "delta": 0.001874}}
{"target": -17.67480041620705, "params": {"gamma": 436.8178366813281, "log10_alpha": -4.897056357904235, "log10_colsample_bytree": -0.7910683396463632, "log10_eta": -1.442177945630398, "log10_lambda": -1.2251249323583733, "log10_min_child_weight": 2.3582702808802427, "log10_subsample": -0.8139699372101903, "max_depth": 7.0, "num_boost_round": 19.0}, "datetime": {"datetime": "2024-01-19 00:28:18", "elapsed": 991.021717, "delta": 0.001853}}
{"target": -17.676018331386967, "params": {"gamma": 436.8178366813281, "log10_alpha": -4.897056357904235, "log10_colsample_bytree": -0.7910683396463632, "log10_eta": -1.442177945630398, "log10_lambda": -1.2251249323583733, "log10_min_child_weight": 2.3582702808802427, "log10_subsample": -0.8139699372101903, "max_depth": 7.0, "num_boost_round": 20.0}, "datetime": {"datetime": "2024-01-19 00:28:18", "elapsed": 991.023662, "delta": 0.001945}}
{"target": -17.676020529184164, "params": {"gamma": 436.8178366813281, "log10_alpha": -4.897056357904235, "log10_colsample_bytree": -0.7910683396463632, "log10_eta": -1.442177945630398, "log10_lambda": -1.2251249323583733, "log10_min_child_weight": 2.3582702808802427, "log10_subsample": -0.8139699372101903, "max_depth": 7.0, "num_boost_round": 21.0}, "datetime": {"datetime": "2024-01-19 00:28:18", "elapsed": 991.025556, "delta": 0.001894}}
{"target": -17.67718788516522, "params": {"gamma": 436.8178366813281, "log10_alpha": -4.897056357904235, "log10_colsample_bytree": -0.7910683396463632, "log10_eta": -1.442177945630398, "log10_lambda": -1.2251249323583733, "log10_min_child_weight": 2.3582702808802427, "log10_subsample": -0.8139699372101903, "max_depth": 7.0, "num_boost_round": 22.0}, "datetime": {"datetime": "2024-01-19 00:28:18", "elapsed": 991.027501, "delta": 0.001945}}
{"target": -17.677661210196113, "params": {"gamma": 436.8178366813281, "log10_alpha": -4.897056357904235, "log10_colsample_bytree": -0.7910683396463632, "log10_eta": -1.442177945630398, "log10_lambda": -1.2251249323583733, "log10_min_child_weight": 2.3582702808802427, "log10_subsample": -0.8139699372101903, "max_depth": 7.0, "num_boost_round": 23.0}, "datetime": {"datetime": "2024-01-19 00:28:18", "elapsed": 991.029354, "delta": 0.001853}}
{"target": -17.678954979301302, "params": {"gamma": 436.8178366813281, "log10_alpha": -4.897056357904235, "log10_colsample_bytree": -0.7910683396463632, "log10_eta": -1.442177945630398, "log10_lambda": -1.2251249323583733, "log10_min_child_weight": 2.3582702808802427, "log10_subsample": -0.8139699372101903, "max_depth": 7.0, "num_boost_round": 24.0}, "datetime": {"datetime": "2024-01-19 00:28:18", "elapsed": 991.031321, "delta": 0.001967}}
{"target": -17.681007143557334, "params": {"gamma": 436.8178366813281, "log10_alpha": -4.897056357904235, "log10_colsample_bytree": -0.7910683396463632, "log10_eta": -1.442177945630398, "log10_lambda": -1.2251249323583733, "log10_min_child_weight": 2.3582702808802427, "log10_subsample": -0.8139699372101903, "max_depth": 7.0, "num_boost_round": 25.0}, "datetime": {"datetime": "2024-01-19 00:28:18", "elapsed": 991.033181, "delta": 0.00186}}
{"target": -17.682252436291332, "params": {"gamma": 436.8178366813281, "log10_alpha": -4.897056357904235, "log10_colsample_bytree": -0.7910683396463632, "log10_eta": -1.442177945630398, "log10_lambda": -1.2251249323583733, "log10_min_child_weight": 2.3582702808802427, "log10_subsample": -0.8139699372101903, "max_depth": 7.0, "num_boost_round": 26.0}, "datetime": {"datetime": "2024-01-19 00:28:18", "elapsed": 991.035022, "delta": 0.001841}}
{"target": -17.682275087830345, "params": {"gamma": 436.8178366813281, "log10_alpha": -4.897056357904235, "log10_colsample_bytree": -0.7910683396463632, "log10_eta": -1.442177945630398, "log10_lambda": -1.2251249323583733, "log10_min_child_weight": 2.3582702808802427, "log10_subsample": -0.8139699372101903, "max_depth": 7.0, "num_boost_round": 27.0}, "datetime": {"datetime": "2024-01-19 00:28:18", "elapsed": 991.036853, "delta": 0.001831}}
{"target": -17.68223161536838, "params": {"gamma": 436.8178366813281, "log10_alpha": -4.897056357904235, "log10_colsample_bytree": -0.7910683396463632, "log10_eta": -1.442177945630398, "log10_lambda": -1.2251249323583733, "log10_min_child_weight": 2.3582702808802427, "log10_subsample": -0.8139699372101903, "max_depth": 7.0, "num_boost_round": 28.0}, "datetime": {"datetime": "2024-01-19 00:28:18", "elapsed": 991.038731, "delta": 0.001878}}
{"target": -17.68299535414418, "params": {"gamma": 436.8178366813281, "log10_alpha": -4.897056357904235, "log10_colsample_bytree": -0.7910683396463632, "log10_eta": -1.442177945630398, "log10_lambda": -1.2251249323583733, "log10_min_child_weight": 2.3582702808802427, "log10_subsample": -0.8139699372101903, "max_depth": 7.0, "num_boost_round": 29.0}, "datetime": {"datetime": "2024-01-19 00:28:18", "elapsed": 991.040594, "delta": 0.001863}}
{"target": -17.683558164719607, "params": {"gamma": 436.8178366813281, "log10_alpha": -4.897056357904235, "log10_colsample_bytree": -0.7910683396463632, "log10_eta": -1.442177945630398, "log10_lambda": -1.2251249323583733, "log10_min_child_weight": 2.3582702808802427, "log10_subsample": -0.8139699372101903, "max_depth": 7.0, "num_boost_round": 30.0}, "datetime": {"datetime": "2024-01-19 00:28:18", "elapsed": 991.042536, "delta": 0.001942}}
{"target": -17.686034681648028, "params": {"gamma": 436.8178366813281, "log10_alpha": -4.897056357904235, "log10_colsample_bytree": -0.7910683396463632, "log10_eta": -1.442177945630398, "log10_lambda": -1.2251249323583733, "log10_min_child_weight": 2.3582702808802427, "log10_subsample": -0.8139699372101903, "max_depth": 7.0, "num_boost_round": 31.0}, "datetime": {"datetime": "2024-01-19 00:28:18", "elapsed": 991.044407, "delta": 0.001871}}
{"target": -17.687948448521222, "params": {"gamma": 436.8178366813281, "log10_alpha": -4.897056357904235, "log10_colsample_bytree": -0.7910683396463632, "log10_eta": -1.442177945630398, "log10_lambda": -1.2251249323583733, "log10_min_child_weight": 2.3582702808802427, "log10_subsample": -0.8139699372101903, "max_depth": 7.0, "num_boost_round": 32.0}, "datetime": {"datetime": "2024-01-19 00:28:18", "elapsed": 991.046283, "delta": 0.001876}}
