{"target": -13.758402553042558, "params": {"gamma": 710.433724077863, "log10_alpha": -4.655298003084549, "log10_colsample_bytree": -0.18193954000850876, "log10_eta": -3.408084418078701, "log10_lambda": -4.056743734514144, "log10_min_child_weight": 2.3301492933921413, "log10_subsample": -0.6697884318101016, "max_depth": 5.0, "num_boost_round": 39.0}, "datetime": {"datetime": "2024-01-19 02:17:10", "elapsed": 7529.176776, "delta": 0.007373}}
{"target": -13.758393216695163, "params": {"gamma": 710.433724077863, "log10_alpha": -4.655298003084549, "log10_colsample_bytree": -0.18193954000850876, "log10_eta": -3.408084418078701, "log10_lambda": -4.056743734514144, "log10_min_child_weight": 2.3301492933921413, "log10_subsample": -0.6697884318101016, "max_depth": 5.0, "num_boost_round": 40.0}, "datetime": {"datetime": "2024-01-19 02:17:10", "elapsed": 7529.183769, "delta": 0.006993}}
{"target": -13.758382459994026, "params": {"gamma": 710.433724077863, "log10_alpha": -4.655298003084549, "log10_colsample_bytree": -0.18193954000850876, "log10_eta": -3.408084418078701, "log10_lambda": -4.056743734514144, "log10_min_child_weight": 2.3301492933921413, "log10_subsample": -0.6697884318101016, "max_depth": 5.0, "num_boost_round": 41.0}, "datetime": {"datetime": "2024-01-19 02:17:10", "elapsed": 7529.190793, "delta": 0.007024}}
{"target": -13.758381359403915, "params": {"gamma": 710.433724077863, "log10_alpha": -4.655298003084549, "log10_colsample_bytree": -0.18193954000850876, "log10_eta": -3.408084418078701, "log10_lambda": -4.056743734514144, "log10_min_child_weight": 2.3301492933921413, "log10_subsample": -0.6697884318101016, "max_depth": 5.0, "num_boost_round": 42.0}, "datetime": {"datetime": "2024-01-19 02:17:10", "elapsed": 7529.303714, "delta": 0.112921}}
{"target": -13.758382726318672, "params": {"gamma": 710.433724077863, "log10_alpha": -4.655298003084549, "log10_colsample_bytree": -0.18193954000850876, "log10_eta": -3.408084418078701, "log10_lambda": -4.056743734514144, "log10_min_child_weight": 2.3301492933921413, "log10_subsample": -0.6697884318101016, "max_depth": 5.0, "num_boost_round": 43.0}, "datetime": {"datetime": "2024-01-19 02:17:10", "elapsed": 7529.312922, "delta": 0.009208}}
{"target": -13.75837520501542, "params": {"gamma": 710.433724077863, "log10_alpha": -4.655298003084549, "log10_colsample_bytree": -0.18193954000850876, "log10_eta": -3.408084418078701, "log10_lambda": -4.056743734514144, "log10_min_child_weight": 2.3301492933921413, "log10_subsample": -0.6697884318101016, "max_depth": 5.0, "num_boost_round": 44.0}, "datetime": {"datetime": "2024-01-19 02:17:10", "elapsed": 7529.320426, "delta": 0.007504}}
{"target": -13.758370642883614, "params": {"gamma": 710.433724077863, "log10_alpha": -4.655298003084549, "log10_colsample_bytree": -0.18193954000850876, "log10_eta": -3.408084418078701, "log10_lambda": -4.056743734514144, "log10_min_child_weight": 2.3301492933921413, "log10_subsample": -0.6697884318101016, "max_depth": 5.0, "num_boost_round": 45.0}, "datetime": {"datetime": "2024-01-19 02:17:10", "elapsed": 7529.328956, "delta": 0.00853}}
{"target": -13.758369010559253, "params": {"gamma": 710.433724077863, "log10_alpha": -4.655298003084549, "log10_colsample_bytree": -0.18193954000850876, "log10_eta": -3.408084418078701, "log10_lambda": -4.056743734514144, "log10_min_child_weight": 2.3301492933921413, "log10_subsample": -0.6697884318101016, "max_depth": 5.0, "num_boost_round": 46.0}, "datetime": {"datetime": "2024-01-19 02:17:10", "elapsed": 7529.336075, "delta": 0.007119}}
{"target": -13.758355558621693, "params": {"gamma": 710.433724077863, "log10_alpha": -4.655298003084549, "log10_colsample_bytree": -0.18193954000850876, "log10_eta": -3.408084418078701, "log10_lambda": -4.056743734514144, "log10_min_child_weight": 2.3301492933921413, "log10_subsample": -0.6697884318101016, "max_depth": 5.0, "num_boost_round": 47.0}, "datetime": {"datetime": "2024-01-19 02:17:10", "elapsed": 7529.34314, "delta": 0.007065}}
{"target": -13.758358794768288, "params": {"gamma": 710.433724077863, "log10_alpha": -4.655298003084549, "log10_colsample_bytree": -0.18193954000850876, "log10_eta": -3.408084418078701, "log10_lambda": -4.056743734514144, "log10_min_child_weight": 2.3301492933921413, "log10_subsample": -0.6697884318101016, "max_depth": 5.0, "num_boost_round": 48.0}, "datetime": {"datetime": "2024-01-19 02:17:10", "elapsed": 7529.350333, "delta": 0.007193}}
{"target": -13.758357860815039, "params": {"gamma": 710.433724077863, "log10_alpha": -4.655298003084549, "log10_colsample_bytree": -0.18193954000850876, "log10_eta": -3.408084418078701, "log10_lambda": -4.056743734514144, "log10_min_child_weight": 2.3301492933921413, "log10_subsample": -0.6697884318101016, "max_depth": 5.0, "num_boost_round": 49.0}, "datetime": {"datetime": "2024-01-19 02:17:10", "elapsed": 7529.357469, "delta": 0.007136}}
{"target": -13.75832453705534, "params": {"gamma": 710.433724077863, "log10_alpha": -4.655298003084549, "log10_colsample_bytree": -0.18193954000850876, "log10_eta": -3.408084418078701, "log10_lambda": -4.056743734514144, "log10_min_child_weight": 2.3301492933921413, "log10_subsample": -0.6697884318101016, "max_depth": 5.0, "num_boost_round": 50.0}, "datetime": {"datetime": "2024-01-19 02:17:10", "elapsed": 7529.364571, "delta": 0.007102}}
{"target": -13.75831261926841, "params": {"gamma": 710.433724077863, "log10_alpha": -4.655298003084549, "log10_colsample_bytree": -0.18193954000850876, "log10_eta": -3.408084418078701, "log10_lambda": -4.056743734514144, "log10_min_child_weight": 2.3301492933921413, "log10_subsample": -0.6697884318101016, "max_depth": 5.0, "num_boost_round": 51.0}, "datetime": {"datetime": "2024-01-19 02:17:10", "elapsed": 7529.371695, "delta": 0.007124}}
{"target": -13.75830278419585, "params": {"gamma": 710.433724077863, "log10_alpha": -4.655298003084549, "log10_colsample_bytree": -0.18193954000850876, "log10_eta": -3.408084418078701, "log10_lambda": -4.056743734514144, "log10_min_child_weight": 2.3301492933921413, "log10_subsample": -0.6697884318101016, "max_depth": 5.0, "num_boost_round": 52.0}, "datetime": {"datetime": "2024-01-19 02:17:10", "elapsed": 7529.378862, "delta": 0.007167}}
{"target": -13.758309564065392, "params": {"gamma": 710.433724077863, "log10_alpha": -4.655298003084549, "log10_colsample_bytree": -0.18193954000850876, "log10_eta": -3.408084418078701, "log10_lambda": -4.056743734514144, "log10_min_child_weight": 2.3301492933921413, "log10_subsample": -0.6697884318101016, "max_depth": 5.0, "num_boost_round": 53.0}, "datetime": {"datetime": "2024-01-19 02:17:10", "elapsed": 7529.385913, "delta": 0.007051}}
{"target": -13.758290599821818, "params": {"gamma": 710.433724077863, "log10_alpha": -4.655298003084549, "log10_colsample_bytree": -0.18193954000850876, "log10_eta": -3.408084418078701, "log10_lambda": -4.056743734514144, "log10_min_child_weight": 2.3301492933921413, "log10_subsample": -0.6697884318101016, "max_depth": 5.0, "num_boost_round": 54.0}, "datetime": {"datetime": "2024-01-19 02:17:10", "elapsed": 7529.392716, "delta": 0.006803}}
{"target": -13.758282673753603, "params": {"gamma": 710.433724077863, "log10_alpha": -4.655298003084549, "log10_colsample_bytree": -0.18193954000850876, "log10_eta": -3.408084418078701, "log10_lambda": -4.056743734514144, "log10_min_child_weight": 2.3301492933921413, "log10_subsample": -0.6697884318101016, "max_depth": 5.0, "num_boost_round": 55.0}, "datetime": {"datetime": "2024-01-19 02:17:10", "elapsed": 7529.399612, "delta": 0.006896}}
{"target": -13.758276853450074, "params": {"gamma": 710.433724077863, "log10_alpha": -4.655298003084549, "log10_colsample_bytree": -0.18193954000850876, "log10_eta": -3.408084418078701, "log10_lambda": -4.056743734514144, "log10_min_child_weight": 2.3301492933921413, "log10_subsample": -0.6697884318101016, "max_depth": 5.0, "num_boost_round": 56.0}, "datetime": {"datetime": "2024-01-19 02:17:10", "elapsed": 7529.406862, "delta": 0.00725}}
{"target": -13.758261077644526, "params": {"gamma": 710.433724077863, "log10_alpha": -4.655298003084549, "log10_colsample_bytree": -0.18193954000850876, "log10_eta": -3.408084418078701, "log10_lambda": -4.056743734514144, "log10_min_child_weight": 2.3301492933921413, "log10_subsample": -0.6697884318101016, "max_depth": 5.0, "num_boost_round": 57.0}, "datetime": {"datetime": "2024-01-19 02:17:10", "elapsed": 7529.415059, "delta": 0.008197}}
{"target": -13.758252352001957, "params": {"gamma": 710.433724077863, "log10_alpha": -4.655298003084549, "log10_colsample_bytree": -0.18193954000850876, "log10_eta": -3.408084418078701, "log10_lambda": -4.056743734514144, "log10_min_child_weight": 2.3301492933921413, "log10_subsample": -0.6697884318101016, "max_depth": 5.0, "num_boost_round": 58.0}, "datetime": {"datetime": "2024-01-19 02:17:10", "elapsed": 7529.422342, "delta": 0.007283}}
{"target": -13.758239466923573, "params": {"gamma": 710.433724077863, "log10_alpha": -4.655298003084549, "log10_colsample_bytree": -0.18193954000850876, "log10_eta": -3.408084418078701, "log10_lambda": -4.056743734514144, "log10_min_child_weight": 2.3301492933921413, "log10_subsample": -0.6697884318101016, "max_depth": 5.0, "num_boost_round": 59.0}, "datetime": {"datetime": "2024-01-19 02:17:10", "elapsed": 7529.429486, "delta": 0.007144}}
{"target": -13.758240568883215, "params": {"gamma": 710.433724077863, "log10_alpha": -4.655298003084549, "log10_colsample_bytree": -0.18193954000850876, "log10_eta": -3.408084418078701, "log10_lambda": -4.056743734514144, "log10_min_child_weight": 2.3301492933921413, "log10_subsample": -0.6697884318101016, "max_depth": 5.0, "num_boost_round": 60.0}, "datetime": {"datetime": "2024-01-19 02:17:10", "elapsed": 7529.436654, "delta": 0.007168}}
{"target": -13.75823922963509, "params": {"gamma": 710.433724077863, "log10_alpha": -4.655298003084549, "log10_colsample_bytree": -0.18193954000850876, "log10_eta": -3.408084418078701, "log10_lambda": -4.056743734514144, "log10_min_child_weight": 2.3301492933921413, "log10_subsample": -0.6697884318101016, "max_depth": 5.0, "num_boost_round": 61.0}, "datetime": {"datetime": "2024-01-19 02:17:10", "elapsed": 7529.443937, "delta": 0.007283}}
{"target": -13.75823500043013, "params": {"gamma": 710.433724077863, "log10_alpha": -4.655298003084549, "log10_colsample_bytree": -0.18193954000850876, "log10_eta": -3.408084418078701, "log10_lambda": -4.056743734514144, "log10_min_child_weight": 2.3301492933921413, "log10_subsample": -0.6697884318101016, "max_depth": 5.0, "num_boost_round": 62.0}, "datetime": {"datetime": "2024-01-19 02:17:10", "elapsed": 7529.451125, "delta": 0.007188}}
{"target": -13.758232597279289, "params": {"gamma": 710.433724077863, "log10_alpha": -4.655298003084549, "log10_colsample_bytree": -0.18193954000850876, "log10_eta": -3.408084418078701, "log10_lambda": -4.056743734514144, "log10_min_child_weight": 2.3301492933921413, "log10_subsample": -0.6697884318101016, "max_depth": 5.0, "num_boost_round": 63.0}, "datetime": {"datetime": "2024-01-19 02:17:10", "elapsed": 7529.458307, "delta": 0.007182}}
{"target": -13.758235246758781, "params": {"gamma": 710.433724077863, "log10_alpha": -4.655298003084549, "log10_colsample_bytree": -0.18193954000850876, "log10_eta": -3.408084418078701, "log10_lambda": -4.056743734514144, "log10_min_child_weight": 2.3301492933921413, "log10_subsample": -0.6697884318101016, "max_depth": 5.0, "num_boost_round": 64.0}, "datetime": {"datetime": "2024-01-19 02:17:10", "elapsed": 7529.576531, "delta": 0.118224}}
{"target": -13.75824146021341, "params": {"gamma": 710.433724077863, "log10_alpha": -4.655298003084549, "log10_colsample_bytree": -0.18193954000850876, "log10_eta": -3.408084418078701, "log10_lambda": -4.056743734514144, "log10_min_child_weight": 2.3301492933921413, "log10_subsample": -0.6697884318101016, "max_depth": 5.0, "num_boost_round": 65.0}, "datetime": {"datetime": "2024-01-19 02:17:10", "elapsed": 7529.585544, "delta": 0.009013}}
{"target": -13.758230733633239, "params": {"gamma": 710.433724077863, "log10_alpha": -4.655298003084549, "log10_colsample_bytree": -0.18193954000850876, "log10_eta": -3.408084418078701, "log10_lambda": -4.056743734514144, "log10_min_child_weight": 2.3301492933921413, "log10_subsample": -0.6697884318101016, "max_depth": 5.0, "num_boost_round": 66.0}, "datetime": {"datetime": "2024-01-19 02:17:10", "elapsed": 7529.593344, "delta": 0.0078}}
{"target": -13.758232225631376, "params": {"gamma": 710.433724077863, "log10_alpha": -4.655298003084549, "log10_colsample_bytree": -0.18193954000850876, "log10_eta": -3.408084418078701, "log10_lambda": -4.056743734514144, "log10_min_child_weight": 2.3301492933921413, "log10_subsample": -0.6697884318101016, "max_depth": 5.0, "num_boost_round": 67.0}, "datetime": {"datetime": "2024-01-19 02:17:10", "elapsed": 7529.600502, "delta": 0.007158}}
{"target": -13.75823333126848, "params": {"gamma": 710.433724077863, "log10_alpha": -4.655298003084549, "log10_colsample_bytree": -0.18193954000850876, "log10_eta": -3.408084418078701, "log10_lambda": -4.056743734514144, "log10_min_child_weight": 2.3301492933921413, "log10_subsample": -0.6697884318101016, "max_depth": 5.0, "num_boost_round": 68.0}, "datetime": {"datetime": "2024-01-19 02:17:10", "elapsed": 7529.609052, "delta": 0.00855}}
{"target": -13.758225681886692, "params": {"gamma": 710.433724077863, "log10_alpha": -4.655298003084549, "log10_colsample_bytree": -0.18193954000850876, "log10_eta": -3.408084418078701, "log10_lambda": -4.056743734514144, "log10_min_child_weight": 2.3301492933921413, "log10_subsample": -0.6697884318101016, "max_depth": 5.0, "num_boost_round": 69.0}, "datetime": {"datetime": "2024-01-19 02:17:10", "elapsed": 7529.616563, "delta": 0.007511}}
{"target": -13.75822835648014, "params": {"gamma": 710.433724077863, "log10_alpha": -4.655298003084549, "log10_colsample_bytree": -0.18193954000850876, "log10_eta": -3.408084418078701, "log10_lambda": -4.056743734514144, "log10_min_child_weight": 2.3301492933921413, "log10_subsample": -0.6697884318101016, "max_depth": 5.0, "num_boost_round": 70.0}, "datetime": {"datetime": "2024-01-19 02:17:10", "elapsed": 7529.624446, "delta": 0.007883}}
{"target": -13.758222643578433, "params": {"gamma": 710.433724077863, "log10_alpha": -4.655298003084549, "log10_colsample_bytree": -0.18193954000850876, "log10_eta": -3.408084418078701, "log10_lambda": -4.056743734514144, "log10_min_child_weight": 2.3301492933921413, "log10_subsample": -0.6697884318101016, "max_depth": 5.0, "num_boost_round": 71.0}, "datetime": {"datetime": "2024-01-19 02:17:10", "elapsed": 7529.632201, "delta": 0.007755}}
{"target": -13.75823079363088, "params": {"gamma": 710.433724077863, "log10_alpha": -4.655298003084549, "log10_colsample_bytree": -0.18193954000850876, "log10_eta": -3.408084418078701, "log10_lambda": -4.056743734514144, "log10_min_child_weight": 2.3301492933921413, "log10_subsample": -0.6697884318101016, "max_depth": 5.0, "num_boost_round": 72.0}, "datetime": {"datetime": "2024-01-19 02:17:10", "elapsed": 7529.639451, "delta": 0.00725}}
{"target": -13.758230561436301, "params": {"gamma": 710.433724077863, "log10_alpha": -4.655298003084549, "log10_colsample_bytree": -0.18193954000850876, "log10_eta": -3.408084418078701, "log10_lambda": -4.056743734514144, "log10_min_child_weight": 2.3301492933921413, "log10_subsample": -0.6697884318101016, "max_depth": 5.0, "num_boost_round": 73.0}, "datetime": {"datetime": "2024-01-19 02:17:10", "elapsed": 7529.646562, "delta": 0.007111}}
{"target": -13.758219918783658, "params": {"gamma": 710.433724077863, "log10_alpha": -4.655298003084549, "log10_colsample_bytree": -0.18193954000850876, "log10_eta": -3.408084418078701, "log10_lambda": -4.056743734514144, "log10_min_child_weight": 2.3301492933921413, "log10_subsample": -0.6697884318101016, "max_depth": 5.0, "num_boost_round": 74.0}, "datetime": {"datetime": "2024-01-19 02:17:10", "elapsed": 7529.654035, "delta": 0.007473}}
{"target": -13.758205837875888, "params": {"gamma": 710.433724077863, "log10_alpha": -4.655298003084549, "log10_colsample_bytree": -0.18193954000850876, "log10_eta": -3.408084418078701, "log10_lambda": -4.056743734514144, "log10_min_child_weight": 2.3301492933921413, "log10_subsample": -0.6697884318101016, "max_depth": 5.0, "num_boost_round": 75.0}, "datetime": {"datetime": "2024-01-19 02:17:10", "elapsed": 7529.661222, "delta": 0.007187}}
{"target": -13.758198253515532, "params": {"gamma": 710.433724077863, "log10_alpha": -4.655298003084549, "log10_colsample_bytree": -0.18193954000850876, "log10_eta": -3.408084418078701, "log10_lambda": -4.056743734514144, "log10_min_child_weight": 2.3301492933921413, "log10_subsample": -0.6697884318101016, "max_depth": 5.0, "num_boost_round": 76.0}, "datetime": {"datetime": "2024-01-19 02:17:10", "elapsed": 7529.66844, "delta": 0.007218}}
{"target": -13.758199677649637, "params": {"gamma": 710.433724077863, "log10_alpha": -4.655298003084549, "log10_colsample_bytree": -0.18193954000850876, "log10_eta": -3.408084418078701, "log10_lambda": -4.056743734514144, "log10_min_child_weight": 2.3301492933921413, "log10_subsample": -0.6697884318101016, "max_depth": 5.0, "num_boost_round": 77.0}, "datetime": {"datetime": "2024-01-19 02:17:10", "elapsed": 7529.675583, "delta": 0.007143}}
