{"target": -17.677186248508242, "params": {"gamma": 608.484108186589, "log10_alpha": -4.673322874924784, "log10_colsample_bytree": -0.9080288241901693, "log10_eta": -3.9939157746324963, "log10_lambda": -1.1522081736268763, "log10_min_child_weight": 0.2527265411556179, "log10_subsample": -0.03593688566162734, "max_depth": 6.0, "num_boost_round": 15.0}, "datetime": {"datetime": "2024-01-19 02:21:01", "elapsed": 7759.018089, "delta": 0.006198}}
{"target": -17.677185614371446, "params": {"gamma": 608.484108186589, "log10_alpha": -4.673322874924784, "log10_colsample_bytree": -0.9080288241901693, "log10_eta": -3.9939157746324963, "log10_lambda": -1.1522081736268763, "log10_min_child_weight": 0.2527265411556179, "log10_subsample": -0.03593688566162734, "max_depth": 6.0, "num_boost_round": 16.0}, "datetime": {"datetime": "2024-01-19 02:21:01", "elapsed": 7759.02424, "delta": 0.006151}}
{"target": -17.677179345254437, "params": {"gamma": 608.484108186589, "log10_alpha": -4.673322874924784, "log10_colsample_bytree": -0.9080288241901693, "log10_eta": -3.9939157746324963, "log10_lambda": -1.1522081736268763, "log10_min_child_weight": 0.2527265411556179, "log10_subsample": -0.03593688566162734, "max_depth": 6.0, "num_boost_round": 17.0}, "datetime": {"datetime": "2024-01-19 02:21:01", "elapsed": 7759.030415, "delta": 0.006175}}
{"target": -17.677177481919763, "params": {"gamma": 608.484108186589, "log10_alpha": -4.673322874924784, "log10_colsample_bytree": -0.9080288241901693, "log10_eta": -3.9939157746324963, "log10_lambda": -1.1522081736268763, "log10_min_child_weight": 0.2527265411556179, "log10_subsample": -0.03593688566162734, "max_depth": 6.0, "num_boost_round": 18.0}, "datetime": {"datetime": "2024-01-19 02:21:01", "elapsed": 7759.036569, "delta": 0.006154}}
{"target": -17.677220895751457, "params": {"gamma": 612.062716091282, "log10_alpha": -1.552010120824733, "log10_colsample_bytree": -0.6323239113572461, "log10_eta": -3.4052465616520045, "log10_lambda": -0.3740441374495109, "log10_min_child_weight": 4.314762578630047, "log10_subsample": -0.024024189330288714, "max_depth": 5.0, "num_boost_round": 0.0}, "datetime": {"datetime": "2024-01-19 02:22:44", "elapsed": 7861.649989, "delta": 102.61342}}
{"target": -17.67721970435837, "params": {"gamma": 612.062716091282, "log10_alpha": -1.552010120824733, "log10_colsample_bytree": -0.6323239113572461, "log10_eta": -3.4052465616520045, "log10_lambda": -0.3740441374495109, "log10_min_child_weight": 4.314762578630047, "log10_subsample": -0.024024189330288714, "max_depth": 5.0, "num_boost_round": 1.0}, "datetime": {"datetime": "2024-01-19 02:22:44", "elapsed": 7861.657825, "delta": 0.007836}}
{"target": -17.677210130862793, "params": {"gamma": 612.062716091282, "log10_alpha": -1.552010120824733, "log10_colsample_bytree": -0.6323239113572461, "log10_eta": -3.4052465616520045, "log10_lambda": -0.3740441374495109, "log10_min_child_weight": 4.314762578630047, "log10_subsample": -0.024024189330288714, "max_depth": 5.0, "num_boost_round": 2.0}, "datetime": {"datetime": "2024-01-19 02:22:44", "elapsed": 7861.664685, "delta": 0.00686}}
{"target": -17.67720589382464, "params": {"gamma": 612.062716091282, "log10_alpha": -1.552010120824733, "log10_colsample_bytree": -0.6323239113572461, "log10_eta": -3.4052465616520045, "log10_lambda": -0.3740441374495109, "log10_min_child_weight": 4.314762578630047, "log10_subsample": -0.024024189330288714, "max_depth": 5.0, "num_boost_round": 3.0}, "datetime": {"datetime": "2024-01-19 02:22:44", "elapsed": 7861.671277, "delta": 0.006592}}
{"target": -17.677191612404698, "params": {"gamma": 612.062716091282, "log10_alpha": -1.552010120824733, "log10_colsample_bytree": -0.6323239113572461, "log10_eta": -3.4052465616520045, "log10_lambda": -0.3740441374495109, "log10_min_child_weight": 4.314762578630047, "log10_subsample": -0.024024189330288714, "max_depth": 5.0, "num_boost_round": 4.0}, "datetime": {"datetime": "2024-01-19 02:22:44", "elapsed": 7861.677797, "delta": 0.00652}}
{"target": -17.67719406263809, "params": {"gamma": 612.062716091282, "log10_alpha": -1.552010120824733, "log10_colsample_bytree": -0.6323239113572461, "log10_eta": -3.4052465616520045, "log10_lambda": -0.3740441374495109, "log10_min_child_weight": 4.314762578630047, "log10_subsample": -0.024024189330288714, "max_depth": 5.0, "num_boost_round": 5.0}, "datetime": {"datetime": "2024-01-19 02:22:44", "elapsed": 7861.684606, "delta": 0.006809}}
{"target": -17.67719484329401, "params": {"gamma": 612.062716091282, "log10_alpha": -1.552010120824733, "log10_colsample_bytree": -0.6323239113572461, "log10_eta": -3.4052465616520045, "log10_lambda": -0.3740441374495109, "log10_min_child_weight": 4.314762578630047, "log10_subsample": -0.024024189330288714, "max_depth": 5.0, "num_boost_round": 6.0}, "datetime": {"datetime": "2024-01-19 02:22:44", "elapsed": 7861.691511, "delta": 0.006905}}
{"target": -17.677191876247726, "params": {"gamma": 612.062716091282, "log10_alpha": -1.552010120824733, "log10_colsample_bytree": -0.6323239113572461, "log10_eta": -3.4052465616520045, "log10_lambda": -0.3740441374495109, "log10_min_child_weight": 4.314762578630047, "log10_subsample": -0.024024189330288714, "max_depth": 5.0, "num_boost_round": 7.0}, "datetime": {"datetime": "2024-01-19 02:22:44", "elapsed": 7861.698158, "delta": 0.006647}}
{"target": -17.677192338387293, "params": {"gamma": 612.062716091282, "log10_alpha": -1.552010120824733, "log10_colsample_bytree": -0.6323239113572461, "log10_eta": -3.4052465616520045, "log10_lambda": -0.3740441374495109, "log10_min_child_weight": 4.314762578630047, "log10_subsample": -0.024024189330288714, "max_depth": 5.0, "num_boost_round": 8.0}, "datetime": {"datetime": "2024-01-19 02:22:44", "elapsed": 7861.704798, "delta": 0.00664}}
{"target": -17.67718255890763, "params": {"gamma": 612.062716091282, "log10_alpha": -1.552010120824733, "log10_colsample_bytree": -0.6323239113572461, "log10_eta": -3.4052465616520045, "log10_lambda": -0.3740441374495109, "log10_min_child_weight": 4.314762578630047, "log10_subsample": -0.024024189330288714, "max_depth": 5.0, "num_boost_round": 9.0}, "datetime": {"datetime": "2024-01-19 02:22:44", "elapsed": 7861.711453, "delta": 0.006655}}
{"target": -17.677174864789905, "params": {"gamma": 612.062716091282, "log10_alpha": -1.552010120824733, "log10_colsample_bytree": -0.6323239113572461, "log10_eta": -3.4052465616520045, "log10_lambda": -0.3740441374495109, "log10_min_child_weight": 4.314762578630047, "log10_subsample": -0.024024189330288714, "max_depth": 5.0, "num_boost_round": 10.0}, "datetime": {"datetime": "2024-01-19 02:22:44", "elapsed": 7861.718017, "delta": 0.006564}}
{"target": -17.67717104416987, "params": {"gamma": 612.062716091282, "log10_alpha": -1.552010120824733, "log10_colsample_bytree": -0.6323239113572461, "log10_eta": -3.4052465616520045, "log10_lambda": -0.3740441374495109, "log10_min_child_weight": 4.314762578630047, "log10_subsample": -0.024024189330288714, "max_depth": 5.0, "num_boost_round": 11.0}, "datetime": {"datetime": "2024-01-19 02:22:44", "elapsed": 7861.724628, "delta": 0.006611}}
{"target": -17.677168080871578, "params": {"gamma": 612.062716091282, "log10_alpha": -1.552010120824733, "log10_colsample_bytree": -0.6323239113572461, "log10_eta": -3.4052465616520045, "log10_lambda": -0.3740441374495109, "log10_min_child_weight": 4.314762578630047, "log10_subsample": -0.024024189330288714, "max_depth": 5.0, "num_boost_round": 12.0}, "datetime": {"datetime": "2024-01-19 02:22:44", "elapsed": 7861.731236, "delta": 0.006608}}
{"target": -17.67716219101547, "params": {"gamma": 612.062716091282, "log10_alpha": -1.552010120824733, "log10_colsample_bytree": -0.6323239113572461, "log10_eta": -3.4052465616520045, "log10_lambda": -0.3740441374495109, "log10_min_child_weight": 4.314762578630047, "log10_subsample": -0.024024189330288714, "max_depth": 5.0, "num_boost_round": 13.0}, "datetime": {"datetime": "2024-01-19 02:22:44", "elapsed": 7861.737849, "delta": 0.006613}}
{"target": -17.677164541695802, "params": {"gamma": 612.062716091282, "log10_alpha": -1.552010120824733, "log10_colsample_bytree": -0.6323239113572461, "log10_eta": -3.4052465616520045, "log10_lambda": -0.3740441374495109, "log10_min_child_weight": 4.314762578630047, "log10_subsample": -0.024024189330288714, "max_depth": 5.0, "num_boost_round": 14.0}, "datetime": {"datetime": "2024-01-19 02:22:44", "elapsed": 7861.855378, "delta": 0.117529}}
{"target": -17.677155351790272, "params": {"gamma": 612.062716091282, "log10_alpha": -1.552010120824733, "log10_colsample_bytree": -0.6323239113572461, "log10_eta": -3.4052465616520045, "log10_lambda": -0.3740441374495109, "log10_min_child_weight": 4.314762578630047, "log10_subsample": -0.024024189330288714, "max_depth": 5.0, "num_boost_round": 15.0}, "datetime": {"datetime": "2024-01-19 02:22:44", "elapsed": 7861.862366, "delta": 0.006988}}
{"target": -17.677159682128256, "params": {"gamma": 612.062716091282, "log10_alpha": -1.552010120824733, "log10_colsample_bytree": -0.6323239113572461, "log10_eta": -3.4052465616520045, "log10_lambda": -0.3740441374495109, "log10_min_child_weight": 4.314762578630047, "log10_subsample": -0.024024189330288714, "max_depth": 5.0, "num_boost_round": 16.0}, "datetime": {"datetime": "2024-01-19 02:22:44", "elapsed": 7861.868665, "delta": 0.006299}}
{"target": -17.677165976085927, "params": {"gamma": 612.062716091282, "log10_alpha": -1.552010120824733, "log10_colsample_bytree": -0.6323239113572461, "log10_eta": -3.4052465616520045, "log10_lambda": -0.3740441374495109, "log10_min_child_weight": 4.314762578630047, "log10_subsample": -0.024024189330288714, "max_depth": 5.0, "num_boost_round": 17.0}, "datetime": {"datetime": "2024-01-19 02:22:44", "elapsed": 7861.874943, "delta": 0.006278}}
{"target": -17.677162609673765, "params": {"gamma": 612.062716091282, "log10_alpha": -1.552010120824733, "log10_colsample_bytree": -0.6323239113572461, "log10_eta": -3.4052465616520045, "log10_lambda": -0.3740441374495109, "log10_min_child_weight": 4.314762578630047, "log10_subsample": -0.024024189330288714, "max_depth": 5.0, "num_boost_round": 18.0}, "datetime": {"datetime": "2024-01-19 02:22:44", "elapsed": 7861.881156, "delta": 0.006213}}
{"target": -17.677149778211334, "params": {"gamma": 612.062716091282, "log10_alpha": -1.552010120824733, "log10_colsample_bytree": -0.6323239113572461, "log10_eta": -3.4052465616520045, "log10_lambda": -0.3740441374495109, "log10_min_child_weight": 4.314762578630047, "log10_subsample": -0.024024189330288714, "max_depth": 5.0, "num_boost_round": 19.0}, "datetime": {"datetime": "2024-01-19 02:22:44", "elapsed": 7861.888055, "delta": 0.006899}}
{"target": -17.67714283335165, "params": {"gamma": 612.062716091282, "log10_alpha": -1.552010120824733, "log10_colsample_bytree": -0.6323239113572461, "log10_eta": -3.4052465616520045, "log10_lambda": -0.3740441374495109, "log10_min_child_weight": 4.314762578630047, "log10_subsample": -0.024024189330288714, "max_depth": 5.0, "num_boost_round": 20.0}, "datetime": {"datetime": "2024-01-19 02:22:44", "elapsed": 7861.894933, "delta": 0.006878}}
{"target": -17.67713024049251, "params": {"gamma": 612.062716091282, "log10_alpha": -1.552010120824733, "log10_colsample_bytree": -0.6323239113572461, "log10_eta": -3.4052465616520045, "log10_lambda": -0.3740441374495109, "log10_min_child_weight": 4.314762578630047, "log10_subsample": -0.024024189330288714, "max_depth": 5.0, "num_boost_round": 21.0}, "datetime": {"datetime": "2024-01-19 02:22:44", "elapsed": 7861.901949, "delta": 0.007016}}
{"target": -17.677113253379183, "params": {"gamma": 612.062716091282, "log10_alpha": -1.552010120824733, "log10_colsample_bytree": -0.6323239113572461, "log10_eta": -3.4052465616520045, "log10_lambda": -0.3740441374495109, "log10_min_child_weight": 4.314762578630047, "log10_subsample": -0.024024189330288714, "max_depth": 5.0, "num_boost_round": 22.0}, "datetime": {"datetime": "2024-01-19 02:22:44", "elapsed": 7861.908496, "delta": 0.006547}}
{"target": -17.67710811135968, "params": {"gamma": 612.062716091282, "log10_alpha": -1.552010120824733, "log10_colsample_bytree": -0.6323239113572461, "log10_eta": -3.4052465616520045, "log10_lambda": -0.3740441374495109, "log10_min_child_weight": 4.314762578630047, "log10_subsample": -0.024024189330288714, "max_depth": 5.0, "num_boost_round": 23.0}, "datetime": {"datetime": "2024-01-19 02:22:44", "elapsed": 7861.914774, "delta": 0.006278}}
{"target": -17.677107949180346, "params": {"gamma": 612.062716091282, "log10_alpha": -1.552010120824733, "log10_colsample_bytree": -0.6323239113572461, "log10_eta": -3.4052465616520045, "log10_lambda": -0.3740441374495109, "log10_min_child_weight": 4.314762578630047, "log10_subsample": -0.024024189330288714, "max_depth": 5.0, "num_boost_round": 24.0}, "datetime": {"datetime": "2024-01-19 02:22:44", "elapsed": 7861.92104, "delta": 0.006266}}
{"target": -17.677105392762734, "params": {"gamma": 612.062716091282, "log10_alpha": -1.552010120824733, "log10_colsample_bytree": -0.6323239113572461, "log10_eta": -3.4052465616520045, "log10_lambda": -0.3740441374495109, "log10_min_child_weight": 4.314762578630047, "log10_subsample": -0.024024189330288714, "max_depth": 5.0, "num_boost_round": 25.0}, "datetime": {"datetime": "2024-01-19 02:22:44", "elapsed": 7861.927392, "delta": 0.006352}}
{"target": -17.677104071283548, "params": {"gamma": 612.062716091282, "log10_alpha": -1.552010120824733, "log10_colsample_bytree": -0.6323239113572461, "log10_eta": -3.4052465616520045, "log10_lambda": -0.3740441374495109, "log10_min_child_weight": 4.314762578630047, "log10_subsample": -0.024024189330288714, "max_depth": 5.0, "num_boost_round": 26.0}, "datetime": {"datetime": "2024-01-19 02:22:44", "elapsed": 7861.933697, "delta": 0.006305}}
{"target": -17.677100269490687, "params": {"gamma": 612.062716091282, "log10_alpha": -1.552010120824733, "log10_colsample_bytree": -0.6323239113572461, "log10_eta": -3.4052465616520045, "log10_lambda": -0.3740441374495109, "log10_min_child_weight": 4.314762578630047, "log10_subsample": -0.024024189330288714, "max_depth": 5.0, "num_boost_round": 27.0}, "datetime": {"datetime": "2024-01-19 02:22:44", "elapsed": 7861.939907, "delta": 0.00621}}
{"target": -17.677086878145662, "params": {"gamma": 612.062716091282, "log10_alpha": -1.552010120824733, "log10_colsample_bytree": -0.6323239113572461, "log10_eta": -3.4052465616520045, "log10_lambda": -0.3740441374495109, "log10_min_child_weight": 4.314762578630047, "log10_subsample": -0.024024189330288714, "max_depth": 5.0, "num_boost_round": 28.0}, "datetime": {"datetime": "2024-01-19 02:22:44", "elapsed": 7861.946132, "delta": 0.006225}}
{"target": -17.677076162496604, "params": {"gamma": 612.062716091282, "log10_alpha": -1.552010120824733, "log10_colsample_bytree": -0.6323239113572461, "log10_eta": -3.4052465616520045, "log10_lambda": -0.3740441374495109, "log10_min_child_weight": 4.314762578630047, "log10_subsample": -0.024024189330288714, "max_depth": 5.0, "num_boost_round": 29.0}, "datetime": {"datetime": "2024-01-19 02:22:44", "elapsed": 7861.952356, "delta": 0.006224}}
{"target": -17.677073528236434, "params": {"gamma": 612.062716091282, "log10_alpha": -1.552010120824733, "log10_colsample_bytree": -0.6323239113572461, "log10_eta": -3.4052465616520045, "log10_lambda": -0.3740441374495109, "log10_min_child_weight": 4.314762578630047, "log10_subsample": -0.024024189330288714, "max_depth": 5.0, "num_boost_round": 30.0}, "datetime": {"datetime": "2024-01-19 02:22:44", "elapsed": 7861.958653, "delta": 0.006297}}
{"target": -17.677069391448878, "params": {"gamma": 612.062716091282, "log10_alpha": -1.552010120824733, "log10_colsample_bytree": -0.6323239113572461, "log10_eta": -3.4052465616520045, "log10_lambda": -0.3740441374495109, "log10_min_child_weight": 4.314762578630047, "log10_subsample": -0.024024189330288714, "max_depth": 5.0, "num_boost_round": 31.0}, "datetime": {"datetime": "2024-01-19 02:22:44", "elapsed": 7861.964961, "delta": 0.006308}}
{"target": -17.67707614158135, "params": {"gamma": 612.062716091282, "log10_alpha": -1.552010120824733, "log10_colsample_bytree": -0.6323239113572461, "log10_eta": -3.4052465616520045, "log10_lambda": -0.3740441374495109, "log10_min_child_weight": 4.314762578630047, "log10_subsample": -0.024024189330288714, "max_depth": 5.0, "num_boost_round": 32.0}, "datetime": {"datetime": "2024-01-19 02:22:44", "elapsed": 7861.971238, "delta": 0.006277}}
{"target": -17.677063519525486, "params": {"gamma": 612.062716091282, "log10_alpha": -1.552010120824733, "log10_colsample_bytree": -0.6323239113572461, "log10_eta": -3.4052465616520045, "log10_lambda": -0.3740441374495109, "log10_min_child_weight": 4.314762578630047, "log10_subsample": -0.024024189330288714, "max_depth": 5.0, "num_boost_round": 33.0}, "datetime": {"datetime": "2024-01-19 02:22:44", "elapsed": 7861.977525, "delta": 0.006287}}
{"target": -17.677055467667333, "params": {"gamma": 612.062716091282, "log10_alpha": -1.552010120824733, "log10_colsample_bytree": -0.6323239113572461, "log10_eta": -3.4052465616520045, "log10_lambda": -0.3740441374495109, "log10_min_child_weight": 4.314762578630047, "log10_subsample": -0.024024189330288714, "max_depth": 5.0, "num_boost_round": 34.0}, "datetime": {"datetime": "2024-01-19 02:22:44", "elapsed": 7861.983808, "delta": 0.006283}}
{"target": -17.677051831351548, "params": {"gamma": 612.062716091282, "log10_alpha": -1.552010120824733, "log10_colsample_bytree": -0.6323239113572461, "log10_eta": -3.4052465616520045, "log10_lambda": -0.3740441374495109, "log10_min_child_weight": 4.314762578630047, "log10_subsample": -0.024024189330288714, "max_depth": 5.0, "num_boost_round": 35.0}, "datetime": {"datetime": "2024-01-19 02:22:44", "elapsed": 7861.990546, "delta": 0.006738}}
{"target": -17.67705606431364, "params": {"gamma": 612.062716091282, "log10_alpha": -1.552010120824733, "log10_colsample_bytree": -0.6323239113572461, "log10_eta": -3.4052465616520045, "log10_lambda": -0.3740441374495109, "log10_min_child_weight": 4.314762578630047, "log10_subsample": -0.024024189330288714, "max_depth": 5.0, "num_boost_round": 36.0}, "datetime": {"datetime": "2024-01-19 02:22:44", "elapsed": 7861.996928, "delta": 0.006382}}
{"target": -17.67705711483731, "params": {"gamma": 612.062716091282, "log10_alpha": -1.552010120824733, "log10_colsample_bytree": -0.6323239113572461, "log10_eta": -3.4052465616520045, "log10_lambda": -0.3740441374495109, "log10_min_child_weight": 4.314762578630047, "log10_subsample": -0.024024189330288714, "max_depth": 5.0, "num_boost_round": 37.0}, "datetime": {"datetime": "2024-01-19 02:22:44", "elapsed": 7862.003243, "delta": 0.006315}}
{"target": -17.677053634884917, "params": {"gamma": 612.062716091282, "log10_alpha": -1.552010120824733, "log10_colsample_bytree": -0.6323239113572461, "log10_eta": -3.4052465616520045, "log10_lambda": -0.3740441374495109, "log10_min_child_weight": 4.314762578630047, "log10_subsample": -0.024024189330288714, "max_depth": 5.0, "num_boost_round": 38.0}, "datetime": {"datetime": "2024-01-19 02:22:44", "elapsed": 7862.009555, "delta": 0.006312}}
{"target": -17.677049459438944, "params": {"gamma": 612.062716091282, "log10_alpha": -1.552010120824733, "log10_colsample_bytree": -0.6323239113572461, "log10_eta": -3.4052465616520045, "log10_lambda": -0.3740441374495109, "log10_min_child_weight": 4.314762578630047, "log10_subsample": -0.024024189330288714, "max_depth": 5.0, "num_boost_round": 39.0}, "datetime": {"datetime": "2024-01-19 02:22:44", "elapsed": 7862.015844, "delta": 0.006289}}
{"target": -17.677042414968998, "params": {"gamma": 612.062716091282, "log10_alpha": -1.552010120824733, "log10_colsample_bytree": -0.6323239113572461, "log10_eta": -3.4052465616520045, "log10_lambda": -0.3740441374495109, "log10_min_child_weight": 4.314762578630047, "log10_subsample": -0.024024189330288714, "max_depth": 5.0, "num_boost_round": 40.0}, "datetime": {"datetime": "2024-01-19 02:22:44", "elapsed": 7862.022137, "delta": 0.006293}}
{"target": -17.677042426446462, "params": {"gamma": 612.062716091282, "log10_alpha": -1.552010120824733, "log10_colsample_bytree": -0.6323239113572461, "log10_eta": -3.4052465616520045, "log10_lambda": -0.3740441374495109, "log10_min_child_weight": 4.314762578630047, "log10_subsample": -0.024024189330288714, "max_depth": 5.0, "num_boost_round": 41.0}, "datetime": {"datetime": "2024-01-19 02:22:44", "elapsed": 7862.028394, "delta": 0.006257}}
{"target": -17.677029956705965, "params": {"gamma": 612.062716091282, "log10_alpha": -1.552010120824733, "log10_colsample_bytree": -0.6323239113572461, "log10_eta": -3.4052465616520045, "log10_lambda": -0.3740441374495109, "log10_min_child_weight": 4.314762578630047, "log10_subsample": -0.024024189330288714, "max_depth": 5.0, "num_boost_round": 42.0}, "datetime": {"datetime": "2024-01-19 02:22:44", "elapsed": 7862.034711, "delta": 0.006317}}
{"target": -17.677025568559174, "params": {"gamma": 612.062716091282, "log10_alpha": -1.552010120824733, "log10_colsample_bytree": -0.6323239113572461, "log10_eta": -3.4052465616520045, "log10_lambda": -0.3740441374495109, "log10_min_child_weight": 4.314762578630047, "log10_subsample": -0.024024189330288714, "max_depth": 5.0, "num_boost_round": 43.0}, "datetime": {"datetime": "2024-01-19 02:22:44", "elapsed": 7862.041038, "delta": 0.006327}}
{"target": -17.676603980114884, "params": {"gamma": 615.3080521190462, "log10_alpha": -2.6938381862351584, "log10_colsample_bytree": -0.18846423700413095, "log10_eta": -1.573602824171691, "log10_lambda": 0.12751395602336224, "log10_min_child_weight": 3.5045884554062012, "log10_subsample": -0.36473660331046476, "max_depth": 3.0, "num_boost_round": 0.0}, "datetime": {"datetime": "2024-01-19 02:25:07", "elapsed": 8005.277712, "delta": 143.236674}}
