{"target": -13.758378233375158, "params": {"gamma": 719.4849092356128, "log10_alpha": -1.5609803654343684, "log10_colsample_bytree": -0.22954549120338996, "log10_eta": -3.490351952820352, "log10_lambda": -0.6609054061627733, "log10_min_child_weight": 3.611590691652084, "log10_subsample": -0.10324120280852933, "max_depth": 8.0, "num_boost_round": 45.0}, "datetime": {"datetime": "2024-01-19 01:47:02", "elapsed": 5730.000423, "delta": 0.005303}}
{"target": -13.758372010883683, "params": {"gamma": 719.4849092356128, "log10_alpha": -1.5609803654343684, "log10_colsample_bytree": -0.22954549120338996, "log10_eta": -3.490351952820352, "log10_lambda": -0.6609054061627733, "log10_min_child_weight": 3.611590691652084, "log10_subsample": -0.10324120280852933, "max_depth": 8.0, "num_boost_round": 46.0}, "datetime": {"datetime": "2024-01-19 01:47:02", "elapsed": 5730.005837, "delta": 0.005414}}
{"target": -13.758368198811898, "params": {"gamma": 719.4849092356128, "log10_alpha": -1.5609803654343684, "log10_colsample_bytree": -0.22954549120338996, "log10_eta": -3.490351952820352, "log10_lambda": -0.6609054061627733, "log10_min_child_weight": 3.611590691652084, "log10_subsample": -0.10324120280852933, "max_depth": 8.0, "num_boost_round": 47.0}, "datetime": {"datetime": "2024-01-19 01:47:02", "elapsed": 5730.011195, "delta": 0.005358}}
{"target": -13.75836856494652, "params": {"gamma": 719.4849092356128, "log10_alpha": -1.5609803654343684, "log10_colsample_bytree": -0.22954549120338996, "log10_eta": -3.490351952820352, "log10_lambda": -0.6609054061627733, "log10_min_child_weight": 3.611590691652084, "log10_subsample": -0.10324120280852933, "max_depth": 8.0, "num_boost_round": 48.0}, "datetime": {"datetime": "2024-01-19 01:47:02", "elapsed": 5730.016683, "delta": 0.005488}}
{"target": -13.758365838879213, "params": {"gamma": 719.4849092356128, "log10_alpha": -1.5609803654343684, "log10_colsample_bytree": -0.22954549120338996, "log10_eta": -3.490351952820352, "log10_lambda": -0.6609054061627733, "log10_min_child_weight": 3.611590691652084, "log10_subsample": -0.10324120280852933, "max_depth": 8.0, "num_boost_round": 49.0}, "datetime": {"datetime": "2024-01-19 01:47:02", "elapsed": 5730.022384, "delta": 0.005701}}
{"target": -13.758368121491678, "params": {"gamma": 719.4849092356128, "log10_alpha": -1.5609803654343684, "log10_colsample_bytree": -0.22954549120338996, "log10_eta": -3.490351952820352, "log10_lambda": -0.6609054061627733, "log10_min_child_weight": 3.611590691652084, "log10_subsample": -0.10324120280852933, "max_depth": 8.0, "num_boost_round": 50.0}, "datetime": {"datetime": "2024-01-19 01:47:02", "elapsed": 5730.028874, "delta": 0.00649}}
{"target": -13.758363307730042, "params": {"gamma": 719.4849092356128, "log10_alpha": -1.5609803654343684, "log10_colsample_bytree": -0.22954549120338996, "log10_eta": -3.490351952820352, "log10_lambda": -0.6609054061627733, "log10_min_child_weight": 3.611590691652084, "log10_subsample": -0.10324120280852933, "max_depth": 8.0, "num_boost_round": 51.0}, "datetime": {"datetime": "2024-01-19 01:47:02", "elapsed": 5730.034324, "delta": 0.00545}}
{"target": -13.758355993907758, "params": {"gamma": 719.4849092356128, "log10_alpha": -1.5609803654343684, "log10_colsample_bytree": -0.22954549120338996, "log10_eta": -3.490351952820352, "log10_lambda": -0.6609054061627733, "log10_min_child_weight": 3.611590691652084, "log10_subsample": -0.10324120280852933, "max_depth": 8.0, "num_boost_round": 52.0}, "datetime": {"datetime": "2024-01-19 01:47:02", "elapsed": 5730.039883, "delta": 0.005559}}
{"target": -13.75834552593624, "params": {"gamma": 719.4849092356128, "log10_alpha": -1.5609803654343684, "log10_colsample_bytree": -0.22954549120338996, "log10_eta": -3.490351952820352, "log10_lambda": -0.6609054061627733, "log10_min_child_weight": 3.611590691652084, "log10_subsample": -0.10324120280852933, "max_depth": 8.0, "num_boost_round": 53.0}, "datetime": {"datetime": "2024-01-19 01:47:02", "elapsed": 5730.045431, "delta": 0.005548}}
{"target": -13.758338165563629, "params": {"gamma": 719.4849092356128, "log10_alpha": -1.5609803654343684, "log10_colsample_bytree": -0.22954549120338996, "log10_eta": -3.490351952820352, "log10_lambda": -0.6609054061627733, "log10_min_child_weight": 3.611590691652084, "log10_subsample": -0.10324120280852933, "max_depth": 8.0, "num_boost_round": 54.0}, "datetime": {"datetime": "2024-01-19 01:47:02", "elapsed": 5730.051099, "delta": 0.005668}}
{"target": -13.758332851427522, "params": {"gamma": 719.4849092356128, "log10_alpha": -1.5609803654343684, "log10_colsample_bytree": -0.22954549120338996, "log10_eta": -3.490351952820352, "log10_lambda": -0.6609054061627733, "log10_min_child_weight": 3.611590691652084, "log10_subsample": -0.10324120280852933, "max_depth": 8.0, "num_boost_round": 55.0}, "datetime": {"datetime": "2024-01-19 01:47:02", "elapsed": 5730.056774, "delta": 0.005675}}
{"target": -13.758317701418548, "params": {"gamma": 719.4849092356128, "log10_alpha": -1.5609803654343684, "log10_colsample_bytree": -0.22954549120338996, "log10_eta": -3.490351952820352, "log10_lambda": -0.6609054061627733, "log10_min_child_weight": 3.611590691652084, "log10_subsample": -0.10324120280852933, "max_depth": 8.0, "num_boost_round": 56.0}, "datetime": {"datetime": "2024-01-19 01:47:02", "elapsed": 5730.062256, "delta": 0.005482}}
{"target": -13.758311728327962, "params": {"gamma": 719.4849092356128, "log10_alpha": -1.5609803654343684, "log10_colsample_bytree": -0.22954549120338996, "log10_eta": -3.490351952820352, "log10_lambda": -0.6609054061627733, "log10_min_child_weight": 3.611590691652084, "log10_subsample": -0.10324120280852933, "max_depth": 8.0, "num_boost_round": 57.0}, "datetime": {"datetime": "2024-01-19 01:47:02", "elapsed": 5730.067478, "delta": 0.005222}}
{"target": -13.75831113247114, "params": {"gamma": 719.4849092356128, "log10_alpha": -1.5609803654343684, "log10_colsample_bytree": -0.22954549120338996, "log10_eta": -3.490351952820352, "log10_lambda": -0.6609054061627733, "log10_min_child_weight": 3.611590691652084, "log10_subsample": -0.10324120280852933, "max_depth": 8.0, "num_boost_round": 58.0}, "datetime": {"datetime": "2024-01-19 01:47:02", "elapsed": 5730.072856, "delta": 0.005378}}
{"target": -13.75830244398631, "params": {"gamma": 719.4849092356128, "log10_alpha": -1.5609803654343684, "log10_colsample_bytree": -0.22954549120338996, "log10_eta": -3.490351952820352, "log10_lambda": -0.6609054061627733, "log10_min_child_weight": 3.611590691652084, "log10_subsample": -0.10324120280852933, "max_depth": 8.0, "num_boost_round": 59.0}, "datetime": {"datetime": "2024-01-19 01:47:02", "elapsed": 5730.078345, "delta": 0.005489}}
{"target": -13.75830297065818, "params": {"gamma": 719.4849092356128, "log10_alpha": -1.5609803654343684, "log10_colsample_bytree": -0.22954549120338996, "log10_eta": -3.490351952820352, "log10_lambda": -0.6609054061627733, "log10_min_child_weight": 3.611590691652084, "log10_subsample": -0.10324120280852933, "max_depth": 8.0, "num_boost_round": 60.0}, "datetime": {"datetime": "2024-01-19 01:47:02", "elapsed": 5730.083952, "delta": 0.005607}}
{"target": -13.75853499884256, "params": {"gamma": 707.0375330952198, "log10_alpha": -2.8255195067326824, "log10_colsample_bytree": -0.6654394275119232, "log10_eta": -3.4393912497702757, "log10_lambda": -0.7250134746767438, "log10_min_child_weight": 3.982933063066978, "log10_subsample": -0.11594621801879701, "max_depth": 5.0, "num_boost_round": 0.0}, "datetime": {"datetime": "2024-01-19 01:47:54", "elapsed": 5781.60943, "delta": 51.525478}}
{"target": -13.758527992182074, "params": {"gamma": 707.0375330952198, "log10_alpha": -2.8255195067326824, "log10_colsample_bytree": -0.6654394275119232, "log10_eta": -3.4393912497702757, "log10_lambda": -0.7250134746767438, "log10_min_child_weight": 3.982933063066978, "log10_subsample": -0.11594621801879701, "max_depth": 5.0, "num_boost_round": 1.0}, "datetime": {"datetime": "2024-01-19 01:47:54", "elapsed": 5781.616436, "delta": 0.007006}}
{"target": -13.758528420153171, "params": {"gamma": 707.0375330952198, "log10_alpha": -2.8255195067326824, "log10_colsample_bytree": -0.6654394275119232, "log10_eta": -3.4393912497702757, "log10_lambda": -0.7250134746767438, "log10_min_child_weight": 3.982933063066978, "log10_subsample": -0.11594621801879701, "max_depth": 5.0, "num_boost_round": 2.0}, "datetime": {"datetime": "2024-01-19 01:47:54", "elapsed": 5781.622276, "delta": 0.00584}}
{"target": -13.758524728841817, "params": {"gamma": 707.0375330952198, "log10_alpha": -2.8255195067326824, "log10_colsample_bytree": -0.6654394275119232, "log10_eta": -3.4393912497702757, "log10_lambda": -0.7250134746767438, "log10_min_child_weight": 3.982933063066978, "log10_subsample": -0.11594621801879701, "max_depth": 5.0, "num_boost_round": 3.0}, "datetime": {"datetime": "2024-01-19 01:47:54", "elapsed": 5781.62804, "delta": 0.005764}}
{"target": -13.75851933823471, "params": {"gamma": 707.0375330952198, "log10_alpha": -2.8255195067326824, "log10_colsample_bytree": -0.6654394275119232, "log10_eta": -3.4393912497702757, "log10_lambda": -0.7250134746767438, "log10_min_child_weight": 3.982933063066978, "log10_subsample": -0.11594621801879701, "max_depth": 5.0, "num_boost_round": 4.0}, "datetime": {"datetime": "2024-01-19 01:47:54", "elapsed": 5781.633553, "delta": 0.005513}}
{"target": -13.758519916585188, "params": {"gamma": 707.0375330952198, "log10_alpha": -2.8255195067326824, "log10_colsample_bytree": -0.6654394275119232, "log10_eta": -3.4393912497702757, "log10_lambda": -0.7250134746767438, "log10_min_child_weight": 3.982933063066978, "log10_subsample": -0.11594621801879701, "max_depth": 5.0, "num_boost_round": 5.0}, "datetime": {"datetime": "2024-01-19 01:47:54", "elapsed": 5781.63921, "delta": 0.005657}}
{"target": -13.75852059209786, "params": {"gamma": 707.0375330952198, "log10_alpha": -2.8255195067326824, "log10_colsample_bytree": -0.6654394275119232, "log10_eta": -3.4393912497702757, "log10_lambda": -0.7250134746767438, "log10_min_child_weight": 3.982933063066978, "log10_subsample": -0.11594621801879701, "max_depth": 5.0, "num_boost_round": 6.0}, "datetime": {"datetime": "2024-01-19 01:47:54", "elapsed": 5781.644842, "delta": 0.005632}}
{"target": -13.758514253837912, "params": {"gamma": 707.0375330952198, "log10_alpha": -2.8255195067326824, "log10_colsample_bytree": -0.6654394275119232, "log10_eta": -3.4393912497702757, "log10_lambda": -0.7250134746767438, "log10_min_child_weight": 3.982933063066978, "log10_subsample": -0.11594621801879701, "max_depth": 5.0, "num_boost_round": 7.0}, "datetime": {"datetime": "2024-01-19 01:47:54", "elapsed": 5781.650494, "delta": 0.005652}}
{"target": -13.75850678527333, "params": {"gamma": 707.0375330952198, "log10_alpha": -2.8255195067326824, "log10_colsample_bytree": -0.6654394275119232, "log10_eta": -3.4393912497702757, "log10_lambda": -0.7250134746767438, "log10_min_child_weight": 3.982933063066978, "log10_subsample": -0.11594621801879701, "max_depth": 5.0, "num_boost_round": 8.0}, "datetime": {"datetime": "2024-01-19 01:47:54", "elapsed": 5781.65624, "delta": 0.005746}}
{"target": -13.758505602363305, "params": {"gamma": 707.0375330952198, "log10_alpha": -2.8255195067326824, "log10_colsample_bytree": -0.6654394275119232, "log10_eta": -3.4393912497702757, "log10_lambda": -0.7250134746767438, "log10_min_child_weight": 3.982933063066978, "log10_subsample": -0.11594621801879701, "max_depth": 5.0, "num_boost_round": 9.0}, "datetime": {"datetime": "2024-01-19 01:47:54", "elapsed": 5781.662059, "delta": 0.005819}}
{"target": -13.758499800152217, "params": {"gamma": 707.0375330952198, "log10_alpha": -2.8255195067326824, "log10_colsample_bytree": -0.6654394275119232, "log10_eta": -3.4393912497702757, "log10_lambda": -0.7250134746767438, "log10_min_child_weight": 3.982933063066978, "log10_subsample": -0.11594621801879701, "max_depth": 5.0, "num_boost_round": 10.0}, "datetime": {"datetime": "2024-01-19 01:47:54", "elapsed": 5781.667578, "delta": 0.005519}}
{"target": -13.75850301994009, "params": {"gamma": 707.0375330952198, "log10_alpha": -2.8255195067326824, "log10_colsample_bytree": -0.6654394275119232, "log10_eta": -3.4393912497702757, "log10_lambda": -0.7250134746767438, "log10_min_child_weight": 3.982933063066978, "log10_subsample": -0.11594621801879701, "max_depth": 5.0, "num_boost_round": 11.0}, "datetime": {"datetime": "2024-01-19 01:47:54", "elapsed": 5781.673216, "delta": 0.005638}}
{"target": -13.75853925783595, "params": {"gamma": 730.037061776486, "log10_alpha": -2.1516892480424636, "log10_colsample_bytree": -0.07042138901554429, "log10_eta": -3.1202770377392395, "log10_lambda": -0.4835047401352224, "log10_min_child_weight": 1.2946383599740263, "log10_subsample": -0.12803057635436244, "max_depth": 6.0, "num_boost_round": 0.0}, "datetime": {"datetime": "2024-01-19 01:49:28", "elapsed": 5876.542191, "delta": 94.868975}}
{"target": -13.758544190906221, "params": {"gamma": 730.037061776486, "log10_alpha": -2.1516892480424636, "log10_colsample_bytree": -0.07042138901554429, "log10_eta": -3.1202770377392395, "log10_lambda": -0.4835047401352224, "log10_min_child_weight": 1.2946383599740263, "log10_subsample": -0.12803057635436244, "max_depth": 6.0, "num_boost_round": 1.0}, "datetime": {"datetime": "2024-01-19 01:49:28", "elapsed": 5876.549648, "delta": 0.007457}}
{"target": -13.758568960959908, "params": {"gamma": 730.037061776486, "log10_alpha": -2.1516892480424636, "log10_colsample_bytree": -0.07042138901554429, "log10_eta": -3.1202770377392395, "log10_lambda": -0.4835047401352224, "log10_min_child_weight": 1.2946383599740263, "log10_subsample": -0.12803057635436244, "max_depth": 6.0, "num_boost_round": 2.0}, "datetime": {"datetime": "2024-01-19 01:49:28", "elapsed": 5876.555724, "delta": 0.006076}}
{"target": -13.75854747947955, "params": {"gamma": 730.037061776486, "log10_alpha": -2.1516892480424636, "log10_colsample_bytree": -0.07042138901554429, "log10_eta": -3.1202770377392395, "log10_lambda": -0.4835047401352224, "log10_min_child_weight": 1.2946383599740263, "log10_subsample": -0.12803057635436244, "max_depth": 6.0, "num_boost_round": 3.0}, "datetime": {"datetime": "2024-01-19 01:49:28", "elapsed": 5876.56174, "delta": 0.006016}}
{"target": -13.758515493517603, "params": {"gamma": 730.037061776486, "log10_alpha": -2.1516892480424636, "log10_colsample_bytree": -0.07042138901554429, "log10_eta": -3.1202770377392395, "log10_lambda": -0.4835047401352224, "log10_min_child_weight": 1.2946383599740263, "log10_subsample": -0.12803057635436244, "max_depth": 6.0, "num_boost_round": 4.0}, "datetime": {"datetime": "2024-01-19 01:49:28", "elapsed": 5876.567833, "delta": 0.006093}}
{"target": -13.758528928642, "params": {"gamma": 730.037061776486, "log10_alpha": -2.1516892480424636, "log10_colsample_bytree": -0.07042138901554429, "log10_eta": -3.1202770377392395, "log10_lambda": -0.4835047401352224, "log10_min_child_weight": 1.2946383599740263, "log10_subsample": -0.12803057635436244, "max_depth": 6.0, "num_boost_round": 5.0}, "datetime": {"datetime": "2024-01-19 01:49:29", "elapsed": 5876.573716, "delta": 0.005883}}
{"target": -13.758516489814395, "params": {"gamma": 730.037061776486, "log10_alpha": -2.1516892480424636, "log10_colsample_bytree": -0.07042138901554429, "log10_eta": -3.1202770377392395, "log10_lambda": -0.4835047401352224, "log10_min_child_weight": 1.2946383599740263, "log10_subsample": -0.12803057635436244, "max_depth": 6.0, "num_boost_round": 6.0}, "datetime": {"datetime": "2024-01-19 01:49:29", "elapsed": 5876.579516, "delta": 0.0058}}
{"target": -13.758505331715027, "params": {"gamma": 730.037061776486, "log10_alpha": -2.1516892480424636, "log10_colsample_bytree": -0.07042138901554429, "log10_eta": -3.1202770377392395, "log10_lambda": -0.4835047401352224, "log10_min_child_weight": 1.2946383599740263, "log10_subsample": -0.12803057635436244, "max_depth": 6.0, "num_boost_round": 7.0}, "datetime": {"datetime": "2024-01-19 01:49:29", "elapsed": 5876.585227, "delta": 0.005711}}
{"target": -13.75849144200219, "params": {"gamma": 730.037061776486, "log10_alpha": -2.1516892480424636, "log10_colsample_bytree": -0.07042138901554429, "log10_eta": -3.1202770377392395, "log10_lambda": -0.4835047401352224, "log10_min_child_weight": 1.2946383599740263, "log10_subsample": -0.12803057635436244, "max_depth": 6.0, "num_boost_round": 8.0}, "datetime": {"datetime": "2024-01-19 01:49:29", "elapsed": 5876.591187, "delta": 0.00596}}
{"target": -13.758499689474272, "params": {"gamma": 730.037061776486, "log10_alpha": -2.1516892480424636, "log10_colsample_bytree": -0.07042138901554429, "log10_eta": -3.1202770377392395, "log10_lambda": -0.4835047401352224, "log10_min_child_weight": 1.2946383599740263, "log10_subsample": -0.12803057635436244, "max_depth": 6.0, "num_boost_round": 9.0}, "datetime": {"datetime": "2024-01-19 01:49:29", "elapsed": 5876.597929, "delta": 0.006742}}
{"target": -13.758506284604037, "params": {"gamma": 730.037061776486, "log10_alpha": -2.1516892480424636, "log10_colsample_bytree": -0.07042138901554429, "log10_eta": -3.1202770377392395, "log10_lambda": -0.4835047401352224, "log10_min_child_weight": 1.2946383599740263, "log10_subsample": -0.12803057635436244, "max_depth": 6.0, "num_boost_round": 10.0}, "datetime": {"datetime": "2024-01-19 01:49:29", "elapsed": 5876.604185, "delta": 0.006256}}
{"target": -13.758499618818329, "params": {"gamma": 730.037061776486, "log10_alpha": -2.1516892480424636, "log10_colsample_bytree": -0.07042138901554429, "log10_eta": -3.1202770377392395, "log10_lambda": -0.4835047401352224, "log10_min_child_weight": 1.2946383599740263, "log10_subsample": -0.12803057635436244, "max_depth": 6.0, "num_boost_round": 11.0}, "datetime": {"datetime": "2024-01-19 01:49:29", "elapsed": 5876.610779, "delta": 0.006594}}
{"target": -13.758510435413074, "params": {"gamma": 730.037061776486, "log10_alpha": -2.1516892480424636, "log10_colsample_bytree": -0.07042138901554429, "log10_eta": -3.1202770377392395, "log10_lambda": -0.4835047401352224, "log10_min_child_weight": 1.2946383599740263, "log10_subsample": -0.12803057635436244, "max_depth": 6.0, "num_boost_round": 12.0}, "datetime": {"datetime": "2024-01-19 01:49:29", "elapsed": 5876.616725, "delta": 0.005946}}
{"target": -13.758519919770242, "params": {"gamma": 730.037061776486, "log10_alpha": -2.1516892480424636, "log10_colsample_bytree": -0.07042138901554429, "log10_eta": -3.1202770377392395, "log10_lambda": -0.4835047401352224, "log10_min_child_weight": 1.2946383599740263, "log10_subsample": -0.12803057635436244, "max_depth": 6.0, "num_boost_round": 13.0}, "datetime": {"datetime": "2024-01-19 01:49:29", "elapsed": 5876.6228, "delta": 0.006075}}
{"target": -13.758527477537235, "params": {"gamma": 730.037061776486, "log10_alpha": -2.1516892480424636, "log10_colsample_bytree": -0.07042138901554429, "log10_eta": -3.1202770377392395, "log10_lambda": -0.4835047401352224, "log10_min_child_weight": 1.2946383599740263, "log10_subsample": -0.12803057635436244, "max_depth": 6.0, "num_boost_round": 14.0}, "datetime": {"datetime": "2024-01-19 01:49:29", "elapsed": 5876.628645, "delta": 0.005845}}
{"target": -13.758535096349329, "params": {"gamma": 730.037061776486, "log10_alpha": -2.1516892480424636, "log10_colsample_bytree": -0.07042138901554429, "log10_eta": -3.1202770377392395, "log10_lambda": -0.4835047401352224, "log10_min_child_weight": 1.2946383599740263, "log10_subsample": -0.12803057635436244, "max_depth": 6.0, "num_boost_round": 15.0}, "datetime": {"datetime": "2024-01-19 01:49:29", "elapsed": 5876.634594, "delta": 0.005949}}
{"target": -13.758525899088164, "params": {"gamma": 730.037061776486, "log10_alpha": -2.1516892480424636, "log10_colsample_bytree": -0.07042138901554429, "log10_eta": -3.1202770377392395, "log10_lambda": -0.4835047401352224, "log10_min_child_weight": 1.2946383599740263, "log10_subsample": -0.12803057635436244, "max_depth": 6.0, "num_boost_round": 16.0}, "datetime": {"datetime": "2024-01-19 01:49:29", "elapsed": 5876.64082, "delta": 0.006226}}
{"target": -13.758528659445638, "params": {"gamma": 730.037061776486, "log10_alpha": -2.1516892480424636, "log10_colsample_bytree": -0.07042138901554429, "log10_eta": -3.1202770377392395, "log10_lambda": -0.4835047401352224, "log10_min_child_weight": 1.2946383599740263, "log10_subsample": -0.12803057635436244, "max_depth": 6.0, "num_boost_round": 17.0}, "datetime": {"datetime": "2024-01-19 01:49:29", "elapsed": 5876.646827, "delta": 0.006007}}
{"target": -13.758556270820675, "params": {"gamma": 730.037061776486, "log10_alpha": -2.1516892480424636, "log10_colsample_bytree": -0.07042138901554429, "log10_eta": -3.1202770377392395, "log10_lambda": -0.4835047401352224, "log10_min_child_weight": 1.2946383599740263, "log10_subsample": -0.12803057635436244, "max_depth": 6.0, "num_boost_round": 18.0}, "datetime": {"datetime": "2024-01-19 01:49:29", "elapsed": 5876.652639, "delta": 0.005812}}
{"target": -13.758538193733923, "params": {"gamma": 730.037061776486, "log10_alpha": -2.1516892480424636, "log10_colsample_bytree": -0.07042138901554429, "log10_eta": -3.1202770377392395, "log10_lambda": -0.4835047401352224, "log10_min_child_weight": 1.2946383599740263, "log10_subsample": -0.12803057635436244, "max_depth": 6.0, "num_boost_round": 19.0}, "datetime": {"datetime": "2024-01-19 01:49:29", "elapsed": 5876.658407, "delta": 0.005768}}
{"target": -13.758548432893729, "params": {"gamma": 730.037061776486, "log10_alpha": -2.1516892480424636, "log10_colsample_bytree": -0.07042138901554429, "log10_eta": -3.1202770377392395, "log10_lambda": -0.4835047401352224, "log10_min_child_weight": 1.2946383599740263, "log10_subsample": -0.12803057635436244, "max_depth": 6.0, "num_boost_round": 20.0}, "datetime": {"datetime": "2024-01-19 01:49:29", "elapsed": 5876.664734, "delta": 0.006327}}
