{"target": -13.758438955518633, "params": {"gamma": 471.71456337157935, "log10_alpha": -0.08557156520223064, "log10_colsample_bytree": -0.5755696942200571, "log10_eta": -3.5363304288522874, "log10_lambda": 0.9634085617727699, "log10_min_child_weight": 2.943825092598118, "log10_subsample": -0.6059976818658139, "max_depth": 2.0, "num_boost_round": 38.0}, "datetime": {"datetime": "2024-01-19 00:35:17", "elapsed": 1421.14245, "delta": 0.002627}}
{"target": -13.758433637818927, "params": {"gamma": 471.71456337157935, "log10_alpha": -0.08557156520223064, "log10_colsample_bytree": -0.5755696942200571, "log10_eta": -3.5363304288522874, "log10_lambda": 0.9634085617727699, "log10_min_child_weight": 2.943825092598118, "log10_subsample": -0.6059976818658139, "max_depth": 2.0, "num_boost_round": 39.0}, "datetime": {"datetime": "2024-01-19 00:35:17", "elapsed": 1421.145155, "delta": 0.002705}}
{"target": -13.758430163202032, "params": {"gamma": 471.71456337157935, "log10_alpha": -0.08557156520223064, "log10_colsample_bytree": -0.5755696942200571, "log10_eta": -3.5363304288522874, "log10_lambda": 0.9634085617727699, "log10_min_child_weight": 2.943825092598118, "log10_subsample": -0.6059976818658139, "max_depth": 2.0, "num_boost_round": 40.0}, "datetime": {"datetime": "2024-01-19 00:35:17", "elapsed": 1421.147774, "delta": 0.002619}}
{"target": -13.758429513131441, "params": {"gamma": 471.71456337157935, "log10_alpha": -0.08557156520223064, "log10_colsample_bytree": -0.5755696942200571, "log10_eta": -3.5363304288522874, "log10_lambda": 0.9634085617727699, "log10_min_child_weight": 2.943825092598118, "log10_subsample": -0.6059976818658139, "max_depth": 2.0, "num_boost_round": 41.0}, "datetime": {"datetime": "2024-01-19 00:35:17", "elapsed": 1421.150487, "delta": 0.002713}}
{"target": -13.758425114649011, "params": {"gamma": 471.71456337157935, "log10_alpha": -0.08557156520223064, "log10_colsample_bytree": -0.5755696942200571, "log10_eta": -3.5363304288522874, "log10_lambda": 0.9634085617727699, "log10_min_child_weight": 2.943825092598118, "log10_subsample": -0.6059976818658139, "max_depth": 2.0, "num_boost_round": 42.0}, "datetime": {"datetime": "2024-01-19 00:35:17", "elapsed": 1421.153119, "delta": 0.002632}}
{"target": -13.758423217579121, "params": {"gamma": 471.71456337157935, "log10_alpha": -0.08557156520223064, "log10_colsample_bytree": -0.5755696942200571, "log10_eta": -3.5363304288522874, "log10_lambda": 0.9634085617727699, "log10_min_child_weight": 2.943825092598118, "log10_subsample": -0.6059976818658139, "max_depth": 2.0, "num_boost_round": 43.0}, "datetime": {"datetime": "2024-01-19 00:35:17", "elapsed": 1421.15583, "delta": 0.002711}}
{"target": -13.758416515784964, "params": {"gamma": 471.71456337157935, "log10_alpha": -0.08557156520223064, "log10_colsample_bytree": -0.5755696942200571, "log10_eta": -3.5363304288522874, "log10_lambda": 0.9634085617727699, "log10_min_child_weight": 2.943825092598118, "log10_subsample": -0.6059976818658139, "max_depth": 2.0, "num_boost_round": 44.0}, "datetime": {"datetime": "2024-01-19 00:35:17", "elapsed": 1421.158467, "delta": 0.002637}}
{"target": -13.758416140652102, "params": {"gamma": 471.71456337157935, "log10_alpha": -0.08557156520223064, "log10_colsample_bytree": -0.5755696942200571, "log10_eta": -3.5363304288522874, "log10_lambda": 0.9634085617727699, "log10_min_child_weight": 2.943825092598118, "log10_subsample": -0.6059976818658139, "max_depth": 2.0, "num_boost_round": 45.0}, "datetime": {"datetime": "2024-01-19 00:35:17", "elapsed": 1421.161088, "delta": 0.002621}}
{"target": -13.758410725652851, "params": {"gamma": 471.71456337157935, "log10_alpha": -0.08557156520223064, "log10_colsample_bytree": -0.5755696942200571, "log10_eta": -3.5363304288522874, "log10_lambda": 0.9634085617727699, "log10_min_child_weight": 2.943825092598118, "log10_subsample": -0.6059976818658139, "max_depth": 2.0, "num_boost_round": 46.0}, "datetime": {"datetime": "2024-01-19 00:35:17", "elapsed": 1421.16371, "delta": 0.002622}}
{"target": -13.758406019974942, "params": {"gamma": 471.71456337157935, "log10_alpha": -0.08557156520223064, "log10_colsample_bytree": -0.5755696942200571, "log10_eta": -3.5363304288522874, "log10_lambda": 0.9634085617727699, "log10_min_child_weight": 2.943825092598118, "log10_subsample": -0.6059976818658139, "max_depth": 2.0, "num_boost_round": 47.0}, "datetime": {"datetime": "2024-01-19 00:35:17", "elapsed": 1421.166397, "delta": 0.002687}}
{"target": -13.758401742943448, "params": {"gamma": 471.71456337157935, "log10_alpha": -0.08557156520223064, "log10_colsample_bytree": -0.5755696942200571, "log10_eta": -3.5363304288522874, "log10_lambda": 0.9634085617727699, "log10_min_child_weight": 2.943825092598118, "log10_subsample": -0.6059976818658139, "max_depth": 2.0, "num_boost_round": 48.0}, "datetime": {"datetime": "2024-01-19 00:35:17", "elapsed": 1421.169031, "delta": 0.002634}}
{"target": -13.758525332424275, "params": {"gamma": 478.5770870182049, "log10_alpha": -1.974733248402336, "log10_colsample_bytree": -0.9876297521994242, "log10_eta": -3.2837405022609345, "log10_lambda": 0.24725568276045706, "log10_min_child_weight": 0.5853247987647503, "log10_subsample": -0.38805253094693715, "max_depth": 3.0, "num_boost_round": 0.0}, "datetime": {"datetime": "2024-01-19 00:35:54", "elapsed": 1458.848767, "delta": 37.679736}}
{"target": -13.758523916532516, "params": {"gamma": 478.5770870182049, "log10_alpha": -1.974733248402336, "log10_colsample_bytree": -0.9876297521994242, "log10_eta": -3.2837405022609345, "log10_lambda": 0.24725568276045706, "log10_min_child_weight": 0.5853247987647503, "log10_subsample": -0.38805253094693715, "max_depth": 3.0, "num_boost_round": 1.0}, "datetime": {"datetime": "2024-01-19 00:35:54", "elapsed": 1458.852218, "delta": 0.003451}}
{"target": -13.758519326410477, "params": {"gamma": 478.5770870182049, "log10_alpha": -1.974733248402336, "log10_colsample_bytree": -0.9876297521994242, "log10_eta": -3.2837405022609345, "log10_lambda": 0.24725568276045706, "log10_min_child_weight": 0.5853247987647503, "log10_subsample": -0.38805253094693715, "max_depth": 3.0, "num_boost_round": 2.0}, "datetime": {"datetime": "2024-01-19 00:35:54", "elapsed": 1458.855085, "delta": 0.002867}}
{"target": -13.758518811685269, "params": {"gamma": 478.5770870182049, "log10_alpha": -1.974733248402336, "log10_colsample_bytree": -0.9876297521994242, "log10_eta": -3.2837405022609345, "log10_lambda": 0.24725568276045706, "log10_min_child_weight": 0.5853247987647503, "log10_subsample": -0.38805253094693715, "max_depth": 3.0, "num_boost_round": 3.0}, "datetime": {"datetime": "2024-01-19 00:35:54", "elapsed": 1458.857725, "delta": 0.00264}}
{"target": -13.758517458331847, "params": {"gamma": 478.5770870182049, "log10_alpha": -1.974733248402336, "log10_colsample_bytree": -0.9876297521994242, "log10_eta": -3.2837405022609345, "log10_lambda": 0.24725568276045706, "log10_min_child_weight": 0.5853247987647503, "log10_subsample": -0.38805253094693715, "max_depth": 3.0, "num_boost_round": 4.0}, "datetime": {"datetime": "2024-01-19 00:35:54", "elapsed": 1458.860351, "delta": 0.002626}}
{"target": -13.758515423719315, "params": {"gamma": 478.5770870182049, "log10_alpha": -1.974733248402336, "log10_colsample_bytree": -0.9876297521994242, "log10_eta": -3.2837405022609345, "log10_lambda": 0.24725568276045706, "log10_min_child_weight": 0.5853247987647503, "log10_subsample": -0.38805253094693715, "max_depth": 3.0, "num_boost_round": 5.0}, "datetime": {"datetime": "2024-01-19 00:35:54", "elapsed": 1458.86297, "delta": 0.002619}}
{"target": -13.758513906177074, "params": {"gamma": 478.5770870182049, "log10_alpha": -1.974733248402336, "log10_colsample_bytree": -0.9876297521994242, "log10_eta": -3.2837405022609345, "log10_lambda": 0.24725568276045706, "log10_min_child_weight": 0.5853247987647503, "log10_subsample": -0.38805253094693715, "max_depth": 3.0, "num_boost_round": 6.0}, "datetime": {"datetime": "2024-01-19 00:35:54", "elapsed": 1458.865649, "delta": 0.002679}}
{"target": -13.758505954334598, "params": {"gamma": 478.5770870182049, "log10_alpha": -1.974733248402336, "log10_colsample_bytree": -0.9876297521994242, "log10_eta": -3.2837405022609345, "log10_lambda": 0.24725568276045706, "log10_min_child_weight": 0.5853247987647503, "log10_subsample": -0.38805253094693715, "max_depth": 3.0, "num_boost_round": 7.0}, "datetime": {"datetime": "2024-01-19 00:35:54", "elapsed": 1458.868306, "delta": 0.002657}}
{"target": -13.758507623569278, "params": {"gamma": 478.5770870182049, "log10_alpha": -1.974733248402336, "log10_colsample_bytree": -0.9876297521994242, "log10_eta": -3.2837405022609345, "log10_lambda": 0.24725568276045706, "log10_min_child_weight": 0.5853247987647503, "log10_subsample": -0.38805253094693715, "max_depth": 3.0, "num_boost_round": 8.0}, "datetime": {"datetime": "2024-01-19 00:35:54", "elapsed": 1458.870951, "delta": 0.002645}}
{"target": -13.758504173458958, "params": {"gamma": 478.5770870182049, "log10_alpha": -1.974733248402336, "log10_colsample_bytree": -0.9876297521994242, "log10_eta": -3.2837405022609345, "log10_lambda": 0.24725568276045706, "log10_min_child_weight": 0.5853247987647503, "log10_subsample": -0.38805253094693715, "max_depth": 3.0, "num_boost_round": 9.0}, "datetime": {"datetime": "2024-01-19 00:35:54", "elapsed": 1458.873574, "delta": 0.002623}}
{"target": -13.758500893957612, "params": {"gamma": 478.5770870182049, "log10_alpha": -1.974733248402336, "log10_colsample_bytree": -0.9876297521994242, "log10_eta": -3.2837405022609345, "log10_lambda": 0.24725568276045706, "log10_min_child_weight": 0.5853247987647503, "log10_subsample": -0.38805253094693715, "max_depth": 3.0, "num_boost_round": 10.0}, "datetime": {"datetime": "2024-01-19 00:35:54", "elapsed": 1458.876329, "delta": 0.002755}}
{"target": -13.75849527845667, "params": {"gamma": 478.5770870182049, "log10_alpha": -1.974733248402336, "log10_colsample_bytree": -0.9876297521994242, "log10_eta": -3.2837405022609345, "log10_lambda": 0.24725568276045706, "log10_min_child_weight": 0.5853247987647503, "log10_subsample": -0.38805253094693715, "max_depth": 3.0, "num_boost_round": 11.0}, "datetime": {"datetime": "2024-01-19 00:35:54", "elapsed": 1458.87912, "delta": 0.002791}}
{"target": -13.758490326140542, "params": {"gamma": 478.5770870182049, "log10_alpha": -1.974733248402336, "log10_colsample_bytree": -0.9876297521994242, "log10_eta": -3.2837405022609345, "log10_lambda": 0.24725568276045706, "log10_min_child_weight": 0.5853247987647503, "log10_subsample": -0.38805253094693715, "max_depth": 3.0, "num_boost_round": 12.0}, "datetime": {"datetime": "2024-01-19 00:35:54", "elapsed": 1458.881833, "delta": 0.002713}}
{"target": -13.758483428701634, "params": {"gamma": 478.5770870182049, "log10_alpha": -1.974733248402336, "log10_colsample_bytree": -0.9876297521994242, "log10_eta": -3.2837405022609345, "log10_lambda": 0.24725568276045706, "log10_min_child_weight": 0.5853247987647503, "log10_subsample": -0.38805253094693715, "max_depth": 3.0, "num_boost_round": 13.0}, "datetime": {"datetime": "2024-01-19 00:35:54", "elapsed": 1458.884564, "delta": 0.002731}}
{"target": -13.758479132389684, "params": {"gamma": 478.5770870182049, "log10_alpha": -1.974733248402336, "log10_colsample_bytree": -0.9876297521994242, "log10_eta": -3.2837405022609345, "log10_lambda": 0.24725568276045706, "log10_min_child_weight": 0.5853247987647503, "log10_subsample": -0.38805253094693715, "max_depth": 3.0, "num_boost_round": 14.0}, "datetime": {"datetime": "2024-01-19 00:35:54", "elapsed": 1458.887199, "delta": 0.002635}}
{"target": -13.758464250747105, "params": {"gamma": 478.5770870182049, "log10_alpha": -1.974733248402336, "log10_colsample_bytree": -0.9876297521994242, "log10_eta": -3.2837405022609345, "log10_lambda": 0.24725568276045706, "log10_min_child_weight": 0.5853247987647503, "log10_subsample": -0.38805253094693715, "max_depth": 3.0, "num_boost_round": 15.0}, "datetime": {"datetime": "2024-01-19 00:35:54", "elapsed": 1458.889848, "delta": 0.002649}}
{"target": -13.758460251799525, "params": {"gamma": 478.5770870182049, "log10_alpha": -1.974733248402336, "log10_colsample_bytree": -0.9876297521994242, "log10_eta": -3.2837405022609345, "log10_lambda": 0.24725568276045706, "log10_min_child_weight": 0.5853247987647503, "log10_subsample": -0.38805253094693715, "max_depth": 3.0, "num_boost_round": 16.0}, "datetime": {"datetime": "2024-01-19 00:35:54", "elapsed": 1458.892454, "delta": 0.002606}}
{"target": -13.75845544469193, "params": {"gamma": 478.5770870182049, "log10_alpha": -1.974733248402336, "log10_colsample_bytree": -0.9876297521994242, "log10_eta": -3.2837405022609345, "log10_lambda": 0.24725568276045706, "log10_min_child_weight": 0.5853247987647503, "log10_subsample": -0.38805253094693715, "max_depth": 3.0, "num_boost_round": 17.0}, "datetime": {"datetime": "2024-01-19 00:35:54", "elapsed": 1458.895162, "delta": 0.002708}}
{"target": -13.758452819207706, "params": {"gamma": 478.5770870182049, "log10_alpha": -1.974733248402336, "log10_colsample_bytree": -0.9876297521994242, "log10_eta": -3.2837405022609345, "log10_lambda": 0.24725568276045706, "log10_min_child_weight": 0.5853247987647503, "log10_subsample": -0.38805253094693715, "max_depth": 3.0, "num_boost_round": 18.0}, "datetime": {"datetime": "2024-01-19 00:35:54", "elapsed": 1458.897866, "delta": 0.002704}}
{"target": -13.758446064369112, "params": {"gamma": 478.5770870182049, "log10_alpha": -1.974733248402336, "log10_colsample_bytree": -0.9876297521994242, "log10_eta": -3.2837405022609345, "log10_lambda": 0.24725568276045706, "log10_min_child_weight": 0.5853247987647503, "log10_subsample": -0.38805253094693715, "max_depth": 3.0, "num_boost_round": 19.0}, "datetime": {"datetime": "2024-01-19 00:35:54", "elapsed": 1458.900515, "delta": 0.002649}}
{"target": -13.75844295470746, "params": {"gamma": 478.5770870182049, "log10_alpha": -1.974733248402336, "log10_colsample_bytree": -0.9876297521994242, "log10_eta": -3.2837405022609345, "log10_lambda": 0.24725568276045706, "log10_min_child_weight": 0.5853247987647503, "log10_subsample": -0.38805253094693715, "max_depth": 3.0, "num_boost_round": 20.0}, "datetime": {"datetime": "2024-01-19 00:35:54", "elapsed": 1458.903146, "delta": 0.002631}}
{"target": -13.758272146995838, "params": {"gamma": 479.04268828615136, "log10_alpha": 0.06851784570649055, "log10_colsample_bytree": -0.6771964177288483, "log10_eta": -1.5841232218290657, "log10_lambda": -2.1718628541987735, "log10_min_child_weight": 3.436742929429318, "log10_subsample": -0.23106846146991467, "max_depth": 3.0, "num_boost_round": 0.0}, "datetime": {"datetime": "2024-01-19 00:36:31", "elapsed": 1495.936748, "delta": 37.033602}}
{"target": -13.757791063619408, "params": {"gamma": 479.04268828615136, "log10_alpha": 0.06851784570649055, "log10_colsample_bytree": -0.6771964177288483, "log10_eta": -1.5841232218290657, "log10_lambda": -2.1718628541987735, "log10_min_child_weight": 3.436742929429318, "log10_subsample": -0.23106846146991467, "max_depth": 3.0, "num_boost_round": 1.0}, "datetime": {"datetime": "2024-01-19 00:36:31", "elapsed": 1495.94029, "delta": 0.003542}}
{"target": -13.757842353205527, "params": {"gamma": 479.04268828615136, "log10_alpha": 0.06851784570649055, "log10_colsample_bytree": -0.6771964177288483, "log10_eta": -1.5841232218290657, "log10_lambda": -2.1718628541987735, "log10_min_child_weight": 3.436742929429318, "log10_subsample": -0.23106846146991467, "max_depth": 3.0, "num_boost_round": 2.0}, "datetime": {"datetime": "2024-01-19 00:36:31", "elapsed": 1495.943257, "delta": 0.002967}}
{"target": -13.757690315991322, "params": {"gamma": 479.04268828615136, "log10_alpha": 0.06851784570649055, "log10_colsample_bytree": -0.6771964177288483, "log10_eta": -1.5841232218290657, "log10_lambda": -2.1718628541987735, "log10_min_child_weight": 3.436742929429318, "log10_subsample": -0.23106846146991467, "max_depth": 3.0, "num_boost_round": 3.0}, "datetime": {"datetime": "2024-01-19 00:36:31", "elapsed": 1495.946005, "delta": 0.002748}}
{"target": -13.757489065910816, "params": {"gamma": 479.04268828615136, "log10_alpha": 0.06851784570649055, "log10_colsample_bytree": -0.6771964177288483, "log10_eta": -1.5841232218290657, "log10_lambda": -2.1718628541987735, "log10_min_child_weight": 3.436742929429318, "log10_subsample": -0.23106846146991467, "max_depth": 3.0, "num_boost_round": 4.0}, "datetime": {"datetime": "2024-01-19 00:36:31", "elapsed": 1495.948698, "delta": 0.002693}}
{"target": -13.757343855977576, "params": {"gamma": 479.04268828615136, "log10_alpha": 0.06851784570649055, "log10_colsample_bytree": -0.6771964177288483, "log10_eta": -1.5841232218290657, "log10_lambda": -2.1718628541987735, "log10_min_child_weight": 3.436742929429318, "log10_subsample": -0.23106846146991467, "max_depth": 3.0, "num_boost_round": 5.0}, "datetime": {"datetime": "2024-01-19 00:36:31", "elapsed": 1495.951424, "delta": 0.002726}}
{"target": -13.757125760728535, "params": {"gamma": 479.04268828615136, "log10_alpha": 0.06851784570649055, "log10_colsample_bytree": -0.6771964177288483, "log10_eta": -1.5841232218290657, "log10_lambda": -2.1718628541987735, "log10_min_child_weight": 3.436742929429318, "log10_subsample": -0.23106846146991467, "max_depth": 3.0, "num_boost_round": 6.0}, "datetime": {"datetime": "2024-01-19 00:36:31", "elapsed": 1495.954109, "delta": 0.002685}}
{"target": -13.75678607969099, "params": {"gamma": 479.04268828615136, "log10_alpha": 0.06851784570649055, "log10_colsample_bytree": -0.6771964177288483, "log10_eta": -1.5841232218290657, "log10_lambda": -2.1718628541987735, "log10_min_child_weight": 3.436742929429318, "log10_subsample": -0.23106846146991467, "max_depth": 3.0, "num_boost_round": 7.0}, "datetime": {"datetime": "2024-01-19 00:36:31", "elapsed": 1495.956885, "delta": 0.002776}}
{"target": -13.756708593934835, "params": {"gamma": 479.04268828615136, "log10_alpha": 0.06851784570649055, "log10_colsample_bytree": -0.6771964177288483, "log10_eta": -1.5841232218290657, "log10_lambda": -2.1718628541987735, "log10_min_child_weight": 3.436742929429318, "log10_subsample": -0.23106846146991467, "max_depth": 3.0, "num_boost_round": 8.0}, "datetime": {"datetime": "2024-01-19 00:36:31", "elapsed": 1495.960165, "delta": 0.00328}}
{"target": -13.756606794691026, "params": {"gamma": 479.04268828615136, "log10_alpha": 0.06851784570649055, "log10_colsample_bytree": -0.6771964177288483, "log10_eta": -1.5841232218290657, "log10_lambda": -2.1718628541987735, "log10_min_child_weight": 3.436742929429318, "log10_subsample": -0.23106846146991467, "max_depth": 3.0, "num_boost_round": 9.0}, "datetime": {"datetime": "2024-01-19 00:36:31", "elapsed": 1495.963392, "delta": 0.003227}}
{"target": -13.75629644989619, "params": {"gamma": 479.04268828615136, "log10_alpha": 0.06851784570649055, "log10_colsample_bytree": -0.6771964177288483, "log10_eta": -1.5841232218290657, "log10_lambda": -2.1718628541987735, "log10_min_child_weight": 3.436742929429318, "log10_subsample": -0.23106846146991467, "max_depth": 3.0, "num_boost_round": 10.0}, "datetime": {"datetime": "2024-01-19 00:36:31", "elapsed": 1495.966058, "delta": 0.002666}}
{"target": -13.756187400850868, "params": {"gamma": 479.04268828615136, "log10_alpha": 0.06851784570649055, "log10_colsample_bytree": -0.6771964177288483, "log10_eta": -1.5841232218290657, "log10_lambda": -2.1718628541987735, "log10_min_child_weight": 3.436742929429318, "log10_subsample": -0.23106846146991467, "max_depth": 3.0, "num_boost_round": 11.0}, "datetime": {"datetime": "2024-01-19 00:36:31", "elapsed": 1495.968737, "delta": 0.002679}}
{"target": -13.756039898082271, "params": {"gamma": 479.04268828615136, "log10_alpha": 0.06851784570649055, "log10_colsample_bytree": -0.6771964177288483, "log10_eta": -1.5841232218290657, "log10_lambda": -2.1718628541987735, "log10_min_child_weight": 3.436742929429318, "log10_subsample": -0.23106846146991467, "max_depth": 3.0, "num_boost_round": 12.0}, "datetime": {"datetime": "2024-01-19 00:36:31", "elapsed": 1495.971478, "delta": 0.002741}}
{"target": -13.756250872296365, "params": {"gamma": 479.04268828615136, "log10_alpha": 0.06851784570649055, "log10_colsample_bytree": -0.6771964177288483, "log10_eta": -1.5841232218290657, "log10_lambda": -2.1718628541987735, "log10_min_child_weight": 3.436742929429318, "log10_subsample": -0.23106846146991467, "max_depth": 3.0, "num_boost_round": 13.0}, "datetime": {"datetime": "2024-01-19 00:36:31", "elapsed": 1495.974175, "delta": 0.002697}}
{"target": -13.756190624908907, "params": {"gamma": 479.04268828615136, "log10_alpha": 0.06851784570649055, "log10_colsample_bytree": -0.6771964177288483, "log10_eta": -1.5841232218290657, "log10_lambda": -2.1718628541987735, "log10_min_child_weight": 3.436742929429318, "log10_subsample": -0.23106846146991467, "max_depth": 3.0, "num_boost_round": 14.0}, "datetime": {"datetime": "2024-01-19 00:36:31", "elapsed": 1495.977002, "delta": 0.002827}}
{"target": -13.755812737237425, "params": {"gamma": 479.04268828615136, "log10_alpha": 0.06851784570649055, "log10_colsample_bytree": -0.6771964177288483, "log10_eta": -1.5841232218290657, "log10_lambda": -2.1718628541987735, "log10_min_child_weight": 3.436742929429318, "log10_subsample": -0.23106846146991467, "max_depth": 3.0, "num_boost_round": 15.0}, "datetime": {"datetime": "2024-01-19 00:36:31", "elapsed": 1495.979808, "delta": 0.002806}}
{"target": -13.755887849990595, "params": {"gamma": 479.04268828615136, "log10_alpha": 0.06851784570649055, "log10_colsample_bytree": -0.6771964177288483, "log10_eta": -1.5841232218290657, "log10_lambda": -2.1718628541987735, "log10_min_child_weight": 3.436742929429318, "log10_subsample": -0.23106846146991467, "max_depth": 3.0, "num_boost_round": 16.0}, "datetime": {"datetime": "2024-01-19 00:36:31", "elapsed": 1495.982586, "delta": 0.002778}}
