{"target": -17.676594626374374, "params": {"gamma": 158.63218965263292, "log10_alpha": -0.40899745343463856, "log10_colsample_bytree": -0.17367342740408898, "log10_eta": -2.660213271860916, "log10_lambda": -4.720398706056338, "log10_min_child_weight": 0.05991151272974227, "log10_subsample": -0.361862653860762, "max_depth": 2.0, "num_boost_round": 11.0}, "datetime": {"datetime": "2024-01-19 00:29:01", "elapsed": 1025.797169, "delta": 0.001514}}
{"target": -17.676541205488764, "params": {"gamma": 158.63218965263292, "log10_alpha": -0.40899745343463856, "log10_colsample_bytree": -0.17367342740408898, "log10_eta": -2.660213271860916, "log10_lambda": -4.720398706056338, "log10_min_child_weight": 0.05991151272974227, "log10_subsample": -0.361862653860762, "max_depth": 2.0, "num_boost_round": 12.0}, "datetime": {"datetime": "2024-01-19 00:29:01", "elapsed": 1025.79889, "delta": 0.001721}}
{"target": -17.676489555607823, "params": {"gamma": 158.63218965263292, "log10_alpha": -0.40899745343463856, "log10_colsample_bytree": -0.17367342740408898, "log10_eta": -2.660213271860916, "log10_lambda": -4.720398706056338, "log10_min_child_weight": 0.05991151272974227, "log10_subsample": -0.361862653860762, "max_depth": 2.0, "num_boost_round": 13.0}, "datetime": {"datetime": "2024-01-19 00:29:01", "elapsed": 1025.800535, "delta": 0.001645}}
{"target": -17.676438742910893, "params": {"gamma": 158.63218965263292, "log10_alpha": -0.40899745343463856, "log10_colsample_bytree": -0.17367342740408898, "log10_eta": -2.660213271860916, "log10_lambda": -4.720398706056338, "log10_min_child_weight": 0.05991151272974227, "log10_subsample": -0.361862653860762, "max_depth": 2.0, "num_boost_round": 14.0}, "datetime": {"datetime": "2024-01-19 00:29:01", "elapsed": 1025.802268, "delta": 0.001733}}
{"target": -17.676392690945473, "params": {"gamma": 158.63218965263292, "log10_alpha": -0.40899745343463856, "log10_colsample_bytree": -0.17367342740408898, "log10_eta": -2.660213271860916, "log10_lambda": -4.720398706056338, "log10_min_child_weight": 0.05991151272974227, "log10_subsample": -0.361862653860762, "max_depth": 2.0, "num_boost_round": 15.0}, "datetime": {"datetime": "2024-01-19 00:29:01", "elapsed": 1025.803829, "delta": 0.001561}}
{"target": -17.676343038494352, "params": {"gamma": 158.63218965263292, "log10_alpha": -0.40899745343463856, "log10_colsample_bytree": -0.17367342740408898, "log10_eta": -2.660213271860916, "log10_lambda": -4.720398706056338, "log10_min_child_weight": 0.05991151272974227, "log10_subsample": -0.361862653860762, "max_depth": 2.0, "num_boost_round": 16.0}, "datetime": {"datetime": "2024-01-19 00:29:01", "elapsed": 1025.80537, "delta": 0.001541}}
{"target": -17.676287567923072, "params": {"gamma": 158.63218965263292, "log10_alpha": -0.40899745343463856, "log10_colsample_bytree": -0.17367342740408898, "log10_eta": -2.660213271860916, "log10_lambda": -4.720398706056338, "log10_min_child_weight": 0.05991151272974227, "log10_subsample": -0.361862653860762, "max_depth": 2.0, "num_boost_round": 17.0}, "datetime": {"datetime": "2024-01-19 00:29:01", "elapsed": 1025.806904, "delta": 0.001534}}
{"target": -17.67625569351357, "params": {"gamma": 158.63218965263292, "log10_alpha": -0.40899745343463856, "log10_colsample_bytree": -0.17367342740408898, "log10_eta": -2.660213271860916, "log10_lambda": -4.720398706056338, "log10_min_child_weight": 0.05991151272974227, "log10_subsample": -0.361862653860762, "max_depth": 2.0, "num_boost_round": 18.0}, "datetime": {"datetime": "2024-01-19 00:29:01", "elapsed": 1025.808456, "delta": 0.001552}}
{"target": -17.67622919281861, "params": {"gamma": 158.63218965263292, "log10_alpha": -0.40899745343463856, "log10_colsample_bytree": -0.17367342740408898, "log10_eta": -2.660213271860916, "log10_lambda": -4.720398706056338, "log10_min_child_weight": 0.05991151272974227, "log10_subsample": -0.361862653860762, "max_depth": 2.0, "num_boost_round": 19.0}, "datetime": {"datetime": "2024-01-19 00:29:01", "elapsed": 1025.810033, "delta": 0.001577}}
{"target": -17.67617331933099, "params": {"gamma": 158.63218965263292, "log10_alpha": -0.40899745343463856, "log10_colsample_bytree": -0.17367342740408898, "log10_eta": -2.660213271860916, "log10_lambda": -4.720398706056338, "log10_min_child_weight": 0.05991151272974227, "log10_subsample": -0.361862653860762, "max_depth": 2.0, "num_boost_round": 20.0}, "datetime": {"datetime": "2024-01-19 00:29:01", "elapsed": 1025.81168, "delta": 0.001647}}
{"target": -17.67612865316829, "params": {"gamma": 158.63218965263292, "log10_alpha": -0.40899745343463856, "log10_colsample_bytree": -0.17367342740408898, "log10_eta": -2.660213271860916, "log10_lambda": -4.720398706056338, "log10_min_child_weight": 0.05991151272974227, "log10_subsample": -0.361862653860762, "max_depth": 2.0, "num_boost_round": 21.0}, "datetime": {"datetime": "2024-01-19 00:29:01", "elapsed": 1025.813257, "delta": 0.001577}}
{"target": -17.676101373292546, "params": {"gamma": 158.63218965263292, "log10_alpha": -0.40899745343463856, "log10_colsample_bytree": -0.17367342740408898, "log10_eta": -2.660213271860916, "log10_lambda": -4.720398706056338, "log10_min_child_weight": 0.05991151272974227, "log10_subsample": -0.361862653860762, "max_depth": 2.0, "num_boost_round": 22.0}, "datetime": {"datetime": "2024-01-19 00:29:01", "elapsed": 1025.814844, "delta": 0.001587}}
{"target": -17.676087140551587, "params": {"gamma": 158.63218965263292, "log10_alpha": -0.40899745343463856, "log10_colsample_bytree": -0.17367342740408898, "log10_eta": -2.660213271860916, "log10_lambda": -4.720398706056338, "log10_min_child_weight": 0.05991151272974227, "log10_subsample": -0.361862653860762, "max_depth": 2.0, "num_boost_round": 23.0}, "datetime": {"datetime": "2024-01-19 00:29:01", "elapsed": 1025.816426, "delta": 0.001582}}
{"target": -17.67605618106812, "params": {"gamma": 158.63218965263292, "log10_alpha": -0.40899745343463856, "log10_colsample_bytree": -0.17367342740408898, "log10_eta": -2.660213271860916, "log10_lambda": -4.720398706056338, "log10_min_child_weight": 0.05991151272974227, "log10_subsample": -0.361862653860762, "max_depth": 2.0, "num_boost_round": 24.0}, "datetime": {"datetime": "2024-01-19 00:29:01", "elapsed": 1025.818009, "delta": 0.001583}}
{"target": -17.67601425593271, "params": {"gamma": 158.63218965263292, "log10_alpha": -0.40899745343463856, "log10_colsample_bytree": -0.17367342740408898, "log10_eta": -2.660213271860916, "log10_lambda": -4.720398706056338, "log10_min_child_weight": 0.05991151272974227, "log10_subsample": -0.361862653860762, "max_depth": 2.0, "num_boost_round": 25.0}, "datetime": {"datetime": "2024-01-19 00:29:01", "elapsed": 1025.819576, "delta": 0.001567}}
{"target": -17.675979605892977, "params": {"gamma": 158.63218965263292, "log10_alpha": -0.40899745343463856, "log10_colsample_bytree": -0.17367342740408898, "log10_eta": -2.660213271860916, "log10_lambda": -4.720398706056338, "log10_min_child_weight": 0.05991151272974227, "log10_subsample": -0.361862653860762, "max_depth": 2.0, "num_boost_round": 26.0}, "datetime": {"datetime": "2024-01-19 00:29:01", "elapsed": 1025.821163, "delta": 0.001587}}
{"target": -17.675932932657613, "params": {"gamma": 158.63218965263292, "log10_alpha": -0.40899745343463856, "log10_colsample_bytree": -0.17367342740408898, "log10_eta": -2.660213271860916, "log10_lambda": -4.720398706056338, "log10_min_child_weight": 0.05991151272974227, "log10_subsample": -0.361862653860762, "max_depth": 2.0, "num_boost_round": 27.0}, "datetime": {"datetime": "2024-01-19 00:29:01", "elapsed": 1025.822774, "delta": 0.001611}}
{"target": -17.675881217047404, "params": {"gamma": 158.63218965263292, "log10_alpha": -0.40899745343463856, "log10_colsample_bytree": -0.17367342740408898, "log10_eta": -2.660213271860916, "log10_lambda": -4.720398706056338, "log10_min_child_weight": 0.05991151272974227, "log10_subsample": -0.361862653860762, "max_depth": 2.0, "num_boost_round": 28.0}, "datetime": {"datetime": "2024-01-19 00:29:01", "elapsed": 1025.824394, "delta": 0.00162}}
{"target": -17.675840742803928, "params": {"gamma": 158.63218965263292, "log10_alpha": -0.40899745343463856, "log10_colsample_bytree": -0.17367342740408898, "log10_eta": -2.660213271860916, "log10_lambda": -4.720398706056338, "log10_min_child_weight": 0.05991151272974227, "log10_subsample": -0.361862653860762, "max_depth": 2.0, "num_boost_round": 29.0}, "datetime": {"datetime": "2024-01-19 00:29:01", "elapsed": 1025.826023, "delta": 0.001629}}
{"target": -17.67579309855045, "params": {"gamma": 158.63218965263292, "log10_alpha": -0.40899745343463856, "log10_colsample_bytree": -0.17367342740408898, "log10_eta": -2.660213271860916, "log10_lambda": -4.720398706056338, "log10_min_child_weight": 0.05991151272974227, "log10_subsample": -0.361862653860762, "max_depth": 2.0, "num_boost_round": 30.0}, "datetime": {"datetime": "2024-01-19 00:29:01", "elapsed": 1025.827601, "delta": 0.001578}}
{"target": -17.675752437347743, "params": {"gamma": 158.63218965263292, "log10_alpha": -0.40899745343463856, "log10_colsample_bytree": -0.17367342740408898, "log10_eta": -2.660213271860916, "log10_lambda": -4.720398706056338, "log10_min_child_weight": 0.05991151272974227, "log10_subsample": -0.361862653860762, "max_depth": 2.0, "num_boost_round": 31.0}, "datetime": {"datetime": "2024-01-19 00:29:01", "elapsed": 1025.829151, "delta": 0.00155}}
{"target": -17.67573215648829, "params": {"gamma": 158.63218965263292, "log10_alpha": -0.40899745343463856, "log10_colsample_bytree": -0.17367342740408898, "log10_eta": -2.660213271860916, "log10_lambda": -4.720398706056338, "log10_min_child_weight": 0.05991151272974227, "log10_subsample": -0.361862653860762, "max_depth": 2.0, "num_boost_round": 32.0}, "datetime": {"datetime": "2024-01-19 00:29:01", "elapsed": 1025.830738, "delta": 0.001587}}
{"target": -17.675656797709934, "params": {"gamma": 158.63218965263292, "log10_alpha": -0.40899745343463856, "log10_colsample_bytree": -0.17367342740408898, "log10_eta": -2.660213271860916, "log10_lambda": -4.720398706056338, "log10_min_child_weight": 0.05991151272974227, "log10_subsample": -0.361862653860762, "max_depth": 2.0, "num_boost_round": 33.0}, "datetime": {"datetime": "2024-01-19 00:29:01", "elapsed": 1025.832326, "delta": 0.001588}}
{"target": -17.675617804936273, "params": {"gamma": 158.63218965263292, "log10_alpha": -0.40899745343463856, "log10_colsample_bytree": -0.17367342740408898, "log10_eta": -2.660213271860916, "log10_lambda": -4.720398706056338, "log10_min_child_weight": 0.05991151272974227, "log10_subsample": -0.361862653860762, "max_depth": 2.0, "num_boost_round": 34.0}, "datetime": {"datetime": "2024-01-19 00:29:01", "elapsed": 1025.833929, "delta": 0.001603}}
{"target": -17.675579668316246, "params": {"gamma": 158.63218965263292, "log10_alpha": -0.40899745343463856, "log10_colsample_bytree": -0.17367342740408898, "log10_eta": -2.660213271860916, "log10_lambda": -4.720398706056338, "log10_min_child_weight": 0.05991151272974227, "log10_subsample": -0.361862653860762, "max_depth": 2.0, "num_boost_round": 35.0}, "datetime": {"datetime": "2024-01-19 00:29:01", "elapsed": 1025.835508, "delta": 0.001579}}
{"target": -17.675513550177776, "params": {"gamma": 158.63218965263292, "log10_alpha": -0.40899745343463856, "log10_colsample_bytree": -0.17367342740408898, "log10_eta": -2.660213271860916, "log10_lambda": -4.720398706056338, "log10_min_child_weight": 0.05991151272974227, "log10_subsample": -0.361862653860762, "max_depth": 2.0, "num_boost_round": 36.0}, "datetime": {"datetime": "2024-01-19 00:29:01", "elapsed": 1025.837071, "delta": 0.001563}}
{"target": -17.675482678705176, "params": {"gamma": 158.63218965263292, "log10_alpha": -0.40899745343463856, "log10_colsample_bytree": -0.17367342740408898, "log10_eta": -2.660213271860916, "log10_lambda": -4.720398706056338, "log10_min_child_weight": 0.05991151272974227, "log10_subsample": -0.361862653860762, "max_depth": 2.0, "num_boost_round": 37.0}, "datetime": {"datetime": "2024-01-19 00:29:01", "elapsed": 1025.838688, "delta": 0.001617}}
{"target": -17.67543939177097, "params": {"gamma": 158.63218965263292, "log10_alpha": -0.40899745343463856, "log10_colsample_bytree": -0.17367342740408898, "log10_eta": -2.660213271860916, "log10_lambda": -4.720398706056338, "log10_min_child_weight": 0.05991151272974227, "log10_subsample": -0.361862653860762, "max_depth": 2.0, "num_boost_round": 38.0}, "datetime": {"datetime": "2024-01-19 00:29:01", "elapsed": 1025.840301, "delta": 0.001613}}
{"target": -17.675403798560545, "params": {"gamma": 158.63218965263292, "log10_alpha": -0.40899745343463856, "log10_colsample_bytree": -0.17367342740408898, "log10_eta": -2.660213271860916, "log10_lambda": -4.720398706056338, "log10_min_child_weight": 0.05991151272974227, "log10_subsample": -0.361862653860762, "max_depth": 2.0, "num_boost_round": 39.0}, "datetime": {"datetime": "2024-01-19 00:29:01", "elapsed": 1025.841898, "delta": 0.001597}}
{"target": -17.67536787067109, "params": {"gamma": 158.63218965263292, "log10_alpha": -0.40899745343463856, "log10_colsample_bytree": -0.17367342740408898, "log10_eta": -2.660213271860916, "log10_lambda": -4.720398706056338, "log10_min_child_weight": 0.05991151272974227, "log10_subsample": -0.361862653860762, "max_depth": 2.0, "num_boost_round": 40.0}, "datetime": {"datetime": "2024-01-19 00:29:01", "elapsed": 1025.843488, "delta": 0.00159}}
{"target": -17.675334803092866, "params": {"gamma": 158.63218965263292, "log10_alpha": -0.40899745343463856, "log10_colsample_bytree": -0.17367342740408898, "log10_eta": -2.660213271860916, "log10_lambda": -4.720398706056338, "log10_min_child_weight": 0.05991151272974227, "log10_subsample": -0.361862653860762, "max_depth": 2.0, "num_boost_round": 41.0}, "datetime": {"datetime": "2024-01-19 00:29:01", "elapsed": 1025.845078, "delta": 0.00159}}
{"target": -17.677232983441815, "params": {"gamma": 171.18939522617234, "log10_alpha": 1.0, "log10_colsample_bytree": -1.0, "log10_eta": -4.0, "log10_lambda": -5.0, "log10_min_child_weight": 5.0, "log10_subsample": -1.0, "max_depth": 9.0, "num_boost_round": 0.0}, "datetime": {"datetime": "2024-01-19 00:29:26", "elapsed": 1051.079989, "delta": 25.234911}}
{"target": -17.677233000230547, "params": {"gamma": 171.18939522617234, "log10_alpha": 1.0, "log10_colsample_bytree": -1.0, "log10_eta": -4.0, "log10_lambda": -5.0, "log10_min_child_weight": 5.0, "log10_subsample": -1.0, "max_depth": 9.0, "num_boost_round": 1.0}, "datetime": {"datetime": "2024-01-19 00:29:26", "elapsed": 1051.08223, "delta": 0.002241}}
{"target": -17.677232953186675, "params": {"gamma": 171.18939522617234, "log10_alpha": 1.0, "log10_colsample_bytree": -1.0, "log10_eta": -4.0, "log10_lambda": -5.0, "log10_min_child_weight": 5.0, "log10_subsample": -1.0, "max_depth": 9.0, "num_boost_round": 2.0}, "datetime": {"datetime": "2024-01-19 00:29:26", "elapsed": 1051.084312, "delta": 0.002082}}
{"target": -17.677232989126065, "params": {"gamma": 171.18939522617234, "log10_alpha": 1.0, "log10_colsample_bytree": -1.0, "log10_eta": -4.0, "log10_lambda": -5.0, "log10_min_child_weight": 5.0, "log10_subsample": -1.0, "max_depth": 9.0, "num_boost_round": 3.0}, "datetime": {"datetime": "2024-01-19 00:29:26", "elapsed": 1051.085967, "delta": 0.001655}}
{"target": -17.677233022363684, "params": {"gamma": 171.18939522617234, "log10_alpha": 1.0, "log10_colsample_bytree": -1.0, "log10_eta": -4.0, "log10_lambda": -5.0, "log10_min_child_weight": 5.0, "log10_subsample": -1.0, "max_depth": 9.0, "num_boost_round": 4.0}, "datetime": {"datetime": "2024-01-19 00:29:26", "elapsed": 1051.088061, "delta": 0.002094}}
{"target": -17.677233004549038, "params": {"gamma": 171.18939522617234, "log10_alpha": 1.0, "log10_colsample_bytree": -1.0, "log10_eta": -4.0, "log10_lambda": -5.0, "log10_min_child_weight": 5.0, "log10_subsample": -1.0, "max_depth": 9.0, "num_boost_round": 5.0}, "datetime": {"datetime": "2024-01-19 00:29:26", "elapsed": 1051.089854, "delta": 0.001793}}
{"target": -17.67723298164724, "params": {"gamma": 171.18939522617234, "log10_alpha": 1.0, "log10_colsample_bytree": -1.0, "log10_eta": -4.0, "log10_lambda": -5.0, "log10_min_child_weight": 5.0, "log10_subsample": -1.0, "max_depth": 9.0, "num_boost_round": 6.0}, "datetime": {"datetime": "2024-01-19 00:29:26", "elapsed": 1051.091607, "delta": 0.001753}}
{"target": -17.677232999433507, "params": {"gamma": 171.18939522617234, "log10_alpha": 1.0, "log10_colsample_bytree": -1.0, "log10_eta": -4.0, "log10_lambda": -5.0, "log10_min_child_weight": 5.0, "log10_subsample": -1.0, "max_depth": 9.0, "num_boost_round": 7.0}, "datetime": {"datetime": "2024-01-19 00:29:26", "elapsed": 1051.093205, "delta": 0.001598}}
{"target": -17.677232905003272, "params": {"gamma": 171.18939522617234, "log10_alpha": 1.0, "log10_colsample_bytree": -1.0, "log10_eta": -4.0, "log10_lambda": -5.0, "log10_min_child_weight": 5.0, "log10_subsample": -1.0, "max_depth": 9.0, "num_boost_round": 8.0}, "datetime": {"datetime": "2024-01-19 00:29:26", "elapsed": 1051.094835, "delta": 0.00163}}
{"target": -17.677232930216086, "params": {"gamma": 171.18939522617234, "log10_alpha": 1.0, "log10_colsample_bytree": -1.0, "log10_eta": -4.0, "log10_lambda": -5.0, "log10_min_child_weight": 5.0, "log10_subsample": -1.0, "max_depth": 9.0, "num_boost_round": 9.0}, "datetime": {"datetime": "2024-01-19 00:29:26", "elapsed": 1051.096478, "delta": 0.001643}}
{"target": -17.67723293902759, "params": {"gamma": 171.18939522617234, "log10_alpha": 1.0, "log10_colsample_bytree": -1.0, "log10_eta": -4.0, "log10_lambda": -5.0, "log10_min_child_weight": 5.0, "log10_subsample": -1.0, "max_depth": 9.0, "num_boost_round": 10.0}, "datetime": {"datetime": "2024-01-19 00:29:26", "elapsed": 1051.098099, "delta": 0.001621}}
{"target": -17.67723290150673, "params": {"gamma": 171.18939522617234, "log10_alpha": 1.0, "log10_colsample_bytree": -1.0, "log10_eta": -4.0, "log10_lambda": -5.0, "log10_min_child_weight": 5.0, "log10_subsample": -1.0, "max_depth": 9.0, "num_boost_round": 11.0}, "datetime": {"datetime": "2024-01-19 00:29:26", "elapsed": 1051.099832, "delta": 0.001733}}
{"target": -17.677232901751005, "params": {"gamma": 171.18939522617234, "log10_alpha": 1.0, "log10_colsample_bytree": -1.0, "log10_eta": -4.0, "log10_lambda": -5.0, "log10_min_child_weight": 5.0, "log10_subsample": -1.0, "max_depth": 9.0, "num_boost_round": 12.0}, "datetime": {"datetime": "2024-01-19 00:29:26", "elapsed": 1051.101439, "delta": 0.001607}}
{"target": -17.677232905464724, "params": {"gamma": 171.18939522617234, "log10_alpha": 1.0, "log10_colsample_bytree": -1.0, "log10_eta": -4.0, "log10_lambda": -5.0, "log10_min_child_weight": 5.0, "log10_subsample": -1.0, "max_depth": 9.0, "num_boost_round": 13.0}, "datetime": {"datetime": "2024-01-19 00:29:26", "elapsed": 1051.103053, "delta": 0.001614}}
{"target": -17.67723284601014, "params": {"gamma": 171.18939522617234, "log10_alpha": 1.0, "log10_colsample_bytree": -1.0, "log10_eta": -4.0, "log10_lambda": -5.0, "log10_min_child_weight": 5.0, "log10_subsample": -1.0, "max_depth": 9.0, "num_boost_round": 14.0}, "datetime": {"datetime": "2024-01-19 00:29:26", "elapsed": 1051.104638, "delta": 0.001585}}
{"target": -17.677232840069923, "params": {"gamma": 171.18939522617234, "log10_alpha": 1.0, "log10_colsample_bytree": -1.0, "log10_eta": -4.0, "log10_lambda": -5.0, "log10_min_child_weight": 5.0, "log10_subsample": -1.0, "max_depth": 9.0, "num_boost_round": 15.0}, "datetime": {"datetime": "2024-01-19 00:29:26", "elapsed": 1051.106201, "delta": 0.001563}}
{"target": -17.677232807051844, "params": {"gamma": 171.18939522617234, "log10_alpha": 1.0, "log10_colsample_bytree": -1.0, "log10_eta": -4.0, "log10_lambda": -5.0, "log10_min_child_weight": 5.0, "log10_subsample": -1.0, "max_depth": 9.0, "num_boost_round": 16.0}, "datetime": {"datetime": "2024-01-19 00:29:26", "elapsed": 1051.107902, "delta": 0.001701}}
{"target": -17.677232818786234, "params": {"gamma": 171.18939522617234, "log10_alpha": 1.0, "log10_colsample_bytree": -1.0, "log10_eta": -4.0, "log10_lambda": -5.0, "log10_min_child_weight": 5.0, "log10_subsample": -1.0, "max_depth": 9.0, "num_boost_round": 17.0}, "datetime": {"datetime": "2024-01-19 00:29:26", "elapsed": 1051.109472, "delta": 0.00157}}
{"target": -17.67723281872951, "params": {"gamma": 171.18939522617234, "log10_alpha": 1.0, "log10_colsample_bytree": -1.0, "log10_eta": -4.0, "log10_lambda": -5.0, "log10_min_child_weight": 5.0, "log10_subsample": -1.0, "max_depth": 9.0, "num_boost_round": 18.0}, "datetime": {"datetime": "2024-01-19 00:29:26", "elapsed": 1051.111044, "delta": 0.001572}}
{"target": -17.67723290541326, "params": {"gamma": 171.18939522617234, "log10_alpha": 1.0, "log10_colsample_bytree": -1.0, "log10_eta": -4.0, "log10_lambda": -5.0, "log10_min_child_weight": 5.0, "log10_subsample": -1.0, "max_depth": 9.0, "num_boost_round": 19.0}, "datetime": {"datetime": "2024-01-19 00:29:26", "elapsed": 1051.112619, "delta": 0.001575}}
{"target": -17.677231574640953, "params": {"gamma": 151.40049567251646, "log10_alpha": -2.8892669428889253, "log10_colsample_bytree": -0.8812118184796242, "log10_eta": -3.9186987653002805, "log10_lambda": -2.264707713050681, "log10_min_child_weight": 3.8516302388166306, "log10_subsample": -0.7067440174184648, "max_depth": 9.0, "num_boost_round": 0.0}, "datetime": {"datetime": "2024-01-19 00:30:05", "elapsed": 1090.205472, "delta": 39.092853}}
{"target": -17.67723030313129, "params": {"gamma": 151.40049567251646, "log10_alpha": -2.8892669428889253, "log10_colsample_bytree": -0.8812118184796242, "log10_eta": -3.9186987653002805, "log10_lambda": -2.264707713050681, "log10_min_child_weight": 3.8516302388166306, "log10_subsample": -0.7067440174184648, "max_depth": 9.0, "num_boost_round": 1.0}, "datetime": {"datetime": "2024-01-19 00:30:05", "elapsed": 1090.207951, "delta": 0.002479}}
