{"target": -13.758230344770581, "params": {"gamma": 28.249829190878593, "log10_alpha": -3.588232120467782, "log10_colsample_bytree": -0.6590509277667536, "log10_eta": -2.270954220486189, "log10_lambda": 0.8190610621879788, "log10_min_child_weight": 3.36758816699873, "log10_subsample": -0.5754834494469708, "max_depth": 2.0, "num_boost_round": 9.0}, "datetime": {"datetime": "2024-01-19 00:48:50", "elapsed": 2238.313128, "delta": 0.002302}}
{"target": -13.758134812583656, "params": {"gamma": 28.249829190878593, "log10_alpha": -3.588232120467782, "log10_colsample_bytree": -0.6590509277667536, "log10_eta": -2.270954220486189, "log10_lambda": 0.8190610621879788, "log10_min_child_weight": 3.36758816699873, "log10_subsample": -0.5754834494469708, "max_depth": 2.0, "num_boost_round": 10.0}, "datetime": {"datetime": "2024-01-19 00:48:50", "elapsed": 2238.315474, "delta": 0.002346}}
{"target": -13.758096663839467, "params": {"gamma": 28.249829190878593, "log10_alpha": -3.588232120467782, "log10_colsample_bytree": -0.6590509277667536, "log10_eta": -2.270954220486189, "log10_lambda": 0.8190610621879788, "log10_min_child_weight": 3.36758816699873, "log10_subsample": -0.5754834494469708, "max_depth": 2.0, "num_boost_round": 11.0}, "datetime": {"datetime": "2024-01-19 00:48:50", "elapsed": 2238.317767, "delta": 0.002293}}
{"target": -13.758054441129879, "params": {"gamma": 28.249829190878593, "log10_alpha": -3.588232120467782, "log10_colsample_bytree": -0.6590509277667536, "log10_eta": -2.270954220486189, "log10_lambda": 0.8190610621879788, "log10_min_child_weight": 3.36758816699873, "log10_subsample": -0.5754834494469708, "max_depth": 2.0, "num_boost_round": 12.0}, "datetime": {"datetime": "2024-01-19 00:48:50", "elapsed": 2238.320092, "delta": 0.002325}}
{"target": -13.758055540854045, "params": {"gamma": 28.249829190878593, "log10_alpha": -3.588232120467782, "log10_colsample_bytree": -0.6590509277667536, "log10_eta": -2.270954220486189, "log10_lambda": 0.8190610621879788, "log10_min_child_weight": 3.36758816699873, "log10_subsample": -0.5754834494469708, "max_depth": 2.0, "num_boost_round": 13.0}, "datetime": {"datetime": "2024-01-19 00:48:50", "elapsed": 2238.32241, "delta": 0.002318}}
{"target": -13.758026846295632, "params": {"gamma": 28.249829190878593, "log10_alpha": -3.588232120467782, "log10_colsample_bytree": -0.6590509277667536, "log10_eta": -2.270954220486189, "log10_lambda": 0.8190610621879788, "log10_min_child_weight": 3.36758816699873, "log10_subsample": -0.5754834494469708, "max_depth": 2.0, "num_boost_round": 14.0}, "datetime": {"datetime": "2024-01-19 00:48:50", "elapsed": 2238.324713, "delta": 0.002303}}
{"target": -13.757955842979449, "params": {"gamma": 28.249829190878593, "log10_alpha": -3.588232120467782, "log10_colsample_bytree": -0.6590509277667536, "log10_eta": -2.270954220486189, "log10_lambda": 0.8190610621879788, "log10_min_child_weight": 3.36758816699873, "log10_subsample": -0.5754834494469708, "max_depth": 2.0, "num_boost_round": 15.0}, "datetime": {"datetime": "2024-01-19 00:48:50", "elapsed": 2238.327019, "delta": 0.002306}}
{"target": -13.757976022546423, "params": {"gamma": 28.249829190878593, "log10_alpha": -3.588232120467782, "log10_colsample_bytree": -0.6590509277667536, "log10_eta": -2.270954220486189, "log10_lambda": 0.8190610621879788, "log10_min_child_weight": 3.36758816699873, "log10_subsample": -0.5754834494469708, "max_depth": 2.0, "num_boost_round": 16.0}, "datetime": {"datetime": "2024-01-19 00:48:50", "elapsed": 2238.329393, "delta": 0.002374}}
{"target": -13.757921671701007, "params": {"gamma": 28.249829190878593, "log10_alpha": -3.588232120467782, "log10_colsample_bytree": -0.6590509277667536, "log10_eta": -2.270954220486189, "log10_lambda": 0.8190610621879788, "log10_min_child_weight": 3.36758816699873, "log10_subsample": -0.5754834494469708, "max_depth": 2.0, "num_boost_round": 17.0}, "datetime": {"datetime": "2024-01-19 00:48:50", "elapsed": 2238.331751, "delta": 0.002358}}
{"target": -13.757925003247339, "params": {"gamma": 28.249829190878593, "log10_alpha": -3.588232120467782, "log10_colsample_bytree": -0.6590509277667536, "log10_eta": -2.270954220486189, "log10_lambda": 0.8190610621879788, "log10_min_child_weight": 3.36758816699873, "log10_subsample": -0.5754834494469708, "max_depth": 2.0, "num_boost_round": 18.0}, "datetime": {"datetime": "2024-01-19 00:48:50", "elapsed": 2238.334083, "delta": 0.002332}}
{"target": -13.757858307341023, "params": {"gamma": 28.249829190878593, "log10_alpha": -3.588232120467782, "log10_colsample_bytree": -0.6590509277667536, "log10_eta": -2.270954220486189, "log10_lambda": 0.8190610621879788, "log10_min_child_weight": 3.36758816699873, "log10_subsample": -0.5754834494469708, "max_depth": 2.0, "num_boost_round": 19.0}, "datetime": {"datetime": "2024-01-19 00:48:50", "elapsed": 2238.336456, "delta": 0.002373}}
{"target": -13.836181004922345, "params": {"gamma": 45.78695466639526, "log10_alpha": -4.731928620808134, "log10_colsample_bytree": -0.05200285516220282, "log10_eta": -0.09230075601305243, "log10_lambda": -2.220127183230635, "log10_min_child_weight": 3.330740817591844, "log10_subsample": -0.5494530353443117, "max_depth": 9.0, "num_boost_round": 0.0}, "datetime": {"datetime": "2024-01-19 00:49:15", "elapsed": 2263.882679, "delta": 25.546223}}
{"target": -13.894975890981895, "params": {"gamma": 45.78695466639526, "log10_alpha": -4.731928620808134, "log10_colsample_bytree": -0.05200285516220282, "log10_eta": -0.09230075601305243, "log10_lambda": -2.220127183230635, "log10_min_child_weight": 3.330740817591844, "log10_subsample": -0.5494530353443117, "max_depth": 9.0, "num_boost_round": 1.0}, "datetime": {"datetime": "2024-01-19 00:49:15", "elapsed": 2263.885887, "delta": 0.003208}}
{"target": -13.976082747500637, "params": {"gamma": 45.78695466639526, "log10_alpha": -4.731928620808134, "log10_colsample_bytree": -0.05200285516220282, "log10_eta": -0.09230075601305243, "log10_lambda": -2.220127183230635, "log10_min_child_weight": 3.330740817591844, "log10_subsample": -0.5494530353443117, "max_depth": 9.0, "num_boost_round": 2.0}, "datetime": {"datetime": "2024-01-19 00:49:15", "elapsed": 2263.88848, "delta": 0.002593}}
{"target": -13.991671601140759, "params": {"gamma": 45.78695466639526, "log10_alpha": -4.731928620808134, "log10_colsample_bytree": -0.05200285516220282, "log10_eta": -0.09230075601305243, "log10_lambda": -2.220127183230635, "log10_min_child_weight": 3.330740817591844, "log10_subsample": -0.5494530353443117, "max_depth": 9.0, "num_boost_round": 3.0}, "datetime": {"datetime": "2024-01-19 00:49:15", "elapsed": 2263.89089, "delta": 0.00241}}
{"target": -14.075945123467756, "params": {"gamma": 45.78695466639526, "log10_alpha": -4.731928620808134, "log10_colsample_bytree": -0.05200285516220282, "log10_eta": -0.09230075601305243, "log10_lambda": -2.220127183230635, "log10_min_child_weight": 3.330740817591844, "log10_subsample": -0.5494530353443117, "max_depth": 9.0, "num_boost_round": 4.0}, "datetime": {"datetime": "2024-01-19 00:49:15", "elapsed": 2263.893472, "delta": 0.002582}}
{"target": -14.095208858129775, "params": {"gamma": 45.78695466639526, "log10_alpha": -4.731928620808134, "log10_colsample_bytree": -0.05200285516220282, "log10_eta": -0.09230075601305243, "log10_lambda": -2.220127183230635, "log10_min_child_weight": 3.330740817591844, "log10_subsample": -0.5494530353443117, "max_depth": 9.0, "num_boost_round": 5.0}, "datetime": {"datetime": "2024-01-19 00:49:15", "elapsed": 2263.895811, "delta": 0.002339}}
{"target": -14.126079560937962, "params": {"gamma": 45.78695466639526, "log10_alpha": -4.731928620808134, "log10_colsample_bytree": -0.05200285516220282, "log10_eta": -0.09230075601305243, "log10_lambda": -2.220127183230635, "log10_min_child_weight": 3.330740817591844, "log10_subsample": -0.5494530353443117, "max_depth": 9.0, "num_boost_round": 6.0}, "datetime": {"datetime": "2024-01-19 00:49:15", "elapsed": 2263.898114, "delta": 0.002303}}
{"target": -14.135083165138521, "params": {"gamma": 45.78695466639526, "log10_alpha": -4.731928620808134, "log10_colsample_bytree": -0.05200285516220282, "log10_eta": -0.09230075601305243, "log10_lambda": -2.220127183230635, "log10_min_child_weight": 3.330740817591844, "log10_subsample": -0.5494530353443117, "max_depth": 9.0, "num_boost_round": 7.0}, "datetime": {"datetime": "2024-01-19 00:49:15", "elapsed": 2263.900424, "delta": 0.00231}}
{"target": -14.181948521595611, "params": {"gamma": 45.78695466639526, "log10_alpha": -4.731928620808134, "log10_colsample_bytree": -0.05200285516220282, "log10_eta": -0.09230075601305243, "log10_lambda": -2.220127183230635, "log10_min_child_weight": 3.330740817591844, "log10_subsample": -0.5494530353443117, "max_depth": 9.0, "num_boost_round": 8.0}, "datetime": {"datetime": "2024-01-19 00:49:15", "elapsed": 2263.902747, "delta": 0.002323}}
{"target": -14.212947602886482, "params": {"gamma": 45.78695466639526, "log10_alpha": -4.731928620808134, "log10_colsample_bytree": -0.05200285516220282, "log10_eta": -0.09230075601305243, "log10_lambda": -2.220127183230635, "log10_min_child_weight": 3.330740817591844, "log10_subsample": -0.5494530353443117, "max_depth": 9.0, "num_boost_round": 9.0}, "datetime": {"datetime": "2024-01-19 00:49:15", "elapsed": 2263.905056, "delta": 0.002309}}
{"target": -14.247189372903485, "params": {"gamma": 45.78695466639526, "log10_alpha": -4.731928620808134, "log10_colsample_bytree": -0.05200285516220282, "log10_eta": -0.09230075601305243, "log10_lambda": -2.220127183230635, "log10_min_child_weight": 3.330740817591844, "log10_subsample": -0.5494530353443117, "max_depth": 9.0, "num_boost_round": 10.0}, "datetime": {"datetime": "2024-01-19 00:49:15", "elapsed": 2263.907369, "delta": 0.002313}}
{"target": -13.758504854029502, "params": {"gamma": 29.185970700940977, "log10_alpha": 0.8153759905995663, "log10_colsample_bytree": -0.8131298454796293, "log10_eta": -3.0964230512339137, "log10_lambda": -3.7219366152153572, "log10_min_child_weight": 2.636171045147853, "log10_subsample": -0.5105345743121802, "max_depth": 7.0, "num_boost_round": 0.0}, "datetime": {"datetime": "2024-01-19 00:49:47", "elapsed": 2295.464208, "delta": 31.556839}}
{"target": -13.758515472362669, "params": {"gamma": 29.185970700940977, "log10_alpha": 0.8153759905995663, "log10_colsample_bytree": -0.8131298454796293, "log10_eta": -3.0964230512339137, "log10_lambda": -3.7219366152153572, "log10_min_child_weight": 2.636171045147853, "log10_subsample": -0.5105345743121802, "max_depth": 7.0, "num_boost_round": 1.0}, "datetime": {"datetime": "2024-01-19 00:49:47", "elapsed": 2295.467237, "delta": 0.003029}}
{"target": -13.758486315067778, "params": {"gamma": 29.185970700940977, "log10_alpha": 0.8153759905995663, "log10_colsample_bytree": -0.8131298454796293, "log10_eta": -3.0964230512339137, "log10_lambda": -3.7219366152153572, "log10_min_child_weight": 2.636171045147853, "log10_subsample": -0.5105345743121802, "max_depth": 7.0, "num_boost_round": 2.0}, "datetime": {"datetime": "2024-01-19 00:49:47", "elapsed": 2295.470267, "delta": 0.00303}}
{"target": -13.758476356355692, "params": {"gamma": 29.185970700940977, "log10_alpha": 0.8153759905995663, "log10_colsample_bytree": -0.8131298454796293, "log10_eta": -3.0964230512339137, "log10_lambda": -3.7219366152153572, "log10_min_child_weight": 2.636171045147853, "log10_subsample": -0.5105345743121802, "max_depth": 7.0, "num_boost_round": 3.0}, "datetime": {"datetime": "2024-01-19 00:49:47", "elapsed": 2295.472609, "delta": 0.002342}}
{"target": -13.758470859845534, "params": {"gamma": 29.185970700940977, "log10_alpha": 0.8153759905995663, "log10_colsample_bytree": -0.8131298454796293, "log10_eta": -3.0964230512339137, "log10_lambda": -3.7219366152153572, "log10_min_child_weight": 2.636171045147853, "log10_subsample": -0.5105345743121802, "max_depth": 7.0, "num_boost_round": 4.0}, "datetime": {"datetime": "2024-01-19 00:49:47", "elapsed": 2295.475172, "delta": 0.002563}}
{"target": -13.75846536327676, "params": {"gamma": 29.185970700940977, "log10_alpha": 0.8153759905995663, "log10_colsample_bytree": -0.8131298454796293, "log10_eta": -3.0964230512339137, "log10_lambda": -3.7219366152153572, "log10_min_child_weight": 2.636171045147853, "log10_subsample": -0.5105345743121802, "max_depth": 7.0, "num_boost_round": 5.0}, "datetime": {"datetime": "2024-01-19 00:49:47", "elapsed": 2295.477493, "delta": 0.002321}}
{"target": -13.758467417246408, "params": {"gamma": 29.185970700940977, "log10_alpha": 0.8153759905995663, "log10_colsample_bytree": -0.8131298454796293, "log10_eta": -3.0964230512339137, "log10_lambda": -3.7219366152153572, "log10_min_child_weight": 2.636171045147853, "log10_subsample": -0.5105345743121802, "max_depth": 7.0, "num_boost_round": 6.0}, "datetime": {"datetime": "2024-01-19 00:49:47", "elapsed": 2295.479834, "delta": 0.002341}}
{"target": -13.758430951883566, "params": {"gamma": 29.185970700940977, "log10_alpha": 0.8153759905995663, "log10_colsample_bytree": -0.8131298454796293, "log10_eta": -3.0964230512339137, "log10_lambda": -3.7219366152153572, "log10_min_child_weight": 2.636171045147853, "log10_subsample": -0.5105345743121802, "max_depth": 7.0, "num_boost_round": 7.0}, "datetime": {"datetime": "2024-01-19 00:49:47", "elapsed": 2295.482155, "delta": 0.002321}}
{"target": -13.758431886474547, "params": {"gamma": 29.185970700940977, "log10_alpha": 0.8153759905995663, "log10_colsample_bytree": -0.8131298454796293, "log10_eta": -3.0964230512339137, "log10_lambda": -3.7219366152153572, "log10_min_child_weight": 2.636171045147853, "log10_subsample": -0.5105345743121802, "max_depth": 7.0, "num_boost_round": 8.0}, "datetime": {"datetime": "2024-01-19 00:49:47", "elapsed": 2295.484525, "delta": 0.00237}}
{"target": -13.758433510013084, "params": {"gamma": 29.185970700940977, "log10_alpha": 0.8153759905995663, "log10_colsample_bytree": -0.8131298454796293, "log10_eta": -3.0964230512339137, "log10_lambda": -3.7219366152153572, "log10_min_child_weight": 2.636171045147853, "log10_subsample": -0.5105345743121802, "max_depth": 7.0, "num_boost_round": 9.0}, "datetime": {"datetime": "2024-01-19 00:49:47", "elapsed": 2295.486828, "delta": 0.002303}}
{"target": -13.75840927288251, "params": {"gamma": 29.185970700940977, "log10_alpha": 0.8153759905995663, "log10_colsample_bytree": -0.8131298454796293, "log10_eta": -3.0964230512339137, "log10_lambda": -3.7219366152153572, "log10_min_child_weight": 2.636171045147853, "log10_subsample": -0.5105345743121802, "max_depth": 7.0, "num_boost_round": 10.0}, "datetime": {"datetime": "2024-01-19 00:49:47", "elapsed": 2295.489333, "delta": 0.002505}}
{"target": -13.75840610729367, "params": {"gamma": 29.185970700940977, "log10_alpha": 0.8153759905995663, "log10_colsample_bytree": -0.8131298454796293, "log10_eta": -3.0964230512339137, "log10_lambda": -3.7219366152153572, "log10_min_child_weight": 2.636171045147853, "log10_subsample": -0.5105345743121802, "max_depth": 7.0, "num_boost_round": 11.0}, "datetime": {"datetime": "2024-01-19 00:49:47", "elapsed": 2295.491883, "delta": 0.00255}}
{"target": -13.75839940907892, "params": {"gamma": 29.185970700940977, "log10_alpha": 0.8153759905995663, "log10_colsample_bytree": -0.8131298454796293, "log10_eta": -3.0964230512339137, "log10_lambda": -3.7219366152153572, "log10_min_child_weight": 2.636171045147853, "log10_subsample": -0.5105345743121802, "max_depth": 7.0, "num_boost_round": 12.0}, "datetime": {"datetime": "2024-01-19 00:49:47", "elapsed": 2295.494352, "delta": 0.002469}}
{"target": -13.758361027798017, "params": {"gamma": 29.185970700940977, "log10_alpha": 0.8153759905995663, "log10_colsample_bytree": -0.8131298454796293, "log10_eta": -3.0964230512339137, "log10_lambda": -3.7219366152153572, "log10_min_child_weight": 2.636171045147853, "log10_subsample": -0.5105345743121802, "max_depth": 7.0, "num_boost_round": 13.0}, "datetime": {"datetime": "2024-01-19 00:49:47", "elapsed": 2295.496828, "delta": 0.002476}}
{"target": -13.75834262781257, "params": {"gamma": 29.185970700940977, "log10_alpha": 0.8153759905995663, "log10_colsample_bytree": -0.8131298454796293, "log10_eta": -3.0964230512339137, "log10_lambda": -3.7219366152153572, "log10_min_child_weight": 2.636171045147853, "log10_subsample": -0.5105345743121802, "max_depth": 7.0, "num_boost_round": 14.0}, "datetime": {"datetime": "2024-01-19 00:49:47", "elapsed": 2295.49919, "delta": 0.002362}}
{"target": -13.75830720037451, "params": {"gamma": 29.185970700940977, "log10_alpha": 0.8153759905995663, "log10_colsample_bytree": -0.8131298454796293, "log10_eta": -3.0964230512339137, "log10_lambda": -3.7219366152153572, "log10_min_child_weight": 2.636171045147853, "log10_subsample": -0.5105345743121802, "max_depth": 7.0, "num_boost_round": 15.0}, "datetime": {"datetime": "2024-01-19 00:49:47", "elapsed": 2295.501498, "delta": 0.002308}}
{"target": -13.758303505793272, "params": {"gamma": 29.185970700940977, "log10_alpha": 0.8153759905995663, "log10_colsample_bytree": -0.8131298454796293, "log10_eta": -3.0964230512339137, "log10_lambda": -3.7219366152153572, "log10_min_child_weight": 2.636171045147853, "log10_subsample": -0.5105345743121802, "max_depth": 7.0, "num_boost_round": 16.0}, "datetime": {"datetime": "2024-01-19 00:49:47", "elapsed": 2295.50384, "delta": 0.002342}}
{"target": -13.758299557097535, "params": {"gamma": 29.185970700940977, "log10_alpha": 0.8153759905995663, "log10_colsample_bytree": -0.8131298454796293, "log10_eta": -3.0964230512339137, "log10_lambda": -3.7219366152153572, "log10_min_child_weight": 2.636171045147853, "log10_subsample": -0.5105345743121802, "max_depth": 7.0, "num_boost_round": 17.0}, "datetime": {"datetime": "2024-01-19 00:49:47", "elapsed": 2295.50617, "delta": 0.00233}}
{"target": -13.758294729112617, "params": {"gamma": 29.185970700940977, "log10_alpha": 0.8153759905995663, "log10_colsample_bytree": -0.8131298454796293, "log10_eta": -3.0964230512339137, "log10_lambda": -3.7219366152153572, "log10_min_child_weight": 2.636171045147853, "log10_subsample": -0.5105345743121802, "max_depth": 7.0, "num_boost_round": 18.0}, "datetime": {"datetime": "2024-01-19 00:49:47", "elapsed": 2295.508571, "delta": 0.002401}}
{"target": -13.758537711850389, "params": {"gamma": 9.542766706981054, "log10_alpha": -1.870728214225128, "log10_colsample_bytree": 0.0, "log10_eta": -4.0, "log10_lambda": -4.913226555687568, "log10_min_child_weight": 0.4243544164502358, "log10_subsample": -0.08650381989000104, "max_depth": 6.0, "num_boost_round": 0.0}, "datetime": {"datetime": "2024-01-19 00:50:18", "elapsed": 2326.362481, "delta": 30.85391}}
{"target": -13.75853641249347, "params": {"gamma": 9.542766706981054, "log10_alpha": -1.870728214225128, "log10_colsample_bytree": 0.0, "log10_eta": -4.0, "log10_lambda": -4.913226555687568, "log10_min_child_weight": 0.4243544164502358, "log10_subsample": -0.08650381989000104, "max_depth": 6.0, "num_boost_round": 1.0}, "datetime": {"datetime": "2024-01-19 00:50:18", "elapsed": 2326.36531, "delta": 0.002829}}
{"target": -13.758537000748296, "params": {"gamma": 9.542766706981054, "log10_alpha": -1.870728214225128, "log10_colsample_bytree": 0.0, "log10_eta": -4.0, "log10_lambda": -4.913226555687568, "log10_min_child_weight": 0.4243544164502358, "log10_subsample": -0.08650381989000104, "max_depth": 6.0, "num_boost_round": 2.0}, "datetime": {"datetime": "2024-01-19 00:50:18", "elapsed": 2326.367827, "delta": 0.002517}}
{"target": -13.75853554898446, "params": {"gamma": 9.542766706981054, "log10_alpha": -1.870728214225128, "log10_colsample_bytree": 0.0, "log10_eta": -4.0, "log10_lambda": -4.913226555687568, "log10_min_child_weight": 0.4243544164502358, "log10_subsample": -0.08650381989000104, "max_depth": 6.0, "num_boost_round": 3.0}, "datetime": {"datetime": "2024-01-19 00:50:18", "elapsed": 2326.370318, "delta": 0.002491}}
{"target": -13.758534758397674, "params": {"gamma": 9.542766706981054, "log10_alpha": -1.870728214225128, "log10_colsample_bytree": 0.0, "log10_eta": -4.0, "log10_lambda": -4.913226555687568, "log10_min_child_weight": 0.4243544164502358, "log10_subsample": -0.08650381989000104, "max_depth": 6.0, "num_boost_round": 4.0}, "datetime": {"datetime": "2024-01-19 00:50:18", "elapsed": 2326.372699, "delta": 0.002381}}
{"target": -13.758533881849928, "params": {"gamma": 9.542766706981054, "log10_alpha": -1.870728214225128, "log10_colsample_bytree": 0.0, "log10_eta": -4.0, "log10_lambda": -4.913226555687568, "log10_min_child_weight": 0.4243544164502358, "log10_subsample": -0.08650381989000104, "max_depth": 6.0, "num_boost_round": 5.0}, "datetime": {"datetime": "2024-01-19 00:50:18", "elapsed": 2326.375051, "delta": 0.002352}}
{"target": -13.758533182594524, "params": {"gamma": 9.542766706981054, "log10_alpha": -1.870728214225128, "log10_colsample_bytree": 0.0, "log10_eta": -4.0, "log10_lambda": -4.913226555687568, "log10_min_child_weight": 0.4243544164502358, "log10_subsample": -0.08650381989000104, "max_depth": 6.0, "num_boost_round": 6.0}, "datetime": {"datetime": "2024-01-19 00:50:18", "elapsed": 2326.377536, "delta": 0.002485}}
{"target": -13.758533774711042, "params": {"gamma": 9.542766706981054, "log10_alpha": -1.870728214225128, "log10_colsample_bytree": 0.0, "log10_eta": -4.0, "log10_lambda": -4.913226555687568, "log10_min_child_weight": 0.4243544164502358, "log10_subsample": -0.08650381989000104, "max_depth": 6.0, "num_boost_round": 7.0}, "datetime": {"datetime": "2024-01-19 00:50:18", "elapsed": 2326.379846, "delta": 0.00231}}
{"target": -13.758532856117368, "params": {"gamma": 9.542766706981054, "log10_alpha": -1.870728214225128, "log10_colsample_bytree": 0.0, "log10_eta": -4.0, "log10_lambda": -4.913226555687568, "log10_min_child_weight": 0.4243544164502358, "log10_subsample": -0.08650381989000104, "max_depth": 6.0, "num_boost_round": 8.0}, "datetime": {"datetime": "2024-01-19 00:50:18", "elapsed": 2326.382183, "delta": 0.002337}}
