{"target": -17.677228782682196, "params": {"gamma": 445.2372688557463, "log10_alpha": -4.722139234632895, "log10_colsample_bytree": -0.6806071625394543, "log10_eta": -3.7099624967313165, "log10_lambda": 0.6858125543863371, "log10_min_child_weight": 4.977362935904436, "log10_subsample": -0.5026480750310176, "max_depth": 3.0, "num_boost_round": 7.0}, "datetime": {"datetime": "2024-01-19 00:31:31", "elapsed": 1196.021373, "delta": 0.001303}}
{"target": -17.6772278815576, "params": {"gamma": 445.2372688557463, "log10_alpha": -4.722139234632895, "log10_colsample_bytree": -0.6806071625394543, "log10_eta": -3.7099624967313165, "log10_lambda": 0.6858125543863371, "log10_min_child_weight": 4.977362935904436, "log10_subsample": -0.5026480750310176, "max_depth": 3.0, "num_boost_round": 8.0}, "datetime": {"datetime": "2024-01-19 00:31:31", "elapsed": 1196.022664, "delta": 0.001291}}
{"target": -17.67722517128258, "params": {"gamma": 445.2372688557463, "log10_alpha": -4.722139234632895, "log10_colsample_bytree": -0.6806071625394543, "log10_eta": -3.7099624967313165, "log10_lambda": 0.6858125543863371, "log10_min_child_weight": 4.977362935904436, "log10_subsample": -0.5026480750310176, "max_depth": 3.0, "num_boost_round": 9.0}, "datetime": {"datetime": "2024-01-19 00:31:31", "elapsed": 1196.023929, "delta": 0.001265}}
{"target": -17.67722396681326, "params": {"gamma": 445.2372688557463, "log10_alpha": -4.722139234632895, "log10_colsample_bytree": -0.6806071625394543, "log10_eta": -3.7099624967313165, "log10_lambda": 0.6858125543863371, "log10_min_child_weight": 4.977362935904436, "log10_subsample": -0.5026480750310176, "max_depth": 3.0, "num_boost_round": 10.0}, "datetime": {"datetime": "2024-01-19 00:31:31", "elapsed": 1196.025194, "delta": 0.001265}}
{"target": -17.67722247450775, "params": {"gamma": 445.2372688557463, "log10_alpha": -4.722139234632895, "log10_colsample_bytree": -0.6806071625394543, "log10_eta": -3.7099624967313165, "log10_lambda": 0.6858125543863371, "log10_min_child_weight": 4.977362935904436, "log10_subsample": -0.5026480750310176, "max_depth": 3.0, "num_boost_round": 11.0}, "datetime": {"datetime": "2024-01-19 00:31:31", "elapsed": 1196.026459, "delta": 0.001265}}
{"target": -17.677220796654154, "params": {"gamma": 445.2372688557463, "log10_alpha": -4.722139234632895, "log10_colsample_bytree": -0.6806071625394543, "log10_eta": -3.7099624967313165, "log10_lambda": 0.6858125543863371, "log10_min_child_weight": 4.977362935904436, "log10_subsample": -0.5026480750310176, "max_depth": 3.0, "num_boost_round": 12.0}, "datetime": {"datetime": "2024-01-19 00:31:31", "elapsed": 1196.027764, "delta": 0.001305}}
{"target": -17.67722112828573, "params": {"gamma": 445.2372688557463, "log10_alpha": -4.722139234632895, "log10_colsample_bytree": -0.6806071625394543, "log10_eta": -3.7099624967313165, "log10_lambda": 0.6858125543863371, "log10_min_child_weight": 4.977362935904436, "log10_subsample": -0.5026480750310176, "max_depth": 3.0, "num_boost_round": 13.0}, "datetime": {"datetime": "2024-01-19 00:31:31", "elapsed": 1196.029028, "delta": 0.001264}}
{"target": -17.677221224111005, "params": {"gamma": 445.2372688557463, "log10_alpha": -4.722139234632895, "log10_colsample_bytree": -0.6806071625394543, "log10_eta": -3.7099624967313165, "log10_lambda": 0.6858125543863371, "log10_min_child_weight": 4.977362935904436, "log10_subsample": -0.5026480750310176, "max_depth": 3.0, "num_boost_round": 14.0}, "datetime": {"datetime": "2024-01-19 00:31:31", "elapsed": 1196.030302, "delta": 0.001274}}
{"target": -17.67722029140247, "params": {"gamma": 445.2372688557463, "log10_alpha": -4.722139234632895, "log10_colsample_bytree": -0.6806071625394543, "log10_eta": -3.7099624967313165, "log10_lambda": 0.6858125543863371, "log10_min_child_weight": 4.977362935904436, "log10_subsample": -0.5026480750310176, "max_depth": 3.0, "num_boost_round": 15.0}, "datetime": {"datetime": "2024-01-19 00:31:31", "elapsed": 1196.031633, "delta": 0.001331}}
{"target": -17.677218460838294, "params": {"gamma": 445.2372688557463, "log10_alpha": -4.722139234632895, "log10_colsample_bytree": -0.6806071625394543, "log10_eta": -3.7099624967313165, "log10_lambda": 0.6858125543863371, "log10_min_child_weight": 4.977362935904436, "log10_subsample": -0.5026480750310176, "max_depth": 3.0, "num_boost_round": 16.0}, "datetime": {"datetime": "2024-01-19 00:31:31", "elapsed": 1196.032904, "delta": 0.001271}}
{"target": -17.67721667436902, "params": {"gamma": 445.2372688557463, "log10_alpha": -4.722139234632895, "log10_colsample_bytree": -0.6806071625394543, "log10_eta": -3.7099624967313165, "log10_lambda": 0.6858125543863371, "log10_min_child_weight": 4.977362935904436, "log10_subsample": -0.5026480750310176, "max_depth": 3.0, "num_boost_round": 17.0}, "datetime": {"datetime": "2024-01-19 00:31:31", "elapsed": 1196.034282, "delta": 0.001378}}
{"target": -17.677213872101078, "params": {"gamma": 445.2372688557463, "log10_alpha": -4.722139234632895, "log10_colsample_bytree": -0.6806071625394543, "log10_eta": -3.7099624967313165, "log10_lambda": 0.6858125543863371, "log10_min_child_weight": 4.977362935904436, "log10_subsample": -0.5026480750310176, "max_depth": 3.0, "num_boost_round": 18.0}, "datetime": {"datetime": "2024-01-19 00:31:31", "elapsed": 1196.035555, "delta": 0.001273}}
{"target": -17.677211537262348, "params": {"gamma": 445.2372688557463, "log10_alpha": -4.722139234632895, "log10_colsample_bytree": -0.6806071625394543, "log10_eta": -3.7099624967313165, "log10_lambda": 0.6858125543863371, "log10_min_child_weight": 4.977362935904436, "log10_subsample": -0.5026480750310176, "max_depth": 3.0, "num_boost_round": 19.0}, "datetime": {"datetime": "2024-01-19 00:31:31", "elapsed": 1196.036876, "delta": 0.001321}}
{"target": -17.67700340620655, "params": {"gamma": 429.81252940654826, "log10_alpha": 0.7237079634630259, "log10_colsample_bytree": -0.6267406104769149, "log10_eta": -2.3509780148926445, "log10_lambda": -3.400804629874408, "log10_min_child_weight": 1.0600730294698564, "log10_subsample": -0.8125621774466828, "max_depth": 7.0, "num_boost_round": 0.0}, "datetime": {"datetime": "2024-01-19 00:31:58", "elapsed": 1223.074877, "delta": 27.038001}}
{"target": -17.67679139463502, "params": {"gamma": 429.81252940654826, "log10_alpha": 0.7237079634630259, "log10_colsample_bytree": -0.6267406104769149, "log10_eta": -2.3509780148926445, "log10_lambda": -3.400804629874408, "log10_min_child_weight": 1.0600730294698564, "log10_subsample": -0.8125621774466828, "max_depth": 7.0, "num_boost_round": 1.0}, "datetime": {"datetime": "2024-01-19 00:31:58", "elapsed": 1223.076588, "delta": 0.001711}}
{"target": -17.676533424600755, "params": {"gamma": 429.81252940654826, "log10_alpha": 0.7237079634630259, "log10_colsample_bytree": -0.6267406104769149, "log10_eta": -2.3509780148926445, "log10_lambda": -3.400804629874408, "log10_min_child_weight": 1.0600730294698564, "log10_subsample": -0.8125621774466828, "max_depth": 7.0, "num_boost_round": 2.0}, "datetime": {"datetime": "2024-01-19 00:31:58", "elapsed": 1223.078017, "delta": 0.001429}}
{"target": -17.676420411564873, "params": {"gamma": 429.81252940654826, "log10_alpha": 0.7237079634630259, "log10_colsample_bytree": -0.6267406104769149, "log10_eta": -2.3509780148926445, "log10_lambda": -3.400804629874408, "log10_min_child_weight": 1.0600730294698564, "log10_subsample": -0.8125621774466828, "max_depth": 7.0, "num_boost_round": 3.0}, "datetime": {"datetime": "2024-01-19 00:31:58", "elapsed": 1223.079329, "delta": 0.001312}}
{"target": -17.67621292658316, "params": {"gamma": 429.81252940654826, "log10_alpha": 0.7237079634630259, "log10_colsample_bytree": -0.6267406104769149, "log10_eta": -2.3509780148926445, "log10_lambda": -3.400804629874408, "log10_min_child_weight": 1.0600730294698564, "log10_subsample": -0.8125621774466828, "max_depth": 7.0, "num_boost_round": 4.0}, "datetime": {"datetime": "2024-01-19 00:31:58", "elapsed": 1223.08063, "delta": 0.001301}}
{"target": -17.67602239041816, "params": {"gamma": 429.81252940654826, "log10_alpha": 0.7237079634630259, "log10_colsample_bytree": -0.6267406104769149, "log10_eta": -2.3509780148926445, "log10_lambda": -3.400804629874408, "log10_min_child_weight": 1.0600730294698564, "log10_subsample": -0.8125621774466828, "max_depth": 7.0, "num_boost_round": 5.0}, "datetime": {"datetime": "2024-01-19 00:31:58", "elapsed": 1223.082131, "delta": 0.001501}}
{"target": -17.676062564343777, "params": {"gamma": 429.81252940654826, "log10_alpha": 0.7237079634630259, "log10_colsample_bytree": -0.6267406104769149, "log10_eta": -2.3509780148926445, "log10_lambda": -3.400804629874408, "log10_min_child_weight": 1.0600730294698564, "log10_subsample": -0.8125621774466828, "max_depth": 7.0, "num_boost_round": 6.0}, "datetime": {"datetime": "2024-01-19 00:31:58", "elapsed": 1223.083427, "delta": 0.001296}}
{"target": -17.675937365737166, "params": {"gamma": 429.81252940654826, "log10_alpha": 0.7237079634630259, "log10_colsample_bytree": -0.6267406104769149, "log10_eta": -2.3509780148926445, "log10_lambda": -3.400804629874408, "log10_min_child_weight": 1.0600730294698564, "log10_subsample": -0.8125621774466828, "max_depth": 7.0, "num_boost_round": 7.0}, "datetime": {"datetime": "2024-01-19 00:31:58", "elapsed": 1223.084733, "delta": 0.001306}}
{"target": -17.67579017741126, "params": {"gamma": 429.81252940654826, "log10_alpha": 0.7237079634630259, "log10_colsample_bytree": -0.6267406104769149, "log10_eta": -2.3509780148926445, "log10_lambda": -3.400804629874408, "log10_min_child_weight": 1.0600730294698564, "log10_subsample": -0.8125621774466828, "max_depth": 7.0, "num_boost_round": 8.0}, "datetime": {"datetime": "2024-01-19 00:31:58", "elapsed": 1223.08603, "delta": 0.001297}}
{"target": -17.675649941055216, "params": {"gamma": 429.81252940654826, "log10_alpha": 0.7237079634630259, "log10_colsample_bytree": -0.6267406104769149, "log10_eta": -2.3509780148926445, "log10_lambda": -3.400804629874408, "log10_min_child_weight": 1.0600730294698564, "log10_subsample": -0.8125621774466828, "max_depth": 7.0, "num_boost_round": 9.0}, "datetime": {"datetime": "2024-01-19 00:31:58", "elapsed": 1223.087322, "delta": 0.001292}}
{"target": -17.67565325280736, "params": {"gamma": 429.81252940654826, "log10_alpha": 0.7237079634630259, "log10_colsample_bytree": -0.6267406104769149, "log10_eta": -2.3509780148926445, "log10_lambda": -3.400804629874408, "log10_min_child_weight": 1.0600730294698564, "log10_subsample": -0.8125621774466828, "max_depth": 7.0, "num_boost_round": 10.0}, "datetime": {"datetime": "2024-01-19 00:31:58", "elapsed": 1223.088614, "delta": 0.001292}}
{"target": -17.675759952441698, "params": {"gamma": 429.81252940654826, "log10_alpha": 0.7237079634630259, "log10_colsample_bytree": -0.6267406104769149, "log10_eta": -2.3509780148926445, "log10_lambda": -3.400804629874408, "log10_min_child_weight": 1.0600730294698564, "log10_subsample": -0.8125621774466828, "max_depth": 7.0, "num_boost_round": 11.0}, "datetime": {"datetime": "2024-01-19 00:31:58", "elapsed": 1223.089907, "delta": 0.001293}}
{"target": -17.67552403819835, "params": {"gamma": 429.81252940654826, "log10_alpha": 0.7237079634630259, "log10_colsample_bytree": -0.6267406104769149, "log10_eta": -2.3509780148926445, "log10_lambda": -3.400804629874408, "log10_min_child_weight": 1.0600730294698564, "log10_subsample": -0.8125621774466828, "max_depth": 7.0, "num_boost_round": 12.0}, "datetime": {"datetime": "2024-01-19 00:31:58", "elapsed": 1223.091253, "delta": 0.001346}}
{"target": -17.67522175357524, "params": {"gamma": 429.81252940654826, "log10_alpha": 0.7237079634630259, "log10_colsample_bytree": -0.6267406104769149, "log10_eta": -2.3509780148926445, "log10_lambda": -3.400804629874408, "log10_min_child_weight": 1.0600730294698564, "log10_subsample": -0.8125621774466828, "max_depth": 7.0, "num_boost_round": 13.0}, "datetime": {"datetime": "2024-01-19 00:31:58", "elapsed": 1223.092537, "delta": 0.001284}}
{"target": -17.67542088340399, "params": {"gamma": 429.81252940654826, "log10_alpha": 0.7237079634630259, "log10_colsample_bytree": -0.6267406104769149, "log10_eta": -2.3509780148926445, "log10_lambda": -3.400804629874408, "log10_min_child_weight": 1.0600730294698564, "log10_subsample": -0.8125621774466828, "max_depth": 7.0, "num_boost_round": 14.0}, "datetime": {"datetime": "2024-01-19 00:31:58", "elapsed": 1223.09383, "delta": 0.001293}}
{"target": -17.675411269473013, "params": {"gamma": 429.81252940654826, "log10_alpha": 0.7237079634630259, "log10_colsample_bytree": -0.6267406104769149, "log10_eta": -2.3509780148926445, "log10_lambda": -3.400804629874408, "log10_min_child_weight": 1.0600730294698564, "log10_subsample": -0.8125621774466828, "max_depth": 7.0, "num_boost_round": 15.0}, "datetime": {"datetime": "2024-01-19 00:31:58", "elapsed": 1223.095269, "delta": 0.001439}}
{"target": -17.675275741197247, "params": {"gamma": 429.81252940654826, "log10_alpha": 0.7237079634630259, "log10_colsample_bytree": -0.6267406104769149, "log10_eta": -2.3509780148926445, "log10_lambda": -3.400804629874408, "log10_min_child_weight": 1.0600730294698564, "log10_subsample": -0.8125621774466828, "max_depth": 7.0, "num_boost_round": 16.0}, "datetime": {"datetime": "2024-01-19 00:31:58", "elapsed": 1223.09658, "delta": 0.001311}}
{"target": -17.6756259007927, "params": {"gamma": 429.81252940654826, "log10_alpha": 0.7237079634630259, "log10_colsample_bytree": -0.6267406104769149, "log10_eta": -2.3509780148926445, "log10_lambda": -3.400804629874408, "log10_min_child_weight": 1.0600730294698564, "log10_subsample": -0.8125621774466828, "max_depth": 7.0, "num_boost_round": 17.0}, "datetime": {"datetime": "2024-01-19 00:31:58", "elapsed": 1223.097887, "delta": 0.001307}}
{"target": -17.675331303240956, "params": {"gamma": 429.81252940654826, "log10_alpha": 0.7237079634630259, "log10_colsample_bytree": -0.6267406104769149, "log10_eta": -2.3509780148926445, "log10_lambda": -3.400804629874408, "log10_min_child_weight": 1.0600730294698564, "log10_subsample": -0.8125621774466828, "max_depth": 7.0, "num_boost_round": 18.0}, "datetime": {"datetime": "2024-01-19 00:31:58", "elapsed": 1223.09919, "delta": 0.001303}}
{"target": -17.675305253187528, "params": {"gamma": 429.81252940654826, "log10_alpha": 0.7237079634630259, "log10_colsample_bytree": -0.6267406104769149, "log10_eta": -2.3509780148926445, "log10_lambda": -3.400804629874408, "log10_min_child_weight": 1.0600730294698564, "log10_subsample": -0.8125621774466828, "max_depth": 7.0, "num_boost_round": 19.0}, "datetime": {"datetime": "2024-01-19 00:31:58", "elapsed": 1223.100488, "delta": 0.001298}}
{"target": -17.677230071413447, "params": {"gamma": 463.08809818699626, "log10_alpha": -1.866666865509262, "log10_colsample_bytree": -0.8020933550595143, "log10_eta": -3.97732267645684, "log10_lambda": 0.805398585979666, "log10_min_child_weight": 3.5395589032150268, "log10_subsample": -0.24782473294971386, "max_depth": 6.0, "num_boost_round": 0.0}, "datetime": {"datetime": "2024-01-19 00:32:21", "elapsed": 1245.556055, "delta": 22.455567}}
{"target": -17.6772274970864, "params": {"gamma": 463.08809818699626, "log10_alpha": -1.866666865509262, "log10_colsample_bytree": -0.8020933550595143, "log10_eta": -3.97732267645684, "log10_lambda": 0.805398585979666, "log10_min_child_weight": 3.5395589032150268, "log10_subsample": -0.24782473294971386, "max_depth": 6.0, "num_boost_round": 1.0}, "datetime": {"datetime": "2024-01-19 00:32:21", "elapsed": 1245.557783, "delta": 0.001728}}
{"target": -17.677224996583874, "params": {"gamma": 463.08809818699626, "log10_alpha": -1.866666865509262, "log10_colsample_bytree": -0.8020933550595143, "log10_eta": -3.97732267645684, "log10_lambda": 0.805398585979666, "log10_min_child_weight": 3.5395589032150268, "log10_subsample": -0.24782473294971386, "max_depth": 6.0, "num_boost_round": 2.0}, "datetime": {"datetime": "2024-01-19 00:32:21", "elapsed": 1245.559567, "delta": 0.001784}}
{"target": -17.677225664832594, "params": {"gamma": 463.08809818699626, "log10_alpha": -1.866666865509262, "log10_colsample_bytree": -0.8020933550595143, "log10_eta": -3.97732267645684, "log10_lambda": 0.805398585979666, "log10_min_child_weight": 3.5395589032150268, "log10_subsample": -0.24782473294971386, "max_depth": 6.0, "num_boost_round": 3.0}, "datetime": {"datetime": "2024-01-19 00:32:21", "elapsed": 1245.561, "delta": 0.001433}}
{"target": -17.677221103061065, "params": {"gamma": 463.08809818699626, "log10_alpha": -1.866666865509262, "log10_colsample_bytree": -0.8020933550595143, "log10_eta": -3.97732267645684, "log10_lambda": 0.805398585979666, "log10_min_child_weight": 3.5395589032150268, "log10_subsample": -0.24782473294971386, "max_depth": 6.0, "num_boost_round": 4.0}, "datetime": {"datetime": "2024-01-19 00:32:21", "elapsed": 1245.56232, "delta": 0.00132}}
{"target": -17.677220196910188, "params": {"gamma": 463.08809818699626, "log10_alpha": -1.866666865509262, "log10_colsample_bytree": -0.8020933550595143, "log10_eta": -3.97732267645684, "log10_lambda": 0.805398585979666, "log10_min_child_weight": 3.5395589032150268, "log10_subsample": -0.24782473294971386, "max_depth": 6.0, "num_boost_round": 5.0}, "datetime": {"datetime": "2024-01-19 00:32:21", "elapsed": 1245.56364, "delta": 0.00132}}
{"target": -17.677219074181497, "params": {"gamma": 463.08809818699626, "log10_alpha": -1.866666865509262, "log10_colsample_bytree": -0.8020933550595143, "log10_eta": -3.97732267645684, "log10_lambda": 0.805398585979666, "log10_min_child_weight": 3.5395589032150268, "log10_subsample": -0.24782473294971386, "max_depth": 6.0, "num_boost_round": 6.0}, "datetime": {"datetime": "2024-01-19 00:32:21", "elapsed": 1245.564992, "delta": 0.001352}}
{"target": -17.67721447704762, "params": {"gamma": 463.08809818699626, "log10_alpha": -1.866666865509262, "log10_colsample_bytree": -0.8020933550595143, "log10_eta": -3.97732267645684, "log10_lambda": 0.805398585979666, "log10_min_child_weight": 3.5395589032150268, "log10_subsample": -0.24782473294971386, "max_depth": 6.0, "num_boost_round": 7.0}, "datetime": {"datetime": "2024-01-19 00:32:21", "elapsed": 1245.566335, "delta": 0.001343}}
{"target": -17.67721254525585, "params": {"gamma": 463.08809818699626, "log10_alpha": -1.866666865509262, "log10_colsample_bytree": -0.8020933550595143, "log10_eta": -3.97732267645684, "log10_lambda": 0.805398585979666, "log10_min_child_weight": 3.5395589032150268, "log10_subsample": -0.24782473294971386, "max_depth": 6.0, "num_boost_round": 8.0}, "datetime": {"datetime": "2024-01-19 00:32:21", "elapsed": 1245.567649, "delta": 0.001314}}
{"target": -17.67721202338579, "params": {"gamma": 463.08809818699626, "log10_alpha": -1.866666865509262, "log10_colsample_bytree": -0.8020933550595143, "log10_eta": -3.97732267645684, "log10_lambda": 0.805398585979666, "log10_min_child_weight": 3.5395589032150268, "log10_subsample": -0.24782473294971386, "max_depth": 6.0, "num_boost_round": 9.0}, "datetime": {"datetime": "2024-01-19 00:32:21", "elapsed": 1245.568961, "delta": 0.001312}}
{"target": -17.677221673786324, "params": {"gamma": 459.89166519170243, "log10_alpha": 0.3671429583586603, "log10_colsample_bytree": -0.44394211450568644, "log10_eta": -3.7439524524547063, "log10_lambda": -2.0449893625469833, "log10_min_child_weight": 1.1427301791739597, "log10_subsample": -0.989996668775267, "max_depth": 3.0, "num_boost_round": 0.0}, "datetime": {"datetime": "2024-01-19 00:32:42", "elapsed": 1266.936715, "delta": 21.367754}}
{"target": -17.677212826502625, "params": {"gamma": 459.89166519170243, "log10_alpha": 0.3671429583586603, "log10_colsample_bytree": -0.44394211450568644, "log10_eta": -3.7439524524547063, "log10_lambda": -2.0449893625469833, "log10_min_child_weight": 1.1427301791739597, "log10_subsample": -0.989996668775267, "max_depth": 3.0, "num_boost_round": 1.0}, "datetime": {"datetime": "2024-01-19 00:32:42", "elapsed": 1266.938511, "delta": 0.001796}}
{"target": -17.677205672913793, "params": {"gamma": 459.89166519170243, "log10_alpha": 0.3671429583586603, "log10_colsample_bytree": -0.44394211450568644, "log10_eta": -3.7439524524547063, "log10_lambda": -2.0449893625469833, "log10_min_child_weight": 1.1427301791739597, "log10_subsample": -0.989996668775267, "max_depth": 3.0, "num_boost_round": 2.0}, "datetime": {"datetime": "2024-01-19 00:32:42", "elapsed": 1266.939871, "delta": 0.00136}}
{"target": -17.6772041264407, "params": {"gamma": 459.89166519170243, "log10_alpha": 0.3671429583586603, "log10_colsample_bytree": -0.44394211450568644, "log10_eta": -3.7439524524547063, "log10_lambda": -2.0449893625469833, "log10_min_child_weight": 1.1427301791739597, "log10_subsample": -0.989996668775267, "max_depth": 3.0, "num_boost_round": 3.0}, "datetime": {"datetime": "2024-01-19 00:32:42", "elapsed": 1266.941189, "delta": 0.001318}}
{"target": -17.677200038587014, "params": {"gamma": 459.89166519170243, "log10_alpha": 0.3671429583586603, "log10_colsample_bytree": -0.44394211450568644, "log10_eta": -3.7439524524547063, "log10_lambda": -2.0449893625469833, "log10_min_child_weight": 1.1427301791739597, "log10_subsample": -0.989996668775267, "max_depth": 3.0, "num_boost_round": 4.0}, "datetime": {"datetime": "2024-01-19 00:32:42", "elapsed": 1266.942516, "delta": 0.001327}}
{"target": -17.677196535715296, "params": {"gamma": 459.89166519170243, "log10_alpha": 0.3671429583586603, "log10_colsample_bytree": -0.44394211450568644, "log10_eta": -3.7439524524547063, "log10_lambda": -2.0449893625469833, "log10_min_child_weight": 1.1427301791739597, "log10_subsample": -0.989996668775267, "max_depth": 3.0, "num_boost_round": 5.0}, "datetime": {"datetime": "2024-01-19 00:32:42", "elapsed": 1266.943855, "delta": 0.001339}}
