{"target": -13.799399733037326, "params": {"gamma": 437.253985430753, "log10_alpha": -0.5538659857966, "log10_colsample_bytree": -0.9869422815770212, "log10_eta": -0.7110333612231439, "log10_lambda": 0.09989258050431538, "log10_min_child_weight": 1.05894083590236, "log10_subsample": -0.9705741683212503, "max_depth": 3.0, "num_boost_round": 21.0}, "datetime": {"datetime": "2024-01-19 00:30:24", "elapsed": 1127.652817, "delta": 0.002231}}
{"target": -13.800976968680809, "params": {"gamma": 437.253985430753, "log10_alpha": -0.5538659857966, "log10_colsample_bytree": -0.9869422815770212, "log10_eta": -0.7110333612231439, "log10_lambda": 0.09989258050431538, "log10_min_child_weight": 1.05894083590236, "log10_subsample": -0.9705741683212503, "max_depth": 3.0, "num_boost_round": 22.0}, "datetime": {"datetime": "2024-01-19 00:30:24", "elapsed": 1127.65506, "delta": 0.002243}}
{"target": -13.8222699073256, "params": {"gamma": 437.253985430753, "log10_alpha": -0.5538659857966, "log10_colsample_bytree": -0.9869422815770212, "log10_eta": -0.7110333612231439, "log10_lambda": 0.09989258050431538, "log10_min_child_weight": 1.05894083590236, "log10_subsample": -0.9705741683212503, "max_depth": 3.0, "num_boost_round": 23.0}, "datetime": {"datetime": "2024-01-19 00:30:24", "elapsed": 1127.657285, "delta": 0.002225}}
{"target": -13.825164568991726, "params": {"gamma": 437.253985430753, "log10_alpha": -0.5538659857966, "log10_colsample_bytree": -0.9869422815770212, "log10_eta": -0.7110333612231439, "log10_lambda": 0.09989258050431538, "log10_min_child_weight": 1.05894083590236, "log10_subsample": -0.9705741683212503, "max_depth": 3.0, "num_boost_round": 24.0}, "datetime": {"datetime": "2024-01-19 00:30:24", "elapsed": 1127.659525, "delta": 0.00224}}
{"target": -13.758379220500826, "params": {"gamma": 421.51102364779626, "log10_alpha": 0.45987933796550706, "log10_colsample_bytree": -0.611688638120747, "log10_eta": -1.6591679324125526, "log10_lambda": -4.917322570839416, "log10_min_child_weight": 4.872359822690561, "log10_subsample": -0.596517747421752, "max_depth": 8.0, "num_boost_round": 0.0}, "datetime": {"datetime": "2024-01-19 00:30:59", "elapsed": 1162.800528, "delta": 35.141003}}
{"target": -13.758331025972787, "params": {"gamma": 421.51102364779626, "log10_alpha": 0.45987933796550706, "log10_colsample_bytree": -0.611688638120747, "log10_eta": -1.6591679324125526, "log10_lambda": -4.917322570839416, "log10_min_child_weight": 4.872359822690561, "log10_subsample": -0.596517747421752, "max_depth": 8.0, "num_boost_round": 1.0}, "datetime": {"datetime": "2024-01-19 00:30:59", "elapsed": 1162.803194, "delta": 0.002666}}
{"target": -13.758363972796037, "params": {"gamma": 421.51102364779626, "log10_alpha": 0.45987933796550706, "log10_colsample_bytree": -0.611688638120747, "log10_eta": -1.6591679324125526, "log10_lambda": -4.917322570839416, "log10_min_child_weight": 4.872359822690561, "log10_subsample": -0.596517747421752, "max_depth": 8.0, "num_boost_round": 2.0}, "datetime": {"datetime": "2024-01-19 00:30:59", "elapsed": 1162.805576, "delta": 0.002382}}
{"target": -13.75829017175136, "params": {"gamma": 421.51102364779626, "log10_alpha": 0.45987933796550706, "log10_colsample_bytree": -0.611688638120747, "log10_eta": -1.6591679324125526, "log10_lambda": -4.917322570839416, "log10_min_child_weight": 4.872359822690561, "log10_subsample": -0.596517747421752, "max_depth": 8.0, "num_boost_round": 3.0}, "datetime": {"datetime": "2024-01-19 00:30:59", "elapsed": 1162.807858, "delta": 0.002282}}
{"target": -13.758302024666046, "params": {"gamma": 421.51102364779626, "log10_alpha": 0.45987933796550706, "log10_colsample_bytree": -0.611688638120747, "log10_eta": -1.6591679324125526, "log10_lambda": -4.917322570839416, "log10_min_child_weight": 4.872359822690561, "log10_subsample": -0.596517747421752, "max_depth": 8.0, "num_boost_round": 4.0}, "datetime": {"datetime": "2024-01-19 00:30:59", "elapsed": 1162.81026, "delta": 0.002402}}
{"target": -13.758247922328781, "params": {"gamma": 421.51102364779626, "log10_alpha": 0.45987933796550706, "log10_colsample_bytree": -0.611688638120747, "log10_eta": -1.6591679324125526, "log10_lambda": -4.917322570839416, "log10_min_child_weight": 4.872359822690561, "log10_subsample": -0.596517747421752, "max_depth": 8.0, "num_boost_round": 5.0}, "datetime": {"datetime": "2024-01-19 00:30:59", "elapsed": 1162.812512, "delta": 0.002252}}
{"target": -13.758241889509263, "params": {"gamma": 421.51102364779626, "log10_alpha": 0.45987933796550706, "log10_colsample_bytree": -0.611688638120747, "log10_eta": -1.6591679324125526, "log10_lambda": -4.917322570839416, "log10_min_child_weight": 4.872359822690561, "log10_subsample": -0.596517747421752, "max_depth": 8.0, "num_boost_round": 6.0}, "datetime": {"datetime": "2024-01-19 00:30:59", "elapsed": 1162.814753, "delta": 0.002241}}
{"target": -13.758188467841041, "params": {"gamma": 421.51102364779626, "log10_alpha": 0.45987933796550706, "log10_colsample_bytree": -0.611688638120747, "log10_eta": -1.6591679324125526, "log10_lambda": -4.917322570839416, "log10_min_child_weight": 4.872359822690561, "log10_subsample": -0.596517747421752, "max_depth": 8.0, "num_boost_round": 7.0}, "datetime": {"datetime": "2024-01-19 00:30:59", "elapsed": 1162.816968, "delta": 0.002215}}
{"target": -13.758210641665947, "params": {"gamma": 421.51102364779626, "log10_alpha": 0.45987933796550706, "log10_colsample_bytree": -0.611688638120747, "log10_eta": -1.6591679324125526, "log10_lambda": -4.917322570839416, "log10_min_child_weight": 4.872359822690561, "log10_subsample": -0.596517747421752, "max_depth": 8.0, "num_boost_round": 8.0}, "datetime": {"datetime": "2024-01-19 00:30:59", "elapsed": 1162.819194, "delta": 0.002226}}
{"target": -13.758060295751548, "params": {"gamma": 421.51102364779626, "log10_alpha": 0.45987933796550706, "log10_colsample_bytree": -0.611688638120747, "log10_eta": -1.6591679324125526, "log10_lambda": -4.917322570839416, "log10_min_child_weight": 4.872359822690561, "log10_subsample": -0.596517747421752, "max_depth": 8.0, "num_boost_round": 9.0}, "datetime": {"datetime": "2024-01-19 00:30:59", "elapsed": 1162.821427, "delta": 0.002233}}
{"target": -13.758013297842188, "params": {"gamma": 421.51102364779626, "log10_alpha": 0.45987933796550706, "log10_colsample_bytree": -0.611688638120747, "log10_eta": -1.6591679324125526, "log10_lambda": -4.917322570839416, "log10_min_child_weight": 4.872359822690561, "log10_subsample": -0.596517747421752, "max_depth": 8.0, "num_boost_round": 10.0}, "datetime": {"datetime": "2024-01-19 00:30:59", "elapsed": 1162.823678, "delta": 0.002251}}
{"target": -13.757964073807614, "params": {"gamma": 421.51102364779626, "log10_alpha": 0.45987933796550706, "log10_colsample_bytree": -0.611688638120747, "log10_eta": -1.6591679324125526, "log10_lambda": -4.917322570839416, "log10_min_child_weight": 4.872359822690561, "log10_subsample": -0.596517747421752, "max_depth": 8.0, "num_boost_round": 11.0}, "datetime": {"datetime": "2024-01-19 00:30:59", "elapsed": 1162.825915, "delta": 0.002237}}
{"target": -13.757944435496443, "params": {"gamma": 421.51102364779626, "log10_alpha": 0.45987933796550706, "log10_colsample_bytree": -0.611688638120747, "log10_eta": -1.6591679324125526, "log10_lambda": -4.917322570839416, "log10_min_child_weight": 4.872359822690561, "log10_subsample": -0.596517747421752, "max_depth": 8.0, "num_boost_round": 12.0}, "datetime": {"datetime": "2024-01-19 00:30:59", "elapsed": 1162.828166, "delta": 0.002251}}
{"target": -13.757934281116553, "params": {"gamma": 421.51102364779626, "log10_alpha": 0.45987933796550706, "log10_colsample_bytree": -0.611688638120747, "log10_eta": -1.6591679324125526, "log10_lambda": -4.917322570839416, "log10_min_child_weight": 4.872359822690561, "log10_subsample": -0.596517747421752, "max_depth": 8.0, "num_boost_round": 13.0}, "datetime": {"datetime": "2024-01-19 00:30:59", "elapsed": 1162.83056, "delta": 0.002394}}
{"target": -13.757923723285723, "params": {"gamma": 421.51102364779626, "log10_alpha": 0.45987933796550706, "log10_colsample_bytree": -0.611688638120747, "log10_eta": -1.6591679324125526, "log10_lambda": -4.917322570839416, "log10_min_child_weight": 4.872359822690561, "log10_subsample": -0.596517747421752, "max_depth": 8.0, "num_boost_round": 14.0}, "datetime": {"datetime": "2024-01-19 00:30:59", "elapsed": 1162.832817, "delta": 0.002257}}
{"target": -13.757791173143554, "params": {"gamma": 421.51102364779626, "log10_alpha": 0.45987933796550706, "log10_colsample_bytree": -0.611688638120747, "log10_eta": -1.6591679324125526, "log10_lambda": -4.917322570839416, "log10_min_child_weight": 4.872359822690561, "log10_subsample": -0.596517747421752, "max_depth": 8.0, "num_boost_round": 15.0}, "datetime": {"datetime": "2024-01-19 00:30:59", "elapsed": 1162.835081, "delta": 0.002264}}
{"target": -13.75772724979814, "params": {"gamma": 421.51102364779626, "log10_alpha": 0.45987933796550706, "log10_colsample_bytree": -0.611688638120747, "log10_eta": -1.6591679324125526, "log10_lambda": -4.917322570839416, "log10_min_child_weight": 4.872359822690561, "log10_subsample": -0.596517747421752, "max_depth": 8.0, "num_boost_round": 16.0}, "datetime": {"datetime": "2024-01-19 00:30:59", "elapsed": 1162.837351, "delta": 0.00227}}
{"target": -13.757732653483412, "params": {"gamma": 421.51102364779626, "log10_alpha": 0.45987933796550706, "log10_colsample_bytree": -0.611688638120747, "log10_eta": -1.6591679324125526, "log10_lambda": -4.917322570839416, "log10_min_child_weight": 4.872359822690561, "log10_subsample": -0.596517747421752, "max_depth": 8.0, "num_boost_round": 17.0}, "datetime": {"datetime": "2024-01-19 00:30:59", "elapsed": 1162.839613, "delta": 0.002262}}
{"target": -13.757663690886076, "params": {"gamma": 421.51102364779626, "log10_alpha": 0.45987933796550706, "log10_colsample_bytree": -0.611688638120747, "log10_eta": -1.6591679324125526, "log10_lambda": -4.917322570839416, "log10_min_child_weight": 4.872359822690561, "log10_subsample": -0.596517747421752, "max_depth": 8.0, "num_boost_round": 18.0}, "datetime": {"datetime": "2024-01-19 00:30:59", "elapsed": 1162.841876, "delta": 0.002263}}
{"target": -13.757524637081184, "params": {"gamma": 421.51102364779626, "log10_alpha": 0.45987933796550706, "log10_colsample_bytree": -0.611688638120747, "log10_eta": -1.6591679324125526, "log10_lambda": -4.917322570839416, "log10_min_child_weight": 4.872359822690561, "log10_subsample": -0.596517747421752, "max_depth": 8.0, "num_boost_round": 19.0}, "datetime": {"datetime": "2024-01-19 00:30:59", "elapsed": 1162.844127, "delta": 0.002251}}
{"target": -13.75758671400535, "params": {"gamma": 421.51102364779626, "log10_alpha": 0.45987933796550706, "log10_colsample_bytree": -0.611688638120747, "log10_eta": -1.6591679324125526, "log10_lambda": -4.917322570839416, "log10_min_child_weight": 4.872359822690561, "log10_subsample": -0.596517747421752, "max_depth": 8.0, "num_boost_round": 20.0}, "datetime": {"datetime": "2024-01-19 00:30:59", "elapsed": 1162.846392, "delta": 0.002265}}
{"target": -13.757493892532734, "params": {"gamma": 421.51102364779626, "log10_alpha": 0.45987933796550706, "log10_colsample_bytree": -0.611688638120747, "log10_eta": -1.6591679324125526, "log10_lambda": -4.917322570839416, "log10_min_child_weight": 4.872359822690561, "log10_subsample": -0.596517747421752, "max_depth": 8.0, "num_boost_round": 21.0}, "datetime": {"datetime": "2024-01-19 00:30:59", "elapsed": 1162.848675, "delta": 0.002283}}
{"target": -13.757531527911956, "params": {"gamma": 421.51102364779626, "log10_alpha": 0.45987933796550706, "log10_colsample_bytree": -0.611688638120747, "log10_eta": -1.6591679324125526, "log10_lambda": -4.917322570839416, "log10_min_child_weight": 4.872359822690561, "log10_subsample": -0.596517747421752, "max_depth": 8.0, "num_boost_round": 22.0}, "datetime": {"datetime": "2024-01-19 00:30:59", "elapsed": 1162.851043, "delta": 0.002368}}
{"target": -13.757422425761437, "params": {"gamma": 421.51102364779626, "log10_alpha": 0.45987933796550706, "log10_colsample_bytree": -0.611688638120747, "log10_eta": -1.6591679324125526, "log10_lambda": -4.917322570839416, "log10_min_child_weight": 4.872359822690561, "log10_subsample": -0.596517747421752, "max_depth": 8.0, "num_boost_round": 23.0}, "datetime": {"datetime": "2024-01-19 00:30:59", "elapsed": 1162.853284, "delta": 0.002241}}
{"target": -13.757394292318159, "params": {"gamma": 421.51102364779626, "log10_alpha": 0.45987933796550706, "log10_colsample_bytree": -0.611688638120747, "log10_eta": -1.6591679324125526, "log10_lambda": -4.917322570839416, "log10_min_child_weight": 4.872359822690561, "log10_subsample": -0.596517747421752, "max_depth": 8.0, "num_boost_round": 24.0}, "datetime": {"datetime": "2024-01-19 00:30:59", "elapsed": 1162.855553, "delta": 0.002269}}
{"target": -13.757407112176104, "params": {"gamma": 421.51102364779626, "log10_alpha": 0.45987933796550706, "log10_colsample_bytree": -0.611688638120747, "log10_eta": -1.6591679324125526, "log10_lambda": -4.917322570839416, "log10_min_child_weight": 4.872359822690561, "log10_subsample": -0.596517747421752, "max_depth": 8.0, "num_boost_round": 25.0}, "datetime": {"datetime": "2024-01-19 00:30:59", "elapsed": 1162.857793, "delta": 0.00224}}
{"target": -13.757455038589669, "params": {"gamma": 421.51102364779626, "log10_alpha": 0.45987933796550706, "log10_colsample_bytree": -0.611688638120747, "log10_eta": -1.6591679324125526, "log10_lambda": -4.917322570839416, "log10_min_child_weight": 4.872359822690561, "log10_subsample": -0.596517747421752, "max_depth": 8.0, "num_boost_round": 26.0}, "datetime": {"datetime": "2024-01-19 00:30:59", "elapsed": 1162.860043, "delta": 0.00225}}
{"target": -13.757432699119517, "params": {"gamma": 421.51102364779626, "log10_alpha": 0.45987933796550706, "log10_colsample_bytree": -0.611688638120747, "log10_eta": -1.6591679324125526, "log10_lambda": -4.917322570839416, "log10_min_child_weight": 4.872359822690561, "log10_subsample": -0.596517747421752, "max_depth": 8.0, "num_boost_round": 27.0}, "datetime": {"datetime": "2024-01-19 00:30:59", "elapsed": 1162.862313, "delta": 0.00227}}
{"target": -13.757409603225458, "params": {"gamma": 421.51102364779626, "log10_alpha": 0.45987933796550706, "log10_colsample_bytree": -0.611688638120747, "log10_eta": -1.6591679324125526, "log10_lambda": -4.917322570839416, "log10_min_child_weight": 4.872359822690561, "log10_subsample": -0.596517747421752, "max_depth": 8.0, "num_boost_round": 28.0}, "datetime": {"datetime": "2024-01-19 00:30:59", "elapsed": 1162.864579, "delta": 0.002266}}
{"target": -13.75741257295632, "params": {"gamma": 421.51102364779626, "log10_alpha": 0.45987933796550706, "log10_colsample_bytree": -0.611688638120747, "log10_eta": -1.6591679324125526, "log10_lambda": -4.917322570839416, "log10_min_child_weight": 4.872359822690561, "log10_subsample": -0.596517747421752, "max_depth": 8.0, "num_boost_round": 29.0}, "datetime": {"datetime": "2024-01-19 00:30:59", "elapsed": 1162.866829, "delta": 0.00225}}
{"target": -13.757440361629731, "params": {"gamma": 421.51102364779626, "log10_alpha": 0.45987933796550706, "log10_colsample_bytree": -0.611688638120747, "log10_eta": -1.6591679324125526, "log10_lambda": -4.917322570839416, "log10_min_child_weight": 4.872359822690561, "log10_subsample": -0.596517747421752, "max_depth": 8.0, "num_boost_round": 30.0}, "datetime": {"datetime": "2024-01-19 00:30:59", "elapsed": 1162.869203, "delta": 0.002374}}
{"target": -13.757567010163456, "params": {"gamma": 421.51102364779626, "log10_alpha": 0.45987933796550706, "log10_colsample_bytree": -0.611688638120747, "log10_eta": -1.6591679324125526, "log10_lambda": -4.917322570839416, "log10_min_child_weight": 4.872359822690561, "log10_subsample": -0.596517747421752, "max_depth": 8.0, "num_boost_round": 31.0}, "datetime": {"datetime": "2024-01-19 00:30:59", "elapsed": 1162.871475, "delta": 0.002272}}
{"target": -13.757543685554744, "params": {"gamma": 421.51102364779626, "log10_alpha": 0.45987933796550706, "log10_colsample_bytree": -0.611688638120747, "log10_eta": -1.6591679324125526, "log10_lambda": -4.917322570839416, "log10_min_child_weight": 4.872359822690561, "log10_subsample": -0.596517747421752, "max_depth": 8.0, "num_boost_round": 32.0}, "datetime": {"datetime": "2024-01-19 00:30:59", "elapsed": 1162.873726, "delta": 0.002251}}
{"target": -13.759380916791342, "params": {"gamma": 437.67471852055087, "log10_alpha": -0.27178053460326623, "log10_colsample_bytree": -0.13724907080688808, "log10_eta": -1.5347510949899532, "log10_lambda": 0.725930811662991, "log10_min_child_weight": 0.556687002086767, "log10_subsample": -0.24219814700874487, "max_depth": 5.0, "num_boost_round": 0.0}, "datetime": {"datetime": "2024-01-19 00:31:32", "elapsed": 1195.340124, "delta": 32.466398}}
{"target": -13.759253800765213, "params": {"gamma": 437.67471852055087, "log10_alpha": -0.27178053460326623, "log10_colsample_bytree": -0.13724907080688808, "log10_eta": -1.5347510949899532, "log10_lambda": 0.725930811662991, "log10_min_child_weight": 0.556687002086767, "log10_subsample": -0.24219814700874487, "max_depth": 5.0, "num_boost_round": 1.0}, "datetime": {"datetime": "2024-01-19 00:31:32", "elapsed": 1195.342883, "delta": 0.002759}}
{"target": -13.760078400530695, "params": {"gamma": 437.67471852055087, "log10_alpha": -0.27178053460326623, "log10_colsample_bytree": -0.13724907080688808, "log10_eta": -1.5347510949899532, "log10_lambda": 0.725930811662991, "log10_min_child_weight": 0.556687002086767, "log10_subsample": -0.24219814700874487, "max_depth": 5.0, "num_boost_round": 2.0}, "datetime": {"datetime": "2024-01-19 00:31:32", "elapsed": 1195.345588, "delta": 0.002705}}
{"target": -13.759700755723635, "params": {"gamma": 437.67471852055087, "log10_alpha": -0.27178053460326623, "log10_colsample_bytree": -0.13724907080688808, "log10_eta": -1.5347510949899532, "log10_lambda": 0.725930811662991, "log10_min_child_weight": 0.556687002086767, "log10_subsample": -0.24219814700874487, "max_depth": 5.0, "num_boost_round": 3.0}, "datetime": {"datetime": "2024-01-19 00:31:32", "elapsed": 1195.347861, "delta": 0.002273}}
{"target": -13.759926732273305, "params": {"gamma": 437.67471852055087, "log10_alpha": -0.27178053460326623, "log10_colsample_bytree": -0.13724907080688808, "log10_eta": -1.5347510949899532, "log10_lambda": 0.725930811662991, "log10_min_child_weight": 0.556687002086767, "log10_subsample": -0.24219814700874487, "max_depth": 5.0, "num_boost_round": 4.0}, "datetime": {"datetime": "2024-01-19 00:31:32", "elapsed": 1195.350334, "delta": 0.002473}}
{"target": -13.7618805376403, "params": {"gamma": 437.67471852055087, "log10_alpha": -0.27178053460326623, "log10_colsample_bytree": -0.13724907080688808, "log10_eta": -1.5347510949899532, "log10_lambda": 0.725930811662991, "log10_min_child_weight": 0.556687002086767, "log10_subsample": -0.24219814700874487, "max_depth": 5.0, "num_boost_round": 5.0}, "datetime": {"datetime": "2024-01-19 00:31:32", "elapsed": 1195.35263, "delta": 0.002296}}
{"target": -13.763767029077698, "params": {"gamma": 437.67471852055087, "log10_alpha": -0.27178053460326623, "log10_colsample_bytree": -0.13724907080688808, "log10_eta": -1.5347510949899532, "log10_lambda": 0.725930811662991, "log10_min_child_weight": 0.556687002086767, "log10_subsample": -0.24219814700874487, "max_depth": 5.0, "num_boost_round": 6.0}, "datetime": {"datetime": "2024-01-19 00:31:32", "elapsed": 1195.354892, "delta": 0.002262}}
{"target": -13.766084710504035, "params": {"gamma": 437.67471852055087, "log10_alpha": -0.27178053460326623, "log10_colsample_bytree": -0.13724907080688808, "log10_eta": -1.5347510949899532, "log10_lambda": 0.725930811662991, "log10_min_child_weight": 0.556687002086767, "log10_subsample": -0.24219814700874487, "max_depth": 5.0, "num_boost_round": 7.0}, "datetime": {"datetime": "2024-01-19 00:31:32", "elapsed": 1195.357148, "delta": 0.002256}}
{"target": -13.767631672982699, "params": {"gamma": 437.67471852055087, "log10_alpha": -0.27178053460326623, "log10_colsample_bytree": -0.13724907080688808, "log10_eta": -1.5347510949899532, "log10_lambda": 0.725930811662991, "log10_min_child_weight": 0.556687002086767, "log10_subsample": -0.24219814700874487, "max_depth": 5.0, "num_boost_round": 8.0}, "datetime": {"datetime": "2024-01-19 00:31:32", "elapsed": 1195.359409, "delta": 0.002261}}
{"target": -13.76853753728608, "params": {"gamma": 437.67471852055087, "log10_alpha": -0.27178053460326623, "log10_colsample_bytree": -0.13724907080688808, "log10_eta": -1.5347510949899532, "log10_lambda": 0.725930811662991, "log10_min_child_weight": 0.556687002086767, "log10_subsample": -0.24219814700874487, "max_depth": 5.0, "num_boost_round": 9.0}, "datetime": {"datetime": "2024-01-19 00:31:32", "elapsed": 1195.36167, "delta": 0.002261}}
{"target": -13.770264835199987, "params": {"gamma": 437.67471852055087, "log10_alpha": -0.27178053460326623, "log10_colsample_bytree": -0.13724907080688808, "log10_eta": -1.5347510949899532, "log10_lambda": 0.725930811662991, "log10_min_child_weight": 0.556687002086767, "log10_subsample": -0.24219814700874487, "max_depth": 5.0, "num_boost_round": 10.0}, "datetime": {"datetime": "2024-01-19 00:31:32", "elapsed": 1195.363913, "delta": 0.002243}}
{"target": -13.769732218951715, "params": {"gamma": 437.67471852055087, "log10_alpha": -0.27178053460326623, "log10_colsample_bytree": -0.13724907080688808, "log10_eta": -1.5347510949899532, "log10_lambda": 0.725930811662991, "log10_min_child_weight": 0.556687002086767, "log10_subsample": -0.24219814700874487, "max_depth": 5.0, "num_boost_round": 11.0}, "datetime": {"datetime": "2024-01-19 00:31:32", "elapsed": 1195.366164, "delta": 0.002251}}
