{"target": -17.67716376333327, "params": {"gamma": 426.3101221670282, "log10_alpha": -1.7256877079336839, "log10_colsample_bytree": -0.18568199461982926, "log10_eta": -3.6465414376318233, "log10_lambda": -4.371082991490276, "log10_min_child_weight": 0.7358778884039002, "log10_subsample": -0.4860173069389343, "max_depth": 4.0, "num_boost_round": 5.0}, "datetime": {"datetime": "2024-01-19 02:06:02", "elapsed": 6866.719002, "delta": 0.004351}}
{"target": -17.677155220985448, "params": {"gamma": 426.3101221670282, "log10_alpha": -1.7256877079336839, "log10_colsample_bytree": -0.18568199461982926, "log10_eta": -3.6465414376318233, "log10_lambda": -4.371082991490276, "log10_min_child_weight": 0.7358778884039002, "log10_subsample": -0.4860173069389343, "max_depth": 4.0, "num_boost_round": 6.0}, "datetime": {"datetime": "2024-01-19 02:06:02", "elapsed": 6866.723262, "delta": 0.00426}}
{"target": -17.67714846274549, "params": {"gamma": 426.3101221670282, "log10_alpha": -1.7256877079336839, "log10_colsample_bytree": -0.18568199461982926, "log10_eta": -3.6465414376318233, "log10_lambda": -4.371082991490276, "log10_min_child_weight": 0.7358778884039002, "log10_subsample": -0.4860173069389343, "max_depth": 4.0, "num_boost_round": 7.0}, "datetime": {"datetime": "2024-01-19 02:06:02", "elapsed": 6866.727486, "delta": 0.004224}}
{"target": -17.67713786585167, "params": {"gamma": 426.3101221670282, "log10_alpha": -1.7256877079336839, "log10_colsample_bytree": -0.18568199461982926, "log10_eta": -3.6465414376318233, "log10_lambda": -4.371082991490276, "log10_min_child_weight": 0.7358778884039002, "log10_subsample": -0.4860173069389343, "max_depth": 4.0, "num_boost_round": 8.0}, "datetime": {"datetime": "2024-01-19 02:06:02", "elapsed": 6866.731741, "delta": 0.004255}}
{"target": -17.677136286345686, "params": {"gamma": 426.3101221670282, "log10_alpha": -1.7256877079336839, "log10_colsample_bytree": -0.18568199461982926, "log10_eta": -3.6465414376318233, "log10_lambda": -4.371082991490276, "log10_min_child_weight": 0.7358778884039002, "log10_subsample": -0.4860173069389343, "max_depth": 4.0, "num_boost_round": 9.0}, "datetime": {"datetime": "2024-01-19 02:06:02", "elapsed": 6866.735979, "delta": 0.004238}}
{"target": -17.677127871250246, "params": {"gamma": 426.3101221670282, "log10_alpha": -1.7256877079336839, "log10_colsample_bytree": -0.18568199461982926, "log10_eta": -3.6465414376318233, "log10_lambda": -4.371082991490276, "log10_min_child_weight": 0.7358778884039002, "log10_subsample": -0.4860173069389343, "max_depth": 4.0, "num_boost_round": 10.0}, "datetime": {"datetime": "2024-01-19 02:06:02", "elapsed": 6866.740299, "delta": 0.00432}}
{"target": -17.677118108373048, "params": {"gamma": 426.3101221670282, "log10_alpha": -1.7256877079336839, "log10_colsample_bytree": -0.18568199461982926, "log10_eta": -3.6465414376318233, "log10_lambda": -4.371082991490276, "log10_min_child_weight": 0.7358778884039002, "log10_subsample": -0.4860173069389343, "max_depth": 4.0, "num_boost_round": 11.0}, "datetime": {"datetime": "2024-01-19 02:06:02", "elapsed": 6866.744601, "delta": 0.004302}}
{"target": -17.677105567092326, "params": {"gamma": 426.3101221670282, "log10_alpha": -1.7256877079336839, "log10_colsample_bytree": -0.18568199461982926, "log10_eta": -3.6465414376318233, "log10_lambda": -4.371082991490276, "log10_min_child_weight": 0.7358778884039002, "log10_subsample": -0.4860173069389343, "max_depth": 4.0, "num_boost_round": 12.0}, "datetime": {"datetime": "2024-01-19 02:06:02", "elapsed": 6866.748886, "delta": 0.004285}}
{"target": -17.677095019387473, "params": {"gamma": 426.3101221670282, "log10_alpha": -1.7256877079336839, "log10_colsample_bytree": -0.18568199461982926, "log10_eta": -3.6465414376318233, "log10_lambda": -4.371082991490276, "log10_min_child_weight": 0.7358778884039002, "log10_subsample": -0.4860173069389343, "max_depth": 4.0, "num_boost_round": 13.0}, "datetime": {"datetime": "2024-01-19 02:06:02", "elapsed": 6866.753177, "delta": 0.004291}}
{"target": -17.67708878469226, "params": {"gamma": 426.3101221670282, "log10_alpha": -1.7256877079336839, "log10_colsample_bytree": -0.18568199461982926, "log10_eta": -3.6465414376318233, "log10_lambda": -4.371082991490276, "log10_min_child_weight": 0.7358778884039002, "log10_subsample": -0.4860173069389343, "max_depth": 4.0, "num_boost_round": 14.0}, "datetime": {"datetime": "2024-01-19 02:06:02", "elapsed": 6866.757478, "delta": 0.004301}}
{"target": -17.677075920422727, "params": {"gamma": 426.3101221670282, "log10_alpha": -1.7256877079336839, "log10_colsample_bytree": -0.18568199461982926, "log10_eta": -3.6465414376318233, "log10_lambda": -4.371082991490276, "log10_min_child_weight": 0.7358778884039002, "log10_subsample": -0.4860173069389343, "max_depth": 4.0, "num_boost_round": 15.0}, "datetime": {"datetime": "2024-01-19 02:06:02", "elapsed": 6866.761779, "delta": 0.004301}}
{"target": -17.67707475086568, "params": {"gamma": 426.3101221670282, "log10_alpha": -1.7256877079336839, "log10_colsample_bytree": -0.18568199461982926, "log10_eta": -3.6465414376318233, "log10_lambda": -4.371082991490276, "log10_min_child_weight": 0.7358778884039002, "log10_subsample": -0.4860173069389343, "max_depth": 4.0, "num_boost_round": 16.0}, "datetime": {"datetime": "2024-01-19 02:06:02", "elapsed": 6866.766085, "delta": 0.004306}}
{"target": -17.677065960507843, "params": {"gamma": 426.3101221670282, "log10_alpha": -1.7256877079336839, "log10_colsample_bytree": -0.18568199461982926, "log10_eta": -3.6465414376318233, "log10_lambda": -4.371082991490276, "log10_min_child_weight": 0.7358778884039002, "log10_subsample": -0.4860173069389343, "max_depth": 4.0, "num_boost_round": 17.0}, "datetime": {"datetime": "2024-01-19 02:06:02", "elapsed": 6866.770399, "delta": 0.004314}}
{"target": -17.677065110273265, "params": {"gamma": 426.3101221670282, "log10_alpha": -1.7256877079336839, "log10_colsample_bytree": -0.18568199461982926, "log10_eta": -3.6465414376318233, "log10_lambda": -4.371082991490276, "log10_min_child_weight": 0.7358778884039002, "log10_subsample": -0.4860173069389343, "max_depth": 4.0, "num_boost_round": 18.0}, "datetime": {"datetime": "2024-01-19 02:06:02", "elapsed": 6866.774696, "delta": 0.004297}}
{"target": -17.674820340789896, "params": {"gamma": 454.8887715697262, "log10_alpha": -1.42940650322475, "log10_colsample_bytree": -0.7383192028727922, "log10_eta": -0.8315014749581673, "log10_lambda": -3.804405605798609, "log10_min_child_weight": 4.119102796567074, "log10_subsample": -0.2833887445712956, "max_depth": 9.0, "num_boost_round": 0.0}, "datetime": {"datetime": "2024-01-19 02:08:06", "elapsed": 6990.691181, "delta": 123.916485}}
{"target": -17.676223803306026, "params": {"gamma": 454.8887715697262, "log10_alpha": -1.42940650322475, "log10_colsample_bytree": -0.7383192028727922, "log10_eta": -0.8315014749581673, "log10_lambda": -3.804405605798609, "log10_min_child_weight": 4.119102796567074, "log10_subsample": -0.2833887445712956, "max_depth": 9.0, "num_boost_round": 1.0}, "datetime": {"datetime": "2024-01-19 02:08:06", "elapsed": 6990.695891, "delta": 0.00471}}
{"target": -17.67727021905468, "params": {"gamma": 454.8887715697262, "log10_alpha": -1.42940650322475, "log10_colsample_bytree": -0.7383192028727922, "log10_eta": -0.8315014749581673, "log10_lambda": -3.804405605798609, "log10_min_child_weight": 4.119102796567074, "log10_subsample": -0.2833887445712956, "max_depth": 9.0, "num_boost_round": 2.0}, "datetime": {"datetime": "2024-01-19 02:08:06", "elapsed": 6990.700157, "delta": 0.004266}}
{"target": -17.679884031843837, "params": {"gamma": 454.8887715697262, "log10_alpha": -1.42940650322475, "log10_colsample_bytree": -0.7383192028727922, "log10_eta": -0.8315014749581673, "log10_lambda": -3.804405605798609, "log10_min_child_weight": 4.119102796567074, "log10_subsample": -0.2833887445712956, "max_depth": 9.0, "num_boost_round": 3.0}, "datetime": {"datetime": "2024-01-19 02:08:06", "elapsed": 6990.704412, "delta": 0.004255}}
{"target": -17.680176069389976, "params": {"gamma": 454.8887715697262, "log10_alpha": -1.42940650322475, "log10_colsample_bytree": -0.7383192028727922, "log10_eta": -0.8315014749581673, "log10_lambda": -3.804405605798609, "log10_min_child_weight": 4.119102796567074, "log10_subsample": -0.2833887445712956, "max_depth": 9.0, "num_boost_round": 4.0}, "datetime": {"datetime": "2024-01-19 02:08:06", "elapsed": 6990.708785, "delta": 0.004373}}
{"target": -17.681148184236157, "params": {"gamma": 454.8887715697262, "log10_alpha": -1.42940650322475, "log10_colsample_bytree": -0.7383192028727922, "log10_eta": -0.8315014749581673, "log10_lambda": -3.804405605798609, "log10_min_child_weight": 4.119102796567074, "log10_subsample": -0.2833887445712956, "max_depth": 9.0, "num_boost_round": 5.0}, "datetime": {"datetime": "2024-01-19 02:08:06", "elapsed": 6990.713165, "delta": 0.00438}}
{"target": -17.685708061703753, "params": {"gamma": 454.8887715697262, "log10_alpha": -1.42940650322475, "log10_colsample_bytree": -0.7383192028727922, "log10_eta": -0.8315014749581673, "log10_lambda": -3.804405605798609, "log10_min_child_weight": 4.119102796567074, "log10_subsample": -0.2833887445712956, "max_depth": 9.0, "num_boost_round": 6.0}, "datetime": {"datetime": "2024-01-19 02:08:06", "elapsed": 6990.717568, "delta": 0.004403}}
{"target": -17.686706386828668, "params": {"gamma": 454.8887715697262, "log10_alpha": -1.42940650322475, "log10_colsample_bytree": -0.7383192028727922, "log10_eta": -0.8315014749581673, "log10_lambda": -3.804405605798609, "log10_min_child_weight": 4.119102796567074, "log10_subsample": -0.2833887445712956, "max_depth": 9.0, "num_boost_round": 7.0}, "datetime": {"datetime": "2024-01-19 02:08:06", "elapsed": 6990.721929, "delta": 0.004361}}
{"target": -17.69018493892701, "params": {"gamma": 454.8887715697262, "log10_alpha": -1.42940650322475, "log10_colsample_bytree": -0.7383192028727922, "log10_eta": -0.8315014749581673, "log10_lambda": -3.804405605798609, "log10_min_child_weight": 4.119102796567074, "log10_subsample": -0.2833887445712956, "max_depth": 9.0, "num_boost_round": 8.0}, "datetime": {"datetime": "2024-01-19 02:08:06", "elapsed": 6990.72622, "delta": 0.004291}}
{"target": -17.693281743127418, "params": {"gamma": 454.8887715697262, "log10_alpha": -1.42940650322475, "log10_colsample_bytree": -0.7383192028727922, "log10_eta": -0.8315014749581673, "log10_lambda": -3.804405605798609, "log10_min_child_weight": 4.119102796567074, "log10_subsample": -0.2833887445712956, "max_depth": 9.0, "num_boost_round": 9.0}, "datetime": {"datetime": "2024-01-19 02:08:06", "elapsed": 6990.730455, "delta": 0.004235}}
{"target": -17.695966777255553, "params": {"gamma": 454.8887715697262, "log10_alpha": -1.42940650322475, "log10_colsample_bytree": -0.7383192028727922, "log10_eta": -0.8315014749581673, "log10_lambda": -3.804405605798609, "log10_min_child_weight": 4.119102796567074, "log10_subsample": -0.2833887445712956, "max_depth": 9.0, "num_boost_round": 10.0}, "datetime": {"datetime": "2024-01-19 02:08:06", "elapsed": 6990.734748, "delta": 0.004293}}
{"target": -17.69824915909438, "params": {"gamma": 454.8887715697262, "log10_alpha": -1.42940650322475, "log10_colsample_bytree": -0.7383192028727922, "log10_eta": -0.8315014749581673, "log10_lambda": -3.804405605798609, "log10_min_child_weight": 4.119102796567074, "log10_subsample": -0.2833887445712956, "max_depth": 9.0, "num_boost_round": 11.0}, "datetime": {"datetime": "2024-01-19 02:08:06", "elapsed": 6990.738956, "delta": 0.004208}}
{"target": -17.700144892423783, "params": {"gamma": 454.8887715697262, "log10_alpha": -1.42940650322475, "log10_colsample_bytree": -0.7383192028727922, "log10_eta": -0.8315014749581673, "log10_lambda": -3.804405605798609, "log10_min_child_weight": 4.119102796567074, "log10_subsample": -0.2833887445712956, "max_depth": 9.0, "num_boost_round": 12.0}, "datetime": {"datetime": "2024-01-19 02:08:06", "elapsed": 6990.743193, "delta": 0.004237}}
{"target": -17.701284803922235, "params": {"gamma": 454.8887715697262, "log10_alpha": -1.42940650322475, "log10_colsample_bytree": -0.7383192028727922, "log10_eta": -0.8315014749581673, "log10_lambda": -3.804405605798609, "log10_min_child_weight": 4.119102796567074, "log10_subsample": -0.2833887445712956, "max_depth": 9.0, "num_boost_round": 13.0}, "datetime": {"datetime": "2024-01-19 02:08:06", "elapsed": 6990.747539, "delta": 0.004346}}
{"target": -17.705389041141686, "params": {"gamma": 454.8887715697262, "log10_alpha": -1.42940650322475, "log10_colsample_bytree": -0.7383192028727922, "log10_eta": -0.8315014749581673, "log10_lambda": -3.804405605798609, "log10_min_child_weight": 4.119102796567074, "log10_subsample": -0.2833887445712956, "max_depth": 9.0, "num_boost_round": 14.0}, "datetime": {"datetime": "2024-01-19 02:08:06", "elapsed": 6990.751817, "delta": 0.004278}}
{"target": -17.70538228754923, "params": {"gamma": 454.8887715697262, "log10_alpha": -1.42940650322475, "log10_colsample_bytree": -0.7383192028727922, "log10_eta": -0.8315014749581673, "log10_lambda": -3.804405605798609, "log10_min_child_weight": 4.119102796567074, "log10_subsample": -0.2833887445712956, "max_depth": 9.0, "num_boost_round": 15.0}, "datetime": {"datetime": "2024-01-19 02:08:06", "elapsed": 6990.756095, "delta": 0.004278}}
{"target": -17.704068310294073, "params": {"gamma": 454.8887715697262, "log10_alpha": -1.42940650322475, "log10_colsample_bytree": -0.7383192028727922, "log10_eta": -0.8315014749581673, "log10_lambda": -3.804405605798609, "log10_min_child_weight": 4.119102796567074, "log10_subsample": -0.2833887445712956, "max_depth": 9.0, "num_boost_round": 16.0}, "datetime": {"datetime": "2024-01-19 02:08:06", "elapsed": 6990.760464, "delta": 0.004369}}
{"target": -17.703944871922147, "params": {"gamma": 454.8887715697262, "log10_alpha": -1.42940650322475, "log10_colsample_bytree": -0.7383192028727922, "log10_eta": -0.8315014749581673, "log10_lambda": -3.804405605798609, "log10_min_child_weight": 4.119102796567074, "log10_subsample": -0.2833887445712956, "max_depth": 9.0, "num_boost_round": 17.0}, "datetime": {"datetime": "2024-01-19 02:08:06", "elapsed": 6990.764755, "delta": 0.004291}}
{"target": -17.705462449086454, "params": {"gamma": 454.8887715697262, "log10_alpha": -1.42940650322475, "log10_colsample_bytree": -0.7383192028727922, "log10_eta": -0.8315014749581673, "log10_lambda": -3.804405605798609, "log10_min_child_weight": 4.119102796567074, "log10_subsample": -0.2833887445712956, "max_depth": 9.0, "num_boost_round": 18.0}, "datetime": {"datetime": "2024-01-19 02:08:06", "elapsed": 6990.769053, "delta": 0.004298}}
{"target": -17.70779280799387, "params": {"gamma": 454.8887715697262, "log10_alpha": -1.42940650322475, "log10_colsample_bytree": -0.7383192028727922, "log10_eta": -0.8315014749581673, "log10_lambda": -3.804405605798609, "log10_min_child_weight": 4.119102796567074, "log10_subsample": -0.2833887445712956, "max_depth": 9.0, "num_boost_round": 19.0}, "datetime": {"datetime": "2024-01-19 02:08:06", "elapsed": 6990.773398, "delta": 0.004345}}
{"target": -17.70930522342035, "params": {"gamma": 454.8887715697262, "log10_alpha": -1.42940650322475, "log10_colsample_bytree": -0.7383192028727922, "log10_eta": -0.8315014749581673, "log10_lambda": -3.804405605798609, "log10_min_child_weight": 4.119102796567074, "log10_subsample": -0.2833887445712956, "max_depth": 9.0, "num_boost_round": 20.0}, "datetime": {"datetime": "2024-01-19 02:08:06", "elapsed": 6990.777716, "delta": 0.004318}}
{"target": -17.709305807784578, "params": {"gamma": 454.8887715697262, "log10_alpha": -1.42940650322475, "log10_colsample_bytree": -0.7383192028727922, "log10_eta": -0.8315014749581673, "log10_lambda": -3.804405605798609, "log10_min_child_weight": 4.119102796567074, "log10_subsample": -0.2833887445712956, "max_depth": 9.0, "num_boost_round": 21.0}, "datetime": {"datetime": "2024-01-19 02:08:06", "elapsed": 6990.782, "delta": 0.004284}}
{"target": -17.711151449978157, "params": {"gamma": 454.8887715697262, "log10_alpha": -1.42940650322475, "log10_colsample_bytree": -0.7383192028727922, "log10_eta": -0.8315014749581673, "log10_lambda": -3.804405605798609, "log10_min_child_weight": 4.119102796567074, "log10_subsample": -0.2833887445712956, "max_depth": 9.0, "num_boost_round": 22.0}, "datetime": {"datetime": "2024-01-19 02:08:06", "elapsed": 6990.786266, "delta": 0.004266}}
{"target": -17.71164301440138, "params": {"gamma": 454.8887715697262, "log10_alpha": -1.42940650322475, "log10_colsample_bytree": -0.7383192028727922, "log10_eta": -0.8315014749581673, "log10_lambda": -3.804405605798609, "log10_min_child_weight": 4.119102796567074, "log10_subsample": -0.2833887445712956, "max_depth": 9.0, "num_boost_round": 23.0}, "datetime": {"datetime": "2024-01-19 02:08:06", "elapsed": 6990.790648, "delta": 0.004382}}
{"target": -17.71520159286268, "params": {"gamma": 454.8887715697262, "log10_alpha": -1.42940650322475, "log10_colsample_bytree": -0.7383192028727922, "log10_eta": -0.8315014749581673, "log10_lambda": -3.804405605798609, "log10_min_child_weight": 4.119102796567074, "log10_subsample": -0.2833887445712956, "max_depth": 9.0, "num_boost_round": 24.0}, "datetime": {"datetime": "2024-01-19 02:08:06", "elapsed": 6990.794926, "delta": 0.004278}}
{"target": -17.71873628399379, "params": {"gamma": 454.8887715697262, "log10_alpha": -1.42940650322475, "log10_colsample_bytree": -0.7383192028727922, "log10_eta": -0.8315014749581673, "log10_lambda": -3.804405605798609, "log10_min_child_weight": 4.119102796567074, "log10_subsample": -0.2833887445712956, "max_depth": 9.0, "num_boost_round": 25.0}, "datetime": {"datetime": "2024-01-19 02:08:06", "elapsed": 6990.799209, "delta": 0.004283}}
{"target": -17.721340888232998, "params": {"gamma": 454.8887715697262, "log10_alpha": -1.42940650322475, "log10_colsample_bytree": -0.7383192028727922, "log10_eta": -0.8315014749581673, "log10_lambda": -3.804405605798609, "log10_min_child_weight": 4.119102796567074, "log10_subsample": -0.2833887445712956, "max_depth": 9.0, "num_boost_round": 26.0}, "datetime": {"datetime": "2024-01-19 02:08:06", "elapsed": 6990.80351, "delta": 0.004301}}
{"target": -17.72063070760525, "params": {"gamma": 454.8887715697262, "log10_alpha": -1.42940650322475, "log10_colsample_bytree": -0.7383192028727922, "log10_eta": -0.8315014749581673, "log10_lambda": -3.804405605798609, "log10_min_child_weight": 4.119102796567074, "log10_subsample": -0.2833887445712956, "max_depth": 9.0, "num_boost_round": 27.0}, "datetime": {"datetime": "2024-01-19 02:08:06", "elapsed": 6990.807919, "delta": 0.004409}}
{"target": -17.720335336020828, "params": {"gamma": 454.8887715697262, "log10_alpha": -1.42940650322475, "log10_colsample_bytree": -0.7383192028727922, "log10_eta": -0.8315014749581673, "log10_lambda": -3.804405605798609, "log10_min_child_weight": 4.119102796567074, "log10_subsample": -0.2833887445712956, "max_depth": 9.0, "num_boost_round": 28.0}, "datetime": {"datetime": "2024-01-19 02:08:06", "elapsed": 6990.812228, "delta": 0.004309}}
{"target": -17.72120867118223, "params": {"gamma": 454.8887715697262, "log10_alpha": -1.42940650322475, "log10_colsample_bytree": -0.7383192028727922, "log10_eta": -0.8315014749581673, "log10_lambda": -3.804405605798609, "log10_min_child_weight": 4.119102796567074, "log10_subsample": -0.2833887445712956, "max_depth": 9.0, "num_boost_round": 29.0}, "datetime": {"datetime": "2024-01-19 02:08:06", "elapsed": 6990.816488, "delta": 0.00426}}
{"target": -17.721672168138472, "params": {"gamma": 454.8887715697262, "log10_alpha": -1.42940650322475, "log10_colsample_bytree": -0.7383192028727922, "log10_eta": -0.8315014749581673, "log10_lambda": -3.804405605798609, "log10_min_child_weight": 4.119102796567074, "log10_subsample": -0.2833887445712956, "max_depth": 9.0, "num_boost_round": 30.0}, "datetime": {"datetime": "2024-01-19 02:08:06", "elapsed": 6990.820766, "delta": 0.004278}}
{"target": -17.722146276336318, "params": {"gamma": 454.8887715697262, "log10_alpha": -1.42940650322475, "log10_colsample_bytree": -0.7383192028727922, "log10_eta": -0.8315014749581673, "log10_lambda": -3.804405605798609, "log10_min_child_weight": 4.119102796567074, "log10_subsample": -0.2833887445712956, "max_depth": 9.0, "num_boost_round": 31.0}, "datetime": {"datetime": "2024-01-19 02:08:06", "elapsed": 6990.825123, "delta": 0.004357}}
{"target": -17.73036362839743, "params": {"gamma": 454.8887715697262, "log10_alpha": -1.42940650322475, "log10_colsample_bytree": -0.7383192028727922, "log10_eta": -0.8315014749581673, "log10_lambda": -3.804405605798609, "log10_min_child_weight": 4.119102796567074, "log10_subsample": -0.2833887445712956, "max_depth": 9.0, "num_boost_round": 32.0}, "datetime": {"datetime": "2024-01-19 02:08:06", "elapsed": 6990.829432, "delta": 0.004309}}
{"target": -17.729378050685167, "params": {"gamma": 454.8887715697262, "log10_alpha": -1.42940650322475, "log10_colsample_bytree": -0.7383192028727922, "log10_eta": -0.8315014749581673, "log10_lambda": -3.804405605798609, "log10_min_child_weight": 4.119102796567074, "log10_subsample": -0.2833887445712956, "max_depth": 9.0, "num_boost_round": 33.0}, "datetime": {"datetime": "2024-01-19 02:08:06", "elapsed": 6990.833707, "delta": 0.004275}}
{"target": -17.7322755162861, "params": {"gamma": 454.8887715697262, "log10_alpha": -1.42940650322475, "log10_colsample_bytree": -0.7383192028727922, "log10_eta": -0.8315014749581673, "log10_lambda": -3.804405605798609, "log10_min_child_weight": 4.119102796567074, "log10_subsample": -0.2833887445712956, "max_depth": 9.0, "num_boost_round": 34.0}, "datetime": {"datetime": "2024-01-19 02:08:06", "elapsed": 6990.83798, "delta": 0.004273}}
