{"target": -13.758535927658578, "params": {"gamma": 871.380389539304, "log10_alpha": -2.222449854699855, "log10_colsample_bytree": -0.5092696181298004, "log10_eta": -3.972163800704988, "log10_lambda": 0.17909322931926752, "log10_min_child_weight": 3.6820883423380235, "log10_subsample": -0.5037334577214214, "max_depth": 9.0, "num_boost_round": 0.0}, "datetime": {"datetime": "2024-01-19 00:21:46", "elapsed": 626.6944, "delta": 21.586209}}
{"target": -13.75853271415763, "params": {"gamma": 871.380389539304, "log10_alpha": -2.222449854699855, "log10_colsample_bytree": -0.5092696181298004, "log10_eta": -3.972163800704988, "log10_lambda": 0.17909322931926752, "log10_min_child_weight": 3.6820883423380235, "log10_subsample": -0.5037334577214214, "max_depth": 9.0, "num_boost_round": 1.0}, "datetime": {"datetime": "2024-01-19 00:21:46", "elapsed": 626.695778, "delta": 0.001378}}
{"target": -13.758531515541955, "params": {"gamma": 871.380389539304, "log10_alpha": -2.222449854699855, "log10_colsample_bytree": -0.5092696181298004, "log10_eta": -3.972163800704988, "log10_lambda": 0.17909322931926752, "log10_min_child_weight": 3.6820883423380235, "log10_subsample": -0.5037334577214214, "max_depth": 9.0, "num_boost_round": 2.0}, "datetime": {"datetime": "2024-01-19 00:21:46", "elapsed": 626.697097, "delta": 0.001319}}
{"target": -13.758530789878415, "params": {"gamma": 871.380389539304, "log10_alpha": -2.222449854699855, "log10_colsample_bytree": -0.5092696181298004, "log10_eta": -3.972163800704988, "log10_lambda": 0.17909322931926752, "log10_min_child_weight": 3.6820883423380235, "log10_subsample": -0.5037334577214214, "max_depth": 9.0, "num_boost_round": 3.0}, "datetime": {"datetime": "2024-01-19 00:21:46", "elapsed": 626.702471, "delta": 0.005374}}
{"target": -13.758529465577869, "params": {"gamma": 871.380389539304, "log10_alpha": -2.222449854699855, "log10_colsample_bytree": -0.5092696181298004, "log10_eta": -3.972163800704988, "log10_lambda": 0.17909322931926752, "log10_min_child_weight": 3.6820883423380235, "log10_subsample": -0.5037334577214214, "max_depth": 9.0, "num_boost_round": 4.0}, "datetime": {"datetime": "2024-01-19 00:21:46", "elapsed": 626.703466, "delta": 0.000995}}
{"target": -13.758525833714117, "params": {"gamma": 871.380389539304, "log10_alpha": -2.222449854699855, "log10_colsample_bytree": -0.5092696181298004, "log10_eta": -3.972163800704988, "log10_lambda": 0.17909322931926752, "log10_min_child_weight": 3.6820883423380235, "log10_subsample": -0.5037334577214214, "max_depth": 9.0, "num_boost_round": 5.0}, "datetime": {"datetime": "2024-01-19 00:21:46", "elapsed": 626.704386, "delta": 0.00092}}
{"target": -13.758526141684019, "params": {"gamma": 871.380389539304, "log10_alpha": -2.222449854699855, "log10_colsample_bytree": -0.5092696181298004, "log10_eta": -3.972163800704988, "log10_lambda": 0.17909322931926752, "log10_min_child_weight": 3.6820883423380235, "log10_subsample": -0.5037334577214214, "max_depth": 9.0, "num_boost_round": 6.0}, "datetime": {"datetime": "2024-01-19 00:21:46", "elapsed": 626.705316, "delta": 0.00093}}
{"target": -13.75852518979306, "params": {"gamma": 871.380389539304, "log10_alpha": -2.222449854699855, "log10_colsample_bytree": -0.5092696181298004, "log10_eta": -3.972163800704988, "log10_lambda": 0.17909322931926752, "log10_min_child_weight": 3.6820883423380235, "log10_subsample": -0.5037334577214214, "max_depth": 9.0, "num_boost_round": 7.0}, "datetime": {"datetime": "2024-01-19 00:21:46", "elapsed": 626.706226, "delta": 0.00091}}
{"target": -13.758522450653146, "params": {"gamma": 871.380389539304, "log10_alpha": -2.222449854699855, "log10_colsample_bytree": -0.5092696181298004, "log10_eta": -3.972163800704988, "log10_lambda": 0.17909322931926752, "log10_min_child_weight": 3.6820883423380235, "log10_subsample": -0.5037334577214214, "max_depth": 9.0, "num_boost_round": 8.0}, "datetime": {"datetime": "2024-01-19 00:21:46", "elapsed": 626.707158, "delta": 0.000932}}
{"target": -13.758521138382985, "params": {"gamma": 871.380389539304, "log10_alpha": -2.222449854699855, "log10_colsample_bytree": -0.5092696181298004, "log10_eta": -3.972163800704988, "log10_lambda": 0.17909322931926752, "log10_min_child_weight": 3.6820883423380235, "log10_subsample": -0.5037334577214214, "max_depth": 9.0, "num_boost_round": 9.0}, "datetime": {"datetime": "2024-01-19 00:21:46", "elapsed": 626.708068, "delta": 0.00091}}
{"target": -13.758516903690587, "params": {"gamma": 871.380389539304, "log10_alpha": -2.222449854699855, "log10_colsample_bytree": -0.5092696181298004, "log10_eta": -3.972163800704988, "log10_lambda": 0.17909322931926752, "log10_min_child_weight": 3.6820883423380235, "log10_subsample": -0.5037334577214214, "max_depth": 9.0, "num_boost_round": 10.0}, "datetime": {"datetime": "2024-01-19 00:21:46", "elapsed": 626.709173, "delta": 0.001105}}
{"target": -13.758512955121466, "params": {"gamma": 871.380389539304, "log10_alpha": -2.222449854699855, "log10_colsample_bytree": -0.5092696181298004, "log10_eta": -3.972163800704988, "log10_lambda": 0.17909322931926752, "log10_min_child_weight": 3.6820883423380235, "log10_subsample": -0.5037334577214214, "max_depth": 9.0, "num_boost_round": 11.0}, "datetime": {"datetime": "2024-01-19 00:21:46", "elapsed": 626.710108, "delta": 0.000935}}
{"target": -13.758511249231553, "params": {"gamma": 871.380389539304, "log10_alpha": -2.222449854699855, "log10_colsample_bytree": -0.5092696181298004, "log10_eta": -3.972163800704988, "log10_lambda": 0.17909322931926752, "log10_min_child_weight": 3.6820883423380235, "log10_subsample": -0.5037334577214214, "max_depth": 9.0, "num_boost_round": 12.0}, "datetime": {"datetime": "2024-01-19 00:21:46", "elapsed": 626.711029, "delta": 0.000921}}
{"target": -13.758510093578465, "params": {"gamma": 871.380389539304, "log10_alpha": -2.222449854699855, "log10_colsample_bytree": -0.5092696181298004, "log10_eta": -3.972163800704988, "log10_lambda": 0.17909322931926752, "log10_min_child_weight": 3.6820883423380235, "log10_subsample": -0.5037334577214214, "max_depth": 9.0, "num_boost_round": 13.0}, "datetime": {"datetime": "2024-01-19 00:21:46", "elapsed": 626.71197, "delta": 0.000941}}
{"target": -13.758553497742307, "params": {"gamma": 861.0667964469793, "log10_alpha": -1.509551511145216, "log10_colsample_bytree": -0.00973008595323599, "log10_eta": -2.7465410717499177, "log10_lambda": -3.443310220244222, "log10_min_child_weight": 1.9869423494245186, "log10_subsample": -0.7796005312196141, "max_depth": 6.0, "num_boost_round": 0.0}, "datetime": {"datetime": "2024-01-19 00:22:07", "elapsed": 647.254556, "delta": 20.542586}}
{"target": -13.75849221434066, "params": {"gamma": 861.0667964469793, "log10_alpha": -1.509551511145216, "log10_colsample_bytree": -0.00973008595323599, "log10_eta": -2.7465410717499177, "log10_lambda": -3.443310220244222, "log10_min_child_weight": 1.9869423494245186, "log10_subsample": -0.7796005312196141, "max_depth": 6.0, "num_boost_round": 1.0}, "datetime": {"datetime": "2024-01-19 00:22:07", "elapsed": 647.256598, "delta": 0.002042}}
{"target": -13.75847080563187, "params": {"gamma": 861.0667964469793, "log10_alpha": -1.509551511145216, "log10_colsample_bytree": -0.00973008595323599, "log10_eta": -2.7465410717499177, "log10_lambda": -3.443310220244222, "log10_min_child_weight": 1.9869423494245186, "log10_subsample": -0.7796005312196141, "max_depth": 6.0, "num_boost_round": 2.0}, "datetime": {"datetime": "2024-01-19 00:22:07", "elapsed": 647.257679, "delta": 0.001081}}
{"target": -13.758428569266906, "params": {"gamma": 861.0667964469793, "log10_alpha": -1.509551511145216, "log10_colsample_bytree": -0.00973008595323599, "log10_eta": -2.7465410717499177, "log10_lambda": -3.443310220244222, "log10_min_child_weight": 1.9869423494245186, "log10_subsample": -0.7796005312196141, "max_depth": 6.0, "num_boost_round": 3.0}, "datetime": {"datetime": "2024-01-19 00:22:07", "elapsed": 647.258693, "delta": 0.001014}}
{"target": -13.7583471372612, "params": {"gamma": 861.0667964469793, "log10_alpha": -1.509551511145216, "log10_colsample_bytree": -0.00973008595323599, "log10_eta": -2.7465410717499177, "log10_lambda": -3.443310220244222, "log10_min_child_weight": 1.9869423494245186, "log10_subsample": -0.7796005312196141, "max_depth": 6.0, "num_boost_round": 4.0}, "datetime": {"datetime": "2024-01-19 00:22:07", "elapsed": 647.259609, "delta": 0.000916}}
{"target": -13.758273156310443, "params": {"gamma": 861.0667964469793, "log10_alpha": -1.509551511145216, "log10_colsample_bytree": -0.00973008595323599, "log10_eta": -2.7465410717499177, "log10_lambda": -3.443310220244222, "log10_min_child_weight": 1.9869423494245186, "log10_subsample": -0.7796005312196141, "max_depth": 6.0, "num_boost_round": 5.0}, "datetime": {"datetime": "2024-01-19 00:22:07", "elapsed": 647.260962, "delta": 0.001353}}
{"target": -13.75819109164832, "params": {"gamma": 861.0667964469793, "log10_alpha": -1.509551511145216, "log10_colsample_bytree": -0.00973008595323599, "log10_eta": -2.7465410717499177, "log10_lambda": -3.443310220244222, "log10_min_child_weight": 1.9869423494245186, "log10_subsample": -0.7796005312196141, "max_depth": 6.0, "num_boost_round": 6.0}, "datetime": {"datetime": "2024-01-19 00:22:07", "elapsed": 647.261906, "delta": 0.000944}}
{"target": -13.7581866570988, "params": {"gamma": 861.0667964469793, "log10_alpha": -1.509551511145216, "log10_colsample_bytree": -0.00973008595323599, "log10_eta": -2.7465410717499177, "log10_lambda": -3.443310220244222, "log10_min_child_weight": 1.9869423494245186, "log10_subsample": -0.7796005312196141, "max_depth": 6.0, "num_boost_round": 7.0}, "datetime": {"datetime": "2024-01-19 00:22:07", "elapsed": 647.262865, "delta": 0.000959}}
{"target": -13.758133056445955, "params": {"gamma": 861.0667964469793, "log10_alpha": -1.509551511145216, "log10_colsample_bytree": -0.00973008595323599, "log10_eta": -2.7465410717499177, "log10_lambda": -3.443310220244222, "log10_min_child_weight": 1.9869423494245186, "log10_subsample": -0.7796005312196141, "max_depth": 6.0, "num_boost_round": 8.0}, "datetime": {"datetime": "2024-01-19 00:22:07", "elapsed": 647.263827, "delta": 0.000962}}
{"target": -13.758153358856392, "params": {"gamma": 861.0667964469793, "log10_alpha": -1.509551511145216, "log10_colsample_bytree": -0.00973008595323599, "log10_eta": -2.7465410717499177, "log10_lambda": -3.443310220244222, "log10_min_child_weight": 1.9869423494245186, "log10_subsample": -0.7796005312196141, "max_depth": 6.0, "num_boost_round": 9.0}, "datetime": {"datetime": "2024-01-19 00:22:07", "elapsed": 647.264755, "delta": 0.000928}}
{"target": -13.758128163903043, "params": {"gamma": 861.0667964469793, "log10_alpha": -1.509551511145216, "log10_colsample_bytree": -0.00973008595323599, "log10_eta": -2.7465410717499177, "log10_lambda": -3.443310220244222, "log10_min_child_weight": 1.9869423494245186, "log10_subsample": -0.7796005312196141, "max_depth": 6.0, "num_boost_round": 10.0}, "datetime": {"datetime": "2024-01-19 00:22:07", "elapsed": 647.265683, "delta": 0.000928}}
{"target": -13.758074815217896, "params": {"gamma": 861.0667964469793, "log10_alpha": -1.509551511145216, "log10_colsample_bytree": -0.00973008595323599, "log10_eta": -2.7465410717499177, "log10_lambda": -3.443310220244222, "log10_min_child_weight": 1.9869423494245186, "log10_subsample": -0.7796005312196141, "max_depth": 6.0, "num_boost_round": 11.0}, "datetime": {"datetime": "2024-01-19 00:22:07", "elapsed": 647.266604, "delta": 0.000921}}
{"target": -13.75804569782203, "params": {"gamma": 861.0667964469793, "log10_alpha": -1.509551511145216, "log10_colsample_bytree": -0.00973008595323599, "log10_eta": -2.7465410717499177, "log10_lambda": -3.443310220244222, "log10_min_child_weight": 1.9869423494245186, "log10_subsample": -0.7796005312196141, "max_depth": 6.0, "num_boost_round": 12.0}, "datetime": {"datetime": "2024-01-19 00:22:07", "elapsed": 647.267536, "delta": 0.000932}}
{"target": -13.758038368487053, "params": {"gamma": 861.0667964469793, "log10_alpha": -1.509551511145216, "log10_colsample_bytree": -0.00973008595323599, "log10_eta": -2.7465410717499177, "log10_lambda": -3.443310220244222, "log10_min_child_weight": 1.9869423494245186, "log10_subsample": -0.7796005312196141, "max_depth": 6.0, "num_boost_round": 13.0}, "datetime": {"datetime": "2024-01-19 00:22:07", "elapsed": 647.26847, "delta": 0.000934}}
{"target": -13.758468815207994, "params": {"gamma": 866.3874234045915, "log10_alpha": -0.49482407785542115, "log10_colsample_bytree": -0.34868274352579187, "log10_eta": -2.431086350909082, "log10_lambda": -1.1311585554570796, "log10_min_child_weight": 1.7082018859712984, "log10_subsample": -0.7094910146661985, "max_depth": 6.0, "num_boost_round": 0.0}, "datetime": {"datetime": "2024-01-19 00:22:30", "elapsed": 670.57931, "delta": 23.31084}}
{"target": -13.7584222747241, "params": {"gamma": 866.3874234045915, "log10_alpha": -0.49482407785542115, "log10_colsample_bytree": -0.34868274352579187, "log10_eta": -2.431086350909082, "log10_lambda": -1.1311585554570796, "log10_min_child_weight": 1.7082018859712984, "log10_subsample": -0.7094910146661985, "max_depth": 6.0, "num_boost_round": 1.0}, "datetime": {"datetime": "2024-01-19 00:22:30", "elapsed": 670.580751, "delta": 0.001441}}
{"target": -13.7583305356597, "params": {"gamma": 866.3874234045915, "log10_alpha": -0.49482407785542115, "log10_colsample_bytree": -0.34868274352579187, "log10_eta": -2.431086350909082, "log10_lambda": -1.1311585554570796, "log10_min_child_weight": 1.7082018859712984, "log10_subsample": -0.7094910146661985, "max_depth": 6.0, "num_boost_round": 2.0}, "datetime": {"datetime": "2024-01-19 00:22:30", "elapsed": 670.581825, "delta": 0.001074}}
{"target": -13.758292678749926, "params": {"gamma": 866.3874234045915, "log10_alpha": -0.49482407785542115, "log10_colsample_bytree": -0.34868274352579187, "log10_eta": -2.431086350909082, "log10_lambda": -1.1311585554570796, "log10_min_child_weight": 1.7082018859712984, "log10_subsample": -0.7094910146661985, "max_depth": 6.0, "num_boost_round": 3.0}, "datetime": {"datetime": "2024-01-19 00:22:30", "elapsed": 670.582849, "delta": 0.001024}}
{"target": -13.758221264259394, "params": {"gamma": 866.3874234045915, "log10_alpha": -0.49482407785542115, "log10_colsample_bytree": -0.34868274352579187, "log10_eta": -2.431086350909082, "log10_lambda": -1.1311585554570796, "log10_min_child_weight": 1.7082018859712984, "log10_subsample": -0.7094910146661985, "max_depth": 6.0, "num_boost_round": 4.0}, "datetime": {"datetime": "2024-01-19 00:22:30", "elapsed": 670.583884, "delta": 0.001035}}
{"target": -13.758198420122158, "params": {"gamma": 866.3874234045915, "log10_alpha": -0.49482407785542115, "log10_colsample_bytree": -0.34868274352579187, "log10_eta": -2.431086350909082, "log10_lambda": -1.1311585554570796, "log10_min_child_weight": 1.7082018859712984, "log10_subsample": -0.7094910146661985, "max_depth": 6.0, "num_boost_round": 5.0}, "datetime": {"datetime": "2024-01-19 00:22:30", "elapsed": 670.584875, "delta": 0.000991}}
{"target": -13.758175064912168, "params": {"gamma": 866.3874234045915, "log10_alpha": -0.49482407785542115, "log10_colsample_bytree": -0.34868274352579187, "log10_eta": -2.431086350909082, "log10_lambda": -1.1311585554570796, "log10_min_child_weight": 1.7082018859712984, "log10_subsample": -0.7094910146661985, "max_depth": 6.0, "num_boost_round": 6.0}, "datetime": {"datetime": "2024-01-19 00:22:30", "elapsed": 670.58582, "delta": 0.000945}}
{"target": -13.758098949468625, "params": {"gamma": 866.3874234045915, "log10_alpha": -0.49482407785542115, "log10_colsample_bytree": -0.34868274352579187, "log10_eta": -2.431086350909082, "log10_lambda": -1.1311585554570796, "log10_min_child_weight": 1.7082018859712984, "log10_subsample": -0.7094910146661985, "max_depth": 6.0, "num_boost_round": 7.0}, "datetime": {"datetime": "2024-01-19 00:22:30", "elapsed": 670.586766, "delta": 0.000946}}
{"target": -13.758076591020219, "params": {"gamma": 866.3874234045915, "log10_alpha": -0.49482407785542115, "log10_colsample_bytree": -0.34868274352579187, "log10_eta": -2.431086350909082, "log10_lambda": -1.1311585554570796, "log10_min_child_weight": 1.7082018859712984, "log10_subsample": -0.7094910146661985, "max_depth": 6.0, "num_boost_round": 8.0}, "datetime": {"datetime": "2024-01-19 00:22:30", "elapsed": 670.587737, "delta": 0.000971}}
{"target": -13.757969046568126, "params": {"gamma": 866.3874234045915, "log10_alpha": -0.49482407785542115, "log10_colsample_bytree": -0.34868274352579187, "log10_eta": -2.431086350909082, "log10_lambda": -1.1311585554570796, "log10_min_child_weight": 1.7082018859712984, "log10_subsample": -0.7094910146661985, "max_depth": 6.0, "num_boost_round": 9.0}, "datetime": {"datetime": "2024-01-19 00:22:30", "elapsed": 670.588731, "delta": 0.000994}}
{"target": -13.757854866240054, "params": {"gamma": 866.3874234045915, "log10_alpha": -0.49482407785542115, "log10_colsample_bytree": -0.34868274352579187, "log10_eta": -2.431086350909082, "log10_lambda": -1.1311585554570796, "log10_min_child_weight": 1.7082018859712984, "log10_subsample": -0.7094910146661985, "max_depth": 6.0, "num_boost_round": 10.0}, "datetime": {"datetime": "2024-01-19 00:22:30", "elapsed": 670.589719, "delta": 0.000988}}
{"target": -13.75767586670152, "params": {"gamma": 866.3874234045915, "log10_alpha": -0.49482407785542115, "log10_colsample_bytree": -0.34868274352579187, "log10_eta": -2.431086350909082, "log10_lambda": -1.1311585554570796, "log10_min_child_weight": 1.7082018859712984, "log10_subsample": -0.7094910146661985, "max_depth": 6.0, "num_boost_round": 11.0}, "datetime": {"datetime": "2024-01-19 00:22:30", "elapsed": 670.590708, "delta": 0.000989}}
{"target": -13.757560965187349, "params": {"gamma": 866.3874234045915, "log10_alpha": -0.49482407785542115, "log10_colsample_bytree": -0.34868274352579187, "log10_eta": -2.431086350909082, "log10_lambda": -1.1311585554570796, "log10_min_child_weight": 1.7082018859712984, "log10_subsample": -0.7094910146661985, "max_depth": 6.0, "num_boost_round": 12.0}, "datetime": {"datetime": "2024-01-19 00:22:30", "elapsed": 670.591752, "delta": 0.001044}}
{"target": -13.757521171888488, "params": {"gamma": 866.3874234045915, "log10_alpha": -0.49482407785542115, "log10_colsample_bytree": -0.34868274352579187, "log10_eta": -2.431086350909082, "log10_lambda": -1.1311585554570796, "log10_min_child_weight": 1.7082018859712984, "log10_subsample": -0.7094910146661985, "max_depth": 6.0, "num_boost_round": 13.0}, "datetime": {"datetime": "2024-01-19 00:22:30", "elapsed": 670.592772, "delta": 0.00102}}
{"target": -13.7576806000493, "params": {"gamma": 866.3874234045915, "log10_alpha": -0.49482407785542115, "log10_colsample_bytree": -0.34868274352579187, "log10_eta": -2.431086350909082, "log10_lambda": -1.1311585554570796, "log10_min_child_weight": 1.7082018859712984, "log10_subsample": -0.7094910146661985, "max_depth": 6.0, "num_boost_round": 14.0}, "datetime": {"datetime": "2024-01-19 00:22:30", "elapsed": 670.593762, "delta": 0.00099}}
{"target": -13.757440092615115, "params": {"gamma": 866.3874234045915, "log10_alpha": -0.49482407785542115, "log10_colsample_bytree": -0.34868274352579187, "log10_eta": -2.431086350909082, "log10_lambda": -1.1311585554570796, "log10_min_child_weight": 1.7082018859712984, "log10_subsample": -0.7094910146661985, "max_depth": 6.0, "num_boost_round": 15.0}, "datetime": {"datetime": "2024-01-19 00:22:30", "elapsed": 670.594753, "delta": 0.000991}}
{"target": -13.757465332341, "params": {"gamma": 866.3874234045915, "log10_alpha": -0.49482407785542115, "log10_colsample_bytree": -0.34868274352579187, "log10_eta": -2.431086350909082, "log10_lambda": -1.1311585554570796, "log10_min_child_weight": 1.7082018859712984, "log10_subsample": -0.7094910146661985, "max_depth": 6.0, "num_boost_round": 16.0}, "datetime": {"datetime": "2024-01-19 00:22:30", "elapsed": 670.595734, "delta": 0.000981}}
{"target": -13.757374720344945, "params": {"gamma": 866.3874234045915, "log10_alpha": -0.49482407785542115, "log10_colsample_bytree": -0.34868274352579187, "log10_eta": -2.431086350909082, "log10_lambda": -1.1311585554570796, "log10_min_child_weight": 1.7082018859712984, "log10_subsample": -0.7094910146661985, "max_depth": 6.0, "num_boost_round": 17.0}, "datetime": {"datetime": "2024-01-19 00:22:30", "elapsed": 670.596731, "delta": 0.000997}}
{"target": -13.757397258340214, "params": {"gamma": 866.3874234045915, "log10_alpha": -0.49482407785542115, "log10_colsample_bytree": -0.34868274352579187, "log10_eta": -2.431086350909082, "log10_lambda": -1.1311585554570796, "log10_min_child_weight": 1.7082018859712984, "log10_subsample": -0.7094910146661985, "max_depth": 6.0, "num_boost_round": 18.0}, "datetime": {"datetime": "2024-01-19 00:22:30", "elapsed": 670.597725, "delta": 0.000994}}
{"target": -13.757227529492022, "params": {"gamma": 866.3874234045915, "log10_alpha": -0.49482407785542115, "log10_colsample_bytree": -0.34868274352579187, "log10_eta": -2.431086350909082, "log10_lambda": -1.1311585554570796, "log10_min_child_weight": 1.7082018859712984, "log10_subsample": -0.7094910146661985, "max_depth": 6.0, "num_boost_round": 19.0}, "datetime": {"datetime": "2024-01-19 00:22:30", "elapsed": 670.598732, "delta": 0.001007}}
{"target": -13.757137948405509, "params": {"gamma": 866.3874234045915, "log10_alpha": -0.49482407785542115, "log10_colsample_bytree": -0.34868274352579187, "log10_eta": -2.431086350909082, "log10_lambda": -1.1311585554570796, "log10_min_child_weight": 1.7082018859712984, "log10_subsample": -0.7094910146661985, "max_depth": 6.0, "num_boost_round": 20.0}, "datetime": {"datetime": "2024-01-19 00:22:30", "elapsed": 670.599719, "delta": 0.000987}}
