{"target": -17.677218240837256, "params": {"gamma": 394.6192257850223, "log10_alpha": -3.5907725647754427, "log10_colsample_bytree": -0.3611823462667979, "log10_eta": -3.6948823159642257, "log10_lambda": 0.7628268721186666, "log10_min_child_weight": 1.3790186890560845, "log10_subsample": -0.9497385786482727, "max_depth": 5.0, "num_boost_round": 0.0}, "datetime": {"datetime": "2024-01-19 01:51:57", "elapsed": 6007.795701, "delta": 99.642971}}
{"target": -17.67719818296322, "params": {"gamma": 394.6192257850223, "log10_alpha": -3.5907725647754427, "log10_colsample_bytree": -0.3611823462667979, "log10_eta": -3.6948823159642257, "log10_lambda": 0.7628268721186666, "log10_min_child_weight": 1.3790186890560845, "log10_subsample": -0.9497385786482727, "max_depth": 5.0, "num_boost_round": 1.0}, "datetime": {"datetime": "2024-01-19 01:51:58", "elapsed": 6007.802219, "delta": 0.006518}}
{"target": -17.677193570192756, "params": {"gamma": 394.6192257850223, "log10_alpha": -3.5907725647754427, "log10_colsample_bytree": -0.3611823462667979, "log10_eta": -3.6948823159642257, "log10_lambda": 0.7628268721186666, "log10_min_child_weight": 1.3790186890560845, "log10_subsample": -0.9497385786482727, "max_depth": 5.0, "num_boost_round": 2.0}, "datetime": {"datetime": "2024-01-19 01:51:58", "elapsed": 6007.807951, "delta": 0.005732}}
{"target": -17.677185575921335, "params": {"gamma": 394.6192257850223, "log10_alpha": -3.5907725647754427, "log10_colsample_bytree": -0.3611823462667979, "log10_eta": -3.6948823159642257, "log10_lambda": 0.7628268721186666, "log10_min_child_weight": 1.3790186890560845, "log10_subsample": -0.9497385786482727, "max_depth": 5.0, "num_boost_round": 3.0}, "datetime": {"datetime": "2024-01-19 01:51:58", "elapsed": 6007.813549, "delta": 0.005598}}
{"target": -17.67716769573677, "params": {"gamma": 394.6192257850223, "log10_alpha": -3.5907725647754427, "log10_colsample_bytree": -0.3611823462667979, "log10_eta": -3.6948823159642257, "log10_lambda": 0.7628268721186666, "log10_min_child_weight": 1.3790186890560845, "log10_subsample": -0.9497385786482727, "max_depth": 5.0, "num_boost_round": 4.0}, "datetime": {"datetime": "2024-01-19 01:51:58", "elapsed": 6007.81902, "delta": 0.005471}}
{"target": -17.677157876003665, "params": {"gamma": 394.6192257850223, "log10_alpha": -3.5907725647754427, "log10_colsample_bytree": -0.3611823462667979, "log10_eta": -3.6948823159642257, "log10_lambda": 0.7628268721186666, "log10_min_child_weight": 1.3790186890560845, "log10_subsample": -0.9497385786482727, "max_depth": 5.0, "num_boost_round": 5.0}, "datetime": {"datetime": "2024-01-19 01:51:58", "elapsed": 6007.82456, "delta": 0.00554}}
{"target": -17.6771578232817, "params": {"gamma": 394.6192257850223, "log10_alpha": -3.5907725647754427, "log10_colsample_bytree": -0.3611823462667979, "log10_eta": -3.6948823159642257, "log10_lambda": 0.7628268721186666, "log10_min_child_weight": 1.3790186890560845, "log10_subsample": -0.9497385786482727, "max_depth": 5.0, "num_boost_round": 6.0}, "datetime": {"datetime": "2024-01-19 01:51:58", "elapsed": 6007.830048, "delta": 0.005488}}
{"target": -17.677150310244986, "params": {"gamma": 394.6192257850223, "log10_alpha": -3.5907725647754427, "log10_colsample_bytree": -0.3611823462667979, "log10_eta": -3.6948823159642257, "log10_lambda": 0.7628268721186666, "log10_min_child_weight": 1.3790186890560845, "log10_subsample": -0.9497385786482727, "max_depth": 5.0, "num_boost_round": 7.0}, "datetime": {"datetime": "2024-01-19 01:51:58", "elapsed": 6007.836368, "delta": 0.00632}}
{"target": -17.677141030841188, "params": {"gamma": 394.6192257850223, "log10_alpha": -3.5907725647754427, "log10_colsample_bytree": -0.3611823462667979, "log10_eta": -3.6948823159642257, "log10_lambda": 0.7628268721186666, "log10_min_child_weight": 1.3790186890560845, "log10_subsample": -0.9497385786482727, "max_depth": 5.0, "num_boost_round": 8.0}, "datetime": {"datetime": "2024-01-19 01:51:58", "elapsed": 6007.842507, "delta": 0.006139}}
{"target": -17.677129393899992, "params": {"gamma": 394.6192257850223, "log10_alpha": -3.5907725647754427, "log10_colsample_bytree": -0.3611823462667979, "log10_eta": -3.6948823159642257, "log10_lambda": 0.7628268721186666, "log10_min_child_weight": 1.3790186890560845, "log10_subsample": -0.9497385786482727, "max_depth": 5.0, "num_boost_round": 9.0}, "datetime": {"datetime": "2024-01-19 01:51:58", "elapsed": 6007.84824, "delta": 0.005733}}
{"target": -17.677125856312202, "params": {"gamma": 394.6192257850223, "log10_alpha": -3.5907725647754427, "log10_colsample_bytree": -0.3611823462667979, "log10_eta": -3.6948823159642257, "log10_lambda": 0.7628268721186666, "log10_min_child_weight": 1.3790186890560845, "log10_subsample": -0.9497385786482727, "max_depth": 5.0, "num_boost_round": 10.0}, "datetime": {"datetime": "2024-01-19 01:51:58", "elapsed": 6007.854113, "delta": 0.005873}}
{"target": -17.677113944732046, "params": {"gamma": 394.6192257850223, "log10_alpha": -3.5907725647754427, "log10_colsample_bytree": -0.3611823462667979, "log10_eta": -3.6948823159642257, "log10_lambda": 0.7628268721186666, "log10_min_child_weight": 1.3790186890560845, "log10_subsample": -0.9497385786482727, "max_depth": 5.0, "num_boost_round": 11.0}, "datetime": {"datetime": "2024-01-19 01:51:58", "elapsed": 6007.859955, "delta": 0.005842}}
{"target": -17.67710673381795, "params": {"gamma": 394.6192257850223, "log10_alpha": -3.5907725647754427, "log10_colsample_bytree": -0.3611823462667979, "log10_eta": -3.6948823159642257, "log10_lambda": 0.7628268721186666, "log10_min_child_weight": 1.3790186890560845, "log10_subsample": -0.9497385786482727, "max_depth": 5.0, "num_boost_round": 12.0}, "datetime": {"datetime": "2024-01-19 01:51:58", "elapsed": 6007.865331, "delta": 0.005376}}
{"target": -17.677097515675015, "params": {"gamma": 394.6192257850223, "log10_alpha": -3.5907725647754427, "log10_colsample_bytree": -0.3611823462667979, "log10_eta": -3.6948823159642257, "log10_lambda": 0.7628268721186666, "log10_min_child_weight": 1.3790186890560845, "log10_subsample": -0.9497385786482727, "max_depth": 5.0, "num_boost_round": 13.0}, "datetime": {"datetime": "2024-01-19 01:51:58", "elapsed": 6007.870829, "delta": 0.005498}}
{"target": -17.677086098498275, "params": {"gamma": 394.6192257850223, "log10_alpha": -3.5907725647754427, "log10_colsample_bytree": -0.3611823462667979, "log10_eta": -3.6948823159642257, "log10_lambda": 0.7628268721186666, "log10_min_child_weight": 1.3790186890560845, "log10_subsample": -0.9497385786482727, "max_depth": 5.0, "num_boost_round": 14.0}, "datetime": {"datetime": "2024-01-19 01:51:58", "elapsed": 6007.876327, "delta": 0.005498}}
{"target": -17.677072047519047, "params": {"gamma": 394.6192257850223, "log10_alpha": -3.5907725647754427, "log10_colsample_bytree": -0.3611823462667979, "log10_eta": -3.6948823159642257, "log10_lambda": 0.7628268721186666, "log10_min_child_weight": 1.3790186890560845, "log10_subsample": -0.9497385786482727, "max_depth": 5.0, "num_boost_round": 15.0}, "datetime": {"datetime": "2024-01-19 01:51:58", "elapsed": 6007.88195, "delta": 0.005623}}
{"target": -17.677069800874943, "params": {"gamma": 394.6192257850223, "log10_alpha": -3.5907725647754427, "log10_colsample_bytree": -0.3611823462667979, "log10_eta": -3.6948823159642257, "log10_lambda": 0.7628268721186666, "log10_min_child_weight": 1.3790186890560845, "log10_subsample": -0.9497385786482727, "max_depth": 5.0, "num_boost_round": 16.0}, "datetime": {"datetime": "2024-01-19 01:51:58", "elapsed": 6007.88777, "delta": 0.00582}}
{"target": -17.6770708778786, "params": {"gamma": 394.6192257850223, "log10_alpha": -3.5907725647754427, "log10_colsample_bytree": -0.3611823462667979, "log10_eta": -3.6948823159642257, "log10_lambda": 0.7628268721186666, "log10_min_child_weight": 1.3790186890560845, "log10_subsample": -0.9497385786482727, "max_depth": 5.0, "num_boost_round": 17.0}, "datetime": {"datetime": "2024-01-19 01:51:58", "elapsed": 6007.893721, "delta": 0.005951}}
{"target": -17.67707002156047, "params": {"gamma": 394.6192257850223, "log10_alpha": -3.5907725647754427, "log10_colsample_bytree": -0.3611823462667979, "log10_eta": -3.6948823159642257, "log10_lambda": 0.7628268721186666, "log10_min_child_weight": 1.3790186890560845, "log10_subsample": -0.9497385786482727, "max_depth": 5.0, "num_boost_round": 18.0}, "datetime": {"datetime": "2024-01-19 01:51:58", "elapsed": 6007.899565, "delta": 0.005844}}
{"target": -17.67707120731082, "params": {"gamma": 394.6192257850223, "log10_alpha": -3.5907725647754427, "log10_colsample_bytree": -0.3611823462667979, "log10_eta": -3.6948823159642257, "log10_lambda": 0.7628268721186666, "log10_min_child_weight": 1.3790186890560845, "log10_subsample": -0.9497385786482727, "max_depth": 5.0, "num_boost_round": 19.0}, "datetime": {"datetime": "2024-01-19 01:51:58", "elapsed": 6007.906072, "delta": 0.006507}}
{"target": -17.677059826027737, "params": {"gamma": 394.6192257850223, "log10_alpha": -3.5907725647754427, "log10_colsample_bytree": -0.3611823462667979, "log10_eta": -3.6948823159642257, "log10_lambda": 0.7628268721186666, "log10_min_child_weight": 1.3790186890560845, "log10_subsample": -0.9497385786482727, "max_depth": 5.0, "num_boost_round": 20.0}, "datetime": {"datetime": "2024-01-19 01:51:58", "elapsed": 6007.912216, "delta": 0.006144}}
{"target": -17.67704868628952, "params": {"gamma": 394.6192257850223, "log10_alpha": -3.5907725647754427, "log10_colsample_bytree": -0.3611823462667979, "log10_eta": -3.6948823159642257, "log10_lambda": 0.7628268721186666, "log10_min_child_weight": 1.3790186890560845, "log10_subsample": -0.9497385786482727, "max_depth": 5.0, "num_boost_round": 21.0}, "datetime": {"datetime": "2024-01-19 01:51:58", "elapsed": 6007.918328, "delta": 0.006112}}
{"target": -17.677039128579654, "params": {"gamma": 394.6192257850223, "log10_alpha": -3.5907725647754427, "log10_colsample_bytree": -0.3611823462667979, "log10_eta": -3.6948823159642257, "log10_lambda": 0.7628268721186666, "log10_min_child_weight": 1.3790186890560845, "log10_subsample": -0.9497385786482727, "max_depth": 5.0, "num_boost_round": 22.0}, "datetime": {"datetime": "2024-01-19 01:51:58", "elapsed": 6007.924372, "delta": 0.006044}}
{"target": -17.677032445966002, "params": {"gamma": 394.6192257850223, "log10_alpha": -3.5907725647754427, "log10_colsample_bytree": -0.3611823462667979, "log10_eta": -3.6948823159642257, "log10_lambda": 0.7628268721186666, "log10_min_child_weight": 1.3790186890560845, "log10_subsample": -0.9497385786482727, "max_depth": 5.0, "num_boost_round": 23.0}, "datetime": {"datetime": "2024-01-19 01:51:58", "elapsed": 6007.930285, "delta": 0.005913}}
{"target": -17.677025569270963, "params": {"gamma": 394.6192257850223, "log10_alpha": -3.5907725647754427, "log10_colsample_bytree": -0.3611823462667979, "log10_eta": -3.6948823159642257, "log10_lambda": 0.7628268721186666, "log10_min_child_weight": 1.3790186890560845, "log10_subsample": -0.9497385786482727, "max_depth": 5.0, "num_boost_round": 24.0}, "datetime": {"datetime": "2024-01-19 01:51:58", "elapsed": 6007.935828, "delta": 0.005543}}
{"target": -17.677011079583934, "params": {"gamma": 394.6192257850223, "log10_alpha": -3.5907725647754427, "log10_colsample_bytree": -0.3611823462667979, "log10_eta": -3.6948823159642257, "log10_lambda": 0.7628268721186666, "log10_min_child_weight": 1.3790186890560845, "log10_subsample": -0.9497385786482727, "max_depth": 5.0, "num_boost_round": 25.0}, "datetime": {"datetime": "2024-01-19 01:51:58", "elapsed": 6007.941436, "delta": 0.005608}}
{"target": -17.677004908491025, "params": {"gamma": 394.6192257850223, "log10_alpha": -3.5907725647754427, "log10_colsample_bytree": -0.3611823462667979, "log10_eta": -3.6948823159642257, "log10_lambda": 0.7628268721186666, "log10_min_child_weight": 1.3790186890560845, "log10_subsample": -0.9497385786482727, "max_depth": 5.0, "num_boost_round": 26.0}, "datetime": {"datetime": "2024-01-19 01:51:58", "elapsed": 6007.94695, "delta": 0.005514}}
{"target": -17.6769913688075, "params": {"gamma": 394.6192257850223, "log10_alpha": -3.5907725647754427, "log10_colsample_bytree": -0.3611823462667979, "log10_eta": -3.6948823159642257, "log10_lambda": 0.7628268721186666, "log10_min_child_weight": 1.3790186890560845, "log10_subsample": -0.9497385786482727, "max_depth": 5.0, "num_boost_round": 27.0}, "datetime": {"datetime": "2024-01-19 01:51:58", "elapsed": 6007.952581, "delta": 0.005631}}
{"target": -17.67696975685329, "params": {"gamma": 394.6192257850223, "log10_alpha": -3.5907725647754427, "log10_colsample_bytree": -0.3611823462667979, "log10_eta": -3.6948823159642257, "log10_lambda": 0.7628268721186666, "log10_min_child_weight": 1.3790186890560845, "log10_subsample": -0.9497385786482727, "max_depth": 5.0, "num_boost_round": 28.0}, "datetime": {"datetime": "2024-01-19 01:51:58", "elapsed": 6007.958097, "delta": 0.005516}}
{"target": -17.67723569060115, "params": {"gamma": 398.4446918034846, "log10_alpha": -3.0418353638553963, "log10_colsample_bytree": -0.10999326815347144, "log10_eta": -3.834645966113138, "log10_lambda": -1.4866926530284346, "log10_min_child_weight": 4.299734609684095, "log10_subsample": -0.16848930853980326, "max_depth": 5.0, "num_boost_round": 0.0}, "datetime": {"datetime": "2024-01-19 01:54:04", "elapsed": 6134.083863, "delta": 126.125766}}
{"target": -17.677234975896315, "params": {"gamma": 398.4446918034846, "log10_alpha": -3.0418353638553963, "log10_colsample_bytree": -0.10999326815347144, "log10_eta": -3.834645966113138, "log10_lambda": -1.4866926530284346, "log10_min_child_weight": 4.299734609684095, "log10_subsample": -0.16848930853980326, "max_depth": 5.0, "num_boost_round": 1.0}, "datetime": {"datetime": "2024-01-19 01:54:04", "elapsed": 6134.091613, "delta": 0.00775}}
{"target": -17.677233357029678, "params": {"gamma": 398.4446918034846, "log10_alpha": -3.0418353638553963, "log10_colsample_bytree": -0.10999326815347144, "log10_eta": -3.834645966113138, "log10_lambda": -1.4866926530284346, "log10_min_child_weight": 4.299734609684095, "log10_subsample": -0.16848930853980326, "max_depth": 5.0, "num_boost_round": 2.0}, "datetime": {"datetime": "2024-01-19 01:54:04", "elapsed": 6134.097702, "delta": 0.006089}}
{"target": -17.677231689429817, "params": {"gamma": 398.4446918034846, "log10_alpha": -3.0418353638553963, "log10_colsample_bytree": -0.10999326815347144, "log10_eta": -3.834645966113138, "log10_lambda": -1.4866926530284346, "log10_min_child_weight": 4.299734609684095, "log10_subsample": -0.16848930853980326, "max_depth": 5.0, "num_boost_round": 3.0}, "datetime": {"datetime": "2024-01-19 01:54:04", "elapsed": 6134.103615, "delta": 0.005913}}
{"target": -17.677230935328673, "params": {"gamma": 398.4446918034846, "log10_alpha": -3.0418353638553963, "log10_colsample_bytree": -0.10999326815347144, "log10_eta": -3.834645966113138, "log10_lambda": -1.4866926530284346, "log10_min_child_weight": 4.299734609684095, "log10_subsample": -0.16848930853980326, "max_depth": 5.0, "num_boost_round": 4.0}, "datetime": {"datetime": "2024-01-19 01:54:04", "elapsed": 6134.110475, "delta": 0.00686}}
{"target": -17.67722822751388, "params": {"gamma": 398.4446918034846, "log10_alpha": -3.0418353638553963, "log10_colsample_bytree": -0.10999326815347144, "log10_eta": -3.834645966113138, "log10_lambda": -1.4866926530284346, "log10_min_child_weight": 4.299734609684095, "log10_subsample": -0.16848930853980326, "max_depth": 5.0, "num_boost_round": 5.0}, "datetime": {"datetime": "2024-01-19 01:54:04", "elapsed": 6134.11636, "delta": 0.005885}}
{"target": -17.677227387917426, "params": {"gamma": 398.4446918034846, "log10_alpha": -3.0418353638553963, "log10_colsample_bytree": -0.10999326815347144, "log10_eta": -3.834645966113138, "log10_lambda": -1.4866926530284346, "log10_min_child_weight": 4.299734609684095, "log10_subsample": -0.16848930853980326, "max_depth": 5.0, "num_boost_round": 6.0}, "datetime": {"datetime": "2024-01-19 01:54:04", "elapsed": 6134.122252, "delta": 0.005892}}
{"target": -17.677230679418173, "params": {"gamma": 398.4446918034846, "log10_alpha": -3.0418353638553963, "log10_colsample_bytree": -0.10999326815347144, "log10_eta": -3.834645966113138, "log10_lambda": -1.4866926530284346, "log10_min_child_weight": 4.299734609684095, "log10_subsample": -0.16848930853980326, "max_depth": 5.0, "num_boost_round": 7.0}, "datetime": {"datetime": "2024-01-19 01:54:04", "elapsed": 6134.127963, "delta": 0.005711}}
{"target": -17.677229721196564, "params": {"gamma": 398.4446918034846, "log10_alpha": -3.0418353638553963, "log10_colsample_bytree": -0.10999326815347144, "log10_eta": -3.834645966113138, "log10_lambda": -1.4866926530284346, "log10_min_child_weight": 4.299734609684095, "log10_subsample": -0.16848930853980326, "max_depth": 5.0, "num_boost_round": 8.0}, "datetime": {"datetime": "2024-01-19 01:54:04", "elapsed": 6134.133642, "delta": 0.005679}}
{"target": -17.677230268796386, "params": {"gamma": 398.4446918034846, "log10_alpha": -3.0418353638553963, "log10_colsample_bytree": -0.10999326815347144, "log10_eta": -3.834645966113138, "log10_lambda": -1.4866926530284346, "log10_min_child_weight": 4.299734609684095, "log10_subsample": -0.16848930853980326, "max_depth": 5.0, "num_boost_round": 9.0}, "datetime": {"datetime": "2024-01-19 01:54:04", "elapsed": 6134.139239, "delta": 0.005597}}
{"target": -17.67723212444759, "params": {"gamma": 398.4446918034846, "log10_alpha": -3.0418353638553963, "log10_colsample_bytree": -0.10999326815347144, "log10_eta": -3.834645966113138, "log10_lambda": -1.4866926530284346, "log10_min_child_weight": 4.299734609684095, "log10_subsample": -0.16848930853980326, "max_depth": 5.0, "num_boost_round": 10.0}, "datetime": {"datetime": "2024-01-19 01:54:04", "elapsed": 6134.145147, "delta": 0.005908}}
{"target": -17.677228213541426, "params": {"gamma": 398.4446918034846, "log10_alpha": -3.0418353638553963, "log10_colsample_bytree": -0.10999326815347144, "log10_eta": -3.834645966113138, "log10_lambda": -1.4866926530284346, "log10_min_child_weight": 4.299734609684095, "log10_subsample": -0.16848930853980326, "max_depth": 5.0, "num_boost_round": 11.0}, "datetime": {"datetime": "2024-01-19 01:54:04", "elapsed": 6134.151047, "delta": 0.0059}}
{"target": -17.67722714627913, "params": {"gamma": 398.4446918034846, "log10_alpha": -3.0418353638553963, "log10_colsample_bytree": -0.10999326815347144, "log10_eta": -3.834645966113138, "log10_lambda": -1.4866926530284346, "log10_min_child_weight": 4.299734609684095, "log10_subsample": -0.16848930853980326, "max_depth": 5.0, "num_boost_round": 12.0}, "datetime": {"datetime": "2024-01-19 01:54:04", "elapsed": 6134.156619, "delta": 0.005572}}
{"target": -17.677227904600617, "params": {"gamma": 398.4446918034846, "log10_alpha": -3.0418353638553963, "log10_colsample_bytree": -0.10999326815347144, "log10_eta": -3.834645966113138, "log10_lambda": -1.4866926530284346, "log10_min_child_weight": 4.299734609684095, "log10_subsample": -0.16848930853980326, "max_depth": 5.0, "num_boost_round": 13.0}, "datetime": {"datetime": "2024-01-19 01:54:04", "elapsed": 6134.16224, "delta": 0.005621}}
{"target": -17.677228972454664, "params": {"gamma": 398.4446918034846, "log10_alpha": -3.0418353638553963, "log10_colsample_bytree": -0.10999326815347144, "log10_eta": -3.834645966113138, "log10_lambda": -1.4866926530284346, "log10_min_child_weight": 4.299734609684095, "log10_subsample": -0.16848930853980326, "max_depth": 5.0, "num_boost_round": 14.0}, "datetime": {"datetime": "2024-01-19 01:54:04", "elapsed": 6134.16767, "delta": 0.00543}}
{"target": -17.67723266539085, "params": {"gamma": 398.4446918034846, "log10_alpha": -3.0418353638553963, "log10_colsample_bytree": -0.10999326815347144, "log10_eta": -3.834645966113138, "log10_lambda": -1.4866926530284346, "log10_min_child_weight": 4.299734609684095, "log10_subsample": -0.16848930853980326, "max_depth": 5.0, "num_boost_round": 15.0}, "datetime": {"datetime": "2024-01-19 01:54:04", "elapsed": 6134.173142, "delta": 0.005472}}
{"target": -17.677230812009807, "params": {"gamma": 398.4446918034846, "log10_alpha": -3.0418353638553963, "log10_colsample_bytree": -0.10999326815347144, "log10_eta": -3.834645966113138, "log10_lambda": -1.4866926530284346, "log10_min_child_weight": 4.299734609684095, "log10_subsample": -0.16848930853980326, "max_depth": 5.0, "num_boost_round": 16.0}, "datetime": {"datetime": "2024-01-19 01:54:04", "elapsed": 6134.178592, "delta": 0.00545}}
{"target": -17.677230993899666, "params": {"gamma": 398.4446918034846, "log10_alpha": -3.0418353638553963, "log10_colsample_bytree": -0.10999326815347144, "log10_eta": -3.834645966113138, "log10_lambda": -1.4866926530284346, "log10_min_child_weight": 4.299734609684095, "log10_subsample": -0.16848930853980326, "max_depth": 5.0, "num_boost_round": 17.0}, "datetime": {"datetime": "2024-01-19 01:54:04", "elapsed": 6134.184159, "delta": 0.005567}}
{"target": -17.677228969894824, "params": {"gamma": 398.4446918034846, "log10_alpha": -3.0418353638553963, "log10_colsample_bytree": -0.10999326815347144, "log10_eta": -3.834645966113138, "log10_lambda": -1.4866926530284346, "log10_min_child_weight": 4.299734609684095, "log10_subsample": -0.16848930853980326, "max_depth": 5.0, "num_boost_round": 18.0}, "datetime": {"datetime": "2024-01-19 01:54:04", "elapsed": 6134.189625, "delta": 0.005466}}
{"target": -17.677228855775304, "params": {"gamma": 398.4446918034846, "log10_alpha": -3.0418353638553963, "log10_colsample_bytree": -0.10999326815347144, "log10_eta": -3.834645966113138, "log10_lambda": -1.4866926530284346, "log10_min_child_weight": 4.299734609684095, "log10_subsample": -0.16848930853980326, "max_depth": 5.0, "num_boost_round": 19.0}, "datetime": {"datetime": "2024-01-19 01:54:04", "elapsed": 6134.195234, "delta": 0.005609}}
