{"target": -17.67697022629306, "params": {"gamma": 45.470573439560404, "log10_alpha": -0.6473567682232062, "log10_colsample_bytree": -0.9258891177933496, "log10_eta": -2.5818629252431573, "log10_lambda": -3.7425463022748184, "log10_min_child_weight": 4.716901037425043, "log10_subsample": -0.3351470352429474, "max_depth": 2.0, "num_boost_round": 20.0}, "datetime": {"datetime": "2024-01-19 02:07:04", "elapsed": 6978.017617, "delta": 0.005283}}
{"target": -17.676951079000904, "params": {"gamma": 45.470573439560404, "log10_alpha": -0.6473567682232062, "log10_colsample_bytree": -0.9258891177933496, "log10_eta": -2.5818629252431573, "log10_lambda": -3.7425463022748184, "log10_min_child_weight": 4.716901037425043, "log10_subsample": -0.3351470352429474, "max_depth": 2.0, "num_boost_round": 21.0}, "datetime": {"datetime": "2024-01-19 02:07:04", "elapsed": 6978.023181, "delta": 0.005564}}
{"target": -17.676947227858005, "params": {"gamma": 45.470573439560404, "log10_alpha": -0.6473567682232062, "log10_colsample_bytree": -0.9258891177933496, "log10_eta": -2.5818629252431573, "log10_lambda": -3.7425463022748184, "log10_min_child_weight": 4.716901037425043, "log10_subsample": -0.3351470352429474, "max_depth": 2.0, "num_boost_round": 22.0}, "datetime": {"datetime": "2024-01-19 02:07:04", "elapsed": 6978.02842, "delta": 0.005239}}
{"target": -17.67692004682608, "params": {"gamma": 45.470573439560404, "log10_alpha": -0.6473567682232062, "log10_colsample_bytree": -0.9258891177933496, "log10_eta": -2.5818629252431573, "log10_lambda": -3.7425463022748184, "log10_min_child_weight": 4.716901037425043, "log10_subsample": -0.3351470352429474, "max_depth": 2.0, "num_boost_round": 23.0}, "datetime": {"datetime": "2024-01-19 02:07:04", "elapsed": 6978.033669, "delta": 0.005249}}
{"target": -17.676920777817966, "params": {"gamma": 45.470573439560404, "log10_alpha": -0.6473567682232062, "log10_colsample_bytree": -0.9258891177933496, "log10_eta": -2.5818629252431573, "log10_lambda": -3.7425463022748184, "log10_min_child_weight": 4.716901037425043, "log10_subsample": -0.3351470352429474, "max_depth": 2.0, "num_boost_round": 24.0}, "datetime": {"datetime": "2024-01-19 02:07:04", "elapsed": 6978.038769, "delta": 0.0051}}
{"target": -17.676905747757335, "params": {"gamma": 45.470573439560404, "log10_alpha": -0.6473567682232062, "log10_colsample_bytree": -0.9258891177933496, "log10_eta": -2.5818629252431573, "log10_lambda": -3.7425463022748184, "log10_min_child_weight": 4.716901037425043, "log10_subsample": -0.3351470352429474, "max_depth": 2.0, "num_boost_round": 25.0}, "datetime": {"datetime": "2024-01-19 02:07:04", "elapsed": 6978.043906, "delta": 0.005137}}
{"target": -17.67691056226749, "params": {"gamma": 45.470573439560404, "log10_alpha": -0.6473567682232062, "log10_colsample_bytree": -0.9258891177933496, "log10_eta": -2.5818629252431573, "log10_lambda": -3.7425463022748184, "log10_min_child_weight": 4.716901037425043, "log10_subsample": -0.3351470352429474, "max_depth": 2.0, "num_boost_round": 26.0}, "datetime": {"datetime": "2024-01-19 02:07:04", "elapsed": 6978.049106, "delta": 0.0052}}
{"target": -17.67688283425704, "params": {"gamma": 45.470573439560404, "log10_alpha": -0.6473567682232062, "log10_colsample_bytree": -0.9258891177933496, "log10_eta": -2.5818629252431573, "log10_lambda": -3.7425463022748184, "log10_min_child_weight": 4.716901037425043, "log10_subsample": -0.3351470352429474, "max_depth": 2.0, "num_boost_round": 27.0}, "datetime": {"datetime": "2024-01-19 02:07:04", "elapsed": 6978.054454, "delta": 0.005348}}
{"target": -17.67686728869849, "params": {"gamma": 45.470573439560404, "log10_alpha": -0.6473567682232062, "log10_colsample_bytree": -0.9258891177933496, "log10_eta": -2.5818629252431573, "log10_lambda": -3.7425463022748184, "log10_min_child_weight": 4.716901037425043, "log10_subsample": -0.3351470352429474, "max_depth": 2.0, "num_boost_round": 28.0}, "datetime": {"datetime": "2024-01-19 02:07:04", "elapsed": 6978.05985, "delta": 0.005396}}
{"target": -17.676859539862267, "params": {"gamma": 45.470573439560404, "log10_alpha": -0.6473567682232062, "log10_colsample_bytree": -0.9258891177933496, "log10_eta": -2.5818629252431573, "log10_lambda": -3.7425463022748184, "log10_min_child_weight": 4.716901037425043, "log10_subsample": -0.3351470352429474, "max_depth": 2.0, "num_boost_round": 29.0}, "datetime": {"datetime": "2024-01-19 02:07:04", "elapsed": 6978.065366, "delta": 0.005516}}
{"target": -17.67684661788308, "params": {"gamma": 45.470573439560404, "log10_alpha": -0.6473567682232062, "log10_colsample_bytree": -0.9258891177933496, "log10_eta": -2.5818629252431573, "log10_lambda": -3.7425463022748184, "log10_min_child_weight": 4.716901037425043, "log10_subsample": -0.3351470352429474, "max_depth": 2.0, "num_boost_round": 30.0}, "datetime": {"datetime": "2024-01-19 02:07:04", "elapsed": 6978.070513, "delta": 0.005147}}
{"target": -17.676848813161968, "params": {"gamma": 45.470573439560404, "log10_alpha": -0.6473567682232062, "log10_colsample_bytree": -0.9258891177933496, "log10_eta": -2.5818629252431573, "log10_lambda": -3.7425463022748184, "log10_min_child_weight": 4.716901037425043, "log10_subsample": -0.3351470352429474, "max_depth": 2.0, "num_boost_round": 31.0}, "datetime": {"datetime": "2024-01-19 02:07:04", "elapsed": 6978.075679, "delta": 0.005166}}
{"target": -17.67682364071037, "params": {"gamma": 45.470573439560404, "log10_alpha": -0.6473567682232062, "log10_colsample_bytree": -0.9258891177933496, "log10_eta": -2.5818629252431573, "log10_lambda": -3.7425463022748184, "log10_min_child_weight": 4.716901037425043, "log10_subsample": -0.3351470352429474, "max_depth": 2.0, "num_boost_round": 32.0}, "datetime": {"datetime": "2024-01-19 02:07:04", "elapsed": 6978.080828, "delta": 0.005149}}
{"target": -17.676801664187796, "params": {"gamma": 45.470573439560404, "log10_alpha": -0.6473567682232062, "log10_colsample_bytree": -0.9258891177933496, "log10_eta": -2.5818629252431573, "log10_lambda": -3.7425463022748184, "log10_min_child_weight": 4.716901037425043, "log10_subsample": -0.3351470352429474, "max_depth": 2.0, "num_boost_round": 33.0}, "datetime": {"datetime": "2024-01-19 02:07:04", "elapsed": 6978.085907, "delta": 0.005079}}
{"target": -17.67678735123115, "params": {"gamma": 45.470573439560404, "log10_alpha": -0.6473567682232062, "log10_colsample_bytree": -0.9258891177933496, "log10_eta": -2.5818629252431573, "log10_lambda": -3.7425463022748184, "log10_min_child_weight": 4.716901037425043, "log10_subsample": -0.3351470352429474, "max_depth": 2.0, "num_boost_round": 34.0}, "datetime": {"datetime": "2024-01-19 02:07:04", "elapsed": 6978.091127, "delta": 0.00522}}
{"target": -17.676791025853465, "params": {"gamma": 45.470573439560404, "log10_alpha": -0.6473567682232062, "log10_colsample_bytree": -0.9258891177933496, "log10_eta": -2.5818629252431573, "log10_lambda": -3.7425463022748184, "log10_min_child_weight": 4.716901037425043, "log10_subsample": -0.3351470352429474, "max_depth": 2.0, "num_boost_round": 35.0}, "datetime": {"datetime": "2024-01-19 02:07:04", "elapsed": 6978.096242, "delta": 0.005115}}
{"target": -17.676787821492894, "params": {"gamma": 45.470573439560404, "log10_alpha": -0.6473567682232062, "log10_colsample_bytree": -0.9258891177933496, "log10_eta": -2.5818629252431573, "log10_lambda": -3.7425463022748184, "log10_min_child_weight": 4.716901037425043, "log10_subsample": -0.3351470352429474, "max_depth": 2.0, "num_boost_round": 36.0}, "datetime": {"datetime": "2024-01-19 02:07:04", "elapsed": 6978.101396, "delta": 0.005154}}
{"target": -17.676781785808156, "params": {"gamma": 45.470573439560404, "log10_alpha": -0.6473567682232062, "log10_colsample_bytree": -0.9258891177933496, "log10_eta": -2.5818629252431573, "log10_lambda": -3.7425463022748184, "log10_min_child_weight": 4.716901037425043, "log10_subsample": -0.3351470352429474, "max_depth": 2.0, "num_boost_round": 37.0}, "datetime": {"datetime": "2024-01-19 02:07:04", "elapsed": 6978.106537, "delta": 0.005141}}
{"target": -17.67676221440226, "params": {"gamma": 45.470573439560404, "log10_alpha": -0.6473567682232062, "log10_colsample_bytree": -0.9258891177933496, "log10_eta": -2.5818629252431573, "log10_lambda": -3.7425463022748184, "log10_min_child_weight": 4.716901037425043, "log10_subsample": -0.3351470352429474, "max_depth": 2.0, "num_boost_round": 38.0}, "datetime": {"datetime": "2024-01-19 02:07:04", "elapsed": 6978.111746, "delta": 0.005209}}
{"target": -17.67675195406675, "params": {"gamma": 45.470573439560404, "log10_alpha": -0.6473567682232062, "log10_colsample_bytree": -0.9258891177933496, "log10_eta": -2.5818629252431573, "log10_lambda": -3.7425463022748184, "log10_min_child_weight": 4.716901037425043, "log10_subsample": -0.3351470352429474, "max_depth": 2.0, "num_boost_round": 39.0}, "datetime": {"datetime": "2024-01-19 02:07:04", "elapsed": 6978.11704, "delta": 0.005294}}
{"target": -17.676756702270257, "params": {"gamma": 45.470573439560404, "log10_alpha": -0.6473567682232062, "log10_colsample_bytree": -0.9258891177933496, "log10_eta": -2.5818629252431573, "log10_lambda": -3.7425463022748184, "log10_min_child_weight": 4.716901037425043, "log10_subsample": -0.3351470352429474, "max_depth": 2.0, "num_boost_round": 40.0}, "datetime": {"datetime": "2024-01-19 02:07:04", "elapsed": 6978.123139, "delta": 0.006099}}
{"target": -17.676746972793456, "params": {"gamma": 45.470573439560404, "log10_alpha": -0.6473567682232062, "log10_colsample_bytree": -0.9258891177933496, "log10_eta": -2.5818629252431573, "log10_lambda": -3.7425463022748184, "log10_min_child_weight": 4.716901037425043, "log10_subsample": -0.3351470352429474, "max_depth": 2.0, "num_boost_round": 41.0}, "datetime": {"datetime": "2024-01-19 02:07:04", "elapsed": 6978.129318, "delta": 0.006179}}
{"target": -17.67673031783936, "params": {"gamma": 45.470573439560404, "log10_alpha": -0.6473567682232062, "log10_colsample_bytree": -0.9258891177933496, "log10_eta": -2.5818629252431573, "log10_lambda": -3.7425463022748184, "log10_min_child_weight": 4.716901037425043, "log10_subsample": -0.3351470352429474, "max_depth": 2.0, "num_boost_round": 42.0}, "datetime": {"datetime": "2024-01-19 02:07:04", "elapsed": 6978.134958, "delta": 0.00564}}
{"target": -17.676714236204045, "params": {"gamma": 45.470573439560404, "log10_alpha": -0.6473567682232062, "log10_colsample_bytree": -0.9258891177933496, "log10_eta": -2.5818629252431573, "log10_lambda": -3.7425463022748184, "log10_min_child_weight": 4.716901037425043, "log10_subsample": -0.3351470352429474, "max_depth": 2.0, "num_boost_round": 43.0}, "datetime": {"datetime": "2024-01-19 02:07:04", "elapsed": 6978.140164, "delta": 0.005206}}
{"target": -17.676698853945346, "params": {"gamma": 45.470573439560404, "log10_alpha": -0.6473567682232062, "log10_colsample_bytree": -0.9258891177933496, "log10_eta": -2.5818629252431573, "log10_lambda": -3.7425463022748184, "log10_min_child_weight": 4.716901037425043, "log10_subsample": -0.3351470352429474, "max_depth": 2.0, "num_boost_round": 44.0}, "datetime": {"datetime": "2024-01-19 02:07:04", "elapsed": 6978.145474, "delta": 0.00531}}
{"target": -17.676691150449745, "params": {"gamma": 45.470573439560404, "log10_alpha": -0.6473567682232062, "log10_colsample_bytree": -0.9258891177933496, "log10_eta": -2.5818629252431573, "log10_lambda": -3.7425463022748184, "log10_min_child_weight": 4.716901037425043, "log10_subsample": -0.3351470352429474, "max_depth": 2.0, "num_boost_round": 45.0}, "datetime": {"datetime": "2024-01-19 02:07:04", "elapsed": 6978.150583, "delta": 0.005109}}
{"target": -17.676680399125903, "params": {"gamma": 45.470573439560404, "log10_alpha": -0.6473567682232062, "log10_colsample_bytree": -0.9258891177933496, "log10_eta": -2.5818629252431573, "log10_lambda": -3.7425463022748184, "log10_min_child_weight": 4.716901037425043, "log10_subsample": -0.3351470352429474, "max_depth": 2.0, "num_boost_round": 46.0}, "datetime": {"datetime": "2024-01-19 02:07:04", "elapsed": 6978.155708, "delta": 0.005125}}
{"target": -17.676653505063584, "params": {"gamma": 45.470573439560404, "log10_alpha": -0.6473567682232062, "log10_colsample_bytree": -0.9258891177933496, "log10_eta": -2.5818629252431573, "log10_lambda": -3.7425463022748184, "log10_min_child_weight": 4.716901037425043, "log10_subsample": -0.3351470352429474, "max_depth": 2.0, "num_boost_round": 47.0}, "datetime": {"datetime": "2024-01-19 02:07:04", "elapsed": 6978.160936, "delta": 0.005228}}
{"target": -17.676660913210917, "params": {"gamma": 45.470573439560404, "log10_alpha": -0.6473567682232062, "log10_colsample_bytree": -0.9258891177933496, "log10_eta": -2.5818629252431573, "log10_lambda": -3.7425463022748184, "log10_min_child_weight": 4.716901037425043, "log10_subsample": -0.3351470352429474, "max_depth": 2.0, "num_boost_round": 48.0}, "datetime": {"datetime": "2024-01-19 02:07:04", "elapsed": 6978.166039, "delta": 0.005103}}
{"target": -17.676662947309836, "params": {"gamma": 45.470573439560404, "log10_alpha": -0.6473567682232062, "log10_colsample_bytree": -0.9258891177933496, "log10_eta": -2.5818629252431573, "log10_lambda": -3.7425463022748184, "log10_min_child_weight": 4.716901037425043, "log10_subsample": -0.3351470352429474, "max_depth": 2.0, "num_boost_round": 49.0}, "datetime": {"datetime": "2024-01-19 02:07:04", "elapsed": 6978.171288, "delta": 0.005249}}
{"target": -17.676641660772276, "params": {"gamma": 45.470573439560404, "log10_alpha": -0.6473567682232062, "log10_colsample_bytree": -0.9258891177933496, "log10_eta": -2.5818629252431573, "log10_lambda": -3.7425463022748184, "log10_min_child_weight": 4.716901037425043, "log10_subsample": -0.3351470352429474, "max_depth": 2.0, "num_boost_round": 50.0}, "datetime": {"datetime": "2024-01-19 02:07:04", "elapsed": 6978.176626, "delta": 0.005338}}
{"target": -17.676637604296854, "params": {"gamma": 45.470573439560404, "log10_alpha": -0.6473567682232062, "log10_colsample_bytree": -0.9258891177933496, "log10_eta": -2.5818629252431573, "log10_lambda": -3.7425463022748184, "log10_min_child_weight": 4.716901037425043, "log10_subsample": -0.3351470352429474, "max_depth": 2.0, "num_boost_round": 51.0}, "datetime": {"datetime": "2024-01-19 02:07:04", "elapsed": 6978.28635, "delta": 0.109724}}
{"target": -17.676641023896, "params": {"gamma": 45.470573439560404, "log10_alpha": -0.6473567682232062, "log10_colsample_bytree": -0.9258891177933496, "log10_eta": -2.5818629252431573, "log10_lambda": -3.7425463022748184, "log10_min_child_weight": 4.716901037425043, "log10_subsample": -0.3351470352429474, "max_depth": 2.0, "num_boost_round": 52.0}, "datetime": {"datetime": "2024-01-19 02:07:04", "elapsed": 6978.292582, "delta": 0.006232}}
{"target": -17.67721222285018, "params": {"gamma": 41.40833498804619, "log10_alpha": -1.815674394257003, "log10_colsample_bytree": -0.7523542075826545, "log10_eta": -2.286400978717949, "log10_lambda": 0.718755946490603, "log10_min_child_weight": 4.232764058224655, "log10_subsample": -0.3896621119795014, "max_depth": 2.0, "num_boost_round": 0.0}, "datetime": {"datetime": "2024-01-19 02:10:38", "elapsed": 7191.696218, "delta": 213.403636}}
{"target": -17.67719512575121, "params": {"gamma": 41.40833498804619, "log10_alpha": -1.815674394257003, "log10_colsample_bytree": -0.7523542075826545, "log10_eta": -2.286400978717949, "log10_lambda": 0.718755946490603, "log10_min_child_weight": 4.232764058224655, "log10_subsample": -0.3896621119795014, "max_depth": 2.0, "num_boost_round": 1.0}, "datetime": {"datetime": "2024-01-19 02:10:38", "elapsed": 7191.702262, "delta": 0.006044}}
{"target": -17.677256331563513, "params": {"gamma": 41.40833498804619, "log10_alpha": -1.815674394257003, "log10_colsample_bytree": -0.7523542075826545, "log10_eta": -2.286400978717949, "log10_lambda": 0.718755946490603, "log10_min_child_weight": 4.232764058224655, "log10_subsample": -0.3896621119795014, "max_depth": 2.0, "num_boost_round": 2.0}, "datetime": {"datetime": "2024-01-19 02:10:38", "elapsed": 7191.707787, "delta": 0.005525}}
{"target": -17.677254489245662, "params": {"gamma": 41.40833498804619, "log10_alpha": -1.815674394257003, "log10_colsample_bytree": -0.7523542075826545, "log10_eta": -2.286400978717949, "log10_lambda": 0.718755946490603, "log10_min_child_weight": 4.232764058224655, "log10_subsample": -0.3896621119795014, "max_depth": 2.0, "num_boost_round": 3.0}, "datetime": {"datetime": "2024-01-19 02:10:38", "elapsed": 7191.713411, "delta": 0.005624}}
{"target": -17.677186501585417, "params": {"gamma": 41.40833498804619, "log10_alpha": -1.815674394257003, "log10_colsample_bytree": -0.7523542075826545, "log10_eta": -2.286400978717949, "log10_lambda": 0.718755946490603, "log10_min_child_weight": 4.232764058224655, "log10_subsample": -0.3896621119795014, "max_depth": 2.0, "num_boost_round": 4.0}, "datetime": {"datetime": "2024-01-19 02:10:38", "elapsed": 7191.71904, "delta": 0.005629}}
{"target": -17.67727804738155, "params": {"gamma": 41.40833498804619, "log10_alpha": -1.815674394257003, "log10_colsample_bytree": -0.7523542075826545, "log10_eta": -2.286400978717949, "log10_lambda": 0.718755946490603, "log10_min_child_weight": 4.232764058224655, "log10_subsample": -0.3896621119795014, "max_depth": 2.0, "num_boost_round": 5.0}, "datetime": {"datetime": "2024-01-19 02:10:38", "elapsed": 7191.724735, "delta": 0.005695}}
{"target": -17.67733610937225, "params": {"gamma": 41.40833498804619, "log10_alpha": -1.815674394257003, "log10_colsample_bytree": -0.7523542075826545, "log10_eta": -2.286400978717949, "log10_lambda": 0.718755946490603, "log10_min_child_weight": 4.232764058224655, "log10_subsample": -0.3896621119795014, "max_depth": 2.0, "num_boost_round": 6.0}, "datetime": {"datetime": "2024-01-19 02:10:38", "elapsed": 7191.730127, "delta": 0.005392}}
{"target": -17.67729578386116, "params": {"gamma": 41.40833498804619, "log10_alpha": -1.815674394257003, "log10_colsample_bytree": -0.7523542075826545, "log10_eta": -2.286400978717949, "log10_lambda": 0.718755946490603, "log10_min_child_weight": 4.232764058224655, "log10_subsample": -0.3896621119795014, "max_depth": 2.0, "num_boost_round": 7.0}, "datetime": {"datetime": "2024-01-19 02:10:38", "elapsed": 7191.735388, "delta": 0.005261}}
{"target": -17.677347246446097, "params": {"gamma": 41.40833498804619, "log10_alpha": -1.815674394257003, "log10_colsample_bytree": -0.7523542075826545, "log10_eta": -2.286400978717949, "log10_lambda": 0.718755946490603, "log10_min_child_weight": 4.232764058224655, "log10_subsample": -0.3896621119795014, "max_depth": 2.0, "num_boost_round": 8.0}, "datetime": {"datetime": "2024-01-19 02:10:38", "elapsed": 7191.740608, "delta": 0.00522}}
{"target": -17.67735032696577, "params": {"gamma": 41.40833498804619, "log10_alpha": -1.815674394257003, "log10_colsample_bytree": -0.7523542075826545, "log10_eta": -2.286400978717949, "log10_lambda": 0.718755946490603, "log10_min_child_weight": 4.232764058224655, "log10_subsample": -0.3896621119795014, "max_depth": 2.0, "num_boost_round": 9.0}, "datetime": {"datetime": "2024-01-19 02:10:38", "elapsed": 7191.745847, "delta": 0.005239}}
{"target": -17.677376541250222, "params": {"gamma": 41.40833498804619, "log10_alpha": -1.815674394257003, "log10_colsample_bytree": -0.7523542075826545, "log10_eta": -2.286400978717949, "log10_lambda": 0.718755946490603, "log10_min_child_weight": 4.232764058224655, "log10_subsample": -0.3896621119795014, "max_depth": 2.0, "num_boost_round": 10.0}, "datetime": {"datetime": "2024-01-19 02:10:38", "elapsed": 7191.751175, "delta": 0.005328}}
{"target": -17.67731877043226, "params": {"gamma": 41.40833498804619, "log10_alpha": -1.815674394257003, "log10_colsample_bytree": -0.7523542075826545, "log10_eta": -2.286400978717949, "log10_lambda": 0.718755946490603, "log10_min_child_weight": 4.232764058224655, "log10_subsample": -0.3896621119795014, "max_depth": 2.0, "num_boost_round": 11.0}, "datetime": {"datetime": "2024-01-19 02:10:38", "elapsed": 7191.756572, "delta": 0.005397}}
{"target": -17.677388795236347, "params": {"gamma": 41.40833498804619, "log10_alpha": -1.815674394257003, "log10_colsample_bytree": -0.7523542075826545, "log10_eta": -2.286400978717949, "log10_lambda": 0.718755946490603, "log10_min_child_weight": 4.232764058224655, "log10_subsample": -0.3896621119795014, "max_depth": 2.0, "num_boost_round": 12.0}, "datetime": {"datetime": "2024-01-19 02:10:38", "elapsed": 7191.761712, "delta": 0.00514}}
{"target": -17.67739712864109, "params": {"gamma": 41.40833498804619, "log10_alpha": -1.815674394257003, "log10_colsample_bytree": -0.7523542075826545, "log10_eta": -2.286400978717949, "log10_lambda": 0.718755946490603, "log10_min_child_weight": 4.232764058224655, "log10_subsample": -0.3896621119795014, "max_depth": 2.0, "num_boost_round": 13.0}, "datetime": {"datetime": "2024-01-19 02:10:38", "elapsed": 7191.767199, "delta": 0.005487}}
{"target": -17.67733843154149, "params": {"gamma": 41.40833498804619, "log10_alpha": -1.815674394257003, "log10_colsample_bytree": -0.7523542075826545, "log10_eta": -2.286400978717949, "log10_lambda": 0.718755946490603, "log10_min_child_weight": 4.232764058224655, "log10_subsample": -0.3896621119795014, "max_depth": 2.0, "num_boost_round": 14.0}, "datetime": {"datetime": "2024-01-19 02:10:38", "elapsed": 7191.772786, "delta": 0.005587}}
{"target": -17.67731933242953, "params": {"gamma": 41.40833498804619, "log10_alpha": -1.815674394257003, "log10_colsample_bytree": -0.7523542075826545, "log10_eta": -2.286400978717949, "log10_lambda": 0.718755946490603, "log10_min_child_weight": 4.232764058224655, "log10_subsample": -0.3896621119795014, "max_depth": 2.0, "num_boost_round": 15.0}, "datetime": {"datetime": "2024-01-19 02:10:38", "elapsed": 7191.778232, "delta": 0.005446}}
