{"target": -13.758510878448744, "params": {"gamma": 559.2908422616101, "log10_alpha": -1.924340112035134, "log10_colsample_bytree": -0.8242681828586237, "log10_eta": -3.0400887747884378, "log10_lambda": -3.1109667085931187, "log10_min_child_weight": 4.609709166548581, "log10_subsample": -0.5770406628145481, "max_depth": 3.0, "num_boost_round": 15.0}, "datetime": {"datetime": "2024-01-19 00:37:59", "elapsed": 1611.507872, "delta": 0.001782}}
{"target": -13.758507069959112, "params": {"gamma": 559.2908422616101, "log10_alpha": -1.924340112035134, "log10_colsample_bytree": -0.8242681828586237, "log10_eta": -3.0400887747884378, "log10_lambda": -3.1109667085931187, "log10_min_child_weight": 4.609709166548581, "log10_subsample": -0.5770406628145481, "max_depth": 3.0, "num_boost_round": 16.0}, "datetime": {"datetime": "2024-01-19 00:37:59", "elapsed": 1611.509672, "delta": 0.0018}}
{"target": -13.758502224708558, "params": {"gamma": 559.2908422616101, "log10_alpha": -1.924340112035134, "log10_colsample_bytree": -0.8242681828586237, "log10_eta": -3.0400887747884378, "log10_lambda": -3.1109667085931187, "log10_min_child_weight": 4.609709166548581, "log10_subsample": -0.5770406628145481, "max_depth": 3.0, "num_boost_round": 17.0}, "datetime": {"datetime": "2024-01-19 00:37:59", "elapsed": 1611.511453, "delta": 0.001781}}
{"target": -13.758500762520441, "params": {"gamma": 559.2908422616101, "log10_alpha": -1.924340112035134, "log10_colsample_bytree": -0.8242681828586237, "log10_eta": -3.0400887747884378, "log10_lambda": -3.1109667085931187, "log10_min_child_weight": 4.609709166548581, "log10_subsample": -0.5770406628145481, "max_depth": 3.0, "num_boost_round": 18.0}, "datetime": {"datetime": "2024-01-19 00:37:59", "elapsed": 1611.513249, "delta": 0.001796}}
{"target": -13.75849434313449, "params": {"gamma": 559.2908422616101, "log10_alpha": -1.924340112035134, "log10_colsample_bytree": -0.8242681828586237, "log10_eta": -3.0400887747884378, "log10_lambda": -3.1109667085931187, "log10_min_child_weight": 4.609709166548581, "log10_subsample": -0.5770406628145481, "max_depth": 3.0, "num_boost_round": 19.0}, "datetime": {"datetime": "2024-01-19 00:37:59", "elapsed": 1611.515024, "delta": 0.001775}}
{"target": -13.758495490971736, "params": {"gamma": 559.2908422616101, "log10_alpha": -1.924340112035134, "log10_colsample_bytree": -0.8242681828586237, "log10_eta": -3.0400887747884378, "log10_lambda": -3.1109667085931187, "log10_min_child_weight": 4.609709166548581, "log10_subsample": -0.5770406628145481, "max_depth": 3.0, "num_boost_round": 20.0}, "datetime": {"datetime": "2024-01-19 00:37:59", "elapsed": 1611.516819, "delta": 0.001795}}
{"target": -13.758492094214306, "params": {"gamma": 559.2908422616101, "log10_alpha": -1.924340112035134, "log10_colsample_bytree": -0.8242681828586237, "log10_eta": -3.0400887747884378, "log10_lambda": -3.1109667085931187, "log10_min_child_weight": 4.609709166548581, "log10_subsample": -0.5770406628145481, "max_depth": 3.0, "num_boost_round": 21.0}, "datetime": {"datetime": "2024-01-19 00:37:59", "elapsed": 1611.518609, "delta": 0.00179}}
{"target": -13.758495558301185, "params": {"gamma": 559.2908422616101, "log10_alpha": -1.924340112035134, "log10_colsample_bytree": -0.8242681828586237, "log10_eta": -3.0400887747884378, "log10_lambda": -3.1109667085931187, "log10_min_child_weight": 4.609709166548581, "log10_subsample": -0.5770406628145481, "max_depth": 3.0, "num_boost_round": 22.0}, "datetime": {"datetime": "2024-01-19 00:37:59", "elapsed": 1611.520404, "delta": 0.001795}}
{"target": -13.758493466315782, "params": {"gamma": 559.2908422616101, "log10_alpha": -1.924340112035134, "log10_colsample_bytree": -0.8242681828586237, "log10_eta": -3.0400887747884378, "log10_lambda": -3.1109667085931187, "log10_min_child_weight": 4.609709166548581, "log10_subsample": -0.5770406628145481, "max_depth": 3.0, "num_boost_round": 23.0}, "datetime": {"datetime": "2024-01-19 00:37:59", "elapsed": 1611.522246, "delta": 0.001842}}
{"target": -13.75849176282567, "params": {"gamma": 559.2908422616101, "log10_alpha": -1.924340112035134, "log10_colsample_bytree": -0.8242681828586237, "log10_eta": -3.0400887747884378, "log10_lambda": -3.1109667085931187, "log10_min_child_weight": 4.609709166548581, "log10_subsample": -0.5770406628145481, "max_depth": 3.0, "num_boost_round": 24.0}, "datetime": {"datetime": "2024-01-19 00:37:59", "elapsed": 1611.524061, "delta": 0.001815}}
{"target": -13.758490545464488, "params": {"gamma": 559.2908422616101, "log10_alpha": -1.924340112035134, "log10_colsample_bytree": -0.8242681828586237, "log10_eta": -3.0400887747884378, "log10_lambda": -3.1109667085931187, "log10_min_child_weight": 4.609709166548581, "log10_subsample": -0.5770406628145481, "max_depth": 3.0, "num_boost_round": 25.0}, "datetime": {"datetime": "2024-01-19 00:37:59", "elapsed": 1611.525852, "delta": 0.001791}}
{"target": -13.758488891182427, "params": {"gamma": 559.2908422616101, "log10_alpha": -1.924340112035134, "log10_colsample_bytree": -0.8242681828586237, "log10_eta": -3.0400887747884378, "log10_lambda": -3.1109667085931187, "log10_min_child_weight": 4.609709166548581, "log10_subsample": -0.5770406628145481, "max_depth": 3.0, "num_boost_round": 26.0}, "datetime": {"datetime": "2024-01-19 00:37:59", "elapsed": 1611.527762, "delta": 0.00191}}
{"target": -13.758484299026922, "params": {"gamma": 559.2908422616101, "log10_alpha": -1.924340112035134, "log10_colsample_bytree": -0.8242681828586237, "log10_eta": -3.0400887747884378, "log10_lambda": -3.1109667085931187, "log10_min_child_weight": 4.609709166548581, "log10_subsample": -0.5770406628145481, "max_depth": 3.0, "num_boost_round": 27.0}, "datetime": {"datetime": "2024-01-19 00:37:59", "elapsed": 1611.529552, "delta": 0.00179}}
{"target": -13.758479163037595, "params": {"gamma": 559.2908422616101, "log10_alpha": -1.924340112035134, "log10_colsample_bytree": -0.8242681828586237, "log10_eta": -3.0400887747884378, "log10_lambda": -3.1109667085931187, "log10_min_child_weight": 4.609709166548581, "log10_subsample": -0.5770406628145481, "max_depth": 3.0, "num_boost_round": 28.0}, "datetime": {"datetime": "2024-01-19 00:37:59", "elapsed": 1611.531373, "delta": 0.001821}}
{"target": -13.758469758040158, "params": {"gamma": 559.2908422616101, "log10_alpha": -1.924340112035134, "log10_colsample_bytree": -0.8242681828586237, "log10_eta": -3.0400887747884378, "log10_lambda": -3.1109667085931187, "log10_min_child_weight": 4.609709166548581, "log10_subsample": -0.5770406628145481, "max_depth": 3.0, "num_boost_round": 29.0}, "datetime": {"datetime": "2024-01-19 00:37:59", "elapsed": 1611.533176, "delta": 0.001803}}
{"target": -13.758464776977144, "params": {"gamma": 559.2908422616101, "log10_alpha": -1.924340112035134, "log10_colsample_bytree": -0.8242681828586237, "log10_eta": -3.0400887747884378, "log10_lambda": -3.1109667085931187, "log10_min_child_weight": 4.609709166548581, "log10_subsample": -0.5770406628145481, "max_depth": 3.0, "num_boost_round": 30.0}, "datetime": {"datetime": "2024-01-19 00:37:59", "elapsed": 1611.534961, "delta": 0.001785}}
{"target": -13.758464023878771, "params": {"gamma": 559.2908422616101, "log10_alpha": -1.924340112035134, "log10_colsample_bytree": -0.8242681828586237, "log10_eta": -3.0400887747884378, "log10_lambda": -3.1109667085931187, "log10_min_child_weight": 4.609709166548581, "log10_subsample": -0.5770406628145481, "max_depth": 3.0, "num_boost_round": 31.0}, "datetime": {"datetime": "2024-01-19 00:37:59", "elapsed": 1611.536771, "delta": 0.00181}}
{"target": -13.758455294630766, "params": {"gamma": 559.2908422616101, "log10_alpha": -1.924340112035134, "log10_colsample_bytree": -0.8242681828586237, "log10_eta": -3.0400887747884378, "log10_lambda": -3.1109667085931187, "log10_min_child_weight": 4.609709166548581, "log10_subsample": -0.5770406628145481, "max_depth": 3.0, "num_boost_round": 32.0}, "datetime": {"datetime": "2024-01-19 00:37:59", "elapsed": 1611.53859, "delta": 0.001819}}
{"target": -13.758452872790402, "params": {"gamma": 559.2908422616101, "log10_alpha": -1.924340112035134, "log10_colsample_bytree": -0.8242681828586237, "log10_eta": -3.0400887747884378, "log10_lambda": -3.1109667085931187, "log10_min_child_weight": 4.609709166548581, "log10_subsample": -0.5770406628145481, "max_depth": 3.0, "num_boost_round": 33.0}, "datetime": {"datetime": "2024-01-19 00:37:59", "elapsed": 1611.540407, "delta": 0.001817}}
{"target": -13.758449650950496, "params": {"gamma": 559.2908422616101, "log10_alpha": -1.924340112035134, "log10_colsample_bytree": -0.8242681828586237, "log10_eta": -3.0400887747884378, "log10_lambda": -3.1109667085931187, "log10_min_child_weight": 4.609709166548581, "log10_subsample": -0.5770406628145481, "max_depth": 3.0, "num_boost_round": 34.0}, "datetime": {"datetime": "2024-01-19 00:37:59", "elapsed": 1611.542211, "delta": 0.001804}}
{"target": -13.758446853522509, "params": {"gamma": 559.2908422616101, "log10_alpha": -1.924340112035134, "log10_colsample_bytree": -0.8242681828586237, "log10_eta": -3.0400887747884378, "log10_lambda": -3.1109667085931187, "log10_min_child_weight": 4.609709166548581, "log10_subsample": -0.5770406628145481, "max_depth": 3.0, "num_boost_round": 35.0}, "datetime": {"datetime": "2024-01-19 00:37:59", "elapsed": 1611.544064, "delta": 0.001853}}
{"target": -13.758444281694418, "params": {"gamma": 559.2908422616101, "log10_alpha": -1.924340112035134, "log10_colsample_bytree": -0.8242681828586237, "log10_eta": -3.0400887747884378, "log10_lambda": -3.1109667085931187, "log10_min_child_weight": 4.609709166548581, "log10_subsample": -0.5770406628145481, "max_depth": 3.0, "num_boost_round": 36.0}, "datetime": {"datetime": "2024-01-19 00:37:59", "elapsed": 1611.545889, "delta": 0.001825}}
{"target": -13.758442621444912, "params": {"gamma": 559.2908422616101, "log10_alpha": -1.924340112035134, "log10_colsample_bytree": -0.8242681828586237, "log10_eta": -3.0400887747884378, "log10_lambda": -3.1109667085931187, "log10_min_child_weight": 4.609709166548581, "log10_subsample": -0.5770406628145481, "max_depth": 3.0, "num_boost_round": 37.0}, "datetime": {"datetime": "2024-01-19 00:37:59", "elapsed": 1611.547906, "delta": 0.002017}}
{"target": -13.758437319703324, "params": {"gamma": 559.2908422616101, "log10_alpha": -1.924340112035134, "log10_colsample_bytree": -0.8242681828586237, "log10_eta": -3.0400887747884378, "log10_lambda": -3.1109667085931187, "log10_min_child_weight": 4.609709166548581, "log10_subsample": -0.5770406628145481, "max_depth": 3.0, "num_boost_round": 38.0}, "datetime": {"datetime": "2024-01-19 00:37:59", "elapsed": 1611.549865, "delta": 0.001959}}
{"target": -13.758434486004624, "params": {"gamma": 559.2908422616101, "log10_alpha": -1.924340112035134, "log10_colsample_bytree": -0.8242681828586237, "log10_eta": -3.0400887747884378, "log10_lambda": -3.1109667085931187, "log10_min_child_weight": 4.609709166548581, "log10_subsample": -0.5770406628145481, "max_depth": 3.0, "num_boost_round": 39.0}, "datetime": {"datetime": "2024-01-19 00:37:59", "elapsed": 1611.551773, "delta": 0.001908}}
{"target": -13.758434102898564, "params": {"gamma": 559.2908422616101, "log10_alpha": -1.924340112035134, "log10_colsample_bytree": -0.8242681828586237, "log10_eta": -3.0400887747884378, "log10_lambda": -3.1109667085931187, "log10_min_child_weight": 4.609709166548581, "log10_subsample": -0.5770406628145481, "max_depth": 3.0, "num_boost_round": 40.0}, "datetime": {"datetime": "2024-01-19 00:37:59", "elapsed": 1611.553827, "delta": 0.002054}}
{"target": -13.758499409584887, "params": {"gamma": 559.6041376980562, "log10_alpha": -4.795606127980163, "log10_colsample_bytree": -0.4064002138888808, "log10_eta": -2.8567331674931657, "log10_lambda": -2.0866328185862173, "log10_min_child_weight": 0.5201654578771014, "log10_subsample": -0.11702554456419323, "max_depth": 6.0, "num_boost_round": 0.0}, "datetime": {"datetime": "2024-01-19 00:38:32", "elapsed": 1644.156627, "delta": 32.6028}}
{"target": -13.758476233672335, "params": {"gamma": 559.6041376980562, "log10_alpha": -4.795606127980163, "log10_colsample_bytree": -0.4064002138888808, "log10_eta": -2.8567331674931657, "log10_lambda": -2.0866328185862173, "log10_min_child_weight": 0.5201654578771014, "log10_subsample": -0.11702554456419323, "max_depth": 6.0, "num_boost_round": 1.0}, "datetime": {"datetime": "2024-01-19 00:38:32", "elapsed": 1644.159041, "delta": 0.002414}}
{"target": -13.758389913025074, "params": {"gamma": 559.6041376980562, "log10_alpha": -4.795606127980163, "log10_colsample_bytree": -0.4064002138888808, "log10_eta": -2.8567331674931657, "log10_lambda": -2.0866328185862173, "log10_min_child_weight": 0.5201654578771014, "log10_subsample": -0.11702554456419323, "max_depth": 6.0, "num_boost_round": 2.0}, "datetime": {"datetime": "2024-01-19 00:38:32", "elapsed": 1644.161682, "delta": 0.002641}}
{"target": -13.758368517253356, "params": {"gamma": 559.6041376980562, "log10_alpha": -4.795606127980163, "log10_colsample_bytree": -0.4064002138888808, "log10_eta": -2.8567331674931657, "log10_lambda": -2.0866328185862173, "log10_min_child_weight": 0.5201654578771014, "log10_subsample": -0.11702554456419323, "max_depth": 6.0, "num_boost_round": 3.0}, "datetime": {"datetime": "2024-01-19 00:38:32", "elapsed": 1644.163633, "delta": 0.001951}}
{"target": -13.75829209205961, "params": {"gamma": 559.6041376980562, "log10_alpha": -4.795606127980163, "log10_colsample_bytree": -0.4064002138888808, "log10_eta": -2.8567331674931657, "log10_lambda": -2.0866328185862173, "log10_min_child_weight": 0.5201654578771014, "log10_subsample": -0.11702554456419323, "max_depth": 6.0, "num_boost_round": 4.0}, "datetime": {"datetime": "2024-01-19 00:38:32", "elapsed": 1644.165497, "delta": 0.001864}}
{"target": -13.758243480485694, "params": {"gamma": 559.6041376980562, "log10_alpha": -4.795606127980163, "log10_colsample_bytree": -0.4064002138888808, "log10_eta": -2.8567331674931657, "log10_lambda": -2.0866328185862173, "log10_min_child_weight": 0.5201654578771014, "log10_subsample": -0.11702554456419323, "max_depth": 6.0, "num_boost_round": 5.0}, "datetime": {"datetime": "2024-01-19 00:38:32", "elapsed": 1644.167492, "delta": 0.001995}}
{"target": -13.758227453426864, "params": {"gamma": 559.6041376980562, "log10_alpha": -4.795606127980163, "log10_colsample_bytree": -0.4064002138888808, "log10_eta": -2.8567331674931657, "log10_lambda": -2.0866328185862173, "log10_min_child_weight": 0.5201654578771014, "log10_subsample": -0.11702554456419323, "max_depth": 6.0, "num_boost_round": 6.0}, "datetime": {"datetime": "2024-01-19 00:38:32", "elapsed": 1644.169354, "delta": 0.001862}}
{"target": -13.75820180174343, "params": {"gamma": 559.6041376980562, "log10_alpha": -4.795606127980163, "log10_colsample_bytree": -0.4064002138888808, "log10_eta": -2.8567331674931657, "log10_lambda": -2.0866328185862173, "log10_min_child_weight": 0.5201654578771014, "log10_subsample": -0.11702554456419323, "max_depth": 6.0, "num_boost_round": 7.0}, "datetime": {"datetime": "2024-01-19 00:38:32", "elapsed": 1644.171224, "delta": 0.00187}}
{"target": -13.758185942503292, "params": {"gamma": 559.6041376980562, "log10_alpha": -4.795606127980163, "log10_colsample_bytree": -0.4064002138888808, "log10_eta": -2.8567331674931657, "log10_lambda": -2.0866328185862173, "log10_min_child_weight": 0.5201654578771014, "log10_subsample": -0.11702554456419323, "max_depth": 6.0, "num_boost_round": 8.0}, "datetime": {"datetime": "2024-01-19 00:38:32", "elapsed": 1644.173074, "delta": 0.00185}}
{"target": -13.758206932382597, "params": {"gamma": 559.6041376980562, "log10_alpha": -4.795606127980163, "log10_colsample_bytree": -0.4064002138888808, "log10_eta": -2.8567331674931657, "log10_lambda": -2.0866328185862173, "log10_min_child_weight": 0.5201654578771014, "log10_subsample": -0.11702554456419323, "max_depth": 6.0, "num_boost_round": 9.0}, "datetime": {"datetime": "2024-01-19 00:38:32", "elapsed": 1644.17492, "delta": 0.001846}}
{"target": -13.758171618066784, "params": {"gamma": 559.6041376980562, "log10_alpha": -4.795606127980163, "log10_colsample_bytree": -0.4064002138888808, "log10_eta": -2.8567331674931657, "log10_lambda": -2.0866328185862173, "log10_min_child_weight": 0.5201654578771014, "log10_subsample": -0.11702554456419323, "max_depth": 6.0, "num_boost_round": 10.0}, "datetime": {"datetime": "2024-01-19 00:38:32", "elapsed": 1644.176779, "delta": 0.001859}}
{"target": -13.758132444276807, "params": {"gamma": 559.6041376980562, "log10_alpha": -4.795606127980163, "log10_colsample_bytree": -0.4064002138888808, "log10_eta": -2.8567331674931657, "log10_lambda": -2.0866328185862173, "log10_min_child_weight": 0.5201654578771014, "log10_subsample": -0.11702554456419323, "max_depth": 6.0, "num_boost_round": 11.0}, "datetime": {"datetime": "2024-01-19 00:38:32", "elapsed": 1644.178642, "delta": 0.001863}}
{"target": -13.75808503025789, "params": {"gamma": 559.6041376980562, "log10_alpha": -4.795606127980163, "log10_colsample_bytree": -0.4064002138888808, "log10_eta": -2.8567331674931657, "log10_lambda": -2.0866328185862173, "log10_min_child_weight": 0.5201654578771014, "log10_subsample": -0.11702554456419323, "max_depth": 6.0, "num_boost_round": 12.0}, "datetime": {"datetime": "2024-01-19 00:38:32", "elapsed": 1644.180497, "delta": 0.001855}}
{"target": -13.758063741727556, "params": {"gamma": 559.6041376980562, "log10_alpha": -4.795606127980163, "log10_colsample_bytree": -0.4064002138888808, "log10_eta": -2.8567331674931657, "log10_lambda": -2.0866328185862173, "log10_min_child_weight": 0.5201654578771014, "log10_subsample": -0.11702554456419323, "max_depth": 6.0, "num_boost_round": 13.0}, "datetime": {"datetime": "2024-01-19 00:38:32", "elapsed": 1644.182361, "delta": 0.001864}}
{"target": -13.758086793186482, "params": {"gamma": 559.6041376980562, "log10_alpha": -4.795606127980163, "log10_colsample_bytree": -0.4064002138888808, "log10_eta": -2.8567331674931657, "log10_lambda": -2.0866328185862173, "log10_min_child_weight": 0.5201654578771014, "log10_subsample": -0.11702554456419323, "max_depth": 6.0, "num_boost_round": 14.0}, "datetime": {"datetime": "2024-01-19 00:38:32", "elapsed": 1644.184321, "delta": 0.00196}}
{"target": -13.758058391746744, "params": {"gamma": 559.6041376980562, "log10_alpha": -4.795606127980163, "log10_colsample_bytree": -0.4064002138888808, "log10_eta": -2.8567331674931657, "log10_lambda": -2.0866328185862173, "log10_min_child_weight": 0.5201654578771014, "log10_subsample": -0.11702554456419323, "max_depth": 6.0, "num_boost_round": 15.0}, "datetime": {"datetime": "2024-01-19 00:38:32", "elapsed": 1644.186187, "delta": 0.001866}}
{"target": -13.758046697199372, "params": {"gamma": 559.6041376980562, "log10_alpha": -4.795606127980163, "log10_colsample_bytree": -0.4064002138888808, "log10_eta": -2.8567331674931657, "log10_lambda": -2.0866328185862173, "log10_min_child_weight": 0.5201654578771014, "log10_subsample": -0.11702554456419323, "max_depth": 6.0, "num_boost_round": 16.0}, "datetime": {"datetime": "2024-01-19 00:38:32", "elapsed": 1644.188133, "delta": 0.001946}}
{"target": -13.75803241737698, "params": {"gamma": 559.6041376980562, "log10_alpha": -4.795606127980163, "log10_colsample_bytree": -0.4064002138888808, "log10_eta": -2.8567331674931657, "log10_lambda": -2.0866328185862173, "log10_min_child_weight": 0.5201654578771014, "log10_subsample": -0.11702554456419323, "max_depth": 6.0, "num_boost_round": 17.0}, "datetime": {"datetime": "2024-01-19 00:38:32", "elapsed": 1644.189984, "delta": 0.001851}}
{"target": -13.758022208470939, "params": {"gamma": 559.6041376980562, "log10_alpha": -4.795606127980163, "log10_colsample_bytree": -0.4064002138888808, "log10_eta": -2.8567331674931657, "log10_lambda": -2.0866328185862173, "log10_min_child_weight": 0.5201654578771014, "log10_subsample": -0.11702554456419323, "max_depth": 6.0, "num_boost_round": 18.0}, "datetime": {"datetime": "2024-01-19 00:38:32", "elapsed": 1644.19184, "delta": 0.001856}}
{"target": -13.758023529381568, "params": {"gamma": 559.6041376980562, "log10_alpha": -4.795606127980163, "log10_colsample_bytree": -0.4064002138888808, "log10_eta": -2.8567331674931657, "log10_lambda": -2.0866328185862173, "log10_min_child_weight": 0.5201654578771014, "log10_subsample": -0.11702554456419323, "max_depth": 6.0, "num_boost_round": 19.0}, "datetime": {"datetime": "2024-01-19 00:38:32", "elapsed": 1644.193675, "delta": 0.001835}}
{"target": -13.757962483803814, "params": {"gamma": 559.6041376980562, "log10_alpha": -4.795606127980163, "log10_colsample_bytree": -0.4064002138888808, "log10_eta": -2.8567331674931657, "log10_lambda": -2.0866328185862173, "log10_min_child_weight": 0.5201654578771014, "log10_subsample": -0.11702554456419323, "max_depth": 6.0, "num_boost_round": 20.0}, "datetime": {"datetime": "2024-01-19 00:38:32", "elapsed": 1644.195517, "delta": 0.001842}}
{"target": -13.757939078768676, "params": {"gamma": 559.6041376980562, "log10_alpha": -4.795606127980163, "log10_colsample_bytree": -0.4064002138888808, "log10_eta": -2.8567331674931657, "log10_lambda": -2.0866328185862173, "log10_min_child_weight": 0.5201654578771014, "log10_subsample": -0.11702554456419323, "max_depth": 6.0, "num_boost_round": 21.0}, "datetime": {"datetime": "2024-01-19 00:38:32", "elapsed": 1644.197362, "delta": 0.001845}}
{"target": -13.757926444089494, "params": {"gamma": 559.6041376980562, "log10_alpha": -4.795606127980163, "log10_colsample_bytree": -0.4064002138888808, "log10_eta": -2.8567331674931657, "log10_lambda": -2.0866328185862173, "log10_min_child_weight": 0.5201654578771014, "log10_subsample": -0.11702554456419323, "max_depth": 6.0, "num_boost_round": 22.0}, "datetime": {"datetime": "2024-01-19 00:38:32", "elapsed": 1644.199216, "delta": 0.001854}}
