{"target": -17.679640438812267, "params": {"gamma": 71.44237482957827, "log10_alpha": -0.0010506508837533346, "log10_colsample_bytree": -0.5367056236559772, "log10_eta": -0.5485481334986475, "log10_lambda": -0.8606688547687442, "log10_min_child_weight": 4.3526164380750885, "log10_subsample": -0.9822635223407775, "max_depth": 3.0, "num_boost_round": 3.0}, "datetime": {"datetime": "2024-01-19 00:29:59", "elapsed": 1107.014362, "delta": 0.001809}}
{"target": -17.680415210698868, "params": {"gamma": 71.44237482957827, "log10_alpha": -0.0010506508837533346, "log10_colsample_bytree": -0.5367056236559772, "log10_eta": -0.5485481334986475, "log10_lambda": -0.8606688547687442, "log10_min_child_weight": 4.3526164380750885, "log10_subsample": -0.9822635223407775, "max_depth": 3.0, "num_boost_round": 4.0}, "datetime": {"datetime": "2024-01-19 00:29:59", "elapsed": 1107.015918, "delta": 0.001556}}
{"target": -17.681247878854247, "params": {"gamma": 71.44237482957827, "log10_alpha": -0.0010506508837533346, "log10_colsample_bytree": -0.5367056236559772, "log10_eta": -0.5485481334986475, "log10_lambda": -0.8606688547687442, "log10_min_child_weight": 4.3526164380750885, "log10_subsample": -0.9822635223407775, "max_depth": 3.0, "num_boost_round": 5.0}, "datetime": {"datetime": "2024-01-19 00:29:59", "elapsed": 1107.01736, "delta": 0.001442}}
{"target": -17.68351305369094, "params": {"gamma": 71.44237482957827, "log10_alpha": -0.0010506508837533346, "log10_colsample_bytree": -0.5367056236559772, "log10_eta": -0.5485481334986475, "log10_lambda": -0.8606688547687442, "log10_min_child_weight": 4.3526164380750885, "log10_subsample": -0.9822635223407775, "max_depth": 3.0, "num_boost_round": 6.0}, "datetime": {"datetime": "2024-01-19 00:29:59", "elapsed": 1107.018775, "delta": 0.001415}}
{"target": -17.68621577791872, "params": {"gamma": 71.44237482957827, "log10_alpha": -0.0010506508837533346, "log10_colsample_bytree": -0.5367056236559772, "log10_eta": -0.5485481334986475, "log10_lambda": -0.8606688547687442, "log10_min_child_weight": 4.3526164380750885, "log10_subsample": -0.9822635223407775, "max_depth": 3.0, "num_boost_round": 7.0}, "datetime": {"datetime": "2024-01-19 00:29:59", "elapsed": 1107.020194, "delta": 0.001419}}
{"target": -17.68685658316865, "params": {"gamma": 71.44237482957827, "log10_alpha": -0.0010506508837533346, "log10_colsample_bytree": -0.5367056236559772, "log10_eta": -0.5485481334986475, "log10_lambda": -0.8606688547687442, "log10_min_child_weight": 4.3526164380750885, "log10_subsample": -0.9822635223407775, "max_depth": 3.0, "num_boost_round": 8.0}, "datetime": {"datetime": "2024-01-19 00:29:59", "elapsed": 1107.021604, "delta": 0.00141}}
{"target": -17.686457115097056, "params": {"gamma": 71.44237482957827, "log10_alpha": -0.0010506508837533346, "log10_colsample_bytree": -0.5367056236559772, "log10_eta": -0.5485481334986475, "log10_lambda": -0.8606688547687442, "log10_min_child_weight": 4.3526164380750885, "log10_subsample": -0.9822635223407775, "max_depth": 3.0, "num_boost_round": 9.0}, "datetime": {"datetime": "2024-01-19 00:29:59", "elapsed": 1107.023026, "delta": 0.001422}}
{"target": -17.68924847185803, "params": {"gamma": 71.44237482957827, "log10_alpha": -0.0010506508837533346, "log10_colsample_bytree": -0.5367056236559772, "log10_eta": -0.5485481334986475, "log10_lambda": -0.8606688547687442, "log10_min_child_weight": 4.3526164380750885, "log10_subsample": -0.9822635223407775, "max_depth": 3.0, "num_boost_round": 10.0}, "datetime": {"datetime": "2024-01-19 00:29:59", "elapsed": 1107.024444, "delta": 0.001418}}
{"target": -17.68903100427387, "params": {"gamma": 71.44237482957827, "log10_alpha": -0.0010506508837533346, "log10_colsample_bytree": -0.5367056236559772, "log10_eta": -0.5485481334986475, "log10_lambda": -0.8606688547687442, "log10_min_child_weight": 4.3526164380750885, "log10_subsample": -0.9822635223407775, "max_depth": 3.0, "num_boost_round": 11.0}, "datetime": {"datetime": "2024-01-19 00:29:59", "elapsed": 1107.02586, "delta": 0.001416}}
{"target": -17.691412148065496, "params": {"gamma": 71.44237482957827, "log10_alpha": -0.0010506508837533346, "log10_colsample_bytree": -0.5367056236559772, "log10_eta": -0.5485481334986475, "log10_lambda": -0.8606688547687442, "log10_min_child_weight": 4.3526164380750885, "log10_subsample": -0.9822635223407775, "max_depth": 3.0, "num_boost_round": 12.0}, "datetime": {"datetime": "2024-01-19 00:29:59", "elapsed": 1107.027469, "delta": 0.001609}}
{"target": -17.69299538384119, "params": {"gamma": 71.44237482957827, "log10_alpha": -0.0010506508837533346, "log10_colsample_bytree": -0.5367056236559772, "log10_eta": -0.5485481334986475, "log10_lambda": -0.8606688547687442, "log10_min_child_weight": 4.3526164380750885, "log10_subsample": -0.9822635223407775, "max_depth": 3.0, "num_boost_round": 13.0}, "datetime": {"datetime": "2024-01-19 00:29:59", "elapsed": 1107.029205, "delta": 0.001736}}
{"target": -17.694058226689158, "params": {"gamma": 71.44237482957827, "log10_alpha": -0.0010506508837533346, "log10_colsample_bytree": -0.5367056236559772, "log10_eta": -0.5485481334986475, "log10_lambda": -0.8606688547687442, "log10_min_child_weight": 4.3526164380750885, "log10_subsample": -0.9822635223407775, "max_depth": 3.0, "num_boost_round": 14.0}, "datetime": {"datetime": "2024-01-19 00:29:59", "elapsed": 1107.030751, "delta": 0.001546}}
{"target": -17.695513091806955, "params": {"gamma": 71.44237482957827, "log10_alpha": -0.0010506508837533346, "log10_colsample_bytree": -0.5367056236559772, "log10_eta": -0.5485481334986475, "log10_lambda": -0.8606688547687442, "log10_min_child_weight": 4.3526164380750885, "log10_subsample": -0.9822635223407775, "max_depth": 3.0, "num_boost_round": 15.0}, "datetime": {"datetime": "2024-01-19 00:29:59", "elapsed": 1107.032357, "delta": 0.001606}}
{"target": -17.697838547823984, "params": {"gamma": 71.44237482957827, "log10_alpha": -0.0010506508837533346, "log10_colsample_bytree": -0.5367056236559772, "log10_eta": -0.5485481334986475, "log10_lambda": -0.8606688547687442, "log10_min_child_weight": 4.3526164380750885, "log10_subsample": -0.9822635223407775, "max_depth": 3.0, "num_boost_round": 16.0}, "datetime": {"datetime": "2024-01-19 00:29:59", "elapsed": 1107.0338, "delta": 0.001443}}
{"target": -17.700061881941366, "params": {"gamma": 71.44237482957827, "log10_alpha": -0.0010506508837533346, "log10_colsample_bytree": -0.5367056236559772, "log10_eta": -0.5485481334986475, "log10_lambda": -0.8606688547687442, "log10_min_child_weight": 4.3526164380750885, "log10_subsample": -0.9822635223407775, "max_depth": 3.0, "num_boost_round": 17.0}, "datetime": {"datetime": "2024-01-19 00:29:59", "elapsed": 1107.035266, "delta": 0.001466}}
{"target": -17.7018999690264, "params": {"gamma": 71.44237482957827, "log10_alpha": -0.0010506508837533346, "log10_colsample_bytree": -0.5367056236559772, "log10_eta": -0.5485481334986475, "log10_lambda": -0.8606688547687442, "log10_min_child_weight": 4.3526164380750885, "log10_subsample": -0.9822635223407775, "max_depth": 3.0, "num_boost_round": 18.0}, "datetime": {"datetime": "2024-01-19 00:29:59", "elapsed": 1107.036687, "delta": 0.001421}}
{"target": -17.701872182123896, "params": {"gamma": 71.44237482957827, "log10_alpha": -0.0010506508837533346, "log10_colsample_bytree": -0.5367056236559772, "log10_eta": -0.5485481334986475, "log10_lambda": -0.8606688547687442, "log10_min_child_weight": 4.3526164380750885, "log10_subsample": -0.9822635223407775, "max_depth": 3.0, "num_boost_round": 19.0}, "datetime": {"datetime": "2024-01-19 00:29:59", "elapsed": 1107.03813, "delta": 0.001443}}
{"target": -17.701611153803753, "params": {"gamma": 71.44237482957827, "log10_alpha": -0.0010506508837533346, "log10_colsample_bytree": -0.5367056236559772, "log10_eta": -0.5485481334986475, "log10_lambda": -0.8606688547687442, "log10_min_child_weight": 4.3526164380750885, "log10_subsample": -0.9822635223407775, "max_depth": 3.0, "num_boost_round": 20.0}, "datetime": {"datetime": "2024-01-19 00:29:59", "elapsed": 1107.039693, "delta": 0.001563}}
{"target": -17.703206046177854, "params": {"gamma": 71.44237482957827, "log10_alpha": -0.0010506508837533346, "log10_colsample_bytree": -0.5367056236559772, "log10_eta": -0.5485481334986475, "log10_lambda": -0.8606688547687442, "log10_min_child_weight": 4.3526164380750885, "log10_subsample": -0.9822635223407775, "max_depth": 3.0, "num_boost_round": 21.0}, "datetime": {"datetime": "2024-01-19 00:29:59", "elapsed": 1107.041208, "delta": 0.001515}}
{"target": -17.70277176629661, "params": {"gamma": 71.44237482957827, "log10_alpha": -0.0010506508837533346, "log10_colsample_bytree": -0.5367056236559772, "log10_eta": -0.5485481334986475, "log10_lambda": -0.8606688547687442, "log10_min_child_weight": 4.3526164380750885, "log10_subsample": -0.9822635223407775, "max_depth": 3.0, "num_boost_round": 22.0}, "datetime": {"datetime": "2024-01-19 00:29:59", "elapsed": 1107.042718, "delta": 0.00151}}
{"target": -17.70297764959246, "params": {"gamma": 71.44237482957827, "log10_alpha": -0.0010506508837533346, "log10_colsample_bytree": -0.5367056236559772, "log10_eta": -0.5485481334986475, "log10_lambda": -0.8606688547687442, "log10_min_child_weight": 4.3526164380750885, "log10_subsample": -0.9822635223407775, "max_depth": 3.0, "num_boost_round": 23.0}, "datetime": {"datetime": "2024-01-19 00:29:59", "elapsed": 1107.044197, "delta": 0.001479}}
{"target": -17.704535935017695, "params": {"gamma": 71.44237482957827, "log10_alpha": -0.0010506508837533346, "log10_colsample_bytree": -0.5367056236559772, "log10_eta": -0.5485481334986475, "log10_lambda": -0.8606688547687442, "log10_min_child_weight": 4.3526164380750885, "log10_subsample": -0.9822635223407775, "max_depth": 3.0, "num_boost_round": 24.0}, "datetime": {"datetime": "2024-01-19 00:29:59", "elapsed": 1107.045692, "delta": 0.001495}}
{"target": -17.705068031294385, "params": {"gamma": 71.44237482957827, "log10_alpha": -0.0010506508837533346, "log10_colsample_bytree": -0.5367056236559772, "log10_eta": -0.5485481334986475, "log10_lambda": -0.8606688547687442, "log10_min_child_weight": 4.3526164380750885, "log10_subsample": -0.9822635223407775, "max_depth": 3.0, "num_boost_round": 25.0}, "datetime": {"datetime": "2024-01-19 00:29:59", "elapsed": 1107.04719, "delta": 0.001498}}
{"target": -17.70582312532968, "params": {"gamma": 71.44237482957827, "log10_alpha": -0.0010506508837533346, "log10_colsample_bytree": -0.5367056236559772, "log10_eta": -0.5485481334986475, "log10_lambda": -0.8606688547687442, "log10_min_child_weight": 4.3526164380750885, "log10_subsample": -0.9822635223407775, "max_depth": 3.0, "num_boost_round": 26.0}, "datetime": {"datetime": "2024-01-19 00:29:59", "elapsed": 1107.048668, "delta": 0.001478}}
{"target": -17.70338773392837, "params": {"gamma": 71.44237482957827, "log10_alpha": -0.0010506508837533346, "log10_colsample_bytree": -0.5367056236559772, "log10_eta": -0.5485481334986475, "log10_lambda": -0.8606688547687442, "log10_min_child_weight": 4.3526164380750885, "log10_subsample": -0.9822635223407775, "max_depth": 3.0, "num_boost_round": 27.0}, "datetime": {"datetime": "2024-01-19 00:29:59", "elapsed": 1107.050166, "delta": 0.001498}}
{"target": -17.703101155352368, "params": {"gamma": 71.44237482957827, "log10_alpha": -0.0010506508837533346, "log10_colsample_bytree": -0.5367056236559772, "log10_eta": -0.5485481334986475, "log10_lambda": -0.8606688547687442, "log10_min_child_weight": 4.3526164380750885, "log10_subsample": -0.9822635223407775, "max_depth": 3.0, "num_boost_round": 28.0}, "datetime": {"datetime": "2024-01-19 00:29:59", "elapsed": 1107.051632, "delta": 0.001466}}
{"target": -17.70305136194595, "params": {"gamma": 71.44237482957827, "log10_alpha": -0.0010506508837533346, "log10_colsample_bytree": -0.5367056236559772, "log10_eta": -0.5485481334986475, "log10_lambda": -0.8606688547687442, "log10_min_child_weight": 4.3526164380750885, "log10_subsample": -0.9822635223407775, "max_depth": 3.0, "num_boost_round": 29.0}, "datetime": {"datetime": "2024-01-19 00:29:59", "elapsed": 1107.053103, "delta": 0.001471}}
{"target": -17.701933988986553, "params": {"gamma": 71.44237482957827, "log10_alpha": -0.0010506508837533346, "log10_colsample_bytree": -0.5367056236559772, "log10_eta": -0.5485481334986475, "log10_lambda": -0.8606688547687442, "log10_min_child_weight": 4.3526164380750885, "log10_subsample": -0.9822635223407775, "max_depth": 3.0, "num_boost_round": 30.0}, "datetime": {"datetime": "2024-01-19 00:29:59", "elapsed": 1107.054603, "delta": 0.0015}}
{"target": -17.702927741423053, "params": {"gamma": 71.44237482957827, "log10_alpha": -0.0010506508837533346, "log10_colsample_bytree": -0.5367056236559772, "log10_eta": -0.5485481334986475, "log10_lambda": -0.8606688547687442, "log10_min_child_weight": 4.3526164380750885, "log10_subsample": -0.9822635223407775, "max_depth": 3.0, "num_boost_round": 31.0}, "datetime": {"datetime": "2024-01-19 00:29:59", "elapsed": 1107.056113, "delta": 0.00151}}
{"target": -17.702149800911087, "params": {"gamma": 71.44237482957827, "log10_alpha": -0.0010506508837533346, "log10_colsample_bytree": -0.5367056236559772, "log10_eta": -0.5485481334986475, "log10_lambda": -0.8606688547687442, "log10_min_child_weight": 4.3526164380750885, "log10_subsample": -0.9822635223407775, "max_depth": 3.0, "num_boost_round": 32.0}, "datetime": {"datetime": "2024-01-19 00:29:59", "elapsed": 1107.05759, "delta": 0.001477}}
{"target": -17.70196658892456, "params": {"gamma": 71.44237482957827, "log10_alpha": -0.0010506508837533346, "log10_colsample_bytree": -0.5367056236559772, "log10_eta": -0.5485481334986475, "log10_lambda": -0.8606688547687442, "log10_min_child_weight": 4.3526164380750885, "log10_subsample": -0.9822635223407775, "max_depth": 3.0, "num_boost_round": 33.0}, "datetime": {"datetime": "2024-01-19 00:29:59", "elapsed": 1107.059105, "delta": 0.001515}}
{"target": -17.702864358149967, "params": {"gamma": 71.44237482957827, "log10_alpha": -0.0010506508837533346, "log10_colsample_bytree": -0.5367056236559772, "log10_eta": -0.5485481334986475, "log10_lambda": -0.8606688547687442, "log10_min_child_weight": 4.3526164380750885, "log10_subsample": -0.9822635223407775, "max_depth": 3.0, "num_boost_round": 34.0}, "datetime": {"datetime": "2024-01-19 00:29:59", "elapsed": 1107.060601, "delta": 0.001496}}
{"target": -17.7044967813333, "params": {"gamma": 71.44237482957827, "log10_alpha": -0.0010506508837533346, "log10_colsample_bytree": -0.5367056236559772, "log10_eta": -0.5485481334986475, "log10_lambda": -0.8606688547687442, "log10_min_child_weight": 4.3526164380750885, "log10_subsample": -0.9822635223407775, "max_depth": 3.0, "num_boost_round": 35.0}, "datetime": {"datetime": "2024-01-19 00:29:59", "elapsed": 1107.062111, "delta": 0.00151}}
{"target": -17.677225938951473, "params": {"gamma": 68.5414958983963, "log10_alpha": -1.2717883597858979, "log10_colsample_bytree": -0.788905783439865, "log10_eta": -3.885339984593752, "log10_lambda": -2.5625552334354964, "log10_min_child_weight": 1.1338995826928733, "log10_subsample": -0.0770801487913656, "max_depth": 8.0, "num_boost_round": 0.0}, "datetime": {"datetime": "2024-01-19 00:30:29", "elapsed": 1137.006959, "delta": 29.944848}}
{"target": -17.677217203521852, "params": {"gamma": 68.5414958983963, "log10_alpha": -1.2717883597858979, "log10_colsample_bytree": -0.788905783439865, "log10_eta": -3.885339984593752, "log10_lambda": -2.5625552334354964, "log10_min_child_weight": 1.1338995826928733, "log10_subsample": -0.0770801487913656, "max_depth": 8.0, "num_boost_round": 1.0}, "datetime": {"datetime": "2024-01-19 00:30:29", "elapsed": 1137.009208, "delta": 0.002249}}
{"target": -17.677208372523992, "params": {"gamma": 68.5414958983963, "log10_alpha": -1.2717883597858979, "log10_colsample_bytree": -0.788905783439865, "log10_eta": -3.885339984593752, "log10_lambda": -2.5625552334354964, "log10_min_child_weight": 1.1338995826928733, "log10_subsample": -0.0770801487913656, "max_depth": 8.0, "num_boost_round": 2.0}, "datetime": {"datetime": "2024-01-19 00:30:29", "elapsed": 1137.011303, "delta": 0.002095}}
{"target": -17.677208489181925, "params": {"gamma": 68.5414958983963, "log10_alpha": -1.2717883597858979, "log10_colsample_bytree": -0.788905783439865, "log10_eta": -3.885339984593752, "log10_lambda": -2.5625552334354964, "log10_min_child_weight": 1.1338995826928733, "log10_subsample": -0.0770801487913656, "max_depth": 8.0, "num_boost_round": 3.0}, "datetime": {"datetime": "2024-01-19 00:30:29", "elapsed": 1137.012885, "delta": 0.001582}}
{"target": -17.67719496414721, "params": {"gamma": 68.5414958983963, "log10_alpha": -1.2717883597858979, "log10_colsample_bytree": -0.788905783439865, "log10_eta": -3.885339984593752, "log10_lambda": -2.5625552334354964, "log10_min_child_weight": 1.1338995826928733, "log10_subsample": -0.0770801487913656, "max_depth": 8.0, "num_boost_round": 4.0}, "datetime": {"datetime": "2024-01-19 00:30:29", "elapsed": 1137.014422, "delta": 0.001537}}
{"target": -17.677194630869593, "params": {"gamma": 68.5414958983963, "log10_alpha": -1.2717883597858979, "log10_colsample_bytree": -0.788905783439865, "log10_eta": -3.885339984593752, "log10_lambda": -2.5625552334354964, "log10_min_child_weight": 1.1338995826928733, "log10_subsample": -0.0770801487913656, "max_depth": 8.0, "num_boost_round": 5.0}, "datetime": {"datetime": "2024-01-19 00:30:29", "elapsed": 1137.015913, "delta": 0.001491}}
{"target": -17.67718568191213, "params": {"gamma": 68.5414958983963, "log10_alpha": -1.2717883597858979, "log10_colsample_bytree": -0.788905783439865, "log10_eta": -3.885339984593752, "log10_lambda": -2.5625552334354964, "log10_min_child_weight": 1.1338995826928733, "log10_subsample": -0.0770801487913656, "max_depth": 8.0, "num_boost_round": 6.0}, "datetime": {"datetime": "2024-01-19 00:30:29", "elapsed": 1137.017551, "delta": 0.001638}}
{"target": -17.677176766880933, "params": {"gamma": 68.5414958983963, "log10_alpha": -1.2717883597858979, "log10_colsample_bytree": -0.788905783439865, "log10_eta": -3.885339984593752, "log10_lambda": -2.5625552334354964, "log10_min_child_weight": 1.1338995826928733, "log10_subsample": -0.0770801487913656, "max_depth": 8.0, "num_boost_round": 7.0}, "datetime": {"datetime": "2024-01-19 00:30:29", "elapsed": 1137.019032, "delta": 0.001481}}
{"target": -17.67717020057581, "params": {"gamma": 68.5414958983963, "log10_alpha": -1.2717883597858979, "log10_colsample_bytree": -0.788905783439865, "log10_eta": -3.885339984593752, "log10_lambda": -2.5625552334354964, "log10_min_child_weight": 1.1338995826928733, "log10_subsample": -0.0770801487913656, "max_depth": 8.0, "num_boost_round": 8.0}, "datetime": {"datetime": "2024-01-19 00:30:29", "elapsed": 1137.020533, "delta": 0.001501}}
{"target": -17.677167926351707, "params": {"gamma": 68.5414958983963, "log10_alpha": -1.2717883597858979, "log10_colsample_bytree": -0.788905783439865, "log10_eta": -3.885339984593752, "log10_lambda": -2.5625552334354964, "log10_min_child_weight": 1.1338995826928733, "log10_subsample": -0.0770801487913656, "max_depth": 8.0, "num_boost_round": 9.0}, "datetime": {"datetime": "2024-01-19 00:30:29", "elapsed": 1137.022023, "delta": 0.00149}}
{"target": -17.677155284131686, "params": {"gamma": 68.5414958983963, "log10_alpha": -1.2717883597858979, "log10_colsample_bytree": -0.788905783439865, "log10_eta": -3.885339984593752, "log10_lambda": -2.5625552334354964, "log10_min_child_weight": 1.1338995826928733, "log10_subsample": -0.0770801487913656, "max_depth": 8.0, "num_boost_round": 10.0}, "datetime": {"datetime": "2024-01-19 00:30:29", "elapsed": 1137.023499, "delta": 0.001476}}
{"target": -17.67716211507151, "params": {"gamma": 68.5414958983963, "log10_alpha": -1.2717883597858979, "log10_colsample_bytree": -0.788905783439865, "log10_eta": -3.885339984593752, "log10_lambda": -2.5625552334354964, "log10_min_child_weight": 1.1338995826928733, "log10_subsample": -0.0770801487913656, "max_depth": 8.0, "num_boost_round": 11.0}, "datetime": {"datetime": "2024-01-19 00:30:29", "elapsed": 1137.024991, "delta": 0.001492}}
{"target": -17.67714431472262, "params": {"gamma": 68.5414958983963, "log10_alpha": -1.2717883597858979, "log10_colsample_bytree": -0.788905783439865, "log10_eta": -3.885339984593752, "log10_lambda": -2.5625552334354964, "log10_min_child_weight": 1.1338995826928733, "log10_subsample": -0.0770801487913656, "max_depth": 8.0, "num_boost_round": 12.0}, "datetime": {"datetime": "2024-01-19 00:30:29", "elapsed": 1137.026483, "delta": 0.001492}}
{"target": -17.677131050352266, "params": {"gamma": 68.5414958983963, "log10_alpha": -1.2717883597858979, "log10_colsample_bytree": -0.788905783439865, "log10_eta": -3.885339984593752, "log10_lambda": -2.5625552334354964, "log10_min_child_weight": 1.1338995826928733, "log10_subsample": -0.0770801487913656, "max_depth": 8.0, "num_boost_round": 13.0}, "datetime": {"datetime": "2024-01-19 00:30:29", "elapsed": 1137.028177, "delta": 0.001694}}
{"target": -17.677128957048204, "params": {"gamma": 68.5414958983963, "log10_alpha": -1.2717883597858979, "log10_colsample_bytree": -0.788905783439865, "log10_eta": -3.885339984593752, "log10_lambda": -2.5625552334354964, "log10_min_child_weight": 1.1338995826928733, "log10_subsample": -0.0770801487913656, "max_depth": 8.0, "num_boost_round": 14.0}, "datetime": {"datetime": "2024-01-19 00:30:29", "elapsed": 1137.029912, "delta": 0.001735}}
{"target": -17.677118091386763, "params": {"gamma": 68.5414958983963, "log10_alpha": -1.2717883597858979, "log10_colsample_bytree": -0.788905783439865, "log10_eta": -3.885339984593752, "log10_lambda": -2.5625552334354964, "log10_min_child_weight": 1.1338995826928733, "log10_subsample": -0.0770801487913656, "max_depth": 8.0, "num_boost_round": 15.0}, "datetime": {"datetime": "2024-01-19 00:30:29", "elapsed": 1137.031805, "delta": 0.001893}}
