{"target": -13.77108392740082, "params": {"gamma": 73.44004692915517, "log10_alpha": -3.3523694075010715, "log10_colsample_bytree": -0.030924103149633675, "log10_eta": -0.7668511734144299, "log10_lambda": -4.201443116081609, "log10_min_child_weight": 3.9138366737587087, "log10_subsample": -0.3267884848924474, "max_depth": 2.0, "num_boost_round": 12.0}, "datetime": {"datetime": "2024-01-19 02:25:04", "elapsed": 8024.04811, "delta": 0.00566}}
{"target": -13.770769396665015, "params": {"gamma": 73.44004692915517, "log10_alpha": -3.3523694075010715, "log10_colsample_bytree": -0.030924103149633675, "log10_eta": -0.7668511734144299, "log10_lambda": -4.201443116081609, "log10_min_child_weight": 3.9138366737587087, "log10_subsample": -0.3267884848924474, "max_depth": 2.0, "num_boost_round": 13.0}, "datetime": {"datetime": "2024-01-19 02:25:04", "elapsed": 8024.053788, "delta": 0.005678}}
{"target": -13.77141632156552, "params": {"gamma": 73.44004692915517, "log10_alpha": -3.3523694075010715, "log10_colsample_bytree": -0.030924103149633675, "log10_eta": -0.7668511734144299, "log10_lambda": -4.201443116081609, "log10_min_child_weight": 3.9138366737587087, "log10_subsample": -0.3267884848924474, "max_depth": 2.0, "num_boost_round": 14.0}, "datetime": {"datetime": "2024-01-19 02:25:04", "elapsed": 8024.059659, "delta": 0.005871}}
{"target": -13.771885802123991, "params": {"gamma": 73.44004692915517, "log10_alpha": -3.3523694075010715, "log10_colsample_bytree": -0.030924103149633675, "log10_eta": -0.7668511734144299, "log10_lambda": -4.201443116081609, "log10_min_child_weight": 3.9138366737587087, "log10_subsample": -0.3267884848924474, "max_depth": 2.0, "num_boost_round": 15.0}, "datetime": {"datetime": "2024-01-19 02:25:04", "elapsed": 8024.065376, "delta": 0.005717}}
{"target": -13.771469052941585, "params": {"gamma": 73.44004692915517, "log10_alpha": -3.3523694075010715, "log10_colsample_bytree": -0.030924103149633675, "log10_eta": -0.7668511734144299, "log10_lambda": -4.201443116081609, "log10_min_child_weight": 3.9138366737587087, "log10_subsample": -0.3267884848924474, "max_depth": 2.0, "num_boost_round": 16.0}, "datetime": {"datetime": "2024-01-19 02:25:04", "elapsed": 8024.071361, "delta": 0.005985}}
{"target": -13.771769331341936, "params": {"gamma": 73.44004692915517, "log10_alpha": -3.3523694075010715, "log10_colsample_bytree": -0.030924103149633675, "log10_eta": -0.7668511734144299, "log10_lambda": -4.201443116081609, "log10_min_child_weight": 3.9138366737587087, "log10_subsample": -0.3267884848924474, "max_depth": 2.0, "num_boost_round": 17.0}, "datetime": {"datetime": "2024-01-19 02:25:04", "elapsed": 8024.077111, "delta": 0.00575}}
{"target": -13.771932092791323, "params": {"gamma": 73.44004692915517, "log10_alpha": -3.3523694075010715, "log10_colsample_bytree": -0.030924103149633675, "log10_eta": -0.7668511734144299, "log10_lambda": -4.201443116081609, "log10_min_child_weight": 3.9138366737587087, "log10_subsample": -0.3267884848924474, "max_depth": 2.0, "num_boost_round": 18.0}, "datetime": {"datetime": "2024-01-19 02:25:04", "elapsed": 8024.082741, "delta": 0.00563}}
{"target": -13.77259586898744, "params": {"gamma": 73.44004692915517, "log10_alpha": -3.3523694075010715, "log10_colsample_bytree": -0.030924103149633675, "log10_eta": -0.7668511734144299, "log10_lambda": -4.201443116081609, "log10_min_child_weight": 3.9138366737587087, "log10_subsample": -0.3267884848924474, "max_depth": 2.0, "num_boost_round": 19.0}, "datetime": {"datetime": "2024-01-19 02:25:04", "elapsed": 8024.088536, "delta": 0.005795}}
{"target": -13.773358571545042, "params": {"gamma": 73.44004692915517, "log10_alpha": -3.3523694075010715, "log10_colsample_bytree": -0.030924103149633675, "log10_eta": -0.7668511734144299, "log10_lambda": -4.201443116081609, "log10_min_child_weight": 3.9138366737587087, "log10_subsample": -0.3267884848924474, "max_depth": 2.0, "num_boost_round": 20.0}, "datetime": {"datetime": "2024-01-19 02:25:04", "elapsed": 8024.094185, "delta": 0.005649}}
{"target": -13.773212948047926, "params": {"gamma": 73.44004692915517, "log10_alpha": -3.3523694075010715, "log10_colsample_bytree": -0.030924103149633675, "log10_eta": -0.7668511734144299, "log10_lambda": -4.201443116081609, "log10_min_child_weight": 3.9138366737587087, "log10_subsample": -0.3267884848924474, "max_depth": 2.0, "num_boost_round": 21.0}, "datetime": {"datetime": "2024-01-19 02:25:04", "elapsed": 8024.099693, "delta": 0.005508}}
{"target": -13.773998726450554, "params": {"gamma": 73.44004692915517, "log10_alpha": -3.3523694075010715, "log10_colsample_bytree": -0.030924103149633675, "log10_eta": -0.7668511734144299, "log10_lambda": -4.201443116081609, "log10_min_child_weight": 3.9138366737587087, "log10_subsample": -0.3267884848924474, "max_depth": 2.0, "num_boost_round": 22.0}, "datetime": {"datetime": "2024-01-19 02:25:04", "elapsed": 8024.105218, "delta": 0.005525}}
{"target": -13.774617272942207, "params": {"gamma": 73.44004692915517, "log10_alpha": -3.3523694075010715, "log10_colsample_bytree": -0.030924103149633675, "log10_eta": -0.7668511734144299, "log10_lambda": -4.201443116081609, "log10_min_child_weight": 3.9138366737587087, "log10_subsample": -0.3267884848924474, "max_depth": 2.0, "num_boost_round": 23.0}, "datetime": {"datetime": "2024-01-19 02:25:04", "elapsed": 8024.110743, "delta": 0.005525}}
{"target": -13.775701920677449, "params": {"gamma": 73.44004692915517, "log10_alpha": -3.3523694075010715, "log10_colsample_bytree": -0.030924103149633675, "log10_eta": -0.7668511734144299, "log10_lambda": -4.201443116081609, "log10_min_child_weight": 3.9138366737587087, "log10_subsample": -0.3267884848924474, "max_depth": 2.0, "num_boost_round": 24.0}, "datetime": {"datetime": "2024-01-19 02:25:04", "elapsed": 8024.11631, "delta": 0.005567}}
{"target": -13.774953163326265, "params": {"gamma": 73.44004692915517, "log10_alpha": -3.3523694075010715, "log10_colsample_bytree": -0.030924103149633675, "log10_eta": -0.7668511734144299, "log10_lambda": -4.201443116081609, "log10_min_child_weight": 3.9138366737587087, "log10_subsample": -0.3267884848924474, "max_depth": 2.0, "num_boost_round": 25.0}, "datetime": {"datetime": "2024-01-19 02:25:04", "elapsed": 8024.122386, "delta": 0.006076}}
{"target": -13.775767159004024, "params": {"gamma": 73.44004692915517, "log10_alpha": -3.3523694075010715, "log10_colsample_bytree": -0.030924103149633675, "log10_eta": -0.7668511734144299, "log10_lambda": -4.201443116081609, "log10_min_child_weight": 3.9138366737587087, "log10_subsample": -0.3267884848924474, "max_depth": 2.0, "num_boost_round": 26.0}, "datetime": {"datetime": "2024-01-19 02:25:04", "elapsed": 8024.128919, "delta": 0.006533}}
{"target": -13.774836643594888, "params": {"gamma": 73.44004692915517, "log10_alpha": -3.3523694075010715, "log10_colsample_bytree": -0.030924103149633675, "log10_eta": -0.7668511734144299, "log10_lambda": -4.201443116081609, "log10_min_child_weight": 3.9138366737587087, "log10_subsample": -0.3267884848924474, "max_depth": 2.0, "num_boost_round": 27.0}, "datetime": {"datetime": "2024-01-19 02:25:04", "elapsed": 8024.266002, "delta": 0.137083}}
{"target": -13.775351387679374, "params": {"gamma": 73.44004692915517, "log10_alpha": -3.3523694075010715, "log10_colsample_bytree": -0.030924103149633675, "log10_eta": -0.7668511734144299, "log10_lambda": -4.201443116081609, "log10_min_child_weight": 3.9138366737587087, "log10_subsample": -0.3267884848924474, "max_depth": 2.0, "num_boost_round": 28.0}, "datetime": {"datetime": "2024-01-19 02:25:04", "elapsed": 8024.273473, "delta": 0.007471}}
{"target": -13.775462467605115, "params": {"gamma": 73.44004692915517, "log10_alpha": -3.3523694075010715, "log10_colsample_bytree": -0.030924103149633675, "log10_eta": -0.7668511734144299, "log10_lambda": -4.201443116081609, "log10_min_child_weight": 3.9138366737587087, "log10_subsample": -0.3267884848924474, "max_depth": 2.0, "num_boost_round": 29.0}, "datetime": {"datetime": "2024-01-19 02:25:04", "elapsed": 8024.28054, "delta": 0.007067}}
{"target": -13.775483817439154, "params": {"gamma": 73.44004692915517, "log10_alpha": -3.3523694075010715, "log10_colsample_bytree": -0.030924103149633675, "log10_eta": -0.7668511734144299, "log10_lambda": -4.201443116081609, "log10_min_child_weight": 3.9138366737587087, "log10_subsample": -0.3267884848924474, "max_depth": 2.0, "num_boost_round": 30.0}, "datetime": {"datetime": "2024-01-19 02:25:04", "elapsed": 8024.287165, "delta": 0.006625}}
{"target": -13.778289030245782, "params": {"gamma": 73.44004692915517, "log10_alpha": -3.3523694075010715, "log10_colsample_bytree": -0.030924103149633675, "log10_eta": -0.7668511734144299, "log10_lambda": -4.201443116081609, "log10_min_child_weight": 3.9138366737587087, "log10_subsample": -0.3267884848924474, "max_depth": 2.0, "num_boost_round": 31.0}, "datetime": {"datetime": "2024-01-19 02:25:04", "elapsed": 8024.293617, "delta": 0.006452}}
{"target": -13.779503402221705, "params": {"gamma": 73.44004692915517, "log10_alpha": -3.3523694075010715, "log10_colsample_bytree": -0.030924103149633675, "log10_eta": -0.7668511734144299, "log10_lambda": -4.201443116081609, "log10_min_child_weight": 3.9138366737587087, "log10_subsample": -0.3267884848924474, "max_depth": 2.0, "num_boost_round": 32.0}, "datetime": {"datetime": "2024-01-19 02:25:04", "elapsed": 8024.300973, "delta": 0.007356}}
{"target": -13.780767621145005, "params": {"gamma": 73.44004692915517, "log10_alpha": -3.3523694075010715, "log10_colsample_bytree": -0.030924103149633675, "log10_eta": -0.7668511734144299, "log10_lambda": -4.201443116081609, "log10_min_child_weight": 3.9138366737587087, "log10_subsample": -0.3267884848924474, "max_depth": 2.0, "num_boost_round": 33.0}, "datetime": {"datetime": "2024-01-19 02:25:04", "elapsed": 8024.308097, "delta": 0.007124}}
{"target": -13.78008190733241, "params": {"gamma": 73.44004692915517, "log10_alpha": -3.3523694075010715, "log10_colsample_bytree": -0.030924103149633675, "log10_eta": -0.7668511734144299, "log10_lambda": -4.201443116081609, "log10_min_child_weight": 3.9138366737587087, "log10_subsample": -0.3267884848924474, "max_depth": 2.0, "num_boost_round": 34.0}, "datetime": {"datetime": "2024-01-19 02:25:04", "elapsed": 8024.314626, "delta": 0.006529}}
{"target": -13.780669477780318, "params": {"gamma": 73.44004692915517, "log10_alpha": -3.3523694075010715, "log10_colsample_bytree": -0.030924103149633675, "log10_eta": -0.7668511734144299, "log10_lambda": -4.201443116081609, "log10_min_child_weight": 3.9138366737587087, "log10_subsample": -0.3267884848924474, "max_depth": 2.0, "num_boost_round": 35.0}, "datetime": {"datetime": "2024-01-19 02:25:04", "elapsed": 8024.320678, "delta": 0.006052}}
{"target": -13.78136920564585, "params": {"gamma": 73.44004692915517, "log10_alpha": -3.3523694075010715, "log10_colsample_bytree": -0.030924103149633675, "log10_eta": -0.7668511734144299, "log10_lambda": -4.201443116081609, "log10_min_child_weight": 3.9138366737587087, "log10_subsample": -0.3267884848924474, "max_depth": 2.0, "num_boost_round": 36.0}, "datetime": {"datetime": "2024-01-19 02:25:04", "elapsed": 8024.327191, "delta": 0.006513}}
{"target": -13.78062098889889, "params": {"gamma": 73.44004692915517, "log10_alpha": -3.3523694075010715, "log10_colsample_bytree": -0.030924103149633675, "log10_eta": -0.7668511734144299, "log10_lambda": -4.201443116081609, "log10_min_child_weight": 3.9138366737587087, "log10_subsample": -0.3267884848924474, "max_depth": 2.0, "num_boost_round": 37.0}, "datetime": {"datetime": "2024-01-19 02:25:04", "elapsed": 8024.333193, "delta": 0.006002}}
{"target": -13.781024031273121, "params": {"gamma": 73.44004692915517, "log10_alpha": -3.3523694075010715, "log10_colsample_bytree": -0.030924103149633675, "log10_eta": -0.7668511734144299, "log10_lambda": -4.201443116081609, "log10_min_child_weight": 3.9138366737587087, "log10_subsample": -0.3267884848924474, "max_depth": 2.0, "num_boost_round": 38.0}, "datetime": {"datetime": "2024-01-19 02:25:04", "elapsed": 8024.339028, "delta": 0.005835}}
{"target": -13.782854350749817, "params": {"gamma": 73.44004692915517, "log10_alpha": -3.3523694075010715, "log10_colsample_bytree": -0.030924103149633675, "log10_eta": -0.7668511734144299, "log10_lambda": -4.201443116081609, "log10_min_child_weight": 3.9138366737587087, "log10_subsample": -0.3267884848924474, "max_depth": 2.0, "num_boost_round": 39.0}, "datetime": {"datetime": "2024-01-19 02:25:04", "elapsed": 8024.345575, "delta": 0.006547}}
{"target": -13.78367321764943, "params": {"gamma": 73.44004692915517, "log10_alpha": -3.3523694075010715, "log10_colsample_bytree": -0.030924103149633675, "log10_eta": -0.7668511734144299, "log10_lambda": -4.201443116081609, "log10_min_child_weight": 3.9138366737587087, "log10_subsample": -0.3267884848924474, "max_depth": 2.0, "num_boost_round": 40.0}, "datetime": {"datetime": "2024-01-19 02:25:04", "elapsed": 8024.35224, "delta": 0.006665}}
{"target": -13.784295041856431, "params": {"gamma": 73.44004692915517, "log10_alpha": -3.3523694075010715, "log10_colsample_bytree": -0.030924103149633675, "log10_eta": -0.7668511734144299, "log10_lambda": -4.201443116081609, "log10_min_child_weight": 3.9138366737587087, "log10_subsample": -0.3267884848924474, "max_depth": 2.0, "num_boost_round": 41.0}, "datetime": {"datetime": "2024-01-19 02:25:04", "elapsed": 8024.358735, "delta": 0.006495}}
{"target": -13.786838033669687, "params": {"gamma": 73.44004692915517, "log10_alpha": -3.3523694075010715, "log10_colsample_bytree": -0.030924103149633675, "log10_eta": -0.7668511734144299, "log10_lambda": -4.201443116081609, "log10_min_child_weight": 3.9138366737587087, "log10_subsample": -0.3267884848924474, "max_depth": 2.0, "num_boost_round": 42.0}, "datetime": {"datetime": "2024-01-19 02:25:04", "elapsed": 8024.365145, "delta": 0.00641}}
{"target": -13.787055239604745, "params": {"gamma": 73.44004692915517, "log10_alpha": -3.3523694075010715, "log10_colsample_bytree": -0.030924103149633675, "log10_eta": -0.7668511734144299, "log10_lambda": -4.201443116081609, "log10_min_child_weight": 3.9138366737587087, "log10_subsample": -0.3267884848924474, "max_depth": 2.0, "num_boost_round": 43.0}, "datetime": {"datetime": "2024-01-19 02:25:04", "elapsed": 8024.371739, "delta": 0.006594}}
{"target": -13.787745455700142, "params": {"gamma": 73.44004692915517, "log10_alpha": -3.3523694075010715, "log10_colsample_bytree": -0.030924103149633675, "log10_eta": -0.7668511734144299, "log10_lambda": -4.201443116081609, "log10_min_child_weight": 3.9138366737587087, "log10_subsample": -0.3267884848924474, "max_depth": 2.0, "num_boost_round": 44.0}, "datetime": {"datetime": "2024-01-19 02:25:04", "elapsed": 8024.378095, "delta": 0.006356}}
{"target": -13.788154167568987, "params": {"gamma": 73.44004692915517, "log10_alpha": -3.3523694075010715, "log10_colsample_bytree": -0.030924103149633675, "log10_eta": -0.7668511734144299, "log10_lambda": -4.201443116081609, "log10_min_child_weight": 3.9138366737587087, "log10_subsample": -0.3267884848924474, "max_depth": 2.0, "num_boost_round": 45.0}, "datetime": {"datetime": "2024-01-19 02:25:04", "elapsed": 8024.384384, "delta": 0.006289}}
{"target": -13.787934875371647, "params": {"gamma": 73.44004692915517, "log10_alpha": -3.3523694075010715, "log10_colsample_bytree": -0.030924103149633675, "log10_eta": -0.7668511734144299, "log10_lambda": -4.201443116081609, "log10_min_child_weight": 3.9138366737587087, "log10_subsample": -0.3267884848924474, "max_depth": 2.0, "num_boost_round": 46.0}, "datetime": {"datetime": "2024-01-19 02:25:04", "elapsed": 8024.390655, "delta": 0.006271}}
{"target": -13.787715259929293, "params": {"gamma": 73.44004692915517, "log10_alpha": -3.3523694075010715, "log10_colsample_bytree": -0.030924103149633675, "log10_eta": -0.7668511734144299, "log10_lambda": -4.201443116081609, "log10_min_child_weight": 3.9138366737587087, "log10_subsample": -0.3267884848924474, "max_depth": 2.0, "num_boost_round": 47.0}, "datetime": {"datetime": "2024-01-19 02:25:04", "elapsed": 8024.396887, "delta": 0.006232}}
{"target": -13.787952867596001, "params": {"gamma": 73.44004692915517, "log10_alpha": -3.3523694075010715, "log10_colsample_bytree": -0.030924103149633675, "log10_eta": -0.7668511734144299, "log10_lambda": -4.201443116081609, "log10_min_child_weight": 3.9138366737587087, "log10_subsample": -0.3267884848924474, "max_depth": 2.0, "num_boost_round": 48.0}, "datetime": {"datetime": "2024-01-19 02:25:04", "elapsed": 8024.404325, "delta": 0.007438}}
{"target": -13.7882915644824, "params": {"gamma": 73.44004692915517, "log10_alpha": -3.3523694075010715, "log10_colsample_bytree": -0.030924103149633675, "log10_eta": -0.7668511734144299, "log10_lambda": -4.201443116081609, "log10_min_child_weight": 3.9138366737587087, "log10_subsample": -0.3267884848924474, "max_depth": 2.0, "num_boost_round": 49.0}, "datetime": {"datetime": "2024-01-19 02:25:04", "elapsed": 8024.411292, "delta": 0.006967}}
{"target": -13.78806158327132, "params": {"gamma": 73.44004692915517, "log10_alpha": -3.3523694075010715, "log10_colsample_bytree": -0.030924103149633675, "log10_eta": -0.7668511734144299, "log10_lambda": -4.201443116081609, "log10_min_child_weight": 3.9138366737587087, "log10_subsample": -0.3267884848924474, "max_depth": 2.0, "num_boost_round": 50.0}, "datetime": {"datetime": "2024-01-19 02:25:04", "elapsed": 8024.417763, "delta": 0.006471}}
{"target": -13.788551341757355, "params": {"gamma": 73.44004692915517, "log10_alpha": -3.3523694075010715, "log10_colsample_bytree": -0.030924103149633675, "log10_eta": -0.7668511734144299, "log10_lambda": -4.201443116081609, "log10_min_child_weight": 3.9138366737587087, "log10_subsample": -0.3267884848924474, "max_depth": 2.0, "num_boost_round": 51.0}, "datetime": {"datetime": "2024-01-19 02:25:04", "elapsed": 8024.424146, "delta": 0.006383}}
{"target": -13.788339842411736, "params": {"gamma": 73.44004692915517, "log10_alpha": -3.3523694075010715, "log10_colsample_bytree": -0.030924103149633675, "log10_eta": -0.7668511734144299, "log10_lambda": -4.201443116081609, "log10_min_child_weight": 3.9138366737587087, "log10_subsample": -0.3267884848924474, "max_depth": 2.0, "num_boost_round": 52.0}, "datetime": {"datetime": "2024-01-19 02:25:04", "elapsed": 8024.429999, "delta": 0.005853}}
{"target": -13.788144978004173, "params": {"gamma": 73.44004692915517, "log10_alpha": -3.3523694075010715, "log10_colsample_bytree": -0.030924103149633675, "log10_eta": -0.7668511734144299, "log10_lambda": -4.201443116081609, "log10_min_child_weight": 3.9138366737587087, "log10_subsample": -0.3267884848924474, "max_depth": 2.0, "num_boost_round": 53.0}, "datetime": {"datetime": "2024-01-19 02:25:04", "elapsed": 8024.435751, "delta": 0.005752}}
{"target": -13.758936565952931, "params": {"gamma": 83.07350586710449, "log10_alpha": -0.3783555544961086, "log10_colsample_bytree": -0.03311172841807031, "log10_eta": -1.5454459062539043, "log10_lambda": -0.49975827907726256, "log10_min_child_weight": 1.9911995280283112, "log10_subsample": -0.20960026456899095, "max_depth": 8.0, "num_boost_round": 0.0}, "datetime": {"datetime": "2024-01-19 02:27:15", "elapsed": 8155.49795, "delta": 131.062199}}
{"target": -13.760447666905142, "params": {"gamma": 83.07350586710449, "log10_alpha": -0.3783555544961086, "log10_colsample_bytree": -0.03311172841807031, "log10_eta": -1.5454459062539043, "log10_lambda": -0.49975827907726256, "log10_min_child_weight": 1.9911995280283112, "log10_subsample": -0.20960026456899095, "max_depth": 8.0, "num_boost_round": 1.0}, "datetime": {"datetime": "2024-01-19 02:27:15", "elapsed": 8155.504438, "delta": 0.006488}}
{"target": -13.76241674109112, "params": {"gamma": 83.07350586710449, "log10_alpha": -0.3783555544961086, "log10_colsample_bytree": -0.03311172841807031, "log10_eta": -1.5454459062539043, "log10_lambda": -0.49975827907726256, "log10_min_child_weight": 1.9911995280283112, "log10_subsample": -0.20960026456899095, "max_depth": 8.0, "num_boost_round": 2.0}, "datetime": {"datetime": "2024-01-19 02:27:15", "elapsed": 8155.510134, "delta": 0.005696}}
{"target": -13.76315751495874, "params": {"gamma": 83.07350586710449, "log10_alpha": -0.3783555544961086, "log10_colsample_bytree": -0.03311172841807031, "log10_eta": -1.5454459062539043, "log10_lambda": -0.49975827907726256, "log10_min_child_weight": 1.9911995280283112, "log10_subsample": -0.20960026456899095, "max_depth": 8.0, "num_boost_round": 3.0}, "datetime": {"datetime": "2024-01-19 02:27:15", "elapsed": 8155.515728, "delta": 0.005594}}
{"target": -13.76530499286885, "params": {"gamma": 83.07350586710449, "log10_alpha": -0.3783555544961086, "log10_colsample_bytree": -0.03311172841807031, "log10_eta": -1.5454459062539043, "log10_lambda": -0.49975827907726256, "log10_min_child_weight": 1.9911995280283112, "log10_subsample": -0.20960026456899095, "max_depth": 8.0, "num_boost_round": 4.0}, "datetime": {"datetime": "2024-01-19 02:27:15", "elapsed": 8155.52163, "delta": 0.005902}}
{"target": -13.767227389335273, "params": {"gamma": 83.07350586710449, "log10_alpha": -0.3783555544961086, "log10_colsample_bytree": -0.03311172841807031, "log10_eta": -1.5454459062539043, "log10_lambda": -0.49975827907726256, "log10_min_child_weight": 1.9911995280283112, "log10_subsample": -0.20960026456899095, "max_depth": 8.0, "num_boost_round": 5.0}, "datetime": {"datetime": "2024-01-19 02:27:15", "elapsed": 8155.527315, "delta": 0.005685}}
{"target": -13.768918357876279, "params": {"gamma": 83.07350586710449, "log10_alpha": -0.3783555544961086, "log10_colsample_bytree": -0.03311172841807031, "log10_eta": -1.5454459062539043, "log10_lambda": -0.49975827907726256, "log10_min_child_weight": 1.9911995280283112, "log10_subsample": -0.20960026456899095, "max_depth": 8.0, "num_boost_round": 6.0}, "datetime": {"datetime": "2024-01-19 02:27:15", "elapsed": 8155.533094, "delta": 0.005779}}
