{"target": -13.758523386317403, "params": {"gamma": 5.414949785866985, "log10_alpha": -0.81928653479111, "log10_colsample_bytree": -0.22756844264097453, "log10_eta": -3.6721655420795023, "log10_lambda": -0.5538761023262051, "log10_min_child_weight": 3.5515261299122614, "log10_subsample": -0.13516924049979806, "max_depth": 5.0, "num_boost_round": 7.0}, "datetime": {"datetime": "2024-01-19 00:14:53", "elapsed": 201.516842, "delta": 0.000428}}
{"target": -13.758519619605961, "params": {"gamma": 5.414949785866985, "log10_alpha": -0.81928653479111, "log10_colsample_bytree": -0.22756844264097453, "log10_eta": -3.6721655420795023, "log10_lambda": -0.5538761023262051, "log10_min_child_weight": 3.5515261299122614, "log10_subsample": -0.13516924049979806, "max_depth": 5.0, "num_boost_round": 8.0}, "datetime": {"datetime": "2024-01-19 00:14:53", "elapsed": 201.517276, "delta": 0.000434}}
{"target": -13.758518487866441, "params": {"gamma": 5.414949785866985, "log10_alpha": -0.81928653479111, "log10_colsample_bytree": -0.22756844264097453, "log10_eta": -3.6721655420795023, "log10_lambda": -0.5538761023262051, "log10_min_child_weight": 3.5515261299122614, "log10_subsample": -0.13516924049979806, "max_depth": 5.0, "num_boost_round": 9.0}, "datetime": {"datetime": "2024-01-19 00:14:53", "elapsed": 201.517826, "delta": 0.00055}}
{"target": -13.809979154296744, "params": {"gamma": 6.683992279908679, "log10_alpha": -0.5486567862203291, "log10_colsample_bytree": -0.426783722977213, "log10_eta": -0.014735561185914126, "log10_lambda": 0.9096223645688823, "log10_min_child_weight": 3.3967582652369877, "log10_subsample": -0.47181823767393805, "max_depth": 9.0, "num_boost_round": 0.0}, "datetime": {"datetime": "2024-01-19 00:15:11", "elapsed": 219.852865, "delta": 18.335039}}
{"target": -13.86282354159718, "params": {"gamma": 6.683992279908679, "log10_alpha": -0.5486567862203291, "log10_colsample_bytree": -0.426783722977213, "log10_eta": -0.014735561185914126, "log10_lambda": 0.9096223645688823, "log10_min_child_weight": 3.3967582652369877, "log10_subsample": -0.47181823767393805, "max_depth": 9.0, "num_boost_round": 1.0}, "datetime": {"datetime": "2024-01-19 00:15:11", "elapsed": 219.853474, "delta": 0.000609}}
{"target": -13.93081741836352, "params": {"gamma": 6.683992279908679, "log10_alpha": -0.5486567862203291, "log10_colsample_bytree": -0.426783722977213, "log10_eta": -0.014735561185914126, "log10_lambda": 0.9096223645688823, "log10_min_child_weight": 3.3967582652369877, "log10_subsample": -0.47181823767393805, "max_depth": 9.0, "num_boost_round": 2.0}, "datetime": {"datetime": "2024-01-19 00:15:11", "elapsed": 219.853941, "delta": 0.000467}}
{"target": -14.01169404502, "params": {"gamma": 6.683992279908679, "log10_alpha": -0.5486567862203291, "log10_colsample_bytree": -0.426783722977213, "log10_eta": -0.014735561185914126, "log10_lambda": 0.9096223645688823, "log10_min_child_weight": 3.3967582652369877, "log10_subsample": -0.47181823767393805, "max_depth": 9.0, "num_boost_round": 3.0}, "datetime": {"datetime": "2024-01-19 00:15:11", "elapsed": 219.854407, "delta": 0.000466}}
{"target": -14.094963458603702, "params": {"gamma": 6.683992279908679, "log10_alpha": -0.5486567862203291, "log10_colsample_bytree": -0.426783722977213, "log10_eta": -0.014735561185914126, "log10_lambda": 0.9096223645688823, "log10_min_child_weight": 3.3967582652369877, "log10_subsample": -0.47181823767393805, "max_depth": 9.0, "num_boost_round": 4.0}, "datetime": {"datetime": "2024-01-19 00:15:11", "elapsed": 219.854958, "delta": 0.000551}}
{"target": -14.130028163175554, "params": {"gamma": 6.683992279908679, "log10_alpha": -0.5486567862203291, "log10_colsample_bytree": -0.426783722977213, "log10_eta": -0.014735561185914126, "log10_lambda": 0.9096223645688823, "log10_min_child_weight": 3.3967582652369877, "log10_subsample": -0.47181823767393805, "max_depth": 9.0, "num_boost_round": 5.0}, "datetime": {"datetime": "2024-01-19 00:15:11", "elapsed": 219.855947, "delta": 0.000989}}
{"target": -14.155277790849835, "params": {"gamma": 6.683992279908679, "log10_alpha": -0.5486567862203291, "log10_colsample_bytree": -0.426783722977213, "log10_eta": -0.014735561185914126, "log10_lambda": 0.9096223645688823, "log10_min_child_weight": 3.3967582652369877, "log10_subsample": -0.47181823767393805, "max_depth": 9.0, "num_boost_round": 6.0}, "datetime": {"datetime": "2024-01-19 00:15:11", "elapsed": 219.85639, "delta": 0.000443}}
{"target": -14.170664912037205, "params": {"gamma": 6.683992279908679, "log10_alpha": -0.5486567862203291, "log10_colsample_bytree": -0.426783722977213, "log10_eta": -0.014735561185914126, "log10_lambda": 0.9096223645688823, "log10_min_child_weight": 3.3967582652369877, "log10_subsample": -0.47181823767393805, "max_depth": 9.0, "num_boost_round": 7.0}, "datetime": {"datetime": "2024-01-19 00:15:11", "elapsed": 219.856845, "delta": 0.000455}}
{"target": -14.20471273476836, "params": {"gamma": 6.683992279908679, "log10_alpha": -0.5486567862203291, "log10_colsample_bytree": -0.426783722977213, "log10_eta": -0.014735561185914126, "log10_lambda": 0.9096223645688823, "log10_min_child_weight": 3.3967582652369877, "log10_subsample": -0.47181823767393805, "max_depth": 9.0, "num_boost_round": 8.0}, "datetime": {"datetime": "2024-01-19 00:15:11", "elapsed": 219.857294, "delta": 0.000449}}
{"target": -14.215366412559527, "params": {"gamma": 6.683992279908679, "log10_alpha": -0.5486567862203291, "log10_colsample_bytree": -0.426783722977213, "log10_eta": -0.014735561185914126, "log10_lambda": 0.9096223645688823, "log10_min_child_weight": 3.3967582652369877, "log10_subsample": -0.47181823767393805, "max_depth": 9.0, "num_boost_round": 9.0}, "datetime": {"datetime": "2024-01-19 00:15:11", "elapsed": 219.857751, "delta": 0.000457}}
{"target": -13.758460581358394, "params": {"gamma": 5.8860890849513625, "log10_alpha": -0.8644744714282488, "log10_colsample_bytree": -0.4877331755879417, "log10_eta": -2.3145766307457656, "log10_lambda": -0.2040228016908685, "log10_min_child_weight": 0.9272018847007402, "log10_subsample": -0.4750451522104685, "max_depth": 5.0, "num_boost_round": 0.0}, "datetime": {"datetime": "2024-01-19 00:15:32", "elapsed": 240.411259, "delta": 20.553508}}
{"target": -13.758192731840351, "params": {"gamma": 5.8860890849513625, "log10_alpha": -0.8644744714282488, "log10_colsample_bytree": -0.4877331755879417, "log10_eta": -2.3145766307457656, "log10_lambda": -0.2040228016908685, "log10_min_child_weight": 0.9272018847007402, "log10_subsample": -0.4750451522104685, "max_depth": 5.0, "num_boost_round": 1.0}, "datetime": {"datetime": "2024-01-19 00:15:32", "elapsed": 240.412701, "delta": 0.001442}}
{"target": -13.758103696738539, "params": {"gamma": 5.8860890849513625, "log10_alpha": -0.8644744714282488, "log10_colsample_bytree": -0.4877331755879417, "log10_eta": -2.3145766307457656, "log10_lambda": -0.2040228016908685, "log10_min_child_weight": 0.9272018847007402, "log10_subsample": -0.4750451522104685, "max_depth": 5.0, "num_boost_round": 2.0}, "datetime": {"datetime": "2024-01-19 00:15:32", "elapsed": 240.413183, "delta": 0.000482}}
{"target": -13.757982824839413, "params": {"gamma": 5.8860890849513625, "log10_alpha": -0.8644744714282488, "log10_colsample_bytree": -0.4877331755879417, "log10_eta": -2.3145766307457656, "log10_lambda": -0.2040228016908685, "log10_min_child_weight": 0.9272018847007402, "log10_subsample": -0.4750451522104685, "max_depth": 5.0, "num_boost_round": 3.0}, "datetime": {"datetime": "2024-01-19 00:15:32", "elapsed": 240.413645, "delta": 0.000462}}
{"target": -13.757924714221154, "params": {"gamma": 5.8860890849513625, "log10_alpha": -0.8644744714282488, "log10_colsample_bytree": -0.4877331755879417, "log10_eta": -2.3145766307457656, "log10_lambda": -0.2040228016908685, "log10_min_child_weight": 0.9272018847007402, "log10_subsample": -0.4750451522104685, "max_depth": 5.0, "num_boost_round": 4.0}, "datetime": {"datetime": "2024-01-19 00:15:32", "elapsed": 240.414094, "delta": 0.000449}}
{"target": -13.757857882749757, "params": {"gamma": 5.8860890849513625, "log10_alpha": -0.8644744714282488, "log10_colsample_bytree": -0.4877331755879417, "log10_eta": -2.3145766307457656, "log10_lambda": -0.2040228016908685, "log10_min_child_weight": 0.9272018847007402, "log10_subsample": -0.4750451522104685, "max_depth": 5.0, "num_boost_round": 5.0}, "datetime": {"datetime": "2024-01-19 00:15:32", "elapsed": 240.414698, "delta": 0.000604}}
{"target": -13.757863232423603, "params": {"gamma": 5.8860890849513625, "log10_alpha": -0.8644744714282488, "log10_colsample_bytree": -0.4877331755879417, "log10_eta": -2.3145766307457656, "log10_lambda": -0.2040228016908685, "log10_min_child_weight": 0.9272018847007402, "log10_subsample": -0.4750451522104685, "max_depth": 5.0, "num_boost_round": 6.0}, "datetime": {"datetime": "2024-01-19 00:15:32", "elapsed": 240.415149, "delta": 0.000451}}
{"target": -13.75785432324636, "params": {"gamma": 5.8860890849513625, "log10_alpha": -0.8644744714282488, "log10_colsample_bytree": -0.4877331755879417, "log10_eta": -2.3145766307457656, "log10_lambda": -0.2040228016908685, "log10_min_child_weight": 0.9272018847007402, "log10_subsample": -0.4750451522104685, "max_depth": 5.0, "num_boost_round": 7.0}, "datetime": {"datetime": "2024-01-19 00:15:32", "elapsed": 240.41561, "delta": 0.000461}}
{"target": -13.757873040656753, "params": {"gamma": 5.8860890849513625, "log10_alpha": -0.8644744714282488, "log10_colsample_bytree": -0.4877331755879417, "log10_eta": -2.3145766307457656, "log10_lambda": -0.2040228016908685, "log10_min_child_weight": 0.9272018847007402, "log10_subsample": -0.4750451522104685, "max_depth": 5.0, "num_boost_round": 8.0}, "datetime": {"datetime": "2024-01-19 00:15:32", "elapsed": 240.41606, "delta": 0.00045}}
{"target": -13.757699747984738, "params": {"gamma": 5.8860890849513625, "log10_alpha": -0.8644744714282488, "log10_colsample_bytree": -0.4877331755879417, "log10_eta": -2.3145766307457656, "log10_lambda": -0.2040228016908685, "log10_min_child_weight": 0.9272018847007402, "log10_subsample": -0.4750451522104685, "max_depth": 5.0, "num_boost_round": 9.0}, "datetime": {"datetime": "2024-01-19 00:15:32", "elapsed": 240.416524, "delta": 0.000464}}
{"target": -13.757763697050024, "params": {"gamma": 5.8860890849513625, "log10_alpha": -0.8644744714282488, "log10_colsample_bytree": -0.4877331755879417, "log10_eta": -2.3145766307457656, "log10_lambda": -0.2040228016908685, "log10_min_child_weight": 0.9272018847007402, "log10_subsample": -0.4750451522104685, "max_depth": 5.0, "num_boost_round": 10.0}, "datetime": {"datetime": "2024-01-19 00:15:32", "elapsed": 240.416985, "delta": 0.000461}}
{"target": -13.757672669628711, "params": {"gamma": 5.8860890849513625, "log10_alpha": -0.8644744714282488, "log10_colsample_bytree": -0.4877331755879417, "log10_eta": -2.3145766307457656, "log10_lambda": -0.2040228016908685, "log10_min_child_weight": 0.9272018847007402, "log10_subsample": -0.4750451522104685, "max_depth": 5.0, "num_boost_round": 11.0}, "datetime": {"datetime": "2024-01-19 00:15:32", "elapsed": 240.417445, "delta": 0.00046}}
{"target": -13.75770861436329, "params": {"gamma": 5.8860890849513625, "log10_alpha": -0.8644744714282488, "log10_colsample_bytree": -0.4877331755879417, "log10_eta": -2.3145766307457656, "log10_lambda": -0.2040228016908685, "log10_min_child_weight": 0.9272018847007402, "log10_subsample": -0.4750451522104685, "max_depth": 5.0, "num_boost_round": 12.0}, "datetime": {"datetime": "2024-01-19 00:15:32", "elapsed": 240.4179, "delta": 0.000455}}
{"target": -13.757874759849736, "params": {"gamma": 5.8860890849513625, "log10_alpha": -0.8644744714282488, "log10_colsample_bytree": -0.4877331755879417, "log10_eta": -2.3145766307457656, "log10_lambda": -0.2040228016908685, "log10_min_child_weight": 0.9272018847007402, "log10_subsample": -0.4750451522104685, "max_depth": 5.0, "num_boost_round": 13.0}, "datetime": {"datetime": "2024-01-19 00:15:32", "elapsed": 240.418357, "delta": 0.000457}}
{"target": -13.75795045946942, "params": {"gamma": 5.8860890849513625, "log10_alpha": -0.8644744714282488, "log10_colsample_bytree": -0.4877331755879417, "log10_eta": -2.3145766307457656, "log10_lambda": -0.2040228016908685, "log10_min_child_weight": 0.9272018847007402, "log10_subsample": -0.4750451522104685, "max_depth": 5.0, "num_boost_round": 14.0}, "datetime": {"datetime": "2024-01-19 00:15:32", "elapsed": 240.418858, "delta": 0.000501}}
{"target": -13.757757465025268, "params": {"gamma": 5.8860890849513625, "log10_alpha": -0.8644744714282488, "log10_colsample_bytree": -0.4877331755879417, "log10_eta": -2.3145766307457656, "log10_lambda": -0.2040228016908685, "log10_min_child_weight": 0.9272018847007402, "log10_subsample": -0.4750451522104685, "max_depth": 5.0, "num_boost_round": 15.0}, "datetime": {"datetime": "2024-01-19 00:15:32", "elapsed": 240.419324, "delta": 0.000466}}
{"target": -13.757701020737846, "params": {"gamma": 5.8860890849513625, "log10_alpha": -0.8644744714282488, "log10_colsample_bytree": -0.4877331755879417, "log10_eta": -2.3145766307457656, "log10_lambda": -0.2040228016908685, "log10_min_child_weight": 0.9272018847007402, "log10_subsample": -0.4750451522104685, "max_depth": 5.0, "num_boost_round": 16.0}, "datetime": {"datetime": "2024-01-19 00:15:32", "elapsed": 240.41979, "delta": 0.000466}}
{"target": -13.757698739649117, "params": {"gamma": 5.8860890849513625, "log10_alpha": -0.8644744714282488, "log10_colsample_bytree": -0.4877331755879417, "log10_eta": -2.3145766307457656, "log10_lambda": -0.2040228016908685, "log10_min_child_weight": 0.9272018847007402, "log10_subsample": -0.4750451522104685, "max_depth": 5.0, "num_boost_round": 17.0}, "datetime": {"datetime": "2024-01-19 00:15:32", "elapsed": 240.420255, "delta": 0.000465}}
{"target": -13.75794572116866, "params": {"gamma": 3.7807160068521473, "log10_alpha": 0.9256259449532891, "log10_colsample_bytree": -0.22354111554711864, "log10_eta": -1.3942781473954935, "log10_lambda": -3.402345558786207, "log10_min_child_weight": 1.1633629968786419, "log10_subsample": -0.6523485530476097, "max_depth": 4.0, "num_boost_round": 0.0}, "datetime": {"datetime": "2024-01-19 00:15:50", "elapsed": 258.424286, "delta": 18.004031}}
{"target": -13.757483658348477, "params": {"gamma": 3.7807160068521473, "log10_alpha": 0.9256259449532891, "log10_colsample_bytree": -0.22354111554711864, "log10_eta": -1.3942781473954935, "log10_lambda": -3.402345558786207, "log10_min_child_weight": 1.1633629968786419, "log10_subsample": -0.6523485530476097, "max_depth": 4.0, "num_boost_round": 1.0}, "datetime": {"datetime": "2024-01-19 00:15:50", "elapsed": 258.424938, "delta": 0.000652}}
{"target": -13.758170642903856, "params": {"gamma": 3.7807160068521473, "log10_alpha": 0.9256259449532891, "log10_colsample_bytree": -0.22354111554711864, "log10_eta": -1.3942781473954935, "log10_lambda": -3.402345558786207, "log10_min_child_weight": 1.1633629968786419, "log10_subsample": -0.6523485530476097, "max_depth": 4.0, "num_boost_round": 2.0}, "datetime": {"datetime": "2024-01-19 00:15:50", "elapsed": 258.425449, "delta": 0.000511}}
{"target": -13.75828046138869, "params": {"gamma": 3.7807160068521473, "log10_alpha": 0.9256259449532891, "log10_colsample_bytree": -0.22354111554711864, "log10_eta": -1.3942781473954935, "log10_lambda": -3.402345558786207, "log10_min_child_weight": 1.1633629968786419, "log10_subsample": -0.6523485530476097, "max_depth": 4.0, "num_boost_round": 3.0}, "datetime": {"datetime": "2024-01-19 00:15:50", "elapsed": 258.425934, "delta": 0.000485}}
{"target": -13.758196340901055, "params": {"gamma": 3.7807160068521473, "log10_alpha": 0.9256259449532891, "log10_colsample_bytree": -0.22354111554711864, "log10_eta": -1.3942781473954935, "log10_lambda": -3.402345558786207, "log10_min_child_weight": 1.1633629968786419, "log10_subsample": -0.6523485530476097, "max_depth": 4.0, "num_boost_round": 4.0}, "datetime": {"datetime": "2024-01-19 00:15:50", "elapsed": 258.426438, "delta": 0.000504}}
{"target": -13.759226571652974, "params": {"gamma": 3.7807160068521473, "log10_alpha": 0.9256259449532891, "log10_colsample_bytree": -0.22354111554711864, "log10_eta": -1.3942781473954935, "log10_lambda": -3.402345558786207, "log10_min_child_weight": 1.1633629968786419, "log10_subsample": -0.6523485530476097, "max_depth": 4.0, "num_boost_round": 5.0}, "datetime": {"datetime": "2024-01-19 00:15:50", "elapsed": 258.4273, "delta": 0.000862}}
{"target": -13.75973072096026, "params": {"gamma": 3.7807160068521473, "log10_alpha": 0.9256259449532891, "log10_colsample_bytree": -0.22354111554711864, "log10_eta": -1.3942781473954935, "log10_lambda": -3.402345558786207, "log10_min_child_weight": 1.1633629968786419, "log10_subsample": -0.6523485530476097, "max_depth": 4.0, "num_boost_round": 6.0}, "datetime": {"datetime": "2024-01-19 00:15:50", "elapsed": 258.427924, "delta": 0.000624}}
{"target": -13.760344857522174, "params": {"gamma": 3.7807160068521473, "log10_alpha": 0.9256259449532891, "log10_colsample_bytree": -0.22354111554711864, "log10_eta": -1.3942781473954935, "log10_lambda": -3.402345558786207, "log10_min_child_weight": 1.1633629968786419, "log10_subsample": -0.6523485530476097, "max_depth": 4.0, "num_boost_round": 7.0}, "datetime": {"datetime": "2024-01-19 00:15:50", "elapsed": 258.428415, "delta": 0.000491}}
{"target": -13.760311789752587, "params": {"gamma": 3.7807160068521473, "log10_alpha": 0.9256259449532891, "log10_colsample_bytree": -0.22354111554711864, "log10_eta": -1.3942781473954935, "log10_lambda": -3.402345558786207, "log10_min_child_weight": 1.1633629968786419, "log10_subsample": -0.6523485530476097, "max_depth": 4.0, "num_boost_round": 8.0}, "datetime": {"datetime": "2024-01-19 00:15:50", "elapsed": 258.428907, "delta": 0.000492}}
{"target": -13.761491285900084, "params": {"gamma": 3.7807160068521473, "log10_alpha": 0.9256259449532891, "log10_colsample_bytree": -0.22354111554711864, "log10_eta": -1.3942781473954935, "log10_lambda": -3.402345558786207, "log10_min_child_weight": 1.1633629968786419, "log10_subsample": -0.6523485530476097, "max_depth": 4.0, "num_boost_round": 9.0}, "datetime": {"datetime": "2024-01-19 00:15:50", "elapsed": 258.429574, "delta": 0.000667}}
{"target": -13.76327142503806, "params": {"gamma": 3.7807160068521473, "log10_alpha": 0.9256259449532891, "log10_colsample_bytree": -0.22354111554711864, "log10_eta": -1.3942781473954935, "log10_lambda": -3.402345558786207, "log10_min_child_weight": 1.1633629968786419, "log10_subsample": -0.6523485530476097, "max_depth": 4.0, "num_boost_round": 10.0}, "datetime": {"datetime": "2024-01-19 00:15:50", "elapsed": 258.430065, "delta": 0.000491}}
{"target": -13.762223012005997, "params": {"gamma": 3.7807160068521473, "log10_alpha": 0.9256259449532891, "log10_colsample_bytree": -0.22354111554711864, "log10_eta": -1.3942781473954935, "log10_lambda": -3.402345558786207, "log10_min_child_weight": 1.1633629968786419, "log10_subsample": -0.6523485530476097, "max_depth": 4.0, "num_boost_round": 11.0}, "datetime": {"datetime": "2024-01-19 00:15:50", "elapsed": 258.430558, "delta": 0.000493}}
{"target": -13.75852989442451, "params": {"gamma": 9.638951193017387, "log10_alpha": -0.33522030902056965, "log10_colsample_bytree": -0.6909711376843956, "log10_eta": -3.5165183186604687, "log10_lambda": -4.221807382439413, "log10_min_child_weight": 1.1911821093019825, "log10_subsample": -0.9805998542373879, "max_depth": 3.0, "num_boost_round": 0.0}, "datetime": {"datetime": "2024-01-19 00:16:09", "elapsed": 277.376722, "delta": 18.946164}}
{"target": -13.758517781432353, "params": {"gamma": 9.638951193017387, "log10_alpha": -0.33522030902056965, "log10_colsample_bytree": -0.6909711376843956, "log10_eta": -3.5165183186604687, "log10_lambda": -4.221807382439413, "log10_min_child_weight": 1.1911821093019825, "log10_subsample": -0.9805998542373879, "max_depth": 3.0, "num_boost_round": 1.0}, "datetime": {"datetime": "2024-01-19 00:16:09", "elapsed": 277.377612, "delta": 0.00089}}
{"target": -13.758504462615184, "params": {"gamma": 9.638951193017387, "log10_alpha": -0.33522030902056965, "log10_colsample_bytree": -0.6909711376843956, "log10_eta": -3.5165183186604687, "log10_lambda": -4.221807382439413, "log10_min_child_weight": 1.1911821093019825, "log10_subsample": -0.9805998542373879, "max_depth": 3.0, "num_boost_round": 2.0}, "datetime": {"datetime": "2024-01-19 00:16:09", "elapsed": 277.378146, "delta": 0.000534}}
{"target": -13.75850462493421, "params": {"gamma": 9.638951193017387, "log10_alpha": -0.33522030902056965, "log10_colsample_bytree": -0.6909711376843956, "log10_eta": -3.5165183186604687, "log10_lambda": -4.221807382439413, "log10_min_child_weight": 1.1911821093019825, "log10_subsample": -0.9805998542373879, "max_depth": 3.0, "num_boost_round": 3.0}, "datetime": {"datetime": "2024-01-19 00:16:09", "elapsed": 277.379017, "delta": 0.000871}}
{"target": -13.758504112612753, "params": {"gamma": 9.638951193017387, "log10_alpha": -0.33522030902056965, "log10_colsample_bytree": -0.6909711376843956, "log10_eta": -3.5165183186604687, "log10_lambda": -4.221807382439413, "log10_min_child_weight": 1.1911821093019825, "log10_subsample": -0.9805998542373879, "max_depth": 3.0, "num_boost_round": 4.0}, "datetime": {"datetime": "2024-01-19 00:16:09", "elapsed": 277.379557, "delta": 0.00054}}
{"target": -13.758502726952768, "params": {"gamma": 9.638951193017387, "log10_alpha": -0.33522030902056965, "log10_colsample_bytree": -0.6909711376843956, "log10_eta": -3.5165183186604687, "log10_lambda": -4.221807382439413, "log10_min_child_weight": 1.1911821093019825, "log10_subsample": -0.9805998542373879, "max_depth": 3.0, "num_boost_round": 5.0}, "datetime": {"datetime": "2024-01-19 00:16:09", "elapsed": 277.380064, "delta": 0.000507}}
