{"target": -13.758532822353281, "params": {"gamma": 9.542766706981054, "log10_alpha": -1.870728214225128, "log10_colsample_bytree": 0.0, "log10_eta": -4.0, "log10_lambda": -4.913226555687568, "log10_min_child_weight": 0.4243544164502358, "log10_subsample": -0.08650381989000104, "max_depth": 6.0, "num_boost_round": 9.0}, "datetime": {"datetime": "2024-01-19 00:50:18", "elapsed": 2326.384507, "delta": 0.002324}}
{"target": -13.758531896244353, "params": {"gamma": 9.542766706981054, "log10_alpha": -1.870728214225128, "log10_colsample_bytree": 0.0, "log10_eta": -4.0, "log10_lambda": -4.913226555687568, "log10_min_child_weight": 0.4243544164502358, "log10_subsample": -0.08650381989000104, "max_depth": 6.0, "num_boost_round": 10.0}, "datetime": {"datetime": "2024-01-19 00:50:18", "elapsed": 2326.386852, "delta": 0.002345}}
{"target": -13.758528685260506, "params": {"gamma": 9.542766706981054, "log10_alpha": -1.870728214225128, "log10_colsample_bytree": 0.0, "log10_eta": -4.0, "log10_lambda": -4.913226555687568, "log10_min_child_weight": 0.4243544164502358, "log10_subsample": -0.08650381989000104, "max_depth": 6.0, "num_boost_round": 11.0}, "datetime": {"datetime": "2024-01-19 00:50:18", "elapsed": 2326.389348, "delta": 0.002496}}
{"target": -13.758527354517668, "params": {"gamma": 9.542766706981054, "log10_alpha": -1.870728214225128, "log10_colsample_bytree": 0.0, "log10_eta": -4.0, "log10_lambda": -4.913226555687568, "log10_min_child_weight": 0.4243544164502358, "log10_subsample": -0.08650381989000104, "max_depth": 6.0, "num_boost_round": 12.0}, "datetime": {"datetime": "2024-01-19 00:50:18", "elapsed": 2326.391818, "delta": 0.00247}}
{"target": -13.75852667262294, "params": {"gamma": 9.542766706981054, "log10_alpha": -1.870728214225128, "log10_colsample_bytree": 0.0, "log10_eta": -4.0, "log10_lambda": -4.913226555687568, "log10_min_child_weight": 0.4243544164502358, "log10_subsample": -0.08650381989000104, "max_depth": 6.0, "num_boost_round": 13.0}, "datetime": {"datetime": "2024-01-19 00:50:18", "elapsed": 2326.394279, "delta": 0.002461}}
{"target": -13.7585253115212, "params": {"gamma": 9.542766706981054, "log10_alpha": -1.870728214225128, "log10_colsample_bytree": 0.0, "log10_eta": -4.0, "log10_lambda": -4.913226555687568, "log10_min_child_weight": 0.4243544164502358, "log10_subsample": -0.08650381989000104, "max_depth": 6.0, "num_boost_round": 14.0}, "datetime": {"datetime": "2024-01-19 00:50:18", "elapsed": 2326.396721, "delta": 0.002442}}
{"target": -13.758524793407908, "params": {"gamma": 9.542766706981054, "log10_alpha": -1.870728214225128, "log10_colsample_bytree": 0.0, "log10_eta": -4.0, "log10_lambda": -4.913226555687568, "log10_min_child_weight": 0.4243544164502358, "log10_subsample": -0.08650381989000104, "max_depth": 6.0, "num_boost_round": 15.0}, "datetime": {"datetime": "2024-01-19 00:50:18", "elapsed": 2326.399151, "delta": 0.00243}}
{"target": -13.758524391823645, "params": {"gamma": 9.542766706981054, "log10_alpha": -1.870728214225128, "log10_colsample_bytree": 0.0, "log10_eta": -4.0, "log10_lambda": -4.913226555687568, "log10_min_child_weight": 0.4243544164502358, "log10_subsample": -0.08650381989000104, "max_depth": 6.0, "num_boost_round": 16.0}, "datetime": {"datetime": "2024-01-19 00:50:18", "elapsed": 2326.401522, "delta": 0.002371}}
{"target": -13.758524085276024, "params": {"gamma": 9.542766706981054, "log10_alpha": -1.870728214225128, "log10_colsample_bytree": 0.0, "log10_eta": -4.0, "log10_lambda": -4.913226555687568, "log10_min_child_weight": 0.4243544164502358, "log10_subsample": -0.08650381989000104, "max_depth": 6.0, "num_boost_round": 17.0}, "datetime": {"datetime": "2024-01-19 00:50:18", "elapsed": 2326.403881, "delta": 0.002359}}
{"target": -13.758522989784721, "params": {"gamma": 9.542766706981054, "log10_alpha": -1.870728214225128, "log10_colsample_bytree": 0.0, "log10_eta": -4.0, "log10_lambda": -4.913226555687568, "log10_min_child_weight": 0.4243544164502358, "log10_subsample": -0.08650381989000104, "max_depth": 6.0, "num_boost_round": 18.0}, "datetime": {"datetime": "2024-01-19 00:50:18", "elapsed": 2326.406292, "delta": 0.002411}}
{"target": -13.758521388339837, "params": {"gamma": 9.542766706981054, "log10_alpha": -1.870728214225128, "log10_colsample_bytree": 0.0, "log10_eta": -4.0, "log10_lambda": -4.913226555687568, "log10_min_child_weight": 0.4243544164502358, "log10_subsample": -0.08650381989000104, "max_depth": 6.0, "num_boost_round": 19.0}, "datetime": {"datetime": "2024-01-19 00:50:18", "elapsed": 2326.408756, "delta": 0.002464}}
{"target": -13.758519487636656, "params": {"gamma": 9.542766706981054, "log10_alpha": -1.870728214225128, "log10_colsample_bytree": 0.0, "log10_eta": -4.0, "log10_lambda": -4.913226555687568, "log10_min_child_weight": 0.4243544164502358, "log10_subsample": -0.08650381989000104, "max_depth": 6.0, "num_boost_round": 20.0}, "datetime": {"datetime": "2024-01-19 00:50:18", "elapsed": 2326.411101, "delta": 0.002345}}
{"target": -13.758518741682137, "params": {"gamma": 9.542766706981054, "log10_alpha": -1.870728214225128, "log10_colsample_bytree": 0.0, "log10_eta": -4.0, "log10_lambda": -4.913226555687568, "log10_min_child_weight": 0.4243544164502358, "log10_subsample": -0.08650381989000104, "max_depth": 6.0, "num_boost_round": 21.0}, "datetime": {"datetime": "2024-01-19 00:50:18", "elapsed": 2326.413437, "delta": 0.002336}}
{"target": -13.756984692240913, "params": {"gamma": 26.8809453625215, "log10_alpha": -2.3023270178694664, "log10_colsample_bytree": -0.47634872258785177, "log10_eta": -0.9388963630243965, "log10_lambda": -3.779297610698012, "log10_min_child_weight": 1.9740799222970795, "log10_subsample": -0.6233850994825759, "max_depth": 2.0, "num_boost_round": 0.0}, "datetime": {"datetime": "2024-01-19 00:50:41", "elapsed": 2349.830796, "delta": 23.417359}}
{"target": -13.75532692288672, "params": {"gamma": 26.8809453625215, "log10_alpha": -2.3023270178694664, "log10_colsample_bytree": -0.47634872258785177, "log10_eta": -0.9388963630243965, "log10_lambda": -3.779297610698012, "log10_min_child_weight": 1.9740799222970795, "log10_subsample": -0.6233850994825759, "max_depth": 2.0, "num_boost_round": 1.0}, "datetime": {"datetime": "2024-01-19 00:50:41", "elapsed": 2349.833691, "delta": 0.002895}}
{"target": -13.756604919060706, "params": {"gamma": 26.8809453625215, "log10_alpha": -2.3023270178694664, "log10_colsample_bytree": -0.47634872258785177, "log10_eta": -0.9388963630243965, "log10_lambda": -3.779297610698012, "log10_min_child_weight": 1.9740799222970795, "log10_subsample": -0.6233850994825759, "max_depth": 2.0, "num_boost_round": 2.0}, "datetime": {"datetime": "2024-01-19 00:50:41", "elapsed": 2349.836181, "delta": 0.00249}}
{"target": -13.75715482709702, "params": {"gamma": 26.8809453625215, "log10_alpha": -2.3023270178694664, "log10_colsample_bytree": -0.47634872258785177, "log10_eta": -0.9388963630243965, "log10_lambda": -3.779297610698012, "log10_min_child_weight": 1.9740799222970795, "log10_subsample": -0.6233850994825759, "max_depth": 2.0, "num_boost_round": 3.0}, "datetime": {"datetime": "2024-01-19 00:50:41", "elapsed": 2349.838578, "delta": 0.002397}}
{"target": -13.757755812969856, "params": {"gamma": 26.8809453625215, "log10_alpha": -2.3023270178694664, "log10_colsample_bytree": -0.47634872258785177, "log10_eta": -0.9388963630243965, "log10_lambda": -3.779297610698012, "log10_min_child_weight": 1.9740799222970795, "log10_subsample": -0.6233850994825759, "max_depth": 2.0, "num_boost_round": 4.0}, "datetime": {"datetime": "2024-01-19 00:50:41", "elapsed": 2349.840943, "delta": 0.002365}}
{"target": -13.760471285945508, "params": {"gamma": 26.8809453625215, "log10_alpha": -2.3023270178694664, "log10_colsample_bytree": -0.47634872258785177, "log10_eta": -0.9388963630243965, "log10_lambda": -3.779297610698012, "log10_min_child_weight": 1.9740799222970795, "log10_subsample": -0.6233850994825759, "max_depth": 2.0, "num_boost_round": 5.0}, "datetime": {"datetime": "2024-01-19 00:50:41", "elapsed": 2349.843265, "delta": 0.002322}}
{"target": -13.760817672753175, "params": {"gamma": 26.8809453625215, "log10_alpha": -2.3023270178694664, "log10_colsample_bytree": -0.47634872258785177, "log10_eta": -0.9388963630243965, "log10_lambda": -3.779297610698012, "log10_min_child_weight": 1.9740799222970795, "log10_subsample": -0.6233850994825759, "max_depth": 2.0, "num_boost_round": 6.0}, "datetime": {"datetime": "2024-01-19 00:50:41", "elapsed": 2349.845603, "delta": 0.002338}}
{"target": -13.760856839400859, "params": {"gamma": 26.8809453625215, "log10_alpha": -2.3023270178694664, "log10_colsample_bytree": -0.47634872258785177, "log10_eta": -0.9388963630243965, "log10_lambda": -3.779297610698012, "log10_min_child_weight": 1.9740799222970795, "log10_subsample": -0.6233850994825759, "max_depth": 2.0, "num_boost_round": 7.0}, "datetime": {"datetime": "2024-01-19 00:50:41", "elapsed": 2349.848015, "delta": 0.002412}}
{"target": -13.760376676526938, "params": {"gamma": 26.8809453625215, "log10_alpha": -2.3023270178694664, "log10_colsample_bytree": -0.47634872258785177, "log10_eta": -0.9388963630243965, "log10_lambda": -3.779297610698012, "log10_min_child_weight": 1.9740799222970795, "log10_subsample": -0.6233850994825759, "max_depth": 2.0, "num_boost_round": 8.0}, "datetime": {"datetime": "2024-01-19 00:50:41", "elapsed": 2349.85041, "delta": 0.002395}}
{"target": -13.760576703795348, "params": {"gamma": 26.8809453625215, "log10_alpha": -2.3023270178694664, "log10_colsample_bytree": -0.47634872258785177, "log10_eta": -0.9388963630243965, "log10_lambda": -3.779297610698012, "log10_min_child_weight": 1.9740799222970795, "log10_subsample": -0.6233850994825759, "max_depth": 2.0, "num_boost_round": 9.0}, "datetime": {"datetime": "2024-01-19 00:50:41", "elapsed": 2349.852726, "delta": 0.002316}}
{"target": -13.758408227059446, "params": {"gamma": 32.17432493716821, "log10_alpha": -4.951160694725746, "log10_colsample_bytree": -0.14875548683580686, "log10_eta": -1.6955332419655655, "log10_lambda": 0.950375661407926, "log10_min_child_weight": 3.9066701915736344, "log10_subsample": -0.2538437939097138, "max_depth": 4.0, "num_boost_round": 0.0}, "datetime": {"datetime": "2024-01-19 00:51:06", "elapsed": 2375.061875, "delta": 25.209149}}
{"target": -13.758218498019366, "params": {"gamma": 32.17432493716821, "log10_alpha": -4.951160694725746, "log10_colsample_bytree": -0.14875548683580686, "log10_eta": -1.6955332419655655, "log10_lambda": 0.950375661407926, "log10_min_child_weight": 3.9066701915736344, "log10_subsample": -0.2538437939097138, "max_depth": 4.0, "num_boost_round": 1.0}, "datetime": {"datetime": "2024-01-19 00:51:06", "elapsed": 2375.064873, "delta": 0.002998}}
{"target": -13.758173417764914, "params": {"gamma": 32.17432493716821, "log10_alpha": -4.951160694725746, "log10_colsample_bytree": -0.14875548683580686, "log10_eta": -1.6955332419655655, "log10_lambda": 0.950375661407926, "log10_min_child_weight": 3.9066701915736344, "log10_subsample": -0.2538437939097138, "max_depth": 4.0, "num_boost_round": 2.0}, "datetime": {"datetime": "2024-01-19 00:51:06", "elapsed": 2375.06736, "delta": 0.002487}}
{"target": -13.75813739284882, "params": {"gamma": 32.17432493716821, "log10_alpha": -4.951160694725746, "log10_colsample_bytree": -0.14875548683580686, "log10_eta": -1.6955332419655655, "log10_lambda": 0.950375661407926, "log10_min_child_weight": 3.9066701915736344, "log10_subsample": -0.2538437939097138, "max_depth": 4.0, "num_boost_round": 3.0}, "datetime": {"datetime": "2024-01-19 00:51:06", "elapsed": 2375.069889, "delta": 0.002529}}
{"target": -13.757921150229022, "params": {"gamma": 32.17432493716821, "log10_alpha": -4.951160694725746, "log10_colsample_bytree": -0.14875548683580686, "log10_eta": -1.6955332419655655, "log10_lambda": 0.950375661407926, "log10_min_child_weight": 3.9066701915736344, "log10_subsample": -0.2538437939097138, "max_depth": 4.0, "num_boost_round": 4.0}, "datetime": {"datetime": "2024-01-19 00:51:06", "elapsed": 2375.072302, "delta": 0.002413}}
{"target": -13.757799917925169, "params": {"gamma": 32.17432493716821, "log10_alpha": -4.951160694725746, "log10_colsample_bytree": -0.14875548683580686, "log10_eta": -1.6955332419655655, "log10_lambda": 0.950375661407926, "log10_min_child_weight": 3.9066701915736344, "log10_subsample": -0.2538437939097138, "max_depth": 4.0, "num_boost_round": 5.0}, "datetime": {"datetime": "2024-01-19 00:51:06", "elapsed": 2375.074666, "delta": 0.002364}}
{"target": -13.757710433888539, "params": {"gamma": 32.17432493716821, "log10_alpha": -4.951160694725746, "log10_colsample_bytree": -0.14875548683580686, "log10_eta": -1.6955332419655655, "log10_lambda": 0.950375661407926, "log10_min_child_weight": 3.9066701915736344, "log10_subsample": -0.2538437939097138, "max_depth": 4.0, "num_boost_round": 6.0}, "datetime": {"datetime": "2024-01-19 00:51:06", "elapsed": 2375.077124, "delta": 0.002458}}
{"target": -13.757709121434518, "params": {"gamma": 32.17432493716821, "log10_alpha": -4.951160694725746, "log10_colsample_bytree": -0.14875548683580686, "log10_eta": -1.6955332419655655, "log10_lambda": 0.950375661407926, "log10_min_child_weight": 3.9066701915736344, "log10_subsample": -0.2538437939097138, "max_depth": 4.0, "num_boost_round": 7.0}, "datetime": {"datetime": "2024-01-19 00:51:06", "elapsed": 2375.079649, "delta": 0.002525}}
{"target": -13.75761734209421, "params": {"gamma": 32.17432493716821, "log10_alpha": -4.951160694725746, "log10_colsample_bytree": -0.14875548683580686, "log10_eta": -1.6955332419655655, "log10_lambda": 0.950375661407926, "log10_min_child_weight": 3.9066701915736344, "log10_subsample": -0.2538437939097138, "max_depth": 4.0, "num_boost_round": 8.0}, "datetime": {"datetime": "2024-01-19 00:51:06", "elapsed": 2375.082136, "delta": 0.002487}}
{"target": -13.75744208386955, "params": {"gamma": 32.17432493716821, "log10_alpha": -4.951160694725746, "log10_colsample_bytree": -0.14875548683580686, "log10_eta": -1.6955332419655655, "log10_lambda": 0.950375661407926, "log10_min_child_weight": 3.9066701915736344, "log10_subsample": -0.2538437939097138, "max_depth": 4.0, "num_boost_round": 9.0}, "datetime": {"datetime": "2024-01-19 00:51:06", "elapsed": 2375.084553, "delta": 0.002417}}
{"target": -13.757413401836526, "params": {"gamma": 32.17432493716821, "log10_alpha": -4.951160694725746, "log10_colsample_bytree": -0.14875548683580686, "log10_eta": -1.6955332419655655, "log10_lambda": 0.950375661407926, "log10_min_child_weight": 3.9066701915736344, "log10_subsample": -0.2538437939097138, "max_depth": 4.0, "num_boost_round": 10.0}, "datetime": {"datetime": "2024-01-19 00:51:06", "elapsed": 2375.086935, "delta": 0.002382}}
{"target": -13.75706691954245, "params": {"gamma": 32.17432493716821, "log10_alpha": -4.951160694725746, "log10_colsample_bytree": -0.14875548683580686, "log10_eta": -1.6955332419655655, "log10_lambda": 0.950375661407926, "log10_min_child_weight": 3.9066701915736344, "log10_subsample": -0.2538437939097138, "max_depth": 4.0, "num_boost_round": 11.0}, "datetime": {"datetime": "2024-01-19 00:51:06", "elapsed": 2375.089335, "delta": 0.0024}}
{"target": -13.757287151112696, "params": {"gamma": 32.17432493716821, "log10_alpha": -4.951160694725746, "log10_colsample_bytree": -0.14875548683580686, "log10_eta": -1.6955332419655655, "log10_lambda": 0.950375661407926, "log10_min_child_weight": 3.9066701915736344, "log10_subsample": -0.2538437939097138, "max_depth": 4.0, "num_boost_round": 12.0}, "datetime": {"datetime": "2024-01-19 00:51:06", "elapsed": 2375.091688, "delta": 0.002353}}
{"target": -13.757510887228987, "params": {"gamma": 32.17432493716821, "log10_alpha": -4.951160694725746, "log10_colsample_bytree": -0.14875548683580686, "log10_eta": -1.6955332419655655, "log10_lambda": 0.950375661407926, "log10_min_child_weight": 3.9066701915736344, "log10_subsample": -0.2538437939097138, "max_depth": 4.0, "num_boost_round": 13.0}, "datetime": {"datetime": "2024-01-19 00:51:06", "elapsed": 2375.094112, "delta": 0.002424}}
{"target": -13.757809434351406, "params": {"gamma": 32.17432493716821, "log10_alpha": -4.951160694725746, "log10_colsample_bytree": -0.14875548683580686, "log10_eta": -1.6955332419655655, "log10_lambda": 0.950375661407926, "log10_min_child_weight": 3.9066701915736344, "log10_subsample": -0.2538437939097138, "max_depth": 4.0, "num_boost_round": 14.0}, "datetime": {"datetime": "2024-01-19 00:51:06", "elapsed": 2375.09652, "delta": 0.002408}}
{"target": -13.757801247930702, "params": {"gamma": 32.17432493716821, "log10_alpha": -4.951160694725746, "log10_colsample_bytree": -0.14875548683580686, "log10_eta": -1.6955332419655655, "log10_lambda": 0.950375661407926, "log10_min_child_weight": 3.9066701915736344, "log10_subsample": -0.2538437939097138, "max_depth": 4.0, "num_boost_round": 15.0}, "datetime": {"datetime": "2024-01-19 00:51:06", "elapsed": 2375.098972, "delta": 0.002452}}
{"target": -13.757546465487717, "params": {"gamma": 32.17432493716821, "log10_alpha": -4.951160694725746, "log10_colsample_bytree": -0.14875548683580686, "log10_eta": -1.6955332419655655, "log10_lambda": 0.950375661407926, "log10_min_child_weight": 3.9066701915736344, "log10_subsample": -0.2538437939097138, "max_depth": 4.0, "num_boost_round": 16.0}, "datetime": {"datetime": "2024-01-19 00:51:06", "elapsed": 2375.101412, "delta": 0.00244}}
{"target": -13.757823942487212, "params": {"gamma": 32.17432493716821, "log10_alpha": -4.951160694725746, "log10_colsample_bytree": -0.14875548683580686, "log10_eta": -1.6955332419655655, "log10_lambda": 0.950375661407926, "log10_min_child_weight": 3.9066701915736344, "log10_subsample": -0.2538437939097138, "max_depth": 4.0, "num_boost_round": 17.0}, "datetime": {"datetime": "2024-01-19 00:51:06", "elapsed": 2375.103789, "delta": 0.002377}}
{"target": -13.758044609913753, "params": {"gamma": 32.17432493716821, "log10_alpha": -4.951160694725746, "log10_colsample_bytree": -0.14875548683580686, "log10_eta": -1.6955332419655655, "log10_lambda": 0.950375661407926, "log10_min_child_weight": 3.9066701915736344, "log10_subsample": -0.2538437939097138, "max_depth": 4.0, "num_boost_round": 18.0}, "datetime": {"datetime": "2024-01-19 00:51:06", "elapsed": 2375.106187, "delta": 0.002398}}
{"target": -13.757985925436463, "params": {"gamma": 32.17432493716821, "log10_alpha": -4.951160694725746, "log10_colsample_bytree": -0.14875548683580686, "log10_eta": -1.6955332419655655, "log10_lambda": 0.950375661407926, "log10_min_child_weight": 3.9066701915736344, "log10_subsample": -0.2538437939097138, "max_depth": 4.0, "num_boost_round": 19.0}, "datetime": {"datetime": "2024-01-19 00:51:06", "elapsed": 2375.108637, "delta": 0.00245}}
{"target": -13.758281239419036, "params": {"gamma": 32.2483284914632, "log10_alpha": 0.36044749848872293, "log10_colsample_bytree": -0.9726256227183202, "log10_eta": -0.9979302758438222, "log10_lambda": -0.17894259484080344, "log10_min_child_weight": 3.930615533301868, "log10_subsample": -0.29313919230453855, "max_depth": 2.0, "num_boost_round": 0.0}, "datetime": {"datetime": "2024-01-19 00:51:35", "elapsed": 2404.042171, "delta": 28.933534}}
{"target": -13.757862153792017, "params": {"gamma": 32.2483284914632, "log10_alpha": 0.36044749848872293, "log10_colsample_bytree": -0.9726256227183202, "log10_eta": -0.9979302758438222, "log10_lambda": -0.17894259484080344, "log10_min_child_weight": 3.930615533301868, "log10_subsample": -0.29313919230453855, "max_depth": 2.0, "num_boost_round": 1.0}, "datetime": {"datetime": "2024-01-19 00:51:35", "elapsed": 2404.045111, "delta": 0.00294}}
{"target": -13.757883781283454, "params": {"gamma": 32.2483284914632, "log10_alpha": 0.36044749848872293, "log10_colsample_bytree": -0.9726256227183202, "log10_eta": -0.9979302758438222, "log10_lambda": -0.17894259484080344, "log10_min_child_weight": 3.930615533301868, "log10_subsample": -0.29313919230453855, "max_depth": 2.0, "num_boost_round": 2.0}, "datetime": {"datetime": "2024-01-19 00:51:35", "elapsed": 2404.047895, "delta": 0.002784}}
{"target": -13.758013651845896, "params": {"gamma": 32.2483284914632, "log10_alpha": 0.36044749848872293, "log10_colsample_bytree": -0.9726256227183202, "log10_eta": -0.9979302758438222, "log10_lambda": -0.17894259484080344, "log10_min_child_weight": 3.930615533301868, "log10_subsample": -0.29313919230453855, "max_depth": 2.0, "num_boost_round": 3.0}, "datetime": {"datetime": "2024-01-19 00:51:35", "elapsed": 2404.050423, "delta": 0.002528}}
{"target": -13.758068023040767, "params": {"gamma": 32.2483284914632, "log10_alpha": 0.36044749848872293, "log10_colsample_bytree": -0.9726256227183202, "log10_eta": -0.9979302758438222, "log10_lambda": -0.17894259484080344, "log10_min_child_weight": 3.930615533301868, "log10_subsample": -0.29313919230453855, "max_depth": 2.0, "num_boost_round": 4.0}, "datetime": {"datetime": "2024-01-19 00:51:35", "elapsed": 2404.05283, "delta": 0.002407}}
{"target": -13.757735102120517, "params": {"gamma": 32.2483284914632, "log10_alpha": 0.36044749848872293, "log10_colsample_bytree": -0.9726256227183202, "log10_eta": -0.9979302758438222, "log10_lambda": -0.17894259484080344, "log10_min_child_weight": 3.930615533301868, "log10_subsample": -0.29313919230453855, "max_depth": 2.0, "num_boost_round": 5.0}, "datetime": {"datetime": "2024-01-19 00:51:35", "elapsed": 2404.055277, "delta": 0.002447}}
{"target": -13.758685461207287, "params": {"gamma": 32.2483284914632, "log10_alpha": 0.36044749848872293, "log10_colsample_bytree": -0.9726256227183202, "log10_eta": -0.9979302758438222, "log10_lambda": -0.17894259484080344, "log10_min_child_weight": 3.930615533301868, "log10_subsample": -0.29313919230453855, "max_depth": 2.0, "num_boost_round": 6.0}, "datetime": {"datetime": "2024-01-19 00:51:35", "elapsed": 2404.057674, "delta": 0.002397}}
