{"target": -13.758534784222697, "params": {"gamma": 421.46120063397586, "log10_alpha": -3.0825015961664457, "log10_colsample_bytree": -0.7210791967069509, "log10_eta": -3.8123981911558507, "log10_lambda": -2.8048095343425086, "log10_min_child_weight": 4.052841509693597, "log10_subsample": -0.4677142682425305, "max_depth": 2.0, "num_boost_round": 26.0}, "datetime": {"datetime": "2024-01-19 00:32:01", "elapsed": 1224.244631, "delta": 0.002346}}
{"target": -13.758538207653705, "params": {"gamma": 424.37916923771047, "log10_alpha": 0.9963092143659051, "log10_colsample_bytree": -1.0, "log10_eta": -3.965788891792964, "log10_lambda": -3.6981772807485993, "log10_min_child_weight": 4.769604403971609, "log10_subsample": 0.0, "max_depth": 6.0, "num_boost_round": 0.0}, "datetime": {"datetime": "2024-01-19 00:32:40", "elapsed": 1263.519533, "delta": 39.274902}}
{"target": -13.758537523196347, "params": {"gamma": 424.37916923771047, "log10_alpha": 0.9963092143659051, "log10_colsample_bytree": -1.0, "log10_eta": -3.965788891792964, "log10_lambda": -3.6981772807485993, "log10_min_child_weight": 4.769604403971609, "log10_subsample": 0.0, "max_depth": 6.0, "num_boost_round": 1.0}, "datetime": {"datetime": "2024-01-19 00:32:40", "elapsed": 1263.522378, "delta": 0.002845}}
{"target": -13.758536944243152, "params": {"gamma": 424.37916923771047, "log10_alpha": 0.9963092143659051, "log10_colsample_bytree": -1.0, "log10_eta": -3.965788891792964, "log10_lambda": -3.6981772807485993, "log10_min_child_weight": 4.769604403971609, "log10_subsample": 0.0, "max_depth": 6.0, "num_boost_round": 2.0}, "datetime": {"datetime": "2024-01-19 00:32:40", "elapsed": 1263.525131, "delta": 0.002753}}
{"target": -13.7585370660699, "params": {"gamma": 424.37916923771047, "log10_alpha": 0.9963092143659051, "log10_colsample_bytree": -1.0, "log10_eta": -3.965788891792964, "log10_lambda": -3.6981772807485993, "log10_min_child_weight": 4.769604403971609, "log10_subsample": 0.0, "max_depth": 6.0, "num_boost_round": 3.0}, "datetime": {"datetime": "2024-01-19 00:32:40", "elapsed": 1263.527505, "delta": 0.002374}}
{"target": -13.758536958691668, "params": {"gamma": 424.37916923771047, "log10_alpha": 0.9963092143659051, "log10_colsample_bytree": -1.0, "log10_eta": -3.965788891792964, "log10_lambda": -3.6981772807485993, "log10_min_child_weight": 4.769604403971609, "log10_subsample": 0.0, "max_depth": 6.0, "num_boost_round": 4.0}, "datetime": {"datetime": "2024-01-19 00:32:40", "elapsed": 1263.529973, "delta": 0.002468}}
{"target": -13.758536750832391, "params": {"gamma": 424.37916923771047, "log10_alpha": 0.9963092143659051, "log10_colsample_bytree": -1.0, "log10_eta": -3.965788891792964, "log10_lambda": -3.6981772807485993, "log10_min_child_weight": 4.769604403971609, "log10_subsample": 0.0, "max_depth": 6.0, "num_boost_round": 5.0}, "datetime": {"datetime": "2024-01-19 00:32:40", "elapsed": 1263.532302, "delta": 0.002329}}
{"target": -13.758536866631685, "params": {"gamma": 424.37916923771047, "log10_alpha": 0.9963092143659051, "log10_colsample_bytree": -1.0, "log10_eta": -3.965788891792964, "log10_lambda": -3.6981772807485993, "log10_min_child_weight": 4.769604403971609, "log10_subsample": 0.0, "max_depth": 6.0, "num_boost_round": 6.0}, "datetime": {"datetime": "2024-01-19 00:32:40", "elapsed": 1263.534608, "delta": 0.002306}}
{"target": -13.75853581345279, "params": {"gamma": 424.37916923771047, "log10_alpha": 0.9963092143659051, "log10_colsample_bytree": -1.0, "log10_eta": -3.965788891792964, "log10_lambda": -3.6981772807485993, "log10_min_child_weight": 4.769604403971609, "log10_subsample": 0.0, "max_depth": 6.0, "num_boost_round": 7.0}, "datetime": {"datetime": "2024-01-19 00:32:40", "elapsed": 1263.536923, "delta": 0.002315}}
{"target": -13.758535893658848, "params": {"gamma": 424.37916923771047, "log10_alpha": 0.9963092143659051, "log10_colsample_bytree": -1.0, "log10_eta": -3.965788891792964, "log10_lambda": -3.6981772807485993, "log10_min_child_weight": 4.769604403971609, "log10_subsample": 0.0, "max_depth": 6.0, "num_boost_round": 8.0}, "datetime": {"datetime": "2024-01-19 00:32:40", "elapsed": 1263.539229, "delta": 0.002306}}
{"target": -13.758535971539073, "params": {"gamma": 424.37916923771047, "log10_alpha": 0.9963092143659051, "log10_colsample_bytree": -1.0, "log10_eta": -3.965788891792964, "log10_lambda": -3.6981772807485993, "log10_min_child_weight": 4.769604403971609, "log10_subsample": 0.0, "max_depth": 6.0, "num_boost_round": 9.0}, "datetime": {"datetime": "2024-01-19 00:32:40", "elapsed": 1263.541634, "delta": 0.002405}}
{"target": -13.758535740712123, "params": {"gamma": 424.37916923771047, "log10_alpha": 0.9963092143659051, "log10_colsample_bytree": -1.0, "log10_eta": -3.965788891792964, "log10_lambda": -3.6981772807485993, "log10_min_child_weight": 4.769604403971609, "log10_subsample": 0.0, "max_depth": 6.0, "num_boost_round": 10.0}, "datetime": {"datetime": "2024-01-19 00:32:40", "elapsed": 1263.543987, "delta": 0.002353}}
{"target": -13.75853566737975, "params": {"gamma": 424.37916923771047, "log10_alpha": 0.9963092143659051, "log10_colsample_bytree": -1.0, "log10_eta": -3.965788891792964, "log10_lambda": -3.6981772807485993, "log10_min_child_weight": 4.769604403971609, "log10_subsample": 0.0, "max_depth": 6.0, "num_boost_round": 11.0}, "datetime": {"datetime": "2024-01-19 00:32:40", "elapsed": 1263.546323, "delta": 0.002336}}
{"target": -13.758535302637586, "params": {"gamma": 424.37916923771047, "log10_alpha": 0.9963092143659051, "log10_colsample_bytree": -1.0, "log10_eta": -3.965788891792964, "log10_lambda": -3.6981772807485993, "log10_min_child_weight": 4.769604403971609, "log10_subsample": 0.0, "max_depth": 6.0, "num_boost_round": 12.0}, "datetime": {"datetime": "2024-01-19 00:32:40", "elapsed": 1263.548783, "delta": 0.00246}}
{"target": -13.758534308970576, "params": {"gamma": 424.37916923771047, "log10_alpha": 0.9963092143659051, "log10_colsample_bytree": -1.0, "log10_eta": -3.965788891792964, "log10_lambda": -3.6981772807485993, "log10_min_child_weight": 4.769604403971609, "log10_subsample": 0.0, "max_depth": 6.0, "num_boost_round": 13.0}, "datetime": {"datetime": "2024-01-19 00:32:40", "elapsed": 1263.551131, "delta": 0.002348}}
{"target": -13.75853384929799, "params": {"gamma": 424.37916923771047, "log10_alpha": 0.9963092143659051, "log10_colsample_bytree": -1.0, "log10_eta": -3.965788891792964, "log10_lambda": -3.6981772807485993, "log10_min_child_weight": 4.769604403971609, "log10_subsample": 0.0, "max_depth": 6.0, "num_boost_round": 14.0}, "datetime": {"datetime": "2024-01-19 00:32:40", "elapsed": 1263.553452, "delta": 0.002321}}
{"target": -13.758533059614113, "params": {"gamma": 424.37916923771047, "log10_alpha": 0.9963092143659051, "log10_colsample_bytree": -1.0, "log10_eta": -3.965788891792964, "log10_lambda": -3.6981772807485993, "log10_min_child_weight": 4.769604403971609, "log10_subsample": 0.0, "max_depth": 6.0, "num_boost_round": 15.0}, "datetime": {"datetime": "2024-01-19 00:32:40", "elapsed": 1263.55578, "delta": 0.002328}}
{"target": -13.75853304474245, "params": {"gamma": 424.37916923771047, "log10_alpha": 0.9963092143659051, "log10_colsample_bytree": -1.0, "log10_eta": -3.965788891792964, "log10_lambda": -3.6981772807485993, "log10_min_child_weight": 4.769604403971609, "log10_subsample": 0.0, "max_depth": 6.0, "num_boost_round": 16.0}, "datetime": {"datetime": "2024-01-19 00:32:40", "elapsed": 1263.558108, "delta": 0.002328}}
{"target": -13.75853356029248, "params": {"gamma": 424.37916923771047, "log10_alpha": 0.9963092143659051, "log10_colsample_bytree": -1.0, "log10_eta": -3.965788891792964, "log10_lambda": -3.6981772807485993, "log10_min_child_weight": 4.769604403971609, "log10_subsample": 0.0, "max_depth": 6.0, "num_boost_round": 17.0}, "datetime": {"datetime": "2024-01-19 00:32:40", "elapsed": 1263.560441, "delta": 0.002333}}
{"target": -13.758533205162902, "params": {"gamma": 424.37916923771047, "log10_alpha": 0.9963092143659051, "log10_colsample_bytree": -1.0, "log10_eta": -3.965788891792964, "log10_lambda": -3.6981772807485993, "log10_min_child_weight": 4.769604403971609, "log10_subsample": 0.0, "max_depth": 6.0, "num_boost_round": 18.0}, "datetime": {"datetime": "2024-01-19 00:32:40", "elapsed": 1263.562782, "delta": 0.002341}}
{"target": -13.7585324032197, "params": {"gamma": 424.37916923771047, "log10_alpha": 0.9963092143659051, "log10_colsample_bytree": -1.0, "log10_eta": -3.965788891792964, "log10_lambda": -3.6981772807485993, "log10_min_child_weight": 4.769604403971609, "log10_subsample": 0.0, "max_depth": 6.0, "num_boost_round": 19.0}, "datetime": {"datetime": "2024-01-19 00:32:40", "elapsed": 1263.565107, "delta": 0.002325}}
{"target": -13.758531721785804, "params": {"gamma": 424.37916923771047, "log10_alpha": 0.9963092143659051, "log10_colsample_bytree": -1.0, "log10_eta": -3.965788891792964, "log10_lambda": -3.6981772807485993, "log10_min_child_weight": 4.769604403971609, "log10_subsample": 0.0, "max_depth": 6.0, "num_boost_round": 20.0}, "datetime": {"datetime": "2024-01-19 00:32:40", "elapsed": 1263.56744, "delta": 0.002333}}
{"target": -13.758531191942895, "params": {"gamma": 424.37916923771047, "log10_alpha": 0.9963092143659051, "log10_colsample_bytree": -1.0, "log10_eta": -3.965788891792964, "log10_lambda": -3.6981772807485993, "log10_min_child_weight": 4.769604403971609, "log10_subsample": 0.0, "max_depth": 6.0, "num_boost_round": 21.0}, "datetime": {"datetime": "2024-01-19 00:32:40", "elapsed": 1263.569906, "delta": 0.002466}}
{"target": -13.758531784329847, "params": {"gamma": 424.37916923771047, "log10_alpha": 0.9963092143659051, "log10_colsample_bytree": -1.0, "log10_eta": -3.965788891792964, "log10_lambda": -3.6981772807485993, "log10_min_child_weight": 4.769604403971609, "log10_subsample": 0.0, "max_depth": 6.0, "num_boost_round": 22.0}, "datetime": {"datetime": "2024-01-19 00:32:40", "elapsed": 1263.573123, "delta": 0.003217}}
{"target": -13.758531304513204, "params": {"gamma": 424.37916923771047, "log10_alpha": 0.9963092143659051, "log10_colsample_bytree": -1.0, "log10_eta": -3.965788891792964, "log10_lambda": -3.6981772807485993, "log10_min_child_weight": 4.769604403971609, "log10_subsample": 0.0, "max_depth": 6.0, "num_boost_round": 23.0}, "datetime": {"datetime": "2024-01-19 00:32:40", "elapsed": 1263.575754, "delta": 0.002631}}
{"target": -13.758532037225239, "params": {"gamma": 424.37916923771047, "log10_alpha": 0.9963092143659051, "log10_colsample_bytree": -1.0, "log10_eta": -3.965788891792964, "log10_lambda": -3.6981772807485993, "log10_min_child_weight": 4.769604403971609, "log10_subsample": 0.0, "max_depth": 6.0, "num_boost_round": 24.0}, "datetime": {"datetime": "2024-01-19 00:32:40", "elapsed": 1263.578072, "delta": 0.002318}}
{"target": -13.758532106796732, "params": {"gamma": 424.37916923771047, "log10_alpha": 0.9963092143659051, "log10_colsample_bytree": -1.0, "log10_eta": -3.965788891792964, "log10_lambda": -3.6981772807485993, "log10_min_child_weight": 4.769604403971609, "log10_subsample": 0.0, "max_depth": 6.0, "num_boost_round": 25.0}, "datetime": {"datetime": "2024-01-19 00:32:40", "elapsed": 1263.580393, "delta": 0.002321}}
{"target": -13.758533331841662, "params": {"gamma": 424.37916923771047, "log10_alpha": 0.9963092143659051, "log10_colsample_bytree": -1.0, "log10_eta": -3.965788891792964, "log10_lambda": -3.6981772807485993, "log10_min_child_weight": 4.769604403971609, "log10_subsample": 0.0, "max_depth": 6.0, "num_boost_round": 26.0}, "datetime": {"datetime": "2024-01-19 00:32:40", "elapsed": 1263.582715, "delta": 0.002322}}
{"target": -13.758531920623055, "params": {"gamma": 424.37916923771047, "log10_alpha": 0.9963092143659051, "log10_colsample_bytree": -1.0, "log10_eta": -3.965788891792964, "log10_lambda": -3.6981772807485993, "log10_min_child_weight": 4.769604403971609, "log10_subsample": 0.0, "max_depth": 6.0, "num_boost_round": 27.0}, "datetime": {"datetime": "2024-01-19 00:32:40", "elapsed": 1263.585046, "delta": 0.002331}}
{"target": -13.758530847932928, "params": {"gamma": 424.37916923771047, "log10_alpha": 0.9963092143659051, "log10_colsample_bytree": -1.0, "log10_eta": -3.965788891792964, "log10_lambda": -3.6981772807485993, "log10_min_child_weight": 4.769604403971609, "log10_subsample": 0.0, "max_depth": 6.0, "num_boost_round": 28.0}, "datetime": {"datetime": "2024-01-19 00:32:40", "elapsed": 1263.587391, "delta": 0.002345}}
{"target": -13.758529662017597, "params": {"gamma": 424.37916923771047, "log10_alpha": 0.9963092143659051, "log10_colsample_bytree": -1.0, "log10_eta": -3.965788891792964, "log10_lambda": -3.6981772807485993, "log10_min_child_weight": 4.769604403971609, "log10_subsample": 0.0, "max_depth": 6.0, "num_boost_round": 29.0}, "datetime": {"datetime": "2024-01-19 00:32:40", "elapsed": 1263.589911, "delta": 0.00252}}
{"target": -13.75852856884174, "params": {"gamma": 424.37916923771047, "log10_alpha": 0.9963092143659051, "log10_colsample_bytree": -1.0, "log10_eta": -3.965788891792964, "log10_lambda": -3.6981772807485993, "log10_min_child_weight": 4.769604403971609, "log10_subsample": 0.0, "max_depth": 6.0, "num_boost_round": 30.0}, "datetime": {"datetime": "2024-01-19 00:32:40", "elapsed": 1263.592447, "delta": 0.002536}}
{"target": -13.75852841142212, "params": {"gamma": 424.37916923771047, "log10_alpha": 0.9963092143659051, "log10_colsample_bytree": -1.0, "log10_eta": -3.965788891792964, "log10_lambda": -3.6981772807485993, "log10_min_child_weight": 4.769604403971609, "log10_subsample": 0.0, "max_depth": 6.0, "num_boost_round": 31.0}, "datetime": {"datetime": "2024-01-19 00:32:40", "elapsed": 1263.594956, "delta": 0.002509}}
{"target": -13.75852828154998, "params": {"gamma": 424.37916923771047, "log10_alpha": 0.9963092143659051, "log10_colsample_bytree": -1.0, "log10_eta": -3.965788891792964, "log10_lambda": -3.6981772807485993, "log10_min_child_weight": 4.769604403971609, "log10_subsample": 0.0, "max_depth": 6.0, "num_boost_round": 32.0}, "datetime": {"datetime": "2024-01-19 00:32:40", "elapsed": 1263.597349, "delta": 0.002393}}
{"target": -13.758527935487582, "params": {"gamma": 424.37916923771047, "log10_alpha": 0.9963092143659051, "log10_colsample_bytree": -1.0, "log10_eta": -3.965788891792964, "log10_lambda": -3.6981772807485993, "log10_min_child_weight": 4.769604403971609, "log10_subsample": 0.0, "max_depth": 6.0, "num_boost_round": 33.0}, "datetime": {"datetime": "2024-01-19 00:32:40", "elapsed": 1263.599809, "delta": 0.00246}}
{"target": -13.758527170613544, "params": {"gamma": 424.37916923771047, "log10_alpha": 0.9963092143659051, "log10_colsample_bytree": -1.0, "log10_eta": -3.965788891792964, "log10_lambda": -3.6981772807485993, "log10_min_child_weight": 4.769604403971609, "log10_subsample": 0.0, "max_depth": 6.0, "num_boost_round": 34.0}, "datetime": {"datetime": "2024-01-19 00:32:40", "elapsed": 1263.60237, "delta": 0.002561}}
{"target": -13.758338328824061, "params": {"gamma": 407.5817320695381, "log10_alpha": -0.23856872550029262, "log10_colsample_bytree": -0.09070052971105536, "log10_eta": -0.8351253446789295, "log10_lambda": -1.5430608225501823, "log10_min_child_weight": 0.6936986624664898, "log10_subsample": -0.5326888411236893, "max_depth": 2.0, "num_boost_round": 0.0}, "datetime": {"datetime": "2024-01-19 00:33:09", "elapsed": 1292.216785, "delta": 28.614415}}
{"target": -13.761042177283962, "params": {"gamma": 407.5817320695381, "log10_alpha": -0.23856872550029262, "log10_colsample_bytree": -0.09070052971105536, "log10_eta": -0.8351253446789295, "log10_lambda": -1.5430608225501823, "log10_min_child_weight": 0.6936986624664898, "log10_subsample": -0.5326888411236893, "max_depth": 2.0, "num_boost_round": 1.0}, "datetime": {"datetime": "2024-01-19 00:33:09", "elapsed": 1292.219303, "delta": 0.002518}}
{"target": -13.758713147205453, "params": {"gamma": 407.5817320695381, "log10_alpha": -0.23856872550029262, "log10_colsample_bytree": -0.09070052971105536, "log10_eta": -0.8351253446789295, "log10_lambda": -1.5430608225501823, "log10_min_child_weight": 0.6936986624664898, "log10_subsample": -0.5326888411236893, "max_depth": 2.0, "num_boost_round": 2.0}, "datetime": {"datetime": "2024-01-19 00:33:09", "elapsed": 1292.222616, "delta": 0.003313}}
{"target": -13.761916043080086, "params": {"gamma": 407.5817320695381, "log10_alpha": -0.23856872550029262, "log10_colsample_bytree": -0.09070052971105536, "log10_eta": -0.8351253446789295, "log10_lambda": -1.5430608225501823, "log10_min_child_weight": 0.6936986624664898, "log10_subsample": -0.5326888411236893, "max_depth": 2.0, "num_boost_round": 3.0}, "datetime": {"datetime": "2024-01-19 00:33:09", "elapsed": 1292.224978, "delta": 0.002362}}
{"target": -13.764282649771642, "params": {"gamma": 407.5817320695381, "log10_alpha": -0.23856872550029262, "log10_colsample_bytree": -0.09070052971105536, "log10_eta": -0.8351253446789295, "log10_lambda": -1.5430608225501823, "log10_min_child_weight": 0.6936986624664898, "log10_subsample": -0.5326888411236893, "max_depth": 2.0, "num_boost_round": 4.0}, "datetime": {"datetime": "2024-01-19 00:33:09", "elapsed": 1292.227367, "delta": 0.002389}}
{"target": -13.7678369713186, "params": {"gamma": 407.5817320695381, "log10_alpha": -0.23856872550029262, "log10_colsample_bytree": -0.09070052971105536, "log10_eta": -0.8351253446789295, "log10_lambda": -1.5430608225501823, "log10_min_child_weight": 0.6936986624664898, "log10_subsample": -0.5326888411236893, "max_depth": 2.0, "num_boost_round": 5.0}, "datetime": {"datetime": "2024-01-19 00:33:09", "elapsed": 1292.229882, "delta": 0.002515}}
{"target": -13.769658973783784, "params": {"gamma": 407.5817320695381, "log10_alpha": -0.23856872550029262, "log10_colsample_bytree": -0.09070052971105536, "log10_eta": -0.8351253446789295, "log10_lambda": -1.5430608225501823, "log10_min_child_weight": 0.6936986624664898, "log10_subsample": -0.5326888411236893, "max_depth": 2.0, "num_boost_round": 6.0}, "datetime": {"datetime": "2024-01-19 00:33:09", "elapsed": 1292.232244, "delta": 0.002362}}
{"target": -13.770317657793742, "params": {"gamma": 407.5817320695381, "log10_alpha": -0.23856872550029262, "log10_colsample_bytree": -0.09070052971105536, "log10_eta": -0.8351253446789295, "log10_lambda": -1.5430608225501823, "log10_min_child_weight": 0.6936986624664898, "log10_subsample": -0.5326888411236893, "max_depth": 2.0, "num_boost_round": 7.0}, "datetime": {"datetime": "2024-01-19 00:33:09", "elapsed": 1292.234586, "delta": 0.002342}}
{"target": -13.772187780369048, "params": {"gamma": 407.5817320695381, "log10_alpha": -0.23856872550029262, "log10_colsample_bytree": -0.09070052971105536, "log10_eta": -0.8351253446789295, "log10_lambda": -1.5430608225501823, "log10_min_child_weight": 0.6936986624664898, "log10_subsample": -0.5326888411236893, "max_depth": 2.0, "num_boost_round": 8.0}, "datetime": {"datetime": "2024-01-19 00:33:09", "elapsed": 1292.236947, "delta": 0.002361}}
{"target": -13.773239655895136, "params": {"gamma": 407.5817320695381, "log10_alpha": -0.23856872550029262, "log10_colsample_bytree": -0.09070052971105536, "log10_eta": -0.8351253446789295, "log10_lambda": -1.5430608225501823, "log10_min_child_weight": 0.6936986624664898, "log10_subsample": -0.5326888411236893, "max_depth": 2.0, "num_boost_round": 9.0}, "datetime": {"datetime": "2024-01-19 00:33:09", "elapsed": 1292.239296, "delta": 0.002349}}
{"target": -13.772812219054984, "params": {"gamma": 407.5817320695381, "log10_alpha": -0.23856872550029262, "log10_colsample_bytree": -0.09070052971105536, "log10_eta": -0.8351253446789295, "log10_lambda": -1.5430608225501823, "log10_min_child_weight": 0.6936986624664898, "log10_subsample": -0.5326888411236893, "max_depth": 2.0, "num_boost_round": 10.0}, "datetime": {"datetime": "2024-01-19 00:33:09", "elapsed": 1292.241655, "delta": 0.002359}}
{"target": -13.772470000485836, "params": {"gamma": 407.5817320695381, "log10_alpha": -0.23856872550029262, "log10_colsample_bytree": -0.09070052971105536, "log10_eta": -0.8351253446789295, "log10_lambda": -1.5430608225501823, "log10_min_child_weight": 0.6936986624664898, "log10_subsample": -0.5326888411236893, "max_depth": 2.0, "num_boost_round": 11.0}, "datetime": {"datetime": "2024-01-19 00:33:09", "elapsed": 1292.244026, "delta": 0.002371}}
{"target": -13.773694436580952, "params": {"gamma": 407.5817320695381, "log10_alpha": -0.23856872550029262, "log10_colsample_bytree": -0.09070052971105536, "log10_eta": -0.8351253446789295, "log10_lambda": -1.5430608225501823, "log10_min_child_weight": 0.6936986624664898, "log10_subsample": -0.5326888411236893, "max_depth": 2.0, "num_boost_round": 12.0}, "datetime": {"datetime": "2024-01-19 00:33:09", "elapsed": 1292.246375, "delta": 0.002349}}
{"target": -13.758533792526185, "params": {"gamma": 430.69990687214886, "log10_alpha": -0.0588780094475414, "log10_colsample_bytree": -0.04113569936944683, "log10_eta": -3.371286166625916, "log10_lambda": 0.23803194387211946, "log10_min_child_weight": 1.7573294798459278, "log10_subsample": -0.533955598400558, "max_depth": 2.0, "num_boost_round": 0.0}, "datetime": {"datetime": "2024-01-19 00:33:49", "elapsed": 1333.063598, "delta": 40.817223}}
{"target": -13.758529312187278, "params": {"gamma": 430.69990687214886, "log10_alpha": -0.0588780094475414, "log10_colsample_bytree": -0.04113569936944683, "log10_eta": -3.371286166625916, "log10_lambda": 0.23803194387211946, "log10_min_child_weight": 1.7573294798459278, "log10_subsample": -0.533955598400558, "max_depth": 2.0, "num_boost_round": 1.0}, "datetime": {"datetime": "2024-01-19 00:33:49", "elapsed": 1333.066573, "delta": 0.002975}}
