{"target": -13.758089056656475, "params": {"gamma": 864.6613100631095, "log10_alpha": -1.9634792565087853, "log10_colsample_bytree": -0.9759056289973081, "log10_eta": -2.6746967150477325, "log10_lambda": -2.334158782089558, "log10_min_child_weight": 1.4279278967732272, "log10_subsample": -0.49700496285543927, "max_depth": 7.0, "num_boost_round": 15.0}, "datetime": {"datetime": "2024-01-19 00:20:21", "elapsed": 541.768203, "delta": 0.000903}}
{"target": -13.758059462702143, "params": {"gamma": 864.6613100631095, "log10_alpha": -1.9634792565087853, "log10_colsample_bytree": -0.9759056289973081, "log10_eta": -2.6746967150477325, "log10_lambda": -2.334158782089558, "log10_min_child_weight": 1.4279278967732272, "log10_subsample": -0.49700496285543927, "max_depth": 7.0, "num_boost_round": 16.0}, "datetime": {"datetime": "2024-01-19 00:20:21", "elapsed": 541.769105, "delta": 0.000902}}
{"target": -13.758006787993681, "params": {"gamma": 864.6613100631095, "log10_alpha": -1.9634792565087853, "log10_colsample_bytree": -0.9759056289973081, "log10_eta": -2.6746967150477325, "log10_lambda": -2.334158782089558, "log10_min_child_weight": 1.4279278967732272, "log10_subsample": -0.49700496285543927, "max_depth": 7.0, "num_boost_round": 17.0}, "datetime": {"datetime": "2024-01-19 00:20:21", "elapsed": 541.770004, "delta": 0.000899}}
{"target": -13.757909254361811, "params": {"gamma": 864.6613100631095, "log10_alpha": -1.9634792565087853, "log10_colsample_bytree": -0.9759056289973081, "log10_eta": -2.6746967150477325, "log10_lambda": -2.334158782089558, "log10_min_child_weight": 1.4279278967732272, "log10_subsample": -0.49700496285543927, "max_depth": 7.0, "num_boost_round": 18.0}, "datetime": {"datetime": "2024-01-19 00:20:21", "elapsed": 541.770957, "delta": 0.000953}}
{"target": -13.75786477255284, "params": {"gamma": 864.6613100631095, "log10_alpha": -1.9634792565087853, "log10_colsample_bytree": -0.9759056289973081, "log10_eta": -2.6746967150477325, "log10_lambda": -2.334158782089558, "log10_min_child_weight": 1.4279278967732272, "log10_subsample": -0.49700496285543927, "max_depth": 7.0, "num_boost_round": 19.0}, "datetime": {"datetime": "2024-01-19 00:20:21", "elapsed": 541.77192, "delta": 0.000963}}
{"target": -13.75843076681653, "params": {"gamma": 864.9063732117651, "log10_alpha": -2.9546340849373776, "log10_colsample_bytree": -0.4869161005966446, "log10_eta": -1.3803853245835072, "log10_lambda": -2.9069763314395978, "log10_min_child_weight": 4.832306358655732, "log10_subsample": -0.5834730957104485, "max_depth": 9.0, "num_boost_round": 0.0}, "datetime": {"datetime": "2024-01-19 00:20:42", "elapsed": 562.069633, "delta": 20.297713}}
{"target": -13.75833841525864, "params": {"gamma": 864.9063732117651, "log10_alpha": -2.9546340849373776, "log10_colsample_bytree": -0.4869161005966446, "log10_eta": -1.3803853245835072, "log10_lambda": -2.9069763314395978, "log10_min_child_weight": 4.832306358655732, "log10_subsample": -0.5834730957104485, "max_depth": 9.0, "num_boost_round": 1.0}, "datetime": {"datetime": "2024-01-19 00:20:42", "elapsed": 562.070768, "delta": 0.001135}}
{"target": -13.758413384203228, "params": {"gamma": 864.9063732117651, "log10_alpha": -2.9546340849373776, "log10_colsample_bytree": -0.4869161005966446, "log10_eta": -1.3803853245835072, "log10_lambda": -2.9069763314395978, "log10_min_child_weight": 4.832306358655732, "log10_subsample": -0.5834730957104485, "max_depth": 9.0, "num_boost_round": 2.0}, "datetime": {"datetime": "2024-01-19 00:20:42", "elapsed": 562.072306, "delta": 0.001538}}
{"target": -13.758274279229695, "params": {"gamma": 864.9063732117651, "log10_alpha": -2.9546340849373776, "log10_colsample_bytree": -0.4869161005966446, "log10_eta": -1.3803853245835072, "log10_lambda": -2.9069763314395978, "log10_min_child_weight": 4.832306358655732, "log10_subsample": -0.5834730957104485, "max_depth": 9.0, "num_boost_round": 3.0}, "datetime": {"datetime": "2024-01-19 00:20:42", "elapsed": 562.07344, "delta": 0.001134}}
{"target": -13.758338331654175, "params": {"gamma": 864.9063732117651, "log10_alpha": -2.9546340849373776, "log10_colsample_bytree": -0.4869161005966446, "log10_eta": -1.3803853245835072, "log10_lambda": -2.9069763314395978, "log10_min_child_weight": 4.832306358655732, "log10_subsample": -0.5834730957104485, "max_depth": 9.0, "num_boost_round": 4.0}, "datetime": {"datetime": "2024-01-19 00:20:42", "elapsed": 562.074826, "delta": 0.001386}}
{"target": -13.758284896433157, "params": {"gamma": 864.9063732117651, "log10_alpha": -2.9546340849373776, "log10_colsample_bytree": -0.4869161005966446, "log10_eta": -1.3803853245835072, "log10_lambda": -2.9069763314395978, "log10_min_child_weight": 4.832306358655732, "log10_subsample": -0.5834730957104485, "max_depth": 9.0, "num_boost_round": 5.0}, "datetime": {"datetime": "2024-01-19 00:20:42", "elapsed": 562.075802, "delta": 0.000976}}
{"target": -13.758353387796598, "params": {"gamma": 864.9063732117651, "log10_alpha": -2.9546340849373776, "log10_colsample_bytree": -0.4869161005966446, "log10_eta": -1.3803853245835072, "log10_lambda": -2.9069763314395978, "log10_min_child_weight": 4.832306358655732, "log10_subsample": -0.5834730957104485, "max_depth": 9.0, "num_boost_round": 6.0}, "datetime": {"datetime": "2024-01-19 00:20:42", "elapsed": 562.076779, "delta": 0.000977}}
{"target": -13.75856433707275, "params": {"gamma": 864.9063732117651, "log10_alpha": -2.9546340849373776, "log10_colsample_bytree": -0.4869161005966446, "log10_eta": -1.3803853245835072, "log10_lambda": -2.9069763314395978, "log10_min_child_weight": 4.832306358655732, "log10_subsample": -0.5834730957104485, "max_depth": 9.0, "num_boost_round": 7.0}, "datetime": {"datetime": "2024-01-19 00:20:42", "elapsed": 562.077743, "delta": 0.000964}}
{"target": -13.758527548362038, "params": {"gamma": 864.9063732117651, "log10_alpha": -2.9546340849373776, "log10_colsample_bytree": -0.4869161005966446, "log10_eta": -1.3803853245835072, "log10_lambda": -2.9069763314395978, "log10_min_child_weight": 4.832306358655732, "log10_subsample": -0.5834730957104485, "max_depth": 9.0, "num_boost_round": 8.0}, "datetime": {"datetime": "2024-01-19 00:20:42", "elapsed": 562.078825, "delta": 0.001082}}
{"target": -13.758407065967843, "params": {"gamma": 864.9063732117651, "log10_alpha": -2.9546340849373776, "log10_colsample_bytree": -0.4869161005966446, "log10_eta": -1.3803853245835072, "log10_lambda": -2.9069763314395978, "log10_min_child_weight": 4.832306358655732, "log10_subsample": -0.5834730957104485, "max_depth": 9.0, "num_boost_round": 9.0}, "datetime": {"datetime": "2024-01-19 00:20:42", "elapsed": 562.079915, "delta": 0.00109}}
{"target": -13.758415085523405, "params": {"gamma": 864.9063732117651, "log10_alpha": -2.9546340849373776, "log10_colsample_bytree": -0.4869161005966446, "log10_eta": -1.3803853245835072, "log10_lambda": -2.9069763314395978, "log10_min_child_weight": 4.832306358655732, "log10_subsample": -0.5834730957104485, "max_depth": 9.0, "num_boost_round": 10.0}, "datetime": {"datetime": "2024-01-19 00:20:42", "elapsed": 562.08099, "delta": 0.001075}}
{"target": -13.75848688982931, "params": {"gamma": 864.9063732117651, "log10_alpha": -2.9546340849373776, "log10_colsample_bytree": -0.4869161005966446, "log10_eta": -1.3803853245835072, "log10_lambda": -2.9069763314395978, "log10_min_child_weight": 4.832306358655732, "log10_subsample": -0.5834730957104485, "max_depth": 9.0, "num_boost_round": 11.0}, "datetime": {"datetime": "2024-01-19 00:20:42", "elapsed": 562.082064, "delta": 0.001074}}
{"target": -13.758545638250814, "params": {"gamma": 864.9063732117651, "log10_alpha": -2.9546340849373776, "log10_colsample_bytree": -0.4869161005966446, "log10_eta": -1.3803853245835072, "log10_lambda": -2.9069763314395978, "log10_min_child_weight": 4.832306358655732, "log10_subsample": -0.5834730957104485, "max_depth": 9.0, "num_boost_round": 12.0}, "datetime": {"datetime": "2024-01-19 00:20:42", "elapsed": 562.083051, "delta": 0.000987}}
{"target": -13.758518855385486, "params": {"gamma": 864.6638008664625, "log10_alpha": -1.3586650784534964, "log10_colsample_bytree": -0.6832818501434554, "log10_eta": -3.1247592688358408, "log10_lambda": 0.7597615452905639, "log10_min_child_weight": 3.208066355707806, "log10_subsample": -0.05545446047261604, "max_depth": 8.0, "num_boost_round": 0.0}, "datetime": {"datetime": "2024-01-19 00:21:04", "elapsed": 584.255395, "delta": 22.172344}}
{"target": -13.758476262849744, "params": {"gamma": 864.6638008664625, "log10_alpha": -1.3586650784534964, "log10_colsample_bytree": -0.6832818501434554, "log10_eta": -3.1247592688358408, "log10_lambda": 0.7597615452905639, "log10_min_child_weight": 3.208066355707806, "log10_subsample": -0.05545446047261604, "max_depth": 8.0, "num_boost_round": 1.0}, "datetime": {"datetime": "2024-01-19 00:21:04", "elapsed": 584.256522, "delta": 0.001127}}
{"target": -13.758457897104137, "params": {"gamma": 864.6638008664625, "log10_alpha": -1.3586650784534964, "log10_colsample_bytree": -0.6832818501434554, "log10_eta": -3.1247592688358408, "log10_lambda": 0.7597615452905639, "log10_min_child_weight": 3.208066355707806, "log10_subsample": -0.05545446047261604, "max_depth": 8.0, "num_boost_round": 2.0}, "datetime": {"datetime": "2024-01-19 00:21:04", "elapsed": 584.257481, "delta": 0.000959}}
{"target": -13.75843310247642, "params": {"gamma": 864.6638008664625, "log10_alpha": -1.3586650784534964, "log10_colsample_bytree": -0.6832818501434554, "log10_eta": -3.1247592688358408, "log10_lambda": 0.7597615452905639, "log10_min_child_weight": 3.208066355707806, "log10_subsample": -0.05545446047261604, "max_depth": 8.0, "num_boost_round": 3.0}, "datetime": {"datetime": "2024-01-19 00:21:04", "elapsed": 584.258413, "delta": 0.000932}}
{"target": -13.758408532961285, "params": {"gamma": 864.6638008664625, "log10_alpha": -1.3586650784534964, "log10_colsample_bytree": -0.6832818501434554, "log10_eta": -3.1247592688358408, "log10_lambda": 0.7597615452905639, "log10_min_child_weight": 3.208066355707806, "log10_subsample": -0.05545446047261604, "max_depth": 8.0, "num_boost_round": 4.0}, "datetime": {"datetime": "2024-01-19 00:21:04", "elapsed": 584.259395, "delta": 0.000982}}
{"target": -13.758394349935262, "params": {"gamma": 864.6638008664625, "log10_alpha": -1.3586650784534964, "log10_colsample_bytree": -0.6832818501434554, "log10_eta": -3.1247592688358408, "log10_lambda": 0.7597615452905639, "log10_min_child_weight": 3.208066355707806, "log10_subsample": -0.05545446047261604, "max_depth": 8.0, "num_boost_round": 5.0}, "datetime": {"datetime": "2024-01-19 00:21:04", "elapsed": 584.260373, "delta": 0.000978}}
{"target": -13.758384382662886, "params": {"gamma": 864.6638008664625, "log10_alpha": -1.3586650784534964, "log10_colsample_bytree": -0.6832818501434554, "log10_eta": -3.1247592688358408, "log10_lambda": 0.7597615452905639, "log10_min_child_weight": 3.208066355707806, "log10_subsample": -0.05545446047261604, "max_depth": 8.0, "num_boost_round": 6.0}, "datetime": {"datetime": "2024-01-19 00:21:04", "elapsed": 584.261329, "delta": 0.000956}}
{"target": -13.758331675394103, "params": {"gamma": 864.6638008664625, "log10_alpha": -1.3586650784534964, "log10_colsample_bytree": -0.6832818501434554, "log10_eta": -3.1247592688358408, "log10_lambda": 0.7597615452905639, "log10_min_child_weight": 3.208066355707806, "log10_subsample": -0.05545446047261604, "max_depth": 8.0, "num_boost_round": 7.0}, "datetime": {"datetime": "2024-01-19 00:21:04", "elapsed": 584.26232, "delta": 0.000991}}
{"target": -13.758309054537397, "params": {"gamma": 864.6638008664625, "log10_alpha": -1.3586650784534964, "log10_colsample_bytree": -0.6832818501434554, "log10_eta": -3.1247592688358408, "log10_lambda": 0.7597615452905639, "log10_min_child_weight": 3.208066355707806, "log10_subsample": -0.05545446047261604, "max_depth": 8.0, "num_boost_round": 8.0}, "datetime": {"datetime": "2024-01-19 00:21:04", "elapsed": 584.263319, "delta": 0.000999}}
{"target": -13.75830650861121, "params": {"gamma": 864.6638008664625, "log10_alpha": -1.3586650784534964, "log10_colsample_bytree": -0.6832818501434554, "log10_eta": -3.1247592688358408, "log10_lambda": 0.7597615452905639, "log10_min_child_weight": 3.208066355707806, "log10_subsample": -0.05545446047261604, "max_depth": 8.0, "num_boost_round": 9.0}, "datetime": {"datetime": "2024-01-19 00:21:04", "elapsed": 584.264292, "delta": 0.000973}}
{"target": -13.758271446434822, "params": {"gamma": 864.6638008664625, "log10_alpha": -1.3586650784534964, "log10_colsample_bytree": -0.6832818501434554, "log10_eta": -3.1247592688358408, "log10_lambda": 0.7597615452905639, "log10_min_child_weight": 3.208066355707806, "log10_subsample": -0.05545446047261604, "max_depth": 8.0, "num_boost_round": 10.0}, "datetime": {"datetime": "2024-01-19 00:21:04", "elapsed": 584.265452, "delta": 0.00116}}
{"target": -13.758273446363226, "params": {"gamma": 864.6638008664625, "log10_alpha": -1.3586650784534964, "log10_colsample_bytree": -0.6832818501434554, "log10_eta": -3.1247592688358408, "log10_lambda": 0.7597615452905639, "log10_min_child_weight": 3.208066355707806, "log10_subsample": -0.05545446047261604, "max_depth": 8.0, "num_boost_round": 11.0}, "datetime": {"datetime": "2024-01-19 00:21:04", "elapsed": 584.267117, "delta": 0.001665}}
{"target": -13.758271340823153, "params": {"gamma": 864.6638008664625, "log10_alpha": -1.3586650784534964, "log10_colsample_bytree": -0.6832818501434554, "log10_eta": -3.1247592688358408, "log10_lambda": 0.7597615452905639, "log10_min_child_weight": 3.208066355707806, "log10_subsample": -0.05545446047261604, "max_depth": 8.0, "num_boost_round": 12.0}, "datetime": {"datetime": "2024-01-19 00:21:04", "elapsed": 584.268636, "delta": 0.001519}}
{"target": -13.758258901222424, "params": {"gamma": 864.6638008664625, "log10_alpha": -1.3586650784534964, "log10_colsample_bytree": -0.6832818501434554, "log10_eta": -3.1247592688358408, "log10_lambda": 0.7597615452905639, "log10_min_child_weight": 3.208066355707806, "log10_subsample": -0.05545446047261604, "max_depth": 8.0, "num_boost_round": 13.0}, "datetime": {"datetime": "2024-01-19 00:21:04", "elapsed": 584.269635, "delta": 0.000999}}
{"target": -13.758244659509607, "params": {"gamma": 864.6638008664625, "log10_alpha": -1.3586650784534964, "log10_colsample_bytree": -0.6832818501434554, "log10_eta": -3.1247592688358408, "log10_lambda": 0.7597615452905639, "log10_min_child_weight": 3.208066355707806, "log10_subsample": -0.05545446047261604, "max_depth": 8.0, "num_boost_round": 14.0}, "datetime": {"datetime": "2024-01-19 00:21:04", "elapsed": 584.270634, "delta": 0.000999}}
{"target": -13.75822271677453, "params": {"gamma": 864.6638008664625, "log10_alpha": -1.3586650784534964, "log10_colsample_bytree": -0.6832818501434554, "log10_eta": -3.1247592688358408, "log10_lambda": 0.7597615452905639, "log10_min_child_weight": 3.208066355707806, "log10_subsample": -0.05545446047261604, "max_depth": 8.0, "num_boost_round": 15.0}, "datetime": {"datetime": "2024-01-19 00:21:04", "elapsed": 584.271603, "delta": 0.000969}}
{"target": -13.758206345572958, "params": {"gamma": 864.6638008664625, "log10_alpha": -1.3586650784534964, "log10_colsample_bytree": -0.6832818501434554, "log10_eta": -3.1247592688358408, "log10_lambda": 0.7597615452905639, "log10_min_child_weight": 3.208066355707806, "log10_subsample": -0.05545446047261604, "max_depth": 8.0, "num_boost_round": 16.0}, "datetime": {"datetime": "2024-01-19 00:21:04", "elapsed": 584.272554, "delta": 0.000951}}
{"target": -13.758211142062246, "params": {"gamma": 864.6638008664625, "log10_alpha": -1.3586650784534964, "log10_colsample_bytree": -0.6832818501434554, "log10_eta": -3.1247592688358408, "log10_lambda": 0.7597615452905639, "log10_min_child_weight": 3.208066355707806, "log10_subsample": -0.05545446047261604, "max_depth": 8.0, "num_boost_round": 17.0}, "datetime": {"datetime": "2024-01-19 00:21:04", "elapsed": 584.273686, "delta": 0.001132}}
{"target": -13.75853598554831, "params": {"gamma": 866.9421400008702, "log10_alpha": -1.484026536848952, "log10_colsample_bytree": -0.11323070445475736, "log10_eta": -3.135034076808211, "log10_lambda": -0.7601684700943059, "log10_min_child_weight": 4.717463245009441, "log10_subsample": -0.9188470398119026, "max_depth": 6.0, "num_boost_round": 0.0}, "datetime": {"datetime": "2024-01-19 00:21:25", "elapsed": 605.095541, "delta": 20.821855}}
{"target": -13.758533857153399, "params": {"gamma": 866.9421400008702, "log10_alpha": -1.484026536848952, "log10_colsample_bytree": -0.11323070445475736, "log10_eta": -3.135034076808211, "log10_lambda": -0.7601684700943059, "log10_min_child_weight": 4.717463245009441, "log10_subsample": -0.9188470398119026, "max_depth": 6.0, "num_boost_round": 1.0}, "datetime": {"datetime": "2024-01-19 00:21:25", "elapsed": 605.096935, "delta": 0.001394}}
{"target": -13.758532472732567, "params": {"gamma": 866.9421400008702, "log10_alpha": -1.484026536848952, "log10_colsample_bytree": -0.11323070445475736, "log10_eta": -3.135034076808211, "log10_lambda": -0.7601684700943059, "log10_min_child_weight": 4.717463245009441, "log10_subsample": -0.9188470398119026, "max_depth": 6.0, "num_boost_round": 2.0}, "datetime": {"datetime": "2024-01-19 00:21:25", "elapsed": 605.097936, "delta": 0.001001}}
{"target": -13.758529400198636, "params": {"gamma": 866.9421400008702, "log10_alpha": -1.484026536848952, "log10_colsample_bytree": -0.11323070445475736, "log10_eta": -3.135034076808211, "log10_lambda": -0.7601684700943059, "log10_min_child_weight": 4.717463245009441, "log10_subsample": -0.9188470398119026, "max_depth": 6.0, "num_boost_round": 3.0}, "datetime": {"datetime": "2024-01-19 00:21:25", "elapsed": 605.099347, "delta": 0.001411}}
{"target": -13.758527455574551, "params": {"gamma": 866.9421400008702, "log10_alpha": -1.484026536848952, "log10_colsample_bytree": -0.11323070445475736, "log10_eta": -3.135034076808211, "log10_lambda": -0.7601684700943059, "log10_min_child_weight": 4.717463245009441, "log10_subsample": -0.9188470398119026, "max_depth": 6.0, "num_boost_round": 4.0}, "datetime": {"datetime": "2024-01-19 00:21:25", "elapsed": 605.100327, "delta": 0.00098}}
{"target": -13.758525240217555, "params": {"gamma": 866.9421400008702, "log10_alpha": -1.484026536848952, "log10_colsample_bytree": -0.11323070445475736, "log10_eta": -3.135034076808211, "log10_lambda": -0.7601684700943059, "log10_min_child_weight": 4.717463245009441, "log10_subsample": -0.9188470398119026, "max_depth": 6.0, "num_boost_round": 5.0}, "datetime": {"datetime": "2024-01-19 00:21:25", "elapsed": 605.101366, "delta": 0.001039}}
{"target": -13.758522960994174, "params": {"gamma": 866.9421400008702, "log10_alpha": -1.484026536848952, "log10_colsample_bytree": -0.11323070445475736, "log10_eta": -3.135034076808211, "log10_lambda": -0.7601684700943059, "log10_min_child_weight": 4.717463245009441, "log10_subsample": -0.9188470398119026, "max_depth": 6.0, "num_boost_round": 6.0}, "datetime": {"datetime": "2024-01-19 00:21:25", "elapsed": 605.10237, "delta": 0.001004}}
{"target": -13.758521194510086, "params": {"gamma": 866.9421400008702, "log10_alpha": -1.484026536848952, "log10_colsample_bytree": -0.11323070445475736, "log10_eta": -3.135034076808211, "log10_lambda": -0.7601684700943059, "log10_min_child_weight": 4.717463245009441, "log10_subsample": -0.9188470398119026, "max_depth": 6.0, "num_boost_round": 7.0}, "datetime": {"datetime": "2024-01-19 00:21:25", "elapsed": 605.103388, "delta": 0.001018}}
{"target": -13.758519238909782, "params": {"gamma": 866.9421400008702, "log10_alpha": -1.484026536848952, "log10_colsample_bytree": -0.11323070445475736, "log10_eta": -3.135034076808211, "log10_lambda": -0.7601684700943059, "log10_min_child_weight": 4.717463245009441, "log10_subsample": -0.9188470398119026, "max_depth": 6.0, "num_boost_round": 8.0}, "datetime": {"datetime": "2024-01-19 00:21:25", "elapsed": 605.104369, "delta": 0.000981}}
{"target": -13.758518942579508, "params": {"gamma": 866.9421400008702, "log10_alpha": -1.484026536848952, "log10_colsample_bytree": -0.11323070445475736, "log10_eta": -3.135034076808211, "log10_lambda": -0.7601684700943059, "log10_min_child_weight": 4.717463245009441, "log10_subsample": -0.9188470398119026, "max_depth": 6.0, "num_boost_round": 9.0}, "datetime": {"datetime": "2024-01-19 00:21:25", "elapsed": 605.105326, "delta": 0.000957}}
{"target": -13.758517587895373, "params": {"gamma": 866.9421400008702, "log10_alpha": -1.484026536848952, "log10_colsample_bytree": -0.11323070445475736, "log10_eta": -3.135034076808211, "log10_lambda": -0.7601684700943059, "log10_min_child_weight": 4.717463245009441, "log10_subsample": -0.9188470398119026, "max_depth": 6.0, "num_boost_round": 10.0}, "datetime": {"datetime": "2024-01-19 00:21:25", "elapsed": 605.106282, "delta": 0.000956}}
{"target": -13.758515330569152, "params": {"gamma": 866.9421400008702, "log10_alpha": -1.484026536848952, "log10_colsample_bytree": -0.11323070445475736, "log10_eta": -3.135034076808211, "log10_lambda": -0.7601684700943059, "log10_min_child_weight": 4.717463245009441, "log10_subsample": -0.9188470398119026, "max_depth": 6.0, "num_boost_round": 11.0}, "datetime": {"datetime": "2024-01-19 00:21:25", "elapsed": 605.107234, "delta": 0.000952}}
{"target": -13.758515042949695, "params": {"gamma": 866.9421400008702, "log10_alpha": -1.484026536848952, "log10_colsample_bytree": -0.11323070445475736, "log10_eta": -3.135034076808211, "log10_lambda": -0.7601684700943059, "log10_min_child_weight": 4.717463245009441, "log10_subsample": -0.9188470398119026, "max_depth": 6.0, "num_boost_round": 12.0}, "datetime": {"datetime": "2024-01-19 00:21:25", "elapsed": 605.108191, "delta": 0.000957}}
