{"target": -17.677150734255843, "params": {"gamma": 420.17826980416004, "log10_alpha": -2.4583775096642153, "log10_colsample_bytree": -0.861990036160944, "log10_eta": -3.3590553234061935, "log10_lambda": -1.842063540271567, "log10_min_child_weight": 0.31392529290695526, "log10_subsample": -0.7207922148966541, "max_depth": 2.0, "num_boost_round": 10.0}, "datetime": {"datetime": "2024-01-19 00:21:58", "elapsed": 608.105227, "delta": 0.001642}}
{"target": -17.67713500052866, "params": {"gamma": 420.17826980416004, "log10_alpha": -2.4583775096642153, "log10_colsample_bytree": -0.861990036160944, "log10_eta": -3.3590553234061935, "log10_lambda": -1.842063540271567, "log10_min_child_weight": 0.31392529290695526, "log10_subsample": -0.7207922148966541, "max_depth": 2.0, "num_boost_round": 11.0}, "datetime": {"datetime": "2024-01-19 00:21:58", "elapsed": 608.106879, "delta": 0.001652}}
{"target": -17.677124187647124, "params": {"gamma": 420.17826980416004, "log10_alpha": -2.4583775096642153, "log10_colsample_bytree": -0.861990036160944, "log10_eta": -3.3590553234061935, "log10_lambda": -1.842063540271567, "log10_min_child_weight": 0.31392529290695526, "log10_subsample": -0.7207922148966541, "max_depth": 2.0, "num_boost_round": 12.0}, "datetime": {"datetime": "2024-01-19 00:21:58", "elapsed": 608.108516, "delta": 0.001637}}
{"target": -17.67711442332655, "params": {"gamma": 420.17826980416004, "log10_alpha": -2.4583775096642153, "log10_colsample_bytree": -0.861990036160944, "log10_eta": -3.3590553234061935, "log10_lambda": -1.842063540271567, "log10_min_child_weight": 0.31392529290695526, "log10_subsample": -0.7207922148966541, "max_depth": 2.0, "num_boost_round": 13.0}, "datetime": {"datetime": "2024-01-19 00:21:58", "elapsed": 608.110155, "delta": 0.001639}}
{"target": -17.67710663106326, "params": {"gamma": 420.17826980416004, "log10_alpha": -2.4583775096642153, "log10_colsample_bytree": -0.861990036160944, "log10_eta": -3.3590553234061935, "log10_lambda": -1.842063540271567, "log10_min_child_weight": 0.31392529290695526, "log10_subsample": -0.7207922148966541, "max_depth": 2.0, "num_boost_round": 14.0}, "datetime": {"datetime": "2024-01-19 00:21:58", "elapsed": 608.111826, "delta": 0.001671}}
{"target": -17.677092956408, "params": {"gamma": 420.17826980416004, "log10_alpha": -2.4583775096642153, "log10_colsample_bytree": -0.861990036160944, "log10_eta": -3.3590553234061935, "log10_lambda": -1.842063540271567, "log10_min_child_weight": 0.31392529290695526, "log10_subsample": -0.7207922148966541, "max_depth": 2.0, "num_boost_round": 15.0}, "datetime": {"datetime": "2024-01-19 00:21:58", "elapsed": 608.113513, "delta": 0.001687}}
{"target": -17.677089725514715, "params": {"gamma": 420.17826980416004, "log10_alpha": -2.4583775096642153, "log10_colsample_bytree": -0.861990036160944, "log10_eta": -3.3590553234061935, "log10_lambda": -1.842063540271567, "log10_min_child_weight": 0.31392529290695526, "log10_subsample": -0.7207922148966541, "max_depth": 2.0, "num_boost_round": 16.0}, "datetime": {"datetime": "2024-01-19 00:21:58", "elapsed": 608.115144, "delta": 0.001631}}
{"target": -17.677080483325383, "params": {"gamma": 420.17826980416004, "log10_alpha": -2.4583775096642153, "log10_colsample_bytree": -0.861990036160944, "log10_eta": -3.3590553234061935, "log10_lambda": -1.842063540271567, "log10_min_child_weight": 0.31392529290695526, "log10_subsample": -0.7207922148966541, "max_depth": 2.0, "num_boost_round": 17.0}, "datetime": {"datetime": "2024-01-19 00:21:58", "elapsed": 608.116786, "delta": 0.001642}}
{"target": -17.677071390770397, "params": {"gamma": 420.17826980416004, "log10_alpha": -2.4583775096642153, "log10_colsample_bytree": -0.861990036160944, "log10_eta": -3.3590553234061935, "log10_lambda": -1.842063540271567, "log10_min_child_weight": 0.31392529290695526, "log10_subsample": -0.7207922148966541, "max_depth": 2.0, "num_boost_round": 18.0}, "datetime": {"datetime": "2024-01-19 00:21:58", "elapsed": 608.118443, "delta": 0.001657}}
{"target": -17.677064608532145, "params": {"gamma": 420.17826980416004, "log10_alpha": -2.4583775096642153, "log10_colsample_bytree": -0.861990036160944, "log10_eta": -3.3590553234061935, "log10_lambda": -1.842063540271567, "log10_min_child_weight": 0.31392529290695526, "log10_subsample": -0.7207922148966541, "max_depth": 2.0, "num_boost_round": 19.0}, "datetime": {"datetime": "2024-01-19 00:21:58", "elapsed": 608.120094, "delta": 0.001651}}
{"target": -17.677058646053112, "params": {"gamma": 420.17826980416004, "log10_alpha": -2.4583775096642153, "log10_colsample_bytree": -0.861990036160944, "log10_eta": -3.3590553234061935, "log10_lambda": -1.842063540271567, "log10_min_child_weight": 0.31392529290695526, "log10_subsample": -0.7207922148966541, "max_depth": 2.0, "num_boost_round": 20.0}, "datetime": {"datetime": "2024-01-19 00:21:58", "elapsed": 608.121825, "delta": 0.001731}}
{"target": -17.677049224199482, "params": {"gamma": 420.17826980416004, "log10_alpha": -2.4583775096642153, "log10_colsample_bytree": -0.861990036160944, "log10_eta": -3.3590553234061935, "log10_lambda": -1.842063540271567, "log10_min_child_weight": 0.31392529290695526, "log10_subsample": -0.7207922148966541, "max_depth": 2.0, "num_boost_round": 21.0}, "datetime": {"datetime": "2024-01-19 00:21:58", "elapsed": 608.1235, "delta": 0.001675}}
{"target": -17.677041641703177, "params": {"gamma": 420.17826980416004, "log10_alpha": -2.4583775096642153, "log10_colsample_bytree": -0.861990036160944, "log10_eta": -3.3590553234061935, "log10_lambda": -1.842063540271567, "log10_min_child_weight": 0.31392529290695526, "log10_subsample": -0.7207922148966541, "max_depth": 2.0, "num_boost_round": 22.0}, "datetime": {"datetime": "2024-01-19 00:21:58", "elapsed": 608.125163, "delta": 0.001663}}
{"target": -17.67702020585596, "params": {"gamma": 420.17826980416004, "log10_alpha": -2.4583775096642153, "log10_colsample_bytree": -0.861990036160944, "log10_eta": -3.3590553234061935, "log10_lambda": -1.842063540271567, "log10_min_child_weight": 0.31392529290695526, "log10_subsample": -0.7207922148966541, "max_depth": 2.0, "num_boost_round": 23.0}, "datetime": {"datetime": "2024-01-19 00:21:58", "elapsed": 608.126817, "delta": 0.001654}}
{"target": -17.677018520845394, "params": {"gamma": 420.17826980416004, "log10_alpha": -2.4583775096642153, "log10_colsample_bytree": -0.861990036160944, "log10_eta": -3.3590553234061935, "log10_lambda": -1.842063540271567, "log10_min_child_weight": 0.31392529290695526, "log10_subsample": -0.7207922148966541, "max_depth": 2.0, "num_boost_round": 24.0}, "datetime": {"datetime": "2024-01-19 00:21:58", "elapsed": 608.128469, "delta": 0.001652}}
{"target": -17.677005668449592, "params": {"gamma": 420.17826980416004, "log10_alpha": -2.4583775096642153, "log10_colsample_bytree": -0.861990036160944, "log10_eta": -3.3590553234061935, "log10_lambda": -1.842063540271567, "log10_min_child_weight": 0.31392529290695526, "log10_subsample": -0.7207922148966541, "max_depth": 2.0, "num_boost_round": 25.0}, "datetime": {"datetime": "2024-01-19 00:21:58", "elapsed": 608.130116, "delta": 0.001647}}
{"target": -17.67699843846187, "params": {"gamma": 420.17826980416004, "log10_alpha": -2.4583775096642153, "log10_colsample_bytree": -0.861990036160944, "log10_eta": -3.3590553234061935, "log10_lambda": -1.842063540271567, "log10_min_child_weight": 0.31392529290695526, "log10_subsample": -0.7207922148966541, "max_depth": 2.0, "num_boost_round": 26.0}, "datetime": {"datetime": "2024-01-19 00:21:58", "elapsed": 608.131828, "delta": 0.001712}}
{"target": -17.676975343394098, "params": {"gamma": 420.17826980416004, "log10_alpha": -2.4583775096642153, "log10_colsample_bytree": -0.861990036160944, "log10_eta": -3.3590553234061935, "log10_lambda": -1.842063540271567, "log10_min_child_weight": 0.31392529290695526, "log10_subsample": -0.7207922148966541, "max_depth": 2.0, "num_boost_round": 27.0}, "datetime": {"datetime": "2024-01-19 00:21:58", "elapsed": 608.133485, "delta": 0.001657}}
{"target": -17.676963993125284, "params": {"gamma": 420.17826980416004, "log10_alpha": -2.4583775096642153, "log10_colsample_bytree": -0.861990036160944, "log10_eta": -3.3590553234061935, "log10_lambda": -1.842063540271567, "log10_min_child_weight": 0.31392529290695526, "log10_subsample": -0.7207922148966541, "max_depth": 2.0, "num_boost_round": 28.0}, "datetime": {"datetime": "2024-01-19 00:21:58", "elapsed": 608.135138, "delta": 0.001653}}
{"target": -17.676950836193214, "params": {"gamma": 420.17826980416004, "log10_alpha": -2.4583775096642153, "log10_colsample_bytree": -0.861990036160944, "log10_eta": -3.3590553234061935, "log10_lambda": -1.842063540271567, "log10_min_child_weight": 0.31392529290695526, "log10_subsample": -0.7207922148966541, "max_depth": 2.0, "num_boost_round": 29.0}, "datetime": {"datetime": "2024-01-19 00:21:58", "elapsed": 608.136792, "delta": 0.001654}}
{"target": -17.676946308205345, "params": {"gamma": 420.17826980416004, "log10_alpha": -2.4583775096642153, "log10_colsample_bytree": -0.861990036160944, "log10_eta": -3.3590553234061935, "log10_lambda": -1.842063540271567, "log10_min_child_weight": 0.31392529290695526, "log10_subsample": -0.7207922148966541, "max_depth": 2.0, "num_boost_round": 30.0}, "datetime": {"datetime": "2024-01-19 00:21:58", "elapsed": 608.138465, "delta": 0.001673}}
{"target": -17.676938091846946, "params": {"gamma": 420.17826980416004, "log10_alpha": -2.4583775096642153, "log10_colsample_bytree": -0.861990036160944, "log10_eta": -3.3590553234061935, "log10_lambda": -1.842063540271567, "log10_min_child_weight": 0.31392529290695526, "log10_subsample": -0.7207922148966541, "max_depth": 2.0, "num_boost_round": 31.0}, "datetime": {"datetime": "2024-01-19 00:21:58", "elapsed": 608.140113, "delta": 0.001648}}
{"target": -17.6769304957562, "params": {"gamma": 420.17826980416004, "log10_alpha": -2.4583775096642153, "log10_colsample_bytree": -0.861990036160944, "log10_eta": -3.3590553234061935, "log10_lambda": -1.842063540271567, "log10_min_child_weight": 0.31392529290695526, "log10_subsample": -0.7207922148966541, "max_depth": 2.0, "num_boost_round": 32.0}, "datetime": {"datetime": "2024-01-19 00:21:58", "elapsed": 608.141879, "delta": 0.001766}}
{"target": -17.676918432541655, "params": {"gamma": 420.17826980416004, "log10_alpha": -2.4583775096642153, "log10_colsample_bytree": -0.861990036160944, "log10_eta": -3.3590553234061935, "log10_lambda": -1.842063540271567, "log10_min_child_weight": 0.31392529290695526, "log10_subsample": -0.7207922148966541, "max_depth": 2.0, "num_boost_round": 33.0}, "datetime": {"datetime": "2024-01-19 00:21:58", "elapsed": 608.143686, "delta": 0.001807}}
{"target": -17.67691048692381, "params": {"gamma": 420.17826980416004, "log10_alpha": -2.4583775096642153, "log10_colsample_bytree": -0.861990036160944, "log10_eta": -3.3590553234061935, "log10_lambda": -1.842063540271567, "log10_min_child_weight": 0.31392529290695526, "log10_subsample": -0.7207922148966541, "max_depth": 2.0, "num_boost_round": 34.0}, "datetime": {"datetime": "2024-01-19 00:21:58", "elapsed": 608.145506, "delta": 0.00182}}
{"target": -17.67690416649446, "params": {"gamma": 420.17826980416004, "log10_alpha": -2.4583775096642153, "log10_colsample_bytree": -0.861990036160944, "log10_eta": -3.3590553234061935, "log10_lambda": -1.842063540271567, "log10_min_child_weight": 0.31392529290695526, "log10_subsample": -0.7207922148966541, "max_depth": 2.0, "num_boost_round": 35.0}, "datetime": {"datetime": "2024-01-19 00:21:58", "elapsed": 608.147374, "delta": 0.001868}}
{"target": -17.676898218505777, "params": {"gamma": 420.17826980416004, "log10_alpha": -2.4583775096642153, "log10_colsample_bytree": -0.861990036160944, "log10_eta": -3.3590553234061935, "log10_lambda": -1.842063540271567, "log10_min_child_weight": 0.31392529290695526, "log10_subsample": -0.7207922148966541, "max_depth": 2.0, "num_boost_round": 36.0}, "datetime": {"datetime": "2024-01-19 00:21:58", "elapsed": 608.149052, "delta": 0.001678}}
{"target": -17.67688303696979, "params": {"gamma": 420.17826980416004, "log10_alpha": -2.4583775096642153, "log10_colsample_bytree": -0.861990036160944, "log10_eta": -3.3590553234061935, "log10_lambda": -1.842063540271567, "log10_min_child_weight": 0.31392529290695526, "log10_subsample": -0.7207922148966541, "max_depth": 2.0, "num_boost_round": 37.0}, "datetime": {"datetime": "2024-01-19 00:21:58", "elapsed": 608.150719, "delta": 0.001667}}
{"target": -17.676866460187952, "params": {"gamma": 420.17826980416004, "log10_alpha": -2.4583775096642153, "log10_colsample_bytree": -0.861990036160944, "log10_eta": -3.3590553234061935, "log10_lambda": -1.842063540271567, "log10_min_child_weight": 0.31392529290695526, "log10_subsample": -0.7207922148966541, "max_depth": 2.0, "num_boost_round": 38.0}, "datetime": {"datetime": "2024-01-19 00:21:58", "elapsed": 608.152453, "delta": 0.001734}}
{"target": -17.676859462653063, "params": {"gamma": 420.17826980416004, "log10_alpha": -2.4583775096642153, "log10_colsample_bytree": -0.861990036160944, "log10_eta": -3.3590553234061935, "log10_lambda": -1.842063540271567, "log10_min_child_weight": 0.31392529290695526, "log10_subsample": -0.7207922148966541, "max_depth": 2.0, "num_boost_round": 39.0}, "datetime": {"datetime": "2024-01-19 00:21:58", "elapsed": 608.154104, "delta": 0.001651}}
{"target": -17.676848893065316, "params": {"gamma": 420.17826980416004, "log10_alpha": -2.4583775096642153, "log10_colsample_bytree": -0.861990036160944, "log10_eta": -3.3590553234061935, "log10_lambda": -1.842063540271567, "log10_min_child_weight": 0.31392529290695526, "log10_subsample": -0.7207922148966541, "max_depth": 2.0, "num_boost_round": 40.0}, "datetime": {"datetime": "2024-01-19 00:21:58", "elapsed": 608.155778, "delta": 0.001674}}
{"target": -17.67684648320859, "params": {"gamma": 420.17826980416004, "log10_alpha": -2.4583775096642153, "log10_colsample_bytree": -0.861990036160944, "log10_eta": -3.3590553234061935, "log10_lambda": -1.842063540271567, "log10_min_child_weight": 0.31392529290695526, "log10_subsample": -0.7207922148966541, "max_depth": 2.0, "num_boost_round": 41.0}, "datetime": {"datetime": "2024-01-19 00:21:58", "elapsed": 608.157452, "delta": 0.001674}}
{"target": -17.676837345683644, "params": {"gamma": 420.17826980416004, "log10_alpha": -2.4583775096642153, "log10_colsample_bytree": -0.861990036160944, "log10_eta": -3.3590553234061935, "log10_lambda": -1.842063540271567, "log10_min_child_weight": 0.31392529290695526, "log10_subsample": -0.7207922148966541, "max_depth": 2.0, "num_boost_round": 42.0}, "datetime": {"datetime": "2024-01-19 00:21:58", "elapsed": 608.159146, "delta": 0.001694}}
{"target": -17.676827478713047, "params": {"gamma": 420.17826980416004, "log10_alpha": -2.4583775096642153, "log10_colsample_bytree": -0.861990036160944, "log10_eta": -3.3590553234061935, "log10_lambda": -1.842063540271567, "log10_min_child_weight": 0.31392529290695526, "log10_subsample": -0.7207922148966541, "max_depth": 2.0, "num_boost_round": 43.0}, "datetime": {"datetime": "2024-01-19 00:21:58", "elapsed": 608.160806, "delta": 0.00166}}
{"target": -17.676823143617153, "params": {"gamma": 420.17826980416004, "log10_alpha": -2.4583775096642153, "log10_colsample_bytree": -0.861990036160944, "log10_eta": -3.3590553234061935, "log10_lambda": -1.842063540271567, "log10_min_child_weight": 0.31392529290695526, "log10_subsample": -0.7207922148966541, "max_depth": 2.0, "num_boost_round": 44.0}, "datetime": {"datetime": "2024-01-19 00:21:58", "elapsed": 608.162619, "delta": 0.001813}}
{"target": -17.676820818889237, "params": {"gamma": 420.17826980416004, "log10_alpha": -2.4583775096642153, "log10_colsample_bytree": -0.861990036160944, "log10_eta": -3.3590553234061935, "log10_lambda": -1.842063540271567, "log10_min_child_weight": 0.31392529290695526, "log10_subsample": -0.7207922148966541, "max_depth": 2.0, "num_boost_round": 45.0}, "datetime": {"datetime": "2024-01-19 00:21:58", "elapsed": 608.164305, "delta": 0.001686}}
{"target": -17.676814037161325, "params": {"gamma": 420.17826980416004, "log10_alpha": -2.4583775096642153, "log10_colsample_bytree": -0.861990036160944, "log10_eta": -3.3590553234061935, "log10_lambda": -1.842063540271567, "log10_min_child_weight": 0.31392529290695526, "log10_subsample": -0.7207922148966541, "max_depth": 2.0, "num_boost_round": 46.0}, "datetime": {"datetime": "2024-01-19 00:21:58", "elapsed": 608.166056, "delta": 0.001751}}
{"target": -17.67679450102379, "params": {"gamma": 420.17826980416004, "log10_alpha": -2.4583775096642153, "log10_colsample_bytree": -0.861990036160944, "log10_eta": -3.3590553234061935, "log10_lambda": -1.842063540271567, "log10_min_child_weight": 0.31392529290695526, "log10_subsample": -0.7207922148966541, "max_depth": 2.0, "num_boost_round": 47.0}, "datetime": {"datetime": "2024-01-19 00:21:58", "elapsed": 608.167744, "delta": 0.001688}}
{"target": -17.67678830236229, "params": {"gamma": 420.17826980416004, "log10_alpha": -2.4583775096642153, "log10_colsample_bytree": -0.861990036160944, "log10_eta": -3.3590553234061935, "log10_lambda": -1.842063540271567, "log10_min_child_weight": 0.31392529290695526, "log10_subsample": -0.7207922148966541, "max_depth": 2.0, "num_boost_round": 48.0}, "datetime": {"datetime": "2024-01-19 00:21:58", "elapsed": 608.169437, "delta": 0.001693}}
{"target": -17.676785283091036, "params": {"gamma": 420.17826980416004, "log10_alpha": -2.4583775096642153, "log10_colsample_bytree": -0.861990036160944, "log10_eta": -3.3590553234061935, "log10_lambda": -1.842063540271567, "log10_min_child_weight": 0.31392529290695526, "log10_subsample": -0.7207922148966541, "max_depth": 2.0, "num_boost_round": 49.0}, "datetime": {"datetime": "2024-01-19 00:21:58", "elapsed": 608.171115, "delta": 0.001678}}
{"target": -17.67678811125828, "params": {"gamma": 420.17826980416004, "log10_alpha": -2.4583775096642153, "log10_colsample_bytree": -0.861990036160944, "log10_eta": -3.3590553234061935, "log10_lambda": -1.842063540271567, "log10_min_child_weight": 0.31392529290695526, "log10_subsample": -0.7207922148966541, "max_depth": 2.0, "num_boost_round": 50.0}, "datetime": {"datetime": "2024-01-19 00:21:58", "elapsed": 608.172871, "delta": 0.001756}}
{"target": -17.676777802683134, "params": {"gamma": 420.17826980416004, "log10_alpha": -2.4583775096642153, "log10_colsample_bytree": -0.861990036160944, "log10_eta": -3.3590553234061935, "log10_lambda": -1.842063540271567, "log10_min_child_weight": 0.31392529290695526, "log10_subsample": -0.7207922148966541, "max_depth": 2.0, "num_boost_round": 51.0}, "datetime": {"datetime": "2024-01-19 00:21:58", "elapsed": 608.174555, "delta": 0.001684}}
{"target": -17.67676588433387, "params": {"gamma": 420.17826980416004, "log10_alpha": -2.4583775096642153, "log10_colsample_bytree": -0.861990036160944, "log10_eta": -3.3590553234061935, "log10_lambda": -1.842063540271567, "log10_min_child_weight": 0.31392529290695526, "log10_subsample": -0.7207922148966541, "max_depth": 2.0, "num_boost_round": 52.0}, "datetime": {"datetime": "2024-01-19 00:21:58", "elapsed": 608.176249, "delta": 0.001694}}
{"target": -17.676756047361856, "params": {"gamma": 420.17826980416004, "log10_alpha": -2.4583775096642153, "log10_colsample_bytree": -0.861990036160944, "log10_eta": -3.3590553234061935, "log10_lambda": -1.842063540271567, "log10_min_child_weight": 0.31392529290695526, "log10_subsample": -0.7207922148966541, "max_depth": 2.0, "num_boost_round": 53.0}, "datetime": {"datetime": "2024-01-19 00:21:58", "elapsed": 608.177963, "delta": 0.001714}}
{"target": -17.676744644245993, "params": {"gamma": 420.17826980416004, "log10_alpha": -2.4583775096642153, "log10_colsample_bytree": -0.861990036160944, "log10_eta": -3.3590553234061935, "log10_lambda": -1.842063540271567, "log10_min_child_weight": 0.31392529290695526, "log10_subsample": -0.7207922148966541, "max_depth": 2.0, "num_boost_round": 54.0}, "datetime": {"datetime": "2024-01-19 00:21:58", "elapsed": 608.179678, "delta": 0.001715}}
{"target": -17.676733350415358, "params": {"gamma": 420.17826980416004, "log10_alpha": -2.4583775096642153, "log10_colsample_bytree": -0.861990036160944, "log10_eta": -3.3590553234061935, "log10_lambda": -1.842063540271567, "log10_min_child_weight": 0.31392529290695526, "log10_subsample": -0.7207922148966541, "max_depth": 2.0, "num_boost_round": 55.0}, "datetime": {"datetime": "2024-01-19 00:21:58", "elapsed": 608.181376, "delta": 0.001698}}
{"target": -17.676722112584564, "params": {"gamma": 420.17826980416004, "log10_alpha": -2.4583775096642153, "log10_colsample_bytree": -0.861990036160944, "log10_eta": -3.3590553234061935, "log10_lambda": -1.842063540271567, "log10_min_child_weight": 0.31392529290695526, "log10_subsample": -0.7207922148966541, "max_depth": 2.0, "num_boost_round": 56.0}, "datetime": {"datetime": "2024-01-19 00:21:58", "elapsed": 608.183179, "delta": 0.001803}}
{"target": -17.67672222192481, "params": {"gamma": 420.17826980416004, "log10_alpha": -2.4583775096642153, "log10_colsample_bytree": -0.861990036160944, "log10_eta": -3.3590553234061935, "log10_lambda": -1.842063540271567, "log10_min_child_weight": 0.31392529290695526, "log10_subsample": -0.7207922148966541, "max_depth": 2.0, "num_boost_round": 57.0}, "datetime": {"datetime": "2024-01-19 00:21:58", "elapsed": 608.184867, "delta": 0.001688}}
{"target": -17.67708081395512, "params": {"gamma": 444.15075269595917, "log10_alpha": -4.345756117553313, "log10_colsample_bytree": -0.5352936730071902, "log10_eta": -2.205734078294752, "log10_lambda": -0.3713369170625693, "log10_min_child_weight": 3.0751858043806655, "log10_subsample": -0.2641234488491294, "max_depth": 5.0, "num_boost_round": 0.0}, "datetime": {"datetime": "2024-01-19 00:22:18", "elapsed": 628.207426, "delta": 20.022559}}
