{"target": -13.758531258910933, "params": {"gamma": 721.2950741867202, "log10_alpha": 0.06185236154972085, "log10_colsample_bytree": -0.6945554598659833, "log10_eta": -3.569263581275222, "log10_lambda": 0.2146415903714205, "log10_min_child_weight": 4.374464484566157, "log10_subsample": -0.3553504492122114, "max_depth": 6.0, "num_boost_round": 5.0}, "datetime": {"datetime": "2024-01-19 00:44:45", "elapsed": 1984.433872, "delta": 0.002382}}
{"target": -13.758534857275915, "params": {"gamma": 721.2950741867202, "log10_alpha": 0.06185236154972085, "log10_colsample_bytree": -0.6945554598659833, "log10_eta": -3.569263581275222, "log10_lambda": 0.2146415903714205, "log10_min_child_weight": 4.374464484566157, "log10_subsample": -0.3553504492122114, "max_depth": 6.0, "num_boost_round": 6.0}, "datetime": {"datetime": "2024-01-19 00:44:45", "elapsed": 1984.436343, "delta": 0.002471}}
{"target": -13.758531648819389, "params": {"gamma": 721.2950741867202, "log10_alpha": 0.06185236154972085, "log10_colsample_bytree": -0.6945554598659833, "log10_eta": -3.569263581275222, "log10_lambda": 0.2146415903714205, "log10_min_child_weight": 4.374464484566157, "log10_subsample": -0.3553504492122114, "max_depth": 6.0, "num_boost_round": 7.0}, "datetime": {"datetime": "2024-01-19 00:44:45", "elapsed": 1984.438683, "delta": 0.00234}}
{"target": -13.758530308215876, "params": {"gamma": 721.2950741867202, "log10_alpha": 0.06185236154972085, "log10_colsample_bytree": -0.6945554598659833, "log10_eta": -3.569263581275222, "log10_lambda": 0.2146415903714205, "log10_min_child_weight": 4.374464484566157, "log10_subsample": -0.3553504492122114, "max_depth": 6.0, "num_boost_round": 8.0}, "datetime": {"datetime": "2024-01-19 00:44:45", "elapsed": 1984.440946, "delta": 0.002263}}
{"target": -13.758531434937238, "params": {"gamma": 721.2950741867202, "log10_alpha": 0.06185236154972085, "log10_colsample_bytree": -0.6945554598659833, "log10_eta": -3.569263581275222, "log10_lambda": 0.2146415903714205, "log10_min_child_weight": 4.374464484566157, "log10_subsample": -0.3553504492122114, "max_depth": 6.0, "num_boost_round": 9.0}, "datetime": {"datetime": "2024-01-19 00:44:45", "elapsed": 1984.443215, "delta": 0.002269}}
{"target": -13.758529350713173, "params": {"gamma": 721.2950741867202, "log10_alpha": 0.06185236154972085, "log10_colsample_bytree": -0.6945554598659833, "log10_eta": -3.569263581275222, "log10_lambda": 0.2146415903714205, "log10_min_child_weight": 4.374464484566157, "log10_subsample": -0.3553504492122114, "max_depth": 6.0, "num_boost_round": 10.0}, "datetime": {"datetime": "2024-01-19 00:44:45", "elapsed": 1984.445494, "delta": 0.002279}}
{"target": -13.758526121445072, "params": {"gamma": 721.2950741867202, "log10_alpha": 0.06185236154972085, "log10_colsample_bytree": -0.6945554598659833, "log10_eta": -3.569263581275222, "log10_lambda": 0.2146415903714205, "log10_min_child_weight": 4.374464484566157, "log10_subsample": -0.3553504492122114, "max_depth": 6.0, "num_boost_round": 11.0}, "datetime": {"datetime": "2024-01-19 00:44:45", "elapsed": 1984.44781, "delta": 0.002316}}
{"target": -13.758528863012408, "params": {"gamma": 721.2950741867202, "log10_alpha": 0.06185236154972085, "log10_colsample_bytree": -0.6945554598659833, "log10_eta": -3.569263581275222, "log10_lambda": 0.2146415903714205, "log10_min_child_weight": 4.374464484566157, "log10_subsample": -0.3553504492122114, "max_depth": 6.0, "num_boost_round": 12.0}, "datetime": {"datetime": "2024-01-19 00:44:45", "elapsed": 1984.450069, "delta": 0.002259}}
{"target": -13.758528179558892, "params": {"gamma": 721.2950741867202, "log10_alpha": 0.06185236154972085, "log10_colsample_bytree": -0.6945554598659833, "log10_eta": -3.569263581275222, "log10_lambda": 0.2146415903714205, "log10_min_child_weight": 4.374464484566157, "log10_subsample": -0.3553504492122114, "max_depth": 6.0, "num_boost_round": 13.0}, "datetime": {"datetime": "2024-01-19 00:44:45", "elapsed": 1984.452372, "delta": 0.002303}}
{"target": -13.758525940951458, "params": {"gamma": 721.2950741867202, "log10_alpha": 0.06185236154972085, "log10_colsample_bytree": -0.6945554598659833, "log10_eta": -3.569263581275222, "log10_lambda": 0.2146415903714205, "log10_min_child_weight": 4.374464484566157, "log10_subsample": -0.3553504492122114, "max_depth": 6.0, "num_boost_round": 14.0}, "datetime": {"datetime": "2024-01-19 00:44:45", "elapsed": 1984.454725, "delta": 0.002353}}
{"target": -13.758522473495887, "params": {"gamma": 721.2950741867202, "log10_alpha": 0.06185236154972085, "log10_colsample_bytree": -0.6945554598659833, "log10_eta": -3.569263581275222, "log10_lambda": 0.2146415903714205, "log10_min_child_weight": 4.374464484566157, "log10_subsample": -0.3553504492122114, "max_depth": 6.0, "num_boost_round": 15.0}, "datetime": {"datetime": "2024-01-19 00:44:45", "elapsed": 1984.457029, "delta": 0.002304}}
{"target": -13.758520186459103, "params": {"gamma": 721.2950741867202, "log10_alpha": 0.06185236154972085, "log10_colsample_bytree": -0.6945554598659833, "log10_eta": -3.569263581275222, "log10_lambda": 0.2146415903714205, "log10_min_child_weight": 4.374464484566157, "log10_subsample": -0.3553504492122114, "max_depth": 6.0, "num_boost_round": 16.0}, "datetime": {"datetime": "2024-01-19 00:44:45", "elapsed": 1984.459308, "delta": 0.002279}}
{"target": -13.758518622168973, "params": {"gamma": 721.2950741867202, "log10_alpha": 0.06185236154972085, "log10_colsample_bytree": -0.6945554598659833, "log10_eta": -3.569263581275222, "log10_lambda": 0.2146415903714205, "log10_min_child_weight": 4.374464484566157, "log10_subsample": -0.3553504492122114, "max_depth": 6.0, "num_boost_round": 17.0}, "datetime": {"datetime": "2024-01-19 00:44:45", "elapsed": 1984.461552, "delta": 0.002244}}
{"target": -13.758518956527144, "params": {"gamma": 721.2950741867202, "log10_alpha": 0.06185236154972085, "log10_colsample_bytree": -0.6945554598659833, "log10_eta": -3.569263581275222, "log10_lambda": 0.2146415903714205, "log10_min_child_weight": 4.374464484566157, "log10_subsample": -0.3553504492122114, "max_depth": 6.0, "num_boost_round": 18.0}, "datetime": {"datetime": "2024-01-19 00:44:45", "elapsed": 1984.463829, "delta": 0.002277}}
{"target": -13.758517761307768, "params": {"gamma": 721.2950741867202, "log10_alpha": 0.06185236154972085, "log10_colsample_bytree": -0.6945554598659833, "log10_eta": -3.569263581275222, "log10_lambda": 0.2146415903714205, "log10_min_child_weight": 4.374464484566157, "log10_subsample": -0.3553504492122114, "max_depth": 6.0, "num_boost_round": 19.0}, "datetime": {"datetime": "2024-01-19 00:44:45", "elapsed": 1984.466041, "delta": 0.002212}}
{"target": -13.76284779302429, "params": {"gamma": 727.6980989744504, "log10_alpha": 0.40163951254769614, "log10_colsample_bytree": -0.321328813199788, "log10_eta": -0.5413575197750666, "log10_lambda": -1.9310119548564586, "log10_min_child_weight": 2.8213972179323807, "log10_subsample": -0.6984424698272131, "max_depth": 4.0, "num_boost_round": 0.0}, "datetime": {"datetime": "2024-01-19 00:45:17", "elapsed": 2016.649489, "delta": 32.183448}}
{"target": -13.764718986854943, "params": {"gamma": 727.6980989744504, "log10_alpha": 0.40163951254769614, "log10_colsample_bytree": -0.321328813199788, "log10_eta": -0.5413575197750666, "log10_lambda": -1.9310119548564586, "log10_min_child_weight": 2.8213972179323807, "log10_subsample": -0.6984424698272131, "max_depth": 4.0, "num_boost_round": 1.0}, "datetime": {"datetime": "2024-01-19 00:45:17", "elapsed": 2016.652495, "delta": 0.003006}}
{"target": -13.788475994601793, "params": {"gamma": 727.6980989744504, "log10_alpha": 0.40163951254769614, "log10_colsample_bytree": -0.321328813199788, "log10_eta": -0.5413575197750666, "log10_lambda": -1.9310119548564586, "log10_min_child_weight": 2.8213972179323807, "log10_subsample": -0.6984424698272131, "max_depth": 4.0, "num_boost_round": 2.0}, "datetime": {"datetime": "2024-01-19 00:45:17", "elapsed": 2016.655474, "delta": 0.002979}}
{"target": -13.793861551804708, "params": {"gamma": 727.6980989744504, "log10_alpha": 0.40163951254769614, "log10_colsample_bytree": -0.321328813199788, "log10_eta": -0.5413575197750666, "log10_lambda": -1.9310119548564586, "log10_min_child_weight": 2.8213972179323807, "log10_subsample": -0.6984424698272131, "max_depth": 4.0, "num_boost_round": 3.0}, "datetime": {"datetime": "2024-01-19 00:45:17", "elapsed": 2016.657779, "delta": 0.002305}}
{"target": -13.80370626672335, "params": {"gamma": 727.6980989744504, "log10_alpha": 0.40163951254769614, "log10_colsample_bytree": -0.321328813199788, "log10_eta": -0.5413575197750666, "log10_lambda": -1.9310119548564586, "log10_min_child_weight": 2.8213972179323807, "log10_subsample": -0.6984424698272131, "max_depth": 4.0, "num_boost_round": 4.0}, "datetime": {"datetime": "2024-01-19 00:45:17", "elapsed": 2016.660191, "delta": 0.002412}}
{"target": -13.807749114916575, "params": {"gamma": 727.6980989744504, "log10_alpha": 0.40163951254769614, "log10_colsample_bytree": -0.321328813199788, "log10_eta": -0.5413575197750666, "log10_lambda": -1.9310119548564586, "log10_min_child_weight": 2.8213972179323807, "log10_subsample": -0.6984424698272131, "max_depth": 4.0, "num_boost_round": 5.0}, "datetime": {"datetime": "2024-01-19 00:45:17", "elapsed": 2016.662572, "delta": 0.002381}}
{"target": -13.817714380001828, "params": {"gamma": 727.6980989744504, "log10_alpha": 0.40163951254769614, "log10_colsample_bytree": -0.321328813199788, "log10_eta": -0.5413575197750666, "log10_lambda": -1.9310119548564586, "log10_min_child_weight": 2.8213972179323807, "log10_subsample": -0.6984424698272131, "max_depth": 4.0, "num_boost_round": 6.0}, "datetime": {"datetime": "2024-01-19 00:45:17", "elapsed": 2016.664887, "delta": 0.002315}}
{"target": -13.824447368111503, "params": {"gamma": 727.6980989744504, "log10_alpha": 0.40163951254769614, "log10_colsample_bytree": -0.321328813199788, "log10_eta": -0.5413575197750666, "log10_lambda": -1.9310119548564586, "log10_min_child_weight": 2.8213972179323807, "log10_subsample": -0.6984424698272131, "max_depth": 4.0, "num_boost_round": 7.0}, "datetime": {"datetime": "2024-01-19 00:45:17", "elapsed": 2016.667266, "delta": 0.002379}}
{"target": -13.826978665681043, "params": {"gamma": 727.6980989744504, "log10_alpha": 0.40163951254769614, "log10_colsample_bytree": -0.321328813199788, "log10_eta": -0.5413575197750666, "log10_lambda": -1.9310119548564586, "log10_min_child_weight": 2.8213972179323807, "log10_subsample": -0.6984424698272131, "max_depth": 4.0, "num_boost_round": 8.0}, "datetime": {"datetime": "2024-01-19 00:45:17", "elapsed": 2016.669582, "delta": 0.002316}}
{"target": -13.830001053787294, "params": {"gamma": 727.6980989744504, "log10_alpha": 0.40163951254769614, "log10_colsample_bytree": -0.321328813199788, "log10_eta": -0.5413575197750666, "log10_lambda": -1.9310119548564586, "log10_min_child_weight": 2.8213972179323807, "log10_subsample": -0.6984424698272131, "max_depth": 4.0, "num_boost_round": 9.0}, "datetime": {"datetime": "2024-01-19 00:45:17", "elapsed": 2016.671827, "delta": 0.002245}}
{"target": -13.757955823038001, "params": {"gamma": 720.8040758986928, "log10_alpha": -1.132145881145484, "log10_colsample_bytree": -0.7975906763977315, "log10_eta": -1.8500164639154049, "log10_lambda": -1.9272232961633353, "log10_min_child_weight": 3.278609356720077, "log10_subsample": -0.1735623001147064, "max_depth": 9.0, "num_boost_round": 0.0}, "datetime": {"datetime": "2024-01-19 00:45:50", "elapsed": 2049.431073, "delta": 32.759246}}
{"target": -13.757927943800942, "params": {"gamma": 720.8040758986928, "log10_alpha": -1.132145881145484, "log10_colsample_bytree": -0.7975906763977315, "log10_eta": -1.8500164639154049, "log10_lambda": -1.9272232961633353, "log10_min_child_weight": 3.278609356720077, "log10_subsample": -0.1735623001147064, "max_depth": 9.0, "num_boost_round": 1.0}, "datetime": {"datetime": "2024-01-19 00:45:50", "elapsed": 2049.434235, "delta": 0.003162}}
{"target": -13.757578280675421, "params": {"gamma": 720.8040758986928, "log10_alpha": -1.132145881145484, "log10_colsample_bytree": -0.7975906763977315, "log10_eta": -1.8500164639154049, "log10_lambda": -1.9272232961633353, "log10_min_child_weight": 3.278609356720077, "log10_subsample": -0.1735623001147064, "max_depth": 9.0, "num_boost_round": 2.0}, "datetime": {"datetime": "2024-01-19 00:45:50", "elapsed": 2049.437282, "delta": 0.003047}}
{"target": -13.757524831211395, "params": {"gamma": 720.8040758986928, "log10_alpha": -1.132145881145484, "log10_colsample_bytree": -0.7975906763977315, "log10_eta": -1.8500164639154049, "log10_lambda": -1.9272232961633353, "log10_min_child_weight": 3.278609356720077, "log10_subsample": -0.1735623001147064, "max_depth": 9.0, "num_boost_round": 3.0}, "datetime": {"datetime": "2024-01-19 00:45:50", "elapsed": 2049.439592, "delta": 0.00231}}
{"target": -13.757042488280891, "params": {"gamma": 720.8040758986928, "log10_alpha": -1.132145881145484, "log10_colsample_bytree": -0.7975906763977315, "log10_eta": -1.8500164639154049, "log10_lambda": -1.9272232961633353, "log10_min_child_weight": 3.278609356720077, "log10_subsample": -0.1735623001147064, "max_depth": 9.0, "num_boost_round": 4.0}, "datetime": {"datetime": "2024-01-19 00:45:50", "elapsed": 2049.442039, "delta": 0.002447}}
{"target": -13.756812860039505, "params": {"gamma": 720.8040758986928, "log10_alpha": -1.132145881145484, "log10_colsample_bytree": -0.7975906763977315, "log10_eta": -1.8500164639154049, "log10_lambda": -1.9272232961633353, "log10_min_child_weight": 3.278609356720077, "log10_subsample": -0.1735623001147064, "max_depth": 9.0, "num_boost_round": 5.0}, "datetime": {"datetime": "2024-01-19 00:45:50", "elapsed": 2049.444355, "delta": 0.002316}}
{"target": -13.756768545468173, "params": {"gamma": 720.8040758986928, "log10_alpha": -1.132145881145484, "log10_colsample_bytree": -0.7975906763977315, "log10_eta": -1.8500164639154049, "log10_lambda": -1.9272232961633353, "log10_min_child_weight": 3.278609356720077, "log10_subsample": -0.1735623001147064, "max_depth": 9.0, "num_boost_round": 6.0}, "datetime": {"datetime": "2024-01-19 00:45:50", "elapsed": 2049.44661, "delta": 0.002255}}
{"target": -13.756028434771835, "params": {"gamma": 720.8040758986928, "log10_alpha": -1.132145881145484, "log10_colsample_bytree": -0.7975906763977315, "log10_eta": -1.8500164639154049, "log10_lambda": -1.9272232961633353, "log10_min_child_weight": 3.278609356720077, "log10_subsample": -0.1735623001147064, "max_depth": 9.0, "num_boost_round": 7.0}, "datetime": {"datetime": "2024-01-19 00:45:50", "elapsed": 2049.448996, "delta": 0.002386}}
{"target": -13.756049830255208, "params": {"gamma": 720.8040758986928, "log10_alpha": -1.132145881145484, "log10_colsample_bytree": -0.7975906763977315, "log10_eta": -1.8500164639154049, "log10_lambda": -1.9272232961633353, "log10_min_child_weight": 3.278609356720077, "log10_subsample": -0.1735623001147064, "max_depth": 9.0, "num_boost_round": 8.0}, "datetime": {"datetime": "2024-01-19 00:45:50", "elapsed": 2049.451308, "delta": 0.002312}}
{"target": -13.75627334006829, "params": {"gamma": 720.8040758986928, "log10_alpha": -1.132145881145484, "log10_colsample_bytree": -0.7975906763977315, "log10_eta": -1.8500164639154049, "log10_lambda": -1.9272232961633353, "log10_min_child_weight": 3.278609356720077, "log10_subsample": -0.1735623001147064, "max_depth": 9.0, "num_boost_round": 9.0}, "datetime": {"datetime": "2024-01-19 00:45:50", "elapsed": 2049.453681, "delta": 0.002373}}
{"target": -13.756088296697271, "params": {"gamma": 720.8040758986928, "log10_alpha": -1.132145881145484, "log10_colsample_bytree": -0.7975906763977315, "log10_eta": -1.8500164639154049, "log10_lambda": -1.9272232961633353, "log10_min_child_weight": 3.278609356720077, "log10_subsample": -0.1735623001147064, "max_depth": 9.0, "num_boost_round": 10.0}, "datetime": {"datetime": "2024-01-19 00:45:50", "elapsed": 2049.455992, "delta": 0.002311}}
{"target": -13.755832630850607, "params": {"gamma": 720.8040758986928, "log10_alpha": -1.132145881145484, "log10_colsample_bytree": -0.7975906763977315, "log10_eta": -1.8500164639154049, "log10_lambda": -1.9272232961633353, "log10_min_child_weight": 3.278609356720077, "log10_subsample": -0.1735623001147064, "max_depth": 9.0, "num_boost_round": 11.0}, "datetime": {"datetime": "2024-01-19 00:45:50", "elapsed": 2049.45829, "delta": 0.002298}}
{"target": -13.756027532122571, "params": {"gamma": 720.8040758986928, "log10_alpha": -1.132145881145484, "log10_colsample_bytree": -0.7975906763977315, "log10_eta": -1.8500164639154049, "log10_lambda": -1.9272232961633353, "log10_min_child_weight": 3.278609356720077, "log10_subsample": -0.1735623001147064, "max_depth": 9.0, "num_boost_round": 12.0}, "datetime": {"datetime": "2024-01-19 00:45:50", "elapsed": 2049.460595, "delta": 0.002305}}
{"target": -13.755557462285049, "params": {"gamma": 720.8040758986928, "log10_alpha": -1.132145881145484, "log10_colsample_bytree": -0.7975906763977315, "log10_eta": -1.8500164639154049, "log10_lambda": -1.9272232961633353, "log10_min_child_weight": 3.278609356720077, "log10_subsample": -0.1735623001147064, "max_depth": 9.0, "num_boost_round": 13.0}, "datetime": {"datetime": "2024-01-19 00:45:50", "elapsed": 2049.462932, "delta": 0.002337}}
{"target": -13.755547833704878, "params": {"gamma": 720.8040758986928, "log10_alpha": -1.132145881145484, "log10_colsample_bytree": -0.7975906763977315, "log10_eta": -1.8500164639154049, "log10_lambda": -1.9272232961633353, "log10_min_child_weight": 3.278609356720077, "log10_subsample": -0.1735623001147064, "max_depth": 9.0, "num_boost_round": 14.0}, "datetime": {"datetime": "2024-01-19 00:45:50", "elapsed": 2049.465245, "delta": 0.002313}}
{"target": -13.75559011754095, "params": {"gamma": 720.8040758986928, "log10_alpha": -1.132145881145484, "log10_colsample_bytree": -0.7975906763977315, "log10_eta": -1.8500164639154049, "log10_lambda": -1.9272232961633353, "log10_min_child_weight": 3.278609356720077, "log10_subsample": -0.1735623001147064, "max_depth": 9.0, "num_boost_round": 15.0}, "datetime": {"datetime": "2024-01-19 00:45:50", "elapsed": 2049.467657, "delta": 0.002412}}
{"target": -13.75548672170256, "params": {"gamma": 720.8040758986928, "log10_alpha": -1.132145881145484, "log10_colsample_bytree": -0.7975906763977315, "log10_eta": -1.8500164639154049, "log10_lambda": -1.9272232961633353, "log10_min_child_weight": 3.278609356720077, "log10_subsample": -0.1735623001147064, "max_depth": 9.0, "num_boost_round": 16.0}, "datetime": {"datetime": "2024-01-19 00:45:50", "elapsed": 2049.469968, "delta": 0.002311}}
{"target": -13.75852641419112, "params": {"gamma": 720.4692773884342, "log10_alpha": -3.912633296160357, "log10_colsample_bytree": -0.11735952560941343, "log10_eta": -2.971663130686892, "log10_lambda": -3.464548903526474, "log10_min_child_weight": 0.20674906159604545, "log10_subsample": -0.7500441161377216, "max_depth": 2.0, "num_boost_round": 0.0}, "datetime": {"datetime": "2024-01-19 00:46:19", "elapsed": 2078.968145, "delta": 29.498177}}
{"target": -13.758524681246582, "params": {"gamma": 720.4692773884342, "log10_alpha": -3.912633296160357, "log10_colsample_bytree": -0.11735952560941343, "log10_eta": -2.971663130686892, "log10_lambda": -3.464548903526474, "log10_min_child_weight": 0.20674906159604545, "log10_subsample": -0.7500441161377216, "max_depth": 2.0, "num_boost_round": 1.0}, "datetime": {"datetime": "2024-01-19 00:46:19", "elapsed": 2078.971136, "delta": 0.002991}}
{"target": -13.75851297976394, "params": {"gamma": 720.4692773884342, "log10_alpha": -3.912633296160357, "log10_colsample_bytree": -0.11735952560941343, "log10_eta": -2.971663130686892, "log10_lambda": -3.464548903526474, "log10_min_child_weight": 0.20674906159604545, "log10_subsample": -0.7500441161377216, "max_depth": 2.0, "num_boost_round": 2.0}, "datetime": {"datetime": "2024-01-19 00:46:19", "elapsed": 2078.974543, "delta": 0.003407}}
{"target": -13.758509551200332, "params": {"gamma": 720.4692773884342, "log10_alpha": -3.912633296160357, "log10_colsample_bytree": -0.11735952560941343, "log10_eta": -2.971663130686892, "log10_lambda": -3.464548903526474, "log10_min_child_weight": 0.20674906159604545, "log10_subsample": -0.7500441161377216, "max_depth": 2.0, "num_boost_round": 3.0}, "datetime": {"datetime": "2024-01-19 00:46:19", "elapsed": 2078.976948, "delta": 0.002405}}
{"target": -13.758494127090925, "params": {"gamma": 720.4692773884342, "log10_alpha": -3.912633296160357, "log10_colsample_bytree": -0.11735952560941343, "log10_eta": -2.971663130686892, "log10_lambda": -3.464548903526474, "log10_min_child_weight": 0.20674906159604545, "log10_subsample": -0.7500441161377216, "max_depth": 2.0, "num_boost_round": 4.0}, "datetime": {"datetime": "2024-01-19 00:46:19", "elapsed": 2078.979341, "delta": 0.002393}}
{"target": -13.758482733530027, "params": {"gamma": 720.4692773884342, "log10_alpha": -3.912633296160357, "log10_colsample_bytree": -0.11735952560941343, "log10_eta": -2.971663130686892, "log10_lambda": -3.464548903526474, "log10_min_child_weight": 0.20674906159604545, "log10_subsample": -0.7500441161377216, "max_depth": 2.0, "num_boost_round": 5.0}, "datetime": {"datetime": "2024-01-19 00:46:19", "elapsed": 2078.981686, "delta": 0.002345}}
{"target": -13.758471048008841, "params": {"gamma": 720.4692773884342, "log10_alpha": -3.912633296160357, "log10_colsample_bytree": -0.11735952560941343, "log10_eta": -2.971663130686892, "log10_lambda": -3.464548903526474, "log10_min_child_weight": 0.20674906159604545, "log10_subsample": -0.7500441161377216, "max_depth": 2.0, "num_boost_round": 6.0}, "datetime": {"datetime": "2024-01-19 00:46:19", "elapsed": 2078.984169, "delta": 0.002483}}
