{"target": -13.758525280146396, "params": {"gamma": 699.2280925744321, "log10_alpha": -0.018063236785424763, "log10_colsample_bytree": -0.6840544405685359, "log10_eta": -3.6487435343749923, "log10_lambda": -3.3171914676776133, "log10_min_child_weight": 4.56740590951073, "log10_subsample": -0.8475509627494399, "max_depth": 2.0, "num_boost_round": 18.0}, "datetime": {"datetime": "2024-01-19 02:05:13", "elapsed": 6812.130952, "delta": 0.006437}}
{"target": -13.758524113809965, "params": {"gamma": 699.2280925744321, "log10_alpha": -0.018063236785424763, "log10_colsample_bytree": -0.6840544405685359, "log10_eta": -3.6487435343749923, "log10_lambda": -3.3171914676776133, "log10_min_child_weight": 4.56740590951073, "log10_subsample": -0.8475509627494399, "max_depth": 2.0, "num_boost_round": 19.0}, "datetime": {"datetime": "2024-01-19 02:05:13", "elapsed": 6812.137271, "delta": 0.006319}}
{"target": -13.758523598974106, "params": {"gamma": 699.2280925744321, "log10_alpha": -0.018063236785424763, "log10_colsample_bytree": -0.6840544405685359, "log10_eta": -3.6487435343749923, "log10_lambda": -3.3171914676776133, "log10_min_child_weight": 4.56740590951073, "log10_subsample": -0.8475509627494399, "max_depth": 2.0, "num_boost_round": 20.0}, "datetime": {"datetime": "2024-01-19 02:05:13", "elapsed": 6812.143689, "delta": 0.006418}}
{"target": -13.758523217977258, "params": {"gamma": 699.2280925744321, "log10_alpha": -0.018063236785424763, "log10_colsample_bytree": -0.6840544405685359, "log10_eta": -3.6487435343749923, "log10_lambda": -3.3171914676776133, "log10_min_child_weight": 4.56740590951073, "log10_subsample": -0.8475509627494399, "max_depth": 2.0, "num_boost_round": 21.0}, "datetime": {"datetime": "2024-01-19 02:05:13", "elapsed": 6812.150088, "delta": 0.006399}}
{"target": -13.758522287987178, "params": {"gamma": 699.2280925744321, "log10_alpha": -0.018063236785424763, "log10_colsample_bytree": -0.6840544405685359, "log10_eta": -3.6487435343749923, "log10_lambda": -3.3171914676776133, "log10_min_child_weight": 4.56740590951073, "log10_subsample": -0.8475509627494399, "max_depth": 2.0, "num_boost_round": 22.0}, "datetime": {"datetime": "2024-01-19 02:05:13", "elapsed": 6812.156559, "delta": 0.006471}}
{"target": -13.75852067359399, "params": {"gamma": 699.2280925744321, "log10_alpha": -0.018063236785424763, "log10_colsample_bytree": -0.6840544405685359, "log10_eta": -3.6487435343749923, "log10_lambda": -3.3171914676776133, "log10_min_child_weight": 4.56740590951073, "log10_subsample": -0.8475509627494399, "max_depth": 2.0, "num_boost_round": 23.0}, "datetime": {"datetime": "2024-01-19 02:05:13", "elapsed": 6812.287626, "delta": 0.131067}}
{"target": -13.758520824594292, "params": {"gamma": 699.2280925744321, "log10_alpha": -0.018063236785424763, "log10_colsample_bytree": -0.6840544405685359, "log10_eta": -3.6487435343749923, "log10_lambda": -3.3171914676776133, "log10_min_child_weight": 4.56740590951073, "log10_subsample": -0.8475509627494399, "max_depth": 2.0, "num_boost_round": 24.0}, "datetime": {"datetime": "2024-01-19 02:05:13", "elapsed": 6812.295451, "delta": 0.007825}}
{"target": -13.758520795281685, "params": {"gamma": 699.2280925744321, "log10_alpha": -0.018063236785424763, "log10_colsample_bytree": -0.6840544405685359, "log10_eta": -3.6487435343749923, "log10_lambda": -3.3171914676776133, "log10_min_child_weight": 4.56740590951073, "log10_subsample": -0.8475509627494399, "max_depth": 2.0, "num_boost_round": 25.0}, "datetime": {"datetime": "2024-01-19 02:05:13", "elapsed": 6812.302419, "delta": 0.006968}}
{"target": -13.758519999415059, "params": {"gamma": 699.2280925744321, "log10_alpha": -0.018063236785424763, "log10_colsample_bytree": -0.6840544405685359, "log10_eta": -3.6487435343749923, "log10_lambda": -3.3171914676776133, "log10_min_child_weight": 4.56740590951073, "log10_subsample": -0.8475509627494399, "max_depth": 2.0, "num_boost_round": 26.0}, "datetime": {"datetime": "2024-01-19 02:05:13", "elapsed": 6812.309354, "delta": 0.006935}}
{"target": -13.758518871762982, "params": {"gamma": 699.2280925744321, "log10_alpha": -0.018063236785424763, "log10_colsample_bytree": -0.6840544405685359, "log10_eta": -3.6487435343749923, "log10_lambda": -3.3171914676776133, "log10_min_child_weight": 4.56740590951073, "log10_subsample": -0.8475509627494399, "max_depth": 2.0, "num_boost_round": 27.0}, "datetime": {"datetime": "2024-01-19 02:05:13", "elapsed": 6812.315895, "delta": 0.006541}}
{"target": -13.758516908724514, "params": {"gamma": 699.2280925744321, "log10_alpha": -0.018063236785424763, "log10_colsample_bytree": -0.6840544405685359, "log10_eta": -3.6487435343749923, "log10_lambda": -3.3171914676776133, "log10_min_child_weight": 4.56740590951073, "log10_subsample": -0.8475509627494399, "max_depth": 2.0, "num_boost_round": 28.0}, "datetime": {"datetime": "2024-01-19 02:05:13", "elapsed": 6812.323163, "delta": 0.007268}}
{"target": -13.758516138472766, "params": {"gamma": 699.2280925744321, "log10_alpha": -0.018063236785424763, "log10_colsample_bytree": -0.6840544405685359, "log10_eta": -3.6487435343749923, "log10_lambda": -3.3171914676776133, "log10_min_child_weight": 4.56740590951073, "log10_subsample": -0.8475509627494399, "max_depth": 2.0, "num_boost_round": 29.0}, "datetime": {"datetime": "2024-01-19 02:05:13", "elapsed": 6812.329952, "delta": 0.006789}}
{"target": -13.758514575008226, "params": {"gamma": 699.2280925744321, "log10_alpha": -0.018063236785424763, "log10_colsample_bytree": -0.6840544405685359, "log10_eta": -3.6487435343749923, "log10_lambda": -3.3171914676776133, "log10_min_child_weight": 4.56740590951073, "log10_subsample": -0.8475509627494399, "max_depth": 2.0, "num_boost_round": 30.0}, "datetime": {"datetime": "2024-01-19 02:05:13", "elapsed": 6812.336717, "delta": 0.006765}}
{"target": -13.758513642407303, "params": {"gamma": 699.2280925744321, "log10_alpha": -0.018063236785424763, "log10_colsample_bytree": -0.6840544405685359, "log10_eta": -3.6487435343749923, "log10_lambda": -3.3171914676776133, "log10_min_child_weight": 4.56740590951073, "log10_subsample": -0.8475509627494399, "max_depth": 2.0, "num_boost_round": 31.0}, "datetime": {"datetime": "2024-01-19 02:05:13", "elapsed": 6812.343198, "delta": 0.006481}}
{"target": -13.758512445576837, "params": {"gamma": 699.2280925744321, "log10_alpha": -0.018063236785424763, "log10_colsample_bytree": -0.6840544405685359, "log10_eta": -3.6487435343749923, "log10_lambda": -3.3171914676776133, "log10_min_child_weight": 4.56740590951073, "log10_subsample": -0.8475509627494399, "max_depth": 2.0, "num_boost_round": 32.0}, "datetime": {"datetime": "2024-01-19 02:05:13", "elapsed": 6812.349917, "delta": 0.006719}}
{"target": -13.758536499121714, "params": {"gamma": 712.4971610386073, "log10_alpha": -3.0905066932811787, "log10_colsample_bytree": -0.3185108348290443, "log10_eta": -3.764573666176545, "log10_lambda": -1.171437344243075, "log10_min_child_weight": 4.210929490268134, "log10_subsample": -0.45542091731718337, "max_depth": 9.0, "num_boost_round": 0.0}, "datetime": {"datetime": "2024-01-19 02:07:23", "elapsed": 6942.385927, "delta": 130.03601}}
{"target": -13.758536637121448, "params": {"gamma": 712.4971610386073, "log10_alpha": -3.0905066932811787, "log10_colsample_bytree": -0.3185108348290443, "log10_eta": -3.764573666176545, "log10_lambda": -1.171437344243075, "log10_min_child_weight": 4.210929490268134, "log10_subsample": -0.45542091731718337, "max_depth": 9.0, "num_boost_round": 1.0}, "datetime": {"datetime": "2024-01-19 02:07:23", "elapsed": 6942.393498, "delta": 0.007571}}
{"target": -13.75853834256696, "params": {"gamma": 712.4971610386073, "log10_alpha": -3.0905066932811787, "log10_colsample_bytree": -0.3185108348290443, "log10_eta": -3.764573666176545, "log10_lambda": -1.171437344243075, "log10_min_child_weight": 4.210929490268134, "log10_subsample": -0.45542091731718337, "max_depth": 9.0, "num_boost_round": 2.0}, "datetime": {"datetime": "2024-01-19 02:07:23", "elapsed": 6942.400509, "delta": 0.007011}}
{"target": -13.758537704875412, "params": {"gamma": 712.4971610386073, "log10_alpha": -3.0905066932811787, "log10_colsample_bytree": -0.3185108348290443, "log10_eta": -3.764573666176545, "log10_lambda": -1.171437344243075, "log10_min_child_weight": 4.210929490268134, "log10_subsample": -0.45542091731718337, "max_depth": 9.0, "num_boost_round": 3.0}, "datetime": {"datetime": "2024-01-19 02:07:23", "elapsed": 6942.407799, "delta": 0.00729}}
{"target": -13.75853831194236, "params": {"gamma": 712.4971610386073, "log10_alpha": -3.0905066932811787, "log10_colsample_bytree": -0.3185108348290443, "log10_eta": -3.764573666176545, "log10_lambda": -1.171437344243075, "log10_min_child_weight": 4.210929490268134, "log10_subsample": -0.45542091731718337, "max_depth": 9.0, "num_boost_round": 4.0}, "datetime": {"datetime": "2024-01-19 02:07:23", "elapsed": 6942.414929, "delta": 0.00713}}
{"target": -13.758538422682678, "params": {"gamma": 712.4971610386073, "log10_alpha": -3.0905066932811787, "log10_colsample_bytree": -0.3185108348290443, "log10_eta": -3.764573666176545, "log10_lambda": -1.171437344243075, "log10_min_child_weight": 4.210929490268134, "log10_subsample": -0.45542091731718337, "max_depth": 9.0, "num_boost_round": 5.0}, "datetime": {"datetime": "2024-01-19 02:07:23", "elapsed": 6942.421796, "delta": 0.006867}}
{"target": -13.758539570489795, "params": {"gamma": 712.4971610386073, "log10_alpha": -3.0905066932811787, "log10_colsample_bytree": -0.3185108348290443, "log10_eta": -3.764573666176545, "log10_lambda": -1.171437344243075, "log10_min_child_weight": 4.210929490268134, "log10_subsample": -0.45542091731718337, "max_depth": 9.0, "num_boost_round": 6.0}, "datetime": {"datetime": "2024-01-19 02:07:23", "elapsed": 6942.428667, "delta": 0.006871}}
{"target": -13.758540114683766, "params": {"gamma": 712.4971610386073, "log10_alpha": -3.0905066932811787, "log10_colsample_bytree": -0.3185108348290443, "log10_eta": -3.764573666176545, "log10_lambda": -1.171437344243075, "log10_min_child_weight": 4.210929490268134, "log10_subsample": -0.45542091731718337, "max_depth": 9.0, "num_boost_round": 7.0}, "datetime": {"datetime": "2024-01-19 02:07:23", "elapsed": 6942.435754, "delta": 0.007087}}
{"target": -13.75854027127703, "params": {"gamma": 712.4971610386073, "log10_alpha": -3.0905066932811787, "log10_colsample_bytree": -0.3185108348290443, "log10_eta": -3.764573666176545, "log10_lambda": -1.171437344243075, "log10_min_child_weight": 4.210929490268134, "log10_subsample": -0.45542091731718337, "max_depth": 9.0, "num_boost_round": 8.0}, "datetime": {"datetime": "2024-01-19 02:07:23", "elapsed": 6942.442752, "delta": 0.006998}}
{"target": -13.758539622682854, "params": {"gamma": 712.4971610386073, "log10_alpha": -3.0905066932811787, "log10_colsample_bytree": -0.3185108348290443, "log10_eta": -3.764573666176545, "log10_lambda": -1.171437344243075, "log10_min_child_weight": 4.210929490268134, "log10_subsample": -0.45542091731718337, "max_depth": 9.0, "num_boost_round": 9.0}, "datetime": {"datetime": "2024-01-19 02:07:23", "elapsed": 6942.449916, "delta": 0.007164}}
{"target": -13.758538163398951, "params": {"gamma": 712.4971610386073, "log10_alpha": -3.0905066932811787, "log10_colsample_bytree": -0.3185108348290443, "log10_eta": -3.764573666176545, "log10_lambda": -1.171437344243075, "log10_min_child_weight": 4.210929490268134, "log10_subsample": -0.45542091731718337, "max_depth": 9.0, "num_boost_round": 10.0}, "datetime": {"datetime": "2024-01-19 02:07:23", "elapsed": 6942.456743, "delta": 0.006827}}
{"target": -13.75853635920176, "params": {"gamma": 712.4971610386073, "log10_alpha": -3.0905066932811787, "log10_colsample_bytree": -0.3185108348290443, "log10_eta": -3.764573666176545, "log10_lambda": -1.171437344243075, "log10_min_child_weight": 4.210929490268134, "log10_subsample": -0.45542091731718337, "max_depth": 9.0, "num_boost_round": 11.0}, "datetime": {"datetime": "2024-01-19 02:07:23", "elapsed": 6942.463332, "delta": 0.006589}}
{"target": -13.758534648334138, "params": {"gamma": 712.4971610386073, "log10_alpha": -3.0905066932811787, "log10_colsample_bytree": -0.3185108348290443, "log10_eta": -3.764573666176545, "log10_lambda": -1.171437344243075, "log10_min_child_weight": 4.210929490268134, "log10_subsample": -0.45542091731718337, "max_depth": 9.0, "num_boost_round": 12.0}, "datetime": {"datetime": "2024-01-19 02:07:23", "elapsed": 6942.469791, "delta": 0.006459}}
{"target": -13.75853509522774, "params": {"gamma": 712.4971610386073, "log10_alpha": -3.0905066932811787, "log10_colsample_bytree": -0.3185108348290443, "log10_eta": -3.764573666176545, "log10_lambda": -1.171437344243075, "log10_min_child_weight": 4.210929490268134, "log10_subsample": -0.45542091731718337, "max_depth": 9.0, "num_boost_round": 13.0}, "datetime": {"datetime": "2024-01-19 02:07:23", "elapsed": 6942.476464, "delta": 0.006673}}
{"target": -13.758533791691413, "params": {"gamma": 712.4971610386073, "log10_alpha": -3.0905066932811787, "log10_colsample_bytree": -0.3185108348290443, "log10_eta": -3.764573666176545, "log10_lambda": -1.171437344243075, "log10_min_child_weight": 4.210929490268134, "log10_subsample": -0.45542091731718337, "max_depth": 9.0, "num_boost_round": 14.0}, "datetime": {"datetime": "2024-01-19 02:07:23", "elapsed": 6942.483881, "delta": 0.007417}}
{"target": -13.758531337042905, "params": {"gamma": 712.4971610386073, "log10_alpha": -3.0905066932811787, "log10_colsample_bytree": -0.3185108348290443, "log10_eta": -3.764573666176545, "log10_lambda": -1.171437344243075, "log10_min_child_weight": 4.210929490268134, "log10_subsample": -0.45542091731718337, "max_depth": 9.0, "num_boost_round": 15.0}, "datetime": {"datetime": "2024-01-19 02:07:23", "elapsed": 6942.491081, "delta": 0.0072}}
{"target": -13.758529867530525, "params": {"gamma": 712.4971610386073, "log10_alpha": -3.0905066932811787, "log10_colsample_bytree": -0.3185108348290443, "log10_eta": -3.764573666176545, "log10_lambda": -1.171437344243075, "log10_min_child_weight": 4.210929490268134, "log10_subsample": -0.45542091731718337, "max_depth": 9.0, "num_boost_round": 16.0}, "datetime": {"datetime": "2024-01-19 02:07:23", "elapsed": 6942.498062, "delta": 0.006981}}
{"target": -13.758529467350492, "params": {"gamma": 712.4971610386073, "log10_alpha": -3.0905066932811787, "log10_colsample_bytree": -0.3185108348290443, "log10_eta": -3.764573666176545, "log10_lambda": -1.171437344243075, "log10_min_child_weight": 4.210929490268134, "log10_subsample": -0.45542091731718337, "max_depth": 9.0, "num_boost_round": 17.0}, "datetime": {"datetime": "2024-01-19 02:07:23", "elapsed": 6942.504745, "delta": 0.006683}}
{"target": -13.758526801999292, "params": {"gamma": 712.4971610386073, "log10_alpha": -3.0905066932811787, "log10_colsample_bytree": -0.3185108348290443, "log10_eta": -3.764573666176545, "log10_lambda": -1.171437344243075, "log10_min_child_weight": 4.210929490268134, "log10_subsample": -0.45542091731718337, "max_depth": 9.0, "num_boost_round": 18.0}, "datetime": {"datetime": "2024-01-19 02:07:23", "elapsed": 6942.51146, "delta": 0.006715}}
{"target": -13.758524311107909, "params": {"gamma": 712.4971610386073, "log10_alpha": -3.0905066932811787, "log10_colsample_bytree": -0.3185108348290443, "log10_eta": -3.764573666176545, "log10_lambda": -1.171437344243075, "log10_min_child_weight": 4.210929490268134, "log10_subsample": -0.45542091731718337, "max_depth": 9.0, "num_boost_round": 19.0}, "datetime": {"datetime": "2024-01-19 02:07:23", "elapsed": 6942.518257, "delta": 0.006797}}
{"target": -13.758521000563674, "params": {"gamma": 712.4971610386073, "log10_alpha": -3.0905066932811787, "log10_colsample_bytree": -0.3185108348290443, "log10_eta": -3.764573666176545, "log10_lambda": -1.171437344243075, "log10_min_child_weight": 4.210929490268134, "log10_subsample": -0.45542091731718337, "max_depth": 9.0, "num_boost_round": 20.0}, "datetime": {"datetime": "2024-01-19 02:07:23", "elapsed": 6942.525498, "delta": 0.007241}}
{"target": -13.758518903933671, "params": {"gamma": 712.4971610386073, "log10_alpha": -3.0905066932811787, "log10_colsample_bytree": -0.3185108348290443, "log10_eta": -3.764573666176545, "log10_lambda": -1.171437344243075, "log10_min_child_weight": 4.210929490268134, "log10_subsample": -0.45542091731718337, "max_depth": 9.0, "num_boost_round": 21.0}, "datetime": {"datetime": "2024-01-19 02:07:23", "elapsed": 6942.532882, "delta": 0.007384}}
{"target": -13.75851738138625, "params": {"gamma": 712.4971610386073, "log10_alpha": -3.0905066932811787, "log10_colsample_bytree": -0.3185108348290443, "log10_eta": -3.764573666176545, "log10_lambda": -1.171437344243075, "log10_min_child_weight": 4.210929490268134, "log10_subsample": -0.45542091731718337, "max_depth": 9.0, "num_boost_round": 22.0}, "datetime": {"datetime": "2024-01-19 02:07:23", "elapsed": 6942.539829, "delta": 0.006947}}
{"target": -13.758515533641312, "params": {"gamma": 712.4971610386073, "log10_alpha": -3.0905066932811787, "log10_colsample_bytree": -0.3185108348290443, "log10_eta": -3.764573666176545, "log10_lambda": -1.171437344243075, "log10_min_child_weight": 4.210929490268134, "log10_subsample": -0.45542091731718337, "max_depth": 9.0, "num_boost_round": 23.0}, "datetime": {"datetime": "2024-01-19 02:07:23", "elapsed": 6942.5462, "delta": 0.006371}}
{"target": -13.758515173405879, "params": {"gamma": 712.4971610386073, "log10_alpha": -3.0905066932811787, "log10_colsample_bytree": -0.3185108348290443, "log10_eta": -3.764573666176545, "log10_lambda": -1.171437344243075, "log10_min_child_weight": 4.210929490268134, "log10_subsample": -0.45542091731718337, "max_depth": 9.0, "num_boost_round": 24.0}, "datetime": {"datetime": "2024-01-19 02:07:23", "elapsed": 6942.552861, "delta": 0.006661}}
{"target": -13.758513548372427, "params": {"gamma": 712.4971610386073, "log10_alpha": -3.0905066932811787, "log10_colsample_bytree": -0.3185108348290443, "log10_eta": -3.764573666176545, "log10_lambda": -1.171437344243075, "log10_min_child_weight": 4.210929490268134, "log10_subsample": -0.45542091731718337, "max_depth": 9.0, "num_boost_round": 25.0}, "datetime": {"datetime": "2024-01-19 02:07:23", "elapsed": 6942.559477, "delta": 0.006616}}
{"target": -13.75851479455177, "params": {"gamma": 712.4971610386073, "log10_alpha": -3.0905066932811787, "log10_colsample_bytree": -0.3185108348290443, "log10_eta": -3.764573666176545, "log10_lambda": -1.171437344243075, "log10_min_child_weight": 4.210929490268134, "log10_subsample": -0.45542091731718337, "max_depth": 9.0, "num_boost_round": 26.0}, "datetime": {"datetime": "2024-01-19 02:07:23", "elapsed": 6942.567218, "delta": 0.007741}}
{"target": -13.758513052753726, "params": {"gamma": 712.4971610386073, "log10_alpha": -3.0905066932811787, "log10_colsample_bytree": -0.3185108348290443, "log10_eta": -3.764573666176545, "log10_lambda": -1.171437344243075, "log10_min_child_weight": 4.210929490268134, "log10_subsample": -0.45542091731718337, "max_depth": 9.0, "num_boost_round": 27.0}, "datetime": {"datetime": "2024-01-19 02:07:23", "elapsed": 6942.575542, "delta": 0.008324}}
{"target": -13.75851210204437, "params": {"gamma": 712.4971610386073, "log10_alpha": -3.0905066932811787, "log10_colsample_bytree": -0.3185108348290443, "log10_eta": -3.764573666176545, "log10_lambda": -1.171437344243075, "log10_min_child_weight": 4.210929490268134, "log10_subsample": -0.45542091731718337, "max_depth": 9.0, "num_boost_round": 28.0}, "datetime": {"datetime": "2024-01-19 02:07:23", "elapsed": 6942.582332, "delta": 0.00679}}
{"target": -13.758511848620838, "params": {"gamma": 712.4971610386073, "log10_alpha": -3.0905066932811787, "log10_colsample_bytree": -0.3185108348290443, "log10_eta": -3.764573666176545, "log10_lambda": -1.171437344243075, "log10_min_child_weight": 4.210929490268134, "log10_subsample": -0.45542091731718337, "max_depth": 9.0, "num_boost_round": 29.0}, "datetime": {"datetime": "2024-01-19 02:07:23", "elapsed": 6942.5891, "delta": 0.006768}}
{"target": -13.758511229450665, "params": {"gamma": 712.4971610386073, "log10_alpha": -3.0905066932811787, "log10_colsample_bytree": -0.3185108348290443, "log10_eta": -3.764573666176545, "log10_lambda": -1.171437344243075, "log10_min_child_weight": 4.210929490268134, "log10_subsample": -0.45542091731718337, "max_depth": 9.0, "num_boost_round": 30.0}, "datetime": {"datetime": "2024-01-19 02:07:23", "elapsed": 6942.595597, "delta": 0.006497}}
{"target": -13.758511572141252, "params": {"gamma": 712.4971610386073, "log10_alpha": -3.0905066932811787, "log10_colsample_bytree": -0.3185108348290443, "log10_eta": -3.764573666176545, "log10_lambda": -1.171437344243075, "log10_min_child_weight": 4.210929490268134, "log10_subsample": -0.45542091731718337, "max_depth": 9.0, "num_boost_round": 31.0}, "datetime": {"datetime": "2024-01-19 02:07:23", "elapsed": 6942.602201, "delta": 0.006604}}
{"target": -13.758512228286545, "params": {"gamma": 712.4971610386073, "log10_alpha": -3.0905066932811787, "log10_colsample_bytree": -0.3185108348290443, "log10_eta": -3.764573666176545, "log10_lambda": -1.171437344243075, "log10_min_child_weight": 4.210929490268134, "log10_subsample": -0.45542091731718337, "max_depth": 9.0, "num_boost_round": 32.0}, "datetime": {"datetime": "2024-01-19 02:07:23", "elapsed": 6942.608791, "delta": 0.00659}}
{"target": -13.75851266501759, "params": {"gamma": 712.4971610386073, "log10_alpha": -3.0905066932811787, "log10_colsample_bytree": -0.3185108348290443, "log10_eta": -3.764573666176545, "log10_lambda": -1.171437344243075, "log10_min_child_weight": 4.210929490268134, "log10_subsample": -0.45542091731718337, "max_depth": 9.0, "num_boost_round": 33.0}, "datetime": {"datetime": "2024-01-19 02:07:23", "elapsed": 6942.615381, "delta": 0.00659}}
