{"target": -19.82314070063055, "params": {"gamma": 67.47895058007536, "log10_alpha": -2.3759643776373536, "log10_colsample_bytree": -0.38144063298519115, "log10_eta": -0.020280015169077625, "log10_lambda": -3.4526144246196004, "log10_min_child_weight": 0.9352187233907272, "log10_subsample": -0.5897721624975593, "max_depth": 8.0, "num_boost_round": 6.0}, "datetime": {"datetime": "2024-01-19 01:15:42", "elapsed": 3850.038981, "delta": 0.004975}}
{"target": -20.632563705854214, "params": {"gamma": 67.47895058007536, "log10_alpha": -2.3759643776373536, "log10_colsample_bytree": -0.38144063298519115, "log10_eta": -0.020280015169077625, "log10_lambda": -3.4526144246196004, "log10_min_child_weight": 0.9352187233907272, "log10_subsample": -0.5897721624975593, "max_depth": 8.0, "num_boost_round": 7.0}, "datetime": {"datetime": "2024-01-19 01:15:42", "elapsed": 3850.043824, "delta": 0.004843}}
{"target": -20.785286167705276, "params": {"gamma": 67.47895058007536, "log10_alpha": -2.3759643776373536, "log10_colsample_bytree": -0.38144063298519115, "log10_eta": -0.020280015169077625, "log10_lambda": -3.4526144246196004, "log10_min_child_weight": 0.9352187233907272, "log10_subsample": -0.5897721624975593, "max_depth": 8.0, "num_boost_round": 8.0}, "datetime": {"datetime": "2024-01-19 01:15:42", "elapsed": 3850.048673, "delta": 0.004849}}
{"target": -20.949483234847836, "params": {"gamma": 67.47895058007536, "log10_alpha": -2.3759643776373536, "log10_colsample_bytree": -0.38144063298519115, "log10_eta": -0.020280015169077625, "log10_lambda": -3.4526144246196004, "log10_min_child_weight": 0.9352187233907272, "log10_subsample": -0.5897721624975593, "max_depth": 8.0, "num_boost_round": 9.0}, "datetime": {"datetime": "2024-01-19 01:15:42", "elapsed": 3850.05341, "delta": 0.004737}}
{"target": -21.05374709052257, "params": {"gamma": 67.47895058007536, "log10_alpha": -2.3759643776373536, "log10_colsample_bytree": -0.38144063298519115, "log10_eta": -0.020280015169077625, "log10_lambda": -3.4526144246196004, "log10_min_child_weight": 0.9352187233907272, "log10_subsample": -0.5897721624975593, "max_depth": 8.0, "num_boost_round": 10.0}, "datetime": {"datetime": "2024-01-19 01:15:42", "elapsed": 3850.058146, "delta": 0.004736}}
{"target": -21.23987944211894, "params": {"gamma": 67.47895058007536, "log10_alpha": -2.3759643776373536, "log10_colsample_bytree": -0.38144063298519115, "log10_eta": -0.020280015169077625, "log10_lambda": -3.4526144246196004, "log10_min_child_weight": 0.9352187233907272, "log10_subsample": -0.5897721624975593, "max_depth": 8.0, "num_boost_round": 11.0}, "datetime": {"datetime": "2024-01-19 01:15:42", "elapsed": 3850.062867, "delta": 0.004721}}
{"target": -21.39215280094197, "params": {"gamma": 67.47895058007536, "log10_alpha": -2.3759643776373536, "log10_colsample_bytree": -0.38144063298519115, "log10_eta": -0.020280015169077625, "log10_lambda": -3.4526144246196004, "log10_min_child_weight": 0.9352187233907272, "log10_subsample": -0.5897721624975593, "max_depth": 8.0, "num_boost_round": 12.0}, "datetime": {"datetime": "2024-01-19 01:15:42", "elapsed": 3850.067682, "delta": 0.004815}}
{"target": -21.526990956941656, "params": {"gamma": 67.47895058007536, "log10_alpha": -2.3759643776373536, "log10_colsample_bytree": -0.38144063298519115, "log10_eta": -0.020280015169077625, "log10_lambda": -3.4526144246196004, "log10_min_child_weight": 0.9352187233907272, "log10_subsample": -0.5897721624975593, "max_depth": 8.0, "num_boost_round": 13.0}, "datetime": {"datetime": "2024-01-19 01:15:42", "elapsed": 3850.072439, "delta": 0.004757}}
{"target": -21.674455057541422, "params": {"gamma": 67.47895058007536, "log10_alpha": -2.3759643776373536, "log10_colsample_bytree": -0.38144063298519115, "log10_eta": -0.020280015169077625, "log10_lambda": -3.4526144246196004, "log10_min_child_weight": 0.9352187233907272, "log10_subsample": -0.5897721624975593, "max_depth": 8.0, "num_boost_round": 14.0}, "datetime": {"datetime": "2024-01-19 01:15:42", "elapsed": 3850.077195, "delta": 0.004756}}
{"target": -21.728760603893775, "params": {"gamma": 67.47895058007536, "log10_alpha": -2.3759643776373536, "log10_colsample_bytree": -0.38144063298519115, "log10_eta": -0.020280015169077625, "log10_lambda": -3.4526144246196004, "log10_min_child_weight": 0.9352187233907272, "log10_subsample": -0.5897721624975593, "max_depth": 8.0, "num_boost_round": 15.0}, "datetime": {"datetime": "2024-01-19 01:15:42", "elapsed": 3850.081873, "delta": 0.004678}}
{"target": -21.79023059357713, "params": {"gamma": 67.47895058007536, "log10_alpha": -2.3759643776373536, "log10_colsample_bytree": -0.38144063298519115, "log10_eta": -0.020280015169077625, "log10_lambda": -3.4526144246196004, "log10_min_child_weight": 0.9352187233907272, "log10_subsample": -0.5897721624975593, "max_depth": 8.0, "num_boost_round": 16.0}, "datetime": {"datetime": "2024-01-19 01:15:42", "elapsed": 3850.08671, "delta": 0.004837}}
{"target": -21.853303300803212, "params": {"gamma": 67.47895058007536, "log10_alpha": -2.3759643776373536, "log10_colsample_bytree": -0.38144063298519115, "log10_eta": -0.020280015169077625, "log10_lambda": -3.4526144246196004, "log10_min_child_weight": 0.9352187233907272, "log10_subsample": -0.5897721624975593, "max_depth": 8.0, "num_boost_round": 17.0}, "datetime": {"datetime": "2024-01-19 01:15:42", "elapsed": 3850.09146, "delta": 0.00475}}
{"target": -21.936542467960045, "params": {"gamma": 67.47895058007536, "log10_alpha": -2.3759643776373536, "log10_colsample_bytree": -0.38144063298519115, "log10_eta": -0.020280015169077625, "log10_lambda": -3.4526144246196004, "log10_min_child_weight": 0.9352187233907272, "log10_subsample": -0.5897721624975593, "max_depth": 8.0, "num_boost_round": 18.0}, "datetime": {"datetime": "2024-01-19 01:15:42", "elapsed": 3850.096202, "delta": 0.004742}}
{"target": -22.0815991015677, "params": {"gamma": 67.47895058007536, "log10_alpha": -2.3759643776373536, "log10_colsample_bytree": -0.38144063298519115, "log10_eta": -0.020280015169077625, "log10_lambda": -3.4526144246196004, "log10_min_child_weight": 0.9352187233907272, "log10_subsample": -0.5897721624975593, "max_depth": 8.0, "num_boost_round": 19.0}, "datetime": {"datetime": "2024-01-19 01:15:42", "elapsed": 3850.100907, "delta": 0.004705}}
{"target": -22.102522792175552, "params": {"gamma": 67.47895058007536, "log10_alpha": -2.3759643776373536, "log10_colsample_bytree": -0.38144063298519115, "log10_eta": -0.020280015169077625, "log10_lambda": -3.4526144246196004, "log10_min_child_weight": 0.9352187233907272, "log10_subsample": -0.5897721624975593, "max_depth": 8.0, "num_boost_round": 20.0}, "datetime": {"datetime": "2024-01-19 01:15:42", "elapsed": 3850.105793, "delta": 0.004886}}
{"target": -22.197728970542766, "params": {"gamma": 67.47895058007536, "log10_alpha": -2.3759643776373536, "log10_colsample_bytree": -0.38144063298519115, "log10_eta": -0.020280015169077625, "log10_lambda": -3.4526144246196004, "log10_min_child_weight": 0.9352187233907272, "log10_subsample": -0.5897721624975593, "max_depth": 8.0, "num_boost_round": 21.0}, "datetime": {"datetime": "2024-01-19 01:15:42", "elapsed": 3850.110502, "delta": 0.004709}}
{"target": -22.263217610659066, "params": {"gamma": 67.47895058007536, "log10_alpha": -2.3759643776373536, "log10_colsample_bytree": -0.38144063298519115, "log10_eta": -0.020280015169077625, "log10_lambda": -3.4526144246196004, "log10_min_child_weight": 0.9352187233907272, "log10_subsample": -0.5897721624975593, "max_depth": 8.0, "num_boost_round": 22.0}, "datetime": {"datetime": "2024-01-19 01:15:42", "elapsed": 3850.115276, "delta": 0.004774}}
{"target": -22.303136104776353, "params": {"gamma": 67.47895058007536, "log10_alpha": -2.3759643776373536, "log10_colsample_bytree": -0.38144063298519115, "log10_eta": -0.020280015169077625, "log10_lambda": -3.4526144246196004, "log10_min_child_weight": 0.9352187233907272, "log10_subsample": -0.5897721624975593, "max_depth": 8.0, "num_boost_round": 23.0}, "datetime": {"datetime": "2024-01-19 01:15:42", "elapsed": 3850.120015, "delta": 0.004739}}
{"target": -22.539031555227417, "params": {"gamma": 67.47895058007536, "log10_alpha": -2.3759643776373536, "log10_colsample_bytree": -0.38144063298519115, "log10_eta": -0.020280015169077625, "log10_lambda": -3.4526144246196004, "log10_min_child_weight": 0.9352187233907272, "log10_subsample": -0.5897721624975593, "max_depth": 8.0, "num_boost_round": 24.0}, "datetime": {"datetime": "2024-01-19 01:15:42", "elapsed": 3850.124852, "delta": 0.004837}}
{"target": -22.598794173075994, "params": {"gamma": 67.47895058007536, "log10_alpha": -2.3759643776373536, "log10_colsample_bytree": -0.38144063298519115, "log10_eta": -0.020280015169077625, "log10_lambda": -3.4526144246196004, "log10_min_child_weight": 0.9352187233907272, "log10_subsample": -0.5897721624975593, "max_depth": 8.0, "num_boost_round": 25.0}, "datetime": {"datetime": "2024-01-19 01:15:42", "elapsed": 3850.129693, "delta": 0.004841}}
{"target": -22.674545068125354, "params": {"gamma": 67.47895058007536, "log10_alpha": -2.3759643776373536, "log10_colsample_bytree": -0.38144063298519115, "log10_eta": -0.020280015169077625, "log10_lambda": -3.4526144246196004, "log10_min_child_weight": 0.9352187233907272, "log10_subsample": -0.5897721624975593, "max_depth": 8.0, "num_boost_round": 26.0}, "datetime": {"datetime": "2024-01-19 01:15:42", "elapsed": 3850.135671, "delta": 0.005978}}
{"target": -22.796803880745017, "params": {"gamma": 67.47895058007536, "log10_alpha": -2.3759643776373536, "log10_colsample_bytree": -0.38144063298519115, "log10_eta": -0.020280015169077625, "log10_lambda": -3.4526144246196004, "log10_min_child_weight": 0.9352187233907272, "log10_subsample": -0.5897721624975593, "max_depth": 8.0, "num_boost_round": 27.0}, "datetime": {"datetime": "2024-01-19 01:15:42", "elapsed": 3850.140521, "delta": 0.00485}}
{"target": -22.87226180185352, "params": {"gamma": 67.47895058007536, "log10_alpha": -2.3759643776373536, "log10_colsample_bytree": -0.38144063298519115, "log10_eta": -0.020280015169077625, "log10_lambda": -3.4526144246196004, "log10_min_child_weight": 0.9352187233907272, "log10_subsample": -0.5897721624975593, "max_depth": 8.0, "num_boost_round": 28.0}, "datetime": {"datetime": "2024-01-19 01:15:42", "elapsed": 3850.266866, "delta": 0.126345}}
{"target": -22.93309964779022, "params": {"gamma": 67.47895058007536, "log10_alpha": -2.3759643776373536, "log10_colsample_bytree": -0.38144063298519115, "log10_eta": -0.020280015169077625, "log10_lambda": -3.4526144246196004, "log10_min_child_weight": 0.9352187233907272, "log10_subsample": -0.5897721624975593, "max_depth": 8.0, "num_boost_round": 29.0}, "datetime": {"datetime": "2024-01-19 01:15:42", "elapsed": 3850.272354, "delta": 0.005488}}
{"target": -23.063107473604532, "params": {"gamma": 67.47895058007536, "log10_alpha": -2.3759643776373536, "log10_colsample_bytree": -0.38144063298519115, "log10_eta": -0.020280015169077625, "log10_lambda": -3.4526144246196004, "log10_min_child_weight": 0.9352187233907272, "log10_subsample": -0.5897721624975593, "max_depth": 8.0, "num_boost_round": 30.0}, "datetime": {"datetime": "2024-01-19 01:15:42", "elapsed": 3850.27758, "delta": 0.005226}}
{"target": -23.11966786398642, "params": {"gamma": 67.47895058007536, "log10_alpha": -2.3759643776373536, "log10_colsample_bytree": -0.38144063298519115, "log10_eta": -0.020280015169077625, "log10_lambda": -3.4526144246196004, "log10_min_child_weight": 0.9352187233907272, "log10_subsample": -0.5897721624975593, "max_depth": 8.0, "num_boost_round": 31.0}, "datetime": {"datetime": "2024-01-19 01:15:42", "elapsed": 3850.282596, "delta": 0.005016}}
{"target": -23.183654119423256, "params": {"gamma": 67.47895058007536, "log10_alpha": -2.3759643776373536, "log10_colsample_bytree": -0.38144063298519115, "log10_eta": -0.020280015169077625, "log10_lambda": -3.4526144246196004, "log10_min_child_weight": 0.9352187233907272, "log10_subsample": -0.5897721624975593, "max_depth": 8.0, "num_boost_round": 32.0}, "datetime": {"datetime": "2024-01-19 01:15:42", "elapsed": 3850.28777, "delta": 0.005174}}
{"target": -23.233822986989928, "params": {"gamma": 67.47895058007536, "log10_alpha": -2.3759643776373536, "log10_colsample_bytree": -0.38144063298519115, "log10_eta": -0.020280015169077625, "log10_lambda": -3.4526144246196004, "log10_min_child_weight": 0.9352187233907272, "log10_subsample": -0.5897721624975593, "max_depth": 8.0, "num_boost_round": 33.0}, "datetime": {"datetime": "2024-01-19 01:15:42", "elapsed": 3850.29265, "delta": 0.00488}}
{"target": -23.340089545144867, "params": {"gamma": 67.47895058007536, "log10_alpha": -2.3759643776373536, "log10_colsample_bytree": -0.38144063298519115, "log10_eta": -0.020280015169077625, "log10_lambda": -3.4526144246196004, "log10_min_child_weight": 0.9352187233907272, "log10_subsample": -0.5897721624975593, "max_depth": 8.0, "num_boost_round": 34.0}, "datetime": {"datetime": "2024-01-19 01:15:42", "elapsed": 3850.297586, "delta": 0.004936}}
{"target": -23.381430692493435, "params": {"gamma": 67.47895058007536, "log10_alpha": -2.3759643776373536, "log10_colsample_bytree": -0.38144063298519115, "log10_eta": -0.020280015169077625, "log10_lambda": -3.4526144246196004, "log10_min_child_weight": 0.9352187233907272, "log10_subsample": -0.5897721624975593, "max_depth": 8.0, "num_boost_round": 35.0}, "datetime": {"datetime": "2024-01-19 01:15:42", "elapsed": 3850.302682, "delta": 0.005096}}
{"target": -23.422601989853078, "params": {"gamma": 67.47895058007536, "log10_alpha": -2.3759643776373536, "log10_colsample_bytree": -0.38144063298519115, "log10_eta": -0.020280015169077625, "log10_lambda": -3.4526144246196004, "log10_min_child_weight": 0.9352187233907272, "log10_subsample": -0.5897721624975593, "max_depth": 8.0, "num_boost_round": 36.0}, "datetime": {"datetime": "2024-01-19 01:15:42", "elapsed": 3850.30778, "delta": 0.005098}}
{"target": -23.489536563905503, "params": {"gamma": 67.47895058007536, "log10_alpha": -2.3759643776373536, "log10_colsample_bytree": -0.38144063298519115, "log10_eta": -0.020280015169077625, "log10_lambda": -3.4526144246196004, "log10_min_child_weight": 0.9352187233907272, "log10_subsample": -0.5897721624975593, "max_depth": 8.0, "num_boost_round": 37.0}, "datetime": {"datetime": "2024-01-19 01:15:42", "elapsed": 3850.31277, "delta": 0.00499}}
{"target": -23.604818180969016, "params": {"gamma": 67.47895058007536, "log10_alpha": -2.3759643776373536, "log10_colsample_bytree": -0.38144063298519115, "log10_eta": -0.020280015169077625, "log10_lambda": -3.4526144246196004, "log10_min_child_weight": 0.9352187233907272, "log10_subsample": -0.5897721624975593, "max_depth": 8.0, "num_boost_round": 38.0}, "datetime": {"datetime": "2024-01-19 01:15:42", "elapsed": 3850.317682, "delta": 0.004912}}
{"target": -23.655459813014133, "params": {"gamma": 67.47895058007536, "log10_alpha": -2.3759643776373536, "log10_colsample_bytree": -0.38144063298519115, "log10_eta": -0.020280015169077625, "log10_lambda": -3.4526144246196004, "log10_min_child_weight": 0.9352187233907272, "log10_subsample": -0.5897721624975593, "max_depth": 8.0, "num_boost_round": 39.0}, "datetime": {"datetime": "2024-01-19 01:15:42", "elapsed": 3850.322736, "delta": 0.005054}}
{"target": -23.709618479984563, "params": {"gamma": 67.47895058007536, "log10_alpha": -2.3759643776373536, "log10_colsample_bytree": -0.38144063298519115, "log10_eta": -0.020280015169077625, "log10_lambda": -3.4526144246196004, "log10_min_child_weight": 0.9352187233907272, "log10_subsample": -0.5897721624975593, "max_depth": 8.0, "num_boost_round": 40.0}, "datetime": {"datetime": "2024-01-19 01:15:42", "elapsed": 3850.327797, "delta": 0.005061}}
{"target": -23.728656002171487, "params": {"gamma": 67.47895058007536, "log10_alpha": -2.3759643776373536, "log10_colsample_bytree": -0.38144063298519115, "log10_eta": -0.020280015169077625, "log10_lambda": -3.4526144246196004, "log10_min_child_weight": 0.9352187233907272, "log10_subsample": -0.5897721624975593, "max_depth": 8.0, "num_boost_round": 41.0}, "datetime": {"datetime": "2024-01-19 01:15:42", "elapsed": 3850.332725, "delta": 0.004928}}
{"target": -23.771251610054957, "params": {"gamma": 67.47895058007536, "log10_alpha": -2.3759643776373536, "log10_colsample_bytree": -0.38144063298519115, "log10_eta": -0.020280015169077625, "log10_lambda": -3.4526144246196004, "log10_min_child_weight": 0.9352187233907272, "log10_subsample": -0.5897721624975593, "max_depth": 8.0, "num_boost_round": 42.0}, "datetime": {"datetime": "2024-01-19 01:15:42", "elapsed": 3850.337663, "delta": 0.004938}}
{"target": -23.80884270376797, "params": {"gamma": 67.47895058007536, "log10_alpha": -2.3759643776373536, "log10_colsample_bytree": -0.38144063298519115, "log10_eta": -0.020280015169077625, "log10_lambda": -3.4526144246196004, "log10_min_child_weight": 0.9352187233907272, "log10_subsample": -0.5897721624975593, "max_depth": 8.0, "num_boost_round": 43.0}, "datetime": {"datetime": "2024-01-19 01:15:43", "elapsed": 3850.343967, "delta": 0.006304}}
{"target": -23.85162704034912, "params": {"gamma": 67.47895058007536, "log10_alpha": -2.3759643776373536, "log10_colsample_bytree": -0.38144063298519115, "log10_eta": -0.020280015169077625, "log10_lambda": -3.4526144246196004, "log10_min_child_weight": 0.9352187233907272, "log10_subsample": -0.5897721624975593, "max_depth": 8.0, "num_boost_round": 44.0}, "datetime": {"datetime": "2024-01-19 01:15:43", "elapsed": 3850.349375, "delta": 0.005408}}
{"target": -23.877758844608735, "params": {"gamma": 67.47895058007536, "log10_alpha": -2.3759643776373536, "log10_colsample_bytree": -0.38144063298519115, "log10_eta": -0.020280015169077625, "log10_lambda": -3.4526144246196004, "log10_min_child_weight": 0.9352187233907272, "log10_subsample": -0.5897721624975593, "max_depth": 8.0, "num_boost_round": 45.0}, "datetime": {"datetime": "2024-01-19 01:15:43", "elapsed": 3850.354361, "delta": 0.004986}}
{"target": -23.92921978647232, "params": {"gamma": 67.47895058007536, "log10_alpha": -2.3759643776373536, "log10_colsample_bytree": -0.38144063298519115, "log10_eta": -0.020280015169077625, "log10_lambda": -3.4526144246196004, "log10_min_child_weight": 0.9352187233907272, "log10_subsample": -0.5897721624975593, "max_depth": 8.0, "num_boost_round": 46.0}, "datetime": {"datetime": "2024-01-19 01:15:43", "elapsed": 3850.360211, "delta": 0.00585}}
{"target": -23.94729129078734, "params": {"gamma": 67.47895058007536, "log10_alpha": -2.3759643776373536, "log10_colsample_bytree": -0.38144063298519115, "log10_eta": -0.020280015169077625, "log10_lambda": -3.4526144246196004, "log10_min_child_weight": 0.9352187233907272, "log10_subsample": -0.5897721624975593, "max_depth": 8.0, "num_boost_round": 47.0}, "datetime": {"datetime": "2024-01-19 01:15:43", "elapsed": 3850.365026, "delta": 0.004815}}
{"target": -24.076103443425968, "params": {"gamma": 67.47895058007536, "log10_alpha": -2.3759643776373536, "log10_colsample_bytree": -0.38144063298519115, "log10_eta": -0.020280015169077625, "log10_lambda": -3.4526144246196004, "log10_min_child_weight": 0.9352187233907272, "log10_subsample": -0.5897721624975593, "max_depth": 8.0, "num_boost_round": 48.0}, "datetime": {"datetime": "2024-01-19 01:15:43", "elapsed": 3850.369994, "delta": 0.004968}}
{"target": -24.131912936373222, "params": {"gamma": 67.47895058007536, "log10_alpha": -2.3759643776373536, "log10_colsample_bytree": -0.38144063298519115, "log10_eta": -0.020280015169077625, "log10_lambda": -3.4526144246196004, "log10_min_child_weight": 0.9352187233907272, "log10_subsample": -0.5897721624975593, "max_depth": 8.0, "num_boost_round": 49.0}, "datetime": {"datetime": "2024-01-19 01:15:43", "elapsed": 3850.374697, "delta": 0.004703}}
{"target": -24.171692243045058, "params": {"gamma": 67.47895058007536, "log10_alpha": -2.3759643776373536, "log10_colsample_bytree": -0.38144063298519115, "log10_eta": -0.020280015169077625, "log10_lambda": -3.4526144246196004, "log10_min_child_weight": 0.9352187233907272, "log10_subsample": -0.5897721624975593, "max_depth": 8.0, "num_boost_round": 50.0}, "datetime": {"datetime": "2024-01-19 01:15:43", "elapsed": 3850.379783, "delta": 0.005086}}
{"target": -24.235351525511973, "params": {"gamma": 67.47895058007536, "log10_alpha": -2.3759643776373536, "log10_colsample_bytree": -0.38144063298519115, "log10_eta": -0.020280015169077625, "log10_lambda": -3.4526144246196004, "log10_min_child_weight": 0.9352187233907272, "log10_subsample": -0.5897721624975593, "max_depth": 8.0, "num_boost_round": 51.0}, "datetime": {"datetime": "2024-01-19 01:15:43", "elapsed": 3850.384645, "delta": 0.004862}}
{"target": -24.290912452040246, "params": {"gamma": 67.47895058007536, "log10_alpha": -2.3759643776373536, "log10_colsample_bytree": -0.38144063298519115, "log10_eta": -0.020280015169077625, "log10_lambda": -3.4526144246196004, "log10_min_child_weight": 0.9352187233907272, "log10_subsample": -0.5897721624975593, "max_depth": 8.0, "num_boost_round": 52.0}, "datetime": {"datetime": "2024-01-19 01:15:43", "elapsed": 3850.390026, "delta": 0.005381}}
{"target": -24.330080689066072, "params": {"gamma": 67.47895058007536, "log10_alpha": -2.3759643776373536, "log10_colsample_bytree": -0.38144063298519115, "log10_eta": -0.020280015169077625, "log10_lambda": -3.4526144246196004, "log10_min_child_weight": 0.9352187233907272, "log10_subsample": -0.5897721624975593, "max_depth": 8.0, "num_boost_round": 53.0}, "datetime": {"datetime": "2024-01-19 01:15:43", "elapsed": 3850.394851, "delta": 0.004825}}
{"target": -17.677230614481452, "params": {"gamma": 57.19189982221565, "log10_alpha": -0.23173107697357218, "log10_colsample_bytree": -0.3728620815961351, "log10_eta": -4.0, "log10_lambda": 0.7916692109199356, "log10_min_child_weight": 2.132872700228429, "log10_subsample": -0.48402129911991154, "max_depth": 2.0, "num_boost_round": 0.0}, "datetime": {"datetime": "2024-01-19 01:16:46", "elapsed": 3913.506641, "delta": 63.11179}}
