{"target": -13.778691637322177, "params": {"gamma": 555.2727388818874, "log10_alpha": 0.8206022580393926, "log10_colsample_bytree": -0.446237596065859, "log10_eta": -0.7427962215279713, "log10_lambda": 0.6677838431184684, "log10_min_child_weight": 4.795589735403776, "log10_subsample": -0.19402060895043338, "max_depth": 7.0, "num_boost_round": 22.0}, "datetime": {"datetime": "2024-01-19 01:06:47", "elapsed": 3339.068961, "delta": 0.003639}}
{"target": -13.779471610946603, "params": {"gamma": 555.2727388818874, "log10_alpha": 0.8206022580393926, "log10_colsample_bytree": -0.446237596065859, "log10_eta": -0.7427962215279713, "log10_lambda": 0.6677838431184684, "log10_min_child_weight": 4.795589735403776, "log10_subsample": -0.19402060895043338, "max_depth": 7.0, "num_boost_round": 23.0}, "datetime": {"datetime": "2024-01-19 01:06:47", "elapsed": 3339.07253, "delta": 0.003569}}
{"target": -13.780471903778006, "params": {"gamma": 555.2727388818874, "log10_alpha": 0.8206022580393926, "log10_colsample_bytree": -0.446237596065859, "log10_eta": -0.7427962215279713, "log10_lambda": 0.6677838431184684, "log10_min_child_weight": 4.795589735403776, "log10_subsample": -0.19402060895043338, "max_depth": 7.0, "num_boost_round": 24.0}, "datetime": {"datetime": "2024-01-19 01:06:47", "elapsed": 3339.076075, "delta": 0.003545}}
{"target": -13.780403018164906, "params": {"gamma": 555.2727388818874, "log10_alpha": 0.8206022580393926, "log10_colsample_bytree": -0.446237596065859, "log10_eta": -0.7427962215279713, "log10_lambda": 0.6677838431184684, "log10_min_child_weight": 4.795589735403776, "log10_subsample": -0.19402060895043338, "max_depth": 7.0, "num_boost_round": 25.0}, "datetime": {"datetime": "2024-01-19 01:06:47", "elapsed": 3339.079585, "delta": 0.00351}}
{"target": -13.78171081244643, "params": {"gamma": 555.2727388818874, "log10_alpha": 0.8206022580393926, "log10_colsample_bytree": -0.446237596065859, "log10_eta": -0.7427962215279713, "log10_lambda": 0.6677838431184684, "log10_min_child_weight": 4.795589735403776, "log10_subsample": -0.19402060895043338, "max_depth": 7.0, "num_boost_round": 26.0}, "datetime": {"datetime": "2024-01-19 01:06:47", "elapsed": 3339.083254, "delta": 0.003669}}
{"target": -13.781028815533507, "params": {"gamma": 555.2727388818874, "log10_alpha": 0.8206022580393926, "log10_colsample_bytree": -0.446237596065859, "log10_eta": -0.7427962215279713, "log10_lambda": 0.6677838431184684, "log10_min_child_weight": 4.795589735403776, "log10_subsample": -0.19402060895043338, "max_depth": 7.0, "num_boost_round": 27.0}, "datetime": {"datetime": "2024-01-19 01:06:47", "elapsed": 3339.087103, "delta": 0.003849}}
{"target": -13.781915412830429, "params": {"gamma": 555.2727388818874, "log10_alpha": 0.8206022580393926, "log10_colsample_bytree": -0.446237596065859, "log10_eta": -0.7427962215279713, "log10_lambda": 0.6677838431184684, "log10_min_child_weight": 4.795589735403776, "log10_subsample": -0.19402060895043338, "max_depth": 7.0, "num_boost_round": 28.0}, "datetime": {"datetime": "2024-01-19 01:06:47", "elapsed": 3339.090828, "delta": 0.003725}}
{"target": -13.782471878198349, "params": {"gamma": 555.2727388818874, "log10_alpha": 0.8206022580393926, "log10_colsample_bytree": -0.446237596065859, "log10_eta": -0.7427962215279713, "log10_lambda": 0.6677838431184684, "log10_min_child_weight": 4.795589735403776, "log10_subsample": -0.19402060895043338, "max_depth": 7.0, "num_boost_round": 29.0}, "datetime": {"datetime": "2024-01-19 01:06:47", "elapsed": 3339.094392, "delta": 0.003564}}
{"target": -13.783060726859569, "params": {"gamma": 555.2727388818874, "log10_alpha": 0.8206022580393926, "log10_colsample_bytree": -0.446237596065859, "log10_eta": -0.7427962215279713, "log10_lambda": 0.6677838431184684, "log10_min_child_weight": 4.795589735403776, "log10_subsample": -0.19402060895043338, "max_depth": 7.0, "num_boost_round": 30.0}, "datetime": {"datetime": "2024-01-19 01:06:47", "elapsed": 3339.098013, "delta": 0.003621}}
{"target": -13.784355874605758, "params": {"gamma": 555.2727388818874, "log10_alpha": 0.8206022580393926, "log10_colsample_bytree": -0.446237596065859, "log10_eta": -0.7427962215279713, "log10_lambda": 0.6677838431184684, "log10_min_child_weight": 4.795589735403776, "log10_subsample": -0.19402060895043338, "max_depth": 7.0, "num_boost_round": 31.0}, "datetime": {"datetime": "2024-01-19 01:06:47", "elapsed": 3339.101586, "delta": 0.003573}}
{"target": -13.784763697042072, "params": {"gamma": 555.2727388818874, "log10_alpha": 0.8206022580393926, "log10_colsample_bytree": -0.446237596065859, "log10_eta": -0.7427962215279713, "log10_lambda": 0.6677838431184684, "log10_min_child_weight": 4.795589735403776, "log10_subsample": -0.19402060895043338, "max_depth": 7.0, "num_boost_round": 32.0}, "datetime": {"datetime": "2024-01-19 01:06:47", "elapsed": 3339.105176, "delta": 0.00359}}
{"target": -13.785309032431977, "params": {"gamma": 555.2727388818874, "log10_alpha": 0.8206022580393926, "log10_colsample_bytree": -0.446237596065859, "log10_eta": -0.7427962215279713, "log10_lambda": 0.6677838431184684, "log10_min_child_weight": 4.795589735403776, "log10_subsample": -0.19402060895043338, "max_depth": 7.0, "num_boost_round": 33.0}, "datetime": {"datetime": "2024-01-19 01:06:47", "elapsed": 3339.108847, "delta": 0.003671}}
{"target": -13.787203765550982, "params": {"gamma": 555.2727388818874, "log10_alpha": 0.8206022580393926, "log10_colsample_bytree": -0.446237596065859, "log10_eta": -0.7427962215279713, "log10_lambda": 0.6677838431184684, "log10_min_child_weight": 4.795589735403776, "log10_subsample": -0.19402060895043338, "max_depth": 7.0, "num_boost_round": 34.0}, "datetime": {"datetime": "2024-01-19 01:06:47", "elapsed": 3339.112557, "delta": 0.00371}}
{"target": -13.788753373875112, "params": {"gamma": 555.2727388818874, "log10_alpha": 0.8206022580393926, "log10_colsample_bytree": -0.446237596065859, "log10_eta": -0.7427962215279713, "log10_lambda": 0.6677838431184684, "log10_min_child_weight": 4.795589735403776, "log10_subsample": -0.19402060895043338, "max_depth": 7.0, "num_boost_round": 35.0}, "datetime": {"datetime": "2024-01-19 01:06:47", "elapsed": 3339.116249, "delta": 0.003692}}
{"target": -13.788830084462486, "params": {"gamma": 555.2727388818874, "log10_alpha": 0.8206022580393926, "log10_colsample_bytree": -0.446237596065859, "log10_eta": -0.7427962215279713, "log10_lambda": 0.6677838431184684, "log10_min_child_weight": 4.795589735403776, "log10_subsample": -0.19402060895043338, "max_depth": 7.0, "num_boost_round": 36.0}, "datetime": {"datetime": "2024-01-19 01:06:47", "elapsed": 3339.11986, "delta": 0.003611}}
{"target": -13.78897051007908, "params": {"gamma": 555.2727388818874, "log10_alpha": 0.8206022580393926, "log10_colsample_bytree": -0.446237596065859, "log10_eta": -0.7427962215279713, "log10_lambda": 0.6677838431184684, "log10_min_child_weight": 4.795589735403776, "log10_subsample": -0.19402060895043338, "max_depth": 7.0, "num_boost_round": 37.0}, "datetime": {"datetime": "2024-01-19 01:06:47", "elapsed": 3339.123508, "delta": 0.003648}}
{"target": -13.788172370328109, "params": {"gamma": 555.2727388818874, "log10_alpha": 0.8206022580393926, "log10_colsample_bytree": -0.446237596065859, "log10_eta": -0.7427962215279713, "log10_lambda": 0.6677838431184684, "log10_min_child_weight": 4.795589735403776, "log10_subsample": -0.19402060895043338, "max_depth": 7.0, "num_boost_round": 38.0}, "datetime": {"datetime": "2024-01-19 01:06:47", "elapsed": 3339.12716, "delta": 0.003652}}
{"target": -13.789368481990607, "params": {"gamma": 555.2727388818874, "log10_alpha": 0.8206022580393926, "log10_colsample_bytree": -0.446237596065859, "log10_eta": -0.7427962215279713, "log10_lambda": 0.6677838431184684, "log10_min_child_weight": 4.795589735403776, "log10_subsample": -0.19402060895043338, "max_depth": 7.0, "num_boost_round": 39.0}, "datetime": {"datetime": "2024-01-19 01:06:47", "elapsed": 3339.130766, "delta": 0.003606}}
{"target": -13.758504828649011, "params": {"gamma": 577.08877290488, "log10_alpha": -3.7322731544385106, "log10_colsample_bytree": -0.9681558969893039, "log10_eta": -3.173793930095094, "log10_lambda": -1.8824148221180383, "log10_min_child_weight": 1.1764858498010127, "log10_subsample": -0.09221782981799065, "max_depth": 7.0, "num_boost_round": 0.0}, "datetime": {"datetime": "2024-01-19 01:07:27", "elapsed": 3379.693416, "delta": 40.56265}}
{"target": -13.7585020125837, "params": {"gamma": 577.08877290488, "log10_alpha": -3.7322731544385106, "log10_colsample_bytree": -0.9681558969893039, "log10_eta": -3.173793930095094, "log10_lambda": -1.8824148221180383, "log10_min_child_weight": 1.1764858498010127, "log10_subsample": -0.09221782981799065, "max_depth": 7.0, "num_boost_round": 1.0}, "datetime": {"datetime": "2024-01-19 01:07:27", "elapsed": 3379.698159, "delta": 0.004743}}
{"target": -13.75849252286188, "params": {"gamma": 577.08877290488, "log10_alpha": -3.7322731544385106, "log10_colsample_bytree": -0.9681558969893039, "log10_eta": -3.173793930095094, "log10_lambda": -1.8824148221180383, "log10_min_child_weight": 1.1764858498010127, "log10_subsample": -0.09221782981799065, "max_depth": 7.0, "num_boost_round": 2.0}, "datetime": {"datetime": "2024-01-19 01:07:27", "elapsed": 3379.701895, "delta": 0.003736}}
{"target": -13.758477327776951, "params": {"gamma": 577.08877290488, "log10_alpha": -3.7322731544385106, "log10_colsample_bytree": -0.9681558969893039, "log10_eta": -3.173793930095094, "log10_lambda": -1.8824148221180383, "log10_min_child_weight": 1.1764858498010127, "log10_subsample": -0.09221782981799065, "max_depth": 7.0, "num_boost_round": 3.0}, "datetime": {"datetime": "2024-01-19 01:07:27", "elapsed": 3379.705619, "delta": 0.003724}}
{"target": -13.758448375862583, "params": {"gamma": 577.08877290488, "log10_alpha": -3.7322731544385106, "log10_colsample_bytree": -0.9681558969893039, "log10_eta": -3.173793930095094, "log10_lambda": -1.8824148221180383, "log10_min_child_weight": 1.1764858498010127, "log10_subsample": -0.09221782981799065, "max_depth": 7.0, "num_boost_round": 4.0}, "datetime": {"datetime": "2024-01-19 01:07:27", "elapsed": 3379.709333, "delta": 0.003714}}
{"target": -13.758458541736198, "params": {"gamma": 577.08877290488, "log10_alpha": -3.7322731544385106, "log10_colsample_bytree": -0.9681558969893039, "log10_eta": -3.173793930095094, "log10_lambda": -1.8824148221180383, "log10_min_child_weight": 1.1764858498010127, "log10_subsample": -0.09221782981799065, "max_depth": 7.0, "num_boost_round": 5.0}, "datetime": {"datetime": "2024-01-19 01:07:27", "elapsed": 3379.712936, "delta": 0.003603}}
{"target": -13.758465329293307, "params": {"gamma": 577.08877290488, "log10_alpha": -3.7322731544385106, "log10_colsample_bytree": -0.9681558969893039, "log10_eta": -3.173793930095094, "log10_lambda": -1.8824148221180383, "log10_min_child_weight": 1.1764858498010127, "log10_subsample": -0.09221782981799065, "max_depth": 7.0, "num_boost_round": 6.0}, "datetime": {"datetime": "2024-01-19 01:07:27", "elapsed": 3379.716518, "delta": 0.003582}}
{"target": -13.75845240516211, "params": {"gamma": 577.08877290488, "log10_alpha": -3.7322731544385106, "log10_colsample_bytree": -0.9681558969893039, "log10_eta": -3.173793930095094, "log10_lambda": -1.8824148221180383, "log10_min_child_weight": 1.1764858498010127, "log10_subsample": -0.09221782981799065, "max_depth": 7.0, "num_boost_round": 7.0}, "datetime": {"datetime": "2024-01-19 01:07:27", "elapsed": 3379.720114, "delta": 0.003596}}
{"target": -13.758445251699666, "params": {"gamma": 577.08877290488, "log10_alpha": -3.7322731544385106, "log10_colsample_bytree": -0.9681558969893039, "log10_eta": -3.173793930095094, "log10_lambda": -1.8824148221180383, "log10_min_child_weight": 1.1764858498010127, "log10_subsample": -0.09221782981799065, "max_depth": 7.0, "num_boost_round": 8.0}, "datetime": {"datetime": "2024-01-19 01:07:27", "elapsed": 3379.723815, "delta": 0.003701}}
{"target": -13.758438273887343, "params": {"gamma": 577.08877290488, "log10_alpha": -3.7322731544385106, "log10_colsample_bytree": -0.9681558969893039, "log10_eta": -3.173793930095094, "log10_lambda": -1.8824148221180383, "log10_min_child_weight": 1.1764858498010127, "log10_subsample": -0.09221782981799065, "max_depth": 7.0, "num_boost_round": 9.0}, "datetime": {"datetime": "2024-01-19 01:07:27", "elapsed": 3379.727544, "delta": 0.003729}}
{"target": -13.758434922044449, "params": {"gamma": 577.08877290488, "log10_alpha": -3.7322731544385106, "log10_colsample_bytree": -0.9681558969893039, "log10_eta": -3.173793930095094, "log10_lambda": -1.8824148221180383, "log10_min_child_weight": 1.1764858498010127, "log10_subsample": -0.09221782981799065, "max_depth": 7.0, "num_boost_round": 10.0}, "datetime": {"datetime": "2024-01-19 01:07:27", "elapsed": 3379.731234, "delta": 0.00369}}
{"target": -13.758436065264489, "params": {"gamma": 577.08877290488, "log10_alpha": -3.7322731544385106, "log10_colsample_bytree": -0.9681558969893039, "log10_eta": -3.173793930095094, "log10_lambda": -1.8824148221180383, "log10_min_child_weight": 1.1764858498010127, "log10_subsample": -0.09221782981799065, "max_depth": 7.0, "num_boost_round": 11.0}, "datetime": {"datetime": "2024-01-19 01:07:27", "elapsed": 3379.734859, "delta": 0.003625}}
{"target": -13.758409768487669, "params": {"gamma": 577.08877290488, "log10_alpha": -3.7322731544385106, "log10_colsample_bytree": -0.9681558969893039, "log10_eta": -3.173793930095094, "log10_lambda": -1.8824148221180383, "log10_min_child_weight": 1.1764858498010127, "log10_subsample": -0.09221782981799065, "max_depth": 7.0, "num_boost_round": 12.0}, "datetime": {"datetime": "2024-01-19 01:07:27", "elapsed": 3379.738478, "delta": 0.003619}}
{"target": -13.758383701023499, "params": {"gamma": 577.08877290488, "log10_alpha": -3.7322731544385106, "log10_colsample_bytree": -0.9681558969893039, "log10_eta": -3.173793930095094, "log10_lambda": -1.8824148221180383, "log10_min_child_weight": 1.1764858498010127, "log10_subsample": -0.09221782981799065, "max_depth": 7.0, "num_boost_round": 13.0}, "datetime": {"datetime": "2024-01-19 01:07:27", "elapsed": 3379.742176, "delta": 0.003698}}
{"target": -13.758363485680935, "params": {"gamma": 577.08877290488, "log10_alpha": -3.7322731544385106, "log10_colsample_bytree": -0.9681558969893039, "log10_eta": -3.173793930095094, "log10_lambda": -1.8824148221180383, "log10_min_child_weight": 1.1764858498010127, "log10_subsample": -0.09221782981799065, "max_depth": 7.0, "num_boost_round": 14.0}, "datetime": {"datetime": "2024-01-19 01:07:27", "elapsed": 3379.74594, "delta": 0.003764}}
{"target": -13.758532855231069, "params": {"gamma": 536.5617903401486, "log10_alpha": 0.7476623726809208, "log10_colsample_bytree": -0.5086506680882077, "log10_eta": -3.3294141202438428, "log10_lambda": 0.4225319854328724, "log10_min_child_weight": 2.007337495298285, "log10_subsample": -0.10150842609524435, "max_depth": 2.0, "num_boost_round": 0.0}, "datetime": {"datetime": "2024-01-19 01:08:14", "elapsed": 3426.505474, "delta": 46.759534}}
{"target": -13.758526474666086, "params": {"gamma": 536.5617903401486, "log10_alpha": 0.7476623726809208, "log10_colsample_bytree": -0.5086506680882077, "log10_eta": -3.3294141202438428, "log10_lambda": 0.4225319854328724, "log10_min_child_weight": 2.007337495298285, "log10_subsample": -0.10150842609524435, "max_depth": 2.0, "num_boost_round": 1.0}, "datetime": {"datetime": "2024-01-19 01:08:14", "elapsed": 3426.509952, "delta": 0.004478}}
{"target": -13.7585260139621, "params": {"gamma": 536.5617903401486, "log10_alpha": 0.7476623726809208, "log10_colsample_bytree": -0.5086506680882077, "log10_eta": -3.3294141202438428, "log10_lambda": 0.4225319854328724, "log10_min_child_weight": 2.007337495298285, "log10_subsample": -0.10150842609524435, "max_depth": 2.0, "num_boost_round": 2.0}, "datetime": {"datetime": "2024-01-19 01:08:14", "elapsed": 3426.513982, "delta": 0.00403}}
{"target": -13.75852267373045, "params": {"gamma": 536.5617903401486, "log10_alpha": 0.7476623726809208, "log10_colsample_bytree": -0.5086506680882077, "log10_eta": -3.3294141202438428, "log10_lambda": 0.4225319854328724, "log10_min_child_weight": 2.007337495298285, "log10_subsample": -0.10150842609524435, "max_depth": 2.0, "num_boost_round": 3.0}, "datetime": {"datetime": "2024-01-19 01:08:14", "elapsed": 3426.517642, "delta": 0.00366}}
{"target": -13.758520248822723, "params": {"gamma": 536.5617903401486, "log10_alpha": 0.7476623726809208, "log10_colsample_bytree": -0.5086506680882077, "log10_eta": -3.3294141202438428, "log10_lambda": 0.4225319854328724, "log10_min_child_weight": 2.007337495298285, "log10_subsample": -0.10150842609524435, "max_depth": 2.0, "num_boost_round": 4.0}, "datetime": {"datetime": "2024-01-19 01:08:14", "elapsed": 3426.521426, "delta": 0.003784}}
{"target": -13.75851850047282, "params": {"gamma": 536.5617903401486, "log10_alpha": 0.7476623726809208, "log10_colsample_bytree": -0.5086506680882077, "log10_eta": -3.3294141202438428, "log10_lambda": 0.4225319854328724, "log10_min_child_weight": 2.007337495298285, "log10_subsample": -0.10150842609524435, "max_depth": 2.0, "num_boost_round": 5.0}, "datetime": {"datetime": "2024-01-19 01:08:14", "elapsed": 3426.525155, "delta": 0.003729}}
{"target": -13.75851675959543, "params": {"gamma": 536.5617903401486, "log10_alpha": 0.7476623726809208, "log10_colsample_bytree": -0.5086506680882077, "log10_eta": -3.3294141202438428, "log10_lambda": 0.4225319854328724, "log10_min_child_weight": 2.007337495298285, "log10_subsample": -0.10150842609524435, "max_depth": 2.0, "num_boost_round": 6.0}, "datetime": {"datetime": "2024-01-19 01:08:14", "elapsed": 3426.528887, "delta": 0.003732}}
{"target": -13.75851410537811, "params": {"gamma": 536.5617903401486, "log10_alpha": 0.7476623726809208, "log10_colsample_bytree": -0.5086506680882077, "log10_eta": -3.3294141202438428, "log10_lambda": 0.4225319854328724, "log10_min_child_weight": 2.007337495298285, "log10_subsample": -0.10150842609524435, "max_depth": 2.0, "num_boost_round": 7.0}, "datetime": {"datetime": "2024-01-19 01:08:14", "elapsed": 3426.532504, "delta": 0.003617}}
{"target": -13.758507624675966, "params": {"gamma": 536.5617903401486, "log10_alpha": 0.7476623726809208, "log10_colsample_bytree": -0.5086506680882077, "log10_eta": -3.3294141202438428, "log10_lambda": 0.4225319854328724, "log10_min_child_weight": 2.007337495298285, "log10_subsample": -0.10150842609524435, "max_depth": 2.0, "num_boost_round": 8.0}, "datetime": {"datetime": "2024-01-19 01:08:14", "elapsed": 3426.536194, "delta": 0.00369}}
{"target": -13.758502272119355, "params": {"gamma": 536.5617903401486, "log10_alpha": 0.7476623726809208, "log10_colsample_bytree": -0.5086506680882077, "log10_eta": -3.3294141202438428, "log10_lambda": 0.4225319854328724, "log10_min_child_weight": 2.007337495298285, "log10_subsample": -0.10150842609524435, "max_depth": 2.0, "num_boost_round": 9.0}, "datetime": {"datetime": "2024-01-19 01:08:14", "elapsed": 3426.539826, "delta": 0.003632}}
{"target": -13.758498193615603, "params": {"gamma": 536.5617903401486, "log10_alpha": 0.7476623726809208, "log10_colsample_bytree": -0.5086506680882077, "log10_eta": -3.3294141202438428, "log10_lambda": 0.4225319854328724, "log10_min_child_weight": 2.007337495298285, "log10_subsample": -0.10150842609524435, "max_depth": 2.0, "num_boost_round": 10.0}, "datetime": {"datetime": "2024-01-19 01:08:14", "elapsed": 3426.543609, "delta": 0.003783}}
{"target": -13.758491813803678, "params": {"gamma": 536.5617903401486, "log10_alpha": 0.7476623726809208, "log10_colsample_bytree": -0.5086506680882077, "log10_eta": -3.3294141202438428, "log10_lambda": 0.4225319854328724, "log10_min_child_weight": 2.007337495298285, "log10_subsample": -0.10150842609524435, "max_depth": 2.0, "num_boost_round": 11.0}, "datetime": {"datetime": "2024-01-19 01:08:14", "elapsed": 3426.547409, "delta": 0.0038}}
{"target": -13.758487340359643, "params": {"gamma": 536.5617903401486, "log10_alpha": 0.7476623726809208, "log10_colsample_bytree": -0.5086506680882077, "log10_eta": -3.3294141202438428, "log10_lambda": 0.4225319854328724, "log10_min_child_weight": 2.007337495298285, "log10_subsample": -0.10150842609524435, "max_depth": 2.0, "num_boost_round": 12.0}, "datetime": {"datetime": "2024-01-19 01:08:14", "elapsed": 3426.551189, "delta": 0.00378}}
{"target": -13.758482820067673, "params": {"gamma": 536.5617903401486, "log10_alpha": 0.7476623726809208, "log10_colsample_bytree": -0.5086506680882077, "log10_eta": -3.3294141202438428, "log10_lambda": 0.4225319854328724, "log10_min_child_weight": 2.007337495298285, "log10_subsample": -0.10150842609524435, "max_depth": 2.0, "num_boost_round": 13.0}, "datetime": {"datetime": "2024-01-19 01:08:14", "elapsed": 3426.555114, "delta": 0.003925}}
{"target": -13.758481501533844, "params": {"gamma": 536.5617903401486, "log10_alpha": 0.7476623726809208, "log10_colsample_bytree": -0.5086506680882077, "log10_eta": -3.3294141202438428, "log10_lambda": 0.4225319854328724, "log10_min_child_weight": 2.007337495298285, "log10_subsample": -0.10150842609524435, "max_depth": 2.0, "num_boost_round": 14.0}, "datetime": {"datetime": "2024-01-19 01:08:14", "elapsed": 3426.678258, "delta": 0.123144}}
{"target": -13.758473716743216, "params": {"gamma": 536.5617903401486, "log10_alpha": 0.7476623726809208, "log10_colsample_bytree": -0.5086506680882077, "log10_eta": -3.3294141202438428, "log10_lambda": 0.4225319854328724, "log10_min_child_weight": 2.007337495298285, "log10_subsample": -0.10150842609524435, "max_depth": 2.0, "num_boost_round": 15.0}, "datetime": {"datetime": "2024-01-19 01:08:14", "elapsed": 3426.682694, "delta": 0.004436}}
