{"target": -13.757736777042327, "params": {"gamma": 429.99403762668555, "log10_alpha": -4.080747179672129, "log10_colsample_bytree": -0.6216085074973418, "log10_eta": -2.0366416706634753, "log10_lambda": -2.0597397973364657, "log10_min_child_weight": 4.537902185883478, "log10_subsample": -0.5619466339446723, "max_depth": 5.0, "num_boost_round": 31.0}, "datetime": {"datetime": "2024-01-19 01:58:49", "elapsed": 6432.834058, "delta": 0.006125}}
{"target": -13.757750423979706, "params": {"gamma": 429.99403762668555, "log10_alpha": -4.080747179672129, "log10_colsample_bytree": -0.6216085074973418, "log10_eta": -2.0366416706634753, "log10_lambda": -2.0597397973364657, "log10_min_child_weight": 4.537902185883478, "log10_subsample": -0.5619466339446723, "max_depth": 5.0, "num_boost_round": 32.0}, "datetime": {"datetime": "2024-01-19 01:58:49", "elapsed": 6432.840228, "delta": 0.00617}}
{"target": -13.757759123058648, "params": {"gamma": 429.99403762668555, "log10_alpha": -4.080747179672129, "log10_colsample_bytree": -0.6216085074973418, "log10_eta": -2.0366416706634753, "log10_lambda": -2.0597397973364657, "log10_min_child_weight": 4.537902185883478, "log10_subsample": -0.5619466339446723, "max_depth": 5.0, "num_boost_round": 33.0}, "datetime": {"datetime": "2024-01-19 01:58:49", "elapsed": 6432.846388, "delta": 0.00616}}
{"target": -13.757734142722411, "params": {"gamma": 429.99403762668555, "log10_alpha": -4.080747179672129, "log10_colsample_bytree": -0.6216085074973418, "log10_eta": -2.0366416706634753, "log10_lambda": -2.0597397973364657, "log10_min_child_weight": 4.537902185883478, "log10_subsample": -0.5619466339446723, "max_depth": 5.0, "num_boost_round": 34.0}, "datetime": {"datetime": "2024-01-19 01:58:49", "elapsed": 6432.85259, "delta": 0.006202}}
{"target": -13.757717510539456, "params": {"gamma": 429.99403762668555, "log10_alpha": -4.080747179672129, "log10_colsample_bytree": -0.6216085074973418, "log10_eta": -2.0366416706634753, "log10_lambda": -2.0597397973364657, "log10_min_child_weight": 4.537902185883478, "log10_subsample": -0.5619466339446723, "max_depth": 5.0, "num_boost_round": 35.0}, "datetime": {"datetime": "2024-01-19 01:58:49", "elapsed": 6432.858737, "delta": 0.006147}}
{"target": -13.757703947075422, "params": {"gamma": 429.99403762668555, "log10_alpha": -4.080747179672129, "log10_colsample_bytree": -0.6216085074973418, "log10_eta": -2.0366416706634753, "log10_lambda": -2.0597397973364657, "log10_min_child_weight": 4.537902185883478, "log10_subsample": -0.5619466339446723, "max_depth": 5.0, "num_boost_round": 36.0}, "datetime": {"datetime": "2024-01-19 01:58:49", "elapsed": 6432.865399, "delta": 0.006662}}
{"target": -13.757743133374102, "params": {"gamma": 429.99403762668555, "log10_alpha": -4.080747179672129, "log10_colsample_bytree": -0.6216085074973418, "log10_eta": -2.0366416706634753, "log10_lambda": -2.0597397973364657, "log10_min_child_weight": 4.537902185883478, "log10_subsample": -0.5619466339446723, "max_depth": 5.0, "num_boost_round": 37.0}, "datetime": {"datetime": "2024-01-19 01:58:49", "elapsed": 6432.871554, "delta": 0.006155}}
{"target": -13.757666068770432, "params": {"gamma": 429.99403762668555, "log10_alpha": -4.080747179672129, "log10_colsample_bytree": -0.6216085074973418, "log10_eta": -2.0366416706634753, "log10_lambda": -2.0597397973364657, "log10_min_child_weight": 4.537902185883478, "log10_subsample": -0.5619466339446723, "max_depth": 5.0, "num_boost_round": 38.0}, "datetime": {"datetime": "2024-01-19 01:58:49", "elapsed": 6432.877607, "delta": 0.006053}}
{"target": -13.757599789862171, "params": {"gamma": 429.99403762668555, "log10_alpha": -4.080747179672129, "log10_colsample_bytree": -0.6216085074973418, "log10_eta": -2.0366416706634753, "log10_lambda": -2.0597397973364657, "log10_min_child_weight": 4.537902185883478, "log10_subsample": -0.5619466339446723, "max_depth": 5.0, "num_boost_round": 39.0}, "datetime": {"datetime": "2024-01-19 01:58:49", "elapsed": 6432.88364, "delta": 0.006033}}
{"target": -13.757616709343166, "params": {"gamma": 429.99403762668555, "log10_alpha": -4.080747179672129, "log10_colsample_bytree": -0.6216085074973418, "log10_eta": -2.0366416706634753, "log10_lambda": -2.0597397973364657, "log10_min_child_weight": 4.537902185883478, "log10_subsample": -0.5619466339446723, "max_depth": 5.0, "num_boost_round": 40.0}, "datetime": {"datetime": "2024-01-19 01:58:49", "elapsed": 6432.890033, "delta": 0.006393}}
{"target": -13.757581257549091, "params": {"gamma": 429.99403762668555, "log10_alpha": -4.080747179672129, "log10_colsample_bytree": -0.6216085074973418, "log10_eta": -2.0366416706634753, "log10_lambda": -2.0597397973364657, "log10_min_child_weight": 4.537902185883478, "log10_subsample": -0.5619466339446723, "max_depth": 5.0, "num_boost_round": 41.0}, "datetime": {"datetime": "2024-01-19 01:58:49", "elapsed": 6432.896372, "delta": 0.006339}}
{"target": -13.757645594726347, "params": {"gamma": 429.99403762668555, "log10_alpha": -4.080747179672129, "log10_colsample_bytree": -0.6216085074973418, "log10_eta": -2.0366416706634753, "log10_lambda": -2.0597397973364657, "log10_min_child_weight": 4.537902185883478, "log10_subsample": -0.5619466339446723, "max_depth": 5.0, "num_boost_round": 42.0}, "datetime": {"datetime": "2024-01-19 01:58:49", "elapsed": 6432.902508, "delta": 0.006136}}
{"target": -13.757609378318174, "params": {"gamma": 429.99403762668555, "log10_alpha": -4.080747179672129, "log10_colsample_bytree": -0.6216085074973418, "log10_eta": -2.0366416706634753, "log10_lambda": -2.0597397973364657, "log10_min_child_weight": 4.537902185883478, "log10_subsample": -0.5619466339446723, "max_depth": 5.0, "num_boost_round": 43.0}, "datetime": {"datetime": "2024-01-19 01:58:49", "elapsed": 6432.908707, "delta": 0.006199}}
{"target": -13.757577632411714, "params": {"gamma": 429.99403762668555, "log10_alpha": -4.080747179672129, "log10_colsample_bytree": -0.6216085074973418, "log10_eta": -2.0366416706634753, "log10_lambda": -2.0597397973364657, "log10_min_child_weight": 4.537902185883478, "log10_subsample": -0.5619466339446723, "max_depth": 5.0, "num_boost_round": 44.0}, "datetime": {"datetime": "2024-01-19 01:58:49", "elapsed": 6432.914763, "delta": 0.006056}}
{"target": -13.757576144396403, "params": {"gamma": 429.99403762668555, "log10_alpha": -4.080747179672129, "log10_colsample_bytree": -0.6216085074973418, "log10_eta": -2.0366416706634753, "log10_lambda": -2.0597397973364657, "log10_min_child_weight": 4.537902185883478, "log10_subsample": -0.5619466339446723, "max_depth": 5.0, "num_boost_round": 45.0}, "datetime": {"datetime": "2024-01-19 01:58:49", "elapsed": 6432.920859, "delta": 0.006096}}
{"target": -13.757553886657654, "params": {"gamma": 429.99403762668555, "log10_alpha": -4.080747179672129, "log10_colsample_bytree": -0.6216085074973418, "log10_eta": -2.0366416706634753, "log10_lambda": -2.0597397973364657, "log10_min_child_weight": 4.537902185883478, "log10_subsample": -0.5619466339446723, "max_depth": 5.0, "num_boost_round": 46.0}, "datetime": {"datetime": "2024-01-19 01:58:49", "elapsed": 6432.927046, "delta": 0.006187}}
{"target": -13.75757837867745, "params": {"gamma": 429.99403762668555, "log10_alpha": -4.080747179672129, "log10_colsample_bytree": -0.6216085074973418, "log10_eta": -2.0366416706634753, "log10_lambda": -2.0597397973364657, "log10_min_child_weight": 4.537902185883478, "log10_subsample": -0.5619466339446723, "max_depth": 5.0, "num_boost_round": 47.0}, "datetime": {"datetime": "2024-01-19 01:58:49", "elapsed": 6432.933141, "delta": 0.006095}}
{"target": -13.757593969499222, "params": {"gamma": 429.99403762668555, "log10_alpha": -4.080747179672129, "log10_colsample_bytree": -0.6216085074973418, "log10_eta": -2.0366416706634753, "log10_lambda": -2.0597397973364657, "log10_min_child_weight": 4.537902185883478, "log10_subsample": -0.5619466339446723, "max_depth": 5.0, "num_boost_round": 48.0}, "datetime": {"datetime": "2024-01-19 01:58:49", "elapsed": 6432.939302, "delta": 0.006161}}
{"target": -13.757636821851767, "params": {"gamma": 429.99403762668555, "log10_alpha": -4.080747179672129, "log10_colsample_bytree": -0.6216085074973418, "log10_eta": -2.0366416706634753, "log10_lambda": -2.0597397973364657, "log10_min_child_weight": 4.537902185883478, "log10_subsample": -0.5619466339446723, "max_depth": 5.0, "num_boost_round": 49.0}, "datetime": {"datetime": "2024-01-19 01:58:49", "elapsed": 6432.945388, "delta": 0.006086}}
{"target": -13.757678951010005, "params": {"gamma": 429.99403762668555, "log10_alpha": -4.080747179672129, "log10_colsample_bytree": -0.6216085074973418, "log10_eta": -2.0366416706634753, "log10_lambda": -2.0597397973364657, "log10_min_child_weight": 4.537902185883478, "log10_subsample": -0.5619466339446723, "max_depth": 5.0, "num_boost_round": 50.0}, "datetime": {"datetime": "2024-01-19 01:58:49", "elapsed": 6432.951704, "delta": 0.006316}}
{"target": -13.757738800662413, "params": {"gamma": 429.99403762668555, "log10_alpha": -4.080747179672129, "log10_colsample_bytree": -0.6216085074973418, "log10_eta": -2.0366416706634753, "log10_lambda": -2.0597397973364657, "log10_min_child_weight": 4.537902185883478, "log10_subsample": -0.5619466339446723, "max_depth": 5.0, "num_boost_round": 51.0}, "datetime": {"datetime": "2024-01-19 01:58:49", "elapsed": 6432.957828, "delta": 0.006124}}
{"target": -13.757731018509906, "params": {"gamma": 429.99403762668555, "log10_alpha": -4.080747179672129, "log10_colsample_bytree": -0.6216085074973418, "log10_eta": -2.0366416706634753, "log10_lambda": -2.0597397973364657, "log10_min_child_weight": 4.537902185883478, "log10_subsample": -0.5619466339446723, "max_depth": 5.0, "num_boost_round": 52.0}, "datetime": {"datetime": "2024-01-19 01:58:49", "elapsed": 6432.963992, "delta": 0.006164}}
{"target": -13.757736057081116, "params": {"gamma": 429.99403762668555, "log10_alpha": -4.080747179672129, "log10_colsample_bytree": -0.6216085074973418, "log10_eta": -2.0366416706634753, "log10_lambda": -2.0597397973364657, "log10_min_child_weight": 4.537902185883478, "log10_subsample": -0.5619466339446723, "max_depth": 5.0, "num_boost_round": 53.0}, "datetime": {"datetime": "2024-01-19 01:58:49", "elapsed": 6432.970199, "delta": 0.006207}}
{"target": -13.757705298598724, "params": {"gamma": 429.99403762668555, "log10_alpha": -4.080747179672129, "log10_colsample_bytree": -0.6216085074973418, "log10_eta": -2.0366416706634753, "log10_lambda": -2.0597397973364657, "log10_min_child_weight": 4.537902185883478, "log10_subsample": -0.5619466339446723, "max_depth": 5.0, "num_boost_round": 54.0}, "datetime": {"datetime": "2024-01-19 01:58:49", "elapsed": 6432.976312, "delta": 0.006113}}
{"target": -13.75775388425428, "params": {"gamma": 429.99403762668555, "log10_alpha": -4.080747179672129, "log10_colsample_bytree": -0.6216085074973418, "log10_eta": -2.0366416706634753, "log10_lambda": -2.0597397973364657, "log10_min_child_weight": 4.537902185883478, "log10_subsample": -0.5619466339446723, "max_depth": 5.0, "num_boost_round": 55.0}, "datetime": {"datetime": "2024-01-19 01:58:49", "elapsed": 6432.982423, "delta": 0.006111}}
{"target": -13.757822620506916, "params": {"gamma": 429.99403762668555, "log10_alpha": -4.080747179672129, "log10_colsample_bytree": -0.6216085074973418, "log10_eta": -2.0366416706634753, "log10_lambda": -2.0597397973364657, "log10_min_child_weight": 4.537902185883478, "log10_subsample": -0.5619466339446723, "max_depth": 5.0, "num_boost_round": 56.0}, "datetime": {"datetime": "2024-01-19 01:58:49", "elapsed": 6432.988669, "delta": 0.006246}}
{"target": -13.75783837519988, "params": {"gamma": 429.99403762668555, "log10_alpha": -4.080747179672129, "log10_colsample_bytree": -0.6216085074973418, "log10_eta": -2.0366416706634753, "log10_lambda": -2.0597397973364657, "log10_min_child_weight": 4.537902185883478, "log10_subsample": -0.5619466339446723, "max_depth": 5.0, "num_boost_round": 57.0}, "datetime": {"datetime": "2024-01-19 01:58:49", "elapsed": 6432.994949, "delta": 0.00628}}
{"target": -13.757840658503198, "params": {"gamma": 429.99403762668555, "log10_alpha": -4.080747179672129, "log10_colsample_bytree": -0.6216085074973418, "log10_eta": -2.0366416706634753, "log10_lambda": -2.0597397973364657, "log10_min_child_weight": 4.537902185883478, "log10_subsample": -0.5619466339446723, "max_depth": 5.0, "num_boost_round": 58.0}, "datetime": {"datetime": "2024-01-19 01:58:49", "elapsed": 6433.001709, "delta": 0.00676}}
{"target": -13.757792184268702, "params": {"gamma": 429.99403762668555, "log10_alpha": -4.080747179672129, "log10_colsample_bytree": -0.6216085074973418, "log10_eta": -2.0366416706634753, "log10_lambda": -2.0597397973364657, "log10_min_child_weight": 4.537902185883478, "log10_subsample": -0.5619466339446723, "max_depth": 5.0, "num_boost_round": 59.0}, "datetime": {"datetime": "2024-01-19 01:58:49", "elapsed": 6433.007957, "delta": 0.006248}}
{"target": -13.757807534001076, "params": {"gamma": 429.99403762668555, "log10_alpha": -4.080747179672129, "log10_colsample_bytree": -0.6216085074973418, "log10_eta": -2.0366416706634753, "log10_lambda": -2.0597397973364657, "log10_min_child_weight": 4.537902185883478, "log10_subsample": -0.5619466339446723, "max_depth": 5.0, "num_boost_round": 60.0}, "datetime": {"datetime": "2024-01-19 01:58:49", "elapsed": 6433.014083, "delta": 0.006126}}
{"target": -13.757792060947839, "params": {"gamma": 429.99403762668555, "log10_alpha": -4.080747179672129, "log10_colsample_bytree": -0.6216085074973418, "log10_eta": -2.0366416706634753, "log10_lambda": -2.0597397973364657, "log10_min_child_weight": 4.537902185883478, "log10_subsample": -0.5619466339446723, "max_depth": 5.0, "num_boost_round": 61.0}, "datetime": {"datetime": "2024-01-19 01:58:49", "elapsed": 6433.020196, "delta": 0.006113}}
{"target": -13.757817987044675, "params": {"gamma": 429.99403762668555, "log10_alpha": -4.080747179672129, "log10_colsample_bytree": -0.6216085074973418, "log10_eta": -2.0366416706634753, "log10_lambda": -2.0597397973364657, "log10_min_child_weight": 4.537902185883478, "log10_subsample": -0.5619466339446723, "max_depth": 5.0, "num_boost_round": 62.0}, "datetime": {"datetime": "2024-01-19 01:58:49", "elapsed": 6433.026307, "delta": 0.006111}}
{"target": -13.757817785429623, "params": {"gamma": 429.99403762668555, "log10_alpha": -4.080747179672129, "log10_colsample_bytree": -0.6216085074973418, "log10_eta": -2.0366416706634753, "log10_lambda": -2.0597397973364657, "log10_min_child_weight": 4.537902185883478, "log10_subsample": -0.5619466339446723, "max_depth": 5.0, "num_boost_round": 63.0}, "datetime": {"datetime": "2024-01-19 01:58:49", "elapsed": 6433.032576, "delta": 0.006269}}
{"target": -13.757837159624657, "params": {"gamma": 429.99403762668555, "log10_alpha": -4.080747179672129, "log10_colsample_bytree": -0.6216085074973418, "log10_eta": -2.0366416706634753, "log10_lambda": -2.0597397973364657, "log10_min_child_weight": 4.537902185883478, "log10_subsample": -0.5619466339446723, "max_depth": 5.0, "num_boost_round": 64.0}, "datetime": {"datetime": "2024-01-19 01:58:49", "elapsed": 6433.03872, "delta": 0.006144}}
{"target": -13.757867221656763, "params": {"gamma": 429.99403762668555, "log10_alpha": -4.080747179672129, "log10_colsample_bytree": -0.6216085074973418, "log10_eta": -2.0366416706634753, "log10_lambda": -2.0597397973364657, "log10_min_child_weight": 4.537902185883478, "log10_subsample": -0.5619466339446723, "max_depth": 5.0, "num_boost_round": 65.0}, "datetime": {"datetime": "2024-01-19 01:58:49", "elapsed": 6433.044944, "delta": 0.006224}}
{"target": -13.757906092035226, "params": {"gamma": 429.99403762668555, "log10_alpha": -4.080747179672129, "log10_colsample_bytree": -0.6216085074973418, "log10_eta": -2.0366416706634753, "log10_lambda": -2.0597397973364657, "log10_min_child_weight": 4.537902185883478, "log10_subsample": -0.5619466339446723, "max_depth": 5.0, "num_boost_round": 66.0}, "datetime": {"datetime": "2024-01-19 01:58:49", "elapsed": 6433.051188, "delta": 0.006244}}
{"target": -13.75798065658419, "params": {"gamma": 429.99403762668555, "log10_alpha": -4.080747179672129, "log10_colsample_bytree": -0.6216085074973418, "log10_eta": -2.0366416706634753, "log10_lambda": -2.0597397973364657, "log10_min_child_weight": 4.537902185883478, "log10_subsample": -0.5619466339446723, "max_depth": 5.0, "num_boost_round": 67.0}, "datetime": {"datetime": "2024-01-19 01:58:49", "elapsed": 6433.057295, "delta": 0.006107}}
{"target": -13.757988298773379, "params": {"gamma": 429.99403762668555, "log10_alpha": -4.080747179672129, "log10_colsample_bytree": -0.6216085074973418, "log10_eta": -2.0366416706634753, "log10_lambda": -2.0597397973364657, "log10_min_child_weight": 4.537902185883478, "log10_subsample": -0.5619466339446723, "max_depth": 5.0, "num_boost_round": 68.0}, "datetime": {"datetime": "2024-01-19 01:58:49", "elapsed": 6433.063449, "delta": 0.006154}}
{"target": -13.758033928438897, "params": {"gamma": 429.99403762668555, "log10_alpha": -4.080747179672129, "log10_colsample_bytree": -0.6216085074973418, "log10_eta": -2.0366416706634753, "log10_lambda": -2.0597397973364657, "log10_min_child_weight": 4.537902185883478, "log10_subsample": -0.5619466339446723, "max_depth": 5.0, "num_boost_round": 69.0}, "datetime": {"datetime": "2024-01-19 01:58:49", "elapsed": 6433.069654, "delta": 0.006205}}
{"target": -13.758046632736216, "params": {"gamma": 429.99403762668555, "log10_alpha": -4.080747179672129, "log10_colsample_bytree": -0.6216085074973418, "log10_eta": -2.0366416706634753, "log10_lambda": -2.0597397973364657, "log10_min_child_weight": 4.537902185883478, "log10_subsample": -0.5619466339446723, "max_depth": 5.0, "num_boost_round": 70.0}, "datetime": {"datetime": "2024-01-19 01:58:49", "elapsed": 6433.076831, "delta": 0.007177}}
{"target": -13.758102870879169, "params": {"gamma": 429.99403762668555, "log10_alpha": -4.080747179672129, "log10_colsample_bytree": -0.6216085074973418, "log10_eta": -2.0366416706634753, "log10_lambda": -2.0597397973364657, "log10_min_child_weight": 4.537902185883478, "log10_subsample": -0.5619466339446723, "max_depth": 5.0, "num_boost_round": 71.0}, "datetime": {"datetime": "2024-01-19 01:58:49", "elapsed": 6433.083024, "delta": 0.006193}}
{"target": -13.758184722704312, "params": {"gamma": 429.99403762668555, "log10_alpha": -4.080747179672129, "log10_colsample_bytree": -0.6216085074973418, "log10_eta": -2.0366416706634753, "log10_lambda": -2.0597397973364657, "log10_min_child_weight": 4.537902185883478, "log10_subsample": -0.5619466339446723, "max_depth": 5.0, "num_boost_round": 72.0}, "datetime": {"datetime": "2024-01-19 01:58:49", "elapsed": 6433.08942, "delta": 0.006396}}
{"target": -13.758175855515477, "params": {"gamma": 429.99403762668555, "log10_alpha": -4.080747179672129, "log10_colsample_bytree": -0.6216085074973418, "log10_eta": -2.0366416706634753, "log10_lambda": -2.0597397973364657, "log10_min_child_weight": 4.537902185883478, "log10_subsample": -0.5619466339446723, "max_depth": 5.0, "num_boost_round": 73.0}, "datetime": {"datetime": "2024-01-19 01:58:49", "elapsed": 6433.095888, "delta": 0.006468}}
{"target": -13.758103481797423, "params": {"gamma": 429.99403762668555, "log10_alpha": -4.080747179672129, "log10_colsample_bytree": -0.6216085074973418, "log10_eta": -2.0366416706634753, "log10_lambda": -2.0597397973364657, "log10_min_child_weight": 4.537902185883478, "log10_subsample": -0.5619466339446723, "max_depth": 5.0, "num_boost_round": 74.0}, "datetime": {"datetime": "2024-01-19 01:58:50", "elapsed": 6433.102239, "delta": 0.006351}}
{"target": -13.758106600200616, "params": {"gamma": 429.99403762668555, "log10_alpha": -4.080747179672129, "log10_colsample_bytree": -0.6216085074973418, "log10_eta": -2.0366416706634753, "log10_lambda": -2.0597397973364657, "log10_min_child_weight": 4.537902185883478, "log10_subsample": -0.5619466339446723, "max_depth": 5.0, "num_boost_round": 75.0}, "datetime": {"datetime": "2024-01-19 01:58:50", "elapsed": 6433.108414, "delta": 0.006175}}
{"target": -13.758163254942504, "params": {"gamma": 429.99403762668555, "log10_alpha": -4.080747179672129, "log10_colsample_bytree": -0.6216085074973418, "log10_eta": -2.0366416706634753, "log10_lambda": -2.0597397973364657, "log10_min_child_weight": 4.537902185883478, "log10_subsample": -0.5619466339446723, "max_depth": 5.0, "num_boost_round": 76.0}, "datetime": {"datetime": "2024-01-19 01:58:50", "elapsed": 6433.114663, "delta": 0.006249}}
{"target": -13.758272028079961, "params": {"gamma": 429.99403762668555, "log10_alpha": -4.080747179672129, "log10_colsample_bytree": -0.6216085074973418, "log10_eta": -2.0366416706634753, "log10_lambda": -2.0597397973364657, "log10_min_child_weight": 4.537902185883478, "log10_subsample": -0.5619466339446723, "max_depth": 5.0, "num_boost_round": 77.0}, "datetime": {"datetime": "2024-01-19 01:58:50", "elapsed": 6433.121032, "delta": 0.006369}}
{"target": -13.758247853503256, "params": {"gamma": 429.99403762668555, "log10_alpha": -4.080747179672129, "log10_colsample_bytree": -0.6216085074973418, "log10_eta": -2.0366416706634753, "log10_lambda": -2.0597397973364657, "log10_min_child_weight": 4.537902185883478, "log10_subsample": -0.5619466339446723, "max_depth": 5.0, "num_boost_round": 78.0}, "datetime": {"datetime": "2024-01-19 01:58:50", "elapsed": 6433.12721, "delta": 0.006178}}
{"target": -13.758284901439541, "params": {"gamma": 429.99403762668555, "log10_alpha": -4.080747179672129, "log10_colsample_bytree": -0.6216085074973418, "log10_eta": -2.0366416706634753, "log10_lambda": -2.0597397973364657, "log10_min_child_weight": 4.537902185883478, "log10_subsample": -0.5619466339446723, "max_depth": 5.0, "num_boost_round": 79.0}, "datetime": {"datetime": "2024-01-19 01:58:50", "elapsed": 6433.133382, "delta": 0.006172}}
