{"target": -13.758692751619908, "params": {"gamma": 49.94985387707529, "log10_alpha": -4.893929659565824, "log10_colsample_bytree": -0.029269715925583584, "log10_eta": -1.3551430731612237, "log10_lambda": -0.06566419307474369, "log10_min_child_weight": 2.6801555887070365, "log10_subsample": -0.5078692283859545, "max_depth": 4.0, "num_boost_round": 2.0}, "datetime": {"datetime": "2024-01-19 01:00:37", "elapsed": 2945.677617, "delta": 0.002933}}
{"target": -13.759813411308638, "params": {"gamma": 49.94985387707529, "log10_alpha": -4.893929659565824, "log10_colsample_bytree": -0.029269715925583584, "log10_eta": -1.3551430731612237, "log10_lambda": -0.06566419307474369, "log10_min_child_weight": 2.6801555887070365, "log10_subsample": -0.5078692283859545, "max_depth": 4.0, "num_boost_round": 3.0}, "datetime": {"datetime": "2024-01-19 01:00:37", "elapsed": 2945.680451, "delta": 0.002834}}
{"target": -13.760452432436308, "params": {"gamma": 49.94985387707529, "log10_alpha": -4.893929659565824, "log10_colsample_bytree": -0.029269715925583584, "log10_eta": -1.3551430731612237, "log10_lambda": -0.06566419307474369, "log10_min_child_weight": 2.6801555887070365, "log10_subsample": -0.5078692283859545, "max_depth": 4.0, "num_boost_round": 4.0}, "datetime": {"datetime": "2024-01-19 01:00:37", "elapsed": 2945.683271, "delta": 0.00282}}
{"target": -13.76037019594983, "params": {"gamma": 49.94985387707529, "log10_alpha": -4.893929659565824, "log10_colsample_bytree": -0.029269715925583584, "log10_eta": -1.3551430731612237, "log10_lambda": -0.06566419307474369, "log10_min_child_weight": 2.6801555887070365, "log10_subsample": -0.5078692283859545, "max_depth": 4.0, "num_boost_round": 5.0}, "datetime": {"datetime": "2024-01-19 01:00:37", "elapsed": 2945.686092, "delta": 0.002821}}
{"target": -13.762100357350606, "params": {"gamma": 49.94985387707529, "log10_alpha": -4.893929659565824, "log10_colsample_bytree": -0.029269715925583584, "log10_eta": -1.3551430731612237, "log10_lambda": -0.06566419307474369, "log10_min_child_weight": 2.6801555887070365, "log10_subsample": -0.5078692283859545, "max_depth": 4.0, "num_boost_round": 6.0}, "datetime": {"datetime": "2024-01-19 01:00:37", "elapsed": 2945.6892, "delta": 0.003108}}
{"target": -13.76391455745962, "params": {"gamma": 49.94985387707529, "log10_alpha": -4.893929659565824, "log10_colsample_bytree": -0.029269715925583584, "log10_eta": -1.3551430731612237, "log10_lambda": -0.06566419307474369, "log10_min_child_weight": 2.6801555887070365, "log10_subsample": -0.5078692283859545, "max_depth": 4.0, "num_boost_round": 7.0}, "datetime": {"datetime": "2024-01-19 01:00:37", "elapsed": 2945.692166, "delta": 0.002966}}
{"target": -13.763915175495656, "params": {"gamma": 49.94985387707529, "log10_alpha": -4.893929659565824, "log10_colsample_bytree": -0.029269715925583584, "log10_eta": -1.3551430731612237, "log10_lambda": -0.06566419307474369, "log10_min_child_weight": 2.6801555887070365, "log10_subsample": -0.5078692283859545, "max_depth": 4.0, "num_boost_round": 8.0}, "datetime": {"datetime": "2024-01-19 01:00:37", "elapsed": 2945.695126, "delta": 0.00296}}
{"target": -13.765999656669562, "params": {"gamma": 49.94985387707529, "log10_alpha": -4.893929659565824, "log10_colsample_bytree": -0.029269715925583584, "log10_eta": -1.3551430731612237, "log10_lambda": -0.06566419307474369, "log10_min_child_weight": 2.6801555887070365, "log10_subsample": -0.5078692283859545, "max_depth": 4.0, "num_boost_round": 9.0}, "datetime": {"datetime": "2024-01-19 01:00:37", "elapsed": 2945.697963, "delta": 0.002837}}
{"target": -13.76839518176503, "params": {"gamma": 49.94985387707529, "log10_alpha": -4.893929659565824, "log10_colsample_bytree": -0.029269715925583584, "log10_eta": -1.3551430731612237, "log10_lambda": -0.06566419307474369, "log10_min_child_weight": 2.6801555887070365, "log10_subsample": -0.5078692283859545, "max_depth": 4.0, "num_boost_round": 10.0}, "datetime": {"datetime": "2024-01-19 01:00:37", "elapsed": 2945.700794, "delta": 0.002831}}
{"target": -13.770629004479808, "params": {"gamma": 49.94985387707529, "log10_alpha": -4.893929659565824, "log10_colsample_bytree": -0.029269715925583584, "log10_eta": -1.3551430731612237, "log10_lambda": -0.06566419307474369, "log10_min_child_weight": 2.6801555887070365, "log10_subsample": -0.5078692283859545, "max_depth": 4.0, "num_boost_round": 11.0}, "datetime": {"datetime": "2024-01-19 01:00:37", "elapsed": 2945.703587, "delta": 0.002793}}
{"target": -13.772320266137484, "params": {"gamma": 49.94985387707529, "log10_alpha": -4.893929659565824, "log10_colsample_bytree": -0.029269715925583584, "log10_eta": -1.3551430731612237, "log10_lambda": -0.06566419307474369, "log10_min_child_weight": 2.6801555887070365, "log10_subsample": -0.5078692283859545, "max_depth": 4.0, "num_boost_round": 12.0}, "datetime": {"datetime": "2024-01-19 01:00:37", "elapsed": 2945.706368, "delta": 0.002781}}
{"target": -13.772282005826101, "params": {"gamma": 49.94985387707529, "log10_alpha": -4.893929659565824, "log10_colsample_bytree": -0.029269715925583584, "log10_eta": -1.3551430731612237, "log10_lambda": -0.06566419307474369, "log10_min_child_weight": 2.6801555887070365, "log10_subsample": -0.5078692283859545, "max_depth": 4.0, "num_boost_round": 13.0}, "datetime": {"datetime": "2024-01-19 01:00:37", "elapsed": 2945.709366, "delta": 0.002998}}
{"target": -13.772781757411668, "params": {"gamma": 49.94985387707529, "log10_alpha": -4.893929659565824, "log10_colsample_bytree": -0.029269715925583584, "log10_eta": -1.3551430731612237, "log10_lambda": -0.06566419307474369, "log10_min_child_weight": 2.6801555887070365, "log10_subsample": -0.5078692283859545, "max_depth": 4.0, "num_boost_round": 14.0}, "datetime": {"datetime": "2024-01-19 01:00:37", "elapsed": 2945.712179, "delta": 0.002813}}
{"target": -13.773034546985754, "params": {"gamma": 49.94985387707529, "log10_alpha": -4.893929659565824, "log10_colsample_bytree": -0.029269715925583584, "log10_eta": -1.3551430731612237, "log10_lambda": -0.06566419307474369, "log10_min_child_weight": 2.6801555887070365, "log10_subsample": -0.5078692283859545, "max_depth": 4.0, "num_boost_round": 15.0}, "datetime": {"datetime": "2024-01-19 01:00:37", "elapsed": 2945.714974, "delta": 0.002795}}
{"target": -13.772839547954128, "params": {"gamma": 49.94985387707529, "log10_alpha": -4.893929659565824, "log10_colsample_bytree": -0.029269715925583584, "log10_eta": -1.3551430731612237, "log10_lambda": -0.06566419307474369, "log10_min_child_weight": 2.6801555887070365, "log10_subsample": -0.5078692283859545, "max_depth": 4.0, "num_boost_round": 16.0}, "datetime": {"datetime": "2024-01-19 01:00:37", "elapsed": 2945.717822, "delta": 0.002848}}
{"target": -13.773373754591075, "params": {"gamma": 49.94985387707529, "log10_alpha": -4.893929659565824, "log10_colsample_bytree": -0.029269715925583584, "log10_eta": -1.3551430731612237, "log10_lambda": -0.06566419307474369, "log10_min_child_weight": 2.6801555887070365, "log10_subsample": -0.5078692283859545, "max_depth": 4.0, "num_boost_round": 17.0}, "datetime": {"datetime": "2024-01-19 01:00:37", "elapsed": 2945.720635, "delta": 0.002813}}
{"target": -13.774740658535531, "params": {"gamma": 49.94985387707529, "log10_alpha": -4.893929659565824, "log10_colsample_bytree": -0.029269715925583584, "log10_eta": -1.3551430731612237, "log10_lambda": -0.06566419307474369, "log10_min_child_weight": 2.6801555887070365, "log10_subsample": -0.5078692283859545, "max_depth": 4.0, "num_boost_round": 18.0}, "datetime": {"datetime": "2024-01-19 01:00:37", "elapsed": 2945.723467, "delta": 0.002832}}
{"target": -13.775002888893043, "params": {"gamma": 49.94985387707529, "log10_alpha": -4.893929659565824, "log10_colsample_bytree": -0.029269715925583584, "log10_eta": -1.3551430731612237, "log10_lambda": -0.06566419307474369, "log10_min_child_weight": 2.6801555887070365, "log10_subsample": -0.5078692283859545, "max_depth": 4.0, "num_boost_round": 19.0}, "datetime": {"datetime": "2024-01-19 01:00:37", "elapsed": 2945.726254, "delta": 0.002787}}
{"target": -13.775899011841682, "params": {"gamma": 49.94985387707529, "log10_alpha": -4.893929659565824, "log10_colsample_bytree": -0.029269715925583584, "log10_eta": -1.3551430731612237, "log10_lambda": -0.06566419307474369, "log10_min_child_weight": 2.6801555887070365, "log10_subsample": -0.5078692283859545, "max_depth": 4.0, "num_boost_round": 20.0}, "datetime": {"datetime": "2024-01-19 01:00:37", "elapsed": 2945.729172, "delta": 0.002918}}
{"target": -13.777492106693737, "params": {"gamma": 49.94985387707529, "log10_alpha": -4.893929659565824, "log10_colsample_bytree": -0.029269715925583584, "log10_eta": -1.3551430731612237, "log10_lambda": -0.06566419307474369, "log10_min_child_weight": 2.6801555887070365, "log10_subsample": -0.5078692283859545, "max_depth": 4.0, "num_boost_round": 21.0}, "datetime": {"datetime": "2024-01-19 01:00:37", "elapsed": 2945.732004, "delta": 0.002832}}
{"target": -13.75856652825666, "params": {"gamma": 50.034488391423324, "log10_alpha": -0.5989503844509478, "log10_colsample_bytree": -0.8672234214108535, "log10_eta": -1.8028526045804396, "log10_lambda": -4.407470507625732, "log10_min_child_weight": 3.939392346267568, "log10_subsample": -0.6548605038189872, "max_depth": 3.0, "num_boost_round": 0.0}, "datetime": {"datetime": "2024-01-19 01:01:11", "elapsed": 2979.214178, "delta": 33.482174}}
{"target": -13.758473029128252, "params": {"gamma": 50.034488391423324, "log10_alpha": -0.5989503844509478, "log10_colsample_bytree": -0.8672234214108535, "log10_eta": -1.8028526045804396, "log10_lambda": -4.407470507625732, "log10_min_child_weight": 3.939392346267568, "log10_subsample": -0.6548605038189872, "max_depth": 3.0, "num_boost_round": 1.0}, "datetime": {"datetime": "2024-01-19 01:01:11", "elapsed": 2979.217688, "delta": 0.00351}}
{"target": -13.758513597403146, "params": {"gamma": 50.034488391423324, "log10_alpha": -0.5989503844509478, "log10_colsample_bytree": -0.8672234214108535, "log10_eta": -1.8028526045804396, "log10_lambda": -4.407470507625732, "log10_min_child_weight": 3.939392346267568, "log10_subsample": -0.6548605038189872, "max_depth": 3.0, "num_boost_round": 2.0}, "datetime": {"datetime": "2024-01-19 01:01:11", "elapsed": 2979.220701, "delta": 0.003013}}
{"target": -13.758450016373244, "params": {"gamma": 50.034488391423324, "log10_alpha": -0.5989503844509478, "log10_colsample_bytree": -0.8672234214108535, "log10_eta": -1.8028526045804396, "log10_lambda": -4.407470507625732, "log10_min_child_weight": 3.939392346267568, "log10_subsample": -0.6548605038189872, "max_depth": 3.0, "num_boost_round": 3.0}, "datetime": {"datetime": "2024-01-19 01:01:11", "elapsed": 2979.22358, "delta": 0.002879}}
{"target": -13.758428769868916, "params": {"gamma": 50.034488391423324, "log10_alpha": -0.5989503844509478, "log10_colsample_bytree": -0.8672234214108535, "log10_eta": -1.8028526045804396, "log10_lambda": -4.407470507625732, "log10_min_child_weight": 3.939392346267568, "log10_subsample": -0.6548605038189872, "max_depth": 3.0, "num_boost_round": 4.0}, "datetime": {"datetime": "2024-01-19 01:01:11", "elapsed": 2979.226388, "delta": 0.002808}}
{"target": -13.758559959954649, "params": {"gamma": 50.034488391423324, "log10_alpha": -0.5989503844509478, "log10_colsample_bytree": -0.8672234214108535, "log10_eta": -1.8028526045804396, "log10_lambda": -4.407470507625732, "log10_min_child_weight": 3.939392346267568, "log10_subsample": -0.6548605038189872, "max_depth": 3.0, "num_boost_round": 5.0}, "datetime": {"datetime": "2024-01-19 01:01:11", "elapsed": 2979.229388, "delta": 0.003}}
{"target": -13.758549964815405, "params": {"gamma": 50.034488391423324, "log10_alpha": -0.5989503844509478, "log10_colsample_bytree": -0.8672234214108535, "log10_eta": -1.8028526045804396, "log10_lambda": -4.407470507625732, "log10_min_child_weight": 3.939392346267568, "log10_subsample": -0.6548605038189872, "max_depth": 3.0, "num_boost_round": 6.0}, "datetime": {"datetime": "2024-01-19 01:01:11", "elapsed": 2979.232227, "delta": 0.002839}}
{"target": -13.75851750439747, "params": {"gamma": 50.034488391423324, "log10_alpha": -0.5989503844509478, "log10_colsample_bytree": -0.8672234214108535, "log10_eta": -1.8028526045804396, "log10_lambda": -4.407470507625732, "log10_min_child_weight": 3.939392346267568, "log10_subsample": -0.6548605038189872, "max_depth": 3.0, "num_boost_round": 7.0}, "datetime": {"datetime": "2024-01-19 01:01:11", "elapsed": 2979.235073, "delta": 0.002846}}
{"target": -13.75860222634787, "params": {"gamma": 50.034488391423324, "log10_alpha": -0.5989503844509478, "log10_colsample_bytree": -0.8672234214108535, "log10_eta": -1.8028526045804396, "log10_lambda": -4.407470507625732, "log10_min_child_weight": 3.939392346267568, "log10_subsample": -0.6548605038189872, "max_depth": 3.0, "num_boost_round": 8.0}, "datetime": {"datetime": "2024-01-19 01:01:11", "elapsed": 2979.237957, "delta": 0.002884}}
{"target": -13.758586011161517, "params": {"gamma": 50.034488391423324, "log10_alpha": -0.5989503844509478, "log10_colsample_bytree": -0.8672234214108535, "log10_eta": -1.8028526045804396, "log10_lambda": -4.407470507625732, "log10_min_child_weight": 3.939392346267568, "log10_subsample": -0.6548605038189872, "max_depth": 3.0, "num_boost_round": 9.0}, "datetime": {"datetime": "2024-01-19 01:01:11", "elapsed": 2979.240774, "delta": 0.002817}}
{"target": -13.758474584643077, "params": {"gamma": 50.034488391423324, "log10_alpha": -0.5989503844509478, "log10_colsample_bytree": -0.8672234214108535, "log10_eta": -1.8028526045804396, "log10_lambda": -4.407470507625732, "log10_min_child_weight": 3.939392346267568, "log10_subsample": -0.6548605038189872, "max_depth": 3.0, "num_boost_round": 10.0}, "datetime": {"datetime": "2024-01-19 01:01:11", "elapsed": 2979.243609, "delta": 0.002835}}
{"target": -13.758465124372185, "params": {"gamma": 50.034488391423324, "log10_alpha": -0.5989503844509478, "log10_colsample_bytree": -0.8672234214108535, "log10_eta": -1.8028526045804396, "log10_lambda": -4.407470507625732, "log10_min_child_weight": 3.939392346267568, "log10_subsample": -0.6548605038189872, "max_depth": 3.0, "num_boost_round": 11.0}, "datetime": {"datetime": "2024-01-19 01:01:11", "elapsed": 2979.246421, "delta": 0.002812}}
{"target": -13.758622395143753, "params": {"gamma": 50.034488391423324, "log10_alpha": -0.5989503844509478, "log10_colsample_bytree": -0.8672234214108535, "log10_eta": -1.8028526045804396, "log10_lambda": -4.407470507625732, "log10_min_child_weight": 3.939392346267568, "log10_subsample": -0.6548605038189872, "max_depth": 3.0, "num_boost_round": 12.0}, "datetime": {"datetime": "2024-01-19 01:01:11", "elapsed": 2979.249375, "delta": 0.002954}}
{"target": -13.758529742579585, "params": {"gamma": 50.034488391423324, "log10_alpha": -0.5989503844509478, "log10_colsample_bytree": -0.8672234214108535, "log10_eta": -1.8028526045804396, "log10_lambda": -4.407470507625732, "log10_min_child_weight": 3.939392346267568, "log10_subsample": -0.6548605038189872, "max_depth": 3.0, "num_boost_round": 13.0}, "datetime": {"datetime": "2024-01-19 01:01:11", "elapsed": 2979.252216, "delta": 0.002841}}
{"target": -13.758431644984096, "params": {"gamma": 50.034488391423324, "log10_alpha": -0.5989503844509478, "log10_colsample_bytree": -0.8672234214108535, "log10_eta": -1.8028526045804396, "log10_lambda": -4.407470507625732, "log10_min_child_weight": 3.939392346267568, "log10_subsample": -0.6548605038189872, "max_depth": 3.0, "num_boost_round": 14.0}, "datetime": {"datetime": "2024-01-19 01:01:11", "elapsed": 2979.255041, "delta": 0.002825}}
{"target": -13.758309554980844, "params": {"gamma": 50.034488391423324, "log10_alpha": -0.5989503844509478, "log10_colsample_bytree": -0.8672234214108535, "log10_eta": -1.8028526045804396, "log10_lambda": -4.407470507625732, "log10_min_child_weight": 3.939392346267568, "log10_subsample": -0.6548605038189872, "max_depth": 3.0, "num_boost_round": 15.0}, "datetime": {"datetime": "2024-01-19 01:01:11", "elapsed": 2979.257943, "delta": 0.002902}}
{"target": -13.75833604318928, "params": {"gamma": 50.034488391423324, "log10_alpha": -0.5989503844509478, "log10_colsample_bytree": -0.8672234214108535, "log10_eta": -1.8028526045804396, "log10_lambda": -4.407470507625732, "log10_min_child_weight": 3.939392346267568, "log10_subsample": -0.6548605038189872, "max_depth": 3.0, "num_boost_round": 16.0}, "datetime": {"datetime": "2024-01-19 01:01:11", "elapsed": 2979.260798, "delta": 0.002855}}
{"target": -13.758257023759032, "params": {"gamma": 50.034488391423324, "log10_alpha": -0.5989503844509478, "log10_colsample_bytree": -0.8672234214108535, "log10_eta": -1.8028526045804396, "log10_lambda": -4.407470507625732, "log10_min_child_weight": 3.939392346267568, "log10_subsample": -0.6548605038189872, "max_depth": 3.0, "num_boost_round": 17.0}, "datetime": {"datetime": "2024-01-19 01:01:11", "elapsed": 2979.263647, "delta": 0.002849}}
{"target": -13.758198464464778, "params": {"gamma": 50.034488391423324, "log10_alpha": -0.5989503844509478, "log10_colsample_bytree": -0.8672234214108535, "log10_eta": -1.8028526045804396, "log10_lambda": -4.407470507625732, "log10_min_child_weight": 3.939392346267568, "log10_subsample": -0.6548605038189872, "max_depth": 3.0, "num_boost_round": 18.0}, "datetime": {"datetime": "2024-01-19 01:01:11", "elapsed": 2979.266517, "delta": 0.00287}}
{"target": -13.758233018228859, "params": {"gamma": 50.034488391423324, "log10_alpha": -0.5989503844509478, "log10_colsample_bytree": -0.8672234214108535, "log10_eta": -1.8028526045804396, "log10_lambda": -4.407470507625732, "log10_min_child_weight": 3.939392346267568, "log10_subsample": -0.6548605038189872, "max_depth": 3.0, "num_boost_round": 19.0}, "datetime": {"datetime": "2024-01-19 01:01:11", "elapsed": 2979.26949, "delta": 0.002973}}
{"target": -13.75829603193282, "params": {"gamma": 50.034488391423324, "log10_alpha": -0.5989503844509478, "log10_colsample_bytree": -0.8672234214108535, "log10_eta": -1.8028526045804396, "log10_lambda": -4.407470507625732, "log10_min_child_weight": 3.939392346267568, "log10_subsample": -0.6548605038189872, "max_depth": 3.0, "num_boost_round": 20.0}, "datetime": {"datetime": "2024-01-19 01:01:11", "elapsed": 2979.272331, "delta": 0.002841}}
{"target": -13.758369554329992, "params": {"gamma": 50.034488391423324, "log10_alpha": -0.5989503844509478, "log10_colsample_bytree": -0.8672234214108535, "log10_eta": -1.8028526045804396, "log10_lambda": -4.407470507625732, "log10_min_child_weight": 3.939392346267568, "log10_subsample": -0.6548605038189872, "max_depth": 3.0, "num_boost_round": 21.0}, "datetime": {"datetime": "2024-01-19 01:01:11", "elapsed": 2979.275284, "delta": 0.002953}}
{"target": -13.758441016575507, "params": {"gamma": 50.034488391423324, "log10_alpha": -0.5989503844509478, "log10_colsample_bytree": -0.8672234214108535, "log10_eta": -1.8028526045804396, "log10_lambda": -4.407470507625732, "log10_min_child_weight": 3.939392346267568, "log10_subsample": -0.6548605038189872, "max_depth": 3.0, "num_boost_round": 22.0}, "datetime": {"datetime": "2024-01-19 01:01:11", "elapsed": 2979.278187, "delta": 0.002903}}
{"target": -13.758342421511527, "params": {"gamma": 50.034488391423324, "log10_alpha": -0.5989503844509478, "log10_colsample_bytree": -0.8672234214108535, "log10_eta": -1.8028526045804396, "log10_lambda": -4.407470507625732, "log10_min_child_weight": 3.939392346267568, "log10_subsample": -0.6548605038189872, "max_depth": 3.0, "num_boost_round": 23.0}, "datetime": {"datetime": "2024-01-19 01:01:11", "elapsed": 2979.281732, "delta": 0.003545}}
{"target": -13.758328241821555, "params": {"gamma": 50.034488391423324, "log10_alpha": -0.5989503844509478, "log10_colsample_bytree": -0.8672234214108535, "log10_eta": -1.8028526045804396, "log10_lambda": -4.407470507625732, "log10_min_child_weight": 3.939392346267568, "log10_subsample": -0.6548605038189872, "max_depth": 3.0, "num_boost_round": 24.0}, "datetime": {"datetime": "2024-01-19 01:01:11", "elapsed": 2979.28527, "delta": 0.003538}}
{"target": -13.758287393101426, "params": {"gamma": 50.034488391423324, "log10_alpha": -0.5989503844509478, "log10_colsample_bytree": -0.8672234214108535, "log10_eta": -1.8028526045804396, "log10_lambda": -4.407470507625732, "log10_min_child_weight": 3.939392346267568, "log10_subsample": -0.6548605038189872, "max_depth": 3.0, "num_boost_round": 25.0}, "datetime": {"datetime": "2024-01-19 01:01:11", "elapsed": 2979.288107, "delta": 0.002837}}
{"target": -13.758538394249571, "params": {"gamma": 44.94155822763468, "log10_alpha": -0.21370183686252808, "log10_colsample_bytree": -0.2981900028918456, "log10_eta": -3.2798702423888373, "log10_lambda": -4.183205412568008, "log10_min_child_weight": 4.186734626507808, "log10_subsample": -0.5747495806474703, "max_depth": 3.0, "num_boost_round": 0.0}, "datetime": {"datetime": "2024-01-19 01:01:44", "elapsed": 3012.577837, "delta": 33.28973}}
{"target": -13.758537471159183, "params": {"gamma": 44.94155822763468, "log10_alpha": -0.21370183686252808, "log10_colsample_bytree": -0.2981900028918456, "log10_eta": -3.2798702423888373, "log10_lambda": -4.183205412568008, "log10_min_child_weight": 4.186734626507808, "log10_subsample": -0.5747495806474703, "max_depth": 3.0, "num_boost_round": 1.0}, "datetime": {"datetime": "2024-01-19 01:01:44", "elapsed": 3012.581231, "delta": 0.003394}}
{"target": -13.758539220030135, "params": {"gamma": 44.94155822763468, "log10_alpha": -0.21370183686252808, "log10_colsample_bytree": -0.2981900028918456, "log10_eta": -3.2798702423888373, "log10_lambda": -4.183205412568008, "log10_min_child_weight": 4.186734626507808, "log10_subsample": -0.5747495806474703, "max_depth": 3.0, "num_boost_round": 2.0}, "datetime": {"datetime": "2024-01-19 01:01:44", "elapsed": 3012.584239, "delta": 0.003008}}
