{"target": -13.758447740954479, "params": {"gamma": 716.1163326041503, "log10_alpha": -4.354658956581484, "log10_colsample_bytree": -0.21331812700228792, "log10_eta": -2.8132422268040616, "log10_lambda": -4.715653736233342, "log10_min_child_weight": 4.023811693305262, "log10_subsample": -0.8283983632677621, "max_depth": 8.0, "num_boost_round": 16.0}, "datetime": {"datetime": "2024-01-19 01:01:59", "elapsed": 3018.818235, "delta": 0.003353}}
{"target": -13.758436928456934, "params": {"gamma": 716.1163326041503, "log10_alpha": -4.354658956581484, "log10_colsample_bytree": -0.21331812700228792, "log10_eta": -2.8132422268040616, "log10_lambda": -4.715653736233342, "log10_min_child_weight": 4.023811693305262, "log10_subsample": -0.8283983632677621, "max_depth": 8.0, "num_boost_round": 17.0}, "datetime": {"datetime": "2024-01-19 01:01:59", "elapsed": 3018.821685, "delta": 0.00345}}
{"target": -13.758442699043504, "params": {"gamma": 716.1163326041503, "log10_alpha": -4.354658956581484, "log10_colsample_bytree": -0.21331812700228792, "log10_eta": -2.8132422268040616, "log10_lambda": -4.715653736233342, "log10_min_child_weight": 4.023811693305262, "log10_subsample": -0.8283983632677621, "max_depth": 8.0, "num_boost_round": 18.0}, "datetime": {"datetime": "2024-01-19 01:01:59", "elapsed": 3018.825122, "delta": 0.003437}}
{"target": -13.758436837659879, "params": {"gamma": 716.1163326041503, "log10_alpha": -4.354658956581484, "log10_colsample_bytree": -0.21331812700228792, "log10_eta": -2.8132422268040616, "log10_lambda": -4.715653736233342, "log10_min_child_weight": 4.023811693305262, "log10_subsample": -0.8283983632677621, "max_depth": 8.0, "num_boost_round": 19.0}, "datetime": {"datetime": "2024-01-19 01:01:59", "elapsed": 3018.828486, "delta": 0.003364}}
{"target": -13.75843020503515, "params": {"gamma": 716.1163326041503, "log10_alpha": -4.354658956581484, "log10_colsample_bytree": -0.21331812700228792, "log10_eta": -2.8132422268040616, "log10_lambda": -4.715653736233342, "log10_min_child_weight": 4.023811693305262, "log10_subsample": -0.8283983632677621, "max_depth": 8.0, "num_boost_round": 20.0}, "datetime": {"datetime": "2024-01-19 01:01:59", "elapsed": 3018.831934, "delta": 0.003448}}
{"target": -13.758433411821459, "params": {"gamma": 716.1163326041503, "log10_alpha": -4.354658956581484, "log10_colsample_bytree": -0.21331812700228792, "log10_eta": -2.8132422268040616, "log10_lambda": -4.715653736233342, "log10_min_child_weight": 4.023811693305262, "log10_subsample": -0.8283983632677621, "max_depth": 8.0, "num_boost_round": 21.0}, "datetime": {"datetime": "2024-01-19 01:01:59", "elapsed": 3018.835362, "delta": 0.003428}}
{"target": -13.758430133612922, "params": {"gamma": 716.1163326041503, "log10_alpha": -4.354658956581484, "log10_colsample_bytree": -0.21331812700228792, "log10_eta": -2.8132422268040616, "log10_lambda": -4.715653736233342, "log10_min_child_weight": 4.023811693305262, "log10_subsample": -0.8283983632677621, "max_depth": 8.0, "num_boost_round": 22.0}, "datetime": {"datetime": "2024-01-19 01:01:59", "elapsed": 3018.838738, "delta": 0.003376}}
{"target": -13.758411578719496, "params": {"gamma": 716.1163326041503, "log10_alpha": -4.354658956581484, "log10_colsample_bytree": -0.21331812700228792, "log10_eta": -2.8132422268040616, "log10_lambda": -4.715653736233342, "log10_min_child_weight": 4.023811693305262, "log10_subsample": -0.8283983632677621, "max_depth": 8.0, "num_boost_round": 23.0}, "datetime": {"datetime": "2024-01-19 01:01:59", "elapsed": 3018.842191, "delta": 0.003453}}
{"target": -13.75841130968772, "params": {"gamma": 716.1163326041503, "log10_alpha": -4.354658956581484, "log10_colsample_bytree": -0.21331812700228792, "log10_eta": -2.8132422268040616, "log10_lambda": -4.715653736233342, "log10_min_child_weight": 4.023811693305262, "log10_subsample": -0.8283983632677621, "max_depth": 8.0, "num_boost_round": 24.0}, "datetime": {"datetime": "2024-01-19 01:01:59", "elapsed": 3018.845536, "delta": 0.003345}}
{"target": -13.758403173158504, "params": {"gamma": 716.1163326041503, "log10_alpha": -4.354658956581484, "log10_colsample_bytree": -0.21331812700228792, "log10_eta": -2.8132422268040616, "log10_lambda": -4.715653736233342, "log10_min_child_weight": 4.023811693305262, "log10_subsample": -0.8283983632677621, "max_depth": 8.0, "num_boost_round": 25.0}, "datetime": {"datetime": "2024-01-19 01:01:59", "elapsed": 3018.848876, "delta": 0.00334}}
{"target": -13.758400702425462, "params": {"gamma": 716.1163326041503, "log10_alpha": -4.354658956581484, "log10_colsample_bytree": -0.21331812700228792, "log10_eta": -2.8132422268040616, "log10_lambda": -4.715653736233342, "log10_min_child_weight": 4.023811693305262, "log10_subsample": -0.8283983632677621, "max_depth": 8.0, "num_boost_round": 26.0}, "datetime": {"datetime": "2024-01-19 01:01:59", "elapsed": 3018.852274, "delta": 0.003398}}
{"target": -13.758402628606987, "params": {"gamma": 716.1163326041503, "log10_alpha": -4.354658956581484, "log10_colsample_bytree": -0.21331812700228792, "log10_eta": -2.8132422268040616, "log10_lambda": -4.715653736233342, "log10_min_child_weight": 4.023811693305262, "log10_subsample": -0.8283983632677621, "max_depth": 8.0, "num_boost_round": 27.0}, "datetime": {"datetime": "2024-01-19 01:01:59", "elapsed": 3018.855664, "delta": 0.00339}}
{"target": -13.75841191313249, "params": {"gamma": 716.1163326041503, "log10_alpha": -4.354658956581484, "log10_colsample_bytree": -0.21331812700228792, "log10_eta": -2.8132422268040616, "log10_lambda": -4.715653736233342, "log10_min_child_weight": 4.023811693305262, "log10_subsample": -0.8283983632677621, "max_depth": 8.0, "num_boost_round": 28.0}, "datetime": {"datetime": "2024-01-19 01:01:59", "elapsed": 3018.859001, "delta": 0.003337}}
{"target": -13.758421119790825, "params": {"gamma": 716.1163326041503, "log10_alpha": -4.354658956581484, "log10_colsample_bytree": -0.21331812700228792, "log10_eta": -2.8132422268040616, "log10_lambda": -4.715653736233342, "log10_min_child_weight": 4.023811693305262, "log10_subsample": -0.8283983632677621, "max_depth": 8.0, "num_boost_round": 29.0}, "datetime": {"datetime": "2024-01-19 01:01:59", "elapsed": 3018.862421, "delta": 0.00342}}
{"target": -13.75842014964324, "params": {"gamma": 716.1163326041503, "log10_alpha": -4.354658956581484, "log10_colsample_bytree": -0.21331812700228792, "log10_eta": -2.8132422268040616, "log10_lambda": -4.715653736233342, "log10_min_child_weight": 4.023811693305262, "log10_subsample": -0.8283983632677621, "max_depth": 8.0, "num_boost_round": 30.0}, "datetime": {"datetime": "2024-01-19 01:01:59", "elapsed": 3018.865763, "delta": 0.003342}}
{"target": -13.758428685689543, "params": {"gamma": 716.1163326041503, "log10_alpha": -4.354658956581484, "log10_colsample_bytree": -0.21331812700228792, "log10_eta": -2.8132422268040616, "log10_lambda": -4.715653736233342, "log10_min_child_weight": 4.023811693305262, "log10_subsample": -0.8283983632677621, "max_depth": 8.0, "num_boost_round": 31.0}, "datetime": {"datetime": "2024-01-19 01:01:59", "elapsed": 3018.869158, "delta": 0.003395}}
{"target": -13.758445854474292, "params": {"gamma": 716.1163326041503, "log10_alpha": -4.354658956581484, "log10_colsample_bytree": -0.21331812700228792, "log10_eta": -2.8132422268040616, "log10_lambda": -4.715653736233342, "log10_min_child_weight": 4.023811693305262, "log10_subsample": -0.8283983632677621, "max_depth": 8.0, "num_boost_round": 32.0}, "datetime": {"datetime": "2024-01-19 01:01:59", "elapsed": 3018.872527, "delta": 0.003369}}
{"target": -13.758440207611965, "params": {"gamma": 716.1163326041503, "log10_alpha": -4.354658956581484, "log10_colsample_bytree": -0.21331812700228792, "log10_eta": -2.8132422268040616, "log10_lambda": -4.715653736233342, "log10_min_child_weight": 4.023811693305262, "log10_subsample": -0.8283983632677621, "max_depth": 8.0, "num_boost_round": 33.0}, "datetime": {"datetime": "2024-01-19 01:01:59", "elapsed": 3018.875889, "delta": 0.003362}}
{"target": -13.758447337449876, "params": {"gamma": 716.1163326041503, "log10_alpha": -4.354658956581484, "log10_colsample_bytree": -0.21331812700228792, "log10_eta": -2.8132422268040616, "log10_lambda": -4.715653736233342, "log10_min_child_weight": 4.023811693305262, "log10_subsample": -0.8283983632677621, "max_depth": 8.0, "num_boost_round": 34.0}, "datetime": {"datetime": "2024-01-19 01:01:59", "elapsed": 3018.879277, "delta": 0.003388}}
{"target": -13.758454414925813, "params": {"gamma": 716.1163326041503, "log10_alpha": -4.354658956581484, "log10_colsample_bytree": -0.21331812700228792, "log10_eta": -2.8132422268040616, "log10_lambda": -4.715653736233342, "log10_min_child_weight": 4.023811693305262, "log10_subsample": -0.8283983632677621, "max_depth": 8.0, "num_boost_round": 35.0}, "datetime": {"datetime": "2024-01-19 01:01:59", "elapsed": 3018.882625, "delta": 0.003348}}
{"target": -13.75846161132523, "params": {"gamma": 716.1163326041503, "log10_alpha": -4.354658956581484, "log10_colsample_bytree": -0.21331812700228792, "log10_eta": -2.8132422268040616, "log10_lambda": -4.715653736233342, "log10_min_child_weight": 4.023811693305262, "log10_subsample": -0.8283983632677621, "max_depth": 8.0, "num_boost_round": 36.0}, "datetime": {"datetime": "2024-01-19 01:01:59", "elapsed": 3018.886049, "delta": 0.003424}}
{"target": -13.758466858660078, "params": {"gamma": 716.1163326041503, "log10_alpha": -4.354658956581484, "log10_colsample_bytree": -0.21331812700228792, "log10_eta": -2.8132422268040616, "log10_lambda": -4.715653736233342, "log10_min_child_weight": 4.023811693305262, "log10_subsample": -0.8283983632677621, "max_depth": 8.0, "num_boost_round": 37.0}, "datetime": {"datetime": "2024-01-19 01:01:59", "elapsed": 3018.889408, "delta": 0.003359}}
{"target": -13.758474612545236, "params": {"gamma": 716.1163326041503, "log10_alpha": -4.354658956581484, "log10_colsample_bytree": -0.21331812700228792, "log10_eta": -2.8132422268040616, "log10_lambda": -4.715653736233342, "log10_min_child_weight": 4.023811693305262, "log10_subsample": -0.8283983632677621, "max_depth": 8.0, "num_boost_round": 38.0}, "datetime": {"datetime": "2024-01-19 01:01:59", "elapsed": 3018.892814, "delta": 0.003406}}
{"target": -13.75847453492503, "params": {"gamma": 716.1163326041503, "log10_alpha": -4.354658956581484, "log10_colsample_bytree": -0.21331812700228792, "log10_eta": -2.8132422268040616, "log10_lambda": -4.715653736233342, "log10_min_child_weight": 4.023811693305262, "log10_subsample": -0.8283983632677621, "max_depth": 8.0, "num_boost_round": 39.0}, "datetime": {"datetime": "2024-01-19 01:01:59", "elapsed": 3018.896185, "delta": 0.003371}}
{"target": -13.758479864142302, "params": {"gamma": 716.1163326041503, "log10_alpha": -4.354658956581484, "log10_colsample_bytree": -0.21331812700228792, "log10_eta": -2.8132422268040616, "log10_lambda": -4.715653736233342, "log10_min_child_weight": 4.023811693305262, "log10_subsample": -0.8283983632677621, "max_depth": 8.0, "num_boost_round": 40.0}, "datetime": {"datetime": "2024-01-19 01:01:59", "elapsed": 3018.900502, "delta": 0.004317}}
{"target": -13.758482777766753, "params": {"gamma": 716.1163326041503, "log10_alpha": -4.354658956581484, "log10_colsample_bytree": -0.21331812700228792, "log10_eta": -2.8132422268040616, "log10_lambda": -4.715653736233342, "log10_min_child_weight": 4.023811693305262, "log10_subsample": -0.8283983632677621, "max_depth": 8.0, "num_boost_round": 41.0}, "datetime": {"datetime": "2024-01-19 01:01:59", "elapsed": 3018.904569, "delta": 0.004067}}
{"target": -13.758482404190392, "params": {"gamma": 716.1163326041503, "log10_alpha": -4.354658956581484, "log10_colsample_bytree": -0.21331812700228792, "log10_eta": -2.8132422268040616, "log10_lambda": -4.715653736233342, "log10_min_child_weight": 4.023811693305262, "log10_subsample": -0.8283983632677621, "max_depth": 8.0, "num_boost_round": 42.0}, "datetime": {"datetime": "2024-01-19 01:01:59", "elapsed": 3018.908135, "delta": 0.003566}}
{"target": -13.75848886070581, "params": {"gamma": 716.1163326041503, "log10_alpha": -4.354658956581484, "log10_colsample_bytree": -0.21331812700228792, "log10_eta": -2.8132422268040616, "log10_lambda": -4.715653736233342, "log10_min_child_weight": 4.023811693305262, "log10_subsample": -0.8283983632677621, "max_depth": 8.0, "num_boost_round": 43.0}, "datetime": {"datetime": "2024-01-19 01:01:59", "elapsed": 3018.911727, "delta": 0.003592}}
{"target": -13.758493095646712, "params": {"gamma": 716.1163326041503, "log10_alpha": -4.354658956581484, "log10_colsample_bytree": -0.21331812700228792, "log10_eta": -2.8132422268040616, "log10_lambda": -4.715653736233342, "log10_min_child_weight": 4.023811693305262, "log10_subsample": -0.8283983632677621, "max_depth": 8.0, "num_boost_round": 44.0}, "datetime": {"datetime": "2024-01-19 01:01:59", "elapsed": 3018.915141, "delta": 0.003414}}
{"target": -13.758482746737114, "params": {"gamma": 716.1163326041503, "log10_alpha": -4.354658956581484, "log10_colsample_bytree": -0.21331812700228792, "log10_eta": -2.8132422268040616, "log10_lambda": -4.715653736233342, "log10_min_child_weight": 4.023811693305262, "log10_subsample": -0.8283983632677621, "max_depth": 8.0, "num_boost_round": 45.0}, "datetime": {"datetime": "2024-01-19 01:01:59", "elapsed": 3018.91855, "delta": 0.003409}}
{"target": -13.758482376881773, "params": {"gamma": 716.1163326041503, "log10_alpha": -4.354658956581484, "log10_colsample_bytree": -0.21331812700228792, "log10_eta": -2.8132422268040616, "log10_lambda": -4.715653736233342, "log10_min_child_weight": 4.023811693305262, "log10_subsample": -0.8283983632677621, "max_depth": 8.0, "num_boost_round": 46.0}, "datetime": {"datetime": "2024-01-19 01:01:59", "elapsed": 3018.921879, "delta": 0.003329}}
{"target": -13.758491340949684, "params": {"gamma": 716.1163326041503, "log10_alpha": -4.354658956581484, "log10_colsample_bytree": -0.21331812700228792, "log10_eta": -2.8132422268040616, "log10_lambda": -4.715653736233342, "log10_min_child_weight": 4.023811693305262, "log10_subsample": -0.8283983632677621, "max_depth": 8.0, "num_boost_round": 47.0}, "datetime": {"datetime": "2024-01-19 01:01:59", "elapsed": 3018.925228, "delta": 0.003349}}
{"target": -13.758496491417052, "params": {"gamma": 716.1163326041503, "log10_alpha": -4.354658956581484, "log10_colsample_bytree": -0.21331812700228792, "log10_eta": -2.8132422268040616, "log10_lambda": -4.715653736233342, "log10_min_child_weight": 4.023811693305262, "log10_subsample": -0.8283983632677621, "max_depth": 8.0, "num_boost_round": 48.0}, "datetime": {"datetime": "2024-01-19 01:01:59", "elapsed": 3018.928622, "delta": 0.003394}}
{"target": -13.758502101935703, "params": {"gamma": 716.1163326041503, "log10_alpha": -4.354658956581484, "log10_colsample_bytree": -0.21331812700228792, "log10_eta": -2.8132422268040616, "log10_lambda": -4.715653736233342, "log10_min_child_weight": 4.023811693305262, "log10_subsample": -0.8283983632677621, "max_depth": 8.0, "num_boost_round": 49.0}, "datetime": {"datetime": "2024-01-19 01:01:59", "elapsed": 3018.931975, "delta": 0.003353}}
{"target": -13.758511800826593, "params": {"gamma": 716.1163326041503, "log10_alpha": -4.354658956581484, "log10_colsample_bytree": -0.21331812700228792, "log10_eta": -2.8132422268040616, "log10_lambda": -4.715653736233342, "log10_min_child_weight": 4.023811693305262, "log10_subsample": -0.8283983632677621, "max_depth": 8.0, "num_boost_round": 50.0}, "datetime": {"datetime": "2024-01-19 01:01:59", "elapsed": 3018.935507, "delta": 0.003532}}
{"target": -13.758501842660397, "params": {"gamma": 716.1163326041503, "log10_alpha": -4.354658956581484, "log10_colsample_bytree": -0.21331812700228792, "log10_eta": -2.8132422268040616, "log10_lambda": -4.715653736233342, "log10_min_child_weight": 4.023811693305262, "log10_subsample": -0.8283983632677621, "max_depth": 8.0, "num_boost_round": 51.0}, "datetime": {"datetime": "2024-01-19 01:01:59", "elapsed": 3018.93905, "delta": 0.003543}}
{"target": -13.758485652041228, "params": {"gamma": 716.1163326041503, "log10_alpha": -4.354658956581484, "log10_colsample_bytree": -0.21331812700228792, "log10_eta": -2.8132422268040616, "log10_lambda": -4.715653736233342, "log10_min_child_weight": 4.023811693305262, "log10_subsample": -0.8283983632677621, "max_depth": 8.0, "num_boost_round": 52.0}, "datetime": {"datetime": "2024-01-19 01:01:59", "elapsed": 3018.94255, "delta": 0.0035}}
{"target": -13.758475480279607, "params": {"gamma": 716.1163326041503, "log10_alpha": -4.354658956581484, "log10_colsample_bytree": -0.21331812700228792, "log10_eta": -2.8132422268040616, "log10_lambda": -4.715653736233342, "log10_min_child_weight": 4.023811693305262, "log10_subsample": -0.8283983632677621, "max_depth": 8.0, "num_boost_round": 53.0}, "datetime": {"datetime": "2024-01-19 01:01:59", "elapsed": 3018.945885, "delta": 0.003335}}
{"target": -13.758451017934425, "params": {"gamma": 716.1163326041503, "log10_alpha": -4.354658956581484, "log10_colsample_bytree": -0.21331812700228792, "log10_eta": -2.8132422268040616, "log10_lambda": -4.715653736233342, "log10_min_child_weight": 4.023811693305262, "log10_subsample": -0.8283983632677621, "max_depth": 8.0, "num_boost_round": 54.0}, "datetime": {"datetime": "2024-01-19 01:01:59", "elapsed": 3018.949231, "delta": 0.003346}}
{"target": -13.75846061676632, "params": {"gamma": 716.1163326041503, "log10_alpha": -4.354658956581484, "log10_colsample_bytree": -0.21331812700228792, "log10_eta": -2.8132422268040616, "log10_lambda": -4.715653736233342, "log10_min_child_weight": 4.023811693305262, "log10_subsample": -0.8283983632677621, "max_depth": 8.0, "num_boost_round": 55.0}, "datetime": {"datetime": "2024-01-19 01:01:59", "elapsed": 3018.952604, "delta": 0.003373}}
{"target": -13.758463887283233, "params": {"gamma": 716.1163326041503, "log10_alpha": -4.354658956581484, "log10_colsample_bytree": -0.21331812700228792, "log10_eta": -2.8132422268040616, "log10_lambda": -4.715653736233342, "log10_min_child_weight": 4.023811693305262, "log10_subsample": -0.8283983632677621, "max_depth": 8.0, "num_boost_round": 56.0}, "datetime": {"datetime": "2024-01-19 01:01:59", "elapsed": 3018.956073, "delta": 0.003469}}
{"target": -13.758454508313537, "params": {"gamma": 716.1163326041503, "log10_alpha": -4.354658956581484, "log10_colsample_bytree": -0.21331812700228792, "log10_eta": -2.8132422268040616, "log10_lambda": -4.715653736233342, "log10_min_child_weight": 4.023811693305262, "log10_subsample": -0.8283983632677621, "max_depth": 8.0, "num_boost_round": 57.0}, "datetime": {"datetime": "2024-01-19 01:01:59", "elapsed": 3018.959458, "delta": 0.003385}}
{"target": -13.758441028583267, "params": {"gamma": 716.1163326041503, "log10_alpha": -4.354658956581484, "log10_colsample_bytree": -0.21331812700228792, "log10_eta": -2.8132422268040616, "log10_lambda": -4.715653736233342, "log10_min_child_weight": 4.023811693305262, "log10_subsample": -0.8283983632677621, "max_depth": 8.0, "num_boost_round": 58.0}, "datetime": {"datetime": "2024-01-19 01:01:59", "elapsed": 3018.962797, "delta": 0.003339}}
{"target": -13.75842444518726, "params": {"gamma": 716.1163326041503, "log10_alpha": -4.354658956581484, "log10_colsample_bytree": -0.21331812700228792, "log10_eta": -2.8132422268040616, "log10_lambda": -4.715653736233342, "log10_min_child_weight": 4.023811693305262, "log10_subsample": -0.8283983632677621, "max_depth": 8.0, "num_boost_round": 59.0}, "datetime": {"datetime": "2024-01-19 01:01:59", "elapsed": 3018.966205, "delta": 0.003408}}
{"target": -13.758427791366604, "params": {"gamma": 716.1163326041503, "log10_alpha": -4.354658956581484, "log10_colsample_bytree": -0.21331812700228792, "log10_eta": -2.8132422268040616, "log10_lambda": -4.715653736233342, "log10_min_child_weight": 4.023811693305262, "log10_subsample": -0.8283983632677621, "max_depth": 8.0, "num_boost_round": 60.0}, "datetime": {"datetime": "2024-01-19 01:01:59", "elapsed": 3018.969706, "delta": 0.003501}}
{"target": -13.758440232187805, "params": {"gamma": 716.1163326041503, "log10_alpha": -4.354658956581484, "log10_colsample_bytree": -0.21331812700228792, "log10_eta": -2.8132422268040616, "log10_lambda": -4.715653736233342, "log10_min_child_weight": 4.023811693305262, "log10_subsample": -0.8283983632677621, "max_depth": 8.0, "num_boost_round": 61.0}, "datetime": {"datetime": "2024-01-19 01:01:59", "elapsed": 3018.973256, "delta": 0.00355}}
{"target": -13.758430633138982, "params": {"gamma": 716.1163326041503, "log10_alpha": -4.354658956581484, "log10_colsample_bytree": -0.21331812700228792, "log10_eta": -2.8132422268040616, "log10_lambda": -4.715653736233342, "log10_min_child_weight": 4.023811693305262, "log10_subsample": -0.8283983632677621, "max_depth": 8.0, "num_boost_round": 62.0}, "datetime": {"datetime": "2024-01-19 01:01:59", "elapsed": 3018.977131, "delta": 0.003875}}
{"target": -13.758419015942941, "params": {"gamma": 716.1163326041503, "log10_alpha": -4.354658956581484, "log10_colsample_bytree": -0.21331812700228792, "log10_eta": -2.8132422268040616, "log10_lambda": -4.715653736233342, "log10_min_child_weight": 4.023811693305262, "log10_subsample": -0.8283983632677621, "max_depth": 8.0, "num_boost_round": 63.0}, "datetime": {"datetime": "2024-01-19 01:01:59", "elapsed": 3018.980522, "delta": 0.003391}}
{"target": -13.758411581667994, "params": {"gamma": 716.1163326041503, "log10_alpha": -4.354658956581484, "log10_colsample_bytree": -0.21331812700228792, "log10_eta": -2.8132422268040616, "log10_lambda": -4.715653736233342, "log10_min_child_weight": 4.023811693305262, "log10_subsample": -0.8283983632677621, "max_depth": 8.0, "num_boost_round": 64.0}, "datetime": {"datetime": "2024-01-19 01:01:59", "elapsed": 3018.984109, "delta": 0.003587}}
