{"target": -17.674449424913657, "params": {"gamma": 973.5754543546905, "log10_alpha": -2.505399833537007, "log10_colsample_bytree": -0.35124213754336286, "log10_eta": -2.616258469352063, "log10_lambda": -3.060602981623887, "log10_min_child_weight": 2.9149601099980806, "log10_subsample": -0.36093986345874884, "max_depth": 8.0, "num_boost_round": 39.0}, "datetime": {"datetime": "2024-01-19 00:38:48", "elapsed": 1621.877937, "delta": 0.001976}}
{"target": -17.677226105961502, "params": {"gamma": 970.9167028853874, "log10_alpha": -3.162002986028134, "log10_colsample_bytree": -0.41164161639747776, "log10_eta": -3.7050036130252653, "log10_lambda": 0.6033886327765243, "log10_min_child_weight": 1.8723627632728541, "log10_subsample": -0.7380037472358748, "max_depth": 8.0, "num_boost_round": 0.0}, "datetime": {"datetime": "2024-01-19 00:39:16", "elapsed": 1650.255081, "delta": 28.377144}}
{"target": -17.677223117740173, "params": {"gamma": 970.9167028853874, "log10_alpha": -3.162002986028134, "log10_colsample_bytree": -0.41164161639747776, "log10_eta": -3.7050036130252653, "log10_lambda": 0.6033886327765243, "log10_min_child_weight": 1.8723627632728541, "log10_subsample": -0.7380037472358748, "max_depth": 8.0, "num_boost_round": 1.0}, "datetime": {"datetime": "2024-01-19 00:39:16", "elapsed": 1650.25726, "delta": 0.002179}}
{"target": -17.67722282574128, "params": {"gamma": 970.9167028853874, "log10_alpha": -3.162002986028134, "log10_colsample_bytree": -0.41164161639747776, "log10_eta": -3.7050036130252653, "log10_lambda": 0.6033886327765243, "log10_min_child_weight": 1.8723627632728541, "log10_subsample": -0.7380037472358748, "max_depth": 8.0, "num_boost_round": 2.0}, "datetime": {"datetime": "2024-01-19 00:39:16", "elapsed": 1650.259652, "delta": 0.002392}}
{"target": -17.677206968405137, "params": {"gamma": 970.9167028853874, "log10_alpha": -3.162002986028134, "log10_colsample_bytree": -0.41164161639747776, "log10_eta": -3.7050036130252653, "log10_lambda": 0.6033886327765243, "log10_min_child_weight": 1.8723627632728541, "log10_subsample": -0.7380037472358748, "max_depth": 8.0, "num_boost_round": 3.0}, "datetime": {"datetime": "2024-01-19 00:39:16", "elapsed": 1650.261653, "delta": 0.002001}}
{"target": -17.677186217758106, "params": {"gamma": 970.9167028853874, "log10_alpha": -3.162002986028134, "log10_colsample_bytree": -0.41164161639747776, "log10_eta": -3.7050036130252653, "log10_lambda": 0.6033886327765243, "log10_min_child_weight": 1.8723627632728541, "log10_subsample": -0.7380037472358748, "max_depth": 8.0, "num_boost_round": 4.0}, "datetime": {"datetime": "2024-01-19 00:39:16", "elapsed": 1650.263644, "delta": 0.001991}}
{"target": -17.677174189434243, "params": {"gamma": 970.9167028853874, "log10_alpha": -3.162002986028134, "log10_colsample_bytree": -0.41164161639747776, "log10_eta": -3.7050036130252653, "log10_lambda": 0.6033886327765243, "log10_min_child_weight": 1.8723627632728541, "log10_subsample": -0.7380037472358748, "max_depth": 8.0, "num_boost_round": 5.0}, "datetime": {"datetime": "2024-01-19 00:39:16", "elapsed": 1650.265628, "delta": 0.001984}}
{"target": -17.67716797178923, "params": {"gamma": 970.9167028853874, "log10_alpha": -3.162002986028134, "log10_colsample_bytree": -0.41164161639747776, "log10_eta": -3.7050036130252653, "log10_lambda": 0.6033886327765243, "log10_min_child_weight": 1.8723627632728541, "log10_subsample": -0.7380037472358748, "max_depth": 8.0, "num_boost_round": 6.0}, "datetime": {"datetime": "2024-01-19 00:39:16", "elapsed": 1650.268343, "delta": 0.002715}}
{"target": -17.67715467045355, "params": {"gamma": 970.9167028853874, "log10_alpha": -3.162002986028134, "log10_colsample_bytree": -0.41164161639747776, "log10_eta": -3.7050036130252653, "log10_lambda": 0.6033886327765243, "log10_min_child_weight": 1.8723627632728541, "log10_subsample": -0.7380037472358748, "max_depth": 8.0, "num_boost_round": 7.0}, "datetime": {"datetime": "2024-01-19 00:39:16", "elapsed": 1650.270693, "delta": 0.00235}}
{"target": -17.677150659569715, "params": {"gamma": 970.9167028853874, "log10_alpha": -3.162002986028134, "log10_colsample_bytree": -0.41164161639747776, "log10_eta": -3.7050036130252653, "log10_lambda": 0.6033886327765243, "log10_min_child_weight": 1.8723627632728541, "log10_subsample": -0.7380037472358748, "max_depth": 8.0, "num_boost_round": 8.0}, "datetime": {"datetime": "2024-01-19 00:39:16", "elapsed": 1650.272737, "delta": 0.002044}}
{"target": -17.67714735895048, "params": {"gamma": 970.9167028853874, "log10_alpha": -3.162002986028134, "log10_colsample_bytree": -0.41164161639747776, "log10_eta": -3.7050036130252653, "log10_lambda": 0.6033886327765243, "log10_min_child_weight": 1.8723627632728541, "log10_subsample": -0.7380037472358748, "max_depth": 8.0, "num_boost_round": 9.0}, "datetime": {"datetime": "2024-01-19 00:39:16", "elapsed": 1650.274726, "delta": 0.001989}}
{"target": -17.677133761257746, "params": {"gamma": 970.9167028853874, "log10_alpha": -3.162002986028134, "log10_colsample_bytree": -0.41164161639747776, "log10_eta": -3.7050036130252653, "log10_lambda": 0.6033886327765243, "log10_min_child_weight": 1.8723627632728541, "log10_subsample": -0.7380037472358748, "max_depth": 8.0, "num_boost_round": 10.0}, "datetime": {"datetime": "2024-01-19 00:39:16", "elapsed": 1650.276738, "delta": 0.002012}}
{"target": -17.677121314458716, "params": {"gamma": 970.9167028853874, "log10_alpha": -3.162002986028134, "log10_colsample_bytree": -0.41164161639747776, "log10_eta": -3.7050036130252653, "log10_lambda": 0.6033886327765243, "log10_min_child_weight": 1.8723627632728541, "log10_subsample": -0.7380037472358748, "max_depth": 8.0, "num_boost_round": 11.0}, "datetime": {"datetime": "2024-01-19 00:39:16", "elapsed": 1650.278731, "delta": 0.001993}}
{"target": -17.677115111932334, "params": {"gamma": 970.9167028853874, "log10_alpha": -3.162002986028134, "log10_colsample_bytree": -0.41164161639747776, "log10_eta": -3.7050036130252653, "log10_lambda": 0.6033886327765243, "log10_min_child_weight": 1.8723627632728541, "log10_subsample": -0.7380037472358748, "max_depth": 8.0, "num_boost_round": 12.0}, "datetime": {"datetime": "2024-01-19 00:39:16", "elapsed": 1650.280749, "delta": 0.002018}}
{"target": -17.67710908763913, "params": {"gamma": 970.9167028853874, "log10_alpha": -3.162002986028134, "log10_colsample_bytree": -0.41164161639747776, "log10_eta": -3.7050036130252653, "log10_lambda": 0.6033886327765243, "log10_min_child_weight": 1.8723627632728541, "log10_subsample": -0.7380037472358748, "max_depth": 8.0, "num_boost_round": 13.0}, "datetime": {"datetime": "2024-01-19 00:39:16", "elapsed": 1650.282811, "delta": 0.002062}}
{"target": -17.6770914293429, "params": {"gamma": 970.9167028853874, "log10_alpha": -3.162002986028134, "log10_colsample_bytree": -0.41164161639747776, "log10_eta": -3.7050036130252653, "log10_lambda": 0.6033886327765243, "log10_min_child_weight": 1.8723627632728541, "log10_subsample": -0.7380037472358748, "max_depth": 8.0, "num_boost_round": 14.0}, "datetime": {"datetime": "2024-01-19 00:39:16", "elapsed": 1650.284794, "delta": 0.001983}}
{"target": -17.677077273250944, "params": {"gamma": 970.9167028853874, "log10_alpha": -3.162002986028134, "log10_colsample_bytree": -0.41164161639747776, "log10_eta": -3.7050036130252653, "log10_lambda": 0.6033886327765243, "log10_min_child_weight": 1.8723627632728541, "log10_subsample": -0.7380037472358748, "max_depth": 8.0, "num_boost_round": 15.0}, "datetime": {"datetime": "2024-01-19 00:39:16", "elapsed": 1650.286789, "delta": 0.001995}}
{"target": -17.677078815466988, "params": {"gamma": 970.9167028853874, "log10_alpha": -3.162002986028134, "log10_colsample_bytree": -0.41164161639747776, "log10_eta": -3.7050036130252653, "log10_lambda": 0.6033886327765243, "log10_min_child_weight": 1.8723627632728541, "log10_subsample": -0.7380037472358748, "max_depth": 8.0, "num_boost_round": 16.0}, "datetime": {"datetime": "2024-01-19 00:39:16", "elapsed": 1650.288796, "delta": 0.002007}}
{"target": -17.677075690762422, "params": {"gamma": 970.9167028853874, "log10_alpha": -3.162002986028134, "log10_colsample_bytree": -0.41164161639747776, "log10_eta": -3.7050036130252653, "log10_lambda": 0.6033886327765243, "log10_min_child_weight": 1.8723627632728541, "log10_subsample": -0.7380037472358748, "max_depth": 8.0, "num_boost_round": 17.0}, "datetime": {"datetime": "2024-01-19 00:39:16", "elapsed": 1650.290908, "delta": 0.002112}}
{"target": -17.67706011182983, "params": {"gamma": 970.9167028853874, "log10_alpha": -3.162002986028134, "log10_colsample_bytree": -0.41164161639747776, "log10_eta": -3.7050036130252653, "log10_lambda": 0.6033886327765243, "log10_min_child_weight": 1.8723627632728541, "log10_subsample": -0.7380037472358748, "max_depth": 8.0, "num_boost_round": 18.0}, "datetime": {"datetime": "2024-01-19 00:39:16", "elapsed": 1650.292957, "delta": 0.002049}}
{"target": -17.677215207288036, "params": {"gamma": 962.3500394711452, "log10_alpha": -1.3692828740452947, "log10_colsample_bytree": 0.0, "log10_eta": -3.408362003835687, "log10_lambda": -3.606055815420342, "log10_min_child_weight": 0.45182780824699587, "log10_subsample": -1.0, "max_depth": 6.0, "num_boost_round": 0.0}, "datetime": {"datetime": "2024-01-19 00:39:43", "elapsed": 1677.569458, "delta": 27.276501}}
{"target": -17.677199797761155, "params": {"gamma": 962.3500394711452, "log10_alpha": -1.3692828740452947, "log10_colsample_bytree": 0.0, "log10_eta": -3.408362003835687, "log10_lambda": -3.606055815420342, "log10_min_child_weight": 0.45182780824699587, "log10_subsample": -1.0, "max_depth": 6.0, "num_boost_round": 1.0}, "datetime": {"datetime": "2024-01-19 00:39:43", "elapsed": 1677.572194, "delta": 0.002736}}
{"target": -17.677178744938104, "params": {"gamma": 962.3500394711452, "log10_alpha": -1.3692828740452947, "log10_colsample_bytree": 0.0, "log10_eta": -3.408362003835687, "log10_lambda": -3.606055815420342, "log10_min_child_weight": 0.45182780824699587, "log10_subsample": -1.0, "max_depth": 6.0, "num_boost_round": 2.0}, "datetime": {"datetime": "2024-01-19 00:39:43", "elapsed": 1677.574616, "delta": 0.002422}}
{"target": -17.677166481025154, "params": {"gamma": 962.3500394711452, "log10_alpha": -1.3692828740452947, "log10_colsample_bytree": 0.0, "log10_eta": -3.408362003835687, "log10_lambda": -3.606055815420342, "log10_min_child_weight": 0.45182780824699587, "log10_subsample": -1.0, "max_depth": 6.0, "num_boost_round": 3.0}, "datetime": {"datetime": "2024-01-19 00:39:43", "elapsed": 1677.576628, "delta": 0.002012}}
{"target": -17.677158161867062, "params": {"gamma": 962.3500394711452, "log10_alpha": -1.3692828740452947, "log10_colsample_bytree": 0.0, "log10_eta": -3.408362003835687, "log10_lambda": -3.606055815420342, "log10_min_child_weight": 0.45182780824699587, "log10_subsample": -1.0, "max_depth": 6.0, "num_boost_round": 4.0}, "datetime": {"datetime": "2024-01-19 00:39:43", "elapsed": 1677.578673, "delta": 0.002045}}
{"target": -17.677138967129885, "params": {"gamma": 962.3500394711452, "log10_alpha": -1.3692828740452947, "log10_colsample_bytree": 0.0, "log10_eta": -3.408362003835687, "log10_lambda": -3.606055815420342, "log10_min_child_weight": 0.45182780824699587, "log10_subsample": -1.0, "max_depth": 6.0, "num_boost_round": 5.0}, "datetime": {"datetime": "2024-01-19 00:39:43", "elapsed": 1677.58071, "delta": 0.002037}}
{"target": -17.677115941225683, "params": {"gamma": 962.3500394711452, "log10_alpha": -1.3692828740452947, "log10_colsample_bytree": 0.0, "log10_eta": -3.408362003835687, "log10_lambda": -3.606055815420342, "log10_min_child_weight": 0.45182780824699587, "log10_subsample": -1.0, "max_depth": 6.0, "num_boost_round": 6.0}, "datetime": {"datetime": "2024-01-19 00:39:43", "elapsed": 1677.582807, "delta": 0.002097}}
{"target": -17.677081479729434, "params": {"gamma": 962.3500394711452, "log10_alpha": -1.3692828740452947, "log10_colsample_bytree": 0.0, "log10_eta": -3.408362003835687, "log10_lambda": -3.606055815420342, "log10_min_child_weight": 0.45182780824699587, "log10_subsample": -1.0, "max_depth": 6.0, "num_boost_round": 7.0}, "datetime": {"datetime": "2024-01-19 00:39:43", "elapsed": 1677.584897, "delta": 0.00209}}
{"target": -17.677049836200887, "params": {"gamma": 962.3500394711452, "log10_alpha": -1.3692828740452947, "log10_colsample_bytree": 0.0, "log10_eta": -3.408362003835687, "log10_lambda": -3.606055815420342, "log10_min_child_weight": 0.45182780824699587, "log10_subsample": -1.0, "max_depth": 6.0, "num_boost_round": 8.0}, "datetime": {"datetime": "2024-01-19 00:39:43", "elapsed": 1677.586901, "delta": 0.002004}}
{"target": -17.677030618244576, "params": {"gamma": 962.3500394711452, "log10_alpha": -1.3692828740452947, "log10_colsample_bytree": 0.0, "log10_eta": -3.408362003835687, "log10_lambda": -3.606055815420342, "log10_min_child_weight": 0.45182780824699587, "log10_subsample": -1.0, "max_depth": 6.0, "num_boost_round": 9.0}, "datetime": {"datetime": "2024-01-19 00:39:43", "elapsed": 1677.588898, "delta": 0.001997}}
{"target": -17.67702048139119, "params": {"gamma": 962.3500394711452, "log10_alpha": -1.3692828740452947, "log10_colsample_bytree": 0.0, "log10_eta": -3.408362003835687, "log10_lambda": -3.606055815420342, "log10_min_child_weight": 0.45182780824699587, "log10_subsample": -1.0, "max_depth": 6.0, "num_boost_round": 10.0}, "datetime": {"datetime": "2024-01-19 00:39:43", "elapsed": 1677.591003, "delta": 0.002105}}
{"target": -17.67703366529567, "params": {"gamma": 962.3500394711452, "log10_alpha": -1.3692828740452947, "log10_colsample_bytree": 0.0, "log10_eta": -3.408362003835687, "log10_lambda": -3.606055815420342, "log10_min_child_weight": 0.45182780824699587, "log10_subsample": -1.0, "max_depth": 6.0, "num_boost_round": 11.0}, "datetime": {"datetime": "2024-01-19 00:39:43", "elapsed": 1677.593017, "delta": 0.002014}}
{"target": -17.676999655021174, "params": {"gamma": 962.3500394711452, "log10_alpha": -1.3692828740452947, "log10_colsample_bytree": 0.0, "log10_eta": -3.408362003835687, "log10_lambda": -3.606055815420342, "log10_min_child_weight": 0.45182780824699587, "log10_subsample": -1.0, "max_depth": 6.0, "num_boost_round": 12.0}, "datetime": {"datetime": "2024-01-19 00:39:43", "elapsed": 1677.59502, "delta": 0.002003}}
{"target": -17.676975067488076, "params": {"gamma": 962.3500394711452, "log10_alpha": -1.3692828740452947, "log10_colsample_bytree": 0.0, "log10_eta": -3.408362003835687, "log10_lambda": -3.606055815420342, "log10_min_child_weight": 0.45182780824699587, "log10_subsample": -1.0, "max_depth": 6.0, "num_boost_round": 13.0}, "datetime": {"datetime": "2024-01-19 00:39:43", "elapsed": 1677.597035, "delta": 0.002015}}
{"target": -17.676941443291575, "params": {"gamma": 962.3500394711452, "log10_alpha": -1.3692828740452947, "log10_colsample_bytree": 0.0, "log10_eta": -3.408362003835687, "log10_lambda": -3.606055815420342, "log10_min_child_weight": 0.45182780824699587, "log10_subsample": -1.0, "max_depth": 6.0, "num_boost_round": 14.0}, "datetime": {"datetime": "2024-01-19 00:39:43", "elapsed": 1677.599104, "delta": 0.002069}}
{"target": -17.676902191492132, "params": {"gamma": 962.3500394711452, "log10_alpha": -1.3692828740452947, "log10_colsample_bytree": 0.0, "log10_eta": -3.408362003835687, "log10_lambda": -3.606055815420342, "log10_min_child_weight": 0.45182780824699587, "log10_subsample": -1.0, "max_depth": 6.0, "num_boost_round": 15.0}, "datetime": {"datetime": "2024-01-19 00:39:43", "elapsed": 1677.60116, "delta": 0.002056}}
{"target": -17.676885588592768, "params": {"gamma": 962.3500394711452, "log10_alpha": -1.3692828740452947, "log10_colsample_bytree": 0.0, "log10_eta": -3.408362003835687, "log10_lambda": -3.606055815420342, "log10_min_child_weight": 0.45182780824699587, "log10_subsample": -1.0, "max_depth": 6.0, "num_boost_round": 16.0}, "datetime": {"datetime": "2024-01-19 00:39:43", "elapsed": 1677.603257, "delta": 0.002097}}
{"target": -17.676851871806324, "params": {"gamma": 962.3500394711452, "log10_alpha": -1.3692828740452947, "log10_colsample_bytree": 0.0, "log10_eta": -3.408362003835687, "log10_lambda": -3.606055815420342, "log10_min_child_weight": 0.45182780824699587, "log10_subsample": -1.0, "max_depth": 6.0, "num_boost_round": 17.0}, "datetime": {"datetime": "2024-01-19 00:39:43", "elapsed": 1677.605295, "delta": 0.002038}}
{"target": -17.676827521457817, "params": {"gamma": 962.3500394711452, "log10_alpha": -1.3692828740452947, "log10_colsample_bytree": 0.0, "log10_eta": -3.408362003835687, "log10_lambda": -3.606055815420342, "log10_min_child_weight": 0.45182780824699587, "log10_subsample": -1.0, "max_depth": 6.0, "num_boost_round": 18.0}, "datetime": {"datetime": "2024-01-19 00:39:43", "elapsed": 1677.607334, "delta": 0.002039}}
{"target": -17.67680689289294, "params": {"gamma": 962.3500394711452, "log10_alpha": -1.3692828740452947, "log10_colsample_bytree": 0.0, "log10_eta": -3.408362003835687, "log10_lambda": -3.606055815420342, "log10_min_child_weight": 0.45182780824699587, "log10_subsample": -1.0, "max_depth": 6.0, "num_boost_round": 19.0}, "datetime": {"datetime": "2024-01-19 00:39:43", "elapsed": 1677.609369, "delta": 0.002035}}
{"target": -17.676790755489463, "params": {"gamma": 962.3500394711452, "log10_alpha": -1.3692828740452947, "log10_colsample_bytree": 0.0, "log10_eta": -3.408362003835687, "log10_lambda": -3.606055815420342, "log10_min_child_weight": 0.45182780824699587, "log10_subsample": -1.0, "max_depth": 6.0, "num_boost_round": 20.0}, "datetime": {"datetime": "2024-01-19 00:39:43", "elapsed": 1677.612012, "delta": 0.002643}}
{"target": -17.67723139387653, "params": {"gamma": 969.5522542959956, "log10_alpha": -1.8246109664274266, "log10_colsample_bytree": -0.42344427021716885, "log10_eta": -4.0, "log10_lambda": -1.6672080124695068, "log10_min_child_weight": 5.0, "log10_subsample": 0.0, "max_depth": 7.0, "num_boost_round": 0.0}, "datetime": {"datetime": "2024-01-19 00:40:12", "elapsed": 1705.915986, "delta": 28.303974}}
{"target": -17.67723039036052, "params": {"gamma": 969.5522542959956, "log10_alpha": -1.8246109664274266, "log10_colsample_bytree": -0.42344427021716885, "log10_eta": -4.0, "log10_lambda": -1.6672080124695068, "log10_min_child_weight": 5.0, "log10_subsample": 0.0, "max_depth": 7.0, "num_boost_round": 1.0}, "datetime": {"datetime": "2024-01-19 00:40:12", "elapsed": 1705.918214, "delta": 0.002228}}
{"target": -17.677230227148375, "params": {"gamma": 969.5522542959956, "log10_alpha": -1.8246109664274266, "log10_colsample_bytree": -0.42344427021716885, "log10_eta": -4.0, "log10_lambda": -1.6672080124695068, "log10_min_child_weight": 5.0, "log10_subsample": 0.0, "max_depth": 7.0, "num_boost_round": 2.0}, "datetime": {"datetime": "2024-01-19 00:40:12", "elapsed": 1705.92033, "delta": 0.002116}}
{"target": -17.677228880996328, "params": {"gamma": 969.5522542959956, "log10_alpha": -1.8246109664274266, "log10_colsample_bytree": -0.42344427021716885, "log10_eta": -4.0, "log10_lambda": -1.6672080124695068, "log10_min_child_weight": 5.0, "log10_subsample": 0.0, "max_depth": 7.0, "num_boost_round": 3.0}, "datetime": {"datetime": "2024-01-19 00:40:12", "elapsed": 1705.92381, "delta": 0.00348}}
{"target": -17.677228265039005, "params": {"gamma": 969.5522542959956, "log10_alpha": -1.8246109664274266, "log10_colsample_bytree": -0.42344427021716885, "log10_eta": -4.0, "log10_lambda": -1.6672080124695068, "log10_min_child_weight": 5.0, "log10_subsample": 0.0, "max_depth": 7.0, "num_boost_round": 4.0}, "datetime": {"datetime": "2024-01-19 00:40:12", "elapsed": 1705.926356, "delta": 0.002546}}
{"target": -17.67722791026048, "params": {"gamma": 969.5522542959956, "log10_alpha": -1.8246109664274266, "log10_colsample_bytree": -0.42344427021716885, "log10_eta": -4.0, "log10_lambda": -1.6672080124695068, "log10_min_child_weight": 5.0, "log10_subsample": 0.0, "max_depth": 7.0, "num_boost_round": 5.0}, "datetime": {"datetime": "2024-01-19 00:40:12", "elapsed": 1705.928396, "delta": 0.00204}}
{"target": -17.677226875094124, "params": {"gamma": 969.5522542959956, "log10_alpha": -1.8246109664274266, "log10_colsample_bytree": -0.42344427021716885, "log10_eta": -4.0, "log10_lambda": -1.6672080124695068, "log10_min_child_weight": 5.0, "log10_subsample": 0.0, "max_depth": 7.0, "num_boost_round": 6.0}, "datetime": {"datetime": "2024-01-19 00:40:12", "elapsed": 1705.930598, "delta": 0.002202}}
{"target": -17.677226787612938, "params": {"gamma": 969.5522542959956, "log10_alpha": -1.8246109664274266, "log10_colsample_bytree": -0.42344427021716885, "log10_eta": -4.0, "log10_lambda": -1.6672080124695068, "log10_min_child_weight": 5.0, "log10_subsample": 0.0, "max_depth": 7.0, "num_boost_round": 7.0}, "datetime": {"datetime": "2024-01-19 00:40:12", "elapsed": 1705.932775, "delta": 0.002177}}
{"target": -17.677226085276477, "params": {"gamma": 969.5522542959956, "log10_alpha": -1.8246109664274266, "log10_colsample_bytree": -0.42344427021716885, "log10_eta": -4.0, "log10_lambda": -1.6672080124695068, "log10_min_child_weight": 5.0, "log10_subsample": 0.0, "max_depth": 7.0, "num_boost_round": 8.0}, "datetime": {"datetime": "2024-01-19 00:40:12", "elapsed": 1705.93484, "delta": 0.002065}}
{"target": -17.677225067122137, "params": {"gamma": 969.5522542959956, "log10_alpha": -1.8246109664274266, "log10_colsample_bytree": -0.42344427021716885, "log10_eta": -4.0, "log10_lambda": -1.6672080124695068, "log10_min_child_weight": 5.0, "log10_subsample": 0.0, "max_depth": 7.0, "num_boost_round": 9.0}, "datetime": {"datetime": "2024-01-19 00:40:12", "elapsed": 1705.936896, "delta": 0.002056}}
