{"target": -17.67721451748473, "params": {"gamma": 974.7416807901935, "log10_alpha": -2.4773642875218593, "log10_colsample_bytree": -0.5734991429727606, "log10_eta": -3.2115881747563986, "log10_lambda": -4.3040567878624225, "log10_min_child_weight": 4.892002490293578, "log10_subsample": -0.4358237780506026, "max_depth": 9.0, "num_boost_round": 9.0}, "datetime": {"datetime": "2024-01-19 01:31:24", "elapsed": 4778.263845, "delta": 0.004767}}
{"target": -17.67720753171271, "params": {"gamma": 974.7416807901935, "log10_alpha": -2.4773642875218593, "log10_colsample_bytree": -0.5734991429727606, "log10_eta": -3.2115881747563986, "log10_lambda": -4.3040567878624225, "log10_min_child_weight": 4.892002490293578, "log10_subsample": -0.4358237780506026, "max_depth": 9.0, "num_boost_round": 10.0}, "datetime": {"datetime": "2024-01-19 01:31:24", "elapsed": 4778.268655, "delta": 0.00481}}
{"target": -17.67720030173775, "params": {"gamma": 974.7416807901935, "log10_alpha": -2.4773642875218593, "log10_colsample_bytree": -0.5734991429727606, "log10_eta": -3.2115881747563986, "log10_lambda": -4.3040567878624225, "log10_min_child_weight": 4.892002490293578, "log10_subsample": -0.4358237780506026, "max_depth": 9.0, "num_boost_round": 11.0}, "datetime": {"datetime": "2024-01-19 01:31:24", "elapsed": 4778.273552, "delta": 0.004897}}
{"target": -17.677199711042604, "params": {"gamma": 974.7416807901935, "log10_alpha": -2.4773642875218593, "log10_colsample_bytree": -0.5734991429727606, "log10_eta": -3.2115881747563986, "log10_lambda": -4.3040567878624225, "log10_min_child_weight": 4.892002490293578, "log10_subsample": -0.4358237780506026, "max_depth": 9.0, "num_boost_round": 12.0}, "datetime": {"datetime": "2024-01-19 01:31:24", "elapsed": 4778.278531, "delta": 0.004979}}
{"target": -17.677199345115344, "params": {"gamma": 974.7416807901935, "log10_alpha": -2.4773642875218593, "log10_colsample_bytree": -0.5734991429727606, "log10_eta": -3.2115881747563986, "log10_lambda": -4.3040567878624225, "log10_min_child_weight": 4.892002490293578, "log10_subsample": -0.4358237780506026, "max_depth": 9.0, "num_boost_round": 13.0}, "datetime": {"datetime": "2024-01-19 01:31:24", "elapsed": 4778.283628, "delta": 0.005097}}
{"target": -17.67719986173861, "params": {"gamma": 974.7416807901935, "log10_alpha": -2.4773642875218593, "log10_colsample_bytree": -0.5734991429727606, "log10_eta": -3.2115881747563986, "log10_lambda": -4.3040567878624225, "log10_min_child_weight": 4.892002490293578, "log10_subsample": -0.4358237780506026, "max_depth": 9.0, "num_boost_round": 14.0}, "datetime": {"datetime": "2024-01-19 01:31:24", "elapsed": 4778.288534, "delta": 0.004906}}
{"target": -17.677191101286688, "params": {"gamma": 974.7416807901935, "log10_alpha": -2.4773642875218593, "log10_colsample_bytree": -0.5734991429727606, "log10_eta": -3.2115881747563986, "log10_lambda": -4.3040567878624225, "log10_min_child_weight": 4.892002490293578, "log10_subsample": -0.4358237780506026, "max_depth": 9.0, "num_boost_round": 15.0}, "datetime": {"datetime": "2024-01-19 01:31:24", "elapsed": 4778.293517, "delta": 0.004983}}
{"target": -17.67718151642787, "params": {"gamma": 974.7416807901935, "log10_alpha": -2.4773642875218593, "log10_colsample_bytree": -0.5734991429727606, "log10_eta": -3.2115881747563986, "log10_lambda": -4.3040567878624225, "log10_min_child_weight": 4.892002490293578, "log10_subsample": -0.4358237780506026, "max_depth": 9.0, "num_boost_round": 16.0}, "datetime": {"datetime": "2024-01-19 01:31:24", "elapsed": 4778.298391, "delta": 0.004874}}
{"target": -17.677182360262066, "params": {"gamma": 974.7416807901935, "log10_alpha": -2.4773642875218593, "log10_colsample_bytree": -0.5734991429727606, "log10_eta": -3.2115881747563986, "log10_lambda": -4.3040567878624225, "log10_min_child_weight": 4.892002490293578, "log10_subsample": -0.4358237780506026, "max_depth": 9.0, "num_boost_round": 17.0}, "datetime": {"datetime": "2024-01-19 01:31:24", "elapsed": 4778.303169, "delta": 0.004778}}
{"target": -17.677178313946424, "params": {"gamma": 974.7416807901935, "log10_alpha": -2.4773642875218593, "log10_colsample_bytree": -0.5734991429727606, "log10_eta": -3.2115881747563986, "log10_lambda": -4.3040567878624225, "log10_min_child_weight": 4.892002490293578, "log10_subsample": -0.4358237780506026, "max_depth": 9.0, "num_boost_round": 18.0}, "datetime": {"datetime": "2024-01-19 01:31:24", "elapsed": 4778.308044, "delta": 0.004875}}
{"target": -17.677171290036107, "params": {"gamma": 974.7416807901935, "log10_alpha": -2.4773642875218593, "log10_colsample_bytree": -0.5734991429727606, "log10_eta": -3.2115881747563986, "log10_lambda": -4.3040567878624225, "log10_min_child_weight": 4.892002490293578, "log10_subsample": -0.4358237780506026, "max_depth": 9.0, "num_boost_round": 19.0}, "datetime": {"datetime": "2024-01-19 01:31:24", "elapsed": 4778.313028, "delta": 0.004984}}
{"target": -17.677163111652888, "params": {"gamma": 974.7416807901935, "log10_alpha": -2.4773642875218593, "log10_colsample_bytree": -0.5734991429727606, "log10_eta": -3.2115881747563986, "log10_lambda": -4.3040567878624225, "log10_min_child_weight": 4.892002490293578, "log10_subsample": -0.4358237780506026, "max_depth": 9.0, "num_boost_round": 20.0}, "datetime": {"datetime": "2024-01-19 01:31:24", "elapsed": 4778.318758, "delta": 0.00573}}
{"target": -17.6771588142944, "params": {"gamma": 974.7416807901935, "log10_alpha": -2.4773642875218593, "log10_colsample_bytree": -0.5734991429727606, "log10_eta": -3.2115881747563986, "log10_lambda": -4.3040567878624225, "log10_min_child_weight": 4.892002490293578, "log10_subsample": -0.4358237780506026, "max_depth": 9.0, "num_boost_round": 21.0}, "datetime": {"datetime": "2024-01-19 01:31:24", "elapsed": 4778.323867, "delta": 0.005109}}
{"target": -17.677152268180357, "params": {"gamma": 974.7416807901935, "log10_alpha": -2.4773642875218593, "log10_colsample_bytree": -0.5734991429727606, "log10_eta": -3.2115881747563986, "log10_lambda": -4.3040567878624225, "log10_min_child_weight": 4.892002490293578, "log10_subsample": -0.4358237780506026, "max_depth": 9.0, "num_boost_round": 22.0}, "datetime": {"datetime": "2024-01-19 01:31:24", "elapsed": 4778.328935, "delta": 0.005068}}
{"target": -17.677144474785717, "params": {"gamma": 974.7416807901935, "log10_alpha": -2.4773642875218593, "log10_colsample_bytree": -0.5734991429727606, "log10_eta": -3.2115881747563986, "log10_lambda": -4.3040567878624225, "log10_min_child_weight": 4.892002490293578, "log10_subsample": -0.4358237780506026, "max_depth": 9.0, "num_boost_round": 23.0}, "datetime": {"datetime": "2024-01-19 01:31:24", "elapsed": 4778.333982, "delta": 0.005047}}
{"target": -17.677145660561845, "params": {"gamma": 974.7416807901935, "log10_alpha": -2.4773642875218593, "log10_colsample_bytree": -0.5734991429727606, "log10_eta": -3.2115881747563986, "log10_lambda": -4.3040567878624225, "log10_min_child_weight": 4.892002490293578, "log10_subsample": -0.4358237780506026, "max_depth": 9.0, "num_boost_round": 24.0}, "datetime": {"datetime": "2024-01-19 01:31:24", "elapsed": 4778.338855, "delta": 0.004873}}
{"target": -17.677140390774543, "params": {"gamma": 974.7416807901935, "log10_alpha": -2.4773642875218593, "log10_colsample_bytree": -0.5734991429727606, "log10_eta": -3.2115881747563986, "log10_lambda": -4.3040567878624225, "log10_min_child_weight": 4.892002490293578, "log10_subsample": -0.4358237780506026, "max_depth": 9.0, "num_boost_round": 25.0}, "datetime": {"datetime": "2024-01-19 01:31:24", "elapsed": 4778.34382, "delta": 0.004965}}
{"target": -17.67714134994879, "params": {"gamma": 974.7416807901935, "log10_alpha": -2.4773642875218593, "log10_colsample_bytree": -0.5734991429727606, "log10_eta": -3.2115881747563986, "log10_lambda": -4.3040567878624225, "log10_min_child_weight": 4.892002490293578, "log10_subsample": -0.4358237780506026, "max_depth": 9.0, "num_boost_round": 26.0}, "datetime": {"datetime": "2024-01-19 01:31:24", "elapsed": 4778.348816, "delta": 0.004996}}
{"target": -17.677134799165035, "params": {"gamma": 974.7416807901935, "log10_alpha": -2.4773642875218593, "log10_colsample_bytree": -0.5734991429727606, "log10_eta": -3.2115881747563986, "log10_lambda": -4.3040567878624225, "log10_min_child_weight": 4.892002490293578, "log10_subsample": -0.4358237780506026, "max_depth": 9.0, "num_boost_round": 27.0}, "datetime": {"datetime": "2024-01-19 01:31:24", "elapsed": 4778.353926, "delta": 0.00511}}
{"target": -17.67712720520449, "params": {"gamma": 974.7416807901935, "log10_alpha": -2.4773642875218593, "log10_colsample_bytree": -0.5734991429727606, "log10_eta": -3.2115881747563986, "log10_lambda": -4.3040567878624225, "log10_min_child_weight": 4.892002490293578, "log10_subsample": -0.4358237780506026, "max_depth": 9.0, "num_boost_round": 28.0}, "datetime": {"datetime": "2024-01-19 01:31:24", "elapsed": 4778.358866, "delta": 0.00494}}
{"target": -17.67722955935953, "params": {"gamma": 970.2902970732704, "log10_alpha": -2.4443844966256987, "log10_colsample_bytree": -0.9633681889677773, "log10_eta": -3.7968244052455917, "log10_lambda": -0.6217816971189967, "log10_min_child_weight": 0.14895692779407554, "log10_subsample": -0.5934510533253794, "max_depth": 7.0, "num_boost_round": 0.0}, "datetime": {"datetime": "2024-01-19 01:32:26", "elapsed": 4839.917935, "delta": 61.559069}}
{"target": -17.677228891862224, "params": {"gamma": 970.2902970732704, "log10_alpha": -2.4443844966256987, "log10_colsample_bytree": -0.9633681889677773, "log10_eta": -3.7968244052455917, "log10_lambda": -0.6217816971189967, "log10_min_child_weight": 0.14895692779407554, "log10_subsample": -0.5934510533253794, "max_depth": 7.0, "num_boost_round": 1.0}, "datetime": {"datetime": "2024-01-19 01:32:26", "elapsed": 4839.923097, "delta": 0.005162}}
{"target": -17.67722437119499, "params": {"gamma": 970.2902970732704, "log10_alpha": -2.4443844966256987, "log10_colsample_bytree": -0.9633681889677773, "log10_eta": -3.7968244052455917, "log10_lambda": -0.6217816971189967, "log10_min_child_weight": 0.14895692779407554, "log10_subsample": -0.5934510533253794, "max_depth": 7.0, "num_boost_round": 2.0}, "datetime": {"datetime": "2024-01-19 01:32:26", "elapsed": 4839.927846, "delta": 0.004749}}
{"target": -17.6772177710572, "params": {"gamma": 970.2902970732704, "log10_alpha": -2.4443844966256987, "log10_colsample_bytree": -0.9633681889677773, "log10_eta": -3.7968244052455917, "log10_lambda": -0.6217816971189967, "log10_min_child_weight": 0.14895692779407554, "log10_subsample": -0.5934510533253794, "max_depth": 7.0, "num_boost_round": 3.0}, "datetime": {"datetime": "2024-01-19 01:32:26", "elapsed": 4839.932688, "delta": 0.004842}}
{"target": -17.677205026474027, "params": {"gamma": 970.2902970732704, "log10_alpha": -2.4443844966256987, "log10_colsample_bytree": -0.9633681889677773, "log10_eta": -3.7968244052455917, "log10_lambda": -0.6217816971189967, "log10_min_child_weight": 0.14895692779407554, "log10_subsample": -0.5934510533253794, "max_depth": 7.0, "num_boost_round": 4.0}, "datetime": {"datetime": "2024-01-19 01:32:26", "elapsed": 4839.937365, "delta": 0.004677}}
{"target": -17.67720048348242, "params": {"gamma": 970.2902970732704, "log10_alpha": -2.4443844966256987, "log10_colsample_bytree": -0.9633681889677773, "log10_eta": -3.7968244052455917, "log10_lambda": -0.6217816971189967, "log10_min_child_weight": 0.14895692779407554, "log10_subsample": -0.5934510533253794, "max_depth": 7.0, "num_boost_round": 5.0}, "datetime": {"datetime": "2024-01-19 01:32:26", "elapsed": 4839.942102, "delta": 0.004737}}
{"target": -17.677202279622076, "params": {"gamma": 970.2902970732704, "log10_alpha": -2.4443844966256987, "log10_colsample_bytree": -0.9633681889677773, "log10_eta": -3.7968244052455917, "log10_lambda": -0.6217816971189967, "log10_min_child_weight": 0.14895692779407554, "log10_subsample": -0.5934510533253794, "max_depth": 7.0, "num_boost_round": 6.0}, "datetime": {"datetime": "2024-01-19 01:32:26", "elapsed": 4839.946836, "delta": 0.004734}}
{"target": -17.677193747792565, "params": {"gamma": 970.2902970732704, "log10_alpha": -2.4443844966256987, "log10_colsample_bytree": -0.9633681889677773, "log10_eta": -3.7968244052455917, "log10_lambda": -0.6217816971189967, "log10_min_child_weight": 0.14895692779407554, "log10_subsample": -0.5934510533253794, "max_depth": 7.0, "num_boost_round": 7.0}, "datetime": {"datetime": "2024-01-19 01:32:26", "elapsed": 4839.951643, "delta": 0.004807}}
{"target": -17.67719316264325, "params": {"gamma": 970.2902970732704, "log10_alpha": -2.4443844966256987, "log10_colsample_bytree": -0.9633681889677773, "log10_eta": -3.7968244052455917, "log10_lambda": -0.6217816971189967, "log10_min_child_weight": 0.14895692779407554, "log10_subsample": -0.5934510533253794, "max_depth": 7.0, "num_boost_round": 8.0}, "datetime": {"datetime": "2024-01-19 01:32:26", "elapsed": 4839.956302, "delta": 0.004659}}
{"target": -17.67718589378666, "params": {"gamma": 970.2902970732704, "log10_alpha": -2.4443844966256987, "log10_colsample_bytree": -0.9633681889677773, "log10_eta": -3.7968244052455917, "log10_lambda": -0.6217816971189967, "log10_min_child_weight": 0.14895692779407554, "log10_subsample": -0.5934510533253794, "max_depth": 7.0, "num_boost_round": 9.0}, "datetime": {"datetime": "2024-01-19 01:32:26", "elapsed": 4839.961189, "delta": 0.004887}}
{"target": -17.677177004996718, "params": {"gamma": 970.2902970732704, "log10_alpha": -2.4443844966256987, "log10_colsample_bytree": -0.9633681889677773, "log10_eta": -3.7968244052455917, "log10_lambda": -0.6217816971189967, "log10_min_child_weight": 0.14895692779407554, "log10_subsample": -0.5934510533253794, "max_depth": 7.0, "num_boost_round": 10.0}, "datetime": {"datetime": "2024-01-19 01:32:26", "elapsed": 4839.965987, "delta": 0.004798}}
{"target": -17.677174868769505, "params": {"gamma": 970.2902970732704, "log10_alpha": -2.4443844966256987, "log10_colsample_bytree": -0.9633681889677773, "log10_eta": -3.7968244052455917, "log10_lambda": -0.6217816971189967, "log10_min_child_weight": 0.14895692779407554, "log10_subsample": -0.5934510533253794, "max_depth": 7.0, "num_boost_round": 11.0}, "datetime": {"datetime": "2024-01-19 01:32:26", "elapsed": 4839.970882, "delta": 0.004895}}
{"target": -17.677159609499192, "params": {"gamma": 970.2902970732704, "log10_alpha": -2.4443844966256987, "log10_colsample_bytree": -0.9633681889677773, "log10_eta": -3.7968244052455917, "log10_lambda": -0.6217816971189967, "log10_min_child_weight": 0.14895692779407554, "log10_subsample": -0.5934510533253794, "max_depth": 7.0, "num_boost_round": 12.0}, "datetime": {"datetime": "2024-01-19 01:32:26", "elapsed": 4839.975553, "delta": 0.004671}}
{"target": -17.67715783419537, "params": {"gamma": 970.2902970732704, "log10_alpha": -2.4443844966256987, "log10_colsample_bytree": -0.9633681889677773, "log10_eta": -3.7968244052455917, "log10_lambda": -0.6217816971189967, "log10_min_child_weight": 0.14895692779407554, "log10_subsample": -0.5934510533253794, "max_depth": 7.0, "num_boost_round": 13.0}, "datetime": {"datetime": "2024-01-19 01:32:26", "elapsed": 4839.980257, "delta": 0.004704}}
{"target": -17.677151604504697, "params": {"gamma": 970.2902970732704, "log10_alpha": -2.4443844966256987, "log10_colsample_bytree": -0.9633681889677773, "log10_eta": -3.7968244052455917, "log10_lambda": -0.6217816971189967, "log10_min_child_weight": 0.14895692779407554, "log10_subsample": -0.5934510533253794, "max_depth": 7.0, "num_boost_round": 14.0}, "datetime": {"datetime": "2024-01-19 01:32:26", "elapsed": 4839.984971, "delta": 0.004714}}
{"target": -17.6771479074804, "params": {"gamma": 970.2902970732704, "log10_alpha": -2.4443844966256987, "log10_colsample_bytree": -0.9633681889677773, "log10_eta": -3.7968244052455917, "log10_lambda": -0.6217816971189967, "log10_min_child_weight": 0.14895692779407554, "log10_subsample": -0.5934510533253794, "max_depth": 7.0, "num_boost_round": 15.0}, "datetime": {"datetime": "2024-01-19 01:32:26", "elapsed": 4839.989642, "delta": 0.004671}}
{"target": -17.677143848818385, "params": {"gamma": 970.2902970732704, "log10_alpha": -2.4443844966256987, "log10_colsample_bytree": -0.9633681889677773, "log10_eta": -3.7968244052455917, "log10_lambda": -0.6217816971189967, "log10_min_child_weight": 0.14895692779407554, "log10_subsample": -0.5934510533253794, "max_depth": 7.0, "num_boost_round": 16.0}, "datetime": {"datetime": "2024-01-19 01:32:26", "elapsed": 4839.994466, "delta": 0.004824}}
{"target": -17.677141867824048, "params": {"gamma": 970.2902970732704, "log10_alpha": -2.4443844966256987, "log10_colsample_bytree": -0.9633681889677773, "log10_eta": -3.7968244052455917, "log10_lambda": -0.6217816971189967, "log10_min_child_weight": 0.14895692779407554, "log10_subsample": -0.5934510533253794, "max_depth": 7.0, "num_boost_round": 17.0}, "datetime": {"datetime": "2024-01-19 01:32:26", "elapsed": 4839.999185, "delta": 0.004719}}
{"target": -17.67713753055105, "params": {"gamma": 970.2902970732704, "log10_alpha": -2.4443844966256987, "log10_colsample_bytree": -0.9633681889677773, "log10_eta": -3.7968244052455917, "log10_lambda": -0.6217816971189967, "log10_min_child_weight": 0.14895692779407554, "log10_subsample": -0.5934510533253794, "max_depth": 7.0, "num_boost_round": 18.0}, "datetime": {"datetime": "2024-01-19 01:32:26", "elapsed": 4840.003879, "delta": 0.004694}}
{"target": -17.677129355246027, "params": {"gamma": 970.2902970732704, "log10_alpha": -2.4443844966256987, "log10_colsample_bytree": -0.9633681889677773, "log10_eta": -3.7968244052455917, "log10_lambda": -0.6217816971189967, "log10_min_child_weight": 0.14895692779407554, "log10_subsample": -0.5934510533253794, "max_depth": 7.0, "num_boost_round": 19.0}, "datetime": {"datetime": "2024-01-19 01:32:26", "elapsed": 4840.008575, "delta": 0.004696}}
{"target": -17.677130768883465, "params": {"gamma": 970.2902970732704, "log10_alpha": -2.4443844966256987, "log10_colsample_bytree": -0.9633681889677773, "log10_eta": -3.7968244052455917, "log10_lambda": -0.6217816971189967, "log10_min_child_weight": 0.14895692779407554, "log10_subsample": -0.5934510533253794, "max_depth": 7.0, "num_boost_round": 20.0}, "datetime": {"datetime": "2024-01-19 01:32:26", "elapsed": 4840.013391, "delta": 0.004816}}
{"target": -17.67711992095825, "params": {"gamma": 970.2902970732704, "log10_alpha": -2.4443844966256987, "log10_colsample_bytree": -0.9633681889677773, "log10_eta": -3.7968244052455917, "log10_lambda": -0.6217816971189967, "log10_min_child_weight": 0.14895692779407554, "log10_subsample": -0.5934510533253794, "max_depth": 7.0, "num_boost_round": 21.0}, "datetime": {"datetime": "2024-01-19 01:32:26", "elapsed": 4840.018355, "delta": 0.004964}}
{"target": -17.677116471594406, "params": {"gamma": 970.2902970732704, "log10_alpha": -2.4443844966256987, "log10_colsample_bytree": -0.9633681889677773, "log10_eta": -3.7968244052455917, "log10_lambda": -0.6217816971189967, "log10_min_child_weight": 0.14895692779407554, "log10_subsample": -0.5934510533253794, "max_depth": 7.0, "num_boost_round": 22.0}, "datetime": {"datetime": "2024-01-19 01:32:26", "elapsed": 4840.023134, "delta": 0.004779}}
{"target": -17.67710674966302, "params": {"gamma": 970.2902970732704, "log10_alpha": -2.4443844966256987, "log10_colsample_bytree": -0.9633681889677773, "log10_eta": -3.7968244052455917, "log10_lambda": -0.6217816971189967, "log10_min_child_weight": 0.14895692779407554, "log10_subsample": -0.5934510533253794, "max_depth": 7.0, "num_boost_round": 23.0}, "datetime": {"datetime": "2024-01-19 01:32:26", "elapsed": 4840.027816, "delta": 0.004682}}
{"target": -17.67711189201366, "params": {"gamma": 970.2902970732704, "log10_alpha": -2.4443844966256987, "log10_colsample_bytree": -0.9633681889677773, "log10_eta": -3.7968244052455917, "log10_lambda": -0.6217816971189967, "log10_min_child_weight": 0.14895692779407554, "log10_subsample": -0.5934510533253794, "max_depth": 7.0, "num_boost_round": 24.0}, "datetime": {"datetime": "2024-01-19 01:32:26", "elapsed": 4840.032701, "delta": 0.004885}}
{"target": -17.677099978910014, "params": {"gamma": 970.2902970732704, "log10_alpha": -2.4443844966256987, "log10_colsample_bytree": -0.9633681889677773, "log10_eta": -3.7968244052455917, "log10_lambda": -0.6217816971189967, "log10_min_child_weight": 0.14895692779407554, "log10_subsample": -0.5934510533253794, "max_depth": 7.0, "num_boost_round": 25.0}, "datetime": {"datetime": "2024-01-19 01:32:26", "elapsed": 4840.037464, "delta": 0.004763}}
{"target": -17.677098003351006, "params": {"gamma": 970.2902970732704, "log10_alpha": -2.4443844966256987, "log10_colsample_bytree": -0.9633681889677773, "log10_eta": -3.7968244052455917, "log10_lambda": -0.6217816971189967, "log10_min_child_weight": 0.14895692779407554, "log10_subsample": -0.5934510533253794, "max_depth": 7.0, "num_boost_round": 26.0}, "datetime": {"datetime": "2024-01-19 01:32:26", "elapsed": 4840.042133, "delta": 0.004669}}
{"target": -17.677093871730634, "params": {"gamma": 970.2902970732704, "log10_alpha": -2.4443844966256987, "log10_colsample_bytree": -0.9633681889677773, "log10_eta": -3.7968244052455917, "log10_lambda": -0.6217816971189967, "log10_min_child_weight": 0.14895692779407554, "log10_subsample": -0.5934510533253794, "max_depth": 7.0, "num_boost_round": 27.0}, "datetime": {"datetime": "2024-01-19 01:32:26", "elapsed": 4840.046842, "delta": 0.004709}}
{"target": -17.67708655078491, "params": {"gamma": 970.2902970732704, "log10_alpha": -2.4443844966256987, "log10_colsample_bytree": -0.9633681889677773, "log10_eta": -3.7968244052455917, "log10_lambda": -0.6217816971189967, "log10_min_child_weight": 0.14895692779407554, "log10_subsample": -0.5934510533253794, "max_depth": 7.0, "num_boost_round": 28.0}, "datetime": {"datetime": "2024-01-19 01:32:26", "elapsed": 4840.052889, "delta": 0.006047}}
