{"target": -13.758379912842203, "params": {"gamma": 418.6061616439972, "log10_alpha": -5.0, "log10_colsample_bytree": -1.0, "log10_eta": -4.0, "log10_lambda": -5.0, "log10_min_child_weight": 0.0, "log10_subsample": 0.0, "max_depth": 10.0, "num_boost_round": 75.0}, "datetime": {"datetime": "2024-01-19 00:56:28", "elapsed": 2691.902465, "delta": 0.004067}}
{"target": -13.758377248059382, "params": {"gamma": 418.6061616439972, "log10_alpha": -5.0, "log10_colsample_bytree": -1.0, "log10_eta": -4.0, "log10_lambda": -5.0, "log10_min_child_weight": 0.0, "log10_subsample": 0.0, "max_depth": 10.0, "num_boost_round": 76.0}, "datetime": {"datetime": "2024-01-19 00:56:28", "elapsed": 2691.906492, "delta": 0.004027}}
{"target": -13.758371897551754, "params": {"gamma": 418.6061616439972, "log10_alpha": -5.0, "log10_colsample_bytree": -1.0, "log10_eta": -4.0, "log10_lambda": -5.0, "log10_min_child_weight": 0.0, "log10_subsample": 0.0, "max_depth": 10.0, "num_boost_round": 77.0}, "datetime": {"datetime": "2024-01-19 00:56:28", "elapsed": 2691.910647, "delta": 0.004155}}
{"target": -13.758536106672071, "params": {"gamma": 421.2189156921171, "log10_alpha": -1.5053381997479365, "log10_colsample_bytree": -0.982469522051046, "log10_eta": -3.96486469637032, "log10_lambda": -4.19196787627541, "log10_min_child_weight": 1.668814468213481, "log10_subsample": -0.7440986076632881, "max_depth": 2.0, "num_boost_round": 0.0}, "datetime": {"datetime": "2024-01-19 00:57:21", "elapsed": 2744.232998, "delta": 52.322351}}
{"target": -13.758534731353501, "params": {"gamma": 421.2189156921171, "log10_alpha": -1.5053381997479365, "log10_colsample_bytree": -0.982469522051046, "log10_eta": -3.96486469637032, "log10_lambda": -4.19196787627541, "log10_min_child_weight": 1.668814468213481, "log10_subsample": -0.7440986076632881, "max_depth": 2.0, "num_boost_round": 1.0}, "datetime": {"datetime": "2024-01-19 00:57:21", "elapsed": 2744.237704, "delta": 0.004706}}
{"target": -13.758534415626425, "params": {"gamma": 421.2189156921171, "log10_alpha": -1.5053381997479365, "log10_colsample_bytree": -0.982469522051046, "log10_eta": -3.96486469637032, "log10_lambda": -4.19196787627541, "log10_min_child_weight": 1.668814468213481, "log10_subsample": -0.7440986076632881, "max_depth": 2.0, "num_boost_round": 2.0}, "datetime": {"datetime": "2024-01-19 00:57:21", "elapsed": 2744.241741, "delta": 0.004037}}
{"target": -13.7585350103283, "params": {"gamma": 421.2189156921171, "log10_alpha": -1.5053381997479365, "log10_colsample_bytree": -0.982469522051046, "log10_eta": -3.96486469637032, "log10_lambda": -4.19196787627541, "log10_min_child_weight": 1.668814468213481, "log10_subsample": -0.7440986076632881, "max_depth": 2.0, "num_boost_round": 3.0}, "datetime": {"datetime": "2024-01-19 00:57:21", "elapsed": 2744.245716, "delta": 0.003975}}
{"target": -13.758535098391647, "params": {"gamma": 421.2189156921171, "log10_alpha": -1.5053381997479365, "log10_colsample_bytree": -0.982469522051046, "log10_eta": -3.96486469637032, "log10_lambda": -4.19196787627541, "log10_min_child_weight": 1.668814468213481, "log10_subsample": -0.7440986076632881, "max_depth": 2.0, "num_boost_round": 4.0}, "datetime": {"datetime": "2024-01-19 00:57:21", "elapsed": 2744.249838, "delta": 0.004122}}
{"target": -13.75853536041194, "params": {"gamma": 421.2189156921171, "log10_alpha": -1.5053381997479365, "log10_colsample_bytree": -0.982469522051046, "log10_eta": -3.96486469637032, "log10_lambda": -4.19196787627541, "log10_min_child_weight": 1.668814468213481, "log10_subsample": -0.7440986076632881, "max_depth": 2.0, "num_boost_round": 5.0}, "datetime": {"datetime": "2024-01-19 00:57:21", "elapsed": 2744.253801, "delta": 0.003963}}
{"target": -13.758535892137598, "params": {"gamma": 421.2189156921171, "log10_alpha": -1.5053381997479365, "log10_colsample_bytree": -0.982469522051046, "log10_eta": -3.96486469637032, "log10_lambda": -4.19196787627541, "log10_min_child_weight": 1.668814468213481, "log10_subsample": -0.7440986076632881, "max_depth": 2.0, "num_boost_round": 6.0}, "datetime": {"datetime": "2024-01-19 00:57:21", "elapsed": 2744.257762, "delta": 0.003961}}
{"target": -13.758533946621181, "params": {"gamma": 421.2189156921171, "log10_alpha": -1.5053381997479365, "log10_colsample_bytree": -0.982469522051046, "log10_eta": -3.96486469637032, "log10_lambda": -4.19196787627541, "log10_min_child_weight": 1.668814468213481, "log10_subsample": -0.7440986076632881, "max_depth": 2.0, "num_boost_round": 7.0}, "datetime": {"datetime": "2024-01-19 00:57:21", "elapsed": 2744.261748, "delta": 0.003986}}
{"target": -13.758534820625025, "params": {"gamma": 421.2189156921171, "log10_alpha": -1.5053381997479365, "log10_colsample_bytree": -0.982469522051046, "log10_eta": -3.96486469637032, "log10_lambda": -4.19196787627541, "log10_min_child_weight": 1.668814468213481, "log10_subsample": -0.7440986076632881, "max_depth": 2.0, "num_boost_round": 8.0}, "datetime": {"datetime": "2024-01-19 00:57:21", "elapsed": 2744.265725, "delta": 0.003977}}
{"target": -13.758533831061115, "params": {"gamma": 421.2189156921171, "log10_alpha": -1.5053381997479365, "log10_colsample_bytree": -0.982469522051046, "log10_eta": -3.96486469637032, "log10_lambda": -4.19196787627541, "log10_min_child_weight": 1.668814468213481, "log10_subsample": -0.7440986076632881, "max_depth": 2.0, "num_boost_round": 9.0}, "datetime": {"datetime": "2024-01-19 00:57:21", "elapsed": 2744.269815, "delta": 0.00409}}
{"target": -13.758533290270112, "params": {"gamma": 421.2189156921171, "log10_alpha": -1.5053381997479365, "log10_colsample_bytree": -0.982469522051046, "log10_eta": -3.96486469637032, "log10_lambda": -4.19196787627541, "log10_min_child_weight": 1.668814468213481, "log10_subsample": -0.7440986076632881, "max_depth": 2.0, "num_boost_round": 10.0}, "datetime": {"datetime": "2024-01-19 00:57:21", "elapsed": 2744.273832, "delta": 0.004017}}
{"target": -13.758531998073718, "params": {"gamma": 421.2189156921171, "log10_alpha": -1.5053381997479365, "log10_colsample_bytree": -0.982469522051046, "log10_eta": -3.96486469637032, "log10_lambda": -4.19196787627541, "log10_min_child_weight": 1.668814468213481, "log10_subsample": -0.7440986076632881, "max_depth": 2.0, "num_boost_round": 11.0}, "datetime": {"datetime": "2024-01-19 00:57:21", "elapsed": 2744.277812, "delta": 0.00398}}
{"target": -13.758530261347051, "params": {"gamma": 421.2189156921171, "log10_alpha": -1.5053381997479365, "log10_colsample_bytree": -0.982469522051046, "log10_eta": -3.96486469637032, "log10_lambda": -4.19196787627541, "log10_min_child_weight": 1.668814468213481, "log10_subsample": -0.7440986076632881, "max_depth": 2.0, "num_boost_round": 12.0}, "datetime": {"datetime": "2024-01-19 00:57:21", "elapsed": 2744.281817, "delta": 0.004005}}
{"target": -13.758528358898605, "params": {"gamma": 421.2189156921171, "log10_alpha": -1.5053381997479365, "log10_colsample_bytree": -0.982469522051046, "log10_eta": -3.96486469637032, "log10_lambda": -4.19196787627541, "log10_min_child_weight": 1.668814468213481, "log10_subsample": -0.7440986076632881, "max_depth": 2.0, "num_boost_round": 13.0}, "datetime": {"datetime": "2024-01-19 00:57:21", "elapsed": 2744.285791, "delta": 0.003974}}
{"target": -13.758527585508691, "params": {"gamma": 421.2189156921171, "log10_alpha": -1.5053381997479365, "log10_colsample_bytree": -0.982469522051046, "log10_eta": -3.96486469637032, "log10_lambda": -4.19196787627541, "log10_min_child_weight": 1.668814468213481, "log10_subsample": -0.7440986076632881, "max_depth": 2.0, "num_boost_round": 14.0}, "datetime": {"datetime": "2024-01-19 00:57:21", "elapsed": 2744.289959, "delta": 0.004168}}
{"target": -13.758526141304865, "params": {"gamma": 421.2189156921171, "log10_alpha": -1.5053381997479365, "log10_colsample_bytree": -0.982469522051046, "log10_eta": -3.96486469637032, "log10_lambda": -4.19196787627541, "log10_min_child_weight": 1.668814468213481, "log10_subsample": -0.7440986076632881, "max_depth": 2.0, "num_boost_round": 15.0}, "datetime": {"datetime": "2024-01-19 00:57:21", "elapsed": 2744.294042, "delta": 0.004083}}
{"target": -13.758525171368694, "params": {"gamma": 421.2189156921171, "log10_alpha": -1.5053381997479365, "log10_colsample_bytree": -0.982469522051046, "log10_eta": -3.96486469637032, "log10_lambda": -4.19196787627541, "log10_min_child_weight": 1.668814468213481, "log10_subsample": -0.7440986076632881, "max_depth": 2.0, "num_boost_round": 16.0}, "datetime": {"datetime": "2024-01-19 00:57:21", "elapsed": 2744.298161, "delta": 0.004119}}
{"target": -13.758524069030052, "params": {"gamma": 421.2189156921171, "log10_alpha": -1.5053381997479365, "log10_colsample_bytree": -0.982469522051046, "log10_eta": -3.96486469637032, "log10_lambda": -4.19196787627541, "log10_min_child_weight": 1.668814468213481, "log10_subsample": -0.7440986076632881, "max_depth": 2.0, "num_boost_round": 17.0}, "datetime": {"datetime": "2024-01-19 00:57:21", "elapsed": 2744.302396, "delta": 0.004235}}
{"target": -13.758523072941262, "params": {"gamma": 421.2189156921171, "log10_alpha": -1.5053381997479365, "log10_colsample_bytree": -0.982469522051046, "log10_eta": -3.96486469637032, "log10_lambda": -4.19196787627541, "log10_min_child_weight": 1.668814468213481, "log10_subsample": -0.7440986076632881, "max_depth": 2.0, "num_boost_round": 18.0}, "datetime": {"datetime": "2024-01-19 00:57:21", "elapsed": 2744.30653, "delta": 0.004134}}
{"target": -13.75852238853408, "params": {"gamma": 421.2189156921171, "log10_alpha": -1.5053381997479365, "log10_colsample_bytree": -0.982469522051046, "log10_eta": -3.96486469637032, "log10_lambda": -4.19196787627541, "log10_min_child_weight": 1.668814468213481, "log10_subsample": -0.7440986076632881, "max_depth": 2.0, "num_boost_round": 19.0}, "datetime": {"datetime": "2024-01-19 00:57:21", "elapsed": 2744.310567, "delta": 0.004037}}
{"target": -13.758521697108732, "params": {"gamma": 421.2189156921171, "log10_alpha": -1.5053381997479365, "log10_colsample_bytree": -0.982469522051046, "log10_eta": -3.96486469637032, "log10_lambda": -4.19196787627541, "log10_min_child_weight": 1.668814468213481, "log10_subsample": -0.7440986076632881, "max_depth": 2.0, "num_boost_round": 20.0}, "datetime": {"datetime": "2024-01-19 00:57:21", "elapsed": 2744.31479, "delta": 0.004223}}
{"target": -13.758519951196325, "params": {"gamma": 421.2189156921171, "log10_alpha": -1.5053381997479365, "log10_colsample_bytree": -0.982469522051046, "log10_eta": -3.96486469637032, "log10_lambda": -4.19196787627541, "log10_min_child_weight": 1.668814468213481, "log10_subsample": -0.7440986076632881, "max_depth": 2.0, "num_boost_round": 21.0}, "datetime": {"datetime": "2024-01-19 00:57:21", "elapsed": 2744.318824, "delta": 0.004034}}
{"target": -13.758519754106226, "params": {"gamma": 421.2189156921171, "log10_alpha": -1.5053381997479365, "log10_colsample_bytree": -0.982469522051046, "log10_eta": -3.96486469637032, "log10_lambda": -4.19196787627541, "log10_min_child_weight": 1.668814468213481, "log10_subsample": -0.7440986076632881, "max_depth": 2.0, "num_boost_round": 22.0}, "datetime": {"datetime": "2024-01-19 00:57:21", "elapsed": 2744.322909, "delta": 0.004085}}
{"target": -13.758518691920214, "params": {"gamma": 421.2189156921171, "log10_alpha": -1.5053381997479365, "log10_colsample_bytree": -0.982469522051046, "log10_eta": -3.96486469637032, "log10_lambda": -4.19196787627541, "log10_min_child_weight": 1.668814468213481, "log10_subsample": -0.7440986076632881, "max_depth": 2.0, "num_boost_round": 23.0}, "datetime": {"datetime": "2024-01-19 00:57:21", "elapsed": 2744.326955, "delta": 0.004046}}
{"target": -13.758518462301808, "params": {"gamma": 421.2189156921171, "log10_alpha": -1.5053381997479365, "log10_colsample_bytree": -0.982469522051046, "log10_eta": -3.96486469637032, "log10_lambda": -4.19196787627541, "log10_min_child_weight": 1.668814468213481, "log10_subsample": -0.7440986076632881, "max_depth": 2.0, "num_boost_round": 24.0}, "datetime": {"datetime": "2024-01-19 00:57:21", "elapsed": 2744.330995, "delta": 0.00404}}
{"target": -13.758516673049314, "params": {"gamma": 421.2189156921171, "log10_alpha": -1.5053381997479365, "log10_colsample_bytree": -0.982469522051046, "log10_eta": -3.96486469637032, "log10_lambda": -4.19196787627541, "log10_min_child_weight": 1.668814468213481, "log10_subsample": -0.7440986076632881, "max_depth": 2.0, "num_boost_round": 25.0}, "datetime": {"datetime": "2024-01-19 00:57:21", "elapsed": 2744.33504, "delta": 0.004045}}
{"target": -13.758515705349264, "params": {"gamma": 421.2189156921171, "log10_alpha": -1.5053381997479365, "log10_colsample_bytree": -0.982469522051046, "log10_eta": -3.96486469637032, "log10_lambda": -4.19196787627541, "log10_min_child_weight": 1.668814468213481, "log10_subsample": -0.7440986076632881, "max_depth": 2.0, "num_boost_round": 26.0}, "datetime": {"datetime": "2024-01-19 00:57:21", "elapsed": 2744.339085, "delta": 0.004045}}
{"target": -13.758513341793524, "params": {"gamma": 421.2189156921171, "log10_alpha": -1.5053381997479365, "log10_colsample_bytree": -0.982469522051046, "log10_eta": -3.96486469637032, "log10_lambda": -4.19196787627541, "log10_min_child_weight": 1.668814468213481, "log10_subsample": -0.7440986076632881, "max_depth": 2.0, "num_boost_round": 27.0}, "datetime": {"datetime": "2024-01-19 00:57:21", "elapsed": 2744.343141, "delta": 0.004056}}
{"target": -13.758512866856222, "params": {"gamma": 421.2189156921171, "log10_alpha": -1.5053381997479365, "log10_colsample_bytree": -0.982469522051046, "log10_eta": -3.96486469637032, "log10_lambda": -4.19196787627541, "log10_min_child_weight": 1.668814468213481, "log10_subsample": -0.7440986076632881, "max_depth": 2.0, "num_boost_round": 28.0}, "datetime": {"datetime": "2024-01-19 00:57:21", "elapsed": 2744.347189, "delta": 0.004048}}
{"target": -13.758512271690638, "params": {"gamma": 421.2189156921171, "log10_alpha": -1.5053381997479365, "log10_colsample_bytree": -0.982469522051046, "log10_eta": -3.96486469637032, "log10_lambda": -4.19196787627541, "log10_min_child_weight": 1.668814468213481, "log10_subsample": -0.7440986076632881, "max_depth": 2.0, "num_boost_round": 29.0}, "datetime": {"datetime": "2024-01-19 00:57:21", "elapsed": 2744.351243, "delta": 0.004054}}
{"target": -13.758510635602489, "params": {"gamma": 421.2189156921171, "log10_alpha": -1.5053381997479365, "log10_colsample_bytree": -0.982469522051046, "log10_eta": -3.96486469637032, "log10_lambda": -4.19196787627541, "log10_min_child_weight": 1.668814468213481, "log10_subsample": -0.7440986076632881, "max_depth": 2.0, "num_boost_round": 30.0}, "datetime": {"datetime": "2024-01-19 00:57:21", "elapsed": 2744.355289, "delta": 0.004046}}
{"target": -13.758508561052432, "params": {"gamma": 421.2189156921171, "log10_alpha": -1.5053381997479365, "log10_colsample_bytree": -0.982469522051046, "log10_eta": -3.96486469637032, "log10_lambda": -4.19196787627541, "log10_min_child_weight": 1.668814468213481, "log10_subsample": -0.7440986076632881, "max_depth": 2.0, "num_boost_round": 31.0}, "datetime": {"datetime": "2024-01-19 00:57:21", "elapsed": 2744.359349, "delta": 0.00406}}
{"target": -13.758506737649732, "params": {"gamma": 421.2189156921171, "log10_alpha": -1.5053381997479365, "log10_colsample_bytree": -0.982469522051046, "log10_eta": -3.96486469637032, "log10_lambda": -4.19196787627541, "log10_min_child_weight": 1.668814468213481, "log10_subsample": -0.7440986076632881, "max_depth": 2.0, "num_boost_round": 32.0}, "datetime": {"datetime": "2024-01-19 00:57:21", "elapsed": 2744.363394, "delta": 0.004045}}
{"target": -13.758506935893632, "params": {"gamma": 421.2189156921171, "log10_alpha": -1.5053381997479365, "log10_colsample_bytree": -0.982469522051046, "log10_eta": -3.96486469637032, "log10_lambda": -4.19196787627541, "log10_min_child_weight": 1.668814468213481, "log10_subsample": -0.7440986076632881, "max_depth": 2.0, "num_boost_round": 33.0}, "datetime": {"datetime": "2024-01-19 00:57:21", "elapsed": 2744.367798, "delta": 0.004404}}
{"target": -13.758506056957357, "params": {"gamma": 421.2189156921171, "log10_alpha": -1.5053381997479365, "log10_colsample_bytree": -0.982469522051046, "log10_eta": -3.96486469637032, "log10_lambda": -4.19196787627541, "log10_min_child_weight": 1.668814468213481, "log10_subsample": -0.7440986076632881, "max_depth": 2.0, "num_boost_round": 34.0}, "datetime": {"datetime": "2024-01-19 00:57:21", "elapsed": 2744.372393, "delta": 0.004595}}
{"target": -13.758505868517904, "params": {"gamma": 421.2189156921171, "log10_alpha": -1.5053381997479365, "log10_colsample_bytree": -0.982469522051046, "log10_eta": -3.96486469637032, "log10_lambda": -4.19196787627541, "log10_min_child_weight": 1.668814468213481, "log10_subsample": -0.7440986076632881, "max_depth": 2.0, "num_boost_round": 35.0}, "datetime": {"datetime": "2024-01-19 00:57:21", "elapsed": 2744.37689, "delta": 0.004497}}
{"target": -13.758504940480897, "params": {"gamma": 421.2189156921171, "log10_alpha": -1.5053381997479365, "log10_colsample_bytree": -0.982469522051046, "log10_eta": -3.96486469637032, "log10_lambda": -4.19196787627541, "log10_min_child_weight": 1.668814468213481, "log10_subsample": -0.7440986076632881, "max_depth": 2.0, "num_boost_round": 36.0}, "datetime": {"datetime": "2024-01-19 00:57:21", "elapsed": 2744.381017, "delta": 0.004127}}
{"target": -13.758504953660648, "params": {"gamma": 421.2189156921171, "log10_alpha": -1.5053381997479365, "log10_colsample_bytree": -0.982469522051046, "log10_eta": -3.96486469637032, "log10_lambda": -4.19196787627541, "log10_min_child_weight": 1.668814468213481, "log10_subsample": -0.7440986076632881, "max_depth": 2.0, "num_boost_round": 37.0}, "datetime": {"datetime": "2024-01-19 00:57:21", "elapsed": 2744.38505, "delta": 0.004033}}
{"target": -13.758536343461511, "params": {"gamma": 443.4681515109069, "log10_alpha": -4.665864481793948, "log10_colsample_bytree": -0.6256608493871283, "log10_eta": -3.3986762815523726, "log10_lambda": -1.1979802474643573, "log10_min_child_weight": 4.158566144643048, "log10_subsample": -0.16047479039341683, "max_depth": 5.0, "num_boost_round": 0.0}, "datetime": {"datetime": "2024-01-19 00:58:13", "elapsed": 2796.338642, "delta": 51.953592}}
{"target": -13.758534638886276, "params": {"gamma": 443.4681515109069, "log10_alpha": -4.665864481793948, "log10_colsample_bytree": -0.6256608493871283, "log10_eta": -3.3986762815523726, "log10_lambda": -1.1979802474643573, "log10_min_child_weight": 4.158566144643048, "log10_subsample": -0.16047479039341683, "max_depth": 5.0, "num_boost_round": 1.0}, "datetime": {"datetime": "2024-01-19 00:58:13", "elapsed": 2796.343305, "delta": 0.004663}}
{"target": -13.758541660369298, "params": {"gamma": 443.4681515109069, "log10_alpha": -4.665864481793948, "log10_colsample_bytree": -0.6256608493871283, "log10_eta": -3.3986762815523726, "log10_lambda": -1.1979802474643573, "log10_min_child_weight": 4.158566144643048, "log10_subsample": -0.16047479039341683, "max_depth": 5.0, "num_boost_round": 2.0}, "datetime": {"datetime": "2024-01-19 00:58:13", "elapsed": 2796.347851, "delta": 0.004546}}
{"target": -13.75853720032632, "params": {"gamma": 443.4681515109069, "log10_alpha": -4.665864481793948, "log10_colsample_bytree": -0.6256608493871283, "log10_eta": -3.3986762815523726, "log10_lambda": -1.1979802474643573, "log10_min_child_weight": 4.158566144643048, "log10_subsample": -0.16047479039341683, "max_depth": 5.0, "num_boost_round": 3.0}, "datetime": {"datetime": "2024-01-19 00:58:13", "elapsed": 2796.352187, "delta": 0.004336}}
{"target": -13.758535046943729, "params": {"gamma": 443.4681515109069, "log10_alpha": -4.665864481793948, "log10_colsample_bytree": -0.6256608493871283, "log10_eta": -3.3986762815523726, "log10_lambda": -1.1979802474643573, "log10_min_child_weight": 4.158566144643048, "log10_subsample": -0.16047479039341683, "max_depth": 5.0, "num_boost_round": 4.0}, "datetime": {"datetime": "2024-01-19 00:58:13", "elapsed": 2796.356351, "delta": 0.004164}}
{"target": -13.758536162063091, "params": {"gamma": 443.4681515109069, "log10_alpha": -4.665864481793948, "log10_colsample_bytree": -0.6256608493871283, "log10_eta": -3.3986762815523726, "log10_lambda": -1.1979802474643573, "log10_min_child_weight": 4.158566144643048, "log10_subsample": -0.16047479039341683, "max_depth": 5.0, "num_boost_round": 5.0}, "datetime": {"datetime": "2024-01-19 00:58:13", "elapsed": 2796.360566, "delta": 0.004215}}
{"target": -13.758542484497001, "params": {"gamma": 443.4681515109069, "log10_alpha": -4.665864481793948, "log10_colsample_bytree": -0.6256608493871283, "log10_eta": -3.3986762815523726, "log10_lambda": -1.1979802474643573, "log10_min_child_weight": 4.158566144643048, "log10_subsample": -0.16047479039341683, "max_depth": 5.0, "num_boost_round": 6.0}, "datetime": {"datetime": "2024-01-19 00:58:13", "elapsed": 2796.364823, "delta": 0.004257}}
{"target": -13.758536032478386, "params": {"gamma": 443.4681515109069, "log10_alpha": -4.665864481793948, "log10_colsample_bytree": -0.6256608493871283, "log10_eta": -3.3986762815523726, "log10_lambda": -1.1979802474643573, "log10_min_child_weight": 4.158566144643048, "log10_subsample": -0.16047479039341683, "max_depth": 5.0, "num_boost_round": 7.0}, "datetime": {"datetime": "2024-01-19 00:58:13", "elapsed": 2796.369018, "delta": 0.004195}}
{"target": -13.75853553626365, "params": {"gamma": 443.4681515109069, "log10_alpha": -4.665864481793948, "log10_colsample_bytree": -0.6256608493871283, "log10_eta": -3.3986762815523726, "log10_lambda": -1.1979802474643573, "log10_min_child_weight": 4.158566144643048, "log10_subsample": -0.16047479039341683, "max_depth": 5.0, "num_boost_round": 8.0}, "datetime": {"datetime": "2024-01-19 00:58:13", "elapsed": 2796.373233, "delta": 0.004215}}
