{"target": -13.75647330553408, "params": {"gamma": 708.6103308031677, "log10_alpha": -2.452490771903797, "log10_colsample_bytree": -0.5051112248308935, "log10_eta": -2.5693937419342356, "log10_lambda": -3.244661512819858, "log10_min_child_weight": 3.0704505976708782, "log10_subsample": -0.6735269778851976, "max_depth": 9.0, "num_boost_round": 78.0}, "datetime": {"datetime": "2024-01-19 01:51:35", "elapsed": 5994.239768, "delta": 0.005617}}
{"target": -13.756460075133974, "params": {"gamma": 708.6103308031677, "log10_alpha": -2.452490771903797, "log10_colsample_bytree": -0.5051112248308935, "log10_eta": -2.5693937419342356, "log10_lambda": -3.244661512819858, "log10_min_child_weight": 3.0704505976708782, "log10_subsample": -0.6735269778851976, "max_depth": 9.0, "num_boost_round": 79.0}, "datetime": {"datetime": "2024-01-19 01:51:35", "elapsed": 5994.245658, "delta": 0.00589}}
{"target": -13.756471770488604, "params": {"gamma": 708.6103308031677, "log10_alpha": -2.452490771903797, "log10_colsample_bytree": -0.5051112248308935, "log10_eta": -2.5693937419342356, "log10_lambda": -3.244661512819858, "log10_min_child_weight": 3.0704505976708782, "log10_subsample": -0.6735269778851976, "max_depth": 9.0, "num_boost_round": 80.0}, "datetime": {"datetime": "2024-01-19 01:51:35", "elapsed": 5994.251523, "delta": 0.005865}}
{"target": -13.756401800372108, "params": {"gamma": 708.6103308031677, "log10_alpha": -2.452490771903797, "log10_colsample_bytree": -0.5051112248308935, "log10_eta": -2.5693937419342356, "log10_lambda": -3.244661512819858, "log10_min_child_weight": 3.0704505976708782, "log10_subsample": -0.6735269778851976, "max_depth": 9.0, "num_boost_round": 81.0}, "datetime": {"datetime": "2024-01-19 01:51:35", "elapsed": 5994.257289, "delta": 0.005766}}
{"target": -13.756388143037205, "params": {"gamma": 708.6103308031677, "log10_alpha": -2.452490771903797, "log10_colsample_bytree": -0.5051112248308935, "log10_eta": -2.5693937419342356, "log10_lambda": -3.244661512819858, "log10_min_child_weight": 3.0704505976708782, "log10_subsample": -0.6735269778851976, "max_depth": 9.0, "num_boost_round": 82.0}, "datetime": {"datetime": "2024-01-19 01:51:35", "elapsed": 5994.263065, "delta": 0.005776}}
{"target": -13.758531209111297, "params": {"gamma": 717.7841764400761, "log10_alpha": -0.7640564259679206, "log10_colsample_bytree": -0.27345444890866255, "log10_eta": -3.281196225681487, "log10_lambda": -4.3091467081501715, "log10_min_child_weight": 3.2935363162574043, "log10_subsample": -0.4690159334181746, "max_depth": 2.0, "num_boost_round": 0.0}, "datetime": {"datetime": "2024-01-19 01:53:26", "elapsed": 6106.081075, "delta": 111.81801}}
{"target": -13.758522638295995, "params": {"gamma": 717.7841764400761, "log10_alpha": -0.7640564259679206, "log10_colsample_bytree": -0.27345444890866255, "log10_eta": -3.281196225681487, "log10_lambda": -4.3091467081501715, "log10_min_child_weight": 3.2935363162574043, "log10_subsample": -0.4690159334181746, "max_depth": 2.0, "num_boost_round": 1.0}, "datetime": {"datetime": "2024-01-19 01:53:27", "elapsed": 6106.088776, "delta": 0.007701}}
{"target": -13.758521632421196, "params": {"gamma": 717.7841764400761, "log10_alpha": -0.7640564259679206, "log10_colsample_bytree": -0.27345444890866255, "log10_eta": -3.281196225681487, "log10_lambda": -4.3091467081501715, "log10_min_child_weight": 3.2935363162574043, "log10_subsample": -0.4690159334181746, "max_depth": 2.0, "num_boost_round": 2.0}, "datetime": {"datetime": "2024-01-19 01:53:27", "elapsed": 6106.095772, "delta": 0.006996}}
{"target": -13.758521925717332, "params": {"gamma": 717.7841764400761, "log10_alpha": -0.7640564259679206, "log10_colsample_bytree": -0.27345444890866255, "log10_eta": -3.281196225681487, "log10_lambda": -4.3091467081501715, "log10_min_child_weight": 3.2935363162574043, "log10_subsample": -0.4690159334181746, "max_depth": 2.0, "num_boost_round": 3.0}, "datetime": {"datetime": "2024-01-19 01:53:27", "elapsed": 6106.101976, "delta": 0.006204}}
{"target": -13.758511389791119, "params": {"gamma": 717.7841764400761, "log10_alpha": -0.7640564259679206, "log10_colsample_bytree": -0.27345444890866255, "log10_eta": -3.281196225681487, "log10_lambda": -4.3091467081501715, "log10_min_child_weight": 3.2935363162574043, "log10_subsample": -0.4690159334181746, "max_depth": 2.0, "num_boost_round": 4.0}, "datetime": {"datetime": "2024-01-19 01:53:27", "elapsed": 6106.108037, "delta": 0.006061}}
{"target": -13.758505117389127, "params": {"gamma": 717.7841764400761, "log10_alpha": -0.7640564259679206, "log10_colsample_bytree": -0.27345444890866255, "log10_eta": -3.281196225681487, "log10_lambda": -4.3091467081501715, "log10_min_child_weight": 3.2935363162574043, "log10_subsample": -0.4690159334181746, "max_depth": 2.0, "num_boost_round": 5.0}, "datetime": {"datetime": "2024-01-19 01:53:27", "elapsed": 6106.113591, "delta": 0.005554}}
{"target": -13.758502804714553, "params": {"gamma": 717.7841764400761, "log10_alpha": -0.7640564259679206, "log10_colsample_bytree": -0.27345444890866255, "log10_eta": -3.281196225681487, "log10_lambda": -4.3091467081501715, "log10_min_child_weight": 3.2935363162574043, "log10_subsample": -0.4690159334181746, "max_depth": 2.0, "num_boost_round": 6.0}, "datetime": {"datetime": "2024-01-19 01:53:27", "elapsed": 6106.124752, "delta": 0.011161}}
{"target": -13.758493672075431, "params": {"gamma": 717.7841764400761, "log10_alpha": -0.7640564259679206, "log10_colsample_bytree": -0.27345444890866255, "log10_eta": -3.281196225681487, "log10_lambda": -4.3091467081501715, "log10_min_child_weight": 3.2935363162574043, "log10_subsample": -0.4690159334181746, "max_depth": 2.0, "num_boost_round": 7.0}, "datetime": {"datetime": "2024-01-19 01:53:27", "elapsed": 6106.131082, "delta": 0.00633}}
{"target": -13.75849200326819, "params": {"gamma": 717.7841764400761, "log10_alpha": -0.7640564259679206, "log10_colsample_bytree": -0.27345444890866255, "log10_eta": -3.281196225681487, "log10_lambda": -4.3091467081501715, "log10_min_child_weight": 3.2935363162574043, "log10_subsample": -0.4690159334181746, "max_depth": 2.0, "num_boost_round": 8.0}, "datetime": {"datetime": "2024-01-19 01:53:27", "elapsed": 6106.137094, "delta": 0.006012}}
{"target": -13.758489895168571, "params": {"gamma": 717.7841764400761, "log10_alpha": -0.7640564259679206, "log10_colsample_bytree": -0.27345444890866255, "log10_eta": -3.281196225681487, "log10_lambda": -4.3091467081501715, "log10_min_child_weight": 3.2935363162574043, "log10_subsample": -0.4690159334181746, "max_depth": 2.0, "num_boost_round": 9.0}, "datetime": {"datetime": "2024-01-19 01:53:27", "elapsed": 6106.142864, "delta": 0.00577}}
{"target": -13.758481566287179, "params": {"gamma": 717.7841764400761, "log10_alpha": -0.7640564259679206, "log10_colsample_bytree": -0.27345444890866255, "log10_eta": -3.281196225681487, "log10_lambda": -4.3091467081501715, "log10_min_child_weight": 3.2935363162574043, "log10_subsample": -0.4690159334181746, "max_depth": 2.0, "num_boost_round": 10.0}, "datetime": {"datetime": "2024-01-19 01:53:27", "elapsed": 6106.148896, "delta": 0.006032}}
{"target": -13.758472149289966, "params": {"gamma": 717.7841764400761, "log10_alpha": -0.7640564259679206, "log10_colsample_bytree": -0.27345444890866255, "log10_eta": -3.281196225681487, "log10_lambda": -4.3091467081501715, "log10_min_child_weight": 3.2935363162574043, "log10_subsample": -0.4690159334181746, "max_depth": 2.0, "num_boost_round": 11.0}, "datetime": {"datetime": "2024-01-19 01:53:27", "elapsed": 6106.154576, "delta": 0.00568}}
{"target": -13.75846773089876, "params": {"gamma": 717.7841764400761, "log10_alpha": -0.7640564259679206, "log10_colsample_bytree": -0.27345444890866255, "log10_eta": -3.281196225681487, "log10_lambda": -4.3091467081501715, "log10_min_child_weight": 3.2935363162574043, "log10_subsample": -0.4690159334181746, "max_depth": 2.0, "num_boost_round": 12.0}, "datetime": {"datetime": "2024-01-19 01:53:27", "elapsed": 6106.160194, "delta": 0.005618}}
{"target": -13.758458437595667, "params": {"gamma": 717.7841764400761, "log10_alpha": -0.7640564259679206, "log10_colsample_bytree": -0.27345444890866255, "log10_eta": -3.281196225681487, "log10_lambda": -4.3091467081501715, "log10_min_child_weight": 3.2935363162574043, "log10_subsample": -0.4690159334181746, "max_depth": 2.0, "num_boost_round": 13.0}, "datetime": {"datetime": "2024-01-19 01:53:27", "elapsed": 6106.165947, "delta": 0.005753}}
{"target": -13.758448891612636, "params": {"gamma": 717.7841764400761, "log10_alpha": -0.7640564259679206, "log10_colsample_bytree": -0.27345444890866255, "log10_eta": -3.281196225681487, "log10_lambda": -4.3091467081501715, "log10_min_child_weight": 3.2935363162574043, "log10_subsample": -0.4690159334181746, "max_depth": 2.0, "num_boost_round": 14.0}, "datetime": {"datetime": "2024-01-19 01:53:27", "elapsed": 6106.171671, "delta": 0.005724}}
{"target": -13.758440501061402, "params": {"gamma": 717.7841764400761, "log10_alpha": -0.7640564259679206, "log10_colsample_bytree": -0.27345444890866255, "log10_eta": -3.281196225681487, "log10_lambda": -4.3091467081501715, "log10_min_child_weight": 3.2935363162574043, "log10_subsample": -0.4690159334181746, "max_depth": 2.0, "num_boost_round": 15.0}, "datetime": {"datetime": "2024-01-19 01:53:27", "elapsed": 6106.178252, "delta": 0.006581}}
{"target": -13.758438069635568, "params": {"gamma": 717.7841764400761, "log10_alpha": -0.7640564259679206, "log10_colsample_bytree": -0.27345444890866255, "log10_eta": -3.281196225681487, "log10_lambda": -4.3091467081501715, "log10_min_child_weight": 3.2935363162574043, "log10_subsample": -0.4690159334181746, "max_depth": 2.0, "num_boost_round": 16.0}, "datetime": {"datetime": "2024-01-19 01:53:27", "elapsed": 6106.184456, "delta": 0.006204}}
{"target": -13.758437523757602, "params": {"gamma": 717.7841764400761, "log10_alpha": -0.7640564259679206, "log10_colsample_bytree": -0.27345444890866255, "log10_eta": -3.281196225681487, "log10_lambda": -4.3091467081501715, "log10_min_child_weight": 3.2935363162574043, "log10_subsample": -0.4690159334181746, "max_depth": 2.0, "num_boost_round": 17.0}, "datetime": {"datetime": "2024-01-19 01:53:27", "elapsed": 6106.19041, "delta": 0.005954}}
{"target": -13.758436707380806, "params": {"gamma": 717.7841764400761, "log10_alpha": -0.7640564259679206, "log10_colsample_bytree": -0.27345444890866255, "log10_eta": -3.281196225681487, "log10_lambda": -4.3091467081501715, "log10_min_child_weight": 3.2935363162574043, "log10_subsample": -0.4690159334181746, "max_depth": 2.0, "num_boost_round": 18.0}, "datetime": {"datetime": "2024-01-19 01:53:27", "elapsed": 6106.196255, "delta": 0.005845}}
{"target": -13.75843203682121, "params": {"gamma": 717.7841764400761, "log10_alpha": -0.7640564259679206, "log10_colsample_bytree": -0.27345444890866255, "log10_eta": -3.281196225681487, "log10_lambda": -4.3091467081501715, "log10_min_child_weight": 3.2935363162574043, "log10_subsample": -0.4690159334181746, "max_depth": 2.0, "num_boost_round": 19.0}, "datetime": {"datetime": "2024-01-19 01:53:27", "elapsed": 6106.202074, "delta": 0.005819}}
{"target": -13.75842792755495, "params": {"gamma": 717.7841764400761, "log10_alpha": -0.7640564259679206, "log10_colsample_bytree": -0.27345444890866255, "log10_eta": -3.281196225681487, "log10_lambda": -4.3091467081501715, "log10_min_child_weight": 3.2935363162574043, "log10_subsample": -0.4690159334181746, "max_depth": 2.0, "num_boost_round": 20.0}, "datetime": {"datetime": "2024-01-19 01:53:27", "elapsed": 6106.207761, "delta": 0.005687}}
{"target": -13.758422877415017, "params": {"gamma": 717.7841764400761, "log10_alpha": -0.7640564259679206, "log10_colsample_bytree": -0.27345444890866255, "log10_eta": -3.281196225681487, "log10_lambda": -4.3091467081501715, "log10_min_child_weight": 3.2935363162574043, "log10_subsample": -0.4690159334181746, "max_depth": 2.0, "num_boost_round": 21.0}, "datetime": {"datetime": "2024-01-19 01:53:27", "elapsed": 6106.213534, "delta": 0.005773}}
{"target": -13.75841485446743, "params": {"gamma": 717.7841764400761, "log10_alpha": -0.7640564259679206, "log10_colsample_bytree": -0.27345444890866255, "log10_eta": -3.281196225681487, "log10_lambda": -4.3091467081501715, "log10_min_child_weight": 3.2935363162574043, "log10_subsample": -0.4690159334181746, "max_depth": 2.0, "num_boost_round": 22.0}, "datetime": {"datetime": "2024-01-19 01:53:27", "elapsed": 6106.219778, "delta": 0.006244}}
{"target": -13.758411656892214, "params": {"gamma": 717.7841764400761, "log10_alpha": -0.7640564259679206, "log10_colsample_bytree": -0.27345444890866255, "log10_eta": -3.281196225681487, "log10_lambda": -4.3091467081501715, "log10_min_child_weight": 3.2935363162574043, "log10_subsample": -0.4690159334181746, "max_depth": 2.0, "num_boost_round": 23.0}, "datetime": {"datetime": "2024-01-19 01:53:27", "elapsed": 6106.226187, "delta": 0.006409}}
{"target": -13.758411019700274, "params": {"gamma": 717.7841764400761, "log10_alpha": -0.7640564259679206, "log10_colsample_bytree": -0.27345444890866255, "log10_eta": -3.281196225681487, "log10_lambda": -4.3091467081501715, "log10_min_child_weight": 3.2935363162574043, "log10_subsample": -0.4690159334181746, "max_depth": 2.0, "num_boost_round": 24.0}, "datetime": {"datetime": "2024-01-19 01:53:27", "elapsed": 6106.232453, "delta": 0.006266}}
{"target": -13.758403792030999, "params": {"gamma": 717.7841764400761, "log10_alpha": -0.7640564259679206, "log10_colsample_bytree": -0.27345444890866255, "log10_eta": -3.281196225681487, "log10_lambda": -4.3091467081501715, "log10_min_child_weight": 3.2935363162574043, "log10_subsample": -0.4690159334181746, "max_depth": 2.0, "num_boost_round": 25.0}, "datetime": {"datetime": "2024-01-19 01:53:27", "elapsed": 6106.238557, "delta": 0.006104}}
{"target": -13.758397674827927, "params": {"gamma": 717.7841764400761, "log10_alpha": -0.7640564259679206, "log10_colsample_bytree": -0.27345444890866255, "log10_eta": -3.281196225681487, "log10_lambda": -4.3091467081501715, "log10_min_child_weight": 3.2935363162574043, "log10_subsample": -0.4690159334181746, "max_depth": 2.0, "num_boost_round": 26.0}, "datetime": {"datetime": "2024-01-19 01:53:27", "elapsed": 6106.244468, "delta": 0.005911}}
{"target": -13.758396428259392, "params": {"gamma": 717.7841764400761, "log10_alpha": -0.7640564259679206, "log10_colsample_bytree": -0.27345444890866255, "log10_eta": -3.281196225681487, "log10_lambda": -4.3091467081501715, "log10_min_child_weight": 3.2935363162574043, "log10_subsample": -0.4690159334181746, "max_depth": 2.0, "num_boost_round": 27.0}, "datetime": {"datetime": "2024-01-19 01:53:27", "elapsed": 6106.25033, "delta": 0.005862}}
{"target": -13.758393554064464, "params": {"gamma": 717.7841764400761, "log10_alpha": -0.7640564259679206, "log10_colsample_bytree": -0.27345444890866255, "log10_eta": -3.281196225681487, "log10_lambda": -4.3091467081501715, "log10_min_child_weight": 3.2935363162574043, "log10_subsample": -0.4690159334181746, "max_depth": 2.0, "num_boost_round": 28.0}, "datetime": {"datetime": "2024-01-19 01:53:27", "elapsed": 6106.256257, "delta": 0.005927}}
{"target": -13.758385816133453, "params": {"gamma": 717.7841764400761, "log10_alpha": -0.7640564259679206, "log10_colsample_bytree": -0.27345444890866255, "log10_eta": -3.281196225681487, "log10_lambda": -4.3091467081501715, "log10_min_child_weight": 3.2935363162574043, "log10_subsample": -0.4690159334181746, "max_depth": 2.0, "num_boost_round": 29.0}, "datetime": {"datetime": "2024-01-19 01:53:27", "elapsed": 6106.261992, "delta": 0.005735}}
{"target": -13.75838217848315, "params": {"gamma": 717.7841764400761, "log10_alpha": -0.7640564259679206, "log10_colsample_bytree": -0.27345444890866255, "log10_eta": -3.281196225681487, "log10_lambda": -4.3091467081501715, "log10_min_child_weight": 3.2935363162574043, "log10_subsample": -0.4690159334181746, "max_depth": 2.0, "num_boost_round": 30.0}, "datetime": {"datetime": "2024-01-19 01:53:27", "elapsed": 6106.267773, "delta": 0.005781}}
{"target": -13.758373456690164, "params": {"gamma": 717.7841764400761, "log10_alpha": -0.7640564259679206, "log10_colsample_bytree": -0.27345444890866255, "log10_eta": -3.281196225681487, "log10_lambda": -4.3091467081501715, "log10_min_child_weight": 3.2935363162574043, "log10_subsample": -0.4690159334181746, "max_depth": 2.0, "num_boost_round": 31.0}, "datetime": {"datetime": "2024-01-19 01:53:27", "elapsed": 6106.273473, "delta": 0.0057}}
{"target": -13.758368436912349, "params": {"gamma": 717.7841764400761, "log10_alpha": -0.7640564259679206, "log10_colsample_bytree": -0.27345444890866255, "log10_eta": -3.281196225681487, "log10_lambda": -4.3091467081501715, "log10_min_child_weight": 3.2935363162574043, "log10_subsample": -0.4690159334181746, "max_depth": 2.0, "num_boost_round": 32.0}, "datetime": {"datetime": "2024-01-19 01:53:27", "elapsed": 6106.280146, "delta": 0.006673}}
{"target": -13.758364804331936, "params": {"gamma": 717.7841764400761, "log10_alpha": -0.7640564259679206, "log10_colsample_bytree": -0.27345444890866255, "log10_eta": -3.281196225681487, "log10_lambda": -4.3091467081501715, "log10_min_child_weight": 3.2935363162574043, "log10_subsample": -0.4690159334181746, "max_depth": 2.0, "num_boost_round": 33.0}, "datetime": {"datetime": "2024-01-19 01:53:27", "elapsed": 6106.285986, "delta": 0.00584}}
{"target": -13.758358182361633, "params": {"gamma": 717.7841764400761, "log10_alpha": -0.7640564259679206, "log10_colsample_bytree": -0.27345444890866255, "log10_eta": -3.281196225681487, "log10_lambda": -4.3091467081501715, "log10_min_child_weight": 3.2935363162574043, "log10_subsample": -0.4690159334181746, "max_depth": 2.0, "num_boost_round": 34.0}, "datetime": {"datetime": "2024-01-19 01:53:27", "elapsed": 6106.291887, "delta": 0.005901}}
{"target": -13.758358591729632, "params": {"gamma": 717.7841764400761, "log10_alpha": -0.7640564259679206, "log10_colsample_bytree": -0.27345444890866255, "log10_eta": -3.281196225681487, "log10_lambda": -4.3091467081501715, "log10_min_child_weight": 3.2935363162574043, "log10_subsample": -0.4690159334181746, "max_depth": 2.0, "num_boost_round": 35.0}, "datetime": {"datetime": "2024-01-19 01:53:27", "elapsed": 6106.297912, "delta": 0.006025}}
{"target": -13.758359383656076, "params": {"gamma": 717.7841764400761, "log10_alpha": -0.7640564259679206, "log10_colsample_bytree": -0.27345444890866255, "log10_eta": -3.281196225681487, "log10_lambda": -4.3091467081501715, "log10_min_child_weight": 3.2935363162574043, "log10_subsample": -0.4690159334181746, "max_depth": 2.0, "num_boost_round": 36.0}, "datetime": {"datetime": "2024-01-19 01:53:27", "elapsed": 6106.303966, "delta": 0.006054}}
{"target": -13.758350352190533, "params": {"gamma": 717.7841764400761, "log10_alpha": -0.7640564259679206, "log10_colsample_bytree": -0.27345444890866255, "log10_eta": -3.281196225681487, "log10_lambda": -4.3091467081501715, "log10_min_child_weight": 3.2935363162574043, "log10_subsample": -0.4690159334181746, "max_depth": 2.0, "num_boost_round": 37.0}, "datetime": {"datetime": "2024-01-19 01:53:27", "elapsed": 6106.310273, "delta": 0.006307}}
{"target": -13.758346687881884, "params": {"gamma": 717.7841764400761, "log10_alpha": -0.7640564259679206, "log10_colsample_bytree": -0.27345444890866255, "log10_eta": -3.281196225681487, "log10_lambda": -4.3091467081501715, "log10_min_child_weight": 3.2935363162574043, "log10_subsample": -0.4690159334181746, "max_depth": 2.0, "num_boost_round": 38.0}, "datetime": {"datetime": "2024-01-19 01:53:27", "elapsed": 6106.316288, "delta": 0.006015}}
{"target": -13.758338404400494, "params": {"gamma": 717.7841764400761, "log10_alpha": -0.7640564259679206, "log10_colsample_bytree": -0.27345444890866255, "log10_eta": -3.281196225681487, "log10_lambda": -4.3091467081501715, "log10_min_child_weight": 3.2935363162574043, "log10_subsample": -0.4690159334181746, "max_depth": 2.0, "num_boost_round": 39.0}, "datetime": {"datetime": "2024-01-19 01:53:27", "elapsed": 6106.322221, "delta": 0.005933}}
{"target": -13.758330064693133, "params": {"gamma": 717.7841764400761, "log10_alpha": -0.7640564259679206, "log10_colsample_bytree": -0.27345444890866255, "log10_eta": -3.281196225681487, "log10_lambda": -4.3091467081501715, "log10_min_child_weight": 3.2935363162574043, "log10_subsample": -0.4690159334181746, "max_depth": 2.0, "num_boost_round": 40.0}, "datetime": {"datetime": "2024-01-19 01:53:27", "elapsed": 6106.327959, "delta": 0.005738}}
{"target": -13.758323265588567, "params": {"gamma": 717.7841764400761, "log10_alpha": -0.7640564259679206, "log10_colsample_bytree": -0.27345444890866255, "log10_eta": -3.281196225681487, "log10_lambda": -4.3091467081501715, "log10_min_child_weight": 3.2935363162574043, "log10_subsample": -0.4690159334181746, "max_depth": 2.0, "num_boost_round": 41.0}, "datetime": {"datetime": "2024-01-19 01:53:27", "elapsed": 6106.333787, "delta": 0.005828}}
{"target": -13.758526017495068, "params": {"gamma": 712.0023525785934, "log10_alpha": 0.8084551984446442, "log10_colsample_bytree": -0.0274589928247293, "log10_eta": -2.8281813216063516, "log10_lambda": -1.3698874549713018, "log10_min_child_weight": 3.9476950931600236, "log10_subsample": -0.7244393512891903, "max_depth": 8.0, "num_boost_round": 0.0}, "datetime": {"datetime": "2024-01-19 01:55:36", "elapsed": 6235.125218, "delta": 128.791431}}
{"target": -13.75851074864551, "params": {"gamma": 712.0023525785934, "log10_alpha": 0.8084551984446442, "log10_colsample_bytree": -0.0274589928247293, "log10_eta": -2.8281813216063516, "log10_lambda": -1.3698874549713018, "log10_min_child_weight": 3.9476950931600236, "log10_subsample": -0.7244393512891903, "max_depth": 8.0, "num_boost_round": 1.0}, "datetime": {"datetime": "2024-01-19 01:55:36", "elapsed": 6235.132057, "delta": 0.006839}}
