{"target": -13.758285233955345, "params": {"gamma": 872.4591816435911, "log10_alpha": -4.449226573583058, "log10_colsample_bytree": -0.24323111774975614, "log10_eta": -3.1896846171137847, "log10_lambda": -3.169358642479356, "log10_min_child_weight": 2.997188499529073, "log10_subsample": -0.02739413537195734, "max_depth": 7.0, "num_boost_round": 33.0}, "datetime": {"datetime": "2024-01-19 01:00:25", "elapsed": 2929.738389, "delta": 0.003791}}
{"target": -13.758271746988067, "params": {"gamma": 872.4591816435911, "log10_alpha": -4.449226573583058, "log10_colsample_bytree": -0.24323111774975614, "log10_eta": -3.1896846171137847, "log10_lambda": -3.169358642479356, "log10_min_child_weight": 2.997188499529073, "log10_subsample": -0.02739413537195734, "max_depth": 7.0, "num_boost_round": 34.0}, "datetime": {"datetime": "2024-01-19 01:00:25", "elapsed": 2929.742189, "delta": 0.0038}}
{"target": -13.758256988831803, "params": {"gamma": 872.4591816435911, "log10_alpha": -4.449226573583058, "log10_colsample_bytree": -0.24323111774975614, "log10_eta": -3.1896846171137847, "log10_lambda": -3.169358642479356, "log10_min_child_weight": 2.997188499529073, "log10_subsample": -0.02739413537195734, "max_depth": 7.0, "num_boost_round": 35.0}, "datetime": {"datetime": "2024-01-19 01:00:25", "elapsed": 2929.745903, "delta": 0.003714}}
{"target": -13.758257322994654, "params": {"gamma": 872.4591816435911, "log10_alpha": -4.449226573583058, "log10_colsample_bytree": -0.24323111774975614, "log10_eta": -3.1896846171137847, "log10_lambda": -3.169358642479356, "log10_min_child_weight": 2.997188499529073, "log10_subsample": -0.02739413537195734, "max_depth": 7.0, "num_boost_round": 36.0}, "datetime": {"datetime": "2024-01-19 01:00:25", "elapsed": 2929.749556, "delta": 0.003653}}
{"target": -13.758250468926494, "params": {"gamma": 872.4591816435911, "log10_alpha": -4.449226573583058, "log10_colsample_bytree": -0.24323111774975614, "log10_eta": -3.1896846171137847, "log10_lambda": -3.169358642479356, "log10_min_child_weight": 2.997188499529073, "log10_subsample": -0.02739413537195734, "max_depth": 7.0, "num_boost_round": 37.0}, "datetime": {"datetime": "2024-01-19 01:00:25", "elapsed": 2929.7534, "delta": 0.003844}}
{"target": -13.758259781208297, "params": {"gamma": 872.4591816435911, "log10_alpha": -4.449226573583058, "log10_colsample_bytree": -0.24323111774975614, "log10_eta": -3.1896846171137847, "log10_lambda": -3.169358642479356, "log10_min_child_weight": 2.997188499529073, "log10_subsample": -0.02739413537195734, "max_depth": 7.0, "num_boost_round": 38.0}, "datetime": {"datetime": "2024-01-19 01:00:25", "elapsed": 2929.757079, "delta": 0.003679}}
{"target": -13.758250131203225, "params": {"gamma": 872.4591816435911, "log10_alpha": -4.449226573583058, "log10_colsample_bytree": -0.24323111774975614, "log10_eta": -3.1896846171137847, "log10_lambda": -3.169358642479356, "log10_min_child_weight": 2.997188499529073, "log10_subsample": -0.02739413537195734, "max_depth": 7.0, "num_boost_round": 39.0}, "datetime": {"datetime": "2024-01-19 01:00:25", "elapsed": 2929.760687, "delta": 0.003608}}
{"target": -13.758262202856884, "params": {"gamma": 872.4591816435911, "log10_alpha": -4.449226573583058, "log10_colsample_bytree": -0.24323111774975614, "log10_eta": -3.1896846171137847, "log10_lambda": -3.169358642479356, "log10_min_child_weight": 2.997188499529073, "log10_subsample": -0.02739413537195734, "max_depth": 7.0, "num_boost_round": 40.0}, "datetime": {"datetime": "2024-01-19 01:00:25", "elapsed": 2929.764397, "delta": 0.00371}}
{"target": -13.758250470198888, "params": {"gamma": 872.4591816435911, "log10_alpha": -4.449226573583058, "log10_colsample_bytree": -0.24323111774975614, "log10_eta": -3.1896846171137847, "log10_lambda": -3.169358642479356, "log10_min_child_weight": 2.997188499529073, "log10_subsample": -0.02739413537195734, "max_depth": 7.0, "num_boost_round": 41.0}, "datetime": {"datetime": "2024-01-19 01:00:25", "elapsed": 2929.768036, "delta": 0.003639}}
{"target": -13.758249066639506, "params": {"gamma": 872.4591816435911, "log10_alpha": -4.449226573583058, "log10_colsample_bytree": -0.24323111774975614, "log10_eta": -3.1896846171137847, "log10_lambda": -3.169358642479356, "log10_min_child_weight": 2.997188499529073, "log10_subsample": -0.02739413537195734, "max_depth": 7.0, "num_boost_round": 42.0}, "datetime": {"datetime": "2024-01-19 01:00:25", "elapsed": 2929.77179, "delta": 0.003754}}
{"target": -13.758241392361453, "params": {"gamma": 872.4591816435911, "log10_alpha": -4.449226573583058, "log10_colsample_bytree": -0.24323111774975614, "log10_eta": -3.1896846171137847, "log10_lambda": -3.169358642479356, "log10_min_child_weight": 2.997188499529073, "log10_subsample": -0.02739413537195734, "max_depth": 7.0, "num_boost_round": 43.0}, "datetime": {"datetime": "2024-01-19 01:00:25", "elapsed": 2929.775513, "delta": 0.003723}}
{"target": -13.758233676264364, "params": {"gamma": 872.4591816435911, "log10_alpha": -4.449226573583058, "log10_colsample_bytree": -0.24323111774975614, "log10_eta": -3.1896846171137847, "log10_lambda": -3.169358642479356, "log10_min_child_weight": 2.997188499529073, "log10_subsample": -0.02739413537195734, "max_depth": 7.0, "num_boost_round": 44.0}, "datetime": {"datetime": "2024-01-19 01:00:25", "elapsed": 2929.779151, "delta": 0.003638}}
{"target": -13.758216645308352, "params": {"gamma": 872.4591816435911, "log10_alpha": -4.449226573583058, "log10_colsample_bytree": -0.24323111774975614, "log10_eta": -3.1896846171137847, "log10_lambda": -3.169358642479356, "log10_min_child_weight": 2.997188499529073, "log10_subsample": -0.02739413537195734, "max_depth": 7.0, "num_boost_round": 45.0}, "datetime": {"datetime": "2024-01-19 01:00:25", "elapsed": 2929.782734, "delta": 0.003583}}
{"target": -13.758229852988656, "params": {"gamma": 872.4591816435911, "log10_alpha": -4.449226573583058, "log10_colsample_bytree": -0.24323111774975614, "log10_eta": -3.1896846171137847, "log10_lambda": -3.169358642479356, "log10_min_child_weight": 2.997188499529073, "log10_subsample": -0.02739413537195734, "max_depth": 7.0, "num_boost_round": 46.0}, "datetime": {"datetime": "2024-01-19 01:00:25", "elapsed": 2929.786357, "delta": 0.003623}}
{"target": -13.758239831570936, "params": {"gamma": 872.4591816435911, "log10_alpha": -4.449226573583058, "log10_colsample_bytree": -0.24323111774975614, "log10_eta": -3.1896846171137847, "log10_lambda": -3.169358642479356, "log10_min_child_weight": 2.997188499529073, "log10_subsample": -0.02739413537195734, "max_depth": 7.0, "num_boost_round": 47.0}, "datetime": {"datetime": "2024-01-19 01:00:25", "elapsed": 2929.790031, "delta": 0.003674}}
{"target": -13.758229246543463, "params": {"gamma": 872.4591816435911, "log10_alpha": -4.449226573583058, "log10_colsample_bytree": -0.24323111774975614, "log10_eta": -3.1896846171137847, "log10_lambda": -3.169358642479356, "log10_min_child_weight": 2.997188499529073, "log10_subsample": -0.02739413537195734, "max_depth": 7.0, "num_boost_round": 48.0}, "datetime": {"datetime": "2024-01-19 01:00:25", "elapsed": 2929.793746, "delta": 0.003715}}
{"target": -13.75824312492957, "params": {"gamma": 872.4591816435911, "log10_alpha": -4.449226573583058, "log10_colsample_bytree": -0.24323111774975614, "log10_eta": -3.1896846171137847, "log10_lambda": -3.169358642479356, "log10_min_child_weight": 2.997188499529073, "log10_subsample": -0.02739413537195734, "max_depth": 7.0, "num_boost_round": 49.0}, "datetime": {"datetime": "2024-01-19 01:00:25", "elapsed": 2929.797378, "delta": 0.003632}}
{"target": -13.758238675739209, "params": {"gamma": 872.4591816435911, "log10_alpha": -4.449226573583058, "log10_colsample_bytree": -0.24323111774975614, "log10_eta": -3.1896846171137847, "log10_lambda": -3.169358642479356, "log10_min_child_weight": 2.997188499529073, "log10_subsample": -0.02739413537195734, "max_depth": 7.0, "num_boost_round": 50.0}, "datetime": {"datetime": "2024-01-19 01:00:25", "elapsed": 2929.800955, "delta": 0.003577}}
{"target": -13.758224226003886, "params": {"gamma": 872.4591816435911, "log10_alpha": -4.449226573583058, "log10_colsample_bytree": -0.24323111774975614, "log10_eta": -3.1896846171137847, "log10_lambda": -3.169358642479356, "log10_min_child_weight": 2.997188499529073, "log10_subsample": -0.02739413537195734, "max_depth": 7.0, "num_boost_round": 51.0}, "datetime": {"datetime": "2024-01-19 01:00:25", "elapsed": 2929.804562, "delta": 0.003607}}
{"target": -13.758231108381038, "params": {"gamma": 872.4591816435911, "log10_alpha": -4.449226573583058, "log10_colsample_bytree": -0.24323111774975614, "log10_eta": -3.1896846171137847, "log10_lambda": -3.169358642479356, "log10_min_child_weight": 2.997188499529073, "log10_subsample": -0.02739413537195734, "max_depth": 7.0, "num_boost_round": 52.0}, "datetime": {"datetime": "2024-01-19 01:00:25", "elapsed": 2929.808248, "delta": 0.003686}}
{"target": -13.758250451806436, "params": {"gamma": 872.4591816435911, "log10_alpha": -4.449226573583058, "log10_colsample_bytree": -0.24323111774975614, "log10_eta": -3.1896846171137847, "log10_lambda": -3.169358642479356, "log10_min_child_weight": 2.997188499529073, "log10_subsample": -0.02739413537195734, "max_depth": 7.0, "num_boost_round": 53.0}, "datetime": {"datetime": "2024-01-19 01:00:25", "elapsed": 2929.922702, "delta": 0.114454}}
{"target": -13.758532122239123, "params": {"gamma": 878.4394717679097, "log10_alpha": -3.138648018018186, "log10_colsample_bytree": -0.3793293094230008, "log10_eta": -3.5257504849277312, "log10_lambda": -4.941937059337252, "log10_min_child_weight": 0.43668886184523525, "log10_subsample": -0.2432224762133116, "max_depth": 9.0, "num_boost_round": 0.0}, "datetime": {"datetime": "2024-01-19 01:01:39", "elapsed": 3003.986988, "delta": 74.064286}}
{"target": -13.758526240762913, "params": {"gamma": 878.4394717679097, "log10_alpha": -3.138648018018186, "log10_colsample_bytree": -0.3793293094230008, "log10_eta": -3.5257504849277312, "log10_lambda": -4.941937059337252, "log10_min_child_weight": 0.43668886184523525, "log10_subsample": -0.2432224762133116, "max_depth": 9.0, "num_boost_round": 1.0}, "datetime": {"datetime": "2024-01-19 01:01:39", "elapsed": 3003.991452, "delta": 0.004464}}
{"target": -13.758524623965913, "params": {"gamma": 878.4394717679097, "log10_alpha": -3.138648018018186, "log10_colsample_bytree": -0.3793293094230008, "log10_eta": -3.5257504849277312, "log10_lambda": -4.941937059337252, "log10_min_child_weight": 0.43668886184523525, "log10_subsample": -0.2432224762133116, "max_depth": 9.0, "num_boost_round": 2.0}, "datetime": {"datetime": "2024-01-19 01:01:39", "elapsed": 3003.995277, "delta": 0.003825}}
{"target": -13.75850247931885, "params": {"gamma": 878.4394717679097, "log10_alpha": -3.138648018018186, "log10_colsample_bytree": -0.3793293094230008, "log10_eta": -3.5257504849277312, "log10_lambda": -4.941937059337252, "log10_min_child_weight": 0.43668886184523525, "log10_subsample": -0.2432224762133116, "max_depth": 9.0, "num_boost_round": 3.0}, "datetime": {"datetime": "2024-01-19 01:01:39", "elapsed": 3003.998944, "delta": 0.003667}}
{"target": -13.758487136149736, "params": {"gamma": 878.4394717679097, "log10_alpha": -3.138648018018186, "log10_colsample_bytree": -0.3793293094230008, "log10_eta": -3.5257504849277312, "log10_lambda": -4.941937059337252, "log10_min_child_weight": 0.43668886184523525, "log10_subsample": -0.2432224762133116, "max_depth": 9.0, "num_boost_round": 4.0}, "datetime": {"datetime": "2024-01-19 01:01:39", "elapsed": 3004.002568, "delta": 0.003624}}
{"target": -13.758481498734358, "params": {"gamma": 878.4394717679097, "log10_alpha": -3.138648018018186, "log10_colsample_bytree": -0.3793293094230008, "log10_eta": -3.5257504849277312, "log10_lambda": -4.941937059337252, "log10_min_child_weight": 0.43668886184523525, "log10_subsample": -0.2432224762133116, "max_depth": 9.0, "num_boost_round": 5.0}, "datetime": {"datetime": "2024-01-19 01:01:39", "elapsed": 3004.00617, "delta": 0.003602}}
{"target": -13.758472015114807, "params": {"gamma": 878.4394717679097, "log10_alpha": -3.138648018018186, "log10_colsample_bytree": -0.3793293094230008, "log10_eta": -3.5257504849277312, "log10_lambda": -4.941937059337252, "log10_min_child_weight": 0.43668886184523525, "log10_subsample": -0.2432224762133116, "max_depth": 9.0, "num_boost_round": 6.0}, "datetime": {"datetime": "2024-01-19 01:01:39", "elapsed": 3004.009795, "delta": 0.003625}}
{"target": -13.758455305014698, "params": {"gamma": 878.4394717679097, "log10_alpha": -3.138648018018186, "log10_colsample_bytree": -0.3793293094230008, "log10_eta": -3.5257504849277312, "log10_lambda": -4.941937059337252, "log10_min_child_weight": 0.43668886184523525, "log10_subsample": -0.2432224762133116, "max_depth": 9.0, "num_boost_round": 7.0}, "datetime": {"datetime": "2024-01-19 01:01:39", "elapsed": 3004.013637, "delta": 0.003842}}
{"target": -13.758449727177046, "params": {"gamma": 878.4394717679097, "log10_alpha": -3.138648018018186, "log10_colsample_bytree": -0.3793293094230008, "log10_eta": -3.5257504849277312, "log10_lambda": -4.941937059337252, "log10_min_child_weight": 0.43668886184523525, "log10_subsample": -0.2432224762133116, "max_depth": 9.0, "num_boost_round": 8.0}, "datetime": {"datetime": "2024-01-19 01:01:39", "elapsed": 3004.01731, "delta": 0.003673}}
{"target": -13.758432437755623, "params": {"gamma": 878.4394717679097, "log10_alpha": -3.138648018018186, "log10_colsample_bytree": -0.3793293094230008, "log10_eta": -3.5257504849277312, "log10_lambda": -4.941937059337252, "log10_min_child_weight": 0.43668886184523525, "log10_subsample": -0.2432224762133116, "max_depth": 9.0, "num_boost_round": 9.0}, "datetime": {"datetime": "2024-01-19 01:01:39", "elapsed": 3004.02093, "delta": 0.00362}}
{"target": -13.758422478449335, "params": {"gamma": 878.4394717679097, "log10_alpha": -3.138648018018186, "log10_colsample_bytree": -0.3793293094230008, "log10_eta": -3.5257504849277312, "log10_lambda": -4.941937059337252, "log10_min_child_weight": 0.43668886184523525, "log10_subsample": -0.2432224762133116, "max_depth": 9.0, "num_boost_round": 10.0}, "datetime": {"datetime": "2024-01-19 01:01:39", "elapsed": 3004.0246, "delta": 0.00367}}
{"target": -13.7584207927114, "params": {"gamma": 878.4394717679097, "log10_alpha": -3.138648018018186, "log10_colsample_bytree": -0.3793293094230008, "log10_eta": -3.5257504849277312, "log10_lambda": -4.941937059337252, "log10_min_child_weight": 0.43668886184523525, "log10_subsample": -0.2432224762133116, "max_depth": 9.0, "num_boost_round": 11.0}, "datetime": {"datetime": "2024-01-19 01:01:39", "elapsed": 3004.028227, "delta": 0.003627}}
{"target": -13.75841792055286, "params": {"gamma": 878.4394717679097, "log10_alpha": -3.138648018018186, "log10_colsample_bytree": -0.3793293094230008, "log10_eta": -3.5257504849277312, "log10_lambda": -4.941937059337252, "log10_min_child_weight": 0.43668886184523525, "log10_subsample": -0.2432224762133116, "max_depth": 9.0, "num_boost_round": 12.0}, "datetime": {"datetime": "2024-01-19 01:01:39", "elapsed": 3004.032045, "delta": 0.003818}}
{"target": -13.758402322951582, "params": {"gamma": 878.4394717679097, "log10_alpha": -3.138648018018186, "log10_colsample_bytree": -0.3793293094230008, "log10_eta": -3.5257504849277312, "log10_lambda": -4.941937059337252, "log10_min_child_weight": 0.43668886184523525, "log10_subsample": -0.2432224762133116, "max_depth": 9.0, "num_boost_round": 13.0}, "datetime": {"datetime": "2024-01-19 01:01:39", "elapsed": 3004.035898, "delta": 0.003853}}
{"target": -13.758399613518874, "params": {"gamma": 878.4394717679097, "log10_alpha": -3.138648018018186, "log10_colsample_bytree": -0.3793293094230008, "log10_eta": -3.5257504849277312, "log10_lambda": -4.941937059337252, "log10_min_child_weight": 0.43668886184523525, "log10_subsample": -0.2432224762133116, "max_depth": 9.0, "num_boost_round": 14.0}, "datetime": {"datetime": "2024-01-19 01:01:39", "elapsed": 3004.039731, "delta": 0.003833}}
{"target": -13.758382315540732, "params": {"gamma": 878.4394717679097, "log10_alpha": -3.138648018018186, "log10_colsample_bytree": -0.3793293094230008, "log10_eta": -3.5257504849277312, "log10_lambda": -4.941937059337252, "log10_min_child_weight": 0.43668886184523525, "log10_subsample": -0.2432224762133116, "max_depth": 9.0, "num_boost_round": 15.0}, "datetime": {"datetime": "2024-01-19 01:01:39", "elapsed": 3004.043485, "delta": 0.003754}}
{"target": -13.758359174402333, "params": {"gamma": 878.4394717679097, "log10_alpha": -3.138648018018186, "log10_colsample_bytree": -0.3793293094230008, "log10_eta": -3.5257504849277312, "log10_lambda": -4.941937059337252, "log10_min_child_weight": 0.43668886184523525, "log10_subsample": -0.2432224762133116, "max_depth": 9.0, "num_boost_round": 16.0}, "datetime": {"datetime": "2024-01-19 01:01:39", "elapsed": 3004.047131, "delta": 0.003646}}
{"target": -13.758361177833352, "params": {"gamma": 878.4394717679097, "log10_alpha": -3.138648018018186, "log10_colsample_bytree": -0.3793293094230008, "log10_eta": -3.5257504849277312, "log10_lambda": -4.941937059337252, "log10_min_child_weight": 0.43668886184523525, "log10_subsample": -0.2432224762133116, "max_depth": 9.0, "num_boost_round": 17.0}, "datetime": {"datetime": "2024-01-19 01:01:39", "elapsed": 3004.050926, "delta": 0.003795}}
{"target": -13.75835093664329, "params": {"gamma": 878.4394717679097, "log10_alpha": -3.138648018018186, "log10_colsample_bytree": -0.3793293094230008, "log10_eta": -3.5257504849277312, "log10_lambda": -4.941937059337252, "log10_min_child_weight": 0.43668886184523525, "log10_subsample": -0.2432224762133116, "max_depth": 9.0, "num_boost_round": 18.0}, "datetime": {"datetime": "2024-01-19 01:01:39", "elapsed": 3004.054658, "delta": 0.003732}}
{"target": -13.758359342194751, "params": {"gamma": 878.4394717679097, "log10_alpha": -3.138648018018186, "log10_colsample_bytree": -0.3793293094230008, "log10_eta": -3.5257504849277312, "log10_lambda": -4.941937059337252, "log10_min_child_weight": 0.43668886184523525, "log10_subsample": -0.2432224762133116, "max_depth": 9.0, "num_boost_round": 19.0}, "datetime": {"datetime": "2024-01-19 01:01:39", "elapsed": 3004.058293, "delta": 0.003635}}
{"target": -13.758343188937939, "params": {"gamma": 878.4394717679097, "log10_alpha": -3.138648018018186, "log10_colsample_bytree": -0.3793293094230008, "log10_eta": -3.5257504849277312, "log10_lambda": -4.941937059337252, "log10_min_child_weight": 0.43668886184523525, "log10_subsample": -0.2432224762133116, "max_depth": 9.0, "num_boost_round": 20.0}, "datetime": {"datetime": "2024-01-19 01:01:39", "elapsed": 3004.06191, "delta": 0.003617}}
{"target": -13.75835712425659, "params": {"gamma": 878.4394717679097, "log10_alpha": -3.138648018018186, "log10_colsample_bytree": -0.3793293094230008, "log10_eta": -3.5257504849277312, "log10_lambda": -4.941937059337252, "log10_min_child_weight": 0.43668886184523525, "log10_subsample": -0.2432224762133116, "max_depth": 9.0, "num_boost_round": 21.0}, "datetime": {"datetime": "2024-01-19 01:01:39", "elapsed": 3004.065524, "delta": 0.003614}}
{"target": -13.758348468536246, "params": {"gamma": 878.4394717679097, "log10_alpha": -3.138648018018186, "log10_colsample_bytree": -0.3793293094230008, "log10_eta": -3.5257504849277312, "log10_lambda": -4.941937059337252, "log10_min_child_weight": 0.43668886184523525, "log10_subsample": -0.2432224762133116, "max_depth": 9.0, "num_boost_round": 22.0}, "datetime": {"datetime": "2024-01-19 01:01:39", "elapsed": 3004.069246, "delta": 0.003722}}
{"target": -13.758352580400363, "params": {"gamma": 878.4394717679097, "log10_alpha": -3.138648018018186, "log10_colsample_bytree": -0.3793293094230008, "log10_eta": -3.5257504849277312, "log10_lambda": -4.941937059337252, "log10_min_child_weight": 0.43668886184523525, "log10_subsample": -0.2432224762133116, "max_depth": 9.0, "num_boost_round": 23.0}, "datetime": {"datetime": "2024-01-19 01:01:39", "elapsed": 3004.073007, "delta": 0.003761}}
{"target": -13.758353875362012, "params": {"gamma": 878.4394717679097, "log10_alpha": -3.138648018018186, "log10_colsample_bytree": -0.3793293094230008, "log10_eta": -3.5257504849277312, "log10_lambda": -4.941937059337252, "log10_min_child_weight": 0.43668886184523525, "log10_subsample": -0.2432224762133116, "max_depth": 9.0, "num_boost_round": 24.0}, "datetime": {"datetime": "2024-01-19 01:01:39", "elapsed": 3004.076723, "delta": 0.003716}}
{"target": -13.758344739977646, "params": {"gamma": 878.4394717679097, "log10_alpha": -3.138648018018186, "log10_colsample_bytree": -0.3793293094230008, "log10_eta": -3.5257504849277312, "log10_lambda": -4.941937059337252, "log10_min_child_weight": 0.43668886184523525, "log10_subsample": -0.2432224762133116, "max_depth": 9.0, "num_boost_round": 25.0}, "datetime": {"datetime": "2024-01-19 01:01:39", "elapsed": 3004.0804, "delta": 0.003677}}
{"target": -13.758323722619371, "params": {"gamma": 878.4394717679097, "log10_alpha": -3.138648018018186, "log10_colsample_bytree": -0.3793293094230008, "log10_eta": -3.5257504849277312, "log10_lambda": -4.941937059337252, "log10_min_child_weight": 0.43668886184523525, "log10_subsample": -0.2432224762133116, "max_depth": 9.0, "num_boost_round": 26.0}, "datetime": {"datetime": "2024-01-19 01:01:39", "elapsed": 3004.084094, "delta": 0.003694}}
{"target": -13.758319929622452, "params": {"gamma": 878.4394717679097, "log10_alpha": -3.138648018018186, "log10_colsample_bytree": -0.3793293094230008, "log10_eta": -3.5257504849277312, "log10_lambda": -4.941937059337252, "log10_min_child_weight": 0.43668886184523525, "log10_subsample": -0.2432224762133116, "max_depth": 9.0, "num_boost_round": 27.0}, "datetime": {"datetime": "2024-01-19 01:01:39", "elapsed": 3004.087824, "delta": 0.00373}}
