{"target": -13.758520126054606, "params": {"gamma": 37.03151830872653, "log10_alpha": 0.1860258135363777, "log10_colsample_bytree": -0.7215126957079683, "log10_eta": -3.5213878951413182, "log10_lambda": -3.630197444178525, "log10_min_child_weight": 1.5182292429750466, "log10_subsample": -0.10404682614746541, "max_depth": 3.0, "num_boost_round": 3.0}, "datetime": {"datetime": "2024-01-19 02:10:16", "elapsed": 7124.640712, "delta": 0.005436}}
{"target": -13.758517642912405, "params": {"gamma": 37.03151830872653, "log10_alpha": 0.1860258135363777, "log10_colsample_bytree": -0.7215126957079683, "log10_eta": -3.5213878951413182, "log10_lambda": -3.630197444178525, "log10_min_child_weight": 1.5182292429750466, "log10_subsample": -0.10404682614746541, "max_depth": 3.0, "num_boost_round": 4.0}, "datetime": {"datetime": "2024-01-19 02:10:16", "elapsed": 7124.646261, "delta": 0.005549}}
{"target": -13.758510483137892, "params": {"gamma": 37.03151830872653, "log10_alpha": 0.1860258135363777, "log10_colsample_bytree": -0.7215126957079683, "log10_eta": -3.5213878951413182, "log10_lambda": -3.630197444178525, "log10_min_child_weight": 1.5182292429750466, "log10_subsample": -0.10404682614746541, "max_depth": 3.0, "num_boost_round": 5.0}, "datetime": {"datetime": "2024-01-19 02:10:16", "elapsed": 7124.651856, "delta": 0.005595}}
{"target": -13.758505325545263, "params": {"gamma": 37.03151830872653, "log10_alpha": 0.1860258135363777, "log10_colsample_bytree": -0.7215126957079683, "log10_eta": -3.5213878951413182, "log10_lambda": -3.630197444178525, "log10_min_child_weight": 1.5182292429750466, "log10_subsample": -0.10404682614746541, "max_depth": 3.0, "num_boost_round": 6.0}, "datetime": {"datetime": "2024-01-19 02:10:16", "elapsed": 7124.657413, "delta": 0.005557}}
{"target": -13.758501833342576, "params": {"gamma": 37.03151830872653, "log10_alpha": 0.1860258135363777, "log10_colsample_bytree": -0.7215126957079683, "log10_eta": -3.5213878951413182, "log10_lambda": -3.630197444178525, "log10_min_child_weight": 1.5182292429750466, "log10_subsample": -0.10404682614746541, "max_depth": 3.0, "num_boost_round": 7.0}, "datetime": {"datetime": "2024-01-19 02:10:16", "elapsed": 7124.662886, "delta": 0.005473}}
{"target": -13.758501921860505, "params": {"gamma": 37.03151830872653, "log10_alpha": 0.1860258135363777, "log10_colsample_bytree": -0.7215126957079683, "log10_eta": -3.5213878951413182, "log10_lambda": -3.630197444178525, "log10_min_child_weight": 1.5182292429750466, "log10_subsample": -0.10404682614746541, "max_depth": 3.0, "num_boost_round": 8.0}, "datetime": {"datetime": "2024-01-19 02:10:16", "elapsed": 7124.668569, "delta": 0.005683}}
{"target": -13.75849777112848, "params": {"gamma": 37.03151830872653, "log10_alpha": 0.1860258135363777, "log10_colsample_bytree": -0.7215126957079683, "log10_eta": -3.5213878951413182, "log10_lambda": -3.630197444178525, "log10_min_child_weight": 1.5182292429750466, "log10_subsample": -0.10404682614746541, "max_depth": 3.0, "num_boost_round": 9.0}, "datetime": {"datetime": "2024-01-19 02:10:16", "elapsed": 7124.674263, "delta": 0.005694}}
{"target": -13.758492506426679, "params": {"gamma": 37.03151830872653, "log10_alpha": 0.1860258135363777, "log10_colsample_bytree": -0.7215126957079683, "log10_eta": -3.5213878951413182, "log10_lambda": -3.630197444178525, "log10_min_child_weight": 1.5182292429750466, "log10_subsample": -0.10404682614746541, "max_depth": 3.0, "num_boost_round": 10.0}, "datetime": {"datetime": "2024-01-19 02:10:16", "elapsed": 7124.67998, "delta": 0.005717}}
{"target": -13.758488549465323, "params": {"gamma": 37.03151830872653, "log10_alpha": 0.1860258135363777, "log10_colsample_bytree": -0.7215126957079683, "log10_eta": -3.5213878951413182, "log10_lambda": -3.630197444178525, "log10_min_child_weight": 1.5182292429750466, "log10_subsample": -0.10404682614746541, "max_depth": 3.0, "num_boost_round": 11.0}, "datetime": {"datetime": "2024-01-19 02:10:16", "elapsed": 7124.685408, "delta": 0.005428}}
{"target": -13.758486076263328, "params": {"gamma": 37.03151830872653, "log10_alpha": 0.1860258135363777, "log10_colsample_bytree": -0.7215126957079683, "log10_eta": -3.5213878951413182, "log10_lambda": -3.630197444178525, "log10_min_child_weight": 1.5182292429750466, "log10_subsample": -0.10404682614746541, "max_depth": 3.0, "num_boost_round": 12.0}, "datetime": {"datetime": "2024-01-19 02:10:16", "elapsed": 7124.691066, "delta": 0.005658}}
{"target": -13.758483143512912, "params": {"gamma": 37.03151830872653, "log10_alpha": 0.1860258135363777, "log10_colsample_bytree": -0.7215126957079683, "log10_eta": -3.5213878951413182, "log10_lambda": -3.630197444178525, "log10_min_child_weight": 1.5182292429750466, "log10_subsample": -0.10404682614746541, "max_depth": 3.0, "num_boost_round": 13.0}, "datetime": {"datetime": "2024-01-19 02:10:16", "elapsed": 7124.696754, "delta": 0.005688}}
{"target": -13.758481008746616, "params": {"gamma": 37.03151830872653, "log10_alpha": 0.1860258135363777, "log10_colsample_bytree": -0.7215126957079683, "log10_eta": -3.5213878951413182, "log10_lambda": -3.630197444178525, "log10_min_child_weight": 1.5182292429750466, "log10_subsample": -0.10404682614746541, "max_depth": 3.0, "num_boost_round": 14.0}, "datetime": {"datetime": "2024-01-19 02:10:16", "elapsed": 7124.702357, "delta": 0.005603}}
{"target": -13.758472021827876, "params": {"gamma": 37.03151830872653, "log10_alpha": 0.1860258135363777, "log10_colsample_bytree": -0.7215126957079683, "log10_eta": -3.5213878951413182, "log10_lambda": -3.630197444178525, "log10_min_child_weight": 1.5182292429750466, "log10_subsample": -0.10404682614746541, "max_depth": 3.0, "num_boost_round": 15.0}, "datetime": {"datetime": "2024-01-19 02:10:16", "elapsed": 7124.707946, "delta": 0.005589}}
{"target": -13.758536876313011, "params": {"gamma": 38.24209609223217, "log10_alpha": 0.325474378164726, "log10_colsample_bytree": -0.7985568957638661, "log10_eta": -3.9402534274671384, "log10_lambda": -2.347017751700153, "log10_min_child_weight": 2.8718790701076258, "log10_subsample": -0.9640589623668501, "max_depth": 8.0, "num_boost_round": 0.0}, "datetime": {"datetime": "2024-01-19 02:11:50", "elapsed": 7219.050504, "delta": 94.342558}}
{"target": -13.758534750283646, "params": {"gamma": 38.24209609223217, "log10_alpha": 0.325474378164726, "log10_colsample_bytree": -0.7985568957638661, "log10_eta": -3.9402534274671384, "log10_lambda": -2.347017751700153, "log10_min_child_weight": 2.8718790701076258, "log10_subsample": -0.9640589623668501, "max_depth": 8.0, "num_boost_round": 1.0}, "datetime": {"datetime": "2024-01-19 02:11:50", "elapsed": 7219.057019, "delta": 0.006515}}
{"target": -13.758532882901477, "params": {"gamma": 38.24209609223217, "log10_alpha": 0.325474378164726, "log10_colsample_bytree": -0.7985568957638661, "log10_eta": -3.9402534274671384, "log10_lambda": -2.347017751700153, "log10_min_child_weight": 2.8718790701076258, "log10_subsample": -0.9640589623668501, "max_depth": 8.0, "num_boost_round": 2.0}, "datetime": {"datetime": "2024-01-19 02:11:50", "elapsed": 7219.062643, "delta": 0.005624}}
{"target": -13.758531894085014, "params": {"gamma": 38.24209609223217, "log10_alpha": 0.325474378164726, "log10_colsample_bytree": -0.7985568957638661, "log10_eta": -3.9402534274671384, "log10_lambda": -2.347017751700153, "log10_min_child_weight": 2.8718790701076258, "log10_subsample": -0.9640589623668501, "max_depth": 8.0, "num_boost_round": 3.0}, "datetime": {"datetime": "2024-01-19 02:11:50", "elapsed": 7219.06816, "delta": 0.005517}}
{"target": -13.758529921777706, "params": {"gamma": 38.24209609223217, "log10_alpha": 0.325474378164726, "log10_colsample_bytree": -0.7985568957638661, "log10_eta": -3.9402534274671384, "log10_lambda": -2.347017751700153, "log10_min_child_weight": 2.8718790701076258, "log10_subsample": -0.9640589623668501, "max_depth": 8.0, "num_boost_round": 4.0}, "datetime": {"datetime": "2024-01-19 02:11:50", "elapsed": 7219.074665, "delta": 0.006505}}
{"target": -13.758529051098414, "params": {"gamma": 38.24209609223217, "log10_alpha": 0.325474378164726, "log10_colsample_bytree": -0.7985568957638661, "log10_eta": -3.9402534274671384, "log10_lambda": -2.347017751700153, "log10_min_child_weight": 2.8718790701076258, "log10_subsample": -0.9640589623668501, "max_depth": 8.0, "num_boost_round": 5.0}, "datetime": {"datetime": "2024-01-19 02:11:50", "elapsed": 7219.080432, "delta": 0.005767}}
{"target": -13.758529585101742, "params": {"gamma": 38.24209609223217, "log10_alpha": 0.325474378164726, "log10_colsample_bytree": -0.7985568957638661, "log10_eta": -3.9402534274671384, "log10_lambda": -2.347017751700153, "log10_min_child_weight": 2.8718790701076258, "log10_subsample": -0.9640589623668501, "max_depth": 8.0, "num_boost_round": 6.0}, "datetime": {"datetime": "2024-01-19 02:11:50", "elapsed": 7219.086115, "delta": 0.005683}}
{"target": -13.758526991254694, "params": {"gamma": 38.24209609223217, "log10_alpha": 0.325474378164726, "log10_colsample_bytree": -0.7985568957638661, "log10_eta": -3.9402534274671384, "log10_lambda": -2.347017751700153, "log10_min_child_weight": 2.8718790701076258, "log10_subsample": -0.9640589623668501, "max_depth": 8.0, "num_boost_round": 7.0}, "datetime": {"datetime": "2024-01-19 02:11:50", "elapsed": 7219.091795, "delta": 0.00568}}
{"target": -13.758524451916632, "params": {"gamma": 38.24209609223217, "log10_alpha": 0.325474378164726, "log10_colsample_bytree": -0.7985568957638661, "log10_eta": -3.9402534274671384, "log10_lambda": -2.347017751700153, "log10_min_child_weight": 2.8718790701076258, "log10_subsample": -0.9640589623668501, "max_depth": 8.0, "num_boost_round": 8.0}, "datetime": {"datetime": "2024-01-19 02:11:50", "elapsed": 7219.097361, "delta": 0.005566}}
{"target": -13.758526507287742, "params": {"gamma": 38.24209609223217, "log10_alpha": 0.325474378164726, "log10_colsample_bytree": -0.7985568957638661, "log10_eta": -3.9402534274671384, "log10_lambda": -2.347017751700153, "log10_min_child_weight": 2.8718790701076258, "log10_subsample": -0.9640589623668501, "max_depth": 8.0, "num_boost_round": 9.0}, "datetime": {"datetime": "2024-01-19 02:11:50", "elapsed": 7219.102981, "delta": 0.00562}}
{"target": -13.758523401801643, "params": {"gamma": 38.24209609223217, "log10_alpha": 0.325474378164726, "log10_colsample_bytree": -0.7985568957638661, "log10_eta": -3.9402534274671384, "log10_lambda": -2.347017751700153, "log10_min_child_weight": 2.8718790701076258, "log10_subsample": -0.9640589623668501, "max_depth": 8.0, "num_boost_round": 10.0}, "datetime": {"datetime": "2024-01-19 02:11:50", "elapsed": 7219.10864, "delta": 0.005659}}
{"target": -13.758521877996463, "params": {"gamma": 38.24209609223217, "log10_alpha": 0.325474378164726, "log10_colsample_bytree": -0.7985568957638661, "log10_eta": -3.9402534274671384, "log10_lambda": -2.347017751700153, "log10_min_child_weight": 2.8718790701076258, "log10_subsample": -0.9640589623668501, "max_depth": 8.0, "num_boost_round": 11.0}, "datetime": {"datetime": "2024-01-19 02:11:50", "elapsed": 7219.114439, "delta": 0.005799}}
{"target": -13.7585200892341, "params": {"gamma": 38.24209609223217, "log10_alpha": 0.325474378164726, "log10_colsample_bytree": -0.7985568957638661, "log10_eta": -3.9402534274671384, "log10_lambda": -2.347017751700153, "log10_min_child_weight": 2.8718790701076258, "log10_subsample": -0.9640589623668501, "max_depth": 8.0, "num_boost_round": 12.0}, "datetime": {"datetime": "2024-01-19 02:11:50", "elapsed": 7219.120418, "delta": 0.005979}}
{"target": -13.758516754337151, "params": {"gamma": 38.24209609223217, "log10_alpha": 0.325474378164726, "log10_colsample_bytree": -0.7985568957638661, "log10_eta": -3.9402534274671384, "log10_lambda": -2.347017751700153, "log10_min_child_weight": 2.8718790701076258, "log10_subsample": -0.9640589623668501, "max_depth": 8.0, "num_boost_round": 13.0}, "datetime": {"datetime": "2024-01-19 02:11:51", "elapsed": 7219.126048, "delta": 0.00563}}
{"target": -13.758515069853813, "params": {"gamma": 38.24209609223217, "log10_alpha": 0.325474378164726, "log10_colsample_bytree": -0.7985568957638661, "log10_eta": -3.9402534274671384, "log10_lambda": -2.347017751700153, "log10_min_child_weight": 2.8718790701076258, "log10_subsample": -0.9640589623668501, "max_depth": 8.0, "num_boost_round": 14.0}, "datetime": {"datetime": "2024-01-19 02:11:51", "elapsed": 7219.131587, "delta": 0.005539}}
{"target": -13.758512593389682, "params": {"gamma": 38.24209609223217, "log10_alpha": 0.325474378164726, "log10_colsample_bytree": -0.7985568957638661, "log10_eta": -3.9402534274671384, "log10_lambda": -2.347017751700153, "log10_min_child_weight": 2.8718790701076258, "log10_subsample": -0.9640589623668501, "max_depth": 8.0, "num_boost_round": 15.0}, "datetime": {"datetime": "2024-01-19 02:11:51", "elapsed": 7219.137138, "delta": 0.005551}}
{"target": -13.758534673304105, "params": {"gamma": 23.55163605424526, "log10_alpha": -4.444413833181792, "log10_colsample_bytree": -0.21510302155418215, "log10_eta": -3.994161588416819, "log10_lambda": -2.3314608816744733, "log10_min_child_weight": 1.251655246798748, "log10_subsample": -0.3608058435542848, "max_depth": 6.0, "num_boost_round": 0.0}, "datetime": {"datetime": "2024-01-19 02:13:35", "elapsed": 7323.523767, "delta": 104.386629}}
{"target": -13.758533706299806, "params": {"gamma": 23.55163605424526, "log10_alpha": -4.444413833181792, "log10_colsample_bytree": -0.21510302155418215, "log10_eta": -3.994161588416819, "log10_lambda": -2.3314608816744733, "log10_min_child_weight": 1.251655246798748, "log10_subsample": -0.3608058435542848, "max_depth": 6.0, "num_boost_round": 1.0}, "datetime": {"datetime": "2024-01-19 02:13:35", "elapsed": 7323.529928, "delta": 0.006161}}
{"target": -13.75853256485384, "params": {"gamma": 23.55163605424526, "log10_alpha": -4.444413833181792, "log10_colsample_bytree": -0.21510302155418215, "log10_eta": -3.994161588416819, "log10_lambda": -2.3314608816744733, "log10_min_child_weight": 1.251655246798748, "log10_subsample": -0.3608058435542848, "max_depth": 6.0, "num_boost_round": 2.0}, "datetime": {"datetime": "2024-01-19 02:13:35", "elapsed": 7323.535938, "delta": 0.00601}}
{"target": -13.758530362285072, "params": {"gamma": 23.55163605424526, "log10_alpha": -4.444413833181792, "log10_colsample_bytree": -0.21510302155418215, "log10_eta": -3.994161588416819, "log10_lambda": -2.3314608816744733, "log10_min_child_weight": 1.251655246798748, "log10_subsample": -0.3608058435542848, "max_depth": 6.0, "num_boost_round": 3.0}, "datetime": {"datetime": "2024-01-19 02:13:35", "elapsed": 7323.541441, "delta": 0.005503}}
{"target": -13.758528706818643, "params": {"gamma": 23.55163605424526, "log10_alpha": -4.444413833181792, "log10_colsample_bytree": -0.21510302155418215, "log10_eta": -3.994161588416819, "log10_lambda": -2.3314608816744733, "log10_min_child_weight": 1.251655246798748, "log10_subsample": -0.3608058435542848, "max_depth": 6.0, "num_boost_round": 4.0}, "datetime": {"datetime": "2024-01-19 02:13:35", "elapsed": 7323.546917, "delta": 0.005476}}
{"target": -13.758530599161762, "params": {"gamma": 23.55163605424526, "log10_alpha": -4.444413833181792, "log10_colsample_bytree": -0.21510302155418215, "log10_eta": -3.994161588416819, "log10_lambda": -2.3314608816744733, "log10_min_child_weight": 1.251655246798748, "log10_subsample": -0.3608058435542848, "max_depth": 6.0, "num_boost_round": 5.0}, "datetime": {"datetime": "2024-01-19 02:13:35", "elapsed": 7323.552635, "delta": 0.005718}}
{"target": -13.758529007781698, "params": {"gamma": 23.55163605424526, "log10_alpha": -4.444413833181792, "log10_colsample_bytree": -0.21510302155418215, "log10_eta": -3.994161588416819, "log10_lambda": -2.3314608816744733, "log10_min_child_weight": 1.251655246798748, "log10_subsample": -0.3608058435542848, "max_depth": 6.0, "num_boost_round": 6.0}, "datetime": {"datetime": "2024-01-19 02:13:35", "elapsed": 7323.558249, "delta": 0.005614}}
{"target": -13.758531557089412, "params": {"gamma": 23.55163605424526, "log10_alpha": -4.444413833181792, "log10_colsample_bytree": -0.21510302155418215, "log10_eta": -3.994161588416819, "log10_lambda": -2.3314608816744733, "log10_min_child_weight": 1.251655246798748, "log10_subsample": -0.3608058435542848, "max_depth": 6.0, "num_boost_round": 7.0}, "datetime": {"datetime": "2024-01-19 02:13:35", "elapsed": 7323.563757, "delta": 0.005508}}
{"target": -13.758527385527906, "params": {"gamma": 23.55163605424526, "log10_alpha": -4.444413833181792, "log10_colsample_bytree": -0.21510302155418215, "log10_eta": -3.994161588416819, "log10_lambda": -2.3314608816744733, "log10_min_child_weight": 1.251655246798748, "log10_subsample": -0.3608058435542848, "max_depth": 6.0, "num_boost_round": 8.0}, "datetime": {"datetime": "2024-01-19 02:13:35", "elapsed": 7323.569418, "delta": 0.005661}}
{"target": -13.758527944708527, "params": {"gamma": 23.55163605424526, "log10_alpha": -4.444413833181792, "log10_colsample_bytree": -0.21510302155418215, "log10_eta": -3.994161588416819, "log10_lambda": -2.3314608816744733, "log10_min_child_weight": 1.251655246798748, "log10_subsample": -0.3608058435542848, "max_depth": 6.0, "num_boost_round": 9.0}, "datetime": {"datetime": "2024-01-19 02:13:35", "elapsed": 7323.575004, "delta": 0.005586}}
{"target": -13.758535263706932, "params": {"gamma": 36.27806986960569, "log10_alpha": -4.300469414814337, "log10_colsample_bytree": -0.9201123982414116, "log10_eta": -3.834390844036556, "log10_lambda": 0.4056016225789483, "log10_min_child_weight": 0.2986208693275988, "log10_subsample": -0.1649973770943044, "max_depth": 2.0, "num_boost_round": 0.0}, "datetime": {"datetime": "2024-01-19 02:15:57", "elapsed": 7465.132596, "delta": 141.557592}}
{"target": -13.758533618424647, "params": {"gamma": 36.27806986960569, "log10_alpha": -4.300469414814337, "log10_colsample_bytree": -0.9201123982414116, "log10_eta": -3.834390844036556, "log10_lambda": 0.4056016225789483, "log10_min_child_weight": 0.2986208693275988, "log10_subsample": -0.1649973770943044, "max_depth": 2.0, "num_boost_round": 1.0}, "datetime": {"datetime": "2024-01-19 02:15:57", "elapsed": 7465.138697, "delta": 0.006101}}
{"target": -13.758532425001158, "params": {"gamma": 36.27806986960569, "log10_alpha": -4.300469414814337, "log10_colsample_bytree": -0.9201123982414116, "log10_eta": -3.834390844036556, "log10_lambda": 0.4056016225789483, "log10_min_child_weight": 0.2986208693275988, "log10_subsample": -0.1649973770943044, "max_depth": 2.0, "num_boost_round": 2.0}, "datetime": {"datetime": "2024-01-19 02:15:57", "elapsed": 7465.144517, "delta": 0.00582}}
{"target": -13.758533262874344, "params": {"gamma": 36.27806986960569, "log10_alpha": -4.300469414814337, "log10_colsample_bytree": -0.9201123982414116, "log10_eta": -3.834390844036556, "log10_lambda": 0.4056016225789483, "log10_min_child_weight": 0.2986208693275988, "log10_subsample": -0.1649973770943044, "max_depth": 2.0, "num_boost_round": 3.0}, "datetime": {"datetime": "2024-01-19 02:15:57", "elapsed": 7465.150427, "delta": 0.00591}}
{"target": -13.758531862708178, "params": {"gamma": 36.27806986960569, "log10_alpha": -4.300469414814337, "log10_colsample_bytree": -0.9201123982414116, "log10_eta": -3.834390844036556, "log10_lambda": 0.4056016225789483, "log10_min_child_weight": 0.2986208693275988, "log10_subsample": -0.1649973770943044, "max_depth": 2.0, "num_boost_round": 4.0}, "datetime": {"datetime": "2024-01-19 02:15:57", "elapsed": 7465.156473, "delta": 0.006046}}
{"target": -13.758530226656394, "params": {"gamma": 36.27806986960569, "log10_alpha": -4.300469414814337, "log10_colsample_bytree": -0.9201123982414116, "log10_eta": -3.834390844036556, "log10_lambda": 0.4056016225789483, "log10_min_child_weight": 0.2986208693275988, "log10_subsample": -0.1649973770943044, "max_depth": 2.0, "num_boost_round": 5.0}, "datetime": {"datetime": "2024-01-19 02:15:57", "elapsed": 7465.161994, "delta": 0.005521}}
{"target": -13.75853094306229, "params": {"gamma": 36.27806986960569, "log10_alpha": -4.300469414814337, "log10_colsample_bytree": -0.9201123982414116, "log10_eta": -3.834390844036556, "log10_lambda": 0.4056016225789483, "log10_min_child_weight": 0.2986208693275988, "log10_subsample": -0.1649973770943044, "max_depth": 2.0, "num_boost_round": 6.0}, "datetime": {"datetime": "2024-01-19 02:15:57", "elapsed": 7465.16767, "delta": 0.005676}}
{"target": -13.758528458301093, "params": {"gamma": 36.27806986960569, "log10_alpha": -4.300469414814337, "log10_colsample_bytree": -0.9201123982414116, "log10_eta": -3.834390844036556, "log10_lambda": 0.4056016225789483, "log10_min_child_weight": 0.2986208693275988, "log10_subsample": -0.1649973770943044, "max_depth": 2.0, "num_boost_round": 7.0}, "datetime": {"datetime": "2024-01-19 02:15:57", "elapsed": 7465.173202, "delta": 0.005532}}
{"target": -13.758529721873177, "params": {"gamma": 36.27806986960569, "log10_alpha": -4.300469414814337, "log10_colsample_bytree": -0.9201123982414116, "log10_eta": -3.834390844036556, "log10_lambda": 0.4056016225789483, "log10_min_child_weight": 0.2986208693275988, "log10_subsample": -0.1649973770943044, "max_depth": 2.0, "num_boost_round": 8.0}, "datetime": {"datetime": "2024-01-19 02:15:57", "elapsed": 7465.178857, "delta": 0.005655}}
{"target": -13.758528423405313, "params": {"gamma": 36.27806986960569, "log10_alpha": -4.300469414814337, "log10_colsample_bytree": -0.9201123982414116, "log10_eta": -3.834390844036556, "log10_lambda": 0.4056016225789483, "log10_min_child_weight": 0.2986208693275988, "log10_subsample": -0.1649973770943044, "max_depth": 2.0, "num_boost_round": 9.0}, "datetime": {"datetime": "2024-01-19 02:15:57", "elapsed": 7465.184471, "delta": 0.005614}}
