{"target": -13.758456869453704, "params": {"gamma": 712.5994976464016, "log10_alpha": 0.08534529684801839, "log10_colsample_bytree": -0.9629075189649775, "log10_eta": -3.7074019989374256, "log10_lambda": -3.0857195541697164, "log10_min_child_weight": 3.239915446496889, "log10_subsample": -0.4222274059740023, "max_depth": 6.0, "num_boost_round": 28.0}, "datetime": {"datetime": "2024-01-19 01:15:51", "elapsed": 3850.151312, "delta": 0.004688}}
{"target": -13.758458042625588, "params": {"gamma": 712.5994976464016, "log10_alpha": 0.08534529684801839, "log10_colsample_bytree": -0.9629075189649775, "log10_eta": -3.7074019989374256, "log10_lambda": -3.0857195541697164, "log10_min_child_weight": 3.239915446496889, "log10_subsample": -0.4222274059740023, "max_depth": 6.0, "num_boost_round": 29.0}, "datetime": {"datetime": "2024-01-19 01:15:51", "elapsed": 3850.155741, "delta": 0.004429}}
{"target": -13.75845661967188, "params": {"gamma": 712.5994976464016, "log10_alpha": 0.08534529684801839, "log10_colsample_bytree": -0.9629075189649775, "log10_eta": -3.7074019989374256, "log10_lambda": -3.0857195541697164, "log10_min_child_weight": 3.239915446496889, "log10_subsample": -0.4222274059740023, "max_depth": 6.0, "num_boost_round": 30.0}, "datetime": {"datetime": "2024-01-19 01:15:51", "elapsed": 3850.160237, "delta": 0.004496}}
{"target": -13.75844906103531, "params": {"gamma": 712.5994976464016, "log10_alpha": 0.08534529684801839, "log10_colsample_bytree": -0.9629075189649775, "log10_eta": -3.7074019989374256, "log10_lambda": -3.0857195541697164, "log10_min_child_weight": 3.239915446496889, "log10_subsample": -0.4222274059740023, "max_depth": 6.0, "num_boost_round": 31.0}, "datetime": {"datetime": "2024-01-19 01:15:51", "elapsed": 3850.164612, "delta": 0.004375}}
{"target": -13.758447588950348, "params": {"gamma": 712.5994976464016, "log10_alpha": 0.08534529684801839, "log10_colsample_bytree": -0.9629075189649775, "log10_eta": -3.7074019989374256, "log10_lambda": -3.0857195541697164, "log10_min_child_weight": 3.239915446496889, "log10_subsample": -0.4222274059740023, "max_depth": 6.0, "num_boost_round": 32.0}, "datetime": {"datetime": "2024-01-19 01:15:51", "elapsed": 3850.168964, "delta": 0.004352}}
{"target": -13.758443218775547, "params": {"gamma": 712.5994976464016, "log10_alpha": 0.08534529684801839, "log10_colsample_bytree": -0.9629075189649775, "log10_eta": -3.7074019989374256, "log10_lambda": -3.0857195541697164, "log10_min_child_weight": 3.239915446496889, "log10_subsample": -0.4222274059740023, "max_depth": 6.0, "num_boost_round": 33.0}, "datetime": {"datetime": "2024-01-19 01:15:51", "elapsed": 3850.173383, "delta": 0.004419}}
{"target": -13.758437747007372, "params": {"gamma": 712.5994976464016, "log10_alpha": 0.08534529684801839, "log10_colsample_bytree": -0.9629075189649775, "log10_eta": -3.7074019989374256, "log10_lambda": -3.0857195541697164, "log10_min_child_weight": 3.239915446496889, "log10_subsample": -0.4222274059740023, "max_depth": 6.0, "num_boost_round": 34.0}, "datetime": {"datetime": "2024-01-19 01:15:51", "elapsed": 3850.177632, "delta": 0.004249}}
{"target": -13.758434701145433, "params": {"gamma": 712.5994976464016, "log10_alpha": 0.08534529684801839, "log10_colsample_bytree": -0.9629075189649775, "log10_eta": -3.7074019989374256, "log10_lambda": -3.0857195541697164, "log10_min_child_weight": 3.239915446496889, "log10_subsample": -0.4222274059740023, "max_depth": 6.0, "num_boost_round": 35.0}, "datetime": {"datetime": "2024-01-19 01:15:51", "elapsed": 3850.181765, "delta": 0.004133}}
{"target": -13.758433512932692, "params": {"gamma": 712.5994976464016, "log10_alpha": 0.08534529684801839, "log10_colsample_bytree": -0.9629075189649775, "log10_eta": -3.7074019989374256, "log10_lambda": -3.0857195541697164, "log10_min_child_weight": 3.239915446496889, "log10_subsample": -0.4222274059740023, "max_depth": 6.0, "num_boost_round": 36.0}, "datetime": {"datetime": "2024-01-19 01:15:51", "elapsed": 3850.186193, "delta": 0.004428}}
{"target": -13.758432723307198, "params": {"gamma": 712.5994976464016, "log10_alpha": 0.08534529684801839, "log10_colsample_bytree": -0.9629075189649775, "log10_eta": -3.7074019989374256, "log10_lambda": -3.0857195541697164, "log10_min_child_weight": 3.239915446496889, "log10_subsample": -0.4222274059740023, "max_depth": 6.0, "num_boost_round": 37.0}, "datetime": {"datetime": "2024-01-19 01:15:51", "elapsed": 3850.190501, "delta": 0.004308}}
{"target": -13.758433445989539, "params": {"gamma": 712.5994976464016, "log10_alpha": 0.08534529684801839, "log10_colsample_bytree": -0.9629075189649775, "log10_eta": -3.7074019989374256, "log10_lambda": -3.0857195541697164, "log10_min_child_weight": 3.239915446496889, "log10_subsample": -0.4222274059740023, "max_depth": 6.0, "num_boost_round": 38.0}, "datetime": {"datetime": "2024-01-19 01:15:51", "elapsed": 3850.194742, "delta": 0.004241}}
{"target": -13.758432605515758, "params": {"gamma": 712.5994976464016, "log10_alpha": 0.08534529684801839, "log10_colsample_bytree": -0.9629075189649775, "log10_eta": -3.7074019989374256, "log10_lambda": -3.0857195541697164, "log10_min_child_weight": 3.239915446496889, "log10_subsample": -0.4222274059740023, "max_depth": 6.0, "num_boost_round": 39.0}, "datetime": {"datetime": "2024-01-19 01:15:51", "elapsed": 3850.199182, "delta": 0.00444}}
{"target": -13.758431187027181, "params": {"gamma": 712.5994976464016, "log10_alpha": 0.08534529684801839, "log10_colsample_bytree": -0.9629075189649775, "log10_eta": -3.7074019989374256, "log10_lambda": -3.0857195541697164, "log10_min_child_weight": 3.239915446496889, "log10_subsample": -0.4222274059740023, "max_depth": 6.0, "num_boost_round": 40.0}, "datetime": {"datetime": "2024-01-19 01:15:51", "elapsed": 3850.203507, "delta": 0.004325}}
{"target": -13.758432614407733, "params": {"gamma": 712.5994976464016, "log10_alpha": 0.08534529684801839, "log10_colsample_bytree": -0.9629075189649775, "log10_eta": -3.7074019989374256, "log10_lambda": -3.0857195541697164, "log10_min_child_weight": 3.239915446496889, "log10_subsample": -0.4222274059740023, "max_depth": 6.0, "num_boost_round": 41.0}, "datetime": {"datetime": "2024-01-19 01:15:51", "elapsed": 3850.207687, "delta": 0.00418}}
{"target": -13.758430338957966, "params": {"gamma": 712.5994976464016, "log10_alpha": 0.08534529684801839, "log10_colsample_bytree": -0.9629075189649775, "log10_eta": -3.7074019989374256, "log10_lambda": -3.0857195541697164, "log10_min_child_weight": 3.239915446496889, "log10_subsample": -0.4222274059740023, "max_depth": 6.0, "num_boost_round": 42.0}, "datetime": {"datetime": "2024-01-19 01:15:51", "elapsed": 3850.212154, "delta": 0.004467}}
{"target": -13.758428657270299, "params": {"gamma": 712.5994976464016, "log10_alpha": 0.08534529684801839, "log10_colsample_bytree": -0.9629075189649775, "log10_eta": -3.7074019989374256, "log10_lambda": -3.0857195541697164, "log10_min_child_weight": 3.239915446496889, "log10_subsample": -0.4222274059740023, "max_depth": 6.0, "num_boost_round": 43.0}, "datetime": {"datetime": "2024-01-19 01:15:51", "elapsed": 3850.216495, "delta": 0.004341}}
{"target": -13.758425560136958, "params": {"gamma": 712.5994976464016, "log10_alpha": 0.08534529684801839, "log10_colsample_bytree": -0.9629075189649775, "log10_eta": -3.7074019989374256, "log10_lambda": -3.0857195541697164, "log10_min_child_weight": 3.239915446496889, "log10_subsample": -0.4222274059740023, "max_depth": 6.0, "num_boost_round": 44.0}, "datetime": {"datetime": "2024-01-19 01:15:51", "elapsed": 3850.220773, "delta": 0.004278}}
{"target": -13.758420969011414, "params": {"gamma": 712.5994976464016, "log10_alpha": 0.08534529684801839, "log10_colsample_bytree": -0.9629075189649775, "log10_eta": -3.7074019989374256, "log10_lambda": -3.0857195541697164, "log10_min_child_weight": 3.239915446496889, "log10_subsample": -0.4222274059740023, "max_depth": 6.0, "num_boost_round": 45.0}, "datetime": {"datetime": "2024-01-19 01:15:51", "elapsed": 3850.225329, "delta": 0.004556}}
{"target": -13.758418488520137, "params": {"gamma": 712.5994976464016, "log10_alpha": 0.08534529684801839, "log10_colsample_bytree": -0.9629075189649775, "log10_eta": -3.7074019989374256, "log10_lambda": -3.0857195541697164, "log10_min_child_weight": 3.239915446496889, "log10_subsample": -0.4222274059740023, "max_depth": 6.0, "num_boost_round": 46.0}, "datetime": {"datetime": "2024-01-19 01:15:51", "elapsed": 3850.229649, "delta": 0.00432}}
{"target": -13.758412724837607, "params": {"gamma": 712.5994976464016, "log10_alpha": 0.08534529684801839, "log10_colsample_bytree": -0.9629075189649775, "log10_eta": -3.7074019989374256, "log10_lambda": -3.0857195541697164, "log10_min_child_weight": 3.239915446496889, "log10_subsample": -0.4222274059740023, "max_depth": 6.0, "num_boost_round": 47.0}, "datetime": {"datetime": "2024-01-19 01:15:51", "elapsed": 3850.233952, "delta": 0.004303}}
{"target": -13.758412047479238, "params": {"gamma": 712.5994976464016, "log10_alpha": 0.08534529684801839, "log10_colsample_bytree": -0.9629075189649775, "log10_eta": -3.7074019989374256, "log10_lambda": -3.0857195541697164, "log10_min_child_weight": 3.239915446496889, "log10_subsample": -0.4222274059740023, "max_depth": 6.0, "num_boost_round": 48.0}, "datetime": {"datetime": "2024-01-19 01:15:51", "elapsed": 3850.238315, "delta": 0.004363}}
{"target": -13.75841076089507, "params": {"gamma": 712.5994976464016, "log10_alpha": 0.08534529684801839, "log10_colsample_bytree": -0.9629075189649775, "log10_eta": -3.7074019989374256, "log10_lambda": -3.0857195541697164, "log10_min_child_weight": 3.239915446496889, "log10_subsample": -0.4222274059740023, "max_depth": 6.0, "num_boost_round": 49.0}, "datetime": {"datetime": "2024-01-19 01:15:51", "elapsed": 3850.242576, "delta": 0.004261}}
{"target": -13.758409110413368, "params": {"gamma": 712.5994976464016, "log10_alpha": 0.08534529684801839, "log10_colsample_bytree": -0.9629075189649775, "log10_eta": -3.7074019989374256, "log10_lambda": -3.0857195541697164, "log10_min_child_weight": 3.239915446496889, "log10_subsample": -0.4222274059740023, "max_depth": 6.0, "num_boost_round": 50.0}, "datetime": {"datetime": "2024-01-19 01:15:51", "elapsed": 3850.246748, "delta": 0.004172}}
{"target": -13.758405640835253, "params": {"gamma": 712.5994976464016, "log10_alpha": 0.08534529684801839, "log10_colsample_bytree": -0.9629075189649775, "log10_eta": -3.7074019989374256, "log10_lambda": -3.0857195541697164, "log10_min_child_weight": 3.239915446496889, "log10_subsample": -0.4222274059740023, "max_depth": 6.0, "num_boost_round": 51.0}, "datetime": {"datetime": "2024-01-19 01:15:51", "elapsed": 3850.251315, "delta": 0.004567}}
{"target": -13.758399193530396, "params": {"gamma": 712.5994976464016, "log10_alpha": 0.08534529684801839, "log10_colsample_bytree": -0.9629075189649775, "log10_eta": -3.7074019989374256, "log10_lambda": -3.0857195541697164, "log10_min_child_weight": 3.239915446496889, "log10_subsample": -0.4222274059740023, "max_depth": 6.0, "num_boost_round": 52.0}, "datetime": {"datetime": "2024-01-19 01:15:51", "elapsed": 3850.255631, "delta": 0.004316}}
{"target": -13.758396280662632, "params": {"gamma": 712.5994976464016, "log10_alpha": 0.08534529684801839, "log10_colsample_bytree": -0.9629075189649775, "log10_eta": -3.7074019989374256, "log10_lambda": -3.0857195541697164, "log10_min_child_weight": 3.239915446496889, "log10_subsample": -0.4222274059740023, "max_depth": 6.0, "num_boost_round": 53.0}, "datetime": {"datetime": "2024-01-19 01:15:51", "elapsed": 3850.261035, "delta": 0.005404}}
{"target": -13.758392276474972, "params": {"gamma": 712.5994976464016, "log10_alpha": 0.08534529684801839, "log10_colsample_bytree": -0.9629075189649775, "log10_eta": -3.7074019989374256, "log10_lambda": -3.0857195541697164, "log10_min_child_weight": 3.239915446496889, "log10_subsample": -0.4222274059740023, "max_depth": 6.0, "num_boost_round": 54.0}, "datetime": {"datetime": "2024-01-19 01:15:51", "elapsed": 3850.265698, "delta": 0.004663}}
{"target": -13.758385642246425, "params": {"gamma": 712.5994976464016, "log10_alpha": 0.08534529684801839, "log10_colsample_bytree": -0.9629075189649775, "log10_eta": -3.7074019989374256, "log10_lambda": -3.0857195541697164, "log10_min_child_weight": 3.239915446496889, "log10_subsample": -0.4222274059740023, "max_depth": 6.0, "num_boost_round": 55.0}, "datetime": {"datetime": "2024-01-19 01:15:51", "elapsed": 3850.270072, "delta": 0.004374}}
{"target": -13.758385904954752, "params": {"gamma": 712.5994976464016, "log10_alpha": 0.08534529684801839, "log10_colsample_bytree": -0.9629075189649775, "log10_eta": -3.7074019989374256, "log10_lambda": -3.0857195541697164, "log10_min_child_weight": 3.239915446496889, "log10_subsample": -0.4222274059740023, "max_depth": 6.0, "num_boost_round": 56.0}, "datetime": {"datetime": "2024-01-19 01:15:51", "elapsed": 3850.274338, "delta": 0.004266}}
{"target": -13.758383539890778, "params": {"gamma": 712.5994976464016, "log10_alpha": 0.08534529684801839, "log10_colsample_bytree": -0.9629075189649775, "log10_eta": -3.7074019989374256, "log10_lambda": -3.0857195541697164, "log10_min_child_weight": 3.239915446496889, "log10_subsample": -0.4222274059740023, "max_depth": 6.0, "num_boost_round": 57.0}, "datetime": {"datetime": "2024-01-19 01:15:51", "elapsed": 3850.278872, "delta": 0.004534}}
{"target": -13.758381396872796, "params": {"gamma": 712.5994976464016, "log10_alpha": 0.08534529684801839, "log10_colsample_bytree": -0.9629075189649775, "log10_eta": -3.7074019989374256, "log10_lambda": -3.0857195541697164, "log10_min_child_weight": 3.239915446496889, "log10_subsample": -0.4222274059740023, "max_depth": 6.0, "num_boost_round": 58.0}, "datetime": {"datetime": "2024-01-19 01:15:51", "elapsed": 3850.283079, "delta": 0.004207}}
{"target": -13.7583775463109, "params": {"gamma": 712.5994976464016, "log10_alpha": 0.08534529684801839, "log10_colsample_bytree": -0.9629075189649775, "log10_eta": -3.7074019989374256, "log10_lambda": -3.0857195541697164, "log10_min_child_weight": 3.239915446496889, "log10_subsample": -0.4222274059740023, "max_depth": 6.0, "num_boost_round": 59.0}, "datetime": {"datetime": "2024-01-19 01:15:51", "elapsed": 3850.287418, "delta": 0.004339}}
{"target": -13.758376187849523, "params": {"gamma": 712.5994976464016, "log10_alpha": 0.08534529684801839, "log10_colsample_bytree": -0.9629075189649775, "log10_eta": -3.7074019989374256, "log10_lambda": -3.0857195541697164, "log10_min_child_weight": 3.239915446496889, "log10_subsample": -0.4222274059740023, "max_depth": 6.0, "num_boost_round": 60.0}, "datetime": {"datetime": "2024-01-19 01:15:51", "elapsed": 3850.291962, "delta": 0.004544}}
{"target": -13.758373737851073, "params": {"gamma": 712.5994976464016, "log10_alpha": 0.08534529684801839, "log10_colsample_bytree": -0.9629075189649775, "log10_eta": -3.7074019989374256, "log10_lambda": -3.0857195541697164, "log10_min_child_weight": 3.239915446496889, "log10_subsample": -0.4222274059740023, "max_depth": 6.0, "num_boost_round": 61.0}, "datetime": {"datetime": "2024-01-19 01:15:51", "elapsed": 3850.296273, "delta": 0.004311}}
{"target": -13.75837167195723, "params": {"gamma": 712.5994976464016, "log10_alpha": 0.08534529684801839, "log10_colsample_bytree": -0.9629075189649775, "log10_eta": -3.7074019989374256, "log10_lambda": -3.0857195541697164, "log10_min_child_weight": 3.239915446496889, "log10_subsample": -0.4222274059740023, "max_depth": 6.0, "num_boost_round": 62.0}, "datetime": {"datetime": "2024-01-19 01:15:51", "elapsed": 3850.300602, "delta": 0.004329}}
{"target": -13.75836659596301, "params": {"gamma": 712.5994976464016, "log10_alpha": 0.08534529684801839, "log10_colsample_bytree": -0.9629075189649775, "log10_eta": -3.7074019989374256, "log10_lambda": -3.0857195541697164, "log10_min_child_weight": 3.239915446496889, "log10_subsample": -0.4222274059740023, "max_depth": 6.0, "num_boost_round": 63.0}, "datetime": {"datetime": "2024-01-19 01:15:51", "elapsed": 3850.30507, "delta": 0.004468}}
{"target": -13.758369175837169, "params": {"gamma": 712.5994976464016, "log10_alpha": 0.08534529684801839, "log10_colsample_bytree": -0.9629075189649775, "log10_eta": -3.7074019989374256, "log10_lambda": -3.0857195541697164, "log10_min_child_weight": 3.239915446496889, "log10_subsample": -0.4222274059740023, "max_depth": 6.0, "num_boost_round": 64.0}, "datetime": {"datetime": "2024-01-19 01:15:51", "elapsed": 3850.309329, "delta": 0.004259}}
{"target": -13.75836825608079, "params": {"gamma": 712.5994976464016, "log10_alpha": 0.08534529684801839, "log10_colsample_bytree": -0.9629075189649775, "log10_eta": -3.7074019989374256, "log10_lambda": -3.0857195541697164, "log10_min_child_weight": 3.239915446496889, "log10_subsample": -0.4222274059740023, "max_depth": 6.0, "num_boost_round": 65.0}, "datetime": {"datetime": "2024-01-19 01:15:51", "elapsed": 3850.313614, "delta": 0.004285}}
{"target": -13.758367388282322, "params": {"gamma": 712.5994976464016, "log10_alpha": 0.08534529684801839, "log10_colsample_bytree": -0.9629075189649775, "log10_eta": -3.7074019989374256, "log10_lambda": -3.0857195541697164, "log10_min_child_weight": 3.239915446496889, "log10_subsample": -0.4222274059740023, "max_depth": 6.0, "num_boost_round": 66.0}, "datetime": {"datetime": "2024-01-19 01:15:51", "elapsed": 3850.318076, "delta": 0.004462}}
{"target": -13.75835539444954, "params": {"gamma": 712.5994976464016, "log10_alpha": 0.08534529684801839, "log10_colsample_bytree": -0.9629075189649775, "log10_eta": -3.7074019989374256, "log10_lambda": -3.0857195541697164, "log10_min_child_weight": 3.239915446496889, "log10_subsample": -0.4222274059740023, "max_depth": 6.0, "num_boost_round": 67.0}, "datetime": {"datetime": "2024-01-19 01:15:51", "elapsed": 3850.423755, "delta": 0.105679}}
{"target": -13.758355266116839, "params": {"gamma": 712.5994976464016, "log10_alpha": 0.08534529684801839, "log10_colsample_bytree": -0.9629075189649775, "log10_eta": -3.7074019989374256, "log10_lambda": -3.0857195541697164, "log10_min_child_weight": 3.239915446496889, "log10_subsample": -0.4222274059740023, "max_depth": 6.0, "num_boost_round": 68.0}, "datetime": {"datetime": "2024-01-19 01:15:51", "elapsed": 3850.428695, "delta": 0.00494}}
{"target": -13.758137217947894, "params": {"gamma": 711.6732453754214, "log10_alpha": -4.856675513560583, "log10_colsample_bytree": -0.528149394889439, "log10_eta": -1.8170452147611007, "log10_lambda": -4.898150849628838, "log10_min_child_weight": 2.1200518364029888, "log10_subsample": -0.5571197792208364, "max_depth": 9.0, "num_boost_round": 0.0}, "datetime": {"datetime": "2024-01-19 01:17:09", "elapsed": 3928.605466, "delta": 78.176771}}
{"target": -13.75798178686717, "params": {"gamma": 711.6732453754214, "log10_alpha": -4.856675513560583, "log10_colsample_bytree": -0.528149394889439, "log10_eta": -1.8170452147611007, "log10_lambda": -4.898150849628838, "log10_min_child_weight": 2.1200518364029888, "log10_subsample": -0.5571197792208364, "max_depth": 9.0, "num_boost_round": 1.0}, "datetime": {"datetime": "2024-01-19 01:17:09", "elapsed": 3928.611304, "delta": 0.005838}}
{"target": -13.757812364007068, "params": {"gamma": 711.6732453754214, "log10_alpha": -4.856675513560583, "log10_colsample_bytree": -0.528149394889439, "log10_eta": -1.8170452147611007, "log10_lambda": -4.898150849628838, "log10_min_child_weight": 2.1200518364029888, "log10_subsample": -0.5571197792208364, "max_depth": 9.0, "num_boost_round": 2.0}, "datetime": {"datetime": "2024-01-19 01:17:09", "elapsed": 3928.616317, "delta": 0.005013}}
{"target": -13.757238174319392, "params": {"gamma": 711.6732453754214, "log10_alpha": -4.856675513560583, "log10_colsample_bytree": -0.528149394889439, "log10_eta": -1.8170452147611007, "log10_lambda": -4.898150849628838, "log10_min_child_weight": 2.1200518364029888, "log10_subsample": -0.5571197792208364, "max_depth": 9.0, "num_boost_round": 3.0}, "datetime": {"datetime": "2024-01-19 01:17:09", "elapsed": 3928.620891, "delta": 0.004574}}
{"target": -13.756821610595324, "params": {"gamma": 711.6732453754214, "log10_alpha": -4.856675513560583, "log10_colsample_bytree": -0.528149394889439, "log10_eta": -1.8170452147611007, "log10_lambda": -4.898150849628838, "log10_min_child_weight": 2.1200518364029888, "log10_subsample": -0.5571197792208364, "max_depth": 9.0, "num_boost_round": 4.0}, "datetime": {"datetime": "2024-01-19 01:17:09", "elapsed": 3928.625284, "delta": 0.004393}}
{"target": -13.756237036554362, "params": {"gamma": 711.6732453754214, "log10_alpha": -4.856675513560583, "log10_colsample_bytree": -0.528149394889439, "log10_eta": -1.8170452147611007, "log10_lambda": -4.898150849628838, "log10_min_child_weight": 2.1200518364029888, "log10_subsample": -0.5571197792208364, "max_depth": 9.0, "num_boost_round": 5.0}, "datetime": {"datetime": "2024-01-19 01:17:09", "elapsed": 3928.629786, "delta": 0.004502}}
{"target": -13.75612603172791, "params": {"gamma": 711.6732453754214, "log10_alpha": -4.856675513560583, "log10_colsample_bytree": -0.528149394889439, "log10_eta": -1.8170452147611007, "log10_lambda": -4.898150849628838, "log10_min_child_weight": 2.1200518364029888, "log10_subsample": -0.5571197792208364, "max_depth": 9.0, "num_boost_round": 6.0}, "datetime": {"datetime": "2024-01-19 01:17:09", "elapsed": 3928.634709, "delta": 0.004923}}
{"target": -13.755824847102101, "params": {"gamma": 711.6732453754214, "log10_alpha": -4.856675513560583, "log10_colsample_bytree": -0.528149394889439, "log10_eta": -1.8170452147611007, "log10_lambda": -4.898150849628838, "log10_min_child_weight": 2.1200518364029888, "log10_subsample": -0.5571197792208364, "max_depth": 9.0, "num_boost_round": 7.0}, "datetime": {"datetime": "2024-01-19 01:17:09", "elapsed": 3928.639349, "delta": 0.00464}}
