{"target": -13.758455245265065, "params": {"gamma": 22.557534398526812, "log10_alpha": 0.9852536731587094, "log10_colsample_bytree": -0.12940858736433658, "log10_eta": -3.9072154350887347, "log10_lambda": 0.2696456501040947, "log10_min_child_weight": 2.169582508569648, "log10_subsample": -0.26243845217613204, "max_depth": 8.0, "num_boost_round": 38.0}, "datetime": {"datetime": "2024-01-19 02:17:30", "elapsed": 7558.667792, "delta": 0.005772}}
{"target": -13.758455365558003, "params": {"gamma": 22.557534398526812, "log10_alpha": 0.9852536731587094, "log10_colsample_bytree": -0.12940858736433658, "log10_eta": -3.9072154350887347, "log10_lambda": 0.2696456501040947, "log10_min_child_weight": 2.169582508569648, "log10_subsample": -0.26243845217613204, "max_depth": 8.0, "num_boost_round": 39.0}, "datetime": {"datetime": "2024-01-19 02:17:30", "elapsed": 7558.673488, "delta": 0.005696}}
{"target": -13.75845498190677, "params": {"gamma": 22.557534398526812, "log10_alpha": 0.9852536731587094, "log10_colsample_bytree": -0.12940858736433658, "log10_eta": -3.9072154350887347, "log10_lambda": 0.2696456501040947, "log10_min_child_weight": 2.169582508569648, "log10_subsample": -0.26243845217613204, "max_depth": 8.0, "num_boost_round": 40.0}, "datetime": {"datetime": "2024-01-19 02:17:30", "elapsed": 7558.679264, "delta": 0.005776}}
{"target": -13.758448210417532, "params": {"gamma": 22.557534398526812, "log10_alpha": 0.9852536731587094, "log10_colsample_bytree": -0.12940858736433658, "log10_eta": -3.9072154350887347, "log10_lambda": 0.2696456501040947, "log10_min_child_weight": 2.169582508569648, "log10_subsample": -0.26243845217613204, "max_depth": 8.0, "num_boost_round": 41.0}, "datetime": {"datetime": "2024-01-19 02:17:30", "elapsed": 7558.685056, "delta": 0.005792}}
{"target": -13.75844544696759, "params": {"gamma": 22.557534398526812, "log10_alpha": 0.9852536731587094, "log10_colsample_bytree": -0.12940858736433658, "log10_eta": -3.9072154350887347, "log10_lambda": 0.2696456501040947, "log10_min_child_weight": 2.169582508569648, "log10_subsample": -0.26243845217613204, "max_depth": 8.0, "num_boost_round": 42.0}, "datetime": {"datetime": "2024-01-19 02:17:30", "elapsed": 7558.690845, "delta": 0.005789}}
{"target": -13.758442798011057, "params": {"gamma": 22.557534398526812, "log10_alpha": 0.9852536731587094, "log10_colsample_bytree": -0.12940858736433658, "log10_eta": -3.9072154350887347, "log10_lambda": 0.2696456501040947, "log10_min_child_weight": 2.169582508569648, "log10_subsample": -0.26243845217613204, "max_depth": 8.0, "num_boost_round": 43.0}, "datetime": {"datetime": "2024-01-19 02:17:30", "elapsed": 7558.696716, "delta": 0.005871}}
{"target": -13.758440163055623, "params": {"gamma": 22.557534398526812, "log10_alpha": 0.9852536731587094, "log10_colsample_bytree": -0.12940858736433658, "log10_eta": -3.9072154350887347, "log10_lambda": 0.2696456501040947, "log10_min_child_weight": 2.169582508569648, "log10_subsample": -0.26243845217613204, "max_depth": 8.0, "num_boost_round": 44.0}, "datetime": {"datetime": "2024-01-19 02:17:30", "elapsed": 7558.702579, "delta": 0.005863}}
{"target": -13.758437420344492, "params": {"gamma": 22.557534398526812, "log10_alpha": 0.9852536731587094, "log10_colsample_bytree": -0.12940858736433658, "log10_eta": -3.9072154350887347, "log10_lambda": 0.2696456501040947, "log10_min_child_weight": 2.169582508569648, "log10_subsample": -0.26243845217613204, "max_depth": 8.0, "num_boost_round": 45.0}, "datetime": {"datetime": "2024-01-19 02:17:30", "elapsed": 7558.70855, "delta": 0.005971}}
{"target": -13.75843315852666, "params": {"gamma": 22.557534398526812, "log10_alpha": 0.9852536731587094, "log10_colsample_bytree": -0.12940858736433658, "log10_eta": -3.9072154350887347, "log10_lambda": 0.2696456501040947, "log10_min_child_weight": 2.169582508569648, "log10_subsample": -0.26243845217613204, "max_depth": 8.0, "num_boost_round": 46.0}, "datetime": {"datetime": "2024-01-19 02:17:30", "elapsed": 7558.714675, "delta": 0.006125}}
{"target": -13.758521662018424, "params": {"gamma": 6.945522026936546, "log10_alpha": -2.481275443376467, "log10_colsample_bytree": -0.7469503587241513, "log10_eta": -3.366336350349832, "log10_lambda": 0.7167422730701993, "log10_min_child_weight": 1.548167127925859, "log10_subsample": -0.3837739831547593, "max_depth": 5.0, "num_boost_round": 0.0}, "datetime": {"datetime": "2024-01-19 02:19:09", "elapsed": 7657.428826, "delta": 98.714151}}
{"target": -13.758502715272794, "params": {"gamma": 6.945522026936546, "log10_alpha": -2.481275443376467, "log10_colsample_bytree": -0.7469503587241513, "log10_eta": -3.366336350349832, "log10_lambda": 0.7167422730701993, "log10_min_child_weight": 1.548167127925859, "log10_subsample": -0.3837739831547593, "max_depth": 5.0, "num_boost_round": 1.0}, "datetime": {"datetime": "2024-01-19 02:19:09", "elapsed": 7657.435462, "delta": 0.006636}}
{"target": -13.758494738390386, "params": {"gamma": 6.945522026936546, "log10_alpha": -2.481275443376467, "log10_colsample_bytree": -0.7469503587241513, "log10_eta": -3.366336350349832, "log10_lambda": 0.7167422730701993, "log10_min_child_weight": 1.548167127925859, "log10_subsample": -0.3837739831547593, "max_depth": 5.0, "num_boost_round": 2.0}, "datetime": {"datetime": "2024-01-19 02:19:09", "elapsed": 7657.441271, "delta": 0.005809}}
{"target": -13.758475219407703, "params": {"gamma": 6.945522026936546, "log10_alpha": -2.481275443376467, "log10_colsample_bytree": -0.7469503587241513, "log10_eta": -3.366336350349832, "log10_lambda": 0.7167422730701993, "log10_min_child_weight": 1.548167127925859, "log10_subsample": -0.3837739831547593, "max_depth": 5.0, "num_boost_round": 3.0}, "datetime": {"datetime": "2024-01-19 02:19:09", "elapsed": 7657.447162, "delta": 0.005891}}
{"target": -13.758475271324157, "params": {"gamma": 6.945522026936546, "log10_alpha": -2.481275443376467, "log10_colsample_bytree": -0.7469503587241513, "log10_eta": -3.366336350349832, "log10_lambda": 0.7167422730701993, "log10_min_child_weight": 1.548167127925859, "log10_subsample": -0.3837739831547593, "max_depth": 5.0, "num_boost_round": 4.0}, "datetime": {"datetime": "2024-01-19 02:19:09", "elapsed": 7657.452827, "delta": 0.005665}}
{"target": -13.758477050822005, "params": {"gamma": 6.945522026936546, "log10_alpha": -2.481275443376467, "log10_colsample_bytree": -0.7469503587241513, "log10_eta": -3.366336350349832, "log10_lambda": 0.7167422730701993, "log10_min_child_weight": 1.548167127925859, "log10_subsample": -0.3837739831547593, "max_depth": 5.0, "num_boost_round": 5.0}, "datetime": {"datetime": "2024-01-19 02:19:09", "elapsed": 7657.458513, "delta": 0.005686}}
{"target": -13.758470463264118, "params": {"gamma": 6.945522026936546, "log10_alpha": -2.481275443376467, "log10_colsample_bytree": -0.7469503587241513, "log10_eta": -3.366336350349832, "log10_lambda": 0.7167422730701993, "log10_min_child_weight": 1.548167127925859, "log10_subsample": -0.3837739831547593, "max_depth": 5.0, "num_boost_round": 6.0}, "datetime": {"datetime": "2024-01-19 02:19:09", "elapsed": 7657.464123, "delta": 0.00561}}
{"target": -13.758458501505064, "params": {"gamma": 6.945522026936546, "log10_alpha": -2.481275443376467, "log10_colsample_bytree": -0.7469503587241513, "log10_eta": -3.366336350349832, "log10_lambda": 0.7167422730701993, "log10_min_child_weight": 1.548167127925859, "log10_subsample": -0.3837739831547593, "max_depth": 5.0, "num_boost_round": 7.0}, "datetime": {"datetime": "2024-01-19 02:19:09", "elapsed": 7657.469837, "delta": 0.005714}}
{"target": -13.758454332483392, "params": {"gamma": 6.945522026936546, "log10_alpha": -2.481275443376467, "log10_colsample_bytree": -0.7469503587241513, "log10_eta": -3.366336350349832, "log10_lambda": 0.7167422730701993, "log10_min_child_weight": 1.548167127925859, "log10_subsample": -0.3837739831547593, "max_depth": 5.0, "num_boost_round": 8.0}, "datetime": {"datetime": "2024-01-19 02:19:09", "elapsed": 7657.475583, "delta": 0.005746}}
{"target": -13.758456518599568, "params": {"gamma": 6.945522026936546, "log10_alpha": -2.481275443376467, "log10_colsample_bytree": -0.7469503587241513, "log10_eta": -3.366336350349832, "log10_lambda": 0.7167422730701993, "log10_min_child_weight": 1.548167127925859, "log10_subsample": -0.3837739831547593, "max_depth": 5.0, "num_boost_round": 9.0}, "datetime": {"datetime": "2024-01-19 02:19:09", "elapsed": 7657.48131, "delta": 0.005727}}
{"target": -13.758451185570888, "params": {"gamma": 6.945522026936546, "log10_alpha": -2.481275443376467, "log10_colsample_bytree": -0.7469503587241513, "log10_eta": -3.366336350349832, "log10_lambda": 0.7167422730701993, "log10_min_child_weight": 1.548167127925859, "log10_subsample": -0.3837739831547593, "max_depth": 5.0, "num_boost_round": 10.0}, "datetime": {"datetime": "2024-01-19 02:19:09", "elapsed": 7657.487189, "delta": 0.005879}}
{"target": -13.758431315921486, "params": {"gamma": 6.945522026936546, "log10_alpha": -2.481275443376467, "log10_colsample_bytree": -0.7469503587241513, "log10_eta": -3.366336350349832, "log10_lambda": 0.7167422730701993, "log10_min_child_weight": 1.548167127925859, "log10_subsample": -0.3837739831547593, "max_depth": 5.0, "num_boost_round": 11.0}, "datetime": {"datetime": "2024-01-19 02:19:09", "elapsed": 7657.493293, "delta": 0.006104}}
{"target": -13.758428438777077, "params": {"gamma": 6.945522026936546, "log10_alpha": -2.481275443376467, "log10_colsample_bytree": -0.7469503587241513, "log10_eta": -3.366336350349832, "log10_lambda": 0.7167422730701993, "log10_min_child_weight": 1.548167127925859, "log10_subsample": -0.3837739831547593, "max_depth": 5.0, "num_boost_round": 12.0}, "datetime": {"datetime": "2024-01-19 02:19:09", "elapsed": 7657.499697, "delta": 0.006404}}
{"target": -13.758401992131628, "params": {"gamma": 6.945522026936546, "log10_alpha": -2.481275443376467, "log10_colsample_bytree": -0.7469503587241513, "log10_eta": -3.366336350349832, "log10_lambda": 0.7167422730701993, "log10_min_child_weight": 1.548167127925859, "log10_subsample": -0.3837739831547593, "max_depth": 5.0, "num_boost_round": 13.0}, "datetime": {"datetime": "2024-01-19 02:19:09", "elapsed": 7657.50546, "delta": 0.005763}}
{"target": -13.75840909105405, "params": {"gamma": 6.945522026936546, "log10_alpha": -2.481275443376467, "log10_colsample_bytree": -0.7469503587241513, "log10_eta": -3.366336350349832, "log10_lambda": 0.7167422730701993, "log10_min_child_weight": 1.548167127925859, "log10_subsample": -0.3837739831547593, "max_depth": 5.0, "num_boost_round": 14.0}, "datetime": {"datetime": "2024-01-19 02:19:09", "elapsed": 7657.51125, "delta": 0.00579}}
{"target": -13.758406626025378, "params": {"gamma": 6.945522026936546, "log10_alpha": -2.481275443376467, "log10_colsample_bytree": -0.7469503587241513, "log10_eta": -3.366336350349832, "log10_lambda": 0.7167422730701993, "log10_min_child_weight": 1.548167127925859, "log10_subsample": -0.3837739831547593, "max_depth": 5.0, "num_boost_round": 15.0}, "datetime": {"datetime": "2024-01-19 02:19:09", "elapsed": 7657.51702, "delta": 0.00577}}
{"target": -13.758539126217453, "params": {"gamma": 21.984714101329295, "log10_alpha": -4.1970293320705485, "log10_colsample_bytree": -0.8724033966012885, "log10_eta": -2.5343237890874204, "log10_lambda": -2.9842577264326735, "log10_min_child_weight": 4.6002347778309085, "log10_subsample": -0.021361475321919454, "max_depth": 9.0, "num_boost_round": 0.0}, "datetime": {"datetime": "2024-01-19 02:20:32", "elapsed": 7741.029974, "delta": 83.512954}}
{"target": -13.758528910024642, "params": {"gamma": 21.984714101329295, "log10_alpha": -4.1970293320705485, "log10_colsample_bytree": -0.8724033966012885, "log10_eta": -2.5343237890874204, "log10_lambda": -2.9842577264326735, "log10_min_child_weight": 4.6002347778309085, "log10_subsample": -0.021361475321919454, "max_depth": 9.0, "num_boost_round": 1.0}, "datetime": {"datetime": "2024-01-19 02:20:32", "elapsed": 7741.03626, "delta": 0.006286}}
{"target": -13.758505863680416, "params": {"gamma": 21.984714101329295, "log10_alpha": -4.1970293320705485, "log10_colsample_bytree": -0.8724033966012885, "log10_eta": -2.5343237890874204, "log10_lambda": -2.9842577264326735, "log10_min_child_weight": 4.6002347778309085, "log10_subsample": -0.021361475321919454, "max_depth": 9.0, "num_boost_round": 2.0}, "datetime": {"datetime": "2024-01-19 02:20:32", "elapsed": 7741.041992, "delta": 0.005732}}
{"target": -13.758496866555024, "params": {"gamma": 21.984714101329295, "log10_alpha": -4.1970293320705485, "log10_colsample_bytree": -0.8724033966012885, "log10_eta": -2.5343237890874204, "log10_lambda": -2.9842577264326735, "log10_min_child_weight": 4.6002347778309085, "log10_subsample": -0.021361475321919454, "max_depth": 9.0, "num_boost_round": 3.0}, "datetime": {"datetime": "2024-01-19 02:20:32", "elapsed": 7741.047759, "delta": 0.005767}}
{"target": -13.758493004036927, "params": {"gamma": 21.984714101329295, "log10_alpha": -4.1970293320705485, "log10_colsample_bytree": -0.8724033966012885, "log10_eta": -2.5343237890874204, "log10_lambda": -2.9842577264326735, "log10_min_child_weight": 4.6002347778309085, "log10_subsample": -0.021361475321919454, "max_depth": 9.0, "num_boost_round": 4.0}, "datetime": {"datetime": "2024-01-19 02:20:32", "elapsed": 7741.053462, "delta": 0.005703}}
{"target": -13.758485962653486, "params": {"gamma": 21.984714101329295, "log10_alpha": -4.1970293320705485, "log10_colsample_bytree": -0.8724033966012885, "log10_eta": -2.5343237890874204, "log10_lambda": -2.9842577264326735, "log10_min_child_weight": 4.6002347778309085, "log10_subsample": -0.021361475321919454, "max_depth": 9.0, "num_boost_round": 5.0}, "datetime": {"datetime": "2024-01-19 02:20:32", "elapsed": 7741.059247, "delta": 0.005785}}
{"target": -13.758494591851559, "params": {"gamma": 21.984714101329295, "log10_alpha": -4.1970293320705485, "log10_colsample_bytree": -0.8724033966012885, "log10_eta": -2.5343237890874204, "log10_lambda": -2.9842577264326735, "log10_min_child_weight": 4.6002347778309085, "log10_subsample": -0.021361475321919454, "max_depth": 9.0, "num_boost_round": 6.0}, "datetime": {"datetime": "2024-01-19 02:20:32", "elapsed": 7741.064885, "delta": 0.005638}}
{"target": -13.758456966635432, "params": {"gamma": 21.984714101329295, "log10_alpha": -4.1970293320705485, "log10_colsample_bytree": -0.8724033966012885, "log10_eta": -2.5343237890874204, "log10_lambda": -2.9842577264326735, "log10_min_child_weight": 4.6002347778309085, "log10_subsample": -0.021361475321919454, "max_depth": 9.0, "num_boost_round": 7.0}, "datetime": {"datetime": "2024-01-19 02:20:32", "elapsed": 7741.07069, "delta": 0.005805}}
{"target": -13.758458868353062, "params": {"gamma": 21.984714101329295, "log10_alpha": -4.1970293320705485, "log10_colsample_bytree": -0.8724033966012885, "log10_eta": -2.5343237890874204, "log10_lambda": -2.9842577264326735, "log10_min_child_weight": 4.6002347778309085, "log10_subsample": -0.021361475321919454, "max_depth": 9.0, "num_boost_round": 8.0}, "datetime": {"datetime": "2024-01-19 02:20:32", "elapsed": 7741.076554, "delta": 0.005864}}
{"target": -13.758467260271784, "params": {"gamma": 21.984714101329295, "log10_alpha": -4.1970293320705485, "log10_colsample_bytree": -0.8724033966012885, "log10_eta": -2.5343237890874204, "log10_lambda": -2.9842577264326735, "log10_min_child_weight": 4.6002347778309085, "log10_subsample": -0.021361475321919454, "max_depth": 9.0, "num_boost_round": 9.0}, "datetime": {"datetime": "2024-01-19 02:20:32", "elapsed": 7741.082463, "delta": 0.005909}}
{"target": -13.75842036537324, "params": {"gamma": 21.984714101329295, "log10_alpha": -4.1970293320705485, "log10_colsample_bytree": -0.8724033966012885, "log10_eta": -2.5343237890874204, "log10_lambda": -2.9842577264326735, "log10_min_child_weight": 4.6002347778309085, "log10_subsample": -0.021361475321919454, "max_depth": 9.0, "num_boost_round": 10.0}, "datetime": {"datetime": "2024-01-19 02:20:32", "elapsed": 7741.088358, "delta": 0.005895}}
{"target": -13.758388247471268, "params": {"gamma": 21.984714101329295, "log10_alpha": -4.1970293320705485, "log10_colsample_bytree": -0.8724033966012885, "log10_eta": -2.5343237890874204, "log10_lambda": -2.9842577264326735, "log10_min_child_weight": 4.6002347778309085, "log10_subsample": -0.021361475321919454, "max_depth": 9.0, "num_boost_round": 11.0}, "datetime": {"datetime": "2024-01-19 02:20:32", "elapsed": 7741.094222, "delta": 0.005864}}
{"target": -13.758409254865368, "params": {"gamma": 21.984714101329295, "log10_alpha": -4.1970293320705485, "log10_colsample_bytree": -0.8724033966012885, "log10_eta": -2.5343237890874204, "log10_lambda": -2.9842577264326735, "log10_min_child_weight": 4.6002347778309085, "log10_subsample": -0.021361475321919454, "max_depth": 9.0, "num_boost_round": 12.0}, "datetime": {"datetime": "2024-01-19 02:20:32", "elapsed": 7741.100209, "delta": 0.005987}}
{"target": -13.758379520949882, "params": {"gamma": 21.984714101329295, "log10_alpha": -4.1970293320705485, "log10_colsample_bytree": -0.8724033966012885, "log10_eta": -2.5343237890874204, "log10_lambda": -2.9842577264326735, "log10_min_child_weight": 4.6002347778309085, "log10_subsample": -0.021361475321919454, "max_depth": 9.0, "num_boost_round": 13.0}, "datetime": {"datetime": "2024-01-19 02:20:32", "elapsed": 7741.106325, "delta": 0.006116}}
{"target": -13.758351414480032, "params": {"gamma": 21.984714101329295, "log10_alpha": -4.1970293320705485, "log10_colsample_bytree": -0.8724033966012885, "log10_eta": -2.5343237890874204, "log10_lambda": -2.9842577264326735, "log10_min_child_weight": 4.6002347778309085, "log10_subsample": -0.021361475321919454, "max_depth": 9.0, "num_boost_round": 14.0}, "datetime": {"datetime": "2024-01-19 02:20:33", "elapsed": 7741.220562, "delta": 0.114237}}
{"target": -13.758325833110108, "params": {"gamma": 21.984714101329295, "log10_alpha": -4.1970293320705485, "log10_colsample_bytree": -0.8724033966012885, "log10_eta": -2.5343237890874204, "log10_lambda": -2.9842577264326735, "log10_min_child_weight": 4.6002347778309085, "log10_subsample": -0.021361475321919454, "max_depth": 9.0, "num_boost_round": 15.0}, "datetime": {"datetime": "2024-01-19 02:20:33", "elapsed": 7741.226952, "delta": 0.00639}}
{"target": -13.758328137888318, "params": {"gamma": 21.984714101329295, "log10_alpha": -4.1970293320705485, "log10_colsample_bytree": -0.8724033966012885, "log10_eta": -2.5343237890874204, "log10_lambda": -2.9842577264326735, "log10_min_child_weight": 4.6002347778309085, "log10_subsample": -0.021361475321919454, "max_depth": 9.0, "num_boost_round": 16.0}, "datetime": {"datetime": "2024-01-19 02:20:33", "elapsed": 7741.232808, "delta": 0.005856}}
{"target": -13.758328754663848, "params": {"gamma": 21.984714101329295, "log10_alpha": -4.1970293320705485, "log10_colsample_bytree": -0.8724033966012885, "log10_eta": -2.5343237890874204, "log10_lambda": -2.9842577264326735, "log10_min_child_weight": 4.6002347778309085, "log10_subsample": -0.021361475321919454, "max_depth": 9.0, "num_boost_round": 17.0}, "datetime": {"datetime": "2024-01-19 02:20:33", "elapsed": 7741.238524, "delta": 0.005716}}
{"target": -13.758306578983177, "params": {"gamma": 21.984714101329295, "log10_alpha": -4.1970293320705485, "log10_colsample_bytree": -0.8724033966012885, "log10_eta": -2.5343237890874204, "log10_lambda": -2.9842577264326735, "log10_min_child_weight": 4.6002347778309085, "log10_subsample": -0.021361475321919454, "max_depth": 9.0, "num_boost_round": 18.0}, "datetime": {"datetime": "2024-01-19 02:20:33", "elapsed": 7741.244248, "delta": 0.005724}}
{"target": -13.758304181224815, "params": {"gamma": 21.984714101329295, "log10_alpha": -4.1970293320705485, "log10_colsample_bytree": -0.8724033966012885, "log10_eta": -2.5343237890874204, "log10_lambda": -2.9842577264326735, "log10_min_child_weight": 4.6002347778309085, "log10_subsample": -0.021361475321919454, "max_depth": 9.0, "num_boost_round": 19.0}, "datetime": {"datetime": "2024-01-19 02:20:33", "elapsed": 7741.250037, "delta": 0.005789}}
{"target": -14.001499214464953, "params": {"gamma": 24.131276453724702, "log10_alpha": -4.232858177924852, "log10_colsample_bytree": -0.28138347668743424, "log10_eta": -0.19550639210541298, "log10_lambda": -1.0947746709632558, "log10_min_child_weight": 1.5077134089689648, "log10_subsample": -0.07363233165318595, "max_depth": 9.0, "num_boost_round": 0.0}, "datetime": {"datetime": "2024-01-19 02:22:15", "elapsed": 7843.682347, "delta": 102.43231}}
{"target": -14.165113831446352, "params": {"gamma": 24.131276453724702, "log10_alpha": -4.232858177924852, "log10_colsample_bytree": -0.28138347668743424, "log10_eta": -0.19550639210541298, "log10_lambda": -1.0947746709632558, "log10_min_child_weight": 1.5077134089689648, "log10_subsample": -0.07363233165318595, "max_depth": 9.0, "num_boost_round": 1.0}, "datetime": {"datetime": "2024-01-19 02:22:15", "elapsed": 7843.689304, "delta": 0.006957}}
{"target": -14.567040706298586, "params": {"gamma": 24.131276453724702, "log10_alpha": -4.232858177924852, "log10_colsample_bytree": -0.28138347668743424, "log10_eta": -0.19550639210541298, "log10_lambda": -1.0947746709632558, "log10_min_child_weight": 1.5077134089689648, "log10_subsample": -0.07363233165318595, "max_depth": 9.0, "num_boost_round": 2.0}, "datetime": {"datetime": "2024-01-19 02:22:15", "elapsed": 7843.695424, "delta": 0.00612}}
{"target": -14.65231179206069, "params": {"gamma": 24.131276453724702, "log10_alpha": -4.232858177924852, "log10_colsample_bytree": -0.28138347668743424, "log10_eta": -0.19550639210541298, "log10_lambda": -1.0947746709632558, "log10_min_child_weight": 1.5077134089689648, "log10_subsample": -0.07363233165318595, "max_depth": 9.0, "num_boost_round": 3.0}, "datetime": {"datetime": "2024-01-19 02:22:15", "elapsed": 7843.702068, "delta": 0.006644}}
