{"target": -17.677215881155686, "params": {"gamma": 555.4842366263787, "log10_alpha": -3.352190160239094, "log10_colsample_bytree": -0.3882643648817764, "log10_eta": -3.2765862613125325, "log10_lambda": -1.1936826436570716, "log10_min_child_weight": 4.4586320479726895, "log10_subsample": -0.710570165768183, "max_depth": 2.0, "num_boost_round": 10.0}, "datetime": {"datetime": "2024-01-19 00:19:36", "elapsed": 474.300795, "delta": 0.000774}}
{"target": -17.677210552124574, "params": {"gamma": 555.4842366263787, "log10_alpha": -3.352190160239094, "log10_colsample_bytree": -0.3882643648817764, "log10_eta": -3.2765862613125325, "log10_lambda": -1.1936826436570716, "log10_min_child_weight": 4.4586320479726895, "log10_subsample": -0.710570165768183, "max_depth": 2.0, "num_boost_round": 11.0}, "datetime": {"datetime": "2024-01-19 00:19:36", "elapsed": 474.301592, "delta": 0.000797}}
{"target": -17.677225828966616, "params": {"gamma": 533.7758882492298, "log10_alpha": 0.20993544708603729, "log10_colsample_bytree": -0.5394319393701147, "log10_eta": -3.998510595344441, "log10_lambda": -2.309218569458814, "log10_min_child_weight": 0.2842583327256659, "log10_subsample": -0.23161548340687643, "max_depth": 3.0, "num_boost_round": 0.0}, "datetime": {"datetime": "2024-01-19 00:20:02", "elapsed": 499.455787, "delta": 25.154195}}
{"target": -17.67722299080683, "params": {"gamma": 533.7758882492298, "log10_alpha": 0.20993544708603729, "log10_colsample_bytree": -0.5394319393701147, "log10_eta": -3.998510595344441, "log10_lambda": -2.309218569458814, "log10_min_child_weight": 0.2842583327256659, "log10_subsample": -0.23161548340687643, "max_depth": 3.0, "num_boost_round": 1.0}, "datetime": {"datetime": "2024-01-19 00:20:02", "elapsed": 499.457409, "delta": 0.001622}}
{"target": -17.677219147752883, "params": {"gamma": 533.7758882492298, "log10_alpha": 0.20993544708603729, "log10_colsample_bytree": -0.5394319393701147, "log10_eta": -3.998510595344441, "log10_lambda": -2.309218569458814, "log10_min_child_weight": 0.2842583327256659, "log10_subsample": -0.23161548340687643, "max_depth": 3.0, "num_boost_round": 2.0}, "datetime": {"datetime": "2024-01-19 00:20:02", "elapsed": 499.458389, "delta": 0.00098}}
{"target": -17.677216022158547, "params": {"gamma": 533.7758882492298, "log10_alpha": 0.20993544708603729, "log10_colsample_bytree": -0.5394319393701147, "log10_eta": -3.998510595344441, "log10_lambda": -2.309218569458814, "log10_min_child_weight": 0.2842583327256659, "log10_subsample": -0.23161548340687643, "max_depth": 3.0, "num_boost_round": 3.0}, "datetime": {"datetime": "2024-01-19 00:20:02", "elapsed": 499.459177, "delta": 0.000788}}
{"target": -17.677213203514505, "params": {"gamma": 533.7758882492298, "log10_alpha": 0.20993544708603729, "log10_colsample_bytree": -0.5394319393701147, "log10_eta": -3.998510595344441, "log10_lambda": -2.309218569458814, "log10_min_child_weight": 0.2842583327256659, "log10_subsample": -0.23161548340687643, "max_depth": 3.0, "num_boost_round": 4.0}, "datetime": {"datetime": "2024-01-19 00:20:02", "elapsed": 499.460137, "delta": 0.00096}}
{"target": -17.677211072182775, "params": {"gamma": 533.7758882492298, "log10_alpha": 0.20993544708603729, "log10_colsample_bytree": -0.5394319393701147, "log10_eta": -3.998510595344441, "log10_lambda": -2.309218569458814, "log10_min_child_weight": 0.2842583327256659, "log10_subsample": -0.23161548340687643, "max_depth": 3.0, "num_boost_round": 5.0}, "datetime": {"datetime": "2024-01-19 00:20:02", "elapsed": 499.460908, "delta": 0.000771}}
{"target": -17.677207255270222, "params": {"gamma": 533.7758882492298, "log10_alpha": 0.20993544708603729, "log10_colsample_bytree": -0.5394319393701147, "log10_eta": -3.998510595344441, "log10_lambda": -2.309218569458814, "log10_min_child_weight": 0.2842583327256659, "log10_subsample": -0.23161548340687643, "max_depth": 3.0, "num_boost_round": 6.0}, "datetime": {"datetime": "2024-01-19 00:20:02", "elapsed": 499.461686, "delta": 0.000778}}
{"target": -17.677204529072014, "params": {"gamma": 533.7758882492298, "log10_alpha": 0.20993544708603729, "log10_colsample_bytree": -0.5394319393701147, "log10_eta": -3.998510595344441, "log10_lambda": -2.309218569458814, "log10_min_child_weight": 0.2842583327256659, "log10_subsample": -0.23161548340687643, "max_depth": 3.0, "num_boost_round": 7.0}, "datetime": {"datetime": "2024-01-19 00:20:02", "elapsed": 499.462601, "delta": 0.000915}}
{"target": -17.677202771875905, "params": {"gamma": 533.7758882492298, "log10_alpha": 0.20993544708603729, "log10_colsample_bytree": -0.5394319393701147, "log10_eta": -3.998510595344441, "log10_lambda": -2.309218569458814, "log10_min_child_weight": 0.2842583327256659, "log10_subsample": -0.23161548340687643, "max_depth": 3.0, "num_boost_round": 8.0}, "datetime": {"datetime": "2024-01-19 00:20:02", "elapsed": 499.463389, "delta": 0.000788}}
{"target": -17.677200035877046, "params": {"gamma": 533.7758882492298, "log10_alpha": 0.20993544708603729, "log10_colsample_bytree": -0.5394319393701147, "log10_eta": -3.998510595344441, "log10_lambda": -2.309218569458814, "log10_min_child_weight": 0.2842583327256659, "log10_subsample": -0.23161548340687643, "max_depth": 3.0, "num_boost_round": 9.0}, "datetime": {"datetime": "2024-01-19 00:20:02", "elapsed": 499.464175, "delta": 0.000786}}
{"target": -17.677195198638284, "params": {"gamma": 533.7758882492298, "log10_alpha": 0.20993544708603729, "log10_colsample_bytree": -0.5394319393701147, "log10_eta": -3.998510595344441, "log10_lambda": -2.309218569458814, "log10_min_child_weight": 0.2842583327256659, "log10_subsample": -0.23161548340687643, "max_depth": 3.0, "num_boost_round": 10.0}, "datetime": {"datetime": "2024-01-19 00:20:02", "elapsed": 499.465156, "delta": 0.000981}}
{"target": -17.67719036681635, "params": {"gamma": 533.7758882492298, "log10_alpha": 0.20993544708603729, "log10_colsample_bytree": -0.5394319393701147, "log10_eta": -3.998510595344441, "log10_lambda": -2.309218569458814, "log10_min_child_weight": 0.2842583327256659, "log10_subsample": -0.23161548340687643, "max_depth": 3.0, "num_boost_round": 11.0}, "datetime": {"datetime": "2024-01-19 00:20:02", "elapsed": 499.465946, "delta": 0.00079}}
{"target": -17.67718652264278, "params": {"gamma": 533.7758882492298, "log10_alpha": 0.20993544708603729, "log10_colsample_bytree": -0.5394319393701147, "log10_eta": -3.998510595344441, "log10_lambda": -2.309218569458814, "log10_min_child_weight": 0.2842583327256659, "log10_subsample": -0.23161548340687643, "max_depth": 3.0, "num_boost_round": 12.0}, "datetime": {"datetime": "2024-01-19 00:20:02", "elapsed": 499.466734, "delta": 0.000788}}
{"target": -17.677182102935102, "params": {"gamma": 533.7758882492298, "log10_alpha": 0.20993544708603729, "log10_colsample_bytree": -0.5394319393701147, "log10_eta": -3.998510595344441, "log10_lambda": -2.309218569458814, "log10_min_child_weight": 0.2842583327256659, "log10_subsample": -0.23161548340687643, "max_depth": 3.0, "num_boost_round": 13.0}, "datetime": {"datetime": "2024-01-19 00:20:02", "elapsed": 499.46752, "delta": 0.000786}}
{"target": -17.67718122454156, "params": {"gamma": 533.7758882492298, "log10_alpha": 0.20993544708603729, "log10_colsample_bytree": -0.5394319393701147, "log10_eta": -3.998510595344441, "log10_lambda": -2.309218569458814, "log10_min_child_weight": 0.2842583327256659, "log10_subsample": -0.23161548340687643, "max_depth": 3.0, "num_boost_round": 14.0}, "datetime": {"datetime": "2024-01-19 00:20:02", "elapsed": 499.468304, "delta": 0.000784}}
{"target": -17.677177433364633, "params": {"gamma": 533.7758882492298, "log10_alpha": 0.20993544708603729, "log10_colsample_bytree": -0.5394319393701147, "log10_eta": -3.998510595344441, "log10_lambda": -2.309218569458814, "log10_min_child_weight": 0.2842583327256659, "log10_subsample": -0.23161548340687643, "max_depth": 3.0, "num_boost_round": 15.0}, "datetime": {"datetime": "2024-01-19 00:20:02", "elapsed": 499.469195, "delta": 0.000891}}
{"target": -17.677173879026856, "params": {"gamma": 533.7758882492298, "log10_alpha": 0.20993544708603729, "log10_colsample_bytree": -0.5394319393701147, "log10_eta": -3.998510595344441, "log10_lambda": -2.309218569458814, "log10_min_child_weight": 0.2842583327256659, "log10_subsample": -0.23161548340687643, "max_depth": 3.0, "num_boost_round": 16.0}, "datetime": {"datetime": "2024-01-19 00:20:02", "elapsed": 499.469977, "delta": 0.000782}}
{"target": -17.67717040413704, "params": {"gamma": 533.7758882492298, "log10_alpha": 0.20993544708603729, "log10_colsample_bytree": -0.5394319393701147, "log10_eta": -3.998510595344441, "log10_lambda": -2.309218569458814, "log10_min_child_weight": 0.2842583327256659, "log10_subsample": -0.23161548340687643, "max_depth": 3.0, "num_boost_round": 17.0}, "datetime": {"datetime": "2024-01-19 00:20:02", "elapsed": 499.470764, "delta": 0.000787}}
{"target": -17.677169790615526, "params": {"gamma": 533.7758882492298, "log10_alpha": 0.20993544708603729, "log10_colsample_bytree": -0.5394319393701147, "log10_eta": -3.998510595344441, "log10_lambda": -2.309218569458814, "log10_min_child_weight": 0.2842583327256659, "log10_subsample": -0.23161548340687643, "max_depth": 3.0, "num_boost_round": 18.0}, "datetime": {"datetime": "2024-01-19 00:20:02", "elapsed": 499.471541, "delta": 0.000777}}
{"target": -17.677166064357973, "params": {"gamma": 533.7758882492298, "log10_alpha": 0.20993544708603729, "log10_colsample_bytree": -0.5394319393701147, "log10_eta": -3.998510595344441, "log10_lambda": -2.309218569458814, "log10_min_child_weight": 0.2842583327256659, "log10_subsample": -0.23161548340687643, "max_depth": 3.0, "num_boost_round": 19.0}, "datetime": {"datetime": "2024-01-19 00:20:02", "elapsed": 499.472387, "delta": 0.000846}}
{"target": -17.677162436650544, "params": {"gamma": 533.7758882492298, "log10_alpha": 0.20993544708603729, "log10_colsample_bytree": -0.5394319393701147, "log10_eta": -3.998510595344441, "log10_lambda": -2.309218569458814, "log10_min_child_weight": 0.2842583327256659, "log10_subsample": -0.23161548340687643, "max_depth": 3.0, "num_boost_round": 20.0}, "datetime": {"datetime": "2024-01-19 00:20:02", "elapsed": 499.47318, "delta": 0.000793}}
{"target": -17.677158162196672, "params": {"gamma": 533.7758882492298, "log10_alpha": 0.20993544708603729, "log10_colsample_bytree": -0.5394319393701147, "log10_eta": -3.998510595344441, "log10_lambda": -2.309218569458814, "log10_min_child_weight": 0.2842583327256659, "log10_subsample": -0.23161548340687643, "max_depth": 3.0, "num_boost_round": 21.0}, "datetime": {"datetime": "2024-01-19 00:20:02", "elapsed": 499.473986, "delta": 0.000806}}
{"target": -17.677152597004753, "params": {"gamma": 533.7758882492298, "log10_alpha": 0.20993544708603729, "log10_colsample_bytree": -0.5394319393701147, "log10_eta": -3.998510595344441, "log10_lambda": -2.309218569458814, "log10_min_child_weight": 0.2842583327256659, "log10_subsample": -0.23161548340687643, "max_depth": 3.0, "num_boost_round": 22.0}, "datetime": {"datetime": "2024-01-19 00:20:02", "elapsed": 499.474792, "delta": 0.000806}}
{"target": -17.677148794468305, "params": {"gamma": 533.7758882492298, "log10_alpha": 0.20993544708603729, "log10_colsample_bytree": -0.5394319393701147, "log10_eta": -3.998510595344441, "log10_lambda": -2.309218569458814, "log10_min_child_weight": 0.2842583327256659, "log10_subsample": -0.23161548340687643, "max_depth": 3.0, "num_boost_round": 23.0}, "datetime": {"datetime": "2024-01-19 00:20:02", "elapsed": 499.475594, "delta": 0.000802}}
{"target": -17.677148338765193, "params": {"gamma": 533.7758882492298, "log10_alpha": 0.20993544708603729, "log10_colsample_bytree": -0.5394319393701147, "log10_eta": -3.998510595344441, "log10_lambda": -2.309218569458814, "log10_min_child_weight": 0.2842583327256659, "log10_subsample": -0.23161548340687643, "max_depth": 3.0, "num_boost_round": 24.0}, "datetime": {"datetime": "2024-01-19 00:20:02", "elapsed": 499.476395, "delta": 0.000801}}
{"target": -17.677144103123037, "params": {"gamma": 533.7758882492298, "log10_alpha": 0.20993544708603729, "log10_colsample_bytree": -0.5394319393701147, "log10_eta": -3.998510595344441, "log10_lambda": -2.309218569458814, "log10_min_child_weight": 0.2842583327256659, "log10_subsample": -0.23161548340687643, "max_depth": 3.0, "num_boost_round": 25.0}, "datetime": {"datetime": "2024-01-19 00:20:02", "elapsed": 499.477199, "delta": 0.000804}}
{"target": -17.67714273994035, "params": {"gamma": 533.7758882492298, "log10_alpha": 0.20993544708603729, "log10_colsample_bytree": -0.5394319393701147, "log10_eta": -3.998510595344441, "log10_lambda": -2.309218569458814, "log10_min_child_weight": 0.2842583327256659, "log10_subsample": -0.23161548340687643, "max_depth": 3.0, "num_boost_round": 26.0}, "datetime": {"datetime": "2024-01-19 00:20:02", "elapsed": 499.477996, "delta": 0.000797}}
{"target": -17.67714290094956, "params": {"gamma": 533.7758882492298, "log10_alpha": 0.20993544708603729, "log10_colsample_bytree": -0.5394319393701147, "log10_eta": -3.998510595344441, "log10_lambda": -2.309218569458814, "log10_min_child_weight": 0.2842583327256659, "log10_subsample": -0.23161548340687643, "max_depth": 3.0, "num_boost_round": 27.0}, "datetime": {"datetime": "2024-01-19 00:20:02", "elapsed": 499.478801, "delta": 0.000805}}
{"target": -17.677139188830697, "params": {"gamma": 533.7758882492298, "log10_alpha": 0.20993544708603729, "log10_colsample_bytree": -0.5394319393701147, "log10_eta": -3.998510595344441, "log10_lambda": -2.309218569458814, "log10_min_child_weight": 0.2842583327256659, "log10_subsample": -0.23161548340687643, "max_depth": 3.0, "num_boost_round": 28.0}, "datetime": {"datetime": "2024-01-19 00:20:02", "elapsed": 499.479746, "delta": 0.000945}}
{"target": -17.677132929059045, "params": {"gamma": 533.7758882492298, "log10_alpha": 0.20993544708603729, "log10_colsample_bytree": -0.5394319393701147, "log10_eta": -3.998510595344441, "log10_lambda": -2.309218569458814, "log10_min_child_weight": 0.2842583327256659, "log10_subsample": -0.23161548340687643, "max_depth": 3.0, "num_boost_round": 29.0}, "datetime": {"datetime": "2024-01-19 00:20:02", "elapsed": 499.480646, "delta": 0.0009}}
{"target": -17.67713081644325, "params": {"gamma": 533.7758882492298, "log10_alpha": 0.20993544708603729, "log10_colsample_bytree": -0.5394319393701147, "log10_eta": -3.998510595344441, "log10_lambda": -2.309218569458814, "log10_min_child_weight": 0.2842583327256659, "log10_subsample": -0.23161548340687643, "max_depth": 3.0, "num_boost_round": 30.0}, "datetime": {"datetime": "2024-01-19 00:20:02", "elapsed": 499.481452, "delta": 0.000806}}
{"target": -17.677127931772034, "params": {"gamma": 533.7758882492298, "log10_alpha": 0.20993544708603729, "log10_colsample_bytree": -0.5394319393701147, "log10_eta": -3.998510595344441, "log10_lambda": -2.309218569458814, "log10_min_child_weight": 0.2842583327256659, "log10_subsample": -0.23161548340687643, "max_depth": 3.0, "num_boost_round": 31.0}, "datetime": {"datetime": "2024-01-19 00:20:02", "elapsed": 499.482252, "delta": 0.0008}}
{"target": -17.67712519572461, "params": {"gamma": 533.7758882492298, "log10_alpha": 0.20993544708603729, "log10_colsample_bytree": -0.5394319393701147, "log10_eta": -3.998510595344441, "log10_lambda": -2.309218569458814, "log10_min_child_weight": 0.2842583327256659, "log10_subsample": -0.23161548340687643, "max_depth": 3.0, "num_boost_round": 32.0}, "datetime": {"datetime": "2024-01-19 00:20:02", "elapsed": 499.483061, "delta": 0.000809}}
{"target": -17.677120961533635, "params": {"gamma": 533.7758882492298, "log10_alpha": 0.20993544708603729, "log10_colsample_bytree": -0.5394319393701147, "log10_eta": -3.998510595344441, "log10_lambda": -2.309218569458814, "log10_min_child_weight": 0.2842583327256659, "log10_subsample": -0.23161548340687643, "max_depth": 3.0, "num_boost_round": 33.0}, "datetime": {"datetime": "2024-01-19 00:20:02", "elapsed": 499.483869, "delta": 0.000808}}
{"target": -17.67879488365314, "params": {"gamma": 529.201800447278, "log10_alpha": -2.813473171524941, "log10_colsample_bytree": -0.7972653485913407, "log10_eta": -0.26993624607948075, "log10_lambda": 0.52647933288962, "log10_min_child_weight": 2.793449313689345, "log10_subsample": -0.9981352568939243, "max_depth": 5.0, "num_boost_round": 0.0}, "datetime": {"datetime": "2024-01-19 00:20:26", "elapsed": 523.790491, "delta": 24.306622}}
{"target": -17.690248988904095, "params": {"gamma": 529.201800447278, "log10_alpha": -2.813473171524941, "log10_colsample_bytree": -0.7972653485913407, "log10_eta": -0.26993624607948075, "log10_lambda": 0.52647933288962, "log10_min_child_weight": 2.793449313689345, "log10_subsample": -0.9981352568939243, "max_depth": 5.0, "num_boost_round": 1.0}, "datetime": {"datetime": "2024-01-19 00:20:26", "elapsed": 523.791985, "delta": 0.001494}}
{"target": -17.696648384296967, "params": {"gamma": 529.201800447278, "log10_alpha": -2.813473171524941, "log10_colsample_bytree": -0.7972653485913407, "log10_eta": -0.26993624607948075, "log10_lambda": 0.52647933288962, "log10_min_child_weight": 2.793449313689345, "log10_subsample": -0.9981352568939243, "max_depth": 5.0, "num_boost_round": 2.0}, "datetime": {"datetime": "2024-01-19 00:20:26", "elapsed": 523.792831, "delta": 0.000846}}
{"target": -17.72909280321262, "params": {"gamma": 529.201800447278, "log10_alpha": -2.813473171524941, "log10_colsample_bytree": -0.7972653485913407, "log10_eta": -0.26993624607948075, "log10_lambda": 0.52647933288962, "log10_min_child_weight": 2.793449313689345, "log10_subsample": -0.9981352568939243, "max_depth": 5.0, "num_boost_round": 3.0}, "datetime": {"datetime": "2024-01-19 00:20:26", "elapsed": 523.793642, "delta": 0.000811}}
{"target": -17.738934934849564, "params": {"gamma": 529.201800447278, "log10_alpha": -2.813473171524941, "log10_colsample_bytree": -0.7972653485913407, "log10_eta": -0.26993624607948075, "log10_lambda": 0.52647933288962, "log10_min_child_weight": 2.793449313689345, "log10_subsample": -0.9981352568939243, "max_depth": 5.0, "num_boost_round": 4.0}, "datetime": {"datetime": "2024-01-19 00:20:26", "elapsed": 523.794457, "delta": 0.000815}}
{"target": -17.760726218895496, "params": {"gamma": 529.201800447278, "log10_alpha": -2.813473171524941, "log10_colsample_bytree": -0.7972653485913407, "log10_eta": -0.26993624607948075, "log10_lambda": 0.52647933288962, "log10_min_child_weight": 2.793449313689345, "log10_subsample": -0.9981352568939243, "max_depth": 5.0, "num_boost_round": 5.0}, "datetime": {"datetime": "2024-01-19 00:20:26", "elapsed": 523.79539, "delta": 0.000933}}
{"target": -17.77997526195591, "params": {"gamma": 529.201800447278, "log10_alpha": -2.813473171524941, "log10_colsample_bytree": -0.7972653485913407, "log10_eta": -0.26993624607948075, "log10_lambda": 0.52647933288962, "log10_min_child_weight": 2.793449313689345, "log10_subsample": -0.9981352568939243, "max_depth": 5.0, "num_boost_round": 6.0}, "datetime": {"datetime": "2024-01-19 00:20:26", "elapsed": 523.796221, "delta": 0.000831}}
{"target": -17.805133796106688, "params": {"gamma": 529.201800447278, "log10_alpha": -2.813473171524941, "log10_colsample_bytree": -0.7972653485913407, "log10_eta": -0.26993624607948075, "log10_lambda": 0.52647933288962, "log10_min_child_weight": 2.793449313689345, "log10_subsample": -0.9981352568939243, "max_depth": 5.0, "num_boost_round": 7.0}, "datetime": {"datetime": "2024-01-19 00:20:26", "elapsed": 523.797038, "delta": 0.000817}}
{"target": -17.839437735823925, "params": {"gamma": 529.201800447278, "log10_alpha": -2.813473171524941, "log10_colsample_bytree": -0.7972653485913407, "log10_eta": -0.26993624607948075, "log10_lambda": 0.52647933288962, "log10_min_child_weight": 2.793449313689345, "log10_subsample": -0.9981352568939243, "max_depth": 5.0, "num_boost_round": 8.0}, "datetime": {"datetime": "2024-01-19 00:20:26", "elapsed": 523.797858, "delta": 0.00082}}
{"target": -17.84659631073811, "params": {"gamma": 529.201800447278, "log10_alpha": -2.813473171524941, "log10_colsample_bytree": -0.7972653485913407, "log10_eta": -0.26993624607948075, "log10_lambda": 0.52647933288962, "log10_min_child_weight": 2.793449313689345, "log10_subsample": -0.9981352568939243, "max_depth": 5.0, "num_boost_round": 9.0}, "datetime": {"datetime": "2024-01-19 00:20:26", "elapsed": 523.798913, "delta": 0.001055}}
{"target": -17.88132958269645, "params": {"gamma": 529.201800447278, "log10_alpha": -2.813473171524941, "log10_colsample_bytree": -0.7972653485913407, "log10_eta": -0.26993624607948075, "log10_lambda": 0.52647933288962, "log10_min_child_weight": 2.793449313689345, "log10_subsample": -0.9981352568939243, "max_depth": 5.0, "num_boost_round": 10.0}, "datetime": {"datetime": "2024-01-19 00:20:26", "elapsed": 523.799853, "delta": 0.00094}}
{"target": -17.887774529693065, "params": {"gamma": 529.201800447278, "log10_alpha": -2.813473171524941, "log10_colsample_bytree": -0.7972653485913407, "log10_eta": -0.26993624607948075, "log10_lambda": 0.52647933288962, "log10_min_child_weight": 2.793449313689345, "log10_subsample": -0.9981352568939243, "max_depth": 5.0, "num_boost_round": 11.0}, "datetime": {"datetime": "2024-01-19 00:20:26", "elapsed": 523.800693, "delta": 0.00084}}
{"target": -17.89918079766491, "params": {"gamma": 529.201800447278, "log10_alpha": -2.813473171524941, "log10_colsample_bytree": -0.7972653485913407, "log10_eta": -0.26993624607948075, "log10_lambda": 0.52647933288962, "log10_min_child_weight": 2.793449313689345, "log10_subsample": -0.9981352568939243, "max_depth": 5.0, "num_boost_round": 12.0}, "datetime": {"datetime": "2024-01-19 00:20:26", "elapsed": 523.801525, "delta": 0.000832}}
