{"target": -17.67689442775644, "params": {"gamma": 432.9142663717306, "log10_alpha": -3.604588677381966, "log10_colsample_bytree": -0.6885839365947329, "log10_eta": -3.1940817080552324, "log10_lambda": -3.4181919870647164, "log10_min_child_weight": 2.1061241298774833, "log10_subsample": -0.31231099362324943, "max_depth": 2.0, "num_boost_round": 23.0}, "datetime": {"datetime": "2024-01-19 00:17:23", "elapsed": 335.841691, "delta": 0.000887}}
{"target": -17.67688339172736, "params": {"gamma": 432.9142663717306, "log10_alpha": -3.604588677381966, "log10_colsample_bytree": -0.6885839365947329, "log10_eta": -3.1940817080552324, "log10_lambda": -3.4181919870647164, "log10_min_child_weight": 2.1061241298774833, "log10_subsample": -0.31231099362324943, "max_depth": 2.0, "num_boost_round": 24.0}, "datetime": {"datetime": "2024-01-19 00:17:23", "elapsed": 335.842568, "delta": 0.000877}}
{"target": -17.67685443946436, "params": {"gamma": 432.9142663717306, "log10_alpha": -3.604588677381966, "log10_colsample_bytree": -0.6885839365947329, "log10_eta": -3.1940817080552324, "log10_lambda": -3.4181919870647164, "log10_min_child_weight": 2.1061241298774833, "log10_subsample": -0.31231099362324943, "max_depth": 2.0, "num_boost_round": 25.0}, "datetime": {"datetime": "2024-01-19 00:17:23", "elapsed": 335.843446, "delta": 0.000878}}
{"target": -17.676842317881178, "params": {"gamma": 432.9142663717306, "log10_alpha": -3.604588677381966, "log10_colsample_bytree": -0.6885839365947329, "log10_eta": -3.1940817080552324, "log10_lambda": -3.4181919870647164, "log10_min_child_weight": 2.1061241298774833, "log10_subsample": -0.31231099362324943, "max_depth": 2.0, "num_boost_round": 26.0}, "datetime": {"datetime": "2024-01-19 00:17:23", "elapsed": 335.844328, "delta": 0.000882}}
{"target": -17.676830847845878, "params": {"gamma": 432.9142663717306, "log10_alpha": -3.604588677381966, "log10_colsample_bytree": -0.6885839365947329, "log10_eta": -3.1940817080552324, "log10_lambda": -3.4181919870647164, "log10_min_child_weight": 2.1061241298774833, "log10_subsample": -0.31231099362324943, "max_depth": 2.0, "num_boost_round": 27.0}, "datetime": {"datetime": "2024-01-19 00:17:23", "elapsed": 335.84521, "delta": 0.000882}}
{"target": -17.676807083687677, "params": {"gamma": 432.9142663717306, "log10_alpha": -3.604588677381966, "log10_colsample_bytree": -0.6885839365947329, "log10_eta": -3.1940817080552324, "log10_lambda": -3.4181919870647164, "log10_min_child_weight": 2.1061241298774833, "log10_subsample": -0.31231099362324943, "max_depth": 2.0, "num_boost_round": 28.0}, "datetime": {"datetime": "2024-01-19 00:17:23", "elapsed": 335.846101, "delta": 0.000891}}
{"target": -17.67722967892006, "params": {"gamma": 432.9716022168339, "log10_alpha": -5.0, "log10_colsample_bytree": -1.0, "log10_eta": -4.0, "log10_lambda": 0.48592376929989717, "log10_min_child_weight": 2.6396105431045735, "log10_subsample": -1.0, "max_depth": 2.0, "num_boost_round": 0.0}, "datetime": {"datetime": "2024-01-19 00:17:50", "elapsed": 362.724209, "delta": 26.878108}}
{"target": -17.677228114321696, "params": {"gamma": 432.9716022168339, "log10_alpha": -5.0, "log10_colsample_bytree": -1.0, "log10_eta": -4.0, "log10_lambda": 0.48592376929989717, "log10_min_child_weight": 2.6396105431045735, "log10_subsample": -1.0, "max_depth": 2.0, "num_boost_round": 1.0}, "datetime": {"datetime": "2024-01-19 00:17:50", "elapsed": 362.725784, "delta": 0.001575}}
{"target": -17.677226973684427, "params": {"gamma": 432.9716022168339, "log10_alpha": -5.0, "log10_colsample_bytree": -1.0, "log10_eta": -4.0, "log10_lambda": 0.48592376929989717, "log10_min_child_weight": 2.6396105431045735, "log10_subsample": -1.0, "max_depth": 2.0, "num_boost_round": 2.0}, "datetime": {"datetime": "2024-01-19 00:17:50", "elapsed": 362.727263, "delta": 0.001479}}
{"target": -17.677225263917645, "params": {"gamma": 432.9716022168339, "log10_alpha": -5.0, "log10_colsample_bytree": -1.0, "log10_eta": -4.0, "log10_lambda": 0.48592376929989717, "log10_min_child_weight": 2.6396105431045735, "log10_subsample": -1.0, "max_depth": 2.0, "num_boost_round": 3.0}, "datetime": {"datetime": "2024-01-19 00:17:50", "elapsed": 362.728266, "delta": 0.001003}}
{"target": -17.677223354414622, "params": {"gamma": 432.9716022168339, "log10_alpha": -5.0, "log10_colsample_bytree": -1.0, "log10_eta": -4.0, "log10_lambda": 0.48592376929989717, "log10_min_child_weight": 2.6396105431045735, "log10_subsample": -1.0, "max_depth": 2.0, "num_boost_round": 4.0}, "datetime": {"datetime": "2024-01-19 00:17:50", "elapsed": 362.729283, "delta": 0.001017}}
{"target": -17.677223715361468, "params": {"gamma": 432.9716022168339, "log10_alpha": -5.0, "log10_colsample_bytree": -1.0, "log10_eta": -4.0, "log10_lambda": 0.48592376929989717, "log10_min_child_weight": 2.6396105431045735, "log10_subsample": -1.0, "max_depth": 2.0, "num_boost_round": 5.0}, "datetime": {"datetime": "2024-01-19 00:17:50", "elapsed": 362.730195, "delta": 0.000912}}
{"target": -17.677221165763655, "params": {"gamma": 432.9716022168339, "log10_alpha": -5.0, "log10_colsample_bytree": -1.0, "log10_eta": -4.0, "log10_lambda": 0.48592376929989717, "log10_min_child_weight": 2.6396105431045735, "log10_subsample": -1.0, "max_depth": 2.0, "num_boost_round": 6.0}, "datetime": {"datetime": "2024-01-19 00:17:50", "elapsed": 362.7311, "delta": 0.000905}}
{"target": -17.677220051279285, "params": {"gamma": 432.9716022168339, "log10_alpha": -5.0, "log10_colsample_bytree": -1.0, "log10_eta": -4.0, "log10_lambda": 0.48592376929989717, "log10_min_child_weight": 2.6396105431045735, "log10_subsample": -1.0, "max_depth": 2.0, "num_boost_round": 7.0}, "datetime": {"datetime": "2024-01-19 00:17:50", "elapsed": 362.732001, "delta": 0.000901}}
{"target": -17.677219580272034, "params": {"gamma": 432.9716022168339, "log10_alpha": -5.0, "log10_colsample_bytree": -1.0, "log10_eta": -4.0, "log10_lambda": 0.48592376929989717, "log10_min_child_weight": 2.6396105431045735, "log10_subsample": -1.0, "max_depth": 2.0, "num_boost_round": 8.0}, "datetime": {"datetime": "2024-01-19 00:17:50", "elapsed": 362.732994, "delta": 0.000993}}
{"target": -17.677217657863494, "params": {"gamma": 432.9716022168339, "log10_alpha": -5.0, "log10_colsample_bytree": -1.0, "log10_eta": -4.0, "log10_lambda": 0.48592376929989717, "log10_min_child_weight": 2.6396105431045735, "log10_subsample": -1.0, "max_depth": 2.0, "num_boost_round": 9.0}, "datetime": {"datetime": "2024-01-19 00:17:50", "elapsed": 362.733956, "delta": 0.000962}}
{"target": -17.67721602577236, "params": {"gamma": 432.9716022168339, "log10_alpha": -5.0, "log10_colsample_bytree": -1.0, "log10_eta": -4.0, "log10_lambda": 0.48592376929989717, "log10_min_child_weight": 2.6396105431045735, "log10_subsample": -1.0, "max_depth": 2.0, "num_boost_round": 10.0}, "datetime": {"datetime": "2024-01-19 00:17:50", "elapsed": 362.734925, "delta": 0.000969}}
{"target": -17.677216198450797, "params": {"gamma": 432.9716022168339, "log10_alpha": -5.0, "log10_colsample_bytree": -1.0, "log10_eta": -4.0, "log10_lambda": 0.48592376929989717, "log10_min_child_weight": 2.6396105431045735, "log10_subsample": -1.0, "max_depth": 2.0, "num_boost_round": 11.0}, "datetime": {"datetime": "2024-01-19 00:17:50", "elapsed": 362.735902, "delta": 0.000977}}
{"target": -17.67721363470133, "params": {"gamma": 432.9716022168339, "log10_alpha": -5.0, "log10_colsample_bytree": -1.0, "log10_eta": -4.0, "log10_lambda": 0.48592376929989717, "log10_min_child_weight": 2.6396105431045735, "log10_subsample": -1.0, "max_depth": 2.0, "num_boost_round": 12.0}, "datetime": {"datetime": "2024-01-19 00:17:50", "elapsed": 362.736911, "delta": 0.001009}}
{"target": -17.677213074486925, "params": {"gamma": 432.9716022168339, "log10_alpha": -5.0, "log10_colsample_bytree": -1.0, "log10_eta": -4.0, "log10_lambda": 0.48592376929989717, "log10_min_child_weight": 2.6396105431045735, "log10_subsample": -1.0, "max_depth": 2.0, "num_boost_round": 13.0}, "datetime": {"datetime": "2024-01-19 00:17:50", "elapsed": 362.737891, "delta": 0.00098}}
{"target": -17.67721331646547, "params": {"gamma": 432.9716022168339, "log10_alpha": -5.0, "log10_colsample_bytree": -1.0, "log10_eta": -4.0, "log10_lambda": 0.48592376929989717, "log10_min_child_weight": 2.6396105431045735, "log10_subsample": -1.0, "max_depth": 2.0, "num_boost_round": 14.0}, "datetime": {"datetime": "2024-01-19 00:17:50", "elapsed": 362.738882, "delta": 0.000991}}
{"target": -17.677213764736415, "params": {"gamma": 432.9716022168339, "log10_alpha": -5.0, "log10_colsample_bytree": -1.0, "log10_eta": -4.0, "log10_lambda": 0.48592376929989717, "log10_min_child_weight": 2.6396105431045735, "log10_subsample": -1.0, "max_depth": 2.0, "num_boost_round": 15.0}, "datetime": {"datetime": "2024-01-19 00:17:50", "elapsed": 362.739853, "delta": 0.000971}}
{"target": -17.67721314514727, "params": {"gamma": 432.9716022168339, "log10_alpha": -5.0, "log10_colsample_bytree": -1.0, "log10_eta": -4.0, "log10_lambda": 0.48592376929989717, "log10_min_child_weight": 2.6396105431045735, "log10_subsample": -1.0, "max_depth": 2.0, "num_boost_round": 16.0}, "datetime": {"datetime": "2024-01-19 00:17:50", "elapsed": 362.740797, "delta": 0.000944}}
{"target": -17.677211530070885, "params": {"gamma": 432.9716022168339, "log10_alpha": -5.0, "log10_colsample_bytree": -1.0, "log10_eta": -4.0, "log10_lambda": 0.48592376929989717, "log10_min_child_weight": 2.6396105431045735, "log10_subsample": -1.0, "max_depth": 2.0, "num_boost_round": 17.0}, "datetime": {"datetime": "2024-01-19 00:17:50", "elapsed": 362.741755, "delta": 0.000958}}
{"target": -17.677209834849748, "params": {"gamma": 432.9716022168339, "log10_alpha": -5.0, "log10_colsample_bytree": -1.0, "log10_eta": -4.0, "log10_lambda": 0.48592376929989717, "log10_min_child_weight": 2.6396105431045735, "log10_subsample": -1.0, "max_depth": 2.0, "num_boost_round": 18.0}, "datetime": {"datetime": "2024-01-19 00:17:50", "elapsed": 362.742714, "delta": 0.000959}}
{"target": -17.677209177644173, "params": {"gamma": 432.9716022168339, "log10_alpha": -5.0, "log10_colsample_bytree": -1.0, "log10_eta": -4.0, "log10_lambda": 0.48592376929989717, "log10_min_child_weight": 2.6396105431045735, "log10_subsample": -1.0, "max_depth": 2.0, "num_boost_round": 19.0}, "datetime": {"datetime": "2024-01-19 00:17:50", "elapsed": 362.743666, "delta": 0.000952}}
{"target": -17.677208798318887, "params": {"gamma": 432.9716022168339, "log10_alpha": -5.0, "log10_colsample_bytree": -1.0, "log10_eta": -4.0, "log10_lambda": 0.48592376929989717, "log10_min_child_weight": 2.6396105431045735, "log10_subsample": -1.0, "max_depth": 2.0, "num_boost_round": 20.0}, "datetime": {"datetime": "2024-01-19 00:17:50", "elapsed": 362.744648, "delta": 0.000982}}
{"target": -17.677205169857796, "params": {"gamma": 432.9716022168339, "log10_alpha": -5.0, "log10_colsample_bytree": -1.0, "log10_eta": -4.0, "log10_lambda": 0.48592376929989717, "log10_min_child_weight": 2.6396105431045735, "log10_subsample": -1.0, "max_depth": 2.0, "num_boost_round": 21.0}, "datetime": {"datetime": "2024-01-19 00:17:50", "elapsed": 362.745646, "delta": 0.000998}}
{"target": -17.677202929205865, "params": {"gamma": 432.9716022168339, "log10_alpha": -5.0, "log10_colsample_bytree": -1.0, "log10_eta": -4.0, "log10_lambda": 0.48592376929989717, "log10_min_child_weight": 2.6396105431045735, "log10_subsample": -1.0, "max_depth": 2.0, "num_boost_round": 22.0}, "datetime": {"datetime": "2024-01-19 00:17:50", "elapsed": 362.746617, "delta": 0.000971}}
{"target": -17.67719846217818, "params": {"gamma": 432.9716022168339, "log10_alpha": -5.0, "log10_colsample_bytree": -1.0, "log10_eta": -4.0, "log10_lambda": 0.48592376929989717, "log10_min_child_weight": 2.6396105431045735, "log10_subsample": -1.0, "max_depth": 2.0, "num_boost_round": 23.0}, "datetime": {"datetime": "2024-01-19 00:17:50", "elapsed": 362.747583, "delta": 0.000966}}
{"target": -17.677199610069387, "params": {"gamma": 432.9716022168339, "log10_alpha": -5.0, "log10_colsample_bytree": -1.0, "log10_eta": -4.0, "log10_lambda": 0.48592376929989717, "log10_min_child_weight": 2.6396105431045735, "log10_subsample": -1.0, "max_depth": 2.0, "num_boost_round": 24.0}, "datetime": {"datetime": "2024-01-19 00:17:50", "elapsed": 362.748549, "delta": 0.000966}}
{"target": -17.677197244208124, "params": {"gamma": 432.9716022168339, "log10_alpha": -5.0, "log10_colsample_bytree": -1.0, "log10_eta": -4.0, "log10_lambda": 0.48592376929989717, "log10_min_child_weight": 2.6396105431045735, "log10_subsample": -1.0, "max_depth": 2.0, "num_boost_round": 25.0}, "datetime": {"datetime": "2024-01-19 00:17:50", "elapsed": 362.749529, "delta": 0.00098}}
{"target": -17.67719520634942, "params": {"gamma": 432.9716022168339, "log10_alpha": -5.0, "log10_colsample_bytree": -1.0, "log10_eta": -4.0, "log10_lambda": 0.48592376929989717, "log10_min_child_weight": 2.6396105431045735, "log10_subsample": -1.0, "max_depth": 2.0, "num_boost_round": 26.0}, "datetime": {"datetime": "2024-01-19 00:17:50", "elapsed": 362.750502, "delta": 0.000973}}
{"target": -17.677193680158805, "params": {"gamma": 432.9716022168339, "log10_alpha": -5.0, "log10_colsample_bytree": -1.0, "log10_eta": -4.0, "log10_lambda": 0.48592376929989717, "log10_min_child_weight": 2.6396105431045735, "log10_subsample": -1.0, "max_depth": 2.0, "num_boost_round": 27.0}, "datetime": {"datetime": "2024-01-19 00:17:50", "elapsed": 362.751481, "delta": 0.000979}}
{"target": -17.67719323981288, "params": {"gamma": 432.9716022168339, "log10_alpha": -5.0, "log10_colsample_bytree": -1.0, "log10_eta": -4.0, "log10_lambda": 0.48592376929989717, "log10_min_child_weight": 2.6396105431045735, "log10_subsample": -1.0, "max_depth": 2.0, "num_boost_round": 28.0}, "datetime": {"datetime": "2024-01-19 00:17:50", "elapsed": 362.752467, "delta": 0.000986}}
{"target": -17.677195174619733, "params": {"gamma": 432.9716022168339, "log10_alpha": -5.0, "log10_colsample_bytree": -1.0, "log10_eta": -4.0, "log10_lambda": 0.48592376929989717, "log10_min_child_weight": 2.6396105431045735, "log10_subsample": -1.0, "max_depth": 2.0, "num_boost_round": 29.0}, "datetime": {"datetime": "2024-01-19 00:17:50", "elapsed": 362.753531, "delta": 0.001064}}
{"target": -17.67719454707349, "params": {"gamma": 432.9716022168339, "log10_alpha": -5.0, "log10_colsample_bytree": -1.0, "log10_eta": -4.0, "log10_lambda": 0.48592376929989717, "log10_min_child_weight": 2.6396105431045735, "log10_subsample": -1.0, "max_depth": 2.0, "num_boost_round": 30.0}, "datetime": {"datetime": "2024-01-19 00:17:50", "elapsed": 362.754555, "delta": 0.001024}}
{"target": -17.67719268825192, "params": {"gamma": 432.9716022168339, "log10_alpha": -5.0, "log10_colsample_bytree": -1.0, "log10_eta": -4.0, "log10_lambda": 0.48592376929989717, "log10_min_child_weight": 2.6396105431045735, "log10_subsample": -1.0, "max_depth": 2.0, "num_boost_round": 31.0}, "datetime": {"datetime": "2024-01-19 00:17:50", "elapsed": 362.755593, "delta": 0.001038}}
{"target": -17.677190596997256, "params": {"gamma": 432.9716022168339, "log10_alpha": -5.0, "log10_colsample_bytree": -1.0, "log10_eta": -4.0, "log10_lambda": 0.48592376929989717, "log10_min_child_weight": 2.6396105431045735, "log10_subsample": -1.0, "max_depth": 2.0, "num_boost_round": 32.0}, "datetime": {"datetime": "2024-01-19 00:17:50", "elapsed": 362.756616, "delta": 0.001023}}
{"target": -17.67718753087162, "params": {"gamma": 432.9716022168339, "log10_alpha": -5.0, "log10_colsample_bytree": -1.0, "log10_eta": -4.0, "log10_lambda": 0.48592376929989717, "log10_min_child_weight": 2.6396105431045735, "log10_subsample": -1.0, "max_depth": 2.0, "num_boost_round": 33.0}, "datetime": {"datetime": "2024-01-19 00:17:50", "elapsed": 362.757624, "delta": 0.001008}}
{"target": -17.677183423496498, "params": {"gamma": 432.9716022168339, "log10_alpha": -5.0, "log10_colsample_bytree": -1.0, "log10_eta": -4.0, "log10_lambda": 0.48592376929989717, "log10_min_child_weight": 2.6396105431045735, "log10_subsample": -1.0, "max_depth": 2.0, "num_boost_round": 34.0}, "datetime": {"datetime": "2024-01-19 00:17:50", "elapsed": 362.758605, "delta": 0.000981}}
{"target": -17.677182847247472, "params": {"gamma": 432.9716022168339, "log10_alpha": -5.0, "log10_colsample_bytree": -1.0, "log10_eta": -4.0, "log10_lambda": 0.48592376929989717, "log10_min_child_weight": 2.6396105431045735, "log10_subsample": -1.0, "max_depth": 2.0, "num_boost_round": 35.0}, "datetime": {"datetime": "2024-01-19 00:17:50", "elapsed": 362.760222, "delta": 0.001617}}
{"target": -17.677181523963682, "params": {"gamma": 432.9716022168339, "log10_alpha": -5.0, "log10_colsample_bytree": -1.0, "log10_eta": -4.0, "log10_lambda": 0.48592376929989717, "log10_min_child_weight": 2.6396105431045735, "log10_subsample": -1.0, "max_depth": 2.0, "num_boost_round": 36.0}, "datetime": {"datetime": "2024-01-19 00:17:50", "elapsed": 362.761642, "delta": 0.00142}}
{"target": -17.67718115691645, "params": {"gamma": 432.9716022168339, "log10_alpha": -5.0, "log10_colsample_bytree": -1.0, "log10_eta": -4.0, "log10_lambda": 0.48592376929989717, "log10_min_child_weight": 2.6396105431045735, "log10_subsample": -1.0, "max_depth": 2.0, "num_boost_round": 37.0}, "datetime": {"datetime": "2024-01-19 00:17:50", "elapsed": 362.762798, "delta": 0.001156}}
{"target": -17.677179338730248, "params": {"gamma": 432.9716022168339, "log10_alpha": -5.0, "log10_colsample_bytree": -1.0, "log10_eta": -4.0, "log10_lambda": 0.48592376929989717, "log10_min_child_weight": 2.6396105431045735, "log10_subsample": -1.0, "max_depth": 2.0, "num_boost_round": 38.0}, "datetime": {"datetime": "2024-01-19 00:17:50", "elapsed": 362.763756, "delta": 0.000958}}
{"target": -17.67722536053685, "params": {"gamma": 439.0227342272518, "log10_alpha": -3.2421190228664374, "log10_colsample_bytree": -0.8888417441468616, "log10_eta": -3.6682556873865955, "log10_lambda": -2.355341453331557, "log10_min_child_weight": 3.7300773074624267, "log10_subsample": -0.12231801913004037, "max_depth": 7.0, "num_boost_round": 0.0}, "datetime": {"datetime": "2024-01-19 00:18:26", "elapsed": 399.001304, "delta": 36.237548}}
{"target": -17.6772241344921, "params": {"gamma": 439.0227342272518, "log10_alpha": -3.2421190228664374, "log10_colsample_bytree": -0.8888417441468616, "log10_eta": -3.6682556873865955, "log10_lambda": -2.355341453331557, "log10_min_child_weight": 3.7300773074624267, "log10_subsample": -0.12231801913004037, "max_depth": 7.0, "num_boost_round": 1.0}, "datetime": {"datetime": "2024-01-19 00:18:26", "elapsed": 399.00286, "delta": 0.001556}}
{"target": -17.677218406220444, "params": {"gamma": 439.0227342272518, "log10_alpha": -3.2421190228664374, "log10_colsample_bytree": -0.8888417441468616, "log10_eta": -3.6682556873865955, "log10_lambda": -2.355341453331557, "log10_min_child_weight": 3.7300773074624267, "log10_subsample": -0.12231801913004037, "max_depth": 7.0, "num_boost_round": 2.0}, "datetime": {"datetime": "2024-01-19 00:18:26", "elapsed": 399.004338, "delta": 0.001478}}
{"target": -17.677213150221828, "params": {"gamma": 439.0227342272518, "log10_alpha": -3.2421190228664374, "log10_colsample_bytree": -0.8888417441468616, "log10_eta": -3.6682556873865955, "log10_lambda": -2.355341453331557, "log10_min_child_weight": 3.7300773074624267, "log10_subsample": -0.12231801913004037, "max_depth": 7.0, "num_boost_round": 3.0}, "datetime": {"datetime": "2024-01-19 00:18:26", "elapsed": 399.005322, "delta": 0.000984}}
{"target": -17.67720587988527, "params": {"gamma": 439.0227342272518, "log10_alpha": -3.2421190228664374, "log10_colsample_bytree": -0.8888417441468616, "log10_eta": -3.6682556873865955, "log10_lambda": -2.355341453331557, "log10_min_child_weight": 3.7300773074624267, "log10_subsample": -0.12231801913004037, "max_depth": 7.0, "num_boost_round": 4.0}, "datetime": {"datetime": "2024-01-19 00:18:26", "elapsed": 399.006378, "delta": 0.001056}}
{"target": -17.677203142022655, "params": {"gamma": 439.0227342272518, "log10_alpha": -3.2421190228664374, "log10_colsample_bytree": -0.8888417441468616, "log10_eta": -3.6682556873865955, "log10_lambda": -2.355341453331557, "log10_min_child_weight": 3.7300773074624267, "log10_subsample": -0.12231801913004037, "max_depth": 7.0, "num_boost_round": 5.0}, "datetime": {"datetime": "2024-01-19 00:18:26", "elapsed": 399.007338, "delta": 0.00096}}
{"target": -17.677206317952553, "params": {"gamma": 439.0227342272518, "log10_alpha": -3.2421190228664374, "log10_colsample_bytree": -0.8888417441468616, "log10_eta": -3.6682556873865955, "log10_lambda": -2.355341453331557, "log10_min_child_weight": 3.7300773074624267, "log10_subsample": -0.12231801913004037, "max_depth": 7.0, "num_boost_round": 6.0}, "datetime": {"datetime": "2024-01-19 00:18:26", "elapsed": 399.008614, "delta": 0.001276}}
{"target": -17.677195445323786, "params": {"gamma": 439.0227342272518, "log10_alpha": -3.2421190228664374, "log10_colsample_bytree": -0.8888417441468616, "log10_eta": -3.6682556873865955, "log10_lambda": -2.355341453331557, "log10_min_child_weight": 3.7300773074624267, "log10_subsample": -0.12231801913004037, "max_depth": 7.0, "num_boost_round": 7.0}, "datetime": {"datetime": "2024-01-19 00:18:26", "elapsed": 399.009714, "delta": 0.0011}}
{"target": -17.67718927030722, "params": {"gamma": 439.0227342272518, "log10_alpha": -3.2421190228664374, "log10_colsample_bytree": -0.8888417441468616, "log10_eta": -3.6682556873865955, "log10_lambda": -2.355341453331557, "log10_min_child_weight": 3.7300773074624267, "log10_subsample": -0.12231801913004037, "max_depth": 7.0, "num_boost_round": 8.0}, "datetime": {"datetime": "2024-01-19 00:18:26", "elapsed": 399.010691, "delta": 0.000977}}
