{"target": -13.758292860057681, "params": {"gamma": 32.2483284914632, "log10_alpha": 0.36044749848872293, "log10_colsample_bytree": -0.9726256227183202, "log10_eta": -0.9979302758438222, "log10_lambda": -0.17894259484080344, "log10_min_child_weight": 3.930615533301868, "log10_subsample": -0.29313919230453855, "max_depth": 2.0, "num_boost_round": 7.0}, "datetime": {"datetime": "2024-01-19 00:51:35", "elapsed": 2404.060069, "delta": 0.002395}}
{"target": -13.758308219552333, "params": {"gamma": 32.2483284914632, "log10_alpha": 0.36044749848872293, "log10_colsample_bytree": -0.9726256227183202, "log10_eta": -0.9979302758438222, "log10_lambda": -0.17894259484080344, "log10_min_child_weight": 3.930615533301868, "log10_subsample": -0.29313919230453855, "max_depth": 2.0, "num_boost_round": 8.0}, "datetime": {"datetime": "2024-01-19 00:51:35", "elapsed": 2404.062437, "delta": 0.002368}}
{"target": -13.757552616024473, "params": {"gamma": 32.2483284914632, "log10_alpha": 0.36044749848872293, "log10_colsample_bytree": -0.9726256227183202, "log10_eta": -0.9979302758438222, "log10_lambda": -0.17894259484080344, "log10_min_child_weight": 3.930615533301868, "log10_subsample": -0.29313919230453855, "max_depth": 2.0, "num_boost_round": 9.0}, "datetime": {"datetime": "2024-01-19 00:51:35", "elapsed": 2404.0648, "delta": 0.002363}}
{"target": -13.757504588609219, "params": {"gamma": 32.2483284914632, "log10_alpha": 0.36044749848872293, "log10_colsample_bytree": -0.9726256227183202, "log10_eta": -0.9979302758438222, "log10_lambda": -0.17894259484080344, "log10_min_child_weight": 3.930615533301868, "log10_subsample": -0.29313919230453855, "max_depth": 2.0, "num_boost_round": 10.0}, "datetime": {"datetime": "2024-01-19 00:51:35", "elapsed": 2404.067194, "delta": 0.002394}}
{"target": -13.75745885610384, "params": {"gamma": 32.2483284914632, "log10_alpha": 0.36044749848872293, "log10_colsample_bytree": -0.9726256227183202, "log10_eta": -0.9979302758438222, "log10_lambda": -0.17894259484080344, "log10_min_child_weight": 3.930615533301868, "log10_subsample": -0.29313919230453855, "max_depth": 2.0, "num_boost_round": 11.0}, "datetime": {"datetime": "2024-01-19 00:51:35", "elapsed": 2404.069663, "delta": 0.002469}}
{"target": -13.756652001476962, "params": {"gamma": 32.2483284914632, "log10_alpha": 0.36044749848872293, "log10_colsample_bytree": -0.9726256227183202, "log10_eta": -0.9979302758438222, "log10_lambda": -0.17894259484080344, "log10_min_child_weight": 3.930615533301868, "log10_subsample": -0.29313919230453855, "max_depth": 2.0, "num_boost_round": 12.0}, "datetime": {"datetime": "2024-01-19 00:51:35", "elapsed": 2404.072036, "delta": 0.002373}}
{"target": -13.755951029351102, "params": {"gamma": 32.2483284914632, "log10_alpha": 0.36044749848872293, "log10_colsample_bytree": -0.9726256227183202, "log10_eta": -0.9979302758438222, "log10_lambda": -0.17894259484080344, "log10_min_child_weight": 3.930615533301868, "log10_subsample": -0.29313919230453855, "max_depth": 2.0, "num_boost_round": 13.0}, "datetime": {"datetime": "2024-01-19 00:51:35", "elapsed": 2404.074428, "delta": 0.002392}}
{"target": -13.75628096072085, "params": {"gamma": 32.2483284914632, "log10_alpha": 0.36044749848872293, "log10_colsample_bytree": -0.9726256227183202, "log10_eta": -0.9979302758438222, "log10_lambda": -0.17894259484080344, "log10_min_child_weight": 3.930615533301868, "log10_subsample": -0.29313919230453855, "max_depth": 2.0, "num_boost_round": 14.0}, "datetime": {"datetime": "2024-01-19 00:51:35", "elapsed": 2404.07689, "delta": 0.002462}}
{"target": -13.755813119678116, "params": {"gamma": 32.2483284914632, "log10_alpha": 0.36044749848872293, "log10_colsample_bytree": -0.9726256227183202, "log10_eta": -0.9979302758438222, "log10_lambda": -0.17894259484080344, "log10_min_child_weight": 3.930615533301868, "log10_subsample": -0.29313919230453855, "max_depth": 2.0, "num_boost_round": 15.0}, "datetime": {"datetime": "2024-01-19 00:51:35", "elapsed": 2404.079377, "delta": 0.002487}}
{"target": -13.756064978256797, "params": {"gamma": 32.2483284914632, "log10_alpha": 0.36044749848872293, "log10_colsample_bytree": -0.9726256227183202, "log10_eta": -0.9979302758438222, "log10_lambda": -0.17894259484080344, "log10_min_child_weight": 3.930615533301868, "log10_subsample": -0.29313919230453855, "max_depth": 2.0, "num_boost_round": 16.0}, "datetime": {"datetime": "2024-01-19 00:51:35", "elapsed": 2404.081872, "delta": 0.002495}}
{"target": -13.755787690090578, "params": {"gamma": 32.2483284914632, "log10_alpha": 0.36044749848872293, "log10_colsample_bytree": -0.9726256227183202, "log10_eta": -0.9979302758438222, "log10_lambda": -0.17894259484080344, "log10_min_child_weight": 3.930615533301868, "log10_subsample": -0.29313919230453855, "max_depth": 2.0, "num_boost_round": 17.0}, "datetime": {"datetime": "2024-01-19 00:51:35", "elapsed": 2404.08435, "delta": 0.002478}}
{"target": -13.758536505413238, "params": {"gamma": 35.09547252294065, "log10_alpha": -1.718147678489323, "log10_colsample_bytree": -0.25358717117493434, "log10_eta": -3.8837104217457936, "log10_lambda": -4.371731676947665, "log10_min_child_weight": 0.05783587247151001, "log10_subsample": -0.6407962471638271, "max_depth": 2.0, "num_boost_round": 0.0}, "datetime": {"datetime": "2024-01-19 00:52:00", "elapsed": 2428.162189, "delta": 24.077839}}
{"target": -13.75853451055426, "params": {"gamma": 35.09547252294065, "log10_alpha": -1.718147678489323, "log10_colsample_bytree": -0.25358717117493434, "log10_eta": -3.8837104217457936, "log10_lambda": -4.371731676947665, "log10_min_child_weight": 0.05783587247151001, "log10_subsample": -0.6407962471638271, "max_depth": 2.0, "num_boost_round": 1.0}, "datetime": {"datetime": "2024-01-19 00:52:00", "elapsed": 2428.16544, "delta": 0.003251}}
{"target": -13.758533560212799, "params": {"gamma": 35.09547252294065, "log10_alpha": -1.718147678489323, "log10_colsample_bytree": -0.25358717117493434, "log10_eta": -3.8837104217457936, "log10_lambda": -4.371731676947665, "log10_min_child_weight": 0.05783587247151001, "log10_subsample": -0.6407962471638271, "max_depth": 2.0, "num_boost_round": 2.0}, "datetime": {"datetime": "2024-01-19 00:52:00", "elapsed": 2428.167891, "delta": 0.002451}}
{"target": -13.758534487403079, "params": {"gamma": 35.09547252294065, "log10_alpha": -1.718147678489323, "log10_colsample_bytree": -0.25358717117493434, "log10_eta": -3.8837104217457936, "log10_lambda": -4.371731676947665, "log10_min_child_weight": 0.05783587247151001, "log10_subsample": -0.6407962471638271, "max_depth": 2.0, "num_boost_round": 3.0}, "datetime": {"datetime": "2024-01-19 00:52:00", "elapsed": 2428.170417, "delta": 0.002526}}
{"target": -13.758532541852762, "params": {"gamma": 35.09547252294065, "log10_alpha": -1.718147678489323, "log10_colsample_bytree": -0.25358717117493434, "log10_eta": -3.8837104217457936, "log10_lambda": -4.371731676947665, "log10_min_child_weight": 0.05783587247151001, "log10_subsample": -0.6407962471638271, "max_depth": 2.0, "num_boost_round": 4.0}, "datetime": {"datetime": "2024-01-19 00:52:00", "elapsed": 2428.172827, "delta": 0.00241}}
{"target": -13.758531594638363, "params": {"gamma": 35.09547252294065, "log10_alpha": -1.718147678489323, "log10_colsample_bytree": -0.25358717117493434, "log10_eta": -3.8837104217457936, "log10_lambda": -4.371731676947665, "log10_min_child_weight": 0.05783587247151001, "log10_subsample": -0.6407962471638271, "max_depth": 2.0, "num_boost_round": 5.0}, "datetime": {"datetime": "2024-01-19 00:52:00", "elapsed": 2428.175357, "delta": 0.00253}}
{"target": -13.758531520545816, "params": {"gamma": 35.09547252294065, "log10_alpha": -1.718147678489323, "log10_colsample_bytree": -0.25358717117493434, "log10_eta": -3.8837104217457936, "log10_lambda": -4.371731676947665, "log10_min_child_weight": 0.05783587247151001, "log10_subsample": -0.6407962471638271, "max_depth": 2.0, "num_boost_round": 6.0}, "datetime": {"datetime": "2024-01-19 00:52:00", "elapsed": 2428.177751, "delta": 0.002394}}
{"target": -13.758530297700021, "params": {"gamma": 35.09547252294065, "log10_alpha": -1.718147678489323, "log10_colsample_bytree": -0.25358717117493434, "log10_eta": -3.8837104217457936, "log10_lambda": -4.371731676947665, "log10_min_child_weight": 0.05783587247151001, "log10_subsample": -0.6407962471638271, "max_depth": 2.0, "num_boost_round": 7.0}, "datetime": {"datetime": "2024-01-19 00:52:00", "elapsed": 2428.180132, "delta": 0.002381}}
{"target": -13.758528856045304, "params": {"gamma": 35.09547252294065, "log10_alpha": -1.718147678489323, "log10_colsample_bytree": -0.25358717117493434, "log10_eta": -3.8837104217457936, "log10_lambda": -4.371731676947665, "log10_min_child_weight": 0.05783587247151001, "log10_subsample": -0.6407962471638271, "max_depth": 2.0, "num_boost_round": 8.0}, "datetime": {"datetime": "2024-01-19 00:52:00", "elapsed": 2428.182517, "delta": 0.002385}}
{"target": -13.758528936343067, "params": {"gamma": 35.09547252294065, "log10_alpha": -1.718147678489323, "log10_colsample_bytree": -0.25358717117493434, "log10_eta": -3.8837104217457936, "log10_lambda": -4.371731676947665, "log10_min_child_weight": 0.05783587247151001, "log10_subsample": -0.6407962471638271, "max_depth": 2.0, "num_boost_round": 9.0}, "datetime": {"datetime": "2024-01-19 00:52:00", "elapsed": 2428.184895, "delta": 0.002378}}
{"target": -13.75853500528584, "params": {"gamma": 37.881409628488626, "log10_alpha": -1.5824123373613772, "log10_colsample_bytree": -0.9435880348541118, "log10_eta": -3.9575664880691637, "log10_lambda": -0.3620117070143092, "log10_min_child_weight": 2.6504803809505537, "log10_subsample": -0.1744525905702845, "max_depth": 5.0, "num_boost_round": 0.0}, "datetime": {"datetime": "2024-01-19 00:52:25", "elapsed": 2453.252948, "delta": 25.068053}}
{"target": -13.758533856190104, "params": {"gamma": 37.881409628488626, "log10_alpha": -1.5824123373613772, "log10_colsample_bytree": -0.9435880348541118, "log10_eta": -3.9575664880691637, "log10_lambda": -0.3620117070143092, "log10_min_child_weight": 2.6504803809505537, "log10_subsample": -0.1744525905702845, "max_depth": 5.0, "num_boost_round": 1.0}, "datetime": {"datetime": "2024-01-19 00:52:25", "elapsed": 2453.256054, "delta": 0.003106}}
{"target": -13.758531812007915, "params": {"gamma": 37.881409628488626, "log10_alpha": -1.5824123373613772, "log10_colsample_bytree": -0.9435880348541118, "log10_eta": -3.9575664880691637, "log10_lambda": -0.3620117070143092, "log10_min_child_weight": 2.6504803809505537, "log10_subsample": -0.1744525905702845, "max_depth": 5.0, "num_boost_round": 2.0}, "datetime": {"datetime": "2024-01-19 00:52:25", "elapsed": 2453.258877, "delta": 0.002823}}
{"target": -13.758530988449362, "params": {"gamma": 37.881409628488626, "log10_alpha": -1.5824123373613772, "log10_colsample_bytree": -0.9435880348541118, "log10_eta": -3.9575664880691637, "log10_lambda": -0.3620117070143092, "log10_min_child_weight": 2.6504803809505537, "log10_subsample": -0.1744525905702845, "max_depth": 5.0, "num_boost_round": 3.0}, "datetime": {"datetime": "2024-01-19 00:52:25", "elapsed": 2453.261471, "delta": 0.002594}}
{"target": -13.758530252567649, "params": {"gamma": 37.881409628488626, "log10_alpha": -1.5824123373613772, "log10_colsample_bytree": -0.9435880348541118, "log10_eta": -3.9575664880691637, "log10_lambda": -0.3620117070143092, "log10_min_child_weight": 2.6504803809505537, "log10_subsample": -0.1744525905702845, "max_depth": 5.0, "num_boost_round": 4.0}, "datetime": {"datetime": "2024-01-19 00:52:25", "elapsed": 2453.263948, "delta": 0.002477}}
{"target": -13.758529866580062, "params": {"gamma": 37.881409628488626, "log10_alpha": -1.5824123373613772, "log10_colsample_bytree": -0.9435880348541118, "log10_eta": -3.9575664880691637, "log10_lambda": -0.3620117070143092, "log10_min_child_weight": 2.6504803809505537, "log10_subsample": -0.1744525905702845, "max_depth": 5.0, "num_boost_round": 5.0}, "datetime": {"datetime": "2024-01-19 00:52:25", "elapsed": 2453.370929, "delta": 0.106981}}
{"target": -13.758531189828556, "params": {"gamma": 37.881409628488626, "log10_alpha": -1.5824123373613772, "log10_colsample_bytree": -0.9435880348541118, "log10_eta": -3.9575664880691637, "log10_lambda": -0.3620117070143092, "log10_min_child_weight": 2.6504803809505537, "log10_subsample": -0.1744525905702845, "max_depth": 5.0, "num_boost_round": 6.0}, "datetime": {"datetime": "2024-01-19 00:52:25", "elapsed": 2453.373931, "delta": 0.003002}}
{"target": -13.758528707072664, "params": {"gamma": 37.881409628488626, "log10_alpha": -1.5824123373613772, "log10_colsample_bytree": -0.9435880348541118, "log10_eta": -3.9575664880691637, "log10_lambda": -0.3620117070143092, "log10_min_child_weight": 2.6504803809505537, "log10_subsample": -0.1744525905702845, "max_depth": 5.0, "num_boost_round": 7.0}, "datetime": {"datetime": "2024-01-19 00:52:25", "elapsed": 2453.376646, "delta": 0.002715}}
{"target": -13.75852743952791, "params": {"gamma": 37.881409628488626, "log10_alpha": -1.5824123373613772, "log10_colsample_bytree": -0.9435880348541118, "log10_eta": -3.9575664880691637, "log10_lambda": -0.3620117070143092, "log10_min_child_weight": 2.6504803809505537, "log10_subsample": -0.1744525905702845, "max_depth": 5.0, "num_boost_round": 8.0}, "datetime": {"datetime": "2024-01-19 00:52:25", "elapsed": 2453.379313, "delta": 0.002667}}
{"target": -13.758525767381999, "params": {"gamma": 37.881409628488626, "log10_alpha": -1.5824123373613772, "log10_colsample_bytree": -0.9435880348541118, "log10_eta": -3.9575664880691637, "log10_lambda": -0.3620117070143092, "log10_min_child_weight": 2.6504803809505537, "log10_subsample": -0.1744525905702845, "max_depth": 5.0, "num_boost_round": 9.0}, "datetime": {"datetime": "2024-01-19 00:52:25", "elapsed": 2453.381813, "delta": 0.0025}}
{"target": -13.758525780180193, "params": {"gamma": 37.881409628488626, "log10_alpha": -1.5824123373613772, "log10_colsample_bytree": -0.9435880348541118, "log10_eta": -3.9575664880691637, "log10_lambda": -0.3620117070143092, "log10_min_child_weight": 2.6504803809505537, "log10_subsample": -0.1744525905702845, "max_depth": 5.0, "num_boost_round": 10.0}, "datetime": {"datetime": "2024-01-19 00:52:25", "elapsed": 2453.384293, "delta": 0.00248}}
{"target": -13.758524087462229, "params": {"gamma": 37.881409628488626, "log10_alpha": -1.5824123373613772, "log10_colsample_bytree": -0.9435880348541118, "log10_eta": -3.9575664880691637, "log10_lambda": -0.3620117070143092, "log10_min_child_weight": 2.6504803809505537, "log10_subsample": -0.1744525905702845, "max_depth": 5.0, "num_boost_round": 11.0}, "datetime": {"datetime": "2024-01-19 00:52:25", "elapsed": 2453.386771, "delta": 0.002478}}
{"target": -13.75852139209989, "params": {"gamma": 37.881409628488626, "log10_alpha": -1.5824123373613772, "log10_colsample_bytree": -0.9435880348541118, "log10_eta": -3.9575664880691637, "log10_lambda": -0.3620117070143092, "log10_min_child_weight": 2.6504803809505537, "log10_subsample": -0.1744525905702845, "max_depth": 5.0, "num_boost_round": 12.0}, "datetime": {"datetime": "2024-01-19 00:52:25", "elapsed": 2453.389272, "delta": 0.002501}}
{"target": -13.758517556705685, "params": {"gamma": 37.881409628488626, "log10_alpha": -1.5824123373613772, "log10_colsample_bytree": -0.9435880348541118, "log10_eta": -3.9575664880691637, "log10_lambda": -0.3620117070143092, "log10_min_child_weight": 2.6504803809505537, "log10_subsample": -0.1744525905702845, "max_depth": 5.0, "num_boost_round": 13.0}, "datetime": {"datetime": "2024-01-19 00:52:25", "elapsed": 2453.391869, "delta": 0.002597}}
{"target": -13.758516269967172, "params": {"gamma": 37.881409628488626, "log10_alpha": -1.5824123373613772, "log10_colsample_bytree": -0.9435880348541118, "log10_eta": -3.9575664880691637, "log10_lambda": -0.3620117070143092, "log10_min_child_weight": 2.6504803809505537, "log10_subsample": -0.1744525905702845, "max_depth": 5.0, "num_boost_round": 14.0}, "datetime": {"datetime": "2024-01-19 00:52:25", "elapsed": 2453.394458, "delta": 0.002589}}
{"target": -13.75851462565328, "params": {"gamma": 37.881409628488626, "log10_alpha": -1.5824123373613772, "log10_colsample_bytree": -0.9435880348541118, "log10_eta": -3.9575664880691637, "log10_lambda": -0.3620117070143092, "log10_min_child_weight": 2.6504803809505537, "log10_subsample": -0.1744525905702845, "max_depth": 5.0, "num_boost_round": 15.0}, "datetime": {"datetime": "2024-01-19 00:52:25", "elapsed": 2453.397013, "delta": 0.002555}}
{"target": -13.75851420047653, "params": {"gamma": 37.881409628488626, "log10_alpha": -1.5824123373613772, "log10_colsample_bytree": -0.9435880348541118, "log10_eta": -3.9575664880691637, "log10_lambda": -0.3620117070143092, "log10_min_child_weight": 2.6504803809505537, "log10_subsample": -0.1744525905702845, "max_depth": 5.0, "num_boost_round": 16.0}, "datetime": {"datetime": "2024-01-19 00:52:25", "elapsed": 2453.399537, "delta": 0.002524}}
{"target": -13.75851421350844, "params": {"gamma": 37.881409628488626, "log10_alpha": -1.5824123373613772, "log10_colsample_bytree": -0.9435880348541118, "log10_eta": -3.9575664880691637, "log10_lambda": -0.3620117070143092, "log10_min_child_weight": 2.6504803809505537, "log10_subsample": -0.1744525905702845, "max_depth": 5.0, "num_boost_round": 17.0}, "datetime": {"datetime": "2024-01-19 00:52:25", "elapsed": 2453.402081, "delta": 0.002544}}
{"target": -13.758537482755042, "params": {"gamma": 26.90605985186345, "log10_alpha": 0.5594793556239335, "log10_colsample_bytree": -0.3407661223315952, "log10_eta": -3.5897216254779734, "log10_lambda": -4.925208238285679, "log10_min_child_weight": 2.3901377307432043, "log10_subsample": -0.8448768602774417, "max_depth": 9.0, "num_boost_round": 0.0}, "datetime": {"datetime": "2024-01-19 00:52:49", "elapsed": 2477.356993, "delta": 23.954912}}
{"target": -13.758526284328342, "params": {"gamma": 26.90605985186345, "log10_alpha": 0.5594793556239335, "log10_colsample_bytree": -0.3407661223315952, "log10_eta": -3.5897216254779734, "log10_lambda": -4.925208238285679, "log10_min_child_weight": 2.3901377307432043, "log10_subsample": -0.8448768602774417, "max_depth": 9.0, "num_boost_round": 1.0}, "datetime": {"datetime": "2024-01-19 00:52:49", "elapsed": 2477.360126, "delta": 0.003133}}
{"target": -13.758518650051496, "params": {"gamma": 26.90605985186345, "log10_alpha": 0.5594793556239335, "log10_colsample_bytree": -0.3407661223315952, "log10_eta": -3.5897216254779734, "log10_lambda": -4.925208238285679, "log10_min_child_weight": 2.3901377307432043, "log10_subsample": -0.8448768602774417, "max_depth": 9.0, "num_boost_round": 2.0}, "datetime": {"datetime": "2024-01-19 00:52:49", "elapsed": 2477.362991, "delta": 0.002865}}
{"target": -13.758509811110908, "params": {"gamma": 26.90605985186345, "log10_alpha": 0.5594793556239335, "log10_colsample_bytree": -0.3407661223315952, "log10_eta": -3.5897216254779734, "log10_lambda": -4.925208238285679, "log10_min_child_weight": 2.3901377307432043, "log10_subsample": -0.8448768602774417, "max_depth": 9.0, "num_boost_round": 3.0}, "datetime": {"datetime": "2024-01-19 00:52:49", "elapsed": 2477.365593, "delta": 0.002602}}
{"target": -13.758505534580053, "params": {"gamma": 26.90605985186345, "log10_alpha": 0.5594793556239335, "log10_colsample_bytree": -0.3407661223315952, "log10_eta": -3.5897216254779734, "log10_lambda": -4.925208238285679, "log10_min_child_weight": 2.3901377307432043, "log10_subsample": -0.8448768602774417, "max_depth": 9.0, "num_boost_round": 4.0}, "datetime": {"datetime": "2024-01-19 00:52:49", "elapsed": 2477.368426, "delta": 0.002833}}
{"target": -13.758504585608236, "params": {"gamma": 26.90605985186345, "log10_alpha": 0.5594793556239335, "log10_colsample_bytree": -0.3407661223315952, "log10_eta": -3.5897216254779734, "log10_lambda": -4.925208238285679, "log10_min_child_weight": 2.3901377307432043, "log10_subsample": -0.8448768602774417, "max_depth": 9.0, "num_boost_round": 5.0}, "datetime": {"datetime": "2024-01-19 00:52:49", "elapsed": 2477.371052, "delta": 0.002626}}
{"target": -13.758507965958263, "params": {"gamma": 26.90605985186345, "log10_alpha": 0.5594793556239335, "log10_colsample_bytree": -0.3407661223315952, "log10_eta": -3.5897216254779734, "log10_lambda": -4.925208238285679, "log10_min_child_weight": 2.3901377307432043, "log10_subsample": -0.8448768602774417, "max_depth": 9.0, "num_boost_round": 6.0}, "datetime": {"datetime": "2024-01-19 00:52:49", "elapsed": 2477.373645, "delta": 0.002593}}
{"target": -13.75850211970824, "params": {"gamma": 26.90605985186345, "log10_alpha": 0.5594793556239335, "log10_colsample_bytree": -0.3407661223315952, "log10_eta": -3.5897216254779734, "log10_lambda": -4.925208238285679, "log10_min_child_weight": 2.3901377307432043, "log10_subsample": -0.8448768602774417, "max_depth": 9.0, "num_boost_round": 7.0}, "datetime": {"datetime": "2024-01-19 00:52:49", "elapsed": 2477.376267, "delta": 0.002622}}
{"target": -13.7584835824715, "params": {"gamma": 26.90605985186345, "log10_alpha": 0.5594793556239335, "log10_colsample_bytree": -0.3407661223315952, "log10_eta": -3.5897216254779734, "log10_lambda": -4.925208238285679, "log10_min_child_weight": 2.3901377307432043, "log10_subsample": -0.8448768602774417, "max_depth": 9.0, "num_boost_round": 8.0}, "datetime": {"datetime": "2024-01-19 00:52:49", "elapsed": 2477.37884, "delta": 0.002573}}
{"target": -13.758476152266345, "params": {"gamma": 26.90605985186345, "log10_alpha": 0.5594793556239335, "log10_colsample_bytree": -0.3407661223315952, "log10_eta": -3.5897216254779734, "log10_lambda": -4.925208238285679, "log10_min_child_weight": 2.3901377307432043, "log10_subsample": -0.8448768602774417, "max_depth": 9.0, "num_boost_round": 9.0}, "datetime": {"datetime": "2024-01-19 00:52:49", "elapsed": 2477.381411, "delta": 0.002571}}
