{"target": -17.675567247033552, "params": {"gamma": 427.08577923456835, "log10_alpha": -2.0199737092726355, "log10_colsample_bytree": -0.0469849409983244, "log10_eta": -2.740972502832476, "log10_lambda": -3.2919306761594043, "log10_min_child_weight": 2.015173521940784, "log10_subsample": -0.910475712607207, "max_depth": 5.0, "num_boost_round": 23.0}, "datetime": {"datetime": "2024-01-19 01:10:11", "elapsed": 3515.61197, "delta": 0.002796}}
{"target": -17.67551534422746, "params": {"gamma": 427.08577923456835, "log10_alpha": -2.0199737092726355, "log10_colsample_bytree": -0.0469849409983244, "log10_eta": -2.740972502832476, "log10_lambda": -3.2919306761594043, "log10_min_child_weight": 2.015173521940784, "log10_subsample": -0.910475712607207, "max_depth": 5.0, "num_boost_round": 24.0}, "datetime": {"datetime": "2024-01-19 01:10:11", "elapsed": 3515.614788, "delta": 0.002818}}
{"target": -17.675493994119986, "params": {"gamma": 427.08577923456835, "log10_alpha": -2.0199737092726355, "log10_colsample_bytree": -0.0469849409983244, "log10_eta": -2.740972502832476, "log10_lambda": -3.2919306761594043, "log10_min_child_weight": 2.015173521940784, "log10_subsample": -0.910475712607207, "max_depth": 5.0, "num_boost_round": 25.0}, "datetime": {"datetime": "2024-01-19 01:10:11", "elapsed": 3515.617505, "delta": 0.002717}}
{"target": -17.67538449221699, "params": {"gamma": 427.08577923456835, "log10_alpha": -2.0199737092726355, "log10_colsample_bytree": -0.0469849409983244, "log10_eta": -2.740972502832476, "log10_lambda": -3.2919306761594043, "log10_min_child_weight": 2.015173521940784, "log10_subsample": -0.910475712607207, "max_depth": 5.0, "num_boost_round": 26.0}, "datetime": {"datetime": "2024-01-19 01:10:11", "elapsed": 3515.620207, "delta": 0.002702}}
{"target": -17.67721116769249, "params": {"gamma": 433.72705365271435, "log10_alpha": -4.766419630759249, "log10_colsample_bytree": -0.4554593296392201, "log10_eta": -2.5382839932003813, "log10_lambda": -1.8259094462935384, "log10_min_child_weight": 4.115767788018335, "log10_subsample": -0.7297329875553956, "max_depth": 8.0, "num_boost_round": 0.0}, "datetime": {"datetime": "2024-01-19 01:10:54", "elapsed": 3558.901699, "delta": 43.281492}}
{"target": -17.677190935331286, "params": {"gamma": 433.72705365271435, "log10_alpha": -4.766419630759249, "log10_colsample_bytree": -0.4554593296392201, "log10_eta": -2.5382839932003813, "log10_lambda": -1.8259094462935384, "log10_min_child_weight": 4.115767788018335, "log10_subsample": -0.7297329875553956, "max_depth": 8.0, "num_boost_round": 1.0}, "datetime": {"datetime": "2024-01-19 01:10:54", "elapsed": 3558.905072, "delta": 0.003373}}
{"target": -17.6771962983327, "params": {"gamma": 433.72705365271435, "log10_alpha": -4.766419630759249, "log10_colsample_bytree": -0.4554593296392201, "log10_eta": -2.5382839932003813, "log10_lambda": -1.8259094462935384, "log10_min_child_weight": 4.115767788018335, "log10_subsample": -0.7297329875553956, "max_depth": 8.0, "num_boost_round": 2.0}, "datetime": {"datetime": "2024-01-19 01:10:54", "elapsed": 3558.907928, "delta": 0.002856}}
{"target": -17.677173991787758, "params": {"gamma": 433.72705365271435, "log10_alpha": -4.766419630759249, "log10_colsample_bytree": -0.4554593296392201, "log10_eta": -2.5382839932003813, "log10_lambda": -1.8259094462935384, "log10_min_child_weight": 4.115767788018335, "log10_subsample": -0.7297329875553956, "max_depth": 8.0, "num_boost_round": 3.0}, "datetime": {"datetime": "2024-01-19 01:10:54", "elapsed": 3558.910813, "delta": 0.002885}}
{"target": -17.677149944327866, "params": {"gamma": 433.72705365271435, "log10_alpha": -4.766419630759249, "log10_colsample_bytree": -0.4554593296392201, "log10_eta": -2.5382839932003813, "log10_lambda": -1.8259094462935384, "log10_min_child_weight": 4.115767788018335, "log10_subsample": -0.7297329875553956, "max_depth": 8.0, "num_boost_round": 4.0}, "datetime": {"datetime": "2024-01-19 01:10:54", "elapsed": 3558.913664, "delta": 0.002851}}
{"target": -17.677126296950636, "params": {"gamma": 433.72705365271435, "log10_alpha": -4.766419630759249, "log10_colsample_bytree": -0.4554593296392201, "log10_eta": -2.5382839932003813, "log10_lambda": -1.8259094462935384, "log10_min_child_weight": 4.115767788018335, "log10_subsample": -0.7297329875553956, "max_depth": 8.0, "num_boost_round": 5.0}, "datetime": {"datetime": "2024-01-19 01:10:54", "elapsed": 3558.916419, "delta": 0.002755}}
{"target": -17.677116323942766, "params": {"gamma": 433.72705365271435, "log10_alpha": -4.766419630759249, "log10_colsample_bytree": -0.4554593296392201, "log10_eta": -2.5382839932003813, "log10_lambda": -1.8259094462935384, "log10_min_child_weight": 4.115767788018335, "log10_subsample": -0.7297329875553956, "max_depth": 8.0, "num_boost_round": 6.0}, "datetime": {"datetime": "2024-01-19 01:10:54", "elapsed": 3558.919176, "delta": 0.002757}}
{"target": -17.677064494160106, "params": {"gamma": 433.72705365271435, "log10_alpha": -4.766419630759249, "log10_colsample_bytree": -0.4554593296392201, "log10_eta": -2.5382839932003813, "log10_lambda": -1.8259094462935384, "log10_min_child_weight": 4.115767788018335, "log10_subsample": -0.7297329875553956, "max_depth": 8.0, "num_boost_round": 7.0}, "datetime": {"datetime": "2024-01-19 01:10:54", "elapsed": 3558.921937, "delta": 0.002761}}
{"target": -17.677014410061062, "params": {"gamma": 433.72705365271435, "log10_alpha": -4.766419630759249, "log10_colsample_bytree": -0.4554593296392201, "log10_eta": -2.5382839932003813, "log10_lambda": -1.8259094462935384, "log10_min_child_weight": 4.115767788018335, "log10_subsample": -0.7297329875553956, "max_depth": 8.0, "num_boost_round": 8.0}, "datetime": {"datetime": "2024-01-19 01:10:54", "elapsed": 3558.924692, "delta": 0.002755}}
{"target": -17.676978893349812, "params": {"gamma": 433.72705365271435, "log10_alpha": -4.766419630759249, "log10_colsample_bytree": -0.4554593296392201, "log10_eta": -2.5382839932003813, "log10_lambda": -1.8259094462935384, "log10_min_child_weight": 4.115767788018335, "log10_subsample": -0.7297329875553956, "max_depth": 8.0, "num_boost_round": 9.0}, "datetime": {"datetime": "2024-01-19 01:10:54", "elapsed": 3558.927465, "delta": 0.002773}}
{"target": -17.676977616799206, "params": {"gamma": 433.72705365271435, "log10_alpha": -4.766419630759249, "log10_colsample_bytree": -0.4554593296392201, "log10_eta": -2.5382839932003813, "log10_lambda": -1.8259094462935384, "log10_min_child_weight": 4.115767788018335, "log10_subsample": -0.7297329875553956, "max_depth": 8.0, "num_boost_round": 10.0}, "datetime": {"datetime": "2024-01-19 01:10:54", "elapsed": 3558.930361, "delta": 0.002896}}
{"target": -17.676920944903, "params": {"gamma": 433.72705365271435, "log10_alpha": -4.766419630759249, "log10_colsample_bytree": -0.4554593296392201, "log10_eta": -2.5382839932003813, "log10_lambda": -1.8259094462935384, "log10_min_child_weight": 4.115767788018335, "log10_subsample": -0.7297329875553956, "max_depth": 8.0, "num_boost_round": 11.0}, "datetime": {"datetime": "2024-01-19 01:10:54", "elapsed": 3558.933124, "delta": 0.002763}}
{"target": -17.676961964551342, "params": {"gamma": 433.72705365271435, "log10_alpha": -4.766419630759249, "log10_colsample_bytree": -0.4554593296392201, "log10_eta": -2.5382839932003813, "log10_lambda": -1.8259094462935384, "log10_min_child_weight": 4.115767788018335, "log10_subsample": -0.7297329875553956, "max_depth": 8.0, "num_boost_round": 12.0}, "datetime": {"datetime": "2024-01-19 01:10:54", "elapsed": 3558.935969, "delta": 0.002845}}
{"target": -17.676915662528522, "params": {"gamma": 433.72705365271435, "log10_alpha": -4.766419630759249, "log10_colsample_bytree": -0.4554593296392201, "log10_eta": -2.5382839932003813, "log10_lambda": -1.8259094462935384, "log10_min_child_weight": 4.115767788018335, "log10_subsample": -0.7297329875553956, "max_depth": 8.0, "num_boost_round": 13.0}, "datetime": {"datetime": "2024-01-19 01:10:54", "elapsed": 3558.938729, "delta": 0.00276}}
{"target": -17.676910103269616, "params": {"gamma": 433.72705365271435, "log10_alpha": -4.766419630759249, "log10_colsample_bytree": -0.4554593296392201, "log10_eta": -2.5382839932003813, "log10_lambda": -1.8259094462935384, "log10_min_child_weight": 4.115767788018335, "log10_subsample": -0.7297329875553956, "max_depth": 8.0, "num_boost_round": 14.0}, "datetime": {"datetime": "2024-01-19 01:10:54", "elapsed": 3558.941533, "delta": 0.002804}}
{"target": -17.676881598905684, "params": {"gamma": 433.72705365271435, "log10_alpha": -4.766419630759249, "log10_colsample_bytree": -0.4554593296392201, "log10_eta": -2.5382839932003813, "log10_lambda": -1.8259094462935384, "log10_min_child_weight": 4.115767788018335, "log10_subsample": -0.7297329875553956, "max_depth": 8.0, "num_boost_round": 15.0}, "datetime": {"datetime": "2024-01-19 01:10:54", "elapsed": 3558.944278, "delta": 0.002745}}
{"target": -17.67686442070167, "params": {"gamma": 433.72705365271435, "log10_alpha": -4.766419630759249, "log10_colsample_bytree": -0.4554593296392201, "log10_eta": -2.5382839932003813, "log10_lambda": -1.8259094462935384, "log10_min_child_weight": 4.115767788018335, "log10_subsample": -0.7297329875553956, "max_depth": 8.0, "num_boost_round": 16.0}, "datetime": {"datetime": "2024-01-19 01:10:54", "elapsed": 3558.947032, "delta": 0.002754}}
{"target": -17.676876422457912, "params": {"gamma": 433.72705365271435, "log10_alpha": -4.766419630759249, "log10_colsample_bytree": -0.4554593296392201, "log10_eta": -2.5382839932003813, "log10_lambda": -1.8259094462935384, "log10_min_child_weight": 4.115767788018335, "log10_subsample": -0.7297329875553956, "max_depth": 8.0, "num_boost_round": 17.0}, "datetime": {"datetime": "2024-01-19 01:10:54", "elapsed": 3558.949786, "delta": 0.002754}}
{"target": -17.67686475623422, "params": {"gamma": 433.72705365271435, "log10_alpha": -4.766419630759249, "log10_colsample_bytree": -0.4554593296392201, "log10_eta": -2.5382839932003813, "log10_lambda": -1.8259094462935384, "log10_min_child_weight": 4.115767788018335, "log10_subsample": -0.7297329875553956, "max_depth": 8.0, "num_boost_round": 18.0}, "datetime": {"datetime": "2024-01-19 01:10:54", "elapsed": 3558.953229, "delta": 0.003443}}
{"target": -17.676812979347496, "params": {"gamma": 433.72705365271435, "log10_alpha": -4.766419630759249, "log10_colsample_bytree": -0.4554593296392201, "log10_eta": -2.5382839932003813, "log10_lambda": -1.8259094462935384, "log10_min_child_weight": 4.115767788018335, "log10_subsample": -0.7297329875553956, "max_depth": 8.0, "num_boost_round": 19.0}, "datetime": {"datetime": "2024-01-19 01:10:54", "elapsed": 3558.956389, "delta": 0.00316}}
{"target": -17.677197514974694, "params": {"gamma": 440.95347415616703, "log10_alpha": -2.989497252326295, "log10_colsample_bytree": -0.1096924740596169, "log10_eta": -2.883465017233157, "log10_lambda": -1.7775789665383597, "log10_min_child_weight": 1.7584804439396278, "log10_subsample": -0.56236314353996, "max_depth": 5.0, "num_boost_round": 0.0}, "datetime": {"datetime": "2024-01-19 01:11:53", "elapsed": 3618.251647, "delta": 59.295258}}
{"target": -17.677179719960648, "params": {"gamma": 440.95347415616703, "log10_alpha": -2.989497252326295, "log10_colsample_bytree": -0.1096924740596169, "log10_eta": -2.883465017233157, "log10_lambda": -1.7775789665383597, "log10_min_child_weight": 1.7584804439396278, "log10_subsample": -0.56236314353996, "max_depth": 5.0, "num_boost_round": 1.0}, "datetime": {"datetime": "2024-01-19 01:11:53", "elapsed": 3618.255641, "delta": 0.003994}}
{"target": -17.677089534598913, "params": {"gamma": 440.95347415616703, "log10_alpha": -2.989497252326295, "log10_colsample_bytree": -0.1096924740596169, "log10_eta": -2.883465017233157, "log10_lambda": -1.7775789665383597, "log10_min_child_weight": 1.7584804439396278, "log10_subsample": -0.56236314353996, "max_depth": 5.0, "num_boost_round": 2.0}, "datetime": {"datetime": "2024-01-19 01:11:53", "elapsed": 3618.258555, "delta": 0.002914}}
{"target": -17.677077705421333, "params": {"gamma": 440.95347415616703, "log10_alpha": -2.989497252326295, "log10_colsample_bytree": -0.1096924740596169, "log10_eta": -2.883465017233157, "log10_lambda": -1.7775789665383597, "log10_min_child_weight": 1.7584804439396278, "log10_subsample": -0.56236314353996, "max_depth": 5.0, "num_boost_round": 3.0}, "datetime": {"datetime": "2024-01-19 01:11:53", "elapsed": 3618.261402, "delta": 0.002847}}
{"target": -17.67702558871364, "params": {"gamma": 440.95347415616703, "log10_alpha": -2.989497252326295, "log10_colsample_bytree": -0.1096924740596169, "log10_eta": -2.883465017233157, "log10_lambda": -1.7775789665383597, "log10_min_child_weight": 1.7584804439396278, "log10_subsample": -0.56236314353996, "max_depth": 5.0, "num_boost_round": 4.0}, "datetime": {"datetime": "2024-01-19 01:11:53", "elapsed": 3618.264187, "delta": 0.002785}}
{"target": -17.676904680168757, "params": {"gamma": 440.95347415616703, "log10_alpha": -2.989497252326295, "log10_colsample_bytree": -0.1096924740596169, "log10_eta": -2.883465017233157, "log10_lambda": -1.7775789665383597, "log10_min_child_weight": 1.7584804439396278, "log10_subsample": -0.56236314353996, "max_depth": 5.0, "num_boost_round": 5.0}, "datetime": {"datetime": "2024-01-19 01:11:53", "elapsed": 3618.26696, "delta": 0.002773}}
{"target": -17.676848909034135, "params": {"gamma": 440.95347415616703, "log10_alpha": -2.989497252326295, "log10_colsample_bytree": -0.1096924740596169, "log10_eta": -2.883465017233157, "log10_lambda": -1.7775789665383597, "log10_min_child_weight": 1.7584804439396278, "log10_subsample": -0.56236314353996, "max_depth": 5.0, "num_boost_round": 6.0}, "datetime": {"datetime": "2024-01-19 01:11:53", "elapsed": 3618.269779, "delta": 0.002819}}
{"target": -17.67675136491063, "params": {"gamma": 440.95347415616703, "log10_alpha": -2.989497252326295, "log10_colsample_bytree": -0.1096924740596169, "log10_eta": -2.883465017233157, "log10_lambda": -1.7775789665383597, "log10_min_child_weight": 1.7584804439396278, "log10_subsample": -0.56236314353996, "max_depth": 5.0, "num_boost_round": 7.0}, "datetime": {"datetime": "2024-01-19 01:11:53", "elapsed": 3618.272548, "delta": 0.002769}}
{"target": -17.676614058016977, "params": {"gamma": 440.95347415616703, "log10_alpha": -2.989497252326295, "log10_colsample_bytree": -0.1096924740596169, "log10_eta": -2.883465017233157, "log10_lambda": -1.7775789665383597, "log10_min_child_weight": 1.7584804439396278, "log10_subsample": -0.56236314353996, "max_depth": 5.0, "num_boost_round": 8.0}, "datetime": {"datetime": "2024-01-19 01:11:53", "elapsed": 3618.275498, "delta": 0.00295}}
{"target": -17.676561813723456, "params": {"gamma": 440.95347415616703, "log10_alpha": -2.989497252326295, "log10_colsample_bytree": -0.1096924740596169, "log10_eta": -2.883465017233157, "log10_lambda": -1.7775789665383597, "log10_min_child_weight": 1.7584804439396278, "log10_subsample": -0.56236314353996, "max_depth": 5.0, "num_boost_round": 9.0}, "datetime": {"datetime": "2024-01-19 01:11:53", "elapsed": 3618.278408, "delta": 0.00291}}
{"target": -17.94528840639367, "params": {"gamma": 426.63422186541675, "log10_alpha": -3.349883084326853, "log10_colsample_bytree": -0.8109337676564046, "log10_eta": -0.15603549075273238, "log10_lambda": -2.294389361533099, "log10_min_child_weight": 0.34999230530807335, "log10_subsample": -0.9108304147552381, "max_depth": 9.0, "num_boost_round": 0.0}, "datetime": {"datetime": "2024-01-19 01:12:41", "elapsed": 3666.077959, "delta": 47.799551}}
{"target": -18.251253701169713, "params": {"gamma": 426.63422186541675, "log10_alpha": -3.349883084326853, "log10_colsample_bytree": -0.8109337676564046, "log10_eta": -0.15603549075273238, "log10_lambda": -2.294389361533099, "log10_min_child_weight": 0.34999230530807335, "log10_subsample": -0.9108304147552381, "max_depth": 9.0, "num_boost_round": 1.0}, "datetime": {"datetime": "2024-01-19 01:12:41", "elapsed": 3666.081133, "delta": 0.003174}}
{"target": -18.558997939352206, "params": {"gamma": 426.63422186541675, "log10_alpha": -3.349883084326853, "log10_colsample_bytree": -0.8109337676564046, "log10_eta": -0.15603549075273238, "log10_lambda": -2.294389361533099, "log10_min_child_weight": 0.34999230530807335, "log10_subsample": -0.9108304147552381, "max_depth": 9.0, "num_boost_round": 2.0}, "datetime": {"datetime": "2024-01-19 01:12:41", "elapsed": 3666.084182, "delta": 0.003049}}
{"target": -18.67346111759493, "params": {"gamma": 426.63422186541675, "log10_alpha": -3.349883084326853, "log10_colsample_bytree": -0.8109337676564046, "log10_eta": -0.15603549075273238, "log10_lambda": -2.294389361533099, "log10_min_child_weight": 0.34999230530807335, "log10_subsample": -0.9108304147552381, "max_depth": 9.0, "num_boost_round": 3.0}, "datetime": {"datetime": "2024-01-19 01:12:41", "elapsed": 3666.087036, "delta": 0.002854}}
{"target": -18.877227723172865, "params": {"gamma": 426.63422186541675, "log10_alpha": -3.349883084326853, "log10_colsample_bytree": -0.8109337676564046, "log10_eta": -0.15603549075273238, "log10_lambda": -2.294389361533099, "log10_min_child_weight": 0.34999230530807335, "log10_subsample": -0.9108304147552381, "max_depth": 9.0, "num_boost_round": 4.0}, "datetime": {"datetime": "2024-01-19 01:12:41", "elapsed": 3666.089824, "delta": 0.002788}}
{"target": -19.108666723383628, "params": {"gamma": 426.63422186541675, "log10_alpha": -3.349883084326853, "log10_colsample_bytree": -0.8109337676564046, "log10_eta": -0.15603549075273238, "log10_lambda": -2.294389361533099, "log10_min_child_weight": 0.34999230530807335, "log10_subsample": -0.9108304147552381, "max_depth": 9.0, "num_boost_round": 5.0}, "datetime": {"datetime": "2024-01-19 01:12:41", "elapsed": 3666.092641, "delta": 0.002817}}
{"target": -19.210022285745783, "params": {"gamma": 426.63422186541675, "log10_alpha": -3.349883084326853, "log10_colsample_bytree": -0.8109337676564046, "log10_eta": -0.15603549075273238, "log10_lambda": -2.294389361533099, "log10_min_child_weight": 0.34999230530807335, "log10_subsample": -0.9108304147552381, "max_depth": 9.0, "num_boost_round": 6.0}, "datetime": {"datetime": "2024-01-19 01:12:41", "elapsed": 3666.09551, "delta": 0.002869}}
{"target": -20.924011590009894, "params": {"gamma": 426.63422186541675, "log10_alpha": -3.349883084326853, "log10_colsample_bytree": -0.8109337676564046, "log10_eta": -0.15603549075273238, "log10_lambda": -2.294389361533099, "log10_min_child_weight": 0.34999230530807335, "log10_subsample": -0.9108304147552381, "max_depth": 9.0, "num_boost_round": 7.0}, "datetime": {"datetime": "2024-01-19 01:12:41", "elapsed": 3666.098349, "delta": 0.002839}}
{"target": -21.04612618321512, "params": {"gamma": 426.63422186541675, "log10_alpha": -3.349883084326853, "log10_colsample_bytree": -0.8109337676564046, "log10_eta": -0.15603549075273238, "log10_lambda": -2.294389361533099, "log10_min_child_weight": 0.34999230530807335, "log10_subsample": -0.9108304147552381, "max_depth": 9.0, "num_boost_round": 8.0}, "datetime": {"datetime": "2024-01-19 01:12:41", "elapsed": 3666.101116, "delta": 0.002767}}
{"target": -21.154467211403514, "params": {"gamma": 426.63422186541675, "log10_alpha": -3.349883084326853, "log10_colsample_bytree": -0.8109337676564046, "log10_eta": -0.15603549075273238, "log10_lambda": -2.294389361533099, "log10_min_child_weight": 0.34999230530807335, "log10_subsample": -0.9108304147552381, "max_depth": 9.0, "num_boost_round": 9.0}, "datetime": {"datetime": "2024-01-19 01:12:41", "elapsed": 3666.103913, "delta": 0.002797}}
{"target": -21.535559169697585, "params": {"gamma": 426.63422186541675, "log10_alpha": -3.349883084326853, "log10_colsample_bytree": -0.8109337676564046, "log10_eta": -0.15603549075273238, "log10_lambda": -2.294389361533099, "log10_min_child_weight": 0.34999230530807335, "log10_subsample": -0.9108304147552381, "max_depth": 9.0, "num_boost_round": 10.0}, "datetime": {"datetime": "2024-01-19 01:12:41", "elapsed": 3666.106669, "delta": 0.002756}}
{"target": -21.573542945850605, "params": {"gamma": 426.63422186541675, "log10_alpha": -3.349883084326853, "log10_colsample_bytree": -0.8109337676564046, "log10_eta": -0.15603549075273238, "log10_lambda": -2.294389361533099, "log10_min_child_weight": 0.34999230530807335, "log10_subsample": -0.9108304147552381, "max_depth": 9.0, "num_boost_round": 11.0}, "datetime": {"datetime": "2024-01-19 01:12:41", "elapsed": 3666.109534, "delta": 0.002865}}
{"target": -21.648956599798204, "params": {"gamma": 426.63422186541675, "log10_alpha": -3.349883084326853, "log10_colsample_bytree": -0.8109337676564046, "log10_eta": -0.15603549075273238, "log10_lambda": -2.294389361533099, "log10_min_child_weight": 0.34999230530807335, "log10_subsample": -0.9108304147552381, "max_depth": 9.0, "num_boost_round": 12.0}, "datetime": {"datetime": "2024-01-19 01:12:41", "elapsed": 3666.112302, "delta": 0.002768}}
{"target": -21.752394858744964, "params": {"gamma": 426.63422186541675, "log10_alpha": -3.349883084326853, "log10_colsample_bytree": -0.8109337676564046, "log10_eta": -0.15603549075273238, "log10_lambda": -2.294389361533099, "log10_min_child_weight": 0.34999230530807335, "log10_subsample": -0.9108304147552381, "max_depth": 9.0, "num_boost_round": 13.0}, "datetime": {"datetime": "2024-01-19 01:12:41", "elapsed": 3666.115168, "delta": 0.002866}}
{"target": -21.86150168054958, "params": {"gamma": 426.63422186541675, "log10_alpha": -3.349883084326853, "log10_colsample_bytree": -0.8109337676564046, "log10_eta": -0.15603549075273238, "log10_lambda": -2.294389361533099, "log10_min_child_weight": 0.34999230530807335, "log10_subsample": -0.9108304147552381, "max_depth": 9.0, "num_boost_round": 14.0}, "datetime": {"datetime": "2024-01-19 01:12:41", "elapsed": 3666.11799, "delta": 0.002822}}
