{"target": -17.677226404800802, "params": {"gamma": 68.10652884503813, "log10_alpha": -5.0, "log10_colsample_bytree": -1.0, "log10_eta": -4.0, "log10_lambda": -5.0, "log10_min_child_weight": 0.0, "log10_subsample": -0.9405138249839288, "max_depth": 2.0, "num_boost_round": 3.0}, "datetime": {"datetime": "2024-01-19 01:08:39", "elapsed": 3426.754009, "delta": 0.00421}}
{"target": -17.677225159106477, "params": {"gamma": 68.10652884503813, "log10_alpha": -5.0, "log10_colsample_bytree": -1.0, "log10_eta": -4.0, "log10_lambda": -5.0, "log10_min_child_weight": 0.0, "log10_subsample": -0.9405138249839288, "max_depth": 2.0, "num_boost_round": 4.0}, "datetime": {"datetime": "2024-01-19 01:08:39", "elapsed": 3426.758212, "delta": 0.004203}}
{"target": -17.677223767454432, "params": {"gamma": 68.10652884503813, "log10_alpha": -5.0, "log10_colsample_bytree": -1.0, "log10_eta": -4.0, "log10_lambda": -5.0, "log10_min_child_weight": 0.0, "log10_subsample": -0.9405138249839288, "max_depth": 2.0, "num_boost_round": 5.0}, "datetime": {"datetime": "2024-01-19 01:08:39", "elapsed": 3426.762414, "delta": 0.004202}}
{"target": -17.677222992539367, "params": {"gamma": 68.10652884503813, "log10_alpha": -5.0, "log10_colsample_bytree": -1.0, "log10_eta": -4.0, "log10_lambda": -5.0, "log10_min_child_weight": 0.0, "log10_subsample": -0.9405138249839288, "max_depth": 2.0, "num_boost_round": 6.0}, "datetime": {"datetime": "2024-01-19 01:08:39", "elapsed": 3426.766583, "delta": 0.004169}}
{"target": -17.67722075212245, "params": {"gamma": 68.10652884503813, "log10_alpha": -5.0, "log10_colsample_bytree": -1.0, "log10_eta": -4.0, "log10_lambda": -5.0, "log10_min_child_weight": 0.0, "log10_subsample": -0.9405138249839288, "max_depth": 2.0, "num_boost_round": 7.0}, "datetime": {"datetime": "2024-01-19 01:08:39", "elapsed": 3426.770819, "delta": 0.004236}}
{"target": -17.67721827603849, "params": {"gamma": 68.10652884503813, "log10_alpha": -5.0, "log10_colsample_bytree": -1.0, "log10_eta": -4.0, "log10_lambda": -5.0, "log10_min_child_weight": 0.0, "log10_subsample": -0.9405138249839288, "max_depth": 2.0, "num_boost_round": 8.0}, "datetime": {"datetime": "2024-01-19 01:08:39", "elapsed": 3426.77499, "delta": 0.004171}}
{"target": -17.677216565868015, "params": {"gamma": 68.10652884503813, "log10_alpha": -5.0, "log10_colsample_bytree": -1.0, "log10_eta": -4.0, "log10_lambda": -5.0, "log10_min_child_weight": 0.0, "log10_subsample": -0.9405138249839288, "max_depth": 2.0, "num_boost_round": 9.0}, "datetime": {"datetime": "2024-01-19 01:08:39", "elapsed": 3426.779238, "delta": 0.004248}}
{"target": -17.67721552610974, "params": {"gamma": 68.10652884503813, "log10_alpha": -5.0, "log10_colsample_bytree": -1.0, "log10_eta": -4.0, "log10_lambda": -5.0, "log10_min_child_weight": 0.0, "log10_subsample": -0.9405138249839288, "max_depth": 2.0, "num_boost_round": 10.0}, "datetime": {"datetime": "2024-01-19 01:08:39", "elapsed": 3426.904862, "delta": 0.125624}}
{"target": -17.67721375901823, "params": {"gamma": 68.10652884503813, "log10_alpha": -5.0, "log10_colsample_bytree": -1.0, "log10_eta": -4.0, "log10_lambda": -5.0, "log10_min_child_weight": 0.0, "log10_subsample": -0.9405138249839288, "max_depth": 2.0, "num_boost_round": 11.0}, "datetime": {"datetime": "2024-01-19 01:08:39", "elapsed": 3426.909845, "delta": 0.004983}}
{"target": -17.677213191992227, "params": {"gamma": 68.10652884503813, "log10_alpha": -5.0, "log10_colsample_bytree": -1.0, "log10_eta": -4.0, "log10_lambda": -5.0, "log10_min_child_weight": 0.0, "log10_subsample": -0.9405138249839288, "max_depth": 2.0, "num_boost_round": 12.0}, "datetime": {"datetime": "2024-01-19 01:08:39", "elapsed": 3426.914879, "delta": 0.005034}}
{"target": -17.67721178296881, "params": {"gamma": 68.10652884503813, "log10_alpha": -5.0, "log10_colsample_bytree": -1.0, "log10_eta": -4.0, "log10_lambda": -5.0, "log10_min_child_weight": 0.0, "log10_subsample": -0.9405138249839288, "max_depth": 2.0, "num_boost_round": 13.0}, "datetime": {"datetime": "2024-01-19 01:08:39", "elapsed": 3426.919554, "delta": 0.004675}}
{"target": -17.67721061701946, "params": {"gamma": 68.10652884503813, "log10_alpha": -5.0, "log10_colsample_bytree": -1.0, "log10_eta": -4.0, "log10_lambda": -5.0, "log10_min_child_weight": 0.0, "log10_subsample": -0.9405138249839288, "max_depth": 2.0, "num_boost_round": 14.0}, "datetime": {"datetime": "2024-01-19 01:08:39", "elapsed": 3426.928298, "delta": 0.008744}}
{"target": -17.67720926882074, "params": {"gamma": 68.10652884503813, "log10_alpha": -5.0, "log10_colsample_bytree": -1.0, "log10_eta": -4.0, "log10_lambda": -5.0, "log10_min_child_weight": 0.0, "log10_subsample": -0.9405138249839288, "max_depth": 2.0, "num_boost_round": 15.0}, "datetime": {"datetime": "2024-01-19 01:08:39", "elapsed": 3426.933133, "delta": 0.004835}}
{"target": -17.67720514831446, "params": {"gamma": 68.10652884503813, "log10_alpha": -5.0, "log10_colsample_bytree": -1.0, "log10_eta": -4.0, "log10_lambda": -5.0, "log10_min_child_weight": 0.0, "log10_subsample": -0.9405138249839288, "max_depth": 2.0, "num_boost_round": 16.0}, "datetime": {"datetime": "2024-01-19 01:08:39", "elapsed": 3426.937792, "delta": 0.004659}}
{"target": -17.677205064643836, "params": {"gamma": 68.10652884503813, "log10_alpha": -5.0, "log10_colsample_bytree": -1.0, "log10_eta": -4.0, "log10_lambda": -5.0, "log10_min_child_weight": 0.0, "log10_subsample": -0.9405138249839288, "max_depth": 2.0, "num_boost_round": 17.0}, "datetime": {"datetime": "2024-01-19 01:08:39", "elapsed": 3426.942209, "delta": 0.004417}}
{"target": -17.67720332186686, "params": {"gamma": 68.10652884503813, "log10_alpha": -5.0, "log10_colsample_bytree": -1.0, "log10_eta": -4.0, "log10_lambda": -5.0, "log10_min_child_weight": 0.0, "log10_subsample": -0.9405138249839288, "max_depth": 2.0, "num_boost_round": 18.0}, "datetime": {"datetime": "2024-01-19 01:08:39", "elapsed": 3426.946544, "delta": 0.004335}}
{"target": -17.677202748664744, "params": {"gamma": 68.10652884503813, "log10_alpha": -5.0, "log10_colsample_bytree": -1.0, "log10_eta": -4.0, "log10_lambda": -5.0, "log10_min_child_weight": 0.0, "log10_subsample": -0.9405138249839288, "max_depth": 2.0, "num_boost_round": 19.0}, "datetime": {"datetime": "2024-01-19 01:08:39", "elapsed": 3426.950888, "delta": 0.004344}}
{"target": -17.677202307320602, "params": {"gamma": 68.10652884503813, "log10_alpha": -5.0, "log10_colsample_bytree": -1.0, "log10_eta": -4.0, "log10_lambda": -5.0, "log10_min_child_weight": 0.0, "log10_subsample": -0.9405138249839288, "max_depth": 2.0, "num_boost_round": 20.0}, "datetime": {"datetime": "2024-01-19 01:08:39", "elapsed": 3426.95509, "delta": 0.004202}}
{"target": -17.677198611121266, "params": {"gamma": 68.10652884503813, "log10_alpha": -5.0, "log10_colsample_bytree": -1.0, "log10_eta": -4.0, "log10_lambda": -5.0, "log10_min_child_weight": 0.0, "log10_subsample": -0.9405138249839288, "max_depth": 2.0, "num_boost_round": 21.0}, "datetime": {"datetime": "2024-01-19 01:08:39", "elapsed": 3426.959529, "delta": 0.004439}}
{"target": -17.677196526290754, "params": {"gamma": 68.10652884503813, "log10_alpha": -5.0, "log10_colsample_bytree": -1.0, "log10_eta": -4.0, "log10_lambda": -5.0, "log10_min_child_weight": 0.0, "log10_subsample": -0.9405138249839288, "max_depth": 2.0, "num_boost_round": 22.0}, "datetime": {"datetime": "2024-01-19 01:08:39", "elapsed": 3426.963951, "delta": 0.004422}}
{"target": -17.677192252781428, "params": {"gamma": 68.10652884503813, "log10_alpha": -5.0, "log10_colsample_bytree": -1.0, "log10_eta": -4.0, "log10_lambda": -5.0, "log10_min_child_weight": 0.0, "log10_subsample": -0.9405138249839288, "max_depth": 2.0, "num_boost_round": 23.0}, "datetime": {"datetime": "2024-01-19 01:08:39", "elapsed": 3426.968404, "delta": 0.004453}}
{"target": -17.67719207641776, "params": {"gamma": 68.10652884503813, "log10_alpha": -5.0, "log10_colsample_bytree": -1.0, "log10_eta": -4.0, "log10_lambda": -5.0, "log10_min_child_weight": 0.0, "log10_subsample": -0.9405138249839288, "max_depth": 2.0, "num_boost_round": 24.0}, "datetime": {"datetime": "2024-01-19 01:08:39", "elapsed": 3426.972903, "delta": 0.004499}}
{"target": -17.67718958090367, "params": {"gamma": 68.10652884503813, "log10_alpha": -5.0, "log10_colsample_bytree": -1.0, "log10_eta": -4.0, "log10_lambda": -5.0, "log10_min_child_weight": 0.0, "log10_subsample": -0.9405138249839288, "max_depth": 2.0, "num_boost_round": 25.0}, "datetime": {"datetime": "2024-01-19 01:08:39", "elapsed": 3426.977682, "delta": 0.004779}}
{"target": -17.677188689036967, "params": {"gamma": 68.10652884503813, "log10_alpha": -5.0, "log10_colsample_bytree": -1.0, "log10_eta": -4.0, "log10_lambda": -5.0, "log10_min_child_weight": 0.0, "log10_subsample": -0.9405138249839288, "max_depth": 2.0, "num_boost_round": 26.0}, "datetime": {"datetime": "2024-01-19 01:08:39", "elapsed": 3426.983207, "delta": 0.005525}}
{"target": -17.677186652371716, "params": {"gamma": 68.10652884503813, "log10_alpha": -5.0, "log10_colsample_bytree": -1.0, "log10_eta": -4.0, "log10_lambda": -5.0, "log10_min_child_weight": 0.0, "log10_subsample": -0.9405138249839288, "max_depth": 2.0, "num_boost_round": 27.0}, "datetime": {"datetime": "2024-01-19 01:08:39", "elapsed": 3426.988333, "delta": 0.005126}}
{"target": -17.67718585752302, "params": {"gamma": 68.10652884503813, "log10_alpha": -5.0, "log10_colsample_bytree": -1.0, "log10_eta": -4.0, "log10_lambda": -5.0, "log10_min_child_weight": 0.0, "log10_subsample": -0.9405138249839288, "max_depth": 2.0, "num_boost_round": 28.0}, "datetime": {"datetime": "2024-01-19 01:08:39", "elapsed": 3426.993023, "delta": 0.00469}}
{"target": -17.67718260603407, "params": {"gamma": 68.10652884503813, "log10_alpha": -5.0, "log10_colsample_bytree": -1.0, "log10_eta": -4.0, "log10_lambda": -5.0, "log10_min_child_weight": 0.0, "log10_subsample": -0.9405138249839288, "max_depth": 2.0, "num_boost_round": 29.0}, "datetime": {"datetime": "2024-01-19 01:08:39", "elapsed": 3426.99752, "delta": 0.004497}}
{"target": -17.67717984684806, "params": {"gamma": 68.10652884503813, "log10_alpha": -5.0, "log10_colsample_bytree": -1.0, "log10_eta": -4.0, "log10_lambda": -5.0, "log10_min_child_weight": 0.0, "log10_subsample": -0.9405138249839288, "max_depth": 2.0, "num_boost_round": 30.0}, "datetime": {"datetime": "2024-01-19 01:08:39", "elapsed": 3427.001903, "delta": 0.004383}}
{"target": -17.677177531052, "params": {"gamma": 68.10652884503813, "log10_alpha": -5.0, "log10_colsample_bytree": -1.0, "log10_eta": -4.0, "log10_lambda": -5.0, "log10_min_child_weight": 0.0, "log10_subsample": -0.9405138249839288, "max_depth": 2.0, "num_boost_round": 31.0}, "datetime": {"datetime": "2024-01-19 01:08:39", "elapsed": 3427.006409, "delta": 0.004506}}
{"target": -17.677176091730924, "params": {"gamma": 68.10652884503813, "log10_alpha": -5.0, "log10_colsample_bytree": -1.0, "log10_eta": -4.0, "log10_lambda": -5.0, "log10_min_child_weight": 0.0, "log10_subsample": -0.9405138249839288, "max_depth": 2.0, "num_boost_round": 32.0}, "datetime": {"datetime": "2024-01-19 01:08:39", "elapsed": 3427.010847, "delta": 0.004438}}
{"target": -17.677172071812315, "params": {"gamma": 68.10652884503813, "log10_alpha": -5.0, "log10_colsample_bytree": -1.0, "log10_eta": -4.0, "log10_lambda": -5.0, "log10_min_child_weight": 0.0, "log10_subsample": -0.9405138249839288, "max_depth": 2.0, "num_boost_round": 33.0}, "datetime": {"datetime": "2024-01-19 01:08:39", "elapsed": 3427.015232, "delta": 0.004385}}
{"target": -17.677169964348124, "params": {"gamma": 68.10652884503813, "log10_alpha": -5.0, "log10_colsample_bytree": -1.0, "log10_eta": -4.0, "log10_lambda": -5.0, "log10_min_child_weight": 0.0, "log10_subsample": -0.9405138249839288, "max_depth": 2.0, "num_boost_round": 34.0}, "datetime": {"datetime": "2024-01-19 01:08:39", "elapsed": 3427.019787, "delta": 0.004555}}
{"target": -17.677168206459783, "params": {"gamma": 68.10652884503813, "log10_alpha": -5.0, "log10_colsample_bytree": -1.0, "log10_eta": -4.0, "log10_lambda": -5.0, "log10_min_child_weight": 0.0, "log10_subsample": -0.9405138249839288, "max_depth": 2.0, "num_boost_round": 35.0}, "datetime": {"datetime": "2024-01-19 01:08:39", "elapsed": 3427.0243, "delta": 0.004513}}
{"target": -17.677165749058453, "params": {"gamma": 68.10652884503813, "log10_alpha": -5.0, "log10_colsample_bytree": -1.0, "log10_eta": -4.0, "log10_lambda": -5.0, "log10_min_child_weight": 0.0, "log10_subsample": -0.9405138249839288, "max_depth": 2.0, "num_boost_round": 36.0}, "datetime": {"datetime": "2024-01-19 01:08:39", "elapsed": 3427.028756, "delta": 0.004456}}
{"target": -17.67716537507006, "params": {"gamma": 68.10652884503813, "log10_alpha": -5.0, "log10_colsample_bytree": -1.0, "log10_eta": -4.0, "log10_lambda": -5.0, "log10_min_child_weight": 0.0, "log10_subsample": -0.9405138249839288, "max_depth": 2.0, "num_boost_round": 37.0}, "datetime": {"datetime": "2024-01-19 01:08:39", "elapsed": 3427.033457, "delta": 0.004701}}
{"target": -17.677163515031467, "params": {"gamma": 68.10652884503813, "log10_alpha": -5.0, "log10_colsample_bytree": -1.0, "log10_eta": -4.0, "log10_lambda": -5.0, "log10_min_child_weight": 0.0, "log10_subsample": -0.9405138249839288, "max_depth": 2.0, "num_boost_round": 38.0}, "datetime": {"datetime": "2024-01-19 01:08:39", "elapsed": 3427.037945, "delta": 0.004488}}
{"target": -17.677161924636327, "params": {"gamma": 68.10652884503813, "log10_alpha": -5.0, "log10_colsample_bytree": -1.0, "log10_eta": -4.0, "log10_lambda": -5.0, "log10_min_child_weight": 0.0, "log10_subsample": -0.9405138249839288, "max_depth": 2.0, "num_boost_round": 39.0}, "datetime": {"datetime": "2024-01-19 01:08:39", "elapsed": 3427.04235, "delta": 0.004405}}
{"target": -17.6771595617624, "params": {"gamma": 68.10652884503813, "log10_alpha": -5.0, "log10_colsample_bytree": -1.0, "log10_eta": -4.0, "log10_lambda": -5.0, "log10_min_child_weight": 0.0, "log10_subsample": -0.9405138249839288, "max_depth": 2.0, "num_boost_round": 40.0}, "datetime": {"datetime": "2024-01-19 01:08:39", "elapsed": 3427.04684, "delta": 0.00449}}
{"target": -17.67715749973147, "params": {"gamma": 68.10652884503813, "log10_alpha": -5.0, "log10_colsample_bytree": -1.0, "log10_eta": -4.0, "log10_lambda": -5.0, "log10_min_child_weight": 0.0, "log10_subsample": -0.9405138249839288, "max_depth": 2.0, "num_boost_round": 41.0}, "datetime": {"datetime": "2024-01-19 01:08:39", "elapsed": 3427.051307, "delta": 0.004467}}
{"target": -17.677155519359673, "params": {"gamma": 68.10652884503813, "log10_alpha": -5.0, "log10_colsample_bytree": -1.0, "log10_eta": -4.0, "log10_lambda": -5.0, "log10_min_child_weight": 0.0, "log10_subsample": -0.9405138249839288, "max_depth": 2.0, "num_boost_round": 42.0}, "datetime": {"datetime": "2024-01-19 01:08:39", "elapsed": 3427.055701, "delta": 0.004394}}
{"target": -17.677153193276244, "params": {"gamma": 68.10652884503813, "log10_alpha": -5.0, "log10_colsample_bytree": -1.0, "log10_eta": -4.0, "log10_lambda": -5.0, "log10_min_child_weight": 0.0, "log10_subsample": -0.9405138249839288, "max_depth": 2.0, "num_boost_round": 43.0}, "datetime": {"datetime": "2024-01-19 01:08:39", "elapsed": 3427.060197, "delta": 0.004496}}
{"target": -17.67715258799933, "params": {"gamma": 68.10652884503813, "log10_alpha": -5.0, "log10_colsample_bytree": -1.0, "log10_eta": -4.0, "log10_lambda": -5.0, "log10_min_child_weight": 0.0, "log10_subsample": -0.9405138249839288, "max_depth": 2.0, "num_boost_round": 44.0}, "datetime": {"datetime": "2024-01-19 01:08:39", "elapsed": 3427.064618, "delta": 0.004421}}
{"target": -17.677151271110652, "params": {"gamma": 68.10652884503813, "log10_alpha": -5.0, "log10_colsample_bytree": -1.0, "log10_eta": -4.0, "log10_lambda": -5.0, "log10_min_child_weight": 0.0, "log10_subsample": -0.9405138249839288, "max_depth": 2.0, "num_boost_round": 45.0}, "datetime": {"datetime": "2024-01-19 01:08:39", "elapsed": 3427.069068, "delta": 0.00445}}
{"target": -17.677150231542814, "params": {"gamma": 68.10652884503813, "log10_alpha": -5.0, "log10_colsample_bytree": -1.0, "log10_eta": -4.0, "log10_lambda": -5.0, "log10_min_child_weight": 0.0, "log10_subsample": -0.9405138249839288, "max_depth": 2.0, "num_boost_round": 46.0}, "datetime": {"datetime": "2024-01-19 01:08:39", "elapsed": 3427.073579, "delta": 0.004511}}
{"target": -17.677149121054324, "params": {"gamma": 68.10652884503813, "log10_alpha": -5.0, "log10_colsample_bytree": -1.0, "log10_eta": -4.0, "log10_lambda": -5.0, "log10_min_child_weight": 0.0, "log10_subsample": -0.9405138249839288, "max_depth": 2.0, "num_boost_round": 47.0}, "datetime": {"datetime": "2024-01-19 01:08:39", "elapsed": 3427.077976, "delta": 0.004397}}
{"target": -17.676638739189197, "params": {"gamma": 59.31754156234126, "log10_alpha": -0.6409448430474534, "log10_colsample_bytree": -0.11390015767875039, "log10_eta": -1.8988260292989856, "log10_lambda": -0.4099003854690988, "log10_min_child_weight": 1.5261861040229474, "log10_subsample": -0.4753147892180899, "max_depth": 5.0, "num_boost_round": 0.0}, "datetime": {"datetime": "2024-01-19 01:09:54", "elapsed": 3502.172376, "delta": 75.0944}}
{"target": -17.676572423702485, "params": {"gamma": 59.31754156234126, "log10_alpha": -0.6409448430474534, "log10_colsample_bytree": -0.11390015767875039, "log10_eta": -1.8988260292989856, "log10_lambda": -0.4099003854690988, "log10_min_child_weight": 1.5261861040229474, "log10_subsample": -0.4753147892180899, "max_depth": 5.0, "num_boost_round": 1.0}, "datetime": {"datetime": "2024-01-19 01:09:54", "elapsed": 3502.177816, "delta": 0.00544}}
{"target": -17.67647130778034, "params": {"gamma": 59.31754156234126, "log10_alpha": -0.6409448430474534, "log10_colsample_bytree": -0.11390015767875039, "log10_eta": -1.8988260292989856, "log10_lambda": -0.4099003854690988, "log10_min_child_weight": 1.5261861040229474, "log10_subsample": -0.4753147892180899, "max_depth": 5.0, "num_boost_round": 2.0}, "datetime": {"datetime": "2024-01-19 01:09:54", "elapsed": 3502.18276, "delta": 0.004944}}
{"target": -17.6765657762484, "params": {"gamma": 59.31754156234126, "log10_alpha": -0.6409448430474534, "log10_colsample_bytree": -0.11390015767875039, "log10_eta": -1.8988260292989856, "log10_lambda": -0.4099003854690988, "log10_min_child_weight": 1.5261861040229474, "log10_subsample": -0.4753147892180899, "max_depth": 5.0, "num_boost_round": 3.0}, "datetime": {"datetime": "2024-01-19 01:09:54", "elapsed": 3502.187143, "delta": 0.004383}}
{"target": -17.67620285562078, "params": {"gamma": 59.31754156234126, "log10_alpha": -0.6409448430474534, "log10_colsample_bytree": -0.11390015767875039, "log10_eta": -1.8988260292989856, "log10_lambda": -0.4099003854690988, "log10_min_child_weight": 1.5261861040229474, "log10_subsample": -0.4753147892180899, "max_depth": 5.0, "num_boost_round": 4.0}, "datetime": {"datetime": "2024-01-19 01:09:54", "elapsed": 3502.191692, "delta": 0.004549}}
{"target": -17.675852736321108, "params": {"gamma": 59.31754156234126, "log10_alpha": -0.6409448430474534, "log10_colsample_bytree": -0.11390015767875039, "log10_eta": -1.8988260292989856, "log10_lambda": -0.4099003854690988, "log10_min_child_weight": 1.5261861040229474, "log10_subsample": -0.4753147892180899, "max_depth": 5.0, "num_boost_round": 5.0}, "datetime": {"datetime": "2024-01-19 01:09:54", "elapsed": 3502.196067, "delta": 0.004375}}
{"target": -17.67566769887884, "params": {"gamma": 59.31754156234126, "log10_alpha": -0.6409448430474534, "log10_colsample_bytree": -0.11390015767875039, "log10_eta": -1.8988260292989856, "log10_lambda": -0.4099003854690988, "log10_min_child_weight": 1.5261861040229474, "log10_subsample": -0.4753147892180899, "max_depth": 5.0, "num_boost_round": 6.0}, "datetime": {"datetime": "2024-01-19 01:09:54", "elapsed": 3502.200553, "delta": 0.004486}}
{"target": -17.675405270458043, "params": {"gamma": 59.31754156234126, "log10_alpha": -0.6409448430474534, "log10_colsample_bytree": -0.11390015767875039, "log10_eta": -1.8988260292989856, "log10_lambda": -0.4099003854690988, "log10_min_child_weight": 1.5261861040229474, "log10_subsample": -0.4753147892180899, "max_depth": 5.0, "num_boost_round": 7.0}, "datetime": {"datetime": "2024-01-19 01:09:54", "elapsed": 3502.204849, "delta": 0.004296}}
{"target": -17.675093779963543, "params": {"gamma": 59.31754156234126, "log10_alpha": -0.6409448430474534, "log10_colsample_bytree": -0.11390015767875039, "log10_eta": -1.8988260292989856, "log10_lambda": -0.4099003854690988, "log10_min_child_weight": 1.5261861040229474, "log10_subsample": -0.4753147892180899, "max_depth": 5.0, "num_boost_round": 8.0}, "datetime": {"datetime": "2024-01-19 01:09:54", "elapsed": 3502.209319, "delta": 0.00447}}
{"target": -17.674881701208694, "params": {"gamma": 59.31754156234126, "log10_alpha": -0.6409448430474534, "log10_colsample_bytree": -0.11390015767875039, "log10_eta": -1.8988260292989856, "log10_lambda": -0.4099003854690988, "log10_min_child_weight": 1.5261861040229474, "log10_subsample": -0.4753147892180899, "max_depth": 5.0, "num_boost_round": 9.0}, "datetime": {"datetime": "2024-01-19 01:09:54", "elapsed": 3502.21364, "delta": 0.004321}}
{"target": -17.67480520220934, "params": {"gamma": 59.31754156234126, "log10_alpha": -0.6409448430474534, "log10_colsample_bytree": -0.11390015767875039, "log10_eta": -1.8988260292989856, "log10_lambda": -0.4099003854690988, "log10_min_child_weight": 1.5261861040229474, "log10_subsample": -0.4753147892180899, "max_depth": 5.0, "num_boost_round": 10.0}, "datetime": {"datetime": "2024-01-19 01:09:54", "elapsed": 3502.218004, "delta": 0.004364}}
