{"target": -17.67680427324744, "params": {"gamma": 180.7455609680684, "log10_alpha": -2.718605688233927, "log10_colsample_bytree": -0.9423823130087536, "log10_eta": -1.8347175413219285, "log10_lambda": -3.6169402655566625, "log10_min_child_weight": 4.291139973965209, "log10_subsample": -0.8620258341841962, "max_depth": 8.0, "num_boost_round": 11.0}, "datetime": {"datetime": "2024-01-19 00:22:03", "elapsed": 607.757364, "delta": 0.000952}}
{"target": -17.676624433677084, "params": {"gamma": 180.7455609680684, "log10_alpha": -2.718605688233927, "log10_colsample_bytree": -0.9423823130087536, "log10_eta": -1.8347175413219285, "log10_lambda": -3.6169402655566625, "log10_min_child_weight": 4.291139973965209, "log10_subsample": -0.8620258341841962, "max_depth": 8.0, "num_boost_round": 12.0}, "datetime": {"datetime": "2024-01-19 00:22:03", "elapsed": 607.758412, "delta": 0.001048}}
{"target": -17.67646314324063, "params": {"gamma": 180.7455609680684, "log10_alpha": -2.718605688233927, "log10_colsample_bytree": -0.9423823130087536, "log10_eta": -1.8347175413219285, "log10_lambda": -3.6169402655566625, "log10_min_child_weight": 4.291139973965209, "log10_subsample": -0.8620258341841962, "max_depth": 8.0, "num_boost_round": 13.0}, "datetime": {"datetime": "2024-01-19 00:22:03", "elapsed": 607.75935, "delta": 0.000938}}
{"target": -17.67653978039449, "params": {"gamma": 180.7455609680684, "log10_alpha": -2.718605688233927, "log10_colsample_bytree": -0.9423823130087536, "log10_eta": -1.8347175413219285, "log10_lambda": -3.6169402655566625, "log10_min_child_weight": 4.291139973965209, "log10_subsample": -0.8620258341841962, "max_depth": 8.0, "num_boost_round": 14.0}, "datetime": {"datetime": "2024-01-19 00:22:03", "elapsed": 607.760283, "delta": 0.000933}}
{"target": -17.67642764172008, "params": {"gamma": 180.7455609680684, "log10_alpha": -2.718605688233927, "log10_colsample_bytree": -0.9423823130087536, "log10_eta": -1.8347175413219285, "log10_lambda": -3.6169402655566625, "log10_min_child_weight": 4.291139973965209, "log10_subsample": -0.8620258341841962, "max_depth": 8.0, "num_boost_round": 15.0}, "datetime": {"datetime": "2024-01-19 00:22:03", "elapsed": 607.761229, "delta": 0.000946}}
{"target": -17.676372708661617, "params": {"gamma": 180.7455609680684, "log10_alpha": -2.718605688233927, "log10_colsample_bytree": -0.9423823130087536, "log10_eta": -1.8347175413219285, "log10_lambda": -3.6169402655566625, "log10_min_child_weight": 4.291139973965209, "log10_subsample": -0.8620258341841962, "max_depth": 8.0, "num_boost_round": 16.0}, "datetime": {"datetime": "2024-01-19 00:22:03", "elapsed": 607.762187, "delta": 0.000958}}
{"target": -17.676401747549182, "params": {"gamma": 180.7455609680684, "log10_alpha": -2.718605688233927, "log10_colsample_bytree": -0.9423823130087536, "log10_eta": -1.8347175413219285, "log10_lambda": -3.6169402655566625, "log10_min_child_weight": 4.291139973965209, "log10_subsample": -0.8620258341841962, "max_depth": 8.0, "num_boost_round": 17.0}, "datetime": {"datetime": "2024-01-19 00:22:03", "elapsed": 607.763123, "delta": 0.000936}}
{"target": -17.67626613095457, "params": {"gamma": 180.7455609680684, "log10_alpha": -2.718605688233927, "log10_colsample_bytree": -0.9423823130087536, "log10_eta": -1.8347175413219285, "log10_lambda": -3.6169402655566625, "log10_min_child_weight": 4.291139973965209, "log10_subsample": -0.8620258341841962, "max_depth": 8.0, "num_boost_round": 18.0}, "datetime": {"datetime": "2024-01-19 00:22:03", "elapsed": 607.76409, "delta": 0.000967}}
{"target": -17.676082129244243, "params": {"gamma": 180.7455609680684, "log10_alpha": -2.718605688233927, "log10_colsample_bytree": -0.9423823130087536, "log10_eta": -1.8347175413219285, "log10_lambda": -3.6169402655566625, "log10_min_child_weight": 4.291139973965209, "log10_subsample": -0.8620258341841962, "max_depth": 8.0, "num_boost_round": 19.0}, "datetime": {"datetime": "2024-01-19 00:22:03", "elapsed": 607.765034, "delta": 0.000944}}
{"target": -17.67610434024977, "params": {"gamma": 180.7455609680684, "log10_alpha": -2.718605688233927, "log10_colsample_bytree": -0.9423823130087536, "log10_eta": -1.8347175413219285, "log10_lambda": -3.6169402655566625, "log10_min_child_weight": 4.291139973965209, "log10_subsample": -0.8620258341841962, "max_depth": 8.0, "num_boost_round": 20.0}, "datetime": {"datetime": "2024-01-19 00:22:03", "elapsed": 607.765978, "delta": 0.000944}}
{"target": -17.676053410222426, "params": {"gamma": 180.7455609680684, "log10_alpha": -2.718605688233927, "log10_colsample_bytree": -0.9423823130087536, "log10_eta": -1.8347175413219285, "log10_lambda": -3.6169402655566625, "log10_min_child_weight": 4.291139973965209, "log10_subsample": -0.8620258341841962, "max_depth": 8.0, "num_boost_round": 21.0}, "datetime": {"datetime": "2024-01-19 00:22:03", "elapsed": 607.767041, "delta": 0.001063}}
{"target": -17.676041218307763, "params": {"gamma": 180.7455609680684, "log10_alpha": -2.718605688233927, "log10_colsample_bytree": -0.9423823130087536, "log10_eta": -1.8347175413219285, "log10_lambda": -3.6169402655566625, "log10_min_child_weight": 4.291139973965209, "log10_subsample": -0.8620258341841962, "max_depth": 8.0, "num_boost_round": 22.0}, "datetime": {"datetime": "2024-01-19 00:22:03", "elapsed": 607.768005, "delta": 0.000964}}
{"target": -17.67601306830018, "params": {"gamma": 180.7455609680684, "log10_alpha": -2.718605688233927, "log10_colsample_bytree": -0.9423823130087536, "log10_eta": -1.8347175413219285, "log10_lambda": -3.6169402655566625, "log10_min_child_weight": 4.291139973965209, "log10_subsample": -0.8620258341841962, "max_depth": 8.0, "num_boost_round": 23.0}, "datetime": {"datetime": "2024-01-19 00:22:03", "elapsed": 607.768976, "delta": 0.000971}}
{"target": -17.676075813639798, "params": {"gamma": 180.7455609680684, "log10_alpha": -2.718605688233927, "log10_colsample_bytree": -0.9423823130087536, "log10_eta": -1.8347175413219285, "log10_lambda": -3.6169402655566625, "log10_min_child_weight": 4.291139973965209, "log10_subsample": -0.8620258341841962, "max_depth": 8.0, "num_boost_round": 24.0}, "datetime": {"datetime": "2024-01-19 00:22:03", "elapsed": 607.769928, "delta": 0.000952}}
{"target": -17.6759494224792, "params": {"gamma": 180.7455609680684, "log10_alpha": -2.718605688233927, "log10_colsample_bytree": -0.9423823130087536, "log10_eta": -1.8347175413219285, "log10_lambda": -3.6169402655566625, "log10_min_child_weight": 4.291139973965209, "log10_subsample": -0.8620258341841962, "max_depth": 8.0, "num_boost_round": 25.0}, "datetime": {"datetime": "2024-01-19 00:22:03", "elapsed": 607.770864, "delta": 0.000936}}
{"target": -17.675947295887557, "params": {"gamma": 180.7455609680684, "log10_alpha": -2.718605688233927, "log10_colsample_bytree": -0.9423823130087536, "log10_eta": -1.8347175413219285, "log10_lambda": -3.6169402655566625, "log10_min_child_weight": 4.291139973965209, "log10_subsample": -0.8620258341841962, "max_depth": 8.0, "num_boost_round": 26.0}, "datetime": {"datetime": "2024-01-19 00:22:03", "elapsed": 607.771808, "delta": 0.000944}}
{"target": -17.67580648870008, "params": {"gamma": 180.7455609680684, "log10_alpha": -2.718605688233927, "log10_colsample_bytree": -0.9423823130087536, "log10_eta": -1.8347175413219285, "log10_lambda": -3.6169402655566625, "log10_min_child_weight": 4.291139973965209, "log10_subsample": -0.8620258341841962, "max_depth": 8.0, "num_boost_round": 27.0}, "datetime": {"datetime": "2024-01-19 00:22:03", "elapsed": 607.772751, "delta": 0.000943}}
{"target": -17.675739995903186, "params": {"gamma": 180.7455609680684, "log10_alpha": -2.718605688233927, "log10_colsample_bytree": -0.9423823130087536, "log10_eta": -1.8347175413219285, "log10_lambda": -3.6169402655566625, "log10_min_child_weight": 4.291139973965209, "log10_subsample": -0.8620258341841962, "max_depth": 8.0, "num_boost_round": 28.0}, "datetime": {"datetime": "2024-01-19 00:22:03", "elapsed": 607.773691, "delta": 0.00094}}
{"target": -17.67564866630316, "params": {"gamma": 180.7455609680684, "log10_alpha": -2.718605688233927, "log10_colsample_bytree": -0.9423823130087536, "log10_eta": -1.8347175413219285, "log10_lambda": -3.6169402655566625, "log10_min_child_weight": 4.291139973965209, "log10_subsample": -0.8620258341841962, "max_depth": 8.0, "num_boost_round": 29.0}, "datetime": {"datetime": "2024-01-19 00:22:03", "elapsed": 607.774643, "delta": 0.000952}}
{"target": -17.675648613166963, "params": {"gamma": 180.7455609680684, "log10_alpha": -2.718605688233927, "log10_colsample_bytree": -0.9423823130087536, "log10_eta": -1.8347175413219285, "log10_lambda": -3.6169402655566625, "log10_min_child_weight": 4.291139973965209, "log10_subsample": -0.8620258341841962, "max_depth": 8.0, "num_boost_round": 30.0}, "datetime": {"datetime": "2024-01-19 00:22:03", "elapsed": 607.775602, "delta": 0.000959}}
{"target": -17.67569422490982, "params": {"gamma": 180.7455609680684, "log10_alpha": -2.718605688233927, "log10_colsample_bytree": -0.9423823130087536, "log10_eta": -1.8347175413219285, "log10_lambda": -3.6169402655566625, "log10_min_child_weight": 4.291139973965209, "log10_subsample": -0.8620258341841962, "max_depth": 8.0, "num_boost_round": 31.0}, "datetime": {"datetime": "2024-01-19 00:22:03", "elapsed": 607.776551, "delta": 0.000949}}
{"target": -17.67558179741344, "params": {"gamma": 180.7455609680684, "log10_alpha": -2.718605688233927, "log10_colsample_bytree": -0.9423823130087536, "log10_eta": -1.8347175413219285, "log10_lambda": -3.6169402655566625, "log10_min_child_weight": 4.291139973965209, "log10_subsample": -0.8620258341841962, "max_depth": 8.0, "num_boost_round": 32.0}, "datetime": {"datetime": "2024-01-19 00:22:03", "elapsed": 607.777507, "delta": 0.000956}}
{"target": -17.675538082040728, "params": {"gamma": 180.7455609680684, "log10_alpha": -2.718605688233927, "log10_colsample_bytree": -0.9423823130087536, "log10_eta": -1.8347175413219285, "log10_lambda": -3.6169402655566625, "log10_min_child_weight": 4.291139973965209, "log10_subsample": -0.8620258341841962, "max_depth": 8.0, "num_boost_round": 33.0}, "datetime": {"datetime": "2024-01-19 00:22:03", "elapsed": 607.77857, "delta": 0.001063}}
{"target": -17.675459443420593, "params": {"gamma": 180.7455609680684, "log10_alpha": -2.718605688233927, "log10_colsample_bytree": -0.9423823130087536, "log10_eta": -1.8347175413219285, "log10_lambda": -3.6169402655566625, "log10_min_child_weight": 4.291139973965209, "log10_subsample": -0.8620258341841962, "max_depth": 8.0, "num_boost_round": 34.0}, "datetime": {"datetime": "2024-01-19 00:22:03", "elapsed": 607.779534, "delta": 0.000964}}
{"target": -17.675473473007013, "params": {"gamma": 180.7455609680684, "log10_alpha": -2.718605688233927, "log10_colsample_bytree": -0.9423823130087536, "log10_eta": -1.8347175413219285, "log10_lambda": -3.6169402655566625, "log10_min_child_weight": 4.291139973965209, "log10_subsample": -0.8620258341841962, "max_depth": 8.0, "num_boost_round": 35.0}, "datetime": {"datetime": "2024-01-19 00:22:03", "elapsed": 607.780505, "delta": 0.000971}}
{"target": -17.67547302219959, "params": {"gamma": 180.7455609680684, "log10_alpha": -2.718605688233927, "log10_colsample_bytree": -0.9423823130087536, "log10_eta": -1.8347175413219285, "log10_lambda": -3.6169402655566625, "log10_min_child_weight": 4.291139973965209, "log10_subsample": -0.8620258341841962, "max_depth": 8.0, "num_boost_round": 36.0}, "datetime": {"datetime": "2024-01-19 00:22:03", "elapsed": 607.781476, "delta": 0.000971}}
{"target": -17.675473572833724, "params": {"gamma": 180.7455609680684, "log10_alpha": -2.718605688233927, "log10_colsample_bytree": -0.9423823130087536, "log10_eta": -1.8347175413219285, "log10_lambda": -3.6169402655566625, "log10_min_child_weight": 4.291139973965209, "log10_subsample": -0.8620258341841962, "max_depth": 8.0, "num_boost_round": 37.0}, "datetime": {"datetime": "2024-01-19 00:22:03", "elapsed": 607.782456, "delta": 0.00098}}
{"target": -17.67686156997805, "params": {"gamma": 182.28944410112956, "log10_alpha": -0.131377211185141, "log10_colsample_bytree": -0.40105977080410815, "log10_eta": -2.087106670697241, "log10_lambda": -3.796781322830449, "log10_min_child_weight": 1.8155480047333827, "log10_subsample": -0.889766317506728, "max_depth": 4.0, "num_boost_round": 0.0}, "datetime": {"datetime": "2024-01-19 00:22:35", "elapsed": 639.891083, "delta": 32.108627}}
{"target": -17.676507251247333, "params": {"gamma": 182.28944410112956, "log10_alpha": -0.131377211185141, "log10_colsample_bytree": -0.40105977080410815, "log10_eta": -2.087106670697241, "log10_lambda": -3.796781322830449, "log10_min_child_weight": 1.8155480047333827, "log10_subsample": -0.889766317506728, "max_depth": 4.0, "num_boost_round": 1.0}, "datetime": {"datetime": "2024-01-19 00:22:35", "elapsed": 639.892269, "delta": 0.001186}}
{"target": -17.676307509026266, "params": {"gamma": 182.28944410112956, "log10_alpha": -0.131377211185141, "log10_colsample_bytree": -0.40105977080410815, "log10_eta": -2.087106670697241, "log10_lambda": -3.796781322830449, "log10_min_child_weight": 1.8155480047333827, "log10_subsample": -0.889766317506728, "max_depth": 4.0, "num_boost_round": 2.0}, "datetime": {"datetime": "2024-01-19 00:22:35", "elapsed": 639.893323, "delta": 0.001054}}
{"target": -17.67613475358311, "params": {"gamma": 182.28944410112956, "log10_alpha": -0.131377211185141, "log10_colsample_bytree": -0.40105977080410815, "log10_eta": -2.087106670697241, "log10_lambda": -3.796781322830449, "log10_min_child_weight": 1.8155480047333827, "log10_subsample": -0.889766317506728, "max_depth": 4.0, "num_boost_round": 3.0}, "datetime": {"datetime": "2024-01-19 00:22:35", "elapsed": 639.894326, "delta": 0.001003}}
{"target": -17.67583163359061, "params": {"gamma": 182.28944410112956, "log10_alpha": -0.131377211185141, "log10_colsample_bytree": -0.40105977080410815, "log10_eta": -2.087106670697241, "log10_lambda": -3.796781322830449, "log10_min_child_weight": 1.8155480047333827, "log10_subsample": -0.889766317506728, "max_depth": 4.0, "num_boost_round": 4.0}, "datetime": {"datetime": "2024-01-19 00:22:35", "elapsed": 639.895766, "delta": 0.00144}}
{"target": -17.6756625793081, "params": {"gamma": 182.28944410112956, "log10_alpha": -0.131377211185141, "log10_colsample_bytree": -0.40105977080410815, "log10_eta": -2.087106670697241, "log10_lambda": -3.796781322830449, "log10_min_child_weight": 1.8155480047333827, "log10_subsample": -0.889766317506728, "max_depth": 4.0, "num_boost_round": 5.0}, "datetime": {"datetime": "2024-01-19 00:22:35", "elapsed": 639.896804, "delta": 0.001038}}
{"target": -17.675577160431192, "params": {"gamma": 182.28944410112956, "log10_alpha": -0.131377211185141, "log10_colsample_bytree": -0.40105977080410815, "log10_eta": -2.087106670697241, "log10_lambda": -3.796781322830449, "log10_min_child_weight": 1.8155480047333827, "log10_subsample": -0.889766317506728, "max_depth": 4.0, "num_boost_round": 6.0}, "datetime": {"datetime": "2024-01-19 00:22:35", "elapsed": 639.897785, "delta": 0.000981}}
{"target": -17.6754180787813, "params": {"gamma": 182.28944410112956, "log10_alpha": -0.131377211185141, "log10_colsample_bytree": -0.40105977080410815, "log10_eta": -2.087106670697241, "log10_lambda": -3.796781322830449, "log10_min_child_weight": 1.8155480047333827, "log10_subsample": -0.889766317506728, "max_depth": 4.0, "num_boost_round": 7.0}, "datetime": {"datetime": "2024-01-19 00:22:35", "elapsed": 639.898767, "delta": 0.000982}}
{"target": -17.67517151654514, "params": {"gamma": 182.28944410112956, "log10_alpha": -0.131377211185141, "log10_colsample_bytree": -0.40105977080410815, "log10_eta": -2.087106670697241, "log10_lambda": -3.796781322830449, "log10_min_child_weight": 1.8155480047333827, "log10_subsample": -0.889766317506728, "max_depth": 4.0, "num_boost_round": 8.0}, "datetime": {"datetime": "2024-01-19 00:22:35", "elapsed": 639.899756, "delta": 0.000989}}
{"target": -17.67483530113571, "params": {"gamma": 182.28944410112956, "log10_alpha": -0.131377211185141, "log10_colsample_bytree": -0.40105977080410815, "log10_eta": -2.087106670697241, "log10_lambda": -3.796781322830449, "log10_min_child_weight": 1.8155480047333827, "log10_subsample": -0.889766317506728, "max_depth": 4.0, "num_boost_round": 9.0}, "datetime": {"datetime": "2024-01-19 00:22:35", "elapsed": 639.900745, "delta": 0.000989}}
{"target": -17.674573043325367, "params": {"gamma": 182.28944410112956, "log10_alpha": -0.131377211185141, "log10_colsample_bytree": -0.40105977080410815, "log10_eta": -2.087106670697241, "log10_lambda": -3.796781322830449, "log10_min_child_weight": 1.8155480047333827, "log10_subsample": -0.889766317506728, "max_depth": 4.0, "num_boost_round": 10.0}, "datetime": {"datetime": "2024-01-19 00:22:35", "elapsed": 639.901741, "delta": 0.000996}}
{"target": -17.67463969197202, "params": {"gamma": 182.28944410112956, "log10_alpha": -0.131377211185141, "log10_colsample_bytree": -0.40105977080410815, "log10_eta": -2.087106670697241, "log10_lambda": -3.796781322830449, "log10_min_child_weight": 1.8155480047333827, "log10_subsample": -0.889766317506728, "max_depth": 4.0, "num_boost_round": 11.0}, "datetime": {"datetime": "2024-01-19 00:22:35", "elapsed": 639.902736, "delta": 0.000995}}
{"target": -17.674417654621394, "params": {"gamma": 182.28944410112956, "log10_alpha": -0.131377211185141, "log10_colsample_bytree": -0.40105977080410815, "log10_eta": -2.087106670697241, "log10_lambda": -3.796781322830449, "log10_min_child_weight": 1.8155480047333827, "log10_subsample": -0.889766317506728, "max_depth": 4.0, "num_boost_round": 12.0}, "datetime": {"datetime": "2024-01-19 00:22:35", "elapsed": 639.903755, "delta": 0.001019}}
{"target": -17.673931974269756, "params": {"gamma": 182.28944410112956, "log10_alpha": -0.131377211185141, "log10_colsample_bytree": -0.40105977080410815, "log10_eta": -2.087106670697241, "log10_lambda": -3.796781322830449, "log10_min_child_weight": 1.8155480047333827, "log10_subsample": -0.889766317506728, "max_depth": 4.0, "num_boost_round": 13.0}, "datetime": {"datetime": "2024-01-19 00:22:35", "elapsed": 639.905177, "delta": 0.001422}}
{"target": -17.67377758001139, "params": {"gamma": 182.28944410112956, "log10_alpha": -0.131377211185141, "log10_colsample_bytree": -0.40105977080410815, "log10_eta": -2.087106670697241, "log10_lambda": -3.796781322830449, "log10_min_child_weight": 1.8155480047333827, "log10_subsample": -0.889766317506728, "max_depth": 4.0, "num_boost_round": 14.0}, "datetime": {"datetime": "2024-01-19 00:22:35", "elapsed": 639.906815, "delta": 0.001638}}
{"target": -17.67349657285906, "params": {"gamma": 182.28944410112956, "log10_alpha": -0.131377211185141, "log10_colsample_bytree": -0.40105977080410815, "log10_eta": -2.087106670697241, "log10_lambda": -3.796781322830449, "log10_min_child_weight": 1.8155480047333827, "log10_subsample": -0.889766317506728, "max_depth": 4.0, "num_boost_round": 15.0}, "datetime": {"datetime": "2024-01-19 00:22:35", "elapsed": 639.90782, "delta": 0.001005}}
{"target": -17.673090598191383, "params": {"gamma": 182.28944410112956, "log10_alpha": -0.131377211185141, "log10_colsample_bytree": -0.40105977080410815, "log10_eta": -2.087106670697241, "log10_lambda": -3.796781322830449, "log10_min_child_weight": 1.8155480047333827, "log10_subsample": -0.889766317506728, "max_depth": 4.0, "num_boost_round": 16.0}, "datetime": {"datetime": "2024-01-19 00:22:35", "elapsed": 639.908867, "delta": 0.001047}}
{"target": -17.672999804068418, "params": {"gamma": 182.28944410112956, "log10_alpha": -0.131377211185141, "log10_colsample_bytree": -0.40105977080410815, "log10_eta": -2.087106670697241, "log10_lambda": -3.796781322830449, "log10_min_child_weight": 1.8155480047333827, "log10_subsample": -0.889766317506728, "max_depth": 4.0, "num_boost_round": 17.0}, "datetime": {"datetime": "2024-01-19 00:22:35", "elapsed": 639.909862, "delta": 0.000995}}
{"target": -17.67287425768412, "params": {"gamma": 182.28944410112956, "log10_alpha": -0.131377211185141, "log10_colsample_bytree": -0.40105977080410815, "log10_eta": -2.087106670697241, "log10_lambda": -3.796781322830449, "log10_min_child_weight": 1.8155480047333827, "log10_subsample": -0.889766317506728, "max_depth": 4.0, "num_boost_round": 18.0}, "datetime": {"datetime": "2024-01-19 00:22:35", "elapsed": 639.910863, "delta": 0.001001}}
{"target": -17.672311022240923, "params": {"gamma": 182.28944410112956, "log10_alpha": -0.131377211185141, "log10_colsample_bytree": -0.40105977080410815, "log10_eta": -2.087106670697241, "log10_lambda": -3.796781322830449, "log10_min_child_weight": 1.8155480047333827, "log10_subsample": -0.889766317506728, "max_depth": 4.0, "num_boost_round": 19.0}, "datetime": {"datetime": "2024-01-19 00:22:35", "elapsed": 639.91186, "delta": 0.000997}}
{"target": -17.67189928180292, "params": {"gamma": 182.28944410112956, "log10_alpha": -0.131377211185141, "log10_colsample_bytree": -0.40105977080410815, "log10_eta": -2.087106670697241, "log10_lambda": -3.796781322830449, "log10_min_child_weight": 1.8155480047333827, "log10_subsample": -0.889766317506728, "max_depth": 4.0, "num_boost_round": 20.0}, "datetime": {"datetime": "2024-01-19 00:22:35", "elapsed": 639.91285, "delta": 0.00099}}
{"target": -17.671782279962205, "params": {"gamma": 182.28944410112956, "log10_alpha": -0.131377211185141, "log10_colsample_bytree": -0.40105977080410815, "log10_eta": -2.087106670697241, "log10_lambda": -3.796781322830449, "log10_min_child_weight": 1.8155480047333827, "log10_subsample": -0.889766317506728, "max_depth": 4.0, "num_boost_round": 21.0}, "datetime": {"datetime": "2024-01-19 00:22:35", "elapsed": 639.913837, "delta": 0.000987}}
