{"target": -13.758476865257983, "params": {"gamma": 211.09751589445148, "log10_alpha": -4.196666003260986, "log10_colsample_bytree": -0.3182120937322941, "log10_eta": -3.7232599991451747, "log10_lambda": -3.772799133925698, "log10_min_child_weight": 0.12589919422410945, "log10_subsample": -0.7172820490563937, "max_depth": 5.0, "num_boost_round": 10.0}, "datetime": {"datetime": "2024-01-19 00:18:28", "elapsed": 415.763013, "delta": 0.000649}}
{"target": -13.758474708215957, "params": {"gamma": 211.09751589445148, "log10_alpha": -4.196666003260986, "log10_colsample_bytree": -0.3182120937322941, "log10_eta": -3.7232599991451747, "log10_lambda": -3.772799133925698, "log10_min_child_weight": 0.12589919422410945, "log10_subsample": -0.7172820490563937, "max_depth": 5.0, "num_boost_round": 11.0}, "datetime": {"datetime": "2024-01-19 00:18:28", "elapsed": 415.763677, "delta": 0.000664}}
{"target": -13.75846977461306, "params": {"gamma": 211.09751589445148, "log10_alpha": -4.196666003260986, "log10_colsample_bytree": -0.3182120937322941, "log10_eta": -3.7232599991451747, "log10_lambda": -3.772799133925698, "log10_min_child_weight": 0.12589919422410945, "log10_subsample": -0.7172820490563937, "max_depth": 5.0, "num_boost_round": 12.0}, "datetime": {"datetime": "2024-01-19 00:18:28", "elapsed": 415.764266, "delta": 0.000589}}
{"target": -13.758471445067263, "params": {"gamma": 211.09751589445148, "log10_alpha": -4.196666003260986, "log10_colsample_bytree": -0.3182120937322941, "log10_eta": -3.7232599991451747, "log10_lambda": -3.772799133925698, "log10_min_child_weight": 0.12589919422410945, "log10_subsample": -0.7172820490563937, "max_depth": 5.0, "num_boost_round": 13.0}, "datetime": {"datetime": "2024-01-19 00:18:28", "elapsed": 415.764961, "delta": 0.000695}}
{"target": -13.758461289148068, "params": {"gamma": 211.09751589445148, "log10_alpha": -4.196666003260986, "log10_colsample_bytree": -0.3182120937322941, "log10_eta": -3.7232599991451747, "log10_lambda": -3.772799133925698, "log10_min_child_weight": 0.12589919422410945, "log10_subsample": -0.7172820490563937, "max_depth": 5.0, "num_boost_round": 14.0}, "datetime": {"datetime": "2024-01-19 00:18:28", "elapsed": 415.765611, "delta": 0.00065}}
{"target": -13.758454009874846, "params": {"gamma": 211.09751589445148, "log10_alpha": -4.196666003260986, "log10_colsample_bytree": -0.3182120937322941, "log10_eta": -3.7232599991451747, "log10_lambda": -3.772799133925698, "log10_min_child_weight": 0.12589919422410945, "log10_subsample": -0.7172820490563937, "max_depth": 5.0, "num_boost_round": 15.0}, "datetime": {"datetime": "2024-01-19 00:18:28", "elapsed": 415.76621, "delta": 0.000599}}
{"target": -13.758444222959724, "params": {"gamma": 211.09751589445148, "log10_alpha": -4.196666003260986, "log10_colsample_bytree": -0.3182120937322941, "log10_eta": -3.7232599991451747, "log10_lambda": -3.772799133925698, "log10_min_child_weight": 0.12589919422410945, "log10_subsample": -0.7172820490563937, "max_depth": 5.0, "num_boost_round": 16.0}, "datetime": {"datetime": "2024-01-19 00:18:28", "elapsed": 415.766856, "delta": 0.000646}}
{"target": -13.758452640540371, "params": {"gamma": 211.09751589445148, "log10_alpha": -4.196666003260986, "log10_colsample_bytree": -0.3182120937322941, "log10_eta": -3.7232599991451747, "log10_lambda": -3.772799133925698, "log10_min_child_weight": 0.12589919422410945, "log10_subsample": -0.7172820490563937, "max_depth": 5.0, "num_boost_round": 17.0}, "datetime": {"datetime": "2024-01-19 00:18:28", "elapsed": 415.7675, "delta": 0.000644}}
{"target": -13.758448479647452, "params": {"gamma": 211.09751589445148, "log10_alpha": -4.196666003260986, "log10_colsample_bytree": -0.3182120937322941, "log10_eta": -3.7232599991451747, "log10_lambda": -3.772799133925698, "log10_min_child_weight": 0.12589919422410945, "log10_subsample": -0.7172820490563937, "max_depth": 5.0, "num_boost_round": 18.0}, "datetime": {"datetime": "2024-01-19 00:18:28", "elapsed": 415.768433, "delta": 0.000933}}
{"target": -13.796278799349453, "params": {"gamma": 194.23398182184403, "log10_alpha": -1.3130454555678632, "log10_colsample_bytree": -0.23082255333857848, "log10_eta": -0.010477318367519306, "log10_lambda": -0.03667141302719479, "log10_min_child_weight": 2.8832456319538817, "log10_subsample": -0.8663026590061402, "max_depth": 2.0, "num_boost_round": 0.0}, "datetime": {"datetime": "2024-01-19 00:18:46", "elapsed": 434.121917, "delta": 18.353484}}
{"target": -13.80234311507789, "params": {"gamma": 194.23398182184403, "log10_alpha": -1.3130454555678632, "log10_colsample_bytree": -0.23082255333857848, "log10_eta": -0.010477318367519306, "log10_lambda": -0.03667141302719479, "log10_min_child_weight": 2.8832456319538817, "log10_subsample": -0.8663026590061402, "max_depth": 2.0, "num_boost_round": 1.0}, "datetime": {"datetime": "2024-01-19 00:18:46", "elapsed": 434.123158, "delta": 0.001241}}
{"target": -13.798336308077113, "params": {"gamma": 194.23398182184403, "log10_alpha": -1.3130454555678632, "log10_colsample_bytree": -0.23082255333857848, "log10_eta": -0.010477318367519306, "log10_lambda": -0.03667141302719479, "log10_min_child_weight": 2.8832456319538817, "log10_subsample": -0.8663026590061402, "max_depth": 2.0, "num_boost_round": 2.0}, "datetime": {"datetime": "2024-01-19 00:18:46", "elapsed": 434.12399, "delta": 0.000832}}
{"target": -13.825452775594455, "params": {"gamma": 194.23398182184403, "log10_alpha": -1.3130454555678632, "log10_colsample_bytree": -0.23082255333857848, "log10_eta": -0.010477318367519306, "log10_lambda": -0.03667141302719479, "log10_min_child_weight": 2.8832456319538817, "log10_subsample": -0.8663026590061402, "max_depth": 2.0, "num_boost_round": 3.0}, "datetime": {"datetime": "2024-01-19 00:18:46", "elapsed": 434.124687, "delta": 0.000697}}
{"target": -13.834656135686375, "params": {"gamma": 194.23398182184403, "log10_alpha": -1.3130454555678632, "log10_colsample_bytree": -0.23082255333857848, "log10_eta": -0.010477318367519306, "log10_lambda": -0.03667141302719479, "log10_min_child_weight": 2.8832456319538817, "log10_subsample": -0.8663026590061402, "max_depth": 2.0, "num_boost_round": 4.0}, "datetime": {"datetime": "2024-01-19 00:18:46", "elapsed": 434.125474, "delta": 0.000787}}
{"target": -13.858644352759317, "params": {"gamma": 194.23398182184403, "log10_alpha": -1.3130454555678632, "log10_colsample_bytree": -0.23082255333857848, "log10_eta": -0.010477318367519306, "log10_lambda": -0.03667141302719479, "log10_min_child_weight": 2.8832456319538817, "log10_subsample": -0.8663026590061402, "max_depth": 2.0, "num_boost_round": 5.0}, "datetime": {"datetime": "2024-01-19 00:18:46", "elapsed": 434.126076, "delta": 0.000602}}
{"target": -13.859446803553645, "params": {"gamma": 194.23398182184403, "log10_alpha": -1.3130454555678632, "log10_colsample_bytree": -0.23082255333857848, "log10_eta": -0.010477318367519306, "log10_lambda": -0.03667141302719479, "log10_min_child_weight": 2.8832456319538817, "log10_subsample": -0.8663026590061402, "max_depth": 2.0, "num_boost_round": 6.0}, "datetime": {"datetime": "2024-01-19 00:18:46", "elapsed": 434.126738, "delta": 0.000662}}
{"target": -13.866583770250408, "params": {"gamma": 194.23398182184403, "log10_alpha": -1.3130454555678632, "log10_colsample_bytree": -0.23082255333857848, "log10_eta": -0.010477318367519306, "log10_lambda": -0.03667141302719479, "log10_min_child_weight": 2.8832456319538817, "log10_subsample": -0.8663026590061402, "max_depth": 2.0, "num_boost_round": 7.0}, "datetime": {"datetime": "2024-01-19 00:18:46", "elapsed": 434.127328, "delta": 0.00059}}
{"target": -14.050624254950034, "params": {"gamma": 194.23398182184403, "log10_alpha": -1.3130454555678632, "log10_colsample_bytree": -0.23082255333857848, "log10_eta": -0.010477318367519306, "log10_lambda": -0.03667141302719479, "log10_min_child_weight": 2.8832456319538817, "log10_subsample": -0.8663026590061402, "max_depth": 2.0, "num_boost_round": 8.0}, "datetime": {"datetime": "2024-01-19 00:18:46", "elapsed": 434.128011, "delta": 0.000683}}
{"target": -14.055671672760111, "params": {"gamma": 194.23398182184403, "log10_alpha": -1.3130454555678632, "log10_colsample_bytree": -0.23082255333857848, "log10_eta": -0.010477318367519306, "log10_lambda": -0.03667141302719479, "log10_min_child_weight": 2.8832456319538817, "log10_subsample": -0.8663026590061402, "max_depth": 2.0, "num_boost_round": 9.0}, "datetime": {"datetime": "2024-01-19 00:18:46", "elapsed": 434.128702, "delta": 0.000691}}
{"target": -14.055465281696954, "params": {"gamma": 194.23398182184403, "log10_alpha": -1.3130454555678632, "log10_colsample_bytree": -0.23082255333857848, "log10_eta": -0.010477318367519306, "log10_lambda": -0.03667141302719479, "log10_min_child_weight": 2.8832456319538817, "log10_subsample": -0.8663026590061402, "max_depth": 2.0, "num_boost_round": 10.0}, "datetime": {"datetime": "2024-01-19 00:18:46", "elapsed": 434.129292, "delta": 0.00059}}
{"target": -13.758536216329926, "params": {"gamma": 201.55776303707674, "log10_alpha": -4.2562496724740555, "log10_colsample_bytree": -0.9070835353721022, "log10_eta": -3.9615783093384622, "log10_lambda": -0.5823033681708285, "log10_min_child_weight": 3.471655462837969, "log10_subsample": -0.08902083785762971, "max_depth": 4.0, "num_boost_round": 0.0}, "datetime": {"datetime": "2024-01-19 00:19:05", "elapsed": 452.700717, "delta": 18.571425}}
{"target": -13.7585354033075, "params": {"gamma": 201.55776303707674, "log10_alpha": -4.2562496724740555, "log10_colsample_bytree": -0.9070835353721022, "log10_eta": -3.9615783093384622, "log10_lambda": -0.5823033681708285, "log10_min_child_weight": 3.471655462837969, "log10_subsample": -0.08902083785762971, "max_depth": 4.0, "num_boost_round": 1.0}, "datetime": {"datetime": "2024-01-19 00:19:05", "elapsed": 452.701914, "delta": 0.001197}}
{"target": -13.758535083849768, "params": {"gamma": 201.55776303707674, "log10_alpha": -4.2562496724740555, "log10_colsample_bytree": -0.9070835353721022, "log10_eta": -3.9615783093384622, "log10_lambda": -0.5823033681708285, "log10_min_child_weight": 3.471655462837969, "log10_subsample": -0.08902083785762971, "max_depth": 4.0, "num_boost_round": 2.0}, "datetime": {"datetime": "2024-01-19 00:19:05", "elapsed": 452.702657, "delta": 0.000743}}
{"target": -13.758533969453946, "params": {"gamma": 201.55776303707674, "log10_alpha": -4.2562496724740555, "log10_colsample_bytree": -0.9070835353721022, "log10_eta": -3.9615783093384622, "log10_lambda": -0.5823033681708285, "log10_min_child_weight": 3.471655462837969, "log10_subsample": -0.08902083785762971, "max_depth": 4.0, "num_boost_round": 3.0}, "datetime": {"datetime": "2024-01-19 00:19:05", "elapsed": 452.703353, "delta": 0.000696}}
{"target": -13.758531918293734, "params": {"gamma": 201.55776303707674, "log10_alpha": -4.2562496724740555, "log10_colsample_bytree": -0.9070835353721022, "log10_eta": -3.9615783093384622, "log10_lambda": -0.5823033681708285, "log10_min_child_weight": 3.471655462837969, "log10_subsample": -0.08902083785762971, "max_depth": 4.0, "num_boost_round": 4.0}, "datetime": {"datetime": "2024-01-19 00:19:05", "elapsed": 452.704163, "delta": 0.00081}}
{"target": -13.758531143648353, "params": {"gamma": 201.55776303707674, "log10_alpha": -4.2562496724740555, "log10_colsample_bytree": -0.9070835353721022, "log10_eta": -3.9615783093384622, "log10_lambda": -0.5823033681708285, "log10_min_child_weight": 3.471655462837969, "log10_subsample": -0.08902083785762971, "max_depth": 4.0, "num_boost_round": 5.0}, "datetime": {"datetime": "2024-01-19 00:19:05", "elapsed": 452.704821, "delta": 0.000658}}
{"target": -13.758531072029925, "params": {"gamma": 201.55776303707674, "log10_alpha": -4.2562496724740555, "log10_colsample_bytree": -0.9070835353721022, "log10_eta": -3.9615783093384622, "log10_lambda": -0.5823033681708285, "log10_min_child_weight": 3.471655462837969, "log10_subsample": -0.08902083785762971, "max_depth": 4.0, "num_boost_round": 6.0}, "datetime": {"datetime": "2024-01-19 00:19:05", "elapsed": 452.705495, "delta": 0.000674}}
{"target": -13.7585264587458, "params": {"gamma": 201.55776303707674, "log10_alpha": -4.2562496724740555, "log10_colsample_bytree": -0.9070835353721022, "log10_eta": -3.9615783093384622, "log10_lambda": -0.5823033681708285, "log10_min_child_weight": 3.471655462837969, "log10_subsample": -0.08902083785762971, "max_depth": 4.0, "num_boost_round": 7.0}, "datetime": {"datetime": "2024-01-19 00:19:05", "elapsed": 452.706104, "delta": 0.000609}}
{"target": -13.758526740803124, "params": {"gamma": 201.55776303707674, "log10_alpha": -4.2562496724740555, "log10_colsample_bytree": -0.9070835353721022, "log10_eta": -3.9615783093384622, "log10_lambda": -0.5823033681708285, "log10_min_child_weight": 3.471655462837969, "log10_subsample": -0.08902083785762971, "max_depth": 4.0, "num_boost_round": 8.0}, "datetime": {"datetime": "2024-01-19 00:19:05", "elapsed": 452.706783, "delta": 0.000679}}
{"target": -13.758526079421054, "params": {"gamma": 201.55776303707674, "log10_alpha": -4.2562496724740555, "log10_colsample_bytree": -0.9070835353721022, "log10_eta": -3.9615783093384622, "log10_lambda": -0.5823033681708285, "log10_min_child_weight": 3.471655462837969, "log10_subsample": -0.08902083785762971, "max_depth": 4.0, "num_boost_round": 9.0}, "datetime": {"datetime": "2024-01-19 00:19:05", "elapsed": 452.707483, "delta": 0.0007}}
{"target": -13.758524820377518, "params": {"gamma": 201.55776303707674, "log10_alpha": -4.2562496724740555, "log10_colsample_bytree": -0.9070835353721022, "log10_eta": -3.9615783093384622, "log10_lambda": -0.5823033681708285, "log10_min_child_weight": 3.471655462837969, "log10_subsample": -0.08902083785762971, "max_depth": 4.0, "num_boost_round": 10.0}, "datetime": {"datetime": "2024-01-19 00:19:05", "elapsed": 452.708236, "delta": 0.000753}}
{"target": -13.758527532413776, "params": {"gamma": 204.6813303014472, "log10_alpha": -3.1184106744923334, "log10_colsample_bytree": -0.5332377891971811, "log10_eta": -3.277485871487706, "log10_lambda": -0.224253760409443, "log10_min_child_weight": 3.2131734962143317, "log10_subsample": -0.3004625173223797, "max_depth": 6.0, "num_boost_round": 0.0}, "datetime": {"datetime": "2024-01-19 00:19:26", "elapsed": 474.514186, "delta": 21.80595}}
{"target": -13.75850955858543, "params": {"gamma": 204.6813303014472, "log10_alpha": -3.1184106744923334, "log10_colsample_bytree": -0.5332377891971811, "log10_eta": -3.277485871487706, "log10_lambda": -0.224253760409443, "log10_min_child_weight": 3.2131734962143317, "log10_subsample": -0.3004625173223797, "max_depth": 6.0, "num_boost_round": 1.0}, "datetime": {"datetime": "2024-01-19 00:19:26", "elapsed": 474.515028, "delta": 0.000842}}
{"target": -13.758495192977122, "params": {"gamma": 204.6813303014472, "log10_alpha": -3.1184106744923334, "log10_colsample_bytree": -0.5332377891971811, "log10_eta": -3.277485871487706, "log10_lambda": -0.224253760409443, "log10_min_child_weight": 3.2131734962143317, "log10_subsample": -0.3004625173223797, "max_depth": 6.0, "num_boost_round": 2.0}, "datetime": {"datetime": "2024-01-19 00:19:26", "elapsed": 474.516374, "delta": 0.001346}}
{"target": -13.758495970357648, "params": {"gamma": 204.6813303014472, "log10_alpha": -3.1184106744923334, "log10_colsample_bytree": -0.5332377891971811, "log10_eta": -3.277485871487706, "log10_lambda": -0.224253760409443, "log10_min_child_weight": 3.2131734962143317, "log10_subsample": -0.3004625173223797, "max_depth": 6.0, "num_boost_round": 3.0}, "datetime": {"datetime": "2024-01-19 00:19:26", "elapsed": 474.517422, "delta": 0.001048}}
{"target": -13.75847364249186, "params": {"gamma": 204.6813303014472, "log10_alpha": -3.1184106744923334, "log10_colsample_bytree": -0.5332377891971811, "log10_eta": -3.277485871487706, "log10_lambda": -0.224253760409443, "log10_min_child_weight": 3.2131734962143317, "log10_subsample": -0.3004625173223797, "max_depth": 6.0, "num_boost_round": 4.0}, "datetime": {"datetime": "2024-01-19 00:19:26", "elapsed": 474.518145, "delta": 0.000723}}
{"target": -13.758462940316047, "params": {"gamma": 204.6813303014472, "log10_alpha": -3.1184106744923334, "log10_colsample_bytree": -0.5332377891971811, "log10_eta": -3.277485871487706, "log10_lambda": -0.224253760409443, "log10_min_child_weight": 3.2131734962143317, "log10_subsample": -0.3004625173223797, "max_depth": 6.0, "num_boost_round": 5.0}, "datetime": {"datetime": "2024-01-19 00:19:26", "elapsed": 474.518855, "delta": 0.00071}}
{"target": -13.758457428376408, "params": {"gamma": 204.6813303014472, "log10_alpha": -3.1184106744923334, "log10_colsample_bytree": -0.5332377891971811, "log10_eta": -3.277485871487706, "log10_lambda": -0.224253760409443, "log10_min_child_weight": 3.2131734962143317, "log10_subsample": -0.3004625173223797, "max_depth": 6.0, "num_boost_round": 6.0}, "datetime": {"datetime": "2024-01-19 00:19:26", "elapsed": 474.51975, "delta": 0.000895}}
{"target": -13.758445455873543, "params": {"gamma": 204.6813303014472, "log10_alpha": -3.1184106744923334, "log10_colsample_bytree": -0.5332377891971811, "log10_eta": -3.277485871487706, "log10_lambda": -0.224253760409443, "log10_min_child_weight": 3.2131734962143317, "log10_subsample": -0.3004625173223797, "max_depth": 6.0, "num_boost_round": 7.0}, "datetime": {"datetime": "2024-01-19 00:19:26", "elapsed": 474.520469, "delta": 0.000719}}
{"target": -13.758431139270805, "params": {"gamma": 204.6813303014472, "log10_alpha": -3.1184106744923334, "log10_colsample_bytree": -0.5332377891971811, "log10_eta": -3.277485871487706, "log10_lambda": -0.224253760409443, "log10_min_child_weight": 3.2131734962143317, "log10_subsample": -0.3004625173223797, "max_depth": 6.0, "num_boost_round": 8.0}, "datetime": {"datetime": "2024-01-19 00:19:26", "elapsed": 474.521178, "delta": 0.000709}}
{"target": -13.758415588668027, "params": {"gamma": 204.6813303014472, "log10_alpha": -3.1184106744923334, "log10_colsample_bytree": -0.5332377891971811, "log10_eta": -3.277485871487706, "log10_lambda": -0.224253760409443, "log10_min_child_weight": 3.2131734962143317, "log10_subsample": -0.3004625173223797, "max_depth": 6.0, "num_boost_round": 9.0}, "datetime": {"datetime": "2024-01-19 00:19:26", "elapsed": 474.521945, "delta": 0.000767}}
{"target": -13.758399401561439, "params": {"gamma": 204.6813303014472, "log10_alpha": -3.1184106744923334, "log10_colsample_bytree": -0.5332377891971811, "log10_eta": -3.277485871487706, "log10_lambda": -0.224253760409443, "log10_min_child_weight": 3.2131734962143317, "log10_subsample": -0.3004625173223797, "max_depth": 6.0, "num_boost_round": 10.0}, "datetime": {"datetime": "2024-01-19 00:19:26", "elapsed": 474.522666, "delta": 0.000721}}
{"target": -13.758390187467695, "params": {"gamma": 204.6813303014472, "log10_alpha": -3.1184106744923334, "log10_colsample_bytree": -0.5332377891971811, "log10_eta": -3.277485871487706, "log10_lambda": -0.224253760409443, "log10_min_child_weight": 3.2131734962143317, "log10_subsample": -0.3004625173223797, "max_depth": 6.0, "num_boost_round": 11.0}, "datetime": {"datetime": "2024-01-19 00:19:26", "elapsed": 474.523423, "delta": 0.000757}}
{"target": -13.758391988589134, "params": {"gamma": 204.6813303014472, "log10_alpha": -3.1184106744923334, "log10_colsample_bytree": -0.5332377891971811, "log10_eta": -3.277485871487706, "log10_lambda": -0.224253760409443, "log10_min_child_weight": 3.2131734962143317, "log10_subsample": -0.3004625173223797, "max_depth": 6.0, "num_boost_round": 12.0}, "datetime": {"datetime": "2024-01-19 00:19:26", "elapsed": 474.524228, "delta": 0.000805}}
{"target": -13.75839165934081, "params": {"gamma": 204.6813303014472, "log10_alpha": -3.1184106744923334, "log10_colsample_bytree": -0.5332377891971811, "log10_eta": -3.277485871487706, "log10_lambda": -0.224253760409443, "log10_min_child_weight": 3.2131734962143317, "log10_subsample": -0.3004625173223797, "max_depth": 6.0, "num_boost_round": 13.0}, "datetime": {"datetime": "2024-01-19 00:19:26", "elapsed": 474.525412, "delta": 0.001184}}
{"target": -13.758372651374263, "params": {"gamma": 204.6813303014472, "log10_alpha": -3.1184106744923334, "log10_colsample_bytree": -0.5332377891971811, "log10_eta": -3.277485871487706, "log10_lambda": -0.224253760409443, "log10_min_child_weight": 3.2131734962143317, "log10_subsample": -0.3004625173223797, "max_depth": 6.0, "num_boost_round": 14.0}, "datetime": {"datetime": "2024-01-19 00:19:26", "elapsed": 474.526175, "delta": 0.000763}}
{"target": -13.758358070526244, "params": {"gamma": 204.6813303014472, "log10_alpha": -3.1184106744923334, "log10_colsample_bytree": -0.5332377891971811, "log10_eta": -3.277485871487706, "log10_lambda": -0.224253760409443, "log10_min_child_weight": 3.2131734962143317, "log10_subsample": -0.3004625173223797, "max_depth": 6.0, "num_boost_round": 15.0}, "datetime": {"datetime": "2024-01-19 00:19:26", "elapsed": 474.526929, "delta": 0.000754}}
{"target": -13.758358723473929, "params": {"gamma": 204.6813303014472, "log10_alpha": -3.1184106744923334, "log10_colsample_bytree": -0.5332377891971811, "log10_eta": -3.277485871487706, "log10_lambda": -0.224253760409443, "log10_min_child_weight": 3.2131734962143317, "log10_subsample": -0.3004625173223797, "max_depth": 6.0, "num_boost_round": 16.0}, "datetime": {"datetime": "2024-01-19 00:19:26", "elapsed": 474.527675, "delta": 0.000746}}
{"target": -13.758361672528938, "params": {"gamma": 204.6813303014472, "log10_alpha": -3.1184106744923334, "log10_colsample_bytree": -0.5332377891971811, "log10_eta": -3.277485871487706, "log10_lambda": -0.224253760409443, "log10_min_child_weight": 3.2131734962143317, "log10_subsample": -0.3004625173223797, "max_depth": 6.0, "num_boost_round": 17.0}, "datetime": {"datetime": "2024-01-19 00:19:26", "elapsed": 474.528422, "delta": 0.000747}}
