{"target": -13.7582120890423, "params": {"gamma": 987.130177560229, "log10_alpha": -4.860065114191578, "log10_colsample_bytree": -0.4521480663463533, "log10_eta": -0.638685489491599, "log10_lambda": -1.2105360860298133, "log10_min_child_weight": 4.815559077190021, "log10_subsample": -0.28772859452047483, "max_depth": 2.0, "num_boost_round": 1.0}, "datetime": {"datetime": "2024-01-19 00:23:59", "elapsed": 740.343728, "delta": 0.001622}}
{"target": -13.76089277882843, "params": {"gamma": 987.130177560229, "log10_alpha": -4.860065114191578, "log10_colsample_bytree": -0.4521480663463533, "log10_eta": -0.638685489491599, "log10_lambda": -1.2105360860298133, "log10_min_child_weight": 4.815559077190021, "log10_subsample": -0.28772859452047483, "max_depth": 2.0, "num_boost_round": 2.0}, "datetime": {"datetime": "2024-01-19 00:23:59", "elapsed": 740.345229, "delta": 0.001501}}
{"target": -13.76119857527009, "params": {"gamma": 987.130177560229, "log10_alpha": -4.860065114191578, "log10_colsample_bytree": -0.4521480663463533, "log10_eta": -0.638685489491599, "log10_lambda": -1.2105360860298133, "log10_min_child_weight": 4.815559077190021, "log10_subsample": -0.28772859452047483, "max_depth": 2.0, "num_boost_round": 3.0}, "datetime": {"datetime": "2024-01-19 00:23:59", "elapsed": 740.346661, "delta": 0.001432}}
{"target": -13.762292071753908, "params": {"gamma": 987.130177560229, "log10_alpha": -4.860065114191578, "log10_colsample_bytree": -0.4521480663463533, "log10_eta": -0.638685489491599, "log10_lambda": -1.2105360860298133, "log10_min_child_weight": 4.815559077190021, "log10_subsample": -0.28772859452047483, "max_depth": 2.0, "num_boost_round": 4.0}, "datetime": {"datetime": "2024-01-19 00:23:59", "elapsed": 740.347934, "delta": 0.001273}}
{"target": -13.762586801052663, "params": {"gamma": 987.130177560229, "log10_alpha": -4.860065114191578, "log10_colsample_bytree": -0.4521480663463533, "log10_eta": -0.638685489491599, "log10_lambda": -1.2105360860298133, "log10_min_child_weight": 4.815559077190021, "log10_subsample": -0.28772859452047483, "max_depth": 2.0, "num_boost_round": 5.0}, "datetime": {"datetime": "2024-01-19 00:23:59", "elapsed": 740.349276, "delta": 0.001342}}
{"target": -13.764322173142348, "params": {"gamma": 987.130177560229, "log10_alpha": -4.860065114191578, "log10_colsample_bytree": -0.4521480663463533, "log10_eta": -0.638685489491599, "log10_lambda": -1.2105360860298133, "log10_min_child_weight": 4.815559077190021, "log10_subsample": -0.28772859452047483, "max_depth": 2.0, "num_boost_round": 6.0}, "datetime": {"datetime": "2024-01-19 00:23:59", "elapsed": 740.350512, "delta": 0.001236}}
{"target": -13.765401811847767, "params": {"gamma": 987.130177560229, "log10_alpha": -4.860065114191578, "log10_colsample_bytree": -0.4521480663463533, "log10_eta": -0.638685489491599, "log10_lambda": -1.2105360860298133, "log10_min_child_weight": 4.815559077190021, "log10_subsample": -0.28772859452047483, "max_depth": 2.0, "num_boost_round": 7.0}, "datetime": {"datetime": "2024-01-19 00:23:59", "elapsed": 740.351762, "delta": 0.00125}}
{"target": -13.764860393987243, "params": {"gamma": 987.130177560229, "log10_alpha": -4.860065114191578, "log10_colsample_bytree": -0.4521480663463533, "log10_eta": -0.638685489491599, "log10_lambda": -1.2105360860298133, "log10_min_child_weight": 4.815559077190021, "log10_subsample": -0.28772859452047483, "max_depth": 2.0, "num_boost_round": 8.0}, "datetime": {"datetime": "2024-01-19 00:23:59", "elapsed": 740.353005, "delta": 0.001243}}
{"target": -13.765075494774225, "params": {"gamma": 987.130177560229, "log10_alpha": -4.860065114191578, "log10_colsample_bytree": -0.4521480663463533, "log10_eta": -0.638685489491599, "log10_lambda": -1.2105360860298133, "log10_min_child_weight": 4.815559077190021, "log10_subsample": -0.28772859452047483, "max_depth": 2.0, "num_boost_round": 9.0}, "datetime": {"datetime": "2024-01-19 00:23:59", "elapsed": 740.35423, "delta": 0.001225}}
{"target": -13.7660591592722, "params": {"gamma": 987.130177560229, "log10_alpha": -4.860065114191578, "log10_colsample_bytree": -0.4521480663463533, "log10_eta": -0.638685489491599, "log10_lambda": -1.2105360860298133, "log10_min_child_weight": 4.815559077190021, "log10_subsample": -0.28772859452047483, "max_depth": 2.0, "num_boost_round": 10.0}, "datetime": {"datetime": "2024-01-19 00:23:59", "elapsed": 740.355457, "delta": 0.001227}}
{"target": -13.765619427370519, "params": {"gamma": 987.130177560229, "log10_alpha": -4.860065114191578, "log10_colsample_bytree": -0.4521480663463533, "log10_eta": -0.638685489491599, "log10_lambda": -1.2105360860298133, "log10_min_child_weight": 4.815559077190021, "log10_subsample": -0.28772859452047483, "max_depth": 2.0, "num_boost_round": 11.0}, "datetime": {"datetime": "2024-01-19 00:23:59", "elapsed": 740.356834, "delta": 0.001377}}
{"target": -13.765737004616138, "params": {"gamma": 987.130177560229, "log10_alpha": -4.860065114191578, "log10_colsample_bytree": -0.4521480663463533, "log10_eta": -0.638685489491599, "log10_lambda": -1.2105360860298133, "log10_min_child_weight": 4.815559077190021, "log10_subsample": -0.28772859452047483, "max_depth": 2.0, "num_boost_round": 12.0}, "datetime": {"datetime": "2024-01-19 00:23:59", "elapsed": 740.358614, "delta": 0.00178}}
{"target": -13.766309791572413, "params": {"gamma": 987.130177560229, "log10_alpha": -4.860065114191578, "log10_colsample_bytree": -0.4521480663463533, "log10_eta": -0.638685489491599, "log10_lambda": -1.2105360860298133, "log10_min_child_weight": 4.815559077190021, "log10_subsample": -0.28772859452047483, "max_depth": 2.0, "num_boost_round": 13.0}, "datetime": {"datetime": "2024-01-19 00:23:59", "elapsed": 740.360266, "delta": 0.001652}}
{"target": -13.766965681134517, "params": {"gamma": 987.130177560229, "log10_alpha": -4.860065114191578, "log10_colsample_bytree": -0.4521480663463533, "log10_eta": -0.638685489491599, "log10_lambda": -1.2105360860298133, "log10_min_child_weight": 4.815559077190021, "log10_subsample": -0.28772859452047483, "max_depth": 2.0, "num_boost_round": 14.0}, "datetime": {"datetime": "2024-01-19 00:23:59", "elapsed": 740.361855, "delta": 0.001589}}
{"target": -13.757652652557482, "params": {"gamma": 989.1175110228065, "log10_alpha": -4.356545728214823, "log10_colsample_bytree": -0.412403345737254, "log10_eta": -0.7603308991901492, "log10_lambda": 0.019320976503410137, "log10_min_child_weight": 1.8170916029122985, "log10_subsample": -0.13217208006808867, "max_depth": 3.0, "num_boost_round": 0.0}, "datetime": {"datetime": "2024-01-19 00:24:24", "elapsed": 765.166012, "delta": 24.804157}}
{"target": -13.764144081127215, "params": {"gamma": 989.1175110228065, "log10_alpha": -4.356545728214823, "log10_colsample_bytree": -0.412403345737254, "log10_eta": -0.7603308991901492, "log10_lambda": 0.019320976503410137, "log10_min_child_weight": 1.8170916029122985, "log10_subsample": -0.13217208006808867, "max_depth": 3.0, "num_boost_round": 1.0}, "datetime": {"datetime": "2024-01-19 00:24:24", "elapsed": 765.244427, "delta": 0.078415}}
{"target": -13.765488135909559, "params": {"gamma": 989.1175110228065, "log10_alpha": -4.356545728214823, "log10_colsample_bytree": -0.412403345737254, "log10_eta": -0.7603308991901492, "log10_lambda": 0.019320976503410137, "log10_min_child_weight": 1.8170916029122985, "log10_subsample": -0.13217208006808867, "max_depth": 3.0, "num_boost_round": 2.0}, "datetime": {"datetime": "2024-01-19 00:24:24", "elapsed": 765.246067, "delta": 0.00164}}
{"target": -13.766366739972735, "params": {"gamma": 989.1175110228065, "log10_alpha": -4.356545728214823, "log10_colsample_bytree": -0.412403345737254, "log10_eta": -0.7603308991901492, "log10_lambda": 0.019320976503410137, "log10_min_child_weight": 1.8170916029122985, "log10_subsample": -0.13217208006808867, "max_depth": 3.0, "num_boost_round": 3.0}, "datetime": {"datetime": "2024-01-19 00:24:24", "elapsed": 765.247444, "delta": 0.001377}}
{"target": -13.767532607218183, "params": {"gamma": 989.1175110228065, "log10_alpha": -4.356545728214823, "log10_colsample_bytree": -0.412403345737254, "log10_eta": -0.7603308991901492, "log10_lambda": 0.019320976503410137, "log10_min_child_weight": 1.8170916029122985, "log10_subsample": -0.13217208006808867, "max_depth": 3.0, "num_boost_round": 4.0}, "datetime": {"datetime": "2024-01-19 00:24:24", "elapsed": 765.248711, "delta": 0.001267}}
{"target": -13.772429353227826, "params": {"gamma": 989.1175110228065, "log10_alpha": -4.356545728214823, "log10_colsample_bytree": -0.412403345737254, "log10_eta": -0.7603308991901492, "log10_lambda": 0.019320976503410137, "log10_min_child_weight": 1.8170916029122985, "log10_subsample": -0.13217208006808867, "max_depth": 3.0, "num_boost_round": 5.0}, "datetime": {"datetime": "2024-01-19 00:24:24", "elapsed": 765.249981, "delta": 0.00127}}
{"target": -13.777563561751696, "params": {"gamma": 989.1175110228065, "log10_alpha": -4.356545728214823, "log10_colsample_bytree": -0.412403345737254, "log10_eta": -0.7603308991901492, "log10_lambda": 0.019320976503410137, "log10_min_child_weight": 1.8170916029122985, "log10_subsample": -0.13217208006808867, "max_depth": 3.0, "num_boost_round": 6.0}, "datetime": {"datetime": "2024-01-19 00:24:24", "elapsed": 765.251243, "delta": 0.001262}}
{"target": -13.776833976472998, "params": {"gamma": 989.1175110228065, "log10_alpha": -4.356545728214823, "log10_colsample_bytree": -0.412403345737254, "log10_eta": -0.7603308991901492, "log10_lambda": 0.019320976503410137, "log10_min_child_weight": 1.8170916029122985, "log10_subsample": -0.13217208006808867, "max_depth": 3.0, "num_boost_round": 7.0}, "datetime": {"datetime": "2024-01-19 00:24:24", "elapsed": 765.252555, "delta": 0.001312}}
{"target": -13.777715524852496, "params": {"gamma": 989.1175110228065, "log10_alpha": -4.356545728214823, "log10_colsample_bytree": -0.412403345737254, "log10_eta": -0.7603308991901492, "log10_lambda": 0.019320976503410137, "log10_min_child_weight": 1.8170916029122985, "log10_subsample": -0.13217208006808867, "max_depth": 3.0, "num_boost_round": 8.0}, "datetime": {"datetime": "2024-01-19 00:24:24", "elapsed": 765.25383, "delta": 0.001275}}
{"target": -13.778249971100363, "params": {"gamma": 989.1175110228065, "log10_alpha": -4.356545728214823, "log10_colsample_bytree": -0.412403345737254, "log10_eta": -0.7603308991901492, "log10_lambda": 0.019320976503410137, "log10_min_child_weight": 1.8170916029122985, "log10_subsample": -0.13217208006808867, "max_depth": 3.0, "num_boost_round": 9.0}, "datetime": {"datetime": "2024-01-19 00:24:24", "elapsed": 765.255114, "delta": 0.001284}}
{"target": -13.780224211679291, "params": {"gamma": 989.1175110228065, "log10_alpha": -4.356545728214823, "log10_colsample_bytree": -0.412403345737254, "log10_eta": -0.7603308991901492, "log10_lambda": 0.019320976503410137, "log10_min_child_weight": 1.8170916029122985, "log10_subsample": -0.13217208006808867, "max_depth": 3.0, "num_boost_round": 10.0}, "datetime": {"datetime": "2024-01-19 00:24:24", "elapsed": 765.256405, "delta": 0.001291}}
{"target": -13.780152388576772, "params": {"gamma": 989.1175110228065, "log10_alpha": -4.356545728214823, "log10_colsample_bytree": -0.412403345737254, "log10_eta": -0.7603308991901492, "log10_lambda": 0.019320976503410137, "log10_min_child_weight": 1.8170916029122985, "log10_subsample": -0.13217208006808867, "max_depth": 3.0, "num_boost_round": 11.0}, "datetime": {"datetime": "2024-01-19 00:24:24", "elapsed": 765.257832, "delta": 0.001427}}
{"target": -13.784347179753084, "params": {"gamma": 989.1175110228065, "log10_alpha": -4.356545728214823, "log10_colsample_bytree": -0.412403345737254, "log10_eta": -0.7603308991901492, "log10_lambda": 0.019320976503410137, "log10_min_child_weight": 1.8170916029122985, "log10_subsample": -0.13217208006808867, "max_depth": 3.0, "num_boost_round": 12.0}, "datetime": {"datetime": "2024-01-19 00:24:24", "elapsed": 765.259253, "delta": 0.001421}}
{"target": -13.793269788874984, "params": {"gamma": 989.1175110228065, "log10_alpha": -4.356545728214823, "log10_colsample_bytree": -0.412403345737254, "log10_eta": -0.7603308991901492, "log10_lambda": 0.019320976503410137, "log10_min_child_weight": 1.8170916029122985, "log10_subsample": -0.13217208006808867, "max_depth": 3.0, "num_boost_round": 13.0}, "datetime": {"datetime": "2024-01-19 00:24:24", "elapsed": 765.260551, "delta": 0.001298}}
{"target": -13.796398875319623, "params": {"gamma": 989.1175110228065, "log10_alpha": -4.356545728214823, "log10_colsample_bytree": -0.412403345737254, "log10_eta": -0.7603308991901492, "log10_lambda": 0.019320976503410137, "log10_min_child_weight": 1.8170916029122985, "log10_subsample": -0.13217208006808867, "max_depth": 3.0, "num_boost_round": 14.0}, "datetime": {"datetime": "2024-01-19 00:24:24", "elapsed": 765.26183, "delta": 0.001279}}
{"target": -13.796326314910818, "params": {"gamma": 989.1175110228065, "log10_alpha": -4.356545728214823, "log10_colsample_bytree": -0.412403345737254, "log10_eta": -0.7603308991901492, "log10_lambda": 0.019320976503410137, "log10_min_child_weight": 1.8170916029122985, "log10_subsample": -0.13217208006808867, "max_depth": 3.0, "num_boost_round": 15.0}, "datetime": {"datetime": "2024-01-19 00:24:24", "elapsed": 765.263133, "delta": 0.001303}}
{"target": -13.795699499784952, "params": {"gamma": 989.1175110228065, "log10_alpha": -4.356545728214823, "log10_colsample_bytree": -0.412403345737254, "log10_eta": -0.7603308991901492, "log10_lambda": 0.019320976503410137, "log10_min_child_weight": 1.8170916029122985, "log10_subsample": -0.13217208006808867, "max_depth": 3.0, "num_boost_round": 16.0}, "datetime": {"datetime": "2024-01-19 00:24:24", "elapsed": 765.264418, "delta": 0.001285}}
{"target": -13.795307371716051, "params": {"gamma": 989.1175110228065, "log10_alpha": -4.356545728214823, "log10_colsample_bytree": -0.412403345737254, "log10_eta": -0.7603308991901492, "log10_lambda": 0.019320976503410137, "log10_min_child_weight": 1.8170916029122985, "log10_subsample": -0.13217208006808867, "max_depth": 3.0, "num_boost_round": 17.0}, "datetime": {"datetime": "2024-01-19 00:24:24", "elapsed": 765.265782, "delta": 0.001364}}
{"target": -13.793845994713662, "params": {"gamma": 989.1175110228065, "log10_alpha": -4.356545728214823, "log10_colsample_bytree": -0.412403345737254, "log10_eta": -0.7603308991901492, "log10_lambda": 0.019320976503410137, "log10_min_child_weight": 1.8170916029122985, "log10_subsample": -0.13217208006808867, "max_depth": 3.0, "num_boost_round": 18.0}, "datetime": {"datetime": "2024-01-19 00:24:24", "elapsed": 765.267148, "delta": 0.001366}}
{"target": -13.793960278089934, "params": {"gamma": 989.1175110228065, "log10_alpha": -4.356545728214823, "log10_colsample_bytree": -0.412403345737254, "log10_eta": -0.7603308991901492, "log10_lambda": 0.019320976503410137, "log10_min_child_weight": 1.8170916029122985, "log10_subsample": -0.13217208006808867, "max_depth": 3.0, "num_boost_round": 19.0}, "datetime": {"datetime": "2024-01-19 00:24:24", "elapsed": 765.268457, "delta": 0.001309}}
{"target": -13.794277267465201, "params": {"gamma": 989.1175110228065, "log10_alpha": -4.356545728214823, "log10_colsample_bytree": -0.412403345737254, "log10_eta": -0.7603308991901492, "log10_lambda": 0.019320976503410137, "log10_min_child_weight": 1.8170916029122985, "log10_subsample": -0.13217208006808867, "max_depth": 3.0, "num_boost_round": 20.0}, "datetime": {"datetime": "2024-01-19 00:24:24", "elapsed": 765.26975, "delta": 0.001293}}
{"target": -13.79871508081932, "params": {"gamma": 989.1175110228065, "log10_alpha": -4.356545728214823, "log10_colsample_bytree": -0.412403345737254, "log10_eta": -0.7603308991901492, "log10_lambda": 0.019320976503410137, "log10_min_child_weight": 1.8170916029122985, "log10_subsample": -0.13217208006808867, "max_depth": 3.0, "num_boost_round": 21.0}, "datetime": {"datetime": "2024-01-19 00:24:24", "elapsed": 765.271049, "delta": 0.001299}}
{"target": -13.758538317917699, "params": {"gamma": 985.491210540979, "log10_alpha": -3.2886893793166116, "log10_colsample_bytree": -0.9213437957553007, "log10_eta": -3.69783688122717, "log10_lambda": -3.0861259505846323, "log10_min_child_weight": 4.931513833657746, "log10_subsample": -0.9727983317163558, "max_depth": 6.0, "num_boost_round": 0.0}, "datetime": {"datetime": "2024-01-19 00:24:46", "elapsed": 787.582645, "delta": 22.311596}}
{"target": -13.758538309222843, "params": {"gamma": 985.491210540979, "log10_alpha": -3.2886893793166116, "log10_colsample_bytree": -0.9213437957553007, "log10_eta": -3.69783688122717, "log10_lambda": -3.0861259505846323, "log10_min_child_weight": 4.931513833657746, "log10_subsample": -0.9727983317163558, "max_depth": 6.0, "num_boost_round": 1.0}, "datetime": {"datetime": "2024-01-19 00:24:46", "elapsed": 787.584167, "delta": 0.001522}}
{"target": -13.758538325887104, "params": {"gamma": 985.491210540979, "log10_alpha": -3.2886893793166116, "log10_colsample_bytree": -0.9213437957553007, "log10_eta": -3.69783688122717, "log10_lambda": -3.0861259505846323, "log10_min_child_weight": 4.931513833657746, "log10_subsample": -0.9727983317163558, "max_depth": 6.0, "num_boost_round": 2.0}, "datetime": {"datetime": "2024-01-19 00:24:46", "elapsed": 787.58564, "delta": 0.001473}}
{"target": -13.75853834819455, "params": {"gamma": 985.491210540979, "log10_alpha": -3.2886893793166116, "log10_colsample_bytree": -0.9213437957553007, "log10_eta": -3.69783688122717, "log10_lambda": -3.0861259505846323, "log10_min_child_weight": 4.931513833657746, "log10_subsample": -0.9727983317163558, "max_depth": 6.0, "num_boost_round": 3.0}, "datetime": {"datetime": "2024-01-19 00:24:46", "elapsed": 787.587606, "delta": 0.001966}}
{"target": -13.758538350099128, "params": {"gamma": 985.491210540979, "log10_alpha": -3.2886893793166116, "log10_colsample_bytree": -0.9213437957553007, "log10_eta": -3.69783688122717, "log10_lambda": -3.0861259505846323, "log10_min_child_weight": 4.931513833657746, "log10_subsample": -0.9727983317163558, "max_depth": 6.0, "num_boost_round": 4.0}, "datetime": {"datetime": "2024-01-19 00:24:46", "elapsed": 787.588888, "delta": 0.001282}}
{"target": -13.75853832693454, "params": {"gamma": 985.491210540979, "log10_alpha": -3.2886893793166116, "log10_colsample_bytree": -0.9213437957553007, "log10_eta": -3.69783688122717, "log10_lambda": -3.0861259505846323, "log10_min_child_weight": 4.931513833657746, "log10_subsample": -0.9727983317163558, "max_depth": 6.0, "num_boost_round": 5.0}, "datetime": {"datetime": "2024-01-19 00:24:46", "elapsed": 787.590183, "delta": 0.001295}}
{"target": -13.758538341243794, "params": {"gamma": 985.491210540979, "log10_alpha": -3.2886893793166116, "log10_colsample_bytree": -0.9213437957553007, "log10_eta": -3.69783688122717, "log10_lambda": -3.0861259505846323, "log10_min_child_weight": 4.931513833657746, "log10_subsample": -0.9727983317163558, "max_depth": 6.0, "num_boost_round": 6.0}, "datetime": {"datetime": "2024-01-19 00:24:46", "elapsed": 787.591481, "delta": 0.001298}}
{"target": -13.75853832507079, "params": {"gamma": 985.491210540979, "log10_alpha": -3.2886893793166116, "log10_colsample_bytree": -0.9213437957553007, "log10_eta": -3.69783688122717, "log10_lambda": -3.0861259505846323, "log10_min_child_weight": 4.931513833657746, "log10_subsample": -0.9727983317163558, "max_depth": 6.0, "num_boost_round": 7.0}, "datetime": {"datetime": "2024-01-19 00:24:46", "elapsed": 787.592803, "delta": 0.001322}}
{"target": -13.758538322056337, "params": {"gamma": 985.491210540979, "log10_alpha": -3.2886893793166116, "log10_colsample_bytree": -0.9213437957553007, "log10_eta": -3.69783688122717, "log10_lambda": -3.0861259505846323, "log10_min_child_weight": 4.931513833657746, "log10_subsample": -0.9727983317163558, "max_depth": 6.0, "num_boost_round": 8.0}, "datetime": {"datetime": "2024-01-19 00:24:46", "elapsed": 787.594095, "delta": 0.001292}}
{"target": -13.758538342086931, "params": {"gamma": 985.491210540979, "log10_alpha": -3.2886893793166116, "log10_colsample_bytree": -0.9213437957553007, "log10_eta": -3.69783688122717, "log10_lambda": -3.0861259505846323, "log10_min_child_weight": 4.931513833657746, "log10_subsample": -0.9727983317163558, "max_depth": 6.0, "num_boost_round": 9.0}, "datetime": {"datetime": "2024-01-19 00:24:46", "elapsed": 787.595393, "delta": 0.001298}}
{"target": -13.758538341157113, "params": {"gamma": 985.491210540979, "log10_alpha": -3.2886893793166116, "log10_colsample_bytree": -0.9213437957553007, "log10_eta": -3.69783688122717, "log10_lambda": -3.0861259505846323, "log10_min_child_weight": 4.931513833657746, "log10_subsample": -0.9727983317163558, "max_depth": 6.0, "num_boost_round": 10.0}, "datetime": {"datetime": "2024-01-19 00:24:46", "elapsed": 787.596685, "delta": 0.001292}}
{"target": -13.758538310704699, "params": {"gamma": 985.491210540979, "log10_alpha": -3.2886893793166116, "log10_colsample_bytree": -0.9213437957553007, "log10_eta": -3.69783688122717, "log10_lambda": -3.0861259505846323, "log10_min_child_weight": 4.931513833657746, "log10_subsample": -0.9727983317163558, "max_depth": 6.0, "num_boost_round": 11.0}, "datetime": {"datetime": "2024-01-19 00:24:46", "elapsed": 787.598054, "delta": 0.001369}}
{"target": -13.75853833799854, "params": {"gamma": 985.491210540979, "log10_alpha": -3.2886893793166116, "log10_colsample_bytree": -0.9213437957553007, "log10_eta": -3.69783688122717, "log10_lambda": -3.0861259505846323, "log10_min_child_weight": 4.931513833657746, "log10_subsample": -0.9727983317163558, "max_depth": 6.0, "num_boost_round": 12.0}, "datetime": {"datetime": "2024-01-19 00:24:46", "elapsed": 787.599359, "delta": 0.001305}}
