{"target": -13.758481316849078, "params": {"gamma": 719.7362077200652, "log10_alpha": -3.175687718177313, "log10_colsample_bytree": -0.5903422148780358, "log10_eta": -3.456531116626819, "log10_lambda": -4.502199548470452, "log10_min_child_weight": 1.8944631976012893, "log10_subsample": -0.16733349620131865, "max_depth": 2.0, "num_boost_round": 17.0}, "datetime": {"datetime": "2024-01-19 01:35:30", "elapsed": 5029.105249, "delta": 0.004877}}
{"target": -13.758475306377592, "params": {"gamma": 719.7362077200652, "log10_alpha": -3.175687718177313, "log10_colsample_bytree": -0.5903422148780358, "log10_eta": -3.456531116626819, "log10_lambda": -4.502199548470452, "log10_min_child_weight": 1.8944631976012893, "log10_subsample": -0.16733349620131865, "max_depth": 2.0, "num_boost_round": 18.0}, "datetime": {"datetime": "2024-01-19 01:35:30", "elapsed": 5029.110274, "delta": 0.005025}}
{"target": -13.758472073502277, "params": {"gamma": 719.7362077200652, "log10_alpha": -3.175687718177313, "log10_colsample_bytree": -0.5903422148780358, "log10_eta": -3.456531116626819, "log10_lambda": -4.502199548470452, "log10_min_child_weight": 1.8944631976012893, "log10_subsample": -0.16733349620131865, "max_depth": 2.0, "num_boost_round": 19.0}, "datetime": {"datetime": "2024-01-19 01:35:30", "elapsed": 5029.115085, "delta": 0.004811}}
{"target": -13.758468707597544, "params": {"gamma": 719.7362077200652, "log10_alpha": -3.175687718177313, "log10_colsample_bytree": -0.5903422148780358, "log10_eta": -3.456531116626819, "log10_lambda": -4.502199548470452, "log10_min_child_weight": 1.8944631976012893, "log10_subsample": -0.16733349620131865, "max_depth": 2.0, "num_boost_round": 20.0}, "datetime": {"datetime": "2024-01-19 01:35:30", "elapsed": 5029.119873, "delta": 0.004788}}
{"target": -13.75846756879657, "params": {"gamma": 719.7362077200652, "log10_alpha": -3.175687718177313, "log10_colsample_bytree": -0.5903422148780358, "log10_eta": -3.456531116626819, "log10_lambda": -4.502199548470452, "log10_min_child_weight": 1.8944631976012893, "log10_subsample": -0.16733349620131865, "max_depth": 2.0, "num_boost_round": 21.0}, "datetime": {"datetime": "2024-01-19 01:35:30", "elapsed": 5029.124782, "delta": 0.004909}}
{"target": -13.758465918908318, "params": {"gamma": 719.7362077200652, "log10_alpha": -3.175687718177313, "log10_colsample_bytree": -0.5903422148780358, "log10_eta": -3.456531116626819, "log10_lambda": -4.502199548470452, "log10_min_child_weight": 1.8944631976012893, "log10_subsample": -0.16733349620131865, "max_depth": 2.0, "num_boost_round": 22.0}, "datetime": {"datetime": "2024-01-19 01:35:30", "elapsed": 5029.129773, "delta": 0.004991}}
{"target": -13.758462472336884, "params": {"gamma": 719.7362077200652, "log10_alpha": -3.175687718177313, "log10_colsample_bytree": -0.5903422148780358, "log10_eta": -3.456531116626819, "log10_lambda": -4.502199548470452, "log10_min_child_weight": 1.8944631976012893, "log10_subsample": -0.16733349620131865, "max_depth": 2.0, "num_boost_round": 23.0}, "datetime": {"datetime": "2024-01-19 01:35:30", "elapsed": 5029.134522, "delta": 0.004749}}
{"target": -13.758462283429914, "params": {"gamma": 719.7362077200652, "log10_alpha": -3.175687718177313, "log10_colsample_bytree": -0.5903422148780358, "log10_eta": -3.456531116626819, "log10_lambda": -4.502199548470452, "log10_min_child_weight": 1.8944631976012893, "log10_subsample": -0.16733349620131865, "max_depth": 2.0, "num_boost_round": 24.0}, "datetime": {"datetime": "2024-01-19 01:35:30", "elapsed": 5029.139621, "delta": 0.005099}}
{"target": -13.758458636780514, "params": {"gamma": 719.7362077200652, "log10_alpha": -3.175687718177313, "log10_colsample_bytree": -0.5903422148780358, "log10_eta": -3.456531116626819, "log10_lambda": -4.502199548470452, "log10_min_child_weight": 1.8944631976012893, "log10_subsample": -0.16733349620131865, "max_depth": 2.0, "num_boost_round": 25.0}, "datetime": {"datetime": "2024-01-19 01:35:30", "elapsed": 5029.144536, "delta": 0.004915}}
{"target": -13.758457507277251, "params": {"gamma": 719.7362077200652, "log10_alpha": -3.175687718177313, "log10_colsample_bytree": -0.5903422148780358, "log10_eta": -3.456531116626819, "log10_lambda": -4.502199548470452, "log10_min_child_weight": 1.8944631976012893, "log10_subsample": -0.16733349620131865, "max_depth": 2.0, "num_boost_round": 26.0}, "datetime": {"datetime": "2024-01-19 01:35:30", "elapsed": 5029.14952, "delta": 0.004984}}
{"target": -13.758451179049777, "params": {"gamma": 719.7362077200652, "log10_alpha": -3.175687718177313, "log10_colsample_bytree": -0.5903422148780358, "log10_eta": -3.456531116626819, "log10_lambda": -4.502199548470452, "log10_min_child_weight": 1.8944631976012893, "log10_subsample": -0.16733349620131865, "max_depth": 2.0, "num_boost_round": 27.0}, "datetime": {"datetime": "2024-01-19 01:35:30", "elapsed": 5029.155474, "delta": 0.005954}}
{"target": -13.758449376286759, "params": {"gamma": 719.7362077200652, "log10_alpha": -3.175687718177313, "log10_colsample_bytree": -0.5903422148780358, "log10_eta": -3.456531116626819, "log10_lambda": -4.502199548470452, "log10_min_child_weight": 1.8944631976012893, "log10_subsample": -0.16733349620131865, "max_depth": 2.0, "num_boost_round": 28.0}, "datetime": {"datetime": "2024-01-19 01:35:30", "elapsed": 5029.160558, "delta": 0.005084}}
{"target": -13.758446673378499, "params": {"gamma": 719.7362077200652, "log10_alpha": -3.175687718177313, "log10_colsample_bytree": -0.5903422148780358, "log10_eta": -3.456531116626819, "log10_lambda": -4.502199548470452, "log10_min_child_weight": 1.8944631976012893, "log10_subsample": -0.16733349620131865, "max_depth": 2.0, "num_boost_round": 29.0}, "datetime": {"datetime": "2024-01-19 01:35:30", "elapsed": 5029.165562, "delta": 0.005004}}
{"target": -13.758440451505312, "params": {"gamma": 719.7362077200652, "log10_alpha": -3.175687718177313, "log10_colsample_bytree": -0.5903422148780358, "log10_eta": -3.456531116626819, "log10_lambda": -4.502199548470452, "log10_min_child_weight": 1.8944631976012893, "log10_subsample": -0.16733349620131865, "max_depth": 2.0, "num_boost_round": 30.0}, "datetime": {"datetime": "2024-01-19 01:35:30", "elapsed": 5029.170694, "delta": 0.005132}}
{"target": -13.758433728036941, "params": {"gamma": 719.7362077200652, "log10_alpha": -3.175687718177313, "log10_colsample_bytree": -0.5903422148780358, "log10_eta": -3.456531116626819, "log10_lambda": -4.502199548470452, "log10_min_child_weight": 1.8944631976012893, "log10_subsample": -0.16733349620131865, "max_depth": 2.0, "num_boost_round": 31.0}, "datetime": {"datetime": "2024-01-19 01:35:30", "elapsed": 5029.175553, "delta": 0.004859}}
{"target": -13.758429885042865, "params": {"gamma": 719.7362077200652, "log10_alpha": -3.175687718177313, "log10_colsample_bytree": -0.5903422148780358, "log10_eta": -3.456531116626819, "log10_lambda": -4.502199548470452, "log10_min_child_weight": 1.8944631976012893, "log10_subsample": -0.16733349620131865, "max_depth": 2.0, "num_boost_round": 32.0}, "datetime": {"datetime": "2024-01-19 01:35:30", "elapsed": 5029.180281, "delta": 0.004728}}
{"target": -13.7584279766501, "params": {"gamma": 719.7362077200652, "log10_alpha": -3.175687718177313, "log10_colsample_bytree": -0.5903422148780358, "log10_eta": -3.456531116626819, "log10_lambda": -4.502199548470452, "log10_min_child_weight": 1.8944631976012893, "log10_subsample": -0.16733349620131865, "max_depth": 2.0, "num_boost_round": 33.0}, "datetime": {"datetime": "2024-01-19 01:35:30", "elapsed": 5029.185192, "delta": 0.004911}}
{"target": -13.758426901702284, "params": {"gamma": 719.7362077200652, "log10_alpha": -3.175687718177313, "log10_colsample_bytree": -0.5903422148780358, "log10_eta": -3.456531116626819, "log10_lambda": -4.502199548470452, "log10_min_child_weight": 1.8944631976012893, "log10_subsample": -0.16733349620131865, "max_depth": 2.0, "num_boost_round": 34.0}, "datetime": {"datetime": "2024-01-19 01:35:30", "elapsed": 5029.190156, "delta": 0.004964}}
{"target": -13.758427295854736, "params": {"gamma": 719.7362077200652, "log10_alpha": -3.175687718177313, "log10_colsample_bytree": -0.5903422148780358, "log10_eta": -3.456531116626819, "log10_lambda": -4.502199548470452, "log10_min_child_weight": 1.8944631976012893, "log10_subsample": -0.16733349620131865, "max_depth": 2.0, "num_boost_round": 35.0}, "datetime": {"datetime": "2024-01-19 01:35:30", "elapsed": 5029.195049, "delta": 0.004893}}
{"target": -13.758426086879107, "params": {"gamma": 719.7362077200652, "log10_alpha": -3.175687718177313, "log10_colsample_bytree": -0.5903422148780358, "log10_eta": -3.456531116626819, "log10_lambda": -4.502199548470452, "log10_min_child_weight": 1.8944631976012893, "log10_subsample": -0.16733349620131865, "max_depth": 2.0, "num_boost_round": 36.0}, "datetime": {"datetime": "2024-01-19 01:35:30", "elapsed": 5029.199912, "delta": 0.004863}}
{"target": -13.758425947944183, "params": {"gamma": 719.7362077200652, "log10_alpha": -3.175687718177313, "log10_colsample_bytree": -0.5903422148780358, "log10_eta": -3.456531116626819, "log10_lambda": -4.502199548470452, "log10_min_child_weight": 1.8944631976012893, "log10_subsample": -0.16733349620131865, "max_depth": 2.0, "num_boost_round": 37.0}, "datetime": {"datetime": "2024-01-19 01:35:30", "elapsed": 5029.204923, "delta": 0.005011}}
{"target": -13.758420348349304, "params": {"gamma": 719.7362077200652, "log10_alpha": -3.175687718177313, "log10_colsample_bytree": -0.5903422148780358, "log10_eta": -3.456531116626819, "log10_lambda": -4.502199548470452, "log10_min_child_weight": 1.8944631976012893, "log10_subsample": -0.16733349620131865, "max_depth": 2.0, "num_boost_round": 38.0}, "datetime": {"datetime": "2024-01-19 01:35:30", "elapsed": 5029.209973, "delta": 0.00505}}
{"target": -13.75841326691838, "params": {"gamma": 719.7362077200652, "log10_alpha": -3.175687718177313, "log10_colsample_bytree": -0.5903422148780358, "log10_eta": -3.456531116626819, "log10_lambda": -4.502199548470452, "log10_min_child_weight": 1.8944631976012893, "log10_subsample": -0.16733349620131865, "max_depth": 2.0, "num_boost_round": 39.0}, "datetime": {"datetime": "2024-01-19 01:35:30", "elapsed": 5029.214852, "delta": 0.004879}}
{"target": -13.75850737128705, "params": {"gamma": 707.8856175082994, "log10_alpha": -3.9935108810927495, "log10_colsample_bytree": -0.7314010592829303, "log10_eta": -3.2013161090559326, "log10_lambda": -1.4710028463248541, "log10_min_child_weight": 1.023589075647784, "log10_subsample": -0.23623283447687837, "max_depth": 9.0, "num_boost_round": 0.0}, "datetime": {"datetime": "2024-01-19 01:37:48", "elapsed": 5167.673544, "delta": 138.458692}}
{"target": -13.75843441713039, "params": {"gamma": 707.8856175082994, "log10_alpha": -3.9935108810927495, "log10_colsample_bytree": -0.7314010592829303, "log10_eta": -3.2013161090559326, "log10_lambda": -1.4710028463248541, "log10_min_child_weight": 1.023589075647784, "log10_subsample": -0.23623283447687837, "max_depth": 9.0, "num_boost_round": 1.0}, "datetime": {"datetime": "2024-01-19 01:37:48", "elapsed": 5167.679751, "delta": 0.006207}}
{"target": -13.758406764348022, "params": {"gamma": 707.8856175082994, "log10_alpha": -3.9935108810927495, "log10_colsample_bytree": -0.7314010592829303, "log10_eta": -3.2013161090559326, "log10_lambda": -1.4710028463248541, "log10_min_child_weight": 1.023589075647784, "log10_subsample": -0.23623283447687837, "max_depth": 9.0, "num_boost_round": 2.0}, "datetime": {"datetime": "2024-01-19 01:37:48", "elapsed": 5167.685195, "delta": 0.005444}}
{"target": -13.758391326447695, "params": {"gamma": 707.8856175082994, "log10_alpha": -3.9935108810927495, "log10_colsample_bytree": -0.7314010592829303, "log10_eta": -3.2013161090559326, "log10_lambda": -1.4710028463248541, "log10_min_child_weight": 1.023589075647784, "log10_subsample": -0.23623283447687837, "max_depth": 9.0, "num_boost_round": 3.0}, "datetime": {"datetime": "2024-01-19 01:37:48", "elapsed": 5167.69025, "delta": 0.005055}}
{"target": -13.758348359809231, "params": {"gamma": 707.8856175082994, "log10_alpha": -3.9935108810927495, "log10_colsample_bytree": -0.7314010592829303, "log10_eta": -3.2013161090559326, "log10_lambda": -1.4710028463248541, "log10_min_child_weight": 1.023589075647784, "log10_subsample": -0.23623283447687837, "max_depth": 9.0, "num_boost_round": 4.0}, "datetime": {"datetime": "2024-01-19 01:37:48", "elapsed": 5167.695402, "delta": 0.005152}}
{"target": -13.758315703260507, "params": {"gamma": 707.8856175082994, "log10_alpha": -3.9935108810927495, "log10_colsample_bytree": -0.7314010592829303, "log10_eta": -3.2013161090559326, "log10_lambda": -1.4710028463248541, "log10_min_child_weight": 1.023589075647784, "log10_subsample": -0.23623283447687837, "max_depth": 9.0, "num_boost_round": 5.0}, "datetime": {"datetime": "2024-01-19 01:37:48", "elapsed": 5167.700468, "delta": 0.005066}}
{"target": -13.758320889838338, "params": {"gamma": 707.8856175082994, "log10_alpha": -3.9935108810927495, "log10_colsample_bytree": -0.7314010592829303, "log10_eta": -3.2013161090559326, "log10_lambda": -1.4710028463248541, "log10_min_child_weight": 1.023589075647784, "log10_subsample": -0.23623283447687837, "max_depth": 9.0, "num_boost_round": 6.0}, "datetime": {"datetime": "2024-01-19 01:37:48", "elapsed": 5167.705446, "delta": 0.004978}}
{"target": -13.7583043694228, "params": {"gamma": 707.8856175082994, "log10_alpha": -3.9935108810927495, "log10_colsample_bytree": -0.7314010592829303, "log10_eta": -3.2013161090559326, "log10_lambda": -1.4710028463248541, "log10_min_child_weight": 1.023589075647784, "log10_subsample": -0.23623283447687837, "max_depth": 9.0, "num_boost_round": 7.0}, "datetime": {"datetime": "2024-01-19 01:37:48", "elapsed": 5167.710517, "delta": 0.005071}}
{"target": -13.758286750755472, "params": {"gamma": 707.8856175082994, "log10_alpha": -3.9935108810927495, "log10_colsample_bytree": -0.7314010592829303, "log10_eta": -3.2013161090559326, "log10_lambda": -1.4710028463248541, "log10_min_child_weight": 1.023589075647784, "log10_subsample": -0.23623283447687837, "max_depth": 9.0, "num_boost_round": 8.0}, "datetime": {"datetime": "2024-01-19 01:37:48", "elapsed": 5167.715561, "delta": 0.005044}}
{"target": -13.758271732448362, "params": {"gamma": 707.8856175082994, "log10_alpha": -3.9935108810927495, "log10_colsample_bytree": -0.7314010592829303, "log10_eta": -3.2013161090559326, "log10_lambda": -1.4710028463248541, "log10_min_child_weight": 1.023589075647784, "log10_subsample": -0.23623283447687837, "max_depth": 9.0, "num_boost_round": 9.0}, "datetime": {"datetime": "2024-01-19 01:37:48", "elapsed": 5167.7213, "delta": 0.005739}}
{"target": -13.758237851398059, "params": {"gamma": 707.8856175082994, "log10_alpha": -3.9935108810927495, "log10_colsample_bytree": -0.7314010592829303, "log10_eta": -3.2013161090559326, "log10_lambda": -1.4710028463248541, "log10_min_child_weight": 1.023589075647784, "log10_subsample": -0.23623283447687837, "max_depth": 9.0, "num_boost_round": 10.0}, "datetime": {"datetime": "2024-01-19 01:37:48", "elapsed": 5167.726684, "delta": 0.005384}}
{"target": -13.758247916915757, "params": {"gamma": 707.8856175082994, "log10_alpha": -3.9935108810927495, "log10_colsample_bytree": -0.7314010592829303, "log10_eta": -3.2013161090559326, "log10_lambda": -1.4710028463248541, "log10_min_child_weight": 1.023589075647784, "log10_subsample": -0.23623283447687837, "max_depth": 9.0, "num_boost_round": 11.0}, "datetime": {"datetime": "2024-01-19 01:37:48", "elapsed": 5167.859458, "delta": 0.132774}}
{"target": -13.75827673400421, "params": {"gamma": 707.8856175082994, "log10_alpha": -3.9935108810927495, "log10_colsample_bytree": -0.7314010592829303, "log10_eta": -3.2013161090559326, "log10_lambda": -1.4710028463248541, "log10_min_child_weight": 1.023589075647784, "log10_subsample": -0.23623283447687837, "max_depth": 9.0, "num_boost_round": 12.0}, "datetime": {"datetime": "2024-01-19 01:37:48", "elapsed": 5167.865638, "delta": 0.00618}}
{"target": -13.758231173848943, "params": {"gamma": 707.8856175082994, "log10_alpha": -3.9935108810927495, "log10_colsample_bytree": -0.7314010592829303, "log10_eta": -3.2013161090559326, "log10_lambda": -1.4710028463248541, "log10_min_child_weight": 1.023589075647784, "log10_subsample": -0.23623283447687837, "max_depth": 9.0, "num_boost_round": 13.0}, "datetime": {"datetime": "2024-01-19 01:37:48", "elapsed": 5167.871269, "delta": 0.005631}}
{"target": -13.758233852764151, "params": {"gamma": 707.8856175082994, "log10_alpha": -3.9935108810927495, "log10_colsample_bytree": -0.7314010592829303, "log10_eta": -3.2013161090559326, "log10_lambda": -1.4710028463248541, "log10_min_child_weight": 1.023589075647784, "log10_subsample": -0.23623283447687837, "max_depth": 9.0, "num_boost_round": 14.0}, "datetime": {"datetime": "2024-01-19 01:37:48", "elapsed": 5167.8764, "delta": 0.005131}}
{"target": -13.75820700446691, "params": {"gamma": 707.8856175082994, "log10_alpha": -3.9935108810927495, "log10_colsample_bytree": -0.7314010592829303, "log10_eta": -3.2013161090559326, "log10_lambda": -1.4710028463248541, "log10_min_child_weight": 1.023589075647784, "log10_subsample": -0.23623283447687837, "max_depth": 9.0, "num_boost_round": 15.0}, "datetime": {"datetime": "2024-01-19 01:37:48", "elapsed": 5167.881539, "delta": 0.005139}}
{"target": -13.758207881914583, "params": {"gamma": 707.8856175082994, "log10_alpha": -3.9935108810927495, "log10_colsample_bytree": -0.7314010592829303, "log10_eta": -3.2013161090559326, "log10_lambda": -1.4710028463248541, "log10_min_child_weight": 1.023589075647784, "log10_subsample": -0.23623283447687837, "max_depth": 9.0, "num_boost_round": 16.0}, "datetime": {"datetime": "2024-01-19 01:37:48", "elapsed": 5167.886712, "delta": 0.005173}}
{"target": -13.75817156550767, "params": {"gamma": 707.8856175082994, "log10_alpha": -3.9935108810927495, "log10_colsample_bytree": -0.7314010592829303, "log10_eta": -3.2013161090559326, "log10_lambda": -1.4710028463248541, "log10_min_child_weight": 1.023589075647784, "log10_subsample": -0.23623283447687837, "max_depth": 9.0, "num_boost_round": 17.0}, "datetime": {"datetime": "2024-01-19 01:37:48", "elapsed": 5167.891935, "delta": 0.005223}}
{"target": -13.758168682270941, "params": {"gamma": 707.8856175082994, "log10_alpha": -3.9935108810927495, "log10_colsample_bytree": -0.7314010592829303, "log10_eta": -3.2013161090559326, "log10_lambda": -1.4710028463248541, "log10_min_child_weight": 1.023589075647784, "log10_subsample": -0.23623283447687837, "max_depth": 9.0, "num_boost_round": 18.0}, "datetime": {"datetime": "2024-01-19 01:37:48", "elapsed": 5167.89716, "delta": 0.005225}}
{"target": -13.758154919707895, "params": {"gamma": 707.8856175082994, "log10_alpha": -3.9935108810927495, "log10_colsample_bytree": -0.7314010592829303, "log10_eta": -3.2013161090559326, "log10_lambda": -1.4710028463248541, "log10_min_child_weight": 1.023589075647784, "log10_subsample": -0.23623283447687837, "max_depth": 9.0, "num_boost_round": 19.0}, "datetime": {"datetime": "2024-01-19 01:37:48", "elapsed": 5167.902468, "delta": 0.005308}}
{"target": -13.758123494873624, "params": {"gamma": 707.8856175082994, "log10_alpha": -3.9935108810927495, "log10_colsample_bytree": -0.7314010592829303, "log10_eta": -3.2013161090559326, "log10_lambda": -1.4710028463248541, "log10_min_child_weight": 1.023589075647784, "log10_subsample": -0.23623283447687837, "max_depth": 9.0, "num_boost_round": 20.0}, "datetime": {"datetime": "2024-01-19 01:37:48", "elapsed": 5167.907664, "delta": 0.005196}}
{"target": -13.758123776132196, "params": {"gamma": 707.8856175082994, "log10_alpha": -3.9935108810927495, "log10_colsample_bytree": -0.7314010592829303, "log10_eta": -3.2013161090559326, "log10_lambda": -1.4710028463248541, "log10_min_child_weight": 1.023589075647784, "log10_subsample": -0.23623283447687837, "max_depth": 9.0, "num_boost_round": 21.0}, "datetime": {"datetime": "2024-01-19 01:37:48", "elapsed": 5167.912856, "delta": 0.005192}}
{"target": -13.758083712803554, "params": {"gamma": 707.8856175082994, "log10_alpha": -3.9935108810927495, "log10_colsample_bytree": -0.7314010592829303, "log10_eta": -3.2013161090559326, "log10_lambda": -1.4710028463248541, "log10_min_child_weight": 1.023589075647784, "log10_subsample": -0.23623283447687837, "max_depth": 9.0, "num_boost_round": 22.0}, "datetime": {"datetime": "2024-01-19 01:37:48", "elapsed": 5167.917971, "delta": 0.005115}}
{"target": -13.758071331264249, "params": {"gamma": 707.8856175082994, "log10_alpha": -3.9935108810927495, "log10_colsample_bytree": -0.7314010592829303, "log10_eta": -3.2013161090559326, "log10_lambda": -1.4710028463248541, "log10_min_child_weight": 1.023589075647784, "log10_subsample": -0.23623283447687837, "max_depth": 9.0, "num_boost_round": 23.0}, "datetime": {"datetime": "2024-01-19 01:37:48", "elapsed": 5167.923188, "delta": 0.005217}}
{"target": -13.758052024615914, "params": {"gamma": 707.8856175082994, "log10_alpha": -3.9935108810927495, "log10_colsample_bytree": -0.7314010592829303, "log10_eta": -3.2013161090559326, "log10_lambda": -1.4710028463248541, "log10_min_child_weight": 1.023589075647784, "log10_subsample": -0.23623283447687837, "max_depth": 9.0, "num_boost_round": 24.0}, "datetime": {"datetime": "2024-01-19 01:37:48", "elapsed": 5167.928282, "delta": 0.005094}}
{"target": -13.758041128521414, "params": {"gamma": 707.8856175082994, "log10_alpha": -3.9935108810927495, "log10_colsample_bytree": -0.7314010592829303, "log10_eta": -3.2013161090559326, "log10_lambda": -1.4710028463248541, "log10_min_child_weight": 1.023589075647784, "log10_subsample": -0.23623283447687837, "max_depth": 9.0, "num_boost_round": 25.0}, "datetime": {"datetime": "2024-01-19 01:37:48", "elapsed": 5167.933372, "delta": 0.00509}}
