{"target": -17.67687093831608, "params": {"gamma": 447.356622549513, "log10_alpha": -2.652038185054553, "log10_colsample_bytree": -0.590046510452265, "log10_eta": -3.2368756518389077, "log10_lambda": -0.7778688811562358, "log10_min_child_weight": 3.049417965805303, "log10_subsample": -0.2882065574871322, "max_depth": 9.0, "num_boost_round": 16.0}, "datetime": {"datetime": "2024-01-19 01:28:17", "elapsed": 4601.872143, "delta": 0.003353}}
{"target": -17.676845459744687, "params": {"gamma": 447.356622549513, "log10_alpha": -2.652038185054553, "log10_colsample_bytree": -0.590046510452265, "log10_eta": -3.2368756518389077, "log10_lambda": -0.7778688811562358, "log10_min_child_weight": 3.049417965805303, "log10_subsample": -0.2882065574871322, "max_depth": 9.0, "num_boost_round": 17.0}, "datetime": {"datetime": "2024-01-19 01:28:17", "elapsed": 4601.875685, "delta": 0.003542}}
{"target": -17.676877387223442, "params": {"gamma": 447.356622549513, "log10_alpha": -2.652038185054553, "log10_colsample_bytree": -0.590046510452265, "log10_eta": -3.2368756518389077, "log10_lambda": -0.7778688811562358, "log10_min_child_weight": 3.049417965805303, "log10_subsample": -0.2882065574871322, "max_depth": 9.0, "num_boost_round": 18.0}, "datetime": {"datetime": "2024-01-19 01:28:17", "elapsed": 4601.879139, "delta": 0.003454}}
{"target": -17.67686351848344, "params": {"gamma": 447.356622549513, "log10_alpha": -2.652038185054553, "log10_colsample_bytree": -0.590046510452265, "log10_eta": -3.2368756518389077, "log10_lambda": -0.7778688811562358, "log10_min_child_weight": 3.049417965805303, "log10_subsample": -0.2882065574871322, "max_depth": 9.0, "num_boost_round": 19.0}, "datetime": {"datetime": "2024-01-19 01:28:17", "elapsed": 4601.882612, "delta": 0.003473}}
{"target": -17.676855505800894, "params": {"gamma": 447.356622549513, "log10_alpha": -2.652038185054553, "log10_colsample_bytree": -0.590046510452265, "log10_eta": -3.2368756518389077, "log10_lambda": -0.7778688811562358, "log10_min_child_weight": 3.049417965805303, "log10_subsample": -0.2882065574871322, "max_depth": 9.0, "num_boost_round": 20.0}, "datetime": {"datetime": "2024-01-19 01:28:17", "elapsed": 4601.885939, "delta": 0.003327}}
{"target": -17.67682462257386, "params": {"gamma": 447.356622549513, "log10_alpha": -2.652038185054553, "log10_colsample_bytree": -0.590046510452265, "log10_eta": -3.2368756518389077, "log10_lambda": -0.7778688811562358, "log10_min_child_weight": 3.049417965805303, "log10_subsample": -0.2882065574871322, "max_depth": 9.0, "num_boost_round": 21.0}, "datetime": {"datetime": "2024-01-19 01:28:17", "elapsed": 4601.889275, "delta": 0.003336}}
{"target": -17.67677080514992, "params": {"gamma": 447.356622549513, "log10_alpha": -2.652038185054553, "log10_colsample_bytree": -0.590046510452265, "log10_eta": -3.2368756518389077, "log10_lambda": -0.7778688811562358, "log10_min_child_weight": 3.049417965805303, "log10_subsample": -0.2882065574871322, "max_depth": 9.0, "num_boost_round": 22.0}, "datetime": {"datetime": "2024-01-19 01:28:17", "elapsed": 4601.892702, "delta": 0.003427}}
{"target": -17.676729323506002, "params": {"gamma": 447.356622549513, "log10_alpha": -2.652038185054553, "log10_colsample_bytree": -0.590046510452265, "log10_eta": -3.2368756518389077, "log10_lambda": -0.7778688811562358, "log10_min_child_weight": 3.049417965805303, "log10_subsample": -0.2882065574871322, "max_depth": 9.0, "num_boost_round": 23.0}, "datetime": {"datetime": "2024-01-19 01:28:17", "elapsed": 4601.896115, "delta": 0.003413}}
{"target": -17.67670384675627, "params": {"gamma": 447.356622549513, "log10_alpha": -2.652038185054553, "log10_colsample_bytree": -0.590046510452265, "log10_eta": -3.2368756518389077, "log10_lambda": -0.7778688811562358, "log10_min_child_weight": 3.049417965805303, "log10_subsample": -0.2882065574871322, "max_depth": 9.0, "num_boost_round": 24.0}, "datetime": {"datetime": "2024-01-19 01:28:17", "elapsed": 4601.899415, "delta": 0.0033}}
{"target": -17.676681009641936, "params": {"gamma": 447.356622549513, "log10_alpha": -2.652038185054553, "log10_colsample_bytree": -0.590046510452265, "log10_eta": -3.2368756518389077, "log10_lambda": -0.7778688811562358, "log10_min_child_weight": 3.049417965805303, "log10_subsample": -0.2882065574871322, "max_depth": 9.0, "num_boost_round": 25.0}, "datetime": {"datetime": "2024-01-19 01:28:17", "elapsed": 4601.902718, "delta": 0.003303}}
{"target": -17.676688290480268, "params": {"gamma": 447.356622549513, "log10_alpha": -2.652038185054553, "log10_colsample_bytree": -0.590046510452265, "log10_eta": -3.2368756518389077, "log10_lambda": -0.7778688811562358, "log10_min_child_weight": 3.049417965805303, "log10_subsample": -0.2882065574871322, "max_depth": 9.0, "num_boost_round": 26.0}, "datetime": {"datetime": "2024-01-19 01:28:17", "elapsed": 4601.906014, "delta": 0.003296}}
{"target": -17.676675549677135, "params": {"gamma": 447.356622549513, "log10_alpha": -2.652038185054553, "log10_colsample_bytree": -0.590046510452265, "log10_eta": -3.2368756518389077, "log10_lambda": -0.7778688811562358, "log10_min_child_weight": 3.049417965805303, "log10_subsample": -0.2882065574871322, "max_depth": 9.0, "num_boost_round": 27.0}, "datetime": {"datetime": "2024-01-19 01:28:17", "elapsed": 4601.909332, "delta": 0.003318}}
{"target": -17.676631887967687, "params": {"gamma": 447.356622549513, "log10_alpha": -2.652038185054553, "log10_colsample_bytree": -0.590046510452265, "log10_eta": -3.2368756518389077, "log10_lambda": -0.7778688811562358, "log10_min_child_weight": 3.049417965805303, "log10_subsample": -0.2882065574871322, "max_depth": 9.0, "num_boost_round": 28.0}, "datetime": {"datetime": "2024-01-19 01:28:17", "elapsed": 4601.912831, "delta": 0.003499}}
{"target": -17.676595824659994, "params": {"gamma": 447.356622549513, "log10_alpha": -2.652038185054553, "log10_colsample_bytree": -0.590046510452265, "log10_eta": -3.2368756518389077, "log10_lambda": -0.7778688811562358, "log10_min_child_weight": 3.049417965805303, "log10_subsample": -0.2882065574871322, "max_depth": 9.0, "num_boost_round": 29.0}, "datetime": {"datetime": "2024-01-19 01:28:17", "elapsed": 4601.91621, "delta": 0.003379}}
{"target": -17.677235951090168, "params": {"gamma": 431.88123031035485, "log10_alpha": 0.9890820051230556, "log10_colsample_bytree": -0.44954251850247007, "log10_eta": -3.2413953088288787, "log10_lambda": -0.08679379157096889, "log10_min_child_weight": 3.7951033394745477, "log10_subsample": -0.7848331572992776, "max_depth": 8.0, "num_boost_round": 0.0}, "datetime": {"datetime": "2024-01-19 01:29:19", "elapsed": 4663.859352, "delta": 61.943142}}
{"target": -17.677231976368454, "params": {"gamma": 431.88123031035485, "log10_alpha": 0.9890820051230556, "log10_colsample_bytree": -0.44954251850247007, "log10_eta": -3.2413953088288787, "log10_lambda": -0.08679379157096889, "log10_min_child_weight": 3.7951033394745477, "log10_subsample": -0.7848331572992776, "max_depth": 8.0, "num_boost_round": 1.0}, "datetime": {"datetime": "2024-01-19 01:29:19", "elapsed": 4663.863574, "delta": 0.004222}}
{"target": -17.677249164775453, "params": {"gamma": 431.88123031035485, "log10_alpha": 0.9890820051230556, "log10_colsample_bytree": -0.44954251850247007, "log10_eta": -3.2413953088288787, "log10_lambda": -0.08679379157096889, "log10_min_child_weight": 3.7951033394745477, "log10_subsample": -0.7848331572992776, "max_depth": 8.0, "num_boost_round": 2.0}, "datetime": {"datetime": "2024-01-19 01:29:19", "elapsed": 4663.867223, "delta": 0.003649}}
{"target": -17.677251494812644, "params": {"gamma": 431.88123031035485, "log10_alpha": 0.9890820051230556, "log10_colsample_bytree": -0.44954251850247007, "log10_eta": -3.2413953088288787, "log10_lambda": -0.08679379157096889, "log10_min_child_weight": 3.7951033394745477, "log10_subsample": -0.7848331572992776, "max_depth": 8.0, "num_boost_round": 3.0}, "datetime": {"datetime": "2024-01-19 01:29:19", "elapsed": 4663.870723, "delta": 0.0035}}
{"target": -17.67725697173595, "params": {"gamma": 431.88123031035485, "log10_alpha": 0.9890820051230556, "log10_colsample_bytree": -0.44954251850247007, "log10_eta": -3.2413953088288787, "log10_lambda": -0.08679379157096889, "log10_min_child_weight": 3.7951033394745477, "log10_subsample": -0.7848331572992776, "max_depth": 8.0, "num_boost_round": 4.0}, "datetime": {"datetime": "2024-01-19 01:29:19", "elapsed": 4663.874307, "delta": 0.003584}}
{"target": -17.67725813447254, "params": {"gamma": 431.88123031035485, "log10_alpha": 0.9890820051230556, "log10_colsample_bytree": -0.44954251850247007, "log10_eta": -3.2413953088288787, "log10_lambda": -0.08679379157096889, "log10_min_child_weight": 3.7951033394745477, "log10_subsample": -0.7848331572992776, "max_depth": 8.0, "num_boost_round": 5.0}, "datetime": {"datetime": "2024-01-19 01:29:19", "elapsed": 4663.877938, "delta": 0.003631}}
{"target": -17.677256430735323, "params": {"gamma": 431.88123031035485, "log10_alpha": 0.9890820051230556, "log10_colsample_bytree": -0.44954251850247007, "log10_eta": -3.2413953088288787, "log10_lambda": -0.08679379157096889, "log10_min_child_weight": 3.7951033394745477, "log10_subsample": -0.7848331572992776, "max_depth": 8.0, "num_boost_round": 6.0}, "datetime": {"datetime": "2024-01-19 01:29:19", "elapsed": 4663.881373, "delta": 0.003435}}
{"target": -17.67725498524512, "params": {"gamma": 431.88123031035485, "log10_alpha": 0.9890820051230556, "log10_colsample_bytree": -0.44954251850247007, "log10_eta": -3.2413953088288787, "log10_lambda": -0.08679379157096889, "log10_min_child_weight": 3.7951033394745477, "log10_subsample": -0.7848331572992776, "max_depth": 8.0, "num_boost_round": 7.0}, "datetime": {"datetime": "2024-01-19 01:29:19", "elapsed": 4663.884864, "delta": 0.003491}}
{"target": -17.677249806877604, "params": {"gamma": 431.88123031035485, "log10_alpha": 0.9890820051230556, "log10_colsample_bytree": -0.44954251850247007, "log10_eta": -3.2413953088288787, "log10_lambda": -0.08679379157096889, "log10_min_child_weight": 3.7951033394745477, "log10_subsample": -0.7848331572992776, "max_depth": 8.0, "num_boost_round": 8.0}, "datetime": {"datetime": "2024-01-19 01:29:19", "elapsed": 4663.888227, "delta": 0.003363}}
{"target": -17.677242172559417, "params": {"gamma": 431.88123031035485, "log10_alpha": 0.9890820051230556, "log10_colsample_bytree": -0.44954251850247007, "log10_eta": -3.2413953088288787, "log10_lambda": -0.08679379157096889, "log10_min_child_weight": 3.7951033394745477, "log10_subsample": -0.7848331572992776, "max_depth": 8.0, "num_boost_round": 9.0}, "datetime": {"datetime": "2024-01-19 01:29:19", "elapsed": 4663.891706, "delta": 0.003479}}
{"target": -17.677232830125185, "params": {"gamma": 431.88123031035485, "log10_alpha": 0.9890820051230556, "log10_colsample_bytree": -0.44954251850247007, "log10_eta": -3.2413953088288787, "log10_lambda": -0.08679379157096889, "log10_min_child_weight": 3.7951033394745477, "log10_subsample": -0.7848331572992776, "max_depth": 8.0, "num_boost_round": 10.0}, "datetime": {"datetime": "2024-01-19 01:29:19", "elapsed": 4663.895171, "delta": 0.003465}}
{"target": -17.677219893282082, "params": {"gamma": 431.88123031035485, "log10_alpha": 0.9890820051230556, "log10_colsample_bytree": -0.44954251850247007, "log10_eta": -3.2413953088288787, "log10_lambda": -0.08679379157096889, "log10_min_child_weight": 3.7951033394745477, "log10_subsample": -0.7848331572992776, "max_depth": 8.0, "num_boost_round": 11.0}, "datetime": {"datetime": "2024-01-19 01:29:19", "elapsed": 4663.898645, "delta": 0.003474}}
{"target": -17.6772228158213, "params": {"gamma": 431.88123031035485, "log10_alpha": 0.9890820051230556, "log10_colsample_bytree": -0.44954251850247007, "log10_eta": -3.2413953088288787, "log10_lambda": -0.08679379157096889, "log10_min_child_weight": 3.7951033394745477, "log10_subsample": -0.7848331572992776, "max_depth": 8.0, "num_boost_round": 12.0}, "datetime": {"datetime": "2024-01-19 01:29:19", "elapsed": 4663.902003, "delta": 0.003358}}
{"target": -17.677214270455405, "params": {"gamma": 431.88123031035485, "log10_alpha": 0.9890820051230556, "log10_colsample_bytree": -0.44954251850247007, "log10_eta": -3.2413953088288787, "log10_lambda": -0.08679379157096889, "log10_min_child_weight": 3.7951033394745477, "log10_subsample": -0.7848331572992776, "max_depth": 8.0, "num_boost_round": 13.0}, "datetime": {"datetime": "2024-01-19 01:29:19", "elapsed": 4663.905458, "delta": 0.003455}}
{"target": -17.67721504653548, "params": {"gamma": 431.88123031035485, "log10_alpha": 0.9890820051230556, "log10_colsample_bytree": -0.44954251850247007, "log10_eta": -3.2413953088288787, "log10_lambda": -0.08679379157096889, "log10_min_child_weight": 3.7951033394745477, "log10_subsample": -0.7848331572992776, "max_depth": 8.0, "num_boost_round": 14.0}, "datetime": {"datetime": "2024-01-19 01:29:19", "elapsed": 4663.90883, "delta": 0.003372}}
{"target": -17.677204730342975, "params": {"gamma": 431.88123031035485, "log10_alpha": 0.9890820051230556, "log10_colsample_bytree": -0.44954251850247007, "log10_eta": -3.2413953088288787, "log10_lambda": -0.08679379157096889, "log10_min_child_weight": 3.7951033394745477, "log10_subsample": -0.7848331572992776, "max_depth": 8.0, "num_boost_round": 15.0}, "datetime": {"datetime": "2024-01-19 01:29:19", "elapsed": 4663.912355, "delta": 0.003525}}
{"target": -17.677206755505104, "params": {"gamma": 431.88123031035485, "log10_alpha": 0.9890820051230556, "log10_colsample_bytree": -0.44954251850247007, "log10_eta": -3.2413953088288787, "log10_lambda": -0.08679379157096889, "log10_min_child_weight": 3.7951033394745477, "log10_subsample": -0.7848331572992776, "max_depth": 8.0, "num_boost_round": 16.0}, "datetime": {"datetime": "2024-01-19 01:29:19", "elapsed": 4663.915824, "delta": 0.003469}}
{"target": -17.677205478196115, "params": {"gamma": 431.88123031035485, "log10_alpha": 0.9890820051230556, "log10_colsample_bytree": -0.44954251850247007, "log10_eta": -3.2413953088288787, "log10_lambda": -0.08679379157096889, "log10_min_child_weight": 3.7951033394745477, "log10_subsample": -0.7848331572992776, "max_depth": 8.0, "num_boost_round": 17.0}, "datetime": {"datetime": "2024-01-19 01:29:19", "elapsed": 4663.919282, "delta": 0.003458}}
{"target": -17.677197271836395, "params": {"gamma": 431.88123031035485, "log10_alpha": 0.9890820051230556, "log10_colsample_bytree": -0.44954251850247007, "log10_eta": -3.2413953088288787, "log10_lambda": -0.08679379157096889, "log10_min_child_weight": 3.7951033394745477, "log10_subsample": -0.7848331572992776, "max_depth": 8.0, "num_boost_round": 18.0}, "datetime": {"datetime": "2024-01-19 01:29:19", "elapsed": 4663.922633, "delta": 0.003351}}
{"target": -17.677236173138564, "params": {"gamma": 430.697019723584, "log10_alpha": -0.9940338411442813, "log10_colsample_bytree": -0.257944827650746, "log10_eta": -3.68598673614294, "log10_lambda": 0.6765432904170305, "log10_min_child_weight": 0.610635334306005, "log10_subsample": -0.9513552616908606, "max_depth": 7.0, "num_boost_round": 0.0}, "datetime": {"datetime": "2024-01-19 01:30:15", "elapsed": 4720.42573, "delta": 56.503097}}
{"target": -17.67723083216562, "params": {"gamma": 430.697019723584, "log10_alpha": -0.9940338411442813, "log10_colsample_bytree": -0.257944827650746, "log10_eta": -3.68598673614294, "log10_lambda": 0.6765432904170305, "log10_min_child_weight": 0.610635334306005, "log10_subsample": -0.9513552616908606, "max_depth": 7.0, "num_boost_round": 1.0}, "datetime": {"datetime": "2024-01-19 01:30:15", "elapsed": 4720.429712, "delta": 0.003982}}
{"target": -17.677217855803775, "params": {"gamma": 430.697019723584, "log10_alpha": -0.9940338411442813, "log10_colsample_bytree": -0.257944827650746, "log10_eta": -3.68598673614294, "log10_lambda": 0.6765432904170305, "log10_min_child_weight": 0.610635334306005, "log10_subsample": -0.9513552616908606, "max_depth": 7.0, "num_boost_round": 2.0}, "datetime": {"datetime": "2024-01-19 01:30:15", "elapsed": 4720.433278, "delta": 0.003566}}
{"target": -17.67721193380797, "params": {"gamma": 430.697019723584, "log10_alpha": -0.9940338411442813, "log10_colsample_bytree": -0.257944827650746, "log10_eta": -3.68598673614294, "log10_lambda": 0.6765432904170305, "log10_min_child_weight": 0.610635334306005, "log10_subsample": -0.9513552616908606, "max_depth": 7.0, "num_boost_round": 3.0}, "datetime": {"datetime": "2024-01-19 01:30:15", "elapsed": 4720.436675, "delta": 0.003397}}
{"target": -17.677188381335863, "params": {"gamma": 430.697019723584, "log10_alpha": -0.9940338411442813, "log10_colsample_bytree": -0.257944827650746, "log10_eta": -3.68598673614294, "log10_lambda": 0.6765432904170305, "log10_min_child_weight": 0.610635334306005, "log10_subsample": -0.9513552616908606, "max_depth": 7.0, "num_boost_round": 4.0}, "datetime": {"datetime": "2024-01-19 01:30:15", "elapsed": 4720.440034, "delta": 0.003359}}
{"target": -17.67718997966703, "params": {"gamma": 430.697019723584, "log10_alpha": -0.9940338411442813, "log10_colsample_bytree": -0.257944827650746, "log10_eta": -3.68598673614294, "log10_lambda": 0.6765432904170305, "log10_min_child_weight": 0.610635334306005, "log10_subsample": -0.9513552616908606, "max_depth": 7.0, "num_boost_round": 5.0}, "datetime": {"datetime": "2024-01-19 01:30:15", "elapsed": 4720.443446, "delta": 0.003412}}
{"target": -17.677170431352735, "params": {"gamma": 430.697019723584, "log10_alpha": -0.9940338411442813, "log10_colsample_bytree": -0.257944827650746, "log10_eta": -3.68598673614294, "log10_lambda": 0.6765432904170305, "log10_min_child_weight": 0.610635334306005, "log10_subsample": -0.9513552616908606, "max_depth": 7.0, "num_boost_round": 6.0}, "datetime": {"datetime": "2024-01-19 01:30:15", "elapsed": 4720.446832, "delta": 0.003386}}
{"target": -17.677154817034367, "params": {"gamma": 430.697019723584, "log10_alpha": -0.9940338411442813, "log10_colsample_bytree": -0.257944827650746, "log10_eta": -3.68598673614294, "log10_lambda": 0.6765432904170305, "log10_min_child_weight": 0.610635334306005, "log10_subsample": -0.9513552616908606, "max_depth": 7.0, "num_boost_round": 7.0}, "datetime": {"datetime": "2024-01-19 01:30:15", "elapsed": 4720.450256, "delta": 0.003424}}
{"target": -17.677130816979815, "params": {"gamma": 430.697019723584, "log10_alpha": -0.9940338411442813, "log10_colsample_bytree": -0.257944827650746, "log10_eta": -3.68598673614294, "log10_lambda": 0.6765432904170305, "log10_min_child_weight": 0.610635334306005, "log10_subsample": -0.9513552616908606, "max_depth": 7.0, "num_boost_round": 8.0}, "datetime": {"datetime": "2024-01-19 01:30:15", "elapsed": 4720.454632, "delta": 0.004376}}
{"target": -17.67712159296748, "params": {"gamma": 430.697019723584, "log10_alpha": -0.9940338411442813, "log10_colsample_bytree": -0.257944827650746, "log10_eta": -3.68598673614294, "log10_lambda": 0.6765432904170305, "log10_min_child_weight": 0.610635334306005, "log10_subsample": -0.9513552616908606, "max_depth": 7.0, "num_boost_round": 9.0}, "datetime": {"datetime": "2024-01-19 01:30:15", "elapsed": 4720.458255, "delta": 0.003623}}
{"target": -17.677230526946683, "params": {"gamma": 424.441952658107, "log10_alpha": -3.2492289548858295, "log10_colsample_bytree": -0.13210329454775327, "log10_eta": -3.9851868191923243, "log10_lambda": -2.985845271463973, "log10_min_child_weight": 1.971938017744792, "log10_subsample": -0.6885656621742496, "max_depth": 7.0, "num_boost_round": 0.0}, "datetime": {"datetime": "2024-01-19 01:31:05", "elapsed": 4769.660396, "delta": 49.202141}}
{"target": -17.677228847009587, "params": {"gamma": 424.441952658107, "log10_alpha": -3.2492289548858295, "log10_colsample_bytree": -0.13210329454775327, "log10_eta": -3.9851868191923243, "log10_lambda": -2.985845271463973, "log10_min_child_weight": 1.971938017744792, "log10_subsample": -0.6885656621742496, "max_depth": 7.0, "num_boost_round": 1.0}, "datetime": {"datetime": "2024-01-19 01:31:05", "elapsed": 4769.664426, "delta": 0.00403}}
{"target": -17.67722197172326, "params": {"gamma": 424.441952658107, "log10_alpha": -3.2492289548858295, "log10_colsample_bytree": -0.13210329454775327, "log10_eta": -3.9851868191923243, "log10_lambda": -2.985845271463973, "log10_min_child_weight": 1.971938017744792, "log10_subsample": -0.6885656621742496, "max_depth": 7.0, "num_boost_round": 2.0}, "datetime": {"datetime": "2024-01-19 01:31:05", "elapsed": 4769.667875, "delta": 0.003449}}
{"target": -17.677220910923577, "params": {"gamma": 424.441952658107, "log10_alpha": -3.2492289548858295, "log10_colsample_bytree": -0.13210329454775327, "log10_eta": -3.9851868191923243, "log10_lambda": -2.985845271463973, "log10_min_child_weight": 1.971938017744792, "log10_subsample": -0.6885656621742496, "max_depth": 7.0, "num_boost_round": 3.0}, "datetime": {"datetime": "2024-01-19 01:31:05", "elapsed": 4769.671298, "delta": 0.003423}}
{"target": -17.67722046387354, "params": {"gamma": 424.441952658107, "log10_alpha": -3.2492289548858295, "log10_colsample_bytree": -0.13210329454775327, "log10_eta": -3.9851868191923243, "log10_lambda": -2.985845271463973, "log10_min_child_weight": 1.971938017744792, "log10_subsample": -0.6885656621742496, "max_depth": 7.0, "num_boost_round": 4.0}, "datetime": {"datetime": "2024-01-19 01:31:05", "elapsed": 4769.674835, "delta": 0.003537}}
{"target": -17.677216897423996, "params": {"gamma": 424.441952658107, "log10_alpha": -3.2492289548858295, "log10_colsample_bytree": -0.13210329454775327, "log10_eta": -3.9851868191923243, "log10_lambda": -2.985845271463973, "log10_min_child_weight": 1.971938017744792, "log10_subsample": -0.6885656621742496, "max_depth": 7.0, "num_boost_round": 5.0}, "datetime": {"datetime": "2024-01-19 01:31:05", "elapsed": 4769.678359, "delta": 0.003524}}
