{"target": -17.677150801034625, "params": {"gamma": 429.7217530467571, "log10_alpha": -2.14067221756301, "log10_colsample_bytree": -1.0, "log10_eta": -4.0, "log10_lambda": 0.790934566156522, "log10_min_child_weight": 2.7094648095778213, "log10_subsample": -1.0, "max_depth": 7.0, "num_boost_round": 37.0}, "datetime": {"datetime": "2024-01-19 00:26:35", "elapsed": 888.622177, "delta": 0.0018}}
{"target": -17.67714803008647, "params": {"gamma": 429.7217530467571, "log10_alpha": -2.14067221756301, "log10_colsample_bytree": -1.0, "log10_eta": -4.0, "log10_lambda": 0.790934566156522, "log10_min_child_weight": 2.7094648095778213, "log10_subsample": -1.0, "max_depth": 7.0, "num_boost_round": 38.0}, "datetime": {"datetime": "2024-01-19 00:26:35", "elapsed": 888.623965, "delta": 0.001788}}
{"target": -17.67714610889682, "params": {"gamma": 429.7217530467571, "log10_alpha": -2.14067221756301, "log10_colsample_bytree": -1.0, "log10_eta": -4.0, "log10_lambda": 0.790934566156522, "log10_min_child_weight": 2.7094648095778213, "log10_subsample": -1.0, "max_depth": 7.0, "num_boost_round": 39.0}, "datetime": {"datetime": "2024-01-19 00:26:35", "elapsed": 888.625775, "delta": 0.00181}}
{"target": -17.677218981347274, "params": {"gamma": 418.59572578824145, "log10_alpha": 0.7256017114781219, "log10_colsample_bytree": -0.4083398930757415, "log10_eta": -3.6053830615492353, "log10_lambda": -1.85631271599352, "log10_min_child_weight": 3.611123799322783, "log10_subsample": -0.743030406520646, "max_depth": 8.0, "num_boost_round": 0.0}, "datetime": {"datetime": "2024-01-19 00:27:06", "elapsed": 918.99282, "delta": 30.367045}}
{"target": -17.677212400900324, "params": {"gamma": 418.59572578824145, "log10_alpha": 0.7256017114781219, "log10_colsample_bytree": -0.4083398930757415, "log10_eta": -3.6053830615492353, "log10_lambda": -1.85631271599352, "log10_min_child_weight": 3.611123799322783, "log10_subsample": -0.743030406520646, "max_depth": 8.0, "num_boost_round": 1.0}, "datetime": {"datetime": "2024-01-19 00:27:06", "elapsed": 918.995399, "delta": 0.002579}}
{"target": -17.677207189310437, "params": {"gamma": 418.59572578824145, "log10_alpha": 0.7256017114781219, "log10_colsample_bytree": -0.4083398930757415, "log10_eta": -3.6053830615492353, "log10_lambda": -1.85631271599352, "log10_min_child_weight": 3.611123799322783, "log10_subsample": -0.743030406520646, "max_depth": 8.0, "num_boost_round": 2.0}, "datetime": {"datetime": "2024-01-19 00:27:06", "elapsed": 918.997806, "delta": 0.002407}}
{"target": -17.67720270147604, "params": {"gamma": 418.59572578824145, "log10_alpha": 0.7256017114781219, "log10_colsample_bytree": -0.4083398930757415, "log10_eta": -3.6053830615492353, "log10_lambda": -1.85631271599352, "log10_min_child_weight": 3.611123799322783, "log10_subsample": -0.743030406520646, "max_depth": 8.0, "num_boost_round": 3.0}, "datetime": {"datetime": "2024-01-19 00:27:06", "elapsed": 918.999655, "delta": 0.001849}}
{"target": -17.677194028957945, "params": {"gamma": 418.59572578824145, "log10_alpha": 0.7256017114781219, "log10_colsample_bytree": -0.4083398930757415, "log10_eta": -3.6053830615492353, "log10_lambda": -1.85631271599352, "log10_min_child_weight": 3.611123799322783, "log10_subsample": -0.743030406520646, "max_depth": 8.0, "num_boost_round": 4.0}, "datetime": {"datetime": "2024-01-19 00:27:06", "elapsed": 919.00163, "delta": 0.001975}}
{"target": -17.677194652656393, "params": {"gamma": 418.59572578824145, "log10_alpha": 0.7256017114781219, "log10_colsample_bytree": -0.4083398930757415, "log10_eta": -3.6053830615492353, "log10_lambda": -1.85631271599352, "log10_min_child_weight": 3.611123799322783, "log10_subsample": -0.743030406520646, "max_depth": 8.0, "num_boost_round": 5.0}, "datetime": {"datetime": "2024-01-19 00:27:06", "elapsed": 919.003707, "delta": 0.002077}}
{"target": -17.677196456741484, "params": {"gamma": 418.59572578824145, "log10_alpha": 0.7256017114781219, "log10_colsample_bytree": -0.4083398930757415, "log10_eta": -3.6053830615492353, "log10_lambda": -1.85631271599352, "log10_min_child_weight": 3.611123799322783, "log10_subsample": -0.743030406520646, "max_depth": 8.0, "num_boost_round": 6.0}, "datetime": {"datetime": "2024-01-19 00:27:06", "elapsed": 919.00559, "delta": 0.001883}}
{"target": -17.67719477577871, "params": {"gamma": 418.59572578824145, "log10_alpha": 0.7256017114781219, "log10_colsample_bytree": -0.4083398930757415, "log10_eta": -3.6053830615492353, "log10_lambda": -1.85631271599352, "log10_min_child_weight": 3.611123799322783, "log10_subsample": -0.743030406520646, "max_depth": 8.0, "num_boost_round": 7.0}, "datetime": {"datetime": "2024-01-19 00:27:06", "elapsed": 919.007504, "delta": 0.001914}}
{"target": -17.677188741605292, "params": {"gamma": 418.59572578824145, "log10_alpha": 0.7256017114781219, "log10_colsample_bytree": -0.4083398930757415, "log10_eta": -3.6053830615492353, "log10_lambda": -1.85631271599352, "log10_min_child_weight": 3.611123799322783, "log10_subsample": -0.743030406520646, "max_depth": 8.0, "num_boost_round": 8.0}, "datetime": {"datetime": "2024-01-19 00:27:06", "elapsed": 919.00932, "delta": 0.001816}}
{"target": -17.67718459163553, "params": {"gamma": 418.59572578824145, "log10_alpha": 0.7256017114781219, "log10_colsample_bytree": -0.4083398930757415, "log10_eta": -3.6053830615492353, "log10_lambda": -1.85631271599352, "log10_min_child_weight": 3.611123799322783, "log10_subsample": -0.743030406520646, "max_depth": 8.0, "num_boost_round": 9.0}, "datetime": {"datetime": "2024-01-19 00:27:06", "elapsed": 919.011218, "delta": 0.001898}}
{"target": -17.67717933869715, "params": {"gamma": 418.59572578824145, "log10_alpha": 0.7256017114781219, "log10_colsample_bytree": -0.4083398930757415, "log10_eta": -3.6053830615492353, "log10_lambda": -1.85631271599352, "log10_min_child_weight": 3.611123799322783, "log10_subsample": -0.743030406520646, "max_depth": 8.0, "num_boost_round": 10.0}, "datetime": {"datetime": "2024-01-19 00:27:06", "elapsed": 919.013039, "delta": 0.001821}}
{"target": -17.677170270594992, "params": {"gamma": 418.59572578824145, "log10_alpha": 0.7256017114781219, "log10_colsample_bytree": -0.4083398930757415, "log10_eta": -3.6053830615492353, "log10_lambda": -1.85631271599352, "log10_min_child_weight": 3.611123799322783, "log10_subsample": -0.743030406520646, "max_depth": 8.0, "num_boost_round": 11.0}, "datetime": {"datetime": "2024-01-19 00:27:06", "elapsed": 919.01485, "delta": 0.001811}}
{"target": -17.67716181771803, "params": {"gamma": 418.59572578824145, "log10_alpha": 0.7256017114781219, "log10_colsample_bytree": -0.4083398930757415, "log10_eta": -3.6053830615492353, "log10_lambda": -1.85631271599352, "log10_min_child_weight": 3.611123799322783, "log10_subsample": -0.743030406520646, "max_depth": 8.0, "num_boost_round": 12.0}, "datetime": {"datetime": "2024-01-19 00:27:06", "elapsed": 919.016647, "delta": 0.001797}}
{"target": -17.677159447212446, "params": {"gamma": 418.59572578824145, "log10_alpha": 0.7256017114781219, "log10_colsample_bytree": -0.4083398930757415, "log10_eta": -3.6053830615492353, "log10_lambda": -1.85631271599352, "log10_min_child_weight": 3.611123799322783, "log10_subsample": -0.743030406520646, "max_depth": 8.0, "num_boost_round": 13.0}, "datetime": {"datetime": "2024-01-19 00:27:06", "elapsed": 919.018444, "delta": 0.001797}}
{"target": -17.67715774460759, "params": {"gamma": 418.59572578824145, "log10_alpha": 0.7256017114781219, "log10_colsample_bytree": -0.4083398930757415, "log10_eta": -3.6053830615492353, "log10_lambda": -1.85631271599352, "log10_min_child_weight": 3.611123799322783, "log10_subsample": -0.743030406520646, "max_depth": 8.0, "num_boost_round": 14.0}, "datetime": {"datetime": "2024-01-19 00:27:06", "elapsed": 919.020286, "delta": 0.001842}}
{"target": -17.677151423656998, "params": {"gamma": 418.59572578824145, "log10_alpha": 0.7256017114781219, "log10_colsample_bytree": -0.4083398930757415, "log10_eta": -3.6053830615492353, "log10_lambda": -1.85631271599352, "log10_min_child_weight": 3.611123799322783, "log10_subsample": -0.743030406520646, "max_depth": 8.0, "num_boost_round": 15.0}, "datetime": {"datetime": "2024-01-19 00:27:06", "elapsed": 919.022184, "delta": 0.001898}}
{"target": -17.677154313689357, "params": {"gamma": 418.59572578824145, "log10_alpha": 0.7256017114781219, "log10_colsample_bytree": -0.4083398930757415, "log10_eta": -3.6053830615492353, "log10_lambda": -1.85631271599352, "log10_min_child_weight": 3.611123799322783, "log10_subsample": -0.743030406520646, "max_depth": 8.0, "num_boost_round": 16.0}, "datetime": {"datetime": "2024-01-19 00:27:06", "elapsed": 919.024003, "delta": 0.001819}}
{"target": -17.67714989550184, "params": {"gamma": 418.59572578824145, "log10_alpha": 0.7256017114781219, "log10_colsample_bytree": -0.4083398930757415, "log10_eta": -3.6053830615492353, "log10_lambda": -1.85631271599352, "log10_min_child_weight": 3.611123799322783, "log10_subsample": -0.743030406520646, "max_depth": 8.0, "num_boost_round": 17.0}, "datetime": {"datetime": "2024-01-19 00:27:06", "elapsed": 919.025809, "delta": 0.001806}}
{"target": -17.67714105361918, "params": {"gamma": 418.59572578824145, "log10_alpha": 0.7256017114781219, "log10_colsample_bytree": -0.4083398930757415, "log10_eta": -3.6053830615492353, "log10_lambda": -1.85631271599352, "log10_min_child_weight": 3.611123799322783, "log10_subsample": -0.743030406520646, "max_depth": 8.0, "num_boost_round": 18.0}, "datetime": {"datetime": "2024-01-19 00:27:06", "elapsed": 919.027753, "delta": 0.001944}}
{"target": -17.677132751034623, "params": {"gamma": 418.59572578824145, "log10_alpha": 0.7256017114781219, "log10_colsample_bytree": -0.4083398930757415, "log10_eta": -3.6053830615492353, "log10_lambda": -1.85631271599352, "log10_min_child_weight": 3.611123799322783, "log10_subsample": -0.743030406520646, "max_depth": 8.0, "num_boost_round": 19.0}, "datetime": {"datetime": "2024-01-19 00:27:06", "elapsed": 919.029578, "delta": 0.001825}}
{"target": -17.677134062502272, "params": {"gamma": 418.59572578824145, "log10_alpha": 0.7256017114781219, "log10_colsample_bytree": -0.4083398930757415, "log10_eta": -3.6053830615492353, "log10_lambda": -1.85631271599352, "log10_min_child_weight": 3.611123799322783, "log10_subsample": -0.743030406520646, "max_depth": 8.0, "num_boost_round": 20.0}, "datetime": {"datetime": "2024-01-19 00:27:06", "elapsed": 919.031506, "delta": 0.001928}}
{"target": -17.677126587694925, "params": {"gamma": 418.59572578824145, "log10_alpha": 0.7256017114781219, "log10_colsample_bytree": -0.4083398930757415, "log10_eta": -3.6053830615492353, "log10_lambda": -1.85631271599352, "log10_min_child_weight": 3.611123799322783, "log10_subsample": -0.743030406520646, "max_depth": 8.0, "num_boost_round": 21.0}, "datetime": {"datetime": "2024-01-19 00:27:06", "elapsed": 919.033349, "delta": 0.001843}}
{"target": -17.677114804085843, "params": {"gamma": 418.59572578824145, "log10_alpha": 0.7256017114781219, "log10_colsample_bytree": -0.4083398930757415, "log10_eta": -3.6053830615492353, "log10_lambda": -1.85631271599352, "log10_min_child_weight": 3.611123799322783, "log10_subsample": -0.743030406520646, "max_depth": 8.0, "num_boost_round": 22.0}, "datetime": {"datetime": "2024-01-19 00:27:06", "elapsed": 919.035198, "delta": 0.001849}}
{"target": -17.67711437074809, "params": {"gamma": 418.59572578824145, "log10_alpha": 0.7256017114781219, "log10_colsample_bytree": -0.4083398930757415, "log10_eta": -3.6053830615492353, "log10_lambda": -1.85631271599352, "log10_min_child_weight": 3.611123799322783, "log10_subsample": -0.743030406520646, "max_depth": 8.0, "num_boost_round": 23.0}, "datetime": {"datetime": "2024-01-19 00:27:06", "elapsed": 919.037027, "delta": 0.001829}}
{"target": -17.677110579888417, "params": {"gamma": 418.59572578824145, "log10_alpha": 0.7256017114781219, "log10_colsample_bytree": -0.4083398930757415, "log10_eta": -3.6053830615492353, "log10_lambda": -1.85631271599352, "log10_min_child_weight": 3.611123799322783, "log10_subsample": -0.743030406520646, "max_depth": 8.0, "num_boost_round": 24.0}, "datetime": {"datetime": "2024-01-19 00:27:06", "elapsed": 919.038903, "delta": 0.001876}}
{"target": -17.67723153561528, "params": {"gamma": 428.1434213292946, "log10_alpha": -1.0434004015277778, "log10_colsample_bytree": -0.9648012183773793, "log10_eta": -3.575520627220438, "log10_lambda": -3.217863943450086, "log10_min_child_weight": 4.926646865825093, "log10_subsample": -0.899043013857683, "max_depth": 9.0, "num_boost_round": 0.0}, "datetime": {"datetime": "2024-01-19 00:27:38", "elapsed": 951.2371, "delta": 32.198197}}
{"target": -17.677228717223823, "params": {"gamma": 428.1434213292946, "log10_alpha": -1.0434004015277778, "log10_colsample_bytree": -0.9648012183773793, "log10_eta": -3.575520627220438, "log10_lambda": -3.217863943450086, "log10_min_child_weight": 4.926646865825093, "log10_subsample": -0.899043013857683, "max_depth": 9.0, "num_boost_round": 1.0}, "datetime": {"datetime": "2024-01-19 00:27:38", "elapsed": 951.239205, "delta": 0.002105}}
{"target": -17.677229394438694, "params": {"gamma": 428.1434213292946, "log10_alpha": -1.0434004015277778, "log10_colsample_bytree": -0.9648012183773793, "log10_eta": -3.575520627220438, "log10_lambda": -3.217863943450086, "log10_min_child_weight": 4.926646865825093, "log10_subsample": -0.899043013857683, "max_depth": 9.0, "num_boost_round": 2.0}, "datetime": {"datetime": "2024-01-19 00:27:38", "elapsed": 951.241268, "delta": 0.002063}}
{"target": -17.677228003067945, "params": {"gamma": 428.1434213292946, "log10_alpha": -1.0434004015277778, "log10_colsample_bytree": -0.9648012183773793, "log10_eta": -3.575520627220438, "log10_lambda": -3.217863943450086, "log10_min_child_weight": 4.926646865825093, "log10_subsample": -0.899043013857683, "max_depth": 9.0, "num_boost_round": 3.0}, "datetime": {"datetime": "2024-01-19 00:27:38", "elapsed": 951.243061, "delta": 0.001793}}
{"target": -17.67722677876168, "params": {"gamma": 428.1434213292946, "log10_alpha": -1.0434004015277778, "log10_colsample_bytree": -0.9648012183773793, "log10_eta": -3.575520627220438, "log10_lambda": -3.217863943450086, "log10_min_child_weight": 4.926646865825093, "log10_subsample": -0.899043013857683, "max_depth": 9.0, "num_boost_round": 4.0}, "datetime": {"datetime": "2024-01-19 00:27:38", "elapsed": 951.244871, "delta": 0.00181}}
{"target": -17.677227662621284, "params": {"gamma": 428.1434213292946, "log10_alpha": -1.0434004015277778, "log10_colsample_bytree": -0.9648012183773793, "log10_eta": -3.575520627220438, "log10_lambda": -3.217863943450086, "log10_min_child_weight": 4.926646865825093, "log10_subsample": -0.899043013857683, "max_depth": 9.0, "num_boost_round": 5.0}, "datetime": {"datetime": "2024-01-19 00:27:38", "elapsed": 951.246756, "delta": 0.001885}}
{"target": -17.677226084902674, "params": {"gamma": 428.1434213292946, "log10_alpha": -1.0434004015277778, "log10_colsample_bytree": -0.9648012183773793, "log10_eta": -3.575520627220438, "log10_lambda": -3.217863943450086, "log10_min_child_weight": 4.926646865825093, "log10_subsample": -0.899043013857683, "max_depth": 9.0, "num_boost_round": 6.0}, "datetime": {"datetime": "2024-01-19 00:27:38", "elapsed": 951.248563, "delta": 0.001807}}
{"target": -17.677224299369758, "params": {"gamma": 428.1434213292946, "log10_alpha": -1.0434004015277778, "log10_colsample_bytree": -0.9648012183773793, "log10_eta": -3.575520627220438, "log10_lambda": -3.217863943450086, "log10_min_child_weight": 4.926646865825093, "log10_subsample": -0.899043013857683, "max_depth": 9.0, "num_boost_round": 7.0}, "datetime": {"datetime": "2024-01-19 00:27:38", "elapsed": 951.250495, "delta": 0.001932}}
{"target": -17.677223165864735, "params": {"gamma": 428.1434213292946, "log10_alpha": -1.0434004015277778, "log10_colsample_bytree": -0.9648012183773793, "log10_eta": -3.575520627220438, "log10_lambda": -3.217863943450086, "log10_min_child_weight": 4.926646865825093, "log10_subsample": -0.899043013857683, "max_depth": 9.0, "num_boost_round": 8.0}, "datetime": {"datetime": "2024-01-19 00:27:38", "elapsed": 951.252437, "delta": 0.001942}}
{"target": -17.67722400193867, "params": {"gamma": 428.1434213292946, "log10_alpha": -1.0434004015277778, "log10_colsample_bytree": -0.9648012183773793, "log10_eta": -3.575520627220438, "log10_lambda": -3.217863943450086, "log10_min_child_weight": 4.926646865825093, "log10_subsample": -0.899043013857683, "max_depth": 9.0, "num_boost_round": 9.0}, "datetime": {"datetime": "2024-01-19 00:27:38", "elapsed": 951.254299, "delta": 0.001862}}
{"target": -17.67722417042641, "params": {"gamma": 428.1434213292946, "log10_alpha": -1.0434004015277778, "log10_colsample_bytree": -0.9648012183773793, "log10_eta": -3.575520627220438, "log10_lambda": -3.217863943450086, "log10_min_child_weight": 4.926646865825093, "log10_subsample": -0.899043013857683, "max_depth": 9.0, "num_boost_round": 10.0}, "datetime": {"datetime": "2024-01-19 00:27:38", "elapsed": 951.256117, "delta": 0.001818}}
{"target": -17.677221538260852, "params": {"gamma": 428.1434213292946, "log10_alpha": -1.0434004015277778, "log10_colsample_bytree": -0.9648012183773793, "log10_eta": -3.575520627220438, "log10_lambda": -3.217863943450086, "log10_min_child_weight": 4.926646865825093, "log10_subsample": -0.899043013857683, "max_depth": 9.0, "num_boost_round": 11.0}, "datetime": {"datetime": "2024-01-19 00:27:38", "elapsed": 951.25791, "delta": 0.001793}}
{"target": -17.677219963396897, "params": {"gamma": 428.1434213292946, "log10_alpha": -1.0434004015277778, "log10_colsample_bytree": -0.9648012183773793, "log10_eta": -3.575520627220438, "log10_lambda": -3.217863943450086, "log10_min_child_weight": 4.926646865825093, "log10_subsample": -0.899043013857683, "max_depth": 9.0, "num_boost_round": 12.0}, "datetime": {"datetime": "2024-01-19 00:27:38", "elapsed": 951.259706, "delta": 0.001796}}
{"target": -17.677219482498828, "params": {"gamma": 428.1434213292946, "log10_alpha": -1.0434004015277778, "log10_colsample_bytree": -0.9648012183773793, "log10_eta": -3.575520627220438, "log10_lambda": -3.217863943450086, "log10_min_child_weight": 4.926646865825093, "log10_subsample": -0.899043013857683, "max_depth": 9.0, "num_boost_round": 13.0}, "datetime": {"datetime": "2024-01-19 00:27:38", "elapsed": 951.261616, "delta": 0.00191}}
{"target": -17.67721945716818, "params": {"gamma": 428.1434213292946, "log10_alpha": -1.0434004015277778, "log10_colsample_bytree": -0.9648012183773793, "log10_eta": -3.575520627220438, "log10_lambda": -3.217863943450086, "log10_min_child_weight": 4.926646865825093, "log10_subsample": -0.899043013857683, "max_depth": 9.0, "num_boost_round": 14.0}, "datetime": {"datetime": "2024-01-19 00:27:38", "elapsed": 951.263408, "delta": 0.001792}}
{"target": -17.677218614000946, "params": {"gamma": 428.1434213292946, "log10_alpha": -1.0434004015277778, "log10_colsample_bytree": -0.9648012183773793, "log10_eta": -3.575520627220438, "log10_lambda": -3.217863943450086, "log10_min_child_weight": 4.926646865825093, "log10_subsample": -0.899043013857683, "max_depth": 9.0, "num_boost_round": 15.0}, "datetime": {"datetime": "2024-01-19 00:27:38", "elapsed": 951.265214, "delta": 0.001806}}
{"target": -17.67721727888778, "params": {"gamma": 428.1434213292946, "log10_alpha": -1.0434004015277778, "log10_colsample_bytree": -0.9648012183773793, "log10_eta": -3.575520627220438, "log10_lambda": -3.217863943450086, "log10_min_child_weight": 4.926646865825093, "log10_subsample": -0.899043013857683, "max_depth": 9.0, "num_boost_round": 16.0}, "datetime": {"datetime": "2024-01-19 00:27:38", "elapsed": 951.267055, "delta": 0.001841}}
{"target": -17.677216455695113, "params": {"gamma": 428.1434213292946, "log10_alpha": -1.0434004015277778, "log10_colsample_bytree": -0.9648012183773793, "log10_eta": -3.575520627220438, "log10_lambda": -3.217863943450086, "log10_min_child_weight": 4.926646865825093, "log10_subsample": -0.899043013857683, "max_depth": 9.0, "num_boost_round": 17.0}, "datetime": {"datetime": "2024-01-19 00:27:38", "elapsed": 951.268855, "delta": 0.0018}}
{"target": -17.677216235790045, "params": {"gamma": 428.1434213292946, "log10_alpha": -1.0434004015277778, "log10_colsample_bytree": -0.9648012183773793, "log10_eta": -3.575520627220438, "log10_lambda": -3.217863943450086, "log10_min_child_weight": 4.926646865825093, "log10_subsample": -0.899043013857683, "max_depth": 9.0, "num_boost_round": 18.0}, "datetime": {"datetime": "2024-01-19 00:27:38", "elapsed": 951.270734, "delta": 0.001879}}
{"target": -17.677213179736402, "params": {"gamma": 428.1434213292946, "log10_alpha": -1.0434004015277778, "log10_colsample_bytree": -0.9648012183773793, "log10_eta": -3.575520627220438, "log10_lambda": -3.217863943450086, "log10_min_child_weight": 4.926646865825093, "log10_subsample": -0.899043013857683, "max_depth": 9.0, "num_boost_round": 19.0}, "datetime": {"datetime": "2024-01-19 00:27:38", "elapsed": 951.272538, "delta": 0.001804}}
{"target": -17.677212558389755, "params": {"gamma": 428.1434213292946, "log10_alpha": -1.0434004015277778, "log10_colsample_bytree": -0.9648012183773793, "log10_eta": -3.575520627220438, "log10_lambda": -3.217863943450086, "log10_min_child_weight": 4.926646865825093, "log10_subsample": -0.899043013857683, "max_depth": 9.0, "num_boost_round": 20.0}, "datetime": {"datetime": "2024-01-19 00:27:38", "elapsed": 951.274339, "delta": 0.001801}}
{"target": -17.677209413106347, "params": {"gamma": 428.1434213292946, "log10_alpha": -1.0434004015277778, "log10_colsample_bytree": -0.9648012183773793, "log10_eta": -3.575520627220438, "log10_lambda": -3.217863943450086, "log10_min_child_weight": 4.926646865825093, "log10_subsample": -0.899043013857683, "max_depth": 9.0, "num_boost_round": 21.0}, "datetime": {"datetime": "2024-01-19 00:27:38", "elapsed": 951.276148, "delta": 0.001809}}
