{"target": -17.67722805764432, "params": {"gamma": 68.72001202795485, "log10_alpha": -4.060613350752092, "log10_colsample_bytree": -0.03802264669701261, "log10_eta": -3.410313144201661, "log10_lambda": 0.6395895412770631, "log10_min_child_weight": 3.8308053225707086, "log10_subsample": -0.8227262052294085, "max_depth": 5.0, "num_boost_round": 2.0}, "datetime": {"datetime": "2024-01-19 00:13:40", "elapsed": 127.928262, "delta": 0.000425}}
{"target": -17.67723542754485, "params": {"gamma": 68.72001202795485, "log10_alpha": -4.060613350752092, "log10_colsample_bytree": -0.03802264669701261, "log10_eta": -3.410313144201661, "log10_lambda": 0.6395895412770631, "log10_min_child_weight": 3.8308053225707086, "log10_subsample": -0.8227262052294085, "max_depth": 5.0, "num_boost_round": 3.0}, "datetime": {"datetime": "2024-01-19 00:13:40", "elapsed": 127.928797, "delta": 0.000535}}
{"target": -17.677246941352642, "params": {"gamma": 68.72001202795485, "log10_alpha": -4.060613350752092, "log10_colsample_bytree": -0.03802264669701261, "log10_eta": -3.410313144201661, "log10_lambda": 0.6395895412770631, "log10_min_child_weight": 3.8308053225707086, "log10_subsample": -0.8227262052294085, "max_depth": 5.0, "num_boost_round": 4.0}, "datetime": {"datetime": "2024-01-19 00:13:40", "elapsed": 127.929167, "delta": 0.00037}}
{"target": -17.677256256708297, "params": {"gamma": 68.72001202795485, "log10_alpha": -4.060613350752092, "log10_colsample_bytree": -0.03802264669701261, "log10_eta": -3.410313144201661, "log10_lambda": 0.6395895412770631, "log10_min_child_weight": 3.8308053225707086, "log10_subsample": -0.8227262052294085, "max_depth": 5.0, "num_boost_round": 5.0}, "datetime": {"datetime": "2024-01-19 00:13:40", "elapsed": 127.929528, "delta": 0.000361}}
{"target": -17.67725312682532, "params": {"gamma": 68.72001202795485, "log10_alpha": -4.060613350752092, "log10_colsample_bytree": -0.03802264669701261, "log10_eta": -3.410313144201661, "log10_lambda": 0.6395895412770631, "log10_min_child_weight": 3.8308053225707086, "log10_subsample": -0.8227262052294085, "max_depth": 5.0, "num_boost_round": 6.0}, "datetime": {"datetime": "2024-01-19 00:13:40", "elapsed": 127.929885, "delta": 0.000357}}
{"target": -17.677260887058292, "params": {"gamma": 68.72001202795485, "log10_alpha": -4.060613350752092, "log10_colsample_bytree": -0.03802264669701261, "log10_eta": -3.410313144201661, "log10_lambda": 0.6395895412770631, "log10_min_child_weight": 3.8308053225707086, "log10_subsample": -0.8227262052294085, "max_depth": 5.0, "num_boost_round": 7.0}, "datetime": {"datetime": "2024-01-19 00:13:40", "elapsed": 127.930247, "delta": 0.000362}}
{"target": -17.677262292675422, "params": {"gamma": 68.72001202795485, "log10_alpha": -4.060613350752092, "log10_colsample_bytree": -0.03802264669701261, "log10_eta": -3.410313144201661, "log10_lambda": 0.6395895412770631, "log10_min_child_weight": 3.8308053225707086, "log10_subsample": -0.8227262052294085, "max_depth": 5.0, "num_boost_round": 8.0}, "datetime": {"datetime": "2024-01-19 00:13:40", "elapsed": 127.930602, "delta": 0.000355}}
{"target": -17.67725897042645, "params": {"gamma": 68.72001202795485, "log10_alpha": -4.060613350752092, "log10_colsample_bytree": -0.03802264669701261, "log10_eta": -3.410313144201661, "log10_lambda": 0.6395895412770631, "log10_min_child_weight": 3.8308053225707086, "log10_subsample": -0.8227262052294085, "max_depth": 5.0, "num_boost_round": 9.0}, "datetime": {"datetime": "2024-01-19 00:13:40", "elapsed": 127.930966, "delta": 0.000364}}
{"target": -17.677269694776164, "params": {"gamma": 68.72001202795485, "log10_alpha": -4.060613350752092, "log10_colsample_bytree": -0.03802264669701261, "log10_eta": -3.410313144201661, "log10_lambda": 0.6395895412770631, "log10_min_child_weight": 3.8308053225707086, "log10_subsample": -0.8227262052294085, "max_depth": 5.0, "num_boost_round": 10.0}, "datetime": {"datetime": "2024-01-19 00:13:40", "elapsed": 127.931326, "delta": 0.00036}}
{"target": -17.677265663171706, "params": {"gamma": 68.72001202795485, "log10_alpha": -4.060613350752092, "log10_colsample_bytree": -0.03802264669701261, "log10_eta": -3.410313144201661, "log10_lambda": 0.6395895412770631, "log10_min_child_weight": 3.8308053225707086, "log10_subsample": -0.8227262052294085, "max_depth": 5.0, "num_boost_round": 11.0}, "datetime": {"datetime": "2024-01-19 00:13:40", "elapsed": 127.931686, "delta": 0.00036}}
{"target": -17.67725820903434, "params": {"gamma": 68.72001202795485, "log10_alpha": -4.060613350752092, "log10_colsample_bytree": -0.03802264669701261, "log10_eta": -3.410313144201661, "log10_lambda": 0.6395895412770631, "log10_min_child_weight": 3.8308053225707086, "log10_subsample": -0.8227262052294085, "max_depth": 5.0, "num_boost_round": 12.0}, "datetime": {"datetime": "2024-01-19 00:13:40", "elapsed": 127.932066, "delta": 0.00038}}
{"target": -17.677228770682937, "params": {"gamma": 73.13815747933528, "log10_alpha": -4.488023192205276, "log10_colsample_bytree": -0.32577016797985703, "log10_eta": -3.7322727535543216, "log10_lambda": 0.27237209198800194, "log10_min_child_weight": 3.2443262870822416, "log10_subsample": -0.6743834832937341, "max_depth": 2.0, "num_boost_round": 0.0}, "datetime": {"datetime": "2024-01-19 00:14:01", "elapsed": 148.924782, "delta": 20.992716}}
{"target": -17.67722385224723, "params": {"gamma": 73.13815747933528, "log10_alpha": -4.488023192205276, "log10_colsample_bytree": -0.32577016797985703, "log10_eta": -3.7322727535543216, "log10_lambda": 0.27237209198800194, "log10_min_child_weight": 3.2443262870822416, "log10_subsample": -0.6743834832937341, "max_depth": 2.0, "num_boost_round": 1.0}, "datetime": {"datetime": "2024-01-19 00:14:01", "elapsed": 148.926361, "delta": 0.001579}}
{"target": -17.677219210955638, "params": {"gamma": 73.13815747933528, "log10_alpha": -4.488023192205276, "log10_colsample_bytree": -0.32577016797985703, "log10_eta": -3.7322727535543216, "log10_lambda": 0.27237209198800194, "log10_min_child_weight": 3.2443262870822416, "log10_subsample": -0.6743834832937341, "max_depth": 2.0, "num_boost_round": 2.0}, "datetime": {"datetime": "2024-01-19 00:14:01", "elapsed": 148.926791, "delta": 0.00043}}
{"target": -17.67721913408617, "params": {"gamma": 73.13815747933528, "log10_alpha": -4.488023192205276, "log10_colsample_bytree": -0.32577016797985703, "log10_eta": -3.7322727535543216, "log10_lambda": 0.27237209198800194, "log10_min_child_weight": 3.2443262870822416, "log10_subsample": -0.6743834832937341, "max_depth": 2.0, "num_boost_round": 3.0}, "datetime": {"datetime": "2024-01-19 00:14:01", "elapsed": 148.927428, "delta": 0.000637}}
{"target": -17.67721549600224, "params": {"gamma": 73.13815747933528, "log10_alpha": -4.488023192205276, "log10_colsample_bytree": -0.32577016797985703, "log10_eta": -3.7322727535543216, "log10_lambda": 0.27237209198800194, "log10_min_child_weight": 3.2443262870822416, "log10_subsample": -0.6743834832937341, "max_depth": 2.0, "num_boost_round": 4.0}, "datetime": {"datetime": "2024-01-19 00:14:01", "elapsed": 148.927967, "delta": 0.000539}}
{"target": -17.67721293741216, "params": {"gamma": 73.13815747933528, "log10_alpha": -4.488023192205276, "log10_colsample_bytree": -0.32577016797985703, "log10_eta": -3.7322727535543216, "log10_lambda": 0.27237209198800194, "log10_min_child_weight": 3.2443262870822416, "log10_subsample": -0.6743834832937341, "max_depth": 2.0, "num_boost_round": 5.0}, "datetime": {"datetime": "2024-01-19 00:14:01", "elapsed": 148.928543, "delta": 0.000576}}
{"target": -17.677208213572115, "params": {"gamma": 73.13815747933528, "log10_alpha": -4.488023192205276, "log10_colsample_bytree": -0.32577016797985703, "log10_eta": -3.7322727535543216, "log10_lambda": 0.27237209198800194, "log10_min_child_weight": 3.2443262870822416, "log10_subsample": -0.6743834832937341, "max_depth": 2.0, "num_boost_round": 6.0}, "datetime": {"datetime": "2024-01-19 00:14:01", "elapsed": 148.928922, "delta": 0.000379}}
{"target": -17.677202731220632, "params": {"gamma": 73.13815747933528, "log10_alpha": -4.488023192205276, "log10_colsample_bytree": -0.32577016797985703, "log10_eta": -3.7322727535543216, "log10_lambda": 0.27237209198800194, "log10_min_child_weight": 3.2443262870822416, "log10_subsample": -0.6743834832937341, "max_depth": 2.0, "num_boost_round": 7.0}, "datetime": {"datetime": "2024-01-19 00:14:01", "elapsed": 148.929303, "delta": 0.000381}}
{"target": -17.677198405555686, "params": {"gamma": 73.13815747933528, "log10_alpha": -4.488023192205276, "log10_colsample_bytree": -0.32577016797985703, "log10_eta": -3.7322727535543216, "log10_lambda": 0.27237209198800194, "log10_min_child_weight": 3.2443262870822416, "log10_subsample": -0.6743834832937341, "max_depth": 2.0, "num_boost_round": 8.0}, "datetime": {"datetime": "2024-01-19 00:14:01", "elapsed": 148.929673, "delta": 0.00037}}
{"target": -17.67719583955081, "params": {"gamma": 73.13815747933528, "log10_alpha": -4.488023192205276, "log10_colsample_bytree": -0.32577016797985703, "log10_eta": -3.7322727535543216, "log10_lambda": 0.27237209198800194, "log10_min_child_weight": 3.2443262870822416, "log10_subsample": -0.6743834832937341, "max_depth": 2.0, "num_boost_round": 9.0}, "datetime": {"datetime": "2024-01-19 00:14:01", "elapsed": 148.930055, "delta": 0.000382}}
{"target": -17.67719069260738, "params": {"gamma": 73.13815747933528, "log10_alpha": -4.488023192205276, "log10_colsample_bytree": -0.32577016797985703, "log10_eta": -3.7322727535543216, "log10_lambda": 0.27237209198800194, "log10_min_child_weight": 3.2443262870822416, "log10_subsample": -0.6743834832937341, "max_depth": 2.0, "num_boost_round": 10.0}, "datetime": {"datetime": "2024-01-19 00:14:01", "elapsed": 148.930433, "delta": 0.000378}}
{"target": -17.677186317862823, "params": {"gamma": 73.13815747933528, "log10_alpha": -4.488023192205276, "log10_colsample_bytree": -0.32577016797985703, "log10_eta": -3.7322727535543216, "log10_lambda": 0.27237209198800194, "log10_min_child_weight": 3.2443262870822416, "log10_subsample": -0.6743834832937341, "max_depth": 2.0, "num_boost_round": 11.0}, "datetime": {"datetime": "2024-01-19 00:14:01", "elapsed": 148.930816, "delta": 0.000383}}
{"target": -17.677181579740473, "params": {"gamma": 73.13815747933528, "log10_alpha": -4.488023192205276, "log10_colsample_bytree": -0.32577016797985703, "log10_eta": -3.7322727535543216, "log10_lambda": 0.27237209198800194, "log10_min_child_weight": 3.2443262870822416, "log10_subsample": -0.6743834832937341, "max_depth": 2.0, "num_boost_round": 12.0}, "datetime": {"datetime": "2024-01-19 00:14:01", "elapsed": 148.931212, "delta": 0.000396}}
{"target": -17.677176726557548, "params": {"gamma": 73.13815747933528, "log10_alpha": -4.488023192205276, "log10_colsample_bytree": -0.32577016797985703, "log10_eta": -3.7322727535543216, "log10_lambda": 0.27237209198800194, "log10_min_child_weight": 3.2443262870822416, "log10_subsample": -0.6743834832937341, "max_depth": 2.0, "num_boost_round": 13.0}, "datetime": {"datetime": "2024-01-19 00:14:01", "elapsed": 148.931591, "delta": 0.000379}}
{"target": -17.67717591712293, "params": {"gamma": 73.13815747933528, "log10_alpha": -4.488023192205276, "log10_colsample_bytree": -0.32577016797985703, "log10_eta": -3.7322727535543216, "log10_lambda": 0.27237209198800194, "log10_min_child_weight": 3.2443262870822416, "log10_subsample": -0.6743834832937341, "max_depth": 2.0, "num_boost_round": 14.0}, "datetime": {"datetime": "2024-01-19 00:14:01", "elapsed": 148.931986, "delta": 0.000395}}
{"target": -17.677173464493453, "params": {"gamma": 73.13815747933528, "log10_alpha": -4.488023192205276, "log10_colsample_bytree": -0.32577016797985703, "log10_eta": -3.7322727535543216, "log10_lambda": 0.27237209198800194, "log10_min_child_weight": 3.2443262870822416, "log10_subsample": -0.6743834832937341, "max_depth": 2.0, "num_boost_round": 15.0}, "datetime": {"datetime": "2024-01-19 00:14:01", "elapsed": 148.932378, "delta": 0.000392}}
{"target": -17.67716933862832, "params": {"gamma": 73.13815747933528, "log10_alpha": -4.488023192205276, "log10_colsample_bytree": -0.32577016797985703, "log10_eta": -3.7322727535543216, "log10_lambda": 0.27237209198800194, "log10_min_child_weight": 3.2443262870822416, "log10_subsample": -0.6743834832937341, "max_depth": 2.0, "num_boost_round": 16.0}, "datetime": {"datetime": "2024-01-19 00:14:01", "elapsed": 148.932818, "delta": 0.00044}}
{"target": -17.677168043791106, "params": {"gamma": 73.13815747933528, "log10_alpha": -4.488023192205276, "log10_colsample_bytree": -0.32577016797985703, "log10_eta": -3.7322727535543216, "log10_lambda": 0.27237209198800194, "log10_min_child_weight": 3.2443262870822416, "log10_subsample": -0.6743834832937341, "max_depth": 2.0, "num_boost_round": 17.0}, "datetime": {"datetime": "2024-01-19 00:14:01", "elapsed": 148.933217, "delta": 0.000399}}
{"target": -17.67705003638677, "params": {"gamma": 71.37187390987998, "log10_alpha": -0.516066524235538, "log10_colsample_bytree": -0.4820645559035486, "log10_eta": -1.601185010225985, "log10_lambda": 0.49992301823835916, "log10_min_child_weight": 4.254394937415296, "log10_subsample": -0.28761646378280237, "max_depth": 5.0, "num_boost_round": 0.0}, "datetime": {"datetime": "2024-01-19 00:14:22", "elapsed": 170.201365, "delta": 21.268148}}
{"target": -17.677064903682844, "params": {"gamma": 71.37187390987998, "log10_alpha": -0.516066524235538, "log10_colsample_bytree": -0.4820645559035486, "log10_eta": -1.601185010225985, "log10_lambda": 0.49992301823835916, "log10_min_child_weight": 4.254394937415296, "log10_subsample": -0.28761646378280237, "max_depth": 5.0, "num_boost_round": 1.0}, "datetime": {"datetime": "2024-01-19 00:14:22", "elapsed": 170.202007, "delta": 0.000642}}
{"target": -17.677693013992172, "params": {"gamma": 71.37187390987998, "log10_alpha": -0.516066524235538, "log10_colsample_bytree": -0.4820645559035486, "log10_eta": -1.601185010225985, "log10_lambda": 0.49992301823835916, "log10_min_child_weight": 4.254394937415296, "log10_subsample": -0.28761646378280237, "max_depth": 5.0, "num_boost_round": 2.0}, "datetime": {"datetime": "2024-01-19 00:14:22", "elapsed": 170.202755, "delta": 0.000748}}
{"target": -17.677471298935984, "params": {"gamma": 71.37187390987998, "log10_alpha": -0.516066524235538, "log10_colsample_bytree": -0.4820645559035486, "log10_eta": -1.601185010225985, "log10_lambda": 0.49992301823835916, "log10_min_child_weight": 4.254394937415296, "log10_subsample": -0.28761646378280237, "max_depth": 5.0, "num_boost_round": 3.0}, "datetime": {"datetime": "2024-01-19 00:14:22", "elapsed": 170.20318, "delta": 0.000425}}
{"target": -17.67720508006154, "params": {"gamma": 71.37187390987998, "log10_alpha": -0.516066524235538, "log10_colsample_bytree": -0.4820645559035486, "log10_eta": -1.601185010225985, "log10_lambda": 0.49992301823835916, "log10_min_child_weight": 4.254394937415296, "log10_subsample": -0.28761646378280237, "max_depth": 5.0, "num_boost_round": 4.0}, "datetime": {"datetime": "2024-01-19 00:14:22", "elapsed": 170.203807, "delta": 0.000627}}
{"target": -17.677231575344603, "params": {"gamma": 71.37187390987998, "log10_alpha": -0.516066524235538, "log10_colsample_bytree": -0.4820645559035486, "log10_eta": -1.601185010225985, "log10_lambda": 0.49992301823835916, "log10_min_child_weight": 4.254394937415296, "log10_subsample": -0.28761646378280237, "max_depth": 5.0, "num_boost_round": 5.0}, "datetime": {"datetime": "2024-01-19 00:14:22", "elapsed": 170.204224, "delta": 0.000417}}
{"target": -17.67751300946633, "params": {"gamma": 71.37187390987998, "log10_alpha": -0.516066524235538, "log10_colsample_bytree": -0.4820645559035486, "log10_eta": -1.601185010225985, "log10_lambda": 0.49992301823835916, "log10_min_child_weight": 4.254394937415296, "log10_subsample": -0.28761646378280237, "max_depth": 5.0, "num_boost_round": 6.0}, "datetime": {"datetime": "2024-01-19 00:14:22", "elapsed": 170.204628, "delta": 0.000404}}
{"target": -17.677609926594606, "params": {"gamma": 71.37187390987998, "log10_alpha": -0.516066524235538, "log10_colsample_bytree": -0.4820645559035486, "log10_eta": -1.601185010225985, "log10_lambda": 0.49992301823835916, "log10_min_child_weight": 4.254394937415296, "log10_subsample": -0.28761646378280237, "max_depth": 5.0, "num_boost_round": 7.0}, "datetime": {"datetime": "2024-01-19 00:14:22", "elapsed": 170.205038, "delta": 0.00041}}
{"target": -17.6779227318487, "params": {"gamma": 71.37187390987998, "log10_alpha": -0.516066524235538, "log10_colsample_bytree": -0.4820645559035486, "log10_eta": -1.601185010225985, "log10_lambda": 0.49992301823835916, "log10_min_child_weight": 4.254394937415296, "log10_subsample": -0.28761646378280237, "max_depth": 5.0, "num_boost_round": 8.0}, "datetime": {"datetime": "2024-01-19 00:14:22", "elapsed": 170.205447, "delta": 0.000409}}
{"target": -17.677484407489402, "params": {"gamma": 71.37187390987998, "log10_alpha": -0.516066524235538, "log10_colsample_bytree": -0.4820645559035486, "log10_eta": -1.601185010225985, "log10_lambda": 0.49992301823835916, "log10_min_child_weight": 4.254394937415296, "log10_subsample": -0.28761646378280237, "max_depth": 5.0, "num_boost_round": 9.0}, "datetime": {"datetime": "2024-01-19 00:14:22", "elapsed": 170.205848, "delta": 0.000401}}
{"target": -17.677608458992715, "params": {"gamma": 71.37187390987998, "log10_alpha": -0.516066524235538, "log10_colsample_bytree": -0.4820645559035486, "log10_eta": -1.601185010225985, "log10_lambda": 0.49992301823835916, "log10_min_child_weight": 4.254394937415296, "log10_subsample": -0.28761646378280237, "max_depth": 5.0, "num_boost_round": 10.0}, "datetime": {"datetime": "2024-01-19 00:14:22", "elapsed": 170.206264, "delta": 0.000416}}
{"target": -17.67747598464385, "params": {"gamma": 71.37187390987998, "log10_alpha": -0.516066524235538, "log10_colsample_bytree": -0.4820645559035486, "log10_eta": -1.601185010225985, "log10_lambda": 0.49992301823835916, "log10_min_child_weight": 4.254394937415296, "log10_subsample": -0.28761646378280237, "max_depth": 5.0, "num_boost_round": 11.0}, "datetime": {"datetime": "2024-01-19 00:14:22", "elapsed": 170.206673, "delta": 0.000409}}
{"target": -17.677534692715277, "params": {"gamma": 71.37187390987998, "log10_alpha": -0.516066524235538, "log10_colsample_bytree": -0.4820645559035486, "log10_eta": -1.601185010225985, "log10_lambda": 0.49992301823835916, "log10_min_child_weight": 4.254394937415296, "log10_subsample": -0.28761646378280237, "max_depth": 5.0, "num_boost_round": 12.0}, "datetime": {"datetime": "2024-01-19 00:14:22", "elapsed": 170.207397, "delta": 0.000724}}
{"target": -17.67731422375967, "params": {"gamma": 71.37187390987998, "log10_alpha": -0.516066524235538, "log10_colsample_bytree": -0.4820645559035486, "log10_eta": -1.601185010225985, "log10_lambda": 0.49992301823835916, "log10_min_child_weight": 4.254394937415296, "log10_subsample": -0.28761646378280237, "max_depth": 5.0, "num_boost_round": 13.0}, "datetime": {"datetime": "2024-01-19 00:14:22", "elapsed": 170.207998, "delta": 0.000601}}
{"target": -17.67737595844846, "params": {"gamma": 71.37187390987998, "log10_alpha": -0.516066524235538, "log10_colsample_bytree": -0.4820645559035486, "log10_eta": -1.601185010225985, "log10_lambda": 0.49992301823835916, "log10_min_child_weight": 4.254394937415296, "log10_subsample": -0.28761646378280237, "max_depth": 5.0, "num_boost_round": 14.0}, "datetime": {"datetime": "2024-01-19 00:14:22", "elapsed": 170.208429, "delta": 0.000431}}
{"target": -17.67734982648578, "params": {"gamma": 71.37187390987998, "log10_alpha": -0.516066524235538, "log10_colsample_bytree": -0.4820645559035486, "log10_eta": -1.601185010225985, "log10_lambda": 0.49992301823835916, "log10_min_child_weight": 4.254394937415296, "log10_subsample": -0.28761646378280237, "max_depth": 5.0, "num_boost_round": 15.0}, "datetime": {"datetime": "2024-01-19 00:14:22", "elapsed": 170.208861, "delta": 0.000432}}
{"target": -17.683008033900084, "params": {"gamma": 65.35677833898346, "log10_alpha": -3.2568330731358768, "log10_colsample_bytree": -0.4958891038873079, "log10_eta": -0.29862657305942086, "log10_lambda": 0.4374567858778917, "log10_min_child_weight": 0.020508699082650295, "log10_subsample": -0.5165499533903357, "max_depth": 2.0, "num_boost_round": 0.0}, "datetime": {"datetime": "2024-01-19 00:14:43", "elapsed": 190.782398, "delta": 20.573537}}
{"target": -17.672749433263245, "params": {"gamma": 65.35677833898346, "log10_alpha": -3.2568330731358768, "log10_colsample_bytree": -0.4958891038873079, "log10_eta": -0.29862657305942086, "log10_lambda": 0.4374567858778917, "log10_min_child_weight": 0.020508699082650295, "log10_subsample": -0.5165499533903357, "max_depth": 2.0, "num_boost_round": 1.0}, "datetime": {"datetime": "2024-01-19 00:14:43", "elapsed": 190.784431, "delta": 0.002033}}
{"target": -17.66993124183467, "params": {"gamma": 65.35677833898346, "log10_alpha": -3.2568330731358768, "log10_colsample_bytree": -0.4958891038873079, "log10_eta": -0.29862657305942086, "log10_lambda": 0.4374567858778917, "log10_min_child_weight": 0.020508699082650295, "log10_subsample": -0.5165499533903357, "max_depth": 2.0, "num_boost_round": 2.0}, "datetime": {"datetime": "2024-01-19 00:14:43", "elapsed": 190.784893, "delta": 0.000462}}
{"target": -17.67681794988101, "params": {"gamma": 65.35677833898346, "log10_alpha": -3.2568330731358768, "log10_colsample_bytree": -0.4958891038873079, "log10_eta": -0.29862657305942086, "log10_lambda": 0.4374567858778917, "log10_min_child_weight": 0.020508699082650295, "log10_subsample": -0.5165499533903357, "max_depth": 2.0, "num_boost_round": 3.0}, "datetime": {"datetime": "2024-01-19 00:14:43", "elapsed": 190.785334, "delta": 0.000441}}
