{"target": -13.758410893438452, "params": {"gamma": 489.88624107757386, "log10_alpha": 0.8155725449307782, "log10_colsample_bytree": -0.05861986162313915, "log10_eta": -3.3518835351464062, "log10_lambda": -3.2636827567811304, "log10_min_child_weight": 0.10223858607611158, "log10_subsample": -0.6019044482941623, "max_depth": 8.0, "num_boost_round": 31.0}, "datetime": {"datetime": "2024-01-19 01:10:21", "elapsed": 3525.205891, "delta": 0.005183}}
{"target": -13.758384574508725, "params": {"gamma": 489.88624107757386, "log10_alpha": 0.8155725449307782, "log10_colsample_bytree": -0.05861986162313915, "log10_eta": -3.3518835351464062, "log10_lambda": -3.2636827567811304, "log10_min_child_weight": 0.10223858607611158, "log10_subsample": -0.6019044482941623, "max_depth": 8.0, "num_boost_round": 32.0}, "datetime": {"datetime": "2024-01-19 01:10:21", "elapsed": 3525.210473, "delta": 0.004582}}
{"target": -13.758364480603918, "params": {"gamma": 489.88624107757386, "log10_alpha": 0.8155725449307782, "log10_colsample_bytree": -0.05861986162313915, "log10_eta": -3.3518835351464062, "log10_lambda": -3.2636827567811304, "log10_min_child_weight": 0.10223858607611158, "log10_subsample": -0.6019044482941623, "max_depth": 8.0, "num_boost_round": 33.0}, "datetime": {"datetime": "2024-01-19 01:10:21", "elapsed": 3525.214986, "delta": 0.004513}}
{"target": -13.75835280700135, "params": {"gamma": 489.88624107757386, "log10_alpha": 0.8155725449307782, "log10_colsample_bytree": -0.05861986162313915, "log10_eta": -3.3518835351464062, "log10_lambda": -3.2636827567811304, "log10_min_child_weight": 0.10223858607611158, "log10_subsample": -0.6019044482941623, "max_depth": 8.0, "num_boost_round": 34.0}, "datetime": {"datetime": "2024-01-19 01:10:21", "elapsed": 3525.219488, "delta": 0.004502}}
{"target": -13.758342539174066, "params": {"gamma": 489.88624107757386, "log10_alpha": 0.8155725449307782, "log10_colsample_bytree": -0.05861986162313915, "log10_eta": -3.3518835351464062, "log10_lambda": -3.2636827567811304, "log10_min_child_weight": 0.10223858607611158, "log10_subsample": -0.6019044482941623, "max_depth": 8.0, "num_boost_round": 35.0}, "datetime": {"datetime": "2024-01-19 01:10:21", "elapsed": 3525.223996, "delta": 0.004508}}
{"target": -13.758333313176262, "params": {"gamma": 489.88624107757386, "log10_alpha": 0.8155725449307782, "log10_colsample_bytree": -0.05861986162313915, "log10_eta": -3.3518835351464062, "log10_lambda": -3.2636827567811304, "log10_min_child_weight": 0.10223858607611158, "log10_subsample": -0.6019044482941623, "max_depth": 8.0, "num_boost_round": 36.0}, "datetime": {"datetime": "2024-01-19 01:10:21", "elapsed": 3525.228415, "delta": 0.004419}}
{"target": -13.758313857866913, "params": {"gamma": 489.88624107757386, "log10_alpha": 0.8155725449307782, "log10_colsample_bytree": -0.05861986162313915, "log10_eta": -3.3518835351464062, "log10_lambda": -3.2636827567811304, "log10_min_child_weight": 0.10223858607611158, "log10_subsample": -0.6019044482941623, "max_depth": 8.0, "num_boost_round": 37.0}, "datetime": {"datetime": "2024-01-19 01:10:21", "elapsed": 3525.232887, "delta": 0.004472}}
{"target": -13.758537756289238, "params": {"gamma": 508.2341565387442, "log10_alpha": 0.5109987950834282, "log10_colsample_bytree": -0.29358876205938256, "log10_eta": -4.0, "log10_lambda": -0.3700360211789274, "log10_min_child_weight": 0.025631968249005092, "log10_subsample": -0.644839939909782, "max_depth": 2.0, "num_boost_round": 0.0}, "datetime": {"datetime": "2024-01-19 01:11:51", "elapsed": 3615.460244, "delta": 90.227357}}
{"target": -13.758535811031859, "params": {"gamma": 508.2341565387442, "log10_alpha": 0.5109987950834282, "log10_colsample_bytree": -0.29358876205938256, "log10_eta": -4.0, "log10_lambda": -0.3700360211789274, "log10_min_child_weight": 0.025631968249005092, "log10_subsample": -0.644839939909782, "max_depth": 2.0, "num_boost_round": 1.0}, "datetime": {"datetime": "2024-01-19 01:11:51", "elapsed": 3615.46504, "delta": 0.004796}}
{"target": -13.75853565023805, "params": {"gamma": 508.2341565387442, "log10_alpha": 0.5109987950834282, "log10_colsample_bytree": -0.29358876205938256, "log10_eta": -4.0, "log10_lambda": -0.3700360211789274, "log10_min_child_weight": 0.025631968249005092, "log10_subsample": -0.644839939909782, "max_depth": 2.0, "num_boost_round": 2.0}, "datetime": {"datetime": "2024-01-19 01:11:51", "elapsed": 3615.469708, "delta": 0.004668}}
{"target": -13.758536006406501, "params": {"gamma": 508.2341565387442, "log10_alpha": 0.5109987950834282, "log10_colsample_bytree": -0.29358876205938256, "log10_eta": -4.0, "log10_lambda": -0.3700360211789274, "log10_min_child_weight": 0.025631968249005092, "log10_subsample": -0.644839939909782, "max_depth": 2.0, "num_boost_round": 3.0}, "datetime": {"datetime": "2024-01-19 01:11:51", "elapsed": 3615.47411, "delta": 0.004402}}
{"target": -13.758534828222457, "params": {"gamma": 508.2341565387442, "log10_alpha": 0.5109987950834282, "log10_colsample_bytree": -0.29358876205938256, "log10_eta": -4.0, "log10_lambda": -0.3700360211789274, "log10_min_child_weight": 0.025631968249005092, "log10_subsample": -0.644839939909782, "max_depth": 2.0, "num_boost_round": 4.0}, "datetime": {"datetime": "2024-01-19 01:11:51", "elapsed": 3615.478682, "delta": 0.004572}}
{"target": -13.758534388945042, "params": {"gamma": 508.2341565387442, "log10_alpha": 0.5109987950834282, "log10_colsample_bytree": -0.29358876205938256, "log10_eta": -4.0, "log10_lambda": -0.3700360211789274, "log10_min_child_weight": 0.025631968249005092, "log10_subsample": -0.644839939909782, "max_depth": 2.0, "num_boost_round": 5.0}, "datetime": {"datetime": "2024-01-19 01:11:51", "elapsed": 3615.483271, "delta": 0.004589}}
{"target": -13.758534226235321, "params": {"gamma": 508.2341565387442, "log10_alpha": 0.5109987950834282, "log10_colsample_bytree": -0.29358876205938256, "log10_eta": -4.0, "log10_lambda": -0.3700360211789274, "log10_min_child_weight": 0.025631968249005092, "log10_subsample": -0.644839939909782, "max_depth": 2.0, "num_boost_round": 6.0}, "datetime": {"datetime": "2024-01-19 01:11:51", "elapsed": 3615.487956, "delta": 0.004685}}
{"target": -13.758533129462464, "params": {"gamma": 508.2341565387442, "log10_alpha": 0.5109987950834282, "log10_colsample_bytree": -0.29358876205938256, "log10_eta": -4.0, "log10_lambda": -0.3700360211789274, "log10_min_child_weight": 0.025631968249005092, "log10_subsample": -0.644839939909782, "max_depth": 2.0, "num_boost_round": 7.0}, "datetime": {"datetime": "2024-01-19 01:11:51", "elapsed": 3615.492372, "delta": 0.004416}}
{"target": -13.758531656159997, "params": {"gamma": 508.2341565387442, "log10_alpha": 0.5109987950834282, "log10_colsample_bytree": -0.29358876205938256, "log10_eta": -4.0, "log10_lambda": -0.3700360211789274, "log10_min_child_weight": 0.025631968249005092, "log10_subsample": -0.644839939909782, "max_depth": 2.0, "num_boost_round": 8.0}, "datetime": {"datetime": "2024-01-19 01:11:51", "elapsed": 3615.497058, "delta": 0.004686}}
{"target": -13.758530345720612, "params": {"gamma": 508.2341565387442, "log10_alpha": 0.5109987950834282, "log10_colsample_bytree": -0.29358876205938256, "log10_eta": -4.0, "log10_lambda": -0.3700360211789274, "log10_min_child_weight": 0.025631968249005092, "log10_subsample": -0.644839939909782, "max_depth": 2.0, "num_boost_round": 9.0}, "datetime": {"datetime": "2024-01-19 01:11:51", "elapsed": 3615.501432, "delta": 0.004374}}
{"target": -13.758529398156206, "params": {"gamma": 508.2341565387442, "log10_alpha": 0.5109987950834282, "log10_colsample_bytree": -0.29358876205938256, "log10_eta": -4.0, "log10_lambda": -0.3700360211789274, "log10_min_child_weight": 0.025631968249005092, "log10_subsample": -0.644839939909782, "max_depth": 2.0, "num_boost_round": 10.0}, "datetime": {"datetime": "2024-01-19 01:11:51", "elapsed": 3615.505962, "delta": 0.00453}}
{"target": -13.758527830506909, "params": {"gamma": 508.2341565387442, "log10_alpha": 0.5109987950834282, "log10_colsample_bytree": -0.29358876205938256, "log10_eta": -4.0, "log10_lambda": -0.3700360211789274, "log10_min_child_weight": 0.025631968249005092, "log10_subsample": -0.644839939909782, "max_depth": 2.0, "num_boost_round": 11.0}, "datetime": {"datetime": "2024-01-19 01:11:51", "elapsed": 3615.510336, "delta": 0.004374}}
{"target": -13.758526704282396, "params": {"gamma": 508.2341565387442, "log10_alpha": 0.5109987950834282, "log10_colsample_bytree": -0.29358876205938256, "log10_eta": -4.0, "log10_lambda": -0.3700360211789274, "log10_min_child_weight": 0.025631968249005092, "log10_subsample": -0.644839939909782, "max_depth": 2.0, "num_boost_round": 12.0}, "datetime": {"datetime": "2024-01-19 01:11:51", "elapsed": 3615.514795, "delta": 0.004459}}
{"target": -13.758525560577693, "params": {"gamma": 508.2341565387442, "log10_alpha": 0.5109987950834282, "log10_colsample_bytree": -0.29358876205938256, "log10_eta": -4.0, "log10_lambda": -0.3700360211789274, "log10_min_child_weight": 0.025631968249005092, "log10_subsample": -0.644839939909782, "max_depth": 2.0, "num_boost_round": 13.0}, "datetime": {"datetime": "2024-01-19 01:11:51", "elapsed": 3615.519249, "delta": 0.004454}}
{"target": -13.758524094534675, "params": {"gamma": 508.2341565387442, "log10_alpha": 0.5109987950834282, "log10_colsample_bytree": -0.29358876205938256, "log10_eta": -4.0, "log10_lambda": -0.3700360211789274, "log10_min_child_weight": 0.025631968249005092, "log10_subsample": -0.644839939909782, "max_depth": 2.0, "num_boost_round": 14.0}, "datetime": {"datetime": "2024-01-19 01:11:51", "elapsed": 3615.523788, "delta": 0.004539}}
{"target": -13.758521380843879, "params": {"gamma": 508.2341565387442, "log10_alpha": 0.5109987950834282, "log10_colsample_bytree": -0.29358876205938256, "log10_eta": -4.0, "log10_lambda": -0.3700360211789274, "log10_min_child_weight": 0.025631968249005092, "log10_subsample": -0.644839939909782, "max_depth": 2.0, "num_boost_round": 15.0}, "datetime": {"datetime": "2024-01-19 01:11:51", "elapsed": 3615.528138, "delta": 0.00435}}
{"target": -13.758520118637147, "params": {"gamma": 508.2341565387442, "log10_alpha": 0.5109987950834282, "log10_colsample_bytree": -0.29358876205938256, "log10_eta": -4.0, "log10_lambda": -0.3700360211789274, "log10_min_child_weight": 0.025631968249005092, "log10_subsample": -0.644839939909782, "max_depth": 2.0, "num_boost_round": 16.0}, "datetime": {"datetime": "2024-01-19 01:11:51", "elapsed": 3615.532676, "delta": 0.004538}}
{"target": -13.758520089461292, "params": {"gamma": 508.2341565387442, "log10_alpha": 0.5109987950834282, "log10_colsample_bytree": -0.29358876205938256, "log10_eta": -4.0, "log10_lambda": -0.3700360211789274, "log10_min_child_weight": 0.025631968249005092, "log10_subsample": -0.644839939909782, "max_depth": 2.0, "num_boost_round": 17.0}, "datetime": {"datetime": "2024-01-19 01:11:51", "elapsed": 3615.537071, "delta": 0.004395}}
{"target": -13.758520211737013, "params": {"gamma": 508.2341565387442, "log10_alpha": 0.5109987950834282, "log10_colsample_bytree": -0.29358876205938256, "log10_eta": -4.0, "log10_lambda": -0.3700360211789274, "log10_min_child_weight": 0.025631968249005092, "log10_subsample": -0.644839939909782, "max_depth": 2.0, "num_boost_round": 18.0}, "datetime": {"datetime": "2024-01-19 01:11:51", "elapsed": 3615.541606, "delta": 0.004535}}
{"target": -13.758518664795536, "params": {"gamma": 508.2341565387442, "log10_alpha": 0.5109987950834282, "log10_colsample_bytree": -0.29358876205938256, "log10_eta": -4.0, "log10_lambda": -0.3700360211789274, "log10_min_child_weight": 0.025631968249005092, "log10_subsample": -0.644839939909782, "max_depth": 2.0, "num_boost_round": 19.0}, "datetime": {"datetime": "2024-01-19 01:11:51", "elapsed": 3615.546039, "delta": 0.004433}}
{"target": -13.758516532379188, "params": {"gamma": 508.2341565387442, "log10_alpha": 0.5109987950834282, "log10_colsample_bytree": -0.29358876205938256, "log10_eta": -4.0, "log10_lambda": -0.3700360211789274, "log10_min_child_weight": 0.025631968249005092, "log10_subsample": -0.644839939909782, "max_depth": 2.0, "num_boost_round": 20.0}, "datetime": {"datetime": "2024-01-19 01:11:51", "elapsed": 3615.550511, "delta": 0.004472}}
{"target": -13.758516322319885, "params": {"gamma": 508.2341565387442, "log10_alpha": 0.5109987950834282, "log10_colsample_bytree": -0.29358876205938256, "log10_eta": -4.0, "log10_lambda": -0.3700360211789274, "log10_min_child_weight": 0.025631968249005092, "log10_subsample": -0.644839939909782, "max_depth": 2.0, "num_boost_round": 21.0}, "datetime": {"datetime": "2024-01-19 01:11:51", "elapsed": 3615.554902, "delta": 0.004391}}
{"target": -13.758514848687899, "params": {"gamma": 508.2341565387442, "log10_alpha": 0.5109987950834282, "log10_colsample_bytree": -0.29358876205938256, "log10_eta": -4.0, "log10_lambda": -0.3700360211789274, "log10_min_child_weight": 0.025631968249005092, "log10_subsample": -0.644839939909782, "max_depth": 2.0, "num_boost_round": 22.0}, "datetime": {"datetime": "2024-01-19 01:11:51", "elapsed": 3615.559467, "delta": 0.004565}}
{"target": -13.758511360481654, "params": {"gamma": 508.2341565387442, "log10_alpha": 0.5109987950834282, "log10_colsample_bytree": -0.29358876205938256, "log10_eta": -4.0, "log10_lambda": -0.3700360211789274, "log10_min_child_weight": 0.025631968249005092, "log10_subsample": -0.644839939909782, "max_depth": 2.0, "num_boost_round": 23.0}, "datetime": {"datetime": "2024-01-19 01:11:51", "elapsed": 3615.563901, "delta": 0.004434}}
{"target": -13.758511158315509, "params": {"gamma": 508.2341565387442, "log10_alpha": 0.5109987950834282, "log10_colsample_bytree": -0.29358876205938256, "log10_eta": -4.0, "log10_lambda": -0.3700360211789274, "log10_min_child_weight": 0.025631968249005092, "log10_subsample": -0.644839939909782, "max_depth": 2.0, "num_boost_round": 24.0}, "datetime": {"datetime": "2024-01-19 01:11:51", "elapsed": 3615.568325, "delta": 0.004424}}
{"target": -13.75851043706764, "params": {"gamma": 508.2341565387442, "log10_alpha": 0.5109987950834282, "log10_colsample_bytree": -0.29358876205938256, "log10_eta": -4.0, "log10_lambda": -0.3700360211789274, "log10_min_child_weight": 0.025631968249005092, "log10_subsample": -0.644839939909782, "max_depth": 2.0, "num_boost_round": 25.0}, "datetime": {"datetime": "2024-01-19 01:11:51", "elapsed": 3615.572742, "delta": 0.004417}}
{"target": -13.75850986830653, "params": {"gamma": 508.2341565387442, "log10_alpha": 0.5109987950834282, "log10_colsample_bytree": -0.29358876205938256, "log10_eta": -4.0, "log10_lambda": -0.3700360211789274, "log10_min_child_weight": 0.025631968249005092, "log10_subsample": -0.644839939909782, "max_depth": 2.0, "num_boost_round": 26.0}, "datetime": {"datetime": "2024-01-19 01:11:51", "elapsed": 3615.577308, "delta": 0.004566}}
{"target": -13.758509737129668, "params": {"gamma": 508.2341565387442, "log10_alpha": 0.5109987950834282, "log10_colsample_bytree": -0.29358876205938256, "log10_eta": -4.0, "log10_lambda": -0.3700360211789274, "log10_min_child_weight": 0.025631968249005092, "log10_subsample": -0.644839939909782, "max_depth": 2.0, "num_boost_round": 27.0}, "datetime": {"datetime": "2024-01-19 01:11:51", "elapsed": 3615.581717, "delta": 0.004409}}
{"target": -13.758509091259604, "params": {"gamma": 508.2341565387442, "log10_alpha": 0.5109987950834282, "log10_colsample_bytree": -0.29358876205938256, "log10_eta": -4.0, "log10_lambda": -0.3700360211789274, "log10_min_child_weight": 0.025631968249005092, "log10_subsample": -0.644839939909782, "max_depth": 2.0, "num_boost_round": 28.0}, "datetime": {"datetime": "2024-01-19 01:11:51", "elapsed": 3615.586107, "delta": 0.00439}}
{"target": -13.758508157975173, "params": {"gamma": 508.2341565387442, "log10_alpha": 0.5109987950834282, "log10_colsample_bytree": -0.29358876205938256, "log10_eta": -4.0, "log10_lambda": -0.3700360211789274, "log10_min_child_weight": 0.025631968249005092, "log10_subsample": -0.644839939909782, "max_depth": 2.0, "num_boost_round": 29.0}, "datetime": {"datetime": "2024-01-19 01:11:51", "elapsed": 3615.590769, "delta": 0.004662}}
{"target": -13.758506887176857, "params": {"gamma": 508.2341565387442, "log10_alpha": 0.5109987950834282, "log10_colsample_bytree": -0.29358876205938256, "log10_eta": -4.0, "log10_lambda": -0.3700360211789274, "log10_min_child_weight": 0.025631968249005092, "log10_subsample": -0.644839939909782, "max_depth": 2.0, "num_boost_round": 30.0}, "datetime": {"datetime": "2024-01-19 01:11:51", "elapsed": 3615.595297, "delta": 0.004528}}
{"target": -13.758506080773959, "params": {"gamma": 508.2341565387442, "log10_alpha": 0.5109987950834282, "log10_colsample_bytree": -0.29358876205938256, "log10_eta": -4.0, "log10_lambda": -0.3700360211789274, "log10_min_child_weight": 0.025631968249005092, "log10_subsample": -0.644839939909782, "max_depth": 2.0, "num_boost_round": 31.0}, "datetime": {"datetime": "2024-01-19 01:11:51", "elapsed": 3615.599713, "delta": 0.004416}}
{"target": -13.758506032381176, "params": {"gamma": 508.2341565387442, "log10_alpha": 0.5109987950834282, "log10_colsample_bytree": -0.29358876205938256, "log10_eta": -4.0, "log10_lambda": -0.3700360211789274, "log10_min_child_weight": 0.025631968249005092, "log10_subsample": -0.644839939909782, "max_depth": 2.0, "num_boost_round": 32.0}, "datetime": {"datetime": "2024-01-19 01:11:51", "elapsed": 3615.604176, "delta": 0.004463}}
{"target": -13.758505735608187, "params": {"gamma": 508.2341565387442, "log10_alpha": 0.5109987950834282, "log10_colsample_bytree": -0.29358876205938256, "log10_eta": -4.0, "log10_lambda": -0.3700360211789274, "log10_min_child_weight": 0.025631968249005092, "log10_subsample": -0.644839939909782, "max_depth": 2.0, "num_boost_round": 33.0}, "datetime": {"datetime": "2024-01-19 01:11:51", "elapsed": 3615.609283, "delta": 0.005107}}
{"target": -13.75850407247439, "params": {"gamma": 508.2341565387442, "log10_alpha": 0.5109987950834282, "log10_colsample_bytree": -0.29358876205938256, "log10_eta": -4.0, "log10_lambda": -0.3700360211789274, "log10_min_child_weight": 0.025631968249005092, "log10_subsample": -0.644839939909782, "max_depth": 2.0, "num_boost_round": 34.0}, "datetime": {"datetime": "2024-01-19 01:11:51", "elapsed": 3615.614019, "delta": 0.004736}}
{"target": -13.758503775829787, "params": {"gamma": 508.2341565387442, "log10_alpha": 0.5109987950834282, "log10_colsample_bytree": -0.29358876205938256, "log10_eta": -4.0, "log10_lambda": -0.3700360211789274, "log10_min_child_weight": 0.025631968249005092, "log10_subsample": -0.644839939909782, "max_depth": 2.0, "num_boost_round": 35.0}, "datetime": {"datetime": "2024-01-19 01:11:51", "elapsed": 3615.618532, "delta": 0.004513}}
{"target": -13.758503110604712, "params": {"gamma": 508.2341565387442, "log10_alpha": 0.5109987950834282, "log10_colsample_bytree": -0.29358876205938256, "log10_eta": -4.0, "log10_lambda": -0.3700360211789274, "log10_min_child_weight": 0.025631968249005092, "log10_subsample": -0.644839939909782, "max_depth": 2.0, "num_boost_round": 36.0}, "datetime": {"datetime": "2024-01-19 01:11:51", "elapsed": 3615.622906, "delta": 0.004374}}
{"target": -13.758502047637576, "params": {"gamma": 508.2341565387442, "log10_alpha": 0.5109987950834282, "log10_colsample_bytree": -0.29358876205938256, "log10_eta": -4.0, "log10_lambda": -0.3700360211789274, "log10_min_child_weight": 0.025631968249005092, "log10_subsample": -0.644839939909782, "max_depth": 2.0, "num_boost_round": 37.0}, "datetime": {"datetime": "2024-01-19 01:11:51", "elapsed": 3615.726361, "delta": 0.103455}}
{"target": -13.758501907820918, "params": {"gamma": 508.2341565387442, "log10_alpha": 0.5109987950834282, "log10_colsample_bytree": -0.29358876205938256, "log10_eta": -4.0, "log10_lambda": -0.3700360211789274, "log10_min_child_weight": 0.025631968249005092, "log10_subsample": -0.644839939909782, "max_depth": 2.0, "num_boost_round": 38.0}, "datetime": {"datetime": "2024-01-19 01:11:51", "elapsed": 3615.731447, "delta": 0.005086}}
{"target": -13.758501040288758, "params": {"gamma": 508.2341565387442, "log10_alpha": 0.5109987950834282, "log10_colsample_bytree": -0.29358876205938256, "log10_eta": -4.0, "log10_lambda": -0.3700360211789274, "log10_min_child_weight": 0.025631968249005092, "log10_subsample": -0.644839939909782, "max_depth": 2.0, "num_boost_round": 39.0}, "datetime": {"datetime": "2024-01-19 01:11:51", "elapsed": 3615.736114, "delta": 0.004667}}
{"target": -13.75849997333196, "params": {"gamma": 508.2341565387442, "log10_alpha": 0.5109987950834282, "log10_colsample_bytree": -0.29358876205938256, "log10_eta": -4.0, "log10_lambda": -0.3700360211789274, "log10_min_child_weight": 0.025631968249005092, "log10_subsample": -0.644839939909782, "max_depth": 2.0, "num_boost_round": 40.0}, "datetime": {"datetime": "2024-01-19 01:11:51", "elapsed": 3615.740634, "delta": 0.00452}}
{"target": -13.758499892083208, "params": {"gamma": 508.2341565387442, "log10_alpha": 0.5109987950834282, "log10_colsample_bytree": -0.29358876205938256, "log10_eta": -4.0, "log10_lambda": -0.3700360211789274, "log10_min_child_weight": 0.025631968249005092, "log10_subsample": -0.644839939909782, "max_depth": 2.0, "num_boost_round": 41.0}, "datetime": {"datetime": "2024-01-19 01:11:51", "elapsed": 3615.745205, "delta": 0.004571}}
{"target": -13.758499384645111, "params": {"gamma": 508.2341565387442, "log10_alpha": 0.5109987950834282, "log10_colsample_bytree": -0.29358876205938256, "log10_eta": -4.0, "log10_lambda": -0.3700360211789274, "log10_min_child_weight": 0.025631968249005092, "log10_subsample": -0.644839939909782, "max_depth": 2.0, "num_boost_round": 42.0}, "datetime": {"datetime": "2024-01-19 01:11:51", "elapsed": 3615.749702, "delta": 0.004497}}
