{"target": -17.677241080380803, "params": {"gamma": 157.2217889373052, "log10_alpha": -0.8477966556731413, "log10_colsample_bytree": -0.4920184373595946, "log10_eta": -3.436766325172422, "log10_lambda": -4.203873741492812, "log10_min_child_weight": 4.693533241270366, "log10_subsample": -0.048436093373323996, "max_depth": 4.0, "num_boost_round": 7.0}, "datetime": {"datetime": "2024-01-19 00:53:14", "elapsed": 2478.83762, "delta": 0.003315}}
{"target": -17.677245457250546, "params": {"gamma": 157.2217889373052, "log10_alpha": -0.8477966556731413, "log10_colsample_bytree": -0.4920184373595946, "log10_eta": -3.436766325172422, "log10_lambda": -4.203873741492812, "log10_min_child_weight": 4.693533241270366, "log10_subsample": -0.048436093373323996, "max_depth": 4.0, "num_boost_round": 8.0}, "datetime": {"datetime": "2024-01-19 00:53:14", "elapsed": 2478.840991, "delta": 0.003371}}
{"target": -17.677241797807334, "params": {"gamma": 157.2217889373052, "log10_alpha": -0.8477966556731413, "log10_colsample_bytree": -0.4920184373595946, "log10_eta": -3.436766325172422, "log10_lambda": -4.203873741492812, "log10_min_child_weight": 4.693533241270366, "log10_subsample": -0.048436093373323996, "max_depth": 4.0, "num_boost_round": 9.0}, "datetime": {"datetime": "2024-01-19 00:53:14", "elapsed": 2478.844374, "delta": 0.003383}}
{"target": -17.67723897611483, "params": {"gamma": 157.2217889373052, "log10_alpha": -0.8477966556731413, "log10_colsample_bytree": -0.4920184373595946, "log10_eta": -3.436766325172422, "log10_lambda": -4.203873741492812, "log10_min_child_weight": 4.693533241270366, "log10_subsample": -0.048436093373323996, "max_depth": 4.0, "num_boost_round": 10.0}, "datetime": {"datetime": "2024-01-19 00:53:14", "elapsed": 2478.847699, "delta": 0.003325}}
{"target": -17.677232869468853, "params": {"gamma": 157.2217889373052, "log10_alpha": -0.8477966556731413, "log10_colsample_bytree": -0.4920184373595946, "log10_eta": -3.436766325172422, "log10_lambda": -4.203873741492812, "log10_min_child_weight": 4.693533241270366, "log10_subsample": -0.048436093373323996, "max_depth": 4.0, "num_boost_round": 11.0}, "datetime": {"datetime": "2024-01-19 00:53:14", "elapsed": 2478.850946, "delta": 0.003247}}
{"target": -17.6772349671103, "params": {"gamma": 157.2217889373052, "log10_alpha": -0.8477966556731413, "log10_colsample_bytree": -0.4920184373595946, "log10_eta": -3.436766325172422, "log10_lambda": -4.203873741492812, "log10_min_child_weight": 4.693533241270366, "log10_subsample": -0.048436093373323996, "max_depth": 4.0, "num_boost_round": 12.0}, "datetime": {"datetime": "2024-01-19 00:53:14", "elapsed": 2478.854177, "delta": 0.003231}}
{"target": -17.67723456861196, "params": {"gamma": 157.2217889373052, "log10_alpha": -0.8477966556731413, "log10_colsample_bytree": -0.4920184373595946, "log10_eta": -3.436766325172422, "log10_lambda": -4.203873741492812, "log10_min_child_weight": 4.693533241270366, "log10_subsample": -0.048436093373323996, "max_depth": 4.0, "num_boost_round": 13.0}, "datetime": {"datetime": "2024-01-19 00:53:14", "elapsed": 2478.857373, "delta": 0.003196}}
{"target": -17.677233492637217, "params": {"gamma": 157.2217889373052, "log10_alpha": -0.8477966556731413, "log10_colsample_bytree": -0.4920184373595946, "log10_eta": -3.436766325172422, "log10_lambda": -4.203873741492812, "log10_min_child_weight": 4.693533241270366, "log10_subsample": -0.048436093373323996, "max_depth": 4.0, "num_boost_round": 14.0}, "datetime": {"datetime": "2024-01-19 00:53:14", "elapsed": 2478.86063, "delta": 0.003257}}
{"target": -17.67722744490112, "params": {"gamma": 157.2217889373052, "log10_alpha": -0.8477966556731413, "log10_colsample_bytree": -0.4920184373595946, "log10_eta": -3.436766325172422, "log10_lambda": -4.203873741492812, "log10_min_child_weight": 4.693533241270366, "log10_subsample": -0.048436093373323996, "max_depth": 4.0, "num_boost_round": 15.0}, "datetime": {"datetime": "2024-01-19 00:53:14", "elapsed": 2478.863805, "delta": 0.003175}}
{"target": -17.67722298018365, "params": {"gamma": 157.2217889373052, "log10_alpha": -0.8477966556731413, "log10_colsample_bytree": -0.4920184373595946, "log10_eta": -3.436766325172422, "log10_lambda": -4.203873741492812, "log10_min_child_weight": 4.693533241270366, "log10_subsample": -0.048436093373323996, "max_depth": 4.0, "num_boost_round": 16.0}, "datetime": {"datetime": "2024-01-19 00:53:14", "elapsed": 2478.866999, "delta": 0.003194}}
{"target": -17.677224347513825, "params": {"gamma": 157.2217889373052, "log10_alpha": -0.8477966556731413, "log10_colsample_bytree": -0.4920184373595946, "log10_eta": -3.436766325172422, "log10_lambda": -4.203873741492812, "log10_min_child_weight": 4.693533241270366, "log10_subsample": -0.048436093373323996, "max_depth": 4.0, "num_boost_round": 17.0}, "datetime": {"datetime": "2024-01-19 00:53:14", "elapsed": 2478.870311, "delta": 0.003312}}
{"target": -17.677220232285638, "params": {"gamma": 157.2217889373052, "log10_alpha": -0.8477966556731413, "log10_colsample_bytree": -0.4920184373595946, "log10_eta": -3.436766325172422, "log10_lambda": -4.203873741492812, "log10_min_child_weight": 4.693533241270366, "log10_subsample": -0.048436093373323996, "max_depth": 4.0, "num_boost_round": 18.0}, "datetime": {"datetime": "2024-01-19 00:53:14", "elapsed": 2478.873576, "delta": 0.003265}}
{"target": -17.677215456092892, "params": {"gamma": 157.2217889373052, "log10_alpha": -0.8477966556731413, "log10_colsample_bytree": -0.4920184373595946, "log10_eta": -3.436766325172422, "log10_lambda": -4.203873741492812, "log10_min_child_weight": 4.693533241270366, "log10_subsample": -0.048436093373323996, "max_depth": 4.0, "num_boost_round": 19.0}, "datetime": {"datetime": "2024-01-19 00:53:14", "elapsed": 2478.876765, "delta": 0.003189}}
{"target": -17.67721134502423, "params": {"gamma": 157.2217889373052, "log10_alpha": -0.8477966556731413, "log10_colsample_bytree": -0.4920184373595946, "log10_eta": -3.436766325172422, "log10_lambda": -4.203873741492812, "log10_min_child_weight": 4.693533241270366, "log10_subsample": -0.048436093373323996, "max_depth": 4.0, "num_boost_round": 20.0}, "datetime": {"datetime": "2024-01-19 00:53:14", "elapsed": 2478.880058, "delta": 0.003293}}
{"target": -17.677208941917993, "params": {"gamma": 157.2217889373052, "log10_alpha": -0.8477966556731413, "log10_colsample_bytree": -0.4920184373595946, "log10_eta": -3.436766325172422, "log10_lambda": -4.203873741492812, "log10_min_child_weight": 4.693533241270366, "log10_subsample": -0.048436093373323996, "max_depth": 4.0, "num_boost_round": 21.0}, "datetime": {"datetime": "2024-01-19 00:53:14", "elapsed": 2478.883271, "delta": 0.003213}}
{"target": -17.67720988579768, "params": {"gamma": 157.2217889373052, "log10_alpha": -0.8477966556731413, "log10_colsample_bytree": -0.4920184373595946, "log10_eta": -3.436766325172422, "log10_lambda": -4.203873741492812, "log10_min_child_weight": 4.693533241270366, "log10_subsample": -0.048436093373323996, "max_depth": 4.0, "num_boost_round": 22.0}, "datetime": {"datetime": "2024-01-19 00:53:14", "elapsed": 2478.88658, "delta": 0.003309}}
{"target": -17.67720436113566, "params": {"gamma": 157.2217889373052, "log10_alpha": -0.8477966556731413, "log10_colsample_bytree": -0.4920184373595946, "log10_eta": -3.436766325172422, "log10_lambda": -4.203873741492812, "log10_min_child_weight": 4.693533241270366, "log10_subsample": -0.048436093373323996, "max_depth": 4.0, "num_boost_round": 23.0}, "datetime": {"datetime": "2024-01-19 00:53:14", "elapsed": 2478.890098, "delta": 0.003518}}
{"target": -17.677206843703498, "params": {"gamma": 157.2217889373052, "log10_alpha": -0.8477966556731413, "log10_colsample_bytree": -0.4920184373595946, "log10_eta": -3.436766325172422, "log10_lambda": -4.203873741492812, "log10_min_child_weight": 4.693533241270366, "log10_subsample": -0.048436093373323996, "max_depth": 4.0, "num_boost_round": 24.0}, "datetime": {"datetime": "2024-01-19 00:53:14", "elapsed": 2478.893471, "delta": 0.003373}}
{"target": -17.67720189162423, "params": {"gamma": 157.2217889373052, "log10_alpha": -0.8477966556731413, "log10_colsample_bytree": -0.4920184373595946, "log10_eta": -3.436766325172422, "log10_lambda": -4.203873741492812, "log10_min_child_weight": 4.693533241270366, "log10_subsample": -0.048436093373323996, "max_depth": 4.0, "num_boost_round": 25.0}, "datetime": {"datetime": "2024-01-19 00:53:14", "elapsed": 2478.896677, "delta": 0.003206}}
{"target": -17.677202956205456, "params": {"gamma": 157.2217889373052, "log10_alpha": -0.8477966556731413, "log10_colsample_bytree": -0.4920184373595946, "log10_eta": -3.436766325172422, "log10_lambda": -4.203873741492812, "log10_min_child_weight": 4.693533241270366, "log10_subsample": -0.048436093373323996, "max_depth": 4.0, "num_boost_round": 26.0}, "datetime": {"datetime": "2024-01-19 00:53:14", "elapsed": 2478.89996, "delta": 0.003283}}
{"target": -17.67719764327153, "params": {"gamma": 157.2217889373052, "log10_alpha": -0.8477966556731413, "log10_colsample_bytree": -0.4920184373595946, "log10_eta": -3.436766325172422, "log10_lambda": -4.203873741492812, "log10_min_child_weight": 4.693533241270366, "log10_subsample": -0.048436093373323996, "max_depth": 4.0, "num_boost_round": 27.0}, "datetime": {"datetime": "2024-01-19 00:53:14", "elapsed": 2478.903125, "delta": 0.003165}}
{"target": -17.677194735789612, "params": {"gamma": 157.2217889373052, "log10_alpha": -0.8477966556731413, "log10_colsample_bytree": -0.4920184373595946, "log10_eta": -3.436766325172422, "log10_lambda": -4.203873741492812, "log10_min_child_weight": 4.693533241270366, "log10_subsample": -0.048436093373323996, "max_depth": 4.0, "num_boost_round": 28.0}, "datetime": {"datetime": "2024-01-19 00:53:14", "elapsed": 2478.906291, "delta": 0.003166}}
{"target": -17.677196219904936, "params": {"gamma": 157.2217889373052, "log10_alpha": -0.8477966556731413, "log10_colsample_bytree": -0.4920184373595946, "log10_eta": -3.436766325172422, "log10_lambda": -4.203873741492812, "log10_min_child_weight": 4.693533241270366, "log10_subsample": -0.048436093373323996, "max_depth": 4.0, "num_boost_round": 29.0}, "datetime": {"datetime": "2024-01-19 00:53:14", "elapsed": 2478.909615, "delta": 0.003324}}
{"target": -17.677194574329498, "params": {"gamma": 157.2217889373052, "log10_alpha": -0.8477966556731413, "log10_colsample_bytree": -0.4920184373595946, "log10_eta": -3.436766325172422, "log10_lambda": -4.203873741492812, "log10_min_child_weight": 4.693533241270366, "log10_subsample": -0.048436093373323996, "max_depth": 4.0, "num_boost_round": 30.0}, "datetime": {"datetime": "2024-01-19 00:53:14", "elapsed": 2478.912813, "delta": 0.003198}}
{"target": -17.677192990555188, "params": {"gamma": 157.2217889373052, "log10_alpha": -0.8477966556731413, "log10_colsample_bytree": -0.4920184373595946, "log10_eta": -3.436766325172422, "log10_lambda": -4.203873741492812, "log10_min_child_weight": 4.693533241270366, "log10_subsample": -0.048436093373323996, "max_depth": 4.0, "num_boost_round": 31.0}, "datetime": {"datetime": "2024-01-19 00:53:14", "elapsed": 2478.916091, "delta": 0.003278}}
{"target": -17.677193992347085, "params": {"gamma": 157.2217889373052, "log10_alpha": -0.8477966556731413, "log10_colsample_bytree": -0.4920184373595946, "log10_eta": -3.436766325172422, "log10_lambda": -4.203873741492812, "log10_min_child_weight": 4.693533241270366, "log10_subsample": -0.048436093373323996, "max_depth": 4.0, "num_boost_round": 32.0}, "datetime": {"datetime": "2024-01-19 00:53:14", "elapsed": 2478.919379, "delta": 0.003288}}
{"target": -17.677195210018052, "params": {"gamma": 157.2217889373052, "log10_alpha": -0.8477966556731413, "log10_colsample_bytree": -0.4920184373595946, "log10_eta": -3.436766325172422, "log10_lambda": -4.203873741492812, "log10_min_child_weight": 4.693533241270366, "log10_subsample": -0.048436093373323996, "max_depth": 4.0, "num_boost_round": 33.0}, "datetime": {"datetime": "2024-01-19 00:53:14", "elapsed": 2478.922738, "delta": 0.003359}}
{"target": -17.677202342823005, "params": {"gamma": 157.2217889373052, "log10_alpha": -0.8477966556731413, "log10_colsample_bytree": -0.4920184373595946, "log10_eta": -3.436766325172422, "log10_lambda": -4.203873741492812, "log10_min_child_weight": 4.693533241270366, "log10_subsample": -0.048436093373323996, "max_depth": 4.0, "num_boost_round": 34.0}, "datetime": {"datetime": "2024-01-19 00:53:14", "elapsed": 2478.926026, "delta": 0.003288}}
{"target": -17.677203458182024, "params": {"gamma": 157.2217889373052, "log10_alpha": -0.8477966556731413, "log10_colsample_bytree": -0.4920184373595946, "log10_eta": -3.436766325172422, "log10_lambda": -4.203873741492812, "log10_min_child_weight": 4.693533241270366, "log10_subsample": -0.048436093373323996, "max_depth": 4.0, "num_boost_round": 35.0}, "datetime": {"datetime": "2024-01-19 00:53:14", "elapsed": 2478.929367, "delta": 0.003341}}
{"target": -17.67720553906937, "params": {"gamma": 157.2217889373052, "log10_alpha": -0.8477966556731413, "log10_colsample_bytree": -0.4920184373595946, "log10_eta": -3.436766325172422, "log10_lambda": -4.203873741492812, "log10_min_child_weight": 4.693533241270366, "log10_subsample": -0.048436093373323996, "max_depth": 4.0, "num_boost_round": 36.0}, "datetime": {"datetime": "2024-01-19 00:53:14", "elapsed": 2478.932542, "delta": 0.003175}}
{"target": -17.677206605024875, "params": {"gamma": 157.2217889373052, "log10_alpha": -0.8477966556731413, "log10_colsample_bytree": -0.4920184373595946, "log10_eta": -3.436766325172422, "log10_lambda": -4.203873741492812, "log10_min_child_weight": 4.693533241270366, "log10_subsample": -0.048436093373323996, "max_depth": 4.0, "num_boost_round": 37.0}, "datetime": {"datetime": "2024-01-19 00:53:14", "elapsed": 2478.935694, "delta": 0.003152}}
{"target": -17.677199113112433, "params": {"gamma": 157.2217889373052, "log10_alpha": -0.8477966556731413, "log10_colsample_bytree": -0.4920184373595946, "log10_eta": -3.436766325172422, "log10_lambda": -4.203873741492812, "log10_min_child_weight": 4.693533241270366, "log10_subsample": -0.048436093373323996, "max_depth": 4.0, "num_boost_round": 38.0}, "datetime": {"datetime": "2024-01-19 00:53:14", "elapsed": 2478.938849, "delta": 0.003155}}
{"target": -17.677193329983865, "params": {"gamma": 157.2217889373052, "log10_alpha": -0.8477966556731413, "log10_colsample_bytree": -0.4920184373595946, "log10_eta": -3.436766325172422, "log10_lambda": -4.203873741492812, "log10_min_child_weight": 4.693533241270366, "log10_subsample": -0.048436093373323996, "max_depth": 4.0, "num_boost_round": 39.0}, "datetime": {"datetime": "2024-01-19 00:53:14", "elapsed": 2478.942209, "delta": 0.00336}}
{"target": -17.67719455194735, "params": {"gamma": 157.2217889373052, "log10_alpha": -0.8477966556731413, "log10_colsample_bytree": -0.4920184373595946, "log10_eta": -3.436766325172422, "log10_lambda": -4.203873741492812, "log10_min_child_weight": 4.693533241270366, "log10_subsample": -0.048436093373323996, "max_depth": 4.0, "num_boost_round": 40.0}, "datetime": {"datetime": "2024-01-19 00:53:14", "elapsed": 2478.945373, "delta": 0.003164}}
{"target": -17.677205208695668, "params": {"gamma": 157.2217889373052, "log10_alpha": -0.8477966556731413, "log10_colsample_bytree": -0.4920184373595946, "log10_eta": -3.436766325172422, "log10_lambda": -4.203873741492812, "log10_min_child_weight": 4.693533241270366, "log10_subsample": -0.048436093373323996, "max_depth": 4.0, "num_boost_round": 41.0}, "datetime": {"datetime": "2024-01-19 00:53:14", "elapsed": 2478.948664, "delta": 0.003291}}
{"target": -17.677208256094957, "params": {"gamma": 157.2217889373052, "log10_alpha": -0.8477966556731413, "log10_colsample_bytree": -0.4920184373595946, "log10_eta": -3.436766325172422, "log10_lambda": -4.203873741492812, "log10_min_child_weight": 4.693533241270366, "log10_subsample": -0.048436093373323996, "max_depth": 4.0, "num_boost_round": 42.0}, "datetime": {"datetime": "2024-01-19 00:53:14", "elapsed": 2478.951879, "delta": 0.003215}}
{"target": -17.677231823360987, "params": {"gamma": 198.8218139452279, "log10_alpha": 1.0, "log10_colsample_bytree": -1.0, "log10_eta": -4.0, "log10_lambda": -5.0, "log10_min_child_weight": 5.0, "log10_subsample": 0.0, "max_depth": 10.0, "num_boost_round": 0.0}, "datetime": {"datetime": "2024-01-19 00:53:44", "elapsed": 2508.706701, "delta": 29.754822}}
{"target": -17.67723077393244, "params": {"gamma": 198.8218139452279, "log10_alpha": 1.0, "log10_colsample_bytree": -1.0, "log10_eta": -4.0, "log10_lambda": -5.0, "log10_min_child_weight": 5.0, "log10_subsample": 0.0, "max_depth": 10.0, "num_boost_round": 1.0}, "datetime": {"datetime": "2024-01-19 00:53:44", "elapsed": 2508.711041, "delta": 0.00434}}
{"target": -17.67722989739729, "params": {"gamma": 198.8218139452279, "log10_alpha": 1.0, "log10_colsample_bytree": -1.0, "log10_eta": -4.0, "log10_lambda": -5.0, "log10_min_child_weight": 5.0, "log10_subsample": 0.0, "max_depth": 10.0, "num_boost_round": 2.0}, "datetime": {"datetime": "2024-01-19 00:53:44", "elapsed": 2508.714399, "delta": 0.003358}}
{"target": -17.6772296289769, "params": {"gamma": 198.8218139452279, "log10_alpha": 1.0, "log10_colsample_bytree": -1.0, "log10_eta": -4.0, "log10_lambda": -5.0, "log10_min_child_weight": 5.0, "log10_subsample": 0.0, "max_depth": 10.0, "num_boost_round": 3.0}, "datetime": {"datetime": "2024-01-19 00:53:44", "elapsed": 2508.717769, "delta": 0.00337}}
{"target": -17.677228646347018, "params": {"gamma": 198.8218139452279, "log10_alpha": 1.0, "log10_colsample_bytree": -1.0, "log10_eta": -4.0, "log10_lambda": -5.0, "log10_min_child_weight": 5.0, "log10_subsample": 0.0, "max_depth": 10.0, "num_boost_round": 4.0}, "datetime": {"datetime": "2024-01-19 00:53:44", "elapsed": 2508.72105, "delta": 0.003281}}
{"target": -17.67722800982255, "params": {"gamma": 198.8218139452279, "log10_alpha": 1.0, "log10_colsample_bytree": -1.0, "log10_eta": -4.0, "log10_lambda": -5.0, "log10_min_child_weight": 5.0, "log10_subsample": 0.0, "max_depth": 10.0, "num_boost_round": 5.0}, "datetime": {"datetime": "2024-01-19 00:53:44", "elapsed": 2508.724258, "delta": 0.003208}}
{"target": -17.677227394312702, "params": {"gamma": 198.8218139452279, "log10_alpha": 1.0, "log10_colsample_bytree": -1.0, "log10_eta": -4.0, "log10_lambda": -5.0, "log10_min_child_weight": 5.0, "log10_subsample": 0.0, "max_depth": 10.0, "num_boost_round": 6.0}, "datetime": {"datetime": "2024-01-19 00:53:44", "elapsed": 2508.727565, "delta": 0.003307}}
{"target": -17.677226591203883, "params": {"gamma": 198.8218139452279, "log10_alpha": 1.0, "log10_colsample_bytree": -1.0, "log10_eta": -4.0, "log10_lambda": -5.0, "log10_min_child_weight": 5.0, "log10_subsample": 0.0, "max_depth": 10.0, "num_boost_round": 7.0}, "datetime": {"datetime": "2024-01-19 00:53:44", "elapsed": 2508.730756, "delta": 0.003191}}
{"target": -17.677226225411417, "params": {"gamma": 198.8218139452279, "log10_alpha": 1.0, "log10_colsample_bytree": -1.0, "log10_eta": -4.0, "log10_lambda": -5.0, "log10_min_child_weight": 5.0, "log10_subsample": 0.0, "max_depth": 10.0, "num_boost_round": 8.0}, "datetime": {"datetime": "2024-01-19 00:53:44", "elapsed": 2508.733919, "delta": 0.003163}}
{"target": -17.677226104435867, "params": {"gamma": 198.8218139452279, "log10_alpha": 1.0, "log10_colsample_bytree": -1.0, "log10_eta": -4.0, "log10_lambda": -5.0, "log10_min_child_weight": 5.0, "log10_subsample": 0.0, "max_depth": 10.0, "num_boost_round": 9.0}, "datetime": {"datetime": "2024-01-19 00:53:44", "elapsed": 2508.737157, "delta": 0.003238}}
{"target": -17.677226137150317, "params": {"gamma": 198.8218139452279, "log10_alpha": 1.0, "log10_colsample_bytree": -1.0, "log10_eta": -4.0, "log10_lambda": -5.0, "log10_min_child_weight": 5.0, "log10_subsample": 0.0, "max_depth": 10.0, "num_boost_round": 10.0}, "datetime": {"datetime": "2024-01-19 00:53:44", "elapsed": 2508.740493, "delta": 0.003336}}
{"target": -17.677227172404002, "params": {"gamma": 171.73407693468067, "log10_alpha": -0.4311681541810142, "log10_colsample_bytree": -0.566080149167785, "log10_eta": -3.7064022313974223, "log10_lambda": -1.5644095796397255, "log10_min_child_weight": 2.4132892393078, "log10_subsample": -0.41268159878542654, "max_depth": 2.0, "num_boost_round": 0.0}, "datetime": {"datetime": "2024-01-19 00:54:39", "elapsed": 2563.817902, "delta": 55.077409}}
{"target": -17.677222410289904, "params": {"gamma": 171.73407693468067, "log10_alpha": -0.4311681541810142, "log10_colsample_bytree": -0.566080149167785, "log10_eta": -3.7064022313974223, "log10_lambda": -1.5644095796397255, "log10_min_child_weight": 2.4132892393078, "log10_subsample": -0.41268159878542654, "max_depth": 2.0, "num_boost_round": 1.0}, "datetime": {"datetime": "2024-01-19 00:54:39", "elapsed": 2563.821962, "delta": 0.00406}}
{"target": -17.677217044647264, "params": {"gamma": 171.73407693468067, "log10_alpha": -0.4311681541810142, "log10_colsample_bytree": -0.566080149167785, "log10_eta": -3.7064022313974223, "log10_lambda": -1.5644095796397255, "log10_min_child_weight": 2.4132892393078, "log10_subsample": -0.41268159878542654, "max_depth": 2.0, "num_boost_round": 2.0}, "datetime": {"datetime": "2024-01-19 00:54:39", "elapsed": 2563.825712, "delta": 0.00375}}
{"target": -17.677215920935076, "params": {"gamma": 171.73407693468067, "log10_alpha": -0.4311681541810142, "log10_colsample_bytree": -0.566080149167785, "log10_eta": -3.7064022313974223, "log10_lambda": -1.5644095796397255, "log10_min_child_weight": 2.4132892393078, "log10_subsample": -0.41268159878542654, "max_depth": 2.0, "num_boost_round": 3.0}, "datetime": {"datetime": "2024-01-19 00:54:39", "elapsed": 2563.829311, "delta": 0.003599}}
