{"target": -17.676508875277726, "params": {"gamma": 431.1545128422123, "log10_alpha": -2.820723230168033, "log10_colsample_bytree": -0.6637435793563898, "log10_eta": -2.25658183196517, "log10_lambda": -0.4601724946728858, "log10_min_child_weight": 4.967528334927137, "log10_subsample": -0.09905096980640038, "max_depth": 7.0, "num_boost_round": 18.0}, "datetime": {"datetime": "2024-01-19 00:39:22", "elapsed": 1666.825116, "delta": 0.001622}}
{"target": -17.676423244505504, "params": {"gamma": 431.1545128422123, "log10_alpha": -2.820723230168033, "log10_colsample_bytree": -0.6637435793563898, "log10_eta": -2.25658183196517, "log10_lambda": -0.4601724946728858, "log10_min_child_weight": 4.967528334927137, "log10_subsample": -0.09905096980640038, "max_depth": 7.0, "num_boost_round": 19.0}, "datetime": {"datetime": "2024-01-19 00:39:22", "elapsed": 1666.826727, "delta": 0.001611}}
{"target": -17.67646855501623, "params": {"gamma": 431.1545128422123, "log10_alpha": -2.820723230168033, "log10_colsample_bytree": -0.6637435793563898, "log10_eta": -2.25658183196517, "log10_lambda": -0.4601724946728858, "log10_min_child_weight": 4.967528334927137, "log10_subsample": -0.09905096980640038, "max_depth": 7.0, "num_boost_round": 20.0}, "datetime": {"datetime": "2024-01-19 00:39:22", "elapsed": 1666.828336, "delta": 0.001609}}
{"target": -17.676475620376838, "params": {"gamma": 431.1545128422123, "log10_alpha": -2.820723230168033, "log10_colsample_bytree": -0.6637435793563898, "log10_eta": -2.25658183196517, "log10_lambda": -0.4601724946728858, "log10_min_child_weight": 4.967528334927137, "log10_subsample": -0.09905096980640038, "max_depth": 7.0, "num_boost_round": 21.0}, "datetime": {"datetime": "2024-01-19 00:39:22", "elapsed": 1666.830006, "delta": 0.00167}}
{"target": -17.677438622344912, "params": {"gamma": 444.18038607565256, "log10_alpha": -3.0598391037585517, "log10_colsample_bytree": -0.3719428133847844, "log10_eta": -1.988370023592704, "log10_lambda": 0.26415226334726327, "log10_min_child_weight": 1.0464939185222277, "log10_subsample": -0.7333421644230528, "max_depth": 9.0, "num_boost_round": 0.0}, "datetime": {"datetime": "2024-01-19 00:39:48", "elapsed": 1693.425387, "delta": 26.595381}}
{"target": -17.67660642603297, "params": {"gamma": 444.18038607565256, "log10_alpha": -3.0598391037585517, "log10_colsample_bytree": -0.3719428133847844, "log10_eta": -1.988370023592704, "log10_lambda": 0.26415226334726327, "log10_min_child_weight": 1.0464939185222277, "log10_subsample": -0.7333421644230528, "max_depth": 9.0, "num_boost_round": 1.0}, "datetime": {"datetime": "2024-01-19 00:39:48", "elapsed": 1693.427416, "delta": 0.002029}}
{"target": -17.676580093183752, "params": {"gamma": 444.18038607565256, "log10_alpha": -3.0598391037585517, "log10_colsample_bytree": -0.3719428133847844, "log10_eta": -1.988370023592704, "log10_lambda": 0.26415226334726327, "log10_min_child_weight": 1.0464939185222277, "log10_subsample": -0.7333421644230528, "max_depth": 9.0, "num_boost_round": 2.0}, "datetime": {"datetime": "2024-01-19 00:39:48", "elapsed": 1693.429814, "delta": 0.002398}}
{"target": -17.6764445848285, "params": {"gamma": 444.18038607565256, "log10_alpha": -3.0598391037585517, "log10_colsample_bytree": -0.3719428133847844, "log10_eta": -1.988370023592704, "log10_lambda": 0.26415226334726327, "log10_min_child_weight": 1.0464939185222277, "log10_subsample": -0.7333421644230528, "max_depth": 9.0, "num_boost_round": 3.0}, "datetime": {"datetime": "2024-01-19 00:39:48", "elapsed": 1693.431513, "delta": 0.001699}}
{"target": -17.67522381815565, "params": {"gamma": 444.18038607565256, "log10_alpha": -3.0598391037585517, "log10_colsample_bytree": -0.3719428133847844, "log10_eta": -1.988370023592704, "log10_lambda": 0.26415226334726327, "log10_min_child_weight": 1.0464939185222277, "log10_subsample": -0.7333421644230528, "max_depth": 9.0, "num_boost_round": 4.0}, "datetime": {"datetime": "2024-01-19 00:39:48", "elapsed": 1693.433149, "delta": 0.001636}}
{"target": -17.67431351630381, "params": {"gamma": 444.18038607565256, "log10_alpha": -3.0598391037585517, "log10_colsample_bytree": -0.3719428133847844, "log10_eta": -1.988370023592704, "log10_lambda": 0.26415226334726327, "log10_min_child_weight": 1.0464939185222277, "log10_subsample": -0.7333421644230528, "max_depth": 9.0, "num_boost_round": 5.0}, "datetime": {"datetime": "2024-01-19 00:39:48", "elapsed": 1693.434917, "delta": 0.001768}}
{"target": -17.673876183953883, "params": {"gamma": 444.18038607565256, "log10_alpha": -3.0598391037585517, "log10_colsample_bytree": -0.3719428133847844, "log10_eta": -1.988370023592704, "log10_lambda": 0.26415226334726327, "log10_min_child_weight": 1.0464939185222277, "log10_subsample": -0.7333421644230528, "max_depth": 9.0, "num_boost_round": 6.0}, "datetime": {"datetime": "2024-01-19 00:39:48", "elapsed": 1693.436564, "delta": 0.001647}}
{"target": -17.673606135328097, "params": {"gamma": 444.18038607565256, "log10_alpha": -3.0598391037585517, "log10_colsample_bytree": -0.3719428133847844, "log10_eta": -1.988370023592704, "log10_lambda": 0.26415226334726327, "log10_min_child_weight": 1.0464939185222277, "log10_subsample": -0.7333421644230528, "max_depth": 9.0, "num_boost_round": 7.0}, "datetime": {"datetime": "2024-01-19 00:39:48", "elapsed": 1693.438188, "delta": 0.001624}}
{"target": -17.673630740140652, "params": {"gamma": 444.18038607565256, "log10_alpha": -3.0598391037585517, "log10_colsample_bytree": -0.3719428133847844, "log10_eta": -1.988370023592704, "log10_lambda": 0.26415226334726327, "log10_min_child_weight": 1.0464939185222277, "log10_subsample": -0.7333421644230528, "max_depth": 9.0, "num_boost_round": 8.0}, "datetime": {"datetime": "2024-01-19 00:39:48", "elapsed": 1693.439809, "delta": 0.001621}}
{"target": -17.673457839556512, "params": {"gamma": 444.18038607565256, "log10_alpha": -3.0598391037585517, "log10_colsample_bytree": -0.3719428133847844, "log10_eta": -1.988370023592704, "log10_lambda": 0.26415226334726327, "log10_min_child_weight": 1.0464939185222277, "log10_subsample": -0.7333421644230528, "max_depth": 9.0, "num_boost_round": 9.0}, "datetime": {"datetime": "2024-01-19 00:39:48", "elapsed": 1693.441433, "delta": 0.001624}}
{"target": -17.672719834734085, "params": {"gamma": 444.18038607565256, "log10_alpha": -3.0598391037585517, "log10_colsample_bytree": -0.3719428133847844, "log10_eta": -1.988370023592704, "log10_lambda": 0.26415226334726327, "log10_min_child_weight": 1.0464939185222277, "log10_subsample": -0.7333421644230528, "max_depth": 9.0, "num_boost_round": 10.0}, "datetime": {"datetime": "2024-01-19 00:39:48", "elapsed": 1693.44306, "delta": 0.001627}}
{"target": -17.677214006592127, "params": {"gamma": 426.68589391368516, "log10_alpha": -0.1365469803401993, "log10_colsample_bytree": -0.7363619851115093, "log10_eta": -3.578726656336189, "log10_lambda": -2.8617164198592726, "log10_min_child_weight": 0.5532483424410117, "log10_subsample": -0.5053857309519602, "max_depth": 9.0, "num_boost_round": 0.0}, "datetime": {"datetime": "2024-01-19 00:40:25", "elapsed": 1730.206022, "delta": 36.762962}}
{"target": -17.677200675062394, "params": {"gamma": 426.68589391368516, "log10_alpha": -0.1365469803401993, "log10_colsample_bytree": -0.7363619851115093, "log10_eta": -3.578726656336189, "log10_lambda": -2.8617164198592726, "log10_min_child_weight": 0.5532483424410117, "log10_subsample": -0.5053857309519602, "max_depth": 9.0, "num_boost_round": 1.0}, "datetime": {"datetime": "2024-01-19 00:40:25", "elapsed": 1730.208046, "delta": 0.002024}}
{"target": -17.677175408835197, "params": {"gamma": 426.68589391368516, "log10_alpha": -0.1365469803401993, "log10_colsample_bytree": -0.7363619851115093, "log10_eta": -3.578726656336189, "log10_lambda": -2.8617164198592726, "log10_min_child_weight": 0.5532483424410117, "log10_subsample": -0.5053857309519602, "max_depth": 9.0, "num_boost_round": 2.0}, "datetime": {"datetime": "2024-01-19 00:40:25", "elapsed": 1730.210572, "delta": 0.002526}}
{"target": -17.677158438504833, "params": {"gamma": 426.68589391368516, "log10_alpha": -0.1365469803401993, "log10_colsample_bytree": -0.7363619851115093, "log10_eta": -3.578726656336189, "log10_lambda": -2.8617164198592726, "log10_min_child_weight": 0.5532483424410117, "log10_subsample": -0.5053857309519602, "max_depth": 9.0, "num_boost_round": 3.0}, "datetime": {"datetime": "2024-01-19 00:40:25", "elapsed": 1730.212351, "delta": 0.001779}}
{"target": -17.677118942403983, "params": {"gamma": 426.68589391368516, "log10_alpha": -0.1365469803401993, "log10_colsample_bytree": -0.7363619851115093, "log10_eta": -3.578726656336189, "log10_lambda": -2.8617164198592726, "log10_min_child_weight": 0.5532483424410117, "log10_subsample": -0.5053857309519602, "max_depth": 9.0, "num_boost_round": 4.0}, "datetime": {"datetime": "2024-01-19 00:40:25", "elapsed": 1730.214108, "delta": 0.001757}}
{"target": -17.67710139716791, "params": {"gamma": 426.68589391368516, "log10_alpha": -0.1365469803401993, "log10_colsample_bytree": -0.7363619851115093, "log10_eta": -3.578726656336189, "log10_lambda": -2.8617164198592726, "log10_min_child_weight": 0.5532483424410117, "log10_subsample": -0.5053857309519602, "max_depth": 9.0, "num_boost_round": 5.0}, "datetime": {"datetime": "2024-01-19 00:40:25", "elapsed": 1730.21586, "delta": 0.001752}}
{"target": -17.67709320734018, "params": {"gamma": 426.68589391368516, "log10_alpha": -0.1365469803401993, "log10_colsample_bytree": -0.7363619851115093, "log10_eta": -3.578726656336189, "log10_lambda": -2.8617164198592726, "log10_min_child_weight": 0.5532483424410117, "log10_subsample": -0.5053857309519602, "max_depth": 9.0, "num_boost_round": 6.0}, "datetime": {"datetime": "2024-01-19 00:40:25", "elapsed": 1730.217506, "delta": 0.001646}}
{"target": -17.67707864838169, "params": {"gamma": 426.68589391368516, "log10_alpha": -0.1365469803401993, "log10_colsample_bytree": -0.7363619851115093, "log10_eta": -3.578726656336189, "log10_lambda": -2.8617164198592726, "log10_min_child_weight": 0.5532483424410117, "log10_subsample": -0.5053857309519602, "max_depth": 9.0, "num_boost_round": 7.0}, "datetime": {"datetime": "2024-01-19 00:40:25", "elapsed": 1730.21915, "delta": 0.001644}}
{"target": -17.67707308369872, "params": {"gamma": 426.68589391368516, "log10_alpha": -0.1365469803401993, "log10_colsample_bytree": -0.7363619851115093, "log10_eta": -3.578726656336189, "log10_lambda": -2.8617164198592726, "log10_min_child_weight": 0.5532483424410117, "log10_subsample": -0.5053857309519602, "max_depth": 9.0, "num_boost_round": 8.0}, "datetime": {"datetime": "2024-01-19 00:40:25", "elapsed": 1730.220794, "delta": 0.001644}}
{"target": -17.677066774194497, "params": {"gamma": 426.68589391368516, "log10_alpha": -0.1365469803401993, "log10_colsample_bytree": -0.7363619851115093, "log10_eta": -3.578726656336189, "log10_lambda": -2.8617164198592726, "log10_min_child_weight": 0.5532483424410117, "log10_subsample": -0.5053857309519602, "max_depth": 9.0, "num_boost_round": 9.0}, "datetime": {"datetime": "2024-01-19 00:40:25", "elapsed": 1730.222441, "delta": 0.001647}}
{"target": -17.677049137471062, "params": {"gamma": 426.68589391368516, "log10_alpha": -0.1365469803401993, "log10_colsample_bytree": -0.7363619851115093, "log10_eta": -3.578726656336189, "log10_lambda": -2.8617164198592726, "log10_min_child_weight": 0.5532483424410117, "log10_subsample": -0.5053857309519602, "max_depth": 9.0, "num_boost_round": 10.0}, "datetime": {"datetime": "2024-01-19 00:40:25", "elapsed": 1730.224151, "delta": 0.00171}}
{"target": -17.677050558941257, "params": {"gamma": 426.68589391368516, "log10_alpha": -0.1365469803401993, "log10_colsample_bytree": -0.7363619851115093, "log10_eta": -3.578726656336189, "log10_lambda": -2.8617164198592726, "log10_min_child_weight": 0.5532483424410117, "log10_subsample": -0.5053857309519602, "max_depth": 9.0, "num_boost_round": 11.0}, "datetime": {"datetime": "2024-01-19 00:40:25", "elapsed": 1730.225832, "delta": 0.001681}}
{"target": -17.67702046961997, "params": {"gamma": 426.68589391368516, "log10_alpha": -0.1365469803401993, "log10_colsample_bytree": -0.7363619851115093, "log10_eta": -3.578726656336189, "log10_lambda": -2.8617164198592726, "log10_min_child_weight": 0.5532483424410117, "log10_subsample": -0.5053857309519602, "max_depth": 9.0, "num_boost_round": 12.0}, "datetime": {"datetime": "2024-01-19 00:40:25", "elapsed": 1730.227537, "delta": 0.001705}}
{"target": -17.67700442550625, "params": {"gamma": 426.68589391368516, "log10_alpha": -0.1365469803401993, "log10_colsample_bytree": -0.7363619851115093, "log10_eta": -3.578726656336189, "log10_lambda": -2.8617164198592726, "log10_min_child_weight": 0.5532483424410117, "log10_subsample": -0.5053857309519602, "max_depth": 9.0, "num_boost_round": 13.0}, "datetime": {"datetime": "2024-01-19 00:40:25", "elapsed": 1730.229234, "delta": 0.001697}}
{"target": -17.67700145037108, "params": {"gamma": 426.68589391368516, "log10_alpha": -0.1365469803401993, "log10_colsample_bytree": -0.7363619851115093, "log10_eta": -3.578726656336189, "log10_lambda": -2.8617164198592726, "log10_min_child_weight": 0.5532483424410117, "log10_subsample": -0.5053857309519602, "max_depth": 9.0, "num_boost_round": 14.0}, "datetime": {"datetime": "2024-01-19 00:40:25", "elapsed": 1730.23093, "delta": 0.001696}}
{"target": -17.67699683031496, "params": {"gamma": 426.68589391368516, "log10_alpha": -0.1365469803401993, "log10_colsample_bytree": -0.7363619851115093, "log10_eta": -3.578726656336189, "log10_lambda": -2.8617164198592726, "log10_min_child_weight": 0.5532483424410117, "log10_subsample": -0.5053857309519602, "max_depth": 9.0, "num_boost_round": 15.0}, "datetime": {"datetime": "2024-01-19 00:40:25", "elapsed": 1730.232652, "delta": 0.001722}}
{"target": -17.676999856321, "params": {"gamma": 426.68589391368516, "log10_alpha": -0.1365469803401993, "log10_colsample_bytree": -0.7363619851115093, "log10_eta": -3.578726656336189, "log10_lambda": -2.8617164198592726, "log10_min_child_weight": 0.5532483424410117, "log10_subsample": -0.5053857309519602, "max_depth": 9.0, "num_boost_round": 16.0}, "datetime": {"datetime": "2024-01-19 00:40:25", "elapsed": 1730.234346, "delta": 0.001694}}
{"target": -17.676989192028476, "params": {"gamma": 426.68589391368516, "log10_alpha": -0.1365469803401993, "log10_colsample_bytree": -0.7363619851115093, "log10_eta": -3.578726656336189, "log10_lambda": -2.8617164198592726, "log10_min_child_weight": 0.5532483424410117, "log10_subsample": -0.5053857309519602, "max_depth": 9.0, "num_boost_round": 17.0}, "datetime": {"datetime": "2024-01-19 00:40:25", "elapsed": 1730.23603, "delta": 0.001684}}
{"target": -17.677004997895523, "params": {"gamma": 426.68589391368516, "log10_alpha": -0.1365469803401993, "log10_colsample_bytree": -0.7363619851115093, "log10_eta": -3.578726656336189, "log10_lambda": -2.8617164198592726, "log10_min_child_weight": 0.5532483424410117, "log10_subsample": -0.5053857309519602, "max_depth": 9.0, "num_boost_round": 18.0}, "datetime": {"datetime": "2024-01-19 00:40:25", "elapsed": 1730.237747, "delta": 0.001717}}
{"target": -17.676981066015614, "params": {"gamma": 426.68589391368516, "log10_alpha": -0.1365469803401993, "log10_colsample_bytree": -0.7363619851115093, "log10_eta": -3.578726656336189, "log10_lambda": -2.8617164198592726, "log10_min_child_weight": 0.5532483424410117, "log10_subsample": -0.5053857309519602, "max_depth": 9.0, "num_boost_round": 19.0}, "datetime": {"datetime": "2024-01-19 00:40:25", "elapsed": 1730.239448, "delta": 0.001701}}
{"target": -17.67696347479983, "params": {"gamma": 426.68589391368516, "log10_alpha": -0.1365469803401993, "log10_colsample_bytree": -0.7363619851115093, "log10_eta": -3.578726656336189, "log10_lambda": -2.8617164198592726, "log10_min_child_weight": 0.5532483424410117, "log10_subsample": -0.5053857309519602, "max_depth": 9.0, "num_boost_round": 20.0}, "datetime": {"datetime": "2024-01-19 00:40:25", "elapsed": 1730.241154, "delta": 0.001706}}
{"target": -17.676959943025643, "params": {"gamma": 426.68589391368516, "log10_alpha": -0.1365469803401993, "log10_colsample_bytree": -0.7363619851115093, "log10_eta": -3.578726656336189, "log10_lambda": -2.8617164198592726, "log10_min_child_weight": 0.5532483424410117, "log10_subsample": -0.5053857309519602, "max_depth": 9.0, "num_boost_round": 21.0}, "datetime": {"datetime": "2024-01-19 00:40:25", "elapsed": 1730.242862, "delta": 0.001708}}
{"target": -17.676922431678605, "params": {"gamma": 426.68589391368516, "log10_alpha": -0.1365469803401993, "log10_colsample_bytree": -0.7363619851115093, "log10_eta": -3.578726656336189, "log10_lambda": -2.8617164198592726, "log10_min_child_weight": 0.5532483424410117, "log10_subsample": -0.5053857309519602, "max_depth": 9.0, "num_boost_round": 22.0}, "datetime": {"datetime": "2024-01-19 00:40:25", "elapsed": 1730.244562, "delta": 0.0017}}
{"target": -17.676901531780608, "params": {"gamma": 426.68589391368516, "log10_alpha": -0.1365469803401993, "log10_colsample_bytree": -0.7363619851115093, "log10_eta": -3.578726656336189, "log10_lambda": -2.8617164198592726, "log10_min_child_weight": 0.5532483424410117, "log10_subsample": -0.5053857309519602, "max_depth": 9.0, "num_boost_round": 23.0}, "datetime": {"datetime": "2024-01-19 00:40:25", "elapsed": 1730.246243, "delta": 0.001681}}
{"target": -17.67689089490293, "params": {"gamma": 426.68589391368516, "log10_alpha": -0.1365469803401993, "log10_colsample_bytree": -0.7363619851115093, "log10_eta": -3.578726656336189, "log10_lambda": -2.8617164198592726, "log10_min_child_weight": 0.5532483424410117, "log10_subsample": -0.5053857309519602, "max_depth": 9.0, "num_boost_round": 24.0}, "datetime": {"datetime": "2024-01-19 00:40:25", "elapsed": 1730.247959, "delta": 0.001716}}
{"target": -17.67723514841938, "params": {"gamma": 428.1911457547972, "log10_alpha": -3.264286574729436, "log10_colsample_bytree": -0.8995972073224411, "log10_eta": -2.7345669229903073, "log10_lambda": -0.5604128189174418, "log10_min_child_weight": 2.782668109269962, "log10_subsample": -0.199847173119596, "max_depth": 5.0, "num_boost_round": 0.0}, "datetime": {"datetime": "2024-01-19 00:40:53", "elapsed": 1757.59536, "delta": 27.347401}}
{"target": -17.67718386012446, "params": {"gamma": 428.1911457547972, "log10_alpha": -3.264286574729436, "log10_colsample_bytree": -0.8995972073224411, "log10_eta": -2.7345669229903073, "log10_lambda": -0.5604128189174418, "log10_min_child_weight": 2.782668109269962, "log10_subsample": -0.199847173119596, "max_depth": 5.0, "num_boost_round": 1.0}, "datetime": {"datetime": "2024-01-19 00:40:53", "elapsed": 1757.597525, "delta": 0.002165}}
{"target": -17.677139448029614, "params": {"gamma": 428.1911457547972, "log10_alpha": -3.264286574729436, "log10_colsample_bytree": -0.8995972073224411, "log10_eta": -2.7345669229903073, "log10_lambda": -0.5604128189174418, "log10_min_child_weight": 2.782668109269962, "log10_subsample": -0.199847173119596, "max_depth": 5.0, "num_boost_round": 2.0}, "datetime": {"datetime": "2024-01-19 00:40:53", "elapsed": 1757.59943, "delta": 0.001905}}
{"target": -17.677123275998852, "params": {"gamma": 428.1911457547972, "log10_alpha": -3.264286574729436, "log10_colsample_bytree": -0.8995972073224411, "log10_eta": -2.7345669229903073, "log10_lambda": -0.5604128189174418, "log10_min_child_weight": 2.782668109269962, "log10_subsample": -0.199847173119596, "max_depth": 5.0, "num_boost_round": 3.0}, "datetime": {"datetime": "2024-01-19 00:40:53", "elapsed": 1757.601391, "delta": 0.001961}}
{"target": -17.67702168068241, "params": {"gamma": 428.1911457547972, "log10_alpha": -3.264286574729436, "log10_colsample_bytree": -0.8995972073224411, "log10_eta": -2.7345669229903073, "log10_lambda": -0.5604128189174418, "log10_min_child_weight": 2.782668109269962, "log10_subsample": -0.199847173119596, "max_depth": 5.0, "num_boost_round": 4.0}, "datetime": {"datetime": "2024-01-19 00:40:53", "elapsed": 1757.603072, "delta": 0.001681}}
{"target": -17.676975082449374, "params": {"gamma": 428.1911457547972, "log10_alpha": -3.264286574729436, "log10_colsample_bytree": -0.8995972073224411, "log10_eta": -2.7345669229903073, "log10_lambda": -0.5604128189174418, "log10_min_child_weight": 2.782668109269962, "log10_subsample": -0.199847173119596, "max_depth": 5.0, "num_boost_round": 5.0}, "datetime": {"datetime": "2024-01-19 00:40:53", "elapsed": 1757.604786, "delta": 0.001714}}
{"target": -17.676984311332003, "params": {"gamma": 428.1911457547972, "log10_alpha": -3.264286574729436, "log10_colsample_bytree": -0.8995972073224411, "log10_eta": -2.7345669229903073, "log10_lambda": -0.5604128189174418, "log10_min_child_weight": 2.782668109269962, "log10_subsample": -0.199847173119596, "max_depth": 5.0, "num_boost_round": 6.0}, "datetime": {"datetime": "2024-01-19 00:40:53", "elapsed": 1757.606456, "delta": 0.00167}}
{"target": -17.67681933916367, "params": {"gamma": 428.1911457547972, "log10_alpha": -3.264286574729436, "log10_colsample_bytree": -0.8995972073224411, "log10_eta": -2.7345669229903073, "log10_lambda": -0.5604128189174418, "log10_min_child_weight": 2.782668109269962, "log10_subsample": -0.199847173119596, "max_depth": 5.0, "num_boost_round": 7.0}, "datetime": {"datetime": "2024-01-19 00:40:53", "elapsed": 1757.608164, "delta": 0.001708}}
{"target": -17.67678805517126, "params": {"gamma": 428.1911457547972, "log10_alpha": -3.264286574729436, "log10_colsample_bytree": -0.8995972073224411, "log10_eta": -2.7345669229903073, "log10_lambda": -0.5604128189174418, "log10_min_child_weight": 2.782668109269962, "log10_subsample": -0.199847173119596, "max_depth": 5.0, "num_boost_round": 8.0}, "datetime": {"datetime": "2024-01-19 00:40:53", "elapsed": 1757.609935, "delta": 0.001771}}
