{"target": -13.904345085645557, "params": {"gamma": 585.0832693380315, "log10_alpha": -1.8900672538075103, "log10_colsample_bytree": -0.4418849226568756, "log10_eta": -0.5161283469552824, "log10_lambda": -3.1205108805062145, "log10_min_child_weight": 1.7333939252885848, "log10_subsample": -0.8676063675450877, "max_depth": 3.0, "num_boost_round": 18.0}, "datetime": {"datetime": "2024-01-19 00:59:01", "elapsed": 2873.042699, "delta": 0.003141}}
{"target": -13.908076578254676, "params": {"gamma": 585.0832693380315, "log10_alpha": -1.8900672538075103, "log10_colsample_bytree": -0.4418849226568756, "log10_eta": -0.5161283469552824, "log10_lambda": -3.1205108805062145, "log10_min_child_weight": 1.7333939252885848, "log10_subsample": -0.8676063675450877, "max_depth": 3.0, "num_boost_round": 19.0}, "datetime": {"datetime": "2024-01-19 00:59:01", "elapsed": 2873.045964, "delta": 0.003265}}
{"target": -13.906274421288334, "params": {"gamma": 585.0832693380315, "log10_alpha": -1.8900672538075103, "log10_colsample_bytree": -0.4418849226568756, "log10_eta": -0.5161283469552824, "log10_lambda": -3.1205108805062145, "log10_min_child_weight": 1.7333939252885848, "log10_subsample": -0.8676063675450877, "max_depth": 3.0, "num_boost_round": 20.0}, "datetime": {"datetime": "2024-01-19 00:59:01", "elapsed": 2873.049252, "delta": 0.003288}}
{"target": -13.760412965590612, "params": {"gamma": 567.1577420802896, "log10_alpha": 0.05027073914525104, "log10_colsample_bytree": -0.0960353858544093, "log10_eta": -0.5389402548686708, "log10_lambda": -2.2832363181751667, "log10_min_child_weight": 4.572268478299944, "log10_subsample": -0.40431888888833145, "max_depth": 3.0, "num_boost_round": 0.0}, "datetime": {"datetime": "2024-01-19 00:59:44", "elapsed": 2916.367716, "delta": 43.318464}}
{"target": -13.763466836185426, "params": {"gamma": 567.1577420802896, "log10_alpha": 0.05027073914525104, "log10_colsample_bytree": -0.0960353858544093, "log10_eta": -0.5389402548686708, "log10_lambda": -2.2832363181751667, "log10_min_child_weight": 4.572268478299944, "log10_subsample": -0.40431888888833145, "max_depth": 3.0, "num_boost_round": 1.0}, "datetime": {"datetime": "2024-01-19 00:59:44", "elapsed": 2916.370974, "delta": 0.003258}}
{"target": -13.765468603962836, "params": {"gamma": 567.1577420802896, "log10_alpha": 0.05027073914525104, "log10_colsample_bytree": -0.0960353858544093, "log10_eta": -0.5389402548686708, "log10_lambda": -2.2832363181751667, "log10_min_child_weight": 4.572268478299944, "log10_subsample": -0.40431888888833145, "max_depth": 3.0, "num_boost_round": 2.0}, "datetime": {"datetime": "2024-01-19 00:59:44", "elapsed": 2916.375044, "delta": 0.00407}}
{"target": -13.769068353320572, "params": {"gamma": 567.1577420802896, "log10_alpha": 0.05027073914525104, "log10_colsample_bytree": -0.0960353858544093, "log10_eta": -0.5389402548686708, "log10_lambda": -2.2832363181751667, "log10_min_child_weight": 4.572268478299944, "log10_subsample": -0.40431888888833145, "max_depth": 3.0, "num_boost_round": 3.0}, "datetime": {"datetime": "2024-01-19 00:59:44", "elapsed": 2916.378734, "delta": 0.00369}}
{"target": -13.771686168432238, "params": {"gamma": 567.1577420802896, "log10_alpha": 0.05027073914525104, "log10_colsample_bytree": -0.0960353858544093, "log10_eta": -0.5389402548686708, "log10_lambda": -2.2832363181751667, "log10_min_child_weight": 4.572268478299944, "log10_subsample": -0.40431888888833145, "max_depth": 3.0, "num_boost_round": 4.0}, "datetime": {"datetime": "2024-01-19 00:59:44", "elapsed": 2916.381999, "delta": 0.003265}}
{"target": -13.772123388339251, "params": {"gamma": 567.1577420802896, "log10_alpha": 0.05027073914525104, "log10_colsample_bytree": -0.0960353858544093, "log10_eta": -0.5389402548686708, "log10_lambda": -2.2832363181751667, "log10_min_child_weight": 4.572268478299944, "log10_subsample": -0.40431888888833145, "max_depth": 3.0, "num_boost_round": 5.0}, "datetime": {"datetime": "2024-01-19 00:59:44", "elapsed": 2916.385222, "delta": 0.003223}}
{"target": -13.773192930132552, "params": {"gamma": 567.1577420802896, "log10_alpha": 0.05027073914525104, "log10_colsample_bytree": -0.0960353858544093, "log10_eta": -0.5389402548686708, "log10_lambda": -2.2832363181751667, "log10_min_child_weight": 4.572268478299944, "log10_subsample": -0.40431888888833145, "max_depth": 3.0, "num_boost_round": 6.0}, "datetime": {"datetime": "2024-01-19 00:59:44", "elapsed": 2916.388435, "delta": 0.003213}}
{"target": -13.773377433988864, "params": {"gamma": 567.1577420802896, "log10_alpha": 0.05027073914525104, "log10_colsample_bytree": -0.0960353858544093, "log10_eta": -0.5389402548686708, "log10_lambda": -2.2832363181751667, "log10_min_child_weight": 4.572268478299944, "log10_subsample": -0.40431888888833145, "max_depth": 3.0, "num_boost_round": 7.0}, "datetime": {"datetime": "2024-01-19 00:59:44", "elapsed": 2916.391522, "delta": 0.003087}}
{"target": -13.776352760226628, "params": {"gamma": 567.1577420802896, "log10_alpha": 0.05027073914525104, "log10_colsample_bytree": -0.0960353858544093, "log10_eta": -0.5389402548686708, "log10_lambda": -2.2832363181751667, "log10_min_child_weight": 4.572268478299944, "log10_subsample": -0.40431888888833145, "max_depth": 3.0, "num_boost_round": 8.0}, "datetime": {"datetime": "2024-01-19 00:59:44", "elapsed": 2916.394758, "delta": 0.003236}}
{"target": -13.777482546745391, "params": {"gamma": 567.1577420802896, "log10_alpha": 0.05027073914525104, "log10_colsample_bytree": -0.0960353858544093, "log10_eta": -0.5389402548686708, "log10_lambda": -2.2832363181751667, "log10_min_child_weight": 4.572268478299944, "log10_subsample": -0.40431888888833145, "max_depth": 3.0, "num_boost_round": 9.0}, "datetime": {"datetime": "2024-01-19 00:59:44", "elapsed": 2916.397871, "delta": 0.003113}}
{"target": -13.7786563064933, "params": {"gamma": 567.1577420802896, "log10_alpha": 0.05027073914525104, "log10_colsample_bytree": -0.0960353858544093, "log10_eta": -0.5389402548686708, "log10_lambda": -2.2832363181751667, "log10_min_child_weight": 4.572268478299944, "log10_subsample": -0.40431888888833145, "max_depth": 3.0, "num_boost_round": 10.0}, "datetime": {"datetime": "2024-01-19 00:59:44", "elapsed": 2916.400968, "delta": 0.003097}}
{"target": -13.777760298198773, "params": {"gamma": 567.1577420802896, "log10_alpha": 0.05027073914525104, "log10_colsample_bytree": -0.0960353858544093, "log10_eta": -0.5389402548686708, "log10_lambda": -2.2832363181751667, "log10_min_child_weight": 4.572268478299944, "log10_subsample": -0.40431888888833145, "max_depth": 3.0, "num_boost_round": 11.0}, "datetime": {"datetime": "2024-01-19 00:59:44", "elapsed": 2916.404133, "delta": 0.003165}}
{"target": -13.777040399966337, "params": {"gamma": 567.1577420802896, "log10_alpha": 0.05027073914525104, "log10_colsample_bytree": -0.0960353858544093, "log10_eta": -0.5389402548686708, "log10_lambda": -2.2832363181751667, "log10_min_child_weight": 4.572268478299944, "log10_subsample": -0.40431888888833145, "max_depth": 3.0, "num_boost_round": 12.0}, "datetime": {"datetime": "2024-01-19 00:59:44", "elapsed": 2916.407373, "delta": 0.00324}}
{"target": -13.778781098143414, "params": {"gamma": 567.1577420802896, "log10_alpha": 0.05027073914525104, "log10_colsample_bytree": -0.0960353858544093, "log10_eta": -0.5389402548686708, "log10_lambda": -2.2832363181751667, "log10_min_child_weight": 4.572268478299944, "log10_subsample": -0.40431888888833145, "max_depth": 3.0, "num_boost_round": 13.0}, "datetime": {"datetime": "2024-01-19 00:59:44", "elapsed": 2916.410483, "delta": 0.00311}}
{"target": -13.779279415448826, "params": {"gamma": 567.1577420802896, "log10_alpha": 0.05027073914525104, "log10_colsample_bytree": -0.0960353858544093, "log10_eta": -0.5389402548686708, "log10_lambda": -2.2832363181751667, "log10_min_child_weight": 4.572268478299944, "log10_subsample": -0.40431888888833145, "max_depth": 3.0, "num_boost_round": 14.0}, "datetime": {"datetime": "2024-01-19 00:59:44", "elapsed": 2916.413598, "delta": 0.003115}}
{"target": -13.779660719282656, "params": {"gamma": 567.1577420802896, "log10_alpha": 0.05027073914525104, "log10_colsample_bytree": -0.0960353858544093, "log10_eta": -0.5389402548686708, "log10_lambda": -2.2832363181751667, "log10_min_child_weight": 4.572268478299944, "log10_subsample": -0.40431888888833145, "max_depth": 3.0, "num_boost_round": 15.0}, "datetime": {"datetime": "2024-01-19 00:59:44", "elapsed": 2916.416703, "delta": 0.003105}}
{"target": -13.781189554474391, "params": {"gamma": 567.1577420802896, "log10_alpha": 0.05027073914525104, "log10_colsample_bytree": -0.0960353858544093, "log10_eta": -0.5389402548686708, "log10_lambda": -2.2832363181751667, "log10_min_child_weight": 4.572268478299944, "log10_subsample": -0.40431888888833145, "max_depth": 3.0, "num_boost_round": 16.0}, "datetime": {"datetime": "2024-01-19 00:59:44", "elapsed": 2916.419823, "delta": 0.00312}}
{"target": -13.780151271269617, "params": {"gamma": 567.1577420802896, "log10_alpha": 0.05027073914525104, "log10_colsample_bytree": -0.0960353858544093, "log10_eta": -0.5389402548686708, "log10_lambda": -2.2832363181751667, "log10_min_child_weight": 4.572268478299944, "log10_subsample": -0.40431888888833145, "max_depth": 3.0, "num_boost_round": 17.0}, "datetime": {"datetime": "2024-01-19 00:59:44", "elapsed": 2916.422973, "delta": 0.00315}}
{"target": -13.781535537800575, "params": {"gamma": 567.1577420802896, "log10_alpha": 0.05027073914525104, "log10_colsample_bytree": -0.0960353858544093, "log10_eta": -0.5389402548686708, "log10_lambda": -2.2832363181751667, "log10_min_child_weight": 4.572268478299944, "log10_subsample": -0.40431888888833145, "max_depth": 3.0, "num_boost_round": 18.0}, "datetime": {"datetime": "2024-01-19 00:59:44", "elapsed": 2916.426177, "delta": 0.003204}}
{"target": -13.781935233401109, "params": {"gamma": 567.1577420802896, "log10_alpha": 0.05027073914525104, "log10_colsample_bytree": -0.0960353858544093, "log10_eta": -0.5389402548686708, "log10_lambda": -2.2832363181751667, "log10_min_child_weight": 4.572268478299944, "log10_subsample": -0.40431888888833145, "max_depth": 3.0, "num_boost_round": 19.0}, "datetime": {"datetime": "2024-01-19 00:59:44", "elapsed": 2916.429318, "delta": 0.003141}}
{"target": -13.78201377236966, "params": {"gamma": 567.1577420802896, "log10_alpha": 0.05027073914525104, "log10_colsample_bytree": -0.0960353858544093, "log10_eta": -0.5389402548686708, "log10_lambda": -2.2832363181751667, "log10_min_child_weight": 4.572268478299944, "log10_subsample": -0.40431888888833145, "max_depth": 3.0, "num_boost_round": 20.0}, "datetime": {"datetime": "2024-01-19 00:59:44", "elapsed": 2916.432452, "delta": 0.003134}}
{"target": -13.782339192221306, "params": {"gamma": 567.1577420802896, "log10_alpha": 0.05027073914525104, "log10_colsample_bytree": -0.0960353858544093, "log10_eta": -0.5389402548686708, "log10_lambda": -2.2832363181751667, "log10_min_child_weight": 4.572268478299944, "log10_subsample": -0.40431888888833145, "max_depth": 3.0, "num_boost_round": 21.0}, "datetime": {"datetime": "2024-01-19 00:59:44", "elapsed": 2916.435601, "delta": 0.003149}}
{"target": -13.782042241173954, "params": {"gamma": 567.1577420802896, "log10_alpha": 0.05027073914525104, "log10_colsample_bytree": -0.0960353858544093, "log10_eta": -0.5389402548686708, "log10_lambda": -2.2832363181751667, "log10_min_child_weight": 4.572268478299944, "log10_subsample": -0.40431888888833145, "max_depth": 3.0, "num_boost_round": 22.0}, "datetime": {"datetime": "2024-01-19 00:59:44", "elapsed": 2916.438743, "delta": 0.003142}}
{"target": -13.782053727628302, "params": {"gamma": 567.1577420802896, "log10_alpha": 0.05027073914525104, "log10_colsample_bytree": -0.0960353858544093, "log10_eta": -0.5389402548686708, "log10_lambda": -2.2832363181751667, "log10_min_child_weight": 4.572268478299944, "log10_subsample": -0.40431888888833145, "max_depth": 3.0, "num_boost_round": 23.0}, "datetime": {"datetime": "2024-01-19 00:59:44", "elapsed": 2916.441867, "delta": 0.003124}}
{"target": -13.784698488375488, "params": {"gamma": 567.1577420802896, "log10_alpha": 0.05027073914525104, "log10_colsample_bytree": -0.0960353858544093, "log10_eta": -0.5389402548686708, "log10_lambda": -2.2832363181751667, "log10_min_child_weight": 4.572268478299944, "log10_subsample": -0.40431888888833145, "max_depth": 3.0, "num_boost_round": 24.0}, "datetime": {"datetime": "2024-01-19 00:59:44", "elapsed": 2916.445051, "delta": 0.003184}}
{"target": -13.7850572740839, "params": {"gamma": 567.1577420802896, "log10_alpha": 0.05027073914525104, "log10_colsample_bytree": -0.0960353858544093, "log10_eta": -0.5389402548686708, "log10_lambda": -2.2832363181751667, "log10_min_child_weight": 4.572268478299944, "log10_subsample": -0.40431888888833145, "max_depth": 3.0, "num_boost_round": 25.0}, "datetime": {"datetime": "2024-01-19 00:59:44", "elapsed": 2916.448352, "delta": 0.003301}}
{"target": -13.78817267330381, "params": {"gamma": 567.1577420802896, "log10_alpha": 0.05027073914525104, "log10_colsample_bytree": -0.0960353858544093, "log10_eta": -0.5389402548686708, "log10_lambda": -2.2832363181751667, "log10_min_child_weight": 4.572268478299944, "log10_subsample": -0.40431888888833145, "max_depth": 3.0, "num_boost_round": 26.0}, "datetime": {"datetime": "2024-01-19 00:59:44", "elapsed": 2916.451621, "delta": 0.003269}}
{"target": -13.788857353047725, "params": {"gamma": 567.1577420802896, "log10_alpha": 0.05027073914525104, "log10_colsample_bytree": -0.0960353858544093, "log10_eta": -0.5389402548686708, "log10_lambda": -2.2832363181751667, "log10_min_child_weight": 4.572268478299944, "log10_subsample": -0.40431888888833145, "max_depth": 3.0, "num_boost_round": 27.0}, "datetime": {"datetime": "2024-01-19 00:59:44", "elapsed": 2916.454873, "delta": 0.003252}}
{"target": -13.789355668151462, "params": {"gamma": 567.1577420802896, "log10_alpha": 0.05027073914525104, "log10_colsample_bytree": -0.0960353858544093, "log10_eta": -0.5389402548686708, "log10_lambda": -2.2832363181751667, "log10_min_child_weight": 4.572268478299944, "log10_subsample": -0.40431888888833145, "max_depth": 3.0, "num_boost_round": 28.0}, "datetime": {"datetime": "2024-01-19 00:59:44", "elapsed": 2916.458255, "delta": 0.003382}}
{"target": -13.789654312847329, "params": {"gamma": 567.1577420802896, "log10_alpha": 0.05027073914525104, "log10_colsample_bytree": -0.0960353858544093, "log10_eta": -0.5389402548686708, "log10_lambda": -2.2832363181751667, "log10_min_child_weight": 4.572268478299944, "log10_subsample": -0.40431888888833145, "max_depth": 3.0, "num_boost_round": 29.0}, "datetime": {"datetime": "2024-01-19 00:59:44", "elapsed": 2916.461824, "delta": 0.003569}}
{"target": -13.791624454377946, "params": {"gamma": 567.1577420802896, "log10_alpha": 0.05027073914525104, "log10_colsample_bytree": -0.0960353858544093, "log10_eta": -0.5389402548686708, "log10_lambda": -2.2832363181751667, "log10_min_child_weight": 4.572268478299944, "log10_subsample": -0.40431888888833145, "max_depth": 3.0, "num_boost_round": 30.0}, "datetime": {"datetime": "2024-01-19 00:59:44", "elapsed": 2916.465079, "delta": 0.003255}}
{"target": -13.793107391730977, "params": {"gamma": 567.1577420802896, "log10_alpha": 0.05027073914525104, "log10_colsample_bytree": -0.0960353858544093, "log10_eta": -0.5389402548686708, "log10_lambda": -2.2832363181751667, "log10_min_child_weight": 4.572268478299944, "log10_subsample": -0.40431888888833145, "max_depth": 3.0, "num_boost_round": 31.0}, "datetime": {"datetime": "2024-01-19 00:59:44", "elapsed": 2916.46834, "delta": 0.003261}}
{"target": -13.795416589095122, "params": {"gamma": 567.1577420802896, "log10_alpha": 0.05027073914525104, "log10_colsample_bytree": -0.0960353858544093, "log10_eta": -0.5389402548686708, "log10_lambda": -2.2832363181751667, "log10_min_child_weight": 4.572268478299944, "log10_subsample": -0.40431888888833145, "max_depth": 3.0, "num_boost_round": 32.0}, "datetime": {"datetime": "2024-01-19 00:59:44", "elapsed": 2916.471497, "delta": 0.003157}}
{"target": -13.794919243351524, "params": {"gamma": 567.1577420802896, "log10_alpha": 0.05027073914525104, "log10_colsample_bytree": -0.0960353858544093, "log10_eta": -0.5389402548686708, "log10_lambda": -2.2832363181751667, "log10_min_child_weight": 4.572268478299944, "log10_subsample": -0.40431888888833145, "max_depth": 3.0, "num_boost_round": 33.0}, "datetime": {"datetime": "2024-01-19 00:59:44", "elapsed": 2916.474622, "delta": 0.003125}}
{"target": -13.794415394671148, "params": {"gamma": 567.1577420802896, "log10_alpha": 0.05027073914525104, "log10_colsample_bytree": -0.0960353858544093, "log10_eta": -0.5389402548686708, "log10_lambda": -2.2832363181751667, "log10_min_child_weight": 4.572268478299944, "log10_subsample": -0.40431888888833145, "max_depth": 3.0, "num_boost_round": 34.0}, "datetime": {"datetime": "2024-01-19 00:59:44", "elapsed": 2916.477733, "delta": 0.003111}}
{"target": -13.797820154940146, "params": {"gamma": 567.1577420802896, "log10_alpha": 0.05027073914525104, "log10_colsample_bytree": -0.0960353858544093, "log10_eta": -0.5389402548686708, "log10_lambda": -2.2832363181751667, "log10_min_child_weight": 4.572268478299944, "log10_subsample": -0.40431888888833145, "max_depth": 3.0, "num_boost_round": 35.0}, "datetime": {"datetime": "2024-01-19 00:59:44", "elapsed": 2916.480877, "delta": 0.003144}}
{"target": -13.797758307577674, "params": {"gamma": 567.1577420802896, "log10_alpha": 0.05027073914525104, "log10_colsample_bytree": -0.0960353858544093, "log10_eta": -0.5389402548686708, "log10_lambda": -2.2832363181751667, "log10_min_child_weight": 4.572268478299944, "log10_subsample": -0.40431888888833145, "max_depth": 3.0, "num_boost_round": 36.0}, "datetime": {"datetime": "2024-01-19 00:59:44", "elapsed": 2916.484145, "delta": 0.003268}}
{"target": -13.798571843868231, "params": {"gamma": 567.1577420802896, "log10_alpha": 0.05027073914525104, "log10_colsample_bytree": -0.0960353858544093, "log10_eta": -0.5389402548686708, "log10_lambda": -2.2832363181751667, "log10_min_child_weight": 4.572268478299944, "log10_subsample": -0.40431888888833145, "max_depth": 3.0, "num_boost_round": 37.0}, "datetime": {"datetime": "2024-01-19 00:59:44", "elapsed": 2916.487389, "delta": 0.003244}}
{"target": -13.800070528693428, "params": {"gamma": 567.1577420802896, "log10_alpha": 0.05027073914525104, "log10_colsample_bytree": -0.0960353858544093, "log10_eta": -0.5389402548686708, "log10_lambda": -2.2832363181751667, "log10_min_child_weight": 4.572268478299944, "log10_subsample": -0.40431888888833145, "max_depth": 3.0, "num_boost_round": 38.0}, "datetime": {"datetime": "2024-01-19 00:59:44", "elapsed": 2916.490546, "delta": 0.003157}}
{"target": -13.800693188021858, "params": {"gamma": 567.1577420802896, "log10_alpha": 0.05027073914525104, "log10_colsample_bytree": -0.0960353858544093, "log10_eta": -0.5389402548686708, "log10_lambda": -2.2832363181751667, "log10_min_child_weight": 4.572268478299944, "log10_subsample": -0.40431888888833145, "max_depth": 3.0, "num_boost_round": 39.0}, "datetime": {"datetime": "2024-01-19 00:59:44", "elapsed": 2916.493699, "delta": 0.003153}}
{"target": -13.801180809943359, "params": {"gamma": 567.1577420802896, "log10_alpha": 0.05027073914525104, "log10_colsample_bytree": -0.0960353858544093, "log10_eta": -0.5389402548686708, "log10_lambda": -2.2832363181751667, "log10_min_child_weight": 4.572268478299944, "log10_subsample": -0.40431888888833145, "max_depth": 3.0, "num_boost_round": 40.0}, "datetime": {"datetime": "2024-01-19 00:59:44", "elapsed": 2916.496849, "delta": 0.00315}}
{"target": -13.801441850939534, "params": {"gamma": 567.1577420802896, "log10_alpha": 0.05027073914525104, "log10_colsample_bytree": -0.0960353858544093, "log10_eta": -0.5389402548686708, "log10_lambda": -2.2832363181751667, "log10_min_child_weight": 4.572268478299944, "log10_subsample": -0.40431888888833145, "max_depth": 3.0, "num_boost_round": 41.0}, "datetime": {"datetime": "2024-01-19 00:59:44", "elapsed": 2916.500029, "delta": 0.00318}}
{"target": -13.804336190415597, "params": {"gamma": 567.1577420802896, "log10_alpha": 0.05027073914525104, "log10_colsample_bytree": -0.0960353858544093, "log10_eta": -0.5389402548686708, "log10_lambda": -2.2832363181751667, "log10_min_child_weight": 4.572268478299944, "log10_subsample": -0.40431888888833145, "max_depth": 3.0, "num_boost_round": 42.0}, "datetime": {"datetime": "2024-01-19 00:59:44", "elapsed": 2916.503263, "delta": 0.003234}}
{"target": -13.804034906631141, "params": {"gamma": 567.1577420802896, "log10_alpha": 0.05027073914525104, "log10_colsample_bytree": -0.0960353858544093, "log10_eta": -0.5389402548686708, "log10_lambda": -2.2832363181751667, "log10_min_child_weight": 4.572268478299944, "log10_subsample": -0.40431888888833145, "max_depth": 3.0, "num_boost_round": 43.0}, "datetime": {"datetime": "2024-01-19 00:59:44", "elapsed": 2916.506546, "delta": 0.003283}}
{"target": -13.758536201582297, "params": {"gamma": 585.2991082395451, "log10_alpha": -1.4582328157883433, "log10_colsample_bytree": -0.6665780251622144, "log10_eta": -3.8235023215490864, "log10_lambda": -0.17532651235879726, "log10_min_child_weight": 3.616231224392032, "log10_subsample": -0.5661321157971064, "max_depth": 8.0, "num_boost_round": 0.0}, "datetime": {"datetime": "2024-01-19 01:00:44", "elapsed": 2975.938162, "delta": 59.431616}}
{"target": -13.758533444594182, "params": {"gamma": 585.2991082395451, "log10_alpha": -1.4582328157883433, "log10_colsample_bytree": -0.6665780251622144, "log10_eta": -3.8235023215490864, "log10_lambda": -0.17532651235879726, "log10_min_child_weight": 3.616231224392032, "log10_subsample": -0.5661321157971064, "max_depth": 8.0, "num_boost_round": 1.0}, "datetime": {"datetime": "2024-01-19 01:00:44", "elapsed": 2975.941903, "delta": 0.003741}}
