{"target": -17.677222176203983, "params": {"gamma": 439.80373576309273, "log10_alpha": -2.9959736298902357, "log10_colsample_bytree": -0.49596669805058013, "log10_eta": -3.785649044235388, "log10_lambda": -0.9980970165442313, "log10_min_child_weight": 3.669619443902378, "log10_subsample": -0.8770199213818843, "max_depth": 6.0, "num_boost_round": 19.0}, "datetime": {"datetime": "2024-01-19 01:23:02", "elapsed": 4287.086152, "delta": 0.003153}}
{"target": -17.67722251635475, "params": {"gamma": 439.80373576309273, "log10_alpha": -2.9959736298902357, "log10_colsample_bytree": -0.49596669805058013, "log10_eta": -3.785649044235388, "log10_lambda": -0.9980970165442313, "log10_min_child_weight": 3.669619443902378, "log10_subsample": -0.8770199213818843, "max_depth": 6.0, "num_boost_round": 20.0}, "datetime": {"datetime": "2024-01-19 01:23:02", "elapsed": 4287.089311, "delta": 0.003159}}
{"target": -17.6772184594672, "params": {"gamma": 439.80373576309273, "log10_alpha": -2.9959736298902357, "log10_colsample_bytree": -0.49596669805058013, "log10_eta": -3.785649044235388, "log10_lambda": -0.9980970165442313, "log10_min_child_weight": 3.669619443902378, "log10_subsample": -0.8770199213818843, "max_depth": 6.0, "num_boost_round": 21.0}, "datetime": {"datetime": "2024-01-19 01:23:02", "elapsed": 4287.092505, "delta": 0.003194}}
{"target": -17.67721545983375, "params": {"gamma": 439.80373576309273, "log10_alpha": -2.9959736298902357, "log10_colsample_bytree": -0.49596669805058013, "log10_eta": -3.785649044235388, "log10_lambda": -0.9980970165442313, "log10_min_child_weight": 3.669619443902378, "log10_subsample": -0.8770199213818843, "max_depth": 6.0, "num_boost_round": 22.0}, "datetime": {"datetime": "2024-01-19 01:23:02", "elapsed": 4287.095775, "delta": 0.00327}}
{"target": -17.677214565374218, "params": {"gamma": 439.80373576309273, "log10_alpha": -2.9959736298902357, "log10_colsample_bytree": -0.49596669805058013, "log10_eta": -3.785649044235388, "log10_lambda": -0.9980970165442313, "log10_min_child_weight": 3.669619443902378, "log10_subsample": -0.8770199213818843, "max_depth": 6.0, "num_boost_round": 23.0}, "datetime": {"datetime": "2024-01-19 01:23:02", "elapsed": 4287.098944, "delta": 0.003169}}
{"target": -17.67721281970891, "params": {"gamma": 439.80373576309273, "log10_alpha": -2.9959736298902357, "log10_colsample_bytree": -0.49596669805058013, "log10_eta": -3.785649044235388, "log10_lambda": -0.9980970165442313, "log10_min_child_weight": 3.669619443902378, "log10_subsample": -0.8770199213818843, "max_depth": 6.0, "num_boost_round": 24.0}, "datetime": {"datetime": "2024-01-19 01:23:02", "elapsed": 4287.102116, "delta": 0.003172}}
{"target": -17.67720776575285, "params": {"gamma": 439.80373576309273, "log10_alpha": -2.9959736298902357, "log10_colsample_bytree": -0.49596669805058013, "log10_eta": -3.785649044235388, "log10_lambda": -0.9980970165442313, "log10_min_child_weight": 3.669619443902378, "log10_subsample": -0.8770199213818843, "max_depth": 6.0, "num_boost_round": 25.0}, "datetime": {"datetime": "2024-01-19 01:23:02", "elapsed": 4287.105306, "delta": 0.00319}}
{"target": -17.67721267582594, "params": {"gamma": 439.80373576309273, "log10_alpha": -2.9959736298902357, "log10_colsample_bytree": -0.49596669805058013, "log10_eta": -3.785649044235388, "log10_lambda": -0.9980970165442313, "log10_min_child_weight": 3.669619443902378, "log10_subsample": -0.8770199213818843, "max_depth": 6.0, "num_boost_round": 26.0}, "datetime": {"datetime": "2024-01-19 01:23:02", "elapsed": 4287.108502, "delta": 0.003196}}
{"target": -17.677083047476717, "params": {"gamma": 433.53964012533265, "log10_alpha": -3.2415529541690975, "log10_colsample_bytree": -0.7640251490142146, "log10_eta": -2.164193677406877, "log10_lambda": -0.5981557892710017, "log10_min_child_weight": 2.0937624850126904, "log10_subsample": -0.5015695841529183, "max_depth": 5.0, "num_boost_round": 0.0}, "datetime": {"datetime": "2024-01-19 01:24:02", "elapsed": 4346.847877, "delta": 59.739375}}
{"target": -17.67684766065945, "params": {"gamma": 433.53964012533265, "log10_alpha": -3.2415529541690975, "log10_colsample_bytree": -0.7640251490142146, "log10_eta": -2.164193677406877, "log10_lambda": -0.5981557892710017, "log10_min_child_weight": 2.0937624850126904, "log10_subsample": -0.5015695841529183, "max_depth": 5.0, "num_boost_round": 1.0}, "datetime": {"datetime": "2024-01-19 01:24:02", "elapsed": 4346.851933, "delta": 0.004056}}
{"target": -17.67677520234487, "params": {"gamma": 433.53964012533265, "log10_alpha": -3.2415529541690975, "log10_colsample_bytree": -0.7640251490142146, "log10_eta": -2.164193677406877, "log10_lambda": -0.5981557892710017, "log10_min_child_weight": 2.0937624850126904, "log10_subsample": -0.5015695841529183, "max_depth": 5.0, "num_boost_round": 2.0}, "datetime": {"datetime": "2024-01-19 01:24:02", "elapsed": 4346.85528, "delta": 0.003347}}
{"target": -17.676392949999777, "params": {"gamma": 433.53964012533265, "log10_alpha": -3.2415529541690975, "log10_colsample_bytree": -0.7640251490142146, "log10_eta": -2.164193677406877, "log10_lambda": -0.5981557892710017, "log10_min_child_weight": 2.0937624850126904, "log10_subsample": -0.5015695841529183, "max_depth": 5.0, "num_boost_round": 3.0}, "datetime": {"datetime": "2024-01-19 01:24:02", "elapsed": 4346.858472, "delta": 0.003192}}
{"target": -17.67605306931601, "params": {"gamma": 433.53964012533265, "log10_alpha": -3.2415529541690975, "log10_colsample_bytree": -0.7640251490142146, "log10_eta": -2.164193677406877, "log10_lambda": -0.5981557892710017, "log10_min_child_weight": 2.0937624850126904, "log10_subsample": -0.5015695841529183, "max_depth": 5.0, "num_boost_round": 4.0}, "datetime": {"datetime": "2024-01-19 01:24:02", "elapsed": 4346.861656, "delta": 0.003184}}
{"target": -17.67569849349812, "params": {"gamma": 433.53964012533265, "log10_alpha": -3.2415529541690975, "log10_colsample_bytree": -0.7640251490142146, "log10_eta": -2.164193677406877, "log10_lambda": -0.5981557892710017, "log10_min_child_weight": 2.0937624850126904, "log10_subsample": -0.5015695841529183, "max_depth": 5.0, "num_boost_round": 5.0}, "datetime": {"datetime": "2024-01-19 01:24:02", "elapsed": 4346.864843, "delta": 0.003187}}
{"target": -17.675498844420996, "params": {"gamma": 433.53964012533265, "log10_alpha": -3.2415529541690975, "log10_colsample_bytree": -0.7640251490142146, "log10_eta": -2.164193677406877, "log10_lambda": -0.5981557892710017, "log10_min_child_weight": 2.0937624850126904, "log10_subsample": -0.5015695841529183, "max_depth": 5.0, "num_boost_round": 6.0}, "datetime": {"datetime": "2024-01-19 01:24:02", "elapsed": 4346.868011, "delta": 0.003168}}
{"target": -17.675093455509813, "params": {"gamma": 433.53964012533265, "log10_alpha": -3.2415529541690975, "log10_colsample_bytree": -0.7640251490142146, "log10_eta": -2.164193677406877, "log10_lambda": -0.5981557892710017, "log10_min_child_weight": 2.0937624850126904, "log10_subsample": -0.5015695841529183, "max_depth": 5.0, "num_boost_round": 7.0}, "datetime": {"datetime": "2024-01-19 01:24:02", "elapsed": 4346.871235, "delta": 0.003224}}
{"target": -17.67511953743205, "params": {"gamma": 433.53964012533265, "log10_alpha": -3.2415529541690975, "log10_colsample_bytree": -0.7640251490142146, "log10_eta": -2.164193677406877, "log10_lambda": -0.5981557892710017, "log10_min_child_weight": 2.0937624850126904, "log10_subsample": -0.5015695841529183, "max_depth": 5.0, "num_boost_round": 8.0}, "datetime": {"datetime": "2024-01-19 01:24:02", "elapsed": 4346.874592, "delta": 0.003357}}
{"target": -17.67500019868918, "params": {"gamma": 433.53964012533265, "log10_alpha": -3.2415529541690975, "log10_colsample_bytree": -0.7640251490142146, "log10_eta": -2.164193677406877, "log10_lambda": -0.5981557892710017, "log10_min_child_weight": 2.0937624850126904, "log10_subsample": -0.5015695841529183, "max_depth": 5.0, "num_boost_round": 9.0}, "datetime": {"datetime": "2024-01-19 01:24:02", "elapsed": 4346.877969, "delta": 0.003377}}
{"target": -17.674667765960418, "params": {"gamma": 433.53964012533265, "log10_alpha": -3.2415529541690975, "log10_colsample_bytree": -0.7640251490142146, "log10_eta": -2.164193677406877, "log10_lambda": -0.5981557892710017, "log10_min_child_weight": 2.0937624850126904, "log10_subsample": -0.5015695841529183, "max_depth": 5.0, "num_boost_round": 10.0}, "datetime": {"datetime": "2024-01-19 01:24:02", "elapsed": 4346.881345, "delta": 0.003376}}
{"target": -17.674420039366954, "params": {"gamma": 433.53964012533265, "log10_alpha": -3.2415529541690975, "log10_colsample_bytree": -0.7640251490142146, "log10_eta": -2.164193677406877, "log10_lambda": -0.5981557892710017, "log10_min_child_weight": 2.0937624850126904, "log10_subsample": -0.5015695841529183, "max_depth": 5.0, "num_boost_round": 11.0}, "datetime": {"datetime": "2024-01-19 01:24:02", "elapsed": 4346.884531, "delta": 0.003186}}
{"target": -17.674147878588116, "params": {"gamma": 433.53964012533265, "log10_alpha": -3.2415529541690975, "log10_colsample_bytree": -0.7640251490142146, "log10_eta": -2.164193677406877, "log10_lambda": -0.5981557892710017, "log10_min_child_weight": 2.0937624850126904, "log10_subsample": -0.5015695841529183, "max_depth": 5.0, "num_boost_round": 12.0}, "datetime": {"datetime": "2024-01-19 01:24:02", "elapsed": 4346.887714, "delta": 0.003183}}
{"target": -17.67362168404457, "params": {"gamma": 433.53964012533265, "log10_alpha": -3.2415529541690975, "log10_colsample_bytree": -0.7640251490142146, "log10_eta": -2.164193677406877, "log10_lambda": -0.5981557892710017, "log10_min_child_weight": 2.0937624850126904, "log10_subsample": -0.5015695841529183, "max_depth": 5.0, "num_boost_round": 13.0}, "datetime": {"datetime": "2024-01-19 01:24:02", "elapsed": 4346.890931, "delta": 0.003217}}
{"target": -17.67364308340294, "params": {"gamma": 433.53964012533265, "log10_alpha": -3.2415529541690975, "log10_colsample_bytree": -0.7640251490142146, "log10_eta": -2.164193677406877, "log10_lambda": -0.5981557892710017, "log10_min_child_weight": 2.0937624850126904, "log10_subsample": -0.5015695841529183, "max_depth": 5.0, "num_boost_round": 14.0}, "datetime": {"datetime": "2024-01-19 01:24:02", "elapsed": 4346.89426, "delta": 0.003329}}
{"target": -17.67323300611874, "params": {"gamma": 433.53964012533265, "log10_alpha": -3.2415529541690975, "log10_colsample_bytree": -0.7640251490142146, "log10_eta": -2.164193677406877, "log10_lambda": -0.5981557892710017, "log10_min_child_weight": 2.0937624850126904, "log10_subsample": -0.5015695841529183, "max_depth": 5.0, "num_boost_round": 15.0}, "datetime": {"datetime": "2024-01-19 01:24:02", "elapsed": 4346.897471, "delta": 0.003211}}
{"target": -17.673189350668263, "params": {"gamma": 433.53964012533265, "log10_alpha": -3.2415529541690975, "log10_colsample_bytree": -0.7640251490142146, "log10_eta": -2.164193677406877, "log10_lambda": -0.5981557892710017, "log10_min_child_weight": 2.0937624850126904, "log10_subsample": -0.5015695841529183, "max_depth": 5.0, "num_boost_round": 16.0}, "datetime": {"datetime": "2024-01-19 01:24:02", "elapsed": 4346.900677, "delta": 0.003206}}
{"target": -17.672883725577247, "params": {"gamma": 433.53964012533265, "log10_alpha": -3.2415529541690975, "log10_colsample_bytree": -0.7640251490142146, "log10_eta": -2.164193677406877, "log10_lambda": -0.5981557892710017, "log10_min_child_weight": 2.0937624850126904, "log10_subsample": -0.5015695841529183, "max_depth": 5.0, "num_boost_round": 17.0}, "datetime": {"datetime": "2024-01-19 01:24:02", "elapsed": 4346.903867, "delta": 0.00319}}
{"target": -17.67327700350196, "params": {"gamma": 433.53964012533265, "log10_alpha": -3.2415529541690975, "log10_colsample_bytree": -0.7640251490142146, "log10_eta": -2.164193677406877, "log10_lambda": -0.5981557892710017, "log10_min_child_weight": 2.0937624850126904, "log10_subsample": -0.5015695841529183, "max_depth": 5.0, "num_boost_round": 18.0}, "datetime": {"datetime": "2024-01-19 01:24:02", "elapsed": 4346.907071, "delta": 0.003204}}
{"target": -17.673309454918247, "params": {"gamma": 433.53964012533265, "log10_alpha": -3.2415529541690975, "log10_colsample_bytree": -0.7640251490142146, "log10_eta": -2.164193677406877, "log10_lambda": -0.5981557892710017, "log10_min_child_weight": 2.0937624850126904, "log10_subsample": -0.5015695841529183, "max_depth": 5.0, "num_boost_round": 19.0}, "datetime": {"datetime": "2024-01-19 01:24:02", "elapsed": 4346.910351, "delta": 0.00328}}
{"target": -17.673086246813675, "params": {"gamma": 433.53964012533265, "log10_alpha": -3.2415529541690975, "log10_colsample_bytree": -0.7640251490142146, "log10_eta": -2.164193677406877, "log10_lambda": -0.5981557892710017, "log10_min_child_weight": 2.0937624850126904, "log10_subsample": -0.5015695841529183, "max_depth": 5.0, "num_boost_round": 20.0}, "datetime": {"datetime": "2024-01-19 01:24:02", "elapsed": 4346.91365, "delta": 0.003299}}
{"target": -17.672846094736936, "params": {"gamma": 433.53964012533265, "log10_alpha": -3.2415529541690975, "log10_colsample_bytree": -0.7640251490142146, "log10_eta": -2.164193677406877, "log10_lambda": -0.5981557892710017, "log10_min_child_weight": 2.0937624850126904, "log10_subsample": -0.5015695841529183, "max_depth": 5.0, "num_boost_round": 21.0}, "datetime": {"datetime": "2024-01-19 01:24:02", "elapsed": 4346.916853, "delta": 0.003203}}
{"target": -17.672596993950798, "params": {"gamma": 433.53964012533265, "log10_alpha": -3.2415529541690975, "log10_colsample_bytree": -0.7640251490142146, "log10_eta": -2.164193677406877, "log10_lambda": -0.5981557892710017, "log10_min_child_weight": 2.0937624850126904, "log10_subsample": -0.5015695841529183, "max_depth": 5.0, "num_boost_round": 22.0}, "datetime": {"datetime": "2024-01-19 01:24:02", "elapsed": 4346.920046, "delta": 0.003193}}
{"target": -17.67210661200678, "params": {"gamma": 433.53964012533265, "log10_alpha": -3.2415529541690975, "log10_colsample_bytree": -0.7640251490142146, "log10_eta": -2.164193677406877, "log10_lambda": -0.5981557892710017, "log10_min_child_weight": 2.0937624850126904, "log10_subsample": -0.5015695841529183, "max_depth": 5.0, "num_boost_round": 23.0}, "datetime": {"datetime": "2024-01-19 01:24:02", "elapsed": 4346.923273, "delta": 0.003227}}
{"target": -17.677222961967942, "params": {"gamma": 420.491906417057, "log10_alpha": -2.355372669056841, "log10_colsample_bytree": -0.6479532690487138, "log10_eta": -3.316792834254036, "log10_lambda": -0.3452847325652302, "log10_min_child_weight": 2.3027092247354974, "log10_subsample": -0.034979824856029795, "max_depth": 7.0, "num_boost_round": 0.0}, "datetime": {"datetime": "2024-01-19 01:24:51", "elapsed": 4395.946337, "delta": 49.023064}}
{"target": -17.677232426990187, "params": {"gamma": 420.491906417057, "log10_alpha": -2.355372669056841, "log10_colsample_bytree": -0.6479532690487138, "log10_eta": -3.316792834254036, "log10_lambda": -0.3452847325652302, "log10_min_child_weight": 2.3027092247354974, "log10_subsample": -0.034979824856029795, "max_depth": 7.0, "num_boost_round": 1.0}, "datetime": {"datetime": "2024-01-19 01:24:51", "elapsed": 4395.950143, "delta": 0.003806}}
{"target": -17.677161109318785, "params": {"gamma": 420.491906417057, "log10_alpha": -2.355372669056841, "log10_colsample_bytree": -0.6479532690487138, "log10_eta": -3.316792834254036, "log10_lambda": -0.3452847325652302, "log10_min_child_weight": 2.3027092247354974, "log10_subsample": -0.034979824856029795, "max_depth": 7.0, "num_boost_round": 2.0}, "datetime": {"datetime": "2024-01-19 01:24:51", "elapsed": 4395.954735, "delta": 0.004592}}
{"target": -17.677132032324756, "params": {"gamma": 420.491906417057, "log10_alpha": -2.355372669056841, "log10_colsample_bytree": -0.6479532690487138, "log10_eta": -3.316792834254036, "log10_lambda": -0.3452847325652302, "log10_min_child_weight": 2.3027092247354974, "log10_subsample": -0.034979824856029795, "max_depth": 7.0, "num_boost_round": 3.0}, "datetime": {"datetime": "2024-01-19 01:24:51", "elapsed": 4395.957989, "delta": 0.003254}}
{"target": -17.677082242275404, "params": {"gamma": 420.491906417057, "log10_alpha": -2.355372669056841, "log10_colsample_bytree": -0.6479532690487138, "log10_eta": -3.316792834254036, "log10_lambda": -0.3452847325652302, "log10_min_child_weight": 2.3027092247354974, "log10_subsample": -0.034979824856029795, "max_depth": 7.0, "num_boost_round": 4.0}, "datetime": {"datetime": "2024-01-19 01:24:51", "elapsed": 4395.961288, "delta": 0.003299}}
{"target": -17.67705355539508, "params": {"gamma": 420.491906417057, "log10_alpha": -2.355372669056841, "log10_colsample_bytree": -0.6479532690487138, "log10_eta": -3.316792834254036, "log10_lambda": -0.3452847325652302, "log10_min_child_weight": 2.3027092247354974, "log10_subsample": -0.034979824856029795, "max_depth": 7.0, "num_boost_round": 5.0}, "datetime": {"datetime": "2024-01-19 01:24:51", "elapsed": 4395.964597, "delta": 0.003309}}
{"target": -17.67707266995405, "params": {"gamma": 420.491906417057, "log10_alpha": -2.355372669056841, "log10_colsample_bytree": -0.6479532690487138, "log10_eta": -3.316792834254036, "log10_lambda": -0.3452847325652302, "log10_min_child_weight": 2.3027092247354974, "log10_subsample": -0.034979824856029795, "max_depth": 7.0, "num_boost_round": 6.0}, "datetime": {"datetime": "2024-01-19 01:24:51", "elapsed": 4395.967826, "delta": 0.003229}}
{"target": -17.677054753921716, "params": {"gamma": 420.491906417057, "log10_alpha": -2.355372669056841, "log10_colsample_bytree": -0.6479532690487138, "log10_eta": -3.316792834254036, "log10_lambda": -0.3452847325652302, "log10_min_child_weight": 2.3027092247354974, "log10_subsample": -0.034979824856029795, "max_depth": 7.0, "num_boost_round": 7.0}, "datetime": {"datetime": "2024-01-19 01:24:51", "elapsed": 4395.971061, "delta": 0.003235}}
{"target": -17.677026959696224, "params": {"gamma": 420.491906417057, "log10_alpha": -2.355372669056841, "log10_colsample_bytree": -0.6479532690487138, "log10_eta": -3.316792834254036, "log10_lambda": -0.3452847325652302, "log10_min_child_weight": 2.3027092247354974, "log10_subsample": -0.034979824856029795, "max_depth": 7.0, "num_boost_round": 8.0}, "datetime": {"datetime": "2024-01-19 01:24:51", "elapsed": 4395.974526, "delta": 0.003465}}
{"target": -17.6769982056228, "params": {"gamma": 420.491906417057, "log10_alpha": -2.355372669056841, "log10_colsample_bytree": -0.6479532690487138, "log10_eta": -3.316792834254036, "log10_lambda": -0.3452847325652302, "log10_min_child_weight": 2.3027092247354974, "log10_subsample": -0.034979824856029795, "max_depth": 7.0, "num_boost_round": 9.0}, "datetime": {"datetime": "2024-01-19 01:24:51", "elapsed": 4395.977894, "delta": 0.003368}}
{"target": -17.67695619088606, "params": {"gamma": 420.491906417057, "log10_alpha": -2.355372669056841, "log10_colsample_bytree": -0.6479532690487138, "log10_eta": -3.316792834254036, "log10_lambda": -0.3452847325652302, "log10_min_child_weight": 2.3027092247354974, "log10_subsample": -0.034979824856029795, "max_depth": 7.0, "num_boost_round": 10.0}, "datetime": {"datetime": "2024-01-19 01:24:51", "elapsed": 4395.981217, "delta": 0.003323}}
{"target": -17.67694646204433, "params": {"gamma": 420.491906417057, "log10_alpha": -2.355372669056841, "log10_colsample_bytree": -0.6479532690487138, "log10_eta": -3.316792834254036, "log10_lambda": -0.3452847325652302, "log10_min_child_weight": 2.3027092247354974, "log10_subsample": -0.034979824856029795, "max_depth": 7.0, "num_boost_round": 11.0}, "datetime": {"datetime": "2024-01-19 01:24:51", "elapsed": 4395.984621, "delta": 0.003404}}
{"target": -17.676924374224047, "params": {"gamma": 420.491906417057, "log10_alpha": -2.355372669056841, "log10_colsample_bytree": -0.6479532690487138, "log10_eta": -3.316792834254036, "log10_lambda": -0.3452847325652302, "log10_min_child_weight": 2.3027092247354974, "log10_subsample": -0.034979824856029795, "max_depth": 7.0, "num_boost_round": 12.0}, "datetime": {"datetime": "2024-01-19 01:24:51", "elapsed": 4395.987911, "delta": 0.00329}}
{"target": -17.676881874492853, "params": {"gamma": 420.491906417057, "log10_alpha": -2.355372669056841, "log10_colsample_bytree": -0.6479532690487138, "log10_eta": -3.316792834254036, "log10_lambda": -0.3452847325652302, "log10_min_child_weight": 2.3027092247354974, "log10_subsample": -0.034979824856029795, "max_depth": 7.0, "num_boost_round": 13.0}, "datetime": {"datetime": "2024-01-19 01:24:51", "elapsed": 4395.99119, "delta": 0.003279}}
{"target": -17.676910042816875, "params": {"gamma": 420.491906417057, "log10_alpha": -2.355372669056841, "log10_colsample_bytree": -0.6479532690487138, "log10_eta": -3.316792834254036, "log10_lambda": -0.3452847325652302, "log10_min_child_weight": 2.3027092247354974, "log10_subsample": -0.034979824856029795, "max_depth": 7.0, "num_boost_round": 14.0}, "datetime": {"datetime": "2024-01-19 01:24:51", "elapsed": 4395.994436, "delta": 0.003246}}
{"target": -17.67723196326624, "params": {"gamma": 447.00638131486016, "log10_alpha": 0.3020502241824746, "log10_colsample_bytree": 0.0, "log10_eta": -4.0, "log10_lambda": -2.932015731869611, "log10_min_child_weight": 5.0, "log10_subsample": 0.0, "max_depth": 4.0, "num_boost_round": 0.0}, "datetime": {"datetime": "2024-01-19 01:25:59", "elapsed": 4464.441507, "delta": 68.447071}}
{"target": -17.677230940286545, "params": {"gamma": 447.00638131486016, "log10_alpha": 0.3020502241824746, "log10_colsample_bytree": 0.0, "log10_eta": -4.0, "log10_lambda": -2.932015731869611, "log10_min_child_weight": 5.0, "log10_subsample": 0.0, "max_depth": 4.0, "num_boost_round": 1.0}, "datetime": {"datetime": "2024-01-19 01:25:59", "elapsed": 4464.445497, "delta": 0.00399}}
