{"target": -13.758536985735018, "params": {"gamma": 73.21404959594192, "log10_alpha": 0.7666361406037954, "log10_colsample_bytree": -0.5388843121898257, "log10_eta": -3.924129425462893, "log10_lambda": -1.9300058660639055, "log10_min_child_weight": 4.389927009274761, "log10_subsample": -0.675661626033088, "max_depth": 3.0, "num_boost_round": 8.0}, "datetime": {"datetime": "2024-01-19 02:01:36", "elapsed": 6616.655044, "delta": 0.004883}}
{"target": -13.75853680048355, "params": {"gamma": 73.21404959594192, "log10_alpha": 0.7666361406037954, "log10_colsample_bytree": -0.5388843121898257, "log10_eta": -3.924129425462893, "log10_lambda": -1.9300058660639055, "log10_min_child_weight": 4.389927009274761, "log10_subsample": -0.675661626033088, "max_depth": 3.0, "num_boost_round": 9.0}, "datetime": {"datetime": "2024-01-19 02:01:36", "elapsed": 6616.660049, "delta": 0.005005}}
{"target": -13.758536514623454, "params": {"gamma": 73.21404959594192, "log10_alpha": 0.7666361406037954, "log10_colsample_bytree": -0.5388843121898257, "log10_eta": -3.924129425462893, "log10_lambda": -1.9300058660639055, "log10_min_child_weight": 4.389927009274761, "log10_subsample": -0.675661626033088, "max_depth": 3.0, "num_boost_round": 10.0}, "datetime": {"datetime": "2024-01-19 02:01:36", "elapsed": 6616.665089, "delta": 0.00504}}
{"target": -13.758536102744493, "params": {"gamma": 73.21404959594192, "log10_alpha": 0.7666361406037954, "log10_colsample_bytree": -0.5388843121898257, "log10_eta": -3.924129425462893, "log10_lambda": -1.9300058660639055, "log10_min_child_weight": 4.389927009274761, "log10_subsample": -0.675661626033088, "max_depth": 3.0, "num_boost_round": 11.0}, "datetime": {"datetime": "2024-01-19 02:01:36", "elapsed": 6616.669979, "delta": 0.00489}}
{"target": -13.758536340948648, "params": {"gamma": 73.21404959594192, "log10_alpha": 0.7666361406037954, "log10_colsample_bytree": -0.5388843121898257, "log10_eta": -3.924129425462893, "log10_lambda": -1.9300058660639055, "log10_min_child_weight": 4.389927009274761, "log10_subsample": -0.675661626033088, "max_depth": 3.0, "num_boost_round": 12.0}, "datetime": {"datetime": "2024-01-19 02:01:36", "elapsed": 6616.674926, "delta": 0.004947}}
{"target": -13.75853636635669, "params": {"gamma": 73.21404959594192, "log10_alpha": 0.7666361406037954, "log10_colsample_bytree": -0.5388843121898257, "log10_eta": -3.924129425462893, "log10_lambda": -1.9300058660639055, "log10_min_child_weight": 4.389927009274761, "log10_subsample": -0.675661626033088, "max_depth": 3.0, "num_boost_round": 13.0}, "datetime": {"datetime": "2024-01-19 02:01:36", "elapsed": 6616.68007, "delta": 0.005144}}
{"target": -13.75853642978014, "params": {"gamma": 73.21404959594192, "log10_alpha": 0.7666361406037954, "log10_colsample_bytree": -0.5388843121898257, "log10_eta": -3.924129425462893, "log10_lambda": -1.9300058660639055, "log10_min_child_weight": 4.389927009274761, "log10_subsample": -0.675661626033088, "max_depth": 3.0, "num_boost_round": 14.0}, "datetime": {"datetime": "2024-01-19 02:01:36", "elapsed": 6616.684938, "delta": 0.004868}}
{"target": -13.758534823162345, "params": {"gamma": 73.21404959594192, "log10_alpha": 0.7666361406037954, "log10_colsample_bytree": -0.5388843121898257, "log10_eta": -3.924129425462893, "log10_lambda": -1.9300058660639055, "log10_min_child_weight": 4.389927009274761, "log10_subsample": -0.675661626033088, "max_depth": 3.0, "num_boost_round": 15.0}, "datetime": {"datetime": "2024-01-19 02:01:36", "elapsed": 6616.689932, "delta": 0.004994}}
{"target": -13.75853477188341, "params": {"gamma": 73.21404959594192, "log10_alpha": 0.7666361406037954, "log10_colsample_bytree": -0.5388843121898257, "log10_eta": -3.924129425462893, "log10_lambda": -1.9300058660639055, "log10_min_child_weight": 4.389927009274761, "log10_subsample": -0.675661626033088, "max_depth": 3.0, "num_boost_round": 16.0}, "datetime": {"datetime": "2024-01-19 02:01:36", "elapsed": 6616.695288, "delta": 0.005356}}
{"target": -13.758534605171862, "params": {"gamma": 73.21404959594192, "log10_alpha": 0.7666361406037954, "log10_colsample_bytree": -0.5388843121898257, "log10_eta": -3.924129425462893, "log10_lambda": -1.9300058660639055, "log10_min_child_weight": 4.389927009274761, "log10_subsample": -0.675661626033088, "max_depth": 3.0, "num_boost_round": 17.0}, "datetime": {"datetime": "2024-01-19 02:01:36", "elapsed": 6616.70026, "delta": 0.004972}}
{"target": -13.75853389366994, "params": {"gamma": 73.21404959594192, "log10_alpha": 0.7666361406037954, "log10_colsample_bytree": -0.5388843121898257, "log10_eta": -3.924129425462893, "log10_lambda": -1.9300058660639055, "log10_min_child_weight": 4.389927009274761, "log10_subsample": -0.675661626033088, "max_depth": 3.0, "num_boost_round": 18.0}, "datetime": {"datetime": "2024-01-19 02:01:36", "elapsed": 6616.705248, "delta": 0.004988}}
{"target": -13.758532594190456, "params": {"gamma": 73.21404959594192, "log10_alpha": 0.7666361406037954, "log10_colsample_bytree": -0.5388843121898257, "log10_eta": -3.924129425462893, "log10_lambda": -1.9300058660639055, "log10_min_child_weight": 4.389927009274761, "log10_subsample": -0.675661626033088, "max_depth": 3.0, "num_boost_round": 19.0}, "datetime": {"datetime": "2024-01-19 02:01:36", "elapsed": 6616.710531, "delta": 0.005283}}
{"target": -13.758555600110515, "params": {"gamma": 82.99328683308782, "log10_alpha": -3.7228539125138247, "log10_colsample_bytree": -0.20292740397455966, "log10_eta": -1.5816037453390104, "log10_lambda": -0.38826888333610654, "log10_min_child_weight": 1.3214358986763253, "log10_subsample": -0.6469188932639323, "max_depth": 3.0, "num_boost_round": 0.0}, "datetime": {"datetime": "2024-01-19 02:03:25", "elapsed": 6725.685301, "delta": 108.97477}}
{"target": -13.75846799254739, "params": {"gamma": 82.99328683308782, "log10_alpha": -3.7228539125138247, "log10_colsample_bytree": -0.20292740397455966, "log10_eta": -1.5816037453390104, "log10_lambda": -0.38826888333610654, "log10_min_child_weight": 1.3214358986763253, "log10_subsample": -0.6469188932639323, "max_depth": 3.0, "num_boost_round": 1.0}, "datetime": {"datetime": "2024-01-19 02:03:25", "elapsed": 6725.690886, "delta": 0.005585}}
{"target": -13.758526691931909, "params": {"gamma": 82.99328683308782, "log10_alpha": -3.7228539125138247, "log10_colsample_bytree": -0.20292740397455966, "log10_eta": -1.5816037453390104, "log10_lambda": -0.38826888333610654, "log10_min_child_weight": 1.3214358986763253, "log10_subsample": -0.6469188932639323, "max_depth": 3.0, "num_boost_round": 2.0}, "datetime": {"datetime": "2024-01-19 02:03:25", "elapsed": 6725.695986, "delta": 0.0051}}
{"target": -13.758483868386667, "params": {"gamma": 82.99328683308782, "log10_alpha": -3.7228539125138247, "log10_colsample_bytree": -0.20292740397455966, "log10_eta": -1.5816037453390104, "log10_lambda": -0.38826888333610654, "log10_min_child_weight": 1.3214358986763253, "log10_subsample": -0.6469188932639323, "max_depth": 3.0, "num_boost_round": 3.0}, "datetime": {"datetime": "2024-01-19 02:03:25", "elapsed": 6725.701094, "delta": 0.005108}}
{"target": -13.758467108533505, "params": {"gamma": 82.99328683308782, "log10_alpha": -3.7228539125138247, "log10_colsample_bytree": -0.20292740397455966, "log10_eta": -1.5816037453390104, "log10_lambda": -0.38826888333610654, "log10_min_child_weight": 1.3214358986763253, "log10_subsample": -0.6469188932639323, "max_depth": 3.0, "num_boost_round": 4.0}, "datetime": {"datetime": "2024-01-19 02:03:25", "elapsed": 6725.706051, "delta": 0.004957}}
{"target": -13.758342636377165, "params": {"gamma": 82.99328683308782, "log10_alpha": -3.7228539125138247, "log10_colsample_bytree": -0.20292740397455966, "log10_eta": -1.5816037453390104, "log10_lambda": -0.38826888333610654, "log10_min_child_weight": 1.3214358986763253, "log10_subsample": -0.6469188932639323, "max_depth": 3.0, "num_boost_round": 5.0}, "datetime": {"datetime": "2024-01-19 02:03:25", "elapsed": 6725.711137, "delta": 0.005086}}
{"target": -13.758682057668135, "params": {"gamma": 82.99328683308782, "log10_alpha": -3.7228539125138247, "log10_colsample_bytree": -0.20292740397455966, "log10_eta": -1.5816037453390104, "log10_lambda": -0.38826888333610654, "log10_min_child_weight": 1.3214358986763253, "log10_subsample": -0.6469188932639323, "max_depth": 3.0, "num_boost_round": 6.0}, "datetime": {"datetime": "2024-01-19 02:03:25", "elapsed": 6725.716207, "delta": 0.00507}}
{"target": -13.75860315477847, "params": {"gamma": 82.99328683308782, "log10_alpha": -3.7228539125138247, "log10_colsample_bytree": -0.20292740397455966, "log10_eta": -1.5816037453390104, "log10_lambda": -0.38826888333610654, "log10_min_child_weight": 1.3214358986763253, "log10_subsample": -0.6469188932639323, "max_depth": 3.0, "num_boost_round": 7.0}, "datetime": {"datetime": "2024-01-19 02:03:25", "elapsed": 6725.721314, "delta": 0.005107}}
{"target": -13.758787414680528, "params": {"gamma": 82.99328683308782, "log10_alpha": -3.7228539125138247, "log10_colsample_bytree": -0.20292740397455966, "log10_eta": -1.5816037453390104, "log10_lambda": -0.38826888333610654, "log10_min_child_weight": 1.3214358986763253, "log10_subsample": -0.6469188932639323, "max_depth": 3.0, "num_boost_round": 8.0}, "datetime": {"datetime": "2024-01-19 02:03:25", "elapsed": 6725.726334, "delta": 0.00502}}
{"target": -13.758886653730825, "params": {"gamma": 82.99328683308782, "log10_alpha": -3.7228539125138247, "log10_colsample_bytree": -0.20292740397455966, "log10_eta": -1.5816037453390104, "log10_lambda": -0.38826888333610654, "log10_min_child_weight": 1.3214358986763253, "log10_subsample": -0.6469188932639323, "max_depth": 3.0, "num_boost_round": 9.0}, "datetime": {"datetime": "2024-01-19 02:03:25", "elapsed": 6725.731426, "delta": 0.005092}}
{"target": -13.75927476849115, "params": {"gamma": 82.99328683308782, "log10_alpha": -3.7228539125138247, "log10_colsample_bytree": -0.20292740397455966, "log10_eta": -1.5816037453390104, "log10_lambda": -0.38826888333610654, "log10_min_child_weight": 1.3214358986763253, "log10_subsample": -0.6469188932639323, "max_depth": 3.0, "num_boost_round": 10.0}, "datetime": {"datetime": "2024-01-19 02:03:25", "elapsed": 6725.736407, "delta": 0.004981}}
{"target": -13.75873895055937, "params": {"gamma": 82.99328683308782, "log10_alpha": -3.7228539125138247, "log10_colsample_bytree": -0.20292740397455966, "log10_eta": -1.5816037453390104, "log10_lambda": -0.38826888333610654, "log10_min_child_weight": 1.3214358986763253, "log10_subsample": -0.6469188932639323, "max_depth": 3.0, "num_boost_round": 11.0}, "datetime": {"datetime": "2024-01-19 02:03:25", "elapsed": 6725.741636, "delta": 0.005229}}
{"target": -13.75916452761683, "params": {"gamma": 82.99328683308782, "log10_alpha": -3.7228539125138247, "log10_colsample_bytree": -0.20292740397455966, "log10_eta": -1.5816037453390104, "log10_lambda": -0.38826888333610654, "log10_min_child_weight": 1.3214358986763253, "log10_subsample": -0.6469188932639323, "max_depth": 3.0, "num_boost_round": 12.0}, "datetime": {"datetime": "2024-01-19 02:03:25", "elapsed": 6725.746513, "delta": 0.004877}}
{"target": -13.758849705018076, "params": {"gamma": 82.99328683308782, "log10_alpha": -3.7228539125138247, "log10_colsample_bytree": -0.20292740397455966, "log10_eta": -1.5816037453390104, "log10_lambda": -0.38826888333610654, "log10_min_child_weight": 1.3214358986763253, "log10_subsample": -0.6469188932639323, "max_depth": 3.0, "num_boost_round": 13.0}, "datetime": {"datetime": "2024-01-19 02:03:25", "elapsed": 6725.751532, "delta": 0.005019}}
{"target": -13.759361734570389, "params": {"gamma": 82.99328683308782, "log10_alpha": -3.7228539125138247, "log10_colsample_bytree": -0.20292740397455966, "log10_eta": -1.5816037453390104, "log10_lambda": -0.38826888333610654, "log10_min_child_weight": 1.3214358986763253, "log10_subsample": -0.6469188932639323, "max_depth": 3.0, "num_boost_round": 14.0}, "datetime": {"datetime": "2024-01-19 02:03:25", "elapsed": 6725.756439, "delta": 0.004907}}
{"target": -13.758971265096582, "params": {"gamma": 82.99328683308782, "log10_alpha": -3.7228539125138247, "log10_colsample_bytree": -0.20292740397455966, "log10_eta": -1.5816037453390104, "log10_lambda": -0.38826888333610654, "log10_min_child_weight": 1.3214358986763253, "log10_subsample": -0.6469188932639323, "max_depth": 3.0, "num_boost_round": 15.0}, "datetime": {"datetime": "2024-01-19 02:03:25", "elapsed": 6725.761574, "delta": 0.005135}}
{"target": -13.758861394292278, "params": {"gamma": 82.99328683308782, "log10_alpha": -3.7228539125138247, "log10_colsample_bytree": -0.20292740397455966, "log10_eta": -1.5816037453390104, "log10_lambda": -0.38826888333610654, "log10_min_child_weight": 1.3214358986763253, "log10_subsample": -0.6469188932639323, "max_depth": 3.0, "num_boost_round": 16.0}, "datetime": {"datetime": "2024-01-19 02:03:25", "elapsed": 6725.766531, "delta": 0.004957}}
{"target": -13.759073464469324, "params": {"gamma": 82.99328683308782, "log10_alpha": -3.7228539125138247, "log10_colsample_bytree": -0.20292740397455966, "log10_eta": -1.5816037453390104, "log10_lambda": -0.38826888333610654, "log10_min_child_weight": 1.3214358986763253, "log10_subsample": -0.6469188932639323, "max_depth": 3.0, "num_boost_round": 17.0}, "datetime": {"datetime": "2024-01-19 02:03:25", "elapsed": 6725.771634, "delta": 0.005103}}
{"target": -13.75955322321477, "params": {"gamma": 82.99328683308782, "log10_alpha": -3.7228539125138247, "log10_colsample_bytree": -0.20292740397455966, "log10_eta": -1.5816037453390104, "log10_lambda": -0.38826888333610654, "log10_min_child_weight": 1.3214358986763253, "log10_subsample": -0.6469188932639323, "max_depth": 3.0, "num_boost_round": 18.0}, "datetime": {"datetime": "2024-01-19 02:03:25", "elapsed": 6725.776786, "delta": 0.005152}}
{"target": -13.759429591433015, "params": {"gamma": 82.99328683308782, "log10_alpha": -3.7228539125138247, "log10_colsample_bytree": -0.20292740397455966, "log10_eta": -1.5816037453390104, "log10_lambda": -0.38826888333610654, "log10_min_child_weight": 1.3214358986763253, "log10_subsample": -0.6469188932639323, "max_depth": 3.0, "num_boost_round": 19.0}, "datetime": {"datetime": "2024-01-19 02:03:25", "elapsed": 6725.782012, "delta": 0.005226}}
{"target": -13.75990872202176, "params": {"gamma": 82.99328683308782, "log10_alpha": -3.7228539125138247, "log10_colsample_bytree": -0.20292740397455966, "log10_eta": -1.5816037453390104, "log10_lambda": -0.38826888333610654, "log10_min_child_weight": 1.3214358986763253, "log10_subsample": -0.6469188932639323, "max_depth": 3.0, "num_boost_round": 20.0}, "datetime": {"datetime": "2024-01-19 02:03:25", "elapsed": 6725.786899, "delta": 0.004887}}
{"target": -13.760362904409341, "params": {"gamma": 82.99328683308782, "log10_alpha": -3.7228539125138247, "log10_colsample_bytree": -0.20292740397455966, "log10_eta": -1.5816037453390104, "log10_lambda": -0.38826888333610654, "log10_min_child_weight": 1.3214358986763253, "log10_subsample": -0.6469188932639323, "max_depth": 3.0, "num_boost_round": 21.0}, "datetime": {"datetime": "2024-01-19 02:03:25", "elapsed": 6725.791775, "delta": 0.004876}}
{"target": -13.760485505585786, "params": {"gamma": 82.99328683308782, "log10_alpha": -3.7228539125138247, "log10_colsample_bytree": -0.20292740397455966, "log10_eta": -1.5816037453390104, "log10_lambda": -0.38826888333610654, "log10_min_child_weight": 1.3214358986763253, "log10_subsample": -0.6469188932639323, "max_depth": 3.0, "num_boost_round": 22.0}, "datetime": {"datetime": "2024-01-19 02:03:25", "elapsed": 6725.796867, "delta": 0.005092}}
{"target": -13.76038475775888, "params": {"gamma": 82.99328683308782, "log10_alpha": -3.7228539125138247, "log10_colsample_bytree": -0.20292740397455966, "log10_eta": -1.5816037453390104, "log10_lambda": -0.38826888333610654, "log10_min_child_weight": 1.3214358986763253, "log10_subsample": -0.6469188932639323, "max_depth": 3.0, "num_boost_round": 23.0}, "datetime": {"datetime": "2024-01-19 02:03:25", "elapsed": 6725.802153, "delta": 0.005286}}
{"target": -13.76083080628823, "params": {"gamma": 82.99328683308782, "log10_alpha": -3.7228539125138247, "log10_colsample_bytree": -0.20292740397455966, "log10_eta": -1.5816037453390104, "log10_lambda": -0.38826888333610654, "log10_min_child_weight": 1.3214358986763253, "log10_subsample": -0.6469188932639323, "max_depth": 3.0, "num_boost_round": 24.0}, "datetime": {"datetime": "2024-01-19 02:03:25", "elapsed": 6725.807023, "delta": 0.00487}}
{"target": -13.760640469495634, "params": {"gamma": 82.99328683308782, "log10_alpha": -3.7228539125138247, "log10_colsample_bytree": -0.20292740397455966, "log10_eta": -1.5816037453390104, "log10_lambda": -0.38826888333610654, "log10_min_child_weight": 1.3214358986763253, "log10_subsample": -0.6469188932639323, "max_depth": 3.0, "num_boost_round": 25.0}, "datetime": {"datetime": "2024-01-19 02:03:25", "elapsed": 6725.811897, "delta": 0.004874}}
{"target": -13.760325817865112, "params": {"gamma": 82.99328683308782, "log10_alpha": -3.7228539125138247, "log10_colsample_bytree": -0.20292740397455966, "log10_eta": -1.5816037453390104, "log10_lambda": -0.38826888333610654, "log10_min_child_weight": 1.3214358986763253, "log10_subsample": -0.6469188932639323, "max_depth": 3.0, "num_boost_round": 26.0}, "datetime": {"datetime": "2024-01-19 02:03:25", "elapsed": 6725.816959, "delta": 0.005062}}
{"target": -13.760596362247703, "params": {"gamma": 82.99328683308782, "log10_alpha": -3.7228539125138247, "log10_colsample_bytree": -0.20292740397455966, "log10_eta": -1.5816037453390104, "log10_lambda": -0.38826888333610654, "log10_min_child_weight": 1.3214358986763253, "log10_subsample": -0.6469188932639323, "max_depth": 3.0, "num_boost_round": 27.0}, "datetime": {"datetime": "2024-01-19 02:03:25", "elapsed": 6725.822041, "delta": 0.005082}}
{"target": -13.7605764740448, "params": {"gamma": 82.99328683308782, "log10_alpha": -3.7228539125138247, "log10_colsample_bytree": -0.20292740397455966, "log10_eta": -1.5816037453390104, "log10_lambda": -0.38826888333610654, "log10_min_child_weight": 1.3214358986763253, "log10_subsample": -0.6469188932639323, "max_depth": 3.0, "num_boost_round": 28.0}, "datetime": {"datetime": "2024-01-19 02:03:25", "elapsed": 6725.827182, "delta": 0.005141}}
{"target": -13.761349040297478, "params": {"gamma": 82.99328683308782, "log10_alpha": -3.7228539125138247, "log10_colsample_bytree": -0.20292740397455966, "log10_eta": -1.5816037453390104, "log10_lambda": -0.38826888333610654, "log10_min_child_weight": 1.3214358986763253, "log10_subsample": -0.6469188932639323, "max_depth": 3.0, "num_boost_round": 29.0}, "datetime": {"datetime": "2024-01-19 02:03:25", "elapsed": 6725.832931, "delta": 0.005749}}
{"target": -13.762272380096418, "params": {"gamma": 82.99328683308782, "log10_alpha": -3.7228539125138247, "log10_colsample_bytree": -0.20292740397455966, "log10_eta": -1.5816037453390104, "log10_lambda": -0.38826888333610654, "log10_min_child_weight": 1.3214358986763253, "log10_subsample": -0.6469188932639323, "max_depth": 3.0, "num_boost_round": 30.0}, "datetime": {"datetime": "2024-01-19 02:03:25", "elapsed": 6725.838764, "delta": 0.005833}}
{"target": -13.762438397268813, "params": {"gamma": 82.99328683308782, "log10_alpha": -3.7228539125138247, "log10_colsample_bytree": -0.20292740397455966, "log10_eta": -1.5816037453390104, "log10_lambda": -0.38826888333610654, "log10_min_child_weight": 1.3214358986763253, "log10_subsample": -0.6469188932639323, "max_depth": 3.0, "num_boost_round": 31.0}, "datetime": {"datetime": "2024-01-19 02:03:25", "elapsed": 6725.843903, "delta": 0.005139}}
{"target": -13.76307236865075, "params": {"gamma": 82.99328683308782, "log10_alpha": -3.7228539125138247, "log10_colsample_bytree": -0.20292740397455966, "log10_eta": -1.5816037453390104, "log10_lambda": -0.38826888333610654, "log10_min_child_weight": 1.3214358986763253, "log10_subsample": -0.6469188932639323, "max_depth": 3.0, "num_boost_round": 32.0}, "datetime": {"datetime": "2024-01-19 02:03:25", "elapsed": 6725.84887, "delta": 0.004967}}
{"target": -13.762846158162155, "params": {"gamma": 82.99328683308782, "log10_alpha": -3.7228539125138247, "log10_colsample_bytree": -0.20292740397455966, "log10_eta": -1.5816037453390104, "log10_lambda": -0.38826888333610654, "log10_min_child_weight": 1.3214358986763253, "log10_subsample": -0.6469188932639323, "max_depth": 3.0, "num_boost_round": 33.0}, "datetime": {"datetime": "2024-01-19 02:03:25", "elapsed": 6725.853864, "delta": 0.004994}}
{"target": -13.76335682528568, "params": {"gamma": 82.99328683308782, "log10_alpha": -3.7228539125138247, "log10_colsample_bytree": -0.20292740397455966, "log10_eta": -1.5816037453390104, "log10_lambda": -0.38826888333610654, "log10_min_child_weight": 1.3214358986763253, "log10_subsample": -0.6469188932639323, "max_depth": 3.0, "num_boost_round": 34.0}, "datetime": {"datetime": "2024-01-19 02:03:25", "elapsed": 6725.858975, "delta": 0.005111}}
{"target": -13.763468403324127, "params": {"gamma": 82.99328683308782, "log10_alpha": -3.7228539125138247, "log10_colsample_bytree": -0.20292740397455966, "log10_eta": -1.5816037453390104, "log10_lambda": -0.38826888333610654, "log10_min_child_weight": 1.3214358986763253, "log10_subsample": -0.6469188932639323, "max_depth": 3.0, "num_boost_round": 35.0}, "datetime": {"datetime": "2024-01-19 02:03:25", "elapsed": 6725.864068, "delta": 0.005093}}
{"target": -13.763845983104643, "params": {"gamma": 82.99328683308782, "log10_alpha": -3.7228539125138247, "log10_colsample_bytree": -0.20292740397455966, "log10_eta": -1.5816037453390104, "log10_lambda": -0.38826888333610654, "log10_min_child_weight": 1.3214358986763253, "log10_subsample": -0.6469188932639323, "max_depth": 3.0, "num_boost_round": 36.0}, "datetime": {"datetime": "2024-01-19 02:03:25", "elapsed": 6725.868986, "delta": 0.004918}}
