{"target": -13.756335724619712, "params": {"gamma": 477.483911327436, "log10_alpha": 0.9881688919428981, "log10_colsample_bytree": -0.5418498533798818, "log10_eta": -1.9627243649200552, "log10_lambda": -3.369036791704676, "log10_min_child_weight": 1.7351925671825468, "log10_subsample": -0.055325427240645375, "max_depth": 4.0, "num_boost_round": 11.0}, "datetime": {"datetime": "2024-01-19 01:25:02", "elapsed": 4406.769878, "delta": 0.005192}}
{"target": -13.756410402063697, "params": {"gamma": 477.483911327436, "log10_alpha": 0.9881688919428981, "log10_colsample_bytree": -0.5418498533798818, "log10_eta": -1.9627243649200552, "log10_lambda": -3.369036791704676, "log10_min_child_weight": 1.7351925671825468, "log10_subsample": -0.055325427240645375, "max_depth": 4.0, "num_boost_round": 12.0}, "datetime": {"datetime": "2024-01-19 01:25:02", "elapsed": 4406.774872, "delta": 0.004994}}
{"target": -13.756624350902872, "params": {"gamma": 477.483911327436, "log10_alpha": 0.9881688919428981, "log10_colsample_bytree": -0.5418498533798818, "log10_eta": -1.9627243649200552, "log10_lambda": -3.369036791704676, "log10_min_child_weight": 1.7351925671825468, "log10_subsample": -0.055325427240645375, "max_depth": 4.0, "num_boost_round": 13.0}, "datetime": {"datetime": "2024-01-19 01:25:02", "elapsed": 4406.779866, "delta": 0.004994}}
{"target": -13.756698543744262, "params": {"gamma": 477.483911327436, "log10_alpha": 0.9881688919428981, "log10_colsample_bytree": -0.5418498533798818, "log10_eta": -1.9627243649200552, "log10_lambda": -3.369036791704676, "log10_min_child_weight": 1.7351925671825468, "log10_subsample": -0.055325427240645375, "max_depth": 4.0, "num_boost_round": 14.0}, "datetime": {"datetime": "2024-01-19 01:25:02", "elapsed": 4406.784903, "delta": 0.005037}}
{"target": -13.756501706368653, "params": {"gamma": 477.483911327436, "log10_alpha": 0.9881688919428981, "log10_colsample_bytree": -0.5418498533798818, "log10_eta": -1.9627243649200552, "log10_lambda": -3.369036791704676, "log10_min_child_weight": 1.7351925671825468, "log10_subsample": -0.055325427240645375, "max_depth": 4.0, "num_boost_round": 15.0}, "datetime": {"datetime": "2024-01-19 01:25:02", "elapsed": 4406.789944, "delta": 0.005041}}
{"target": -13.756576159156234, "params": {"gamma": 477.483911327436, "log10_alpha": 0.9881688919428981, "log10_colsample_bytree": -0.5418498533798818, "log10_eta": -1.9627243649200552, "log10_lambda": -3.369036791704676, "log10_min_child_weight": 1.7351925671825468, "log10_subsample": -0.055325427240645375, "max_depth": 4.0, "num_boost_round": 16.0}, "datetime": {"datetime": "2024-01-19 01:25:02", "elapsed": 4406.794981, "delta": 0.005037}}
{"target": -13.756558889434217, "params": {"gamma": 477.483911327436, "log10_alpha": 0.9881688919428981, "log10_colsample_bytree": -0.5418498533798818, "log10_eta": -1.9627243649200552, "log10_lambda": -3.369036791704676, "log10_min_child_weight": 1.7351925671825468, "log10_subsample": -0.055325427240645375, "max_depth": 4.0, "num_boost_round": 17.0}, "datetime": {"datetime": "2024-01-19 01:25:02", "elapsed": 4406.800127, "delta": 0.005146}}
{"target": -13.756591428698727, "params": {"gamma": 477.483911327436, "log10_alpha": 0.9881688919428981, "log10_colsample_bytree": -0.5418498533798818, "log10_eta": -1.9627243649200552, "log10_lambda": -3.369036791704676, "log10_min_child_weight": 1.7351925671825468, "log10_subsample": -0.055325427240645375, "max_depth": 4.0, "num_boost_round": 18.0}, "datetime": {"datetime": "2024-01-19 01:25:02", "elapsed": 4406.805135, "delta": 0.005008}}
{"target": -13.75665551724251, "params": {"gamma": 477.483911327436, "log10_alpha": 0.9881688919428981, "log10_colsample_bytree": -0.5418498533798818, "log10_eta": -1.9627243649200552, "log10_lambda": -3.369036791704676, "log10_min_child_weight": 1.7351925671825468, "log10_subsample": -0.055325427240645375, "max_depth": 4.0, "num_boost_round": 19.0}, "datetime": {"datetime": "2024-01-19 01:25:02", "elapsed": 4406.810201, "delta": 0.005066}}
{"target": -13.756197412707055, "params": {"gamma": 477.483911327436, "log10_alpha": 0.9881688919428981, "log10_colsample_bytree": -0.5418498533798818, "log10_eta": -1.9627243649200552, "log10_lambda": -3.369036791704676, "log10_min_child_weight": 1.7351925671825468, "log10_subsample": -0.055325427240645375, "max_depth": 4.0, "num_boost_round": 20.0}, "datetime": {"datetime": "2024-01-19 01:25:02", "elapsed": 4406.815221, "delta": 0.00502}}
{"target": -13.756010271537662, "params": {"gamma": 477.483911327436, "log10_alpha": 0.9881688919428981, "log10_colsample_bytree": -0.5418498533798818, "log10_eta": -1.9627243649200552, "log10_lambda": -3.369036791704676, "log10_min_child_weight": 1.7351925671825468, "log10_subsample": -0.055325427240645375, "max_depth": 4.0, "num_boost_round": 21.0}, "datetime": {"datetime": "2024-01-19 01:25:02", "elapsed": 4406.820227, "delta": 0.005006}}
{"target": -13.75619472550636, "params": {"gamma": 477.483911327436, "log10_alpha": 0.9881688919428981, "log10_colsample_bytree": -0.5418498533798818, "log10_eta": -1.9627243649200552, "log10_lambda": -3.369036791704676, "log10_min_child_weight": 1.7351925671825468, "log10_subsample": -0.055325427240645375, "max_depth": 4.0, "num_boost_round": 22.0}, "datetime": {"datetime": "2024-01-19 01:25:02", "elapsed": 4406.825347, "delta": 0.00512}}
{"target": -13.756090958811576, "params": {"gamma": 477.483911327436, "log10_alpha": 0.9881688919428981, "log10_colsample_bytree": -0.5418498533798818, "log10_eta": -1.9627243649200552, "log10_lambda": -3.369036791704676, "log10_min_child_weight": 1.7351925671825468, "log10_subsample": -0.055325427240645375, "max_depth": 4.0, "num_boost_round": 23.0}, "datetime": {"datetime": "2024-01-19 01:25:02", "elapsed": 4406.830461, "delta": 0.005114}}
{"target": -13.756144902354894, "params": {"gamma": 477.483911327436, "log10_alpha": 0.9881688919428981, "log10_colsample_bytree": -0.5418498533798818, "log10_eta": -1.9627243649200552, "log10_lambda": -3.369036791704676, "log10_min_child_weight": 1.7351925671825468, "log10_subsample": -0.055325427240645375, "max_depth": 4.0, "num_boost_round": 24.0}, "datetime": {"datetime": "2024-01-19 01:25:02", "elapsed": 4406.835499, "delta": 0.005038}}
{"target": -13.75617750568249, "params": {"gamma": 477.483911327436, "log10_alpha": 0.9881688919428981, "log10_colsample_bytree": -0.5418498533798818, "log10_eta": -1.9627243649200552, "log10_lambda": -3.369036791704676, "log10_min_child_weight": 1.7351925671825468, "log10_subsample": -0.055325427240645375, "max_depth": 4.0, "num_boost_round": 25.0}, "datetime": {"datetime": "2024-01-19 01:25:02", "elapsed": 4406.840502, "delta": 0.005003}}
{"target": -13.756445914724587, "params": {"gamma": 477.483911327436, "log10_alpha": 0.9881688919428981, "log10_colsample_bytree": -0.5418498533798818, "log10_eta": -1.9627243649200552, "log10_lambda": -3.369036791704676, "log10_min_child_weight": 1.7351925671825468, "log10_subsample": -0.055325427240645375, "max_depth": 4.0, "num_boost_round": 26.0}, "datetime": {"datetime": "2024-01-19 01:25:02", "elapsed": 4406.846461, "delta": 0.005959}}
{"target": -13.75648677919151, "params": {"gamma": 477.483911327436, "log10_alpha": 0.9881688919428981, "log10_colsample_bytree": -0.5418498533798818, "log10_eta": -1.9627243649200552, "log10_lambda": -3.369036791704676, "log10_min_child_weight": 1.7351925671825468, "log10_subsample": -0.055325427240645375, "max_depth": 4.0, "num_boost_round": 27.0}, "datetime": {"datetime": "2024-01-19 01:25:02", "elapsed": 4406.852069, "delta": 0.005608}}
{"target": -13.756447789192288, "params": {"gamma": 477.483911327436, "log10_alpha": 0.9881688919428981, "log10_colsample_bytree": -0.5418498533798818, "log10_eta": -1.9627243649200552, "log10_lambda": -3.369036791704676, "log10_min_child_weight": 1.7351925671825468, "log10_subsample": -0.055325427240645375, "max_depth": 4.0, "num_boost_round": 28.0}, "datetime": {"datetime": "2024-01-19 01:25:02", "elapsed": 4406.85728, "delta": 0.005211}}
{"target": -13.756457988082857, "params": {"gamma": 477.483911327436, "log10_alpha": 0.9881688919428981, "log10_colsample_bytree": -0.5418498533798818, "log10_eta": -1.9627243649200552, "log10_lambda": -3.369036791704676, "log10_min_child_weight": 1.7351925671825468, "log10_subsample": -0.055325427240645375, "max_depth": 4.0, "num_boost_round": 29.0}, "datetime": {"datetime": "2024-01-19 01:25:02", "elapsed": 4406.862763, "delta": 0.005483}}
{"target": -13.756581105265141, "params": {"gamma": 477.483911327436, "log10_alpha": 0.9881688919428981, "log10_colsample_bytree": -0.5418498533798818, "log10_eta": -1.9627243649200552, "log10_lambda": -3.369036791704676, "log10_min_child_weight": 1.7351925671825468, "log10_subsample": -0.055325427240645375, "max_depth": 4.0, "num_boost_round": 30.0}, "datetime": {"datetime": "2024-01-19 01:25:02", "elapsed": 4406.867815, "delta": 0.005052}}
{"target": -13.756443018343052, "params": {"gamma": 477.483911327436, "log10_alpha": 0.9881688919428981, "log10_colsample_bytree": -0.5418498533798818, "log10_eta": -1.9627243649200552, "log10_lambda": -3.369036791704676, "log10_min_child_weight": 1.7351925671825468, "log10_subsample": -0.055325427240645375, "max_depth": 4.0, "num_boost_round": 31.0}, "datetime": {"datetime": "2024-01-19 01:25:02", "elapsed": 4406.872867, "delta": 0.005052}}
{"target": -13.756321187672691, "params": {"gamma": 477.483911327436, "log10_alpha": 0.9881688919428981, "log10_colsample_bytree": -0.5418498533798818, "log10_eta": -1.9627243649200552, "log10_lambda": -3.369036791704676, "log10_min_child_weight": 1.7351925671825468, "log10_subsample": -0.055325427240645375, "max_depth": 4.0, "num_boost_round": 32.0}, "datetime": {"datetime": "2024-01-19 01:25:02", "elapsed": 4406.878102, "delta": 0.005235}}
{"target": -13.756477696675589, "params": {"gamma": 477.483911327436, "log10_alpha": 0.9881688919428981, "log10_colsample_bytree": -0.5418498533798818, "log10_eta": -1.9627243649200552, "log10_lambda": -3.369036791704676, "log10_min_child_weight": 1.7351925671825468, "log10_subsample": -0.055325427240645375, "max_depth": 4.0, "num_boost_round": 33.0}, "datetime": {"datetime": "2024-01-19 01:25:02", "elapsed": 4406.883342, "delta": 0.00524}}
{"target": -13.757112430264787, "params": {"gamma": 477.483911327436, "log10_alpha": 0.9881688919428981, "log10_colsample_bytree": -0.5418498533798818, "log10_eta": -1.9627243649200552, "log10_lambda": -3.369036791704676, "log10_min_child_weight": 1.7351925671825468, "log10_subsample": -0.055325427240645375, "max_depth": 4.0, "num_boost_round": 34.0}, "datetime": {"datetime": "2024-01-19 01:25:02", "elapsed": 4406.888433, "delta": 0.005091}}
{"target": -13.75753820700584, "params": {"gamma": 477.483911327436, "log10_alpha": 0.9881688919428981, "log10_colsample_bytree": -0.5418498533798818, "log10_eta": -1.9627243649200552, "log10_lambda": -3.369036791704676, "log10_min_child_weight": 1.7351925671825468, "log10_subsample": -0.055325427240645375, "max_depth": 4.0, "num_boost_round": 35.0}, "datetime": {"datetime": "2024-01-19 01:25:02", "elapsed": 4406.893652, "delta": 0.005219}}
{"target": -13.757683630633965, "params": {"gamma": 477.483911327436, "log10_alpha": 0.9881688919428981, "log10_colsample_bytree": -0.5418498533798818, "log10_eta": -1.9627243649200552, "log10_lambda": -3.369036791704676, "log10_min_child_weight": 1.7351925671825468, "log10_subsample": -0.055325427240645375, "max_depth": 4.0, "num_boost_round": 36.0}, "datetime": {"datetime": "2024-01-19 01:25:02", "elapsed": 4406.898741, "delta": 0.005089}}
{"target": -13.757883258619222, "params": {"gamma": 477.483911327436, "log10_alpha": 0.9881688919428981, "log10_colsample_bytree": -0.5418498533798818, "log10_eta": -1.9627243649200552, "log10_lambda": -3.369036791704676, "log10_min_child_weight": 1.7351925671825468, "log10_subsample": -0.055325427240645375, "max_depth": 4.0, "num_boost_round": 37.0}, "datetime": {"datetime": "2024-01-19 01:25:02", "elapsed": 4406.903957, "delta": 0.005216}}
{"target": -13.757795521510495, "params": {"gamma": 477.483911327436, "log10_alpha": 0.9881688919428981, "log10_colsample_bytree": -0.5418498533798818, "log10_eta": -1.9627243649200552, "log10_lambda": -3.369036791704676, "log10_min_child_weight": 1.7351925671825468, "log10_subsample": -0.055325427240645375, "max_depth": 4.0, "num_boost_round": 38.0}, "datetime": {"datetime": "2024-01-19 01:25:02", "elapsed": 4406.908986, "delta": 0.005029}}
{"target": -13.757752143528545, "params": {"gamma": 477.483911327436, "log10_alpha": 0.9881688919428981, "log10_colsample_bytree": -0.5418498533798818, "log10_eta": -1.9627243649200552, "log10_lambda": -3.369036791704676, "log10_min_child_weight": 1.7351925671825468, "log10_subsample": -0.055325427240645375, "max_depth": 4.0, "num_boost_round": 39.0}, "datetime": {"datetime": "2024-01-19 01:25:02", "elapsed": 4406.914282, "delta": 0.005296}}
{"target": -13.757788744795178, "params": {"gamma": 477.483911327436, "log10_alpha": 0.9881688919428981, "log10_colsample_bytree": -0.5418498533798818, "log10_eta": -1.9627243649200552, "log10_lambda": -3.369036791704676, "log10_min_child_weight": 1.7351925671825468, "log10_subsample": -0.055325427240645375, "max_depth": 4.0, "num_boost_round": 40.0}, "datetime": {"datetime": "2024-01-19 01:25:02", "elapsed": 4406.919812, "delta": 0.00553}}
{"target": -13.757766820660201, "params": {"gamma": 477.483911327436, "log10_alpha": 0.9881688919428981, "log10_colsample_bytree": -0.5418498533798818, "log10_eta": -1.9627243649200552, "log10_lambda": -3.369036791704676, "log10_min_child_weight": 1.7351925671825468, "log10_subsample": -0.055325427240645375, "max_depth": 4.0, "num_boost_round": 41.0}, "datetime": {"datetime": "2024-01-19 01:25:02", "elapsed": 4406.925076, "delta": 0.005264}}
{"target": -13.757552985702139, "params": {"gamma": 477.483911327436, "log10_alpha": 0.9881688919428981, "log10_colsample_bytree": -0.5418498533798818, "log10_eta": -1.9627243649200552, "log10_lambda": -3.369036791704676, "log10_min_child_weight": 1.7351925671825468, "log10_subsample": -0.055325427240645375, "max_depth": 4.0, "num_boost_round": 42.0}, "datetime": {"datetime": "2024-01-19 01:25:02", "elapsed": 4406.930343, "delta": 0.005267}}
{"target": -13.757671861846784, "params": {"gamma": 477.483911327436, "log10_alpha": 0.9881688919428981, "log10_colsample_bytree": -0.5418498533798818, "log10_eta": -1.9627243649200552, "log10_lambda": -3.369036791704676, "log10_min_child_weight": 1.7351925671825468, "log10_subsample": -0.055325427240645375, "max_depth": 4.0, "num_boost_round": 43.0}, "datetime": {"datetime": "2024-01-19 01:25:02", "elapsed": 4406.935414, "delta": 0.005071}}
{"target": -13.757457905552332, "params": {"gamma": 477.483911327436, "log10_alpha": 0.9881688919428981, "log10_colsample_bytree": -0.5418498533798818, "log10_eta": -1.9627243649200552, "log10_lambda": -3.369036791704676, "log10_min_child_weight": 1.7351925671825468, "log10_subsample": -0.055325427240645375, "max_depth": 4.0, "num_boost_round": 44.0}, "datetime": {"datetime": "2024-01-19 01:25:02", "elapsed": 4406.940486, "delta": 0.005072}}
{"target": -13.757585169495389, "params": {"gamma": 477.483911327436, "log10_alpha": 0.9881688919428981, "log10_colsample_bytree": -0.5418498533798818, "log10_eta": -1.9627243649200552, "log10_lambda": -3.369036791704676, "log10_min_child_weight": 1.7351925671825468, "log10_subsample": -0.055325427240645375, "max_depth": 4.0, "num_boost_round": 45.0}, "datetime": {"datetime": "2024-01-19 01:25:02", "elapsed": 4406.945505, "delta": 0.005019}}
{"target": -13.757640705670044, "params": {"gamma": 477.483911327436, "log10_alpha": 0.9881688919428981, "log10_colsample_bytree": -0.5418498533798818, "log10_eta": -1.9627243649200552, "log10_lambda": -3.369036791704676, "log10_min_child_weight": 1.7351925671825468, "log10_subsample": -0.055325427240645375, "max_depth": 4.0, "num_boost_round": 46.0}, "datetime": {"datetime": "2024-01-19 01:25:02", "elapsed": 4406.950555, "delta": 0.00505}}
{"target": -13.757756994744007, "params": {"gamma": 477.483911327436, "log10_alpha": 0.9881688919428981, "log10_colsample_bytree": -0.5418498533798818, "log10_eta": -1.9627243649200552, "log10_lambda": -3.369036791704676, "log10_min_child_weight": 1.7351925671825468, "log10_subsample": -0.055325427240645375, "max_depth": 4.0, "num_boost_round": 47.0}, "datetime": {"datetime": "2024-01-19 01:25:02", "elapsed": 4406.955796, "delta": 0.005241}}
{"target": -13.75777384685786, "params": {"gamma": 477.483911327436, "log10_alpha": 0.9881688919428981, "log10_colsample_bytree": -0.5418498533798818, "log10_eta": -1.9627243649200552, "log10_lambda": -3.369036791704676, "log10_min_child_weight": 1.7351925671825468, "log10_subsample": -0.055325427240645375, "max_depth": 4.0, "num_boost_round": 48.0}, "datetime": {"datetime": "2024-01-19 01:25:02", "elapsed": 4406.960885, "delta": 0.005089}}
{"target": -13.75760513558898, "params": {"gamma": 477.483911327436, "log10_alpha": 0.9881688919428981, "log10_colsample_bytree": -0.5418498533798818, "log10_eta": -1.9627243649200552, "log10_lambda": -3.369036791704676, "log10_min_child_weight": 1.7351925671825468, "log10_subsample": -0.055325427240645375, "max_depth": 4.0, "num_boost_round": 49.0}, "datetime": {"datetime": "2024-01-19 01:25:02", "elapsed": 4406.965916, "delta": 0.005031}}
{"target": -13.757576999821728, "params": {"gamma": 477.483911327436, "log10_alpha": 0.9881688919428981, "log10_colsample_bytree": -0.5418498533798818, "log10_eta": -1.9627243649200552, "log10_lambda": -3.369036791704676, "log10_min_child_weight": 1.7351925671825468, "log10_subsample": -0.055325427240645375, "max_depth": 4.0, "num_boost_round": 50.0}, "datetime": {"datetime": "2024-01-19 01:25:02", "elapsed": 4406.97098, "delta": 0.005064}}
{"target": -13.758044565749621, "params": {"gamma": 477.483911327436, "log10_alpha": 0.9881688919428981, "log10_colsample_bytree": -0.5418498533798818, "log10_eta": -1.9627243649200552, "log10_lambda": -3.369036791704676, "log10_min_child_weight": 1.7351925671825468, "log10_subsample": -0.055325427240645375, "max_depth": 4.0, "num_boost_round": 51.0}, "datetime": {"datetime": "2024-01-19 01:25:02", "elapsed": 4406.976052, "delta": 0.005072}}
{"target": -13.758027033800383, "params": {"gamma": 477.483911327436, "log10_alpha": 0.9881688919428981, "log10_colsample_bytree": -0.5418498533798818, "log10_eta": -1.9627243649200552, "log10_lambda": -3.369036791704676, "log10_min_child_weight": 1.7351925671825468, "log10_subsample": -0.055325427240645375, "max_depth": 4.0, "num_boost_round": 52.0}, "datetime": {"datetime": "2024-01-19 01:25:02", "elapsed": 4406.981181, "delta": 0.005129}}
{"target": -13.758425457733956, "params": {"gamma": 477.483911327436, "log10_alpha": 0.9881688919428981, "log10_colsample_bytree": -0.5418498533798818, "log10_eta": -1.9627243649200552, "log10_lambda": -3.369036791704676, "log10_min_child_weight": 1.7351925671825468, "log10_subsample": -0.055325427240645375, "max_depth": 4.0, "num_boost_round": 53.0}, "datetime": {"datetime": "2024-01-19 01:25:03", "elapsed": 4406.986368, "delta": 0.005187}}
{"target": -13.758521465935914, "params": {"gamma": 477.483911327436, "log10_alpha": 0.9881688919428981, "log10_colsample_bytree": -0.5418498533798818, "log10_eta": -1.9627243649200552, "log10_lambda": -3.369036791704676, "log10_min_child_weight": 1.7351925671825468, "log10_subsample": -0.055325427240645375, "max_depth": 4.0, "num_boost_round": 54.0}, "datetime": {"datetime": "2024-01-19 01:25:03", "elapsed": 4406.99144, "delta": 0.005072}}
{"target": -13.758590067500739, "params": {"gamma": 477.483911327436, "log10_alpha": 0.9881688919428981, "log10_colsample_bytree": -0.5418498533798818, "log10_eta": -1.9627243649200552, "log10_lambda": -3.369036791704676, "log10_min_child_weight": 1.7351925671825468, "log10_subsample": -0.055325427240645375, "max_depth": 4.0, "num_boost_round": 55.0}, "datetime": {"datetime": "2024-01-19 01:25:03", "elapsed": 4406.996482, "delta": 0.005042}}
{"target": -13.758893472810678, "params": {"gamma": 477.483911327436, "log10_alpha": 0.9881688919428981, "log10_colsample_bytree": -0.5418498533798818, "log10_eta": -1.9627243649200552, "log10_lambda": -3.369036791704676, "log10_min_child_weight": 1.7351925671825468, "log10_subsample": -0.055325427240645375, "max_depth": 4.0, "num_boost_round": 56.0}, "datetime": {"datetime": "2024-01-19 01:25:03", "elapsed": 4407.001566, "delta": 0.005084}}
{"target": -13.759351703006535, "params": {"gamma": 477.483911327436, "log10_alpha": 0.9881688919428981, "log10_colsample_bytree": -0.5418498533798818, "log10_eta": -1.9627243649200552, "log10_lambda": -3.369036791704676, "log10_min_child_weight": 1.7351925671825468, "log10_subsample": -0.055325427240645375, "max_depth": 4.0, "num_boost_round": 57.0}, "datetime": {"datetime": "2024-01-19 01:25:03", "elapsed": 4407.006639, "delta": 0.005073}}
{"target": -13.758538311723978, "params": {"gamma": 527.4477257882895, "log10_alpha": 1.0, "log10_colsample_bytree": 0.0, "log10_eta": -4.0, "log10_lambda": 1.0, "log10_min_child_weight": 5.0, "log10_subsample": -1.0, "max_depth": 10.0, "num_boost_round": 0.0}, "datetime": {"datetime": "2024-01-19 01:28:07", "elapsed": 4591.108234, "delta": 184.101595}}
{"target": -13.758538340111379, "params": {"gamma": 527.4477257882895, "log10_alpha": 1.0, "log10_colsample_bytree": 0.0, "log10_eta": -4.0, "log10_lambda": 1.0, "log10_min_child_weight": 5.0, "log10_subsample": -1.0, "max_depth": 10.0, "num_boost_round": 1.0}, "datetime": {"datetime": "2024-01-19 01:28:07", "elapsed": 4591.113998, "delta": 0.005764}}
