{"target": -17.67719324670482, "params": {"gamma": 830.3057577932758, "log10_alpha": -0.8355598857487285, "log10_colsample_bytree": -0.968173782456716, "log10_eta": -2.9782262773595565, "log10_lambda": -4.4847059194581025, "log10_min_child_weight": 3.645891961196068, "log10_subsample": -0.5793951312813632, "max_depth": 9.0, "num_boost_round": 1.0}, "datetime": {"datetime": "2024-01-19 01:31:56", "elapsed": 4800.716384, "delta": 0.005973}}
{"target": -17.677164927302925, "params": {"gamma": 830.3057577932758, "log10_alpha": -0.8355598857487285, "log10_colsample_bytree": -0.968173782456716, "log10_eta": -2.9782262773595565, "log10_lambda": -4.4847059194581025, "log10_min_child_weight": 3.645891961196068, "log10_subsample": -0.5793951312813632, "max_depth": 9.0, "num_boost_round": 2.0}, "datetime": {"datetime": "2024-01-19 01:31:56", "elapsed": 4800.722308, "delta": 0.005924}}
{"target": -17.67714368541945, "params": {"gamma": 830.3057577932758, "log10_alpha": -0.8355598857487285, "log10_colsample_bytree": -0.968173782456716, "log10_eta": -2.9782262773595565, "log10_lambda": -4.4847059194581025, "log10_min_child_weight": 3.645891961196068, "log10_subsample": -0.5793951312813632, "max_depth": 9.0, "num_boost_round": 3.0}, "datetime": {"datetime": "2024-01-19 01:31:56", "elapsed": 4800.727767, "delta": 0.005459}}
{"target": -17.67711925010728, "params": {"gamma": 830.3057577932758, "log10_alpha": -0.8355598857487285, "log10_colsample_bytree": -0.968173782456716, "log10_eta": -2.9782262773595565, "log10_lambda": -4.4847059194581025, "log10_min_child_weight": 3.645891961196068, "log10_subsample": -0.5793951312813632, "max_depth": 9.0, "num_boost_round": 4.0}, "datetime": {"datetime": "2024-01-19 01:31:56", "elapsed": 4800.733363, "delta": 0.005596}}
{"target": -17.677116437218935, "params": {"gamma": 830.3057577932758, "log10_alpha": -0.8355598857487285, "log10_colsample_bytree": -0.968173782456716, "log10_eta": -2.9782262773595565, "log10_lambda": -4.4847059194581025, "log10_min_child_weight": 3.645891961196068, "log10_subsample": -0.5793951312813632, "max_depth": 9.0, "num_boost_round": 5.0}, "datetime": {"datetime": "2024-01-19 01:31:56", "elapsed": 4800.739044, "delta": 0.005681}}
{"target": -17.677123540343366, "params": {"gamma": 830.3057577932758, "log10_alpha": -0.8355598857487285, "log10_colsample_bytree": -0.968173782456716, "log10_eta": -2.9782262773595565, "log10_lambda": -4.4847059194581025, "log10_min_child_weight": 3.645891961196068, "log10_subsample": -0.5793951312813632, "max_depth": 9.0, "num_boost_round": 6.0}, "datetime": {"datetime": "2024-01-19 01:31:56", "elapsed": 4800.744917, "delta": 0.005873}}
{"target": -17.67708663460479, "params": {"gamma": 830.3057577932758, "log10_alpha": -0.8355598857487285, "log10_colsample_bytree": -0.968173782456716, "log10_eta": -2.9782262773595565, "log10_lambda": -4.4847059194581025, "log10_min_child_weight": 3.645891961196068, "log10_subsample": -0.5793951312813632, "max_depth": 9.0, "num_boost_round": 7.0}, "datetime": {"datetime": "2024-01-19 01:31:56", "elapsed": 4800.750643, "delta": 0.005726}}
{"target": -17.67705108963236, "params": {"gamma": 830.3057577932758, "log10_alpha": -0.8355598857487285, "log10_colsample_bytree": -0.968173782456716, "log10_eta": -2.9782262773595565, "log10_lambda": -4.4847059194581025, "log10_min_child_weight": 3.645891961196068, "log10_subsample": -0.5793951312813632, "max_depth": 9.0, "num_boost_round": 8.0}, "datetime": {"datetime": "2024-01-19 01:31:56", "elapsed": 4800.756325, "delta": 0.005682}}
{"target": -17.677055329096348, "params": {"gamma": 830.3057577932758, "log10_alpha": -0.8355598857487285, "log10_colsample_bytree": -0.968173782456716, "log10_eta": -2.9782262773595565, "log10_lambda": -4.4847059194581025, "log10_min_child_weight": 3.645891961196068, "log10_subsample": -0.5793951312813632, "max_depth": 9.0, "num_boost_round": 9.0}, "datetime": {"datetime": "2024-01-19 01:31:56", "elapsed": 4800.761925, "delta": 0.0056}}
{"target": -17.67705885644905, "params": {"gamma": 830.3057577932758, "log10_alpha": -0.8355598857487285, "log10_colsample_bytree": -0.968173782456716, "log10_eta": -2.9782262773595565, "log10_lambda": -4.4847059194581025, "log10_min_child_weight": 3.645891961196068, "log10_subsample": -0.5793951312813632, "max_depth": 9.0, "num_boost_round": 10.0}, "datetime": {"datetime": "2024-01-19 01:31:56", "elapsed": 4800.767563, "delta": 0.005638}}
{"target": -17.677035187641888, "params": {"gamma": 830.3057577932758, "log10_alpha": -0.8355598857487285, "log10_colsample_bytree": -0.968173782456716, "log10_eta": -2.9782262773595565, "log10_lambda": -4.4847059194581025, "log10_min_child_weight": 3.645891961196068, "log10_subsample": -0.5793951312813632, "max_depth": 9.0, "num_boost_round": 11.0}, "datetime": {"datetime": "2024-01-19 01:31:56", "elapsed": 4800.773178, "delta": 0.005615}}
{"target": -17.6769696806268, "params": {"gamma": 830.3057577932758, "log10_alpha": -0.8355598857487285, "log10_colsample_bytree": -0.968173782456716, "log10_eta": -2.9782262773595565, "log10_lambda": -4.4847059194581025, "log10_min_child_weight": 3.645891961196068, "log10_subsample": -0.5793951312813632, "max_depth": 9.0, "num_boost_round": 12.0}, "datetime": {"datetime": "2024-01-19 01:31:56", "elapsed": 4800.782924, "delta": 0.009746}}
{"target": -17.676934867407017, "params": {"gamma": 830.3057577932758, "log10_alpha": -0.8355598857487285, "log10_colsample_bytree": -0.968173782456716, "log10_eta": -2.9782262773595565, "log10_lambda": -4.4847059194581025, "log10_min_child_weight": 3.645891961196068, "log10_subsample": -0.5793951312813632, "max_depth": 9.0, "num_boost_round": 13.0}, "datetime": {"datetime": "2024-01-19 01:31:56", "elapsed": 4800.788867, "delta": 0.005943}}
{"target": -17.67694329239729, "params": {"gamma": 830.3057577932758, "log10_alpha": -0.8355598857487285, "log10_colsample_bytree": -0.968173782456716, "log10_eta": -2.9782262773595565, "log10_lambda": -4.4847059194581025, "log10_min_child_weight": 3.645891961196068, "log10_subsample": -0.5793951312813632, "max_depth": 9.0, "num_boost_round": 14.0}, "datetime": {"datetime": "2024-01-19 01:31:56", "elapsed": 4800.794696, "delta": 0.005829}}
{"target": -17.676923566689776, "params": {"gamma": 830.3057577932758, "log10_alpha": -0.8355598857487285, "log10_colsample_bytree": -0.968173782456716, "log10_eta": -2.9782262773595565, "log10_lambda": -4.4847059194581025, "log10_min_child_weight": 3.645891961196068, "log10_subsample": -0.5793951312813632, "max_depth": 9.0, "num_boost_round": 15.0}, "datetime": {"datetime": "2024-01-19 01:31:56", "elapsed": 4800.800158, "delta": 0.005462}}
{"target": -17.676920201417246, "params": {"gamma": 830.3057577932758, "log10_alpha": -0.8355598857487285, "log10_colsample_bytree": -0.968173782456716, "log10_eta": -2.9782262773595565, "log10_lambda": -4.4847059194581025, "log10_min_child_weight": 3.645891961196068, "log10_subsample": -0.5793951312813632, "max_depth": 9.0, "num_boost_round": 16.0}, "datetime": {"datetime": "2024-01-19 01:31:56", "elapsed": 4800.806001, "delta": 0.005843}}
{"target": -17.676891430117912, "params": {"gamma": 830.3057577932758, "log10_alpha": -0.8355598857487285, "log10_colsample_bytree": -0.968173782456716, "log10_eta": -2.9782262773595565, "log10_lambda": -4.4847059194581025, "log10_min_child_weight": 3.645891961196068, "log10_subsample": -0.5793951312813632, "max_depth": 9.0, "num_boost_round": 17.0}, "datetime": {"datetime": "2024-01-19 01:31:56", "elapsed": 4800.811681, "delta": 0.00568}}
{"target": -17.676879346926995, "params": {"gamma": 830.3057577932758, "log10_alpha": -0.8355598857487285, "log10_colsample_bytree": -0.968173782456716, "log10_eta": -2.9782262773595565, "log10_lambda": -4.4847059194581025, "log10_min_child_weight": 3.645891961196068, "log10_subsample": -0.5793951312813632, "max_depth": 9.0, "num_boost_round": 18.0}, "datetime": {"datetime": "2024-01-19 01:31:56", "elapsed": 4800.817236, "delta": 0.005555}}
{"target": -17.676850954127243, "params": {"gamma": 830.3057577932758, "log10_alpha": -0.8355598857487285, "log10_colsample_bytree": -0.968173782456716, "log10_eta": -2.9782262773595565, "log10_lambda": -4.4847059194581025, "log10_min_child_weight": 3.645891961196068, "log10_subsample": -0.5793951312813632, "max_depth": 9.0, "num_boost_round": 19.0}, "datetime": {"datetime": "2024-01-19 01:31:56", "elapsed": 4800.8229, "delta": 0.005664}}
{"target": -17.67684797508488, "params": {"gamma": 830.3057577932758, "log10_alpha": -0.8355598857487285, "log10_colsample_bytree": -0.968173782456716, "log10_eta": -2.9782262773595565, "log10_lambda": -4.4847059194581025, "log10_min_child_weight": 3.645891961196068, "log10_subsample": -0.5793951312813632, "max_depth": 9.0, "num_boost_round": 20.0}, "datetime": {"datetime": "2024-01-19 01:31:56", "elapsed": 4800.828601, "delta": 0.005701}}
{"target": -17.676826172149404, "params": {"gamma": 830.3057577932758, "log10_alpha": -0.8355598857487285, "log10_colsample_bytree": -0.968173782456716, "log10_eta": -2.9782262773595565, "log10_lambda": -4.4847059194581025, "log10_min_child_weight": 3.645891961196068, "log10_subsample": -0.5793951312813632, "max_depth": 9.0, "num_boost_round": 21.0}, "datetime": {"datetime": "2024-01-19 01:31:56", "elapsed": 4800.834127, "delta": 0.005526}}
{"target": -17.676783908500816, "params": {"gamma": 830.3057577932758, "log10_alpha": -0.8355598857487285, "log10_colsample_bytree": -0.968173782456716, "log10_eta": -2.9782262773595565, "log10_lambda": -4.4847059194581025, "log10_min_child_weight": 3.645891961196068, "log10_subsample": -0.5793951312813632, "max_depth": 9.0, "num_boost_round": 22.0}, "datetime": {"datetime": "2024-01-19 01:31:56", "elapsed": 4800.839713, "delta": 0.005586}}
{"target": -17.676774629811526, "params": {"gamma": 830.3057577932758, "log10_alpha": -0.8355598857487285, "log10_colsample_bytree": -0.968173782456716, "log10_eta": -2.9782262773595565, "log10_lambda": -4.4847059194581025, "log10_min_child_weight": 3.645891961196068, "log10_subsample": -0.5793951312813632, "max_depth": 9.0, "num_boost_round": 23.0}, "datetime": {"datetime": "2024-01-19 01:31:56", "elapsed": 4800.84527, "delta": 0.005557}}
{"target": -17.676747091639424, "params": {"gamma": 830.3057577932758, "log10_alpha": -0.8355598857487285, "log10_colsample_bytree": -0.968173782456716, "log10_eta": -2.9782262773595565, "log10_lambda": -4.4847059194581025, "log10_min_child_weight": 3.645891961196068, "log10_subsample": -0.5793951312813632, "max_depth": 9.0, "num_boost_round": 24.0}, "datetime": {"datetime": "2024-01-19 01:31:56", "elapsed": 4800.850656, "delta": 0.005386}}
{"target": -17.6767331718869, "params": {"gamma": 830.3057577932758, "log10_alpha": -0.8355598857487285, "log10_colsample_bytree": -0.968173782456716, "log10_eta": -2.9782262773595565, "log10_lambda": -4.4847059194581025, "log10_min_child_weight": 3.645891961196068, "log10_subsample": -0.5793951312813632, "max_depth": 9.0, "num_boost_round": 25.0}, "datetime": {"datetime": "2024-01-19 01:31:56", "elapsed": 4800.856038, "delta": 0.005382}}
{"target": -17.676743562768742, "params": {"gamma": 830.3057577932758, "log10_alpha": -0.8355598857487285, "log10_colsample_bytree": -0.968173782456716, "log10_eta": -2.9782262773595565, "log10_lambda": -4.4847059194581025, "log10_min_child_weight": 3.645891961196068, "log10_subsample": -0.5793951312813632, "max_depth": 9.0, "num_boost_round": 26.0}, "datetime": {"datetime": "2024-01-19 01:31:56", "elapsed": 4800.86167, "delta": 0.005632}}
{"target": -17.67673419495113, "params": {"gamma": 830.3057577932758, "log10_alpha": -0.8355598857487285, "log10_colsample_bytree": -0.968173782456716, "log10_eta": -2.9782262773595565, "log10_lambda": -4.4847059194581025, "log10_min_child_weight": 3.645891961196068, "log10_subsample": -0.5793951312813632, "max_depth": 9.0, "num_boost_round": 27.0}, "datetime": {"datetime": "2024-01-19 01:31:56", "elapsed": 4800.868441, "delta": 0.006771}}
{"target": -17.677221655894517, "params": {"gamma": 832.7918137456282, "log10_alpha": -3.084806831509108, "log10_colsample_bytree": -0.7928599931910333, "log10_eta": -3.1520185080732515, "log10_lambda": 0.12463389497906796, "log10_min_child_weight": 4.512952652159355, "log10_subsample": -0.23436553499824164, "max_depth": 5.0, "num_boost_round": 0.0}, "datetime": {"datetime": "2024-01-19 01:33:18", "elapsed": 4882.991269, "delta": 82.122828}}
{"target": -17.6772150514648, "params": {"gamma": 832.7918137456282, "log10_alpha": -3.084806831509108, "log10_colsample_bytree": -0.7928599931910333, "log10_eta": -3.1520185080732515, "log10_lambda": 0.12463389497906796, "log10_min_child_weight": 4.512952652159355, "log10_subsample": -0.23436553499824164, "max_depth": 5.0, "num_boost_round": 1.0}, "datetime": {"datetime": "2024-01-19 01:33:18", "elapsed": 4882.998251, "delta": 0.006982}}
{"target": -17.67722177016411, "params": {"gamma": 832.7918137456282, "log10_alpha": -3.084806831509108, "log10_colsample_bytree": -0.7928599931910333, "log10_eta": -3.1520185080732515, "log10_lambda": 0.12463389497906796, "log10_min_child_weight": 4.512952652159355, "log10_subsample": -0.23436553499824164, "max_depth": 5.0, "num_boost_round": 2.0}, "datetime": {"datetime": "2024-01-19 01:33:18", "elapsed": 4883.005099, "delta": 0.006848}}
{"target": -17.677220904188626, "params": {"gamma": 832.7918137456282, "log10_alpha": -3.084806831509108, "log10_colsample_bytree": -0.7928599931910333, "log10_eta": -3.1520185080732515, "log10_lambda": 0.12463389497906796, "log10_min_child_weight": 4.512952652159355, "log10_subsample": -0.23436553499824164, "max_depth": 5.0, "num_boost_round": 3.0}, "datetime": {"datetime": "2024-01-19 01:33:18", "elapsed": 4883.011445, "delta": 0.006346}}
{"target": -17.67720979175545, "params": {"gamma": 832.7918137456282, "log10_alpha": -3.084806831509108, "log10_colsample_bytree": -0.7928599931910333, "log10_eta": -3.1520185080732515, "log10_lambda": 0.12463389497906796, "log10_min_child_weight": 4.512952652159355, "log10_subsample": -0.23436553499824164, "max_depth": 5.0, "num_boost_round": 4.0}, "datetime": {"datetime": "2024-01-19 01:33:18", "elapsed": 4883.017502, "delta": 0.006057}}
{"target": -17.677203723700217, "params": {"gamma": 832.7918137456282, "log10_alpha": -3.084806831509108, "log10_colsample_bytree": -0.7928599931910333, "log10_eta": -3.1520185080732515, "log10_lambda": 0.12463389497906796, "log10_min_child_weight": 4.512952652159355, "log10_subsample": -0.23436553499824164, "max_depth": 5.0, "num_boost_round": 5.0}, "datetime": {"datetime": "2024-01-19 01:33:18", "elapsed": 4883.0238, "delta": 0.006298}}
{"target": -17.67721714998348, "params": {"gamma": 832.7918137456282, "log10_alpha": -3.084806831509108, "log10_colsample_bytree": -0.7928599931910333, "log10_eta": -3.1520185080732515, "log10_lambda": 0.12463389497906796, "log10_min_child_weight": 4.512952652159355, "log10_subsample": -0.23436553499824164, "max_depth": 5.0, "num_boost_round": 6.0}, "datetime": {"datetime": "2024-01-19 01:33:18", "elapsed": 4883.03031, "delta": 0.00651}}
{"target": -17.677204483753485, "params": {"gamma": 832.7918137456282, "log10_alpha": -3.084806831509108, "log10_colsample_bytree": -0.7928599931910333, "log10_eta": -3.1520185080732515, "log10_lambda": 0.12463389497906796, "log10_min_child_weight": 4.512952652159355, "log10_subsample": -0.23436553499824164, "max_depth": 5.0, "num_boost_round": 7.0}, "datetime": {"datetime": "2024-01-19 01:33:18", "elapsed": 4883.036621, "delta": 0.006311}}
{"target": -17.67720272311891, "params": {"gamma": 832.7918137456282, "log10_alpha": -3.084806831509108, "log10_colsample_bytree": -0.7928599931910333, "log10_eta": -3.1520185080732515, "log10_lambda": 0.12463389497906796, "log10_min_child_weight": 4.512952652159355, "log10_subsample": -0.23436553499824164, "max_depth": 5.0, "num_boost_round": 8.0}, "datetime": {"datetime": "2024-01-19 01:33:18", "elapsed": 4883.043189, "delta": 0.006568}}
{"target": -17.677202707130597, "params": {"gamma": 832.7918137456282, "log10_alpha": -3.084806831509108, "log10_colsample_bytree": -0.7928599931910333, "log10_eta": -3.1520185080732515, "log10_lambda": 0.12463389497906796, "log10_min_child_weight": 4.512952652159355, "log10_subsample": -0.23436553499824164, "max_depth": 5.0, "num_boost_round": 9.0}, "datetime": {"datetime": "2024-01-19 01:33:18", "elapsed": 4883.049642, "delta": 0.006453}}
{"target": -17.677196008636194, "params": {"gamma": 832.7918137456282, "log10_alpha": -3.084806831509108, "log10_colsample_bytree": -0.7928599931910333, "log10_eta": -3.1520185080732515, "log10_lambda": 0.12463389497906796, "log10_min_child_weight": 4.512952652159355, "log10_subsample": -0.23436553499824164, "max_depth": 5.0, "num_boost_round": 10.0}, "datetime": {"datetime": "2024-01-19 01:33:18", "elapsed": 4883.055998, "delta": 0.006356}}
{"target": -17.677187990124725, "params": {"gamma": 832.7918137456282, "log10_alpha": -3.084806831509108, "log10_colsample_bytree": -0.7928599931910333, "log10_eta": -3.1520185080732515, "log10_lambda": 0.12463389497906796, "log10_min_child_weight": 4.512952652159355, "log10_subsample": -0.23436553499824164, "max_depth": 5.0, "num_boost_round": 11.0}, "datetime": {"datetime": "2024-01-19 01:33:18", "elapsed": 4883.062372, "delta": 0.006374}}
{"target": -17.677202135160588, "params": {"gamma": 832.7918137456282, "log10_alpha": -3.084806831509108, "log10_colsample_bytree": -0.7928599931910333, "log10_eta": -3.1520185080732515, "log10_lambda": 0.12463389497906796, "log10_min_child_weight": 4.512952652159355, "log10_subsample": -0.23436553499824164, "max_depth": 5.0, "num_boost_round": 12.0}, "datetime": {"datetime": "2024-01-19 01:33:18", "elapsed": 4883.068865, "delta": 0.006493}}
{"target": -17.67719762367928, "params": {"gamma": 832.7918137456282, "log10_alpha": -3.084806831509108, "log10_colsample_bytree": -0.7928599931910333, "log10_eta": -3.1520185080732515, "log10_lambda": 0.12463389497906796, "log10_min_child_weight": 4.512952652159355, "log10_subsample": -0.23436553499824164, "max_depth": 5.0, "num_boost_round": 13.0}, "datetime": {"datetime": "2024-01-19 01:33:18", "elapsed": 4883.075145, "delta": 0.00628}}
{"target": -17.677192364040753, "params": {"gamma": 832.7918137456282, "log10_alpha": -3.084806831509108, "log10_colsample_bytree": -0.7928599931910333, "log10_eta": -3.1520185080732515, "log10_lambda": 0.12463389497906796, "log10_min_child_weight": 4.512952652159355, "log10_subsample": -0.23436553499824164, "max_depth": 5.0, "num_boost_round": 14.0}, "datetime": {"datetime": "2024-01-19 01:33:18", "elapsed": 4883.081514, "delta": 0.006369}}
{"target": -17.677183999367532, "params": {"gamma": 832.7918137456282, "log10_alpha": -3.084806831509108, "log10_colsample_bytree": -0.7928599931910333, "log10_eta": -3.1520185080732515, "log10_lambda": 0.12463389497906796, "log10_min_child_weight": 4.512952652159355, "log10_subsample": -0.23436553499824164, "max_depth": 5.0, "num_boost_round": 15.0}, "datetime": {"datetime": "2024-01-19 01:33:18", "elapsed": 4883.08806, "delta": 0.006546}}
{"target": -17.67717542358059, "params": {"gamma": 832.7918137456282, "log10_alpha": -3.084806831509108, "log10_colsample_bytree": -0.7928599931910333, "log10_eta": -3.1520185080732515, "log10_lambda": 0.12463389497906796, "log10_min_child_weight": 4.512952652159355, "log10_subsample": -0.23436553499824164, "max_depth": 5.0, "num_boost_round": 16.0}, "datetime": {"datetime": "2024-01-19 01:33:18", "elapsed": 4883.094823, "delta": 0.006763}}
{"target": -17.67717012181446, "params": {"gamma": 832.7918137456282, "log10_alpha": -3.084806831509108, "log10_colsample_bytree": -0.7928599931910333, "log10_eta": -3.1520185080732515, "log10_lambda": 0.12463389497906796, "log10_min_child_weight": 4.512952652159355, "log10_subsample": -0.23436553499824164, "max_depth": 5.0, "num_boost_round": 17.0}, "datetime": {"datetime": "2024-01-19 01:33:18", "elapsed": 4883.101687, "delta": 0.006864}}
{"target": -17.677161045389095, "params": {"gamma": 832.7918137456282, "log10_alpha": -3.084806831509108, "log10_colsample_bytree": -0.7928599931910333, "log10_eta": -3.1520185080732515, "log10_lambda": 0.12463389497906796, "log10_min_child_weight": 4.512952652159355, "log10_subsample": -0.23436553499824164, "max_depth": 5.0, "num_boost_round": 18.0}, "datetime": {"datetime": "2024-01-19 01:33:18", "elapsed": 4883.107902, "delta": 0.006215}}
{"target": -17.677149362282726, "params": {"gamma": 832.7918137456282, "log10_alpha": -3.084806831509108, "log10_colsample_bytree": -0.7928599931910333, "log10_eta": -3.1520185080732515, "log10_lambda": 0.12463389497906796, "log10_min_child_weight": 4.512952652159355, "log10_subsample": -0.23436553499824164, "max_depth": 5.0, "num_boost_round": 19.0}, "datetime": {"datetime": "2024-01-19 01:33:18", "elapsed": 4883.113783, "delta": 0.005881}}
{"target": -17.677158533727177, "params": {"gamma": 832.7918137456282, "log10_alpha": -3.084806831509108, "log10_colsample_bytree": -0.7928599931910333, "log10_eta": -3.1520185080732515, "log10_lambda": 0.12463389497906796, "log10_min_child_weight": 4.512952652159355, "log10_subsample": -0.23436553499824164, "max_depth": 5.0, "num_boost_round": 20.0}, "datetime": {"datetime": "2024-01-19 01:33:18", "elapsed": 4883.120052, "delta": 0.006269}}
{"target": -17.67715569789484, "params": {"gamma": 832.7918137456282, "log10_alpha": -3.084806831509108, "log10_colsample_bytree": -0.7928599931910333, "log10_eta": -3.1520185080732515, "log10_lambda": 0.12463389497906796, "log10_min_child_weight": 4.512952652159355, "log10_subsample": -0.23436553499824164, "max_depth": 5.0, "num_boost_round": 21.0}, "datetime": {"datetime": "2024-01-19 01:33:18", "elapsed": 4883.126512, "delta": 0.00646}}
