{"target": -17.67715952459864, "params": {"gamma": 59.38585160534484, "log10_alpha": -0.6298245480886703, "log10_colsample_bytree": -0.2598866695605681, "log10_eta": -4.0, "log10_lambda": -0.9194172980019266, "log10_min_child_weight": 1.5280021846330136, "log10_subsample": -1.0, "max_depth": 3.0, "num_boost_round": 22.0}, "datetime": {"datetime": "2024-01-19 02:02:20", "elapsed": 6647.70901, "delta": 0.006918}}
{"target": -17.677152759554524, "params": {"gamma": 59.38585160534484, "log10_alpha": -0.6298245480886703, "log10_colsample_bytree": -0.2598866695605681, "log10_eta": -4.0, "log10_lambda": -0.9194172980019266, "log10_min_child_weight": 1.5280021846330136, "log10_subsample": -1.0, "max_depth": 3.0, "num_boost_round": 23.0}, "datetime": {"datetime": "2024-01-19 02:02:20", "elapsed": 6647.716007, "delta": 0.006997}}
{"target": -17.67714895991631, "params": {"gamma": 59.38585160534484, "log10_alpha": -0.6298245480886703, "log10_colsample_bytree": -0.2598866695605681, "log10_eta": -4.0, "log10_lambda": -0.9194172980019266, "log10_min_child_weight": 1.5280021846330136, "log10_subsample": -1.0, "max_depth": 3.0, "num_boost_round": 24.0}, "datetime": {"datetime": "2024-01-19 02:02:20", "elapsed": 6647.722895, "delta": 0.006888}}
{"target": -17.677143663746463, "params": {"gamma": 59.38585160534484, "log10_alpha": -0.6298245480886703, "log10_colsample_bytree": -0.2598866695605681, "log10_eta": -4.0, "log10_lambda": -0.9194172980019266, "log10_min_child_weight": 1.5280021846330136, "log10_subsample": -1.0, "max_depth": 3.0, "num_boost_round": 25.0}, "datetime": {"datetime": "2024-01-19 02:02:20", "elapsed": 6647.729989, "delta": 0.007094}}
{"target": -17.677138930748562, "params": {"gamma": 59.38585160534484, "log10_alpha": -0.6298245480886703, "log10_colsample_bytree": -0.2598866695605681, "log10_eta": -4.0, "log10_lambda": -0.9194172980019266, "log10_min_child_weight": 1.5280021846330136, "log10_subsample": -1.0, "max_depth": 3.0, "num_boost_round": 26.0}, "datetime": {"datetime": "2024-01-19 02:02:20", "elapsed": 6647.736852, "delta": 0.006863}}
{"target": -17.677137015527215, "params": {"gamma": 59.38585160534484, "log10_alpha": -0.6298245480886703, "log10_colsample_bytree": -0.2598866695605681, "log10_eta": -4.0, "log10_lambda": -0.9194172980019266, "log10_min_child_weight": 1.5280021846330136, "log10_subsample": -1.0, "max_depth": 3.0, "num_boost_round": 27.0}, "datetime": {"datetime": "2024-01-19 02:02:20", "elapsed": 6647.743879, "delta": 0.007027}}
{"target": -17.677134178214327, "params": {"gamma": 59.38585160534484, "log10_alpha": -0.6298245480886703, "log10_colsample_bytree": -0.2598866695605681, "log10_eta": -4.0, "log10_lambda": -0.9194172980019266, "log10_min_child_weight": 1.5280021846330136, "log10_subsample": -1.0, "max_depth": 3.0, "num_boost_round": 28.0}, "datetime": {"datetime": "2024-01-19 02:02:20", "elapsed": 6647.750858, "delta": 0.006979}}
{"target": -17.677127945892856, "params": {"gamma": 59.38585160534484, "log10_alpha": -0.6298245480886703, "log10_colsample_bytree": -0.2598866695605681, "log10_eta": -4.0, "log10_lambda": -0.9194172980019266, "log10_min_child_weight": 1.5280021846330136, "log10_subsample": -1.0, "max_depth": 3.0, "num_boost_round": 29.0}, "datetime": {"datetime": "2024-01-19 02:02:20", "elapsed": 6647.757743, "delta": 0.006885}}
{"target": -17.67712250166042, "params": {"gamma": 59.38585160534484, "log10_alpha": -0.6298245480886703, "log10_colsample_bytree": -0.2598866695605681, "log10_eta": -4.0, "log10_lambda": -0.9194172980019266, "log10_min_child_weight": 1.5280021846330136, "log10_subsample": -1.0, "max_depth": 3.0, "num_boost_round": 30.0}, "datetime": {"datetime": "2024-01-19 02:02:20", "elapsed": 6647.764583, "delta": 0.00684}}
{"target": -17.677118027939724, "params": {"gamma": 59.38585160534484, "log10_alpha": -0.6298245480886703, "log10_colsample_bytree": -0.2598866695605681, "log10_eta": -4.0, "log10_lambda": -0.9194172980019266, "log10_min_child_weight": 1.5280021846330136, "log10_subsample": -1.0, "max_depth": 3.0, "num_boost_round": 31.0}, "datetime": {"datetime": "2024-01-19 02:02:20", "elapsed": 6647.771488, "delta": 0.006905}}
{"target": -17.677113846069265, "params": {"gamma": 59.38585160534484, "log10_alpha": -0.6298245480886703, "log10_colsample_bytree": -0.2598866695605681, "log10_eta": -4.0, "log10_lambda": -0.9194172980019266, "log10_min_child_weight": 1.5280021846330136, "log10_subsample": -1.0, "max_depth": 3.0, "num_boost_round": 32.0}, "datetime": {"datetime": "2024-01-19 02:02:20", "elapsed": 6647.77855, "delta": 0.007062}}
{"target": -17.677109502685482, "params": {"gamma": 59.38585160534484, "log10_alpha": -0.6298245480886703, "log10_colsample_bytree": -0.2598866695605681, "log10_eta": -4.0, "log10_lambda": -0.9194172980019266, "log10_min_child_weight": 1.5280021846330136, "log10_subsample": -1.0, "max_depth": 3.0, "num_boost_round": 33.0}, "datetime": {"datetime": "2024-01-19 02:02:20", "elapsed": 6647.785497, "delta": 0.006947}}
{"target": -17.67710356305014, "params": {"gamma": 59.38585160534484, "log10_alpha": -0.6298245480886703, "log10_colsample_bytree": -0.2598866695605681, "log10_eta": -4.0, "log10_lambda": -0.9194172980019266, "log10_min_child_weight": 1.5280021846330136, "log10_subsample": -1.0, "max_depth": 3.0, "num_boost_round": 34.0}, "datetime": {"datetime": "2024-01-19 02:02:20", "elapsed": 6647.792552, "delta": 0.007055}}
{"target": -17.677101457137812, "params": {"gamma": 59.38585160534484, "log10_alpha": -0.6298245480886703, "log10_colsample_bytree": -0.2598866695605681, "log10_eta": -4.0, "log10_lambda": -0.9194172980019266, "log10_min_child_weight": 1.5280021846330136, "log10_subsample": -1.0, "max_depth": 3.0, "num_boost_round": 35.0}, "datetime": {"datetime": "2024-01-19 02:02:20", "elapsed": 6647.799584, "delta": 0.007032}}
{"target": -17.67710017852899, "params": {"gamma": 59.38585160534484, "log10_alpha": -0.6298245480886703, "log10_colsample_bytree": -0.2598866695605681, "log10_eta": -4.0, "log10_lambda": -0.9194172980019266, "log10_min_child_weight": 1.5280021846330136, "log10_subsample": -1.0, "max_depth": 3.0, "num_boost_round": 36.0}, "datetime": {"datetime": "2024-01-19 02:02:20", "elapsed": 6647.806439, "delta": 0.006855}}
{"target": -17.67709795244317, "params": {"gamma": 59.38585160534484, "log10_alpha": -0.6298245480886703, "log10_colsample_bytree": -0.2598866695605681, "log10_eta": -4.0, "log10_lambda": -0.9194172980019266, "log10_min_child_weight": 1.5280021846330136, "log10_subsample": -1.0, "max_depth": 3.0, "num_boost_round": 37.0}, "datetime": {"datetime": "2024-01-19 02:02:20", "elapsed": 6647.813381, "delta": 0.006942}}
{"target": -17.677232947159006, "params": {"gamma": 81.06952329893537, "log10_alpha": 1.0, "log10_colsample_bytree": -1.0, "log10_eta": -4.0, "log10_lambda": 1.0, "log10_min_child_weight": 5.0, "log10_subsample": -1.0, "max_depth": 2.0, "num_boost_round": 0.0}, "datetime": {"datetime": "2024-01-19 02:05:26", "elapsed": 6833.645144, "delta": 185.831763}}
{"target": -17.677232942817497, "params": {"gamma": 81.06952329893537, "log10_alpha": 1.0, "log10_colsample_bytree": -1.0, "log10_eta": -4.0, "log10_lambda": 1.0, "log10_min_child_weight": 5.0, "log10_subsample": -1.0, "max_depth": 2.0, "num_boost_round": 1.0}, "datetime": {"datetime": "2024-01-19 02:05:26", "elapsed": 6833.653164, "delta": 0.00802}}
{"target": -17.677232942726555, "params": {"gamma": 81.06952329893537, "log10_alpha": 1.0, "log10_colsample_bytree": -1.0, "log10_eta": -4.0, "log10_lambda": 1.0, "log10_min_child_weight": 5.0, "log10_subsample": -1.0, "max_depth": 2.0, "num_boost_round": 2.0}, "datetime": {"datetime": "2024-01-19 02:05:26", "elapsed": 6833.660189, "delta": 0.007025}}
{"target": -17.677233003081973, "params": {"gamma": 81.06952329893537, "log10_alpha": 1.0, "log10_colsample_bytree": -1.0, "log10_eta": -4.0, "log10_lambda": 1.0, "log10_min_child_weight": 5.0, "log10_subsample": -1.0, "max_depth": 2.0, "num_boost_round": 3.0}, "datetime": {"datetime": "2024-01-19 02:05:26", "elapsed": 6833.66727, "delta": 0.007081}}
{"target": -17.677232970392865, "params": {"gamma": 81.06952329893537, "log10_alpha": 1.0, "log10_colsample_bytree": -1.0, "log10_eta": -4.0, "log10_lambda": 1.0, "log10_min_child_weight": 5.0, "log10_subsample": -1.0, "max_depth": 2.0, "num_boost_round": 4.0}, "datetime": {"datetime": "2024-01-19 02:05:26", "elapsed": 6833.674408, "delta": 0.007138}}
{"target": -17.677233000327764, "params": {"gamma": 81.06952329893537, "log10_alpha": 1.0, "log10_colsample_bytree": -1.0, "log10_eta": -4.0, "log10_lambda": 1.0, "log10_min_child_weight": 5.0, "log10_subsample": -1.0, "max_depth": 2.0, "num_boost_round": 5.0}, "datetime": {"datetime": "2024-01-19 02:05:26", "elapsed": 6833.681708, "delta": 0.0073}}
{"target": -17.6772329444915, "params": {"gamma": 81.06952329893537, "log10_alpha": 1.0, "log10_colsample_bytree": -1.0, "log10_eta": -4.0, "log10_lambda": 1.0, "log10_min_child_weight": 5.0, "log10_subsample": -1.0, "max_depth": 2.0, "num_boost_round": 6.0}, "datetime": {"datetime": "2024-01-19 02:05:26", "elapsed": 6833.688809, "delta": 0.007101}}
{"target": -17.677232969052774, "params": {"gamma": 81.06952329893537, "log10_alpha": 1.0, "log10_colsample_bytree": -1.0, "log10_eta": -4.0, "log10_lambda": 1.0, "log10_min_child_weight": 5.0, "log10_subsample": -1.0, "max_depth": 2.0, "num_boost_round": 7.0}, "datetime": {"datetime": "2024-01-19 02:05:26", "elapsed": 6833.695849, "delta": 0.00704}}
{"target": -17.67723293984055, "params": {"gamma": 81.06952329893537, "log10_alpha": 1.0, "log10_colsample_bytree": -1.0, "log10_eta": -4.0, "log10_lambda": 1.0, "log10_min_child_weight": 5.0, "log10_subsample": -1.0, "max_depth": 2.0, "num_boost_round": 8.0}, "datetime": {"datetime": "2024-01-19 02:05:26", "elapsed": 6833.702783, "delta": 0.006934}}
{"target": -17.67723293117804, "params": {"gamma": 81.06952329893537, "log10_alpha": 1.0, "log10_colsample_bytree": -1.0, "log10_eta": -4.0, "log10_lambda": 1.0, "log10_min_child_weight": 5.0, "log10_subsample": -1.0, "max_depth": 2.0, "num_boost_round": 9.0}, "datetime": {"datetime": "2024-01-19 02:05:26", "elapsed": 6833.709797, "delta": 0.007014}}
{"target": -17.677232909675503, "params": {"gamma": 81.06952329893537, "log10_alpha": 1.0, "log10_colsample_bytree": -1.0, "log10_eta": -4.0, "log10_lambda": 1.0, "log10_min_child_weight": 5.0, "log10_subsample": -1.0, "max_depth": 2.0, "num_boost_round": 10.0}, "datetime": {"datetime": "2024-01-19 02:05:26", "elapsed": 6833.716859, "delta": 0.007062}}
{"target": -17.67723296306715, "params": {"gamma": 81.06952329893537, "log10_alpha": 1.0, "log10_colsample_bytree": -1.0, "log10_eta": -4.0, "log10_lambda": 1.0, "log10_min_child_weight": 5.0, "log10_subsample": -1.0, "max_depth": 2.0, "num_boost_round": 11.0}, "datetime": {"datetime": "2024-01-19 02:05:26", "elapsed": 6833.723796, "delta": 0.006937}}
{"target": -17.677233001157923, "params": {"gamma": 81.06952329893537, "log10_alpha": 1.0, "log10_colsample_bytree": -1.0, "log10_eta": -4.0, "log10_lambda": 1.0, "log10_min_child_weight": 5.0, "log10_subsample": -1.0, "max_depth": 2.0, "num_boost_round": 12.0}, "datetime": {"datetime": "2024-01-19 02:05:26", "elapsed": 6833.731104, "delta": 0.007308}}
{"target": -17.677232967784892, "params": {"gamma": 81.06952329893537, "log10_alpha": 1.0, "log10_colsample_bytree": -1.0, "log10_eta": -4.0, "log10_lambda": 1.0, "log10_min_child_weight": 5.0, "log10_subsample": -1.0, "max_depth": 2.0, "num_boost_round": 13.0}, "datetime": {"datetime": "2024-01-19 02:05:26", "elapsed": 6833.73808, "delta": 0.006976}}
{"target": -17.67723300544303, "params": {"gamma": 81.06952329893537, "log10_alpha": 1.0, "log10_colsample_bytree": -1.0, "log10_eta": -4.0, "log10_lambda": 1.0, "log10_min_child_weight": 5.0, "log10_subsample": -1.0, "max_depth": 2.0, "num_boost_round": 14.0}, "datetime": {"datetime": "2024-01-19 02:05:26", "elapsed": 6833.74513, "delta": 0.00705}}
{"target": -17.677233005263098, "params": {"gamma": 81.06952329893537, "log10_alpha": 1.0, "log10_colsample_bytree": -1.0, "log10_eta": -4.0, "log10_lambda": 1.0, "log10_min_child_weight": 5.0, "log10_subsample": -1.0, "max_depth": 2.0, "num_boost_round": 15.0}, "datetime": {"datetime": "2024-01-19 02:05:26", "elapsed": 6833.752061, "delta": 0.006931}}
{"target": -17.67723300561215, "params": {"gamma": 81.06952329893537, "log10_alpha": 1.0, "log10_colsample_bytree": -1.0, "log10_eta": -4.0, "log10_lambda": 1.0, "log10_min_child_weight": 5.0, "log10_subsample": -1.0, "max_depth": 2.0, "num_boost_round": 16.0}, "datetime": {"datetime": "2024-01-19 02:05:26", "elapsed": 6833.758971, "delta": 0.00691}}
{"target": -17.677233001289007, "params": {"gamma": 81.06952329893537, "log10_alpha": 1.0, "log10_colsample_bytree": -1.0, "log10_eta": -4.0, "log10_lambda": 1.0, "log10_min_child_weight": 5.0, "log10_subsample": -1.0, "max_depth": 2.0, "num_boost_round": 17.0}, "datetime": {"datetime": "2024-01-19 02:05:26", "elapsed": 6833.765918, "delta": 0.006947}}
{"target": -17.677233029370818, "params": {"gamma": 81.06952329893537, "log10_alpha": 1.0, "log10_colsample_bytree": -1.0, "log10_eta": -4.0, "log10_lambda": 1.0, "log10_min_child_weight": 5.0, "log10_subsample": -1.0, "max_depth": 2.0, "num_boost_round": 18.0}, "datetime": {"datetime": "2024-01-19 02:05:26", "elapsed": 6833.773026, "delta": 0.007108}}
{"target": -17.67723304022882, "params": {"gamma": 81.06952329893537, "log10_alpha": 1.0, "log10_colsample_bytree": -1.0, "log10_eta": -4.0, "log10_lambda": 1.0, "log10_min_child_weight": 5.0, "log10_subsample": -1.0, "max_depth": 2.0, "num_boost_round": 19.0}, "datetime": {"datetime": "2024-01-19 02:05:26", "elapsed": 6833.780427, "delta": 0.007401}}
{"target": -17.677233062652824, "params": {"gamma": 81.06952329893537, "log10_alpha": 1.0, "log10_colsample_bytree": -1.0, "log10_eta": -4.0, "log10_lambda": 1.0, "log10_min_child_weight": 5.0, "log10_subsample": -1.0, "max_depth": 2.0, "num_boost_round": 20.0}, "datetime": {"datetime": "2024-01-19 02:05:26", "elapsed": 6833.787746, "delta": 0.007319}}
{"target": -17.67723306222315, "params": {"gamma": 81.06952329893537, "log10_alpha": 1.0, "log10_colsample_bytree": -1.0, "log10_eta": -4.0, "log10_lambda": 1.0, "log10_min_child_weight": 5.0, "log10_subsample": -1.0, "max_depth": 2.0, "num_boost_round": 21.0}, "datetime": {"datetime": "2024-01-19 02:05:26", "elapsed": 6833.794277, "delta": 0.006531}}
{"target": -17.677233009051964, "params": {"gamma": 81.06952329893537, "log10_alpha": 1.0, "log10_colsample_bytree": -1.0, "log10_eta": -4.0, "log10_lambda": 1.0, "log10_min_child_weight": 5.0, "log10_subsample": -1.0, "max_depth": 2.0, "num_boost_round": 22.0}, "datetime": {"datetime": "2024-01-19 02:05:26", "elapsed": 6833.800858, "delta": 0.006581}}
{"target": -17.677233005610592, "params": {"gamma": 81.06952329893537, "log10_alpha": 1.0, "log10_colsample_bytree": -1.0, "log10_eta": -4.0, "log10_lambda": 1.0, "log10_min_child_weight": 5.0, "log10_subsample": -1.0, "max_depth": 2.0, "num_boost_round": 23.0}, "datetime": {"datetime": "2024-01-19 02:05:26", "elapsed": 6833.80764, "delta": 0.006782}}
{"target": -17.67723300474513, "params": {"gamma": 81.06952329893537, "log10_alpha": 1.0, "log10_colsample_bytree": -1.0, "log10_eta": -4.0, "log10_lambda": 1.0, "log10_min_child_weight": 5.0, "log10_subsample": -1.0, "max_depth": 2.0, "num_boost_round": 24.0}, "datetime": {"datetime": "2024-01-19 02:05:26", "elapsed": 6833.814664, "delta": 0.007024}}
{"target": -17.677233028947633, "params": {"gamma": 81.06952329893537, "log10_alpha": 1.0, "log10_colsample_bytree": -1.0, "log10_eta": -4.0, "log10_lambda": 1.0, "log10_min_child_weight": 5.0, "log10_subsample": -1.0, "max_depth": 2.0, "num_boost_round": 25.0}, "datetime": {"datetime": "2024-01-19 02:05:26", "elapsed": 6833.821573, "delta": 0.006909}}
{"target": -17.677233008201842, "params": {"gamma": 81.06952329893537, "log10_alpha": 1.0, "log10_colsample_bytree": -1.0, "log10_eta": -4.0, "log10_lambda": 1.0, "log10_min_child_weight": 5.0, "log10_subsample": -1.0, "max_depth": 2.0, "num_boost_round": 26.0}, "datetime": {"datetime": "2024-01-19 02:05:26", "elapsed": 6833.828738, "delta": 0.007165}}
{"target": -17.677233039457864, "params": {"gamma": 81.06952329893537, "log10_alpha": 1.0, "log10_colsample_bytree": -1.0, "log10_eta": -4.0, "log10_lambda": 1.0, "log10_min_child_weight": 5.0, "log10_subsample": -1.0, "max_depth": 2.0, "num_boost_round": 27.0}, "datetime": {"datetime": "2024-01-19 02:05:26", "elapsed": 6833.835731, "delta": 0.006993}}
{"target": -17.67723303289711, "params": {"gamma": 81.06952329893537, "log10_alpha": 1.0, "log10_colsample_bytree": -1.0, "log10_eta": -4.0, "log10_lambda": 1.0, "log10_min_child_weight": 5.0, "log10_subsample": -1.0, "max_depth": 2.0, "num_boost_round": 28.0}, "datetime": {"datetime": "2024-01-19 02:05:26", "elapsed": 6833.969622, "delta": 0.133891}}
{"target": -17.67723303287984, "params": {"gamma": 81.06952329893537, "log10_alpha": 1.0, "log10_colsample_bytree": -1.0, "log10_eta": -4.0, "log10_lambda": 1.0, "log10_min_child_weight": 5.0, "log10_subsample": -1.0, "max_depth": 2.0, "num_boost_round": 29.0}, "datetime": {"datetime": "2024-01-19 02:05:26", "elapsed": 6833.978051, "delta": 0.008429}}
{"target": -17.677233027431665, "params": {"gamma": 81.06952329893537, "log10_alpha": 1.0, "log10_colsample_bytree": -1.0, "log10_eta": -4.0, "log10_lambda": 1.0, "log10_min_child_weight": 5.0, "log10_subsample": -1.0, "max_depth": 2.0, "num_boost_round": 30.0}, "datetime": {"datetime": "2024-01-19 02:05:26", "elapsed": 6833.986197, "delta": 0.008146}}
{"target": -17.67723304382402, "params": {"gamma": 81.06952329893537, "log10_alpha": 1.0, "log10_colsample_bytree": -1.0, "log10_eta": -4.0, "log10_lambda": 1.0, "log10_min_child_weight": 5.0, "log10_subsample": -1.0, "max_depth": 2.0, "num_boost_round": 31.0}, "datetime": {"datetime": "2024-01-19 02:05:26", "elapsed": 6833.993681, "delta": 0.007484}}
{"target": -17.677233032104997, "params": {"gamma": 81.06952329893537, "log10_alpha": 1.0, "log10_colsample_bytree": -1.0, "log10_eta": -4.0, "log10_lambda": 1.0, "log10_min_child_weight": 5.0, "log10_subsample": -1.0, "max_depth": 2.0, "num_boost_round": 32.0}, "datetime": {"datetime": "2024-01-19 02:05:26", "elapsed": 6834.001066, "delta": 0.007385}}
{"target": -17.677233082894865, "params": {"gamma": 81.06952329893537, "log10_alpha": 1.0, "log10_colsample_bytree": -1.0, "log10_eta": -4.0, "log10_lambda": 1.0, "log10_min_child_weight": 5.0, "log10_subsample": -1.0, "max_depth": 2.0, "num_boost_round": 33.0}, "datetime": {"datetime": "2024-01-19 02:05:26", "elapsed": 6834.008409, "delta": 0.007343}}
{"target": -17.67723304905604, "params": {"gamma": 81.06952329893537, "log10_alpha": 1.0, "log10_colsample_bytree": -1.0, "log10_eta": -4.0, "log10_lambda": 1.0, "log10_min_child_weight": 5.0, "log10_subsample": -1.0, "max_depth": 2.0, "num_boost_round": 34.0}, "datetime": {"datetime": "2024-01-19 02:05:26", "elapsed": 6834.015645, "delta": 0.007236}}
{"target": -17.67723303116056, "params": {"gamma": 81.06952329893537, "log10_alpha": 1.0, "log10_colsample_bytree": -1.0, "log10_eta": -4.0, "log10_lambda": 1.0, "log10_min_child_weight": 5.0, "log10_subsample": -1.0, "max_depth": 2.0, "num_boost_round": 35.0}, "datetime": {"datetime": "2024-01-19 02:05:26", "elapsed": 6834.023084, "delta": 0.007439}}
{"target": -17.67723308363923, "params": {"gamma": 81.06952329893537, "log10_alpha": 1.0, "log10_colsample_bytree": -1.0, "log10_eta": -4.0, "log10_lambda": 1.0, "log10_min_child_weight": 5.0, "log10_subsample": -1.0, "max_depth": 2.0, "num_boost_round": 36.0}, "datetime": {"datetime": "2024-01-19 02:05:26", "elapsed": 6834.030218, "delta": 0.007134}}
{"target": -17.67723306545802, "params": {"gamma": 81.06952329893537, "log10_alpha": 1.0, "log10_colsample_bytree": -1.0, "log10_eta": -4.0, "log10_lambda": 1.0, "log10_min_child_weight": 5.0, "log10_subsample": -1.0, "max_depth": 2.0, "num_boost_round": 37.0}, "datetime": {"datetime": "2024-01-19 02:05:26", "elapsed": 6834.037513, "delta": 0.007295}}
{"target": -17.677233026174047, "params": {"gamma": 81.06952329893537, "log10_alpha": 1.0, "log10_colsample_bytree": -1.0, "log10_eta": -4.0, "log10_lambda": 1.0, "log10_min_child_weight": 5.0, "log10_subsample": -1.0, "max_depth": 2.0, "num_boost_round": 38.0}, "datetime": {"datetime": "2024-01-19 02:05:26", "elapsed": 6834.04481, "delta": 0.007297}}
{"target": -17.677233026031214, "params": {"gamma": 81.06952329893537, "log10_alpha": 1.0, "log10_colsample_bytree": -1.0, "log10_eta": -4.0, "log10_lambda": 1.0, "log10_min_child_weight": 5.0, "log10_subsample": -1.0, "max_depth": 2.0, "num_boost_round": 39.0}, "datetime": {"datetime": "2024-01-19 02:05:26", "elapsed": 6834.052024, "delta": 0.007214}}
{"target": -17.677232987858716, "params": {"gamma": 81.06952329893537, "log10_alpha": 1.0, "log10_colsample_bytree": -1.0, "log10_eta": -4.0, "log10_lambda": 1.0, "log10_min_child_weight": 5.0, "log10_subsample": -1.0, "max_depth": 2.0, "num_boost_round": 40.0}, "datetime": {"datetime": "2024-01-19 02:05:26", "elapsed": 6834.05922, "delta": 0.007196}}
{"target": -17.67723297037557, "params": {"gamma": 81.06952329893537, "log10_alpha": 1.0, "log10_colsample_bytree": -1.0, "log10_eta": -4.0, "log10_lambda": 1.0, "log10_min_child_weight": 5.0, "log10_subsample": -1.0, "max_depth": 2.0, "num_boost_round": 41.0}, "datetime": {"datetime": "2024-01-19 02:05:26", "elapsed": 6834.067352, "delta": 0.008132}}
{"target": -17.67723294720369, "params": {"gamma": 81.06952329893537, "log10_alpha": 1.0, "log10_colsample_bytree": -1.0, "log10_eta": -4.0, "log10_lambda": 1.0, "log10_min_child_weight": 5.0, "log10_subsample": -1.0, "max_depth": 2.0, "num_boost_round": 42.0}, "datetime": {"datetime": "2024-01-19 02:05:26", "elapsed": 6834.074807, "delta": 0.007455}}
