{"target": -17.676836069624308, "params": {"gamma": 834.7349689785189, "log10_alpha": -2.1872064880929862, "log10_colsample_bytree": -0.9517209976528417, "log10_eta": -3.7059302838732537, "log10_lambda": -2.8569277313032684, "log10_min_child_weight": 0.9377475303430016, "log10_subsample": -0.9774803953815057, "max_depth": 9.0, "num_boost_round": 51.0}, "datetime": {"datetime": "2024-01-19 01:00:10", "elapsed": 2894.972547, "delta": 0.004697}}
{"target": -17.67681981252576, "params": {"gamma": 834.7349689785189, "log10_alpha": -2.1872064880929862, "log10_colsample_bytree": -0.9517209976528417, "log10_eta": -3.7059302838732537, "log10_lambda": -2.8569277313032684, "log10_min_child_weight": 0.9377475303430016, "log10_subsample": -0.9774803953815057, "max_depth": 9.0, "num_boost_round": 52.0}, "datetime": {"datetime": "2024-01-19 01:00:10", "elapsed": 2894.976936, "delta": 0.004389}}
{"target": -17.676806941444845, "params": {"gamma": 834.7349689785189, "log10_alpha": -2.1872064880929862, "log10_colsample_bytree": -0.9517209976528417, "log10_eta": -3.7059302838732537, "log10_lambda": -2.8569277313032684, "log10_min_child_weight": 0.9377475303430016, "log10_subsample": -0.9774803953815057, "max_depth": 9.0, "num_boost_round": 53.0}, "datetime": {"datetime": "2024-01-19 01:00:10", "elapsed": 2894.981117, "delta": 0.004181}}
{"target": -17.676795765324684, "params": {"gamma": 834.7349689785189, "log10_alpha": -2.1872064880929862, "log10_colsample_bytree": -0.9517209976528417, "log10_eta": -3.7059302838732537, "log10_lambda": -2.8569277313032684, "log10_min_child_weight": 0.9377475303430016, "log10_subsample": -0.9774803953815057, "max_depth": 9.0, "num_boost_round": 54.0}, "datetime": {"datetime": "2024-01-19 01:00:10", "elapsed": 2894.985536, "delta": 0.004419}}
{"target": -17.67679221457925, "params": {"gamma": 834.7349689785189, "log10_alpha": -2.1872064880929862, "log10_colsample_bytree": -0.9517209976528417, "log10_eta": -3.7059302838732537, "log10_lambda": -2.8569277313032684, "log10_min_child_weight": 0.9377475303430016, "log10_subsample": -0.9774803953815057, "max_depth": 9.0, "num_boost_round": 55.0}, "datetime": {"datetime": "2024-01-19 01:00:10", "elapsed": 2894.989923, "delta": 0.004387}}
{"target": -17.67679804950528, "params": {"gamma": 834.7349689785189, "log10_alpha": -2.1872064880929862, "log10_colsample_bytree": -0.9517209976528417, "log10_eta": -3.7059302838732537, "log10_lambda": -2.8569277313032684, "log10_min_child_weight": 0.9377475303430016, "log10_subsample": -0.9774803953815057, "max_depth": 9.0, "num_boost_round": 56.0}, "datetime": {"datetime": "2024-01-19 01:00:10", "elapsed": 2894.994211, "delta": 0.004288}}
{"target": -17.676780888444096, "params": {"gamma": 834.7349689785189, "log10_alpha": -2.1872064880929862, "log10_colsample_bytree": -0.9517209976528417, "log10_eta": -3.7059302838732537, "log10_lambda": -2.8569277313032684, "log10_min_child_weight": 0.9377475303430016, "log10_subsample": -0.9774803953815057, "max_depth": 9.0, "num_boost_round": 57.0}, "datetime": {"datetime": "2024-01-19 01:00:10", "elapsed": 2894.998521, "delta": 0.00431}}
{"target": -17.676760898915383, "params": {"gamma": 834.7349689785189, "log10_alpha": -2.1872064880929862, "log10_colsample_bytree": -0.9517209976528417, "log10_eta": -3.7059302838732537, "log10_lambda": -2.8569277313032684, "log10_min_child_weight": 0.9377475303430016, "log10_subsample": -0.9774803953815057, "max_depth": 9.0, "num_boost_round": 58.0}, "datetime": {"datetime": "2024-01-19 01:00:10", "elapsed": 2895.002723, "delta": 0.004202}}
{"target": -17.676753326195996, "params": {"gamma": 834.7349689785189, "log10_alpha": -2.1872064880929862, "log10_colsample_bytree": -0.9517209976528417, "log10_eta": -3.7059302838732537, "log10_lambda": -2.8569277313032684, "log10_min_child_weight": 0.9377475303430016, "log10_subsample": -0.9774803953815057, "max_depth": 9.0, "num_boost_round": 59.0}, "datetime": {"datetime": "2024-01-19 01:00:10", "elapsed": 2895.011466, "delta": 0.008743}}
{"target": -17.676763351738888, "params": {"gamma": 834.7349689785189, "log10_alpha": -2.1872064880929862, "log10_colsample_bytree": -0.9517209976528417, "log10_eta": -3.7059302838732537, "log10_lambda": -2.8569277313032684, "log10_min_child_weight": 0.9377475303430016, "log10_subsample": -0.9774803953815057, "max_depth": 9.0, "num_boost_round": 60.0}, "datetime": {"datetime": "2024-01-19 01:00:10", "elapsed": 2895.015901, "delta": 0.004435}}
{"target": -17.676750242852773, "params": {"gamma": 834.7349689785189, "log10_alpha": -2.1872064880929862, "log10_colsample_bytree": -0.9517209976528417, "log10_eta": -3.7059302838732537, "log10_lambda": -2.8569277313032684, "log10_min_child_weight": 0.9377475303430016, "log10_subsample": -0.9774803953815057, "max_depth": 9.0, "num_boost_round": 61.0}, "datetime": {"datetime": "2024-01-19 01:00:10", "elapsed": 2895.02028, "delta": 0.004379}}
{"target": -17.67673941286431, "params": {"gamma": 834.7349689785189, "log10_alpha": -2.1872064880929862, "log10_colsample_bytree": -0.9517209976528417, "log10_eta": -3.7059302838732537, "log10_lambda": -2.8569277313032684, "log10_min_child_weight": 0.9377475303430016, "log10_subsample": -0.9774803953815057, "max_depth": 9.0, "num_boost_round": 62.0}, "datetime": {"datetime": "2024-01-19 01:00:10", "elapsed": 2895.024497, "delta": 0.004217}}
{"target": -17.676734905047084, "params": {"gamma": 834.7349689785189, "log10_alpha": -2.1872064880929862, "log10_colsample_bytree": -0.9517209976528417, "log10_eta": -3.7059302838732537, "log10_lambda": -2.8569277313032684, "log10_min_child_weight": 0.9377475303430016, "log10_subsample": -0.9774803953815057, "max_depth": 9.0, "num_boost_round": 63.0}, "datetime": {"datetime": "2024-01-19 01:00:10", "elapsed": 2895.028972, "delta": 0.004475}}
{"target": -17.676744854527158, "params": {"gamma": 834.7349689785189, "log10_alpha": -2.1872064880929862, "log10_colsample_bytree": -0.9517209976528417, "log10_eta": -3.7059302838732537, "log10_lambda": -2.8569277313032684, "log10_min_child_weight": 0.9377475303430016, "log10_subsample": -0.9774803953815057, "max_depth": 9.0, "num_boost_round": 64.0}, "datetime": {"datetime": "2024-01-19 01:00:10", "elapsed": 2895.033388, "delta": 0.004416}}
{"target": -17.67673858565721, "params": {"gamma": 834.7349689785189, "log10_alpha": -2.1872064880929862, "log10_colsample_bytree": -0.9517209976528417, "log10_eta": -3.7059302838732537, "log10_lambda": -2.8569277313032684, "log10_min_child_weight": 0.9377475303430016, "log10_subsample": -0.9774803953815057, "max_depth": 9.0, "num_boost_round": 65.0}, "datetime": {"datetime": "2024-01-19 01:00:10", "elapsed": 2895.037674, "delta": 0.004286}}
{"target": -17.676736789218594, "params": {"gamma": 834.7349689785189, "log10_alpha": -2.1872064880929862, "log10_colsample_bytree": -0.9517209976528417, "log10_eta": -3.7059302838732537, "log10_lambda": -2.8569277313032684, "log10_min_child_weight": 0.9377475303430016, "log10_subsample": -0.9774803953815057, "max_depth": 9.0, "num_boost_round": 66.0}, "datetime": {"datetime": "2024-01-19 01:00:10", "elapsed": 2895.041945, "delta": 0.004271}}
{"target": -17.676721406765537, "params": {"gamma": 834.7349689785189, "log10_alpha": -2.1872064880929862, "log10_colsample_bytree": -0.9517209976528417, "log10_eta": -3.7059302838732537, "log10_lambda": -2.8569277313032684, "log10_min_child_weight": 0.9377475303430016, "log10_subsample": -0.9774803953815057, "max_depth": 9.0, "num_boost_round": 67.0}, "datetime": {"datetime": "2024-01-19 01:00:10", "elapsed": 2895.046133, "delta": 0.004188}}
{"target": -17.676718442320123, "params": {"gamma": 834.7349689785189, "log10_alpha": -2.1872064880929862, "log10_colsample_bytree": -0.9517209976528417, "log10_eta": -3.7059302838732537, "log10_lambda": -2.8569277313032684, "log10_min_child_weight": 0.9377475303430016, "log10_subsample": -0.9774803953815057, "max_depth": 9.0, "num_boost_round": 68.0}, "datetime": {"datetime": "2024-01-19 01:00:10", "elapsed": 2895.050373, "delta": 0.00424}}
{"target": -17.6767065750072, "params": {"gamma": 834.7349689785189, "log10_alpha": -2.1872064880929862, "log10_colsample_bytree": -0.9517209976528417, "log10_eta": -3.7059302838732537, "log10_lambda": -2.8569277313032684, "log10_min_child_weight": 0.9377475303430016, "log10_subsample": -0.9774803953815057, "max_depth": 9.0, "num_boost_round": 69.0}, "datetime": {"datetime": "2024-01-19 01:00:10", "elapsed": 2895.055923, "delta": 0.00555}}
{"target": -17.6766989081733, "params": {"gamma": 834.7349689785189, "log10_alpha": -2.1872064880929862, "log10_colsample_bytree": -0.9517209976528417, "log10_eta": -3.7059302838732537, "log10_lambda": -2.8569277313032684, "log10_min_child_weight": 0.9377475303430016, "log10_subsample": -0.9774803953815057, "max_depth": 9.0, "num_boost_round": 70.0}, "datetime": {"datetime": "2024-01-19 01:00:10", "elapsed": 2895.060492, "delta": 0.004569}}
{"target": -17.676684079887, "params": {"gamma": 834.7349689785189, "log10_alpha": -2.1872064880929862, "log10_colsample_bytree": -0.9517209976528417, "log10_eta": -3.7059302838732537, "log10_lambda": -2.8569277313032684, "log10_min_child_weight": 0.9377475303430016, "log10_subsample": -0.9774803953815057, "max_depth": 9.0, "num_boost_round": 71.0}, "datetime": {"datetime": "2024-01-19 01:00:10", "elapsed": 2895.064838, "delta": 0.004346}}
{"target": -17.676689997047664, "params": {"gamma": 834.7349689785189, "log10_alpha": -2.1872064880929862, "log10_colsample_bytree": -0.9517209976528417, "log10_eta": -3.7059302838732537, "log10_lambda": -2.8569277313032684, "log10_min_child_weight": 0.9377475303430016, "log10_subsample": -0.9774803953815057, "max_depth": 9.0, "num_boost_round": 72.0}, "datetime": {"datetime": "2024-01-19 01:00:10", "elapsed": 2895.069251, "delta": 0.004413}}
{"target": -17.676694121159063, "params": {"gamma": 834.7349689785189, "log10_alpha": -2.1872064880929862, "log10_colsample_bytree": -0.9517209976528417, "log10_eta": -3.7059302838732537, "log10_lambda": -2.8569277313032684, "log10_min_child_weight": 0.9377475303430016, "log10_subsample": -0.9774803953815057, "max_depth": 9.0, "num_boost_round": 73.0}, "datetime": {"datetime": "2024-01-19 01:00:10", "elapsed": 2895.073596, "delta": 0.004345}}
{"target": -17.676688723183396, "params": {"gamma": 834.7349689785189, "log10_alpha": -2.1872064880929862, "log10_colsample_bytree": -0.9517209976528417, "log10_eta": -3.7059302838732537, "log10_lambda": -2.8569277313032684, "log10_min_child_weight": 0.9377475303430016, "log10_subsample": -0.9774803953815057, "max_depth": 9.0, "num_boost_round": 74.0}, "datetime": {"datetime": "2024-01-19 01:00:10", "elapsed": 2895.077792, "delta": 0.004196}}
{"target": -17.676697477356438, "params": {"gamma": 834.7349689785189, "log10_alpha": -2.1872064880929862, "log10_colsample_bytree": -0.9517209976528417, "log10_eta": -3.7059302838732537, "log10_lambda": -2.8569277313032684, "log10_min_child_weight": 0.9377475303430016, "log10_subsample": -0.9774803953815057, "max_depth": 9.0, "num_boost_round": 75.0}, "datetime": {"datetime": "2024-01-19 01:00:10", "elapsed": 2895.08201, "delta": 0.004218}}
{"target": -17.676677082598772, "params": {"gamma": 834.7349689785189, "log10_alpha": -2.1872064880929862, "log10_colsample_bytree": -0.9517209976528417, "log10_eta": -3.7059302838732537, "log10_lambda": -2.8569277313032684, "log10_min_child_weight": 0.9377475303430016, "log10_subsample": -0.9774803953815057, "max_depth": 9.0, "num_boost_round": 76.0}, "datetime": {"datetime": "2024-01-19 01:00:10", "elapsed": 2895.086159, "delta": 0.004149}}
{"target": -17.676658979069003, "params": {"gamma": 834.7349689785189, "log10_alpha": -2.1872064880929862, "log10_colsample_bytree": -0.9517209976528417, "log10_eta": -3.7059302838732537, "log10_lambda": -2.8569277313032684, "log10_min_child_weight": 0.9377475303430016, "log10_subsample": -0.9774803953815057, "max_depth": 9.0, "num_boost_round": 77.0}, "datetime": {"datetime": "2024-01-19 01:00:10", "elapsed": 2895.090572, "delta": 0.004413}}
{"target": -17.676669986611056, "params": {"gamma": 834.7349689785189, "log10_alpha": -2.1872064880929862, "log10_colsample_bytree": -0.9517209976528417, "log10_eta": -3.7059302838732537, "log10_lambda": -2.8569277313032684, "log10_min_child_weight": 0.9377475303430016, "log10_subsample": -0.9774803953815057, "max_depth": 9.0, "num_boost_round": 78.0}, "datetime": {"datetime": "2024-01-19 01:00:10", "elapsed": 2895.095003, "delta": 0.004431}}
{"target": -17.676649338555674, "params": {"gamma": 834.7349689785189, "log10_alpha": -2.1872064880929862, "log10_colsample_bytree": -0.9517209976528417, "log10_eta": -3.7059302838732537, "log10_lambda": -2.8569277313032684, "log10_min_child_weight": 0.9377475303430016, "log10_subsample": -0.9774803953815057, "max_depth": 9.0, "num_boost_round": 79.0}, "datetime": {"datetime": "2024-01-19 01:00:10", "elapsed": 2895.099382, "delta": 0.004379}}
{"target": -17.676650642410888, "params": {"gamma": 834.7349689785189, "log10_alpha": -2.1872064880929862, "log10_colsample_bytree": -0.9517209976528417, "log10_eta": -3.7059302838732537, "log10_lambda": -2.8569277313032684, "log10_min_child_weight": 0.9377475303430016, "log10_subsample": -0.9774803953815057, "max_depth": 9.0, "num_boost_round": 80.0}, "datetime": {"datetime": "2024-01-19 01:00:10", "elapsed": 2895.103682, "delta": 0.0043}}
{"target": -17.672380333847137, "params": {"gamma": 838.5914946935777, "log10_alpha": -4.524416989037059, "log10_colsample_bytree": -0.7508041890804882, "log10_eta": -0.3387457801831474, "log10_lambda": -1.2881331268001355, "log10_min_child_weight": 2.7332382568164966, "log10_subsample": -0.4307316809562416, "max_depth": 2.0, "num_boost_round": 0.0}, "datetime": {"datetime": "2024-01-19 01:00:54", "elapsed": 2938.671186, "delta": 43.567504}}
{"target": -17.66577785856936, "params": {"gamma": 838.5914946935777, "log10_alpha": -4.524416989037059, "log10_colsample_bytree": -0.7508041890804882, "log10_eta": -0.3387457801831474, "log10_lambda": -1.2881331268001355, "log10_min_child_weight": 2.7332382568164966, "log10_subsample": -0.4307316809562416, "max_depth": 2.0, "num_boost_round": 1.0}, "datetime": {"datetime": "2024-01-19 01:00:54", "elapsed": 2938.676214, "delta": 0.005028}}
{"target": -17.66713435958085, "params": {"gamma": 838.5914946935777, "log10_alpha": -4.524416989037059, "log10_colsample_bytree": -0.7508041890804882, "log10_eta": -0.3387457801831474, "log10_lambda": -1.2881331268001355, "log10_min_child_weight": 2.7332382568164966, "log10_subsample": -0.4307316809562416, "max_depth": 2.0, "num_boost_round": 2.0}, "datetime": {"datetime": "2024-01-19 01:00:54", "elapsed": 2938.680792, "delta": 0.004578}}
{"target": -17.675287873979755, "params": {"gamma": 838.5914946935777, "log10_alpha": -4.524416989037059, "log10_colsample_bytree": -0.7508041890804882, "log10_eta": -0.3387457801831474, "log10_lambda": -1.2881331268001355, "log10_min_child_weight": 2.7332382568164966, "log10_subsample": -0.4307316809562416, "max_depth": 2.0, "num_boost_round": 3.0}, "datetime": {"datetime": "2024-01-19 01:00:54", "elapsed": 2938.684909, "delta": 0.004117}}
{"target": -17.686221161033853, "params": {"gamma": 838.5914946935777, "log10_alpha": -4.524416989037059, "log10_colsample_bytree": -0.7508041890804882, "log10_eta": -0.3387457801831474, "log10_lambda": -1.2881331268001355, "log10_min_child_weight": 2.7332382568164966, "log10_subsample": -0.4307316809562416, "max_depth": 2.0, "num_boost_round": 4.0}, "datetime": {"datetime": "2024-01-19 01:00:54", "elapsed": 2938.689452, "delta": 0.004543}}
{"target": -17.694432981878432, "params": {"gamma": 838.5914946935777, "log10_alpha": -4.524416989037059, "log10_colsample_bytree": -0.7508041890804882, "log10_eta": -0.3387457801831474, "log10_lambda": -1.2881331268001355, "log10_min_child_weight": 2.7332382568164966, "log10_subsample": -0.4307316809562416, "max_depth": 2.0, "num_boost_round": 5.0}, "datetime": {"datetime": "2024-01-19 01:00:54", "elapsed": 2938.693947, "delta": 0.004495}}
{"target": -17.709058207995184, "params": {"gamma": 838.5914946935777, "log10_alpha": -4.524416989037059, "log10_colsample_bytree": -0.7508041890804882, "log10_eta": -0.3387457801831474, "log10_lambda": -1.2881331268001355, "log10_min_child_weight": 2.7332382568164966, "log10_subsample": -0.4307316809562416, "max_depth": 2.0, "num_boost_round": 6.0}, "datetime": {"datetime": "2024-01-19 01:00:54", "elapsed": 2938.6993, "delta": 0.005353}}
{"target": -17.74885656728593, "params": {"gamma": 838.5914946935777, "log10_alpha": -4.524416989037059, "log10_colsample_bytree": -0.7508041890804882, "log10_eta": -0.3387457801831474, "log10_lambda": -1.2881331268001355, "log10_min_child_weight": 2.7332382568164966, "log10_subsample": -0.4307316809562416, "max_depth": 2.0, "num_boost_round": 7.0}, "datetime": {"datetime": "2024-01-19 01:00:54", "elapsed": 2938.703991, "delta": 0.004691}}
{"target": -17.75018613071036, "params": {"gamma": 838.5914946935777, "log10_alpha": -4.524416989037059, "log10_colsample_bytree": -0.7508041890804882, "log10_eta": -0.3387457801831474, "log10_lambda": -1.2881331268001355, "log10_min_child_weight": 2.7332382568164966, "log10_subsample": -0.4307316809562416, "max_depth": 2.0, "num_boost_round": 8.0}, "datetime": {"datetime": "2024-01-19 01:00:54", "elapsed": 2938.708662, "delta": 0.004671}}
{"target": -17.74689414673795, "params": {"gamma": 838.5914946935777, "log10_alpha": -4.524416989037059, "log10_colsample_bytree": -0.7508041890804882, "log10_eta": -0.3387457801831474, "log10_lambda": -1.2881331268001355, "log10_min_child_weight": 2.7332382568164966, "log10_subsample": -0.4307316809562416, "max_depth": 2.0, "num_boost_round": 9.0}, "datetime": {"datetime": "2024-01-19 01:00:54", "elapsed": 2938.712924, "delta": 0.004262}}
{"target": -17.757065196660967, "params": {"gamma": 838.5914946935777, "log10_alpha": -4.524416989037059, "log10_colsample_bytree": -0.7508041890804882, "log10_eta": -0.3387457801831474, "log10_lambda": -1.2881331268001355, "log10_min_child_weight": 2.7332382568164966, "log10_subsample": -0.4307316809562416, "max_depth": 2.0, "num_boost_round": 10.0}, "datetime": {"datetime": "2024-01-19 01:00:54", "elapsed": 2938.717025, "delta": 0.004101}}
{"target": -17.757973345639037, "params": {"gamma": 838.5914946935777, "log10_alpha": -4.524416989037059, "log10_colsample_bytree": -0.7508041890804882, "log10_eta": -0.3387457801831474, "log10_lambda": -1.2881331268001355, "log10_min_child_weight": 2.7332382568164966, "log10_subsample": -0.4307316809562416, "max_depth": 2.0, "num_boost_round": 11.0}, "datetime": {"datetime": "2024-01-19 01:00:54", "elapsed": 2938.720961, "delta": 0.003936}}
{"target": -17.773619244990172, "params": {"gamma": 838.5914946935777, "log10_alpha": -4.524416989037059, "log10_colsample_bytree": -0.7508041890804882, "log10_eta": -0.3387457801831474, "log10_lambda": -1.2881331268001355, "log10_min_child_weight": 2.7332382568164966, "log10_subsample": -0.4307316809562416, "max_depth": 2.0, "num_boost_round": 12.0}, "datetime": {"datetime": "2024-01-19 01:00:54", "elapsed": 2938.725044, "delta": 0.004083}}
{"target": -17.777588339884062, "params": {"gamma": 838.5914946935777, "log10_alpha": -4.524416989037059, "log10_colsample_bytree": -0.7508041890804882, "log10_eta": -0.3387457801831474, "log10_lambda": -1.2881331268001355, "log10_min_child_weight": 2.7332382568164966, "log10_subsample": -0.4307316809562416, "max_depth": 2.0, "num_boost_round": 13.0}, "datetime": {"datetime": "2024-01-19 01:00:54", "elapsed": 2938.72923, "delta": 0.004186}}
{"target": -17.780407999977978, "params": {"gamma": 838.5914946935777, "log10_alpha": -4.524416989037059, "log10_colsample_bytree": -0.7508041890804882, "log10_eta": -0.3387457801831474, "log10_lambda": -1.2881331268001355, "log10_min_child_weight": 2.7332382568164966, "log10_subsample": -0.4307316809562416, "max_depth": 2.0, "num_boost_round": 14.0}, "datetime": {"datetime": "2024-01-19 01:00:54", "elapsed": 2938.733422, "delta": 0.004192}}
{"target": -17.78817512187449, "params": {"gamma": 838.5914946935777, "log10_alpha": -4.524416989037059, "log10_colsample_bytree": -0.7508041890804882, "log10_eta": -0.3387457801831474, "log10_lambda": -1.2881331268001355, "log10_min_child_weight": 2.7332382568164966, "log10_subsample": -0.4307316809562416, "max_depth": 2.0, "num_boost_round": 15.0}, "datetime": {"datetime": "2024-01-19 01:00:54", "elapsed": 2938.737536, "delta": 0.004114}}
{"target": -17.798385432904944, "params": {"gamma": 838.5914946935777, "log10_alpha": -4.524416989037059, "log10_colsample_bytree": -0.7508041890804882, "log10_eta": -0.3387457801831474, "log10_lambda": -1.2881331268001355, "log10_min_child_weight": 2.7332382568164966, "log10_subsample": -0.4307316809562416, "max_depth": 2.0, "num_boost_round": 16.0}, "datetime": {"datetime": "2024-01-19 01:00:54", "elapsed": 2938.741646, "delta": 0.00411}}
{"target": -17.796353496719586, "params": {"gamma": 838.5914946935777, "log10_alpha": -4.524416989037059, "log10_colsample_bytree": -0.7508041890804882, "log10_eta": -0.3387457801831474, "log10_lambda": -1.2881331268001355, "log10_min_child_weight": 2.7332382568164966, "log10_subsample": -0.4307316809562416, "max_depth": 2.0, "num_boost_round": 17.0}, "datetime": {"datetime": "2024-01-19 01:00:54", "elapsed": 2938.745809, "delta": 0.004163}}
{"target": -17.804430818844, "params": {"gamma": 838.5914946935777, "log10_alpha": -4.524416989037059, "log10_colsample_bytree": -0.7508041890804882, "log10_eta": -0.3387457801831474, "log10_lambda": -1.2881331268001355, "log10_min_child_weight": 2.7332382568164966, "log10_subsample": -0.4307316809562416, "max_depth": 2.0, "num_boost_round": 18.0}, "datetime": {"datetime": "2024-01-19 01:00:54", "elapsed": 2938.749876, "delta": 0.004067}}
