{"target": -13.758494923112398, "params": {"gamma": 80.38558489189352, "log10_alpha": -2.4543180489684806, "log10_colsample_bytree": -0.7317132602698186, "log10_eta": -2.3646786897338097, "log10_lambda": 0.6371178735275489, "log10_min_child_weight": 4.942472016032389, "log10_subsample": -0.7677769238185036, "max_depth": 4.0, "num_boost_round": 8.0}, "datetime": {"datetime": "2024-01-19 02:18:20", "elapsed": 7620.942887, "delta": 0.005417}}
{"target": -13.758487160430349, "params": {"gamma": 80.38558489189352, "log10_alpha": -2.4543180489684806, "log10_colsample_bytree": -0.7317132602698186, "log10_eta": -2.3646786897338097, "log10_lambda": 0.6371178735275489, "log10_min_child_weight": 4.942472016032389, "log10_subsample": -0.7677769238185036, "max_depth": 4.0, "num_boost_round": 9.0}, "datetime": {"datetime": "2024-01-19 02:18:20", "elapsed": 7620.948222, "delta": 0.005335}}
{"target": -13.758482420799737, "params": {"gamma": 80.38558489189352, "log10_alpha": -2.4543180489684806, "log10_colsample_bytree": -0.7317132602698186, "log10_eta": -2.3646786897338097, "log10_lambda": 0.6371178735275489, "log10_min_child_weight": 4.942472016032389, "log10_subsample": -0.7677769238185036, "max_depth": 4.0, "num_boost_round": 10.0}, "datetime": {"datetime": "2024-01-19 02:18:20", "elapsed": 7620.953788, "delta": 0.005566}}
{"target": -13.758475066158196, "params": {"gamma": 80.38558489189352, "log10_alpha": -2.4543180489684806, "log10_colsample_bytree": -0.7317132602698186, "log10_eta": -2.3646786897338097, "log10_lambda": 0.6371178735275489, "log10_min_child_weight": 4.942472016032389, "log10_subsample": -0.7677769238185036, "max_depth": 4.0, "num_boost_round": 11.0}, "datetime": {"datetime": "2024-01-19 02:18:20", "elapsed": 7620.959525, "delta": 0.005737}}
{"target": -13.758480010906238, "params": {"gamma": 80.38558489189352, "log10_alpha": -2.4543180489684806, "log10_colsample_bytree": -0.7317132602698186, "log10_eta": -2.3646786897338097, "log10_lambda": 0.6371178735275489, "log10_min_child_weight": 4.942472016032389, "log10_subsample": -0.7677769238185036, "max_depth": 4.0, "num_boost_round": 12.0}, "datetime": {"datetime": "2024-01-19 02:18:20", "elapsed": 7620.965169, "delta": 0.005644}}
{"target": -13.758480889160628, "params": {"gamma": 80.38558489189352, "log10_alpha": -2.4543180489684806, "log10_colsample_bytree": -0.7317132602698186, "log10_eta": -2.3646786897338097, "log10_lambda": 0.6371178735275489, "log10_min_child_weight": 4.942472016032389, "log10_subsample": -0.7677769238185036, "max_depth": 4.0, "num_boost_round": 13.0}, "datetime": {"datetime": "2024-01-19 02:18:20", "elapsed": 7620.97111, "delta": 0.005941}}
{"target": -13.758480261572016, "params": {"gamma": 80.38558489189352, "log10_alpha": -2.4543180489684806, "log10_colsample_bytree": -0.7317132602698186, "log10_eta": -2.3646786897338097, "log10_lambda": 0.6371178735275489, "log10_min_child_weight": 4.942472016032389, "log10_subsample": -0.7677769238185036, "max_depth": 4.0, "num_boost_round": 14.0}, "datetime": {"datetime": "2024-01-19 02:18:20", "elapsed": 7620.976623, "delta": 0.005513}}
{"target": -13.7584584844883, "params": {"gamma": 80.38558489189352, "log10_alpha": -2.4543180489684806, "log10_colsample_bytree": -0.7317132602698186, "log10_eta": -2.3646786897338097, "log10_lambda": 0.6371178735275489, "log10_min_child_weight": 4.942472016032389, "log10_subsample": -0.7677769238185036, "max_depth": 4.0, "num_boost_round": 15.0}, "datetime": {"datetime": "2024-01-19 02:18:20", "elapsed": 7620.981981, "delta": 0.005358}}
{"target": -13.758453469073206, "params": {"gamma": 80.38558489189352, "log10_alpha": -2.4543180489684806, "log10_colsample_bytree": -0.7317132602698186, "log10_eta": -2.3646786897338097, "log10_lambda": 0.6371178735275489, "log10_min_child_weight": 4.942472016032389, "log10_subsample": -0.7677769238185036, "max_depth": 4.0, "num_boost_round": 16.0}, "datetime": {"datetime": "2024-01-19 02:18:20", "elapsed": 7620.987279, "delta": 0.005298}}
{"target": -13.758455126195253, "params": {"gamma": 80.38558489189352, "log10_alpha": -2.4543180489684806, "log10_colsample_bytree": -0.7317132602698186, "log10_eta": -2.3646786897338097, "log10_lambda": 0.6371178735275489, "log10_min_child_weight": 4.942472016032389, "log10_subsample": -0.7677769238185036, "max_depth": 4.0, "num_boost_round": 17.0}, "datetime": {"datetime": "2024-01-19 02:18:20", "elapsed": 7620.992696, "delta": 0.005417}}
{"target": -13.758459201345236, "params": {"gamma": 80.38558489189352, "log10_alpha": -2.4543180489684806, "log10_colsample_bytree": -0.7317132602698186, "log10_eta": -2.3646786897338097, "log10_lambda": 0.6371178735275489, "log10_min_child_weight": 4.942472016032389, "log10_subsample": -0.7677769238185036, "max_depth": 4.0, "num_boost_round": 18.0}, "datetime": {"datetime": "2024-01-19 02:18:20", "elapsed": 7620.998218, "delta": 0.005522}}
{"target": -13.758443839052822, "params": {"gamma": 80.38558489189352, "log10_alpha": -2.4543180489684806, "log10_colsample_bytree": -0.7317132602698186, "log10_eta": -2.3646786897338097, "log10_lambda": 0.6371178735275489, "log10_min_child_weight": 4.942472016032389, "log10_subsample": -0.7677769238185036, "max_depth": 4.0, "num_boost_round": 19.0}, "datetime": {"datetime": "2024-01-19 02:18:21", "elapsed": 7621.003688, "delta": 0.00547}}
{"target": -13.758444968136013, "params": {"gamma": 80.38558489189352, "log10_alpha": -2.4543180489684806, "log10_colsample_bytree": -0.7317132602698186, "log10_eta": -2.3646786897338097, "log10_lambda": 0.6371178735275489, "log10_min_child_weight": 4.942472016032389, "log10_subsample": -0.7677769238185036, "max_depth": 4.0, "num_boost_round": 20.0}, "datetime": {"datetime": "2024-01-19 02:18:21", "elapsed": 7621.008983, "delta": 0.005295}}
{"target": -13.758447750927088, "params": {"gamma": 80.38558489189352, "log10_alpha": -2.4543180489684806, "log10_colsample_bytree": -0.7317132602698186, "log10_eta": -2.3646786897338097, "log10_lambda": 0.6371178735275489, "log10_min_child_weight": 4.942472016032389, "log10_subsample": -0.7677769238185036, "max_depth": 4.0, "num_boost_round": 21.0}, "datetime": {"datetime": "2024-01-19 02:18:21", "elapsed": 7621.014471, "delta": 0.005488}}
{"target": -13.758446204424597, "params": {"gamma": 80.38558489189352, "log10_alpha": -2.4543180489684806, "log10_colsample_bytree": -0.7317132602698186, "log10_eta": -2.3646786897338097, "log10_lambda": 0.6371178735275489, "log10_min_child_weight": 4.942472016032389, "log10_subsample": -0.7677769238185036, "max_depth": 4.0, "num_boost_round": 22.0}, "datetime": {"datetime": "2024-01-19 02:18:21", "elapsed": 7621.02008, "delta": 0.005609}}
{"target": -13.758435258376831, "params": {"gamma": 80.38558489189352, "log10_alpha": -2.4543180489684806, "log10_colsample_bytree": -0.7317132602698186, "log10_eta": -2.3646786897338097, "log10_lambda": 0.6371178735275489, "log10_min_child_weight": 4.942472016032389, "log10_subsample": -0.7677769238185036, "max_depth": 4.0, "num_boost_round": 23.0}, "datetime": {"datetime": "2024-01-19 02:18:21", "elapsed": 7621.025847, "delta": 0.005767}}
{"target": -13.75843437430522, "params": {"gamma": 80.38558489189352, "log10_alpha": -2.4543180489684806, "log10_colsample_bytree": -0.7317132602698186, "log10_eta": -2.3646786897338097, "log10_lambda": 0.6371178735275489, "log10_min_child_weight": 4.942472016032389, "log10_subsample": -0.7677769238185036, "max_depth": 4.0, "num_boost_round": 24.0}, "datetime": {"datetime": "2024-01-19 02:18:21", "elapsed": 7621.031488, "delta": 0.005641}}
{"target": -13.758437965246491, "params": {"gamma": 80.38558489189352, "log10_alpha": -2.4543180489684806, "log10_colsample_bytree": -0.7317132602698186, "log10_eta": -2.3646786897338097, "log10_lambda": 0.6371178735275489, "log10_min_child_weight": 4.942472016032389, "log10_subsample": -0.7677769238185036, "max_depth": 4.0, "num_boost_round": 25.0}, "datetime": {"datetime": "2024-01-19 02:18:21", "elapsed": 7621.037276, "delta": 0.005788}}
{"target": -13.758425005076383, "params": {"gamma": 80.38558489189352, "log10_alpha": -2.4543180489684806, "log10_colsample_bytree": -0.7317132602698186, "log10_eta": -2.3646786897338097, "log10_lambda": 0.6371178735275489, "log10_min_child_weight": 4.942472016032389, "log10_subsample": -0.7677769238185036, "max_depth": 4.0, "num_boost_round": 26.0}, "datetime": {"datetime": "2024-01-19 02:18:21", "elapsed": 7621.042671, "delta": 0.005395}}
{"target": -13.758427760926402, "params": {"gamma": 80.38558489189352, "log10_alpha": -2.4543180489684806, "log10_colsample_bytree": -0.7317132602698186, "log10_eta": -2.3646786897338097, "log10_lambda": 0.6371178735275489, "log10_min_child_weight": 4.942472016032389, "log10_subsample": -0.7677769238185036, "max_depth": 4.0, "num_boost_round": 27.0}, "datetime": {"datetime": "2024-01-19 02:18:21", "elapsed": 7621.047968, "delta": 0.005297}}
{"target": -13.758528688576511, "params": {"gamma": 80.543539886046, "log10_alpha": -4.341908774263987, "log10_colsample_bytree": -0.8374599472558362, "log10_eta": -3.5766932659149027, "log10_lambda": -2.0164121625702807, "log10_min_child_weight": 3.2754083598053563, "log10_subsample": -0.46384633675496345, "max_depth": 8.0, "num_boost_round": 0.0}, "datetime": {"datetime": "2024-01-19 02:20:02", "elapsed": 7722.213611, "delta": 101.165643}}
{"target": -13.758531980064918, "params": {"gamma": 80.543539886046, "log10_alpha": -4.341908774263987, "log10_colsample_bytree": -0.8374599472558362, "log10_eta": -3.5766932659149027, "log10_lambda": -2.0164121625702807, "log10_min_child_weight": 3.2754083598053563, "log10_subsample": -0.46384633675496345, "max_depth": 8.0, "num_boost_round": 1.0}, "datetime": {"datetime": "2024-01-19 02:20:02", "elapsed": 7722.220083, "delta": 0.006472}}
{"target": -13.758529381971016, "params": {"gamma": 80.543539886046, "log10_alpha": -4.341908774263987, "log10_colsample_bytree": -0.8374599472558362, "log10_eta": -3.5766932659149027, "log10_lambda": -2.0164121625702807, "log10_min_child_weight": 3.2754083598053563, "log10_subsample": -0.46384633675496345, "max_depth": 8.0, "num_boost_round": 2.0}, "datetime": {"datetime": "2024-01-19 02:20:02", "elapsed": 7722.225372, "delta": 0.005289}}
{"target": -13.7585295807618, "params": {"gamma": 80.543539886046, "log10_alpha": -4.341908774263987, "log10_colsample_bytree": -0.8374599472558362, "log10_eta": -3.5766932659149027, "log10_lambda": -2.0164121625702807, "log10_min_child_weight": 3.2754083598053563, "log10_subsample": -0.46384633675496345, "max_depth": 8.0, "num_boost_round": 3.0}, "datetime": {"datetime": "2024-01-19 02:20:02", "elapsed": 7722.230663, "delta": 0.005291}}
{"target": -13.758521233797103, "params": {"gamma": 80.543539886046, "log10_alpha": -4.341908774263987, "log10_colsample_bytree": -0.8374599472558362, "log10_eta": -3.5766932659149027, "log10_lambda": -2.0164121625702807, "log10_min_child_weight": 3.2754083598053563, "log10_subsample": -0.46384633675496345, "max_depth": 8.0, "num_boost_round": 4.0}, "datetime": {"datetime": "2024-01-19 02:20:02", "elapsed": 7722.236191, "delta": 0.005528}}
{"target": -13.758518097253559, "params": {"gamma": 80.543539886046, "log10_alpha": -4.341908774263987, "log10_colsample_bytree": -0.8374599472558362, "log10_eta": -3.5766932659149027, "log10_lambda": -2.0164121625702807, "log10_min_child_weight": 3.2754083598053563, "log10_subsample": -0.46384633675496345, "max_depth": 8.0, "num_boost_round": 5.0}, "datetime": {"datetime": "2024-01-19 02:20:02", "elapsed": 7722.241867, "delta": 0.005676}}
{"target": -13.7585205643288, "params": {"gamma": 80.543539886046, "log10_alpha": -4.341908774263987, "log10_colsample_bytree": -0.8374599472558362, "log10_eta": -3.5766932659149027, "log10_lambda": -2.0164121625702807, "log10_min_child_weight": 3.2754083598053563, "log10_subsample": -0.46384633675496345, "max_depth": 8.0, "num_boost_round": 6.0}, "datetime": {"datetime": "2024-01-19 02:20:02", "elapsed": 7722.24736, "delta": 0.005493}}
{"target": -13.758512265717131, "params": {"gamma": 80.543539886046, "log10_alpha": -4.341908774263987, "log10_colsample_bytree": -0.8374599472558362, "log10_eta": -3.5766932659149027, "log10_lambda": -2.0164121625702807, "log10_min_child_weight": 3.2754083598053563, "log10_subsample": -0.46384633675496345, "max_depth": 8.0, "num_boost_round": 7.0}, "datetime": {"datetime": "2024-01-19 02:20:02", "elapsed": 7722.253105, "delta": 0.005745}}
{"target": -13.758508765876222, "params": {"gamma": 80.543539886046, "log10_alpha": -4.341908774263987, "log10_colsample_bytree": -0.8374599472558362, "log10_eta": -3.5766932659149027, "log10_lambda": -2.0164121625702807, "log10_min_child_weight": 3.2754083598053563, "log10_subsample": -0.46384633675496345, "max_depth": 8.0, "num_boost_round": 8.0}, "datetime": {"datetime": "2024-01-19 02:20:02", "elapsed": 7722.258553, "delta": 0.005448}}
{"target": -13.758510074119693, "params": {"gamma": 80.543539886046, "log10_alpha": -4.341908774263987, "log10_colsample_bytree": -0.8374599472558362, "log10_eta": -3.5766932659149027, "log10_lambda": -2.0164121625702807, "log10_min_child_weight": 3.2754083598053563, "log10_subsample": -0.46384633675496345, "max_depth": 8.0, "num_boost_round": 9.0}, "datetime": {"datetime": "2024-01-19 02:20:02", "elapsed": 7722.263925, "delta": 0.005372}}
{"target": -13.758501800398555, "params": {"gamma": 80.543539886046, "log10_alpha": -4.341908774263987, "log10_colsample_bytree": -0.8374599472558362, "log10_eta": -3.5766932659149027, "log10_lambda": -2.0164121625702807, "log10_min_child_weight": 3.2754083598053563, "log10_subsample": -0.46384633675496345, "max_depth": 8.0, "num_boost_round": 10.0}, "datetime": {"datetime": "2024-01-19 02:20:02", "elapsed": 7722.269769, "delta": 0.005844}}
{"target": -13.758501610454502, "params": {"gamma": 80.543539886046, "log10_alpha": -4.341908774263987, "log10_colsample_bytree": -0.8374599472558362, "log10_eta": -3.5766932659149027, "log10_lambda": -2.0164121625702807, "log10_min_child_weight": 3.2754083598053563, "log10_subsample": -0.46384633675496345, "max_depth": 8.0, "num_boost_round": 11.0}, "datetime": {"datetime": "2024-01-19 02:20:02", "elapsed": 7722.275313, "delta": 0.005544}}
{"target": -13.75849831828929, "params": {"gamma": 80.543539886046, "log10_alpha": -4.341908774263987, "log10_colsample_bytree": -0.8374599472558362, "log10_eta": -3.5766932659149027, "log10_lambda": -2.0164121625702807, "log10_min_child_weight": 3.2754083598053563, "log10_subsample": -0.46384633675496345, "max_depth": 8.0, "num_boost_round": 12.0}, "datetime": {"datetime": "2024-01-19 02:20:02", "elapsed": 7722.280712, "delta": 0.005399}}
{"target": -13.758488141342582, "params": {"gamma": 80.543539886046, "log10_alpha": -4.341908774263987, "log10_colsample_bytree": -0.8374599472558362, "log10_eta": -3.5766932659149027, "log10_lambda": -2.0164121625702807, "log10_min_child_weight": 3.2754083598053563, "log10_subsample": -0.46384633675496345, "max_depth": 8.0, "num_boost_round": 13.0}, "datetime": {"datetime": "2024-01-19 02:20:02", "elapsed": 7722.286105, "delta": 0.005393}}
{"target": -13.758490188358065, "params": {"gamma": 80.543539886046, "log10_alpha": -4.341908774263987, "log10_colsample_bytree": -0.8374599472558362, "log10_eta": -3.5766932659149027, "log10_lambda": -2.0164121625702807, "log10_min_child_weight": 3.2754083598053563, "log10_subsample": -0.46384633675496345, "max_depth": 8.0, "num_boost_round": 14.0}, "datetime": {"datetime": "2024-01-19 02:20:02", "elapsed": 7722.291522, "delta": 0.005417}}
{"target": -13.7584825516885, "params": {"gamma": 80.543539886046, "log10_alpha": -4.341908774263987, "log10_colsample_bytree": -0.8374599472558362, "log10_eta": -3.5766932659149027, "log10_lambda": -2.0164121625702807, "log10_min_child_weight": 3.2754083598053563, "log10_subsample": -0.46384633675496345, "max_depth": 8.0, "num_boost_round": 15.0}, "datetime": {"datetime": "2024-01-19 02:20:02", "elapsed": 7722.296931, "delta": 0.005409}}
{"target": -13.758477248177648, "params": {"gamma": 80.543539886046, "log10_alpha": -4.341908774263987, "log10_colsample_bytree": -0.8374599472558362, "log10_eta": -3.5766932659149027, "log10_lambda": -2.0164121625702807, "log10_min_child_weight": 3.2754083598053563, "log10_subsample": -0.46384633675496345, "max_depth": 8.0, "num_boost_round": 16.0}, "datetime": {"datetime": "2024-01-19 02:20:02", "elapsed": 7722.30248, "delta": 0.005549}}
{"target": -13.758478049269403, "params": {"gamma": 80.543539886046, "log10_alpha": -4.341908774263987, "log10_colsample_bytree": -0.8374599472558362, "log10_eta": -3.5766932659149027, "log10_lambda": -2.0164121625702807, "log10_min_child_weight": 3.2754083598053563, "log10_subsample": -0.46384633675496345, "max_depth": 8.0, "num_boost_round": 17.0}, "datetime": {"datetime": "2024-01-19 02:20:02", "elapsed": 7722.307926, "delta": 0.005446}}
{"target": -13.758474364339772, "params": {"gamma": 80.543539886046, "log10_alpha": -4.341908774263987, "log10_colsample_bytree": -0.8374599472558362, "log10_eta": -3.5766932659149027, "log10_lambda": -2.0164121625702807, "log10_min_child_weight": 3.2754083598053563, "log10_subsample": -0.46384633675496345, "max_depth": 8.0, "num_boost_round": 18.0}, "datetime": {"datetime": "2024-01-19 02:20:02", "elapsed": 7722.313666, "delta": 0.00574}}
{"target": -13.75846525639517, "params": {"gamma": 80.543539886046, "log10_alpha": -4.341908774263987, "log10_colsample_bytree": -0.8374599472558362, "log10_eta": -3.5766932659149027, "log10_lambda": -2.0164121625702807, "log10_min_child_weight": 3.2754083598053563, "log10_subsample": -0.46384633675496345, "max_depth": 8.0, "num_boost_round": 19.0}, "datetime": {"datetime": "2024-01-19 02:20:02", "elapsed": 7722.319482, "delta": 0.005816}}
{"target": -13.758458596755137, "params": {"gamma": 80.543539886046, "log10_alpha": -4.341908774263987, "log10_colsample_bytree": -0.8374599472558362, "log10_eta": -3.5766932659149027, "log10_lambda": -2.0164121625702807, "log10_min_child_weight": 3.2754083598053563, "log10_subsample": -0.46384633675496345, "max_depth": 8.0, "num_boost_round": 20.0}, "datetime": {"datetime": "2024-01-19 02:20:02", "elapsed": 7722.325327, "delta": 0.005845}}
{"target": -13.758454841050206, "params": {"gamma": 80.543539886046, "log10_alpha": -4.341908774263987, "log10_colsample_bytree": -0.8374599472558362, "log10_eta": -3.5766932659149027, "log10_lambda": -2.0164121625702807, "log10_min_child_weight": 3.2754083598053563, "log10_subsample": -0.46384633675496345, "max_depth": 8.0, "num_boost_round": 21.0}, "datetime": {"datetime": "2024-01-19 02:20:02", "elapsed": 7722.331578, "delta": 0.006251}}
{"target": -13.75844801613722, "params": {"gamma": 80.543539886046, "log10_alpha": -4.341908774263987, "log10_colsample_bytree": -0.8374599472558362, "log10_eta": -3.5766932659149027, "log10_lambda": -2.0164121625702807, "log10_min_child_weight": 3.2754083598053563, "log10_subsample": -0.46384633675496345, "max_depth": 8.0, "num_boost_round": 22.0}, "datetime": {"datetime": "2024-01-19 02:20:02", "elapsed": 7722.337025, "delta": 0.005447}}
{"target": -13.75843858081104, "params": {"gamma": 80.543539886046, "log10_alpha": -4.341908774263987, "log10_colsample_bytree": -0.8374599472558362, "log10_eta": -3.5766932659149027, "log10_lambda": -2.0164121625702807, "log10_min_child_weight": 3.2754083598053563, "log10_subsample": -0.46384633675496345, "max_depth": 8.0, "num_boost_round": 23.0}, "datetime": {"datetime": "2024-01-19 02:20:02", "elapsed": 7722.342409, "delta": 0.005384}}
{"target": -13.758440752064534, "params": {"gamma": 80.543539886046, "log10_alpha": -4.341908774263987, "log10_colsample_bytree": -0.8374599472558362, "log10_eta": -3.5766932659149027, "log10_lambda": -2.0164121625702807, "log10_min_child_weight": 3.2754083598053563, "log10_subsample": -0.46384633675496345, "max_depth": 8.0, "num_boost_round": 24.0}, "datetime": {"datetime": "2024-01-19 02:20:02", "elapsed": 7722.347757, "delta": 0.005348}}
{"target": -13.758430506557424, "params": {"gamma": 80.543539886046, "log10_alpha": -4.341908774263987, "log10_colsample_bytree": -0.8374599472558362, "log10_eta": -3.5766932659149027, "log10_lambda": -2.0164121625702807, "log10_min_child_weight": 3.2754083598053563, "log10_subsample": -0.46384633675496345, "max_depth": 8.0, "num_boost_round": 25.0}, "datetime": {"datetime": "2024-01-19 02:20:02", "elapsed": 7722.353122, "delta": 0.005365}}
{"target": -13.758425602416583, "params": {"gamma": 80.543539886046, "log10_alpha": -4.341908774263987, "log10_colsample_bytree": -0.8374599472558362, "log10_eta": -3.5766932659149027, "log10_lambda": -2.0164121625702807, "log10_min_child_weight": 3.2754083598053563, "log10_subsample": -0.46384633675496345, "max_depth": 8.0, "num_boost_round": 26.0}, "datetime": {"datetime": "2024-01-19 02:20:02", "elapsed": 7722.358499, "delta": 0.005377}}
{"target": -13.758420952206624, "params": {"gamma": 80.543539886046, "log10_alpha": -4.341908774263987, "log10_colsample_bytree": -0.8374599472558362, "log10_eta": -3.5766932659149027, "log10_lambda": -2.0164121625702807, "log10_min_child_weight": 3.2754083598053563, "log10_subsample": -0.46384633675496345, "max_depth": 8.0, "num_boost_round": 27.0}, "datetime": {"datetime": "2024-01-19 02:20:02", "elapsed": 7722.476801, "delta": 0.118302}}
{"target": -13.758417002205567, "params": {"gamma": 80.543539886046, "log10_alpha": -4.341908774263987, "log10_colsample_bytree": -0.8374599472558362, "log10_eta": -3.5766932659149027, "log10_lambda": -2.0164121625702807, "log10_min_child_weight": 3.2754083598053563, "log10_subsample": -0.46384633675496345, "max_depth": 8.0, "num_boost_round": 28.0}, "datetime": {"datetime": "2024-01-19 02:20:02", "elapsed": 7722.483203, "delta": 0.006402}}
