{"target": -17.67715266951636, "params": {"gamma": 154.06963458359846, "log10_alpha": 0.6403916896214712, "log10_colsample_bytree": -0.6143458628336751, "log10_eta": -3.1478193396348964, "log10_lambda": -4.661336556062902, "log10_min_child_weight": 4.035612292121501, "log10_subsample": -0.3340408160801258, "max_depth": 5.0, "num_boost_round": 11.0}, "datetime": {"datetime": "2024-01-19 00:46:59", "elapsed": 2104.345497, "delta": 0.003327}}
{"target": -17.677149802258747, "params": {"gamma": 154.06963458359846, "log10_alpha": 0.6403916896214712, "log10_colsample_bytree": -0.6143458628336751, "log10_eta": -3.1478193396348964, "log10_lambda": -4.661336556062902, "log10_min_child_weight": 4.035612292121501, "log10_subsample": -0.3340408160801258, "max_depth": 5.0, "num_boost_round": 12.0}, "datetime": {"datetime": "2024-01-19 00:46:59", "elapsed": 2104.348923, "delta": 0.003426}}
{"target": -17.67715434569071, "params": {"gamma": 154.06963458359846, "log10_alpha": 0.6403916896214712, "log10_colsample_bytree": -0.6143458628336751, "log10_eta": -3.1478193396348964, "log10_lambda": -4.661336556062902, "log10_min_child_weight": 4.035612292121501, "log10_subsample": -0.3340408160801258, "max_depth": 5.0, "num_boost_round": 13.0}, "datetime": {"datetime": "2024-01-19 00:46:59", "elapsed": 2104.352243, "delta": 0.00332}}
{"target": -17.677153724017675, "params": {"gamma": 154.06963458359846, "log10_alpha": 0.6403916896214712, "log10_colsample_bytree": -0.6143458628336751, "log10_eta": -3.1478193396348964, "log10_lambda": -4.661336556062902, "log10_min_child_weight": 4.035612292121501, "log10_subsample": -0.3340408160801258, "max_depth": 5.0, "num_boost_round": 14.0}, "datetime": {"datetime": "2024-01-19 00:46:59", "elapsed": 2104.355623, "delta": 0.00338}}
{"target": -17.677137150681645, "params": {"gamma": 154.06963458359846, "log10_alpha": 0.6403916896214712, "log10_colsample_bytree": -0.6143458628336751, "log10_eta": -3.1478193396348964, "log10_lambda": -4.661336556062902, "log10_min_child_weight": 4.035612292121501, "log10_subsample": -0.3340408160801258, "max_depth": 5.0, "num_boost_round": 15.0}, "datetime": {"datetime": "2024-01-19 00:46:59", "elapsed": 2104.358911, "delta": 0.003288}}
{"target": -17.677128421850227, "params": {"gamma": 154.06963458359846, "log10_alpha": 0.6403916896214712, "log10_colsample_bytree": -0.6143458628336751, "log10_eta": -3.1478193396348964, "log10_lambda": -4.661336556062902, "log10_min_child_weight": 4.035612292121501, "log10_subsample": -0.3340408160801258, "max_depth": 5.0, "num_boost_round": 16.0}, "datetime": {"datetime": "2024-01-19 00:46:59", "elapsed": 2104.362305, "delta": 0.003394}}
{"target": -17.677133287300798, "params": {"gamma": 154.06963458359846, "log10_alpha": 0.6403916896214712, "log10_colsample_bytree": -0.6143458628336751, "log10_eta": -3.1478193396348964, "log10_lambda": -4.661336556062902, "log10_min_child_weight": 4.035612292121501, "log10_subsample": -0.3340408160801258, "max_depth": 5.0, "num_boost_round": 17.0}, "datetime": {"datetime": "2024-01-19 00:46:59", "elapsed": 2104.365698, "delta": 0.003393}}
{"target": -17.677137610589853, "params": {"gamma": 154.06963458359846, "log10_alpha": 0.6403916896214712, "log10_colsample_bytree": -0.6143458628336751, "log10_eta": -3.1478193396348964, "log10_lambda": -4.661336556062902, "log10_min_child_weight": 4.035612292121501, "log10_subsample": -0.3340408160801258, "max_depth": 5.0, "num_boost_round": 18.0}, "datetime": {"datetime": "2024-01-19 00:46:59", "elapsed": 2104.369055, "delta": 0.003357}}
{"target": -17.677111026683818, "params": {"gamma": 154.06963458359846, "log10_alpha": 0.6403916896214712, "log10_colsample_bytree": -0.6143458628336751, "log10_eta": -3.1478193396348964, "log10_lambda": -4.661336556062902, "log10_min_child_weight": 4.035612292121501, "log10_subsample": -0.3340408160801258, "max_depth": 5.0, "num_boost_round": 19.0}, "datetime": {"datetime": "2024-01-19 00:46:59", "elapsed": 2104.372463, "delta": 0.003408}}
{"target": -17.677101722791583, "params": {"gamma": 154.06963458359846, "log10_alpha": 0.6403916896214712, "log10_colsample_bytree": -0.6143458628336751, "log10_eta": -3.1478193396348964, "log10_lambda": -4.661336556062902, "log10_min_child_weight": 4.035612292121501, "log10_subsample": -0.3340408160801258, "max_depth": 5.0, "num_boost_round": 20.0}, "datetime": {"datetime": "2024-01-19 00:46:59", "elapsed": 2104.375812, "delta": 0.003349}}
{"target": -17.677098626535575, "params": {"gamma": 154.06963458359846, "log10_alpha": 0.6403916896214712, "log10_colsample_bytree": -0.6143458628336751, "log10_eta": -3.1478193396348964, "log10_lambda": -4.661336556062902, "log10_min_child_weight": 4.035612292121501, "log10_subsample": -0.3340408160801258, "max_depth": 5.0, "num_boost_round": 21.0}, "datetime": {"datetime": "2024-01-19 00:46:59", "elapsed": 2104.380271, "delta": 0.004459}}
{"target": -17.6770847013679, "params": {"gamma": 154.06963458359846, "log10_alpha": 0.6403916896214712, "log10_colsample_bytree": -0.6143458628336751, "log10_eta": -3.1478193396348964, "log10_lambda": -4.661336556062902, "log10_min_child_weight": 4.035612292121501, "log10_subsample": -0.3340408160801258, "max_depth": 5.0, "num_boost_round": 22.0}, "datetime": {"datetime": "2024-01-19 00:46:59", "elapsed": 2104.383756, "delta": 0.003485}}
{"target": -17.677073832638293, "params": {"gamma": 154.06963458359846, "log10_alpha": 0.6403916896214712, "log10_colsample_bytree": -0.6143458628336751, "log10_eta": -3.1478193396348964, "log10_lambda": -4.661336556062902, "log10_min_child_weight": 4.035612292121501, "log10_subsample": -0.3340408160801258, "max_depth": 5.0, "num_boost_round": 23.0}, "datetime": {"datetime": "2024-01-19 00:46:59", "elapsed": 2104.386962, "delta": 0.003206}}
{"target": -17.677067272131552, "params": {"gamma": 154.06963458359846, "log10_alpha": 0.6403916896214712, "log10_colsample_bytree": -0.6143458628336751, "log10_eta": -3.1478193396348964, "log10_lambda": -4.661336556062902, "log10_min_child_weight": 4.035612292121501, "log10_subsample": -0.3340408160801258, "max_depth": 5.0, "num_boost_round": 24.0}, "datetime": {"datetime": "2024-01-19 00:46:59", "elapsed": 2104.390081, "delta": 0.003119}}
{"target": -17.677065492517027, "params": {"gamma": 154.06963458359846, "log10_alpha": 0.6403916896214712, "log10_colsample_bytree": -0.6143458628336751, "log10_eta": -3.1478193396348964, "log10_lambda": -4.661336556062902, "log10_min_child_weight": 4.035612292121501, "log10_subsample": -0.3340408160801258, "max_depth": 5.0, "num_boost_round": 25.0}, "datetime": {"datetime": "2024-01-19 00:46:59", "elapsed": 2104.393213, "delta": 0.003132}}
{"target": -17.677068306580615, "params": {"gamma": 154.06963458359846, "log10_alpha": 0.6403916896214712, "log10_colsample_bytree": -0.6143458628336751, "log10_eta": -3.1478193396348964, "log10_lambda": -4.661336556062902, "log10_min_child_weight": 4.035612292121501, "log10_subsample": -0.3340408160801258, "max_depth": 5.0, "num_boost_round": 26.0}, "datetime": {"datetime": "2024-01-19 00:46:59", "elapsed": 2104.396447, "delta": 0.003234}}
{"target": -17.677061604942217, "params": {"gamma": 154.06963458359846, "log10_alpha": 0.6403916896214712, "log10_colsample_bytree": -0.6143458628336751, "log10_eta": -3.1478193396348964, "log10_lambda": -4.661336556062902, "log10_min_child_weight": 4.035612292121501, "log10_subsample": -0.3340408160801258, "max_depth": 5.0, "num_boost_round": 27.0}, "datetime": {"datetime": "2024-01-19 00:46:59", "elapsed": 2104.399875, "delta": 0.003428}}
{"target": -17.677046772987527, "params": {"gamma": 154.06963458359846, "log10_alpha": 0.6403916896214712, "log10_colsample_bytree": -0.6143458628336751, "log10_eta": -3.1478193396348964, "log10_lambda": -4.661336556062902, "log10_min_child_weight": 4.035612292121501, "log10_subsample": -0.3340408160801258, "max_depth": 5.0, "num_boost_round": 28.0}, "datetime": {"datetime": "2024-01-19 00:46:59", "elapsed": 2104.403165, "delta": 0.00329}}
{"target": -17.67703262312473, "params": {"gamma": 154.06963458359846, "log10_alpha": 0.6403916896214712, "log10_colsample_bytree": -0.6143458628336751, "log10_eta": -3.1478193396348964, "log10_lambda": -4.661336556062902, "log10_min_child_weight": 4.035612292121501, "log10_subsample": -0.3340408160801258, "max_depth": 5.0, "num_boost_round": 29.0}, "datetime": {"datetime": "2024-01-19 00:46:59", "elapsed": 2104.406612, "delta": 0.003447}}
{"target": -17.677028481134258, "params": {"gamma": 154.06963458359846, "log10_alpha": 0.6403916896214712, "log10_colsample_bytree": -0.6143458628336751, "log10_eta": -3.1478193396348964, "log10_lambda": -4.661336556062902, "log10_min_child_weight": 4.035612292121501, "log10_subsample": -0.3340408160801258, "max_depth": 5.0, "num_boost_round": 30.0}, "datetime": {"datetime": "2024-01-19 00:46:59", "elapsed": 2104.409917, "delta": 0.003305}}
{"target": -17.677024406616482, "params": {"gamma": 154.06963458359846, "log10_alpha": 0.6403916896214712, "log10_colsample_bytree": -0.6143458628336751, "log10_eta": -3.1478193396348964, "log10_lambda": -4.661336556062902, "log10_min_child_weight": 4.035612292121501, "log10_subsample": -0.3340408160801258, "max_depth": 5.0, "num_boost_round": 31.0}, "datetime": {"datetime": "2024-01-19 00:46:59", "elapsed": 2104.413322, "delta": 0.003405}}
{"target": -17.677036837072148, "params": {"gamma": 154.06963458359846, "log10_alpha": 0.6403916896214712, "log10_colsample_bytree": -0.6143458628336751, "log10_eta": -3.1478193396348964, "log10_lambda": -4.661336556062902, "log10_min_child_weight": 4.035612292121501, "log10_subsample": -0.3340408160801258, "max_depth": 5.0, "num_boost_round": 32.0}, "datetime": {"datetime": "2024-01-19 00:46:59", "elapsed": 2104.416602, "delta": 0.00328}}
{"target": -17.677033139844042, "params": {"gamma": 154.06963458359846, "log10_alpha": 0.6403916896214712, "log10_colsample_bytree": -0.6143458628336751, "log10_eta": -3.1478193396348964, "log10_lambda": -4.661336556062902, "log10_min_child_weight": 4.035612292121501, "log10_subsample": -0.3340408160801258, "max_depth": 5.0, "num_boost_round": 33.0}, "datetime": {"datetime": "2024-01-19 00:46:59", "elapsed": 2104.420042, "delta": 0.00344}}
{"target": -17.67702149644072, "params": {"gamma": 154.06963458359846, "log10_alpha": 0.6403916896214712, "log10_colsample_bytree": -0.6143458628336751, "log10_eta": -3.1478193396348964, "log10_lambda": -4.661336556062902, "log10_min_child_weight": 4.035612292121501, "log10_subsample": -0.3340408160801258, "max_depth": 5.0, "num_boost_round": 34.0}, "datetime": {"datetime": "2024-01-19 00:46:59", "elapsed": 2104.423334, "delta": 0.003292}}
{"target": -17.67702422834926, "params": {"gamma": 154.06963458359846, "log10_alpha": 0.6403916896214712, "log10_colsample_bytree": -0.6143458628336751, "log10_eta": -3.1478193396348964, "log10_lambda": -4.661336556062902, "log10_min_child_weight": 4.035612292121501, "log10_subsample": -0.3340408160801258, "max_depth": 5.0, "num_boost_round": 35.0}, "datetime": {"datetime": "2024-01-19 00:46:59", "elapsed": 2104.426742, "delta": 0.003408}}
{"target": -17.677231586679635, "params": {"gamma": 167.4692042922682, "log10_alpha": -4.311574285230268, "log10_colsample_bytree": -0.2497210235795142, "log10_eta": -3.768435337633581, "log10_lambda": -0.30386875876059793, "log10_min_child_weight": 4.150578140975677, "log10_subsample": -0.6855385376386087, "max_depth": 3.0, "num_boost_round": 0.0}, "datetime": {"datetime": "2024-01-19 00:47:49", "elapsed": 2154.260197, "delta": 49.833455}}
{"target": -17.67723131192414, "params": {"gamma": 167.4692042922682, "log10_alpha": -4.311574285230268, "log10_colsample_bytree": -0.2497210235795142, "log10_eta": -3.768435337633581, "log10_lambda": -0.30386875876059793, "log10_min_child_weight": 4.150578140975677, "log10_subsample": -0.6855385376386087, "max_depth": 3.0, "num_boost_round": 1.0}, "datetime": {"datetime": "2024-01-19 00:47:49", "elapsed": 2154.264495, "delta": 0.004298}}
{"target": -17.677232196424146, "params": {"gamma": 167.4692042922682, "log10_alpha": -4.311574285230268, "log10_colsample_bytree": -0.2497210235795142, "log10_eta": -3.768435337633581, "log10_lambda": -0.30386875876059793, "log10_min_child_weight": 4.150578140975677, "log10_subsample": -0.6855385376386087, "max_depth": 3.0, "num_boost_round": 2.0}, "datetime": {"datetime": "2024-01-19 00:47:49", "elapsed": 2154.267859, "delta": 0.003364}}
{"target": -17.677232715754982, "params": {"gamma": 167.4692042922682, "log10_alpha": -4.311574285230268, "log10_colsample_bytree": -0.2497210235795142, "log10_eta": -3.768435337633581, "log10_lambda": -0.30386875876059793, "log10_min_child_weight": 4.150578140975677, "log10_subsample": -0.6855385376386087, "max_depth": 3.0, "num_boost_round": 3.0}, "datetime": {"datetime": "2024-01-19 00:47:49", "elapsed": 2154.270979, "delta": 0.00312}}
{"target": -17.677231137335113, "params": {"gamma": 167.4692042922682, "log10_alpha": -4.311574285230268, "log10_colsample_bytree": -0.2497210235795142, "log10_eta": -3.768435337633581, "log10_lambda": -0.30386875876059793, "log10_min_child_weight": 4.150578140975677, "log10_subsample": -0.6855385376386087, "max_depth": 3.0, "num_boost_round": 4.0}, "datetime": {"datetime": "2024-01-19 00:47:49", "elapsed": 2154.274041, "delta": 0.003062}}
{"target": -17.6772302541916, "params": {"gamma": 167.4692042922682, "log10_alpha": -4.311574285230268, "log10_colsample_bytree": -0.2497210235795142, "log10_eta": -3.768435337633581, "log10_lambda": -0.30386875876059793, "log10_min_child_weight": 4.150578140975677, "log10_subsample": -0.6855385376386087, "max_depth": 3.0, "num_boost_round": 5.0}, "datetime": {"datetime": "2024-01-19 00:47:49", "elapsed": 2154.277043, "delta": 0.003002}}
{"target": -17.677231237134965, "params": {"gamma": 167.4692042922682, "log10_alpha": -4.311574285230268, "log10_colsample_bytree": -0.2497210235795142, "log10_eta": -3.768435337633581, "log10_lambda": -0.30386875876059793, "log10_min_child_weight": 4.150578140975677, "log10_subsample": -0.6855385376386087, "max_depth": 3.0, "num_boost_round": 6.0}, "datetime": {"datetime": "2024-01-19 00:47:49", "elapsed": 2154.280183, "delta": 0.00314}}
{"target": -17.677230973887006, "params": {"gamma": 167.4692042922682, "log10_alpha": -4.311574285230268, "log10_colsample_bytree": -0.2497210235795142, "log10_eta": -3.768435337633581, "log10_lambda": -0.30386875876059793, "log10_min_child_weight": 4.150578140975677, "log10_subsample": -0.6855385376386087, "max_depth": 3.0, "num_boost_round": 7.0}, "datetime": {"datetime": "2024-01-19 00:47:49", "elapsed": 2154.283236, "delta": 0.003053}}
{"target": -17.677230295097687, "params": {"gamma": 167.4692042922682, "log10_alpha": -4.311574285230268, "log10_colsample_bytree": -0.2497210235795142, "log10_eta": -3.768435337633581, "log10_lambda": -0.30386875876059793, "log10_min_child_weight": 4.150578140975677, "log10_subsample": -0.6855385376386087, "max_depth": 3.0, "num_boost_round": 8.0}, "datetime": {"datetime": "2024-01-19 00:47:49", "elapsed": 2154.286279, "delta": 0.003043}}
{"target": -17.677227656134693, "params": {"gamma": 167.4692042922682, "log10_alpha": -4.311574285230268, "log10_colsample_bytree": -0.2497210235795142, "log10_eta": -3.768435337633581, "log10_lambda": -0.30386875876059793, "log10_min_child_weight": 4.150578140975677, "log10_subsample": -0.6855385376386087, "max_depth": 3.0, "num_boost_round": 9.0}, "datetime": {"datetime": "2024-01-19 00:47:49", "elapsed": 2154.289471, "delta": 0.003192}}
{"target": -17.67722535871534, "params": {"gamma": 167.4692042922682, "log10_alpha": -4.311574285230268, "log10_colsample_bytree": -0.2497210235795142, "log10_eta": -3.768435337633581, "log10_lambda": -0.30386875876059793, "log10_min_child_weight": 4.150578140975677, "log10_subsample": -0.6855385376386087, "max_depth": 3.0, "num_boost_round": 10.0}, "datetime": {"datetime": "2024-01-19 00:47:49", "elapsed": 2154.292651, "delta": 0.00318}}
{"target": -17.677222811649724, "params": {"gamma": 167.4692042922682, "log10_alpha": -4.311574285230268, "log10_colsample_bytree": -0.2497210235795142, "log10_eta": -3.768435337633581, "log10_lambda": -0.30386875876059793, "log10_min_child_weight": 4.150578140975677, "log10_subsample": -0.6855385376386087, "max_depth": 3.0, "num_boost_round": 11.0}, "datetime": {"datetime": "2024-01-19 00:47:49", "elapsed": 2154.295704, "delta": 0.003053}}
{"target": -17.67722195901934, "params": {"gamma": 167.4692042922682, "log10_alpha": -4.311574285230268, "log10_colsample_bytree": -0.2497210235795142, "log10_eta": -3.768435337633581, "log10_lambda": -0.30386875876059793, "log10_min_child_weight": 4.150578140975677, "log10_subsample": -0.6855385376386087, "max_depth": 3.0, "num_boost_round": 12.0}, "datetime": {"datetime": "2024-01-19 00:47:49", "elapsed": 2154.298791, "delta": 0.003087}}
{"target": -17.67722322568479, "params": {"gamma": 167.4692042922682, "log10_alpha": -4.311574285230268, "log10_colsample_bytree": -0.2497210235795142, "log10_eta": -3.768435337633581, "log10_lambda": -0.30386875876059793, "log10_min_child_weight": 4.150578140975677, "log10_subsample": -0.6855385376386087, "max_depth": 3.0, "num_boost_round": 13.0}, "datetime": {"datetime": "2024-01-19 00:47:49", "elapsed": 2154.301752, "delta": 0.002961}}
{"target": -17.67722485221876, "params": {"gamma": 167.4692042922682, "log10_alpha": -4.311574285230268, "log10_colsample_bytree": -0.2497210235795142, "log10_eta": -3.768435337633581, "log10_lambda": -0.30386875876059793, "log10_min_child_weight": 4.150578140975677, "log10_subsample": -0.6855385376386087, "max_depth": 3.0, "num_boost_round": 14.0}, "datetime": {"datetime": "2024-01-19 00:47:49", "elapsed": 2154.304804, "delta": 0.003052}}
{"target": -17.677223111200455, "params": {"gamma": 167.4692042922682, "log10_alpha": -4.311574285230268, "log10_colsample_bytree": -0.2497210235795142, "log10_eta": -3.768435337633581, "log10_lambda": -0.30386875876059793, "log10_min_child_weight": 4.150578140975677, "log10_subsample": -0.6855385376386087, "max_depth": 3.0, "num_boost_round": 15.0}, "datetime": {"datetime": "2024-01-19 00:47:49", "elapsed": 2154.307897, "delta": 0.003093}}
{"target": -17.67722302861485, "params": {"gamma": 167.4692042922682, "log10_alpha": -4.311574285230268, "log10_colsample_bytree": -0.2497210235795142, "log10_eta": -3.768435337633581, "log10_lambda": -0.30386875876059793, "log10_min_child_weight": 4.150578140975677, "log10_subsample": -0.6855385376386087, "max_depth": 3.0, "num_boost_round": 16.0}, "datetime": {"datetime": "2024-01-19 00:47:49", "elapsed": 2154.310785, "delta": 0.002888}}
{"target": -17.677222526560794, "params": {"gamma": 167.4692042922682, "log10_alpha": -4.311574285230268, "log10_colsample_bytree": -0.2497210235795142, "log10_eta": -3.768435337633581, "log10_lambda": -0.30386875876059793, "log10_min_child_weight": 4.150578140975677, "log10_subsample": -0.6855385376386087, "max_depth": 3.0, "num_boost_round": 17.0}, "datetime": {"datetime": "2024-01-19 00:47:49", "elapsed": 2154.313669, "delta": 0.002884}}
{"target": -17.677221380204777, "params": {"gamma": 167.4692042922682, "log10_alpha": -4.311574285230268, "log10_colsample_bytree": -0.2497210235795142, "log10_eta": -3.768435337633581, "log10_lambda": -0.30386875876059793, "log10_min_child_weight": 4.150578140975677, "log10_subsample": -0.6855385376386087, "max_depth": 3.0, "num_boost_round": 18.0}, "datetime": {"datetime": "2024-01-19 00:47:49", "elapsed": 2154.316543, "delta": 0.002874}}
{"target": -17.677219154097102, "params": {"gamma": 167.4692042922682, "log10_alpha": -4.311574285230268, "log10_colsample_bytree": -0.2497210235795142, "log10_eta": -3.768435337633581, "log10_lambda": -0.30386875876059793, "log10_min_child_weight": 4.150578140975677, "log10_subsample": -0.6855385376386087, "max_depth": 3.0, "num_boost_round": 19.0}, "datetime": {"datetime": "2024-01-19 00:47:49", "elapsed": 2154.319445, "delta": 0.002902}}
{"target": -17.67721844837847, "params": {"gamma": 167.4692042922682, "log10_alpha": -4.311574285230268, "log10_colsample_bytree": -0.2497210235795142, "log10_eta": -3.768435337633581, "log10_lambda": -0.30386875876059793, "log10_min_child_weight": 4.150578140975677, "log10_subsample": -0.6855385376386087, "max_depth": 3.0, "num_boost_round": 20.0}, "datetime": {"datetime": "2024-01-19 00:47:49", "elapsed": 2154.322377, "delta": 0.002932}}
{"target": -17.67721727767436, "params": {"gamma": 167.4692042922682, "log10_alpha": -4.311574285230268, "log10_colsample_bytree": -0.2497210235795142, "log10_eta": -3.768435337633581, "log10_lambda": -0.30386875876059793, "log10_min_child_weight": 4.150578140975677, "log10_subsample": -0.6855385376386087, "max_depth": 3.0, "num_boost_round": 21.0}, "datetime": {"datetime": "2024-01-19 00:47:49", "elapsed": 2154.325283, "delta": 0.002906}}
{"target": -17.677215721289652, "params": {"gamma": 167.4692042922682, "log10_alpha": -4.311574285230268, "log10_colsample_bytree": -0.2497210235795142, "log10_eta": -3.768435337633581, "log10_lambda": -0.30386875876059793, "log10_min_child_weight": 4.150578140975677, "log10_subsample": -0.6855385376386087, "max_depth": 3.0, "num_boost_round": 22.0}, "datetime": {"datetime": "2024-01-19 00:47:49", "elapsed": 2154.328202, "delta": 0.002919}}
{"target": -17.677213620033577, "params": {"gamma": 167.4692042922682, "log10_alpha": -4.311574285230268, "log10_colsample_bytree": -0.2497210235795142, "log10_eta": -3.768435337633581, "log10_lambda": -0.30386875876059793, "log10_min_child_weight": 4.150578140975677, "log10_subsample": -0.6855385376386087, "max_depth": 3.0, "num_boost_round": 23.0}, "datetime": {"datetime": "2024-01-19 00:47:49", "elapsed": 2154.331103, "delta": 0.002901}}
