{"target": -17.67367699916224, "params": {"gamma": 399.1665016631861, "log10_alpha": -4.640250368135301, "log10_colsample_bytree": -0.8837678063359007, "log10_eta": -2.169745131640056, "log10_lambda": -1.9910920202769047, "log10_min_child_weight": 1.3981794150367, "log10_subsample": -0.6522423823713888, "max_depth": 9.0, "num_boost_round": 18.0}, "datetime": {"datetime": "2024-01-19 01:24:07", "elapsed": 4337.062835, "delta": 0.005351}}
{"target": -17.673200829019855, "params": {"gamma": 399.1665016631861, "log10_alpha": -4.640250368135301, "log10_colsample_bytree": -0.8837678063359007, "log10_eta": -2.169745131640056, "log10_lambda": -1.9910920202769047, "log10_min_child_weight": 1.3981794150367, "log10_subsample": -0.6522423823713888, "max_depth": 9.0, "num_boost_round": 19.0}, "datetime": {"datetime": "2024-01-19 01:24:07", "elapsed": 4337.0681, "delta": 0.005265}}
{"target": -17.672882937685642, "params": {"gamma": 399.1665016631861, "log10_alpha": -4.640250368135301, "log10_colsample_bytree": -0.8837678063359007, "log10_eta": -2.169745131640056, "log10_lambda": -1.9910920202769047, "log10_min_child_weight": 1.3981794150367, "log10_subsample": -0.6522423823713888, "max_depth": 9.0, "num_boost_round": 20.0}, "datetime": {"datetime": "2024-01-19 01:24:07", "elapsed": 4337.073427, "delta": 0.005327}}
{"target": -17.672917424406606, "params": {"gamma": 399.1665016631861, "log10_alpha": -4.640250368135301, "log10_colsample_bytree": -0.8837678063359007, "log10_eta": -2.169745131640056, "log10_lambda": -1.9910920202769047, "log10_min_child_weight": 1.3981794150367, "log10_subsample": -0.6522423823713888, "max_depth": 9.0, "num_boost_round": 21.0}, "datetime": {"datetime": "2024-01-19 01:24:07", "elapsed": 4337.078684, "delta": 0.005257}}
{"target": -17.673192330609723, "params": {"gamma": 399.1665016631861, "log10_alpha": -4.640250368135301, "log10_colsample_bytree": -0.8837678063359007, "log10_eta": -2.169745131640056, "log10_lambda": -1.9910920202769047, "log10_min_child_weight": 1.3981794150367, "log10_subsample": -0.6522423823713888, "max_depth": 9.0, "num_boost_round": 22.0}, "datetime": {"datetime": "2024-01-19 01:24:07", "elapsed": 4337.084036, "delta": 0.005352}}
{"target": -17.67290454627505, "params": {"gamma": 399.1665016631861, "log10_alpha": -4.640250368135301, "log10_colsample_bytree": -0.8837678063359007, "log10_eta": -2.169745131640056, "log10_lambda": -1.9910920202769047, "log10_min_child_weight": 1.3981794150367, "log10_subsample": -0.6522423823713888, "max_depth": 9.0, "num_boost_round": 23.0}, "datetime": {"datetime": "2024-01-19 01:24:07", "elapsed": 4337.089282, "delta": 0.005246}}
{"target": -17.677092835347143, "params": {"gamma": 396.62149081197083, "log10_alpha": -1.8965696195497275, "log10_colsample_bytree": -0.03791606742504816, "log10_eta": -1.3515619085796189, "log10_lambda": -3.7175599269321378, "log10_min_child_weight": 4.2396958743316695, "log10_subsample": -0.7734928851699403, "max_depth": 7.0, "num_boost_round": 0.0}, "datetime": {"datetime": "2024-01-19 01:25:18", "elapsed": 4408.468282, "delta": 71.379}}
{"target": -17.676924483070643, "params": {"gamma": 396.62149081197083, "log10_alpha": -1.8965696195497275, "log10_colsample_bytree": -0.03791606742504816, "log10_eta": -1.3515619085796189, "log10_lambda": -3.7175599269321378, "log10_min_child_weight": 4.2396958743316695, "log10_subsample": -0.7734928851699403, "max_depth": 7.0, "num_boost_round": 1.0}, "datetime": {"datetime": "2024-01-19 01:25:18", "elapsed": 4408.473477, "delta": 0.005195}}
{"target": -17.67668430154085, "params": {"gamma": 396.62149081197083, "log10_alpha": -1.8965696195497275, "log10_colsample_bytree": -0.03791606742504816, "log10_eta": -1.3515619085796189, "log10_lambda": -3.7175599269321378, "log10_min_child_weight": 4.2396958743316695, "log10_subsample": -0.7734928851699403, "max_depth": 7.0, "num_boost_round": 2.0}, "datetime": {"datetime": "2024-01-19 01:25:18", "elapsed": 4408.478411, "delta": 0.004934}}
{"target": -17.676535500380584, "params": {"gamma": 396.62149081197083, "log10_alpha": -1.8965696195497275, "log10_colsample_bytree": -0.03791606742504816, "log10_eta": -1.3515619085796189, "log10_lambda": -3.7175599269321378, "log10_min_child_weight": 4.2396958743316695, "log10_subsample": -0.7734928851699403, "max_depth": 7.0, "num_boost_round": 3.0}, "datetime": {"datetime": "2024-01-19 01:25:18", "elapsed": 4408.483283, "delta": 0.004872}}
{"target": -17.676384955495102, "params": {"gamma": 396.62149081197083, "log10_alpha": -1.8965696195497275, "log10_colsample_bytree": -0.03791606742504816, "log10_eta": -1.3515619085796189, "log10_lambda": -3.7175599269321378, "log10_min_child_weight": 4.2396958743316695, "log10_subsample": -0.7734928851699403, "max_depth": 7.0, "num_boost_round": 4.0}, "datetime": {"datetime": "2024-01-19 01:25:18", "elapsed": 4408.48799, "delta": 0.004707}}
{"target": -17.676417982412296, "params": {"gamma": 396.62149081197083, "log10_alpha": -1.8965696195497275, "log10_colsample_bytree": -0.03791606742504816, "log10_eta": -1.3515619085796189, "log10_lambda": -3.7175599269321378, "log10_min_child_weight": 4.2396958743316695, "log10_subsample": -0.7734928851699403, "max_depth": 7.0, "num_boost_round": 5.0}, "datetime": {"datetime": "2024-01-19 01:25:18", "elapsed": 4408.492774, "delta": 0.004784}}
{"target": -17.676418799218006, "params": {"gamma": 396.62149081197083, "log10_alpha": -1.8965696195497275, "log10_colsample_bytree": -0.03791606742504816, "log10_eta": -1.3515619085796189, "log10_lambda": -3.7175599269321378, "log10_min_child_weight": 4.2396958743316695, "log10_subsample": -0.7734928851699403, "max_depth": 7.0, "num_boost_round": 6.0}, "datetime": {"datetime": "2024-01-19 01:25:18", "elapsed": 4408.497703, "delta": 0.004929}}
{"target": -17.676342629739214, "params": {"gamma": 396.62149081197083, "log10_alpha": -1.8965696195497275, "log10_colsample_bytree": -0.03791606742504816, "log10_eta": -1.3515619085796189, "log10_lambda": -3.7175599269321378, "log10_min_child_weight": 4.2396958743316695, "log10_subsample": -0.7734928851699403, "max_depth": 7.0, "num_boost_round": 7.0}, "datetime": {"datetime": "2024-01-19 01:25:18", "elapsed": 4408.502535, "delta": 0.004832}}
{"target": -17.676449362030805, "params": {"gamma": 396.62149081197083, "log10_alpha": -1.8965696195497275, "log10_colsample_bytree": -0.03791606742504816, "log10_eta": -1.3515619085796189, "log10_lambda": -3.7175599269321378, "log10_min_child_weight": 4.2396958743316695, "log10_subsample": -0.7734928851699403, "max_depth": 7.0, "num_boost_round": 8.0}, "datetime": {"datetime": "2024-01-19 01:25:18", "elapsed": 4408.507179, "delta": 0.004644}}
{"target": -17.676522246348263, "params": {"gamma": 396.62149081197083, "log10_alpha": -1.8965696195497275, "log10_colsample_bytree": -0.03791606742504816, "log10_eta": -1.3515619085796189, "log10_lambda": -3.7175599269321378, "log10_min_child_weight": 4.2396958743316695, "log10_subsample": -0.7734928851699403, "max_depth": 7.0, "num_boost_round": 9.0}, "datetime": {"datetime": "2024-01-19 01:25:18", "elapsed": 4408.511945, "delta": 0.004766}}
{"target": -17.67728774595779, "params": {"gamma": 396.62149081197083, "log10_alpha": -1.8965696195497275, "log10_colsample_bytree": -0.03791606742504816, "log10_eta": -1.3515619085796189, "log10_lambda": -3.7175599269321378, "log10_min_child_weight": 4.2396958743316695, "log10_subsample": -0.7734928851699403, "max_depth": 7.0, "num_boost_round": 10.0}, "datetime": {"datetime": "2024-01-19 01:25:18", "elapsed": 4408.516711, "delta": 0.004766}}
{"target": -17.677539843874357, "params": {"gamma": 396.62149081197083, "log10_alpha": -1.8965696195497275, "log10_colsample_bytree": -0.03791606742504816, "log10_eta": -1.3515619085796189, "log10_lambda": -3.7175599269321378, "log10_min_child_weight": 4.2396958743316695, "log10_subsample": -0.7734928851699403, "max_depth": 7.0, "num_boost_round": 11.0}, "datetime": {"datetime": "2024-01-19 01:25:18", "elapsed": 4408.521394, "delta": 0.004683}}
{"target": -17.678313835473755, "params": {"gamma": 396.62149081197083, "log10_alpha": -1.8965696195497275, "log10_colsample_bytree": -0.03791606742504816, "log10_eta": -1.3515619085796189, "log10_lambda": -3.7175599269321378, "log10_min_child_weight": 4.2396958743316695, "log10_subsample": -0.7734928851699403, "max_depth": 7.0, "num_boost_round": 12.0}, "datetime": {"datetime": "2024-01-19 01:25:18", "elapsed": 4408.52608, "delta": 0.004686}}
{"target": -17.678765957830215, "params": {"gamma": 396.62149081197083, "log10_alpha": -1.8965696195497275, "log10_colsample_bytree": -0.03791606742504816, "log10_eta": -1.3515619085796189, "log10_lambda": -3.7175599269321378, "log10_min_child_weight": 4.2396958743316695, "log10_subsample": -0.7734928851699403, "max_depth": 7.0, "num_boost_round": 13.0}, "datetime": {"datetime": "2024-01-19 01:25:18", "elapsed": 4408.530759, "delta": 0.004679}}
{"target": -17.679065287048005, "params": {"gamma": 396.62149081197083, "log10_alpha": -1.8965696195497275, "log10_colsample_bytree": -0.03791606742504816, "log10_eta": -1.3515619085796189, "log10_lambda": -3.7175599269321378, "log10_min_child_weight": 4.2396958743316695, "log10_subsample": -0.7734928851699403, "max_depth": 7.0, "num_boost_round": 14.0}, "datetime": {"datetime": "2024-01-19 01:25:18", "elapsed": 4408.535471, "delta": 0.004712}}
{"target": -17.679262054087587, "params": {"gamma": 396.62149081197083, "log10_alpha": -1.8965696195497275, "log10_colsample_bytree": -0.03791606742504816, "log10_eta": -1.3515619085796189, "log10_lambda": -3.7175599269321378, "log10_min_child_weight": 4.2396958743316695, "log10_subsample": -0.7734928851699403, "max_depth": 7.0, "num_boost_round": 15.0}, "datetime": {"datetime": "2024-01-19 01:25:18", "elapsed": 4408.540184, "delta": 0.004713}}
{"target": -17.679226795605853, "params": {"gamma": 396.62149081197083, "log10_alpha": -1.8965696195497275, "log10_colsample_bytree": -0.03791606742504816, "log10_eta": -1.3515619085796189, "log10_lambda": -3.7175599269321378, "log10_min_child_weight": 4.2396958743316695, "log10_subsample": -0.7734928851699403, "max_depth": 7.0, "num_boost_round": 16.0}, "datetime": {"datetime": "2024-01-19 01:25:18", "elapsed": 4408.544823, "delta": 0.004639}}
{"target": -17.67958490347087, "params": {"gamma": 396.62149081197083, "log10_alpha": -1.8965696195497275, "log10_colsample_bytree": -0.03791606742504816, "log10_eta": -1.3515619085796189, "log10_lambda": -3.7175599269321378, "log10_min_child_weight": 4.2396958743316695, "log10_subsample": -0.7734928851699403, "max_depth": 7.0, "num_boost_round": 17.0}, "datetime": {"datetime": "2024-01-19 01:25:18", "elapsed": 4408.549506, "delta": 0.004683}}
{"target": -17.67992769285947, "params": {"gamma": 396.62149081197083, "log10_alpha": -1.8965696195497275, "log10_colsample_bytree": -0.03791606742504816, "log10_eta": -1.3515619085796189, "log10_lambda": -3.7175599269321378, "log10_min_child_weight": 4.2396958743316695, "log10_subsample": -0.7734928851699403, "max_depth": 7.0, "num_boost_round": 18.0}, "datetime": {"datetime": "2024-01-19 01:25:18", "elapsed": 4408.554258, "delta": 0.004752}}
{"target": -17.680139657426928, "params": {"gamma": 396.62149081197083, "log10_alpha": -1.8965696195497275, "log10_colsample_bytree": -0.03791606742504816, "log10_eta": -1.3515619085796189, "log10_lambda": -3.7175599269321378, "log10_min_child_weight": 4.2396958743316695, "log10_subsample": -0.7734928851699403, "max_depth": 7.0, "num_boost_round": 19.0}, "datetime": {"datetime": "2024-01-19 01:25:18", "elapsed": 4408.558911, "delta": 0.004653}}
{"target": -17.68041561944127, "params": {"gamma": 396.62149081197083, "log10_alpha": -1.8965696195497275, "log10_colsample_bytree": -0.03791606742504816, "log10_eta": -1.3515619085796189, "log10_lambda": -3.7175599269321378, "log10_min_child_weight": 4.2396958743316695, "log10_subsample": -0.7734928851699403, "max_depth": 7.0, "num_boost_round": 20.0}, "datetime": {"datetime": "2024-01-19 01:25:18", "elapsed": 4408.563562, "delta": 0.004651}}
{"target": -17.68058996642276, "params": {"gamma": 396.62149081197083, "log10_alpha": -1.8965696195497275, "log10_colsample_bytree": -0.03791606742504816, "log10_eta": -1.3515619085796189, "log10_lambda": -3.7175599269321378, "log10_min_child_weight": 4.2396958743316695, "log10_subsample": -0.7734928851699403, "max_depth": 7.0, "num_boost_round": 21.0}, "datetime": {"datetime": "2024-01-19 01:25:18", "elapsed": 4408.568275, "delta": 0.004713}}
{"target": -17.680496397839022, "params": {"gamma": 396.62149081197083, "log10_alpha": -1.8965696195497275, "log10_colsample_bytree": -0.03791606742504816, "log10_eta": -1.3515619085796189, "log10_lambda": -3.7175599269321378, "log10_min_child_weight": 4.2396958743316695, "log10_subsample": -0.7734928851699403, "max_depth": 7.0, "num_boost_round": 22.0}, "datetime": {"datetime": "2024-01-19 01:25:18", "elapsed": 4408.573824, "delta": 0.005549}}
{"target": -17.681292276891785, "params": {"gamma": 396.62149081197083, "log10_alpha": -1.8965696195497275, "log10_colsample_bytree": -0.03791606742504816, "log10_eta": -1.3515619085796189, "log10_lambda": -3.7175599269321378, "log10_min_child_weight": 4.2396958743316695, "log10_subsample": -0.7734928851699403, "max_depth": 7.0, "num_boost_round": 23.0}, "datetime": {"datetime": "2024-01-19 01:25:18", "elapsed": 4408.578596, "delta": 0.004772}}
{"target": -17.682573221616295, "params": {"gamma": 396.62149081197083, "log10_alpha": -1.8965696195497275, "log10_colsample_bytree": -0.03791606742504816, "log10_eta": -1.3515619085796189, "log10_lambda": -3.7175599269321378, "log10_min_child_weight": 4.2396958743316695, "log10_subsample": -0.7734928851699403, "max_depth": 7.0, "num_boost_round": 24.0}, "datetime": {"datetime": "2024-01-19 01:25:18", "elapsed": 4408.583389, "delta": 0.004793}}
{"target": -17.6829049267449, "params": {"gamma": 396.62149081197083, "log10_alpha": -1.8965696195497275, "log10_colsample_bytree": -0.03791606742504816, "log10_eta": -1.3515619085796189, "log10_lambda": -3.7175599269321378, "log10_min_child_weight": 4.2396958743316695, "log10_subsample": -0.7734928851699403, "max_depth": 7.0, "num_boost_round": 25.0}, "datetime": {"datetime": "2024-01-19 01:25:18", "elapsed": 4408.588259, "delta": 0.00487}}
{"target": -17.68241977928371, "params": {"gamma": 396.62149081197083, "log10_alpha": -1.8965696195497275, "log10_colsample_bytree": -0.03791606742504816, "log10_eta": -1.3515619085796189, "log10_lambda": -3.7175599269321378, "log10_min_child_weight": 4.2396958743316695, "log10_subsample": -0.7734928851699403, "max_depth": 7.0, "num_boost_round": 26.0}, "datetime": {"datetime": "2024-01-19 01:25:18", "elapsed": 4408.593051, "delta": 0.004792}}
{"target": -17.682406334377635, "params": {"gamma": 396.62149081197083, "log10_alpha": -1.8965696195497275, "log10_colsample_bytree": -0.03791606742504816, "log10_eta": -1.3515619085796189, "log10_lambda": -3.7175599269321378, "log10_min_child_weight": 4.2396958743316695, "log10_subsample": -0.7734928851699403, "max_depth": 7.0, "num_boost_round": 27.0}, "datetime": {"datetime": "2024-01-19 01:25:18", "elapsed": 4408.597641, "delta": 0.00459}}
{"target": -17.683116352701447, "params": {"gamma": 396.62149081197083, "log10_alpha": -1.8965696195497275, "log10_colsample_bytree": -0.03791606742504816, "log10_eta": -1.3515619085796189, "log10_lambda": -3.7175599269321378, "log10_min_child_weight": 4.2396958743316695, "log10_subsample": -0.7734928851699403, "max_depth": 7.0, "num_boost_round": 28.0}, "datetime": {"datetime": "2024-01-19 01:25:18", "elapsed": 4408.602382, "delta": 0.004741}}
{"target": -17.68327218817592, "params": {"gamma": 396.62149081197083, "log10_alpha": -1.8965696195497275, "log10_colsample_bytree": -0.03791606742504816, "log10_eta": -1.3515619085796189, "log10_lambda": -3.7175599269321378, "log10_min_child_weight": 4.2396958743316695, "log10_subsample": -0.7734928851699403, "max_depth": 7.0, "num_boost_round": 29.0}, "datetime": {"datetime": "2024-01-19 01:25:18", "elapsed": 4408.607047, "delta": 0.004665}}
{"target": -17.68367452943403, "params": {"gamma": 396.62149081197083, "log10_alpha": -1.8965696195497275, "log10_colsample_bytree": -0.03791606742504816, "log10_eta": -1.3515619085796189, "log10_lambda": -3.7175599269321378, "log10_min_child_weight": 4.2396958743316695, "log10_subsample": -0.7734928851699403, "max_depth": 7.0, "num_boost_round": 30.0}, "datetime": {"datetime": "2024-01-19 01:25:18", "elapsed": 4408.611802, "delta": 0.004755}}
{"target": -17.683390160316094, "params": {"gamma": 396.62149081197083, "log10_alpha": -1.8965696195497275, "log10_colsample_bytree": -0.03791606742504816, "log10_eta": -1.3515619085796189, "log10_lambda": -3.7175599269321378, "log10_min_child_weight": 4.2396958743316695, "log10_subsample": -0.7734928851699403, "max_depth": 7.0, "num_boost_round": 31.0}, "datetime": {"datetime": "2024-01-19 01:25:18", "elapsed": 4408.616496, "delta": 0.004694}}
{"target": -17.68342923188792, "params": {"gamma": 396.62149081197083, "log10_alpha": -1.8965696195497275, "log10_colsample_bytree": -0.03791606742504816, "log10_eta": -1.3515619085796189, "log10_lambda": -3.7175599269321378, "log10_min_child_weight": 4.2396958743316695, "log10_subsample": -0.7734928851699403, "max_depth": 7.0, "num_boost_round": 32.0}, "datetime": {"datetime": "2024-01-19 01:25:18", "elapsed": 4408.621253, "delta": 0.004757}}
{"target": -17.683736821608242, "params": {"gamma": 396.62149081197083, "log10_alpha": -1.8965696195497275, "log10_colsample_bytree": -0.03791606742504816, "log10_eta": -1.3515619085796189, "log10_lambda": -3.7175599269321378, "log10_min_child_weight": 4.2396958743316695, "log10_subsample": -0.7734928851699403, "max_depth": 7.0, "num_boost_round": 33.0}, "datetime": {"datetime": "2024-01-19 01:25:18", "elapsed": 4408.626079, "delta": 0.004826}}
{"target": -17.68411524745652, "params": {"gamma": 396.62149081197083, "log10_alpha": -1.8965696195497275, "log10_colsample_bytree": -0.03791606742504816, "log10_eta": -1.3515619085796189, "log10_lambda": -3.7175599269321378, "log10_min_child_weight": 4.2396958743316695, "log10_subsample": -0.7734928851699403, "max_depth": 7.0, "num_boost_round": 34.0}, "datetime": {"datetime": "2024-01-19 01:25:18", "elapsed": 4408.630906, "delta": 0.004827}}
{"target": -17.684551820145366, "params": {"gamma": 396.62149081197083, "log10_alpha": -1.8965696195497275, "log10_colsample_bytree": -0.03791606742504816, "log10_eta": -1.3515619085796189, "log10_lambda": -3.7175599269321378, "log10_min_child_weight": 4.2396958743316695, "log10_subsample": -0.7734928851699403, "max_depth": 7.0, "num_boost_round": 35.0}, "datetime": {"datetime": "2024-01-19 01:25:18", "elapsed": 4408.635705, "delta": 0.004799}}
{"target": -17.685448113087986, "params": {"gamma": 396.62149081197083, "log10_alpha": -1.8965696195497275, "log10_colsample_bytree": -0.03791606742504816, "log10_eta": -1.3515619085796189, "log10_lambda": -3.7175599269321378, "log10_min_child_weight": 4.2396958743316695, "log10_subsample": -0.7734928851699403, "max_depth": 7.0, "num_boost_round": 36.0}, "datetime": {"datetime": "2024-01-19 01:25:18", "elapsed": 4408.640476, "delta": 0.004771}}
{"target": -17.67723022471264, "params": {"gamma": 400.7977774589116, "log10_alpha": -5.0, "log10_colsample_bytree": -0.17891008931256505, "log10_eta": -4.0, "log10_lambda": -2.2880889197882075, "log10_min_child_weight": 2.5088132344232514, "log10_subsample": 0.0, "max_depth": 7.0, "num_boost_round": 0.0}, "datetime": {"datetime": "2024-01-19 01:26:46", "elapsed": 4496.733889, "delta": 88.093413}}
{"target": -17.67722174964146, "params": {"gamma": 400.7977774589116, "log10_alpha": -5.0, "log10_colsample_bytree": -0.17891008931256505, "log10_eta": -4.0, "log10_lambda": -2.2880889197882075, "log10_min_child_weight": 2.5088132344232514, "log10_subsample": 0.0, "max_depth": 7.0, "num_boost_round": 1.0}, "datetime": {"datetime": "2024-01-19 01:26:46", "elapsed": 4496.739516, "delta": 0.005627}}
{"target": -17.677216997943546, "params": {"gamma": 400.7977774589116, "log10_alpha": -5.0, "log10_colsample_bytree": -0.17891008931256505, "log10_eta": -4.0, "log10_lambda": -2.2880889197882075, "log10_min_child_weight": 2.5088132344232514, "log10_subsample": 0.0, "max_depth": 7.0, "num_boost_round": 2.0}, "datetime": {"datetime": "2024-01-19 01:26:46", "elapsed": 4496.744928, "delta": 0.005412}}
{"target": -17.677210395416573, "params": {"gamma": 400.7977774589116, "log10_alpha": -5.0, "log10_colsample_bytree": -0.17891008931256505, "log10_eta": -4.0, "log10_lambda": -2.2880889197882075, "log10_min_child_weight": 2.5088132344232514, "log10_subsample": 0.0, "max_depth": 7.0, "num_boost_round": 3.0}, "datetime": {"datetime": "2024-01-19 01:26:46", "elapsed": 4496.750537, "delta": 0.005609}}
{"target": -17.677213370442825, "params": {"gamma": 400.7977774589116, "log10_alpha": -5.0, "log10_colsample_bytree": -0.17891008931256505, "log10_eta": -4.0, "log10_lambda": -2.2880889197882075, "log10_min_child_weight": 2.5088132344232514, "log10_subsample": 0.0, "max_depth": 7.0, "num_boost_round": 4.0}, "datetime": {"datetime": "2024-01-19 01:26:47", "elapsed": 4496.874306, "delta": 0.123769}}
{"target": -17.677207358547786, "params": {"gamma": 400.7977774589116, "log10_alpha": -5.0, "log10_colsample_bytree": -0.17891008931256505, "log10_eta": -4.0, "log10_lambda": -2.2880889197882075, "log10_min_child_weight": 2.5088132344232514, "log10_subsample": 0.0, "max_depth": 7.0, "num_boost_round": 5.0}, "datetime": {"datetime": "2024-01-19 01:26:47", "elapsed": 4496.880441, "delta": 0.006135}}
