{"target": -13.758357840449468, "params": {"gamma": 566.1301689158001, "log10_alpha": -2.1392316790204013, "log10_colsample_bytree": -0.6562724593488429, "log10_eta": -2.6847075520081427, "log10_lambda": -1.8225378217449446, "log10_min_child_weight": 4.949432201432222, "log10_subsample": -0.4666768840299831, "max_depth": 4.0, "num_boost_round": 28.0}, "datetime": {"datetime": "2024-01-19 01:34:04", "elapsed": 4976.015373, "delta": 0.005237}}
{"target": -13.758349305586913, "params": {"gamma": 566.1301689158001, "log10_alpha": -2.1392316790204013, "log10_colsample_bytree": -0.6562724593488429, "log10_eta": -2.6847075520081427, "log10_lambda": -1.8225378217449446, "log10_min_child_weight": 4.949432201432222, "log10_subsample": -0.4666768840299831, "max_depth": 4.0, "num_boost_round": 29.0}, "datetime": {"datetime": "2024-01-19 01:34:04", "elapsed": 4976.020641, "delta": 0.005268}}
{"target": -13.758339076189214, "params": {"gamma": 566.1301689158001, "log10_alpha": -2.1392316790204013, "log10_colsample_bytree": -0.6562724593488429, "log10_eta": -2.6847075520081427, "log10_lambda": -1.8225378217449446, "log10_min_child_weight": 4.949432201432222, "log10_subsample": -0.4666768840299831, "max_depth": 4.0, "num_boost_round": 30.0}, "datetime": {"datetime": "2024-01-19 01:34:04", "elapsed": 4976.026129, "delta": 0.005488}}
{"target": -13.758340328341555, "params": {"gamma": 566.1301689158001, "log10_alpha": -2.1392316790204013, "log10_colsample_bytree": -0.6562724593488429, "log10_eta": -2.6847075520081427, "log10_lambda": -1.8225378217449446, "log10_min_child_weight": 4.949432201432222, "log10_subsample": -0.4666768840299831, "max_depth": 4.0, "num_boost_round": 31.0}, "datetime": {"datetime": "2024-01-19 01:34:04", "elapsed": 4976.031406, "delta": 0.005277}}
{"target": -13.758328552392028, "params": {"gamma": 566.1301689158001, "log10_alpha": -2.1392316790204013, "log10_colsample_bytree": -0.6562724593488429, "log10_eta": -2.6847075520081427, "log10_lambda": -1.8225378217449446, "log10_min_child_weight": 4.949432201432222, "log10_subsample": -0.4666768840299831, "max_depth": 4.0, "num_boost_round": 32.0}, "datetime": {"datetime": "2024-01-19 01:34:04", "elapsed": 4976.036761, "delta": 0.005355}}
{"target": -13.758317234365396, "params": {"gamma": 566.1301689158001, "log10_alpha": -2.1392316790204013, "log10_colsample_bytree": -0.6562724593488429, "log10_eta": -2.6847075520081427, "log10_lambda": -1.8225378217449446, "log10_min_child_weight": 4.949432201432222, "log10_subsample": -0.4666768840299831, "max_depth": 4.0, "num_boost_round": 33.0}, "datetime": {"datetime": "2024-01-19 01:34:04", "elapsed": 4976.042293, "delta": 0.005532}}
{"target": -13.75830992283213, "params": {"gamma": 566.1301689158001, "log10_alpha": -2.1392316790204013, "log10_colsample_bytree": -0.6562724593488429, "log10_eta": -2.6847075520081427, "log10_lambda": -1.8225378217449446, "log10_min_child_weight": 4.949432201432222, "log10_subsample": -0.4666768840299831, "max_depth": 4.0, "num_boost_round": 34.0}, "datetime": {"datetime": "2024-01-19 01:34:04", "elapsed": 4976.047518, "delta": 0.005225}}
{"target": -13.75831156594772, "params": {"gamma": 566.1301689158001, "log10_alpha": -2.1392316790204013, "log10_colsample_bytree": -0.6562724593488429, "log10_eta": -2.6847075520081427, "log10_lambda": -1.8225378217449446, "log10_min_child_weight": 4.949432201432222, "log10_subsample": -0.4666768840299831, "max_depth": 4.0, "num_boost_round": 35.0}, "datetime": {"datetime": "2024-01-19 01:34:04", "elapsed": 4976.052776, "delta": 0.005258}}
{"target": -13.758309927114247, "params": {"gamma": 566.1301689158001, "log10_alpha": -2.1392316790204013, "log10_colsample_bytree": -0.6562724593488429, "log10_eta": -2.6847075520081427, "log10_lambda": -1.8225378217449446, "log10_min_child_weight": 4.949432201432222, "log10_subsample": -0.4666768840299831, "max_depth": 4.0, "num_boost_round": 36.0}, "datetime": {"datetime": "2024-01-19 01:34:04", "elapsed": 4976.057978, "delta": 0.005202}}
{"target": -13.758312970599743, "params": {"gamma": 566.1301689158001, "log10_alpha": -2.1392316790204013, "log10_colsample_bytree": -0.6562724593488429, "log10_eta": -2.6847075520081427, "log10_lambda": -1.8225378217449446, "log10_min_child_weight": 4.949432201432222, "log10_subsample": -0.4666768840299831, "max_depth": 4.0, "num_boost_round": 37.0}, "datetime": {"datetime": "2024-01-19 01:34:04", "elapsed": 4976.067427, "delta": 0.009449}}
{"target": -13.758301635287228, "params": {"gamma": 566.1301689158001, "log10_alpha": -2.1392316790204013, "log10_colsample_bytree": -0.6562724593488429, "log10_eta": -2.6847075520081427, "log10_lambda": -1.8225378217449446, "log10_min_child_weight": 4.949432201432222, "log10_subsample": -0.4666768840299831, "max_depth": 4.0, "num_boost_round": 38.0}, "datetime": {"datetime": "2024-01-19 01:34:04", "elapsed": 4976.072762, "delta": 0.005335}}
{"target": -13.758297399478177, "params": {"gamma": 566.1301689158001, "log10_alpha": -2.1392316790204013, "log10_colsample_bytree": -0.6562724593488429, "log10_eta": -2.6847075520081427, "log10_lambda": -1.8225378217449446, "log10_min_child_weight": 4.949432201432222, "log10_subsample": -0.4666768840299831, "max_depth": 4.0, "num_boost_round": 39.0}, "datetime": {"datetime": "2024-01-19 01:34:04", "elapsed": 4976.078215, "delta": 0.005453}}
{"target": -13.758289564756215, "params": {"gamma": 566.1301689158001, "log10_alpha": -2.1392316790204013, "log10_colsample_bytree": -0.6562724593488429, "log10_eta": -2.6847075520081427, "log10_lambda": -1.8225378217449446, "log10_min_child_weight": 4.949432201432222, "log10_subsample": -0.4666768840299831, "max_depth": 4.0, "num_boost_round": 40.0}, "datetime": {"datetime": "2024-01-19 01:34:04", "elapsed": 4976.083338, "delta": 0.005123}}
{"target": -13.758281714271439, "params": {"gamma": 566.1301689158001, "log10_alpha": -2.1392316790204013, "log10_colsample_bytree": -0.6562724593488429, "log10_eta": -2.6847075520081427, "log10_lambda": -1.8225378217449446, "log10_min_child_weight": 4.949432201432222, "log10_subsample": -0.4666768840299831, "max_depth": 4.0, "num_boost_round": 41.0}, "datetime": {"datetime": "2024-01-19 01:34:04", "elapsed": 4976.088476, "delta": 0.005138}}
{"target": -13.758263211410046, "params": {"gamma": 566.1301689158001, "log10_alpha": -2.1392316790204013, "log10_colsample_bytree": -0.6562724593488429, "log10_eta": -2.6847075520081427, "log10_lambda": -1.8225378217449446, "log10_min_child_weight": 4.949432201432222, "log10_subsample": -0.4666768840299831, "max_depth": 4.0, "num_boost_round": 42.0}, "datetime": {"datetime": "2024-01-19 01:34:04", "elapsed": 4976.093632, "delta": 0.005156}}
{"target": -13.758258086621588, "params": {"gamma": 566.1301689158001, "log10_alpha": -2.1392316790204013, "log10_colsample_bytree": -0.6562724593488429, "log10_eta": -2.6847075520081427, "log10_lambda": -1.8225378217449446, "log10_min_child_weight": 4.949432201432222, "log10_subsample": -0.4666768840299831, "max_depth": 4.0, "num_boost_round": 43.0}, "datetime": {"datetime": "2024-01-19 01:34:04", "elapsed": 4976.099881, "delta": 0.006249}}
{"target": -13.758537756045932, "params": {"gamma": 568.5603584263977, "log10_alpha": -3.5954815009186136, "log10_colsample_bytree": -0.5454991173178606, "log10_eta": -3.0781193532270716, "log10_lambda": -1.9583935217488277, "log10_min_child_weight": 3.955902701378749, "log10_subsample": -0.33735506087848555, "max_depth": 5.0, "num_boost_round": 0.0}, "datetime": {"datetime": "2024-01-19 01:36:00", "elapsed": 5091.86916, "delta": 115.769279}}
{"target": -13.758530959204442, "params": {"gamma": 568.5603584263977, "log10_alpha": -3.5954815009186136, "log10_colsample_bytree": -0.5454991173178606, "log10_eta": -3.0781193532270716, "log10_lambda": -1.9583935217488277, "log10_min_child_weight": 3.955902701378749, "log10_subsample": -0.33735506087848555, "max_depth": 5.0, "num_boost_round": 1.0}, "datetime": {"datetime": "2024-01-19 01:36:00", "elapsed": 5091.874919, "delta": 0.005759}}
{"target": -13.758513328542056, "params": {"gamma": 568.5603584263977, "log10_alpha": -3.5954815009186136, "log10_colsample_bytree": -0.5454991173178606, "log10_eta": -3.0781193532270716, "log10_lambda": -1.9583935217488277, "log10_min_child_weight": 3.955902701378749, "log10_subsample": -0.33735506087848555, "max_depth": 5.0, "num_boost_round": 2.0}, "datetime": {"datetime": "2024-01-19 01:36:00", "elapsed": 5091.880468, "delta": 0.005549}}
{"target": -13.758503886317925, "params": {"gamma": 568.5603584263977, "log10_alpha": -3.5954815009186136, "log10_colsample_bytree": -0.5454991173178606, "log10_eta": -3.0781193532270716, "log10_lambda": -1.9583935217488277, "log10_min_child_weight": 3.955902701378749, "log10_subsample": -0.33735506087848555, "max_depth": 5.0, "num_boost_round": 3.0}, "datetime": {"datetime": "2024-01-19 01:36:00", "elapsed": 5091.885857, "delta": 0.005389}}
{"target": -13.758492075784138, "params": {"gamma": 568.5603584263977, "log10_alpha": -3.5954815009186136, "log10_colsample_bytree": -0.5454991173178606, "log10_eta": -3.0781193532270716, "log10_lambda": -1.9583935217488277, "log10_min_child_weight": 3.955902701378749, "log10_subsample": -0.33735506087848555, "max_depth": 5.0, "num_boost_round": 4.0}, "datetime": {"datetime": "2024-01-19 01:36:00", "elapsed": 5091.891028, "delta": 0.005171}}
{"target": -13.758495110637162, "params": {"gamma": 568.5603584263977, "log10_alpha": -3.5954815009186136, "log10_colsample_bytree": -0.5454991173178606, "log10_eta": -3.0781193532270716, "log10_lambda": -1.9583935217488277, "log10_min_child_weight": 3.955902701378749, "log10_subsample": -0.33735506087848555, "max_depth": 5.0, "num_boost_round": 5.0}, "datetime": {"datetime": "2024-01-19 01:36:00", "elapsed": 5091.89612, "delta": 0.005092}}
{"target": -13.758503933945585, "params": {"gamma": 568.5603584263977, "log10_alpha": -3.5954815009186136, "log10_colsample_bytree": -0.5454991173178606, "log10_eta": -3.0781193532270716, "log10_lambda": -1.9583935217488277, "log10_min_child_weight": 3.955902701378749, "log10_subsample": -0.33735506087848555, "max_depth": 5.0, "num_boost_round": 6.0}, "datetime": {"datetime": "2024-01-19 01:36:00", "elapsed": 5091.901266, "delta": 0.005146}}
{"target": -13.758495739369808, "params": {"gamma": 568.5603584263977, "log10_alpha": -3.5954815009186136, "log10_colsample_bytree": -0.5454991173178606, "log10_eta": -3.0781193532270716, "log10_lambda": -1.9583935217488277, "log10_min_child_weight": 3.955902701378749, "log10_subsample": -0.33735506087848555, "max_depth": 5.0, "num_boost_round": 7.0}, "datetime": {"datetime": "2024-01-19 01:36:00", "elapsed": 5091.907119, "delta": 0.005853}}
{"target": -13.75849381185422, "params": {"gamma": 568.5603584263977, "log10_alpha": -3.5954815009186136, "log10_colsample_bytree": -0.5454991173178606, "log10_eta": -3.0781193532270716, "log10_lambda": -1.9583935217488277, "log10_min_child_weight": 3.955902701378749, "log10_subsample": -0.33735506087848555, "max_depth": 5.0, "num_boost_round": 8.0}, "datetime": {"datetime": "2024-01-19 01:36:00", "elapsed": 5091.912472, "delta": 0.005353}}
{"target": -13.758481655550495, "params": {"gamma": 568.5603584263977, "log10_alpha": -3.5954815009186136, "log10_colsample_bytree": -0.5454991173178606, "log10_eta": -3.0781193532270716, "log10_lambda": -1.9583935217488277, "log10_min_child_weight": 3.955902701378749, "log10_subsample": -0.33735506087848555, "max_depth": 5.0, "num_boost_round": 9.0}, "datetime": {"datetime": "2024-01-19 01:36:00", "elapsed": 5091.917547, "delta": 0.005075}}
{"target": -13.758475040861574, "params": {"gamma": 568.5603584263977, "log10_alpha": -3.5954815009186136, "log10_colsample_bytree": -0.5454991173178606, "log10_eta": -3.0781193532270716, "log10_lambda": -1.9583935217488277, "log10_min_child_weight": 3.955902701378749, "log10_subsample": -0.33735506087848555, "max_depth": 5.0, "num_boost_round": 10.0}, "datetime": {"datetime": "2024-01-19 01:36:00", "elapsed": 5091.922603, "delta": 0.005056}}
{"target": -13.758455822429717, "params": {"gamma": 568.5603584263977, "log10_alpha": -3.5954815009186136, "log10_colsample_bytree": -0.5454991173178606, "log10_eta": -3.0781193532270716, "log10_lambda": -1.9583935217488277, "log10_min_child_weight": 3.955902701378749, "log10_subsample": -0.33735506087848555, "max_depth": 5.0, "num_boost_round": 11.0}, "datetime": {"datetime": "2024-01-19 01:36:00", "elapsed": 5091.927956, "delta": 0.005353}}
{"target": -13.75844856935598, "params": {"gamma": 568.5603584263977, "log10_alpha": -3.5954815009186136, "log10_colsample_bytree": -0.5454991173178606, "log10_eta": -3.0781193532270716, "log10_lambda": -1.9583935217488277, "log10_min_child_weight": 3.955902701378749, "log10_subsample": -0.33735506087848555, "max_depth": 5.0, "num_boost_round": 12.0}, "datetime": {"datetime": "2024-01-19 01:36:00", "elapsed": 5091.933198, "delta": 0.005242}}
{"target": -13.758450576373562, "params": {"gamma": 568.5603584263977, "log10_alpha": -3.5954815009186136, "log10_colsample_bytree": -0.5454991173178606, "log10_eta": -3.0781193532270716, "log10_lambda": -1.9583935217488277, "log10_min_child_weight": 3.955902701378749, "log10_subsample": -0.33735506087848555, "max_depth": 5.0, "num_boost_round": 13.0}, "datetime": {"datetime": "2024-01-19 01:36:00", "elapsed": 5091.938334, "delta": 0.005136}}
{"target": -13.758445099930434, "params": {"gamma": 568.5603584263977, "log10_alpha": -3.5954815009186136, "log10_colsample_bytree": -0.5454991173178606, "log10_eta": -3.0781193532270716, "log10_lambda": -1.9583935217488277, "log10_min_child_weight": 3.955902701378749, "log10_subsample": -0.33735506087848555, "max_depth": 5.0, "num_boost_round": 14.0}, "datetime": {"datetime": "2024-01-19 01:36:00", "elapsed": 5091.94369, "delta": 0.005356}}
{"target": -13.75843557238995, "params": {"gamma": 568.5603584263977, "log10_alpha": -3.5954815009186136, "log10_colsample_bytree": -0.5454991173178606, "log10_eta": -3.0781193532270716, "log10_lambda": -1.9583935217488277, "log10_min_child_weight": 3.955902701378749, "log10_subsample": -0.33735506087848555, "max_depth": 5.0, "num_boost_round": 15.0}, "datetime": {"datetime": "2024-01-19 01:36:00", "elapsed": 5091.949046, "delta": 0.005356}}
{"target": -13.758432277902841, "params": {"gamma": 568.5603584263977, "log10_alpha": -3.5954815009186136, "log10_colsample_bytree": -0.5454991173178606, "log10_eta": -3.0781193532270716, "log10_lambda": -1.9583935217488277, "log10_min_child_weight": 3.955902701378749, "log10_subsample": -0.33735506087848555, "max_depth": 5.0, "num_boost_round": 16.0}, "datetime": {"datetime": "2024-01-19 01:36:00", "elapsed": 5091.954473, "delta": 0.005427}}
{"target": -13.758435035609702, "params": {"gamma": 568.5603584263977, "log10_alpha": -3.5954815009186136, "log10_colsample_bytree": -0.5454991173178606, "log10_eta": -3.0781193532270716, "log10_lambda": -1.9583935217488277, "log10_min_child_weight": 3.955902701378749, "log10_subsample": -0.33735506087848555, "max_depth": 5.0, "num_boost_round": 17.0}, "datetime": {"datetime": "2024-01-19 01:36:00", "elapsed": 5091.959816, "delta": 0.005343}}
{"target": -13.75843698797282, "params": {"gamma": 568.5603584263977, "log10_alpha": -3.5954815009186136, "log10_colsample_bytree": -0.5454991173178606, "log10_eta": -3.0781193532270716, "log10_lambda": -1.9583935217488277, "log10_min_child_weight": 3.955902701378749, "log10_subsample": -0.33735506087848555, "max_depth": 5.0, "num_boost_round": 18.0}, "datetime": {"datetime": "2024-01-19 01:36:00", "elapsed": 5091.964969, "delta": 0.005153}}
{"target": -13.758417167856221, "params": {"gamma": 568.5603584263977, "log10_alpha": -3.5954815009186136, "log10_colsample_bytree": -0.5454991173178606, "log10_eta": -3.0781193532270716, "log10_lambda": -1.9583935217488277, "log10_min_child_weight": 3.955902701378749, "log10_subsample": -0.33735506087848555, "max_depth": 5.0, "num_boost_round": 19.0}, "datetime": {"datetime": "2024-01-19 01:36:00", "elapsed": 5091.970266, "delta": 0.005297}}
{"target": -13.758408758212191, "params": {"gamma": 568.5603584263977, "log10_alpha": -3.5954815009186136, "log10_colsample_bytree": -0.5454991173178606, "log10_eta": -3.0781193532270716, "log10_lambda": -1.9583935217488277, "log10_min_child_weight": 3.955902701378749, "log10_subsample": -0.33735506087848555, "max_depth": 5.0, "num_boost_round": 20.0}, "datetime": {"datetime": "2024-01-19 01:36:00", "elapsed": 5091.975582, "delta": 0.005316}}
{"target": -13.758399400938243, "params": {"gamma": 568.5603584263977, "log10_alpha": -3.5954815009186136, "log10_colsample_bytree": -0.5454991173178606, "log10_eta": -3.0781193532270716, "log10_lambda": -1.9583935217488277, "log10_min_child_weight": 3.955902701378749, "log10_subsample": -0.33735506087848555, "max_depth": 5.0, "num_boost_round": 21.0}, "datetime": {"datetime": "2024-01-19 01:36:00", "elapsed": 5091.980736, "delta": 0.005154}}
{"target": -13.758410431839604, "params": {"gamma": 568.5603584263977, "log10_alpha": -3.5954815009186136, "log10_colsample_bytree": -0.5454991173178606, "log10_eta": -3.0781193532270716, "log10_lambda": -1.9583935217488277, "log10_min_child_weight": 3.955902701378749, "log10_subsample": -0.33735506087848555, "max_depth": 5.0, "num_boost_round": 22.0}, "datetime": {"datetime": "2024-01-19 01:36:00", "elapsed": 5091.986112, "delta": 0.005376}}
{"target": -13.758410702128224, "params": {"gamma": 568.5603584263977, "log10_alpha": -3.5954815009186136, "log10_colsample_bytree": -0.5454991173178606, "log10_eta": -3.0781193532270716, "log10_lambda": -1.9583935217488277, "log10_min_child_weight": 3.955902701378749, "log10_subsample": -0.33735506087848555, "max_depth": 5.0, "num_boost_round": 23.0}, "datetime": {"datetime": "2024-01-19 01:36:00", "elapsed": 5091.991257, "delta": 0.005145}}
{"target": -13.758412292504726, "params": {"gamma": 568.5603584263977, "log10_alpha": -3.5954815009186136, "log10_colsample_bytree": -0.5454991173178606, "log10_eta": -3.0781193532270716, "log10_lambda": -1.9583935217488277, "log10_min_child_weight": 3.955902701378749, "log10_subsample": -0.33735506087848555, "max_depth": 5.0, "num_boost_round": 24.0}, "datetime": {"datetime": "2024-01-19 01:36:00", "elapsed": 5091.996402, "delta": 0.005145}}
{"target": -13.758417899788853, "params": {"gamma": 568.5603584263977, "log10_alpha": -3.5954815009186136, "log10_colsample_bytree": -0.5454991173178606, "log10_eta": -3.0781193532270716, "log10_lambda": -1.9583935217488277, "log10_min_child_weight": 3.955902701378749, "log10_subsample": -0.33735506087848555, "max_depth": 5.0, "num_boost_round": 25.0}, "datetime": {"datetime": "2024-01-19 01:36:00", "elapsed": 5092.001641, "delta": 0.005239}}
{"target": -13.758423270109668, "params": {"gamma": 568.5603584263977, "log10_alpha": -3.5954815009186136, "log10_colsample_bytree": -0.5454991173178606, "log10_eta": -3.0781193532270716, "log10_lambda": -1.9583935217488277, "log10_min_child_weight": 3.955902701378749, "log10_subsample": -0.33735506087848555, "max_depth": 5.0, "num_boost_round": 26.0}, "datetime": {"datetime": "2024-01-19 01:36:00", "elapsed": 5092.007323, "delta": 0.005682}}
{"target": -13.758410014162857, "params": {"gamma": 568.5603584263977, "log10_alpha": -3.5954815009186136, "log10_colsample_bytree": -0.5454991173178606, "log10_eta": -3.0781193532270716, "log10_lambda": -1.9583935217488277, "log10_min_child_weight": 3.955902701378749, "log10_subsample": -0.33735506087848555, "max_depth": 5.0, "num_boost_round": 27.0}, "datetime": {"datetime": "2024-01-19 01:36:00", "elapsed": 5092.012501, "delta": 0.005178}}
{"target": -13.75840003954018, "params": {"gamma": 568.5603584263977, "log10_alpha": -3.5954815009186136, "log10_colsample_bytree": -0.5454991173178606, "log10_eta": -3.0781193532270716, "log10_lambda": -1.9583935217488277, "log10_min_child_weight": 3.955902701378749, "log10_subsample": -0.33735506087848555, "max_depth": 5.0, "num_boost_round": 28.0}, "datetime": {"datetime": "2024-01-19 01:36:00", "elapsed": 5092.017635, "delta": 0.005134}}
{"target": -13.758389838941895, "params": {"gamma": 568.5603584263977, "log10_alpha": -3.5954815009186136, "log10_colsample_bytree": -0.5454991173178606, "log10_eta": -3.0781193532270716, "log10_lambda": -1.9583935217488277, "log10_min_child_weight": 3.955902701378749, "log10_subsample": -0.33735506087848555, "max_depth": 5.0, "num_boost_round": 29.0}, "datetime": {"datetime": "2024-01-19 01:36:00", "elapsed": 5092.022798, "delta": 0.005163}}
{"target": -13.758378509539657, "params": {"gamma": 568.5603584263977, "log10_alpha": -3.5954815009186136, "log10_colsample_bytree": -0.5454991173178606, "log10_eta": -3.0781193532270716, "log10_lambda": -1.9583935217488277, "log10_min_child_weight": 3.955902701378749, "log10_subsample": -0.33735506087848555, "max_depth": 5.0, "num_boost_round": 30.0}, "datetime": {"datetime": "2024-01-19 01:36:00", "elapsed": 5092.028262, "delta": 0.005464}}
{"target": -13.758359570002813, "params": {"gamma": 568.5603584263977, "log10_alpha": -3.5954815009186136, "log10_colsample_bytree": -0.5454991173178606, "log10_eta": -3.0781193532270716, "log10_lambda": -1.9583935217488277, "log10_min_child_weight": 3.955902701378749, "log10_subsample": -0.33735506087848555, "max_depth": 5.0, "num_boost_round": 31.0}, "datetime": {"datetime": "2024-01-19 01:36:00", "elapsed": 5092.033541, "delta": 0.005279}}
{"target": -13.758367758076279, "params": {"gamma": 568.5603584263977, "log10_alpha": -3.5954815009186136, "log10_colsample_bytree": -0.5454991173178606, "log10_eta": -3.0781193532270716, "log10_lambda": -1.9583935217488277, "log10_min_child_weight": 3.955902701378749, "log10_subsample": -0.33735506087848555, "max_depth": 5.0, "num_boost_round": 32.0}, "datetime": {"datetime": "2024-01-19 01:36:00", "elapsed": 5092.038862, "delta": 0.005321}}
