{"target": -17.67721238664068, "params": {"gamma": 171.73407693468067, "log10_alpha": -0.4311681541810142, "log10_colsample_bytree": -0.566080149167785, "log10_eta": -3.7064022313974223, "log10_lambda": -1.5644095796397255, "log10_min_child_weight": 2.4132892393078, "log10_subsample": -0.41268159878542654, "max_depth": 2.0, "num_boost_round": 4.0}, "datetime": {"datetime": "2024-01-19 00:54:39", "elapsed": 2563.832543, "delta": 0.003232}}
{"target": -17.67720845354183, "params": {"gamma": 171.73407693468067, "log10_alpha": -0.4311681541810142, "log10_colsample_bytree": -0.566080149167785, "log10_eta": -3.7064022313974223, "log10_lambda": -1.5644095796397255, "log10_min_child_weight": 2.4132892393078, "log10_subsample": -0.41268159878542654, "max_depth": 2.0, "num_boost_round": 5.0}, "datetime": {"datetime": "2024-01-19 00:54:39", "elapsed": 2563.835782, "delta": 0.003239}}
{"target": -17.677206369523198, "params": {"gamma": 171.73407693468067, "log10_alpha": -0.4311681541810142, "log10_colsample_bytree": -0.566080149167785, "log10_eta": -3.7064022313974223, "log10_lambda": -1.5644095796397255, "log10_min_child_weight": 2.4132892393078, "log10_subsample": -0.41268159878542654, "max_depth": 2.0, "num_boost_round": 6.0}, "datetime": {"datetime": "2024-01-19 00:54:39", "elapsed": 2563.839048, "delta": 0.003266}}
{"target": -17.677202770047113, "params": {"gamma": 171.73407693468067, "log10_alpha": -0.4311681541810142, "log10_colsample_bytree": -0.566080149167785, "log10_eta": -3.7064022313974223, "log10_lambda": -1.5644095796397255, "log10_min_child_weight": 2.4132892393078, "log10_subsample": -0.41268159878542654, "max_depth": 2.0, "num_boost_round": 7.0}, "datetime": {"datetime": "2024-01-19 00:54:39", "elapsed": 2563.842505, "delta": 0.003457}}
{"target": -17.67719808928172, "params": {"gamma": 171.73407693468067, "log10_alpha": -0.4311681541810142, "log10_colsample_bytree": -0.566080149167785, "log10_eta": -3.7064022313974223, "log10_lambda": -1.5644095796397255, "log10_min_child_weight": 2.4132892393078, "log10_subsample": -0.41268159878542654, "max_depth": 2.0, "num_boost_round": 8.0}, "datetime": {"datetime": "2024-01-19 00:54:39", "elapsed": 2563.845875, "delta": 0.00337}}
{"target": -17.67719128879718, "params": {"gamma": 171.73407693468067, "log10_alpha": -0.4311681541810142, "log10_colsample_bytree": -0.566080149167785, "log10_eta": -3.7064022313974223, "log10_lambda": -1.5644095796397255, "log10_min_child_weight": 2.4132892393078, "log10_subsample": -0.41268159878542654, "max_depth": 2.0, "num_boost_round": 9.0}, "datetime": {"datetime": "2024-01-19 00:54:39", "elapsed": 2563.849443, "delta": 0.003568}}
{"target": -17.677187123467206, "params": {"gamma": 171.73407693468067, "log10_alpha": -0.4311681541810142, "log10_colsample_bytree": -0.566080149167785, "log10_eta": -3.7064022313974223, "log10_lambda": -1.5644095796397255, "log10_min_child_weight": 2.4132892393078, "log10_subsample": -0.41268159878542654, "max_depth": 2.0, "num_boost_round": 10.0}, "datetime": {"datetime": "2024-01-19 00:54:39", "elapsed": 2563.852817, "delta": 0.003374}}
{"target": -17.677181551886356, "params": {"gamma": 171.73407693468067, "log10_alpha": -0.4311681541810142, "log10_colsample_bytree": -0.566080149167785, "log10_eta": -3.7064022313974223, "log10_lambda": -1.5644095796397255, "log10_min_child_weight": 2.4132892393078, "log10_subsample": -0.41268159878542654, "max_depth": 2.0, "num_boost_round": 11.0}, "datetime": {"datetime": "2024-01-19 00:54:39", "elapsed": 2563.856023, "delta": 0.003206}}
{"target": -17.67717670264844, "params": {"gamma": 171.73407693468067, "log10_alpha": -0.4311681541810142, "log10_colsample_bytree": -0.566080149167785, "log10_eta": -3.7064022313974223, "log10_lambda": -1.5644095796397255, "log10_min_child_weight": 2.4132892393078, "log10_subsample": -0.41268159878542654, "max_depth": 2.0, "num_boost_round": 12.0}, "datetime": {"datetime": "2024-01-19 00:54:39", "elapsed": 2563.859317, "delta": 0.003294}}
{"target": -17.67717043550692, "params": {"gamma": 171.73407693468067, "log10_alpha": -0.4311681541810142, "log10_colsample_bytree": -0.566080149167785, "log10_eta": -3.7064022313974223, "log10_lambda": -1.5644095796397255, "log10_min_child_weight": 2.4132892393078, "log10_subsample": -0.41268159878542654, "max_depth": 2.0, "num_boost_round": 13.0}, "datetime": {"datetime": "2024-01-19 00:54:39", "elapsed": 2563.862536, "delta": 0.003219}}
{"target": -17.677169301003328, "params": {"gamma": 171.73407693468067, "log10_alpha": -0.4311681541810142, "log10_colsample_bytree": -0.566080149167785, "log10_eta": -3.7064022313974223, "log10_lambda": -1.5644095796397255, "log10_min_child_weight": 2.4132892393078, "log10_subsample": -0.41268159878542654, "max_depth": 2.0, "num_boost_round": 14.0}, "datetime": {"datetime": "2024-01-19 00:54:39", "elapsed": 2563.865869, "delta": 0.003333}}
{"target": -17.67716422497018, "params": {"gamma": 171.73407693468067, "log10_alpha": -0.4311681541810142, "log10_colsample_bytree": -0.566080149167785, "log10_eta": -3.7064022313974223, "log10_lambda": -1.5644095796397255, "log10_min_child_weight": 2.4132892393078, "log10_subsample": -0.41268159878542654, "max_depth": 2.0, "num_boost_round": 15.0}, "datetime": {"datetime": "2024-01-19 00:54:39", "elapsed": 2563.869383, "delta": 0.003514}}
{"target": -17.677160784121483, "params": {"gamma": 171.73407693468067, "log10_alpha": -0.4311681541810142, "log10_colsample_bytree": -0.566080149167785, "log10_eta": -3.7064022313974223, "log10_lambda": -1.5644095796397255, "log10_min_child_weight": 2.4132892393078, "log10_subsample": -0.41268159878542654, "max_depth": 2.0, "num_boost_round": 16.0}, "datetime": {"datetime": "2024-01-19 00:54:39", "elapsed": 2563.872648, "delta": 0.003265}}
{"target": -17.677157431168123, "params": {"gamma": 171.73407693468067, "log10_alpha": -0.4311681541810142, "log10_colsample_bytree": -0.566080149167785, "log10_eta": -3.7064022313974223, "log10_lambda": -1.5644095796397255, "log10_min_child_weight": 2.4132892393078, "log10_subsample": -0.41268159878542654, "max_depth": 2.0, "num_boost_round": 17.0}, "datetime": {"datetime": "2024-01-19 00:54:39", "elapsed": 2563.875856, "delta": 0.003208}}
{"target": -17.67715114441774, "params": {"gamma": 171.73407693468067, "log10_alpha": -0.4311681541810142, "log10_colsample_bytree": -0.566080149167785, "log10_eta": -3.7064022313974223, "log10_lambda": -1.5644095796397255, "log10_min_child_weight": 2.4132892393078, "log10_subsample": -0.41268159878542654, "max_depth": 2.0, "num_boost_round": 18.0}, "datetime": {"datetime": "2024-01-19 00:54:39", "elapsed": 2563.879114, "delta": 0.003258}}
{"target": -17.67714630980349, "params": {"gamma": 171.73407693468067, "log10_alpha": -0.4311681541810142, "log10_colsample_bytree": -0.566080149167785, "log10_eta": -3.7064022313974223, "log10_lambda": -1.5644095796397255, "log10_min_child_weight": 2.4132892393078, "log10_subsample": -0.41268159878542654, "max_depth": 2.0, "num_boost_round": 19.0}, "datetime": {"datetime": "2024-01-19 00:54:39", "elapsed": 2563.882375, "delta": 0.003261}}
{"target": -17.677140829599647, "params": {"gamma": 171.73407693468067, "log10_alpha": -0.4311681541810142, "log10_colsample_bytree": -0.566080149167785, "log10_eta": -3.7064022313974223, "log10_lambda": -1.5644095796397255, "log10_min_child_weight": 2.4132892393078, "log10_subsample": -0.41268159878542654, "max_depth": 2.0, "num_boost_round": 20.0}, "datetime": {"datetime": "2024-01-19 00:54:39", "elapsed": 2563.885553, "delta": 0.003178}}
{"target": -17.677135827803784, "params": {"gamma": 171.73407693468067, "log10_alpha": -0.4311681541810142, "log10_colsample_bytree": -0.566080149167785, "log10_eta": -3.7064022313974223, "log10_lambda": -1.5644095796397255, "log10_min_child_weight": 2.4132892393078, "log10_subsample": -0.41268159878542654, "max_depth": 2.0, "num_boost_round": 21.0}, "datetime": {"datetime": "2024-01-19 00:54:39", "elapsed": 2563.889093, "delta": 0.00354}}
{"target": -17.67713255576833, "params": {"gamma": 171.73407693468067, "log10_alpha": -0.4311681541810142, "log10_colsample_bytree": -0.566080149167785, "log10_eta": -3.7064022313974223, "log10_lambda": -1.5644095796397255, "log10_min_child_weight": 2.4132892393078, "log10_subsample": -0.41268159878542654, "max_depth": 2.0, "num_boost_round": 22.0}, "datetime": {"datetime": "2024-01-19 00:54:39", "elapsed": 2563.892478, "delta": 0.003385}}
{"target": -17.677127003134622, "params": {"gamma": 171.73407693468067, "log10_alpha": -0.4311681541810142, "log10_colsample_bytree": -0.566080149167785, "log10_eta": -3.7064022313974223, "log10_lambda": -1.5644095796397255, "log10_min_child_weight": 2.4132892393078, "log10_subsample": -0.41268159878542654, "max_depth": 2.0, "num_boost_round": 23.0}, "datetime": {"datetime": "2024-01-19 00:54:39", "elapsed": 2563.895701, "delta": 0.003223}}
{"target": -17.677126473200428, "params": {"gamma": 171.73407693468067, "log10_alpha": -0.4311681541810142, "log10_colsample_bytree": -0.566080149167785, "log10_eta": -3.7064022313974223, "log10_lambda": -1.5644095796397255, "log10_min_child_weight": 2.4132892393078, "log10_subsample": -0.41268159878542654, "max_depth": 2.0, "num_boost_round": 24.0}, "datetime": {"datetime": "2024-01-19 00:54:39", "elapsed": 2563.898982, "delta": 0.003281}}
{"target": -17.677120730656586, "params": {"gamma": 171.73407693468067, "log10_alpha": -0.4311681541810142, "log10_colsample_bytree": -0.566080149167785, "log10_eta": -3.7064022313974223, "log10_lambda": -1.5644095796397255, "log10_min_child_weight": 2.4132892393078, "log10_subsample": -0.41268159878542654, "max_depth": 2.0, "num_boost_round": 25.0}, "datetime": {"datetime": "2024-01-19 00:54:39", "elapsed": 2563.902198, "delta": 0.003216}}
{"target": -17.677118436737143, "params": {"gamma": 171.73407693468067, "log10_alpha": -0.4311681541810142, "log10_colsample_bytree": -0.566080149167785, "log10_eta": -3.7064022313974223, "log10_lambda": -1.5644095796397255, "log10_min_child_weight": 2.4132892393078, "log10_subsample": -0.41268159878542654, "max_depth": 2.0, "num_boost_round": 26.0}, "datetime": {"datetime": "2024-01-19 00:54:39", "elapsed": 2563.905356, "delta": 0.003158}}
{"target": -17.677117994123687, "params": {"gamma": 171.73407693468067, "log10_alpha": -0.4311681541810142, "log10_colsample_bytree": -0.566080149167785, "log10_eta": -3.7064022313974223, "log10_lambda": -1.5644095796397255, "log10_min_child_weight": 2.4132892393078, "log10_subsample": -0.41268159878542654, "max_depth": 2.0, "num_boost_round": 27.0}, "datetime": {"datetime": "2024-01-19 00:54:39", "elapsed": 2563.908737, "delta": 0.003381}}
{"target": -17.677113609262964, "params": {"gamma": 171.73407693468067, "log10_alpha": -0.4311681541810142, "log10_colsample_bytree": -0.566080149167785, "log10_eta": -3.7064022313974223, "log10_lambda": -1.5644095796397255, "log10_min_child_weight": 2.4132892393078, "log10_subsample": -0.41268159878542654, "max_depth": 2.0, "num_boost_round": 28.0}, "datetime": {"datetime": "2024-01-19 00:54:39", "elapsed": 2563.911929, "delta": 0.003192}}
{"target": -17.677108774323404, "params": {"gamma": 171.73407693468067, "log10_alpha": -0.4311681541810142, "log10_colsample_bytree": -0.566080149167785, "log10_eta": -3.7064022313974223, "log10_lambda": -1.5644095796397255, "log10_min_child_weight": 2.4132892393078, "log10_subsample": -0.41268159878542654, "max_depth": 2.0, "num_boost_round": 29.0}, "datetime": {"datetime": "2024-01-19 00:54:39", "elapsed": 2563.915148, "delta": 0.003219}}
{"target": -17.67710605889194, "params": {"gamma": 171.73407693468067, "log10_alpha": -0.4311681541810142, "log10_colsample_bytree": -0.566080149167785, "log10_eta": -3.7064022313974223, "log10_lambda": -1.5644095796397255, "log10_min_child_weight": 2.4132892393078, "log10_subsample": -0.41268159878542654, "max_depth": 2.0, "num_boost_round": 30.0}, "datetime": {"datetime": "2024-01-19 00:54:39", "elapsed": 2563.91837, "delta": 0.003222}}
{"target": -17.67710073016164, "params": {"gamma": 171.73407693468067, "log10_alpha": -0.4311681541810142, "log10_colsample_bytree": -0.566080149167785, "log10_eta": -3.7064022313974223, "log10_lambda": -1.5644095796397255, "log10_min_child_weight": 2.4132892393078, "log10_subsample": -0.41268159878542654, "max_depth": 2.0, "num_boost_round": 31.0}, "datetime": {"datetime": "2024-01-19 00:54:39", "elapsed": 2563.921733, "delta": 0.003363}}
{"target": -17.677097335830464, "params": {"gamma": 171.73407693468067, "log10_alpha": -0.4311681541810142, "log10_colsample_bytree": -0.566080149167785, "log10_eta": -3.7064022313974223, "log10_lambda": -1.5644095796397255, "log10_min_child_weight": 2.4132892393078, "log10_subsample": -0.41268159878542654, "max_depth": 2.0, "num_boost_round": 32.0}, "datetime": {"datetime": "2024-01-19 00:54:39", "elapsed": 2563.925022, "delta": 0.003289}}
{"target": -17.677089355271203, "params": {"gamma": 171.73407693468067, "log10_alpha": -0.4311681541810142, "log10_colsample_bytree": -0.566080149167785, "log10_eta": -3.7064022313974223, "log10_lambda": -1.5644095796397255, "log10_min_child_weight": 2.4132892393078, "log10_subsample": -0.41268159878542654, "max_depth": 2.0, "num_boost_round": 33.0}, "datetime": {"datetime": "2024-01-19 00:54:39", "elapsed": 2563.928463, "delta": 0.003441}}
{"target": -17.677084306512917, "params": {"gamma": 171.73407693468067, "log10_alpha": -0.4311681541810142, "log10_colsample_bytree": -0.566080149167785, "log10_eta": -3.7064022313974223, "log10_lambda": -1.5644095796397255, "log10_min_child_weight": 2.4132892393078, "log10_subsample": -0.41268159878542654, "max_depth": 2.0, "num_boost_round": 34.0}, "datetime": {"datetime": "2024-01-19 00:54:39", "elapsed": 2563.931779, "delta": 0.003316}}
{"target": -17.677080467624677, "params": {"gamma": 171.73407693468067, "log10_alpha": -0.4311681541810142, "log10_colsample_bytree": -0.566080149167785, "log10_eta": -3.7064022313974223, "log10_lambda": -1.5644095796397255, "log10_min_child_weight": 2.4132892393078, "log10_subsample": -0.41268159878542654, "max_depth": 2.0, "num_boost_round": 35.0}, "datetime": {"datetime": "2024-01-19 00:54:39", "elapsed": 2563.935093, "delta": 0.003314}}
{"target": -17.677077137848645, "params": {"gamma": 171.73407693468067, "log10_alpha": -0.4311681541810142, "log10_colsample_bytree": -0.566080149167785, "log10_eta": -3.7064022313974223, "log10_lambda": -1.5644095796397255, "log10_min_child_weight": 2.4132892393078, "log10_subsample": -0.41268159878542654, "max_depth": 2.0, "num_boost_round": 36.0}, "datetime": {"datetime": "2024-01-19 00:54:39", "elapsed": 2563.938521, "delta": 0.003428}}
{"target": -17.67707497949185, "params": {"gamma": 171.73407693468067, "log10_alpha": -0.4311681541810142, "log10_colsample_bytree": -0.566080149167785, "log10_eta": -3.7064022313974223, "log10_lambda": -1.5644095796397255, "log10_min_child_weight": 2.4132892393078, "log10_subsample": -0.41268159878542654, "max_depth": 2.0, "num_boost_round": 37.0}, "datetime": {"datetime": "2024-01-19 00:54:39", "elapsed": 2563.941983, "delta": 0.003462}}
{"target": -17.67707048584893, "params": {"gamma": 171.73407693468067, "log10_alpha": -0.4311681541810142, "log10_colsample_bytree": -0.566080149167785, "log10_eta": -3.7064022313974223, "log10_lambda": -1.5644095796397255, "log10_min_child_weight": 2.4132892393078, "log10_subsample": -0.41268159878542654, "max_depth": 2.0, "num_boost_round": 38.0}, "datetime": {"datetime": "2024-01-19 00:54:39", "elapsed": 2563.945289, "delta": 0.003306}}
{"target": -17.677068507005323, "params": {"gamma": 171.73407693468067, "log10_alpha": -0.4311681541810142, "log10_colsample_bytree": -0.566080149167785, "log10_eta": -3.7064022313974223, "log10_lambda": -1.5644095796397255, "log10_min_child_weight": 2.4132892393078, "log10_subsample": -0.41268159878542654, "max_depth": 2.0, "num_boost_round": 39.0}, "datetime": {"datetime": "2024-01-19 00:54:39", "elapsed": 2563.948755, "delta": 0.003466}}
{"target": -17.677063013711994, "params": {"gamma": 171.73407693468067, "log10_alpha": -0.4311681541810142, "log10_colsample_bytree": -0.566080149167785, "log10_eta": -3.7064022313974223, "log10_lambda": -1.5644095796397255, "log10_min_child_weight": 2.4132892393078, "log10_subsample": -0.41268159878542654, "max_depth": 2.0, "num_boost_round": 40.0}, "datetime": {"datetime": "2024-01-19 00:54:39", "elapsed": 2563.952136, "delta": 0.003381}}
{"target": -17.677060798211826, "params": {"gamma": 171.73407693468067, "log10_alpha": -0.4311681541810142, "log10_colsample_bytree": -0.566080149167785, "log10_eta": -3.7064022313974223, "log10_lambda": -1.5644095796397255, "log10_min_child_weight": 2.4132892393078, "log10_subsample": -0.41268159878542654, "max_depth": 2.0, "num_boost_round": 41.0}, "datetime": {"datetime": "2024-01-19 00:54:39", "elapsed": 2563.955509, "delta": 0.003373}}
{"target": -17.677054485155313, "params": {"gamma": 171.73407693468067, "log10_alpha": -0.4311681541810142, "log10_colsample_bytree": -0.566080149167785, "log10_eta": -3.7064022313974223, "log10_lambda": -1.5644095796397255, "log10_min_child_weight": 2.4132892393078, "log10_subsample": -0.41268159878542654, "max_depth": 2.0, "num_boost_round": 42.0}, "datetime": {"datetime": "2024-01-19 00:54:39", "elapsed": 2563.958908, "delta": 0.003399}}
{"target": -17.677224662954778, "params": {"gamma": 841.9345053607691, "log10_alpha": -1.3255007921062716, "log10_colsample_bytree": -0.7410409951313179, "log10_eta": -3.56783124553782, "log10_lambda": 0.8167349665949448, "log10_min_child_weight": 4.316712440189071, "log10_subsample": -0.2073518555242405, "max_depth": 9.0, "num_boost_round": 0.0}, "datetime": {"datetime": "2024-01-19 00:56:15", "elapsed": 2660.186997, "delta": 96.228089}}
{"target": -17.677220012363286, "params": {"gamma": 841.9345053607691, "log10_alpha": -1.3255007921062716, "log10_colsample_bytree": -0.7410409951313179, "log10_eta": -3.56783124553782, "log10_lambda": 0.8167349665949448, "log10_min_child_weight": 4.316712440189071, "log10_subsample": -0.2073518555242405, "max_depth": 9.0, "num_boost_round": 1.0}, "datetime": {"datetime": "2024-01-19 00:56:15", "elapsed": 2660.191176, "delta": 0.004179}}
{"target": -17.677220050139805, "params": {"gamma": 841.9345053607691, "log10_alpha": -1.3255007921062716, "log10_colsample_bytree": -0.7410409951313179, "log10_eta": -3.56783124553782, "log10_lambda": 0.8167349665949448, "log10_min_child_weight": 4.316712440189071, "log10_subsample": -0.2073518555242405, "max_depth": 9.0, "num_boost_round": 2.0}, "datetime": {"datetime": "2024-01-19 00:56:15", "elapsed": 2660.19487, "delta": 0.003694}}
{"target": -17.67721653220121, "params": {"gamma": 841.9345053607691, "log10_alpha": -1.3255007921062716, "log10_colsample_bytree": -0.7410409951313179, "log10_eta": -3.56783124553782, "log10_lambda": 0.8167349665949448, "log10_min_child_weight": 4.316712440189071, "log10_subsample": -0.2073518555242405, "max_depth": 9.0, "num_boost_round": 3.0}, "datetime": {"datetime": "2024-01-19 00:56:15", "elapsed": 2660.198535, "delta": 0.003665}}
{"target": -17.677209285152706, "params": {"gamma": 841.9345053607691, "log10_alpha": -1.3255007921062716, "log10_colsample_bytree": -0.7410409951313179, "log10_eta": -3.56783124553782, "log10_lambda": 0.8167349665949448, "log10_min_child_weight": 4.316712440189071, "log10_subsample": -0.2073518555242405, "max_depth": 9.0, "num_boost_round": 4.0}, "datetime": {"datetime": "2024-01-19 00:56:15", "elapsed": 2660.202149, "delta": 0.003614}}
{"target": -17.677207439840263, "params": {"gamma": 841.9345053607691, "log10_alpha": -1.3255007921062716, "log10_colsample_bytree": -0.7410409951313179, "log10_eta": -3.56783124553782, "log10_lambda": 0.8167349665949448, "log10_min_child_weight": 4.316712440189071, "log10_subsample": -0.2073518555242405, "max_depth": 9.0, "num_boost_round": 5.0}, "datetime": {"datetime": "2024-01-19 00:56:15", "elapsed": 2660.205622, "delta": 0.003473}}
{"target": -17.677207161931126, "params": {"gamma": 841.9345053607691, "log10_alpha": -1.3255007921062716, "log10_colsample_bytree": -0.7410409951313179, "log10_eta": -3.56783124553782, "log10_lambda": 0.8167349665949448, "log10_min_child_weight": 4.316712440189071, "log10_subsample": -0.2073518555242405, "max_depth": 9.0, "num_boost_round": 6.0}, "datetime": {"datetime": "2024-01-19 00:56:15", "elapsed": 2660.209087, "delta": 0.003465}}
{"target": -17.677199061384893, "params": {"gamma": 841.9345053607691, "log10_alpha": -1.3255007921062716, "log10_colsample_bytree": -0.7410409951313179, "log10_eta": -3.56783124553782, "log10_lambda": 0.8167349665949448, "log10_min_child_weight": 4.316712440189071, "log10_subsample": -0.2073518555242405, "max_depth": 9.0, "num_boost_round": 7.0}, "datetime": {"datetime": "2024-01-19 00:56:15", "elapsed": 2660.21248, "delta": 0.003393}}
{"target": -17.67719932234164, "params": {"gamma": 841.9345053607691, "log10_alpha": -1.3255007921062716, "log10_colsample_bytree": -0.7410409951313179, "log10_eta": -3.56783124553782, "log10_lambda": 0.8167349665949448, "log10_min_child_weight": 4.316712440189071, "log10_subsample": -0.2073518555242405, "max_depth": 9.0, "num_boost_round": 8.0}, "datetime": {"datetime": "2024-01-19 00:56:15", "elapsed": 2660.215979, "delta": 0.003499}}
{"target": -17.677199124959003, "params": {"gamma": 841.9345053607691, "log10_alpha": -1.3255007921062716, "log10_colsample_bytree": -0.7410409951313179, "log10_eta": -3.56783124553782, "log10_lambda": 0.8167349665949448, "log10_min_child_weight": 4.316712440189071, "log10_subsample": -0.2073518555242405, "max_depth": 9.0, "num_boost_round": 9.0}, "datetime": {"datetime": "2024-01-19 00:56:15", "elapsed": 2660.219398, "delta": 0.003419}}
