{"target": -17.67650109163866, "params": {"gamma": 613.5122177821706, "log10_alpha": -3.3956514210963125, "log10_colsample_bytree": -0.7442683357305452, "log10_eta": -3.4903658230987222, "log10_lambda": 0.47700980692032413, "log10_min_child_weight": 2.3534262099750918, "log10_subsample": -0.5951940343722811, "max_depth": 4.0, "num_boost_round": 70.0}, "datetime": {"datetime": "2024-01-19 02:43:32", "elapsed": 9092.984644, "delta": 0.007574}}
{"target": -17.676490863083885, "params": {"gamma": 613.5122177821706, "log10_alpha": -3.3956514210963125, "log10_colsample_bytree": -0.7442683357305452, "log10_eta": -3.4903658230987222, "log10_lambda": 0.47700980692032413, "log10_min_child_weight": 2.3534262099750918, "log10_subsample": -0.5951940343722811, "max_depth": 4.0, "num_boost_round": 71.0}, "datetime": {"datetime": "2024-01-19 02:43:32", "elapsed": 9092.992115, "delta": 0.007471}}
{"target": -17.67648487269715, "params": {"gamma": 613.5122177821706, "log10_alpha": -3.3956514210963125, "log10_colsample_bytree": -0.7442683357305452, "log10_eta": -3.4903658230987222, "log10_lambda": 0.47700980692032413, "log10_min_child_weight": 2.3534262099750918, "log10_subsample": -0.5951940343722811, "max_depth": 4.0, "num_boost_round": 72.0}, "datetime": {"datetime": "2024-01-19 02:43:32", "elapsed": 9092.999643, "delta": 0.007528}}
{"target": -17.67646852131395, "params": {"gamma": 613.5122177821706, "log10_alpha": -3.3956514210963125, "log10_colsample_bytree": -0.7442683357305452, "log10_eta": -3.4903658230987222, "log10_lambda": 0.47700980692032413, "log10_min_child_weight": 2.3534262099750918, "log10_subsample": -0.5951940343722811, "max_depth": 4.0, "num_boost_round": 73.0}, "datetime": {"datetime": "2024-01-19 02:43:32", "elapsed": 9093.007157, "delta": 0.007514}}
{"target": -17.676466075349786, "params": {"gamma": 613.5122177821706, "log10_alpha": -3.3956514210963125, "log10_colsample_bytree": -0.7442683357305452, "log10_eta": -3.4903658230987222, "log10_lambda": 0.47700980692032413, "log10_min_child_weight": 2.3534262099750918, "log10_subsample": -0.5951940343722811, "max_depth": 4.0, "num_boost_round": 74.0}, "datetime": {"datetime": "2024-01-19 02:43:32", "elapsed": 9093.014599, "delta": 0.007442}}
{"target": -17.676446647977052, "params": {"gamma": 613.5122177821706, "log10_alpha": -3.3956514210963125, "log10_colsample_bytree": -0.7442683357305452, "log10_eta": -3.4903658230987222, "log10_lambda": 0.47700980692032413, "log10_min_child_weight": 2.3534262099750918, "log10_subsample": -0.5951940343722811, "max_depth": 4.0, "num_boost_round": 75.0}, "datetime": {"datetime": "2024-01-19 02:43:32", "elapsed": 9093.13548, "delta": 0.120881}}
{"target": -17.676427431756302, "params": {"gamma": 613.5122177821706, "log10_alpha": -3.3956514210963125, "log10_colsample_bytree": -0.7442683357305452, "log10_eta": -3.4903658230987222, "log10_lambda": 0.47700980692032413, "log10_min_child_weight": 2.3534262099750918, "log10_subsample": -0.5951940343722811, "max_depth": 4.0, "num_boost_round": 76.0}, "datetime": {"datetime": "2024-01-19 02:43:32", "elapsed": 9093.143292, "delta": 0.007812}}
{"target": -17.676423511572153, "params": {"gamma": 613.5122177821706, "log10_alpha": -3.3956514210963125, "log10_colsample_bytree": -0.7442683357305452, "log10_eta": -3.4903658230987222, "log10_lambda": 0.47700980692032413, "log10_min_child_weight": 2.3534262099750918, "log10_subsample": -0.5951940343722811, "max_depth": 4.0, "num_boost_round": 77.0}, "datetime": {"datetime": "2024-01-19 02:43:32", "elapsed": 9093.150824, "delta": 0.007532}}
{"target": -17.67641920387962, "params": {"gamma": 613.5122177821706, "log10_alpha": -3.3956514210963125, "log10_colsample_bytree": -0.7442683357305452, "log10_eta": -3.4903658230987222, "log10_lambda": 0.47700980692032413, "log10_min_child_weight": 2.3534262099750918, "log10_subsample": -0.5951940343722811, "max_depth": 4.0, "num_boost_round": 78.0}, "datetime": {"datetime": "2024-01-19 02:43:32", "elapsed": 9093.159651, "delta": 0.008827}}
{"target": -17.676416711816685, "params": {"gamma": 613.5122177821706, "log10_alpha": -3.3956514210963125, "log10_colsample_bytree": -0.7442683357305452, "log10_eta": -3.4903658230987222, "log10_lambda": 0.47700980692032413, "log10_min_child_weight": 2.3534262099750918, "log10_subsample": -0.5951940343722811, "max_depth": 4.0, "num_boost_round": 79.0}, "datetime": {"datetime": "2024-01-19 02:43:32", "elapsed": 9093.167612, "delta": 0.007961}}
{"target": -17.67640648476422, "params": {"gamma": 613.5122177821706, "log10_alpha": -3.3956514210963125, "log10_colsample_bytree": -0.7442683357305452, "log10_eta": -3.4903658230987222, "log10_lambda": 0.47700980692032413, "log10_min_child_weight": 2.3534262099750918, "log10_subsample": -0.5951940343722811, "max_depth": 4.0, "num_boost_round": 80.0}, "datetime": {"datetime": "2024-01-19 02:43:32", "elapsed": 9093.175724, "delta": 0.008112}}
{"target": -17.676390861108885, "params": {"gamma": 613.5122177821706, "log10_alpha": -3.3956514210963125, "log10_colsample_bytree": -0.7442683357305452, "log10_eta": -3.4903658230987222, "log10_lambda": 0.47700980692032413, "log10_min_child_weight": 2.3534262099750918, "log10_subsample": -0.5951940343722811, "max_depth": 4.0, "num_boost_round": 81.0}, "datetime": {"datetime": "2024-01-19 02:43:32", "elapsed": 9093.183815, "delta": 0.008091}}
{"target": -17.67638265016519, "params": {"gamma": 613.5122177821706, "log10_alpha": -3.3956514210963125, "log10_colsample_bytree": -0.7442683357305452, "log10_eta": -3.4903658230987222, "log10_lambda": 0.47700980692032413, "log10_min_child_weight": 2.3534262099750918, "log10_subsample": -0.5951940343722811, "max_depth": 4.0, "num_boost_round": 82.0}, "datetime": {"datetime": "2024-01-19 02:43:32", "elapsed": 9093.191425, "delta": 0.00761}}
{"target": -17.676367345499887, "params": {"gamma": 613.5122177821706, "log10_alpha": -3.3956514210963125, "log10_colsample_bytree": -0.7442683357305452, "log10_eta": -3.4903658230987222, "log10_lambda": 0.47700980692032413, "log10_min_child_weight": 2.3534262099750918, "log10_subsample": -0.5951940343722811, "max_depth": 4.0, "num_boost_round": 83.0}, "datetime": {"datetime": "2024-01-19 02:43:32", "elapsed": 9093.198646, "delta": 0.007221}}
{"target": -17.676360761102682, "params": {"gamma": 613.5122177821706, "log10_alpha": -3.3956514210963125, "log10_colsample_bytree": -0.7442683357305452, "log10_eta": -3.4903658230987222, "log10_lambda": 0.47700980692032413, "log10_min_child_weight": 2.3534262099750918, "log10_subsample": -0.5951940343722811, "max_depth": 4.0, "num_boost_round": 84.0}, "datetime": {"datetime": "2024-01-19 02:43:32", "elapsed": 9093.205911, "delta": 0.007265}}
{"target": -17.676362457078184, "params": {"gamma": 613.5122177821706, "log10_alpha": -3.3956514210963125, "log10_colsample_bytree": -0.7442683357305452, "log10_eta": -3.4903658230987222, "log10_lambda": 0.47700980692032413, "log10_min_child_weight": 2.3534262099750918, "log10_subsample": -0.5951940343722811, "max_depth": 4.0, "num_boost_round": 85.0}, "datetime": {"datetime": "2024-01-19 02:43:32", "elapsed": 9093.21321, "delta": 0.007299}}
{"target": -17.676343479430166, "params": {"gamma": 613.5122177821706, "log10_alpha": -3.3956514210963125, "log10_colsample_bytree": -0.7442683357305452, "log10_eta": -3.4903658230987222, "log10_lambda": 0.47700980692032413, "log10_min_child_weight": 2.3534262099750918, "log10_subsample": -0.5951940343722811, "max_depth": 4.0, "num_boost_round": 86.0}, "datetime": {"datetime": "2024-01-19 02:43:32", "elapsed": 9093.2206, "delta": 0.00739}}
{"target": -17.676348122992756, "params": {"gamma": 613.5122177821706, "log10_alpha": -3.3956514210963125, "log10_colsample_bytree": -0.7442683357305452, "log10_eta": -3.4903658230987222, "log10_lambda": 0.47700980692032413, "log10_min_child_weight": 2.3534262099750918, "log10_subsample": -0.5951940343722811, "max_depth": 4.0, "num_boost_round": 87.0}, "datetime": {"datetime": "2024-01-19 02:43:32", "elapsed": 9093.228071, "delta": 0.007471}}
{"target": -17.676327659700355, "params": {"gamma": 613.5122177821706, "log10_alpha": -3.3956514210963125, "log10_colsample_bytree": -0.7442683357305452, "log10_eta": -3.4903658230987222, "log10_lambda": 0.47700980692032413, "log10_min_child_weight": 2.3534262099750918, "log10_subsample": -0.5951940343722811, "max_depth": 4.0, "num_boost_round": 88.0}, "datetime": {"datetime": "2024-01-19 02:43:32", "elapsed": 9093.235522, "delta": 0.007451}}
{"target": -17.676319216647705, "params": {"gamma": 613.5122177821706, "log10_alpha": -3.3956514210963125, "log10_colsample_bytree": -0.7442683357305452, "log10_eta": -3.4903658230987222, "log10_lambda": 0.47700980692032413, "log10_min_child_weight": 2.3534262099750918, "log10_subsample": -0.5951940343722811, "max_depth": 4.0, "num_boost_round": 89.0}, "datetime": {"datetime": "2024-01-19 02:43:32", "elapsed": 9093.24266, "delta": 0.007138}}
{"target": -17.676313136493924, "params": {"gamma": 613.5122177821706, "log10_alpha": -3.3956514210963125, "log10_colsample_bytree": -0.7442683357305452, "log10_eta": -3.4903658230987222, "log10_lambda": 0.47700980692032413, "log10_min_child_weight": 2.3534262099750918, "log10_subsample": -0.5951940343722811, "max_depth": 4.0, "num_boost_round": 90.0}, "datetime": {"datetime": "2024-01-19 02:43:32", "elapsed": 9093.249794, "delta": 0.007134}}
{"target": -17.67630012720284, "params": {"gamma": 613.5122177821706, "log10_alpha": -3.3956514210963125, "log10_colsample_bytree": -0.7442683357305452, "log10_eta": -3.4903658230987222, "log10_lambda": 0.47700980692032413, "log10_min_child_weight": 2.3534262099750918, "log10_subsample": -0.5951940343722811, "max_depth": 4.0, "num_boost_round": 91.0}, "datetime": {"datetime": "2024-01-19 02:43:32", "elapsed": 9093.257032, "delta": 0.007238}}
{"target": -17.67629299087785, "params": {"gamma": 613.5122177821706, "log10_alpha": -3.3956514210963125, "log10_colsample_bytree": -0.7442683357305452, "log10_eta": -3.4903658230987222, "log10_lambda": 0.47700980692032413, "log10_min_child_weight": 2.3534262099750918, "log10_subsample": -0.5951940343722811, "max_depth": 4.0, "num_boost_round": 92.0}, "datetime": {"datetime": "2024-01-19 02:43:32", "elapsed": 9093.26525, "delta": 0.008218}}
{"target": -17.676268661283483, "params": {"gamma": 613.5122177821706, "log10_alpha": -3.3956514210963125, "log10_colsample_bytree": -0.7442683357305452, "log10_eta": -3.4903658230987222, "log10_lambda": 0.47700980692032413, "log10_min_child_weight": 2.3534262099750918, "log10_subsample": -0.5951940343722811, "max_depth": 4.0, "num_boost_round": 93.0}, "datetime": {"datetime": "2024-01-19 02:43:32", "elapsed": 9093.272866, "delta": 0.007616}}
{"target": -17.676265482634456, "params": {"gamma": 613.5122177821706, "log10_alpha": -3.3956514210963125, "log10_colsample_bytree": -0.7442683357305452, "log10_eta": -3.4903658230987222, "log10_lambda": 0.47700980692032413, "log10_min_child_weight": 2.3534262099750918, "log10_subsample": -0.5951940343722811, "max_depth": 4.0, "num_boost_round": 94.0}, "datetime": {"datetime": "2024-01-19 02:43:32", "elapsed": 9093.280044, "delta": 0.007178}}
{"target": -17.67626256638559, "params": {"gamma": 613.5122177821706, "log10_alpha": -3.3956514210963125, "log10_colsample_bytree": -0.7442683357305452, "log10_eta": -3.4903658230987222, "log10_lambda": 0.47700980692032413, "log10_min_child_weight": 2.3534262099750918, "log10_subsample": -0.5951940343722811, "max_depth": 4.0, "num_boost_round": 95.0}, "datetime": {"datetime": "2024-01-19 02:43:32", "elapsed": 9093.287293, "delta": 0.007249}}
{"target": -17.67625499545208, "params": {"gamma": 613.5122177821706, "log10_alpha": -3.3956514210963125, "log10_colsample_bytree": -0.7442683357305452, "log10_eta": -3.4903658230987222, "log10_lambda": 0.47700980692032413, "log10_min_child_weight": 2.3534262099750918, "log10_subsample": -0.5951940343722811, "max_depth": 4.0, "num_boost_round": 96.0}, "datetime": {"datetime": "2024-01-19 02:43:32", "elapsed": 9093.294441, "delta": 0.007148}}
{"target": -17.676254192728724, "params": {"gamma": 613.5122177821706, "log10_alpha": -3.3956514210963125, "log10_colsample_bytree": -0.7442683357305452, "log10_eta": -3.4903658230987222, "log10_lambda": 0.47700980692032413, "log10_min_child_weight": 2.3534262099750918, "log10_subsample": -0.5951940343722811, "max_depth": 4.0, "num_boost_round": 97.0}, "datetime": {"datetime": "2024-01-19 02:43:32", "elapsed": 9093.301677, "delta": 0.007236}}
{"target": -17.676253740235808, "params": {"gamma": 613.5122177821706, "log10_alpha": -3.3956514210963125, "log10_colsample_bytree": -0.7442683357305452, "log10_eta": -3.4903658230987222, "log10_lambda": 0.47700980692032413, "log10_min_child_weight": 2.3534262099750918, "log10_subsample": -0.5951940343722811, "max_depth": 4.0, "num_boost_round": 98.0}, "datetime": {"datetime": "2024-01-19 02:43:32", "elapsed": 9093.308825, "delta": 0.007148}}
{"target": -17.676243848903425, "params": {"gamma": 613.5122177821706, "log10_alpha": -3.3956514210963125, "log10_colsample_bytree": -0.7442683357305452, "log10_eta": -3.4903658230987222, "log10_lambda": 0.47700980692032413, "log10_min_child_weight": 2.3534262099750918, "log10_subsample": -0.5951940343722811, "max_depth": 4.0, "num_boost_round": 99.0}, "datetime": {"datetime": "2024-01-19 02:43:32", "elapsed": 9093.316314, "delta": 0.007489}}
{"target": -17.676226766646735, "params": {"gamma": 613.5122177821706, "log10_alpha": -3.3956514210963125, "log10_colsample_bytree": -0.7442683357305452, "log10_eta": -3.4903658230987222, "log10_lambda": 0.47700980692032413, "log10_min_child_weight": 2.3534262099750918, "log10_subsample": -0.5951940343722811, "max_depth": 4.0, "num_boost_round": 100.0}, "datetime": {"datetime": "2024-01-19 02:43:32", "elapsed": 9093.323518, "delta": 0.007204}}
{"target": -17.6762111957208, "params": {"gamma": 613.5122177821706, "log10_alpha": -3.3956514210963125, "log10_colsample_bytree": -0.7442683357305452, "log10_eta": -3.4903658230987222, "log10_lambda": 0.47700980692032413, "log10_min_child_weight": 2.3534262099750918, "log10_subsample": -0.5951940343722811, "max_depth": 4.0, "num_boost_round": 101.0}, "datetime": {"datetime": "2024-01-19 02:43:32", "elapsed": 9093.330751, "delta": 0.007233}}
{"target": -17.67618731862293, "params": {"gamma": 613.5122177821706, "log10_alpha": -3.3956514210963125, "log10_colsample_bytree": -0.7442683357305452, "log10_eta": -3.4903658230987222, "log10_lambda": 0.47700980692032413, "log10_min_child_weight": 2.3534262099750918, "log10_subsample": -0.5951940343722811, "max_depth": 4.0, "num_boost_round": 102.0}, "datetime": {"datetime": "2024-01-19 02:43:32", "elapsed": 9093.337915, "delta": 0.007164}}
{"target": -17.676176076060486, "params": {"gamma": 613.5122177821706, "log10_alpha": -3.3956514210963125, "log10_colsample_bytree": -0.7442683357305452, "log10_eta": -3.4903658230987222, "log10_lambda": 0.47700980692032413, "log10_min_child_weight": 2.3534262099750918, "log10_subsample": -0.5951940343722811, "max_depth": 4.0, "num_boost_round": 103.0}, "datetime": {"datetime": "2024-01-19 02:43:32", "elapsed": 9093.346318, "delta": 0.008403}}
{"target": -17.67617102624028, "params": {"gamma": 613.5122177821706, "log10_alpha": -3.3956514210963125, "log10_colsample_bytree": -0.7442683357305452, "log10_eta": -3.4903658230987222, "log10_lambda": 0.47700980692032413, "log10_min_child_weight": 2.3534262099750918, "log10_subsample": -0.5951940343722811, "max_depth": 4.0, "num_boost_round": 104.0}, "datetime": {"datetime": "2024-01-19 02:43:32", "elapsed": 9093.353754, "delta": 0.007436}}
{"target": -17.676158843123893, "params": {"gamma": 613.5122177821706, "log10_alpha": -3.3956514210963125, "log10_colsample_bytree": -0.7442683357305452, "log10_eta": -3.4903658230987222, "log10_lambda": 0.47700980692032413, "log10_min_child_weight": 2.3534262099750918, "log10_subsample": -0.5951940343722811, "max_depth": 4.0, "num_boost_round": 105.0}, "datetime": {"datetime": "2024-01-19 02:43:32", "elapsed": 9093.360958, "delta": 0.007204}}
{"target": -17.67615176331393, "params": {"gamma": 613.5122177821706, "log10_alpha": -3.3956514210963125, "log10_colsample_bytree": -0.7442683357305452, "log10_eta": -3.4903658230987222, "log10_lambda": 0.47700980692032413, "log10_min_child_weight": 2.3534262099750918, "log10_subsample": -0.5951940343722811, "max_depth": 4.0, "num_boost_round": 106.0}, "datetime": {"datetime": "2024-01-19 02:43:32", "elapsed": 9093.368163, "delta": 0.007205}}
{"target": -17.67614328937169, "params": {"gamma": 613.5122177821706, "log10_alpha": -3.3956514210963125, "log10_colsample_bytree": -0.7442683357305452, "log10_eta": -3.4903658230987222, "log10_lambda": 0.47700980692032413, "log10_min_child_weight": 2.3534262099750918, "log10_subsample": -0.5951940343722811, "max_depth": 4.0, "num_boost_round": 107.0}, "datetime": {"datetime": "2024-01-19 02:43:32", "elapsed": 9093.375306, "delta": 0.007143}}
{"target": -17.676128952636592, "params": {"gamma": 613.5122177821706, "log10_alpha": -3.3956514210963125, "log10_colsample_bytree": -0.7442683357305452, "log10_eta": -3.4903658230987222, "log10_lambda": 0.47700980692032413, "log10_min_child_weight": 2.3534262099750918, "log10_subsample": -0.5951940343722811, "max_depth": 4.0, "num_boost_round": 108.0}, "datetime": {"datetime": "2024-01-19 02:43:32", "elapsed": 9093.382418, "delta": 0.007112}}
{"target": -17.67612511708739, "params": {"gamma": 613.5122177821706, "log10_alpha": -3.3956514210963125, "log10_colsample_bytree": -0.7442683357305452, "log10_eta": -3.4903658230987222, "log10_lambda": 0.47700980692032413, "log10_min_child_weight": 2.3534262099750918, "log10_subsample": -0.5951940343722811, "max_depth": 4.0, "num_boost_round": 109.0}, "datetime": {"datetime": "2024-01-19 02:43:32", "elapsed": 9093.389607, "delta": 0.007189}}
{"target": -17.676116662048756, "params": {"gamma": 613.5122177821706, "log10_alpha": -3.3956514210963125, "log10_colsample_bytree": -0.7442683357305452, "log10_eta": -3.4903658230987222, "log10_lambda": 0.47700980692032413, "log10_min_child_weight": 2.3534262099750918, "log10_subsample": -0.5951940343722811, "max_depth": 4.0, "num_boost_round": 110.0}, "datetime": {"datetime": "2024-01-19 02:43:32", "elapsed": 9093.396941, "delta": 0.007334}}
{"target": -17.676115533359205, "params": {"gamma": 613.5122177821706, "log10_alpha": -3.3956514210963125, "log10_colsample_bytree": -0.7442683357305452, "log10_eta": -3.4903658230987222, "log10_lambda": 0.47700980692032413, "log10_min_child_weight": 2.3534262099750918, "log10_subsample": -0.5951940343722811, "max_depth": 4.0, "num_boost_round": 111.0}, "datetime": {"datetime": "2024-01-19 02:43:32", "elapsed": 9093.404171, "delta": 0.00723}}
{"target": -17.676107817080396, "params": {"gamma": 613.5122177821706, "log10_alpha": -3.3956514210963125, "log10_colsample_bytree": -0.7442683357305452, "log10_eta": -3.4903658230987222, "log10_lambda": 0.47700980692032413, "log10_min_child_weight": 2.3534262099750918, "log10_subsample": -0.5951940343722811, "max_depth": 4.0, "num_boost_round": 112.0}, "datetime": {"datetime": "2024-01-19 02:43:32", "elapsed": 9093.411308, "delta": 0.007137}}
{"target": -17.676101267656666, "params": {"gamma": 613.5122177821706, "log10_alpha": -3.3956514210963125, "log10_colsample_bytree": -0.7442683357305452, "log10_eta": -3.4903658230987222, "log10_lambda": 0.47700980692032413, "log10_min_child_weight": 2.3534262099750918, "log10_subsample": -0.5951940343722811, "max_depth": 4.0, "num_boost_round": 113.0}, "datetime": {"datetime": "2024-01-19 02:43:32", "elapsed": 9093.418424, "delta": 0.007116}}
{"target": -17.67611282090749, "params": {"gamma": 613.5122177821706, "log10_alpha": -3.3956514210963125, "log10_colsample_bytree": -0.7442683357305452, "log10_eta": -3.4903658230987222, "log10_lambda": 0.47700980692032413, "log10_min_child_weight": 2.3534262099750918, "log10_subsample": -0.5951940343722811, "max_depth": 4.0, "num_boost_round": 114.0}, "datetime": {"datetime": "2024-01-19 02:43:32", "elapsed": 9093.425541, "delta": 0.007117}}
{"target": -17.676109019752126, "params": {"gamma": 613.5122177821706, "log10_alpha": -3.3956514210963125, "log10_colsample_bytree": -0.7442683357305452, "log10_eta": -3.4903658230987222, "log10_lambda": 0.47700980692032413, "log10_min_child_weight": 2.3534262099750918, "log10_subsample": -0.5951940343722811, "max_depth": 4.0, "num_boost_round": 115.0}, "datetime": {"datetime": "2024-01-19 02:43:32", "elapsed": 9093.433363, "delta": 0.007822}}
{"target": -17.67609678567792, "params": {"gamma": 613.5122177821706, "log10_alpha": -3.3956514210963125, "log10_colsample_bytree": -0.7442683357305452, "log10_eta": -3.4903658230987222, "log10_lambda": 0.47700980692032413, "log10_min_child_weight": 2.3534262099750918, "log10_subsample": -0.5951940343722811, "max_depth": 4.0, "num_boost_round": 116.0}, "datetime": {"datetime": "2024-01-19 02:43:32", "elapsed": 9093.440859, "delta": 0.007496}}
{"target": -17.676082805774307, "params": {"gamma": 613.5122177821706, "log10_alpha": -3.3956514210963125, "log10_colsample_bytree": -0.7442683357305452, "log10_eta": -3.4903658230987222, "log10_lambda": 0.47700980692032413, "log10_min_child_weight": 2.3534262099750918, "log10_subsample": -0.5951940343722811, "max_depth": 4.0, "num_boost_round": 117.0}, "datetime": {"datetime": "2024-01-19 02:43:32", "elapsed": 9093.449149, "delta": 0.00829}}
{"target": -17.676078783590043, "params": {"gamma": 613.5122177821706, "log10_alpha": -3.3956514210963125, "log10_colsample_bytree": -0.7442683357305452, "log10_eta": -3.4903658230987222, "log10_lambda": 0.47700980692032413, "log10_min_child_weight": 2.3534262099750918, "log10_subsample": -0.5951940343722811, "max_depth": 4.0, "num_boost_round": 118.0}, "datetime": {"datetime": "2024-01-19 02:43:32", "elapsed": 9093.457203, "delta": 0.008054}}
