{"target": -13.758510249847987, "params": {"gamma": 404.5573323444515, "log10_alpha": -4.724703417498795, "log10_colsample_bytree": -0.9680553371228697, "log10_eta": -3.757784112716537, "log10_lambda": -1.0570827539175207, "log10_min_child_weight": 2.980364800145308, "log10_subsample": -0.2295525911153804, "max_depth": 6.0, "num_boost_round": 12.0}, "datetime": {"datetime": "2024-01-19 01:50:12", "elapsed": 5915.803174, "delta": 0.006207}}
{"target": -13.758504505365776, "params": {"gamma": 404.5573323444515, "log10_alpha": -4.724703417498795, "log10_colsample_bytree": -0.9680553371228697, "log10_eta": -3.757784112716537, "log10_lambda": -1.0570827539175207, "log10_min_child_weight": 2.980364800145308, "log10_subsample": -0.2295525911153804, "max_depth": 6.0, "num_boost_round": 13.0}, "datetime": {"datetime": "2024-01-19 01:50:12", "elapsed": 5915.809386, "delta": 0.006212}}
{"target": -13.75850159815853, "params": {"gamma": 404.5573323444515, "log10_alpha": -4.724703417498795, "log10_colsample_bytree": -0.9680553371228697, "log10_eta": -3.757784112716537, "log10_lambda": -1.0570827539175207, "log10_min_child_weight": 2.980364800145308, "log10_subsample": -0.2295525911153804, "max_depth": 6.0, "num_boost_round": 14.0}, "datetime": {"datetime": "2024-01-19 01:50:12", "elapsed": 5915.81553, "delta": 0.006144}}
{"target": -13.758497560515407, "params": {"gamma": 404.5573323444515, "log10_alpha": -4.724703417498795, "log10_colsample_bytree": -0.9680553371228697, "log10_eta": -3.757784112716537, "log10_lambda": -1.0570827539175207, "log10_min_child_weight": 2.980364800145308, "log10_subsample": -0.2295525911153804, "max_depth": 6.0, "num_boost_round": 15.0}, "datetime": {"datetime": "2024-01-19 01:50:12", "elapsed": 5915.821706, "delta": 0.006176}}
{"target": -13.75849695774657, "params": {"gamma": 404.5573323444515, "log10_alpha": -4.724703417498795, "log10_colsample_bytree": -0.9680553371228697, "log10_eta": -3.757784112716537, "log10_lambda": -1.0570827539175207, "log10_min_child_weight": 2.980364800145308, "log10_subsample": -0.2295525911153804, "max_depth": 6.0, "num_boost_round": 16.0}, "datetime": {"datetime": "2024-01-19 01:50:12", "elapsed": 5915.827904, "delta": 0.006198}}
{"target": -13.758495161880113, "params": {"gamma": 404.5573323444515, "log10_alpha": -4.724703417498795, "log10_colsample_bytree": -0.9680553371228697, "log10_eta": -3.757784112716537, "log10_lambda": -1.0570827539175207, "log10_min_child_weight": 2.980364800145308, "log10_subsample": -0.2295525911153804, "max_depth": 6.0, "num_boost_round": 17.0}, "datetime": {"datetime": "2024-01-19 01:50:12", "elapsed": 5915.834087, "delta": 0.006183}}
{"target": -13.758489282505547, "params": {"gamma": 404.5573323444515, "log10_alpha": -4.724703417498795, "log10_colsample_bytree": -0.9680553371228697, "log10_eta": -3.757784112716537, "log10_lambda": -1.0570827539175207, "log10_min_child_weight": 2.980364800145308, "log10_subsample": -0.2295525911153804, "max_depth": 6.0, "num_boost_round": 18.0}, "datetime": {"datetime": "2024-01-19 01:50:12", "elapsed": 5915.840286, "delta": 0.006199}}
{"target": -13.758485510089367, "params": {"gamma": 404.5573323444515, "log10_alpha": -4.724703417498795, "log10_colsample_bytree": -0.9680553371228697, "log10_eta": -3.757784112716537, "log10_lambda": -1.0570827539175207, "log10_min_child_weight": 2.980364800145308, "log10_subsample": -0.2295525911153804, "max_depth": 6.0, "num_boost_round": 19.0}, "datetime": {"datetime": "2024-01-19 01:50:12", "elapsed": 5915.906935, "delta": 0.066649}}
{"target": -13.758482566035779, "params": {"gamma": 404.5573323444515, "log10_alpha": -4.724703417498795, "log10_colsample_bytree": -0.9680553371228697, "log10_eta": -3.757784112716537, "log10_lambda": -1.0570827539175207, "log10_min_child_weight": 2.980364800145308, "log10_subsample": -0.2295525911153804, "max_depth": 6.0, "num_boost_round": 20.0}, "datetime": {"datetime": "2024-01-19 01:50:12", "elapsed": 5915.91408, "delta": 0.007145}}
{"target": -13.75847843845203, "params": {"gamma": 404.5573323444515, "log10_alpha": -4.724703417498795, "log10_colsample_bytree": -0.9680553371228697, "log10_eta": -3.757784112716537, "log10_lambda": -1.0570827539175207, "log10_min_child_weight": 2.980364800145308, "log10_subsample": -0.2295525911153804, "max_depth": 6.0, "num_boost_round": 21.0}, "datetime": {"datetime": "2024-01-19 01:50:12", "elapsed": 5915.921173, "delta": 0.007093}}
{"target": -13.75847591204714, "params": {"gamma": 404.5573323444515, "log10_alpha": -4.724703417498795, "log10_colsample_bytree": -0.9680553371228697, "log10_eta": -3.757784112716537, "log10_lambda": -1.0570827539175207, "log10_min_child_weight": 2.980364800145308, "log10_subsample": -0.2295525911153804, "max_depth": 6.0, "num_boost_round": 22.0}, "datetime": {"datetime": "2024-01-19 01:50:12", "elapsed": 5915.927617, "delta": 0.006444}}
{"target": -13.75846868353178, "params": {"gamma": 404.5573323444515, "log10_alpha": -4.724703417498795, "log10_colsample_bytree": -0.9680553371228697, "log10_eta": -3.757784112716537, "log10_lambda": -1.0570827539175207, "log10_min_child_weight": 2.980364800145308, "log10_subsample": -0.2295525911153804, "max_depth": 6.0, "num_boost_round": 23.0}, "datetime": {"datetime": "2024-01-19 01:50:12", "elapsed": 5915.934051, "delta": 0.006434}}
{"target": -13.75846938773484, "params": {"gamma": 404.5573323444515, "log10_alpha": -4.724703417498795, "log10_colsample_bytree": -0.9680553371228697, "log10_eta": -3.757784112716537, "log10_lambda": -1.0570827539175207, "log10_min_child_weight": 2.980364800145308, "log10_subsample": -0.2295525911153804, "max_depth": 6.0, "num_boost_round": 24.0}, "datetime": {"datetime": "2024-01-19 01:50:12", "elapsed": 5915.940263, "delta": 0.006212}}
{"target": -13.758461828575458, "params": {"gamma": 404.5573323444515, "log10_alpha": -4.724703417498795, "log10_colsample_bytree": -0.9680553371228697, "log10_eta": -3.757784112716537, "log10_lambda": -1.0570827539175207, "log10_min_child_weight": 2.980364800145308, "log10_subsample": -0.2295525911153804, "max_depth": 6.0, "num_boost_round": 25.0}, "datetime": {"datetime": "2024-01-19 01:50:12", "elapsed": 5915.946461, "delta": 0.006198}}
{"target": -13.758538023665949, "params": {"gamma": 398.415636964505, "log10_alpha": 0.8291502580862655, "log10_colsample_bytree": -0.9528270988520596, "log10_eta": -3.781380810501071, "log10_lambda": -4.130994862201645, "log10_min_child_weight": 4.770666081179699, "log10_subsample": -0.971868564440025, "max_depth": 4.0, "num_boost_round": 0.0}, "datetime": {"datetime": "2024-01-19 01:51:51", "elapsed": 6014.996863, "delta": 99.050402}}
{"target": -13.758537479668853, "params": {"gamma": 398.415636964505, "log10_alpha": 0.8291502580862655, "log10_colsample_bytree": -0.9528270988520596, "log10_eta": -3.781380810501071, "log10_lambda": -4.130994862201645, "log10_min_child_weight": 4.770666081179699, "log10_subsample": -0.971868564440025, "max_depth": 4.0, "num_boost_round": 1.0}, "datetime": {"datetime": "2024-01-19 01:51:51", "elapsed": 6015.003546, "delta": 0.006683}}
{"target": -13.758537507421401, "params": {"gamma": 398.415636964505, "log10_alpha": 0.8291502580862655, "log10_colsample_bytree": -0.9528270988520596, "log10_eta": -3.781380810501071, "log10_lambda": -4.130994862201645, "log10_min_child_weight": 4.770666081179699, "log10_subsample": -0.971868564440025, "max_depth": 4.0, "num_boost_round": 2.0}, "datetime": {"datetime": "2024-01-19 01:51:51", "elapsed": 6015.009533, "delta": 0.005987}}
{"target": -13.758537665863821, "params": {"gamma": 398.415636964505, "log10_alpha": 0.8291502580862655, "log10_colsample_bytree": -0.9528270988520596, "log10_eta": -3.781380810501071, "log10_lambda": -4.130994862201645, "log10_min_child_weight": 4.770666081179699, "log10_subsample": -0.971868564440025, "max_depth": 4.0, "num_boost_round": 3.0}, "datetime": {"datetime": "2024-01-19 01:51:51", "elapsed": 6015.01537, "delta": 0.005837}}
{"target": -13.75853738750128, "params": {"gamma": 398.415636964505, "log10_alpha": 0.8291502580862655, "log10_colsample_bytree": -0.9528270988520596, "log10_eta": -3.781380810501071, "log10_lambda": -4.130994862201645, "log10_min_child_weight": 4.770666081179699, "log10_subsample": -0.971868564440025, "max_depth": 4.0, "num_boost_round": 4.0}, "datetime": {"datetime": "2024-01-19 01:51:51", "elapsed": 6015.021253, "delta": 0.005883}}
{"target": -13.758537434011748, "params": {"gamma": 398.415636964505, "log10_alpha": 0.8291502580862655, "log10_colsample_bytree": -0.9528270988520596, "log10_eta": -3.781380810501071, "log10_lambda": -4.130994862201645, "log10_min_child_weight": 4.770666081179699, "log10_subsample": -0.971868564440025, "max_depth": 4.0, "num_boost_round": 5.0}, "datetime": {"datetime": "2024-01-19 01:51:51", "elapsed": 6015.027128, "delta": 0.005875}}
{"target": -13.758537498389861, "params": {"gamma": 398.415636964505, "log10_alpha": 0.8291502580862655, "log10_colsample_bytree": -0.9528270988520596, "log10_eta": -3.781380810501071, "log10_lambda": -4.130994862201645, "log10_min_child_weight": 4.770666081179699, "log10_subsample": -0.971868564440025, "max_depth": 4.0, "num_boost_round": 6.0}, "datetime": {"datetime": "2024-01-19 01:51:51", "elapsed": 6015.033094, "delta": 0.005966}}
{"target": -13.758537633630123, "params": {"gamma": 398.415636964505, "log10_alpha": 0.8291502580862655, "log10_colsample_bytree": -0.9528270988520596, "log10_eta": -3.781380810501071, "log10_lambda": -4.130994862201645, "log10_min_child_weight": 4.770666081179699, "log10_subsample": -0.971868564440025, "max_depth": 4.0, "num_boost_round": 7.0}, "datetime": {"datetime": "2024-01-19 01:51:51", "elapsed": 6015.038982, "delta": 0.005888}}
{"target": -13.758537452951138, "params": {"gamma": 398.415636964505, "log10_alpha": 0.8291502580862655, "log10_colsample_bytree": -0.9528270988520596, "log10_eta": -3.781380810501071, "log10_lambda": -4.130994862201645, "log10_min_child_weight": 4.770666081179699, "log10_subsample": -0.971868564440025, "max_depth": 4.0, "num_boost_round": 8.0}, "datetime": {"datetime": "2024-01-19 01:51:51", "elapsed": 6015.04501, "delta": 0.006028}}
{"target": -13.758537558253469, "params": {"gamma": 398.415636964505, "log10_alpha": 0.8291502580862655, "log10_colsample_bytree": -0.9528270988520596, "log10_eta": -3.781380810501071, "log10_lambda": -4.130994862201645, "log10_min_child_weight": 4.770666081179699, "log10_subsample": -0.971868564440025, "max_depth": 4.0, "num_boost_round": 9.0}, "datetime": {"datetime": "2024-01-19 01:51:51", "elapsed": 6015.050966, "delta": 0.005956}}
{"target": -13.758537164595417, "params": {"gamma": 398.415636964505, "log10_alpha": 0.8291502580862655, "log10_colsample_bytree": -0.9528270988520596, "log10_eta": -3.781380810501071, "log10_lambda": -4.130994862201645, "log10_min_child_weight": 4.770666081179699, "log10_subsample": -0.971868564440025, "max_depth": 4.0, "num_boost_round": 10.0}, "datetime": {"datetime": "2024-01-19 01:51:51", "elapsed": 6015.056872, "delta": 0.005906}}
{"target": -13.758536447845223, "params": {"gamma": 398.415636964505, "log10_alpha": 0.8291502580862655, "log10_colsample_bytree": -0.9528270988520596, "log10_eta": -3.781380810501071, "log10_lambda": -4.130994862201645, "log10_min_child_weight": 4.770666081179699, "log10_subsample": -0.971868564440025, "max_depth": 4.0, "num_boost_round": 11.0}, "datetime": {"datetime": "2024-01-19 01:51:51", "elapsed": 6015.06275, "delta": 0.005878}}
{"target": -13.758536804116142, "params": {"gamma": 390.6904177673879, "log10_alpha": -4.565337202502039, "log10_colsample_bytree": -0.23131717086570924, "log10_eta": -3.4437526794983815, "log10_lambda": -0.774847406208484, "log10_min_child_weight": 4.230144769325618, "log10_subsample": -0.8320095673417827, "max_depth": 7.0, "num_boost_round": 0.0}, "datetime": {"datetime": "2024-01-19 01:53:16", "elapsed": 6099.336122, "delta": 84.273372}}
{"target": -13.758535658809084, "params": {"gamma": 390.6904177673879, "log10_alpha": -4.565337202502039, "log10_colsample_bytree": -0.23131717086570924, "log10_eta": -3.4437526794983815, "log10_lambda": -0.774847406208484, "log10_min_child_weight": 4.230144769325618, "log10_subsample": -0.8320095673417827, "max_depth": 7.0, "num_boost_round": 1.0}, "datetime": {"datetime": "2024-01-19 01:53:16", "elapsed": 6099.342439, "delta": 0.006317}}
{"target": -13.758534796733294, "params": {"gamma": 390.6904177673879, "log10_alpha": -4.565337202502039, "log10_colsample_bytree": -0.23131717086570924, "log10_eta": -3.4437526794983815, "log10_lambda": -0.774847406208484, "log10_min_child_weight": 4.230144769325618, "log10_subsample": -0.8320095673417827, "max_depth": 7.0, "num_boost_round": 2.0}, "datetime": {"datetime": "2024-01-19 01:53:16", "elapsed": 6099.348576, "delta": 0.006137}}
{"target": -13.758534413622105, "params": {"gamma": 390.6904177673879, "log10_alpha": -4.565337202502039, "log10_colsample_bytree": -0.23131717086570924, "log10_eta": -3.4437526794983815, "log10_lambda": -0.774847406208484, "log10_min_child_weight": 4.230144769325618, "log10_subsample": -0.8320095673417827, "max_depth": 7.0, "num_boost_round": 3.0}, "datetime": {"datetime": "2024-01-19 01:53:16", "elapsed": 6099.354541, "delta": 0.005965}}
{"target": -13.758532247620979, "params": {"gamma": 390.6904177673879, "log10_alpha": -4.565337202502039, "log10_colsample_bytree": -0.23131717086570924, "log10_eta": -3.4437526794983815, "log10_lambda": -0.774847406208484, "log10_min_child_weight": 4.230144769325618, "log10_subsample": -0.8320095673417827, "max_depth": 7.0, "num_boost_round": 4.0}, "datetime": {"datetime": "2024-01-19 01:53:16", "elapsed": 6099.360504, "delta": 0.005963}}
{"target": -13.758528228971718, "params": {"gamma": 390.6904177673879, "log10_alpha": -4.565337202502039, "log10_colsample_bytree": -0.23131717086570924, "log10_eta": -3.4437526794983815, "log10_lambda": -0.774847406208484, "log10_min_child_weight": 4.230144769325618, "log10_subsample": -0.8320095673417827, "max_depth": 7.0, "num_boost_round": 5.0}, "datetime": {"datetime": "2024-01-19 01:53:16", "elapsed": 6099.36649, "delta": 0.005986}}
{"target": -13.758526898099705, "params": {"gamma": 390.6904177673879, "log10_alpha": -4.565337202502039, "log10_colsample_bytree": -0.23131717086570924, "log10_eta": -3.4437526794983815, "log10_lambda": -0.774847406208484, "log10_min_child_weight": 4.230144769325618, "log10_subsample": -0.8320095673417827, "max_depth": 7.0, "num_boost_round": 6.0}, "datetime": {"datetime": "2024-01-19 01:53:16", "elapsed": 6099.372614, "delta": 0.006124}}
{"target": -13.758528357982394, "params": {"gamma": 390.6904177673879, "log10_alpha": -4.565337202502039, "log10_colsample_bytree": -0.23131717086570924, "log10_eta": -3.4437526794983815, "log10_lambda": -0.774847406208484, "log10_min_child_weight": 4.230144769325618, "log10_subsample": -0.8320095673417827, "max_depth": 7.0, "num_boost_round": 7.0}, "datetime": {"datetime": "2024-01-19 01:53:16", "elapsed": 6099.378614, "delta": 0.006}}
{"target": -13.758528166726308, "params": {"gamma": 390.6904177673879, "log10_alpha": -4.565337202502039, "log10_colsample_bytree": -0.23131717086570924, "log10_eta": -3.4437526794983815, "log10_lambda": -0.774847406208484, "log10_min_child_weight": 4.230144769325618, "log10_subsample": -0.8320095673417827, "max_depth": 7.0, "num_boost_round": 8.0}, "datetime": {"datetime": "2024-01-19 01:53:16", "elapsed": 6099.384601, "delta": 0.005987}}
{"target": -13.758526919211256, "params": {"gamma": 390.6904177673879, "log10_alpha": -4.565337202502039, "log10_colsample_bytree": -0.23131717086570924, "log10_eta": -3.4437526794983815, "log10_lambda": -0.774847406208484, "log10_min_child_weight": 4.230144769325618, "log10_subsample": -0.8320095673417827, "max_depth": 7.0, "num_boost_round": 9.0}, "datetime": {"datetime": "2024-01-19 01:53:16", "elapsed": 6099.390847, "delta": 0.006246}}
{"target": -13.758523268532779, "params": {"gamma": 390.6904177673879, "log10_alpha": -4.565337202502039, "log10_colsample_bytree": -0.23131717086570924, "log10_eta": -3.4437526794983815, "log10_lambda": -0.774847406208484, "log10_min_child_weight": 4.230144769325618, "log10_subsample": -0.8320095673417827, "max_depth": 7.0, "num_boost_round": 10.0}, "datetime": {"datetime": "2024-01-19 01:53:16", "elapsed": 6099.397007, "delta": 0.00616}}
{"target": -13.75852174471671, "params": {"gamma": 390.6904177673879, "log10_alpha": -4.565337202502039, "log10_colsample_bytree": -0.23131717086570924, "log10_eta": -3.4437526794983815, "log10_lambda": -0.774847406208484, "log10_min_child_weight": 4.230144769325618, "log10_subsample": -0.8320095673417827, "max_depth": 7.0, "num_boost_round": 11.0}, "datetime": {"datetime": "2024-01-19 01:53:16", "elapsed": 6099.403032, "delta": 0.006025}}
{"target": -13.758522894910108, "params": {"gamma": 390.6904177673879, "log10_alpha": -4.565337202502039, "log10_colsample_bytree": -0.23131717086570924, "log10_eta": -3.4437526794983815, "log10_lambda": -0.774847406208484, "log10_min_child_weight": 4.230144769325618, "log10_subsample": -0.8320095673417827, "max_depth": 7.0, "num_boost_round": 12.0}, "datetime": {"datetime": "2024-01-19 01:53:16", "elapsed": 6099.409114, "delta": 0.006082}}
{"target": -13.758519129310168, "params": {"gamma": 390.6904177673879, "log10_alpha": -4.565337202502039, "log10_colsample_bytree": -0.23131717086570924, "log10_eta": -3.4437526794983815, "log10_lambda": -0.774847406208484, "log10_min_child_weight": 4.230144769325618, "log10_subsample": -0.8320095673417827, "max_depth": 7.0, "num_boost_round": 13.0}, "datetime": {"datetime": "2024-01-19 01:53:16", "elapsed": 6099.415109, "delta": 0.005995}}
{"target": -13.758517674886004, "params": {"gamma": 390.6904177673879, "log10_alpha": -4.565337202502039, "log10_colsample_bytree": -0.23131717086570924, "log10_eta": -3.4437526794983815, "log10_lambda": -0.774847406208484, "log10_min_child_weight": 4.230144769325618, "log10_subsample": -0.8320095673417827, "max_depth": 7.0, "num_boost_round": 14.0}, "datetime": {"datetime": "2024-01-19 01:53:16", "elapsed": 6099.421051, "delta": 0.005942}}
{"target": -13.758515830910534, "params": {"gamma": 390.6904177673879, "log10_alpha": -4.565337202502039, "log10_colsample_bytree": -0.23131717086570924, "log10_eta": -3.4437526794983815, "log10_lambda": -0.774847406208484, "log10_min_child_weight": 4.230144769325618, "log10_subsample": -0.8320095673417827, "max_depth": 7.0, "num_boost_round": 15.0}, "datetime": {"datetime": "2024-01-19 01:53:16", "elapsed": 6099.426996, "delta": 0.005945}}
{"target": -13.758512808396153, "params": {"gamma": 390.6904177673879, "log10_alpha": -4.565337202502039, "log10_colsample_bytree": -0.23131717086570924, "log10_eta": -3.4437526794983815, "log10_lambda": -0.774847406208484, "log10_min_child_weight": 4.230144769325618, "log10_subsample": -0.8320095673417827, "max_depth": 7.0, "num_boost_round": 16.0}, "datetime": {"datetime": "2024-01-19 01:53:16", "elapsed": 6099.433147, "delta": 0.006151}}
{"target": -13.758511327624152, "params": {"gamma": 390.6904177673879, "log10_alpha": -4.565337202502039, "log10_colsample_bytree": -0.23131717086570924, "log10_eta": -3.4437526794983815, "log10_lambda": -0.774847406208484, "log10_min_child_weight": 4.230144769325618, "log10_subsample": -0.8320095673417827, "max_depth": 7.0, "num_boost_round": 17.0}, "datetime": {"datetime": "2024-01-19 01:53:16", "elapsed": 6099.439156, "delta": 0.006009}}
{"target": -13.758511451407959, "params": {"gamma": 390.6904177673879, "log10_alpha": -4.565337202502039, "log10_colsample_bytree": -0.23131717086570924, "log10_eta": -3.4437526794983815, "log10_lambda": -0.774847406208484, "log10_min_child_weight": 4.230144769325618, "log10_subsample": -0.8320095673417827, "max_depth": 7.0, "num_boost_round": 18.0}, "datetime": {"datetime": "2024-01-19 01:53:16", "elapsed": 6099.539176, "delta": 0.10002}}
{"target": -13.758507932111831, "params": {"gamma": 390.6904177673879, "log10_alpha": -4.565337202502039, "log10_colsample_bytree": -0.23131717086570924, "log10_eta": -3.4437526794983815, "log10_lambda": -0.774847406208484, "log10_min_child_weight": 4.230144769325618, "log10_subsample": -0.8320095673417827, "max_depth": 7.0, "num_boost_round": 19.0}, "datetime": {"datetime": "2024-01-19 01:53:16", "elapsed": 6099.546113, "delta": 0.006937}}
{"target": -13.758506492925266, "params": {"gamma": 390.6904177673879, "log10_alpha": -4.565337202502039, "log10_colsample_bytree": -0.23131717086570924, "log10_eta": -3.4437526794983815, "log10_lambda": -0.774847406208484, "log10_min_child_weight": 4.230144769325618, "log10_subsample": -0.8320095673417827, "max_depth": 7.0, "num_boost_round": 20.0}, "datetime": {"datetime": "2024-01-19 01:53:16", "elapsed": 6099.552722, "delta": 0.006609}}
{"target": -13.758524856655576, "params": {"gamma": 407.27393356397323, "log10_alpha": -1.7689029385770283, "log10_colsample_bytree": -0.47940181177692387, "log10_eta": -3.587760274160216, "log10_lambda": -1.5295488796612378, "log10_min_child_weight": 1.8155663671296873, "log10_subsample": -0.28257525108078574, "max_depth": 7.0, "num_boost_round": 0.0}, "datetime": {"datetime": "2024-01-19 01:54:17", "elapsed": 6160.492801, "delta": 60.940079}}
{"target": -13.758500313226481, "params": {"gamma": 407.27393356397323, "log10_alpha": -1.7689029385770283, "log10_colsample_bytree": -0.47940181177692387, "log10_eta": -3.587760274160216, "log10_lambda": -1.5295488796612378, "log10_min_child_weight": 1.8155663671296873, "log10_subsample": -0.28257525108078574, "max_depth": 7.0, "num_boost_round": 1.0}, "datetime": {"datetime": "2024-01-19 01:54:17", "elapsed": 6160.49983, "delta": 0.007029}}
