{"target": -13.758279541431857, "params": {"gamma": 874.2774297034384, "log10_alpha": -3.7892720723664977, "log10_colsample_bytree": -0.4787477277155362, "log10_eta": -3.1543988658468782, "log10_lambda": -1.65276909410073, "log10_min_child_weight": 3.1561306391716832, "log10_subsample": -0.8733501560009396, "max_depth": 7.0, "num_boost_round": 20.0}, "datetime": {"datetime": "2024-01-19 01:48:44", "elapsed": 5828.750273, "delta": 0.00615}}
{"target": -13.758266315419293, "params": {"gamma": 874.2774297034384, "log10_alpha": -3.7892720723664977, "log10_colsample_bytree": -0.4787477277155362, "log10_eta": -3.1543988658468782, "log10_lambda": -1.65276909410073, "log10_min_child_weight": 3.1561306391716832, "log10_subsample": -0.8733501560009396, "max_depth": 7.0, "num_boost_round": 21.0}, "datetime": {"datetime": "2024-01-19 01:48:44", "elapsed": 5828.756684, "delta": 0.006411}}
{"target": -13.75824791629126, "params": {"gamma": 874.2774297034384, "log10_alpha": -3.7892720723664977, "log10_colsample_bytree": -0.4787477277155362, "log10_eta": -3.1543988658468782, "log10_lambda": -1.65276909410073, "log10_min_child_weight": 3.1561306391716832, "log10_subsample": -0.8733501560009396, "max_depth": 7.0, "num_boost_round": 22.0}, "datetime": {"datetime": "2024-01-19 01:48:44", "elapsed": 5828.762924, "delta": 0.00624}}
{"target": -13.758259885319607, "params": {"gamma": 874.2774297034384, "log10_alpha": -3.7892720723664977, "log10_colsample_bytree": -0.4787477277155362, "log10_eta": -3.1543988658468782, "log10_lambda": -1.65276909410073, "log10_min_child_weight": 3.1561306391716832, "log10_subsample": -0.8733501560009396, "max_depth": 7.0, "num_boost_round": 23.0}, "datetime": {"datetime": "2024-01-19 01:48:44", "elapsed": 5828.769303, "delta": 0.006379}}
{"target": -13.758265253814162, "params": {"gamma": 874.2774297034384, "log10_alpha": -3.7892720723664977, "log10_colsample_bytree": -0.4787477277155362, "log10_eta": -3.1543988658468782, "log10_lambda": -1.65276909410073, "log10_min_child_weight": 3.1561306391716832, "log10_subsample": -0.8733501560009396, "max_depth": 7.0, "num_boost_round": 24.0}, "datetime": {"datetime": "2024-01-19 01:48:44", "elapsed": 5828.776011, "delta": 0.006708}}
{"target": -13.758263258889375, "params": {"gamma": 874.2774297034384, "log10_alpha": -3.7892720723664977, "log10_colsample_bytree": -0.4787477277155362, "log10_eta": -3.1543988658468782, "log10_lambda": -1.65276909410073, "log10_min_child_weight": 3.1561306391716832, "log10_subsample": -0.8733501560009396, "max_depth": 7.0, "num_boost_round": 25.0}, "datetime": {"datetime": "2024-01-19 01:48:44", "elapsed": 5828.782611, "delta": 0.0066}}
{"target": -13.758268681289335, "params": {"gamma": 874.2774297034384, "log10_alpha": -3.7892720723664977, "log10_colsample_bytree": -0.4787477277155362, "log10_eta": -3.1543988658468782, "log10_lambda": -1.65276909410073, "log10_min_child_weight": 3.1561306391716832, "log10_subsample": -0.8733501560009396, "max_depth": 7.0, "num_boost_round": 26.0}, "datetime": {"datetime": "2024-01-19 01:48:44", "elapsed": 5828.788807, "delta": 0.006196}}
{"target": -13.75825953820525, "params": {"gamma": 874.2774297034384, "log10_alpha": -3.7892720723664977, "log10_colsample_bytree": -0.4787477277155362, "log10_eta": -3.1543988658468782, "log10_lambda": -1.65276909410073, "log10_min_child_weight": 3.1561306391716832, "log10_subsample": -0.8733501560009396, "max_depth": 7.0, "num_boost_round": 27.0}, "datetime": {"datetime": "2024-01-19 01:48:44", "elapsed": 5828.795028, "delta": 0.006221}}
{"target": -13.758249757400803, "params": {"gamma": 874.2774297034384, "log10_alpha": -3.7892720723664977, "log10_colsample_bytree": -0.4787477277155362, "log10_eta": -3.1543988658468782, "log10_lambda": -1.65276909410073, "log10_min_child_weight": 3.1561306391716832, "log10_subsample": -0.8733501560009396, "max_depth": 7.0, "num_boost_round": 28.0}, "datetime": {"datetime": "2024-01-19 01:48:44", "elapsed": 5828.801105, "delta": 0.006077}}
{"target": -13.758246938575892, "params": {"gamma": 874.2774297034384, "log10_alpha": -3.7892720723664977, "log10_colsample_bytree": -0.4787477277155362, "log10_eta": -3.1543988658468782, "log10_lambda": -1.65276909410073, "log10_min_child_weight": 3.1561306391716832, "log10_subsample": -0.8733501560009396, "max_depth": 7.0, "num_boost_round": 29.0}, "datetime": {"datetime": "2024-01-19 01:48:44", "elapsed": 5828.80703, "delta": 0.005925}}
{"target": -13.758231233175165, "params": {"gamma": 874.2774297034384, "log10_alpha": -3.7892720723664977, "log10_colsample_bytree": -0.4787477277155362, "log10_eta": -3.1543988658468782, "log10_lambda": -1.65276909410073, "log10_min_child_weight": 3.1561306391716832, "log10_subsample": -0.8733501560009396, "max_depth": 7.0, "num_boost_round": 30.0}, "datetime": {"datetime": "2024-01-19 01:48:44", "elapsed": 5828.813071, "delta": 0.006041}}
{"target": -13.758213916719278, "params": {"gamma": 874.2774297034384, "log10_alpha": -3.7892720723664977, "log10_colsample_bytree": -0.4787477277155362, "log10_eta": -3.1543988658468782, "log10_lambda": -1.65276909410073, "log10_min_child_weight": 3.1561306391716832, "log10_subsample": -0.8733501560009396, "max_depth": 7.0, "num_boost_round": 31.0}, "datetime": {"datetime": "2024-01-19 01:48:44", "elapsed": 5828.818934, "delta": 0.005863}}
{"target": -13.758208834521113, "params": {"gamma": 874.2774297034384, "log10_alpha": -3.7892720723664977, "log10_colsample_bytree": -0.4787477277155362, "log10_eta": -3.1543988658468782, "log10_lambda": -1.65276909410073, "log10_min_child_weight": 3.1561306391716832, "log10_subsample": -0.8733501560009396, "max_depth": 7.0, "num_boost_round": 32.0}, "datetime": {"datetime": "2024-01-19 01:48:44", "elapsed": 5828.824809, "delta": 0.005875}}
{"target": -13.758536901080905, "params": {"gamma": 798.0073464868185, "log10_alpha": -4.864598337571941, "log10_colsample_bytree": -0.46002273501787616, "log10_eta": -2.445417418995858, "log10_lambda": -2.703863230495603, "log10_min_child_weight": 2.563981500790172, "log10_subsample": -0.7731968661754369, "max_depth": 2.0, "num_boost_round": 0.0}, "datetime": {"datetime": "2024-01-19 01:51:14", "elapsed": 5978.91955, "delta": 150.094741}}
{"target": -13.758512489062047, "params": {"gamma": 798.0073464868185, "log10_alpha": -4.864598337571941, "log10_colsample_bytree": -0.46002273501787616, "log10_eta": -2.445417418995858, "log10_lambda": -2.703863230495603, "log10_min_child_weight": 2.563981500790172, "log10_subsample": -0.7731968661754369, "max_depth": 2.0, "num_boost_round": 1.0}, "datetime": {"datetime": "2024-01-19 01:51:14", "elapsed": 5978.926835, "delta": 0.007285}}
{"target": -13.75849868859377, "params": {"gamma": 798.0073464868185, "log10_alpha": -4.864598337571941, "log10_colsample_bytree": -0.46002273501787616, "log10_eta": -2.445417418995858, "log10_lambda": -2.703863230495603, "log10_min_child_weight": 2.563981500790172, "log10_subsample": -0.7731968661754369, "max_depth": 2.0, "num_boost_round": 2.0}, "datetime": {"datetime": "2024-01-19 01:51:14", "elapsed": 5978.933807, "delta": 0.006972}}
{"target": -13.758460631310367, "params": {"gamma": 798.0073464868185, "log10_alpha": -4.864598337571941, "log10_colsample_bytree": -0.46002273501787616, "log10_eta": -2.445417418995858, "log10_lambda": -2.703863230495603, "log10_min_child_weight": 2.563981500790172, "log10_subsample": -0.7731968661754369, "max_depth": 2.0, "num_boost_round": 3.0}, "datetime": {"datetime": "2024-01-19 01:51:14", "elapsed": 5978.940921, "delta": 0.007114}}
{"target": -13.758436171849555, "params": {"gamma": 798.0073464868185, "log10_alpha": -4.864598337571941, "log10_colsample_bytree": -0.46002273501787616, "log10_eta": -2.445417418995858, "log10_lambda": -2.703863230495603, "log10_min_child_weight": 2.563981500790172, "log10_subsample": -0.7731968661754369, "max_depth": 2.0, "num_boost_round": 4.0}, "datetime": {"datetime": "2024-01-19 01:51:14", "elapsed": 5978.948071, "delta": 0.00715}}
{"target": -13.758411674683817, "params": {"gamma": 798.0073464868185, "log10_alpha": -4.864598337571941, "log10_colsample_bytree": -0.46002273501787616, "log10_eta": -2.445417418995858, "log10_lambda": -2.703863230495603, "log10_min_child_weight": 2.563981500790172, "log10_subsample": -0.7731968661754369, "max_depth": 2.0, "num_boost_round": 5.0}, "datetime": {"datetime": "2024-01-19 01:51:14", "elapsed": 5978.954574, "delta": 0.006503}}
{"target": -13.758380451158786, "params": {"gamma": 798.0073464868185, "log10_alpha": -4.864598337571941, "log10_colsample_bytree": -0.46002273501787616, "log10_eta": -2.445417418995858, "log10_lambda": -2.703863230495603, "log10_min_child_weight": 2.563981500790172, "log10_subsample": -0.7731968661754369, "max_depth": 2.0, "num_boost_round": 6.0}, "datetime": {"datetime": "2024-01-19 01:51:14", "elapsed": 5978.960969, "delta": 0.006395}}
{"target": -13.758370016605053, "params": {"gamma": 798.0073464868185, "log10_alpha": -4.864598337571941, "log10_colsample_bytree": -0.46002273501787616, "log10_eta": -2.445417418995858, "log10_lambda": -2.703863230495603, "log10_min_child_weight": 2.563981500790172, "log10_subsample": -0.7731968661754369, "max_depth": 2.0, "num_boost_round": 7.0}, "datetime": {"datetime": "2024-01-19 01:51:14", "elapsed": 5978.967407, "delta": 0.006438}}
{"target": -13.75834431276445, "params": {"gamma": 798.0073464868185, "log10_alpha": -4.864598337571941, "log10_colsample_bytree": -0.46002273501787616, "log10_eta": -2.445417418995858, "log10_lambda": -2.703863230495603, "log10_min_child_weight": 2.563981500790172, "log10_subsample": -0.7731968661754369, "max_depth": 2.0, "num_boost_round": 8.0}, "datetime": {"datetime": "2024-01-19 01:51:14", "elapsed": 5978.973918, "delta": 0.006511}}
{"target": -13.758330707811151, "params": {"gamma": 798.0073464868185, "log10_alpha": -4.864598337571941, "log10_colsample_bytree": -0.46002273501787616, "log10_eta": -2.445417418995858, "log10_lambda": -2.703863230495603, "log10_min_child_weight": 2.563981500790172, "log10_subsample": -0.7731968661754369, "max_depth": 2.0, "num_boost_round": 9.0}, "datetime": {"datetime": "2024-01-19 01:51:14", "elapsed": 5978.980119, "delta": 0.006201}}
{"target": -13.758294356442844, "params": {"gamma": 798.0073464868185, "log10_alpha": -4.864598337571941, "log10_colsample_bytree": -0.46002273501787616, "log10_eta": -2.445417418995858, "log10_lambda": -2.703863230495603, "log10_min_child_weight": 2.563981500790172, "log10_subsample": -0.7731968661754369, "max_depth": 2.0, "num_boost_round": 10.0}, "datetime": {"datetime": "2024-01-19 01:51:14", "elapsed": 5978.986224, "delta": 0.006105}}
{"target": -13.75821858459724, "params": {"gamma": 798.0073464868185, "log10_alpha": -4.864598337571941, "log10_colsample_bytree": -0.46002273501787616, "log10_eta": -2.445417418995858, "log10_lambda": -2.703863230495603, "log10_min_child_weight": 2.563981500790172, "log10_subsample": -0.7731968661754369, "max_depth": 2.0, "num_boost_round": 11.0}, "datetime": {"datetime": "2024-01-19 01:51:14", "elapsed": 5978.992385, "delta": 0.006161}}
{"target": -13.758186150593207, "params": {"gamma": 798.0073464868185, "log10_alpha": -4.864598337571941, "log10_colsample_bytree": -0.46002273501787616, "log10_eta": -2.445417418995858, "log10_lambda": -2.703863230495603, "log10_min_child_weight": 2.563981500790172, "log10_subsample": -0.7731968661754369, "max_depth": 2.0, "num_boost_round": 12.0}, "datetime": {"datetime": "2024-01-19 01:51:14", "elapsed": 5978.998579, "delta": 0.006194}}
{"target": -13.758155720090015, "params": {"gamma": 798.0073464868185, "log10_alpha": -4.864598337571941, "log10_colsample_bytree": -0.46002273501787616, "log10_eta": -2.445417418995858, "log10_lambda": -2.703863230495603, "log10_min_child_weight": 2.563981500790172, "log10_subsample": -0.7731968661754369, "max_depth": 2.0, "num_boost_round": 13.0}, "datetime": {"datetime": "2024-01-19 01:51:14", "elapsed": 5979.0048, "delta": 0.006221}}
{"target": -13.758143281249843, "params": {"gamma": 798.0073464868185, "log10_alpha": -4.864598337571941, "log10_colsample_bytree": -0.46002273501787616, "log10_eta": -2.445417418995858, "log10_lambda": -2.703863230495603, "log10_min_child_weight": 2.563981500790172, "log10_subsample": -0.7731968661754369, "max_depth": 2.0, "num_boost_round": 14.0}, "datetime": {"datetime": "2024-01-19 01:51:14", "elapsed": 5979.011003, "delta": 0.006203}}
{"target": -13.758091175935483, "params": {"gamma": 798.0073464868185, "log10_alpha": -4.864598337571941, "log10_colsample_bytree": -0.46002273501787616, "log10_eta": -2.445417418995858, "log10_lambda": -2.703863230495603, "log10_min_child_weight": 2.563981500790172, "log10_subsample": -0.7731968661754369, "max_depth": 2.0, "num_boost_round": 15.0}, "datetime": {"datetime": "2024-01-19 01:51:14", "elapsed": 5979.017189, "delta": 0.006186}}
{"target": -13.758029571250391, "params": {"gamma": 798.0073464868185, "log10_alpha": -4.864598337571941, "log10_colsample_bytree": -0.46002273501787616, "log10_eta": -2.445417418995858, "log10_lambda": -2.703863230495603, "log10_min_child_weight": 2.563981500790172, "log10_subsample": -0.7731968661754369, "max_depth": 2.0, "num_boost_round": 16.0}, "datetime": {"datetime": "2024-01-19 01:51:14", "elapsed": 5979.023437, "delta": 0.006248}}
{"target": -13.758034392367044, "params": {"gamma": 798.0073464868185, "log10_alpha": -4.864598337571941, "log10_colsample_bytree": -0.46002273501787616, "log10_eta": -2.445417418995858, "log10_lambda": -2.703863230495603, "log10_min_child_weight": 2.563981500790172, "log10_subsample": -0.7731968661754369, "max_depth": 2.0, "num_boost_round": 17.0}, "datetime": {"datetime": "2024-01-19 01:51:14", "elapsed": 5979.029922, "delta": 0.006485}}
{"target": -13.758030038904387, "params": {"gamma": 798.0073464868185, "log10_alpha": -4.864598337571941, "log10_colsample_bytree": -0.46002273501787616, "log10_eta": -2.445417418995858, "log10_lambda": -2.703863230495603, "log10_min_child_weight": 2.563981500790172, "log10_subsample": -0.7731968661754369, "max_depth": 2.0, "num_boost_round": 18.0}, "datetime": {"datetime": "2024-01-19 01:51:14", "elapsed": 5979.036286, "delta": 0.006364}}
{"target": -13.758522675871209, "params": {"gamma": 880.4607297985216, "log10_alpha": -1.5628731438782997, "log10_colsample_bytree": -0.6524909589484172, "log10_eta": -3.2220783870178615, "log10_lambda": -1.5359464611277476, "log10_min_child_weight": 2.2666990531157127, "log10_subsample": -0.9966107888361498, "max_depth": 5.0, "num_boost_round": 0.0}, "datetime": {"datetime": "2024-01-19 01:52:33", "elapsed": 6057.501355, "delta": 78.465069}}
{"target": -13.758503181325926, "params": {"gamma": 880.4607297985216, "log10_alpha": -1.5628731438782997, "log10_colsample_bytree": -0.6524909589484172, "log10_eta": -3.2220783870178615, "log10_lambda": -1.5359464611277476, "log10_min_child_weight": 2.2666990531157127, "log10_subsample": -0.9966107888361498, "max_depth": 5.0, "num_boost_round": 1.0}, "datetime": {"datetime": "2024-01-19 01:52:33", "elapsed": 6057.508023, "delta": 0.006668}}
{"target": -13.75850018945386, "params": {"gamma": 880.4607297985216, "log10_alpha": -1.5628731438782997, "log10_colsample_bytree": -0.6524909589484172, "log10_eta": -3.2220783870178615, "log10_lambda": -1.5359464611277476, "log10_min_child_weight": 2.2666990531157127, "log10_subsample": -0.9966107888361498, "max_depth": 5.0, "num_boost_round": 2.0}, "datetime": {"datetime": "2024-01-19 01:52:33", "elapsed": 6057.514856, "delta": 0.006833}}
{"target": -13.758483285576494, "params": {"gamma": 880.4607297985216, "log10_alpha": -1.5628731438782997, "log10_colsample_bytree": -0.6524909589484172, "log10_eta": -3.2220783870178615, "log10_lambda": -1.5359464611277476, "log10_min_child_weight": 2.2666990531157127, "log10_subsample": -0.9966107888361498, "max_depth": 5.0, "num_boost_round": 3.0}, "datetime": {"datetime": "2024-01-19 01:52:33", "elapsed": 6057.521125, "delta": 0.006269}}
{"target": -13.758469813300701, "params": {"gamma": 880.4607297985216, "log10_alpha": -1.5628731438782997, "log10_colsample_bytree": -0.6524909589484172, "log10_eta": -3.2220783870178615, "log10_lambda": -1.5359464611277476, "log10_min_child_weight": 2.2666990531157127, "log10_subsample": -0.9966107888361498, "max_depth": 5.0, "num_boost_round": 4.0}, "datetime": {"datetime": "2024-01-19 01:52:33", "elapsed": 6057.527336, "delta": 0.006211}}
{"target": -13.758463209473193, "params": {"gamma": 880.4607297985216, "log10_alpha": -1.5628731438782997, "log10_colsample_bytree": -0.6524909589484172, "log10_eta": -3.2220783870178615, "log10_lambda": -1.5359464611277476, "log10_min_child_weight": 2.2666990531157127, "log10_subsample": -0.9966107888361498, "max_depth": 5.0, "num_boost_round": 5.0}, "datetime": {"datetime": "2024-01-19 01:52:33", "elapsed": 6057.534059, "delta": 0.006723}}
{"target": -13.758452790165824, "params": {"gamma": 880.4607297985216, "log10_alpha": -1.5628731438782997, "log10_colsample_bytree": -0.6524909589484172, "log10_eta": -3.2220783870178615, "log10_lambda": -1.5359464611277476, "log10_min_child_weight": 2.2666990531157127, "log10_subsample": -0.9966107888361498, "max_depth": 5.0, "num_boost_round": 6.0}, "datetime": {"datetime": "2024-01-19 01:52:33", "elapsed": 6057.540584, "delta": 0.006525}}
{"target": -13.75843697442122, "params": {"gamma": 880.4607297985216, "log10_alpha": -1.5628731438782997, "log10_colsample_bytree": -0.6524909589484172, "log10_eta": -3.2220783870178615, "log10_lambda": -1.5359464611277476, "log10_min_child_weight": 2.2666990531157127, "log10_subsample": -0.9966107888361498, "max_depth": 5.0, "num_boost_round": 7.0}, "datetime": {"datetime": "2024-01-19 01:52:33", "elapsed": 6057.667459, "delta": 0.126875}}
{"target": -13.758426436229776, "params": {"gamma": 880.4607297985216, "log10_alpha": -1.5628731438782997, "log10_colsample_bytree": -0.6524909589484172, "log10_eta": -3.2220783870178615, "log10_lambda": -1.5359464611277476, "log10_min_child_weight": 2.2666990531157127, "log10_subsample": -0.9966107888361498, "max_depth": 5.0, "num_boost_round": 8.0}, "datetime": {"datetime": "2024-01-19 01:52:33", "elapsed": 6057.674713, "delta": 0.007254}}
{"target": -13.758417572004298, "params": {"gamma": 880.4607297985216, "log10_alpha": -1.5628731438782997, "log10_colsample_bytree": -0.6524909589484172, "log10_eta": -3.2220783870178615, "log10_lambda": -1.5359464611277476, "log10_min_child_weight": 2.2666990531157127, "log10_subsample": -0.9966107888361498, "max_depth": 5.0, "num_boost_round": 9.0}, "datetime": {"datetime": "2024-01-19 01:52:33", "elapsed": 6057.681454, "delta": 0.006741}}
{"target": -13.75840382051972, "params": {"gamma": 880.4607297985216, "log10_alpha": -1.5628731438782997, "log10_colsample_bytree": -0.6524909589484172, "log10_eta": -3.2220783870178615, "log10_lambda": -1.5359464611277476, "log10_min_child_weight": 2.2666990531157127, "log10_subsample": -0.9966107888361498, "max_depth": 5.0, "num_boost_round": 10.0}, "datetime": {"datetime": "2024-01-19 01:52:33", "elapsed": 6057.687946, "delta": 0.006492}}
{"target": -13.758394741601604, "params": {"gamma": 880.4607297985216, "log10_alpha": -1.5628731438782997, "log10_colsample_bytree": -0.6524909589484172, "log10_eta": -3.2220783870178615, "log10_lambda": -1.5359464611277476, "log10_min_child_weight": 2.2666990531157127, "log10_subsample": -0.9966107888361498, "max_depth": 5.0, "num_boost_round": 11.0}, "datetime": {"datetime": "2024-01-19 01:52:33", "elapsed": 6057.69446, "delta": 0.006514}}
{"target": -13.758395054136678, "params": {"gamma": 880.4607297985216, "log10_alpha": -1.5628731438782997, "log10_colsample_bytree": -0.6524909589484172, "log10_eta": -3.2220783870178615, "log10_lambda": -1.5359464611277476, "log10_min_child_weight": 2.2666990531157127, "log10_subsample": -0.9966107888361498, "max_depth": 5.0, "num_boost_round": 12.0}, "datetime": {"datetime": "2024-01-19 01:52:33", "elapsed": 6057.700749, "delta": 0.006289}}
{"target": -13.758389479108759, "params": {"gamma": 880.4607297985216, "log10_alpha": -1.5628731438782997, "log10_colsample_bytree": -0.6524909589484172, "log10_eta": -3.2220783870178615, "log10_lambda": -1.5359464611277476, "log10_min_child_weight": 2.2666990531157127, "log10_subsample": -0.9966107888361498, "max_depth": 5.0, "num_boost_round": 13.0}, "datetime": {"datetime": "2024-01-19 01:52:33", "elapsed": 6057.707074, "delta": 0.006325}}
{"target": -13.758378089549229, "params": {"gamma": 880.4607297985216, "log10_alpha": -1.5628731438782997, "log10_colsample_bytree": -0.6524909589484172, "log10_eta": -3.2220783870178615, "log10_lambda": -1.5359464611277476, "log10_min_child_weight": 2.2666990531157127, "log10_subsample": -0.9966107888361498, "max_depth": 5.0, "num_boost_round": 14.0}, "datetime": {"datetime": "2024-01-19 01:52:33", "elapsed": 6057.713531, "delta": 0.006457}}
{"target": -13.758364530503732, "params": {"gamma": 880.4607297985216, "log10_alpha": -1.5628731438782997, "log10_colsample_bytree": -0.6524909589484172, "log10_eta": -3.2220783870178615, "log10_lambda": -1.5359464611277476, "log10_min_child_weight": 2.2666990531157127, "log10_subsample": -0.9966107888361498, "max_depth": 5.0, "num_boost_round": 15.0}, "datetime": {"datetime": "2024-01-19 01:52:33", "elapsed": 6057.719907, "delta": 0.006376}}
{"target": -13.758362879566375, "params": {"gamma": 880.4607297985216, "log10_alpha": -1.5628731438782997, "log10_colsample_bytree": -0.6524909589484172, "log10_eta": -3.2220783870178615, "log10_lambda": -1.5359464611277476, "log10_min_child_weight": 2.2666990531157127, "log10_subsample": -0.9966107888361498, "max_depth": 5.0, "num_boost_round": 16.0}, "datetime": {"datetime": "2024-01-19 01:52:33", "elapsed": 6057.726344, "delta": 0.006437}}
