{"target": -13.75857017833512, "params": {"gamma": 547.9887939695491, "log10_alpha": -0.7424915848415328, "log10_colsample_bytree": 0.0, "log10_eta": -4.0, "log10_lambda": -1.317992950541062, "log10_min_child_weight": 0.14987868348670444, "log10_subsample": 0.0, "max_depth": 10.0, "num_boost_round": 17.0}, "datetime": {"datetime": "2024-01-19 00:23:29", "elapsed": 662.24968, "delta": 0.001213}}
{"target": -13.758571274823945, "params": {"gamma": 547.9887939695491, "log10_alpha": -0.7424915848415328, "log10_colsample_bytree": 0.0, "log10_eta": -4.0, "log10_lambda": -1.317992950541062, "log10_min_child_weight": 0.14987868348670444, "log10_subsample": 0.0, "max_depth": 10.0, "num_boost_round": 18.0}, "datetime": {"datetime": "2024-01-19 00:23:29", "elapsed": 662.250876, "delta": 0.001196}}
{"target": -13.75857268515964, "params": {"gamma": 547.9887939695491, "log10_alpha": -0.7424915848415328, "log10_colsample_bytree": 0.0, "log10_eta": -4.0, "log10_lambda": -1.317992950541062, "log10_min_child_weight": 0.14987868348670444, "log10_subsample": 0.0, "max_depth": 10.0, "num_boost_round": 19.0}, "datetime": {"datetime": "2024-01-19 00:23:29", "elapsed": 662.252075, "delta": 0.001199}}
{"target": -13.758574503132023, "params": {"gamma": 547.9887939695491, "log10_alpha": -0.7424915848415328, "log10_colsample_bytree": 0.0, "log10_eta": -4.0, "log10_lambda": -1.317992950541062, "log10_min_child_weight": 0.14987868348670444, "log10_subsample": 0.0, "max_depth": 10.0, "num_boost_round": 20.0}, "datetime": {"datetime": "2024-01-19 00:23:29", "elapsed": 662.253461, "delta": 0.001386}}
{"target": -13.75857594148135, "params": {"gamma": 547.9887939695491, "log10_alpha": -0.7424915848415328, "log10_colsample_bytree": 0.0, "log10_eta": -4.0, "log10_lambda": -1.317992950541062, "log10_min_child_weight": 0.14987868348670444, "log10_subsample": 0.0, "max_depth": 10.0, "num_boost_round": 21.0}, "datetime": {"datetime": "2024-01-19 00:23:29", "elapsed": 662.254683, "delta": 0.001222}}
{"target": -13.758577791513202, "params": {"gamma": 547.9887939695491, "log10_alpha": -0.7424915848415328, "log10_colsample_bytree": 0.0, "log10_eta": -4.0, "log10_lambda": -1.317992950541062, "log10_min_child_weight": 0.14987868348670444, "log10_subsample": 0.0, "max_depth": 10.0, "num_boost_round": 22.0}, "datetime": {"datetime": "2024-01-19 00:23:29", "elapsed": 662.255892, "delta": 0.001209}}
{"target": -13.758579273402832, "params": {"gamma": 547.9887939695491, "log10_alpha": -0.7424915848415328, "log10_colsample_bytree": 0.0, "log10_eta": -4.0, "log10_lambda": -1.317992950541062, "log10_min_child_weight": 0.14987868348670444, "log10_subsample": 0.0, "max_depth": 10.0, "num_boost_round": 23.0}, "datetime": {"datetime": "2024-01-19 00:23:29", "elapsed": 662.257108, "delta": 0.001216}}
{"target": -13.758581139598867, "params": {"gamma": 547.9887939695491, "log10_alpha": -0.7424915848415328, "log10_colsample_bytree": 0.0, "log10_eta": -4.0, "log10_lambda": -1.317992950541062, "log10_min_child_weight": 0.14987868348670444, "log10_subsample": 0.0, "max_depth": 10.0, "num_boost_round": 24.0}, "datetime": {"datetime": "2024-01-19 00:23:29", "elapsed": 662.25833, "delta": 0.001222}}
{"target": -13.758520219852892, "params": {"gamma": 548.4981246010839, "log10_alpha": -3.3443300632881434, "log10_colsample_bytree": -0.7128705801005009, "log10_eta": -3.5865082341005308, "log10_lambda": -2.595707555295667, "log10_min_child_weight": 0.9269458279789744, "log10_subsample": -0.1444524050433681, "max_depth": 9.0, "num_boost_round": 0.0}, "datetime": {"datetime": "2024-01-19 00:24:04", "elapsed": 696.762872, "delta": 34.504542}}
{"target": -13.758501225233397, "params": {"gamma": 548.4981246010839, "log10_alpha": -3.3443300632881434, "log10_colsample_bytree": -0.7128705801005009, "log10_eta": -3.5865082341005308, "log10_lambda": -2.595707555295667, "log10_min_child_weight": 0.9269458279789744, "log10_subsample": -0.1444524050433681, "max_depth": 9.0, "num_boost_round": 1.0}, "datetime": {"datetime": "2024-01-19 00:24:04", "elapsed": 696.764511, "delta": 0.001639}}
{"target": -13.758473814704116, "params": {"gamma": 548.4981246010839, "log10_alpha": -3.3443300632881434, "log10_colsample_bytree": -0.7128705801005009, "log10_eta": -3.5865082341005308, "log10_lambda": -2.595707555295667, "log10_min_child_weight": 0.9269458279789744, "log10_subsample": -0.1444524050433681, "max_depth": 9.0, "num_boost_round": 2.0}, "datetime": {"datetime": "2024-01-19 00:24:04", "elapsed": 696.765899, "delta": 0.001388}}
{"target": -13.758459177477011, "params": {"gamma": 548.4981246010839, "log10_alpha": -3.3443300632881434, "log10_colsample_bytree": -0.7128705801005009, "log10_eta": -3.5865082341005308, "log10_lambda": -2.595707555295667, "log10_min_child_weight": 0.9269458279789744, "log10_subsample": -0.1444524050433681, "max_depth": 9.0, "num_boost_round": 3.0}, "datetime": {"datetime": "2024-01-19 00:24:04", "elapsed": 696.767153, "delta": 0.001254}}
{"target": -13.758446066945544, "params": {"gamma": 548.4981246010839, "log10_alpha": -3.3443300632881434, "log10_colsample_bytree": -0.7128705801005009, "log10_eta": -3.5865082341005308, "log10_lambda": -2.595707555295667, "log10_min_child_weight": 0.9269458279789744, "log10_subsample": -0.1444524050433681, "max_depth": 9.0, "num_boost_round": 4.0}, "datetime": {"datetime": "2024-01-19 00:24:04", "elapsed": 696.768394, "delta": 0.001241}}
{"target": -13.758433812961048, "params": {"gamma": 548.4981246010839, "log10_alpha": -3.3443300632881434, "log10_colsample_bytree": -0.7128705801005009, "log10_eta": -3.5865082341005308, "log10_lambda": -2.595707555295667, "log10_min_child_weight": 0.9269458279789744, "log10_subsample": -0.1444524050433681, "max_depth": 9.0, "num_boost_round": 5.0}, "datetime": {"datetime": "2024-01-19 00:24:04", "elapsed": 696.769778, "delta": 0.001384}}
{"target": -13.758421532443466, "params": {"gamma": 548.4981246010839, "log10_alpha": -3.3443300632881434, "log10_colsample_bytree": -0.7128705801005009, "log10_eta": -3.5865082341005308, "log10_lambda": -2.595707555295667, "log10_min_child_weight": 0.9269458279789744, "log10_subsample": -0.1444524050433681, "max_depth": 9.0, "num_boost_round": 6.0}, "datetime": {"datetime": "2024-01-19 00:24:04", "elapsed": 696.771067, "delta": 0.001289}}
{"target": -13.758410134854616, "params": {"gamma": 548.4981246010839, "log10_alpha": -3.3443300632881434, "log10_colsample_bytree": -0.7128705801005009, "log10_eta": -3.5865082341005308, "log10_lambda": -2.595707555295667, "log10_min_child_weight": 0.9269458279789744, "log10_subsample": -0.1444524050433681, "max_depth": 9.0, "num_boost_round": 7.0}, "datetime": {"datetime": "2024-01-19 00:24:04", "elapsed": 696.772449, "delta": 0.001382}}
{"target": -13.758401651233344, "params": {"gamma": 548.4981246010839, "log10_alpha": -3.3443300632881434, "log10_colsample_bytree": -0.7128705801005009, "log10_eta": -3.5865082341005308, "log10_lambda": -2.595707555295667, "log10_min_child_weight": 0.9269458279789744, "log10_subsample": -0.1444524050433681, "max_depth": 9.0, "num_boost_round": 8.0}, "datetime": {"datetime": "2024-01-19 00:24:04", "elapsed": 696.773796, "delta": 0.001347}}
{"target": -13.758398573064577, "params": {"gamma": 548.4981246010839, "log10_alpha": -3.3443300632881434, "log10_colsample_bytree": -0.7128705801005009, "log10_eta": -3.5865082341005308, "log10_lambda": -2.595707555295667, "log10_min_child_weight": 0.9269458279789744, "log10_subsample": -0.1444524050433681, "max_depth": 9.0, "num_boost_round": 9.0}, "datetime": {"datetime": "2024-01-19 00:24:04", "elapsed": 696.775032, "delta": 0.001236}}
{"target": -13.758388632889988, "params": {"gamma": 548.4981246010839, "log10_alpha": -3.3443300632881434, "log10_colsample_bytree": -0.7128705801005009, "log10_eta": -3.5865082341005308, "log10_lambda": -2.595707555295667, "log10_min_child_weight": 0.9269458279789744, "log10_subsample": -0.1444524050433681, "max_depth": 9.0, "num_boost_round": 10.0}, "datetime": {"datetime": "2024-01-19 00:24:04", "elapsed": 696.776268, "delta": 0.001236}}
{"target": -13.75839013706688, "params": {"gamma": 548.4981246010839, "log10_alpha": -3.3443300632881434, "log10_colsample_bytree": -0.7128705801005009, "log10_eta": -3.5865082341005308, "log10_lambda": -2.595707555295667, "log10_min_child_weight": 0.9269458279789744, "log10_subsample": -0.1444524050433681, "max_depth": 9.0, "num_boost_round": 11.0}, "datetime": {"datetime": "2024-01-19 00:24:04", "elapsed": 696.777522, "delta": 0.001254}}
{"target": -13.758388328757002, "params": {"gamma": 548.4981246010839, "log10_alpha": -3.3443300632881434, "log10_colsample_bytree": -0.7128705801005009, "log10_eta": -3.5865082341005308, "log10_lambda": -2.595707555295667, "log10_min_child_weight": 0.9269458279789744, "log10_subsample": -0.1444524050433681, "max_depth": 9.0, "num_boost_round": 12.0}, "datetime": {"datetime": "2024-01-19 00:24:04", "elapsed": 696.778762, "delta": 0.00124}}
{"target": -13.758386246092602, "params": {"gamma": 548.4981246010839, "log10_alpha": -3.3443300632881434, "log10_colsample_bytree": -0.7128705801005009, "log10_eta": -3.5865082341005308, "log10_lambda": -2.595707555295667, "log10_min_child_weight": 0.9269458279789744, "log10_subsample": -0.1444524050433681, "max_depth": 9.0, "num_boost_round": 13.0}, "datetime": {"datetime": "2024-01-19 00:24:04", "elapsed": 696.780008, "delta": 0.001246}}
{"target": -13.758386147630526, "params": {"gamma": 548.4981246010839, "log10_alpha": -3.3443300632881434, "log10_colsample_bytree": -0.7128705801005009, "log10_eta": -3.5865082341005308, "log10_lambda": -2.595707555295667, "log10_min_child_weight": 0.9269458279789744, "log10_subsample": -0.1444524050433681, "max_depth": 9.0, "num_boost_round": 14.0}, "datetime": {"datetime": "2024-01-19 00:24:04", "elapsed": 696.78125, "delta": 0.001242}}
{"target": -13.758374660685414, "params": {"gamma": 548.4981246010839, "log10_alpha": -3.3443300632881434, "log10_colsample_bytree": -0.7128705801005009, "log10_eta": -3.5865082341005308, "log10_lambda": -2.595707555295667, "log10_min_child_weight": 0.9269458279789744, "log10_subsample": -0.1444524050433681, "max_depth": 9.0, "num_boost_round": 15.0}, "datetime": {"datetime": "2024-01-19 00:24:04", "elapsed": 696.782498, "delta": 0.001248}}
{"target": -13.75837907261645, "params": {"gamma": 548.4981246010839, "log10_alpha": -3.3443300632881434, "log10_colsample_bytree": -0.7128705801005009, "log10_eta": -3.5865082341005308, "log10_lambda": -2.595707555295667, "log10_min_child_weight": 0.9269458279789744, "log10_subsample": -0.1444524050433681, "max_depth": 9.0, "num_boost_round": 16.0}, "datetime": {"datetime": "2024-01-19 00:24:04", "elapsed": 696.783742, "delta": 0.001244}}
{"target": -13.758356194287307, "params": {"gamma": 548.4981246010839, "log10_alpha": -3.3443300632881434, "log10_colsample_bytree": -0.7128705801005009, "log10_eta": -3.5865082341005308, "log10_lambda": -2.595707555295667, "log10_min_child_weight": 0.9269458279789744, "log10_subsample": -0.1444524050433681, "max_depth": 9.0, "num_boost_round": 17.0}, "datetime": {"datetime": "2024-01-19 00:24:04", "elapsed": 696.784986, "delta": 0.001244}}
{"target": -13.758371245635695, "params": {"gamma": 548.4981246010839, "log10_alpha": -3.3443300632881434, "log10_colsample_bytree": -0.7128705801005009, "log10_eta": -3.5865082341005308, "log10_lambda": -2.595707555295667, "log10_min_child_weight": 0.9269458279789744, "log10_subsample": -0.1444524050433681, "max_depth": 9.0, "num_boost_round": 18.0}, "datetime": {"datetime": "2024-01-19 00:24:04", "elapsed": 696.786237, "delta": 0.001251}}
{"target": -13.758366641617068, "params": {"gamma": 548.4981246010839, "log10_alpha": -3.3443300632881434, "log10_colsample_bytree": -0.7128705801005009, "log10_eta": -3.5865082341005308, "log10_lambda": -2.595707555295667, "log10_min_child_weight": 0.9269458279789744, "log10_subsample": -0.1444524050433681, "max_depth": 9.0, "num_boost_round": 19.0}, "datetime": {"datetime": "2024-01-19 00:24:04", "elapsed": 696.787501, "delta": 0.001264}}
{"target": -13.758353267048374, "params": {"gamma": 548.4981246010839, "log10_alpha": -3.3443300632881434, "log10_colsample_bytree": -0.7128705801005009, "log10_eta": -3.5865082341005308, "log10_lambda": -2.595707555295667, "log10_min_child_weight": 0.9269458279789744, "log10_subsample": -0.1444524050433681, "max_depth": 9.0, "num_boost_round": 20.0}, "datetime": {"datetime": "2024-01-19 00:24:04", "elapsed": 696.788753, "delta": 0.001252}}
{"target": -13.75835238067626, "params": {"gamma": 548.4981246010839, "log10_alpha": -3.3443300632881434, "log10_colsample_bytree": -0.7128705801005009, "log10_eta": -3.5865082341005308, "log10_lambda": -2.595707555295667, "log10_min_child_weight": 0.9269458279789744, "log10_subsample": -0.1444524050433681, "max_depth": 9.0, "num_boost_round": 21.0}, "datetime": {"datetime": "2024-01-19 00:24:04", "elapsed": 696.790019, "delta": 0.001266}}
{"target": -13.758331803984158, "params": {"gamma": 548.4981246010839, "log10_alpha": -3.3443300632881434, "log10_colsample_bytree": -0.7128705801005009, "log10_eta": -3.5865082341005308, "log10_lambda": -2.595707555295667, "log10_min_child_weight": 0.9269458279789744, "log10_subsample": -0.1444524050433681, "max_depth": 9.0, "num_boost_round": 22.0}, "datetime": {"datetime": "2024-01-19 00:24:04", "elapsed": 696.791269, "delta": 0.00125}}
{"target": -13.75832041387766, "params": {"gamma": 548.4981246010839, "log10_alpha": -3.3443300632881434, "log10_colsample_bytree": -0.7128705801005009, "log10_eta": -3.5865082341005308, "log10_lambda": -2.595707555295667, "log10_min_child_weight": 0.9269458279789744, "log10_subsample": -0.1444524050433681, "max_depth": 9.0, "num_boost_round": 23.0}, "datetime": {"datetime": "2024-01-19 00:24:04", "elapsed": 696.792536, "delta": 0.001267}}
{"target": -13.758324132792284, "params": {"gamma": 548.4981246010839, "log10_alpha": -3.3443300632881434, "log10_colsample_bytree": -0.7128705801005009, "log10_eta": -3.5865082341005308, "log10_lambda": -2.595707555295667, "log10_min_child_weight": 0.9269458279789744, "log10_subsample": -0.1444524050433681, "max_depth": 9.0, "num_boost_round": 24.0}, "datetime": {"datetime": "2024-01-19 00:24:04", "elapsed": 696.794056, "delta": 0.00152}}
{"target": -13.758318528963715, "params": {"gamma": 548.4981246010839, "log10_alpha": -3.3443300632881434, "log10_colsample_bytree": -0.7128705801005009, "log10_eta": -3.5865082341005308, "log10_lambda": -2.595707555295667, "log10_min_child_weight": 0.9269458279789744, "log10_subsample": -0.1444524050433681, "max_depth": 9.0, "num_boost_round": 25.0}, "datetime": {"datetime": "2024-01-19 00:24:04", "elapsed": 696.795441, "delta": 0.001385}}
{"target": -13.758307726087843, "params": {"gamma": 548.4981246010839, "log10_alpha": -3.3443300632881434, "log10_colsample_bytree": -0.7128705801005009, "log10_eta": -3.5865082341005308, "log10_lambda": -2.595707555295667, "log10_min_child_weight": 0.9269458279789744, "log10_subsample": -0.1444524050433681, "max_depth": 9.0, "num_boost_round": 26.0}, "datetime": {"datetime": "2024-01-19 00:24:04", "elapsed": 696.796839, "delta": 0.001398}}
{"target": -13.758295912747528, "params": {"gamma": 548.4981246010839, "log10_alpha": -3.3443300632881434, "log10_colsample_bytree": -0.7128705801005009, "log10_eta": -3.5865082341005308, "log10_lambda": -2.595707555295667, "log10_min_child_weight": 0.9269458279789744, "log10_subsample": -0.1444524050433681, "max_depth": 9.0, "num_boost_round": 27.0}, "datetime": {"datetime": "2024-01-19 00:24:04", "elapsed": 696.798198, "delta": 0.001359}}
{"target": -13.758526908209296, "params": {"gamma": 549.6499894775907, "log10_alpha": 0.7062669034342726, "log10_colsample_bytree": -0.16777895100415852, "log10_eta": -3.2689860906723416, "log10_lambda": -2.5581645896107896, "log10_min_child_weight": 3.818883576364112, "log10_subsample": -0.2686512137277577, "max_depth": 9.0, "num_boost_round": 0.0}, "datetime": {"datetime": "2024-01-19 00:24:34", "elapsed": 727.254792, "delta": 30.456594}}
{"target": -13.758518624799482, "params": {"gamma": 549.6499894775907, "log10_alpha": 0.7062669034342726, "log10_colsample_bytree": -0.16777895100415852, "log10_eta": -3.2689860906723416, "log10_lambda": -2.5581645896107896, "log10_min_child_weight": 3.818883576364112, "log10_subsample": -0.2686512137277577, "max_depth": 9.0, "num_boost_round": 1.0}, "datetime": {"datetime": "2024-01-19 00:24:34", "elapsed": 727.256437, "delta": 0.001645}}
{"target": -13.75851302554243, "params": {"gamma": 549.6499894775907, "log10_alpha": 0.7062669034342726, "log10_colsample_bytree": -0.16777895100415852, "log10_eta": -3.2689860906723416, "log10_lambda": -2.5581645896107896, "log10_min_child_weight": 3.818883576364112, "log10_subsample": -0.2686512137277577, "max_depth": 9.0, "num_boost_round": 2.0}, "datetime": {"datetime": "2024-01-19 00:24:34", "elapsed": 727.257739, "delta": 0.001302}}
{"target": -13.758515363094329, "params": {"gamma": 549.6499894775907, "log10_alpha": 0.7062669034342726, "log10_colsample_bytree": -0.16777895100415852, "log10_eta": -3.2689860906723416, "log10_lambda": -2.5581645896107896, "log10_min_child_weight": 3.818883576364112, "log10_subsample": -0.2686512137277577, "max_depth": 9.0, "num_boost_round": 3.0}, "datetime": {"datetime": "2024-01-19 00:24:34", "elapsed": 727.259134, "delta": 0.001395}}
{"target": -13.758523315390457, "params": {"gamma": 549.6499894775907, "log10_alpha": 0.7062669034342726, "log10_colsample_bytree": -0.16777895100415852, "log10_eta": -3.2689860906723416, "log10_lambda": -2.5581645896107896, "log10_min_child_weight": 3.818883576364112, "log10_subsample": -0.2686512137277577, "max_depth": 9.0, "num_boost_round": 4.0}, "datetime": {"datetime": "2024-01-19 00:24:34", "elapsed": 727.260421, "delta": 0.001287}}
{"target": -13.758521306055062, "params": {"gamma": 549.6499894775907, "log10_alpha": 0.7062669034342726, "log10_colsample_bytree": -0.16777895100415852, "log10_eta": -3.2689860906723416, "log10_lambda": -2.5581645896107896, "log10_min_child_weight": 3.818883576364112, "log10_subsample": -0.2686512137277577, "max_depth": 9.0, "num_boost_round": 5.0}, "datetime": {"datetime": "2024-01-19 00:24:34", "elapsed": 727.261688, "delta": 0.001267}}
{"target": -13.75851549080682, "params": {"gamma": 549.6499894775907, "log10_alpha": 0.7062669034342726, "log10_colsample_bytree": -0.16777895100415852, "log10_eta": -3.2689860906723416, "log10_lambda": -2.5581645896107896, "log10_min_child_weight": 3.818883576364112, "log10_subsample": -0.2686512137277577, "max_depth": 9.0, "num_boost_round": 6.0}, "datetime": {"datetime": "2024-01-19 00:24:34", "elapsed": 727.263025, "delta": 0.001337}}
{"target": -13.758503251619194, "params": {"gamma": 549.6499894775907, "log10_alpha": 0.7062669034342726, "log10_colsample_bytree": -0.16777895100415852, "log10_eta": -3.2689860906723416, "log10_lambda": -2.5581645896107896, "log10_min_child_weight": 3.818883576364112, "log10_subsample": -0.2686512137277577, "max_depth": 9.0, "num_boost_round": 7.0}, "datetime": {"datetime": "2024-01-19 00:24:34", "elapsed": 727.264292, "delta": 0.001267}}
{"target": -13.758479577072988, "params": {"gamma": 549.6499894775907, "log10_alpha": 0.7062669034342726, "log10_colsample_bytree": -0.16777895100415852, "log10_eta": -3.2689860906723416, "log10_lambda": -2.5581645896107896, "log10_min_child_weight": 3.818883576364112, "log10_subsample": -0.2686512137277577, "max_depth": 9.0, "num_boost_round": 8.0}, "datetime": {"datetime": "2024-01-19 00:24:34", "elapsed": 727.265541, "delta": 0.001249}}
{"target": -13.75847760281274, "params": {"gamma": 549.6499894775907, "log10_alpha": 0.7062669034342726, "log10_colsample_bytree": -0.16777895100415852, "log10_eta": -3.2689860906723416, "log10_lambda": -2.5581645896107896, "log10_min_child_weight": 3.818883576364112, "log10_subsample": -0.2686512137277577, "max_depth": 9.0, "num_boost_round": 9.0}, "datetime": {"datetime": "2024-01-19 00:24:34", "elapsed": 727.266794, "delta": 0.001253}}
{"target": -13.758474589369271, "params": {"gamma": 549.6499894775907, "log10_alpha": 0.7062669034342726, "log10_colsample_bytree": -0.16777895100415852, "log10_eta": -3.2689860906723416, "log10_lambda": -2.5581645896107896, "log10_min_child_weight": 3.818883576364112, "log10_subsample": -0.2686512137277577, "max_depth": 9.0, "num_boost_round": 10.0}, "datetime": {"datetime": "2024-01-19 00:24:34", "elapsed": 727.268051, "delta": 0.001257}}
{"target": -13.758454106333629, "params": {"gamma": 549.6499894775907, "log10_alpha": 0.7062669034342726, "log10_colsample_bytree": -0.16777895100415852, "log10_eta": -3.2689860906723416, "log10_lambda": -2.5581645896107896, "log10_min_child_weight": 3.818883576364112, "log10_subsample": -0.2686512137277577, "max_depth": 9.0, "num_boost_round": 11.0}, "datetime": {"datetime": "2024-01-19 00:24:34", "elapsed": 727.269313, "delta": 0.001262}}
{"target": -13.758440895529539, "params": {"gamma": 549.6499894775907, "log10_alpha": 0.7062669034342726, "log10_colsample_bytree": -0.16777895100415852, "log10_eta": -3.2689860906723416, "log10_lambda": -2.5581645896107896, "log10_min_child_weight": 3.818883576364112, "log10_subsample": -0.2686512137277577, "max_depth": 9.0, "num_boost_round": 12.0}, "datetime": {"datetime": "2024-01-19 00:24:34", "elapsed": 727.270579, "delta": 0.001266}}
{"target": -13.75842567248826, "params": {"gamma": 549.6499894775907, "log10_alpha": 0.7062669034342726, "log10_colsample_bytree": -0.16777895100415852, "log10_eta": -3.2689860906723416, "log10_lambda": -2.5581645896107896, "log10_min_child_weight": 3.818883576364112, "log10_subsample": -0.2686512137277577, "max_depth": 9.0, "num_boost_round": 13.0}, "datetime": {"datetime": "2024-01-19 00:24:34", "elapsed": 727.271835, "delta": 0.001256}}
