{"target": -13.758572930378335, "params": {"gamma": 850.9995581213116, "log10_alpha": -1.2476607581710955, "log10_colsample_bytree": -0.20522099023639595, "log10_eta": -2.439379410560608, "log10_lambda": 0.6024820589563893, "log10_min_child_weight": 3.9998848990434555, "log10_subsample": -0.46186986751302295, "max_depth": 7.0, "num_boost_round": 4.0}, "datetime": {"datetime": "2024-01-19 01:09:49", "elapsed": 3509.668391, "delta": 0.003434}}
{"target": -13.758526355057564, "params": {"gamma": 850.9995581213116, "log10_alpha": -1.2476607581710955, "log10_colsample_bytree": -0.20522099023639595, "log10_eta": -2.439379410560608, "log10_lambda": 0.6024820589563893, "log10_min_child_weight": 3.9998848990434555, "log10_subsample": -0.46186986751302295, "max_depth": 7.0, "num_boost_round": 5.0}, "datetime": {"datetime": "2024-01-19 01:09:49", "elapsed": 3509.671771, "delta": 0.00338}}
{"target": -13.758550266927164, "params": {"gamma": 850.9995581213116, "log10_alpha": -1.2476607581710955, "log10_colsample_bytree": -0.20522099023639595, "log10_eta": -2.439379410560608, "log10_lambda": 0.6024820589563893, "log10_min_child_weight": 3.9998848990434555, "log10_subsample": -0.46186986751302295, "max_depth": 7.0, "num_boost_round": 6.0}, "datetime": {"datetime": "2024-01-19 01:09:49", "elapsed": 3509.675369, "delta": 0.003598}}
{"target": -13.758553569886903, "params": {"gamma": 850.9995581213116, "log10_alpha": -1.2476607581710955, "log10_colsample_bytree": -0.20522099023639595, "log10_eta": -2.439379410560608, "log10_lambda": 0.6024820589563893, "log10_min_child_weight": 3.9998848990434555, "log10_subsample": -0.46186986751302295, "max_depth": 7.0, "num_boost_round": 7.0}, "datetime": {"datetime": "2024-01-19 01:09:49", "elapsed": 3509.678808, "delta": 0.003439}}
{"target": -13.75855022283804, "params": {"gamma": 850.9995581213116, "log10_alpha": -1.2476607581710955, "log10_colsample_bytree": -0.20522099023639595, "log10_eta": -2.439379410560608, "log10_lambda": 0.6024820589563893, "log10_min_child_weight": 3.9998848990434555, "log10_subsample": -0.46186986751302295, "max_depth": 7.0, "num_boost_round": 8.0}, "datetime": {"datetime": "2024-01-19 01:09:49", "elapsed": 3509.682416, "delta": 0.003608}}
{"target": -13.75848570061498, "params": {"gamma": 850.9995581213116, "log10_alpha": -1.2476607581710955, "log10_colsample_bytree": -0.20522099023639595, "log10_eta": -2.439379410560608, "log10_lambda": 0.6024820589563893, "log10_min_child_weight": 3.9998848990434555, "log10_subsample": -0.46186986751302295, "max_depth": 7.0, "num_boost_round": 9.0}, "datetime": {"datetime": "2024-01-19 01:09:49", "elapsed": 3509.685691, "delta": 0.003275}}
{"target": -13.758412149324435, "params": {"gamma": 850.9995581213116, "log10_alpha": -1.2476607581710955, "log10_colsample_bytree": -0.20522099023639595, "log10_eta": -2.439379410560608, "log10_lambda": 0.6024820589563893, "log10_min_child_weight": 3.9998848990434555, "log10_subsample": -0.46186986751302295, "max_depth": 7.0, "num_boost_round": 10.0}, "datetime": {"datetime": "2024-01-19 01:09:49", "elapsed": 3509.689134, "delta": 0.003443}}
{"target": -13.758347762421128, "params": {"gamma": 850.9995581213116, "log10_alpha": -1.2476607581710955, "log10_colsample_bytree": -0.20522099023639595, "log10_eta": -2.439379410560608, "log10_lambda": 0.6024820589563893, "log10_min_child_weight": 3.9998848990434555, "log10_subsample": -0.46186986751302295, "max_depth": 7.0, "num_boost_round": 11.0}, "datetime": {"datetime": "2024-01-19 01:09:49", "elapsed": 3509.692552, "delta": 0.003418}}
{"target": -13.758334638471021, "params": {"gamma": 850.9995581213116, "log10_alpha": -1.2476607581710955, "log10_colsample_bytree": -0.20522099023639595, "log10_eta": -2.439379410560608, "log10_lambda": 0.6024820589563893, "log10_min_child_weight": 3.9998848990434555, "log10_subsample": -0.46186986751302295, "max_depth": 7.0, "num_boost_round": 12.0}, "datetime": {"datetime": "2024-01-19 01:09:49", "elapsed": 3509.695942, "delta": 0.00339}}
{"target": -13.758311681976677, "params": {"gamma": 850.9995581213116, "log10_alpha": -1.2476607581710955, "log10_colsample_bytree": -0.20522099023639595, "log10_eta": -2.439379410560608, "log10_lambda": 0.6024820589563893, "log10_min_child_weight": 3.9998848990434555, "log10_subsample": -0.46186986751302295, "max_depth": 7.0, "num_boost_round": 13.0}, "datetime": {"datetime": "2024-01-19 01:09:49", "elapsed": 3509.703281, "delta": 0.007339}}
{"target": -13.758339229903601, "params": {"gamma": 850.9995581213116, "log10_alpha": -1.2476607581710955, "log10_colsample_bytree": -0.20522099023639595, "log10_eta": -2.439379410560608, "log10_lambda": 0.6024820589563893, "log10_min_child_weight": 3.9998848990434555, "log10_subsample": -0.46186986751302295, "max_depth": 7.0, "num_boost_round": 14.0}, "datetime": {"datetime": "2024-01-19 01:09:49", "elapsed": 3509.706658, "delta": 0.003377}}
{"target": -13.758364480957882, "params": {"gamma": 850.9995581213116, "log10_alpha": -1.2476607581710955, "log10_colsample_bytree": -0.20522099023639595, "log10_eta": -2.439379410560608, "log10_lambda": 0.6024820589563893, "log10_min_child_weight": 3.9998848990434555, "log10_subsample": -0.46186986751302295, "max_depth": 7.0, "num_boost_round": 15.0}, "datetime": {"datetime": "2024-01-19 01:09:49", "elapsed": 3509.710029, "delta": 0.003371}}
{"target": -13.758344432940833, "params": {"gamma": 850.9995581213116, "log10_alpha": -1.2476607581710955, "log10_colsample_bytree": -0.20522099023639595, "log10_eta": -2.439379410560608, "log10_lambda": 0.6024820589563893, "log10_min_child_weight": 3.9998848990434555, "log10_subsample": -0.46186986751302295, "max_depth": 7.0, "num_boost_round": 16.0}, "datetime": {"datetime": "2024-01-19 01:09:49", "elapsed": 3509.713478, "delta": 0.003449}}
{"target": -13.758341204925584, "params": {"gamma": 850.9995581213116, "log10_alpha": -1.2476607581710955, "log10_colsample_bytree": -0.20522099023639595, "log10_eta": -2.439379410560608, "log10_lambda": 0.6024820589563893, "log10_min_child_weight": 3.9998848990434555, "log10_subsample": -0.46186986751302295, "max_depth": 7.0, "num_boost_round": 17.0}, "datetime": {"datetime": "2024-01-19 01:09:49", "elapsed": 3509.716774, "delta": 0.003296}}
{"target": -13.758382167927376, "params": {"gamma": 850.9995581213116, "log10_alpha": -1.2476607581710955, "log10_colsample_bytree": -0.20522099023639595, "log10_eta": -2.439379410560608, "log10_lambda": 0.6024820589563893, "log10_min_child_weight": 3.9998848990434555, "log10_subsample": -0.46186986751302295, "max_depth": 7.0, "num_boost_round": 18.0}, "datetime": {"datetime": "2024-01-19 01:09:49", "elapsed": 3509.720378, "delta": 0.003604}}
{"target": -13.758340099272113, "params": {"gamma": 850.9995581213116, "log10_alpha": -1.2476607581710955, "log10_colsample_bytree": -0.20522099023639595, "log10_eta": -2.439379410560608, "log10_lambda": 0.6024820589563893, "log10_min_child_weight": 3.9998848990434555, "log10_subsample": -0.46186986751302295, "max_depth": 7.0, "num_boost_round": 19.0}, "datetime": {"datetime": "2024-01-19 01:09:49", "elapsed": 3509.723863, "delta": 0.003485}}
{"target": -13.758372228370085, "params": {"gamma": 850.9995581213116, "log10_alpha": -1.2476607581710955, "log10_colsample_bytree": -0.20522099023639595, "log10_eta": -2.439379410560608, "log10_lambda": 0.6024820589563893, "log10_min_child_weight": 3.9998848990434555, "log10_subsample": -0.46186986751302295, "max_depth": 7.0, "num_boost_round": 20.0}, "datetime": {"datetime": "2024-01-19 01:09:49", "elapsed": 3509.727265, "delta": 0.003402}}
{"target": -13.758375723114344, "params": {"gamma": 850.9995581213116, "log10_alpha": -1.2476607581710955, "log10_colsample_bytree": -0.20522099023639595, "log10_eta": -2.439379410560608, "log10_lambda": 0.6024820589563893, "log10_min_child_weight": 3.9998848990434555, "log10_subsample": -0.46186986751302295, "max_depth": 7.0, "num_boost_round": 21.0}, "datetime": {"datetime": "2024-01-19 01:09:49", "elapsed": 3509.730667, "delta": 0.003402}}
{"target": -13.758384784430495, "params": {"gamma": 850.9995581213116, "log10_alpha": -1.2476607581710955, "log10_colsample_bytree": -0.20522099023639595, "log10_eta": -2.439379410560608, "log10_lambda": 0.6024820589563893, "log10_min_child_weight": 3.9998848990434555, "log10_subsample": -0.46186986751302295, "max_depth": 7.0, "num_boost_round": 22.0}, "datetime": {"datetime": "2024-01-19 01:09:49", "elapsed": 3509.734103, "delta": 0.003436}}
{"target": -13.758312882171367, "params": {"gamma": 850.9995581213116, "log10_alpha": -1.2476607581710955, "log10_colsample_bytree": -0.20522099023639595, "log10_eta": -2.439379410560608, "log10_lambda": 0.6024820589563893, "log10_min_child_weight": 3.9998848990434555, "log10_subsample": -0.46186986751302295, "max_depth": 7.0, "num_boost_round": 23.0}, "datetime": {"datetime": "2024-01-19 01:09:49", "elapsed": 3509.73741, "delta": 0.003307}}
{"target": -13.758544344180695, "params": {"gamma": 837.8519553991947, "log10_alpha": -3.8191862796106335, "log10_colsample_bytree": -0.11021402706329675, "log10_eta": -2.87446347106432, "log10_lambda": -2.83041897018726, "log10_min_child_weight": 3.180720576558065, "log10_subsample": -0.12235509188060778, "max_depth": 9.0, "num_boost_round": 0.0}, "datetime": {"datetime": "2024-01-19 01:10:28", "elapsed": 3548.402639, "delta": 38.665229}}
{"target": -13.75856170628313, "params": {"gamma": 837.8519553991947, "log10_alpha": -3.8191862796106335, "log10_colsample_bytree": -0.11021402706329675, "log10_eta": -2.87446347106432, "log10_lambda": -2.83041897018726, "log10_min_child_weight": 3.180720576558065, "log10_subsample": -0.12235509188060778, "max_depth": 9.0, "num_boost_round": 1.0}, "datetime": {"datetime": "2024-01-19 01:10:28", "elapsed": 3548.406544, "delta": 0.003905}}
{"target": -13.75852637084889, "params": {"gamma": 837.8519553991947, "log10_alpha": -3.8191862796106335, "log10_colsample_bytree": -0.11021402706329675, "log10_eta": -2.87446347106432, "log10_lambda": -2.83041897018726, "log10_min_child_weight": 3.180720576558065, "log10_subsample": -0.12235509188060778, "max_depth": 9.0, "num_boost_round": 2.0}, "datetime": {"datetime": "2024-01-19 01:10:28", "elapsed": 3548.410064, "delta": 0.00352}}
{"target": -13.758534638360858, "params": {"gamma": 837.8519553991947, "log10_alpha": -3.8191862796106335, "log10_colsample_bytree": -0.11021402706329675, "log10_eta": -2.87446347106432, "log10_lambda": -2.83041897018726, "log10_min_child_weight": 3.180720576558065, "log10_subsample": -0.12235509188060778, "max_depth": 9.0, "num_boost_round": 3.0}, "datetime": {"datetime": "2024-01-19 01:10:28", "elapsed": 3548.413559, "delta": 0.003495}}
{"target": -13.758503487144937, "params": {"gamma": 837.8519553991947, "log10_alpha": -3.8191862796106335, "log10_colsample_bytree": -0.11021402706329675, "log10_eta": -2.87446347106432, "log10_lambda": -2.83041897018726, "log10_min_child_weight": 3.180720576558065, "log10_subsample": -0.12235509188060778, "max_depth": 9.0, "num_boost_round": 4.0}, "datetime": {"datetime": "2024-01-19 01:10:28", "elapsed": 3548.41699, "delta": 0.003431}}
{"target": -13.758505870808904, "params": {"gamma": 837.8519553991947, "log10_alpha": -3.8191862796106335, "log10_colsample_bytree": -0.11021402706329675, "log10_eta": -2.87446347106432, "log10_lambda": -2.83041897018726, "log10_min_child_weight": 3.180720576558065, "log10_subsample": -0.12235509188060778, "max_depth": 9.0, "num_boost_round": 5.0}, "datetime": {"datetime": "2024-01-19 01:10:28", "elapsed": 3548.420637, "delta": 0.003647}}
{"target": -13.758520837548454, "params": {"gamma": 837.8519553991947, "log10_alpha": -3.8191862796106335, "log10_colsample_bytree": -0.11021402706329675, "log10_eta": -2.87446347106432, "log10_lambda": -2.83041897018726, "log10_min_child_weight": 3.180720576558065, "log10_subsample": -0.12235509188060778, "max_depth": 9.0, "num_boost_round": 6.0}, "datetime": {"datetime": "2024-01-19 01:10:28", "elapsed": 3548.424217, "delta": 0.00358}}
{"target": -13.758514871915692, "params": {"gamma": 837.8519553991947, "log10_alpha": -3.8191862796106335, "log10_colsample_bytree": -0.11021402706329675, "log10_eta": -2.87446347106432, "log10_lambda": -2.83041897018726, "log10_min_child_weight": 3.180720576558065, "log10_subsample": -0.12235509188060778, "max_depth": 9.0, "num_boost_round": 7.0}, "datetime": {"datetime": "2024-01-19 01:10:28", "elapsed": 3548.427728, "delta": 0.003511}}
{"target": -13.758535189989741, "params": {"gamma": 837.8519553991947, "log10_alpha": -3.8191862796106335, "log10_colsample_bytree": -0.11021402706329675, "log10_eta": -2.87446347106432, "log10_lambda": -2.83041897018726, "log10_min_child_weight": 3.180720576558065, "log10_subsample": -0.12235509188060778, "max_depth": 9.0, "num_boost_round": 8.0}, "datetime": {"datetime": "2024-01-19 01:10:28", "elapsed": 3548.431131, "delta": 0.003403}}
{"target": -13.758542526989341, "params": {"gamma": 837.8519553991947, "log10_alpha": -3.8191862796106335, "log10_colsample_bytree": -0.11021402706329675, "log10_eta": -2.87446347106432, "log10_lambda": -2.83041897018726, "log10_min_child_weight": 3.180720576558065, "log10_subsample": -0.12235509188060778, "max_depth": 9.0, "num_boost_round": 9.0}, "datetime": {"datetime": "2024-01-19 01:10:28", "elapsed": 3548.434594, "delta": 0.003463}}
{"target": -13.758572282206261, "params": {"gamma": 837.8519553991947, "log10_alpha": -3.8191862796106335, "log10_colsample_bytree": -0.11021402706329675, "log10_eta": -2.87446347106432, "log10_lambda": -2.83041897018726, "log10_min_child_weight": 3.180720576558065, "log10_subsample": -0.12235509188060778, "max_depth": 9.0, "num_boost_round": 10.0}, "datetime": {"datetime": "2024-01-19 01:10:28", "elapsed": 3548.43806, "delta": 0.003466}}
{"target": -13.7585676584214, "params": {"gamma": 837.8519553991947, "log10_alpha": -3.8191862796106335, "log10_colsample_bytree": -0.11021402706329675, "log10_eta": -2.87446347106432, "log10_lambda": -2.83041897018726, "log10_min_child_weight": 3.180720576558065, "log10_subsample": -0.12235509188060778, "max_depth": 9.0, "num_boost_round": 11.0}, "datetime": {"datetime": "2024-01-19 01:10:28", "elapsed": 3548.4415, "delta": 0.00344}}
{"target": -13.75857022163819, "params": {"gamma": 837.8519553991947, "log10_alpha": -3.8191862796106335, "log10_colsample_bytree": -0.11021402706329675, "log10_eta": -2.87446347106432, "log10_lambda": -2.83041897018726, "log10_min_child_weight": 3.180720576558065, "log10_subsample": -0.12235509188060778, "max_depth": 9.0, "num_boost_round": 12.0}, "datetime": {"datetime": "2024-01-19 01:10:28", "elapsed": 3548.444874, "delta": 0.003374}}
{"target": -13.758579788924752, "params": {"gamma": 837.8519553991947, "log10_alpha": -3.8191862796106335, "log10_colsample_bytree": -0.11021402706329675, "log10_eta": -2.87446347106432, "log10_lambda": -2.83041897018726, "log10_min_child_weight": 3.180720576558065, "log10_subsample": -0.12235509188060778, "max_depth": 9.0, "num_boost_round": 13.0}, "datetime": {"datetime": "2024-01-19 01:10:28", "elapsed": 3548.448269, "delta": 0.003395}}
{"target": -13.75862762756367, "params": {"gamma": 837.8519553991947, "log10_alpha": -3.8191862796106335, "log10_colsample_bytree": -0.11021402706329675, "log10_eta": -2.87446347106432, "log10_lambda": -2.83041897018726, "log10_min_child_weight": 3.180720576558065, "log10_subsample": -0.12235509188060778, "max_depth": 9.0, "num_boost_round": 14.0}, "datetime": {"datetime": "2024-01-19 01:10:28", "elapsed": 3548.451689, "delta": 0.00342}}
{"target": -13.7586531917692, "params": {"gamma": 837.8519553991947, "log10_alpha": -3.8191862796106335, "log10_colsample_bytree": -0.11021402706329675, "log10_eta": -2.87446347106432, "log10_lambda": -2.83041897018726, "log10_min_child_weight": 3.180720576558065, "log10_subsample": -0.12235509188060778, "max_depth": 9.0, "num_boost_round": 15.0}, "datetime": {"datetime": "2024-01-19 01:10:28", "elapsed": 3548.455242, "delta": 0.003553}}
{"target": -13.758659806627652, "params": {"gamma": 837.8519553991947, "log10_alpha": -3.8191862796106335, "log10_colsample_bytree": -0.11021402706329675, "log10_eta": -2.87446347106432, "log10_lambda": -2.83041897018726, "log10_min_child_weight": 3.180720576558065, "log10_subsample": -0.12235509188060778, "max_depth": 9.0, "num_boost_round": 16.0}, "datetime": {"datetime": "2024-01-19 01:10:28", "elapsed": 3548.458787, "delta": 0.003545}}
{"target": -13.75853430581791, "params": {"gamma": 834.9762384459542, "log10_alpha": -4.7384929406418665, "log10_colsample_bytree": -0.26835804044690936, "log10_eta": -3.4157289503205797, "log10_lambda": 0.7242661653534928, "log10_min_child_weight": 0.3258848851292029, "log10_subsample": -0.1137227189438843, "max_depth": 6.0, "num_boost_round": 0.0}, "datetime": {"datetime": "2024-01-19 01:11:07", "elapsed": 3587.184354, "delta": 38.725567}}
{"target": -13.758512179127893, "params": {"gamma": 834.9762384459542, "log10_alpha": -4.7384929406418665, "log10_colsample_bytree": -0.26835804044690936, "log10_eta": -3.4157289503205797, "log10_lambda": 0.7242661653534928, "log10_min_child_weight": 0.3258848851292029, "log10_subsample": -0.1137227189438843, "max_depth": 6.0, "num_boost_round": 1.0}, "datetime": {"datetime": "2024-01-19 01:11:07", "elapsed": 3587.188581, "delta": 0.004227}}
{"target": -13.758495283376346, "params": {"gamma": 834.9762384459542, "log10_alpha": -4.7384929406418665, "log10_colsample_bytree": -0.26835804044690936, "log10_eta": -3.4157289503205797, "log10_lambda": 0.7242661653534928, "log10_min_child_weight": 0.3258848851292029, "log10_subsample": -0.1137227189438843, "max_depth": 6.0, "num_boost_round": 2.0}, "datetime": {"datetime": "2024-01-19 01:11:07", "elapsed": 3587.19226, "delta": 0.003679}}
{"target": -13.758498582155335, "params": {"gamma": 834.9762384459542, "log10_alpha": -4.7384929406418665, "log10_colsample_bytree": -0.26835804044690936, "log10_eta": -3.4157289503205797, "log10_lambda": 0.7242661653534928, "log10_min_child_weight": 0.3258848851292029, "log10_subsample": -0.1137227189438843, "max_depth": 6.0, "num_boost_round": 3.0}, "datetime": {"datetime": "2024-01-19 01:11:07", "elapsed": 3587.195673, "delta": 0.003413}}
{"target": -13.758487053087318, "params": {"gamma": 834.9762384459542, "log10_alpha": -4.7384929406418665, "log10_colsample_bytree": -0.26835804044690936, "log10_eta": -3.4157289503205797, "log10_lambda": 0.7242661653534928, "log10_min_child_weight": 0.3258848851292029, "log10_subsample": -0.1137227189438843, "max_depth": 6.0, "num_boost_round": 4.0}, "datetime": {"datetime": "2024-01-19 01:11:07", "elapsed": 3587.199168, "delta": 0.003495}}
{"target": -13.758461798578917, "params": {"gamma": 834.9762384459542, "log10_alpha": -4.7384929406418665, "log10_colsample_bytree": -0.26835804044690936, "log10_eta": -3.4157289503205797, "log10_lambda": 0.7242661653534928, "log10_min_child_weight": 0.3258848851292029, "log10_subsample": -0.1137227189438843, "max_depth": 6.0, "num_boost_round": 5.0}, "datetime": {"datetime": "2024-01-19 01:11:07", "elapsed": 3587.202776, "delta": 0.003608}}
{"target": -13.758453591950603, "params": {"gamma": 834.9762384459542, "log10_alpha": -4.7384929406418665, "log10_colsample_bytree": -0.26835804044690936, "log10_eta": -3.4157289503205797, "log10_lambda": 0.7242661653534928, "log10_min_child_weight": 0.3258848851292029, "log10_subsample": -0.1137227189438843, "max_depth": 6.0, "num_boost_round": 6.0}, "datetime": {"datetime": "2024-01-19 01:11:07", "elapsed": 3587.31724, "delta": 0.114464}}
{"target": -13.758456543180241, "params": {"gamma": 834.9762384459542, "log10_alpha": -4.7384929406418665, "log10_colsample_bytree": -0.26835804044690936, "log10_eta": -3.4157289503205797, "log10_lambda": 0.7242661653534928, "log10_min_child_weight": 0.3258848851292029, "log10_subsample": -0.1137227189438843, "max_depth": 6.0, "num_boost_round": 7.0}, "datetime": {"datetime": "2024-01-19 01:11:07", "elapsed": 3587.321149, "delta": 0.003909}}
{"target": -13.75844384299877, "params": {"gamma": 834.9762384459542, "log10_alpha": -4.7384929406418665, "log10_colsample_bytree": -0.26835804044690936, "log10_eta": -3.4157289503205797, "log10_lambda": 0.7242661653534928, "log10_min_child_weight": 0.3258848851292029, "log10_subsample": -0.1137227189438843, "max_depth": 6.0, "num_boost_round": 8.0}, "datetime": {"datetime": "2024-01-19 01:11:07", "elapsed": 3587.3249, "delta": 0.003751}}
{"target": -13.758436205657121, "params": {"gamma": 834.9762384459542, "log10_alpha": -4.7384929406418665, "log10_colsample_bytree": -0.26835804044690936, "log10_eta": -3.4157289503205797, "log10_lambda": 0.7242661653534928, "log10_min_child_weight": 0.3258848851292029, "log10_subsample": -0.1137227189438843, "max_depth": 6.0, "num_boost_round": 9.0}, "datetime": {"datetime": "2024-01-19 01:11:07", "elapsed": 3587.328934, "delta": 0.004034}}
{"target": -13.758431300374433, "params": {"gamma": 834.9762384459542, "log10_alpha": -4.7384929406418665, "log10_colsample_bytree": -0.26835804044690936, "log10_eta": -3.4157289503205797, "log10_lambda": 0.7242661653534928, "log10_min_child_weight": 0.3258848851292029, "log10_subsample": -0.1137227189438843, "max_depth": 6.0, "num_boost_round": 10.0}, "datetime": {"datetime": "2024-01-19 01:11:07", "elapsed": 3587.332698, "delta": 0.003764}}
{"target": -13.758427439584857, "params": {"gamma": 834.9762384459542, "log10_alpha": -4.7384929406418665, "log10_colsample_bytree": -0.26835804044690936, "log10_eta": -3.4157289503205797, "log10_lambda": 0.7242661653534928, "log10_min_child_weight": 0.3258848851292029, "log10_subsample": -0.1137227189438843, "max_depth": 6.0, "num_boost_round": 11.0}, "datetime": {"datetime": "2024-01-19 01:11:07", "elapsed": 3587.336074, "delta": 0.003376}}
