{"target": -17.675333869518365, "params": {"gamma": 431.3741719548546, "log10_alpha": -3.5740350611358433, "log10_colsample_bytree": -0.7819325076216955, "log10_eta": -1.756671603667764, "log10_lambda": -4.8695609805290445, "log10_min_child_weight": 1.5942750660697462, "log10_subsample": -0.8141912581769579, "max_depth": 2.0, "num_boost_round": 3.0}, "datetime": {"datetime": "2024-01-19 00:23:47", "elapsed": 717.796566, "delta": 0.001798}}
{"target": -17.675204294348305, "params": {"gamma": 431.3741719548546, "log10_alpha": -3.5740350611358433, "log10_colsample_bytree": -0.7819325076216955, "log10_eta": -1.756671603667764, "log10_lambda": -4.8695609805290445, "log10_min_child_weight": 1.5942750660697462, "log10_subsample": -0.8141912581769579, "max_depth": 2.0, "num_boost_round": 4.0}, "datetime": {"datetime": "2024-01-19 00:23:47", "elapsed": 717.798403, "delta": 0.001837}}
{"target": -17.6748818396138, "params": {"gamma": 431.3741719548546, "log10_alpha": -3.5740350611358433, "log10_colsample_bytree": -0.7819325076216955, "log10_eta": -1.756671603667764, "log10_lambda": -4.8695609805290445, "log10_min_child_weight": 1.5942750660697462, "log10_subsample": -0.8141912581769579, "max_depth": 2.0, "num_boost_round": 5.0}, "datetime": {"datetime": "2024-01-19 00:23:48", "elapsed": 717.800172, "delta": 0.001769}}
{"target": -17.674659724290777, "params": {"gamma": 431.3741719548546, "log10_alpha": -3.5740350611358433, "log10_colsample_bytree": -0.7819325076216955, "log10_eta": -1.756671603667764, "log10_lambda": -4.8695609805290445, "log10_min_child_weight": 1.5942750660697462, "log10_subsample": -0.8141912581769579, "max_depth": 2.0, "num_boost_round": 6.0}, "datetime": {"datetime": "2024-01-19 00:23:48", "elapsed": 717.805806, "delta": 0.005634}}
{"target": -17.674211017118314, "params": {"gamma": 431.3741719548546, "log10_alpha": -3.5740350611358433, "log10_colsample_bytree": -0.7819325076216955, "log10_eta": -1.756671603667764, "log10_lambda": -4.8695609805290445, "log10_min_child_weight": 1.5942750660697462, "log10_subsample": -0.8141912581769579, "max_depth": 2.0, "num_boost_round": 7.0}, "datetime": {"datetime": "2024-01-19 00:23:48", "elapsed": 717.807603, "delta": 0.001797}}
{"target": -17.673949559328147, "params": {"gamma": 431.3741719548546, "log10_alpha": -3.5740350611358433, "log10_colsample_bytree": -0.7819325076216955, "log10_eta": -1.756671603667764, "log10_lambda": -4.8695609805290445, "log10_min_child_weight": 1.5942750660697462, "log10_subsample": -0.8141912581769579, "max_depth": 2.0, "num_boost_round": 8.0}, "datetime": {"datetime": "2024-01-19 00:23:48", "elapsed": 717.809373, "delta": 0.00177}}
{"target": -17.673651984907636, "params": {"gamma": 431.3741719548546, "log10_alpha": -3.5740350611358433, "log10_colsample_bytree": -0.7819325076216955, "log10_eta": -1.756671603667764, "log10_lambda": -4.8695609805290445, "log10_min_child_weight": 1.5942750660697462, "log10_subsample": -0.8141912581769579, "max_depth": 2.0, "num_boost_round": 9.0}, "datetime": {"datetime": "2024-01-19 00:23:48", "elapsed": 717.811137, "delta": 0.001764}}
{"target": -17.67326664924203, "params": {"gamma": 431.3741719548546, "log10_alpha": -3.5740350611358433, "log10_colsample_bytree": -0.7819325076216955, "log10_eta": -1.756671603667764, "log10_lambda": -4.8695609805290445, "log10_min_child_weight": 1.5942750660697462, "log10_subsample": -0.8141912581769579, "max_depth": 2.0, "num_boost_round": 10.0}, "datetime": {"datetime": "2024-01-19 00:23:48", "elapsed": 717.81296, "delta": 0.001823}}
{"target": -17.677199007906378, "params": {"gamma": 432.9070508393603, "log10_alpha": -2.863607306330761, "log10_colsample_bytree": -0.696228090811255, "log10_eta": -2.574955634741084, "log10_lambda": -3.791669428240997, "log10_min_child_weight": 3.1743840886830736, "log10_subsample": -0.902231759061066, "max_depth": 8.0, "num_boost_round": 0.0}, "datetime": {"datetime": "2024-01-19 00:24:09", "elapsed": 738.916286, "delta": 21.103326}}
{"target": -17.67713299869003, "params": {"gamma": 432.9070508393603, "log10_alpha": -2.863607306330761, "log10_colsample_bytree": -0.696228090811255, "log10_eta": -2.574955634741084, "log10_lambda": -3.791669428240997, "log10_min_child_weight": 3.1743840886830736, "log10_subsample": -0.902231759061066, "max_depth": 8.0, "num_boost_round": 1.0}, "datetime": {"datetime": "2024-01-19 00:24:09", "elapsed": 738.918485, "delta": 0.002199}}
{"target": -17.677071346556392, "params": {"gamma": 432.9070508393603, "log10_alpha": -2.863607306330761, "log10_colsample_bytree": -0.696228090811255, "log10_eta": -2.574955634741084, "log10_lambda": -3.791669428240997, "log10_min_child_weight": 3.1743840886830736, "log10_subsample": -0.902231759061066, "max_depth": 8.0, "num_boost_round": 2.0}, "datetime": {"datetime": "2024-01-19 00:24:09", "elapsed": 738.920431, "delta": 0.001946}}
{"target": -17.677052676197572, "params": {"gamma": 432.9070508393603, "log10_alpha": -2.863607306330761, "log10_colsample_bytree": -0.696228090811255, "log10_eta": -2.574955634741084, "log10_lambda": -3.791669428240997, "log10_min_child_weight": 3.1743840886830736, "log10_subsample": -0.902231759061066, "max_depth": 8.0, "num_boost_round": 3.0}, "datetime": {"datetime": "2024-01-19 00:24:09", "elapsed": 738.922642, "delta": 0.002211}}
{"target": -17.676936296894663, "params": {"gamma": 432.9070508393603, "log10_alpha": -2.863607306330761, "log10_colsample_bytree": -0.696228090811255, "log10_eta": -2.574955634741084, "log10_lambda": -3.791669428240997, "log10_min_child_weight": 3.1743840886830736, "log10_subsample": -0.902231759061066, "max_depth": 8.0, "num_boost_round": 4.0}, "datetime": {"datetime": "2024-01-19 00:24:09", "elapsed": 738.924505, "delta": 0.001863}}
{"target": -17.676979894547628, "params": {"gamma": 432.9070508393603, "log10_alpha": -2.863607306330761, "log10_colsample_bytree": -0.696228090811255, "log10_eta": -2.574955634741084, "log10_lambda": -3.791669428240997, "log10_min_child_weight": 3.1743840886830736, "log10_subsample": -0.902231759061066, "max_depth": 8.0, "num_boost_round": 5.0}, "datetime": {"datetime": "2024-01-19 00:24:09", "elapsed": 738.92628, "delta": 0.001775}}
{"target": -17.6769675670491, "params": {"gamma": 432.9070508393603, "log10_alpha": -2.863607306330761, "log10_colsample_bytree": -0.696228090811255, "log10_eta": -2.574955634741084, "log10_lambda": -3.791669428240997, "log10_min_child_weight": 3.1743840886830736, "log10_subsample": -0.902231759061066, "max_depth": 8.0, "num_boost_round": 6.0}, "datetime": {"datetime": "2024-01-19 00:24:09", "elapsed": 738.928058, "delta": 0.001778}}
{"target": -17.676956666499038, "params": {"gamma": 432.9070508393603, "log10_alpha": -2.863607306330761, "log10_colsample_bytree": -0.696228090811255, "log10_eta": -2.574955634741084, "log10_lambda": -3.791669428240997, "log10_min_child_weight": 3.1743840886830736, "log10_subsample": -0.902231759061066, "max_depth": 8.0, "num_boost_round": 7.0}, "datetime": {"datetime": "2024-01-19 00:24:09", "elapsed": 738.929845, "delta": 0.001787}}
{"target": -17.676810888868054, "params": {"gamma": 432.9070508393603, "log10_alpha": -2.863607306330761, "log10_colsample_bytree": -0.696228090811255, "log10_eta": -2.574955634741084, "log10_lambda": -3.791669428240997, "log10_min_child_weight": 3.1743840886830736, "log10_subsample": -0.902231759061066, "max_depth": 8.0, "num_boost_round": 8.0}, "datetime": {"datetime": "2024-01-19 00:24:09", "elapsed": 738.931686, "delta": 0.001841}}
{"target": -17.676827026187212, "params": {"gamma": 432.9070508393603, "log10_alpha": -2.863607306330761, "log10_colsample_bytree": -0.696228090811255, "log10_eta": -2.574955634741084, "log10_lambda": -3.791669428240997, "log10_min_child_weight": 3.1743840886830736, "log10_subsample": -0.902231759061066, "max_depth": 8.0, "num_boost_round": 9.0}, "datetime": {"datetime": "2024-01-19 00:24:09", "elapsed": 738.93346, "delta": 0.001774}}
{"target": -17.67600338495237, "params": {"gamma": 439.37204679105224, "log10_alpha": -3.629740158761464, "log10_colsample_bytree": -0.7624517222985531, "log10_eta": -1.760760014618489, "log10_lambda": -1.6078499715056207, "log10_min_child_weight": 2.806941801165718, "log10_subsample": -0.29372504095812235, "max_depth": 7.0, "num_boost_round": 0.0}, "datetime": {"datetime": "2024-01-19 00:24:29", "elapsed": 759.645219, "delta": 20.711759}}
{"target": -17.675186118859507, "params": {"gamma": 439.37204679105224, "log10_alpha": -3.629740158761464, "log10_colsample_bytree": -0.7624517222985531, "log10_eta": -1.760760014618489, "log10_lambda": -1.6078499715056207, "log10_min_child_weight": 2.806941801165718, "log10_subsample": -0.29372504095812235, "max_depth": 7.0, "num_boost_round": 1.0}, "datetime": {"datetime": "2024-01-19 00:24:29", "elapsed": 759.647626, "delta": 0.002407}}
{"target": -17.67461803552353, "params": {"gamma": 439.37204679105224, "log10_alpha": -3.629740158761464, "log10_colsample_bytree": -0.7624517222985531, "log10_eta": -1.760760014618489, "log10_lambda": -1.6078499715056207, "log10_min_child_weight": 2.806941801165718, "log10_subsample": -0.29372504095812235, "max_depth": 7.0, "num_boost_round": 2.0}, "datetime": {"datetime": "2024-01-19 00:24:29", "elapsed": 759.649544, "delta": 0.001918}}
{"target": -17.674557409253723, "params": {"gamma": 439.37204679105224, "log10_alpha": -3.629740158761464, "log10_colsample_bytree": -0.7624517222985531, "log10_eta": -1.760760014618489, "log10_lambda": -1.6078499715056207, "log10_min_child_weight": 2.806941801165718, "log10_subsample": -0.29372504095812235, "max_depth": 7.0, "num_boost_round": 3.0}, "datetime": {"datetime": "2024-01-19 00:24:29", "elapsed": 759.651545, "delta": 0.002001}}
{"target": -17.673866859202285, "params": {"gamma": 439.37204679105224, "log10_alpha": -3.629740158761464, "log10_colsample_bytree": -0.7624517222985531, "log10_eta": -1.760760014618489, "log10_lambda": -1.6078499715056207, "log10_min_child_weight": 2.806941801165718, "log10_subsample": -0.29372504095812235, "max_depth": 7.0, "num_boost_round": 4.0}, "datetime": {"datetime": "2024-01-19 00:24:29", "elapsed": 759.653382, "delta": 0.001837}}
{"target": -17.673141693354985, "params": {"gamma": 439.37204679105224, "log10_alpha": -3.629740158761464, "log10_colsample_bytree": -0.7624517222985531, "log10_eta": -1.760760014618489, "log10_lambda": -1.6078499715056207, "log10_min_child_weight": 2.806941801165718, "log10_subsample": -0.29372504095812235, "max_depth": 7.0, "num_boost_round": 5.0}, "datetime": {"datetime": "2024-01-19 00:24:29", "elapsed": 759.655168, "delta": 0.001786}}
{"target": -17.673346309643122, "params": {"gamma": 439.37204679105224, "log10_alpha": -3.629740158761464, "log10_colsample_bytree": -0.7624517222985531, "log10_eta": -1.760760014618489, "log10_lambda": -1.6078499715056207, "log10_min_child_weight": 2.806941801165718, "log10_subsample": -0.29372504095812235, "max_depth": 7.0, "num_boost_round": 6.0}, "datetime": {"datetime": "2024-01-19 00:24:29", "elapsed": 759.656943, "delta": 0.001775}}
{"target": -17.672000175642918, "params": {"gamma": 439.37204679105224, "log10_alpha": -3.629740158761464, "log10_colsample_bytree": -0.7624517222985531, "log10_eta": -1.760760014618489, "log10_lambda": -1.6078499715056207, "log10_min_child_weight": 2.806941801165718, "log10_subsample": -0.29372504095812235, "max_depth": 7.0, "num_boost_round": 7.0}, "datetime": {"datetime": "2024-01-19 00:24:29", "elapsed": 759.658722, "delta": 0.001779}}
{"target": -17.67179461790344, "params": {"gamma": 439.37204679105224, "log10_alpha": -3.629740158761464, "log10_colsample_bytree": -0.7624517222985531, "log10_eta": -1.760760014618489, "log10_lambda": -1.6078499715056207, "log10_min_child_weight": 2.806941801165718, "log10_subsample": -0.29372504095812235, "max_depth": 7.0, "num_boost_round": 8.0}, "datetime": {"datetime": "2024-01-19 00:24:29", "elapsed": 759.660525, "delta": 0.001803}}
{"target": -17.671585355609512, "params": {"gamma": 439.37204679105224, "log10_alpha": -3.629740158761464, "log10_colsample_bytree": -0.7624517222985531, "log10_eta": -1.760760014618489, "log10_lambda": -1.6078499715056207, "log10_min_child_weight": 2.806941801165718, "log10_subsample": -0.29372504095812235, "max_depth": 7.0, "num_boost_round": 9.0}, "datetime": {"datetime": "2024-01-19 00:24:29", "elapsed": 759.662445, "delta": 0.00192}}
{"target": -17.67065664732186, "params": {"gamma": 439.37204679105224, "log10_alpha": -3.629740158761464, "log10_colsample_bytree": -0.7624517222985531, "log10_eta": -1.760760014618489, "log10_lambda": -1.6078499715056207, "log10_min_child_weight": 2.806941801165718, "log10_subsample": -0.29372504095812235, "max_depth": 7.0, "num_boost_round": 10.0}, "datetime": {"datetime": "2024-01-19 00:24:29", "elapsed": 759.664229, "delta": 0.001784}}
{"target": -17.69294321158209, "params": {"gamma": 430.1773802867283, "log10_alpha": -2.5615964493582806, "log10_colsample_bytree": 0.0, "log10_eta": -0.4905452357550017, "log10_lambda": -3.9690148488010775, "log10_min_child_weight": 0.0, "log10_subsample": 0.0, "max_depth": 6.0, "num_boost_round": 0.0}, "datetime": {"datetime": "2024-01-19 00:24:52", "elapsed": 781.989307, "delta": 22.325078}}
{"target": -17.761785221387267, "params": {"gamma": 430.1773802867283, "log10_alpha": -2.5615964493582806, "log10_colsample_bytree": 0.0, "log10_eta": -0.4905452357550017, "log10_lambda": -3.9690148488010775, "log10_min_child_weight": 0.0, "log10_subsample": 0.0, "max_depth": 6.0, "num_boost_round": 1.0}, "datetime": {"datetime": "2024-01-19 00:24:52", "elapsed": 781.99228, "delta": 0.002973}}
{"target": -17.78167521454279, "params": {"gamma": 430.1773802867283, "log10_alpha": -2.5615964493582806, "log10_colsample_bytree": 0.0, "log10_eta": -0.4905452357550017, "log10_lambda": -3.9690148488010775, "log10_min_child_weight": 0.0, "log10_subsample": 0.0, "max_depth": 6.0, "num_boost_round": 2.0}, "datetime": {"datetime": "2024-01-19 00:24:52", "elapsed": 781.994647, "delta": 0.002367}}
{"target": -17.90921909794296, "params": {"gamma": 430.1773802867283, "log10_alpha": -2.5615964493582806, "log10_colsample_bytree": 0.0, "log10_eta": -0.4905452357550017, "log10_lambda": -3.9690148488010775, "log10_min_child_weight": 0.0, "log10_subsample": 0.0, "max_depth": 6.0, "num_boost_round": 3.0}, "datetime": {"datetime": "2024-01-19 00:24:52", "elapsed": 781.996498, "delta": 0.001851}}
{"target": -17.931280749934952, "params": {"gamma": 430.1773802867283, "log10_alpha": -2.5615964493582806, "log10_colsample_bytree": 0.0, "log10_eta": -0.4905452357550017, "log10_lambda": -3.9690148488010775, "log10_min_child_weight": 0.0, "log10_subsample": 0.0, "max_depth": 6.0, "num_boost_round": 4.0}, "datetime": {"datetime": "2024-01-19 00:24:52", "elapsed": 781.99842, "delta": 0.001922}}
{"target": -17.94770392337915, "params": {"gamma": 430.1773802867283, "log10_alpha": -2.5615964493582806, "log10_colsample_bytree": 0.0, "log10_eta": -0.4905452357550017, "log10_lambda": -3.9690148488010775, "log10_min_child_weight": 0.0, "log10_subsample": 0.0, "max_depth": 6.0, "num_boost_round": 5.0}, "datetime": {"datetime": "2024-01-19 00:24:52", "elapsed": 782.000196, "delta": 0.001776}}
{"target": -17.993919498176265, "params": {"gamma": 430.1773802867283, "log10_alpha": -2.5615964493582806, "log10_colsample_bytree": 0.0, "log10_eta": -0.4905452357550017, "log10_lambda": -3.9690148488010775, "log10_min_child_weight": 0.0, "log10_subsample": 0.0, "max_depth": 6.0, "num_boost_round": 6.0}, "datetime": {"datetime": "2024-01-19 00:24:52", "elapsed": 782.002098, "delta": 0.001902}}
{"target": -18.02648512643696, "params": {"gamma": 430.1773802867283, "log10_alpha": -2.5615964493582806, "log10_colsample_bytree": 0.0, "log10_eta": -0.4905452357550017, "log10_lambda": -3.9690148488010775, "log10_min_child_weight": 0.0, "log10_subsample": 0.0, "max_depth": 6.0, "num_boost_round": 7.0}, "datetime": {"datetime": "2024-01-19 00:24:52", "elapsed": 782.003957, "delta": 0.001859}}
{"target": -18.06135352662681, "params": {"gamma": 430.1773802867283, "log10_alpha": -2.5615964493582806, "log10_colsample_bytree": 0.0, "log10_eta": -0.4905452357550017, "log10_lambda": -3.9690148488010775, "log10_min_child_weight": 0.0, "log10_subsample": 0.0, "max_depth": 6.0, "num_boost_round": 8.0}, "datetime": {"datetime": "2024-01-19 00:24:52", "elapsed": 782.005787, "delta": 0.00183}}
{"target": -18.074557315089688, "params": {"gamma": 430.1773802867283, "log10_alpha": -2.5615964493582806, "log10_colsample_bytree": 0.0, "log10_eta": -0.4905452357550017, "log10_lambda": -3.9690148488010775, "log10_min_child_weight": 0.0, "log10_subsample": 0.0, "max_depth": 6.0, "num_boost_round": 9.0}, "datetime": {"datetime": "2024-01-19 00:24:52", "elapsed": 782.007611, "delta": 0.001824}}
{"target": -17.67723100726283, "params": {"gamma": 435.17906102654524, "log10_alpha": 0.9697357458265463, "log10_colsample_bytree": -0.65116742421743, "log10_eta": -3.8681643602655837, "log10_lambda": -0.9071229142079833, "log10_min_child_weight": 4.908723209430161, "log10_subsample": -0.07518379042554157, "max_depth": 5.0, "num_boost_round": 0.0}, "datetime": {"datetime": "2024-01-19 00:25:15", "elapsed": 805.103248, "delta": 23.095637}}
{"target": -17.677229400704608, "params": {"gamma": 435.17906102654524, "log10_alpha": 0.9697357458265463, "log10_colsample_bytree": -0.65116742421743, "log10_eta": -3.8681643602655837, "log10_lambda": -0.9071229142079833, "log10_min_child_weight": 4.908723209430161, "log10_subsample": -0.07518379042554157, "max_depth": 5.0, "num_boost_round": 1.0}, "datetime": {"datetime": "2024-01-19 00:25:15", "elapsed": 805.105615, "delta": 0.002367}}
{"target": -17.677228963966428, "params": {"gamma": 435.17906102654524, "log10_alpha": 0.9697357458265463, "log10_colsample_bytree": -0.65116742421743, "log10_eta": -3.8681643602655837, "log10_lambda": -0.9071229142079833, "log10_min_child_weight": 4.908723209430161, "log10_subsample": -0.07518379042554157, "max_depth": 5.0, "num_boost_round": 2.0}, "datetime": {"datetime": "2024-01-19 00:25:15", "elapsed": 805.107463, "delta": 0.001848}}
{"target": -17.67722773711864, "params": {"gamma": 435.17906102654524, "log10_alpha": 0.9697357458265463, "log10_colsample_bytree": -0.65116742421743, "log10_eta": -3.8681643602655837, "log10_lambda": -0.9071229142079833, "log10_min_child_weight": 4.908723209430161, "log10_subsample": -0.07518379042554157, "max_depth": 5.0, "num_boost_round": 3.0}, "datetime": {"datetime": "2024-01-19 00:25:15", "elapsed": 805.109281, "delta": 0.001818}}
{"target": -17.677226916308097, "params": {"gamma": 435.17906102654524, "log10_alpha": 0.9697357458265463, "log10_colsample_bytree": -0.65116742421743, "log10_eta": -3.8681643602655837, "log10_lambda": -0.9071229142079833, "log10_min_child_weight": 4.908723209430161, "log10_subsample": -0.07518379042554157, "max_depth": 5.0, "num_boost_round": 4.0}, "datetime": {"datetime": "2024-01-19 00:25:15", "elapsed": 805.11109, "delta": 0.001809}}
{"target": -17.67722659536008, "params": {"gamma": 435.17906102654524, "log10_alpha": 0.9697357458265463, "log10_colsample_bytree": -0.65116742421743, "log10_eta": -3.8681643602655837, "log10_lambda": -0.9071229142079833, "log10_min_child_weight": 4.908723209430161, "log10_subsample": -0.07518379042554157, "max_depth": 5.0, "num_boost_round": 5.0}, "datetime": {"datetime": "2024-01-19 00:25:15", "elapsed": 805.113967, "delta": 0.002877}}
{"target": -17.67722696153855, "params": {"gamma": 435.17906102654524, "log10_alpha": 0.9697357458265463, "log10_colsample_bytree": -0.65116742421743, "log10_eta": -3.8681643602655837, "log10_lambda": -0.9071229142079833, "log10_min_child_weight": 4.908723209430161, "log10_subsample": -0.07518379042554157, "max_depth": 5.0, "num_boost_round": 6.0}, "datetime": {"datetime": "2024-01-19 00:25:15", "elapsed": 805.115795, "delta": 0.001828}}
{"target": -17.67722578011178, "params": {"gamma": 435.17906102654524, "log10_alpha": 0.9697357458265463, "log10_colsample_bytree": -0.65116742421743, "log10_eta": -3.8681643602655837, "log10_lambda": -0.9071229142079833, "log10_min_child_weight": 4.908723209430161, "log10_subsample": -0.07518379042554157, "max_depth": 5.0, "num_boost_round": 7.0}, "datetime": {"datetime": "2024-01-19 00:25:15", "elapsed": 805.117602, "delta": 0.001807}}
{"target": -17.677224615814442, "params": {"gamma": 435.17906102654524, "log10_alpha": 0.9697357458265463, "log10_colsample_bytree": -0.65116742421743, "log10_eta": -3.8681643602655837, "log10_lambda": -0.9071229142079833, "log10_min_child_weight": 4.908723209430161, "log10_subsample": -0.07518379042554157, "max_depth": 5.0, "num_boost_round": 8.0}, "datetime": {"datetime": "2024-01-19 00:25:15", "elapsed": 805.119398, "delta": 0.001796}}
{"target": -17.67722357594798, "params": {"gamma": 435.17906102654524, "log10_alpha": 0.9697357458265463, "log10_colsample_bytree": -0.65116742421743, "log10_eta": -3.8681643602655837, "log10_lambda": -0.9071229142079833, "log10_min_child_weight": 4.908723209430161, "log10_subsample": -0.07518379042554157, "max_depth": 5.0, "num_boost_round": 9.0}, "datetime": {"datetime": "2024-01-19 00:25:15", "elapsed": 805.121205, "delta": 0.001807}}
{"target": -17.677223051457997, "params": {"gamma": 435.17906102654524, "log10_alpha": 0.9697357458265463, "log10_colsample_bytree": -0.65116742421743, "log10_eta": -3.8681643602655837, "log10_lambda": -0.9071229142079833, "log10_min_child_weight": 4.908723209430161, "log10_subsample": -0.07518379042554157, "max_depth": 5.0, "num_boost_round": 10.0}, "datetime": {"datetime": "2024-01-19 00:25:15", "elapsed": 805.123001, "delta": 0.001796}}
