{"target": -17.677193771167076, "params": {"gamma": 411.48985312439135, "log10_alpha": -3.0402491572506998, "log10_colsample_bytree": -0.5121233834264379, "log10_eta": -3.5391568058292466, "log10_lambda": -2.1401983097294877, "log10_min_child_weight": 2.139500205626972, "log10_subsample": -0.5227265963521038, "max_depth": 3.0, "num_boost_round": 2.0}, "datetime": {"datetime": "2024-01-19 00:46:12", "elapsed": 2062.308742, "delta": 0.003037}}
{"target": -17.677183317013327, "params": {"gamma": 411.48985312439135, "log10_alpha": -3.0402491572506998, "log10_colsample_bytree": -0.5121233834264379, "log10_eta": -3.5391568058292466, "log10_lambda": -2.1401983097294877, "log10_min_child_weight": 2.139500205626972, "log10_subsample": -0.5227265963521038, "max_depth": 3.0, "num_boost_round": 3.0}, "datetime": {"datetime": "2024-01-19 00:46:12", "elapsed": 2062.313467, "delta": 0.004725}}
{"target": -17.677183051184336, "params": {"gamma": 411.48985312439135, "log10_alpha": -3.0402491572506998, "log10_colsample_bytree": -0.5121233834264379, "log10_eta": -3.5391568058292466, "log10_lambda": -2.1401983097294877, "log10_min_child_weight": 2.139500205626972, "log10_subsample": -0.5227265963521038, "max_depth": 3.0, "num_boost_round": 4.0}, "datetime": {"datetime": "2024-01-19 00:46:12", "elapsed": 2062.316456, "delta": 0.002989}}
{"target": -17.677177149196222, "params": {"gamma": 411.48985312439135, "log10_alpha": -3.0402491572506998, "log10_colsample_bytree": -0.5121233834264379, "log10_eta": -3.5391568058292466, "log10_lambda": -2.1401983097294877, "log10_min_child_weight": 2.139500205626972, "log10_subsample": -0.5227265963521038, "max_depth": 3.0, "num_boost_round": 5.0}, "datetime": {"datetime": "2024-01-19 00:46:12", "elapsed": 2062.319401, "delta": 0.002945}}
{"target": -17.677167506331177, "params": {"gamma": 411.48985312439135, "log10_alpha": -3.0402491572506998, "log10_colsample_bytree": -0.5121233834264379, "log10_eta": -3.5391568058292466, "log10_lambda": -2.1401983097294877, "log10_min_child_weight": 2.139500205626972, "log10_subsample": -0.5227265963521038, "max_depth": 3.0, "num_boost_round": 6.0}, "datetime": {"datetime": "2024-01-19 00:46:12", "elapsed": 2062.322333, "delta": 0.002932}}
{"target": -17.677159162745284, "params": {"gamma": 411.48985312439135, "log10_alpha": -3.0402491572506998, "log10_colsample_bytree": -0.5121233834264379, "log10_eta": -3.5391568058292466, "log10_lambda": -2.1401983097294877, "log10_min_child_weight": 2.139500205626972, "log10_subsample": -0.5227265963521038, "max_depth": 3.0, "num_boost_round": 7.0}, "datetime": {"datetime": "2024-01-19 00:46:12", "elapsed": 2062.325263, "delta": 0.00293}}
{"target": -17.67715125047199, "params": {"gamma": 411.48985312439135, "log10_alpha": -3.0402491572506998, "log10_colsample_bytree": -0.5121233834264379, "log10_eta": -3.5391568058292466, "log10_lambda": -2.1401983097294877, "log10_min_child_weight": 2.139500205626972, "log10_subsample": -0.5227265963521038, "max_depth": 3.0, "num_boost_round": 8.0}, "datetime": {"datetime": "2024-01-19 00:46:12", "elapsed": 2062.329092, "delta": 0.003829}}
{"target": -17.677138640485158, "params": {"gamma": 411.48985312439135, "log10_alpha": -3.0402491572506998, "log10_colsample_bytree": -0.5121233834264379, "log10_eta": -3.5391568058292466, "log10_lambda": -2.1401983097294877, "log10_min_child_weight": 2.139500205626972, "log10_subsample": -0.5227265963521038, "max_depth": 3.0, "num_boost_round": 9.0}, "datetime": {"datetime": "2024-01-19 00:46:12", "elapsed": 2062.332928, "delta": 0.003836}}
{"target": -17.677130153807244, "params": {"gamma": 411.48985312439135, "log10_alpha": -3.0402491572506998, "log10_colsample_bytree": -0.5121233834264379, "log10_eta": -3.5391568058292466, "log10_lambda": -2.1401983097294877, "log10_min_child_weight": 2.139500205626972, "log10_subsample": -0.5227265963521038, "max_depth": 3.0, "num_boost_round": 10.0}, "datetime": {"datetime": "2024-01-19 00:46:12", "elapsed": 2062.336527, "delta": 0.003599}}
{"target": -17.67711460334996, "params": {"gamma": 411.48985312439135, "log10_alpha": -3.0402491572506998, "log10_colsample_bytree": -0.5121233834264379, "log10_eta": -3.5391568058292466, "log10_lambda": -2.1401983097294877, "log10_min_child_weight": 2.139500205626972, "log10_subsample": -0.5227265963521038, "max_depth": 3.0, "num_boost_round": 11.0}, "datetime": {"datetime": "2024-01-19 00:46:12", "elapsed": 2062.339478, "delta": 0.002951}}
{"target": -17.677102863236218, "params": {"gamma": 411.48985312439135, "log10_alpha": -3.0402491572506998, "log10_colsample_bytree": -0.5121233834264379, "log10_eta": -3.5391568058292466, "log10_lambda": -2.1401983097294877, "log10_min_child_weight": 2.139500205626972, "log10_subsample": -0.5227265963521038, "max_depth": 3.0, "num_boost_round": 12.0}, "datetime": {"datetime": "2024-01-19 00:46:12", "elapsed": 2062.342723, "delta": 0.003245}}
{"target": -17.677090040601215, "params": {"gamma": 411.48985312439135, "log10_alpha": -3.0402491572506998, "log10_colsample_bytree": -0.5121233834264379, "log10_eta": -3.5391568058292466, "log10_lambda": -2.1401983097294877, "log10_min_child_weight": 2.139500205626972, "log10_subsample": -0.5227265963521038, "max_depth": 3.0, "num_boost_round": 13.0}, "datetime": {"datetime": "2024-01-19 00:46:12", "elapsed": 2062.345809, "delta": 0.003086}}
{"target": -17.677234568239733, "params": {"gamma": 404.23414765297815, "log10_alpha": -0.26821626044601565, "log10_colsample_bytree": -0.15264669613259008, "log10_eta": -2.4805503862158798, "log10_lambda": -4.865371111892737, "log10_min_child_weight": 3.4072222618984007, "log10_subsample": -0.19681770783821706, "max_depth": 8.0, "num_boost_round": 0.0}, "datetime": {"datetime": "2024-01-19 00:46:56", "elapsed": 2105.95733, "delta": 43.611521}}
{"target": -17.677241192698347, "params": {"gamma": 404.23414765297815, "log10_alpha": -0.26821626044601565, "log10_colsample_bytree": -0.15264669613259008, "log10_eta": -2.4805503862158798, "log10_lambda": -4.865371111892737, "log10_min_child_weight": 3.4072222618984007, "log10_subsample": -0.19681770783821706, "max_depth": 8.0, "num_boost_round": 1.0}, "datetime": {"datetime": "2024-01-19 00:46:56", "elapsed": 2105.961083, "delta": 0.003753}}
{"target": -17.677153017906594, "params": {"gamma": 404.23414765297815, "log10_alpha": -0.26821626044601565, "log10_colsample_bytree": -0.15264669613259008, "log10_eta": -2.4805503862158798, "log10_lambda": -4.865371111892737, "log10_min_child_weight": 3.4072222618984007, "log10_subsample": -0.19681770783821706, "max_depth": 8.0, "num_boost_round": 2.0}, "datetime": {"datetime": "2024-01-19 00:46:56", "elapsed": 2105.964727, "delta": 0.003644}}
{"target": -17.677145213901014, "params": {"gamma": 404.23414765297815, "log10_alpha": -0.26821626044601565, "log10_colsample_bytree": -0.15264669613259008, "log10_eta": -2.4805503862158798, "log10_lambda": -4.865371111892737, "log10_min_child_weight": 3.4072222618984007, "log10_subsample": -0.19681770783821706, "max_depth": 8.0, "num_boost_round": 3.0}, "datetime": {"datetime": "2024-01-19 00:46:56", "elapsed": 2105.967851, "delta": 0.003124}}
{"target": -17.676999358851305, "params": {"gamma": 404.23414765297815, "log10_alpha": -0.26821626044601565, "log10_colsample_bytree": -0.15264669613259008, "log10_eta": -2.4805503862158798, "log10_lambda": -4.865371111892737, "log10_min_child_weight": 3.4072222618984007, "log10_subsample": -0.19681770783821706, "max_depth": 8.0, "num_boost_round": 4.0}, "datetime": {"datetime": "2024-01-19 00:46:56", "elapsed": 2105.970976, "delta": 0.003125}}
{"target": -17.676896399394007, "params": {"gamma": 404.23414765297815, "log10_alpha": -0.26821626044601565, "log10_colsample_bytree": -0.15264669613259008, "log10_eta": -2.4805503862158798, "log10_lambda": -4.865371111892737, "log10_min_child_weight": 3.4072222618984007, "log10_subsample": -0.19681770783821706, "max_depth": 8.0, "num_boost_round": 5.0}, "datetime": {"datetime": "2024-01-19 00:46:56", "elapsed": 2105.974064, "delta": 0.003088}}
{"target": -17.676984161245727, "params": {"gamma": 404.23414765297815, "log10_alpha": -0.26821626044601565, "log10_colsample_bytree": -0.15264669613259008, "log10_eta": -2.4805503862158798, "log10_lambda": -4.865371111892737, "log10_min_child_weight": 3.4072222618984007, "log10_subsample": -0.19681770783821706, "max_depth": 8.0, "num_boost_round": 6.0}, "datetime": {"datetime": "2024-01-19 00:46:56", "elapsed": 2105.977138, "delta": 0.003074}}
{"target": -17.676920645270318, "params": {"gamma": 404.23414765297815, "log10_alpha": -0.26821626044601565, "log10_colsample_bytree": -0.15264669613259008, "log10_eta": -2.4805503862158798, "log10_lambda": -4.865371111892737, "log10_min_child_weight": 3.4072222618984007, "log10_subsample": -0.19681770783821706, "max_depth": 8.0, "num_boost_round": 7.0}, "datetime": {"datetime": "2024-01-19 00:46:56", "elapsed": 2105.980145, "delta": 0.003007}}
{"target": -17.676876555117975, "params": {"gamma": 404.23414765297815, "log10_alpha": -0.26821626044601565, "log10_colsample_bytree": -0.15264669613259008, "log10_eta": -2.4805503862158798, "log10_lambda": -4.865371111892737, "log10_min_child_weight": 3.4072222618984007, "log10_subsample": -0.19681770783821706, "max_depth": 8.0, "num_boost_round": 8.0}, "datetime": {"datetime": "2024-01-19 00:46:56", "elapsed": 2105.983302, "delta": 0.003157}}
{"target": -17.67703259689406, "params": {"gamma": 404.23414765297815, "log10_alpha": -0.26821626044601565, "log10_colsample_bytree": -0.15264669613259008, "log10_eta": -2.4805503862158798, "log10_lambda": -4.865371111892737, "log10_min_child_weight": 3.4072222618984007, "log10_subsample": -0.19681770783821706, "max_depth": 8.0, "num_boost_round": 9.0}, "datetime": {"datetime": "2024-01-19 00:46:56", "elapsed": 2105.986286, "delta": 0.002984}}
{"target": -17.677029646853466, "params": {"gamma": 404.23414765297815, "log10_alpha": -0.26821626044601565, "log10_colsample_bytree": -0.15264669613259008, "log10_eta": -2.4805503862158798, "log10_lambda": -4.865371111892737, "log10_min_child_weight": 3.4072222618984007, "log10_subsample": -0.19681770783821706, "max_depth": 8.0, "num_boost_round": 10.0}, "datetime": {"datetime": "2024-01-19 00:46:56", "elapsed": 2105.989768, "delta": 0.003482}}
{"target": -17.67693634502394, "params": {"gamma": 404.23414765297815, "log10_alpha": -0.26821626044601565, "log10_colsample_bytree": -0.15264669613259008, "log10_eta": -2.4805503862158798, "log10_lambda": -4.865371111892737, "log10_min_child_weight": 3.4072222618984007, "log10_subsample": -0.19681770783821706, "max_depth": 8.0, "num_boost_round": 11.0}, "datetime": {"datetime": "2024-01-19 00:46:56", "elapsed": 2105.993742, "delta": 0.003974}}
{"target": -17.67695686689427, "params": {"gamma": 404.23414765297815, "log10_alpha": -0.26821626044601565, "log10_colsample_bytree": -0.15264669613259008, "log10_eta": -2.4805503862158798, "log10_lambda": -4.865371111892737, "log10_min_child_weight": 3.4072222618984007, "log10_subsample": -0.19681770783821706, "max_depth": 8.0, "num_boost_round": 12.0}, "datetime": {"datetime": "2024-01-19 00:46:56", "elapsed": 2105.997254, "delta": 0.003512}}
{"target": -17.676736886650513, "params": {"gamma": 404.23414765297815, "log10_alpha": -0.26821626044601565, "log10_colsample_bytree": -0.15264669613259008, "log10_eta": -2.4805503862158798, "log10_lambda": -4.865371111892737, "log10_min_child_weight": 3.4072222618984007, "log10_subsample": -0.19681770783821706, "max_depth": 8.0, "num_boost_round": 13.0}, "datetime": {"datetime": "2024-01-19 00:46:56", "elapsed": 2106.000577, "delta": 0.003323}}
{"target": -17.676736978216507, "params": {"gamma": 404.23414765297815, "log10_alpha": -0.26821626044601565, "log10_colsample_bytree": -0.15264669613259008, "log10_eta": -2.4805503862158798, "log10_lambda": -4.865371111892737, "log10_min_child_weight": 3.4072222618984007, "log10_subsample": -0.19681770783821706, "max_depth": 8.0, "num_boost_round": 14.0}, "datetime": {"datetime": "2024-01-19 00:46:56", "elapsed": 2106.003814, "delta": 0.003237}}
{"target": -17.676741968088947, "params": {"gamma": 404.23414765297815, "log10_alpha": -0.26821626044601565, "log10_colsample_bytree": -0.15264669613259008, "log10_eta": -2.4805503862158798, "log10_lambda": -4.865371111892737, "log10_min_child_weight": 3.4072222618984007, "log10_subsample": -0.19681770783821706, "max_depth": 8.0, "num_boost_round": 15.0}, "datetime": {"datetime": "2024-01-19 00:46:56", "elapsed": 2106.006969, "delta": 0.003155}}
{"target": -17.67665364053554, "params": {"gamma": 404.23414765297815, "log10_alpha": -0.26821626044601565, "log10_colsample_bytree": -0.15264669613259008, "log10_eta": -2.4805503862158798, "log10_lambda": -4.865371111892737, "log10_min_child_weight": 3.4072222618984007, "log10_subsample": -0.19681770783821706, "max_depth": 8.0, "num_boost_round": 16.0}, "datetime": {"datetime": "2024-01-19 00:46:56", "elapsed": 2106.010212, "delta": 0.003243}}
{"target": -17.67670102908168, "params": {"gamma": 404.23414765297815, "log10_alpha": -0.26821626044601565, "log10_colsample_bytree": -0.15264669613259008, "log10_eta": -2.4805503862158798, "log10_lambda": -4.865371111892737, "log10_min_child_weight": 3.4072222618984007, "log10_subsample": -0.19681770783821706, "max_depth": 8.0, "num_boost_round": 17.0}, "datetime": {"datetime": "2024-01-19 00:46:56", "elapsed": 2106.013315, "delta": 0.003103}}
{"target": -17.676843055199022, "params": {"gamma": 404.23414765297815, "log10_alpha": -0.26821626044601565, "log10_colsample_bytree": -0.15264669613259008, "log10_eta": -2.4805503862158798, "log10_lambda": -4.865371111892737, "log10_min_child_weight": 3.4072222618984007, "log10_subsample": -0.19681770783821706, "max_depth": 8.0, "num_boost_round": 18.0}, "datetime": {"datetime": "2024-01-19 00:46:56", "elapsed": 2106.016391, "delta": 0.003076}}
{"target": -17.67683223199036, "params": {"gamma": 404.23414765297815, "log10_alpha": -0.26821626044601565, "log10_colsample_bytree": -0.15264669613259008, "log10_eta": -2.4805503862158798, "log10_lambda": -4.865371111892737, "log10_min_child_weight": 3.4072222618984007, "log10_subsample": -0.19681770783821706, "max_depth": 8.0, "num_boost_round": 19.0}, "datetime": {"datetime": "2024-01-19 00:46:56", "elapsed": 2106.019473, "delta": 0.003082}}
{"target": -17.6769825938333, "params": {"gamma": 404.23414765297815, "log10_alpha": -0.26821626044601565, "log10_colsample_bytree": -0.15264669613259008, "log10_eta": -2.4805503862158798, "log10_lambda": -4.865371111892737, "log10_min_child_weight": 3.4072222618984007, "log10_subsample": -0.19681770783821706, "max_depth": 8.0, "num_boost_round": 20.0}, "datetime": {"datetime": "2024-01-19 00:46:56", "elapsed": 2106.022542, "delta": 0.003069}}
{"target": -17.677024014743218, "params": {"gamma": 404.23414765297815, "log10_alpha": -0.26821626044601565, "log10_colsample_bytree": -0.15264669613259008, "log10_eta": -2.4805503862158798, "log10_lambda": -4.865371111892737, "log10_min_child_weight": 3.4072222618984007, "log10_subsample": -0.19681770783821706, "max_depth": 8.0, "num_boost_round": 21.0}, "datetime": {"datetime": "2024-01-19 00:46:56", "elapsed": 2106.025611, "delta": 0.003069}}
{"target": -17.676936851874792, "params": {"gamma": 404.23414765297815, "log10_alpha": -0.26821626044601565, "log10_colsample_bytree": -0.15264669613259008, "log10_eta": -2.4805503862158798, "log10_lambda": -4.865371111892737, "log10_min_child_weight": 3.4072222618984007, "log10_subsample": -0.19681770783821706, "max_depth": 8.0, "num_boost_round": 22.0}, "datetime": {"datetime": "2024-01-19 00:46:56", "elapsed": 2106.028717, "delta": 0.003106}}
{"target": -17.676808668217706, "params": {"gamma": 404.23414765297815, "log10_alpha": -0.26821626044601565, "log10_colsample_bytree": -0.15264669613259008, "log10_eta": -2.4805503862158798, "log10_lambda": -4.865371111892737, "log10_min_child_weight": 3.4072222618984007, "log10_subsample": -0.19681770783821706, "max_depth": 8.0, "num_boost_round": 23.0}, "datetime": {"datetime": "2024-01-19 00:46:56", "elapsed": 2106.031895, "delta": 0.003178}}
{"target": -17.6767740845286, "params": {"gamma": 404.23414765297815, "log10_alpha": -0.26821626044601565, "log10_colsample_bytree": -0.15264669613259008, "log10_eta": -2.4805503862158798, "log10_lambda": -4.865371111892737, "log10_min_child_weight": 3.4072222618984007, "log10_subsample": -0.19681770783821706, "max_depth": 8.0, "num_boost_round": 24.0}, "datetime": {"datetime": "2024-01-19 00:46:56", "elapsed": 2106.035161, "delta": 0.003266}}
{"target": -17.67685190088053, "params": {"gamma": 404.23414765297815, "log10_alpha": -0.26821626044601565, "log10_colsample_bytree": -0.15264669613259008, "log10_eta": -2.4805503862158798, "log10_lambda": -4.865371111892737, "log10_min_child_weight": 3.4072222618984007, "log10_subsample": -0.19681770783821706, "max_depth": 8.0, "num_boost_round": 25.0}, "datetime": {"datetime": "2024-01-19 00:46:56", "elapsed": 2106.038786, "delta": 0.003625}}
{"target": -17.6769639388481, "params": {"gamma": 404.23414765297815, "log10_alpha": -0.26821626044601565, "log10_colsample_bytree": -0.15264669613259008, "log10_eta": -2.4805503862158798, "log10_lambda": -4.865371111892737, "log10_min_child_weight": 3.4072222618984007, "log10_subsample": -0.19681770783821706, "max_depth": 8.0, "num_boost_round": 26.0}, "datetime": {"datetime": "2024-01-19 00:46:56", "elapsed": 2106.042514, "delta": 0.003728}}
{"target": -17.67692606606719, "params": {"gamma": 404.23414765297815, "log10_alpha": -0.26821626044601565, "log10_colsample_bytree": -0.15264669613259008, "log10_eta": -2.4805503862158798, "log10_lambda": -4.865371111892737, "log10_min_child_weight": 3.4072222618984007, "log10_subsample": -0.19681770783821706, "max_depth": 8.0, "num_boost_round": 27.0}, "datetime": {"datetime": "2024-01-19 00:46:56", "elapsed": 2106.045826, "delta": 0.003312}}
{"target": -17.676951677483405, "params": {"gamma": 404.23414765297815, "log10_alpha": -0.26821626044601565, "log10_colsample_bytree": -0.15264669613259008, "log10_eta": -2.4805503862158798, "log10_lambda": -4.865371111892737, "log10_min_child_weight": 3.4072222618984007, "log10_subsample": -0.19681770783821706, "max_depth": 8.0, "num_boost_round": 28.0}, "datetime": {"datetime": "2024-01-19 00:46:56", "elapsed": 2106.049121, "delta": 0.003295}}
{"target": -17.676805084136557, "params": {"gamma": 404.23414765297815, "log10_alpha": -0.26821626044601565, "log10_colsample_bytree": -0.15264669613259008, "log10_eta": -2.4805503862158798, "log10_lambda": -4.865371111892737, "log10_min_child_weight": 3.4072222618984007, "log10_subsample": -0.19681770783821706, "max_depth": 8.0, "num_boost_round": 29.0}, "datetime": {"datetime": "2024-01-19 00:46:56", "elapsed": 2106.05224, "delta": 0.003119}}
{"target": -17.67677338281544, "params": {"gamma": 404.23414765297815, "log10_alpha": -0.26821626044601565, "log10_colsample_bytree": -0.15264669613259008, "log10_eta": -2.4805503862158798, "log10_lambda": -4.865371111892737, "log10_min_child_weight": 3.4072222618984007, "log10_subsample": -0.19681770783821706, "max_depth": 8.0, "num_boost_round": 30.0}, "datetime": {"datetime": "2024-01-19 00:46:56", "elapsed": 2106.055275, "delta": 0.003035}}
{"target": -17.676904996849853, "params": {"gamma": 404.23414765297815, "log10_alpha": -0.26821626044601565, "log10_colsample_bytree": -0.15264669613259008, "log10_eta": -2.4805503862158798, "log10_lambda": -4.865371111892737, "log10_min_child_weight": 3.4072222618984007, "log10_subsample": -0.19681770783821706, "max_depth": 8.0, "num_boost_round": 31.0}, "datetime": {"datetime": "2024-01-19 00:46:56", "elapsed": 2106.058261, "delta": 0.002986}}
{"target": -17.676901318401946, "params": {"gamma": 404.23414765297815, "log10_alpha": -0.26821626044601565, "log10_colsample_bytree": -0.15264669613259008, "log10_eta": -2.4805503862158798, "log10_lambda": -4.865371111892737, "log10_min_child_weight": 3.4072222618984007, "log10_subsample": -0.19681770783821706, "max_depth": 8.0, "num_boost_round": 32.0}, "datetime": {"datetime": "2024-01-19 00:46:56", "elapsed": 2106.175268, "delta": 0.117007}}
{"target": -17.676923425967313, "params": {"gamma": 404.23414765297815, "log10_alpha": -0.26821626044601565, "log10_colsample_bytree": -0.15264669613259008, "log10_eta": -2.4805503862158798, "log10_lambda": -4.865371111892737, "log10_min_child_weight": 3.4072222618984007, "log10_subsample": -0.19681770783821706, "max_depth": 8.0, "num_boost_round": 33.0}, "datetime": {"datetime": "2024-01-19 00:46:56", "elapsed": 2106.179116, "delta": 0.003848}}
{"target": -17.67678709241846, "params": {"gamma": 404.23414765297815, "log10_alpha": -0.26821626044601565, "log10_colsample_bytree": -0.15264669613259008, "log10_eta": -2.4805503862158798, "log10_lambda": -4.865371111892737, "log10_min_child_weight": 3.4072222618984007, "log10_subsample": -0.19681770783821706, "max_depth": 8.0, "num_boost_round": 34.0}, "datetime": {"datetime": "2024-01-19 00:46:56", "elapsed": 2106.183105, "delta": 0.003989}}
{"target": -17.676999351190865, "params": {"gamma": 404.23414765297815, "log10_alpha": -0.26821626044601565, "log10_colsample_bytree": -0.15264669613259008, "log10_eta": -2.4805503862158798, "log10_lambda": -4.865371111892737, "log10_min_child_weight": 3.4072222618984007, "log10_subsample": -0.19681770783821706, "max_depth": 8.0, "num_boost_round": 35.0}, "datetime": {"datetime": "2024-01-19 00:46:56", "elapsed": 2106.18648, "delta": 0.003375}}
{"target": -17.67681484796217, "params": {"gamma": 404.23414765297815, "log10_alpha": -0.26821626044601565, "log10_colsample_bytree": -0.15264669613259008, "log10_eta": -2.4805503862158798, "log10_lambda": -4.865371111892737, "log10_min_child_weight": 3.4072222618984007, "log10_subsample": -0.19681770783821706, "max_depth": 8.0, "num_boost_round": 36.0}, "datetime": {"datetime": "2024-01-19 00:46:56", "elapsed": 2106.189897, "delta": 0.003417}}
