{"target": -17.677005613767687, "params": {"gamma": 451.88659565497215, "log10_alpha": -2.124416460804369, "log10_colsample_bytree": -0.7640645927549642, "log10_eta": -3.2294872908132612, "log10_lambda": -3.9732806470734348, "log10_min_child_weight": 1.2410438211947517, "log10_subsample": -0.7011345863207313, "max_depth": 8.0, "num_boost_round": 8.0}, "datetime": {"datetime": "2024-01-19 00:47:43", "elapsed": 2156.520145, "delta": 0.003138}}
{"target": -17.67697626452168, "params": {"gamma": 451.88659565497215, "log10_alpha": -2.124416460804369, "log10_colsample_bytree": -0.7640645927549642, "log10_eta": -3.2294872908132612, "log10_lambda": -3.9732806470734348, "log10_min_child_weight": 1.2410438211947517, "log10_subsample": -0.7011345863207313, "max_depth": 8.0, "num_boost_round": 9.0}, "datetime": {"datetime": "2024-01-19 00:47:43", "elapsed": 2156.52332, "delta": 0.003175}}
{"target": -17.676876056195667, "params": {"gamma": 451.88659565497215, "log10_alpha": -2.124416460804369, "log10_colsample_bytree": -0.7640645927549642, "log10_eta": -3.2294872908132612, "log10_lambda": -3.9732806470734348, "log10_min_child_weight": 1.2410438211947517, "log10_subsample": -0.7011345863207313, "max_depth": 8.0, "num_boost_round": 10.0}, "datetime": {"datetime": "2024-01-19 00:47:43", "elapsed": 2156.526438, "delta": 0.003118}}
{"target": -17.67687504557242, "params": {"gamma": 451.88659565497215, "log10_alpha": -2.124416460804369, "log10_colsample_bytree": -0.7640645927549642, "log10_eta": -3.2294872908132612, "log10_lambda": -3.9732806470734348, "log10_min_child_weight": 1.2410438211947517, "log10_subsample": -0.7011345863207313, "max_depth": 8.0, "num_boost_round": 11.0}, "datetime": {"datetime": "2024-01-19 00:47:43", "elapsed": 2156.529646, "delta": 0.003208}}
{"target": -17.676848600400874, "params": {"gamma": 451.88659565497215, "log10_alpha": -2.124416460804369, "log10_colsample_bytree": -0.7640645927549642, "log10_eta": -3.2294872908132612, "log10_lambda": -3.9732806470734348, "log10_min_child_weight": 1.2410438211947517, "log10_subsample": -0.7011345863207313, "max_depth": 8.0, "num_boost_round": 12.0}, "datetime": {"datetime": "2024-01-19 00:47:43", "elapsed": 2156.532853, "delta": 0.003207}}
{"target": -17.67678714686055, "params": {"gamma": 451.88659565497215, "log10_alpha": -2.124416460804369, "log10_colsample_bytree": -0.7640645927549642, "log10_eta": -3.2294872908132612, "log10_lambda": -3.9732806470734348, "log10_min_child_weight": 1.2410438211947517, "log10_subsample": -0.7011345863207313, "max_depth": 8.0, "num_boost_round": 13.0}, "datetime": {"datetime": "2024-01-19 00:47:43", "elapsed": 2156.535968, "delta": 0.003115}}
{"target": -17.676768582387385, "params": {"gamma": 451.88659565497215, "log10_alpha": -2.124416460804369, "log10_colsample_bytree": -0.7640645927549642, "log10_eta": -3.2294872908132612, "log10_lambda": -3.9732806470734348, "log10_min_child_weight": 1.2410438211947517, "log10_subsample": -0.7011345863207313, "max_depth": 8.0, "num_boost_round": 14.0}, "datetime": {"datetime": "2024-01-19 00:47:43", "elapsed": 2156.53906, "delta": 0.003092}}
{"target": -17.676718938950224, "params": {"gamma": 451.88659565497215, "log10_alpha": -2.124416460804369, "log10_colsample_bytree": -0.7640645927549642, "log10_eta": -3.2294872908132612, "log10_lambda": -3.9732806470734348, "log10_min_child_weight": 1.2410438211947517, "log10_subsample": -0.7011345863207313, "max_depth": 8.0, "num_boost_round": 15.0}, "datetime": {"datetime": "2024-01-19 00:47:43", "elapsed": 2156.542295, "delta": 0.003235}}
{"target": -17.676709530468962, "params": {"gamma": 451.88659565497215, "log10_alpha": -2.124416460804369, "log10_colsample_bytree": -0.7640645927549642, "log10_eta": -3.2294872908132612, "log10_lambda": -3.9732806470734348, "log10_min_child_weight": 1.2410438211947517, "log10_subsample": -0.7011345863207313, "max_depth": 8.0, "num_boost_round": 16.0}, "datetime": {"datetime": "2024-01-19 00:47:43", "elapsed": 2156.549967, "delta": 0.007672}}
{"target": -17.676671373609967, "params": {"gamma": 451.88659565497215, "log10_alpha": -2.124416460804369, "log10_colsample_bytree": -0.7640645927549642, "log10_eta": -3.2294872908132612, "log10_lambda": -3.9732806470734348, "log10_min_child_weight": 1.2410438211947517, "log10_subsample": -0.7011345863207313, "max_depth": 8.0, "num_boost_round": 17.0}, "datetime": {"datetime": "2024-01-19 00:47:43", "elapsed": 2156.553403, "delta": 0.003436}}
{"target": -17.676688861594027, "params": {"gamma": 451.88659565497215, "log10_alpha": -2.124416460804369, "log10_colsample_bytree": -0.7640645927549642, "log10_eta": -3.2294872908132612, "log10_lambda": -3.9732806470734348, "log10_min_child_weight": 1.2410438211947517, "log10_subsample": -0.7011345863207313, "max_depth": 8.0, "num_boost_round": 18.0}, "datetime": {"datetime": "2024-01-19 00:47:43", "elapsed": 2156.556624, "delta": 0.003221}}
{"target": -17.67664303078878, "params": {"gamma": 451.88659565497215, "log10_alpha": -2.124416460804369, "log10_colsample_bytree": -0.7640645927549642, "log10_eta": -3.2294872908132612, "log10_lambda": -3.9732806470734348, "log10_min_child_weight": 1.2410438211947517, "log10_subsample": -0.7011345863207313, "max_depth": 8.0, "num_boost_round": 19.0}, "datetime": {"datetime": "2024-01-19 00:47:43", "elapsed": 2156.559914, "delta": 0.00329}}
{"target": -17.676609639107394, "params": {"gamma": 451.88659565497215, "log10_alpha": -2.124416460804369, "log10_colsample_bytree": -0.7640645927549642, "log10_eta": -3.2294872908132612, "log10_lambda": -3.9732806470734348, "log10_min_child_weight": 1.2410438211947517, "log10_subsample": -0.7011345863207313, "max_depth": 8.0, "num_boost_round": 20.0}, "datetime": {"datetime": "2024-01-19 00:47:43", "elapsed": 2156.563189, "delta": 0.003275}}
{"target": -17.676543682082315, "params": {"gamma": 451.88659565497215, "log10_alpha": -2.124416460804369, "log10_colsample_bytree": -0.7640645927549642, "log10_eta": -3.2294872908132612, "log10_lambda": -3.9732806470734348, "log10_min_child_weight": 1.2410438211947517, "log10_subsample": -0.7011345863207313, "max_depth": 8.0, "num_boost_round": 21.0}, "datetime": {"datetime": "2024-01-19 00:47:43", "elapsed": 2156.566354, "delta": 0.003165}}
{"target": -17.67650765552618, "params": {"gamma": 451.88659565497215, "log10_alpha": -2.124416460804369, "log10_colsample_bytree": -0.7640645927549642, "log10_eta": -3.2294872908132612, "log10_lambda": -3.9732806470734348, "log10_min_child_weight": 1.2410438211947517, "log10_subsample": -0.7011345863207313, "max_depth": 8.0, "num_boost_round": 22.0}, "datetime": {"datetime": "2024-01-19 00:47:43", "elapsed": 2156.569512, "delta": 0.003158}}
{"target": -17.676462162702684, "params": {"gamma": 451.88659565497215, "log10_alpha": -2.124416460804369, "log10_colsample_bytree": -0.7640645927549642, "log10_eta": -3.2294872908132612, "log10_lambda": -3.9732806470734348, "log10_min_child_weight": 1.2410438211947517, "log10_subsample": -0.7011345863207313, "max_depth": 8.0, "num_boost_round": 23.0}, "datetime": {"datetime": "2024-01-19 00:47:43", "elapsed": 2156.572697, "delta": 0.003185}}
{"target": -17.676481471547213, "params": {"gamma": 451.88659565497215, "log10_alpha": -2.124416460804369, "log10_colsample_bytree": -0.7640645927549642, "log10_eta": -3.2294872908132612, "log10_lambda": -3.9732806470734348, "log10_min_child_weight": 1.2410438211947517, "log10_subsample": -0.7011345863207313, "max_depth": 8.0, "num_boost_round": 24.0}, "datetime": {"datetime": "2024-01-19 00:47:43", "elapsed": 2156.575976, "delta": 0.003279}}
{"target": -17.676461273303353, "params": {"gamma": 451.88659565497215, "log10_alpha": -2.124416460804369, "log10_colsample_bytree": -0.7640645927549642, "log10_eta": -3.2294872908132612, "log10_lambda": -3.9732806470734348, "log10_min_child_weight": 1.2410438211947517, "log10_subsample": -0.7011345863207313, "max_depth": 8.0, "num_boost_round": 25.0}, "datetime": {"datetime": "2024-01-19 00:47:43", "elapsed": 2156.579195, "delta": 0.003219}}
{"target": -17.676443255093307, "params": {"gamma": 451.88659565497215, "log10_alpha": -2.124416460804369, "log10_colsample_bytree": -0.7640645927549642, "log10_eta": -3.2294872908132612, "log10_lambda": -3.9732806470734348, "log10_min_child_weight": 1.2410438211947517, "log10_subsample": -0.7011345863207313, "max_depth": 8.0, "num_boost_round": 26.0}, "datetime": {"datetime": "2024-01-19 00:47:43", "elapsed": 2156.582398, "delta": 0.003203}}
{"target": -17.676414513871197, "params": {"gamma": 451.88659565497215, "log10_alpha": -2.124416460804369, "log10_colsample_bytree": -0.7640645927549642, "log10_eta": -3.2294872908132612, "log10_lambda": -3.9732806470734348, "log10_min_child_weight": 1.2410438211947517, "log10_subsample": -0.7011345863207313, "max_depth": 8.0, "num_boost_round": 27.0}, "datetime": {"datetime": "2024-01-19 00:47:43", "elapsed": 2156.585626, "delta": 0.003228}}
{"target": -17.67635968702317, "params": {"gamma": 451.88659565497215, "log10_alpha": -2.124416460804369, "log10_colsample_bytree": -0.7640645927549642, "log10_eta": -3.2294872908132612, "log10_lambda": -3.9732806470734348, "log10_min_child_weight": 1.2410438211947517, "log10_subsample": -0.7011345863207313, "max_depth": 8.0, "num_boost_round": 28.0}, "datetime": {"datetime": "2024-01-19 00:47:43", "elapsed": 2156.588859, "delta": 0.003233}}
{"target": -17.676334794086852, "params": {"gamma": 451.88659565497215, "log10_alpha": -2.124416460804369, "log10_colsample_bytree": -0.7640645927549642, "log10_eta": -3.2294872908132612, "log10_lambda": -3.9732806470734348, "log10_min_child_weight": 1.2410438211947517, "log10_subsample": -0.7011345863207313, "max_depth": 8.0, "num_boost_round": 29.0}, "datetime": {"datetime": "2024-01-19 00:47:43", "elapsed": 2156.592076, "delta": 0.003217}}
{"target": -17.67632042031371, "params": {"gamma": 451.88659565497215, "log10_alpha": -2.124416460804369, "log10_colsample_bytree": -0.7640645927549642, "log10_eta": -3.2294872908132612, "log10_lambda": -3.9732806470734348, "log10_min_child_weight": 1.2410438211947517, "log10_subsample": -0.7011345863207313, "max_depth": 8.0, "num_boost_round": 30.0}, "datetime": {"datetime": "2024-01-19 00:47:43", "elapsed": 2156.595359, "delta": 0.003283}}
{"target": -17.676301566959925, "params": {"gamma": 451.88659565497215, "log10_alpha": -2.124416460804369, "log10_colsample_bytree": -0.7640645927549642, "log10_eta": -3.2294872908132612, "log10_lambda": -3.9732806470734348, "log10_min_child_weight": 1.2410438211947517, "log10_subsample": -0.7011345863207313, "max_depth": 8.0, "num_boost_round": 31.0}, "datetime": {"datetime": "2024-01-19 00:47:43", "elapsed": 2156.598707, "delta": 0.003348}}
{"target": -17.67722781781938, "params": {"gamma": 459.2864851270313, "log10_alpha": -0.8965800223684637, "log10_colsample_bytree": -0.5740791905452842, "log10_eta": -3.875777132253296, "log10_lambda": -0.5837414561174619, "log10_min_child_weight": 1.0087771946422825, "log10_subsample": -0.8053506166667957, "max_depth": 9.0, "num_boost_round": 0.0}, "datetime": {"datetime": "2024-01-19 00:48:25", "elapsed": 2198.515129, "delta": 41.916422}}
{"target": -17.67721920630951, "params": {"gamma": 459.2864851270313, "log10_alpha": -0.8965800223684637, "log10_colsample_bytree": -0.5740791905452842, "log10_eta": -3.875777132253296, "log10_lambda": -0.5837414561174619, "log10_min_child_weight": 1.0087771946422825, "log10_subsample": -0.8053506166667957, "max_depth": 9.0, "num_boost_round": 1.0}, "datetime": {"datetime": "2024-01-19 00:48:25", "elapsed": 2198.518409, "delta": 0.00328}}
{"target": -17.67720541278079, "params": {"gamma": 459.2864851270313, "log10_alpha": -0.8965800223684637, "log10_colsample_bytree": -0.5740791905452842, "log10_eta": -3.875777132253296, "log10_lambda": -0.5837414561174619, "log10_min_child_weight": 1.0087771946422825, "log10_subsample": -0.8053506166667957, "max_depth": 9.0, "num_boost_round": 2.0}, "datetime": {"datetime": "2024-01-19 00:48:25", "elapsed": 2198.522574, "delta": 0.004165}}
{"target": -17.677197500289843, "params": {"gamma": 459.2864851270313, "log10_alpha": -0.8965800223684637, "log10_colsample_bytree": -0.5740791905452842, "log10_eta": -3.875777132253296, "log10_lambda": -0.5837414561174619, "log10_min_child_weight": 1.0087771946422825, "log10_subsample": -0.8053506166667957, "max_depth": 9.0, "num_boost_round": 3.0}, "datetime": {"datetime": "2024-01-19 00:48:25", "elapsed": 2198.525749, "delta": 0.003175}}
{"target": -17.677185536737987, "params": {"gamma": 459.2864851270313, "log10_alpha": -0.8965800223684637, "log10_colsample_bytree": -0.5740791905452842, "log10_eta": -3.875777132253296, "log10_lambda": -0.5837414561174619, "log10_min_child_weight": 1.0087771946422825, "log10_subsample": -0.8053506166667957, "max_depth": 9.0, "num_boost_round": 4.0}, "datetime": {"datetime": "2024-01-19 00:48:25", "elapsed": 2198.528838, "delta": 0.003089}}
{"target": -17.67717811556149, "params": {"gamma": 459.2864851270313, "log10_alpha": -0.8965800223684637, "log10_colsample_bytree": -0.5740791905452842, "log10_eta": -3.875777132253296, "log10_lambda": -0.5837414561174619, "log10_min_child_weight": 1.0087771946422825, "log10_subsample": -0.8053506166667957, "max_depth": 9.0, "num_boost_round": 5.0}, "datetime": {"datetime": "2024-01-19 00:48:25", "elapsed": 2198.531951, "delta": 0.003113}}
{"target": -17.677178954260597, "params": {"gamma": 459.2864851270313, "log10_alpha": -0.8965800223684637, "log10_colsample_bytree": -0.5740791905452842, "log10_eta": -3.875777132253296, "log10_lambda": -0.5837414561174619, "log10_min_child_weight": 1.0087771946422825, "log10_subsample": -0.8053506166667957, "max_depth": 9.0, "num_boost_round": 6.0}, "datetime": {"datetime": "2024-01-19 00:48:25", "elapsed": 2198.535034, "delta": 0.003083}}
{"target": -17.67717773248545, "params": {"gamma": 459.2864851270313, "log10_alpha": -0.8965800223684637, "log10_colsample_bytree": -0.5740791905452842, "log10_eta": -3.875777132253296, "log10_lambda": -0.5837414561174619, "log10_min_child_weight": 1.0087771946422825, "log10_subsample": -0.8053506166667957, "max_depth": 9.0, "num_boost_round": 7.0}, "datetime": {"datetime": "2024-01-19 00:48:25", "elapsed": 2198.539088, "delta": 0.004054}}
{"target": -17.67717730704774, "params": {"gamma": 459.2864851270313, "log10_alpha": -0.8965800223684637, "log10_colsample_bytree": -0.5740791905452842, "log10_eta": -3.875777132253296, "log10_lambda": -0.5837414561174619, "log10_min_child_weight": 1.0087771946422825, "log10_subsample": -0.8053506166667957, "max_depth": 9.0, "num_boost_round": 8.0}, "datetime": {"datetime": "2024-01-19 00:48:25", "elapsed": 2198.54224, "delta": 0.003152}}
{"target": -17.67716808069509, "params": {"gamma": 459.2864851270313, "log10_alpha": -0.8965800223684637, "log10_colsample_bytree": -0.5740791905452842, "log10_eta": -3.875777132253296, "log10_lambda": -0.5837414561174619, "log10_min_child_weight": 1.0087771946422825, "log10_subsample": -0.8053506166667957, "max_depth": 9.0, "num_boost_round": 9.0}, "datetime": {"datetime": "2024-01-19 00:48:25", "elapsed": 2198.545298, "delta": 0.003058}}
{"target": -17.677157616904083, "params": {"gamma": 459.2864851270313, "log10_alpha": -0.8965800223684637, "log10_colsample_bytree": -0.5740791905452842, "log10_eta": -3.875777132253296, "log10_lambda": -0.5837414561174619, "log10_min_child_weight": 1.0087771946422825, "log10_subsample": -0.8053506166667957, "max_depth": 9.0, "num_boost_round": 10.0}, "datetime": {"datetime": "2024-01-19 00:48:25", "elapsed": 2198.548464, "delta": 0.003166}}
{"target": -17.677154704037882, "params": {"gamma": 459.2864851270313, "log10_alpha": -0.8965800223684637, "log10_colsample_bytree": -0.5740791905452842, "log10_eta": -3.875777132253296, "log10_lambda": -0.5837414561174619, "log10_min_child_weight": 1.0087771946422825, "log10_subsample": -0.8053506166667957, "max_depth": 9.0, "num_boost_round": 11.0}, "datetime": {"datetime": "2024-01-19 00:48:25", "elapsed": 2198.551752, "delta": 0.003288}}
{"target": -17.677141351978662, "params": {"gamma": 459.2864851270313, "log10_alpha": -0.8965800223684637, "log10_colsample_bytree": -0.5740791905452842, "log10_eta": -3.875777132253296, "log10_lambda": -0.5837414561174619, "log10_min_child_weight": 1.0087771946422825, "log10_subsample": -0.8053506166667957, "max_depth": 9.0, "num_boost_round": 12.0}, "datetime": {"datetime": "2024-01-19 00:48:25", "elapsed": 2198.555021, "delta": 0.003269}}
{"target": -17.6771329027019, "params": {"gamma": 459.2864851270313, "log10_alpha": -0.8965800223684637, "log10_colsample_bytree": -0.5740791905452842, "log10_eta": -3.875777132253296, "log10_lambda": -0.5837414561174619, "log10_min_child_weight": 1.0087771946422825, "log10_subsample": -0.8053506166667957, "max_depth": 9.0, "num_boost_round": 13.0}, "datetime": {"datetime": "2024-01-19 00:48:25", "elapsed": 2198.558816, "delta": 0.003795}}
{"target": -17.67713127524006, "params": {"gamma": 459.2864851270313, "log10_alpha": -0.8965800223684637, "log10_colsample_bytree": -0.5740791905452842, "log10_eta": -3.875777132253296, "log10_lambda": -0.5837414561174619, "log10_min_child_weight": 1.0087771946422825, "log10_subsample": -0.8053506166667957, "max_depth": 9.0, "num_boost_round": 14.0}, "datetime": {"datetime": "2024-01-19 00:48:25", "elapsed": 2198.56252, "delta": 0.003704}}
{"target": -17.67712598901179, "params": {"gamma": 459.2864851270313, "log10_alpha": -0.8965800223684637, "log10_colsample_bytree": -0.5740791905452842, "log10_eta": -3.875777132253296, "log10_lambda": -0.5837414561174619, "log10_min_child_weight": 1.0087771946422825, "log10_subsample": -0.8053506166667957, "max_depth": 9.0, "num_boost_round": 15.0}, "datetime": {"datetime": "2024-01-19 00:48:25", "elapsed": 2198.565858, "delta": 0.003338}}
{"target": -17.67712462842649, "params": {"gamma": 459.2864851270313, "log10_alpha": -0.8965800223684637, "log10_colsample_bytree": -0.5740791905452842, "log10_eta": -3.875777132253296, "log10_lambda": -0.5837414561174619, "log10_min_child_weight": 1.0087771946422825, "log10_subsample": -0.8053506166667957, "max_depth": 9.0, "num_boost_round": 16.0}, "datetime": {"datetime": "2024-01-19 00:48:25", "elapsed": 2198.569005, "delta": 0.003147}}
{"target": -17.677122427955585, "params": {"gamma": 459.2864851270313, "log10_alpha": -0.8965800223684637, "log10_colsample_bytree": -0.5740791905452842, "log10_eta": -3.875777132253296, "log10_lambda": -0.5837414561174619, "log10_min_child_weight": 1.0087771946422825, "log10_subsample": -0.8053506166667957, "max_depth": 9.0, "num_boost_round": 17.0}, "datetime": {"datetime": "2024-01-19 00:48:25", "elapsed": 2198.572198, "delta": 0.003193}}
{"target": -17.677126230435974, "params": {"gamma": 459.2864851270313, "log10_alpha": -0.8965800223684637, "log10_colsample_bytree": -0.5740791905452842, "log10_eta": -3.875777132253296, "log10_lambda": -0.5837414561174619, "log10_min_child_weight": 1.0087771946422825, "log10_subsample": -0.8053506166667957, "max_depth": 9.0, "num_boost_round": 18.0}, "datetime": {"datetime": "2024-01-19 00:48:25", "elapsed": 2198.575288, "delta": 0.00309}}
{"target": -17.677235301434017, "params": {"gamma": 445.0635144952251, "log10_alpha": -4.905900753346884, "log10_colsample_bytree": -0.021085734486888552, "log10_eta": -2.507394905443778, "log10_lambda": -3.1616061214907463, "log10_min_child_weight": 4.672932296011261, "log10_subsample": -0.7583606668812112, "max_depth": 6.0, "num_boost_round": 0.0}, "datetime": {"datetime": "2024-01-19 00:48:58", "elapsed": 2230.956574, "delta": 32.381286}}
{"target": -17.677219039429755, "params": {"gamma": 445.0635144952251, "log10_alpha": -4.905900753346884, "log10_colsample_bytree": -0.021085734486888552, "log10_eta": -2.507394905443778, "log10_lambda": -3.1616061214907463, "log10_min_child_weight": 4.672932296011261, "log10_subsample": -0.7583606668812112, "max_depth": 6.0, "num_boost_round": 1.0}, "datetime": {"datetime": "2024-01-19 00:48:58", "elapsed": 2230.960276, "delta": 0.003702}}
{"target": -17.67719361791844, "params": {"gamma": 445.0635144952251, "log10_alpha": -4.905900753346884, "log10_colsample_bytree": -0.021085734486888552, "log10_eta": -2.507394905443778, "log10_lambda": -3.1616061214907463, "log10_min_child_weight": 4.672932296011261, "log10_subsample": -0.7583606668812112, "max_depth": 6.0, "num_boost_round": 2.0}, "datetime": {"datetime": "2024-01-19 00:48:58", "elapsed": 2230.964086, "delta": 0.00381}}
{"target": -17.67717894275779, "params": {"gamma": 445.0635144952251, "log10_alpha": -4.905900753346884, "log10_colsample_bytree": -0.021085734486888552, "log10_eta": -2.507394905443778, "log10_lambda": -3.1616061214907463, "log10_min_child_weight": 4.672932296011261, "log10_subsample": -0.7583606668812112, "max_depth": 6.0, "num_boost_round": 3.0}, "datetime": {"datetime": "2024-01-19 00:48:58", "elapsed": 2230.967271, "delta": 0.003185}}
{"target": -17.677168165689704, "params": {"gamma": 445.0635144952251, "log10_alpha": -4.905900753346884, "log10_colsample_bytree": -0.021085734486888552, "log10_eta": -2.507394905443778, "log10_lambda": -3.1616061214907463, "log10_min_child_weight": 4.672932296011261, "log10_subsample": -0.7583606668812112, "max_depth": 6.0, "num_boost_round": 4.0}, "datetime": {"datetime": "2024-01-19 00:48:58", "elapsed": 2230.970498, "delta": 0.003227}}
{"target": -17.677139793967743, "params": {"gamma": 445.0635144952251, "log10_alpha": -4.905900753346884, "log10_colsample_bytree": -0.021085734486888552, "log10_eta": -2.507394905443778, "log10_lambda": -3.1616061214907463, "log10_min_child_weight": 4.672932296011261, "log10_subsample": -0.7583606668812112, "max_depth": 6.0, "num_boost_round": 5.0}, "datetime": {"datetime": "2024-01-19 00:48:58", "elapsed": 2230.973584, "delta": 0.003086}}
