{"target": -13.758534576158308, "params": {"gamma": 130.38286337010297, "log10_alpha": -2.304262808854398, "log10_colsample_bytree": -0.5822892767445929, "log10_eta": -3.9641647347213618, "log10_lambda": 0.40608855643232467, "log10_min_child_weight": 4.370469675618608, "log10_subsample": -0.38503128058889646, "max_depth": 9.0, "num_boost_round": 10.0}, "datetime": {"datetime": "2024-01-19 00:50:03", "elapsed": 2311.05348, "delta": 0.002377}}
{"target": -13.758534390278049, "params": {"gamma": 130.38286337010297, "log10_alpha": -2.304262808854398, "log10_colsample_bytree": -0.5822892767445929, "log10_eta": -3.9641647347213618, "log10_lambda": 0.40608855643232467, "log10_min_child_weight": 4.370469675618608, "log10_subsample": -0.38503128058889646, "max_depth": 9.0, "num_boost_round": 11.0}, "datetime": {"datetime": "2024-01-19 00:50:03", "elapsed": 2311.05591, "delta": 0.00243}}
{"target": -13.758534207645162, "params": {"gamma": 130.38286337010297, "log10_alpha": -2.304262808854398, "log10_colsample_bytree": -0.5822892767445929, "log10_eta": -3.9641647347213618, "log10_lambda": 0.40608855643232467, "log10_min_child_weight": 4.370469675618608, "log10_subsample": -0.38503128058889646, "max_depth": 9.0, "num_boost_round": 12.0}, "datetime": {"datetime": "2024-01-19 00:50:03", "elapsed": 2311.058382, "delta": 0.002472}}
{"target": -13.758533800622812, "params": {"gamma": 130.38286337010297, "log10_alpha": -2.304262808854398, "log10_colsample_bytree": -0.5822892767445929, "log10_eta": -3.9641647347213618, "log10_lambda": 0.40608855643232467, "log10_min_child_weight": 4.370469675618608, "log10_subsample": -0.38503128058889646, "max_depth": 9.0, "num_boost_round": 13.0}, "datetime": {"datetime": "2024-01-19 00:50:03", "elapsed": 2311.060844, "delta": 0.002462}}
{"target": -13.758533417544987, "params": {"gamma": 130.38286337010297, "log10_alpha": -2.304262808854398, "log10_colsample_bytree": -0.5822892767445929, "log10_eta": -3.9641647347213618, "log10_lambda": 0.40608855643232467, "log10_min_child_weight": 4.370469675618608, "log10_subsample": -0.38503128058889646, "max_depth": 9.0, "num_boost_round": 14.0}, "datetime": {"datetime": "2024-01-19 00:50:03", "elapsed": 2311.063234, "delta": 0.00239}}
{"target": -13.758532174625158, "params": {"gamma": 130.38286337010297, "log10_alpha": -2.304262808854398, "log10_colsample_bytree": -0.5822892767445929, "log10_eta": -3.9641647347213618, "log10_lambda": 0.40608855643232467, "log10_min_child_weight": 4.370469675618608, "log10_subsample": -0.38503128058889646, "max_depth": 9.0, "num_boost_round": 15.0}, "datetime": {"datetime": "2024-01-19 00:50:03", "elapsed": 2311.065635, "delta": 0.002401}}
{"target": -13.758531545723057, "params": {"gamma": 130.38286337010297, "log10_alpha": -2.304262808854398, "log10_colsample_bytree": -0.5822892767445929, "log10_eta": -3.9641647347213618, "log10_lambda": 0.40608855643232467, "log10_min_child_weight": 4.370469675618608, "log10_subsample": -0.38503128058889646, "max_depth": 9.0, "num_boost_round": 16.0}, "datetime": {"datetime": "2024-01-19 00:50:03", "elapsed": 2311.068004, "delta": 0.002369}}
{"target": -13.75853113251945, "params": {"gamma": 130.38286337010297, "log10_alpha": -2.304262808854398, "log10_colsample_bytree": -0.5822892767445929, "log10_eta": -3.9641647347213618, "log10_lambda": 0.40608855643232467, "log10_min_child_weight": 4.370469675618608, "log10_subsample": -0.38503128058889646, "max_depth": 9.0, "num_boost_round": 17.0}, "datetime": {"datetime": "2024-01-19 00:50:03", "elapsed": 2311.070399, "delta": 0.002395}}
{"target": -13.758529612148378, "params": {"gamma": 130.38286337010297, "log10_alpha": -2.304262808854398, "log10_colsample_bytree": -0.5822892767445929, "log10_eta": -3.9641647347213618, "log10_lambda": 0.40608855643232467, "log10_min_child_weight": 4.370469675618608, "log10_subsample": -0.38503128058889646, "max_depth": 9.0, "num_boost_round": 18.0}, "datetime": {"datetime": "2024-01-19 00:50:03", "elapsed": 2311.072832, "delta": 0.002433}}
{"target": -13.758529199081067, "params": {"gamma": 130.38286337010297, "log10_alpha": -2.304262808854398, "log10_colsample_bytree": -0.5822892767445929, "log10_eta": -3.9641647347213618, "log10_lambda": 0.40608855643232467, "log10_min_child_weight": 4.370469675618608, "log10_subsample": -0.38503128058889646, "max_depth": 9.0, "num_boost_round": 19.0}, "datetime": {"datetime": "2024-01-19 00:50:03", "elapsed": 2311.07521, "delta": 0.002378}}
{"target": -13.758529382201383, "params": {"gamma": 130.38286337010297, "log10_alpha": -2.304262808854398, "log10_colsample_bytree": -0.5822892767445929, "log10_eta": -3.9641647347213618, "log10_lambda": 0.40608855643232467, "log10_min_child_weight": 4.370469675618608, "log10_subsample": -0.38503128058889646, "max_depth": 9.0, "num_boost_round": 20.0}, "datetime": {"datetime": "2024-01-19 00:50:03", "elapsed": 2311.07767, "delta": 0.00246}}
{"target": -13.758529531581889, "params": {"gamma": 130.38286337010297, "log10_alpha": -2.304262808854398, "log10_colsample_bytree": -0.5822892767445929, "log10_eta": -3.9641647347213618, "log10_lambda": 0.40608855643232467, "log10_min_child_weight": 4.370469675618608, "log10_subsample": -0.38503128058889646, "max_depth": 9.0, "num_boost_round": 21.0}, "datetime": {"datetime": "2024-01-19 00:50:03", "elapsed": 2311.080147, "delta": 0.002477}}
{"target": -13.758225885875794, "params": {"gamma": 123.51468141229616, "log10_alpha": -2.9433016943579258, "log10_colsample_bytree": -0.9249381867047978, "log10_eta": -1.1583488198474239, "log10_lambda": -4.2783124283055916, "log10_min_child_weight": 3.885362668266909, "log10_subsample": -0.16004791483173686, "max_depth": 4.0, "num_boost_round": 0.0}, "datetime": {"datetime": "2024-01-19 00:50:37", "elapsed": 2345.053879, "delta": 33.973732}}
{"target": -13.758441174196909, "params": {"gamma": 123.51468141229616, "log10_alpha": -2.9433016943579258, "log10_colsample_bytree": -0.9249381867047978, "log10_eta": -1.1583488198474239, "log10_lambda": -4.2783124283055916, "log10_min_child_weight": 3.885362668266909, "log10_subsample": -0.16004791483173686, "max_depth": 4.0, "num_boost_round": 1.0}, "datetime": {"datetime": "2024-01-19 00:50:37", "elapsed": 2345.057627, "delta": 0.003748}}
{"target": -13.757933301599206, "params": {"gamma": 123.51468141229616, "log10_alpha": -2.9433016943579258, "log10_colsample_bytree": -0.9249381867047978, "log10_eta": -1.1583488198474239, "log10_lambda": -4.2783124283055916, "log10_min_child_weight": 3.885362668266909, "log10_subsample": -0.16004791483173686, "max_depth": 4.0, "num_boost_round": 2.0}, "datetime": {"datetime": "2024-01-19 00:50:37", "elapsed": 2345.060263, "delta": 0.002636}}
{"target": -13.757886379611291, "params": {"gamma": 123.51468141229616, "log10_alpha": -2.9433016943579258, "log10_colsample_bytree": -0.9249381867047978, "log10_eta": -1.1583488198474239, "log10_lambda": -4.2783124283055916, "log10_min_child_weight": 3.885362668266909, "log10_subsample": -0.16004791483173686, "max_depth": 4.0, "num_boost_round": 3.0}, "datetime": {"datetime": "2024-01-19 00:50:37", "elapsed": 2345.06282, "delta": 0.002557}}
{"target": -13.757623577995213, "params": {"gamma": 123.51468141229616, "log10_alpha": -2.9433016943579258, "log10_colsample_bytree": -0.9249381867047978, "log10_eta": -1.1583488198474239, "log10_lambda": -4.2783124283055916, "log10_min_child_weight": 3.885362668266909, "log10_subsample": -0.16004791483173686, "max_depth": 4.0, "num_boost_round": 4.0}, "datetime": {"datetime": "2024-01-19 00:50:37", "elapsed": 2345.065279, "delta": 0.002459}}
{"target": -13.757367273701712, "params": {"gamma": 123.51468141229616, "log10_alpha": -2.9433016943579258, "log10_colsample_bytree": -0.9249381867047978, "log10_eta": -1.1583488198474239, "log10_lambda": -4.2783124283055916, "log10_min_child_weight": 3.885362668266909, "log10_subsample": -0.16004791483173686, "max_depth": 4.0, "num_boost_round": 5.0}, "datetime": {"datetime": "2024-01-19 00:50:37", "elapsed": 2345.067705, "delta": 0.002426}}
{"target": -13.75808318024463, "params": {"gamma": 123.51468141229616, "log10_alpha": -2.9433016943579258, "log10_colsample_bytree": -0.9249381867047978, "log10_eta": -1.1583488198474239, "log10_lambda": -4.2783124283055916, "log10_min_child_weight": 3.885362668266909, "log10_subsample": -0.16004791483173686, "max_depth": 4.0, "num_boost_round": 6.0}, "datetime": {"datetime": "2024-01-19 00:50:37", "elapsed": 2345.070141, "delta": 0.002436}}
{"target": -13.757419047615263, "params": {"gamma": 123.51468141229616, "log10_alpha": -2.9433016943579258, "log10_colsample_bytree": -0.9249381867047978, "log10_eta": -1.1583488198474239, "log10_lambda": -4.2783124283055916, "log10_min_child_weight": 3.885362668266909, "log10_subsample": -0.16004791483173686, "max_depth": 4.0, "num_boost_round": 7.0}, "datetime": {"datetime": "2024-01-19 00:50:37", "elapsed": 2345.072652, "delta": 0.002511}}
{"target": -13.75638703778423, "params": {"gamma": 123.51468141229616, "log10_alpha": -2.9433016943579258, "log10_colsample_bytree": -0.9249381867047978, "log10_eta": -1.1583488198474239, "log10_lambda": -4.2783124283055916, "log10_min_child_weight": 3.885362668266909, "log10_subsample": -0.16004791483173686, "max_depth": 4.0, "num_boost_round": 8.0}, "datetime": {"datetime": "2024-01-19 00:50:37", "elapsed": 2345.075102, "delta": 0.00245}}
{"target": -13.756729988325494, "params": {"gamma": 123.51468141229616, "log10_alpha": -2.9433016943579258, "log10_colsample_bytree": -0.9249381867047978, "log10_eta": -1.1583488198474239, "log10_lambda": -4.2783124283055916, "log10_min_child_weight": 3.885362668266909, "log10_subsample": -0.16004791483173686, "max_depth": 4.0, "num_boost_round": 9.0}, "datetime": {"datetime": "2024-01-19 00:50:37", "elapsed": 2345.077562, "delta": 0.00246}}
{"target": -13.756778486469921, "params": {"gamma": 123.51468141229616, "log10_alpha": -2.9433016943579258, "log10_colsample_bytree": -0.9249381867047978, "log10_eta": -1.1583488198474239, "log10_lambda": -4.2783124283055916, "log10_min_child_weight": 3.885362668266909, "log10_subsample": -0.16004791483173686, "max_depth": 4.0, "num_boost_round": 10.0}, "datetime": {"datetime": "2024-01-19 00:50:37", "elapsed": 2345.080149, "delta": 0.002587}}
{"target": -13.757184572432005, "params": {"gamma": 123.51468141229616, "log10_alpha": -2.9433016943579258, "log10_colsample_bytree": -0.9249381867047978, "log10_eta": -1.1583488198474239, "log10_lambda": -4.2783124283055916, "log10_min_child_weight": 3.885362668266909, "log10_subsample": -0.16004791483173686, "max_depth": 4.0, "num_boost_round": 11.0}, "datetime": {"datetime": "2024-01-19 00:50:37", "elapsed": 2345.082586, "delta": 0.002437}}
{"target": -13.757016328025427, "params": {"gamma": 123.51468141229616, "log10_alpha": -2.9433016943579258, "log10_colsample_bytree": -0.9249381867047978, "log10_eta": -1.1583488198474239, "log10_lambda": -4.2783124283055916, "log10_min_child_weight": 3.885362668266909, "log10_subsample": -0.16004791483173686, "max_depth": 4.0, "num_boost_round": 12.0}, "datetime": {"datetime": "2024-01-19 00:50:37", "elapsed": 2345.085035, "delta": 0.002449}}
{"target": -13.756872780374021, "params": {"gamma": 123.51468141229616, "log10_alpha": -2.9433016943579258, "log10_colsample_bytree": -0.9249381867047978, "log10_eta": -1.1583488198474239, "log10_lambda": -4.2783124283055916, "log10_min_child_weight": 3.885362668266909, "log10_subsample": -0.16004791483173686, "max_depth": 4.0, "num_boost_round": 13.0}, "datetime": {"datetime": "2024-01-19 00:50:37", "elapsed": 2345.08747, "delta": 0.002435}}
{"target": -13.757483932556475, "params": {"gamma": 123.51468141229616, "log10_alpha": -2.9433016943579258, "log10_colsample_bytree": -0.9249381867047978, "log10_eta": -1.1583488198474239, "log10_lambda": -4.2783124283055916, "log10_min_child_weight": 3.885362668266909, "log10_subsample": -0.16004791483173686, "max_depth": 4.0, "num_boost_round": 14.0}, "datetime": {"datetime": "2024-01-19 00:50:37", "elapsed": 2345.089906, "delta": 0.002436}}
{"target": -13.757561163973211, "params": {"gamma": 123.51468141229616, "log10_alpha": -2.9433016943579258, "log10_colsample_bytree": -0.9249381867047978, "log10_eta": -1.1583488198474239, "log10_lambda": -4.2783124283055916, "log10_min_child_weight": 3.885362668266909, "log10_subsample": -0.16004791483173686, "max_depth": 4.0, "num_boost_round": 15.0}, "datetime": {"datetime": "2024-01-19 00:50:37", "elapsed": 2345.092461, "delta": 0.002555}}
{"target": -13.757829342259274, "params": {"gamma": 123.51468141229616, "log10_alpha": -2.9433016943579258, "log10_colsample_bytree": -0.9249381867047978, "log10_eta": -1.1583488198474239, "log10_lambda": -4.2783124283055916, "log10_min_child_weight": 3.885362668266909, "log10_subsample": -0.16004791483173686, "max_depth": 4.0, "num_boost_round": 16.0}, "datetime": {"datetime": "2024-01-19 00:50:37", "elapsed": 2345.095051, "delta": 0.00259}}
{"target": -13.75728820080967, "params": {"gamma": 123.51468141229616, "log10_alpha": -2.9433016943579258, "log10_colsample_bytree": -0.9249381867047978, "log10_eta": -1.1583488198474239, "log10_lambda": -4.2783124283055916, "log10_min_child_weight": 3.885362668266909, "log10_subsample": -0.16004791483173686, "max_depth": 4.0, "num_boost_round": 17.0}, "datetime": {"datetime": "2024-01-19 00:50:37", "elapsed": 2345.09756, "delta": 0.002509}}
{"target": -13.75697323270623, "params": {"gamma": 123.51468141229616, "log10_alpha": -2.9433016943579258, "log10_colsample_bytree": -0.9249381867047978, "log10_eta": -1.1583488198474239, "log10_lambda": -4.2783124283055916, "log10_min_child_weight": 3.885362668266909, "log10_subsample": -0.16004791483173686, "max_depth": 4.0, "num_boost_round": 18.0}, "datetime": {"datetime": "2024-01-19 00:50:37", "elapsed": 2345.100075, "delta": 0.002515}}
{"target": -13.756133920715122, "params": {"gamma": 123.51468141229616, "log10_alpha": -2.9433016943579258, "log10_colsample_bytree": -0.9249381867047978, "log10_eta": -1.1583488198474239, "log10_lambda": -4.2783124283055916, "log10_min_child_weight": 3.885362668266909, "log10_subsample": -0.16004791483173686, "max_depth": 4.0, "num_boost_round": 19.0}, "datetime": {"datetime": "2024-01-19 00:50:37", "elapsed": 2345.102575, "delta": 0.0025}}
{"target": -13.756417649693729, "params": {"gamma": 123.51468141229616, "log10_alpha": -2.9433016943579258, "log10_colsample_bytree": -0.9249381867047978, "log10_eta": -1.1583488198474239, "log10_lambda": -4.2783124283055916, "log10_min_child_weight": 3.885362668266909, "log10_subsample": -0.16004791483173686, "max_depth": 4.0, "num_boost_round": 20.0}, "datetime": {"datetime": "2024-01-19 00:50:37", "elapsed": 2345.104993, "delta": 0.002418}}
{"target": -13.757158196219656, "params": {"gamma": 123.51468141229616, "log10_alpha": -2.9433016943579258, "log10_colsample_bytree": -0.9249381867047978, "log10_eta": -1.1583488198474239, "log10_lambda": -4.2783124283055916, "log10_min_child_weight": 3.885362668266909, "log10_subsample": -0.16004791483173686, "max_depth": 4.0, "num_boost_round": 21.0}, "datetime": {"datetime": "2024-01-19 00:50:37", "elapsed": 2345.107401, "delta": 0.002408}}
{"target": -13.757420258880982, "params": {"gamma": 123.51468141229616, "log10_alpha": -2.9433016943579258, "log10_colsample_bytree": -0.9249381867047978, "log10_eta": -1.1583488198474239, "log10_lambda": -4.2783124283055916, "log10_min_child_weight": 3.885362668266909, "log10_subsample": -0.16004791483173686, "max_depth": 4.0, "num_boost_round": 22.0}, "datetime": {"datetime": "2024-01-19 00:50:37", "elapsed": 2345.109886, "delta": 0.002485}}
{"target": -13.757531237055684, "params": {"gamma": 123.51468141229616, "log10_alpha": -2.9433016943579258, "log10_colsample_bytree": -0.9249381867047978, "log10_eta": -1.1583488198474239, "log10_lambda": -4.2783124283055916, "log10_min_child_weight": 3.885362668266909, "log10_subsample": -0.16004791483173686, "max_depth": 4.0, "num_boost_round": 23.0}, "datetime": {"datetime": "2024-01-19 00:50:37", "elapsed": 2345.112482, "delta": 0.002596}}
{"target": -13.758520341936615, "params": {"gamma": 123.51468141229616, "log10_alpha": -2.9433016943579258, "log10_colsample_bytree": -0.9249381867047978, "log10_eta": -1.1583488198474239, "log10_lambda": -4.2783124283055916, "log10_min_child_weight": 3.885362668266909, "log10_subsample": -0.16004791483173686, "max_depth": 4.0, "num_boost_round": 24.0}, "datetime": {"datetime": "2024-01-19 00:50:37", "elapsed": 2345.11496, "delta": 0.002478}}
{"target": -13.758509882913986, "params": {"gamma": 124.20645904995087, "log10_alpha": 0.4602422013487528, "log10_colsample_bytree": -0.7121327680736411, "log10_eta": -2.283127736135581, "log10_lambda": 0.9421052387581188, "log10_min_child_weight": 3.937240344095426, "log10_subsample": -0.7903828990241493, "max_depth": 5.0, "num_boost_round": 0.0}, "datetime": {"datetime": "2024-01-19 00:51:10", "elapsed": 2378.529505, "delta": 33.414545}}
{"target": -13.758477082846127, "params": {"gamma": 124.20645904995087, "log10_alpha": 0.4602422013487528, "log10_colsample_bytree": -0.7121327680736411, "log10_eta": -2.283127736135581, "log10_lambda": 0.9421052387581188, "log10_min_child_weight": 3.937240344095426, "log10_subsample": -0.7903828990241493, "max_depth": 5.0, "num_boost_round": 1.0}, "datetime": {"datetime": "2024-01-19 00:51:10", "elapsed": 2378.532692, "delta": 0.003187}}
{"target": -13.758501903015128, "params": {"gamma": 124.20645904995087, "log10_alpha": 0.4602422013487528, "log10_colsample_bytree": -0.7121327680736411, "log10_eta": -2.283127736135581, "log10_lambda": 0.9421052387581188, "log10_min_child_weight": 3.937240344095426, "log10_subsample": -0.7903828990241493, "max_depth": 5.0, "num_boost_round": 2.0}, "datetime": {"datetime": "2024-01-19 00:51:10", "elapsed": 2378.535544, "delta": 0.002852}}
{"target": -13.758465211525817, "params": {"gamma": 124.20645904995087, "log10_alpha": 0.4602422013487528, "log10_colsample_bytree": -0.7121327680736411, "log10_eta": -2.283127736135581, "log10_lambda": 0.9421052387581188, "log10_min_child_weight": 3.937240344095426, "log10_subsample": -0.7903828990241493, "max_depth": 5.0, "num_boost_round": 3.0}, "datetime": {"datetime": "2024-01-19 00:51:10", "elapsed": 2378.53813, "delta": 0.002586}}
{"target": -13.758506143530294, "params": {"gamma": 124.20645904995087, "log10_alpha": 0.4602422013487528, "log10_colsample_bytree": -0.7121327680736411, "log10_eta": -2.283127736135581, "log10_lambda": 0.9421052387581188, "log10_min_child_weight": 3.937240344095426, "log10_subsample": -0.7903828990241493, "max_depth": 5.0, "num_boost_round": 4.0}, "datetime": {"datetime": "2024-01-19 00:51:10", "elapsed": 2378.540938, "delta": 0.002808}}
{"target": -13.758524149565845, "params": {"gamma": 124.20645904995087, "log10_alpha": 0.4602422013487528, "log10_colsample_bytree": -0.7121327680736411, "log10_eta": -2.283127736135581, "log10_lambda": 0.9421052387581188, "log10_min_child_weight": 3.937240344095426, "log10_subsample": -0.7903828990241493, "max_depth": 5.0, "num_boost_round": 5.0}, "datetime": {"datetime": "2024-01-19 00:51:10", "elapsed": 2378.543653, "delta": 0.002715}}
{"target": -13.758581818594854, "params": {"gamma": 124.20645904995087, "log10_alpha": 0.4602422013487528, "log10_colsample_bytree": -0.7121327680736411, "log10_eta": -2.283127736135581, "log10_lambda": 0.9421052387581188, "log10_min_child_weight": 3.937240344095426, "log10_subsample": -0.7903828990241493, "max_depth": 5.0, "num_boost_round": 6.0}, "datetime": {"datetime": "2024-01-19 00:51:10", "elapsed": 2378.546132, "delta": 0.002479}}
{"target": -13.758556475637437, "params": {"gamma": 124.20645904995087, "log10_alpha": 0.4602422013487528, "log10_colsample_bytree": -0.7121327680736411, "log10_eta": -2.283127736135581, "log10_lambda": 0.9421052387581188, "log10_min_child_weight": 3.937240344095426, "log10_subsample": -0.7903828990241493, "max_depth": 5.0, "num_boost_round": 7.0}, "datetime": {"datetime": "2024-01-19 00:51:10", "elapsed": 2378.548605, "delta": 0.002473}}
{"target": -13.758586101933732, "params": {"gamma": 124.20645904995087, "log10_alpha": 0.4602422013487528, "log10_colsample_bytree": -0.7121327680736411, "log10_eta": -2.283127736135581, "log10_lambda": 0.9421052387581188, "log10_min_child_weight": 3.937240344095426, "log10_subsample": -0.7903828990241493, "max_depth": 5.0, "num_boost_round": 8.0}, "datetime": {"datetime": "2024-01-19 00:51:10", "elapsed": 2378.551118, "delta": 0.002513}}
{"target": -13.75858981990447, "params": {"gamma": 124.20645904995087, "log10_alpha": 0.4602422013487528, "log10_colsample_bytree": -0.7121327680736411, "log10_eta": -2.283127736135581, "log10_lambda": 0.9421052387581188, "log10_min_child_weight": 3.937240344095426, "log10_subsample": -0.7903828990241493, "max_depth": 5.0, "num_boost_round": 9.0}, "datetime": {"datetime": "2024-01-19 00:51:10", "elapsed": 2378.553566, "delta": 0.002448}}
{"target": -13.75851954981114, "params": {"gamma": 124.20645904995087, "log10_alpha": 0.4602422013487528, "log10_colsample_bytree": -0.7121327680736411, "log10_eta": -2.283127736135581, "log10_lambda": 0.9421052387581188, "log10_min_child_weight": 3.937240344095426, "log10_subsample": -0.7903828990241493, "max_depth": 5.0, "num_boost_round": 10.0}, "datetime": {"datetime": "2024-01-19 00:51:10", "elapsed": 2378.555993, "delta": 0.002427}}
{"target": -13.758510210588483, "params": {"gamma": 124.20645904995087, "log10_alpha": 0.4602422013487528, "log10_colsample_bytree": -0.7121327680736411, "log10_eta": -2.283127736135581, "log10_lambda": 0.9421052387581188, "log10_min_child_weight": 3.937240344095426, "log10_subsample": -0.7903828990241493, "max_depth": 5.0, "num_boost_round": 11.0}, "datetime": {"datetime": "2024-01-19 00:51:10", "elapsed": 2378.558549, "delta": 0.002556}}
