{"target": -17.677215486607206, "params": {"gamma": 58.22399475389473, "log10_alpha": -1.9975705690033778, "log10_colsample_bytree": -0.4945524053949879, "log10_eta": -3.793535587882138, "log10_lambda": -3.5952242283344864, "log10_min_child_weight": 3.694711180901356, "log10_subsample": -0.18310654676173, "max_depth": 4.0, "num_boost_round": 6.0}, "datetime": {"datetime": "2024-01-19 01:46:11", "elapsed": 5679.029295, "delta": 0.006296}}
{"target": -17.67721121194876, "params": {"gamma": 58.22399475389473, "log10_alpha": -1.9975705690033778, "log10_colsample_bytree": -0.4945524053949879, "log10_eta": -3.793535587882138, "log10_lambda": -3.5952242283344864, "log10_min_child_weight": 3.694711180901356, "log10_subsample": -0.18310654676173, "max_depth": 4.0, "num_boost_round": 7.0}, "datetime": {"datetime": "2024-01-19 01:46:11", "elapsed": 5679.035494, "delta": 0.006199}}
{"target": -17.677206494869985, "params": {"gamma": 58.22399475389473, "log10_alpha": -1.9975705690033778, "log10_colsample_bytree": -0.4945524053949879, "log10_eta": -3.793535587882138, "log10_lambda": -3.5952242283344864, "log10_min_child_weight": 3.694711180901356, "log10_subsample": -0.18310654676173, "max_depth": 4.0, "num_boost_round": 8.0}, "datetime": {"datetime": "2024-01-19 01:46:11", "elapsed": 5679.041718, "delta": 0.006224}}
{"target": -17.677204478679897, "params": {"gamma": 58.22399475389473, "log10_alpha": -1.9975705690033778, "log10_colsample_bytree": -0.4945524053949879, "log10_eta": -3.793535587882138, "log10_lambda": -3.5952242283344864, "log10_min_child_weight": 3.694711180901356, "log10_subsample": -0.18310654676173, "max_depth": 4.0, "num_boost_round": 9.0}, "datetime": {"datetime": "2024-01-19 01:46:11", "elapsed": 5679.047873, "delta": 0.006155}}
{"target": -17.67720001585608, "params": {"gamma": 58.22399475389473, "log10_alpha": -1.9975705690033778, "log10_colsample_bytree": -0.4945524053949879, "log10_eta": -3.793535587882138, "log10_lambda": -3.5952242283344864, "log10_min_child_weight": 3.694711180901356, "log10_subsample": -0.18310654676173, "max_depth": 4.0, "num_boost_round": 10.0}, "datetime": {"datetime": "2024-01-19 01:46:11", "elapsed": 5679.054053, "delta": 0.00618}}
{"target": -17.677196258047697, "params": {"gamma": 58.22399475389473, "log10_alpha": -1.9975705690033778, "log10_colsample_bytree": -0.4945524053949879, "log10_eta": -3.793535587882138, "log10_lambda": -3.5952242283344864, "log10_min_child_weight": 3.694711180901356, "log10_subsample": -0.18310654676173, "max_depth": 4.0, "num_boost_round": 11.0}, "datetime": {"datetime": "2024-01-19 01:46:11", "elapsed": 5679.060294, "delta": 0.006241}}
{"target": -17.677191074497063, "params": {"gamma": 58.22399475389473, "log10_alpha": -1.9975705690033778, "log10_colsample_bytree": -0.4945524053949879, "log10_eta": -3.793535587882138, "log10_lambda": -3.5952242283344864, "log10_min_child_weight": 3.694711180901356, "log10_subsample": -0.18310654676173, "max_depth": 4.0, "num_boost_round": 12.0}, "datetime": {"datetime": "2024-01-19 01:46:11", "elapsed": 5679.066617, "delta": 0.006323}}
{"target": -17.677185489120834, "params": {"gamma": 58.22399475389473, "log10_alpha": -1.9975705690033778, "log10_colsample_bytree": -0.4945524053949879, "log10_eta": -3.793535587882138, "log10_lambda": -3.5952242283344864, "log10_min_child_weight": 3.694711180901356, "log10_subsample": -0.18310654676173, "max_depth": 4.0, "num_boost_round": 13.0}, "datetime": {"datetime": "2024-01-19 01:46:11", "elapsed": 5679.073919, "delta": 0.007302}}
{"target": -17.677184004335253, "params": {"gamma": 58.22399475389473, "log10_alpha": -1.9975705690033778, "log10_colsample_bytree": -0.4945524053949879, "log10_eta": -3.793535587882138, "log10_lambda": -3.5952242283344864, "log10_min_child_weight": 3.694711180901356, "log10_subsample": -0.18310654676173, "max_depth": 4.0, "num_boost_round": 14.0}, "datetime": {"datetime": "2024-01-19 01:46:11", "elapsed": 5679.081159, "delta": 0.00724}}
{"target": -17.677179807795177, "params": {"gamma": 58.22399475389473, "log10_alpha": -1.9975705690033778, "log10_colsample_bytree": -0.4945524053949879, "log10_eta": -3.793535587882138, "log10_lambda": -3.5952242283344864, "log10_min_child_weight": 3.694711180901356, "log10_subsample": -0.18310654676173, "max_depth": 4.0, "num_boost_round": 15.0}, "datetime": {"datetime": "2024-01-19 01:46:11", "elapsed": 5679.087584, "delta": 0.006425}}
{"target": -17.6771797202348, "params": {"gamma": 58.22399475389473, "log10_alpha": -1.9975705690033778, "log10_colsample_bytree": -0.4945524053949879, "log10_eta": -3.793535587882138, "log10_lambda": -3.5952242283344864, "log10_min_child_weight": 3.694711180901356, "log10_subsample": -0.18310654676173, "max_depth": 4.0, "num_boost_round": 16.0}, "datetime": {"datetime": "2024-01-19 01:46:11", "elapsed": 5679.093908, "delta": 0.006324}}
{"target": -17.677180571118452, "params": {"gamma": 58.22399475389473, "log10_alpha": -1.9975705690033778, "log10_colsample_bytree": -0.4945524053949879, "log10_eta": -3.793535587882138, "log10_lambda": -3.5952242283344864, "log10_min_child_weight": 3.694711180901356, "log10_subsample": -0.18310654676173, "max_depth": 4.0, "num_boost_round": 17.0}, "datetime": {"datetime": "2024-01-19 01:46:11", "elapsed": 5679.100089, "delta": 0.006181}}
{"target": -17.67717929275562, "params": {"gamma": 58.22399475389473, "log10_alpha": -1.9975705690033778, "log10_colsample_bytree": -0.4945524053949879, "log10_eta": -3.793535587882138, "log10_lambda": -3.5952242283344864, "log10_min_child_weight": 3.694711180901356, "log10_subsample": -0.18310654676173, "max_depth": 4.0, "num_boost_round": 18.0}, "datetime": {"datetime": "2024-01-19 01:46:11", "elapsed": 5679.106273, "delta": 0.006184}}
{"target": -17.67717429894625, "params": {"gamma": 58.22399475389473, "log10_alpha": -1.9975705690033778, "log10_colsample_bytree": -0.4945524053949879, "log10_eta": -3.793535587882138, "log10_lambda": -3.5952242283344864, "log10_min_child_weight": 3.694711180901356, "log10_subsample": -0.18310654676173, "max_depth": 4.0, "num_boost_round": 19.0}, "datetime": {"datetime": "2024-01-19 01:46:11", "elapsed": 5679.112386, "delta": 0.006113}}
{"target": -17.677167567815726, "params": {"gamma": 58.22399475389473, "log10_alpha": -1.9975705690033778, "log10_colsample_bytree": -0.4945524053949879, "log10_eta": -3.793535587882138, "log10_lambda": -3.5952242283344864, "log10_min_child_weight": 3.694711180901356, "log10_subsample": -0.18310654676173, "max_depth": 4.0, "num_boost_round": 20.0}, "datetime": {"datetime": "2024-01-19 01:46:11", "elapsed": 5679.118558, "delta": 0.006172}}
{"target": -17.677163009026437, "params": {"gamma": 58.22399475389473, "log10_alpha": -1.9975705690033778, "log10_colsample_bytree": -0.4945524053949879, "log10_eta": -3.793535587882138, "log10_lambda": -3.5952242283344864, "log10_min_child_weight": 3.694711180901356, "log10_subsample": -0.18310654676173, "max_depth": 4.0, "num_boost_round": 21.0}, "datetime": {"datetime": "2024-01-19 01:46:11", "elapsed": 5679.124733, "delta": 0.006175}}
{"target": -17.677156059578813, "params": {"gamma": 58.22399475389473, "log10_alpha": -1.9975705690033778, "log10_colsample_bytree": -0.4945524053949879, "log10_eta": -3.793535587882138, "log10_lambda": -3.5952242283344864, "log10_min_child_weight": 3.694711180901356, "log10_subsample": -0.18310654676173, "max_depth": 4.0, "num_boost_round": 22.0}, "datetime": {"datetime": "2024-01-19 01:46:11", "elapsed": 5679.131059, "delta": 0.006326}}
{"target": -17.67715597504749, "params": {"gamma": 58.22399475389473, "log10_alpha": -1.9975705690033778, "log10_colsample_bytree": -0.4945524053949879, "log10_eta": -3.793535587882138, "log10_lambda": -3.5952242283344864, "log10_min_child_weight": 3.694711180901356, "log10_subsample": -0.18310654676173, "max_depth": 4.0, "num_boost_round": 23.0}, "datetime": {"datetime": "2024-01-19 01:46:11", "elapsed": 5679.137422, "delta": 0.006363}}
{"target": -17.677155372927153, "params": {"gamma": 58.22399475389473, "log10_alpha": -1.9975705690033778, "log10_colsample_bytree": -0.4945524053949879, "log10_eta": -3.793535587882138, "log10_lambda": -3.5952242283344864, "log10_min_child_weight": 3.694711180901356, "log10_subsample": -0.18310654676173, "max_depth": 4.0, "num_boost_round": 24.0}, "datetime": {"datetime": "2024-01-19 01:46:11", "elapsed": 5679.143752, "delta": 0.00633}}
{"target": -17.677207237500586, "params": {"gamma": 42.60243673488873, "log10_alpha": -3.163995144211441, "log10_colsample_bytree": -0.2184200346280435, "log10_eta": -3.245439275939288, "log10_lambda": -4.457167936019047, "log10_min_child_weight": 1.7393116433207916, "log10_subsample": -0.7067676562574512, "max_depth": 8.0, "num_boost_round": 0.0}, "datetime": {"datetime": "2024-01-19 01:47:43", "elapsed": 5770.445833, "delta": 91.302081}}
{"target": -17.67716230177574, "params": {"gamma": 42.60243673488873, "log10_alpha": -3.163995144211441, "log10_colsample_bytree": -0.2184200346280435, "log10_eta": -3.245439275939288, "log10_lambda": -4.457167936019047, "log10_min_child_weight": 1.7393116433207916, "log10_subsample": -0.7067676562574512, "max_depth": 8.0, "num_boost_round": 1.0}, "datetime": {"datetime": "2024-01-19 01:47:43", "elapsed": 5770.453216, "delta": 0.007383}}
{"target": -17.677171840615035, "params": {"gamma": 42.60243673488873, "log10_alpha": -3.163995144211441, "log10_colsample_bytree": -0.2184200346280435, "log10_eta": -3.245439275939288, "log10_lambda": -4.457167936019047, "log10_min_child_weight": 1.7393116433207916, "log10_subsample": -0.7067676562574512, "max_depth": 8.0, "num_boost_round": 2.0}, "datetime": {"datetime": "2024-01-19 01:47:43", "elapsed": 5770.585354, "delta": 0.132138}}
{"target": -17.677149766547156, "params": {"gamma": 42.60243673488873, "log10_alpha": -3.163995144211441, "log10_colsample_bytree": -0.2184200346280435, "log10_eta": -3.245439275939288, "log10_lambda": -4.457167936019047, "log10_min_child_weight": 1.7393116433207916, "log10_subsample": -0.7067676562574512, "max_depth": 8.0, "num_boost_round": 3.0}, "datetime": {"datetime": "2024-01-19 01:47:43", "elapsed": 5770.593174, "delta": 0.00782}}
{"target": -17.677090118021795, "params": {"gamma": 42.60243673488873, "log10_alpha": -3.163995144211441, "log10_colsample_bytree": -0.2184200346280435, "log10_eta": -3.245439275939288, "log10_lambda": -4.457167936019047, "log10_min_child_weight": 1.7393116433207916, "log10_subsample": -0.7067676562574512, "max_depth": 8.0, "num_boost_round": 4.0}, "datetime": {"datetime": "2024-01-19 01:47:43", "elapsed": 5770.600069, "delta": 0.006895}}
{"target": -17.677042935419514, "params": {"gamma": 42.60243673488873, "log10_alpha": -3.163995144211441, "log10_colsample_bytree": -0.2184200346280435, "log10_eta": -3.245439275939288, "log10_lambda": -4.457167936019047, "log10_min_child_weight": 1.7393116433207916, "log10_subsample": -0.7067676562574512, "max_depth": 8.0, "num_boost_round": 5.0}, "datetime": {"datetime": "2024-01-19 01:47:43", "elapsed": 5770.606448, "delta": 0.006379}}
{"target": -17.67700098515785, "params": {"gamma": 42.60243673488873, "log10_alpha": -3.163995144211441, "log10_colsample_bytree": -0.2184200346280435, "log10_eta": -3.245439275939288, "log10_lambda": -4.457167936019047, "log10_min_child_weight": 1.7393116433207916, "log10_subsample": -0.7067676562574512, "max_depth": 8.0, "num_boost_round": 6.0}, "datetime": {"datetime": "2024-01-19 01:47:43", "elapsed": 5770.612906, "delta": 0.006458}}
{"target": -17.67698483075443, "params": {"gamma": 42.60243673488873, "log10_alpha": -3.163995144211441, "log10_colsample_bytree": -0.2184200346280435, "log10_eta": -3.245439275939288, "log10_lambda": -4.457167936019047, "log10_min_child_weight": 1.7393116433207916, "log10_subsample": -0.7067676562574512, "max_depth": 8.0, "num_boost_round": 7.0}, "datetime": {"datetime": "2024-01-19 01:47:43", "elapsed": 5770.619431, "delta": 0.006525}}
{"target": -17.676961149897217, "params": {"gamma": 42.60243673488873, "log10_alpha": -3.163995144211441, "log10_colsample_bytree": -0.2184200346280435, "log10_eta": -3.245439275939288, "log10_lambda": -4.457167936019047, "log10_min_child_weight": 1.7393116433207916, "log10_subsample": -0.7067676562574512, "max_depth": 8.0, "num_boost_round": 8.0}, "datetime": {"datetime": "2024-01-19 01:47:43", "elapsed": 5770.626116, "delta": 0.006685}}
{"target": -17.67693300754717, "params": {"gamma": 42.60243673488873, "log10_alpha": -3.163995144211441, "log10_colsample_bytree": -0.2184200346280435, "log10_eta": -3.245439275939288, "log10_lambda": -4.457167936019047, "log10_min_child_weight": 1.7393116433207916, "log10_subsample": -0.7067676562574512, "max_depth": 8.0, "num_boost_round": 9.0}, "datetime": {"datetime": "2024-01-19 01:47:43", "elapsed": 5770.632618, "delta": 0.006502}}
{"target": -17.676872872800455, "params": {"gamma": 42.60243673488873, "log10_alpha": -3.163995144211441, "log10_colsample_bytree": -0.2184200346280435, "log10_eta": -3.245439275939288, "log10_lambda": -4.457167936019047, "log10_min_child_weight": 1.7393116433207916, "log10_subsample": -0.7067676562574512, "max_depth": 8.0, "num_boost_round": 10.0}, "datetime": {"datetime": "2024-01-19 01:47:43", "elapsed": 5770.639061, "delta": 0.006443}}
{"target": -17.676881325161375, "params": {"gamma": 42.60243673488873, "log10_alpha": -3.163995144211441, "log10_colsample_bytree": -0.2184200346280435, "log10_eta": -3.245439275939288, "log10_lambda": -4.457167936019047, "log10_min_child_weight": 1.7393116433207916, "log10_subsample": -0.7067676562574512, "max_depth": 8.0, "num_boost_round": 11.0}, "datetime": {"datetime": "2024-01-19 01:47:43", "elapsed": 5770.645448, "delta": 0.006387}}
{"target": -17.676887656548246, "params": {"gamma": 42.60243673488873, "log10_alpha": -3.163995144211441, "log10_colsample_bytree": -0.2184200346280435, "log10_eta": -3.245439275939288, "log10_lambda": -4.457167936019047, "log10_min_child_weight": 1.7393116433207916, "log10_subsample": -0.7067676562574512, "max_depth": 8.0, "num_boost_round": 12.0}, "datetime": {"datetime": "2024-01-19 01:47:43", "elapsed": 5770.651894, "delta": 0.006446}}
{"target": -17.67685399614178, "params": {"gamma": 42.60243673488873, "log10_alpha": -3.163995144211441, "log10_colsample_bytree": -0.2184200346280435, "log10_eta": -3.245439275939288, "log10_lambda": -4.457167936019047, "log10_min_child_weight": 1.7393116433207916, "log10_subsample": -0.7067676562574512, "max_depth": 8.0, "num_boost_round": 13.0}, "datetime": {"datetime": "2024-01-19 01:47:43", "elapsed": 5770.658308, "delta": 0.006414}}
{"target": -17.676827948526263, "params": {"gamma": 42.60243673488873, "log10_alpha": -3.163995144211441, "log10_colsample_bytree": -0.2184200346280435, "log10_eta": -3.245439275939288, "log10_lambda": -4.457167936019047, "log10_min_child_weight": 1.7393116433207916, "log10_subsample": -0.7067676562574512, "max_depth": 8.0, "num_boost_round": 14.0}, "datetime": {"datetime": "2024-01-19 01:47:43", "elapsed": 5770.664898, "delta": 0.00659}}
{"target": -17.676805048511998, "params": {"gamma": 42.60243673488873, "log10_alpha": -3.163995144211441, "log10_colsample_bytree": -0.2184200346280435, "log10_eta": -3.245439275939288, "log10_lambda": -4.457167936019047, "log10_min_child_weight": 1.7393116433207916, "log10_subsample": -0.7067676562574512, "max_depth": 8.0, "num_boost_round": 15.0}, "datetime": {"datetime": "2024-01-19 01:47:43", "elapsed": 5770.671436, "delta": 0.006538}}
{"target": -17.676776616453086, "params": {"gamma": 42.60243673488873, "log10_alpha": -3.163995144211441, "log10_colsample_bytree": -0.2184200346280435, "log10_eta": -3.245439275939288, "log10_lambda": -4.457167936019047, "log10_min_child_weight": 1.7393116433207916, "log10_subsample": -0.7067676562574512, "max_depth": 8.0, "num_boost_round": 16.0}, "datetime": {"datetime": "2024-01-19 01:47:43", "elapsed": 5770.679153, "delta": 0.007717}}
{"target": -17.67676652261766, "params": {"gamma": 42.60243673488873, "log10_alpha": -3.163995144211441, "log10_colsample_bytree": -0.2184200346280435, "log10_eta": -3.245439275939288, "log10_lambda": -4.457167936019047, "log10_min_child_weight": 1.7393116433207916, "log10_subsample": -0.7067676562574512, "max_depth": 8.0, "num_boost_round": 17.0}, "datetime": {"datetime": "2024-01-19 01:47:43", "elapsed": 5770.68562, "delta": 0.006467}}
{"target": -17.676745217393833, "params": {"gamma": 42.60243673488873, "log10_alpha": -3.163995144211441, "log10_colsample_bytree": -0.2184200346280435, "log10_eta": -3.245439275939288, "log10_lambda": -4.457167936019047, "log10_min_child_weight": 1.7393116433207916, "log10_subsample": -0.7067676562574512, "max_depth": 8.0, "num_boost_round": 18.0}, "datetime": {"datetime": "2024-01-19 01:47:43", "elapsed": 5770.692051, "delta": 0.006431}}
{"target": -17.676710989446107, "params": {"gamma": 42.60243673488873, "log10_alpha": -3.163995144211441, "log10_colsample_bytree": -0.2184200346280435, "log10_eta": -3.245439275939288, "log10_lambda": -4.457167936019047, "log10_min_child_weight": 1.7393116433207916, "log10_subsample": -0.7067676562574512, "max_depth": 8.0, "num_boost_round": 19.0}, "datetime": {"datetime": "2024-01-19 01:47:43", "elapsed": 5770.698374, "delta": 0.006323}}
{"target": -17.676687344166762, "params": {"gamma": 42.60243673488873, "log10_alpha": -3.163995144211441, "log10_colsample_bytree": -0.2184200346280435, "log10_eta": -3.245439275939288, "log10_lambda": -4.457167936019047, "log10_min_child_weight": 1.7393116433207916, "log10_subsample": -0.7067676562574512, "max_depth": 8.0, "num_boost_round": 20.0}, "datetime": {"datetime": "2024-01-19 01:47:43", "elapsed": 5770.704844, "delta": 0.00647}}
{"target": -17.676699158667514, "params": {"gamma": 42.60243673488873, "log10_alpha": -3.163995144211441, "log10_colsample_bytree": -0.2184200346280435, "log10_eta": -3.245439275939288, "log10_lambda": -4.457167936019047, "log10_min_child_weight": 1.7393116433207916, "log10_subsample": -0.7067676562574512, "max_depth": 8.0, "num_boost_round": 21.0}, "datetime": {"datetime": "2024-01-19 01:47:43", "elapsed": 5770.711278, "delta": 0.006434}}
{"target": -17.676635090522385, "params": {"gamma": 42.60243673488873, "log10_alpha": -3.163995144211441, "log10_colsample_bytree": -0.2184200346280435, "log10_eta": -3.245439275939288, "log10_lambda": -4.457167936019047, "log10_min_child_weight": 1.7393116433207916, "log10_subsample": -0.7067676562574512, "max_depth": 8.0, "num_boost_round": 22.0}, "datetime": {"datetime": "2024-01-19 01:47:43", "elapsed": 5770.717865, "delta": 0.006587}}
{"target": -17.67660318835552, "params": {"gamma": 42.60243673488873, "log10_alpha": -3.163995144211441, "log10_colsample_bytree": -0.2184200346280435, "log10_eta": -3.245439275939288, "log10_lambda": -4.457167936019047, "log10_min_child_weight": 1.7393116433207916, "log10_subsample": -0.7067676562574512, "max_depth": 8.0, "num_boost_round": 23.0}, "datetime": {"datetime": "2024-01-19 01:47:43", "elapsed": 5770.724334, "delta": 0.006469}}
{"target": -17.676608993159043, "params": {"gamma": 42.60243673488873, "log10_alpha": -3.163995144211441, "log10_colsample_bytree": -0.2184200346280435, "log10_eta": -3.245439275939288, "log10_lambda": -4.457167936019047, "log10_min_child_weight": 1.7393116433207916, "log10_subsample": -0.7067676562574512, "max_depth": 8.0, "num_boost_round": 24.0}, "datetime": {"datetime": "2024-01-19 01:47:43", "elapsed": 5770.730808, "delta": 0.006474}}
{"target": -17.676567845026078, "params": {"gamma": 42.60243673488873, "log10_alpha": -3.163995144211441, "log10_colsample_bytree": -0.2184200346280435, "log10_eta": -3.245439275939288, "log10_lambda": -4.457167936019047, "log10_min_child_weight": 1.7393116433207916, "log10_subsample": -0.7067676562574512, "max_depth": 8.0, "num_boost_round": 25.0}, "datetime": {"datetime": "2024-01-19 01:47:43", "elapsed": 5770.737362, "delta": 0.006554}}
{"target": -17.67658489486505, "params": {"gamma": 42.60243673488873, "log10_alpha": -3.163995144211441, "log10_colsample_bytree": -0.2184200346280435, "log10_eta": -3.245439275939288, "log10_lambda": -4.457167936019047, "log10_min_child_weight": 1.7393116433207916, "log10_subsample": -0.7067676562574512, "max_depth": 8.0, "num_boost_round": 26.0}, "datetime": {"datetime": "2024-01-19 01:47:43", "elapsed": 5770.743906, "delta": 0.006544}}
{"target": -17.67655791206113, "params": {"gamma": 42.60243673488873, "log10_alpha": -3.163995144211441, "log10_colsample_bytree": -0.2184200346280435, "log10_eta": -3.245439275939288, "log10_lambda": -4.457167936019047, "log10_min_child_weight": 1.7393116433207916, "log10_subsample": -0.7067676562574512, "max_depth": 8.0, "num_boost_round": 27.0}, "datetime": {"datetime": "2024-01-19 01:47:43", "elapsed": 5770.750476, "delta": 0.00657}}
{"target": -17.676545646457313, "params": {"gamma": 42.60243673488873, "log10_alpha": -3.163995144211441, "log10_colsample_bytree": -0.2184200346280435, "log10_eta": -3.245439275939288, "log10_lambda": -4.457167936019047, "log10_min_child_weight": 1.7393116433207916, "log10_subsample": -0.7067676562574512, "max_depth": 8.0, "num_boost_round": 28.0}, "datetime": {"datetime": "2024-01-19 01:47:43", "elapsed": 5770.757162, "delta": 0.006686}}
{"target": -17.676520882519608, "params": {"gamma": 42.60243673488873, "log10_alpha": -3.163995144211441, "log10_colsample_bytree": -0.2184200346280435, "log10_eta": -3.245439275939288, "log10_lambda": -4.457167936019047, "log10_min_child_weight": 1.7393116433207916, "log10_subsample": -0.7067676562574512, "max_depth": 8.0, "num_boost_round": 29.0}, "datetime": {"datetime": "2024-01-19 01:47:43", "elapsed": 5770.763467, "delta": 0.006305}}
