{"target": -13.758532642621544, "params": {"gamma": 714.862163683989, "log10_alpha": -4.117530313784257, "log10_colsample_bytree": -1.0, "log10_eta": -4.0, "log10_lambda": -2.553463683186692, "log10_min_child_weight": 0.3480456511119229, "log10_subsample": -0.1542414220292749, "max_depth": 6.0, "num_boost_round": 4.0}, "datetime": {"datetime": "2024-01-19 00:52:39", "elapsed": 2458.380425, "delta": 0.002731}}
{"target": -13.758533075617162, "params": {"gamma": 714.862163683989, "log10_alpha": -4.117530313784257, "log10_colsample_bytree": -1.0, "log10_eta": -4.0, "log10_lambda": -2.553463683186692, "log10_min_child_weight": 0.3480456511119229, "log10_subsample": -0.1542414220292749, "max_depth": 6.0, "num_boost_round": 5.0}, "datetime": {"datetime": "2024-01-19 00:52:39", "elapsed": 2458.383296, "delta": 0.002871}}
{"target": -13.758534140006464, "params": {"gamma": 714.862163683989, "log10_alpha": -4.117530313784257, "log10_colsample_bytree": -1.0, "log10_eta": -4.0, "log10_lambda": -2.553463683186692, "log10_min_child_weight": 0.3480456511119229, "log10_subsample": -0.1542414220292749, "max_depth": 6.0, "num_boost_round": 6.0}, "datetime": {"datetime": "2024-01-19 00:52:39", "elapsed": 2458.386011, "delta": 0.002715}}
{"target": -13.758533944860444, "params": {"gamma": 714.862163683989, "log10_alpha": -4.117530313784257, "log10_colsample_bytree": -1.0, "log10_eta": -4.0, "log10_lambda": -2.553463683186692, "log10_min_child_weight": 0.3480456511119229, "log10_subsample": -0.1542414220292749, "max_depth": 6.0, "num_boost_round": 7.0}, "datetime": {"datetime": "2024-01-19 00:52:39", "elapsed": 2458.388743, "delta": 0.002732}}
{"target": -13.758530983367743, "params": {"gamma": 714.862163683989, "log10_alpha": -4.117530313784257, "log10_colsample_bytree": -1.0, "log10_eta": -4.0, "log10_lambda": -2.553463683186692, "log10_min_child_weight": 0.3480456511119229, "log10_subsample": -0.1542414220292749, "max_depth": 6.0, "num_boost_round": 8.0}, "datetime": {"datetime": "2024-01-19 00:52:39", "elapsed": 2458.391475, "delta": 0.002732}}
{"target": -13.758530318701629, "params": {"gamma": 714.862163683989, "log10_alpha": -4.117530313784257, "log10_colsample_bytree": -1.0, "log10_eta": -4.0, "log10_lambda": -2.553463683186692, "log10_min_child_weight": 0.3480456511119229, "log10_subsample": -0.1542414220292749, "max_depth": 6.0, "num_boost_round": 9.0}, "datetime": {"datetime": "2024-01-19 00:52:39", "elapsed": 2458.394249, "delta": 0.002774}}
{"target": -13.75852997930505, "params": {"gamma": 714.862163683989, "log10_alpha": -4.117530313784257, "log10_colsample_bytree": -1.0, "log10_eta": -4.0, "log10_lambda": -2.553463683186692, "log10_min_child_weight": 0.3480456511119229, "log10_subsample": -0.1542414220292749, "max_depth": 6.0, "num_boost_round": 10.0}, "datetime": {"datetime": "2024-01-19 00:52:39", "elapsed": 2458.396985, "delta": 0.002736}}
{"target": -13.758530343782752, "params": {"gamma": 714.862163683989, "log10_alpha": -4.117530313784257, "log10_colsample_bytree": -1.0, "log10_eta": -4.0, "log10_lambda": -2.553463683186692, "log10_min_child_weight": 0.3480456511119229, "log10_subsample": -0.1542414220292749, "max_depth": 6.0, "num_boost_round": 11.0}, "datetime": {"datetime": "2024-01-19 00:52:39", "elapsed": 2458.399691, "delta": 0.002706}}
{"target": -13.758529255332364, "params": {"gamma": 714.862163683989, "log10_alpha": -4.117530313784257, "log10_colsample_bytree": -1.0, "log10_eta": -4.0, "log10_lambda": -2.553463683186692, "log10_min_child_weight": 0.3480456511119229, "log10_subsample": -0.1542414220292749, "max_depth": 6.0, "num_boost_round": 12.0}, "datetime": {"datetime": "2024-01-19 00:52:39", "elapsed": 2458.402414, "delta": 0.002723}}
{"target": -13.758528274313742, "params": {"gamma": 714.862163683989, "log10_alpha": -4.117530313784257, "log10_colsample_bytree": -1.0, "log10_eta": -4.0, "log10_lambda": -2.553463683186692, "log10_min_child_weight": 0.3480456511119229, "log10_subsample": -0.1542414220292749, "max_depth": 6.0, "num_boost_round": 13.0}, "datetime": {"datetime": "2024-01-19 00:52:39", "elapsed": 2458.405092, "delta": 0.002678}}
{"target": -13.758196395111169, "params": {"gamma": 708.4103927363493, "log10_alpha": -1.179003565411361, "log10_colsample_bytree": -0.4702341666600244, "log10_eta": -1.7783131012749647, "log10_lambda": 0.46105914201742326, "log10_min_child_weight": 3.489442242638054, "log10_subsample": -0.1565459125887091, "max_depth": 7.0, "num_boost_round": 0.0}, "datetime": {"datetime": "2024-01-19 00:53:09", "elapsed": 2488.758586, "delta": 30.353494}}
{"target": -13.757941619844894, "params": {"gamma": 708.4103927363493, "log10_alpha": -1.179003565411361, "log10_colsample_bytree": -0.4702341666600244, "log10_eta": -1.7783131012749647, "log10_lambda": 0.46105914201742326, "log10_min_child_weight": 3.489442242638054, "log10_subsample": -0.1565459125887091, "max_depth": 7.0, "num_boost_round": 1.0}, "datetime": {"datetime": "2024-01-19 00:53:09", "elapsed": 2488.761807, "delta": 0.003221}}
{"target": -13.757497961442834, "params": {"gamma": 708.4103927363493, "log10_alpha": -1.179003565411361, "log10_colsample_bytree": -0.4702341666600244, "log10_eta": -1.7783131012749647, "log10_lambda": 0.46105914201742326, "log10_min_child_weight": 3.489442242638054, "log10_subsample": -0.1565459125887091, "max_depth": 7.0, "num_boost_round": 2.0}, "datetime": {"datetime": "2024-01-19 00:53:09", "elapsed": 2488.764965, "delta": 0.003158}}
{"target": -13.757593096970927, "params": {"gamma": 708.4103927363493, "log10_alpha": -1.179003565411361, "log10_colsample_bytree": -0.4702341666600244, "log10_eta": -1.7783131012749647, "log10_lambda": 0.46105914201742326, "log10_min_child_weight": 3.489442242638054, "log10_subsample": -0.1565459125887091, "max_depth": 7.0, "num_boost_round": 3.0}, "datetime": {"datetime": "2024-01-19 00:53:09", "elapsed": 2488.767751, "delta": 0.002786}}
{"target": -13.75716457728576, "params": {"gamma": 708.4103927363493, "log10_alpha": -1.179003565411361, "log10_colsample_bytree": -0.4702341666600244, "log10_eta": -1.7783131012749647, "log10_lambda": 0.46105914201742326, "log10_min_child_weight": 3.489442242638054, "log10_subsample": -0.1565459125887091, "max_depth": 7.0, "num_boost_round": 4.0}, "datetime": {"datetime": "2024-01-19 00:53:09", "elapsed": 2488.770537, "delta": 0.002786}}
{"target": -13.75716073299585, "params": {"gamma": 708.4103927363493, "log10_alpha": -1.179003565411361, "log10_colsample_bytree": -0.4702341666600244, "log10_eta": -1.7783131012749647, "log10_lambda": 0.46105914201742326, "log10_min_child_weight": 3.489442242638054, "log10_subsample": -0.1565459125887091, "max_depth": 7.0, "num_boost_round": 5.0}, "datetime": {"datetime": "2024-01-19 00:53:09", "elapsed": 2488.773333, "delta": 0.002796}}
{"target": -13.757366377077242, "params": {"gamma": 708.4103927363493, "log10_alpha": -1.179003565411361, "log10_colsample_bytree": -0.4702341666600244, "log10_eta": -1.7783131012749647, "log10_lambda": 0.46105914201742326, "log10_min_child_weight": 3.489442242638054, "log10_subsample": -0.1565459125887091, "max_depth": 7.0, "num_boost_round": 6.0}, "datetime": {"datetime": "2024-01-19 00:53:09", "elapsed": 2488.776116, "delta": 0.002783}}
{"target": -13.757332678537736, "params": {"gamma": 708.4103927363493, "log10_alpha": -1.179003565411361, "log10_colsample_bytree": -0.4702341666600244, "log10_eta": -1.7783131012749647, "log10_lambda": 0.46105914201742326, "log10_min_child_weight": 3.489442242638054, "log10_subsample": -0.1565459125887091, "max_depth": 7.0, "num_boost_round": 7.0}, "datetime": {"datetime": "2024-01-19 00:53:09", "elapsed": 2488.778819, "delta": 0.002703}}
{"target": -13.757130665276122, "params": {"gamma": 708.4103927363493, "log10_alpha": -1.179003565411361, "log10_colsample_bytree": -0.4702341666600244, "log10_eta": -1.7783131012749647, "log10_lambda": 0.46105914201742326, "log10_min_child_weight": 3.489442242638054, "log10_subsample": -0.1565459125887091, "max_depth": 7.0, "num_boost_round": 8.0}, "datetime": {"datetime": "2024-01-19 00:53:09", "elapsed": 2488.781493, "delta": 0.002674}}
{"target": -13.757205191922672, "params": {"gamma": 708.4103927363493, "log10_alpha": -1.179003565411361, "log10_colsample_bytree": -0.4702341666600244, "log10_eta": -1.7783131012749647, "log10_lambda": 0.46105914201742326, "log10_min_child_weight": 3.489442242638054, "log10_subsample": -0.1565459125887091, "max_depth": 7.0, "num_boost_round": 9.0}, "datetime": {"datetime": "2024-01-19 00:53:09", "elapsed": 2488.78414, "delta": 0.002647}}
{"target": -13.757111987284702, "params": {"gamma": 708.4103927363493, "log10_alpha": -1.179003565411361, "log10_colsample_bytree": -0.4702341666600244, "log10_eta": -1.7783131012749647, "log10_lambda": 0.46105914201742326, "log10_min_child_weight": 3.489442242638054, "log10_subsample": -0.1565459125887091, "max_depth": 7.0, "num_boost_round": 10.0}, "datetime": {"datetime": "2024-01-19 00:53:09", "elapsed": 2488.786954, "delta": 0.002814}}
{"target": -13.756791524235096, "params": {"gamma": 708.4103927363493, "log10_alpha": -1.179003565411361, "log10_colsample_bytree": -0.4702341666600244, "log10_eta": -1.7783131012749647, "log10_lambda": 0.46105914201742326, "log10_min_child_weight": 3.489442242638054, "log10_subsample": -0.1565459125887091, "max_depth": 7.0, "num_boost_round": 11.0}, "datetime": {"datetime": "2024-01-19 00:53:09", "elapsed": 2488.789725, "delta": 0.002771}}
{"target": -13.757258900810905, "params": {"gamma": 708.4103927363493, "log10_alpha": -1.179003565411361, "log10_colsample_bytree": -0.4702341666600244, "log10_eta": -1.7783131012749647, "log10_lambda": 0.46105914201742326, "log10_min_child_weight": 3.489442242638054, "log10_subsample": -0.1565459125887091, "max_depth": 7.0, "num_boost_round": 12.0}, "datetime": {"datetime": "2024-01-19 00:53:09", "elapsed": 2488.792408, "delta": 0.002683}}
{"target": -13.757156130905347, "params": {"gamma": 708.4103927363493, "log10_alpha": -1.179003565411361, "log10_colsample_bytree": -0.4702341666600244, "log10_eta": -1.7783131012749647, "log10_lambda": 0.46105914201742326, "log10_min_child_weight": 3.489442242638054, "log10_subsample": -0.1565459125887091, "max_depth": 7.0, "num_boost_round": 13.0}, "datetime": {"datetime": "2024-01-19 00:53:09", "elapsed": 2488.795141, "delta": 0.002733}}
{"target": -13.757220474971296, "params": {"gamma": 708.4103927363493, "log10_alpha": -1.179003565411361, "log10_colsample_bytree": -0.4702341666600244, "log10_eta": -1.7783131012749647, "log10_lambda": 0.46105914201742326, "log10_min_child_weight": 3.489442242638054, "log10_subsample": -0.1565459125887091, "max_depth": 7.0, "num_boost_round": 14.0}, "datetime": {"datetime": "2024-01-19 00:53:09", "elapsed": 2488.797933, "delta": 0.002792}}
{"target": -13.758531878209206, "params": {"gamma": 719.0004751085437, "log10_alpha": -3.6557657644678283, "log10_colsample_bytree": -0.45327924222898874, "log10_eta": -2.495764941451725, "log10_lambda": -2.0640857294555772, "log10_min_child_weight": 0.22360092447455682, "log10_subsample": -0.16941992337240974, "max_depth": 2.0, "num_boost_round": 0.0}, "datetime": {"datetime": "2024-01-19 00:53:57", "elapsed": 2536.507303, "delta": 47.70937}}
{"target": -13.758488948108198, "params": {"gamma": 719.0004751085437, "log10_alpha": -3.6557657644678283, "log10_colsample_bytree": -0.45327924222898874, "log10_eta": -2.495764941451725, "log10_lambda": -2.0640857294555772, "log10_min_child_weight": 0.22360092447455682, "log10_subsample": -0.16941992337240974, "max_depth": 2.0, "num_boost_round": 1.0}, "datetime": {"datetime": "2024-01-19 00:53:57", "elapsed": 2536.510733, "delta": 0.00343}}
{"target": -13.75848334120286, "params": {"gamma": 719.0004751085437, "log10_alpha": -3.6557657644678283, "log10_colsample_bytree": -0.45327924222898874, "log10_eta": -2.495764941451725, "log10_lambda": -2.0640857294555772, "log10_min_child_weight": 0.22360092447455682, "log10_subsample": -0.16941992337240974, "max_depth": 2.0, "num_boost_round": 2.0}, "datetime": {"datetime": "2024-01-19 00:53:57", "elapsed": 2536.513634, "delta": 0.002901}}
{"target": -13.758484720857098, "params": {"gamma": 719.0004751085437, "log10_alpha": -3.6557657644678283, "log10_colsample_bytree": -0.45327924222898874, "log10_eta": -2.495764941451725, "log10_lambda": -2.0640857294555772, "log10_min_child_weight": 0.22360092447455682, "log10_subsample": -0.16941992337240974, "max_depth": 2.0, "num_boost_round": 3.0}, "datetime": {"datetime": "2024-01-19 00:53:57", "elapsed": 2536.516507, "delta": 0.002873}}
{"target": -13.75845833954511, "params": {"gamma": 719.0004751085437, "log10_alpha": -3.6557657644678283, "log10_colsample_bytree": -0.45327924222898874, "log10_eta": -2.495764941451725, "log10_lambda": -2.0640857294555772, "log10_min_child_weight": 0.22360092447455682, "log10_subsample": -0.16941992337240974, "max_depth": 2.0, "num_boost_round": 4.0}, "datetime": {"datetime": "2024-01-19 00:53:57", "elapsed": 2536.519199, "delta": 0.002692}}
{"target": -13.758449921394387, "params": {"gamma": 719.0004751085437, "log10_alpha": -3.6557657644678283, "log10_colsample_bytree": -0.45327924222898874, "log10_eta": -2.495764941451725, "log10_lambda": -2.0640857294555772, "log10_min_child_weight": 0.22360092447455682, "log10_subsample": -0.16941992337240974, "max_depth": 2.0, "num_boost_round": 5.0}, "datetime": {"datetime": "2024-01-19 00:53:57", "elapsed": 2536.52202, "delta": 0.002821}}
{"target": -13.75844986275253, "params": {"gamma": 719.0004751085437, "log10_alpha": -3.6557657644678283, "log10_colsample_bytree": -0.45327924222898874, "log10_eta": -2.495764941451725, "log10_lambda": -2.0640857294555772, "log10_min_child_weight": 0.22360092447455682, "log10_subsample": -0.16941992337240974, "max_depth": 2.0, "num_boost_round": 6.0}, "datetime": {"datetime": "2024-01-19 00:53:57", "elapsed": 2536.524723, "delta": 0.002703}}
{"target": -13.758435712273705, "params": {"gamma": 719.0004751085437, "log10_alpha": -3.6557657644678283, "log10_colsample_bytree": -0.45327924222898874, "log10_eta": -2.495764941451725, "log10_lambda": -2.0640857294555772, "log10_min_child_weight": 0.22360092447455682, "log10_subsample": -0.16941992337240974, "max_depth": 2.0, "num_boost_round": 7.0}, "datetime": {"datetime": "2024-01-19 00:53:57", "elapsed": 2536.528225, "delta": 0.003502}}
{"target": -13.758396876206275, "params": {"gamma": 719.0004751085437, "log10_alpha": -3.6557657644678283, "log10_colsample_bytree": -0.45327924222898874, "log10_eta": -2.495764941451725, "log10_lambda": -2.0640857294555772, "log10_min_child_weight": 0.22360092447455682, "log10_subsample": -0.16941992337240974, "max_depth": 2.0, "num_boost_round": 8.0}, "datetime": {"datetime": "2024-01-19 00:53:57", "elapsed": 2536.531311, "delta": 0.003086}}
{"target": -13.758340838784482, "params": {"gamma": 719.0004751085437, "log10_alpha": -3.6557657644678283, "log10_colsample_bytree": -0.45327924222898874, "log10_eta": -2.495764941451725, "log10_lambda": -2.0640857294555772, "log10_min_child_weight": 0.22360092447455682, "log10_subsample": -0.16941992337240974, "max_depth": 2.0, "num_boost_round": 9.0}, "datetime": {"datetime": "2024-01-19 00:53:57", "elapsed": 2536.534225, "delta": 0.002914}}
{"target": -13.75831279891283, "params": {"gamma": 719.0004751085437, "log10_alpha": -3.6557657644678283, "log10_colsample_bytree": -0.45327924222898874, "log10_eta": -2.495764941451725, "log10_lambda": -2.0640857294555772, "log10_min_child_weight": 0.22360092447455682, "log10_subsample": -0.16941992337240974, "max_depth": 2.0, "num_boost_round": 10.0}, "datetime": {"datetime": "2024-01-19 00:53:57", "elapsed": 2536.537171, "delta": 0.002946}}
{"target": -13.758269537907193, "params": {"gamma": 719.0004751085437, "log10_alpha": -3.6557657644678283, "log10_colsample_bytree": -0.45327924222898874, "log10_eta": -2.495764941451725, "log10_lambda": -2.0640857294555772, "log10_min_child_weight": 0.22360092447455682, "log10_subsample": -0.16941992337240974, "max_depth": 2.0, "num_boost_round": 11.0}, "datetime": {"datetime": "2024-01-19 00:53:57", "elapsed": 2536.540092, "delta": 0.002921}}
{"target": -13.758247887531041, "params": {"gamma": 719.0004751085437, "log10_alpha": -3.6557657644678283, "log10_colsample_bytree": -0.45327924222898874, "log10_eta": -2.495764941451725, "log10_lambda": -2.0640857294555772, "log10_min_child_weight": 0.22360092447455682, "log10_subsample": -0.16941992337240974, "max_depth": 2.0, "num_boost_round": 12.0}, "datetime": {"datetime": "2024-01-19 00:53:57", "elapsed": 2536.542856, "delta": 0.002764}}
{"target": -13.758222900830676, "params": {"gamma": 719.0004751085437, "log10_alpha": -3.6557657644678283, "log10_colsample_bytree": -0.45327924222898874, "log10_eta": -2.495764941451725, "log10_lambda": -2.0640857294555772, "log10_min_child_weight": 0.22360092447455682, "log10_subsample": -0.16941992337240974, "max_depth": 2.0, "num_boost_round": 13.0}, "datetime": {"datetime": "2024-01-19 00:53:57", "elapsed": 2536.545698, "delta": 0.002842}}
{"target": -13.758215716172908, "params": {"gamma": 719.0004751085437, "log10_alpha": -3.6557657644678283, "log10_colsample_bytree": -0.45327924222898874, "log10_eta": -2.495764941451725, "log10_lambda": -2.0640857294555772, "log10_min_child_weight": 0.22360092447455682, "log10_subsample": -0.16941992337240974, "max_depth": 2.0, "num_boost_round": 14.0}, "datetime": {"datetime": "2024-01-19 00:53:57", "elapsed": 2536.548349, "delta": 0.002651}}
{"target": -13.758163795119904, "params": {"gamma": 719.0004751085437, "log10_alpha": -3.6557657644678283, "log10_colsample_bytree": -0.45327924222898874, "log10_eta": -2.495764941451725, "log10_lambda": -2.0640857294555772, "log10_min_child_weight": 0.22360092447455682, "log10_subsample": -0.16941992337240974, "max_depth": 2.0, "num_boost_round": 15.0}, "datetime": {"datetime": "2024-01-19 00:53:57", "elapsed": 2536.551092, "delta": 0.002743}}
{"target": -13.75814306881427, "params": {"gamma": 719.0004751085437, "log10_alpha": -3.6557657644678283, "log10_colsample_bytree": -0.45327924222898874, "log10_eta": -2.495764941451725, "log10_lambda": -2.0640857294555772, "log10_min_child_weight": 0.22360092447455682, "log10_subsample": -0.16941992337240974, "max_depth": 2.0, "num_boost_round": 16.0}, "datetime": {"datetime": "2024-01-19 00:53:57", "elapsed": 2536.553779, "delta": 0.002687}}
{"target": -13.758145660894243, "params": {"gamma": 719.0004751085437, "log10_alpha": -3.6557657644678283, "log10_colsample_bytree": -0.45327924222898874, "log10_eta": -2.495764941451725, "log10_lambda": -2.0640857294555772, "log10_min_child_weight": 0.22360092447455682, "log10_subsample": -0.16941992337240974, "max_depth": 2.0, "num_boost_round": 17.0}, "datetime": {"datetime": "2024-01-19 00:53:57", "elapsed": 2536.556496, "delta": 0.002717}}
{"target": -13.758140323943623, "params": {"gamma": 719.0004751085437, "log10_alpha": -3.6557657644678283, "log10_colsample_bytree": -0.45327924222898874, "log10_eta": -2.495764941451725, "log10_lambda": -2.0640857294555772, "log10_min_child_weight": 0.22360092447455682, "log10_subsample": -0.16941992337240974, "max_depth": 2.0, "num_boost_round": 18.0}, "datetime": {"datetime": "2024-01-19 00:53:57", "elapsed": 2536.559261, "delta": 0.002765}}
{"target": -13.758097425467817, "params": {"gamma": 719.0004751085437, "log10_alpha": -3.6557657644678283, "log10_colsample_bytree": -0.45327924222898874, "log10_eta": -2.495764941451725, "log10_lambda": -2.0640857294555772, "log10_min_child_weight": 0.22360092447455682, "log10_subsample": -0.16941992337240974, "max_depth": 2.0, "num_boost_round": 19.0}, "datetime": {"datetime": "2024-01-19 00:53:57", "elapsed": 2536.562024, "delta": 0.002763}}
{"target": -13.758061321900366, "params": {"gamma": 719.0004751085437, "log10_alpha": -3.6557657644678283, "log10_colsample_bytree": -0.45327924222898874, "log10_eta": -2.495764941451725, "log10_lambda": -2.0640857294555772, "log10_min_child_weight": 0.22360092447455682, "log10_subsample": -0.16941992337240974, "max_depth": 2.0, "num_boost_round": 20.0}, "datetime": {"datetime": "2024-01-19 00:53:57", "elapsed": 2536.564752, "delta": 0.002728}}
{"target": -13.758053633528844, "params": {"gamma": 719.0004751085437, "log10_alpha": -3.6557657644678283, "log10_colsample_bytree": -0.45327924222898874, "log10_eta": -2.495764941451725, "log10_lambda": -2.0640857294555772, "log10_min_child_weight": 0.22360092447455682, "log10_subsample": -0.16941992337240974, "max_depth": 2.0, "num_boost_round": 21.0}, "datetime": {"datetime": "2024-01-19 00:53:57", "elapsed": 2536.56744, "delta": 0.002688}}
{"target": -13.758050483827896, "params": {"gamma": 719.0004751085437, "log10_alpha": -3.6557657644678283, "log10_colsample_bytree": -0.45327924222898874, "log10_eta": -2.495764941451725, "log10_lambda": -2.0640857294555772, "log10_min_child_weight": 0.22360092447455682, "log10_subsample": -0.16941992337240974, "max_depth": 2.0, "num_boost_round": 22.0}, "datetime": {"datetime": "2024-01-19 00:53:57", "elapsed": 2536.570175, "delta": 0.002735}}
{"target": -13.7580134370133, "params": {"gamma": 719.0004751085437, "log10_alpha": -3.6557657644678283, "log10_colsample_bytree": -0.45327924222898874, "log10_eta": -2.495764941451725, "log10_lambda": -2.0640857294555772, "log10_min_child_weight": 0.22360092447455682, "log10_subsample": -0.16941992337240974, "max_depth": 2.0, "num_boost_round": 23.0}, "datetime": {"datetime": "2024-01-19 00:53:57", "elapsed": 2536.572935, "delta": 0.00276}}
{"target": -13.758015870273017, "params": {"gamma": 719.0004751085437, "log10_alpha": -3.6557657644678283, "log10_colsample_bytree": -0.45327924222898874, "log10_eta": -2.495764941451725, "log10_lambda": -2.0640857294555772, "log10_min_child_weight": 0.22360092447455682, "log10_subsample": -0.16941992337240974, "max_depth": 2.0, "num_boost_round": 24.0}, "datetime": {"datetime": "2024-01-19 00:53:57", "elapsed": 2536.575641, "delta": 0.002706}}
