{"target": -13.758539198620943, "params": {"gamma": 885.5210570576656, "log10_alpha": -4.09234878621401, "log10_colsample_bytree": -0.6661336986799996, "log10_eta": -1.615536209166112, "log10_lambda": -3.0859863681600648, "log10_min_child_weight": 4.848892775427244, "log10_subsample": -0.9639368446993254, "max_depth": 9.0, "num_boost_round": 2.0}, "datetime": {"datetime": "2024-01-19 00:13:28", "elapsed": 112.379283, "delta": 0.000471}}
{"target": -13.758544422032651, "params": {"gamma": 885.5210570576656, "log10_alpha": -4.09234878621401, "log10_colsample_bytree": -0.6661336986799996, "log10_eta": -1.615536209166112, "log10_lambda": -3.0859863681600648, "log10_min_child_weight": 4.848892775427244, "log10_subsample": -0.9639368446993254, "max_depth": 9.0, "num_boost_round": 3.0}, "datetime": {"datetime": "2024-01-19 00:13:28", "elapsed": 112.379725, "delta": 0.000442}}
{"target": -13.75861056751857, "params": {"gamma": 885.5210570576656, "log10_alpha": -4.09234878621401, "log10_colsample_bytree": -0.6661336986799996, "log10_eta": -1.615536209166112, "log10_lambda": -3.0859863681600648, "log10_min_child_weight": 4.848892775427244, "log10_subsample": -0.9639368446993254, "max_depth": 9.0, "num_boost_round": 4.0}, "datetime": {"datetime": "2024-01-19 00:13:28", "elapsed": 112.380388, "delta": 0.000663}}
{"target": -13.758623838774957, "params": {"gamma": 885.5210570576656, "log10_alpha": -4.09234878621401, "log10_colsample_bytree": -0.6661336986799996, "log10_eta": -1.615536209166112, "log10_lambda": -3.0859863681600648, "log10_min_child_weight": 4.848892775427244, "log10_subsample": -0.9639368446993254, "max_depth": 9.0, "num_boost_round": 5.0}, "datetime": {"datetime": "2024-01-19 00:13:28", "elapsed": 112.380994, "delta": 0.000606}}
{"target": -13.758628092767879, "params": {"gamma": 885.5210570576656, "log10_alpha": -4.09234878621401, "log10_colsample_bytree": -0.6661336986799996, "log10_eta": -1.615536209166112, "log10_lambda": -3.0859863681600648, "log10_min_child_weight": 4.848892775427244, "log10_subsample": -0.9639368446993254, "max_depth": 9.0, "num_boost_round": 6.0}, "datetime": {"datetime": "2024-01-19 00:13:28", "elapsed": 112.381451, "delta": 0.000457}}
{"target": -13.758613620887662, "params": {"gamma": 885.5210570576656, "log10_alpha": -4.09234878621401, "log10_colsample_bytree": -0.6661336986799996, "log10_eta": -1.615536209166112, "log10_lambda": -3.0859863681600648, "log10_min_child_weight": 4.848892775427244, "log10_subsample": -0.9639368446993254, "max_depth": 9.0, "num_boost_round": 7.0}, "datetime": {"datetime": "2024-01-19 00:13:28", "elapsed": 112.382009, "delta": 0.000558}}
{"target": -13.758604318395754, "params": {"gamma": 885.5210570576656, "log10_alpha": -4.09234878621401, "log10_colsample_bytree": -0.6661336986799996, "log10_eta": -1.615536209166112, "log10_lambda": -3.0859863681600648, "log10_min_child_weight": 4.848892775427244, "log10_subsample": -0.9639368446993254, "max_depth": 9.0, "num_boost_round": 8.0}, "datetime": {"datetime": "2024-01-19 00:13:28", "elapsed": 112.382665, "delta": 0.000656}}
{"target": -13.758506926691913, "params": {"gamma": 885.5210570576656, "log10_alpha": -4.09234878621401, "log10_colsample_bytree": -0.6661336986799996, "log10_eta": -1.615536209166112, "log10_lambda": -3.0859863681600648, "log10_min_child_weight": 4.848892775427244, "log10_subsample": -0.9639368446993254, "max_depth": 9.0, "num_boost_round": 9.0}, "datetime": {"datetime": "2024-01-19 00:13:28", "elapsed": 112.38312, "delta": 0.000455}}
{"target": -13.758502024579428, "params": {"gamma": 885.5210570576656, "log10_alpha": -4.09234878621401, "log10_colsample_bytree": -0.6661336986799996, "log10_eta": -1.615536209166112, "log10_lambda": -3.0859863681600648, "log10_min_child_weight": 4.848892775427244, "log10_subsample": -0.9639368446993254, "max_depth": 9.0, "num_boost_round": 10.0}, "datetime": {"datetime": "2024-01-19 00:13:28", "elapsed": 112.383564, "delta": 0.000444}}
{"target": -13.758559400443406, "params": {"gamma": 885.5210570576656, "log10_alpha": -4.09234878621401, "log10_colsample_bytree": -0.6661336986799996, "log10_eta": -1.615536209166112, "log10_lambda": -3.0859863681600648, "log10_min_child_weight": 4.848892775427244, "log10_subsample": -0.9639368446993254, "max_depth": 9.0, "num_boost_round": 11.0}, "datetime": {"datetime": "2024-01-19 00:13:28", "elapsed": 112.38402, "delta": 0.000456}}
{"target": -13.758468944911263, "params": {"gamma": 885.5210570576656, "log10_alpha": -4.09234878621401, "log10_colsample_bytree": -0.6661336986799996, "log10_eta": -1.615536209166112, "log10_lambda": -3.0859863681600648, "log10_min_child_weight": 4.848892775427244, "log10_subsample": -0.9639368446993254, "max_depth": 9.0, "num_boost_round": 12.0}, "datetime": {"datetime": "2024-01-19 00:13:28", "elapsed": 112.384476, "delta": 0.000456}}
{"target": -13.758504897493395, "params": {"gamma": 885.5210570576656, "log10_alpha": -4.09234878621401, "log10_colsample_bytree": -0.6661336986799996, "log10_eta": -1.615536209166112, "log10_lambda": -3.0859863681600648, "log10_min_child_weight": 4.848892775427244, "log10_subsample": -0.9639368446993254, "max_depth": 9.0, "num_boost_round": 13.0}, "datetime": {"datetime": "2024-01-19 00:13:28", "elapsed": 112.384933, "delta": 0.000457}}
{"target": -13.758536815811956, "params": {"gamma": 885.5210570576656, "log10_alpha": -4.09234878621401, "log10_colsample_bytree": -0.6661336986799996, "log10_eta": -1.615536209166112, "log10_lambda": -3.0859863681600648, "log10_min_child_weight": 4.848892775427244, "log10_subsample": -0.9639368446993254, "max_depth": 9.0, "num_boost_round": 14.0}, "datetime": {"datetime": "2024-01-19 00:13:28", "elapsed": 112.385382, "delta": 0.000449}}
{"target": -13.758453869176897, "params": {"gamma": 885.5210570576656, "log10_alpha": -4.09234878621401, "log10_colsample_bytree": -0.6661336986799996, "log10_eta": -1.615536209166112, "log10_lambda": -3.0859863681600648, "log10_min_child_weight": 4.848892775427244, "log10_subsample": -0.9639368446993254, "max_depth": 9.0, "num_boost_round": 15.0}, "datetime": {"datetime": "2024-01-19 00:13:28", "elapsed": 112.385828, "delta": 0.000446}}
{"target": -13.75842766719649, "params": {"gamma": 885.5210570576656, "log10_alpha": -4.09234878621401, "log10_colsample_bytree": -0.6661336986799996, "log10_eta": -1.615536209166112, "log10_lambda": -3.0859863681600648, "log10_min_child_weight": 4.848892775427244, "log10_subsample": -0.9639368446993254, "max_depth": 9.0, "num_boost_round": 16.0}, "datetime": {"datetime": "2024-01-19 00:13:28", "elapsed": 112.386284, "delta": 0.000456}}
{"target": -13.758450533917772, "params": {"gamma": 885.5210570576656, "log10_alpha": -4.09234878621401, "log10_colsample_bytree": -0.6661336986799996, "log10_eta": -1.615536209166112, "log10_lambda": -3.0859863681600648, "log10_min_child_weight": 4.848892775427244, "log10_subsample": -0.9639368446993254, "max_depth": 9.0, "num_boost_round": 17.0}, "datetime": {"datetime": "2024-01-19 00:13:28", "elapsed": 112.386732, "delta": 0.000448}}
{"target": -13.758385404379968, "params": {"gamma": 885.5210570576656, "log10_alpha": -4.09234878621401, "log10_colsample_bytree": -0.6661336986799996, "log10_eta": -1.615536209166112, "log10_lambda": -3.0859863681600648, "log10_min_child_weight": 4.848892775427244, "log10_subsample": -0.9639368446993254, "max_depth": 9.0, "num_boost_round": 18.0}, "datetime": {"datetime": "2024-01-19 00:13:28", "elapsed": 112.387194, "delta": 0.000462}}
{"target": -13.75835560693349, "params": {"gamma": 885.5210570576656, "log10_alpha": -4.09234878621401, "log10_colsample_bytree": -0.6661336986799996, "log10_eta": -1.615536209166112, "log10_lambda": -3.0859863681600648, "log10_min_child_weight": 4.848892775427244, "log10_subsample": -0.9639368446993254, "max_depth": 9.0, "num_boost_round": 19.0}, "datetime": {"datetime": "2024-01-19 00:13:28", "elapsed": 112.387714, "delta": 0.00052}}
{"target": -13.758376025545697, "params": {"gamma": 885.5210570576656, "log10_alpha": -4.09234878621401, "log10_colsample_bytree": -0.6661336986799996, "log10_eta": -1.615536209166112, "log10_lambda": -3.0859863681600648, "log10_min_child_weight": 4.848892775427244, "log10_subsample": -0.9639368446993254, "max_depth": 9.0, "num_boost_round": 20.0}, "datetime": {"datetime": "2024-01-19 00:13:28", "elapsed": 112.388198, "delta": 0.000484}}
{"target": -13.75858180182617, "params": {"gamma": 888.9281579823796, "log10_alpha": 0.28517127383026875, "log10_colsample_bytree": -0.986072871683504, "log10_eta": -1.2597581317104787, "log10_lambda": -4.734415841362757, "log10_min_child_weight": 4.883384238528411, "log10_subsample": -0.8883048185870509, "max_depth": 3.0, "num_boost_round": 0.0}, "datetime": {"datetime": "2024-01-19 00:13:52", "elapsed": 136.461314, "delta": 24.073116}}
{"target": -13.758407597517238, "params": {"gamma": 888.9281579823796, "log10_alpha": 0.28517127383026875, "log10_colsample_bytree": -0.986072871683504, "log10_eta": -1.2597581317104787, "log10_lambda": -4.734415841362757, "log10_min_child_weight": 4.883384238528411, "log10_subsample": -0.8883048185870509, "max_depth": 3.0, "num_boost_round": 1.0}, "datetime": {"datetime": "2024-01-19 00:13:52", "elapsed": 136.462393, "delta": 0.001079}}
{"target": -13.758451833905333, "params": {"gamma": 888.9281579823796, "log10_alpha": 0.28517127383026875, "log10_colsample_bytree": -0.986072871683504, "log10_eta": -1.2597581317104787, "log10_lambda": -4.734415841362757, "log10_min_child_weight": 4.883384238528411, "log10_subsample": -0.8883048185870509, "max_depth": 3.0, "num_boost_round": 2.0}, "datetime": {"datetime": "2024-01-19 00:13:52", "elapsed": 136.462997, "delta": 0.000604}}
{"target": -13.758501606976518, "params": {"gamma": 888.9281579823796, "log10_alpha": 0.28517127383026875, "log10_colsample_bytree": -0.986072871683504, "log10_eta": -1.2597581317104787, "log10_lambda": -4.734415841362757, "log10_min_child_weight": 4.883384238528411, "log10_subsample": -0.8883048185870509, "max_depth": 3.0, "num_boost_round": 3.0}, "datetime": {"datetime": "2024-01-19 00:13:52", "elapsed": 136.463477, "delta": 0.00048}}
{"target": -13.75852788801755, "params": {"gamma": 888.9281579823796, "log10_alpha": 0.28517127383026875, "log10_colsample_bytree": -0.986072871683504, "log10_eta": -1.2597581317104787, "log10_lambda": -4.734415841362757, "log10_min_child_weight": 4.883384238528411, "log10_subsample": -0.8883048185870509, "max_depth": 3.0, "num_boost_round": 4.0}, "datetime": {"datetime": "2024-01-19 00:13:52", "elapsed": 136.463953, "delta": 0.000476}}
{"target": -13.758604757830406, "params": {"gamma": 888.9281579823796, "log10_alpha": 0.28517127383026875, "log10_colsample_bytree": -0.986072871683504, "log10_eta": -1.2597581317104787, "log10_lambda": -4.734415841362757, "log10_min_child_weight": 4.883384238528411, "log10_subsample": -0.8883048185870509, "max_depth": 3.0, "num_boost_round": 5.0}, "datetime": {"datetime": "2024-01-19 00:13:52", "elapsed": 136.464421, "delta": 0.000468}}
{"target": -13.758572103427698, "params": {"gamma": 888.9281579823796, "log10_alpha": 0.28517127383026875, "log10_colsample_bytree": -0.986072871683504, "log10_eta": -1.2597581317104787, "log10_lambda": -4.734415841362757, "log10_min_child_weight": 4.883384238528411, "log10_subsample": -0.8883048185870509, "max_depth": 3.0, "num_boost_round": 6.0}, "datetime": {"datetime": "2024-01-19 00:13:52", "elapsed": 136.464909, "delta": 0.000488}}
{"target": -13.758390716576404, "params": {"gamma": 888.9281579823796, "log10_alpha": 0.28517127383026875, "log10_colsample_bytree": -0.986072871683504, "log10_eta": -1.2597581317104787, "log10_lambda": -4.734415841362757, "log10_min_child_weight": 4.883384238528411, "log10_subsample": -0.8883048185870509, "max_depth": 3.0, "num_boost_round": 7.0}, "datetime": {"datetime": "2024-01-19 00:13:52", "elapsed": 136.465387, "delta": 0.000478}}
{"target": -13.758330967019033, "params": {"gamma": 888.9281579823796, "log10_alpha": 0.28517127383026875, "log10_colsample_bytree": -0.986072871683504, "log10_eta": -1.2597581317104787, "log10_lambda": -4.734415841362757, "log10_min_child_weight": 4.883384238528411, "log10_subsample": -0.8883048185870509, "max_depth": 3.0, "num_boost_round": 8.0}, "datetime": {"datetime": "2024-01-19 00:13:52", "elapsed": 136.465863, "delta": 0.000476}}
{"target": -13.758415619763307, "params": {"gamma": 888.9281579823796, "log10_alpha": 0.28517127383026875, "log10_colsample_bytree": -0.986072871683504, "log10_eta": -1.2597581317104787, "log10_lambda": -4.734415841362757, "log10_min_child_weight": 4.883384238528411, "log10_subsample": -0.8883048185870509, "max_depth": 3.0, "num_boost_round": 9.0}, "datetime": {"datetime": "2024-01-19 00:13:52", "elapsed": 136.466445, "delta": 0.000582}}
{"target": -13.758286789499449, "params": {"gamma": 888.9281579823796, "log10_alpha": 0.28517127383026875, "log10_colsample_bytree": -0.986072871683504, "log10_eta": -1.2597581317104787, "log10_lambda": -4.734415841362757, "log10_min_child_weight": 4.883384238528411, "log10_subsample": -0.8883048185870509, "max_depth": 3.0, "num_boost_round": 10.0}, "datetime": {"datetime": "2024-01-19 00:13:52", "elapsed": 136.466929, "delta": 0.000484}}
{"target": -13.758312736543239, "params": {"gamma": 888.9281579823796, "log10_alpha": 0.28517127383026875, "log10_colsample_bytree": -0.986072871683504, "log10_eta": -1.2597581317104787, "log10_lambda": -4.734415841362757, "log10_min_child_weight": 4.883384238528411, "log10_subsample": -0.8883048185870509, "max_depth": 3.0, "num_boost_round": 11.0}, "datetime": {"datetime": "2024-01-19 00:13:52", "elapsed": 136.467407, "delta": 0.000478}}
{"target": -13.758373906574647, "params": {"gamma": 888.9281579823796, "log10_alpha": 0.28517127383026875, "log10_colsample_bytree": -0.986072871683504, "log10_eta": -1.2597581317104787, "log10_lambda": -4.734415841362757, "log10_min_child_weight": 4.883384238528411, "log10_subsample": -0.8883048185870509, "max_depth": 3.0, "num_boost_round": 12.0}, "datetime": {"datetime": "2024-01-19 00:13:52", "elapsed": 136.467903, "delta": 0.000496}}
{"target": -13.758314166291585, "params": {"gamma": 888.9281579823796, "log10_alpha": 0.28517127383026875, "log10_colsample_bytree": -0.986072871683504, "log10_eta": -1.2597581317104787, "log10_lambda": -4.734415841362757, "log10_min_child_weight": 4.883384238528411, "log10_subsample": -0.8883048185870509, "max_depth": 3.0, "num_boost_round": 13.0}, "datetime": {"datetime": "2024-01-19 00:13:52", "elapsed": 136.468392, "delta": 0.000489}}
{"target": -13.758348582280897, "params": {"gamma": 888.9281579823796, "log10_alpha": 0.28517127383026875, "log10_colsample_bytree": -0.986072871683504, "log10_eta": -1.2597581317104787, "log10_lambda": -4.734415841362757, "log10_min_child_weight": 4.883384238528411, "log10_subsample": -0.8883048185870509, "max_depth": 3.0, "num_boost_round": 14.0}, "datetime": {"datetime": "2024-01-19 00:13:52", "elapsed": 136.46888, "delta": 0.000488}}
{"target": -13.758127494810438, "params": {"gamma": 888.9281579823796, "log10_alpha": 0.28517127383026875, "log10_colsample_bytree": -0.986072871683504, "log10_eta": -1.2597581317104787, "log10_lambda": -4.734415841362757, "log10_min_child_weight": 4.883384238528411, "log10_subsample": -0.8883048185870509, "max_depth": 3.0, "num_boost_round": 15.0}, "datetime": {"datetime": "2024-01-19 00:13:52", "elapsed": 136.469361, "delta": 0.000481}}
{"target": -13.758090484583642, "params": {"gamma": 888.9281579823796, "log10_alpha": 0.28517127383026875, "log10_colsample_bytree": -0.986072871683504, "log10_eta": -1.2597581317104787, "log10_lambda": -4.734415841362757, "log10_min_child_weight": 4.883384238528411, "log10_subsample": -0.8883048185870509, "max_depth": 3.0, "num_boost_round": 16.0}, "datetime": {"datetime": "2024-01-19 00:13:52", "elapsed": 136.469841, "delta": 0.00048}}
{"target": -13.758134196274137, "params": {"gamma": 888.9281579823796, "log10_alpha": 0.28517127383026875, "log10_colsample_bytree": -0.986072871683504, "log10_eta": -1.2597581317104787, "log10_lambda": -4.734415841362757, "log10_min_child_weight": 4.883384238528411, "log10_subsample": -0.8883048185870509, "max_depth": 3.0, "num_boost_round": 17.0}, "datetime": {"datetime": "2024-01-19 00:13:52", "elapsed": 136.470338, "delta": 0.000497}}
{"target": -13.758188732117205, "params": {"gamma": 888.9281579823796, "log10_alpha": 0.28517127383026875, "log10_colsample_bytree": -0.986072871683504, "log10_eta": -1.2597581317104787, "log10_lambda": -4.734415841362757, "log10_min_child_weight": 4.883384238528411, "log10_subsample": -0.8883048185870509, "max_depth": 3.0, "num_boost_round": 18.0}, "datetime": {"datetime": "2024-01-19 00:13:52", "elapsed": 136.470928, "delta": 0.00059}}
{"target": -13.758044225383617, "params": {"gamma": 888.9281579823796, "log10_alpha": 0.28517127383026875, "log10_colsample_bytree": -0.986072871683504, "log10_eta": -1.2597581317104787, "log10_lambda": -4.734415841362757, "log10_min_child_weight": 4.883384238528411, "log10_subsample": -0.8883048185870509, "max_depth": 3.0, "num_boost_round": 19.0}, "datetime": {"datetime": "2024-01-19 00:13:52", "elapsed": 136.471423, "delta": 0.000495}}
{"target": -13.757931959995231, "params": {"gamma": 888.9281579823796, "log10_alpha": 0.28517127383026875, "log10_colsample_bytree": -0.986072871683504, "log10_eta": -1.2597581317104787, "log10_lambda": -4.734415841362757, "log10_min_child_weight": 4.883384238528411, "log10_subsample": -0.8883048185870509, "max_depth": 3.0, "num_boost_round": 20.0}, "datetime": {"datetime": "2024-01-19 00:13:52", "elapsed": 136.472049, "delta": 0.000626}}
{"target": -13.757792634896347, "params": {"gamma": 888.9281579823796, "log10_alpha": 0.28517127383026875, "log10_colsample_bytree": -0.986072871683504, "log10_eta": -1.2597581317104787, "log10_lambda": -4.734415841362757, "log10_min_child_weight": 4.883384238528411, "log10_subsample": -0.8883048185870509, "max_depth": 3.0, "num_boost_round": 21.0}, "datetime": {"datetime": "2024-01-19 00:13:52", "elapsed": 136.472541, "delta": 0.000492}}
{"target": -13.757849285554604, "params": {"gamma": 888.9281579823796, "log10_alpha": 0.28517127383026875, "log10_colsample_bytree": -0.986072871683504, "log10_eta": -1.2597581317104787, "log10_lambda": -4.734415841362757, "log10_min_child_weight": 4.883384238528411, "log10_subsample": -0.8883048185870509, "max_depth": 3.0, "num_boost_round": 22.0}, "datetime": {"datetime": "2024-01-19 00:13:52", "elapsed": 136.473037, "delta": 0.000496}}
{"target": -13.757895126720472, "params": {"gamma": 888.9281579823796, "log10_alpha": 0.28517127383026875, "log10_colsample_bytree": -0.986072871683504, "log10_eta": -1.2597581317104787, "log10_lambda": -4.734415841362757, "log10_min_child_weight": 4.883384238528411, "log10_subsample": -0.8883048185870509, "max_depth": 3.0, "num_boost_round": 23.0}, "datetime": {"datetime": "2024-01-19 00:13:52", "elapsed": 136.47353, "delta": 0.000493}}
{"target": -13.758011281493852, "params": {"gamma": 888.9281579823796, "log10_alpha": 0.28517127383026875, "log10_colsample_bytree": -0.986072871683504, "log10_eta": -1.2597581317104787, "log10_lambda": -4.734415841362757, "log10_min_child_weight": 4.883384238528411, "log10_subsample": -0.8883048185870509, "max_depth": 3.0, "num_boost_round": 24.0}, "datetime": {"datetime": "2024-01-19 00:13:52", "elapsed": 136.47403, "delta": 0.0005}}
{"target": -13.75798368824908, "params": {"gamma": 888.9281579823796, "log10_alpha": 0.28517127383026875, "log10_colsample_bytree": -0.986072871683504, "log10_eta": -1.2597581317104787, "log10_lambda": -4.734415841362757, "log10_min_child_weight": 4.883384238528411, "log10_subsample": -0.8883048185870509, "max_depth": 3.0, "num_boost_round": 25.0}, "datetime": {"datetime": "2024-01-19 00:13:52", "elapsed": 136.474524, "delta": 0.000494}}
{"target": -13.758005211708223, "params": {"gamma": 888.9281579823796, "log10_alpha": 0.28517127383026875, "log10_colsample_bytree": -0.986072871683504, "log10_eta": -1.2597581317104787, "log10_lambda": -4.734415841362757, "log10_min_child_weight": 4.883384238528411, "log10_subsample": -0.8883048185870509, "max_depth": 3.0, "num_boost_round": 26.0}, "datetime": {"datetime": "2024-01-19 00:13:52", "elapsed": 136.47503, "delta": 0.000506}}
{"target": -13.758078099237759, "params": {"gamma": 888.9281579823796, "log10_alpha": 0.28517127383026875, "log10_colsample_bytree": -0.986072871683504, "log10_eta": -1.2597581317104787, "log10_lambda": -4.734415841362757, "log10_min_child_weight": 4.883384238528411, "log10_subsample": -0.8883048185870509, "max_depth": 3.0, "num_boost_round": 27.0}, "datetime": {"datetime": "2024-01-19 00:13:52", "elapsed": 136.475546, "delta": 0.000516}}
{"target": -13.758532696947528, "params": {"gamma": 886.8804640369692, "log10_alpha": -1.770990426614445, "log10_colsample_bytree": -0.04952302835656397, "log10_eta": -3.0450449563302606, "log10_lambda": -2.322525859601689, "log10_min_child_weight": 4.1809315133411715, "log10_subsample": -0.9291807463035601, "max_depth": 8.0, "num_boost_round": 0.0}, "datetime": {"datetime": "2024-01-19 00:14:17", "elapsed": 162.197655, "delta": 25.722109}}
{"target": -13.758527669030867, "params": {"gamma": 886.8804640369692, "log10_alpha": -1.770990426614445, "log10_colsample_bytree": -0.04952302835656397, "log10_eta": -3.0450449563302606, "log10_lambda": -2.322525859601689, "log10_min_child_weight": 4.1809315133411715, "log10_subsample": -0.9291807463035601, "max_depth": 8.0, "num_boost_round": 1.0}, "datetime": {"datetime": "2024-01-19 00:14:17", "elapsed": 162.198578, "delta": 0.000923}}
