{"target": -17.677178353333133, "params": {"gamma": 979.0540575144224, "log10_alpha": -4.5219053235311595, "log10_colsample_bytree": -0.9638127009532793, "log10_eta": -3.366905039742402, "log10_lambda": -0.8417651073786425, "log10_min_child_weight": 4.632053214781488, "log10_subsample": -0.2635123578817026, "max_depth": 4.0, "num_boost_round": 16.0}, "datetime": {"datetime": "2024-01-19 00:52:31", "elapsed": 2445.007516, "delta": 0.002785}}
{"target": -17.677177577417694, "params": {"gamma": 979.0540575144224, "log10_alpha": -4.5219053235311595, "log10_colsample_bytree": -0.9638127009532793, "log10_eta": -3.366905039742402, "log10_lambda": -0.8417651073786425, "log10_min_child_weight": 4.632053214781488, "log10_subsample": -0.2635123578817026, "max_depth": 4.0, "num_boost_round": 17.0}, "datetime": {"datetime": "2024-01-19 00:52:31", "elapsed": 2445.010257, "delta": 0.002741}}
{"target": -17.677172035922446, "params": {"gamma": 979.0540575144224, "log10_alpha": -4.5219053235311595, "log10_colsample_bytree": -0.9638127009532793, "log10_eta": -3.366905039742402, "log10_lambda": -0.8417651073786425, "log10_min_child_weight": 4.632053214781488, "log10_subsample": -0.2635123578817026, "max_depth": 4.0, "num_boost_round": 18.0}, "datetime": {"datetime": "2024-01-19 00:52:31", "elapsed": 2445.01317, "delta": 0.002913}}
{"target": -17.677164500793914, "params": {"gamma": 979.0540575144224, "log10_alpha": -4.5219053235311595, "log10_colsample_bytree": -0.9638127009532793, "log10_eta": -3.366905039742402, "log10_lambda": -0.8417651073786425, "log10_min_child_weight": 4.632053214781488, "log10_subsample": -0.2635123578817026, "max_depth": 4.0, "num_boost_round": 19.0}, "datetime": {"datetime": "2024-01-19 00:52:31", "elapsed": 2445.016053, "delta": 0.002883}}
{"target": -17.677165099731692, "params": {"gamma": 979.0540575144224, "log10_alpha": -4.5219053235311595, "log10_colsample_bytree": -0.9638127009532793, "log10_eta": -3.366905039742402, "log10_lambda": -0.8417651073786425, "log10_min_child_weight": 4.632053214781488, "log10_subsample": -0.2635123578817026, "max_depth": 4.0, "num_boost_round": 20.0}, "datetime": {"datetime": "2024-01-19 00:52:31", "elapsed": 2445.018895, "delta": 0.002842}}
{"target": -17.677163181710203, "params": {"gamma": 979.0540575144224, "log10_alpha": -4.5219053235311595, "log10_colsample_bytree": -0.9638127009532793, "log10_eta": -3.366905039742402, "log10_lambda": -0.8417651073786425, "log10_min_child_weight": 4.632053214781488, "log10_subsample": -0.2635123578817026, "max_depth": 4.0, "num_boost_round": 21.0}, "datetime": {"datetime": "2024-01-19 00:52:31", "elapsed": 2445.02164, "delta": 0.002745}}
{"target": -17.67716049653569, "params": {"gamma": 979.0540575144224, "log10_alpha": -4.5219053235311595, "log10_colsample_bytree": -0.9638127009532793, "log10_eta": -3.366905039742402, "log10_lambda": -0.8417651073786425, "log10_min_child_weight": 4.632053214781488, "log10_subsample": -0.2635123578817026, "max_depth": 4.0, "num_boost_round": 22.0}, "datetime": {"datetime": "2024-01-19 00:52:31", "elapsed": 2445.024419, "delta": 0.002779}}
{"target": -17.67715722239922, "params": {"gamma": 979.0540575144224, "log10_alpha": -4.5219053235311595, "log10_colsample_bytree": -0.9638127009532793, "log10_eta": -3.366905039742402, "log10_lambda": -0.8417651073786425, "log10_min_child_weight": 4.632053214781488, "log10_subsample": -0.2635123578817026, "max_depth": 4.0, "num_boost_round": 23.0}, "datetime": {"datetime": "2024-01-19 00:52:31", "elapsed": 2445.027181, "delta": 0.002762}}
{"target": -17.67715810986954, "params": {"gamma": 979.0540575144224, "log10_alpha": -4.5219053235311595, "log10_colsample_bytree": -0.9638127009532793, "log10_eta": -3.366905039742402, "log10_lambda": -0.8417651073786425, "log10_min_child_weight": 4.632053214781488, "log10_subsample": -0.2635123578817026, "max_depth": 4.0, "num_boost_round": 24.0}, "datetime": {"datetime": "2024-01-19 00:52:31", "elapsed": 2445.029916, "delta": 0.002735}}
{"target": -17.677154428792242, "params": {"gamma": 979.0540575144224, "log10_alpha": -4.5219053235311595, "log10_colsample_bytree": -0.9638127009532793, "log10_eta": -3.366905039742402, "log10_lambda": -0.8417651073786425, "log10_min_child_weight": 4.632053214781488, "log10_subsample": -0.2635123578817026, "max_depth": 4.0, "num_boost_round": 25.0}, "datetime": {"datetime": "2024-01-19 00:52:31", "elapsed": 2445.032783, "delta": 0.002867}}
{"target": -17.6771554921745, "params": {"gamma": 979.0540575144224, "log10_alpha": -4.5219053235311595, "log10_colsample_bytree": -0.9638127009532793, "log10_eta": -3.366905039742402, "log10_lambda": -0.8417651073786425, "log10_min_child_weight": 4.632053214781488, "log10_subsample": -0.2635123578817026, "max_depth": 4.0, "num_boost_round": 26.0}, "datetime": {"datetime": "2024-01-19 00:52:31", "elapsed": 2445.035516, "delta": 0.002733}}
{"target": -17.677153608124513, "params": {"gamma": 979.0540575144224, "log10_alpha": -4.5219053235311595, "log10_colsample_bytree": -0.9638127009532793, "log10_eta": -3.366905039742402, "log10_lambda": -0.8417651073786425, "log10_min_child_weight": 4.632053214781488, "log10_subsample": -0.2635123578817026, "max_depth": 4.0, "num_boost_round": 27.0}, "datetime": {"datetime": "2024-01-19 00:52:31", "elapsed": 2445.038245, "delta": 0.002729}}
{"target": -17.677148099428095, "params": {"gamma": 979.0540575144224, "log10_alpha": -4.5219053235311595, "log10_colsample_bytree": -0.9638127009532793, "log10_eta": -3.366905039742402, "log10_lambda": -0.8417651073786425, "log10_min_child_weight": 4.632053214781488, "log10_subsample": -0.2635123578817026, "max_depth": 4.0, "num_boost_round": 28.0}, "datetime": {"datetime": "2024-01-19 00:52:31", "elapsed": 2445.040991, "delta": 0.002746}}
{"target": -17.67714456925964, "params": {"gamma": 979.0540575144224, "log10_alpha": -4.5219053235311595, "log10_colsample_bytree": -0.9638127009532793, "log10_eta": -3.366905039742402, "log10_lambda": -0.8417651073786425, "log10_min_child_weight": 4.632053214781488, "log10_subsample": -0.2635123578817026, "max_depth": 4.0, "num_boost_round": 29.0}, "datetime": {"datetime": "2024-01-19 00:52:31", "elapsed": 2445.043797, "delta": 0.002806}}
{"target": -17.6771381019402, "params": {"gamma": 979.0540575144224, "log10_alpha": -4.5219053235311595, "log10_colsample_bytree": -0.9638127009532793, "log10_eta": -3.366905039742402, "log10_lambda": -0.8417651073786425, "log10_min_child_weight": 4.632053214781488, "log10_subsample": -0.2635123578817026, "max_depth": 4.0, "num_boost_round": 30.0}, "datetime": {"datetime": "2024-01-19 00:52:31", "elapsed": 2445.046561, "delta": 0.002764}}
{"target": -17.677137230896022, "params": {"gamma": 979.0540575144224, "log10_alpha": -4.5219053235311595, "log10_colsample_bytree": -0.9638127009532793, "log10_eta": -3.366905039742402, "log10_lambda": -0.8417651073786425, "log10_min_child_weight": 4.632053214781488, "log10_subsample": -0.2635123578817026, "max_depth": 4.0, "num_boost_round": 31.0}, "datetime": {"datetime": "2024-01-19 00:52:31", "elapsed": 2445.04932, "delta": 0.002759}}
{"target": -17.67713694514616, "params": {"gamma": 979.0540575144224, "log10_alpha": -4.5219053235311595, "log10_colsample_bytree": -0.9638127009532793, "log10_eta": -3.366905039742402, "log10_lambda": -0.8417651073786425, "log10_min_child_weight": 4.632053214781488, "log10_subsample": -0.2635123578817026, "max_depth": 4.0, "num_boost_round": 32.0}, "datetime": {"datetime": "2024-01-19 00:52:31", "elapsed": 2445.052187, "delta": 0.002867}}
{"target": -17.677134893941176, "params": {"gamma": 979.0540575144224, "log10_alpha": -4.5219053235311595, "log10_colsample_bytree": -0.9638127009532793, "log10_eta": -3.366905039742402, "log10_lambda": -0.8417651073786425, "log10_min_child_weight": 4.632053214781488, "log10_subsample": -0.2635123578817026, "max_depth": 4.0, "num_boost_round": 33.0}, "datetime": {"datetime": "2024-01-19 00:52:31", "elapsed": 2445.054934, "delta": 0.002747}}
{"target": -17.677130995783283, "params": {"gamma": 979.0540575144224, "log10_alpha": -4.5219053235311595, "log10_colsample_bytree": -0.9638127009532793, "log10_eta": -3.366905039742402, "log10_lambda": -0.8417651073786425, "log10_min_child_weight": 4.632053214781488, "log10_subsample": -0.2635123578817026, "max_depth": 4.0, "num_boost_round": 34.0}, "datetime": {"datetime": "2024-01-19 00:52:31", "elapsed": 2445.057753, "delta": 0.002819}}
{"target": -17.67712977512859, "params": {"gamma": 979.0540575144224, "log10_alpha": -4.5219053235311595, "log10_colsample_bytree": -0.9638127009532793, "log10_eta": -3.366905039742402, "log10_lambda": -0.8417651073786425, "log10_min_child_weight": 4.632053214781488, "log10_subsample": -0.2635123578817026, "max_depth": 4.0, "num_boost_round": 35.0}, "datetime": {"datetime": "2024-01-19 00:52:31", "elapsed": 2445.060557, "delta": 0.002804}}
{"target": -17.677169226323944, "params": {"gamma": 982.4050544656029, "log10_alpha": -4.0286322120030285, "log10_colsample_bytree": -0.58590762912973, "log10_eta": -2.7301065271732847, "log10_lambda": -1.2954947695674646, "log10_min_child_weight": 4.064178269164958, "log10_subsample": -0.11112828598688174, "max_depth": 8.0, "num_boost_round": 0.0}, "datetime": {"datetime": "2024-01-19 00:53:04", "elapsed": 2477.859033, "delta": 32.798476}}
{"target": -17.677150975114955, "params": {"gamma": 982.4050544656029, "log10_alpha": -4.0286322120030285, "log10_colsample_bytree": -0.58590762912973, "log10_eta": -2.7301065271732847, "log10_lambda": -1.2954947695674646, "log10_min_child_weight": 4.064178269164958, "log10_subsample": -0.11112828598688174, "max_depth": 8.0, "num_boost_round": 1.0}, "datetime": {"datetime": "2024-01-19 00:53:04", "elapsed": 2477.862761, "delta": 0.003728}}
{"target": -17.677055967180202, "params": {"gamma": 982.4050544656029, "log10_alpha": -4.0286322120030285, "log10_colsample_bytree": -0.58590762912973, "log10_eta": -2.7301065271732847, "log10_lambda": -1.2954947695674646, "log10_min_child_weight": 4.064178269164958, "log10_subsample": -0.11112828598688174, "max_depth": 8.0, "num_boost_round": 2.0}, "datetime": {"datetime": "2024-01-19 00:53:04", "elapsed": 2477.866031, "delta": 0.00327}}
{"target": -17.677039769855245, "params": {"gamma": 982.4050544656029, "log10_alpha": -4.0286322120030285, "log10_colsample_bytree": -0.58590762912973, "log10_eta": -2.7301065271732847, "log10_lambda": -1.2954947695674646, "log10_min_child_weight": 4.064178269164958, "log10_subsample": -0.11112828598688174, "max_depth": 8.0, "num_boost_round": 3.0}, "datetime": {"datetime": "2024-01-19 00:53:04", "elapsed": 2477.868907, "delta": 0.002876}}
{"target": -17.676983910352714, "params": {"gamma": 982.4050544656029, "log10_alpha": -4.0286322120030285, "log10_colsample_bytree": -0.58590762912973, "log10_eta": -2.7301065271732847, "log10_lambda": -1.2954947695674646, "log10_min_child_weight": 4.064178269164958, "log10_subsample": -0.11112828598688174, "max_depth": 8.0, "num_boost_round": 4.0}, "datetime": {"datetime": "2024-01-19 00:53:04", "elapsed": 2477.87181, "delta": 0.002903}}
{"target": -17.676950902893633, "params": {"gamma": 982.4050544656029, "log10_alpha": -4.0286322120030285, "log10_colsample_bytree": -0.58590762912973, "log10_eta": -2.7301065271732847, "log10_lambda": -1.2954947695674646, "log10_min_child_weight": 4.064178269164958, "log10_subsample": -0.11112828598688174, "max_depth": 8.0, "num_boost_round": 5.0}, "datetime": {"datetime": "2024-01-19 00:53:04", "elapsed": 2477.874534, "delta": 0.002724}}
{"target": -17.67690913089995, "params": {"gamma": 982.4050544656029, "log10_alpha": -4.0286322120030285, "log10_colsample_bytree": -0.58590762912973, "log10_eta": -2.7301065271732847, "log10_lambda": -1.2954947695674646, "log10_min_child_weight": 4.064178269164958, "log10_subsample": -0.11112828598688174, "max_depth": 8.0, "num_boost_round": 6.0}, "datetime": {"datetime": "2024-01-19 00:53:04", "elapsed": 2477.877309, "delta": 0.002775}}
{"target": -17.67689793620321, "params": {"gamma": 982.4050544656029, "log10_alpha": -4.0286322120030285, "log10_colsample_bytree": -0.58590762912973, "log10_eta": -2.7301065271732847, "log10_lambda": -1.2954947695674646, "log10_min_child_weight": 4.064178269164958, "log10_subsample": -0.11112828598688174, "max_depth": 8.0, "num_boost_round": 7.0}, "datetime": {"datetime": "2024-01-19 00:53:04", "elapsed": 2477.880032, "delta": 0.002723}}
{"target": -17.676819015084526, "params": {"gamma": 982.4050544656029, "log10_alpha": -4.0286322120030285, "log10_colsample_bytree": -0.58590762912973, "log10_eta": -2.7301065271732847, "log10_lambda": -1.2954947695674646, "log10_min_child_weight": 4.064178269164958, "log10_subsample": -0.11112828598688174, "max_depth": 8.0, "num_boost_round": 8.0}, "datetime": {"datetime": "2024-01-19 00:53:04", "elapsed": 2477.882833, "delta": 0.002801}}
{"target": -17.6767442198646, "params": {"gamma": 982.4050544656029, "log10_alpha": -4.0286322120030285, "log10_colsample_bytree": -0.58590762912973, "log10_eta": -2.7301065271732847, "log10_lambda": -1.2954947695674646, "log10_min_child_weight": 4.064178269164958, "log10_subsample": -0.11112828598688174, "max_depth": 8.0, "num_boost_round": 9.0}, "datetime": {"datetime": "2024-01-19 00:53:04", "elapsed": 2477.885556, "delta": 0.002723}}
{"target": -17.676700419553697, "params": {"gamma": 982.4050544656029, "log10_alpha": -4.0286322120030285, "log10_colsample_bytree": -0.58590762912973, "log10_eta": -2.7301065271732847, "log10_lambda": -1.2954947695674646, "log10_min_child_weight": 4.064178269164958, "log10_subsample": -0.11112828598688174, "max_depth": 8.0, "num_boost_round": 10.0}, "datetime": {"datetime": "2024-01-19 00:53:04", "elapsed": 2477.888305, "delta": 0.002749}}
{"target": -17.676665707660835, "params": {"gamma": 982.4050544656029, "log10_alpha": -4.0286322120030285, "log10_colsample_bytree": -0.58590762912973, "log10_eta": -2.7301065271732847, "log10_lambda": -1.2954947695674646, "log10_min_child_weight": 4.064178269164958, "log10_subsample": -0.11112828598688174, "max_depth": 8.0, "num_boost_round": 11.0}, "datetime": {"datetime": "2024-01-19 00:53:04", "elapsed": 2477.891184, "delta": 0.002879}}
{"target": -17.676579455499237, "params": {"gamma": 982.4050544656029, "log10_alpha": -4.0286322120030285, "log10_colsample_bytree": -0.58590762912973, "log10_eta": -2.7301065271732847, "log10_lambda": -1.2954947695674646, "log10_min_child_weight": 4.064178269164958, "log10_subsample": -0.11112828598688174, "max_depth": 8.0, "num_boost_round": 12.0}, "datetime": {"datetime": "2024-01-19 00:53:04", "elapsed": 2477.893938, "delta": 0.002754}}
{"target": -17.676530306864333, "params": {"gamma": 982.4050544656029, "log10_alpha": -4.0286322120030285, "log10_colsample_bytree": -0.58590762912973, "log10_eta": -2.7301065271732847, "log10_lambda": -1.2954947695674646, "log10_min_child_weight": 4.064178269164958, "log10_subsample": -0.11112828598688174, "max_depth": 8.0, "num_boost_round": 13.0}, "datetime": {"datetime": "2024-01-19 00:53:04", "elapsed": 2477.896687, "delta": 0.002749}}
{"target": -17.676531062121857, "params": {"gamma": 982.4050544656029, "log10_alpha": -4.0286322120030285, "log10_colsample_bytree": -0.58590762912973, "log10_eta": -2.7301065271732847, "log10_lambda": -1.2954947695674646, "log10_min_child_weight": 4.064178269164958, "log10_subsample": -0.11112828598688174, "max_depth": 8.0, "num_boost_round": 14.0}, "datetime": {"datetime": "2024-01-19 00:53:04", "elapsed": 2477.899423, "delta": 0.002736}}
{"target": -17.676491550294845, "params": {"gamma": 982.4050544656029, "log10_alpha": -4.0286322120030285, "log10_colsample_bytree": -0.58590762912973, "log10_eta": -2.7301065271732847, "log10_lambda": -1.2954947695674646, "log10_min_child_weight": 4.064178269164958, "log10_subsample": -0.11112828598688174, "max_depth": 8.0, "num_boost_round": 15.0}, "datetime": {"datetime": "2024-01-19 00:53:04", "elapsed": 2477.902277, "delta": 0.002854}}
{"target": -17.6765015151157, "params": {"gamma": 982.4050544656029, "log10_alpha": -4.0286322120030285, "log10_colsample_bytree": -0.58590762912973, "log10_eta": -2.7301065271732847, "log10_lambda": -1.2954947695674646, "log10_min_child_weight": 4.064178269164958, "log10_subsample": -0.11112828598688174, "max_depth": 8.0, "num_boost_round": 16.0}, "datetime": {"datetime": "2024-01-19 00:53:04", "elapsed": 2477.90505, "delta": 0.002773}}
{"target": -17.676541086222947, "params": {"gamma": 982.4050544656029, "log10_alpha": -4.0286322120030285, "log10_colsample_bytree": -0.58590762912973, "log10_eta": -2.7301065271732847, "log10_lambda": -1.2954947695674646, "log10_min_child_weight": 4.064178269164958, "log10_subsample": -0.11112828598688174, "max_depth": 8.0, "num_boost_round": 17.0}, "datetime": {"datetime": "2024-01-19 00:53:04", "elapsed": 2477.907807, "delta": 0.002757}}
{"target": -17.676522457719727, "params": {"gamma": 982.4050544656029, "log10_alpha": -4.0286322120030285, "log10_colsample_bytree": -0.58590762912973, "log10_eta": -2.7301065271732847, "log10_lambda": -1.2954947695674646, "log10_min_child_weight": 4.064178269164958, "log10_subsample": -0.11112828598688174, "max_depth": 8.0, "num_boost_round": 18.0}, "datetime": {"datetime": "2024-01-19 00:53:04", "elapsed": 2477.910714, "delta": 0.002907}}
{"target": -17.67647362360481, "params": {"gamma": 982.4050544656029, "log10_alpha": -4.0286322120030285, "log10_colsample_bytree": -0.58590762912973, "log10_eta": -2.7301065271732847, "log10_lambda": -1.2954947695674646, "log10_min_child_weight": 4.064178269164958, "log10_subsample": -0.11112828598688174, "max_depth": 8.0, "num_boost_round": 19.0}, "datetime": {"datetime": "2024-01-19 00:53:04", "elapsed": 2477.913575, "delta": 0.002861}}
{"target": -17.676447680049417, "params": {"gamma": 982.4050544656029, "log10_alpha": -4.0286322120030285, "log10_colsample_bytree": -0.58590762912973, "log10_eta": -2.7301065271732847, "log10_lambda": -1.2954947695674646, "log10_min_child_weight": 4.064178269164958, "log10_subsample": -0.11112828598688174, "max_depth": 8.0, "num_boost_round": 20.0}, "datetime": {"datetime": "2024-01-19 00:53:04", "elapsed": 2477.916499, "delta": 0.002924}}
{"target": -17.676375049841315, "params": {"gamma": 982.4050544656029, "log10_alpha": -4.0286322120030285, "log10_colsample_bytree": -0.58590762912973, "log10_eta": -2.7301065271732847, "log10_lambda": -1.2954947695674646, "log10_min_child_weight": 4.064178269164958, "log10_subsample": -0.11112828598688174, "max_depth": 8.0, "num_boost_round": 21.0}, "datetime": {"datetime": "2024-01-19 00:53:04", "elapsed": 2477.91925, "delta": 0.002751}}
{"target": -17.676272402163264, "params": {"gamma": 982.4050544656029, "log10_alpha": -4.0286322120030285, "log10_colsample_bytree": -0.58590762912973, "log10_eta": -2.7301065271732847, "log10_lambda": -1.2954947695674646, "log10_min_child_weight": 4.064178269164958, "log10_subsample": -0.11112828598688174, "max_depth": 8.0, "num_boost_round": 22.0}, "datetime": {"datetime": "2024-01-19 00:53:04", "elapsed": 2477.922018, "delta": 0.002768}}
{"target": -17.676258138711013, "params": {"gamma": 982.4050544656029, "log10_alpha": -4.0286322120030285, "log10_colsample_bytree": -0.58590762912973, "log10_eta": -2.7301065271732847, "log10_lambda": -1.2954947695674646, "log10_min_child_weight": 4.064178269164958, "log10_subsample": -0.11112828598688174, "max_depth": 8.0, "num_boost_round": 23.0}, "datetime": {"datetime": "2024-01-19 00:53:04", "elapsed": 2477.924809, "delta": 0.002791}}
{"target": -17.676238826942473, "params": {"gamma": 982.4050544656029, "log10_alpha": -4.0286322120030285, "log10_colsample_bytree": -0.58590762912973, "log10_eta": -2.7301065271732847, "log10_lambda": -1.2954947695674646, "log10_min_child_weight": 4.064178269164958, "log10_subsample": -0.11112828598688174, "max_depth": 8.0, "num_boost_round": 24.0}, "datetime": {"datetime": "2024-01-19 00:53:04", "elapsed": 2477.927545, "delta": 0.002736}}
{"target": -17.676181818253443, "params": {"gamma": 982.4050544656029, "log10_alpha": -4.0286322120030285, "log10_colsample_bytree": -0.58590762912973, "log10_eta": -2.7301065271732847, "log10_lambda": -1.2954947695674646, "log10_min_child_weight": 4.064178269164958, "log10_subsample": -0.11112828598688174, "max_depth": 8.0, "num_boost_round": 25.0}, "datetime": {"datetime": "2024-01-19 00:53:04", "elapsed": 2477.930315, "delta": 0.00277}}
{"target": -17.676192428731337, "params": {"gamma": 982.4050544656029, "log10_alpha": -4.0286322120030285, "log10_colsample_bytree": -0.58590762912973, "log10_eta": -2.7301065271732847, "log10_lambda": -1.2954947695674646, "log10_min_child_weight": 4.064178269164958, "log10_subsample": -0.11112828598688174, "max_depth": 8.0, "num_boost_round": 26.0}, "datetime": {"datetime": "2024-01-19 00:53:04", "elapsed": 2477.933223, "delta": 0.002908}}
{"target": -17.67618800256282, "params": {"gamma": 982.4050544656029, "log10_alpha": -4.0286322120030285, "log10_colsample_bytree": -0.58590762912973, "log10_eta": -2.7301065271732847, "log10_lambda": -1.2954947695674646, "log10_min_child_weight": 4.064178269164958, "log10_subsample": -0.11112828598688174, "max_depth": 8.0, "num_boost_round": 27.0}, "datetime": {"datetime": "2024-01-19 00:53:04", "elapsed": 2477.936033, "delta": 0.00281}}
{"target": -17.676870039820848, "params": {"gamma": 969.7571090875434, "log10_alpha": -0.8757514531359636, "log10_colsample_bytree": -0.38366268505489, "log10_eta": -0.920385151509191, "log10_lambda": 0.5329425272694168, "log10_min_child_weight": 4.993463344731868, "log10_subsample": -0.7971453699526762, "max_depth": 8.0, "num_boost_round": 0.0}, "datetime": {"datetime": "2024-01-19 00:53:42", "elapsed": 2516.1061, "delta": 38.170067}}
