{"target": -13.757933426793986, "params": {"gamma": 734.8033638329201, "log10_alpha": -4.411547564919645, "log10_colsample_bytree": -0.4161332443575356, "log10_eta": -2.6157574161841475, "log10_lambda": 0.9364458553631616, "log10_min_child_weight": 3.0929028486570216, "log10_subsample": -0.41311123284221807, "max_depth": 7.0, "num_boost_round": 16.0}, "datetime": {"datetime": "2024-01-19 02:22:10", "elapsed": 7838.047947, "delta": 0.0096}}
{"target": -13.757924617314458, "params": {"gamma": 734.8033638329201, "log10_alpha": -4.411547564919645, "log10_colsample_bytree": -0.4161332443575356, "log10_eta": -2.6157574161841475, "log10_lambda": 0.9364458553631616, "log10_min_child_weight": 3.0929028486570216, "log10_subsample": -0.41311123284221807, "max_depth": 7.0, "num_boost_round": 17.0}, "datetime": {"datetime": "2024-01-19 02:22:10", "elapsed": 7838.056285, "delta": 0.008338}}
{"target": -13.75786452733993, "params": {"gamma": 734.8033638329201, "log10_alpha": -4.411547564919645, "log10_colsample_bytree": -0.4161332443575356, "log10_eta": -2.6157574161841475, "log10_lambda": 0.9364458553631616, "log10_min_child_weight": 3.0929028486570216, "log10_subsample": -0.41311123284221807, "max_depth": 7.0, "num_boost_round": 18.0}, "datetime": {"datetime": "2024-01-19 02:22:10", "elapsed": 7838.064294, "delta": 0.008009}}
{"target": -13.757814803676393, "params": {"gamma": 734.8033638329201, "log10_alpha": -4.411547564919645, "log10_colsample_bytree": -0.4161332443575356, "log10_eta": -2.6157574161841475, "log10_lambda": 0.9364458553631616, "log10_min_child_weight": 3.0929028486570216, "log10_subsample": -0.41311123284221807, "max_depth": 7.0, "num_boost_round": 19.0}, "datetime": {"datetime": "2024-01-19 02:22:10", "elapsed": 7838.072272, "delta": 0.007978}}
{"target": -13.75772585176581, "params": {"gamma": 734.8033638329201, "log10_alpha": -4.411547564919645, "log10_colsample_bytree": -0.4161332443575356, "log10_eta": -2.6157574161841475, "log10_lambda": 0.9364458553631616, "log10_min_child_weight": 3.0929028486570216, "log10_subsample": -0.41311123284221807, "max_depth": 7.0, "num_boost_round": 20.0}, "datetime": {"datetime": "2024-01-19 02:22:10", "elapsed": 7838.080057, "delta": 0.007785}}
{"target": -13.757703556281788, "params": {"gamma": 734.8033638329201, "log10_alpha": -4.411547564919645, "log10_colsample_bytree": -0.4161332443575356, "log10_eta": -2.6157574161841475, "log10_lambda": 0.9364458553631616, "log10_min_child_weight": 3.0929028486570216, "log10_subsample": -0.41311123284221807, "max_depth": 7.0, "num_boost_round": 21.0}, "datetime": {"datetime": "2024-01-19 02:22:10", "elapsed": 7838.087897, "delta": 0.00784}}
{"target": -13.757709346235535, "params": {"gamma": 734.8033638329201, "log10_alpha": -4.411547564919645, "log10_colsample_bytree": -0.4161332443575356, "log10_eta": -2.6157574161841475, "log10_lambda": 0.9364458553631616, "log10_min_child_weight": 3.0929028486570216, "log10_subsample": -0.41311123284221807, "max_depth": 7.0, "num_boost_round": 22.0}, "datetime": {"datetime": "2024-01-19 02:22:10", "elapsed": 7838.095675, "delta": 0.007778}}
{"target": -13.757623428124747, "params": {"gamma": 734.8033638329201, "log10_alpha": -4.411547564919645, "log10_colsample_bytree": -0.4161332443575356, "log10_eta": -2.6157574161841475, "log10_lambda": 0.9364458553631616, "log10_min_child_weight": 3.0929028486570216, "log10_subsample": -0.41311123284221807, "max_depth": 7.0, "num_boost_round": 23.0}, "datetime": {"datetime": "2024-01-19 02:22:10", "elapsed": 7838.104098, "delta": 0.008423}}
{"target": -13.757572103950912, "params": {"gamma": 734.8033638329201, "log10_alpha": -4.411547564919645, "log10_colsample_bytree": -0.4161332443575356, "log10_eta": -2.6157574161841475, "log10_lambda": 0.9364458553631616, "log10_min_child_weight": 3.0929028486570216, "log10_subsample": -0.41311123284221807, "max_depth": 7.0, "num_boost_round": 24.0}, "datetime": {"datetime": "2024-01-19 02:22:10", "elapsed": 7838.112071, "delta": 0.007973}}
{"target": -13.757517546075446, "params": {"gamma": 734.8033638329201, "log10_alpha": -4.411547564919645, "log10_colsample_bytree": -0.4161332443575356, "log10_eta": -2.6157574161841475, "log10_lambda": 0.9364458553631616, "log10_min_child_weight": 3.0929028486570216, "log10_subsample": -0.41311123284221807, "max_depth": 7.0, "num_boost_round": 25.0}, "datetime": {"datetime": "2024-01-19 02:22:10", "elapsed": 7838.120453, "delta": 0.008382}}
{"target": -13.757477963577335, "params": {"gamma": 734.8033638329201, "log10_alpha": -4.411547564919645, "log10_colsample_bytree": -0.4161332443575356, "log10_eta": -2.6157574161841475, "log10_lambda": 0.9364458553631616, "log10_min_child_weight": 3.0929028486570216, "log10_subsample": -0.41311123284221807, "max_depth": 7.0, "num_boost_round": 26.0}, "datetime": {"datetime": "2024-01-19 02:22:10", "elapsed": 7838.128209, "delta": 0.007756}}
{"target": -13.757409933311022, "params": {"gamma": 734.8033638329201, "log10_alpha": -4.411547564919645, "log10_colsample_bytree": -0.4161332443575356, "log10_eta": -2.6157574161841475, "log10_lambda": 0.9364458553631616, "log10_min_child_weight": 3.0929028486570216, "log10_subsample": -0.41311123284221807, "max_depth": 7.0, "num_boost_round": 27.0}, "datetime": {"datetime": "2024-01-19 02:22:10", "elapsed": 7838.136599, "delta": 0.00839}}
{"target": -13.757411951451438, "params": {"gamma": 734.8033638329201, "log10_alpha": -4.411547564919645, "log10_colsample_bytree": -0.4161332443575356, "log10_eta": -2.6157574161841475, "log10_lambda": 0.9364458553631616, "log10_min_child_weight": 3.0929028486570216, "log10_subsample": -0.41311123284221807, "max_depth": 7.0, "num_boost_round": 28.0}, "datetime": {"datetime": "2024-01-19 02:22:10", "elapsed": 7838.14504, "delta": 0.008441}}
{"target": -13.75734328360965, "params": {"gamma": 734.8033638329201, "log10_alpha": -4.411547564919645, "log10_colsample_bytree": -0.4161332443575356, "log10_eta": -2.6157574161841475, "log10_lambda": 0.9364458553631616, "log10_min_child_weight": 3.0929028486570216, "log10_subsample": -0.41311123284221807, "max_depth": 7.0, "num_boost_round": 29.0}, "datetime": {"datetime": "2024-01-19 02:22:10", "elapsed": 7838.153333, "delta": 0.008293}}
{"target": -13.757413979446778, "params": {"gamma": 734.8033638329201, "log10_alpha": -4.411547564919645, "log10_colsample_bytree": -0.4161332443575356, "log10_eta": -2.6157574161841475, "log10_lambda": 0.9364458553631616, "log10_min_child_weight": 3.0929028486570216, "log10_subsample": -0.41311123284221807, "max_depth": 7.0, "num_boost_round": 30.0}, "datetime": {"datetime": "2024-01-19 02:22:10", "elapsed": 7838.161105, "delta": 0.007772}}
{"target": -13.757355203698634, "params": {"gamma": 734.8033638329201, "log10_alpha": -4.411547564919645, "log10_colsample_bytree": -0.4161332443575356, "log10_eta": -2.6157574161841475, "log10_lambda": 0.9364458553631616, "log10_min_child_weight": 3.0929028486570216, "log10_subsample": -0.41311123284221807, "max_depth": 7.0, "num_boost_round": 31.0}, "datetime": {"datetime": "2024-01-19 02:22:10", "elapsed": 7838.282066, "delta": 0.120961}}
{"target": -13.757361064436875, "params": {"gamma": 734.8033638329201, "log10_alpha": -4.411547564919645, "log10_colsample_bytree": -0.4161332443575356, "log10_eta": -2.6157574161841475, "log10_lambda": 0.9364458553631616, "log10_min_child_weight": 3.0929028486570216, "log10_subsample": -0.41311123284221807, "max_depth": 7.0, "num_boost_round": 32.0}, "datetime": {"datetime": "2024-01-19 02:22:10", "elapsed": 7838.290901, "delta": 0.008835}}
{"target": -13.757359608178016, "params": {"gamma": 734.8033638329201, "log10_alpha": -4.411547564919645, "log10_colsample_bytree": -0.4161332443575356, "log10_eta": -2.6157574161841475, "log10_lambda": 0.9364458553631616, "log10_min_child_weight": 3.0929028486570216, "log10_subsample": -0.41311123284221807, "max_depth": 7.0, "num_boost_round": 33.0}, "datetime": {"datetime": "2024-01-19 02:22:10", "elapsed": 7838.298943, "delta": 0.008042}}
{"target": -13.757377524559251, "params": {"gamma": 734.8033638329201, "log10_alpha": -4.411547564919645, "log10_colsample_bytree": -0.4161332443575356, "log10_eta": -2.6157574161841475, "log10_lambda": 0.9364458553631616, "log10_min_child_weight": 3.0929028486570216, "log10_subsample": -0.41311123284221807, "max_depth": 7.0, "num_boost_round": 34.0}, "datetime": {"datetime": "2024-01-19 02:22:10", "elapsed": 7838.306726, "delta": 0.007783}}
{"target": -13.757391929360695, "params": {"gamma": 734.8033638329201, "log10_alpha": -4.411547564919645, "log10_colsample_bytree": -0.4161332443575356, "log10_eta": -2.6157574161841475, "log10_lambda": 0.9364458553631616, "log10_min_child_weight": 3.0929028486570216, "log10_subsample": -0.41311123284221807, "max_depth": 7.0, "num_boost_round": 35.0}, "datetime": {"datetime": "2024-01-19 02:22:10", "elapsed": 7838.314502, "delta": 0.007776}}
{"target": -13.757421867418273, "params": {"gamma": 734.8033638329201, "log10_alpha": -4.411547564919645, "log10_colsample_bytree": -0.4161332443575356, "log10_eta": -2.6157574161841475, "log10_lambda": 0.9364458553631616, "log10_min_child_weight": 3.0929028486570216, "log10_subsample": -0.41311123284221807, "max_depth": 7.0, "num_boost_round": 36.0}, "datetime": {"datetime": "2024-01-19 02:22:10", "elapsed": 7838.322468, "delta": 0.007966}}
{"target": -13.757437142361601, "params": {"gamma": 734.8033638329201, "log10_alpha": -4.411547564919645, "log10_colsample_bytree": -0.4161332443575356, "log10_eta": -2.6157574161841475, "log10_lambda": 0.9364458553631616, "log10_min_child_weight": 3.0929028486570216, "log10_subsample": -0.41311123284221807, "max_depth": 7.0, "num_boost_round": 37.0}, "datetime": {"datetime": "2024-01-19 02:22:10", "elapsed": 7838.330253, "delta": 0.007785}}
{"target": -13.75741317555774, "params": {"gamma": 734.8033638329201, "log10_alpha": -4.411547564919645, "log10_colsample_bytree": -0.4161332443575356, "log10_eta": -2.6157574161841475, "log10_lambda": 0.9364458553631616, "log10_min_child_weight": 3.0929028486570216, "log10_subsample": -0.41311123284221807, "max_depth": 7.0, "num_boost_round": 38.0}, "datetime": {"datetime": "2024-01-19 02:22:10", "elapsed": 7838.338266, "delta": 0.008013}}
{"target": -13.75736136994296, "params": {"gamma": 734.8033638329201, "log10_alpha": -4.411547564919645, "log10_colsample_bytree": -0.4161332443575356, "log10_eta": -2.6157574161841475, "log10_lambda": 0.9364458553631616, "log10_min_child_weight": 3.0929028486570216, "log10_subsample": -0.41311123284221807, "max_depth": 7.0, "num_boost_round": 39.0}, "datetime": {"datetime": "2024-01-19 02:22:10", "elapsed": 7838.346339, "delta": 0.008073}}
{"target": -13.757328154416472, "params": {"gamma": 734.8033638329201, "log10_alpha": -4.411547564919645, "log10_colsample_bytree": -0.4161332443575356, "log10_eta": -2.6157574161841475, "log10_lambda": 0.9364458553631616, "log10_min_child_weight": 3.0929028486570216, "log10_subsample": -0.41311123284221807, "max_depth": 7.0, "num_boost_round": 40.0}, "datetime": {"datetime": "2024-01-19 02:22:10", "elapsed": 7838.354983, "delta": 0.008644}}
{"target": -13.757231025899262, "params": {"gamma": 734.8033638329201, "log10_alpha": -4.411547564919645, "log10_colsample_bytree": -0.4161332443575356, "log10_eta": -2.6157574161841475, "log10_lambda": 0.9364458553631616, "log10_min_child_weight": 3.0929028486570216, "log10_subsample": -0.41311123284221807, "max_depth": 7.0, "num_boost_round": 41.0}, "datetime": {"datetime": "2024-01-19 02:22:10", "elapsed": 7838.362803, "delta": 0.00782}}
{"target": -13.75723229317095, "params": {"gamma": 734.8033638329201, "log10_alpha": -4.411547564919645, "log10_colsample_bytree": -0.4161332443575356, "log10_eta": -2.6157574161841475, "log10_lambda": 0.9364458553631616, "log10_min_child_weight": 3.0929028486570216, "log10_subsample": -0.41311123284221807, "max_depth": 7.0, "num_boost_round": 42.0}, "datetime": {"datetime": "2024-01-19 02:22:10", "elapsed": 7838.370906, "delta": 0.008103}}
{"target": -13.757213668783757, "params": {"gamma": 734.8033638329201, "log10_alpha": -4.411547564919645, "log10_colsample_bytree": -0.4161332443575356, "log10_eta": -2.6157574161841475, "log10_lambda": 0.9364458553631616, "log10_min_child_weight": 3.0929028486570216, "log10_subsample": -0.41311123284221807, "max_depth": 7.0, "num_boost_round": 43.0}, "datetime": {"datetime": "2024-01-19 02:22:10", "elapsed": 7838.37911, "delta": 0.008204}}
{"target": -13.757149624472934, "params": {"gamma": 734.8033638329201, "log10_alpha": -4.411547564919645, "log10_colsample_bytree": -0.4161332443575356, "log10_eta": -2.6157574161841475, "log10_lambda": 0.9364458553631616, "log10_min_child_weight": 3.0929028486570216, "log10_subsample": -0.41311123284221807, "max_depth": 7.0, "num_boost_round": 44.0}, "datetime": {"datetime": "2024-01-19 02:22:10", "elapsed": 7838.386976, "delta": 0.007866}}
{"target": -13.75716499486151, "params": {"gamma": 734.8033638329201, "log10_alpha": -4.411547564919645, "log10_colsample_bytree": -0.4161332443575356, "log10_eta": -2.6157574161841475, "log10_lambda": 0.9364458553631616, "log10_min_child_weight": 3.0929028486570216, "log10_subsample": -0.41311123284221807, "max_depth": 7.0, "num_boost_round": 45.0}, "datetime": {"datetime": "2024-01-19 02:22:10", "elapsed": 7838.3946, "delta": 0.007624}}
{"target": -13.75707428539043, "params": {"gamma": 734.8033638329201, "log10_alpha": -4.411547564919645, "log10_colsample_bytree": -0.4161332443575356, "log10_eta": -2.6157574161841475, "log10_lambda": 0.9364458553631616, "log10_min_child_weight": 3.0929028486570216, "log10_subsample": -0.41311123284221807, "max_depth": 7.0, "num_boost_round": 46.0}, "datetime": {"datetime": "2024-01-19 02:22:10", "elapsed": 7838.402265, "delta": 0.007665}}
{"target": -13.757009666581242, "params": {"gamma": 734.8033638329201, "log10_alpha": -4.411547564919645, "log10_colsample_bytree": -0.4161332443575356, "log10_eta": -2.6157574161841475, "log10_lambda": 0.9364458553631616, "log10_min_child_weight": 3.0929028486570216, "log10_subsample": -0.41311123284221807, "max_depth": 7.0, "num_boost_round": 47.0}, "datetime": {"datetime": "2024-01-19 02:22:10", "elapsed": 7838.4104, "delta": 0.008135}}
{"target": -13.757015383973803, "params": {"gamma": 734.8033638329201, "log10_alpha": -4.411547564919645, "log10_colsample_bytree": -0.4161332443575356, "log10_eta": -2.6157574161841475, "log10_lambda": 0.9364458553631616, "log10_min_child_weight": 3.0929028486570216, "log10_subsample": -0.41311123284221807, "max_depth": 7.0, "num_boost_round": 48.0}, "datetime": {"datetime": "2024-01-19 02:22:10", "elapsed": 7838.418404, "delta": 0.008004}}
{"target": -13.756997219070739, "params": {"gamma": 734.8033638329201, "log10_alpha": -4.411547564919645, "log10_colsample_bytree": -0.4161332443575356, "log10_eta": -2.6157574161841475, "log10_lambda": 0.9364458553631616, "log10_min_child_weight": 3.0929028486570216, "log10_subsample": -0.41311123284221807, "max_depth": 7.0, "num_boost_round": 49.0}, "datetime": {"datetime": "2024-01-19 02:22:10", "elapsed": 7838.426655, "delta": 0.008251}}
{"target": -13.757053231999345, "params": {"gamma": 734.8033638329201, "log10_alpha": -4.411547564919645, "log10_colsample_bytree": -0.4161332443575356, "log10_eta": -2.6157574161841475, "log10_lambda": 0.9364458553631616, "log10_min_child_weight": 3.0929028486570216, "log10_subsample": -0.41311123284221807, "max_depth": 7.0, "num_boost_round": 50.0}, "datetime": {"datetime": "2024-01-19 02:22:10", "elapsed": 7838.434326, "delta": 0.007671}}
{"target": -13.757032818739217, "params": {"gamma": 734.8033638329201, "log10_alpha": -4.411547564919645, "log10_colsample_bytree": -0.4161332443575356, "log10_eta": -2.6157574161841475, "log10_lambda": 0.9364458553631616, "log10_min_child_weight": 3.0929028486570216, "log10_subsample": -0.41311123284221807, "max_depth": 7.0, "num_boost_round": 51.0}, "datetime": {"datetime": "2024-01-19 02:22:10", "elapsed": 7838.441968, "delta": 0.007642}}
{"target": -13.757005457943217, "params": {"gamma": 734.8033638329201, "log10_alpha": -4.411547564919645, "log10_colsample_bytree": -0.4161332443575356, "log10_eta": -2.6157574161841475, "log10_lambda": 0.9364458553631616, "log10_min_child_weight": 3.0929028486570216, "log10_subsample": -0.41311123284221807, "max_depth": 7.0, "num_boost_round": 52.0}, "datetime": {"datetime": "2024-01-19 02:22:10", "elapsed": 7838.449496, "delta": 0.007528}}
{"target": -13.757061304845813, "params": {"gamma": 734.8033638329201, "log10_alpha": -4.411547564919645, "log10_colsample_bytree": -0.4161332443575356, "log10_eta": -2.6157574161841475, "log10_lambda": 0.9364458553631616, "log10_min_child_weight": 3.0929028486570216, "log10_subsample": -0.41311123284221807, "max_depth": 7.0, "num_boost_round": 53.0}, "datetime": {"datetime": "2024-01-19 02:22:10", "elapsed": 7838.457336, "delta": 0.00784}}
{"target": -13.757029581955166, "params": {"gamma": 734.8033638329201, "log10_alpha": -4.411547564919645, "log10_colsample_bytree": -0.4161332443575356, "log10_eta": -2.6157574161841475, "log10_lambda": 0.9364458553631616, "log10_min_child_weight": 3.0929028486570216, "log10_subsample": -0.41311123284221807, "max_depth": 7.0, "num_boost_round": 54.0}, "datetime": {"datetime": "2024-01-19 02:22:10", "elapsed": 7838.46511, "delta": 0.007774}}
{"target": -13.757017656028829, "params": {"gamma": 734.8033638329201, "log10_alpha": -4.411547564919645, "log10_colsample_bytree": -0.4161332443575356, "log10_eta": -2.6157574161841475, "log10_lambda": 0.9364458553631616, "log10_min_child_weight": 3.0929028486570216, "log10_subsample": -0.41311123284221807, "max_depth": 7.0, "num_boost_round": 55.0}, "datetime": {"datetime": "2024-01-19 02:22:10", "elapsed": 7838.474107, "delta": 0.008997}}
{"target": -13.75698639553124, "params": {"gamma": 734.8033638329201, "log10_alpha": -4.411547564919645, "log10_colsample_bytree": -0.4161332443575356, "log10_eta": -2.6157574161841475, "log10_lambda": 0.9364458553631616, "log10_min_child_weight": 3.0929028486570216, "log10_subsample": -0.41311123284221807, "max_depth": 7.0, "num_boost_round": 56.0}, "datetime": {"datetime": "2024-01-19 02:22:10", "elapsed": 7838.482699, "delta": 0.008592}}
{"target": -13.757004826162397, "params": {"gamma": 734.8033638329201, "log10_alpha": -4.411547564919645, "log10_colsample_bytree": -0.4161332443575356, "log10_eta": -2.6157574161841475, "log10_lambda": 0.9364458553631616, "log10_min_child_weight": 3.0929028486570216, "log10_subsample": -0.41311123284221807, "max_depth": 7.0, "num_boost_round": 57.0}, "datetime": {"datetime": "2024-01-19 02:22:10", "elapsed": 7838.490882, "delta": 0.008183}}
{"target": -13.757011106660682, "params": {"gamma": 734.8033638329201, "log10_alpha": -4.411547564919645, "log10_colsample_bytree": -0.4161332443575356, "log10_eta": -2.6157574161841475, "log10_lambda": 0.9364458553631616, "log10_min_child_weight": 3.0929028486570216, "log10_subsample": -0.41311123284221807, "max_depth": 7.0, "num_boost_round": 58.0}, "datetime": {"datetime": "2024-01-19 02:22:10", "elapsed": 7838.498777, "delta": 0.007895}}
{"target": -13.756906624566248, "params": {"gamma": 734.8033638329201, "log10_alpha": -4.411547564919645, "log10_colsample_bytree": -0.4161332443575356, "log10_eta": -2.6157574161841475, "log10_lambda": 0.9364458553631616, "log10_min_child_weight": 3.0929028486570216, "log10_subsample": -0.41311123284221807, "max_depth": 7.0, "num_boost_round": 59.0}, "datetime": {"datetime": "2024-01-19 02:22:10", "elapsed": 7838.506531, "delta": 0.007754}}
{"target": -13.756896743417414, "params": {"gamma": 734.8033638329201, "log10_alpha": -4.411547564919645, "log10_colsample_bytree": -0.4161332443575356, "log10_eta": -2.6157574161841475, "log10_lambda": 0.9364458553631616, "log10_min_child_weight": 3.0929028486570216, "log10_subsample": -0.41311123284221807, "max_depth": 7.0, "num_boost_round": 60.0}, "datetime": {"datetime": "2024-01-19 02:22:10", "elapsed": 7838.514428, "delta": 0.007897}}
{"target": -13.756848789115702, "params": {"gamma": 734.8033638329201, "log10_alpha": -4.411547564919645, "log10_colsample_bytree": -0.4161332443575356, "log10_eta": -2.6157574161841475, "log10_lambda": 0.9364458553631616, "log10_min_child_weight": 3.0929028486570216, "log10_subsample": -0.41311123284221807, "max_depth": 7.0, "num_boost_round": 61.0}, "datetime": {"datetime": "2024-01-19 02:22:10", "elapsed": 7838.522113, "delta": 0.007685}}
{"target": -13.756836647354174, "params": {"gamma": 734.8033638329201, "log10_alpha": -4.411547564919645, "log10_colsample_bytree": -0.4161332443575356, "log10_eta": -2.6157574161841475, "log10_lambda": 0.9364458553631616, "log10_min_child_weight": 3.0929028486570216, "log10_subsample": -0.41311123284221807, "max_depth": 7.0, "num_boost_round": 62.0}, "datetime": {"datetime": "2024-01-19 02:22:10", "elapsed": 7838.529935, "delta": 0.007822}}
{"target": -13.756773891171383, "params": {"gamma": 734.8033638329201, "log10_alpha": -4.411547564919645, "log10_colsample_bytree": -0.4161332443575356, "log10_eta": -2.6157574161841475, "log10_lambda": 0.9364458553631616, "log10_min_child_weight": 3.0929028486570216, "log10_subsample": -0.41311123284221807, "max_depth": 7.0, "num_boost_round": 63.0}, "datetime": {"datetime": "2024-01-19 02:22:10", "elapsed": 7838.537939, "delta": 0.008004}}
{"target": -13.756738710712474, "params": {"gamma": 734.8033638329201, "log10_alpha": -4.411547564919645, "log10_colsample_bytree": -0.4161332443575356, "log10_eta": -2.6157574161841475, "log10_lambda": 0.9364458553631616, "log10_min_child_weight": 3.0929028486570216, "log10_subsample": -0.41311123284221807, "max_depth": 7.0, "num_boost_round": 64.0}, "datetime": {"datetime": "2024-01-19 02:22:10", "elapsed": 7838.546574, "delta": 0.008635}}
