{"target": -17.67721771606605, "params": {"gamma": 408.1112986746914, "log10_alpha": -4.851797163533061, "log10_colsample_bytree": -0.7374084214671158, "log10_eta": -3.949163234932203, "log10_lambda": -2.320113821162958, "log10_min_child_weight": 4.3089396366719965, "log10_subsample": -0.8475599282568437, "max_depth": 6.0, "num_boost_round": 16.0}, "datetime": {"datetime": "2024-01-19 02:24:55", "elapsed": 7988.39782, "delta": 0.006788}}
{"target": -17.677215694393738, "params": {"gamma": 408.1112986746914, "log10_alpha": -4.851797163533061, "log10_colsample_bytree": -0.7374084214671158, "log10_eta": -3.949163234932203, "log10_lambda": -2.320113821162958, "log10_min_child_weight": 4.3089396366719965, "log10_subsample": -0.8475599282568437, "max_depth": 6.0, "num_boost_round": 17.0}, "datetime": {"datetime": "2024-01-19 02:24:55", "elapsed": 7988.404962, "delta": 0.007142}}
{"target": -17.677214618387435, "params": {"gamma": 408.1112986746914, "log10_alpha": -4.851797163533061, "log10_colsample_bytree": -0.7374084214671158, "log10_eta": -3.949163234932203, "log10_lambda": -2.320113821162958, "log10_min_child_weight": 4.3089396366719965, "log10_subsample": -0.8475599282568437, "max_depth": 6.0, "num_boost_round": 18.0}, "datetime": {"datetime": "2024-01-19 02:24:55", "elapsed": 7988.4122, "delta": 0.007238}}
{"target": -17.67721250680484, "params": {"gamma": 408.1112986746914, "log10_alpha": -4.851797163533061, "log10_colsample_bytree": -0.7374084214671158, "log10_eta": -3.949163234932203, "log10_lambda": -2.320113821162958, "log10_min_child_weight": 4.3089396366719965, "log10_subsample": -0.8475599282568437, "max_depth": 6.0, "num_boost_round": 19.0}, "datetime": {"datetime": "2024-01-19 02:24:55", "elapsed": 7988.419248, "delta": 0.007048}}
{"target": -17.67721279390768, "params": {"gamma": 408.1112986746914, "log10_alpha": -4.851797163533061, "log10_colsample_bytree": -0.7374084214671158, "log10_eta": -3.949163234932203, "log10_lambda": -2.320113821162958, "log10_min_child_weight": 4.3089396366719965, "log10_subsample": -0.8475599282568437, "max_depth": 6.0, "num_boost_round": 20.0}, "datetime": {"datetime": "2024-01-19 02:24:55", "elapsed": 7988.425521, "delta": 0.006273}}
{"target": -17.677211927740426, "params": {"gamma": 408.1112986746914, "log10_alpha": -4.851797163533061, "log10_colsample_bytree": -0.7374084214671158, "log10_eta": -3.949163234932203, "log10_lambda": -2.320113821162958, "log10_min_child_weight": 4.3089396366719965, "log10_subsample": -0.8475599282568437, "max_depth": 6.0, "num_boost_round": 21.0}, "datetime": {"datetime": "2024-01-19 02:24:55", "elapsed": 7988.431504, "delta": 0.005983}}
{"target": -17.67721018934557, "params": {"gamma": 408.1112986746914, "log10_alpha": -4.851797163533061, "log10_colsample_bytree": -0.7374084214671158, "log10_eta": -3.949163234932203, "log10_lambda": -2.320113821162958, "log10_min_child_weight": 4.3089396366719965, "log10_subsample": -0.8475599282568437, "max_depth": 6.0, "num_boost_round": 22.0}, "datetime": {"datetime": "2024-01-19 02:24:55", "elapsed": 7988.43794, "delta": 0.006436}}
{"target": -17.677208773242945, "params": {"gamma": 408.1112986746914, "log10_alpha": -4.851797163533061, "log10_colsample_bytree": -0.7374084214671158, "log10_eta": -3.949163234932203, "log10_lambda": -2.320113821162958, "log10_min_child_weight": 4.3089396366719965, "log10_subsample": -0.8475599282568437, "max_depth": 6.0, "num_boost_round": 23.0}, "datetime": {"datetime": "2024-01-19 02:24:55", "elapsed": 7988.44453, "delta": 0.00659}}
{"target": -17.67720829845094, "params": {"gamma": 408.1112986746914, "log10_alpha": -4.851797163533061, "log10_colsample_bytree": -0.7374084214671158, "log10_eta": -3.949163234932203, "log10_lambda": -2.320113821162958, "log10_min_child_weight": 4.3089396366719965, "log10_subsample": -0.8475599282568437, "max_depth": 6.0, "num_boost_round": 24.0}, "datetime": {"datetime": "2024-01-19 02:24:55", "elapsed": 7988.451211, "delta": 0.006681}}
{"target": -17.677207511146236, "params": {"gamma": 408.1112986746914, "log10_alpha": -4.851797163533061, "log10_colsample_bytree": -0.7374084214671158, "log10_eta": -3.949163234932203, "log10_lambda": -2.320113821162958, "log10_min_child_weight": 4.3089396366719965, "log10_subsample": -0.8475599282568437, "max_depth": 6.0, "num_boost_round": 25.0}, "datetime": {"datetime": "2024-01-19 02:24:55", "elapsed": 7988.457326, "delta": 0.006115}}
{"target": -17.677206881836824, "params": {"gamma": 408.1112986746914, "log10_alpha": -4.851797163533061, "log10_colsample_bytree": -0.7374084214671158, "log10_eta": -3.949163234932203, "log10_lambda": -2.320113821162958, "log10_min_child_weight": 4.3089396366719965, "log10_subsample": -0.8475599282568437, "max_depth": 6.0, "num_boost_round": 26.0}, "datetime": {"datetime": "2024-01-19 02:24:55", "elapsed": 7988.463354, "delta": 0.006028}}
{"target": -17.677206159995375, "params": {"gamma": 408.1112986746914, "log10_alpha": -4.851797163533061, "log10_colsample_bytree": -0.7374084214671158, "log10_eta": -3.949163234932203, "log10_lambda": -2.320113821162958, "log10_min_child_weight": 4.3089396366719965, "log10_subsample": -0.8475599282568437, "max_depth": 6.0, "num_boost_round": 27.0}, "datetime": {"datetime": "2024-01-19 02:24:55", "elapsed": 7988.46926, "delta": 0.005906}}
{"target": -17.67720515309215, "params": {"gamma": 408.1112986746914, "log10_alpha": -4.851797163533061, "log10_colsample_bytree": -0.7374084214671158, "log10_eta": -3.949163234932203, "log10_lambda": -2.320113821162958, "log10_min_child_weight": 4.3089396366719965, "log10_subsample": -0.8475599282568437, "max_depth": 6.0, "num_boost_round": 28.0}, "datetime": {"datetime": "2024-01-19 02:24:55", "elapsed": 7988.475297, "delta": 0.006037}}
{"target": -17.67720405751822, "params": {"gamma": 408.1112986746914, "log10_alpha": -4.851797163533061, "log10_colsample_bytree": -0.7374084214671158, "log10_eta": -3.949163234932203, "log10_lambda": -2.320113821162958, "log10_min_child_weight": 4.3089396366719965, "log10_subsample": -0.8475599282568437, "max_depth": 6.0, "num_boost_round": 29.0}, "datetime": {"datetime": "2024-01-19 02:24:55", "elapsed": 7988.481422, "delta": 0.006125}}
{"target": -17.680527754434298, "params": {"gamma": 430.8393176585341, "log10_alpha": -3.940216793109857, "log10_colsample_bytree": -0.2590498279200941, "log10_eta": -0.9637379132947008, "log10_lambda": -3.852833701543303, "log10_min_child_weight": 2.3716018971968644, "log10_subsample": -0.6654619314659808, "max_depth": 8.0, "num_boost_round": 0.0}, "datetime": {"datetime": "2024-01-19 02:26:30", "elapsed": 8083.583458, "delta": 95.102036}}
{"target": -17.686714054820705, "params": {"gamma": 430.8393176585341, "log10_alpha": -3.940216793109857, "log10_colsample_bytree": -0.2590498279200941, "log10_eta": -0.9637379132947008, "log10_lambda": -3.852833701543303, "log10_min_child_weight": 2.3716018971968644, "log10_subsample": -0.6654619314659808, "max_depth": 8.0, "num_boost_round": 1.0}, "datetime": {"datetime": "2024-01-19 02:26:30", "elapsed": 8083.591316, "delta": 0.007858}}
{"target": -17.693330162244475, "params": {"gamma": 430.8393176585341, "log10_alpha": -3.940216793109857, "log10_colsample_bytree": -0.2590498279200941, "log10_eta": -0.9637379132947008, "log10_lambda": -3.852833701543303, "log10_min_child_weight": 2.3716018971968644, "log10_subsample": -0.6654619314659808, "max_depth": 8.0, "num_boost_round": 2.0}, "datetime": {"datetime": "2024-01-19 02:26:30", "elapsed": 8083.598964, "delta": 0.007648}}
{"target": -17.694394919118416, "params": {"gamma": 430.8393176585341, "log10_alpha": -3.940216793109857, "log10_colsample_bytree": -0.2590498279200941, "log10_eta": -0.9637379132947008, "log10_lambda": -3.852833701543303, "log10_min_child_weight": 2.3716018971968644, "log10_subsample": -0.6654619314659808, "max_depth": 8.0, "num_boost_round": 3.0}, "datetime": {"datetime": "2024-01-19 02:26:30", "elapsed": 8083.607439, "delta": 0.008475}}
{"target": -17.703108350650787, "params": {"gamma": 430.8393176585341, "log10_alpha": -3.940216793109857, "log10_colsample_bytree": -0.2590498279200941, "log10_eta": -0.9637379132947008, "log10_lambda": -3.852833701543303, "log10_min_child_weight": 2.3716018971968644, "log10_subsample": -0.6654619314659808, "max_depth": 8.0, "num_boost_round": 4.0}, "datetime": {"datetime": "2024-01-19 02:26:30", "elapsed": 8083.61518, "delta": 0.007741}}
{"target": -17.70552627905826, "params": {"gamma": 430.8393176585341, "log10_alpha": -3.940216793109857, "log10_colsample_bytree": -0.2590498279200941, "log10_eta": -0.9637379132947008, "log10_lambda": -3.852833701543303, "log10_min_child_weight": 2.3716018971968644, "log10_subsample": -0.6654619314659808, "max_depth": 8.0, "num_boost_round": 5.0}, "datetime": {"datetime": "2024-01-19 02:26:30", "elapsed": 8083.622865, "delta": 0.007685}}
{"target": -17.71272939734393, "params": {"gamma": 430.8393176585341, "log10_alpha": -3.940216793109857, "log10_colsample_bytree": -0.2590498279200941, "log10_eta": -0.9637379132947008, "log10_lambda": -3.852833701543303, "log10_min_child_weight": 2.3716018971968644, "log10_subsample": -0.6654619314659808, "max_depth": 8.0, "num_boost_round": 6.0}, "datetime": {"datetime": "2024-01-19 02:26:30", "elapsed": 8083.630728, "delta": 0.007863}}
{"target": -17.716950291627334, "params": {"gamma": 430.8393176585341, "log10_alpha": -3.940216793109857, "log10_colsample_bytree": -0.2590498279200941, "log10_eta": -0.9637379132947008, "log10_lambda": -3.852833701543303, "log10_min_child_weight": 2.3716018971968644, "log10_subsample": -0.6654619314659808, "max_depth": 8.0, "num_boost_round": 7.0}, "datetime": {"datetime": "2024-01-19 02:26:30", "elapsed": 8083.638578, "delta": 0.00785}}
{"target": -17.726871196378504, "params": {"gamma": 430.8393176585341, "log10_alpha": -3.940216793109857, "log10_colsample_bytree": -0.2590498279200941, "log10_eta": -0.9637379132947008, "log10_lambda": -3.852833701543303, "log10_min_child_weight": 2.3716018971968644, "log10_subsample": -0.6654619314659808, "max_depth": 8.0, "num_boost_round": 8.0}, "datetime": {"datetime": "2024-01-19 02:26:31", "elapsed": 8083.766129, "delta": 0.127551}}
{"target": -17.73345826507851, "params": {"gamma": 430.8393176585341, "log10_alpha": -3.940216793109857, "log10_colsample_bytree": -0.2590498279200941, "log10_eta": -0.9637379132947008, "log10_lambda": -3.852833701543303, "log10_min_child_weight": 2.3716018971968644, "log10_subsample": -0.6654619314659808, "max_depth": 8.0, "num_boost_round": 9.0}, "datetime": {"datetime": "2024-01-19 02:26:31", "elapsed": 8083.773253, "delta": 0.007124}}
{"target": -17.749245189066492, "params": {"gamma": 430.8393176585341, "log10_alpha": -3.940216793109857, "log10_colsample_bytree": -0.2590498279200941, "log10_eta": -0.9637379132947008, "log10_lambda": -3.852833701543303, "log10_min_child_weight": 2.3716018971968644, "log10_subsample": -0.6654619314659808, "max_depth": 8.0, "num_boost_round": 10.0}, "datetime": {"datetime": "2024-01-19 02:26:31", "elapsed": 8083.779483, "delta": 0.00623}}
{"target": -17.751782214703862, "params": {"gamma": 430.8393176585341, "log10_alpha": -3.940216793109857, "log10_colsample_bytree": -0.2590498279200941, "log10_eta": -0.9637379132947008, "log10_lambda": -3.852833701543303, "log10_min_child_weight": 2.3716018971968644, "log10_subsample": -0.6654619314659808, "max_depth": 8.0, "num_boost_round": 11.0}, "datetime": {"datetime": "2024-01-19 02:26:31", "elapsed": 8083.785693, "delta": 0.00621}}
{"target": -17.75961135061414, "params": {"gamma": 430.8393176585341, "log10_alpha": -3.940216793109857, "log10_colsample_bytree": -0.2590498279200941, "log10_eta": -0.9637379132947008, "log10_lambda": -3.852833701543303, "log10_min_child_weight": 2.3716018971968644, "log10_subsample": -0.6654619314659808, "max_depth": 8.0, "num_boost_round": 12.0}, "datetime": {"datetime": "2024-01-19 02:26:31", "elapsed": 8083.791997, "delta": 0.006304}}
{"target": -17.777391694607026, "params": {"gamma": 430.8393176585341, "log10_alpha": -3.940216793109857, "log10_colsample_bytree": -0.2590498279200941, "log10_eta": -0.9637379132947008, "log10_lambda": -3.852833701543303, "log10_min_child_weight": 2.3716018971968644, "log10_subsample": -0.6654619314659808, "max_depth": 8.0, "num_boost_round": 13.0}, "datetime": {"datetime": "2024-01-19 02:26:31", "elapsed": 8083.798011, "delta": 0.006014}}
{"target": -17.789638157205044, "params": {"gamma": 430.8393176585341, "log10_alpha": -3.940216793109857, "log10_colsample_bytree": -0.2590498279200941, "log10_eta": -0.9637379132947008, "log10_lambda": -3.852833701543303, "log10_min_child_weight": 2.3716018971968644, "log10_subsample": -0.6654619314659808, "max_depth": 8.0, "num_boost_round": 14.0}, "datetime": {"datetime": "2024-01-19 02:26:31", "elapsed": 8083.804001, "delta": 0.00599}}
{"target": -17.79629315949641, "params": {"gamma": 430.8393176585341, "log10_alpha": -3.940216793109857, "log10_colsample_bytree": -0.2590498279200941, "log10_eta": -0.9637379132947008, "log10_lambda": -3.852833701543303, "log10_min_child_weight": 2.3716018971968644, "log10_subsample": -0.6654619314659808, "max_depth": 8.0, "num_boost_round": 15.0}, "datetime": {"datetime": "2024-01-19 02:26:31", "elapsed": 8083.810772, "delta": 0.006771}}
{"target": -17.805577913067193, "params": {"gamma": 430.8393176585341, "log10_alpha": -3.940216793109857, "log10_colsample_bytree": -0.2590498279200941, "log10_eta": -0.9637379132947008, "log10_lambda": -3.852833701543303, "log10_min_child_weight": 2.3716018971968644, "log10_subsample": -0.6654619314659808, "max_depth": 8.0, "num_boost_round": 16.0}, "datetime": {"datetime": "2024-01-19 02:26:31", "elapsed": 8083.817081, "delta": 0.006309}}
{"target": -17.8277132982042, "params": {"gamma": 430.8393176585341, "log10_alpha": -3.940216793109857, "log10_colsample_bytree": -0.2590498279200941, "log10_eta": -0.9637379132947008, "log10_lambda": -3.852833701543303, "log10_min_child_weight": 2.3716018971968644, "log10_subsample": -0.6654619314659808, "max_depth": 8.0, "num_boost_round": 17.0}, "datetime": {"datetime": "2024-01-19 02:26:31", "elapsed": 8083.823184, "delta": 0.006103}}
{"target": -17.83660782152985, "params": {"gamma": 430.8393176585341, "log10_alpha": -3.940216793109857, "log10_colsample_bytree": -0.2590498279200941, "log10_eta": -0.9637379132947008, "log10_lambda": -3.852833701543303, "log10_min_child_weight": 2.3716018971968644, "log10_subsample": -0.6654619314659808, "max_depth": 8.0, "num_boost_round": 18.0}, "datetime": {"datetime": "2024-01-19 02:26:31", "elapsed": 8083.829227, "delta": 0.006043}}
{"target": -17.841407860892172, "params": {"gamma": 430.8393176585341, "log10_alpha": -3.940216793109857, "log10_colsample_bytree": -0.2590498279200941, "log10_eta": -0.9637379132947008, "log10_lambda": -3.852833701543303, "log10_min_child_weight": 2.3716018971968644, "log10_subsample": -0.6654619314659808, "max_depth": 8.0, "num_boost_round": 19.0}, "datetime": {"datetime": "2024-01-19 02:26:31", "elapsed": 8083.835537, "delta": 0.00631}}
{"target": -17.864079158278575, "params": {"gamma": 430.8393176585341, "log10_alpha": -3.940216793109857, "log10_colsample_bytree": -0.2590498279200941, "log10_eta": -0.9637379132947008, "log10_lambda": -3.852833701543303, "log10_min_child_weight": 2.3716018971968644, "log10_subsample": -0.6654619314659808, "max_depth": 8.0, "num_boost_round": 20.0}, "datetime": {"datetime": "2024-01-19 02:26:31", "elapsed": 8083.841903, "delta": 0.006366}}
{"target": -17.871204209553053, "params": {"gamma": 430.8393176585341, "log10_alpha": -3.940216793109857, "log10_colsample_bytree": -0.2590498279200941, "log10_eta": -0.9637379132947008, "log10_lambda": -3.852833701543303, "log10_min_child_weight": 2.3716018971968644, "log10_subsample": -0.6654619314659808, "max_depth": 8.0, "num_boost_round": 21.0}, "datetime": {"datetime": "2024-01-19 02:26:31", "elapsed": 8083.847862, "delta": 0.005959}}
{"target": -17.87659443435365, "params": {"gamma": 430.8393176585341, "log10_alpha": -3.940216793109857, "log10_colsample_bytree": -0.2590498279200941, "log10_eta": -0.9637379132947008, "log10_lambda": -3.852833701543303, "log10_min_child_weight": 2.3716018971968644, "log10_subsample": -0.6654619314659808, "max_depth": 8.0, "num_boost_round": 22.0}, "datetime": {"datetime": "2024-01-19 02:26:31", "elapsed": 8083.853836, "delta": 0.005974}}
{"target": -17.882298668714487, "params": {"gamma": 430.8393176585341, "log10_alpha": -3.940216793109857, "log10_colsample_bytree": -0.2590498279200941, "log10_eta": -0.9637379132947008, "log10_lambda": -3.852833701543303, "log10_min_child_weight": 2.3716018971968644, "log10_subsample": -0.6654619314659808, "max_depth": 8.0, "num_boost_round": 23.0}, "datetime": {"datetime": "2024-01-19 02:26:31", "elapsed": 8083.859802, "delta": 0.005966}}
{"target": -17.893875627810154, "params": {"gamma": 430.8393176585341, "log10_alpha": -3.940216793109857, "log10_colsample_bytree": -0.2590498279200941, "log10_eta": -0.9637379132947008, "log10_lambda": -3.852833701543303, "log10_min_child_weight": 2.3716018971968644, "log10_subsample": -0.6654619314659808, "max_depth": 8.0, "num_boost_round": 24.0}, "datetime": {"datetime": "2024-01-19 02:26:31", "elapsed": 8083.865856, "delta": 0.006054}}
{"target": -17.896262485497445, "params": {"gamma": 430.8393176585341, "log10_alpha": -3.940216793109857, "log10_colsample_bytree": -0.2590498279200941, "log10_eta": -0.9637379132947008, "log10_lambda": -3.852833701543303, "log10_min_child_weight": 2.3716018971968644, "log10_subsample": -0.6654619314659808, "max_depth": 8.0, "num_boost_round": 25.0}, "datetime": {"datetime": "2024-01-19 02:26:31", "elapsed": 8083.871853, "delta": 0.005997}}
{"target": -17.89634491206188, "params": {"gamma": 430.8393176585341, "log10_alpha": -3.940216793109857, "log10_colsample_bytree": -0.2590498279200941, "log10_eta": -0.9637379132947008, "log10_lambda": -3.852833701543303, "log10_min_child_weight": 2.3716018971968644, "log10_subsample": -0.6654619314659808, "max_depth": 8.0, "num_boost_round": 26.0}, "datetime": {"datetime": "2024-01-19 02:26:31", "elapsed": 8083.877776, "delta": 0.005923}}
{"target": -17.90402373398877, "params": {"gamma": 430.8393176585341, "log10_alpha": -3.940216793109857, "log10_colsample_bytree": -0.2590498279200941, "log10_eta": -0.9637379132947008, "log10_lambda": -3.852833701543303, "log10_min_child_weight": 2.3716018971968644, "log10_subsample": -0.6654619314659808, "max_depth": 8.0, "num_boost_round": 27.0}, "datetime": {"datetime": "2024-01-19 02:26:31", "elapsed": 8083.883723, "delta": 0.005947}}
{"target": -17.907468799449674, "params": {"gamma": 430.8393176585341, "log10_alpha": -3.940216793109857, "log10_colsample_bytree": -0.2590498279200941, "log10_eta": -0.9637379132947008, "log10_lambda": -3.852833701543303, "log10_min_child_weight": 2.3716018971968644, "log10_subsample": -0.6654619314659808, "max_depth": 8.0, "num_boost_round": 28.0}, "datetime": {"datetime": "2024-01-19 02:26:31", "elapsed": 8083.889909, "delta": 0.006186}}
{"target": -17.91342758883091, "params": {"gamma": 430.8393176585341, "log10_alpha": -3.940216793109857, "log10_colsample_bytree": -0.2590498279200941, "log10_eta": -0.9637379132947008, "log10_lambda": -3.852833701543303, "log10_min_child_weight": 2.3716018971968644, "log10_subsample": -0.6654619314659808, "max_depth": 8.0, "num_boost_round": 29.0}, "datetime": {"datetime": "2024-01-19 02:26:31", "elapsed": 8083.896283, "delta": 0.006374}}
{"target": -17.916531913460037, "params": {"gamma": 430.8393176585341, "log10_alpha": -3.940216793109857, "log10_colsample_bytree": -0.2590498279200941, "log10_eta": -0.9637379132947008, "log10_lambda": -3.852833701543303, "log10_min_child_weight": 2.3716018971968644, "log10_subsample": -0.6654619314659808, "max_depth": 8.0, "num_boost_round": 30.0}, "datetime": {"datetime": "2024-01-19 02:26:31", "elapsed": 8083.902473, "delta": 0.00619}}
{"target": -17.92280668087004, "params": {"gamma": 430.8393176585341, "log10_alpha": -3.940216793109857, "log10_colsample_bytree": -0.2590498279200941, "log10_eta": -0.9637379132947008, "log10_lambda": -3.852833701543303, "log10_min_child_weight": 2.3716018971968644, "log10_subsample": -0.6654619314659808, "max_depth": 8.0, "num_boost_round": 31.0}, "datetime": {"datetime": "2024-01-19 02:26:31", "elapsed": 8083.908639, "delta": 0.006166}}
{"target": -17.948725115751223, "params": {"gamma": 430.8393176585341, "log10_alpha": -3.940216793109857, "log10_colsample_bytree": -0.2590498279200941, "log10_eta": -0.9637379132947008, "log10_lambda": -3.852833701543303, "log10_min_child_weight": 2.3716018971968644, "log10_subsample": -0.6654619314659808, "max_depth": 8.0, "num_boost_round": 32.0}, "datetime": {"datetime": "2024-01-19 02:26:31", "elapsed": 8083.914917, "delta": 0.006278}}
{"target": -17.950495341869924, "params": {"gamma": 430.8393176585341, "log10_alpha": -3.940216793109857, "log10_colsample_bytree": -0.2590498279200941, "log10_eta": -0.9637379132947008, "log10_lambda": -3.852833701543303, "log10_min_child_weight": 2.3716018971968644, "log10_subsample": -0.6654619314659808, "max_depth": 8.0, "num_boost_round": 33.0}, "datetime": {"datetime": "2024-01-19 02:26:31", "elapsed": 8083.921097, "delta": 0.00618}}
{"target": -17.95697628453973, "params": {"gamma": 430.8393176585341, "log10_alpha": -3.940216793109857, "log10_colsample_bytree": -0.2590498279200941, "log10_eta": -0.9637379132947008, "log10_lambda": -3.852833701543303, "log10_min_child_weight": 2.3716018971968644, "log10_subsample": -0.6654619314659808, "max_depth": 8.0, "num_boost_round": 34.0}, "datetime": {"datetime": "2024-01-19 02:26:31", "elapsed": 8083.928211, "delta": 0.007114}}
