{"target": -13.75846617159649, "params": {"gamma": 977.5655618602254, "log10_alpha": -3.672847894476618, "log10_colsample_bytree": -0.32219961611187076, "log10_eta": -3.5859363844129724, "log10_lambda": 0.6982751155981006, "log10_min_child_weight": 1.2532651914521897, "log10_subsample": -0.591960168862728, "max_depth": 2.0, "num_boost_round": 38.0}, "datetime": {"datetime": "2024-01-19 00:31:45", "elapsed": 1206.584985, "delta": 0.001878}}
{"target": -13.758464428802846, "params": {"gamma": 977.5655618602254, "log10_alpha": -3.672847894476618, "log10_colsample_bytree": -0.32219961611187076, "log10_eta": -3.5859363844129724, "log10_lambda": 0.6982751155981006, "log10_min_child_weight": 1.2532651914521897, "log10_subsample": -0.591960168862728, "max_depth": 2.0, "num_boost_round": 39.0}, "datetime": {"datetime": "2024-01-19 00:31:45", "elapsed": 1206.586942, "delta": 0.001957}}
{"target": -13.758531870529437, "params": {"gamma": 977.855119644521, "log10_alpha": 0.4129186672962337, "log10_colsample_bytree": -0.5212518018152694, "log10_eta": -3.62997425683845, "log10_lambda": -4.331748865021288, "log10_min_child_weight": 3.227486998668434, "log10_subsample": -0.6152944171610872, "max_depth": 7.0, "num_boost_round": 0.0}, "datetime": {"datetime": "2024-01-19 00:32:19", "elapsed": 1240.263812, "delta": 33.67687}}
{"target": -13.758526168632006, "params": {"gamma": 977.855119644521, "log10_alpha": 0.4129186672962337, "log10_colsample_bytree": -0.5212518018152694, "log10_eta": -3.62997425683845, "log10_lambda": -4.331748865021288, "log10_min_child_weight": 3.227486998668434, "log10_subsample": -0.6152944171610872, "max_depth": 7.0, "num_boost_round": 1.0}, "datetime": {"datetime": "2024-01-19 00:32:19", "elapsed": 1240.266343, "delta": 0.002531}}
{"target": -13.75852258777126, "params": {"gamma": 977.855119644521, "log10_alpha": 0.4129186672962337, "log10_colsample_bytree": -0.5212518018152694, "log10_eta": -3.62997425683845, "log10_lambda": -4.331748865021288, "log10_min_child_weight": 3.227486998668434, "log10_subsample": -0.6152944171610872, "max_depth": 7.0, "num_boost_round": 2.0}, "datetime": {"datetime": "2024-01-19 00:32:19", "elapsed": 1240.268953, "delta": 0.00261}}
{"target": -13.758522457065993, "params": {"gamma": 977.855119644521, "log10_alpha": 0.4129186672962337, "log10_colsample_bytree": -0.5212518018152694, "log10_eta": -3.62997425683845, "log10_lambda": -4.331748865021288, "log10_min_child_weight": 3.227486998668434, "log10_subsample": -0.6152944171610872, "max_depth": 7.0, "num_boost_round": 3.0}, "datetime": {"datetime": "2024-01-19 00:32:19", "elapsed": 1240.270861, "delta": 0.001908}}
{"target": -13.758519751800328, "params": {"gamma": 977.855119644521, "log10_alpha": 0.4129186672962337, "log10_colsample_bytree": -0.5212518018152694, "log10_eta": -3.62997425683845, "log10_lambda": -4.331748865021288, "log10_min_child_weight": 3.227486998668434, "log10_subsample": -0.6152944171610872, "max_depth": 7.0, "num_boost_round": 4.0}, "datetime": {"datetime": "2024-01-19 00:32:19", "elapsed": 1240.272807, "delta": 0.001946}}
{"target": -13.758519159272133, "params": {"gamma": 977.855119644521, "log10_alpha": 0.4129186672962337, "log10_colsample_bytree": -0.5212518018152694, "log10_eta": -3.62997425683845, "log10_lambda": -4.331748865021288, "log10_min_child_weight": 3.227486998668434, "log10_subsample": -0.6152944171610872, "max_depth": 7.0, "num_boost_round": 5.0}, "datetime": {"datetime": "2024-01-19 00:32:19", "elapsed": 1240.274712, "delta": 0.001905}}
{"target": -13.75851883403932, "params": {"gamma": 977.855119644521, "log10_alpha": 0.4129186672962337, "log10_colsample_bytree": -0.5212518018152694, "log10_eta": -3.62997425683845, "log10_lambda": -4.331748865021288, "log10_min_child_weight": 3.227486998668434, "log10_subsample": -0.6152944171610872, "max_depth": 7.0, "num_boost_round": 6.0}, "datetime": {"datetime": "2024-01-19 00:32:19", "elapsed": 1240.276646, "delta": 0.001934}}
{"target": -13.758515974744697, "params": {"gamma": 977.855119644521, "log10_alpha": 0.4129186672962337, "log10_colsample_bytree": -0.5212518018152694, "log10_eta": -3.62997425683845, "log10_lambda": -4.331748865021288, "log10_min_child_weight": 3.227486998668434, "log10_subsample": -0.6152944171610872, "max_depth": 7.0, "num_boost_round": 7.0}, "datetime": {"datetime": "2024-01-19 00:32:19", "elapsed": 1240.278599, "delta": 0.001953}}
{"target": -13.75851129031396, "params": {"gamma": 977.855119644521, "log10_alpha": 0.4129186672962337, "log10_colsample_bytree": -0.5212518018152694, "log10_eta": -3.62997425683845, "log10_lambda": -4.331748865021288, "log10_min_child_weight": 3.227486998668434, "log10_subsample": -0.6152944171610872, "max_depth": 7.0, "num_boost_round": 8.0}, "datetime": {"datetime": "2024-01-19 00:32:19", "elapsed": 1240.280508, "delta": 0.001909}}
{"target": -13.758511885776954, "params": {"gamma": 977.855119644521, "log10_alpha": 0.4129186672962337, "log10_colsample_bytree": -0.5212518018152694, "log10_eta": -3.62997425683845, "log10_lambda": -4.331748865021288, "log10_min_child_weight": 3.227486998668434, "log10_subsample": -0.6152944171610872, "max_depth": 7.0, "num_boost_round": 9.0}, "datetime": {"datetime": "2024-01-19 00:32:19", "elapsed": 1240.282403, "delta": 0.001895}}
{"target": -13.758506551167864, "params": {"gamma": 977.855119644521, "log10_alpha": 0.4129186672962337, "log10_colsample_bytree": -0.5212518018152694, "log10_eta": -3.62997425683845, "log10_lambda": -4.331748865021288, "log10_min_child_weight": 3.227486998668434, "log10_subsample": -0.6152944171610872, "max_depth": 7.0, "num_boost_round": 10.0}, "datetime": {"datetime": "2024-01-19 00:32:19", "elapsed": 1240.284291, "delta": 0.001888}}
{"target": -13.75850630921341, "params": {"gamma": 977.855119644521, "log10_alpha": 0.4129186672962337, "log10_colsample_bytree": -0.5212518018152694, "log10_eta": -3.62997425683845, "log10_lambda": -4.331748865021288, "log10_min_child_weight": 3.227486998668434, "log10_subsample": -0.6152944171610872, "max_depth": 7.0, "num_boost_round": 11.0}, "datetime": {"datetime": "2024-01-19 00:32:19", "elapsed": 1240.286213, "delta": 0.001922}}
{"target": -13.75849931170439, "params": {"gamma": 977.855119644521, "log10_alpha": 0.4129186672962337, "log10_colsample_bytree": -0.5212518018152694, "log10_eta": -3.62997425683845, "log10_lambda": -4.331748865021288, "log10_min_child_weight": 3.227486998668434, "log10_subsample": -0.6152944171610872, "max_depth": 7.0, "num_boost_round": 12.0}, "datetime": {"datetime": "2024-01-19 00:32:19", "elapsed": 1240.288166, "delta": 0.001953}}
{"target": -13.758493273574127, "params": {"gamma": 977.855119644521, "log10_alpha": 0.4129186672962337, "log10_colsample_bytree": -0.5212518018152694, "log10_eta": -3.62997425683845, "log10_lambda": -4.331748865021288, "log10_min_child_weight": 3.227486998668434, "log10_subsample": -0.6152944171610872, "max_depth": 7.0, "num_boost_round": 13.0}, "datetime": {"datetime": "2024-01-19 00:32:19", "elapsed": 1240.290053, "delta": 0.001887}}
{"target": -13.75849459935068, "params": {"gamma": 977.855119644521, "log10_alpha": 0.4129186672962337, "log10_colsample_bytree": -0.5212518018152694, "log10_eta": -3.62997425683845, "log10_lambda": -4.331748865021288, "log10_min_child_weight": 3.227486998668434, "log10_subsample": -0.6152944171610872, "max_depth": 7.0, "num_boost_round": 14.0}, "datetime": {"datetime": "2024-01-19 00:32:19", "elapsed": 1240.29194, "delta": 0.001887}}
{"target": -13.758489164258883, "params": {"gamma": 977.855119644521, "log10_alpha": 0.4129186672962337, "log10_colsample_bytree": -0.5212518018152694, "log10_eta": -3.62997425683845, "log10_lambda": -4.331748865021288, "log10_min_child_weight": 3.227486998668434, "log10_subsample": -0.6152944171610872, "max_depth": 7.0, "num_boost_round": 15.0}, "datetime": {"datetime": "2024-01-19 00:32:19", "elapsed": 1240.293823, "delta": 0.001883}}
{"target": -13.758489592798744, "params": {"gamma": 977.855119644521, "log10_alpha": 0.4129186672962337, "log10_colsample_bytree": -0.5212518018152694, "log10_eta": -3.62997425683845, "log10_lambda": -4.331748865021288, "log10_min_child_weight": 3.227486998668434, "log10_subsample": -0.6152944171610872, "max_depth": 7.0, "num_boost_round": 16.0}, "datetime": {"datetime": "2024-01-19 00:32:19", "elapsed": 1240.295722, "delta": 0.001899}}
{"target": -13.758493665952976, "params": {"gamma": 977.855119644521, "log10_alpha": 0.4129186672962337, "log10_colsample_bytree": -0.5212518018152694, "log10_eta": -3.62997425683845, "log10_lambda": -4.331748865021288, "log10_min_child_weight": 3.227486998668434, "log10_subsample": -0.6152944171610872, "max_depth": 7.0, "num_boost_round": 17.0}, "datetime": {"datetime": "2024-01-19 00:32:19", "elapsed": 1240.297627, "delta": 0.001905}}
{"target": -13.758492906704472, "params": {"gamma": 977.855119644521, "log10_alpha": 0.4129186672962337, "log10_colsample_bytree": -0.5212518018152694, "log10_eta": -3.62997425683845, "log10_lambda": -4.331748865021288, "log10_min_child_weight": 3.227486998668434, "log10_subsample": -0.6152944171610872, "max_depth": 7.0, "num_boost_round": 18.0}, "datetime": {"datetime": "2024-01-19 00:32:19", "elapsed": 1240.299588, "delta": 0.001961}}
{"target": -13.758487355028663, "params": {"gamma": 977.855119644521, "log10_alpha": 0.4129186672962337, "log10_colsample_bytree": -0.5212518018152694, "log10_eta": -3.62997425683845, "log10_lambda": -4.331748865021288, "log10_min_child_weight": 3.227486998668434, "log10_subsample": -0.6152944171610872, "max_depth": 7.0, "num_boost_round": 19.0}, "datetime": {"datetime": "2024-01-19 00:32:19", "elapsed": 1240.301485, "delta": 0.001897}}
{"target": -13.758480063455224, "params": {"gamma": 977.855119644521, "log10_alpha": 0.4129186672962337, "log10_colsample_bytree": -0.5212518018152694, "log10_eta": -3.62997425683845, "log10_lambda": -4.331748865021288, "log10_min_child_weight": 3.227486998668434, "log10_subsample": -0.6152944171610872, "max_depth": 7.0, "num_boost_round": 20.0}, "datetime": {"datetime": "2024-01-19 00:32:19", "elapsed": 1240.303753, "delta": 0.002268}}
{"target": -13.758474604120849, "params": {"gamma": 977.855119644521, "log10_alpha": 0.4129186672962337, "log10_colsample_bytree": -0.5212518018152694, "log10_eta": -3.62997425683845, "log10_lambda": -4.331748865021288, "log10_min_child_weight": 3.227486998668434, "log10_subsample": -0.6152944171610872, "max_depth": 7.0, "num_boost_round": 21.0}, "datetime": {"datetime": "2024-01-19 00:32:19", "elapsed": 1240.305649, "delta": 0.001896}}
{"target": -13.75846724676264, "params": {"gamma": 977.855119644521, "log10_alpha": 0.4129186672962337, "log10_colsample_bytree": -0.5212518018152694, "log10_eta": -3.62997425683845, "log10_lambda": -4.331748865021288, "log10_min_child_weight": 3.227486998668434, "log10_subsample": -0.6152944171610872, "max_depth": 7.0, "num_boost_round": 22.0}, "datetime": {"datetime": "2024-01-19 00:32:19", "elapsed": 1240.30769, "delta": 0.002041}}
{"target": -13.758462657346419, "params": {"gamma": 977.855119644521, "log10_alpha": 0.4129186672962337, "log10_colsample_bytree": -0.5212518018152694, "log10_eta": -3.62997425683845, "log10_lambda": -4.331748865021288, "log10_min_child_weight": 3.227486998668434, "log10_subsample": -0.6152944171610872, "max_depth": 7.0, "num_boost_round": 23.0}, "datetime": {"datetime": "2024-01-19 00:32:19", "elapsed": 1240.309712, "delta": 0.002022}}
{"target": -13.758457796539146, "params": {"gamma": 977.855119644521, "log10_alpha": 0.4129186672962337, "log10_colsample_bytree": -0.5212518018152694, "log10_eta": -3.62997425683845, "log10_lambda": -4.331748865021288, "log10_min_child_weight": 3.227486998668434, "log10_subsample": -0.6152944171610872, "max_depth": 7.0, "num_boost_round": 24.0}, "datetime": {"datetime": "2024-01-19 00:32:19", "elapsed": 1240.311803, "delta": 0.002091}}
{"target": -13.758453959530433, "params": {"gamma": 977.855119644521, "log10_alpha": 0.4129186672962337, "log10_colsample_bytree": -0.5212518018152694, "log10_eta": -3.62997425683845, "log10_lambda": -4.331748865021288, "log10_min_child_weight": 3.227486998668434, "log10_subsample": -0.6152944171610872, "max_depth": 7.0, "num_boost_round": 25.0}, "datetime": {"datetime": "2024-01-19 00:32:19", "elapsed": 1240.313818, "delta": 0.002015}}
{"target": -13.758452924028122, "params": {"gamma": 977.855119644521, "log10_alpha": 0.4129186672962337, "log10_colsample_bytree": -0.5212518018152694, "log10_eta": -3.62997425683845, "log10_lambda": -4.331748865021288, "log10_min_child_weight": 3.227486998668434, "log10_subsample": -0.6152944171610872, "max_depth": 7.0, "num_boost_round": 26.0}, "datetime": {"datetime": "2024-01-19 00:32:19", "elapsed": 1240.315752, "delta": 0.001934}}
{"target": -13.75844730394334, "params": {"gamma": 977.855119644521, "log10_alpha": 0.4129186672962337, "log10_colsample_bytree": -0.5212518018152694, "log10_eta": -3.62997425683845, "log10_lambda": -4.331748865021288, "log10_min_child_weight": 3.227486998668434, "log10_subsample": -0.6152944171610872, "max_depth": 7.0, "num_boost_round": 27.0}, "datetime": {"datetime": "2024-01-19 00:32:19", "elapsed": 1240.317659, "delta": 0.001907}}
{"target": -13.758442887039156, "params": {"gamma": 977.855119644521, "log10_alpha": 0.4129186672962337, "log10_colsample_bytree": -0.5212518018152694, "log10_eta": -3.62997425683845, "log10_lambda": -4.331748865021288, "log10_min_child_weight": 3.227486998668434, "log10_subsample": -0.6152944171610872, "max_depth": 7.0, "num_boost_round": 28.0}, "datetime": {"datetime": "2024-01-19 00:32:19", "elapsed": 1240.319569, "delta": 0.00191}}
{"target": -13.758435663951657, "params": {"gamma": 977.855119644521, "log10_alpha": 0.4129186672962337, "log10_colsample_bytree": -0.5212518018152694, "log10_eta": -3.62997425683845, "log10_lambda": -4.331748865021288, "log10_min_child_weight": 3.227486998668434, "log10_subsample": -0.6152944171610872, "max_depth": 7.0, "num_boost_round": 29.0}, "datetime": {"datetime": "2024-01-19 00:32:19", "elapsed": 1240.321562, "delta": 0.001993}}
{"target": -13.758432917860608, "params": {"gamma": 977.855119644521, "log10_alpha": 0.4129186672962337, "log10_colsample_bytree": -0.5212518018152694, "log10_eta": -3.62997425683845, "log10_lambda": -4.331748865021288, "log10_min_child_weight": 3.227486998668434, "log10_subsample": -0.6152944171610872, "max_depth": 7.0, "num_boost_round": 30.0}, "datetime": {"datetime": "2024-01-19 00:32:19", "elapsed": 1240.32354, "delta": 0.001978}}
{"target": -13.758425029088025, "params": {"gamma": 977.855119644521, "log10_alpha": 0.4129186672962337, "log10_colsample_bytree": -0.5212518018152694, "log10_eta": -3.62997425683845, "log10_lambda": -4.331748865021288, "log10_min_child_weight": 3.227486998668434, "log10_subsample": -0.6152944171610872, "max_depth": 7.0, "num_boost_round": 31.0}, "datetime": {"datetime": "2024-01-19 00:32:19", "elapsed": 1240.32551, "delta": 0.00197}}
{"target": -13.758423399543124, "params": {"gamma": 977.855119644521, "log10_alpha": 0.4129186672962337, "log10_colsample_bytree": -0.5212518018152694, "log10_eta": -3.62997425683845, "log10_lambda": -4.331748865021288, "log10_min_child_weight": 3.227486998668434, "log10_subsample": -0.6152944171610872, "max_depth": 7.0, "num_boost_round": 32.0}, "datetime": {"datetime": "2024-01-19 00:32:19", "elapsed": 1240.32748, "delta": 0.00197}}
{"target": -13.758416796313345, "params": {"gamma": 977.855119644521, "log10_alpha": 0.4129186672962337, "log10_colsample_bytree": -0.5212518018152694, "log10_eta": -3.62997425683845, "log10_lambda": -4.331748865021288, "log10_min_child_weight": 3.227486998668434, "log10_subsample": -0.6152944171610872, "max_depth": 7.0, "num_boost_round": 33.0}, "datetime": {"datetime": "2024-01-19 00:32:19", "elapsed": 1240.329464, "delta": 0.001984}}
{"target": -13.758414781042307, "params": {"gamma": 977.855119644521, "log10_alpha": 0.4129186672962337, "log10_colsample_bytree": -0.5212518018152694, "log10_eta": -3.62997425683845, "log10_lambda": -4.331748865021288, "log10_min_child_weight": 3.227486998668434, "log10_subsample": -0.6152944171610872, "max_depth": 7.0, "num_boost_round": 34.0}, "datetime": {"datetime": "2024-01-19 00:32:19", "elapsed": 1240.331437, "delta": 0.001973}}
{"target": -13.758415635908749, "params": {"gamma": 977.855119644521, "log10_alpha": 0.4129186672962337, "log10_colsample_bytree": -0.5212518018152694, "log10_eta": -3.62997425683845, "log10_lambda": -4.331748865021288, "log10_min_child_weight": 3.227486998668434, "log10_subsample": -0.6152944171610872, "max_depth": 7.0, "num_boost_round": 35.0}, "datetime": {"datetime": "2024-01-19 00:32:19", "elapsed": 1240.333395, "delta": 0.001958}}
{"target": -13.758417726171464, "params": {"gamma": 977.855119644521, "log10_alpha": 0.4129186672962337, "log10_colsample_bytree": -0.5212518018152694, "log10_eta": -3.62997425683845, "log10_lambda": -4.331748865021288, "log10_min_child_weight": 3.227486998668434, "log10_subsample": -0.6152944171610872, "max_depth": 7.0, "num_boost_round": 36.0}, "datetime": {"datetime": "2024-01-19 00:32:19", "elapsed": 1240.335349, "delta": 0.001954}}
{"target": -13.758412943527363, "params": {"gamma": 977.855119644521, "log10_alpha": 0.4129186672962337, "log10_colsample_bytree": -0.5212518018152694, "log10_eta": -3.62997425683845, "log10_lambda": -4.331748865021288, "log10_min_child_weight": 3.227486998668434, "log10_subsample": -0.6152944171610872, "max_depth": 7.0, "num_boost_round": 37.0}, "datetime": {"datetime": "2024-01-19 00:32:19", "elapsed": 1240.337332, "delta": 0.001983}}
{"target": -13.75841306396464, "params": {"gamma": 977.855119644521, "log10_alpha": 0.4129186672962337, "log10_colsample_bytree": -0.5212518018152694, "log10_eta": -3.62997425683845, "log10_lambda": -4.331748865021288, "log10_min_child_weight": 3.227486998668434, "log10_subsample": -0.6152944171610872, "max_depth": 7.0, "num_boost_round": 38.0}, "datetime": {"datetime": "2024-01-19 00:32:19", "elapsed": 1240.339311, "delta": 0.001979}}
{"target": -13.758409810427791, "params": {"gamma": 977.855119644521, "log10_alpha": 0.4129186672962337, "log10_colsample_bytree": -0.5212518018152694, "log10_eta": -3.62997425683845, "log10_lambda": -4.331748865021288, "log10_min_child_weight": 3.227486998668434, "log10_subsample": -0.6152944171610872, "max_depth": 7.0, "num_boost_round": 39.0}, "datetime": {"datetime": "2024-01-19 00:32:19", "elapsed": 1240.341267, "delta": 0.001956}}
{"target": -13.758411141832688, "params": {"gamma": 977.855119644521, "log10_alpha": 0.4129186672962337, "log10_colsample_bytree": -0.5212518018152694, "log10_eta": -3.62997425683845, "log10_lambda": -4.331748865021288, "log10_min_child_weight": 3.227486998668434, "log10_subsample": -0.6152944171610872, "max_depth": 7.0, "num_boost_round": 40.0}, "datetime": {"datetime": "2024-01-19 00:32:19", "elapsed": 1240.343246, "delta": 0.001979}}
{"target": -13.758405835756085, "params": {"gamma": 977.855119644521, "log10_alpha": 0.4129186672962337, "log10_colsample_bytree": -0.5212518018152694, "log10_eta": -3.62997425683845, "log10_lambda": -4.331748865021288, "log10_min_child_weight": 3.227486998668434, "log10_subsample": -0.6152944171610872, "max_depth": 7.0, "num_boost_round": 41.0}, "datetime": {"datetime": "2024-01-19 00:32:19", "elapsed": 1240.345214, "delta": 0.001968}}
{"target": -13.758400742104111, "params": {"gamma": 977.855119644521, "log10_alpha": 0.4129186672962337, "log10_colsample_bytree": -0.5212518018152694, "log10_eta": -3.62997425683845, "log10_lambda": -4.331748865021288, "log10_min_child_weight": 3.227486998668434, "log10_subsample": -0.6152944171610872, "max_depth": 7.0, "num_boost_round": 42.0}, "datetime": {"datetime": "2024-01-19 00:32:19", "elapsed": 1240.347184, "delta": 0.00197}}
{"target": -13.758397554876328, "params": {"gamma": 977.855119644521, "log10_alpha": 0.4129186672962337, "log10_colsample_bytree": -0.5212518018152694, "log10_eta": -3.62997425683845, "log10_lambda": -4.331748865021288, "log10_min_child_weight": 3.227486998668434, "log10_subsample": -0.6152944171610872, "max_depth": 7.0, "num_boost_round": 43.0}, "datetime": {"datetime": "2024-01-19 00:32:19", "elapsed": 1240.349156, "delta": 0.001972}}
{"target": -13.758531388861096, "params": {"gamma": 976.3973501628816, "log10_alpha": -3.4452205007248464, "log10_colsample_bytree": -0.5836089663055695, "log10_eta": -3.0912892779221184, "log10_lambda": 0.8042289123611601, "log10_min_child_weight": 1.6324291958574455, "log10_subsample": -0.5235954070727347, "max_depth": 4.0, "num_boost_round": 0.0}, "datetime": {"datetime": "2024-01-19 00:32:57", "elapsed": 1278.213886, "delta": 37.86473}}
{"target": -13.758489160454308, "params": {"gamma": 976.3973501628816, "log10_alpha": -3.4452205007248464, "log10_colsample_bytree": -0.5836089663055695, "log10_eta": -3.0912892779221184, "log10_lambda": 0.8042289123611601, "log10_min_child_weight": 1.6324291958574455, "log10_subsample": -0.5235954070727347, "max_depth": 4.0, "num_boost_round": 1.0}, "datetime": {"datetime": "2024-01-19 00:32:57", "elapsed": 1278.216334, "delta": 0.002448}}
{"target": -13.75847897261703, "params": {"gamma": 976.3973501628816, "log10_alpha": -3.4452205007248464, "log10_colsample_bytree": -0.5836089663055695, "log10_eta": -3.0912892779221184, "log10_lambda": 0.8042289123611601, "log10_min_child_weight": 1.6324291958574455, "log10_subsample": -0.5235954070727347, "max_depth": 4.0, "num_boost_round": 2.0}, "datetime": {"datetime": "2024-01-19 00:32:57", "elapsed": 1278.218485, "delta": 0.002151}}
