{"target": -17.677195396934586, "params": {"gamma": 431.4303297957597, "log10_alpha": -0.4041625409328624, "log10_colsample_bytree": -0.15876559535149104, "log10_eta": -3.5251668875312743, "log10_lambda": -0.4606083824570124, "log10_min_child_weight": 3.141010358918996, "log10_subsample": -0.40882918943805224, "max_depth": 6.0, "num_boost_round": 3.0}, "datetime": {"datetime": "2024-01-19 01:53:51", "elapsed": 6136.340516, "delta": 0.003891}}
{"target": -17.67719415350379, "params": {"gamma": 431.4303297957597, "log10_alpha": -0.4041625409328624, "log10_colsample_bytree": -0.15876559535149104, "log10_eta": -3.5251668875312743, "log10_lambda": -0.4606083824570124, "log10_min_child_weight": 3.141010358918996, "log10_subsample": -0.40882918943805224, "max_depth": 6.0, "num_boost_round": 4.0}, "datetime": {"datetime": "2024-01-19 01:53:51", "elapsed": 6136.344433, "delta": 0.003917}}
{"target": -17.67719060232668, "params": {"gamma": 431.4303297957597, "log10_alpha": -0.4041625409328624, "log10_colsample_bytree": -0.15876559535149104, "log10_eta": -3.5251668875312743, "log10_lambda": -0.4606083824570124, "log10_min_child_weight": 3.141010358918996, "log10_subsample": -0.40882918943805224, "max_depth": 6.0, "num_boost_round": 5.0}, "datetime": {"datetime": "2024-01-19 01:53:51", "elapsed": 6136.348845, "delta": 0.004412}}
{"target": -17.67717717185333, "params": {"gamma": 431.4303297957597, "log10_alpha": -0.4041625409328624, "log10_colsample_bytree": -0.15876559535149104, "log10_eta": -3.5251668875312743, "log10_lambda": -0.4606083824570124, "log10_min_child_weight": 3.141010358918996, "log10_subsample": -0.40882918943805224, "max_depth": 6.0, "num_boost_round": 6.0}, "datetime": {"datetime": "2024-01-19 01:53:51", "elapsed": 6136.353426, "delta": 0.004581}}
{"target": -17.67717564308104, "params": {"gamma": 431.4303297957597, "log10_alpha": -0.4041625409328624, "log10_colsample_bytree": -0.15876559535149104, "log10_eta": -3.5251668875312743, "log10_lambda": -0.4606083824570124, "log10_min_child_weight": 3.141010358918996, "log10_subsample": -0.40882918943805224, "max_depth": 6.0, "num_boost_round": 7.0}, "datetime": {"datetime": "2024-01-19 01:53:51", "elapsed": 6136.357349, "delta": 0.003923}}
{"target": -17.67717734805685, "params": {"gamma": 431.4303297957597, "log10_alpha": -0.4041625409328624, "log10_colsample_bytree": -0.15876559535149104, "log10_eta": -3.5251668875312743, "log10_lambda": -0.4606083824570124, "log10_min_child_weight": 3.141010358918996, "log10_subsample": -0.40882918943805224, "max_depth": 6.0, "num_boost_round": 8.0}, "datetime": {"datetime": "2024-01-19 01:53:51", "elapsed": 6136.361258, "delta": 0.003909}}
{"target": -17.67717136205131, "params": {"gamma": 431.4303297957597, "log10_alpha": -0.4041625409328624, "log10_colsample_bytree": -0.15876559535149104, "log10_eta": -3.5251668875312743, "log10_lambda": -0.4606083824570124, "log10_min_child_weight": 3.141010358918996, "log10_subsample": -0.40882918943805224, "max_depth": 6.0, "num_boost_round": 9.0}, "datetime": {"datetime": "2024-01-19 01:53:51", "elapsed": 6136.365167, "delta": 0.003909}}
{"target": -17.67717263162226, "params": {"gamma": 431.4303297957597, "log10_alpha": -0.4041625409328624, "log10_colsample_bytree": -0.15876559535149104, "log10_eta": -3.5251668875312743, "log10_lambda": -0.4606083824570124, "log10_min_child_weight": 3.141010358918996, "log10_subsample": -0.40882918943805224, "max_depth": 6.0, "num_boost_round": 10.0}, "datetime": {"datetime": "2024-01-19 01:53:51", "elapsed": 6136.369086, "delta": 0.003919}}
{"target": -17.677173030556258, "params": {"gamma": 431.4303297957597, "log10_alpha": -0.4041625409328624, "log10_colsample_bytree": -0.15876559535149104, "log10_eta": -3.5251668875312743, "log10_lambda": -0.4606083824570124, "log10_min_child_weight": 3.141010358918996, "log10_subsample": -0.40882918943805224, "max_depth": 6.0, "num_boost_round": 11.0}, "datetime": {"datetime": "2024-01-19 01:53:51", "elapsed": 6136.373175, "delta": 0.004089}}
{"target": -17.67717468730462, "params": {"gamma": 431.4303297957597, "log10_alpha": -0.4041625409328624, "log10_colsample_bytree": -0.15876559535149104, "log10_eta": -3.5251668875312743, "log10_lambda": -0.4606083824570124, "log10_min_child_weight": 3.141010358918996, "log10_subsample": -0.40882918943805224, "max_depth": 6.0, "num_boost_round": 12.0}, "datetime": {"datetime": "2024-01-19 01:53:51", "elapsed": 6136.37724, "delta": 0.004065}}
{"target": -17.67716599574449, "params": {"gamma": 431.4303297957597, "log10_alpha": -0.4041625409328624, "log10_colsample_bytree": -0.15876559535149104, "log10_eta": -3.5251668875312743, "log10_lambda": -0.4606083824570124, "log10_min_child_weight": 3.141010358918996, "log10_subsample": -0.40882918943805224, "max_depth": 6.0, "num_boost_round": 13.0}, "datetime": {"datetime": "2024-01-19 01:53:51", "elapsed": 6136.381309, "delta": 0.004069}}
{"target": -17.67715690991563, "params": {"gamma": 431.4303297957597, "log10_alpha": -0.4041625409328624, "log10_colsample_bytree": -0.15876559535149104, "log10_eta": -3.5251668875312743, "log10_lambda": -0.4606083824570124, "log10_min_child_weight": 3.141010358918996, "log10_subsample": -0.40882918943805224, "max_depth": 6.0, "num_boost_round": 14.0}, "datetime": {"datetime": "2024-01-19 01:53:51", "elapsed": 6136.385276, "delta": 0.003967}}
{"target": -17.677142165431274, "params": {"gamma": 431.4303297957597, "log10_alpha": -0.4041625409328624, "log10_colsample_bytree": -0.15876559535149104, "log10_eta": -3.5251668875312743, "log10_lambda": -0.4606083824570124, "log10_min_child_weight": 3.141010358918996, "log10_subsample": -0.40882918943805224, "max_depth": 6.0, "num_boost_round": 15.0}, "datetime": {"datetime": "2024-01-19 01:53:51", "elapsed": 6136.389218, "delta": 0.003942}}
{"target": -17.677137495399034, "params": {"gamma": 431.4303297957597, "log10_alpha": -0.4041625409328624, "log10_colsample_bytree": -0.15876559535149104, "log10_eta": -3.5251668875312743, "log10_lambda": -0.4606083824570124, "log10_min_child_weight": 3.141010358918996, "log10_subsample": -0.40882918943805224, "max_depth": 6.0, "num_boost_round": 16.0}, "datetime": {"datetime": "2024-01-19 01:53:51", "elapsed": 6136.393265, "delta": 0.004047}}
{"target": -17.677123969422688, "params": {"gamma": 431.4303297957597, "log10_alpha": -0.4041625409328624, "log10_colsample_bytree": -0.15876559535149104, "log10_eta": -3.5251668875312743, "log10_lambda": -0.4606083824570124, "log10_min_child_weight": 3.141010358918996, "log10_subsample": -0.40882918943805224, "max_depth": 6.0, "num_boost_round": 17.0}, "datetime": {"datetime": "2024-01-19 01:53:51", "elapsed": 6136.397173, "delta": 0.003908}}
{"target": -17.677124863878007, "params": {"gamma": 431.4303297957597, "log10_alpha": -0.4041625409328624, "log10_colsample_bytree": -0.15876559535149104, "log10_eta": -3.5251668875312743, "log10_lambda": -0.4606083824570124, "log10_min_child_weight": 3.141010358918996, "log10_subsample": -0.40882918943805224, "max_depth": 6.0, "num_boost_round": 18.0}, "datetime": {"datetime": "2024-01-19 01:53:51", "elapsed": 6136.401096, "delta": 0.003923}}
{"target": -17.677110393948922, "params": {"gamma": 431.4303297957597, "log10_alpha": -0.4041625409328624, "log10_colsample_bytree": -0.15876559535149104, "log10_eta": -3.5251668875312743, "log10_lambda": -0.4606083824570124, "log10_min_child_weight": 3.141010358918996, "log10_subsample": -0.40882918943805224, "max_depth": 6.0, "num_boost_round": 19.0}, "datetime": {"datetime": "2024-01-19 01:53:51", "elapsed": 6136.405015, "delta": 0.003919}}
{"target": -17.677096676036143, "params": {"gamma": 431.4303297957597, "log10_alpha": -0.4041625409328624, "log10_colsample_bytree": -0.15876559535149104, "log10_eta": -3.5251668875312743, "log10_lambda": -0.4606083824570124, "log10_min_child_weight": 3.141010358918996, "log10_subsample": -0.40882918943805224, "max_depth": 6.0, "num_boost_round": 20.0}, "datetime": {"datetime": "2024-01-19 01:53:51", "elapsed": 6136.408924, "delta": 0.003909}}
{"target": -17.677086920306472, "params": {"gamma": 431.4303297957597, "log10_alpha": -0.4041625409328624, "log10_colsample_bytree": -0.15876559535149104, "log10_eta": -3.5251668875312743, "log10_lambda": -0.4606083824570124, "log10_min_child_weight": 3.141010358918996, "log10_subsample": -0.40882918943805224, "max_depth": 6.0, "num_boost_round": 21.0}, "datetime": {"datetime": "2024-01-19 01:53:51", "elapsed": 6136.412997, "delta": 0.004073}}
{"target": -17.6770764075914, "params": {"gamma": 431.4303297957597, "log10_alpha": -0.4041625409328624, "log10_colsample_bytree": -0.15876559535149104, "log10_eta": -3.5251668875312743, "log10_lambda": -0.4606083824570124, "log10_min_child_weight": 3.141010358918996, "log10_subsample": -0.40882918943805224, "max_depth": 6.0, "num_boost_round": 22.0}, "datetime": {"datetime": "2024-01-19 01:53:51", "elapsed": 6136.416902, "delta": 0.003905}}
{"target": -17.677056167663977, "params": {"gamma": 431.4303297957597, "log10_alpha": -0.4041625409328624, "log10_colsample_bytree": -0.15876559535149104, "log10_eta": -3.5251668875312743, "log10_lambda": -0.4606083824570124, "log10_min_child_weight": 3.141010358918996, "log10_subsample": -0.40882918943805224, "max_depth": 6.0, "num_boost_round": 23.0}, "datetime": {"datetime": "2024-01-19 01:53:51", "elapsed": 6136.420801, "delta": 0.003899}}
{"target": -17.676571440821018, "params": {"gamma": 448.6704592912899, "log10_alpha": 0.09153402965944668, "log10_colsample_bytree": -0.49933525485083663, "log10_eta": -1.927852621337756, "log10_lambda": 0.762765566790808, "log10_min_child_weight": 1.1244909093542432, "log10_subsample": -0.7377211057403423, "max_depth": 6.0, "num_boost_round": 0.0}, "datetime": {"datetime": "2024-01-19 01:55:37", "elapsed": 6241.531035, "delta": 105.110234}}
{"target": -17.676718377932822, "params": {"gamma": 448.6704592912899, "log10_alpha": 0.09153402965944668, "log10_colsample_bytree": -0.49933525485083663, "log10_eta": -1.927852621337756, "log10_lambda": 0.762765566790808, "log10_min_child_weight": 1.1244909093542432, "log10_subsample": -0.7377211057403423, "max_depth": 6.0, "num_boost_round": 1.0}, "datetime": {"datetime": "2024-01-19 01:55:37", "elapsed": 6241.535917, "delta": 0.004882}}
{"target": -17.67644721827151, "params": {"gamma": 448.6704592912899, "log10_alpha": 0.09153402965944668, "log10_colsample_bytree": -0.49933525485083663, "log10_eta": -1.927852621337756, "log10_lambda": 0.762765566790808, "log10_min_child_weight": 1.1244909093542432, "log10_subsample": -0.7377211057403423, "max_depth": 6.0, "num_boost_round": 2.0}, "datetime": {"datetime": "2024-01-19 01:55:37", "elapsed": 6241.539938, "delta": 0.004021}}
{"target": -17.67660294103045, "params": {"gamma": 448.6704592912899, "log10_alpha": 0.09153402965944668, "log10_colsample_bytree": -0.49933525485083663, "log10_eta": -1.927852621337756, "log10_lambda": 0.762765566790808, "log10_min_child_weight": 1.1244909093542432, "log10_subsample": -0.7377211057403423, "max_depth": 6.0, "num_boost_round": 3.0}, "datetime": {"datetime": "2024-01-19 01:55:37", "elapsed": 6241.543863, "delta": 0.003925}}
{"target": -17.676322195617296, "params": {"gamma": 448.6704592912899, "log10_alpha": 0.09153402965944668, "log10_colsample_bytree": -0.49933525485083663, "log10_eta": -1.927852621337756, "log10_lambda": 0.762765566790808, "log10_min_child_weight": 1.1244909093542432, "log10_subsample": -0.7377211057403423, "max_depth": 6.0, "num_boost_round": 4.0}, "datetime": {"datetime": "2024-01-19 01:55:37", "elapsed": 6241.547813, "delta": 0.00395}}
{"target": -17.67612659343853, "params": {"gamma": 448.6704592912899, "log10_alpha": 0.09153402965944668, "log10_colsample_bytree": -0.49933525485083663, "log10_eta": -1.927852621337756, "log10_lambda": 0.762765566790808, "log10_min_child_weight": 1.1244909093542432, "log10_subsample": -0.7377211057403423, "max_depth": 6.0, "num_boost_round": 5.0}, "datetime": {"datetime": "2024-01-19 01:55:37", "elapsed": 6241.551768, "delta": 0.003955}}
{"target": -17.67540950659408, "params": {"gamma": 448.6704592912899, "log10_alpha": 0.09153402965944668, "log10_colsample_bytree": -0.49933525485083663, "log10_eta": -1.927852621337756, "log10_lambda": 0.762765566790808, "log10_min_child_weight": 1.1244909093542432, "log10_subsample": -0.7377211057403423, "max_depth": 6.0, "num_boost_round": 6.0}, "datetime": {"datetime": "2024-01-19 01:55:37", "elapsed": 6241.555772, "delta": 0.004004}}
{"target": -17.674855927492835, "params": {"gamma": 448.6704592912899, "log10_alpha": 0.09153402965944668, "log10_colsample_bytree": -0.49933525485083663, "log10_eta": -1.927852621337756, "log10_lambda": 0.762765566790808, "log10_min_child_weight": 1.1244909093542432, "log10_subsample": -0.7377211057403423, "max_depth": 6.0, "num_boost_round": 7.0}, "datetime": {"datetime": "2024-01-19 01:55:37", "elapsed": 6241.559765, "delta": 0.003993}}
{"target": -17.674476123118506, "params": {"gamma": 448.6704592912899, "log10_alpha": 0.09153402965944668, "log10_colsample_bytree": -0.49933525485083663, "log10_eta": -1.927852621337756, "log10_lambda": 0.762765566790808, "log10_min_child_weight": 1.1244909093542432, "log10_subsample": -0.7377211057403423, "max_depth": 6.0, "num_boost_round": 8.0}, "datetime": {"datetime": "2024-01-19 01:55:37", "elapsed": 6241.56367, "delta": 0.003905}}
{"target": -17.674220140952944, "params": {"gamma": 448.6704592912899, "log10_alpha": 0.09153402965944668, "log10_colsample_bytree": -0.49933525485083663, "log10_eta": -1.927852621337756, "log10_lambda": 0.762765566790808, "log10_min_child_weight": 1.1244909093542432, "log10_subsample": -0.7377211057403423, "max_depth": 6.0, "num_boost_round": 9.0}, "datetime": {"datetime": "2024-01-19 01:55:37", "elapsed": 6241.567612, "delta": 0.003942}}
{"target": -17.673673832991987, "params": {"gamma": 448.6704592912899, "log10_alpha": 0.09153402965944668, "log10_colsample_bytree": -0.49933525485083663, "log10_eta": -1.927852621337756, "log10_lambda": 0.762765566790808, "log10_min_child_weight": 1.1244909093542432, "log10_subsample": -0.7377211057403423, "max_depth": 6.0, "num_boost_round": 10.0}, "datetime": {"datetime": "2024-01-19 01:55:37", "elapsed": 6241.571578, "delta": 0.003966}}
{"target": -17.673411133075348, "params": {"gamma": 448.6704592912899, "log10_alpha": 0.09153402965944668, "log10_colsample_bytree": -0.49933525485083663, "log10_eta": -1.927852621337756, "log10_lambda": 0.762765566790808, "log10_min_child_weight": 1.1244909093542432, "log10_subsample": -0.7377211057403423, "max_depth": 6.0, "num_boost_round": 11.0}, "datetime": {"datetime": "2024-01-19 01:55:37", "elapsed": 6241.57572, "delta": 0.004142}}
{"target": -17.67362695581987, "params": {"gamma": 448.6704592912899, "log10_alpha": 0.09153402965944668, "log10_colsample_bytree": -0.49933525485083663, "log10_eta": -1.927852621337756, "log10_lambda": 0.762765566790808, "log10_min_child_weight": 1.1244909093542432, "log10_subsample": -0.7377211057403423, "max_depth": 6.0, "num_boost_round": 12.0}, "datetime": {"datetime": "2024-01-19 01:55:37", "elapsed": 6241.5798, "delta": 0.00408}}
{"target": -17.67361705365562, "params": {"gamma": 448.6704592912899, "log10_alpha": 0.09153402965944668, "log10_colsample_bytree": -0.49933525485083663, "log10_eta": -1.927852621337756, "log10_lambda": 0.762765566790808, "log10_min_child_weight": 1.1244909093542432, "log10_subsample": -0.7377211057403423, "max_depth": 6.0, "num_boost_round": 13.0}, "datetime": {"datetime": "2024-01-19 01:55:37", "elapsed": 6241.583836, "delta": 0.004036}}
{"target": -17.673660564639867, "params": {"gamma": 448.6704592912899, "log10_alpha": 0.09153402965944668, "log10_colsample_bytree": -0.49933525485083663, "log10_eta": -1.927852621337756, "log10_lambda": 0.762765566790808, "log10_min_child_weight": 1.1244909093542432, "log10_subsample": -0.7377211057403423, "max_depth": 6.0, "num_boost_round": 14.0}, "datetime": {"datetime": "2024-01-19 01:55:37", "elapsed": 6241.587769, "delta": 0.003933}}
{"target": -17.673729456041762, "params": {"gamma": 448.6704592912899, "log10_alpha": 0.09153402965944668, "log10_colsample_bytree": -0.49933525485083663, "log10_eta": -1.927852621337756, "log10_lambda": 0.762765566790808, "log10_min_child_weight": 1.1244909093542432, "log10_subsample": -0.7377211057403423, "max_depth": 6.0, "num_boost_round": 15.0}, "datetime": {"datetime": "2024-01-19 01:55:37", "elapsed": 6241.591751, "delta": 0.003982}}
{"target": -17.673975986229358, "params": {"gamma": 448.6704592912899, "log10_alpha": 0.09153402965944668, "log10_colsample_bytree": -0.49933525485083663, "log10_eta": -1.927852621337756, "log10_lambda": 0.762765566790808, "log10_min_child_weight": 1.1244909093542432, "log10_subsample": -0.7377211057403423, "max_depth": 6.0, "num_boost_round": 16.0}, "datetime": {"datetime": "2024-01-19 01:55:37", "elapsed": 6241.595808, "delta": 0.004057}}
{"target": -17.67449910593841, "params": {"gamma": 448.6704592912899, "log10_alpha": 0.09153402965944668, "log10_colsample_bytree": -0.49933525485083663, "log10_eta": -1.927852621337756, "log10_lambda": 0.762765566790808, "log10_min_child_weight": 1.1244909093542432, "log10_subsample": -0.7377211057403423, "max_depth": 6.0, "num_boost_round": 17.0}, "datetime": {"datetime": "2024-01-19 01:55:37", "elapsed": 6241.599745, "delta": 0.003937}}
{"target": -17.675246971465057, "params": {"gamma": 448.6704592912899, "log10_alpha": 0.09153402965944668, "log10_colsample_bytree": -0.49933525485083663, "log10_eta": -1.927852621337756, "log10_lambda": 0.762765566790808, "log10_min_child_weight": 1.1244909093542432, "log10_subsample": -0.7377211057403423, "max_depth": 6.0, "num_boost_round": 18.0}, "datetime": {"datetime": "2024-01-19 01:55:37", "elapsed": 6241.603716, "delta": 0.003971}}
{"target": -17.675644204575335, "params": {"gamma": 448.6704592912899, "log10_alpha": 0.09153402965944668, "log10_colsample_bytree": -0.49933525485083663, "log10_eta": -1.927852621337756, "log10_lambda": 0.762765566790808, "log10_min_child_weight": 1.1244909093542432, "log10_subsample": -0.7377211057403423, "max_depth": 6.0, "num_boost_round": 19.0}, "datetime": {"datetime": "2024-01-19 01:55:37", "elapsed": 6241.607806, "delta": 0.00409}}
{"target": -17.67540204530162, "params": {"gamma": 448.6704592912899, "log10_alpha": 0.09153402965944668, "log10_colsample_bytree": -0.49933525485083663, "log10_eta": -1.927852621337756, "log10_lambda": 0.762765566790808, "log10_min_child_weight": 1.1244909093542432, "log10_subsample": -0.7377211057403423, "max_depth": 6.0, "num_boost_round": 20.0}, "datetime": {"datetime": "2024-01-19 01:55:37", "elapsed": 6241.611851, "delta": 0.004045}}
{"target": -17.675047758321124, "params": {"gamma": 448.6704592912899, "log10_alpha": 0.09153402965944668, "log10_colsample_bytree": -0.49933525485083663, "log10_eta": -1.927852621337756, "log10_lambda": 0.762765566790808, "log10_min_child_weight": 1.1244909093542432, "log10_subsample": -0.7377211057403423, "max_depth": 6.0, "num_boost_round": 21.0}, "datetime": {"datetime": "2024-01-19 01:55:37", "elapsed": 6241.615871, "delta": 0.00402}}
{"target": -17.674977983750228, "params": {"gamma": 448.6704592912899, "log10_alpha": 0.09153402965944668, "log10_colsample_bytree": -0.49933525485083663, "log10_eta": -1.927852621337756, "log10_lambda": 0.762765566790808, "log10_min_child_weight": 1.1244909093542432, "log10_subsample": -0.7377211057403423, "max_depth": 6.0, "num_boost_round": 22.0}, "datetime": {"datetime": "2024-01-19 01:55:37", "elapsed": 6241.619818, "delta": 0.003947}}
{"target": -17.674507870304602, "params": {"gamma": 448.6704592912899, "log10_alpha": 0.09153402965944668, "log10_colsample_bytree": -0.49933525485083663, "log10_eta": -1.927852621337756, "log10_lambda": 0.762765566790808, "log10_min_child_weight": 1.1244909093542432, "log10_subsample": -0.7377211057403423, "max_depth": 6.0, "num_boost_round": 23.0}, "datetime": {"datetime": "2024-01-19 01:55:37", "elapsed": 6241.623751, "delta": 0.003933}}
{"target": -17.67464241198449, "params": {"gamma": 448.6704592912899, "log10_alpha": 0.09153402965944668, "log10_colsample_bytree": -0.49933525485083663, "log10_eta": -1.927852621337756, "log10_lambda": 0.762765566790808, "log10_min_child_weight": 1.1244909093542432, "log10_subsample": -0.7377211057403423, "max_depth": 6.0, "num_boost_round": 24.0}, "datetime": {"datetime": "2024-01-19 01:55:37", "elapsed": 6241.627697, "delta": 0.003946}}
{"target": -17.67452031699512, "params": {"gamma": 448.6704592912899, "log10_alpha": 0.09153402965944668, "log10_colsample_bytree": -0.49933525485083663, "log10_eta": -1.927852621337756, "log10_lambda": 0.762765566790808, "log10_min_child_weight": 1.1244909093542432, "log10_subsample": -0.7377211057403423, "max_depth": 6.0, "num_boost_round": 25.0}, "datetime": {"datetime": "2024-01-19 01:55:37", "elapsed": 6241.631718, "delta": 0.004021}}
{"target": -17.674633946577167, "params": {"gamma": 448.6704592912899, "log10_alpha": 0.09153402965944668, "log10_colsample_bytree": -0.49933525485083663, "log10_eta": -1.927852621337756, "log10_lambda": 0.762765566790808, "log10_min_child_weight": 1.1244909093542432, "log10_subsample": -0.7377211057403423, "max_depth": 6.0, "num_boost_round": 26.0}, "datetime": {"datetime": "2024-01-19 01:55:37", "elapsed": 6241.635742, "delta": 0.004024}}
{"target": -17.67434867604936, "params": {"gamma": 448.6704592912899, "log10_alpha": 0.09153402965944668, "log10_colsample_bytree": -0.49933525485083663, "log10_eta": -1.927852621337756, "log10_lambda": 0.762765566790808, "log10_min_child_weight": 1.1244909093542432, "log10_subsample": -0.7377211057403423, "max_depth": 6.0, "num_boost_round": 27.0}, "datetime": {"datetime": "2024-01-19 01:55:37", "elapsed": 6241.639679, "delta": 0.003937}}
