{"target": -13.758485813487795, "params": {"gamma": 489.3530459538625, "log10_alpha": -1.2577753742745985, "log10_colsample_bytree": -0.8938787532186456, "log10_eta": -4.0, "log10_lambda": 0.3114068302272288, "log10_min_child_weight": 1.88975993068694, "log10_subsample": -1.0, "max_depth": 10.0, "num_boost_round": 20.0}, "datetime": {"datetime": "2024-01-19 01:21:50", "elapsed": 4214.519361, "delta": 0.005155}}
{"target": -13.758481727584824, "params": {"gamma": 489.3530459538625, "log10_alpha": -1.2577753742745985, "log10_colsample_bytree": -0.8938787532186456, "log10_eta": -4.0, "log10_lambda": 0.3114068302272288, "log10_min_child_weight": 1.88975993068694, "log10_subsample": -1.0, "max_depth": 10.0, "num_boost_round": 21.0}, "datetime": {"datetime": "2024-01-19 01:21:50", "elapsed": 4214.621582, "delta": 0.102221}}
{"target": -13.758479155096177, "params": {"gamma": 489.3530459538625, "log10_alpha": -1.2577753742745985, "log10_colsample_bytree": -0.8938787532186456, "log10_eta": -4.0, "log10_lambda": 0.3114068302272288, "log10_min_child_weight": 1.88975993068694, "log10_subsample": -1.0, "max_depth": 10.0, "num_boost_round": 22.0}, "datetime": {"datetime": "2024-01-19 01:21:50", "elapsed": 4214.627167, "delta": 0.005585}}
{"target": -13.758476033626433, "params": {"gamma": 489.3530459538625, "log10_alpha": -1.2577753742745985, "log10_colsample_bytree": -0.8938787532186456, "log10_eta": -4.0, "log10_lambda": 0.3114068302272288, "log10_min_child_weight": 1.88975993068694, "log10_subsample": -1.0, "max_depth": 10.0, "num_boost_round": 23.0}, "datetime": {"datetime": "2024-01-19 01:21:50", "elapsed": 4214.632223, "delta": 0.005056}}
{"target": -13.758474365635688, "params": {"gamma": 489.3530459538625, "log10_alpha": -1.2577753742745985, "log10_colsample_bytree": -0.8938787532186456, "log10_eta": -4.0, "log10_lambda": 0.3114068302272288, "log10_min_child_weight": 1.88975993068694, "log10_subsample": -1.0, "max_depth": 10.0, "num_boost_round": 24.0}, "datetime": {"datetime": "2024-01-19 01:21:50", "elapsed": 4214.637301, "delta": 0.005078}}
{"target": -13.758472048980979, "params": {"gamma": 489.3530459538625, "log10_alpha": -1.2577753742745985, "log10_colsample_bytree": -0.8938787532186456, "log10_eta": -4.0, "log10_lambda": 0.3114068302272288, "log10_min_child_weight": 1.88975993068694, "log10_subsample": -1.0, "max_depth": 10.0, "num_boost_round": 25.0}, "datetime": {"datetime": "2024-01-19 01:21:50", "elapsed": 4214.642526, "delta": 0.005225}}
{"target": -13.758468838549506, "params": {"gamma": 489.3530459538625, "log10_alpha": -1.2577753742745985, "log10_colsample_bytree": -0.8938787532186456, "log10_eta": -4.0, "log10_lambda": 0.3114068302272288, "log10_min_child_weight": 1.88975993068694, "log10_subsample": -1.0, "max_depth": 10.0, "num_boost_round": 26.0}, "datetime": {"datetime": "2024-01-19 01:21:50", "elapsed": 4214.647532, "delta": 0.005006}}
{"target": -13.75846529662111, "params": {"gamma": 489.3530459538625, "log10_alpha": -1.2577753742745985, "log10_colsample_bytree": -0.8938787532186456, "log10_eta": -4.0, "log10_lambda": 0.3114068302272288, "log10_min_child_weight": 1.88975993068694, "log10_subsample": -1.0, "max_depth": 10.0, "num_boost_round": 27.0}, "datetime": {"datetime": "2024-01-19 01:21:50", "elapsed": 4214.653144, "delta": 0.005612}}
{"target": -13.758464018994005, "params": {"gamma": 489.3530459538625, "log10_alpha": -1.2577753742745985, "log10_colsample_bytree": -0.8938787532186456, "log10_eta": -4.0, "log10_lambda": 0.3114068302272288, "log10_min_child_weight": 1.88975993068694, "log10_subsample": -1.0, "max_depth": 10.0, "num_boost_round": 28.0}, "datetime": {"datetime": "2024-01-19 01:21:50", "elapsed": 4214.662028, "delta": 0.008884}}
{"target": -13.758459285220054, "params": {"gamma": 489.3530459538625, "log10_alpha": -1.2577753742745985, "log10_colsample_bytree": -0.8938787532186456, "log10_eta": -4.0, "log10_lambda": 0.3114068302272288, "log10_min_child_weight": 1.88975993068694, "log10_subsample": -1.0, "max_depth": 10.0, "num_boost_round": 29.0}, "datetime": {"datetime": "2024-01-19 01:21:50", "elapsed": 4214.667028, "delta": 0.005}}
{"target": -13.758457198609353, "params": {"gamma": 489.3530459538625, "log10_alpha": -1.2577753742745985, "log10_colsample_bytree": -0.8938787532186456, "log10_eta": -4.0, "log10_lambda": 0.3114068302272288, "log10_min_child_weight": 1.88975993068694, "log10_subsample": -1.0, "max_depth": 10.0, "num_boost_round": 30.0}, "datetime": {"datetime": "2024-01-19 01:21:50", "elapsed": 4214.672088, "delta": 0.00506}}
{"target": -13.758452231995337, "params": {"gamma": 489.3530459538625, "log10_alpha": -1.2577753742745985, "log10_colsample_bytree": -0.8938787532186456, "log10_eta": -4.0, "log10_lambda": 0.3114068302272288, "log10_min_child_weight": 1.88975993068694, "log10_subsample": -1.0, "max_depth": 10.0, "num_boost_round": 31.0}, "datetime": {"datetime": "2024-01-19 01:21:50", "elapsed": 4214.677356, "delta": 0.005268}}
{"target": -13.758450283742645, "params": {"gamma": 489.3530459538625, "log10_alpha": -1.2577753742745985, "log10_colsample_bytree": -0.8938787532186456, "log10_eta": -4.0, "log10_lambda": 0.3114068302272288, "log10_min_child_weight": 1.88975993068694, "log10_subsample": -1.0, "max_depth": 10.0, "num_boost_round": 32.0}, "datetime": {"datetime": "2024-01-19 01:21:50", "elapsed": 4214.682361, "delta": 0.005005}}
{"target": -13.758443911243722, "params": {"gamma": 489.3530459538625, "log10_alpha": -1.2577753742745985, "log10_colsample_bytree": -0.8938787532186456, "log10_eta": -4.0, "log10_lambda": 0.3114068302272288, "log10_min_child_weight": 1.88975993068694, "log10_subsample": -1.0, "max_depth": 10.0, "num_boost_round": 33.0}, "datetime": {"datetime": "2024-01-19 01:21:50", "elapsed": 4214.687407, "delta": 0.005046}}
{"target": -13.75844074137815, "params": {"gamma": 489.3530459538625, "log10_alpha": -1.2577753742745985, "log10_colsample_bytree": -0.8938787532186456, "log10_eta": -4.0, "log10_lambda": 0.3114068302272288, "log10_min_child_weight": 1.88975993068694, "log10_subsample": -1.0, "max_depth": 10.0, "num_boost_round": 34.0}, "datetime": {"datetime": "2024-01-19 01:21:50", "elapsed": 4214.692406, "delta": 0.004999}}
{"target": -13.75843488295982, "params": {"gamma": 489.3530459538625, "log10_alpha": -1.2577753742745985, "log10_colsample_bytree": -0.8938787532186456, "log10_eta": -4.0, "log10_lambda": 0.3114068302272288, "log10_min_child_weight": 1.88975993068694, "log10_subsample": -1.0, "max_depth": 10.0, "num_boost_round": 35.0}, "datetime": {"datetime": "2024-01-19 01:21:50", "elapsed": 4214.697525, "delta": 0.005119}}
{"target": -13.758435819704607, "params": {"gamma": 489.3530459538625, "log10_alpha": -1.2577753742745985, "log10_colsample_bytree": -0.8938787532186456, "log10_eta": -4.0, "log10_lambda": 0.3114068302272288, "log10_min_child_weight": 1.88975993068694, "log10_subsample": -1.0, "max_depth": 10.0, "num_boost_round": 36.0}, "datetime": {"datetime": "2024-01-19 01:21:50", "elapsed": 4214.702575, "delta": 0.00505}}
{"target": -13.75843441780417, "params": {"gamma": 489.3530459538625, "log10_alpha": -1.2577753742745985, "log10_colsample_bytree": -0.8938787532186456, "log10_eta": -4.0, "log10_lambda": 0.3114068302272288, "log10_min_child_weight": 1.88975993068694, "log10_subsample": -1.0, "max_depth": 10.0, "num_boost_round": 37.0}, "datetime": {"datetime": "2024-01-19 01:21:50", "elapsed": 4214.708468, "delta": 0.005893}}
{"target": -13.758434713903595, "params": {"gamma": 489.3530459538625, "log10_alpha": -1.2577753742745985, "log10_colsample_bytree": -0.8938787532186456, "log10_eta": -4.0, "log10_lambda": 0.3114068302272288, "log10_min_child_weight": 1.88975993068694, "log10_subsample": -1.0, "max_depth": 10.0, "num_boost_round": 38.0}, "datetime": {"datetime": "2024-01-19 01:21:50", "elapsed": 4214.713595, "delta": 0.005127}}
{"target": -13.758430851111797, "params": {"gamma": 489.3530459538625, "log10_alpha": -1.2577753742745985, "log10_colsample_bytree": -0.8938787532186456, "log10_eta": -4.0, "log10_lambda": 0.3114068302272288, "log10_min_child_weight": 1.88975993068694, "log10_subsample": -1.0, "max_depth": 10.0, "num_boost_round": 39.0}, "datetime": {"datetime": "2024-01-19 01:21:50", "elapsed": 4214.718705, "delta": 0.00511}}
{"target": -13.75842821440314, "params": {"gamma": 489.3530459538625, "log10_alpha": -1.2577753742745985, "log10_colsample_bytree": -0.8938787532186456, "log10_eta": -4.0, "log10_lambda": 0.3114068302272288, "log10_min_child_weight": 1.88975993068694, "log10_subsample": -1.0, "max_depth": 10.0, "num_boost_round": 40.0}, "datetime": {"datetime": "2024-01-19 01:21:50", "elapsed": 4214.72375, "delta": 0.005045}}
{"target": -13.758428601592312, "params": {"gamma": 489.3530459538625, "log10_alpha": -1.2577753742745985, "log10_colsample_bytree": -0.8938787532186456, "log10_eta": -4.0, "log10_lambda": 0.3114068302272288, "log10_min_child_weight": 1.88975993068694, "log10_subsample": -1.0, "max_depth": 10.0, "num_boost_round": 41.0}, "datetime": {"datetime": "2024-01-19 01:21:50", "elapsed": 4214.728748, "delta": 0.004998}}
{"target": -13.758423774895324, "params": {"gamma": 489.3530459538625, "log10_alpha": -1.2577753742745985, "log10_colsample_bytree": -0.8938787532186456, "log10_eta": -4.0, "log10_lambda": 0.3114068302272288, "log10_min_child_weight": 1.88975993068694, "log10_subsample": -1.0, "max_depth": 10.0, "num_boost_round": 42.0}, "datetime": {"datetime": "2024-01-19 01:21:50", "elapsed": 4214.733806, "delta": 0.005058}}
{"target": -13.758423317355073, "params": {"gamma": 489.3530459538625, "log10_alpha": -1.2577753742745985, "log10_colsample_bytree": -0.8938787532186456, "log10_eta": -4.0, "log10_lambda": 0.3114068302272288, "log10_min_child_weight": 1.88975993068694, "log10_subsample": -1.0, "max_depth": 10.0, "num_boost_round": 43.0}, "datetime": {"datetime": "2024-01-19 01:21:50", "elapsed": 4214.739027, "delta": 0.005221}}
{"target": -13.758422663048169, "params": {"gamma": 489.3530459538625, "log10_alpha": -1.2577753742745985, "log10_colsample_bytree": -0.8938787532186456, "log10_eta": -4.0, "log10_lambda": 0.3114068302272288, "log10_min_child_weight": 1.88975993068694, "log10_subsample": -1.0, "max_depth": 10.0, "num_boost_round": 44.0}, "datetime": {"datetime": "2024-01-19 01:21:50", "elapsed": 4214.744114, "delta": 0.005087}}
{"target": -13.758416993176365, "params": {"gamma": 489.3530459538625, "log10_alpha": -1.2577753742745985, "log10_colsample_bytree": -0.8938787532186456, "log10_eta": -4.0, "log10_lambda": 0.3114068302272288, "log10_min_child_weight": 1.88975993068694, "log10_subsample": -1.0, "max_depth": 10.0, "num_boost_round": 45.0}, "datetime": {"datetime": "2024-01-19 01:21:50", "elapsed": 4214.749138, "delta": 0.005024}}
{"target": -13.75841729193389, "params": {"gamma": 489.3530459538625, "log10_alpha": -1.2577753742745985, "log10_colsample_bytree": -0.8938787532186456, "log10_eta": -4.0, "log10_lambda": 0.3114068302272288, "log10_min_child_weight": 1.88975993068694, "log10_subsample": -1.0, "max_depth": 10.0, "num_boost_round": 46.0}, "datetime": {"datetime": "2024-01-19 01:21:50", "elapsed": 4214.754223, "delta": 0.005085}}
{"target": -13.758411850348555, "params": {"gamma": 489.3530459538625, "log10_alpha": -1.2577753742745985, "log10_colsample_bytree": -0.8938787532186456, "log10_eta": -4.0, "log10_lambda": 0.3114068302272288, "log10_min_child_weight": 1.88975993068694, "log10_subsample": -1.0, "max_depth": 10.0, "num_boost_round": 47.0}, "datetime": {"datetime": "2024-01-19 01:21:50", "elapsed": 4214.75929, "delta": 0.005067}}
{"target": -13.758406739179552, "params": {"gamma": 489.3530459538625, "log10_alpha": -1.2577753742745985, "log10_colsample_bytree": -0.8938787532186456, "log10_eta": -4.0, "log10_lambda": 0.3114068302272288, "log10_min_child_weight": 1.88975993068694, "log10_subsample": -1.0, "max_depth": 10.0, "num_boost_round": 48.0}, "datetime": {"datetime": "2024-01-19 01:21:50", "elapsed": 4214.764385, "delta": 0.005095}}
{"target": -13.758404445497522, "params": {"gamma": 489.3530459538625, "log10_alpha": -1.2577753742745985, "log10_colsample_bytree": -0.8938787532186456, "log10_eta": -4.0, "log10_lambda": 0.3114068302272288, "log10_min_child_weight": 1.88975993068694, "log10_subsample": -1.0, "max_depth": 10.0, "num_boost_round": 49.0}, "datetime": {"datetime": "2024-01-19 01:21:50", "elapsed": 4214.769614, "delta": 0.005229}}
{"target": -13.758404224957497, "params": {"gamma": 489.3530459538625, "log10_alpha": -1.2577753742745985, "log10_colsample_bytree": -0.8938787532186456, "log10_eta": -4.0, "log10_lambda": 0.3114068302272288, "log10_min_child_weight": 1.88975993068694, "log10_subsample": -1.0, "max_depth": 10.0, "num_boost_round": 50.0}, "datetime": {"datetime": "2024-01-19 01:21:50", "elapsed": 4214.774679, "delta": 0.005065}}
{"target": -13.75840278121491, "params": {"gamma": 489.3530459538625, "log10_alpha": -1.2577753742745985, "log10_colsample_bytree": -0.8938787532186456, "log10_eta": -4.0, "log10_lambda": 0.3114068302272288, "log10_min_child_weight": 1.88975993068694, "log10_subsample": -1.0, "max_depth": 10.0, "num_boost_round": 51.0}, "datetime": {"datetime": "2024-01-19 01:21:50", "elapsed": 4214.779741, "delta": 0.005062}}
{"target": -13.758402087709703, "params": {"gamma": 489.3530459538625, "log10_alpha": -1.2577753742745985, "log10_colsample_bytree": -0.8938787532186456, "log10_eta": -4.0, "log10_lambda": 0.3114068302272288, "log10_min_child_weight": 1.88975993068694, "log10_subsample": -1.0, "max_depth": 10.0, "num_boost_round": 52.0}, "datetime": {"datetime": "2024-01-19 01:21:50", "elapsed": 4214.784812, "delta": 0.005071}}
{"target": -13.758396350209447, "params": {"gamma": 489.3530459538625, "log10_alpha": -1.2577753742745985, "log10_colsample_bytree": -0.8938787532186456, "log10_eta": -4.0, "log10_lambda": 0.3114068302272288, "log10_min_child_weight": 1.88975993068694, "log10_subsample": -1.0, "max_depth": 10.0, "num_boost_round": 53.0}, "datetime": {"datetime": "2024-01-19 01:21:50", "elapsed": 4214.789859, "delta": 0.005047}}
{"target": -13.75839477508918, "params": {"gamma": 489.3530459538625, "log10_alpha": -1.2577753742745985, "log10_colsample_bytree": -0.8938787532186456, "log10_eta": -4.0, "log10_lambda": 0.3114068302272288, "log10_min_child_weight": 1.88975993068694, "log10_subsample": -1.0, "max_depth": 10.0, "num_boost_round": 54.0}, "datetime": {"datetime": "2024-01-19 01:21:50", "elapsed": 4214.794962, "delta": 0.005103}}
{"target": -13.758391607216504, "params": {"gamma": 489.3530459538625, "log10_alpha": -1.2577753742745985, "log10_colsample_bytree": -0.8938787532186456, "log10_eta": -4.0, "log10_lambda": 0.3114068302272288, "log10_min_child_weight": 1.88975993068694, "log10_subsample": -1.0, "max_depth": 10.0, "num_boost_round": 55.0}, "datetime": {"datetime": "2024-01-19 01:21:50", "elapsed": 4214.800192, "delta": 0.00523}}
{"target": -13.758389403221463, "params": {"gamma": 489.3530459538625, "log10_alpha": -1.2577753742745985, "log10_colsample_bytree": -0.8938787532186456, "log10_eta": -4.0, "log10_lambda": 0.3114068302272288, "log10_min_child_weight": 1.88975993068694, "log10_subsample": -1.0, "max_depth": 10.0, "num_boost_round": 56.0}, "datetime": {"datetime": "2024-01-19 01:21:50", "elapsed": 4214.805208, "delta": 0.005016}}
{"target": -13.758389016167774, "params": {"gamma": 489.3530459538625, "log10_alpha": -1.2577753742745985, "log10_colsample_bytree": -0.8938787532186456, "log10_eta": -4.0, "log10_lambda": 0.3114068302272288, "log10_min_child_weight": 1.88975993068694, "log10_subsample": -1.0, "max_depth": 10.0, "num_boost_round": 57.0}, "datetime": {"datetime": "2024-01-19 01:21:50", "elapsed": 4214.810234, "delta": 0.005026}}
{"target": -13.758385096023703, "params": {"gamma": 489.3530459538625, "log10_alpha": -1.2577753742745985, "log10_colsample_bytree": -0.8938787532186456, "log10_eta": -4.0, "log10_lambda": 0.3114068302272288, "log10_min_child_weight": 1.88975993068694, "log10_subsample": -1.0, "max_depth": 10.0, "num_boost_round": 58.0}, "datetime": {"datetime": "2024-01-19 01:21:50", "elapsed": 4214.815281, "delta": 0.005047}}
{"target": -13.758382244700009, "params": {"gamma": 489.3530459538625, "log10_alpha": -1.2577753742745985, "log10_colsample_bytree": -0.8938787532186456, "log10_eta": -4.0, "log10_lambda": 0.3114068302272288, "log10_min_child_weight": 1.88975993068694, "log10_subsample": -1.0, "max_depth": 10.0, "num_boost_round": 59.0}, "datetime": {"datetime": "2024-01-19 01:21:50", "elapsed": 4214.820427, "delta": 0.005146}}
{"target": -13.75838395547188, "params": {"gamma": 489.3530459538625, "log10_alpha": -1.2577753742745985, "log10_colsample_bytree": -0.8938787532186456, "log10_eta": -4.0, "log10_lambda": 0.3114068302272288, "log10_min_child_weight": 1.88975993068694, "log10_subsample": -1.0, "max_depth": 10.0, "num_boost_round": 60.0}, "datetime": {"datetime": "2024-01-19 01:21:50", "elapsed": 4214.825521, "delta": 0.005094}}
{"target": -13.758380270796689, "params": {"gamma": 489.3530459538625, "log10_alpha": -1.2577753742745985, "log10_colsample_bytree": -0.8938787532186456, "log10_eta": -4.0, "log10_lambda": 0.3114068302272288, "log10_min_child_weight": 1.88975993068694, "log10_subsample": -1.0, "max_depth": 10.0, "num_boost_round": 61.0}, "datetime": {"datetime": "2024-01-19 01:21:50", "elapsed": 4214.830774, "delta": 0.005253}}
{"target": -13.758535452335654, "params": {"gamma": 488.119896754592, "log10_alpha": -2.2167825218510826, "log10_colsample_bytree": -0.3645900169288354, "log10_eta": -3.6793336234270955, "log10_lambda": -4.221723227442401, "log10_min_child_weight": 0.793553817326848, "log10_subsample": -0.10625169565675885, "max_depth": 5.0, "num_boost_round": 0.0}, "datetime": {"datetime": "2024-01-19 01:23:32", "elapsed": 4316.162099, "delta": 101.331325}}
{"target": -13.75852819373294, "params": {"gamma": 488.119896754592, "log10_alpha": -2.2167825218510826, "log10_colsample_bytree": -0.3645900169288354, "log10_eta": -3.6793336234270955, "log10_lambda": -4.221723227442401, "log10_min_child_weight": 0.793553817326848, "log10_subsample": -0.10625169565675885, "max_depth": 5.0, "num_boost_round": 1.0}, "datetime": {"datetime": "2024-01-19 01:23:32", "elapsed": 4316.167543, "delta": 0.005444}}
{"target": -13.758525303180305, "params": {"gamma": 488.119896754592, "log10_alpha": -2.2167825218510826, "log10_colsample_bytree": -0.3645900169288354, "log10_eta": -3.6793336234270955, "log10_lambda": -4.221723227442401, "log10_min_child_weight": 0.793553817326848, "log10_subsample": -0.10625169565675885, "max_depth": 5.0, "num_boost_round": 2.0}, "datetime": {"datetime": "2024-01-19 01:23:32", "elapsed": 4316.172603, "delta": 0.00506}}
{"target": -13.758522373901366, "params": {"gamma": 488.119896754592, "log10_alpha": -2.2167825218510826, "log10_colsample_bytree": -0.3645900169288354, "log10_eta": -3.6793336234270955, "log10_lambda": -4.221723227442401, "log10_min_child_weight": 0.793553817326848, "log10_subsample": -0.10625169565675885, "max_depth": 5.0, "num_boost_round": 3.0}, "datetime": {"datetime": "2024-01-19 01:23:32", "elapsed": 4316.177718, "delta": 0.005115}}
{"target": -13.758518196045173, "params": {"gamma": 488.119896754592, "log10_alpha": -2.2167825218510826, "log10_colsample_bytree": -0.3645900169288354, "log10_eta": -3.6793336234270955, "log10_lambda": -4.221723227442401, "log10_min_child_weight": 0.793553817326848, "log10_subsample": -0.10625169565675885, "max_depth": 5.0, "num_boost_round": 4.0}, "datetime": {"datetime": "2024-01-19 01:23:32", "elapsed": 4316.182822, "delta": 0.005104}}
{"target": -13.758509230614035, "params": {"gamma": 488.119896754592, "log10_alpha": -2.2167825218510826, "log10_colsample_bytree": -0.3645900169288354, "log10_eta": -3.6793336234270955, "log10_lambda": -4.221723227442401, "log10_min_child_weight": 0.793553817326848, "log10_subsample": -0.10625169565675885, "max_depth": 5.0, "num_boost_round": 5.0}, "datetime": {"datetime": "2024-01-19 01:23:32", "elapsed": 4316.188093, "delta": 0.005271}}
{"target": -13.758506445721876, "params": {"gamma": 488.119896754592, "log10_alpha": -2.2167825218510826, "log10_colsample_bytree": -0.3645900169288354, "log10_eta": -3.6793336234270955, "log10_lambda": -4.221723227442401, "log10_min_child_weight": 0.793553817326848, "log10_subsample": -0.10625169565675885, "max_depth": 5.0, "num_boost_round": 6.0}, "datetime": {"datetime": "2024-01-19 01:23:32", "elapsed": 4316.193106, "delta": 0.005013}}
{"target": -13.758499551772665, "params": {"gamma": 488.119896754592, "log10_alpha": -2.2167825218510826, "log10_colsample_bytree": -0.3645900169288354, "log10_eta": -3.6793336234270955, "log10_lambda": -4.221723227442401, "log10_min_child_weight": 0.793553817326848, "log10_subsample": -0.10625169565675885, "max_depth": 5.0, "num_boost_round": 7.0}, "datetime": {"datetime": "2024-01-19 01:23:32", "elapsed": 4316.198094, "delta": 0.004988}}
{"target": -13.758492738830913, "params": {"gamma": 488.119896754592, "log10_alpha": -2.2167825218510826, "log10_colsample_bytree": -0.3645900169288354, "log10_eta": -3.6793336234270955, "log10_lambda": -4.221723227442401, "log10_min_child_weight": 0.793553817326848, "log10_subsample": -0.10625169565675885, "max_depth": 5.0, "num_boost_round": 8.0}, "datetime": {"datetime": "2024-01-19 01:23:32", "elapsed": 4316.203111, "delta": 0.005017}}
{"target": -13.758489328015699, "params": {"gamma": 488.119896754592, "log10_alpha": -2.2167825218510826, "log10_colsample_bytree": -0.3645900169288354, "log10_eta": -3.6793336234270955, "log10_lambda": -4.221723227442401, "log10_min_child_weight": 0.793553817326848, "log10_subsample": -0.10625169565675885, "max_depth": 5.0, "num_boost_round": 9.0}, "datetime": {"datetime": "2024-01-19 01:23:32", "elapsed": 4316.208176, "delta": 0.005065}}
