{"target": -13.883454752811037, "params": {"gamma": 49.76305084334554, "log10_alpha": 0.6159855307092963, "log10_colsample_bytree": -0.7152154272086736, "log10_eta": -0.7466791248769504, "log10_lambda": -2.0487441306778287, "log10_min_child_weight": 0.15676395392452136, "log10_subsample": -0.381067395296915, "max_depth": 8.0, "num_boost_round": 13.0}, "datetime": {"datetime": "2024-01-19 01:04:47", "elapsed": 3195.714295, "delta": 0.003041}}
{"target": -13.895721114570232, "params": {"gamma": 49.76305084334554, "log10_alpha": 0.6159855307092963, "log10_colsample_bytree": -0.7152154272086736, "log10_eta": -0.7466791248769504, "log10_lambda": -2.0487441306778287, "log10_min_child_weight": 0.15676395392452136, "log10_subsample": -0.381067395296915, "max_depth": 8.0, "num_boost_round": 14.0}, "datetime": {"datetime": "2024-01-19 01:04:47", "elapsed": 3195.717425, "delta": 0.00313}}
{"target": -13.903794119095876, "params": {"gamma": 49.76305084334554, "log10_alpha": 0.6159855307092963, "log10_colsample_bytree": -0.7152154272086736, "log10_eta": -0.7466791248769504, "log10_lambda": -2.0487441306778287, "log10_min_child_weight": 0.15676395392452136, "log10_subsample": -0.381067395296915, "max_depth": 8.0, "num_boost_round": 15.0}, "datetime": {"datetime": "2024-01-19 01:04:47", "elapsed": 3195.720472, "delta": 0.003047}}
{"target": -13.907304273704813, "params": {"gamma": 49.76305084334554, "log10_alpha": 0.6159855307092963, "log10_colsample_bytree": -0.7152154272086736, "log10_eta": -0.7466791248769504, "log10_lambda": -2.0487441306778287, "log10_min_child_weight": 0.15676395392452136, "log10_subsample": -0.381067395296915, "max_depth": 8.0, "num_boost_round": 16.0}, "datetime": {"datetime": "2024-01-19 01:04:47", "elapsed": 3195.723507, "delta": 0.003035}}
{"target": -13.91473529478966, "params": {"gamma": 49.76305084334554, "log10_alpha": 0.6159855307092963, "log10_colsample_bytree": -0.7152154272086736, "log10_eta": -0.7466791248769504, "log10_lambda": -2.0487441306778287, "log10_min_child_weight": 0.15676395392452136, "log10_subsample": -0.381067395296915, "max_depth": 8.0, "num_boost_round": 17.0}, "datetime": {"datetime": "2024-01-19 01:04:47", "elapsed": 3195.726566, "delta": 0.003059}}
{"target": -13.915668764245854, "params": {"gamma": 49.76305084334554, "log10_alpha": 0.6159855307092963, "log10_colsample_bytree": -0.7152154272086736, "log10_eta": -0.7466791248769504, "log10_lambda": -2.0487441306778287, "log10_min_child_weight": 0.15676395392452136, "log10_subsample": -0.381067395296915, "max_depth": 8.0, "num_boost_round": 18.0}, "datetime": {"datetime": "2024-01-19 01:04:47", "elapsed": 3195.729698, "delta": 0.003132}}
{"target": -13.928427319854931, "params": {"gamma": 49.76305084334554, "log10_alpha": 0.6159855307092963, "log10_colsample_bytree": -0.7152154272086736, "log10_eta": -0.7466791248769504, "log10_lambda": -2.0487441306778287, "log10_min_child_weight": 0.15676395392452136, "log10_subsample": -0.381067395296915, "max_depth": 8.0, "num_boost_round": 19.0}, "datetime": {"datetime": "2024-01-19 01:04:47", "elapsed": 3195.73274, "delta": 0.003042}}
{"target": -13.940090293070137, "params": {"gamma": 49.76305084334554, "log10_alpha": 0.6159855307092963, "log10_colsample_bytree": -0.7152154272086736, "log10_eta": -0.7466791248769504, "log10_lambda": -2.0487441306778287, "log10_min_child_weight": 0.15676395392452136, "log10_subsample": -0.381067395296915, "max_depth": 8.0, "num_boost_round": 20.0}, "datetime": {"datetime": "2024-01-19 01:04:47", "elapsed": 3195.735799, "delta": 0.003059}}
{"target": -13.948578857354317, "params": {"gamma": 49.76305084334554, "log10_alpha": 0.6159855307092963, "log10_colsample_bytree": -0.7152154272086736, "log10_eta": -0.7466791248769504, "log10_lambda": -2.0487441306778287, "log10_min_child_weight": 0.15676395392452136, "log10_subsample": -0.381067395296915, "max_depth": 8.0, "num_boost_round": 21.0}, "datetime": {"datetime": "2024-01-19 01:04:47", "elapsed": 3195.738836, "delta": 0.003037}}
{"target": -13.953325647950212, "params": {"gamma": 49.76305084334554, "log10_alpha": 0.6159855307092963, "log10_colsample_bytree": -0.7152154272086736, "log10_eta": -0.7466791248769504, "log10_lambda": -2.0487441306778287, "log10_min_child_weight": 0.15676395392452136, "log10_subsample": -0.381067395296915, "max_depth": 8.0, "num_boost_round": 22.0}, "datetime": {"datetime": "2024-01-19 01:04:47", "elapsed": 3195.741895, "delta": 0.003059}}
{"target": -13.758546358560006, "params": {"gamma": 32.28430497941759, "log10_alpha": -1.141413782762482, "log10_colsample_bytree": -0.7814961799685269, "log10_eta": -2.909911390202927, "log10_lambda": 0.19253362729238255, "log10_min_child_weight": 3.3478316618635717, "log10_subsample": -0.989151162096495, "max_depth": 4.0, "num_boost_round": 0.0}, "datetime": {"datetime": "2024-01-19 01:05:20", "elapsed": 3228.573395, "delta": 32.8315}}
{"target": -13.758532786139138, "params": {"gamma": 32.28430497941759, "log10_alpha": -1.141413782762482, "log10_colsample_bytree": -0.7814961799685269, "log10_eta": -2.909911390202927, "log10_lambda": 0.19253362729238255, "log10_min_child_weight": 3.3478316618635717, "log10_subsample": -0.989151162096495, "max_depth": 4.0, "num_boost_round": 1.0}, "datetime": {"datetime": "2024-01-19 01:05:20", "elapsed": 3228.577494, "delta": 0.004099}}
{"target": -13.758527283460309, "params": {"gamma": 32.28430497941759, "log10_alpha": -1.141413782762482, "log10_colsample_bytree": -0.7814961799685269, "log10_eta": -2.909911390202927, "log10_lambda": 0.19253362729238255, "log10_min_child_weight": 3.3478316618635717, "log10_subsample": -0.989151162096495, "max_depth": 4.0, "num_boost_round": 2.0}, "datetime": {"datetime": "2024-01-19 01:05:20", "elapsed": 3228.580728, "delta": 0.003234}}
{"target": -13.758528799171499, "params": {"gamma": 32.28430497941759, "log10_alpha": -1.141413782762482, "log10_colsample_bytree": -0.7814961799685269, "log10_eta": -2.909911390202927, "log10_lambda": 0.19253362729238255, "log10_min_child_weight": 3.3478316618635717, "log10_subsample": -0.989151162096495, "max_depth": 4.0, "num_boost_round": 3.0}, "datetime": {"datetime": "2024-01-19 01:05:20", "elapsed": 3228.583897, "delta": 0.003169}}
{"target": -13.758531586951491, "params": {"gamma": 32.28430497941759, "log10_alpha": -1.141413782762482, "log10_colsample_bytree": -0.7814961799685269, "log10_eta": -2.909911390202927, "log10_lambda": 0.19253362729238255, "log10_min_child_weight": 3.3478316618635717, "log10_subsample": -0.989151162096495, "max_depth": 4.0, "num_boost_round": 4.0}, "datetime": {"datetime": "2024-01-19 01:05:20", "elapsed": 3228.586975, "delta": 0.003078}}
{"target": -13.758519597161342, "params": {"gamma": 32.28430497941759, "log10_alpha": -1.141413782762482, "log10_colsample_bytree": -0.7814961799685269, "log10_eta": -2.909911390202927, "log10_lambda": 0.19253362729238255, "log10_min_child_weight": 3.3478316618635717, "log10_subsample": -0.989151162096495, "max_depth": 4.0, "num_boost_round": 5.0}, "datetime": {"datetime": "2024-01-19 01:05:20", "elapsed": 3228.590216, "delta": 0.003241}}
{"target": -13.758537763494092, "params": {"gamma": 32.28430497941759, "log10_alpha": -1.141413782762482, "log10_colsample_bytree": -0.7814961799685269, "log10_eta": -2.909911390202927, "log10_lambda": 0.19253362729238255, "log10_min_child_weight": 3.3478316618635717, "log10_subsample": -0.989151162096495, "max_depth": 4.0, "num_boost_round": 6.0}, "datetime": {"datetime": "2024-01-19 01:05:20", "elapsed": 3228.593301, "delta": 0.003085}}
{"target": -13.75852050456195, "params": {"gamma": 32.28430497941759, "log10_alpha": -1.141413782762482, "log10_colsample_bytree": -0.7814961799685269, "log10_eta": -2.909911390202927, "log10_lambda": 0.19253362729238255, "log10_min_child_weight": 3.3478316618635717, "log10_subsample": -0.989151162096495, "max_depth": 4.0, "num_boost_round": 7.0}, "datetime": {"datetime": "2024-01-19 01:05:20", "elapsed": 3228.596345, "delta": 0.003044}}
{"target": -13.758521274198877, "params": {"gamma": 32.28430497941759, "log10_alpha": -1.141413782762482, "log10_colsample_bytree": -0.7814961799685269, "log10_eta": -2.909911390202927, "log10_lambda": 0.19253362729238255, "log10_min_child_weight": 3.3478316618635717, "log10_subsample": -0.989151162096495, "max_depth": 4.0, "num_boost_round": 8.0}, "datetime": {"datetime": "2024-01-19 01:05:20", "elapsed": 3228.599421, "delta": 0.003076}}
{"target": -13.758527069294221, "params": {"gamma": 32.28430497941759, "log10_alpha": -1.141413782762482, "log10_colsample_bytree": -0.7814961799685269, "log10_eta": -2.909911390202927, "log10_lambda": 0.19253362729238255, "log10_min_child_weight": 3.3478316618635717, "log10_subsample": -0.989151162096495, "max_depth": 4.0, "num_boost_round": 9.0}, "datetime": {"datetime": "2024-01-19 01:05:20", "elapsed": 3228.602572, "delta": 0.003151}}
{"target": -13.758505115802278, "params": {"gamma": 32.28430497941759, "log10_alpha": -1.141413782762482, "log10_colsample_bytree": -0.7814961799685269, "log10_eta": -2.909911390202927, "log10_lambda": 0.19253362729238255, "log10_min_child_weight": 3.3478316618635717, "log10_subsample": -0.989151162096495, "max_depth": 4.0, "num_boost_round": 10.0}, "datetime": {"datetime": "2024-01-19 01:05:20", "elapsed": 3228.605674, "delta": 0.003102}}
{"target": -13.758493961618136, "params": {"gamma": 32.28430497941759, "log10_alpha": -1.141413782762482, "log10_colsample_bytree": -0.7814961799685269, "log10_eta": -2.909911390202927, "log10_lambda": 0.19253362729238255, "log10_min_child_weight": 3.3478316618635717, "log10_subsample": -0.989151162096495, "max_depth": 4.0, "num_boost_round": 11.0}, "datetime": {"datetime": "2024-01-19 01:05:20", "elapsed": 3228.608765, "delta": 0.003091}}
{"target": -13.758497255342606, "params": {"gamma": 32.28430497941759, "log10_alpha": -1.141413782762482, "log10_colsample_bytree": -0.7814961799685269, "log10_eta": -2.909911390202927, "log10_lambda": 0.19253362729238255, "log10_min_child_weight": 3.3478316618635717, "log10_subsample": -0.989151162096495, "max_depth": 4.0, "num_boost_round": 12.0}, "datetime": {"datetime": "2024-01-19 01:05:20", "elapsed": 3228.611871, "delta": 0.003106}}
{"target": -13.758502806681227, "params": {"gamma": 32.28430497941759, "log10_alpha": -1.141413782762482, "log10_colsample_bytree": -0.7814961799685269, "log10_eta": -2.909911390202927, "log10_lambda": 0.19253362729238255, "log10_min_child_weight": 3.3478316618635717, "log10_subsample": -0.989151162096495, "max_depth": 4.0, "num_boost_round": 13.0}, "datetime": {"datetime": "2024-01-19 01:05:20", "elapsed": 3228.614965, "delta": 0.003094}}
{"target": -13.758491298569625, "params": {"gamma": 32.28430497941759, "log10_alpha": -1.141413782762482, "log10_colsample_bytree": -0.7814961799685269, "log10_eta": -2.909911390202927, "log10_lambda": 0.19253362729238255, "log10_min_child_weight": 3.3478316618635717, "log10_subsample": -0.989151162096495, "max_depth": 4.0, "num_boost_round": 14.0}, "datetime": {"datetime": "2024-01-19 01:05:20", "elapsed": 3228.618131, "delta": 0.003166}}
{"target": -13.758482792060965, "params": {"gamma": 32.28430497941759, "log10_alpha": -1.141413782762482, "log10_colsample_bytree": -0.7814961799685269, "log10_eta": -2.909911390202927, "log10_lambda": 0.19253362729238255, "log10_min_child_weight": 3.3478316618635717, "log10_subsample": -0.989151162096495, "max_depth": 4.0, "num_boost_round": 15.0}, "datetime": {"datetime": "2024-01-19 01:05:20", "elapsed": 3228.621263, "delta": 0.003132}}
{"target": -13.75847095142263, "params": {"gamma": 32.28430497941759, "log10_alpha": -1.141413782762482, "log10_colsample_bytree": -0.7814961799685269, "log10_eta": -2.909911390202927, "log10_lambda": 0.19253362729238255, "log10_min_child_weight": 3.3478316618635717, "log10_subsample": -0.989151162096495, "max_depth": 4.0, "num_boost_round": 16.0}, "datetime": {"datetime": "2024-01-19 01:05:20", "elapsed": 3228.624345, "delta": 0.003082}}
{"target": -13.758467260250523, "params": {"gamma": 32.28430497941759, "log10_alpha": -1.141413782762482, "log10_colsample_bytree": -0.7814961799685269, "log10_eta": -2.909911390202927, "log10_lambda": 0.19253362729238255, "log10_min_child_weight": 3.3478316618635717, "log10_subsample": -0.989151162096495, "max_depth": 4.0, "num_boost_round": 17.0}, "datetime": {"datetime": "2024-01-19 01:05:20", "elapsed": 3228.627476, "delta": 0.003131}}
{"target": -13.758508526216355, "params": {"gamma": 41.04395513688852, "log10_alpha": -0.7449623337867939, "log10_colsample_bytree": -0.6456726008725774, "log10_eta": -2.917406944771864, "log10_lambda": -3.15278327657367, "log10_min_child_weight": 1.0532088065092164, "log10_subsample": -0.7384256767714322, "max_depth": 6.0, "num_boost_round": 0.0}, "datetime": {"datetime": "2024-01-19 01:05:57", "elapsed": 3265.777455, "delta": 37.149979}}
{"target": -13.758393052648714, "params": {"gamma": 41.04395513688852, "log10_alpha": -0.7449623337867939, "log10_colsample_bytree": -0.6456726008725774, "log10_eta": -2.917406944771864, "log10_lambda": -3.15278327657367, "log10_min_child_weight": 1.0532088065092164, "log10_subsample": -0.7384256767714322, "max_depth": 6.0, "num_boost_round": 1.0}, "datetime": {"datetime": "2024-01-19 01:05:57", "elapsed": 3265.782051, "delta": 0.004596}}
{"target": -13.758306015027195, "params": {"gamma": 41.04395513688852, "log10_alpha": -0.7449623337867939, "log10_colsample_bytree": -0.6456726008725774, "log10_eta": -2.917406944771864, "log10_lambda": -3.15278327657367, "log10_min_child_weight": 1.0532088065092164, "log10_subsample": -0.7384256767714322, "max_depth": 6.0, "num_boost_round": 2.0}, "datetime": {"datetime": "2024-01-19 01:05:57", "elapsed": 3265.786002, "delta": 0.003951}}
{"target": -13.758239367106476, "params": {"gamma": 41.04395513688852, "log10_alpha": -0.7449623337867939, "log10_colsample_bytree": -0.6456726008725774, "log10_eta": -2.917406944771864, "log10_lambda": -3.15278327657367, "log10_min_child_weight": 1.0532088065092164, "log10_subsample": -0.7384256767714322, "max_depth": 6.0, "num_boost_round": 3.0}, "datetime": {"datetime": "2024-01-19 01:05:57", "elapsed": 3265.789363, "delta": 0.003361}}
{"target": -13.758247518484856, "params": {"gamma": 41.04395513688852, "log10_alpha": -0.7449623337867939, "log10_colsample_bytree": -0.6456726008725774, "log10_eta": -2.917406944771864, "log10_lambda": -3.15278327657367, "log10_min_child_weight": 1.0532088065092164, "log10_subsample": -0.7384256767714322, "max_depth": 6.0, "num_boost_round": 4.0}, "datetime": {"datetime": "2024-01-19 01:05:57", "elapsed": 3265.792654, "delta": 0.003291}}
{"target": -13.758138553515783, "params": {"gamma": 41.04395513688852, "log10_alpha": -0.7449623337867939, "log10_colsample_bytree": -0.6456726008725774, "log10_eta": -2.917406944771864, "log10_lambda": -3.15278327657367, "log10_min_child_weight": 1.0532088065092164, "log10_subsample": -0.7384256767714322, "max_depth": 6.0, "num_boost_round": 5.0}, "datetime": {"datetime": "2024-01-19 01:05:57", "elapsed": 3265.795944, "delta": 0.00329}}
{"target": -13.758095683602194, "params": {"gamma": 41.04395513688852, "log10_alpha": -0.7449623337867939, "log10_colsample_bytree": -0.6456726008725774, "log10_eta": -2.917406944771864, "log10_lambda": -3.15278327657367, "log10_min_child_weight": 1.0532088065092164, "log10_subsample": -0.7384256767714322, "max_depth": 6.0, "num_boost_round": 6.0}, "datetime": {"datetime": "2024-01-19 01:05:57", "elapsed": 3265.799306, "delta": 0.003362}}
{"target": -13.758087451927864, "params": {"gamma": 41.04395513688852, "log10_alpha": -0.7449623337867939, "log10_colsample_bytree": -0.6456726008725774, "log10_eta": -2.917406944771864, "log10_lambda": -3.15278327657367, "log10_min_child_weight": 1.0532088065092164, "log10_subsample": -0.7384256767714322, "max_depth": 6.0, "num_boost_round": 7.0}, "datetime": {"datetime": "2024-01-19 01:05:57", "elapsed": 3265.802517, "delta": 0.003211}}
{"target": -13.758059471649329, "params": {"gamma": 41.04395513688852, "log10_alpha": -0.7449623337867939, "log10_colsample_bytree": -0.6456726008725774, "log10_eta": -2.917406944771864, "log10_lambda": -3.15278327657367, "log10_min_child_weight": 1.0532088065092164, "log10_subsample": -0.7384256767714322, "max_depth": 6.0, "num_boost_round": 8.0}, "datetime": {"datetime": "2024-01-19 01:05:57", "elapsed": 3265.805712, "delta": 0.003195}}
{"target": -13.758061220044647, "params": {"gamma": 41.04395513688852, "log10_alpha": -0.7449623337867939, "log10_colsample_bytree": -0.6456726008725774, "log10_eta": -2.917406944771864, "log10_lambda": -3.15278327657367, "log10_min_child_weight": 1.0532088065092164, "log10_subsample": -0.7384256767714322, "max_depth": 6.0, "num_boost_round": 9.0}, "datetime": {"datetime": "2024-01-19 01:05:57", "elapsed": 3265.808865, "delta": 0.003153}}
{"target": -13.758021484217293, "params": {"gamma": 41.04395513688852, "log10_alpha": -0.7449623337867939, "log10_colsample_bytree": -0.6456726008725774, "log10_eta": -2.917406944771864, "log10_lambda": -3.15278327657367, "log10_min_child_weight": 1.0532088065092164, "log10_subsample": -0.7384256767714322, "max_depth": 6.0, "num_boost_round": 10.0}, "datetime": {"datetime": "2024-01-19 01:05:57", "elapsed": 3265.811978, "delta": 0.003113}}
{"target": -13.757987274905771, "params": {"gamma": 41.04395513688852, "log10_alpha": -0.7449623337867939, "log10_colsample_bytree": -0.6456726008725774, "log10_eta": -2.917406944771864, "log10_lambda": -3.15278327657367, "log10_min_child_weight": 1.0532088065092164, "log10_subsample": -0.7384256767714322, "max_depth": 6.0, "num_boost_round": 11.0}, "datetime": {"datetime": "2024-01-19 01:05:57", "elapsed": 3265.815131, "delta": 0.003153}}
{"target": -13.758038222917826, "params": {"gamma": 41.04395513688852, "log10_alpha": -0.7449623337867939, "log10_colsample_bytree": -0.6456726008725774, "log10_eta": -2.917406944771864, "log10_lambda": -3.15278327657367, "log10_min_child_weight": 1.0532088065092164, "log10_subsample": -0.7384256767714322, "max_depth": 6.0, "num_boost_round": 12.0}, "datetime": {"datetime": "2024-01-19 01:05:57", "elapsed": 3265.81829, "delta": 0.003159}}
{"target": -13.757982039256797, "params": {"gamma": 41.04395513688852, "log10_alpha": -0.7449623337867939, "log10_colsample_bytree": -0.6456726008725774, "log10_eta": -2.917406944771864, "log10_lambda": -3.15278327657367, "log10_min_child_weight": 1.0532088065092164, "log10_subsample": -0.7384256767714322, "max_depth": 6.0, "num_boost_round": 13.0}, "datetime": {"datetime": "2024-01-19 01:05:57", "elapsed": 3265.82145, "delta": 0.00316}}
{"target": -13.757966081487432, "params": {"gamma": 41.04395513688852, "log10_alpha": -0.7449623337867939, "log10_colsample_bytree": -0.6456726008725774, "log10_eta": -2.917406944771864, "log10_lambda": -3.15278327657367, "log10_min_child_weight": 1.0532088065092164, "log10_subsample": -0.7384256767714322, "max_depth": 6.0, "num_boost_round": 14.0}, "datetime": {"datetime": "2024-01-19 01:05:57", "elapsed": 3265.824623, "delta": 0.003173}}
{"target": -13.757938187273458, "params": {"gamma": 41.04395513688852, "log10_alpha": -0.7449623337867939, "log10_colsample_bytree": -0.6456726008725774, "log10_eta": -2.917406944771864, "log10_lambda": -3.15278327657367, "log10_min_child_weight": 1.0532088065092164, "log10_subsample": -0.7384256767714322, "max_depth": 6.0, "num_boost_round": 15.0}, "datetime": {"datetime": "2024-01-19 01:05:57", "elapsed": 3265.827801, "delta": 0.003178}}
{"target": -13.757950859985964, "params": {"gamma": 41.04395513688852, "log10_alpha": -0.7449623337867939, "log10_colsample_bytree": -0.6456726008725774, "log10_eta": -2.917406944771864, "log10_lambda": -3.15278327657367, "log10_min_child_weight": 1.0532088065092164, "log10_subsample": -0.7384256767714322, "max_depth": 6.0, "num_boost_round": 16.0}, "datetime": {"datetime": "2024-01-19 01:05:57", "elapsed": 3265.830962, "delta": 0.003161}}
{"target": -13.757919096187871, "params": {"gamma": 41.04395513688852, "log10_alpha": -0.7449623337867939, "log10_colsample_bytree": -0.6456726008725774, "log10_eta": -2.917406944771864, "log10_lambda": -3.15278327657367, "log10_min_child_weight": 1.0532088065092164, "log10_subsample": -0.7384256767714322, "max_depth": 6.0, "num_boost_round": 17.0}, "datetime": {"datetime": "2024-01-19 01:05:57", "elapsed": 3265.834143, "delta": 0.003181}}
{"target": -13.757881534575484, "params": {"gamma": 41.04395513688852, "log10_alpha": -0.7449623337867939, "log10_colsample_bytree": -0.6456726008725774, "log10_eta": -2.917406944771864, "log10_lambda": -3.15278327657367, "log10_min_child_weight": 1.0532088065092164, "log10_subsample": -0.7384256767714322, "max_depth": 6.0, "num_boost_round": 18.0}, "datetime": {"datetime": "2024-01-19 01:05:57", "elapsed": 3265.837273, "delta": 0.00313}}
{"target": -13.75787594094675, "params": {"gamma": 41.04395513688852, "log10_alpha": -0.7449623337867939, "log10_colsample_bytree": -0.6456726008725774, "log10_eta": -2.917406944771864, "log10_lambda": -3.15278327657367, "log10_min_child_weight": 1.0532088065092164, "log10_subsample": -0.7384256767714322, "max_depth": 6.0, "num_boost_round": 19.0}, "datetime": {"datetime": "2024-01-19 01:05:57", "elapsed": 3265.840432, "delta": 0.003159}}
{"target": -13.757818180000818, "params": {"gamma": 41.04395513688852, "log10_alpha": -0.7449623337867939, "log10_colsample_bytree": -0.6456726008725774, "log10_eta": -2.917406944771864, "log10_lambda": -3.15278327657367, "log10_min_child_weight": 1.0532088065092164, "log10_subsample": -0.7384256767714322, "max_depth": 6.0, "num_boost_round": 20.0}, "datetime": {"datetime": "2024-01-19 01:05:57", "elapsed": 3265.843565, "delta": 0.003133}}
