{"target": -17.6770825656354, "params": {"gamma": 970.2902970732704, "log10_alpha": -2.4443844966256987, "log10_colsample_bytree": -0.9633681889677773, "log10_eta": -3.7968244052455917, "log10_lambda": -0.6217816971189967, "log10_min_child_weight": 0.14895692779407554, "log10_subsample": -0.5934510533253794, "max_depth": 7.0, "num_boost_round": 29.0}, "datetime": {"datetime": "2024-01-19 01:32:26", "elapsed": 4840.057635, "delta": 0.004746}}
{"target": -17.677073338269143, "params": {"gamma": 970.2902970732704, "log10_alpha": -2.4443844966256987, "log10_colsample_bytree": -0.9633681889677773, "log10_eta": -3.7968244052455917, "log10_lambda": -0.6217816971189967, "log10_min_child_weight": 0.14895692779407554, "log10_subsample": -0.5934510533253794, "max_depth": 7.0, "num_boost_round": 30.0}, "datetime": {"datetime": "2024-01-19 01:32:26", "elapsed": 4840.062311, "delta": 0.004676}}
{"target": -17.677076056925802, "params": {"gamma": 970.2902970732704, "log10_alpha": -2.4443844966256987, "log10_colsample_bytree": -0.9633681889677773, "log10_eta": -3.7968244052455917, "log10_lambda": -0.6217816971189967, "log10_min_child_weight": 0.14895692779407554, "log10_subsample": -0.5934510533253794, "max_depth": 7.0, "num_boost_round": 31.0}, "datetime": {"datetime": "2024-01-19 01:32:26", "elapsed": 4840.067123, "delta": 0.004812}}
{"target": -17.67706931258436, "params": {"gamma": 970.2902970732704, "log10_alpha": -2.4443844966256987, "log10_colsample_bytree": -0.9633681889677773, "log10_eta": -3.7968244052455917, "log10_lambda": -0.6217816971189967, "log10_min_child_weight": 0.14895692779407554, "log10_subsample": -0.5934510533253794, "max_depth": 7.0, "num_boost_round": 32.0}, "datetime": {"datetime": "2024-01-19 01:32:26", "elapsed": 4840.071974, "delta": 0.004851}}
{"target": -17.67706087167336, "params": {"gamma": 970.2902970732704, "log10_alpha": -2.4443844966256987, "log10_colsample_bytree": -0.9633681889677773, "log10_eta": -3.7968244052455917, "log10_lambda": -0.6217816971189967, "log10_min_child_weight": 0.14895692779407554, "log10_subsample": -0.5934510533253794, "max_depth": 7.0, "num_boost_round": 33.0}, "datetime": {"datetime": "2024-01-19 01:32:26", "elapsed": 4840.076757, "delta": 0.004783}}
{"target": -17.67705593389703, "params": {"gamma": 970.2902970732704, "log10_alpha": -2.4443844966256987, "log10_colsample_bytree": -0.9633681889677773, "log10_eta": -3.7968244052455917, "log10_lambda": -0.6217816971189967, "log10_min_child_weight": 0.14895692779407554, "log10_subsample": -0.5934510533253794, "max_depth": 7.0, "num_boost_round": 34.0}, "datetime": {"datetime": "2024-01-19 01:32:26", "elapsed": 4840.081495, "delta": 0.004738}}
{"target": -17.677042029934196, "params": {"gamma": 970.2902970732704, "log10_alpha": -2.4443844966256987, "log10_colsample_bytree": -0.9633681889677773, "log10_eta": -3.7968244052455917, "log10_lambda": -0.6217816971189967, "log10_min_child_weight": 0.14895692779407554, "log10_subsample": -0.5934510533253794, "max_depth": 7.0, "num_boost_round": 35.0}, "datetime": {"datetime": "2024-01-19 01:32:26", "elapsed": 4840.086286, "delta": 0.004791}}
{"target": -17.67704015759168, "params": {"gamma": 970.2902970732704, "log10_alpha": -2.4443844966256987, "log10_colsample_bytree": -0.9633681889677773, "log10_eta": -3.7968244052455917, "log10_lambda": -0.6217816971189967, "log10_min_child_weight": 0.14895692779407554, "log10_subsample": -0.5934510533253794, "max_depth": 7.0, "num_boost_round": 36.0}, "datetime": {"datetime": "2024-01-19 01:32:26", "elapsed": 4840.091071, "delta": 0.004785}}
{"target": -17.67703577332785, "params": {"gamma": 970.2902970732704, "log10_alpha": -2.4443844966256987, "log10_colsample_bytree": -0.9633681889677773, "log10_eta": -3.7968244052455917, "log10_lambda": -0.6217816971189967, "log10_min_child_weight": 0.14895692779407554, "log10_subsample": -0.5934510533253794, "max_depth": 7.0, "num_boost_round": 37.0}, "datetime": {"datetime": "2024-01-19 01:32:26", "elapsed": 4840.095801, "delta": 0.00473}}
{"target": -17.67703835562482, "params": {"gamma": 970.2902970732704, "log10_alpha": -2.4443844966256987, "log10_colsample_bytree": -0.9633681889677773, "log10_eta": -3.7968244052455917, "log10_lambda": -0.6217816971189967, "log10_min_child_weight": 0.14895692779407554, "log10_subsample": -0.5934510533253794, "max_depth": 7.0, "num_boost_round": 38.0}, "datetime": {"datetime": "2024-01-19 01:32:26", "elapsed": 4840.100475, "delta": 0.004674}}
{"target": -17.677038120589707, "params": {"gamma": 970.2902970732704, "log10_alpha": -2.4443844966256987, "log10_colsample_bytree": -0.9633681889677773, "log10_eta": -3.7968244052455917, "log10_lambda": -0.6217816971189967, "log10_min_child_weight": 0.14895692779407554, "log10_subsample": -0.5934510533253794, "max_depth": 7.0, "num_boost_round": 39.0}, "datetime": {"datetime": "2024-01-19 01:32:26", "elapsed": 4840.105204, "delta": 0.004729}}
{"target": -17.67703277530698, "params": {"gamma": 970.2902970732704, "log10_alpha": -2.4443844966256987, "log10_colsample_bytree": -0.9633681889677773, "log10_eta": -3.7968244052455917, "log10_lambda": -0.6217816971189967, "log10_min_child_weight": 0.14895692779407554, "log10_subsample": -0.5934510533253794, "max_depth": 7.0, "num_boost_round": 40.0}, "datetime": {"datetime": "2024-01-19 01:32:26", "elapsed": 4840.10994, "delta": 0.004736}}
{"target": -17.676870589817607, "params": {"gamma": 972.8925481428041, "log10_alpha": 0.8905814407462858, "log10_colsample_bytree": -0.5301685711196211, "log10_eta": -2.357655623605131, "log10_lambda": 0.127786505964262, "log10_min_child_weight": 2.3190241080956504, "log10_subsample": -0.10325798810206388, "max_depth": 8.0, "num_boost_round": 0.0}, "datetime": {"datetime": "2024-01-19 01:33:38", "elapsed": 4912.613663, "delta": 72.503723}}
{"target": -17.676702303491393, "params": {"gamma": 972.8925481428041, "log10_alpha": 0.8905814407462858, "log10_colsample_bytree": -0.5301685711196211, "log10_eta": -2.357655623605131, "log10_lambda": 0.127786505964262, "log10_min_child_weight": 2.3190241080956504, "log10_subsample": -0.10325798810206388, "max_depth": 8.0, "num_boost_round": 1.0}, "datetime": {"datetime": "2024-01-19 01:33:38", "elapsed": 4912.619223, "delta": 0.00556}}
{"target": -17.676212660011444, "params": {"gamma": 972.8925481428041, "log10_alpha": 0.8905814407462858, "log10_colsample_bytree": -0.5301685711196211, "log10_eta": -2.357655623605131, "log10_lambda": 0.127786505964262, "log10_min_child_weight": 2.3190241080956504, "log10_subsample": -0.10325798810206388, "max_depth": 8.0, "num_boost_round": 2.0}, "datetime": {"datetime": "2024-01-19 01:33:38", "elapsed": 4912.624131, "delta": 0.004908}}
{"target": -17.676114356472105, "params": {"gamma": 972.8925481428041, "log10_alpha": 0.8905814407462858, "log10_colsample_bytree": -0.5301685711196211, "log10_eta": -2.357655623605131, "log10_lambda": 0.127786505964262, "log10_min_child_weight": 2.3190241080956504, "log10_subsample": -0.10325798810206388, "max_depth": 8.0, "num_boost_round": 3.0}, "datetime": {"datetime": "2024-01-19 01:33:38", "elapsed": 4912.629104, "delta": 0.004973}}
{"target": -17.675614737830355, "params": {"gamma": 972.8925481428041, "log10_alpha": 0.8905814407462858, "log10_colsample_bytree": -0.5301685711196211, "log10_eta": -2.357655623605131, "log10_lambda": 0.127786505964262, "log10_min_child_weight": 2.3190241080956504, "log10_subsample": -0.10325798810206388, "max_depth": 8.0, "num_boost_round": 4.0}, "datetime": {"datetime": "2024-01-19 01:33:38", "elapsed": 4912.633941, "delta": 0.004837}}
{"target": -17.675425622980004, "params": {"gamma": 972.8925481428041, "log10_alpha": 0.8905814407462858, "log10_colsample_bytree": -0.5301685711196211, "log10_eta": -2.357655623605131, "log10_lambda": 0.127786505964262, "log10_min_child_weight": 2.3190241080956504, "log10_subsample": -0.10325798810206388, "max_depth": 8.0, "num_boost_round": 5.0}, "datetime": {"datetime": "2024-01-19 01:33:38", "elapsed": 4912.638767, "delta": 0.004826}}
{"target": -17.675599972395336, "params": {"gamma": 972.8925481428041, "log10_alpha": 0.8905814407462858, "log10_colsample_bytree": -0.5301685711196211, "log10_eta": -2.357655623605131, "log10_lambda": 0.127786505964262, "log10_min_child_weight": 2.3190241080956504, "log10_subsample": -0.10325798810206388, "max_depth": 8.0, "num_boost_round": 6.0}, "datetime": {"datetime": "2024-01-19 01:33:38", "elapsed": 4912.643582, "delta": 0.004815}}
{"target": -17.675498253594803, "params": {"gamma": 972.8925481428041, "log10_alpha": 0.8905814407462858, "log10_colsample_bytree": -0.5301685711196211, "log10_eta": -2.357655623605131, "log10_lambda": 0.127786505964262, "log10_min_child_weight": 2.3190241080956504, "log10_subsample": -0.10325798810206388, "max_depth": 8.0, "num_boost_round": 7.0}, "datetime": {"datetime": "2024-01-19 01:33:38", "elapsed": 4912.648571, "delta": 0.004989}}
{"target": -17.675352288004735, "params": {"gamma": 972.8925481428041, "log10_alpha": 0.8905814407462858, "log10_colsample_bytree": -0.5301685711196211, "log10_eta": -2.357655623605131, "log10_lambda": 0.127786505964262, "log10_min_child_weight": 2.3190241080956504, "log10_subsample": -0.10325798810206388, "max_depth": 8.0, "num_boost_round": 8.0}, "datetime": {"datetime": "2024-01-19 01:33:38", "elapsed": 4912.653345, "delta": 0.004774}}
{"target": -17.675267120514466, "params": {"gamma": 972.8925481428041, "log10_alpha": 0.8905814407462858, "log10_colsample_bytree": -0.5301685711196211, "log10_eta": -2.357655623605131, "log10_lambda": 0.127786505964262, "log10_min_child_weight": 2.3190241080956504, "log10_subsample": -0.10325798810206388, "max_depth": 8.0, "num_boost_round": 9.0}, "datetime": {"datetime": "2024-01-19 01:33:38", "elapsed": 4912.658123, "delta": 0.004778}}
{"target": -17.67477616954635, "params": {"gamma": 972.8925481428041, "log10_alpha": 0.8905814407462858, "log10_colsample_bytree": -0.5301685711196211, "log10_eta": -2.357655623605131, "log10_lambda": 0.127786505964262, "log10_min_child_weight": 2.3190241080956504, "log10_subsample": -0.10325798810206388, "max_depth": 8.0, "num_boost_round": 10.0}, "datetime": {"datetime": "2024-01-19 01:33:38", "elapsed": 4912.662935, "delta": 0.004812}}
{"target": -17.67460034883865, "params": {"gamma": 972.8925481428041, "log10_alpha": 0.8905814407462858, "log10_colsample_bytree": -0.5301685711196211, "log10_eta": -2.357655623605131, "log10_lambda": 0.127786505964262, "log10_min_child_weight": 2.3190241080956504, "log10_subsample": -0.10325798810206388, "max_depth": 8.0, "num_boost_round": 11.0}, "datetime": {"datetime": "2024-01-19 01:33:38", "elapsed": 4912.667921, "delta": 0.004986}}
{"target": -17.674305988856123, "params": {"gamma": 972.8925481428041, "log10_alpha": 0.8905814407462858, "log10_colsample_bytree": -0.5301685711196211, "log10_eta": -2.357655623605131, "log10_lambda": 0.127786505964262, "log10_min_child_weight": 2.3190241080956504, "log10_subsample": -0.10325798810206388, "max_depth": 8.0, "num_boost_round": 12.0}, "datetime": {"datetime": "2024-01-19 01:33:38", "elapsed": 4912.672718, "delta": 0.004797}}
{"target": -17.674025436232927, "params": {"gamma": 972.8925481428041, "log10_alpha": 0.8905814407462858, "log10_colsample_bytree": -0.5301685711196211, "log10_eta": -2.357655623605131, "log10_lambda": 0.127786505964262, "log10_min_child_weight": 2.3190241080956504, "log10_subsample": -0.10325798810206388, "max_depth": 8.0, "num_boost_round": 13.0}, "datetime": {"datetime": "2024-01-19 01:33:38", "elapsed": 4912.67743, "delta": 0.004712}}
{"target": -17.674098961452085, "params": {"gamma": 972.8925481428041, "log10_alpha": 0.8905814407462858, "log10_colsample_bytree": -0.5301685711196211, "log10_eta": -2.357655623605131, "log10_lambda": 0.127786505964262, "log10_min_child_weight": 2.3190241080956504, "log10_subsample": -0.10325798810206388, "max_depth": 8.0, "num_boost_round": 14.0}, "datetime": {"datetime": "2024-01-19 01:33:38", "elapsed": 4912.682246, "delta": 0.004816}}
{"target": -17.67407592631194, "params": {"gamma": 972.8925481428041, "log10_alpha": 0.8905814407462858, "log10_colsample_bytree": -0.5301685711196211, "log10_eta": -2.357655623605131, "log10_lambda": 0.127786505964262, "log10_min_child_weight": 2.3190241080956504, "log10_subsample": -0.10325798810206388, "max_depth": 8.0, "num_boost_round": 15.0}, "datetime": {"datetime": "2024-01-19 01:33:38", "elapsed": 4912.687246, "delta": 0.005}}
{"target": -17.673967319826993, "params": {"gamma": 972.8925481428041, "log10_alpha": 0.8905814407462858, "log10_colsample_bytree": -0.5301685711196211, "log10_eta": -2.357655623605131, "log10_lambda": 0.127786505964262, "log10_min_child_weight": 2.3190241080956504, "log10_subsample": -0.10325798810206388, "max_depth": 8.0, "num_boost_round": 16.0}, "datetime": {"datetime": "2024-01-19 01:33:38", "elapsed": 4912.692026, "delta": 0.00478}}
{"target": -17.673933853917827, "params": {"gamma": 972.8925481428041, "log10_alpha": 0.8905814407462858, "log10_colsample_bytree": -0.5301685711196211, "log10_eta": -2.357655623605131, "log10_lambda": 0.127786505964262, "log10_min_child_weight": 2.3190241080956504, "log10_subsample": -0.10325798810206388, "max_depth": 8.0, "num_boost_round": 17.0}, "datetime": {"datetime": "2024-01-19 01:33:38", "elapsed": 4912.696819, "delta": 0.004793}}
{"target": -17.674035649683823, "params": {"gamma": 972.8925481428041, "log10_alpha": 0.8905814407462858, "log10_colsample_bytree": -0.5301685711196211, "log10_eta": -2.357655623605131, "log10_lambda": 0.127786505964262, "log10_min_child_weight": 2.3190241080956504, "log10_subsample": -0.10325798810206388, "max_depth": 8.0, "num_boost_round": 18.0}, "datetime": {"datetime": "2024-01-19 01:33:38", "elapsed": 4912.701595, "delta": 0.004776}}
{"target": -17.67384676745296, "params": {"gamma": 972.8925481428041, "log10_alpha": 0.8905814407462858, "log10_colsample_bytree": -0.5301685711196211, "log10_eta": -2.357655623605131, "log10_lambda": 0.127786505964262, "log10_min_child_weight": 2.3190241080956504, "log10_subsample": -0.10325798810206388, "max_depth": 8.0, "num_boost_round": 19.0}, "datetime": {"datetime": "2024-01-19 01:33:38", "elapsed": 4912.706537, "delta": 0.004942}}
{"target": -17.673707916859165, "params": {"gamma": 972.8925481428041, "log10_alpha": 0.8905814407462858, "log10_colsample_bytree": -0.5301685711196211, "log10_eta": -2.357655623605131, "log10_lambda": 0.127786505964262, "log10_min_child_weight": 2.3190241080956504, "log10_subsample": -0.10325798810206388, "max_depth": 8.0, "num_boost_round": 20.0}, "datetime": {"datetime": "2024-01-19 01:33:38", "elapsed": 4912.711301, "delta": 0.004764}}
{"target": -17.67370910706358, "params": {"gamma": 972.8925481428041, "log10_alpha": 0.8905814407462858, "log10_colsample_bytree": -0.5301685711196211, "log10_eta": -2.357655623605131, "log10_lambda": 0.127786505964262, "log10_min_child_weight": 2.3190241080956504, "log10_subsample": -0.10325798810206388, "max_depth": 8.0, "num_boost_round": 21.0}, "datetime": {"datetime": "2024-01-19 01:33:38", "elapsed": 4912.716094, "delta": 0.004793}}
{"target": -17.673430545579127, "params": {"gamma": 972.8925481428041, "log10_alpha": 0.8905814407462858, "log10_colsample_bytree": -0.5301685711196211, "log10_eta": -2.357655623605131, "log10_lambda": 0.127786505964262, "log10_min_child_weight": 2.3190241080956504, "log10_subsample": -0.10325798810206388, "max_depth": 8.0, "num_boost_round": 22.0}, "datetime": {"datetime": "2024-01-19 01:33:38", "elapsed": 4912.720895, "delta": 0.004801}}
{"target": -17.673397853718072, "params": {"gamma": 972.8925481428041, "log10_alpha": 0.8905814407462858, "log10_colsample_bytree": -0.5301685711196211, "log10_eta": -2.357655623605131, "log10_lambda": 0.127786505964262, "log10_min_child_weight": 2.3190241080956504, "log10_subsample": -0.10325798810206388, "max_depth": 8.0, "num_boost_round": 23.0}, "datetime": {"datetime": "2024-01-19 01:33:38", "elapsed": 4912.726554, "delta": 0.005659}}
{"target": -17.673298042855798, "params": {"gamma": 972.8925481428041, "log10_alpha": 0.8905814407462858, "log10_colsample_bytree": -0.5301685711196211, "log10_eta": -2.357655623605131, "log10_lambda": 0.127786505964262, "log10_min_child_weight": 2.3190241080956504, "log10_subsample": -0.10325798810206388, "max_depth": 8.0, "num_boost_round": 24.0}, "datetime": {"datetime": "2024-01-19 01:33:38", "elapsed": 4912.731449, "delta": 0.004895}}
{"target": -17.673156625519443, "params": {"gamma": 972.8925481428041, "log10_alpha": 0.8905814407462858, "log10_colsample_bytree": -0.5301685711196211, "log10_eta": -2.357655623605131, "log10_lambda": 0.127786505964262, "log10_min_child_weight": 2.3190241080956504, "log10_subsample": -0.10325798810206388, "max_depth": 8.0, "num_boost_round": 25.0}, "datetime": {"datetime": "2024-01-19 01:33:38", "elapsed": 4912.736245, "delta": 0.004796}}
{"target": -17.673079807004722, "params": {"gamma": 972.8925481428041, "log10_alpha": 0.8905814407462858, "log10_colsample_bytree": -0.5301685711196211, "log10_eta": -2.357655623605131, "log10_lambda": 0.127786505964262, "log10_min_child_weight": 2.3190241080956504, "log10_subsample": -0.10325798810206388, "max_depth": 8.0, "num_boost_round": 26.0}, "datetime": {"datetime": "2024-01-19 01:33:38", "elapsed": 4912.741113, "delta": 0.004868}}
{"target": -17.673235132907433, "params": {"gamma": 972.8925481428041, "log10_alpha": 0.8905814407462858, "log10_colsample_bytree": -0.5301685711196211, "log10_eta": -2.357655623605131, "log10_lambda": 0.127786505964262, "log10_min_child_weight": 2.3190241080956504, "log10_subsample": -0.10325798810206388, "max_depth": 8.0, "num_boost_round": 27.0}, "datetime": {"datetime": "2024-01-19 01:33:38", "elapsed": 4912.746084, "delta": 0.004971}}
{"target": -17.673155611615194, "params": {"gamma": 972.8925481428041, "log10_alpha": 0.8905814407462858, "log10_colsample_bytree": -0.5301685711196211, "log10_eta": -2.357655623605131, "log10_lambda": 0.127786505964262, "log10_min_child_weight": 2.3190241080956504, "log10_subsample": -0.10325798810206388, "max_depth": 8.0, "num_boost_round": 28.0}, "datetime": {"datetime": "2024-01-19 01:33:38", "elapsed": 4912.750846, "delta": 0.004762}}
{"target": -17.67305496223794, "params": {"gamma": 972.8925481428041, "log10_alpha": 0.8905814407462858, "log10_colsample_bytree": -0.5301685711196211, "log10_eta": -2.357655623605131, "log10_lambda": 0.127786505964262, "log10_min_child_weight": 2.3190241080956504, "log10_subsample": -0.10325798810206388, "max_depth": 8.0, "num_boost_round": 29.0}, "datetime": {"datetime": "2024-01-19 01:33:38", "elapsed": 4912.755616, "delta": 0.00477}}
{"target": -17.672978471246164, "params": {"gamma": 972.8925481428041, "log10_alpha": 0.8905814407462858, "log10_colsample_bytree": -0.5301685711196211, "log10_eta": -2.357655623605131, "log10_lambda": 0.127786505964262, "log10_min_child_weight": 2.3190241080956504, "log10_subsample": -0.10325798810206388, "max_depth": 8.0, "num_boost_round": 30.0}, "datetime": {"datetime": "2024-01-19 01:33:38", "elapsed": 4912.760358, "delta": 0.004742}}
{"target": -17.672724200213096, "params": {"gamma": 972.8925481428041, "log10_alpha": 0.8905814407462858, "log10_colsample_bytree": -0.5301685711196211, "log10_eta": -2.357655623605131, "log10_lambda": 0.127786505964262, "log10_min_child_weight": 2.3190241080956504, "log10_subsample": -0.10325798810206388, "max_depth": 8.0, "num_boost_round": 31.0}, "datetime": {"datetime": "2024-01-19 01:33:38", "elapsed": 4912.765324, "delta": 0.004966}}
{"target": -17.672776905704843, "params": {"gamma": 972.8925481428041, "log10_alpha": 0.8905814407462858, "log10_colsample_bytree": -0.5301685711196211, "log10_eta": -2.357655623605131, "log10_lambda": 0.127786505964262, "log10_min_child_weight": 2.3190241080956504, "log10_subsample": -0.10325798810206388, "max_depth": 8.0, "num_boost_round": 32.0}, "datetime": {"datetime": "2024-01-19 01:33:39", "elapsed": 4912.899151, "delta": 0.133827}}
{"target": -17.672869161351997, "params": {"gamma": 972.8925481428041, "log10_alpha": 0.8905814407462858, "log10_colsample_bytree": -0.5301685711196211, "log10_eta": -2.357655623605131, "log10_lambda": 0.127786505964262, "log10_min_child_weight": 2.3190241080956504, "log10_subsample": -0.10325798810206388, "max_depth": 8.0, "num_boost_round": 33.0}, "datetime": {"datetime": "2024-01-19 01:33:39", "elapsed": 4912.904697, "delta": 0.005546}}
{"target": -17.673081723128327, "params": {"gamma": 972.8925481428041, "log10_alpha": 0.8905814407462858, "log10_colsample_bytree": -0.5301685711196211, "log10_eta": -2.357655623605131, "log10_lambda": 0.127786505964262, "log10_min_child_weight": 2.3190241080956504, "log10_subsample": -0.10325798810206388, "max_depth": 8.0, "num_boost_round": 34.0}, "datetime": {"datetime": "2024-01-19 01:33:39", "elapsed": 4912.909659, "delta": 0.004962}}
{"target": -17.673054349501445, "params": {"gamma": 972.8925481428041, "log10_alpha": 0.8905814407462858, "log10_colsample_bytree": -0.5301685711196211, "log10_eta": -2.357655623605131, "log10_lambda": 0.127786505964262, "log10_min_child_weight": 2.3190241080956504, "log10_subsample": -0.10325798810206388, "max_depth": 8.0, "num_boost_round": 35.0}, "datetime": {"datetime": "2024-01-19 01:33:39", "elapsed": 4912.914743, "delta": 0.005084}}
{"target": -17.673114915008885, "params": {"gamma": 972.8925481428041, "log10_alpha": 0.8905814407462858, "log10_colsample_bytree": -0.5301685711196211, "log10_eta": -2.357655623605131, "log10_lambda": 0.127786505964262, "log10_min_child_weight": 2.3190241080956504, "log10_subsample": -0.10325798810206388, "max_depth": 8.0, "num_boost_round": 36.0}, "datetime": {"datetime": "2024-01-19 01:33:39", "elapsed": 4912.919596, "delta": 0.004853}}
