{"target": -13.75853261500895, "params": {"gamma": 705.8148306905514, "log10_alpha": -2.6560495872459, "log10_colsample_bytree": -0.9960062757395093, "log10_eta": -3.9330613912967474, "log10_lambda": 0.8104124150049667, "log10_min_child_weight": 1.8197158712592343, "log10_subsample": -0.0168693395906917, "max_depth": 2.0, "num_boost_round": 9.0}, "datetime": {"datetime": "2024-01-19 01:35:28", "elapsed": 5035.625153, "delta": 0.005027}}
{"target": -13.758532526431694, "params": {"gamma": 705.8148306905514, "log10_alpha": -2.6560495872459, "log10_colsample_bytree": -0.9960062757395093, "log10_eta": -3.9330613912967474, "log10_lambda": 0.8104124150049667, "log10_min_child_weight": 1.8197158712592343, "log10_subsample": -0.0168693395906917, "max_depth": 2.0, "num_boost_round": 10.0}, "datetime": {"datetime": "2024-01-19 01:35:28", "elapsed": 5035.630083, "delta": 0.00493}}
{"target": -13.758531192489292, "params": {"gamma": 705.8148306905514, "log10_alpha": -2.6560495872459, "log10_colsample_bytree": -0.9960062757395093, "log10_eta": -3.9330613912967474, "log10_lambda": 0.8104124150049667, "log10_min_child_weight": 1.8197158712592343, "log10_subsample": -0.0168693395906917, "max_depth": 2.0, "num_boost_round": 11.0}, "datetime": {"datetime": "2024-01-19 01:35:28", "elapsed": 5035.63507, "delta": 0.004987}}
{"target": -13.758530998259886, "params": {"gamma": 705.8148306905514, "log10_alpha": -2.6560495872459, "log10_colsample_bytree": -0.9960062757395093, "log10_eta": -3.9330613912967474, "log10_lambda": 0.8104124150049667, "log10_min_child_weight": 1.8197158712592343, "log10_subsample": -0.0168693395906917, "max_depth": 2.0, "num_boost_round": 12.0}, "datetime": {"datetime": "2024-01-19 01:35:28", "elapsed": 5035.640323, "delta": 0.005253}}
{"target": -13.7585299472782, "params": {"gamma": 705.8148306905514, "log10_alpha": -2.6560495872459, "log10_colsample_bytree": -0.9960062757395093, "log10_eta": -3.9330613912967474, "log10_lambda": 0.8104124150049667, "log10_min_child_weight": 1.8197158712592343, "log10_subsample": -0.0168693395906917, "max_depth": 2.0, "num_boost_round": 13.0}, "datetime": {"datetime": "2024-01-19 01:35:28", "elapsed": 5035.645461, "delta": 0.005138}}
{"target": -13.758528273914772, "params": {"gamma": 705.8148306905514, "log10_alpha": -2.6560495872459, "log10_colsample_bytree": -0.9960062757395093, "log10_eta": -3.9330613912967474, "log10_lambda": 0.8104124150049667, "log10_min_child_weight": 1.8197158712592343, "log10_subsample": -0.0168693395906917, "max_depth": 2.0, "num_boost_round": 14.0}, "datetime": {"datetime": "2024-01-19 01:35:28", "elapsed": 5035.650624, "delta": 0.005163}}
{"target": -13.758526831035548, "params": {"gamma": 705.8148306905514, "log10_alpha": -2.6560495872459, "log10_colsample_bytree": -0.9960062757395093, "log10_eta": -3.9330613912967474, "log10_lambda": 0.8104124150049667, "log10_min_child_weight": 1.8197158712592343, "log10_subsample": -0.0168693395906917, "max_depth": 2.0, "num_boost_round": 15.0}, "datetime": {"datetime": "2024-01-19 01:35:28", "elapsed": 5035.655566, "delta": 0.004942}}
{"target": -13.758526055742134, "params": {"gamma": 705.8148306905514, "log10_alpha": -2.6560495872459, "log10_colsample_bytree": -0.9960062757395093, "log10_eta": -3.9330613912967474, "log10_lambda": 0.8104124150049667, "log10_min_child_weight": 1.8197158712592343, "log10_subsample": -0.0168693395906917, "max_depth": 2.0, "num_boost_round": 16.0}, "datetime": {"datetime": "2024-01-19 01:35:28", "elapsed": 5035.66068, "delta": 0.005114}}
{"target": -13.758524946417827, "params": {"gamma": 705.8148306905514, "log10_alpha": -2.6560495872459, "log10_colsample_bytree": -0.9960062757395093, "log10_eta": -3.9330613912967474, "log10_lambda": 0.8104124150049667, "log10_min_child_weight": 1.8197158712592343, "log10_subsample": -0.0168693395906917, "max_depth": 2.0, "num_boost_round": 17.0}, "datetime": {"datetime": "2024-01-19 01:35:28", "elapsed": 5035.665678, "delta": 0.004998}}
{"target": -13.758523893271954, "params": {"gamma": 705.8148306905514, "log10_alpha": -2.6560495872459, "log10_colsample_bytree": -0.9960062757395093, "log10_eta": -3.9330613912967474, "log10_lambda": 0.8104124150049667, "log10_min_child_weight": 1.8197158712592343, "log10_subsample": -0.0168693395906917, "max_depth": 2.0, "num_boost_round": 18.0}, "datetime": {"datetime": "2024-01-19 01:35:28", "elapsed": 5035.670838, "delta": 0.00516}}
{"target": -13.75852291403959, "params": {"gamma": 705.8148306905514, "log10_alpha": -2.6560495872459, "log10_colsample_bytree": -0.9960062757395093, "log10_eta": -3.9330613912967474, "log10_lambda": 0.8104124150049667, "log10_min_child_weight": 1.8197158712592343, "log10_subsample": -0.0168693395906917, "max_depth": 2.0, "num_boost_round": 19.0}, "datetime": {"datetime": "2024-01-19 01:35:28", "elapsed": 5035.675738, "delta": 0.0049}}
{"target": -13.758522450703303, "params": {"gamma": 705.8148306905514, "log10_alpha": -2.6560495872459, "log10_colsample_bytree": -0.9960062757395093, "log10_eta": -3.9330613912967474, "log10_lambda": 0.8104124150049667, "log10_min_child_weight": 1.8197158712592343, "log10_subsample": -0.0168693395906917, "max_depth": 2.0, "num_boost_round": 20.0}, "datetime": {"datetime": "2024-01-19 01:35:28", "elapsed": 5035.680886, "delta": 0.005148}}
{"target": -13.75852052941159, "params": {"gamma": 705.8148306905514, "log10_alpha": -2.6560495872459, "log10_colsample_bytree": -0.9960062757395093, "log10_eta": -3.9330613912967474, "log10_lambda": 0.8104124150049667, "log10_min_child_weight": 1.8197158712592343, "log10_subsample": -0.0168693395906917, "max_depth": 2.0, "num_boost_round": 21.0}, "datetime": {"datetime": "2024-01-19 01:35:28", "elapsed": 5035.685584, "delta": 0.004698}}
{"target": -13.758519690697646, "params": {"gamma": 705.8148306905514, "log10_alpha": -2.6560495872459, "log10_colsample_bytree": -0.9960062757395093, "log10_eta": -3.9330613912967474, "log10_lambda": 0.8104124150049667, "log10_min_child_weight": 1.8197158712592343, "log10_subsample": -0.0168693395906917, "max_depth": 2.0, "num_boost_round": 22.0}, "datetime": {"datetime": "2024-01-19 01:35:28", "elapsed": 5035.690304, "delta": 0.00472}}
{"target": -13.75851851593776, "params": {"gamma": 705.8148306905514, "log10_alpha": -2.6560495872459, "log10_colsample_bytree": -0.9960062757395093, "log10_eta": -3.9330613912967474, "log10_lambda": 0.8104124150049667, "log10_min_child_weight": 1.8197158712592343, "log10_subsample": -0.0168693395906917, "max_depth": 2.0, "num_boost_round": 23.0}, "datetime": {"datetime": "2024-01-19 01:35:28", "elapsed": 5035.695226, "delta": 0.004922}}
{"target": -13.758518760038957, "params": {"gamma": 705.8148306905514, "log10_alpha": -2.6560495872459, "log10_colsample_bytree": -0.9960062757395093, "log10_eta": -3.9330613912967474, "log10_lambda": 0.8104124150049667, "log10_min_child_weight": 1.8197158712592343, "log10_subsample": -0.0168693395906917, "max_depth": 2.0, "num_boost_round": 24.0}, "datetime": {"datetime": "2024-01-19 01:35:28", "elapsed": 5035.700054, "delta": 0.004828}}
{"target": -13.758517004425146, "params": {"gamma": 705.8148306905514, "log10_alpha": -2.6560495872459, "log10_colsample_bytree": -0.9960062757395093, "log10_eta": -3.9330613912967474, "log10_lambda": 0.8104124150049667, "log10_min_child_weight": 1.8197158712592343, "log10_subsample": -0.0168693395906917, "max_depth": 2.0, "num_boost_round": 25.0}, "datetime": {"datetime": "2024-01-19 01:35:28", "elapsed": 5035.705281, "delta": 0.005227}}
{"target": -13.758516691354258, "params": {"gamma": 705.8148306905514, "log10_alpha": -2.6560495872459, "log10_colsample_bytree": -0.9960062757395093, "log10_eta": -3.9330613912967474, "log10_lambda": 0.8104124150049667, "log10_min_child_weight": 1.8197158712592343, "log10_subsample": -0.0168693395906917, "max_depth": 2.0, "num_boost_round": 26.0}, "datetime": {"datetime": "2024-01-19 01:35:28", "elapsed": 5035.710743, "delta": 0.005462}}
{"target": -13.758515625572294, "params": {"gamma": 705.8148306905514, "log10_alpha": -2.6560495872459, "log10_colsample_bytree": -0.9960062757395093, "log10_eta": -3.9330613912967474, "log10_lambda": 0.8104124150049667, "log10_min_child_weight": 1.8197158712592343, "log10_subsample": -0.0168693395906917, "max_depth": 2.0, "num_boost_round": 27.0}, "datetime": {"datetime": "2024-01-19 01:35:28", "elapsed": 5035.71621, "delta": 0.005467}}
{"target": -13.75851544254511, "params": {"gamma": 705.8148306905514, "log10_alpha": -2.6560495872459, "log10_colsample_bytree": -0.9960062757395093, "log10_eta": -3.9330613912967474, "log10_lambda": 0.8104124150049667, "log10_min_child_weight": 1.8197158712592343, "log10_subsample": -0.0168693395906917, "max_depth": 2.0, "num_boost_round": 28.0}, "datetime": {"datetime": "2024-01-19 01:35:28", "elapsed": 5035.72178, "delta": 0.00557}}
{"target": -13.758515038686356, "params": {"gamma": 705.8148306905514, "log10_alpha": -2.6560495872459, "log10_colsample_bytree": -0.9960062757395093, "log10_eta": -3.9330613912967474, "log10_lambda": 0.8104124150049667, "log10_min_child_weight": 1.8197158712592343, "log10_subsample": -0.0168693395906917, "max_depth": 2.0, "num_boost_round": 29.0}, "datetime": {"datetime": "2024-01-19 01:35:28", "elapsed": 5035.726784, "delta": 0.005004}}
{"target": -13.758513062708126, "params": {"gamma": 705.8148306905514, "log10_alpha": -2.6560495872459, "log10_colsample_bytree": -0.9960062757395093, "log10_eta": -3.9330613912967474, "log10_lambda": 0.8104124150049667, "log10_min_child_weight": 1.8197158712592343, "log10_subsample": -0.0168693395906917, "max_depth": 2.0, "num_boost_round": 30.0}, "datetime": {"datetime": "2024-01-19 01:35:28", "elapsed": 5035.731987, "delta": 0.005203}}
{"target": -13.758510985173356, "params": {"gamma": 705.8148306905514, "log10_alpha": -2.6560495872459, "log10_colsample_bytree": -0.9960062757395093, "log10_eta": -3.9330613912967474, "log10_lambda": 0.8104124150049667, "log10_min_child_weight": 1.8197158712592343, "log10_subsample": -0.0168693395906917, "max_depth": 2.0, "num_boost_round": 31.0}, "datetime": {"datetime": "2024-01-19 01:35:28", "elapsed": 5035.737473, "delta": 0.005486}}
{"target": -13.75850929137281, "params": {"gamma": 705.8148306905514, "log10_alpha": -2.6560495872459, "log10_colsample_bytree": -0.9960062757395093, "log10_eta": -3.9330613912967474, "log10_lambda": 0.8104124150049667, "log10_min_child_weight": 1.8197158712592343, "log10_subsample": -0.0168693395906917, "max_depth": 2.0, "num_boost_round": 32.0}, "datetime": {"datetime": "2024-01-19 01:35:28", "elapsed": 5035.743431, "delta": 0.005958}}
{"target": -13.758508627265023, "params": {"gamma": 705.8148306905514, "log10_alpha": -2.6560495872459, "log10_colsample_bytree": -0.9960062757395093, "log10_eta": -3.9330613912967474, "log10_lambda": 0.8104124150049667, "log10_min_child_weight": 1.8197158712592343, "log10_subsample": -0.0168693395906917, "max_depth": 2.0, "num_boost_round": 33.0}, "datetime": {"datetime": "2024-01-19 01:35:28", "elapsed": 5035.749912, "delta": 0.006481}}
{"target": -13.758507187914583, "params": {"gamma": 705.8148306905514, "log10_alpha": -2.6560495872459, "log10_colsample_bytree": -0.9960062757395093, "log10_eta": -3.9330613912967474, "log10_lambda": 0.8104124150049667, "log10_min_child_weight": 1.8197158712592343, "log10_subsample": -0.0168693395906917, "max_depth": 2.0, "num_boost_round": 34.0}, "datetime": {"datetime": "2024-01-19 01:35:28", "elapsed": 5035.755833, "delta": 0.005921}}
{"target": -13.758506525711812, "params": {"gamma": 705.8148306905514, "log10_alpha": -2.6560495872459, "log10_colsample_bytree": -0.9960062757395093, "log10_eta": -3.9330613912967474, "log10_lambda": 0.8104124150049667, "log10_min_child_weight": 1.8197158712592343, "log10_subsample": -0.0168693395906917, "max_depth": 2.0, "num_boost_round": 35.0}, "datetime": {"datetime": "2024-01-19 01:35:28", "elapsed": 5035.760943, "delta": 0.00511}}
{"target": -13.758506210619652, "params": {"gamma": 705.8148306905514, "log10_alpha": -2.6560495872459, "log10_colsample_bytree": -0.9960062757395093, "log10_eta": -3.9330613912967474, "log10_lambda": 0.8104124150049667, "log10_min_child_weight": 1.8197158712592343, "log10_subsample": -0.0168693395906917, "max_depth": 2.0, "num_boost_round": 36.0}, "datetime": {"datetime": "2024-01-19 01:35:28", "elapsed": 5035.765976, "delta": 0.005033}}
{"target": -13.758506220667178, "params": {"gamma": 705.8148306905514, "log10_alpha": -2.6560495872459, "log10_colsample_bytree": -0.9960062757395093, "log10_eta": -3.9330613912967474, "log10_lambda": 0.8104124150049667, "log10_min_child_weight": 1.8197158712592343, "log10_subsample": -0.0168693395906917, "max_depth": 2.0, "num_boost_round": 37.0}, "datetime": {"datetime": "2024-01-19 01:35:28", "elapsed": 5035.771011, "delta": 0.005035}}
{"target": -13.75850578150192, "params": {"gamma": 705.8148306905514, "log10_alpha": -2.6560495872459, "log10_colsample_bytree": -0.9960062757395093, "log10_eta": -3.9330613912967474, "log10_lambda": 0.8104124150049667, "log10_min_child_weight": 1.8197158712592343, "log10_subsample": -0.0168693395906917, "max_depth": 2.0, "num_boost_round": 38.0}, "datetime": {"datetime": "2024-01-19 01:35:28", "elapsed": 5035.775959, "delta": 0.004948}}
{"target": -13.75850519898862, "params": {"gamma": 705.8148306905514, "log10_alpha": -2.6560495872459, "log10_colsample_bytree": -0.9960062757395093, "log10_eta": -3.9330613912967474, "log10_lambda": 0.8104124150049667, "log10_min_child_weight": 1.8197158712592343, "log10_subsample": -0.0168693395906917, "max_depth": 2.0, "num_boost_round": 39.0}, "datetime": {"datetime": "2024-01-19 01:35:28", "elapsed": 5035.781042, "delta": 0.005083}}
{"target": -13.758533457063255, "params": {"gamma": 128.18492827361726, "log10_alpha": 0.35502332344619475, "log10_colsample_bytree": -1.0, "log10_eta": -4.0, "log10_lambda": -3.4949083515036405, "log10_min_child_weight": 0.0, "log10_subsample": 0.0, "max_depth": 6.0, "num_boost_round": 0.0}, "datetime": {"datetime": "2024-01-19 01:36:15", "elapsed": 5082.998236, "delta": 47.217194}}
{"target": -13.758535027482862, "params": {"gamma": 128.18492827361726, "log10_alpha": 0.35502332344619475, "log10_colsample_bytree": -1.0, "log10_eta": -4.0, "log10_lambda": -3.4949083515036405, "log10_min_child_weight": 0.0, "log10_subsample": 0.0, "max_depth": 6.0, "num_boost_round": 1.0}, "datetime": {"datetime": "2024-01-19 01:36:15", "elapsed": 5083.004578, "delta": 0.006342}}
{"target": -13.75853724449401, "params": {"gamma": 128.18492827361726, "log10_alpha": 0.35502332344619475, "log10_colsample_bytree": -1.0, "log10_eta": -4.0, "log10_lambda": -3.4949083515036405, "log10_min_child_weight": 0.0, "log10_subsample": 0.0, "max_depth": 6.0, "num_boost_round": 2.0}, "datetime": {"datetime": "2024-01-19 01:36:15", "elapsed": 5083.009952, "delta": 0.005374}}
{"target": -13.758536277993361, "params": {"gamma": 128.18492827361726, "log10_alpha": 0.35502332344619475, "log10_colsample_bytree": -1.0, "log10_eta": -4.0, "log10_lambda": -3.4949083515036405, "log10_min_child_weight": 0.0, "log10_subsample": 0.0, "max_depth": 6.0, "num_boost_round": 3.0}, "datetime": {"datetime": "2024-01-19 01:36:15", "elapsed": 5083.015011, "delta": 0.005059}}
{"target": -13.758534874498974, "params": {"gamma": 128.18492827361726, "log10_alpha": 0.35502332344619475, "log10_colsample_bytree": -1.0, "log10_eta": -4.0, "log10_lambda": -3.4949083515036405, "log10_min_child_weight": 0.0, "log10_subsample": 0.0, "max_depth": 6.0, "num_boost_round": 4.0}, "datetime": {"datetime": "2024-01-19 01:36:15", "elapsed": 5083.020222, "delta": 0.005211}}
{"target": -13.75853515786305, "params": {"gamma": 128.18492827361726, "log10_alpha": 0.35502332344619475, "log10_colsample_bytree": -1.0, "log10_eta": -4.0, "log10_lambda": -3.4949083515036405, "log10_min_child_weight": 0.0, "log10_subsample": 0.0, "max_depth": 6.0, "num_boost_round": 5.0}, "datetime": {"datetime": "2024-01-19 01:36:15", "elapsed": 5083.025354, "delta": 0.005132}}
{"target": -13.75853639401902, "params": {"gamma": 128.18492827361726, "log10_alpha": 0.35502332344619475, "log10_colsample_bytree": -1.0, "log10_eta": -4.0, "log10_lambda": -3.4949083515036405, "log10_min_child_weight": 0.0, "log10_subsample": 0.0, "max_depth": 6.0, "num_boost_round": 6.0}, "datetime": {"datetime": "2024-01-19 01:36:15", "elapsed": 5083.030832, "delta": 0.005478}}
{"target": -13.75853537333374, "params": {"gamma": 128.18492827361726, "log10_alpha": 0.35502332344619475, "log10_colsample_bytree": -1.0, "log10_eta": -4.0, "log10_lambda": -3.4949083515036405, "log10_min_child_weight": 0.0, "log10_subsample": 0.0, "max_depth": 6.0, "num_boost_round": 7.0}, "datetime": {"datetime": "2024-01-19 01:36:15", "elapsed": 5083.0361, "delta": 0.005268}}
{"target": -13.758533665699566, "params": {"gamma": 128.18492827361726, "log10_alpha": 0.35502332344619475, "log10_colsample_bytree": -1.0, "log10_eta": -4.0, "log10_lambda": -3.4949083515036405, "log10_min_child_weight": 0.0, "log10_subsample": 0.0, "max_depth": 6.0, "num_boost_round": 8.0}, "datetime": {"datetime": "2024-01-19 01:36:15", "elapsed": 5083.041628, "delta": 0.005528}}
{"target": -13.758532651799559, "params": {"gamma": 128.18492827361726, "log10_alpha": 0.35502332344619475, "log10_colsample_bytree": -1.0, "log10_eta": -4.0, "log10_lambda": -3.4949083515036405, "log10_min_child_weight": 0.0, "log10_subsample": 0.0, "max_depth": 6.0, "num_boost_round": 9.0}, "datetime": {"datetime": "2024-01-19 01:36:15", "elapsed": 5083.047085, "delta": 0.005457}}
{"target": -13.75853398058189, "params": {"gamma": 128.18492827361726, "log10_alpha": 0.35502332344619475, "log10_colsample_bytree": -1.0, "log10_eta": -4.0, "log10_lambda": -3.4949083515036405, "log10_min_child_weight": 0.0, "log10_subsample": 0.0, "max_depth": 6.0, "num_boost_round": 10.0}, "datetime": {"datetime": "2024-01-19 01:36:15", "elapsed": 5083.052542, "delta": 0.005457}}
{"target": -13.758534182865503, "params": {"gamma": 128.18492827361726, "log10_alpha": 0.35502332344619475, "log10_colsample_bytree": -1.0, "log10_eta": -4.0, "log10_lambda": -3.4949083515036405, "log10_min_child_weight": 0.0, "log10_subsample": 0.0, "max_depth": 6.0, "num_boost_round": 11.0}, "datetime": {"datetime": "2024-01-19 01:36:15", "elapsed": 5083.05763, "delta": 0.005088}}
{"target": -13.758529955541892, "params": {"gamma": 128.18492827361726, "log10_alpha": 0.35502332344619475, "log10_colsample_bytree": -1.0, "log10_eta": -4.0, "log10_lambda": -3.4949083515036405, "log10_min_child_weight": 0.0, "log10_subsample": 0.0, "max_depth": 6.0, "num_boost_round": 12.0}, "datetime": {"datetime": "2024-01-19 01:36:15", "elapsed": 5083.06286, "delta": 0.00523}}
{"target": -13.75852826314297, "params": {"gamma": 128.18492827361726, "log10_alpha": 0.35502332344619475, "log10_colsample_bytree": -1.0, "log10_eta": -4.0, "log10_lambda": -3.4949083515036405, "log10_min_child_weight": 0.0, "log10_subsample": 0.0, "max_depth": 6.0, "num_boost_round": 13.0}, "datetime": {"datetime": "2024-01-19 01:36:15", "elapsed": 5083.067872, "delta": 0.005012}}
{"target": -13.758522930091289, "params": {"gamma": 128.18492827361726, "log10_alpha": 0.35502332344619475, "log10_colsample_bytree": -1.0, "log10_eta": -4.0, "log10_lambda": -3.4949083515036405, "log10_min_child_weight": 0.0, "log10_subsample": 0.0, "max_depth": 6.0, "num_boost_round": 14.0}, "datetime": {"datetime": "2024-01-19 01:36:15", "elapsed": 5083.07331, "delta": 0.005438}}
{"target": -13.758519910264924, "params": {"gamma": 128.18492827361726, "log10_alpha": 0.35502332344619475, "log10_colsample_bytree": -1.0, "log10_eta": -4.0, "log10_lambda": -3.4949083515036405, "log10_min_child_weight": 0.0, "log10_subsample": 0.0, "max_depth": 6.0, "num_boost_round": 15.0}, "datetime": {"datetime": "2024-01-19 01:36:15", "elapsed": 5083.078496, "delta": 0.005186}}
{"target": -13.758519069857437, "params": {"gamma": 128.18492827361726, "log10_alpha": 0.35502332344619475, "log10_colsample_bytree": -1.0, "log10_eta": -4.0, "log10_lambda": -3.4949083515036405, "log10_min_child_weight": 0.0, "log10_subsample": 0.0, "max_depth": 6.0, "num_boost_round": 16.0}, "datetime": {"datetime": "2024-01-19 01:36:15", "elapsed": 5083.083612, "delta": 0.005116}}
{"target": -13.758517515103085, "params": {"gamma": 128.18492827361726, "log10_alpha": 0.35502332344619475, "log10_colsample_bytree": -1.0, "log10_eta": -4.0, "log10_lambda": -3.4949083515036405, "log10_min_child_weight": 0.0, "log10_subsample": 0.0, "max_depth": 6.0, "num_boost_round": 17.0}, "datetime": {"datetime": "2024-01-19 01:36:15", "elapsed": 5083.088525, "delta": 0.004913}}
{"target": -13.758516344607244, "params": {"gamma": 128.18492827361726, "log10_alpha": 0.35502332344619475, "log10_colsample_bytree": -1.0, "log10_eta": -4.0, "log10_lambda": -3.4949083515036405, "log10_min_child_weight": 0.0, "log10_subsample": 0.0, "max_depth": 6.0, "num_boost_round": 18.0}, "datetime": {"datetime": "2024-01-19 01:36:15", "elapsed": 5083.093734, "delta": 0.005209}}
{"target": -13.758513740223227, "params": {"gamma": 128.18492827361726, "log10_alpha": 0.35502332344619475, "log10_colsample_bytree": -1.0, "log10_eta": -4.0, "log10_lambda": -3.4949083515036405, "log10_min_child_weight": 0.0, "log10_subsample": 0.0, "max_depth": 6.0, "num_boost_round": 19.0}, "datetime": {"datetime": "2024-01-19 01:36:15", "elapsed": 5083.098556, "delta": 0.004822}}
{"target": -13.758512323108524, "params": {"gamma": 128.18492827361726, "log10_alpha": 0.35502332344619475, "log10_colsample_bytree": -1.0, "log10_eta": -4.0, "log10_lambda": -3.4949083515036405, "log10_min_child_weight": 0.0, "log10_subsample": 0.0, "max_depth": 6.0, "num_boost_round": 20.0}, "datetime": {"datetime": "2024-01-19 01:36:15", "elapsed": 5083.103368, "delta": 0.004812}}
