{"target": -21.99766299342702, "params": {"gamma": 705.4111932299306, "log10_alpha": 0.20703837531215719, "log10_colsample_bytree": -0.6401088925258565, "log10_eta": -0.15193999946441794, "log10_lambda": -4.903451221226514, "log10_min_child_weight": 1.0342943154457573, "log10_subsample": -0.6716915059872187, "max_depth": 9.0, "num_boost_round": 38.0}, "datetime": {"datetime": "2024-01-19 00:43:33", "elapsed": 1920.885762, "delta": 0.002622}}
{"target": -22.02712813372838, "params": {"gamma": 705.4111932299306, "log10_alpha": 0.20703837531215719, "log10_colsample_bytree": -0.6401088925258565, "log10_eta": -0.15193999946441794, "log10_lambda": -4.903451221226514, "log10_min_child_weight": 1.0342943154457573, "log10_subsample": -0.6716915059872187, "max_depth": 9.0, "num_boost_round": 39.0}, "datetime": {"datetime": "2024-01-19 00:43:33", "elapsed": 1920.888523, "delta": 0.002761}}
{"target": -22.057701161497356, "params": {"gamma": 705.4111932299306, "log10_alpha": 0.20703837531215719, "log10_colsample_bytree": -0.6401088925258565, "log10_eta": -0.15193999946441794, "log10_lambda": -4.903451221226514, "log10_min_child_weight": 1.0342943154457573, "log10_subsample": -0.6716915059872187, "max_depth": 9.0, "num_boost_round": 40.0}, "datetime": {"datetime": "2024-01-19 00:43:33", "elapsed": 1920.891157, "delta": 0.002634}}
{"target": -22.076334622301495, "params": {"gamma": 705.4111932299306, "log10_alpha": 0.20703837531215719, "log10_colsample_bytree": -0.6401088925258565, "log10_eta": -0.15193999946441794, "log10_lambda": -4.903451221226514, "log10_min_child_weight": 1.0342943154457573, "log10_subsample": -0.6716915059872187, "max_depth": 9.0, "num_boost_round": 41.0}, "datetime": {"datetime": "2024-01-19 00:43:33", "elapsed": 1920.893765, "delta": 0.002608}}
{"target": -22.134339483539932, "params": {"gamma": 705.4111932299306, "log10_alpha": 0.20703837531215719, "log10_colsample_bytree": -0.6401088925258565, "log10_eta": -0.15193999946441794, "log10_lambda": -4.903451221226514, "log10_min_child_weight": 1.0342943154457573, "log10_subsample": -0.6716915059872187, "max_depth": 9.0, "num_boost_round": 42.0}, "datetime": {"datetime": "2024-01-19 00:43:33", "elapsed": 1920.896485, "delta": 0.00272}}
{"target": -22.166652291793568, "params": {"gamma": 705.4111932299306, "log10_alpha": 0.20703837531215719, "log10_colsample_bytree": -0.6401088925258565, "log10_eta": -0.15193999946441794, "log10_lambda": -4.903451221226514, "log10_min_child_weight": 1.0342943154457573, "log10_subsample": -0.6716915059872187, "max_depth": 9.0, "num_boost_round": 43.0}, "datetime": {"datetime": "2024-01-19 00:43:33", "elapsed": 1920.903655, "delta": 0.00717}}
{"target": -22.303526614110613, "params": {"gamma": 705.4111932299306, "log10_alpha": 0.20703837531215719, "log10_colsample_bytree": -0.6401088925258565, "log10_eta": -0.15193999946441794, "log10_lambda": -4.903451221226514, "log10_min_child_weight": 1.0342943154457573, "log10_subsample": -0.6716915059872187, "max_depth": 9.0, "num_boost_round": 44.0}, "datetime": {"datetime": "2024-01-19 00:43:33", "elapsed": 1920.9064, "delta": 0.002745}}
{"target": -22.348915600722076, "params": {"gamma": 705.4111932299306, "log10_alpha": 0.20703837531215719, "log10_colsample_bytree": -0.6401088925258565, "log10_eta": -0.15193999946441794, "log10_lambda": -4.903451221226514, "log10_min_child_weight": 1.0342943154457573, "log10_subsample": -0.6716915059872187, "max_depth": 9.0, "num_boost_round": 45.0}, "datetime": {"datetime": "2024-01-19 00:43:33", "elapsed": 1920.909188, "delta": 0.002788}}
{"target": -22.376248252927066, "params": {"gamma": 705.4111932299306, "log10_alpha": 0.20703837531215719, "log10_colsample_bytree": -0.6401088925258565, "log10_eta": -0.15193999946441794, "log10_lambda": -4.903451221226514, "log10_min_child_weight": 1.0342943154457573, "log10_subsample": -0.6716915059872187, "max_depth": 9.0, "num_boost_round": 46.0}, "datetime": {"datetime": "2024-01-19 00:43:33", "elapsed": 1920.911853, "delta": 0.002665}}
{"target": -22.4215269297479, "params": {"gamma": 705.4111932299306, "log10_alpha": 0.20703837531215719, "log10_colsample_bytree": -0.6401088925258565, "log10_eta": -0.15193999946441794, "log10_lambda": -4.903451221226514, "log10_min_child_weight": 1.0342943154457573, "log10_subsample": -0.6716915059872187, "max_depth": 9.0, "num_boost_round": 47.0}, "datetime": {"datetime": "2024-01-19 00:43:33", "elapsed": 1920.91447, "delta": 0.002617}}
{"target": -22.509494065063816, "params": {"gamma": 705.4111932299306, "log10_alpha": 0.20703837531215719, "log10_colsample_bytree": -0.6401088925258565, "log10_eta": -0.15193999946441794, "log10_lambda": -4.903451221226514, "log10_min_child_weight": 1.0342943154457573, "log10_subsample": -0.6716915059872187, "max_depth": 9.0, "num_boost_round": 48.0}, "datetime": {"datetime": "2024-01-19 00:43:33", "elapsed": 1920.917272, "delta": 0.002802}}
{"target": -22.543614363375937, "params": {"gamma": 705.4111932299306, "log10_alpha": 0.20703837531215719, "log10_colsample_bytree": -0.6401088925258565, "log10_eta": -0.15193999946441794, "log10_lambda": -4.903451221226514, "log10_min_child_weight": 1.0342943154457573, "log10_subsample": -0.6716915059872187, "max_depth": 9.0, "num_boost_round": 49.0}, "datetime": {"datetime": "2024-01-19 00:43:33", "elapsed": 1920.919908, "delta": 0.002636}}
{"target": -22.57072636304175, "params": {"gamma": 705.4111932299306, "log10_alpha": 0.20703837531215719, "log10_colsample_bytree": -0.6401088925258565, "log10_eta": -0.15193999946441794, "log10_lambda": -4.903451221226514, "log10_min_child_weight": 1.0342943154457573, "log10_subsample": -0.6716915059872187, "max_depth": 9.0, "num_boost_round": 50.0}, "datetime": {"datetime": "2024-01-19 00:43:33", "elapsed": 1920.922568, "delta": 0.00266}}
{"target": -22.594322243181857, "params": {"gamma": 705.4111932299306, "log10_alpha": 0.20703837531215719, "log10_colsample_bytree": -0.6401088925258565, "log10_eta": -0.15193999946441794, "log10_lambda": -4.903451221226514, "log10_min_child_weight": 1.0342943154457573, "log10_subsample": -0.6716915059872187, "max_depth": 9.0, "num_boost_round": 51.0}, "datetime": {"datetime": "2024-01-19 00:43:33", "elapsed": 1920.925217, "delta": 0.002649}}
{"target": -22.661545047408886, "params": {"gamma": 705.4111932299306, "log10_alpha": 0.20703837531215719, "log10_colsample_bytree": -0.6401088925258565, "log10_eta": -0.15193999946441794, "log10_lambda": -4.903451221226514, "log10_min_child_weight": 1.0342943154457573, "log10_subsample": -0.6716915059872187, "max_depth": 9.0, "num_boost_round": 52.0}, "datetime": {"datetime": "2024-01-19 00:43:33", "elapsed": 1920.928011, "delta": 0.002794}}
{"target": -22.699846371850533, "params": {"gamma": 705.4111932299306, "log10_alpha": 0.20703837531215719, "log10_colsample_bytree": -0.6401088925258565, "log10_eta": -0.15193999946441794, "log10_lambda": -4.903451221226514, "log10_min_child_weight": 1.0342943154457573, "log10_subsample": -0.6716915059872187, "max_depth": 9.0, "num_boost_round": 53.0}, "datetime": {"datetime": "2024-01-19 00:43:33", "elapsed": 1920.930875, "delta": 0.002864}}
{"target": -22.713568671185946, "params": {"gamma": 705.4111932299306, "log10_alpha": 0.20703837531215719, "log10_colsample_bytree": -0.6401088925258565, "log10_eta": -0.15193999946441794, "log10_lambda": -4.903451221226514, "log10_min_child_weight": 1.0342943154457573, "log10_subsample": -0.6716915059872187, "max_depth": 9.0, "num_boost_round": 54.0}, "datetime": {"datetime": "2024-01-19 00:43:33", "elapsed": 1920.933529, "delta": 0.002654}}
{"target": -22.739576199806, "params": {"gamma": 705.4111932299306, "log10_alpha": 0.20703837531215719, "log10_colsample_bytree": -0.6401088925258565, "log10_eta": -0.15193999946441794, "log10_lambda": -4.903451221226514, "log10_min_child_weight": 1.0342943154457573, "log10_subsample": -0.6716915059872187, "max_depth": 9.0, "num_boost_round": 55.0}, "datetime": {"datetime": "2024-01-19 00:43:33", "elapsed": 1920.936278, "delta": 0.002749}}
{"target": -22.764531465120445, "params": {"gamma": 705.4111932299306, "log10_alpha": 0.20703837531215719, "log10_colsample_bytree": -0.6401088925258565, "log10_eta": -0.15193999946441794, "log10_lambda": -4.903451221226514, "log10_min_child_weight": 1.0342943154457573, "log10_subsample": -0.6716915059872187, "max_depth": 9.0, "num_boost_round": 56.0}, "datetime": {"datetime": "2024-01-19 00:43:33", "elapsed": 1920.938949, "delta": 0.002671}}
{"target": -22.853003475068665, "params": {"gamma": 705.4111932299306, "log10_alpha": 0.20703837531215719, "log10_colsample_bytree": -0.6401088925258565, "log10_eta": -0.15193999946441794, "log10_lambda": -4.903451221226514, "log10_min_child_weight": 1.0342943154457573, "log10_subsample": -0.6716915059872187, "max_depth": 9.0, "num_boost_round": 57.0}, "datetime": {"datetime": "2024-01-19 00:43:33", "elapsed": 1920.941576, "delta": 0.002627}}
{"target": -22.883350704264405, "params": {"gamma": 705.4111932299306, "log10_alpha": 0.20703837531215719, "log10_colsample_bytree": -0.6401088925258565, "log10_eta": -0.15193999946441794, "log10_lambda": -4.903451221226514, "log10_min_child_weight": 1.0342943154457573, "log10_subsample": -0.6716915059872187, "max_depth": 9.0, "num_boost_round": 58.0}, "datetime": {"datetime": "2024-01-19 00:43:33", "elapsed": 1920.944264, "delta": 0.002688}}
{"target": -22.91568264417678, "params": {"gamma": 705.4111932299306, "log10_alpha": 0.20703837531215719, "log10_colsample_bytree": -0.6401088925258565, "log10_eta": -0.15193999946441794, "log10_lambda": -4.903451221226514, "log10_min_child_weight": 1.0342943154457573, "log10_subsample": -0.6716915059872187, "max_depth": 9.0, "num_boost_round": 59.0}, "datetime": {"datetime": "2024-01-19 00:43:33", "elapsed": 1920.946924, "delta": 0.00266}}
{"target": -22.977831031411615, "params": {"gamma": 705.4111932299306, "log10_alpha": 0.20703837531215719, "log10_colsample_bytree": -0.6401088925258565, "log10_eta": -0.15193999946441794, "log10_lambda": -4.903451221226514, "log10_min_child_weight": 1.0342943154457573, "log10_subsample": -0.6716915059872187, "max_depth": 9.0, "num_boost_round": 60.0}, "datetime": {"datetime": "2024-01-19 00:43:33", "elapsed": 1920.949694, "delta": 0.00277}}
{"target": -23.034134095803775, "params": {"gamma": 705.4111932299306, "log10_alpha": 0.20703837531215719, "log10_colsample_bytree": -0.6401088925258565, "log10_eta": -0.15193999946441794, "log10_lambda": -4.903451221226514, "log10_min_child_weight": 1.0342943154457573, "log10_subsample": -0.6716915059872187, "max_depth": 9.0, "num_boost_round": 61.0}, "datetime": {"datetime": "2024-01-19 00:43:33", "elapsed": 1920.952453, "delta": 0.002759}}
{"target": -23.05303160541656, "params": {"gamma": 705.4111932299306, "log10_alpha": 0.20703837531215719, "log10_colsample_bytree": -0.6401088925258565, "log10_eta": -0.15193999946441794, "log10_lambda": -4.903451221226514, "log10_min_child_weight": 1.0342943154457573, "log10_subsample": -0.6716915059872187, "max_depth": 9.0, "num_boost_round": 62.0}, "datetime": {"datetime": "2024-01-19 00:43:33", "elapsed": 1920.955081, "delta": 0.002628}}
{"target": -23.08642508127413, "params": {"gamma": 705.4111932299306, "log10_alpha": 0.20703837531215719, "log10_colsample_bytree": -0.6401088925258565, "log10_eta": -0.15193999946441794, "log10_lambda": -4.903451221226514, "log10_min_child_weight": 1.0342943154457573, "log10_subsample": -0.6716915059872187, "max_depth": 9.0, "num_boost_round": 63.0}, "datetime": {"datetime": "2024-01-19 00:43:33", "elapsed": 1920.957839, "delta": 0.002758}}
{"target": -23.10985162686565, "params": {"gamma": 705.4111932299306, "log10_alpha": 0.20703837531215719, "log10_colsample_bytree": -0.6401088925258565, "log10_eta": -0.15193999946441794, "log10_lambda": -4.903451221226514, "log10_min_child_weight": 1.0342943154457573, "log10_subsample": -0.6716915059872187, "max_depth": 9.0, "num_boost_round": 64.0}, "datetime": {"datetime": "2024-01-19 00:43:33", "elapsed": 1920.960511, "delta": 0.002672}}
{"target": -23.14698642715734, "params": {"gamma": 705.4111932299306, "log10_alpha": 0.20703837531215719, "log10_colsample_bytree": -0.6401088925258565, "log10_eta": -0.15193999946441794, "log10_lambda": -4.903451221226514, "log10_min_child_weight": 1.0342943154457573, "log10_subsample": -0.6716915059872187, "max_depth": 9.0, "num_boost_round": 65.0}, "datetime": {"datetime": "2024-01-19 00:43:33", "elapsed": 1920.963162, "delta": 0.002651}}
{"target": -23.188294577175345, "params": {"gamma": 705.4111932299306, "log10_alpha": 0.20703837531215719, "log10_colsample_bytree": -0.6401088925258565, "log10_eta": -0.15193999946441794, "log10_lambda": -4.903451221226514, "log10_min_child_weight": 1.0342943154457573, "log10_subsample": -0.6716915059872187, "max_depth": 9.0, "num_boost_round": 66.0}, "datetime": {"datetime": "2024-01-19 00:43:33", "elapsed": 1920.965846, "delta": 0.002684}}
{"target": -23.21131755938474, "params": {"gamma": 705.4111932299306, "log10_alpha": 0.20703837531215719, "log10_colsample_bytree": -0.6401088925258565, "log10_eta": -0.15193999946441794, "log10_lambda": -4.903451221226514, "log10_min_child_weight": 1.0342943154457573, "log10_subsample": -0.6716915059872187, "max_depth": 9.0, "num_boost_round": 67.0}, "datetime": {"datetime": "2024-01-19 00:43:33", "elapsed": 1920.968584, "delta": 0.002738}}
{"target": -23.246210250770268, "params": {"gamma": 705.4111932299306, "log10_alpha": 0.20703837531215719, "log10_colsample_bytree": -0.6401088925258565, "log10_eta": -0.15193999946441794, "log10_lambda": -4.903451221226514, "log10_min_child_weight": 1.0342943154457573, "log10_subsample": -0.6716915059872187, "max_depth": 9.0, "num_boost_round": 68.0}, "datetime": {"datetime": "2024-01-19 00:43:33", "elapsed": 1920.971312, "delta": 0.002728}}
{"target": -23.277517953047397, "params": {"gamma": 705.4111932299306, "log10_alpha": 0.20703837531215719, "log10_colsample_bytree": -0.6401088925258565, "log10_eta": -0.15193999946441794, "log10_lambda": -4.903451221226514, "log10_min_child_weight": 1.0342943154457573, "log10_subsample": -0.6716915059872187, "max_depth": 9.0, "num_boost_round": 69.0}, "datetime": {"datetime": "2024-01-19 00:43:33", "elapsed": 1920.974012, "delta": 0.0027}}
{"target": -23.431393950568737, "params": {"gamma": 705.4111932299306, "log10_alpha": 0.20703837531215719, "log10_colsample_bytree": -0.6401088925258565, "log10_eta": -0.15193999946441794, "log10_lambda": -4.903451221226514, "log10_min_child_weight": 1.0342943154457573, "log10_subsample": -0.6716915059872187, "max_depth": 9.0, "num_boost_round": 70.0}, "datetime": {"datetime": "2024-01-19 00:43:33", "elapsed": 1920.977556, "delta": 0.003544}}
{"target": -23.455304597361955, "params": {"gamma": 705.4111932299306, "log10_alpha": 0.20703837531215719, "log10_colsample_bytree": -0.6401088925258565, "log10_eta": -0.15193999946441794, "log10_lambda": -4.903451221226514, "log10_min_child_weight": 1.0342943154457573, "log10_subsample": -0.6716915059872187, "max_depth": 9.0, "num_boost_round": 71.0}, "datetime": {"datetime": "2024-01-19 00:43:33", "elapsed": 1920.980611, "delta": 0.003055}}
{"target": -23.490379181622725, "params": {"gamma": 705.4111932299306, "log10_alpha": 0.20703837531215719, "log10_colsample_bytree": -0.6401088925258565, "log10_eta": -0.15193999946441794, "log10_lambda": -4.903451221226514, "log10_min_child_weight": 1.0342943154457573, "log10_subsample": -0.6716915059872187, "max_depth": 9.0, "num_boost_round": 72.0}, "datetime": {"datetime": "2024-01-19 00:43:33", "elapsed": 1920.984096, "delta": 0.003485}}
{"target": -17.677230049484404, "params": {"gamma": 712.8290272919259, "log10_alpha": -2.876019439002631, "log10_colsample_bytree": -0.7573180660780026, "log10_eta": -3.960981199901059, "log10_lambda": -3.205371802751653, "log10_min_child_weight": 2.504877632500608, "log10_subsample": -0.4886941963902147, "max_depth": 2.0, "num_boost_round": 0.0}, "datetime": {"datetime": "2024-01-19 00:44:12", "elapsed": 1959.502918, "delta": 38.518822}}
{"target": -17.67722906172333, "params": {"gamma": 712.8290272919259, "log10_alpha": -2.876019439002631, "log10_colsample_bytree": -0.7573180660780026, "log10_eta": -3.960981199901059, "log10_lambda": -3.205371802751653, "log10_min_child_weight": 2.504877632500608, "log10_subsample": -0.4886941963902147, "max_depth": 2.0, "num_boost_round": 1.0}, "datetime": {"datetime": "2024-01-19 00:44:12", "elapsed": 1959.50636, "delta": 0.003442}}
{"target": -17.677227125242005, "params": {"gamma": 712.8290272919259, "log10_alpha": -2.876019439002631, "log10_colsample_bytree": -0.7573180660780026, "log10_eta": -3.960981199901059, "log10_lambda": -3.205371802751653, "log10_min_child_weight": 2.504877632500608, "log10_subsample": -0.4886941963902147, "max_depth": 2.0, "num_boost_round": 2.0}, "datetime": {"datetime": "2024-01-19 00:44:12", "elapsed": 1959.509274, "delta": 0.002914}}
{"target": -17.677225468758134, "params": {"gamma": 712.8290272919259, "log10_alpha": -2.876019439002631, "log10_colsample_bytree": -0.7573180660780026, "log10_eta": -3.960981199901059, "log10_lambda": -3.205371802751653, "log10_min_child_weight": 2.504877632500608, "log10_subsample": -0.4886941963902147, "max_depth": 2.0, "num_boost_round": 3.0}, "datetime": {"datetime": "2024-01-19 00:44:12", "elapsed": 1959.511898, "delta": 0.002624}}
{"target": -17.677223638683717, "params": {"gamma": 712.8290272919259, "log10_alpha": -2.876019439002631, "log10_colsample_bytree": -0.7573180660780026, "log10_eta": -3.960981199901059, "log10_lambda": -3.205371802751653, "log10_min_child_weight": 2.504877632500608, "log10_subsample": -0.4886941963902147, "max_depth": 2.0, "num_boost_round": 4.0}, "datetime": {"datetime": "2024-01-19 00:44:12", "elapsed": 1959.514486, "delta": 0.002588}}
{"target": -17.677222034176243, "params": {"gamma": 712.8290272919259, "log10_alpha": -2.876019439002631, "log10_colsample_bytree": -0.7573180660780026, "log10_eta": -3.960981199901059, "log10_lambda": -3.205371802751653, "log10_min_child_weight": 2.504877632500608, "log10_subsample": -0.4886941963902147, "max_depth": 2.0, "num_boost_round": 5.0}, "datetime": {"datetime": "2024-01-19 00:44:12", "elapsed": 1959.517163, "delta": 0.002677}}
{"target": -17.677220535096637, "params": {"gamma": 712.8290272919259, "log10_alpha": -2.876019439002631, "log10_colsample_bytree": -0.7573180660780026, "log10_eta": -3.960981199901059, "log10_lambda": -3.205371802751653, "log10_min_child_weight": 2.504877632500608, "log10_subsample": -0.4886941963902147, "max_depth": 2.0, "num_boost_round": 6.0}, "datetime": {"datetime": "2024-01-19 00:44:12", "elapsed": 1959.519742, "delta": 0.002579}}
{"target": -17.67721687247742, "params": {"gamma": 712.8290272919259, "log10_alpha": -2.876019439002631, "log10_colsample_bytree": -0.7573180660780026, "log10_eta": -3.960981199901059, "log10_lambda": -3.205371802751653, "log10_min_child_weight": 2.504877632500608, "log10_subsample": -0.4886941963902147, "max_depth": 2.0, "num_boost_round": 7.0}, "datetime": {"datetime": "2024-01-19 00:44:12", "elapsed": 1959.522353, "delta": 0.002611}}
{"target": -17.677215705386796, "params": {"gamma": 712.8290272919259, "log10_alpha": -2.876019439002631, "log10_colsample_bytree": -0.7573180660780026, "log10_eta": -3.960981199901059, "log10_lambda": -3.205371802751653, "log10_min_child_weight": 2.504877632500608, "log10_subsample": -0.4886941963902147, "max_depth": 2.0, "num_boost_round": 8.0}, "datetime": {"datetime": "2024-01-19 00:44:12", "elapsed": 1959.525013, "delta": 0.00266}}
{"target": -17.67721350645674, "params": {"gamma": 712.8290272919259, "log10_alpha": -2.876019439002631, "log10_colsample_bytree": -0.7573180660780026, "log10_eta": -3.960981199901059, "log10_lambda": -3.205371802751653, "log10_min_child_weight": 2.504877632500608, "log10_subsample": -0.4886941963902147, "max_depth": 2.0, "num_boost_round": 9.0}, "datetime": {"datetime": "2024-01-19 00:44:12", "elapsed": 1959.527742, "delta": 0.002729}}
{"target": -17.677211016691924, "params": {"gamma": 712.8290272919259, "log10_alpha": -2.876019439002631, "log10_colsample_bytree": -0.7573180660780026, "log10_eta": -3.960981199901059, "log10_lambda": -3.205371802751653, "log10_min_child_weight": 2.504877632500608, "log10_subsample": -0.4886941963902147, "max_depth": 2.0, "num_boost_round": 10.0}, "datetime": {"datetime": "2024-01-19 00:44:12", "elapsed": 1959.530544, "delta": 0.002802}}
{"target": -17.677209758767088, "params": {"gamma": 712.8290272919259, "log10_alpha": -2.876019439002631, "log10_colsample_bytree": -0.7573180660780026, "log10_eta": -3.960981199901059, "log10_lambda": -3.205371802751653, "log10_min_child_weight": 2.504877632500608, "log10_subsample": -0.4886941963902147, "max_depth": 2.0, "num_boost_round": 11.0}, "datetime": {"datetime": "2024-01-19 00:44:12", "elapsed": 1959.533241, "delta": 0.002697}}
{"target": -17.67720811292251, "params": {"gamma": 712.8290272919259, "log10_alpha": -2.876019439002631, "log10_colsample_bytree": -0.7573180660780026, "log10_eta": -3.960981199901059, "log10_lambda": -3.205371802751653, "log10_min_child_weight": 2.504877632500608, "log10_subsample": -0.4886941963902147, "max_depth": 2.0, "num_boost_round": 12.0}, "datetime": {"datetime": "2024-01-19 00:44:12", "elapsed": 1959.535952, "delta": 0.002711}}
{"target": -17.677204888719633, "params": {"gamma": 712.8290272919259, "log10_alpha": -2.876019439002631, "log10_colsample_bytree": -0.7573180660780026, "log10_eta": -3.960981199901059, "log10_lambda": -3.205371802751653, "log10_min_child_weight": 2.504877632500608, "log10_subsample": -0.4886941963902147, "max_depth": 2.0, "num_boost_round": 13.0}, "datetime": {"datetime": "2024-01-19 00:44:12", "elapsed": 1959.53866, "delta": 0.002708}}
