{"target": -13.757667764268362, "params": {"gamma": 79.34849481925235, "log10_alpha": -2.448251778914614, "log10_colsample_bytree": -0.6258452924362853, "log10_eta": -2.429234835698923, "log10_lambda": 0.4088862096305653, "log10_min_child_weight": 2.4231512925852794, "log10_subsample": 0.0, "max_depth": 6.0, "num_boost_round": 8.0}, "datetime": {"datetime": "2024-01-19 00:19:39", "elapsed": 478.085336, "delta": 0.000665}}
{"target": -13.75766037637162, "params": {"gamma": 79.34849481925235, "log10_alpha": -2.448251778914614, "log10_colsample_bytree": -0.6258452924362853, "log10_eta": -2.429234835698923, "log10_lambda": 0.4088862096305653, "log10_min_child_weight": 2.4231512925852794, "log10_subsample": 0.0, "max_depth": 6.0, "num_boost_round": 9.0}, "datetime": {"datetime": "2024-01-19 00:19:39", "elapsed": 478.086, "delta": 0.000664}}
{"target": -13.76046289774672, "params": {"gamma": 96.69896841458348, "log10_alpha": -4.710158815191103, "log10_colsample_bytree": -0.16292424472829703, "log10_eta": -0.7590817812638777, "log10_lambda": -4.129020327016212, "log10_min_child_weight": 0.6532529147856697, "log10_subsample": -0.8615867983980583, "max_depth": 3.0, "num_boost_round": 0.0}, "datetime": {"datetime": "2024-01-19 00:19:57", "elapsed": 496.91008, "delta": 18.82408}}
{"target": -13.7695711918903, "params": {"gamma": 96.69896841458348, "log10_alpha": -4.710158815191103, "log10_colsample_bytree": -0.16292424472829703, "log10_eta": -0.7590817812638777, "log10_lambda": -4.129020327016212, "log10_min_child_weight": 0.6532529147856697, "log10_subsample": -0.8615867983980583, "max_depth": 3.0, "num_boost_round": 1.0}, "datetime": {"datetime": "2024-01-19 00:19:57", "elapsed": 496.910974, "delta": 0.000894}}
{"target": -13.769159266876787, "params": {"gamma": 96.69896841458348, "log10_alpha": -4.710158815191103, "log10_colsample_bytree": -0.16292424472829703, "log10_eta": -0.7590817812638777, "log10_lambda": -4.129020327016212, "log10_min_child_weight": 0.6532529147856697, "log10_subsample": -0.8615867983980583, "max_depth": 3.0, "num_boost_round": 2.0}, "datetime": {"datetime": "2024-01-19 00:19:57", "elapsed": 496.911651, "delta": 0.000677}}
{"target": -13.775283232628556, "params": {"gamma": 96.69896841458348, "log10_alpha": -4.710158815191103, "log10_colsample_bytree": -0.16292424472829703, "log10_eta": -0.7590817812638777, "log10_lambda": -4.129020327016212, "log10_min_child_weight": 0.6532529147856697, "log10_subsample": -0.8615867983980583, "max_depth": 3.0, "num_boost_round": 3.0}, "datetime": {"datetime": "2024-01-19 00:19:57", "elapsed": 496.91231, "delta": 0.000659}}
{"target": -13.777830221113383, "params": {"gamma": 96.69896841458348, "log10_alpha": -4.710158815191103, "log10_colsample_bytree": -0.16292424472829703, "log10_eta": -0.7590817812638777, "log10_lambda": -4.129020327016212, "log10_min_child_weight": 0.6532529147856697, "log10_subsample": -0.8615867983980583, "max_depth": 3.0, "num_boost_round": 4.0}, "datetime": {"datetime": "2024-01-19 00:19:57", "elapsed": 496.912972, "delta": 0.000662}}
{"target": -13.779698606903377, "params": {"gamma": 96.69896841458348, "log10_alpha": -4.710158815191103, "log10_colsample_bytree": -0.16292424472829703, "log10_eta": -0.7590817812638777, "log10_lambda": -4.129020327016212, "log10_min_child_weight": 0.6532529147856697, "log10_subsample": -0.8615867983980583, "max_depth": 3.0, "num_boost_round": 5.0}, "datetime": {"datetime": "2024-01-19 00:19:57", "elapsed": 496.913566, "delta": 0.000594}}
{"target": -13.782432357891778, "params": {"gamma": 96.69896841458348, "log10_alpha": -4.710158815191103, "log10_colsample_bytree": -0.16292424472829703, "log10_eta": -0.7590817812638777, "log10_lambda": -4.129020327016212, "log10_min_child_weight": 0.6532529147856697, "log10_subsample": -0.8615867983980583, "max_depth": 3.0, "num_boost_round": 6.0}, "datetime": {"datetime": "2024-01-19 00:19:57", "elapsed": 496.914221, "delta": 0.000655}}
{"target": -13.78582268872436, "params": {"gamma": 96.69896841458348, "log10_alpha": -4.710158815191103, "log10_colsample_bytree": -0.16292424472829703, "log10_eta": -0.7590817812638777, "log10_lambda": -4.129020327016212, "log10_min_child_weight": 0.6532529147856697, "log10_subsample": -0.8615867983980583, "max_depth": 3.0, "num_boost_round": 7.0}, "datetime": {"datetime": "2024-01-19 00:19:57", "elapsed": 496.914886, "delta": 0.000665}}
{"target": -13.787027708056167, "params": {"gamma": 96.69896841458348, "log10_alpha": -4.710158815191103, "log10_colsample_bytree": -0.16292424472829703, "log10_eta": -0.7590817812638777, "log10_lambda": -4.129020327016212, "log10_min_child_weight": 0.6532529147856697, "log10_subsample": -0.8615867983980583, "max_depth": 3.0, "num_boost_round": 8.0}, "datetime": {"datetime": "2024-01-19 00:19:57", "elapsed": 496.916396, "delta": 0.00151}}
{"target": -13.788635940393954, "params": {"gamma": 96.69896841458348, "log10_alpha": -4.710158815191103, "log10_colsample_bytree": -0.16292424472829703, "log10_eta": -0.7590817812638777, "log10_lambda": -4.129020327016212, "log10_min_child_weight": 0.6532529147856697, "log10_subsample": -0.8615867983980583, "max_depth": 3.0, "num_boost_round": 9.0}, "datetime": {"datetime": "2024-01-19 00:19:57", "elapsed": 496.917089, "delta": 0.000693}}
{"target": -13.787320009664198, "params": {"gamma": 96.69896841458348, "log10_alpha": -4.710158815191103, "log10_colsample_bytree": -0.16292424472829703, "log10_eta": -0.7590817812638777, "log10_lambda": -4.129020327016212, "log10_min_child_weight": 0.6532529147856697, "log10_subsample": -0.8615867983980583, "max_depth": 3.0, "num_boost_round": 10.0}, "datetime": {"datetime": "2024-01-19 00:19:57", "elapsed": 496.91777, "delta": 0.000681}}
{"target": -13.75853729828389, "params": {"gamma": 89.61170783782512, "log10_alpha": -1.560064853785645, "log10_colsample_bytree": -0.9419672440314383, "log10_eta": -3.4653153402467654, "log10_lambda": -4.758815243560938, "log10_min_child_weight": 2.908981870003334, "log10_subsample": -0.87233322965284, "max_depth": 3.0, "num_boost_round": 0.0}, "datetime": {"datetime": "2024-01-19 00:20:20", "elapsed": 519.348669, "delta": 22.430899}}
{"target": -13.758537394613763, "params": {"gamma": 89.61170783782512, "log10_alpha": -1.560064853785645, "log10_colsample_bytree": -0.9419672440314383, "log10_eta": -3.4653153402467654, "log10_lambda": -4.758815243560938, "log10_min_child_weight": 2.908981870003334, "log10_subsample": -0.87233322965284, "max_depth": 3.0, "num_boost_round": 1.0}, "datetime": {"datetime": "2024-01-19 00:20:20", "elapsed": 519.34951, "delta": 0.000841}}
{"target": -13.758534238219479, "params": {"gamma": 89.61170783782512, "log10_alpha": -1.560064853785645, "log10_colsample_bytree": -0.9419672440314383, "log10_eta": -3.4653153402467654, "log10_lambda": -4.758815243560938, "log10_min_child_weight": 2.908981870003334, "log10_subsample": -0.87233322965284, "max_depth": 3.0, "num_boost_round": 2.0}, "datetime": {"datetime": "2024-01-19 00:20:20", "elapsed": 519.350228, "delta": 0.000718}}
{"target": -13.758533735030857, "params": {"gamma": 89.61170783782512, "log10_alpha": -1.560064853785645, "log10_colsample_bytree": -0.9419672440314383, "log10_eta": -3.4653153402467654, "log10_lambda": -4.758815243560938, "log10_min_child_weight": 2.908981870003334, "log10_subsample": -0.87233322965284, "max_depth": 3.0, "num_boost_round": 3.0}, "datetime": {"datetime": "2024-01-19 00:20:20", "elapsed": 519.351287, "delta": 0.001059}}
{"target": -13.75852962552388, "params": {"gamma": 89.61170783782512, "log10_alpha": -1.560064853785645, "log10_colsample_bytree": -0.9419672440314383, "log10_eta": -3.4653153402467654, "log10_lambda": -4.758815243560938, "log10_min_child_weight": 2.908981870003334, "log10_subsample": -0.87233322965284, "max_depth": 3.0, "num_boost_round": 4.0}, "datetime": {"datetime": "2024-01-19 00:20:20", "elapsed": 519.352131, "delta": 0.000844}}
{"target": -13.758529524927033, "params": {"gamma": 89.61170783782512, "log10_alpha": -1.560064853785645, "log10_colsample_bytree": -0.9419672440314383, "log10_eta": -3.4653153402467654, "log10_lambda": -4.758815243560938, "log10_min_child_weight": 2.908981870003334, "log10_subsample": -0.87233322965284, "max_depth": 3.0, "num_boost_round": 5.0}, "datetime": {"datetime": "2024-01-19 00:20:20", "elapsed": 519.352766, "delta": 0.000635}}
{"target": -13.758533904819572, "params": {"gamma": 89.61170783782512, "log10_alpha": -1.560064853785645, "log10_colsample_bytree": -0.9419672440314383, "log10_eta": -3.4653153402467654, "log10_lambda": -4.758815243560938, "log10_min_child_weight": 2.908981870003334, "log10_subsample": -0.87233322965284, "max_depth": 3.0, "num_boost_round": 6.0}, "datetime": {"datetime": "2024-01-19 00:20:20", "elapsed": 519.353608, "delta": 0.000842}}
{"target": -13.758530305414293, "params": {"gamma": 89.61170783782512, "log10_alpha": -1.560064853785645, "log10_colsample_bytree": -0.9419672440314383, "log10_eta": -3.4653153402467654, "log10_lambda": -4.758815243560938, "log10_min_child_weight": 2.908981870003334, "log10_subsample": -0.87233322965284, "max_depth": 3.0, "num_boost_round": 7.0}, "datetime": {"datetime": "2024-01-19 00:20:20", "elapsed": 519.354216, "delta": 0.000608}}
{"target": -13.758526815078808, "params": {"gamma": 89.61170783782512, "log10_alpha": -1.560064853785645, "log10_colsample_bytree": -0.9419672440314383, "log10_eta": -3.4653153402467654, "log10_lambda": -4.758815243560938, "log10_min_child_weight": 2.908981870003334, "log10_subsample": -0.87233322965284, "max_depth": 3.0, "num_boost_round": 8.0}, "datetime": {"datetime": "2024-01-19 00:20:20", "elapsed": 519.354885, "delta": 0.000669}}
{"target": -13.758523843044513, "params": {"gamma": 89.61170783782512, "log10_alpha": -1.560064853785645, "log10_colsample_bytree": -0.9419672440314383, "log10_eta": -3.4653153402467654, "log10_lambda": -4.758815243560938, "log10_min_child_weight": 2.908981870003334, "log10_subsample": -0.87233322965284, "max_depth": 3.0, "num_boost_round": 9.0}, "datetime": {"datetime": "2024-01-19 00:20:20", "elapsed": 519.355475, "delta": 0.00059}}
{"target": -13.75852273123132, "params": {"gamma": 89.61170783782512, "log10_alpha": -1.560064853785645, "log10_colsample_bytree": -0.9419672440314383, "log10_eta": -3.4653153402467654, "log10_lambda": -4.758815243560938, "log10_min_child_weight": 2.908981870003334, "log10_subsample": -0.87233322965284, "max_depth": 3.0, "num_boost_round": 10.0}, "datetime": {"datetime": "2024-01-19 00:20:20", "elapsed": 519.35614, "delta": 0.000665}}
{"target": -13.758522014249152, "params": {"gamma": 89.61170783782512, "log10_alpha": -1.560064853785645, "log10_colsample_bytree": -0.9419672440314383, "log10_eta": -3.4653153402467654, "log10_lambda": -4.758815243560938, "log10_min_child_weight": 2.908981870003334, "log10_subsample": -0.87233322965284, "max_depth": 3.0, "num_boost_round": 11.0}, "datetime": {"datetime": "2024-01-19 00:20:20", "elapsed": 519.356745, "delta": 0.000605}}
{"target": -13.758516203722577, "params": {"gamma": 89.61170783782512, "log10_alpha": -1.560064853785645, "log10_colsample_bytree": -0.9419672440314383, "log10_eta": -3.4653153402467654, "log10_lambda": -4.758815243560938, "log10_min_child_weight": 2.908981870003334, "log10_subsample": -0.87233322965284, "max_depth": 3.0, "num_boost_round": 12.0}, "datetime": {"datetime": "2024-01-19 00:20:20", "elapsed": 519.357419, "delta": 0.000674}}
{"target": -13.758513293559982, "params": {"gamma": 89.61170783782512, "log10_alpha": -1.560064853785645, "log10_colsample_bytree": -0.9419672440314383, "log10_eta": -3.4653153402467654, "log10_lambda": -4.758815243560938, "log10_min_child_weight": 2.908981870003334, "log10_subsample": -0.87233322965284, "max_depth": 3.0, "num_boost_round": 13.0}, "datetime": {"datetime": "2024-01-19 00:20:20", "elapsed": 519.358137, "delta": 0.000718}}
{"target": -13.758509999545616, "params": {"gamma": 89.61170783782512, "log10_alpha": -1.560064853785645, "log10_colsample_bytree": -0.9419672440314383, "log10_eta": -3.4653153402467654, "log10_lambda": -4.758815243560938, "log10_min_child_weight": 2.908981870003334, "log10_subsample": -0.87233322965284, "max_depth": 3.0, "num_boost_round": 14.0}, "datetime": {"datetime": "2024-01-19 00:20:20", "elapsed": 519.358746, "delta": 0.000609}}
{"target": -13.75850418592118, "params": {"gamma": 89.61170783782512, "log10_alpha": -1.560064853785645, "log10_colsample_bytree": -0.9419672440314383, "log10_eta": -3.4653153402467654, "log10_lambda": -4.758815243560938, "log10_min_child_weight": 2.908981870003334, "log10_subsample": -0.87233322965284, "max_depth": 3.0, "num_boost_round": 15.0}, "datetime": {"datetime": "2024-01-19 00:20:20", "elapsed": 519.359439, "delta": 0.000693}}
{"target": -13.758501149513258, "params": {"gamma": 89.61170783782512, "log10_alpha": -1.560064853785645, "log10_colsample_bytree": -0.9419672440314383, "log10_eta": -3.4653153402467654, "log10_lambda": -4.758815243560938, "log10_min_child_weight": 2.908981870003334, "log10_subsample": -0.87233322965284, "max_depth": 3.0, "num_boost_round": 16.0}, "datetime": {"datetime": "2024-01-19 00:20:20", "elapsed": 519.360367, "delta": 0.000928}}
{"target": -13.758496911895307, "params": {"gamma": 89.61170783782512, "log10_alpha": -1.560064853785645, "log10_colsample_bytree": -0.9419672440314383, "log10_eta": -3.4653153402467654, "log10_lambda": -4.758815243560938, "log10_min_child_weight": 2.908981870003334, "log10_subsample": -0.87233322965284, "max_depth": 3.0, "num_boost_round": 17.0}, "datetime": {"datetime": "2024-01-19 00:20:20", "elapsed": 519.361086, "delta": 0.000719}}
{"target": -13.758495895181325, "params": {"gamma": 89.61170783782512, "log10_alpha": -1.560064853785645, "log10_colsample_bytree": -0.9419672440314383, "log10_eta": -3.4653153402467654, "log10_lambda": -4.758815243560938, "log10_min_child_weight": 2.908981870003334, "log10_subsample": -0.87233322965284, "max_depth": 3.0, "num_boost_round": 18.0}, "datetime": {"datetime": "2024-01-19 00:20:20", "elapsed": 519.361821, "delta": 0.000735}}
{"target": -13.758493872138772, "params": {"gamma": 89.61170783782512, "log10_alpha": -1.560064853785645, "log10_colsample_bytree": -0.9419672440314383, "log10_eta": -3.4653153402467654, "log10_lambda": -4.758815243560938, "log10_min_child_weight": 2.908981870003334, "log10_subsample": -0.87233322965284, "max_depth": 3.0, "num_boost_round": 19.0}, "datetime": {"datetime": "2024-01-19 00:20:20", "elapsed": 519.362577, "delta": 0.000756}}
{"target": -13.758489152882909, "params": {"gamma": 89.61170783782512, "log10_alpha": -1.560064853785645, "log10_colsample_bytree": -0.9419672440314383, "log10_eta": -3.4653153402467654, "log10_lambda": -4.758815243560938, "log10_min_child_weight": 2.908981870003334, "log10_subsample": -0.87233322965284, "max_depth": 3.0, "num_boost_round": 20.0}, "datetime": {"datetime": "2024-01-19 00:20:20", "elapsed": 519.363289, "delta": 0.000712}}
{"target": -13.758433342351712, "params": {"gamma": 84.62210343822296, "log10_alpha": -0.5254775452268845, "log10_colsample_bytree": -0.5130755965424819, "log10_eta": -1.6790235763040169, "log10_lambda": 0.8399083463636208, "log10_min_child_weight": 4.933602891477297, "log10_subsample": -0.4746421702854048, "max_depth": 3.0, "num_boost_round": 0.0}, "datetime": {"datetime": "2024-01-19 00:20:44", "elapsed": 543.54791, "delta": 24.184621}}
{"target": -13.758386889099672, "params": {"gamma": 84.62210343822296, "log10_alpha": -0.5254775452268845, "log10_colsample_bytree": -0.5130755965424819, "log10_eta": -1.6790235763040169, "log10_lambda": 0.8399083463636208, "log10_min_child_weight": 4.933602891477297, "log10_subsample": -0.4746421702854048, "max_depth": 3.0, "num_boost_round": 1.0}, "datetime": {"datetime": "2024-01-19 00:20:44", "elapsed": 543.548951, "delta": 0.001041}}
{"target": -13.758418803827553, "params": {"gamma": 84.62210343822296, "log10_alpha": -0.5254775452268845, "log10_colsample_bytree": -0.5130755965424819, "log10_eta": -1.6790235763040169, "log10_lambda": 0.8399083463636208, "log10_min_child_weight": 4.933602891477297, "log10_subsample": -0.4746421702854048, "max_depth": 3.0, "num_boost_round": 2.0}, "datetime": {"datetime": "2024-01-19 00:20:44", "elapsed": 543.549885, "delta": 0.000934}}
{"target": -13.758345612936168, "params": {"gamma": 84.62210343822296, "log10_alpha": -0.5254775452268845, "log10_colsample_bytree": -0.5130755965424819, "log10_eta": -1.6790235763040169, "log10_lambda": 0.8399083463636208, "log10_min_child_weight": 4.933602891477297, "log10_subsample": -0.4746421702854048, "max_depth": 3.0, "num_boost_round": 3.0}, "datetime": {"datetime": "2024-01-19 00:20:44", "elapsed": 543.550604, "delta": 0.000719}}
{"target": -13.758345169009631, "params": {"gamma": 84.62210343822296, "log10_alpha": -0.5254775452268845, "log10_colsample_bytree": -0.5130755965424819, "log10_eta": -1.6790235763040169, "log10_lambda": 0.8399083463636208, "log10_min_child_weight": 4.933602891477297, "log10_subsample": -0.4746421702854048, "max_depth": 3.0, "num_boost_round": 4.0}, "datetime": {"datetime": "2024-01-19 00:20:44", "elapsed": 543.551331, "delta": 0.000727}}
{"target": -13.758293126636838, "params": {"gamma": 84.62210343822296, "log10_alpha": -0.5254775452268845, "log10_colsample_bytree": -0.5130755965424819, "log10_eta": -1.6790235763040169, "log10_lambda": 0.8399083463636208, "log10_min_child_weight": 4.933602891477297, "log10_subsample": -0.4746421702854048, "max_depth": 3.0, "num_boost_round": 5.0}, "datetime": {"datetime": "2024-01-19 00:20:44", "elapsed": 543.55204, "delta": 0.000709}}
{"target": -13.758265014573041, "params": {"gamma": 84.62210343822296, "log10_alpha": -0.5254775452268845, "log10_colsample_bytree": -0.5130755965424819, "log10_eta": -1.6790235763040169, "log10_lambda": 0.8399083463636208, "log10_min_child_weight": 4.933602891477297, "log10_subsample": -0.4746421702854048, "max_depth": 3.0, "num_boost_round": 6.0}, "datetime": {"datetime": "2024-01-19 00:20:44", "elapsed": 543.552785, "delta": 0.000745}}
{"target": -13.758230231504557, "params": {"gamma": 84.62210343822296, "log10_alpha": -0.5254775452268845, "log10_colsample_bytree": -0.5130755965424819, "log10_eta": -1.6790235763040169, "log10_lambda": 0.8399083463636208, "log10_min_child_weight": 4.933602891477297, "log10_subsample": -0.4746421702854048, "max_depth": 3.0, "num_boost_round": 7.0}, "datetime": {"datetime": "2024-01-19 00:20:44", "elapsed": 543.553574, "delta": 0.000789}}
{"target": -13.758268342579472, "params": {"gamma": 84.62210343822296, "log10_alpha": -0.5254775452268845, "log10_colsample_bytree": -0.5130755965424819, "log10_eta": -1.6790235763040169, "log10_lambda": 0.8399083463636208, "log10_min_child_weight": 4.933602891477297, "log10_subsample": -0.4746421702854048, "max_depth": 3.0, "num_boost_round": 8.0}, "datetime": {"datetime": "2024-01-19 00:20:44", "elapsed": 543.554338, "delta": 0.000764}}
{"target": -13.758181434911606, "params": {"gamma": 84.62210343822296, "log10_alpha": -0.5254775452268845, "log10_colsample_bytree": -0.5130755965424819, "log10_eta": -1.6790235763040169, "log10_lambda": 0.8399083463636208, "log10_min_child_weight": 4.933602891477297, "log10_subsample": -0.4746421702854048, "max_depth": 3.0, "num_boost_round": 9.0}, "datetime": {"datetime": "2024-01-19 00:20:44", "elapsed": 543.555162, "delta": 0.000824}}
{"target": -13.75811180650827, "params": {"gamma": 84.62210343822296, "log10_alpha": -0.5254775452268845, "log10_colsample_bytree": -0.5130755965424819, "log10_eta": -1.6790235763040169, "log10_lambda": 0.8399083463636208, "log10_min_child_weight": 4.933602891477297, "log10_subsample": -0.4746421702854048, "max_depth": 3.0, "num_boost_round": 10.0}, "datetime": {"datetime": "2024-01-19 00:20:44", "elapsed": 543.555969, "delta": 0.000807}}
{"target": -13.75806639236873, "params": {"gamma": 84.62210343822296, "log10_alpha": -0.5254775452268845, "log10_colsample_bytree": -0.5130755965424819, "log10_eta": -1.6790235763040169, "log10_lambda": 0.8399083463636208, "log10_min_child_weight": 4.933602891477297, "log10_subsample": -0.4746421702854048, "max_depth": 3.0, "num_boost_round": 11.0}, "datetime": {"datetime": "2024-01-19 00:20:44", "elapsed": 543.556774, "delta": 0.000805}}
{"target": -13.758096596566286, "params": {"gamma": 84.62210343822296, "log10_alpha": -0.5254775452268845, "log10_colsample_bytree": -0.5130755965424819, "log10_eta": -1.6790235763040169, "log10_lambda": 0.8399083463636208, "log10_min_child_weight": 4.933602891477297, "log10_subsample": -0.4746421702854048, "max_depth": 3.0, "num_boost_round": 12.0}, "datetime": {"datetime": "2024-01-19 00:20:44", "elapsed": 543.557557, "delta": 0.000783}}
{"target": -13.758158823160732, "params": {"gamma": 84.62210343822296, "log10_alpha": -0.5254775452268845, "log10_colsample_bytree": -0.5130755965424819, "log10_eta": -1.6790235763040169, "log10_lambda": 0.8399083463636208, "log10_min_child_weight": 4.933602891477297, "log10_subsample": -0.4746421702854048, "max_depth": 3.0, "num_boost_round": 13.0}, "datetime": {"datetime": "2024-01-19 00:20:44", "elapsed": 543.558345, "delta": 0.000788}}
{"target": -13.75823955684805, "params": {"gamma": 84.62210343822296, "log10_alpha": -0.5254775452268845, "log10_colsample_bytree": -0.5130755965424819, "log10_eta": -1.6790235763040169, "log10_lambda": 0.8399083463636208, "log10_min_child_weight": 4.933602891477297, "log10_subsample": -0.4746421702854048, "max_depth": 3.0, "num_boost_round": 14.0}, "datetime": {"datetime": "2024-01-19 00:20:44", "elapsed": 543.559147, "delta": 0.000802}}
