{"target": -18.48645017466092, "params": {"gamma": 167.65805853905601, "log10_alpha": -0.646627317022455, "log10_colsample_bytree": -0.9768448160178089, "log10_eta": -0.7479305075250071, "log10_lambda": -1.8253934070030922, "log10_min_child_weight": 0.009212117235654071, "log10_subsample": -0.9704825114413344, "max_depth": 9.0, "num_boost_round": 36.0}, "datetime": {"datetime": "2024-01-19 00:39:43", "elapsed": 1668.376049, "delta": 0.002285}}
{"target": -18.49769917525958, "params": {"gamma": 167.65805853905601, "log10_alpha": -0.646627317022455, "log10_colsample_bytree": -0.9768448160178089, "log10_eta": -0.7479305075250071, "log10_lambda": -1.8253934070030922, "log10_min_child_weight": 0.009212117235654071, "log10_subsample": -0.9704825114413344, "max_depth": 9.0, "num_boost_round": 37.0}, "datetime": {"datetime": "2024-01-19 00:39:43", "elapsed": 1668.378386, "delta": 0.002337}}
{"target": -18.504606032344714, "params": {"gamma": 167.65805853905601, "log10_alpha": -0.646627317022455, "log10_colsample_bytree": -0.9768448160178089, "log10_eta": -0.7479305075250071, "log10_lambda": -1.8253934070030922, "log10_min_child_weight": 0.009212117235654071, "log10_subsample": -0.9704825114413344, "max_depth": 9.0, "num_boost_round": 38.0}, "datetime": {"datetime": "2024-01-19 00:39:43", "elapsed": 1668.380816, "delta": 0.00243}}
{"target": -18.51397656544559, "params": {"gamma": 167.65805853905601, "log10_alpha": -0.646627317022455, "log10_colsample_bytree": -0.9768448160178089, "log10_eta": -0.7479305075250071, "log10_lambda": -1.8253934070030922, "log10_min_child_weight": 0.009212117235654071, "log10_subsample": -0.9704825114413344, "max_depth": 9.0, "num_boost_round": 39.0}, "datetime": {"datetime": "2024-01-19 00:39:43", "elapsed": 1668.383138, "delta": 0.002322}}
{"target": -18.53107558845776, "params": {"gamma": 167.65805853905601, "log10_alpha": -0.646627317022455, "log10_colsample_bytree": -0.9768448160178089, "log10_eta": -0.7479305075250071, "log10_lambda": -1.8253934070030922, "log10_min_child_weight": 0.009212117235654071, "log10_subsample": -0.9704825114413344, "max_depth": 9.0, "num_boost_round": 40.0}, "datetime": {"datetime": "2024-01-19 00:39:43", "elapsed": 1668.385525, "delta": 0.002387}}
{"target": -18.544577765724927, "params": {"gamma": 167.65805853905601, "log10_alpha": -0.646627317022455, "log10_colsample_bytree": -0.9768448160178089, "log10_eta": -0.7479305075250071, "log10_lambda": -1.8253934070030922, "log10_min_child_weight": 0.009212117235654071, "log10_subsample": -0.9704825114413344, "max_depth": 9.0, "num_boost_round": 41.0}, "datetime": {"datetime": "2024-01-19 00:39:43", "elapsed": 1668.388104, "delta": 0.002579}}
{"target": -18.554341531968653, "params": {"gamma": 167.65805853905601, "log10_alpha": -0.646627317022455, "log10_colsample_bytree": -0.9768448160178089, "log10_eta": -0.7479305075250071, "log10_lambda": -1.8253934070030922, "log10_min_child_weight": 0.009212117235654071, "log10_subsample": -0.9704825114413344, "max_depth": 9.0, "num_boost_round": 42.0}, "datetime": {"datetime": "2024-01-19 00:39:43", "elapsed": 1668.390558, "delta": 0.002454}}
{"target": -18.55865242313363, "params": {"gamma": 167.65805853905601, "log10_alpha": -0.646627317022455, "log10_colsample_bytree": -0.9768448160178089, "log10_eta": -0.7479305075250071, "log10_lambda": -1.8253934070030922, "log10_min_child_weight": 0.009212117235654071, "log10_subsample": -0.9704825114413344, "max_depth": 9.0, "num_boost_round": 43.0}, "datetime": {"datetime": "2024-01-19 00:39:43", "elapsed": 1668.392978, "delta": 0.00242}}
{"target": -18.56708869120958, "params": {"gamma": 167.65805853905601, "log10_alpha": -0.646627317022455, "log10_colsample_bytree": -0.9768448160178089, "log10_eta": -0.7479305075250071, "log10_lambda": -1.8253934070030922, "log10_min_child_weight": 0.009212117235654071, "log10_subsample": -0.9704825114413344, "max_depth": 9.0, "num_boost_round": 44.0}, "datetime": {"datetime": "2024-01-19 00:39:43", "elapsed": 1668.395361, "delta": 0.002383}}
{"target": -18.5728835048567, "params": {"gamma": 167.65805853905601, "log10_alpha": -0.646627317022455, "log10_colsample_bytree": -0.9768448160178089, "log10_eta": -0.7479305075250071, "log10_lambda": -1.8253934070030922, "log10_min_child_weight": 0.009212117235654071, "log10_subsample": -0.9704825114413344, "max_depth": 9.0, "num_boost_round": 45.0}, "datetime": {"datetime": "2024-01-19 00:39:43", "elapsed": 1668.397687, "delta": 0.002326}}
{"target": -18.58332290207389, "params": {"gamma": 167.65805853905601, "log10_alpha": -0.646627317022455, "log10_colsample_bytree": -0.9768448160178089, "log10_eta": -0.7479305075250071, "log10_lambda": -1.8253934070030922, "log10_min_child_weight": 0.009212117235654071, "log10_subsample": -0.9704825114413344, "max_depth": 9.0, "num_boost_round": 46.0}, "datetime": {"datetime": "2024-01-19 00:39:43", "elapsed": 1668.400222, "delta": 0.002535}}
{"target": -18.588614661519138, "params": {"gamma": 167.65805853905601, "log10_alpha": -0.646627317022455, "log10_colsample_bytree": -0.9768448160178089, "log10_eta": -0.7479305075250071, "log10_lambda": -1.8253934070030922, "log10_min_child_weight": 0.009212117235654071, "log10_subsample": -0.9704825114413344, "max_depth": 9.0, "num_boost_round": 47.0}, "datetime": {"datetime": "2024-01-19 00:39:43", "elapsed": 1668.518008, "delta": 0.117786}}
{"target": -18.599552045946776, "params": {"gamma": 167.65805853905601, "log10_alpha": -0.646627317022455, "log10_colsample_bytree": -0.9768448160178089, "log10_eta": -0.7479305075250071, "log10_lambda": -1.8253934070030922, "log10_min_child_weight": 0.009212117235654071, "log10_subsample": -0.9704825114413344, "max_depth": 9.0, "num_boost_round": 48.0}, "datetime": {"datetime": "2024-01-19 00:39:43", "elapsed": 1668.521775, "delta": 0.003767}}
{"target": -18.61657337919588, "params": {"gamma": 167.65805853905601, "log10_alpha": -0.646627317022455, "log10_colsample_bytree": -0.9768448160178089, "log10_eta": -0.7479305075250071, "log10_lambda": -1.8253934070030922, "log10_min_child_weight": 0.009212117235654071, "log10_subsample": -0.9704825114413344, "max_depth": 9.0, "num_boost_round": 49.0}, "datetime": {"datetime": "2024-01-19 00:39:43", "elapsed": 1668.5247, "delta": 0.002925}}
{"target": -18.623926355658565, "params": {"gamma": 167.65805853905601, "log10_alpha": -0.646627317022455, "log10_colsample_bytree": -0.9768448160178089, "log10_eta": -0.7479305075250071, "log10_lambda": -1.8253934070030922, "log10_min_child_weight": 0.009212117235654071, "log10_subsample": -0.9704825114413344, "max_depth": 9.0, "num_boost_round": 50.0}, "datetime": {"datetime": "2024-01-19 00:39:44", "elapsed": 1668.527918, "delta": 0.003218}}
{"target": -18.63483983191844, "params": {"gamma": 167.65805853905601, "log10_alpha": -0.646627317022455, "log10_colsample_bytree": -0.9768448160178089, "log10_eta": -0.7479305075250071, "log10_lambda": -1.8253934070030922, "log10_min_child_weight": 0.009212117235654071, "log10_subsample": -0.9704825114413344, "max_depth": 9.0, "num_boost_round": 51.0}, "datetime": {"datetime": "2024-01-19 00:39:44", "elapsed": 1668.530634, "delta": 0.002716}}
{"target": -17.677230464321106, "params": {"gamma": 160.35368176588915, "log10_alpha": -0.5709679240732308, "log10_colsample_bytree": -0.5467421063882589, "log10_eta": -3.090698331473533, "log10_lambda": -0.5082938892086792, "log10_min_child_weight": 4.833785256572202, "log10_subsample": -0.37433401624004936, "max_depth": 2.0, "num_boost_round": 0.0}, "datetime": {"datetime": "2024-01-19 00:40:17", "elapsed": 1702.3604, "delta": 33.829766}}
{"target": -17.677218578287132, "params": {"gamma": 160.35368176588915, "log10_alpha": -0.5709679240732308, "log10_colsample_bytree": -0.5467421063882589, "log10_eta": -3.090698331473533, "log10_lambda": -0.5082938892086792, "log10_min_child_weight": 4.833785256572202, "log10_subsample": -0.37433401624004936, "max_depth": 2.0, "num_boost_round": 1.0}, "datetime": {"datetime": "2024-01-19 00:40:17", "elapsed": 1702.36329, "delta": 0.00289}}
{"target": -17.677221603312155, "params": {"gamma": 160.35368176588915, "log10_alpha": -0.5709679240732308, "log10_colsample_bytree": -0.5467421063882589, "log10_eta": -3.090698331473533, "log10_lambda": -0.5082938892086792, "log10_min_child_weight": 4.833785256572202, "log10_subsample": -0.37433401624004936, "max_depth": 2.0, "num_boost_round": 2.0}, "datetime": {"datetime": "2024-01-19 00:40:17", "elapsed": 1702.366007, "delta": 0.002717}}
{"target": -17.677215512622045, "params": {"gamma": 160.35368176588915, "log10_alpha": -0.5709679240732308, "log10_colsample_bytree": -0.5467421063882589, "log10_eta": -3.090698331473533, "log10_lambda": -0.5082938892086792, "log10_min_child_weight": 4.833785256572202, "log10_subsample": -0.37433401624004936, "max_depth": 2.0, "num_boost_round": 3.0}, "datetime": {"datetime": "2024-01-19 00:40:17", "elapsed": 1702.368537, "delta": 0.00253}}
{"target": -17.677206211731036, "params": {"gamma": 160.35368176588915, "log10_alpha": -0.5709679240732308, "log10_colsample_bytree": -0.5467421063882589, "log10_eta": -3.090698331473533, "log10_lambda": -0.5082938892086792, "log10_min_child_weight": 4.833785256572202, "log10_subsample": -0.37433401624004936, "max_depth": 2.0, "num_boost_round": 4.0}, "datetime": {"datetime": "2024-01-19 00:40:17", "elapsed": 1702.37091, "delta": 0.002373}}
{"target": -17.67720649645907, "params": {"gamma": 160.35368176588915, "log10_alpha": -0.5709679240732308, "log10_colsample_bytree": -0.5467421063882589, "log10_eta": -3.090698331473533, "log10_lambda": -0.5082938892086792, "log10_min_child_weight": 4.833785256572202, "log10_subsample": -0.37433401624004936, "max_depth": 2.0, "num_boost_round": 5.0}, "datetime": {"datetime": "2024-01-19 00:40:17", "elapsed": 1702.373269, "delta": 0.002359}}
{"target": -17.67720872871861, "params": {"gamma": 160.35368176588915, "log10_alpha": -0.5709679240732308, "log10_colsample_bytree": -0.5467421063882589, "log10_eta": -3.090698331473533, "log10_lambda": -0.5082938892086792, "log10_min_child_weight": 4.833785256572202, "log10_subsample": -0.37433401624004936, "max_depth": 2.0, "num_boost_round": 6.0}, "datetime": {"datetime": "2024-01-19 00:40:17", "elapsed": 1702.375637, "delta": 0.002368}}
{"target": -17.677209747198244, "params": {"gamma": 160.35368176588915, "log10_alpha": -0.5709679240732308, "log10_colsample_bytree": -0.5467421063882589, "log10_eta": -3.090698331473533, "log10_lambda": -0.5082938892086792, "log10_min_child_weight": 4.833785256572202, "log10_subsample": -0.37433401624004936, "max_depth": 2.0, "num_boost_round": 7.0}, "datetime": {"datetime": "2024-01-19 00:40:17", "elapsed": 1702.378012, "delta": 0.002375}}
{"target": -17.677200219019362, "params": {"gamma": 160.35368176588915, "log10_alpha": -0.5709679240732308, "log10_colsample_bytree": -0.5467421063882589, "log10_eta": -3.090698331473533, "log10_lambda": -0.5082938892086792, "log10_min_child_weight": 4.833785256572202, "log10_subsample": -0.37433401624004936, "max_depth": 2.0, "num_boost_round": 8.0}, "datetime": {"datetime": "2024-01-19 00:40:17", "elapsed": 1702.380459, "delta": 0.002447}}
{"target": -17.677194910173554, "params": {"gamma": 160.35368176588915, "log10_alpha": -0.5709679240732308, "log10_colsample_bytree": -0.5467421063882589, "log10_eta": -3.090698331473533, "log10_lambda": -0.5082938892086792, "log10_min_child_weight": 4.833785256572202, "log10_subsample": -0.37433401624004936, "max_depth": 2.0, "num_boost_round": 9.0}, "datetime": {"datetime": "2024-01-19 00:40:17", "elapsed": 1702.382803, "delta": 0.002344}}
{"target": -17.67719577734584, "params": {"gamma": 160.35368176588915, "log10_alpha": -0.5709679240732308, "log10_colsample_bytree": -0.5467421063882589, "log10_eta": -3.090698331473533, "log10_lambda": -0.5082938892086792, "log10_min_child_weight": 4.833785256572202, "log10_subsample": -0.37433401624004936, "max_depth": 2.0, "num_boost_round": 10.0}, "datetime": {"datetime": "2024-01-19 00:40:17", "elapsed": 1702.385144, "delta": 0.002341}}
{"target": -17.677186863482092, "params": {"gamma": 160.35368176588915, "log10_alpha": -0.5709679240732308, "log10_colsample_bytree": -0.5467421063882589, "log10_eta": -3.090698331473533, "log10_lambda": -0.5082938892086792, "log10_min_child_weight": 4.833785256572202, "log10_subsample": -0.37433401624004936, "max_depth": 2.0, "num_boost_round": 11.0}, "datetime": {"datetime": "2024-01-19 00:40:17", "elapsed": 1702.387711, "delta": 0.002567}}
{"target": -17.67717784931546, "params": {"gamma": 160.35368176588915, "log10_alpha": -0.5709679240732308, "log10_colsample_bytree": -0.5467421063882589, "log10_eta": -3.090698331473533, "log10_lambda": -0.5082938892086792, "log10_min_child_weight": 4.833785256572202, "log10_subsample": -0.37433401624004936, "max_depth": 2.0, "num_boost_round": 12.0}, "datetime": {"datetime": "2024-01-19 00:40:17", "elapsed": 1702.390297, "delta": 0.002586}}
{"target": -17.677179602354144, "params": {"gamma": 160.35368176588915, "log10_alpha": -0.5709679240732308, "log10_colsample_bytree": -0.5467421063882589, "log10_eta": -3.090698331473533, "log10_lambda": -0.5082938892086792, "log10_min_child_weight": 4.833785256572202, "log10_subsample": -0.37433401624004936, "max_depth": 2.0, "num_boost_round": 13.0}, "datetime": {"datetime": "2024-01-19 00:40:17", "elapsed": 1702.392831, "delta": 0.002534}}
{"target": -17.6771805896237, "params": {"gamma": 160.35368176588915, "log10_alpha": -0.5709679240732308, "log10_colsample_bytree": -0.5467421063882589, "log10_eta": -3.090698331473533, "log10_lambda": -0.5082938892086792, "log10_min_child_weight": 4.833785256572202, "log10_subsample": -0.37433401624004936, "max_depth": 2.0, "num_boost_round": 14.0}, "datetime": {"datetime": "2024-01-19 00:40:17", "elapsed": 1702.395181, "delta": 0.00235}}
{"target": -17.677168175002432, "params": {"gamma": 160.35368176588915, "log10_alpha": -0.5709679240732308, "log10_colsample_bytree": -0.5467421063882589, "log10_eta": -3.090698331473533, "log10_lambda": -0.5082938892086792, "log10_min_child_weight": 4.833785256572202, "log10_subsample": -0.37433401624004936, "max_depth": 2.0, "num_boost_round": 15.0}, "datetime": {"datetime": "2024-01-19 00:40:17", "elapsed": 1702.397537, "delta": 0.002356}}
{"target": -17.677160515874892, "params": {"gamma": 160.35368176588915, "log10_alpha": -0.5709679240732308, "log10_colsample_bytree": -0.5467421063882589, "log10_eta": -3.090698331473533, "log10_lambda": -0.5082938892086792, "log10_min_child_weight": 4.833785256572202, "log10_subsample": -0.37433401624004936, "max_depth": 2.0, "num_boost_round": 16.0}, "datetime": {"datetime": "2024-01-19 00:40:17", "elapsed": 1702.400081, "delta": 0.002544}}
{"target": -17.677161582276224, "params": {"gamma": 160.35368176588915, "log10_alpha": -0.5709679240732308, "log10_colsample_bytree": -0.5467421063882589, "log10_eta": -3.090698331473533, "log10_lambda": -0.5082938892086792, "log10_min_child_weight": 4.833785256572202, "log10_subsample": -0.37433401624004936, "max_depth": 2.0, "num_boost_round": 17.0}, "datetime": {"datetime": "2024-01-19 00:40:17", "elapsed": 1702.403374, "delta": 0.003293}}
{"target": -17.677154785371055, "params": {"gamma": 160.35368176588915, "log10_alpha": -0.5709679240732308, "log10_colsample_bytree": -0.5467421063882589, "log10_eta": -3.090698331473533, "log10_lambda": -0.5082938892086792, "log10_min_child_weight": 4.833785256572202, "log10_subsample": -0.37433401624004936, "max_depth": 2.0, "num_boost_round": 18.0}, "datetime": {"datetime": "2024-01-19 00:40:17", "elapsed": 1702.406019, "delta": 0.002645}}
{"target": -17.67714170883638, "params": {"gamma": 160.35368176588915, "log10_alpha": -0.5709679240732308, "log10_colsample_bytree": -0.5467421063882589, "log10_eta": -3.090698331473533, "log10_lambda": -0.5082938892086792, "log10_min_child_weight": 4.833785256572202, "log10_subsample": -0.37433401624004936, "max_depth": 2.0, "num_boost_round": 19.0}, "datetime": {"datetime": "2024-01-19 00:40:17", "elapsed": 1702.408569, "delta": 0.00255}}
{"target": -17.677131375279295, "params": {"gamma": 160.35368176588915, "log10_alpha": -0.5709679240732308, "log10_colsample_bytree": -0.5467421063882589, "log10_eta": -3.090698331473533, "log10_lambda": -0.5082938892086792, "log10_min_child_weight": 4.833785256572202, "log10_subsample": -0.37433401624004936, "max_depth": 2.0, "num_boost_round": 20.0}, "datetime": {"datetime": "2024-01-19 00:40:17", "elapsed": 1702.410981, "delta": 0.002412}}
{"target": -17.677127306659603, "params": {"gamma": 160.35368176588915, "log10_alpha": -0.5709679240732308, "log10_colsample_bytree": -0.5467421063882589, "log10_eta": -3.090698331473533, "log10_lambda": -0.5082938892086792, "log10_min_child_weight": 4.833785256572202, "log10_subsample": -0.37433401624004936, "max_depth": 2.0, "num_boost_round": 21.0}, "datetime": {"datetime": "2024-01-19 00:40:17", "elapsed": 1702.413397, "delta": 0.002416}}
{"target": -17.677118339127436, "params": {"gamma": 160.35368176588915, "log10_alpha": -0.5709679240732308, "log10_colsample_bytree": -0.5467421063882589, "log10_eta": -3.090698331473533, "log10_lambda": -0.5082938892086792, "log10_min_child_weight": 4.833785256572202, "log10_subsample": -0.37433401624004936, "max_depth": 2.0, "num_boost_round": 22.0}, "datetime": {"datetime": "2024-01-19 00:40:17", "elapsed": 1702.415793, "delta": 0.002396}}
{"target": -17.67710897427412, "params": {"gamma": 160.35368176588915, "log10_alpha": -0.5709679240732308, "log10_colsample_bytree": -0.5467421063882589, "log10_eta": -3.090698331473533, "log10_lambda": -0.5082938892086792, "log10_min_child_weight": 4.833785256572202, "log10_subsample": -0.37433401624004936, "max_depth": 2.0, "num_boost_round": 23.0}, "datetime": {"datetime": "2024-01-19 00:40:17", "elapsed": 1702.418199, "delta": 0.002406}}
{"target": -17.677110105854144, "params": {"gamma": 160.35368176588915, "log10_alpha": -0.5709679240732308, "log10_colsample_bytree": -0.5467421063882589, "log10_eta": -3.090698331473533, "log10_lambda": -0.5082938892086792, "log10_min_child_weight": 4.833785256572202, "log10_subsample": -0.37433401624004936, "max_depth": 2.0, "num_boost_round": 24.0}, "datetime": {"datetime": "2024-01-19 00:40:17", "elapsed": 1702.420715, "delta": 0.002516}}
{"target": -17.67710547806299, "params": {"gamma": 160.35368176588915, "log10_alpha": -0.5709679240732308, "log10_colsample_bytree": -0.5467421063882589, "log10_eta": -3.090698331473533, "log10_lambda": -0.5082938892086792, "log10_min_child_weight": 4.833785256572202, "log10_subsample": -0.37433401624004936, "max_depth": 2.0, "num_boost_round": 25.0}, "datetime": {"datetime": "2024-01-19 00:40:17", "elapsed": 1702.423071, "delta": 0.002356}}
{"target": -17.67710684623453, "params": {"gamma": 160.35368176588915, "log10_alpha": -0.5709679240732308, "log10_colsample_bytree": -0.5467421063882589, "log10_eta": -3.090698331473533, "log10_lambda": -0.5082938892086792, "log10_min_child_weight": 4.833785256572202, "log10_subsample": -0.37433401624004936, "max_depth": 2.0, "num_boost_round": 26.0}, "datetime": {"datetime": "2024-01-19 00:40:17", "elapsed": 1702.425499, "delta": 0.002428}}
{"target": -17.677098731361028, "params": {"gamma": 160.35368176588915, "log10_alpha": -0.5709679240732308, "log10_colsample_bytree": -0.5467421063882589, "log10_eta": -3.090698331473533, "log10_lambda": -0.5082938892086792, "log10_min_child_weight": 4.833785256572202, "log10_subsample": -0.37433401624004936, "max_depth": 2.0, "num_boost_round": 27.0}, "datetime": {"datetime": "2024-01-19 00:40:17", "elapsed": 1702.428003, "delta": 0.002504}}
{"target": -17.67708731015174, "params": {"gamma": 160.35368176588915, "log10_alpha": -0.5709679240732308, "log10_colsample_bytree": -0.5467421063882589, "log10_eta": -3.090698331473533, "log10_lambda": -0.5082938892086792, "log10_min_child_weight": 4.833785256572202, "log10_subsample": -0.37433401624004936, "max_depth": 2.0, "num_boost_round": 28.0}, "datetime": {"datetime": "2024-01-19 00:40:17", "elapsed": 1702.430396, "delta": 0.002393}}
{"target": -17.677084689967053, "params": {"gamma": 160.35368176588915, "log10_alpha": -0.5709679240732308, "log10_colsample_bytree": -0.5467421063882589, "log10_eta": -3.090698331473533, "log10_lambda": -0.5082938892086792, "log10_min_child_weight": 4.833785256572202, "log10_subsample": -0.37433401624004936, "max_depth": 2.0, "num_boost_round": 29.0}, "datetime": {"datetime": "2024-01-19 00:40:17", "elapsed": 1702.432849, "delta": 0.002453}}
{"target": -17.677083434104055, "params": {"gamma": 160.35368176588915, "log10_alpha": -0.5709679240732308, "log10_colsample_bytree": -0.5467421063882589, "log10_eta": -3.090698331473533, "log10_lambda": -0.5082938892086792, "log10_min_child_weight": 4.833785256572202, "log10_subsample": -0.37433401624004936, "max_depth": 2.0, "num_boost_round": 30.0}, "datetime": {"datetime": "2024-01-19 00:40:17", "elapsed": 1702.435227, "delta": 0.002378}}
{"target": -17.677085448305593, "params": {"gamma": 160.35368176588915, "log10_alpha": -0.5709679240732308, "log10_colsample_bytree": -0.5467421063882589, "log10_eta": -3.090698331473533, "log10_lambda": -0.5082938892086792, "log10_min_child_weight": 4.833785256572202, "log10_subsample": -0.37433401624004936, "max_depth": 2.0, "num_boost_round": 31.0}, "datetime": {"datetime": "2024-01-19 00:40:17", "elapsed": 1702.437651, "delta": 0.002424}}
{"target": -17.677080532355657, "params": {"gamma": 160.35368176588915, "log10_alpha": -0.5709679240732308, "log10_colsample_bytree": -0.5467421063882589, "log10_eta": -3.090698331473533, "log10_lambda": -0.5082938892086792, "log10_min_child_weight": 4.833785256572202, "log10_subsample": -0.37433401624004936, "max_depth": 2.0, "num_boost_round": 32.0}, "datetime": {"datetime": "2024-01-19 00:40:17", "elapsed": 1702.440241, "delta": 0.00259}}
