{"target": -17.67702199356428, "params": {"gamma": 435.99490214200375, "log10_alpha": -4.844442609032652, "log10_colsample_bytree": -0.45033752212129086, "log10_eta": -2.2587104295268925, "log10_lambda": -2.477793187475066, "log10_min_child_weight": 1.6516741050193706, "log10_subsample": -0.7953513659621575, "max_depth": 6.0, "num_boost_round": 0.0}, "datetime": {"datetime": "2024-01-19 00:11:47", "elapsed": 0.0, "delta": 0.0}}
{"target": -17.676602231932353, "params": {"gamma": 435.99490214200375, "log10_alpha": -4.844442609032652, "log10_colsample_bytree": -0.45033752212129086, "log10_eta": -2.2587104295268925, "log10_lambda": -2.477793187475066, "log10_min_child_weight": 1.6516741050193706, "log10_subsample": -0.7953513659621575, "max_depth": 6.0, "num_boost_round": 1.0}, "datetime": {"datetime": "2024-01-19 00:11:47", "elapsed": 0.007474, "delta": 0.007474}}
{"target": -17.676476119378414, "params": {"gamma": 435.99490214200375, "log10_alpha": -4.844442609032652, "log10_colsample_bytree": -0.45033752212129086, "log10_eta": -2.2587104295268925, "log10_lambda": -2.477793187475066, "log10_min_child_weight": 1.6516741050193706, "log10_subsample": -0.7953513659621575, "max_depth": 6.0, "num_boost_round": 2.0}, "datetime": {"datetime": "2024-01-19 00:11:47", "elapsed": 0.007681, "delta": 0.000207}}
{"target": -17.676203398907344, "params": {"gamma": 435.99490214200375, "log10_alpha": -4.844442609032652, "log10_colsample_bytree": -0.45033752212129086, "log10_eta": -2.2587104295268925, "log10_lambda": -2.477793187475066, "log10_min_child_weight": 1.6516741050193706, "log10_subsample": -0.7953513659621575, "max_depth": 6.0, "num_boost_round": 3.0}, "datetime": {"datetime": "2024-01-19 00:11:47", "elapsed": 0.007839, "delta": 0.000158}}
{"target": -17.675986838391598, "params": {"gamma": 435.99490214200375, "log10_alpha": -4.844442609032652, "log10_colsample_bytree": -0.45033752212129086, "log10_eta": -2.2587104295268925, "log10_lambda": -2.477793187475066, "log10_min_child_weight": 1.6516741050193706, "log10_subsample": -0.7953513659621575, "max_depth": 6.0, "num_boost_round": 4.0}, "datetime": {"datetime": "2024-01-19 00:11:47", "elapsed": 0.007989, "delta": 0.00015}}
{"target": -17.67562102416354, "params": {"gamma": 435.99490214200375, "log10_alpha": -4.844442609032652, "log10_colsample_bytree": -0.45033752212129086, "log10_eta": -2.2587104295268925, "log10_lambda": -2.477793187475066, "log10_min_child_weight": 1.6516741050193706, "log10_subsample": -0.7953513659621575, "max_depth": 6.0, "num_boost_round": 5.0}, "datetime": {"datetime": "2024-01-19 00:11:47", "elapsed": 0.008144, "delta": 0.000155}}
{"target": -17.675725927118883, "params": {"gamma": 435.99490214200375, "log10_alpha": -4.844442609032652, "log10_colsample_bytree": -0.45033752212129086, "log10_eta": -2.2587104295268925, "log10_lambda": -2.477793187475066, "log10_min_child_weight": 1.6516741050193706, "log10_subsample": -0.7953513659621575, "max_depth": 6.0, "num_boost_round": 6.0}, "datetime": {"datetime": "2024-01-19 00:11:47", "elapsed": 0.008292, "delta": 0.000148}}
{"target": -17.675516928499572, "params": {"gamma": 435.99490214200375, "log10_alpha": -4.844442609032652, "log10_colsample_bytree": -0.45033752212129086, "log10_eta": -2.2587104295268925, "log10_lambda": -2.477793187475066, "log10_min_child_weight": 1.6516741050193706, "log10_subsample": -0.7953513659621575, "max_depth": 6.0, "num_boost_round": 7.0}, "datetime": {"datetime": "2024-01-19 00:11:47", "elapsed": 0.008452, "delta": 0.00016}}
{"target": -17.675350351681836, "params": {"gamma": 435.99490214200375, "log10_alpha": -4.844442609032652, "log10_colsample_bytree": -0.45033752212129086, "log10_eta": -2.2587104295268925, "log10_lambda": -2.477793187475066, "log10_min_child_weight": 1.6516741050193706, "log10_subsample": -0.7953513659621575, "max_depth": 6.0, "num_boost_round": 8.0}, "datetime": {"datetime": "2024-01-19 00:11:47", "elapsed": 0.008607, "delta": 0.000155}}
{"target": -17.67479668883538, "params": {"gamma": 435.99490214200375, "log10_alpha": -4.844442609032652, "log10_colsample_bytree": -0.45033752212129086, "log10_eta": -2.2587104295268925, "log10_lambda": -2.477793187475066, "log10_min_child_weight": 1.6516741050193706, "log10_subsample": -0.7953513659621575, "max_depth": 6.0, "num_boost_round": 9.0}, "datetime": {"datetime": "2024-01-19 00:11:47", "elapsed": 0.012647, "delta": 0.00404}}
{"target": -17.674108271185702, "params": {"gamma": 435.99490214200375, "log10_alpha": -4.844442609032652, "log10_colsample_bytree": -0.45033752212129086, "log10_eta": -2.2587104295268925, "log10_lambda": -2.477793187475066, "log10_min_child_weight": 1.6516741050193706, "log10_subsample": -0.7953513659621575, "max_depth": 6.0, "num_boost_round": 10.0}, "datetime": {"datetime": "2024-01-19 00:11:47", "elapsed": 0.012848, "delta": 0.000201}}
{"target": -17.67384741067283, "params": {"gamma": 435.99490214200375, "log10_alpha": -4.844442609032652, "log10_colsample_bytree": -0.45033752212129086, "log10_eta": -2.2587104295268925, "log10_lambda": -2.477793187475066, "log10_min_child_weight": 1.6516741050193706, "log10_subsample": -0.7953513659621575, "max_depth": 6.0, "num_boost_round": 11.0}, "datetime": {"datetime": "2024-01-19 00:11:47", "elapsed": 0.01301, "delta": 0.000162}}
{"target": -17.673662071784605, "params": {"gamma": 435.99490214200375, "log10_alpha": -4.844442609032652, "log10_colsample_bytree": -0.45033752212129086, "log10_eta": -2.2587104295268925, "log10_lambda": -2.477793187475066, "log10_min_child_weight": 1.6516741050193706, "log10_subsample": -0.7953513659621575, "max_depth": 6.0, "num_boost_round": 12.0}, "datetime": {"datetime": "2024-01-19 00:11:47", "elapsed": 0.013178, "delta": 0.000168}}
{"target": -17.6733769909805, "params": {"gamma": 435.99490214200375, "log10_alpha": -4.844442609032652, "log10_colsample_bytree": -0.45033752212129086, "log10_eta": -2.2587104295268925, "log10_lambda": -2.477793187475066, "log10_min_child_weight": 1.6516741050193706, "log10_subsample": -0.7953513659621575, "max_depth": 6.0, "num_boost_round": 13.0}, "datetime": {"datetime": "2024-01-19 00:11:47", "elapsed": 0.013328, "delta": 0.00015}}
{"target": -17.673429664605326, "params": {"gamma": 435.99490214200375, "log10_alpha": -4.844442609032652, "log10_colsample_bytree": -0.45033752212129086, "log10_eta": -2.2587104295268925, "log10_lambda": -2.477793187475066, "log10_min_child_weight": 1.6516741050193706, "log10_subsample": -0.7953513659621575, "max_depth": 6.0, "num_boost_round": 14.0}, "datetime": {"datetime": "2024-01-19 00:11:47", "elapsed": 0.013476, "delta": 0.000148}}
{"target": -17.67341321390165, "params": {"gamma": 435.99490214200375, "log10_alpha": -4.844442609032652, "log10_colsample_bytree": -0.45033752212129086, "log10_eta": -2.2587104295268925, "log10_lambda": -2.477793187475066, "log10_min_child_weight": 1.6516741050193706, "log10_subsample": -0.7953513659621575, "max_depth": 6.0, "num_boost_round": 15.0}, "datetime": {"datetime": "2024-01-19 00:11:47", "elapsed": 0.013624, "delta": 0.000148}}
{"target": -17.673206723526736, "params": {"gamma": 435.99490214200375, "log10_alpha": -4.844442609032652, "log10_colsample_bytree": -0.45033752212129086, "log10_eta": -2.2587104295268925, "log10_lambda": -2.477793187475066, "log10_min_child_weight": 1.6516741050193706, "log10_subsample": -0.7953513659621575, "max_depth": 6.0, "num_boost_round": 16.0}, "datetime": {"datetime": "2024-01-19 00:11:47", "elapsed": 0.013772, "delta": 0.000148}}
{"target": -17.673378230284207, "params": {"gamma": 435.99490214200375, "log10_alpha": -4.844442609032652, "log10_colsample_bytree": -0.45033752212129086, "log10_eta": -2.2587104295268925, "log10_lambda": -2.477793187475066, "log10_min_child_weight": 1.6516741050193706, "log10_subsample": -0.7953513659621575, "max_depth": 6.0, "num_boost_round": 17.0}, "datetime": {"datetime": "2024-01-19 00:11:47", "elapsed": 0.01392, "delta": 0.000148}}
{"target": -17.673328106616793, "params": {"gamma": 435.99490214200375, "log10_alpha": -4.844442609032652, "log10_colsample_bytree": -0.45033752212129086, "log10_eta": -2.2587104295268925, "log10_lambda": -2.477793187475066, "log10_min_child_weight": 1.6516741050193706, "log10_subsample": -0.7953513659621575, "max_depth": 6.0, "num_boost_round": 18.0}, "datetime": {"datetime": "2024-01-19 00:11:47", "elapsed": 0.014076, "delta": 0.000156}}
{"target": -17.67328207434118, "params": {"gamma": 435.99490214200375, "log10_alpha": -4.844442609032652, "log10_colsample_bytree": -0.45033752212129086, "log10_eta": -2.2587104295268925, "log10_lambda": -2.477793187475066, "log10_min_child_weight": 1.6516741050193706, "log10_subsample": -0.7953513659621575, "max_depth": 6.0, "num_boost_round": 19.0}, "datetime": {"datetime": "2024-01-19 00:11:47", "elapsed": 0.014245, "delta": 0.000169}}
{"target": -17.673138042075315, "params": {"gamma": 435.99490214200375, "log10_alpha": -4.844442609032652, "log10_colsample_bytree": -0.45033752212129086, "log10_eta": -2.2587104295268925, "log10_lambda": -2.477793187475066, "log10_min_child_weight": 1.6516741050193706, "log10_subsample": -0.7953513659621575, "max_depth": 6.0, "num_boost_round": 20.0}, "datetime": {"datetime": "2024-01-19 00:11:47", "elapsed": 0.014402, "delta": 0.000157}}
{"target": -17.673040035196873, "params": {"gamma": 435.99490214200375, "log10_alpha": -4.844442609032652, "log10_colsample_bytree": -0.45033752212129086, "log10_eta": -2.2587104295268925, "log10_lambda": -2.477793187475066, "log10_min_child_weight": 1.6516741050193706, "log10_subsample": -0.7953513659621575, "max_depth": 6.0, "num_boost_round": 21.0}, "datetime": {"datetime": "2024-01-19 00:11:47", "elapsed": 0.01456, "delta": 0.000158}}
{"target": -17.67247112141322, "params": {"gamma": 435.99490214200375, "log10_alpha": -4.844442609032652, "log10_colsample_bytree": -0.45033752212129086, "log10_eta": -2.2587104295268925, "log10_lambda": -2.477793187475066, "log10_min_child_weight": 1.6516741050193706, "log10_subsample": -0.7953513659621575, "max_depth": 6.0, "num_boost_round": 22.0}, "datetime": {"datetime": "2024-01-19 00:11:47", "elapsed": 0.014716, "delta": 0.000156}}
{"target": -17.67219334101299, "params": {"gamma": 435.99490214200375, "log10_alpha": -4.844442609032652, "log10_colsample_bytree": -0.45033752212129086, "log10_eta": -2.2587104295268925, "log10_lambda": -2.477793187475066, "log10_min_child_weight": 1.6516741050193706, "log10_subsample": -0.7953513659621575, "max_depth": 6.0, "num_boost_round": 23.0}, "datetime": {"datetime": "2024-01-19 00:11:47", "elapsed": 0.014874, "delta": 0.000158}}
{"target": -17.671942304636808, "params": {"gamma": 435.99490214200375, "log10_alpha": -4.844442609032652, "log10_colsample_bytree": -0.45033752212129086, "log10_eta": -2.2587104295268925, "log10_lambda": -2.477793187475066, "log10_min_child_weight": 1.6516741050193706, "log10_subsample": -0.7953513659621575, "max_depth": 6.0, "num_boost_round": 24.0}, "datetime": {"datetime": "2024-01-19 00:11:47", "elapsed": 0.015032, "delta": 0.000158}}
{"target": -17.671907422365837, "params": {"gamma": 435.99490214200375, "log10_alpha": -4.844442609032652, "log10_colsample_bytree": -0.45033752212129086, "log10_eta": -2.2587104295268925, "log10_lambda": -2.477793187475066, "log10_min_child_weight": 1.6516741050193706, "log10_subsample": -0.7953513659621575, "max_depth": 6.0, "num_boost_round": 25.0}, "datetime": {"datetime": "2024-01-19 00:11:47", "elapsed": 0.015199, "delta": 0.000167}}
{"target": -17.671847559036827, "params": {"gamma": 435.99490214200375, "log10_alpha": -4.844442609032652, "log10_colsample_bytree": -0.45033752212129086, "log10_eta": -2.2587104295268925, "log10_lambda": -2.477793187475066, "log10_min_child_weight": 1.6516741050193706, "log10_subsample": -0.7953513659621575, "max_depth": 6.0, "num_boost_round": 26.0}, "datetime": {"datetime": "2024-01-19 00:11:47", "elapsed": 0.015365, "delta": 0.000166}}
{"target": -17.67187278333923, "params": {"gamma": 435.99490214200375, "log10_alpha": -4.844442609032652, "log10_colsample_bytree": -0.45033752212129086, "log10_eta": -2.2587104295268925, "log10_lambda": -2.477793187475066, "log10_min_child_weight": 1.6516741050193706, "log10_subsample": -0.7953513659621575, "max_depth": 6.0, "num_boost_round": 27.0}, "datetime": {"datetime": "2024-01-19 00:11:47", "elapsed": 0.015529, "delta": 0.000164}}
{"target": -17.671784829630234, "params": {"gamma": 435.99490214200375, "log10_alpha": -4.844442609032652, "log10_colsample_bytree": -0.45033752212129086, "log10_eta": -2.2587104295268925, "log10_lambda": -2.477793187475066, "log10_min_child_weight": 1.6516741050193706, "log10_subsample": -0.7953513659621575, "max_depth": 6.0, "num_boost_round": 28.0}, "datetime": {"datetime": "2024-01-19 00:11:47", "elapsed": 0.015704, "delta": 0.000175}}
{"target": -17.67137125589186, "params": {"gamma": 435.99490214200375, "log10_alpha": -4.844442609032652, "log10_colsample_bytree": -0.45033752212129086, "log10_eta": -2.2587104295268925, "log10_lambda": -2.477793187475066, "log10_min_child_weight": 1.6516741050193706, "log10_subsample": -0.7953513659621575, "max_depth": 6.0, "num_boost_round": 29.0}, "datetime": {"datetime": "2024-01-19 00:11:47", "elapsed": 0.015878, "delta": 0.000174}}
{"target": -17.671232893180168, "params": {"gamma": 435.99490214200375, "log10_alpha": -4.844442609032652, "log10_colsample_bytree": -0.45033752212129086, "log10_eta": -2.2587104295268925, "log10_lambda": -2.477793187475066, "log10_min_child_weight": 1.6516741050193706, "log10_subsample": -0.7953513659621575, "max_depth": 6.0, "num_boost_round": 30.0}, "datetime": {"datetime": "2024-01-19 00:11:47", "elapsed": 0.016047, "delta": 0.000169}}
{"target": -17.671277909738173, "params": {"gamma": 435.99490214200375, "log10_alpha": -4.844442609032652, "log10_colsample_bytree": -0.45033752212129086, "log10_eta": -2.2587104295268925, "log10_lambda": -2.477793187475066, "log10_min_child_weight": 1.6516741050193706, "log10_subsample": -0.7953513659621575, "max_depth": 6.0, "num_boost_round": 31.0}, "datetime": {"datetime": "2024-01-19 00:11:47", "elapsed": 0.016225, "delta": 0.000178}}
{"target": -17.671329924282418, "params": {"gamma": 435.99490214200375, "log10_alpha": -4.844442609032652, "log10_colsample_bytree": -0.45033752212129086, "log10_eta": -2.2587104295268925, "log10_lambda": -2.477793187475066, "log10_min_child_weight": 1.6516741050193706, "log10_subsample": -0.7953513659621575, "max_depth": 6.0, "num_boost_round": 32.0}, "datetime": {"datetime": "2024-01-19 00:11:47", "elapsed": 0.016395, "delta": 0.00017}}
{"target": -17.671210974501264, "params": {"gamma": 435.99490214200375, "log10_alpha": -4.844442609032652, "log10_colsample_bytree": -0.45033752212129086, "log10_eta": -2.2587104295268925, "log10_lambda": -2.477793187475066, "log10_min_child_weight": 1.6516741050193706, "log10_subsample": -0.7953513659621575, "max_depth": 6.0, "num_boost_round": 33.0}, "datetime": {"datetime": "2024-01-19 00:11:47", "elapsed": 0.016571, "delta": 0.000176}}
{"target": -17.67097502474517, "params": {"gamma": 435.99490214200375, "log10_alpha": -4.844442609032652, "log10_colsample_bytree": -0.45033752212129086, "log10_eta": -2.2587104295268925, "log10_lambda": -2.477793187475066, "log10_min_child_weight": 1.6516741050193706, "log10_subsample": -0.7953513659621575, "max_depth": 6.0, "num_boost_round": 34.0}, "datetime": {"datetime": "2024-01-19 00:11:47", "elapsed": 0.016754, "delta": 0.000183}}
{"target": -17.670968489147327, "params": {"gamma": 435.99490214200375, "log10_alpha": -4.844442609032652, "log10_colsample_bytree": -0.45033752212129086, "log10_eta": -2.2587104295268925, "log10_lambda": -2.477793187475066, "log10_min_child_weight": 1.6516741050193706, "log10_subsample": -0.7953513659621575, "max_depth": 6.0, "num_boost_round": 35.0}, "datetime": {"datetime": "2024-01-19 00:11:47", "elapsed": 0.016937, "delta": 0.000183}}
{"target": -17.671137969360085, "params": {"gamma": 435.99490214200375, "log10_alpha": -4.844442609032652, "log10_colsample_bytree": -0.45033752212129086, "log10_eta": -2.2587104295268925, "log10_lambda": -2.477793187475066, "log10_min_child_weight": 1.6516741050193706, "log10_subsample": -0.7953513659621575, "max_depth": 6.0, "num_boost_round": 36.0}, "datetime": {"datetime": "2024-01-19 00:11:47", "elapsed": 0.017122, "delta": 0.000185}}
{"target": -17.671328661772936, "params": {"gamma": 435.99490214200375, "log10_alpha": -4.844442609032652, "log10_colsample_bytree": -0.45033752212129086, "log10_eta": -2.2587104295268925, "log10_lambda": -2.477793187475066, "log10_min_child_weight": 1.6516741050193706, "log10_subsample": -0.7953513659621575, "max_depth": 6.0, "num_boost_round": 37.0}, "datetime": {"datetime": "2024-01-19 00:11:47", "elapsed": 0.0173, "delta": 0.000178}}
{"target": -17.671253635373628, "params": {"gamma": 435.99490214200375, "log10_alpha": -4.844442609032652, "log10_colsample_bytree": -0.45033752212129086, "log10_eta": -2.2587104295268925, "log10_lambda": -2.477793187475066, "log10_min_child_weight": 1.6516741050193706, "log10_subsample": -0.7953513659621575, "max_depth": 6.0, "num_boost_round": 38.0}, "datetime": {"datetime": "2024-01-19 00:11:47", "elapsed": 0.017478, "delta": 0.000178}}
{"target": -17.671152331531307, "params": {"gamma": 435.99490214200375, "log10_alpha": -4.844442609032652, "log10_colsample_bytree": -0.45033752212129086, "log10_eta": -2.2587104295268925, "log10_lambda": -2.477793187475066, "log10_min_child_weight": 1.6516741050193706, "log10_subsample": -0.7953513659621575, "max_depth": 6.0, "num_boost_round": 39.0}, "datetime": {"datetime": "2024-01-19 00:11:47", "elapsed": 0.017655, "delta": 0.000177}}
{"target": -17.671051203145424, "params": {"gamma": 435.99490214200375, "log10_alpha": -4.844442609032652, "log10_colsample_bytree": -0.45033752212129086, "log10_eta": -2.2587104295268925, "log10_lambda": -2.477793187475066, "log10_min_child_weight": 1.6516741050193706, "log10_subsample": -0.7953513659621575, "max_depth": 6.0, "num_boost_round": 40.0}, "datetime": {"datetime": "2024-01-19 00:11:47", "elapsed": 0.017836, "delta": 0.000181}}
{"target": -17.6711253081696, "params": {"gamma": 435.99490214200375, "log10_alpha": -4.844442609032652, "log10_colsample_bytree": -0.45033752212129086, "log10_eta": -2.2587104295268925, "log10_lambda": -2.477793187475066, "log10_min_child_weight": 1.6516741050193706, "log10_subsample": -0.7953513659621575, "max_depth": 6.0, "num_boost_round": 41.0}, "datetime": {"datetime": "2024-01-19 00:11:47", "elapsed": 0.018022, "delta": 0.000186}}
{"target": -17.670788708587544, "params": {"gamma": 435.99490214200375, "log10_alpha": -4.844442609032652, "log10_colsample_bytree": -0.45033752212129086, "log10_eta": -2.2587104295268925, "log10_lambda": -2.477793187475066, "log10_min_child_weight": 1.6516741050193706, "log10_subsample": -0.7953513659621575, "max_depth": 6.0, "num_boost_round": 42.0}, "datetime": {"datetime": "2024-01-19 00:11:47", "elapsed": 0.018215, "delta": 0.000193}}
{"target": -17.670559936210488, "params": {"gamma": 435.99490214200375, "log10_alpha": -4.844442609032652, "log10_colsample_bytree": -0.45033752212129086, "log10_eta": -2.2587104295268925, "log10_lambda": -2.477793187475066, "log10_min_child_weight": 1.6516741050193706, "log10_subsample": -0.7953513659621575, "max_depth": 6.0, "num_boost_round": 43.0}, "datetime": {"datetime": "2024-01-19 00:11:47", "elapsed": 0.018403, "delta": 0.000188}}
{"target": -17.67066127879507, "params": {"gamma": 435.99490214200375, "log10_alpha": -4.844442609032652, "log10_colsample_bytree": -0.45033752212129086, "log10_eta": -2.2587104295268925, "log10_lambda": -2.477793187475066, "log10_min_child_weight": 1.6516741050193706, "log10_subsample": -0.7953513659621575, "max_depth": 6.0, "num_boost_round": 44.0}, "datetime": {"datetime": "2024-01-19 00:11:47", "elapsed": 0.018589, "delta": 0.000186}}
{"target": -17.670657899903944, "params": {"gamma": 435.99490214200375, "log10_alpha": -4.844442609032652, "log10_colsample_bytree": -0.45033752212129086, "log10_eta": -2.2587104295268925, "log10_lambda": -2.477793187475066, "log10_min_child_weight": 1.6516741050193706, "log10_subsample": -0.7953513659621575, "max_depth": 6.0, "num_boost_round": 45.0}, "datetime": {"datetime": "2024-01-19 00:11:47", "elapsed": 0.01878, "delta": 0.000191}}
{"target": -17.670858307040124, "params": {"gamma": 435.99490214200375, "log10_alpha": -4.844442609032652, "log10_colsample_bytree": -0.45033752212129086, "log10_eta": -2.2587104295268925, "log10_lambda": -2.477793187475066, "log10_min_child_weight": 1.6516741050193706, "log10_subsample": -0.7953513659621575, "max_depth": 6.0, "num_boost_round": 46.0}, "datetime": {"datetime": "2024-01-19 00:11:47", "elapsed": 0.018973, "delta": 0.000193}}
{"target": -17.670664249653665, "params": {"gamma": 435.99490214200375, "log10_alpha": -4.844442609032652, "log10_colsample_bytree": -0.45033752212129086, "log10_eta": -2.2587104295268925, "log10_lambda": -2.477793187475066, "log10_min_child_weight": 1.6516741050193706, "log10_subsample": -0.7953513659621575, "max_depth": 6.0, "num_boost_round": 47.0}, "datetime": {"datetime": "2024-01-19 00:11:47", "elapsed": 0.019174, "delta": 0.000201}}
{"target": -17.670655250245986, "params": {"gamma": 435.99490214200375, "log10_alpha": -4.844442609032652, "log10_colsample_bytree": -0.45033752212129086, "log10_eta": -2.2587104295268925, "log10_lambda": -2.477793187475066, "log10_min_child_weight": 1.6516741050193706, "log10_subsample": -0.7953513659621575, "max_depth": 6.0, "num_boost_round": 48.0}, "datetime": {"datetime": "2024-01-19 00:11:47", "elapsed": 0.019374, "delta": 0.0002}}
