{"target": -13.758036506733946, "params": {"gamma": 873.6205920751704, "log10_alpha": -2.5434279992984328, "log10_colsample_bytree": -0.4484184912079576, "log10_eta": -2.4424147065866877, "log10_lambda": -3.767013506302182, "log10_min_child_weight": 1.2496798822470112, "log10_subsample": -0.7794095220763806, "max_depth": 9.0, "num_boost_round": 6.0}, "datetime": {"datetime": "2024-01-19 00:36:48", "elapsed": 1513.299542, "delta": 0.002299}}
{"target": -13.758110820525944, "params": {"gamma": 873.6205920751704, "log10_alpha": -2.5434279992984328, "log10_colsample_bytree": -0.4484184912079576, "log10_eta": -2.4424147065866877, "log10_lambda": -3.767013506302182, "log10_min_child_weight": 1.2496798822470112, "log10_subsample": -0.7794095220763806, "max_depth": 9.0, "num_boost_round": 7.0}, "datetime": {"datetime": "2024-01-19 00:36:49", "elapsed": 1513.301832, "delta": 0.00229}}
{"target": -13.757976971618646, "params": {"gamma": 873.6205920751704, "log10_alpha": -2.5434279992984328, "log10_colsample_bytree": -0.4484184912079576, "log10_eta": -2.4424147065866877, "log10_lambda": -3.767013506302182, "log10_min_child_weight": 1.2496798822470112, "log10_subsample": -0.7794095220763806, "max_depth": 9.0, "num_boost_round": 8.0}, "datetime": {"datetime": "2024-01-19 00:36:49", "elapsed": 1513.304124, "delta": 0.002292}}
{"target": -13.757854799461267, "params": {"gamma": 873.6205920751704, "log10_alpha": -2.5434279992984328, "log10_colsample_bytree": -0.4484184912079576, "log10_eta": -2.4424147065866877, "log10_lambda": -3.767013506302182, "log10_min_child_weight": 1.2496798822470112, "log10_subsample": -0.7794095220763806, "max_depth": 9.0, "num_boost_round": 9.0}, "datetime": {"datetime": "2024-01-19 00:36:49", "elapsed": 1513.306397, "delta": 0.002273}}
{"target": -13.757711067746982, "params": {"gamma": 873.6205920751704, "log10_alpha": -2.5434279992984328, "log10_colsample_bytree": -0.4484184912079576, "log10_eta": -2.4424147065866877, "log10_lambda": -3.767013506302182, "log10_min_child_weight": 1.2496798822470112, "log10_subsample": -0.7794095220763806, "max_depth": 9.0, "num_boost_round": 10.0}, "datetime": {"datetime": "2024-01-19 00:36:49", "elapsed": 1513.308691, "delta": 0.002294}}
{"target": -13.7576997401657, "params": {"gamma": 873.6205920751704, "log10_alpha": -2.5434279992984328, "log10_colsample_bytree": -0.4484184912079576, "log10_eta": -2.4424147065866877, "log10_lambda": -3.767013506302182, "log10_min_child_weight": 1.2496798822470112, "log10_subsample": -0.7794095220763806, "max_depth": 9.0, "num_boost_round": 11.0}, "datetime": {"datetime": "2024-01-19 00:36:49", "elapsed": 1513.311048, "delta": 0.002357}}
{"target": -13.757741534180509, "params": {"gamma": 873.6205920751704, "log10_alpha": -2.5434279992984328, "log10_colsample_bytree": -0.4484184912079576, "log10_eta": -2.4424147065866877, "log10_lambda": -3.767013506302182, "log10_min_child_weight": 1.2496798822470112, "log10_subsample": -0.7794095220763806, "max_depth": 9.0, "num_boost_round": 12.0}, "datetime": {"datetime": "2024-01-19 00:36:49", "elapsed": 1513.313472, "delta": 0.002424}}
{"target": -13.757849678030153, "params": {"gamma": 873.6205920751704, "log10_alpha": -2.5434279992984328, "log10_colsample_bytree": -0.4484184912079576, "log10_eta": -2.4424147065866877, "log10_lambda": -3.767013506302182, "log10_min_child_weight": 1.2496798822470112, "log10_subsample": -0.7794095220763806, "max_depth": 9.0, "num_boost_round": 13.0}, "datetime": {"datetime": "2024-01-19 00:36:49", "elapsed": 1513.315792, "delta": 0.00232}}
{"target": -13.757794528474289, "params": {"gamma": 873.6205920751704, "log10_alpha": -2.5434279992984328, "log10_colsample_bytree": -0.4484184912079576, "log10_eta": -2.4424147065866877, "log10_lambda": -3.767013506302182, "log10_min_child_weight": 1.2496798822470112, "log10_subsample": -0.7794095220763806, "max_depth": 9.0, "num_boost_round": 14.0}, "datetime": {"datetime": "2024-01-19 00:36:49", "elapsed": 1513.3181, "delta": 0.002308}}
{"target": -13.757634657727333, "params": {"gamma": 873.6205920751704, "log10_alpha": -2.5434279992984328, "log10_colsample_bytree": -0.4484184912079576, "log10_eta": -2.4424147065866877, "log10_lambda": -3.767013506302182, "log10_min_child_weight": 1.2496798822470112, "log10_subsample": -0.7794095220763806, "max_depth": 9.0, "num_boost_round": 15.0}, "datetime": {"datetime": "2024-01-19 00:36:49", "elapsed": 1513.320436, "delta": 0.002336}}
{"target": -13.757486522172595, "params": {"gamma": 873.6205920751704, "log10_alpha": -2.5434279992984328, "log10_colsample_bytree": -0.4484184912079576, "log10_eta": -2.4424147065866877, "log10_lambda": -3.767013506302182, "log10_min_child_weight": 1.2496798822470112, "log10_subsample": -0.7794095220763806, "max_depth": 9.0, "num_boost_round": 16.0}, "datetime": {"datetime": "2024-01-19 00:36:49", "elapsed": 1513.322744, "delta": 0.002308}}
{"target": -13.757383945835683, "params": {"gamma": 873.6205920751704, "log10_alpha": -2.5434279992984328, "log10_colsample_bytree": -0.4484184912079576, "log10_eta": -2.4424147065866877, "log10_lambda": -3.767013506302182, "log10_min_child_weight": 1.2496798822470112, "log10_subsample": -0.7794095220763806, "max_depth": 9.0, "num_boost_round": 17.0}, "datetime": {"datetime": "2024-01-19 00:36:49", "elapsed": 1513.325079, "delta": 0.002335}}
{"target": -13.75744480833621, "params": {"gamma": 873.6205920751704, "log10_alpha": -2.5434279992984328, "log10_colsample_bytree": -0.4484184912079576, "log10_eta": -2.4424147065866877, "log10_lambda": -3.767013506302182, "log10_min_child_weight": 1.2496798822470112, "log10_subsample": -0.7794095220763806, "max_depth": 9.0, "num_boost_round": 18.0}, "datetime": {"datetime": "2024-01-19 00:36:49", "elapsed": 1513.32743, "delta": 0.002351}}
{"target": -13.75728331407933, "params": {"gamma": 873.6205920751704, "log10_alpha": -2.5434279992984328, "log10_colsample_bytree": -0.4484184912079576, "log10_eta": -2.4424147065866877, "log10_lambda": -3.767013506302182, "log10_min_child_weight": 1.2496798822470112, "log10_subsample": -0.7794095220763806, "max_depth": 9.0, "num_boost_round": 19.0}, "datetime": {"datetime": "2024-01-19 00:36:49", "elapsed": 1513.329746, "delta": 0.002316}}
{"target": -13.75698199874725, "params": {"gamma": 873.6205920751704, "log10_alpha": -2.5434279992984328, "log10_colsample_bytree": -0.4484184912079576, "log10_eta": -2.4424147065866877, "log10_lambda": -3.767013506302182, "log10_min_child_weight": 1.2496798822470112, "log10_subsample": -0.7794095220763806, "max_depth": 9.0, "num_boost_round": 20.0}, "datetime": {"datetime": "2024-01-19 00:36:49", "elapsed": 1513.33225, "delta": 0.002504}}
{"target": -13.757054371487715, "params": {"gamma": 873.6205920751704, "log10_alpha": -2.5434279992984328, "log10_colsample_bytree": -0.4484184912079576, "log10_eta": -2.4424147065866877, "log10_lambda": -3.767013506302182, "log10_min_child_weight": 1.2496798822470112, "log10_subsample": -0.7794095220763806, "max_depth": 9.0, "num_boost_round": 21.0}, "datetime": {"datetime": "2024-01-19 00:36:49", "elapsed": 1513.334676, "delta": 0.002426}}
{"target": -13.756993771959994, "params": {"gamma": 873.6205920751704, "log10_alpha": -2.5434279992984328, "log10_colsample_bytree": -0.4484184912079576, "log10_eta": -2.4424147065866877, "log10_lambda": -3.767013506302182, "log10_min_child_weight": 1.2496798822470112, "log10_subsample": -0.7794095220763806, "max_depth": 9.0, "num_boost_round": 22.0}, "datetime": {"datetime": "2024-01-19 00:36:49", "elapsed": 1513.33724, "delta": 0.002564}}
{"target": -13.757020400689893, "params": {"gamma": 873.6205920751704, "log10_alpha": -2.5434279992984328, "log10_colsample_bytree": -0.4484184912079576, "log10_eta": -2.4424147065866877, "log10_lambda": -3.767013506302182, "log10_min_child_weight": 1.2496798822470112, "log10_subsample": -0.7794095220763806, "max_depth": 9.0, "num_boost_round": 23.0}, "datetime": {"datetime": "2024-01-19 00:36:49", "elapsed": 1513.339638, "delta": 0.002398}}
{"target": -13.756906175355503, "params": {"gamma": 873.6205920751704, "log10_alpha": -2.5434279992984328, "log10_colsample_bytree": -0.4484184912079576, "log10_eta": -2.4424147065866877, "log10_lambda": -3.767013506302182, "log10_min_child_weight": 1.2496798822470112, "log10_subsample": -0.7794095220763806, "max_depth": 9.0, "num_boost_round": 24.0}, "datetime": {"datetime": "2024-01-19 00:36:49", "elapsed": 1513.341988, "delta": 0.00235}}
{"target": -13.756926419854318, "params": {"gamma": 873.6205920751704, "log10_alpha": -2.5434279992984328, "log10_colsample_bytree": -0.4484184912079576, "log10_eta": -2.4424147065866877, "log10_lambda": -3.767013506302182, "log10_min_child_weight": 1.2496798822470112, "log10_subsample": -0.7794095220763806, "max_depth": 9.0, "num_boost_round": 25.0}, "datetime": {"datetime": "2024-01-19 00:36:49", "elapsed": 1513.344304, "delta": 0.002316}}
{"target": -13.75661523402022, "params": {"gamma": 873.6205920751704, "log10_alpha": -2.5434279992984328, "log10_colsample_bytree": -0.4484184912079576, "log10_eta": -2.4424147065866877, "log10_lambda": -3.767013506302182, "log10_min_child_weight": 1.2496798822470112, "log10_subsample": -0.7794095220763806, "max_depth": 9.0, "num_boost_round": 26.0}, "datetime": {"datetime": "2024-01-19 00:36:49", "elapsed": 1513.346609, "delta": 0.002305}}
{"target": -13.756597426024209, "params": {"gamma": 873.6205920751704, "log10_alpha": -2.5434279992984328, "log10_colsample_bytree": -0.4484184912079576, "log10_eta": -2.4424147065866877, "log10_lambda": -3.767013506302182, "log10_min_child_weight": 1.2496798822470112, "log10_subsample": -0.7794095220763806, "max_depth": 9.0, "num_boost_round": 27.0}, "datetime": {"datetime": "2024-01-19 00:36:49", "elapsed": 1513.348949, "delta": 0.00234}}
{"target": -13.756575155059553, "params": {"gamma": 873.6205920751704, "log10_alpha": -2.5434279992984328, "log10_colsample_bytree": -0.4484184912079576, "log10_eta": -2.4424147065866877, "log10_lambda": -3.767013506302182, "log10_min_child_weight": 1.2496798822470112, "log10_subsample": -0.7794095220763806, "max_depth": 9.0, "num_boost_round": 28.0}, "datetime": {"datetime": "2024-01-19 00:36:49", "elapsed": 1513.351377, "delta": 0.002428}}
{"target": -13.756559555712867, "params": {"gamma": 873.6205920751704, "log10_alpha": -2.5434279992984328, "log10_colsample_bytree": -0.4484184912079576, "log10_eta": -2.4424147065866877, "log10_lambda": -3.767013506302182, "log10_min_child_weight": 1.2496798822470112, "log10_subsample": -0.7794095220763806, "max_depth": 9.0, "num_boost_round": 29.0}, "datetime": {"datetime": "2024-01-19 00:36:49", "elapsed": 1513.353816, "delta": 0.002439}}
{"target": -13.756587099416125, "params": {"gamma": 873.6205920751704, "log10_alpha": -2.5434279992984328, "log10_colsample_bytree": -0.4484184912079576, "log10_eta": -2.4424147065866877, "log10_lambda": -3.767013506302182, "log10_min_child_weight": 1.2496798822470112, "log10_subsample": -0.7794095220763806, "max_depth": 9.0, "num_boost_round": 30.0}, "datetime": {"datetime": "2024-01-19 00:36:49", "elapsed": 1513.356184, "delta": 0.002368}}
{"target": -13.75627846643732, "params": {"gamma": 873.6205920751704, "log10_alpha": -2.5434279992984328, "log10_colsample_bytree": -0.4484184912079576, "log10_eta": -2.4424147065866877, "log10_lambda": -3.767013506302182, "log10_min_child_weight": 1.2496798822470112, "log10_subsample": -0.7794095220763806, "max_depth": 9.0, "num_boost_round": 31.0}, "datetime": {"datetime": "2024-01-19 00:36:49", "elapsed": 1513.358485, "delta": 0.002301}}
{"target": -13.756128868878795, "params": {"gamma": 873.6205920751704, "log10_alpha": -2.5434279992984328, "log10_colsample_bytree": -0.4484184912079576, "log10_eta": -2.4424147065866877, "log10_lambda": -3.767013506302182, "log10_min_child_weight": 1.2496798822470112, "log10_subsample": -0.7794095220763806, "max_depth": 9.0, "num_boost_round": 32.0}, "datetime": {"datetime": "2024-01-19 00:36:49", "elapsed": 1513.36083, "delta": 0.002345}}
{"target": -13.756118073696165, "params": {"gamma": 873.6205920751704, "log10_alpha": -2.5434279992984328, "log10_colsample_bytree": -0.4484184912079576, "log10_eta": -2.4424147065866877, "log10_lambda": -3.767013506302182, "log10_min_child_weight": 1.2496798822470112, "log10_subsample": -0.7794095220763806, "max_depth": 9.0, "num_boost_round": 33.0}, "datetime": {"datetime": "2024-01-19 00:36:49", "elapsed": 1513.363167, "delta": 0.002337}}
{"target": -13.758534147858262, "params": {"gamma": 874.6347551229021, "log10_alpha": -0.39376554935059804, "log10_colsample_bytree": 0.0, "log10_eta": -4.0, "log10_lambda": -3.8798509805932575, "log10_min_child_weight": 0.0, "log10_subsample": -1.0, "max_depth": 4.0, "num_boost_round": 0.0}, "datetime": {"datetime": "2024-01-19 00:37:19", "elapsed": 1543.714089, "delta": 30.350922}}
{"target": -13.758529112118282, "params": {"gamma": 874.6347551229021, "log10_alpha": -0.39376554935059804, "log10_colsample_bytree": 0.0, "log10_eta": -4.0, "log10_lambda": -3.8798509805932575, "log10_min_child_weight": 0.0, "log10_subsample": -1.0, "max_depth": 4.0, "num_boost_round": 1.0}, "datetime": {"datetime": "2024-01-19 00:37:19", "elapsed": 1543.71738, "delta": 0.003291}}
{"target": -13.758521384944718, "params": {"gamma": 874.6347551229021, "log10_alpha": -0.39376554935059804, "log10_colsample_bytree": 0.0, "log10_eta": -4.0, "log10_lambda": -3.8798509805932575, "log10_min_child_weight": 0.0, "log10_subsample": -1.0, "max_depth": 4.0, "num_boost_round": 2.0}, "datetime": {"datetime": "2024-01-19 00:37:19", "elapsed": 1543.72001, "delta": 0.00263}}
{"target": -13.758518800950684, "params": {"gamma": 874.6347551229021, "log10_alpha": -0.39376554935059804, "log10_colsample_bytree": 0.0, "log10_eta": -4.0, "log10_lambda": -3.8798509805932575, "log10_min_child_weight": 0.0, "log10_subsample": -1.0, "max_depth": 4.0, "num_boost_round": 3.0}, "datetime": {"datetime": "2024-01-19 00:37:19", "elapsed": 1543.722386, "delta": 0.002376}}
{"target": -13.758517248582065, "params": {"gamma": 874.6347551229021, "log10_alpha": -0.39376554935059804, "log10_colsample_bytree": 0.0, "log10_eta": -4.0, "log10_lambda": -3.8798509805932575, "log10_min_child_weight": 0.0, "log10_subsample": -1.0, "max_depth": 4.0, "num_boost_round": 4.0}, "datetime": {"datetime": "2024-01-19 00:37:19", "elapsed": 1543.724775, "delta": 0.002389}}
{"target": -13.75851678553602, "params": {"gamma": 874.6347551229021, "log10_alpha": -0.39376554935059804, "log10_colsample_bytree": 0.0, "log10_eta": -4.0, "log10_lambda": -3.8798509805932575, "log10_min_child_weight": 0.0, "log10_subsample": -1.0, "max_depth": 4.0, "num_boost_round": 5.0}, "datetime": {"datetime": "2024-01-19 00:37:19", "elapsed": 1543.727107, "delta": 0.002332}}
{"target": -13.758515131324216, "params": {"gamma": 874.6347551229021, "log10_alpha": -0.39376554935059804, "log10_colsample_bytree": 0.0, "log10_eta": -4.0, "log10_lambda": -3.8798509805932575, "log10_min_child_weight": 0.0, "log10_subsample": -1.0, "max_depth": 4.0, "num_boost_round": 6.0}, "datetime": {"datetime": "2024-01-19 00:37:19", "elapsed": 1543.729427, "delta": 0.00232}}
{"target": -13.758512672770973, "params": {"gamma": 874.6347551229021, "log10_alpha": -0.39376554935059804, "log10_colsample_bytree": 0.0, "log10_eta": -4.0, "log10_lambda": -3.8798509805932575, "log10_min_child_weight": 0.0, "log10_subsample": -1.0, "max_depth": 4.0, "num_boost_round": 7.0}, "datetime": {"datetime": "2024-01-19 00:37:19", "elapsed": 1543.731975, "delta": 0.002548}}
{"target": -13.758509510654577, "params": {"gamma": 874.6347551229021, "log10_alpha": -0.39376554935059804, "log10_colsample_bytree": 0.0, "log10_eta": -4.0, "log10_lambda": -3.8798509805932575, "log10_min_child_weight": 0.0, "log10_subsample": -1.0, "max_depth": 4.0, "num_boost_round": 8.0}, "datetime": {"datetime": "2024-01-19 00:37:19", "elapsed": 1543.73454, "delta": 0.002565}}
{"target": -13.758507343463435, "params": {"gamma": 874.6347551229021, "log10_alpha": -0.39376554935059804, "log10_colsample_bytree": 0.0, "log10_eta": -4.0, "log10_lambda": -3.8798509805932575, "log10_min_child_weight": 0.0, "log10_subsample": -1.0, "max_depth": 4.0, "num_boost_round": 9.0}, "datetime": {"datetime": "2024-01-19 00:37:19", "elapsed": 1543.737025, "delta": 0.002485}}
{"target": -13.758507952989378, "params": {"gamma": 874.6347551229021, "log10_alpha": -0.39376554935059804, "log10_colsample_bytree": 0.0, "log10_eta": -4.0, "log10_lambda": -3.8798509805932575, "log10_min_child_weight": 0.0, "log10_subsample": -1.0, "max_depth": 4.0, "num_boost_round": 10.0}, "datetime": {"datetime": "2024-01-19 00:37:19", "elapsed": 1543.739368, "delta": 0.002343}}
{"target": -13.758506323278313, "params": {"gamma": 874.6347551229021, "log10_alpha": -0.39376554935059804, "log10_colsample_bytree": 0.0, "log10_eta": -4.0, "log10_lambda": -3.8798509805932575, "log10_min_child_weight": 0.0, "log10_subsample": -1.0, "max_depth": 4.0, "num_boost_round": 11.0}, "datetime": {"datetime": "2024-01-19 00:37:19", "elapsed": 1543.74168, "delta": 0.002312}}
{"target": -13.75850364433952, "params": {"gamma": 874.6347551229021, "log10_alpha": -0.39376554935059804, "log10_colsample_bytree": 0.0, "log10_eta": -4.0, "log10_lambda": -3.8798509805932575, "log10_min_child_weight": 0.0, "log10_subsample": -1.0, "max_depth": 4.0, "num_boost_round": 12.0}, "datetime": {"datetime": "2024-01-19 00:37:19", "elapsed": 1543.744, "delta": 0.00232}}
{"target": -13.758501913154946, "params": {"gamma": 874.6347551229021, "log10_alpha": -0.39376554935059804, "log10_colsample_bytree": 0.0, "log10_eta": -4.0, "log10_lambda": -3.8798509805932575, "log10_min_child_weight": 0.0, "log10_subsample": -1.0, "max_depth": 4.0, "num_boost_round": 13.0}, "datetime": {"datetime": "2024-01-19 00:37:19", "elapsed": 1543.746339, "delta": 0.002339}}
{"target": -13.758497729776629, "params": {"gamma": 874.6347551229021, "log10_alpha": -0.39376554935059804, "log10_colsample_bytree": 0.0, "log10_eta": -4.0, "log10_lambda": -3.8798509805932575, "log10_min_child_weight": 0.0, "log10_subsample": -1.0, "max_depth": 4.0, "num_boost_round": 14.0}, "datetime": {"datetime": "2024-01-19 00:37:19", "elapsed": 1543.748684, "delta": 0.002345}}
{"target": -13.758496604095077, "params": {"gamma": 874.6347551229021, "log10_alpha": -0.39376554935059804, "log10_colsample_bytree": 0.0, "log10_eta": -4.0, "log10_lambda": -3.8798509805932575, "log10_min_child_weight": 0.0, "log10_subsample": -1.0, "max_depth": 4.0, "num_boost_round": 15.0}, "datetime": {"datetime": "2024-01-19 00:37:19", "elapsed": 1543.75101, "delta": 0.002326}}
{"target": -13.758494992913775, "params": {"gamma": 874.6347551229021, "log10_alpha": -0.39376554935059804, "log10_colsample_bytree": 0.0, "log10_eta": -4.0, "log10_lambda": -3.8798509805932575, "log10_min_child_weight": 0.0, "log10_subsample": -1.0, "max_depth": 4.0, "num_boost_round": 16.0}, "datetime": {"datetime": "2024-01-19 00:37:19", "elapsed": 1543.753593, "delta": 0.002583}}
{"target": -13.758494682500642, "params": {"gamma": 874.6347551229021, "log10_alpha": -0.39376554935059804, "log10_colsample_bytree": 0.0, "log10_eta": -4.0, "log10_lambda": -3.8798509805932575, "log10_min_child_weight": 0.0, "log10_subsample": -1.0, "max_depth": 4.0, "num_boost_round": 17.0}, "datetime": {"datetime": "2024-01-19 00:37:19", "elapsed": 1543.755974, "delta": 0.002381}}
{"target": -13.758492483264721, "params": {"gamma": 874.6347551229021, "log10_alpha": -0.39376554935059804, "log10_colsample_bytree": 0.0, "log10_eta": -4.0, "log10_lambda": -3.8798509805932575, "log10_min_child_weight": 0.0, "log10_subsample": -1.0, "max_depth": 4.0, "num_boost_round": 18.0}, "datetime": {"datetime": "2024-01-19 00:37:19", "elapsed": 1543.758338, "delta": 0.002364}}
{"target": -13.758490179141225, "params": {"gamma": 874.6347551229021, "log10_alpha": -0.39376554935059804, "log10_colsample_bytree": 0.0, "log10_eta": -4.0, "log10_lambda": -3.8798509805932575, "log10_min_child_weight": 0.0, "log10_subsample": -1.0, "max_depth": 4.0, "num_boost_round": 19.0}, "datetime": {"datetime": "2024-01-19 00:37:19", "elapsed": 1543.760734, "delta": 0.002396}}
{"target": -13.75848418401097, "params": {"gamma": 874.6347551229021, "log10_alpha": -0.39376554935059804, "log10_colsample_bytree": 0.0, "log10_eta": -4.0, "log10_lambda": -3.8798509805932575, "log10_min_child_weight": 0.0, "log10_subsample": -1.0, "max_depth": 4.0, "num_boost_round": 20.0}, "datetime": {"datetime": "2024-01-19 00:37:19", "elapsed": 1543.76311, "delta": 0.002376}}
{"target": -13.758483562446726, "params": {"gamma": 874.6347551229021, "log10_alpha": -0.39376554935059804, "log10_colsample_bytree": 0.0, "log10_eta": -4.0, "log10_lambda": -3.8798509805932575, "log10_min_child_weight": 0.0, "log10_subsample": -1.0, "max_depth": 4.0, "num_boost_round": 21.0}, "datetime": {"datetime": "2024-01-19 00:37:19", "elapsed": 1543.765479, "delta": 0.002369}}
{"target": -13.758477296173671, "params": {"gamma": 874.6347551229021, "log10_alpha": -0.39376554935059804, "log10_colsample_bytree": 0.0, "log10_eta": -4.0, "log10_lambda": -3.8798509805932575, "log10_min_child_weight": 0.0, "log10_subsample": -1.0, "max_depth": 4.0, "num_boost_round": 22.0}, "datetime": {"datetime": "2024-01-19 00:37:19", "elapsed": 1543.767833, "delta": 0.002354}}
{"target": -13.758473664590937, "params": {"gamma": 874.6347551229021, "log10_alpha": -0.39376554935059804, "log10_colsample_bytree": 0.0, "log10_eta": -4.0, "log10_lambda": -3.8798509805932575, "log10_min_child_weight": 0.0, "log10_subsample": -1.0, "max_depth": 4.0, "num_boost_round": 23.0}, "datetime": {"datetime": "2024-01-19 00:37:19", "elapsed": 1543.770187, "delta": 0.002354}}
