{"target": -13.758476347373563, "params": {"gamma": 13.661602080961345, "log10_alpha": -2.003904460995175, "log10_colsample_bytree": -0.9752010130163845, "log10_eta": -3.624281810432217, "log10_lambda": -0.4763343519752459, "log10_min_child_weight": 1.9143958448482983, "log10_subsample": -0.34519181164425294, "max_depth": 3.0, "num_boost_round": 24.0}, "datetime": {"datetime": "2024-01-19 02:24:37", "elapsed": 7985.693545, "delta": 0.006029}}
{"target": -13.75847014830268, "params": {"gamma": 13.661602080961345, "log10_alpha": -2.003904460995175, "log10_colsample_bytree": -0.9752010130163845, "log10_eta": -3.624281810432217, "log10_lambda": -0.4763343519752459, "log10_min_child_weight": 1.9143958448482983, "log10_subsample": -0.34519181164425294, "max_depth": 3.0, "num_boost_round": 25.0}, "datetime": {"datetime": "2024-01-19 02:24:37", "elapsed": 7985.69971, "delta": 0.006165}}
{"target": -13.758469784089305, "params": {"gamma": 13.661602080961345, "log10_alpha": -2.003904460995175, "log10_colsample_bytree": -0.9752010130163845, "log10_eta": -3.624281810432217, "log10_lambda": -0.4763343519752459, "log10_min_child_weight": 1.9143958448482983, "log10_subsample": -0.34519181164425294, "max_depth": 3.0, "num_boost_round": 26.0}, "datetime": {"datetime": "2024-01-19 02:24:37", "elapsed": 7985.706007, "delta": 0.006297}}
{"target": -13.758466836656007, "params": {"gamma": 13.661602080961345, "log10_alpha": -2.003904460995175, "log10_colsample_bytree": -0.9752010130163845, "log10_eta": -3.624281810432217, "log10_lambda": -0.4763343519752459, "log10_min_child_weight": 1.9143958448482983, "log10_subsample": -0.34519181164425294, "max_depth": 3.0, "num_boost_round": 27.0}, "datetime": {"datetime": "2024-01-19 02:24:37", "elapsed": 7985.711913, "delta": 0.005906}}
{"target": -13.758463374402417, "params": {"gamma": 13.661602080961345, "log10_alpha": -2.003904460995175, "log10_colsample_bytree": -0.9752010130163845, "log10_eta": -3.624281810432217, "log10_lambda": -0.4763343519752459, "log10_min_child_weight": 1.9143958448482983, "log10_subsample": -0.34519181164425294, "max_depth": 3.0, "num_boost_round": 28.0}, "datetime": {"datetime": "2024-01-19 02:24:37", "elapsed": 7985.717764, "delta": 0.005851}}
{"target": -13.758461906297898, "params": {"gamma": 13.661602080961345, "log10_alpha": -2.003904460995175, "log10_colsample_bytree": -0.9752010130163845, "log10_eta": -3.624281810432217, "log10_lambda": -0.4763343519752459, "log10_min_child_weight": 1.9143958448482983, "log10_subsample": -0.34519181164425294, "max_depth": 3.0, "num_boost_round": 29.0}, "datetime": {"datetime": "2024-01-19 02:24:37", "elapsed": 7985.723651, "delta": 0.005887}}
{"target": -13.758455273952277, "params": {"gamma": 13.661602080961345, "log10_alpha": -2.003904460995175, "log10_colsample_bytree": -0.9752010130163845, "log10_eta": -3.624281810432217, "log10_lambda": -0.4763343519752459, "log10_min_child_weight": 1.9143958448482983, "log10_subsample": -0.34519181164425294, "max_depth": 3.0, "num_boost_round": 30.0}, "datetime": {"datetime": "2024-01-19 02:24:37", "elapsed": 7985.729654, "delta": 0.006003}}
{"target": -13.758447169759409, "params": {"gamma": 13.661602080961345, "log10_alpha": -2.003904460995175, "log10_colsample_bytree": -0.9752010130163845, "log10_eta": -3.624281810432217, "log10_lambda": -0.4763343519752459, "log10_min_child_weight": 1.9143958448482983, "log10_subsample": -0.34519181164425294, "max_depth": 3.0, "num_boost_round": 31.0}, "datetime": {"datetime": "2024-01-19 02:24:37", "elapsed": 7985.73651, "delta": 0.006856}}
{"target": -13.75844470598771, "params": {"gamma": 13.661602080961345, "log10_alpha": -2.003904460995175, "log10_colsample_bytree": -0.9752010130163845, "log10_eta": -3.624281810432217, "log10_lambda": -0.4763343519752459, "log10_min_child_weight": 1.9143958448482983, "log10_subsample": -0.34519181164425294, "max_depth": 3.0, "num_boost_round": 32.0}, "datetime": {"datetime": "2024-01-19 02:24:37", "elapsed": 7985.742586, "delta": 0.006076}}
{"target": -13.758441618992876, "params": {"gamma": 13.661602080961345, "log10_alpha": -2.003904460995175, "log10_colsample_bytree": -0.9752010130163845, "log10_eta": -3.624281810432217, "log10_lambda": -0.4763343519752459, "log10_min_child_weight": 1.9143958448482983, "log10_subsample": -0.34519181164425294, "max_depth": 3.0, "num_boost_round": 33.0}, "datetime": {"datetime": "2024-01-19 02:24:37", "elapsed": 7985.748718, "delta": 0.006132}}
{"target": -13.758438464075873, "params": {"gamma": 13.661602080961345, "log10_alpha": -2.003904460995175, "log10_colsample_bytree": -0.9752010130163845, "log10_eta": -3.624281810432217, "log10_lambda": -0.4763343519752459, "log10_min_child_weight": 1.9143958448482983, "log10_subsample": -0.34519181164425294, "max_depth": 3.0, "num_boost_round": 34.0}, "datetime": {"datetime": "2024-01-19 02:24:37", "elapsed": 7985.754567, "delta": 0.005849}}
{"target": -13.758437912371708, "params": {"gamma": 13.661602080961345, "log10_alpha": -2.003904460995175, "log10_colsample_bytree": -0.9752010130163845, "log10_eta": -3.624281810432217, "log10_lambda": -0.4763343519752459, "log10_min_child_weight": 1.9143958448482983, "log10_subsample": -0.34519181164425294, "max_depth": 3.0, "num_boost_round": 35.0}, "datetime": {"datetime": "2024-01-19 02:24:37", "elapsed": 7985.76033, "delta": 0.005763}}
{"target": -13.75843538828204, "params": {"gamma": 13.661602080961345, "log10_alpha": -2.003904460995175, "log10_colsample_bytree": -0.9752010130163845, "log10_eta": -3.624281810432217, "log10_lambda": -0.4763343519752459, "log10_min_child_weight": 1.9143958448482983, "log10_subsample": -0.34519181164425294, "max_depth": 3.0, "num_boost_round": 36.0}, "datetime": {"datetime": "2024-01-19 02:24:37", "elapsed": 7985.766156, "delta": 0.005826}}
{"target": -13.75843108728883, "params": {"gamma": 13.661602080961345, "log10_alpha": -2.003904460995175, "log10_colsample_bytree": -0.9752010130163845, "log10_eta": -3.624281810432217, "log10_lambda": -0.4763343519752459, "log10_min_child_weight": 1.9143958448482983, "log10_subsample": -0.34519181164425294, "max_depth": 3.0, "num_boost_round": 37.0}, "datetime": {"datetime": "2024-01-19 02:24:37", "elapsed": 7985.772165, "delta": 0.006009}}
{"target": -13.758430405529934, "params": {"gamma": 13.661602080961345, "log10_alpha": -2.003904460995175, "log10_colsample_bytree": -0.9752010130163845, "log10_eta": -3.624281810432217, "log10_lambda": -0.4763343519752459, "log10_min_child_weight": 1.9143958448482983, "log10_subsample": -0.34519181164425294, "max_depth": 3.0, "num_boost_round": 38.0}, "datetime": {"datetime": "2024-01-19 02:24:37", "elapsed": 7985.778308, "delta": 0.006143}}
{"target": -13.758429639385964, "params": {"gamma": 13.661602080961345, "log10_alpha": -2.003904460995175, "log10_colsample_bytree": -0.9752010130163845, "log10_eta": -3.624281810432217, "log10_lambda": -0.4763343519752459, "log10_min_child_weight": 1.9143958448482983, "log10_subsample": -0.34519181164425294, "max_depth": 3.0, "num_boost_round": 39.0}, "datetime": {"datetime": "2024-01-19 02:24:37", "elapsed": 7985.785438, "delta": 0.00713}}
{"target": -13.758532949436207, "params": {"gamma": 17.830026284312627, "log10_alpha": -2.990088001655665, "log10_colsample_bytree": -0.5120892786988068, "log10_eta": -3.845579121730477, "log10_lambda": -3.282086383872488, "log10_min_child_weight": 0.388585968230421, "log10_subsample": -0.9036397142173519, "max_depth": 5.0, "num_boost_round": 0.0}, "datetime": {"datetime": "2024-01-19 02:26:27", "elapsed": 8095.192199, "delta": 109.406761}}
{"target": -13.758525616339375, "params": {"gamma": 17.830026284312627, "log10_alpha": -2.990088001655665, "log10_colsample_bytree": -0.5120892786988068, "log10_eta": -3.845579121730477, "log10_lambda": -3.282086383872488, "log10_min_child_weight": 0.388585968230421, "log10_subsample": -0.9036397142173519, "max_depth": 5.0, "num_boost_round": 1.0}, "datetime": {"datetime": "2024-01-19 02:26:27", "elapsed": 8095.198639, "delta": 0.00644}}
{"target": -13.758523240479324, "params": {"gamma": 17.830026284312627, "log10_alpha": -2.990088001655665, "log10_colsample_bytree": -0.5120892786988068, "log10_eta": -3.845579121730477, "log10_lambda": -3.282086383872488, "log10_min_child_weight": 0.388585968230421, "log10_subsample": -0.9036397142173519, "max_depth": 5.0, "num_boost_round": 2.0}, "datetime": {"datetime": "2024-01-19 02:26:27", "elapsed": 8095.316844, "delta": 0.118205}}
{"target": -13.758522992978094, "params": {"gamma": 17.830026284312627, "log10_alpha": -2.990088001655665, "log10_colsample_bytree": -0.5120892786988068, "log10_eta": -3.845579121730477, "log10_lambda": -3.282086383872488, "log10_min_child_weight": 0.388585968230421, "log10_subsample": -0.9036397142173519, "max_depth": 5.0, "num_boost_round": 3.0}, "datetime": {"datetime": "2024-01-19 02:26:27", "elapsed": 8095.323779, "delta": 0.006935}}
{"target": -13.758519313542806, "params": {"gamma": 17.830026284312627, "log10_alpha": -2.990088001655665, "log10_colsample_bytree": -0.5120892786988068, "log10_eta": -3.845579121730477, "log10_lambda": -3.282086383872488, "log10_min_child_weight": 0.388585968230421, "log10_subsample": -0.9036397142173519, "max_depth": 5.0, "num_boost_round": 4.0}, "datetime": {"datetime": "2024-01-19 02:26:27", "elapsed": 8095.329892, "delta": 0.006113}}
{"target": -13.75851420254981, "params": {"gamma": 17.830026284312627, "log10_alpha": -2.990088001655665, "log10_colsample_bytree": -0.5120892786988068, "log10_eta": -3.845579121730477, "log10_lambda": -3.282086383872488, "log10_min_child_weight": 0.388585968230421, "log10_subsample": -0.9036397142173519, "max_depth": 5.0, "num_boost_round": 5.0}, "datetime": {"datetime": "2024-01-19 02:26:27", "elapsed": 8095.335857, "delta": 0.005965}}
{"target": -13.758509656501504, "params": {"gamma": 17.830026284312627, "log10_alpha": -2.990088001655665, "log10_colsample_bytree": -0.5120892786988068, "log10_eta": -3.845579121730477, "log10_lambda": -3.282086383872488, "log10_min_child_weight": 0.388585968230421, "log10_subsample": -0.9036397142173519, "max_depth": 5.0, "num_boost_round": 6.0}, "datetime": {"datetime": "2024-01-19 02:26:27", "elapsed": 8095.342008, "delta": 0.006151}}
{"target": -13.758508661908603, "params": {"gamma": 17.830026284312627, "log10_alpha": -2.990088001655665, "log10_colsample_bytree": -0.5120892786988068, "log10_eta": -3.845579121730477, "log10_lambda": -3.282086383872488, "log10_min_child_weight": 0.388585968230421, "log10_subsample": -0.9036397142173519, "max_depth": 5.0, "num_boost_round": 7.0}, "datetime": {"datetime": "2024-01-19 02:26:27", "elapsed": 8095.348155, "delta": 0.006147}}
{"target": -13.758505895015627, "params": {"gamma": 17.830026284312627, "log10_alpha": -2.990088001655665, "log10_colsample_bytree": -0.5120892786988068, "log10_eta": -3.845579121730477, "log10_lambda": -3.282086383872488, "log10_min_child_weight": 0.388585968230421, "log10_subsample": -0.9036397142173519, "max_depth": 5.0, "num_boost_round": 8.0}, "datetime": {"datetime": "2024-01-19 02:26:27", "elapsed": 8095.354094, "delta": 0.005939}}
{"target": -13.75850422508306, "params": {"gamma": 17.830026284312627, "log10_alpha": -2.990088001655665, "log10_colsample_bytree": -0.5120892786988068, "log10_eta": -3.845579121730477, "log10_lambda": -3.282086383872488, "log10_min_child_weight": 0.388585968230421, "log10_subsample": -0.9036397142173519, "max_depth": 5.0, "num_boost_round": 9.0}, "datetime": {"datetime": "2024-01-19 02:26:27", "elapsed": 8095.359953, "delta": 0.005859}}
{"target": -13.758502227768599, "params": {"gamma": 17.830026284312627, "log10_alpha": -2.990088001655665, "log10_colsample_bytree": -0.5120892786988068, "log10_eta": -3.845579121730477, "log10_lambda": -3.282086383872488, "log10_min_child_weight": 0.388585968230421, "log10_subsample": -0.9036397142173519, "max_depth": 5.0, "num_boost_round": 10.0}, "datetime": {"datetime": "2024-01-19 02:26:27", "elapsed": 8095.365902, "delta": 0.005949}}
{"target": -13.75849865341222, "params": {"gamma": 17.830026284312627, "log10_alpha": -2.990088001655665, "log10_colsample_bytree": -0.5120892786988068, "log10_eta": -3.845579121730477, "log10_lambda": -3.282086383872488, "log10_min_child_weight": 0.388585968230421, "log10_subsample": -0.9036397142173519, "max_depth": 5.0, "num_boost_round": 11.0}, "datetime": {"datetime": "2024-01-19 02:26:27", "elapsed": 8095.371787, "delta": 0.005885}}
{"target": -13.7584948887988, "params": {"gamma": 17.830026284312627, "log10_alpha": -2.990088001655665, "log10_colsample_bytree": -0.5120892786988068, "log10_eta": -3.845579121730477, "log10_lambda": -3.282086383872488, "log10_min_child_weight": 0.388585968230421, "log10_subsample": -0.9036397142173519, "max_depth": 5.0, "num_boost_round": 12.0}, "datetime": {"datetime": "2024-01-19 02:26:27", "elapsed": 8095.377684, "delta": 0.005897}}
{"target": -13.758486847476183, "params": {"gamma": 17.830026284312627, "log10_alpha": -2.990088001655665, "log10_colsample_bytree": -0.5120892786988068, "log10_eta": -3.845579121730477, "log10_lambda": -3.282086383872488, "log10_min_child_weight": 0.388585968230421, "log10_subsample": -0.9036397142173519, "max_depth": 5.0, "num_boost_round": 13.0}, "datetime": {"datetime": "2024-01-19 02:26:27", "elapsed": 8095.383618, "delta": 0.005934}}
{"target": -13.758486689431479, "params": {"gamma": 17.830026284312627, "log10_alpha": -2.990088001655665, "log10_colsample_bytree": -0.5120892786988068, "log10_eta": -3.845579121730477, "log10_lambda": -3.282086383872488, "log10_min_child_weight": 0.388585968230421, "log10_subsample": -0.9036397142173519, "max_depth": 5.0, "num_boost_round": 14.0}, "datetime": {"datetime": "2024-01-19 02:26:27", "elapsed": 8095.389546, "delta": 0.005928}}
{"target": -13.758479289036929, "params": {"gamma": 17.830026284312627, "log10_alpha": -2.990088001655665, "log10_colsample_bytree": -0.5120892786988068, "log10_eta": -3.845579121730477, "log10_lambda": -3.282086383872488, "log10_min_child_weight": 0.388585968230421, "log10_subsample": -0.9036397142173519, "max_depth": 5.0, "num_boost_round": 15.0}, "datetime": {"datetime": "2024-01-19 02:26:27", "elapsed": 8095.395478, "delta": 0.005932}}
{"target": -13.758478826423783, "params": {"gamma": 17.830026284312627, "log10_alpha": -2.990088001655665, "log10_colsample_bytree": -0.5120892786988068, "log10_eta": -3.845579121730477, "log10_lambda": -3.282086383872488, "log10_min_child_weight": 0.388585968230421, "log10_subsample": -0.9036397142173519, "max_depth": 5.0, "num_boost_round": 16.0}, "datetime": {"datetime": "2024-01-19 02:26:27", "elapsed": 8095.40149, "delta": 0.006012}}
{"target": -13.75848018563382, "params": {"gamma": 17.830026284312627, "log10_alpha": -2.990088001655665, "log10_colsample_bytree": -0.5120892786988068, "log10_eta": -3.845579121730477, "log10_lambda": -3.282086383872488, "log10_min_child_weight": 0.388585968230421, "log10_subsample": -0.9036397142173519, "max_depth": 5.0, "num_boost_round": 17.0}, "datetime": {"datetime": "2024-01-19 02:26:27", "elapsed": 8095.407569, "delta": 0.006079}}
{"target": -13.758483439011634, "params": {"gamma": 17.830026284312627, "log10_alpha": -2.990088001655665, "log10_colsample_bytree": -0.5120892786988068, "log10_eta": -3.845579121730477, "log10_lambda": -3.282086383872488, "log10_min_child_weight": 0.388585968230421, "log10_subsample": -0.9036397142173519, "max_depth": 5.0, "num_boost_round": 18.0}, "datetime": {"datetime": "2024-01-19 02:26:27", "elapsed": 8095.41376, "delta": 0.006191}}
{"target": -13.758478918845052, "params": {"gamma": 17.830026284312627, "log10_alpha": -2.990088001655665, "log10_colsample_bytree": -0.5120892786988068, "log10_eta": -3.845579121730477, "log10_lambda": -3.282086383872488, "log10_min_child_weight": 0.388585968230421, "log10_subsample": -0.9036397142173519, "max_depth": 5.0, "num_boost_round": 19.0}, "datetime": {"datetime": "2024-01-19 02:26:27", "elapsed": 8095.419999, "delta": 0.006239}}
{"target": -13.75846408236952, "params": {"gamma": 17.830026284312627, "log10_alpha": -2.990088001655665, "log10_colsample_bytree": -0.5120892786988068, "log10_eta": -3.845579121730477, "log10_lambda": -3.282086383872488, "log10_min_child_weight": 0.388585968230421, "log10_subsample": -0.9036397142173519, "max_depth": 5.0, "num_boost_round": 20.0}, "datetime": {"datetime": "2024-01-19 02:26:27", "elapsed": 8095.42593, "delta": 0.005931}}
{"target": -13.758467838452924, "params": {"gamma": 17.830026284312627, "log10_alpha": -2.990088001655665, "log10_colsample_bytree": -0.5120892786988068, "log10_eta": -3.845579121730477, "log10_lambda": -3.282086383872488, "log10_min_child_weight": 0.388585968230421, "log10_subsample": -0.9036397142173519, "max_depth": 5.0, "num_boost_round": 21.0}, "datetime": {"datetime": "2024-01-19 02:26:27", "elapsed": 8095.431887, "delta": 0.005957}}
{"target": -13.758464266762605, "params": {"gamma": 17.830026284312627, "log10_alpha": -2.990088001655665, "log10_colsample_bytree": -0.5120892786988068, "log10_eta": -3.845579121730477, "log10_lambda": -3.282086383872488, "log10_min_child_weight": 0.388585968230421, "log10_subsample": -0.9036397142173519, "max_depth": 5.0, "num_boost_round": 22.0}, "datetime": {"datetime": "2024-01-19 02:26:27", "elapsed": 8095.437763, "delta": 0.005876}}
{"target": -13.758460299873907, "params": {"gamma": 17.830026284312627, "log10_alpha": -2.990088001655665, "log10_colsample_bytree": -0.5120892786988068, "log10_eta": -3.845579121730477, "log10_lambda": -3.282086383872488, "log10_min_child_weight": 0.388585968230421, "log10_subsample": -0.9036397142173519, "max_depth": 5.0, "num_boost_round": 23.0}, "datetime": {"datetime": "2024-01-19 02:26:27", "elapsed": 8095.443662, "delta": 0.005899}}
{"target": -13.758515474982893, "params": {"gamma": 25.084820526146466, "log10_alpha": -3.5263276194535225, "log10_colsample_bytree": -0.2914179256794487, "log10_eta": -3.1004035880008343, "log10_lambda": -4.504745999292389, "log10_min_child_weight": 0.7260895663974876, "log10_subsample": -0.5273856263865678, "max_depth": 7.0, "num_boost_round": 0.0}, "datetime": {"datetime": "2024-01-19 02:27:48", "elapsed": 8176.448515, "delta": 81.004853}}
{"target": -13.758494194467406, "params": {"gamma": 25.084820526146466, "log10_alpha": -3.5263276194535225, "log10_colsample_bytree": -0.2914179256794487, "log10_eta": -3.1004035880008343, "log10_lambda": -4.504745999292389, "log10_min_child_weight": 0.7260895663974876, "log10_subsample": -0.5273856263865678, "max_depth": 7.0, "num_boost_round": 1.0}, "datetime": {"datetime": "2024-01-19 02:27:48", "elapsed": 8176.454884, "delta": 0.006369}}
{"target": -13.758478400466869, "params": {"gamma": 25.084820526146466, "log10_alpha": -3.5263276194535225, "log10_colsample_bytree": -0.2914179256794487, "log10_eta": -3.1004035880008343, "log10_lambda": -4.504745999292389, "log10_min_child_weight": 0.7260895663974876, "log10_subsample": -0.5273856263865678, "max_depth": 7.0, "num_boost_round": 2.0}, "datetime": {"datetime": "2024-01-19 02:27:48", "elapsed": 8176.460913, "delta": 0.006029}}
{"target": -13.758451859577702, "params": {"gamma": 25.084820526146466, "log10_alpha": -3.5263276194535225, "log10_colsample_bytree": -0.2914179256794487, "log10_eta": -3.1004035880008343, "log10_lambda": -4.504745999292389, "log10_min_child_weight": 0.7260895663974876, "log10_subsample": -0.5273856263865678, "max_depth": 7.0, "num_boost_round": 3.0}, "datetime": {"datetime": "2024-01-19 02:27:48", "elapsed": 8176.466873, "delta": 0.00596}}
{"target": -13.758417520296486, "params": {"gamma": 25.084820526146466, "log10_alpha": -3.5263276194535225, "log10_colsample_bytree": -0.2914179256794487, "log10_eta": -3.1004035880008343, "log10_lambda": -4.504745999292389, "log10_min_child_weight": 0.7260895663974876, "log10_subsample": -0.5273856263865678, "max_depth": 7.0, "num_boost_round": 4.0}, "datetime": {"datetime": "2024-01-19 02:27:48", "elapsed": 8176.472939, "delta": 0.006066}}
{"target": -13.758430151270739, "params": {"gamma": 25.084820526146466, "log10_alpha": -3.5263276194535225, "log10_colsample_bytree": -0.2914179256794487, "log10_eta": -3.1004035880008343, "log10_lambda": -4.504745999292389, "log10_min_child_weight": 0.7260895663974876, "log10_subsample": -0.5273856263865678, "max_depth": 7.0, "num_boost_round": 5.0}, "datetime": {"datetime": "2024-01-19 02:27:48", "elapsed": 8176.479038, "delta": 0.006099}}
{"target": -13.758422453680232, "params": {"gamma": 25.084820526146466, "log10_alpha": -3.5263276194535225, "log10_colsample_bytree": -0.2914179256794487, "log10_eta": -3.1004035880008343, "log10_lambda": -4.504745999292389, "log10_min_child_weight": 0.7260895663974876, "log10_subsample": -0.5273856263865678, "max_depth": 7.0, "num_boost_round": 6.0}, "datetime": {"datetime": "2024-01-19 02:27:48", "elapsed": 8176.485046, "delta": 0.006008}}
{"target": -13.758435072521499, "params": {"gamma": 25.084820526146466, "log10_alpha": -3.5263276194535225, "log10_colsample_bytree": -0.2914179256794487, "log10_eta": -3.1004035880008343, "log10_lambda": -4.504745999292389, "log10_min_child_weight": 0.7260895663974876, "log10_subsample": -0.5273856263865678, "max_depth": 7.0, "num_boost_round": 7.0}, "datetime": {"datetime": "2024-01-19 02:27:48", "elapsed": 8176.491378, "delta": 0.006332}}
{"target": -13.75842603017444, "params": {"gamma": 25.084820526146466, "log10_alpha": -3.5263276194535225, "log10_colsample_bytree": -0.2914179256794487, "log10_eta": -3.1004035880008343, "log10_lambda": -4.504745999292389, "log10_min_child_weight": 0.7260895663974876, "log10_subsample": -0.5273856263865678, "max_depth": 7.0, "num_boost_round": 8.0}, "datetime": {"datetime": "2024-01-19 02:27:48", "elapsed": 8176.497863, "delta": 0.006485}}
