{"target": -17.681016914219764, "params": {"gamma": 175.13304646684202, "log10_alpha": -0.7296158329910485, "log10_colsample_bytree": -0.17762553630182254, "log10_eta": -1.1514729020472925, "log10_lambda": -3.511311329157935, "log10_min_child_weight": 4.4348294206426395, "log10_subsample": -0.9640412519308159, "max_depth": 3.0, "num_boost_round": 32.0}, "datetime": {"datetime": "2024-01-19 00:25:43", "elapsed": 827.774354, "delta": 0.001338}}
{"target": -17.680937163451194, "params": {"gamma": 175.13304646684202, "log10_alpha": -0.7296158329910485, "log10_colsample_bytree": -0.17762553630182254, "log10_eta": -1.1514729020472925, "log10_lambda": -3.511311329157935, "log10_min_child_weight": 4.4348294206426395, "log10_subsample": -0.9640412519308159, "max_depth": 3.0, "num_boost_round": 33.0}, "datetime": {"datetime": "2024-01-19 00:25:43", "elapsed": 827.775706, "delta": 0.001352}}
{"target": -17.681283291717374, "params": {"gamma": 175.13304646684202, "log10_alpha": -0.7296158329910485, "log10_colsample_bytree": -0.17762553630182254, "log10_eta": -1.1514729020472925, "log10_lambda": -3.511311329157935, "log10_min_child_weight": 4.4348294206426395, "log10_subsample": -0.9640412519308159, "max_depth": 3.0, "num_boost_round": 34.0}, "datetime": {"datetime": "2024-01-19 00:25:43", "elapsed": 827.777055, "delta": 0.001349}}
{"target": -17.68165391823466, "params": {"gamma": 175.13304646684202, "log10_alpha": -0.7296158329910485, "log10_colsample_bytree": -0.17762553630182254, "log10_eta": -1.1514729020472925, "log10_lambda": -3.511311329157935, "log10_min_child_weight": 4.4348294206426395, "log10_subsample": -0.9640412519308159, "max_depth": 3.0, "num_boost_round": 35.0}, "datetime": {"datetime": "2024-01-19 00:25:43", "elapsed": 827.778389, "delta": 0.001334}}
{"target": -17.681857946922992, "params": {"gamma": 175.13304646684202, "log10_alpha": -0.7296158329910485, "log10_colsample_bytree": -0.17762553630182254, "log10_eta": -1.1514729020472925, "log10_lambda": -3.511311329157935, "log10_min_child_weight": 4.4348294206426395, "log10_subsample": -0.9640412519308159, "max_depth": 3.0, "num_boost_round": 36.0}, "datetime": {"datetime": "2024-01-19 00:25:43", "elapsed": 827.779708, "delta": 0.001319}}
{"target": -17.68191855620384, "params": {"gamma": 175.13304646684202, "log10_alpha": -0.7296158329910485, "log10_colsample_bytree": -0.17762553630182254, "log10_eta": -1.1514729020472925, "log10_lambda": -3.511311329157935, "log10_min_child_weight": 4.4348294206426395, "log10_subsample": -0.9640412519308159, "max_depth": 3.0, "num_boost_round": 37.0}, "datetime": {"datetime": "2024-01-19 00:25:43", "elapsed": 827.781049, "delta": 0.001341}}
{"target": -17.68170672038141, "params": {"gamma": 175.13304646684202, "log10_alpha": -0.7296158329910485, "log10_colsample_bytree": -0.17762553630182254, "log10_eta": -1.1514729020472925, "log10_lambda": -3.511311329157935, "log10_min_child_weight": 4.4348294206426395, "log10_subsample": -0.9640412519308159, "max_depth": 3.0, "num_boost_round": 38.0}, "datetime": {"datetime": "2024-01-19 00:25:43", "elapsed": 827.783067, "delta": 0.002018}}
{"target": -17.681843012048276, "params": {"gamma": 175.13304646684202, "log10_alpha": -0.7296158329910485, "log10_colsample_bytree": -0.17762553630182254, "log10_eta": -1.1514729020472925, "log10_lambda": -3.511311329157935, "log10_min_child_weight": 4.4348294206426395, "log10_subsample": -0.9640412519308159, "max_depth": 3.0, "num_boost_round": 39.0}, "datetime": {"datetime": "2024-01-19 00:25:43", "elapsed": 827.784418, "delta": 0.001351}}
{"target": -17.68169157541878, "params": {"gamma": 175.13304646684202, "log10_alpha": -0.7296158329910485, "log10_colsample_bytree": -0.17762553630182254, "log10_eta": -1.1514729020472925, "log10_lambda": -3.511311329157935, "log10_min_child_weight": 4.4348294206426395, "log10_subsample": -0.9640412519308159, "max_depth": 3.0, "num_boost_round": 40.0}, "datetime": {"datetime": "2024-01-19 00:25:43", "elapsed": 827.786009, "delta": 0.001591}}
{"target": -17.68204033550895, "params": {"gamma": 175.13304646684202, "log10_alpha": -0.7296158329910485, "log10_colsample_bytree": -0.17762553630182254, "log10_eta": -1.1514729020472925, "log10_lambda": -3.511311329157935, "log10_min_child_weight": 4.4348294206426395, "log10_subsample": -0.9640412519308159, "max_depth": 3.0, "num_boost_round": 41.0}, "datetime": {"datetime": "2024-01-19 00:25:43", "elapsed": 827.787481, "delta": 0.001472}}
{"target": -17.682257672510755, "params": {"gamma": 175.13304646684202, "log10_alpha": -0.7296158329910485, "log10_colsample_bytree": -0.17762553630182254, "log10_eta": -1.1514729020472925, "log10_lambda": -3.511311329157935, "log10_min_child_weight": 4.4348294206426395, "log10_subsample": -0.9640412519308159, "max_depth": 3.0, "num_boost_round": 42.0}, "datetime": {"datetime": "2024-01-19 00:25:43", "elapsed": 827.788955, "delta": 0.001474}}
{"target": -17.682636385075398, "params": {"gamma": 175.13304646684202, "log10_alpha": -0.7296158329910485, "log10_colsample_bytree": -0.17762553630182254, "log10_eta": -1.1514729020472925, "log10_lambda": -3.511311329157935, "log10_min_child_weight": 4.4348294206426395, "log10_subsample": -0.9640412519308159, "max_depth": 3.0, "num_boost_round": 43.0}, "datetime": {"datetime": "2024-01-19 00:25:43", "elapsed": 827.790371, "delta": 0.001416}}
{"target": -17.68302568617726, "params": {"gamma": 175.13304646684202, "log10_alpha": -0.7296158329910485, "log10_colsample_bytree": -0.17762553630182254, "log10_eta": -1.1514729020472925, "log10_lambda": -3.511311329157935, "log10_min_child_weight": 4.4348294206426395, "log10_subsample": -0.9640412519308159, "max_depth": 3.0, "num_boost_round": 44.0}, "datetime": {"datetime": "2024-01-19 00:25:43", "elapsed": 827.791719, "delta": 0.001348}}
{"target": -17.683283092202537, "params": {"gamma": 175.13304646684202, "log10_alpha": -0.7296158329910485, "log10_colsample_bytree": -0.17762553630182254, "log10_eta": -1.1514729020472925, "log10_lambda": -3.511311329157935, "log10_min_child_weight": 4.4348294206426395, "log10_subsample": -0.9640412519308159, "max_depth": 3.0, "num_boost_round": 45.0}, "datetime": {"datetime": "2024-01-19 00:25:43", "elapsed": 827.79302, "delta": 0.001301}}
{"target": -17.677287360447963, "params": {"gamma": 191.87348656840174, "log10_alpha": 0.04609583861061761, "log10_colsample_bytree": -0.13305054813069572, "log10_eta": -1.5414445636120973, "log10_lambda": -4.608736383011522, "log10_min_child_weight": 4.678145794187314, "log10_subsample": -0.28278660803994116, "max_depth": 4.0, "num_boost_round": 0.0}, "datetime": {"datetime": "2024-01-19 00:26:08", "elapsed": 852.97188, "delta": 25.17886}}
{"target": -17.67728082304258, "params": {"gamma": 191.87348656840174, "log10_alpha": 0.04609583861061761, "log10_colsample_bytree": -0.13305054813069572, "log10_eta": -1.5414445636120973, "log10_lambda": -4.608736383011522, "log10_min_child_weight": 4.678145794187314, "log10_subsample": -0.28278660803994116, "max_depth": 4.0, "num_boost_round": 1.0}, "datetime": {"datetime": "2024-01-19 00:26:08", "elapsed": 852.973847, "delta": 0.001967}}
{"target": -17.677214731662986, "params": {"gamma": 191.87348656840174, "log10_alpha": 0.04609583861061761, "log10_colsample_bytree": -0.13305054813069572, "log10_eta": -1.5414445636120973, "log10_lambda": -4.608736383011522, "log10_min_child_weight": 4.678145794187314, "log10_subsample": -0.28278660803994116, "max_depth": 4.0, "num_boost_round": 2.0}, "datetime": {"datetime": "2024-01-19 00:26:08", "elapsed": 852.975277, "delta": 0.00143}}
{"target": -17.677166019537523, "params": {"gamma": 191.87348656840174, "log10_alpha": 0.04609583861061761, "log10_colsample_bytree": -0.13305054813069572, "log10_eta": -1.5414445636120973, "log10_lambda": -4.608736383011522, "log10_min_child_weight": 4.678145794187314, "log10_subsample": -0.28278660803994116, "max_depth": 4.0, "num_boost_round": 3.0}, "datetime": {"datetime": "2024-01-19 00:26:08", "elapsed": 852.976796, "delta": 0.001519}}
{"target": -17.67702041753318, "params": {"gamma": 191.87348656840174, "log10_alpha": 0.04609583861061761, "log10_colsample_bytree": -0.13305054813069572, "log10_eta": -1.5414445636120973, "log10_lambda": -4.608736383011522, "log10_min_child_weight": 4.678145794187314, "log10_subsample": -0.28278660803994116, "max_depth": 4.0, "num_boost_round": 4.0}, "datetime": {"datetime": "2024-01-19 00:26:08", "elapsed": 852.978254, "delta": 0.001458}}
{"target": -17.67686780421829, "params": {"gamma": 191.87348656840174, "log10_alpha": 0.04609583861061761, "log10_colsample_bytree": -0.13305054813069572, "log10_eta": -1.5414445636120973, "log10_lambda": -4.608736383011522, "log10_min_child_weight": 4.678145794187314, "log10_subsample": -0.28278660803994116, "max_depth": 4.0, "num_boost_round": 5.0}, "datetime": {"datetime": "2024-01-19 00:26:08", "elapsed": 852.979778, "delta": 0.001524}}
{"target": -17.676801508084953, "params": {"gamma": 191.87348656840174, "log10_alpha": 0.04609583861061761, "log10_colsample_bytree": -0.13305054813069572, "log10_eta": -1.5414445636120973, "log10_lambda": -4.608736383011522, "log10_min_child_weight": 4.678145794187314, "log10_subsample": -0.28278660803994116, "max_depth": 4.0, "num_boost_round": 6.0}, "datetime": {"datetime": "2024-01-19 00:26:08", "elapsed": 852.981144, "delta": 0.001366}}
{"target": -17.67681187651467, "params": {"gamma": 191.87348656840174, "log10_alpha": 0.04609583861061761, "log10_colsample_bytree": -0.13305054813069572, "log10_eta": -1.5414445636120973, "log10_lambda": -4.608736383011522, "log10_min_child_weight": 4.678145794187314, "log10_subsample": -0.28278660803994116, "max_depth": 4.0, "num_boost_round": 7.0}, "datetime": {"datetime": "2024-01-19 00:26:08", "elapsed": 852.982476, "delta": 0.001332}}
{"target": -17.676923842916654, "params": {"gamma": 191.87348656840174, "log10_alpha": 0.04609583861061761, "log10_colsample_bytree": -0.13305054813069572, "log10_eta": -1.5414445636120973, "log10_lambda": -4.608736383011522, "log10_min_child_weight": 4.678145794187314, "log10_subsample": -0.28278660803994116, "max_depth": 4.0, "num_boost_round": 8.0}, "datetime": {"datetime": "2024-01-19 00:26:08", "elapsed": 852.983808, "delta": 0.001332}}
{"target": -17.676825535220686, "params": {"gamma": 191.87348656840174, "log10_alpha": 0.04609583861061761, "log10_colsample_bytree": -0.13305054813069572, "log10_eta": -1.5414445636120973, "log10_lambda": -4.608736383011522, "log10_min_child_weight": 4.678145794187314, "log10_subsample": -0.28278660803994116, "max_depth": 4.0, "num_boost_round": 9.0}, "datetime": {"datetime": "2024-01-19 00:26:08", "elapsed": 852.985117, "delta": 0.001309}}
{"target": -17.676882211958436, "params": {"gamma": 191.87348656840174, "log10_alpha": 0.04609583861061761, "log10_colsample_bytree": -0.13305054813069572, "log10_eta": -1.5414445636120973, "log10_lambda": -4.608736383011522, "log10_min_child_weight": 4.678145794187314, "log10_subsample": -0.28278660803994116, "max_depth": 4.0, "num_boost_round": 10.0}, "datetime": {"datetime": "2024-01-19 00:26:08", "elapsed": 852.986431, "delta": 0.001314}}
{"target": -17.676681252505364, "params": {"gamma": 191.87348656840174, "log10_alpha": 0.04609583861061761, "log10_colsample_bytree": -0.13305054813069572, "log10_eta": -1.5414445636120973, "log10_lambda": -4.608736383011522, "log10_min_child_weight": 4.678145794187314, "log10_subsample": -0.28278660803994116, "max_depth": 4.0, "num_boost_round": 11.0}, "datetime": {"datetime": "2024-01-19 00:26:08", "elapsed": 852.987979, "delta": 0.001548}}
{"target": -17.676952037679747, "params": {"gamma": 191.87348656840174, "log10_alpha": 0.04609583861061761, "log10_colsample_bytree": -0.13305054813069572, "log10_eta": -1.5414445636120973, "log10_lambda": -4.608736383011522, "log10_min_child_weight": 4.678145794187314, "log10_subsample": -0.28278660803994116, "max_depth": 4.0, "num_boost_round": 12.0}, "datetime": {"datetime": "2024-01-19 00:26:08", "elapsed": 852.989502, "delta": 0.001523}}
{"target": -17.677036534670897, "params": {"gamma": 191.87348656840174, "log10_alpha": 0.04609583861061761, "log10_colsample_bytree": -0.13305054813069572, "log10_eta": -1.5414445636120973, "log10_lambda": -4.608736383011522, "log10_min_child_weight": 4.678145794187314, "log10_subsample": -0.28278660803994116, "max_depth": 4.0, "num_boost_round": 13.0}, "datetime": {"datetime": "2024-01-19 00:26:08", "elapsed": 852.990967, "delta": 0.001465}}
{"target": -17.677111676983465, "params": {"gamma": 191.87348656840174, "log10_alpha": 0.04609583861061761, "log10_colsample_bytree": -0.13305054813069572, "log10_eta": -1.5414445636120973, "log10_lambda": -4.608736383011522, "log10_min_child_weight": 4.678145794187314, "log10_subsample": -0.28278660803994116, "max_depth": 4.0, "num_boost_round": 14.0}, "datetime": {"datetime": "2024-01-19 00:26:08", "elapsed": 852.992303, "delta": 0.001336}}
{"target": -17.676853466174823, "params": {"gamma": 191.87348656840174, "log10_alpha": 0.04609583861061761, "log10_colsample_bytree": -0.13305054813069572, "log10_eta": -1.5414445636120973, "log10_lambda": -4.608736383011522, "log10_min_child_weight": 4.678145794187314, "log10_subsample": -0.28278660803994116, "max_depth": 4.0, "num_boost_round": 15.0}, "datetime": {"datetime": "2024-01-19 00:26:08", "elapsed": 852.993645, "delta": 0.001342}}
{"target": -17.676896752640598, "params": {"gamma": 191.87348656840174, "log10_alpha": 0.04609583861061761, "log10_colsample_bytree": -0.13305054813069572, "log10_eta": -1.5414445636120973, "log10_lambda": -4.608736383011522, "log10_min_child_weight": 4.678145794187314, "log10_subsample": -0.28278660803994116, "max_depth": 4.0, "num_boost_round": 16.0}, "datetime": {"datetime": "2024-01-19 00:26:08", "elapsed": 852.994967, "delta": 0.001322}}
{"target": -17.67690334560829, "params": {"gamma": 191.87348656840174, "log10_alpha": 0.04609583861061761, "log10_colsample_bytree": -0.13305054813069572, "log10_eta": -1.5414445636120973, "log10_lambda": -4.608736383011522, "log10_min_child_weight": 4.678145794187314, "log10_subsample": -0.28278660803994116, "max_depth": 4.0, "num_boost_round": 17.0}, "datetime": {"datetime": "2024-01-19 00:26:08", "elapsed": 852.996307, "delta": 0.00134}}
{"target": -17.677186598359103, "params": {"gamma": 191.87348656840174, "log10_alpha": 0.04609583861061761, "log10_colsample_bytree": -0.13305054813069572, "log10_eta": -1.5414445636120973, "log10_lambda": -4.608736383011522, "log10_min_child_weight": 4.678145794187314, "log10_subsample": -0.28278660803994116, "max_depth": 4.0, "num_boost_round": 18.0}, "datetime": {"datetime": "2024-01-19 00:26:08", "elapsed": 852.997631, "delta": 0.001324}}
{"target": -17.67728730235952, "params": {"gamma": 191.87348656840174, "log10_alpha": 0.04609583861061761, "log10_colsample_bytree": -0.13305054813069572, "log10_eta": -1.5414445636120973, "log10_lambda": -4.608736383011522, "log10_min_child_weight": 4.678145794187314, "log10_subsample": -0.28278660803994116, "max_depth": 4.0, "num_boost_round": 19.0}, "datetime": {"datetime": "2024-01-19 00:26:08", "elapsed": 852.999113, "delta": 0.001482}}
{"target": -17.677822610062044, "params": {"gamma": 191.87348656840174, "log10_alpha": 0.04609583861061761, "log10_colsample_bytree": -0.13305054813069572, "log10_eta": -1.5414445636120973, "log10_lambda": -4.608736383011522, "log10_min_child_weight": 4.678145794187314, "log10_subsample": -0.28278660803994116, "max_depth": 4.0, "num_boost_round": 20.0}, "datetime": {"datetime": "2024-01-19 00:26:08", "elapsed": 853.000471, "delta": 0.001358}}
{"target": -17.67786423300824, "params": {"gamma": 191.87348656840174, "log10_alpha": 0.04609583861061761, "log10_colsample_bytree": -0.13305054813069572, "log10_eta": -1.5414445636120973, "log10_lambda": -4.608736383011522, "log10_min_child_weight": 4.678145794187314, "log10_subsample": -0.28278660803994116, "max_depth": 4.0, "num_boost_round": 21.0}, "datetime": {"datetime": "2024-01-19 00:26:08", "elapsed": 853.001811, "delta": 0.00134}}
{"target": -17.677846168233785, "params": {"gamma": 191.87348656840174, "log10_alpha": 0.04609583861061761, "log10_colsample_bytree": -0.13305054813069572, "log10_eta": -1.5414445636120973, "log10_lambda": -4.608736383011522, "log10_min_child_weight": 4.678145794187314, "log10_subsample": -0.28278660803994116, "max_depth": 4.0, "num_boost_round": 22.0}, "datetime": {"datetime": "2024-01-19 00:26:08", "elapsed": 853.003153, "delta": 0.001342}}
{"target": -17.677840143621484, "params": {"gamma": 191.87348656840174, "log10_alpha": 0.04609583861061761, "log10_colsample_bytree": -0.13305054813069572, "log10_eta": -1.5414445636120973, "log10_lambda": -4.608736383011522, "log10_min_child_weight": 4.678145794187314, "log10_subsample": -0.28278660803994116, "max_depth": 4.0, "num_boost_round": 23.0}, "datetime": {"datetime": "2024-01-19 00:26:08", "elapsed": 853.004543, "delta": 0.00139}}
{"target": -17.677233000215228, "params": {"gamma": 161.7420032482242, "log10_alpha": -2.5193045768837337, "log10_colsample_bytree": -0.014898442744654572, "log10_eta": -3.506736495962065, "log10_lambda": -0.5850317784438825, "log10_min_child_weight": 4.863624377760646, "log10_subsample": -0.939060703115574, "max_depth": 9.0, "num_boost_round": 0.0}, "datetime": {"datetime": "2024-01-19 00:26:41", "elapsed": 885.855478, "delta": 32.850935}}
{"target": -17.677233003904927, "params": {"gamma": 161.7420032482242, "log10_alpha": -2.5193045768837337, "log10_colsample_bytree": -0.014898442744654572, "log10_eta": -3.506736495962065, "log10_lambda": -0.5850317784438825, "log10_min_child_weight": 4.863624377760646, "log10_subsample": -0.939060703115574, "max_depth": 9.0, "num_boost_round": 1.0}, "datetime": {"datetime": "2024-01-19 00:26:41", "elapsed": 885.85728, "delta": 0.001802}}
{"target": -17.677232936601886, "params": {"gamma": 161.7420032482242, "log10_alpha": -2.5193045768837337, "log10_colsample_bytree": -0.014898442744654572, "log10_eta": -3.506736495962065, "log10_lambda": -0.5850317784438825, "log10_min_child_weight": 4.863624377760646, "log10_subsample": -0.939060703115574, "max_depth": 9.0, "num_boost_round": 2.0}, "datetime": {"datetime": "2024-01-19 00:26:41", "elapsed": 885.859061, "delta": 0.001781}}
{"target": -17.677232957930862, "params": {"gamma": 161.7420032482242, "log10_alpha": -2.5193045768837337, "log10_colsample_bytree": -0.014898442744654572, "log10_eta": -3.506736495962065, "log10_lambda": -0.5850317784438825, "log10_min_child_weight": 4.863624377760646, "log10_subsample": -0.939060703115574, "max_depth": 9.0, "num_boost_round": 3.0}, "datetime": {"datetime": "2024-01-19 00:26:41", "elapsed": 885.861019, "delta": 0.001958}}
{"target": -17.677233063472798, "params": {"gamma": 161.7420032482242, "log10_alpha": -2.5193045768837337, "log10_colsample_bytree": -0.014898442744654572, "log10_eta": -3.506736495962065, "log10_lambda": -0.5850317784438825, "log10_min_child_weight": 4.863624377760646, "log10_subsample": -0.939060703115574, "max_depth": 9.0, "num_boost_round": 4.0}, "datetime": {"datetime": "2024-01-19 00:26:41", "elapsed": 885.862476, "delta": 0.001457}}
{"target": -17.67723311722456, "params": {"gamma": 161.7420032482242, "log10_alpha": -2.5193045768837337, "log10_colsample_bytree": -0.014898442744654572, "log10_eta": -3.506736495962065, "log10_lambda": -0.5850317784438825, "log10_min_child_weight": 4.863624377760646, "log10_subsample": -0.939060703115574, "max_depth": 9.0, "num_boost_round": 5.0}, "datetime": {"datetime": "2024-01-19 00:26:41", "elapsed": 885.864004, "delta": 0.001528}}
{"target": -17.677232969368575, "params": {"gamma": 161.7420032482242, "log10_alpha": -2.5193045768837337, "log10_colsample_bytree": -0.014898442744654572, "log10_eta": -3.506736495962065, "log10_lambda": -0.5850317784438825, "log10_min_child_weight": 4.863624377760646, "log10_subsample": -0.939060703115574, "max_depth": 9.0, "num_boost_round": 6.0}, "datetime": {"datetime": "2024-01-19 00:26:41", "elapsed": 885.865444, "delta": 0.00144}}
{"target": -17.677232986130406, "params": {"gamma": 161.7420032482242, "log10_alpha": -2.5193045768837337, "log10_colsample_bytree": -0.014898442744654572, "log10_eta": -3.506736495962065, "log10_lambda": -0.5850317784438825, "log10_min_child_weight": 4.863624377760646, "log10_subsample": -0.939060703115574, "max_depth": 9.0, "num_boost_round": 7.0}, "datetime": {"datetime": "2024-01-19 00:26:41", "elapsed": 885.866972, "delta": 0.001528}}
{"target": -17.677232817177853, "params": {"gamma": 161.7420032482242, "log10_alpha": -2.5193045768837337, "log10_colsample_bytree": -0.014898442744654572, "log10_eta": -3.506736495962065, "log10_lambda": -0.5850317784438825, "log10_min_child_weight": 4.863624377760646, "log10_subsample": -0.939060703115574, "max_depth": 9.0, "num_boost_round": 8.0}, "datetime": {"datetime": "2024-01-19 00:26:41", "elapsed": 885.868373, "delta": 0.001401}}
{"target": -17.677232709965647, "params": {"gamma": 161.7420032482242, "log10_alpha": -2.5193045768837337, "log10_colsample_bytree": -0.014898442744654572, "log10_eta": -3.506736495962065, "log10_lambda": -0.5850317784438825, "log10_min_child_weight": 4.863624377760646, "log10_subsample": -0.939060703115574, "max_depth": 9.0, "num_boost_round": 9.0}, "datetime": {"datetime": "2024-01-19 00:26:41", "elapsed": 885.869778, "delta": 0.001405}}
{"target": -17.677232569913468, "params": {"gamma": 161.7420032482242, "log10_alpha": -2.5193045768837337, "log10_colsample_bytree": -0.014898442744654572, "log10_eta": -3.506736495962065, "log10_lambda": -0.5850317784438825, "log10_min_child_weight": 4.863624377760646, "log10_subsample": -0.939060703115574, "max_depth": 9.0, "num_boost_round": 10.0}, "datetime": {"datetime": "2024-01-19 00:26:41", "elapsed": 885.87118, "delta": 0.001402}}
