{"target": -13.75848464436053, "params": {"gamma": 831.085930213612, "log10_alpha": -4.8494926567702805, "log10_colsample_bytree": -0.23849961603452274, "log10_eta": -3.175002757524324, "log10_lambda": 0.12606754328474779, "log10_min_child_weight": 2.7744408484463694, "log10_subsample": -0.33459085043751224, "max_depth": 9.0, "num_boost_round": 5.0}, "datetime": {"datetime": "2024-01-19 01:01:59", "elapsed": 3039.402564, "delta": 0.003102}}
{"target": -13.75848921410769, "params": {"gamma": 831.085930213612, "log10_alpha": -4.8494926567702805, "log10_colsample_bytree": -0.23849961603452274, "log10_eta": -3.175002757524324, "log10_lambda": 0.12606754328474779, "log10_min_child_weight": 2.7744408484463694, "log10_subsample": -0.33459085043751224, "max_depth": 9.0, "num_boost_round": 6.0}, "datetime": {"datetime": "2024-01-19 01:01:59", "elapsed": 3039.405544, "delta": 0.00298}}
{"target": -13.758494221245321, "params": {"gamma": 831.085930213612, "log10_alpha": -4.8494926567702805, "log10_colsample_bytree": -0.23849961603452274, "log10_eta": -3.175002757524324, "log10_lambda": 0.12606754328474779, "log10_min_child_weight": 2.7744408484463694, "log10_subsample": -0.33459085043751224, "max_depth": 9.0, "num_boost_round": 7.0}, "datetime": {"datetime": "2024-01-19 01:01:59", "elapsed": 3039.408683, "delta": 0.003139}}
{"target": -13.75852359935031, "params": {"gamma": 831.085930213612, "log10_alpha": -4.8494926567702805, "log10_colsample_bytree": -0.23849961603452274, "log10_eta": -3.175002757524324, "log10_lambda": 0.12606754328474779, "log10_min_child_weight": 2.7744408484463694, "log10_subsample": -0.33459085043751224, "max_depth": 9.0, "num_boost_round": 8.0}, "datetime": {"datetime": "2024-01-19 01:01:59", "elapsed": 3039.411625, "delta": 0.002942}}
{"target": -13.75849678865735, "params": {"gamma": 831.085930213612, "log10_alpha": -4.8494926567702805, "log10_colsample_bytree": -0.23849961603452274, "log10_eta": -3.175002757524324, "log10_lambda": 0.12606754328474779, "log10_min_child_weight": 2.7744408484463694, "log10_subsample": -0.33459085043751224, "max_depth": 9.0, "num_boost_round": 9.0}, "datetime": {"datetime": "2024-01-19 01:01:59", "elapsed": 3039.414745, "delta": 0.00312}}
{"target": -13.75850124595727, "params": {"gamma": 831.085930213612, "log10_alpha": -4.8494926567702805, "log10_colsample_bytree": -0.23849961603452274, "log10_eta": -3.175002757524324, "log10_lambda": 0.12606754328474779, "log10_min_child_weight": 2.7744408484463694, "log10_subsample": -0.33459085043751224, "max_depth": 9.0, "num_boost_round": 10.0}, "datetime": {"datetime": "2024-01-19 01:01:59", "elapsed": 3039.417803, "delta": 0.003058}}
{"target": -13.758476350727758, "params": {"gamma": 831.085930213612, "log10_alpha": -4.8494926567702805, "log10_colsample_bytree": -0.23849961603452274, "log10_eta": -3.175002757524324, "log10_lambda": 0.12606754328474779, "log10_min_child_weight": 2.7744408484463694, "log10_subsample": -0.33459085043751224, "max_depth": 9.0, "num_boost_round": 11.0}, "datetime": {"datetime": "2024-01-19 01:01:59", "elapsed": 3039.420842, "delta": 0.003039}}
{"target": -13.758471817474293, "params": {"gamma": 831.085930213612, "log10_alpha": -4.8494926567702805, "log10_colsample_bytree": -0.23849961603452274, "log10_eta": -3.175002757524324, "log10_lambda": 0.12606754328474779, "log10_min_child_weight": 2.7744408484463694, "log10_subsample": -0.33459085043751224, "max_depth": 9.0, "num_boost_round": 12.0}, "datetime": {"datetime": "2024-01-19 01:01:59", "elapsed": 3039.424104, "delta": 0.003262}}
{"target": -13.75848240639332, "params": {"gamma": 831.085930213612, "log10_alpha": -4.8494926567702805, "log10_colsample_bytree": -0.23849961603452274, "log10_eta": -3.175002757524324, "log10_lambda": 0.12606754328474779, "log10_min_child_weight": 2.7744408484463694, "log10_subsample": -0.33459085043751224, "max_depth": 9.0, "num_boost_round": 13.0}, "datetime": {"datetime": "2024-01-19 01:01:59", "elapsed": 3039.427225, "delta": 0.003121}}
{"target": -13.758479312033534, "params": {"gamma": 831.085930213612, "log10_alpha": -4.8494926567702805, "log10_colsample_bytree": -0.23849961603452274, "log10_eta": -3.175002757524324, "log10_lambda": 0.12606754328474779, "log10_min_child_weight": 2.7744408484463694, "log10_subsample": -0.33459085043751224, "max_depth": 9.0, "num_boost_round": 14.0}, "datetime": {"datetime": "2024-01-19 01:01:59", "elapsed": 3039.430218, "delta": 0.002993}}
{"target": -13.758442338671012, "params": {"gamma": 831.085930213612, "log10_alpha": -4.8494926567702805, "log10_colsample_bytree": -0.23849961603452274, "log10_eta": -3.175002757524324, "log10_lambda": 0.12606754328474779, "log10_min_child_weight": 2.7744408484463694, "log10_subsample": -0.33459085043751224, "max_depth": 9.0, "num_boost_round": 15.0}, "datetime": {"datetime": "2024-01-19 01:01:59", "elapsed": 3039.433282, "delta": 0.003064}}
{"target": -13.758432708881204, "params": {"gamma": 831.085930213612, "log10_alpha": -4.8494926567702805, "log10_colsample_bytree": -0.23849961603452274, "log10_eta": -3.175002757524324, "log10_lambda": 0.12606754328474779, "log10_min_child_weight": 2.7744408484463694, "log10_subsample": -0.33459085043751224, "max_depth": 9.0, "num_boost_round": 16.0}, "datetime": {"datetime": "2024-01-19 01:01:59", "elapsed": 3039.436179, "delta": 0.002897}}
{"target": -13.758413207779581, "params": {"gamma": 831.085930213612, "log10_alpha": -4.8494926567702805, "log10_colsample_bytree": -0.23849961603452274, "log10_eta": -3.175002757524324, "log10_lambda": 0.12606754328474779, "log10_min_child_weight": 2.7744408484463694, "log10_subsample": -0.33459085043751224, "max_depth": 9.0, "num_boost_round": 17.0}, "datetime": {"datetime": "2024-01-19 01:01:59", "elapsed": 3039.43915, "delta": 0.002971}}
{"target": -13.758530276748745, "params": {"gamma": 865.0609869304632, "log10_alpha": -2.784734478681171, "log10_colsample_bytree": -0.6686678514991484, "log10_eta": -3.5195701197455715, "log10_lambda": -0.6688479208432021, "log10_min_child_weight": 1.4936169362795892, "log10_subsample": -0.590799959366103, "max_depth": 8.0, "num_boost_round": 0.0}, "datetime": {"datetime": "2024-01-19 01:02:30", "elapsed": 3070.434896, "delta": 30.995746}}
{"target": -13.75850172323271, "params": {"gamma": 865.0609869304632, "log10_alpha": -2.784734478681171, "log10_colsample_bytree": -0.6686678514991484, "log10_eta": -3.5195701197455715, "log10_lambda": -0.6688479208432021, "log10_min_child_weight": 1.4936169362795892, "log10_subsample": -0.590799959366103, "max_depth": 8.0, "num_boost_round": 1.0}, "datetime": {"datetime": "2024-01-19 01:02:30", "elapsed": 3070.438874, "delta": 0.003978}}
{"target": -13.75848223892595, "params": {"gamma": 865.0609869304632, "log10_alpha": -2.784734478681171, "log10_colsample_bytree": -0.6686678514991484, "log10_eta": -3.5195701197455715, "log10_lambda": -0.6688479208432021, "log10_min_child_weight": 1.4936169362795892, "log10_subsample": -0.590799959366103, "max_depth": 8.0, "num_boost_round": 2.0}, "datetime": {"datetime": "2024-01-19 01:02:30", "elapsed": 3070.442238, "delta": 0.003364}}
{"target": -13.758459639228697, "params": {"gamma": 865.0609869304632, "log10_alpha": -2.784734478681171, "log10_colsample_bytree": -0.6686678514991484, "log10_eta": -3.5195701197455715, "log10_lambda": -0.6688479208432021, "log10_min_child_weight": 1.4936169362795892, "log10_subsample": -0.590799959366103, "max_depth": 8.0, "num_boost_round": 3.0}, "datetime": {"datetime": "2024-01-19 01:02:30", "elapsed": 3070.4453, "delta": 0.003062}}
{"target": -13.758441897136732, "params": {"gamma": 865.0609869304632, "log10_alpha": -2.784734478681171, "log10_colsample_bytree": -0.6686678514991484, "log10_eta": -3.5195701197455715, "log10_lambda": -0.6688479208432021, "log10_min_child_weight": 1.4936169362795892, "log10_subsample": -0.590799959366103, "max_depth": 8.0, "num_boost_round": 4.0}, "datetime": {"datetime": "2024-01-19 01:02:30", "elapsed": 3070.448279, "delta": 0.002979}}
{"target": -13.758423893886414, "params": {"gamma": 865.0609869304632, "log10_alpha": -2.784734478681171, "log10_colsample_bytree": -0.6686678514991484, "log10_eta": -3.5195701197455715, "log10_lambda": -0.6688479208432021, "log10_min_child_weight": 1.4936169362795892, "log10_subsample": -0.590799959366103, "max_depth": 8.0, "num_boost_round": 5.0}, "datetime": {"datetime": "2024-01-19 01:02:30", "elapsed": 3070.451298, "delta": 0.003019}}
{"target": -13.758423565230467, "params": {"gamma": 865.0609869304632, "log10_alpha": -2.784734478681171, "log10_colsample_bytree": -0.6686678514991484, "log10_eta": -3.5195701197455715, "log10_lambda": -0.6688479208432021, "log10_min_child_weight": 1.4936169362795892, "log10_subsample": -0.590799959366103, "max_depth": 8.0, "num_boost_round": 6.0}, "datetime": {"datetime": "2024-01-19 01:02:30", "elapsed": 3070.454519, "delta": 0.003221}}
{"target": -13.758415024758396, "params": {"gamma": 865.0609869304632, "log10_alpha": -2.784734478681171, "log10_colsample_bytree": -0.6686678514991484, "log10_eta": -3.5195701197455715, "log10_lambda": -0.6688479208432021, "log10_min_child_weight": 1.4936169362795892, "log10_subsample": -0.590799959366103, "max_depth": 8.0, "num_boost_round": 7.0}, "datetime": {"datetime": "2024-01-19 01:02:30", "elapsed": 3070.457417, "delta": 0.002898}}
{"target": -13.758405380929073, "params": {"gamma": 865.0609869304632, "log10_alpha": -2.784734478681171, "log10_colsample_bytree": -0.6686678514991484, "log10_eta": -3.5195701197455715, "log10_lambda": -0.6688479208432021, "log10_min_child_weight": 1.4936169362795892, "log10_subsample": -0.590799959366103, "max_depth": 8.0, "num_boost_round": 8.0}, "datetime": {"datetime": "2024-01-19 01:02:30", "elapsed": 3070.460651, "delta": 0.003234}}
{"target": -13.758390326073876, "params": {"gamma": 865.0609869304632, "log10_alpha": -2.784734478681171, "log10_colsample_bytree": -0.6686678514991484, "log10_eta": -3.5195701197455715, "log10_lambda": -0.6688479208432021, "log10_min_child_weight": 1.4936169362795892, "log10_subsample": -0.590799959366103, "max_depth": 8.0, "num_boost_round": 9.0}, "datetime": {"datetime": "2024-01-19 01:02:30", "elapsed": 3070.463656, "delta": 0.003005}}
{"target": -13.758375236063976, "params": {"gamma": 865.0609869304632, "log10_alpha": -2.784734478681171, "log10_colsample_bytree": -0.6686678514991484, "log10_eta": -3.5195701197455715, "log10_lambda": -0.6688479208432021, "log10_min_child_weight": 1.4936169362795892, "log10_subsample": -0.590799959366103, "max_depth": 8.0, "num_boost_round": 10.0}, "datetime": {"datetime": "2024-01-19 01:02:30", "elapsed": 3070.466592, "delta": 0.002936}}
{"target": -13.758366420674063, "params": {"gamma": 865.0609869304632, "log10_alpha": -2.784734478681171, "log10_colsample_bytree": -0.6686678514991484, "log10_eta": -3.5195701197455715, "log10_lambda": -0.6688479208432021, "log10_min_child_weight": 1.4936169362795892, "log10_subsample": -0.590799959366103, "max_depth": 8.0, "num_boost_round": 11.0}, "datetime": {"datetime": "2024-01-19 01:02:30", "elapsed": 3070.469588, "delta": 0.002996}}
{"target": -13.758363144479732, "params": {"gamma": 865.0609869304632, "log10_alpha": -2.784734478681171, "log10_colsample_bytree": -0.6686678514991484, "log10_eta": -3.5195701197455715, "log10_lambda": -0.6688479208432021, "log10_min_child_weight": 1.4936169362795892, "log10_subsample": -0.590799959366103, "max_depth": 8.0, "num_boost_round": 12.0}, "datetime": {"datetime": "2024-01-19 01:02:30", "elapsed": 3070.472556, "delta": 0.002968}}
{"target": -13.758356568801593, "params": {"gamma": 865.0609869304632, "log10_alpha": -2.784734478681171, "log10_colsample_bytree": -0.6686678514991484, "log10_eta": -3.5195701197455715, "log10_lambda": -0.6688479208432021, "log10_min_child_weight": 1.4936169362795892, "log10_subsample": -0.590799959366103, "max_depth": 8.0, "num_boost_round": 13.0}, "datetime": {"datetime": "2024-01-19 01:02:30", "elapsed": 3070.475816, "delta": 0.00326}}
{"target": -13.75835874134526, "params": {"gamma": 865.0609869304632, "log10_alpha": -2.784734478681171, "log10_colsample_bytree": -0.6686678514991484, "log10_eta": -3.5195701197455715, "log10_lambda": -0.6688479208432021, "log10_min_child_weight": 1.4936169362795892, "log10_subsample": -0.590799959366103, "max_depth": 8.0, "num_boost_round": 14.0}, "datetime": {"datetime": "2024-01-19 01:02:30", "elapsed": 3070.479005, "delta": 0.003189}}
{"target": -13.758334316231299, "params": {"gamma": 865.0609869304632, "log10_alpha": -2.784734478681171, "log10_colsample_bytree": -0.6686678514991484, "log10_eta": -3.5195701197455715, "log10_lambda": -0.6688479208432021, "log10_min_child_weight": 1.4936169362795892, "log10_subsample": -0.590799959366103, "max_depth": 8.0, "num_boost_round": 15.0}, "datetime": {"datetime": "2024-01-19 01:02:30", "elapsed": 3070.482122, "delta": 0.003117}}
{"target": -13.79026030077307, "params": {"gamma": 823.8994704941604, "log10_alpha": -4.919046516854797, "log10_colsample_bytree": -0.0011936321843302178, "log10_eta": -0.4989995301849035, "log10_lambda": -4.644143012866694, "log10_min_child_weight": 2.015537480561256, "log10_subsample": -0.8949032685869128, "max_depth": 8.0, "num_boost_round": 0.0}, "datetime": {"datetime": "2024-01-19 01:03:07", "elapsed": 3107.397989, "delta": 36.915867}}
{"target": -13.849591223517, "params": {"gamma": 823.8994704941604, "log10_alpha": -4.919046516854797, "log10_colsample_bytree": -0.0011936321843302178, "log10_eta": -0.4989995301849035, "log10_lambda": -4.644143012866694, "log10_min_child_weight": 2.015537480561256, "log10_subsample": -0.8949032685869128, "max_depth": 8.0, "num_boost_round": 1.0}, "datetime": {"datetime": "2024-01-19 01:03:07", "elapsed": 3107.401648, "delta": 0.003659}}
{"target": -13.871101646513601, "params": {"gamma": 823.8994704941604, "log10_alpha": -4.919046516854797, "log10_colsample_bytree": -0.0011936321843302178, "log10_eta": -0.4989995301849035, "log10_lambda": -4.644143012866694, "log10_min_child_weight": 2.015537480561256, "log10_subsample": -0.8949032685869128, "max_depth": 8.0, "num_boost_round": 2.0}, "datetime": {"datetime": "2024-01-19 01:03:07", "elapsed": 3107.405298, "delta": 0.00365}}
{"target": -13.943823302242436, "params": {"gamma": 823.8994704941604, "log10_alpha": -4.919046516854797, "log10_colsample_bytree": -0.0011936321843302178, "log10_eta": -0.4989995301849035, "log10_lambda": -4.644143012866694, "log10_min_child_weight": 2.015537480561256, "log10_subsample": -0.8949032685869128, "max_depth": 8.0, "num_boost_round": 3.0}, "datetime": {"datetime": "2024-01-19 01:03:07", "elapsed": 3107.408372, "delta": 0.003074}}
{"target": -13.978297079989844, "params": {"gamma": 823.8994704941604, "log10_alpha": -4.919046516854797, "log10_colsample_bytree": -0.0011936321843302178, "log10_eta": -0.4989995301849035, "log10_lambda": -4.644143012866694, "log10_min_child_weight": 2.015537480561256, "log10_subsample": -0.8949032685869128, "max_depth": 8.0, "num_boost_round": 4.0}, "datetime": {"datetime": "2024-01-19 01:03:07", "elapsed": 3107.411285, "delta": 0.002913}}
{"target": -14.009212446654448, "params": {"gamma": 823.8994704941604, "log10_alpha": -4.919046516854797, "log10_colsample_bytree": -0.0011936321843302178, "log10_eta": -0.4989995301849035, "log10_lambda": -4.644143012866694, "log10_min_child_weight": 2.015537480561256, "log10_subsample": -0.8949032685869128, "max_depth": 8.0, "num_boost_round": 5.0}, "datetime": {"datetime": "2024-01-19 01:03:07", "elapsed": 3107.414343, "delta": 0.003058}}
{"target": -14.043365994023908, "params": {"gamma": 823.8994704941604, "log10_alpha": -4.919046516854797, "log10_colsample_bytree": -0.0011936321843302178, "log10_eta": -0.4989995301849035, "log10_lambda": -4.644143012866694, "log10_min_child_weight": 2.015537480561256, "log10_subsample": -0.8949032685869128, "max_depth": 8.0, "num_boost_round": 6.0}, "datetime": {"datetime": "2024-01-19 01:03:07", "elapsed": 3107.417262, "delta": 0.002919}}
{"target": -14.066771349647086, "params": {"gamma": 823.8994704941604, "log10_alpha": -4.919046516854797, "log10_colsample_bytree": -0.0011936321843302178, "log10_eta": -0.4989995301849035, "log10_lambda": -4.644143012866694, "log10_min_child_weight": 2.015537480561256, "log10_subsample": -0.8949032685869128, "max_depth": 8.0, "num_boost_round": 7.0}, "datetime": {"datetime": "2024-01-19 01:03:07", "elapsed": 3107.4204, "delta": 0.003138}}
{"target": -14.095947926677763, "params": {"gamma": 823.8994704941604, "log10_alpha": -4.919046516854797, "log10_colsample_bytree": -0.0011936321843302178, "log10_eta": -0.4989995301849035, "log10_lambda": -4.644143012866694, "log10_min_child_weight": 2.015537480561256, "log10_subsample": -0.8949032685869128, "max_depth": 8.0, "num_boost_round": 8.0}, "datetime": {"datetime": "2024-01-19 01:03:07", "elapsed": 3107.423496, "delta": 0.003096}}
{"target": -14.158426211232712, "params": {"gamma": 823.8994704941604, "log10_alpha": -4.919046516854797, "log10_colsample_bytree": -0.0011936321843302178, "log10_eta": -0.4989995301849035, "log10_lambda": -4.644143012866694, "log10_min_child_weight": 2.015537480561256, "log10_subsample": -0.8949032685869128, "max_depth": 8.0, "num_boost_round": 9.0}, "datetime": {"datetime": "2024-01-19 01:03:07", "elapsed": 3107.42644, "delta": 0.002944}}
{"target": -14.187583814813252, "params": {"gamma": 823.8994704941604, "log10_alpha": -4.919046516854797, "log10_colsample_bytree": -0.0011936321843302178, "log10_eta": -0.4989995301849035, "log10_lambda": -4.644143012866694, "log10_min_child_weight": 2.015537480561256, "log10_subsample": -0.8949032685869128, "max_depth": 8.0, "num_boost_round": 10.0}, "datetime": {"datetime": "2024-01-19 01:03:07", "elapsed": 3107.429305, "delta": 0.002865}}
{"target": -14.19965181793895, "params": {"gamma": 823.8994704941604, "log10_alpha": -4.919046516854797, "log10_colsample_bytree": -0.0011936321843302178, "log10_eta": -0.4989995301849035, "log10_lambda": -4.644143012866694, "log10_min_child_weight": 2.015537480561256, "log10_subsample": -0.8949032685869128, "max_depth": 8.0, "num_boost_round": 11.0}, "datetime": {"datetime": "2024-01-19 01:03:07", "elapsed": 3107.432286, "delta": 0.002981}}
{"target": -13.758825315328519, "params": {"gamma": 904.2589039600175, "log10_alpha": -0.016220526876815633, "log10_colsample_bytree": -0.618302449277958, "log10_eta": -0.027915444536902534, "log10_lambda": -1.1436787054489899, "log10_min_child_weight": 4.434848318902838, "log10_subsample": -0.8542225751707972, "max_depth": 4.0, "num_boost_round": 0.0}, "datetime": {"datetime": "2024-01-19 01:03:34", "elapsed": 3134.376243, "delta": 26.943957}}
{"target": -13.763848852553222, "params": {"gamma": 904.2589039600175, "log10_alpha": -0.016220526876815633, "log10_colsample_bytree": -0.618302449277958, "log10_eta": -0.027915444536902534, "log10_lambda": -1.1436787054489899, "log10_min_child_weight": 4.434848318902838, "log10_subsample": -0.8542225751707972, "max_depth": 4.0, "num_boost_round": 1.0}, "datetime": {"datetime": "2024-01-19 01:03:34", "elapsed": 3134.380011, "delta": 0.003768}}
{"target": -13.772497564345347, "params": {"gamma": 904.2589039600175, "log10_alpha": -0.016220526876815633, "log10_colsample_bytree": -0.618302449277958, "log10_eta": -0.027915444536902534, "log10_lambda": -1.1436787054489899, "log10_min_child_weight": 4.434848318902838, "log10_subsample": -0.8542225751707972, "max_depth": 4.0, "num_boost_round": 2.0}, "datetime": {"datetime": "2024-01-19 01:03:34", "elapsed": 3134.383017, "delta": 0.003006}}
{"target": -13.77288996002362, "params": {"gamma": 904.2589039600175, "log10_alpha": -0.016220526876815633, "log10_colsample_bytree": -0.618302449277958, "log10_eta": -0.027915444536902534, "log10_lambda": -1.1436787054489899, "log10_min_child_weight": 4.434848318902838, "log10_subsample": -0.8542225751707972, "max_depth": 4.0, "num_boost_round": 3.0}, "datetime": {"datetime": "2024-01-19 01:03:34", "elapsed": 3134.385897, "delta": 0.00288}}
{"target": -13.781113093777922, "params": {"gamma": 904.2589039600175, "log10_alpha": -0.016220526876815633, "log10_colsample_bytree": -0.618302449277958, "log10_eta": -0.027915444536902534, "log10_lambda": -1.1436787054489899, "log10_min_child_weight": 4.434848318902838, "log10_subsample": -0.8542225751707972, "max_depth": 4.0, "num_boost_round": 4.0}, "datetime": {"datetime": "2024-01-19 01:03:34", "elapsed": 3134.388768, "delta": 0.002871}}
{"target": -13.790349984488799, "params": {"gamma": 904.2589039600175, "log10_alpha": -0.016220526876815633, "log10_colsample_bytree": -0.618302449277958, "log10_eta": -0.027915444536902534, "log10_lambda": -1.1436787054489899, "log10_min_child_weight": 4.434848318902838, "log10_subsample": -0.8542225751707972, "max_depth": 4.0, "num_boost_round": 5.0}, "datetime": {"datetime": "2024-01-19 01:03:34", "elapsed": 3134.391712, "delta": 0.002944}}
{"target": -13.802103473522982, "params": {"gamma": 904.2589039600175, "log10_alpha": -0.016220526876815633, "log10_colsample_bytree": -0.618302449277958, "log10_eta": -0.027915444536902534, "log10_lambda": -1.1436787054489899, "log10_min_child_weight": 4.434848318902838, "log10_subsample": -0.8542225751707972, "max_depth": 4.0, "num_boost_round": 6.0}, "datetime": {"datetime": "2024-01-19 01:03:34", "elapsed": 3134.394583, "delta": 0.002871}}
{"target": -13.801968745023164, "params": {"gamma": 904.2589039600175, "log10_alpha": -0.016220526876815633, "log10_colsample_bytree": -0.618302449277958, "log10_eta": -0.027915444536902534, "log10_lambda": -1.1436787054489899, "log10_min_child_weight": 4.434848318902838, "log10_subsample": -0.8542225751707972, "max_depth": 4.0, "num_boost_round": 7.0}, "datetime": {"datetime": "2024-01-19 01:03:34", "elapsed": 3134.397522, "delta": 0.002939}}
