{"target": -13.758506716913772, "params": {"gamma": 876.2185761853617, "log10_alpha": -2.240425066381965, "log10_colsample_bytree": -0.997310465260201, "log10_eta": -3.9845421883736534, "log10_lambda": -1.6512398336575669, "log10_min_child_weight": 1.0229798892274093, "log10_subsample": -0.8275090446588739, "max_depth": 6.0, "num_boost_round": 19.0}, "datetime": {"datetime": "2024-01-19 01:55:48", "elapsed": 6252.862481, "delta": 0.006383}}
{"target": -13.758506059905676, "params": {"gamma": 876.2185761853617, "log10_alpha": -2.240425066381965, "log10_colsample_bytree": -0.997310465260201, "log10_eta": -3.9845421883736534, "log10_lambda": -1.6512398336575669, "log10_min_child_weight": 1.0229798892274093, "log10_subsample": -0.8275090446588739, "max_depth": 6.0, "num_boost_round": 20.0}, "datetime": {"datetime": "2024-01-19 01:55:48", "elapsed": 6252.868623, "delta": 0.006142}}
{"target": -13.758502213594625, "params": {"gamma": 876.2185761853617, "log10_alpha": -2.240425066381965, "log10_colsample_bytree": -0.997310465260201, "log10_eta": -3.9845421883736534, "log10_lambda": -1.6512398336575669, "log10_min_child_weight": 1.0229798892274093, "log10_subsample": -0.8275090446588739, "max_depth": 6.0, "num_boost_round": 21.0}, "datetime": {"datetime": "2024-01-19 01:55:48", "elapsed": 6252.875152, "delta": 0.006529}}
{"target": -13.758497810027654, "params": {"gamma": 876.2185761853617, "log10_alpha": -2.240425066381965, "log10_colsample_bytree": -0.997310465260201, "log10_eta": -3.9845421883736534, "log10_lambda": -1.6512398336575669, "log10_min_child_weight": 1.0229798892274093, "log10_subsample": -0.8275090446588739, "max_depth": 6.0, "num_boost_round": 22.0}, "datetime": {"datetime": "2024-01-19 01:55:48", "elapsed": 6252.881484, "delta": 0.006332}}
{"target": -13.75849781053812, "params": {"gamma": 876.2185761853617, "log10_alpha": -2.240425066381965, "log10_colsample_bytree": -0.997310465260201, "log10_eta": -3.9845421883736534, "log10_lambda": -1.6512398336575669, "log10_min_child_weight": 1.0229798892274093, "log10_subsample": -0.8275090446588739, "max_depth": 6.0, "num_boost_round": 23.0}, "datetime": {"datetime": "2024-01-19 01:55:48", "elapsed": 6252.887661, "delta": 0.006177}}
{"target": -13.758498310256147, "params": {"gamma": 876.2185761853617, "log10_alpha": -2.240425066381965, "log10_colsample_bytree": -0.997310465260201, "log10_eta": -3.9845421883736534, "log10_lambda": -1.6512398336575669, "log10_min_child_weight": 1.0229798892274093, "log10_subsample": -0.8275090446588739, "max_depth": 6.0, "num_boost_round": 24.0}, "datetime": {"datetime": "2024-01-19 01:55:48", "elapsed": 6252.893995, "delta": 0.006334}}
{"target": -13.758496006808096, "params": {"gamma": 876.2185761853617, "log10_alpha": -2.240425066381965, "log10_colsample_bytree": -0.997310465260201, "log10_eta": -3.9845421883736534, "log10_lambda": -1.6512398336575669, "log10_min_child_weight": 1.0229798892274093, "log10_subsample": -0.8275090446588739, "max_depth": 6.0, "num_boost_round": 25.0}, "datetime": {"datetime": "2024-01-19 01:55:48", "elapsed": 6252.900259, "delta": 0.006264}}
{"target": -13.758495950479444, "params": {"gamma": 876.2185761853617, "log10_alpha": -2.240425066381965, "log10_colsample_bytree": -0.997310465260201, "log10_eta": -3.9845421883736534, "log10_lambda": -1.6512398336575669, "log10_min_child_weight": 1.0229798892274093, "log10_subsample": -0.8275090446588739, "max_depth": 6.0, "num_boost_round": 26.0}, "datetime": {"datetime": "2024-01-19 01:55:48", "elapsed": 6252.906558, "delta": 0.006299}}
{"target": -13.75849612951137, "params": {"gamma": 876.2185761853617, "log10_alpha": -2.240425066381965, "log10_colsample_bytree": -0.997310465260201, "log10_eta": -3.9845421883736534, "log10_lambda": -1.6512398336575669, "log10_min_child_weight": 1.0229798892274093, "log10_subsample": -0.8275090446588739, "max_depth": 6.0, "num_boost_round": 27.0}, "datetime": {"datetime": "2024-01-19 01:55:48", "elapsed": 6252.91318, "delta": 0.006622}}
{"target": -13.758494631773454, "params": {"gamma": 876.2185761853617, "log10_alpha": -2.240425066381965, "log10_colsample_bytree": -0.997310465260201, "log10_eta": -3.9845421883736534, "log10_lambda": -1.6512398336575669, "log10_min_child_weight": 1.0229798892274093, "log10_subsample": -0.8275090446588739, "max_depth": 6.0, "num_boost_round": 28.0}, "datetime": {"datetime": "2024-01-19 01:55:48", "elapsed": 6252.919727, "delta": 0.006547}}
{"target": -13.7584911403899, "params": {"gamma": 876.2185761853617, "log10_alpha": -2.240425066381965, "log10_colsample_bytree": -0.997310465260201, "log10_eta": -3.9845421883736534, "log10_lambda": -1.6512398336575669, "log10_min_child_weight": 1.0229798892274093, "log10_subsample": -0.8275090446588739, "max_depth": 6.0, "num_boost_round": 29.0}, "datetime": {"datetime": "2024-01-19 01:55:48", "elapsed": 6252.925964, "delta": 0.006237}}
{"target": -13.758492362277988, "params": {"gamma": 876.2185761853617, "log10_alpha": -2.240425066381965, "log10_colsample_bytree": -0.997310465260201, "log10_eta": -3.9845421883736534, "log10_lambda": -1.6512398336575669, "log10_min_child_weight": 1.0229798892274093, "log10_subsample": -0.8275090446588739, "max_depth": 6.0, "num_boost_round": 30.0}, "datetime": {"datetime": "2024-01-19 01:55:48", "elapsed": 6252.932681, "delta": 0.006717}}
{"target": -13.75849019901118, "params": {"gamma": 876.2185761853617, "log10_alpha": -2.240425066381965, "log10_colsample_bytree": -0.997310465260201, "log10_eta": -3.9845421883736534, "log10_lambda": -1.6512398336575669, "log10_min_child_weight": 1.0229798892274093, "log10_subsample": -0.8275090446588739, "max_depth": 6.0, "num_boost_round": 31.0}, "datetime": {"datetime": "2024-01-19 01:55:48", "elapsed": 6252.939381, "delta": 0.0067}}
{"target": -13.758485926173849, "params": {"gamma": 876.2185761853617, "log10_alpha": -2.240425066381965, "log10_colsample_bytree": -0.997310465260201, "log10_eta": -3.9845421883736534, "log10_lambda": -1.6512398336575669, "log10_min_child_weight": 1.0229798892274093, "log10_subsample": -0.8275090446588739, "max_depth": 6.0, "num_boost_round": 32.0}, "datetime": {"datetime": "2024-01-19 01:55:48", "elapsed": 6252.946361, "delta": 0.00698}}
{"target": -13.758483690164946, "params": {"gamma": 876.2185761853617, "log10_alpha": -2.240425066381965, "log10_colsample_bytree": -0.997310465260201, "log10_eta": -3.9845421883736534, "log10_lambda": -1.6512398336575669, "log10_min_child_weight": 1.0229798892274093, "log10_subsample": -0.8275090446588739, "max_depth": 6.0, "num_boost_round": 33.0}, "datetime": {"datetime": "2024-01-19 01:55:48", "elapsed": 6252.953729, "delta": 0.007368}}
{"target": -13.758479728578596, "params": {"gamma": 876.2185761853617, "log10_alpha": -2.240425066381965, "log10_colsample_bytree": -0.997310465260201, "log10_eta": -3.9845421883736534, "log10_lambda": -1.6512398336575669, "log10_min_child_weight": 1.0229798892274093, "log10_subsample": -0.8275090446588739, "max_depth": 6.0, "num_boost_round": 34.0}, "datetime": {"datetime": "2024-01-19 01:55:48", "elapsed": 6252.960281, "delta": 0.006552}}
{"target": -13.758481555692043, "params": {"gamma": 876.2185761853617, "log10_alpha": -2.240425066381965, "log10_colsample_bytree": -0.997310465260201, "log10_eta": -3.9845421883736534, "log10_lambda": -1.6512398336575669, "log10_min_child_weight": 1.0229798892274093, "log10_subsample": -0.8275090446588739, "max_depth": 6.0, "num_boost_round": 35.0}, "datetime": {"datetime": "2024-01-19 01:55:48", "elapsed": 6252.966577, "delta": 0.006296}}
{"target": -13.758479766454904, "params": {"gamma": 876.2185761853617, "log10_alpha": -2.240425066381965, "log10_colsample_bytree": -0.997310465260201, "log10_eta": -3.9845421883736534, "log10_lambda": -1.6512398336575669, "log10_min_child_weight": 1.0229798892274093, "log10_subsample": -0.8275090446588739, "max_depth": 6.0, "num_boost_round": 36.0}, "datetime": {"datetime": "2024-01-19 01:55:48", "elapsed": 6252.972806, "delta": 0.006229}}
{"target": -13.758474984248249, "params": {"gamma": 876.2185761853617, "log10_alpha": -2.240425066381965, "log10_colsample_bytree": -0.997310465260201, "log10_eta": -3.9845421883736534, "log10_lambda": -1.6512398336575669, "log10_min_child_weight": 1.0229798892274093, "log10_subsample": -0.8275090446588739, "max_depth": 6.0, "num_boost_round": 37.0}, "datetime": {"datetime": "2024-01-19 01:55:48", "elapsed": 6252.979053, "delta": 0.006247}}
{"target": -13.75847416953324, "params": {"gamma": 876.2185761853617, "log10_alpha": -2.240425066381965, "log10_colsample_bytree": -0.997310465260201, "log10_eta": -3.9845421883736534, "log10_lambda": -1.6512398336575669, "log10_min_child_weight": 1.0229798892274093, "log10_subsample": -0.8275090446588739, "max_depth": 6.0, "num_boost_round": 38.0}, "datetime": {"datetime": "2024-01-19 01:55:48", "elapsed": 6252.985437, "delta": 0.006384}}
{"target": -13.75847457486383, "params": {"gamma": 876.2185761853617, "log10_alpha": -2.240425066381965, "log10_colsample_bytree": -0.997310465260201, "log10_eta": -3.9845421883736534, "log10_lambda": -1.6512398336575669, "log10_min_child_weight": 1.0229798892274093, "log10_subsample": -0.8275090446588739, "max_depth": 6.0, "num_boost_round": 39.0}, "datetime": {"datetime": "2024-01-19 01:55:48", "elapsed": 6252.991889, "delta": 0.006452}}
{"target": -13.758499957608128, "params": {"gamma": 796.8847264381887, "log10_alpha": 0.9763259941629601, "log10_colsample_bytree": -0.8347192375186265, "log10_eta": -1.7513711782319237, "log10_lambda": -4.845464577102723, "log10_min_child_weight": 4.720592108458229, "log10_subsample": -0.5125643420946051, "max_depth": 8.0, "num_boost_round": 0.0}, "datetime": {"datetime": "2024-01-19 01:57:04", "elapsed": 6328.994231, "delta": 76.002342}}
{"target": -13.758380463164299, "params": {"gamma": 796.8847264381887, "log10_alpha": 0.9763259941629601, "log10_colsample_bytree": -0.8347192375186265, "log10_eta": -1.7513711782319237, "log10_lambda": -4.845464577102723, "log10_min_child_weight": 4.720592108458229, "log10_subsample": -0.5125643420946051, "max_depth": 8.0, "num_boost_round": 1.0}, "datetime": {"datetime": "2024-01-19 01:57:04", "elapsed": 6329.002366, "delta": 0.008135}}
{"target": -13.758366308377962, "params": {"gamma": 796.8847264381887, "log10_alpha": 0.9763259941629601, "log10_colsample_bytree": -0.8347192375186265, "log10_eta": -1.7513711782319237, "log10_lambda": -4.845464577102723, "log10_min_child_weight": 4.720592108458229, "log10_subsample": -0.5125643420946051, "max_depth": 8.0, "num_boost_round": 2.0}, "datetime": {"datetime": "2024-01-19 01:57:04", "elapsed": 6329.009195, "delta": 0.006829}}
{"target": -13.758369832388189, "params": {"gamma": 796.8847264381887, "log10_alpha": 0.9763259941629601, "log10_colsample_bytree": -0.8347192375186265, "log10_eta": -1.7513711782319237, "log10_lambda": -4.845464577102723, "log10_min_child_weight": 4.720592108458229, "log10_subsample": -0.5125643420946051, "max_depth": 8.0, "num_boost_round": 3.0}, "datetime": {"datetime": "2024-01-19 01:57:04", "elapsed": 6329.016075, "delta": 0.00688}}
{"target": -13.758370809131085, "params": {"gamma": 796.8847264381887, "log10_alpha": 0.9763259941629601, "log10_colsample_bytree": -0.8347192375186265, "log10_eta": -1.7513711782319237, "log10_lambda": -4.845464577102723, "log10_min_child_weight": 4.720592108458229, "log10_subsample": -0.5125643420946051, "max_depth": 8.0, "num_boost_round": 4.0}, "datetime": {"datetime": "2024-01-19 01:57:04", "elapsed": 6329.022823, "delta": 0.006748}}
{"target": -13.758296858018007, "params": {"gamma": 796.8847264381887, "log10_alpha": 0.9763259941629601, "log10_colsample_bytree": -0.8347192375186265, "log10_eta": -1.7513711782319237, "log10_lambda": -4.845464577102723, "log10_min_child_weight": 4.720592108458229, "log10_subsample": -0.5125643420946051, "max_depth": 8.0, "num_boost_round": 5.0}, "datetime": {"datetime": "2024-01-19 01:57:04", "elapsed": 6329.029206, "delta": 0.006383}}
{"target": -13.75833162649259, "params": {"gamma": 796.8847264381887, "log10_alpha": 0.9763259941629601, "log10_colsample_bytree": -0.8347192375186265, "log10_eta": -1.7513711782319237, "log10_lambda": -4.845464577102723, "log10_min_child_weight": 4.720592108458229, "log10_subsample": -0.5125643420946051, "max_depth": 8.0, "num_boost_round": 6.0}, "datetime": {"datetime": "2024-01-19 01:57:04", "elapsed": 6329.035827, "delta": 0.006621}}
{"target": -13.758293119948585, "params": {"gamma": 796.8847264381887, "log10_alpha": 0.9763259941629601, "log10_colsample_bytree": -0.8347192375186265, "log10_eta": -1.7513711782319237, "log10_lambda": -4.845464577102723, "log10_min_child_weight": 4.720592108458229, "log10_subsample": -0.5125643420946051, "max_depth": 8.0, "num_boost_round": 7.0}, "datetime": {"datetime": "2024-01-19 01:57:04", "elapsed": 6329.042345, "delta": 0.006518}}
{"target": -13.758296409234923, "params": {"gamma": 796.8847264381887, "log10_alpha": 0.9763259941629601, "log10_colsample_bytree": -0.8347192375186265, "log10_eta": -1.7513711782319237, "log10_lambda": -4.845464577102723, "log10_min_child_weight": 4.720592108458229, "log10_subsample": -0.5125643420946051, "max_depth": 8.0, "num_boost_round": 8.0}, "datetime": {"datetime": "2024-01-19 01:57:04", "elapsed": 6329.048954, "delta": 0.006609}}
{"target": -13.758317588166225, "params": {"gamma": 796.8847264381887, "log10_alpha": 0.9763259941629601, "log10_colsample_bytree": -0.8347192375186265, "log10_eta": -1.7513711782319237, "log10_lambda": -4.845464577102723, "log10_min_child_weight": 4.720592108458229, "log10_subsample": -0.5125643420946051, "max_depth": 8.0, "num_boost_round": 9.0}, "datetime": {"datetime": "2024-01-19 01:57:04", "elapsed": 6329.05572, "delta": 0.006766}}
{"target": -13.758226840837892, "params": {"gamma": 796.8847264381887, "log10_alpha": 0.9763259941629601, "log10_colsample_bytree": -0.8347192375186265, "log10_eta": -1.7513711782319237, "log10_lambda": -4.845464577102723, "log10_min_child_weight": 4.720592108458229, "log10_subsample": -0.5125643420946051, "max_depth": 8.0, "num_boost_round": 10.0}, "datetime": {"datetime": "2024-01-19 01:57:04", "elapsed": 6329.06232, "delta": 0.0066}}
{"target": -13.758171579447907, "params": {"gamma": 796.8847264381887, "log10_alpha": 0.9763259941629601, "log10_colsample_bytree": -0.8347192375186265, "log10_eta": -1.7513711782319237, "log10_lambda": -4.845464577102723, "log10_min_child_weight": 4.720592108458229, "log10_subsample": -0.5125643420946051, "max_depth": 8.0, "num_boost_round": 11.0}, "datetime": {"datetime": "2024-01-19 01:57:04", "elapsed": 6329.068841, "delta": 0.006521}}
{"target": -13.758194894644769, "params": {"gamma": 796.8847264381887, "log10_alpha": 0.9763259941629601, "log10_colsample_bytree": -0.8347192375186265, "log10_eta": -1.7513711782319237, "log10_lambda": -4.845464577102723, "log10_min_child_weight": 4.720592108458229, "log10_subsample": -0.5125643420946051, "max_depth": 8.0, "num_boost_round": 12.0}, "datetime": {"datetime": "2024-01-19 01:57:04", "elapsed": 6329.075305, "delta": 0.006464}}
{"target": -13.758170332530756, "params": {"gamma": 796.8847264381887, "log10_alpha": 0.9763259941629601, "log10_colsample_bytree": -0.8347192375186265, "log10_eta": -1.7513711782319237, "log10_lambda": -4.845464577102723, "log10_min_child_weight": 4.720592108458229, "log10_subsample": -0.5125643420946051, "max_depth": 8.0, "num_boost_round": 13.0}, "datetime": {"datetime": "2024-01-19 01:57:04", "elapsed": 6329.08158, "delta": 0.006275}}
{"target": -13.758164838215508, "params": {"gamma": 796.8847264381887, "log10_alpha": 0.9763259941629601, "log10_colsample_bytree": -0.8347192375186265, "log10_eta": -1.7513711782319237, "log10_lambda": -4.845464577102723, "log10_min_child_weight": 4.720592108458229, "log10_subsample": -0.5125643420946051, "max_depth": 8.0, "num_boost_round": 14.0}, "datetime": {"datetime": "2024-01-19 01:57:04", "elapsed": 6329.088011, "delta": 0.006431}}
{"target": -13.758064255215878, "params": {"gamma": 796.8847264381887, "log10_alpha": 0.9763259941629601, "log10_colsample_bytree": -0.8347192375186265, "log10_eta": -1.7513711782319237, "log10_lambda": -4.845464577102723, "log10_min_child_weight": 4.720592108458229, "log10_subsample": -0.5125643420946051, "max_depth": 8.0, "num_boost_round": 15.0}, "datetime": {"datetime": "2024-01-19 01:57:04", "elapsed": 6329.094606, "delta": 0.006595}}
{"target": -13.757989367759341, "params": {"gamma": 796.8847264381887, "log10_alpha": 0.9763259941629601, "log10_colsample_bytree": -0.8347192375186265, "log10_eta": -1.7513711782319237, "log10_lambda": -4.845464577102723, "log10_min_child_weight": 4.720592108458229, "log10_subsample": -0.5125643420946051, "max_depth": 8.0, "num_boost_round": 16.0}, "datetime": {"datetime": "2024-01-19 01:57:04", "elapsed": 6329.101088, "delta": 0.006482}}
{"target": -13.757945099092476, "params": {"gamma": 796.8847264381887, "log10_alpha": 0.9763259941629601, "log10_colsample_bytree": -0.8347192375186265, "log10_eta": -1.7513711782319237, "log10_lambda": -4.845464577102723, "log10_min_child_weight": 4.720592108458229, "log10_subsample": -0.5125643420946051, "max_depth": 8.0, "num_boost_round": 17.0}, "datetime": {"datetime": "2024-01-19 01:57:04", "elapsed": 6329.107537, "delta": 0.006449}}
{"target": -13.75790368647187, "params": {"gamma": 796.8847264381887, "log10_alpha": 0.9763259941629601, "log10_colsample_bytree": -0.8347192375186265, "log10_eta": -1.7513711782319237, "log10_lambda": -4.845464577102723, "log10_min_child_weight": 4.720592108458229, "log10_subsample": -0.5125643420946051, "max_depth": 8.0, "num_boost_round": 18.0}, "datetime": {"datetime": "2024-01-19 01:57:04", "elapsed": 6329.113915, "delta": 0.006378}}
{"target": -13.757943259228306, "params": {"gamma": 796.8847264381887, "log10_alpha": 0.9763259941629601, "log10_colsample_bytree": -0.8347192375186265, "log10_eta": -1.7513711782319237, "log10_lambda": -4.845464577102723, "log10_min_child_weight": 4.720592108458229, "log10_subsample": -0.5125643420946051, "max_depth": 8.0, "num_boost_round": 19.0}, "datetime": {"datetime": "2024-01-19 01:57:04", "elapsed": 6329.120115, "delta": 0.0062}}
{"target": -13.758000782309114, "params": {"gamma": 796.8847264381887, "log10_alpha": 0.9763259941629601, "log10_colsample_bytree": -0.8347192375186265, "log10_eta": -1.7513711782319237, "log10_lambda": -4.845464577102723, "log10_min_child_weight": 4.720592108458229, "log10_subsample": -0.5125643420946051, "max_depth": 8.0, "num_boost_round": 20.0}, "datetime": {"datetime": "2024-01-19 01:57:04", "elapsed": 6329.126343, "delta": 0.006228}}
{"target": -13.757946159720888, "params": {"gamma": 796.8847264381887, "log10_alpha": 0.9763259941629601, "log10_colsample_bytree": -0.8347192375186265, "log10_eta": -1.7513711782319237, "log10_lambda": -4.845464577102723, "log10_min_child_weight": 4.720592108458229, "log10_subsample": -0.5125643420946051, "max_depth": 8.0, "num_boost_round": 21.0}, "datetime": {"datetime": "2024-01-19 01:57:04", "elapsed": 6329.132872, "delta": 0.006529}}
{"target": -13.757976763982947, "params": {"gamma": 796.8847264381887, "log10_alpha": 0.9763259941629601, "log10_colsample_bytree": -0.8347192375186265, "log10_eta": -1.7513711782319237, "log10_lambda": -4.845464577102723, "log10_min_child_weight": 4.720592108458229, "log10_subsample": -0.5125643420946051, "max_depth": 8.0, "num_boost_round": 22.0}, "datetime": {"datetime": "2024-01-19 01:57:04", "elapsed": 6329.139747, "delta": 0.006875}}
{"target": -13.757925021100775, "params": {"gamma": 796.8847264381887, "log10_alpha": 0.9763259941629601, "log10_colsample_bytree": -0.8347192375186265, "log10_eta": -1.7513711782319237, "log10_lambda": -4.845464577102723, "log10_min_child_weight": 4.720592108458229, "log10_subsample": -0.5125643420946051, "max_depth": 8.0, "num_boost_round": 23.0}, "datetime": {"datetime": "2024-01-19 01:57:04", "elapsed": 6329.146063, "delta": 0.006316}}
{"target": -13.758012691985677, "params": {"gamma": 796.8847264381887, "log10_alpha": 0.9763259941629601, "log10_colsample_bytree": -0.8347192375186265, "log10_eta": -1.7513711782319237, "log10_lambda": -4.845464577102723, "log10_min_child_weight": 4.720592108458229, "log10_subsample": -0.5125643420946051, "max_depth": 8.0, "num_boost_round": 24.0}, "datetime": {"datetime": "2024-01-19 01:57:04", "elapsed": 6329.152435, "delta": 0.006372}}
{"target": -13.758029998810883, "params": {"gamma": 796.8847264381887, "log10_alpha": 0.9763259941629601, "log10_colsample_bytree": -0.8347192375186265, "log10_eta": -1.7513711782319237, "log10_lambda": -4.845464577102723, "log10_min_child_weight": 4.720592108458229, "log10_subsample": -0.5125643420946051, "max_depth": 8.0, "num_boost_round": 25.0}, "datetime": {"datetime": "2024-01-19 01:57:04", "elapsed": 6329.158667, "delta": 0.006232}}
{"target": -13.758077591249444, "params": {"gamma": 796.8847264381887, "log10_alpha": 0.9763259941629601, "log10_colsample_bytree": -0.8347192375186265, "log10_eta": -1.7513711782319237, "log10_lambda": -4.845464577102723, "log10_min_child_weight": 4.720592108458229, "log10_subsample": -0.5125643420946051, "max_depth": 8.0, "num_boost_round": 26.0}, "datetime": {"datetime": "2024-01-19 01:57:04", "elapsed": 6329.165082, "delta": 0.006415}}
{"target": -13.757965554276778, "params": {"gamma": 796.8847264381887, "log10_alpha": 0.9763259941629601, "log10_colsample_bytree": -0.8347192375186265, "log10_eta": -1.7513711782319237, "log10_lambda": -4.845464577102723, "log10_min_child_weight": 4.720592108458229, "log10_subsample": -0.5125643420946051, "max_depth": 8.0, "num_boost_round": 27.0}, "datetime": {"datetime": "2024-01-19 01:57:04", "elapsed": 6329.17169, "delta": 0.006608}}
