{"target": -13.758427396828248, "params": {"gamma": 716.1163326041503, "log10_alpha": -4.354658956581484, "log10_colsample_bytree": -0.21331812700228792, "log10_eta": -2.8132422268040616, "log10_lambda": -4.715653736233342, "log10_min_child_weight": 4.023811693305262, "log10_subsample": -0.8283983632677621, "max_depth": 8.0, "num_boost_round": 65.0}, "datetime": {"datetime": "2024-01-19 01:01:59", "elapsed": 3018.987646, "delta": 0.003537}}
{"target": -13.758538064331862, "params": {"gamma": 715.0296244336023, "log10_alpha": -3.220025313570093, "log10_colsample_bytree": -0.24265665472459952, "log10_eta": -3.959951117951195, "log10_lambda": -4.927337528824917, "log10_min_child_weight": 0.4123133807385737, "log10_subsample": -0.6738920014041161, "max_depth": 2.0, "num_boost_round": 0.0}, "datetime": {"datetime": "2024-01-19 01:02:53", "elapsed": 3072.303307, "delta": 53.315661}}
{"target": -13.758537186682487, "params": {"gamma": 715.0296244336023, "log10_alpha": -3.220025313570093, "log10_colsample_bytree": -0.24265665472459952, "log10_eta": -3.959951117951195, "log10_lambda": -4.927337528824917, "log10_min_child_weight": 0.4123133807385737, "log10_subsample": -0.6738920014041161, "max_depth": 2.0, "num_boost_round": 1.0}, "datetime": {"datetime": "2024-01-19 01:02:53", "elapsed": 3072.307194, "delta": 0.003887}}
{"target": -13.758536872743226, "params": {"gamma": 715.0296244336023, "log10_alpha": -3.220025313570093, "log10_colsample_bytree": -0.24265665472459952, "log10_eta": -3.959951117951195, "log10_lambda": -4.927337528824917, "log10_min_child_weight": 0.4123133807385737, "log10_subsample": -0.6738920014041161, "max_depth": 2.0, "num_boost_round": 2.0}, "datetime": {"datetime": "2024-01-19 01:02:53", "elapsed": 3072.310721, "delta": 0.003527}}
{"target": -13.758537556573742, "params": {"gamma": 715.0296244336023, "log10_alpha": -3.220025313570093, "log10_colsample_bytree": -0.24265665472459952, "log10_eta": -3.959951117951195, "log10_lambda": -4.927337528824917, "log10_min_child_weight": 0.4123133807385737, "log10_subsample": -0.6738920014041161, "max_depth": 2.0, "num_boost_round": 3.0}, "datetime": {"datetime": "2024-01-19 01:02:53", "elapsed": 3072.314106, "delta": 0.003385}}
{"target": -13.758536058636764, "params": {"gamma": 715.0296244336023, "log10_alpha": -3.220025313570093, "log10_colsample_bytree": -0.24265665472459952, "log10_eta": -3.959951117951195, "log10_lambda": -4.927337528824917, "log10_min_child_weight": 0.4123133807385737, "log10_subsample": -0.6738920014041161, "max_depth": 2.0, "num_boost_round": 4.0}, "datetime": {"datetime": "2024-01-19 01:02:53", "elapsed": 3072.317455, "delta": 0.003349}}
{"target": -13.75853549919557, "params": {"gamma": 715.0296244336023, "log10_alpha": -3.220025313570093, "log10_colsample_bytree": -0.24265665472459952, "log10_eta": -3.959951117951195, "log10_lambda": -4.927337528824917, "log10_min_child_weight": 0.4123133807385737, "log10_subsample": -0.6738920014041161, "max_depth": 2.0, "num_boost_round": 5.0}, "datetime": {"datetime": "2024-01-19 01:02:53", "elapsed": 3072.320686, "delta": 0.003231}}
{"target": -13.758534994680094, "params": {"gamma": 715.0296244336023, "log10_alpha": -3.220025313570093, "log10_colsample_bytree": -0.24265665472459952, "log10_eta": -3.959951117951195, "log10_lambda": -4.927337528824917, "log10_min_child_weight": 0.4123133807385737, "log10_subsample": -0.6738920014041161, "max_depth": 2.0, "num_boost_round": 6.0}, "datetime": {"datetime": "2024-01-19 01:02:53", "elapsed": 3072.32409, "delta": 0.003404}}
{"target": -13.758534820756918, "params": {"gamma": 715.0296244336023, "log10_alpha": -3.220025313570093, "log10_colsample_bytree": -0.24265665472459952, "log10_eta": -3.959951117951195, "log10_lambda": -4.927337528824917, "log10_min_child_weight": 0.4123133807385737, "log10_subsample": -0.6738920014041161, "max_depth": 2.0, "num_boost_round": 7.0}, "datetime": {"datetime": "2024-01-19 01:02:53", "elapsed": 3072.32745, "delta": 0.00336}}
{"target": -13.758533741515503, "params": {"gamma": 715.0296244336023, "log10_alpha": -3.220025313570093, "log10_colsample_bytree": -0.24265665472459952, "log10_eta": -3.959951117951195, "log10_lambda": -4.927337528824917, "log10_min_child_weight": 0.4123133807385737, "log10_subsample": -0.6738920014041161, "max_depth": 2.0, "num_boost_round": 8.0}, "datetime": {"datetime": "2024-01-19 01:02:53", "elapsed": 3072.330753, "delta": 0.003303}}
{"target": -13.758533332967191, "params": {"gamma": 715.0296244336023, "log10_alpha": -3.220025313570093, "log10_colsample_bytree": -0.24265665472459952, "log10_eta": -3.959951117951195, "log10_lambda": -4.927337528824917, "log10_min_child_weight": 0.4123133807385737, "log10_subsample": -0.6738920014041161, "max_depth": 2.0, "num_boost_round": 9.0}, "datetime": {"datetime": "2024-01-19 01:02:53", "elapsed": 3072.334306, "delta": 0.003553}}
{"target": -13.758532233538322, "params": {"gamma": 715.0296244336023, "log10_alpha": -3.220025313570093, "log10_colsample_bytree": -0.24265665472459952, "log10_eta": -3.959951117951195, "log10_lambda": -4.927337528824917, "log10_min_child_weight": 0.4123133807385737, "log10_subsample": -0.6738920014041161, "max_depth": 2.0, "num_boost_round": 10.0}, "datetime": {"datetime": "2024-01-19 01:02:53", "elapsed": 3072.337792, "delta": 0.003486}}
{"target": -13.758530569422026, "params": {"gamma": 715.0296244336023, "log10_alpha": -3.220025313570093, "log10_colsample_bytree": -0.24265665472459952, "log10_eta": -3.959951117951195, "log10_lambda": -4.927337528824917, "log10_min_child_weight": 0.4123133807385737, "log10_subsample": -0.6738920014041161, "max_depth": 2.0, "num_boost_round": 11.0}, "datetime": {"datetime": "2024-01-19 01:02:53", "elapsed": 3072.34114, "delta": 0.003348}}
{"target": -13.75852950621108, "params": {"gamma": 715.0296244336023, "log10_alpha": -3.220025313570093, "log10_colsample_bytree": -0.24265665472459952, "log10_eta": -3.959951117951195, "log10_lambda": -4.927337528824917, "log10_min_child_weight": 0.4123133807385737, "log10_subsample": -0.6738920014041161, "max_depth": 2.0, "num_boost_round": 12.0}, "datetime": {"datetime": "2024-01-19 01:02:53", "elapsed": 3072.344587, "delta": 0.003447}}
{"target": -13.758528298866011, "params": {"gamma": 715.0296244336023, "log10_alpha": -3.220025313570093, "log10_colsample_bytree": -0.24265665472459952, "log10_eta": -3.959951117951195, "log10_lambda": -4.927337528824917, "log10_min_child_weight": 0.4123133807385737, "log10_subsample": -0.6738920014041161, "max_depth": 2.0, "num_boost_round": 13.0}, "datetime": {"datetime": "2024-01-19 01:02:53", "elapsed": 3072.347966, "delta": 0.003379}}
{"target": -13.758527002113158, "params": {"gamma": 715.0296244336023, "log10_alpha": -3.220025313570093, "log10_colsample_bytree": -0.24265665472459952, "log10_eta": -3.959951117951195, "log10_lambda": -4.927337528824917, "log10_min_child_weight": 0.4123133807385737, "log10_subsample": -0.6738920014041161, "max_depth": 2.0, "num_boost_round": 14.0}, "datetime": {"datetime": "2024-01-19 01:02:53", "elapsed": 3072.351306, "delta": 0.00334}}
{"target": -13.758525128652746, "params": {"gamma": 715.0296244336023, "log10_alpha": -3.220025313570093, "log10_colsample_bytree": -0.24265665472459952, "log10_eta": -3.959951117951195, "log10_lambda": -4.927337528824917, "log10_min_child_weight": 0.4123133807385737, "log10_subsample": -0.6738920014041161, "max_depth": 2.0, "num_boost_round": 15.0}, "datetime": {"datetime": "2024-01-19 01:02:53", "elapsed": 3072.354665, "delta": 0.003359}}
{"target": -13.75852413828965, "params": {"gamma": 715.0296244336023, "log10_alpha": -3.220025313570093, "log10_colsample_bytree": -0.24265665472459952, "log10_eta": -3.959951117951195, "log10_lambda": -4.927337528824917, "log10_min_child_weight": 0.4123133807385737, "log10_subsample": -0.6738920014041161, "max_depth": 2.0, "num_boost_round": 16.0}, "datetime": {"datetime": "2024-01-19 01:02:53", "elapsed": 3072.358072, "delta": 0.003407}}
{"target": -13.758524012662, "params": {"gamma": 715.0296244336023, "log10_alpha": -3.220025313570093, "log10_colsample_bytree": -0.24265665472459952, "log10_eta": -3.959951117951195, "log10_lambda": -4.927337528824917, "log10_min_child_weight": 0.4123133807385737, "log10_subsample": -0.6738920014041161, "max_depth": 2.0, "num_boost_round": 17.0}, "datetime": {"datetime": "2024-01-19 01:02:53", "elapsed": 3072.361394, "delta": 0.003322}}
{"target": -13.75852395268595, "params": {"gamma": 715.0296244336023, "log10_alpha": -3.220025313570093, "log10_colsample_bytree": -0.24265665472459952, "log10_eta": -3.959951117951195, "log10_lambda": -4.927337528824917, "log10_min_child_weight": 0.4123133807385737, "log10_subsample": -0.6738920014041161, "max_depth": 2.0, "num_boost_round": 18.0}, "datetime": {"datetime": "2024-01-19 01:02:53", "elapsed": 3072.364814, "delta": 0.00342}}
{"target": -13.758522589417916, "params": {"gamma": 715.0296244336023, "log10_alpha": -3.220025313570093, "log10_colsample_bytree": -0.24265665472459952, "log10_eta": -3.959951117951195, "log10_lambda": -4.927337528824917, "log10_min_child_weight": 0.4123133807385737, "log10_subsample": -0.6738920014041161, "max_depth": 2.0, "num_boost_round": 19.0}, "datetime": {"datetime": "2024-01-19 01:02:53", "elapsed": 3072.368246, "delta": 0.003432}}
{"target": -13.758521622680407, "params": {"gamma": 715.0296244336023, "log10_alpha": -3.220025313570093, "log10_colsample_bytree": -0.24265665472459952, "log10_eta": -3.959951117951195, "log10_lambda": -4.927337528824917, "log10_min_child_weight": 0.4123133807385737, "log10_subsample": -0.6738920014041161, "max_depth": 2.0, "num_boost_round": 20.0}, "datetime": {"datetime": "2024-01-19 01:02:53", "elapsed": 3072.371527, "delta": 0.003281}}
{"target": -13.758521138875617, "params": {"gamma": 715.0296244336023, "log10_alpha": -3.220025313570093, "log10_colsample_bytree": -0.24265665472459952, "log10_eta": -3.959951117951195, "log10_lambda": -4.927337528824917, "log10_min_child_weight": 0.4123133807385737, "log10_subsample": -0.6738920014041161, "max_depth": 2.0, "num_boost_round": 21.0}, "datetime": {"datetime": "2024-01-19 01:02:53", "elapsed": 3072.374969, "delta": 0.003442}}
{"target": -13.758519779644672, "params": {"gamma": 715.0296244336023, "log10_alpha": -3.220025313570093, "log10_colsample_bytree": -0.24265665472459952, "log10_eta": -3.959951117951195, "log10_lambda": -4.927337528824917, "log10_min_child_weight": 0.4123133807385737, "log10_subsample": -0.6738920014041161, "max_depth": 2.0, "num_boost_round": 22.0}, "datetime": {"datetime": "2024-01-19 01:02:53", "elapsed": 3072.378266, "delta": 0.003297}}
{"target": -13.758518735203891, "params": {"gamma": 715.0296244336023, "log10_alpha": -3.220025313570093, "log10_colsample_bytree": -0.24265665472459952, "log10_eta": -3.959951117951195, "log10_lambda": -4.927337528824917, "log10_min_child_weight": 0.4123133807385737, "log10_subsample": -0.6738920014041161, "max_depth": 2.0, "num_boost_round": 23.0}, "datetime": {"datetime": "2024-01-19 01:02:53", "elapsed": 3072.381598, "delta": 0.003332}}
{"target": -13.758518614892155, "params": {"gamma": 715.0296244336023, "log10_alpha": -3.220025313570093, "log10_colsample_bytree": -0.24265665472459952, "log10_eta": -3.959951117951195, "log10_lambda": -4.927337528824917, "log10_min_child_weight": 0.4123133807385737, "log10_subsample": -0.6738920014041161, "max_depth": 2.0, "num_boost_round": 24.0}, "datetime": {"datetime": "2024-01-19 01:02:53", "elapsed": 3072.385066, "delta": 0.003468}}
{"target": -13.758517831972577, "params": {"gamma": 715.0296244336023, "log10_alpha": -3.220025313570093, "log10_colsample_bytree": -0.24265665472459952, "log10_eta": -3.959951117951195, "log10_lambda": -4.927337528824917, "log10_min_child_weight": 0.4123133807385737, "log10_subsample": -0.6738920014041161, "max_depth": 2.0, "num_boost_round": 25.0}, "datetime": {"datetime": "2024-01-19 01:02:53", "elapsed": 3072.388478, "delta": 0.003412}}
{"target": -13.75851720309069, "params": {"gamma": 715.0296244336023, "log10_alpha": -3.220025313570093, "log10_colsample_bytree": -0.24265665472459952, "log10_eta": -3.959951117951195, "log10_lambda": -4.927337528824917, "log10_min_child_weight": 0.4123133807385737, "log10_subsample": -0.6738920014041161, "max_depth": 2.0, "num_boost_round": 26.0}, "datetime": {"datetime": "2024-01-19 01:02:53", "elapsed": 3072.391786, "delta": 0.003308}}
{"target": -13.758516978233022, "params": {"gamma": 715.0296244336023, "log10_alpha": -3.220025313570093, "log10_colsample_bytree": -0.24265665472459952, "log10_eta": -3.959951117951195, "log10_lambda": -4.927337528824917, "log10_min_child_weight": 0.4123133807385737, "log10_subsample": -0.6738920014041161, "max_depth": 2.0, "num_boost_round": 27.0}, "datetime": {"datetime": "2024-01-19 01:02:53", "elapsed": 3072.395224, "delta": 0.003438}}
{"target": -13.758516143861943, "params": {"gamma": 715.0296244336023, "log10_alpha": -3.220025313570093, "log10_colsample_bytree": -0.24265665472459952, "log10_eta": -3.959951117951195, "log10_lambda": -4.927337528824917, "log10_min_child_weight": 0.4123133807385737, "log10_subsample": -0.6738920014041161, "max_depth": 2.0, "num_boost_round": 28.0}, "datetime": {"datetime": "2024-01-19 01:02:53", "elapsed": 3072.398539, "delta": 0.003315}}
{"target": -13.758514661222186, "params": {"gamma": 715.0296244336023, "log10_alpha": -3.220025313570093, "log10_colsample_bytree": -0.24265665472459952, "log10_eta": -3.959951117951195, "log10_lambda": -4.927337528824917, "log10_min_child_weight": 0.4123133807385737, "log10_subsample": -0.6738920014041161, "max_depth": 2.0, "num_boost_round": 29.0}, "datetime": {"datetime": "2024-01-19 01:02:53", "elapsed": 3072.401839, "delta": 0.0033}}
{"target": -13.758513205735273, "params": {"gamma": 715.0296244336023, "log10_alpha": -3.220025313570093, "log10_colsample_bytree": -0.24265665472459952, "log10_eta": -3.959951117951195, "log10_lambda": -4.927337528824917, "log10_min_child_weight": 0.4123133807385737, "log10_subsample": -0.6738920014041161, "max_depth": 2.0, "num_boost_round": 30.0}, "datetime": {"datetime": "2024-01-19 01:02:53", "elapsed": 3072.405173, "delta": 0.003334}}
{"target": -13.758512096392383, "params": {"gamma": 715.0296244336023, "log10_alpha": -3.220025313570093, "log10_colsample_bytree": -0.24265665472459952, "log10_eta": -3.959951117951195, "log10_lambda": -4.927337528824917, "log10_min_child_weight": 0.4123133807385737, "log10_subsample": -0.6738920014041161, "max_depth": 2.0, "num_boost_round": 31.0}, "datetime": {"datetime": "2024-01-19 01:02:53", "elapsed": 3072.408516, "delta": 0.003343}}
{"target": -13.758511520365559, "params": {"gamma": 715.0296244336023, "log10_alpha": -3.220025313570093, "log10_colsample_bytree": -0.24265665472459952, "log10_eta": -3.959951117951195, "log10_lambda": -4.927337528824917, "log10_min_child_weight": 0.4123133807385737, "log10_subsample": -0.6738920014041161, "max_depth": 2.0, "num_boost_round": 32.0}, "datetime": {"datetime": "2024-01-19 01:02:53", "elapsed": 3072.411849, "delta": 0.003333}}
{"target": -13.75851136950639, "params": {"gamma": 715.0296244336023, "log10_alpha": -3.220025313570093, "log10_colsample_bytree": -0.24265665472459952, "log10_eta": -3.959951117951195, "log10_lambda": -4.927337528824917, "log10_min_child_weight": 0.4123133807385737, "log10_subsample": -0.6738920014041161, "max_depth": 2.0, "num_boost_round": 33.0}, "datetime": {"datetime": "2024-01-19 01:02:53", "elapsed": 3072.415199, "delta": 0.00335}}
{"target": -13.758508979248354, "params": {"gamma": 715.0296244336023, "log10_alpha": -3.220025313570093, "log10_colsample_bytree": -0.24265665472459952, "log10_eta": -3.959951117951195, "log10_lambda": -4.927337528824917, "log10_min_child_weight": 0.4123133807385737, "log10_subsample": -0.6738920014041161, "max_depth": 2.0, "num_boost_round": 34.0}, "datetime": {"datetime": "2024-01-19 01:02:53", "elapsed": 3072.418474, "delta": 0.003275}}
{"target": -13.758508924760388, "params": {"gamma": 715.0296244336023, "log10_alpha": -3.220025313570093, "log10_colsample_bytree": -0.24265665472459952, "log10_eta": -3.959951117951195, "log10_lambda": -4.927337528824917, "log10_min_child_weight": 0.4123133807385737, "log10_subsample": -0.6738920014041161, "max_depth": 2.0, "num_boost_round": 35.0}, "datetime": {"datetime": "2024-01-19 01:02:53", "elapsed": 3072.421821, "delta": 0.003347}}
{"target": -13.758508229914444, "params": {"gamma": 715.0296244336023, "log10_alpha": -3.220025313570093, "log10_colsample_bytree": -0.24265665472459952, "log10_eta": -3.959951117951195, "log10_lambda": -4.927337528824917, "log10_min_child_weight": 0.4123133807385737, "log10_subsample": -0.6738920014041161, "max_depth": 2.0, "num_boost_round": 36.0}, "datetime": {"datetime": "2024-01-19 01:02:53", "elapsed": 3072.425251, "delta": 0.00343}}
{"target": -13.758507000899513, "params": {"gamma": 715.0296244336023, "log10_alpha": -3.220025313570093, "log10_colsample_bytree": -0.24265665472459952, "log10_eta": -3.959951117951195, "log10_lambda": -4.927337528824917, "log10_min_child_weight": 0.4123133807385737, "log10_subsample": -0.6738920014041161, "max_depth": 2.0, "num_boost_round": 37.0}, "datetime": {"datetime": "2024-01-19 01:02:53", "elapsed": 3072.428568, "delta": 0.003317}}
{"target": -13.75850685072553, "params": {"gamma": 715.0296244336023, "log10_alpha": -3.220025313570093, "log10_colsample_bytree": -0.24265665472459952, "log10_eta": -3.959951117951195, "log10_lambda": -4.927337528824917, "log10_min_child_weight": 0.4123133807385737, "log10_subsample": -0.6738920014041161, "max_depth": 2.0, "num_boost_round": 38.0}, "datetime": {"datetime": "2024-01-19 01:02:53", "elapsed": 3072.431879, "delta": 0.003311}}
{"target": -13.758483601498384, "params": {"gamma": 710.3494298950437, "log10_alpha": -0.5726011045067194, "log10_colsample_bytree": -0.7112799648904973, "log10_eta": -2.5881709720666586, "log10_lambda": -4.759768077610785, "log10_min_child_weight": 4.060673613943234, "log10_subsample": -0.03901652283513524, "max_depth": 7.0, "num_boost_round": 0.0}, "datetime": {"datetime": "2024-01-19 01:04:03", "elapsed": 3143.013784, "delta": 70.581905}}
{"target": -13.758455145662587, "params": {"gamma": 710.3494298950437, "log10_alpha": -0.5726011045067194, "log10_colsample_bytree": -0.7112799648904973, "log10_eta": -2.5881709720666586, "log10_lambda": -4.759768077610785, "log10_min_child_weight": 4.060673613943234, "log10_subsample": -0.03901652283513524, "max_depth": 7.0, "num_boost_round": 1.0}, "datetime": {"datetime": "2024-01-19 01:04:03", "elapsed": 3143.017345, "delta": 0.003561}}
{"target": -13.758437646896734, "params": {"gamma": 710.3494298950437, "log10_alpha": -0.5726011045067194, "log10_colsample_bytree": -0.7112799648904973, "log10_eta": -2.5881709720666586, "log10_lambda": -4.759768077610785, "log10_min_child_weight": 4.060673613943234, "log10_subsample": -0.03901652283513524, "max_depth": 7.0, "num_boost_round": 2.0}, "datetime": {"datetime": "2024-01-19 01:04:03", "elapsed": 3143.020741, "delta": 0.003396}}
{"target": -13.758410511082946, "params": {"gamma": 710.3494298950437, "log10_alpha": -0.5726011045067194, "log10_colsample_bytree": -0.7112799648904973, "log10_eta": -2.5881709720666586, "log10_lambda": -4.759768077610785, "log10_min_child_weight": 4.060673613943234, "log10_subsample": -0.03901652283513524, "max_depth": 7.0, "num_boost_round": 3.0}, "datetime": {"datetime": "2024-01-19 01:04:03", "elapsed": 3143.024065, "delta": 0.003324}}
{"target": -13.758346313294926, "params": {"gamma": 710.3494298950437, "log10_alpha": -0.5726011045067194, "log10_colsample_bytree": -0.7112799648904973, "log10_eta": -2.5881709720666586, "log10_lambda": -4.759768077610785, "log10_min_child_weight": 4.060673613943234, "log10_subsample": -0.03901652283513524, "max_depth": 7.0, "num_boost_round": 4.0}, "datetime": {"datetime": "2024-01-19 01:04:03", "elapsed": 3143.027401, "delta": 0.003336}}
{"target": -13.758349065916212, "params": {"gamma": 710.3494298950437, "log10_alpha": -0.5726011045067194, "log10_colsample_bytree": -0.7112799648904973, "log10_eta": -2.5881709720666586, "log10_lambda": -4.759768077610785, "log10_min_child_weight": 4.060673613943234, "log10_subsample": -0.03901652283513524, "max_depth": 7.0, "num_boost_round": 5.0}, "datetime": {"datetime": "2024-01-19 01:04:03", "elapsed": 3143.031583, "delta": 0.004182}}
{"target": -13.758348182280422, "params": {"gamma": 710.3494298950437, "log10_alpha": -0.5726011045067194, "log10_colsample_bytree": -0.7112799648904973, "log10_eta": -2.5881709720666586, "log10_lambda": -4.759768077610785, "log10_min_child_weight": 4.060673613943234, "log10_subsample": -0.03901652283513524, "max_depth": 7.0, "num_boost_round": 6.0}, "datetime": {"datetime": "2024-01-19 01:04:03", "elapsed": 3143.035563, "delta": 0.00398}}
{"target": -13.75829286046195, "params": {"gamma": 710.3494298950437, "log10_alpha": -0.5726011045067194, "log10_colsample_bytree": -0.7112799648904973, "log10_eta": -2.5881709720666586, "log10_lambda": -4.759768077610785, "log10_min_child_weight": 4.060673613943234, "log10_subsample": -0.03901652283513524, "max_depth": 7.0, "num_boost_round": 7.0}, "datetime": {"datetime": "2024-01-19 01:04:03", "elapsed": 3143.039704, "delta": 0.004141}}
{"target": -13.758252967756755, "params": {"gamma": 710.3494298950437, "log10_alpha": -0.5726011045067194, "log10_colsample_bytree": -0.7112799648904973, "log10_eta": -2.5881709720666586, "log10_lambda": -4.759768077610785, "log10_min_child_weight": 4.060673613943234, "log10_subsample": -0.03901652283513524, "max_depth": 7.0, "num_boost_round": 8.0}, "datetime": {"datetime": "2024-01-19 01:04:03", "elapsed": 3143.043288, "delta": 0.003584}}
