{"target": -17.677035563340787, "params": {"gamma": 583.3267353380886, "log10_alpha": 0.4372346411389598, "log10_colsample_bytree": -0.5393631807393234, "log10_eta": -3.2962720829181027, "log10_lambda": -0.37693512395198603, "log10_min_child_weight": 0.30718069024772976, "log10_subsample": -0.4701382348263925, "max_depth": 6.0, "num_boost_round": 9.0}, "datetime": {"datetime": "2024-01-19 00:44:06", "elapsed": 1944.320182, "delta": 0.00231}}
{"target": -17.677103399623018, "params": {"gamma": 561.0097518790873, "log10_alpha": -1.8171444114438087, "log10_colsample_bytree": -0.6054215323574497, "log10_eta": -1.923636138708369, "log10_lambda": -2.8338119736993566, "log10_min_child_weight": 4.145081646774663, "log10_subsample": -0.5421783442801454, "max_depth": 3.0, "num_boost_round": 0.0}, "datetime": {"datetime": "2024-01-19 00:44:33", "elapsed": 1970.796741, "delta": 26.476559}}
{"target": -17.67715484223016, "params": {"gamma": 561.0097518790873, "log10_alpha": -1.8171444114438087, "log10_colsample_bytree": -0.6054215323574497, "log10_eta": -1.923636138708369, "log10_lambda": -2.8338119736993566, "log10_min_child_weight": 4.145081646774663, "log10_subsample": -0.5421783442801454, "max_depth": 3.0, "num_boost_round": 1.0}, "datetime": {"datetime": "2024-01-19 00:44:33", "elapsed": 1970.799934, "delta": 0.003193}}
{"target": -17.677216946444457, "params": {"gamma": 561.0097518790873, "log10_alpha": -1.8171444114438087, "log10_colsample_bytree": -0.6054215323574497, "log10_eta": -1.923636138708369, "log10_lambda": -2.8338119736993566, "log10_min_child_weight": 4.145081646774663, "log10_subsample": -0.5421783442801454, "max_depth": 3.0, "num_boost_round": 2.0}, "datetime": {"datetime": "2024-01-19 00:44:33", "elapsed": 1970.802518, "delta": 0.002584}}
{"target": -17.677058565454153, "params": {"gamma": 561.0097518790873, "log10_alpha": -1.8171444114438087, "log10_colsample_bytree": -0.6054215323574497, "log10_eta": -1.923636138708369, "log10_lambda": -2.8338119736993566, "log10_min_child_weight": 4.145081646774663, "log10_subsample": -0.5421783442801454, "max_depth": 3.0, "num_boost_round": 3.0}, "datetime": {"datetime": "2024-01-19 00:44:33", "elapsed": 1970.80487, "delta": 0.002352}}
{"target": -17.676955797666746, "params": {"gamma": 561.0097518790873, "log10_alpha": -1.8171444114438087, "log10_colsample_bytree": -0.6054215323574497, "log10_eta": -1.923636138708369, "log10_lambda": -2.8338119736993566, "log10_min_child_weight": 4.145081646774663, "log10_subsample": -0.5421783442801454, "max_depth": 3.0, "num_boost_round": 4.0}, "datetime": {"datetime": "2024-01-19 00:44:33", "elapsed": 1970.807265, "delta": 0.002395}}
{"target": -17.676866561204886, "params": {"gamma": 561.0097518790873, "log10_alpha": -1.8171444114438087, "log10_colsample_bytree": -0.6054215323574497, "log10_eta": -1.923636138708369, "log10_lambda": -2.8338119736993566, "log10_min_child_weight": 4.145081646774663, "log10_subsample": -0.5421783442801454, "max_depth": 3.0, "num_boost_round": 5.0}, "datetime": {"datetime": "2024-01-19 00:44:33", "elapsed": 1970.809756, "delta": 0.002491}}
{"target": -17.67695053432997, "params": {"gamma": 561.0097518790873, "log10_alpha": -1.8171444114438087, "log10_colsample_bytree": -0.6054215323574497, "log10_eta": -1.923636138708369, "log10_lambda": -2.8338119736993566, "log10_min_child_weight": 4.145081646774663, "log10_subsample": -0.5421783442801454, "max_depth": 3.0, "num_boost_round": 6.0}, "datetime": {"datetime": "2024-01-19 00:44:33", "elapsed": 1970.812091, "delta": 0.002335}}
{"target": -17.676713637584104, "params": {"gamma": 561.0097518790873, "log10_alpha": -1.8171444114438087, "log10_colsample_bytree": -0.6054215323574497, "log10_eta": -1.923636138708369, "log10_lambda": -2.8338119736993566, "log10_min_child_weight": 4.145081646774663, "log10_subsample": -0.5421783442801454, "max_depth": 3.0, "num_boost_round": 7.0}, "datetime": {"datetime": "2024-01-19 00:44:33", "elapsed": 1970.814457, "delta": 0.002366}}
{"target": -17.676920479750905, "params": {"gamma": 561.0097518790873, "log10_alpha": -1.8171444114438087, "log10_colsample_bytree": -0.6054215323574497, "log10_eta": -1.923636138708369, "log10_lambda": -2.8338119736993566, "log10_min_child_weight": 4.145081646774663, "log10_subsample": -0.5421783442801454, "max_depth": 3.0, "num_boost_round": 8.0}, "datetime": {"datetime": "2024-01-19 00:44:33", "elapsed": 1970.81679, "delta": 0.002333}}
{"target": -17.67678416608614, "params": {"gamma": 561.0097518790873, "log10_alpha": -1.8171444114438087, "log10_colsample_bytree": -0.6054215323574497, "log10_eta": -1.923636138708369, "log10_lambda": -2.8338119736993566, "log10_min_child_weight": 4.145081646774663, "log10_subsample": -0.5421783442801454, "max_depth": 3.0, "num_boost_round": 9.0}, "datetime": {"datetime": "2024-01-19 00:44:33", "elapsed": 1970.819131, "delta": 0.002341}}
{"target": -17.676794465362565, "params": {"gamma": 561.0097518790873, "log10_alpha": -1.8171444114438087, "log10_colsample_bytree": -0.6054215323574497, "log10_eta": -1.923636138708369, "log10_lambda": -2.8338119736993566, "log10_min_child_weight": 4.145081646774663, "log10_subsample": -0.5421783442801454, "max_depth": 3.0, "num_boost_round": 10.0}, "datetime": {"datetime": "2024-01-19 00:44:33", "elapsed": 1970.821518, "delta": 0.002387}}
{"target": -17.677234884556395, "params": {"gamma": 530.2511759005804, "log10_alpha": 1.0, "log10_colsample_bytree": 0.0, "log10_eta": -4.0, "log10_lambda": -5.0, "log10_min_child_weight": 0.0, "log10_subsample": 0.0, "max_depth": 9.0, "num_boost_round": 0.0}, "datetime": {"datetime": "2024-01-19 00:45:07", "elapsed": 2004.931749, "delta": 34.110231}}
{"target": -17.677236827347773, "params": {"gamma": 530.2511759005804, "log10_alpha": 1.0, "log10_colsample_bytree": 0.0, "log10_eta": -4.0, "log10_lambda": -5.0, "log10_min_child_weight": 0.0, "log10_subsample": 0.0, "max_depth": 9.0, "num_boost_round": 1.0}, "datetime": {"datetime": "2024-01-19 00:45:07", "elapsed": 2004.935154, "delta": 0.003405}}
{"target": -17.67723876628257, "params": {"gamma": 530.2511759005804, "log10_alpha": 1.0, "log10_colsample_bytree": 0.0, "log10_eta": -4.0, "log10_lambda": -5.0, "log10_min_child_weight": 0.0, "log10_subsample": 0.0, "max_depth": 9.0, "num_boost_round": 2.0}, "datetime": {"datetime": "2024-01-19 00:45:07", "elapsed": 2004.937515, "delta": 0.002361}}
{"target": -17.67724072959734, "params": {"gamma": 530.2511759005804, "log10_alpha": 1.0, "log10_colsample_bytree": 0.0, "log10_eta": -4.0, "log10_lambda": -5.0, "log10_min_child_weight": 0.0, "log10_subsample": 0.0, "max_depth": 9.0, "num_boost_round": 3.0}, "datetime": {"datetime": "2024-01-19 00:45:07", "elapsed": 2004.939927, "delta": 0.002412}}
{"target": -17.67724271511088, "params": {"gamma": 530.2511759005804, "log10_alpha": 1.0, "log10_colsample_bytree": 0.0, "log10_eta": -4.0, "log10_lambda": -5.0, "log10_min_child_weight": 0.0, "log10_subsample": 0.0, "max_depth": 9.0, "num_boost_round": 4.0}, "datetime": {"datetime": "2024-01-19 00:45:07", "elapsed": 2004.94227, "delta": 0.002343}}
{"target": -17.67724471020742, "params": {"gamma": 530.2511759005804, "log10_alpha": 1.0, "log10_colsample_bytree": 0.0, "log10_eta": -4.0, "log10_lambda": -5.0, "log10_min_child_weight": 0.0, "log10_subsample": 0.0, "max_depth": 9.0, "num_boost_round": 5.0}, "datetime": {"datetime": "2024-01-19 00:45:07", "elapsed": 2004.944592, "delta": 0.002322}}
{"target": -17.67724672731602, "params": {"gamma": 530.2511759005804, "log10_alpha": 1.0, "log10_colsample_bytree": 0.0, "log10_eta": -4.0, "log10_lambda": -5.0, "log10_min_child_weight": 0.0, "log10_subsample": 0.0, "max_depth": 9.0, "num_boost_round": 6.0}, "datetime": {"datetime": "2024-01-19 00:45:07", "elapsed": 2004.946931, "delta": 0.002339}}
{"target": -17.677248982187333, "params": {"gamma": 530.2511759005804, "log10_alpha": 1.0, "log10_colsample_bytree": 0.0, "log10_eta": -4.0, "log10_lambda": -5.0, "log10_min_child_weight": 0.0, "log10_subsample": 0.0, "max_depth": 9.0, "num_boost_round": 7.0}, "datetime": {"datetime": "2024-01-19 00:45:07", "elapsed": 2004.949272, "delta": 0.002341}}
{"target": -17.677251037265425, "params": {"gamma": 530.2511759005804, "log10_alpha": 1.0, "log10_colsample_bytree": 0.0, "log10_eta": -4.0, "log10_lambda": -5.0, "log10_min_child_weight": 0.0, "log10_subsample": 0.0, "max_depth": 9.0, "num_boost_round": 8.0}, "datetime": {"datetime": "2024-01-19 00:45:07", "elapsed": 2004.951695, "delta": 0.002423}}
{"target": -17.677253325541322, "params": {"gamma": 530.2511759005804, "log10_alpha": 1.0, "log10_colsample_bytree": 0.0, "log10_eta": -4.0, "log10_lambda": -5.0, "log10_min_child_weight": 0.0, "log10_subsample": 0.0, "max_depth": 9.0, "num_boost_round": 9.0}, "datetime": {"datetime": "2024-01-19 00:45:07", "elapsed": 2004.954124, "delta": 0.002429}}
{"target": -17.677223607651683, "params": {"gamma": 562.9762584128785, "log10_alpha": -2.2825529917235485, "log10_colsample_bytree": -0.8738859916739645, "log10_eta": -3.5955924016604635, "log10_lambda": -4.626928496907813, "log10_min_child_weight": 2.8530940029760106, "log10_subsample": -0.38336762034592164, "max_depth": 7.0, "num_boost_round": 0.0}, "datetime": {"datetime": "2024-01-19 00:45:34", "elapsed": 2031.990797, "delta": 27.036673}}
{"target": -17.67721794426832, "params": {"gamma": 562.9762584128785, "log10_alpha": -2.2825529917235485, "log10_colsample_bytree": -0.8738859916739645, "log10_eta": -3.5955924016604635, "log10_lambda": -4.626928496907813, "log10_min_child_weight": 2.8530940029760106, "log10_subsample": -0.38336762034592164, "max_depth": 7.0, "num_boost_round": 1.0}, "datetime": {"datetime": "2024-01-19 00:45:34", "elapsed": 2031.9938, "delta": 0.003003}}
{"target": -17.677215066428964, "params": {"gamma": 562.9762584128785, "log10_alpha": -2.2825529917235485, "log10_colsample_bytree": -0.8738859916739645, "log10_eta": -3.5955924016604635, "log10_lambda": -4.626928496907813, "log10_min_child_weight": 2.8530940029760106, "log10_subsample": -0.38336762034592164, "max_depth": 7.0, "num_boost_round": 2.0}, "datetime": {"datetime": "2024-01-19 00:45:34", "elapsed": 2031.996442, "delta": 0.002642}}
{"target": -17.677207259479903, "params": {"gamma": 562.9762584128785, "log10_alpha": -2.2825529917235485, "log10_colsample_bytree": -0.8738859916739645, "log10_eta": -3.5955924016604635, "log10_lambda": -4.626928496907813, "log10_min_child_weight": 2.8530940029760106, "log10_subsample": -0.38336762034592164, "max_depth": 7.0, "num_boost_round": 3.0}, "datetime": {"datetime": "2024-01-19 00:45:34", "elapsed": 2031.998841, "delta": 0.002399}}
{"target": -17.677202534874077, "params": {"gamma": 562.9762584128785, "log10_alpha": -2.2825529917235485, "log10_colsample_bytree": -0.8738859916739645, "log10_eta": -3.5955924016604635, "log10_lambda": -4.626928496907813, "log10_min_child_weight": 2.8530940029760106, "log10_subsample": -0.38336762034592164, "max_depth": 7.0, "num_boost_round": 4.0}, "datetime": {"datetime": "2024-01-19 00:45:34", "elapsed": 2032.001234, "delta": 0.002393}}
{"target": -17.677188775267272, "params": {"gamma": 562.9762584128785, "log10_alpha": -2.2825529917235485, "log10_colsample_bytree": -0.8738859916739645, "log10_eta": -3.5955924016604635, "log10_lambda": -4.626928496907813, "log10_min_child_weight": 2.8530940029760106, "log10_subsample": -0.38336762034592164, "max_depth": 7.0, "num_boost_round": 5.0}, "datetime": {"datetime": "2024-01-19 00:45:34", "elapsed": 2032.003592, "delta": 0.002358}}
{"target": -17.677195133118143, "params": {"gamma": 562.9762584128785, "log10_alpha": -2.2825529917235485, "log10_colsample_bytree": -0.8738859916739645, "log10_eta": -3.5955924016604635, "log10_lambda": -4.626928496907813, "log10_min_child_weight": 2.8530940029760106, "log10_subsample": -0.38336762034592164, "max_depth": 7.0, "num_boost_round": 6.0}, "datetime": {"datetime": "2024-01-19 00:45:34", "elapsed": 2032.005934, "delta": 0.002342}}
{"target": -17.67716993635254, "params": {"gamma": 562.9762584128785, "log10_alpha": -2.2825529917235485, "log10_colsample_bytree": -0.8738859916739645, "log10_eta": -3.5955924016604635, "log10_lambda": -4.626928496907813, "log10_min_child_weight": 2.8530940029760106, "log10_subsample": -0.38336762034592164, "max_depth": 7.0, "num_boost_round": 7.0}, "datetime": {"datetime": "2024-01-19 00:45:34", "elapsed": 2032.008286, "delta": 0.002352}}
{"target": -17.677169274936567, "params": {"gamma": 562.9762584128785, "log10_alpha": -2.2825529917235485, "log10_colsample_bytree": -0.8738859916739645, "log10_eta": -3.5955924016604635, "log10_lambda": -4.626928496907813, "log10_min_child_weight": 2.8530940029760106, "log10_subsample": -0.38336762034592164, "max_depth": 7.0, "num_boost_round": 8.0}, "datetime": {"datetime": "2024-01-19 00:45:34", "elapsed": 2032.010713, "delta": 0.002427}}
{"target": -17.67716809871374, "params": {"gamma": 562.9762584128785, "log10_alpha": -2.2825529917235485, "log10_colsample_bytree": -0.8738859916739645, "log10_eta": -3.5955924016604635, "log10_lambda": -4.626928496907813, "log10_min_child_weight": 2.8530940029760106, "log10_subsample": -0.38336762034592164, "max_depth": 7.0, "num_boost_round": 9.0}, "datetime": {"datetime": "2024-01-19 00:45:34", "elapsed": 2032.013106, "delta": 0.002393}}
{"target": -17.677156412131723, "params": {"gamma": 562.9762584128785, "log10_alpha": -2.2825529917235485, "log10_colsample_bytree": -0.8738859916739645, "log10_eta": -3.5955924016604635, "log10_lambda": -4.626928496907813, "log10_min_child_weight": 2.8530940029760106, "log10_subsample": -0.38336762034592164, "max_depth": 7.0, "num_boost_round": 10.0}, "datetime": {"datetime": "2024-01-19 00:45:34", "elapsed": 2032.015447, "delta": 0.002341}}
{"target": -17.677146540935095, "params": {"gamma": 562.9762584128785, "log10_alpha": -2.2825529917235485, "log10_colsample_bytree": -0.8738859916739645, "log10_eta": -3.5955924016604635, "log10_lambda": -4.626928496907813, "log10_min_child_weight": 2.8530940029760106, "log10_subsample": -0.38336762034592164, "max_depth": 7.0, "num_boost_round": 11.0}, "datetime": {"datetime": "2024-01-19 00:45:34", "elapsed": 2032.017814, "delta": 0.002367}}
{"target": -17.67722187630393, "params": {"gamma": 598.1005963339397, "log10_alpha": -1.5154946946713403, "log10_colsample_bytree": -0.2983910668906159, "log10_eta": -3.199234951163858, "log10_lambda": -2.1587571942322494, "log10_min_child_weight": 1.0485508072896326, "log10_subsample": -0.5485406916936632, "max_depth": 2.0, "num_boost_round": 0.0}, "datetime": {"datetime": "2024-01-19 00:46:01", "elapsed": 2058.457529, "delta": 26.439715}}
{"target": -17.677205473712423, "params": {"gamma": 598.1005963339397, "log10_alpha": -1.5154946946713403, "log10_colsample_bytree": -0.2983910668906159, "log10_eta": -3.199234951163858, "log10_lambda": -2.1587571942322494, "log10_min_child_weight": 1.0485508072896326, "log10_subsample": -0.5485406916936632, "max_depth": 2.0, "num_boost_round": 1.0}, "datetime": {"datetime": "2024-01-19 00:46:01", "elapsed": 2058.460686, "delta": 0.003157}}
{"target": -17.677186491009607, "params": {"gamma": 598.1005963339397, "log10_alpha": -1.5154946946713403, "log10_colsample_bytree": -0.2983910668906159, "log10_eta": -3.199234951163858, "log10_lambda": -2.1587571942322494, "log10_min_child_weight": 1.0485508072896326, "log10_subsample": -0.5485406916936632, "max_depth": 2.0, "num_boost_round": 2.0}, "datetime": {"datetime": "2024-01-19 00:46:01", "elapsed": 2058.463406, "delta": 0.00272}}
{"target": -17.67718134179704, "params": {"gamma": 598.1005963339397, "log10_alpha": -1.5154946946713403, "log10_colsample_bytree": -0.2983910668906159, "log10_eta": -3.199234951163858, "log10_lambda": -2.1587571942322494, "log10_min_child_weight": 1.0485508072896326, "log10_subsample": -0.5485406916936632, "max_depth": 2.0, "num_boost_round": 3.0}, "datetime": {"datetime": "2024-01-19 00:46:01", "elapsed": 2058.465797, "delta": 0.002391}}
{"target": -17.67716574668195, "params": {"gamma": 598.1005963339397, "log10_alpha": -1.5154946946713403, "log10_colsample_bytree": -0.2983910668906159, "log10_eta": -3.199234951163858, "log10_lambda": -2.1587571942322494, "log10_min_child_weight": 1.0485508072896326, "log10_subsample": -0.5485406916936632, "max_depth": 2.0, "num_boost_round": 4.0}, "datetime": {"datetime": "2024-01-19 00:46:01", "elapsed": 2058.468235, "delta": 0.002438}}
{"target": -17.677152905870898, "params": {"gamma": 598.1005963339397, "log10_alpha": -1.5154946946713403, "log10_colsample_bytree": -0.2983910668906159, "log10_eta": -3.199234951163858, "log10_lambda": -2.1587571942322494, "log10_min_child_weight": 1.0485508072896326, "log10_subsample": -0.5485406916936632, "max_depth": 2.0, "num_boost_round": 5.0}, "datetime": {"datetime": "2024-01-19 00:46:01", "elapsed": 2058.470713, "delta": 0.002478}}
{"target": -17.677128705857665, "params": {"gamma": 598.1005963339397, "log10_alpha": -1.5154946946713403, "log10_colsample_bytree": -0.2983910668906159, "log10_eta": -3.199234951163858, "log10_lambda": -2.1587571942322494, "log10_min_child_weight": 1.0485508072896326, "log10_subsample": -0.5485406916936632, "max_depth": 2.0, "num_boost_round": 6.0}, "datetime": {"datetime": "2024-01-19 00:46:01", "elapsed": 2058.473131, "delta": 0.002418}}
{"target": -17.67710824297076, "params": {"gamma": 598.1005963339397, "log10_alpha": -1.5154946946713403, "log10_colsample_bytree": -0.2983910668906159, "log10_eta": -3.199234951163858, "log10_lambda": -2.1587571942322494, "log10_min_child_weight": 1.0485508072896326, "log10_subsample": -0.5485406916936632, "max_depth": 2.0, "num_boost_round": 7.0}, "datetime": {"datetime": "2024-01-19 00:46:01", "elapsed": 2058.475531, "delta": 0.0024}}
{"target": -17.677095758983217, "params": {"gamma": 598.1005963339397, "log10_alpha": -1.5154946946713403, "log10_colsample_bytree": -0.2983910668906159, "log10_eta": -3.199234951163858, "log10_lambda": -2.1587571942322494, "log10_min_child_weight": 1.0485508072896326, "log10_subsample": -0.5485406916936632, "max_depth": 2.0, "num_boost_round": 8.0}, "datetime": {"datetime": "2024-01-19 00:46:01", "elapsed": 2058.477904, "delta": 0.002373}}
{"target": -17.677085836165627, "params": {"gamma": 598.1005963339397, "log10_alpha": -1.5154946946713403, "log10_colsample_bytree": -0.2983910668906159, "log10_eta": -3.199234951163858, "log10_lambda": -2.1587571942322494, "log10_min_child_weight": 1.0485508072896326, "log10_subsample": -0.5485406916936632, "max_depth": 2.0, "num_boost_round": 9.0}, "datetime": {"datetime": "2024-01-19 00:46:01", "elapsed": 2058.480364, "delta": 0.00246}}
{"target": -17.677066873620838, "params": {"gamma": 598.1005963339397, "log10_alpha": -1.5154946946713403, "log10_colsample_bytree": -0.2983910668906159, "log10_eta": -3.199234951163858, "log10_lambda": -2.1587571942322494, "log10_min_child_weight": 1.0485508072896326, "log10_subsample": -0.5485406916936632, "max_depth": 2.0, "num_boost_round": 10.0}, "datetime": {"datetime": "2024-01-19 00:46:01", "elapsed": 2058.482828, "delta": 0.002464}}
{"target": -17.677051585272906, "params": {"gamma": 598.1005963339397, "log10_alpha": -1.5154946946713403, "log10_colsample_bytree": -0.2983910668906159, "log10_eta": -3.199234951163858, "log10_lambda": -2.1587571942322494, "log10_min_child_weight": 1.0485508072896326, "log10_subsample": -0.5485406916936632, "max_depth": 2.0, "num_boost_round": 11.0}, "datetime": {"datetime": "2024-01-19 00:46:01", "elapsed": 2058.485211, "delta": 0.002383}}
{"target": -17.677033535478703, "params": {"gamma": 598.1005963339397, "log10_alpha": -1.5154946946713403, "log10_colsample_bytree": -0.2983910668906159, "log10_eta": -3.199234951163858, "log10_lambda": -2.1587571942322494, "log10_min_child_weight": 1.0485508072896326, "log10_subsample": -0.5485406916936632, "max_depth": 2.0, "num_boost_round": 12.0}, "datetime": {"datetime": "2024-01-19 00:46:01", "elapsed": 2058.487573, "delta": 0.002362}}
{"target": -17.67701513170582, "params": {"gamma": 598.1005963339397, "log10_alpha": -1.5154946946713403, "log10_colsample_bytree": -0.2983910668906159, "log10_eta": -3.199234951163858, "log10_lambda": -2.1587571942322494, "log10_min_child_weight": 1.0485508072896326, "log10_subsample": -0.5485406916936632, "max_depth": 2.0, "num_boost_round": 13.0}, "datetime": {"datetime": "2024-01-19 00:46:01", "elapsed": 2058.49006, "delta": 0.002487}}
{"target": -17.676999146738584, "params": {"gamma": 598.1005963339397, "log10_alpha": -1.5154946946713403, "log10_colsample_bytree": -0.2983910668906159, "log10_eta": -3.199234951163858, "log10_lambda": -2.1587571942322494, "log10_min_child_weight": 1.0485508072896326, "log10_subsample": -0.5485406916936632, "max_depth": 2.0, "num_boost_round": 14.0}, "datetime": {"datetime": "2024-01-19 00:46:01", "elapsed": 2058.492466, "delta": 0.002406}}
{"target": -17.676986359933643, "params": {"gamma": 598.1005963339397, "log10_alpha": -1.5154946946713403, "log10_colsample_bytree": -0.2983910668906159, "log10_eta": -3.199234951163858, "log10_lambda": -2.1587571942322494, "log10_min_child_weight": 1.0485508072896326, "log10_subsample": -0.5485406916936632, "max_depth": 2.0, "num_boost_round": 15.0}, "datetime": {"datetime": "2024-01-19 00:46:01", "elapsed": 2058.494857, "delta": 0.002391}}
{"target": -17.676973084992863, "params": {"gamma": 598.1005963339397, "log10_alpha": -1.5154946946713403, "log10_colsample_bytree": -0.2983910668906159, "log10_eta": -3.199234951163858, "log10_lambda": -2.1587571942322494, "log10_min_child_weight": 1.0485508072896326, "log10_subsample": -0.5485406916936632, "max_depth": 2.0, "num_boost_round": 16.0}, "datetime": {"datetime": "2024-01-19 00:46:01", "elapsed": 2058.497262, "delta": 0.002405}}
