{"target": -13.75832765306501, "params": {"gamma": 948.309870377948, "log10_alpha": -4.199065523552671, "log10_colsample_bytree": -0.9036659767283525, "log10_eta": -2.7498072755524503, "log10_lambda": -0.6914314889813822, "log10_min_child_weight": 0.8178883963891015, "log10_subsample": -0.8757844664255758, "max_depth": 2.0, "num_boost_round": 16.0}, "datetime": {"datetime": "2024-01-19 01:35:21", "elapsed": 5022.028386, "delta": 0.005632}}
{"target": -13.758298598306734, "params": {"gamma": 948.309870377948, "log10_alpha": -4.199065523552671, "log10_colsample_bytree": -0.9036659767283525, "log10_eta": -2.7498072755524503, "log10_lambda": -0.6914314889813822, "log10_min_child_weight": 0.8178883963891015, "log10_subsample": -0.8757844664255758, "max_depth": 2.0, "num_boost_round": 17.0}, "datetime": {"datetime": "2024-01-19 01:35:21", "elapsed": 5022.034065, "delta": 0.005679}}
{"target": -13.75827697904326, "params": {"gamma": 948.309870377948, "log10_alpha": -4.199065523552671, "log10_colsample_bytree": -0.9036659767283525, "log10_eta": -2.7498072755524503, "log10_lambda": -0.6914314889813822, "log10_min_child_weight": 0.8178883963891015, "log10_subsample": -0.8757844664255758, "max_depth": 2.0, "num_boost_round": 18.0}, "datetime": {"datetime": "2024-01-19 01:35:21", "elapsed": 5022.039477, "delta": 0.005412}}
{"target": -13.758269009238097, "params": {"gamma": 948.309870377948, "log10_alpha": -4.199065523552671, "log10_colsample_bytree": -0.9036659767283525, "log10_eta": -2.7498072755524503, "log10_lambda": -0.6914314889813822, "log10_min_child_weight": 0.8178883963891015, "log10_subsample": -0.8757844664255758, "max_depth": 2.0, "num_boost_round": 19.0}, "datetime": {"datetime": "2024-01-19 01:35:21", "elapsed": 5022.044877, "delta": 0.0054}}
{"target": -13.758259832429244, "params": {"gamma": 948.309870377948, "log10_alpha": -4.199065523552671, "log10_colsample_bytree": -0.9036659767283525, "log10_eta": -2.7498072755524503, "log10_lambda": -0.6914314889813822, "log10_min_child_weight": 0.8178883963891015, "log10_subsample": -0.8757844664255758, "max_depth": 2.0, "num_boost_round": 20.0}, "datetime": {"datetime": "2024-01-19 01:35:21", "elapsed": 5022.050392, "delta": 0.005515}}
{"target": -13.758237376162453, "params": {"gamma": 948.309870377948, "log10_alpha": -4.199065523552671, "log10_colsample_bytree": -0.9036659767283525, "log10_eta": -2.7498072755524503, "log10_lambda": -0.6914314889813822, "log10_min_child_weight": 0.8178883963891015, "log10_subsample": -0.8757844664255758, "max_depth": 2.0, "num_boost_round": 21.0}, "datetime": {"datetime": "2024-01-19 01:35:21", "elapsed": 5022.055786, "delta": 0.005394}}
{"target": -13.758159944636073, "params": {"gamma": 948.309870377948, "log10_alpha": -4.199065523552671, "log10_colsample_bytree": -0.9036659767283525, "log10_eta": -2.7498072755524503, "log10_lambda": -0.6914314889813822, "log10_min_child_weight": 0.8178883963891015, "log10_subsample": -0.8757844664255758, "max_depth": 2.0, "num_boost_round": 22.0}, "datetime": {"datetime": "2024-01-19 01:35:21", "elapsed": 5022.061688, "delta": 0.005902}}
{"target": -13.758124139403957, "params": {"gamma": 948.309870377948, "log10_alpha": -4.199065523552671, "log10_colsample_bytree": -0.9036659767283525, "log10_eta": -2.7498072755524503, "log10_lambda": -0.6914314889813822, "log10_min_child_weight": 0.8178883963891015, "log10_subsample": -0.8757844664255758, "max_depth": 2.0, "num_boost_round": 23.0}, "datetime": {"datetime": "2024-01-19 01:35:21", "elapsed": 5022.067268, "delta": 0.00558}}
{"target": -13.75853568857932, "params": {"gamma": 946.4406194708051, "log10_alpha": -4.2248862276398915, "log10_colsample_bytree": -0.858040861882187, "log10_eta": -3.951986086637477, "log10_lambda": -0.7684089044650833, "log10_min_child_weight": 0.970589990602328, "log10_subsample": -0.20012416801673505, "max_depth": 3.0, "num_boost_round": 0.0}, "datetime": {"datetime": "2024-01-19 01:36:28", "elapsed": 5089.208299, "delta": 67.141031}}
{"target": -13.758535447498652, "params": {"gamma": 946.4406194708051, "log10_alpha": -4.2248862276398915, "log10_colsample_bytree": -0.858040861882187, "log10_eta": -3.951986086637477, "log10_lambda": -0.7684089044650833, "log10_min_child_weight": 0.970589990602328, "log10_subsample": -0.20012416801673505, "max_depth": 3.0, "num_boost_round": 1.0}, "datetime": {"datetime": "2024-01-19 01:36:28", "elapsed": 5089.214399, "delta": 0.0061}}
{"target": -13.758534862534276, "params": {"gamma": 946.4406194708051, "log10_alpha": -4.2248862276398915, "log10_colsample_bytree": -0.858040861882187, "log10_eta": -3.951986086637477, "log10_lambda": -0.7684089044650833, "log10_min_child_weight": 0.970589990602328, "log10_subsample": -0.20012416801673505, "max_depth": 3.0, "num_boost_round": 2.0}, "datetime": {"datetime": "2024-01-19 01:36:28", "elapsed": 5089.22054, "delta": 0.006141}}
{"target": -13.758535575945611, "params": {"gamma": 946.4406194708051, "log10_alpha": -4.2248862276398915, "log10_colsample_bytree": -0.858040861882187, "log10_eta": -3.951986086637477, "log10_lambda": -0.7684089044650833, "log10_min_child_weight": 0.970589990602328, "log10_subsample": -0.20012416801673505, "max_depth": 3.0, "num_boost_round": 3.0}, "datetime": {"datetime": "2024-01-19 01:36:28", "elapsed": 5089.226131, "delta": 0.005591}}
{"target": -13.758534285147073, "params": {"gamma": 946.4406194708051, "log10_alpha": -4.2248862276398915, "log10_colsample_bytree": -0.858040861882187, "log10_eta": -3.951986086637477, "log10_lambda": -0.7684089044650833, "log10_min_child_weight": 0.970589990602328, "log10_subsample": -0.20012416801673505, "max_depth": 3.0, "num_boost_round": 4.0}, "datetime": {"datetime": "2024-01-19 01:36:28", "elapsed": 5089.23164, "delta": 0.005509}}
{"target": -13.758534166285292, "params": {"gamma": 946.4406194708051, "log10_alpha": -4.2248862276398915, "log10_colsample_bytree": -0.858040861882187, "log10_eta": -3.951986086637477, "log10_lambda": -0.7684089044650833, "log10_min_child_weight": 0.970589990602328, "log10_subsample": -0.20012416801673505, "max_depth": 3.0, "num_boost_round": 5.0}, "datetime": {"datetime": "2024-01-19 01:36:28", "elapsed": 5089.237096, "delta": 0.005456}}
{"target": -13.75853352463083, "params": {"gamma": 946.4406194708051, "log10_alpha": -4.2248862276398915, "log10_colsample_bytree": -0.858040861882187, "log10_eta": -3.951986086637477, "log10_lambda": -0.7684089044650833, "log10_min_child_weight": 0.970589990602328, "log10_subsample": -0.20012416801673505, "max_depth": 3.0, "num_boost_round": 6.0}, "datetime": {"datetime": "2024-01-19 01:36:28", "elapsed": 5089.24258, "delta": 0.005484}}
{"target": -13.758531085593791, "params": {"gamma": 946.4406194708051, "log10_alpha": -4.2248862276398915, "log10_colsample_bytree": -0.858040861882187, "log10_eta": -3.951986086637477, "log10_lambda": -0.7684089044650833, "log10_min_child_weight": 0.970589990602328, "log10_subsample": -0.20012416801673505, "max_depth": 3.0, "num_boost_round": 7.0}, "datetime": {"datetime": "2024-01-19 01:36:28", "elapsed": 5089.248235, "delta": 0.005655}}
{"target": -13.758532044441543, "params": {"gamma": 946.4406194708051, "log10_alpha": -4.2248862276398915, "log10_colsample_bytree": -0.858040861882187, "log10_eta": -3.951986086637477, "log10_lambda": -0.7684089044650833, "log10_min_child_weight": 0.970589990602328, "log10_subsample": -0.20012416801673505, "max_depth": 3.0, "num_boost_round": 8.0}, "datetime": {"datetime": "2024-01-19 01:36:28", "elapsed": 5089.253888, "delta": 0.005653}}
{"target": -13.758531724027685, "params": {"gamma": 946.4406194708051, "log10_alpha": -4.2248862276398915, "log10_colsample_bytree": -0.858040861882187, "log10_eta": -3.951986086637477, "log10_lambda": -0.7684089044650833, "log10_min_child_weight": 0.970589990602328, "log10_subsample": -0.20012416801673505, "max_depth": 3.0, "num_boost_round": 9.0}, "datetime": {"datetime": "2024-01-19 01:36:28", "elapsed": 5089.259818, "delta": 0.00593}}
{"target": -13.758530319547702, "params": {"gamma": 946.4406194708051, "log10_alpha": -4.2248862276398915, "log10_colsample_bytree": -0.858040861882187, "log10_eta": -3.951986086637477, "log10_lambda": -0.7684089044650833, "log10_min_child_weight": 0.970589990602328, "log10_subsample": -0.20012416801673505, "max_depth": 3.0, "num_boost_round": 10.0}, "datetime": {"datetime": "2024-01-19 01:36:28", "elapsed": 5089.265381, "delta": 0.005563}}
{"target": -13.758528946916531, "params": {"gamma": 946.4406194708051, "log10_alpha": -4.2248862276398915, "log10_colsample_bytree": -0.858040861882187, "log10_eta": -3.951986086637477, "log10_lambda": -0.7684089044650833, "log10_min_child_weight": 0.970589990602328, "log10_subsample": -0.20012416801673505, "max_depth": 3.0, "num_boost_round": 11.0}, "datetime": {"datetime": "2024-01-19 01:36:28", "elapsed": 5089.270904, "delta": 0.005523}}
{"target": -13.75852742796346, "params": {"gamma": 946.4406194708051, "log10_alpha": -4.2248862276398915, "log10_colsample_bytree": -0.858040861882187, "log10_eta": -3.951986086637477, "log10_lambda": -0.7684089044650833, "log10_min_child_weight": 0.970589990602328, "log10_subsample": -0.20012416801673505, "max_depth": 3.0, "num_boost_round": 12.0}, "datetime": {"datetime": "2024-01-19 01:36:28", "elapsed": 5089.276324, "delta": 0.00542}}
{"target": -13.758523995707487, "params": {"gamma": 946.4406194708051, "log10_alpha": -4.2248862276398915, "log10_colsample_bytree": -0.858040861882187, "log10_eta": -3.951986086637477, "log10_lambda": -0.7684089044650833, "log10_min_child_weight": 0.970589990602328, "log10_subsample": -0.20012416801673505, "max_depth": 3.0, "num_boost_round": 13.0}, "datetime": {"datetime": "2024-01-19 01:36:28", "elapsed": 5089.281899, "delta": 0.005575}}
{"target": -13.758523075259756, "params": {"gamma": 946.4406194708051, "log10_alpha": -4.2248862276398915, "log10_colsample_bytree": -0.858040861882187, "log10_eta": -3.951986086637477, "log10_lambda": -0.7684089044650833, "log10_min_child_weight": 0.970589990602328, "log10_subsample": -0.20012416801673505, "max_depth": 3.0, "num_boost_round": 14.0}, "datetime": {"datetime": "2024-01-19 01:36:28", "elapsed": 5089.28754, "delta": 0.005641}}
{"target": -13.758522641208272, "params": {"gamma": 946.4406194708051, "log10_alpha": -4.2248862276398915, "log10_colsample_bytree": -0.858040861882187, "log10_eta": -3.951986086637477, "log10_lambda": -0.7684089044650833, "log10_min_child_weight": 0.970589990602328, "log10_subsample": -0.20012416801673505, "max_depth": 3.0, "num_boost_round": 15.0}, "datetime": {"datetime": "2024-01-19 01:36:28", "elapsed": 5089.293277, "delta": 0.005737}}
{"target": -13.75852163500359, "params": {"gamma": 946.4406194708051, "log10_alpha": -4.2248862276398915, "log10_colsample_bytree": -0.858040861882187, "log10_eta": -3.951986086637477, "log10_lambda": -0.7684089044650833, "log10_min_child_weight": 0.970589990602328, "log10_subsample": -0.20012416801673505, "max_depth": 3.0, "num_boost_round": 16.0}, "datetime": {"datetime": "2024-01-19 01:36:28", "elapsed": 5089.299142, "delta": 0.005865}}
{"target": -13.758521435252801, "params": {"gamma": 946.4406194708051, "log10_alpha": -4.2248862276398915, "log10_colsample_bytree": -0.858040861882187, "log10_eta": -3.951986086637477, "log10_lambda": -0.7684089044650833, "log10_min_child_weight": 0.970589990602328, "log10_subsample": -0.20012416801673505, "max_depth": 3.0, "num_boost_round": 17.0}, "datetime": {"datetime": "2024-01-19 01:36:28", "elapsed": 5089.404148, "delta": 0.105006}}
{"target": -13.758521252801415, "params": {"gamma": 946.4406194708051, "log10_alpha": -4.2248862276398915, "log10_colsample_bytree": -0.858040861882187, "log10_eta": -3.951986086637477, "log10_lambda": -0.7684089044650833, "log10_min_child_weight": 0.970589990602328, "log10_subsample": -0.20012416801673505, "max_depth": 3.0, "num_boost_round": 18.0}, "datetime": {"datetime": "2024-01-19 01:36:28", "elapsed": 5089.410428, "delta": 0.00628}}
{"target": -13.758520779396553, "params": {"gamma": 946.4406194708051, "log10_alpha": -4.2248862276398915, "log10_colsample_bytree": -0.858040861882187, "log10_eta": -3.951986086637477, "log10_lambda": -0.7684089044650833, "log10_min_child_weight": 0.970589990602328, "log10_subsample": -0.20012416801673505, "max_depth": 3.0, "num_boost_round": 19.0}, "datetime": {"datetime": "2024-01-19 01:36:28", "elapsed": 5089.416205, "delta": 0.005777}}
{"target": -13.758616651539173, "params": {"gamma": 937.0114535594903, "log10_alpha": -4.610127560390482, "log10_colsample_bytree": -0.1666203760564764, "log10_eta": -2.723099176688477, "log10_lambda": 0.20756850846247232, "log10_min_child_weight": 0.25693522716335904, "log10_subsample": -0.35964388227159905, "max_depth": 9.0, "num_boost_round": 0.0}, "datetime": {"datetime": "2024-01-19 01:38:32", "elapsed": 5213.048012, "delta": 123.631807}}
{"target": -13.758513241950357, "params": {"gamma": 937.0114535594903, "log10_alpha": -4.610127560390482, "log10_colsample_bytree": -0.1666203760564764, "log10_eta": -2.723099176688477, "log10_lambda": 0.20756850846247232, "log10_min_child_weight": 0.25693522716335904, "log10_subsample": -0.35964388227159905, "max_depth": 9.0, "num_boost_round": 1.0}, "datetime": {"datetime": "2024-01-19 01:38:32", "elapsed": 5213.054108, "delta": 0.006096}}
{"target": -13.758431466776019, "params": {"gamma": 937.0114535594903, "log10_alpha": -4.610127560390482, "log10_colsample_bytree": -0.1666203760564764, "log10_eta": -2.723099176688477, "log10_lambda": 0.20756850846247232, "log10_min_child_weight": 0.25693522716335904, "log10_subsample": -0.35964388227159905, "max_depth": 9.0, "num_boost_round": 2.0}, "datetime": {"datetime": "2024-01-19 01:38:32", "elapsed": 5213.059809, "delta": 0.005701}}
{"target": -13.75843210189651, "params": {"gamma": 937.0114535594903, "log10_alpha": -4.610127560390482, "log10_colsample_bytree": -0.1666203760564764, "log10_eta": -2.723099176688477, "log10_lambda": 0.20756850846247232, "log10_min_child_weight": 0.25693522716335904, "log10_subsample": -0.35964388227159905, "max_depth": 9.0, "num_boost_round": 3.0}, "datetime": {"datetime": "2024-01-19 01:38:32", "elapsed": 5213.065395, "delta": 0.005586}}
{"target": -13.75843819319843, "params": {"gamma": 937.0114535594903, "log10_alpha": -4.610127560390482, "log10_colsample_bytree": -0.1666203760564764, "log10_eta": -2.723099176688477, "log10_lambda": 0.20756850846247232, "log10_min_child_weight": 0.25693522716335904, "log10_subsample": -0.35964388227159905, "max_depth": 9.0, "num_boost_round": 4.0}, "datetime": {"datetime": "2024-01-19 01:38:32", "elapsed": 5213.070993, "delta": 0.005598}}
{"target": -13.758385100460742, "params": {"gamma": 937.0114535594903, "log10_alpha": -4.610127560390482, "log10_colsample_bytree": -0.1666203760564764, "log10_eta": -2.723099176688477, "log10_lambda": 0.20756850846247232, "log10_min_child_weight": 0.25693522716335904, "log10_subsample": -0.35964388227159905, "max_depth": 9.0, "num_boost_round": 5.0}, "datetime": {"datetime": "2024-01-19 01:38:32", "elapsed": 5213.076598, "delta": 0.005605}}
{"target": -13.758454067767456, "params": {"gamma": 937.0114535594903, "log10_alpha": -4.610127560390482, "log10_colsample_bytree": -0.1666203760564764, "log10_eta": -2.723099176688477, "log10_lambda": 0.20756850846247232, "log10_min_child_weight": 0.25693522716335904, "log10_subsample": -0.35964388227159905, "max_depth": 9.0, "num_boost_round": 6.0}, "datetime": {"datetime": "2024-01-19 01:38:32", "elapsed": 5213.082365, "delta": 0.005767}}
{"target": -13.758349442763649, "params": {"gamma": 937.0114535594903, "log10_alpha": -4.610127560390482, "log10_colsample_bytree": -0.1666203760564764, "log10_eta": -2.723099176688477, "log10_lambda": 0.20756850846247232, "log10_min_child_weight": 0.25693522716335904, "log10_subsample": -0.35964388227159905, "max_depth": 9.0, "num_boost_round": 7.0}, "datetime": {"datetime": "2024-01-19 01:38:32", "elapsed": 5213.088167, "delta": 0.005802}}
{"target": -13.758287936199762, "params": {"gamma": 937.0114535594903, "log10_alpha": -4.610127560390482, "log10_colsample_bytree": -0.1666203760564764, "log10_eta": -2.723099176688477, "log10_lambda": 0.20756850846247232, "log10_min_child_weight": 0.25693522716335904, "log10_subsample": -0.35964388227159905, "max_depth": 9.0, "num_boost_round": 8.0}, "datetime": {"datetime": "2024-01-19 01:38:32", "elapsed": 5213.093997, "delta": 0.00583}}
{"target": -13.758211203443189, "params": {"gamma": 937.0114535594903, "log10_alpha": -4.610127560390482, "log10_colsample_bytree": -0.1666203760564764, "log10_eta": -2.723099176688477, "log10_lambda": 0.20756850846247232, "log10_min_child_weight": 0.25693522716335904, "log10_subsample": -0.35964388227159905, "max_depth": 9.0, "num_boost_round": 9.0}, "datetime": {"datetime": "2024-01-19 01:38:32", "elapsed": 5213.099544, "delta": 0.005547}}
{"target": -13.758259695892109, "params": {"gamma": 937.0114535594903, "log10_alpha": -4.610127560390482, "log10_colsample_bytree": -0.1666203760564764, "log10_eta": -2.723099176688477, "log10_lambda": 0.20756850846247232, "log10_min_child_weight": 0.25693522716335904, "log10_subsample": -0.35964388227159905, "max_depth": 9.0, "num_boost_round": 10.0}, "datetime": {"datetime": "2024-01-19 01:38:32", "elapsed": 5213.105034, "delta": 0.00549}}
{"target": -13.758497848998825, "params": {"gamma": 928.9455463966528, "log10_alpha": -0.5856818988752455, "log10_colsample_bytree": -0.023813203232505464, "log10_eta": -3.04520689437275, "log10_lambda": -4.069864637403169, "log10_min_child_weight": 1.7674296317702924, "log10_subsample": -0.4548929213223154, "max_depth": 7.0, "num_boost_round": 0.0}, "datetime": {"datetime": "2024-01-19 01:41:07", "elapsed": 5368.184282, "delta": 155.079248}}
{"target": -13.75853046307975, "params": {"gamma": 928.9455463966528, "log10_alpha": -0.5856818988752455, "log10_colsample_bytree": -0.023813203232505464, "log10_eta": -3.04520689437275, "log10_lambda": -4.069864637403169, "log10_min_child_weight": 1.7674296317702924, "log10_subsample": -0.4548929213223154, "max_depth": 7.0, "num_boost_round": 1.0}, "datetime": {"datetime": "2024-01-19 01:41:07", "elapsed": 5368.190761, "delta": 0.006479}}
{"target": -13.758528790262103, "params": {"gamma": 928.9455463966528, "log10_alpha": -0.5856818988752455, "log10_colsample_bytree": -0.023813203232505464, "log10_eta": -3.04520689437275, "log10_lambda": -4.069864637403169, "log10_min_child_weight": 1.7674296317702924, "log10_subsample": -0.4548929213223154, "max_depth": 7.0, "num_boost_round": 2.0}, "datetime": {"datetime": "2024-01-19 01:41:07", "elapsed": 5368.196459, "delta": 0.005698}}
{"target": -13.758496018163967, "params": {"gamma": 928.9455463966528, "log10_alpha": -0.5856818988752455, "log10_colsample_bytree": -0.023813203232505464, "log10_eta": -3.04520689437275, "log10_lambda": -4.069864637403169, "log10_min_child_weight": 1.7674296317702924, "log10_subsample": -0.4548929213223154, "max_depth": 7.0, "num_boost_round": 3.0}, "datetime": {"datetime": "2024-01-19 01:41:07", "elapsed": 5368.202255, "delta": 0.005796}}
{"target": -13.758458811396089, "params": {"gamma": 928.9455463966528, "log10_alpha": -0.5856818988752455, "log10_colsample_bytree": -0.023813203232505464, "log10_eta": -3.04520689437275, "log10_lambda": -4.069864637403169, "log10_min_child_weight": 1.7674296317702924, "log10_subsample": -0.4548929213223154, "max_depth": 7.0, "num_boost_round": 4.0}, "datetime": {"datetime": "2024-01-19 01:41:07", "elapsed": 5368.208272, "delta": 0.006017}}
{"target": -13.75846767542889, "params": {"gamma": 928.9455463966528, "log10_alpha": -0.5856818988752455, "log10_colsample_bytree": -0.023813203232505464, "log10_eta": -3.04520689437275, "log10_lambda": -4.069864637403169, "log10_min_child_weight": 1.7674296317702924, "log10_subsample": -0.4548929213223154, "max_depth": 7.0, "num_boost_round": 5.0}, "datetime": {"datetime": "2024-01-19 01:41:07", "elapsed": 5368.213987, "delta": 0.005715}}
{"target": -13.758495260214945, "params": {"gamma": 928.9455463966528, "log10_alpha": -0.5856818988752455, "log10_colsample_bytree": -0.023813203232505464, "log10_eta": -3.04520689437275, "log10_lambda": -4.069864637403169, "log10_min_child_weight": 1.7674296317702924, "log10_subsample": -0.4548929213223154, "max_depth": 7.0, "num_boost_round": 6.0}, "datetime": {"datetime": "2024-01-19 01:41:07", "elapsed": 5368.219473, "delta": 0.005486}}
{"target": -13.758471994109026, "params": {"gamma": 928.9455463966528, "log10_alpha": -0.5856818988752455, "log10_colsample_bytree": -0.023813203232505464, "log10_eta": -3.04520689437275, "log10_lambda": -4.069864637403169, "log10_min_child_weight": 1.7674296317702924, "log10_subsample": -0.4548929213223154, "max_depth": 7.0, "num_boost_round": 7.0}, "datetime": {"datetime": "2024-01-19 01:41:07", "elapsed": 5368.224958, "delta": 0.005485}}
{"target": -13.7584390629218, "params": {"gamma": 928.9455463966528, "log10_alpha": -0.5856818988752455, "log10_colsample_bytree": -0.023813203232505464, "log10_eta": -3.04520689437275, "log10_lambda": -4.069864637403169, "log10_min_child_weight": 1.7674296317702924, "log10_subsample": -0.4548929213223154, "max_depth": 7.0, "num_boost_round": 8.0}, "datetime": {"datetime": "2024-01-19 01:41:07", "elapsed": 5368.230647, "delta": 0.005689}}
{"target": -13.758413139295918, "params": {"gamma": 928.9455463966528, "log10_alpha": -0.5856818988752455, "log10_colsample_bytree": -0.023813203232505464, "log10_eta": -3.04520689437275, "log10_lambda": -4.069864637403169, "log10_min_child_weight": 1.7674296317702924, "log10_subsample": -0.4548929213223154, "max_depth": 7.0, "num_boost_round": 9.0}, "datetime": {"datetime": "2024-01-19 01:41:07", "elapsed": 5368.236104, "delta": 0.005457}}
