{"target": -17.677079063449586, "params": {"gamma": 390.8442424412433, "log10_alpha": -4.760472747940494, "log10_colsample_bytree": -0.9107922068485927, "log10_eta": -3.509487041239573, "log10_lambda": -1.4576856729137821, "log10_min_child_weight": 0.10462407466086232, "log10_subsample": -0.21252636786353118, "max_depth": 7.0, "num_boost_round": 18.0}, "datetime": {"datetime": "2024-01-19 01:43:26", "elapsed": 5496.23295, "delta": 0.005478}}
{"target": -17.677061386798975, "params": {"gamma": 390.8442424412433, "log10_alpha": -4.760472747940494, "log10_colsample_bytree": -0.9107922068485927, "log10_eta": -3.509487041239573, "log10_lambda": -1.4576856729137821, "log10_min_child_weight": 0.10462407466086232, "log10_subsample": -0.21252636786353118, "max_depth": 7.0, "num_boost_round": 19.0}, "datetime": {"datetime": "2024-01-19 01:43:26", "elapsed": 5496.238246, "delta": 0.005296}}
{"target": -17.677036295154565, "params": {"gamma": 390.8442424412433, "log10_alpha": -4.760472747940494, "log10_colsample_bytree": -0.9107922068485927, "log10_eta": -3.509487041239573, "log10_lambda": -1.4576856729137821, "log10_min_child_weight": 0.10462407466086232, "log10_subsample": -0.21252636786353118, "max_depth": 7.0, "num_boost_round": 20.0}, "datetime": {"datetime": "2024-01-19 01:43:26", "elapsed": 5496.243928, "delta": 0.005682}}
{"target": -17.677012914988122, "params": {"gamma": 390.8442424412433, "log10_alpha": -4.760472747940494, "log10_colsample_bytree": -0.9107922068485927, "log10_eta": -3.509487041239573, "log10_lambda": -1.4576856729137821, "log10_min_child_weight": 0.10462407466086232, "log10_subsample": -0.21252636786353118, "max_depth": 7.0, "num_boost_round": 21.0}, "datetime": {"datetime": "2024-01-19 01:43:26", "elapsed": 5496.249349, "delta": 0.005421}}
{"target": -17.67698927714171, "params": {"gamma": 390.8442424412433, "log10_alpha": -4.760472747940494, "log10_colsample_bytree": -0.9107922068485927, "log10_eta": -3.509487041239573, "log10_lambda": -1.4576856729137821, "log10_min_child_weight": 0.10462407466086232, "log10_subsample": -0.21252636786353118, "max_depth": 7.0, "num_boost_round": 22.0}, "datetime": {"datetime": "2024-01-19 01:43:26", "elapsed": 5496.254799, "delta": 0.00545}}
{"target": -17.676964403341803, "params": {"gamma": 390.8442424412433, "log10_alpha": -4.760472747940494, "log10_colsample_bytree": -0.9107922068485927, "log10_eta": -3.509487041239573, "log10_lambda": -1.4576856729137821, "log10_min_child_weight": 0.10462407466086232, "log10_subsample": -0.21252636786353118, "max_depth": 7.0, "num_boost_round": 23.0}, "datetime": {"datetime": "2024-01-19 01:43:26", "elapsed": 5496.260153, "delta": 0.005354}}
{"target": -17.67696797938451, "params": {"gamma": 390.8442424412433, "log10_alpha": -4.760472747940494, "log10_colsample_bytree": -0.9107922068485927, "log10_eta": -3.509487041239573, "log10_lambda": -1.4576856729137821, "log10_min_child_weight": 0.10462407466086232, "log10_subsample": -0.21252636786353118, "max_depth": 7.0, "num_boost_round": 24.0}, "datetime": {"datetime": "2024-01-19 01:43:26", "elapsed": 5496.26615, "delta": 0.005997}}
{"target": -17.676946812662592, "params": {"gamma": 390.8442424412433, "log10_alpha": -4.760472747940494, "log10_colsample_bytree": -0.9107922068485927, "log10_eta": -3.509487041239573, "log10_lambda": -1.4576856729137821, "log10_min_child_weight": 0.10462407466086232, "log10_subsample": -0.21252636786353118, "max_depth": 7.0, "num_boost_round": 25.0}, "datetime": {"datetime": "2024-01-19 01:43:26", "elapsed": 5496.271598, "delta": 0.005448}}
{"target": -17.676939804587718, "params": {"gamma": 390.8442424412433, "log10_alpha": -4.760472747940494, "log10_colsample_bytree": -0.9107922068485927, "log10_eta": -3.509487041239573, "log10_lambda": -1.4576856729137821, "log10_min_child_weight": 0.10462407466086232, "log10_subsample": -0.21252636786353118, "max_depth": 7.0, "num_boost_round": 26.0}, "datetime": {"datetime": "2024-01-19 01:43:26", "elapsed": 5496.276884, "delta": 0.005286}}
{"target": -17.67694038308108, "params": {"gamma": 390.8442424412433, "log10_alpha": -4.760472747940494, "log10_colsample_bytree": -0.9107922068485927, "log10_eta": -3.509487041239573, "log10_lambda": -1.4576856729137821, "log10_min_child_weight": 0.10462407466086232, "log10_subsample": -0.21252636786353118, "max_depth": 7.0, "num_boost_round": 27.0}, "datetime": {"datetime": "2024-01-19 01:43:26", "elapsed": 5496.282281, "delta": 0.005397}}
{"target": -17.67692297305486, "params": {"gamma": 390.8442424412433, "log10_alpha": -4.760472747940494, "log10_colsample_bytree": -0.9107922068485927, "log10_eta": -3.509487041239573, "log10_lambda": -1.4576856729137821, "log10_min_child_weight": 0.10462407466086232, "log10_subsample": -0.21252636786353118, "max_depth": 7.0, "num_boost_round": 28.0}, "datetime": {"datetime": "2024-01-19 01:43:26", "elapsed": 5496.287579, "delta": 0.005298}}
{"target": -17.67724701445987, "params": {"gamma": 393.2556831206415, "log10_alpha": -0.7110579198652935, "log10_colsample_bytree": -0.03227089659545701, "log10_eta": -3.2777351962159176, "log10_lambda": -1.7800137549821784, "log10_min_child_weight": 3.6503121746493434, "log10_subsample": -0.8751647371153183, "max_depth": 3.0, "num_boost_round": 0.0}, "datetime": {"datetime": "2024-01-19 01:44:38", "elapsed": 5568.257572, "delta": 71.969993}}
{"target": -17.67725935518994, "params": {"gamma": 393.2556831206415, "log10_alpha": -0.7110579198652935, "log10_colsample_bytree": -0.03227089659545701, "log10_eta": -3.2777351962159176, "log10_lambda": -1.7800137549821784, "log10_min_child_weight": 3.6503121746493434, "log10_subsample": -0.8751647371153183, "max_depth": 3.0, "num_boost_round": 1.0}, "datetime": {"datetime": "2024-01-19 01:44:38", "elapsed": 5568.264132, "delta": 0.00656}}
{"target": -17.677257094044222, "params": {"gamma": 393.2556831206415, "log10_alpha": -0.7110579198652935, "log10_colsample_bytree": -0.03227089659545701, "log10_eta": -3.2777351962159176, "log10_lambda": -1.7800137549821784, "log10_min_child_weight": 3.6503121746493434, "log10_subsample": -0.8751647371153183, "max_depth": 3.0, "num_boost_round": 2.0}, "datetime": {"datetime": "2024-01-19 01:44:38", "elapsed": 5568.269544, "delta": 0.005412}}
{"target": -17.677270485561202, "params": {"gamma": 393.2556831206415, "log10_alpha": -0.7110579198652935, "log10_colsample_bytree": -0.03227089659545701, "log10_eta": -3.2777351962159176, "log10_lambda": -1.7800137549821784, "log10_min_child_weight": 3.6503121746493434, "log10_subsample": -0.8751647371153183, "max_depth": 3.0, "num_boost_round": 3.0}, "datetime": {"datetime": "2024-01-19 01:44:38", "elapsed": 5568.274912, "delta": 0.005368}}
{"target": -17.677286709579587, "params": {"gamma": 393.2556831206415, "log10_alpha": -0.7110579198652935, "log10_colsample_bytree": -0.03227089659545701, "log10_eta": -3.2777351962159176, "log10_lambda": -1.7800137549821784, "log10_min_child_weight": 3.6503121746493434, "log10_subsample": -0.8751647371153183, "max_depth": 3.0, "num_boost_round": 4.0}, "datetime": {"datetime": "2024-01-19 01:44:38", "elapsed": 5568.28006, "delta": 0.005148}}
{"target": -17.677284007206975, "params": {"gamma": 393.2556831206415, "log10_alpha": -0.7110579198652935, "log10_colsample_bytree": -0.03227089659545701, "log10_eta": -3.2777351962159176, "log10_lambda": -1.7800137549821784, "log10_min_child_weight": 3.6503121746493434, "log10_subsample": -0.8751647371153183, "max_depth": 3.0, "num_boost_round": 5.0}, "datetime": {"datetime": "2024-01-19 01:44:38", "elapsed": 5568.285398, "delta": 0.005338}}
{"target": -17.677289494695152, "params": {"gamma": 393.2556831206415, "log10_alpha": -0.7110579198652935, "log10_colsample_bytree": -0.03227089659545701, "log10_eta": -3.2777351962159176, "log10_lambda": -1.7800137549821784, "log10_min_child_weight": 3.6503121746493434, "log10_subsample": -0.8751647371153183, "max_depth": 3.0, "num_boost_round": 6.0}, "datetime": {"datetime": "2024-01-19 01:44:38", "elapsed": 5568.290704, "delta": 0.005306}}
{"target": -17.67728658111997, "params": {"gamma": 393.2556831206415, "log10_alpha": -0.7110579198652935, "log10_colsample_bytree": -0.03227089659545701, "log10_eta": -3.2777351962159176, "log10_lambda": -1.7800137549821784, "log10_min_child_weight": 3.6503121746493434, "log10_subsample": -0.8751647371153183, "max_depth": 3.0, "num_boost_round": 7.0}, "datetime": {"datetime": "2024-01-19 01:44:38", "elapsed": 5568.295885, "delta": 0.005181}}
{"target": -17.677284027831515, "params": {"gamma": 393.2556831206415, "log10_alpha": -0.7110579198652935, "log10_colsample_bytree": -0.03227089659545701, "log10_eta": -3.2777351962159176, "log10_lambda": -1.7800137549821784, "log10_min_child_weight": 3.6503121746493434, "log10_subsample": -0.8751647371153183, "max_depth": 3.0, "num_boost_round": 8.0}, "datetime": {"datetime": "2024-01-19 01:44:38", "elapsed": 5568.301246, "delta": 0.005361}}
{"target": -17.677280504368955, "params": {"gamma": 393.2556831206415, "log10_alpha": -0.7110579198652935, "log10_colsample_bytree": -0.03227089659545701, "log10_eta": -3.2777351962159176, "log10_lambda": -1.7800137549821784, "log10_min_child_weight": 3.6503121746493434, "log10_subsample": -0.8751647371153183, "max_depth": 3.0, "num_boost_round": 9.0}, "datetime": {"datetime": "2024-01-19 01:44:38", "elapsed": 5568.306601, "delta": 0.005355}}
{"target": -17.67727797507314, "params": {"gamma": 393.2556831206415, "log10_alpha": -0.7110579198652935, "log10_colsample_bytree": -0.03227089659545701, "log10_eta": -3.2777351962159176, "log10_lambda": -1.7800137549821784, "log10_min_child_weight": 3.6503121746493434, "log10_subsample": -0.8751647371153183, "max_depth": 3.0, "num_boost_round": 10.0}, "datetime": {"datetime": "2024-01-19 01:44:38", "elapsed": 5568.311832, "delta": 0.005231}}
{"target": -17.677273836116374, "params": {"gamma": 393.2556831206415, "log10_alpha": -0.7110579198652935, "log10_colsample_bytree": -0.03227089659545701, "log10_eta": -3.2777351962159176, "log10_lambda": -1.7800137549821784, "log10_min_child_weight": 3.6503121746493434, "log10_subsample": -0.8751647371153183, "max_depth": 3.0, "num_boost_round": 11.0}, "datetime": {"datetime": "2024-01-19 01:44:38", "elapsed": 5568.317014, "delta": 0.005182}}
{"target": -17.677285022343714, "params": {"gamma": 393.2556831206415, "log10_alpha": -0.7110579198652935, "log10_colsample_bytree": -0.03227089659545701, "log10_eta": -3.2777351962159176, "log10_lambda": -1.7800137549821784, "log10_min_child_weight": 3.6503121746493434, "log10_subsample": -0.8751647371153183, "max_depth": 3.0, "num_boost_round": 12.0}, "datetime": {"datetime": "2024-01-19 01:44:38", "elapsed": 5568.322332, "delta": 0.005318}}
{"target": -17.677284266513755, "params": {"gamma": 393.2556831206415, "log10_alpha": -0.7110579198652935, "log10_colsample_bytree": -0.03227089659545701, "log10_eta": -3.2777351962159176, "log10_lambda": -1.7800137549821784, "log10_min_child_weight": 3.6503121746493434, "log10_subsample": -0.8751647371153183, "max_depth": 3.0, "num_boost_round": 13.0}, "datetime": {"datetime": "2024-01-19 01:44:38", "elapsed": 5568.32754, "delta": 0.005208}}
{"target": -17.677278454970644, "params": {"gamma": 393.2556831206415, "log10_alpha": -0.7110579198652935, "log10_colsample_bytree": -0.03227089659545701, "log10_eta": -3.2777351962159176, "log10_lambda": -1.7800137549821784, "log10_min_child_weight": 3.6503121746493434, "log10_subsample": -0.8751647371153183, "max_depth": 3.0, "num_boost_round": 14.0}, "datetime": {"datetime": "2024-01-19 01:44:38", "elapsed": 5568.333328, "delta": 0.005788}}
{"target": -17.677276119096206, "params": {"gamma": 393.2556831206415, "log10_alpha": -0.7110579198652935, "log10_colsample_bytree": -0.03227089659545701, "log10_eta": -3.2777351962159176, "log10_lambda": -1.7800137549821784, "log10_min_child_weight": 3.6503121746493434, "log10_subsample": -0.8751647371153183, "max_depth": 3.0, "num_boost_round": 15.0}, "datetime": {"datetime": "2024-01-19 01:44:38", "elapsed": 5568.339479, "delta": 0.006151}}
{"target": -17.67726706000845, "params": {"gamma": 393.2556831206415, "log10_alpha": -0.7110579198652935, "log10_colsample_bytree": -0.03227089659545701, "log10_eta": -3.2777351962159176, "log10_lambda": -1.7800137549821784, "log10_min_child_weight": 3.6503121746493434, "log10_subsample": -0.8751647371153183, "max_depth": 3.0, "num_boost_round": 16.0}, "datetime": {"datetime": "2024-01-19 01:44:38", "elapsed": 5568.345151, "delta": 0.005672}}
{"target": -17.67725991769875, "params": {"gamma": 393.2556831206415, "log10_alpha": -0.7110579198652935, "log10_colsample_bytree": -0.03227089659545701, "log10_eta": -3.2777351962159176, "log10_lambda": -1.7800137549821784, "log10_min_child_weight": 3.6503121746493434, "log10_subsample": -0.8751647371153183, "max_depth": 3.0, "num_boost_round": 17.0}, "datetime": {"datetime": "2024-01-19 01:44:38", "elapsed": 5568.350521, "delta": 0.00537}}
{"target": -17.677256848165822, "params": {"gamma": 393.2556831206415, "log10_alpha": -0.7110579198652935, "log10_colsample_bytree": -0.03227089659545701, "log10_eta": -3.2777351962159176, "log10_lambda": -1.7800137549821784, "log10_min_child_weight": 3.6503121746493434, "log10_subsample": -0.8751647371153183, "max_depth": 3.0, "num_boost_round": 18.0}, "datetime": {"datetime": "2024-01-19 01:44:38", "elapsed": 5568.356048, "delta": 0.005527}}
{"target": -17.677255182748354, "params": {"gamma": 393.2556831206415, "log10_alpha": -0.7110579198652935, "log10_colsample_bytree": -0.03227089659545701, "log10_eta": -3.2777351962159176, "log10_lambda": -1.7800137549821784, "log10_min_child_weight": 3.6503121746493434, "log10_subsample": -0.8751647371153183, "max_depth": 3.0, "num_boost_round": 19.0}, "datetime": {"datetime": "2024-01-19 01:44:38", "elapsed": 5568.36148, "delta": 0.005432}}
{"target": -17.677252316221683, "params": {"gamma": 393.2556831206415, "log10_alpha": -0.7110579198652935, "log10_colsample_bytree": -0.03227089659545701, "log10_eta": -3.2777351962159176, "log10_lambda": -1.7800137549821784, "log10_min_child_weight": 3.6503121746493434, "log10_subsample": -0.8751647371153183, "max_depth": 3.0, "num_boost_round": 20.0}, "datetime": {"datetime": "2024-01-19 01:44:38", "elapsed": 5568.366759, "delta": 0.005279}}
{"target": -17.677264888733575, "params": {"gamma": 393.2556831206415, "log10_alpha": -0.7110579198652935, "log10_colsample_bytree": -0.03227089659545701, "log10_eta": -3.2777351962159176, "log10_lambda": -1.7800137549821784, "log10_min_child_weight": 3.6503121746493434, "log10_subsample": -0.8751647371153183, "max_depth": 3.0, "num_boost_round": 21.0}, "datetime": {"datetime": "2024-01-19 01:44:38", "elapsed": 5568.372191, "delta": 0.005432}}
{"target": -17.677257252668433, "params": {"gamma": 393.2556831206415, "log10_alpha": -0.7110579198652935, "log10_colsample_bytree": -0.03227089659545701, "log10_eta": -3.2777351962159176, "log10_lambda": -1.7800137549821784, "log10_min_child_weight": 3.6503121746493434, "log10_subsample": -0.8751647371153183, "max_depth": 3.0, "num_boost_round": 22.0}, "datetime": {"datetime": "2024-01-19 01:44:38", "elapsed": 5568.377694, "delta": 0.005503}}
{"target": -17.677260020643367, "params": {"gamma": 393.2556831206415, "log10_alpha": -0.7110579198652935, "log10_colsample_bytree": -0.03227089659545701, "log10_eta": -3.2777351962159176, "log10_lambda": -1.7800137549821784, "log10_min_child_weight": 3.6503121746493434, "log10_subsample": -0.8751647371153183, "max_depth": 3.0, "num_boost_round": 23.0}, "datetime": {"datetime": "2024-01-19 01:44:38", "elapsed": 5568.382923, "delta": 0.005229}}
{"target": -17.677268473347066, "params": {"gamma": 393.2556831206415, "log10_alpha": -0.7110579198652935, "log10_colsample_bytree": -0.03227089659545701, "log10_eta": -3.2777351962159176, "log10_lambda": -1.7800137549821784, "log10_min_child_weight": 3.6503121746493434, "log10_subsample": -0.8751647371153183, "max_depth": 3.0, "num_boost_round": 24.0}, "datetime": {"datetime": "2024-01-19 01:44:38", "elapsed": 5568.38842, "delta": 0.005497}}
{"target": -17.677262929183115, "params": {"gamma": 393.2556831206415, "log10_alpha": -0.7110579198652935, "log10_colsample_bytree": -0.03227089659545701, "log10_eta": -3.2777351962159176, "log10_lambda": -1.7800137549821784, "log10_min_child_weight": 3.6503121746493434, "log10_subsample": -0.8751647371153183, "max_depth": 3.0, "num_boost_round": 25.0}, "datetime": {"datetime": "2024-01-19 01:44:38", "elapsed": 5568.393785, "delta": 0.005365}}
{"target": -17.677273729756326, "params": {"gamma": 393.2556831206415, "log10_alpha": -0.7110579198652935, "log10_colsample_bytree": -0.03227089659545701, "log10_eta": -3.2777351962159176, "log10_lambda": -1.7800137549821784, "log10_min_child_weight": 3.6503121746493434, "log10_subsample": -0.8751647371153183, "max_depth": 3.0, "num_boost_round": 26.0}, "datetime": {"datetime": "2024-01-19 01:44:38", "elapsed": 5568.399111, "delta": 0.005326}}
{"target": -17.677266089263018, "params": {"gamma": 393.2556831206415, "log10_alpha": -0.7110579198652935, "log10_colsample_bytree": -0.03227089659545701, "log10_eta": -3.2777351962159176, "log10_lambda": -1.7800137549821784, "log10_min_child_weight": 3.6503121746493434, "log10_subsample": -0.8751647371153183, "max_depth": 3.0, "num_boost_round": 27.0}, "datetime": {"datetime": "2024-01-19 01:44:38", "elapsed": 5568.404531, "delta": 0.00542}}
{"target": -17.677263566335466, "params": {"gamma": 393.2556831206415, "log10_alpha": -0.7110579198652935, "log10_colsample_bytree": -0.03227089659545701, "log10_eta": -3.2777351962159176, "log10_lambda": -1.7800137549821784, "log10_min_child_weight": 3.6503121746493434, "log10_subsample": -0.8751647371153183, "max_depth": 3.0, "num_boost_round": 28.0}, "datetime": {"datetime": "2024-01-19 01:44:38", "elapsed": 5568.410094, "delta": 0.005563}}
{"target": -17.677273087764053, "params": {"gamma": 393.2556831206415, "log10_alpha": -0.7110579198652935, "log10_colsample_bytree": -0.03227089659545701, "log10_eta": -3.2777351962159176, "log10_lambda": -1.7800137549821784, "log10_min_child_weight": 3.6503121746493434, "log10_subsample": -0.8751647371153183, "max_depth": 3.0, "num_boost_round": 29.0}, "datetime": {"datetime": "2024-01-19 01:44:38", "elapsed": 5568.527069, "delta": 0.116975}}
{"target": -17.677275717556807, "params": {"gamma": 393.2556831206415, "log10_alpha": -0.7110579198652935, "log10_colsample_bytree": -0.03227089659545701, "log10_eta": -3.2777351962159176, "log10_lambda": -1.7800137549821784, "log10_min_child_weight": 3.6503121746493434, "log10_subsample": -0.8751647371153183, "max_depth": 3.0, "num_boost_round": 30.0}, "datetime": {"datetime": "2024-01-19 01:44:38", "elapsed": 5568.533755, "delta": 0.006686}}
{"target": -17.67726863525427, "params": {"gamma": 393.2556831206415, "log10_alpha": -0.7110579198652935, "log10_colsample_bytree": -0.03227089659545701, "log10_eta": -3.2777351962159176, "log10_lambda": -1.7800137549821784, "log10_min_child_weight": 3.6503121746493434, "log10_subsample": -0.8751647371153183, "max_depth": 3.0, "num_boost_round": 31.0}, "datetime": {"datetime": "2024-01-19 01:44:38", "elapsed": 5568.539399, "delta": 0.005644}}
{"target": -17.677260140387343, "params": {"gamma": 393.2556831206415, "log10_alpha": -0.7110579198652935, "log10_colsample_bytree": -0.03227089659545701, "log10_eta": -3.2777351962159176, "log10_lambda": -1.7800137549821784, "log10_min_child_weight": 3.6503121746493434, "log10_subsample": -0.8751647371153183, "max_depth": 3.0, "num_boost_round": 32.0}, "datetime": {"datetime": "2024-01-19 01:44:38", "elapsed": 5568.544878, "delta": 0.005479}}
{"target": -17.67725226203414, "params": {"gamma": 393.2556831206415, "log10_alpha": -0.7110579198652935, "log10_colsample_bytree": -0.03227089659545701, "log10_eta": -3.2777351962159176, "log10_lambda": -1.7800137549821784, "log10_min_child_weight": 3.6503121746493434, "log10_subsample": -0.8751647371153183, "max_depth": 3.0, "num_boost_round": 33.0}, "datetime": {"datetime": "2024-01-19 01:44:38", "elapsed": 5568.550395, "delta": 0.005517}}
{"target": -17.677231630624192, "params": {"gamma": 396.7165509634395, "log10_alpha": -0.014553904405134759, "log10_colsample_bytree": 0.0, "log10_eta": -2.6969602938663404, "log10_lambda": -4.283286198049758, "log10_min_child_weight": 5.0, "log10_subsample": -0.6987316598656642, "max_depth": 7.0, "num_boost_round": 0.0}, "datetime": {"datetime": "2024-01-19 01:46:20", "elapsed": 5670.383206, "delta": 101.832811}}
{"target": -17.677231734872112, "params": {"gamma": 396.7165509634395, "log10_alpha": -0.014553904405134759, "log10_colsample_bytree": 0.0, "log10_eta": -2.6969602938663404, "log10_lambda": -4.283286198049758, "log10_min_child_weight": 5.0, "log10_subsample": -0.6987316598656642, "max_depth": 7.0, "num_boost_round": 1.0}, "datetime": {"datetime": "2024-01-19 01:46:20", "elapsed": 5670.389166, "delta": 0.00596}}
{"target": -17.677230706742186, "params": {"gamma": 396.7165509634395, "log10_alpha": -0.014553904405134759, "log10_colsample_bytree": 0.0, "log10_eta": -2.6969602938663404, "log10_lambda": -4.283286198049758, "log10_min_child_weight": 5.0, "log10_subsample": -0.6987316598656642, "max_depth": 7.0, "num_boost_round": 2.0}, "datetime": {"datetime": "2024-01-19 01:46:20", "elapsed": 5670.394817, "delta": 0.005651}}
{"target": -17.677231266077243, "params": {"gamma": 396.7165509634395, "log10_alpha": -0.014553904405134759, "log10_colsample_bytree": 0.0, "log10_eta": -2.6969602938663404, "log10_lambda": -4.283286198049758, "log10_min_child_weight": 5.0, "log10_subsample": -0.6987316598656642, "max_depth": 7.0, "num_boost_round": 3.0}, "datetime": {"datetime": "2024-01-19 01:46:20", "elapsed": 5670.400305, "delta": 0.005488}}
