{"target": -13.758465709439568, "params": {"gamma": 552.9833856653663, "log10_alpha": -0.2565882411864848, "log10_colsample_bytree": -0.6385328586515283, "log10_eta": -3.751286209506307, "log10_lambda": -0.7532866356887808, "log10_min_child_weight": 2.834205698168095, "log10_subsample": -0.636893846506105, "max_depth": 8.0, "num_boost_round": 16.0}, "datetime": {"datetime": "2024-01-19 01:15:22", "elapsed": 3853.812401, "delta": 0.004107}}
{"target": -13.75846756695884, "params": {"gamma": 552.9833856653663, "log10_alpha": -0.2565882411864848, "log10_colsample_bytree": -0.6385328586515283, "log10_eta": -3.751286209506307, "log10_lambda": -0.7532866356887808, "log10_min_child_weight": 2.834205698168095, "log10_subsample": -0.636893846506105, "max_depth": 8.0, "num_boost_round": 17.0}, "datetime": {"datetime": "2024-01-19 01:15:22", "elapsed": 3853.816557, "delta": 0.004156}}
{"target": -13.758466793502155, "params": {"gamma": 552.9833856653663, "log10_alpha": -0.2565882411864848, "log10_colsample_bytree": -0.6385328586515283, "log10_eta": -3.751286209506307, "log10_lambda": -0.7532866356887808, "log10_min_child_weight": 2.834205698168095, "log10_subsample": -0.636893846506105, "max_depth": 8.0, "num_boost_round": 18.0}, "datetime": {"datetime": "2024-01-19 01:15:22", "elapsed": 3853.820838, "delta": 0.004281}}
{"target": -13.75846296585977, "params": {"gamma": 552.9833856653663, "log10_alpha": -0.2565882411864848, "log10_colsample_bytree": -0.6385328586515283, "log10_eta": -3.751286209506307, "log10_lambda": -0.7532866356887808, "log10_min_child_weight": 2.834205698168095, "log10_subsample": -0.636893846506105, "max_depth": 8.0, "num_boost_round": 19.0}, "datetime": {"datetime": "2024-01-19 01:15:22", "elapsed": 3853.825029, "delta": 0.004191}}
{"target": -13.758460822005262, "params": {"gamma": 552.9833856653663, "log10_alpha": -0.2565882411864848, "log10_colsample_bytree": -0.6385328586515283, "log10_eta": -3.751286209506307, "log10_lambda": -0.7532866356887808, "log10_min_child_weight": 2.834205698168095, "log10_subsample": -0.636893846506105, "max_depth": 8.0, "num_boost_round": 20.0}, "datetime": {"datetime": "2024-01-19 01:15:22", "elapsed": 3853.829254, "delta": 0.004225}}
{"target": -13.758457571241845, "params": {"gamma": 552.9833856653663, "log10_alpha": -0.2565882411864848, "log10_colsample_bytree": -0.6385328586515283, "log10_eta": -3.751286209506307, "log10_lambda": -0.7532866356887808, "log10_min_child_weight": 2.834205698168095, "log10_subsample": -0.636893846506105, "max_depth": 8.0, "num_boost_round": 21.0}, "datetime": {"datetime": "2024-01-19 01:15:22", "elapsed": 3853.833509, "delta": 0.004255}}
{"target": -13.758456124372243, "params": {"gamma": 552.9833856653663, "log10_alpha": -0.2565882411864848, "log10_colsample_bytree": -0.6385328586515283, "log10_eta": -3.751286209506307, "log10_lambda": -0.7532866356887808, "log10_min_child_weight": 2.834205698168095, "log10_subsample": -0.636893846506105, "max_depth": 8.0, "num_boost_round": 22.0}, "datetime": {"datetime": "2024-01-19 01:15:22", "elapsed": 3853.837656, "delta": 0.004147}}
{"target": -13.75844996738022, "params": {"gamma": 552.9833856653663, "log10_alpha": -0.2565882411864848, "log10_colsample_bytree": -0.6385328586515283, "log10_eta": -3.751286209506307, "log10_lambda": -0.7532866356887808, "log10_min_child_weight": 2.834205698168095, "log10_subsample": -0.636893846506105, "max_depth": 8.0, "num_boost_round": 23.0}, "datetime": {"datetime": "2024-01-19 01:15:22", "elapsed": 3853.841752, "delta": 0.004096}}
{"target": -13.758450191274923, "params": {"gamma": 552.9833856653663, "log10_alpha": -0.2565882411864848, "log10_colsample_bytree": -0.6385328586515283, "log10_eta": -3.751286209506307, "log10_lambda": -0.7532866356887808, "log10_min_child_weight": 2.834205698168095, "log10_subsample": -0.636893846506105, "max_depth": 8.0, "num_boost_round": 24.0}, "datetime": {"datetime": "2024-01-19 01:15:22", "elapsed": 3853.846648, "delta": 0.004896}}
{"target": -13.758443851959022, "params": {"gamma": 552.9833856653663, "log10_alpha": -0.2565882411864848, "log10_colsample_bytree": -0.6385328586515283, "log10_eta": -3.751286209506307, "log10_lambda": -0.7532866356887808, "log10_min_child_weight": 2.834205698168095, "log10_subsample": -0.636893846506105, "max_depth": 8.0, "num_boost_round": 25.0}, "datetime": {"datetime": "2024-01-19 01:15:22", "elapsed": 3853.85112, "delta": 0.004472}}
{"target": -13.758442310041353, "params": {"gamma": 552.9833856653663, "log10_alpha": -0.2565882411864848, "log10_colsample_bytree": -0.6385328586515283, "log10_eta": -3.751286209506307, "log10_lambda": -0.7532866356887808, "log10_min_child_weight": 2.834205698168095, "log10_subsample": -0.636893846506105, "max_depth": 8.0, "num_boost_round": 26.0}, "datetime": {"datetime": "2024-01-19 01:15:22", "elapsed": 3853.856154, "delta": 0.005034}}
{"target": -13.758442424786642, "params": {"gamma": 552.9833856653663, "log10_alpha": -0.2565882411864848, "log10_colsample_bytree": -0.6385328586515283, "log10_eta": -3.751286209506307, "log10_lambda": -0.7532866356887808, "log10_min_child_weight": 2.834205698168095, "log10_subsample": -0.636893846506105, "max_depth": 8.0, "num_boost_round": 27.0}, "datetime": {"datetime": "2024-01-19 01:15:22", "elapsed": 3853.860499, "delta": 0.004345}}
{"target": -13.758436450588544, "params": {"gamma": 552.9833856653663, "log10_alpha": -0.2565882411864848, "log10_colsample_bytree": -0.6385328586515283, "log10_eta": -3.751286209506307, "log10_lambda": -0.7532866356887808, "log10_min_child_weight": 2.834205698168095, "log10_subsample": -0.636893846506105, "max_depth": 8.0, "num_boost_round": 28.0}, "datetime": {"datetime": "2024-01-19 01:15:22", "elapsed": 3853.864883, "delta": 0.004384}}
{"target": -13.758429410886244, "params": {"gamma": 552.9833856653663, "log10_alpha": -0.2565882411864848, "log10_colsample_bytree": -0.6385328586515283, "log10_eta": -3.751286209506307, "log10_lambda": -0.7532866356887808, "log10_min_child_weight": 2.834205698168095, "log10_subsample": -0.636893846506105, "max_depth": 8.0, "num_boost_round": 29.0}, "datetime": {"datetime": "2024-01-19 01:15:22", "elapsed": 3853.869193, "delta": 0.00431}}
{"target": -13.758424110716282, "params": {"gamma": 552.9833856653663, "log10_alpha": -0.2565882411864848, "log10_colsample_bytree": -0.6385328586515283, "log10_eta": -3.751286209506307, "log10_lambda": -0.7532866356887808, "log10_min_child_weight": 2.834205698168095, "log10_subsample": -0.636893846506105, "max_depth": 8.0, "num_boost_round": 30.0}, "datetime": {"datetime": "2024-01-19 01:15:22", "elapsed": 3853.873379, "delta": 0.004186}}
{"target": -13.75841392676369, "params": {"gamma": 552.9833856653663, "log10_alpha": -0.2565882411864848, "log10_colsample_bytree": -0.6385328586515283, "log10_eta": -3.751286209506307, "log10_lambda": -0.7532866356887808, "log10_min_child_weight": 2.834205698168095, "log10_subsample": -0.636893846506105, "max_depth": 8.0, "num_boost_round": 31.0}, "datetime": {"datetime": "2024-01-19 01:15:22", "elapsed": 3853.877455, "delta": 0.004076}}
{"target": -13.758412449721417, "params": {"gamma": 552.9833856653663, "log10_alpha": -0.2565882411864848, "log10_colsample_bytree": -0.6385328586515283, "log10_eta": -3.751286209506307, "log10_lambda": -0.7532866356887808, "log10_min_child_weight": 2.834205698168095, "log10_subsample": -0.636893846506105, "max_depth": 8.0, "num_boost_round": 32.0}, "datetime": {"datetime": "2024-01-19 01:15:22", "elapsed": 3853.881584, "delta": 0.004129}}
{"target": -13.758412652264452, "params": {"gamma": 552.9833856653663, "log10_alpha": -0.2565882411864848, "log10_colsample_bytree": -0.6385328586515283, "log10_eta": -3.751286209506307, "log10_lambda": -0.7532866356887808, "log10_min_child_weight": 2.834205698168095, "log10_subsample": -0.636893846506105, "max_depth": 8.0, "num_boost_round": 33.0}, "datetime": {"datetime": "2024-01-19 01:15:22", "elapsed": 3853.885811, "delta": 0.004227}}
{"target": -13.758405309733535, "params": {"gamma": 552.9833856653663, "log10_alpha": -0.2565882411864848, "log10_colsample_bytree": -0.6385328586515283, "log10_eta": -3.751286209506307, "log10_lambda": -0.7532866356887808, "log10_min_child_weight": 2.834205698168095, "log10_subsample": -0.636893846506105, "max_depth": 8.0, "num_boost_round": 34.0}, "datetime": {"datetime": "2024-01-19 01:15:22", "elapsed": 3853.889989, "delta": 0.004178}}
{"target": -13.758401380607273, "params": {"gamma": 552.9833856653663, "log10_alpha": -0.2565882411864848, "log10_colsample_bytree": -0.6385328586515283, "log10_eta": -3.751286209506307, "log10_lambda": -0.7532866356887808, "log10_min_child_weight": 2.834205698168095, "log10_subsample": -0.636893846506105, "max_depth": 8.0, "num_boost_round": 35.0}, "datetime": {"datetime": "2024-01-19 01:15:22", "elapsed": 3853.894134, "delta": 0.004145}}
{"target": -13.758399177153239, "params": {"gamma": 552.9833856653663, "log10_alpha": -0.2565882411864848, "log10_colsample_bytree": -0.6385328586515283, "log10_eta": -3.751286209506307, "log10_lambda": -0.7532866356887808, "log10_min_child_weight": 2.834205698168095, "log10_subsample": -0.636893846506105, "max_depth": 8.0, "num_boost_round": 36.0}, "datetime": {"datetime": "2024-01-19 01:15:22", "elapsed": 3853.898367, "delta": 0.004233}}
{"target": -13.758522704259567, "params": {"gamma": 572.1651052733313, "log10_alpha": -4.01301882055723, "log10_colsample_bytree": -0.5432427354851844, "log10_eta": -2.717591156386134, "log10_lambda": 0.3746150947890676, "log10_min_child_weight": 4.726635313992761, "log10_subsample": -0.8610203377830667, "max_depth": 4.0, "num_boost_round": 0.0}, "datetime": {"datetime": "2024-01-19 01:16:45", "elapsed": 3937.653057, "delta": 83.75469}}
{"target": -13.75851931595052, "params": {"gamma": 572.1651052733313, "log10_alpha": -4.01301882055723, "log10_colsample_bytree": -0.5432427354851844, "log10_eta": -2.717591156386134, "log10_lambda": 0.3746150947890676, "log10_min_child_weight": 4.726635313992761, "log10_subsample": -0.8610203377830667, "max_depth": 4.0, "num_boost_round": 1.0}, "datetime": {"datetime": "2024-01-19 01:16:45", "elapsed": 3937.657729, "delta": 0.004672}}
{"target": -13.758524565729262, "params": {"gamma": 572.1651052733313, "log10_alpha": -4.01301882055723, "log10_colsample_bytree": -0.5432427354851844, "log10_eta": -2.717591156386134, "log10_lambda": 0.3746150947890676, "log10_min_child_weight": 4.726635313992761, "log10_subsample": -0.8610203377830667, "max_depth": 4.0, "num_boost_round": 2.0}, "datetime": {"datetime": "2024-01-19 01:16:45", "elapsed": 3937.661963, "delta": 0.004234}}
{"target": -13.758518256578594, "params": {"gamma": 572.1651052733313, "log10_alpha": -4.01301882055723, "log10_colsample_bytree": -0.5432427354851844, "log10_eta": -2.717591156386134, "log10_lambda": 0.3746150947890676, "log10_min_child_weight": 4.726635313992761, "log10_subsample": -0.8610203377830667, "max_depth": 4.0, "num_boost_round": 3.0}, "datetime": {"datetime": "2024-01-19 01:16:45", "elapsed": 3937.666272, "delta": 0.004309}}
{"target": -13.758516900967086, "params": {"gamma": 572.1651052733313, "log10_alpha": -4.01301882055723, "log10_colsample_bytree": -0.5432427354851844, "log10_eta": -2.717591156386134, "log10_lambda": 0.3746150947890676, "log10_min_child_weight": 4.726635313992761, "log10_subsample": -0.8610203377830667, "max_depth": 4.0, "num_boost_round": 4.0}, "datetime": {"datetime": "2024-01-19 01:16:45", "elapsed": 3937.670485, "delta": 0.004213}}
{"target": -13.758509012946512, "params": {"gamma": 572.1651052733313, "log10_alpha": -4.01301882055723, "log10_colsample_bytree": -0.5432427354851844, "log10_eta": -2.717591156386134, "log10_lambda": 0.3746150947890676, "log10_min_child_weight": 4.726635313992761, "log10_subsample": -0.8610203377830667, "max_depth": 4.0, "num_boost_round": 5.0}, "datetime": {"datetime": "2024-01-19 01:16:45", "elapsed": 3937.67467, "delta": 0.004185}}
{"target": -13.758498751549894, "params": {"gamma": 572.1651052733313, "log10_alpha": -4.01301882055723, "log10_colsample_bytree": -0.5432427354851844, "log10_eta": -2.717591156386134, "log10_lambda": 0.3746150947890676, "log10_min_child_weight": 4.726635313992761, "log10_subsample": -0.8610203377830667, "max_depth": 4.0, "num_boost_round": 6.0}, "datetime": {"datetime": "2024-01-19 01:16:45", "elapsed": 3937.678844, "delta": 0.004174}}
{"target": -13.758489761099387, "params": {"gamma": 572.1651052733313, "log10_alpha": -4.01301882055723, "log10_colsample_bytree": -0.5432427354851844, "log10_eta": -2.717591156386134, "log10_lambda": 0.3746150947890676, "log10_min_child_weight": 4.726635313992761, "log10_subsample": -0.8610203377830667, "max_depth": 4.0, "num_boost_round": 7.0}, "datetime": {"datetime": "2024-01-19 01:16:45", "elapsed": 3937.683086, "delta": 0.004242}}
{"target": -13.7584866729022, "params": {"gamma": 572.1651052733313, "log10_alpha": -4.01301882055723, "log10_colsample_bytree": -0.5432427354851844, "log10_eta": -2.717591156386134, "log10_lambda": 0.3746150947890676, "log10_min_child_weight": 4.726635313992761, "log10_subsample": -0.8610203377830667, "max_depth": 4.0, "num_boost_round": 8.0}, "datetime": {"datetime": "2024-01-19 01:16:45", "elapsed": 3937.687306, "delta": 0.00422}}
{"target": -13.758477029664, "params": {"gamma": 572.1651052733313, "log10_alpha": -4.01301882055723, "log10_colsample_bytree": -0.5432427354851844, "log10_eta": -2.717591156386134, "log10_lambda": 0.3746150947890676, "log10_min_child_weight": 4.726635313992761, "log10_subsample": -0.8610203377830667, "max_depth": 4.0, "num_boost_round": 9.0}, "datetime": {"datetime": "2024-01-19 01:16:45", "elapsed": 3937.69149, "delta": 0.004184}}
{"target": -13.758478754418814, "params": {"gamma": 572.1651052733313, "log10_alpha": -4.01301882055723, "log10_colsample_bytree": -0.5432427354851844, "log10_eta": -2.717591156386134, "log10_lambda": 0.3746150947890676, "log10_min_child_weight": 4.726635313992761, "log10_subsample": -0.8610203377830667, "max_depth": 4.0, "num_boost_round": 10.0}, "datetime": {"datetime": "2024-01-19 01:16:45", "elapsed": 3937.695728, "delta": 0.004238}}
{"target": -13.758467046652298, "params": {"gamma": 572.1651052733313, "log10_alpha": -4.01301882055723, "log10_colsample_bytree": -0.5432427354851844, "log10_eta": -2.717591156386134, "log10_lambda": 0.3746150947890676, "log10_min_child_weight": 4.726635313992761, "log10_subsample": -0.8610203377830667, "max_depth": 4.0, "num_boost_round": 11.0}, "datetime": {"datetime": "2024-01-19 01:16:45", "elapsed": 3937.699823, "delta": 0.004095}}
{"target": -13.758467869447852, "params": {"gamma": 572.1651052733313, "log10_alpha": -4.01301882055723, "log10_colsample_bytree": -0.5432427354851844, "log10_eta": -2.717591156386134, "log10_lambda": 0.3746150947890676, "log10_min_child_weight": 4.726635313992761, "log10_subsample": -0.8610203377830667, "max_depth": 4.0, "num_boost_round": 12.0}, "datetime": {"datetime": "2024-01-19 01:16:45", "elapsed": 3937.704036, "delta": 0.004213}}
{"target": -13.75846284804905, "params": {"gamma": 572.1651052733313, "log10_alpha": -4.01301882055723, "log10_colsample_bytree": -0.5432427354851844, "log10_eta": -2.717591156386134, "log10_lambda": 0.3746150947890676, "log10_min_child_weight": 4.726635313992761, "log10_subsample": -0.8610203377830667, "max_depth": 4.0, "num_boost_round": 13.0}, "datetime": {"datetime": "2024-01-19 01:16:45", "elapsed": 3937.708333, "delta": 0.004297}}
{"target": -13.758454567751897, "params": {"gamma": 572.1651052733313, "log10_alpha": -4.01301882055723, "log10_colsample_bytree": -0.5432427354851844, "log10_eta": -2.717591156386134, "log10_lambda": 0.3746150947890676, "log10_min_child_weight": 4.726635313992761, "log10_subsample": -0.8610203377830667, "max_depth": 4.0, "num_boost_round": 14.0}, "datetime": {"datetime": "2024-01-19 01:16:45", "elapsed": 3937.712542, "delta": 0.004209}}
{"target": -13.758444796484577, "params": {"gamma": 572.1651052733313, "log10_alpha": -4.01301882055723, "log10_colsample_bytree": -0.5432427354851844, "log10_eta": -2.717591156386134, "log10_lambda": 0.3746150947890676, "log10_min_child_weight": 4.726635313992761, "log10_subsample": -0.8610203377830667, "max_depth": 4.0, "num_boost_round": 15.0}, "datetime": {"datetime": "2024-01-19 01:16:45", "elapsed": 3937.716727, "delta": 0.004185}}
{"target": -13.758437616349951, "params": {"gamma": 572.1651052733313, "log10_alpha": -4.01301882055723, "log10_colsample_bytree": -0.5432427354851844, "log10_eta": -2.717591156386134, "log10_lambda": 0.3746150947890676, "log10_min_child_weight": 4.726635313992761, "log10_subsample": -0.8610203377830667, "max_depth": 4.0, "num_boost_round": 16.0}, "datetime": {"datetime": "2024-01-19 01:16:45", "elapsed": 3937.720891, "delta": 0.004164}}
{"target": -13.758437198191801, "params": {"gamma": 572.1651052733313, "log10_alpha": -4.01301882055723, "log10_colsample_bytree": -0.5432427354851844, "log10_eta": -2.717591156386134, "log10_lambda": 0.3746150947890676, "log10_min_child_weight": 4.726635313992761, "log10_subsample": -0.8610203377830667, "max_depth": 4.0, "num_boost_round": 17.0}, "datetime": {"datetime": "2024-01-19 01:16:45", "elapsed": 3937.725145, "delta": 0.004254}}
{"target": -13.75842863986691, "params": {"gamma": 572.1651052733313, "log10_alpha": -4.01301882055723, "log10_colsample_bytree": -0.5432427354851844, "log10_eta": -2.717591156386134, "log10_lambda": 0.3746150947890676, "log10_min_child_weight": 4.726635313992761, "log10_subsample": -0.8610203377830667, "max_depth": 4.0, "num_boost_round": 18.0}, "datetime": {"datetime": "2024-01-19 01:16:45", "elapsed": 3937.729374, "delta": 0.004229}}
{"target": -13.758422769386069, "params": {"gamma": 572.1651052733313, "log10_alpha": -4.01301882055723, "log10_colsample_bytree": -0.5432427354851844, "log10_eta": -2.717591156386134, "log10_lambda": 0.3746150947890676, "log10_min_child_weight": 4.726635313992761, "log10_subsample": -0.8610203377830667, "max_depth": 4.0, "num_boost_round": 19.0}, "datetime": {"datetime": "2024-01-19 01:16:45", "elapsed": 3937.733519, "delta": 0.004145}}
{"target": -13.758406838906518, "params": {"gamma": 572.1651052733313, "log10_alpha": -4.01301882055723, "log10_colsample_bytree": -0.5432427354851844, "log10_eta": -2.717591156386134, "log10_lambda": 0.3746150947890676, "log10_min_child_weight": 4.726635313992761, "log10_subsample": -0.8610203377830667, "max_depth": 4.0, "num_boost_round": 20.0}, "datetime": {"datetime": "2024-01-19 01:16:45", "elapsed": 3937.737641, "delta": 0.004122}}
{"target": -13.758397199277665, "params": {"gamma": 572.1651052733313, "log10_alpha": -4.01301882055723, "log10_colsample_bytree": -0.5432427354851844, "log10_eta": -2.717591156386134, "log10_lambda": 0.3746150947890676, "log10_min_child_weight": 4.726635313992761, "log10_subsample": -0.8610203377830667, "max_depth": 4.0, "num_boost_round": 21.0}, "datetime": {"datetime": "2024-01-19 01:16:45", "elapsed": 3937.74173, "delta": 0.004089}}
{"target": -13.758390292576918, "params": {"gamma": 572.1651052733313, "log10_alpha": -4.01301882055723, "log10_colsample_bytree": -0.5432427354851844, "log10_eta": -2.717591156386134, "log10_lambda": 0.3746150947890676, "log10_min_child_weight": 4.726635313992761, "log10_subsample": -0.8610203377830667, "max_depth": 4.0, "num_boost_round": 22.0}, "datetime": {"datetime": "2024-01-19 01:16:45", "elapsed": 3937.746224, "delta": 0.004494}}
{"target": -13.758382290522919, "params": {"gamma": 572.1651052733313, "log10_alpha": -4.01301882055723, "log10_colsample_bytree": -0.5432427354851844, "log10_eta": -2.717591156386134, "log10_lambda": 0.3746150947890676, "log10_min_child_weight": 4.726635313992761, "log10_subsample": -0.8610203377830667, "max_depth": 4.0, "num_boost_round": 23.0}, "datetime": {"datetime": "2024-01-19 01:16:45", "elapsed": 3937.750493, "delta": 0.004269}}
{"target": -13.758374621791255, "params": {"gamma": 572.1651052733313, "log10_alpha": -4.01301882055723, "log10_colsample_bytree": -0.5432427354851844, "log10_eta": -2.717591156386134, "log10_lambda": 0.3746150947890676, "log10_min_child_weight": 4.726635313992761, "log10_subsample": -0.8610203377830667, "max_depth": 4.0, "num_boost_round": 24.0}, "datetime": {"datetime": "2024-01-19 01:16:45", "elapsed": 3937.754741, "delta": 0.004248}}
{"target": -13.758366233880995, "params": {"gamma": 572.1651052733313, "log10_alpha": -4.01301882055723, "log10_colsample_bytree": -0.5432427354851844, "log10_eta": -2.717591156386134, "log10_lambda": 0.3746150947890676, "log10_min_child_weight": 4.726635313992761, "log10_subsample": -0.8610203377830667, "max_depth": 4.0, "num_boost_round": 25.0}, "datetime": {"datetime": "2024-01-19 01:16:45", "elapsed": 3937.759116, "delta": 0.004375}}
{"target": -13.758362078196011, "params": {"gamma": 572.1651052733313, "log10_alpha": -4.01301882055723, "log10_colsample_bytree": -0.5432427354851844, "log10_eta": -2.717591156386134, "log10_lambda": 0.3746150947890676, "log10_min_child_weight": 4.726635313992761, "log10_subsample": -0.8610203377830667, "max_depth": 4.0, "num_boost_round": 26.0}, "datetime": {"datetime": "2024-01-19 01:16:45", "elapsed": 3937.763328, "delta": 0.004212}}
{"target": -13.75836173167697, "params": {"gamma": 572.1651052733313, "log10_alpha": -4.01301882055723, "log10_colsample_bytree": -0.5432427354851844, "log10_eta": -2.717591156386134, "log10_lambda": 0.3746150947890676, "log10_min_child_weight": 4.726635313992761, "log10_subsample": -0.8610203377830667, "max_depth": 4.0, "num_boost_round": 27.0}, "datetime": {"datetime": "2024-01-19 01:16:45", "elapsed": 3937.767483, "delta": 0.004155}}
