{"target": -17.677061966160792, "params": {"gamma": 719.0922680125232, "log10_alpha": -5.0, "log10_colsample_bytree": -1.0, "log10_eta": -4.0, "log10_lambda": 1.0, "log10_min_child_weight": 0.0, "log10_subsample": 0.0, "max_depth": 8.0, "num_boost_round": 40.0}, "datetime": {"datetime": "2024-01-19 01:29:17", "elapsed": 4664.363659, "delta": 0.005601}}
{"target": -17.67706202379904, "params": {"gamma": 719.0922680125232, "log10_alpha": -5.0, "log10_colsample_bytree": -1.0, "log10_eta": -4.0, "log10_lambda": 1.0, "log10_min_child_weight": 0.0, "log10_subsample": 0.0, "max_depth": 8.0, "num_boost_round": 41.0}, "datetime": {"datetime": "2024-01-19 01:29:17", "elapsed": 4664.369365, "delta": 0.005706}}
{"target": -17.677062461976586, "params": {"gamma": 719.0922680125232, "log10_alpha": -5.0, "log10_colsample_bytree": -1.0, "log10_eta": -4.0, "log10_lambda": 1.0, "log10_min_child_weight": 0.0, "log10_subsample": 0.0, "max_depth": 8.0, "num_boost_round": 42.0}, "datetime": {"datetime": "2024-01-19 01:29:17", "elapsed": 4664.374766, "delta": 0.005401}}
{"target": -17.67705490291388, "params": {"gamma": 719.0922680125232, "log10_alpha": -5.0, "log10_colsample_bytree": -1.0, "log10_eta": -4.0, "log10_lambda": 1.0, "log10_min_child_weight": 0.0, "log10_subsample": 0.0, "max_depth": 8.0, "num_boost_round": 43.0}, "datetime": {"datetime": "2024-01-19 01:29:17", "elapsed": 4664.380584, "delta": 0.005818}}
{"target": -17.67705417556822, "params": {"gamma": 719.0922680125232, "log10_alpha": -5.0, "log10_colsample_bytree": -1.0, "log10_eta": -4.0, "log10_lambda": 1.0, "log10_min_child_weight": 0.0, "log10_subsample": 0.0, "max_depth": 8.0, "num_boost_round": 44.0}, "datetime": {"datetime": "2024-01-19 01:29:17", "elapsed": 4664.386166, "delta": 0.005582}}
{"target": -17.677046247512383, "params": {"gamma": 719.0922680125232, "log10_alpha": -5.0, "log10_colsample_bytree": -1.0, "log10_eta": -4.0, "log10_lambda": 1.0, "log10_min_child_weight": 0.0, "log10_subsample": 0.0, "max_depth": 8.0, "num_boost_round": 45.0}, "datetime": {"datetime": "2024-01-19 01:29:17", "elapsed": 4664.391766, "delta": 0.0056}}
{"target": -17.677048956478064, "params": {"gamma": 719.0922680125232, "log10_alpha": -5.0, "log10_colsample_bytree": -1.0, "log10_eta": -4.0, "log10_lambda": 1.0, "log10_min_child_weight": 0.0, "log10_subsample": 0.0, "max_depth": 8.0, "num_boost_round": 46.0}, "datetime": {"datetime": "2024-01-19 01:29:17", "elapsed": 4664.397463, "delta": 0.005697}}
{"target": -17.677045646906866, "params": {"gamma": 719.0922680125232, "log10_alpha": -5.0, "log10_colsample_bytree": -1.0, "log10_eta": -4.0, "log10_lambda": 1.0, "log10_min_child_weight": 0.0, "log10_subsample": 0.0, "max_depth": 8.0, "num_boost_round": 47.0}, "datetime": {"datetime": "2024-01-19 01:29:17", "elapsed": 4664.40308, "delta": 0.005617}}
{"target": -17.677041578216905, "params": {"gamma": 719.0922680125232, "log10_alpha": -5.0, "log10_colsample_bytree": -1.0, "log10_eta": -4.0, "log10_lambda": 1.0, "log10_min_child_weight": 0.0, "log10_subsample": 0.0, "max_depth": 8.0, "num_boost_round": 48.0}, "datetime": {"datetime": "2024-01-19 01:29:17", "elapsed": 4664.408632, "delta": 0.005552}}
{"target": -17.6770380225722, "params": {"gamma": 719.0922680125232, "log10_alpha": -5.0, "log10_colsample_bytree": -1.0, "log10_eta": -4.0, "log10_lambda": 1.0, "log10_min_child_weight": 0.0, "log10_subsample": 0.0, "max_depth": 8.0, "num_boost_round": 49.0}, "datetime": {"datetime": "2024-01-19 01:29:17", "elapsed": 4664.414235, "delta": 0.005603}}
{"target": -17.67703861933035, "params": {"gamma": 719.0922680125232, "log10_alpha": -5.0, "log10_colsample_bytree": -1.0, "log10_eta": -4.0, "log10_lambda": 1.0, "log10_min_child_weight": 0.0, "log10_subsample": 0.0, "max_depth": 8.0, "num_boost_round": 50.0}, "datetime": {"datetime": "2024-01-19 01:29:17", "elapsed": 4664.419774, "delta": 0.005539}}
{"target": -17.67704104251, "params": {"gamma": 719.0922680125232, "log10_alpha": -5.0, "log10_colsample_bytree": -1.0, "log10_eta": -4.0, "log10_lambda": 1.0, "log10_min_child_weight": 0.0, "log10_subsample": 0.0, "max_depth": 8.0, "num_boost_round": 51.0}, "datetime": {"datetime": "2024-01-19 01:29:17", "elapsed": 4664.425291, "delta": 0.005517}}
{"target": -17.677044561277256, "params": {"gamma": 719.0922680125232, "log10_alpha": -5.0, "log10_colsample_bytree": -1.0, "log10_eta": -4.0, "log10_lambda": 1.0, "log10_min_child_weight": 0.0, "log10_subsample": 0.0, "max_depth": 8.0, "num_boost_round": 52.0}, "datetime": {"datetime": "2024-01-19 01:29:17", "elapsed": 4664.431066, "delta": 0.005775}}
{"target": -17.677040309064743, "params": {"gamma": 719.0922680125232, "log10_alpha": -5.0, "log10_colsample_bytree": -1.0, "log10_eta": -4.0, "log10_lambda": 1.0, "log10_min_child_weight": 0.0, "log10_subsample": 0.0, "max_depth": 8.0, "num_boost_round": 53.0}, "datetime": {"datetime": "2024-01-19 01:29:17", "elapsed": 4664.436625, "delta": 0.005559}}
{"target": -17.67703534434469, "params": {"gamma": 719.0922680125232, "log10_alpha": -5.0, "log10_colsample_bytree": -1.0, "log10_eta": -4.0, "log10_lambda": 1.0, "log10_min_child_weight": 0.0, "log10_subsample": 0.0, "max_depth": 8.0, "num_boost_round": 54.0}, "datetime": {"datetime": "2024-01-19 01:29:17", "elapsed": 4664.442183, "delta": 0.005558}}
{"target": -17.677033050446987, "params": {"gamma": 719.0922680125232, "log10_alpha": -5.0, "log10_colsample_bytree": -1.0, "log10_eta": -4.0, "log10_lambda": 1.0, "log10_min_child_weight": 0.0, "log10_subsample": 0.0, "max_depth": 8.0, "num_boost_round": 55.0}, "datetime": {"datetime": "2024-01-19 01:29:17", "elapsed": 4664.447761, "delta": 0.005578}}
{"target": -17.677035702806457, "params": {"gamma": 719.0922680125232, "log10_alpha": -5.0, "log10_colsample_bytree": -1.0, "log10_eta": -4.0, "log10_lambda": 1.0, "log10_min_child_weight": 0.0, "log10_subsample": 0.0, "max_depth": 8.0, "num_boost_round": 56.0}, "datetime": {"datetime": "2024-01-19 01:29:17", "elapsed": 4664.453382, "delta": 0.005621}}
{"target": -17.677040352260942, "params": {"gamma": 719.0922680125232, "log10_alpha": -5.0, "log10_colsample_bytree": -1.0, "log10_eta": -4.0, "log10_lambda": 1.0, "log10_min_child_weight": 0.0, "log10_subsample": 0.0, "max_depth": 8.0, "num_boost_round": 57.0}, "datetime": {"datetime": "2024-01-19 01:29:17", "elapsed": 4664.45889, "delta": 0.005508}}
{"target": -17.677029826004745, "params": {"gamma": 719.0922680125232, "log10_alpha": -5.0, "log10_colsample_bytree": -1.0, "log10_eta": -4.0, "log10_lambda": 1.0, "log10_min_child_weight": 0.0, "log10_subsample": 0.0, "max_depth": 8.0, "num_boost_round": 58.0}, "datetime": {"datetime": "2024-01-19 01:29:17", "elapsed": 4664.464419, "delta": 0.005529}}
{"target": -17.67702276149725, "params": {"gamma": 719.0922680125232, "log10_alpha": -5.0, "log10_colsample_bytree": -1.0, "log10_eta": -4.0, "log10_lambda": 1.0, "log10_min_child_weight": 0.0, "log10_subsample": 0.0, "max_depth": 8.0, "num_boost_round": 59.0}, "datetime": {"datetime": "2024-01-19 01:29:17", "elapsed": 4664.470085, "delta": 0.005666}}
{"target": -17.677022162115104, "params": {"gamma": 719.0922680125232, "log10_alpha": -5.0, "log10_colsample_bytree": -1.0, "log10_eta": -4.0, "log10_lambda": 1.0, "log10_min_child_weight": 0.0, "log10_subsample": 0.0, "max_depth": 8.0, "num_boost_round": 60.0}, "datetime": {"datetime": "2024-01-19 01:29:17", "elapsed": 4664.475832, "delta": 0.005747}}
{"target": -17.67701536467833, "params": {"gamma": 719.0922680125232, "log10_alpha": -5.0, "log10_colsample_bytree": -1.0, "log10_eta": -4.0, "log10_lambda": 1.0, "log10_min_child_weight": 0.0, "log10_subsample": 0.0, "max_depth": 8.0, "num_boost_round": 61.0}, "datetime": {"datetime": "2024-01-19 01:29:17", "elapsed": 4664.481852, "delta": 0.00602}}
{"target": -17.677008568867016, "params": {"gamma": 719.0922680125232, "log10_alpha": -5.0, "log10_colsample_bytree": -1.0, "log10_eta": -4.0, "log10_lambda": 1.0, "log10_min_child_weight": 0.0, "log10_subsample": 0.0, "max_depth": 8.0, "num_boost_round": 62.0}, "datetime": {"datetime": "2024-01-19 01:29:17", "elapsed": 4664.487701, "delta": 0.005849}}
{"target": -17.676997152684326, "params": {"gamma": 719.0922680125232, "log10_alpha": -5.0, "log10_colsample_bytree": -1.0, "log10_eta": -4.0, "log10_lambda": 1.0, "log10_min_child_weight": 0.0, "log10_subsample": 0.0, "max_depth": 8.0, "num_boost_round": 63.0}, "datetime": {"datetime": "2024-01-19 01:29:17", "elapsed": 4664.493326, "delta": 0.005625}}
{"target": -17.676999874263007, "params": {"gamma": 719.0922680125232, "log10_alpha": -5.0, "log10_colsample_bytree": -1.0, "log10_eta": -4.0, "log10_lambda": 1.0, "log10_min_child_weight": 0.0, "log10_subsample": 0.0, "max_depth": 8.0, "num_boost_round": 64.0}, "datetime": {"datetime": "2024-01-19 01:29:17", "elapsed": 4664.498903, "delta": 0.005577}}
{"target": -17.67698731490255, "params": {"gamma": 719.0922680125232, "log10_alpha": -5.0, "log10_colsample_bytree": -1.0, "log10_eta": -4.0, "log10_lambda": 1.0, "log10_min_child_weight": 0.0, "log10_subsample": 0.0, "max_depth": 8.0, "num_boost_round": 65.0}, "datetime": {"datetime": "2024-01-19 01:29:17", "elapsed": 4664.504611, "delta": 0.005708}}
{"target": -17.676989115505876, "params": {"gamma": 719.0922680125232, "log10_alpha": -5.0, "log10_colsample_bytree": -1.0, "log10_eta": -4.0, "log10_lambda": 1.0, "log10_min_child_weight": 0.0, "log10_subsample": 0.0, "max_depth": 8.0, "num_boost_round": 66.0}, "datetime": {"datetime": "2024-01-19 01:29:17", "elapsed": 4664.510207, "delta": 0.005596}}
{"target": -17.676979887732415, "params": {"gamma": 719.0922680125232, "log10_alpha": -5.0, "log10_colsample_bytree": -1.0, "log10_eta": -4.0, "log10_lambda": 1.0, "log10_min_child_weight": 0.0, "log10_subsample": 0.0, "max_depth": 8.0, "num_boost_round": 67.0}, "datetime": {"datetime": "2024-01-19 01:29:17", "elapsed": 4664.515872, "delta": 0.005665}}
{"target": -17.676978644003203, "params": {"gamma": 719.0922680125232, "log10_alpha": -5.0, "log10_colsample_bytree": -1.0, "log10_eta": -4.0, "log10_lambda": 1.0, "log10_min_child_weight": 0.0, "log10_subsample": 0.0, "max_depth": 8.0, "num_boost_round": 68.0}, "datetime": {"datetime": "2024-01-19 01:29:17", "elapsed": 4664.521558, "delta": 0.005686}}
{"target": -17.67697258593162, "params": {"gamma": 719.0922680125232, "log10_alpha": -5.0, "log10_colsample_bytree": -1.0, "log10_eta": -4.0, "log10_lambda": 1.0, "log10_min_child_weight": 0.0, "log10_subsample": 0.0, "max_depth": 8.0, "num_boost_round": 69.0}, "datetime": {"datetime": "2024-01-19 01:29:17", "elapsed": 4664.527159, "delta": 0.005601}}
{"target": -17.67697539011264, "params": {"gamma": 719.0922680125232, "log10_alpha": -5.0, "log10_colsample_bytree": -1.0, "log10_eta": -4.0, "log10_lambda": 1.0, "log10_min_child_weight": 0.0, "log10_subsample": 0.0, "max_depth": 8.0, "num_boost_round": 70.0}, "datetime": {"datetime": "2024-01-19 01:29:17", "elapsed": 4664.532793, "delta": 0.005634}}
{"target": -17.676967709858413, "params": {"gamma": 719.0922680125232, "log10_alpha": -5.0, "log10_colsample_bytree": -1.0, "log10_eta": -4.0, "log10_lambda": 1.0, "log10_min_child_weight": 0.0, "log10_subsample": 0.0, "max_depth": 8.0, "num_boost_round": 71.0}, "datetime": {"datetime": "2024-01-19 01:29:17", "elapsed": 4664.538546, "delta": 0.005753}}
{"target": -17.676966830866398, "params": {"gamma": 719.0922680125232, "log10_alpha": -5.0, "log10_colsample_bytree": -1.0, "log10_eta": -4.0, "log10_lambda": 1.0, "log10_min_child_weight": 0.0, "log10_subsample": 0.0, "max_depth": 8.0, "num_boost_round": 72.0}, "datetime": {"datetime": "2024-01-19 01:29:17", "elapsed": 4664.543872, "delta": 0.005326}}
{"target": -17.67696437682371, "params": {"gamma": 719.0922680125232, "log10_alpha": -5.0, "log10_colsample_bytree": -1.0, "log10_eta": -4.0, "log10_lambda": 1.0, "log10_min_child_weight": 0.0, "log10_subsample": 0.0, "max_depth": 8.0, "num_boost_round": 73.0}, "datetime": {"datetime": "2024-01-19 01:29:17", "elapsed": 4664.549107, "delta": 0.005235}}
{"target": -17.676957773264384, "params": {"gamma": 719.0922680125232, "log10_alpha": -5.0, "log10_colsample_bytree": -1.0, "log10_eta": -4.0, "log10_lambda": 1.0, "log10_min_child_weight": 0.0, "log10_subsample": 0.0, "max_depth": 8.0, "num_boost_round": 74.0}, "datetime": {"datetime": "2024-01-19 01:29:17", "elapsed": 4664.554562, "delta": 0.005455}}
{"target": -17.676957721392405, "params": {"gamma": 719.0922680125232, "log10_alpha": -5.0, "log10_colsample_bytree": -1.0, "log10_eta": -4.0, "log10_lambda": 1.0, "log10_min_child_weight": 0.0, "log10_subsample": 0.0, "max_depth": 8.0, "num_boost_round": 75.0}, "datetime": {"datetime": "2024-01-19 01:29:17", "elapsed": 4664.56014, "delta": 0.005578}}
{"target": -17.67694853894976, "params": {"gamma": 719.0922680125232, "log10_alpha": -5.0, "log10_colsample_bytree": -1.0, "log10_eta": -4.0, "log10_lambda": 1.0, "log10_min_child_weight": 0.0, "log10_subsample": 0.0, "max_depth": 8.0, "num_boost_round": 76.0}, "datetime": {"datetime": "2024-01-19 01:29:17", "elapsed": 4664.565784, "delta": 0.005644}}
{"target": -17.67693860544913, "params": {"gamma": 58.64626675129592, "log10_alpha": -4.516957153841494, "log10_colsample_bytree": -0.4550382738779133, "log10_eta": -1.6252419932869078, "log10_lambda": 0.5927245409660324, "log10_min_child_weight": 4.355973729270231, "log10_subsample": -0.8081653136598799, "max_depth": 3.0, "num_boost_round": 0.0}, "datetime": {"datetime": "2024-01-19 01:31:23", "elapsed": 4790.941453, "delta": 126.375669}}
{"target": -17.67696607421481, "params": {"gamma": 58.64626675129592, "log10_alpha": -4.516957153841494, "log10_colsample_bytree": -0.4550382738779133, "log10_eta": -1.6252419932869078, "log10_lambda": 0.5927245409660324, "log10_min_child_weight": 4.355973729270231, "log10_subsample": -0.8081653136598799, "max_depth": 3.0, "num_boost_round": 1.0}, "datetime": {"datetime": "2024-01-19 01:31:23", "elapsed": 4790.948153, "delta": 0.0067}}
{"target": -17.676976936201616, "params": {"gamma": 58.64626675129592, "log10_alpha": -4.516957153841494, "log10_colsample_bytree": -0.4550382738779133, "log10_eta": -1.6252419932869078, "log10_lambda": 0.5927245409660324, "log10_min_child_weight": 4.355973729270231, "log10_subsample": -0.8081653136598799, "max_depth": 3.0, "num_boost_round": 2.0}, "datetime": {"datetime": "2024-01-19 01:31:23", "elapsed": 4790.953709, "delta": 0.005556}}
{"target": -17.67684332385118, "params": {"gamma": 58.64626675129592, "log10_alpha": -4.516957153841494, "log10_colsample_bytree": -0.4550382738779133, "log10_eta": -1.6252419932869078, "log10_lambda": 0.5927245409660324, "log10_min_child_weight": 4.355973729270231, "log10_subsample": -0.8081653136598799, "max_depth": 3.0, "num_boost_round": 3.0}, "datetime": {"datetime": "2024-01-19 01:31:23", "elapsed": 4790.959259, "delta": 0.00555}}
{"target": -17.676745367210852, "params": {"gamma": 58.64626675129592, "log10_alpha": -4.516957153841494, "log10_colsample_bytree": -0.4550382738779133, "log10_eta": -1.6252419932869078, "log10_lambda": 0.5927245409660324, "log10_min_child_weight": 4.355973729270231, "log10_subsample": -0.8081653136598799, "max_depth": 3.0, "num_boost_round": 4.0}, "datetime": {"datetime": "2024-01-19 01:31:23", "elapsed": 4790.964772, "delta": 0.005513}}
{"target": -17.676717121538907, "params": {"gamma": 58.64626675129592, "log10_alpha": -4.516957153841494, "log10_colsample_bytree": -0.4550382738779133, "log10_eta": -1.6252419932869078, "log10_lambda": 0.5927245409660324, "log10_min_child_weight": 4.355973729270231, "log10_subsample": -0.8081653136598799, "max_depth": 3.0, "num_boost_round": 5.0}, "datetime": {"datetime": "2024-01-19 01:31:23", "elapsed": 4790.970363, "delta": 0.005591}}
{"target": -17.676715911150897, "params": {"gamma": 58.64626675129592, "log10_alpha": -4.516957153841494, "log10_colsample_bytree": -0.4550382738779133, "log10_eta": -1.6252419932869078, "log10_lambda": 0.5927245409660324, "log10_min_child_weight": 4.355973729270231, "log10_subsample": -0.8081653136598799, "max_depth": 3.0, "num_boost_round": 6.0}, "datetime": {"datetime": "2024-01-19 01:31:23", "elapsed": 4790.975874, "delta": 0.005511}}
{"target": -17.67698448974061, "params": {"gamma": 58.64626675129592, "log10_alpha": -4.516957153841494, "log10_colsample_bytree": -0.4550382738779133, "log10_eta": -1.6252419932869078, "log10_lambda": 0.5927245409660324, "log10_min_child_weight": 4.355973729270231, "log10_subsample": -0.8081653136598799, "max_depth": 3.0, "num_boost_round": 7.0}, "datetime": {"datetime": "2024-01-19 01:31:23", "elapsed": 4790.981868, "delta": 0.005994}}
{"target": -17.676721657367025, "params": {"gamma": 58.64626675129592, "log10_alpha": -4.516957153841494, "log10_colsample_bytree": -0.4550382738779133, "log10_eta": -1.6252419932869078, "log10_lambda": 0.5927245409660324, "log10_min_child_weight": 4.355973729270231, "log10_subsample": -0.8081653136598799, "max_depth": 3.0, "num_boost_round": 8.0}, "datetime": {"datetime": "2024-01-19 01:31:23", "elapsed": 4790.98755, "delta": 0.005682}}
{"target": -17.67649365616554, "params": {"gamma": 58.64626675129592, "log10_alpha": -4.516957153841494, "log10_colsample_bytree": -0.4550382738779133, "log10_eta": -1.6252419932869078, "log10_lambda": 0.5927245409660324, "log10_min_child_weight": 4.355973729270231, "log10_subsample": -0.8081653136598799, "max_depth": 3.0, "num_boost_round": 9.0}, "datetime": {"datetime": "2024-01-19 01:31:23", "elapsed": 4790.992948, "delta": 0.005398}}
{"target": -17.676689617767188, "params": {"gamma": 58.64626675129592, "log10_alpha": -4.516957153841494, "log10_colsample_bytree": -0.4550382738779133, "log10_eta": -1.6252419932869078, "log10_lambda": 0.5927245409660324, "log10_min_child_weight": 4.355973729270231, "log10_subsample": -0.8081653136598799, "max_depth": 3.0, "num_boost_round": 10.0}, "datetime": {"datetime": "2024-01-19 01:31:23", "elapsed": 4790.998457, "delta": 0.005509}}
{"target": -17.676535647306398, "params": {"gamma": 58.64626675129592, "log10_alpha": -4.516957153841494, "log10_colsample_bytree": -0.4550382738779133, "log10_eta": -1.6252419932869078, "log10_lambda": 0.5927245409660324, "log10_min_child_weight": 4.355973729270231, "log10_subsample": -0.8081653136598799, "max_depth": 3.0, "num_boost_round": 11.0}, "datetime": {"datetime": "2024-01-19 01:31:23", "elapsed": 4791.003923, "delta": 0.005466}}
{"target": -17.676454942018026, "params": {"gamma": 58.64626675129592, "log10_alpha": -4.516957153841494, "log10_colsample_bytree": -0.4550382738779133, "log10_eta": -1.6252419932869078, "log10_lambda": 0.5927245409660324, "log10_min_child_weight": 4.355973729270231, "log10_subsample": -0.8081653136598799, "max_depth": 3.0, "num_boost_round": 12.0}, "datetime": {"datetime": "2024-01-19 01:31:23", "elapsed": 4791.0094, "delta": 0.005477}}
{"target": -17.676409651642885, "params": {"gamma": 58.64626675129592, "log10_alpha": -4.516957153841494, "log10_colsample_bytree": -0.4550382738779133, "log10_eta": -1.6252419932869078, "log10_lambda": 0.5927245409660324, "log10_min_child_weight": 4.355973729270231, "log10_subsample": -0.8081653136598799, "max_depth": 3.0, "num_boost_round": 13.0}, "datetime": {"datetime": "2024-01-19 01:31:23", "elapsed": 4791.138916, "delta": 0.129516}}
{"target": -17.676354419311526, "params": {"gamma": 58.64626675129592, "log10_alpha": -4.516957153841494, "log10_colsample_bytree": -0.4550382738779133, "log10_eta": -1.6252419932869078, "log10_lambda": 0.5927245409660324, "log10_min_child_weight": 4.355973729270231, "log10_subsample": -0.8081653136598799, "max_depth": 3.0, "num_boost_round": 14.0}, "datetime": {"datetime": "2024-01-19 01:31:23", "elapsed": 4791.145281, "delta": 0.006365}}
{"target": -17.676032983032115, "params": {"gamma": 58.64626675129592, "log10_alpha": -4.516957153841494, "log10_colsample_bytree": -0.4550382738779133, "log10_eta": -1.6252419932869078, "log10_lambda": 0.5927245409660324, "log10_min_child_weight": 4.355973729270231, "log10_subsample": -0.8081653136598799, "max_depth": 3.0, "num_boost_round": 15.0}, "datetime": {"datetime": "2024-01-19 01:31:23", "elapsed": 4791.151385, "delta": 0.006104}}
{"target": -17.676013025578914, "params": {"gamma": 58.64626675129592, "log10_alpha": -4.516957153841494, "log10_colsample_bytree": -0.4550382738779133, "log10_eta": -1.6252419932869078, "log10_lambda": 0.5927245409660324, "log10_min_child_weight": 4.355973729270231, "log10_subsample": -0.8081653136598799, "max_depth": 3.0, "num_boost_round": 16.0}, "datetime": {"datetime": "2024-01-19 01:31:23", "elapsed": 4791.157231, "delta": 0.005846}}
{"target": -17.6761032665365, "params": {"gamma": 58.64626675129592, "log10_alpha": -4.516957153841494, "log10_colsample_bytree": -0.4550382738779133, "log10_eta": -1.6252419932869078, "log10_lambda": 0.5927245409660324, "log10_min_child_weight": 4.355973729270231, "log10_subsample": -0.8081653136598799, "max_depth": 3.0, "num_boost_round": 17.0}, "datetime": {"datetime": "2024-01-19 01:31:23", "elapsed": 4791.162905, "delta": 0.005674}}
{"target": -17.676134007053033, "params": {"gamma": 58.64626675129592, "log10_alpha": -4.516957153841494, "log10_colsample_bytree": -0.4550382738779133, "log10_eta": -1.6252419932869078, "log10_lambda": 0.5927245409660324, "log10_min_child_weight": 4.355973729270231, "log10_subsample": -0.8081653136598799, "max_depth": 3.0, "num_boost_round": 18.0}, "datetime": {"datetime": "2024-01-19 01:31:23", "elapsed": 4791.168623, "delta": 0.005718}}
{"target": -17.676075107293897, "params": {"gamma": 58.64626675129592, "log10_alpha": -4.516957153841494, "log10_colsample_bytree": -0.4550382738779133, "log10_eta": -1.6252419932869078, "log10_lambda": 0.5927245409660324, "log10_min_child_weight": 4.355973729270231, "log10_subsample": -0.8081653136598799, "max_depth": 3.0, "num_boost_round": 19.0}, "datetime": {"datetime": "2024-01-19 01:31:23", "elapsed": 4791.174601, "delta": 0.005978}}
