{"target": -17.67706103230545, "params": {"gamma": 869.5005251866743, "log10_alpha": 0.5039595430491142, "log10_colsample_bytree": -0.5309776505903451, "log10_eta": -3.2817221254402167, "log10_lambda": -4.1940445527101335, "log10_min_child_weight": 2.6223588700754115, "log10_subsample": -0.48320919788057437, "max_depth": 2.0, "num_boost_round": 13.0}, "datetime": {"datetime": "2024-01-19 01:05:57", "elapsed": 3238.004937, "delta": 0.003401}}
{"target": -17.67705815116694, "params": {"gamma": 869.5005251866743, "log10_alpha": 0.5039595430491142, "log10_colsample_bytree": -0.5309776505903451, "log10_eta": -3.2817221254402167, "log10_lambda": -4.1940445527101335, "log10_min_child_weight": 2.6223588700754115, "log10_subsample": -0.48320919788057437, "max_depth": 2.0, "num_boost_round": 14.0}, "datetime": {"datetime": "2024-01-19 01:05:57", "elapsed": 3238.008364, "delta": 0.003427}}
{"target": -17.677048178324263, "params": {"gamma": 869.5005251866743, "log10_alpha": 0.5039595430491142, "log10_colsample_bytree": -0.5309776505903451, "log10_eta": -3.2817221254402167, "log10_lambda": -4.1940445527101335, "log10_min_child_weight": 2.6223588700754115, "log10_subsample": -0.48320919788057437, "max_depth": 2.0, "num_boost_round": 15.0}, "datetime": {"datetime": "2024-01-19 01:05:57", "elapsed": 3238.011825, "delta": 0.003461}}
{"target": -17.677039138597316, "params": {"gamma": 869.5005251866743, "log10_alpha": 0.5039595430491142, "log10_colsample_bytree": -0.5309776505903451, "log10_eta": -3.2817221254402167, "log10_lambda": -4.1940445527101335, "log10_min_child_weight": 2.6223588700754115, "log10_subsample": -0.48320919788057437, "max_depth": 2.0, "num_boost_round": 16.0}, "datetime": {"datetime": "2024-01-19 01:05:57", "elapsed": 3238.015273, "delta": 0.003448}}
{"target": -17.677031000701955, "params": {"gamma": 869.5005251866743, "log10_alpha": 0.5039595430491142, "log10_colsample_bytree": -0.5309776505903451, "log10_eta": -3.2817221254402167, "log10_lambda": -4.1940445527101335, "log10_min_child_weight": 2.6223588700754115, "log10_subsample": -0.48320919788057437, "max_depth": 2.0, "num_boost_round": 17.0}, "datetime": {"datetime": "2024-01-19 01:05:57", "elapsed": 3238.018728, "delta": 0.003455}}
{"target": -17.677029518802293, "params": {"gamma": 869.5005251866743, "log10_alpha": 0.5039595430491142, "log10_colsample_bytree": -0.5309776505903451, "log10_eta": -3.2817221254402167, "log10_lambda": -4.1940445527101335, "log10_min_child_weight": 2.6223588700754115, "log10_subsample": -0.48320919788057437, "max_depth": 2.0, "num_boost_round": 18.0}, "datetime": {"datetime": "2024-01-19 01:05:57", "elapsed": 3238.022279, "delta": 0.003551}}
{"target": -17.677017444744763, "params": {"gamma": 869.5005251866743, "log10_alpha": 0.5039595430491142, "log10_colsample_bytree": -0.5309776505903451, "log10_eta": -3.2817221254402167, "log10_lambda": -4.1940445527101335, "log10_min_child_weight": 2.6223588700754115, "log10_subsample": -0.48320919788057437, "max_depth": 2.0, "num_boost_round": 19.0}, "datetime": {"datetime": "2024-01-19 01:05:57", "elapsed": 3238.025929, "delta": 0.00365}}
{"target": -17.677000561449375, "params": {"gamma": 869.5005251866743, "log10_alpha": 0.5039595430491142, "log10_colsample_bytree": -0.5309776505903451, "log10_eta": -3.2817221254402167, "log10_lambda": -4.1940445527101335, "log10_min_child_weight": 2.6223588700754115, "log10_subsample": -0.48320919788057437, "max_depth": 2.0, "num_boost_round": 20.0}, "datetime": {"datetime": "2024-01-19 01:05:57", "elapsed": 3238.151786, "delta": 0.125857}}
{"target": -17.67698604048952, "params": {"gamma": 869.5005251866743, "log10_alpha": 0.5039595430491142, "log10_colsample_bytree": -0.5309776505903451, "log10_eta": -3.2817221254402167, "log10_lambda": -4.1940445527101335, "log10_min_child_weight": 2.6223588700754115, "log10_subsample": -0.48320919788057437, "max_depth": 2.0, "num_boost_round": 21.0}, "datetime": {"datetime": "2024-01-19 01:05:57", "elapsed": 3238.156149, "delta": 0.004363}}
{"target": -17.676975722706782, "params": {"gamma": 869.5005251866743, "log10_alpha": 0.5039595430491142, "log10_colsample_bytree": -0.5309776505903451, "log10_eta": -3.2817221254402167, "log10_lambda": -4.1940445527101335, "log10_min_child_weight": 2.6223588700754115, "log10_subsample": -0.48320919788057437, "max_depth": 2.0, "num_boost_round": 22.0}, "datetime": {"datetime": "2024-01-19 01:05:57", "elapsed": 3238.160118, "delta": 0.003969}}
{"target": -17.676951850335232, "params": {"gamma": 869.5005251866743, "log10_alpha": 0.5039595430491142, "log10_colsample_bytree": -0.5309776505903451, "log10_eta": -3.2817221254402167, "log10_lambda": -4.1940445527101335, "log10_min_child_weight": 2.6223588700754115, "log10_subsample": -0.48320919788057437, "max_depth": 2.0, "num_boost_round": 23.0}, "datetime": {"datetime": "2024-01-19 01:05:57", "elapsed": 3238.16377, "delta": 0.003652}}
{"target": -17.67693329484293, "params": {"gamma": 869.5005251866743, "log10_alpha": 0.5039595430491142, "log10_colsample_bytree": -0.5309776505903451, "log10_eta": -3.2817221254402167, "log10_lambda": -4.1940445527101335, "log10_min_child_weight": 2.6223588700754115, "log10_subsample": -0.48320919788057437, "max_depth": 2.0, "num_boost_round": 24.0}, "datetime": {"datetime": "2024-01-19 01:05:57", "elapsed": 3238.167419, "delta": 0.003649}}
{"target": -17.67692277486746, "params": {"gamma": 869.5005251866743, "log10_alpha": 0.5039595430491142, "log10_colsample_bytree": -0.5309776505903451, "log10_eta": -3.2817221254402167, "log10_lambda": -4.1940445527101335, "log10_min_child_weight": 2.6223588700754115, "log10_subsample": -0.48320919788057437, "max_depth": 2.0, "num_boost_round": 25.0}, "datetime": {"datetime": "2024-01-19 01:05:57", "elapsed": 3238.171034, "delta": 0.003615}}
{"target": -17.676916851431113, "params": {"gamma": 869.5005251866743, "log10_alpha": 0.5039595430491142, "log10_colsample_bytree": -0.5309776505903451, "log10_eta": -3.2817221254402167, "log10_lambda": -4.1940445527101335, "log10_min_child_weight": 2.6223588700754115, "log10_subsample": -0.48320919788057437, "max_depth": 2.0, "num_boost_round": 26.0}, "datetime": {"datetime": "2024-01-19 01:05:57", "elapsed": 3238.175087, "delta": 0.004053}}
{"target": -17.67691486809521, "params": {"gamma": 869.5005251866743, "log10_alpha": 0.5039595430491142, "log10_colsample_bytree": -0.5309776505903451, "log10_eta": -3.2817221254402167, "log10_lambda": -4.1940445527101335, "log10_min_child_weight": 2.6223588700754115, "log10_subsample": -0.48320919788057437, "max_depth": 2.0, "num_boost_round": 27.0}, "datetime": {"datetime": "2024-01-19 01:05:57", "elapsed": 3238.178779, "delta": 0.003692}}
{"target": -17.676902003323786, "params": {"gamma": 869.5005251866743, "log10_alpha": 0.5039595430491142, "log10_colsample_bytree": -0.5309776505903451, "log10_eta": -3.2817221254402167, "log10_lambda": -4.1940445527101335, "log10_min_child_weight": 2.6223588700754115, "log10_subsample": -0.48320919788057437, "max_depth": 2.0, "num_boost_round": 28.0}, "datetime": {"datetime": "2024-01-19 01:05:57", "elapsed": 3238.182518, "delta": 0.003739}}
{"target": -17.677238124360333, "params": {"gamma": 886.052937853622, "log10_alpha": -0.33531630099444687, "log10_colsample_bytree": -0.23445458232048477, "log10_eta": -3.151118115165734, "log10_lambda": 0.5388746648099243, "log10_min_child_weight": 4.339252520018165, "log10_subsample": -0.02118809984396075, "max_depth": 5.0, "num_boost_round": 0.0}, "datetime": {"datetime": "2024-01-19 01:07:00", "elapsed": 3301.112252, "delta": 62.929734}}
{"target": -17.67722918865895, "params": {"gamma": 886.052937853622, "log10_alpha": -0.33531630099444687, "log10_colsample_bytree": -0.23445458232048477, "log10_eta": -3.151118115165734, "log10_lambda": 0.5388746648099243, "log10_min_child_weight": 4.339252520018165, "log10_subsample": -0.02118809984396075, "max_depth": 5.0, "num_boost_round": 1.0}, "datetime": {"datetime": "2024-01-19 01:07:00", "elapsed": 3301.117022, "delta": 0.00477}}
{"target": -17.677220382293324, "params": {"gamma": 886.052937853622, "log10_alpha": -0.33531630099444687, "log10_colsample_bytree": -0.23445458232048477, "log10_eta": -3.151118115165734, "log10_lambda": 0.5388746648099243, "log10_min_child_weight": 4.339252520018165, "log10_subsample": -0.02118809984396075, "max_depth": 5.0, "num_boost_round": 2.0}, "datetime": {"datetime": "2024-01-19 01:07:00", "elapsed": 3301.120801, "delta": 0.003779}}
{"target": -17.6772167653081, "params": {"gamma": 886.052937853622, "log10_alpha": -0.33531630099444687, "log10_colsample_bytree": -0.23445458232048477, "log10_eta": -3.151118115165734, "log10_lambda": 0.5388746648099243, "log10_min_child_weight": 4.339252520018165, "log10_subsample": -0.02118809984396075, "max_depth": 5.0, "num_boost_round": 3.0}, "datetime": {"datetime": "2024-01-19 01:07:00", "elapsed": 3301.124593, "delta": 0.003792}}
{"target": -17.677211296725527, "params": {"gamma": 886.052937853622, "log10_alpha": -0.33531630099444687, "log10_colsample_bytree": -0.23445458232048477, "log10_eta": -3.151118115165734, "log10_lambda": 0.5388746648099243, "log10_min_child_weight": 4.339252520018165, "log10_subsample": -0.02118809984396075, "max_depth": 5.0, "num_boost_round": 4.0}, "datetime": {"datetime": "2024-01-19 01:07:00", "elapsed": 3301.128237, "delta": 0.003644}}
{"target": -17.677238481395495, "params": {"gamma": 886.052937853622, "log10_alpha": -0.33531630099444687, "log10_colsample_bytree": -0.23445458232048477, "log10_eta": -3.151118115165734, "log10_lambda": 0.5388746648099243, "log10_min_child_weight": 4.339252520018165, "log10_subsample": -0.02118809984396075, "max_depth": 5.0, "num_boost_round": 5.0}, "datetime": {"datetime": "2024-01-19 01:07:00", "elapsed": 3301.131916, "delta": 0.003679}}
{"target": -17.67724707948091, "params": {"gamma": 886.052937853622, "log10_alpha": -0.33531630099444687, "log10_colsample_bytree": -0.23445458232048477, "log10_eta": -3.151118115165734, "log10_lambda": 0.5388746648099243, "log10_min_child_weight": 4.339252520018165, "log10_subsample": -0.02118809984396075, "max_depth": 5.0, "num_boost_round": 6.0}, "datetime": {"datetime": "2024-01-19 01:07:00", "elapsed": 3301.135476, "delta": 0.00356}}
{"target": -17.677256376209517, "params": {"gamma": 886.052937853622, "log10_alpha": -0.33531630099444687, "log10_colsample_bytree": -0.23445458232048477, "log10_eta": -3.151118115165734, "log10_lambda": 0.5388746648099243, "log10_min_child_weight": 4.339252520018165, "log10_subsample": -0.02118809984396075, "max_depth": 5.0, "num_boost_round": 7.0}, "datetime": {"datetime": "2024-01-19 01:07:00", "elapsed": 3301.139148, "delta": 0.003672}}
{"target": -17.677264045275656, "params": {"gamma": 886.052937853622, "log10_alpha": -0.33531630099444687, "log10_colsample_bytree": -0.23445458232048477, "log10_eta": -3.151118115165734, "log10_lambda": 0.5388746648099243, "log10_min_child_weight": 4.339252520018165, "log10_subsample": -0.02118809984396075, "max_depth": 5.0, "num_boost_round": 8.0}, "datetime": {"datetime": "2024-01-19 01:07:00", "elapsed": 3301.142803, "delta": 0.003655}}
{"target": -17.67726886659389, "params": {"gamma": 886.052937853622, "log10_alpha": -0.33531630099444687, "log10_colsample_bytree": -0.23445458232048477, "log10_eta": -3.151118115165734, "log10_lambda": 0.5388746648099243, "log10_min_child_weight": 4.339252520018165, "log10_subsample": -0.02118809984396075, "max_depth": 5.0, "num_boost_round": 9.0}, "datetime": {"datetime": "2024-01-19 01:07:00", "elapsed": 3301.146388, "delta": 0.003585}}
{"target": -17.677275588052748, "params": {"gamma": 886.052937853622, "log10_alpha": -0.33531630099444687, "log10_colsample_bytree": -0.23445458232048477, "log10_eta": -3.151118115165734, "log10_lambda": 0.5388746648099243, "log10_min_child_weight": 4.339252520018165, "log10_subsample": -0.02118809984396075, "max_depth": 5.0, "num_boost_round": 10.0}, "datetime": {"datetime": "2024-01-19 01:07:00", "elapsed": 3301.149975, "delta": 0.003587}}
{"target": -17.67724856987624, "params": {"gamma": 886.052937853622, "log10_alpha": -0.33531630099444687, "log10_colsample_bytree": -0.23445458232048477, "log10_eta": -3.151118115165734, "log10_lambda": 0.5388746648099243, "log10_min_child_weight": 4.339252520018165, "log10_subsample": -0.02118809984396075, "max_depth": 5.0, "num_boost_round": 11.0}, "datetime": {"datetime": "2024-01-19 01:07:00", "elapsed": 3301.153704, "delta": 0.003729}}
{"target": -17.67724559427852, "params": {"gamma": 886.052937853622, "log10_alpha": -0.33531630099444687, "log10_colsample_bytree": -0.23445458232048477, "log10_eta": -3.151118115165734, "log10_lambda": 0.5388746648099243, "log10_min_child_weight": 4.339252520018165, "log10_subsample": -0.02118809984396075, "max_depth": 5.0, "num_boost_round": 12.0}, "datetime": {"datetime": "2024-01-19 01:07:00", "elapsed": 3301.157265, "delta": 0.003561}}
{"target": -17.67725272373582, "params": {"gamma": 886.052937853622, "log10_alpha": -0.33531630099444687, "log10_colsample_bytree": -0.23445458232048477, "log10_eta": -3.151118115165734, "log10_lambda": 0.5388746648099243, "log10_min_child_weight": 4.339252520018165, "log10_subsample": -0.02118809984396075, "max_depth": 5.0, "num_boost_round": 13.0}, "datetime": {"datetime": "2024-01-19 01:07:00", "elapsed": 3301.160882, "delta": 0.003617}}
{"target": -17.677248961133873, "params": {"gamma": 886.052937853622, "log10_alpha": -0.33531630099444687, "log10_colsample_bytree": -0.23445458232048477, "log10_eta": -3.151118115165734, "log10_lambda": 0.5388746648099243, "log10_min_child_weight": 4.339252520018165, "log10_subsample": -0.02118809984396075, "max_depth": 5.0, "num_boost_round": 14.0}, "datetime": {"datetime": "2024-01-19 01:07:00", "elapsed": 3301.164385, "delta": 0.003503}}
{"target": -17.677232342290115, "params": {"gamma": 886.052937853622, "log10_alpha": -0.33531630099444687, "log10_colsample_bytree": -0.23445458232048477, "log10_eta": -3.151118115165734, "log10_lambda": 0.5388746648099243, "log10_min_child_weight": 4.339252520018165, "log10_subsample": -0.02118809984396075, "max_depth": 5.0, "num_boost_round": 15.0}, "datetime": {"datetime": "2024-01-19 01:07:00", "elapsed": 3301.16792, "delta": 0.003535}}
{"target": -17.677227342854724, "params": {"gamma": 886.052937853622, "log10_alpha": -0.33531630099444687, "log10_colsample_bytree": -0.23445458232048477, "log10_eta": -3.151118115165734, "log10_lambda": 0.5388746648099243, "log10_min_child_weight": 4.339252520018165, "log10_subsample": -0.02118809984396075, "max_depth": 5.0, "num_boost_round": 16.0}, "datetime": {"datetime": "2024-01-19 01:07:00", "elapsed": 3301.171675, "delta": 0.003755}}
{"target": -17.677225832869528, "params": {"gamma": 886.052937853622, "log10_alpha": -0.33531630099444687, "log10_colsample_bytree": -0.23445458232048477, "log10_eta": -3.151118115165734, "log10_lambda": 0.5388746648099243, "log10_min_child_weight": 4.339252520018165, "log10_subsample": -0.02118809984396075, "max_depth": 5.0, "num_boost_round": 17.0}, "datetime": {"datetime": "2024-01-19 01:07:00", "elapsed": 3301.175359, "delta": 0.003684}}
{"target": -17.677225269772162, "params": {"gamma": 886.052937853622, "log10_alpha": -0.33531630099444687, "log10_colsample_bytree": -0.23445458232048477, "log10_eta": -3.151118115165734, "log10_lambda": 0.5388746648099243, "log10_min_child_weight": 4.339252520018165, "log10_subsample": -0.02118809984396075, "max_depth": 5.0, "num_boost_round": 18.0}, "datetime": {"datetime": "2024-01-19 01:07:00", "elapsed": 3301.178994, "delta": 0.003635}}
{"target": -17.677221655025413, "params": {"gamma": 886.052937853622, "log10_alpha": -0.33531630099444687, "log10_colsample_bytree": -0.23445458232048477, "log10_eta": -3.151118115165734, "log10_lambda": 0.5388746648099243, "log10_min_child_weight": 4.339252520018165, "log10_subsample": -0.02118809984396075, "max_depth": 5.0, "num_boost_round": 19.0}, "datetime": {"datetime": "2024-01-19 01:07:00", "elapsed": 3301.182583, "delta": 0.003589}}
{"target": -17.677202501439922, "params": {"gamma": 886.052937853622, "log10_alpha": -0.33531630099444687, "log10_colsample_bytree": -0.23445458232048477, "log10_eta": -3.151118115165734, "log10_lambda": 0.5388746648099243, "log10_min_child_weight": 4.339252520018165, "log10_subsample": -0.02118809984396075, "max_depth": 5.0, "num_boost_round": 20.0}, "datetime": {"datetime": "2024-01-19 01:07:00", "elapsed": 3301.18612, "delta": 0.003537}}
{"target": -17.677203927473794, "params": {"gamma": 886.052937853622, "log10_alpha": -0.33531630099444687, "log10_colsample_bytree": -0.23445458232048477, "log10_eta": -3.151118115165734, "log10_lambda": 0.5388746648099243, "log10_min_child_weight": 4.339252520018165, "log10_subsample": -0.02118809984396075, "max_depth": 5.0, "num_boost_round": 21.0}, "datetime": {"datetime": "2024-01-19 01:07:00", "elapsed": 3301.189649, "delta": 0.003529}}
{"target": -17.677189166257403, "params": {"gamma": 886.052937853622, "log10_alpha": -0.33531630099444687, "log10_colsample_bytree": -0.23445458232048477, "log10_eta": -3.151118115165734, "log10_lambda": 0.5388746648099243, "log10_min_child_weight": 4.339252520018165, "log10_subsample": -0.02118809984396075, "max_depth": 5.0, "num_boost_round": 22.0}, "datetime": {"datetime": "2024-01-19 01:07:00", "elapsed": 3301.193277, "delta": 0.003628}}
{"target": -17.67718441395239, "params": {"gamma": 886.052937853622, "log10_alpha": -0.33531630099444687, "log10_colsample_bytree": -0.23445458232048477, "log10_eta": -3.151118115165734, "log10_lambda": 0.5388746648099243, "log10_min_child_weight": 4.339252520018165, "log10_subsample": -0.02118809984396075, "max_depth": 5.0, "num_boost_round": 23.0}, "datetime": {"datetime": "2024-01-19 01:07:00", "elapsed": 3301.196955, "delta": 0.003678}}
{"target": -17.67718859983751, "params": {"gamma": 886.052937853622, "log10_alpha": -0.33531630099444687, "log10_colsample_bytree": -0.23445458232048477, "log10_eta": -3.151118115165734, "log10_lambda": 0.5388746648099243, "log10_min_child_weight": 4.339252520018165, "log10_subsample": -0.02118809984396075, "max_depth": 5.0, "num_boost_round": 24.0}, "datetime": {"datetime": "2024-01-19 01:07:00", "elapsed": 3301.200584, "delta": 0.003629}}
{"target": -17.67717847944449, "params": {"gamma": 886.052937853622, "log10_alpha": -0.33531630099444687, "log10_colsample_bytree": -0.23445458232048477, "log10_eta": -3.151118115165734, "log10_lambda": 0.5388746648099243, "log10_min_child_weight": 4.339252520018165, "log10_subsample": -0.02118809984396075, "max_depth": 5.0, "num_boost_round": 25.0}, "datetime": {"datetime": "2024-01-19 01:07:00", "elapsed": 3301.204114, "delta": 0.00353}}
{"target": -17.677178087723185, "params": {"gamma": 886.052937853622, "log10_alpha": -0.33531630099444687, "log10_colsample_bytree": -0.23445458232048477, "log10_eta": -3.151118115165734, "log10_lambda": 0.5388746648099243, "log10_min_child_weight": 4.339252520018165, "log10_subsample": -0.02118809984396075, "max_depth": 5.0, "num_boost_round": 26.0}, "datetime": {"datetime": "2024-01-19 01:07:00", "elapsed": 3301.207679, "delta": 0.003565}}
{"target": -17.677180643673363, "params": {"gamma": 886.052937853622, "log10_alpha": -0.33531630099444687, "log10_colsample_bytree": -0.23445458232048477, "log10_eta": -3.151118115165734, "log10_lambda": 0.5388746648099243, "log10_min_child_weight": 4.339252520018165, "log10_subsample": -0.02118809984396075, "max_depth": 5.0, "num_boost_round": 27.0}, "datetime": {"datetime": "2024-01-19 01:07:00", "elapsed": 3301.211227, "delta": 0.003548}}
{"target": -17.67718029459253, "params": {"gamma": 886.052937853622, "log10_alpha": -0.33531630099444687, "log10_colsample_bytree": -0.23445458232048477, "log10_eta": -3.151118115165734, "log10_lambda": 0.5388746648099243, "log10_min_child_weight": 4.339252520018165, "log10_subsample": -0.02118809984396075, "max_depth": 5.0, "num_boost_round": 28.0}, "datetime": {"datetime": "2024-01-19 01:07:00", "elapsed": 3301.21499, "delta": 0.003763}}
{"target": -17.67718767018073, "params": {"gamma": 886.052937853622, "log10_alpha": -0.33531630099444687, "log10_colsample_bytree": -0.23445458232048477, "log10_eta": -3.151118115165734, "log10_lambda": 0.5388746648099243, "log10_min_child_weight": 4.339252520018165, "log10_subsample": -0.02118809984396075, "max_depth": 5.0, "num_boost_round": 29.0}, "datetime": {"datetime": "2024-01-19 01:07:00", "elapsed": 3301.218556, "delta": 0.003566}}
{"target": -17.677178971695074, "params": {"gamma": 886.052937853622, "log10_alpha": -0.33531630099444687, "log10_colsample_bytree": -0.23445458232048477, "log10_eta": -3.151118115165734, "log10_lambda": 0.5388746648099243, "log10_min_child_weight": 4.339252520018165, "log10_subsample": -0.02118809984396075, "max_depth": 5.0, "num_boost_round": 30.0}, "datetime": {"datetime": "2024-01-19 01:07:00", "elapsed": 3301.222493, "delta": 0.003937}}
{"target": -17.677169421969854, "params": {"gamma": 886.052937853622, "log10_alpha": -0.33531630099444687, "log10_colsample_bytree": -0.23445458232048477, "log10_eta": -3.151118115165734, "log10_lambda": 0.5388746648099243, "log10_min_child_weight": 4.339252520018165, "log10_subsample": -0.02118809984396075, "max_depth": 5.0, "num_boost_round": 31.0}, "datetime": {"datetime": "2024-01-19 01:07:00", "elapsed": 3301.227067, "delta": 0.004574}}
{"target": -17.677178206641756, "params": {"gamma": 886.052937853622, "log10_alpha": -0.33531630099444687, "log10_colsample_bytree": -0.23445458232048477, "log10_eta": -3.151118115165734, "log10_lambda": 0.5388746648099243, "log10_min_child_weight": 4.339252520018165, "log10_subsample": -0.02118809984396075, "max_depth": 5.0, "num_boost_round": 32.0}, "datetime": {"datetime": "2024-01-19 01:07:00", "elapsed": 3301.231282, "delta": 0.004215}}
