{"target": -17.677118146454497, "params": {"gamma": 11.298484555709303, "log10_alpha": 1.0, "log10_colsample_bytree": -0.5912862968258288, "log10_eta": -3.9505103631801943, "log10_lambda": -2.6123617805762738, "log10_min_child_weight": 2.480222343845001, "log10_subsample": -0.7360831847735294, "max_depth": 9.0, "num_boost_round": 23.0}, "datetime": {"datetime": "2024-01-19 00:33:31", "elapsed": 1365.254965, "delta": 0.001633}}
{"target": -17.677114905446434, "params": {"gamma": 11.298484555709303, "log10_alpha": 1.0, "log10_colsample_bytree": -0.5912862968258288, "log10_eta": -3.9505103631801943, "log10_lambda": -2.6123617805762738, "log10_min_child_weight": 2.480222343845001, "log10_subsample": -0.7360831847735294, "max_depth": 9.0, "num_boost_round": 24.0}, "datetime": {"datetime": "2024-01-19 00:33:31", "elapsed": 1365.25665, "delta": 0.001685}}
{"target": -17.67711010179105, "params": {"gamma": 11.298484555709303, "log10_alpha": 1.0, "log10_colsample_bytree": -0.5912862968258288, "log10_eta": -3.9505103631801943, "log10_lambda": -2.6123617805762738, "log10_min_child_weight": 2.480222343845001, "log10_subsample": -0.7360831847735294, "max_depth": 9.0, "num_boost_round": 25.0}, "datetime": {"datetime": "2024-01-19 00:33:31", "elapsed": 1365.258254, "delta": 0.001604}}
{"target": -17.677107302914873, "params": {"gamma": 11.298484555709303, "log10_alpha": 1.0, "log10_colsample_bytree": -0.5912862968258288, "log10_eta": -3.9505103631801943, "log10_lambda": -2.6123617805762738, "log10_min_child_weight": 2.480222343845001, "log10_subsample": -0.7360831847735294, "max_depth": 9.0, "num_boost_round": 26.0}, "datetime": {"datetime": "2024-01-19 00:33:31", "elapsed": 1365.259915, "delta": 0.001661}}
{"target": -17.67710931560089, "params": {"gamma": 11.298484555709303, "log10_alpha": 1.0, "log10_colsample_bytree": -0.5912862968258288, "log10_eta": -3.9505103631801943, "log10_lambda": -2.6123617805762738, "log10_min_child_weight": 2.480222343845001, "log10_subsample": -0.7360831847735294, "max_depth": 9.0, "num_boost_round": 27.0}, "datetime": {"datetime": "2024-01-19 00:33:31", "elapsed": 1365.266065, "delta": 0.00615}}
{"target": -17.677104401536905, "params": {"gamma": 11.298484555709303, "log10_alpha": 1.0, "log10_colsample_bytree": -0.5912862968258288, "log10_eta": -3.9505103631801943, "log10_lambda": -2.6123617805762738, "log10_min_child_weight": 2.480222343845001, "log10_subsample": -0.7360831847735294, "max_depth": 9.0, "num_boost_round": 28.0}, "datetime": {"datetime": "2024-01-19 00:33:31", "elapsed": 1365.267837, "delta": 0.001772}}
{"target": -17.67709768017924, "params": {"gamma": 11.298484555709303, "log10_alpha": 1.0, "log10_colsample_bytree": -0.5912862968258288, "log10_eta": -3.9505103631801943, "log10_lambda": -2.6123617805762738, "log10_min_child_weight": 2.480222343845001, "log10_subsample": -0.7360831847735294, "max_depth": 9.0, "num_boost_round": 29.0}, "datetime": {"datetime": "2024-01-19 00:33:31", "elapsed": 1365.269589, "delta": 0.001752}}
{"target": -17.67709424268837, "params": {"gamma": 11.298484555709303, "log10_alpha": 1.0, "log10_colsample_bytree": -0.5912862968258288, "log10_eta": -3.9505103631801943, "log10_lambda": -2.6123617805762738, "log10_min_child_weight": 2.480222343845001, "log10_subsample": -0.7360831847735294, "max_depth": 9.0, "num_boost_round": 30.0}, "datetime": {"datetime": "2024-01-19 00:33:31", "elapsed": 1365.271294, "delta": 0.001705}}
{"target": -17.67709079895834, "params": {"gamma": 11.298484555709303, "log10_alpha": 1.0, "log10_colsample_bytree": -0.5912862968258288, "log10_eta": -3.9505103631801943, "log10_lambda": -2.6123617805762738, "log10_min_child_weight": 2.480222343845001, "log10_subsample": -0.7360831847735294, "max_depth": 9.0, "num_boost_round": 31.0}, "datetime": {"datetime": "2024-01-19 00:33:31", "elapsed": 1365.272964, "delta": 0.00167}}
{"target": -17.67708768604413, "params": {"gamma": 11.298484555709303, "log10_alpha": 1.0, "log10_colsample_bytree": -0.5912862968258288, "log10_eta": -3.9505103631801943, "log10_lambda": -2.6123617805762738, "log10_min_child_weight": 2.480222343845001, "log10_subsample": -0.7360831847735294, "max_depth": 9.0, "num_boost_round": 32.0}, "datetime": {"datetime": "2024-01-19 00:33:31", "elapsed": 1365.274613, "delta": 0.001649}}
{"target": -17.677078082971573, "params": {"gamma": 11.298484555709303, "log10_alpha": 1.0, "log10_colsample_bytree": -0.5912862968258288, "log10_eta": -3.9505103631801943, "log10_lambda": -2.6123617805762738, "log10_min_child_weight": 2.480222343845001, "log10_subsample": -0.7360831847735294, "max_depth": 9.0, "num_boost_round": 33.0}, "datetime": {"datetime": "2024-01-19 00:33:31", "elapsed": 1365.276283, "delta": 0.00167}}
{"target": -17.677071116765884, "params": {"gamma": 11.298484555709303, "log10_alpha": 1.0, "log10_colsample_bytree": -0.5912862968258288, "log10_eta": -3.9505103631801943, "log10_lambda": -2.6123617805762738, "log10_min_child_weight": 2.480222343845001, "log10_subsample": -0.7360831847735294, "max_depth": 9.0, "num_boost_round": 34.0}, "datetime": {"datetime": "2024-01-19 00:33:31", "elapsed": 1365.277908, "delta": 0.001625}}
{"target": -17.677064619295088, "params": {"gamma": 11.298484555709303, "log10_alpha": 1.0, "log10_colsample_bytree": -0.5912862968258288, "log10_eta": -3.9505103631801943, "log10_lambda": -2.6123617805762738, "log10_min_child_weight": 2.480222343845001, "log10_subsample": -0.7360831847735294, "max_depth": 9.0, "num_boost_round": 35.0}, "datetime": {"datetime": "2024-01-19 00:33:31", "elapsed": 1365.279539, "delta": 0.001631}}
{"target": -17.67706739572641, "params": {"gamma": 11.298484555709303, "log10_alpha": 1.0, "log10_colsample_bytree": -0.5912862968258288, "log10_eta": -3.9505103631801943, "log10_lambda": -2.6123617805762738, "log10_min_child_weight": 2.480222343845001, "log10_subsample": -0.7360831847735294, "max_depth": 9.0, "num_boost_round": 36.0}, "datetime": {"datetime": "2024-01-19 00:33:31", "elapsed": 1365.281189, "delta": 0.00165}}
{"target": -17.67723105622912, "params": {"gamma": 29.886542509558577, "log10_alpha": 0.9245203646382061, "log10_colsample_bytree": -0.33157029658388504, "log10_eta": -3.6015762694019897, "log10_lambda": -4.834812042455042, "log10_min_child_weight": 4.518472468656092, "log10_subsample": -0.0037951073760602583, "max_depth": 8.0, "num_boost_round": 0.0}, "datetime": {"datetime": "2024-01-19 00:34:11", "elapsed": 1404.925096, "delta": 39.643907}}
{"target": -17.677230205997088, "params": {"gamma": 29.886542509558577, "log10_alpha": 0.9245203646382061, "log10_colsample_bytree": -0.33157029658388504, "log10_eta": -3.6015762694019897, "log10_lambda": -4.834812042455042, "log10_min_child_weight": 4.518472468656092, "log10_subsample": -0.0037951073760602583, "max_depth": 8.0, "num_boost_round": 1.0}, "datetime": {"datetime": "2024-01-19 00:34:11", "elapsed": 1404.9271, "delta": 0.002004}}
{"target": -17.677231374417584, "params": {"gamma": 29.886542509558577, "log10_alpha": 0.9245203646382061, "log10_colsample_bytree": -0.33157029658388504, "log10_eta": -3.6015762694019897, "log10_lambda": -4.834812042455042, "log10_min_child_weight": 4.518472468656092, "log10_subsample": -0.0037951073760602583, "max_depth": 8.0, "num_boost_round": 2.0}, "datetime": {"datetime": "2024-01-19 00:34:11", "elapsed": 1404.929186, "delta": 0.002086}}
{"target": -17.67722862721076, "params": {"gamma": 29.886542509558577, "log10_alpha": 0.9245203646382061, "log10_colsample_bytree": -0.33157029658388504, "log10_eta": -3.6015762694019897, "log10_lambda": -4.834812042455042, "log10_min_child_weight": 4.518472468656092, "log10_subsample": -0.0037951073760602583, "max_depth": 8.0, "num_boost_round": 3.0}, "datetime": {"datetime": "2024-01-19 00:34:11", "elapsed": 1404.93116, "delta": 0.001974}}
{"target": -17.677227129387465, "params": {"gamma": 29.886542509558577, "log10_alpha": 0.9245203646382061, "log10_colsample_bytree": -0.33157029658388504, "log10_eta": -3.6015762694019897, "log10_lambda": -4.834812042455042, "log10_min_child_weight": 4.518472468656092, "log10_subsample": -0.0037951073760602583, "max_depth": 8.0, "num_boost_round": 4.0}, "datetime": {"datetime": "2024-01-19 00:34:11", "elapsed": 1404.932993, "delta": 0.001833}}
{"target": -17.67722759950424, "params": {"gamma": 29.886542509558577, "log10_alpha": 0.9245203646382061, "log10_colsample_bytree": -0.33157029658388504, "log10_eta": -3.6015762694019897, "log10_lambda": -4.834812042455042, "log10_min_child_weight": 4.518472468656092, "log10_subsample": -0.0037951073760602583, "max_depth": 8.0, "num_boost_round": 5.0}, "datetime": {"datetime": "2024-01-19 00:34:11", "elapsed": 1404.934767, "delta": 0.001774}}
{"target": -17.67722642053411, "params": {"gamma": 29.886542509558577, "log10_alpha": 0.9245203646382061, "log10_colsample_bytree": -0.33157029658388504, "log10_eta": -3.6015762694019897, "log10_lambda": -4.834812042455042, "log10_min_child_weight": 4.518472468656092, "log10_subsample": -0.0037951073760602583, "max_depth": 8.0, "num_boost_round": 6.0}, "datetime": {"datetime": "2024-01-19 00:34:11", "elapsed": 1404.93647, "delta": 0.001703}}
{"target": -17.677224598804962, "params": {"gamma": 29.886542509558577, "log10_alpha": 0.9245203646382061, "log10_colsample_bytree": -0.33157029658388504, "log10_eta": -3.6015762694019897, "log10_lambda": -4.834812042455042, "log10_min_child_weight": 4.518472468656092, "log10_subsample": -0.0037951073760602583, "max_depth": 8.0, "num_boost_round": 7.0}, "datetime": {"datetime": "2024-01-19 00:34:11", "elapsed": 1404.938082, "delta": 0.001612}}
{"target": -17.677222424768658, "params": {"gamma": 29.886542509558577, "log10_alpha": 0.9245203646382061, "log10_colsample_bytree": -0.33157029658388504, "log10_eta": -3.6015762694019897, "log10_lambda": -4.834812042455042, "log10_min_child_weight": 4.518472468656092, "log10_subsample": -0.0037951073760602583, "max_depth": 8.0, "num_boost_round": 8.0}, "datetime": {"datetime": "2024-01-19 00:34:11", "elapsed": 1404.939614, "delta": 0.001532}}
{"target": -17.677218941159815, "params": {"gamma": 29.886542509558577, "log10_alpha": 0.9245203646382061, "log10_colsample_bytree": -0.33157029658388504, "log10_eta": -3.6015762694019897, "log10_lambda": -4.834812042455042, "log10_min_child_weight": 4.518472468656092, "log10_subsample": -0.0037951073760602583, "max_depth": 8.0, "num_boost_round": 9.0}, "datetime": {"datetime": "2024-01-19 00:34:11", "elapsed": 1404.941152, "delta": 0.001538}}
{"target": -17.677217554038286, "params": {"gamma": 29.886542509558577, "log10_alpha": 0.9245203646382061, "log10_colsample_bytree": -0.33157029658388504, "log10_eta": -3.6015762694019897, "log10_lambda": -4.834812042455042, "log10_min_child_weight": 4.518472468656092, "log10_subsample": -0.0037951073760602583, "max_depth": 8.0, "num_boost_round": 10.0}, "datetime": {"datetime": "2024-01-19 00:34:11", "elapsed": 1404.942712, "delta": 0.00156}}
{"target": -17.677209561011257, "params": {"gamma": 29.886542509558577, "log10_alpha": 0.9245203646382061, "log10_colsample_bytree": -0.33157029658388504, "log10_eta": -3.6015762694019897, "log10_lambda": -4.834812042455042, "log10_min_child_weight": 4.518472468656092, "log10_subsample": -0.0037951073760602583, "max_depth": 8.0, "num_boost_round": 11.0}, "datetime": {"datetime": "2024-01-19 00:34:11", "elapsed": 1404.944271, "delta": 0.001559}}
{"target": -17.677206789128356, "params": {"gamma": 29.886542509558577, "log10_alpha": 0.9245203646382061, "log10_colsample_bytree": -0.33157029658388504, "log10_eta": -3.6015762694019897, "log10_lambda": -4.834812042455042, "log10_min_child_weight": 4.518472468656092, "log10_subsample": -0.0037951073760602583, "max_depth": 8.0, "num_boost_round": 12.0}, "datetime": {"datetime": "2024-01-19 00:34:11", "elapsed": 1404.945906, "delta": 0.001635}}
{"target": -17.677203323366797, "params": {"gamma": 29.886542509558577, "log10_alpha": 0.9245203646382061, "log10_colsample_bytree": -0.33157029658388504, "log10_eta": -3.6015762694019897, "log10_lambda": -4.834812042455042, "log10_min_child_weight": 4.518472468656092, "log10_subsample": -0.0037951073760602583, "max_depth": 8.0, "num_boost_round": 13.0}, "datetime": {"datetime": "2024-01-19 00:34:11", "elapsed": 1404.94768, "delta": 0.001774}}
{"target": -17.677199463548085, "params": {"gamma": 29.886542509558577, "log10_alpha": 0.9245203646382061, "log10_colsample_bytree": -0.33157029658388504, "log10_eta": -3.6015762694019897, "log10_lambda": -4.834812042455042, "log10_min_child_weight": 4.518472468656092, "log10_subsample": -0.0037951073760602583, "max_depth": 8.0, "num_boost_round": 14.0}, "datetime": {"datetime": "2024-01-19 00:34:11", "elapsed": 1404.949219, "delta": 0.001539}}
{"target": -17.677193472872517, "params": {"gamma": 29.886542509558577, "log10_alpha": 0.9245203646382061, "log10_colsample_bytree": -0.33157029658388504, "log10_eta": -3.6015762694019897, "log10_lambda": -4.834812042455042, "log10_min_child_weight": 4.518472468656092, "log10_subsample": -0.0037951073760602583, "max_depth": 8.0, "num_boost_round": 15.0}, "datetime": {"datetime": "2024-01-19 00:34:11", "elapsed": 1404.950946, "delta": 0.001727}}
{"target": -17.677194708083835, "params": {"gamma": 29.886542509558577, "log10_alpha": 0.9245203646382061, "log10_colsample_bytree": -0.33157029658388504, "log10_eta": -3.6015762694019897, "log10_lambda": -4.834812042455042, "log10_min_child_weight": 4.518472468656092, "log10_subsample": -0.0037951073760602583, "max_depth": 8.0, "num_boost_round": 16.0}, "datetime": {"datetime": "2024-01-19 00:34:11", "elapsed": 1404.952561, "delta": 0.001615}}
{"target": -17.677191117456836, "params": {"gamma": 29.886542509558577, "log10_alpha": 0.9245203646382061, "log10_colsample_bytree": -0.33157029658388504, "log10_eta": -3.6015762694019897, "log10_lambda": -4.834812042455042, "log10_min_child_weight": 4.518472468656092, "log10_subsample": -0.0037951073760602583, "max_depth": 8.0, "num_boost_round": 17.0}, "datetime": {"datetime": "2024-01-19 00:34:11", "elapsed": 1404.954153, "delta": 0.001592}}
{"target": -17.67718630101749, "params": {"gamma": 29.886542509558577, "log10_alpha": 0.9245203646382061, "log10_colsample_bytree": -0.33157029658388504, "log10_eta": -3.6015762694019897, "log10_lambda": -4.834812042455042, "log10_min_child_weight": 4.518472468656092, "log10_subsample": -0.0037951073760602583, "max_depth": 8.0, "num_boost_round": 18.0}, "datetime": {"datetime": "2024-01-19 00:34:11", "elapsed": 1404.955882, "delta": 0.001729}}
{"target": -17.677178463511538, "params": {"gamma": 29.886542509558577, "log10_alpha": 0.9245203646382061, "log10_colsample_bytree": -0.33157029658388504, "log10_eta": -3.6015762694019897, "log10_lambda": -4.834812042455042, "log10_min_child_weight": 4.518472468656092, "log10_subsample": -0.0037951073760602583, "max_depth": 8.0, "num_boost_round": 19.0}, "datetime": {"datetime": "2024-01-19 00:34:11", "elapsed": 1404.957439, "delta": 0.001557}}
{"target": -17.677176284126656, "params": {"gamma": 29.886542509558577, "log10_alpha": 0.9245203646382061, "log10_colsample_bytree": -0.33157029658388504, "log10_eta": -3.6015762694019897, "log10_lambda": -4.834812042455042, "log10_min_child_weight": 4.518472468656092, "log10_subsample": -0.0037951073760602583, "max_depth": 8.0, "num_boost_round": 20.0}, "datetime": {"datetime": "2024-01-19 00:34:11", "elapsed": 1404.959015, "delta": 0.001576}}
{"target": -17.677172426315764, "params": {"gamma": 29.886542509558577, "log10_alpha": 0.9245203646382061, "log10_colsample_bytree": -0.33157029658388504, "log10_eta": -3.6015762694019897, "log10_lambda": -4.834812042455042, "log10_min_child_weight": 4.518472468656092, "log10_subsample": -0.0037951073760602583, "max_depth": 8.0, "num_boost_round": 21.0}, "datetime": {"datetime": "2024-01-19 00:34:11", "elapsed": 1404.960559, "delta": 0.001544}}
{"target": -17.677166598525318, "params": {"gamma": 29.886542509558577, "log10_alpha": 0.9245203646382061, "log10_colsample_bytree": -0.33157029658388504, "log10_eta": -3.6015762694019897, "log10_lambda": -4.834812042455042, "log10_min_child_weight": 4.518472468656092, "log10_subsample": -0.0037951073760602583, "max_depth": 8.0, "num_boost_round": 22.0}, "datetime": {"datetime": "2024-01-19 00:34:11", "elapsed": 1404.962141, "delta": 0.001582}}
{"target": -17.677169101206417, "params": {"gamma": 29.886542509558577, "log10_alpha": 0.9245203646382061, "log10_colsample_bytree": -0.33157029658388504, "log10_eta": -3.6015762694019897, "log10_lambda": -4.834812042455042, "log10_min_child_weight": 4.518472468656092, "log10_subsample": -0.0037951073760602583, "max_depth": 8.0, "num_boost_round": 23.0}, "datetime": {"datetime": "2024-01-19 00:34:11", "elapsed": 1404.963778, "delta": 0.001637}}
{"target": -17.677167400096575, "params": {"gamma": 29.886542509558577, "log10_alpha": 0.9245203646382061, "log10_colsample_bytree": -0.33157029658388504, "log10_eta": -3.6015762694019897, "log10_lambda": -4.834812042455042, "log10_min_child_weight": 4.518472468656092, "log10_subsample": -0.0037951073760602583, "max_depth": 8.0, "num_boost_round": 24.0}, "datetime": {"datetime": "2024-01-19 00:34:11", "elapsed": 1404.965401, "delta": 0.001623}}
{"target": -17.67716540811773, "params": {"gamma": 29.886542509558577, "log10_alpha": 0.9245203646382061, "log10_colsample_bytree": -0.33157029658388504, "log10_eta": -3.6015762694019897, "log10_lambda": -4.834812042455042, "log10_min_child_weight": 4.518472468656092, "log10_subsample": -0.0037951073760602583, "max_depth": 8.0, "num_boost_round": 25.0}, "datetime": {"datetime": "2024-01-19 00:34:11", "elapsed": 1404.967396, "delta": 0.001995}}
{"target": -17.677169485285837, "params": {"gamma": 29.886542509558577, "log10_alpha": 0.9245203646382061, "log10_colsample_bytree": -0.33157029658388504, "log10_eta": -3.6015762694019897, "log10_lambda": -4.834812042455042, "log10_min_child_weight": 4.518472468656092, "log10_subsample": -0.0037951073760602583, "max_depth": 8.0, "num_boost_round": 26.0}, "datetime": {"datetime": "2024-01-19 00:34:11", "elapsed": 1404.969118, "delta": 0.001722}}
{"target": -17.67722780804689, "params": {"gamma": 12.416113113649763, "log10_alpha": -3.9278791876658627, "log10_colsample_bytree": -0.8054687760660656, "log10_eta": -3.690411489934216, "log10_lambda": -3.3025542127378986, "log10_min_child_weight": 0.19072337295318986, "log10_subsample": -0.9996849664939347, "max_depth": 3.0, "num_boost_round": 0.0}, "datetime": {"datetime": "2024-01-19 00:34:50", "elapsed": 1444.003563, "delta": 39.034445}}
{"target": -17.677219950909546, "params": {"gamma": 12.416113113649763, "log10_alpha": -3.9278791876658627, "log10_colsample_bytree": -0.8054687760660656, "log10_eta": -3.690411489934216, "log10_lambda": -3.3025542127378986, "log10_min_child_weight": 0.19072337295318986, "log10_subsample": -0.9996849664939347, "max_depth": 3.0, "num_boost_round": 1.0}, "datetime": {"datetime": "2024-01-19 00:34:50", "elapsed": 1444.006402, "delta": 0.002839}}
{"target": -17.677220389645004, "params": {"gamma": 12.416113113649763, "log10_alpha": -3.9278791876658627, "log10_colsample_bytree": -0.8054687760660656, "log10_eta": -3.690411489934216, "log10_lambda": -3.3025542127378986, "log10_min_child_weight": 0.19072337295318986, "log10_subsample": -0.9996849664939347, "max_depth": 3.0, "num_boost_round": 2.0}, "datetime": {"datetime": "2024-01-19 00:34:50", "elapsed": 1444.008175, "delta": 0.001773}}
{"target": -17.677220344067756, "params": {"gamma": 12.416113113649763, "log10_alpha": -3.9278791876658627, "log10_colsample_bytree": -0.8054687760660656, "log10_eta": -3.690411489934216, "log10_lambda": -3.3025542127378986, "log10_min_child_weight": 0.19072337295318986, "log10_subsample": -0.9996849664939347, "max_depth": 3.0, "num_boost_round": 3.0}, "datetime": {"datetime": "2024-01-19 00:34:50", "elapsed": 1444.010358, "delta": 0.002183}}
{"target": -17.67721828437842, "params": {"gamma": 12.416113113649763, "log10_alpha": -3.9278791876658627, "log10_colsample_bytree": -0.8054687760660656, "log10_eta": -3.690411489934216, "log10_lambda": -3.3025542127378986, "log10_min_child_weight": 0.19072337295318986, "log10_subsample": -0.9996849664939347, "max_depth": 3.0, "num_boost_round": 4.0}, "datetime": {"datetime": "2024-01-19 00:34:50", "elapsed": 1444.012132, "delta": 0.001774}}
{"target": -17.6772163641557, "params": {"gamma": 12.416113113649763, "log10_alpha": -3.9278791876658627, "log10_colsample_bytree": -0.8054687760660656, "log10_eta": -3.690411489934216, "log10_lambda": -3.3025542127378986, "log10_min_child_weight": 0.19072337295318986, "log10_subsample": -0.9996849664939347, "max_depth": 3.0, "num_boost_round": 5.0}, "datetime": {"datetime": "2024-01-19 00:34:50", "elapsed": 1444.013801, "delta": 0.001669}}
{"target": -17.67721112612281, "params": {"gamma": 12.416113113649763, "log10_alpha": -3.9278791876658627, "log10_colsample_bytree": -0.8054687760660656, "log10_eta": -3.690411489934216, "log10_lambda": -3.3025542127378986, "log10_min_child_weight": 0.19072337295318986, "log10_subsample": -0.9996849664939347, "max_depth": 3.0, "num_boost_round": 6.0}, "datetime": {"datetime": "2024-01-19 00:34:50", "elapsed": 1444.015977, "delta": 0.002176}}
{"target": -17.677200921332197, "params": {"gamma": 12.416113113649763, "log10_alpha": -3.9278791876658627, "log10_colsample_bytree": -0.8054687760660656, "log10_eta": -3.690411489934216, "log10_lambda": -3.3025542127378986, "log10_min_child_weight": 0.19072337295318986, "log10_subsample": -0.9996849664939347, "max_depth": 3.0, "num_boost_round": 7.0}, "datetime": {"datetime": "2024-01-19 00:34:50", "elapsed": 1444.017909, "delta": 0.001932}}
