{"target": -13.75833556655819, "params": {"gamma": 40.6221476113473, "log10_alpha": -4.657673336521929, "log10_colsample_bytree": -0.6899317135945324, "log10_eta": -2.255622713328519, "log10_lambda": -4.336170631001025, "log10_min_child_weight": 4.986928016530503, "log10_subsample": -0.7643953488404404, "max_depth": 5.0, "num_boost_round": 24.0}, "datetime": {"datetime": "2024-01-19 01:12:54", "elapsed": 3682.486883, "delta": 0.003691}}
{"target": -13.758341296473775, "params": {"gamma": 40.6221476113473, "log10_alpha": -4.657673336521929, "log10_colsample_bytree": -0.6899317135945324, "log10_eta": -2.255622713328519, "log10_lambda": -4.336170631001025, "log10_min_child_weight": 4.986928016530503, "log10_subsample": -0.7643953488404404, "max_depth": 5.0, "num_boost_round": 25.0}, "datetime": {"datetime": "2024-01-19 01:12:54", "elapsed": 3682.490526, "delta": 0.003643}}
{"target": -13.758326313145979, "params": {"gamma": 40.6221476113473, "log10_alpha": -4.657673336521929, "log10_colsample_bytree": -0.6899317135945324, "log10_eta": -2.255622713328519, "log10_lambda": -4.336170631001025, "log10_min_child_weight": 4.986928016530503, "log10_subsample": -0.7643953488404404, "max_depth": 5.0, "num_boost_round": 26.0}, "datetime": {"datetime": "2024-01-19 01:12:54", "elapsed": 3682.494171, "delta": 0.003645}}
{"target": -13.758326937419936, "params": {"gamma": 40.6221476113473, "log10_alpha": -4.657673336521929, "log10_colsample_bytree": -0.6899317135945324, "log10_eta": -2.255622713328519, "log10_lambda": -4.336170631001025, "log10_min_child_weight": 4.986928016530503, "log10_subsample": -0.7643953488404404, "max_depth": 5.0, "num_boost_round": 27.0}, "datetime": {"datetime": "2024-01-19 01:12:54", "elapsed": 3682.497824, "delta": 0.003653}}
{"target": -13.758300726915513, "params": {"gamma": 40.6221476113473, "log10_alpha": -4.657673336521929, "log10_colsample_bytree": -0.6899317135945324, "log10_eta": -2.255622713328519, "log10_lambda": -4.336170631001025, "log10_min_child_weight": 4.986928016530503, "log10_subsample": -0.7643953488404404, "max_depth": 5.0, "num_boost_round": 28.0}, "datetime": {"datetime": "2024-01-19 01:12:54", "elapsed": 3682.501507, "delta": 0.003683}}
{"target": -13.7583038047186, "params": {"gamma": 40.6221476113473, "log10_alpha": -4.657673336521929, "log10_colsample_bytree": -0.6899317135945324, "log10_eta": -2.255622713328519, "log10_lambda": -4.336170631001025, "log10_min_child_weight": 4.986928016530503, "log10_subsample": -0.7643953488404404, "max_depth": 5.0, "num_boost_round": 29.0}, "datetime": {"datetime": "2024-01-19 01:12:54", "elapsed": 3682.50524, "delta": 0.003733}}
{"target": -13.758286613472476, "params": {"gamma": 40.6221476113473, "log10_alpha": -4.657673336521929, "log10_colsample_bytree": -0.6899317135945324, "log10_eta": -2.255622713328519, "log10_lambda": -4.336170631001025, "log10_min_child_weight": 4.986928016530503, "log10_subsample": -0.7643953488404404, "max_depth": 5.0, "num_boost_round": 30.0}, "datetime": {"datetime": "2024-01-19 01:12:54", "elapsed": 3682.509613, "delta": 0.004373}}
{"target": -13.758288849467121, "params": {"gamma": 40.6221476113473, "log10_alpha": -4.657673336521929, "log10_colsample_bytree": -0.6899317135945324, "log10_eta": -2.255622713328519, "log10_lambda": -4.336170631001025, "log10_min_child_weight": 4.986928016530503, "log10_subsample": -0.7643953488404404, "max_depth": 5.0, "num_boost_round": 31.0}, "datetime": {"datetime": "2024-01-19 01:12:54", "elapsed": 3682.513398, "delta": 0.003785}}
{"target": -13.758262853149134, "params": {"gamma": 40.6221476113473, "log10_alpha": -4.657673336521929, "log10_colsample_bytree": -0.6899317135945324, "log10_eta": -2.255622713328519, "log10_lambda": -4.336170631001025, "log10_min_child_weight": 4.986928016530503, "log10_subsample": -0.7643953488404404, "max_depth": 5.0, "num_boost_round": 32.0}, "datetime": {"datetime": "2024-01-19 01:12:54", "elapsed": 3682.517068, "delta": 0.00367}}
{"target": -13.758240770616949, "params": {"gamma": 40.6221476113473, "log10_alpha": -4.657673336521929, "log10_colsample_bytree": -0.6899317135945324, "log10_eta": -2.255622713328519, "log10_lambda": -4.336170631001025, "log10_min_child_weight": 4.986928016530503, "log10_subsample": -0.7643953488404404, "max_depth": 5.0, "num_boost_round": 33.0}, "datetime": {"datetime": "2024-01-19 01:12:54", "elapsed": 3682.520769, "delta": 0.003701}}
{"target": -13.758218722728593, "params": {"gamma": 40.6221476113473, "log10_alpha": -4.657673336521929, "log10_colsample_bytree": -0.6899317135945324, "log10_eta": -2.255622713328519, "log10_lambda": -4.336170631001025, "log10_min_child_weight": 4.986928016530503, "log10_subsample": -0.7643953488404404, "max_depth": 5.0, "num_boost_round": 34.0}, "datetime": {"datetime": "2024-01-19 01:12:54", "elapsed": 3682.524517, "delta": 0.003748}}
{"target": -13.792841489927596, "params": {"gamma": 46.451620336796175, "log10_alpha": -4.696498109956442, "log10_colsample_bytree": -0.08930449834824894, "log10_eta": -0.08066891620934902, "log10_lambda": 0.8579509284512392, "log10_min_child_weight": 3.3449102902604393, "log10_subsample": -0.6254566132081875, "max_depth": 4.0, "num_boost_round": 0.0}, "datetime": {"datetime": "2024-01-19 01:13:31", "elapsed": 3719.871809, "delta": 37.347292}}
{"target": -13.800190776565415, "params": {"gamma": 46.451620336796175, "log10_alpha": -4.696498109956442, "log10_colsample_bytree": -0.08930449834824894, "log10_eta": -0.08066891620934902, "log10_lambda": 0.8579509284512392, "log10_min_child_weight": 3.3449102902604393, "log10_subsample": -0.6254566132081875, "max_depth": 4.0, "num_boost_round": 1.0}, "datetime": {"datetime": "2024-01-19 01:13:31", "elapsed": 3719.875633, "delta": 0.003824}}
{"target": -13.827855524919446, "params": {"gamma": 46.451620336796175, "log10_alpha": -4.696498109956442, "log10_colsample_bytree": -0.08930449834824894, "log10_eta": -0.08066891620934902, "log10_lambda": 0.8579509284512392, "log10_min_child_weight": 3.3449102902604393, "log10_subsample": -0.6254566132081875, "max_depth": 4.0, "num_boost_round": 2.0}, "datetime": {"datetime": "2024-01-19 01:13:31", "elapsed": 3719.879501, "delta": 0.003868}}
{"target": -13.877743812084384, "params": {"gamma": 46.451620336796175, "log10_alpha": -4.696498109956442, "log10_colsample_bytree": -0.08930449834824894, "log10_eta": -0.08066891620934902, "log10_lambda": 0.8579509284512392, "log10_min_child_weight": 3.3449102902604393, "log10_subsample": -0.6254566132081875, "max_depth": 4.0, "num_boost_round": 3.0}, "datetime": {"datetime": "2024-01-19 01:13:31", "elapsed": 3719.883845, "delta": 0.004344}}
{"target": -13.895846088067815, "params": {"gamma": 46.451620336796175, "log10_alpha": -4.696498109956442, "log10_colsample_bytree": -0.08930449834824894, "log10_eta": -0.08066891620934902, "log10_lambda": 0.8579509284512392, "log10_min_child_weight": 3.3449102902604393, "log10_subsample": -0.6254566132081875, "max_depth": 4.0, "num_boost_round": 4.0}, "datetime": {"datetime": "2024-01-19 01:13:31", "elapsed": 3719.887499, "delta": 0.003654}}
{"target": -13.9355757258892, "params": {"gamma": 46.451620336796175, "log10_alpha": -4.696498109956442, "log10_colsample_bytree": -0.08930449834824894, "log10_eta": -0.08066891620934902, "log10_lambda": 0.8579509284512392, "log10_min_child_weight": 3.3449102902604393, "log10_subsample": -0.6254566132081875, "max_depth": 4.0, "num_boost_round": 5.0}, "datetime": {"datetime": "2024-01-19 01:13:31", "elapsed": 3719.891519, "delta": 0.00402}}
{"target": -13.94298989991236, "params": {"gamma": 46.451620336796175, "log10_alpha": -4.696498109956442, "log10_colsample_bytree": -0.08930449834824894, "log10_eta": -0.08066891620934902, "log10_lambda": 0.8579509284512392, "log10_min_child_weight": 3.3449102902604393, "log10_subsample": -0.6254566132081875, "max_depth": 4.0, "num_boost_round": 6.0}, "datetime": {"datetime": "2024-01-19 01:13:31", "elapsed": 3719.895291, "delta": 0.003772}}
{"target": -13.95196098799011, "params": {"gamma": 46.451620336796175, "log10_alpha": -4.696498109956442, "log10_colsample_bytree": -0.08930449834824894, "log10_eta": -0.08066891620934902, "log10_lambda": 0.8579509284512392, "log10_min_child_weight": 3.3449102902604393, "log10_subsample": -0.6254566132081875, "max_depth": 4.0, "num_boost_round": 7.0}, "datetime": {"datetime": "2024-01-19 01:13:31", "elapsed": 3719.899059, "delta": 0.003768}}
{"target": -13.9728570322852, "params": {"gamma": 46.451620336796175, "log10_alpha": -4.696498109956442, "log10_colsample_bytree": -0.08930449834824894, "log10_eta": -0.08066891620934902, "log10_lambda": 0.8579509284512392, "log10_min_child_weight": 3.3449102902604393, "log10_subsample": -0.6254566132081875, "max_depth": 4.0, "num_boost_round": 8.0}, "datetime": {"datetime": "2024-01-19 01:13:31", "elapsed": 3719.902687, "delta": 0.003628}}
{"target": -13.968574124008907, "params": {"gamma": 46.451620336796175, "log10_alpha": -4.696498109956442, "log10_colsample_bytree": -0.08930449834824894, "log10_eta": -0.08066891620934902, "log10_lambda": 0.8579509284512392, "log10_min_child_weight": 3.3449102902604393, "log10_subsample": -0.6254566132081875, "max_depth": 4.0, "num_boost_round": 9.0}, "datetime": {"datetime": "2024-01-19 01:13:31", "elapsed": 3719.906278, "delta": 0.003591}}
{"target": -14.012528838320845, "params": {"gamma": 46.451620336796175, "log10_alpha": -4.696498109956442, "log10_colsample_bytree": -0.08930449834824894, "log10_eta": -0.08066891620934902, "log10_lambda": 0.8579509284512392, "log10_min_child_weight": 3.3449102902604393, "log10_subsample": -0.6254566132081875, "max_depth": 4.0, "num_boost_round": 10.0}, "datetime": {"datetime": "2024-01-19 01:13:31", "elapsed": 3719.909993, "delta": 0.003715}}
{"target": -14.02709401983877, "params": {"gamma": 46.451620336796175, "log10_alpha": -4.696498109956442, "log10_colsample_bytree": -0.08930449834824894, "log10_eta": -0.08066891620934902, "log10_lambda": 0.8579509284512392, "log10_min_child_weight": 3.3449102902604393, "log10_subsample": -0.6254566132081875, "max_depth": 4.0, "num_boost_round": 11.0}, "datetime": {"datetime": "2024-01-19 01:13:31", "elapsed": 3719.913605, "delta": 0.003612}}
{"target": -14.022292283267946, "params": {"gamma": 46.451620336796175, "log10_alpha": -4.696498109956442, "log10_colsample_bytree": -0.08930449834824894, "log10_eta": -0.08066891620934902, "log10_lambda": 0.8579509284512392, "log10_min_child_weight": 3.3449102902604393, "log10_subsample": -0.6254566132081875, "max_depth": 4.0, "num_boost_round": 12.0}, "datetime": {"datetime": "2024-01-19 01:13:31", "elapsed": 3719.917321, "delta": 0.003716}}
{"target": -14.026960299729291, "params": {"gamma": 46.451620336796175, "log10_alpha": -4.696498109956442, "log10_colsample_bytree": -0.08930449834824894, "log10_eta": -0.08066891620934902, "log10_lambda": 0.8579509284512392, "log10_min_child_weight": 3.3449102902604393, "log10_subsample": -0.6254566132081875, "max_depth": 4.0, "num_boost_round": 13.0}, "datetime": {"datetime": "2024-01-19 01:13:31", "elapsed": 3719.921008, "delta": 0.003687}}
{"target": -14.057228044956744, "params": {"gamma": 46.451620336796175, "log10_alpha": -4.696498109956442, "log10_colsample_bytree": -0.08930449834824894, "log10_eta": -0.08066891620934902, "log10_lambda": 0.8579509284512392, "log10_min_child_weight": 3.3449102902604393, "log10_subsample": -0.6254566132081875, "max_depth": 4.0, "num_boost_round": 14.0}, "datetime": {"datetime": "2024-01-19 01:13:31", "elapsed": 3719.92461, "delta": 0.003602}}
{"target": -14.067745837979441, "params": {"gamma": 46.451620336796175, "log10_alpha": -4.696498109956442, "log10_colsample_bytree": -0.08930449834824894, "log10_eta": -0.08066891620934902, "log10_lambda": 0.8579509284512392, "log10_min_child_weight": 3.3449102902604393, "log10_subsample": -0.6254566132081875, "max_depth": 4.0, "num_boost_round": 15.0}, "datetime": {"datetime": "2024-01-19 01:13:31", "elapsed": 3719.928308, "delta": 0.003698}}
{"target": -14.080050032314258, "params": {"gamma": 46.451620336796175, "log10_alpha": -4.696498109956442, "log10_colsample_bytree": -0.08930449834824894, "log10_eta": -0.08066891620934902, "log10_lambda": 0.8579509284512392, "log10_min_child_weight": 3.3449102902604393, "log10_subsample": -0.6254566132081875, "max_depth": 4.0, "num_boost_round": 16.0}, "datetime": {"datetime": "2024-01-19 01:13:31", "elapsed": 3719.931963, "delta": 0.003655}}
{"target": -14.086423163802365, "params": {"gamma": 46.451620336796175, "log10_alpha": -4.696498109956442, "log10_colsample_bytree": -0.08930449834824894, "log10_eta": -0.08066891620934902, "log10_lambda": 0.8579509284512392, "log10_min_child_weight": 3.3449102902604393, "log10_subsample": -0.6254566132081875, "max_depth": 4.0, "num_boost_round": 17.0}, "datetime": {"datetime": "2024-01-19 01:13:31", "elapsed": 3719.935792, "delta": 0.003829}}
{"target": -14.110301746084671, "params": {"gamma": 46.451620336796175, "log10_alpha": -4.696498109956442, "log10_colsample_bytree": -0.08930449834824894, "log10_eta": -0.08066891620934902, "log10_lambda": 0.8579509284512392, "log10_min_child_weight": 3.3449102902604393, "log10_subsample": -0.6254566132081875, "max_depth": 4.0, "num_boost_round": 18.0}, "datetime": {"datetime": "2024-01-19 01:13:31", "elapsed": 3719.939421, "delta": 0.003629}}
{"target": -14.115307218357472, "params": {"gamma": 46.451620336796175, "log10_alpha": -4.696498109956442, "log10_colsample_bytree": -0.08930449834824894, "log10_eta": -0.08066891620934902, "log10_lambda": 0.8579509284512392, "log10_min_child_weight": 3.3449102902604393, "log10_subsample": -0.6254566132081875, "max_depth": 4.0, "num_boost_round": 19.0}, "datetime": {"datetime": "2024-01-19 01:13:31", "elapsed": 3719.943085, "delta": 0.003664}}
{"target": -14.115988935752876, "params": {"gamma": 46.451620336796175, "log10_alpha": -4.696498109956442, "log10_colsample_bytree": -0.08930449834824894, "log10_eta": -0.08066891620934902, "log10_lambda": 0.8579509284512392, "log10_min_child_weight": 3.3449102902604393, "log10_subsample": -0.6254566132081875, "max_depth": 4.0, "num_boost_round": 20.0}, "datetime": {"datetime": "2024-01-19 01:13:31", "elapsed": 3719.946739, "delta": 0.003654}}
{"target": -14.120020196474654, "params": {"gamma": 46.451620336796175, "log10_alpha": -4.696498109956442, "log10_colsample_bytree": -0.08930449834824894, "log10_eta": -0.08066891620934902, "log10_lambda": 0.8579509284512392, "log10_min_child_weight": 3.3449102902604393, "log10_subsample": -0.6254566132081875, "max_depth": 4.0, "num_boost_round": 21.0}, "datetime": {"datetime": "2024-01-19 01:13:31", "elapsed": 3719.950484, "delta": 0.003745}}
{"target": -14.117336518960961, "params": {"gamma": 46.451620336796175, "log10_alpha": -4.696498109956442, "log10_colsample_bytree": -0.08930449834824894, "log10_eta": -0.08066891620934902, "log10_lambda": 0.8579509284512392, "log10_min_child_weight": 3.3449102902604393, "log10_subsample": -0.6254566132081875, "max_depth": 4.0, "num_boost_round": 22.0}, "datetime": {"datetime": "2024-01-19 01:13:31", "elapsed": 3719.954119, "delta": 0.003635}}
{"target": -14.128799935532285, "params": {"gamma": 46.451620336796175, "log10_alpha": -4.696498109956442, "log10_colsample_bytree": -0.08930449834824894, "log10_eta": -0.08066891620934902, "log10_lambda": 0.8579509284512392, "log10_min_child_weight": 3.3449102902604393, "log10_subsample": -0.6254566132081875, "max_depth": 4.0, "num_boost_round": 23.0}, "datetime": {"datetime": "2024-01-19 01:13:31", "elapsed": 3719.957828, "delta": 0.003709}}
{"target": -14.145857609010953, "params": {"gamma": 46.451620336796175, "log10_alpha": -4.696498109956442, "log10_colsample_bytree": -0.08930449834824894, "log10_eta": -0.08066891620934902, "log10_lambda": 0.8579509284512392, "log10_min_child_weight": 3.3449102902604393, "log10_subsample": -0.6254566132081875, "max_depth": 4.0, "num_boost_round": 24.0}, "datetime": {"datetime": "2024-01-19 01:13:31", "elapsed": 3719.961513, "delta": 0.003685}}
{"target": -14.153329785608536, "params": {"gamma": 46.451620336796175, "log10_alpha": -4.696498109956442, "log10_colsample_bytree": -0.08930449834824894, "log10_eta": -0.08066891620934902, "log10_lambda": 0.8579509284512392, "log10_min_child_weight": 3.3449102902604393, "log10_subsample": -0.6254566132081875, "max_depth": 4.0, "num_boost_round": 25.0}, "datetime": {"datetime": "2024-01-19 01:13:31", "elapsed": 3719.965124, "delta": 0.003611}}
{"target": -14.168780426098053, "params": {"gamma": 46.451620336796175, "log10_alpha": -4.696498109956442, "log10_colsample_bytree": -0.08930449834824894, "log10_eta": -0.08066891620934902, "log10_lambda": 0.8579509284512392, "log10_min_child_weight": 3.3449102902604393, "log10_subsample": -0.6254566132081875, "max_depth": 4.0, "num_boost_round": 26.0}, "datetime": {"datetime": "2024-01-19 01:13:31", "elapsed": 3719.96885, "delta": 0.003726}}
{"target": -14.171247252360308, "params": {"gamma": 46.451620336796175, "log10_alpha": -4.696498109956442, "log10_colsample_bytree": -0.08930449834824894, "log10_eta": -0.08066891620934902, "log10_lambda": 0.8579509284512392, "log10_min_child_weight": 3.3449102902604393, "log10_subsample": -0.6254566132081875, "max_depth": 4.0, "num_boost_round": 27.0}, "datetime": {"datetime": "2024-01-19 01:13:31", "elapsed": 3719.972471, "delta": 0.003621}}
{"target": -14.177496068965405, "params": {"gamma": 46.451620336796175, "log10_alpha": -4.696498109956442, "log10_colsample_bytree": -0.08930449834824894, "log10_eta": -0.08066891620934902, "log10_lambda": 0.8579509284512392, "log10_min_child_weight": 3.3449102902604393, "log10_subsample": -0.6254566132081875, "max_depth": 4.0, "num_boost_round": 28.0}, "datetime": {"datetime": "2024-01-19 01:13:31", "elapsed": 3719.976194, "delta": 0.003723}}
{"target": -14.183001000410595, "params": {"gamma": 46.451620336796175, "log10_alpha": -4.696498109956442, "log10_colsample_bytree": -0.08930449834824894, "log10_eta": -0.08066891620934902, "log10_lambda": 0.8579509284512392, "log10_min_child_weight": 3.3449102902604393, "log10_subsample": -0.6254566132081875, "max_depth": 4.0, "num_boost_round": 29.0}, "datetime": {"datetime": "2024-01-19 01:13:31", "elapsed": 3719.979961, "delta": 0.003767}}
{"target": -14.188906957678286, "params": {"gamma": 46.451620336796175, "log10_alpha": -4.696498109956442, "log10_colsample_bytree": -0.08930449834824894, "log10_eta": -0.08066891620934902, "log10_lambda": 0.8579509284512392, "log10_min_child_weight": 3.3449102902604393, "log10_subsample": -0.6254566132081875, "max_depth": 4.0, "num_boost_round": 30.0}, "datetime": {"datetime": "2024-01-19 01:13:31", "elapsed": 3719.98359, "delta": 0.003629}}
{"target": -14.192292497727655, "params": {"gamma": 46.451620336796175, "log10_alpha": -4.696498109956442, "log10_colsample_bytree": -0.08930449834824894, "log10_eta": -0.08066891620934902, "log10_lambda": 0.8579509284512392, "log10_min_child_weight": 3.3449102902604393, "log10_subsample": -0.6254566132081875, "max_depth": 4.0, "num_boost_round": 31.0}, "datetime": {"datetime": "2024-01-19 01:13:31", "elapsed": 3719.987235, "delta": 0.003645}}
{"target": -14.231255144696114, "params": {"gamma": 46.451620336796175, "log10_alpha": -4.696498109956442, "log10_colsample_bytree": -0.08930449834824894, "log10_eta": -0.08066891620934902, "log10_lambda": 0.8579509284512392, "log10_min_child_weight": 3.3449102902604393, "log10_subsample": -0.6254566132081875, "max_depth": 4.0, "num_boost_round": 32.0}, "datetime": {"datetime": "2024-01-19 01:13:31", "elapsed": 3719.991181, "delta": 0.003946}}
{"target": -14.235074400275428, "params": {"gamma": 46.451620336796175, "log10_alpha": -4.696498109956442, "log10_colsample_bytree": -0.08930449834824894, "log10_eta": -0.08066891620934902, "log10_lambda": 0.8579509284512392, "log10_min_child_weight": 3.3449102902604393, "log10_subsample": -0.6254566132081875, "max_depth": 4.0, "num_boost_round": 33.0}, "datetime": {"datetime": "2024-01-19 01:13:31", "elapsed": 3719.995007, "delta": 0.003826}}
{"target": -13.758512186636734, "params": {"gamma": 55.24740552022212, "log10_alpha": -3.174191182275007, "log10_colsample_bytree": -0.05370627529335037, "log10_eta": -2.7604022380381346, "log10_lambda": -0.9841177996250963, "log10_min_child_weight": 3.6816480279583477, "log10_subsample": -0.03693176277699062, "max_depth": 6.0, "num_boost_round": 0.0}, "datetime": {"datetime": "2024-01-19 01:14:19", "elapsed": 3767.662759, "delta": 47.667752}}
{"target": -13.75851756367583, "params": {"gamma": 55.24740552022212, "log10_alpha": -3.174191182275007, "log10_colsample_bytree": -0.05370627529335037, "log10_eta": -2.7604022380381346, "log10_lambda": -0.9841177996250963, "log10_min_child_weight": 3.6816480279583477, "log10_subsample": -0.03693176277699062, "max_depth": 6.0, "num_boost_round": 1.0}, "datetime": {"datetime": "2024-01-19 01:14:19", "elapsed": 3767.667405, "delta": 0.004646}}
{"target": -13.758492747479956, "params": {"gamma": 55.24740552022212, "log10_alpha": -3.174191182275007, "log10_colsample_bytree": -0.05370627529335037, "log10_eta": -2.7604022380381346, "log10_lambda": -0.9841177996250963, "log10_min_child_weight": 3.6816480279583477, "log10_subsample": -0.03693176277699062, "max_depth": 6.0, "num_boost_round": 2.0}, "datetime": {"datetime": "2024-01-19 01:14:19", "elapsed": 3767.671179, "delta": 0.003774}}
{"target": -13.758482673272468, "params": {"gamma": 55.24740552022212, "log10_alpha": -3.174191182275007, "log10_colsample_bytree": -0.05370627529335037, "log10_eta": -2.7604022380381346, "log10_lambda": -0.9841177996250963, "log10_min_child_weight": 3.6816480279583477, "log10_subsample": -0.03693176277699062, "max_depth": 6.0, "num_boost_round": 3.0}, "datetime": {"datetime": "2024-01-19 01:14:19", "elapsed": 3767.674789, "delta": 0.00361}}
