{"target": -17.677141708252602, "params": {"gamma": 954.1345608089389, "log10_alpha": -3.4917914057157686, "log10_colsample_bytree": -0.13961596205171223, "log10_eta": -3.7227208915920404, "log10_lambda": -3.7185789696283287, "log10_min_child_weight": 1.0958850987922104, "log10_subsample": -0.9816849487423296, "max_depth": 5.0, "num_boost_round": 8.0}, "datetime": {"datetime": "2024-01-19 02:07:44", "elapsed": 6958.431135, "delta": 0.006526}}
{"target": -17.677133956971993, "params": {"gamma": 954.1345608089389, "log10_alpha": -3.4917914057157686, "log10_colsample_bytree": -0.13961596205171223, "log10_eta": -3.7227208915920404, "log10_lambda": -3.7185789696283287, "log10_min_child_weight": 1.0958850987922104, "log10_subsample": -0.9816849487423296, "max_depth": 5.0, "num_boost_round": 9.0}, "datetime": {"datetime": "2024-01-19 02:07:44", "elapsed": 6958.437419, "delta": 0.006284}}
{"target": -17.67713172400369, "params": {"gamma": 954.1345608089389, "log10_alpha": -3.4917914057157686, "log10_colsample_bytree": -0.13961596205171223, "log10_eta": -3.7227208915920404, "log10_lambda": -3.7185789696283287, "log10_min_child_weight": 1.0958850987922104, "log10_subsample": -0.9816849487423296, "max_depth": 5.0, "num_boost_round": 10.0}, "datetime": {"datetime": "2024-01-19 02:07:44", "elapsed": 6958.443637, "delta": 0.006218}}
{"target": -17.677124179728246, "params": {"gamma": 954.1345608089389, "log10_alpha": -3.4917914057157686, "log10_colsample_bytree": -0.13961596205171223, "log10_eta": -3.7227208915920404, "log10_lambda": -3.7185789696283287, "log10_min_child_weight": 1.0958850987922104, "log10_subsample": -0.9816849487423296, "max_depth": 5.0, "num_boost_round": 11.0}, "datetime": {"datetime": "2024-01-19 02:07:44", "elapsed": 6958.449866, "delta": 0.006229}}
{"target": -17.677115887039974, "params": {"gamma": 954.1345608089389, "log10_alpha": -3.4917914057157686, "log10_colsample_bytree": -0.13961596205171223, "log10_eta": -3.7227208915920404, "log10_lambda": -3.7185789696283287, "log10_min_child_weight": 1.0958850987922104, "log10_subsample": -0.9816849487423296, "max_depth": 5.0, "num_boost_round": 12.0}, "datetime": {"datetime": "2024-01-19 02:07:44", "elapsed": 6958.456155, "delta": 0.006289}}
{"target": -17.677107024833752, "params": {"gamma": 954.1345608089389, "log10_alpha": -3.4917914057157686, "log10_colsample_bytree": -0.13961596205171223, "log10_eta": -3.7227208915920404, "log10_lambda": -3.7185789696283287, "log10_min_child_weight": 1.0958850987922104, "log10_subsample": -0.9816849487423296, "max_depth": 5.0, "num_boost_round": 13.0}, "datetime": {"datetime": "2024-01-19 02:07:44", "elapsed": 6958.462375, "delta": 0.00622}}
{"target": -17.677100044599378, "params": {"gamma": 954.1345608089389, "log10_alpha": -3.4917914057157686, "log10_colsample_bytree": -0.13961596205171223, "log10_eta": -3.7227208915920404, "log10_lambda": -3.7185789696283287, "log10_min_child_weight": 1.0958850987922104, "log10_subsample": -0.9816849487423296, "max_depth": 5.0, "num_boost_round": 14.0}, "datetime": {"datetime": "2024-01-19 02:07:44", "elapsed": 6958.468644, "delta": 0.006269}}
{"target": -17.677089048762067, "params": {"gamma": 954.1345608089389, "log10_alpha": -3.4917914057157686, "log10_colsample_bytree": -0.13961596205171223, "log10_eta": -3.7227208915920404, "log10_lambda": -3.7185789696283287, "log10_min_child_weight": 1.0958850987922104, "log10_subsample": -0.9816849487423296, "max_depth": 5.0, "num_boost_round": 15.0}, "datetime": {"datetime": "2024-01-19 02:07:44", "elapsed": 6958.474866, "delta": 0.006222}}
{"target": -17.67709154498263, "params": {"gamma": 954.1345608089389, "log10_alpha": -3.4917914057157686, "log10_colsample_bytree": -0.13961596205171223, "log10_eta": -3.7227208915920404, "log10_lambda": -3.7185789696283287, "log10_min_child_weight": 1.0958850987922104, "log10_subsample": -0.9816849487423296, "max_depth": 5.0, "num_boost_round": 16.0}, "datetime": {"datetime": "2024-01-19 02:07:44", "elapsed": 6958.481095, "delta": 0.006229}}
{"target": -17.677078652617983, "params": {"gamma": 954.1345608089389, "log10_alpha": -3.4917914057157686, "log10_colsample_bytree": -0.13961596205171223, "log10_eta": -3.7227208915920404, "log10_lambda": -3.7185789696283287, "log10_min_child_weight": 1.0958850987922104, "log10_subsample": -0.9816849487423296, "max_depth": 5.0, "num_boost_round": 17.0}, "datetime": {"datetime": "2024-01-19 02:07:44", "elapsed": 6958.487311, "delta": 0.006216}}
{"target": -17.67707507794001, "params": {"gamma": 954.1345608089389, "log10_alpha": -3.4917914057157686, "log10_colsample_bytree": -0.13961596205171223, "log10_eta": -3.7227208915920404, "log10_lambda": -3.7185789696283287, "log10_min_child_weight": 1.0958850987922104, "log10_subsample": -0.9816849487423296, "max_depth": 5.0, "num_boost_round": 18.0}, "datetime": {"datetime": "2024-01-19 02:07:44", "elapsed": 6958.493565, "delta": 0.006254}}
{"target": -17.677070650439287, "params": {"gamma": 954.1345608089389, "log10_alpha": -3.4917914057157686, "log10_colsample_bytree": -0.13961596205171223, "log10_eta": -3.7227208915920404, "log10_lambda": -3.7185789696283287, "log10_min_child_weight": 1.0958850987922104, "log10_subsample": -0.9816849487423296, "max_depth": 5.0, "num_boost_round": 19.0}, "datetime": {"datetime": "2024-01-19 02:07:44", "elapsed": 6958.499764, "delta": 0.006199}}
{"target": -17.677070271888045, "params": {"gamma": 954.1345608089389, "log10_alpha": -3.4917914057157686, "log10_colsample_bytree": -0.13961596205171223, "log10_eta": -3.7227208915920404, "log10_lambda": -3.7185789696283287, "log10_min_child_weight": 1.0958850987922104, "log10_subsample": -0.9816849487423296, "max_depth": 5.0, "num_boost_round": 20.0}, "datetime": {"datetime": "2024-01-19 02:07:44", "elapsed": 6958.506115, "delta": 0.006351}}
{"target": -17.67705596835055, "params": {"gamma": 954.1345608089389, "log10_alpha": -3.4917914057157686, "log10_colsample_bytree": -0.13961596205171223, "log10_eta": -3.7227208915920404, "log10_lambda": -3.7185789696283287, "log10_min_child_weight": 1.0958850987922104, "log10_subsample": -0.9816849487423296, "max_depth": 5.0, "num_boost_round": 21.0}, "datetime": {"datetime": "2024-01-19 02:07:44", "elapsed": 6958.512347, "delta": 0.006232}}
{"target": -17.677044994722866, "params": {"gamma": 954.1345608089389, "log10_alpha": -3.4917914057157686, "log10_colsample_bytree": -0.13961596205171223, "log10_eta": -3.7227208915920404, "log10_lambda": -3.7185789696283287, "log10_min_child_weight": 1.0958850987922104, "log10_subsample": -0.9816849487423296, "max_depth": 5.0, "num_boost_round": 22.0}, "datetime": {"datetime": "2024-01-19 02:07:44", "elapsed": 6958.518603, "delta": 0.006256}}
{"target": -17.67703879582918, "params": {"gamma": 954.1345608089389, "log10_alpha": -3.4917914057157686, "log10_colsample_bytree": -0.13961596205171223, "log10_eta": -3.7227208915920404, "log10_lambda": -3.7185789696283287, "log10_min_child_weight": 1.0958850987922104, "log10_subsample": -0.9816849487423296, "max_depth": 5.0, "num_boost_round": 23.0}, "datetime": {"datetime": "2024-01-19 02:07:44", "elapsed": 6958.524851, "delta": 0.006248}}
{"target": -17.67702916360274, "params": {"gamma": 954.1345608089389, "log10_alpha": -3.4917914057157686, "log10_colsample_bytree": -0.13961596205171223, "log10_eta": -3.7227208915920404, "log10_lambda": -3.7185789696283287, "log10_min_child_weight": 1.0958850987922104, "log10_subsample": -0.9816849487423296, "max_depth": 5.0, "num_boost_round": 24.0}, "datetime": {"datetime": "2024-01-19 02:07:44", "elapsed": 6958.531088, "delta": 0.006237}}
{"target": -17.677019065866688, "params": {"gamma": 954.1345608089389, "log10_alpha": -3.4917914057157686, "log10_colsample_bytree": -0.13961596205171223, "log10_eta": -3.7227208915920404, "log10_lambda": -3.7185789696283287, "log10_min_child_weight": 1.0958850987922104, "log10_subsample": -0.9816849487423296, "max_depth": 5.0, "num_boost_round": 25.0}, "datetime": {"datetime": "2024-01-19 02:07:44", "elapsed": 6958.537345, "delta": 0.006257}}
{"target": -17.677014588310115, "params": {"gamma": 954.1345608089389, "log10_alpha": -3.4917914057157686, "log10_colsample_bytree": -0.13961596205171223, "log10_eta": -3.7227208915920404, "log10_lambda": -3.7185789696283287, "log10_min_child_weight": 1.0958850987922104, "log10_subsample": -0.9816849487423296, "max_depth": 5.0, "num_boost_round": 26.0}, "datetime": {"datetime": "2024-01-19 02:07:44", "elapsed": 6958.543625, "delta": 0.00628}}
{"target": -17.677004388691053, "params": {"gamma": 954.1345608089389, "log10_alpha": -3.4917914057157686, "log10_colsample_bytree": -0.13961596205171223, "log10_eta": -3.7227208915920404, "log10_lambda": -3.7185789696283287, "log10_min_child_weight": 1.0958850987922104, "log10_subsample": -0.9816849487423296, "max_depth": 5.0, "num_boost_round": 27.0}, "datetime": {"datetime": "2024-01-19 02:07:44", "elapsed": 6958.549969, "delta": 0.006344}}
{"target": -17.676997863518448, "params": {"gamma": 954.1345608089389, "log10_alpha": -3.4917914057157686, "log10_colsample_bytree": -0.13961596205171223, "log10_eta": -3.7227208915920404, "log10_lambda": -3.7185789696283287, "log10_min_child_weight": 1.0958850987922104, "log10_subsample": -0.9816849487423296, "max_depth": 5.0, "num_boost_round": 28.0}, "datetime": {"datetime": "2024-01-19 02:07:44", "elapsed": 6958.557056, "delta": 0.007087}}
{"target": -17.676991756523663, "params": {"gamma": 954.1345608089389, "log10_alpha": -3.4917914057157686, "log10_colsample_bytree": -0.13961596205171223, "log10_eta": -3.7227208915920404, "log10_lambda": -3.7185789696283287, "log10_min_child_weight": 1.0958850987922104, "log10_subsample": -0.9816849487423296, "max_depth": 5.0, "num_boost_round": 29.0}, "datetime": {"datetime": "2024-01-19 02:07:44", "elapsed": 6958.563814, "delta": 0.006758}}
{"target": -17.676984238025863, "params": {"gamma": 954.1345608089389, "log10_alpha": -3.4917914057157686, "log10_colsample_bytree": -0.13961596205171223, "log10_eta": -3.7227208915920404, "log10_lambda": -3.7185789696283287, "log10_min_child_weight": 1.0958850987922104, "log10_subsample": -0.9816849487423296, "max_depth": 5.0, "num_boost_round": 30.0}, "datetime": {"datetime": "2024-01-19 02:07:44", "elapsed": 6958.570336, "delta": 0.006522}}
{"target": -17.676982870583345, "params": {"gamma": 954.1345608089389, "log10_alpha": -3.4917914057157686, "log10_colsample_bytree": -0.13961596205171223, "log10_eta": -3.7227208915920404, "log10_lambda": -3.7185789696283287, "log10_min_child_weight": 1.0958850987922104, "log10_subsample": -0.9816849487423296, "max_depth": 5.0, "num_boost_round": 31.0}, "datetime": {"datetime": "2024-01-19 02:07:44", "elapsed": 6958.576586, "delta": 0.00625}}
{"target": -17.676973190606628, "params": {"gamma": 954.1345608089389, "log10_alpha": -3.4917914057157686, "log10_colsample_bytree": -0.13961596205171223, "log10_eta": -3.7227208915920404, "log10_lambda": -3.7185789696283287, "log10_min_child_weight": 1.0958850987922104, "log10_subsample": -0.9816849487423296, "max_depth": 5.0, "num_boost_round": 32.0}, "datetime": {"datetime": "2024-01-19 02:07:44", "elapsed": 6958.582835, "delta": 0.006249}}
{"target": -17.676964192769017, "params": {"gamma": 954.1345608089389, "log10_alpha": -3.4917914057157686, "log10_colsample_bytree": -0.13961596205171223, "log10_eta": -3.7227208915920404, "log10_lambda": -3.7185789696283287, "log10_min_child_weight": 1.0958850987922104, "log10_subsample": -0.9816849487423296, "max_depth": 5.0, "num_boost_round": 33.0}, "datetime": {"datetime": "2024-01-19 02:07:44", "elapsed": 6958.58914, "delta": 0.006305}}
{"target": -17.67695635723192, "params": {"gamma": 954.1345608089389, "log10_alpha": -3.4917914057157686, "log10_colsample_bytree": -0.13961596205171223, "log10_eta": -3.7227208915920404, "log10_lambda": -3.7185789696283287, "log10_min_child_weight": 1.0958850987922104, "log10_subsample": -0.9816849487423296, "max_depth": 5.0, "num_boost_round": 34.0}, "datetime": {"datetime": "2024-01-19 02:07:44", "elapsed": 6958.595375, "delta": 0.006235}}
{"target": -17.6769526748025, "params": {"gamma": 954.1345608089389, "log10_alpha": -3.4917914057157686, "log10_colsample_bytree": -0.13961596205171223, "log10_eta": -3.7227208915920404, "log10_lambda": -3.7185789696283287, "log10_min_child_weight": 1.0958850987922104, "log10_subsample": -0.9816849487423296, "max_depth": 5.0, "num_boost_round": 35.0}, "datetime": {"datetime": "2024-01-19 02:07:44", "elapsed": 6958.601656, "delta": 0.006281}}
{"target": -17.67694615780252, "params": {"gamma": 954.1345608089389, "log10_alpha": -3.4917914057157686, "log10_colsample_bytree": -0.13961596205171223, "log10_eta": -3.7227208915920404, "log10_lambda": -3.7185789696283287, "log10_min_child_weight": 1.0958850987922104, "log10_subsample": -0.9816849487423296, "max_depth": 5.0, "num_boost_round": 36.0}, "datetime": {"datetime": "2024-01-19 02:07:44", "elapsed": 6958.607926, "delta": 0.00627}}
{"target": -17.676938912138535, "params": {"gamma": 954.1345608089389, "log10_alpha": -3.4917914057157686, "log10_colsample_bytree": -0.13961596205171223, "log10_eta": -3.7227208915920404, "log10_lambda": -3.7185789696283287, "log10_min_child_weight": 1.0958850987922104, "log10_subsample": -0.9816849487423296, "max_depth": 5.0, "num_boost_round": 37.0}, "datetime": {"datetime": "2024-01-19 02:07:44", "elapsed": 6958.726989, "delta": 0.119063}}
{"target": -17.676936204744088, "params": {"gamma": 954.1345608089389, "log10_alpha": -3.4917914057157686, "log10_colsample_bytree": -0.13961596205171223, "log10_eta": -3.7227208915920404, "log10_lambda": -3.7185789696283287, "log10_min_child_weight": 1.0958850987922104, "log10_subsample": -0.9816849487423296, "max_depth": 5.0, "num_boost_round": 38.0}, "datetime": {"datetime": "2024-01-19 02:07:44", "elapsed": 6958.736122, "delta": 0.009133}}
{"target": -17.676922158951747, "params": {"gamma": 954.1345608089389, "log10_alpha": -3.4917914057157686, "log10_colsample_bytree": -0.13961596205171223, "log10_eta": -3.7227208915920404, "log10_lambda": -3.7185789696283287, "log10_min_child_weight": 1.0958850987922104, "log10_subsample": -0.9816849487423296, "max_depth": 5.0, "num_boost_round": 39.0}, "datetime": {"datetime": "2024-01-19 02:07:44", "elapsed": 6958.744037, "delta": 0.007915}}
{"target": -17.6769108154577, "params": {"gamma": 954.1345608089389, "log10_alpha": -3.4917914057157686, "log10_colsample_bytree": -0.13961596205171223, "log10_eta": -3.7227208915920404, "log10_lambda": -3.7185789696283287, "log10_min_child_weight": 1.0958850987922104, "log10_subsample": -0.9816849487423296, "max_depth": 5.0, "num_boost_round": 40.0}, "datetime": {"datetime": "2024-01-19 02:07:44", "elapsed": 6958.751214, "delta": 0.007177}}
{"target": -17.676890522114086, "params": {"gamma": 954.1345608089389, "log10_alpha": -3.4917914057157686, "log10_colsample_bytree": -0.13961596205171223, "log10_eta": -3.7227208915920404, "log10_lambda": -3.7185789696283287, "log10_min_child_weight": 1.0958850987922104, "log10_subsample": -0.9816849487423296, "max_depth": 5.0, "num_boost_round": 41.0}, "datetime": {"datetime": "2024-01-19 02:07:44", "elapsed": 6958.757981, "delta": 0.006767}}
{"target": -17.676876213697593, "params": {"gamma": 954.1345608089389, "log10_alpha": -3.4917914057157686, "log10_colsample_bytree": -0.13961596205171223, "log10_eta": -3.7227208915920404, "log10_lambda": -3.7185789696283287, "log10_min_child_weight": 1.0958850987922104, "log10_subsample": -0.9816849487423296, "max_depth": 5.0, "num_boost_round": 42.0}, "datetime": {"datetime": "2024-01-19 02:07:44", "elapsed": 6958.764468, "delta": 0.006487}}
{"target": -17.67685994769064, "params": {"gamma": 954.1345608089389, "log10_alpha": -3.4917914057157686, "log10_colsample_bytree": -0.13961596205171223, "log10_eta": -3.7227208915920404, "log10_lambda": -3.7185789696283287, "log10_min_child_weight": 1.0958850987922104, "log10_subsample": -0.9816849487423296, "max_depth": 5.0, "num_boost_round": 43.0}, "datetime": {"datetime": "2024-01-19 02:07:44", "elapsed": 6958.77079, "delta": 0.006322}}
{"target": -17.676845113236084, "params": {"gamma": 954.1345608089389, "log10_alpha": -3.4917914057157686, "log10_colsample_bytree": -0.13961596205171223, "log10_eta": -3.7227208915920404, "log10_lambda": -3.7185789696283287, "log10_min_child_weight": 1.0958850987922104, "log10_subsample": -0.9816849487423296, "max_depth": 5.0, "num_boost_round": 44.0}, "datetime": {"datetime": "2024-01-19 02:07:44", "elapsed": 6958.77712, "delta": 0.00633}}
{"target": -17.677209198761833, "params": {"gamma": 968.6321658912522, "log10_alpha": -3.7273697833718367, "log10_colsample_bytree": -0.673126130724027, "log10_eta": -3.0782726000259757, "log10_lambda": -4.351801874414426, "log10_min_child_weight": 1.4510158393423356, "log10_subsample": -0.406800436462068, "max_depth": 2.0, "num_boost_round": 0.0}, "datetime": {"datetime": "2024-01-19 02:09:51", "elapsed": 7085.140044, "delta": 126.362924}}
{"target": -17.67718610561112, "params": {"gamma": 968.6321658912522, "log10_alpha": -3.7273697833718367, "log10_colsample_bytree": -0.673126130724027, "log10_eta": -3.0782726000259757, "log10_lambda": -4.351801874414426, "log10_min_child_weight": 1.4510158393423356, "log10_subsample": -0.406800436462068, "max_depth": 2.0, "num_boost_round": 1.0}, "datetime": {"datetime": "2024-01-19 02:09:51", "elapsed": 7085.147366, "delta": 0.007322}}
{"target": -17.67716132709011, "params": {"gamma": 968.6321658912522, "log10_alpha": -3.7273697833718367, "log10_colsample_bytree": -0.673126130724027, "log10_eta": -3.0782726000259757, "log10_lambda": -4.351801874414426, "log10_min_child_weight": 1.4510158393423356, "log10_subsample": -0.406800436462068, "max_depth": 2.0, "num_boost_round": 2.0}, "datetime": {"datetime": "2024-01-19 02:09:51", "elapsed": 7085.15474, "delta": 0.007374}}
{"target": -17.677141590674257, "params": {"gamma": 968.6321658912522, "log10_alpha": -3.7273697833718367, "log10_colsample_bytree": -0.673126130724027, "log10_eta": -3.0782726000259757, "log10_lambda": -4.351801874414426, "log10_min_child_weight": 1.4510158393423356, "log10_subsample": -0.406800436462068, "max_depth": 2.0, "num_boost_round": 3.0}, "datetime": {"datetime": "2024-01-19 02:09:51", "elapsed": 7085.161556, "delta": 0.006816}}
{"target": -17.67713898341363, "params": {"gamma": 968.6321658912522, "log10_alpha": -3.7273697833718367, "log10_colsample_bytree": -0.673126130724027, "log10_eta": -3.0782726000259757, "log10_lambda": -4.351801874414426, "log10_min_child_weight": 1.4510158393423356, "log10_subsample": -0.406800436462068, "max_depth": 2.0, "num_boost_round": 4.0}, "datetime": {"datetime": "2024-01-19 02:09:51", "elapsed": 7085.168442, "delta": 0.006886}}
{"target": -17.67712929703196, "params": {"gamma": 968.6321658912522, "log10_alpha": -3.7273697833718367, "log10_colsample_bytree": -0.673126130724027, "log10_eta": -3.0782726000259757, "log10_lambda": -4.351801874414426, "log10_min_child_weight": 1.4510158393423356, "log10_subsample": -0.406800436462068, "max_depth": 2.0, "num_boost_round": 5.0}, "datetime": {"datetime": "2024-01-19 02:09:51", "elapsed": 7085.175484, "delta": 0.007042}}
{"target": -17.677116878890338, "params": {"gamma": 968.6321658912522, "log10_alpha": -3.7273697833718367, "log10_colsample_bytree": -0.673126130724027, "log10_eta": -3.0782726000259757, "log10_lambda": -4.351801874414426, "log10_min_child_weight": 1.4510158393423356, "log10_subsample": -0.406800436462068, "max_depth": 2.0, "num_boost_round": 6.0}, "datetime": {"datetime": "2024-01-19 02:09:51", "elapsed": 7085.182142, "delta": 0.006658}}
{"target": -17.677086789829207, "params": {"gamma": 968.6321658912522, "log10_alpha": -3.7273697833718367, "log10_colsample_bytree": -0.673126130724027, "log10_eta": -3.0782726000259757, "log10_lambda": -4.351801874414426, "log10_min_child_weight": 1.4510158393423356, "log10_subsample": -0.406800436462068, "max_depth": 2.0, "num_boost_round": 7.0}, "datetime": {"datetime": "2024-01-19 02:09:51", "elapsed": 7085.188752, "delta": 0.00661}}
{"target": -17.677067885009304, "params": {"gamma": 968.6321658912522, "log10_alpha": -3.7273697833718367, "log10_colsample_bytree": -0.673126130724027, "log10_eta": -3.0782726000259757, "log10_lambda": -4.351801874414426, "log10_min_child_weight": 1.4510158393423356, "log10_subsample": -0.406800436462068, "max_depth": 2.0, "num_boost_round": 8.0}, "datetime": {"datetime": "2024-01-19 02:09:51", "elapsed": 7085.195322, "delta": 0.00657}}
{"target": -17.67705464037909, "params": {"gamma": 968.6321658912522, "log10_alpha": -3.7273697833718367, "log10_colsample_bytree": -0.673126130724027, "log10_eta": -3.0782726000259757, "log10_lambda": -4.351801874414426, "log10_min_child_weight": 1.4510158393423356, "log10_subsample": -0.406800436462068, "max_depth": 2.0, "num_boost_round": 9.0}, "datetime": {"datetime": "2024-01-19 02:09:51", "elapsed": 7085.201702, "delta": 0.00638}}
{"target": -17.677026413915907, "params": {"gamma": 968.6321658912522, "log10_alpha": -3.7273697833718367, "log10_colsample_bytree": -0.673126130724027, "log10_eta": -3.0782726000259757, "log10_lambda": -4.351801874414426, "log10_min_child_weight": 1.4510158393423356, "log10_subsample": -0.406800436462068, "max_depth": 2.0, "num_boost_round": 10.0}, "datetime": {"datetime": "2024-01-19 02:09:51", "elapsed": 7085.207999, "delta": 0.006297}}
{"target": -17.677004606231577, "params": {"gamma": 968.6321658912522, "log10_alpha": -3.7273697833718367, "log10_colsample_bytree": -0.673126130724027, "log10_eta": -3.0782726000259757, "log10_lambda": -4.351801874414426, "log10_min_child_weight": 1.4510158393423356, "log10_subsample": -0.406800436462068, "max_depth": 2.0, "num_boost_round": 11.0}, "datetime": {"datetime": "2024-01-19 02:09:51", "elapsed": 7085.214255, "delta": 0.006256}}
