{"target": -13.75852269244449, "params": {"gamma": 440.71059253563106, "log10_alpha": 1.0, "log10_colsample_bytree": -1.0, "log10_eta": -4.0, "log10_lambda": -1.6023259523209785, "log10_min_child_weight": 5.0, "log10_subsample": -0.29882017812494643, "max_depth": 5.0, "num_boost_round": 61.0}, "datetime": {"datetime": "2024-01-19 02:12:21", "elapsed": 7245.803094, "delta": 0.006402}}
{"target": -13.758522774593741, "params": {"gamma": 440.71059253563106, "log10_alpha": 1.0, "log10_colsample_bytree": -1.0, "log10_eta": -4.0, "log10_lambda": -1.6023259523209785, "log10_min_child_weight": 5.0, "log10_subsample": -0.29882017812494643, "max_depth": 5.0, "num_boost_round": 62.0}, "datetime": {"datetime": "2024-01-19 02:12:21", "elapsed": 7245.809477, "delta": 0.006383}}
{"target": -13.758522003245123, "params": {"gamma": 440.71059253563106, "log10_alpha": 1.0, "log10_colsample_bytree": -1.0, "log10_eta": -4.0, "log10_lambda": -1.6023259523209785, "log10_min_child_weight": 5.0, "log10_subsample": -0.29882017812494643, "max_depth": 5.0, "num_boost_round": 63.0}, "datetime": {"datetime": "2024-01-19 02:12:21", "elapsed": 7245.890393, "delta": 0.080916}}
{"target": -13.758521963545473, "params": {"gamma": 440.71059253563106, "log10_alpha": 1.0, "log10_colsample_bytree": -1.0, "log10_eta": -4.0, "log10_lambda": -1.6023259523209785, "log10_min_child_weight": 5.0, "log10_subsample": -0.29882017812494643, "max_depth": 5.0, "num_boost_round": 64.0}, "datetime": {"datetime": "2024-01-19 02:12:21", "elapsed": 7245.897839, "delta": 0.007446}}
{"target": -13.75852178083803, "params": {"gamma": 440.71059253563106, "log10_alpha": 1.0, "log10_colsample_bytree": -1.0, "log10_eta": -4.0, "log10_lambda": -1.6023259523209785, "log10_min_child_weight": 5.0, "log10_subsample": -0.29882017812494643, "max_depth": 5.0, "num_boost_round": 65.0}, "datetime": {"datetime": "2024-01-19 02:12:21", "elapsed": 7245.904368, "delta": 0.006529}}
{"target": -13.758521474791262, "params": {"gamma": 440.71059253563106, "log10_alpha": 1.0, "log10_colsample_bytree": -1.0, "log10_eta": -4.0, "log10_lambda": -1.6023259523209785, "log10_min_child_weight": 5.0, "log10_subsample": -0.29882017812494643, "max_depth": 5.0, "num_boost_round": 66.0}, "datetime": {"datetime": "2024-01-19 02:12:21", "elapsed": 7245.910788, "delta": 0.00642}}
{"target": -13.758520970996111, "params": {"gamma": 440.71059253563106, "log10_alpha": 1.0, "log10_colsample_bytree": -1.0, "log10_eta": -4.0, "log10_lambda": -1.6023259523209785, "log10_min_child_weight": 5.0, "log10_subsample": -0.29882017812494643, "max_depth": 5.0, "num_boost_round": 67.0}, "datetime": {"datetime": "2024-01-19 02:12:21", "elapsed": 7245.917289, "delta": 0.006501}}
{"target": -13.758520788709069, "params": {"gamma": 440.71059253563106, "log10_alpha": 1.0, "log10_colsample_bytree": -1.0, "log10_eta": -4.0, "log10_lambda": -1.6023259523209785, "log10_min_child_weight": 5.0, "log10_subsample": -0.29882017812494643, "max_depth": 5.0, "num_boost_round": 68.0}, "datetime": {"datetime": "2024-01-19 02:12:21", "elapsed": 7245.923828, "delta": 0.006539}}
{"target": -13.758520293714266, "params": {"gamma": 440.71059253563106, "log10_alpha": 1.0, "log10_colsample_bytree": -1.0, "log10_eta": -4.0, "log10_lambda": -1.6023259523209785, "log10_min_child_weight": 5.0, "log10_subsample": -0.29882017812494643, "max_depth": 5.0, "num_boost_round": 69.0}, "datetime": {"datetime": "2024-01-19 02:12:21", "elapsed": 7245.930312, "delta": 0.006484}}
{"target": -13.75851928780367, "params": {"gamma": 440.71059253563106, "log10_alpha": 1.0, "log10_colsample_bytree": -1.0, "log10_eta": -4.0, "log10_lambda": -1.6023259523209785, "log10_min_child_weight": 5.0, "log10_subsample": -0.29882017812494643, "max_depth": 5.0, "num_boost_round": 70.0}, "datetime": {"datetime": "2024-01-19 02:12:21", "elapsed": 7245.936791, "delta": 0.006479}}
{"target": -13.758519147487002, "params": {"gamma": 440.71059253563106, "log10_alpha": 1.0, "log10_colsample_bytree": -1.0, "log10_eta": -4.0, "log10_lambda": -1.6023259523209785, "log10_min_child_weight": 5.0, "log10_subsample": -0.29882017812494643, "max_depth": 5.0, "num_boost_round": 71.0}, "datetime": {"datetime": "2024-01-19 02:12:21", "elapsed": 7245.947694, "delta": 0.010903}}
{"target": -13.759308905719275, "params": {"gamma": 569.4368804250402, "log10_alpha": -1.6980376794949668, "log10_colsample_bytree": -0.9073772125983142, "log10_eta": -0.31608402069796293, "log10_lambda": -1.0973746549996681, "log10_min_child_weight": 3.55801903045053, "log10_subsample": -0.8023556286284079, "max_depth": 2.0, "num_boost_round": 0.0}, "datetime": {"datetime": "2024-01-19 02:14:06", "elapsed": 7350.859745, "delta": 104.912051}}
{"target": -13.75938776935058, "params": {"gamma": 569.4368804250402, "log10_alpha": -1.6980376794949668, "log10_colsample_bytree": -0.9073772125983142, "log10_eta": -0.31608402069796293, "log10_lambda": -1.0973746549996681, "log10_min_child_weight": 3.55801903045053, "log10_subsample": -0.8023556286284079, "max_depth": 2.0, "num_boost_round": 1.0}, "datetime": {"datetime": "2024-01-19 02:14:06", "elapsed": 7350.866575, "delta": 0.00683}}
{"target": -13.76596369758442, "params": {"gamma": 569.4368804250402, "log10_alpha": -1.6980376794949668, "log10_colsample_bytree": -0.9073772125983142, "log10_eta": -0.31608402069796293, "log10_lambda": -1.0973746549996681, "log10_min_child_weight": 3.55801903045053, "log10_subsample": -0.8023556286284079, "max_depth": 2.0, "num_boost_round": 2.0}, "datetime": {"datetime": "2024-01-19 02:14:06", "elapsed": 7350.873097, "delta": 0.006522}}
{"target": -13.76772106209378, "params": {"gamma": 569.4368804250402, "log10_alpha": -1.6980376794949668, "log10_colsample_bytree": -0.9073772125983142, "log10_eta": -0.31608402069796293, "log10_lambda": -1.0973746549996681, "log10_min_child_weight": 3.55801903045053, "log10_subsample": -0.8023556286284079, "max_depth": 2.0, "num_boost_round": 3.0}, "datetime": {"datetime": "2024-01-19 02:14:06", "elapsed": 7350.879672, "delta": 0.006575}}
{"target": -13.768480628588621, "params": {"gamma": 569.4368804250402, "log10_alpha": -1.6980376794949668, "log10_colsample_bytree": -0.9073772125983142, "log10_eta": -0.31608402069796293, "log10_lambda": -1.0973746549996681, "log10_min_child_weight": 3.55801903045053, "log10_subsample": -0.8023556286284079, "max_depth": 2.0, "num_boost_round": 4.0}, "datetime": {"datetime": "2024-01-19 02:14:06", "elapsed": 7350.886069, "delta": 0.006397}}
{"target": -13.771789146671578, "params": {"gamma": 569.4368804250402, "log10_alpha": -1.6980376794949668, "log10_colsample_bytree": -0.9073772125983142, "log10_eta": -0.31608402069796293, "log10_lambda": -1.0973746549996681, "log10_min_child_weight": 3.55801903045053, "log10_subsample": -0.8023556286284079, "max_depth": 2.0, "num_boost_round": 5.0}, "datetime": {"datetime": "2024-01-19 02:14:06", "elapsed": 7350.892479, "delta": 0.00641}}
{"target": -13.773529774796135, "params": {"gamma": 569.4368804250402, "log10_alpha": -1.6980376794949668, "log10_colsample_bytree": -0.9073772125983142, "log10_eta": -0.31608402069796293, "log10_lambda": -1.0973746549996681, "log10_min_child_weight": 3.55801903045053, "log10_subsample": -0.8023556286284079, "max_depth": 2.0, "num_boost_round": 6.0}, "datetime": {"datetime": "2024-01-19 02:14:06", "elapsed": 7350.898762, "delta": 0.006283}}
{"target": -13.77681928159181, "params": {"gamma": 569.4368804250402, "log10_alpha": -1.6980376794949668, "log10_colsample_bytree": -0.9073772125983142, "log10_eta": -0.31608402069796293, "log10_lambda": -1.0973746549996681, "log10_min_child_weight": 3.55801903045053, "log10_subsample": -0.8023556286284079, "max_depth": 2.0, "num_boost_round": 7.0}, "datetime": {"datetime": "2024-01-19 02:14:06", "elapsed": 7350.904987, "delta": 0.006225}}
{"target": -13.779312700052879, "params": {"gamma": 569.4368804250402, "log10_alpha": -1.6980376794949668, "log10_colsample_bytree": -0.9073772125983142, "log10_eta": -0.31608402069796293, "log10_lambda": -1.0973746549996681, "log10_min_child_weight": 3.55801903045053, "log10_subsample": -0.8023556286284079, "max_depth": 2.0, "num_boost_round": 8.0}, "datetime": {"datetime": "2024-01-19 02:14:06", "elapsed": 7350.911353, "delta": 0.006366}}
{"target": -13.77970514776127, "params": {"gamma": 569.4368804250402, "log10_alpha": -1.6980376794949668, "log10_colsample_bytree": -0.9073772125983142, "log10_eta": -0.31608402069796293, "log10_lambda": -1.0973746549996681, "log10_min_child_weight": 3.55801903045053, "log10_subsample": -0.8023556286284079, "max_depth": 2.0, "num_boost_round": 9.0}, "datetime": {"datetime": "2024-01-19 02:14:06", "elapsed": 7350.917834, "delta": 0.006481}}
{"target": -13.784140137814253, "params": {"gamma": 569.4368804250402, "log10_alpha": -1.6980376794949668, "log10_colsample_bytree": -0.9073772125983142, "log10_eta": -0.31608402069796293, "log10_lambda": -1.0973746549996681, "log10_min_child_weight": 3.55801903045053, "log10_subsample": -0.8023556286284079, "max_depth": 2.0, "num_boost_round": 10.0}, "datetime": {"datetime": "2024-01-19 02:14:06", "elapsed": 7350.924603, "delta": 0.006769}}
{"target": -13.784873288669418, "params": {"gamma": 569.4368804250402, "log10_alpha": -1.6980376794949668, "log10_colsample_bytree": -0.9073772125983142, "log10_eta": -0.31608402069796293, "log10_lambda": -1.0973746549996681, "log10_min_child_weight": 3.55801903045053, "log10_subsample": -0.8023556286284079, "max_depth": 2.0, "num_boost_round": 11.0}, "datetime": {"datetime": "2024-01-19 02:14:06", "elapsed": 7350.931312, "delta": 0.006709}}
{"target": -13.785855150740138, "params": {"gamma": 569.4368804250402, "log10_alpha": -1.6980376794949668, "log10_colsample_bytree": -0.9073772125983142, "log10_eta": -0.31608402069796293, "log10_lambda": -1.0973746549996681, "log10_min_child_weight": 3.55801903045053, "log10_subsample": -0.8023556286284079, "max_depth": 2.0, "num_boost_round": 12.0}, "datetime": {"datetime": "2024-01-19 02:14:06", "elapsed": 7350.937663, "delta": 0.006351}}
{"target": -13.787873590258158, "params": {"gamma": 569.4368804250402, "log10_alpha": -1.6980376794949668, "log10_colsample_bytree": -0.9073772125983142, "log10_eta": -0.31608402069796293, "log10_lambda": -1.0973746549996681, "log10_min_child_weight": 3.55801903045053, "log10_subsample": -0.8023556286284079, "max_depth": 2.0, "num_boost_round": 13.0}, "datetime": {"datetime": "2024-01-19 02:14:06", "elapsed": 7350.943887, "delta": 0.006224}}
{"target": -13.758538380965371, "params": {"gamma": 558.4032578696796, "log10_alpha": 1.0, "log10_colsample_bytree": -0.322699225107693, "log10_eta": -4.0, "log10_lambda": -2.5768146055636265, "log10_min_child_weight": 3.1594864029769605, "log10_subsample": 0.0, "max_depth": 2.0, "num_boost_round": 0.0}, "datetime": {"datetime": "2024-01-19 02:15:47", "elapsed": 7451.642438, "delta": 100.698551}}
{"target": -13.758537659142432, "params": {"gamma": 558.4032578696796, "log10_alpha": 1.0, "log10_colsample_bytree": -0.322699225107693, "log10_eta": -4.0, "log10_lambda": -2.5768146055636265, "log10_min_child_weight": 3.1594864029769605, "log10_subsample": 0.0, "max_depth": 2.0, "num_boost_round": 1.0}, "datetime": {"datetime": "2024-01-19 02:15:47", "elapsed": 7451.649706, "delta": 0.007268}}
{"target": -13.758536852710003, "params": {"gamma": 558.4032578696796, "log10_alpha": 1.0, "log10_colsample_bytree": -0.322699225107693, "log10_eta": -4.0, "log10_lambda": -2.5768146055636265, "log10_min_child_weight": 3.1594864029769605, "log10_subsample": 0.0, "max_depth": 2.0, "num_boost_round": 2.0}, "datetime": {"datetime": "2024-01-19 02:15:47", "elapsed": 7451.656149, "delta": 0.006443}}
{"target": -13.758536971211202, "params": {"gamma": 558.4032578696796, "log10_alpha": 1.0, "log10_colsample_bytree": -0.322699225107693, "log10_eta": -4.0, "log10_lambda": -2.5768146055636265, "log10_min_child_weight": 3.1594864029769605, "log10_subsample": 0.0, "max_depth": 2.0, "num_boost_round": 3.0}, "datetime": {"datetime": "2024-01-19 02:15:47", "elapsed": 7451.662537, "delta": 0.006388}}
{"target": -13.758535188890427, "params": {"gamma": 558.4032578696796, "log10_alpha": 1.0, "log10_colsample_bytree": -0.322699225107693, "log10_eta": -4.0, "log10_lambda": -2.5768146055636265, "log10_min_child_weight": 3.1594864029769605, "log10_subsample": 0.0, "max_depth": 2.0, "num_boost_round": 4.0}, "datetime": {"datetime": "2024-01-19 02:15:47", "elapsed": 7451.668777, "delta": 0.00624}}
{"target": -13.758534516239497, "params": {"gamma": 558.4032578696796, "log10_alpha": 1.0, "log10_colsample_bytree": -0.322699225107693, "log10_eta": -4.0, "log10_lambda": -2.5768146055636265, "log10_min_child_weight": 3.1594864029769605, "log10_subsample": 0.0, "max_depth": 2.0, "num_boost_round": 5.0}, "datetime": {"datetime": "2024-01-19 02:15:47", "elapsed": 7451.675235, "delta": 0.006458}}
{"target": -13.758534373436293, "params": {"gamma": 558.4032578696796, "log10_alpha": 1.0, "log10_colsample_bytree": -0.322699225107693, "log10_eta": -4.0, "log10_lambda": -2.5768146055636265, "log10_min_child_weight": 3.1594864029769605, "log10_subsample": 0.0, "max_depth": 2.0, "num_boost_round": 6.0}, "datetime": {"datetime": "2024-01-19 02:15:47", "elapsed": 7451.681607, "delta": 0.006372}}
{"target": -13.758533262606353, "params": {"gamma": 558.4032578696796, "log10_alpha": 1.0, "log10_colsample_bytree": -0.322699225107693, "log10_eta": -4.0, "log10_lambda": -2.5768146055636265, "log10_min_child_weight": 3.1594864029769605, "log10_subsample": 0.0, "max_depth": 2.0, "num_boost_round": 7.0}, "datetime": {"datetime": "2024-01-19 02:15:47", "elapsed": 7451.687934, "delta": 0.006327}}
{"target": -13.758531604881954, "params": {"gamma": 558.4032578696796, "log10_alpha": 1.0, "log10_colsample_bytree": -0.322699225107693, "log10_eta": -4.0, "log10_lambda": -2.5768146055636265, "log10_min_child_weight": 3.1594864029769605, "log10_subsample": 0.0, "max_depth": 2.0, "num_boost_round": 8.0}, "datetime": {"datetime": "2024-01-19 02:15:47", "elapsed": 7451.694214, "delta": 0.00628}}
{"target": -13.75853140214979, "params": {"gamma": 558.4032578696796, "log10_alpha": 1.0, "log10_colsample_bytree": -0.322699225107693, "log10_eta": -4.0, "log10_lambda": -2.5768146055636265, "log10_min_child_weight": 3.1594864029769605, "log10_subsample": 0.0, "max_depth": 2.0, "num_boost_round": 9.0}, "datetime": {"datetime": "2024-01-19 02:15:47", "elapsed": 7451.700363, "delta": 0.006149}}
{"target": -13.758530258188035, "params": {"gamma": 558.4032578696796, "log10_alpha": 1.0, "log10_colsample_bytree": -0.322699225107693, "log10_eta": -4.0, "log10_lambda": -2.5768146055636265, "log10_min_child_weight": 3.1594864029769605, "log10_subsample": 0.0, "max_depth": 2.0, "num_boost_round": 10.0}, "datetime": {"datetime": "2024-01-19 02:15:47", "elapsed": 7451.706607, "delta": 0.006244}}
{"target": -13.75814892380389, "params": {"gamma": 538.3173757349564, "log10_alpha": -0.31583892266006686, "log10_colsample_bytree": -0.0389598197843809, "log10_eta": -1.4693613775884642, "log10_lambda": -2.338233870930158, "log10_min_child_weight": 3.228698784062285, "log10_subsample": -0.5195117857525717, "max_depth": 3.0, "num_boost_round": 0.0}, "datetime": {"datetime": "2024-01-19 02:17:28", "elapsed": 7552.376196, "delta": 100.669589}}
{"target": -13.757777632566484, "params": {"gamma": 538.3173757349564, "log10_alpha": -0.31583892266006686, "log10_colsample_bytree": -0.0389598197843809, "log10_eta": -1.4693613775884642, "log10_lambda": -2.338233870930158, "log10_min_child_weight": 3.228698784062285, "log10_subsample": -0.5195117857525717, "max_depth": 3.0, "num_boost_round": 1.0}, "datetime": {"datetime": "2024-01-19 02:17:28", "elapsed": 7552.383701, "delta": 0.007505}}
{"target": -13.757723319646427, "params": {"gamma": 538.3173757349564, "log10_alpha": -0.31583892266006686, "log10_colsample_bytree": -0.0389598197843809, "log10_eta": -1.4693613775884642, "log10_lambda": -2.338233870930158, "log10_min_child_weight": 3.228698784062285, "log10_subsample": -0.5195117857525717, "max_depth": 3.0, "num_boost_round": 2.0}, "datetime": {"datetime": "2024-01-19 02:17:28", "elapsed": 7552.390594, "delta": 0.006893}}
{"target": -13.757215116791134, "params": {"gamma": 538.3173757349564, "log10_alpha": -0.31583892266006686, "log10_colsample_bytree": -0.0389598197843809, "log10_eta": -1.4693613775884642, "log10_lambda": -2.338233870930158, "log10_min_child_weight": 3.228698784062285, "log10_subsample": -0.5195117857525717, "max_depth": 3.0, "num_boost_round": 3.0}, "datetime": {"datetime": "2024-01-19 02:17:28", "elapsed": 7552.396853, "delta": 0.006259}}
{"target": -13.757283314729495, "params": {"gamma": 538.3173757349564, "log10_alpha": -0.31583892266006686, "log10_colsample_bytree": -0.0389598197843809, "log10_eta": -1.4693613775884642, "log10_lambda": -2.338233870930158, "log10_min_child_weight": 3.228698784062285, "log10_subsample": -0.5195117857525717, "max_depth": 3.0, "num_boost_round": 4.0}, "datetime": {"datetime": "2024-01-19 02:17:28", "elapsed": 7552.403068, "delta": 0.006215}}
{"target": -13.757242425932533, "params": {"gamma": 538.3173757349564, "log10_alpha": -0.31583892266006686, "log10_colsample_bytree": -0.0389598197843809, "log10_eta": -1.4693613775884642, "log10_lambda": -2.338233870930158, "log10_min_child_weight": 3.228698784062285, "log10_subsample": -0.5195117857525717, "max_depth": 3.0, "num_boost_round": 5.0}, "datetime": {"datetime": "2024-01-19 02:17:28", "elapsed": 7552.409326, "delta": 0.006258}}
{"target": -13.7575553911588, "params": {"gamma": 538.3173757349564, "log10_alpha": -0.31583892266006686, "log10_colsample_bytree": -0.0389598197843809, "log10_eta": -1.4693613775884642, "log10_lambda": -2.338233870930158, "log10_min_child_weight": 3.228698784062285, "log10_subsample": -0.5195117857525717, "max_depth": 3.0, "num_boost_round": 6.0}, "datetime": {"datetime": "2024-01-19 02:17:28", "elapsed": 7552.415609, "delta": 0.006283}}
{"target": -13.757432808775397, "params": {"gamma": 538.3173757349564, "log10_alpha": -0.31583892266006686, "log10_colsample_bytree": -0.0389598197843809, "log10_eta": -1.4693613775884642, "log10_lambda": -2.338233870930158, "log10_min_child_weight": 3.228698784062285, "log10_subsample": -0.5195117857525717, "max_depth": 3.0, "num_boost_round": 7.0}, "datetime": {"datetime": "2024-01-19 02:17:28", "elapsed": 7552.422346, "delta": 0.006737}}
{"target": -13.757591188927455, "params": {"gamma": 538.3173757349564, "log10_alpha": -0.31583892266006686, "log10_colsample_bytree": -0.0389598197843809, "log10_eta": -1.4693613775884642, "log10_lambda": -2.338233870930158, "log10_min_child_weight": 3.228698784062285, "log10_subsample": -0.5195117857525717, "max_depth": 3.0, "num_boost_round": 8.0}, "datetime": {"datetime": "2024-01-19 02:17:28", "elapsed": 7552.428899, "delta": 0.006553}}
{"target": -13.75788235276875, "params": {"gamma": 538.3173757349564, "log10_alpha": -0.31583892266006686, "log10_colsample_bytree": -0.0389598197843809, "log10_eta": -1.4693613775884642, "log10_lambda": -2.338233870930158, "log10_min_child_weight": 3.228698784062285, "log10_subsample": -0.5195117857525717, "max_depth": 3.0, "num_boost_round": 9.0}, "datetime": {"datetime": "2024-01-19 02:17:28", "elapsed": 7552.540906, "delta": 0.112007}}
{"target": -13.757352480674125, "params": {"gamma": 538.3173757349564, "log10_alpha": -0.31583892266006686, "log10_colsample_bytree": -0.0389598197843809, "log10_eta": -1.4693613775884642, "log10_lambda": -2.338233870930158, "log10_min_child_weight": 3.228698784062285, "log10_subsample": -0.5195117857525717, "max_depth": 3.0, "num_boost_round": 10.0}, "datetime": {"datetime": "2024-01-19 02:17:28", "elapsed": 7552.548205, "delta": 0.007299}}
{"target": -13.758537917054772, "params": {"gamma": 491.6400712636033, "log10_alpha": -2.781604890903659, "log10_colsample_bytree": -0.27494002649295146, "log10_eta": -3.7367407362362326, "log10_lambda": -4.6991726730967205, "log10_min_child_weight": 3.3491139567563444, "log10_subsample": -0.4511762487972705, "max_depth": 5.0, "num_boost_round": 0.0}, "datetime": {"datetime": "2024-01-19 02:19:54", "elapsed": 7698.496224, "delta": 145.948019}}
{"target": -13.758533783019988, "params": {"gamma": 491.6400712636033, "log10_alpha": -2.781604890903659, "log10_colsample_bytree": -0.27494002649295146, "log10_eta": -3.7367407362362326, "log10_lambda": -4.6991726730967205, "log10_min_child_weight": 3.3491139567563444, "log10_subsample": -0.4511762487972705, "max_depth": 5.0, "num_boost_round": 1.0}, "datetime": {"datetime": "2024-01-19 02:19:54", "elapsed": 7698.503998, "delta": 0.007774}}
{"target": -13.75853204702894, "params": {"gamma": 491.6400712636033, "log10_alpha": -2.781604890903659, "log10_colsample_bytree": -0.27494002649295146, "log10_eta": -3.7367407362362326, "log10_lambda": -4.6991726730967205, "log10_min_child_weight": 3.3491139567563444, "log10_subsample": -0.4511762487972705, "max_depth": 5.0, "num_boost_round": 2.0}, "datetime": {"datetime": "2024-01-19 02:19:54", "elapsed": 7698.5105, "delta": 0.006502}}
{"target": -13.758531132313546, "params": {"gamma": 491.6400712636033, "log10_alpha": -2.781604890903659, "log10_colsample_bytree": -0.27494002649295146, "log10_eta": -3.7367407362362326, "log10_lambda": -4.6991726730967205, "log10_min_child_weight": 3.3491139567563444, "log10_subsample": -0.4511762487972705, "max_depth": 5.0, "num_boost_round": 3.0}, "datetime": {"datetime": "2024-01-19 02:19:54", "elapsed": 7698.516933, "delta": 0.006433}}
{"target": -13.758528532452194, "params": {"gamma": 491.6400712636033, "log10_alpha": -2.781604890903659, "log10_colsample_bytree": -0.27494002649295146, "log10_eta": -3.7367407362362326, "log10_lambda": -4.6991726730967205, "log10_min_child_weight": 3.3491139567563444, "log10_subsample": -0.4511762487972705, "max_depth": 5.0, "num_boost_round": 4.0}, "datetime": {"datetime": "2024-01-19 02:19:54", "elapsed": 7698.523411, "delta": 0.006478}}
