{"target": -17.67686449740957, "params": {"gamma": 972.8719967357379, "log10_alpha": -2.630472423926581, "log10_colsample_bytree": -0.0015002216495755283, "log10_eta": -3.3470103062985395, "log10_lambda": -0.2691080895616871, "log10_min_child_weight": 2.9530765891057875, "log10_subsample": -0.9352538926666726, "max_depth": 9.0, "num_boost_round": 20.0}, "datetime": {"datetime": "2024-01-19 01:50:32", "elapsed": 5925.926634, "delta": 0.005642}}
{"target": -17.676851090481495, "params": {"gamma": 972.8719967357379, "log10_alpha": -2.630472423926581, "log10_colsample_bytree": -0.0015002216495755283, "log10_eta": -3.3470103062985395, "log10_lambda": -0.2691080895616871, "log10_min_child_weight": 2.9530765891057875, "log10_subsample": -0.9352538926666726, "max_depth": 9.0, "num_boost_round": 21.0}, "datetime": {"datetime": "2024-01-19 01:50:32", "elapsed": 5925.932338, "delta": 0.005704}}
{"target": -17.6768414021444, "params": {"gamma": 972.8719967357379, "log10_alpha": -2.630472423926581, "log10_colsample_bytree": -0.0015002216495755283, "log10_eta": -3.3470103062985395, "log10_lambda": -0.2691080895616871, "log10_min_child_weight": 2.9530765891057875, "log10_subsample": -0.9352538926666726, "max_depth": 9.0, "num_boost_round": 22.0}, "datetime": {"datetime": "2024-01-19 01:50:32", "elapsed": 5925.938131, "delta": 0.005793}}
{"target": -17.67683235336608, "params": {"gamma": 972.8719967357379, "log10_alpha": -2.630472423926581, "log10_colsample_bytree": -0.0015002216495755283, "log10_eta": -3.3470103062985395, "log10_lambda": -0.2691080895616871, "log10_min_child_weight": 2.9530765891057875, "log10_subsample": -0.9352538926666726, "max_depth": 9.0, "num_boost_round": 23.0}, "datetime": {"datetime": "2024-01-19 01:50:32", "elapsed": 5925.94363, "delta": 0.005499}}
{"target": -17.67682847905012, "params": {"gamma": 972.8719967357379, "log10_alpha": -2.630472423926581, "log10_colsample_bytree": -0.0015002216495755283, "log10_eta": -3.3470103062985395, "log10_lambda": -0.2691080895616871, "log10_min_child_weight": 2.9530765891057875, "log10_subsample": -0.9352538926666726, "max_depth": 9.0, "num_boost_round": 24.0}, "datetime": {"datetime": "2024-01-19 01:50:32", "elapsed": 5925.949101, "delta": 0.005471}}
{"target": -17.676819461992817, "params": {"gamma": 972.8719967357379, "log10_alpha": -2.630472423926581, "log10_colsample_bytree": -0.0015002216495755283, "log10_eta": -3.3470103062985395, "log10_lambda": -0.2691080895616871, "log10_min_child_weight": 2.9530765891057875, "log10_subsample": -0.9352538926666726, "max_depth": 9.0, "num_boost_round": 25.0}, "datetime": {"datetime": "2024-01-19 01:50:32", "elapsed": 5925.954629, "delta": 0.005528}}
{"target": -17.676815422006534, "params": {"gamma": 972.8719967357379, "log10_alpha": -2.630472423926581, "log10_colsample_bytree": -0.0015002216495755283, "log10_eta": -3.3470103062985395, "log10_lambda": -0.2691080895616871, "log10_min_child_weight": 2.9530765891057875, "log10_subsample": -0.9352538926666726, "max_depth": 9.0, "num_boost_round": 26.0}, "datetime": {"datetime": "2024-01-19 01:50:32", "elapsed": 5925.960174, "delta": 0.005545}}
{"target": -17.67682664856636, "params": {"gamma": 972.8719967357379, "log10_alpha": -2.630472423926581, "log10_colsample_bytree": -0.0015002216495755283, "log10_eta": -3.3470103062985395, "log10_lambda": -0.2691080895616871, "log10_min_child_weight": 2.9530765891057875, "log10_subsample": -0.9352538926666726, "max_depth": 9.0, "num_boost_round": 27.0}, "datetime": {"datetime": "2024-01-19 01:50:32", "elapsed": 5925.96673, "delta": 0.006556}}
{"target": -17.67681978843477, "params": {"gamma": 972.8719967357379, "log10_alpha": -2.630472423926581, "log10_colsample_bytree": -0.0015002216495755283, "log10_eta": -3.3470103062985395, "log10_lambda": -0.2691080895616871, "log10_min_child_weight": 2.9530765891057875, "log10_subsample": -0.9352538926666726, "max_depth": 9.0, "num_boost_round": 28.0}, "datetime": {"datetime": "2024-01-19 01:50:32", "elapsed": 5925.972844, "delta": 0.006114}}
{"target": -17.67681990079824, "params": {"gamma": 972.8719967357379, "log10_alpha": -2.630472423926581, "log10_colsample_bytree": -0.0015002216495755283, "log10_eta": -3.3470103062985395, "log10_lambda": -0.2691080895616871, "log10_min_child_weight": 2.9530765891057875, "log10_subsample": -0.9352538926666726, "max_depth": 9.0, "num_boost_round": 29.0}, "datetime": {"datetime": "2024-01-19 01:50:32", "elapsed": 5925.978713, "delta": 0.005869}}
{"target": -17.67681453373637, "params": {"gamma": 972.8719967357379, "log10_alpha": -2.630472423926581, "log10_colsample_bytree": -0.0015002216495755283, "log10_eta": -3.3470103062985395, "log10_lambda": -0.2691080895616871, "log10_min_child_weight": 2.9530765891057875, "log10_subsample": -0.9352538926666726, "max_depth": 9.0, "num_boost_round": 30.0}, "datetime": {"datetime": "2024-01-19 01:50:32", "elapsed": 5925.984728, "delta": 0.006015}}
{"target": -17.676806400652925, "params": {"gamma": 972.8719967357379, "log10_alpha": -2.630472423926581, "log10_colsample_bytree": -0.0015002216495755283, "log10_eta": -3.3470103062985395, "log10_lambda": -0.2691080895616871, "log10_min_child_weight": 2.9530765891057875, "log10_subsample": -0.9352538926666726, "max_depth": 9.0, "num_boost_round": 31.0}, "datetime": {"datetime": "2024-01-19 01:50:32", "elapsed": 5925.990978, "delta": 0.00625}}
{"target": -17.676798959807215, "params": {"gamma": 972.8719967357379, "log10_alpha": -2.630472423926581, "log10_colsample_bytree": -0.0015002216495755283, "log10_eta": -3.3470103062985395, "log10_lambda": -0.2691080895616871, "log10_min_child_weight": 2.9530765891057875, "log10_subsample": -0.9352538926666726, "max_depth": 9.0, "num_boost_round": 32.0}, "datetime": {"datetime": "2024-01-19 01:50:32", "elapsed": 5925.99715, "delta": 0.006172}}
{"target": -17.676788950203004, "params": {"gamma": 972.8719967357379, "log10_alpha": -2.630472423926581, "log10_colsample_bytree": -0.0015002216495755283, "log10_eta": -3.3470103062985395, "log10_lambda": -0.2691080895616871, "log10_min_child_weight": 2.9530765891057875, "log10_subsample": -0.9352538926666726, "max_depth": 9.0, "num_boost_round": 33.0}, "datetime": {"datetime": "2024-01-19 01:50:32", "elapsed": 5926.003199, "delta": 0.006049}}
{"target": -17.676789714981663, "params": {"gamma": 972.8719967357379, "log10_alpha": -2.630472423926581, "log10_colsample_bytree": -0.0015002216495755283, "log10_eta": -3.3470103062985395, "log10_lambda": -0.2691080895616871, "log10_min_child_weight": 2.9530765891057875, "log10_subsample": -0.9352538926666726, "max_depth": 9.0, "num_boost_round": 34.0}, "datetime": {"datetime": "2024-01-19 01:50:32", "elapsed": 5926.009318, "delta": 0.006119}}
{"target": -17.67678865552923, "params": {"gamma": 972.8719967357379, "log10_alpha": -2.630472423926581, "log10_colsample_bytree": -0.0015002216495755283, "log10_eta": -3.3470103062985395, "log10_lambda": -0.2691080895616871, "log10_min_child_weight": 2.9530765891057875, "log10_subsample": -0.9352538926666726, "max_depth": 9.0, "num_boost_round": 35.0}, "datetime": {"datetime": "2024-01-19 01:50:32", "elapsed": 5926.01535, "delta": 0.006032}}
{"target": -17.676791360262854, "params": {"gamma": 972.8719967357379, "log10_alpha": -2.630472423926581, "log10_colsample_bytree": -0.0015002216495755283, "log10_eta": -3.3470103062985395, "log10_lambda": -0.2691080895616871, "log10_min_child_weight": 2.9530765891057875, "log10_subsample": -0.9352538926666726, "max_depth": 9.0, "num_boost_round": 36.0}, "datetime": {"datetime": "2024-01-19 01:50:32", "elapsed": 5926.021137, "delta": 0.005787}}
{"target": -17.676782783873623, "params": {"gamma": 972.8719967357379, "log10_alpha": -2.630472423926581, "log10_colsample_bytree": -0.0015002216495755283, "log10_eta": -3.3470103062985395, "log10_lambda": -0.2691080895616871, "log10_min_child_weight": 2.9530765891057875, "log10_subsample": -0.9352538926666726, "max_depth": 9.0, "num_boost_round": 37.0}, "datetime": {"datetime": "2024-01-19 01:50:32", "elapsed": 5926.026966, "delta": 0.005829}}
{"target": -17.676767789724558, "params": {"gamma": 972.8719967357379, "log10_alpha": -2.630472423926581, "log10_colsample_bytree": -0.0015002216495755283, "log10_eta": -3.3470103062985395, "log10_lambda": -0.2691080895616871, "log10_min_child_weight": 2.9530765891057875, "log10_subsample": -0.9352538926666726, "max_depth": 9.0, "num_boost_round": 38.0}, "datetime": {"datetime": "2024-01-19 01:50:32", "elapsed": 5926.033111, "delta": 0.006145}}
{"target": -17.67675098839079, "params": {"gamma": 972.8719967357379, "log10_alpha": -2.630472423926581, "log10_colsample_bytree": -0.0015002216495755283, "log10_eta": -3.3470103062985395, "log10_lambda": -0.2691080895616871, "log10_min_child_weight": 2.9530765891057875, "log10_subsample": -0.9352538926666726, "max_depth": 9.0, "num_boost_round": 39.0}, "datetime": {"datetime": "2024-01-19 01:50:32", "elapsed": 5926.038964, "delta": 0.005853}}
{"target": -17.67672660059508, "params": {"gamma": 972.8719967357379, "log10_alpha": -2.630472423926581, "log10_colsample_bytree": -0.0015002216495755283, "log10_eta": -3.3470103062985395, "log10_lambda": -0.2691080895616871, "log10_min_child_weight": 2.9530765891057875, "log10_subsample": -0.9352538926666726, "max_depth": 9.0, "num_boost_round": 40.0}, "datetime": {"datetime": "2024-01-19 01:50:32", "elapsed": 5926.044791, "delta": 0.005827}}
{"target": -17.67670343690666, "params": {"gamma": 972.8719967357379, "log10_alpha": -2.630472423926581, "log10_colsample_bytree": -0.0015002216495755283, "log10_eta": -3.3470103062985395, "log10_lambda": -0.2691080895616871, "log10_min_child_weight": 2.9530765891057875, "log10_subsample": -0.9352538926666726, "max_depth": 9.0, "num_boost_round": 41.0}, "datetime": {"datetime": "2024-01-19 01:50:32", "elapsed": 5926.051062, "delta": 0.006271}}
{"target": -17.67669498650157, "params": {"gamma": 972.8719967357379, "log10_alpha": -2.630472423926581, "log10_colsample_bytree": -0.0015002216495755283, "log10_eta": -3.3470103062985395, "log10_lambda": -0.2691080895616871, "log10_min_child_weight": 2.9530765891057875, "log10_subsample": -0.9352538926666726, "max_depth": 9.0, "num_boost_round": 42.0}, "datetime": {"datetime": "2024-01-19 01:50:32", "elapsed": 5926.056995, "delta": 0.005933}}
{"target": -17.676669259371593, "params": {"gamma": 972.8719967357379, "log10_alpha": -2.630472423926581, "log10_colsample_bytree": -0.0015002216495755283, "log10_eta": -3.3470103062985395, "log10_lambda": -0.2691080895616871, "log10_min_child_weight": 2.9530765891057875, "log10_subsample": -0.9352538926666726, "max_depth": 9.0, "num_boost_round": 43.0}, "datetime": {"datetime": "2024-01-19 01:50:32", "elapsed": 5926.062826, "delta": 0.005831}}
{"target": -17.67722722579169, "params": {"gamma": 974.737927863249, "log10_alpha": -1.4917945928176701, "log10_colsample_bytree": -0.5300933829174909, "log10_eta": -3.635458106230217, "log10_lambda": -4.567411619685135, "log10_min_child_weight": 2.685805404236625, "log10_subsample": -0.6162628963727891, "max_depth": 2.0, "num_boost_round": 0.0}, "datetime": {"datetime": "2024-01-19 01:52:05", "elapsed": 6019.375542, "delta": 93.312716}}
{"target": -17.677220995574796, "params": {"gamma": 974.737927863249, "log10_alpha": -1.4917945928176701, "log10_colsample_bytree": -0.5300933829174909, "log10_eta": -3.635458106230217, "log10_lambda": -4.567411619685135, "log10_min_child_weight": 2.685805404236625, "log10_subsample": -0.6162628963727891, "max_depth": 2.0, "num_boost_round": 1.0}, "datetime": {"datetime": "2024-01-19 01:52:05", "elapsed": 6019.382246, "delta": 0.006704}}
{"target": -17.677212736407586, "params": {"gamma": 974.737927863249, "log10_alpha": -1.4917945928176701, "log10_colsample_bytree": -0.5300933829174909, "log10_eta": -3.635458106230217, "log10_lambda": -4.567411619685135, "log10_min_child_weight": 2.685805404236625, "log10_subsample": -0.6162628963727891, "max_depth": 2.0, "num_boost_round": 2.0}, "datetime": {"datetime": "2024-01-19 01:52:05", "elapsed": 6019.388122, "delta": 0.005876}}
{"target": -17.677211361255576, "params": {"gamma": 974.737927863249, "log10_alpha": -1.4917945928176701, "log10_colsample_bytree": -0.5300933829174909, "log10_eta": -3.635458106230217, "log10_lambda": -4.567411619685135, "log10_min_child_weight": 2.685805404236625, "log10_subsample": -0.6162628963727891, "max_depth": 2.0, "num_boost_round": 3.0}, "datetime": {"datetime": "2024-01-19 01:52:05", "elapsed": 6019.500382, "delta": 0.11226}}
{"target": -17.67720773523455, "params": {"gamma": 974.737927863249, "log10_alpha": -1.4917945928176701, "log10_colsample_bytree": -0.5300933829174909, "log10_eta": -3.635458106230217, "log10_lambda": -4.567411619685135, "log10_min_child_weight": 2.685805404236625, "log10_subsample": -0.6162628963727891, "max_depth": 2.0, "num_boost_round": 4.0}, "datetime": {"datetime": "2024-01-19 01:52:05", "elapsed": 6019.506928, "delta": 0.006546}}
{"target": -17.67720390511788, "params": {"gamma": 974.737927863249, "log10_alpha": -1.4917945928176701, "log10_colsample_bytree": -0.5300933829174909, "log10_eta": -3.635458106230217, "log10_lambda": -4.567411619685135, "log10_min_child_weight": 2.685805404236625, "log10_subsample": -0.6162628963727891, "max_depth": 2.0, "num_boost_round": 5.0}, "datetime": {"datetime": "2024-01-19 01:52:05", "elapsed": 6019.512993, "delta": 0.006065}}
{"target": -17.67719996241662, "params": {"gamma": 974.737927863249, "log10_alpha": -1.4917945928176701, "log10_colsample_bytree": -0.5300933829174909, "log10_eta": -3.635458106230217, "log10_lambda": -4.567411619685135, "log10_min_child_weight": 2.685805404236625, "log10_subsample": -0.6162628963727891, "max_depth": 2.0, "num_boost_round": 6.0}, "datetime": {"datetime": "2024-01-19 01:52:05", "elapsed": 6019.51897, "delta": 0.005977}}
{"target": -17.677196009420594, "params": {"gamma": 974.737927863249, "log10_alpha": -1.4917945928176701, "log10_colsample_bytree": -0.5300933829174909, "log10_eta": -3.635458106230217, "log10_lambda": -4.567411619685135, "log10_min_child_weight": 2.685805404236625, "log10_subsample": -0.6162628963727891, "max_depth": 2.0, "num_boost_round": 7.0}, "datetime": {"datetime": "2024-01-19 01:52:05", "elapsed": 6019.524877, "delta": 0.005907}}
{"target": -17.677191439289665, "params": {"gamma": 974.737927863249, "log10_alpha": -1.4917945928176701, "log10_colsample_bytree": -0.5300933829174909, "log10_eta": -3.635458106230217, "log10_lambda": -4.567411619685135, "log10_min_child_weight": 2.685805404236625, "log10_subsample": -0.6162628963727891, "max_depth": 2.0, "num_boost_round": 8.0}, "datetime": {"datetime": "2024-01-19 01:52:05", "elapsed": 6019.530524, "delta": 0.005647}}
{"target": -17.677183138882462, "params": {"gamma": 974.737927863249, "log10_alpha": -1.4917945928176701, "log10_colsample_bytree": -0.5300933829174909, "log10_eta": -3.635458106230217, "log10_lambda": -4.567411619685135, "log10_min_child_weight": 2.685805404236625, "log10_subsample": -0.6162628963727891, "max_depth": 2.0, "num_boost_round": 9.0}, "datetime": {"datetime": "2024-01-19 01:52:05", "elapsed": 6019.536023, "delta": 0.005499}}
{"target": -17.677175921725663, "params": {"gamma": 974.737927863249, "log10_alpha": -1.4917945928176701, "log10_colsample_bytree": -0.5300933829174909, "log10_eta": -3.635458106230217, "log10_lambda": -4.567411619685135, "log10_min_child_weight": 2.685805404236625, "log10_subsample": -0.6162628963727891, "max_depth": 2.0, "num_boost_round": 10.0}, "datetime": {"datetime": "2024-01-19 01:52:05", "elapsed": 6019.541515, "delta": 0.005492}}
{"target": -17.677173220106024, "params": {"gamma": 974.737927863249, "log10_alpha": -1.4917945928176701, "log10_colsample_bytree": -0.5300933829174909, "log10_eta": -3.635458106230217, "log10_lambda": -4.567411619685135, "log10_min_child_weight": 2.685805404236625, "log10_subsample": -0.6162628963727891, "max_depth": 2.0, "num_boost_round": 11.0}, "datetime": {"datetime": "2024-01-19 01:52:05", "elapsed": 6019.547533, "delta": 0.006018}}
{"target": -17.67716475399306, "params": {"gamma": 974.737927863249, "log10_alpha": -1.4917945928176701, "log10_colsample_bytree": -0.5300933829174909, "log10_eta": -3.635458106230217, "log10_lambda": -4.567411619685135, "log10_min_child_weight": 2.685805404236625, "log10_subsample": -0.6162628963727891, "max_depth": 2.0, "num_boost_round": 12.0}, "datetime": {"datetime": "2024-01-19 01:52:05", "elapsed": 6019.553264, "delta": 0.005731}}
{"target": -17.67715757584343, "params": {"gamma": 974.737927863249, "log10_alpha": -1.4917945928176701, "log10_colsample_bytree": -0.5300933829174909, "log10_eta": -3.635458106230217, "log10_lambda": -4.567411619685135, "log10_min_child_weight": 2.685805404236625, "log10_subsample": -0.6162628963727891, "max_depth": 2.0, "num_boost_round": 13.0}, "datetime": {"datetime": "2024-01-19 01:52:05", "elapsed": 6019.55882, "delta": 0.005556}}
{"target": -17.67715365320158, "params": {"gamma": 974.737927863249, "log10_alpha": -1.4917945928176701, "log10_colsample_bytree": -0.5300933829174909, "log10_eta": -3.635458106230217, "log10_lambda": -4.567411619685135, "log10_min_child_weight": 2.685805404236625, "log10_subsample": -0.6162628963727891, "max_depth": 2.0, "num_boost_round": 14.0}, "datetime": {"datetime": "2024-01-19 01:52:05", "elapsed": 6019.564616, "delta": 0.005796}}
{"target": -17.67715072551798, "params": {"gamma": 974.737927863249, "log10_alpha": -1.4917945928176701, "log10_colsample_bytree": -0.5300933829174909, "log10_eta": -3.635458106230217, "log10_lambda": -4.567411619685135, "log10_min_child_weight": 2.685805404236625, "log10_subsample": -0.6162628963727891, "max_depth": 2.0, "num_boost_round": 15.0}, "datetime": {"datetime": "2024-01-19 01:52:05", "elapsed": 6019.570232, "delta": 0.005616}}
{"target": -17.6771437459473, "params": {"gamma": 974.737927863249, "log10_alpha": -1.4917945928176701, "log10_colsample_bytree": -0.5300933829174909, "log10_eta": -3.635458106230217, "log10_lambda": -4.567411619685135, "log10_min_child_weight": 2.685805404236625, "log10_subsample": -0.6162628963727891, "max_depth": 2.0, "num_boost_round": 16.0}, "datetime": {"datetime": "2024-01-19 01:52:05", "elapsed": 6019.575874, "delta": 0.005642}}
{"target": -17.677135487797575, "params": {"gamma": 974.737927863249, "log10_alpha": -1.4917945928176701, "log10_colsample_bytree": -0.5300933829174909, "log10_eta": -3.635458106230217, "log10_lambda": -4.567411619685135, "log10_min_child_weight": 2.685805404236625, "log10_subsample": -0.6162628963727891, "max_depth": 2.0, "num_boost_round": 17.0}, "datetime": {"datetime": "2024-01-19 01:52:05", "elapsed": 6019.581524, "delta": 0.00565}}
{"target": -17.677134304675853, "params": {"gamma": 974.737927863249, "log10_alpha": -1.4917945928176701, "log10_colsample_bytree": -0.5300933829174909, "log10_eta": -3.635458106230217, "log10_lambda": -4.567411619685135, "log10_min_child_weight": 2.685805404236625, "log10_subsample": -0.6162628963727891, "max_depth": 2.0, "num_boost_round": 18.0}, "datetime": {"datetime": "2024-01-19 01:52:05", "elapsed": 6019.587422, "delta": 0.005898}}
{"target": -17.677133817581865, "params": {"gamma": 974.737927863249, "log10_alpha": -1.4917945928176701, "log10_colsample_bytree": -0.5300933829174909, "log10_eta": -3.635458106230217, "log10_lambda": -4.567411619685135, "log10_min_child_weight": 2.685805404236625, "log10_subsample": -0.6162628963727891, "max_depth": 2.0, "num_boost_round": 19.0}, "datetime": {"datetime": "2024-01-19 01:52:05", "elapsed": 6019.593471, "delta": 0.006049}}
{"target": -17.677127769190903, "params": {"gamma": 974.737927863249, "log10_alpha": -1.4917945928176701, "log10_colsample_bytree": -0.5300933829174909, "log10_eta": -3.635458106230217, "log10_lambda": -4.567411619685135, "log10_min_child_weight": 2.685805404236625, "log10_subsample": -0.6162628963727891, "max_depth": 2.0, "num_boost_round": 20.0}, "datetime": {"datetime": "2024-01-19 01:52:05", "elapsed": 6019.598978, "delta": 0.005507}}
{"target": -17.677121389877605, "params": {"gamma": 974.737927863249, "log10_alpha": -1.4917945928176701, "log10_colsample_bytree": -0.5300933829174909, "log10_eta": -3.635458106230217, "log10_lambda": -4.567411619685135, "log10_min_child_weight": 2.685805404236625, "log10_subsample": -0.6162628963727891, "max_depth": 2.0, "num_boost_round": 21.0}, "datetime": {"datetime": "2024-01-19 01:52:05", "elapsed": 6019.604541, "delta": 0.005563}}
{"target": -17.67711723234144, "params": {"gamma": 974.737927863249, "log10_alpha": -1.4917945928176701, "log10_colsample_bytree": -0.5300933829174909, "log10_eta": -3.635458106230217, "log10_lambda": -4.567411619685135, "log10_min_child_weight": 2.685805404236625, "log10_subsample": -0.6162628963727891, "max_depth": 2.0, "num_boost_round": 22.0}, "datetime": {"datetime": "2024-01-19 01:52:05", "elapsed": 6019.610028, "delta": 0.005487}}
{"target": -17.67711086799604, "params": {"gamma": 974.737927863249, "log10_alpha": -1.4917945928176701, "log10_colsample_bytree": -0.5300933829174909, "log10_eta": -3.635458106230217, "log10_lambda": -4.567411619685135, "log10_min_child_weight": 2.685805404236625, "log10_subsample": -0.6162628963727891, "max_depth": 2.0, "num_boost_round": 23.0}, "datetime": {"datetime": "2024-01-19 01:52:05", "elapsed": 6019.61586, "delta": 0.005832}}
{"target": -17.677108241876816, "params": {"gamma": 974.737927863249, "log10_alpha": -1.4917945928176701, "log10_colsample_bytree": -0.5300933829174909, "log10_eta": -3.635458106230217, "log10_lambda": -4.567411619685135, "log10_min_child_weight": 2.685805404236625, "log10_subsample": -0.6162628963727891, "max_depth": 2.0, "num_boost_round": 24.0}, "datetime": {"datetime": "2024-01-19 01:52:05", "elapsed": 6019.621569, "delta": 0.005709}}
