{"target": -13.758503997079625, "params": {"gamma": 835.3476888467903, "log10_alpha": -3.620316703047535, "log10_colsample_bytree": -0.7724521320665411, "log10_eta": -3.786442232190158, "log10_lambda": -2.8574300868120135, "log10_min_child_weight": 3.592271264572205, "log10_subsample": -0.052515023492819446, "max_depth": 9.0, "num_boost_round": 8.0}, "datetime": {"datetime": "2024-01-19 01:38:36", "elapsed": 5220.964934, "delta": 0.005654}}
{"target": -13.758505333870021, "params": {"gamma": 835.3476888467903, "log10_alpha": -3.620316703047535, "log10_colsample_bytree": -0.7724521320665411, "log10_eta": -3.786442232190158, "log10_lambda": -2.8574300868120135, "log10_min_child_weight": 3.592271264572205, "log10_subsample": -0.052515023492819446, "max_depth": 9.0, "num_boost_round": 9.0}, "datetime": {"datetime": "2024-01-19 01:38:36", "elapsed": 5220.970721, "delta": 0.005787}}
{"target": -13.758502468986954, "params": {"gamma": 835.3476888467903, "log10_alpha": -3.620316703047535, "log10_colsample_bytree": -0.7724521320665411, "log10_eta": -3.786442232190158, "log10_lambda": -2.8574300868120135, "log10_min_child_weight": 3.592271264572205, "log10_subsample": -0.052515023492819446, "max_depth": 9.0, "num_boost_round": 10.0}, "datetime": {"datetime": "2024-01-19 01:38:36", "elapsed": 5220.976668, "delta": 0.005947}}
{"target": -13.758502467335514, "params": {"gamma": 835.3476888467903, "log10_alpha": -3.620316703047535, "log10_colsample_bytree": -0.7724521320665411, "log10_eta": -3.786442232190158, "log10_lambda": -2.8574300868120135, "log10_min_child_weight": 3.592271264572205, "log10_subsample": -0.052515023492819446, "max_depth": 9.0, "num_boost_round": 11.0}, "datetime": {"datetime": "2024-01-19 01:38:36", "elapsed": 5220.982226, "delta": 0.005558}}
{"target": -13.75849951995107, "params": {"gamma": 835.3476888467903, "log10_alpha": -3.620316703047535, "log10_colsample_bytree": -0.7724521320665411, "log10_eta": -3.786442232190158, "log10_lambda": -2.8574300868120135, "log10_min_child_weight": 3.592271264572205, "log10_subsample": -0.052515023492819446, "max_depth": 9.0, "num_boost_round": 12.0}, "datetime": {"datetime": "2024-01-19 01:38:36", "elapsed": 5220.987913, "delta": 0.005687}}
{"target": -13.758494108756842, "params": {"gamma": 835.3476888467903, "log10_alpha": -3.620316703047535, "log10_colsample_bytree": -0.7724521320665411, "log10_eta": -3.786442232190158, "log10_lambda": -2.8574300868120135, "log10_min_child_weight": 3.592271264572205, "log10_subsample": -0.052515023492819446, "max_depth": 9.0, "num_boost_round": 13.0}, "datetime": {"datetime": "2024-01-19 01:38:36", "elapsed": 5220.993554, "delta": 0.005641}}
{"target": -13.758492038132788, "params": {"gamma": 835.3476888467903, "log10_alpha": -3.620316703047535, "log10_colsample_bytree": -0.7724521320665411, "log10_eta": -3.786442232190158, "log10_lambda": -2.8574300868120135, "log10_min_child_weight": 3.592271264572205, "log10_subsample": -0.052515023492819446, "max_depth": 9.0, "num_boost_round": 14.0}, "datetime": {"datetime": "2024-01-19 01:38:36", "elapsed": 5220.999366, "delta": 0.005812}}
{"target": -13.758490066955638, "params": {"gamma": 835.3476888467903, "log10_alpha": -3.620316703047535, "log10_colsample_bytree": -0.7724521320665411, "log10_eta": -3.786442232190158, "log10_lambda": -2.8574300868120135, "log10_min_child_weight": 3.592271264572205, "log10_subsample": -0.052515023492819446, "max_depth": 9.0, "num_boost_round": 15.0}, "datetime": {"datetime": "2024-01-19 01:38:36", "elapsed": 5221.005357, "delta": 0.005991}}
{"target": -13.758486381031169, "params": {"gamma": 835.3476888467903, "log10_alpha": -3.620316703047535, "log10_colsample_bytree": -0.7724521320665411, "log10_eta": -3.786442232190158, "log10_lambda": -2.8574300868120135, "log10_min_child_weight": 3.592271264572205, "log10_subsample": -0.052515023492819446, "max_depth": 9.0, "num_boost_round": 16.0}, "datetime": {"datetime": "2024-01-19 01:38:36", "elapsed": 5221.01132, "delta": 0.005963}}
{"target": -13.758488373438958, "params": {"gamma": 835.3476888467903, "log10_alpha": -3.620316703047535, "log10_colsample_bytree": -0.7724521320665411, "log10_eta": -3.786442232190158, "log10_lambda": -2.8574300868120135, "log10_min_child_weight": 3.592271264572205, "log10_subsample": -0.052515023492819446, "max_depth": 9.0, "num_boost_round": 17.0}, "datetime": {"datetime": "2024-01-19 01:38:36", "elapsed": 5221.016979, "delta": 0.005659}}
{"target": -13.75848793892548, "params": {"gamma": 835.3476888467903, "log10_alpha": -3.620316703047535, "log10_colsample_bytree": -0.7724521320665411, "log10_eta": -3.786442232190158, "log10_lambda": -2.8574300868120135, "log10_min_child_weight": 3.592271264572205, "log10_subsample": -0.052515023492819446, "max_depth": 9.0, "num_boost_round": 18.0}, "datetime": {"datetime": "2024-01-19 01:38:36", "elapsed": 5221.022568, "delta": 0.005589}}
{"target": -13.758481837914198, "params": {"gamma": 835.3476888467903, "log10_alpha": -3.620316703047535, "log10_colsample_bytree": -0.7724521320665411, "log10_eta": -3.786442232190158, "log10_lambda": -2.8574300868120135, "log10_min_child_weight": 3.592271264572205, "log10_subsample": -0.052515023492819446, "max_depth": 9.0, "num_boost_round": 19.0}, "datetime": {"datetime": "2024-01-19 01:38:36", "elapsed": 5221.028175, "delta": 0.005607}}
{"target": -13.758478533272257, "params": {"gamma": 835.3476888467903, "log10_alpha": -3.620316703047535, "log10_colsample_bytree": -0.7724521320665411, "log10_eta": -3.786442232190158, "log10_lambda": -2.8574300868120135, "log10_min_child_weight": 3.592271264572205, "log10_subsample": -0.052515023492819446, "max_depth": 9.0, "num_boost_round": 20.0}, "datetime": {"datetime": "2024-01-19 01:38:36", "elapsed": 5221.038899, "delta": 0.010724}}
{"target": -13.758477695385723, "params": {"gamma": 835.3476888467903, "log10_alpha": -3.620316703047535, "log10_colsample_bytree": -0.7724521320665411, "log10_eta": -3.786442232190158, "log10_lambda": -2.8574300868120135, "log10_min_child_weight": 3.592271264572205, "log10_subsample": -0.052515023492819446, "max_depth": 9.0, "num_boost_round": 21.0}, "datetime": {"datetime": "2024-01-19 01:38:36", "elapsed": 5221.044859, "delta": 0.00596}}
{"target": -13.758472283802208, "params": {"gamma": 835.3476888467903, "log10_alpha": -3.620316703047535, "log10_colsample_bytree": -0.7724521320665411, "log10_eta": -3.786442232190158, "log10_lambda": -2.8574300868120135, "log10_min_child_weight": 3.592271264572205, "log10_subsample": -0.052515023492819446, "max_depth": 9.0, "num_boost_round": 22.0}, "datetime": {"datetime": "2024-01-19 01:38:36", "elapsed": 5221.050935, "delta": 0.006076}}
{"target": -13.758462272607442, "params": {"gamma": 835.3476888467903, "log10_alpha": -3.620316703047535, "log10_colsample_bytree": -0.7724521320665411, "log10_eta": -3.786442232190158, "log10_lambda": -2.8574300868120135, "log10_min_child_weight": 3.592271264572205, "log10_subsample": -0.052515023492819446, "max_depth": 9.0, "num_boost_round": 23.0}, "datetime": {"datetime": "2024-01-19 01:38:36", "elapsed": 5221.056598, "delta": 0.005663}}
{"target": -13.758459952914421, "params": {"gamma": 835.3476888467903, "log10_alpha": -3.620316703047535, "log10_colsample_bytree": -0.7724521320665411, "log10_eta": -3.786442232190158, "log10_lambda": -2.8574300868120135, "log10_min_child_weight": 3.592271264572205, "log10_subsample": -0.052515023492819446, "max_depth": 9.0, "num_boost_round": 24.0}, "datetime": {"datetime": "2024-01-19 01:38:36", "elapsed": 5221.062333, "delta": 0.005735}}
{"target": -13.758451607664211, "params": {"gamma": 835.3476888467903, "log10_alpha": -3.620316703047535, "log10_colsample_bytree": -0.7724521320665411, "log10_eta": -3.786442232190158, "log10_lambda": -2.8574300868120135, "log10_min_child_weight": 3.592271264572205, "log10_subsample": -0.052515023492819446, "max_depth": 9.0, "num_boost_round": 25.0}, "datetime": {"datetime": "2024-01-19 01:38:36", "elapsed": 5221.06801, "delta": 0.005677}}
{"target": -13.75845106851725, "params": {"gamma": 835.3476888467903, "log10_alpha": -3.620316703047535, "log10_colsample_bytree": -0.7724521320665411, "log10_eta": -3.786442232190158, "log10_lambda": -2.8574300868120135, "log10_min_child_weight": 3.592271264572205, "log10_subsample": -0.052515023492819446, "max_depth": 9.0, "num_boost_round": 26.0}, "datetime": {"datetime": "2024-01-19 01:38:36", "elapsed": 5221.074506, "delta": 0.006496}}
{"target": -13.758444812924589, "params": {"gamma": 835.3476888467903, "log10_alpha": -3.620316703047535, "log10_colsample_bytree": -0.7724521320665411, "log10_eta": -3.786442232190158, "log10_lambda": -2.8574300868120135, "log10_min_child_weight": 3.592271264572205, "log10_subsample": -0.052515023492819446, "max_depth": 9.0, "num_boost_round": 27.0}, "datetime": {"datetime": "2024-01-19 01:38:36", "elapsed": 5221.080576, "delta": 0.00607}}
{"target": -13.758440354165161, "params": {"gamma": 835.3476888467903, "log10_alpha": -3.620316703047535, "log10_colsample_bytree": -0.7724521320665411, "log10_eta": -3.786442232190158, "log10_lambda": -2.8574300868120135, "log10_min_child_weight": 3.592271264572205, "log10_subsample": -0.052515023492819446, "max_depth": 9.0, "num_boost_round": 28.0}, "datetime": {"datetime": "2024-01-19 01:38:36", "elapsed": 5221.086637, "delta": 0.006061}}
{"target": -13.758435868872253, "params": {"gamma": 835.3476888467903, "log10_alpha": -3.620316703047535, "log10_colsample_bytree": -0.7724521320665411, "log10_eta": -3.786442232190158, "log10_lambda": -2.8574300868120135, "log10_min_child_weight": 3.592271264572205, "log10_subsample": -0.052515023492819446, "max_depth": 9.0, "num_boost_round": 29.0}, "datetime": {"datetime": "2024-01-19 01:38:36", "elapsed": 5221.092305, "delta": 0.005668}}
{"target": -13.758431226341218, "params": {"gamma": 835.3476888467903, "log10_alpha": -3.620316703047535, "log10_colsample_bytree": -0.7724521320665411, "log10_eta": -3.786442232190158, "log10_lambda": -2.8574300868120135, "log10_min_child_weight": 3.592271264572205, "log10_subsample": -0.052515023492819446, "max_depth": 9.0, "num_boost_round": 30.0}, "datetime": {"datetime": "2024-01-19 01:38:36", "elapsed": 5221.098193, "delta": 0.005888}}
{"target": -13.758422193660714, "params": {"gamma": 835.3476888467903, "log10_alpha": -3.620316703047535, "log10_colsample_bytree": -0.7724521320665411, "log10_eta": -3.786442232190158, "log10_lambda": -2.8574300868120135, "log10_min_child_weight": 3.592271264572205, "log10_subsample": -0.052515023492819446, "max_depth": 9.0, "num_boost_round": 31.0}, "datetime": {"datetime": "2024-01-19 01:38:36", "elapsed": 5221.103969, "delta": 0.005776}}
{"target": -13.758420160936065, "params": {"gamma": 835.3476888467903, "log10_alpha": -3.620316703047535, "log10_colsample_bytree": -0.7724521320665411, "log10_eta": -3.786442232190158, "log10_lambda": -2.8574300868120135, "log10_min_child_weight": 3.592271264572205, "log10_subsample": -0.052515023492819446, "max_depth": 9.0, "num_boost_round": 32.0}, "datetime": {"datetime": "2024-01-19 01:38:36", "elapsed": 5221.109779, "delta": 0.00581}}
{"target": -13.758416764255998, "params": {"gamma": 835.3476888467903, "log10_alpha": -3.620316703047535, "log10_colsample_bytree": -0.7724521320665411, "log10_eta": -3.786442232190158, "log10_lambda": -2.8574300868120135, "log10_min_child_weight": 3.592271264572205, "log10_subsample": -0.052515023492819446, "max_depth": 9.0, "num_boost_round": 33.0}, "datetime": {"datetime": "2024-01-19 01:38:36", "elapsed": 5221.11555, "delta": 0.005771}}
{"target": -13.758413277738311, "params": {"gamma": 835.3476888467903, "log10_alpha": -3.620316703047535, "log10_colsample_bytree": -0.7724521320665411, "log10_eta": -3.786442232190158, "log10_lambda": -2.8574300868120135, "log10_min_child_weight": 3.592271264572205, "log10_subsample": -0.052515023492819446, "max_depth": 9.0, "num_boost_round": 34.0}, "datetime": {"datetime": "2024-01-19 01:38:36", "elapsed": 5221.121432, "delta": 0.005882}}
{"target": -13.758409497514357, "params": {"gamma": 835.3476888467903, "log10_alpha": -3.620316703047535, "log10_colsample_bytree": -0.7724521320665411, "log10_eta": -3.786442232190158, "log10_lambda": -2.8574300868120135, "log10_min_child_weight": 3.592271264572205, "log10_subsample": -0.052515023492819446, "max_depth": 9.0, "num_boost_round": 35.0}, "datetime": {"datetime": "2024-01-19 01:38:36", "elapsed": 5221.243008, "delta": 0.121576}}
{"target": -13.758406651059355, "params": {"gamma": 835.3476888467903, "log10_alpha": -3.620316703047535, "log10_colsample_bytree": -0.7724521320665411, "log10_eta": -3.786442232190158, "log10_lambda": -2.8574300868120135, "log10_min_child_weight": 3.592271264572205, "log10_subsample": -0.052515023492819446, "max_depth": 9.0, "num_boost_round": 36.0}, "datetime": {"datetime": "2024-01-19 01:38:36", "elapsed": 5221.24951, "delta": 0.006502}}
{"target": -13.758404579393755, "params": {"gamma": 835.3476888467903, "log10_alpha": -3.620316703047535, "log10_colsample_bytree": -0.7724521320665411, "log10_eta": -3.786442232190158, "log10_lambda": -2.8574300868120135, "log10_min_child_weight": 3.592271264572205, "log10_subsample": -0.052515023492819446, "max_depth": 9.0, "num_boost_round": 37.0}, "datetime": {"datetime": "2024-01-19 01:38:36", "elapsed": 5221.255499, "delta": 0.005989}}
{"target": -13.758403135024382, "params": {"gamma": 835.3476888467903, "log10_alpha": -3.620316703047535, "log10_colsample_bytree": -0.7724521320665411, "log10_eta": -3.786442232190158, "log10_lambda": -2.8574300868120135, "log10_min_child_weight": 3.592271264572205, "log10_subsample": -0.052515023492819446, "max_depth": 9.0, "num_boost_round": 38.0}, "datetime": {"datetime": "2024-01-19 01:38:36", "elapsed": 5221.261479, "delta": 0.00598}}
{"target": -13.758402550213113, "params": {"gamma": 835.3476888467903, "log10_alpha": -3.620316703047535, "log10_colsample_bytree": -0.7724521320665411, "log10_eta": -3.786442232190158, "log10_lambda": -2.8574300868120135, "log10_min_child_weight": 3.592271264572205, "log10_subsample": -0.052515023492819446, "max_depth": 9.0, "num_boost_round": 39.0}, "datetime": {"datetime": "2024-01-19 01:38:36", "elapsed": 5221.267406, "delta": 0.005927}}
{"target": -13.758402766280815, "params": {"gamma": 835.3476888467903, "log10_alpha": -3.620316703047535, "log10_colsample_bytree": -0.7724521320665411, "log10_eta": -3.786442232190158, "log10_lambda": -2.8574300868120135, "log10_min_child_weight": 3.592271264572205, "log10_subsample": -0.052515023492819446, "max_depth": 9.0, "num_boost_round": 40.0}, "datetime": {"datetime": "2024-01-19 01:38:36", "elapsed": 5221.273382, "delta": 0.005976}}
{"target": -13.758404343306049, "params": {"gamma": 835.3476888467903, "log10_alpha": -3.620316703047535, "log10_colsample_bytree": -0.7724521320665411, "log10_eta": -3.786442232190158, "log10_lambda": -2.8574300868120135, "log10_min_child_weight": 3.592271264572205, "log10_subsample": -0.052515023492819446, "max_depth": 9.0, "num_boost_round": 41.0}, "datetime": {"datetime": "2024-01-19 01:38:36", "elapsed": 5221.279425, "delta": 0.006043}}
{"target": -13.758398203629444, "params": {"gamma": 835.3476888467903, "log10_alpha": -3.620316703047535, "log10_colsample_bytree": -0.7724521320665411, "log10_eta": -3.786442232190158, "log10_lambda": -2.8574300868120135, "log10_min_child_weight": 3.592271264572205, "log10_subsample": -0.052515023492819446, "max_depth": 9.0, "num_boost_round": 42.0}, "datetime": {"datetime": "2024-01-19 01:38:36", "elapsed": 5221.28557, "delta": 0.006145}}
{"target": -13.758393264723612, "params": {"gamma": 835.3476888467903, "log10_alpha": -3.620316703047535, "log10_colsample_bytree": -0.7724521320665411, "log10_eta": -3.786442232190158, "log10_lambda": -2.8574300868120135, "log10_min_child_weight": 3.592271264572205, "log10_subsample": -0.052515023492819446, "max_depth": 9.0, "num_boost_round": 43.0}, "datetime": {"datetime": "2024-01-19 01:38:36", "elapsed": 5221.291432, "delta": 0.005862}}
{"target": -13.7583917131908, "params": {"gamma": 835.3476888467903, "log10_alpha": -3.620316703047535, "log10_colsample_bytree": -0.7724521320665411, "log10_eta": -3.786442232190158, "log10_lambda": -2.8574300868120135, "log10_min_child_weight": 3.592271264572205, "log10_subsample": -0.052515023492819446, "max_depth": 9.0, "num_boost_round": 44.0}, "datetime": {"datetime": "2024-01-19 01:38:36", "elapsed": 5221.298301, "delta": 0.006869}}
{"target": -13.758386037468867, "params": {"gamma": 835.3476888467903, "log10_alpha": -3.620316703047535, "log10_colsample_bytree": -0.7724521320665411, "log10_eta": -3.786442232190158, "log10_lambda": -2.8574300868120135, "log10_min_child_weight": 3.592271264572205, "log10_subsample": -0.052515023492819446, "max_depth": 9.0, "num_boost_round": 45.0}, "datetime": {"datetime": "2024-01-19 01:38:37", "elapsed": 5221.30427, "delta": 0.005969}}
{"target": -13.758383906687644, "params": {"gamma": 835.3476888467903, "log10_alpha": -3.620316703047535, "log10_colsample_bytree": -0.7724521320665411, "log10_eta": -3.786442232190158, "log10_lambda": -2.8574300868120135, "log10_min_child_weight": 3.592271264572205, "log10_subsample": -0.052515023492819446, "max_depth": 9.0, "num_boost_round": 46.0}, "datetime": {"datetime": "2024-01-19 01:38:37", "elapsed": 5221.310075, "delta": 0.005805}}
{"target": -13.758381596120833, "params": {"gamma": 835.3476888467903, "log10_alpha": -3.620316703047535, "log10_colsample_bytree": -0.7724521320665411, "log10_eta": -3.786442232190158, "log10_lambda": -2.8574300868120135, "log10_min_child_weight": 3.592271264572205, "log10_subsample": -0.052515023492819446, "max_depth": 9.0, "num_boost_round": 47.0}, "datetime": {"datetime": "2024-01-19 01:38:37", "elapsed": 5221.315821, "delta": 0.005746}}
{"target": -13.75838087185913, "params": {"gamma": 835.3476888467903, "log10_alpha": -3.620316703047535, "log10_colsample_bytree": -0.7724521320665411, "log10_eta": -3.786442232190158, "log10_lambda": -2.8574300868120135, "log10_min_child_weight": 3.592271264572205, "log10_subsample": -0.052515023492819446, "max_depth": 9.0, "num_boost_round": 48.0}, "datetime": {"datetime": "2024-01-19 01:38:37", "elapsed": 5221.321636, "delta": 0.005815}}
{"target": -13.75837872258948, "params": {"gamma": 835.3476888467903, "log10_alpha": -3.620316703047535, "log10_colsample_bytree": -0.7724521320665411, "log10_eta": -3.786442232190158, "log10_lambda": -2.8574300868120135, "log10_min_child_weight": 3.592271264572205, "log10_subsample": -0.052515023492819446, "max_depth": 9.0, "num_boost_round": 49.0}, "datetime": {"datetime": "2024-01-19 01:38:37", "elapsed": 5221.327507, "delta": 0.005871}}
{"target": -13.758378020695357, "params": {"gamma": 835.3476888467903, "log10_alpha": -3.620316703047535, "log10_colsample_bytree": -0.7724521320665411, "log10_eta": -3.786442232190158, "log10_lambda": -2.8574300868120135, "log10_min_child_weight": 3.592271264572205, "log10_subsample": -0.052515023492819446, "max_depth": 9.0, "num_boost_round": 50.0}, "datetime": {"datetime": "2024-01-19 01:38:37", "elapsed": 5221.333299, "delta": 0.005792}}
{"target": -13.758376707161403, "params": {"gamma": 835.3476888467903, "log10_alpha": -3.620316703047535, "log10_colsample_bytree": -0.7724521320665411, "log10_eta": -3.786442232190158, "log10_lambda": -2.8574300868120135, "log10_min_child_weight": 3.592271264572205, "log10_subsample": -0.052515023492819446, "max_depth": 9.0, "num_boost_round": 51.0}, "datetime": {"datetime": "2024-01-19 01:38:37", "elapsed": 5221.339128, "delta": 0.005829}}
{"target": -13.75837771171238, "params": {"gamma": 835.3476888467903, "log10_alpha": -3.620316703047535, "log10_colsample_bytree": -0.7724521320665411, "log10_eta": -3.786442232190158, "log10_lambda": -2.8574300868120135, "log10_min_child_weight": 3.592271264572205, "log10_subsample": -0.052515023492819446, "max_depth": 9.0, "num_boost_round": 52.0}, "datetime": {"datetime": "2024-01-19 01:38:37", "elapsed": 5221.34516, "delta": 0.006032}}
{"target": -13.758369963409802, "params": {"gamma": 835.3476888467903, "log10_alpha": -3.620316703047535, "log10_colsample_bytree": -0.7724521320665411, "log10_eta": -3.786442232190158, "log10_lambda": -2.8574300868120135, "log10_min_child_weight": 3.592271264572205, "log10_subsample": -0.052515023492819446, "max_depth": 9.0, "num_boost_round": 53.0}, "datetime": {"datetime": "2024-01-19 01:38:37", "elapsed": 5221.351337, "delta": 0.006177}}
{"target": -13.758532216619155, "params": {"gamma": 883.5475584240068, "log10_alpha": -0.9789793555905177, "log10_colsample_bytree": -0.4195384023770692, "log10_eta": -3.6270203763989586, "log10_lambda": 0.5667937505106853, "log10_min_child_weight": 2.5426029150821385, "log10_subsample": -0.5066251744135218, "max_depth": 5.0, "num_boost_round": 0.0}, "datetime": {"datetime": "2024-01-19 01:40:48", "elapsed": 5352.925155, "delta": 131.573818}}
{"target": -13.75852786902807, "params": {"gamma": 883.5475584240068, "log10_alpha": -0.9789793555905177, "log10_colsample_bytree": -0.4195384023770692, "log10_eta": -3.6270203763989586, "log10_lambda": 0.5667937505106853, "log10_min_child_weight": 2.5426029150821385, "log10_subsample": -0.5066251744135218, "max_depth": 5.0, "num_boost_round": 1.0}, "datetime": {"datetime": "2024-01-19 01:40:48", "elapsed": 5352.932316, "delta": 0.007161}}
{"target": -13.758528357746991, "params": {"gamma": 883.5475584240068, "log10_alpha": -0.9789793555905177, "log10_colsample_bytree": -0.4195384023770692, "log10_eta": -3.6270203763989586, "log10_lambda": 0.5667937505106853, "log10_min_child_weight": 2.5426029150821385, "log10_subsample": -0.5066251744135218, "max_depth": 5.0, "num_boost_round": 2.0}, "datetime": {"datetime": "2024-01-19 01:40:48", "elapsed": 5352.939239, "delta": 0.006923}}
