{"target": -17.891199821073585, "params": {"gamma": 111.94725200894761, "log10_alpha": 0.7968969133665249, "log10_colsample_bytree": -0.8663864962241824, "log10_eta": -0.17240401826182872, "log10_lambda": -4.322097009604366, "log10_min_child_weight": 2.3661483965055883, "log10_subsample": -0.39516817804116133, "max_depth": 2.0, "num_boost_round": 11.0}, "datetime": {"datetime": "2024-01-19 02:13:10", "elapsed": 7297.420863, "delta": 0.007348}}
{"target": -17.89817392692043, "params": {"gamma": 111.94725200894761, "log10_alpha": 0.7968969133665249, "log10_colsample_bytree": -0.8663864962241824, "log10_eta": -0.17240401826182872, "log10_lambda": -4.322097009604366, "log10_min_child_weight": 2.3661483965055883, "log10_subsample": -0.39516817804116133, "max_depth": 2.0, "num_boost_round": 12.0}, "datetime": {"datetime": "2024-01-19 02:13:10", "elapsed": 7297.428323, "delta": 0.00746}}
{"target": -17.90297352962764, "params": {"gamma": 111.94725200894761, "log10_alpha": 0.7968969133665249, "log10_colsample_bytree": -0.8663864962241824, "log10_eta": -0.17240401826182872, "log10_lambda": -4.322097009604366, "log10_min_child_weight": 2.3661483965055883, "log10_subsample": -0.39516817804116133, "max_depth": 2.0, "num_boost_round": 13.0}, "datetime": {"datetime": "2024-01-19 02:13:10", "elapsed": 7297.435948, "delta": 0.007625}}
{"target": -17.9080619749393, "params": {"gamma": 111.94725200894761, "log10_alpha": 0.7968969133665249, "log10_colsample_bytree": -0.8663864962241824, "log10_eta": -0.17240401826182872, "log10_lambda": -4.322097009604366, "log10_min_child_weight": 2.3661483965055883, "log10_subsample": -0.39516817804116133, "max_depth": 2.0, "num_boost_round": 14.0}, "datetime": {"datetime": "2024-01-19 02:13:10", "elapsed": 7297.443445, "delta": 0.007497}}
{"target": -17.90101707254621, "params": {"gamma": 111.94725200894761, "log10_alpha": 0.7968969133665249, "log10_colsample_bytree": -0.8663864962241824, "log10_eta": -0.17240401826182872, "log10_lambda": -4.322097009604366, "log10_min_child_weight": 2.3661483965055883, "log10_subsample": -0.39516817804116133, "max_depth": 2.0, "num_boost_round": 15.0}, "datetime": {"datetime": "2024-01-19 02:13:10", "elapsed": 7297.451152, "delta": 0.007707}}
{"target": -17.90616300159749, "params": {"gamma": 111.94725200894761, "log10_alpha": 0.7968969133665249, "log10_colsample_bytree": -0.8663864962241824, "log10_eta": -0.17240401826182872, "log10_lambda": -4.322097009604366, "log10_min_child_weight": 2.3661483965055883, "log10_subsample": -0.39516817804116133, "max_depth": 2.0, "num_boost_round": 16.0}, "datetime": {"datetime": "2024-01-19 02:13:10", "elapsed": 7297.458659, "delta": 0.007507}}
{"target": -17.91065301462027, "params": {"gamma": 111.94725200894761, "log10_alpha": 0.7968969133665249, "log10_colsample_bytree": -0.8663864962241824, "log10_eta": -0.17240401826182872, "log10_lambda": -4.322097009604366, "log10_min_child_weight": 2.3661483965055883, "log10_subsample": -0.39516817804116133, "max_depth": 2.0, "num_boost_round": 17.0}, "datetime": {"datetime": "2024-01-19 02:13:10", "elapsed": 7297.466161, "delta": 0.007502}}
{"target": -17.914569919306597, "params": {"gamma": 111.94725200894761, "log10_alpha": 0.7968969133665249, "log10_colsample_bytree": -0.8663864962241824, "log10_eta": -0.17240401826182872, "log10_lambda": -4.322097009604366, "log10_min_child_weight": 2.3661483965055883, "log10_subsample": -0.39516817804116133, "max_depth": 2.0, "num_boost_round": 18.0}, "datetime": {"datetime": "2024-01-19 02:13:10", "elapsed": 7297.473861, "delta": 0.0077}}
{"target": -17.925708411524376, "params": {"gamma": 111.94725200894761, "log10_alpha": 0.7968969133665249, "log10_colsample_bytree": -0.8663864962241824, "log10_eta": -0.17240401826182872, "log10_lambda": -4.322097009604366, "log10_min_child_weight": 2.3661483965055883, "log10_subsample": -0.39516817804116133, "max_depth": 2.0, "num_boost_round": 19.0}, "datetime": {"datetime": "2024-01-19 02:13:10", "elapsed": 7297.482279, "delta": 0.008418}}
{"target": -17.937062662536935, "params": {"gamma": 111.94725200894761, "log10_alpha": 0.7968969133665249, "log10_colsample_bytree": -0.8663864962241824, "log10_eta": -0.17240401826182872, "log10_lambda": -4.322097009604366, "log10_min_child_weight": 2.3661483965055883, "log10_subsample": -0.39516817804116133, "max_depth": 2.0, "num_boost_round": 20.0}, "datetime": {"datetime": "2024-01-19 02:13:10", "elapsed": 7297.490997, "delta": 0.008718}}
{"target": -17.94640055839142, "params": {"gamma": 111.94725200894761, "log10_alpha": 0.7968969133665249, "log10_colsample_bytree": -0.8663864962241824, "log10_eta": -0.17240401826182872, "log10_lambda": -4.322097009604366, "log10_min_child_weight": 2.3661483965055883, "log10_subsample": -0.39516817804116133, "max_depth": 2.0, "num_boost_round": 21.0}, "datetime": {"datetime": "2024-01-19 02:13:10", "elapsed": 7297.504562, "delta": 0.013565}}
{"target": -17.942536539553128, "params": {"gamma": 111.94725200894761, "log10_alpha": 0.7968969133665249, "log10_colsample_bytree": -0.8663864962241824, "log10_eta": -0.17240401826182872, "log10_lambda": -4.322097009604366, "log10_min_child_weight": 2.3661483965055883, "log10_subsample": -0.39516817804116133, "max_depth": 2.0, "num_boost_round": 22.0}, "datetime": {"datetime": "2024-01-19 02:13:10", "elapsed": 7297.512372, "delta": 0.00781}}
{"target": -18.154626000857174, "params": {"gamma": 111.94725200894761, "log10_alpha": 0.7968969133665249, "log10_colsample_bytree": -0.8663864962241824, "log10_eta": -0.17240401826182872, "log10_lambda": -4.322097009604366, "log10_min_child_weight": 2.3661483965055883, "log10_subsample": -0.39516817804116133, "max_depth": 2.0, "num_boost_round": 23.0}, "datetime": {"datetime": "2024-01-19 02:13:10", "elapsed": 7297.520169, "delta": 0.007797}}
{"target": -18.158826409579884, "params": {"gamma": 111.94725200894761, "log10_alpha": 0.7968969133665249, "log10_colsample_bytree": -0.8663864962241824, "log10_eta": -0.17240401826182872, "log10_lambda": -4.322097009604366, "log10_min_child_weight": 2.3661483965055883, "log10_subsample": -0.39516817804116133, "max_depth": 2.0, "num_boost_round": 24.0}, "datetime": {"datetime": "2024-01-19 02:13:10", "elapsed": 7297.527935, "delta": 0.007766}}
{"target": -18.14889964219101, "params": {"gamma": 111.94725200894761, "log10_alpha": 0.7968969133665249, "log10_colsample_bytree": -0.8663864962241824, "log10_eta": -0.17240401826182872, "log10_lambda": -4.322097009604366, "log10_min_child_weight": 2.3661483965055883, "log10_subsample": -0.39516817804116133, "max_depth": 2.0, "num_boost_round": 25.0}, "datetime": {"datetime": "2024-01-19 02:13:10", "elapsed": 7297.535685, "delta": 0.00775}}
{"target": -17.677231413358147, "params": {"gamma": 52.12672003971819, "log10_alpha": -4.672005075526423, "log10_colsample_bytree": -0.6488618815245775, "log10_eta": -3.3590452507083546, "log10_lambda": -4.568135706383829, "log10_min_child_weight": 4.827828347976283, "log10_subsample": -0.8787128031437358, "max_depth": 5.0, "num_boost_round": 0.0}, "datetime": {"datetime": "2024-01-19 02:15:35", "elapsed": 7442.735987, "delta": 145.200302}}
{"target": -17.677231275988916, "params": {"gamma": 52.12672003971819, "log10_alpha": -4.672005075526423, "log10_colsample_bytree": -0.6488618815245775, "log10_eta": -3.3590452507083546, "log10_lambda": -4.568135706383829, "log10_min_child_weight": 4.827828347976283, "log10_subsample": -0.8787128031437358, "max_depth": 5.0, "num_boost_round": 1.0}, "datetime": {"datetime": "2024-01-19 02:15:35", "elapsed": 7442.745303, "delta": 0.009316}}
{"target": -17.67723279337996, "params": {"gamma": 52.12672003971819, "log10_alpha": -4.672005075526423, "log10_colsample_bytree": -0.6488618815245775, "log10_eta": -3.3590452507083546, "log10_lambda": -4.568135706383829, "log10_min_child_weight": 4.827828347976283, "log10_subsample": -0.8787128031437358, "max_depth": 5.0, "num_boost_round": 2.0}, "datetime": {"datetime": "2024-01-19 02:15:35", "elapsed": 7442.752986, "delta": 0.007683}}
{"target": -17.677232396038512, "params": {"gamma": 52.12672003971819, "log10_alpha": -4.672005075526423, "log10_colsample_bytree": -0.6488618815245775, "log10_eta": -3.3590452507083546, "log10_lambda": -4.568135706383829, "log10_min_child_weight": 4.827828347976283, "log10_subsample": -0.8787128031437358, "max_depth": 5.0, "num_boost_round": 3.0}, "datetime": {"datetime": "2024-01-19 02:15:35", "elapsed": 7442.760493, "delta": 0.007507}}
{"target": -17.677232395242633, "params": {"gamma": 52.12672003971819, "log10_alpha": -4.672005075526423, "log10_colsample_bytree": -0.6488618815245775, "log10_eta": -3.3590452507083546, "log10_lambda": -4.568135706383829, "log10_min_child_weight": 4.827828347976283, "log10_subsample": -0.8787128031437358, "max_depth": 5.0, "num_boost_round": 4.0}, "datetime": {"datetime": "2024-01-19 02:15:35", "elapsed": 7442.768171, "delta": 0.007678}}
{"target": -17.67723232309895, "params": {"gamma": 52.12672003971819, "log10_alpha": -4.672005075526423, "log10_colsample_bytree": -0.6488618815245775, "log10_eta": -3.3590452507083546, "log10_lambda": -4.568135706383829, "log10_min_child_weight": 4.827828347976283, "log10_subsample": -0.8787128031437358, "max_depth": 5.0, "num_boost_round": 5.0}, "datetime": {"datetime": "2024-01-19 02:15:35", "elapsed": 7442.775827, "delta": 0.007656}}
{"target": -17.677229890595044, "params": {"gamma": 52.12672003971819, "log10_alpha": -4.672005075526423, "log10_colsample_bytree": -0.6488618815245775, "log10_eta": -3.3590452507083546, "log10_lambda": -4.568135706383829, "log10_min_child_weight": 4.827828347976283, "log10_subsample": -0.8787128031437358, "max_depth": 5.0, "num_boost_round": 6.0}, "datetime": {"datetime": "2024-01-19 02:15:35", "elapsed": 7442.783544, "delta": 0.007717}}
{"target": -17.677226983265133, "params": {"gamma": 52.12672003971819, "log10_alpha": -4.672005075526423, "log10_colsample_bytree": -0.6488618815245775, "log10_eta": -3.3590452507083546, "log10_lambda": -4.568135706383829, "log10_min_child_weight": 4.827828347976283, "log10_subsample": -0.8787128031437358, "max_depth": 5.0, "num_boost_round": 7.0}, "datetime": {"datetime": "2024-01-19 02:15:35", "elapsed": 7442.791154, "delta": 0.00761}}
{"target": -17.677227361873204, "params": {"gamma": 52.12672003971819, "log10_alpha": -4.672005075526423, "log10_colsample_bytree": -0.6488618815245775, "log10_eta": -3.3590452507083546, "log10_lambda": -4.568135706383829, "log10_min_child_weight": 4.827828347976283, "log10_subsample": -0.8787128031437358, "max_depth": 5.0, "num_boost_round": 8.0}, "datetime": {"datetime": "2024-01-19 02:15:35", "elapsed": 7442.798771, "delta": 0.007617}}
{"target": -17.67722583213361, "params": {"gamma": 52.12672003971819, "log10_alpha": -4.672005075526423, "log10_colsample_bytree": -0.6488618815245775, "log10_eta": -3.3590452507083546, "log10_lambda": -4.568135706383829, "log10_min_child_weight": 4.827828347976283, "log10_subsample": -0.8787128031437358, "max_depth": 5.0, "num_boost_round": 9.0}, "datetime": {"datetime": "2024-01-19 02:15:35", "elapsed": 7442.806598, "delta": 0.007827}}
{"target": -17.677223333199915, "params": {"gamma": 52.12672003971819, "log10_alpha": -4.672005075526423, "log10_colsample_bytree": -0.6488618815245775, "log10_eta": -3.3590452507083546, "log10_lambda": -4.568135706383829, "log10_min_child_weight": 4.827828347976283, "log10_subsample": -0.8787128031437358, "max_depth": 5.0, "num_boost_round": 10.0}, "datetime": {"datetime": "2024-01-19 02:15:35", "elapsed": 7442.814579, "delta": 0.007981}}
{"target": -17.677224004218132, "params": {"gamma": 52.12672003971819, "log10_alpha": -4.672005075526423, "log10_colsample_bytree": -0.6488618815245775, "log10_eta": -3.3590452507083546, "log10_lambda": -4.568135706383829, "log10_min_child_weight": 4.827828347976283, "log10_subsample": -0.8787128031437358, "max_depth": 5.0, "num_boost_round": 11.0}, "datetime": {"datetime": "2024-01-19 02:15:35", "elapsed": 7442.822305, "delta": 0.007726}}
{"target": -17.677224542427197, "params": {"gamma": 52.12672003971819, "log10_alpha": -4.672005075526423, "log10_colsample_bytree": -0.6488618815245775, "log10_eta": -3.3590452507083546, "log10_lambda": -4.568135706383829, "log10_min_child_weight": 4.827828347976283, "log10_subsample": -0.8787128031437358, "max_depth": 5.0, "num_boost_round": 12.0}, "datetime": {"datetime": "2024-01-19 02:15:35", "elapsed": 7442.829995, "delta": 0.00769}}
{"target": -17.67722432489955, "params": {"gamma": 52.12672003971819, "log10_alpha": -4.672005075526423, "log10_colsample_bytree": -0.6488618815245775, "log10_eta": -3.3590452507083546, "log10_lambda": -4.568135706383829, "log10_min_child_weight": 4.827828347976283, "log10_subsample": -0.8787128031437358, "max_depth": 5.0, "num_boost_round": 13.0}, "datetime": {"datetime": "2024-01-19 02:15:35", "elapsed": 7442.837654, "delta": 0.007659}}
{"target": -17.677223347915795, "params": {"gamma": 52.12672003971819, "log10_alpha": -4.672005075526423, "log10_colsample_bytree": -0.6488618815245775, "log10_eta": -3.3590452507083546, "log10_lambda": -4.568135706383829, "log10_min_child_weight": 4.827828347976283, "log10_subsample": -0.8787128031437358, "max_depth": 5.0, "num_boost_round": 14.0}, "datetime": {"datetime": "2024-01-19 02:15:35", "elapsed": 7442.845447, "delta": 0.007793}}
{"target": -17.677221627060806, "params": {"gamma": 52.12672003971819, "log10_alpha": -4.672005075526423, "log10_colsample_bytree": -0.6488618815245775, "log10_eta": -3.3590452507083546, "log10_lambda": -4.568135706383829, "log10_min_child_weight": 4.827828347976283, "log10_subsample": -0.8787128031437358, "max_depth": 5.0, "num_boost_round": 15.0}, "datetime": {"datetime": "2024-01-19 02:15:35", "elapsed": 7442.853128, "delta": 0.007681}}
{"target": -17.67721944985808, "params": {"gamma": 52.12672003971819, "log10_alpha": -4.672005075526423, "log10_colsample_bytree": -0.6488618815245775, "log10_eta": -3.3590452507083546, "log10_lambda": -4.568135706383829, "log10_min_child_weight": 4.827828347976283, "log10_subsample": -0.8787128031437358, "max_depth": 5.0, "num_boost_round": 16.0}, "datetime": {"datetime": "2024-01-19 02:15:35", "elapsed": 7442.860707, "delta": 0.007579}}
{"target": -17.677216987668444, "params": {"gamma": 52.12672003971819, "log10_alpha": -4.672005075526423, "log10_colsample_bytree": -0.6488618815245775, "log10_eta": -3.3590452507083546, "log10_lambda": -4.568135706383829, "log10_min_child_weight": 4.827828347976283, "log10_subsample": -0.8787128031437358, "max_depth": 5.0, "num_boost_round": 17.0}, "datetime": {"datetime": "2024-01-19 02:15:35", "elapsed": 7442.868679, "delta": 0.007972}}
{"target": -17.677212681484075, "params": {"gamma": 52.12672003971819, "log10_alpha": -4.672005075526423, "log10_colsample_bytree": -0.6488618815245775, "log10_eta": -3.3590452507083546, "log10_lambda": -4.568135706383829, "log10_min_child_weight": 4.827828347976283, "log10_subsample": -0.8787128031437358, "max_depth": 5.0, "num_boost_round": 18.0}, "datetime": {"datetime": "2024-01-19 02:15:35", "elapsed": 7442.876763, "delta": 0.008084}}
{"target": -17.677213230090608, "params": {"gamma": 52.12672003971819, "log10_alpha": -4.672005075526423, "log10_colsample_bytree": -0.6488618815245775, "log10_eta": -3.3590452507083546, "log10_lambda": -4.568135706383829, "log10_min_child_weight": 4.827828347976283, "log10_subsample": -0.8787128031437358, "max_depth": 5.0, "num_boost_round": 19.0}, "datetime": {"datetime": "2024-01-19 02:15:35", "elapsed": 7442.884795, "delta": 0.008032}}
{"target": -17.67721198380069, "params": {"gamma": 52.12672003971819, "log10_alpha": -4.672005075526423, "log10_colsample_bytree": -0.6488618815245775, "log10_eta": -3.3590452507083546, "log10_lambda": -4.568135706383829, "log10_min_child_weight": 4.827828347976283, "log10_subsample": -0.8787128031437358, "max_depth": 5.0, "num_boost_round": 20.0}, "datetime": {"datetime": "2024-01-19 02:15:35", "elapsed": 7442.892572, "delta": 0.007777}}
{"target": -17.677206723625122, "params": {"gamma": 52.12672003971819, "log10_alpha": -4.672005075526423, "log10_colsample_bytree": -0.6488618815245775, "log10_eta": -3.3590452507083546, "log10_lambda": -4.568135706383829, "log10_min_child_weight": 4.827828347976283, "log10_subsample": -0.8787128031437358, "max_depth": 5.0, "num_boost_round": 21.0}, "datetime": {"datetime": "2024-01-19 02:15:35", "elapsed": 7442.900091, "delta": 0.007519}}
{"target": -17.677201586424815, "params": {"gamma": 52.12672003971819, "log10_alpha": -4.672005075526423, "log10_colsample_bytree": -0.6488618815245775, "log10_eta": -3.3590452507083546, "log10_lambda": -4.568135706383829, "log10_min_child_weight": 4.827828347976283, "log10_subsample": -0.8787128031437358, "max_depth": 5.0, "num_boost_round": 22.0}, "datetime": {"datetime": "2024-01-19 02:15:35", "elapsed": 7442.907774, "delta": 0.007683}}
{"target": -17.67719686801468, "params": {"gamma": 52.12672003971819, "log10_alpha": -4.672005075526423, "log10_colsample_bytree": -0.6488618815245775, "log10_eta": -3.3590452507083546, "log10_lambda": -4.568135706383829, "log10_min_child_weight": 4.827828347976283, "log10_subsample": -0.8787128031437358, "max_depth": 5.0, "num_boost_round": 23.0}, "datetime": {"datetime": "2024-01-19 02:15:35", "elapsed": 7442.915504, "delta": 0.00773}}
{"target": -17.677196577708564, "params": {"gamma": 52.12672003971819, "log10_alpha": -4.672005075526423, "log10_colsample_bytree": -0.6488618815245775, "log10_eta": -3.3590452507083546, "log10_lambda": -4.568135706383829, "log10_min_child_weight": 4.827828347976283, "log10_subsample": -0.8787128031437358, "max_depth": 5.0, "num_boost_round": 24.0}, "datetime": {"datetime": "2024-01-19 02:15:35", "elapsed": 7442.923357, "delta": 0.007853}}
{"target": -17.67719408979805, "params": {"gamma": 52.12672003971819, "log10_alpha": -4.672005075526423, "log10_colsample_bytree": -0.6488618815245775, "log10_eta": -3.3590452507083546, "log10_lambda": -4.568135706383829, "log10_min_child_weight": 4.827828347976283, "log10_subsample": -0.8787128031437358, "max_depth": 5.0, "num_boost_round": 25.0}, "datetime": {"datetime": "2024-01-19 02:15:35", "elapsed": 7442.931498, "delta": 0.008141}}
{"target": -17.677194110032364, "params": {"gamma": 52.12672003971819, "log10_alpha": -4.672005075526423, "log10_colsample_bytree": -0.6488618815245775, "log10_eta": -3.3590452507083546, "log10_lambda": -4.568135706383829, "log10_min_child_weight": 4.827828347976283, "log10_subsample": -0.8787128031437358, "max_depth": 5.0, "num_boost_round": 26.0}, "datetime": {"datetime": "2024-01-19 02:15:35", "elapsed": 7442.939169, "delta": 0.007671}}
{"target": -17.677191099881778, "params": {"gamma": 52.12672003971819, "log10_alpha": -4.672005075526423, "log10_colsample_bytree": -0.6488618815245775, "log10_eta": -3.3590452507083546, "log10_lambda": -4.568135706383829, "log10_min_child_weight": 4.827828347976283, "log10_subsample": -0.8787128031437358, "max_depth": 5.0, "num_boost_round": 27.0}, "datetime": {"datetime": "2024-01-19 02:15:35", "elapsed": 7442.94708, "delta": 0.007911}}
{"target": -17.67718961552167, "params": {"gamma": 52.12672003971819, "log10_alpha": -4.672005075526423, "log10_colsample_bytree": -0.6488618815245775, "log10_eta": -3.3590452507083546, "log10_lambda": -4.568135706383829, "log10_min_child_weight": 4.827828347976283, "log10_subsample": -0.8787128031437358, "max_depth": 5.0, "num_boost_round": 28.0}, "datetime": {"datetime": "2024-01-19 02:15:35", "elapsed": 7442.954855, "delta": 0.007775}}
{"target": -17.6771848688674, "params": {"gamma": 52.12672003971819, "log10_alpha": -4.672005075526423, "log10_colsample_bytree": -0.6488618815245775, "log10_eta": -3.3590452507083546, "log10_lambda": -4.568135706383829, "log10_min_child_weight": 4.827828347976283, "log10_subsample": -0.8787128031437358, "max_depth": 5.0, "num_boost_round": 29.0}, "datetime": {"datetime": "2024-01-19 02:15:35", "elapsed": 7442.962457, "delta": 0.007602}}
{"target": -17.677181939161294, "params": {"gamma": 52.12672003971819, "log10_alpha": -4.672005075526423, "log10_colsample_bytree": -0.6488618815245775, "log10_eta": -3.3590452507083546, "log10_lambda": -4.568135706383829, "log10_min_child_weight": 4.827828347976283, "log10_subsample": -0.8787128031437358, "max_depth": 5.0, "num_boost_round": 30.0}, "datetime": {"datetime": "2024-01-19 02:15:35", "elapsed": 7442.970214, "delta": 0.007757}}
{"target": -17.677182926039144, "params": {"gamma": 52.12672003971819, "log10_alpha": -4.672005075526423, "log10_colsample_bytree": -0.6488618815245775, "log10_eta": -3.3590452507083546, "log10_lambda": -4.568135706383829, "log10_min_child_weight": 4.827828347976283, "log10_subsample": -0.8787128031437358, "max_depth": 5.0, "num_boost_round": 31.0}, "datetime": {"datetime": "2024-01-19 02:15:35", "elapsed": 7442.978044, "delta": 0.00783}}
{"target": -17.677181695489196, "params": {"gamma": 52.12672003971819, "log10_alpha": -4.672005075526423, "log10_colsample_bytree": -0.6488618815245775, "log10_eta": -3.3590452507083546, "log10_lambda": -4.568135706383829, "log10_min_child_weight": 4.827828347976283, "log10_subsample": -0.8787128031437358, "max_depth": 5.0, "num_boost_round": 32.0}, "datetime": {"datetime": "2024-01-19 02:15:35", "elapsed": 7443.112753, "delta": 0.134709}}
{"target": -17.677180131108674, "params": {"gamma": 52.12672003971819, "log10_alpha": -4.672005075526423, "log10_colsample_bytree": -0.6488618815245775, "log10_eta": -3.3590452507083546, "log10_lambda": -4.568135706383829, "log10_min_child_weight": 4.827828347976283, "log10_subsample": -0.8787128031437358, "max_depth": 5.0, "num_boost_round": 33.0}, "datetime": {"datetime": "2024-01-19 02:15:35", "elapsed": 7443.121122, "delta": 0.008369}}
