{"target": -13.75831267470587, "params": {"gamma": 712.4499686556667, "log10_alpha": 0.3220601968634833, "log10_colsample_bytree": -0.48663973900166246, "log10_eta": -2.218635682409239, "log10_lambda": -4.797734156416518, "log10_min_child_weight": 3.271464971130775, "log10_subsample": -0.3725247096685238, "max_depth": 4.0, "num_boost_round": 3.0}, "datetime": {"datetime": "2024-01-19 01:10:54", "elapsed": 3553.982157, "delta": 0.003795}}
{"target": -13.758226294465398, "params": {"gamma": 712.4499686556667, "log10_alpha": 0.3220601968634833, "log10_colsample_bytree": -0.48663973900166246, "log10_eta": -2.218635682409239, "log10_lambda": -4.797734156416518, "log10_min_child_weight": 3.271464971130775, "log10_subsample": -0.3725247096685238, "max_depth": 4.0, "num_boost_round": 4.0}, "datetime": {"datetime": "2024-01-19 01:10:54", "elapsed": 3553.986112, "delta": 0.003955}}
{"target": -13.75831372874728, "params": {"gamma": 712.4499686556667, "log10_alpha": 0.3220601968634833, "log10_colsample_bytree": -0.48663973900166246, "log10_eta": -2.218635682409239, "log10_lambda": -4.797734156416518, "log10_min_child_weight": 3.271464971130775, "log10_subsample": -0.3725247096685238, "max_depth": 4.0, "num_boost_round": 5.0}, "datetime": {"datetime": "2024-01-19 01:10:55", "elapsed": 3554.12209, "delta": 0.135978}}
{"target": -13.75834611317783, "params": {"gamma": 712.4499686556667, "log10_alpha": 0.3220601968634833, "log10_colsample_bytree": -0.48663973900166246, "log10_eta": -2.218635682409239, "log10_lambda": -4.797734156416518, "log10_min_child_weight": 3.271464971130775, "log10_subsample": -0.3725247096685238, "max_depth": 4.0, "num_boost_round": 6.0}, "datetime": {"datetime": "2024-01-19 01:10:55", "elapsed": 3554.126461, "delta": 0.004371}}
{"target": -13.758370243834676, "params": {"gamma": 712.4499686556667, "log10_alpha": 0.3220601968634833, "log10_colsample_bytree": -0.48663973900166246, "log10_eta": -2.218635682409239, "log10_lambda": -4.797734156416518, "log10_min_child_weight": 3.271464971130775, "log10_subsample": -0.3725247096685238, "max_depth": 4.0, "num_boost_round": 7.0}, "datetime": {"datetime": "2024-01-19 01:10:55", "elapsed": 3554.130679, "delta": 0.004218}}
{"target": -13.758353207870183, "params": {"gamma": 712.4499686556667, "log10_alpha": 0.3220601968634833, "log10_colsample_bytree": -0.48663973900166246, "log10_eta": -2.218635682409239, "log10_lambda": -4.797734156416518, "log10_min_child_weight": 3.271464971130775, "log10_subsample": -0.3725247096685238, "max_depth": 4.0, "num_boost_round": 8.0}, "datetime": {"datetime": "2024-01-19 01:10:55", "elapsed": 3554.134798, "delta": 0.004119}}
{"target": -13.758308902652125, "params": {"gamma": 712.4499686556667, "log10_alpha": 0.3220601968634833, "log10_colsample_bytree": -0.48663973900166246, "log10_eta": -2.218635682409239, "log10_lambda": -4.797734156416518, "log10_min_child_weight": 3.271464971130775, "log10_subsample": -0.3725247096685238, "max_depth": 4.0, "num_boost_round": 9.0}, "datetime": {"datetime": "2024-01-19 01:10:55", "elapsed": 3554.138709, "delta": 0.003911}}
{"target": -13.75820171955724, "params": {"gamma": 712.4499686556667, "log10_alpha": 0.3220601968634833, "log10_colsample_bytree": -0.48663973900166246, "log10_eta": -2.218635682409239, "log10_lambda": -4.797734156416518, "log10_min_child_weight": 3.271464971130775, "log10_subsample": -0.3725247096685238, "max_depth": 4.0, "num_boost_round": 10.0}, "datetime": {"datetime": "2024-01-19 01:10:55", "elapsed": 3554.146836, "delta": 0.008127}}
{"target": -13.758040263544512, "params": {"gamma": 712.4499686556667, "log10_alpha": 0.3220601968634833, "log10_colsample_bytree": -0.48663973900166246, "log10_eta": -2.218635682409239, "log10_lambda": -4.797734156416518, "log10_min_child_weight": 3.271464971130775, "log10_subsample": -0.3725247096685238, "max_depth": 4.0, "num_boost_round": 11.0}, "datetime": {"datetime": "2024-01-19 01:10:55", "elapsed": 3554.151061, "delta": 0.004225}}
{"target": -13.758067807778453, "params": {"gamma": 712.4499686556667, "log10_alpha": 0.3220601968634833, "log10_colsample_bytree": -0.48663973900166246, "log10_eta": -2.218635682409239, "log10_lambda": -4.797734156416518, "log10_min_child_weight": 3.271464971130775, "log10_subsample": -0.3725247096685238, "max_depth": 4.0, "num_boost_round": 12.0}, "datetime": {"datetime": "2024-01-19 01:10:55", "elapsed": 3554.155175, "delta": 0.004114}}
{"target": -13.758087125153182, "params": {"gamma": 712.4499686556667, "log10_alpha": 0.3220601968634833, "log10_colsample_bytree": -0.48663973900166246, "log10_eta": -2.218635682409239, "log10_lambda": -4.797734156416518, "log10_min_child_weight": 3.271464971130775, "log10_subsample": -0.3725247096685238, "max_depth": 4.0, "num_boost_round": 13.0}, "datetime": {"datetime": "2024-01-19 01:10:55", "elapsed": 3554.159302, "delta": 0.004127}}
{"target": -13.758004748624124, "params": {"gamma": 712.4499686556667, "log10_alpha": 0.3220601968634833, "log10_colsample_bytree": -0.48663973900166246, "log10_eta": -2.218635682409239, "log10_lambda": -4.797734156416518, "log10_min_child_weight": 3.271464971130775, "log10_subsample": -0.3725247096685238, "max_depth": 4.0, "num_boost_round": 14.0}, "datetime": {"datetime": "2024-01-19 01:10:55", "elapsed": 3554.163296, "delta": 0.003994}}
{"target": -13.757816932698839, "params": {"gamma": 712.4499686556667, "log10_alpha": 0.3220601968634833, "log10_colsample_bytree": -0.48663973900166246, "log10_eta": -2.218635682409239, "log10_lambda": -4.797734156416518, "log10_min_child_weight": 3.271464971130775, "log10_subsample": -0.3725247096685238, "max_depth": 4.0, "num_boost_round": 15.0}, "datetime": {"datetime": "2024-01-19 01:10:55", "elapsed": 3554.167296, "delta": 0.004}}
{"target": -13.757769941818816, "params": {"gamma": 712.4499686556667, "log10_alpha": 0.3220601968634833, "log10_colsample_bytree": -0.48663973900166246, "log10_eta": -2.218635682409239, "log10_lambda": -4.797734156416518, "log10_min_child_weight": 3.271464971130775, "log10_subsample": -0.3725247096685238, "max_depth": 4.0, "num_boost_round": 16.0}, "datetime": {"datetime": "2024-01-19 01:10:55", "elapsed": 3554.17119, "delta": 0.003894}}
{"target": -13.757864451175074, "params": {"gamma": 712.4499686556667, "log10_alpha": 0.3220601968634833, "log10_colsample_bytree": -0.48663973900166246, "log10_eta": -2.218635682409239, "log10_lambda": -4.797734156416518, "log10_min_child_weight": 3.271464971130775, "log10_subsample": -0.3725247096685238, "max_depth": 4.0, "num_boost_round": 17.0}, "datetime": {"datetime": "2024-01-19 01:10:55", "elapsed": 3554.17506, "delta": 0.00387}}
{"target": -13.757889916740405, "params": {"gamma": 712.4499686556667, "log10_alpha": 0.3220601968634833, "log10_colsample_bytree": -0.48663973900166246, "log10_eta": -2.218635682409239, "log10_lambda": -4.797734156416518, "log10_min_child_weight": 3.271464971130775, "log10_subsample": -0.3725247096685238, "max_depth": 4.0, "num_boost_round": 18.0}, "datetime": {"datetime": "2024-01-19 01:10:55", "elapsed": 3554.178999, "delta": 0.003939}}
{"target": -13.75781294769282, "params": {"gamma": 712.4499686556667, "log10_alpha": 0.3220601968634833, "log10_colsample_bytree": -0.48663973900166246, "log10_eta": -2.218635682409239, "log10_lambda": -4.797734156416518, "log10_min_child_weight": 3.271464971130775, "log10_subsample": -0.3725247096685238, "max_depth": 4.0, "num_boost_round": 19.0}, "datetime": {"datetime": "2024-01-19 01:10:55", "elapsed": 3554.182929, "delta": 0.00393}}
{"target": -13.757737827907862, "params": {"gamma": 712.4499686556667, "log10_alpha": 0.3220601968634833, "log10_colsample_bytree": -0.48663973900166246, "log10_eta": -2.218635682409239, "log10_lambda": -4.797734156416518, "log10_min_child_weight": 3.271464971130775, "log10_subsample": -0.3725247096685238, "max_depth": 4.0, "num_boost_round": 20.0}, "datetime": {"datetime": "2024-01-19 01:10:55", "elapsed": 3554.186902, "delta": 0.003973}}
{"target": -13.75779070957824, "params": {"gamma": 712.4499686556667, "log10_alpha": 0.3220601968634833, "log10_colsample_bytree": -0.48663973900166246, "log10_eta": -2.218635682409239, "log10_lambda": -4.797734156416518, "log10_min_child_weight": 3.271464971130775, "log10_subsample": -0.3725247096685238, "max_depth": 4.0, "num_boost_round": 21.0}, "datetime": {"datetime": "2024-01-19 01:10:55", "elapsed": 3554.190899, "delta": 0.003997}}
{"target": -13.75778014438891, "params": {"gamma": 712.4499686556667, "log10_alpha": 0.3220601968634833, "log10_colsample_bytree": -0.48663973900166246, "log10_eta": -2.218635682409239, "log10_lambda": -4.797734156416518, "log10_min_child_weight": 3.271464971130775, "log10_subsample": -0.3725247096685238, "max_depth": 4.0, "num_boost_round": 22.0}, "datetime": {"datetime": "2024-01-19 01:10:55", "elapsed": 3554.194758, "delta": 0.003859}}
{"target": -13.757669769374395, "params": {"gamma": 712.4499686556667, "log10_alpha": 0.3220601968634833, "log10_colsample_bytree": -0.48663973900166246, "log10_eta": -2.218635682409239, "log10_lambda": -4.797734156416518, "log10_min_child_weight": 3.271464971130775, "log10_subsample": -0.3725247096685238, "max_depth": 4.0, "num_boost_round": 23.0}, "datetime": {"datetime": "2024-01-19 01:10:55", "elapsed": 3554.198746, "delta": 0.003988}}
{"target": -13.757699333521742, "params": {"gamma": 712.4499686556667, "log10_alpha": 0.3220601968634833, "log10_colsample_bytree": -0.48663973900166246, "log10_eta": -2.218635682409239, "log10_lambda": -4.797734156416518, "log10_min_child_weight": 3.271464971130775, "log10_subsample": -0.3725247096685238, "max_depth": 4.0, "num_boost_round": 24.0}, "datetime": {"datetime": "2024-01-19 01:10:55", "elapsed": 3554.202712, "delta": 0.003966}}
{"target": -13.757617880627471, "params": {"gamma": 712.4499686556667, "log10_alpha": 0.3220601968634833, "log10_colsample_bytree": -0.48663973900166246, "log10_eta": -2.218635682409239, "log10_lambda": -4.797734156416518, "log10_min_child_weight": 3.271464971130775, "log10_subsample": -0.3725247096685238, "max_depth": 4.0, "num_boost_round": 25.0}, "datetime": {"datetime": "2024-01-19 01:10:55", "elapsed": 3554.20672, "delta": 0.004008}}
{"target": -13.757597113641234, "params": {"gamma": 712.4499686556667, "log10_alpha": 0.3220601968634833, "log10_colsample_bytree": -0.48663973900166246, "log10_eta": -2.218635682409239, "log10_lambda": -4.797734156416518, "log10_min_child_weight": 3.271464971130775, "log10_subsample": -0.3725247096685238, "max_depth": 4.0, "num_boost_round": 26.0}, "datetime": {"datetime": "2024-01-19 01:10:55", "elapsed": 3554.210745, "delta": 0.004025}}
{"target": -13.7575069677439, "params": {"gamma": 712.4499686556667, "log10_alpha": 0.3220601968634833, "log10_colsample_bytree": -0.48663973900166246, "log10_eta": -2.218635682409239, "log10_lambda": -4.797734156416518, "log10_min_child_weight": 3.271464971130775, "log10_subsample": -0.3725247096685238, "max_depth": 4.0, "num_boost_round": 27.0}, "datetime": {"datetime": "2024-01-19 01:10:55", "elapsed": 3554.214752, "delta": 0.004007}}
{"target": -13.757528781074381, "params": {"gamma": 712.4499686556667, "log10_alpha": 0.3220601968634833, "log10_colsample_bytree": -0.48663973900166246, "log10_eta": -2.218635682409239, "log10_lambda": -4.797734156416518, "log10_min_child_weight": 3.271464971130775, "log10_subsample": -0.3725247096685238, "max_depth": 4.0, "num_boost_round": 28.0}, "datetime": {"datetime": "2024-01-19 01:10:55", "elapsed": 3554.218637, "delta": 0.003885}}
{"target": -13.757446195865144, "params": {"gamma": 712.4499686556667, "log10_alpha": 0.3220601968634833, "log10_colsample_bytree": -0.48663973900166246, "log10_eta": -2.218635682409239, "log10_lambda": -4.797734156416518, "log10_min_child_weight": 3.271464971130775, "log10_subsample": -0.3725247096685238, "max_depth": 4.0, "num_boost_round": 29.0}, "datetime": {"datetime": "2024-01-19 01:10:55", "elapsed": 3554.222591, "delta": 0.003954}}
{"target": -13.757347338063008, "params": {"gamma": 712.4499686556667, "log10_alpha": 0.3220601968634833, "log10_colsample_bytree": -0.48663973900166246, "log10_eta": -2.218635682409239, "log10_lambda": -4.797734156416518, "log10_min_child_weight": 3.271464971130775, "log10_subsample": -0.3725247096685238, "max_depth": 4.0, "num_boost_round": 30.0}, "datetime": {"datetime": "2024-01-19 01:10:55", "elapsed": 3554.226563, "delta": 0.003972}}
{"target": -13.757151004175595, "params": {"gamma": 712.4499686556667, "log10_alpha": 0.3220601968634833, "log10_colsample_bytree": -0.48663973900166246, "log10_eta": -2.218635682409239, "log10_lambda": -4.797734156416518, "log10_min_child_weight": 3.271464971130775, "log10_subsample": -0.3725247096685238, "max_depth": 4.0, "num_boost_round": 31.0}, "datetime": {"datetime": "2024-01-19 01:10:55", "elapsed": 3554.230543, "delta": 0.00398}}
{"target": -13.757048140311236, "params": {"gamma": 712.4499686556667, "log10_alpha": 0.3220601968634833, "log10_colsample_bytree": -0.48663973900166246, "log10_eta": -2.218635682409239, "log10_lambda": -4.797734156416518, "log10_min_child_weight": 3.271464971130775, "log10_subsample": -0.3725247096685238, "max_depth": 4.0, "num_boost_round": 32.0}, "datetime": {"datetime": "2024-01-19 01:10:55", "elapsed": 3554.234497, "delta": 0.003954}}
{"target": -13.75706757699256, "params": {"gamma": 712.4499686556667, "log10_alpha": 0.3220601968634833, "log10_colsample_bytree": -0.48663973900166246, "log10_eta": -2.218635682409239, "log10_lambda": -4.797734156416518, "log10_min_child_weight": 3.271464971130775, "log10_subsample": -0.3725247096685238, "max_depth": 4.0, "num_boost_round": 33.0}, "datetime": {"datetime": "2024-01-19 01:10:55", "elapsed": 3554.238436, "delta": 0.003939}}
{"target": -13.75710273258792, "params": {"gamma": 712.4499686556667, "log10_alpha": 0.3220601968634833, "log10_colsample_bytree": -0.48663973900166246, "log10_eta": -2.218635682409239, "log10_lambda": -4.797734156416518, "log10_min_child_weight": 3.271464971130775, "log10_subsample": -0.3725247096685238, "max_depth": 4.0, "num_boost_round": 34.0}, "datetime": {"datetime": "2024-01-19 01:10:55", "elapsed": 3554.242303, "delta": 0.003867}}
{"target": -13.757299515724565, "params": {"gamma": 712.4499686556667, "log10_alpha": 0.3220601968634833, "log10_colsample_bytree": -0.48663973900166246, "log10_eta": -2.218635682409239, "log10_lambda": -4.797734156416518, "log10_min_child_weight": 3.271464971130775, "log10_subsample": -0.3725247096685238, "max_depth": 4.0, "num_boost_round": 35.0}, "datetime": {"datetime": "2024-01-19 01:10:55", "elapsed": 3554.246261, "delta": 0.003958}}
{"target": -13.75734963134366, "params": {"gamma": 712.4499686556667, "log10_alpha": 0.3220601968634833, "log10_colsample_bytree": -0.48663973900166246, "log10_eta": -2.218635682409239, "log10_lambda": -4.797734156416518, "log10_min_child_weight": 3.271464971130775, "log10_subsample": -0.3725247096685238, "max_depth": 4.0, "num_boost_round": 36.0}, "datetime": {"datetime": "2024-01-19 01:10:55", "elapsed": 3554.250137, "delta": 0.003876}}
{"target": -13.757493280951643, "params": {"gamma": 712.4499686556667, "log10_alpha": 0.3220601968634833, "log10_colsample_bytree": -0.48663973900166246, "log10_eta": -2.218635682409239, "log10_lambda": -4.797734156416518, "log10_min_child_weight": 3.271464971130775, "log10_subsample": -0.3725247096685238, "max_depth": 4.0, "num_boost_round": 37.0}, "datetime": {"datetime": "2024-01-19 01:10:55", "elapsed": 3554.254221, "delta": 0.004084}}
{"target": -13.757418886164787, "params": {"gamma": 712.4499686556667, "log10_alpha": 0.3220601968634833, "log10_colsample_bytree": -0.48663973900166246, "log10_eta": -2.218635682409239, "log10_lambda": -4.797734156416518, "log10_min_child_weight": 3.271464971130775, "log10_subsample": -0.3725247096685238, "max_depth": 4.0, "num_boost_round": 38.0}, "datetime": {"datetime": "2024-01-19 01:10:55", "elapsed": 3554.258188, "delta": 0.003967}}
{"target": -13.757329456432393, "params": {"gamma": 712.4499686556667, "log10_alpha": 0.3220601968634833, "log10_colsample_bytree": -0.48663973900166246, "log10_eta": -2.218635682409239, "log10_lambda": -4.797734156416518, "log10_min_child_weight": 3.271464971130775, "log10_subsample": -0.3725247096685238, "max_depth": 4.0, "num_boost_round": 39.0}, "datetime": {"datetime": "2024-01-19 01:10:55", "elapsed": 3554.262159, "delta": 0.003971}}
{"target": -13.757431041326607, "params": {"gamma": 712.4499686556667, "log10_alpha": 0.3220601968634833, "log10_colsample_bytree": -0.48663973900166246, "log10_eta": -2.218635682409239, "log10_lambda": -4.797734156416518, "log10_min_child_weight": 3.271464971130775, "log10_subsample": -0.3725247096685238, "max_depth": 4.0, "num_boost_round": 40.0}, "datetime": {"datetime": "2024-01-19 01:10:55", "elapsed": 3554.266159, "delta": 0.004}}
{"target": -13.75738290917837, "params": {"gamma": 712.4499686556667, "log10_alpha": 0.3220601968634833, "log10_colsample_bytree": -0.48663973900166246, "log10_eta": -2.218635682409239, "log10_lambda": -4.797734156416518, "log10_min_child_weight": 3.271464971130775, "log10_subsample": -0.3725247096685238, "max_depth": 4.0, "num_boost_round": 41.0}, "datetime": {"datetime": "2024-01-19 01:10:55", "elapsed": 3554.270104, "delta": 0.003945}}
{"target": -13.757360896626453, "params": {"gamma": 712.4499686556667, "log10_alpha": 0.3220601968634833, "log10_colsample_bytree": -0.48663973900166246, "log10_eta": -2.218635682409239, "log10_lambda": -4.797734156416518, "log10_min_child_weight": 3.271464971130775, "log10_subsample": -0.3725247096685238, "max_depth": 4.0, "num_boost_round": 42.0}, "datetime": {"datetime": "2024-01-19 01:10:55", "elapsed": 3554.275036, "delta": 0.004932}}
{"target": -13.75739211295662, "params": {"gamma": 712.4499686556667, "log10_alpha": 0.3220601968634833, "log10_colsample_bytree": -0.48663973900166246, "log10_eta": -2.218635682409239, "log10_lambda": -4.797734156416518, "log10_min_child_weight": 3.271464971130775, "log10_subsample": -0.3725247096685238, "max_depth": 4.0, "num_boost_round": 43.0}, "datetime": {"datetime": "2024-01-19 01:10:55", "elapsed": 3554.279133, "delta": 0.004097}}
{"target": -13.757375320415125, "params": {"gamma": 712.4499686556667, "log10_alpha": 0.3220601968634833, "log10_colsample_bytree": -0.48663973900166246, "log10_eta": -2.218635682409239, "log10_lambda": -4.797734156416518, "log10_min_child_weight": 3.271464971130775, "log10_subsample": -0.3725247096685238, "max_depth": 4.0, "num_boost_round": 44.0}, "datetime": {"datetime": "2024-01-19 01:10:55", "elapsed": 3554.28315, "delta": 0.004017}}
{"target": -13.757448198225102, "params": {"gamma": 712.4499686556667, "log10_alpha": 0.3220601968634833, "log10_colsample_bytree": -0.48663973900166246, "log10_eta": -2.218635682409239, "log10_lambda": -4.797734156416518, "log10_min_child_weight": 3.271464971130775, "log10_subsample": -0.3725247096685238, "max_depth": 4.0, "num_boost_round": 45.0}, "datetime": {"datetime": "2024-01-19 01:10:55", "elapsed": 3554.287218, "delta": 0.004068}}
{"target": -13.757375600194298, "params": {"gamma": 712.4499686556667, "log10_alpha": 0.3220601968634833, "log10_colsample_bytree": -0.48663973900166246, "log10_eta": -2.218635682409239, "log10_lambda": -4.797734156416518, "log10_min_child_weight": 3.271464971130775, "log10_subsample": -0.3725247096685238, "max_depth": 4.0, "num_boost_round": 46.0}, "datetime": {"datetime": "2024-01-19 01:10:55", "elapsed": 3554.291154, "delta": 0.003936}}
{"target": -13.757349640222598, "params": {"gamma": 712.4499686556667, "log10_alpha": 0.3220601968634833, "log10_colsample_bytree": -0.48663973900166246, "log10_eta": -2.218635682409239, "log10_lambda": -4.797734156416518, "log10_min_child_weight": 3.271464971130775, "log10_subsample": -0.3725247096685238, "max_depth": 4.0, "num_boost_round": 47.0}, "datetime": {"datetime": "2024-01-19 01:10:55", "elapsed": 3554.295114, "delta": 0.00396}}
{"target": -13.75741313421374, "params": {"gamma": 712.4499686556667, "log10_alpha": 0.3220601968634833, "log10_colsample_bytree": -0.48663973900166246, "log10_eta": -2.218635682409239, "log10_lambda": -4.797734156416518, "log10_min_child_weight": 3.271464971130775, "log10_subsample": -0.3725247096685238, "max_depth": 4.0, "num_boost_round": 48.0}, "datetime": {"datetime": "2024-01-19 01:10:55", "elapsed": 3554.299009, "delta": 0.003895}}
{"target": -13.7572962379221, "params": {"gamma": 712.4499686556667, "log10_alpha": 0.3220601968634833, "log10_colsample_bytree": -0.48663973900166246, "log10_eta": -2.218635682409239, "log10_lambda": -4.797734156416518, "log10_min_child_weight": 3.271464971130775, "log10_subsample": -0.3725247096685238, "max_depth": 4.0, "num_boost_round": 49.0}, "datetime": {"datetime": "2024-01-19 01:10:55", "elapsed": 3554.303066, "delta": 0.004057}}
{"target": -13.757284933725668, "params": {"gamma": 712.4499686556667, "log10_alpha": 0.3220601968634833, "log10_colsample_bytree": -0.48663973900166246, "log10_eta": -2.218635682409239, "log10_lambda": -4.797734156416518, "log10_min_child_weight": 3.271464971130775, "log10_subsample": -0.3725247096685238, "max_depth": 4.0, "num_boost_round": 50.0}, "datetime": {"datetime": "2024-01-19 01:10:55", "elapsed": 3554.307066, "delta": 0.004}}
{"target": -13.757304275002989, "params": {"gamma": 712.4499686556667, "log10_alpha": 0.3220601968634833, "log10_colsample_bytree": -0.48663973900166246, "log10_eta": -2.218635682409239, "log10_lambda": -4.797734156416518, "log10_min_child_weight": 3.271464971130775, "log10_subsample": -0.3725247096685238, "max_depth": 4.0, "num_boost_round": 51.0}, "datetime": {"datetime": "2024-01-19 01:10:55", "elapsed": 3554.311023, "delta": 0.003957}}
