{"target": -13.75850316715265, "params": {"gamma": 27.835436527418935, "log10_alpha": -1.2596479720000602, "log10_colsample_bytree": -0.614267168239388, "log10_eta": -2.8448919639505963, "log10_lambda": -2.856642155630218, "log10_min_child_weight": 4.777337852668857, "log10_subsample": -0.6145051639405811, "max_depth": 9.0, "num_boost_round": 10.0}, "datetime": {"datetime": "2024-01-19 01:40:01", "elapsed": 5309.527887, "delta": 0.004576}}
{"target": -13.758497599893232, "params": {"gamma": 27.835436527418935, "log10_alpha": -1.2596479720000602, "log10_colsample_bytree": -0.614267168239388, "log10_eta": -2.8448919639505963, "log10_lambda": -2.856642155630218, "log10_min_child_weight": 4.777337852668857, "log10_subsample": -0.6145051639405811, "max_depth": 9.0, "num_boost_round": 11.0}, "datetime": {"datetime": "2024-01-19 01:40:01", "elapsed": 5309.532642, "delta": 0.004755}}
{"target": -13.758504671041196, "params": {"gamma": 27.835436527418935, "log10_alpha": -1.2596479720000602, "log10_colsample_bytree": -0.614267168239388, "log10_eta": -2.8448919639505963, "log10_lambda": -2.856642155630218, "log10_min_child_weight": 4.777337852668857, "log10_subsample": -0.6145051639405811, "max_depth": 9.0, "num_boost_round": 12.0}, "datetime": {"datetime": "2024-01-19 01:40:01", "elapsed": 5309.537406, "delta": 0.004764}}
{"target": -13.758499140803082, "params": {"gamma": 27.835436527418935, "log10_alpha": -1.2596479720000602, "log10_colsample_bytree": -0.614267168239388, "log10_eta": -2.8448919639505963, "log10_lambda": -2.856642155630218, "log10_min_child_weight": 4.777337852668857, "log10_subsample": -0.6145051639405811, "max_depth": 9.0, "num_boost_round": 13.0}, "datetime": {"datetime": "2024-01-19 01:40:01", "elapsed": 5309.541997, "delta": 0.004591}}
{"target": -13.7584980962105, "params": {"gamma": 27.835436527418935, "log10_alpha": -1.2596479720000602, "log10_colsample_bytree": -0.614267168239388, "log10_eta": -2.8448919639505963, "log10_lambda": -2.856642155630218, "log10_min_child_weight": 4.777337852668857, "log10_subsample": -0.6145051639405811, "max_depth": 9.0, "num_boost_round": 14.0}, "datetime": {"datetime": "2024-01-19 01:40:01", "elapsed": 5309.546615, "delta": 0.004618}}
{"target": -13.75849191180164, "params": {"gamma": 27.835436527418935, "log10_alpha": -1.2596479720000602, "log10_colsample_bytree": -0.614267168239388, "log10_eta": -2.8448919639505963, "log10_lambda": -2.856642155630218, "log10_min_child_weight": 4.777337852668857, "log10_subsample": -0.6145051639405811, "max_depth": 9.0, "num_boost_round": 15.0}, "datetime": {"datetime": "2024-01-19 01:40:01", "elapsed": 5309.551361, "delta": 0.004746}}
{"target": -13.758486704219992, "params": {"gamma": 27.835436527418935, "log10_alpha": -1.2596479720000602, "log10_colsample_bytree": -0.614267168239388, "log10_eta": -2.8448919639505963, "log10_lambda": -2.856642155630218, "log10_min_child_weight": 4.777337852668857, "log10_subsample": -0.6145051639405811, "max_depth": 9.0, "num_boost_round": 16.0}, "datetime": {"datetime": "2024-01-19 01:40:01", "elapsed": 5309.556063, "delta": 0.004702}}
{"target": -13.758481583244924, "params": {"gamma": 27.835436527418935, "log10_alpha": -1.2596479720000602, "log10_colsample_bytree": -0.614267168239388, "log10_eta": -2.8448919639505963, "log10_lambda": -2.856642155630218, "log10_min_child_weight": 4.777337852668857, "log10_subsample": -0.6145051639405811, "max_depth": 9.0, "num_boost_round": 17.0}, "datetime": {"datetime": "2024-01-19 01:40:01", "elapsed": 5309.560633, "delta": 0.00457}}
{"target": -13.758473933949519, "params": {"gamma": 27.835436527418935, "log10_alpha": -1.2596479720000602, "log10_colsample_bytree": -0.614267168239388, "log10_eta": -2.8448919639505963, "log10_lambda": -2.856642155630218, "log10_min_child_weight": 4.777337852668857, "log10_subsample": -0.6145051639405811, "max_depth": 9.0, "num_boost_round": 18.0}, "datetime": {"datetime": "2024-01-19 01:40:01", "elapsed": 5309.565261, "delta": 0.004628}}
{"target": -13.75846173596737, "params": {"gamma": 27.835436527418935, "log10_alpha": -1.2596479720000602, "log10_colsample_bytree": -0.614267168239388, "log10_eta": -2.8448919639505963, "log10_lambda": -2.856642155630218, "log10_min_child_weight": 4.777337852668857, "log10_subsample": -0.6145051639405811, "max_depth": 9.0, "num_boost_round": 19.0}, "datetime": {"datetime": "2024-01-19 01:40:01", "elapsed": 5309.569982, "delta": 0.004721}}
{"target": -13.758464953352648, "params": {"gamma": 27.835436527418935, "log10_alpha": -1.2596479720000602, "log10_colsample_bytree": -0.614267168239388, "log10_eta": -2.8448919639505963, "log10_lambda": -2.856642155630218, "log10_min_child_weight": 4.777337852668857, "log10_subsample": -0.6145051639405811, "max_depth": 9.0, "num_boost_round": 20.0}, "datetime": {"datetime": "2024-01-19 01:40:01", "elapsed": 5309.57467, "delta": 0.004688}}
{"target": -13.758461674525641, "params": {"gamma": 27.835436527418935, "log10_alpha": -1.2596479720000602, "log10_colsample_bytree": -0.614267168239388, "log10_eta": -2.8448919639505963, "log10_lambda": -2.856642155630218, "log10_min_child_weight": 4.777337852668857, "log10_subsample": -0.6145051639405811, "max_depth": 9.0, "num_boost_round": 21.0}, "datetime": {"datetime": "2024-01-19 01:40:01", "elapsed": 5309.579307, "delta": 0.004637}}
{"target": -13.75845538830151, "params": {"gamma": 27.835436527418935, "log10_alpha": -1.2596479720000602, "log10_colsample_bytree": -0.614267168239388, "log10_eta": -2.8448919639505963, "log10_lambda": -2.856642155630218, "log10_min_child_weight": 4.777337852668857, "log10_subsample": -0.6145051639405811, "max_depth": 9.0, "num_boost_round": 22.0}, "datetime": {"datetime": "2024-01-19 01:40:01", "elapsed": 5309.584042, "delta": 0.004735}}
{"target": -13.758445061175705, "params": {"gamma": 27.835436527418935, "log10_alpha": -1.2596479720000602, "log10_colsample_bytree": -0.614267168239388, "log10_eta": -2.8448919639505963, "log10_lambda": -2.856642155630218, "log10_min_child_weight": 4.777337852668857, "log10_subsample": -0.6145051639405811, "max_depth": 9.0, "num_boost_round": 23.0}, "datetime": {"datetime": "2024-01-19 01:40:01", "elapsed": 5309.588752, "delta": 0.00471}}
{"target": -13.75844150695086, "params": {"gamma": 27.835436527418935, "log10_alpha": -1.2596479720000602, "log10_colsample_bytree": -0.614267168239388, "log10_eta": -2.8448919639505963, "log10_lambda": -2.856642155630218, "log10_min_child_weight": 4.777337852668857, "log10_subsample": -0.6145051639405811, "max_depth": 9.0, "num_boost_round": 24.0}, "datetime": {"datetime": "2024-01-19 01:40:01", "elapsed": 5309.59348, "delta": 0.004728}}
{"target": -13.758439972001973, "params": {"gamma": 27.835436527418935, "log10_alpha": -1.2596479720000602, "log10_colsample_bytree": -0.614267168239388, "log10_eta": -2.8448919639505963, "log10_lambda": -2.856642155630218, "log10_min_child_weight": 4.777337852668857, "log10_subsample": -0.6145051639405811, "max_depth": 9.0, "num_boost_round": 25.0}, "datetime": {"datetime": "2024-01-19 01:40:01", "elapsed": 5309.598066, "delta": 0.004586}}
{"target": -13.758437448713417, "params": {"gamma": 27.835436527418935, "log10_alpha": -1.2596479720000602, "log10_colsample_bytree": -0.614267168239388, "log10_eta": -2.8448919639505963, "log10_lambda": -2.856642155630218, "log10_min_child_weight": 4.777337852668857, "log10_subsample": -0.6145051639405811, "max_depth": 9.0, "num_boost_round": 26.0}, "datetime": {"datetime": "2024-01-19 01:40:01", "elapsed": 5309.602663, "delta": 0.004597}}
{"target": -13.758428610459205, "params": {"gamma": 27.835436527418935, "log10_alpha": -1.2596479720000602, "log10_colsample_bytree": -0.614267168239388, "log10_eta": -2.8448919639505963, "log10_lambda": -2.856642155630218, "log10_min_child_weight": 4.777337852668857, "log10_subsample": -0.6145051639405811, "max_depth": 9.0, "num_boost_round": 27.0}, "datetime": {"datetime": "2024-01-19 01:40:01", "elapsed": 5309.607256, "delta": 0.004593}}
{"target": -13.75841932223662, "params": {"gamma": 27.835436527418935, "log10_alpha": -1.2596479720000602, "log10_colsample_bytree": -0.614267168239388, "log10_eta": -2.8448919639505963, "log10_lambda": -2.856642155630218, "log10_min_child_weight": 4.777337852668857, "log10_subsample": -0.6145051639405811, "max_depth": 9.0, "num_boost_round": 28.0}, "datetime": {"datetime": "2024-01-19 01:40:01", "elapsed": 5309.611975, "delta": 0.004719}}
{"target": -13.758414294883584, "params": {"gamma": 27.835436527418935, "log10_alpha": -1.2596479720000602, "log10_colsample_bytree": -0.614267168239388, "log10_eta": -2.8448919639505963, "log10_lambda": -2.856642155630218, "log10_min_child_weight": 4.777337852668857, "log10_subsample": -0.6145051639405811, "max_depth": 9.0, "num_boost_round": 29.0}, "datetime": {"datetime": "2024-01-19 01:40:01", "elapsed": 5309.61663, "delta": 0.004655}}
{"target": -13.758407392633261, "params": {"gamma": 27.835436527418935, "log10_alpha": -1.2596479720000602, "log10_colsample_bytree": -0.614267168239388, "log10_eta": -2.8448919639505963, "log10_lambda": -2.856642155630218, "log10_min_child_weight": 4.777337852668857, "log10_subsample": -0.6145051639405811, "max_depth": 9.0, "num_boost_round": 30.0}, "datetime": {"datetime": "2024-01-19 01:40:01", "elapsed": 5309.621307, "delta": 0.004677}}
{"target": -13.758401417406896, "params": {"gamma": 27.835436527418935, "log10_alpha": -1.2596479720000602, "log10_colsample_bytree": -0.614267168239388, "log10_eta": -2.8448919639505963, "log10_lambda": -2.856642155630218, "log10_min_child_weight": 4.777337852668857, "log10_subsample": -0.6145051639405811, "max_depth": 9.0, "num_boost_round": 31.0}, "datetime": {"datetime": "2024-01-19 01:40:01", "elapsed": 5309.626013, "delta": 0.004706}}
{"target": -13.75839401263275, "params": {"gamma": 27.835436527418935, "log10_alpha": -1.2596479720000602, "log10_colsample_bytree": -0.614267168239388, "log10_eta": -2.8448919639505963, "log10_lambda": -2.856642155630218, "log10_min_child_weight": 4.777337852668857, "log10_subsample": -0.6145051639405811, "max_depth": 9.0, "num_boost_round": 32.0}, "datetime": {"datetime": "2024-01-19 01:40:01", "elapsed": 5309.630847, "delta": 0.004834}}
{"target": -13.758466057962297, "params": {"gamma": 25.188857414216837, "log10_alpha": -4.558744815035578, "log10_colsample_bytree": -0.7644218652548589, "log10_eta": -2.7683565996540525, "log10_lambda": -3.781560271957277, "log10_min_child_weight": 2.1241259018220315, "log10_subsample": -0.6071409220711466, "max_depth": 8.0, "num_boost_round": 0.0}, "datetime": {"datetime": "2024-01-19 01:41:05", "elapsed": 5373.598382, "delta": 63.967535}}
{"target": -13.758382194259797, "params": {"gamma": 25.188857414216837, "log10_alpha": -4.558744815035578, "log10_colsample_bytree": -0.7644218652548589, "log10_eta": -2.7683565996540525, "log10_lambda": -3.781560271957277, "log10_min_child_weight": 2.1241259018220315, "log10_subsample": -0.6071409220711466, "max_depth": 8.0, "num_boost_round": 1.0}, "datetime": {"datetime": "2024-01-19 01:41:05", "elapsed": 5373.604383, "delta": 0.006001}}
{"target": -13.758297777787847, "params": {"gamma": 25.188857414216837, "log10_alpha": -4.558744815035578, "log10_colsample_bytree": -0.7644218652548589, "log10_eta": -2.7683565996540525, "log10_lambda": -3.781560271957277, "log10_min_child_weight": 2.1241259018220315, "log10_subsample": -0.6071409220711466, "max_depth": 8.0, "num_boost_round": 2.0}, "datetime": {"datetime": "2024-01-19 01:41:05", "elapsed": 5373.609405, "delta": 0.005022}}
{"target": -13.758260926449381, "params": {"gamma": 25.188857414216837, "log10_alpha": -4.558744815035578, "log10_colsample_bytree": -0.7644218652548589, "log10_eta": -2.7683565996540525, "log10_lambda": -3.781560271957277, "log10_min_child_weight": 2.1241259018220315, "log10_subsample": -0.6071409220711466, "max_depth": 8.0, "num_boost_round": 3.0}, "datetime": {"datetime": "2024-01-19 01:41:05", "elapsed": 5373.614154, "delta": 0.004749}}
{"target": -13.758216725337231, "params": {"gamma": 25.188857414216837, "log10_alpha": -4.558744815035578, "log10_colsample_bytree": -0.7644218652548589, "log10_eta": -2.7683565996540525, "log10_lambda": -3.781560271957277, "log10_min_child_weight": 2.1241259018220315, "log10_subsample": -0.6071409220711466, "max_depth": 8.0, "num_boost_round": 4.0}, "datetime": {"datetime": "2024-01-19 01:41:05", "elapsed": 5373.618929, "delta": 0.004775}}
{"target": -13.758201277880806, "params": {"gamma": 25.188857414216837, "log10_alpha": -4.558744815035578, "log10_colsample_bytree": -0.7644218652548589, "log10_eta": -2.7683565996540525, "log10_lambda": -3.781560271957277, "log10_min_child_weight": 2.1241259018220315, "log10_subsample": -0.6071409220711466, "max_depth": 8.0, "num_boost_round": 5.0}, "datetime": {"datetime": "2024-01-19 01:41:05", "elapsed": 5373.623876, "delta": 0.004947}}
{"target": -13.758214283763836, "params": {"gamma": 25.188857414216837, "log10_alpha": -4.558744815035578, "log10_colsample_bytree": -0.7644218652548589, "log10_eta": -2.7683565996540525, "log10_lambda": -3.781560271957277, "log10_min_child_weight": 2.1241259018220315, "log10_subsample": -0.6071409220711466, "max_depth": 8.0, "num_boost_round": 6.0}, "datetime": {"datetime": "2024-01-19 01:41:05", "elapsed": 5373.628598, "delta": 0.004722}}
{"target": -13.758115796024954, "params": {"gamma": 25.188857414216837, "log10_alpha": -4.558744815035578, "log10_colsample_bytree": -0.7644218652548589, "log10_eta": -2.7683565996540525, "log10_lambda": -3.781560271957277, "log10_min_child_weight": 2.1241259018220315, "log10_subsample": -0.6071409220711466, "max_depth": 8.0, "num_boost_round": 7.0}, "datetime": {"datetime": "2024-01-19 01:41:05", "elapsed": 5373.633421, "delta": 0.004823}}
{"target": -13.758126550398515, "params": {"gamma": 25.188857414216837, "log10_alpha": -4.558744815035578, "log10_colsample_bytree": -0.7644218652548589, "log10_eta": -2.7683565996540525, "log10_lambda": -3.781560271957277, "log10_min_child_weight": 2.1241259018220315, "log10_subsample": -0.6071409220711466, "max_depth": 8.0, "num_boost_round": 8.0}, "datetime": {"datetime": "2024-01-19 01:41:05", "elapsed": 5373.638171, "delta": 0.00475}}
{"target": -13.758103727357017, "params": {"gamma": 25.188857414216837, "log10_alpha": -4.558744815035578, "log10_colsample_bytree": -0.7644218652548589, "log10_eta": -2.7683565996540525, "log10_lambda": -3.781560271957277, "log10_min_child_weight": 2.1241259018220315, "log10_subsample": -0.6071409220711466, "max_depth": 8.0, "num_boost_round": 9.0}, "datetime": {"datetime": "2024-01-19 01:41:05", "elapsed": 5373.643055, "delta": 0.004884}}
{"target": -13.758022057921973, "params": {"gamma": 25.188857414216837, "log10_alpha": -4.558744815035578, "log10_colsample_bytree": -0.7644218652548589, "log10_eta": -2.7683565996540525, "log10_lambda": -3.781560271957277, "log10_min_child_weight": 2.1241259018220315, "log10_subsample": -0.6071409220711466, "max_depth": 8.0, "num_boost_round": 10.0}, "datetime": {"datetime": "2024-01-19 01:41:05", "elapsed": 5373.647911, "delta": 0.004856}}
{"target": -13.758034644854884, "params": {"gamma": 25.188857414216837, "log10_alpha": -4.558744815035578, "log10_colsample_bytree": -0.7644218652548589, "log10_eta": -2.7683565996540525, "log10_lambda": -3.781560271957277, "log10_min_child_weight": 2.1241259018220315, "log10_subsample": -0.6071409220711466, "max_depth": 8.0, "num_boost_round": 11.0}, "datetime": {"datetime": "2024-01-19 01:41:05", "elapsed": 5373.652732, "delta": 0.004821}}
{"target": -13.758115742041829, "params": {"gamma": 25.188857414216837, "log10_alpha": -4.558744815035578, "log10_colsample_bytree": -0.7644218652548589, "log10_eta": -2.7683565996540525, "log10_lambda": -3.781560271957277, "log10_min_child_weight": 2.1241259018220315, "log10_subsample": -0.6071409220711466, "max_depth": 8.0, "num_boost_round": 12.0}, "datetime": {"datetime": "2024-01-19 01:41:05", "elapsed": 5373.657443, "delta": 0.004711}}
{"target": -13.757992675271536, "params": {"gamma": 25.188857414216837, "log10_alpha": -4.558744815035578, "log10_colsample_bytree": -0.7644218652548589, "log10_eta": -2.7683565996540525, "log10_lambda": -3.781560271957277, "log10_min_child_weight": 2.1241259018220315, "log10_subsample": -0.6071409220711466, "max_depth": 8.0, "num_boost_round": 13.0}, "datetime": {"datetime": "2024-01-19 01:41:05", "elapsed": 5373.662372, "delta": 0.004929}}
{"target": -13.757942602044645, "params": {"gamma": 25.188857414216837, "log10_alpha": -4.558744815035578, "log10_colsample_bytree": -0.7644218652548589, "log10_eta": -2.7683565996540525, "log10_lambda": -3.781560271957277, "log10_min_child_weight": 2.1241259018220315, "log10_subsample": -0.6071409220711466, "max_depth": 8.0, "num_boost_round": 14.0}, "datetime": {"datetime": "2024-01-19 01:41:05", "elapsed": 5373.667065, "delta": 0.004693}}
{"target": -13.757861064747598, "params": {"gamma": 25.188857414216837, "log10_alpha": -4.558744815035578, "log10_colsample_bytree": -0.7644218652548589, "log10_eta": -2.7683565996540525, "log10_lambda": -3.781560271957277, "log10_min_child_weight": 2.1241259018220315, "log10_subsample": -0.6071409220711466, "max_depth": 8.0, "num_boost_round": 15.0}, "datetime": {"datetime": "2024-01-19 01:41:05", "elapsed": 5373.671866, "delta": 0.004801}}
{"target": -13.75785286275451, "params": {"gamma": 25.188857414216837, "log10_alpha": -4.558744815035578, "log10_colsample_bytree": -0.7644218652548589, "log10_eta": -2.7683565996540525, "log10_lambda": -3.781560271957277, "log10_min_child_weight": 2.1241259018220315, "log10_subsample": -0.6071409220711466, "max_depth": 8.0, "num_boost_round": 16.0}, "datetime": {"datetime": "2024-01-19 01:41:05", "elapsed": 5373.676627, "delta": 0.004761}}
{"target": -13.757809924451333, "params": {"gamma": 25.188857414216837, "log10_alpha": -4.558744815035578, "log10_colsample_bytree": -0.7644218652548589, "log10_eta": -2.7683565996540525, "log10_lambda": -3.781560271957277, "log10_min_child_weight": 2.1241259018220315, "log10_subsample": -0.6071409220711466, "max_depth": 8.0, "num_boost_round": 17.0}, "datetime": {"datetime": "2024-01-19 01:41:05", "elapsed": 5373.681494, "delta": 0.004867}}
{"target": -13.757860527156781, "params": {"gamma": 25.188857414216837, "log10_alpha": -4.558744815035578, "log10_colsample_bytree": -0.7644218652548589, "log10_eta": -2.7683565996540525, "log10_lambda": -3.781560271957277, "log10_min_child_weight": 2.1241259018220315, "log10_subsample": -0.6071409220711466, "max_depth": 8.0, "num_boost_round": 18.0}, "datetime": {"datetime": "2024-01-19 01:41:05", "elapsed": 5373.686136, "delta": 0.004642}}
{"target": -13.75782050326335, "params": {"gamma": 25.188857414216837, "log10_alpha": -4.558744815035578, "log10_colsample_bytree": -0.7644218652548589, "log10_eta": -2.7683565996540525, "log10_lambda": -3.781560271957277, "log10_min_child_weight": 2.1241259018220315, "log10_subsample": -0.6071409220711466, "max_depth": 8.0, "num_boost_round": 19.0}, "datetime": {"datetime": "2024-01-19 01:41:05", "elapsed": 5373.691019, "delta": 0.004883}}
{"target": -13.757776670428823, "params": {"gamma": 25.188857414216837, "log10_alpha": -4.558744815035578, "log10_colsample_bytree": -0.7644218652548589, "log10_eta": -2.7683565996540525, "log10_lambda": -3.781560271957277, "log10_min_child_weight": 2.1241259018220315, "log10_subsample": -0.6071409220711466, "max_depth": 8.0, "num_boost_round": 20.0}, "datetime": {"datetime": "2024-01-19 01:41:05", "elapsed": 5373.819573, "delta": 0.128554}}
{"target": -13.757732788831708, "params": {"gamma": 25.188857414216837, "log10_alpha": -4.558744815035578, "log10_colsample_bytree": -0.7644218652548589, "log10_eta": -2.7683565996540525, "log10_lambda": -3.781560271957277, "log10_min_child_weight": 2.1241259018220315, "log10_subsample": -0.6071409220711466, "max_depth": 8.0, "num_boost_round": 21.0}, "datetime": {"datetime": "2024-01-19 01:41:05", "elapsed": 5373.826176, "delta": 0.006603}}
{"target": -13.757716471585585, "params": {"gamma": 25.188857414216837, "log10_alpha": -4.558744815035578, "log10_colsample_bytree": -0.7644218652548589, "log10_eta": -2.7683565996540525, "log10_lambda": -3.781560271957277, "log10_min_child_weight": 2.1241259018220315, "log10_subsample": -0.6071409220711466, "max_depth": 8.0, "num_boost_round": 22.0}, "datetime": {"datetime": "2024-01-19 01:41:05", "elapsed": 5373.832127, "delta": 0.005951}}
{"target": -13.757670945027135, "params": {"gamma": 25.188857414216837, "log10_alpha": -4.558744815035578, "log10_colsample_bytree": -0.7644218652548589, "log10_eta": -2.7683565996540525, "log10_lambda": -3.781560271957277, "log10_min_child_weight": 2.1241259018220315, "log10_subsample": -0.6071409220711466, "max_depth": 8.0, "num_boost_round": 23.0}, "datetime": {"datetime": "2024-01-19 01:41:05", "elapsed": 5373.837338, "delta": 0.005211}}
{"target": -13.757640031544597, "params": {"gamma": 25.188857414216837, "log10_alpha": -4.558744815035578, "log10_colsample_bytree": -0.7644218652548589, "log10_eta": -2.7683565996540525, "log10_lambda": -3.781560271957277, "log10_min_child_weight": 2.1241259018220315, "log10_subsample": -0.6071409220711466, "max_depth": 8.0, "num_boost_round": 24.0}, "datetime": {"datetime": "2024-01-19 01:41:05", "elapsed": 5373.842385, "delta": 0.005047}}
{"target": -13.757598452738554, "params": {"gamma": 25.188857414216837, "log10_alpha": -4.558744815035578, "log10_colsample_bytree": -0.7644218652548589, "log10_eta": -2.7683565996540525, "log10_lambda": -3.781560271957277, "log10_min_child_weight": 2.1241259018220315, "log10_subsample": -0.6071409220711466, "max_depth": 8.0, "num_boost_round": 25.0}, "datetime": {"datetime": "2024-01-19 01:41:05", "elapsed": 5373.847303, "delta": 0.004918}}
