{"target": -17.67476139752602, "params": {"gamma": 859.8771905876414, "log10_alpha": -0.11016849516486449, "log10_colsample_bytree": -0.9584167771473381, "log10_eta": -1.8477203664102824, "log10_lambda": 0.8656334253371281, "log10_min_child_weight": 3.659655456282227, "log10_subsample": -0.9103969982947063, "max_depth": 6.0, "num_boost_round": 24.0}, "datetime": {"datetime": "2024-01-19 02:13:16", "elapsed": 7281.19016, "delta": 0.008466}}
{"target": -17.674777025310107, "params": {"gamma": 859.8771905876414, "log10_alpha": -0.11016849516486449, "log10_colsample_bytree": -0.9584167771473381, "log10_eta": -1.8477203664102824, "log10_lambda": 0.8656334253371281, "log10_min_child_weight": 3.659655456282227, "log10_subsample": -0.9103969982947063, "max_depth": 6.0, "num_boost_round": 25.0}, "datetime": {"datetime": "2024-01-19 02:13:16", "elapsed": 7281.199564, "delta": 0.009404}}
{"target": -17.674873598507727, "params": {"gamma": 859.8771905876414, "log10_alpha": -0.11016849516486449, "log10_colsample_bytree": -0.9584167771473381, "log10_eta": -1.8477203664102824, "log10_lambda": 0.8656334253371281, "log10_min_child_weight": 3.659655456282227, "log10_subsample": -0.9103969982947063, "max_depth": 6.0, "num_boost_round": 26.0}, "datetime": {"datetime": "2024-01-19 02:13:16", "elapsed": 7281.209336, "delta": 0.009772}}
{"target": -17.677231821646615, "params": {"gamma": 852.1210704016271, "log10_alpha": -0.021983920164799095, "log10_colsample_bytree": -1.0, "log10_eta": -4.0, "log10_lambda": 0.7684762150442164, "log10_min_child_weight": 5.0, "log10_subsample": -0.04343300429244762, "max_depth": 8.0, "num_boost_round": 0.0}, "datetime": {"datetime": "2024-01-19 02:14:40", "elapsed": 7364.759461, "delta": 83.550125}}
{"target": -17.677230973887525, "params": {"gamma": 852.1210704016271, "log10_alpha": -0.021983920164799095, "log10_colsample_bytree": -1.0, "log10_eta": -4.0, "log10_lambda": 0.7684762150442164, "log10_min_child_weight": 5.0, "log10_subsample": -0.04343300429244762, "max_depth": 8.0, "num_boost_round": 1.0}, "datetime": {"datetime": "2024-01-19 02:14:40", "elapsed": 7364.768617, "delta": 0.009156}}
{"target": -17.6772304263506, "params": {"gamma": 852.1210704016271, "log10_alpha": -0.021983920164799095, "log10_colsample_bytree": -1.0, "log10_eta": -4.0, "log10_lambda": 0.7684762150442164, "log10_min_child_weight": 5.0, "log10_subsample": -0.04343300429244762, "max_depth": 8.0, "num_boost_round": 2.0}, "datetime": {"datetime": "2024-01-19 02:14:40", "elapsed": 7364.776629, "delta": 0.008012}}
{"target": -17.677229741967896, "params": {"gamma": 852.1210704016271, "log10_alpha": -0.021983920164799095, "log10_colsample_bytree": -1.0, "log10_eta": -4.0, "log10_lambda": 0.7684762150442164, "log10_min_child_weight": 5.0, "log10_subsample": -0.04343300429244762, "max_depth": 8.0, "num_boost_round": 3.0}, "datetime": {"datetime": "2024-01-19 02:14:40", "elapsed": 7364.784692, "delta": 0.008063}}
{"target": -17.677228723659283, "params": {"gamma": 852.1210704016271, "log10_alpha": -0.021983920164799095, "log10_colsample_bytree": -1.0, "log10_eta": -4.0, "log10_lambda": 0.7684762150442164, "log10_min_child_weight": 5.0, "log10_subsample": -0.04343300429244762, "max_depth": 8.0, "num_boost_round": 4.0}, "datetime": {"datetime": "2024-01-19 02:14:40", "elapsed": 7364.792907, "delta": 0.008215}}
{"target": -17.677228250087733, "params": {"gamma": 852.1210704016271, "log10_alpha": -0.021983920164799095, "log10_colsample_bytree": -1.0, "log10_eta": -4.0, "log10_lambda": 0.7684762150442164, "log10_min_child_weight": 5.0, "log10_subsample": -0.04343300429244762, "max_depth": 8.0, "num_boost_round": 5.0}, "datetime": {"datetime": "2024-01-19 02:14:40", "elapsed": 7364.800854, "delta": 0.007947}}
{"target": -17.67722772768918, "params": {"gamma": 852.1210704016271, "log10_alpha": -0.021983920164799095, "log10_colsample_bytree": -1.0, "log10_eta": -4.0, "log10_lambda": 0.7684762150442164, "log10_min_child_weight": 5.0, "log10_subsample": -0.04343300429244762, "max_depth": 8.0, "num_boost_round": 6.0}, "datetime": {"datetime": "2024-01-19 02:14:40", "elapsed": 7364.80846, "delta": 0.007606}}
{"target": -17.67722678600594, "params": {"gamma": 852.1210704016271, "log10_alpha": -0.021983920164799095, "log10_colsample_bytree": -1.0, "log10_eta": -4.0, "log10_lambda": 0.7684762150442164, "log10_min_child_weight": 5.0, "log10_subsample": -0.04343300429244762, "max_depth": 8.0, "num_boost_round": 7.0}, "datetime": {"datetime": "2024-01-19 02:14:40", "elapsed": 7364.815453, "delta": 0.006993}}
{"target": -17.677226440693044, "params": {"gamma": 852.1210704016271, "log10_alpha": -0.021983920164799095, "log10_colsample_bytree": -1.0, "log10_eta": -4.0, "log10_lambda": 0.7684762150442164, "log10_min_child_weight": 5.0, "log10_subsample": -0.04343300429244762, "max_depth": 8.0, "num_boost_round": 8.0}, "datetime": {"datetime": "2024-01-19 02:14:40", "elapsed": 7364.822367, "delta": 0.006914}}
{"target": -17.677226299410275, "params": {"gamma": 852.1210704016271, "log10_alpha": -0.021983920164799095, "log10_colsample_bytree": -1.0, "log10_eta": -4.0, "log10_lambda": 0.7684762150442164, "log10_min_child_weight": 5.0, "log10_subsample": -0.04343300429244762, "max_depth": 8.0, "num_boost_round": 9.0}, "datetime": {"datetime": "2024-01-19 02:14:40", "elapsed": 7364.829302, "delta": 0.006935}}
{"target": -17.6772263164403, "params": {"gamma": 852.1210704016271, "log10_alpha": -0.021983920164799095, "log10_colsample_bytree": -1.0, "log10_eta": -4.0, "log10_lambda": 0.7684762150442164, "log10_min_child_weight": 5.0, "log10_subsample": -0.04343300429244762, "max_depth": 8.0, "num_boost_round": 10.0}, "datetime": {"datetime": "2024-01-19 02:14:40", "elapsed": 7364.841202, "delta": 0.0119}}
{"target": -17.677225003810907, "params": {"gamma": 852.1210704016271, "log10_alpha": -0.021983920164799095, "log10_colsample_bytree": -1.0, "log10_eta": -4.0, "log10_lambda": 0.7684762150442164, "log10_min_child_weight": 5.0, "log10_subsample": -0.04343300429244762, "max_depth": 8.0, "num_boost_round": 11.0}, "datetime": {"datetime": "2024-01-19 02:14:40", "elapsed": 7364.849206, "delta": 0.008004}}
{"target": -17.6772232889521, "params": {"gamma": 852.1210704016271, "log10_alpha": -0.021983920164799095, "log10_colsample_bytree": -1.0, "log10_eta": -4.0, "log10_lambda": 0.7684762150442164, "log10_min_child_weight": 5.0, "log10_subsample": -0.04343300429244762, "max_depth": 8.0, "num_boost_round": 12.0}, "datetime": {"datetime": "2024-01-19 02:14:40", "elapsed": 7364.856674, "delta": 0.007468}}
{"target": -17.67722165570416, "params": {"gamma": 852.1210704016271, "log10_alpha": -0.021983920164799095, "log10_colsample_bytree": -1.0, "log10_eta": -4.0, "log10_lambda": 0.7684762150442164, "log10_min_child_weight": 5.0, "log10_subsample": -0.04343300429244762, "max_depth": 8.0, "num_boost_round": 13.0}, "datetime": {"datetime": "2024-01-19 02:14:40", "elapsed": 7364.864597, "delta": 0.007923}}
{"target": -17.677221633926038, "params": {"gamma": 852.1210704016271, "log10_alpha": -0.021983920164799095, "log10_colsample_bytree": -1.0, "log10_eta": -4.0, "log10_lambda": 0.7684762150442164, "log10_min_child_weight": 5.0, "log10_subsample": -0.04343300429244762, "max_depth": 8.0, "num_boost_round": 14.0}, "datetime": {"datetime": "2024-01-19 02:14:40", "elapsed": 7364.87199, "delta": 0.007393}}
{"target": -17.677220111911097, "params": {"gamma": 852.1210704016271, "log10_alpha": -0.021983920164799095, "log10_colsample_bytree": -1.0, "log10_eta": -4.0, "log10_lambda": 0.7684762150442164, "log10_min_child_weight": 5.0, "log10_subsample": -0.04343300429244762, "max_depth": 8.0, "num_boost_round": 15.0}, "datetime": {"datetime": "2024-01-19 02:14:40", "elapsed": 7364.879242, "delta": 0.007252}}
{"target": -17.677219538274347, "params": {"gamma": 852.1210704016271, "log10_alpha": -0.021983920164799095, "log10_colsample_bytree": -1.0, "log10_eta": -4.0, "log10_lambda": 0.7684762150442164, "log10_min_child_weight": 5.0, "log10_subsample": -0.04343300429244762, "max_depth": 8.0, "num_boost_round": 16.0}, "datetime": {"datetime": "2024-01-19 02:14:40", "elapsed": 7364.886918, "delta": 0.007676}}
{"target": -17.677219516965224, "params": {"gamma": 852.1210704016271, "log10_alpha": -0.021983920164799095, "log10_colsample_bytree": -1.0, "log10_eta": -4.0, "log10_lambda": 0.7684762150442164, "log10_min_child_weight": 5.0, "log10_subsample": -0.04343300429244762, "max_depth": 8.0, "num_boost_round": 17.0}, "datetime": {"datetime": "2024-01-19 02:14:40", "elapsed": 7364.895424, "delta": 0.008506}}
{"target": -17.677218147999714, "params": {"gamma": 852.1210704016271, "log10_alpha": -0.021983920164799095, "log10_colsample_bytree": -1.0, "log10_eta": -4.0, "log10_lambda": 0.7684762150442164, "log10_min_child_weight": 5.0, "log10_subsample": -0.04343300429244762, "max_depth": 8.0, "num_boost_round": 18.0}, "datetime": {"datetime": "2024-01-19 02:14:40", "elapsed": 7364.903556, "delta": 0.008132}}
{"target": -17.677216223439224, "params": {"gamma": 852.1210704016271, "log10_alpha": -0.021983920164799095, "log10_colsample_bytree": -1.0, "log10_eta": -4.0, "log10_lambda": 0.7684762150442164, "log10_min_child_weight": 5.0, "log10_subsample": -0.04343300429244762, "max_depth": 8.0, "num_boost_round": 19.0}, "datetime": {"datetime": "2024-01-19 02:14:40", "elapsed": 7364.911612, "delta": 0.008056}}
{"target": -17.67721644876891, "params": {"gamma": 852.1210704016271, "log10_alpha": -0.021983920164799095, "log10_colsample_bytree": -1.0, "log10_eta": -4.0, "log10_lambda": 0.7684762150442164, "log10_min_child_weight": 5.0, "log10_subsample": -0.04343300429244762, "max_depth": 8.0, "num_boost_round": 20.0}, "datetime": {"datetime": "2024-01-19 02:14:40", "elapsed": 7364.91907, "delta": 0.007458}}
{"target": -17.677215242567218, "params": {"gamma": 852.1210704016271, "log10_alpha": -0.021983920164799095, "log10_colsample_bytree": -1.0, "log10_eta": -4.0, "log10_lambda": 0.7684762150442164, "log10_min_child_weight": 5.0, "log10_subsample": -0.04343300429244762, "max_depth": 8.0, "num_boost_round": 21.0}, "datetime": {"datetime": "2024-01-19 02:14:40", "elapsed": 7364.926304, "delta": 0.007234}}
{"target": -17.677213936791055, "params": {"gamma": 852.1210704016271, "log10_alpha": -0.021983920164799095, "log10_colsample_bytree": -1.0, "log10_eta": -4.0, "log10_lambda": 0.7684762150442164, "log10_min_child_weight": 5.0, "log10_subsample": -0.04343300429244762, "max_depth": 8.0, "num_boost_round": 22.0}, "datetime": {"datetime": "2024-01-19 02:14:40", "elapsed": 7364.93367, "delta": 0.007366}}
{"target": -17.677212586851084, "params": {"gamma": 852.1210704016271, "log10_alpha": -0.021983920164799095, "log10_colsample_bytree": -1.0, "log10_eta": -4.0, "log10_lambda": 0.7684762150442164, "log10_min_child_weight": 5.0, "log10_subsample": -0.04343300429244762, "max_depth": 8.0, "num_boost_round": 23.0}, "datetime": {"datetime": "2024-01-19 02:14:40", "elapsed": 7364.941259, "delta": 0.007589}}
{"target": -17.677212973195733, "params": {"gamma": 852.1210704016271, "log10_alpha": -0.021983920164799095, "log10_colsample_bytree": -1.0, "log10_eta": -4.0, "log10_lambda": 0.7684762150442164, "log10_min_child_weight": 5.0, "log10_subsample": -0.04343300429244762, "max_depth": 8.0, "num_boost_round": 24.0}, "datetime": {"datetime": "2024-01-19 02:14:40", "elapsed": 7364.948632, "delta": 0.007373}}
{"target": -17.677212074281144, "params": {"gamma": 852.1210704016271, "log10_alpha": -0.021983920164799095, "log10_colsample_bytree": -1.0, "log10_eta": -4.0, "log10_lambda": 0.7684762150442164, "log10_min_child_weight": 5.0, "log10_subsample": -0.04343300429244762, "max_depth": 8.0, "num_boost_round": 25.0}, "datetime": {"datetime": "2024-01-19 02:14:40", "elapsed": 7364.955893, "delta": 0.007261}}
{"target": -17.67721335259971, "params": {"gamma": 852.1210704016271, "log10_alpha": -0.021983920164799095, "log10_colsample_bytree": -1.0, "log10_eta": -4.0, "log10_lambda": 0.7684762150442164, "log10_min_child_weight": 5.0, "log10_subsample": -0.04343300429244762, "max_depth": 8.0, "num_boost_round": 26.0}, "datetime": {"datetime": "2024-01-19 02:14:40", "elapsed": 7364.96323, "delta": 0.007337}}
{"target": -17.67721261101545, "params": {"gamma": 852.1210704016271, "log10_alpha": -0.021983920164799095, "log10_colsample_bytree": -1.0, "log10_eta": -4.0, "log10_lambda": 0.7684762150442164, "log10_min_child_weight": 5.0, "log10_subsample": -0.04343300429244762, "max_depth": 8.0, "num_boost_round": 27.0}, "datetime": {"datetime": "2024-01-19 02:14:40", "elapsed": 7364.970663, "delta": 0.007433}}
{"target": -17.677211426323893, "params": {"gamma": 852.1210704016271, "log10_alpha": -0.021983920164799095, "log10_colsample_bytree": -1.0, "log10_eta": -4.0, "log10_lambda": 0.7684762150442164, "log10_min_child_weight": 5.0, "log10_subsample": -0.04343300429244762, "max_depth": 8.0, "num_boost_round": 28.0}, "datetime": {"datetime": "2024-01-19 02:14:40", "elapsed": 7364.978478, "delta": 0.007815}}
{"target": -17.677210208557796, "params": {"gamma": 852.1210704016271, "log10_alpha": -0.021983920164799095, "log10_colsample_bytree": -1.0, "log10_eta": -4.0, "log10_lambda": 0.7684762150442164, "log10_min_child_weight": 5.0, "log10_subsample": -0.04343300429244762, "max_depth": 8.0, "num_boost_round": 29.0}, "datetime": {"datetime": "2024-01-19 02:14:40", "elapsed": 7364.98611, "delta": 0.007632}}
{"target": -17.677012114829246, "params": {"gamma": 835.9071942870095, "log10_alpha": -2.2167197016869062, "log10_colsample_bytree": -0.5619087083619807, "log10_eta": -2.431510537775794, "log10_lambda": -0.2841962323291183, "log10_min_child_weight": 2.1961732415847006, "log10_subsample": -0.9654749349241801, "max_depth": 8.0, "num_boost_round": 0.0}, "datetime": {"datetime": "2024-01-19 02:15:48", "elapsed": 7433.322083, "delta": 68.335973}}
{"target": -17.676835299639066, "params": {"gamma": 835.9071942870095, "log10_alpha": -2.2167197016869062, "log10_colsample_bytree": -0.5619087083619807, "log10_eta": -2.431510537775794, "log10_lambda": -0.2841962323291183, "log10_min_child_weight": 2.1961732415847006, "log10_subsample": -0.9654749349241801, "max_depth": 8.0, "num_boost_round": 1.0}, "datetime": {"datetime": "2024-01-19 02:15:48", "elapsed": 7433.331754, "delta": 0.009671}}
{"target": -17.676654507360052, "params": {"gamma": 835.9071942870095, "log10_alpha": -2.2167197016869062, "log10_colsample_bytree": -0.5619087083619807, "log10_eta": -2.431510537775794, "log10_lambda": -0.2841962323291183, "log10_min_child_weight": 2.1961732415847006, "log10_subsample": -0.9654749349241801, "max_depth": 8.0, "num_boost_round": 2.0}, "datetime": {"datetime": "2024-01-19 02:15:48", "elapsed": 7433.340686, "delta": 0.008932}}
{"target": -17.676605343645548, "params": {"gamma": 835.9071942870095, "log10_alpha": -2.2167197016869062, "log10_colsample_bytree": -0.5619087083619807, "log10_eta": -2.431510537775794, "log10_lambda": -0.2841962323291183, "log10_min_child_weight": 2.1961732415847006, "log10_subsample": -0.9654749349241801, "max_depth": 8.0, "num_boost_round": 3.0}, "datetime": {"datetime": "2024-01-19 02:15:48", "elapsed": 7433.349433, "delta": 0.008747}}
{"target": -17.676584479236432, "params": {"gamma": 835.9071942870095, "log10_alpha": -2.2167197016869062, "log10_colsample_bytree": -0.5619087083619807, "log10_eta": -2.431510537775794, "log10_lambda": -0.2841962323291183, "log10_min_child_weight": 2.1961732415847006, "log10_subsample": -0.9654749349241801, "max_depth": 8.0, "num_boost_round": 4.0}, "datetime": {"datetime": "2024-01-19 02:15:48", "elapsed": 7433.357905, "delta": 0.008472}}
{"target": -17.67663953296372, "params": {"gamma": 835.9071942870095, "log10_alpha": -2.2167197016869062, "log10_colsample_bytree": -0.5619087083619807, "log10_eta": -2.431510537775794, "log10_lambda": -0.2841962323291183, "log10_min_child_weight": 2.1961732415847006, "log10_subsample": -0.9654749349241801, "max_depth": 8.0, "num_boost_round": 5.0}, "datetime": {"datetime": "2024-01-19 02:15:48", "elapsed": 7433.366971, "delta": 0.009066}}
{"target": -17.676460052596074, "params": {"gamma": 835.9071942870095, "log10_alpha": -2.2167197016869062, "log10_colsample_bytree": -0.5619087083619807, "log10_eta": -2.431510537775794, "log10_lambda": -0.2841962323291183, "log10_min_child_weight": 2.1961732415847006, "log10_subsample": -0.9654749349241801, "max_depth": 8.0, "num_boost_round": 6.0}, "datetime": {"datetime": "2024-01-19 02:15:48", "elapsed": 7433.375503, "delta": 0.008532}}
{"target": -17.67632512396887, "params": {"gamma": 835.9071942870095, "log10_alpha": -2.2167197016869062, "log10_colsample_bytree": -0.5619087083619807, "log10_eta": -2.431510537775794, "log10_lambda": -0.2841962323291183, "log10_min_child_weight": 2.1961732415847006, "log10_subsample": -0.9654749349241801, "max_depth": 8.0, "num_boost_round": 7.0}, "datetime": {"datetime": "2024-01-19 02:15:48", "elapsed": 7433.383773, "delta": 0.00827}}
{"target": -17.676173449671523, "params": {"gamma": 835.9071942870095, "log10_alpha": -2.2167197016869062, "log10_colsample_bytree": -0.5619087083619807, "log10_eta": -2.431510537775794, "log10_lambda": -0.2841962323291183, "log10_min_child_weight": 2.1961732415847006, "log10_subsample": -0.9654749349241801, "max_depth": 8.0, "num_boost_round": 8.0}, "datetime": {"datetime": "2024-01-19 02:15:48", "elapsed": 7433.392396, "delta": 0.008623}}
{"target": -17.676185540177155, "params": {"gamma": 835.9071942870095, "log10_alpha": -2.2167197016869062, "log10_colsample_bytree": -0.5619087083619807, "log10_eta": -2.431510537775794, "log10_lambda": -0.2841962323291183, "log10_min_child_weight": 2.1961732415847006, "log10_subsample": -0.9654749349241801, "max_depth": 8.0, "num_boost_round": 9.0}, "datetime": {"datetime": "2024-01-19 02:15:48", "elapsed": 7433.401002, "delta": 0.008606}}
{"target": -17.675943368170906, "params": {"gamma": 835.9071942870095, "log10_alpha": -2.2167197016869062, "log10_colsample_bytree": -0.5619087083619807, "log10_eta": -2.431510537775794, "log10_lambda": -0.2841962323291183, "log10_min_child_weight": 2.1961732415847006, "log10_subsample": -0.9654749349241801, "max_depth": 8.0, "num_boost_round": 10.0}, "datetime": {"datetime": "2024-01-19 02:15:48", "elapsed": 7433.409485, "delta": 0.008483}}
{"target": -17.675950490483974, "params": {"gamma": 835.9071942870095, "log10_alpha": -2.2167197016869062, "log10_colsample_bytree": -0.5619087083619807, "log10_eta": -2.431510537775794, "log10_lambda": -0.2841962323291183, "log10_min_child_weight": 2.1961732415847006, "log10_subsample": -0.9654749349241801, "max_depth": 8.0, "num_boost_round": 11.0}, "datetime": {"datetime": "2024-01-19 02:15:48", "elapsed": 7433.41806, "delta": 0.008575}}
{"target": -17.67581417657896, "params": {"gamma": 835.9071942870095, "log10_alpha": -2.2167197016869062, "log10_colsample_bytree": -0.5619087083619807, "log10_eta": -2.431510537775794, "log10_lambda": -0.2841962323291183, "log10_min_child_weight": 2.1961732415847006, "log10_subsample": -0.9654749349241801, "max_depth": 8.0, "num_boost_round": 12.0}, "datetime": {"datetime": "2024-01-19 02:15:48", "elapsed": 7433.426736, "delta": 0.008676}}
{"target": -17.675589067928207, "params": {"gamma": 835.9071942870095, "log10_alpha": -2.2167197016869062, "log10_colsample_bytree": -0.5619087083619807, "log10_eta": -2.431510537775794, "log10_lambda": -0.2841962323291183, "log10_min_child_weight": 2.1961732415847006, "log10_subsample": -0.9654749349241801, "max_depth": 8.0, "num_boost_round": 13.0}, "datetime": {"datetime": "2024-01-19 02:15:48", "elapsed": 7433.435703, "delta": 0.008967}}
{"target": -17.675564149341742, "params": {"gamma": 835.9071942870095, "log10_alpha": -2.2167197016869062, "log10_colsample_bytree": -0.5619087083619807, "log10_eta": -2.431510537775794, "log10_lambda": -0.2841962323291183, "log10_min_child_weight": 2.1961732415847006, "log10_subsample": -0.9654749349241801, "max_depth": 8.0, "num_boost_round": 14.0}, "datetime": {"datetime": "2024-01-19 02:15:48", "elapsed": 7433.4446, "delta": 0.008897}}
{"target": -17.67531531171262, "params": {"gamma": 835.9071942870095, "log10_alpha": -2.2167197016869062, "log10_colsample_bytree": -0.5619087083619807, "log10_eta": -2.431510537775794, "log10_lambda": -0.2841962323291183, "log10_min_child_weight": 2.1961732415847006, "log10_subsample": -0.9654749349241801, "max_depth": 8.0, "num_boost_round": 15.0}, "datetime": {"datetime": "2024-01-19 02:15:48", "elapsed": 7433.453686, "delta": 0.009086}}
{"target": -17.675277121295984, "params": {"gamma": 835.9071942870095, "log10_alpha": -2.2167197016869062, "log10_colsample_bytree": -0.5619087083619807, "log10_eta": -2.431510537775794, "log10_lambda": -0.2841962323291183, "log10_min_child_weight": 2.1961732415847006, "log10_subsample": -0.9654749349241801, "max_depth": 8.0, "num_boost_round": 16.0}, "datetime": {"datetime": "2024-01-19 02:15:48", "elapsed": 7433.462606, "delta": 0.00892}}
{"target": -17.675029350030574, "params": {"gamma": 835.9071942870095, "log10_alpha": -2.2167197016869062, "log10_colsample_bytree": -0.5619087083619807, "log10_eta": -2.431510537775794, "log10_lambda": -0.2841962323291183, "log10_min_child_weight": 2.1961732415847006, "log10_subsample": -0.9654749349241801, "max_depth": 8.0, "num_boost_round": 17.0}, "datetime": {"datetime": "2024-01-19 02:15:48", "elapsed": 7433.471124, "delta": 0.008518}}
{"target": -17.675060674100923, "params": {"gamma": 835.9071942870095, "log10_alpha": -2.2167197016869062, "log10_colsample_bytree": -0.5619087083619807, "log10_eta": -2.431510537775794, "log10_lambda": -0.2841962323291183, "log10_min_child_weight": 2.1961732415847006, "log10_subsample": -0.9654749349241801, "max_depth": 8.0, "num_boost_round": 18.0}, "datetime": {"datetime": "2024-01-19 02:15:48", "elapsed": 7433.479836, "delta": 0.008712}}
