{"target": -13.758524989770779, "params": {"gamma": 430.69990687214886, "log10_alpha": -0.0588780094475414, "log10_colsample_bytree": -0.04113569936944683, "log10_eta": -3.371286166625916, "log10_lambda": 0.23803194387211946, "log10_min_child_weight": 1.7573294798459278, "log10_subsample": -0.533955598400558, "max_depth": 2.0, "num_boost_round": 2.0}, "datetime": {"datetime": "2024-01-19 00:33:49", "elapsed": 1333.069174, "delta": 0.002601}}
{"target": -13.75852489802874, "params": {"gamma": 430.69990687214886, "log10_alpha": -0.0588780094475414, "log10_colsample_bytree": -0.04113569936944683, "log10_eta": -3.371286166625916, "log10_lambda": 0.23803194387211946, "log10_min_child_weight": 1.7573294798459278, "log10_subsample": -0.533955598400558, "max_depth": 2.0, "num_boost_round": 3.0}, "datetime": {"datetime": "2024-01-19 00:33:49", "elapsed": 1333.072281, "delta": 0.003107}}
{"target": -13.758517659755272, "params": {"gamma": 430.69990687214886, "log10_alpha": -0.0588780094475414, "log10_colsample_bytree": -0.04113569936944683, "log10_eta": -3.371286166625916, "log10_lambda": 0.23803194387211946, "log10_min_child_weight": 1.7573294798459278, "log10_subsample": -0.533955598400558, "max_depth": 2.0, "num_boost_round": 4.0}, "datetime": {"datetime": "2024-01-19 00:33:49", "elapsed": 1333.075263, "delta": 0.002982}}
{"target": -13.758513384800423, "params": {"gamma": 430.69990687214886, "log10_alpha": -0.0588780094475414, "log10_colsample_bytree": -0.04113569936944683, "log10_eta": -3.371286166625916, "log10_lambda": 0.23803194387211946, "log10_min_child_weight": 1.7573294798459278, "log10_subsample": -0.533955598400558, "max_depth": 2.0, "num_boost_round": 5.0}, "datetime": {"datetime": "2024-01-19 00:33:49", "elapsed": 1333.077671, "delta": 0.002408}}
{"target": -13.75850887634778, "params": {"gamma": 430.69990687214886, "log10_alpha": -0.0588780094475414, "log10_colsample_bytree": -0.04113569936944683, "log10_eta": -3.371286166625916, "log10_lambda": 0.23803194387211946, "log10_min_child_weight": 1.7573294798459278, "log10_subsample": -0.533955598400558, "max_depth": 2.0, "num_boost_round": 6.0}, "datetime": {"datetime": "2024-01-19 00:33:49", "elapsed": 1333.080056, "delta": 0.002385}}
{"target": -13.758505354671387, "params": {"gamma": 430.69990687214886, "log10_alpha": -0.0588780094475414, "log10_colsample_bytree": -0.04113569936944683, "log10_eta": -3.371286166625916, "log10_lambda": 0.23803194387211946, "log10_min_child_weight": 1.7573294798459278, "log10_subsample": -0.533955598400558, "max_depth": 2.0, "num_boost_round": 7.0}, "datetime": {"datetime": "2024-01-19 00:33:49", "elapsed": 1333.082428, "delta": 0.002372}}
{"target": -13.758500716288506, "params": {"gamma": 430.69990687214886, "log10_alpha": -0.0588780094475414, "log10_colsample_bytree": -0.04113569936944683, "log10_eta": -3.371286166625916, "log10_lambda": 0.23803194387211946, "log10_min_child_weight": 1.7573294798459278, "log10_subsample": -0.533955598400558, "max_depth": 2.0, "num_boost_round": 8.0}, "datetime": {"datetime": "2024-01-19 00:33:49", "elapsed": 1333.084799, "delta": 0.002371}}
{"target": -13.758497108690552, "params": {"gamma": 430.69990687214886, "log10_alpha": -0.0588780094475414, "log10_colsample_bytree": -0.04113569936944683, "log10_eta": -3.371286166625916, "log10_lambda": 0.23803194387211946, "log10_min_child_weight": 1.7573294798459278, "log10_subsample": -0.533955598400558, "max_depth": 2.0, "num_boost_round": 9.0}, "datetime": {"datetime": "2024-01-19 00:33:49", "elapsed": 1333.087166, "delta": 0.002367}}
{"target": -13.75849284025711, "params": {"gamma": 430.69990687214886, "log10_alpha": -0.0588780094475414, "log10_colsample_bytree": -0.04113569936944683, "log10_eta": -3.371286166625916, "log10_lambda": 0.23803194387211946, "log10_min_child_weight": 1.7573294798459278, "log10_subsample": -0.533955598400558, "max_depth": 2.0, "num_boost_round": 10.0}, "datetime": {"datetime": "2024-01-19 00:33:49", "elapsed": 1333.089743, "delta": 0.002577}}
{"target": -13.758488521571817, "params": {"gamma": 430.69990687214886, "log10_alpha": -0.0588780094475414, "log10_colsample_bytree": -0.04113569936944683, "log10_eta": -3.371286166625916, "log10_lambda": 0.23803194387211946, "log10_min_child_weight": 1.7573294798459278, "log10_subsample": -0.533955598400558, "max_depth": 2.0, "num_boost_round": 11.0}, "datetime": {"datetime": "2024-01-19 00:33:49", "elapsed": 1333.092236, "delta": 0.002493}}
{"target": -13.758484965388869, "params": {"gamma": 430.69990687214886, "log10_alpha": -0.0588780094475414, "log10_colsample_bytree": -0.04113569936944683, "log10_eta": -3.371286166625916, "log10_lambda": 0.23803194387211946, "log10_min_child_weight": 1.7573294798459278, "log10_subsample": -0.533955598400558, "max_depth": 2.0, "num_boost_round": 12.0}, "datetime": {"datetime": "2024-01-19 00:33:49", "elapsed": 1333.094816, "delta": 0.00258}}
{"target": -13.758480960614705, "params": {"gamma": 430.69990687214886, "log10_alpha": -0.0588780094475414, "log10_colsample_bytree": -0.04113569936944683, "log10_eta": -3.371286166625916, "log10_lambda": 0.23803194387211946, "log10_min_child_weight": 1.7573294798459278, "log10_subsample": -0.533955598400558, "max_depth": 2.0, "num_boost_round": 13.0}, "datetime": {"datetime": "2024-01-19 00:33:50", "elapsed": 1333.097385, "delta": 0.002569}}
{"target": -13.758476686649557, "params": {"gamma": 430.69990687214886, "log10_alpha": -0.0588780094475414, "log10_colsample_bytree": -0.04113569936944683, "log10_eta": -3.371286166625916, "log10_lambda": 0.23803194387211946, "log10_min_child_weight": 1.7573294798459278, "log10_subsample": -0.533955598400558, "max_depth": 2.0, "num_boost_round": 14.0}, "datetime": {"datetime": "2024-01-19 00:33:50", "elapsed": 1333.099895, "delta": 0.00251}}
{"target": -13.758475932371004, "params": {"gamma": 430.69990687214886, "log10_alpha": -0.0588780094475414, "log10_colsample_bytree": -0.04113569936944683, "log10_eta": -3.371286166625916, "log10_lambda": 0.23803194387211946, "log10_min_child_weight": 1.7573294798459278, "log10_subsample": -0.533955598400558, "max_depth": 2.0, "num_boost_round": 15.0}, "datetime": {"datetime": "2024-01-19 00:33:50", "elapsed": 1333.102301, "delta": 0.002406}}
{"target": -13.758471071042994, "params": {"gamma": 430.69990687214886, "log10_alpha": -0.0588780094475414, "log10_colsample_bytree": -0.04113569936944683, "log10_eta": -3.371286166625916, "log10_lambda": 0.23803194387211946, "log10_min_child_weight": 1.7573294798459278, "log10_subsample": -0.533955598400558, "max_depth": 2.0, "num_boost_round": 16.0}, "datetime": {"datetime": "2024-01-19 00:33:50", "elapsed": 1333.104692, "delta": 0.002391}}
{"target": -13.758465173813732, "params": {"gamma": 430.69990687214886, "log10_alpha": -0.0588780094475414, "log10_colsample_bytree": -0.04113569936944683, "log10_eta": -3.371286166625916, "log10_lambda": 0.23803194387211946, "log10_min_child_weight": 1.7573294798459278, "log10_subsample": -0.533955598400558, "max_depth": 2.0, "num_boost_round": 17.0}, "datetime": {"datetime": "2024-01-19 00:33:50", "elapsed": 1333.107168, "delta": 0.002476}}
{"target": -13.758464235902775, "params": {"gamma": 430.69990687214886, "log10_alpha": -0.0588780094475414, "log10_colsample_bytree": -0.04113569936944683, "log10_eta": -3.371286166625916, "log10_lambda": 0.23803194387211946, "log10_min_child_weight": 1.7573294798459278, "log10_subsample": -0.533955598400558, "max_depth": 2.0, "num_boost_round": 18.0}, "datetime": {"datetime": "2024-01-19 00:33:50", "elapsed": 1333.109614, "delta": 0.002446}}
{"target": -13.758460084371226, "params": {"gamma": 430.69990687214886, "log10_alpha": -0.0588780094475414, "log10_colsample_bytree": -0.04113569936944683, "log10_eta": -3.371286166625916, "log10_lambda": 0.23803194387211946, "log10_min_child_weight": 1.7573294798459278, "log10_subsample": -0.533955598400558, "max_depth": 2.0, "num_boost_round": 19.0}, "datetime": {"datetime": "2024-01-19 00:33:50", "elapsed": 1333.112061, "delta": 0.002447}}
{"target": -13.758456681387893, "params": {"gamma": 430.69990687214886, "log10_alpha": -0.0588780094475414, "log10_colsample_bytree": -0.04113569936944683, "log10_eta": -3.371286166625916, "log10_lambda": 0.23803194387211946, "log10_min_child_weight": 1.7573294798459278, "log10_subsample": -0.533955598400558, "max_depth": 2.0, "num_boost_round": 20.0}, "datetime": {"datetime": "2024-01-19 00:33:50", "elapsed": 1333.114515, "delta": 0.002454}}
{"target": -13.758452810560966, "params": {"gamma": 430.69990687214886, "log10_alpha": -0.0588780094475414, "log10_colsample_bytree": -0.04113569936944683, "log10_eta": -3.371286166625916, "log10_lambda": 0.23803194387211946, "log10_min_child_weight": 1.7573294798459278, "log10_subsample": -0.533955598400558, "max_depth": 2.0, "num_boost_round": 21.0}, "datetime": {"datetime": "2024-01-19 00:33:50", "elapsed": 1333.116954, "delta": 0.002439}}
{"target": -13.758450632429348, "params": {"gamma": 430.69990687214886, "log10_alpha": -0.0588780094475414, "log10_colsample_bytree": -0.04113569936944683, "log10_eta": -3.371286166625916, "log10_lambda": 0.23803194387211946, "log10_min_child_weight": 1.7573294798459278, "log10_subsample": -0.533955598400558, "max_depth": 2.0, "num_boost_round": 22.0}, "datetime": {"datetime": "2024-01-19 00:33:50", "elapsed": 1333.119409, "delta": 0.002455}}
{"target": -13.758446433266881, "params": {"gamma": 430.69990687214886, "log10_alpha": -0.0588780094475414, "log10_colsample_bytree": -0.04113569936944683, "log10_eta": -3.371286166625916, "log10_lambda": 0.23803194387211946, "log10_min_child_weight": 1.7573294798459278, "log10_subsample": -0.533955598400558, "max_depth": 2.0, "num_boost_round": 23.0}, "datetime": {"datetime": "2024-01-19 00:33:50", "elapsed": 1333.121868, "delta": 0.002459}}
{"target": -13.758446507752105, "params": {"gamma": 430.69990687214886, "log10_alpha": -0.0588780094475414, "log10_colsample_bytree": -0.04113569936944683, "log10_eta": -3.371286166625916, "log10_lambda": 0.23803194387211946, "log10_min_child_weight": 1.7573294798459278, "log10_subsample": -0.533955598400558, "max_depth": 2.0, "num_boost_round": 24.0}, "datetime": {"datetime": "2024-01-19 00:33:50", "elapsed": 1333.124323, "delta": 0.002455}}
{"target": -13.758442214950255, "params": {"gamma": 430.69990687214886, "log10_alpha": -0.0588780094475414, "log10_colsample_bytree": -0.04113569936944683, "log10_eta": -3.371286166625916, "log10_lambda": 0.23803194387211946, "log10_min_child_weight": 1.7573294798459278, "log10_subsample": -0.533955598400558, "max_depth": 2.0, "num_boost_round": 25.0}, "datetime": {"datetime": "2024-01-19 00:33:50", "elapsed": 1333.126776, "delta": 0.002453}}
{"target": -13.758438166518989, "params": {"gamma": 430.69990687214886, "log10_alpha": -0.0588780094475414, "log10_colsample_bytree": -0.04113569936944683, "log10_eta": -3.371286166625916, "log10_lambda": 0.23803194387211946, "log10_min_child_weight": 1.7573294798459278, "log10_subsample": -0.533955598400558, "max_depth": 2.0, "num_boost_round": 26.0}, "datetime": {"datetime": "2024-01-19 00:33:50", "elapsed": 1333.129248, "delta": 0.002472}}
{"target": -13.758431916645893, "params": {"gamma": 430.69990687214886, "log10_alpha": -0.0588780094475414, "log10_colsample_bytree": -0.04113569936944683, "log10_eta": -3.371286166625916, "log10_lambda": 0.23803194387211946, "log10_min_child_weight": 1.7573294798459278, "log10_subsample": -0.533955598400558, "max_depth": 2.0, "num_boost_round": 27.0}, "datetime": {"datetime": "2024-01-19 00:33:50", "elapsed": 1333.131689, "delta": 0.002441}}
{"target": -13.758428042511687, "params": {"gamma": 430.69990687214886, "log10_alpha": -0.0588780094475414, "log10_colsample_bytree": -0.04113569936944683, "log10_eta": -3.371286166625916, "log10_lambda": 0.23803194387211946, "log10_min_child_weight": 1.7573294798459278, "log10_subsample": -0.533955598400558, "max_depth": 2.0, "num_boost_round": 28.0}, "datetime": {"datetime": "2024-01-19 00:33:50", "elapsed": 1333.1341, "delta": 0.002411}}
{"target": -13.758418232523583, "params": {"gamma": 430.69990687214886, "log10_alpha": -0.0588780094475414, "log10_colsample_bytree": -0.04113569936944683, "log10_eta": -3.371286166625916, "log10_lambda": 0.23803194387211946, "log10_min_child_weight": 1.7573294798459278, "log10_subsample": -0.533955598400558, "max_depth": 2.0, "num_boost_round": 29.0}, "datetime": {"datetime": "2024-01-19 00:33:50", "elapsed": 1333.136518, "delta": 0.002418}}
{"target": -13.758414403260568, "params": {"gamma": 430.69990687214886, "log10_alpha": -0.0588780094475414, "log10_colsample_bytree": -0.04113569936944683, "log10_eta": -3.371286166625916, "log10_lambda": 0.23803194387211946, "log10_min_child_weight": 1.7573294798459278, "log10_subsample": -0.533955598400558, "max_depth": 2.0, "num_boost_round": 30.0}, "datetime": {"datetime": "2024-01-19 00:33:50", "elapsed": 1333.139369, "delta": 0.002851}}
{"target": -13.758538375450582, "params": {"gamma": 410.681687416302, "log10_alpha": 1.0, "log10_colsample_bytree": -1.0, "log10_eta": -2.280092521769205, "log10_lambda": -1.3816456177095024, "log10_min_child_weight": 5.0, "log10_subsample": -1.0, "max_depth": 10.0, "num_boost_round": 0.0}, "datetime": {"datetime": "2024-01-19 00:34:21", "elapsed": 1364.602769, "delta": 31.4634}}
{"target": -13.758538387159218, "params": {"gamma": 410.681687416302, "log10_alpha": 1.0, "log10_colsample_bytree": -1.0, "log10_eta": -2.280092521769205, "log10_lambda": -1.3816456177095024, "log10_min_child_weight": 5.0, "log10_subsample": -1.0, "max_depth": 10.0, "num_boost_round": 1.0}, "datetime": {"datetime": "2024-01-19 00:34:21", "elapsed": 1364.68454, "delta": 0.081771}}
{"target": -13.75853833176121, "params": {"gamma": 410.681687416302, "log10_alpha": 1.0, "log10_colsample_bytree": -1.0, "log10_eta": -2.280092521769205, "log10_lambda": -1.3816456177095024, "log10_min_child_weight": 5.0, "log10_subsample": -1.0, "max_depth": 10.0, "num_boost_round": 2.0}, "datetime": {"datetime": "2024-01-19 00:34:21", "elapsed": 1364.687316, "delta": 0.002776}}
{"target": -13.758538380002642, "params": {"gamma": 410.681687416302, "log10_alpha": 1.0, "log10_colsample_bytree": -1.0, "log10_eta": -2.280092521769205, "log10_lambda": -1.3816456177095024, "log10_min_child_weight": 5.0, "log10_subsample": -1.0, "max_depth": 10.0, "num_boost_round": 3.0}, "datetime": {"datetime": "2024-01-19 00:34:21", "elapsed": 1364.689993, "delta": 0.002677}}
{"target": -13.758538505658692, "params": {"gamma": 410.681687416302, "log10_alpha": 1.0, "log10_colsample_bytree": -1.0, "log10_eta": -2.280092521769205, "log10_lambda": -1.3816456177095024, "log10_min_child_weight": 5.0, "log10_subsample": -1.0, "max_depth": 10.0, "num_boost_round": 4.0}, "datetime": {"datetime": "2024-01-19 00:34:21", "elapsed": 1364.692795, "delta": 0.002802}}
{"target": -13.758538656839592, "params": {"gamma": 410.681687416302, "log10_alpha": 1.0, "log10_colsample_bytree": -1.0, "log10_eta": -2.280092521769205, "log10_lambda": -1.3816456177095024, "log10_min_child_weight": 5.0, "log10_subsample": -1.0, "max_depth": 10.0, "num_boost_round": 5.0}, "datetime": {"datetime": "2024-01-19 00:34:21", "elapsed": 1364.695454, "delta": 0.002659}}
{"target": -13.758538456268909, "params": {"gamma": 410.681687416302, "log10_alpha": 1.0, "log10_colsample_bytree": -1.0, "log10_eta": -2.280092521769205, "log10_lambda": -1.3816456177095024, "log10_min_child_weight": 5.0, "log10_subsample": -1.0, "max_depth": 10.0, "num_boost_round": 6.0}, "datetime": {"datetime": "2024-01-19 00:34:21", "elapsed": 1364.698078, "delta": 0.002624}}
{"target": -13.758538200419862, "params": {"gamma": 410.681687416302, "log10_alpha": 1.0, "log10_colsample_bytree": -1.0, "log10_eta": -2.280092521769205, "log10_lambda": -1.3816456177095024, "log10_min_child_weight": 5.0, "log10_subsample": -1.0, "max_depth": 10.0, "num_boost_round": 7.0}, "datetime": {"datetime": "2024-01-19 00:34:21", "elapsed": 1364.700638, "delta": 0.00256}}
{"target": -13.75853821086468, "params": {"gamma": 410.681687416302, "log10_alpha": 1.0, "log10_colsample_bytree": -1.0, "log10_eta": -2.280092521769205, "log10_lambda": -1.3816456177095024, "log10_min_child_weight": 5.0, "log10_subsample": -1.0, "max_depth": 10.0, "num_boost_round": 8.0}, "datetime": {"datetime": "2024-01-19 00:34:21", "elapsed": 1364.703151, "delta": 0.002513}}
{"target": -13.758538081238173, "params": {"gamma": 410.681687416302, "log10_alpha": 1.0, "log10_colsample_bytree": -1.0, "log10_eta": -2.280092521769205, "log10_lambda": -1.3816456177095024, "log10_min_child_weight": 5.0, "log10_subsample": -1.0, "max_depth": 10.0, "num_boost_round": 9.0}, "datetime": {"datetime": "2024-01-19 00:34:21", "elapsed": 1364.705673, "delta": 0.002522}}
{"target": -13.758538084512566, "params": {"gamma": 410.681687416302, "log10_alpha": 1.0, "log10_colsample_bytree": -1.0, "log10_eta": -2.280092521769205, "log10_lambda": -1.3816456177095024, "log10_min_child_weight": 5.0, "log10_subsample": -1.0, "max_depth": 10.0, "num_boost_round": 10.0}, "datetime": {"datetime": "2024-01-19 00:34:21", "elapsed": 1364.708304, "delta": 0.002631}}
{"target": -13.758538063173486, "params": {"gamma": 410.681687416302, "log10_alpha": 1.0, "log10_colsample_bytree": -1.0, "log10_eta": -2.280092521769205, "log10_lambda": -1.3816456177095024, "log10_min_child_weight": 5.0, "log10_subsample": -1.0, "max_depth": 10.0, "num_boost_round": 11.0}, "datetime": {"datetime": "2024-01-19 00:34:21", "elapsed": 1364.710914, "delta": 0.00261}}
{"target": -13.758538174521593, "params": {"gamma": 410.681687416302, "log10_alpha": 1.0, "log10_colsample_bytree": -1.0, "log10_eta": -2.280092521769205, "log10_lambda": -1.3816456177095024, "log10_min_child_weight": 5.0, "log10_subsample": -1.0, "max_depth": 10.0, "num_boost_round": 12.0}, "datetime": {"datetime": "2024-01-19 00:34:21", "elapsed": 1364.713432, "delta": 0.002518}}
{"target": -13.758538335148916, "params": {"gamma": 410.681687416302, "log10_alpha": 1.0, "log10_colsample_bytree": -1.0, "log10_eta": -2.280092521769205, "log10_lambda": -1.3816456177095024, "log10_min_child_weight": 5.0, "log10_subsample": -1.0, "max_depth": 10.0, "num_boost_round": 13.0}, "datetime": {"datetime": "2024-01-19 00:34:21", "elapsed": 1364.715982, "delta": 0.00255}}
{"target": -13.758538456066873, "params": {"gamma": 410.681687416302, "log10_alpha": 1.0, "log10_colsample_bytree": -1.0, "log10_eta": -2.280092521769205, "log10_lambda": -1.3816456177095024, "log10_min_child_weight": 5.0, "log10_subsample": -1.0, "max_depth": 10.0, "num_boost_round": 14.0}, "datetime": {"datetime": "2024-01-19 00:34:21", "elapsed": 1364.718517, "delta": 0.002535}}
{"target": -13.758538486459406, "params": {"gamma": 410.681687416302, "log10_alpha": 1.0, "log10_colsample_bytree": -1.0, "log10_eta": -2.280092521769205, "log10_lambda": -1.3816456177095024, "log10_min_child_weight": 5.0, "log10_subsample": -1.0, "max_depth": 10.0, "num_boost_round": 15.0}, "datetime": {"datetime": "2024-01-19 00:34:21", "elapsed": 1364.721032, "delta": 0.002515}}
{"target": -13.758538525609717, "params": {"gamma": 410.681687416302, "log10_alpha": 1.0, "log10_colsample_bytree": -1.0, "log10_eta": -2.280092521769205, "log10_lambda": -1.3816456177095024, "log10_min_child_weight": 5.0, "log10_subsample": -1.0, "max_depth": 10.0, "num_boost_round": 16.0}, "datetime": {"datetime": "2024-01-19 00:34:21", "elapsed": 1364.723591, "delta": 0.002559}}
{"target": -13.758538517622108, "params": {"gamma": 410.681687416302, "log10_alpha": 1.0, "log10_colsample_bytree": -1.0, "log10_eta": -2.280092521769205, "log10_lambda": -1.3816456177095024, "log10_min_child_weight": 5.0, "log10_subsample": -1.0, "max_depth": 10.0, "num_boost_round": 17.0}, "datetime": {"datetime": "2024-01-19 00:34:21", "elapsed": 1364.726114, "delta": 0.002523}}
{"target": -13.758538643579039, "params": {"gamma": 410.681687416302, "log10_alpha": 1.0, "log10_colsample_bytree": -1.0, "log10_eta": -2.280092521769205, "log10_lambda": -1.3816456177095024, "log10_min_child_weight": 5.0, "log10_subsample": -1.0, "max_depth": 10.0, "num_boost_round": 18.0}, "datetime": {"datetime": "2024-01-19 00:34:21", "elapsed": 1364.728645, "delta": 0.002531}}
{"target": -13.758538778255843, "params": {"gamma": 410.681687416302, "log10_alpha": 1.0, "log10_colsample_bytree": -1.0, "log10_eta": -2.280092521769205, "log10_lambda": -1.3816456177095024, "log10_min_child_weight": 5.0, "log10_subsample": -1.0, "max_depth": 10.0, "num_boost_round": 19.0}, "datetime": {"datetime": "2024-01-19 00:34:21", "elapsed": 1364.731342, "delta": 0.002697}}
{"target": -13.758538746714436, "params": {"gamma": 410.681687416302, "log10_alpha": 1.0, "log10_colsample_bytree": -1.0, "log10_eta": -2.280092521769205, "log10_lambda": -1.3816456177095024, "log10_min_child_weight": 5.0, "log10_subsample": -1.0, "max_depth": 10.0, "num_boost_round": 20.0}, "datetime": {"datetime": "2024-01-19 00:34:21", "elapsed": 1364.733872, "delta": 0.00253}}
{"target": -13.75853866173293, "params": {"gamma": 410.681687416302, "log10_alpha": 1.0, "log10_colsample_bytree": -1.0, "log10_eta": -2.280092521769205, "log10_lambda": -1.3816456177095024, "log10_min_child_weight": 5.0, "log10_subsample": -1.0, "max_depth": 10.0, "num_boost_round": 21.0}, "datetime": {"datetime": "2024-01-19 00:34:21", "elapsed": 1364.73642, "delta": 0.002548}}
{"target": -13.758538607294264, "params": {"gamma": 410.681687416302, "log10_alpha": 1.0, "log10_colsample_bytree": -1.0, "log10_eta": -2.280092521769205, "log10_lambda": -1.3816456177095024, "log10_min_child_weight": 5.0, "log10_subsample": -1.0, "max_depth": 10.0, "num_boost_round": 22.0}, "datetime": {"datetime": "2024-01-19 00:34:21", "elapsed": 1364.738976, "delta": 0.002556}}
