{"target": -17.848378212114515, "params": {"gamma": 956.9968349989152, "log10_alpha": 0.6440976171358193, "log10_colsample_bytree": -0.5235029831348775, "log10_eta": -0.8244737729253591, "log10_lambda": -4.327640418398328, "log10_min_child_weight": 3.0577867359586457, "log10_subsample": -0.5706732349798688, "max_depth": 8.0, "num_boost_round": 21.0}, "datetime": {"datetime": "2024-01-19 00:30:10", "elapsed": 1103.960497, "delta": 0.001543}}
{"target": -17.85396565399727, "params": {"gamma": 956.9968349989152, "log10_alpha": 0.6440976171358193, "log10_colsample_bytree": -0.5235029831348775, "log10_eta": -0.8244737729253591, "log10_lambda": -4.327640418398328, "log10_min_child_weight": 3.0577867359586457, "log10_subsample": -0.5706732349798688, "max_depth": 8.0, "num_boost_round": 22.0}, "datetime": {"datetime": "2024-01-19 00:30:10", "elapsed": 1103.962047, "delta": 0.00155}}
{"target": -17.677186702512042, "params": {"gamma": 969.9495534712925, "log10_alpha": -0.6273519843799438, "log10_colsample_bytree": -0.759265597607267, "log10_eta": -2.776039511426947, "log10_lambda": -3.748036386717626, "log10_min_child_weight": 1.4040208719977736, "log10_subsample": -0.6594949693669176, "max_depth": 5.0, "num_boost_round": 0.0}, "datetime": {"datetime": "2024-01-19 00:30:31", "elapsed": 1124.981159, "delta": 21.019112}}
{"target": -17.677058018518682, "params": {"gamma": 969.9495534712925, "log10_alpha": -0.6273519843799438, "log10_colsample_bytree": -0.759265597607267, "log10_eta": -2.776039511426947, "log10_lambda": -3.748036386717626, "log10_min_child_weight": 1.4040208719977736, "log10_subsample": -0.6594949693669176, "max_depth": 5.0, "num_boost_round": 1.0}, "datetime": {"datetime": "2024-01-19 00:30:31", "elapsed": 1124.983616, "delta": 0.002457}}
{"target": -17.676957804790458, "params": {"gamma": 969.9495534712925, "log10_alpha": -0.6273519843799438, "log10_colsample_bytree": -0.759265597607267, "log10_eta": -2.776039511426947, "log10_lambda": -3.748036386717626, "log10_min_child_weight": 1.4040208719977736, "log10_subsample": -0.6594949693669176, "max_depth": 5.0, "num_boost_round": 2.0}, "datetime": {"datetime": "2024-01-19 00:30:31", "elapsed": 1124.985178, "delta": 0.001562}}
{"target": -17.676860740685484, "params": {"gamma": 969.9495534712925, "log10_alpha": -0.6273519843799438, "log10_colsample_bytree": -0.759265597607267, "log10_eta": -2.776039511426947, "log10_lambda": -3.748036386717626, "log10_min_child_weight": 1.4040208719977736, "log10_subsample": -0.6594949693669176, "max_depth": 5.0, "num_boost_round": 3.0}, "datetime": {"datetime": "2024-01-19 00:30:31", "elapsed": 1124.986853, "delta": 0.001675}}
{"target": -17.676815020225334, "params": {"gamma": 969.9495534712925, "log10_alpha": -0.6273519843799438, "log10_colsample_bytree": -0.759265597607267, "log10_eta": -2.776039511426947, "log10_lambda": -3.748036386717626, "log10_min_child_weight": 1.4040208719977736, "log10_subsample": -0.6594949693669176, "max_depth": 5.0, "num_boost_round": 4.0}, "datetime": {"datetime": "2024-01-19 00:30:31", "elapsed": 1124.988421, "delta": 0.001568}}
{"target": -17.6767024642988, "params": {"gamma": 969.9495534712925, "log10_alpha": -0.6273519843799438, "log10_colsample_bytree": -0.759265597607267, "log10_eta": -2.776039511426947, "log10_lambda": -3.748036386717626, "log10_min_child_weight": 1.4040208719977736, "log10_subsample": -0.6594949693669176, "max_depth": 5.0, "num_boost_round": 5.0}, "datetime": {"datetime": "2024-01-19 00:30:31", "elapsed": 1124.989949, "delta": 0.001528}}
{"target": -17.67669372588425, "params": {"gamma": 969.9495534712925, "log10_alpha": -0.6273519843799438, "log10_colsample_bytree": -0.759265597607267, "log10_eta": -2.776039511426947, "log10_lambda": -3.748036386717626, "log10_min_child_weight": 1.4040208719977736, "log10_subsample": -0.6594949693669176, "max_depth": 5.0, "num_boost_round": 6.0}, "datetime": {"datetime": "2024-01-19 00:30:31", "elapsed": 1124.991626, "delta": 0.001677}}
{"target": -17.676646326327617, "params": {"gamma": 969.9495534712925, "log10_alpha": -0.6273519843799438, "log10_colsample_bytree": -0.759265597607267, "log10_eta": -2.776039511426947, "log10_lambda": -3.748036386717626, "log10_min_child_weight": 1.4040208719977736, "log10_subsample": -0.6594949693669176, "max_depth": 5.0, "num_boost_round": 7.0}, "datetime": {"datetime": "2024-01-19 00:30:31", "elapsed": 1124.993176, "delta": 0.00155}}
{"target": -17.676689864799304, "params": {"gamma": 969.9495534712925, "log10_alpha": -0.6273519843799438, "log10_colsample_bytree": -0.759265597607267, "log10_eta": -2.776039511426947, "log10_lambda": -3.748036386717626, "log10_min_child_weight": 1.4040208719977736, "log10_subsample": -0.6594949693669176, "max_depth": 5.0, "num_boost_round": 8.0}, "datetime": {"datetime": "2024-01-19 00:30:31", "elapsed": 1124.994722, "delta": 0.001546}}
{"target": -17.67667839053637, "params": {"gamma": 969.9495534712925, "log10_alpha": -0.6273519843799438, "log10_colsample_bytree": -0.759265597607267, "log10_eta": -2.776039511426947, "log10_lambda": -3.748036386717626, "log10_min_child_weight": 1.4040208719977736, "log10_subsample": -0.6594949693669176, "max_depth": 5.0, "num_boost_round": 9.0}, "datetime": {"datetime": "2024-01-19 00:30:31", "elapsed": 1124.996247, "delta": 0.001525}}
{"target": -17.67693582342419, "params": {"gamma": 962.0165111354336, "log10_alpha": -0.8340425162569041, "log10_colsample_bytree": -0.08232912979510676, "log10_eta": -2.4438035820074506, "log10_lambda": -3.633203052091233, "log10_min_child_weight": 1.2732928224347628, "log10_subsample": -0.2675056105737559, "max_depth": 9.0, "num_boost_round": 0.0}, "datetime": {"datetime": "2024-01-19 00:31:04", "elapsed": 1158.659487, "delta": 33.66324}}
{"target": -17.676705753567262, "params": {"gamma": 962.0165111354336, "log10_alpha": -0.8340425162569041, "log10_colsample_bytree": -0.08232912979510676, "log10_eta": -2.4438035820074506, "log10_lambda": -3.633203052091233, "log10_min_child_weight": 1.2732928224347628, "log10_subsample": -0.2675056105737559, "max_depth": 9.0, "num_boost_round": 1.0}, "datetime": {"datetime": "2024-01-19 00:31:04", "elapsed": 1158.661472, "delta": 0.001985}}
{"target": -17.6766686439534, "params": {"gamma": 962.0165111354336, "log10_alpha": -0.8340425162569041, "log10_colsample_bytree": -0.08232912979510676, "log10_eta": -2.4438035820074506, "log10_lambda": -3.633203052091233, "log10_min_child_weight": 1.2732928224347628, "log10_subsample": -0.2675056105737559, "max_depth": 9.0, "num_boost_round": 2.0}, "datetime": {"datetime": "2024-01-19 00:31:04", "elapsed": 1158.663668, "delta": 0.002196}}
{"target": -17.676614665517427, "params": {"gamma": 962.0165111354336, "log10_alpha": -0.8340425162569041, "log10_colsample_bytree": -0.08232912979510676, "log10_eta": -2.4438035820074506, "log10_lambda": -3.633203052091233, "log10_min_child_weight": 1.2732928224347628, "log10_subsample": -0.2675056105737559, "max_depth": 9.0, "num_boost_round": 3.0}, "datetime": {"datetime": "2024-01-19 00:31:04", "elapsed": 1158.665799, "delta": 0.002131}}
{"target": -17.676674265679136, "params": {"gamma": 962.0165111354336, "log10_alpha": -0.8340425162569041, "log10_colsample_bytree": -0.08232912979510676, "log10_eta": -2.4438035820074506, "log10_lambda": -3.633203052091233, "log10_min_child_weight": 1.2732928224347628, "log10_subsample": -0.2675056105737559, "max_depth": 9.0, "num_boost_round": 4.0}, "datetime": {"datetime": "2024-01-19 00:31:04", "elapsed": 1158.667964, "delta": 0.002165}}
{"target": -17.676410339471406, "params": {"gamma": 962.0165111354336, "log10_alpha": -0.8340425162569041, "log10_colsample_bytree": -0.08232912979510676, "log10_eta": -2.4438035820074506, "log10_lambda": -3.633203052091233, "log10_min_child_weight": 1.2732928224347628, "log10_subsample": -0.2675056105737559, "max_depth": 9.0, "num_boost_round": 5.0}, "datetime": {"datetime": "2024-01-19 00:31:04", "elapsed": 1158.669726, "delta": 0.001762}}
{"target": -17.67668157253417, "params": {"gamma": 962.0165111354336, "log10_alpha": -0.8340425162569041, "log10_colsample_bytree": -0.08232912979510676, "log10_eta": -2.4438035820074506, "log10_lambda": -3.633203052091233, "log10_min_child_weight": 1.2732928224347628, "log10_subsample": -0.2675056105737559, "max_depth": 9.0, "num_boost_round": 6.0}, "datetime": {"datetime": "2024-01-19 00:31:04", "elapsed": 1158.671304, "delta": 0.001578}}
{"target": -17.67648025670027, "params": {"gamma": 962.0165111354336, "log10_alpha": -0.8340425162569041, "log10_colsample_bytree": -0.08232912979510676, "log10_eta": -2.4438035820074506, "log10_lambda": -3.633203052091233, "log10_min_child_weight": 1.2732928224347628, "log10_subsample": -0.2675056105737559, "max_depth": 9.0, "num_boost_round": 7.0}, "datetime": {"datetime": "2024-01-19 00:31:04", "elapsed": 1158.672922, "delta": 0.001618}}
{"target": -17.676054211517425, "params": {"gamma": 962.0165111354336, "log10_alpha": -0.8340425162569041, "log10_colsample_bytree": -0.08232912979510676, "log10_eta": -2.4438035820074506, "log10_lambda": -3.633203052091233, "log10_min_child_weight": 1.2732928224347628, "log10_subsample": -0.2675056105737559, "max_depth": 9.0, "num_boost_round": 8.0}, "datetime": {"datetime": "2024-01-19 00:31:04", "elapsed": 1158.674503, "delta": 0.001581}}
{"target": -17.675937370414065, "params": {"gamma": 962.0165111354336, "log10_alpha": -0.8340425162569041, "log10_colsample_bytree": -0.08232912979510676, "log10_eta": -2.4438035820074506, "log10_lambda": -3.633203052091233, "log10_min_child_weight": 1.2732928224347628, "log10_subsample": -0.2675056105737559, "max_depth": 9.0, "num_boost_round": 9.0}, "datetime": {"datetime": "2024-01-19 00:31:04", "elapsed": 1158.676061, "delta": 0.001558}}
{"target": -17.675487962231045, "params": {"gamma": 962.0165111354336, "log10_alpha": -0.8340425162569041, "log10_colsample_bytree": -0.08232912979510676, "log10_eta": -2.4438035820074506, "log10_lambda": -3.633203052091233, "log10_min_child_weight": 1.2732928224347628, "log10_subsample": -0.2675056105737559, "max_depth": 9.0, "num_boost_round": 10.0}, "datetime": {"datetime": "2024-01-19 00:31:04", "elapsed": 1158.677822, "delta": 0.001761}}
{"target": -17.67522322779014, "params": {"gamma": 962.0165111354336, "log10_alpha": -0.8340425162569041, "log10_colsample_bytree": -0.08232912979510676, "log10_eta": -2.4438035820074506, "log10_lambda": -3.633203052091233, "log10_min_child_weight": 1.2732928224347628, "log10_subsample": -0.2675056105737559, "max_depth": 9.0, "num_boost_round": 11.0}, "datetime": {"datetime": "2024-01-19 00:31:04", "elapsed": 1158.679472, "delta": 0.00165}}
{"target": -17.67522837966329, "params": {"gamma": 962.0165111354336, "log10_alpha": -0.8340425162569041, "log10_colsample_bytree": -0.08232912979510676, "log10_eta": -2.4438035820074506, "log10_lambda": -3.633203052091233, "log10_min_child_weight": 1.2732928224347628, "log10_subsample": -0.2675056105737559, "max_depth": 9.0, "num_boost_round": 12.0}, "datetime": {"datetime": "2024-01-19 00:31:04", "elapsed": 1158.681078, "delta": 0.001606}}
{"target": -17.6750610739899, "params": {"gamma": 962.0165111354336, "log10_alpha": -0.8340425162569041, "log10_colsample_bytree": -0.08232912979510676, "log10_eta": -2.4438035820074506, "log10_lambda": -3.633203052091233, "log10_min_child_weight": 1.2732928224347628, "log10_subsample": -0.2675056105737559, "max_depth": 9.0, "num_boost_round": 13.0}, "datetime": {"datetime": "2024-01-19 00:31:04", "elapsed": 1158.682704, "delta": 0.001626}}
{"target": -17.675027307878107, "params": {"gamma": 962.0165111354336, "log10_alpha": -0.8340425162569041, "log10_colsample_bytree": -0.08232912979510676, "log10_eta": -2.4438035820074506, "log10_lambda": -3.633203052091233, "log10_min_child_weight": 1.2732928224347628, "log10_subsample": -0.2675056105737559, "max_depth": 9.0, "num_boost_round": 14.0}, "datetime": {"datetime": "2024-01-19 00:31:04", "elapsed": 1158.684327, "delta": 0.001623}}
{"target": -17.67491765935931, "params": {"gamma": 962.0165111354336, "log10_alpha": -0.8340425162569041, "log10_colsample_bytree": -0.08232912979510676, "log10_eta": -2.4438035820074506, "log10_lambda": -3.633203052091233, "log10_min_child_weight": 1.2732928224347628, "log10_subsample": -0.2675056105737559, "max_depth": 9.0, "num_boost_round": 15.0}, "datetime": {"datetime": "2024-01-19 00:31:04", "elapsed": 1158.685951, "delta": 0.001624}}
{"target": -17.67462243938117, "params": {"gamma": 962.0165111354336, "log10_alpha": -0.8340425162569041, "log10_colsample_bytree": -0.08232912979510676, "log10_eta": -2.4438035820074506, "log10_lambda": -3.633203052091233, "log10_min_child_weight": 1.2732928224347628, "log10_subsample": -0.2675056105737559, "max_depth": 9.0, "num_boost_round": 16.0}, "datetime": {"datetime": "2024-01-19 00:31:04", "elapsed": 1158.687577, "delta": 0.001626}}
{"target": -17.674484950932218, "params": {"gamma": 962.0165111354336, "log10_alpha": -0.8340425162569041, "log10_colsample_bytree": -0.08232912979510676, "log10_eta": -2.4438035820074506, "log10_lambda": -3.633203052091233, "log10_min_child_weight": 1.2732928224347628, "log10_subsample": -0.2675056105737559, "max_depth": 9.0, "num_boost_round": 17.0}, "datetime": {"datetime": "2024-01-19 00:31:04", "elapsed": 1158.689191, "delta": 0.001614}}
{"target": -17.674330109352837, "params": {"gamma": 962.0165111354336, "log10_alpha": -0.8340425162569041, "log10_colsample_bytree": -0.08232912979510676, "log10_eta": -2.4438035820074506, "log10_lambda": -3.633203052091233, "log10_min_child_weight": 1.2732928224347628, "log10_subsample": -0.2675056105737559, "max_depth": 9.0, "num_boost_round": 18.0}, "datetime": {"datetime": "2024-01-19 00:31:04", "elapsed": 1158.690797, "delta": 0.001606}}
{"target": -17.674512761567932, "params": {"gamma": 962.0165111354336, "log10_alpha": -0.8340425162569041, "log10_colsample_bytree": -0.08232912979510676, "log10_eta": -2.4438035820074506, "log10_lambda": -3.633203052091233, "log10_min_child_weight": 1.2732928224347628, "log10_subsample": -0.2675056105737559, "max_depth": 9.0, "num_boost_round": 19.0}, "datetime": {"datetime": "2024-01-19 00:31:04", "elapsed": 1158.692403, "delta": 0.001606}}
{"target": -17.674528331186796, "params": {"gamma": 962.0165111354336, "log10_alpha": -0.8340425162569041, "log10_colsample_bytree": -0.08232912979510676, "log10_eta": -2.4438035820074506, "log10_lambda": -3.633203052091233, "log10_min_child_weight": 1.2732928224347628, "log10_subsample": -0.2675056105737559, "max_depth": 9.0, "num_boost_round": 20.0}, "datetime": {"datetime": "2024-01-19 00:31:04", "elapsed": 1158.693999, "delta": 0.001596}}
{"target": -17.67458728331926, "params": {"gamma": 962.0165111354336, "log10_alpha": -0.8340425162569041, "log10_colsample_bytree": -0.08232912979510676, "log10_eta": -2.4438035820074506, "log10_lambda": -3.633203052091233, "log10_min_child_weight": 1.2732928224347628, "log10_subsample": -0.2675056105737559, "max_depth": 9.0, "num_boost_round": 21.0}, "datetime": {"datetime": "2024-01-19 00:31:04", "elapsed": 1158.695592, "delta": 0.001593}}
{"target": -17.674288308850617, "params": {"gamma": 962.0165111354336, "log10_alpha": -0.8340425162569041, "log10_colsample_bytree": -0.08232912979510676, "log10_eta": -2.4438035820074506, "log10_lambda": -3.633203052091233, "log10_min_child_weight": 1.2732928224347628, "log10_subsample": -0.2675056105737559, "max_depth": 9.0, "num_boost_round": 22.0}, "datetime": {"datetime": "2024-01-19 00:31:04", "elapsed": 1158.697196, "delta": 0.001604}}
{"target": -17.674399237131265, "params": {"gamma": 962.0165111354336, "log10_alpha": -0.8340425162569041, "log10_colsample_bytree": -0.08232912979510676, "log10_eta": -2.4438035820074506, "log10_lambda": -3.633203052091233, "log10_min_child_weight": 1.2732928224347628, "log10_subsample": -0.2675056105737559, "max_depth": 9.0, "num_boost_round": 23.0}, "datetime": {"datetime": "2024-01-19 00:31:04", "elapsed": 1158.698823, "delta": 0.001627}}
{"target": -17.677220279342354, "params": {"gamma": 963.418611616212, "log10_alpha": 0.15801095069481708, "log10_colsample_bytree": -0.06493905709282932, "log10_eta": -3.5872186853344994, "log10_lambda": -4.525047840849897, "log10_min_child_weight": 1.5991689693788924, "log10_subsample": -0.012841272540149107, "max_depth": 8.0, "num_boost_round": 0.0}, "datetime": {"datetime": "2024-01-19 00:31:38", "elapsed": 1191.96288, "delta": 33.264057}}
{"target": -17.67721734763396, "params": {"gamma": 963.418611616212, "log10_alpha": 0.15801095069481708, "log10_colsample_bytree": -0.06493905709282932, "log10_eta": -3.5872186853344994, "log10_lambda": -4.525047840849897, "log10_min_child_weight": 1.5991689693788924, "log10_subsample": -0.012841272540149107, "max_depth": 8.0, "num_boost_round": 1.0}, "datetime": {"datetime": "2024-01-19 00:31:38", "elapsed": 1191.964863, "delta": 0.001983}}
{"target": -17.677192490767304, "params": {"gamma": 963.418611616212, "log10_alpha": 0.15801095069481708, "log10_colsample_bytree": -0.06493905709282932, "log10_eta": -3.5872186853344994, "log10_lambda": -4.525047840849897, "log10_min_child_weight": 1.5991689693788924, "log10_subsample": -0.012841272540149107, "max_depth": 8.0, "num_boost_round": 2.0}, "datetime": {"datetime": "2024-01-19 00:31:38", "elapsed": 1191.967025, "delta": 0.002162}}
{"target": -17.677185258961913, "params": {"gamma": 963.418611616212, "log10_alpha": 0.15801095069481708, "log10_colsample_bytree": -0.06493905709282932, "log10_eta": -3.5872186853344994, "log10_lambda": -4.525047840849897, "log10_min_child_weight": 1.5991689693788924, "log10_subsample": -0.012841272540149107, "max_depth": 8.0, "num_boost_round": 3.0}, "datetime": {"datetime": "2024-01-19 00:31:38", "elapsed": 1191.968651, "delta": 0.001626}}
{"target": -17.67716531120915, "params": {"gamma": 963.418611616212, "log10_alpha": 0.15801095069481708, "log10_colsample_bytree": -0.06493905709282932, "log10_eta": -3.5872186853344994, "log10_lambda": -4.525047840849897, "log10_min_child_weight": 1.5991689693788924, "log10_subsample": -0.012841272540149107, "max_depth": 8.0, "num_boost_round": 4.0}, "datetime": {"datetime": "2024-01-19 00:31:38", "elapsed": 1191.970336, "delta": 0.001685}}
{"target": -17.67714864971573, "params": {"gamma": 963.418611616212, "log10_alpha": 0.15801095069481708, "log10_colsample_bytree": -0.06493905709282932, "log10_eta": -3.5872186853344994, "log10_lambda": -4.525047840849897, "log10_min_child_weight": 1.5991689693788924, "log10_subsample": -0.012841272540149107, "max_depth": 8.0, "num_boost_round": 5.0}, "datetime": {"datetime": "2024-01-19 00:31:38", "elapsed": 1191.972025, "delta": 0.001689}}
{"target": -17.677151379894532, "params": {"gamma": 963.418611616212, "log10_alpha": 0.15801095069481708, "log10_colsample_bytree": -0.06493905709282932, "log10_eta": -3.5872186853344994, "log10_lambda": -4.525047840849897, "log10_min_child_weight": 1.5991689693788924, "log10_subsample": -0.012841272540149107, "max_depth": 8.0, "num_boost_round": 6.0}, "datetime": {"datetime": "2024-01-19 00:31:38", "elapsed": 1191.973628, "delta": 0.001603}}
{"target": -17.677139015585766, "params": {"gamma": 963.418611616212, "log10_alpha": 0.15801095069481708, "log10_colsample_bytree": -0.06493905709282932, "log10_eta": -3.5872186853344994, "log10_lambda": -4.525047840849897, "log10_min_child_weight": 1.5991689693788924, "log10_subsample": -0.012841272540149107, "max_depth": 8.0, "num_boost_round": 7.0}, "datetime": {"datetime": "2024-01-19 00:31:38", "elapsed": 1191.975211, "delta": 0.001583}}
{"target": -17.677125952108042, "params": {"gamma": 963.418611616212, "log10_alpha": 0.15801095069481708, "log10_colsample_bytree": -0.06493905709282932, "log10_eta": -3.5872186853344994, "log10_lambda": -4.525047840849897, "log10_min_child_weight": 1.5991689693788924, "log10_subsample": -0.012841272540149107, "max_depth": 8.0, "num_boost_round": 8.0}, "datetime": {"datetime": "2024-01-19 00:31:38", "elapsed": 1191.97679, "delta": 0.001579}}
{"target": -17.677113692469607, "params": {"gamma": 963.418611616212, "log10_alpha": 0.15801095069481708, "log10_colsample_bytree": -0.06493905709282932, "log10_eta": -3.5872186853344994, "log10_lambda": -4.525047840849897, "log10_min_child_weight": 1.5991689693788924, "log10_subsample": -0.012841272540149107, "max_depth": 8.0, "num_boost_round": 9.0}, "datetime": {"datetime": "2024-01-19 00:31:38", "elapsed": 1191.978372, "delta": 0.001582}}
{"target": -17.677091369957072, "params": {"gamma": 963.418611616212, "log10_alpha": 0.15801095069481708, "log10_colsample_bytree": -0.06493905709282932, "log10_eta": -3.5872186853344994, "log10_lambda": -4.525047840849897, "log10_min_child_weight": 1.5991689693788924, "log10_subsample": -0.012841272540149107, "max_depth": 8.0, "num_boost_round": 10.0}, "datetime": {"datetime": "2024-01-19 00:31:38", "elapsed": 1191.979968, "delta": 0.001596}}
{"target": -17.677075561143972, "params": {"gamma": 963.418611616212, "log10_alpha": 0.15801095069481708, "log10_colsample_bytree": -0.06493905709282932, "log10_eta": -3.5872186853344994, "log10_lambda": -4.525047840849897, "log10_min_child_weight": 1.5991689693788924, "log10_subsample": -0.012841272540149107, "max_depth": 8.0, "num_boost_round": 11.0}, "datetime": {"datetime": "2024-01-19 00:31:38", "elapsed": 1191.981562, "delta": 0.001594}}
{"target": -17.677058666856215, "params": {"gamma": 963.418611616212, "log10_alpha": 0.15801095069481708, "log10_colsample_bytree": -0.06493905709282932, "log10_eta": -3.5872186853344994, "log10_lambda": -4.525047840849897, "log10_min_child_weight": 1.5991689693788924, "log10_subsample": -0.012841272540149107, "max_depth": 8.0, "num_boost_round": 12.0}, "datetime": {"datetime": "2024-01-19 00:31:38", "elapsed": 1191.98321, "delta": 0.001648}}
