{"target": -17.677105827743585, "params": {"gamma": 171.7605204822993, "log10_alpha": -2.0068417380187342, "log10_colsample_bytree": 0.0, "log10_eta": -4.0, "log10_lambda": 0.6411417477780371, "log10_min_child_weight": 2.3517793593998397, "log10_subsample": 0.0, "max_depth": 5.0, "num_boost_round": 28.0}, "datetime": {"datetime": "2024-01-19 00:43:35", "elapsed": 1900.46741, "delta": 0.002915}}
{"target": -17.67710153555912, "params": {"gamma": 171.7605204822993, "log10_alpha": -2.0068417380187342, "log10_colsample_bytree": 0.0, "log10_eta": -4.0, "log10_lambda": 0.6411417477780371, "log10_min_child_weight": 2.3517793593998397, "log10_subsample": 0.0, "max_depth": 5.0, "num_boost_round": 29.0}, "datetime": {"datetime": "2024-01-19 00:43:35", "elapsed": 1900.47053, "delta": 0.00312}}
{"target": -17.677097278903393, "params": {"gamma": 171.7605204822993, "log10_alpha": -2.0068417380187342, "log10_colsample_bytree": 0.0, "log10_eta": -4.0, "log10_lambda": 0.6411417477780371, "log10_min_child_weight": 2.3517793593998397, "log10_subsample": 0.0, "max_depth": 5.0, "num_boost_round": 30.0}, "datetime": {"datetime": "2024-01-19 00:43:35", "elapsed": 1900.473542, "delta": 0.003012}}
{"target": -17.677093030732483, "params": {"gamma": 171.7605204822993, "log10_alpha": -2.0068417380187342, "log10_colsample_bytree": 0.0, "log10_eta": -4.0, "log10_lambda": 0.6411417477780371, "log10_min_child_weight": 2.3517793593998397, "log10_subsample": 0.0, "max_depth": 5.0, "num_boost_round": 31.0}, "datetime": {"datetime": "2024-01-19 00:43:35", "elapsed": 1900.476453, "delta": 0.002911}}
{"target": -17.677088809914867, "params": {"gamma": 171.7605204822993, "log10_alpha": -2.0068417380187342, "log10_colsample_bytree": 0.0, "log10_eta": -4.0, "log10_lambda": 0.6411417477780371, "log10_min_child_weight": 2.3517793593998397, "log10_subsample": 0.0, "max_depth": 5.0, "num_boost_round": 32.0}, "datetime": {"datetime": "2024-01-19 00:43:35", "elapsed": 1900.479319, "delta": 0.002866}}
{"target": -17.677084526505897, "params": {"gamma": 171.7605204822993, "log10_alpha": -2.0068417380187342, "log10_colsample_bytree": 0.0, "log10_eta": -4.0, "log10_lambda": 0.6411417477780371, "log10_min_child_weight": 2.3517793593998397, "log10_subsample": 0.0, "max_depth": 5.0, "num_boost_round": 33.0}, "datetime": {"datetime": "2024-01-19 00:43:35", "elapsed": 1900.482144, "delta": 0.002825}}
{"target": -17.67708030042965, "params": {"gamma": 171.7605204822993, "log10_alpha": -2.0068417380187342, "log10_colsample_bytree": 0.0, "log10_eta": -4.0, "log10_lambda": 0.6411417477780371, "log10_min_child_weight": 2.3517793593998397, "log10_subsample": 0.0, "max_depth": 5.0, "num_boost_round": 34.0}, "datetime": {"datetime": "2024-01-19 00:43:35", "elapsed": 1900.484994, "delta": 0.00285}}
{"target": -17.677076099114508, "params": {"gamma": 171.7605204822993, "log10_alpha": -2.0068417380187342, "log10_colsample_bytree": 0.0, "log10_eta": -4.0, "log10_lambda": 0.6411417477780371, "log10_min_child_weight": 2.3517793593998397, "log10_subsample": 0.0, "max_depth": 5.0, "num_boost_round": 35.0}, "datetime": {"datetime": "2024-01-19 00:43:35", "elapsed": 1900.488053, "delta": 0.003059}}
{"target": -17.6770718589382, "params": {"gamma": 171.7605204822993, "log10_alpha": -2.0068417380187342, "log10_colsample_bytree": 0.0, "log10_eta": -4.0, "log10_lambda": 0.6411417477780371, "log10_min_child_weight": 2.3517793593998397, "log10_subsample": 0.0, "max_depth": 5.0, "num_boost_round": 36.0}, "datetime": {"datetime": "2024-01-19 00:43:35", "elapsed": 1900.491094, "delta": 0.003041}}
{"target": -17.67706768629065, "params": {"gamma": 171.7605204822993, "log10_alpha": -2.0068417380187342, "log10_colsample_bytree": 0.0, "log10_eta": -4.0, "log10_lambda": 0.6411417477780371, "log10_min_child_weight": 2.3517793593998397, "log10_subsample": 0.0, "max_depth": 5.0, "num_boost_round": 37.0}, "datetime": {"datetime": "2024-01-19 00:43:35", "elapsed": 1900.494033, "delta": 0.002939}}
{"target": -17.677063484562936, "params": {"gamma": 171.7605204822993, "log10_alpha": -2.0068417380187342, "log10_colsample_bytree": 0.0, "log10_eta": -4.0, "log10_lambda": 0.6411417477780371, "log10_min_child_weight": 2.3517793593998397, "log10_subsample": 0.0, "max_depth": 5.0, "num_boost_round": 38.0}, "datetime": {"datetime": "2024-01-19 00:43:35", "elapsed": 1900.496917, "delta": 0.002884}}
{"target": -17.677059352999287, "params": {"gamma": 171.7605204822993, "log10_alpha": -2.0068417380187342, "log10_colsample_bytree": 0.0, "log10_eta": -4.0, "log10_lambda": 0.6411417477780371, "log10_min_child_weight": 2.3517793593998397, "log10_subsample": 0.0, "max_depth": 5.0, "num_boost_round": 39.0}, "datetime": {"datetime": "2024-01-19 00:43:35", "elapsed": 1900.499915, "delta": 0.002998}}
{"target": -17.677055142436622, "params": {"gamma": 171.7605204822993, "log10_alpha": -2.0068417380187342, "log10_colsample_bytree": 0.0, "log10_eta": -4.0, "log10_lambda": 0.6411417477780371, "log10_min_child_weight": 2.3517793593998397, "log10_subsample": 0.0, "max_depth": 5.0, "num_boost_round": 40.0}, "datetime": {"datetime": "2024-01-19 00:43:35", "elapsed": 1900.502829, "delta": 0.002914}}
{"target": -17.677051024598814, "params": {"gamma": 171.7605204822993, "log10_alpha": -2.0068417380187342, "log10_colsample_bytree": 0.0, "log10_eta": -4.0, "log10_lambda": 0.6411417477780371, "log10_min_child_weight": 2.3517793593998397, "log10_subsample": 0.0, "max_depth": 5.0, "num_boost_round": 41.0}, "datetime": {"datetime": "2024-01-19 00:43:35", "elapsed": 1900.505806, "delta": 0.002977}}
{"target": -17.6770468262147, "params": {"gamma": 171.7605204822993, "log10_alpha": -2.0068417380187342, "log10_colsample_bytree": 0.0, "log10_eta": -4.0, "log10_lambda": 0.6411417477780371, "log10_min_child_weight": 2.3517793593998397, "log10_subsample": 0.0, "max_depth": 5.0, "num_boost_round": 42.0}, "datetime": {"datetime": "2024-01-19 00:43:35", "elapsed": 1900.508834, "delta": 0.003028}}
{"target": -17.677232662854166, "params": {"gamma": 158.58328518534216, "log10_alpha": -4.748543366436621, "log10_colsample_bytree": 0.0, "log10_eta": -4.0, "log10_lambda": 0.6206608745734741, "log10_min_child_weight": 5.0, "log10_subsample": -0.3683410191965276, "max_depth": 7.0, "num_boost_round": 0.0}, "datetime": {"datetime": "2024-01-19 00:44:27", "elapsed": 1952.37882, "delta": 51.869986}}
{"target": -17.67723204132114, "params": {"gamma": 158.58328518534216, "log10_alpha": -4.748543366436621, "log10_colsample_bytree": 0.0, "log10_eta": -4.0, "log10_lambda": 0.6206608745734741, "log10_min_child_weight": 5.0, "log10_subsample": -0.3683410191965276, "max_depth": 7.0, "num_boost_round": 1.0}, "datetime": {"datetime": "2024-01-19 00:44:27", "elapsed": 1952.382649, "delta": 0.003829}}
{"target": -17.677231514187202, "params": {"gamma": 158.58328518534216, "log10_alpha": -4.748543366436621, "log10_colsample_bytree": 0.0, "log10_eta": -4.0, "log10_lambda": 0.6206608745734741, "log10_min_child_weight": 5.0, "log10_subsample": -0.3683410191965276, "max_depth": 7.0, "num_boost_round": 2.0}, "datetime": {"datetime": "2024-01-19 00:44:27", "elapsed": 1952.385523, "delta": 0.002874}}
{"target": -17.677230977796654, "params": {"gamma": 158.58328518534216, "log10_alpha": -4.748543366436621, "log10_colsample_bytree": 0.0, "log10_eta": -4.0, "log10_lambda": 0.6206608745734741, "log10_min_child_weight": 5.0, "log10_subsample": -0.3683410191965276, "max_depth": 7.0, "num_boost_round": 3.0}, "datetime": {"datetime": "2024-01-19 00:44:27", "elapsed": 1952.388516, "delta": 0.002993}}
{"target": -17.67723045466137, "params": {"gamma": 158.58328518534216, "log10_alpha": -4.748543366436621, "log10_colsample_bytree": 0.0, "log10_eta": -4.0, "log10_lambda": 0.6206608745734741, "log10_min_child_weight": 5.0, "log10_subsample": -0.3683410191965276, "max_depth": 7.0, "num_boost_round": 4.0}, "datetime": {"datetime": "2024-01-19 00:44:27", "elapsed": 1952.391395, "delta": 0.002879}}
{"target": -17.677229960931477, "params": {"gamma": 158.58328518534216, "log10_alpha": -4.748543366436621, "log10_colsample_bytree": 0.0, "log10_eta": -4.0, "log10_lambda": 0.6206608745734741, "log10_min_child_weight": 5.0, "log10_subsample": -0.3683410191965276, "max_depth": 7.0, "num_boost_round": 5.0}, "datetime": {"datetime": "2024-01-19 00:44:27", "elapsed": 1952.394114, "delta": 0.002719}}
{"target": -17.677229468456602, "params": {"gamma": 158.58328518534216, "log10_alpha": -4.748543366436621, "log10_colsample_bytree": 0.0, "log10_eta": -4.0, "log10_lambda": 0.6206608745734741, "log10_min_child_weight": 5.0, "log10_subsample": -0.3683410191965276, "max_depth": 7.0, "num_boost_round": 6.0}, "datetime": {"datetime": "2024-01-19 00:44:27", "elapsed": 1952.396789, "delta": 0.002675}}
{"target": -17.6772289647146, "params": {"gamma": 158.58328518534216, "log10_alpha": -4.748543366436621, "log10_colsample_bytree": 0.0, "log10_eta": -4.0, "log10_lambda": 0.6206608745734741, "log10_min_child_weight": 5.0, "log10_subsample": -0.3683410191965276, "max_depth": 7.0, "num_boost_round": 7.0}, "datetime": {"datetime": "2024-01-19 00:44:27", "elapsed": 1952.399602, "delta": 0.002813}}
{"target": -17.677228351891635, "params": {"gamma": 158.58328518534216, "log10_alpha": -4.748543366436621, "log10_colsample_bytree": 0.0, "log10_eta": -4.0, "log10_lambda": 0.6206608745734741, "log10_min_child_weight": 5.0, "log10_subsample": -0.3683410191965276, "max_depth": 7.0, "num_boost_round": 8.0}, "datetime": {"datetime": "2024-01-19 00:44:27", "elapsed": 1952.402894, "delta": 0.003292}}
{"target": -17.677228042597747, "params": {"gamma": 158.58328518534216, "log10_alpha": -4.748543366436621, "log10_colsample_bytree": 0.0, "log10_eta": -4.0, "log10_lambda": 0.6206608745734741, "log10_min_child_weight": 5.0, "log10_subsample": -0.3683410191965276, "max_depth": 7.0, "num_boost_round": 9.0}, "datetime": {"datetime": "2024-01-19 00:44:27", "elapsed": 1952.406163, "delta": 0.003269}}
{"target": -17.677227458515734, "params": {"gamma": 158.58328518534216, "log10_alpha": -4.748543366436621, "log10_colsample_bytree": 0.0, "log10_eta": -4.0, "log10_lambda": 0.6206608745734741, "log10_min_child_weight": 5.0, "log10_subsample": -0.3683410191965276, "max_depth": 7.0, "num_boost_round": 10.0}, "datetime": {"datetime": "2024-01-19 00:44:27", "elapsed": 1952.409129, "delta": 0.002966}}
{"target": -17.67722697884156, "params": {"gamma": 158.58328518534216, "log10_alpha": -4.748543366436621, "log10_colsample_bytree": 0.0, "log10_eta": -4.0, "log10_lambda": 0.6206608745734741, "log10_min_child_weight": 5.0, "log10_subsample": -0.3683410191965276, "max_depth": 7.0, "num_boost_round": 11.0}, "datetime": {"datetime": "2024-01-19 00:44:27", "elapsed": 1952.411801, "delta": 0.002672}}
{"target": -17.67722628042139, "params": {"gamma": 158.58328518534216, "log10_alpha": -4.748543366436621, "log10_colsample_bytree": 0.0, "log10_eta": -4.0, "log10_lambda": 0.6206608745734741, "log10_min_child_weight": 5.0, "log10_subsample": -0.3683410191965276, "max_depth": 7.0, "num_boost_round": 12.0}, "datetime": {"datetime": "2024-01-19 00:44:27", "elapsed": 1952.414478, "delta": 0.002677}}
{"target": -17.67722578132077, "params": {"gamma": 158.58328518534216, "log10_alpha": -4.748543366436621, "log10_colsample_bytree": 0.0, "log10_eta": -4.0, "log10_lambda": 0.6206608745734741, "log10_min_child_weight": 5.0, "log10_subsample": -0.3683410191965276, "max_depth": 7.0, "num_boost_round": 13.0}, "datetime": {"datetime": "2024-01-19 00:44:27", "elapsed": 1952.417143, "delta": 0.002665}}
{"target": -17.677225346126317, "params": {"gamma": 158.58328518534216, "log10_alpha": -4.748543366436621, "log10_colsample_bytree": 0.0, "log10_eta": -4.0, "log10_lambda": 0.6206608745734741, "log10_min_child_weight": 5.0, "log10_subsample": -0.3683410191965276, "max_depth": 7.0, "num_boost_round": 14.0}, "datetime": {"datetime": "2024-01-19 00:44:27", "elapsed": 1952.41992, "delta": 0.002777}}
{"target": -17.67722483837446, "params": {"gamma": 158.58328518534216, "log10_alpha": -4.748543366436621, "log10_colsample_bytree": 0.0, "log10_eta": -4.0, "log10_lambda": 0.6206608745734741, "log10_min_child_weight": 5.0, "log10_subsample": -0.3683410191965276, "max_depth": 7.0, "num_boost_round": 15.0}, "datetime": {"datetime": "2024-01-19 00:44:27", "elapsed": 1952.422642, "delta": 0.002722}}
{"target": -17.67722424474667, "params": {"gamma": 158.58328518534216, "log10_alpha": -4.748543366436621, "log10_colsample_bytree": 0.0, "log10_eta": -4.0, "log10_lambda": 0.6206608745734741, "log10_min_child_weight": 5.0, "log10_subsample": -0.3683410191965276, "max_depth": 7.0, "num_boost_round": 16.0}, "datetime": {"datetime": "2024-01-19 00:44:27", "elapsed": 1952.425314, "delta": 0.002672}}
{"target": -17.6772238185785, "params": {"gamma": 158.58328518534216, "log10_alpha": -4.748543366436621, "log10_colsample_bytree": 0.0, "log10_eta": -4.0, "log10_lambda": 0.6206608745734741, "log10_min_child_weight": 5.0, "log10_subsample": -0.3683410191965276, "max_depth": 7.0, "num_boost_round": 17.0}, "datetime": {"datetime": "2024-01-19 00:44:27", "elapsed": 1952.428127, "delta": 0.002813}}
{"target": -17.677223479393383, "params": {"gamma": 158.58328518534216, "log10_alpha": -4.748543366436621, "log10_colsample_bytree": 0.0, "log10_eta": -4.0, "log10_lambda": 0.6206608745734741, "log10_min_child_weight": 5.0, "log10_subsample": -0.3683410191965276, "max_depth": 7.0, "num_boost_round": 18.0}, "datetime": {"datetime": "2024-01-19 00:44:27", "elapsed": 1952.430881, "delta": 0.002754}}
{"target": -17.677222927101262, "params": {"gamma": 158.58328518534216, "log10_alpha": -4.748543366436621, "log10_colsample_bytree": 0.0, "log10_eta": -4.0, "log10_lambda": 0.6206608745734741, "log10_min_child_weight": 5.0, "log10_subsample": -0.3683410191965276, "max_depth": 7.0, "num_boost_round": 19.0}, "datetime": {"datetime": "2024-01-19 00:44:27", "elapsed": 1952.433575, "delta": 0.002694}}
{"target": -17.677222603387197, "params": {"gamma": 158.58328518534216, "log10_alpha": -4.748543366436621, "log10_colsample_bytree": 0.0, "log10_eta": -4.0, "log10_lambda": 0.6206608745734741, "log10_min_child_weight": 5.0, "log10_subsample": -0.3683410191965276, "max_depth": 7.0, "num_boost_round": 20.0}, "datetime": {"datetime": "2024-01-19 00:44:27", "elapsed": 1952.436287, "delta": 0.002712}}
{"target": -17.677222072010537, "params": {"gamma": 158.58328518534216, "log10_alpha": -4.748543366436621, "log10_colsample_bytree": 0.0, "log10_eta": -4.0, "log10_lambda": 0.6206608745734741, "log10_min_child_weight": 5.0, "log10_subsample": -0.3683410191965276, "max_depth": 7.0, "num_boost_round": 21.0}, "datetime": {"datetime": "2024-01-19 00:44:27", "elapsed": 1952.439122, "delta": 0.002835}}
{"target": -17.67722180152199, "params": {"gamma": 158.58328518534216, "log10_alpha": -4.748543366436621, "log10_colsample_bytree": 0.0, "log10_eta": -4.0, "log10_lambda": 0.6206608745734741, "log10_min_child_weight": 5.0, "log10_subsample": -0.3683410191965276, "max_depth": 7.0, "num_boost_round": 22.0}, "datetime": {"datetime": "2024-01-19 00:44:27", "elapsed": 1952.441966, "delta": 0.002844}}
{"target": -17.677221281060582, "params": {"gamma": 158.58328518534216, "log10_alpha": -4.748543366436621, "log10_colsample_bytree": 0.0, "log10_eta": -4.0, "log10_lambda": 0.6206608745734741, "log10_min_child_weight": 5.0, "log10_subsample": -0.3683410191965276, "max_depth": 7.0, "num_boost_round": 23.0}, "datetime": {"datetime": "2024-01-19 00:44:27", "elapsed": 1952.444724, "delta": 0.002758}}
{"target": -17.67722060198812, "params": {"gamma": 158.58328518534216, "log10_alpha": -4.748543366436621, "log10_colsample_bytree": 0.0, "log10_eta": -4.0, "log10_lambda": 0.6206608745734741, "log10_min_child_weight": 5.0, "log10_subsample": -0.3683410191965276, "max_depth": 7.0, "num_boost_round": 24.0}, "datetime": {"datetime": "2024-01-19 00:44:27", "elapsed": 1952.447561, "delta": 0.002837}}
{"target": -17.67722032413826, "params": {"gamma": 158.58328518534216, "log10_alpha": -4.748543366436621, "log10_colsample_bytree": 0.0, "log10_eta": -4.0, "log10_lambda": 0.6206608745734741, "log10_min_child_weight": 5.0, "log10_subsample": -0.3683410191965276, "max_depth": 7.0, "num_boost_round": 25.0}, "datetime": {"datetime": "2024-01-19 00:44:27", "elapsed": 1952.45039, "delta": 0.002829}}
{"target": -17.67721984823278, "params": {"gamma": 158.58328518534216, "log10_alpha": -4.748543366436621, "log10_colsample_bytree": 0.0, "log10_eta": -4.0, "log10_lambda": 0.6206608745734741, "log10_min_child_weight": 5.0, "log10_subsample": -0.3683410191965276, "max_depth": 7.0, "num_boost_round": 26.0}, "datetime": {"datetime": "2024-01-19 00:44:27", "elapsed": 1952.453203, "delta": 0.002813}}
{"target": -17.677219396150537, "params": {"gamma": 158.58328518534216, "log10_alpha": -4.748543366436621, "log10_colsample_bytree": 0.0, "log10_eta": -4.0, "log10_lambda": 0.6206608745734741, "log10_min_child_weight": 5.0, "log10_subsample": -0.3683410191965276, "max_depth": 7.0, "num_boost_round": 27.0}, "datetime": {"datetime": "2024-01-19 00:44:27", "elapsed": 1952.45597, "delta": 0.002767}}
{"target": -17.67721893126995, "params": {"gamma": 158.58328518534216, "log10_alpha": -4.748543366436621, "log10_colsample_bytree": 0.0, "log10_eta": -4.0, "log10_lambda": 0.6206608745734741, "log10_min_child_weight": 5.0, "log10_subsample": -0.3683410191965276, "max_depth": 7.0, "num_boost_round": 28.0}, "datetime": {"datetime": "2024-01-19 00:44:27", "elapsed": 1952.458826, "delta": 0.002856}}
{"target": -17.677218422243108, "params": {"gamma": 158.58328518534216, "log10_alpha": -4.748543366436621, "log10_colsample_bytree": 0.0, "log10_eta": -4.0, "log10_lambda": 0.6206608745734741, "log10_min_child_weight": 5.0, "log10_subsample": -0.3683410191965276, "max_depth": 7.0, "num_boost_round": 29.0}, "datetime": {"datetime": "2024-01-19 00:44:27", "elapsed": 1952.461591, "delta": 0.002765}}
{"target": -17.6772181042034, "params": {"gamma": 158.58328518534216, "log10_alpha": -4.748543366436621, "log10_colsample_bytree": 0.0, "log10_eta": -4.0, "log10_lambda": 0.6206608745734741, "log10_min_child_weight": 5.0, "log10_subsample": -0.3683410191965276, "max_depth": 7.0, "num_boost_round": 30.0}, "datetime": {"datetime": "2024-01-19 00:44:27", "elapsed": 1952.464434, "delta": 0.002843}}
{"target": -17.677217553446937, "params": {"gamma": 158.58328518534216, "log10_alpha": -4.748543366436621, "log10_colsample_bytree": 0.0, "log10_eta": -4.0, "log10_lambda": 0.6206608745734741, "log10_min_child_weight": 5.0, "log10_subsample": -0.3683410191965276, "max_depth": 7.0, "num_boost_round": 31.0}, "datetime": {"datetime": "2024-01-19 00:44:27", "elapsed": 1952.467268, "delta": 0.002834}}
{"target": -17.677217651047286, "params": {"gamma": 158.58328518534216, "log10_alpha": -4.748543366436621, "log10_colsample_bytree": 0.0, "log10_eta": -4.0, "log10_lambda": 0.6206608745734741, "log10_min_child_weight": 5.0, "log10_subsample": -0.3683410191965276, "max_depth": 7.0, "num_boost_round": 32.0}, "datetime": {"datetime": "2024-01-19 00:44:27", "elapsed": 1952.47008, "delta": 0.002812}}
{"target": -17.67721714026174, "params": {"gamma": 158.58328518534216, "log10_alpha": -4.748543366436621, "log10_colsample_bytree": 0.0, "log10_eta": -4.0, "log10_lambda": 0.6206608745734741, "log10_min_child_weight": 5.0, "log10_subsample": -0.3683410191965276, "max_depth": 7.0, "num_boost_round": 33.0}, "datetime": {"datetime": "2024-01-19 00:44:27", "elapsed": 1952.472866, "delta": 0.002786}}
{"target": -17.677216863180796, "params": {"gamma": 158.58328518534216, "log10_alpha": -4.748543366436621, "log10_colsample_bytree": 0.0, "log10_eta": -4.0, "log10_lambda": 0.6206608745734741, "log10_min_child_weight": 5.0, "log10_subsample": -0.3683410191965276, "max_depth": 7.0, "num_boost_round": 34.0}, "datetime": {"datetime": "2024-01-19 00:44:27", "elapsed": 1952.475644, "delta": 0.002778}}
{"target": -17.677216398081747, "params": {"gamma": 158.58328518534216, "log10_alpha": -4.748543366436621, "log10_colsample_bytree": 0.0, "log10_eta": -4.0, "log10_lambda": 0.6206608745734741, "log10_min_child_weight": 5.0, "log10_subsample": -0.3683410191965276, "max_depth": 7.0, "num_boost_round": 35.0}, "datetime": {"datetime": "2024-01-19 00:44:27", "elapsed": 1952.478514, "delta": 0.00287}}
{"target": -17.677215856699632, "params": {"gamma": 158.58328518534216, "log10_alpha": -4.748543366436621, "log10_colsample_bytree": 0.0, "log10_eta": -4.0, "log10_lambda": 0.6206608745734741, "log10_min_child_weight": 5.0, "log10_subsample": -0.3683410191965276, "max_depth": 7.0, "num_boost_round": 36.0}, "datetime": {"datetime": "2024-01-19 00:44:27", "elapsed": 1952.481289, "delta": 0.002775}}
{"target": -17.677215299453373, "params": {"gamma": 158.58328518534216, "log10_alpha": -4.748543366436621, "log10_colsample_bytree": 0.0, "log10_eta": -4.0, "log10_lambda": 0.6206608745734741, "log10_min_child_weight": 5.0, "log10_subsample": -0.3683410191965276, "max_depth": 7.0, "num_boost_round": 37.0}, "datetime": {"datetime": "2024-01-19 00:44:27", "elapsed": 1952.484076, "delta": 0.002787}}
{"target": -17.67721472177171, "params": {"gamma": 158.58328518534216, "log10_alpha": -4.748543366436621, "log10_colsample_bytree": 0.0, "log10_eta": -4.0, "log10_lambda": 0.6206608745734741, "log10_min_child_weight": 5.0, "log10_subsample": -0.3683410191965276, "max_depth": 7.0, "num_boost_round": 38.0}, "datetime": {"datetime": "2024-01-19 00:44:27", "elapsed": 1952.486851, "delta": 0.002775}}
{"target": -17.67721432571142, "params": {"gamma": 158.58328518534216, "log10_alpha": -4.748543366436621, "log10_colsample_bytree": 0.0, "log10_eta": -4.0, "log10_lambda": 0.6206608745734741, "log10_min_child_weight": 5.0, "log10_subsample": -0.3683410191965276, "max_depth": 7.0, "num_boost_round": 39.0}, "datetime": {"datetime": "2024-01-19 00:44:27", "elapsed": 1952.489862, "delta": 0.003011}}
