{"target": -17.67320839206705, "params": {"gamma": 974.3272854735117, "log10_alpha": -1.1965336438745906, "log10_colsample_bytree": -0.4187799667063242, "log10_eta": -1.9822004526419876, "log10_lambda": 0.9817988633319867, "log10_min_child_weight": 0.11796679948189115, "log10_subsample": -0.026205997076985788, "max_depth": 5.0, "num_boost_round": 9.0}, "datetime": {"datetime": "2024-01-19 00:56:10", "elapsed": 2664.790999, "delta": 0.002973}}
{"target": -17.672848586200846, "params": {"gamma": 974.3272854735117, "log10_alpha": -1.1965336438745906, "log10_colsample_bytree": -0.4187799667063242, "log10_eta": -1.9822004526419876, "log10_lambda": 0.9817988633319867, "log10_min_child_weight": 0.11796679948189115, "log10_subsample": -0.026205997076985788, "max_depth": 5.0, "num_boost_round": 10.0}, "datetime": {"datetime": "2024-01-19 00:56:10", "elapsed": 2664.794002, "delta": 0.003003}}
{"target": -17.67247600342807, "params": {"gamma": 974.3272854735117, "log10_alpha": -1.1965336438745906, "log10_colsample_bytree": -0.4187799667063242, "log10_eta": -1.9822004526419876, "log10_lambda": 0.9817988633319867, "log10_min_child_weight": 0.11796679948189115, "log10_subsample": -0.026205997076985788, "max_depth": 5.0, "num_boost_round": 11.0}, "datetime": {"datetime": "2024-01-19 00:56:10", "elapsed": 2664.797091, "delta": 0.003089}}
{"target": -17.67242573988711, "params": {"gamma": 974.3272854735117, "log10_alpha": -1.1965336438745906, "log10_colsample_bytree": -0.4187799667063242, "log10_eta": -1.9822004526419876, "log10_lambda": 0.9817988633319867, "log10_min_child_weight": 0.11796679948189115, "log10_subsample": -0.026205997076985788, "max_depth": 5.0, "num_boost_round": 12.0}, "datetime": {"datetime": "2024-01-19 00:56:10", "elapsed": 2664.800119, "delta": 0.003028}}
{"target": -17.672527685386207, "params": {"gamma": 974.3272854735117, "log10_alpha": -1.1965336438745906, "log10_colsample_bytree": -0.4187799667063242, "log10_eta": -1.9822004526419876, "log10_lambda": 0.9817988633319867, "log10_min_child_weight": 0.11796679948189115, "log10_subsample": -0.026205997076985788, "max_depth": 5.0, "num_boost_round": 13.0}, "datetime": {"datetime": "2024-01-19 00:56:11", "elapsed": 2664.803187, "delta": 0.003068}}
{"target": -17.67264320545096, "params": {"gamma": 974.3272854735117, "log10_alpha": -1.1965336438745906, "log10_colsample_bytree": -0.4187799667063242, "log10_eta": -1.9822004526419876, "log10_lambda": 0.9817988633319867, "log10_min_child_weight": 0.11796679948189115, "log10_subsample": -0.026205997076985788, "max_depth": 5.0, "num_boost_round": 14.0}, "datetime": {"datetime": "2024-01-19 00:56:11", "elapsed": 2664.806269, "delta": 0.003082}}
{"target": -17.672171789452157, "params": {"gamma": 974.3272854735117, "log10_alpha": -1.1965336438745906, "log10_colsample_bytree": -0.4187799667063242, "log10_eta": -1.9822004526419876, "log10_lambda": 0.9817988633319867, "log10_min_child_weight": 0.11796679948189115, "log10_subsample": -0.026205997076985788, "max_depth": 5.0, "num_boost_round": 15.0}, "datetime": {"datetime": "2024-01-19 00:56:11", "elapsed": 2664.809358, "delta": 0.003089}}
{"target": -17.672117348664788, "params": {"gamma": 974.3272854735117, "log10_alpha": -1.1965336438745906, "log10_colsample_bytree": -0.4187799667063242, "log10_eta": -1.9822004526419876, "log10_lambda": 0.9817988633319867, "log10_min_child_weight": 0.11796679948189115, "log10_subsample": -0.026205997076985788, "max_depth": 5.0, "num_boost_round": 16.0}, "datetime": {"datetime": "2024-01-19 00:56:11", "elapsed": 2664.812438, "delta": 0.00308}}
{"target": -17.672028553577032, "params": {"gamma": 974.3272854735117, "log10_alpha": -1.1965336438745906, "log10_colsample_bytree": -0.4187799667063242, "log10_eta": -1.9822004526419876, "log10_lambda": 0.9817988633319867, "log10_min_child_weight": 0.11796679948189115, "log10_subsample": -0.026205997076985788, "max_depth": 5.0, "num_boost_round": 17.0}, "datetime": {"datetime": "2024-01-19 00:56:11", "elapsed": 2664.815488, "delta": 0.00305}}
{"target": -17.67226962938116, "params": {"gamma": 974.3272854735117, "log10_alpha": -1.1965336438745906, "log10_colsample_bytree": -0.4187799667063242, "log10_eta": -1.9822004526419876, "log10_lambda": 0.9817988633319867, "log10_min_child_weight": 0.11796679948189115, "log10_subsample": -0.026205997076985788, "max_depth": 5.0, "num_boost_round": 18.0}, "datetime": {"datetime": "2024-01-19 00:56:11", "elapsed": 2664.818536, "delta": 0.003048}}
{"target": -17.67208303490312, "params": {"gamma": 974.3272854735117, "log10_alpha": -1.1965336438745906, "log10_colsample_bytree": -0.4187799667063242, "log10_eta": -1.9822004526419876, "log10_lambda": 0.9817988633319867, "log10_min_child_weight": 0.11796679948189115, "log10_subsample": -0.026205997076985788, "max_depth": 5.0, "num_boost_round": 19.0}, "datetime": {"datetime": "2024-01-19 00:56:11", "elapsed": 2664.821607, "delta": 0.003071}}
{"target": -17.671754300087812, "params": {"gamma": 974.3272854735117, "log10_alpha": -1.1965336438745906, "log10_colsample_bytree": -0.4187799667063242, "log10_eta": -1.9822004526419876, "log10_lambda": 0.9817988633319867, "log10_min_child_weight": 0.11796679948189115, "log10_subsample": -0.026205997076985788, "max_depth": 5.0, "num_boost_round": 20.0}, "datetime": {"datetime": "2024-01-19 00:56:11", "elapsed": 2664.82465, "delta": 0.003043}}
{"target": -17.671578317666295, "params": {"gamma": 974.3272854735117, "log10_alpha": -1.1965336438745906, "log10_colsample_bytree": -0.4187799667063242, "log10_eta": -1.9822004526419876, "log10_lambda": 0.9817988633319867, "log10_min_child_weight": 0.11796679948189115, "log10_subsample": -0.026205997076985788, "max_depth": 5.0, "num_boost_round": 21.0}, "datetime": {"datetime": "2024-01-19 00:56:11", "elapsed": 2664.827696, "delta": 0.003046}}
{"target": -17.671202391621478, "params": {"gamma": 974.3272854735117, "log10_alpha": -1.1965336438745906, "log10_colsample_bytree": -0.4187799667063242, "log10_eta": -1.9822004526419876, "log10_lambda": 0.9817988633319867, "log10_min_child_weight": 0.11796679948189115, "log10_subsample": -0.026205997076985788, "max_depth": 5.0, "num_boost_round": 22.0}, "datetime": {"datetime": "2024-01-19 00:56:11", "elapsed": 2664.830747, "delta": 0.003051}}
{"target": -17.670920244017932, "params": {"gamma": 974.3272854735117, "log10_alpha": -1.1965336438745906, "log10_colsample_bytree": -0.4187799667063242, "log10_eta": -1.9822004526419876, "log10_lambda": 0.9817988633319867, "log10_min_child_weight": 0.11796679948189115, "log10_subsample": -0.026205997076985788, "max_depth": 5.0, "num_boost_round": 23.0}, "datetime": {"datetime": "2024-01-19 00:56:11", "elapsed": 2664.833801, "delta": 0.003054}}
{"target": -17.67075669347055, "params": {"gamma": 974.3272854735117, "log10_alpha": -1.1965336438745906, "log10_colsample_bytree": -0.4187799667063242, "log10_eta": -1.9822004526419876, "log10_lambda": 0.9817988633319867, "log10_min_child_weight": 0.11796679948189115, "log10_subsample": -0.026205997076985788, "max_depth": 5.0, "num_boost_round": 24.0}, "datetime": {"datetime": "2024-01-19 00:56:11", "elapsed": 2664.836836, "delta": 0.003035}}
{"target": -17.670716426690717, "params": {"gamma": 974.3272854735117, "log10_alpha": -1.1965336438745906, "log10_colsample_bytree": -0.4187799667063242, "log10_eta": -1.9822004526419876, "log10_lambda": 0.9817988633319867, "log10_min_child_weight": 0.11796679948189115, "log10_subsample": -0.026205997076985788, "max_depth": 5.0, "num_boost_round": 25.0}, "datetime": {"datetime": "2024-01-19 00:56:11", "elapsed": 2664.839879, "delta": 0.003043}}
{"target": -17.670829875453347, "params": {"gamma": 974.3272854735117, "log10_alpha": -1.1965336438745906, "log10_colsample_bytree": -0.4187799667063242, "log10_eta": -1.9822004526419876, "log10_lambda": 0.9817988633319867, "log10_min_child_weight": 0.11796679948189115, "log10_subsample": -0.026205997076985788, "max_depth": 5.0, "num_boost_round": 26.0}, "datetime": {"datetime": "2024-01-19 00:56:11", "elapsed": 2664.842962, "delta": 0.003083}}
{"target": -17.670917074049992, "params": {"gamma": 974.3272854735117, "log10_alpha": -1.1965336438745906, "log10_colsample_bytree": -0.4187799667063242, "log10_eta": -1.9822004526419876, "log10_lambda": 0.9817988633319867, "log10_min_child_weight": 0.11796679948189115, "log10_subsample": -0.026205997076985788, "max_depth": 5.0, "num_boost_round": 27.0}, "datetime": {"datetime": "2024-01-19 00:56:11", "elapsed": 2664.846028, "delta": 0.003066}}
{"target": -17.67082217606458, "params": {"gamma": 974.3272854735117, "log10_alpha": -1.1965336438745906, "log10_colsample_bytree": -0.4187799667063242, "log10_eta": -1.9822004526419876, "log10_lambda": 0.9817988633319867, "log10_min_child_weight": 0.11796679948189115, "log10_subsample": -0.026205997076985788, "max_depth": 5.0, "num_boost_round": 28.0}, "datetime": {"datetime": "2024-01-19 00:56:11", "elapsed": 2664.849102, "delta": 0.003074}}
{"target": -17.670809741342925, "params": {"gamma": 974.3272854735117, "log10_alpha": -1.1965336438745906, "log10_colsample_bytree": -0.4187799667063242, "log10_eta": -1.9822004526419876, "log10_lambda": 0.9817988633319867, "log10_min_child_weight": 0.11796679948189115, "log10_subsample": -0.026205997076985788, "max_depth": 5.0, "num_boost_round": 29.0}, "datetime": {"datetime": "2024-01-19 00:56:11", "elapsed": 2664.852152, "delta": 0.00305}}
{"target": -17.670971379934485, "params": {"gamma": 974.3272854735117, "log10_alpha": -1.1965336438745906, "log10_colsample_bytree": -0.4187799667063242, "log10_eta": -1.9822004526419876, "log10_lambda": 0.9817988633319867, "log10_min_child_weight": 0.11796679948189115, "log10_subsample": -0.026205997076985788, "max_depth": 5.0, "num_boost_round": 30.0}, "datetime": {"datetime": "2024-01-19 00:56:11", "elapsed": 2664.855242, "delta": 0.00309}}
{"target": -17.67073433095427, "params": {"gamma": 974.3272854735117, "log10_alpha": -1.1965336438745906, "log10_colsample_bytree": -0.4187799667063242, "log10_eta": -1.9822004526419876, "log10_lambda": 0.9817988633319867, "log10_min_child_weight": 0.11796679948189115, "log10_subsample": -0.026205997076985788, "max_depth": 5.0, "num_boost_round": 31.0}, "datetime": {"datetime": "2024-01-19 00:56:11", "elapsed": 2664.858299, "delta": 0.003057}}
{"target": -17.670643849461197, "params": {"gamma": 974.3272854735117, "log10_alpha": -1.1965336438745906, "log10_colsample_bytree": -0.4187799667063242, "log10_eta": -1.9822004526419876, "log10_lambda": 0.9817988633319867, "log10_min_child_weight": 0.11796679948189115, "log10_subsample": -0.026205997076985788, "max_depth": 5.0, "num_boost_round": 32.0}, "datetime": {"datetime": "2024-01-19 00:56:11", "elapsed": 2664.861372, "delta": 0.003073}}
{"target": -17.670849662316297, "params": {"gamma": 974.3272854735117, "log10_alpha": -1.1965336438745906, "log10_colsample_bytree": -0.4187799667063242, "log10_eta": -1.9822004526419876, "log10_lambda": 0.9817988633319867, "log10_min_child_weight": 0.11796679948189115, "log10_subsample": -0.026205997076985788, "max_depth": 5.0, "num_boost_round": 33.0}, "datetime": {"datetime": "2024-01-19 00:56:11", "elapsed": 2664.864444, "delta": 0.003072}}
{"target": -17.670987530636058, "params": {"gamma": 974.3272854735117, "log10_alpha": -1.1965336438745906, "log10_colsample_bytree": -0.4187799667063242, "log10_eta": -1.9822004526419876, "log10_lambda": 0.9817988633319867, "log10_min_child_weight": 0.11796679948189115, "log10_subsample": -0.026205997076985788, "max_depth": 5.0, "num_boost_round": 34.0}, "datetime": {"datetime": "2024-01-19 00:56:11", "elapsed": 2664.867534, "delta": 0.00309}}
{"target": -17.671039068124905, "params": {"gamma": 974.3272854735117, "log10_alpha": -1.1965336438745906, "log10_colsample_bytree": -0.4187799667063242, "log10_eta": -1.9822004526419876, "log10_lambda": 0.9817988633319867, "log10_min_child_weight": 0.11796679948189115, "log10_subsample": -0.026205997076985788, "max_depth": 5.0, "num_boost_round": 35.0}, "datetime": {"datetime": "2024-01-19 00:56:11", "elapsed": 2664.871215, "delta": 0.003681}}
{"target": -17.671409554550742, "params": {"gamma": 974.3272854735117, "log10_alpha": -1.1965336438745906, "log10_colsample_bytree": -0.4187799667063242, "log10_eta": -1.9822004526419876, "log10_lambda": 0.9817988633319867, "log10_min_child_weight": 0.11796679948189115, "log10_subsample": -0.026205997076985788, "max_depth": 5.0, "num_boost_round": 36.0}, "datetime": {"datetime": "2024-01-19 00:56:11", "elapsed": 2664.874406, "delta": 0.003191}}
{"target": -17.67169446690447, "params": {"gamma": 974.3272854735117, "log10_alpha": -1.1965336438745906, "log10_colsample_bytree": -0.4187799667063242, "log10_eta": -1.9822004526419876, "log10_lambda": 0.9817988633319867, "log10_min_child_weight": 0.11796679948189115, "log10_subsample": -0.026205997076985788, "max_depth": 5.0, "num_boost_round": 37.0}, "datetime": {"datetime": "2024-01-19 00:56:11", "elapsed": 2664.877943, "delta": 0.003537}}
{"target": -17.671593555003195, "params": {"gamma": 974.3272854735117, "log10_alpha": -1.1965336438745906, "log10_colsample_bytree": -0.4187799667063242, "log10_eta": -1.9822004526419876, "log10_lambda": 0.9817988633319867, "log10_min_child_weight": 0.11796679948189115, "log10_subsample": -0.026205997076985788, "max_depth": 5.0, "num_boost_round": 38.0}, "datetime": {"datetime": "2024-01-19 00:56:11", "elapsed": 2664.881312, "delta": 0.003369}}
{"target": -17.67175978504647, "params": {"gamma": 974.3272854735117, "log10_alpha": -1.1965336438745906, "log10_colsample_bytree": -0.4187799667063242, "log10_eta": -1.9822004526419876, "log10_lambda": 0.9817988633319867, "log10_min_child_weight": 0.11796679948189115, "log10_subsample": -0.026205997076985788, "max_depth": 5.0, "num_boost_round": 39.0}, "datetime": {"datetime": "2024-01-19 00:56:11", "elapsed": 2664.884616, "delta": 0.003304}}
{"target": -17.67180185530945, "params": {"gamma": 974.3272854735117, "log10_alpha": -1.1965336438745906, "log10_colsample_bytree": -0.4187799667063242, "log10_eta": -1.9822004526419876, "log10_lambda": 0.9817988633319867, "log10_min_child_weight": 0.11796679948189115, "log10_subsample": -0.026205997076985788, "max_depth": 5.0, "num_boost_round": 40.0}, "datetime": {"datetime": "2024-01-19 00:56:11", "elapsed": 2664.887792, "delta": 0.003176}}
{"target": -17.672288415918445, "params": {"gamma": 974.3272854735117, "log10_alpha": -1.1965336438745906, "log10_colsample_bytree": -0.4187799667063242, "log10_eta": -1.9822004526419876, "log10_lambda": 0.9817988633319867, "log10_min_child_weight": 0.11796679948189115, "log10_subsample": -0.026205997076985788, "max_depth": 5.0, "num_boost_round": 41.0}, "datetime": {"datetime": "2024-01-19 00:56:11", "elapsed": 2664.891002, "delta": 0.00321}}
{"target": -17.672492400825856, "params": {"gamma": 974.3272854735117, "log10_alpha": -1.1965336438745906, "log10_colsample_bytree": -0.4187799667063242, "log10_eta": -1.9822004526419876, "log10_lambda": 0.9817988633319867, "log10_min_child_weight": 0.11796679948189115, "log10_subsample": -0.026205997076985788, "max_depth": 5.0, "num_boost_round": 42.0}, "datetime": {"datetime": "2024-01-19 00:56:11", "elapsed": 2664.894093, "delta": 0.003091}}
{"target": -17.672433844224848, "params": {"gamma": 974.3272854735117, "log10_alpha": -1.1965336438745906, "log10_colsample_bytree": -0.4187799667063242, "log10_eta": -1.9822004526419876, "log10_lambda": 0.9817988633319867, "log10_min_child_weight": 0.11796679948189115, "log10_subsample": -0.026205997076985788, "max_depth": 5.0, "num_boost_round": 43.0}, "datetime": {"datetime": "2024-01-19 00:56:11", "elapsed": 2664.897201, "delta": 0.003108}}
{"target": -17.677222093029055, "params": {"gamma": 975.0278807153012, "log10_alpha": -3.2476724909385473, "log10_colsample_bytree": -0.06385401120452183, "log10_eta": -3.4981907956057503, "log10_lambda": -2.1746774369196196, "log10_min_child_weight": 1.0892138323706813, "log10_subsample": -0.37618000017876996, "max_depth": 3.0, "num_boost_round": 0.0}, "datetime": {"datetime": "2024-01-19 00:56:43", "elapsed": 2697.53655, "delta": 32.639349}}
{"target": -17.677211881763498, "params": {"gamma": 975.0278807153012, "log10_alpha": -3.2476724909385473, "log10_colsample_bytree": -0.06385401120452183, "log10_eta": -3.4981907956057503, "log10_lambda": -2.1746774369196196, "log10_min_child_weight": 1.0892138323706813, "log10_subsample": -0.37618000017876996, "max_depth": 3.0, "num_boost_round": 1.0}, "datetime": {"datetime": "2024-01-19 00:56:43", "elapsed": 2697.5405, "delta": 0.00395}}
{"target": -17.67719551647351, "params": {"gamma": 975.0278807153012, "log10_alpha": -3.2476724909385473, "log10_colsample_bytree": -0.06385401120452183, "log10_eta": -3.4981907956057503, "log10_lambda": -2.1746774369196196, "log10_min_child_weight": 1.0892138323706813, "log10_subsample": -0.37618000017876996, "max_depth": 3.0, "num_boost_round": 2.0}, "datetime": {"datetime": "2024-01-19 00:56:43", "elapsed": 2697.543812, "delta": 0.003312}}
{"target": -17.6771843017139, "params": {"gamma": 975.0278807153012, "log10_alpha": -3.2476724909385473, "log10_colsample_bytree": -0.06385401120452183, "log10_eta": -3.4981907956057503, "log10_lambda": -2.1746774369196196, "log10_min_child_weight": 1.0892138323706813, "log10_subsample": -0.37618000017876996, "max_depth": 3.0, "num_boost_round": 3.0}, "datetime": {"datetime": "2024-01-19 00:56:43", "elapsed": 2697.546899, "delta": 0.003087}}
{"target": -17.677174659212632, "params": {"gamma": 975.0278807153012, "log10_alpha": -3.2476724909385473, "log10_colsample_bytree": -0.06385401120452183, "log10_eta": -3.4981907956057503, "log10_lambda": -2.1746774369196196, "log10_min_child_weight": 1.0892138323706813, "log10_subsample": -0.37618000017876996, "max_depth": 3.0, "num_boost_round": 4.0}, "datetime": {"datetime": "2024-01-19 00:56:43", "elapsed": 2697.550034, "delta": 0.003135}}
{"target": -17.677164246079144, "params": {"gamma": 975.0278807153012, "log10_alpha": -3.2476724909385473, "log10_colsample_bytree": -0.06385401120452183, "log10_eta": -3.4981907956057503, "log10_lambda": -2.1746774369196196, "log10_min_child_weight": 1.0892138323706813, "log10_subsample": -0.37618000017876996, "max_depth": 3.0, "num_boost_round": 5.0}, "datetime": {"datetime": "2024-01-19 00:56:43", "elapsed": 2697.553188, "delta": 0.003154}}
{"target": -17.67715874671785, "params": {"gamma": 975.0278807153012, "log10_alpha": -3.2476724909385473, "log10_colsample_bytree": -0.06385401120452183, "log10_eta": -3.4981907956057503, "log10_lambda": -2.1746774369196196, "log10_min_child_weight": 1.0892138323706813, "log10_subsample": -0.37618000017876996, "max_depth": 3.0, "num_boost_round": 6.0}, "datetime": {"datetime": "2024-01-19 00:56:43", "elapsed": 2697.556259, "delta": 0.003071}}
{"target": -17.677148143426024, "params": {"gamma": 975.0278807153012, "log10_alpha": -3.2476724909385473, "log10_colsample_bytree": -0.06385401120452183, "log10_eta": -3.4981907956057503, "log10_lambda": -2.1746774369196196, "log10_min_child_weight": 1.0892138323706813, "log10_subsample": -0.37618000017876996, "max_depth": 3.0, "num_boost_round": 7.0}, "datetime": {"datetime": "2024-01-19 00:56:43", "elapsed": 2697.559303, "delta": 0.003044}}
{"target": -17.677129597304454, "params": {"gamma": 975.0278807153012, "log10_alpha": -3.2476724909385473, "log10_colsample_bytree": -0.06385401120452183, "log10_eta": -3.4981907956057503, "log10_lambda": -2.1746774369196196, "log10_min_child_weight": 1.0892138323706813, "log10_subsample": -0.37618000017876996, "max_depth": 3.0, "num_boost_round": 8.0}, "datetime": {"datetime": "2024-01-19 00:56:43", "elapsed": 2697.562341, "delta": 0.003038}}
{"target": -17.677123419804353, "params": {"gamma": 975.0278807153012, "log10_alpha": -3.2476724909385473, "log10_colsample_bytree": -0.06385401120452183, "log10_eta": -3.4981907956057503, "log10_lambda": -2.1746774369196196, "log10_min_child_weight": 1.0892138323706813, "log10_subsample": -0.37618000017876996, "max_depth": 3.0, "num_boost_round": 9.0}, "datetime": {"datetime": "2024-01-19 00:56:43", "elapsed": 2697.565499, "delta": 0.003158}}
{"target": -17.677113223880966, "params": {"gamma": 975.0278807153012, "log10_alpha": -3.2476724909385473, "log10_colsample_bytree": -0.06385401120452183, "log10_eta": -3.4981907956057503, "log10_lambda": -2.1746774369196196, "log10_min_child_weight": 1.0892138323706813, "log10_subsample": -0.37618000017876996, "max_depth": 3.0, "num_boost_round": 10.0}, "datetime": {"datetime": "2024-01-19 00:56:43", "elapsed": 2697.568625, "delta": 0.003126}}
{"target": -17.67710240905707, "params": {"gamma": 975.0278807153012, "log10_alpha": -3.2476724909385473, "log10_colsample_bytree": -0.06385401120452183, "log10_eta": -3.4981907956057503, "log10_lambda": -2.1746774369196196, "log10_min_child_weight": 1.0892138323706813, "log10_subsample": -0.37618000017876996, "max_depth": 3.0, "num_boost_round": 11.0}, "datetime": {"datetime": "2024-01-19 00:56:43", "elapsed": 2697.571801, "delta": 0.003176}}
{"target": -17.677092419727835, "params": {"gamma": 975.0278807153012, "log10_alpha": -3.2476724909385473, "log10_colsample_bytree": -0.06385401120452183, "log10_eta": -3.4981907956057503, "log10_lambda": -2.1746774369196196, "log10_min_child_weight": 1.0892138323706813, "log10_subsample": -0.37618000017876996, "max_depth": 3.0, "num_boost_round": 12.0}, "datetime": {"datetime": "2024-01-19 00:56:43", "elapsed": 2697.574905, "delta": 0.003104}}
{"target": -17.677084396873816, "params": {"gamma": 975.0278807153012, "log10_alpha": -3.2476724909385473, "log10_colsample_bytree": -0.06385401120452183, "log10_eta": -3.4981907956057503, "log10_lambda": -2.1746774369196196, "log10_min_child_weight": 1.0892138323706813, "log10_subsample": -0.37618000017876996, "max_depth": 3.0, "num_boost_round": 13.0}, "datetime": {"datetime": "2024-01-19 00:56:43", "elapsed": 2697.578024, "delta": 0.003119}}
