{"target": -17.677228083393764, "params": {"gamma": 415.32048683392065, "log10_alpha": -2.702486870204095, "log10_colsample_bytree": -0.6299921224111759, "log10_eta": -3.3659840176729956, "log10_lambda": -3.3703516939958122, "log10_min_child_weight": 4.6027308566554765, "log10_subsample": -0.7616531600246741, "max_depth": 3.0, "num_boost_round": 2.0}, "datetime": {"datetime": "2024-01-19 00:43:11", "elapsed": 1881.377023, "delta": 0.003251}}
{"target": -17.677225287957526, "params": {"gamma": 415.32048683392065, "log10_alpha": -2.702486870204095, "log10_colsample_bytree": -0.6299921224111759, "log10_eta": -3.3659840176729956, "log10_lambda": -3.3703516939958122, "log10_min_child_weight": 4.6027308566554765, "log10_subsample": -0.7616531600246741, "max_depth": 3.0, "num_boost_round": 3.0}, "datetime": {"datetime": "2024-01-19 00:43:11", "elapsed": 1881.379923, "delta": 0.0029}}
{"target": -17.67722640384739, "params": {"gamma": 415.32048683392065, "log10_alpha": -2.702486870204095, "log10_colsample_bytree": -0.6299921224111759, "log10_eta": -3.3659840176729956, "log10_lambda": -3.3703516939958122, "log10_min_child_weight": 4.6027308566554765, "log10_subsample": -0.7616531600246741, "max_depth": 3.0, "num_boost_round": 4.0}, "datetime": {"datetime": "2024-01-19 00:43:11", "elapsed": 1881.382936, "delta": 0.003013}}
{"target": -17.677227198418702, "params": {"gamma": 415.32048683392065, "log10_alpha": -2.702486870204095, "log10_colsample_bytree": -0.6299921224111759, "log10_eta": -3.3659840176729956, "log10_lambda": -3.3703516939958122, "log10_min_child_weight": 4.6027308566554765, "log10_subsample": -0.7616531600246741, "max_depth": 3.0, "num_boost_round": 5.0}, "datetime": {"datetime": "2024-01-19 00:43:11", "elapsed": 1881.385775, "delta": 0.002839}}
{"target": -17.677226643906078, "params": {"gamma": 415.32048683392065, "log10_alpha": -2.702486870204095, "log10_colsample_bytree": -0.6299921224111759, "log10_eta": -3.3659840176729956, "log10_lambda": -3.3703516939958122, "log10_min_child_weight": 4.6027308566554765, "log10_subsample": -0.7616531600246741, "max_depth": 3.0, "num_boost_round": 6.0}, "datetime": {"datetime": "2024-01-19 00:43:11", "elapsed": 1881.388606, "delta": 0.002831}}
{"target": -17.67722271588163, "params": {"gamma": 415.32048683392065, "log10_alpha": -2.702486870204095, "log10_colsample_bytree": -0.6299921224111759, "log10_eta": -3.3659840176729956, "log10_lambda": -3.3703516939958122, "log10_min_child_weight": 4.6027308566554765, "log10_subsample": -0.7616531600246741, "max_depth": 3.0, "num_boost_round": 7.0}, "datetime": {"datetime": "2024-01-19 00:43:11", "elapsed": 1881.391524, "delta": 0.002918}}
{"target": -17.67722149650059, "params": {"gamma": 415.32048683392065, "log10_alpha": -2.702486870204095, "log10_colsample_bytree": -0.6299921224111759, "log10_eta": -3.3659840176729956, "log10_lambda": -3.3703516939958122, "log10_min_child_weight": 4.6027308566554765, "log10_subsample": -0.7616531600246741, "max_depth": 3.0, "num_boost_round": 8.0}, "datetime": {"datetime": "2024-01-19 00:43:11", "elapsed": 1881.394361, "delta": 0.002837}}
{"target": -17.677218138193624, "params": {"gamma": 415.32048683392065, "log10_alpha": -2.702486870204095, "log10_colsample_bytree": -0.6299921224111759, "log10_eta": -3.3659840176729956, "log10_lambda": -3.3703516939958122, "log10_min_child_weight": 4.6027308566554765, "log10_subsample": -0.7616531600246741, "max_depth": 3.0, "num_boost_round": 9.0}, "datetime": {"datetime": "2024-01-19 00:43:11", "elapsed": 1881.397198, "delta": 0.002837}}
{"target": -17.676923799608847, "params": {"gamma": 406.57807997264837, "log10_alpha": -0.829188704147418, "log10_colsample_bytree": -0.030690372122758824, "log10_eta": -2.565132228558255, "log10_lambda": -2.3722045868257498, "log10_min_child_weight": 0.982164604388942, "log10_subsample": -0.2057045503450039, "max_depth": 8.0, "num_boost_round": 0.0}, "datetime": {"datetime": "2024-01-19 00:43:58", "elapsed": 1928.568616, "delta": 47.171418}}
{"target": -17.676961707974264, "params": {"gamma": 406.57807997264837, "log10_alpha": -0.829188704147418, "log10_colsample_bytree": -0.030690372122758824, "log10_eta": -2.565132228558255, "log10_lambda": -2.3722045868257498, "log10_min_child_weight": 0.982164604388942, "log10_subsample": -0.2057045503450039, "max_depth": 8.0, "num_boost_round": 1.0}, "datetime": {"datetime": "2024-01-19 00:43:58", "elapsed": 1928.572523, "delta": 0.003907}}
{"target": -17.676693832468043, "params": {"gamma": 406.57807997264837, "log10_alpha": -0.829188704147418, "log10_colsample_bytree": -0.030690372122758824, "log10_eta": -2.565132228558255, "log10_lambda": -2.3722045868257498, "log10_min_child_weight": 0.982164604388942, "log10_subsample": -0.2057045503450039, "max_depth": 8.0, "num_boost_round": 2.0}, "datetime": {"datetime": "2024-01-19 00:43:58", "elapsed": 1928.575381, "delta": 0.002858}}
{"target": -17.67665783248605, "params": {"gamma": 406.57807997264837, "log10_alpha": -0.829188704147418, "log10_colsample_bytree": -0.030690372122758824, "log10_eta": -2.565132228558255, "log10_lambda": -2.3722045868257498, "log10_min_child_weight": 0.982164604388942, "log10_subsample": -0.2057045503450039, "max_depth": 8.0, "num_boost_round": 3.0}, "datetime": {"datetime": "2024-01-19 00:43:58", "elapsed": 1928.578226, "delta": 0.002845}}
{"target": -17.67662875668895, "params": {"gamma": 406.57807997264837, "log10_alpha": -0.829188704147418, "log10_colsample_bytree": -0.030690372122758824, "log10_eta": -2.565132228558255, "log10_lambda": -2.3722045868257498, "log10_min_child_weight": 0.982164604388942, "log10_subsample": -0.2057045503450039, "max_depth": 8.0, "num_boost_round": 4.0}, "datetime": {"datetime": "2024-01-19 00:43:58", "elapsed": 1928.58102, "delta": 0.002794}}
{"target": -17.676188258107903, "params": {"gamma": 406.57807997264837, "log10_alpha": -0.829188704147418, "log10_colsample_bytree": -0.030690372122758824, "log10_eta": -2.565132228558255, "log10_lambda": -2.3722045868257498, "log10_min_child_weight": 0.982164604388942, "log10_subsample": -0.2057045503450039, "max_depth": 8.0, "num_boost_round": 5.0}, "datetime": {"datetime": "2024-01-19 00:43:58", "elapsed": 1928.583939, "delta": 0.002919}}
{"target": -17.676143419231728, "params": {"gamma": 406.57807997264837, "log10_alpha": -0.829188704147418, "log10_colsample_bytree": -0.030690372122758824, "log10_eta": -2.565132228558255, "log10_lambda": -2.3722045868257498, "log10_min_child_weight": 0.982164604388942, "log10_subsample": -0.2057045503450039, "max_depth": 8.0, "num_boost_round": 6.0}, "datetime": {"datetime": "2024-01-19 00:43:58", "elapsed": 1928.586747, "delta": 0.002808}}
{"target": -17.676027723770503, "params": {"gamma": 406.57807997264837, "log10_alpha": -0.829188704147418, "log10_colsample_bytree": -0.030690372122758824, "log10_eta": -2.565132228558255, "log10_lambda": -2.3722045868257498, "log10_min_child_weight": 0.982164604388942, "log10_subsample": -0.2057045503450039, "max_depth": 8.0, "num_boost_round": 7.0}, "datetime": {"datetime": "2024-01-19 00:43:58", "elapsed": 1928.589547, "delta": 0.0028}}
{"target": -17.67578907494621, "params": {"gamma": 406.57807997264837, "log10_alpha": -0.829188704147418, "log10_colsample_bytree": -0.030690372122758824, "log10_eta": -2.565132228558255, "log10_lambda": -2.3722045868257498, "log10_min_child_weight": 0.982164604388942, "log10_subsample": -0.2057045503450039, "max_depth": 8.0, "num_boost_round": 8.0}, "datetime": {"datetime": "2024-01-19 00:43:58", "elapsed": 1928.592478, "delta": 0.002931}}
{"target": -17.675803595134273, "params": {"gamma": 406.57807997264837, "log10_alpha": -0.829188704147418, "log10_colsample_bytree": -0.030690372122758824, "log10_eta": -2.565132228558255, "log10_lambda": -2.3722045868257498, "log10_min_child_weight": 0.982164604388942, "log10_subsample": -0.2057045503450039, "max_depth": 8.0, "num_boost_round": 9.0}, "datetime": {"datetime": "2024-01-19 00:43:58", "elapsed": 1928.595291, "delta": 0.002813}}
{"target": -17.67554095055575, "params": {"gamma": 406.57807997264837, "log10_alpha": -0.829188704147418, "log10_colsample_bytree": -0.030690372122758824, "log10_eta": -2.565132228558255, "log10_lambda": -2.3722045868257498, "log10_min_child_weight": 0.982164604388942, "log10_subsample": -0.2057045503450039, "max_depth": 8.0, "num_boost_round": 10.0}, "datetime": {"datetime": "2024-01-19 00:43:58", "elapsed": 1928.598099, "delta": 0.002808}}
{"target": -17.675484559773626, "params": {"gamma": 406.57807997264837, "log10_alpha": -0.829188704147418, "log10_colsample_bytree": -0.030690372122758824, "log10_eta": -2.565132228558255, "log10_lambda": -2.3722045868257498, "log10_min_child_weight": 0.982164604388942, "log10_subsample": -0.2057045503450039, "max_depth": 8.0, "num_boost_round": 11.0}, "datetime": {"datetime": "2024-01-19 00:43:58", "elapsed": 1928.600908, "delta": 0.002809}}
{"target": -17.675305040786494, "params": {"gamma": 406.57807997264837, "log10_alpha": -0.829188704147418, "log10_colsample_bytree": -0.030690372122758824, "log10_eta": -2.565132228558255, "log10_lambda": -2.3722045868257498, "log10_min_child_weight": 0.982164604388942, "log10_subsample": -0.2057045503450039, "max_depth": 8.0, "num_boost_round": 12.0}, "datetime": {"datetime": "2024-01-19 00:43:58", "elapsed": 1928.603857, "delta": 0.002949}}
{"target": -17.67540380801664, "params": {"gamma": 406.57807997264837, "log10_alpha": -0.829188704147418, "log10_colsample_bytree": -0.030690372122758824, "log10_eta": -2.565132228558255, "log10_lambda": -2.3722045868257498, "log10_min_child_weight": 0.982164604388942, "log10_subsample": -0.2057045503450039, "max_depth": 8.0, "num_boost_round": 13.0}, "datetime": {"datetime": "2024-01-19 00:43:58", "elapsed": 1928.60672, "delta": 0.002863}}
{"target": -17.675229466912327, "params": {"gamma": 406.57807997264837, "log10_alpha": -0.829188704147418, "log10_colsample_bytree": -0.030690372122758824, "log10_eta": -2.565132228558255, "log10_lambda": -2.3722045868257498, "log10_min_child_weight": 0.982164604388942, "log10_subsample": -0.2057045503450039, "max_depth": 8.0, "num_boost_round": 14.0}, "datetime": {"datetime": "2024-01-19 00:43:58", "elapsed": 1928.609533, "delta": 0.002813}}
{"target": -17.675086123249496, "params": {"gamma": 406.57807997264837, "log10_alpha": -0.829188704147418, "log10_colsample_bytree": -0.030690372122758824, "log10_eta": -2.565132228558255, "log10_lambda": -2.3722045868257498, "log10_min_child_weight": 0.982164604388942, "log10_subsample": -0.2057045503450039, "max_depth": 8.0, "num_boost_round": 15.0}, "datetime": {"datetime": "2024-01-19 00:43:58", "elapsed": 1928.612456, "delta": 0.002923}}
{"target": -17.67500284796926, "params": {"gamma": 406.57807997264837, "log10_alpha": -0.829188704147418, "log10_colsample_bytree": -0.030690372122758824, "log10_eta": -2.565132228558255, "log10_lambda": -2.3722045868257498, "log10_min_child_weight": 0.982164604388942, "log10_subsample": -0.2057045503450039, "max_depth": 8.0, "num_boost_round": 16.0}, "datetime": {"datetime": "2024-01-19 00:43:58", "elapsed": 1928.720771, "delta": 0.108315}}
{"target": -17.674718905306445, "params": {"gamma": 406.57807997264837, "log10_alpha": -0.829188704147418, "log10_colsample_bytree": -0.030690372122758824, "log10_eta": -2.565132228558255, "log10_lambda": -2.3722045868257498, "log10_min_child_weight": 0.982164604388942, "log10_subsample": -0.2057045503450039, "max_depth": 8.0, "num_boost_round": 17.0}, "datetime": {"datetime": "2024-01-19 00:43:58", "elapsed": 1928.724163, "delta": 0.003392}}
{"target": -17.674642309211205, "params": {"gamma": 406.57807997264837, "log10_alpha": -0.829188704147418, "log10_colsample_bytree": -0.030690372122758824, "log10_eta": -2.565132228558255, "log10_lambda": -2.3722045868257498, "log10_min_child_weight": 0.982164604388942, "log10_subsample": -0.2057045503450039, "max_depth": 8.0, "num_boost_round": 18.0}, "datetime": {"datetime": "2024-01-19 00:43:58", "elapsed": 1928.727522, "delta": 0.003359}}
{"target": -17.67455107142355, "params": {"gamma": 406.57807997264837, "log10_alpha": -0.829188704147418, "log10_colsample_bytree": -0.030690372122758824, "log10_eta": -2.565132228558255, "log10_lambda": -2.3722045868257498, "log10_min_child_weight": 0.982164604388942, "log10_subsample": -0.2057045503450039, "max_depth": 8.0, "num_boost_round": 19.0}, "datetime": {"datetime": "2024-01-19 00:43:58", "elapsed": 1928.730526, "delta": 0.003004}}
{"target": -17.674490577817128, "params": {"gamma": 406.57807997264837, "log10_alpha": -0.829188704147418, "log10_colsample_bytree": -0.030690372122758824, "log10_eta": -2.565132228558255, "log10_lambda": -2.3722045868257498, "log10_min_child_weight": 0.982164604388942, "log10_subsample": -0.2057045503450039, "max_depth": 8.0, "num_boost_round": 20.0}, "datetime": {"datetime": "2024-01-19 00:43:58", "elapsed": 1928.733595, "delta": 0.003069}}
{"target": -17.67441566787714, "params": {"gamma": 406.57807997264837, "log10_alpha": -0.829188704147418, "log10_colsample_bytree": -0.030690372122758824, "log10_eta": -2.565132228558255, "log10_lambda": -2.3722045868257498, "log10_min_child_weight": 0.982164604388942, "log10_subsample": -0.2057045503450039, "max_depth": 8.0, "num_boost_round": 21.0}, "datetime": {"datetime": "2024-01-19 00:43:58", "elapsed": 1928.736591, "delta": 0.002996}}
{"target": -17.674419815849127, "params": {"gamma": 406.57807997264837, "log10_alpha": -0.829188704147418, "log10_colsample_bytree": -0.030690372122758824, "log10_eta": -2.565132228558255, "log10_lambda": -2.3722045868257498, "log10_min_child_weight": 0.982164604388942, "log10_subsample": -0.2057045503450039, "max_depth": 8.0, "num_boost_round": 22.0}, "datetime": {"datetime": "2024-01-19 00:43:58", "elapsed": 1928.7396, "delta": 0.003009}}
{"target": -17.674456672032463, "params": {"gamma": 406.57807997264837, "log10_alpha": -0.829188704147418, "log10_colsample_bytree": -0.030690372122758824, "log10_eta": -2.565132228558255, "log10_lambda": -2.3722045868257498, "log10_min_child_weight": 0.982164604388942, "log10_subsample": -0.2057045503450039, "max_depth": 8.0, "num_boost_round": 23.0}, "datetime": {"datetime": "2024-01-19 00:43:58", "elapsed": 1928.742735, "delta": 0.003135}}
{"target": -17.674218588731776, "params": {"gamma": 406.57807997264837, "log10_alpha": -0.829188704147418, "log10_colsample_bytree": -0.030690372122758824, "log10_eta": -2.565132228558255, "log10_lambda": -2.3722045868257498, "log10_min_child_weight": 0.982164604388942, "log10_subsample": -0.2057045503450039, "max_depth": 8.0, "num_boost_round": 24.0}, "datetime": {"datetime": "2024-01-19 00:43:58", "elapsed": 1928.745864, "delta": 0.003129}}
{"target": -17.67427003781561, "params": {"gamma": 406.57807997264837, "log10_alpha": -0.829188704147418, "log10_colsample_bytree": -0.030690372122758824, "log10_eta": -2.565132228558255, "log10_lambda": -2.3722045868257498, "log10_min_child_weight": 0.982164604388942, "log10_subsample": -0.2057045503450039, "max_depth": 8.0, "num_boost_round": 25.0}, "datetime": {"datetime": "2024-01-19 00:43:58", "elapsed": 1928.749053, "delta": 0.003189}}
{"target": -17.674130974004104, "params": {"gamma": 406.57807997264837, "log10_alpha": -0.829188704147418, "log10_colsample_bytree": -0.030690372122758824, "log10_eta": -2.565132228558255, "log10_lambda": -2.3722045868257498, "log10_min_child_weight": 0.982164604388942, "log10_subsample": -0.2057045503450039, "max_depth": 8.0, "num_boost_round": 26.0}, "datetime": {"datetime": "2024-01-19 00:43:58", "elapsed": 1928.752069, "delta": 0.003016}}
{"target": -17.674051575017508, "params": {"gamma": 406.57807997264837, "log10_alpha": -0.829188704147418, "log10_colsample_bytree": -0.030690372122758824, "log10_eta": -2.565132228558255, "log10_lambda": -2.3722045868257498, "log10_min_child_weight": 0.982164604388942, "log10_subsample": -0.2057045503450039, "max_depth": 8.0, "num_boost_round": 27.0}, "datetime": {"datetime": "2024-01-19 00:43:58", "elapsed": 1928.755114, "delta": 0.003045}}
{"target": -17.67383543454075, "params": {"gamma": 406.57807997264837, "log10_alpha": -0.829188704147418, "log10_colsample_bytree": -0.030690372122758824, "log10_eta": -2.565132228558255, "log10_lambda": -2.3722045868257498, "log10_min_child_weight": 0.982164604388942, "log10_subsample": -0.2057045503450039, "max_depth": 8.0, "num_boost_round": 28.0}, "datetime": {"datetime": "2024-01-19 00:43:58", "elapsed": 1928.758214, "delta": 0.0031}}
{"target": -17.673876667757796, "params": {"gamma": 406.57807997264837, "log10_alpha": -0.829188704147418, "log10_colsample_bytree": -0.030690372122758824, "log10_eta": -2.565132228558255, "log10_lambda": -2.3722045868257498, "log10_min_child_weight": 0.982164604388942, "log10_subsample": -0.2057045503450039, "max_depth": 8.0, "num_boost_round": 29.0}, "datetime": {"datetime": "2024-01-19 00:43:58", "elapsed": 1928.761363, "delta": 0.003149}}
{"target": -17.673960288898627, "params": {"gamma": 406.57807997264837, "log10_alpha": -0.829188704147418, "log10_colsample_bytree": -0.030690372122758824, "log10_eta": -2.565132228558255, "log10_lambda": -2.3722045868257498, "log10_min_child_weight": 0.982164604388942, "log10_subsample": -0.2057045503450039, "max_depth": 8.0, "num_boost_round": 30.0}, "datetime": {"datetime": "2024-01-19 00:43:58", "elapsed": 1928.764594, "delta": 0.003231}}
{"target": -17.673809067796984, "params": {"gamma": 406.57807997264837, "log10_alpha": -0.829188704147418, "log10_colsample_bytree": -0.030690372122758824, "log10_eta": -2.565132228558255, "log10_lambda": -2.3722045868257498, "log10_min_child_weight": 0.982164604388942, "log10_subsample": -0.2057045503450039, "max_depth": 8.0, "num_boost_round": 31.0}, "datetime": {"datetime": "2024-01-19 00:43:58", "elapsed": 1928.767637, "delta": 0.003043}}
{"target": -17.673831574599003, "params": {"gamma": 406.57807997264837, "log10_alpha": -0.829188704147418, "log10_colsample_bytree": -0.030690372122758824, "log10_eta": -2.565132228558255, "log10_lambda": -2.3722045868257498, "log10_min_child_weight": 0.982164604388942, "log10_subsample": -0.2057045503450039, "max_depth": 8.0, "num_boost_round": 32.0}, "datetime": {"datetime": "2024-01-19 00:43:58", "elapsed": 1928.77068, "delta": 0.003043}}
{"target": -17.67389649460892, "params": {"gamma": 406.57807997264837, "log10_alpha": -0.829188704147418, "log10_colsample_bytree": -0.030690372122758824, "log10_eta": -2.565132228558255, "log10_lambda": -2.3722045868257498, "log10_min_child_weight": 0.982164604388942, "log10_subsample": -0.2057045503450039, "max_depth": 8.0, "num_boost_round": 33.0}, "datetime": {"datetime": "2024-01-19 00:43:58", "elapsed": 1928.773727, "delta": 0.003047}}
{"target": -17.674014652932424, "params": {"gamma": 406.57807997264837, "log10_alpha": -0.829188704147418, "log10_colsample_bytree": -0.030690372122758824, "log10_eta": -2.565132228558255, "log10_lambda": -2.3722045868257498, "log10_min_child_weight": 0.982164604388942, "log10_subsample": -0.2057045503450039, "max_depth": 8.0, "num_boost_round": 34.0}, "datetime": {"datetime": "2024-01-19 00:43:58", "elapsed": 1928.776717, "delta": 0.00299}}
{"target": -17.674085784050792, "params": {"gamma": 406.57807997264837, "log10_alpha": -0.829188704147418, "log10_colsample_bytree": -0.030690372122758824, "log10_eta": -2.565132228558255, "log10_lambda": -2.3722045868257498, "log10_min_child_weight": 0.982164604388942, "log10_subsample": -0.2057045503450039, "max_depth": 8.0, "num_boost_round": 35.0}, "datetime": {"datetime": "2024-01-19 00:43:58", "elapsed": 1928.779682, "delta": 0.002965}}
{"target": -17.674174498500776, "params": {"gamma": 406.57807997264837, "log10_alpha": -0.829188704147418, "log10_colsample_bytree": -0.030690372122758824, "log10_eta": -2.565132228558255, "log10_lambda": -2.3722045868257498, "log10_min_child_weight": 0.982164604388942, "log10_subsample": -0.2057045503450039, "max_depth": 8.0, "num_boost_round": 36.0}, "datetime": {"datetime": "2024-01-19 00:43:58", "elapsed": 1928.782752, "delta": 0.00307}}
{"target": -17.674031473916813, "params": {"gamma": 406.57807997264837, "log10_alpha": -0.829188704147418, "log10_colsample_bytree": -0.030690372122758824, "log10_eta": -2.565132228558255, "log10_lambda": -2.3722045868257498, "log10_min_child_weight": 0.982164604388942, "log10_subsample": -0.2057045503450039, "max_depth": 8.0, "num_boost_round": 37.0}, "datetime": {"datetime": "2024-01-19 00:43:58", "elapsed": 1928.785723, "delta": 0.002971}}
{"target": -17.677240409260847, "params": {"gamma": 408.55210277729594, "log10_alpha": -4.40529009715007, "log10_colsample_bytree": -0.275427228004939, "log10_eta": -3.0930836457483832, "log10_lambda": -1.41027192080612, "log10_min_child_weight": 0.5668064502141368, "log10_subsample": -0.8411179390611062, "max_depth": 9.0, "num_boost_round": 0.0}, "datetime": {"datetime": "2024-01-19 00:44:33", "elapsed": 1963.085676, "delta": 34.299953}}
{"target": -17.677230321876287, "params": {"gamma": 408.55210277729594, "log10_alpha": -4.40529009715007, "log10_colsample_bytree": -0.275427228004939, "log10_eta": -3.0930836457483832, "log10_lambda": -1.41027192080612, "log10_min_child_weight": 0.5668064502141368, "log10_subsample": -0.8411179390611062, "max_depth": 9.0, "num_boost_round": 1.0}, "datetime": {"datetime": "2024-01-19 00:44:33", "elapsed": 1963.089311, "delta": 0.003635}}
{"target": -17.677161039074836, "params": {"gamma": 408.55210277729594, "log10_alpha": -4.40529009715007, "log10_colsample_bytree": -0.275427228004939, "log10_eta": -3.0930836457483832, "log10_lambda": -1.41027192080612, "log10_min_child_weight": 0.5668064502141368, "log10_subsample": -0.8411179390611062, "max_depth": 9.0, "num_boost_round": 2.0}, "datetime": {"datetime": "2024-01-19 00:44:33", "elapsed": 1963.092627, "delta": 0.003316}}
