{"target": -17.677152811776438, "params": {"gamma": 832.7918137456282, "log10_alpha": -3.084806831509108, "log10_colsample_bytree": -0.7928599931910333, "log10_eta": -3.1520185080732515, "log10_lambda": 0.12463389497906796, "log10_min_child_weight": 4.512952652159355, "log10_subsample": -0.23436553499824164, "max_depth": 5.0, "num_boost_round": 22.0}, "datetime": {"datetime": "2024-01-19 01:33:18", "elapsed": 4883.132977, "delta": 0.006465}}
{"target": -17.67714482365836, "params": {"gamma": 832.7918137456282, "log10_alpha": -3.084806831509108, "log10_colsample_bytree": -0.7928599931910333, "log10_eta": -3.1520185080732515, "log10_lambda": 0.12463389497906796, "log10_min_child_weight": 4.512952652159355, "log10_subsample": -0.23436553499824164, "max_depth": 5.0, "num_boost_round": 23.0}, "datetime": {"datetime": "2024-01-19 01:33:18", "elapsed": 4883.139489, "delta": 0.006512}}
{"target": -17.677222878570106, "params": {"gamma": 843.9294626338095, "log10_alpha": -1.5771350981561572, "log10_colsample_bytree": -0.6982348383874883, "log10_eta": -3.3634873594266828, "log10_lambda": -2.6993520350046754, "log10_min_child_weight": 0.8297087336865344, "log10_subsample": -0.00932146579272719, "max_depth": 4.0, "num_boost_round": 0.0}, "datetime": {"datetime": "2024-01-19 01:34:34", "elapsed": 4959.256385, "delta": 76.116896}}
{"target": -17.67721169045519, "params": {"gamma": 843.9294626338095, "log10_alpha": -1.5771350981561572, "log10_colsample_bytree": -0.6982348383874883, "log10_eta": -3.3634873594266828, "log10_lambda": -2.6993520350046754, "log10_min_child_weight": 0.8297087336865344, "log10_subsample": -0.00932146579272719, "max_depth": 4.0, "num_boost_round": 1.0}, "datetime": {"datetime": "2024-01-19 01:34:34", "elapsed": 4959.262608, "delta": 0.006223}}
{"target": -17.677190966674978, "params": {"gamma": 843.9294626338095, "log10_alpha": -1.5771350981561572, "log10_colsample_bytree": -0.6982348383874883, "log10_eta": -3.3634873594266828, "log10_lambda": -2.6993520350046754, "log10_min_child_weight": 0.8297087336865344, "log10_subsample": -0.00932146579272719, "max_depth": 4.0, "num_boost_round": 2.0}, "datetime": {"datetime": "2024-01-19 01:34:34", "elapsed": 4959.268136, "delta": 0.005528}}
{"target": -17.677185027428074, "params": {"gamma": 843.9294626338095, "log10_alpha": -1.5771350981561572, "log10_colsample_bytree": -0.6982348383874883, "log10_eta": -3.3634873594266828, "log10_lambda": -2.6993520350046754, "log10_min_child_weight": 0.8297087336865344, "log10_subsample": -0.00932146579272719, "max_depth": 4.0, "num_boost_round": 3.0}, "datetime": {"datetime": "2024-01-19 01:34:34", "elapsed": 4959.273389, "delta": 0.005253}}
{"target": -17.67716241604671, "params": {"gamma": 843.9294626338095, "log10_alpha": -1.5771350981561572, "log10_colsample_bytree": -0.6982348383874883, "log10_eta": -3.3634873594266828, "log10_lambda": -2.6993520350046754, "log10_min_child_weight": 0.8297087336865344, "log10_subsample": -0.00932146579272719, "max_depth": 4.0, "num_boost_round": 4.0}, "datetime": {"datetime": "2024-01-19 01:34:34", "elapsed": 4959.278702, "delta": 0.005313}}
{"target": -17.677159970790363, "params": {"gamma": 843.9294626338095, "log10_alpha": -1.5771350981561572, "log10_colsample_bytree": -0.6982348383874883, "log10_eta": -3.3634873594266828, "log10_lambda": -2.6993520350046754, "log10_min_child_weight": 0.8297087336865344, "log10_subsample": -0.00932146579272719, "max_depth": 4.0, "num_boost_round": 5.0}, "datetime": {"datetime": "2024-01-19 01:34:34", "elapsed": 4959.284069, "delta": 0.005367}}
{"target": -17.67715054837714, "params": {"gamma": 843.9294626338095, "log10_alpha": -1.5771350981561572, "log10_colsample_bytree": -0.6982348383874883, "log10_eta": -3.3634873594266828, "log10_lambda": -2.6993520350046754, "log10_min_child_weight": 0.8297087336865344, "log10_subsample": -0.00932146579272719, "max_depth": 4.0, "num_boost_round": 6.0}, "datetime": {"datetime": "2024-01-19 01:34:34", "elapsed": 4959.290057, "delta": 0.005988}}
{"target": -17.67712003696349, "params": {"gamma": 843.9294626338095, "log10_alpha": -1.5771350981561572, "log10_colsample_bytree": -0.6982348383874883, "log10_eta": -3.3634873594266828, "log10_lambda": -2.6993520350046754, "log10_min_child_weight": 0.8297087336865344, "log10_subsample": -0.00932146579272719, "max_depth": 4.0, "num_boost_round": 7.0}, "datetime": {"datetime": "2024-01-19 01:34:34", "elapsed": 4959.295901, "delta": 0.005844}}
{"target": -17.677111402431027, "params": {"gamma": 843.9294626338095, "log10_alpha": -1.5771350981561572, "log10_colsample_bytree": -0.6982348383874883, "log10_eta": -3.3634873594266828, "log10_lambda": -2.6993520350046754, "log10_min_child_weight": 0.8297087336865344, "log10_subsample": -0.00932146579272719, "max_depth": 4.0, "num_boost_round": 8.0}, "datetime": {"datetime": "2024-01-19 01:34:34", "elapsed": 4959.301758, "delta": 0.005857}}
{"target": -17.67710366270574, "params": {"gamma": 843.9294626338095, "log10_alpha": -1.5771350981561572, "log10_colsample_bytree": -0.6982348383874883, "log10_eta": -3.3634873594266828, "log10_lambda": -2.6993520350046754, "log10_min_child_weight": 0.8297087336865344, "log10_subsample": -0.00932146579272719, "max_depth": 4.0, "num_boost_round": 9.0}, "datetime": {"datetime": "2024-01-19 01:34:34", "elapsed": 4959.307768, "delta": 0.00601}}
{"target": -17.677081827559345, "params": {"gamma": 843.9294626338095, "log10_alpha": -1.5771350981561572, "log10_colsample_bytree": -0.6982348383874883, "log10_eta": -3.3634873594266828, "log10_lambda": -2.6993520350046754, "log10_min_child_weight": 0.8297087336865344, "log10_subsample": -0.00932146579272719, "max_depth": 4.0, "num_boost_round": 10.0}, "datetime": {"datetime": "2024-01-19 01:34:34", "elapsed": 4959.313213, "delta": 0.005445}}
{"target": -17.6770868046846, "params": {"gamma": 843.9294626338095, "log10_alpha": -1.5771350981561572, "log10_colsample_bytree": -0.6982348383874883, "log10_eta": -3.3634873594266828, "log10_lambda": -2.6993520350046754, "log10_min_child_weight": 0.8297087336865344, "log10_subsample": -0.00932146579272719, "max_depth": 4.0, "num_boost_round": 11.0}, "datetime": {"datetime": "2024-01-19 01:34:34", "elapsed": 4959.318993, "delta": 0.00578}}
{"target": -17.677070762376992, "params": {"gamma": 843.9294626338095, "log10_alpha": -1.5771350981561572, "log10_colsample_bytree": -0.6982348383874883, "log10_eta": -3.3634873594266828, "log10_lambda": -2.6993520350046754, "log10_min_child_weight": 0.8297087336865344, "log10_subsample": -0.00932146579272719, "max_depth": 4.0, "num_boost_round": 12.0}, "datetime": {"datetime": "2024-01-19 01:34:34", "elapsed": 4959.32486, "delta": 0.005867}}
{"target": -17.67705720118331, "params": {"gamma": 843.9294626338095, "log10_alpha": -1.5771350981561572, "log10_colsample_bytree": -0.6982348383874883, "log10_eta": -3.3634873594266828, "log10_lambda": -2.6993520350046754, "log10_min_child_weight": 0.8297087336865344, "log10_subsample": -0.00932146579272719, "max_depth": 4.0, "num_boost_round": 13.0}, "datetime": {"datetime": "2024-01-19 01:34:34", "elapsed": 4959.330564, "delta": 0.005704}}
{"target": -17.6770625289778, "params": {"gamma": 843.9294626338095, "log10_alpha": -1.5771350981561572, "log10_colsample_bytree": -0.6982348383874883, "log10_eta": -3.3634873594266828, "log10_lambda": -2.6993520350046754, "log10_min_child_weight": 0.8297087336865344, "log10_subsample": -0.00932146579272719, "max_depth": 4.0, "num_boost_round": 14.0}, "datetime": {"datetime": "2024-01-19 01:34:34", "elapsed": 4959.336314, "delta": 0.00575}}
{"target": -17.677056883228268, "params": {"gamma": 843.9294626338095, "log10_alpha": -1.5771350981561572, "log10_colsample_bytree": -0.6982348383874883, "log10_eta": -3.3634873594266828, "log10_lambda": -2.6993520350046754, "log10_min_child_weight": 0.8297087336865344, "log10_subsample": -0.00932146579272719, "max_depth": 4.0, "num_boost_round": 15.0}, "datetime": {"datetime": "2024-01-19 01:34:34", "elapsed": 4959.341972, "delta": 0.005658}}
{"target": -17.677046444172095, "params": {"gamma": 843.9294626338095, "log10_alpha": -1.5771350981561572, "log10_colsample_bytree": -0.6982348383874883, "log10_eta": -3.3634873594266828, "log10_lambda": -2.6993520350046754, "log10_min_child_weight": 0.8297087336865344, "log10_subsample": -0.00932146579272719, "max_depth": 4.0, "num_boost_round": 16.0}, "datetime": {"datetime": "2024-01-19 01:34:34", "elapsed": 4959.347712, "delta": 0.00574}}
{"target": -17.677039096824632, "params": {"gamma": 843.9294626338095, "log10_alpha": -1.5771350981561572, "log10_colsample_bytree": -0.6982348383874883, "log10_eta": -3.3634873594266828, "log10_lambda": -2.6993520350046754, "log10_min_child_weight": 0.8297087336865344, "log10_subsample": -0.00932146579272719, "max_depth": 4.0, "num_boost_round": 17.0}, "datetime": {"datetime": "2024-01-19 01:34:34", "elapsed": 4959.35344, "delta": 0.005728}}
{"target": -17.677026389172948, "params": {"gamma": 843.9294626338095, "log10_alpha": -1.5771350981561572, "log10_colsample_bytree": -0.6982348383874883, "log10_eta": -3.3634873594266828, "log10_lambda": -2.6993520350046754, "log10_min_child_weight": 0.8297087336865344, "log10_subsample": -0.00932146579272719, "max_depth": 4.0, "num_boost_round": 18.0}, "datetime": {"datetime": "2024-01-19 01:34:34", "elapsed": 4959.359315, "delta": 0.005875}}
{"target": -17.677019574049194, "params": {"gamma": 843.9294626338095, "log10_alpha": -1.5771350981561572, "log10_colsample_bytree": -0.6982348383874883, "log10_eta": -3.3634873594266828, "log10_lambda": -2.6993520350046754, "log10_min_child_weight": 0.8297087336865344, "log10_subsample": -0.00932146579272719, "max_depth": 4.0, "num_boost_round": 19.0}, "datetime": {"datetime": "2024-01-19 01:34:34", "elapsed": 4959.365309, "delta": 0.005994}}
{"target": -17.6770036788272, "params": {"gamma": 843.9294626338095, "log10_alpha": -1.5771350981561572, "log10_colsample_bytree": -0.6982348383874883, "log10_eta": -3.3634873594266828, "log10_lambda": -2.6993520350046754, "log10_min_child_weight": 0.8297087336865344, "log10_subsample": -0.00932146579272719, "max_depth": 4.0, "num_boost_round": 20.0}, "datetime": {"datetime": "2024-01-19 01:34:34", "elapsed": 4959.372427, "delta": 0.007118}}
{"target": -17.676987969578743, "params": {"gamma": 843.9294626338095, "log10_alpha": -1.5771350981561572, "log10_colsample_bytree": -0.6982348383874883, "log10_eta": -3.3634873594266828, "log10_lambda": -2.6993520350046754, "log10_min_child_weight": 0.8297087336865344, "log10_subsample": -0.00932146579272719, "max_depth": 4.0, "num_boost_round": 21.0}, "datetime": {"datetime": "2024-01-19 01:34:34", "elapsed": 4959.378316, "delta": 0.005889}}
{"target": -17.676961297120073, "params": {"gamma": 843.9294626338095, "log10_alpha": -1.5771350981561572, "log10_colsample_bytree": -0.6982348383874883, "log10_eta": -3.3634873594266828, "log10_lambda": -2.6993520350046754, "log10_min_child_weight": 0.8297087336865344, "log10_subsample": -0.00932146579272719, "max_depth": 4.0, "num_boost_round": 22.0}, "datetime": {"datetime": "2024-01-19 01:34:34", "elapsed": 4959.384131, "delta": 0.005815}}
{"target": -17.67695298227198, "params": {"gamma": 843.9294626338095, "log10_alpha": -1.5771350981561572, "log10_colsample_bytree": -0.6982348383874883, "log10_eta": -3.3634873594266828, "log10_lambda": -2.6993520350046754, "log10_min_child_weight": 0.8297087336865344, "log10_subsample": -0.00932146579272719, "max_depth": 4.0, "num_boost_round": 23.0}, "datetime": {"datetime": "2024-01-19 01:34:34", "elapsed": 4959.390251, "delta": 0.00612}}
{"target": -17.67694326685111, "params": {"gamma": 843.9294626338095, "log10_alpha": -1.5771350981561572, "log10_colsample_bytree": -0.6982348383874883, "log10_eta": -3.3634873594266828, "log10_lambda": -2.6993520350046754, "log10_min_child_weight": 0.8297087336865344, "log10_subsample": -0.00932146579272719, "max_depth": 4.0, "num_boost_round": 24.0}, "datetime": {"datetime": "2024-01-19 01:34:34", "elapsed": 4959.396177, "delta": 0.005926}}
{"target": -17.6769235929034, "params": {"gamma": 843.9294626338095, "log10_alpha": -1.5771350981561572, "log10_colsample_bytree": -0.6982348383874883, "log10_eta": -3.3634873594266828, "log10_lambda": -2.6993520350046754, "log10_min_child_weight": 0.8297087336865344, "log10_subsample": -0.00932146579272719, "max_depth": 4.0, "num_boost_round": 25.0}, "datetime": {"datetime": "2024-01-19 01:34:34", "elapsed": 4959.401967, "delta": 0.00579}}
{"target": -17.676912569456885, "params": {"gamma": 843.9294626338095, "log10_alpha": -1.5771350981561572, "log10_colsample_bytree": -0.6982348383874883, "log10_eta": -3.3634873594266828, "log10_lambda": -2.6993520350046754, "log10_min_child_weight": 0.8297087336865344, "log10_subsample": -0.00932146579272719, "max_depth": 4.0, "num_boost_round": 26.0}, "datetime": {"datetime": "2024-01-19 01:34:34", "elapsed": 4959.407782, "delta": 0.005815}}
{"target": -17.67689209923865, "params": {"gamma": 843.9294626338095, "log10_alpha": -1.5771350981561572, "log10_colsample_bytree": -0.6982348383874883, "log10_eta": -3.3634873594266828, "log10_lambda": -2.6993520350046754, "log10_min_child_weight": 0.8297087336865344, "log10_subsample": -0.00932146579272719, "max_depth": 4.0, "num_boost_round": 27.0}, "datetime": {"datetime": "2024-01-19 01:34:34", "elapsed": 4959.413275, "delta": 0.005493}}
{"target": -17.676876318554218, "params": {"gamma": 843.9294626338095, "log10_alpha": -1.5771350981561572, "log10_colsample_bytree": -0.6982348383874883, "log10_eta": -3.3634873594266828, "log10_lambda": -2.6993520350046754, "log10_min_child_weight": 0.8297087336865344, "log10_subsample": -0.00932146579272719, "max_depth": 4.0, "num_boost_round": 28.0}, "datetime": {"datetime": "2024-01-19 01:34:34", "elapsed": 4959.418938, "delta": 0.005663}}
{"target": -17.676856233015695, "params": {"gamma": 843.9294626338095, "log10_alpha": -1.5771350981561572, "log10_colsample_bytree": -0.6982348383874883, "log10_eta": -3.3634873594266828, "log10_lambda": -2.6993520350046754, "log10_min_child_weight": 0.8297087336865344, "log10_subsample": -0.00932146579272719, "max_depth": 4.0, "num_boost_round": 29.0}, "datetime": {"datetime": "2024-01-19 01:34:34", "elapsed": 4959.424634, "delta": 0.005696}}
{"target": -17.676851546267464, "params": {"gamma": 843.9294626338095, "log10_alpha": -1.5771350981561572, "log10_colsample_bytree": -0.6982348383874883, "log10_eta": -3.3634873594266828, "log10_lambda": -2.6993520350046754, "log10_min_child_weight": 0.8297087336865344, "log10_subsample": -0.00932146579272719, "max_depth": 4.0, "num_boost_round": 30.0}, "datetime": {"datetime": "2024-01-19 01:34:34", "elapsed": 4959.430541, "delta": 0.005907}}
{"target": -17.67683213520989, "params": {"gamma": 843.9294626338095, "log10_alpha": -1.5771350981561572, "log10_colsample_bytree": -0.6982348383874883, "log10_eta": -3.3634873594266828, "log10_lambda": -2.6993520350046754, "log10_min_child_weight": 0.8297087336865344, "log10_subsample": -0.00932146579272719, "max_depth": 4.0, "num_boost_round": 31.0}, "datetime": {"datetime": "2024-01-19 01:34:35", "elapsed": 4959.568265, "delta": 0.137724}}
{"target": -17.676812152251383, "params": {"gamma": 843.9294626338095, "log10_alpha": -1.5771350981561572, "log10_colsample_bytree": -0.6982348383874883, "log10_eta": -3.3634873594266828, "log10_lambda": -2.6993520350046754, "log10_min_child_weight": 0.8297087336865344, "log10_subsample": -0.00932146579272719, "max_depth": 4.0, "num_boost_round": 32.0}, "datetime": {"datetime": "2024-01-19 01:34:35", "elapsed": 4959.57523, "delta": 0.006965}}
{"target": -17.6767897842662, "params": {"gamma": 843.9294626338095, "log10_alpha": -1.5771350981561572, "log10_colsample_bytree": -0.6982348383874883, "log10_eta": -3.3634873594266828, "log10_lambda": -2.6993520350046754, "log10_min_child_weight": 0.8297087336865344, "log10_subsample": -0.00932146579272719, "max_depth": 4.0, "num_boost_round": 33.0}, "datetime": {"datetime": "2024-01-19 01:34:35", "elapsed": 4959.581621, "delta": 0.006391}}
{"target": -17.67497360978799, "params": {"gamma": 831.8679318239685, "log10_alpha": -4.641395581592125, "log10_colsample_bytree": -0.23592047084472256, "log10_eta": -1.318809124728348, "log10_lambda": -2.7887686858293135, "log10_min_child_weight": 1.414559559027423, "log10_subsample": -0.2143829077785594, "max_depth": 9.0, "num_boost_round": 0.0}, "datetime": {"datetime": "2024-01-19 01:36:44", "elapsed": 5088.99113, "delta": 129.409509}}
{"target": -17.674376908812604, "params": {"gamma": 831.8679318239685, "log10_alpha": -4.641395581592125, "log10_colsample_bytree": -0.23592047084472256, "log10_eta": -1.318809124728348, "log10_lambda": -2.7887686858293135, "log10_min_child_weight": 1.414559559027423, "log10_subsample": -0.2143829077785594, "max_depth": 9.0, "num_boost_round": 1.0}, "datetime": {"datetime": "2024-01-19 01:36:44", "elapsed": 5088.998616, "delta": 0.007486}}
{"target": -17.676577402869178, "params": {"gamma": 831.8679318239685, "log10_alpha": -4.641395581592125, "log10_colsample_bytree": -0.23592047084472256, "log10_eta": -1.318809124728348, "log10_lambda": -2.7887686858293135, "log10_min_child_weight": 1.414559559027423, "log10_subsample": -0.2143829077785594, "max_depth": 9.0, "num_boost_round": 2.0}, "datetime": {"datetime": "2024-01-19 01:36:44", "elapsed": 5089.004841, "delta": 0.006225}}
{"target": -17.678014510711513, "params": {"gamma": 831.8679318239685, "log10_alpha": -4.641395581592125, "log10_colsample_bytree": -0.23592047084472256, "log10_eta": -1.318809124728348, "log10_lambda": -2.7887686858293135, "log10_min_child_weight": 1.414559559027423, "log10_subsample": -0.2143829077785594, "max_depth": 9.0, "num_boost_round": 3.0}, "datetime": {"datetime": "2024-01-19 01:36:44", "elapsed": 5089.011174, "delta": 0.006333}}
{"target": -17.680788463642283, "params": {"gamma": 831.8679318239685, "log10_alpha": -4.641395581592125, "log10_colsample_bytree": -0.23592047084472256, "log10_eta": -1.318809124728348, "log10_lambda": -2.7887686858293135, "log10_min_child_weight": 1.414559559027423, "log10_subsample": -0.2143829077785594, "max_depth": 9.0, "num_boost_round": 4.0}, "datetime": {"datetime": "2024-01-19 01:36:44", "elapsed": 5089.017501, "delta": 0.006327}}
{"target": -17.678372459935332, "params": {"gamma": 831.8679318239685, "log10_alpha": -4.641395581592125, "log10_colsample_bytree": -0.23592047084472256, "log10_eta": -1.318809124728348, "log10_lambda": -2.7887686858293135, "log10_min_child_weight": 1.414559559027423, "log10_subsample": -0.2143829077785594, "max_depth": 9.0, "num_boost_round": 5.0}, "datetime": {"datetime": "2024-01-19 01:36:44", "elapsed": 5089.023765, "delta": 0.006264}}
{"target": -17.681039582858144, "params": {"gamma": 831.8679318239685, "log10_alpha": -4.641395581592125, "log10_colsample_bytree": -0.23592047084472256, "log10_eta": -1.318809124728348, "log10_lambda": -2.7887686858293135, "log10_min_child_weight": 1.414559559027423, "log10_subsample": -0.2143829077785594, "max_depth": 9.0, "num_boost_round": 6.0}, "datetime": {"datetime": "2024-01-19 01:36:44", "elapsed": 5089.029978, "delta": 0.006213}}
{"target": -17.684078258871708, "params": {"gamma": 831.8679318239685, "log10_alpha": -4.641395581592125, "log10_colsample_bytree": -0.23592047084472256, "log10_eta": -1.318809124728348, "log10_lambda": -2.7887686858293135, "log10_min_child_weight": 1.414559559027423, "log10_subsample": -0.2143829077785594, "max_depth": 9.0, "num_boost_round": 7.0}, "datetime": {"datetime": "2024-01-19 01:36:44", "elapsed": 5089.03616, "delta": 0.006182}}
{"target": -17.688545519887345, "params": {"gamma": 831.8679318239685, "log10_alpha": -4.641395581592125, "log10_colsample_bytree": -0.23592047084472256, "log10_eta": -1.318809124728348, "log10_lambda": -2.7887686858293135, "log10_min_child_weight": 1.414559559027423, "log10_subsample": -0.2143829077785594, "max_depth": 9.0, "num_boost_round": 8.0}, "datetime": {"datetime": "2024-01-19 01:36:44", "elapsed": 5089.042539, "delta": 0.006379}}
{"target": -17.69191352653948, "params": {"gamma": 831.8679318239685, "log10_alpha": -4.641395581592125, "log10_colsample_bytree": -0.23592047084472256, "log10_eta": -1.318809124728348, "log10_lambda": -2.7887686858293135, "log10_min_child_weight": 1.414559559027423, "log10_subsample": -0.2143829077785594, "max_depth": 9.0, "num_boost_round": 9.0}, "datetime": {"datetime": "2024-01-19 01:36:44", "elapsed": 5089.048769, "delta": 0.00623}}
{"target": -17.699345139162947, "params": {"gamma": 831.8679318239685, "log10_alpha": -4.641395581592125, "log10_colsample_bytree": -0.23592047084472256, "log10_eta": -1.318809124728348, "log10_lambda": -2.7887686858293135, "log10_min_child_weight": 1.414559559027423, "log10_subsample": -0.2143829077785594, "max_depth": 9.0, "num_boost_round": 10.0}, "datetime": {"datetime": "2024-01-19 01:36:44", "elapsed": 5089.055027, "delta": 0.006258}}
{"target": -17.6953544858109, "params": {"gamma": 831.8679318239685, "log10_alpha": -4.641395581592125, "log10_colsample_bytree": -0.23592047084472256, "log10_eta": -1.318809124728348, "log10_lambda": -2.7887686858293135, "log10_min_child_weight": 1.414559559027423, "log10_subsample": -0.2143829077785594, "max_depth": 9.0, "num_boost_round": 11.0}, "datetime": {"datetime": "2024-01-19 01:36:44", "elapsed": 5089.06125, "delta": 0.006223}}
{"target": -17.70124319813996, "params": {"gamma": 831.8679318239685, "log10_alpha": -4.641395581592125, "log10_colsample_bytree": -0.23592047084472256, "log10_eta": -1.318809124728348, "log10_lambda": -2.7887686858293135, "log10_min_child_weight": 1.414559559027423, "log10_subsample": -0.2143829077785594, "max_depth": 9.0, "num_boost_round": 12.0}, "datetime": {"datetime": "2024-01-19 01:36:44", "elapsed": 5089.067299, "delta": 0.006049}}
