{"target": -17.672032102305312, "params": {"gamma": 438.6402168693743, "log10_alpha": -2.8374699869538382, "log10_colsample_bytree": -0.45632657273534516, "log10_eta": -1.097469400162495, "log10_lambda": -1.0013455354748881, "log10_min_child_weight": 1.0165930572064434, "log10_subsample": -0.6459541855290732, "max_depth": 2.0, "num_boost_round": 10.0}, "datetime": {"datetime": "2024-01-19 00:13:55", "elapsed": 128.079594, "delta": 0.000458}}
{"target": -17.671992994035556, "params": {"gamma": 438.6402168693743, "log10_alpha": -2.8374699869538382, "log10_colsample_bytree": -0.45632657273534516, "log10_eta": -1.097469400162495, "log10_lambda": -1.0013455354748881, "log10_min_child_weight": 1.0165930572064434, "log10_subsample": -0.6459541855290732, "max_depth": 2.0, "num_boost_round": 11.0}, "datetime": {"datetime": "2024-01-19 00:13:55", "elapsed": 128.08004, "delta": 0.000446}}
{"target": -17.67266450474981, "params": {"gamma": 438.6402168693743, "log10_alpha": -2.8374699869538382, "log10_colsample_bytree": -0.45632657273534516, "log10_eta": -1.097469400162495, "log10_lambda": -1.0013455354748881, "log10_min_child_weight": 1.0165930572064434, "log10_subsample": -0.6459541855290732, "max_depth": 2.0, "num_boost_round": 12.0}, "datetime": {"datetime": "2024-01-19 00:13:55", "elapsed": 128.080618, "delta": 0.000578}}
{"target": -17.672778890324054, "params": {"gamma": 438.6402168693743, "log10_alpha": -2.8374699869538382, "log10_colsample_bytree": -0.45632657273534516, "log10_eta": -1.097469400162495, "log10_lambda": -1.0013455354748881, "log10_min_child_weight": 1.0165930572064434, "log10_subsample": -0.6459541855290732, "max_depth": 2.0, "num_boost_round": 13.0}, "datetime": {"datetime": "2024-01-19 00:13:55", "elapsed": 128.081066, "delta": 0.000448}}
{"target": -17.6733608723037, "params": {"gamma": 438.6402168693743, "log10_alpha": -2.8374699869538382, "log10_colsample_bytree": -0.45632657273534516, "log10_eta": -1.097469400162495, "log10_lambda": -1.0013455354748881, "log10_min_child_weight": 1.0165930572064434, "log10_subsample": -0.6459541855290732, "max_depth": 2.0, "num_boost_round": 14.0}, "datetime": {"datetime": "2024-01-19 00:13:55", "elapsed": 128.081523, "delta": 0.000457}}
{"target": -17.674175122031794, "params": {"gamma": 438.6402168693743, "log10_alpha": -2.8374699869538382, "log10_colsample_bytree": -0.45632657273534516, "log10_eta": -1.097469400162495, "log10_lambda": -1.0013455354748881, "log10_min_child_weight": 1.0165930572064434, "log10_subsample": -0.6459541855290732, "max_depth": 2.0, "num_boost_round": 15.0}, "datetime": {"datetime": "2024-01-19 00:13:55", "elapsed": 128.082043, "delta": 0.00052}}
{"target": -17.67406993346957, "params": {"gamma": 438.6402168693743, "log10_alpha": -2.8374699869538382, "log10_colsample_bytree": -0.45632657273534516, "log10_eta": -1.097469400162495, "log10_lambda": -1.0013455354748881, "log10_min_child_weight": 1.0165930572064434, "log10_subsample": -0.6459541855290732, "max_depth": 2.0, "num_boost_round": 16.0}, "datetime": {"datetime": "2024-01-19 00:13:55", "elapsed": 128.082513, "delta": 0.00047}}
{"target": -17.673797308816617, "params": {"gamma": 438.6402168693743, "log10_alpha": -2.8374699869538382, "log10_colsample_bytree": -0.45632657273534516, "log10_eta": -1.097469400162495, "log10_lambda": -1.0013455354748881, "log10_min_child_weight": 1.0165930572064434, "log10_subsample": -0.6459541855290732, "max_depth": 2.0, "num_boost_round": 17.0}, "datetime": {"datetime": "2024-01-19 00:13:55", "elapsed": 128.082968, "delta": 0.000455}}
{"target": -17.67413597225414, "params": {"gamma": 438.6402168693743, "log10_alpha": -2.8374699869538382, "log10_colsample_bytree": -0.45632657273534516, "log10_eta": -1.097469400162495, "log10_lambda": -1.0013455354748881, "log10_min_child_weight": 1.0165930572064434, "log10_subsample": -0.6459541855290732, "max_depth": 2.0, "num_boost_round": 18.0}, "datetime": {"datetime": "2024-01-19 00:13:55", "elapsed": 128.083437, "delta": 0.000469}}
{"target": -17.674274088343097, "params": {"gamma": 438.6402168693743, "log10_alpha": -2.8374699869538382, "log10_colsample_bytree": -0.45632657273534516, "log10_eta": -1.097469400162495, "log10_lambda": -1.0013455354748881, "log10_min_child_weight": 1.0165930572064434, "log10_subsample": -0.6459541855290732, "max_depth": 2.0, "num_boost_round": 19.0}, "datetime": {"datetime": "2024-01-19 00:13:55", "elapsed": 128.083891, "delta": 0.000454}}
{"target": -17.67505787802884, "params": {"gamma": 438.6402168693743, "log10_alpha": -2.8374699869538382, "log10_colsample_bytree": -0.45632657273534516, "log10_eta": -1.097469400162495, "log10_lambda": -1.0013455354748881, "log10_min_child_weight": 1.0165930572064434, "log10_subsample": -0.6459541855290732, "max_depth": 2.0, "num_boost_round": 20.0}, "datetime": {"datetime": "2024-01-19 00:13:55", "elapsed": 128.084357, "delta": 0.000466}}
{"target": -17.675988480700756, "params": {"gamma": 438.6402168693743, "log10_alpha": -2.8374699869538382, "log10_colsample_bytree": -0.45632657273534516, "log10_eta": -1.097469400162495, "log10_lambda": -1.0013455354748881, "log10_min_child_weight": 1.0165930572064434, "log10_subsample": -0.6459541855290732, "max_depth": 2.0, "num_boost_round": 21.0}, "datetime": {"datetime": "2024-01-19 00:13:55", "elapsed": 128.084832, "delta": 0.000475}}
{"target": -17.676510403256316, "params": {"gamma": 438.6402168693743, "log10_alpha": -2.8374699869538382, "log10_colsample_bytree": -0.45632657273534516, "log10_eta": -1.097469400162495, "log10_lambda": -1.0013455354748881, "log10_min_child_weight": 1.0165930572064434, "log10_subsample": -0.6459541855290732, "max_depth": 2.0, "num_boost_round": 22.0}, "datetime": {"datetime": "2024-01-19 00:13:55", "elapsed": 128.085293, "delta": 0.000461}}
{"target": -17.677918181652753, "params": {"gamma": 438.6402168693743, "log10_alpha": -2.8374699869538382, "log10_colsample_bytree": -0.45632657273534516, "log10_eta": -1.097469400162495, "log10_lambda": -1.0013455354748881, "log10_min_child_weight": 1.0165930572064434, "log10_subsample": -0.6459541855290732, "max_depth": 2.0, "num_boost_round": 23.0}, "datetime": {"datetime": "2024-01-19 00:13:55", "elapsed": 128.08575, "delta": 0.000457}}
{"target": -17.679292379368103, "params": {"gamma": 438.6402168693743, "log10_alpha": -2.8374699869538382, "log10_colsample_bytree": -0.45632657273534516, "log10_eta": -1.097469400162495, "log10_lambda": -1.0013455354748881, "log10_min_child_weight": 1.0165930572064434, "log10_subsample": -0.6459541855290732, "max_depth": 2.0, "num_boost_round": 24.0}, "datetime": {"datetime": "2024-01-19 00:13:55", "elapsed": 128.086297, "delta": 0.000547}}
{"target": -17.682760029884044, "params": {"gamma": 438.6402168693743, "log10_alpha": -2.8374699869538382, "log10_colsample_bytree": -0.45632657273534516, "log10_eta": -1.097469400162495, "log10_lambda": -1.0013455354748881, "log10_min_child_weight": 1.0165930572064434, "log10_subsample": -0.6459541855290732, "max_depth": 2.0, "num_boost_round": 25.0}, "datetime": {"datetime": "2024-01-19 00:13:55", "elapsed": 128.086777, "delta": 0.00048}}
{"target": -17.6815053112832, "params": {"gamma": 438.6402168693743, "log10_alpha": -2.8374699869538382, "log10_colsample_bytree": -0.45632657273534516, "log10_eta": -1.097469400162495, "log10_lambda": -1.0013455354748881, "log10_min_child_weight": 1.0165930572064434, "log10_subsample": -0.6459541855290732, "max_depth": 2.0, "num_boost_round": 26.0}, "datetime": {"datetime": "2024-01-19 00:13:55", "elapsed": 128.087253, "delta": 0.000476}}
{"target": -17.68051273684045, "params": {"gamma": 438.6402168693743, "log10_alpha": -2.8374699869538382, "log10_colsample_bytree": -0.45632657273534516, "log10_eta": -1.097469400162495, "log10_lambda": -1.0013455354748881, "log10_min_child_weight": 1.0165930572064434, "log10_subsample": -0.6459541855290732, "max_depth": 2.0, "num_boost_round": 27.0}, "datetime": {"datetime": "2024-01-19 00:13:55", "elapsed": 128.087721, "delta": 0.000468}}
{"target": -17.680517191391388, "params": {"gamma": 438.6402168693743, "log10_alpha": -2.8374699869538382, "log10_colsample_bytree": -0.45632657273534516, "log10_eta": -1.097469400162495, "log10_lambda": -1.0013455354748881, "log10_min_child_weight": 1.0165930572064434, "log10_subsample": -0.6459541855290732, "max_depth": 2.0, "num_boost_round": 28.0}, "datetime": {"datetime": "2024-01-19 00:13:55", "elapsed": 128.0882, "delta": 0.000479}}
{"target": -17.681310716939382, "params": {"gamma": 438.6402168693743, "log10_alpha": -2.8374699869538382, "log10_colsample_bytree": -0.45632657273534516, "log10_eta": -1.097469400162495, "log10_lambda": -1.0013455354748881, "log10_min_child_weight": 1.0165930572064434, "log10_subsample": -0.6459541855290732, "max_depth": 2.0, "num_boost_round": 29.0}, "datetime": {"datetime": "2024-01-19 00:13:55", "elapsed": 128.088675, "delta": 0.000475}}
{"target": -17.682266174337702, "params": {"gamma": 438.6402168693743, "log10_alpha": -2.8374699869538382, "log10_colsample_bytree": -0.45632657273534516, "log10_eta": -1.097469400162495, "log10_lambda": -1.0013455354748881, "log10_min_child_weight": 1.0165930572064434, "log10_subsample": -0.6459541855290732, "max_depth": 2.0, "num_boost_round": 30.0}, "datetime": {"datetime": "2024-01-19 00:13:55", "elapsed": 128.089169, "delta": 0.000494}}
{"target": -17.683171091128315, "params": {"gamma": 438.6402168693743, "log10_alpha": -2.8374699869538382, "log10_colsample_bytree": -0.45632657273534516, "log10_eta": -1.097469400162495, "log10_lambda": -1.0013455354748881, "log10_min_child_weight": 1.0165930572064434, "log10_subsample": -0.6459541855290732, "max_depth": 2.0, "num_boost_round": 31.0}, "datetime": {"datetime": "2024-01-19 00:13:55", "elapsed": 128.089752, "delta": 0.000583}}
{"target": -17.683654822364968, "params": {"gamma": 438.6402168693743, "log10_alpha": -2.8374699869538382, "log10_colsample_bytree": -0.45632657273534516, "log10_eta": -1.097469400162495, "log10_lambda": -1.0013455354748881, "log10_min_child_weight": 1.0165930572064434, "log10_subsample": -0.6459541855290732, "max_depth": 2.0, "num_boost_round": 32.0}, "datetime": {"datetime": "2024-01-19 00:13:55", "elapsed": 128.090237, "delta": 0.000485}}
{"target": -17.684317942410953, "params": {"gamma": 438.6402168693743, "log10_alpha": -2.8374699869538382, "log10_colsample_bytree": -0.45632657273534516, "log10_eta": -1.097469400162495, "log10_lambda": -1.0013455354748881, "log10_min_child_weight": 1.0165930572064434, "log10_subsample": -0.6459541855290732, "max_depth": 2.0, "num_boost_round": 33.0}, "datetime": {"datetime": "2024-01-19 00:13:55", "elapsed": 128.090717, "delta": 0.00048}}
{"target": -17.68632168376607, "params": {"gamma": 438.6402168693743, "log10_alpha": -2.8374699869538382, "log10_colsample_bytree": -0.45632657273534516, "log10_eta": -1.097469400162495, "log10_lambda": -1.0013455354748881, "log10_min_child_weight": 1.0165930572064434, "log10_subsample": -0.6459541855290732, "max_depth": 2.0, "num_boost_round": 34.0}, "datetime": {"datetime": "2024-01-19 00:13:55", "elapsed": 128.091198, "delta": 0.000481}}
{"target": -17.686884080448024, "params": {"gamma": 438.6402168693743, "log10_alpha": -2.8374699869538382, "log10_colsample_bytree": -0.45632657273534516, "log10_eta": -1.097469400162495, "log10_lambda": -1.0013455354748881, "log10_min_child_weight": 1.0165930572064434, "log10_subsample": -0.6459541855290732, "max_depth": 2.0, "num_boost_round": 35.0}, "datetime": {"datetime": "2024-01-19 00:13:55", "elapsed": 128.091682, "delta": 0.000484}}
{"target": -17.687438318368887, "params": {"gamma": 438.6402168693743, "log10_alpha": -2.8374699869538382, "log10_colsample_bytree": -0.45632657273534516, "log10_eta": -1.097469400162495, "log10_lambda": -1.0013455354748881, "log10_min_child_weight": 1.0165930572064434, "log10_subsample": -0.6459541855290732, "max_depth": 2.0, "num_boost_round": 36.0}, "datetime": {"datetime": "2024-01-19 00:13:55", "elapsed": 128.09217, "delta": 0.000488}}
{"target": -17.68777050901179, "params": {"gamma": 438.6402168693743, "log10_alpha": -2.8374699869538382, "log10_colsample_bytree": -0.45632657273534516, "log10_eta": -1.097469400162495, "log10_lambda": -1.0013455354748881, "log10_min_child_weight": 1.0165930572064434, "log10_subsample": -0.6459541855290732, "max_depth": 2.0, "num_boost_round": 37.0}, "datetime": {"datetime": "2024-01-19 00:13:55", "elapsed": 128.092655, "delta": 0.000485}}
{"target": -17.68735811123522, "params": {"gamma": 438.6402168693743, "log10_alpha": -2.8374699869538382, "log10_colsample_bytree": -0.45632657273534516, "log10_eta": -1.097469400162495, "log10_lambda": -1.0013455354748881, "log10_min_child_weight": 1.0165930572064434, "log10_subsample": -0.6459541855290732, "max_depth": 2.0, "num_boost_round": 38.0}, "datetime": {"datetime": "2024-01-19 00:13:55", "elapsed": 128.093147, "delta": 0.000492}}
{"target": -17.68966455148282, "params": {"gamma": 438.6402168693743, "log10_alpha": -2.8374699869538382, "log10_colsample_bytree": -0.45632657273534516, "log10_eta": -1.097469400162495, "log10_lambda": -1.0013455354748881, "log10_min_child_weight": 1.0165930572064434, "log10_subsample": -0.6459541855290732, "max_depth": 2.0, "num_boost_round": 39.0}, "datetime": {"datetime": "2024-01-19 00:13:55", "elapsed": 128.093631, "delta": 0.000484}}
{"target": -17.691655535819763, "params": {"gamma": 438.6402168693743, "log10_alpha": -2.8374699869538382, "log10_colsample_bytree": -0.45632657273534516, "log10_eta": -1.097469400162495, "log10_lambda": -1.0013455354748881, "log10_min_child_weight": 1.0165930572064434, "log10_subsample": -0.6459541855290732, "max_depth": 2.0, "num_boost_round": 40.0}, "datetime": {"datetime": "2024-01-19 00:13:55", "elapsed": 128.094121, "delta": 0.00049}}
{"target": -17.701183995109535, "params": {"gamma": 438.6402168693743, "log10_alpha": -2.8374699869538382, "log10_colsample_bytree": -0.45632657273534516, "log10_eta": -1.097469400162495, "log10_lambda": -1.0013455354748881, "log10_min_child_weight": 1.0165930572064434, "log10_subsample": -0.6459541855290732, "max_depth": 2.0, "num_boost_round": 41.0}, "datetime": {"datetime": "2024-01-19 00:13:55", "elapsed": 128.094605, "delta": 0.000484}}
{"target": -17.702421091766855, "params": {"gamma": 438.6402168693743, "log10_alpha": -2.8374699869538382, "log10_colsample_bytree": -0.45632657273534516, "log10_eta": -1.097469400162495, "log10_lambda": -1.0013455354748881, "log10_min_child_weight": 1.0165930572064434, "log10_subsample": -0.6459541855290732, "max_depth": 2.0, "num_boost_round": 42.0}, "datetime": {"datetime": "2024-01-19 00:13:55", "elapsed": 128.095094, "delta": 0.000489}}
{"target": -17.70229916323159, "params": {"gamma": 438.6402168693743, "log10_alpha": -2.8374699869538382, "log10_colsample_bytree": -0.45632657273534516, "log10_eta": -1.097469400162495, "log10_lambda": -1.0013455354748881, "log10_min_child_weight": 1.0165930572064434, "log10_subsample": -0.6459541855290732, "max_depth": 2.0, "num_boost_round": 43.0}, "datetime": {"datetime": "2024-01-19 00:13:55", "elapsed": 128.09558, "delta": 0.000486}}
{"target": -17.70259158682291, "params": {"gamma": 438.6402168693743, "log10_alpha": -2.8374699869538382, "log10_colsample_bytree": -0.45632657273534516, "log10_eta": -1.097469400162495, "log10_lambda": -1.0013455354748881, "log10_min_child_weight": 1.0165930572064434, "log10_subsample": -0.6459541855290732, "max_depth": 2.0, "num_boost_round": 44.0}, "datetime": {"datetime": "2024-01-19 00:13:55", "elapsed": 128.096063, "delta": 0.000483}}
{"target": -17.70263236891149, "params": {"gamma": 438.6402168693743, "log10_alpha": -2.8374699869538382, "log10_colsample_bytree": -0.45632657273534516, "log10_eta": -1.097469400162495, "log10_lambda": -1.0013455354748881, "log10_min_child_weight": 1.0165930572064434, "log10_subsample": -0.6459541855290732, "max_depth": 2.0, "num_boost_round": 45.0}, "datetime": {"datetime": "2024-01-19 00:13:55", "elapsed": 128.096558, "delta": 0.000495}}
{"target": -17.703506337434483, "params": {"gamma": 438.6402168693743, "log10_alpha": -2.8374699869538382, "log10_colsample_bytree": -0.45632657273534516, "log10_eta": -1.097469400162495, "log10_lambda": -1.0013455354748881, "log10_min_child_weight": 1.0165930572064434, "log10_subsample": -0.6459541855290732, "max_depth": 2.0, "num_boost_round": 46.0}, "datetime": {"datetime": "2024-01-19 00:13:55", "elapsed": 128.097048, "delta": 0.00049}}
{"target": -17.67723050581787, "params": {"gamma": 432.274095070536, "log10_alpha": -4.205941232780894, "log10_colsample_bytree": -0.992358592756339, "log10_eta": -3.9519738664649036, "log10_lambda": -2.5267497134666446, "log10_min_child_weight": 4.198176101890855, "log10_subsample": -0.5870715863820006, "max_depth": 6.0, "num_boost_round": 0.0}, "datetime": {"datetime": "2024-01-19 00:14:32", "elapsed": 165.073666, "delta": 36.976618}}
{"target": -17.67722877690257, "params": {"gamma": 432.274095070536, "log10_alpha": -4.205941232780894, "log10_colsample_bytree": -0.992358592756339, "log10_eta": -3.9519738664649036, "log10_lambda": -2.5267497134666446, "log10_min_child_weight": 4.198176101890855, "log10_subsample": -0.5870715863820006, "max_depth": 6.0, "num_boost_round": 1.0}, "datetime": {"datetime": "2024-01-19 00:14:32", "elapsed": 165.074761, "delta": 0.001095}}
{"target": -17.67723029807694, "params": {"gamma": 432.274095070536, "log10_alpha": -4.205941232780894, "log10_colsample_bytree": -0.992358592756339, "log10_eta": -3.9519738664649036, "log10_lambda": -2.5267497134666446, "log10_min_child_weight": 4.198176101890855, "log10_subsample": -0.5870715863820006, "max_depth": 6.0, "num_boost_round": 2.0}, "datetime": {"datetime": "2024-01-19 00:14:32", "elapsed": 165.075322, "delta": 0.000561}}
{"target": -17.677230274914344, "params": {"gamma": 432.274095070536, "log10_alpha": -4.205941232780894, "log10_colsample_bytree": -0.992358592756339, "log10_eta": -3.9519738664649036, "log10_lambda": -2.5267497134666446, "log10_min_child_weight": 4.198176101890855, "log10_subsample": -0.5870715863820006, "max_depth": 6.0, "num_boost_round": 3.0}, "datetime": {"datetime": "2024-01-19 00:14:32", "elapsed": 165.075835, "delta": 0.000513}}
{"target": -17.67722809285499, "params": {"gamma": 432.274095070536, "log10_alpha": -4.205941232780894, "log10_colsample_bytree": -0.992358592756339, "log10_eta": -3.9519738664649036, "log10_lambda": -2.5267497134666446, "log10_min_child_weight": 4.198176101890855, "log10_subsample": -0.5870715863820006, "max_depth": 6.0, "num_boost_round": 4.0}, "datetime": {"datetime": "2024-01-19 00:14:32", "elapsed": 165.076351, "delta": 0.000516}}
{"target": -17.677227214402894, "params": {"gamma": 432.274095070536, "log10_alpha": -4.205941232780894, "log10_colsample_bytree": -0.992358592756339, "log10_eta": -3.9519738664649036, "log10_lambda": -2.5267497134666446, "log10_min_child_weight": 4.198176101890855, "log10_subsample": -0.5870715863820006, "max_depth": 6.0, "num_boost_round": 5.0}, "datetime": {"datetime": "2024-01-19 00:14:32", "elapsed": 165.076988, "delta": 0.000637}}
{"target": -17.677226548455685, "params": {"gamma": 432.274095070536, "log10_alpha": -4.205941232780894, "log10_colsample_bytree": -0.992358592756339, "log10_eta": -3.9519738664649036, "log10_lambda": -2.5267497134666446, "log10_min_child_weight": 4.198176101890855, "log10_subsample": -0.5870715863820006, "max_depth": 6.0, "num_boost_round": 6.0}, "datetime": {"datetime": "2024-01-19 00:14:32", "elapsed": 165.07751, "delta": 0.000522}}
{"target": -17.677224534122875, "params": {"gamma": 432.274095070536, "log10_alpha": -4.205941232780894, "log10_colsample_bytree": -0.992358592756339, "log10_eta": -3.9519738664649036, "log10_lambda": -2.5267497134666446, "log10_min_child_weight": 4.198176101890855, "log10_subsample": -0.5870715863820006, "max_depth": 6.0, "num_boost_round": 7.0}, "datetime": {"datetime": "2024-01-19 00:14:32", "elapsed": 165.078016, "delta": 0.000506}}
{"target": -17.677224272444338, "params": {"gamma": 432.274095070536, "log10_alpha": -4.205941232780894, "log10_colsample_bytree": -0.992358592756339, "log10_eta": -3.9519738664649036, "log10_lambda": -2.5267497134666446, "log10_min_child_weight": 4.198176101890855, "log10_subsample": -0.5870715863820006, "max_depth": 6.0, "num_boost_round": 8.0}, "datetime": {"datetime": "2024-01-19 00:14:32", "elapsed": 165.078532, "delta": 0.000516}}
{"target": -17.67722434118118, "params": {"gamma": 432.274095070536, "log10_alpha": -4.205941232780894, "log10_colsample_bytree": -0.992358592756339, "log10_eta": -3.9519738664649036, "log10_lambda": -2.5267497134666446, "log10_min_child_weight": 4.198176101890855, "log10_subsample": -0.5870715863820006, "max_depth": 6.0, "num_boost_round": 9.0}, "datetime": {"datetime": "2024-01-19 00:14:32", "elapsed": 165.079045, "delta": 0.000513}}
{"target": -17.677224203745563, "params": {"gamma": 432.274095070536, "log10_alpha": -4.205941232780894, "log10_colsample_bytree": -0.992358592756339, "log10_eta": -3.9519738664649036, "log10_lambda": -2.5267497134666446, "log10_min_child_weight": 4.198176101890855, "log10_subsample": -0.5870715863820006, "max_depth": 6.0, "num_boost_round": 10.0}, "datetime": {"datetime": "2024-01-19 00:14:32", "elapsed": 165.079558, "delta": 0.000513}}
{"target": -17.677222816021807, "params": {"gamma": 432.274095070536, "log10_alpha": -4.205941232780894, "log10_colsample_bytree": -0.992358592756339, "log10_eta": -3.9519738664649036, "log10_lambda": -2.5267497134666446, "log10_min_child_weight": 4.198176101890855, "log10_subsample": -0.5870715863820006, "max_depth": 6.0, "num_boost_round": 11.0}, "datetime": {"datetime": "2024-01-19 00:14:32", "elapsed": 165.080154, "delta": 0.000596}}
