{"target": -13.758439008334681, "params": {"gamma": 452.18922212468203, "log10_alpha": 0.5243180063007431, "log10_colsample_bytree": -0.9623527185683852, "log10_eta": -2.778216188433378, "log10_lambda": -2.80756522425764, "log10_min_child_weight": 0.41995583408465154, "log10_subsample": -0.8069069254351027, "max_depth": 5.0, "num_boost_round": 5.0}, "datetime": {"datetime": "2024-01-19 01:57:17", "elapsed": 6340.936704, "delta": 0.006167}}
{"target": -13.758458010006896, "params": {"gamma": 452.18922212468203, "log10_alpha": 0.5243180063007431, "log10_colsample_bytree": -0.9623527185683852, "log10_eta": -2.778216188433378, "log10_lambda": -2.80756522425764, "log10_min_child_weight": 0.41995583408465154, "log10_subsample": -0.8069069254351027, "max_depth": 5.0, "num_boost_round": 6.0}, "datetime": {"datetime": "2024-01-19 01:57:17", "elapsed": 6340.942857, "delta": 0.006153}}
{"target": -13.758408231950721, "params": {"gamma": 452.18922212468203, "log10_alpha": 0.5243180063007431, "log10_colsample_bytree": -0.9623527185683852, "log10_eta": -2.778216188433378, "log10_lambda": -2.80756522425764, "log10_min_child_weight": 0.41995583408465154, "log10_subsample": -0.8069069254351027, "max_depth": 5.0, "num_boost_round": 7.0}, "datetime": {"datetime": "2024-01-19 01:57:17", "elapsed": 6340.949132, "delta": 0.006275}}
{"target": -13.758413905998756, "params": {"gamma": 452.18922212468203, "log10_alpha": 0.5243180063007431, "log10_colsample_bytree": -0.9623527185683852, "log10_eta": -2.778216188433378, "log10_lambda": -2.80756522425764, "log10_min_child_weight": 0.41995583408465154, "log10_subsample": -0.8069069254351027, "max_depth": 5.0, "num_boost_round": 8.0}, "datetime": {"datetime": "2024-01-19 01:57:17", "elapsed": 6340.955366, "delta": 0.006234}}
{"target": -13.758413583259816, "params": {"gamma": 452.18922212468203, "log10_alpha": 0.5243180063007431, "log10_colsample_bytree": -0.9623527185683852, "log10_eta": -2.778216188433378, "log10_lambda": -2.80756522425764, "log10_min_child_weight": 0.41995583408465154, "log10_subsample": -0.8069069254351027, "max_depth": 5.0, "num_boost_round": 9.0}, "datetime": {"datetime": "2024-01-19 01:57:17", "elapsed": 6340.962747, "delta": 0.007381}}
{"target": -13.758371024137073, "params": {"gamma": 452.18922212468203, "log10_alpha": 0.5243180063007431, "log10_colsample_bytree": -0.9623527185683852, "log10_eta": -2.778216188433378, "log10_lambda": -2.80756522425764, "log10_min_child_weight": 0.41995583408465154, "log10_subsample": -0.8069069254351027, "max_depth": 5.0, "num_boost_round": 10.0}, "datetime": {"datetime": "2024-01-19 01:57:17", "elapsed": 6340.969131, "delta": 0.006384}}
{"target": -13.75832832048447, "params": {"gamma": 452.18922212468203, "log10_alpha": 0.5243180063007431, "log10_colsample_bytree": -0.9623527185683852, "log10_eta": -2.778216188433378, "log10_lambda": -2.80756522425764, "log10_min_child_weight": 0.41995583408465154, "log10_subsample": -0.8069069254351027, "max_depth": 5.0, "num_boost_round": 11.0}, "datetime": {"datetime": "2024-01-19 01:57:17", "elapsed": 6340.975301, "delta": 0.00617}}
{"target": -13.758276453615188, "params": {"gamma": 452.18922212468203, "log10_alpha": 0.5243180063007431, "log10_colsample_bytree": -0.9623527185683852, "log10_eta": -2.778216188433378, "log10_lambda": -2.80756522425764, "log10_min_child_weight": 0.41995583408465154, "log10_subsample": -0.8069069254351027, "max_depth": 5.0, "num_boost_round": 12.0}, "datetime": {"datetime": "2024-01-19 01:57:17", "elapsed": 6340.981479, "delta": 0.006178}}
{"target": -13.758215738836604, "params": {"gamma": 452.18922212468203, "log10_alpha": 0.5243180063007431, "log10_colsample_bytree": -0.9623527185683852, "log10_eta": -2.778216188433378, "log10_lambda": -2.80756522425764, "log10_min_child_weight": 0.41995583408465154, "log10_subsample": -0.8069069254351027, "max_depth": 5.0, "num_boost_round": 13.0}, "datetime": {"datetime": "2024-01-19 01:57:17", "elapsed": 6340.987764, "delta": 0.006285}}
{"target": -13.758226521071064, "params": {"gamma": 452.18922212468203, "log10_alpha": 0.5243180063007431, "log10_colsample_bytree": -0.9623527185683852, "log10_eta": -2.778216188433378, "log10_lambda": -2.80756522425764, "log10_min_child_weight": 0.41995583408465154, "log10_subsample": -0.8069069254351027, "max_depth": 5.0, "num_boost_round": 14.0}, "datetime": {"datetime": "2024-01-19 01:57:17", "elapsed": 6340.994307, "delta": 0.006543}}
{"target": -13.758189532242753, "params": {"gamma": 452.18922212468203, "log10_alpha": 0.5243180063007431, "log10_colsample_bytree": -0.9623527185683852, "log10_eta": -2.778216188433378, "log10_lambda": -2.80756522425764, "log10_min_child_weight": 0.41995583408465154, "log10_subsample": -0.8069069254351027, "max_depth": 5.0, "num_boost_round": 15.0}, "datetime": {"datetime": "2024-01-19 01:57:17", "elapsed": 6341.000616, "delta": 0.006309}}
{"target": -13.758167560257686, "params": {"gamma": 452.18922212468203, "log10_alpha": 0.5243180063007431, "log10_colsample_bytree": -0.9623527185683852, "log10_eta": -2.778216188433378, "log10_lambda": -2.80756522425764, "log10_min_child_weight": 0.41995583408465154, "log10_subsample": -0.8069069254351027, "max_depth": 5.0, "num_boost_round": 16.0}, "datetime": {"datetime": "2024-01-19 01:57:17", "elapsed": 6341.006785, "delta": 0.006169}}
{"target": -13.758144517913628, "params": {"gamma": 452.18922212468203, "log10_alpha": 0.5243180063007431, "log10_colsample_bytree": -0.9623527185683852, "log10_eta": -2.778216188433378, "log10_lambda": -2.80756522425764, "log10_min_child_weight": 0.41995583408465154, "log10_subsample": -0.8069069254351027, "max_depth": 5.0, "num_boost_round": 17.0}, "datetime": {"datetime": "2024-01-19 01:57:18", "elapsed": 6341.10654, "delta": 0.099755}}
{"target": -13.758124304375333, "params": {"gamma": 452.18922212468203, "log10_alpha": 0.5243180063007431, "log10_colsample_bytree": -0.9623527185683852, "log10_eta": -2.778216188433378, "log10_lambda": -2.80756522425764, "log10_min_child_weight": 0.41995583408465154, "log10_subsample": -0.8069069254351027, "max_depth": 5.0, "num_boost_round": 18.0}, "datetime": {"datetime": "2024-01-19 01:57:18", "elapsed": 6341.113764, "delta": 0.007224}}
{"target": -13.758118423489833, "params": {"gamma": 452.18922212468203, "log10_alpha": 0.5243180063007431, "log10_colsample_bytree": -0.9623527185683852, "log10_eta": -2.778216188433378, "log10_lambda": -2.80756522425764, "log10_min_child_weight": 0.41995583408465154, "log10_subsample": -0.8069069254351027, "max_depth": 5.0, "num_boost_round": 19.0}, "datetime": {"datetime": "2024-01-19 01:57:18", "elapsed": 6341.12048, "delta": 0.006716}}
{"target": -13.758084986126821, "params": {"gamma": 452.18922212468203, "log10_alpha": 0.5243180063007431, "log10_colsample_bytree": -0.9623527185683852, "log10_eta": -2.778216188433378, "log10_lambda": -2.80756522425764, "log10_min_child_weight": 0.41995583408465154, "log10_subsample": -0.8069069254351027, "max_depth": 5.0, "num_boost_round": 20.0}, "datetime": {"datetime": "2024-01-19 01:57:18", "elapsed": 6341.126941, "delta": 0.006461}}
{"target": -13.757973550973812, "params": {"gamma": 452.18922212468203, "log10_alpha": 0.5243180063007431, "log10_colsample_bytree": -0.9623527185683852, "log10_eta": -2.778216188433378, "log10_lambda": -2.80756522425764, "log10_min_child_weight": 0.41995583408465154, "log10_subsample": -0.8069069254351027, "max_depth": 5.0, "num_boost_round": 21.0}, "datetime": {"datetime": "2024-01-19 01:57:18", "elapsed": 6341.133361, "delta": 0.00642}}
{"target": -13.757940215602316, "params": {"gamma": 452.18922212468203, "log10_alpha": 0.5243180063007431, "log10_colsample_bytree": -0.9623527185683852, "log10_eta": -2.778216188433378, "log10_lambda": -2.80756522425764, "log10_min_child_weight": 0.41995583408465154, "log10_subsample": -0.8069069254351027, "max_depth": 5.0, "num_boost_round": 22.0}, "datetime": {"datetime": "2024-01-19 01:57:18", "elapsed": 6341.139839, "delta": 0.006478}}
{"target": -13.758444619704896, "params": {"gamma": 429.99403762668555, "log10_alpha": -4.080747179672129, "log10_colsample_bytree": -0.6216085074973418, "log10_eta": -2.0366416706634753, "log10_lambda": -2.0597397973364657, "log10_min_child_weight": 4.537902185883478, "log10_subsample": -0.5619466339446723, "max_depth": 5.0, "num_boost_round": 0.0}, "datetime": {"datetime": "2024-01-19 01:58:49", "elapsed": 6432.641924, "delta": 91.502085}}
{"target": -13.758413959901901, "params": {"gamma": 429.99403762668555, "log10_alpha": -4.080747179672129, "log10_colsample_bytree": -0.6216085074973418, "log10_eta": -2.0366416706634753, "log10_lambda": -2.0597397973364657, "log10_min_child_weight": 4.537902185883478, "log10_subsample": -0.5619466339446723, "max_depth": 5.0, "num_boost_round": 1.0}, "datetime": {"datetime": "2024-01-19 01:58:49", "elapsed": 6432.649003, "delta": 0.007079}}
{"target": -13.75840739278693, "params": {"gamma": 429.99403762668555, "log10_alpha": -4.080747179672129, "log10_colsample_bytree": -0.6216085074973418, "log10_eta": -2.0366416706634753, "log10_lambda": -2.0597397973364657, "log10_min_child_weight": 4.537902185883478, "log10_subsample": -0.5619466339446723, "max_depth": 5.0, "num_boost_round": 2.0}, "datetime": {"datetime": "2024-01-19 01:58:49", "elapsed": 6432.655135, "delta": 0.006132}}
{"target": -13.758369122242108, "params": {"gamma": 429.99403762668555, "log10_alpha": -4.080747179672129, "log10_colsample_bytree": -0.6216085074973418, "log10_eta": -2.0366416706634753, "log10_lambda": -2.0597397973364657, "log10_min_child_weight": 4.537902185883478, "log10_subsample": -0.5619466339446723, "max_depth": 5.0, "num_boost_round": 3.0}, "datetime": {"datetime": "2024-01-19 01:58:49", "elapsed": 6432.661209, "delta": 0.006074}}
{"target": -13.758392751509579, "params": {"gamma": 429.99403762668555, "log10_alpha": -4.080747179672129, "log10_colsample_bytree": -0.6216085074973418, "log10_eta": -2.0366416706634753, "log10_lambda": -2.0597397973364657, "log10_min_child_weight": 4.537902185883478, "log10_subsample": -0.5619466339446723, "max_depth": 5.0, "num_boost_round": 4.0}, "datetime": {"datetime": "2024-01-19 01:58:49", "elapsed": 6432.667417, "delta": 0.006208}}
{"target": -13.758376539833623, "params": {"gamma": 429.99403762668555, "log10_alpha": -4.080747179672129, "log10_colsample_bytree": -0.6216085074973418, "log10_eta": -2.0366416706634753, "log10_lambda": -2.0597397973364657, "log10_min_child_weight": 4.537902185883478, "log10_subsample": -0.5619466339446723, "max_depth": 5.0, "num_boost_round": 5.0}, "datetime": {"datetime": "2024-01-19 01:58:49", "elapsed": 6432.67368, "delta": 0.006263}}
{"target": -13.758391966663236, "params": {"gamma": 429.99403762668555, "log10_alpha": -4.080747179672129, "log10_colsample_bytree": -0.6216085074973418, "log10_eta": -2.0366416706634753, "log10_lambda": -2.0597397973364657, "log10_min_child_weight": 4.537902185883478, "log10_subsample": -0.5619466339446723, "max_depth": 5.0, "num_boost_round": 6.0}, "datetime": {"datetime": "2024-01-19 01:58:49", "elapsed": 6432.679818, "delta": 0.006138}}
{"target": -13.758295712612643, "params": {"gamma": 429.99403762668555, "log10_alpha": -4.080747179672129, "log10_colsample_bytree": -0.6216085074973418, "log10_eta": -2.0366416706634753, "log10_lambda": -2.0597397973364657, "log10_min_child_weight": 4.537902185883478, "log10_subsample": -0.5619466339446723, "max_depth": 5.0, "num_boost_round": 7.0}, "datetime": {"datetime": "2024-01-19 01:58:49", "elapsed": 6432.68595, "delta": 0.006132}}
{"target": -13.758243700769182, "params": {"gamma": 429.99403762668555, "log10_alpha": -4.080747179672129, "log10_colsample_bytree": -0.6216085074973418, "log10_eta": -2.0366416706634753, "log10_lambda": -2.0597397973364657, "log10_min_child_weight": 4.537902185883478, "log10_subsample": -0.5619466339446723, "max_depth": 5.0, "num_boost_round": 8.0}, "datetime": {"datetime": "2024-01-19 01:58:49", "elapsed": 6432.692188, "delta": 0.006238}}
{"target": -13.75821551598574, "params": {"gamma": 429.99403762668555, "log10_alpha": -4.080747179672129, "log10_colsample_bytree": -0.6216085074973418, "log10_eta": -2.0366416706634753, "log10_lambda": -2.0597397973364657, "log10_min_child_weight": 4.537902185883478, "log10_subsample": -0.5619466339446723, "max_depth": 5.0, "num_boost_round": 9.0}, "datetime": {"datetime": "2024-01-19 01:58:49", "elapsed": 6432.698476, "delta": 0.006288}}
{"target": -13.758155623119247, "params": {"gamma": 429.99403762668555, "log10_alpha": -4.080747179672129, "log10_colsample_bytree": -0.6216085074973418, "log10_eta": -2.0366416706634753, "log10_lambda": -2.0597397973364657, "log10_min_child_weight": 4.537902185883478, "log10_subsample": -0.5619466339446723, "max_depth": 5.0, "num_boost_round": 10.0}, "datetime": {"datetime": "2024-01-19 01:58:49", "elapsed": 6432.704721, "delta": 0.006245}}
{"target": -13.75811636437797, "params": {"gamma": 429.99403762668555, "log10_alpha": -4.080747179672129, "log10_colsample_bytree": -0.6216085074973418, "log10_eta": -2.0366416706634753, "log10_lambda": -2.0597397973364657, "log10_min_child_weight": 4.537902185883478, "log10_subsample": -0.5619466339446723, "max_depth": 5.0, "num_boost_round": 11.0}, "datetime": {"datetime": "2024-01-19 01:58:49", "elapsed": 6432.710928, "delta": 0.006207}}
{"target": -13.758172105798153, "params": {"gamma": 429.99403762668555, "log10_alpha": -4.080747179672129, "log10_colsample_bytree": -0.6216085074973418, "log10_eta": -2.0366416706634753, "log10_lambda": -2.0597397973364657, "log10_min_child_weight": 4.537902185883478, "log10_subsample": -0.5619466339446723, "max_depth": 5.0, "num_boost_round": 12.0}, "datetime": {"datetime": "2024-01-19 01:58:49", "elapsed": 6432.717009, "delta": 0.006081}}
{"target": -13.758227953354426, "params": {"gamma": 429.99403762668555, "log10_alpha": -4.080747179672129, "log10_colsample_bytree": -0.6216085074973418, "log10_eta": -2.0366416706634753, "log10_lambda": -2.0597397973364657, "log10_min_child_weight": 4.537902185883478, "log10_subsample": -0.5619466339446723, "max_depth": 5.0, "num_boost_round": 13.0}, "datetime": {"datetime": "2024-01-19 01:58:49", "elapsed": 6432.723112, "delta": 0.006103}}
{"target": -13.758245484704597, "params": {"gamma": 429.99403762668555, "log10_alpha": -4.080747179672129, "log10_colsample_bytree": -0.6216085074973418, "log10_eta": -2.0366416706634753, "log10_lambda": -2.0597397973364657, "log10_min_child_weight": 4.537902185883478, "log10_subsample": -0.5619466339446723, "max_depth": 5.0, "num_boost_round": 14.0}, "datetime": {"datetime": "2024-01-19 01:58:49", "elapsed": 6432.729292, "delta": 0.00618}}
{"target": -13.758211060303218, "params": {"gamma": 429.99403762668555, "log10_alpha": -4.080747179672129, "log10_colsample_bytree": -0.6216085074973418, "log10_eta": -2.0366416706634753, "log10_lambda": -2.0597397973364657, "log10_min_child_weight": 4.537902185883478, "log10_subsample": -0.5619466339446723, "max_depth": 5.0, "num_boost_round": 15.0}, "datetime": {"datetime": "2024-01-19 01:58:49", "elapsed": 6432.735347, "delta": 0.006055}}
{"target": -13.758174223871958, "params": {"gamma": 429.99403762668555, "log10_alpha": -4.080747179672129, "log10_colsample_bytree": -0.6216085074973418, "log10_eta": -2.0366416706634753, "log10_lambda": -2.0597397973364657, "log10_min_child_weight": 4.537902185883478, "log10_subsample": -0.5619466339446723, "max_depth": 5.0, "num_boost_round": 16.0}, "datetime": {"datetime": "2024-01-19 01:58:49", "elapsed": 6432.741415, "delta": 0.006068}}
{"target": -13.758151071672938, "params": {"gamma": 429.99403762668555, "log10_alpha": -4.080747179672129, "log10_colsample_bytree": -0.6216085074973418, "log10_eta": -2.0366416706634753, "log10_lambda": -2.0597397973364657, "log10_min_child_weight": 4.537902185883478, "log10_subsample": -0.5619466339446723, "max_depth": 5.0, "num_boost_round": 17.0}, "datetime": {"datetime": "2024-01-19 01:58:49", "elapsed": 6432.747596, "delta": 0.006181}}
{"target": -13.758083452045785, "params": {"gamma": 429.99403762668555, "log10_alpha": -4.080747179672129, "log10_colsample_bytree": -0.6216085074973418, "log10_eta": -2.0366416706634753, "log10_lambda": -2.0597397973364657, "log10_min_child_weight": 4.537902185883478, "log10_subsample": -0.5619466339446723, "max_depth": 5.0, "num_boost_round": 18.0}, "datetime": {"datetime": "2024-01-19 01:58:49", "elapsed": 6432.753693, "delta": 0.006097}}
{"target": -13.758087161261646, "params": {"gamma": 429.99403762668555, "log10_alpha": -4.080747179672129, "log10_colsample_bytree": -0.6216085074973418, "log10_eta": -2.0366416706634753, "log10_lambda": -2.0597397973364657, "log10_min_child_weight": 4.537902185883478, "log10_subsample": -0.5619466339446723, "max_depth": 5.0, "num_boost_round": 19.0}, "datetime": {"datetime": "2024-01-19 01:58:49", "elapsed": 6432.759767, "delta": 0.006074}}
{"target": -13.758108580240869, "params": {"gamma": 429.99403762668555, "log10_alpha": -4.080747179672129, "log10_colsample_bytree": -0.6216085074973418, "log10_eta": -2.0366416706634753, "log10_lambda": -2.0597397973364657, "log10_min_child_weight": 4.537902185883478, "log10_subsample": -0.5619466339446723, "max_depth": 5.0, "num_boost_round": 20.0}, "datetime": {"datetime": "2024-01-19 01:58:49", "elapsed": 6432.765914, "delta": 0.006147}}
{"target": -13.758090386428275, "params": {"gamma": 429.99403762668555, "log10_alpha": -4.080747179672129, "log10_colsample_bytree": -0.6216085074973418, "log10_eta": -2.0366416706634753, "log10_lambda": -2.0597397973364657, "log10_min_child_weight": 4.537902185883478, "log10_subsample": -0.5619466339446723, "max_depth": 5.0, "num_boost_round": 21.0}, "datetime": {"datetime": "2024-01-19 01:58:49", "elapsed": 6432.772084, "delta": 0.00617}}
{"target": -13.758006435330286, "params": {"gamma": 429.99403762668555, "log10_alpha": -4.080747179672129, "log10_colsample_bytree": -0.6216085074973418, "log10_eta": -2.0366416706634753, "log10_lambda": -2.0597397973364657, "log10_min_child_weight": 4.537902185883478, "log10_subsample": -0.5619466339446723, "max_depth": 5.0, "num_boost_round": 22.0}, "datetime": {"datetime": "2024-01-19 01:58:49", "elapsed": 6432.778209, "delta": 0.006125}}
{"target": -13.757942513969716, "params": {"gamma": 429.99403762668555, "log10_alpha": -4.080747179672129, "log10_colsample_bytree": -0.6216085074973418, "log10_eta": -2.0366416706634753, "log10_lambda": -2.0597397973364657, "log10_min_child_weight": 4.537902185883478, "log10_subsample": -0.5619466339446723, "max_depth": 5.0, "num_boost_round": 23.0}, "datetime": {"datetime": "2024-01-19 01:58:49", "elapsed": 6432.784277, "delta": 0.006068}}
{"target": -13.757908224901872, "params": {"gamma": 429.99403762668555, "log10_alpha": -4.080747179672129, "log10_colsample_bytree": -0.6216085074973418, "log10_eta": -2.0366416706634753, "log10_lambda": -2.0597397973364657, "log10_min_child_weight": 4.537902185883478, "log10_subsample": -0.5619466339446723, "max_depth": 5.0, "num_boost_round": 24.0}, "datetime": {"datetime": "2024-01-19 01:58:49", "elapsed": 6432.790715, "delta": 0.006438}}
{"target": -13.757900726930403, "params": {"gamma": 429.99403762668555, "log10_alpha": -4.080747179672129, "log10_colsample_bytree": -0.6216085074973418, "log10_eta": -2.0366416706634753, "log10_lambda": -2.0597397973364657, "log10_min_child_weight": 4.537902185883478, "log10_subsample": -0.5619466339446723, "max_depth": 5.0, "num_boost_round": 25.0}, "datetime": {"datetime": "2024-01-19 01:58:49", "elapsed": 6432.797076, "delta": 0.006361}}
{"target": -13.757934555254746, "params": {"gamma": 429.99403762668555, "log10_alpha": -4.080747179672129, "log10_colsample_bytree": -0.6216085074973418, "log10_eta": -2.0366416706634753, "log10_lambda": -2.0597397973364657, "log10_min_child_weight": 4.537902185883478, "log10_subsample": -0.5619466339446723, "max_depth": 5.0, "num_boost_round": 26.0}, "datetime": {"datetime": "2024-01-19 01:58:49", "elapsed": 6432.8033, "delta": 0.006224}}
{"target": -13.75785093945845, "params": {"gamma": 429.99403762668555, "log10_alpha": -4.080747179672129, "log10_colsample_bytree": -0.6216085074973418, "log10_eta": -2.0366416706634753, "log10_lambda": -2.0597397973364657, "log10_min_child_weight": 4.537902185883478, "log10_subsample": -0.5619466339446723, "max_depth": 5.0, "num_boost_round": 27.0}, "datetime": {"datetime": "2024-01-19 01:58:49", "elapsed": 6432.80939, "delta": 0.00609}}
{"target": -13.757779759289123, "params": {"gamma": 429.99403762668555, "log10_alpha": -4.080747179672129, "log10_colsample_bytree": -0.6216085074973418, "log10_eta": -2.0366416706634753, "log10_lambda": -2.0597397973364657, "log10_min_child_weight": 4.537902185883478, "log10_subsample": -0.5619466339446723, "max_depth": 5.0, "num_boost_round": 28.0}, "datetime": {"datetime": "2024-01-19 01:58:49", "elapsed": 6432.815612, "delta": 0.006222}}
{"target": -13.757745846504584, "params": {"gamma": 429.99403762668555, "log10_alpha": -4.080747179672129, "log10_colsample_bytree": -0.6216085074973418, "log10_eta": -2.0366416706634753, "log10_lambda": -2.0597397973364657, "log10_min_child_weight": 4.537902185883478, "log10_subsample": -0.5619466339446723, "max_depth": 5.0, "num_boost_round": 29.0}, "datetime": {"datetime": "2024-01-19 01:58:49", "elapsed": 6432.82178, "delta": 0.006168}}
{"target": -13.757733961214822, "params": {"gamma": 429.99403762668555, "log10_alpha": -4.080747179672129, "log10_colsample_bytree": -0.6216085074973418, "log10_eta": -2.0366416706634753, "log10_lambda": -2.0597397973364657, "log10_min_child_weight": 4.537902185883478, "log10_subsample": -0.5619466339446723, "max_depth": 5.0, "num_boost_round": 30.0}, "datetime": {"datetime": "2024-01-19 01:58:49", "elapsed": 6432.827933, "delta": 0.006153}}
