{"target": -13.757805871915812, "params": {"gamma": 41.04395513688852, "log10_alpha": -0.7449623337867939, "log10_colsample_bytree": -0.6456726008725774, "log10_eta": -2.917406944771864, "log10_lambda": -3.15278327657367, "log10_min_child_weight": 1.0532088065092164, "log10_subsample": -0.7384256767714322, "max_depth": 6.0, "num_boost_round": 21.0}, "datetime": {"datetime": "2024-01-19 01:05:57", "elapsed": 3265.846743, "delta": 0.003178}}
{"target": -13.757726571974388, "params": {"gamma": 41.04395513688852, "log10_alpha": -0.7449623337867939, "log10_colsample_bytree": -0.6456726008725774, "log10_eta": -2.917406944771864, "log10_lambda": -3.15278327657367, "log10_min_child_weight": 1.0532088065092164, "log10_subsample": -0.7384256767714322, "max_depth": 6.0, "num_boost_round": 22.0}, "datetime": {"datetime": "2024-01-19 01:05:57", "elapsed": 3265.849914, "delta": 0.003171}}
{"target": -13.75769782765752, "params": {"gamma": 41.04395513688852, "log10_alpha": -0.7449623337867939, "log10_colsample_bytree": -0.6456726008725774, "log10_eta": -2.917406944771864, "log10_lambda": -3.15278327657367, "log10_min_child_weight": 1.0532088065092164, "log10_subsample": -0.7384256767714322, "max_depth": 6.0, "num_boost_round": 23.0}, "datetime": {"datetime": "2024-01-19 01:05:57", "elapsed": 3265.853117, "delta": 0.003203}}
{"target": -13.757706982946562, "params": {"gamma": 41.04395513688852, "log10_alpha": -0.7449623337867939, "log10_colsample_bytree": -0.6456726008725774, "log10_eta": -2.917406944771864, "log10_lambda": -3.15278327657367, "log10_min_child_weight": 1.0532088065092164, "log10_subsample": -0.7384256767714322, "max_depth": 6.0, "num_boost_round": 24.0}, "datetime": {"datetime": "2024-01-19 01:05:57", "elapsed": 3265.856317, "delta": 0.0032}}
{"target": -13.75767757023398, "params": {"gamma": 41.04395513688852, "log10_alpha": -0.7449623337867939, "log10_colsample_bytree": -0.6456726008725774, "log10_eta": -2.917406944771864, "log10_lambda": -3.15278327657367, "log10_min_child_weight": 1.0532088065092164, "log10_subsample": -0.7384256767714322, "max_depth": 6.0, "num_boost_round": 25.0}, "datetime": {"datetime": "2024-01-19 01:05:57", "elapsed": 3265.85944, "delta": 0.003123}}
{"target": -13.757624239687066, "params": {"gamma": 41.04395513688852, "log10_alpha": -0.7449623337867939, "log10_colsample_bytree": -0.6456726008725774, "log10_eta": -2.917406944771864, "log10_lambda": -3.15278327657367, "log10_min_child_weight": 1.0532088065092164, "log10_subsample": -0.7384256767714322, "max_depth": 6.0, "num_boost_round": 26.0}, "datetime": {"datetime": "2024-01-19 01:05:57", "elapsed": 3265.862591, "delta": 0.003151}}
{"target": -13.757621462357855, "params": {"gamma": 41.04395513688852, "log10_alpha": -0.7449623337867939, "log10_colsample_bytree": -0.6456726008725774, "log10_eta": -2.917406944771864, "log10_lambda": -3.15278327657367, "log10_min_child_weight": 1.0532088065092164, "log10_subsample": -0.7384256767714322, "max_depth": 6.0, "num_boost_round": 27.0}, "datetime": {"datetime": "2024-01-19 01:05:57", "elapsed": 3265.865809, "delta": 0.003218}}
{"target": -13.757527481918688, "params": {"gamma": 41.04395513688852, "log10_alpha": -0.7449623337867939, "log10_colsample_bytree": -0.6456726008725774, "log10_eta": -2.917406944771864, "log10_lambda": -3.15278327657367, "log10_min_child_weight": 1.0532088065092164, "log10_subsample": -0.7384256767714322, "max_depth": 6.0, "num_boost_round": 28.0}, "datetime": {"datetime": "2024-01-19 01:05:57", "elapsed": 3265.869002, "delta": 0.003193}}
{"target": -13.757500799593084, "params": {"gamma": 41.04395513688852, "log10_alpha": -0.7449623337867939, "log10_colsample_bytree": -0.6456726008725774, "log10_eta": -2.917406944771864, "log10_lambda": -3.15278327657367, "log10_min_child_weight": 1.0532088065092164, "log10_subsample": -0.7384256767714322, "max_depth": 6.0, "num_boost_round": 29.0}, "datetime": {"datetime": "2024-01-19 01:05:57", "elapsed": 3265.872159, "delta": 0.003157}}
{"target": -13.758537226602789, "params": {"gamma": 37.56778618296197, "log10_alpha": -3.4921436954616425, "log10_colsample_bytree": -0.3810404666764592, "log10_eta": -3.632341258224789, "log10_lambda": -3.5944548386193524, "log10_min_child_weight": 2.8798654440304885, "log10_subsample": -0.47835020379181237, "max_depth": 3.0, "num_boost_round": 0.0}, "datetime": {"datetime": "2024-01-19 01:06:31", "elapsed": 3300.021591, "delta": 34.149432}}
{"target": -13.758531126298813, "params": {"gamma": 37.56778618296197, "log10_alpha": -3.4921436954616425, "log10_colsample_bytree": -0.3810404666764592, "log10_eta": -3.632341258224789, "log10_lambda": -3.5944548386193524, "log10_min_child_weight": 2.8798654440304885, "log10_subsample": -0.47835020379181237, "max_depth": 3.0, "num_boost_round": 1.0}, "datetime": {"datetime": "2024-01-19 01:06:31", "elapsed": 3300.025231, "delta": 0.00364}}
{"target": -13.758531749016916, "params": {"gamma": 37.56778618296197, "log10_alpha": -3.4921436954616425, "log10_colsample_bytree": -0.3810404666764592, "log10_eta": -3.632341258224789, "log10_lambda": -3.5944548386193524, "log10_min_child_weight": 2.8798654440304885, "log10_subsample": -0.47835020379181237, "max_depth": 3.0, "num_boost_round": 2.0}, "datetime": {"datetime": "2024-01-19 01:06:31", "elapsed": 3300.028906, "delta": 0.003675}}
{"target": -13.758532932997445, "params": {"gamma": 37.56778618296197, "log10_alpha": -3.4921436954616425, "log10_colsample_bytree": -0.3810404666764592, "log10_eta": -3.632341258224789, "log10_lambda": -3.5944548386193524, "log10_min_child_weight": 2.8798654440304885, "log10_subsample": -0.47835020379181237, "max_depth": 3.0, "num_boost_round": 3.0}, "datetime": {"datetime": "2024-01-19 01:06:31", "elapsed": 3300.032069, "delta": 0.003163}}
{"target": -13.758526309811336, "params": {"gamma": 37.56778618296197, "log10_alpha": -3.4921436954616425, "log10_colsample_bytree": -0.3810404666764592, "log10_eta": -3.632341258224789, "log10_lambda": -3.5944548386193524, "log10_min_child_weight": 2.8798654440304885, "log10_subsample": -0.47835020379181237, "max_depth": 3.0, "num_boost_round": 4.0}, "datetime": {"datetime": "2024-01-19 01:06:31", "elapsed": 3300.035348, "delta": 0.003279}}
{"target": -13.75852145193044, "params": {"gamma": 37.56778618296197, "log10_alpha": -3.4921436954616425, "log10_colsample_bytree": -0.3810404666764592, "log10_eta": -3.632341258224789, "log10_lambda": -3.5944548386193524, "log10_min_child_weight": 2.8798654440304885, "log10_subsample": -0.47835020379181237, "max_depth": 3.0, "num_boost_round": 5.0}, "datetime": {"datetime": "2024-01-19 01:06:31", "elapsed": 3300.038515, "delta": 0.003167}}
{"target": -13.758519087478456, "params": {"gamma": 37.56778618296197, "log10_alpha": -3.4921436954616425, "log10_colsample_bytree": -0.3810404666764592, "log10_eta": -3.632341258224789, "log10_lambda": -3.5944548386193524, "log10_min_child_weight": 2.8798654440304885, "log10_subsample": -0.47835020379181237, "max_depth": 3.0, "num_boost_round": 6.0}, "datetime": {"datetime": "2024-01-19 01:06:31", "elapsed": 3300.041695, "delta": 0.00318}}
{"target": -13.758518551671646, "params": {"gamma": 37.56778618296197, "log10_alpha": -3.4921436954616425, "log10_colsample_bytree": -0.3810404666764592, "log10_eta": -3.632341258224789, "log10_lambda": -3.5944548386193524, "log10_min_child_weight": 2.8798654440304885, "log10_subsample": -0.47835020379181237, "max_depth": 3.0, "num_boost_round": 7.0}, "datetime": {"datetime": "2024-01-19 01:06:31", "elapsed": 3300.044806, "delta": 0.003111}}
{"target": -13.758514988167175, "params": {"gamma": 37.56778618296197, "log10_alpha": -3.4921436954616425, "log10_colsample_bytree": -0.3810404666764592, "log10_eta": -3.632341258224789, "log10_lambda": -3.5944548386193524, "log10_min_child_weight": 2.8798654440304885, "log10_subsample": -0.47835020379181237, "max_depth": 3.0, "num_boost_round": 8.0}, "datetime": {"datetime": "2024-01-19 01:06:31", "elapsed": 3300.048041, "delta": 0.003235}}
{"target": -13.758509879994206, "params": {"gamma": 37.56778618296197, "log10_alpha": -3.4921436954616425, "log10_colsample_bytree": -0.3810404666764592, "log10_eta": -3.632341258224789, "log10_lambda": -3.5944548386193524, "log10_min_child_weight": 2.8798654440304885, "log10_subsample": -0.47835020379181237, "max_depth": 3.0, "num_boost_round": 9.0}, "datetime": {"datetime": "2024-01-19 01:06:31", "elapsed": 3300.051259, "delta": 0.003218}}
{"target": -13.758508525478257, "params": {"gamma": 37.56778618296197, "log10_alpha": -3.4921436954616425, "log10_colsample_bytree": -0.3810404666764592, "log10_eta": -3.632341258224789, "log10_lambda": -3.5944548386193524, "log10_min_child_weight": 2.8798654440304885, "log10_subsample": -0.47835020379181237, "max_depth": 3.0, "num_boost_round": 10.0}, "datetime": {"datetime": "2024-01-19 01:06:31", "elapsed": 3300.054518, "delta": 0.003259}}
{"target": -13.758504116517324, "params": {"gamma": 37.56778618296197, "log10_alpha": -3.4921436954616425, "log10_colsample_bytree": -0.3810404666764592, "log10_eta": -3.632341258224789, "log10_lambda": -3.5944548386193524, "log10_min_child_weight": 2.8798654440304885, "log10_subsample": -0.47835020379181237, "max_depth": 3.0, "num_boost_round": 11.0}, "datetime": {"datetime": "2024-01-19 01:06:32", "elapsed": 3300.167858, "delta": 0.11334}}
{"target": -13.758504365278641, "params": {"gamma": 37.56778618296197, "log10_alpha": -3.4921436954616425, "log10_colsample_bytree": -0.3810404666764592, "log10_eta": -3.632341258224789, "log10_lambda": -3.5944548386193524, "log10_min_child_weight": 2.8798654440304885, "log10_subsample": -0.47835020379181237, "max_depth": 3.0, "num_boost_round": 12.0}, "datetime": {"datetime": "2024-01-19 01:06:32", "elapsed": 3300.171531, "delta": 0.003673}}
{"target": -13.758503397713877, "params": {"gamma": 37.56778618296197, "log10_alpha": -3.4921436954616425, "log10_colsample_bytree": -0.3810404666764592, "log10_eta": -3.632341258224789, "log10_lambda": -3.5944548386193524, "log10_min_child_weight": 2.8798654440304885, "log10_subsample": -0.47835020379181237, "max_depth": 3.0, "num_boost_round": 13.0}, "datetime": {"datetime": "2024-01-19 01:06:32", "elapsed": 3300.174934, "delta": 0.003403}}
{"target": -13.7585026585336, "params": {"gamma": 37.56778618296197, "log10_alpha": -3.4921436954616425, "log10_colsample_bytree": -0.3810404666764592, "log10_eta": -3.632341258224789, "log10_lambda": -3.5944548386193524, "log10_min_child_weight": 2.8798654440304885, "log10_subsample": -0.47835020379181237, "max_depth": 3.0, "num_boost_round": 14.0}, "datetime": {"datetime": "2024-01-19 01:06:32", "elapsed": 3300.178232, "delta": 0.003298}}
{"target": -13.758499745960545, "params": {"gamma": 37.56778618296197, "log10_alpha": -3.4921436954616425, "log10_colsample_bytree": -0.3810404666764592, "log10_eta": -3.632341258224789, "log10_lambda": -3.5944548386193524, "log10_min_child_weight": 2.8798654440304885, "log10_subsample": -0.47835020379181237, "max_depth": 3.0, "num_boost_round": 15.0}, "datetime": {"datetime": "2024-01-19 01:06:32", "elapsed": 3300.181515, "delta": 0.003283}}
{"target": -13.758492040545757, "params": {"gamma": 37.56778618296197, "log10_alpha": -3.4921436954616425, "log10_colsample_bytree": -0.3810404666764592, "log10_eta": -3.632341258224789, "log10_lambda": -3.5944548386193524, "log10_min_child_weight": 2.8798654440304885, "log10_subsample": -0.47835020379181237, "max_depth": 3.0, "num_boost_round": 16.0}, "datetime": {"datetime": "2024-01-19 01:06:32", "elapsed": 3300.184821, "delta": 0.003306}}
{"target": -13.758494741606285, "params": {"gamma": 37.56778618296197, "log10_alpha": -3.4921436954616425, "log10_colsample_bytree": -0.3810404666764592, "log10_eta": -3.632341258224789, "log10_lambda": -3.5944548386193524, "log10_min_child_weight": 2.8798654440304885, "log10_subsample": -0.47835020379181237, "max_depth": 3.0, "num_boost_round": 17.0}, "datetime": {"datetime": "2024-01-19 01:06:32", "elapsed": 3300.188108, "delta": 0.003287}}
{"target": -13.758492885953387, "params": {"gamma": 37.56778618296197, "log10_alpha": -3.4921436954616425, "log10_colsample_bytree": -0.3810404666764592, "log10_eta": -3.632341258224789, "log10_lambda": -3.5944548386193524, "log10_min_child_weight": 2.8798654440304885, "log10_subsample": -0.47835020379181237, "max_depth": 3.0, "num_boost_round": 18.0}, "datetime": {"datetime": "2024-01-19 01:06:32", "elapsed": 3300.191483, "delta": 0.003375}}
{"target": -13.75848824070346, "params": {"gamma": 37.56778618296197, "log10_alpha": -3.4921436954616425, "log10_colsample_bytree": -0.3810404666764592, "log10_eta": -3.632341258224789, "log10_lambda": -3.5944548386193524, "log10_min_child_weight": 2.8798654440304885, "log10_subsample": -0.47835020379181237, "max_depth": 3.0, "num_boost_round": 19.0}, "datetime": {"datetime": "2024-01-19 01:06:32", "elapsed": 3300.194814, "delta": 0.003331}}
{"target": -13.758487092552507, "params": {"gamma": 37.56778618296197, "log10_alpha": -3.4921436954616425, "log10_colsample_bytree": -0.3810404666764592, "log10_eta": -3.632341258224789, "log10_lambda": -3.5944548386193524, "log10_min_child_weight": 2.8798654440304885, "log10_subsample": -0.47835020379181237, "max_depth": 3.0, "num_boost_round": 20.0}, "datetime": {"datetime": "2024-01-19 01:06:32", "elapsed": 3300.198135, "delta": 0.003321}}
{"target": -13.758485911351174, "params": {"gamma": 37.56778618296197, "log10_alpha": -3.4921436954616425, "log10_colsample_bytree": -0.3810404666764592, "log10_eta": -3.632341258224789, "log10_lambda": -3.5944548386193524, "log10_min_child_weight": 2.8798654440304885, "log10_subsample": -0.47835020379181237, "max_depth": 3.0, "num_boost_round": 21.0}, "datetime": {"datetime": "2024-01-19 01:06:32", "elapsed": 3300.201612, "delta": 0.003477}}
{"target": -13.75848825339544, "params": {"gamma": 37.56778618296197, "log10_alpha": -3.4921436954616425, "log10_colsample_bytree": -0.3810404666764592, "log10_eta": -3.632341258224789, "log10_lambda": -3.5944548386193524, "log10_min_child_weight": 2.8798654440304885, "log10_subsample": -0.47835020379181237, "max_depth": 3.0, "num_boost_round": 22.0}, "datetime": {"datetime": "2024-01-19 01:06:32", "elapsed": 3300.204957, "delta": 0.003345}}
{"target": -13.758484279075459, "params": {"gamma": 37.56778618296197, "log10_alpha": -3.4921436954616425, "log10_colsample_bytree": -0.3810404666764592, "log10_eta": -3.632341258224789, "log10_lambda": -3.5944548386193524, "log10_min_child_weight": 2.8798654440304885, "log10_subsample": -0.47835020379181237, "max_depth": 3.0, "num_boost_round": 23.0}, "datetime": {"datetime": "2024-01-19 01:06:32", "elapsed": 3300.208254, "delta": 0.003297}}
{"target": -13.758480135914805, "params": {"gamma": 37.56778618296197, "log10_alpha": -3.4921436954616425, "log10_colsample_bytree": -0.3810404666764592, "log10_eta": -3.632341258224789, "log10_lambda": -3.5944548386193524, "log10_min_child_weight": 2.8798654440304885, "log10_subsample": -0.47835020379181237, "max_depth": 3.0, "num_boost_round": 24.0}, "datetime": {"datetime": "2024-01-19 01:06:32", "elapsed": 3300.211578, "delta": 0.003324}}
{"target": -13.758477549261903, "params": {"gamma": 37.56778618296197, "log10_alpha": -3.4921436954616425, "log10_colsample_bytree": -0.3810404666764592, "log10_eta": -3.632341258224789, "log10_lambda": -3.5944548386193524, "log10_min_child_weight": 2.8798654440304885, "log10_subsample": -0.47835020379181237, "max_depth": 3.0, "num_boost_round": 25.0}, "datetime": {"datetime": "2024-01-19 01:06:32", "elapsed": 3300.214907, "delta": 0.003329}}
{"target": -13.758472598817345, "params": {"gamma": 37.56778618296197, "log10_alpha": -3.4921436954616425, "log10_colsample_bytree": -0.3810404666764592, "log10_eta": -3.632341258224789, "log10_lambda": -3.5944548386193524, "log10_min_child_weight": 2.8798654440304885, "log10_subsample": -0.47835020379181237, "max_depth": 3.0, "num_boost_round": 26.0}, "datetime": {"datetime": "2024-01-19 01:06:32", "elapsed": 3300.218216, "delta": 0.003309}}
{"target": -13.7584666841804, "params": {"gamma": 37.56778618296197, "log10_alpha": -3.4921436954616425, "log10_colsample_bytree": -0.3810404666764592, "log10_eta": -3.632341258224789, "log10_lambda": -3.5944548386193524, "log10_min_child_weight": 2.8798654440304885, "log10_subsample": -0.47835020379181237, "max_depth": 3.0, "num_boost_round": 27.0}, "datetime": {"datetime": "2024-01-19 01:06:32", "elapsed": 3300.221535, "delta": 0.003319}}
{"target": -13.758466796687825, "params": {"gamma": 37.56778618296197, "log10_alpha": -3.4921436954616425, "log10_colsample_bytree": -0.3810404666764592, "log10_eta": -3.632341258224789, "log10_lambda": -3.5944548386193524, "log10_min_child_weight": 2.8798654440304885, "log10_subsample": -0.47835020379181237, "max_depth": 3.0, "num_boost_round": 28.0}, "datetime": {"datetime": "2024-01-19 01:06:32", "elapsed": 3300.22482, "delta": 0.003285}}
{"target": -13.75798657733096, "params": {"gamma": 38.63171622690298, "log10_alpha": -1.7632373677534523, "log10_colsample_bytree": -0.8810327410659661, "log10_eta": -1.5577075384560413, "log10_lambda": 0.18053347162325206, "log10_min_child_weight": 0.46837645722214216, "log10_subsample": -0.5873145459041014, "max_depth": 2.0, "num_boost_round": 0.0}, "datetime": {"datetime": "2024-01-19 01:07:08", "elapsed": 3336.448539, "delta": 36.223719}}
{"target": -13.757639279110228, "params": {"gamma": 38.63171622690298, "log10_alpha": -1.7632373677534523, "log10_colsample_bytree": -0.8810327410659661, "log10_eta": -1.5577075384560413, "log10_lambda": 0.18053347162325206, "log10_min_child_weight": 0.46837645722214216, "log10_subsample": -0.5873145459041014, "max_depth": 2.0, "num_boost_round": 1.0}, "datetime": {"datetime": "2024-01-19 01:07:08", "elapsed": 3336.452029, "delta": 0.00349}}
{"target": -13.757660221743997, "params": {"gamma": 38.63171622690298, "log10_alpha": -1.7632373677534523, "log10_colsample_bytree": -0.8810327410659661, "log10_eta": -1.5577075384560413, "log10_lambda": 0.18053347162325206, "log10_min_child_weight": 0.46837645722214216, "log10_subsample": -0.5873145459041014, "max_depth": 2.0, "num_boost_round": 2.0}, "datetime": {"datetime": "2024-01-19 01:07:08", "elapsed": 3336.455766, "delta": 0.003737}}
{"target": -13.757610327185825, "params": {"gamma": 38.63171622690298, "log10_alpha": -1.7632373677534523, "log10_colsample_bytree": -0.8810327410659661, "log10_eta": -1.5577075384560413, "log10_lambda": 0.18053347162325206, "log10_min_child_weight": 0.46837645722214216, "log10_subsample": -0.5873145459041014, "max_depth": 2.0, "num_boost_round": 3.0}, "datetime": {"datetime": "2024-01-19 01:07:08", "elapsed": 3336.459677, "delta": 0.003911}}
{"target": -13.75742596172788, "params": {"gamma": 38.63171622690298, "log10_alpha": -1.7632373677534523, "log10_colsample_bytree": -0.8810327410659661, "log10_eta": -1.5577075384560413, "log10_lambda": 0.18053347162325206, "log10_min_child_weight": 0.46837645722214216, "log10_subsample": -0.5873145459041014, "max_depth": 2.0, "num_boost_round": 4.0}, "datetime": {"datetime": "2024-01-19 01:07:08", "elapsed": 3336.462974, "delta": 0.003297}}
{"target": -13.757205645828813, "params": {"gamma": 38.63171622690298, "log10_alpha": -1.7632373677534523, "log10_colsample_bytree": -0.8810327410659661, "log10_eta": -1.5577075384560413, "log10_lambda": 0.18053347162325206, "log10_min_child_weight": 0.46837645722214216, "log10_subsample": -0.5873145459041014, "max_depth": 2.0, "num_boost_round": 5.0}, "datetime": {"datetime": "2024-01-19 01:07:08", "elapsed": 3336.466202, "delta": 0.003228}}
{"target": -13.757182283746653, "params": {"gamma": 38.63171622690298, "log10_alpha": -1.7632373677534523, "log10_colsample_bytree": -0.8810327410659661, "log10_eta": -1.5577075384560413, "log10_lambda": 0.18053347162325206, "log10_min_child_weight": 0.46837645722214216, "log10_subsample": -0.5873145459041014, "max_depth": 2.0, "num_boost_round": 6.0}, "datetime": {"datetime": "2024-01-19 01:07:08", "elapsed": 3336.46951, "delta": 0.003308}}
{"target": -13.757002624329107, "params": {"gamma": 38.63171622690298, "log10_alpha": -1.7632373677534523, "log10_colsample_bytree": -0.8810327410659661, "log10_eta": -1.5577075384560413, "log10_lambda": 0.18053347162325206, "log10_min_child_weight": 0.46837645722214216, "log10_subsample": -0.5873145459041014, "max_depth": 2.0, "num_boost_round": 7.0}, "datetime": {"datetime": "2024-01-19 01:07:08", "elapsed": 3336.47287, "delta": 0.00336}}
{"target": -13.757167526727093, "params": {"gamma": 38.63171622690298, "log10_alpha": -1.7632373677534523, "log10_colsample_bytree": -0.8810327410659661, "log10_eta": -1.5577075384560413, "log10_lambda": 0.18053347162325206, "log10_min_child_weight": 0.46837645722214216, "log10_subsample": -0.5873145459041014, "max_depth": 2.0, "num_boost_round": 8.0}, "datetime": {"datetime": "2024-01-19 01:07:08", "elapsed": 3336.476289, "delta": 0.003419}}
{"target": -13.756927094669743, "params": {"gamma": 38.63171622690298, "log10_alpha": -1.7632373677534523, "log10_colsample_bytree": -0.8810327410659661, "log10_eta": -1.5577075384560413, "log10_lambda": 0.18053347162325206, "log10_min_child_weight": 0.46837645722214216, "log10_subsample": -0.5873145459041014, "max_depth": 2.0, "num_boost_round": 9.0}, "datetime": {"datetime": "2024-01-19 01:07:08", "elapsed": 3336.479569, "delta": 0.00328}}
{"target": -13.756524938388909, "params": {"gamma": 38.63171622690298, "log10_alpha": -1.7632373677534523, "log10_colsample_bytree": -0.8810327410659661, "log10_eta": -1.5577075384560413, "log10_lambda": 0.18053347162325206, "log10_min_child_weight": 0.46837645722214216, "log10_subsample": -0.5873145459041014, "max_depth": 2.0, "num_boost_round": 10.0}, "datetime": {"datetime": "2024-01-19 01:07:08", "elapsed": 3336.48287, "delta": 0.003301}}
