{"target": -17.67710834421408, "params": {"gamma": 202.9607861782795, "log10_alpha": -4.300884951547938, "log10_colsample_bytree": -0.32822985811657635, "log10_eta": -2.5631700259877013, "log10_lambda": -0.5460352113824936, "log10_min_child_weight": 2.5542472227677337, "log10_subsample": -0.5869194767517881, "max_depth": 8.0, "num_boost_round": 1.0}, "datetime": {"datetime": "2024-01-19 00:14:29", "elapsed": 153.786402, "delta": 0.000564}}
{"target": -17.67692044454711, "params": {"gamma": 202.9607861782795, "log10_alpha": -4.300884951547938, "log10_colsample_bytree": -0.32822985811657635, "log10_eta": -2.5631700259877013, "log10_lambda": -0.5460352113824936, "log10_min_child_weight": 2.5542472227677337, "log10_subsample": -0.5869194767517881, "max_depth": 8.0, "num_boost_round": 2.0}, "datetime": {"datetime": "2024-01-19 00:14:29", "elapsed": 153.786797, "delta": 0.000395}}
{"target": -17.677014450147954, "params": {"gamma": 202.9607861782795, "log10_alpha": -4.300884951547938, "log10_colsample_bytree": -0.32822985811657635, "log10_eta": -2.5631700259877013, "log10_lambda": -0.5460352113824936, "log10_min_child_weight": 2.5542472227677337, "log10_subsample": -0.5869194767517881, "max_depth": 8.0, "num_boost_round": 3.0}, "datetime": {"datetime": "2024-01-19 00:14:29", "elapsed": 153.787164, "delta": 0.000367}}
{"target": -17.677039437565785, "params": {"gamma": 202.9607861782795, "log10_alpha": -4.300884951547938, "log10_colsample_bytree": -0.32822985811657635, "log10_eta": -2.5631700259877013, "log10_lambda": -0.5460352113824936, "log10_min_child_weight": 2.5542472227677337, "log10_subsample": -0.5869194767517881, "max_depth": 8.0, "num_boost_round": 4.0}, "datetime": {"datetime": "2024-01-19 00:14:29", "elapsed": 153.787538, "delta": 0.000374}}
{"target": -17.67702426623533, "params": {"gamma": 202.9607861782795, "log10_alpha": -4.300884951547938, "log10_colsample_bytree": -0.32822985811657635, "log10_eta": -2.5631700259877013, "log10_lambda": -0.5460352113824936, "log10_min_child_weight": 2.5542472227677337, "log10_subsample": -0.5869194767517881, "max_depth": 8.0, "num_boost_round": 5.0}, "datetime": {"datetime": "2024-01-19 00:14:29", "elapsed": 153.788151, "delta": 0.000613}}
{"target": -17.677184120251678, "params": {"gamma": 202.9607861782795, "log10_alpha": -4.300884951547938, "log10_colsample_bytree": -0.32822985811657635, "log10_eta": -2.5631700259877013, "log10_lambda": -0.5460352113824936, "log10_min_child_weight": 2.5542472227677337, "log10_subsample": -0.5869194767517881, "max_depth": 8.0, "num_boost_round": 6.0}, "datetime": {"datetime": "2024-01-19 00:14:29", "elapsed": 153.78865, "delta": 0.000499}}
{"target": -17.677266518261447, "params": {"gamma": 202.9607861782795, "log10_alpha": -4.300884951547938, "log10_colsample_bytree": -0.32822985811657635, "log10_eta": -2.5631700259877013, "log10_lambda": -0.5460352113824936, "log10_min_child_weight": 2.5542472227677337, "log10_subsample": -0.5869194767517881, "max_depth": 8.0, "num_boost_round": 7.0}, "datetime": {"datetime": "2024-01-19 00:14:29", "elapsed": 153.789075, "delta": 0.000425}}
{"target": -17.677258949072186, "params": {"gamma": 202.9607861782795, "log10_alpha": -4.300884951547938, "log10_colsample_bytree": -0.32822985811657635, "log10_eta": -2.5631700259877013, "log10_lambda": -0.5460352113824936, "log10_min_child_weight": 2.5542472227677337, "log10_subsample": -0.5869194767517881, "max_depth": 8.0, "num_boost_round": 8.0}, "datetime": {"datetime": "2024-01-19 00:14:29", "elapsed": 153.789773, "delta": 0.000698}}
{"target": -17.677149472331347, "params": {"gamma": 202.9607861782795, "log10_alpha": -4.300884951547938, "log10_colsample_bytree": -0.32822985811657635, "log10_eta": -2.5631700259877013, "log10_lambda": -0.5460352113824936, "log10_min_child_weight": 2.5542472227677337, "log10_subsample": -0.5869194767517881, "max_depth": 8.0, "num_boost_round": 9.0}, "datetime": {"datetime": "2024-01-19 00:14:29", "elapsed": 153.790655, "delta": 0.000882}}
{"target": -17.677295733810556, "params": {"gamma": 202.9607861782795, "log10_alpha": -4.300884951547938, "log10_colsample_bytree": -0.32822985811657635, "log10_eta": -2.5631700259877013, "log10_lambda": -0.5460352113824936, "log10_min_child_weight": 2.5542472227677337, "log10_subsample": -0.5869194767517881, "max_depth": 8.0, "num_boost_round": 10.0}, "datetime": {"datetime": "2024-01-19 00:14:29", "elapsed": 153.791037, "delta": 0.000382}}
{"target": -17.677200941973407, "params": {"gamma": 204.46885302044072, "log10_alpha": 0.44745773176987935, "log10_colsample_bytree": -0.2475519887439671, "log10_eta": -3.0887106668535074, "log10_lambda": -3.4899155891954106, "log10_min_child_weight": 2.872966640481449, "log10_subsample": -0.4536066542837299, "max_depth": 3.0, "num_boost_round": 0.0}, "datetime": {"datetime": "2024-01-19 00:14:48", "elapsed": 172.710572, "delta": 18.919535}}
{"target": -17.677171148402905, "params": {"gamma": 204.46885302044072, "log10_alpha": 0.44745773176987935, "log10_colsample_bytree": -0.2475519887439671, "log10_eta": -3.0887106668535074, "log10_lambda": -3.4899155891954106, "log10_min_child_weight": 2.872966640481449, "log10_subsample": -0.4536066542837299, "max_depth": 3.0, "num_boost_round": 1.0}, "datetime": {"datetime": "2024-01-19 00:14:48", "elapsed": 172.711132, "delta": 0.00056}}
{"target": -17.67712364111166, "params": {"gamma": 204.46885302044072, "log10_alpha": 0.44745773176987935, "log10_colsample_bytree": -0.2475519887439671, "log10_eta": -3.0887106668535074, "log10_lambda": -3.4899155891954106, "log10_min_child_weight": 2.872966640481449, "log10_subsample": -0.4536066542837299, "max_depth": 3.0, "num_boost_round": 2.0}, "datetime": {"datetime": "2024-01-19 00:14:48", "elapsed": 172.711834, "delta": 0.000702}}
{"target": -17.677097877235674, "params": {"gamma": 204.46885302044072, "log10_alpha": 0.44745773176987935, "log10_colsample_bytree": -0.2475519887439671, "log10_eta": -3.0887106668535074, "log10_lambda": -3.4899155891954106, "log10_min_child_weight": 2.872966640481449, "log10_subsample": -0.4536066542837299, "max_depth": 3.0, "num_boost_round": 3.0}, "datetime": {"datetime": "2024-01-19 00:14:48", "elapsed": 172.712614, "delta": 0.00078}}
{"target": -17.677077742085153, "params": {"gamma": 204.46885302044072, "log10_alpha": 0.44745773176987935, "log10_colsample_bytree": -0.2475519887439671, "log10_eta": -3.0887106668535074, "log10_lambda": -3.4899155891954106, "log10_min_child_weight": 2.872966640481449, "log10_subsample": -0.4536066542837299, "max_depth": 3.0, "num_boost_round": 4.0}, "datetime": {"datetime": "2024-01-19 00:14:48", "elapsed": 172.713134, "delta": 0.00052}}
{"target": -17.677074479943663, "params": {"gamma": 204.46885302044072, "log10_alpha": 0.44745773176987935, "log10_colsample_bytree": -0.2475519887439671, "log10_eta": -3.0887106668535074, "log10_lambda": -3.4899155891954106, "log10_min_child_weight": 2.872966640481449, "log10_subsample": -0.4536066542837299, "max_depth": 3.0, "num_boost_round": 5.0}, "datetime": {"datetime": "2024-01-19 00:14:48", "elapsed": 172.713552, "delta": 0.000418}}
{"target": -17.6770505444656, "params": {"gamma": 204.46885302044072, "log10_alpha": 0.44745773176987935, "log10_colsample_bytree": -0.2475519887439671, "log10_eta": -3.0887106668535074, "log10_lambda": -3.4899155891954106, "log10_min_child_weight": 2.872966640481449, "log10_subsample": -0.4536066542837299, "max_depth": 3.0, "num_boost_round": 6.0}, "datetime": {"datetime": "2024-01-19 00:14:48", "elapsed": 172.713965, "delta": 0.000413}}
{"target": -17.677022274303805, "params": {"gamma": 204.46885302044072, "log10_alpha": 0.44745773176987935, "log10_colsample_bytree": -0.2475519887439671, "log10_eta": -3.0887106668535074, "log10_lambda": -3.4899155891954106, "log10_min_child_weight": 2.872966640481449, "log10_subsample": -0.4536066542837299, "max_depth": 3.0, "num_boost_round": 7.0}, "datetime": {"datetime": "2024-01-19 00:14:48", "elapsed": 172.714362, "delta": 0.000397}}
{"target": -17.67700130982928, "params": {"gamma": 204.46885302044072, "log10_alpha": 0.44745773176987935, "log10_colsample_bytree": -0.2475519887439671, "log10_eta": -3.0887106668535074, "log10_lambda": -3.4899155891954106, "log10_min_child_weight": 2.872966640481449, "log10_subsample": -0.4536066542837299, "max_depth": 3.0, "num_boost_round": 8.0}, "datetime": {"datetime": "2024-01-19 00:14:48", "elapsed": 172.714748, "delta": 0.000386}}
{"target": -17.676972894458455, "params": {"gamma": 204.46885302044072, "log10_alpha": 0.44745773176987935, "log10_colsample_bytree": -0.2475519887439671, "log10_eta": -3.0887106668535074, "log10_lambda": -3.4899155891954106, "log10_min_child_weight": 2.872966640481449, "log10_subsample": -0.4536066542837299, "max_depth": 3.0, "num_boost_round": 9.0}, "datetime": {"datetime": "2024-01-19 00:14:48", "elapsed": 172.71513, "delta": 0.000382}}
{"target": -17.676940859950854, "params": {"gamma": 204.46885302044072, "log10_alpha": 0.44745773176987935, "log10_colsample_bytree": -0.2475519887439671, "log10_eta": -3.0887106668535074, "log10_lambda": -3.4899155891954106, "log10_min_child_weight": 2.872966640481449, "log10_subsample": -0.4536066542837299, "max_depth": 3.0, "num_boost_round": 10.0}, "datetime": {"datetime": "2024-01-19 00:14:48", "elapsed": 172.715516, "delta": 0.000386}}
{"target": -17.695245822364576, "params": {"gamma": 192.89283370584042, "log10_alpha": -2.0709681832776132, "log10_colsample_bytree": -0.1079269194237773, "log10_eta": -0.28827558355001814, "log10_lambda": -1.4574593670002849, "log10_min_child_weight": 3.667956863298287, "log10_subsample": -0.2490762385788281, "max_depth": 4.0, "num_boost_round": 0.0}, "datetime": {"datetime": "2024-01-19 00:15:07", "elapsed": 191.630227, "delta": 18.914711}}
{"target": -17.701047229537284, "params": {"gamma": 192.89283370584042, "log10_alpha": -2.0709681832776132, "log10_colsample_bytree": -0.1079269194237773, "log10_eta": -0.28827558355001814, "log10_lambda": -1.4574593670002849, "log10_min_child_weight": 3.667956863298287, "log10_subsample": -0.2490762385788281, "max_depth": 4.0, "num_boost_round": 1.0}, "datetime": {"datetime": "2024-01-19 00:15:07", "elapsed": 191.631009, "delta": 0.000782}}
{"target": -17.723766711419266, "params": {"gamma": 192.89283370584042, "log10_alpha": -2.0709681832776132, "log10_colsample_bytree": -0.1079269194237773, "log10_eta": -0.28827558355001814, "log10_lambda": -1.4574593670002849, "log10_min_child_weight": 3.667956863298287, "log10_subsample": -0.2490762385788281, "max_depth": 4.0, "num_boost_round": 2.0}, "datetime": {"datetime": "2024-01-19 00:15:07", "elapsed": 191.631452, "delta": 0.000443}}
{"target": -17.74427495484813, "params": {"gamma": 192.89283370584042, "log10_alpha": -2.0709681832776132, "log10_colsample_bytree": -0.1079269194237773, "log10_eta": -0.28827558355001814, "log10_lambda": -1.4574593670002849, "log10_min_child_weight": 3.667956863298287, "log10_subsample": -0.2490762385788281, "max_depth": 4.0, "num_boost_round": 3.0}, "datetime": {"datetime": "2024-01-19 00:15:07", "elapsed": 191.632374, "delta": 0.000922}}
{"target": -17.757258535702867, "params": {"gamma": 192.89283370584042, "log10_alpha": -2.0709681832776132, "log10_colsample_bytree": -0.1079269194237773, "log10_eta": -0.28827558355001814, "log10_lambda": -1.4574593670002849, "log10_min_child_weight": 3.667956863298287, "log10_subsample": -0.2490762385788281, "max_depth": 4.0, "num_boost_round": 4.0}, "datetime": {"datetime": "2024-01-19 00:15:07", "elapsed": 191.632999, "delta": 0.000625}}
{"target": -17.7771069334908, "params": {"gamma": 192.89283370584042, "log10_alpha": -2.0709681832776132, "log10_colsample_bytree": -0.1079269194237773, "log10_eta": -0.28827558355001814, "log10_lambda": -1.4574593670002849, "log10_min_child_weight": 3.667956863298287, "log10_subsample": -0.2490762385788281, "max_depth": 4.0, "num_boost_round": 5.0}, "datetime": {"datetime": "2024-01-19 00:15:07", "elapsed": 191.63341, "delta": 0.000411}}
{"target": -17.790054294025975, "params": {"gamma": 192.89283370584042, "log10_alpha": -2.0709681832776132, "log10_colsample_bytree": -0.1079269194237773, "log10_eta": -0.28827558355001814, "log10_lambda": -1.4574593670002849, "log10_min_child_weight": 3.667956863298287, "log10_subsample": -0.2490762385788281, "max_depth": 4.0, "num_boost_round": 6.0}, "datetime": {"datetime": "2024-01-19 00:15:07", "elapsed": 191.633802, "delta": 0.000392}}
{"target": -17.800183987699057, "params": {"gamma": 192.89283370584042, "log10_alpha": -2.0709681832776132, "log10_colsample_bytree": -0.1079269194237773, "log10_eta": -0.28827558355001814, "log10_lambda": -1.4574593670002849, "log10_min_child_weight": 3.667956863298287, "log10_subsample": -0.2490762385788281, "max_depth": 4.0, "num_boost_round": 7.0}, "datetime": {"datetime": "2024-01-19 00:15:07", "elapsed": 191.634194, "delta": 0.000392}}
{"target": -17.80442380793727, "params": {"gamma": 192.89283370584042, "log10_alpha": -2.0709681832776132, "log10_colsample_bytree": -0.1079269194237773, "log10_eta": -0.28827558355001814, "log10_lambda": -1.4574593670002849, "log10_min_child_weight": 3.667956863298287, "log10_subsample": -0.2490762385788281, "max_depth": 4.0, "num_boost_round": 8.0}, "datetime": {"datetime": "2024-01-19 00:15:07", "elapsed": 191.634591, "delta": 0.000397}}
{"target": -17.810476758984798, "params": {"gamma": 192.89283370584042, "log10_alpha": -2.0709681832776132, "log10_colsample_bytree": -0.1079269194237773, "log10_eta": -0.28827558355001814, "log10_lambda": -1.4574593670002849, "log10_min_child_weight": 3.667956863298287, "log10_subsample": -0.2490762385788281, "max_depth": 4.0, "num_boost_round": 9.0}, "datetime": {"datetime": "2024-01-19 00:15:07", "elapsed": 191.635125, "delta": 0.000534}}
{"target": -17.677120924803756, "params": {"gamma": 205.92536081145875, "log10_alpha": -3.271037035969495, "log10_colsample_bytree": -0.248497795849136, "log10_eta": -2.412447589372538, "log10_lambda": -0.0648101181341838, "log10_min_child_weight": 1.8032701196064176, "log10_subsample": -0.9555184133811297, "max_depth": 2.0, "num_boost_round": 0.0}, "datetime": {"datetime": "2024-01-19 00:15:26", "elapsed": 210.673886, "delta": 19.038761}}
{"target": -17.67702650297369, "params": {"gamma": 205.92536081145875, "log10_alpha": -3.271037035969495, "log10_colsample_bytree": -0.248497795849136, "log10_eta": -2.412447589372538, "log10_lambda": -0.0648101181341838, "log10_min_child_weight": 1.8032701196064176, "log10_subsample": -0.9555184133811297, "max_depth": 2.0, "num_boost_round": 1.0}, "datetime": {"datetime": "2024-01-19 00:15:26", "elapsed": 210.67455, "delta": 0.000664}}
{"target": -17.676887006340028, "params": {"gamma": 205.92536081145875, "log10_alpha": -3.271037035969495, "log10_colsample_bytree": -0.248497795849136, "log10_eta": -2.412447589372538, "log10_lambda": -0.0648101181341838, "log10_min_child_weight": 1.8032701196064176, "log10_subsample": -0.9555184133811297, "max_depth": 2.0, "num_boost_round": 2.0}, "datetime": {"datetime": "2024-01-19 00:15:26", "elapsed": 210.675397, "delta": 0.000847}}
{"target": -17.676811018520016, "params": {"gamma": 205.92536081145875, "log10_alpha": -3.271037035969495, "log10_colsample_bytree": -0.248497795849136, "log10_eta": -2.412447589372538, "log10_lambda": -0.0648101181341838, "log10_min_child_weight": 1.8032701196064176, "log10_subsample": -0.9555184133811297, "max_depth": 2.0, "num_boost_round": 3.0}, "datetime": {"datetime": "2024-01-19 00:15:26", "elapsed": 210.67592, "delta": 0.000523}}
{"target": -17.676743097327098, "params": {"gamma": 205.92536081145875, "log10_alpha": -3.271037035969495, "log10_colsample_bytree": -0.248497795849136, "log10_eta": -2.412447589372538, "log10_lambda": -0.0648101181341838, "log10_min_child_weight": 1.8032701196064176, "log10_subsample": -0.9555184133811297, "max_depth": 2.0, "num_boost_round": 4.0}, "datetime": {"datetime": "2024-01-19 00:15:26", "elapsed": 210.676323, "delta": 0.000403}}
{"target": -17.676670135990996, "params": {"gamma": 205.92536081145875, "log10_alpha": -3.271037035969495, "log10_colsample_bytree": -0.248497795849136, "log10_eta": -2.412447589372538, "log10_lambda": -0.0648101181341838, "log10_min_child_weight": 1.8032701196064176, "log10_subsample": -0.9555184133811297, "max_depth": 2.0, "num_boost_round": 5.0}, "datetime": {"datetime": "2024-01-19 00:15:26", "elapsed": 210.676732, "delta": 0.000409}}
{"target": -17.676584385777332, "params": {"gamma": 205.92536081145875, "log10_alpha": -3.271037035969495, "log10_colsample_bytree": -0.248497795849136, "log10_eta": -2.412447589372538, "log10_lambda": -0.0648101181341838, "log10_min_child_weight": 1.8032701196064176, "log10_subsample": -0.9555184133811297, "max_depth": 2.0, "num_boost_round": 6.0}, "datetime": {"datetime": "2024-01-19 00:15:26", "elapsed": 210.677129, "delta": 0.000397}}
{"target": -17.676480992225464, "params": {"gamma": 205.92536081145875, "log10_alpha": -3.271037035969495, "log10_colsample_bytree": -0.248497795849136, "log10_eta": -2.412447589372538, "log10_lambda": -0.0648101181341838, "log10_min_child_weight": 1.8032701196064176, "log10_subsample": -0.9555184133811297, "max_depth": 2.0, "num_boost_round": 7.0}, "datetime": {"datetime": "2024-01-19 00:15:26", "elapsed": 210.677532, "delta": 0.000403}}
{"target": -17.67637381391289, "params": {"gamma": 205.92536081145875, "log10_alpha": -3.271037035969495, "log10_colsample_bytree": -0.248497795849136, "log10_eta": -2.412447589372538, "log10_lambda": -0.0648101181341838, "log10_min_child_weight": 1.8032701196064176, "log10_subsample": -0.9555184133811297, "max_depth": 2.0, "num_boost_round": 8.0}, "datetime": {"datetime": "2024-01-19 00:15:26", "elapsed": 210.678164, "delta": 0.000632}}
{"target": -17.67632272000238, "params": {"gamma": 205.92536081145875, "log10_alpha": -3.271037035969495, "log10_colsample_bytree": -0.248497795849136, "log10_eta": -2.412447589372538, "log10_lambda": -0.0648101181341838, "log10_min_child_weight": 1.8032701196064176, "log10_subsample": -0.9555184133811297, "max_depth": 2.0, "num_boost_round": 9.0}, "datetime": {"datetime": "2024-01-19 00:15:26", "elapsed": 210.678587, "delta": 0.000423}}
{"target": -17.676244333333806, "params": {"gamma": 205.92536081145875, "log10_alpha": -3.271037035969495, "log10_colsample_bytree": -0.248497795849136, "log10_eta": -2.412447589372538, "log10_lambda": -0.0648101181341838, "log10_min_child_weight": 1.8032701196064176, "log10_subsample": -0.9555184133811297, "max_depth": 2.0, "num_boost_round": 10.0}, "datetime": {"datetime": "2024-01-19 00:15:26", "elapsed": 210.67899, "delta": 0.000403}}
{"target": -17.676228609362152, "params": {"gamma": 205.92536081145875, "log10_alpha": -3.271037035969495, "log10_colsample_bytree": -0.248497795849136, "log10_eta": -2.412447589372538, "log10_lambda": -0.0648101181341838, "log10_min_child_weight": 1.8032701196064176, "log10_subsample": -0.9555184133811297, "max_depth": 2.0, "num_boost_round": 11.0}, "datetime": {"datetime": "2024-01-19 00:15:26", "elapsed": 210.679397, "delta": 0.000407}}
{"target": -17.677402628484913, "params": {"gamma": 206.67267954132396, "log10_alpha": -4.875378861593047, "log10_colsample_bytree": -0.7243890956049294, "log10_eta": -2.090549165089225, "log10_lambda": -1.9958369352574126, "log10_min_child_weight": 1.4758041664919257, "log10_subsample": -0.4588188892019591, "max_depth": 7.0, "num_boost_round": 0.0}, "datetime": {"datetime": "2024-01-19 00:15:46", "elapsed": 230.767808, "delta": 20.088411}}
{"target": -17.677272101859376, "params": {"gamma": 206.67267954132396, "log10_alpha": -4.875378861593047, "log10_colsample_bytree": -0.7243890956049294, "log10_eta": -2.090549165089225, "log10_lambda": -1.9958369352574126, "log10_min_child_weight": 1.4758041664919257, "log10_subsample": -0.4588188892019591, "max_depth": 7.0, "num_boost_round": 1.0}, "datetime": {"datetime": "2024-01-19 00:15:46", "elapsed": 230.770321, "delta": 0.002513}}
{"target": -17.676582694709104, "params": {"gamma": 206.67267954132396, "log10_alpha": -4.875378861593047, "log10_colsample_bytree": -0.7243890956049294, "log10_eta": -2.090549165089225, "log10_lambda": -1.9958369352574126, "log10_min_child_weight": 1.4758041664919257, "log10_subsample": -0.4588188892019591, "max_depth": 7.0, "num_boost_round": 2.0}, "datetime": {"datetime": "2024-01-19 00:15:46", "elapsed": 230.770939, "delta": 0.000618}}
{"target": -17.676309287437515, "params": {"gamma": 206.67267954132396, "log10_alpha": -4.875378861593047, "log10_colsample_bytree": -0.7243890956049294, "log10_eta": -2.090549165089225, "log10_lambda": -1.9958369352574126, "log10_min_child_weight": 1.4758041664919257, "log10_subsample": -0.4588188892019591, "max_depth": 7.0, "num_boost_round": 3.0}, "datetime": {"datetime": "2024-01-19 00:15:46", "elapsed": 230.771482, "delta": 0.000543}}
{"target": -17.67579822768118, "params": {"gamma": 206.67267954132396, "log10_alpha": -4.875378861593047, "log10_colsample_bytree": -0.7243890956049294, "log10_eta": -2.090549165089225, "log10_lambda": -1.9958369352574126, "log10_min_child_weight": 1.4758041664919257, "log10_subsample": -0.4588188892019591, "max_depth": 7.0, "num_boost_round": 4.0}, "datetime": {"datetime": "2024-01-19 00:15:46", "elapsed": 230.771912, "delta": 0.00043}}
{"target": -17.675049071408054, "params": {"gamma": 206.67267954132396, "log10_alpha": -4.875378861593047, "log10_colsample_bytree": -0.7243890956049294, "log10_eta": -2.090549165089225, "log10_lambda": -1.9958369352574126, "log10_min_child_weight": 1.4758041664919257, "log10_subsample": -0.4588188892019591, "max_depth": 7.0, "num_boost_round": 5.0}, "datetime": {"datetime": "2024-01-19 00:15:46", "elapsed": 230.772336, "delta": 0.000424}}
