{"target": -13.75850839045399, "params": {"gamma": 478.984800017871, "log10_alpha": -4.802903562398331, "log10_colsample_bytree": -0.14886756545377844, "log10_eta": -2.9851307784757126, "log10_lambda": -2.3960222111830882, "log10_min_child_weight": 4.039868792169718, "log10_subsample": -0.705941540613596, "max_depth": 5.0, "num_boost_round": 13.0}, "datetime": {"datetime": "2024-01-19 00:37:45", "elapsed": 1569.04191, "delta": 0.002755}}
{"target": -13.758509902062649, "params": {"gamma": 478.984800017871, "log10_alpha": -4.802903562398331, "log10_colsample_bytree": -0.14886756545377844, "log10_eta": -2.9851307784757126, "log10_lambda": -2.3960222111830882, "log10_min_child_weight": 4.039868792169718, "log10_subsample": -0.705941540613596, "max_depth": 5.0, "num_boost_round": 14.0}, "datetime": {"datetime": "2024-01-19 00:37:45", "elapsed": 1569.044733, "delta": 0.002823}}
{"target": -13.758502405334658, "params": {"gamma": 478.984800017871, "log10_alpha": -4.802903562398331, "log10_colsample_bytree": -0.14886756545377844, "log10_eta": -2.9851307784757126, "log10_lambda": -2.3960222111830882, "log10_min_child_weight": 4.039868792169718, "log10_subsample": -0.705941540613596, "max_depth": 5.0, "num_boost_round": 15.0}, "datetime": {"datetime": "2024-01-19 00:37:45", "elapsed": 1569.047523, "delta": 0.00279}}
{"target": -13.758504559622489, "params": {"gamma": 478.984800017871, "log10_alpha": -4.802903562398331, "log10_colsample_bytree": -0.14886756545377844, "log10_eta": -2.9851307784757126, "log10_lambda": -2.3960222111830882, "log10_min_child_weight": 4.039868792169718, "log10_subsample": -0.705941540613596, "max_depth": 5.0, "num_boost_round": 16.0}, "datetime": {"datetime": "2024-01-19 00:37:45", "elapsed": 1569.050338, "delta": 0.002815}}
{"target": -13.758506226629015, "params": {"gamma": 478.984800017871, "log10_alpha": -4.802903562398331, "log10_colsample_bytree": -0.14886756545377844, "log10_eta": -2.9851307784757126, "log10_lambda": -2.3960222111830882, "log10_min_child_weight": 4.039868792169718, "log10_subsample": -0.705941540613596, "max_depth": 5.0, "num_boost_round": 17.0}, "datetime": {"datetime": "2024-01-19 00:37:45", "elapsed": 1569.053119, "delta": 0.002781}}
{"target": -13.758512082937754, "params": {"gamma": 478.984800017871, "log10_alpha": -4.802903562398331, "log10_colsample_bytree": -0.14886756545377844, "log10_eta": -2.9851307784757126, "log10_lambda": -2.3960222111830882, "log10_min_child_weight": 4.039868792169718, "log10_subsample": -0.705941540613596, "max_depth": 5.0, "num_boost_round": 18.0}, "datetime": {"datetime": "2024-01-19 00:37:45", "elapsed": 1569.055998, "delta": 0.002879}}
{"target": -13.758517760252447, "params": {"gamma": 478.984800017871, "log10_alpha": -4.802903562398331, "log10_colsample_bytree": -0.14886756545377844, "log10_eta": -2.9851307784757126, "log10_lambda": -2.3960222111830882, "log10_min_child_weight": 4.039868792169718, "log10_subsample": -0.705941540613596, "max_depth": 5.0, "num_boost_round": 19.0}, "datetime": {"datetime": "2024-01-19 00:37:45", "elapsed": 1569.058803, "delta": 0.002805}}
{"target": -13.758516274221016, "params": {"gamma": 478.984800017871, "log10_alpha": -4.802903562398331, "log10_colsample_bytree": -0.14886756545377844, "log10_eta": -2.9851307784757126, "log10_lambda": -2.3960222111830882, "log10_min_child_weight": 4.039868792169718, "log10_subsample": -0.705941540613596, "max_depth": 5.0, "num_boost_round": 20.0}, "datetime": {"datetime": "2024-01-19 00:37:45", "elapsed": 1569.061588, "delta": 0.002785}}
{"target": -13.758515885482014, "params": {"gamma": 478.984800017871, "log10_alpha": -4.802903562398331, "log10_colsample_bytree": -0.14886756545377844, "log10_eta": -2.9851307784757126, "log10_lambda": -2.3960222111830882, "log10_min_child_weight": 4.039868792169718, "log10_subsample": -0.705941540613596, "max_depth": 5.0, "num_boost_round": 21.0}, "datetime": {"datetime": "2024-01-19 00:37:45", "elapsed": 1569.064403, "delta": 0.002815}}
{"target": -13.758514549658164, "params": {"gamma": 478.984800017871, "log10_alpha": -4.802903562398331, "log10_colsample_bytree": -0.14886756545377844, "log10_eta": -2.9851307784757126, "log10_lambda": -2.3960222111830882, "log10_min_child_weight": 4.039868792169718, "log10_subsample": -0.705941540613596, "max_depth": 5.0, "num_boost_round": 22.0}, "datetime": {"datetime": "2024-01-19 00:37:45", "elapsed": 1569.067239, "delta": 0.002836}}
{"target": -13.758515180501265, "params": {"gamma": 478.984800017871, "log10_alpha": -4.802903562398331, "log10_colsample_bytree": -0.14886756545377844, "log10_eta": -2.9851307784757126, "log10_lambda": -2.3960222111830882, "log10_min_child_weight": 4.039868792169718, "log10_subsample": -0.705941540613596, "max_depth": 5.0, "num_boost_round": 23.0}, "datetime": {"datetime": "2024-01-19 00:37:45", "elapsed": 1569.070015, "delta": 0.002776}}
{"target": -13.758515880711686, "params": {"gamma": 478.984800017871, "log10_alpha": -4.802903562398331, "log10_colsample_bytree": -0.14886756545377844, "log10_eta": -2.9851307784757126, "log10_lambda": -2.3960222111830882, "log10_min_child_weight": 4.039868792169718, "log10_subsample": -0.705941540613596, "max_depth": 5.0, "num_boost_round": 24.0}, "datetime": {"datetime": "2024-01-19 00:37:45", "elapsed": 1569.072836, "delta": 0.002821}}
{"target": -13.758522785942457, "params": {"gamma": 478.984800017871, "log10_alpha": -4.802903562398331, "log10_colsample_bytree": -0.14886756545377844, "log10_eta": -2.9851307784757126, "log10_lambda": -2.3960222111830882, "log10_min_child_weight": 4.039868792169718, "log10_subsample": -0.705941540613596, "max_depth": 5.0, "num_boost_round": 25.0}, "datetime": {"datetime": "2024-01-19 00:37:45", "elapsed": 1569.075744, "delta": 0.002908}}
{"target": -13.758511705492738, "params": {"gamma": 478.984800017871, "log10_alpha": -4.802903562398331, "log10_colsample_bytree": -0.14886756545377844, "log10_eta": -2.9851307784757126, "log10_lambda": -2.3960222111830882, "log10_min_child_weight": 4.039868792169718, "log10_subsample": -0.705941540613596, "max_depth": 5.0, "num_boost_round": 26.0}, "datetime": {"datetime": "2024-01-19 00:37:45", "elapsed": 1569.078624, "delta": 0.00288}}
{"target": -13.75851532000024, "params": {"gamma": 478.984800017871, "log10_alpha": -4.802903562398331, "log10_colsample_bytree": -0.14886756545377844, "log10_eta": -2.9851307784757126, "log10_lambda": -2.3960222111830882, "log10_min_child_weight": 4.039868792169718, "log10_subsample": -0.705941540613596, "max_depth": 5.0, "num_boost_round": 27.0}, "datetime": {"datetime": "2024-01-19 00:37:45", "elapsed": 1569.081587, "delta": 0.002963}}
{"target": -13.758506738699857, "params": {"gamma": 478.984800017871, "log10_alpha": -4.802903562398331, "log10_colsample_bytree": -0.14886756545377844, "log10_eta": -2.9851307784757126, "log10_lambda": -2.3960222111830882, "log10_min_child_weight": 4.039868792169718, "log10_subsample": -0.705941540613596, "max_depth": 5.0, "num_boost_round": 28.0}, "datetime": {"datetime": "2024-01-19 00:37:45", "elapsed": 1569.084399, "delta": 0.002812}}
{"target": -13.758509200710547, "params": {"gamma": 478.984800017871, "log10_alpha": -4.802903562398331, "log10_colsample_bytree": -0.14886756545377844, "log10_eta": -2.9851307784757126, "log10_lambda": -2.3960222111830882, "log10_min_child_weight": 4.039868792169718, "log10_subsample": -0.705941540613596, "max_depth": 5.0, "num_boost_round": 29.0}, "datetime": {"datetime": "2024-01-19 00:37:45", "elapsed": 1569.087165, "delta": 0.002766}}
{"target": -13.758517087102469, "params": {"gamma": 478.984800017871, "log10_alpha": -4.802903562398331, "log10_colsample_bytree": -0.14886756545377844, "log10_eta": -2.9851307784757126, "log10_lambda": -2.3960222111830882, "log10_min_child_weight": 4.039868792169718, "log10_subsample": -0.705941540613596, "max_depth": 5.0, "num_boost_round": 30.0}, "datetime": {"datetime": "2024-01-19 00:37:45", "elapsed": 1569.089945, "delta": 0.00278}}
{"target": -13.75851528907839, "params": {"gamma": 478.984800017871, "log10_alpha": -4.802903562398331, "log10_colsample_bytree": -0.14886756545377844, "log10_eta": -2.9851307784757126, "log10_lambda": -2.3960222111830882, "log10_min_child_weight": 4.039868792169718, "log10_subsample": -0.705941540613596, "max_depth": 5.0, "num_boost_round": 31.0}, "datetime": {"datetime": "2024-01-19 00:37:45", "elapsed": 1569.092774, "delta": 0.002829}}
{"target": -13.758522171515338, "params": {"gamma": 478.984800017871, "log10_alpha": -4.802903562398331, "log10_colsample_bytree": -0.14886756545377844, "log10_eta": -2.9851307784757126, "log10_lambda": -2.3960222111830882, "log10_min_child_weight": 4.039868792169718, "log10_subsample": -0.705941540613596, "max_depth": 5.0, "num_boost_round": 32.0}, "datetime": {"datetime": "2024-01-19 00:37:45", "elapsed": 1569.095661, "delta": 0.002887}}
{"target": -13.758530041192705, "params": {"gamma": 478.984800017871, "log10_alpha": -4.802903562398331, "log10_colsample_bytree": -0.14886756545377844, "log10_eta": -2.9851307784757126, "log10_lambda": -2.3960222111830882, "log10_min_child_weight": 4.039868792169718, "log10_subsample": -0.705941540613596, "max_depth": 5.0, "num_boost_round": 33.0}, "datetime": {"datetime": "2024-01-19 00:37:45", "elapsed": 1569.098438, "delta": 0.002777}}
{"target": -13.758526159925559, "params": {"gamma": 478.984800017871, "log10_alpha": -4.802903562398331, "log10_colsample_bytree": -0.14886756545377844, "log10_eta": -2.9851307784757126, "log10_lambda": -2.3960222111830882, "log10_min_child_weight": 4.039868792169718, "log10_subsample": -0.705941540613596, "max_depth": 5.0, "num_boost_round": 34.0}, "datetime": {"datetime": "2024-01-19 00:37:45", "elapsed": 1569.101296, "delta": 0.002858}}
{"target": -13.758530644790756, "params": {"gamma": 478.984800017871, "log10_alpha": -4.802903562398331, "log10_colsample_bytree": -0.14886756545377844, "log10_eta": -2.9851307784757126, "log10_lambda": -2.3960222111830882, "log10_min_child_weight": 4.039868792169718, "log10_subsample": -0.705941540613596, "max_depth": 5.0, "num_boost_round": 35.0}, "datetime": {"datetime": "2024-01-19 00:37:45", "elapsed": 1569.104117, "delta": 0.002821}}
{"target": -13.758535945862656, "params": {"gamma": 478.984800017871, "log10_alpha": -4.802903562398331, "log10_colsample_bytree": -0.14886756545377844, "log10_eta": -2.9851307784757126, "log10_lambda": -2.3960222111830882, "log10_min_child_weight": 4.039868792169718, "log10_subsample": -0.705941540613596, "max_depth": 5.0, "num_boost_round": 36.0}, "datetime": {"datetime": "2024-01-19 00:37:45", "elapsed": 1569.106903, "delta": 0.002786}}
{"target": -13.758532454055759, "params": {"gamma": 478.984800017871, "log10_alpha": -4.802903562398331, "log10_colsample_bytree": -0.14886756545377844, "log10_eta": -2.9851307784757126, "log10_lambda": -2.3960222111830882, "log10_min_child_weight": 4.039868792169718, "log10_subsample": -0.705941540613596, "max_depth": 5.0, "num_boost_round": 37.0}, "datetime": {"datetime": "2024-01-19 00:37:45", "elapsed": 1569.10969, "delta": 0.002787}}
{"target": -13.758538627399302, "params": {"gamma": 478.984800017871, "log10_alpha": -4.802903562398331, "log10_colsample_bytree": -0.14886756545377844, "log10_eta": -2.9851307784757126, "log10_lambda": -2.3960222111830882, "log10_min_child_weight": 4.039868792169718, "log10_subsample": -0.705941540613596, "max_depth": 5.0, "num_boost_round": 38.0}, "datetime": {"datetime": "2024-01-19 00:37:45", "elapsed": 1569.112576, "delta": 0.002886}}
{"target": -13.758528894187032, "params": {"gamma": 478.984800017871, "log10_alpha": -4.802903562398331, "log10_colsample_bytree": -0.14886756545377844, "log10_eta": -2.9851307784757126, "log10_lambda": -2.3960222111830882, "log10_min_child_weight": 4.039868792169718, "log10_subsample": -0.705941540613596, "max_depth": 5.0, "num_boost_round": 39.0}, "datetime": {"datetime": "2024-01-19 00:37:45", "elapsed": 1569.115467, "delta": 0.002891}}
{"target": -13.758529494173194, "params": {"gamma": 478.984800017871, "log10_alpha": -4.802903562398331, "log10_colsample_bytree": -0.14886756545377844, "log10_eta": -2.9851307784757126, "log10_lambda": -2.3960222111830882, "log10_min_child_weight": 4.039868792169718, "log10_subsample": -0.705941540613596, "max_depth": 5.0, "num_boost_round": 40.0}, "datetime": {"datetime": "2024-01-19 00:37:45", "elapsed": 1569.118258, "delta": 0.002791}}
{"target": -13.758522676600217, "params": {"gamma": 478.984800017871, "log10_alpha": -4.802903562398331, "log10_colsample_bytree": -0.14886756545377844, "log10_eta": -2.9851307784757126, "log10_lambda": -2.3960222111830882, "log10_min_child_weight": 4.039868792169718, "log10_subsample": -0.705941540613596, "max_depth": 5.0, "num_boost_round": 41.0}, "datetime": {"datetime": "2024-01-19 00:37:45", "elapsed": 1569.121063, "delta": 0.002805}}
{"target": -13.758535902478867, "params": {"gamma": 488.9921606966041, "log10_alpha": -0.13782174460939256, "log10_colsample_bytree": -0.6125275602073775, "log10_eta": -3.4518482737646354, "log10_lambda": -1.668658703969594, "log10_min_child_weight": 4.88534684269485, "log10_subsample": -0.5724115312297642, "max_depth": 5.0, "num_boost_round": 0.0}, "datetime": {"datetime": "2024-01-19 00:38:14", "elapsed": 1598.473981, "delta": 29.352918}}
{"target": -13.758534836521427, "params": {"gamma": 488.9921606966041, "log10_alpha": -0.13782174460939256, "log10_colsample_bytree": -0.6125275602073775, "log10_eta": -3.4518482737646354, "log10_lambda": -1.668658703969594, "log10_min_child_weight": 4.88534684269485, "log10_subsample": -0.5724115312297642, "max_depth": 5.0, "num_boost_round": 1.0}, "datetime": {"datetime": "2024-01-19 00:38:14", "elapsed": 1598.477961, "delta": 0.00398}}
{"target": -13.758535053302388, "params": {"gamma": 488.9921606966041, "log10_alpha": -0.13782174460939256, "log10_colsample_bytree": -0.6125275602073775, "log10_eta": -3.4518482737646354, "log10_lambda": -1.668658703969594, "log10_min_child_weight": 4.88534684269485, "log10_subsample": -0.5724115312297642, "max_depth": 5.0, "num_boost_round": 2.0}, "datetime": {"datetime": "2024-01-19 00:38:14", "elapsed": 1598.480912, "delta": 0.002951}}
{"target": -13.75853344175266, "params": {"gamma": 488.9921606966041, "log10_alpha": -0.13782174460939256, "log10_colsample_bytree": -0.6125275602073775, "log10_eta": -3.4518482737646354, "log10_lambda": -1.668658703969594, "log10_min_child_weight": 4.88534684269485, "log10_subsample": -0.5724115312297642, "max_depth": 5.0, "num_boost_round": 3.0}, "datetime": {"datetime": "2024-01-19 00:38:14", "elapsed": 1598.483924, "delta": 0.003012}}
{"target": -13.758533013126772, "params": {"gamma": 488.9921606966041, "log10_alpha": -0.13782174460939256, "log10_colsample_bytree": -0.6125275602073775, "log10_eta": -3.4518482737646354, "log10_lambda": -1.668658703969594, "log10_min_child_weight": 4.88534684269485, "log10_subsample": -0.5724115312297642, "max_depth": 5.0, "num_boost_round": 4.0}, "datetime": {"datetime": "2024-01-19 00:38:14", "elapsed": 1598.486833, "delta": 0.002909}}
{"target": -13.758531380115178, "params": {"gamma": 488.9921606966041, "log10_alpha": -0.13782174460939256, "log10_colsample_bytree": -0.6125275602073775, "log10_eta": -3.4518482737646354, "log10_lambda": -1.668658703969594, "log10_min_child_weight": 4.88534684269485, "log10_subsample": -0.5724115312297642, "max_depth": 5.0, "num_boost_round": 5.0}, "datetime": {"datetime": "2024-01-19 00:38:14", "elapsed": 1598.48961, "delta": 0.002777}}
{"target": -13.758530606419564, "params": {"gamma": 488.9921606966041, "log10_alpha": -0.13782174460939256, "log10_colsample_bytree": -0.6125275602073775, "log10_eta": -3.4518482737646354, "log10_lambda": -1.668658703969594, "log10_min_child_weight": 4.88534684269485, "log10_subsample": -0.5724115312297642, "max_depth": 5.0, "num_boost_round": 6.0}, "datetime": {"datetime": "2024-01-19 00:38:14", "elapsed": 1598.492378, "delta": 0.002768}}
{"target": -13.758529251317496, "params": {"gamma": 488.9921606966041, "log10_alpha": -0.13782174460939256, "log10_colsample_bytree": -0.6125275602073775, "log10_eta": -3.4518482737646354, "log10_lambda": -1.668658703969594, "log10_min_child_weight": 4.88534684269485, "log10_subsample": -0.5724115312297642, "max_depth": 5.0, "num_boost_round": 7.0}, "datetime": {"datetime": "2024-01-19 00:38:14", "elapsed": 1598.495118, "delta": 0.00274}}
{"target": -13.758529406075274, "params": {"gamma": 488.9921606966041, "log10_alpha": -0.13782174460939256, "log10_colsample_bytree": -0.6125275602073775, "log10_eta": -3.4518482737646354, "log10_lambda": -1.668658703969594, "log10_min_child_weight": 4.88534684269485, "log10_subsample": -0.5724115312297642, "max_depth": 5.0, "num_boost_round": 8.0}, "datetime": {"datetime": "2024-01-19 00:38:14", "elapsed": 1598.497962, "delta": 0.002844}}
{"target": -13.758527160935342, "params": {"gamma": 488.9921606966041, "log10_alpha": -0.13782174460939256, "log10_colsample_bytree": -0.6125275602073775, "log10_eta": -3.4518482737646354, "log10_lambda": -1.668658703969594, "log10_min_child_weight": 4.88534684269485, "log10_subsample": -0.5724115312297642, "max_depth": 5.0, "num_boost_round": 9.0}, "datetime": {"datetime": "2024-01-19 00:38:14", "elapsed": 1598.50079, "delta": 0.002828}}
{"target": -13.75852507760943, "params": {"gamma": 488.9921606966041, "log10_alpha": -0.13782174460939256, "log10_colsample_bytree": -0.6125275602073775, "log10_eta": -3.4518482737646354, "log10_lambda": -1.668658703969594, "log10_min_child_weight": 4.88534684269485, "log10_subsample": -0.5724115312297642, "max_depth": 5.0, "num_boost_round": 10.0}, "datetime": {"datetime": "2024-01-19 00:38:14", "elapsed": 1598.503599, "delta": 0.002809}}
{"target": -13.75852338700243, "params": {"gamma": 488.9921606966041, "log10_alpha": -0.13782174460939256, "log10_colsample_bytree": -0.6125275602073775, "log10_eta": -3.4518482737646354, "log10_lambda": -1.668658703969594, "log10_min_child_weight": 4.88534684269485, "log10_subsample": -0.5724115312297642, "max_depth": 5.0, "num_boost_round": 11.0}, "datetime": {"datetime": "2024-01-19 00:38:14", "elapsed": 1598.506371, "delta": 0.002772}}
{"target": -13.758524667322517, "params": {"gamma": 488.9921606966041, "log10_alpha": -0.13782174460939256, "log10_colsample_bytree": -0.6125275602073775, "log10_eta": -3.4518482737646354, "log10_lambda": -1.668658703969594, "log10_min_child_weight": 4.88534684269485, "log10_subsample": -0.5724115312297642, "max_depth": 5.0, "num_boost_round": 12.0}, "datetime": {"datetime": "2024-01-19 00:38:14", "elapsed": 1598.509188, "delta": 0.002817}}
{"target": -13.758523271946355, "params": {"gamma": 488.9921606966041, "log10_alpha": -0.13782174460939256, "log10_colsample_bytree": -0.6125275602073775, "log10_eta": -3.4518482737646354, "log10_lambda": -1.668658703969594, "log10_min_child_weight": 4.88534684269485, "log10_subsample": -0.5724115312297642, "max_depth": 5.0, "num_boost_round": 13.0}, "datetime": {"datetime": "2024-01-19 00:38:14", "elapsed": 1598.512041, "delta": 0.002853}}
{"target": -13.758521733155385, "params": {"gamma": 488.9921606966041, "log10_alpha": -0.13782174460939256, "log10_colsample_bytree": -0.6125275602073775, "log10_eta": -3.4518482737646354, "log10_lambda": -1.668658703969594, "log10_min_child_weight": 4.88534684269485, "log10_subsample": -0.5724115312297642, "max_depth": 5.0, "num_boost_round": 14.0}, "datetime": {"datetime": "2024-01-19 00:38:14", "elapsed": 1598.514884, "delta": 0.002843}}
{"target": -13.758519280600652, "params": {"gamma": 488.9921606966041, "log10_alpha": -0.13782174460939256, "log10_colsample_bytree": -0.6125275602073775, "log10_eta": -3.4518482737646354, "log10_lambda": -1.668658703969594, "log10_min_child_weight": 4.88534684269485, "log10_subsample": -0.5724115312297642, "max_depth": 5.0, "num_boost_round": 15.0}, "datetime": {"datetime": "2024-01-19 00:38:14", "elapsed": 1598.517702, "delta": 0.002818}}
{"target": -13.757200666719948, "params": {"gamma": 501.4732467068417, "log10_alpha": -4.538619768633607, "log10_colsample_bytree": -0.521454038397479, "log10_eta": -1.0738152626128952, "log10_lambda": -2.394768404186281, "log10_min_child_weight": 0.7019741607069113, "log10_subsample": -0.47293578759010046, "max_depth": 3.0, "num_boost_round": 0.0}, "datetime": {"datetime": "2024-01-19 00:38:56", "elapsed": 1640.555584, "delta": 42.037882}}
{"target": -13.758000589519321, "params": {"gamma": 501.4732467068417, "log10_alpha": -4.538619768633607, "log10_colsample_bytree": -0.521454038397479, "log10_eta": -1.0738152626128952, "log10_lambda": -2.394768404186281, "log10_min_child_weight": 0.7019741607069113, "log10_subsample": -0.47293578759010046, "max_depth": 3.0, "num_boost_round": 1.0}, "datetime": {"datetime": "2024-01-19 00:38:56", "elapsed": 1640.559234, "delta": 0.00365}}
{"target": -13.759728291347091, "params": {"gamma": 501.4732467068417, "log10_alpha": -4.538619768633607, "log10_colsample_bytree": -0.521454038397479, "log10_eta": -1.0738152626128952, "log10_lambda": -2.394768404186281, "log10_min_child_weight": 0.7019741607069113, "log10_subsample": -0.47293578759010046, "max_depth": 3.0, "num_boost_round": 2.0}, "datetime": {"datetime": "2024-01-19 00:38:56", "elapsed": 1640.562161, "delta": 0.002927}}
{"target": -13.7591528136097, "params": {"gamma": 501.4732467068417, "log10_alpha": -4.538619768633607, "log10_colsample_bytree": -0.521454038397479, "log10_eta": -1.0738152626128952, "log10_lambda": -2.394768404186281, "log10_min_child_weight": 0.7019741607069113, "log10_subsample": -0.47293578759010046, "max_depth": 3.0, "num_boost_round": 3.0}, "datetime": {"datetime": "2024-01-19 00:38:56", "elapsed": 1640.56505, "delta": 0.002889}}
