{"target": -17.675111933645987, "params": {"gamma": 966.3890255773953, "log10_alpha": 0.9445331962240884, "log10_colsample_bytree": -0.9495330219440601, "log10_eta": -1.8169886871879566, "log10_lambda": -0.07211582485431922, "log10_min_child_weight": 1.8816380765560192, "log10_subsample": -0.23501106852949283, "max_depth": 5.0, "num_boost_round": 9.0}, "datetime": {"datetime": "2024-01-19 00:17:23", "elapsed": 337.78195, "delta": 0.000625}}
{"target": -17.67464519931468, "params": {"gamma": 966.3890255773953, "log10_alpha": 0.9445331962240884, "log10_colsample_bytree": -0.9495330219440601, "log10_eta": -1.8169886871879566, "log10_lambda": -0.07211582485431922, "log10_min_child_weight": 1.8816380765560192, "log10_subsample": -0.23501106852949283, "max_depth": 5.0, "num_boost_round": 10.0}, "datetime": {"datetime": "2024-01-19 00:17:23", "elapsed": 337.782517, "delta": 0.000567}}
{"target": -17.673866858180194, "params": {"gamma": 966.3890255773953, "log10_alpha": 0.9445331962240884, "log10_colsample_bytree": -0.9495330219440601, "log10_eta": -1.8169886871879566, "log10_lambda": -0.07211582485431922, "log10_min_child_weight": 1.8816380765560192, "log10_subsample": -0.23501106852949283, "max_depth": 5.0, "num_boost_round": 11.0}, "datetime": {"datetime": "2024-01-19 00:17:23", "elapsed": 337.786762, "delta": 0.004245}}
{"target": -17.67282365403615, "params": {"gamma": 966.3890255773953, "log10_alpha": 0.9445331962240884, "log10_colsample_bytree": -0.9495330219440601, "log10_eta": -1.8169886871879566, "log10_lambda": -0.07211582485431922, "log10_min_child_weight": 1.8816380765560192, "log10_subsample": -0.23501106852949283, "max_depth": 5.0, "num_boost_round": 12.0}, "datetime": {"datetime": "2024-01-19 00:17:23", "elapsed": 337.787337, "delta": 0.000575}}
{"target": -17.67721985831432, "params": {"gamma": 968.2960365755505, "log10_alpha": -0.5318038948064077, "log10_colsample_bytree": -0.6960535467216394, "log10_eta": -3.0631637898004764, "log10_lambda": -2.441358822768734, "log10_min_child_weight": 3.673762960098672, "log10_subsample": -0.25831692524342564, "max_depth": 2.0, "num_boost_round": 0.0}, "datetime": {"datetime": "2024-01-19 00:17:41", "elapsed": 355.272042, "delta": 17.484705}}
{"target": -17.677198452771925, "params": {"gamma": 968.2960365755505, "log10_alpha": -0.5318038948064077, "log10_colsample_bytree": -0.6960535467216394, "log10_eta": -3.0631637898004764, "log10_lambda": -2.441358822768734, "log10_min_child_weight": 3.673762960098672, "log10_subsample": -0.25831692524342564, "max_depth": 2.0, "num_boost_round": 1.0}, "datetime": {"datetime": "2024-01-19 00:17:41", "elapsed": 355.272778, "delta": 0.000736}}
{"target": -17.677176129288693, "params": {"gamma": 968.2960365755505, "log10_alpha": -0.5318038948064077, "log10_colsample_bytree": -0.6960535467216394, "log10_eta": -3.0631637898004764, "log10_lambda": -2.441358822768734, "log10_min_child_weight": 3.673762960098672, "log10_subsample": -0.25831692524342564, "max_depth": 2.0, "num_boost_round": 2.0}, "datetime": {"datetime": "2024-01-19 00:17:41", "elapsed": 355.273383, "delta": 0.000605}}
{"target": -17.67717570473197, "params": {"gamma": 968.2960365755505, "log10_alpha": -0.5318038948064077, "log10_colsample_bytree": -0.6960535467216394, "log10_eta": -3.0631637898004764, "log10_lambda": -2.441358822768734, "log10_min_child_weight": 3.673762960098672, "log10_subsample": -0.25831692524342564, "max_depth": 2.0, "num_boost_round": 3.0}, "datetime": {"datetime": "2024-01-19 00:17:41", "elapsed": 355.274366, "delta": 0.000983}}
{"target": -17.677148507401107, "params": {"gamma": 968.2960365755505, "log10_alpha": -0.5318038948064077, "log10_colsample_bytree": -0.6960535467216394, "log10_eta": -3.0631637898004764, "log10_lambda": -2.441358822768734, "log10_min_child_weight": 3.673762960098672, "log10_subsample": -0.25831692524342564, "max_depth": 2.0, "num_boost_round": 4.0}, "datetime": {"datetime": "2024-01-19 00:17:41", "elapsed": 355.275067, "delta": 0.000701}}
{"target": -17.67714264109249, "params": {"gamma": 968.2960365755505, "log10_alpha": -0.5318038948064077, "log10_colsample_bytree": -0.6960535467216394, "log10_eta": -3.0631637898004764, "log10_lambda": -2.441358822768734, "log10_min_child_weight": 3.673762960098672, "log10_subsample": -0.25831692524342564, "max_depth": 2.0, "num_boost_round": 5.0}, "datetime": {"datetime": "2024-01-19 00:17:41", "elapsed": 355.275656, "delta": 0.000589}}
{"target": -17.677143398424207, "params": {"gamma": 968.2960365755505, "log10_alpha": -0.5318038948064077, "log10_colsample_bytree": -0.6960535467216394, "log10_eta": -3.0631637898004764, "log10_lambda": -2.441358822768734, "log10_min_child_weight": 3.673762960098672, "log10_subsample": -0.25831692524342564, "max_depth": 2.0, "num_boost_round": 6.0}, "datetime": {"datetime": "2024-01-19 00:17:41", "elapsed": 355.276238, "delta": 0.000582}}
{"target": -17.677136240767943, "params": {"gamma": 968.2960365755505, "log10_alpha": -0.5318038948064077, "log10_colsample_bytree": -0.6960535467216394, "log10_eta": -3.0631637898004764, "log10_lambda": -2.441358822768734, "log10_min_child_weight": 3.673762960098672, "log10_subsample": -0.25831692524342564, "max_depth": 2.0, "num_boost_round": 7.0}, "datetime": {"datetime": "2024-01-19 00:17:41", "elapsed": 355.276825, "delta": 0.000587}}
{"target": -17.677120066594746, "params": {"gamma": 968.2960365755505, "log10_alpha": -0.5318038948064077, "log10_colsample_bytree": -0.6960535467216394, "log10_eta": -3.0631637898004764, "log10_lambda": -2.441358822768734, "log10_min_child_weight": 3.673762960098672, "log10_subsample": -0.25831692524342564, "max_depth": 2.0, "num_boost_round": 8.0}, "datetime": {"datetime": "2024-01-19 00:17:41", "elapsed": 355.277532, "delta": 0.000707}}
{"target": -17.67712073351573, "params": {"gamma": 968.2960365755505, "log10_alpha": -0.5318038948064077, "log10_colsample_bytree": -0.6960535467216394, "log10_eta": -3.0631637898004764, "log10_lambda": -2.441358822768734, "log10_min_child_weight": 3.673762960098672, "log10_subsample": -0.25831692524342564, "max_depth": 2.0, "num_boost_round": 9.0}, "datetime": {"datetime": "2024-01-19 00:17:41", "elapsed": 355.278107, "delta": 0.000575}}
{"target": -17.68161322999016, "params": {"gamma": 970.420324398276, "log10_alpha": -0.36925016721029014, "log10_colsample_bytree": -0.7371947073928665, "log10_eta": -0.09054990033352261, "log10_lambda": 0.40573628919979843, "log10_min_child_weight": 1.0790667767552868, "log10_subsample": -0.8695813302422019, "max_depth": 2.0, "num_boost_round": 0.0}, "datetime": {"datetime": "2024-01-19 00:18:05", "elapsed": 379.402482, "delta": 24.124375}}
{"target": -17.70804109239166, "params": {"gamma": 970.420324398276, "log10_alpha": -0.36925016721029014, "log10_colsample_bytree": -0.7371947073928665, "log10_eta": -0.09054990033352261, "log10_lambda": 0.40573628919979843, "log10_min_child_weight": 1.0790667767552868, "log10_subsample": -0.8695813302422019, "max_depth": 2.0, "num_boost_round": 1.0}, "datetime": {"datetime": "2024-01-19 00:18:05", "elapsed": 379.403242, "delta": 0.00076}}
{"target": -17.73228917151123, "params": {"gamma": 970.420324398276, "log10_alpha": -0.36925016721029014, "log10_colsample_bytree": -0.7371947073928665, "log10_eta": -0.09054990033352261, "log10_lambda": 0.40573628919979843, "log10_min_child_weight": 1.0790667767552868, "log10_subsample": -0.8695813302422019, "max_depth": 2.0, "num_boost_round": 2.0}, "datetime": {"datetime": "2024-01-19 00:18:05", "elapsed": 379.403828, "delta": 0.000586}}
{"target": -17.754409564535447, "params": {"gamma": 970.420324398276, "log10_alpha": -0.36925016721029014, "log10_colsample_bytree": -0.7371947073928665, "log10_eta": -0.09054990033352261, "log10_lambda": 0.40573628919979843, "log10_min_child_weight": 1.0790667767552868, "log10_subsample": -0.8695813302422019, "max_depth": 2.0, "num_boost_round": 3.0}, "datetime": {"datetime": "2024-01-19 00:18:05", "elapsed": 379.404422, "delta": 0.000594}}
{"target": -17.79909920440127, "params": {"gamma": 970.420324398276, "log10_alpha": -0.36925016721029014, "log10_colsample_bytree": -0.7371947073928665, "log10_eta": -0.09054990033352261, "log10_lambda": 0.40573628919979843, "log10_min_child_weight": 1.0790667767552868, "log10_subsample": -0.8695813302422019, "max_depth": 2.0, "num_boost_round": 4.0}, "datetime": {"datetime": "2024-01-19 00:18:05", "elapsed": 379.405529, "delta": 0.001107}}
{"target": -17.812926957552776, "params": {"gamma": 970.420324398276, "log10_alpha": -0.36925016721029014, "log10_colsample_bytree": -0.7371947073928665, "log10_eta": -0.09054990033352261, "log10_lambda": 0.40573628919979843, "log10_min_child_weight": 1.0790667767552868, "log10_subsample": -0.8695813302422019, "max_depth": 2.0, "num_boost_round": 5.0}, "datetime": {"datetime": "2024-01-19 00:18:05", "elapsed": 379.406137, "delta": 0.000608}}
{"target": -17.8322881231632, "params": {"gamma": 970.420324398276, "log10_alpha": -0.36925016721029014, "log10_colsample_bytree": -0.7371947073928665, "log10_eta": -0.09054990033352261, "log10_lambda": 0.40573628919979843, "log10_min_child_weight": 1.0790667767552868, "log10_subsample": -0.8695813302422019, "max_depth": 2.0, "num_boost_round": 6.0}, "datetime": {"datetime": "2024-01-19 00:18:05", "elapsed": 379.406736, "delta": 0.000599}}
{"target": -18.009073727448804, "params": {"gamma": 970.420324398276, "log10_alpha": -0.36925016721029014, "log10_colsample_bytree": -0.7371947073928665, "log10_eta": -0.09054990033352261, "log10_lambda": 0.40573628919979843, "log10_min_child_weight": 1.0790667767552868, "log10_subsample": -0.8695813302422019, "max_depth": 2.0, "num_boost_round": 7.0}, "datetime": {"datetime": "2024-01-19 00:18:05", "elapsed": 379.407325, "delta": 0.000589}}
{"target": -18.024900852648443, "params": {"gamma": 970.420324398276, "log10_alpha": -0.36925016721029014, "log10_colsample_bytree": -0.7371947073928665, "log10_eta": -0.09054990033352261, "log10_lambda": 0.40573628919979843, "log10_min_child_weight": 1.0790667767552868, "log10_subsample": -0.8695813302422019, "max_depth": 2.0, "num_boost_round": 8.0}, "datetime": {"datetime": "2024-01-19 00:18:05", "elapsed": 379.408056, "delta": 0.000731}}
{"target": -18.023536492632566, "params": {"gamma": 970.420324398276, "log10_alpha": -0.36925016721029014, "log10_colsample_bytree": -0.7371947073928665, "log10_eta": -0.09054990033352261, "log10_lambda": 0.40573628919979843, "log10_min_child_weight": 1.0790667767552868, "log10_subsample": -0.8695813302422019, "max_depth": 2.0, "num_boost_round": 9.0}, "datetime": {"datetime": "2024-01-19 00:18:05", "elapsed": 379.408666, "delta": 0.00061}}
{"target": -18.041470758818015, "params": {"gamma": 970.420324398276, "log10_alpha": -0.36925016721029014, "log10_colsample_bytree": -0.7371947073928665, "log10_eta": -0.09054990033352261, "log10_lambda": 0.40573628919979843, "log10_min_child_weight": 1.0790667767552868, "log10_subsample": -0.8695813302422019, "max_depth": 2.0, "num_boost_round": 10.0}, "datetime": {"datetime": "2024-01-19 00:18:05", "elapsed": 379.40926, "delta": 0.000594}}
{"target": -18.057168840107895, "params": {"gamma": 970.420324398276, "log10_alpha": -0.36925016721029014, "log10_colsample_bytree": -0.7371947073928665, "log10_eta": -0.09054990033352261, "log10_lambda": 0.40573628919979843, "log10_min_child_weight": 1.0790667767552868, "log10_subsample": -0.8695813302422019, "max_depth": 2.0, "num_boost_round": 11.0}, "datetime": {"datetime": "2024-01-19 00:18:05", "elapsed": 379.409865, "delta": 0.000605}}
{"target": -18.085220362495846, "params": {"gamma": 970.420324398276, "log10_alpha": -0.36925016721029014, "log10_colsample_bytree": -0.7371947073928665, "log10_eta": -0.09054990033352261, "log10_lambda": 0.40573628919979843, "log10_min_child_weight": 1.0790667767552868, "log10_subsample": -0.8695813302422019, "max_depth": 2.0, "num_boost_round": 12.0}, "datetime": {"datetime": "2024-01-19 00:18:05", "elapsed": 379.410637, "delta": 0.000772}}
{"target": -18.09295742250629, "params": {"gamma": 970.420324398276, "log10_alpha": -0.36925016721029014, "log10_colsample_bytree": -0.7371947073928665, "log10_eta": -0.09054990033352261, "log10_lambda": 0.40573628919979843, "log10_min_child_weight": 1.0790667767552868, "log10_subsample": -0.8695813302422019, "max_depth": 2.0, "num_boost_round": 13.0}, "datetime": {"datetime": "2024-01-19 00:18:05", "elapsed": 379.411382, "delta": 0.000745}}
{"target": -18.10037473356122, "params": {"gamma": 970.420324398276, "log10_alpha": -0.36925016721029014, "log10_colsample_bytree": -0.7371947073928665, "log10_eta": -0.09054990033352261, "log10_lambda": 0.40573628919979843, "log10_min_child_weight": 1.0790667767552868, "log10_subsample": -0.8695813302422019, "max_depth": 2.0, "num_boost_round": 14.0}, "datetime": {"datetime": "2024-01-19 00:18:05", "elapsed": 379.412099, "delta": 0.000717}}
{"target": -18.097907940625273, "params": {"gamma": 970.420324398276, "log10_alpha": -0.36925016721029014, "log10_colsample_bytree": -0.7371947073928665, "log10_eta": -0.09054990033352261, "log10_lambda": 0.40573628919979843, "log10_min_child_weight": 1.0790667767552868, "log10_subsample": -0.8695813302422019, "max_depth": 2.0, "num_boost_round": 15.0}, "datetime": {"datetime": "2024-01-19 00:18:05", "elapsed": 379.412845, "delta": 0.000746}}
{"target": -18.122691974467685, "params": {"gamma": 970.420324398276, "log10_alpha": -0.36925016721029014, "log10_colsample_bytree": -0.7371947073928665, "log10_eta": -0.09054990033352261, "log10_lambda": 0.40573628919979843, "log10_min_child_weight": 1.0790667767552868, "log10_subsample": -0.8695813302422019, "max_depth": 2.0, "num_boost_round": 16.0}, "datetime": {"datetime": "2024-01-19 00:18:05", "elapsed": 379.413461, "delta": 0.000616}}
{"target": -18.132528713253507, "params": {"gamma": 970.420324398276, "log10_alpha": -0.36925016721029014, "log10_colsample_bytree": -0.7371947073928665, "log10_eta": -0.09054990033352261, "log10_lambda": 0.40573628919979843, "log10_min_child_weight": 1.0790667767552868, "log10_subsample": -0.8695813302422019, "max_depth": 2.0, "num_boost_round": 17.0}, "datetime": {"datetime": "2024-01-19 00:18:05", "elapsed": 379.414064, "delta": 0.000603}}
{"target": -18.14808887780649, "params": {"gamma": 970.420324398276, "log10_alpha": -0.36925016721029014, "log10_colsample_bytree": -0.7371947073928665, "log10_eta": -0.09054990033352261, "log10_lambda": 0.40573628919979843, "log10_min_child_weight": 1.0790667767552868, "log10_subsample": -0.8695813302422019, "max_depth": 2.0, "num_boost_round": 18.0}, "datetime": {"datetime": "2024-01-19 00:18:05", "elapsed": 379.414673, "delta": 0.000609}}
{"target": -18.17519987793435, "params": {"gamma": 970.420324398276, "log10_alpha": -0.36925016721029014, "log10_colsample_bytree": -0.7371947073928665, "log10_eta": -0.09054990033352261, "log10_lambda": 0.40573628919979843, "log10_min_child_weight": 1.0790667767552868, "log10_subsample": -0.8695813302422019, "max_depth": 2.0, "num_boost_round": 19.0}, "datetime": {"datetime": "2024-01-19 00:18:05", "elapsed": 379.415281, "delta": 0.000608}}
{"target": -18.179865304131095, "params": {"gamma": 970.420324398276, "log10_alpha": -0.36925016721029014, "log10_colsample_bytree": -0.7371947073928665, "log10_eta": -0.09054990033352261, "log10_lambda": 0.40573628919979843, "log10_min_child_weight": 1.0790667767552868, "log10_subsample": -0.8695813302422019, "max_depth": 2.0, "num_boost_round": 20.0}, "datetime": {"datetime": "2024-01-19 00:18:05", "elapsed": 379.415881, "delta": 0.0006}}
{"target": -18.19505853855118, "params": {"gamma": 970.420324398276, "log10_alpha": -0.36925016721029014, "log10_colsample_bytree": -0.7371947073928665, "log10_eta": -0.09054990033352261, "log10_lambda": 0.40573628919979843, "log10_min_child_weight": 1.0790667767552868, "log10_subsample": -0.8695813302422019, "max_depth": 2.0, "num_boost_round": 21.0}, "datetime": {"datetime": "2024-01-19 00:18:05", "elapsed": 379.416488, "delta": 0.000607}}
{"target": -18.202239847787354, "params": {"gamma": 970.420324398276, "log10_alpha": -0.36925016721029014, "log10_colsample_bytree": -0.7371947073928665, "log10_eta": -0.09054990033352261, "log10_lambda": 0.40573628919979843, "log10_min_child_weight": 1.0790667767552868, "log10_subsample": -0.8695813302422019, "max_depth": 2.0, "num_boost_round": 22.0}, "datetime": {"datetime": "2024-01-19 00:18:05", "elapsed": 379.417093, "delta": 0.000605}}
{"target": -18.61425098144613, "params": {"gamma": 970.420324398276, "log10_alpha": -0.36925016721029014, "log10_colsample_bytree": -0.7371947073928665, "log10_eta": -0.09054990033352261, "log10_lambda": 0.40573628919979843, "log10_min_child_weight": 1.0790667767552868, "log10_subsample": -0.8695813302422019, "max_depth": 2.0, "num_boost_round": 23.0}, "datetime": {"datetime": "2024-01-19 00:18:05", "elapsed": 379.417704, "delta": 0.000611}}
{"target": -18.623921414762695, "params": {"gamma": 970.420324398276, "log10_alpha": -0.36925016721029014, "log10_colsample_bytree": -0.7371947073928665, "log10_eta": -0.09054990033352261, "log10_lambda": 0.40573628919979843, "log10_min_child_weight": 1.0790667767552868, "log10_subsample": -0.8695813302422019, "max_depth": 2.0, "num_boost_round": 24.0}, "datetime": {"datetime": "2024-01-19 00:18:05", "elapsed": 379.418307, "delta": 0.000603}}
{"target": -18.622552847197575, "params": {"gamma": 970.420324398276, "log10_alpha": -0.36925016721029014, "log10_colsample_bytree": -0.7371947073928665, "log10_eta": -0.09054990033352261, "log10_lambda": 0.40573628919979843, "log10_min_child_weight": 1.0790667767552868, "log10_subsample": -0.8695813302422019, "max_depth": 2.0, "num_boost_round": 25.0}, "datetime": {"datetime": "2024-01-19 00:18:05", "elapsed": 379.418936, "delta": 0.000629}}
{"target": -18.676896915303047, "params": {"gamma": 970.420324398276, "log10_alpha": -0.36925016721029014, "log10_colsample_bytree": -0.7371947073928665, "log10_eta": -0.09054990033352261, "log10_lambda": 0.40573628919979843, "log10_min_child_weight": 1.0790667767552868, "log10_subsample": -0.8695813302422019, "max_depth": 2.0, "num_boost_round": 26.0}, "datetime": {"datetime": "2024-01-19 00:18:05", "elapsed": 379.419548, "delta": 0.000612}}
{"target": -18.66210767730437, "params": {"gamma": 970.420324398276, "log10_alpha": -0.36925016721029014, "log10_colsample_bytree": -0.7371947073928665, "log10_eta": -0.09054990033352261, "log10_lambda": 0.40573628919979843, "log10_min_child_weight": 1.0790667767552868, "log10_subsample": -0.8695813302422019, "max_depth": 2.0, "num_boost_round": 27.0}, "datetime": {"datetime": "2024-01-19 00:18:05", "elapsed": 379.420157, "delta": 0.000609}}
{"target": -17.67713687467583, "params": {"gamma": 969.2226424266353, "log10_alpha": -1.8555042700343827, "log10_colsample_bytree": -0.0277667283828269, "log10_eta": -2.3945623160163816, "log10_lambda": -2.5899316034929156, "log10_min_child_weight": 3.4924026671640247, "log10_subsample": -0.23592526482895126, "max_depth": 2.0, "num_boost_round": 0.0}, "datetime": {"datetime": "2024-01-19 00:18:24", "elapsed": 398.030685, "delta": 18.610528}}
{"target": -17.677044638608976, "params": {"gamma": 969.2226424266353, "log10_alpha": -1.8555042700343827, "log10_colsample_bytree": -0.0277667283828269, "log10_eta": -2.3945623160163816, "log10_lambda": -2.5899316034929156, "log10_min_child_weight": 3.4924026671640247, "log10_subsample": -0.23592526482895126, "max_depth": 2.0, "num_boost_round": 1.0}, "datetime": {"datetime": "2024-01-19 00:18:24", "elapsed": 398.03155, "delta": 0.000865}}
{"target": -17.676956536192304, "params": {"gamma": 969.2226424266353, "log10_alpha": -1.8555042700343827, "log10_colsample_bytree": -0.0277667283828269, "log10_eta": -2.3945623160163816, "log10_lambda": -2.5899316034929156, "log10_min_child_weight": 3.4924026671640247, "log10_subsample": -0.23592526482895126, "max_depth": 2.0, "num_boost_round": 2.0}, "datetime": {"datetime": "2024-01-19 00:18:24", "elapsed": 398.032228, "delta": 0.000678}}
{"target": -17.67687089749142, "params": {"gamma": 969.2226424266353, "log10_alpha": -1.8555042700343827, "log10_colsample_bytree": -0.0277667283828269, "log10_eta": -2.3945623160163816, "log10_lambda": -2.5899316034929156, "log10_min_child_weight": 3.4924026671640247, "log10_subsample": -0.23592526482895126, "max_depth": 2.0, "num_boost_round": 3.0}, "datetime": {"datetime": "2024-01-19 00:18:24", "elapsed": 398.032874, "delta": 0.000646}}
{"target": -17.676787858756796, "params": {"gamma": 969.2226424266353, "log10_alpha": -1.8555042700343827, "log10_colsample_bytree": -0.0277667283828269, "log10_eta": -2.3945623160163816, "log10_lambda": -2.5899316034929156, "log10_min_child_weight": 3.4924026671640247, "log10_subsample": -0.23592526482895126, "max_depth": 2.0, "num_boost_round": 4.0}, "datetime": {"datetime": "2024-01-19 00:18:24", "elapsed": 398.033515, "delta": 0.000641}}
{"target": -17.67670831688435, "params": {"gamma": 969.2226424266353, "log10_alpha": -1.8555042700343827, "log10_colsample_bytree": -0.0277667283828269, "log10_eta": -2.3945623160163816, "log10_lambda": -2.5899316034929156, "log10_min_child_weight": 3.4924026671640247, "log10_subsample": -0.23592526482895126, "max_depth": 2.0, "num_boost_round": 5.0}, "datetime": {"datetime": "2024-01-19 00:18:24", "elapsed": 398.034155, "delta": 0.00064}}
{"target": -17.676633322589435, "params": {"gamma": 969.2226424266353, "log10_alpha": -1.8555042700343827, "log10_colsample_bytree": -0.0277667283828269, "log10_eta": -2.3945623160163816, "log10_lambda": -2.5899316034929156, "log10_min_child_weight": 3.4924026671640247, "log10_subsample": -0.23592526482895126, "max_depth": 2.0, "num_boost_round": 6.0}, "datetime": {"datetime": "2024-01-19 00:18:24", "elapsed": 398.034815, "delta": 0.00066}}
