{"target": -13.758535167275927, "params": {"gamma": 565.3829869064559, "log10_alpha": -3.536502222708318, "log10_colsample_bytree": -0.9648445089582168, "log10_eta": -3.86615179498843, "log10_lambda": -0.702394638790043, "log10_min_child_weight": 4.597228534087273, "log10_subsample": -0.6542467326835397, "max_depth": 8.0, "num_boost_round": 13.0}, "datetime": {"datetime": "2024-01-19 02:11:25", "elapsed": 7216.913287, "delta": 0.006821}}
{"target": -13.758534845646421, "params": {"gamma": 565.3829869064559, "log10_alpha": -3.536502222708318, "log10_colsample_bytree": -0.9648445089582168, "log10_eta": -3.86615179498843, "log10_lambda": -0.702394638790043, "log10_min_child_weight": 4.597228534087273, "log10_subsample": -0.6542467326835397, "max_depth": 8.0, "num_boost_round": 14.0}, "datetime": {"datetime": "2024-01-19 02:11:25", "elapsed": 7216.920024, "delta": 0.006737}}
{"target": -13.758533988361515, "params": {"gamma": 565.3829869064559, "log10_alpha": -3.536502222708318, "log10_colsample_bytree": -0.9648445089582168, "log10_eta": -3.86615179498843, "log10_lambda": -0.702394638790043, "log10_min_child_weight": 4.597228534087273, "log10_subsample": -0.6542467326835397, "max_depth": 8.0, "num_boost_round": 15.0}, "datetime": {"datetime": "2024-01-19 02:11:25", "elapsed": 7216.926806, "delta": 0.006782}}
{"target": -13.758533641681732, "params": {"gamma": 565.3829869064559, "log10_alpha": -3.536502222708318, "log10_colsample_bytree": -0.9648445089582168, "log10_eta": -3.86615179498843, "log10_lambda": -0.702394638790043, "log10_min_child_weight": 4.597228534087273, "log10_subsample": -0.6542467326835397, "max_depth": 8.0, "num_boost_round": 16.0}, "datetime": {"datetime": "2024-01-19 02:11:25", "elapsed": 7216.933655, "delta": 0.006849}}
{"target": -13.758533076104287, "params": {"gamma": 565.3829869064559, "log10_alpha": -3.536502222708318, "log10_colsample_bytree": -0.9648445089582168, "log10_eta": -3.86615179498843, "log10_lambda": -0.702394638790043, "log10_min_child_weight": 4.597228534087273, "log10_subsample": -0.6542467326835397, "max_depth": 8.0, "num_boost_round": 17.0}, "datetime": {"datetime": "2024-01-19 02:11:25", "elapsed": 7216.940464, "delta": 0.006809}}
{"target": -13.75853277869157, "params": {"gamma": 565.3829869064559, "log10_alpha": -3.536502222708318, "log10_colsample_bytree": -0.9648445089582168, "log10_eta": -3.86615179498843, "log10_lambda": -0.702394638790043, "log10_min_child_weight": 4.597228534087273, "log10_subsample": -0.6542467326835397, "max_depth": 8.0, "num_boost_round": 18.0}, "datetime": {"datetime": "2024-01-19 02:11:25", "elapsed": 7216.948161, "delta": 0.007697}}
{"target": -13.758531906436385, "params": {"gamma": 565.3829869064559, "log10_alpha": -3.536502222708318, "log10_colsample_bytree": -0.9648445089582168, "log10_eta": -3.86615179498843, "log10_lambda": -0.702394638790043, "log10_min_child_weight": 4.597228534087273, "log10_subsample": -0.6542467326835397, "max_depth": 8.0, "num_boost_round": 19.0}, "datetime": {"datetime": "2024-01-19 02:11:25", "elapsed": 7216.955013, "delta": 0.006852}}
{"target": -13.758532340048967, "params": {"gamma": 565.3829869064559, "log10_alpha": -3.536502222708318, "log10_colsample_bytree": -0.9648445089582168, "log10_eta": -3.86615179498843, "log10_lambda": -0.702394638790043, "log10_min_child_weight": 4.597228534087273, "log10_subsample": -0.6542467326835397, "max_depth": 8.0, "num_boost_round": 20.0}, "datetime": {"datetime": "2024-01-19 02:11:25", "elapsed": 7216.961829, "delta": 0.006816}}
{"target": -13.758531791076837, "params": {"gamma": 565.3829869064559, "log10_alpha": -3.536502222708318, "log10_colsample_bytree": -0.9648445089582168, "log10_eta": -3.86615179498843, "log10_lambda": -0.702394638790043, "log10_min_child_weight": 4.597228534087273, "log10_subsample": -0.6542467326835397, "max_depth": 8.0, "num_boost_round": 21.0}, "datetime": {"datetime": "2024-01-19 02:11:25", "elapsed": 7216.968528, "delta": 0.006699}}
{"target": -13.758532113886954, "params": {"gamma": 565.3829869064559, "log10_alpha": -3.536502222708318, "log10_colsample_bytree": -0.9648445089582168, "log10_eta": -3.86615179498843, "log10_lambda": -0.702394638790043, "log10_min_child_weight": 4.597228534087273, "log10_subsample": -0.6542467326835397, "max_depth": 8.0, "num_boost_round": 22.0}, "datetime": {"datetime": "2024-01-19 02:11:25", "elapsed": 7216.975216, "delta": 0.006688}}
{"target": -13.758531514417907, "params": {"gamma": 565.3829869064559, "log10_alpha": -3.536502222708318, "log10_colsample_bytree": -0.9648445089582168, "log10_eta": -3.86615179498843, "log10_lambda": -0.702394638790043, "log10_min_child_weight": 4.597228534087273, "log10_subsample": -0.6542467326835397, "max_depth": 8.0, "num_boost_round": 23.0}, "datetime": {"datetime": "2024-01-19 02:11:25", "elapsed": 7216.981973, "delta": 0.006757}}
{"target": -13.758531547402011, "params": {"gamma": 565.3829869064559, "log10_alpha": -3.536502222708318, "log10_colsample_bytree": -0.9648445089582168, "log10_eta": -3.86615179498843, "log10_lambda": -0.702394638790043, "log10_min_child_weight": 4.597228534087273, "log10_subsample": -0.6542467326835397, "max_depth": 8.0, "num_boost_round": 24.0}, "datetime": {"datetime": "2024-01-19 02:11:25", "elapsed": 7216.988646, "delta": 0.006673}}
{"target": -13.758531380602575, "params": {"gamma": 565.3829869064559, "log10_alpha": -3.536502222708318, "log10_colsample_bytree": -0.9648445089582168, "log10_eta": -3.86615179498843, "log10_lambda": -0.702394638790043, "log10_min_child_weight": 4.597228534087273, "log10_subsample": -0.6542467326835397, "max_depth": 8.0, "num_boost_round": 25.0}, "datetime": {"datetime": "2024-01-19 02:11:25", "elapsed": 7216.995303, "delta": 0.006657}}
{"target": -13.758530860428493, "params": {"gamma": 565.3829869064559, "log10_alpha": -3.536502222708318, "log10_colsample_bytree": -0.9648445089582168, "log10_eta": -3.86615179498843, "log10_lambda": -0.702394638790043, "log10_min_child_weight": 4.597228534087273, "log10_subsample": -0.6542467326835397, "max_depth": 8.0, "num_boost_round": 26.0}, "datetime": {"datetime": "2024-01-19 02:11:25", "elapsed": 7217.001927, "delta": 0.006624}}
{"target": -13.758530753900535, "params": {"gamma": 565.3829869064559, "log10_alpha": -3.536502222708318, "log10_colsample_bytree": -0.9648445089582168, "log10_eta": -3.86615179498843, "log10_lambda": -0.702394638790043, "log10_min_child_weight": 4.597228534087273, "log10_subsample": -0.6542467326835397, "max_depth": 8.0, "num_boost_round": 27.0}, "datetime": {"datetime": "2024-01-19 02:11:25", "elapsed": 7217.008518, "delta": 0.006591}}
{"target": -13.758529590151683, "params": {"gamma": 565.3829869064559, "log10_alpha": -3.536502222708318, "log10_colsample_bytree": -0.9648445089582168, "log10_eta": -3.86615179498843, "log10_lambda": -0.702394638790043, "log10_min_child_weight": 4.597228534087273, "log10_subsample": -0.6542467326835397, "max_depth": 8.0, "num_boost_round": 28.0}, "datetime": {"datetime": "2024-01-19 02:11:25", "elapsed": 7217.015052, "delta": 0.006534}}
{"target": -13.758528262181384, "params": {"gamma": 565.3829869064559, "log10_alpha": -3.536502222708318, "log10_colsample_bytree": -0.9648445089582168, "log10_eta": -3.86615179498843, "log10_lambda": -0.702394638790043, "log10_min_child_weight": 4.597228534087273, "log10_subsample": -0.6542467326835397, "max_depth": 8.0, "num_boost_round": 29.0}, "datetime": {"datetime": "2024-01-19 02:11:25", "elapsed": 7217.021602, "delta": 0.00655}}
{"target": -13.758528033771768, "params": {"gamma": 565.3829869064559, "log10_alpha": -3.536502222708318, "log10_colsample_bytree": -0.9648445089582168, "log10_eta": -3.86615179498843, "log10_lambda": -0.702394638790043, "log10_min_child_weight": 4.597228534087273, "log10_subsample": -0.6542467326835397, "max_depth": 8.0, "num_boost_round": 30.0}, "datetime": {"datetime": "2024-01-19 02:11:25", "elapsed": 7217.028252, "delta": 0.00665}}
{"target": -13.75852811094709, "params": {"gamma": 565.3829869064559, "log10_alpha": -3.536502222708318, "log10_colsample_bytree": -0.9648445089582168, "log10_eta": -3.86615179498843, "log10_lambda": -0.702394638790043, "log10_min_child_weight": 4.597228534087273, "log10_subsample": -0.6542467326835397, "max_depth": 8.0, "num_boost_round": 31.0}, "datetime": {"datetime": "2024-01-19 02:11:25", "elapsed": 7217.03572, "delta": 0.007468}}
{"target": -13.758527173519774, "params": {"gamma": 565.3829869064559, "log10_alpha": -3.536502222708318, "log10_colsample_bytree": -0.9648445089582168, "log10_eta": -3.86615179498843, "log10_lambda": -0.702394638790043, "log10_min_child_weight": 4.597228534087273, "log10_subsample": -0.6542467326835397, "max_depth": 8.0, "num_boost_round": 32.0}, "datetime": {"datetime": "2024-01-19 02:11:25", "elapsed": 7217.042659, "delta": 0.006939}}
{"target": -13.758525789058044, "params": {"gamma": 565.3829869064559, "log10_alpha": -3.536502222708318, "log10_colsample_bytree": -0.9648445089582168, "log10_eta": -3.86615179498843, "log10_lambda": -0.702394638790043, "log10_min_child_weight": 4.597228534087273, "log10_subsample": -0.6542467326835397, "max_depth": 8.0, "num_boost_round": 33.0}, "datetime": {"datetime": "2024-01-19 02:11:25", "elapsed": 7217.049348, "delta": 0.006689}}
{"target": -13.758525209618252, "params": {"gamma": 565.3829869064559, "log10_alpha": -3.536502222708318, "log10_colsample_bytree": -0.9648445089582168, "log10_eta": -3.86615179498843, "log10_lambda": -0.702394638790043, "log10_min_child_weight": 4.597228534087273, "log10_subsample": -0.6542467326835397, "max_depth": 8.0, "num_boost_round": 34.0}, "datetime": {"datetime": "2024-01-19 02:11:25", "elapsed": 7217.05635, "delta": 0.007002}}
{"target": -13.758525114895871, "params": {"gamma": 565.3829869064559, "log10_alpha": -3.536502222708318, "log10_colsample_bytree": -0.9648445089582168, "log10_eta": -3.86615179498843, "log10_lambda": -0.702394638790043, "log10_min_child_weight": 4.597228534087273, "log10_subsample": -0.6542467326835397, "max_depth": 8.0, "num_boost_round": 35.0}, "datetime": {"datetime": "2024-01-19 02:11:25", "elapsed": 7217.06301, "delta": 0.00666}}
{"target": -13.75852469740162, "params": {"gamma": 565.3829869064559, "log10_alpha": -3.536502222708318, "log10_colsample_bytree": -0.9648445089582168, "log10_eta": -3.86615179498843, "log10_lambda": -0.702394638790043, "log10_min_child_weight": 4.597228534087273, "log10_subsample": -0.6542467326835397, "max_depth": 8.0, "num_boost_round": 36.0}, "datetime": {"datetime": "2024-01-19 02:11:25", "elapsed": 7217.069708, "delta": 0.006698}}
{"target": -13.758523828510183, "params": {"gamma": 565.3829869064559, "log10_alpha": -3.536502222708318, "log10_colsample_bytree": -0.9648445089582168, "log10_eta": -3.86615179498843, "log10_lambda": -0.702394638790043, "log10_min_child_weight": 4.597228534087273, "log10_subsample": -0.6542467326835397, "max_depth": 8.0, "num_boost_round": 37.0}, "datetime": {"datetime": "2024-01-19 02:11:25", "elapsed": 7217.076497, "delta": 0.006789}}
{"target": -13.758523553239858, "params": {"gamma": 585.9670576475683, "log10_alpha": -0.6186719676489609, "log10_colsample_bytree": -0.27525273474207024, "log10_eta": -2.3459806628549567, "log10_lambda": -2.8831223471616405, "log10_min_child_weight": 4.678037530141603, "log10_subsample": -0.32988542293271517, "max_depth": 3.0, "num_boost_round": 0.0}, "datetime": {"datetime": "2024-01-19 02:13:48", "elapsed": 7360.568745, "delta": 143.492248}}
{"target": -13.75851050520612, "params": {"gamma": 585.9670576475683, "log10_alpha": -0.6186719676489609, "log10_colsample_bytree": -0.27525273474207024, "log10_eta": -2.3459806628549567, "log10_lambda": -2.8831223471616405, "log10_min_child_weight": 4.678037530141603, "log10_subsample": -0.32988542293271517, "max_depth": 3.0, "num_boost_round": 1.0}, "datetime": {"datetime": "2024-01-19 02:13:48", "elapsed": 7360.577095, "delta": 0.00835}}
{"target": -13.758503444665426, "params": {"gamma": 585.9670576475683, "log10_alpha": -0.6186719676489609, "log10_colsample_bytree": -0.27525273474207024, "log10_eta": -2.3459806628549567, "log10_lambda": -2.8831223471616405, "log10_min_child_weight": 4.678037530141603, "log10_subsample": -0.32988542293271517, "max_depth": 3.0, "num_boost_round": 2.0}, "datetime": {"datetime": "2024-01-19 02:13:48", "elapsed": 7360.584071, "delta": 0.006976}}
{"target": -13.758486991647331, "params": {"gamma": 585.9670576475683, "log10_alpha": -0.6186719676489609, "log10_colsample_bytree": -0.27525273474207024, "log10_eta": -2.3459806628549567, "log10_lambda": -2.8831223471616405, "log10_min_child_weight": 4.678037530141603, "log10_subsample": -0.32988542293271517, "max_depth": 3.0, "num_boost_round": 3.0}, "datetime": {"datetime": "2024-01-19 02:13:48", "elapsed": 7360.591153, "delta": 0.007082}}
{"target": -13.758485273051326, "params": {"gamma": 585.9670576475683, "log10_alpha": -0.6186719676489609, "log10_colsample_bytree": -0.27525273474207024, "log10_eta": -2.3459806628549567, "log10_lambda": -2.8831223471616405, "log10_min_child_weight": 4.678037530141603, "log10_subsample": -0.32988542293271517, "max_depth": 3.0, "num_boost_round": 4.0}, "datetime": {"datetime": "2024-01-19 02:13:48", "elapsed": 7360.598006, "delta": 0.006853}}
{"target": -13.758467992221526, "params": {"gamma": 585.9670576475683, "log10_alpha": -0.6186719676489609, "log10_colsample_bytree": -0.27525273474207024, "log10_eta": -2.3459806628549567, "log10_lambda": -2.8831223471616405, "log10_min_child_weight": 4.678037530141603, "log10_subsample": -0.32988542293271517, "max_depth": 3.0, "num_boost_round": 5.0}, "datetime": {"datetime": "2024-01-19 02:13:48", "elapsed": 7360.604623, "delta": 0.006617}}
{"target": -13.758476771873644, "params": {"gamma": 585.9670576475683, "log10_alpha": -0.6186719676489609, "log10_colsample_bytree": -0.27525273474207024, "log10_eta": -2.3459806628549567, "log10_lambda": -2.8831223471616405, "log10_min_child_weight": 4.678037530141603, "log10_subsample": -0.32988542293271517, "max_depth": 3.0, "num_boost_round": 6.0}, "datetime": {"datetime": "2024-01-19 02:13:48", "elapsed": 7360.611269, "delta": 0.006646}}
{"target": -13.758485019513719, "params": {"gamma": 585.9670576475683, "log10_alpha": -0.6186719676489609, "log10_colsample_bytree": -0.27525273474207024, "log10_eta": -2.3459806628549567, "log10_lambda": -2.8831223471616405, "log10_min_child_weight": 4.678037530141603, "log10_subsample": -0.32988542293271517, "max_depth": 3.0, "num_boost_round": 7.0}, "datetime": {"datetime": "2024-01-19 02:13:48", "elapsed": 7360.617892, "delta": 0.006623}}
{"target": -13.758466358416097, "params": {"gamma": 585.9670576475683, "log10_alpha": -0.6186719676489609, "log10_colsample_bytree": -0.27525273474207024, "log10_eta": -2.3459806628549567, "log10_lambda": -2.8831223471616405, "log10_min_child_weight": 4.678037530141603, "log10_subsample": -0.32988542293271517, "max_depth": 3.0, "num_boost_round": 8.0}, "datetime": {"datetime": "2024-01-19 02:13:48", "elapsed": 7360.624517, "delta": 0.006625}}
{"target": -13.758450047023121, "params": {"gamma": 585.9670576475683, "log10_alpha": -0.6186719676489609, "log10_colsample_bytree": -0.27525273474207024, "log10_eta": -2.3459806628549567, "log10_lambda": -2.8831223471616405, "log10_min_child_weight": 4.678037530141603, "log10_subsample": -0.32988542293271517, "max_depth": 3.0, "num_boost_round": 9.0}, "datetime": {"datetime": "2024-01-19 02:13:48", "elapsed": 7360.631196, "delta": 0.006679}}
{"target": -13.758437573716403, "params": {"gamma": 585.9670576475683, "log10_alpha": -0.6186719676489609, "log10_colsample_bytree": -0.27525273474207024, "log10_eta": -2.3459806628549567, "log10_lambda": -2.8831223471616405, "log10_min_child_weight": 4.678037530141603, "log10_subsample": -0.32988542293271517, "max_depth": 3.0, "num_boost_round": 10.0}, "datetime": {"datetime": "2024-01-19 02:13:48", "elapsed": 7360.637915, "delta": 0.006719}}
{"target": -13.75841427427935, "params": {"gamma": 585.9670576475683, "log10_alpha": -0.6186719676489609, "log10_colsample_bytree": -0.27525273474207024, "log10_eta": -2.3459806628549567, "log10_lambda": -2.8831223471616405, "log10_min_child_weight": 4.678037530141603, "log10_subsample": -0.32988542293271517, "max_depth": 3.0, "num_boost_round": 11.0}, "datetime": {"datetime": "2024-01-19 02:13:48", "elapsed": 7360.644712, "delta": 0.006797}}
{"target": -13.758401658733176, "params": {"gamma": 585.9670576475683, "log10_alpha": -0.6186719676489609, "log10_colsample_bytree": -0.27525273474207024, "log10_eta": -2.3459806628549567, "log10_lambda": -2.8831223471616405, "log10_min_child_weight": 4.678037530141603, "log10_subsample": -0.32988542293271517, "max_depth": 3.0, "num_boost_round": 12.0}, "datetime": {"datetime": "2024-01-19 02:13:48", "elapsed": 7360.77747, "delta": 0.132758}}
{"target": -13.758390057902226, "params": {"gamma": 585.9670576475683, "log10_alpha": -0.6186719676489609, "log10_colsample_bytree": -0.27525273474207024, "log10_eta": -2.3459806628549567, "log10_lambda": -2.8831223471616405, "log10_min_child_weight": 4.678037530141603, "log10_subsample": -0.32988542293271517, "max_depth": 3.0, "num_boost_round": 13.0}, "datetime": {"datetime": "2024-01-19 02:13:48", "elapsed": 7360.785318, "delta": 0.007848}}
