{"target": -17.677146212732147, "params": {"gamma": 44.67332743248009, "log10_alpha": -1.1521435370444304, "log10_colsample_bytree": -0.3071351869122746, "log10_eta": -3.909940080568927, "log10_lambda": -3.9329050277512607, "log10_min_child_weight": 0.45679048823057566, "log10_subsample": -0.6287227891065796, "max_depth": 6.0, "num_boost_round": 16.0}, "datetime": {"datetime": "2024-01-19 01:47:21", "elapsed": 5795.675646, "delta": 0.00461}}
{"target": -17.677145942276617, "params": {"gamma": 44.67332743248009, "log10_alpha": -1.1521435370444304, "log10_colsample_bytree": -0.3071351869122746, "log10_eta": -3.909940080568927, "log10_lambda": -3.9329050277512607, "log10_min_child_weight": 0.45679048823057566, "log10_subsample": -0.6287227891065796, "max_depth": 6.0, "num_boost_round": 17.0}, "datetime": {"datetime": "2024-01-19 01:47:21", "elapsed": 5795.680123, "delta": 0.004477}}
{"target": -17.677139419416196, "params": {"gamma": 44.67332743248009, "log10_alpha": -1.1521435370444304, "log10_colsample_bytree": -0.3071351869122746, "log10_eta": -3.909940080568927, "log10_lambda": -3.9329050277512607, "log10_min_child_weight": 0.45679048823057566, "log10_subsample": -0.6287227891065796, "max_depth": 6.0, "num_boost_round": 18.0}, "datetime": {"datetime": "2024-01-19 01:47:21", "elapsed": 5795.684584, "delta": 0.004461}}
{"target": -17.67714237701008, "params": {"gamma": 44.67332743248009, "log10_alpha": -1.1521435370444304, "log10_colsample_bytree": -0.3071351869122746, "log10_eta": -3.909940080568927, "log10_lambda": -3.9329050277512607, "log10_min_child_weight": 0.45679048823057566, "log10_subsample": -0.6287227891065796, "max_depth": 6.0, "num_boost_round": 19.0}, "datetime": {"datetime": "2024-01-19 01:47:22", "elapsed": 5795.689082, "delta": 0.004498}}
{"target": -17.67713917986198, "params": {"gamma": 44.67332743248009, "log10_alpha": -1.1521435370444304, "log10_colsample_bytree": -0.3071351869122746, "log10_eta": -3.909940080568927, "log10_lambda": -3.9329050277512607, "log10_min_child_weight": 0.45679048823057566, "log10_subsample": -0.6287227891065796, "max_depth": 6.0, "num_boost_round": 20.0}, "datetime": {"datetime": "2024-01-19 01:47:22", "elapsed": 5795.693781, "delta": 0.004699}}
{"target": -17.677232947894513, "params": {"gamma": 46.79211687635079, "log10_alpha": 1.0, "log10_colsample_bytree": 0.0, "log10_eta": -4.0, "log10_lambda": 1.0, "log10_min_child_weight": 5.0, "log10_subsample": -1.0, "max_depth": 9.0, "num_boost_round": 0.0}, "datetime": {"datetime": "2024-01-19 01:48:23", "elapsed": 5857.585708, "delta": 61.891927}}
{"target": -17.67723294442617, "params": {"gamma": 46.79211687635079, "log10_alpha": 1.0, "log10_colsample_bytree": 0.0, "log10_eta": -4.0, "log10_lambda": 1.0, "log10_min_child_weight": 5.0, "log10_subsample": -1.0, "max_depth": 9.0, "num_boost_round": 1.0}, "datetime": {"datetime": "2024-01-19 01:48:23", "elapsed": 5857.5906, "delta": 0.004892}}
{"target": -17.677232964984384, "params": {"gamma": 46.79211687635079, "log10_alpha": 1.0, "log10_colsample_bytree": 0.0, "log10_eta": -4.0, "log10_lambda": 1.0, "log10_min_child_weight": 5.0, "log10_subsample": -1.0, "max_depth": 9.0, "num_boost_round": 2.0}, "datetime": {"datetime": "2024-01-19 01:48:23", "elapsed": 5857.595166, "delta": 0.004566}}
{"target": -17.677232940612456, "params": {"gamma": 46.79211687635079, "log10_alpha": 1.0, "log10_colsample_bytree": 0.0, "log10_eta": -4.0, "log10_lambda": 1.0, "log10_min_child_weight": 5.0, "log10_subsample": -1.0, "max_depth": 9.0, "num_boost_round": 3.0}, "datetime": {"datetime": "2024-01-19 01:48:23", "elapsed": 5857.599638, "delta": 0.004472}}
{"target": -17.677232961639294, "params": {"gamma": 46.79211687635079, "log10_alpha": 1.0, "log10_colsample_bytree": 0.0, "log10_eta": -4.0, "log10_lambda": 1.0, "log10_min_child_weight": 5.0, "log10_subsample": -1.0, "max_depth": 9.0, "num_boost_round": 4.0}, "datetime": {"datetime": "2024-01-19 01:48:23", "elapsed": 5857.604152, "delta": 0.004514}}
{"target": -17.67723294313079, "params": {"gamma": 46.79211687635079, "log10_alpha": 1.0, "log10_colsample_bytree": 0.0, "log10_eta": -4.0, "log10_lambda": 1.0, "log10_min_child_weight": 5.0, "log10_subsample": -1.0, "max_depth": 9.0, "num_boost_round": 5.0}, "datetime": {"datetime": "2024-01-19 01:48:23", "elapsed": 5857.608801, "delta": 0.004649}}
{"target": -17.677232901842356, "params": {"gamma": 46.79211687635079, "log10_alpha": 1.0, "log10_colsample_bytree": 0.0, "log10_eta": -4.0, "log10_lambda": 1.0, "log10_min_child_weight": 5.0, "log10_subsample": -1.0, "max_depth": 9.0, "num_boost_round": 6.0}, "datetime": {"datetime": "2024-01-19 01:48:23", "elapsed": 5857.613361, "delta": 0.00456}}
{"target": -17.677232877383158, "params": {"gamma": 46.79211687635079, "log10_alpha": 1.0, "log10_colsample_bytree": 0.0, "log10_eta": -4.0, "log10_lambda": 1.0, "log10_min_child_weight": 5.0, "log10_subsample": -1.0, "max_depth": 9.0, "num_boost_round": 7.0}, "datetime": {"datetime": "2024-01-19 01:48:23", "elapsed": 5857.617931, "delta": 0.00457}}
{"target": -17.67723284661966, "params": {"gamma": 46.79211687635079, "log10_alpha": 1.0, "log10_colsample_bytree": 0.0, "log10_eta": -4.0, "log10_lambda": 1.0, "log10_min_child_weight": 5.0, "log10_subsample": -1.0, "max_depth": 9.0, "num_boost_round": 8.0}, "datetime": {"datetime": "2024-01-19 01:48:23", "elapsed": 5857.622472, "delta": 0.004541}}
{"target": -17.67723280986254, "params": {"gamma": 46.79211687635079, "log10_alpha": 1.0, "log10_colsample_bytree": 0.0, "log10_eta": -4.0, "log10_lambda": 1.0, "log10_min_child_weight": 5.0, "log10_subsample": -1.0, "max_depth": 9.0, "num_boost_round": 9.0}, "datetime": {"datetime": "2024-01-19 01:48:23", "elapsed": 5857.627073, "delta": 0.004601}}
{"target": -17.67723282441983, "params": {"gamma": 46.79211687635079, "log10_alpha": 1.0, "log10_colsample_bytree": 0.0, "log10_eta": -4.0, "log10_lambda": 1.0, "log10_min_child_weight": 5.0, "log10_subsample": -1.0, "max_depth": 9.0, "num_boost_round": 10.0}, "datetime": {"datetime": "2024-01-19 01:48:23", "elapsed": 5857.631681, "delta": 0.004608}}
{"target": -17.67723282084621, "params": {"gamma": 46.79211687635079, "log10_alpha": 1.0, "log10_colsample_bytree": 0.0, "log10_eta": -4.0, "log10_lambda": 1.0, "log10_min_child_weight": 5.0, "log10_subsample": -1.0, "max_depth": 9.0, "num_boost_round": 11.0}, "datetime": {"datetime": "2024-01-19 01:48:23", "elapsed": 5857.636244, "delta": 0.004563}}
{"target": -17.677232843178377, "params": {"gamma": 46.79211687635079, "log10_alpha": 1.0, "log10_colsample_bytree": 0.0, "log10_eta": -4.0, "log10_lambda": 1.0, "log10_min_child_weight": 5.0, "log10_subsample": -1.0, "max_depth": 9.0, "num_boost_round": 12.0}, "datetime": {"datetime": "2024-01-19 01:48:23", "elapsed": 5857.640978, "delta": 0.004734}}
{"target": -17.677232846044582, "params": {"gamma": 46.79211687635079, "log10_alpha": 1.0, "log10_colsample_bytree": 0.0, "log10_eta": -4.0, "log10_lambda": 1.0, "log10_min_child_weight": 5.0, "log10_subsample": -1.0, "max_depth": 9.0, "num_boost_round": 13.0}, "datetime": {"datetime": "2024-01-19 01:48:23", "elapsed": 5857.645618, "delta": 0.00464}}
{"target": -17.677232843629504, "params": {"gamma": 46.79211687635079, "log10_alpha": 1.0, "log10_colsample_bytree": 0.0, "log10_eta": -4.0, "log10_lambda": 1.0, "log10_min_child_weight": 5.0, "log10_subsample": -1.0, "max_depth": 9.0, "num_boost_round": 14.0}, "datetime": {"datetime": "2024-01-19 01:48:23", "elapsed": 5857.6503, "delta": 0.004682}}
{"target": -17.677232846127062, "params": {"gamma": 46.79211687635079, "log10_alpha": 1.0, "log10_colsample_bytree": 0.0, "log10_eta": -4.0, "log10_lambda": 1.0, "log10_min_child_weight": 5.0, "log10_subsample": -1.0, "max_depth": 9.0, "num_boost_round": 15.0}, "datetime": {"datetime": "2024-01-19 01:48:23", "elapsed": 5857.654744, "delta": 0.004444}}
{"target": -17.67723284891548, "params": {"gamma": 46.79211687635079, "log10_alpha": 1.0, "log10_colsample_bytree": 0.0, "log10_eta": -4.0, "log10_lambda": 1.0, "log10_min_child_weight": 5.0, "log10_subsample": -1.0, "max_depth": 9.0, "num_boost_round": 16.0}, "datetime": {"datetime": "2024-01-19 01:48:23", "elapsed": 5857.659139, "delta": 0.004395}}
{"target": -17.677232857224816, "params": {"gamma": 46.79211687635079, "log10_alpha": 1.0, "log10_colsample_bytree": 0.0, "log10_eta": -4.0, "log10_lambda": 1.0, "log10_min_child_weight": 5.0, "log10_subsample": -1.0, "max_depth": 9.0, "num_boost_round": 17.0}, "datetime": {"datetime": "2024-01-19 01:48:23", "elapsed": 5857.663866, "delta": 0.004727}}
{"target": -17.67723284372686, "params": {"gamma": 46.79211687635079, "log10_alpha": 1.0, "log10_colsample_bytree": 0.0, "log10_eta": -4.0, "log10_lambda": 1.0, "log10_min_child_weight": 5.0, "log10_subsample": -1.0, "max_depth": 9.0, "num_boost_round": 18.0}, "datetime": {"datetime": "2024-01-19 01:48:23", "elapsed": 5857.66839, "delta": 0.004524}}
{"target": -17.67723288377111, "params": {"gamma": 46.79211687635079, "log10_alpha": 1.0, "log10_colsample_bytree": 0.0, "log10_eta": -4.0, "log10_lambda": 1.0, "log10_min_child_weight": 5.0, "log10_subsample": -1.0, "max_depth": 9.0, "num_boost_round": 19.0}, "datetime": {"datetime": "2024-01-19 01:48:23", "elapsed": 5857.673073, "delta": 0.004683}}
{"target": -17.677232909688094, "params": {"gamma": 46.79211687635079, "log10_alpha": 1.0, "log10_colsample_bytree": 0.0, "log10_eta": -4.0, "log10_lambda": 1.0, "log10_min_child_weight": 5.0, "log10_subsample": -1.0, "max_depth": 9.0, "num_boost_round": 20.0}, "datetime": {"datetime": "2024-01-19 01:48:23", "elapsed": 5857.677619, "delta": 0.004546}}
{"target": -17.677232880228033, "params": {"gamma": 46.79211687635079, "log10_alpha": 1.0, "log10_colsample_bytree": 0.0, "log10_eta": -4.0, "log10_lambda": 1.0, "log10_min_child_weight": 5.0, "log10_subsample": -1.0, "max_depth": 9.0, "num_boost_round": 21.0}, "datetime": {"datetime": "2024-01-19 01:48:23", "elapsed": 5857.682235, "delta": 0.004616}}
{"target": -17.677232868928527, "params": {"gamma": 46.79211687635079, "log10_alpha": 1.0, "log10_colsample_bytree": 0.0, "log10_eta": -4.0, "log10_lambda": 1.0, "log10_min_child_weight": 5.0, "log10_subsample": -1.0, "max_depth": 9.0, "num_boost_round": 22.0}, "datetime": {"datetime": "2024-01-19 01:48:23", "elapsed": 5857.686751, "delta": 0.004516}}
{"target": -17.67723287881261, "params": {"gamma": 46.79211687635079, "log10_alpha": 1.0, "log10_colsample_bytree": 0.0, "log10_eta": -4.0, "log10_lambda": 1.0, "log10_min_child_weight": 5.0, "log10_subsample": -1.0, "max_depth": 9.0, "num_boost_round": 23.0}, "datetime": {"datetime": "2024-01-19 01:48:24", "elapsed": 5857.691454, "delta": 0.004703}}
{"target": -17.677232847696708, "params": {"gamma": 46.79211687635079, "log10_alpha": 1.0, "log10_colsample_bytree": 0.0, "log10_eta": -4.0, "log10_lambda": 1.0, "log10_min_child_weight": 5.0, "log10_subsample": -1.0, "max_depth": 9.0, "num_boost_round": 24.0}, "datetime": {"datetime": "2024-01-19 01:48:24", "elapsed": 5857.695918, "delta": 0.004464}}
{"target": -17.67723281957747, "params": {"gamma": 46.79211687635079, "log10_alpha": 1.0, "log10_colsample_bytree": 0.0, "log10_eta": -4.0, "log10_lambda": 1.0, "log10_min_child_weight": 5.0, "log10_subsample": -1.0, "max_depth": 9.0, "num_boost_round": 25.0}, "datetime": {"datetime": "2024-01-19 01:48:24", "elapsed": 5857.700367, "delta": 0.004449}}
{"target": -17.67723278842203, "params": {"gamma": 46.79211687635079, "log10_alpha": 1.0, "log10_colsample_bytree": 0.0, "log10_eta": -4.0, "log10_lambda": 1.0, "log10_min_child_weight": 5.0, "log10_subsample": -1.0, "max_depth": 9.0, "num_boost_round": 26.0}, "datetime": {"datetime": "2024-01-19 01:48:24", "elapsed": 5857.704928, "delta": 0.004561}}
{"target": -17.67723278848615, "params": {"gamma": 46.79211687635079, "log10_alpha": 1.0, "log10_colsample_bytree": 0.0, "log10_eta": -4.0, "log10_lambda": 1.0, "log10_min_child_weight": 5.0, "log10_subsample": -1.0, "max_depth": 9.0, "num_boost_round": 27.0}, "datetime": {"datetime": "2024-01-19 01:48:24", "elapsed": 5857.709332, "delta": 0.004404}}
{"target": -17.677232821477812, "params": {"gamma": 46.79211687635079, "log10_alpha": 1.0, "log10_colsample_bytree": 0.0, "log10_eta": -4.0, "log10_lambda": 1.0, "log10_min_child_weight": 5.0, "log10_subsample": -1.0, "max_depth": 9.0, "num_boost_round": 28.0}, "datetime": {"datetime": "2024-01-19 01:48:24", "elapsed": 5857.713887, "delta": 0.004555}}
{"target": -17.677232820790273, "params": {"gamma": 46.79211687635079, "log10_alpha": 1.0, "log10_colsample_bytree": 0.0, "log10_eta": -4.0, "log10_lambda": 1.0, "log10_min_child_weight": 5.0, "log10_subsample": -1.0, "max_depth": 9.0, "num_boost_round": 29.0}, "datetime": {"datetime": "2024-01-19 01:48:24", "elapsed": 5857.843297, "delta": 0.12941}}
{"target": -17.67723279589681, "params": {"gamma": 46.79211687635079, "log10_alpha": 1.0, "log10_colsample_bytree": 0.0, "log10_eta": -4.0, "log10_lambda": 1.0, "log10_min_child_weight": 5.0, "log10_subsample": -1.0, "max_depth": 9.0, "num_boost_round": 30.0}, "datetime": {"datetime": "2024-01-19 01:48:24", "elapsed": 5857.848644, "delta": 0.005347}}
{"target": -17.677232841280137, "params": {"gamma": 46.79211687635079, "log10_alpha": 1.0, "log10_colsample_bytree": 0.0, "log10_eta": -4.0, "log10_lambda": 1.0, "log10_min_child_weight": 5.0, "log10_subsample": -1.0, "max_depth": 9.0, "num_boost_round": 31.0}, "datetime": {"datetime": "2024-01-19 01:48:24", "elapsed": 5857.853553, "delta": 0.004909}}
{"target": -17.677232822388923, "params": {"gamma": 46.79211687635079, "log10_alpha": 1.0, "log10_colsample_bytree": 0.0, "log10_eta": -4.0, "log10_lambda": 1.0, "log10_min_child_weight": 5.0, "log10_subsample": -1.0, "max_depth": 9.0, "num_boost_round": 32.0}, "datetime": {"datetime": "2024-01-19 01:48:24", "elapsed": 5857.858274, "delta": 0.004721}}
{"target": -17.677232844515657, "params": {"gamma": 46.79211687635079, "log10_alpha": 1.0, "log10_colsample_bytree": 0.0, "log10_eta": -4.0, "log10_lambda": 1.0, "log10_min_child_weight": 5.0, "log10_subsample": -1.0, "max_depth": 9.0, "num_boost_round": 33.0}, "datetime": {"datetime": "2024-01-19 01:48:24", "elapsed": 5857.862954, "delta": 0.00468}}
{"target": -17.677232840893776, "params": {"gamma": 46.79211687635079, "log10_alpha": 1.0, "log10_colsample_bytree": 0.0, "log10_eta": -4.0, "log10_lambda": 1.0, "log10_min_child_weight": 5.0, "log10_subsample": -1.0, "max_depth": 9.0, "num_boost_round": 34.0}, "datetime": {"datetime": "2024-01-19 01:48:24", "elapsed": 5857.867527, "delta": 0.004573}}
{"target": -17.67723284370204, "params": {"gamma": 46.79211687635079, "log10_alpha": 1.0, "log10_colsample_bytree": 0.0, "log10_eta": -4.0, "log10_lambda": 1.0, "log10_min_child_weight": 5.0, "log10_subsample": -1.0, "max_depth": 9.0, "num_boost_round": 35.0}, "datetime": {"datetime": "2024-01-19 01:48:24", "elapsed": 5857.872137, "delta": 0.00461}}
{"target": -17.677232785797507, "params": {"gamma": 46.79211687635079, "log10_alpha": 1.0, "log10_colsample_bytree": 0.0, "log10_eta": -4.0, "log10_lambda": 1.0, "log10_min_child_weight": 5.0, "log10_subsample": -1.0, "max_depth": 9.0, "num_boost_round": 36.0}, "datetime": {"datetime": "2024-01-19 01:48:24", "elapsed": 5857.876735, "delta": 0.004598}}
{"target": -17.67723279668122, "params": {"gamma": 46.79211687635079, "log10_alpha": 1.0, "log10_colsample_bytree": 0.0, "log10_eta": -4.0, "log10_lambda": 1.0, "log10_min_child_weight": 5.0, "log10_subsample": -1.0, "max_depth": 9.0, "num_boost_round": 37.0}, "datetime": {"datetime": "2024-01-19 01:48:24", "elapsed": 5857.881467, "delta": 0.004732}}
{"target": -17.677232765328284, "params": {"gamma": 46.79211687635079, "log10_alpha": 1.0, "log10_colsample_bytree": 0.0, "log10_eta": -4.0, "log10_lambda": 1.0, "log10_min_child_weight": 5.0, "log10_subsample": -1.0, "max_depth": 9.0, "num_boost_round": 38.0}, "datetime": {"datetime": "2024-01-19 01:48:24", "elapsed": 5857.886075, "delta": 0.004608}}
{"target": -17.677232765409382, "params": {"gamma": 46.79211687635079, "log10_alpha": 1.0, "log10_colsample_bytree": 0.0, "log10_eta": -4.0, "log10_lambda": 1.0, "log10_min_child_weight": 5.0, "log10_subsample": -1.0, "max_depth": 9.0, "num_boost_round": 39.0}, "datetime": {"datetime": "2024-01-19 01:48:24", "elapsed": 5857.890664, "delta": 0.004589}}
{"target": -17.677232764615095, "params": {"gamma": 46.79211687635079, "log10_alpha": 1.0, "log10_colsample_bytree": 0.0, "log10_eta": -4.0, "log10_lambda": 1.0, "log10_min_child_weight": 5.0, "log10_subsample": -1.0, "max_depth": 9.0, "num_boost_round": 40.0}, "datetime": {"datetime": "2024-01-19 01:48:24", "elapsed": 5857.895262, "delta": 0.004598}}
{"target": -17.677232761277768, "params": {"gamma": 46.79211687635079, "log10_alpha": 1.0, "log10_colsample_bytree": 0.0, "log10_eta": -4.0, "log10_lambda": 1.0, "log10_min_child_weight": 5.0, "log10_subsample": -1.0, "max_depth": 9.0, "num_boost_round": 41.0}, "datetime": {"datetime": "2024-01-19 01:48:24", "elapsed": 5857.900027, "delta": 0.004765}}
{"target": -17.67723276160008, "params": {"gamma": 46.79211687635079, "log10_alpha": 1.0, "log10_colsample_bytree": 0.0, "log10_eta": -4.0, "log10_lambda": 1.0, "log10_min_child_weight": 5.0, "log10_subsample": -1.0, "max_depth": 9.0, "num_boost_round": 42.0}, "datetime": {"datetime": "2024-01-19 01:48:24", "elapsed": 5857.904659, "delta": 0.004632}}
{"target": -17.677232801066342, "params": {"gamma": 46.79211687635079, "log10_alpha": 1.0, "log10_colsample_bytree": 0.0, "log10_eta": -4.0, "log10_lambda": 1.0, "log10_min_child_weight": 5.0, "log10_subsample": -1.0, "max_depth": 9.0, "num_boost_round": 43.0}, "datetime": {"datetime": "2024-01-19 01:48:24", "elapsed": 5857.90926, "delta": 0.004601}}
{"target": -17.677232795934273, "params": {"gamma": 46.79211687635079, "log10_alpha": 1.0, "log10_colsample_bytree": 0.0, "log10_eta": -4.0, "log10_lambda": 1.0, "log10_min_child_weight": 5.0, "log10_subsample": -1.0, "max_depth": 9.0, "num_boost_round": 44.0}, "datetime": {"datetime": "2024-01-19 01:48:24", "elapsed": 5857.91392, "delta": 0.00466}}
{"target": -17.677232000513193, "params": {"gamma": 23.95216958547381, "log10_alpha": 1.0, "log10_colsample_bytree": -1.0, "log10_eta": -4.0, "log10_lambda": -5.0, "log10_min_child_weight": 5.0, "log10_subsample": 0.0, "max_depth": 10.0, "num_boost_round": 0.0}, "datetime": {"datetime": "2024-01-19 01:49:29", "elapsed": 5923.090835, "delta": 65.176915}}
{"target": -17.677230945320666, "params": {"gamma": 23.95216958547381, "log10_alpha": 1.0, "log10_colsample_bytree": -1.0, "log10_eta": -4.0, "log10_lambda": -5.0, "log10_min_child_weight": 5.0, "log10_subsample": 0.0, "max_depth": 10.0, "num_boost_round": 1.0}, "datetime": {"datetime": "2024-01-19 01:49:29", "elapsed": 5923.095855, "delta": 0.00502}}
{"target": -17.67723009445102, "params": {"gamma": 23.95216958547381, "log10_alpha": 1.0, "log10_colsample_bytree": -1.0, "log10_eta": -4.0, "log10_lambda": -5.0, "log10_min_child_weight": 5.0, "log10_subsample": 0.0, "max_depth": 10.0, "num_boost_round": 2.0}, "datetime": {"datetime": "2024-01-19 01:49:29", "elapsed": 5923.100571, "delta": 0.004716}}
{"target": -17.677229812644516, "params": {"gamma": 23.95216958547381, "log10_alpha": 1.0, "log10_colsample_bytree": -1.0, "log10_eta": -4.0, "log10_lambda": -5.0, "log10_min_child_weight": 5.0, "log10_subsample": 0.0, "max_depth": 10.0, "num_boost_round": 3.0}, "datetime": {"datetime": "2024-01-19 01:49:29", "elapsed": 5923.105178, "delta": 0.004607}}
{"target": -17.677228759203214, "params": {"gamma": 23.95216958547381, "log10_alpha": 1.0, "log10_colsample_bytree": -1.0, "log10_eta": -4.0, "log10_lambda": -5.0, "log10_min_child_weight": 5.0, "log10_subsample": 0.0, "max_depth": 10.0, "num_boost_round": 4.0}, "datetime": {"datetime": "2024-01-19 01:49:29", "elapsed": 5923.110113, "delta": 0.004935}}
{"target": -17.67722813002169, "params": {"gamma": 23.95216958547381, "log10_alpha": 1.0, "log10_colsample_bytree": -1.0, "log10_eta": -4.0, "log10_lambda": -5.0, "log10_min_child_weight": 5.0, "log10_subsample": 0.0, "max_depth": 10.0, "num_boost_round": 5.0}, "datetime": {"datetime": "2024-01-19 01:49:29", "elapsed": 5923.11483, "delta": 0.004717}}
{"target": -17.677227530205037, "params": {"gamma": 23.95216958547381, "log10_alpha": 1.0, "log10_colsample_bytree": -1.0, "log10_eta": -4.0, "log10_lambda": -5.0, "log10_min_child_weight": 5.0, "log10_subsample": 0.0, "max_depth": 10.0, "num_boost_round": 6.0}, "datetime": {"datetime": "2024-01-19 01:49:29", "elapsed": 5923.119467, "delta": 0.004637}}
{"target": -17.677226719858638, "params": {"gamma": 23.95216958547381, "log10_alpha": 1.0, "log10_colsample_bytree": -1.0, "log10_eta": -4.0, "log10_lambda": -5.0, "log10_min_child_weight": 5.0, "log10_subsample": 0.0, "max_depth": 10.0, "num_boost_round": 7.0}, "datetime": {"datetime": "2024-01-19 01:49:29", "elapsed": 5923.124019, "delta": 0.004552}}
{"target": -17.67722636765361, "params": {"gamma": 23.95216958547381, "log10_alpha": 1.0, "log10_colsample_bytree": -1.0, "log10_eta": -4.0, "log10_lambda": -5.0, "log10_min_child_weight": 5.0, "log10_subsample": 0.0, "max_depth": 10.0, "num_boost_round": 8.0}, "datetime": {"datetime": "2024-01-19 01:49:29", "elapsed": 5923.128852, "delta": 0.004833}}
{"target": -17.677226246894737, "params": {"gamma": 23.95216958547381, "log10_alpha": 1.0, "log10_colsample_bytree": -1.0, "log10_eta": -4.0, "log10_lambda": -5.0, "log10_min_child_weight": 5.0, "log10_subsample": 0.0, "max_depth": 10.0, "num_boost_round": 9.0}, "datetime": {"datetime": "2024-01-19 01:49:29", "elapsed": 5923.133626, "delta": 0.004774}}
