{"target": -17.677226120124097, "params": {"gamma": 962.4989994345231, "log10_alpha": -2.0056381143547504, "log10_colsample_bytree": -0.48615825059292017, "log10_eta": -3.1315583239583296, "log10_lambda": -3.9082411049202626, "log10_min_child_weight": 4.035365063489637, "log10_subsample": -0.880177657528745, "max_depth": 7.0, "num_boost_round": 1.0}, "datetime": {"datetime": "2024-01-19 00:38:12", "elapsed": 1585.859161, "delta": 0.002581}}
{"target": -17.677227855125313, "params": {"gamma": 962.4989994345231, "log10_alpha": -2.0056381143547504, "log10_colsample_bytree": -0.48615825059292017, "log10_eta": -3.1315583239583296, "log10_lambda": -3.9082411049202626, "log10_min_child_weight": 4.035365063489637, "log10_subsample": -0.880177657528745, "max_depth": 7.0, "num_boost_round": 2.0}, "datetime": {"datetime": "2024-01-19 00:38:12", "elapsed": 1585.861277, "delta": 0.002116}}
{"target": -17.677212009449246, "params": {"gamma": 962.4989994345231, "log10_alpha": -2.0056381143547504, "log10_colsample_bytree": -0.48615825059292017, "log10_eta": -3.1315583239583296, "log10_lambda": -3.9082411049202626, "log10_min_child_weight": 4.035365063489637, "log10_subsample": -0.880177657528745, "max_depth": 7.0, "num_boost_round": 3.0}, "datetime": {"datetime": "2024-01-19 00:38:12", "elapsed": 1585.863414, "delta": 0.002137}}
{"target": -17.677203957864435, "params": {"gamma": 962.4989994345231, "log10_alpha": -2.0056381143547504, "log10_colsample_bytree": -0.48615825059292017, "log10_eta": -3.1315583239583296, "log10_lambda": -3.9082411049202626, "log10_min_child_weight": 4.035365063489637, "log10_subsample": -0.880177657528745, "max_depth": 7.0, "num_boost_round": 4.0}, "datetime": {"datetime": "2024-01-19 00:38:12", "elapsed": 1585.86554, "delta": 0.002126}}
{"target": -17.677205553365496, "params": {"gamma": 962.4989994345231, "log10_alpha": -2.0056381143547504, "log10_colsample_bytree": -0.48615825059292017, "log10_eta": -3.1315583239583296, "log10_lambda": -3.9082411049202626, "log10_min_child_weight": 4.035365063489637, "log10_subsample": -0.880177657528745, "max_depth": 7.0, "num_boost_round": 5.0}, "datetime": {"datetime": "2024-01-19 00:38:12", "elapsed": 1585.867486, "delta": 0.001946}}
{"target": -17.67719754861817, "params": {"gamma": 962.4989994345231, "log10_alpha": -2.0056381143547504, "log10_colsample_bytree": -0.48615825059292017, "log10_eta": -3.1315583239583296, "log10_lambda": -3.9082411049202626, "log10_min_child_weight": 4.035365063489637, "log10_subsample": -0.880177657528745, "max_depth": 7.0, "num_boost_round": 6.0}, "datetime": {"datetime": "2024-01-19 00:38:12", "elapsed": 1585.869443, "delta": 0.001957}}
{"target": -17.6771983910566, "params": {"gamma": 962.4989994345231, "log10_alpha": -2.0056381143547504, "log10_colsample_bytree": -0.48615825059292017, "log10_eta": -3.1315583239583296, "log10_lambda": -3.9082411049202626, "log10_min_child_weight": 4.035365063489637, "log10_subsample": -0.880177657528745, "max_depth": 7.0, "num_boost_round": 7.0}, "datetime": {"datetime": "2024-01-19 00:38:12", "elapsed": 1585.871503, "delta": 0.00206}}
{"target": -17.677187114056615, "params": {"gamma": 962.4989994345231, "log10_alpha": -2.0056381143547504, "log10_colsample_bytree": -0.48615825059292017, "log10_eta": -3.1315583239583296, "log10_lambda": -3.9082411049202626, "log10_min_child_weight": 4.035365063489637, "log10_subsample": -0.880177657528745, "max_depth": 7.0, "num_boost_round": 8.0}, "datetime": {"datetime": "2024-01-19 00:38:12", "elapsed": 1585.873429, "delta": 0.001926}}
{"target": -17.677179986505557, "params": {"gamma": 962.4989994345231, "log10_alpha": -2.0056381143547504, "log10_colsample_bytree": -0.48615825059292017, "log10_eta": -3.1315583239583296, "log10_lambda": -3.9082411049202626, "log10_min_child_weight": 4.035365063489637, "log10_subsample": -0.880177657528745, "max_depth": 7.0, "num_boost_round": 9.0}, "datetime": {"datetime": "2024-01-19 00:38:12", "elapsed": 1585.875332, "delta": 0.001903}}
{"target": -17.677173981684433, "params": {"gamma": 962.4989994345231, "log10_alpha": -2.0056381143547504, "log10_colsample_bytree": -0.48615825059292017, "log10_eta": -3.1315583239583296, "log10_lambda": -3.9082411049202626, "log10_min_child_weight": 4.035365063489637, "log10_subsample": -0.880177657528745, "max_depth": 7.0, "num_boost_round": 10.0}, "datetime": {"datetime": "2024-01-19 00:38:12", "elapsed": 1585.877237, "delta": 0.001905}}
{"target": -17.677112787332142, "params": {"gamma": 973.5754543546905, "log10_alpha": -2.505399833537007, "log10_colsample_bytree": -0.35124213754336286, "log10_eta": -2.616258469352063, "log10_lambda": -3.060602981623887, "log10_min_child_weight": 2.9149601099980806, "log10_subsample": -0.36093986345874884, "max_depth": 8.0, "num_boost_round": 0.0}, "datetime": {"datetime": "2024-01-19 00:38:47", "elapsed": 1621.798882, "delta": 35.921645}}
{"target": -17.67696951197069, "params": {"gamma": 973.5754543546905, "log10_alpha": -2.505399833537007, "log10_colsample_bytree": -0.35124213754336286, "log10_eta": -2.616258469352063, "log10_lambda": -3.060602981623887, "log10_min_child_weight": 2.9149601099980806, "log10_subsample": -0.36093986345874884, "max_depth": 8.0, "num_boost_round": 1.0}, "datetime": {"datetime": "2024-01-19 00:38:47", "elapsed": 1621.801015, "delta": 0.002133}}
{"target": -17.67676579986509, "params": {"gamma": 973.5754543546905, "log10_alpha": -2.505399833537007, "log10_colsample_bytree": -0.35124213754336286, "log10_eta": -2.616258469352063, "log10_lambda": -3.060602981623887, "log10_min_child_weight": 2.9149601099980806, "log10_subsample": -0.36093986345874884, "max_depth": 8.0, "num_boost_round": 2.0}, "datetime": {"datetime": "2024-01-19 00:38:48", "elapsed": 1621.802994, "delta": 0.001979}}
{"target": -17.676765992280693, "params": {"gamma": 973.5754543546905, "log10_alpha": -2.505399833537007, "log10_colsample_bytree": -0.35124213754336286, "log10_eta": -2.616258469352063, "log10_lambda": -3.060602981623887, "log10_min_child_weight": 2.9149601099980806, "log10_subsample": -0.36093986345874884, "max_depth": 8.0, "num_boost_round": 3.0}, "datetime": {"datetime": "2024-01-19 00:38:48", "elapsed": 1621.804938, "delta": 0.001944}}
{"target": -17.67663616411355, "params": {"gamma": 973.5754543546905, "log10_alpha": -2.505399833537007, "log10_colsample_bytree": -0.35124213754336286, "log10_eta": -2.616258469352063, "log10_lambda": -3.060602981623887, "log10_min_child_weight": 2.9149601099980806, "log10_subsample": -0.36093986345874884, "max_depth": 8.0, "num_boost_round": 4.0}, "datetime": {"datetime": "2024-01-19 00:38:48", "elapsed": 1621.806853, "delta": 0.001915}}
{"target": -17.676593783588277, "params": {"gamma": 973.5754543546905, "log10_alpha": -2.505399833537007, "log10_colsample_bytree": -0.35124213754336286, "log10_eta": -2.616258469352063, "log10_lambda": -3.060602981623887, "log10_min_child_weight": 2.9149601099980806, "log10_subsample": -0.36093986345874884, "max_depth": 8.0, "num_boost_round": 5.0}, "datetime": {"datetime": "2024-01-19 00:38:48", "elapsed": 1621.808773, "delta": 0.00192}}
{"target": -17.67657561679234, "params": {"gamma": 973.5754543546905, "log10_alpha": -2.505399833537007, "log10_colsample_bytree": -0.35124213754336286, "log10_eta": -2.616258469352063, "log10_lambda": -3.060602981623887, "log10_min_child_weight": 2.9149601099980806, "log10_subsample": -0.36093986345874884, "max_depth": 8.0, "num_boost_round": 6.0}, "datetime": {"datetime": "2024-01-19 00:38:48", "elapsed": 1621.811585, "delta": 0.002812}}
{"target": -17.676449450368928, "params": {"gamma": 973.5754543546905, "log10_alpha": -2.505399833537007, "log10_colsample_bytree": -0.35124213754336286, "log10_eta": -2.616258469352063, "log10_lambda": -3.060602981623887, "log10_min_child_weight": 2.9149601099980806, "log10_subsample": -0.36093986345874884, "max_depth": 8.0, "num_boost_round": 7.0}, "datetime": {"datetime": "2024-01-19 00:38:48", "elapsed": 1621.813697, "delta": 0.002112}}
{"target": -17.676241001655168, "params": {"gamma": 973.5754543546905, "log10_alpha": -2.505399833537007, "log10_colsample_bytree": -0.35124213754336286, "log10_eta": -2.616258469352063, "log10_lambda": -3.060602981623887, "log10_min_child_weight": 2.9149601099980806, "log10_subsample": -0.36093986345874884, "max_depth": 8.0, "num_boost_round": 8.0}, "datetime": {"datetime": "2024-01-19 00:38:48", "elapsed": 1621.815877, "delta": 0.00218}}
{"target": -17.676083177418416, "params": {"gamma": 973.5754543546905, "log10_alpha": -2.505399833537007, "log10_colsample_bytree": -0.35124213754336286, "log10_eta": -2.616258469352063, "log10_lambda": -3.060602981623887, "log10_min_child_weight": 2.9149601099980806, "log10_subsample": -0.36093986345874884, "max_depth": 8.0, "num_boost_round": 9.0}, "datetime": {"datetime": "2024-01-19 00:38:48", "elapsed": 1621.8178, "delta": 0.001923}}
{"target": -17.67584834463609, "params": {"gamma": 973.5754543546905, "log10_alpha": -2.505399833537007, "log10_colsample_bytree": -0.35124213754336286, "log10_eta": -2.616258469352063, "log10_lambda": -3.060602981623887, "log10_min_child_weight": 2.9149601099980806, "log10_subsample": -0.36093986345874884, "max_depth": 8.0, "num_boost_round": 10.0}, "datetime": {"datetime": "2024-01-19 00:38:48", "elapsed": 1621.819749, "delta": 0.001949}}
{"target": -17.675702780041156, "params": {"gamma": 973.5754543546905, "log10_alpha": -2.505399833537007, "log10_colsample_bytree": -0.35124213754336286, "log10_eta": -2.616258469352063, "log10_lambda": -3.060602981623887, "log10_min_child_weight": 2.9149601099980806, "log10_subsample": -0.36093986345874884, "max_depth": 8.0, "num_boost_round": 11.0}, "datetime": {"datetime": "2024-01-19 00:38:48", "elapsed": 1621.821688, "delta": 0.001939}}
{"target": -17.67568785665587, "params": {"gamma": 973.5754543546905, "log10_alpha": -2.505399833537007, "log10_colsample_bytree": -0.35124213754336286, "log10_eta": -2.616258469352063, "log10_lambda": -3.060602981623887, "log10_min_child_weight": 2.9149601099980806, "log10_subsample": -0.36093986345874884, "max_depth": 8.0, "num_boost_round": 12.0}, "datetime": {"datetime": "2024-01-19 00:38:48", "elapsed": 1621.82406, "delta": 0.002372}}
{"target": -17.675558174028485, "params": {"gamma": 973.5754543546905, "log10_alpha": -2.505399833537007, "log10_colsample_bytree": -0.35124213754336286, "log10_eta": -2.616258469352063, "log10_lambda": -3.060602981623887, "log10_min_child_weight": 2.9149601099980806, "log10_subsample": -0.36093986345874884, "max_depth": 8.0, "num_boost_round": 13.0}, "datetime": {"datetime": "2024-01-19 00:38:48", "elapsed": 1621.826149, "delta": 0.002089}}
{"target": -17.675529170157574, "params": {"gamma": 973.5754543546905, "log10_alpha": -2.505399833537007, "log10_colsample_bytree": -0.35124213754336286, "log10_eta": -2.616258469352063, "log10_lambda": -3.060602981623887, "log10_min_child_weight": 2.9149601099980806, "log10_subsample": -0.36093986345874884, "max_depth": 8.0, "num_boost_round": 14.0}, "datetime": {"datetime": "2024-01-19 00:38:48", "elapsed": 1621.828089, "delta": 0.00194}}
{"target": -17.675371602979393, "params": {"gamma": 973.5754543546905, "log10_alpha": -2.505399833537007, "log10_colsample_bytree": -0.35124213754336286, "log10_eta": -2.616258469352063, "log10_lambda": -3.060602981623887, "log10_min_child_weight": 2.9149601099980806, "log10_subsample": -0.36093986345874884, "max_depth": 8.0, "num_boost_round": 15.0}, "datetime": {"datetime": "2024-01-19 00:38:48", "elapsed": 1621.830039, "delta": 0.00195}}
{"target": -17.675292561128746, "params": {"gamma": 973.5754543546905, "log10_alpha": -2.505399833537007, "log10_colsample_bytree": -0.35124213754336286, "log10_eta": -2.616258469352063, "log10_lambda": -3.060602981623887, "log10_min_child_weight": 2.9149601099980806, "log10_subsample": -0.36093986345874884, "max_depth": 8.0, "num_boost_round": 16.0}, "datetime": {"datetime": "2024-01-19 00:38:48", "elapsed": 1621.832146, "delta": 0.002107}}
{"target": -17.675143991574615, "params": {"gamma": 973.5754543546905, "log10_alpha": -2.505399833537007, "log10_colsample_bytree": -0.35124213754336286, "log10_eta": -2.616258469352063, "log10_lambda": -3.060602981623887, "log10_min_child_weight": 2.9149601099980806, "log10_subsample": -0.36093986345874884, "max_depth": 8.0, "num_boost_round": 17.0}, "datetime": {"datetime": "2024-01-19 00:38:48", "elapsed": 1621.834292, "delta": 0.002146}}
{"target": -17.675058255063316, "params": {"gamma": 973.5754543546905, "log10_alpha": -2.505399833537007, "log10_colsample_bytree": -0.35124213754336286, "log10_eta": -2.616258469352063, "log10_lambda": -3.060602981623887, "log10_min_child_weight": 2.9149601099980806, "log10_subsample": -0.36093986345874884, "max_depth": 8.0, "num_boost_round": 18.0}, "datetime": {"datetime": "2024-01-19 00:38:48", "elapsed": 1621.836322, "delta": 0.00203}}
{"target": -17.674941852534104, "params": {"gamma": 973.5754543546905, "log10_alpha": -2.505399833537007, "log10_colsample_bytree": -0.35124213754336286, "log10_eta": -2.616258469352063, "log10_lambda": -3.060602981623887, "log10_min_child_weight": 2.9149601099980806, "log10_subsample": -0.36093986345874884, "max_depth": 8.0, "num_boost_round": 19.0}, "datetime": {"datetime": "2024-01-19 00:38:48", "elapsed": 1621.838323, "delta": 0.002001}}
{"target": -17.674844555106432, "params": {"gamma": 973.5754543546905, "log10_alpha": -2.505399833537007, "log10_colsample_bytree": -0.35124213754336286, "log10_eta": -2.616258469352063, "log10_lambda": -3.060602981623887, "log10_min_child_weight": 2.9149601099980806, "log10_subsample": -0.36093986345874884, "max_depth": 8.0, "num_boost_round": 20.0}, "datetime": {"datetime": "2024-01-19 00:38:48", "elapsed": 1621.840265, "delta": 0.001942}}
{"target": -17.674793505963102, "params": {"gamma": 973.5754543546905, "log10_alpha": -2.505399833537007, "log10_colsample_bytree": -0.35124213754336286, "log10_eta": -2.616258469352063, "log10_lambda": -3.060602981623887, "log10_min_child_weight": 2.9149601099980806, "log10_subsample": -0.36093986345874884, "max_depth": 8.0, "num_boost_round": 21.0}, "datetime": {"datetime": "2024-01-19 00:38:48", "elapsed": 1621.842178, "delta": 0.001913}}
{"target": -17.674608945002795, "params": {"gamma": 973.5754543546905, "log10_alpha": -2.505399833537007, "log10_colsample_bytree": -0.35124213754336286, "log10_eta": -2.616258469352063, "log10_lambda": -3.060602981623887, "log10_min_child_weight": 2.9149601099980806, "log10_subsample": -0.36093986345874884, "max_depth": 8.0, "num_boost_round": 22.0}, "datetime": {"datetime": "2024-01-19 00:38:48", "elapsed": 1621.844138, "delta": 0.00196}}
{"target": -17.674512128626834, "params": {"gamma": 973.5754543546905, "log10_alpha": -2.505399833537007, "log10_colsample_bytree": -0.35124213754336286, "log10_eta": -2.616258469352063, "log10_lambda": -3.060602981623887, "log10_min_child_weight": 2.9149601099980806, "log10_subsample": -0.36093986345874884, "max_depth": 8.0, "num_boost_round": 23.0}, "datetime": {"datetime": "2024-01-19 00:38:48", "elapsed": 1621.846174, "delta": 0.002036}}
{"target": -17.674439895043648, "params": {"gamma": 973.5754543546905, "log10_alpha": -2.505399833537007, "log10_colsample_bytree": -0.35124213754336286, "log10_eta": -2.616258469352063, "log10_lambda": -3.060602981623887, "log10_min_child_weight": 2.9149601099980806, "log10_subsample": -0.36093986345874884, "max_depth": 8.0, "num_boost_round": 24.0}, "datetime": {"datetime": "2024-01-19 00:38:48", "elapsed": 1621.848147, "delta": 0.001973}}
{"target": -17.674315139487085, "params": {"gamma": 973.5754543546905, "log10_alpha": -2.505399833537007, "log10_colsample_bytree": -0.35124213754336286, "log10_eta": -2.616258469352063, "log10_lambda": -3.060602981623887, "log10_min_child_weight": 2.9149601099980806, "log10_subsample": -0.36093986345874884, "max_depth": 8.0, "num_boost_round": 25.0}, "datetime": {"datetime": "2024-01-19 00:38:48", "elapsed": 1621.850126, "delta": 0.001979}}
{"target": -17.67436375914982, "params": {"gamma": 973.5754543546905, "log10_alpha": -2.505399833537007, "log10_colsample_bytree": -0.35124213754336286, "log10_eta": -2.616258469352063, "log10_lambda": -3.060602981623887, "log10_min_child_weight": 2.9149601099980806, "log10_subsample": -0.36093986345874884, "max_depth": 8.0, "num_boost_round": 26.0}, "datetime": {"datetime": "2024-01-19 00:38:48", "elapsed": 1621.852093, "delta": 0.001967}}
{"target": -17.674343139400058, "params": {"gamma": 973.5754543546905, "log10_alpha": -2.505399833537007, "log10_colsample_bytree": -0.35124213754336286, "log10_eta": -2.616258469352063, "log10_lambda": -3.060602981623887, "log10_min_child_weight": 2.9149601099980806, "log10_subsample": -0.36093986345874884, "max_depth": 8.0, "num_boost_round": 27.0}, "datetime": {"datetime": "2024-01-19 00:38:48", "elapsed": 1621.854073, "delta": 0.00198}}
{"target": -17.674287781032497, "params": {"gamma": 973.5754543546905, "log10_alpha": -2.505399833537007, "log10_colsample_bytree": -0.35124213754336286, "log10_eta": -2.616258469352063, "log10_lambda": -3.060602981623887, "log10_min_child_weight": 2.9149601099980806, "log10_subsample": -0.36093986345874884, "max_depth": 8.0, "num_boost_round": 28.0}, "datetime": {"datetime": "2024-01-19 00:38:48", "elapsed": 1621.856062, "delta": 0.001989}}
{"target": -17.67433195925693, "params": {"gamma": 973.5754543546905, "log10_alpha": -2.505399833537007, "log10_colsample_bytree": -0.35124213754336286, "log10_eta": -2.616258469352063, "log10_lambda": -3.060602981623887, "log10_min_child_weight": 2.9149601099980806, "log10_subsample": -0.36093986345874884, "max_depth": 8.0, "num_boost_round": 29.0}, "datetime": {"datetime": "2024-01-19 00:38:48", "elapsed": 1621.858033, "delta": 0.001971}}
{"target": -17.674384269584756, "params": {"gamma": 973.5754543546905, "log10_alpha": -2.505399833537007, "log10_colsample_bytree": -0.35124213754336286, "log10_eta": -2.616258469352063, "log10_lambda": -3.060602981623887, "log10_min_child_weight": 2.9149601099980806, "log10_subsample": -0.36093986345874884, "max_depth": 8.0, "num_boost_round": 30.0}, "datetime": {"datetime": "2024-01-19 00:38:48", "elapsed": 1621.860022, "delta": 0.001989}}
{"target": -17.674350529631766, "params": {"gamma": 973.5754543546905, "log10_alpha": -2.505399833537007, "log10_colsample_bytree": -0.35124213754336286, "log10_eta": -2.616258469352063, "log10_lambda": -3.060602981623887, "log10_min_child_weight": 2.9149601099980806, "log10_subsample": -0.36093986345874884, "max_depth": 8.0, "num_boost_round": 31.0}, "datetime": {"datetime": "2024-01-19 00:38:48", "elapsed": 1621.862038, "delta": 0.002016}}
{"target": -17.674466615747072, "params": {"gamma": 973.5754543546905, "log10_alpha": -2.505399833537007, "log10_colsample_bytree": -0.35124213754336286, "log10_eta": -2.616258469352063, "log10_lambda": -3.060602981623887, "log10_min_child_weight": 2.9149601099980806, "log10_subsample": -0.36093986345874884, "max_depth": 8.0, "num_boost_round": 32.0}, "datetime": {"datetime": "2024-01-19 00:38:48", "elapsed": 1621.864035, "delta": 0.001997}}
{"target": -17.674532933568667, "params": {"gamma": 973.5754543546905, "log10_alpha": -2.505399833537007, "log10_colsample_bytree": -0.35124213754336286, "log10_eta": -2.616258469352063, "log10_lambda": -3.060602981623887, "log10_min_child_weight": 2.9149601099980806, "log10_subsample": -0.36093986345874884, "max_depth": 8.0, "num_boost_round": 33.0}, "datetime": {"datetime": "2024-01-19 00:38:48", "elapsed": 1621.866027, "delta": 0.001992}}
{"target": -17.674433279313533, "params": {"gamma": 973.5754543546905, "log10_alpha": -2.505399833537007, "log10_colsample_bytree": -0.35124213754336286, "log10_eta": -2.616258469352063, "log10_lambda": -3.060602981623887, "log10_min_child_weight": 2.9149601099980806, "log10_subsample": -0.36093986345874884, "max_depth": 8.0, "num_boost_round": 34.0}, "datetime": {"datetime": "2024-01-19 00:38:48", "elapsed": 1621.868024, "delta": 0.001997}}
{"target": -17.67437908971795, "params": {"gamma": 973.5754543546905, "log10_alpha": -2.505399833537007, "log10_colsample_bytree": -0.35124213754336286, "log10_eta": -2.616258469352063, "log10_lambda": -3.060602981623887, "log10_min_child_weight": 2.9149601099980806, "log10_subsample": -0.36093986345874884, "max_depth": 8.0, "num_boost_round": 35.0}, "datetime": {"datetime": "2024-01-19 00:38:48", "elapsed": 1621.870002, "delta": 0.001978}}
{"target": -17.67436738744437, "params": {"gamma": 973.5754543546905, "log10_alpha": -2.505399833537007, "log10_colsample_bytree": -0.35124213754336286, "log10_eta": -2.616258469352063, "log10_lambda": -3.060602981623887, "log10_min_child_weight": 2.9149601099980806, "log10_subsample": -0.36093986345874884, "max_depth": 8.0, "num_boost_round": 36.0}, "datetime": {"datetime": "2024-01-19 00:38:48", "elapsed": 1621.87196, "delta": 0.001958}}
{"target": -17.674275381784792, "params": {"gamma": 973.5754543546905, "log10_alpha": -2.505399833537007, "log10_colsample_bytree": -0.35124213754336286, "log10_eta": -2.616258469352063, "log10_lambda": -3.060602981623887, "log10_min_child_weight": 2.9149601099980806, "log10_subsample": -0.36093986345874884, "max_depth": 8.0, "num_boost_round": 37.0}, "datetime": {"datetime": "2024-01-19 00:38:48", "elapsed": 1621.873947, "delta": 0.001987}}
{"target": -17.67442552700466, "params": {"gamma": 973.5754543546905, "log10_alpha": -2.505399833537007, "log10_colsample_bytree": -0.35124213754336286, "log10_eta": -2.616258469352063, "log10_lambda": -3.060602981623887, "log10_min_child_weight": 2.9149601099980806, "log10_subsample": -0.36093986345874884, "max_depth": 8.0, "num_boost_round": 38.0}, "datetime": {"datetime": "2024-01-19 00:38:48", "elapsed": 1621.875961, "delta": 0.002014}}
