{"target": -17.67721380821811, "params": {"gamma": 434.8954165967389, "log10_alpha": -2.496512332961194, "log10_colsample_bytree": -0.2882862260224951, "log10_eta": -3.9657705974095863, "log10_lambda": 0.729256809780197, "log10_min_child_weight": 3.7956513650815644, "log10_subsample": -0.2991485623250061, "max_depth": 8.0, "num_boost_round": 4.0}, "datetime": {"datetime": "2024-01-19 00:30:02", "elapsed": 1092.39725, "delta": 0.002156}}
{"target": -17.677211052959816, "params": {"gamma": 434.8954165967389, "log10_alpha": -2.496512332961194, "log10_colsample_bytree": -0.2882862260224951, "log10_eta": -3.9657705974095863, "log10_lambda": 0.729256809780197, "log10_min_child_weight": 3.7956513650815644, "log10_subsample": -0.2991485623250061, "max_depth": 8.0, "num_boost_round": 5.0}, "datetime": {"datetime": "2024-01-19 00:30:02", "elapsed": 1092.399409, "delta": 0.002159}}
{"target": -17.677207542548828, "params": {"gamma": 434.8954165967389, "log10_alpha": -2.496512332961194, "log10_colsample_bytree": -0.2882862260224951, "log10_eta": -3.9657705974095863, "log10_lambda": 0.729256809780197, "log10_min_child_weight": 3.7956513650815644, "log10_subsample": -0.2991485623250061, "max_depth": 8.0, "num_boost_round": 6.0}, "datetime": {"datetime": "2024-01-19 00:30:02", "elapsed": 1092.401515, "delta": 0.002106}}
{"target": -17.67720333080895, "params": {"gamma": 434.8954165967389, "log10_alpha": -2.496512332961194, "log10_colsample_bytree": -0.2882862260224951, "log10_eta": -3.9657705974095863, "log10_lambda": 0.729256809780197, "log10_min_child_weight": 3.7956513650815644, "log10_subsample": -0.2991485623250061, "max_depth": 8.0, "num_boost_round": 7.0}, "datetime": {"datetime": "2024-01-19 00:30:02", "elapsed": 1092.403753, "delta": 0.002238}}
{"target": -17.677200979328287, "params": {"gamma": 434.8954165967389, "log10_alpha": -2.496512332961194, "log10_colsample_bytree": -0.2882862260224951, "log10_eta": -3.9657705974095863, "log10_lambda": 0.729256809780197, "log10_min_child_weight": 3.7956513650815644, "log10_subsample": -0.2991485623250061, "max_depth": 8.0, "num_boost_round": 8.0}, "datetime": {"datetime": "2024-01-19 00:30:02", "elapsed": 1092.405878, "delta": 0.002125}}
{"target": -17.677201084674238, "params": {"gamma": 434.8954165967389, "log10_alpha": -2.496512332961194, "log10_colsample_bytree": -0.2882862260224951, "log10_eta": -3.9657705974095863, "log10_lambda": 0.729256809780197, "log10_min_child_weight": 3.7956513650815644, "log10_subsample": -0.2991485623250061, "max_depth": 8.0, "num_boost_round": 9.0}, "datetime": {"datetime": "2024-01-19 00:30:02", "elapsed": 1092.407963, "delta": 0.002085}}
{"target": -17.677197653092318, "params": {"gamma": 434.8954165967389, "log10_alpha": -2.496512332961194, "log10_colsample_bytree": -0.2882862260224951, "log10_eta": -3.9657705974095863, "log10_lambda": 0.729256809780197, "log10_min_child_weight": 3.7956513650815644, "log10_subsample": -0.2991485623250061, "max_depth": 8.0, "num_boost_round": 10.0}, "datetime": {"datetime": "2024-01-19 00:30:02", "elapsed": 1092.410051, "delta": 0.002088}}
{"target": -17.67719037408655, "params": {"gamma": 423.39111307099165, "log10_alpha": 0.25343362893222743, "log10_colsample_bytree": -0.9897609070353219, "log10_eta": -2.3654548563918194, "log10_lambda": -3.8852287358450144, "log10_min_child_weight": 3.3956464884857103, "log10_subsample": -0.7098686868131204, "max_depth": 3.0, "num_boost_round": 0.0}, "datetime": {"datetime": "2024-01-19 00:30:29", "elapsed": 1118.853166, "delta": 26.443115}}
{"target": -17.677168106002945, "params": {"gamma": 423.39111307099165, "log10_alpha": 0.25343362893222743, "log10_colsample_bytree": -0.9897609070353219, "log10_eta": -2.3654548563918194, "log10_lambda": -3.8852287358450144, "log10_min_child_weight": 3.3956464884857103, "log10_subsample": -0.7098686868131204, "max_depth": 3.0, "num_boost_round": 1.0}, "datetime": {"datetime": "2024-01-19 00:30:29", "elapsed": 1118.855814, "delta": 0.002648}}
{"target": -17.67713296989485, "params": {"gamma": 423.39111307099165, "log10_alpha": 0.25343362893222743, "log10_colsample_bytree": -0.9897609070353219, "log10_eta": -2.3654548563918194, "log10_lambda": -3.8852287358450144, "log10_min_child_weight": 3.3956464884857103, "log10_subsample": -0.7098686868131204, "max_depth": 3.0, "num_boost_round": 2.0}, "datetime": {"datetime": "2024-01-19 00:30:29", "elapsed": 1118.858091, "delta": 0.002277}}
{"target": -17.67712982317322, "params": {"gamma": 423.39111307099165, "log10_alpha": 0.25343362893222743, "log10_colsample_bytree": -0.9897609070353219, "log10_eta": -2.3654548563918194, "log10_lambda": -3.8852287358450144, "log10_min_child_weight": 3.3956464884857103, "log10_subsample": -0.7098686868131204, "max_depth": 3.0, "num_boost_round": 3.0}, "datetime": {"datetime": "2024-01-19 00:30:29", "elapsed": 1118.860236, "delta": 0.002145}}
{"target": -17.677082400678092, "params": {"gamma": 423.39111307099165, "log10_alpha": 0.25343362893222743, "log10_colsample_bytree": -0.9897609070353219, "log10_eta": -2.3654548563918194, "log10_lambda": -3.8852287358450144, "log10_min_child_weight": 3.3956464884857103, "log10_subsample": -0.7098686868131204, "max_depth": 3.0, "num_boost_round": 4.0}, "datetime": {"datetime": "2024-01-19 00:30:29", "elapsed": 1118.862581, "delta": 0.002345}}
{"target": -17.677085030961415, "params": {"gamma": 423.39111307099165, "log10_alpha": 0.25343362893222743, "log10_colsample_bytree": -0.9897609070353219, "log10_eta": -2.3654548563918194, "log10_lambda": -3.8852287358450144, "log10_min_child_weight": 3.3956464884857103, "log10_subsample": -0.7098686868131204, "max_depth": 3.0, "num_boost_round": 5.0}, "datetime": {"datetime": "2024-01-19 00:30:29", "elapsed": 1118.8647, "delta": 0.002119}}
{"target": -17.677078640726418, "params": {"gamma": 423.39111307099165, "log10_alpha": 0.25343362893222743, "log10_colsample_bytree": -0.9897609070353219, "log10_eta": -2.3654548563918194, "log10_lambda": -3.8852287358450144, "log10_min_child_weight": 3.3956464884857103, "log10_subsample": -0.7098686868131204, "max_depth": 3.0, "num_boost_round": 6.0}, "datetime": {"datetime": "2024-01-19 00:30:29", "elapsed": 1118.866811, "delta": 0.002111}}
{"target": -17.677031923667084, "params": {"gamma": 423.39111307099165, "log10_alpha": 0.25343362893222743, "log10_colsample_bytree": -0.9897609070353219, "log10_eta": -2.3654548563918194, "log10_lambda": -3.8852287358450144, "log10_min_child_weight": 3.3956464884857103, "log10_subsample": -0.7098686868131204, "max_depth": 3.0, "num_boost_round": 7.0}, "datetime": {"datetime": "2024-01-19 00:30:29", "elapsed": 1118.868912, "delta": 0.002101}}
{"target": -17.67693128957952, "params": {"gamma": 423.39111307099165, "log10_alpha": 0.25343362893222743, "log10_colsample_bytree": -0.9897609070353219, "log10_eta": -2.3654548563918194, "log10_lambda": -3.8852287358450144, "log10_min_child_weight": 3.3956464884857103, "log10_subsample": -0.7098686868131204, "max_depth": 3.0, "num_boost_round": 8.0}, "datetime": {"datetime": "2024-01-19 00:30:29", "elapsed": 1118.870997, "delta": 0.002085}}
{"target": -17.676847687015037, "params": {"gamma": 423.39111307099165, "log10_alpha": 0.25343362893222743, "log10_colsample_bytree": -0.9897609070353219, "log10_eta": -2.3654548563918194, "log10_lambda": -3.8852287358450144, "log10_min_child_weight": 3.3956464884857103, "log10_subsample": -0.7098686868131204, "max_depth": 3.0, "num_boost_round": 9.0}, "datetime": {"datetime": "2024-01-19 00:30:29", "elapsed": 1118.873138, "delta": 0.002141}}
{"target": -17.67679939741983, "params": {"gamma": 423.39111307099165, "log10_alpha": 0.25343362893222743, "log10_colsample_bytree": -0.9897609070353219, "log10_eta": -2.3654548563918194, "log10_lambda": -3.8852287358450144, "log10_min_child_weight": 3.3956464884857103, "log10_subsample": -0.7098686868131204, "max_depth": 3.0, "num_boost_round": 10.0}, "datetime": {"datetime": "2024-01-19 00:30:29", "elapsed": 1118.875214, "delta": 0.002076}}
{"target": -17.67668638667001, "params": {"gamma": 423.39111307099165, "log10_alpha": 0.25343362893222743, "log10_colsample_bytree": -0.9897609070353219, "log10_eta": -2.3654548563918194, "log10_lambda": -3.8852287358450144, "log10_min_child_weight": 3.3956464884857103, "log10_subsample": -0.7098686868131204, "max_depth": 3.0, "num_boost_round": 11.0}, "datetime": {"datetime": "2024-01-19 00:30:29", "elapsed": 1118.877307, "delta": 0.002093}}
{"target": -17.673226697765713, "params": {"gamma": 415.29029040278584, "log10_alpha": -0.47985362110291074, "log10_colsample_bytree": -0.672826001108769, "log10_eta": -0.8949614279560412, "log10_lambda": -4.299156612584893, "log10_min_child_weight": 0.6991389495158645, "log10_subsample": -0.6463570817701172, "max_depth": 2.0, "num_boost_round": 0.0}, "datetime": {"datetime": "2024-01-19 00:30:51", "elapsed": 1141.799694, "delta": 22.922387}}
{"target": -17.670893302983607, "params": {"gamma": 415.29029040278584, "log10_alpha": -0.47985362110291074, "log10_colsample_bytree": -0.672826001108769, "log10_eta": -0.8949614279560412, "log10_lambda": -4.299156612584893, "log10_min_child_weight": 0.6991389495158645, "log10_subsample": -0.6463570817701172, "max_depth": 2.0, "num_boost_round": 1.0}, "datetime": {"datetime": "2024-01-19 00:30:52", "elapsed": 1141.802096, "delta": 0.002402}}
{"target": -17.668966792856693, "params": {"gamma": 415.29029040278584, "log10_alpha": -0.47985362110291074, "log10_colsample_bytree": -0.672826001108769, "log10_eta": -0.8949614279560412, "log10_lambda": -4.299156612584893, "log10_min_child_weight": 0.6991389495158645, "log10_subsample": -0.6463570817701172, "max_depth": 2.0, "num_boost_round": 2.0}, "datetime": {"datetime": "2024-01-19 00:30:52", "elapsed": 1141.804575, "delta": 0.002479}}
{"target": -17.66660485993516, "params": {"gamma": 415.29029040278584, "log10_alpha": -0.47985362110291074, "log10_colsample_bytree": -0.672826001108769, "log10_eta": -0.8949614279560412, "log10_lambda": -4.299156612584893, "log10_min_child_weight": 0.6991389495158645, "log10_subsample": -0.6463570817701172, "max_depth": 2.0, "num_boost_round": 3.0}, "datetime": {"datetime": "2024-01-19 00:30:52", "elapsed": 1141.806734, "delta": 0.002159}}
{"target": -17.667109310445085, "params": {"gamma": 415.29029040278584, "log10_alpha": -0.47985362110291074, "log10_colsample_bytree": -0.672826001108769, "log10_eta": -0.8949614279560412, "log10_lambda": -4.299156612584893, "log10_min_child_weight": 0.6991389495158645, "log10_subsample": -0.6463570817701172, "max_depth": 2.0, "num_boost_round": 4.0}, "datetime": {"datetime": "2024-01-19 00:30:52", "elapsed": 1141.808883, "delta": 0.002149}}
{"target": -17.66841482303105, "params": {"gamma": 415.29029040278584, "log10_alpha": -0.47985362110291074, "log10_colsample_bytree": -0.672826001108769, "log10_eta": -0.8949614279560412, "log10_lambda": -4.299156612584893, "log10_min_child_weight": 0.6991389495158645, "log10_subsample": -0.6463570817701172, "max_depth": 2.0, "num_boost_round": 5.0}, "datetime": {"datetime": "2024-01-19 00:30:52", "elapsed": 1141.811035, "delta": 0.002152}}
{"target": -17.669448626137108, "params": {"gamma": 415.29029040278584, "log10_alpha": -0.47985362110291074, "log10_colsample_bytree": -0.672826001108769, "log10_eta": -0.8949614279560412, "log10_lambda": -4.299156612584893, "log10_min_child_weight": 0.6991389495158645, "log10_subsample": -0.6463570817701172, "max_depth": 2.0, "num_boost_round": 6.0}, "datetime": {"datetime": "2024-01-19 00:30:52", "elapsed": 1141.814005, "delta": 0.00297}}
{"target": -17.67126110182745, "params": {"gamma": 415.29029040278584, "log10_alpha": -0.47985362110291074, "log10_colsample_bytree": -0.672826001108769, "log10_eta": -0.8949614279560412, "log10_lambda": -4.299156612584893, "log10_min_child_weight": 0.6991389495158645, "log10_subsample": -0.6463570817701172, "max_depth": 2.0, "num_boost_round": 7.0}, "datetime": {"datetime": "2024-01-19 00:30:52", "elapsed": 1141.816117, "delta": 0.002112}}
{"target": -17.67288950954042, "params": {"gamma": 415.29029040278584, "log10_alpha": -0.47985362110291074, "log10_colsample_bytree": -0.672826001108769, "log10_eta": -0.8949614279560412, "log10_lambda": -4.299156612584893, "log10_min_child_weight": 0.6991389495158645, "log10_subsample": -0.6463570817701172, "max_depth": 2.0, "num_boost_round": 8.0}, "datetime": {"datetime": "2024-01-19 00:30:52", "elapsed": 1141.818253, "delta": 0.002136}}
{"target": -17.67101368286764, "params": {"gamma": 415.29029040278584, "log10_alpha": -0.47985362110291074, "log10_colsample_bytree": -0.672826001108769, "log10_eta": -0.8949614279560412, "log10_lambda": -4.299156612584893, "log10_min_child_weight": 0.6991389495158645, "log10_subsample": -0.6463570817701172, "max_depth": 2.0, "num_boost_round": 9.0}, "datetime": {"datetime": "2024-01-19 00:30:52", "elapsed": 1141.82036, "delta": 0.002107}}
{"target": -17.677065813756798, "params": {"gamma": 411.58473048477094, "log10_alpha": 0.9843425770028249, "log10_colsample_bytree": -0.6554182389486353, "log10_eta": -2.6072487019998176, "log10_lambda": -2.7018628674777103, "log10_min_child_weight": 3.0229166719774687, "log10_subsample": -0.023800524693128433, "max_depth": 4.0, "num_boost_round": 0.0}, "datetime": {"datetime": "2024-01-19 00:31:21", "elapsed": 1171.243466, "delta": 29.423106}}
{"target": -17.6769682207246, "params": {"gamma": 411.58473048477094, "log10_alpha": 0.9843425770028249, "log10_colsample_bytree": -0.6554182389486353, "log10_eta": -2.6072487019998176, "log10_lambda": -2.7018628674777103, "log10_min_child_weight": 3.0229166719774687, "log10_subsample": -0.023800524693128433, "max_depth": 4.0, "num_boost_round": 1.0}, "datetime": {"datetime": "2024-01-19 00:31:21", "elapsed": 1171.24628, "delta": 0.002814}}
{"target": -17.676859303047173, "params": {"gamma": 411.58473048477094, "log10_alpha": 0.9843425770028249, "log10_colsample_bytree": -0.6554182389486353, "log10_eta": -2.6072487019998176, "log10_lambda": -2.7018628674777103, "log10_min_child_weight": 3.0229166719774687, "log10_subsample": -0.023800524693128433, "max_depth": 4.0, "num_boost_round": 2.0}, "datetime": {"datetime": "2024-01-19 00:31:21", "elapsed": 1171.248492, "delta": 0.002212}}
{"target": -17.676787990179548, "params": {"gamma": 411.58473048477094, "log10_alpha": 0.9843425770028249, "log10_colsample_bytree": -0.6554182389486353, "log10_eta": -2.6072487019998176, "log10_lambda": -2.7018628674777103, "log10_min_child_weight": 3.0229166719774687, "log10_subsample": -0.023800524693128433, "max_depth": 4.0, "num_boost_round": 3.0}, "datetime": {"datetime": "2024-01-19 00:31:21", "elapsed": 1171.250728, "delta": 0.002236}}
{"target": -17.676628298110188, "params": {"gamma": 411.58473048477094, "log10_alpha": 0.9843425770028249, "log10_colsample_bytree": -0.6554182389486353, "log10_eta": -2.6072487019998176, "log10_lambda": -2.7018628674777103, "log10_min_child_weight": 3.0229166719774687, "log10_subsample": -0.023800524693128433, "max_depth": 4.0, "num_boost_round": 4.0}, "datetime": {"datetime": "2024-01-19 00:31:21", "elapsed": 1171.252994, "delta": 0.002266}}
{"target": -17.676550966225832, "params": {"gamma": 411.58473048477094, "log10_alpha": 0.9843425770028249, "log10_colsample_bytree": -0.6554182389486353, "log10_eta": -2.6072487019998176, "log10_lambda": -2.7018628674777103, "log10_min_child_weight": 3.0229166719774687, "log10_subsample": -0.023800524693128433, "max_depth": 4.0, "num_boost_round": 5.0}, "datetime": {"datetime": "2024-01-19 00:31:21", "elapsed": 1171.255201, "delta": 0.002207}}
{"target": -17.67643534848506, "params": {"gamma": 411.58473048477094, "log10_alpha": 0.9843425770028249, "log10_colsample_bytree": -0.6554182389486353, "log10_eta": -2.6072487019998176, "log10_lambda": -2.7018628674777103, "log10_min_child_weight": 3.0229166719774687, "log10_subsample": -0.023800524693128433, "max_depth": 4.0, "num_boost_round": 6.0}, "datetime": {"datetime": "2024-01-19 00:31:21", "elapsed": 1171.257374, "delta": 0.002173}}
{"target": -17.676230329515324, "params": {"gamma": 411.58473048477094, "log10_alpha": 0.9843425770028249, "log10_colsample_bytree": -0.6554182389486353, "log10_eta": -2.6072487019998176, "log10_lambda": -2.7018628674777103, "log10_min_child_weight": 3.0229166719774687, "log10_subsample": -0.023800524693128433, "max_depth": 4.0, "num_boost_round": 7.0}, "datetime": {"datetime": "2024-01-19 00:31:21", "elapsed": 1171.259541, "delta": 0.002167}}
{"target": -17.676224837142854, "params": {"gamma": 411.58473048477094, "log10_alpha": 0.9843425770028249, "log10_colsample_bytree": -0.6554182389486353, "log10_eta": -2.6072487019998176, "log10_lambda": -2.7018628674777103, "log10_min_child_weight": 3.0229166719774687, "log10_subsample": -0.023800524693128433, "max_depth": 4.0, "num_boost_round": 8.0}, "datetime": {"datetime": "2024-01-19 00:31:21", "elapsed": 1171.261674, "delta": 0.002133}}
{"target": -17.676179745584122, "params": {"gamma": 411.58473048477094, "log10_alpha": 0.9843425770028249, "log10_colsample_bytree": -0.6554182389486353, "log10_eta": -2.6072487019998176, "log10_lambda": -2.7018628674777103, "log10_min_child_weight": 3.0229166719774687, "log10_subsample": -0.023800524693128433, "max_depth": 4.0, "num_boost_round": 9.0}, "datetime": {"datetime": "2024-01-19 00:31:21", "elapsed": 1171.263976, "delta": 0.002302}}
{"target": -17.676058465045752, "params": {"gamma": 411.58473048477094, "log10_alpha": 0.9843425770028249, "log10_colsample_bytree": -0.6554182389486353, "log10_eta": -2.6072487019998176, "log10_lambda": -2.7018628674777103, "log10_min_child_weight": 3.0229166719774687, "log10_subsample": -0.023800524693128433, "max_depth": 4.0, "num_boost_round": 10.0}, "datetime": {"datetime": "2024-01-19 00:31:21", "elapsed": 1171.266163, "delta": 0.002187}}
{"target": -17.675956490109755, "params": {"gamma": 411.58473048477094, "log10_alpha": 0.9843425770028249, "log10_colsample_bytree": -0.6554182389486353, "log10_eta": -2.6072487019998176, "log10_lambda": -2.7018628674777103, "log10_min_child_weight": 3.0229166719774687, "log10_subsample": -0.023800524693128433, "max_depth": 4.0, "num_boost_round": 11.0}, "datetime": {"datetime": "2024-01-19 00:31:21", "elapsed": 1171.268333, "delta": 0.00217}}
{"target": -17.675886337081334, "params": {"gamma": 411.58473048477094, "log10_alpha": 0.9843425770028249, "log10_colsample_bytree": -0.6554182389486353, "log10_eta": -2.6072487019998176, "log10_lambda": -2.7018628674777103, "log10_min_child_weight": 3.0229166719774687, "log10_subsample": -0.023800524693128433, "max_depth": 4.0, "num_boost_round": 12.0}, "datetime": {"datetime": "2024-01-19 00:31:21", "elapsed": 1171.270518, "delta": 0.002185}}
{"target": -17.675777023977346, "params": {"gamma": 411.58473048477094, "log10_alpha": 0.9843425770028249, "log10_colsample_bytree": -0.6554182389486353, "log10_eta": -2.6072487019998176, "log10_lambda": -2.7018628674777103, "log10_min_child_weight": 3.0229166719774687, "log10_subsample": -0.023800524693128433, "max_depth": 4.0, "num_boost_round": 13.0}, "datetime": {"datetime": "2024-01-19 00:31:21", "elapsed": 1171.272725, "delta": 0.002207}}
{"target": -17.677215401073084, "params": {"gamma": 423.8555406171916, "log10_alpha": -4.415083438828225, "log10_colsample_bytree": -0.33592488881661475, "log10_eta": -3.3979569172395734, "log10_lambda": -5.0, "log10_min_child_weight": 1.2003627193100441, "log10_subsample": -0.38440964483816453, "max_depth": 8.0, "num_boost_round": 0.0}, "datetime": {"datetime": "2024-01-19 00:31:47", "elapsed": 1197.382647, "delta": 26.109922}}
{"target": -17.677206719692716, "params": {"gamma": 423.8555406171916, "log10_alpha": -4.415083438828225, "log10_colsample_bytree": -0.33592488881661475, "log10_eta": -3.3979569172395734, "log10_lambda": -5.0, "log10_min_child_weight": 1.2003627193100441, "log10_subsample": -0.38440964483816453, "max_depth": 8.0, "num_boost_round": 1.0}, "datetime": {"datetime": "2024-01-19 00:31:47", "elapsed": 1197.385565, "delta": 0.002918}}
{"target": -17.677171109085467, "params": {"gamma": 423.8555406171916, "log10_alpha": -4.415083438828225, "log10_colsample_bytree": -0.33592488881661475, "log10_eta": -3.3979569172395734, "log10_lambda": -5.0, "log10_min_child_weight": 1.2003627193100441, "log10_subsample": -0.38440964483816453, "max_depth": 8.0, "num_boost_round": 2.0}, "datetime": {"datetime": "2024-01-19 00:31:47", "elapsed": 1197.387986, "delta": 0.002421}}
{"target": -17.67716884591654, "params": {"gamma": 423.8555406171916, "log10_alpha": -4.415083438828225, "log10_colsample_bytree": -0.33592488881661475, "log10_eta": -3.3979569172395734, "log10_lambda": -5.0, "log10_min_child_weight": 1.2003627193100441, "log10_subsample": -0.38440964483816453, "max_depth": 8.0, "num_boost_round": 3.0}, "datetime": {"datetime": "2024-01-19 00:31:47", "elapsed": 1197.390566, "delta": 0.00258}}
{"target": -17.677155851946754, "params": {"gamma": 423.8555406171916, "log10_alpha": -4.415083438828225, "log10_colsample_bytree": -0.33592488881661475, "log10_eta": -3.3979569172395734, "log10_lambda": -5.0, "log10_min_child_weight": 1.2003627193100441, "log10_subsample": -0.38440964483816453, "max_depth": 8.0, "num_boost_round": 4.0}, "datetime": {"datetime": "2024-01-19 00:31:47", "elapsed": 1197.392919, "delta": 0.002353}}
{"target": -17.67712349074785, "params": {"gamma": 423.8555406171916, "log10_alpha": -4.415083438828225, "log10_colsample_bytree": -0.33592488881661475, "log10_eta": -3.3979569172395734, "log10_lambda": -5.0, "log10_min_child_weight": 1.2003627193100441, "log10_subsample": -0.38440964483816453, "max_depth": 8.0, "num_boost_round": 5.0}, "datetime": {"datetime": "2024-01-19 00:31:47", "elapsed": 1197.395165, "delta": 0.002246}}
