{"target": -13.757394145799902, "params": {"gamma": 538.1193874729138, "log10_alpha": 0.08571121674667737, "log10_colsample_bytree": -0.5350022437046638, "log10_eta": -1.4575569397280521, "log10_lambda": -0.24240344870880115, "log10_min_child_weight": 0.24292176911114627, "log10_subsample": -0.48678091329375717, "max_depth": 2.0, "num_boost_round": 4.0}, "datetime": {"datetime": "2024-01-19 00:22:29", "elapsed": 681.559629, "delta": 0.001052}}
{"target": -13.757341727704292, "params": {"gamma": 538.1193874729138, "log10_alpha": 0.08571121674667737, "log10_colsample_bytree": -0.5350022437046638, "log10_eta": -1.4575569397280521, "log10_lambda": -0.24240344870880115, "log10_min_child_weight": 0.24292176911114627, "log10_subsample": -0.48678091329375717, "max_depth": 2.0, "num_boost_round": 5.0}, "datetime": {"datetime": "2024-01-19 00:22:29", "elapsed": 681.560555, "delta": 0.000926}}
{"target": -13.75734290353899, "params": {"gamma": 538.1193874729138, "log10_alpha": 0.08571121674667737, "log10_colsample_bytree": -0.5350022437046638, "log10_eta": -1.4575569397280521, "log10_lambda": -0.24240344870880115, "log10_min_child_weight": 0.24292176911114627, "log10_subsample": -0.48678091329375717, "max_depth": 2.0, "num_boost_round": 6.0}, "datetime": {"datetime": "2024-01-19 00:22:29", "elapsed": 681.56149, "delta": 0.000935}}
{"target": -13.757232609166142, "params": {"gamma": 538.1193874729138, "log10_alpha": 0.08571121674667737, "log10_colsample_bytree": -0.5350022437046638, "log10_eta": -1.4575569397280521, "log10_lambda": -0.24240344870880115, "log10_min_child_weight": 0.24292176911114627, "log10_subsample": -0.48678091329375717, "max_depth": 2.0, "num_boost_round": 7.0}, "datetime": {"datetime": "2024-01-19 00:22:29", "elapsed": 681.56243, "delta": 0.00094}}
{"target": -13.757239300333453, "params": {"gamma": 538.1193874729138, "log10_alpha": 0.08571121674667737, "log10_colsample_bytree": -0.5350022437046638, "log10_eta": -1.4575569397280521, "log10_lambda": -0.24240344870880115, "log10_min_child_weight": 0.24292176911114627, "log10_subsample": -0.48678091329375717, "max_depth": 2.0, "num_boost_round": 8.0}, "datetime": {"datetime": "2024-01-19 00:22:29", "elapsed": 681.563719, "delta": 0.001289}}
{"target": -13.757000714898998, "params": {"gamma": 538.1193874729138, "log10_alpha": 0.08571121674667737, "log10_colsample_bytree": -0.5350022437046638, "log10_eta": -1.4575569397280521, "log10_lambda": -0.24240344870880115, "log10_min_child_weight": 0.24292176911114627, "log10_subsample": -0.48678091329375717, "max_depth": 2.0, "num_boost_round": 9.0}, "datetime": {"datetime": "2024-01-19 00:22:29", "elapsed": 681.564695, "delta": 0.000976}}
{"target": -13.757328780189496, "params": {"gamma": 538.1193874729138, "log10_alpha": 0.08571121674667737, "log10_colsample_bytree": -0.5350022437046638, "log10_eta": -1.4575569397280521, "log10_lambda": -0.24240344870880115, "log10_min_child_weight": 0.24292176911114627, "log10_subsample": -0.48678091329375717, "max_depth": 2.0, "num_boost_round": 10.0}, "datetime": {"datetime": "2024-01-19 00:22:29", "elapsed": 681.565731, "delta": 0.001036}}
{"target": -13.75694466095441, "params": {"gamma": 538.1193874729138, "log10_alpha": 0.08571121674667737, "log10_colsample_bytree": -0.5350022437046638, "log10_eta": -1.4575569397280521, "log10_lambda": -0.24240344870880115, "log10_min_child_weight": 0.24292176911114627, "log10_subsample": -0.48678091329375717, "max_depth": 2.0, "num_boost_round": 11.0}, "datetime": {"datetime": "2024-01-19 00:22:29", "elapsed": 681.566677, "delta": 0.000946}}
{"target": -13.757080997260543, "params": {"gamma": 538.1193874729138, "log10_alpha": 0.08571121674667737, "log10_colsample_bytree": -0.5350022437046638, "log10_eta": -1.4575569397280521, "log10_lambda": -0.24240344870880115, "log10_min_child_weight": 0.24292176911114627, "log10_subsample": -0.48678091329375717, "max_depth": 2.0, "num_boost_round": 12.0}, "datetime": {"datetime": "2024-01-19 00:22:29", "elapsed": 681.56766, "delta": 0.000983}}
{"target": -13.757277555030393, "params": {"gamma": 538.1193874729138, "log10_alpha": 0.08571121674667737, "log10_colsample_bytree": -0.5350022437046638, "log10_eta": -1.4575569397280521, "log10_lambda": -0.24240344870880115, "log10_min_child_weight": 0.24292176911114627, "log10_subsample": -0.48678091329375717, "max_depth": 2.0, "num_boost_round": 13.0}, "datetime": {"datetime": "2024-01-19 00:22:29", "elapsed": 681.568602, "delta": 0.000942}}
{"target": -13.757396035038937, "params": {"gamma": 538.1193874729138, "log10_alpha": 0.08571121674667737, "log10_colsample_bytree": -0.5350022437046638, "log10_eta": -1.4575569397280521, "log10_lambda": -0.24240344870880115, "log10_min_child_weight": 0.24292176911114627, "log10_subsample": -0.48678091329375717, "max_depth": 2.0, "num_boost_round": 14.0}, "datetime": {"datetime": "2024-01-19 00:22:29", "elapsed": 681.569526, "delta": 0.000924}}
{"target": -13.757222939379588, "params": {"gamma": 538.1193874729138, "log10_alpha": 0.08571121674667737, "log10_colsample_bytree": -0.5350022437046638, "log10_eta": -1.4575569397280521, "log10_lambda": -0.24240344870880115, "log10_min_child_weight": 0.24292176911114627, "log10_subsample": -0.48678091329375717, "max_depth": 2.0, "num_boost_round": 15.0}, "datetime": {"datetime": "2024-01-19 00:22:29", "elapsed": 681.570459, "delta": 0.000933}}
{"target": -13.757164423608582, "params": {"gamma": 538.1193874729138, "log10_alpha": 0.08571121674667737, "log10_colsample_bytree": -0.5350022437046638, "log10_eta": -1.4575569397280521, "log10_lambda": -0.24240344870880115, "log10_min_child_weight": 0.24292176911114627, "log10_subsample": -0.48678091329375717, "max_depth": 2.0, "num_boost_round": 16.0}, "datetime": {"datetime": "2024-01-19 00:22:29", "elapsed": 681.571396, "delta": 0.000937}}
{"target": -13.758489557185715, "params": {"gamma": 536.6705792722535, "log10_alpha": -4.187870673819564, "log10_colsample_bytree": -0.7751982234980038, "log10_eta": -1.8480433722546574, "log10_lambda": -4.322869235978702, "log10_min_child_weight": 4.906122962432776, "log10_subsample": -0.6067101261804289, "max_depth": 2.0, "num_boost_round": 0.0}, "datetime": {"datetime": "2024-01-19 00:22:49", "elapsed": 701.03648, "delta": 19.465084}}
{"target": -13.758451094627945, "params": {"gamma": 536.6705792722535, "log10_alpha": -4.187870673819564, "log10_colsample_bytree": -0.7751982234980038, "log10_eta": -1.8480433722546574, "log10_lambda": -4.322869235978702, "log10_min_child_weight": 4.906122962432776, "log10_subsample": -0.6067101261804289, "max_depth": 2.0, "num_boost_round": 1.0}, "datetime": {"datetime": "2024-01-19 00:22:49", "elapsed": 701.038154, "delta": 0.001674}}
{"target": -13.758464227167064, "params": {"gamma": 536.6705792722535, "log10_alpha": -4.187870673819564, "log10_colsample_bytree": -0.7751982234980038, "log10_eta": -1.8480433722546574, "log10_lambda": -4.322869235978702, "log10_min_child_weight": 4.906122962432776, "log10_subsample": -0.6067101261804289, "max_depth": 2.0, "num_boost_round": 2.0}, "datetime": {"datetime": "2024-01-19 00:22:49", "elapsed": 701.039205, "delta": 0.001051}}
{"target": -13.758448817081511, "params": {"gamma": 536.6705792722535, "log10_alpha": -4.187870673819564, "log10_colsample_bytree": -0.7751982234980038, "log10_eta": -1.8480433722546574, "log10_lambda": -4.322869235978702, "log10_min_child_weight": 4.906122962432776, "log10_subsample": -0.6067101261804289, "max_depth": 2.0, "num_boost_round": 3.0}, "datetime": {"datetime": "2024-01-19 00:22:49", "elapsed": 701.040205, "delta": 0.001}}
{"target": -13.758429861563547, "params": {"gamma": 536.6705792722535, "log10_alpha": -4.187870673819564, "log10_colsample_bytree": -0.7751982234980038, "log10_eta": -1.8480433722546574, "log10_lambda": -4.322869235978702, "log10_min_child_weight": 4.906122962432776, "log10_subsample": -0.6067101261804289, "max_depth": 2.0, "num_boost_round": 4.0}, "datetime": {"datetime": "2024-01-19 00:22:49", "elapsed": 701.041293, "delta": 0.001088}}
{"target": -13.75841326415926, "params": {"gamma": 536.6705792722535, "log10_alpha": -4.187870673819564, "log10_colsample_bytree": -0.7751982234980038, "log10_eta": -1.8480433722546574, "log10_lambda": -4.322869235978702, "log10_min_child_weight": 4.906122962432776, "log10_subsample": -0.6067101261804289, "max_depth": 2.0, "num_boost_round": 5.0}, "datetime": {"datetime": "2024-01-19 00:22:49", "elapsed": 701.042257, "delta": 0.000964}}
{"target": -13.758445295731486, "params": {"gamma": 536.6705792722535, "log10_alpha": -4.187870673819564, "log10_colsample_bytree": -0.7751982234980038, "log10_eta": -1.8480433722546574, "log10_lambda": -4.322869235978702, "log10_min_child_weight": 4.906122962432776, "log10_subsample": -0.6067101261804289, "max_depth": 2.0, "num_boost_round": 6.0}, "datetime": {"datetime": "2024-01-19 00:22:49", "elapsed": 701.043282, "delta": 0.001025}}
{"target": -13.758403528962148, "params": {"gamma": 536.6705792722535, "log10_alpha": -4.187870673819564, "log10_colsample_bytree": -0.7751982234980038, "log10_eta": -1.8480433722546574, "log10_lambda": -4.322869235978702, "log10_min_child_weight": 4.906122962432776, "log10_subsample": -0.6067101261804289, "max_depth": 2.0, "num_boost_round": 7.0}, "datetime": {"datetime": "2024-01-19 00:22:49", "elapsed": 701.044252, "delta": 0.00097}}
{"target": -13.758378206803746, "params": {"gamma": 536.6705792722535, "log10_alpha": -4.187870673819564, "log10_colsample_bytree": -0.7751982234980038, "log10_eta": -1.8480433722546574, "log10_lambda": -4.322869235978702, "log10_min_child_weight": 4.906122962432776, "log10_subsample": -0.6067101261804289, "max_depth": 2.0, "num_boost_round": 8.0}, "datetime": {"datetime": "2024-01-19 00:22:49", "elapsed": 701.045206, "delta": 0.000954}}
{"target": -13.75837470227114, "params": {"gamma": 536.6705792722535, "log10_alpha": -4.187870673819564, "log10_colsample_bytree": -0.7751982234980038, "log10_eta": -1.8480433722546574, "log10_lambda": -4.322869235978702, "log10_min_child_weight": 4.906122962432776, "log10_subsample": -0.6067101261804289, "max_depth": 2.0, "num_boost_round": 9.0}, "datetime": {"datetime": "2024-01-19 00:22:49", "elapsed": 701.046364, "delta": 0.001158}}
{"target": -13.75836010796196, "params": {"gamma": 536.6705792722535, "log10_alpha": -4.187870673819564, "log10_colsample_bytree": -0.7751982234980038, "log10_eta": -1.8480433722546574, "log10_lambda": -4.322869235978702, "log10_min_child_weight": 4.906122962432776, "log10_subsample": -0.6067101261804289, "max_depth": 2.0, "num_boost_round": 10.0}, "datetime": {"datetime": "2024-01-19 00:22:49", "elapsed": 701.047468, "delta": 0.001104}}
{"target": -13.75835035251042, "params": {"gamma": 536.6705792722535, "log10_alpha": -4.187870673819564, "log10_colsample_bytree": -0.7751982234980038, "log10_eta": -1.8480433722546574, "log10_lambda": -4.322869235978702, "log10_min_child_weight": 4.906122962432776, "log10_subsample": -0.6067101261804289, "max_depth": 2.0, "num_boost_round": 11.0}, "datetime": {"datetime": "2024-01-19 00:22:49", "elapsed": 701.048556, "delta": 0.001088}}
{"target": -13.758362340998254, "params": {"gamma": 536.6705792722535, "log10_alpha": -4.187870673819564, "log10_colsample_bytree": -0.7751982234980038, "log10_eta": -1.8480433722546574, "log10_lambda": -4.322869235978702, "log10_min_child_weight": 4.906122962432776, "log10_subsample": -0.6067101261804289, "max_depth": 2.0, "num_boost_round": 12.0}, "datetime": {"datetime": "2024-01-19 00:22:49", "elapsed": 701.049658, "delta": 0.001102}}
{"target": -13.75819601629493, "params": {"gamma": 537.0147049035846, "log10_alpha": -4.313092937176627, "log10_colsample_bytree": -0.24627934129426743, "log10_eta": -1.9409089314363963, "log10_lambda": -2.229060528943511, "log10_min_child_weight": 0.6092015701728548, "log10_subsample": -0.7077435435538051, "max_depth": 8.0, "num_boost_round": 0.0}, "datetime": {"datetime": "2024-01-19 00:23:13", "elapsed": 725.603058, "delta": 24.5534}}
{"target": -13.757259423574299, "params": {"gamma": 537.0147049035846, "log10_alpha": -4.313092937176627, "log10_colsample_bytree": -0.24627934129426743, "log10_eta": -1.9409089314363963, "log10_lambda": -2.229060528943511, "log10_min_child_weight": 0.6092015701728548, "log10_subsample": -0.7077435435538051, "max_depth": 8.0, "num_boost_round": 1.0}, "datetime": {"datetime": "2024-01-19 00:23:13", "elapsed": 725.604693, "delta": 0.001635}}
{"target": -13.756456630110529, "params": {"gamma": 537.0147049035846, "log10_alpha": -4.313092937176627, "log10_colsample_bytree": -0.24627934129426743, "log10_eta": -1.9409089314363963, "log10_lambda": -2.229060528943511, "log10_min_child_weight": 0.6092015701728548, "log10_subsample": -0.7077435435538051, "max_depth": 8.0, "num_boost_round": 2.0}, "datetime": {"datetime": "2024-01-19 00:23:13", "elapsed": 725.605805, "delta": 0.001112}}
{"target": -13.756358621830747, "params": {"gamma": 537.0147049035846, "log10_alpha": -4.313092937176627, "log10_colsample_bytree": -0.24627934129426743, "log10_eta": -1.9409089314363963, "log10_lambda": -2.229060528943511, "log10_min_child_weight": 0.6092015701728548, "log10_subsample": -0.7077435435538051, "max_depth": 8.0, "num_boost_round": 3.0}, "datetime": {"datetime": "2024-01-19 00:23:13", "elapsed": 725.606845, "delta": 0.00104}}
{"target": -13.756052896559067, "params": {"gamma": 537.0147049035846, "log10_alpha": -4.313092937176627, "log10_colsample_bytree": -0.24627934129426743, "log10_eta": -1.9409089314363963, "log10_lambda": -2.229060528943511, "log10_min_child_weight": 0.6092015701728548, "log10_subsample": -0.7077435435538051, "max_depth": 8.0, "num_boost_round": 4.0}, "datetime": {"datetime": "2024-01-19 00:23:13", "elapsed": 725.607821, "delta": 0.000976}}
{"target": -13.754862296151416, "params": {"gamma": 537.0147049035846, "log10_alpha": -4.313092937176627, "log10_colsample_bytree": -0.24627934129426743, "log10_eta": -1.9409089314363963, "log10_lambda": -2.229060528943511, "log10_min_child_weight": 0.6092015701728548, "log10_subsample": -0.7077435435538051, "max_depth": 8.0, "num_boost_round": 5.0}, "datetime": {"datetime": "2024-01-19 00:23:13", "elapsed": 725.608911, "delta": 0.00109}}
{"target": -13.755071025099255, "params": {"gamma": 537.0147049035846, "log10_alpha": -4.313092937176627, "log10_colsample_bytree": -0.24627934129426743, "log10_eta": -1.9409089314363963, "log10_lambda": -2.229060528943511, "log10_min_child_weight": 0.6092015701728548, "log10_subsample": -0.7077435435538051, "max_depth": 8.0, "num_boost_round": 6.0}, "datetime": {"datetime": "2024-01-19 00:23:13", "elapsed": 725.609896, "delta": 0.000985}}
{"target": -13.75589897291108, "params": {"gamma": 537.0147049035846, "log10_alpha": -4.313092937176627, "log10_colsample_bytree": -0.24627934129426743, "log10_eta": -1.9409089314363963, "log10_lambda": -2.229060528943511, "log10_min_child_weight": 0.6092015701728548, "log10_subsample": -0.7077435435538051, "max_depth": 8.0, "num_boost_round": 7.0}, "datetime": {"datetime": "2024-01-19 00:23:13", "elapsed": 725.610866, "delta": 0.00097}}
{"target": -13.756483939802294, "params": {"gamma": 537.0147049035846, "log10_alpha": -4.313092937176627, "log10_colsample_bytree": -0.24627934129426743, "log10_eta": -1.9409089314363963, "log10_lambda": -2.229060528943511, "log10_min_child_weight": 0.6092015701728548, "log10_subsample": -0.7077435435538051, "max_depth": 8.0, "num_boost_round": 8.0}, "datetime": {"datetime": "2024-01-19 00:23:13", "elapsed": 725.61221, "delta": 0.001344}}
{"target": -13.756353818899173, "params": {"gamma": 537.0147049035846, "log10_alpha": -4.313092937176627, "log10_colsample_bytree": -0.24627934129426743, "log10_eta": -1.9409089314363963, "log10_lambda": -2.229060528943511, "log10_min_child_weight": 0.6092015701728548, "log10_subsample": -0.7077435435538051, "max_depth": 8.0, "num_boost_round": 9.0}, "datetime": {"datetime": "2024-01-19 00:23:13", "elapsed": 725.613195, "delta": 0.000985}}
{"target": -13.756875576718748, "params": {"gamma": 537.0147049035846, "log10_alpha": -4.313092937176627, "log10_colsample_bytree": -0.24627934129426743, "log10_eta": -1.9409089314363963, "log10_lambda": -2.229060528943511, "log10_min_child_weight": 0.6092015701728548, "log10_subsample": -0.7077435435538051, "max_depth": 8.0, "num_boost_round": 10.0}, "datetime": {"datetime": "2024-01-19 00:23:13", "elapsed": 725.61418, "delta": 0.000985}}
{"target": -13.756376682007918, "params": {"gamma": 537.0147049035846, "log10_alpha": -4.313092937176627, "log10_colsample_bytree": -0.24627934129426743, "log10_eta": -1.9409089314363963, "log10_lambda": -2.229060528943511, "log10_min_child_weight": 0.6092015701728548, "log10_subsample": -0.7077435435538051, "max_depth": 8.0, "num_boost_round": 11.0}, "datetime": {"datetime": "2024-01-19 00:23:13", "elapsed": 725.615162, "delta": 0.000982}}
{"target": -13.75672927034504, "params": {"gamma": 537.0147049035846, "log10_alpha": -4.313092937176627, "log10_colsample_bytree": -0.24627934129426743, "log10_eta": -1.9409089314363963, "log10_lambda": -2.229060528943511, "log10_min_child_weight": 0.6092015701728548, "log10_subsample": -0.7077435435538051, "max_depth": 8.0, "num_boost_round": 12.0}, "datetime": {"datetime": "2024-01-19 00:23:13", "elapsed": 725.616147, "delta": 0.000985}}
{"target": -13.757102590524669, "params": {"gamma": 537.0147049035846, "log10_alpha": -4.313092937176627, "log10_colsample_bytree": -0.24627934129426743, "log10_eta": -1.9409089314363963, "log10_lambda": -2.229060528943511, "log10_min_child_weight": 0.6092015701728548, "log10_subsample": -0.7077435435538051, "max_depth": 8.0, "num_boost_round": 13.0}, "datetime": {"datetime": "2024-01-19 00:23:13", "elapsed": 725.61713, "delta": 0.000983}}
{"target": -13.757534892675078, "params": {"gamma": 537.0147049035846, "log10_alpha": -4.313092937176627, "log10_colsample_bytree": -0.24627934129426743, "log10_eta": -1.9409089314363963, "log10_lambda": -2.229060528943511, "log10_min_child_weight": 0.6092015701728548, "log10_subsample": -0.7077435435538051, "max_depth": 8.0, "num_boost_round": 14.0}, "datetime": {"datetime": "2024-01-19 00:23:13", "elapsed": 725.618109, "delta": 0.000979}}
{"target": -13.75718243783603, "params": {"gamma": 537.0147049035846, "log10_alpha": -4.313092937176627, "log10_colsample_bytree": -0.24627934129426743, "log10_eta": -1.9409089314363963, "log10_lambda": -2.229060528943511, "log10_min_child_weight": 0.6092015701728548, "log10_subsample": -0.7077435435538051, "max_depth": 8.0, "num_boost_round": 15.0}, "datetime": {"datetime": "2024-01-19 00:23:13", "elapsed": 725.619076, "delta": 0.000967}}
{"target": -13.757091074602672, "params": {"gamma": 537.0147049035846, "log10_alpha": -4.313092937176627, "log10_colsample_bytree": -0.24627934129426743, "log10_eta": -1.9409089314363963, "log10_lambda": -2.229060528943511, "log10_min_child_weight": 0.6092015701728548, "log10_subsample": -0.7077435435538051, "max_depth": 8.0, "num_boost_round": 16.0}, "datetime": {"datetime": "2024-01-19 00:23:13", "elapsed": 725.620062, "delta": 0.000986}}
{"target": -13.757466616518194, "params": {"gamma": 537.0147049035846, "log10_alpha": -4.313092937176627, "log10_colsample_bytree": -0.24627934129426743, "log10_eta": -1.9409089314363963, "log10_lambda": -2.229060528943511, "log10_min_child_weight": 0.6092015701728548, "log10_subsample": -0.7077435435538051, "max_depth": 8.0, "num_boost_round": 17.0}, "datetime": {"datetime": "2024-01-19 00:23:13", "elapsed": 725.621043, "delta": 0.000981}}
{"target": -13.75853995349541, "params": {"gamma": 528.4138633260211, "log10_alpha": -1.537298032100788, "log10_colsample_bytree": -0.14719769073357092, "log10_eta": -3.547026909096285, "log10_lambda": -0.7239400509081122, "log10_min_child_weight": 0.4093310805094741, "log10_subsample": -0.5998392698124033, "max_depth": 6.0, "num_boost_round": 0.0}, "datetime": {"datetime": "2024-01-19 00:23:34", "elapsed": 746.098937, "delta": 20.477894}}
{"target": -13.758538628628555, "params": {"gamma": 528.4138633260211, "log10_alpha": -1.537298032100788, "log10_colsample_bytree": -0.14719769073357092, "log10_eta": -3.547026909096285, "log10_lambda": -0.7239400509081122, "log10_min_child_weight": 0.4093310805094741, "log10_subsample": -0.5998392698124033, "max_depth": 6.0, "num_boost_round": 1.0}, "datetime": {"datetime": "2024-01-19 00:23:34", "elapsed": 746.100062, "delta": 0.001125}}
{"target": -13.758531450138598, "params": {"gamma": 528.4138633260211, "log10_alpha": -1.537298032100788, "log10_colsample_bytree": -0.14719769073357092, "log10_eta": -3.547026909096285, "log10_lambda": -0.7239400509081122, "log10_min_child_weight": 0.4093310805094741, "log10_subsample": -0.5998392698124033, "max_depth": 6.0, "num_boost_round": 2.0}, "datetime": {"datetime": "2024-01-19 00:23:34", "elapsed": 746.10154, "delta": 0.001478}}
{"target": -13.758520444091445, "params": {"gamma": 528.4138633260211, "log10_alpha": -1.537298032100788, "log10_colsample_bytree": -0.14719769073357092, "log10_eta": -3.547026909096285, "log10_lambda": -0.7239400509081122, "log10_min_child_weight": 0.4093310805094741, "log10_subsample": -0.5998392698124033, "max_depth": 6.0, "num_boost_round": 3.0}, "datetime": {"datetime": "2024-01-19 00:23:34", "elapsed": 746.102605, "delta": 0.001065}}
{"target": -13.758504703408727, "params": {"gamma": 528.4138633260211, "log10_alpha": -1.537298032100788, "log10_colsample_bytree": -0.14719769073357092, "log10_eta": -3.547026909096285, "log10_lambda": -0.7239400509081122, "log10_min_child_weight": 0.4093310805094741, "log10_subsample": -0.5998392698124033, "max_depth": 6.0, "num_boost_round": 4.0}, "datetime": {"datetime": "2024-01-19 00:23:34", "elapsed": 746.103694, "delta": 0.001089}}
