{"target": -17.677102092758073, "params": {"gamma": 408.8365549746772, "log10_alpha": -1.338494912255289, "log10_colsample_bytree": -0.2387202898317562, "log10_eta": -3.592843537434923, "log10_lambda": -4.941979027739681, "log10_min_child_weight": 3.7106248836865263, "log10_subsample": -0.04814386539777504, "max_depth": 9.0, "num_boost_round": 32.0}, "datetime": {"datetime": "2024-01-19 01:09:54", "elapsed": 3484.726253, "delta": 0.004123}}
{"target": -17.677105619006813, "params": {"gamma": 408.8365549746772, "log10_alpha": -1.338494912255289, "log10_colsample_bytree": -0.2387202898317562, "log10_eta": -3.592843537434923, "log10_lambda": -4.941979027739681, "log10_min_child_weight": 3.7106248836865263, "log10_subsample": -0.04814386539777504, "max_depth": 9.0, "num_boost_round": 33.0}, "datetime": {"datetime": "2024-01-19 01:09:54", "elapsed": 3484.730284, "delta": 0.004031}}
{"target": -17.677098921632318, "params": {"gamma": 408.8365549746772, "log10_alpha": -1.338494912255289, "log10_colsample_bytree": -0.2387202898317562, "log10_eta": -3.592843537434923, "log10_lambda": -4.941979027739681, "log10_min_child_weight": 3.7106248836865263, "log10_subsample": -0.04814386539777504, "max_depth": 9.0, "num_boost_round": 34.0}, "datetime": {"datetime": "2024-01-19 01:09:54", "elapsed": 3484.734433, "delta": 0.004149}}
{"target": -17.677100452110132, "params": {"gamma": 408.8365549746772, "log10_alpha": -1.338494912255289, "log10_colsample_bytree": -0.2387202898317562, "log10_eta": -3.592843537434923, "log10_lambda": -4.941979027739681, "log10_min_child_weight": 3.7106248836865263, "log10_subsample": -0.04814386539777504, "max_depth": 9.0, "num_boost_round": 35.0}, "datetime": {"datetime": "2024-01-19 01:09:54", "elapsed": 3484.738579, "delta": 0.004146}}
{"target": -17.677103211331055, "params": {"gamma": 408.8365549746772, "log10_alpha": -1.338494912255289, "log10_colsample_bytree": -0.2387202898317562, "log10_eta": -3.592843537434923, "log10_lambda": -4.941979027739681, "log10_min_child_weight": 3.7106248836865263, "log10_subsample": -0.04814386539777504, "max_depth": 9.0, "num_boost_round": 36.0}, "datetime": {"datetime": "2024-01-19 01:09:54", "elapsed": 3484.742799, "delta": 0.00422}}
{"target": -17.677104513386425, "params": {"gamma": 408.8365549746772, "log10_alpha": -1.338494912255289, "log10_colsample_bytree": -0.2387202898317562, "log10_eta": -3.592843537434923, "log10_lambda": -4.941979027739681, "log10_min_child_weight": 3.7106248836865263, "log10_subsample": -0.04814386539777504, "max_depth": 9.0, "num_boost_round": 37.0}, "datetime": {"datetime": "2024-01-19 01:09:54", "elapsed": 3484.747073, "delta": 0.004274}}
{"target": -17.67709856860749, "params": {"gamma": 408.8365549746772, "log10_alpha": -1.338494912255289, "log10_colsample_bytree": -0.2387202898317562, "log10_eta": -3.592843537434923, "log10_lambda": -4.941979027739681, "log10_min_child_weight": 3.7106248836865263, "log10_subsample": -0.04814386539777504, "max_depth": 9.0, "num_boost_round": 38.0}, "datetime": {"datetime": "2024-01-19 01:09:54", "elapsed": 3484.751491, "delta": 0.004418}}
{"target": -17.677086288687516, "params": {"gamma": 408.8365549746772, "log10_alpha": -1.338494912255289, "log10_colsample_bytree": -0.2387202898317562, "log10_eta": -3.592843537434923, "log10_lambda": -4.941979027739681, "log10_min_child_weight": 3.7106248836865263, "log10_subsample": -0.04814386539777504, "max_depth": 9.0, "num_boost_round": 39.0}, "datetime": {"datetime": "2024-01-19 01:09:54", "elapsed": 3484.755489, "delta": 0.003998}}
{"target": -17.67708464777986, "params": {"gamma": 408.8365549746772, "log10_alpha": -1.338494912255289, "log10_colsample_bytree": -0.2387202898317562, "log10_eta": -3.592843537434923, "log10_lambda": -4.941979027739681, "log10_min_child_weight": 3.7106248836865263, "log10_subsample": -0.04814386539777504, "max_depth": 9.0, "num_boost_round": 40.0}, "datetime": {"datetime": "2024-01-19 01:09:54", "elapsed": 3484.759496, "delta": 0.004007}}
{"target": -17.67716789562965, "params": {"gamma": 414.3846823674564, "log10_alpha": 0.3112158984662834, "log10_colsample_bytree": -0.5628300295670953, "log10_eta": -2.9445284514620482, "log10_lambda": -3.0471911011713804, "log10_min_child_weight": 0.044999754557620286, "log10_subsample": -0.35225023974891745, "max_depth": 9.0, "num_boost_round": 0.0}, "datetime": {"datetime": "2024-01-19 01:11:28", "elapsed": 3578.181347, "delta": 93.421851}}
{"target": -17.67710160028244, "params": {"gamma": 414.3846823674564, "log10_alpha": 0.3112158984662834, "log10_colsample_bytree": -0.5628300295670953, "log10_eta": -2.9445284514620482, "log10_lambda": -3.0471911011713804, "log10_min_child_weight": 0.044999754557620286, "log10_subsample": -0.35225023974891745, "max_depth": 9.0, "num_boost_round": 1.0}, "datetime": {"datetime": "2024-01-19 01:11:28", "elapsed": 3578.186056, "delta": 0.004709}}
{"target": -17.67696472714306, "params": {"gamma": 414.3846823674564, "log10_alpha": 0.3112158984662834, "log10_colsample_bytree": -0.5628300295670953, "log10_eta": -2.9445284514620482, "log10_lambda": -3.0471911011713804, "log10_min_child_weight": 0.044999754557620286, "log10_subsample": -0.35225023974891745, "max_depth": 9.0, "num_boost_round": 2.0}, "datetime": {"datetime": "2024-01-19 01:11:28", "elapsed": 3578.190473, "delta": 0.004417}}
{"target": -17.676941082409478, "params": {"gamma": 414.3846823674564, "log10_alpha": 0.3112158984662834, "log10_colsample_bytree": -0.5628300295670953, "log10_eta": -2.9445284514620482, "log10_lambda": -3.0471911011713804, "log10_min_child_weight": 0.044999754557620286, "log10_subsample": -0.35225023974891745, "max_depth": 9.0, "num_boost_round": 3.0}, "datetime": {"datetime": "2024-01-19 01:11:28", "elapsed": 3578.194836, "delta": 0.004363}}
{"target": -17.67682945039274, "params": {"gamma": 414.3846823674564, "log10_alpha": 0.3112158984662834, "log10_colsample_bytree": -0.5628300295670953, "log10_eta": -2.9445284514620482, "log10_lambda": -3.0471911011713804, "log10_min_child_weight": 0.044999754557620286, "log10_subsample": -0.35225023974891745, "max_depth": 9.0, "num_boost_round": 4.0}, "datetime": {"datetime": "2024-01-19 01:11:28", "elapsed": 3578.199002, "delta": 0.004166}}
{"target": -17.676727771196916, "params": {"gamma": 414.3846823674564, "log10_alpha": 0.3112158984662834, "log10_colsample_bytree": -0.5628300295670953, "log10_eta": -2.9445284514620482, "log10_lambda": -3.0471911011713804, "log10_min_child_weight": 0.044999754557620286, "log10_subsample": -0.35225023974891745, "max_depth": 9.0, "num_boost_round": 5.0}, "datetime": {"datetime": "2024-01-19 01:11:28", "elapsed": 3578.203181, "delta": 0.004179}}
{"target": -17.676744375914794, "params": {"gamma": 414.3846823674564, "log10_alpha": 0.3112158984662834, "log10_colsample_bytree": -0.5628300295670953, "log10_eta": -2.9445284514620482, "log10_lambda": -3.0471911011713804, "log10_min_child_weight": 0.044999754557620286, "log10_subsample": -0.35225023974891745, "max_depth": 9.0, "num_boost_round": 6.0}, "datetime": {"datetime": "2024-01-19 01:11:28", "elapsed": 3578.20728, "delta": 0.004099}}
{"target": -17.676692094839847, "params": {"gamma": 414.3846823674564, "log10_alpha": 0.3112158984662834, "log10_colsample_bytree": -0.5628300295670953, "log10_eta": -2.9445284514620482, "log10_lambda": -3.0471911011713804, "log10_min_child_weight": 0.044999754557620286, "log10_subsample": -0.35225023974891745, "max_depth": 9.0, "num_boost_round": 7.0}, "datetime": {"datetime": "2024-01-19 01:11:28", "elapsed": 3578.211563, "delta": 0.004283}}
{"target": -17.676635949024412, "params": {"gamma": 414.3846823674564, "log10_alpha": 0.3112158984662834, "log10_colsample_bytree": -0.5628300295670953, "log10_eta": -2.9445284514620482, "log10_lambda": -3.0471911011713804, "log10_min_child_weight": 0.044999754557620286, "log10_subsample": -0.35225023974891745, "max_depth": 9.0, "num_boost_round": 8.0}, "datetime": {"datetime": "2024-01-19 01:11:28", "elapsed": 3578.215822, "delta": 0.004259}}
{"target": -17.67655559472274, "params": {"gamma": 414.3846823674564, "log10_alpha": 0.3112158984662834, "log10_colsample_bytree": -0.5628300295670953, "log10_eta": -2.9445284514620482, "log10_lambda": -3.0471911011713804, "log10_min_child_weight": 0.044999754557620286, "log10_subsample": -0.35225023974891745, "max_depth": 9.0, "num_boost_round": 9.0}, "datetime": {"datetime": "2024-01-19 01:11:28", "elapsed": 3578.219956, "delta": 0.004134}}
{"target": -17.67647293001256, "params": {"gamma": 414.3846823674564, "log10_alpha": 0.3112158984662834, "log10_colsample_bytree": -0.5628300295670953, "log10_eta": -2.9445284514620482, "log10_lambda": -3.0471911011713804, "log10_min_child_weight": 0.044999754557620286, "log10_subsample": -0.35225023974891745, "max_depth": 9.0, "num_boost_round": 10.0}, "datetime": {"datetime": "2024-01-19 01:11:28", "elapsed": 3578.224205, "delta": 0.004249}}
{"target": -17.6764400628886, "params": {"gamma": 414.3846823674564, "log10_alpha": 0.3112158984662834, "log10_colsample_bytree": -0.5628300295670953, "log10_eta": -2.9445284514620482, "log10_lambda": -3.0471911011713804, "log10_min_child_weight": 0.044999754557620286, "log10_subsample": -0.35225023974891745, "max_depth": 9.0, "num_boost_round": 11.0}, "datetime": {"datetime": "2024-01-19 01:11:28", "elapsed": 3578.228253, "delta": 0.004048}}
{"target": -17.67632803972715, "params": {"gamma": 414.3846823674564, "log10_alpha": 0.3112158984662834, "log10_colsample_bytree": -0.5628300295670953, "log10_eta": -2.9445284514620482, "log10_lambda": -3.0471911011713804, "log10_min_child_weight": 0.044999754557620286, "log10_subsample": -0.35225023974891745, "max_depth": 9.0, "num_boost_round": 12.0}, "datetime": {"datetime": "2024-01-19 01:11:28", "elapsed": 3578.232329, "delta": 0.004076}}
{"target": -17.67632843729136, "params": {"gamma": 414.3846823674564, "log10_alpha": 0.3112158984662834, "log10_colsample_bytree": -0.5628300295670953, "log10_eta": -2.9445284514620482, "log10_lambda": -3.0471911011713804, "log10_min_child_weight": 0.044999754557620286, "log10_subsample": -0.35225023974891745, "max_depth": 9.0, "num_boost_round": 13.0}, "datetime": {"datetime": "2024-01-19 01:11:28", "elapsed": 3578.236441, "delta": 0.004112}}
{"target": -17.676427869136326, "params": {"gamma": 414.3846823674564, "log10_alpha": 0.3112158984662834, "log10_colsample_bytree": -0.5628300295670953, "log10_eta": -2.9445284514620482, "log10_lambda": -3.0471911011713804, "log10_min_child_weight": 0.044999754557620286, "log10_subsample": -0.35225023974891745, "max_depth": 9.0, "num_boost_round": 14.0}, "datetime": {"datetime": "2024-01-19 01:11:28", "elapsed": 3578.240437, "delta": 0.003996}}
{"target": -17.676460802948284, "params": {"gamma": 414.3846823674564, "log10_alpha": 0.3112158984662834, "log10_colsample_bytree": -0.5628300295670953, "log10_eta": -2.9445284514620482, "log10_lambda": -3.0471911011713804, "log10_min_child_weight": 0.044999754557620286, "log10_subsample": -0.35225023974891745, "max_depth": 9.0, "num_boost_round": 15.0}, "datetime": {"datetime": "2024-01-19 01:11:28", "elapsed": 3578.244738, "delta": 0.004301}}
{"target": -17.676461168271608, "params": {"gamma": 414.3846823674564, "log10_alpha": 0.3112158984662834, "log10_colsample_bytree": -0.5628300295670953, "log10_eta": -2.9445284514620482, "log10_lambda": -3.0471911011713804, "log10_min_child_weight": 0.044999754557620286, "log10_subsample": -0.35225023974891745, "max_depth": 9.0, "num_boost_round": 16.0}, "datetime": {"datetime": "2024-01-19 01:11:28", "elapsed": 3578.249017, "delta": 0.004279}}
{"target": -17.67637650730796, "params": {"gamma": 414.3846823674564, "log10_alpha": 0.3112158984662834, "log10_colsample_bytree": -0.5628300295670953, "log10_eta": -2.9445284514620482, "log10_lambda": -3.0471911011713804, "log10_min_child_weight": 0.044999754557620286, "log10_subsample": -0.35225023974891745, "max_depth": 9.0, "num_boost_round": 17.0}, "datetime": {"datetime": "2024-01-19 01:11:28", "elapsed": 3578.253199, "delta": 0.004182}}
{"target": -17.676305659946262, "params": {"gamma": 414.3846823674564, "log10_alpha": 0.3112158984662834, "log10_colsample_bytree": -0.5628300295670953, "log10_eta": -2.9445284514620482, "log10_lambda": -3.0471911011713804, "log10_min_child_weight": 0.044999754557620286, "log10_subsample": -0.35225023974891745, "max_depth": 9.0, "num_boost_round": 18.0}, "datetime": {"datetime": "2024-01-19 01:11:28", "elapsed": 3578.257395, "delta": 0.004196}}
{"target": -17.67617637264226, "params": {"gamma": 414.3846823674564, "log10_alpha": 0.3112158984662834, "log10_colsample_bytree": -0.5628300295670953, "log10_eta": -2.9445284514620482, "log10_lambda": -3.0471911011713804, "log10_min_child_weight": 0.044999754557620286, "log10_subsample": -0.35225023974891745, "max_depth": 9.0, "num_boost_round": 19.0}, "datetime": {"datetime": "2024-01-19 01:11:28", "elapsed": 3578.261612, "delta": 0.004217}}
{"target": -17.67604907701236, "params": {"gamma": 414.3846823674564, "log10_alpha": 0.3112158984662834, "log10_colsample_bytree": -0.5628300295670953, "log10_eta": -2.9445284514620482, "log10_lambda": -3.0471911011713804, "log10_min_child_weight": 0.044999754557620286, "log10_subsample": -0.35225023974891745, "max_depth": 9.0, "num_boost_round": 20.0}, "datetime": {"datetime": "2024-01-19 01:11:28", "elapsed": 3578.265614, "delta": 0.004002}}
{"target": -17.675966095234884, "params": {"gamma": 414.3846823674564, "log10_alpha": 0.3112158984662834, "log10_colsample_bytree": -0.5628300295670953, "log10_eta": -2.9445284514620482, "log10_lambda": -3.0471911011713804, "log10_min_child_weight": 0.044999754557620286, "log10_subsample": -0.35225023974891745, "max_depth": 9.0, "num_boost_round": 21.0}, "datetime": {"datetime": "2024-01-19 01:11:28", "elapsed": 3578.269606, "delta": 0.003992}}
{"target": -17.675839304406335, "params": {"gamma": 414.3846823674564, "log10_alpha": 0.3112158984662834, "log10_colsample_bytree": -0.5628300295670953, "log10_eta": -2.9445284514620482, "log10_lambda": -3.0471911011713804, "log10_min_child_weight": 0.044999754557620286, "log10_subsample": -0.35225023974891745, "max_depth": 9.0, "num_boost_round": 22.0}, "datetime": {"datetime": "2024-01-19 01:11:28", "elapsed": 3578.398242, "delta": 0.128636}}
{"target": -17.675812197317775, "params": {"gamma": 414.3846823674564, "log10_alpha": 0.3112158984662834, "log10_colsample_bytree": -0.5628300295670953, "log10_eta": -2.9445284514620482, "log10_lambda": -3.0471911011713804, "log10_min_child_weight": 0.044999754557620286, "log10_subsample": -0.35225023974891745, "max_depth": 9.0, "num_boost_round": 23.0}, "datetime": {"datetime": "2024-01-19 01:11:28", "elapsed": 3578.403455, "delta": 0.005213}}
{"target": -17.675771480657158, "params": {"gamma": 414.3846823674564, "log10_alpha": 0.3112158984662834, "log10_colsample_bytree": -0.5628300295670953, "log10_eta": -2.9445284514620482, "log10_lambda": -3.0471911011713804, "log10_min_child_weight": 0.044999754557620286, "log10_subsample": -0.35225023974891745, "max_depth": 9.0, "num_boost_round": 24.0}, "datetime": {"datetime": "2024-01-19 01:11:28", "elapsed": 3578.408439, "delta": 0.004984}}
{"target": -17.67571069508726, "params": {"gamma": 414.3846823674564, "log10_alpha": 0.3112158984662834, "log10_colsample_bytree": -0.5628300295670953, "log10_eta": -2.9445284514620482, "log10_lambda": -3.0471911011713804, "log10_min_child_weight": 0.044999754557620286, "log10_subsample": -0.35225023974891745, "max_depth": 9.0, "num_boost_round": 25.0}, "datetime": {"datetime": "2024-01-19 01:11:28", "elapsed": 3578.413262, "delta": 0.004823}}
{"target": -17.675673661696013, "params": {"gamma": 414.3846823674564, "log10_alpha": 0.3112158984662834, "log10_colsample_bytree": -0.5628300295670953, "log10_eta": -2.9445284514620482, "log10_lambda": -3.0471911011713804, "log10_min_child_weight": 0.044999754557620286, "log10_subsample": -0.35225023974891745, "max_depth": 9.0, "num_boost_round": 26.0}, "datetime": {"datetime": "2024-01-19 01:11:28", "elapsed": 3578.417704, "delta": 0.004442}}
{"target": -17.675627329696702, "params": {"gamma": 414.3846823674564, "log10_alpha": 0.3112158984662834, "log10_colsample_bytree": -0.5628300295670953, "log10_eta": -2.9445284514620482, "log10_lambda": -3.0471911011713804, "log10_min_child_weight": 0.044999754557620286, "log10_subsample": -0.35225023974891745, "max_depth": 9.0, "num_boost_round": 27.0}, "datetime": {"datetime": "2024-01-19 01:11:28", "elapsed": 3578.42208, "delta": 0.004376}}
{"target": -17.675567529461844, "params": {"gamma": 414.3846823674564, "log10_alpha": 0.3112158984662834, "log10_colsample_bytree": -0.5628300295670953, "log10_eta": -2.9445284514620482, "log10_lambda": -3.0471911011713804, "log10_min_child_weight": 0.044999754557620286, "log10_subsample": -0.35225023974891745, "max_depth": 9.0, "num_boost_round": 28.0}, "datetime": {"datetime": "2024-01-19 01:11:28", "elapsed": 3578.426597, "delta": 0.004517}}
{"target": -17.67549179389779, "params": {"gamma": 414.3846823674564, "log10_alpha": 0.3112158984662834, "log10_colsample_bytree": -0.5628300295670953, "log10_eta": -2.9445284514620482, "log10_lambda": -3.0471911011713804, "log10_min_child_weight": 0.044999754557620286, "log10_subsample": -0.35225023974891745, "max_depth": 9.0, "num_boost_round": 29.0}, "datetime": {"datetime": "2024-01-19 01:11:28", "elapsed": 3578.430932, "delta": 0.004335}}
{"target": -17.675482886323447, "params": {"gamma": 414.3846823674564, "log10_alpha": 0.3112158984662834, "log10_colsample_bytree": -0.5628300295670953, "log10_eta": -2.9445284514620482, "log10_lambda": -3.0471911011713804, "log10_min_child_weight": 0.044999754557620286, "log10_subsample": -0.35225023974891745, "max_depth": 9.0, "num_boost_round": 30.0}, "datetime": {"datetime": "2024-01-19 01:11:28", "elapsed": 3578.435296, "delta": 0.004364}}
{"target": -17.67540751836472, "params": {"gamma": 414.3846823674564, "log10_alpha": 0.3112158984662834, "log10_colsample_bytree": -0.5628300295670953, "log10_eta": -2.9445284514620482, "log10_lambda": -3.0471911011713804, "log10_min_child_weight": 0.044999754557620286, "log10_subsample": -0.35225023974891745, "max_depth": 9.0, "num_boost_round": 31.0}, "datetime": {"datetime": "2024-01-19 01:11:28", "elapsed": 3578.439719, "delta": 0.004423}}
{"target": -17.67532653937104, "params": {"gamma": 414.3846823674564, "log10_alpha": 0.3112158984662834, "log10_colsample_bytree": -0.5628300295670953, "log10_eta": -2.9445284514620482, "log10_lambda": -3.0471911011713804, "log10_min_child_weight": 0.044999754557620286, "log10_subsample": -0.35225023974891745, "max_depth": 9.0, "num_boost_round": 32.0}, "datetime": {"datetime": "2024-01-19 01:11:28", "elapsed": 3578.443914, "delta": 0.004195}}
{"target": -17.675280012103663, "params": {"gamma": 414.3846823674564, "log10_alpha": 0.3112158984662834, "log10_colsample_bytree": -0.5628300295670953, "log10_eta": -2.9445284514620482, "log10_lambda": -3.0471911011713804, "log10_min_child_weight": 0.044999754557620286, "log10_subsample": -0.35225023974891745, "max_depth": 9.0, "num_boost_round": 33.0}, "datetime": {"datetime": "2024-01-19 01:11:28", "elapsed": 3578.448131, "delta": 0.004217}}
{"target": -17.675174946599885, "params": {"gamma": 414.3846823674564, "log10_alpha": 0.3112158984662834, "log10_colsample_bytree": -0.5628300295670953, "log10_eta": -2.9445284514620482, "log10_lambda": -3.0471911011713804, "log10_min_child_weight": 0.044999754557620286, "log10_subsample": -0.35225023974891745, "max_depth": 9.0, "num_boost_round": 34.0}, "datetime": {"datetime": "2024-01-19 01:11:28", "elapsed": 3578.452469, "delta": 0.004338}}
{"target": -17.67510750390434, "params": {"gamma": 414.3846823674564, "log10_alpha": 0.3112158984662834, "log10_colsample_bytree": -0.5628300295670953, "log10_eta": -2.9445284514620482, "log10_lambda": -3.0471911011713804, "log10_min_child_weight": 0.044999754557620286, "log10_subsample": -0.35225023974891745, "max_depth": 9.0, "num_boost_round": 35.0}, "datetime": {"datetime": "2024-01-19 01:11:28", "elapsed": 3578.456671, "delta": 0.004202}}
{"target": -17.67510656361829, "params": {"gamma": 414.3846823674564, "log10_alpha": 0.3112158984662834, "log10_colsample_bytree": -0.5628300295670953, "log10_eta": -2.9445284514620482, "log10_lambda": -3.0471911011713804, "log10_min_child_weight": 0.044999754557620286, "log10_subsample": -0.35225023974891745, "max_depth": 9.0, "num_boost_round": 36.0}, "datetime": {"datetime": "2024-01-19 01:11:28", "elapsed": 3578.460886, "delta": 0.004215}}
{"target": -17.67503005528945, "params": {"gamma": 414.3846823674564, "log10_alpha": 0.3112158984662834, "log10_colsample_bytree": -0.5628300295670953, "log10_eta": -2.9445284514620482, "log10_lambda": -3.0471911011713804, "log10_min_child_weight": 0.044999754557620286, "log10_subsample": -0.35225023974891745, "max_depth": 9.0, "num_boost_round": 37.0}, "datetime": {"datetime": "2024-01-19 01:11:28", "elapsed": 3578.465649, "delta": 0.004763}}
{"target": -17.675010849892676, "params": {"gamma": 414.3846823674564, "log10_alpha": 0.3112158984662834, "log10_colsample_bytree": -0.5628300295670953, "log10_eta": -2.9445284514620482, "log10_lambda": -3.0471911011713804, "log10_min_child_weight": 0.044999754557620286, "log10_subsample": -0.35225023974891745, "max_depth": 9.0, "num_boost_round": 38.0}, "datetime": {"datetime": "2024-01-19 01:11:28", "elapsed": 3578.470093, "delta": 0.004444}}
{"target": -17.67497628540285, "params": {"gamma": 414.3846823674564, "log10_alpha": 0.3112158984662834, "log10_colsample_bytree": -0.5628300295670953, "log10_eta": -2.9445284514620482, "log10_lambda": -3.0471911011713804, "log10_min_child_weight": 0.044999754557620286, "log10_subsample": -0.35225023974891745, "max_depth": 9.0, "num_boost_round": 39.0}, "datetime": {"datetime": "2024-01-19 01:11:28", "elapsed": 3578.474469, "delta": 0.004376}}
