{"target": -17.67721294335709, "params": {"gamma": 51.66696464445097, "log10_alpha": -2.19520496077796, "log10_colsample_bytree": -0.9181049430639974, "log10_eta": -3.063155945573592, "log10_lambda": 0.5649531071758478, "log10_min_child_weight": 1.476915643882513, "log10_subsample": -0.4314244248844189, "max_depth": 2.0, "num_boost_round": 0.0}, "datetime": {"datetime": "2024-01-19 01:07:27", "elapsed": 3401.302324, "delta": 40.836551}}
{"target": -17.677179484855856, "params": {"gamma": 51.66696464445097, "log10_alpha": -2.19520496077796, "log10_colsample_bytree": -0.9181049430639974, "log10_eta": -3.063155945573592, "log10_lambda": 0.5649531071758478, "log10_min_child_weight": 1.476915643882513, "log10_subsample": -0.4314244248844189, "max_depth": 2.0, "num_boost_round": 1.0}, "datetime": {"datetime": "2024-01-19 01:07:27", "elapsed": 3401.306606, "delta": 0.004282}}
{"target": -17.677178539578616, "params": {"gamma": 51.66696464445097, "log10_alpha": -2.19520496077796, "log10_colsample_bytree": -0.9181049430639974, "log10_eta": -3.063155945573592, "log10_lambda": 0.5649531071758478, "log10_min_child_weight": 1.476915643882513, "log10_subsample": -0.4314244248844189, "max_depth": 2.0, "num_boost_round": 2.0}, "datetime": {"datetime": "2024-01-19 01:07:27", "elapsed": 3401.309925, "delta": 0.003319}}
{"target": -17.67717694430668, "params": {"gamma": 51.66696464445097, "log10_alpha": -2.19520496077796, "log10_colsample_bytree": -0.9181049430639974, "log10_eta": -3.063155945573592, "log10_lambda": 0.5649531071758478, "log10_min_child_weight": 1.476915643882513, "log10_subsample": -0.4314244248844189, "max_depth": 2.0, "num_boost_round": 3.0}, "datetime": {"datetime": "2024-01-19 01:07:27", "elapsed": 3401.313137, "delta": 0.003212}}
{"target": -17.677164808372417, "params": {"gamma": 51.66696464445097, "log10_alpha": -2.19520496077796, "log10_colsample_bytree": -0.9181049430639974, "log10_eta": -3.063155945573592, "log10_lambda": 0.5649531071758478, "log10_min_child_weight": 1.476915643882513, "log10_subsample": -0.4314244248844189, "max_depth": 2.0, "num_boost_round": 4.0}, "datetime": {"datetime": "2024-01-19 01:07:27", "elapsed": 3401.31629, "delta": 0.003153}}
{"target": -17.67714053852392, "params": {"gamma": 51.66696464445097, "log10_alpha": -2.19520496077796, "log10_colsample_bytree": -0.9181049430639974, "log10_eta": -3.063155945573592, "log10_lambda": 0.5649531071758478, "log10_min_child_weight": 1.476915643882513, "log10_subsample": -0.4314244248844189, "max_depth": 2.0, "num_boost_round": 5.0}, "datetime": {"datetime": "2024-01-19 01:07:27", "elapsed": 3401.31938, "delta": 0.00309}}
{"target": -17.677130893216358, "params": {"gamma": 51.66696464445097, "log10_alpha": -2.19520496077796, "log10_colsample_bytree": -0.9181049430639974, "log10_eta": -3.063155945573592, "log10_lambda": 0.5649531071758478, "log10_min_child_weight": 1.476915643882513, "log10_subsample": -0.4314244248844189, "max_depth": 2.0, "num_boost_round": 6.0}, "datetime": {"datetime": "2024-01-19 01:07:27", "elapsed": 3401.322482, "delta": 0.003102}}
{"target": -17.677113046694696, "params": {"gamma": 51.66696464445097, "log10_alpha": -2.19520496077796, "log10_colsample_bytree": -0.9181049430639974, "log10_eta": -3.063155945573592, "log10_lambda": 0.5649531071758478, "log10_min_child_weight": 1.476915643882513, "log10_subsample": -0.4314244248844189, "max_depth": 2.0, "num_boost_round": 7.0}, "datetime": {"datetime": "2024-01-19 01:07:27", "elapsed": 3401.325633, "delta": 0.003151}}
{"target": -17.677121487742507, "params": {"gamma": 51.66696464445097, "log10_alpha": -2.19520496077796, "log10_colsample_bytree": -0.9181049430639974, "log10_eta": -3.063155945573592, "log10_lambda": 0.5649531071758478, "log10_min_child_weight": 1.476915643882513, "log10_subsample": -0.4314244248844189, "max_depth": 2.0, "num_boost_round": 8.0}, "datetime": {"datetime": "2024-01-19 01:07:27", "elapsed": 3401.328719, "delta": 0.003086}}
{"target": -17.67711068453177, "params": {"gamma": 51.66696464445097, "log10_alpha": -2.19520496077796, "log10_colsample_bytree": -0.9181049430639974, "log10_eta": -3.063155945573592, "log10_lambda": 0.5649531071758478, "log10_min_child_weight": 1.476915643882513, "log10_subsample": -0.4314244248844189, "max_depth": 2.0, "num_boost_round": 9.0}, "datetime": {"datetime": "2024-01-19 01:07:27", "elapsed": 3401.331879, "delta": 0.00316}}
{"target": -17.677083448401856, "params": {"gamma": 51.66696464445097, "log10_alpha": -2.19520496077796, "log10_colsample_bytree": -0.9181049430639974, "log10_eta": -3.063155945573592, "log10_lambda": 0.5649531071758478, "log10_min_child_weight": 1.476915643882513, "log10_subsample": -0.4314244248844189, "max_depth": 2.0, "num_boost_round": 10.0}, "datetime": {"datetime": "2024-01-19 01:07:27", "elapsed": 3401.335066, "delta": 0.003187}}
{"target": -17.677060785296884, "params": {"gamma": 51.66696464445097, "log10_alpha": -2.19520496077796, "log10_colsample_bytree": -0.9181049430639974, "log10_eta": -3.063155945573592, "log10_lambda": 0.5649531071758478, "log10_min_child_weight": 1.476915643882513, "log10_subsample": -0.4314244248844189, "max_depth": 2.0, "num_boost_round": 11.0}, "datetime": {"datetime": "2024-01-19 01:07:27", "elapsed": 3401.338176, "delta": 0.00311}}
{"target": -17.677040623247777, "params": {"gamma": 51.66696464445097, "log10_alpha": -2.19520496077796, "log10_colsample_bytree": -0.9181049430639974, "log10_eta": -3.063155945573592, "log10_lambda": 0.5649531071758478, "log10_min_child_weight": 1.476915643882513, "log10_subsample": -0.4314244248844189, "max_depth": 2.0, "num_boost_round": 12.0}, "datetime": {"datetime": "2024-01-19 01:07:27", "elapsed": 3401.341313, "delta": 0.003137}}
{"target": -17.67702552328408, "params": {"gamma": 51.66696464445097, "log10_alpha": -2.19520496077796, "log10_colsample_bytree": -0.9181049430639974, "log10_eta": -3.063155945573592, "log10_lambda": 0.5649531071758478, "log10_min_child_weight": 1.476915643882513, "log10_subsample": -0.4314244248844189, "max_depth": 2.0, "num_boost_round": 13.0}, "datetime": {"datetime": "2024-01-19 01:07:27", "elapsed": 3401.344513, "delta": 0.0032}}
{"target": -17.677019982657498, "params": {"gamma": 51.66696464445097, "log10_alpha": -2.19520496077796, "log10_colsample_bytree": -0.9181049430639974, "log10_eta": -3.063155945573592, "log10_lambda": 0.5649531071758478, "log10_min_child_weight": 1.476915643882513, "log10_subsample": -0.4314244248844189, "max_depth": 2.0, "num_boost_round": 14.0}, "datetime": {"datetime": "2024-01-19 01:07:27", "elapsed": 3401.347701, "delta": 0.003188}}
{"target": -17.67700918503602, "params": {"gamma": 51.66696464445097, "log10_alpha": -2.19520496077796, "log10_colsample_bytree": -0.9181049430639974, "log10_eta": -3.063155945573592, "log10_lambda": 0.5649531071758478, "log10_min_child_weight": 1.476915643882513, "log10_subsample": -0.4314244248844189, "max_depth": 2.0, "num_boost_round": 15.0}, "datetime": {"datetime": "2024-01-19 01:07:27", "elapsed": 3401.350903, "delta": 0.003202}}
{"target": -17.67699198155992, "params": {"gamma": 51.66696464445097, "log10_alpha": -2.19520496077796, "log10_colsample_bytree": -0.9181049430639974, "log10_eta": -3.063155945573592, "log10_lambda": 0.5649531071758478, "log10_min_child_weight": 1.476915643882513, "log10_subsample": -0.4314244248844189, "max_depth": 2.0, "num_boost_round": 16.0}, "datetime": {"datetime": "2024-01-19 01:07:27", "elapsed": 3401.353998, "delta": 0.003095}}
{"target": -17.676973146151727, "params": {"gamma": 51.66696464445097, "log10_alpha": -2.19520496077796, "log10_colsample_bytree": -0.9181049430639974, "log10_eta": -3.063155945573592, "log10_lambda": 0.5649531071758478, "log10_min_child_weight": 1.476915643882513, "log10_subsample": -0.4314244248844189, "max_depth": 2.0, "num_boost_round": 17.0}, "datetime": {"datetime": "2024-01-19 01:07:27", "elapsed": 3401.357147, "delta": 0.003149}}
{"target": -17.6769502507079, "params": {"gamma": 51.66696464445097, "log10_alpha": -2.19520496077796, "log10_colsample_bytree": -0.9181049430639974, "log10_eta": -3.063155945573592, "log10_lambda": 0.5649531071758478, "log10_min_child_weight": 1.476915643882513, "log10_subsample": -0.4314244248844189, "max_depth": 2.0, "num_boost_round": 18.0}, "datetime": {"datetime": "2024-01-19 01:07:27", "elapsed": 3401.36034, "delta": 0.003193}}
{"target": -17.67693841783181, "params": {"gamma": 51.66696464445097, "log10_alpha": -2.19520496077796, "log10_colsample_bytree": -0.9181049430639974, "log10_eta": -3.063155945573592, "log10_lambda": 0.5649531071758478, "log10_min_child_weight": 1.476915643882513, "log10_subsample": -0.4314244248844189, "max_depth": 2.0, "num_boost_round": 19.0}, "datetime": {"datetime": "2024-01-19 01:07:27", "elapsed": 3401.363503, "delta": 0.003163}}
{"target": -17.676924218234564, "params": {"gamma": 51.66696464445097, "log10_alpha": -2.19520496077796, "log10_colsample_bytree": -0.9181049430639974, "log10_eta": -3.063155945573592, "log10_lambda": 0.5649531071758478, "log10_min_child_weight": 1.476915643882513, "log10_subsample": -0.4314244248844189, "max_depth": 2.0, "num_boost_round": 20.0}, "datetime": {"datetime": "2024-01-19 01:07:27", "elapsed": 3401.366628, "delta": 0.003125}}
{"target": -17.676893129385196, "params": {"gamma": 51.66696464445097, "log10_alpha": -2.19520496077796, "log10_colsample_bytree": -0.9181049430639974, "log10_eta": -3.063155945573592, "log10_lambda": 0.5649531071758478, "log10_min_child_weight": 1.476915643882513, "log10_subsample": -0.4314244248844189, "max_depth": 2.0, "num_boost_round": 21.0}, "datetime": {"datetime": "2024-01-19 01:07:27", "elapsed": 3401.369803, "delta": 0.003175}}
{"target": -17.676878135117168, "params": {"gamma": 51.66696464445097, "log10_alpha": -2.19520496077796, "log10_colsample_bytree": -0.9181049430639974, "log10_eta": -3.063155945573592, "log10_lambda": 0.5649531071758478, "log10_min_child_weight": 1.476915643882513, "log10_subsample": -0.4314244248844189, "max_depth": 2.0, "num_boost_round": 22.0}, "datetime": {"datetime": "2024-01-19 01:07:27", "elapsed": 3401.372999, "delta": 0.003196}}
{"target": -17.67684434268606, "params": {"gamma": 51.66696464445097, "log10_alpha": -2.19520496077796, "log10_colsample_bytree": -0.9181049430639974, "log10_eta": -3.063155945573592, "log10_lambda": 0.5649531071758478, "log10_min_child_weight": 1.476915643882513, "log10_subsample": -0.4314244248844189, "max_depth": 2.0, "num_boost_round": 23.0}, "datetime": {"datetime": "2024-01-19 01:07:27", "elapsed": 3401.376108, "delta": 0.003109}}
{"target": -17.67682988978899, "params": {"gamma": 51.66696464445097, "log10_alpha": -2.19520496077796, "log10_colsample_bytree": -0.9181049430639974, "log10_eta": -3.063155945573592, "log10_lambda": 0.5649531071758478, "log10_min_child_weight": 1.476915643882513, "log10_subsample": -0.4314244248844189, "max_depth": 2.0, "num_boost_round": 24.0}, "datetime": {"datetime": "2024-01-19 01:07:27", "elapsed": 3401.379225, "delta": 0.003117}}
{"target": -17.677224815217084, "params": {"gamma": 6.415765535082607, "log10_alpha": -1.2620969615007134, "log10_colsample_bytree": -0.735795333621712, "log10_eta": -3.941845281209415, "log10_lambda": -4.737796609349123, "log10_min_child_weight": 0.7812805784431415, "log10_subsample": -0.2779518291951705, "max_depth": 7.0, "num_boost_round": 0.0}, "datetime": {"datetime": "2024-01-19 01:08:36", "elapsed": 3470.472697, "delta": 69.093472}}
{"target": -17.67721685910346, "params": {"gamma": 6.415765535082607, "log10_alpha": -1.2620969615007134, "log10_colsample_bytree": -0.735795333621712, "log10_eta": -3.941845281209415, "log10_lambda": -4.737796609349123, "log10_min_child_weight": 0.7812805784431415, "log10_subsample": -0.2779518291951705, "max_depth": 7.0, "num_boost_round": 1.0}, "datetime": {"datetime": "2024-01-19 01:08:36", "elapsed": 3470.476944, "delta": 0.004247}}
{"target": -17.67721053333888, "params": {"gamma": 6.415765535082607, "log10_alpha": -1.2620969615007134, "log10_colsample_bytree": -0.735795333621712, "log10_eta": -3.941845281209415, "log10_lambda": -4.737796609349123, "log10_min_child_weight": 0.7812805784431415, "log10_subsample": -0.2779518291951705, "max_depth": 7.0, "num_boost_round": 2.0}, "datetime": {"datetime": "2024-01-19 01:08:36", "elapsed": 3470.480134, "delta": 0.00319}}
{"target": -17.677207918650243, "params": {"gamma": 6.415765535082607, "log10_alpha": -1.2620969615007134, "log10_colsample_bytree": -0.735795333621712, "log10_eta": -3.941845281209415, "log10_lambda": -4.737796609349123, "log10_min_child_weight": 0.7812805784431415, "log10_subsample": -0.2779518291951705, "max_depth": 7.0, "num_boost_round": 3.0}, "datetime": {"datetime": "2024-01-19 01:08:36", "elapsed": 3470.483404, "delta": 0.00327}}
{"target": -17.67719747194306, "params": {"gamma": 6.415765535082607, "log10_alpha": -1.2620969615007134, "log10_colsample_bytree": -0.735795333621712, "log10_eta": -3.941845281209415, "log10_lambda": -4.737796609349123, "log10_min_child_weight": 0.7812805784431415, "log10_subsample": -0.2779518291951705, "max_depth": 7.0, "num_boost_round": 4.0}, "datetime": {"datetime": "2024-01-19 01:08:36", "elapsed": 3470.486648, "delta": 0.003244}}
{"target": -17.677189391819642, "params": {"gamma": 6.415765535082607, "log10_alpha": -1.2620969615007134, "log10_colsample_bytree": -0.735795333621712, "log10_eta": -3.941845281209415, "log10_lambda": -4.737796609349123, "log10_min_child_weight": 0.7812805784431415, "log10_subsample": -0.2779518291951705, "max_depth": 7.0, "num_boost_round": 5.0}, "datetime": {"datetime": "2024-01-19 01:08:36", "elapsed": 3470.48971, "delta": 0.003062}}
{"target": -17.67718584115272, "params": {"gamma": 6.415765535082607, "log10_alpha": -1.2620969615007134, "log10_colsample_bytree": -0.735795333621712, "log10_eta": -3.941845281209415, "log10_lambda": -4.737796609349123, "log10_min_child_weight": 0.7812805784431415, "log10_subsample": -0.2779518291951705, "max_depth": 7.0, "num_boost_round": 6.0}, "datetime": {"datetime": "2024-01-19 01:08:36", "elapsed": 3470.493039, "delta": 0.003329}}
{"target": -17.67717532562172, "params": {"gamma": 6.415765535082607, "log10_alpha": -1.2620969615007134, "log10_colsample_bytree": -0.735795333621712, "log10_eta": -3.941845281209415, "log10_lambda": -4.737796609349123, "log10_min_child_weight": 0.7812805784431415, "log10_subsample": -0.2779518291951705, "max_depth": 7.0, "num_boost_round": 7.0}, "datetime": {"datetime": "2024-01-19 01:08:36", "elapsed": 3470.496192, "delta": 0.003153}}
{"target": -17.67717233435966, "params": {"gamma": 6.415765535082607, "log10_alpha": -1.2620969615007134, "log10_colsample_bytree": -0.735795333621712, "log10_eta": -3.941845281209415, "log10_lambda": -4.737796609349123, "log10_min_child_weight": 0.7812805784431415, "log10_subsample": -0.2779518291951705, "max_depth": 7.0, "num_boost_round": 8.0}, "datetime": {"datetime": "2024-01-19 01:08:36", "elapsed": 3470.49915, "delta": 0.002958}}
{"target": -17.67716863168296, "params": {"gamma": 6.415765535082607, "log10_alpha": -1.2620969615007134, "log10_colsample_bytree": -0.735795333621712, "log10_eta": -3.941845281209415, "log10_lambda": -4.737796609349123, "log10_min_child_weight": 0.7812805784431415, "log10_subsample": -0.2779518291951705, "max_depth": 7.0, "num_boost_round": 9.0}, "datetime": {"datetime": "2024-01-19 01:08:36", "elapsed": 3470.502299, "delta": 0.003149}}
{"target": -17.677154675410716, "params": {"gamma": 6.415765535082607, "log10_alpha": -1.2620969615007134, "log10_colsample_bytree": -0.735795333621712, "log10_eta": -3.941845281209415, "log10_lambda": -4.737796609349123, "log10_min_child_weight": 0.7812805784431415, "log10_subsample": -0.2779518291951705, "max_depth": 7.0, "num_boost_round": 10.0}, "datetime": {"datetime": "2024-01-19 01:08:36", "elapsed": 3470.505393, "delta": 0.003094}}
{"target": -17.677152597190084, "params": {"gamma": 6.415765535082607, "log10_alpha": -1.2620969615007134, "log10_colsample_bytree": -0.735795333621712, "log10_eta": -3.941845281209415, "log10_lambda": -4.737796609349123, "log10_min_child_weight": 0.7812805784431415, "log10_subsample": -0.2779518291951705, "max_depth": 7.0, "num_boost_round": 11.0}, "datetime": {"datetime": "2024-01-19 01:08:36", "elapsed": 3470.508737, "delta": 0.003344}}
{"target": -17.67714288183926, "params": {"gamma": 6.415765535082607, "log10_alpha": -1.2620969615007134, "log10_colsample_bytree": -0.735795333621712, "log10_eta": -3.941845281209415, "log10_lambda": -4.737796609349123, "log10_min_child_weight": 0.7812805784431415, "log10_subsample": -0.2779518291951705, "max_depth": 7.0, "num_boost_round": 12.0}, "datetime": {"datetime": "2024-01-19 01:08:36", "elapsed": 3470.511934, "delta": 0.003197}}
{"target": -17.677134410028298, "params": {"gamma": 6.415765535082607, "log10_alpha": -1.2620969615007134, "log10_colsample_bytree": -0.735795333621712, "log10_eta": -3.941845281209415, "log10_lambda": -4.737796609349123, "log10_min_child_weight": 0.7812805784431415, "log10_subsample": -0.2779518291951705, "max_depth": 7.0, "num_boost_round": 13.0}, "datetime": {"datetime": "2024-01-19 01:08:36", "elapsed": 3470.515256, "delta": 0.003322}}
{"target": -17.67713897176233, "params": {"gamma": 6.415765535082607, "log10_alpha": -1.2620969615007134, "log10_colsample_bytree": -0.735795333621712, "log10_eta": -3.941845281209415, "log10_lambda": -4.737796609349123, "log10_min_child_weight": 0.7812805784431415, "log10_subsample": -0.2779518291951705, "max_depth": 7.0, "num_boost_round": 14.0}, "datetime": {"datetime": "2024-01-19 01:08:36", "elapsed": 3470.518569, "delta": 0.003313}}
{"target": -17.677134620454964, "params": {"gamma": 6.415765535082607, "log10_alpha": -1.2620969615007134, "log10_colsample_bytree": -0.735795333621712, "log10_eta": -3.941845281209415, "log10_lambda": -4.737796609349123, "log10_min_child_weight": 0.7812805784431415, "log10_subsample": -0.2779518291951705, "max_depth": 7.0, "num_boost_round": 15.0}, "datetime": {"datetime": "2024-01-19 01:08:36", "elapsed": 3470.522662, "delta": 0.004093}}
{"target": -17.6771352772899, "params": {"gamma": 6.415765535082607, "log10_alpha": -1.2620969615007134, "log10_colsample_bytree": -0.735795333621712, "log10_eta": -3.941845281209415, "log10_lambda": -4.737796609349123, "log10_min_child_weight": 0.7812805784431415, "log10_subsample": -0.2779518291951705, "max_depth": 7.0, "num_boost_round": 16.0}, "datetime": {"datetime": "2024-01-19 01:08:36", "elapsed": 3470.525887, "delta": 0.003225}}
{"target": -17.677127643730135, "params": {"gamma": 6.415765535082607, "log10_alpha": -1.2620969615007134, "log10_colsample_bytree": -0.735795333621712, "log10_eta": -3.941845281209415, "log10_lambda": -4.737796609349123, "log10_min_child_weight": 0.7812805784431415, "log10_subsample": -0.2779518291951705, "max_depth": 7.0, "num_boost_round": 17.0}, "datetime": {"datetime": "2024-01-19 01:08:36", "elapsed": 3470.529073, "delta": 0.003186}}
{"target": -17.677129462401357, "params": {"gamma": 6.415765535082607, "log10_alpha": -1.2620969615007134, "log10_colsample_bytree": -0.735795333621712, "log10_eta": -3.941845281209415, "log10_lambda": -4.737796609349123, "log10_min_child_weight": 0.7812805784431415, "log10_subsample": -0.2779518291951705, "max_depth": 7.0, "num_boost_round": 18.0}, "datetime": {"datetime": "2024-01-19 01:08:36", "elapsed": 3470.532333, "delta": 0.00326}}
{"target": -17.67712769903489, "params": {"gamma": 6.415765535082607, "log10_alpha": -1.2620969615007134, "log10_colsample_bytree": -0.735795333621712, "log10_eta": -3.941845281209415, "log10_lambda": -4.737796609349123, "log10_min_child_weight": 0.7812805784431415, "log10_subsample": -0.2779518291951705, "max_depth": 7.0, "num_boost_round": 19.0}, "datetime": {"datetime": "2024-01-19 01:08:36", "elapsed": 3470.535498, "delta": 0.003165}}
{"target": -17.677122852203087, "params": {"gamma": 6.415765535082607, "log10_alpha": -1.2620969615007134, "log10_colsample_bytree": -0.735795333621712, "log10_eta": -3.941845281209415, "log10_lambda": -4.737796609349123, "log10_min_child_weight": 0.7812805784431415, "log10_subsample": -0.2779518291951705, "max_depth": 7.0, "num_boost_round": 20.0}, "datetime": {"datetime": "2024-01-19 01:08:36", "elapsed": 3470.538586, "delta": 0.003088}}
{"target": -17.67711865042105, "params": {"gamma": 6.415765535082607, "log10_alpha": -1.2620969615007134, "log10_colsample_bytree": -0.735795333621712, "log10_eta": -3.941845281209415, "log10_lambda": -4.737796609349123, "log10_min_child_weight": 0.7812805784431415, "log10_subsample": -0.2779518291951705, "max_depth": 7.0, "num_boost_round": 21.0}, "datetime": {"datetime": "2024-01-19 01:08:36", "elapsed": 3470.541781, "delta": 0.003195}}
{"target": -17.677110558030098, "params": {"gamma": 6.415765535082607, "log10_alpha": -1.2620969615007134, "log10_colsample_bytree": -0.735795333621712, "log10_eta": -3.941845281209415, "log10_lambda": -4.737796609349123, "log10_min_child_weight": 0.7812805784431415, "log10_subsample": -0.2779518291951705, "max_depth": 7.0, "num_boost_round": 22.0}, "datetime": {"datetime": "2024-01-19 01:08:36", "elapsed": 3470.545064, "delta": 0.003283}}
{"target": -17.677099708565766, "params": {"gamma": 6.415765535082607, "log10_alpha": -1.2620969615007134, "log10_colsample_bytree": -0.735795333621712, "log10_eta": -3.941845281209415, "log10_lambda": -4.737796609349123, "log10_min_child_weight": 0.7812805784431415, "log10_subsample": -0.2779518291951705, "max_depth": 7.0, "num_boost_round": 23.0}, "datetime": {"datetime": "2024-01-19 01:08:36", "elapsed": 3470.548168, "delta": 0.003104}}
