{"target": -13.758334384049949, "params": {"gamma": 567.3209465853638, "log10_alpha": 0.2962993665393361, "log10_colsample_bytree": -0.7487239341409083, "log10_eta": -3.784398869196963, "log10_lambda": -2.9616158239830606, "log10_min_child_weight": 1.0600031333146536, "log10_subsample": -0.7311414115982074, "max_depth": 8.0, "num_boost_round": 43.0}, "datetime": {"datetime": "2024-01-19 02:04:02", "elapsed": 6774.16117, "delta": 0.006782}}
{"target": -13.758327773690583, "params": {"gamma": 567.3209465853638, "log10_alpha": 0.2962993665393361, "log10_colsample_bytree": -0.7487239341409083, "log10_eta": -3.784398869196963, "log10_lambda": -2.9616158239830606, "log10_min_child_weight": 1.0600031333146536, "log10_subsample": -0.7311414115982074, "max_depth": 8.0, "num_boost_round": 44.0}, "datetime": {"datetime": "2024-01-19 02:04:02", "elapsed": 6774.167912, "delta": 0.006742}}
{"target": -13.758325456819863, "params": {"gamma": 567.3209465853638, "log10_alpha": 0.2962993665393361, "log10_colsample_bytree": -0.7487239341409083, "log10_eta": -3.784398869196963, "log10_lambda": -2.9616158239830606, "log10_min_child_weight": 1.0600031333146536, "log10_subsample": -0.7311414115982074, "max_depth": 8.0, "num_boost_round": 45.0}, "datetime": {"datetime": "2024-01-19 02:04:02", "elapsed": 6774.175544, "delta": 0.007632}}
{"target": -13.75832831157773, "params": {"gamma": 567.3209465853638, "log10_alpha": 0.2962993665393361, "log10_colsample_bytree": -0.7487239341409083, "log10_eta": -3.784398869196963, "log10_lambda": -2.9616158239830606, "log10_min_child_weight": 1.0600031333146536, "log10_subsample": -0.7311414115982074, "max_depth": 8.0, "num_boost_round": 46.0}, "datetime": {"datetime": "2024-01-19 02:04:02", "elapsed": 6774.18255, "delta": 0.007006}}
{"target": -13.758330680368422, "params": {"gamma": 567.3209465853638, "log10_alpha": 0.2962993665393361, "log10_colsample_bytree": -0.7487239341409083, "log10_eta": -3.784398869196963, "log10_lambda": -2.9616158239830606, "log10_min_child_weight": 1.0600031333146536, "log10_subsample": -0.7311414115982074, "max_depth": 8.0, "num_boost_round": 47.0}, "datetime": {"datetime": "2024-01-19 02:04:02", "elapsed": 6774.189255, "delta": 0.006705}}
{"target": -13.7583280115442, "params": {"gamma": 567.3209465853638, "log10_alpha": 0.2962993665393361, "log10_colsample_bytree": -0.7487239341409083, "log10_eta": -3.784398869196963, "log10_lambda": -2.9616158239830606, "log10_min_child_weight": 1.0600031333146536, "log10_subsample": -0.7311414115982074, "max_depth": 8.0, "num_boost_round": 48.0}, "datetime": {"datetime": "2024-01-19 02:04:02", "elapsed": 6774.196129, "delta": 0.006874}}
{"target": -13.758327738010001, "params": {"gamma": 567.3209465853638, "log10_alpha": 0.2962993665393361, "log10_colsample_bytree": -0.7487239341409083, "log10_eta": -3.784398869196963, "log10_lambda": -2.9616158239830606, "log10_min_child_weight": 1.0600031333146536, "log10_subsample": -0.7311414115982074, "max_depth": 8.0, "num_boost_round": 49.0}, "datetime": {"datetime": "2024-01-19 02:04:02", "elapsed": 6774.20287, "delta": 0.006741}}
{"target": -13.75831235845725, "params": {"gamma": 567.3209465853638, "log10_alpha": 0.2962993665393361, "log10_colsample_bytree": -0.7487239341409083, "log10_eta": -3.784398869196963, "log10_lambda": -2.9616158239830606, "log10_min_child_weight": 1.0600031333146536, "log10_subsample": -0.7311414115982074, "max_depth": 8.0, "num_boost_round": 50.0}, "datetime": {"datetime": "2024-01-19 02:04:02", "elapsed": 6774.20988, "delta": 0.00701}}
{"target": -13.758314719493573, "params": {"gamma": 567.3209465853638, "log10_alpha": 0.2962993665393361, "log10_colsample_bytree": -0.7487239341409083, "log10_eta": -3.784398869196963, "log10_lambda": -2.9616158239830606, "log10_min_child_weight": 1.0600031333146536, "log10_subsample": -0.7311414115982074, "max_depth": 8.0, "num_boost_round": 51.0}, "datetime": {"datetime": "2024-01-19 02:04:02", "elapsed": 6774.21668, "delta": 0.0068}}
{"target": -13.758305663447153, "params": {"gamma": 567.3209465853638, "log10_alpha": 0.2962993665393361, "log10_colsample_bytree": -0.7487239341409083, "log10_eta": -3.784398869196963, "log10_lambda": -2.9616158239830606, "log10_min_child_weight": 1.0600031333146536, "log10_subsample": -0.7311414115982074, "max_depth": 8.0, "num_boost_round": 52.0}, "datetime": {"datetime": "2024-01-19 02:04:02", "elapsed": 6774.329021, "delta": 0.112341}}
{"target": -13.758297721740753, "params": {"gamma": 567.3209465853638, "log10_alpha": 0.2962993665393361, "log10_colsample_bytree": -0.7487239341409083, "log10_eta": -3.784398869196963, "log10_lambda": -2.9616158239830606, "log10_min_child_weight": 1.0600031333146536, "log10_subsample": -0.7311414115982074, "max_depth": 8.0, "num_boost_round": 53.0}, "datetime": {"datetime": "2024-01-19 02:04:02", "elapsed": 6774.337284, "delta": 0.008263}}
{"target": -13.758298968361446, "params": {"gamma": 567.3209465853638, "log10_alpha": 0.2962993665393361, "log10_colsample_bytree": -0.7487239341409083, "log10_eta": -3.784398869196963, "log10_lambda": -2.9616158239830606, "log10_min_child_weight": 1.0600031333146536, "log10_subsample": -0.7311414115982074, "max_depth": 8.0, "num_boost_round": 54.0}, "datetime": {"datetime": "2024-01-19 02:04:02", "elapsed": 6774.344781, "delta": 0.007497}}
{"target": -13.758530260639526, "params": {"gamma": 569.6609367386441, "log10_alpha": 1.0, "log10_colsample_bytree": -1.0, "log10_eta": -3.9426741031363286, "log10_lambda": -1.8836629581571926, "log10_min_child_weight": 0.4128759163559473, "log10_subsample": -0.4158140108703805, "max_depth": 9.0, "num_boost_round": 0.0}, "datetime": {"datetime": "2024-01-19 02:06:34", "elapsed": 6925.886124, "delta": 151.541343}}
{"target": -13.758531529893835, "params": {"gamma": 569.6609367386441, "log10_alpha": 1.0, "log10_colsample_bytree": -1.0, "log10_eta": -3.9426741031363286, "log10_lambda": -1.8836629581571926, "log10_min_child_weight": 0.4128759163559473, "log10_subsample": -0.4158140108703805, "max_depth": 9.0, "num_boost_round": 1.0}, "datetime": {"datetime": "2024-01-19 02:06:34", "elapsed": 6925.89386, "delta": 0.007736}}
{"target": -13.758533238807237, "params": {"gamma": 569.6609367386441, "log10_alpha": 1.0, "log10_colsample_bytree": -1.0, "log10_eta": -3.9426741031363286, "log10_lambda": -1.8836629581571926, "log10_min_child_weight": 0.4128759163559473, "log10_subsample": -0.4158140108703805, "max_depth": 9.0, "num_boost_round": 2.0}, "datetime": {"datetime": "2024-01-19 02:06:34", "elapsed": 6925.900549, "delta": 0.006689}}
{"target": -13.758532509749484, "params": {"gamma": 569.6609367386441, "log10_alpha": 1.0, "log10_colsample_bytree": -1.0, "log10_eta": -3.9426741031363286, "log10_lambda": -1.8836629581571926, "log10_min_child_weight": 0.4128759163559473, "log10_subsample": -0.4158140108703805, "max_depth": 9.0, "num_boost_round": 3.0}, "datetime": {"datetime": "2024-01-19 02:06:34", "elapsed": 6925.907263, "delta": 0.006714}}
{"target": -13.75852440500142, "params": {"gamma": 569.6609367386441, "log10_alpha": 1.0, "log10_colsample_bytree": -1.0, "log10_eta": -3.9426741031363286, "log10_lambda": -1.8836629581571926, "log10_min_child_weight": 0.4128759163559473, "log10_subsample": -0.4158140108703805, "max_depth": 9.0, "num_boost_round": 4.0}, "datetime": {"datetime": "2024-01-19 02:06:34", "elapsed": 6925.913681, "delta": 0.006418}}
{"target": -13.758526247423978, "params": {"gamma": 569.6609367386441, "log10_alpha": 1.0, "log10_colsample_bytree": -1.0, "log10_eta": -3.9426741031363286, "log10_lambda": -1.8836629581571926, "log10_min_child_weight": 0.4128759163559473, "log10_subsample": -0.4158140108703805, "max_depth": 9.0, "num_boost_round": 5.0}, "datetime": {"datetime": "2024-01-19 02:06:34", "elapsed": 6925.920084, "delta": 0.006403}}
{"target": -13.758524196682623, "params": {"gamma": 569.6609367386441, "log10_alpha": 1.0, "log10_colsample_bytree": -1.0, "log10_eta": -3.9426741031363286, "log10_lambda": -1.8836629581571926, "log10_min_child_weight": 0.4128759163559473, "log10_subsample": -0.4158140108703805, "max_depth": 9.0, "num_boost_round": 6.0}, "datetime": {"datetime": "2024-01-19 02:06:34", "elapsed": 6925.92662, "delta": 0.006536}}
{"target": -13.758521006165108, "params": {"gamma": 569.6609367386441, "log10_alpha": 1.0, "log10_colsample_bytree": -1.0, "log10_eta": -3.9426741031363286, "log10_lambda": -1.8836629581571926, "log10_min_child_weight": 0.4128759163559473, "log10_subsample": -0.4158140108703805, "max_depth": 9.0, "num_boost_round": 7.0}, "datetime": {"datetime": "2024-01-19 02:06:34", "elapsed": 6925.932971, "delta": 0.006351}}
{"target": -13.758523311823144, "params": {"gamma": 569.6609367386441, "log10_alpha": 1.0, "log10_colsample_bytree": -1.0, "log10_eta": -3.9426741031363286, "log10_lambda": -1.8836629581571926, "log10_min_child_weight": 0.4128759163559473, "log10_subsample": -0.4158140108703805, "max_depth": 9.0, "num_boost_round": 8.0}, "datetime": {"datetime": "2024-01-19 02:06:34", "elapsed": 6925.939336, "delta": 0.006365}}
{"target": -13.758518963792563, "params": {"gamma": 569.6609367386441, "log10_alpha": 1.0, "log10_colsample_bytree": -1.0, "log10_eta": -3.9426741031363286, "log10_lambda": -1.8836629581571926, "log10_min_child_weight": 0.4128759163559473, "log10_subsample": -0.4158140108703805, "max_depth": 9.0, "num_boost_round": 9.0}, "datetime": {"datetime": "2024-01-19 02:06:34", "elapsed": 6925.945989, "delta": 0.006653}}
{"target": -13.758515982976478, "params": {"gamma": 569.6609367386441, "log10_alpha": 1.0, "log10_colsample_bytree": -1.0, "log10_eta": -3.9426741031363286, "log10_lambda": -1.8836629581571926, "log10_min_child_weight": 0.4128759163559473, "log10_subsample": -0.4158140108703805, "max_depth": 9.0, "num_boost_round": 10.0}, "datetime": {"datetime": "2024-01-19 02:06:34", "elapsed": 6925.952516, "delta": 0.006527}}
{"target": -13.758517795987304, "params": {"gamma": 569.6609367386441, "log10_alpha": 1.0, "log10_colsample_bytree": -1.0, "log10_eta": -3.9426741031363286, "log10_lambda": -1.8836629581571926, "log10_min_child_weight": 0.4128759163559473, "log10_subsample": -0.4158140108703805, "max_depth": 9.0, "num_boost_round": 11.0}, "datetime": {"datetime": "2024-01-19 02:06:34", "elapsed": 6925.959346, "delta": 0.00683}}
{"target": -13.758515239211993, "params": {"gamma": 569.6609367386441, "log10_alpha": 1.0, "log10_colsample_bytree": -1.0, "log10_eta": -3.9426741031363286, "log10_lambda": -1.8836629581571926, "log10_min_child_weight": 0.4128759163559473, "log10_subsample": -0.4158140108703805, "max_depth": 9.0, "num_boost_round": 12.0}, "datetime": {"datetime": "2024-01-19 02:06:34", "elapsed": 6925.965951, "delta": 0.006605}}
{"target": -13.75851313062129, "params": {"gamma": 569.6609367386441, "log10_alpha": 1.0, "log10_colsample_bytree": -1.0, "log10_eta": -3.9426741031363286, "log10_lambda": -1.8836629581571926, "log10_min_child_weight": 0.4128759163559473, "log10_subsample": -0.4158140108703805, "max_depth": 9.0, "num_boost_round": 13.0}, "datetime": {"datetime": "2024-01-19 02:06:34", "elapsed": 6925.972297, "delta": 0.006346}}
{"target": -13.758505494985307, "params": {"gamma": 569.6609367386441, "log10_alpha": 1.0, "log10_colsample_bytree": -1.0, "log10_eta": -3.9426741031363286, "log10_lambda": -1.8836629581571926, "log10_min_child_weight": 0.4128759163559473, "log10_subsample": -0.4158140108703805, "max_depth": 9.0, "num_boost_round": 14.0}, "datetime": {"datetime": "2024-01-19 02:06:34", "elapsed": 6925.978662, "delta": 0.006365}}
{"target": -13.758503471217752, "params": {"gamma": 569.6609367386441, "log10_alpha": 1.0, "log10_colsample_bytree": -1.0, "log10_eta": -3.9426741031363286, "log10_lambda": -1.8836629581571926, "log10_min_child_weight": 0.4128759163559473, "log10_subsample": -0.4158140108703805, "max_depth": 9.0, "num_boost_round": 15.0}, "datetime": {"datetime": "2024-01-19 02:06:34", "elapsed": 6925.985234, "delta": 0.006572}}
{"target": -13.75850160368212, "params": {"gamma": 569.6609367386441, "log10_alpha": 1.0, "log10_colsample_bytree": -1.0, "log10_eta": -3.9426741031363286, "log10_lambda": -1.8836629581571926, "log10_min_child_weight": 0.4128759163559473, "log10_subsample": -0.4158140108703805, "max_depth": 9.0, "num_boost_round": 16.0}, "datetime": {"datetime": "2024-01-19 02:06:34", "elapsed": 6925.99161, "delta": 0.006376}}
{"target": -13.758501990520378, "params": {"gamma": 569.6609367386441, "log10_alpha": 1.0, "log10_colsample_bytree": -1.0, "log10_eta": -3.9426741031363286, "log10_lambda": -1.8836629581571926, "log10_min_child_weight": 0.4128759163559473, "log10_subsample": -0.4158140108703805, "max_depth": 9.0, "num_boost_round": 17.0}, "datetime": {"datetime": "2024-01-19 02:06:34", "elapsed": 6925.998007, "delta": 0.006397}}
{"target": -13.758498276536981, "params": {"gamma": 569.6609367386441, "log10_alpha": 1.0, "log10_colsample_bytree": -1.0, "log10_eta": -3.9426741031363286, "log10_lambda": -1.8836629581571926, "log10_min_child_weight": 0.4128759163559473, "log10_subsample": -0.4158140108703805, "max_depth": 9.0, "num_boost_round": 18.0}, "datetime": {"datetime": "2024-01-19 02:06:34", "elapsed": 6926.004546, "delta": 0.006539}}
{"target": -13.758497497070962, "params": {"gamma": 569.6609367386441, "log10_alpha": 1.0, "log10_colsample_bytree": -1.0, "log10_eta": -3.9426741031363286, "log10_lambda": -1.8836629581571926, "log10_min_child_weight": 0.4128759163559473, "log10_subsample": -0.4158140108703805, "max_depth": 9.0, "num_boost_round": 19.0}, "datetime": {"datetime": "2024-01-19 02:06:34", "elapsed": 6926.011126, "delta": 0.00658}}
{"target": -13.758497687882103, "params": {"gamma": 569.6609367386441, "log10_alpha": 1.0, "log10_colsample_bytree": -1.0, "log10_eta": -3.9426741031363286, "log10_lambda": -1.8836629581571926, "log10_min_child_weight": 0.4128759163559473, "log10_subsample": -0.4158140108703805, "max_depth": 9.0, "num_boost_round": 20.0}, "datetime": {"datetime": "2024-01-19 02:06:34", "elapsed": 6926.017607, "delta": 0.006481}}
{"target": -13.758498554161738, "params": {"gamma": 569.6609367386441, "log10_alpha": 1.0, "log10_colsample_bytree": -1.0, "log10_eta": -3.9426741031363286, "log10_lambda": -1.8836629581571926, "log10_min_child_weight": 0.4128759163559473, "log10_subsample": -0.4158140108703805, "max_depth": 9.0, "num_boost_round": 21.0}, "datetime": {"datetime": "2024-01-19 02:06:34", "elapsed": 6926.024213, "delta": 0.006606}}
{"target": -13.758495133343107, "params": {"gamma": 569.6609367386441, "log10_alpha": 1.0, "log10_colsample_bytree": -1.0, "log10_eta": -3.9426741031363286, "log10_lambda": -1.8836629581571926, "log10_min_child_weight": 0.4128759163559473, "log10_subsample": -0.4158140108703805, "max_depth": 9.0, "num_boost_round": 22.0}, "datetime": {"datetime": "2024-01-19 02:06:34", "elapsed": 6926.030752, "delta": 0.006539}}
{"target": -13.758492085207903, "params": {"gamma": 569.6609367386441, "log10_alpha": 1.0, "log10_colsample_bytree": -1.0, "log10_eta": -3.9426741031363286, "log10_lambda": -1.8836629581571926, "log10_min_child_weight": 0.4128759163559473, "log10_subsample": -0.4158140108703805, "max_depth": 9.0, "num_boost_round": 23.0}, "datetime": {"datetime": "2024-01-19 02:06:34", "elapsed": 6926.037273, "delta": 0.006521}}
{"target": -13.758492895379478, "params": {"gamma": 569.6609367386441, "log10_alpha": 1.0, "log10_colsample_bytree": -1.0, "log10_eta": -3.9426741031363286, "log10_lambda": -1.8836629581571926, "log10_min_child_weight": 0.4128759163559473, "log10_subsample": -0.4158140108703805, "max_depth": 9.0, "num_boost_round": 24.0}, "datetime": {"datetime": "2024-01-19 02:06:34", "elapsed": 6926.043841, "delta": 0.006568}}
{"target": -13.758490469478568, "params": {"gamma": 569.6609367386441, "log10_alpha": 1.0, "log10_colsample_bytree": -1.0, "log10_eta": -3.9426741031363286, "log10_lambda": -1.8836629581571926, "log10_min_child_weight": 0.4128759163559473, "log10_subsample": -0.4158140108703805, "max_depth": 9.0, "num_boost_round": 25.0}, "datetime": {"datetime": "2024-01-19 02:06:34", "elapsed": 6926.050532, "delta": 0.006691}}
{"target": -13.758489552913494, "params": {"gamma": 569.6609367386441, "log10_alpha": 1.0, "log10_colsample_bytree": -1.0, "log10_eta": -3.9426741031363286, "log10_lambda": -1.8836629581571926, "log10_min_child_weight": 0.4128759163559473, "log10_subsample": -0.4158140108703805, "max_depth": 9.0, "num_boost_round": 26.0}, "datetime": {"datetime": "2024-01-19 02:06:34", "elapsed": 6926.057093, "delta": 0.006561}}
{"target": -13.758488905056955, "params": {"gamma": 569.6609367386441, "log10_alpha": 1.0, "log10_colsample_bytree": -1.0, "log10_eta": -3.9426741031363286, "log10_lambda": -1.8836629581571926, "log10_min_child_weight": 0.4128759163559473, "log10_subsample": -0.4158140108703805, "max_depth": 9.0, "num_boost_round": 27.0}, "datetime": {"datetime": "2024-01-19 02:06:34", "elapsed": 6926.063584, "delta": 0.006491}}
{"target": -13.758482813021692, "params": {"gamma": 569.6609367386441, "log10_alpha": 1.0, "log10_colsample_bytree": -1.0, "log10_eta": -3.9426741031363286, "log10_lambda": -1.8836629581571926, "log10_min_child_weight": 0.4128759163559473, "log10_subsample": -0.4158140108703805, "max_depth": 9.0, "num_boost_round": 28.0}, "datetime": {"datetime": "2024-01-19 02:06:34", "elapsed": 6926.070124, "delta": 0.00654}}
{"target": -13.758479946055648, "params": {"gamma": 569.6609367386441, "log10_alpha": 1.0, "log10_colsample_bytree": -1.0, "log10_eta": -3.9426741031363286, "log10_lambda": -1.8836629581571926, "log10_min_child_weight": 0.4128759163559473, "log10_subsample": -0.4158140108703805, "max_depth": 9.0, "num_boost_round": 29.0}, "datetime": {"datetime": "2024-01-19 02:06:34", "elapsed": 6926.076671, "delta": 0.006547}}
{"target": -13.758482448691403, "params": {"gamma": 569.6609367386441, "log10_alpha": 1.0, "log10_colsample_bytree": -1.0, "log10_eta": -3.9426741031363286, "log10_lambda": -1.8836629581571926, "log10_min_child_weight": 0.4128759163559473, "log10_subsample": -0.4158140108703805, "max_depth": 9.0, "num_boost_round": 30.0}, "datetime": {"datetime": "2024-01-19 02:06:34", "elapsed": 6926.08336, "delta": 0.006689}}
{"target": -13.758478657166279, "params": {"gamma": 569.6609367386441, "log10_alpha": 1.0, "log10_colsample_bytree": -1.0, "log10_eta": -3.9426741031363286, "log10_lambda": -1.8836629581571926, "log10_min_child_weight": 0.4128759163559473, "log10_subsample": -0.4158140108703805, "max_depth": 9.0, "num_boost_round": 31.0}, "datetime": {"datetime": "2024-01-19 02:06:34", "elapsed": 6926.090602, "delta": 0.007242}}
{"target": -13.758473769442134, "params": {"gamma": 569.6609367386441, "log10_alpha": 1.0, "log10_colsample_bytree": -1.0, "log10_eta": -3.9426741031363286, "log10_lambda": -1.8836629581571926, "log10_min_child_weight": 0.4128759163559473, "log10_subsample": -0.4158140108703805, "max_depth": 9.0, "num_boost_round": 32.0}, "datetime": {"datetime": "2024-01-19 02:06:34", "elapsed": 6926.097468, "delta": 0.006866}}
{"target": -13.758465650694083, "params": {"gamma": 569.6609367386441, "log10_alpha": 1.0, "log10_colsample_bytree": -1.0, "log10_eta": -3.9426741031363286, "log10_lambda": -1.8836629581571926, "log10_min_child_weight": 0.4128759163559473, "log10_subsample": -0.4158140108703805, "max_depth": 9.0, "num_boost_round": 33.0}, "datetime": {"datetime": "2024-01-19 02:06:34", "elapsed": 6926.103955, "delta": 0.006487}}
{"target": -13.758459429214243, "params": {"gamma": 569.6609367386441, "log10_alpha": 1.0, "log10_colsample_bytree": -1.0, "log10_eta": -3.9426741031363286, "log10_lambda": -1.8836629581571926, "log10_min_child_weight": 0.4128759163559473, "log10_subsample": -0.4158140108703805, "max_depth": 9.0, "num_boost_round": 34.0}, "datetime": {"datetime": "2024-01-19 02:06:34", "elapsed": 6926.11048, "delta": 0.006525}}
{"target": -13.758448752082126, "params": {"gamma": 569.6609367386441, "log10_alpha": 1.0, "log10_colsample_bytree": -1.0, "log10_eta": -3.9426741031363286, "log10_lambda": -1.8836629581571926, "log10_min_child_weight": 0.4128759163559473, "log10_subsample": -0.4158140108703805, "max_depth": 9.0, "num_boost_round": 35.0}, "datetime": {"datetime": "2024-01-19 02:06:34", "elapsed": 6926.117102, "delta": 0.006622}}
{"target": -13.758448712117548, "params": {"gamma": 569.6609367386441, "log10_alpha": 1.0, "log10_colsample_bytree": -1.0, "log10_eta": -3.9426741031363286, "log10_lambda": -1.8836629581571926, "log10_min_child_weight": 0.4128759163559473, "log10_subsample": -0.4158140108703805, "max_depth": 9.0, "num_boost_round": 36.0}, "datetime": {"datetime": "2024-01-19 02:06:34", "elapsed": 6926.123544, "delta": 0.006442}}
{"target": -13.758442596065558, "params": {"gamma": 569.6609367386441, "log10_alpha": 1.0, "log10_colsample_bytree": -1.0, "log10_eta": -3.9426741031363286, "log10_lambda": -1.8836629581571926, "log10_min_child_weight": 0.4128759163559473, "log10_subsample": -0.4158140108703805, "max_depth": 9.0, "num_boost_round": 37.0}, "datetime": {"datetime": "2024-01-19 02:06:34", "elapsed": 6926.25485, "delta": 0.131306}}
{"target": -13.758443003991932, "params": {"gamma": 569.6609367386441, "log10_alpha": 1.0, "log10_colsample_bytree": -1.0, "log10_eta": -3.9426741031363286, "log10_lambda": -1.8836629581571926, "log10_min_child_weight": 0.4128759163559473, "log10_subsample": -0.4158140108703805, "max_depth": 9.0, "num_boost_round": 38.0}, "datetime": {"datetime": "2024-01-19 02:06:34", "elapsed": 6926.262892, "delta": 0.008042}}
{"target": -13.758442596539775, "params": {"gamma": 569.6609367386441, "log10_alpha": 1.0, "log10_colsample_bytree": -1.0, "log10_eta": -3.9426741031363286, "log10_lambda": -1.8836629581571926, "log10_min_child_weight": 0.4128759163559473, "log10_subsample": -0.4158140108703805, "max_depth": 9.0, "num_boost_round": 39.0}, "datetime": {"datetime": "2024-01-19 02:06:34", "elapsed": 6926.269911, "delta": 0.007019}}
