{"target": -17.677157809086175, "params": {"gamma": 879.3303397638965, "log10_alpha": -2.004094876492988, "log10_colsample_bytree": -0.6913966171582152, "log10_eta": -4.0, "log10_lambda": -2.517699627914146, "log10_min_child_weight": 1.8052429736186821, "log10_subsample": -1.0, "max_depth": 5.0, "num_boost_round": 19.0}, "datetime": {"datetime": "2024-01-19 01:14:21", "elapsed": 3742.03389, "delta": 0.00392}}
{"target": -17.67715372076472, "params": {"gamma": 879.3303397638965, "log10_alpha": -2.004094876492988, "log10_colsample_bytree": -0.6913966171582152, "log10_eta": -4.0, "log10_lambda": -2.517699627914146, "log10_min_child_weight": 1.8052429736186821, "log10_subsample": -1.0, "max_depth": 5.0, "num_boost_round": 20.0}, "datetime": {"datetime": "2024-01-19 01:14:21", "elapsed": 3742.037754, "delta": 0.003864}}
{"target": -17.67714693615892, "params": {"gamma": 879.3303397638965, "log10_alpha": -2.004094876492988, "log10_colsample_bytree": -0.6913966171582152, "log10_eta": -4.0, "log10_lambda": -2.517699627914146, "log10_min_child_weight": 1.8052429736186821, "log10_subsample": -1.0, "max_depth": 5.0, "num_boost_round": 21.0}, "datetime": {"datetime": "2024-01-19 01:14:21", "elapsed": 3742.041641, "delta": 0.003887}}
{"target": -17.677143081153957, "params": {"gamma": 879.3303397638965, "log10_alpha": -2.004094876492988, "log10_colsample_bytree": -0.6913966171582152, "log10_eta": -4.0, "log10_lambda": -2.517699627914146, "log10_min_child_weight": 1.8052429736186821, "log10_subsample": -1.0, "max_depth": 5.0, "num_boost_round": 22.0}, "datetime": {"datetime": "2024-01-19 01:14:21", "elapsed": 3742.045481, "delta": 0.00384}}
{"target": -17.677138674004965, "params": {"gamma": 879.3303397638965, "log10_alpha": -2.004094876492988, "log10_colsample_bytree": -0.6913966171582152, "log10_eta": -4.0, "log10_lambda": -2.517699627914146, "log10_min_child_weight": 1.8052429736186821, "log10_subsample": -1.0, "max_depth": 5.0, "num_boost_round": 23.0}, "datetime": {"datetime": "2024-01-19 01:14:21", "elapsed": 3742.049318, "delta": 0.003837}}
{"target": -17.677139376832184, "params": {"gamma": 879.3303397638965, "log10_alpha": -2.004094876492988, "log10_colsample_bytree": -0.6913966171582152, "log10_eta": -4.0, "log10_lambda": -2.517699627914146, "log10_min_child_weight": 1.8052429736186821, "log10_subsample": -1.0, "max_depth": 5.0, "num_boost_round": 24.0}, "datetime": {"datetime": "2024-01-19 01:14:21", "elapsed": 3742.053183, "delta": 0.003865}}
{"target": -17.677134335962027, "params": {"gamma": 879.3303397638965, "log10_alpha": -2.004094876492988, "log10_colsample_bytree": -0.6913966171582152, "log10_eta": -4.0, "log10_lambda": -2.517699627914146, "log10_min_child_weight": 1.8052429736186821, "log10_subsample": -1.0, "max_depth": 5.0, "num_boost_round": 25.0}, "datetime": {"datetime": "2024-01-19 01:14:21", "elapsed": 3742.057135, "delta": 0.003952}}
{"target": -17.677128047575472, "params": {"gamma": 879.3303397638965, "log10_alpha": -2.004094876492988, "log10_colsample_bytree": -0.6913966171582152, "log10_eta": -4.0, "log10_lambda": -2.517699627914146, "log10_min_child_weight": 1.8052429736186821, "log10_subsample": -1.0, "max_depth": 5.0, "num_boost_round": 26.0}, "datetime": {"datetime": "2024-01-19 01:14:21", "elapsed": 3742.061064, "delta": 0.003929}}
{"target": -17.677125237572305, "params": {"gamma": 879.3303397638965, "log10_alpha": -2.004094876492988, "log10_colsample_bytree": -0.6913966171582152, "log10_eta": -4.0, "log10_lambda": -2.517699627914146, "log10_min_child_weight": 1.8052429736186821, "log10_subsample": -1.0, "max_depth": 5.0, "num_boost_round": 27.0}, "datetime": {"datetime": "2024-01-19 01:14:21", "elapsed": 3742.064973, "delta": 0.003909}}
{"target": -17.677120425026942, "params": {"gamma": 879.3303397638965, "log10_alpha": -2.004094876492988, "log10_colsample_bytree": -0.6913966171582152, "log10_eta": -4.0, "log10_lambda": -2.517699627914146, "log10_min_child_weight": 1.8052429736186821, "log10_subsample": -1.0, "max_depth": 5.0, "num_boost_round": 28.0}, "datetime": {"datetime": "2024-01-19 01:14:21", "elapsed": 3742.068878, "delta": 0.003905}}
{"target": -17.677113375723376, "params": {"gamma": 879.3303397638965, "log10_alpha": -2.004094876492988, "log10_colsample_bytree": -0.6913966171582152, "log10_eta": -4.0, "log10_lambda": -2.517699627914146, "log10_min_child_weight": 1.8052429736186821, "log10_subsample": -1.0, "max_depth": 5.0, "num_boost_round": 29.0}, "datetime": {"datetime": "2024-01-19 01:14:21", "elapsed": 3742.07283, "delta": 0.003952}}
{"target": -17.677110964499263, "params": {"gamma": 879.3303397638965, "log10_alpha": -2.004094876492988, "log10_colsample_bytree": -0.6913966171582152, "log10_eta": -4.0, "log10_lambda": -2.517699627914146, "log10_min_child_weight": 1.8052429736186821, "log10_subsample": -1.0, "max_depth": 5.0, "num_boost_round": 30.0}, "datetime": {"datetime": "2024-01-19 01:14:21", "elapsed": 3742.07691, "delta": 0.00408}}
{"target": -17.677103526299618, "params": {"gamma": 879.3303397638965, "log10_alpha": -2.004094876492988, "log10_colsample_bytree": -0.6913966171582152, "log10_eta": -4.0, "log10_lambda": -2.517699627914146, "log10_min_child_weight": 1.8052429736186821, "log10_subsample": -1.0, "max_depth": 5.0, "num_boost_round": 31.0}, "datetime": {"datetime": "2024-01-19 01:14:21", "elapsed": 3742.080827, "delta": 0.003917}}
{"target": -17.683118481344433, "params": {"gamma": 853.2949358418341, "log10_alpha": -1.8273231852610174, "log10_colsample_bytree": -0.4418086149730861, "log10_eta": -0.36865401919437923, "log10_lambda": -1.5431774160179246, "log10_min_child_weight": 4.0132182796633895, "log10_subsample": -0.781326460061952, "max_depth": 4.0, "num_boost_round": 0.0}, "datetime": {"datetime": "2024-01-19 01:15:16", "elapsed": 3796.843861, "delta": 54.763034}}
{"target": -17.693518865339914, "params": {"gamma": 853.2949358418341, "log10_alpha": -1.8273231852610174, "log10_colsample_bytree": -0.4418086149730861, "log10_eta": -0.36865401919437923, "log10_lambda": -1.5431774160179246, "log10_min_child_weight": 4.0132182796633895, "log10_subsample": -0.781326460061952, "max_depth": 4.0, "num_boost_round": 1.0}, "datetime": {"datetime": "2024-01-19 01:15:16", "elapsed": 3796.848924, "delta": 0.005063}}
{"target": -17.703775774560953, "params": {"gamma": 853.2949358418341, "log10_alpha": -1.8273231852610174, "log10_colsample_bytree": -0.4418086149730861, "log10_eta": -0.36865401919437923, "log10_lambda": -1.5431774160179246, "log10_min_child_weight": 4.0132182796633895, "log10_subsample": -0.781326460061952, "max_depth": 4.0, "num_boost_round": 2.0}, "datetime": {"datetime": "2024-01-19 01:15:16", "elapsed": 3796.853163, "delta": 0.004239}}
{"target": -17.712526311855783, "params": {"gamma": 853.2949358418341, "log10_alpha": -1.8273231852610174, "log10_colsample_bytree": -0.4418086149730861, "log10_eta": -0.36865401919437923, "log10_lambda": -1.5431774160179246, "log10_min_child_weight": 4.0132182796633895, "log10_subsample": -0.781326460061952, "max_depth": 4.0, "num_boost_round": 3.0}, "datetime": {"datetime": "2024-01-19 01:15:16", "elapsed": 3796.857197, "delta": 0.004034}}
{"target": -17.714797804644277, "params": {"gamma": 853.2949358418341, "log10_alpha": -1.8273231852610174, "log10_colsample_bytree": -0.4418086149730861, "log10_eta": -0.36865401919437923, "log10_lambda": -1.5431774160179246, "log10_min_child_weight": 4.0132182796633895, "log10_subsample": -0.781326460061952, "max_depth": 4.0, "num_boost_round": 4.0}, "datetime": {"datetime": "2024-01-19 01:15:16", "elapsed": 3796.861224, "delta": 0.004027}}
{"target": -17.718631316138755, "params": {"gamma": 853.2949358418341, "log10_alpha": -1.8273231852610174, "log10_colsample_bytree": -0.4418086149730861, "log10_eta": -0.36865401919437923, "log10_lambda": -1.5431774160179246, "log10_min_child_weight": 4.0132182796633895, "log10_subsample": -0.781326460061952, "max_depth": 4.0, "num_boost_round": 5.0}, "datetime": {"datetime": "2024-01-19 01:15:16", "elapsed": 3796.865236, "delta": 0.004012}}
{"target": -17.72252425011391, "params": {"gamma": 853.2949358418341, "log10_alpha": -1.8273231852610174, "log10_colsample_bytree": -0.4418086149730861, "log10_eta": -0.36865401919437923, "log10_lambda": -1.5431774160179246, "log10_min_child_weight": 4.0132182796633895, "log10_subsample": -0.781326460061952, "max_depth": 4.0, "num_boost_round": 6.0}, "datetime": {"datetime": "2024-01-19 01:15:16", "elapsed": 3796.869236, "delta": 0.004}}
{"target": -17.729614188762977, "params": {"gamma": 853.2949358418341, "log10_alpha": -1.8273231852610174, "log10_colsample_bytree": -0.4418086149730861, "log10_eta": -0.36865401919437923, "log10_lambda": -1.5431774160179246, "log10_min_child_weight": 4.0132182796633895, "log10_subsample": -0.781326460061952, "max_depth": 4.0, "num_boost_round": 7.0}, "datetime": {"datetime": "2024-01-19 01:15:16", "elapsed": 3796.873385, "delta": 0.004149}}
{"target": -17.732719339942726, "params": {"gamma": 853.2949358418341, "log10_alpha": -1.8273231852610174, "log10_colsample_bytree": -0.4418086149730861, "log10_eta": -0.36865401919437923, "log10_lambda": -1.5431774160179246, "log10_min_child_weight": 4.0132182796633895, "log10_subsample": -0.781326460061952, "max_depth": 4.0, "num_boost_round": 8.0}, "datetime": {"datetime": "2024-01-19 01:15:16", "elapsed": 3796.87758, "delta": 0.004195}}
{"target": -17.73152549188483, "params": {"gamma": 853.2949358418341, "log10_alpha": -1.8273231852610174, "log10_colsample_bytree": -0.4418086149730861, "log10_eta": -0.36865401919437923, "log10_lambda": -1.5431774160179246, "log10_min_child_weight": 4.0132182796633895, "log10_subsample": -0.781326460061952, "max_depth": 4.0, "num_boost_round": 9.0}, "datetime": {"datetime": "2024-01-19 01:15:16", "elapsed": 3796.881559, "delta": 0.003979}}
{"target": -17.73347636867736, "params": {"gamma": 853.2949358418341, "log10_alpha": -1.8273231852610174, "log10_colsample_bytree": -0.4418086149730861, "log10_eta": -0.36865401919437923, "log10_lambda": -1.5431774160179246, "log10_min_child_weight": 4.0132182796633895, "log10_subsample": -0.781326460061952, "max_depth": 4.0, "num_boost_round": 10.0}, "datetime": {"datetime": "2024-01-19 01:15:16", "elapsed": 3796.885573, "delta": 0.004014}}
{"target": -17.736294020233494, "params": {"gamma": 853.2949358418341, "log10_alpha": -1.8273231852610174, "log10_colsample_bytree": -0.4418086149730861, "log10_eta": -0.36865401919437923, "log10_lambda": -1.5431774160179246, "log10_min_child_weight": 4.0132182796633895, "log10_subsample": -0.781326460061952, "max_depth": 4.0, "num_boost_round": 11.0}, "datetime": {"datetime": "2024-01-19 01:15:16", "elapsed": 3796.889548, "delta": 0.003975}}
{"target": -17.734763541863437, "params": {"gamma": 853.2949358418341, "log10_alpha": -1.8273231852610174, "log10_colsample_bytree": -0.4418086149730861, "log10_eta": -0.36865401919437923, "log10_lambda": -1.5431774160179246, "log10_min_child_weight": 4.0132182796633895, "log10_subsample": -0.781326460061952, "max_depth": 4.0, "num_boost_round": 12.0}, "datetime": {"datetime": "2024-01-19 01:15:16", "elapsed": 3796.893667, "delta": 0.004119}}
{"target": -17.74112699432085, "params": {"gamma": 853.2949358418341, "log10_alpha": -1.8273231852610174, "log10_colsample_bytree": -0.4418086149730861, "log10_eta": -0.36865401919437923, "log10_lambda": -1.5431774160179246, "log10_min_child_weight": 4.0132182796633895, "log10_subsample": -0.781326460061952, "max_depth": 4.0, "num_boost_round": 13.0}, "datetime": {"datetime": "2024-01-19 01:15:16", "elapsed": 3796.897828, "delta": 0.004161}}
{"target": -17.741941414348773, "params": {"gamma": 853.2949358418341, "log10_alpha": -1.8273231852610174, "log10_colsample_bytree": -0.4418086149730861, "log10_eta": -0.36865401919437923, "log10_lambda": -1.5431774160179246, "log10_min_child_weight": 4.0132182796633895, "log10_subsample": -0.781326460061952, "max_depth": 4.0, "num_boost_round": 14.0}, "datetime": {"datetime": "2024-01-19 01:15:16", "elapsed": 3796.902047, "delta": 0.004219}}
{"target": -17.74761970349797, "params": {"gamma": 853.2949358418341, "log10_alpha": -1.8273231852610174, "log10_colsample_bytree": -0.4418086149730861, "log10_eta": -0.36865401919437923, "log10_lambda": -1.5431774160179246, "log10_min_child_weight": 4.0132182796633895, "log10_subsample": -0.781326460061952, "max_depth": 4.0, "num_boost_round": 15.0}, "datetime": {"datetime": "2024-01-19 01:15:16", "elapsed": 3796.906271, "delta": 0.004224}}
{"target": -17.7505890972621, "params": {"gamma": 853.2949358418341, "log10_alpha": -1.8273231852610174, "log10_colsample_bytree": -0.4418086149730861, "log10_eta": -0.36865401919437923, "log10_lambda": -1.5431774160179246, "log10_min_child_weight": 4.0132182796633895, "log10_subsample": -0.781326460061952, "max_depth": 4.0, "num_boost_round": 16.0}, "datetime": {"datetime": "2024-01-19 01:15:16", "elapsed": 3796.910466, "delta": 0.004195}}
{"target": -17.75361645354589, "params": {"gamma": 853.2949358418341, "log10_alpha": -1.8273231852610174, "log10_colsample_bytree": -0.4418086149730861, "log10_eta": -0.36865401919437923, "log10_lambda": -1.5431774160179246, "log10_min_child_weight": 4.0132182796633895, "log10_subsample": -0.781326460061952, "max_depth": 4.0, "num_boost_round": 17.0}, "datetime": {"datetime": "2024-01-19 01:15:16", "elapsed": 3796.914526, "delta": 0.00406}}
{"target": -17.756356812435467, "params": {"gamma": 853.2949358418341, "log10_alpha": -1.8273231852610174, "log10_colsample_bytree": -0.4418086149730861, "log10_eta": -0.36865401919437923, "log10_lambda": -1.5431774160179246, "log10_min_child_weight": 4.0132182796633895, "log10_subsample": -0.781326460061952, "max_depth": 4.0, "num_boost_round": 18.0}, "datetime": {"datetime": "2024-01-19 01:15:16", "elapsed": 3796.91857, "delta": 0.004044}}
{"target": -17.754436801393457, "params": {"gamma": 853.2949358418341, "log10_alpha": -1.8273231852610174, "log10_colsample_bytree": -0.4418086149730861, "log10_eta": -0.36865401919437923, "log10_lambda": -1.5431774160179246, "log10_min_child_weight": 4.0132182796633895, "log10_subsample": -0.781326460061952, "max_depth": 4.0, "num_boost_round": 19.0}, "datetime": {"datetime": "2024-01-19 01:15:16", "elapsed": 3796.92273, "delta": 0.00416}}
{"target": -17.754739309610976, "params": {"gamma": 853.2949358418341, "log10_alpha": -1.8273231852610174, "log10_colsample_bytree": -0.4418086149730861, "log10_eta": -0.36865401919437923, "log10_lambda": -1.5431774160179246, "log10_min_child_weight": 4.0132182796633895, "log10_subsample": -0.781326460061952, "max_depth": 4.0, "num_boost_round": 20.0}, "datetime": {"datetime": "2024-01-19 01:15:16", "elapsed": 3796.926819, "delta": 0.004089}}
{"target": -17.758166384196993, "params": {"gamma": 853.2949358418341, "log10_alpha": -1.8273231852610174, "log10_colsample_bytree": -0.4418086149730861, "log10_eta": -0.36865401919437923, "log10_lambda": -1.5431774160179246, "log10_min_child_weight": 4.0132182796633895, "log10_subsample": -0.781326460061952, "max_depth": 4.0, "num_boost_round": 21.0}, "datetime": {"datetime": "2024-01-19 01:15:16", "elapsed": 3796.930933, "delta": 0.004114}}
{"target": -17.76312767320318, "params": {"gamma": 853.2949358418341, "log10_alpha": -1.8273231852610174, "log10_colsample_bytree": -0.4418086149730861, "log10_eta": -0.36865401919437923, "log10_lambda": -1.5431774160179246, "log10_min_child_weight": 4.0132182796633895, "log10_subsample": -0.781326460061952, "max_depth": 4.0, "num_boost_round": 22.0}, "datetime": {"datetime": "2024-01-19 01:15:16", "elapsed": 3796.935121, "delta": 0.004188}}
{"target": -17.766961027475126, "params": {"gamma": 853.2949358418341, "log10_alpha": -1.8273231852610174, "log10_colsample_bytree": -0.4418086149730861, "log10_eta": -0.36865401919437923, "log10_lambda": -1.5431774160179246, "log10_min_child_weight": 4.0132182796633895, "log10_subsample": -0.781326460061952, "max_depth": 4.0, "num_boost_round": 23.0}, "datetime": {"datetime": "2024-01-19 01:15:16", "elapsed": 3796.939205, "delta": 0.004084}}
{"target": -17.76757342053338, "params": {"gamma": 853.2949358418341, "log10_alpha": -1.8273231852610174, "log10_colsample_bytree": -0.4418086149730861, "log10_eta": -0.36865401919437923, "log10_lambda": -1.5431774160179246, "log10_min_child_weight": 4.0132182796633895, "log10_subsample": -0.781326460061952, "max_depth": 4.0, "num_boost_round": 24.0}, "datetime": {"datetime": "2024-01-19 01:15:16", "elapsed": 3796.943347, "delta": 0.004142}}
{"target": -17.7702312356463, "params": {"gamma": 853.2949358418341, "log10_alpha": -1.8273231852610174, "log10_colsample_bytree": -0.4418086149730861, "log10_eta": -0.36865401919437923, "log10_lambda": -1.5431774160179246, "log10_min_child_weight": 4.0132182796633895, "log10_subsample": -0.781326460061952, "max_depth": 4.0, "num_boost_round": 25.0}, "datetime": {"datetime": "2024-01-19 01:15:16", "elapsed": 3796.94753, "delta": 0.004183}}
{"target": -17.677222894517463, "params": {"gamma": 884.9938445940741, "log10_alpha": -3.4472517646190166, "log10_colsample_bytree": -0.44036260746460665, "log10_eta": -3.8349658796419783, "log10_lambda": -0.1857373625936427, "log10_min_child_weight": 1.911393032936043, "log10_subsample": -0.20358565247826566, "max_depth": 6.0, "num_boost_round": 0.0}, "datetime": {"datetime": "2024-01-19 01:16:04", "elapsed": 3844.737867, "delta": 47.790337}}
{"target": -17.677214834428447, "params": {"gamma": 884.9938445940741, "log10_alpha": -3.4472517646190166, "log10_colsample_bytree": -0.44036260746460665, "log10_eta": -3.8349658796419783, "log10_lambda": -0.1857373625936427, "log10_min_child_weight": 1.911393032936043, "log10_subsample": -0.20358565247826566, "max_depth": 6.0, "num_boost_round": 1.0}, "datetime": {"datetime": "2024-01-19 01:16:04", "elapsed": 3844.742513, "delta": 0.004646}}
{"target": -17.67720977085072, "params": {"gamma": 884.9938445940741, "log10_alpha": -3.4472517646190166, "log10_colsample_bytree": -0.44036260746460665, "log10_eta": -3.8349658796419783, "log10_lambda": -0.1857373625936427, "log10_min_child_weight": 1.911393032936043, "log10_subsample": -0.20358565247826566, "max_depth": 6.0, "num_boost_round": 2.0}, "datetime": {"datetime": "2024-01-19 01:16:04", "elapsed": 3844.746562, "delta": 0.004049}}
{"target": -17.67720703365065, "params": {"gamma": 884.9938445940741, "log10_alpha": -3.4472517646190166, "log10_colsample_bytree": -0.44036260746460665, "log10_eta": -3.8349658796419783, "log10_lambda": -0.1857373625936427, "log10_min_child_weight": 1.911393032936043, "log10_subsample": -0.20358565247826566, "max_depth": 6.0, "num_boost_round": 3.0}, "datetime": {"datetime": "2024-01-19 01:16:04", "elapsed": 3844.750542, "delta": 0.00398}}
{"target": -17.677189317765365, "params": {"gamma": 884.9938445940741, "log10_alpha": -3.4472517646190166, "log10_colsample_bytree": -0.44036260746460665, "log10_eta": -3.8349658796419783, "log10_lambda": -0.1857373625936427, "log10_min_child_weight": 1.911393032936043, "log10_subsample": -0.20358565247826566, "max_depth": 6.0, "num_boost_round": 4.0}, "datetime": {"datetime": "2024-01-19 01:16:04", "elapsed": 3844.754572, "delta": 0.00403}}
{"target": -17.677181935479457, "params": {"gamma": 884.9938445940741, "log10_alpha": -3.4472517646190166, "log10_colsample_bytree": -0.44036260746460665, "log10_eta": -3.8349658796419783, "log10_lambda": -0.1857373625936427, "log10_min_child_weight": 1.911393032936043, "log10_subsample": -0.20358565247826566, "max_depth": 6.0, "num_boost_round": 5.0}, "datetime": {"datetime": "2024-01-19 01:16:04", "elapsed": 3844.758552, "delta": 0.00398}}
{"target": -17.67717450558529, "params": {"gamma": 884.9938445940741, "log10_alpha": -3.4472517646190166, "log10_colsample_bytree": -0.44036260746460665, "log10_eta": -3.8349658796419783, "log10_lambda": -0.1857373625936427, "log10_min_child_weight": 1.911393032936043, "log10_subsample": -0.20358565247826566, "max_depth": 6.0, "num_boost_round": 6.0}, "datetime": {"datetime": "2024-01-19 01:16:04", "elapsed": 3844.76263, "delta": 0.004078}}
{"target": -17.677162560501237, "params": {"gamma": 884.9938445940741, "log10_alpha": -3.4472517646190166, "log10_colsample_bytree": -0.44036260746460665, "log10_eta": -3.8349658796419783, "log10_lambda": -0.1857373625936427, "log10_min_child_weight": 1.911393032936043, "log10_subsample": -0.20358565247826566, "max_depth": 6.0, "num_boost_round": 7.0}, "datetime": {"datetime": "2024-01-19 01:16:04", "elapsed": 3844.76658, "delta": 0.00395}}
{"target": -17.677157700447708, "params": {"gamma": 884.9938445940741, "log10_alpha": -3.4472517646190166, "log10_colsample_bytree": -0.44036260746460665, "log10_eta": -3.8349658796419783, "log10_lambda": -0.1857373625936427, "log10_min_child_weight": 1.911393032936043, "log10_subsample": -0.20358565247826566, "max_depth": 6.0, "num_boost_round": 8.0}, "datetime": {"datetime": "2024-01-19 01:16:04", "elapsed": 3844.770478, "delta": 0.003898}}
{"target": -17.677154437641338, "params": {"gamma": 884.9938445940741, "log10_alpha": -3.4472517646190166, "log10_colsample_bytree": -0.44036260746460665, "log10_eta": -3.8349658796419783, "log10_lambda": -0.1857373625936427, "log10_min_child_weight": 1.911393032936043, "log10_subsample": -0.20358565247826566, "max_depth": 6.0, "num_boost_round": 9.0}, "datetime": {"datetime": "2024-01-19 01:16:04", "elapsed": 3844.774733, "delta": 0.004255}}
{"target": -17.6771497326419, "params": {"gamma": 884.9938445940741, "log10_alpha": -3.4472517646190166, "log10_colsample_bytree": -0.44036260746460665, "log10_eta": -3.8349658796419783, "log10_lambda": -0.1857373625936427, "log10_min_child_weight": 1.911393032936043, "log10_subsample": -0.20358565247826566, "max_depth": 6.0, "num_boost_round": 10.0}, "datetime": {"datetime": "2024-01-19 01:16:04", "elapsed": 3844.779071, "delta": 0.004338}}
