{"target": -13.758510182212959, "params": {"gamma": 555.1996470762401, "log10_alpha": 0.41663386719926354, "log10_colsample_bytree": -0.41478798567182873, "log10_eta": -3.8541861258622854, "log10_lambda": -3.401049983718094, "log10_min_child_weight": 0.6961489455856468, "log10_subsample": -0.014504885976998838, "max_depth": 6.0, "num_boost_round": 5.0}, "datetime": {"datetime": "2024-01-19 00:12:05", "elapsed": 57.165128, "delta": 0.000213}}
{"target": -13.75850897298911, "params": {"gamma": 555.1996470762401, "log10_alpha": 0.41663386719926354, "log10_colsample_bytree": -0.41478798567182873, "log10_eta": -3.8541861258622854, "log10_lambda": -3.401049983718094, "log10_min_child_weight": 0.6961489455856468, "log10_subsample": -0.014504885976998838, "max_depth": 6.0, "num_boost_round": 6.0}, "datetime": {"datetime": "2024-01-19 00:12:05", "elapsed": 57.165331, "delta": 0.000203}}
{"target": -13.758504859219281, "params": {"gamma": 555.1996470762401, "log10_alpha": 0.41663386719926354, "log10_colsample_bytree": -0.41478798567182873, "log10_eta": -3.8541861258622854, "log10_lambda": -3.401049983718094, "log10_min_child_weight": 0.6961489455856468, "log10_subsample": -0.014504885976998838, "max_depth": 6.0, "num_boost_round": 7.0}, "datetime": {"datetime": "2024-01-19 00:12:05", "elapsed": 57.16553, "delta": 0.000199}}
{"target": -13.758503002116203, "params": {"gamma": 555.1996470762401, "log10_alpha": 0.41663386719926354, "log10_colsample_bytree": -0.41478798567182873, "log10_eta": -3.8541861258622854, "log10_lambda": -3.401049983718094, "log10_min_child_weight": 0.6961489455856468, "log10_subsample": -0.014504885976998838, "max_depth": 6.0, "num_boost_round": 8.0}, "datetime": {"datetime": "2024-01-19 00:12:05", "elapsed": 57.165736, "delta": 0.000206}}
{"target": -13.758504462993505, "params": {"gamma": 555.1996470762401, "log10_alpha": 0.41663386719926354, "log10_colsample_bytree": -0.41478798567182873, "log10_eta": -3.8541861258622854, "log10_lambda": -3.401049983718094, "log10_min_child_weight": 0.6961489455856468, "log10_subsample": -0.014504885976998838, "max_depth": 6.0, "num_boost_round": 9.0}, "datetime": {"datetime": "2024-01-19 00:12:05", "elapsed": 57.16594, "delta": 0.000204}}
{"target": -13.758502174635652, "params": {"gamma": 555.1996470762401, "log10_alpha": 0.41663386719926354, "log10_colsample_bytree": -0.41478798567182873, "log10_eta": -3.8541861258622854, "log10_lambda": -3.401049983718094, "log10_min_child_weight": 0.6961489455856468, "log10_subsample": -0.014504885976998838, "max_depth": 6.0, "num_boost_round": 10.0}, "datetime": {"datetime": "2024-01-19 00:12:05", "elapsed": 57.166154, "delta": 0.000214}}
{"target": -13.75849881314141, "params": {"gamma": 555.1996470762401, "log10_alpha": 0.41663386719926354, "log10_colsample_bytree": -0.41478798567182873, "log10_eta": -3.8541861258622854, "log10_lambda": -3.401049983718094, "log10_min_child_weight": 0.6961489455856468, "log10_subsample": -0.014504885976998838, "max_depth": 6.0, "num_boost_round": 11.0}, "datetime": {"datetime": "2024-01-19 00:12:05", "elapsed": 57.16636, "delta": 0.000206}}
{"target": -13.758498607210642, "params": {"gamma": 555.1996470762401, "log10_alpha": 0.41663386719926354, "log10_colsample_bytree": -0.41478798567182873, "log10_eta": -3.8541861258622854, "log10_lambda": -3.401049983718094, "log10_min_child_weight": 0.6961489455856468, "log10_subsample": -0.014504885976998838, "max_depth": 6.0, "num_boost_round": 12.0}, "datetime": {"datetime": "2024-01-19 00:12:05", "elapsed": 57.166567, "delta": 0.000207}}
{"target": -13.762811257466163, "params": {"gamma": 549.9160939509305, "log10_alpha": 0.12931661944086237, "log10_colsample_bytree": -0.3495859928640648, "log10_eta": -0.09690047846242456, "log10_lambda": -0.7845161380180876, "log10_min_child_weight": 4.685107428168114, "log10_subsample": -0.4408410599716054, "max_depth": 5.0, "num_boost_round": 0.0}, "datetime": {"datetime": "2024-01-19 00:12:26", "elapsed": 78.150446, "delta": 20.983879}}
{"target": -13.778561036611709, "params": {"gamma": 549.9160939509305, "log10_alpha": 0.12931661944086237, "log10_colsample_bytree": -0.3495859928640648, "log10_eta": -0.09690047846242456, "log10_lambda": -0.7845161380180876, "log10_min_child_weight": 4.685107428168114, "log10_subsample": -0.4408410599716054, "max_depth": 5.0, "num_boost_round": 1.0}, "datetime": {"datetime": "2024-01-19 00:12:26", "elapsed": 78.150792, "delta": 0.000346}}
{"target": -13.791158084505994, "params": {"gamma": 549.9160939509305, "log10_alpha": 0.12931661944086237, "log10_colsample_bytree": -0.3495859928640648, "log10_eta": -0.09690047846242456, "log10_lambda": -0.7845161380180876, "log10_min_child_weight": 4.685107428168114, "log10_subsample": -0.4408410599716054, "max_depth": 5.0, "num_boost_round": 2.0}, "datetime": {"datetime": "2024-01-19 00:12:26", "elapsed": 78.151039, "delta": 0.000247}}
{"target": -13.795009187547077, "params": {"gamma": 549.9160939509305, "log10_alpha": 0.12931661944086237, "log10_colsample_bytree": -0.3495859928640648, "log10_eta": -0.09690047846242456, "log10_lambda": -0.7845161380180876, "log10_min_child_weight": 4.685107428168114, "log10_subsample": -0.4408410599716054, "max_depth": 5.0, "num_boost_round": 3.0}, "datetime": {"datetime": "2024-01-19 00:12:26", "elapsed": 78.151271, "delta": 0.000232}}
{"target": -13.796314444062778, "params": {"gamma": 549.9160939509305, "log10_alpha": 0.12931661944086237, "log10_colsample_bytree": -0.3495859928640648, "log10_eta": -0.09690047846242456, "log10_lambda": -0.7845161380180876, "log10_min_child_weight": 4.685107428168114, "log10_subsample": -0.4408410599716054, "max_depth": 5.0, "num_boost_round": 4.0}, "datetime": {"datetime": "2024-01-19 00:12:26", "elapsed": 78.151516, "delta": 0.000245}}
{"target": -13.802359296074004, "params": {"gamma": 549.9160939509305, "log10_alpha": 0.12931661944086237, "log10_colsample_bytree": -0.3495859928640648, "log10_eta": -0.09690047846242456, "log10_lambda": -0.7845161380180876, "log10_min_child_weight": 4.685107428168114, "log10_subsample": -0.4408410599716054, "max_depth": 5.0, "num_boost_round": 5.0}, "datetime": {"datetime": "2024-01-19 00:12:26", "elapsed": 78.151748, "delta": 0.000232}}
{"target": -13.810310431099717, "params": {"gamma": 549.9160939509305, "log10_alpha": 0.12931661944086237, "log10_colsample_bytree": -0.3495859928640648, "log10_eta": -0.09690047846242456, "log10_lambda": -0.7845161380180876, "log10_min_child_weight": 4.685107428168114, "log10_subsample": -0.4408410599716054, "max_depth": 5.0, "num_boost_round": 6.0}, "datetime": {"datetime": "2024-01-19 00:12:26", "elapsed": 78.151968, "delta": 0.00022}}
{"target": -13.81184580033142, "params": {"gamma": 549.9160939509305, "log10_alpha": 0.12931661944086237, "log10_colsample_bytree": -0.3495859928640648, "log10_eta": -0.09690047846242456, "log10_lambda": -0.7845161380180876, "log10_min_child_weight": 4.685107428168114, "log10_subsample": -0.4408410599716054, "max_depth": 5.0, "num_boost_round": 7.0}, "datetime": {"datetime": "2024-01-19 00:12:26", "elapsed": 78.152561, "delta": 0.000593}}
{"target": -13.817481783688654, "params": {"gamma": 549.9160939509305, "log10_alpha": 0.12931661944086237, "log10_colsample_bytree": -0.3495859928640648, "log10_eta": -0.09690047846242456, "log10_lambda": -0.7845161380180876, "log10_min_child_weight": 4.685107428168114, "log10_subsample": -0.4408410599716054, "max_depth": 5.0, "num_boost_round": 8.0}, "datetime": {"datetime": "2024-01-19 00:12:26", "elapsed": 78.152793, "delta": 0.000232}}
{"target": -13.813365789092025, "params": {"gamma": 549.9160939509305, "log10_alpha": 0.12931661944086237, "log10_colsample_bytree": -0.3495859928640648, "log10_eta": -0.09690047846242456, "log10_lambda": -0.7845161380180876, "log10_min_child_weight": 4.685107428168114, "log10_subsample": -0.4408410599716054, "max_depth": 5.0, "num_boost_round": 9.0}, "datetime": {"datetime": "2024-01-19 00:12:26", "elapsed": 78.153136, "delta": 0.000343}}
{"target": -13.815810760838486, "params": {"gamma": 549.9160939509305, "log10_alpha": 0.12931661944086237, "log10_colsample_bytree": -0.3495859928640648, "log10_eta": -0.09690047846242456, "log10_lambda": -0.7845161380180876, "log10_min_child_weight": 4.685107428168114, "log10_subsample": -0.4408410599716054, "max_depth": 5.0, "num_boost_round": 10.0}, "datetime": {"datetime": "2024-01-19 00:12:26", "elapsed": 78.153368, "delta": 0.000232}}
{"target": -13.825181099841572, "params": {"gamma": 549.9160939509305, "log10_alpha": 0.12931661944086237, "log10_colsample_bytree": -0.3495859928640648, "log10_eta": -0.09690047846242456, "log10_lambda": -0.7845161380180876, "log10_min_child_weight": 4.685107428168114, "log10_subsample": -0.4408410599716054, "max_depth": 5.0, "num_boost_round": 11.0}, "datetime": {"datetime": "2024-01-19 00:12:26", "elapsed": 78.153596, "delta": 0.000228}}
{"target": -13.830279009714447, "params": {"gamma": 549.9160939509305, "log10_alpha": 0.12931661944086237, "log10_colsample_bytree": -0.3495859928640648, "log10_eta": -0.09690047846242456, "log10_lambda": -0.7845161380180876, "log10_min_child_weight": 4.685107428168114, "log10_subsample": -0.4408410599716054, "max_depth": 5.0, "num_boost_round": 12.0}, "datetime": {"datetime": "2024-01-19 00:12:26", "elapsed": 78.153823, "delta": 0.000227}}
{"target": -13.834829159735959, "params": {"gamma": 549.9160939509305, "log10_alpha": 0.12931661944086237, "log10_colsample_bytree": -0.3495859928640648, "log10_eta": -0.09690047846242456, "log10_lambda": -0.7845161380180876, "log10_min_child_weight": 4.685107428168114, "log10_subsample": -0.4408410599716054, "max_depth": 5.0, "num_boost_round": 13.0}, "datetime": {"datetime": "2024-01-19 00:12:26", "elapsed": 78.154059, "delta": 0.000236}}
{"target": -13.836912425555607, "params": {"gamma": 549.9160939509305, "log10_alpha": 0.12931661944086237, "log10_colsample_bytree": -0.3495859928640648, "log10_eta": -0.09690047846242456, "log10_lambda": -0.7845161380180876, "log10_min_child_weight": 4.685107428168114, "log10_subsample": -0.4408410599716054, "max_depth": 5.0, "num_boost_round": 14.0}, "datetime": {"datetime": "2024-01-19 00:12:26", "elapsed": 78.154291, "delta": 0.000232}}
{"target": -13.839060647891102, "params": {"gamma": 549.9160939509305, "log10_alpha": 0.12931661944086237, "log10_colsample_bytree": -0.3495859928640648, "log10_eta": -0.09690047846242456, "log10_lambda": -0.7845161380180876, "log10_min_child_weight": 4.685107428168114, "log10_subsample": -0.4408410599716054, "max_depth": 5.0, "num_boost_round": 15.0}, "datetime": {"datetime": "2024-01-19 00:12:26", "elapsed": 78.154524, "delta": 0.000233}}
{"target": -13.835786915935401, "params": {"gamma": 549.9160939509305, "log10_alpha": 0.12931661944086237, "log10_colsample_bytree": -0.3495859928640648, "log10_eta": -0.09690047846242456, "log10_lambda": -0.7845161380180876, "log10_min_child_weight": 4.685107428168114, "log10_subsample": -0.4408410599716054, "max_depth": 5.0, "num_boost_round": 16.0}, "datetime": {"datetime": "2024-01-19 00:12:26", "elapsed": 78.154755, "delta": 0.000231}}
{"target": -13.758499820638688, "params": {"gamma": 551.5182361802434, "log10_alpha": -3.954451472245316, "log10_colsample_bytree": -0.3758380309791811, "log10_eta": -2.249598262061859, "log10_lambda": -0.7260505635693608, "log10_min_child_weight": 0.7891149343664616, "log10_subsample": -0.3325593791462296, "max_depth": 2.0, "num_boost_round": 0.0}, "datetime": {"datetime": "2024-01-19 00:12:45", "elapsed": 97.207569, "delta": 19.052814}}
{"target": -13.75840271646892, "params": {"gamma": 551.5182361802434, "log10_alpha": -3.954451472245316, "log10_colsample_bytree": -0.3758380309791811, "log10_eta": -2.249598262061859, "log10_lambda": -0.7260505635693608, "log10_min_child_weight": 0.7891149343664616, "log10_subsample": -0.3325593791462296, "max_depth": 2.0, "num_boost_round": 1.0}, "datetime": {"datetime": "2024-01-19 00:12:45", "elapsed": 97.207938, "delta": 0.000369}}
{"target": -13.758402865837592, "params": {"gamma": 551.5182361802434, "log10_alpha": -3.954451472245316, "log10_colsample_bytree": -0.3758380309791811, "log10_eta": -2.249598262061859, "log10_lambda": -0.7260505635693608, "log10_min_child_weight": 0.7891149343664616, "log10_subsample": -0.3325593791462296, "max_depth": 2.0, "num_boost_round": 2.0}, "datetime": {"datetime": "2024-01-19 00:12:45", "elapsed": 97.208223, "delta": 0.000285}}
{"target": -13.75836023010368, "params": {"gamma": 551.5182361802434, "log10_alpha": -3.954451472245316, "log10_colsample_bytree": -0.3758380309791811, "log10_eta": -2.249598262061859, "log10_lambda": -0.7260505635693608, "log10_min_child_weight": 0.7891149343664616, "log10_subsample": -0.3325593791462296, "max_depth": 2.0, "num_boost_round": 3.0}, "datetime": {"datetime": "2024-01-19 00:12:45", "elapsed": 97.208649, "delta": 0.000426}}
{"target": -13.758278595594676, "params": {"gamma": 551.5182361802434, "log10_alpha": -3.954451472245316, "log10_colsample_bytree": -0.3758380309791811, "log10_eta": -2.249598262061859, "log10_lambda": -0.7260505635693608, "log10_min_child_weight": 0.7891149343664616, "log10_subsample": -0.3325593791462296, "max_depth": 2.0, "num_boost_round": 4.0}, "datetime": {"datetime": "2024-01-19 00:12:45", "elapsed": 97.209535, "delta": 0.000886}}
{"target": -13.758236345412241, "params": {"gamma": 551.5182361802434, "log10_alpha": -3.954451472245316, "log10_colsample_bytree": -0.3758380309791811, "log10_eta": -2.249598262061859, "log10_lambda": -0.7260505635693608, "log10_min_child_weight": 0.7891149343664616, "log10_subsample": -0.3325593791462296, "max_depth": 2.0, "num_boost_round": 5.0}, "datetime": {"datetime": "2024-01-19 00:12:45", "elapsed": 97.209791, "delta": 0.000256}}
{"target": -13.758226713290002, "params": {"gamma": 551.5182361802434, "log10_alpha": -3.954451472245316, "log10_colsample_bytree": -0.3758380309791811, "log10_eta": -2.249598262061859, "log10_lambda": -0.7260505635693608, "log10_min_child_weight": 0.7891149343664616, "log10_subsample": -0.3325593791462296, "max_depth": 2.0, "num_boost_round": 6.0}, "datetime": {"datetime": "2024-01-19 00:12:45", "elapsed": 97.210046, "delta": 0.000255}}
{"target": -13.758242586828546, "params": {"gamma": 551.5182361802434, "log10_alpha": -3.954451472245316, "log10_colsample_bytree": -0.3758380309791811, "log10_eta": -2.249598262061859, "log10_lambda": -0.7260505635693608, "log10_min_child_weight": 0.7891149343664616, "log10_subsample": -0.3325593791462296, "max_depth": 2.0, "num_boost_round": 7.0}, "datetime": {"datetime": "2024-01-19 00:12:45", "elapsed": 97.210297, "delta": 0.000251}}
{"target": -13.758184181677324, "params": {"gamma": 551.5182361802434, "log10_alpha": -3.954451472245316, "log10_colsample_bytree": -0.3758380309791811, "log10_eta": -2.249598262061859, "log10_lambda": -0.7260505635693608, "log10_min_child_weight": 0.7891149343664616, "log10_subsample": -0.3325593791462296, "max_depth": 2.0, "num_boost_round": 8.0}, "datetime": {"datetime": "2024-01-19 00:12:45", "elapsed": 97.210544, "delta": 0.000247}}
{"target": -13.758175355788769, "params": {"gamma": 551.5182361802434, "log10_alpha": -3.954451472245316, "log10_colsample_bytree": -0.3758380309791811, "log10_eta": -2.249598262061859, "log10_lambda": -0.7260505635693608, "log10_min_child_weight": 0.7891149343664616, "log10_subsample": -0.3325593791462296, "max_depth": 2.0, "num_boost_round": 9.0}, "datetime": {"datetime": "2024-01-19 00:12:45", "elapsed": 97.21079, "delta": 0.000246}}
{"target": -13.758142312117398, "params": {"gamma": 551.5182361802434, "log10_alpha": -3.954451472245316, "log10_colsample_bytree": -0.3758380309791811, "log10_eta": -2.249598262061859, "log10_lambda": -0.7260505635693608, "log10_min_child_weight": 0.7891149343664616, "log10_subsample": -0.3325593791462296, "max_depth": 2.0, "num_boost_round": 10.0}, "datetime": {"datetime": "2024-01-19 00:12:45", "elapsed": 97.211043, "delta": 0.000253}}
{"target": -13.758058661435522, "params": {"gamma": 551.5182361802434, "log10_alpha": -3.954451472245316, "log10_colsample_bytree": -0.3758380309791811, "log10_eta": -2.249598262061859, "log10_lambda": -0.7260505635693608, "log10_min_child_weight": 0.7891149343664616, "log10_subsample": -0.3325593791462296, "max_depth": 2.0, "num_boost_round": 11.0}, "datetime": {"datetime": "2024-01-19 00:12:45", "elapsed": 97.211302, "delta": 0.000259}}
{"target": -13.7580414482647, "params": {"gamma": 551.5182361802434, "log10_alpha": -3.954451472245316, "log10_colsample_bytree": -0.3758380309791811, "log10_eta": -2.249598262061859, "log10_lambda": -0.7260505635693608, "log10_min_child_weight": 0.7891149343664616, "log10_subsample": -0.3325593791462296, "max_depth": 2.0, "num_boost_round": 12.0}, "datetime": {"datetime": "2024-01-19 00:12:45", "elapsed": 97.211567, "delta": 0.000265}}
{"target": -13.758019150165271, "params": {"gamma": 551.5182361802434, "log10_alpha": -3.954451472245316, "log10_colsample_bytree": -0.3758380309791811, "log10_eta": -2.249598262061859, "log10_lambda": -0.7260505635693608, "log10_min_child_weight": 0.7891149343664616, "log10_subsample": -0.3325593791462296, "max_depth": 2.0, "num_boost_round": 13.0}, "datetime": {"datetime": "2024-01-19 00:12:45", "elapsed": 97.21194, "delta": 0.000373}}
{"target": -13.758009764608136, "params": {"gamma": 551.5182361802434, "log10_alpha": -3.954451472245316, "log10_colsample_bytree": -0.3758380309791811, "log10_eta": -2.249598262061859, "log10_lambda": -0.7260505635693608, "log10_min_child_weight": 0.7891149343664616, "log10_subsample": -0.3325593791462296, "max_depth": 2.0, "num_boost_round": 14.0}, "datetime": {"datetime": "2024-01-19 00:12:45", "elapsed": 97.212208, "delta": 0.000268}}
{"target": -13.758537931206266, "params": {"gamma": 560.7839982218312, "log10_alpha": -2.471100063886799, "log10_colsample_bytree": -0.9445419339055666, "log10_eta": -3.8023923892396825, "log10_lambda": -1.0538620274331683, "log10_min_child_weight": 4.130920475208504, "log10_subsample": -0.6605070706176381, "max_depth": 4.0, "num_boost_round": 0.0}, "datetime": {"datetime": "2024-01-19 00:13:06", "elapsed": 118.757054, "delta": 21.544846}}
{"target": -13.758537269536461, "params": {"gamma": 560.7839982218312, "log10_alpha": -2.471100063886799, "log10_colsample_bytree": -0.9445419339055666, "log10_eta": -3.8023923892396825, "log10_lambda": -1.0538620274331683, "log10_min_child_weight": 4.130920475208504, "log10_subsample": -0.6605070706176381, "max_depth": 4.0, "num_boost_round": 1.0}, "datetime": {"datetime": "2024-01-19 00:13:06", "elapsed": 118.757484, "delta": 0.00043}}
{"target": -13.758537437287227, "params": {"gamma": 560.7839982218312, "log10_alpha": -2.471100063886799, "log10_colsample_bytree": -0.9445419339055666, "log10_eta": -3.8023923892396825, "log10_lambda": -1.0538620274331683, "log10_min_child_weight": 4.130920475208504, "log10_subsample": -0.6605070706176381, "max_depth": 4.0, "num_boost_round": 2.0}, "datetime": {"datetime": "2024-01-19 00:13:06", "elapsed": 118.757776, "delta": 0.000292}}
{"target": -13.758537365370245, "params": {"gamma": 560.7839982218312, "log10_alpha": -2.471100063886799, "log10_colsample_bytree": -0.9445419339055666, "log10_eta": -3.8023923892396825, "log10_lambda": -1.0538620274331683, "log10_min_child_weight": 4.130920475208504, "log10_subsample": -0.6605070706176381, "max_depth": 4.0, "num_boost_round": 3.0}, "datetime": {"datetime": "2024-01-19 00:13:06", "elapsed": 118.758056, "delta": 0.00028}}
{"target": -13.758537850549803, "params": {"gamma": 560.7839982218312, "log10_alpha": -2.471100063886799, "log10_colsample_bytree": -0.9445419339055666, "log10_eta": -3.8023923892396825, "log10_lambda": -1.0538620274331683, "log10_min_child_weight": 4.130920475208504, "log10_subsample": -0.6605070706176381, "max_depth": 4.0, "num_boost_round": 4.0}, "datetime": {"datetime": "2024-01-19 00:13:06", "elapsed": 118.758332, "delta": 0.000276}}
{"target": -13.758537937026164, "params": {"gamma": 560.7839982218312, "log10_alpha": -2.471100063886799, "log10_colsample_bytree": -0.9445419339055666, "log10_eta": -3.8023923892396825, "log10_lambda": -1.0538620274331683, "log10_min_child_weight": 4.130920475208504, "log10_subsample": -0.6605070706176381, "max_depth": 4.0, "num_boost_round": 5.0}, "datetime": {"datetime": "2024-01-19 00:13:06", "elapsed": 118.758619, "delta": 0.000287}}
{"target": -13.758538351491868, "params": {"gamma": 560.7839982218312, "log10_alpha": -2.471100063886799, "log10_colsample_bytree": -0.9445419339055666, "log10_eta": -3.8023923892396825, "log10_lambda": -1.0538620274331683, "log10_min_child_weight": 4.130920475208504, "log10_subsample": -0.6605070706176381, "max_depth": 4.0, "num_boost_round": 6.0}, "datetime": {"datetime": "2024-01-19 00:13:06", "elapsed": 118.759096, "delta": 0.000477}}
{"target": -13.758537608411563, "params": {"gamma": 560.7839982218312, "log10_alpha": -2.471100063886799, "log10_colsample_bytree": -0.9445419339055666, "log10_eta": -3.8023923892396825, "log10_lambda": -1.0538620274331683, "log10_min_child_weight": 4.130920475208504, "log10_subsample": -0.6605070706176381, "max_depth": 4.0, "num_boost_round": 7.0}, "datetime": {"datetime": "2024-01-19 00:13:06", "elapsed": 118.759429, "delta": 0.000333}}
{"target": -13.758538091301231, "params": {"gamma": 560.7839982218312, "log10_alpha": -2.471100063886799, "log10_colsample_bytree": -0.9445419339055666, "log10_eta": -3.8023923892396825, "log10_lambda": -1.0538620274331683, "log10_min_child_weight": 4.130920475208504, "log10_subsample": -0.6605070706176381, "max_depth": 4.0, "num_boost_round": 8.0}, "datetime": {"datetime": "2024-01-19 00:13:06", "elapsed": 118.759722, "delta": 0.000293}}
