{"target": -17.676222626860696, "params": {"gamma": 858.6542241417018, "log10_alpha": -0.08604524401874336, "log10_colsample_bytree": -0.9741820444319841, "log10_eta": -2.807582104596308, "log10_lambda": 0.8146791676627503, "log10_min_child_weight": 1.6504188008477678, "log10_subsample": -0.2830165071659405, "max_depth": 7.0, "num_boost_round": 15.0}, "datetime": {"datetime": "2024-01-19 01:24:47", "elapsed": 4367.752684, "delta": 0.004373}}
{"target": -17.676209970932504, "params": {"gamma": 858.6542241417018, "log10_alpha": -0.08604524401874336, "log10_colsample_bytree": -0.9741820444319841, "log10_eta": -2.807582104596308, "log10_lambda": 0.8146791676627503, "log10_min_child_weight": 1.6504188008477678, "log10_subsample": -0.2830165071659405, "max_depth": 7.0, "num_boost_round": 16.0}, "datetime": {"datetime": "2024-01-19 01:24:47", "elapsed": 4367.757262, "delta": 0.004578}}
{"target": -17.676187658935685, "params": {"gamma": 858.6542241417018, "log10_alpha": -0.08604524401874336, "log10_colsample_bytree": -0.9741820444319841, "log10_eta": -2.807582104596308, "log10_lambda": 0.8146791676627503, "log10_min_child_weight": 1.6504188008477678, "log10_subsample": -0.2830165071659405, "max_depth": 7.0, "num_boost_round": 17.0}, "datetime": {"datetime": "2024-01-19 01:24:47", "elapsed": 4367.761625, "delta": 0.004363}}
{"target": -17.676143280677348, "params": {"gamma": 858.6542241417018, "log10_alpha": -0.08604524401874336, "log10_colsample_bytree": -0.9741820444319841, "log10_eta": -2.807582104596308, "log10_lambda": 0.8146791676627503, "log10_min_child_weight": 1.6504188008477678, "log10_subsample": -0.2830165071659405, "max_depth": 7.0, "num_boost_round": 18.0}, "datetime": {"datetime": "2024-01-19 01:24:47", "elapsed": 4367.766046, "delta": 0.004421}}
{"target": -17.67607959830459, "params": {"gamma": 858.6542241417018, "log10_alpha": -0.08604524401874336, "log10_colsample_bytree": -0.9741820444319841, "log10_eta": -2.807582104596308, "log10_lambda": 0.8146791676627503, "log10_min_child_weight": 1.6504188008477678, "log10_subsample": -0.2830165071659405, "max_depth": 7.0, "num_boost_round": 19.0}, "datetime": {"datetime": "2024-01-19 01:24:47", "elapsed": 4367.770563, "delta": 0.004517}}
{"target": -17.676058860966673, "params": {"gamma": 858.6542241417018, "log10_alpha": -0.08604524401874336, "log10_colsample_bytree": -0.9741820444319841, "log10_eta": -2.807582104596308, "log10_lambda": 0.8146791676627503, "log10_min_child_weight": 1.6504188008477678, "log10_subsample": -0.2830165071659405, "max_depth": 7.0, "num_boost_round": 20.0}, "datetime": {"datetime": "2024-01-19 01:24:47", "elapsed": 4367.774918, "delta": 0.004355}}
{"target": -17.67595239936008, "params": {"gamma": 858.6542241417018, "log10_alpha": -0.08604524401874336, "log10_colsample_bytree": -0.9741820444319841, "log10_eta": -2.807582104596308, "log10_lambda": 0.8146791676627503, "log10_min_child_weight": 1.6504188008477678, "log10_subsample": -0.2830165071659405, "max_depth": 7.0, "num_boost_round": 21.0}, "datetime": {"datetime": "2024-01-19 01:24:47", "elapsed": 4367.779401, "delta": 0.004483}}
{"target": -17.675888701321988, "params": {"gamma": 858.6542241417018, "log10_alpha": -0.08604524401874336, "log10_colsample_bytree": -0.9741820444319841, "log10_eta": -2.807582104596308, "log10_lambda": 0.8146791676627503, "log10_min_child_weight": 1.6504188008477678, "log10_subsample": -0.2830165071659405, "max_depth": 7.0, "num_boost_round": 22.0}, "datetime": {"datetime": "2024-01-19 01:24:47", "elapsed": 4367.78402, "delta": 0.004619}}
{"target": -17.675847677050292, "params": {"gamma": 858.6542241417018, "log10_alpha": -0.08604524401874336, "log10_colsample_bytree": -0.9741820444319841, "log10_eta": -2.807582104596308, "log10_lambda": 0.8146791676627503, "log10_min_child_weight": 1.6504188008477678, "log10_subsample": -0.2830165071659405, "max_depth": 7.0, "num_boost_round": 23.0}, "datetime": {"datetime": "2024-01-19 01:24:47", "elapsed": 4367.788383, "delta": 0.004363}}
{"target": -17.675849270261608, "params": {"gamma": 858.6542241417018, "log10_alpha": -0.08604524401874336, "log10_colsample_bytree": -0.9741820444319841, "log10_eta": -2.807582104596308, "log10_lambda": 0.8146791676627503, "log10_min_child_weight": 1.6504188008477678, "log10_subsample": -0.2830165071659405, "max_depth": 7.0, "num_boost_round": 24.0}, "datetime": {"datetime": "2024-01-19 01:24:47", "elapsed": 4367.793061, "delta": 0.004678}}
{"target": -17.675749896795423, "params": {"gamma": 858.6542241417018, "log10_alpha": -0.08604524401874336, "log10_colsample_bytree": -0.9741820444319841, "log10_eta": -2.807582104596308, "log10_lambda": 0.8146791676627503, "log10_min_child_weight": 1.6504188008477678, "log10_subsample": -0.2830165071659405, "max_depth": 7.0, "num_boost_round": 25.0}, "datetime": {"datetime": "2024-01-19 01:24:47", "elapsed": 4367.924915, "delta": 0.131854}}
{"target": -17.675722769796266, "params": {"gamma": 858.6542241417018, "log10_alpha": -0.08604524401874336, "log10_colsample_bytree": -0.9741820444319841, "log10_eta": -2.807582104596308, "log10_lambda": 0.8146791676627503, "log10_min_child_weight": 1.6504188008477678, "log10_subsample": -0.2830165071659405, "max_depth": 7.0, "num_boost_round": 26.0}, "datetime": {"datetime": "2024-01-19 01:24:47", "elapsed": 4367.930131, "delta": 0.005216}}
{"target": -17.67569959452155, "params": {"gamma": 858.6542241417018, "log10_alpha": -0.08604524401874336, "log10_colsample_bytree": -0.9741820444319841, "log10_eta": -2.807582104596308, "log10_lambda": 0.8146791676627503, "log10_min_child_weight": 1.6504188008477678, "log10_subsample": -0.2830165071659405, "max_depth": 7.0, "num_boost_round": 27.0}, "datetime": {"datetime": "2024-01-19 01:24:47", "elapsed": 4367.934974, "delta": 0.004843}}
{"target": -17.675655126821713, "params": {"gamma": 858.6542241417018, "log10_alpha": -0.08604524401874336, "log10_colsample_bytree": -0.9741820444319841, "log10_eta": -2.807582104596308, "log10_lambda": 0.8146791676627503, "log10_min_child_weight": 1.6504188008477678, "log10_subsample": -0.2830165071659405, "max_depth": 7.0, "num_boost_round": 28.0}, "datetime": {"datetime": "2024-01-19 01:24:47", "elapsed": 4367.93984, "delta": 0.004866}}
{"target": -17.675568222279175, "params": {"gamma": 858.6542241417018, "log10_alpha": -0.08604524401874336, "log10_colsample_bytree": -0.9741820444319841, "log10_eta": -2.807582104596308, "log10_lambda": 0.8146791676627503, "log10_min_child_weight": 1.6504188008477678, "log10_subsample": -0.2830165071659405, "max_depth": 7.0, "num_boost_round": 29.0}, "datetime": {"datetime": "2024-01-19 01:24:47", "elapsed": 4367.944376, "delta": 0.004536}}
{"target": -17.675472775155413, "params": {"gamma": 858.6542241417018, "log10_alpha": -0.08604524401874336, "log10_colsample_bytree": -0.9741820444319841, "log10_eta": -2.807582104596308, "log10_lambda": 0.8146791676627503, "log10_min_child_weight": 1.6504188008477678, "log10_subsample": -0.2830165071659405, "max_depth": 7.0, "num_boost_round": 30.0}, "datetime": {"datetime": "2024-01-19 01:24:47", "elapsed": 4367.948833, "delta": 0.004457}}
{"target": -17.675463862572297, "params": {"gamma": 858.6542241417018, "log10_alpha": -0.08604524401874336, "log10_colsample_bytree": -0.9741820444319841, "log10_eta": -2.807582104596308, "log10_lambda": 0.8146791676627503, "log10_min_child_weight": 1.6504188008477678, "log10_subsample": -0.2830165071659405, "max_depth": 7.0, "num_boost_round": 31.0}, "datetime": {"datetime": "2024-01-19 01:24:47", "elapsed": 4367.953598, "delta": 0.004765}}
{"target": -17.675358815838383, "params": {"gamma": 858.6542241417018, "log10_alpha": -0.08604524401874336, "log10_colsample_bytree": -0.9741820444319841, "log10_eta": -2.807582104596308, "log10_lambda": 0.8146791676627503, "log10_min_child_weight": 1.6504188008477678, "log10_subsample": -0.2830165071659405, "max_depth": 7.0, "num_boost_round": 32.0}, "datetime": {"datetime": "2024-01-19 01:24:47", "elapsed": 4367.958158, "delta": 0.00456}}
{"target": -17.675264328857747, "params": {"gamma": 858.6542241417018, "log10_alpha": -0.08604524401874336, "log10_colsample_bytree": -0.9741820444319841, "log10_eta": -2.807582104596308, "log10_lambda": 0.8146791676627503, "log10_min_child_weight": 1.6504188008477678, "log10_subsample": -0.2830165071659405, "max_depth": 7.0, "num_boost_round": 33.0}, "datetime": {"datetime": "2024-01-19 01:24:47", "elapsed": 4367.963373, "delta": 0.005215}}
{"target": -17.675210161487946, "params": {"gamma": 858.6542241417018, "log10_alpha": -0.08604524401874336, "log10_colsample_bytree": -0.9741820444319841, "log10_eta": -2.807582104596308, "log10_lambda": 0.8146791676627503, "log10_min_child_weight": 1.6504188008477678, "log10_subsample": -0.2830165071659405, "max_depth": 7.0, "num_boost_round": 34.0}, "datetime": {"datetime": "2024-01-19 01:24:47", "elapsed": 4367.968175, "delta": 0.004802}}
{"target": -17.675173980055785, "params": {"gamma": 858.6542241417018, "log10_alpha": -0.08604524401874336, "log10_colsample_bytree": -0.9741820444319841, "log10_eta": -2.807582104596308, "log10_lambda": 0.8146791676627503, "log10_min_child_weight": 1.6504188008477678, "log10_subsample": -0.2830165071659405, "max_depth": 7.0, "num_boost_round": 35.0}, "datetime": {"datetime": "2024-01-19 01:24:47", "elapsed": 4367.97281, "delta": 0.004635}}
{"target": -17.675141208220627, "params": {"gamma": 858.6542241417018, "log10_alpha": -0.08604524401874336, "log10_colsample_bytree": -0.9741820444319841, "log10_eta": -2.807582104596308, "log10_lambda": 0.8146791676627503, "log10_min_child_weight": 1.6504188008477678, "log10_subsample": -0.2830165071659405, "max_depth": 7.0, "num_boost_round": 36.0}, "datetime": {"datetime": "2024-01-19 01:24:47", "elapsed": 4367.977414, "delta": 0.004604}}
{"target": -17.67505206977463, "params": {"gamma": 858.6542241417018, "log10_alpha": -0.08604524401874336, "log10_colsample_bytree": -0.9741820444319841, "log10_eta": -2.807582104596308, "log10_lambda": 0.8146791676627503, "log10_min_child_weight": 1.6504188008477678, "log10_subsample": -0.2830165071659405, "max_depth": 7.0, "num_boost_round": 37.0}, "datetime": {"datetime": "2024-01-19 01:24:47", "elapsed": 4367.982119, "delta": 0.004705}}
{"target": -17.67505257655178, "params": {"gamma": 858.6542241417018, "log10_alpha": -0.08604524401874336, "log10_colsample_bytree": -0.9741820444319841, "log10_eta": -2.807582104596308, "log10_lambda": 0.8146791676627503, "log10_min_child_weight": 1.6504188008477678, "log10_subsample": -0.2830165071659405, "max_depth": 7.0, "num_boost_round": 38.0}, "datetime": {"datetime": "2024-01-19 01:24:47", "elapsed": 4367.986698, "delta": 0.004579}}
{"target": -17.67505695339574, "params": {"gamma": 858.6542241417018, "log10_alpha": -0.08604524401874336, "log10_colsample_bytree": -0.9741820444319841, "log10_eta": -2.807582104596308, "log10_lambda": 0.8146791676627503, "log10_min_child_weight": 1.6504188008477678, "log10_subsample": -0.2830165071659405, "max_depth": 7.0, "num_boost_round": 39.0}, "datetime": {"datetime": "2024-01-19 01:24:47", "elapsed": 4367.991331, "delta": 0.004633}}
{"target": -17.67506286072267, "params": {"gamma": 858.6542241417018, "log10_alpha": -0.08604524401874336, "log10_colsample_bytree": -0.9741820444319841, "log10_eta": -2.807582104596308, "log10_lambda": 0.8146791676627503, "log10_min_child_weight": 1.6504188008477678, "log10_subsample": -0.2830165071659405, "max_depth": 7.0, "num_boost_round": 40.0}, "datetime": {"datetime": "2024-01-19 01:24:47", "elapsed": 4367.996016, "delta": 0.004685}}
{"target": -17.675015909791266, "params": {"gamma": 858.6542241417018, "log10_alpha": -0.08604524401874336, "log10_colsample_bytree": -0.9741820444319841, "log10_eta": -2.807582104596308, "log10_lambda": 0.8146791676627503, "log10_min_child_weight": 1.6504188008477678, "log10_subsample": -0.2830165071659405, "max_depth": 7.0, "num_boost_round": 41.0}, "datetime": {"datetime": "2024-01-19 01:24:47", "elapsed": 4368.000574, "delta": 0.004558}}
{"target": -17.674959094492763, "params": {"gamma": 858.6542241417018, "log10_alpha": -0.08604524401874336, "log10_colsample_bytree": -0.9741820444319841, "log10_eta": -2.807582104596308, "log10_lambda": 0.8146791676627503, "log10_min_child_weight": 1.6504188008477678, "log10_subsample": -0.2830165071659405, "max_depth": 7.0, "num_boost_round": 42.0}, "datetime": {"datetime": "2024-01-19 01:24:47", "elapsed": 4368.005171, "delta": 0.004597}}
{"target": -17.67709494647167, "params": {"gamma": 857.3863654264712, "log10_alpha": -0.4906718596509254, "log10_colsample_bytree": -0.17886539518999167, "log10_eta": -2.3193914474330546, "log10_lambda": -3.3587624602800252, "log10_min_child_weight": 1.3761159030500425, "log10_subsample": -0.10770605382761445, "max_depth": 2.0, "num_boost_round": 0.0}, "datetime": {"datetime": "2024-01-19 01:25:41", "elapsed": 4422.169048, "delta": 54.163877}}
{"target": -17.67696182919274, "params": {"gamma": 857.3863654264712, "log10_alpha": -0.4906718596509254, "log10_colsample_bytree": -0.17886539518999167, "log10_eta": -2.3193914474330546, "log10_lambda": -3.3587624602800252, "log10_min_child_weight": 1.3761159030500425, "log10_subsample": -0.10770605382761445, "max_depth": 2.0, "num_boost_round": 1.0}, "datetime": {"datetime": "2024-01-19 01:25:41", "elapsed": 4422.174427, "delta": 0.005379}}
{"target": -17.676831063454458, "params": {"gamma": 857.3863654264712, "log10_alpha": -0.4906718596509254, "log10_colsample_bytree": -0.17886539518999167, "log10_eta": -2.3193914474330546, "log10_lambda": -3.3587624602800252, "log10_min_child_weight": 1.3761159030500425, "log10_subsample": -0.10770605382761445, "max_depth": 2.0, "num_boost_round": 2.0}, "datetime": {"datetime": "2024-01-19 01:25:41", "elapsed": 4422.179754, "delta": 0.005327}}
{"target": -17.67675816965822, "params": {"gamma": 857.3863654264712, "log10_alpha": -0.4906718596509254, "log10_colsample_bytree": -0.17886539518999167, "log10_eta": -2.3193914474330546, "log10_lambda": -3.3587624602800252, "log10_min_child_weight": 1.3761159030500425, "log10_subsample": -0.10770605382761445, "max_depth": 2.0, "num_boost_round": 3.0}, "datetime": {"datetime": "2024-01-19 01:25:41", "elapsed": 4422.184544, "delta": 0.00479}}
{"target": -17.676656190476162, "params": {"gamma": 857.3863654264712, "log10_alpha": -0.4906718596509254, "log10_colsample_bytree": -0.17886539518999167, "log10_eta": -2.3193914474330546, "log10_lambda": -3.3587624602800252, "log10_min_child_weight": 1.3761159030500425, "log10_subsample": -0.10770605382761445, "max_depth": 2.0, "num_boost_round": 4.0}, "datetime": {"datetime": "2024-01-19 01:25:41", "elapsed": 4422.189165, "delta": 0.004621}}
{"target": -17.676534192402045, "params": {"gamma": 857.3863654264712, "log10_alpha": -0.4906718596509254, "log10_colsample_bytree": -0.17886539518999167, "log10_eta": -2.3193914474330546, "log10_lambda": -3.3587624602800252, "log10_min_child_weight": 1.3761159030500425, "log10_subsample": -0.10770605382761445, "max_depth": 2.0, "num_boost_round": 5.0}, "datetime": {"datetime": "2024-01-19 01:25:41", "elapsed": 4422.193852, "delta": 0.004687}}
{"target": -17.67646210719944, "params": {"gamma": 857.3863654264712, "log10_alpha": -0.4906718596509254, "log10_colsample_bytree": -0.17886539518999167, "log10_eta": -2.3193914474330546, "log10_lambda": -3.3587624602800252, "log10_min_child_weight": 1.3761159030500425, "log10_subsample": -0.10770605382761445, "max_depth": 2.0, "num_boost_round": 6.0}, "datetime": {"datetime": "2024-01-19 01:25:41", "elapsed": 4422.198517, "delta": 0.004665}}
{"target": -17.676347665309656, "params": {"gamma": 857.3863654264712, "log10_alpha": -0.4906718596509254, "log10_colsample_bytree": -0.17886539518999167, "log10_eta": -2.3193914474330546, "log10_lambda": -3.3587624602800252, "log10_min_child_weight": 1.3761159030500425, "log10_subsample": -0.10770605382761445, "max_depth": 2.0, "num_boost_round": 7.0}, "datetime": {"datetime": "2024-01-19 01:25:41", "elapsed": 4422.203197, "delta": 0.00468}}
{"target": -17.67623876933567, "params": {"gamma": 857.3863654264712, "log10_alpha": -0.4906718596509254, "log10_colsample_bytree": -0.17886539518999167, "log10_eta": -2.3193914474330546, "log10_lambda": -3.3587624602800252, "log10_min_child_weight": 1.3761159030500425, "log10_subsample": -0.10770605382761445, "max_depth": 2.0, "num_boost_round": 8.0}, "datetime": {"datetime": "2024-01-19 01:25:41", "elapsed": 4422.207831, "delta": 0.004634}}
{"target": -17.676135550819083, "params": {"gamma": 857.3863654264712, "log10_alpha": -0.4906718596509254, "log10_colsample_bytree": -0.17886539518999167, "log10_eta": -2.3193914474330546, "log10_lambda": -3.3587624602800252, "log10_min_child_weight": 1.3761159030500425, "log10_subsample": -0.10770605382761445, "max_depth": 2.0, "num_boost_round": 9.0}, "datetime": {"datetime": "2024-01-19 01:25:41", "elapsed": 4422.212479, "delta": 0.004648}}
{"target": -17.676031195171188, "params": {"gamma": 857.3863654264712, "log10_alpha": -0.4906718596509254, "log10_colsample_bytree": -0.17886539518999167, "log10_eta": -2.3193914474330546, "log10_lambda": -3.3587624602800252, "log10_min_child_weight": 1.3761159030500425, "log10_subsample": -0.10770605382761445, "max_depth": 2.0, "num_boost_round": 10.0}, "datetime": {"datetime": "2024-01-19 01:25:41", "elapsed": 4422.217035, "delta": 0.004556}}
{"target": -17.675940977267576, "params": {"gamma": 857.3863654264712, "log10_alpha": -0.4906718596509254, "log10_colsample_bytree": -0.17886539518999167, "log10_eta": -2.3193914474330546, "log10_lambda": -3.3587624602800252, "log10_min_child_weight": 1.3761159030500425, "log10_subsample": -0.10770605382761445, "max_depth": 2.0, "num_boost_round": 11.0}, "datetime": {"datetime": "2024-01-19 01:25:41", "elapsed": 4422.22186, "delta": 0.004825}}
{"target": -17.675840096689665, "params": {"gamma": 857.3863654264712, "log10_alpha": -0.4906718596509254, "log10_colsample_bytree": -0.17886539518999167, "log10_eta": -2.3193914474330546, "log10_lambda": -3.3587624602800252, "log10_min_child_weight": 1.3761159030500425, "log10_subsample": -0.10770605382761445, "max_depth": 2.0, "num_boost_round": 12.0}, "datetime": {"datetime": "2024-01-19 01:25:41", "elapsed": 4422.227054, "delta": 0.005194}}
{"target": -17.67574403270506, "params": {"gamma": 857.3863654264712, "log10_alpha": -0.4906718596509254, "log10_colsample_bytree": -0.17886539518999167, "log10_eta": -2.3193914474330546, "log10_lambda": -3.3587624602800252, "log10_min_child_weight": 1.3761159030500425, "log10_subsample": -0.10770605382761445, "max_depth": 2.0, "num_boost_round": 13.0}, "datetime": {"datetime": "2024-01-19 01:25:41", "elapsed": 4422.232192, "delta": 0.005138}}
{"target": -17.675651612376335, "params": {"gamma": 857.3863654264712, "log10_alpha": -0.4906718596509254, "log10_colsample_bytree": -0.17886539518999167, "log10_eta": -2.3193914474330546, "log10_lambda": -3.3587624602800252, "log10_min_child_weight": 1.3761159030500425, "log10_subsample": -0.10770605382761445, "max_depth": 2.0, "num_boost_round": 14.0}, "datetime": {"datetime": "2024-01-19 01:25:41", "elapsed": 4422.236836, "delta": 0.004644}}
{"target": -17.675552373754662, "params": {"gamma": 857.3863654264712, "log10_alpha": -0.4906718596509254, "log10_colsample_bytree": -0.17886539518999167, "log10_eta": -2.3193914474330546, "log10_lambda": -3.3587624602800252, "log10_min_child_weight": 1.3761159030500425, "log10_subsample": -0.10770605382761445, "max_depth": 2.0, "num_boost_round": 15.0}, "datetime": {"datetime": "2024-01-19 01:25:41", "elapsed": 4422.241405, "delta": 0.004569}}
{"target": -17.675462841842197, "params": {"gamma": 857.3863654264712, "log10_alpha": -0.4906718596509254, "log10_colsample_bytree": -0.17886539518999167, "log10_eta": -2.3193914474330546, "log10_lambda": -3.3587624602800252, "log10_min_child_weight": 1.3761159030500425, "log10_subsample": -0.10770605382761445, "max_depth": 2.0, "num_boost_round": 16.0}, "datetime": {"datetime": "2024-01-19 01:25:41", "elapsed": 4422.245927, "delta": 0.004522}}
{"target": -17.67536058583107, "params": {"gamma": 857.3863654264712, "log10_alpha": -0.4906718596509254, "log10_colsample_bytree": -0.17886539518999167, "log10_eta": -2.3193914474330546, "log10_lambda": -3.3587624602800252, "log10_min_child_weight": 1.3761159030500425, "log10_subsample": -0.10770605382761445, "max_depth": 2.0, "num_boost_round": 17.0}, "datetime": {"datetime": "2024-01-19 01:25:41", "elapsed": 4422.250577, "delta": 0.00465}}
{"target": -17.67531441748086, "params": {"gamma": 857.3863654264712, "log10_alpha": -0.4906718596509254, "log10_colsample_bytree": -0.17886539518999167, "log10_eta": -2.3193914474330546, "log10_lambda": -3.3587624602800252, "log10_min_child_weight": 1.3761159030500425, "log10_subsample": -0.10770605382761445, "max_depth": 2.0, "num_boost_round": 18.0}, "datetime": {"datetime": "2024-01-19 01:25:41", "elapsed": 4422.255043, "delta": 0.004466}}
{"target": -17.675268587082435, "params": {"gamma": 857.3863654264712, "log10_alpha": -0.4906718596509254, "log10_colsample_bytree": -0.17886539518999167, "log10_eta": -2.3193914474330546, "log10_lambda": -3.3587624602800252, "log10_min_child_weight": 1.3761159030500425, "log10_subsample": -0.10770605382761445, "max_depth": 2.0, "num_boost_round": 19.0}, "datetime": {"datetime": "2024-01-19 01:25:41", "elapsed": 4422.259588, "delta": 0.004545}}
{"target": -17.67517445510729, "params": {"gamma": 857.3863654264712, "log10_alpha": -0.4906718596509254, "log10_colsample_bytree": -0.17886539518999167, "log10_eta": -2.3193914474330546, "log10_lambda": -3.3587624602800252, "log10_min_child_weight": 1.3761159030500425, "log10_subsample": -0.10770605382761445, "max_depth": 2.0, "num_boost_round": 20.0}, "datetime": {"datetime": "2024-01-19 01:25:41", "elapsed": 4422.264249, "delta": 0.004661}}
