{"target": -13.75850200126767, "params": {"gamma": 86.21677240037717, "log10_alpha": -1.970796086857769, "log10_colsample_bytree": -0.2087693036988859, "log10_eta": -3.9197240590441558, "log10_lambda": -3.1378708454446467, "log10_min_child_weight": 2.2205975916568095, "log10_subsample": -0.7872552438813829, "max_depth": 8.0, "num_boost_round": 6.0}, "datetime": {"datetime": "2024-01-19 00:26:50", "elapsed": 909.571111, "delta": 0.001274}}
{"target": -13.758502231914703, "params": {"gamma": 86.21677240037717, "log10_alpha": -1.970796086857769, "log10_colsample_bytree": -0.2087693036988859, "log10_eta": -3.9197240590441558, "log10_lambda": -3.1378708454446467, "log10_min_child_weight": 2.2205975916568095, "log10_subsample": -0.7872552438813829, "max_depth": 8.0, "num_boost_round": 7.0}, "datetime": {"datetime": "2024-01-19 00:26:50", "elapsed": 909.57237, "delta": 0.001259}}
{"target": -13.7585029104482, "params": {"gamma": 86.21677240037717, "log10_alpha": -1.970796086857769, "log10_colsample_bytree": -0.2087693036988859, "log10_eta": -3.9197240590441558, "log10_lambda": -3.1378708454446467, "log10_min_child_weight": 2.2205975916568095, "log10_subsample": -0.7872552438813829, "max_depth": 8.0, "num_boost_round": 8.0}, "datetime": {"datetime": "2024-01-19 00:26:50", "elapsed": 909.573643, "delta": 0.001273}}
{"target": -13.758504397340952, "params": {"gamma": 86.21677240037717, "log10_alpha": -1.970796086857769, "log10_colsample_bytree": -0.2087693036988859, "log10_eta": -3.9197240590441558, "log10_lambda": -3.1378708454446467, "log10_min_child_weight": 2.2205975916568095, "log10_subsample": -0.7872552438813829, "max_depth": 8.0, "num_boost_round": 9.0}, "datetime": {"datetime": "2024-01-19 00:26:50", "elapsed": 909.574867, "delta": 0.001224}}
{"target": -13.758502793232658, "params": {"gamma": 86.21677240037717, "log10_alpha": -1.970796086857769, "log10_colsample_bytree": -0.2087693036988859, "log10_eta": -3.9197240590441558, "log10_lambda": -3.1378708454446467, "log10_min_child_weight": 2.2205975916568095, "log10_subsample": -0.7872552438813829, "max_depth": 8.0, "num_boost_round": 10.0}, "datetime": {"datetime": "2024-01-19 00:26:50", "elapsed": 909.576079, "delta": 0.001212}}
{"target": -13.758496884624448, "params": {"gamma": 86.21677240037717, "log10_alpha": -1.970796086857769, "log10_colsample_bytree": -0.2087693036988859, "log10_eta": -3.9197240590441558, "log10_lambda": -3.1378708454446467, "log10_min_child_weight": 2.2205975916568095, "log10_subsample": -0.7872552438813829, "max_depth": 8.0, "num_boost_round": 11.0}, "datetime": {"datetime": "2024-01-19 00:26:50", "elapsed": 909.577305, "delta": 0.001226}}
{"target": -13.75849391980477, "params": {"gamma": 86.21677240037717, "log10_alpha": -1.970796086857769, "log10_colsample_bytree": -0.2087693036988859, "log10_eta": -3.9197240590441558, "log10_lambda": -3.1378708454446467, "log10_min_child_weight": 2.2205975916568095, "log10_subsample": -0.7872552438813829, "max_depth": 8.0, "num_boost_round": 12.0}, "datetime": {"datetime": "2024-01-19 00:26:50", "elapsed": 909.578529, "delta": 0.001224}}
{"target": -13.758496768005148, "params": {"gamma": 86.21677240037717, "log10_alpha": -1.970796086857769, "log10_colsample_bytree": -0.2087693036988859, "log10_eta": -3.9197240590441558, "log10_lambda": -3.1378708454446467, "log10_min_child_weight": 2.2205975916568095, "log10_subsample": -0.7872552438813829, "max_depth": 8.0, "num_boost_round": 13.0}, "datetime": {"datetime": "2024-01-19 00:26:50", "elapsed": 909.579735, "delta": 0.001206}}
{"target": -13.758497622948527, "params": {"gamma": 86.21677240037717, "log10_alpha": -1.970796086857769, "log10_colsample_bytree": -0.2087693036988859, "log10_eta": -3.9197240590441558, "log10_lambda": -3.1378708454446467, "log10_min_child_weight": 2.2205975916568095, "log10_subsample": -0.7872552438813829, "max_depth": 8.0, "num_boost_round": 14.0}, "datetime": {"datetime": "2024-01-19 00:26:50", "elapsed": 909.580959, "delta": 0.001224}}
{"target": -13.788878817177702, "params": {"gamma": 90.14826010573718, "log10_alpha": -2.5636077979971708, "log10_colsample_bytree": -0.38104027404914487, "log10_eta": -0.3428178156420816, "log10_lambda": -3.714024181441622, "log10_min_child_weight": 3.541380859066636, "log10_subsample": -0.008008378338548616, "max_depth": 8.0, "num_boost_round": 0.0}, "datetime": {"datetime": "2024-01-19 00:27:11", "elapsed": 930.698092, "delta": 21.117133}}
{"target": -13.795875810893987, "params": {"gamma": 90.14826010573718, "log10_alpha": -2.5636077979971708, "log10_colsample_bytree": -0.38104027404914487, "log10_eta": -0.3428178156420816, "log10_lambda": -3.714024181441622, "log10_min_child_weight": 3.541380859066636, "log10_subsample": -0.008008378338548616, "max_depth": 8.0, "num_boost_round": 1.0}, "datetime": {"datetime": "2024-01-19 00:27:11", "elapsed": 930.69985, "delta": 0.001758}}
{"target": -13.827888861695307, "params": {"gamma": 90.14826010573718, "log10_alpha": -2.5636077979971708, "log10_colsample_bytree": -0.38104027404914487, "log10_eta": -0.3428178156420816, "log10_lambda": -3.714024181441622, "log10_min_child_weight": 3.541380859066636, "log10_subsample": -0.008008378338548616, "max_depth": 8.0, "num_boost_round": 2.0}, "datetime": {"datetime": "2024-01-19 00:27:11", "elapsed": 930.701513, "delta": 0.001663}}
{"target": -13.851797854618358, "params": {"gamma": 90.14826010573718, "log10_alpha": -2.5636077979971708, "log10_colsample_bytree": -0.38104027404914487, "log10_eta": -0.3428178156420816, "log10_lambda": -3.714024181441622, "log10_min_child_weight": 3.541380859066636, "log10_subsample": -0.008008378338548616, "max_depth": 8.0, "num_boost_round": 3.0}, "datetime": {"datetime": "2024-01-19 00:27:11", "elapsed": 930.702932, "delta": 0.001419}}
{"target": -13.86743532182376, "params": {"gamma": 90.14826010573718, "log10_alpha": -2.5636077979971708, "log10_colsample_bytree": -0.38104027404914487, "log10_eta": -0.3428178156420816, "log10_lambda": -3.714024181441622, "log10_min_child_weight": 3.541380859066636, "log10_subsample": -0.008008378338548616, "max_depth": 8.0, "num_boost_round": 4.0}, "datetime": {"datetime": "2024-01-19 00:27:11", "elapsed": 930.704154, "delta": 0.001222}}
{"target": -13.923978509676015, "params": {"gamma": 90.14826010573718, "log10_alpha": -2.5636077979971708, "log10_colsample_bytree": -0.38104027404914487, "log10_eta": -0.3428178156420816, "log10_lambda": -3.714024181441622, "log10_min_child_weight": 3.541380859066636, "log10_subsample": -0.008008378338548616, "max_depth": 8.0, "num_boost_round": 5.0}, "datetime": {"datetime": "2024-01-19 00:27:11", "elapsed": 930.705392, "delta": 0.001238}}
{"target": -13.927633464106174, "params": {"gamma": 90.14826010573718, "log10_alpha": -2.5636077979971708, "log10_colsample_bytree": -0.38104027404914487, "log10_eta": -0.3428178156420816, "log10_lambda": -3.714024181441622, "log10_min_child_weight": 3.541380859066636, "log10_subsample": -0.008008378338548616, "max_depth": 8.0, "num_boost_round": 6.0}, "datetime": {"datetime": "2024-01-19 00:27:11", "elapsed": 930.706681, "delta": 0.001289}}
{"target": -13.925644557324762, "params": {"gamma": 90.14826010573718, "log10_alpha": -2.5636077979971708, "log10_colsample_bytree": -0.38104027404914487, "log10_eta": -0.3428178156420816, "log10_lambda": -3.714024181441622, "log10_min_child_weight": 3.541380859066636, "log10_subsample": -0.008008378338548616, "max_depth": 8.0, "num_boost_round": 7.0}, "datetime": {"datetime": "2024-01-19 00:27:11", "elapsed": 930.708045, "delta": 0.001364}}
{"target": -13.93735179437652, "params": {"gamma": 90.14826010573718, "log10_alpha": -2.5636077979971708, "log10_colsample_bytree": -0.38104027404914487, "log10_eta": -0.3428178156420816, "log10_lambda": -3.714024181441622, "log10_min_child_weight": 3.541380859066636, "log10_subsample": -0.008008378338548616, "max_depth": 8.0, "num_boost_round": 8.0}, "datetime": {"datetime": "2024-01-19 00:27:11", "elapsed": 930.709289, "delta": 0.001244}}
{"target": -13.950001662830344, "params": {"gamma": 90.14826010573718, "log10_alpha": -2.5636077979971708, "log10_colsample_bytree": -0.38104027404914487, "log10_eta": -0.3428178156420816, "log10_lambda": -3.714024181441622, "log10_min_child_weight": 3.541380859066636, "log10_subsample": -0.008008378338548616, "max_depth": 8.0, "num_boost_round": 9.0}, "datetime": {"datetime": "2024-01-19 00:27:11", "elapsed": 930.710491, "delta": 0.001202}}
{"target": -13.960423541020395, "params": {"gamma": 90.14826010573718, "log10_alpha": -2.5636077979971708, "log10_colsample_bytree": -0.38104027404914487, "log10_eta": -0.3428178156420816, "log10_lambda": -3.714024181441622, "log10_min_child_weight": 3.541380859066636, "log10_subsample": -0.008008378338548616, "max_depth": 8.0, "num_boost_round": 10.0}, "datetime": {"datetime": "2024-01-19 00:27:11", "elapsed": 930.711694, "delta": 0.001203}}
{"target": -13.758543737103128, "params": {"gamma": 86.95991262858183, "log10_alpha": 0.27547061494614056, "log10_colsample_bytree": -0.8304616640570575, "log10_eta": -2.9204422051886545, "log10_lambda": -0.3886819867705533, "log10_min_child_weight": 4.6223415245401265, "log10_subsample": -0.31679574730358384, "max_depth": 6.0, "num_boost_round": 0.0}, "datetime": {"datetime": "2024-01-19 00:27:33", "elapsed": 952.72499, "delta": 22.013296}}
{"target": -13.758541311656181, "params": {"gamma": 86.95991262858183, "log10_alpha": 0.27547061494614056, "log10_colsample_bytree": -0.8304616640570575, "log10_eta": -2.9204422051886545, "log10_lambda": -0.3886819867705533, "log10_min_child_weight": 4.6223415245401265, "log10_subsample": -0.31679574730358384, "max_depth": 6.0, "num_boost_round": 1.0}, "datetime": {"datetime": "2024-01-19 00:27:33", "elapsed": 952.726965, "delta": 0.001975}}
{"target": -13.75854507756255, "params": {"gamma": 86.95991262858183, "log10_alpha": 0.27547061494614056, "log10_colsample_bytree": -0.8304616640570575, "log10_eta": -2.9204422051886545, "log10_lambda": -0.3886819867705533, "log10_min_child_weight": 4.6223415245401265, "log10_subsample": -0.31679574730358384, "max_depth": 6.0, "num_boost_round": 2.0}, "datetime": {"datetime": "2024-01-19 00:27:33", "elapsed": 952.728229, "delta": 0.001264}}
{"target": -13.758544022975236, "params": {"gamma": 86.95991262858183, "log10_alpha": 0.27547061494614056, "log10_colsample_bytree": -0.8304616640570575, "log10_eta": -2.9204422051886545, "log10_lambda": -0.3886819867705533, "log10_min_child_weight": 4.6223415245401265, "log10_subsample": -0.31679574730358384, "max_depth": 6.0, "num_boost_round": 3.0}, "datetime": {"datetime": "2024-01-19 00:27:33", "elapsed": 952.729479, "delta": 0.00125}}
{"target": -13.758548802752928, "params": {"gamma": 86.95991262858183, "log10_alpha": 0.27547061494614056, "log10_colsample_bytree": -0.8304616640570575, "log10_eta": -2.9204422051886545, "log10_lambda": -0.3886819867705533, "log10_min_child_weight": 4.6223415245401265, "log10_subsample": -0.31679574730358384, "max_depth": 6.0, "num_boost_round": 4.0}, "datetime": {"datetime": "2024-01-19 00:27:33", "elapsed": 952.730799, "delta": 0.00132}}
{"target": -13.758543585161581, "params": {"gamma": 86.95991262858183, "log10_alpha": 0.27547061494614056, "log10_colsample_bytree": -0.8304616640570575, "log10_eta": -2.9204422051886545, "log10_lambda": -0.3886819867705533, "log10_min_child_weight": 4.6223415245401265, "log10_subsample": -0.31679574730358384, "max_depth": 6.0, "num_boost_round": 5.0}, "datetime": {"datetime": "2024-01-19 00:27:33", "elapsed": 952.732047, "delta": 0.001248}}
{"target": -13.75854499904098, "params": {"gamma": 86.95991262858183, "log10_alpha": 0.27547061494614056, "log10_colsample_bytree": -0.8304616640570575, "log10_eta": -2.9204422051886545, "log10_lambda": -0.3886819867705533, "log10_min_child_weight": 4.6223415245401265, "log10_subsample": -0.31679574730358384, "max_depth": 6.0, "num_boost_round": 6.0}, "datetime": {"datetime": "2024-01-19 00:27:33", "elapsed": 952.733519, "delta": 0.001472}}
{"target": -13.75853926131469, "params": {"gamma": 86.95991262858183, "log10_alpha": 0.27547061494614056, "log10_colsample_bytree": -0.8304616640570575, "log10_eta": -2.9204422051886545, "log10_lambda": -0.3886819867705533, "log10_min_child_weight": 4.6223415245401265, "log10_subsample": -0.31679574730358384, "max_depth": 6.0, "num_boost_round": 7.0}, "datetime": {"datetime": "2024-01-19 00:27:33", "elapsed": 952.734934, "delta": 0.001415}}
{"target": -13.758541246497845, "params": {"gamma": 86.95991262858183, "log10_alpha": 0.27547061494614056, "log10_colsample_bytree": -0.8304616640570575, "log10_eta": -2.9204422051886545, "log10_lambda": -0.3886819867705533, "log10_min_child_weight": 4.6223415245401265, "log10_subsample": -0.31679574730358384, "max_depth": 6.0, "num_boost_round": 8.0}, "datetime": {"datetime": "2024-01-19 00:27:33", "elapsed": 952.736307, "delta": 0.001373}}
{"target": -13.758539106361042, "params": {"gamma": 86.95991262858183, "log10_alpha": 0.27547061494614056, "log10_colsample_bytree": -0.8304616640570575, "log10_eta": -2.9204422051886545, "log10_lambda": -0.3886819867705533, "log10_min_child_weight": 4.6223415245401265, "log10_subsample": -0.31679574730358384, "max_depth": 6.0, "num_boost_round": 9.0}, "datetime": {"datetime": "2024-01-19 00:27:33", "elapsed": 952.737545, "delta": 0.001238}}
{"target": -13.758538142276654, "params": {"gamma": 85.66264607506324, "log10_alpha": -2.825167449553443, "log10_colsample_bytree": -0.11955990172883124, "log10_eta": -1.7136770739418754, "log10_lambda": -0.08026116610683687, "log10_min_child_weight": 0.9405799538977577, "log10_subsample": -0.02859133161781524, "max_depth": 5.0, "num_boost_round": 0.0}, "datetime": {"datetime": "2024-01-19 00:27:53", "elapsed": 972.969122, "delta": 20.231577}}
{"target": -13.758723714698206, "params": {"gamma": 85.66264607506324, "log10_alpha": -2.825167449553443, "log10_colsample_bytree": -0.11955990172883124, "log10_eta": -1.7136770739418754, "log10_lambda": -0.08026116610683687, "log10_min_child_weight": 0.9405799538977577, "log10_subsample": -0.02859133161781524, "max_depth": 5.0, "num_boost_round": 1.0}, "datetime": {"datetime": "2024-01-19 00:27:53", "elapsed": 972.970532, "delta": 0.00141}}
{"target": -13.758877529484225, "params": {"gamma": 85.66264607506324, "log10_alpha": -2.825167449553443, "log10_colsample_bytree": -0.11955990172883124, "log10_eta": -1.7136770739418754, "log10_lambda": -0.08026116610683687, "log10_min_child_weight": 0.9405799538977577, "log10_subsample": -0.02859133161781524, "max_depth": 5.0, "num_boost_round": 2.0}, "datetime": {"datetime": "2024-01-19 00:27:53", "elapsed": 972.971794, "delta": 0.001262}}
{"target": -13.759001952052628, "params": {"gamma": 85.66264607506324, "log10_alpha": -2.825167449553443, "log10_colsample_bytree": -0.11955990172883124, "log10_eta": -1.7136770739418754, "log10_lambda": -0.08026116610683687, "log10_min_child_weight": 0.9405799538977577, "log10_subsample": -0.02859133161781524, "max_depth": 5.0, "num_boost_round": 3.0}, "datetime": {"datetime": "2024-01-19 00:27:53", "elapsed": 972.973032, "delta": 0.001238}}
{"target": -13.75872423785493, "params": {"gamma": 85.66264607506324, "log10_alpha": -2.825167449553443, "log10_colsample_bytree": -0.11955990172883124, "log10_eta": -1.7136770739418754, "log10_lambda": -0.08026116610683687, "log10_min_child_weight": 0.9405799538977577, "log10_subsample": -0.02859133161781524, "max_depth": 5.0, "num_boost_round": 4.0}, "datetime": {"datetime": "2024-01-19 00:27:53", "elapsed": 972.974299, "delta": 0.001267}}
{"target": -13.759698036158689, "params": {"gamma": 85.66264607506324, "log10_alpha": -2.825167449553443, "log10_colsample_bytree": -0.11955990172883124, "log10_eta": -1.7136770739418754, "log10_lambda": -0.08026116610683687, "log10_min_child_weight": 0.9405799538977577, "log10_subsample": -0.02859133161781524, "max_depth": 5.0, "num_boost_round": 5.0}, "datetime": {"datetime": "2024-01-19 00:27:53", "elapsed": 972.97555, "delta": 0.001251}}
{"target": -13.76060136613833, "params": {"gamma": 85.66264607506324, "log10_alpha": -2.825167449553443, "log10_colsample_bytree": -0.11955990172883124, "log10_eta": -1.7136770739418754, "log10_lambda": -0.08026116610683687, "log10_min_child_weight": 0.9405799538977577, "log10_subsample": -0.02859133161781524, "max_depth": 5.0, "num_boost_round": 6.0}, "datetime": {"datetime": "2024-01-19 00:27:53", "elapsed": 972.976815, "delta": 0.001265}}
{"target": -13.761839971462152, "params": {"gamma": 85.66264607506324, "log10_alpha": -2.825167449553443, "log10_colsample_bytree": -0.11955990172883124, "log10_eta": -1.7136770739418754, "log10_lambda": -0.08026116610683687, "log10_min_child_weight": 0.9405799538977577, "log10_subsample": -0.02859133161781524, "max_depth": 5.0, "num_boost_round": 7.0}, "datetime": {"datetime": "2024-01-19 00:27:53", "elapsed": 972.978058, "delta": 0.001243}}
{"target": -13.76251557320585, "params": {"gamma": 85.66264607506324, "log10_alpha": -2.825167449553443, "log10_colsample_bytree": -0.11955990172883124, "log10_eta": -1.7136770739418754, "log10_lambda": -0.08026116610683687, "log10_min_child_weight": 0.9405799538977577, "log10_subsample": -0.02859133161781524, "max_depth": 5.0, "num_boost_round": 8.0}, "datetime": {"datetime": "2024-01-19 00:27:53", "elapsed": 972.97931, "delta": 0.001252}}
{"target": -13.762751390234392, "params": {"gamma": 85.66264607506324, "log10_alpha": -2.825167449553443, "log10_colsample_bytree": -0.11955990172883124, "log10_eta": -1.7136770739418754, "log10_lambda": -0.08026116610683687, "log10_min_child_weight": 0.9405799538977577, "log10_subsample": -0.02859133161781524, "max_depth": 5.0, "num_boost_round": 9.0}, "datetime": {"datetime": "2024-01-19 00:27:53", "elapsed": 972.980586, "delta": 0.001276}}
{"target": -13.763630586087407, "params": {"gamma": 85.66264607506324, "log10_alpha": -2.825167449553443, "log10_colsample_bytree": -0.11955990172883124, "log10_eta": -1.7136770739418754, "log10_lambda": -0.08026116610683687, "log10_min_child_weight": 0.9405799538977577, "log10_subsample": -0.02859133161781524, "max_depth": 5.0, "num_boost_round": 10.0}, "datetime": {"datetime": "2024-01-19 00:27:53", "elapsed": 972.982604, "delta": 0.002018}}
{"target": -13.758328948798319, "params": {"gamma": 87.00827399101196, "log10_alpha": -0.702849342942697, "log10_colsample_bytree": -0.31603325861385945, "log10_eta": -1.2700286082525198, "log10_lambda": -2.7113868647828077, "log10_min_child_weight": 4.676698935642893, "log10_subsample": -0.36652589769847665, "max_depth": 2.0, "num_boost_round": 0.0}, "datetime": {"datetime": "2024-01-19 00:28:18", "elapsed": 997.49479, "delta": 24.512186}}
{"target": -13.758260259412436, "params": {"gamma": 87.00827399101196, "log10_alpha": -0.702849342942697, "log10_colsample_bytree": -0.31603325861385945, "log10_eta": -1.2700286082525198, "log10_lambda": -2.7113868647828077, "log10_min_child_weight": 4.676698935642893, "log10_subsample": -0.36652589769847665, "max_depth": 2.0, "num_boost_round": 1.0}, "datetime": {"datetime": "2024-01-19 00:28:18", "elapsed": 997.496675, "delta": 0.001885}}
{"target": -13.758427713655433, "params": {"gamma": 87.00827399101196, "log10_alpha": -0.702849342942697, "log10_colsample_bytree": -0.31603325861385945, "log10_eta": -1.2700286082525198, "log10_lambda": -2.7113868647828077, "log10_min_child_weight": 4.676698935642893, "log10_subsample": -0.36652589769847665, "max_depth": 2.0, "num_boost_round": 2.0}, "datetime": {"datetime": "2024-01-19 00:28:18", "elapsed": 997.498121, "delta": 0.001446}}
{"target": -13.758374516718028, "params": {"gamma": 87.00827399101196, "log10_alpha": -0.702849342942697, "log10_colsample_bytree": -0.31603325861385945, "log10_eta": -1.2700286082525198, "log10_lambda": -2.7113868647828077, "log10_min_child_weight": 4.676698935642893, "log10_subsample": -0.36652589769847665, "max_depth": 2.0, "num_boost_round": 3.0}, "datetime": {"datetime": "2024-01-19 00:28:18", "elapsed": 997.499498, "delta": 0.001377}}
{"target": -13.758497240308975, "params": {"gamma": 87.00827399101196, "log10_alpha": -0.702849342942697, "log10_colsample_bytree": -0.31603325861385945, "log10_eta": -1.2700286082525198, "log10_lambda": -2.7113868647828077, "log10_min_child_weight": 4.676698935642893, "log10_subsample": -0.36652589769847665, "max_depth": 2.0, "num_boost_round": 4.0}, "datetime": {"datetime": "2024-01-19 00:28:18", "elapsed": 997.500762, "delta": 0.001264}}
{"target": -13.75858736429884, "params": {"gamma": 87.00827399101196, "log10_alpha": -0.702849342942697, "log10_colsample_bytree": -0.31603325861385945, "log10_eta": -1.2700286082525198, "log10_lambda": -2.7113868647828077, "log10_min_child_weight": 4.676698935642893, "log10_subsample": -0.36652589769847665, "max_depth": 2.0, "num_boost_round": 5.0}, "datetime": {"datetime": "2024-01-19 00:28:18", "elapsed": 997.502017, "delta": 0.001255}}
{"target": -13.75878329758732, "params": {"gamma": 87.00827399101196, "log10_alpha": -0.702849342942697, "log10_colsample_bytree": -0.31603325861385945, "log10_eta": -1.2700286082525198, "log10_lambda": -2.7113868647828077, "log10_min_child_weight": 4.676698935642893, "log10_subsample": -0.36652589769847665, "max_depth": 2.0, "num_boost_round": 6.0}, "datetime": {"datetime": "2024-01-19 00:28:18", "elapsed": 997.503447, "delta": 0.00143}}
{"target": -13.759001329490923, "params": {"gamma": 87.00827399101196, "log10_alpha": -0.702849342942697, "log10_colsample_bytree": -0.31603325861385945, "log10_eta": -1.2700286082525198, "log10_lambda": -2.7113868647828077, "log10_min_child_weight": 4.676698935642893, "log10_subsample": -0.36652589769847665, "max_depth": 2.0, "num_boost_round": 7.0}, "datetime": {"datetime": "2024-01-19 00:28:18", "elapsed": 997.504706, "delta": 0.001259}}
