{"target": -17.672912913212503, "params": {"gamma": 440.50233819567075, "log10_alpha": -4.741075885704828, "log10_colsample_bytree": -0.3530511830736801, "log10_eta": -2.345874368535477, "log10_lambda": -2.166804698172032, "log10_min_child_weight": 2.306384971892954, "log10_subsample": -0.5514611275406969, "max_depth": 3.0, "num_boost_round": 42.0}, "datetime": {"datetime": "2024-01-19 02:38:23", "elapsed": 8796.526541, "delta": 0.007087}}
{"target": -17.67282160870994, "params": {"gamma": 440.50233819567075, "log10_alpha": -4.741075885704828, "log10_colsample_bytree": -0.3530511830736801, "log10_eta": -2.345874368535477, "log10_lambda": -2.166804698172032, "log10_min_child_weight": 2.306384971892954, "log10_subsample": -0.5514611275406969, "max_depth": 3.0, "num_boost_round": 43.0}, "datetime": {"datetime": "2024-01-19 02:38:23", "elapsed": 8796.534417, "delta": 0.007876}}
{"target": -17.672732784469293, "params": {"gamma": 440.50233819567075, "log10_alpha": -4.741075885704828, "log10_colsample_bytree": -0.3530511830736801, "log10_eta": -2.345874368535477, "log10_lambda": -2.166804698172032, "log10_min_child_weight": 2.306384971892954, "log10_subsample": -0.5514611275406969, "max_depth": 3.0, "num_boost_round": 44.0}, "datetime": {"datetime": "2024-01-19 02:38:23", "elapsed": 8796.5425, "delta": 0.008083}}
{"target": -17.6726600686664, "params": {"gamma": 440.50233819567075, "log10_alpha": -4.741075885704828, "log10_colsample_bytree": -0.3530511830736801, "log10_eta": -2.345874368535477, "log10_lambda": -2.166804698172032, "log10_min_child_weight": 2.306384971892954, "log10_subsample": -0.5514611275406969, "max_depth": 3.0, "num_boost_round": 45.0}, "datetime": {"datetime": "2024-01-19 02:38:23", "elapsed": 8796.550245, "delta": 0.007745}}
{"target": -17.672631565082572, "params": {"gamma": 440.50233819567075, "log10_alpha": -4.741075885704828, "log10_colsample_bytree": -0.3530511830736801, "log10_eta": -2.345874368535477, "log10_lambda": -2.166804698172032, "log10_min_child_weight": 2.306384971892954, "log10_subsample": -0.5514611275406969, "max_depth": 3.0, "num_boost_round": 46.0}, "datetime": {"datetime": "2024-01-19 02:38:23", "elapsed": 8796.558299, "delta": 0.008054}}
{"target": -17.672486219891173, "params": {"gamma": 440.50233819567075, "log10_alpha": -4.741075885704828, "log10_colsample_bytree": -0.3530511830736801, "log10_eta": -2.345874368535477, "log10_lambda": -2.166804698172032, "log10_min_child_weight": 2.306384971892954, "log10_subsample": -0.5514611275406969, "max_depth": 3.0, "num_boost_round": 47.0}, "datetime": {"datetime": "2024-01-19 02:38:23", "elapsed": 8796.567202, "delta": 0.008903}}
{"target": -17.672356453022363, "params": {"gamma": 440.50233819567075, "log10_alpha": -4.741075885704828, "log10_colsample_bytree": -0.3530511830736801, "log10_eta": -2.345874368535477, "log10_lambda": -2.166804698172032, "log10_min_child_weight": 2.306384971892954, "log10_subsample": -0.5514611275406969, "max_depth": 3.0, "num_boost_round": 48.0}, "datetime": {"datetime": "2024-01-19 02:38:23", "elapsed": 8796.575318, "delta": 0.008116}}
{"target": -17.67221231603712, "params": {"gamma": 440.50233819567075, "log10_alpha": -4.741075885704828, "log10_colsample_bytree": -0.3530511830736801, "log10_eta": -2.345874368535477, "log10_lambda": -2.166804698172032, "log10_min_child_weight": 2.306384971892954, "log10_subsample": -0.5514611275406969, "max_depth": 3.0, "num_boost_round": 49.0}, "datetime": {"datetime": "2024-01-19 02:38:23", "elapsed": 8796.58335, "delta": 0.008032}}
{"target": -17.672220689415795, "params": {"gamma": 440.50233819567075, "log10_alpha": -4.741075885704828, "log10_colsample_bytree": -0.3530511830736801, "log10_eta": -2.345874368535477, "log10_lambda": -2.166804698172032, "log10_min_child_weight": 2.306384971892954, "log10_subsample": -0.5514611275406969, "max_depth": 3.0, "num_boost_round": 50.0}, "datetime": {"datetime": "2024-01-19 02:38:23", "elapsed": 8796.591219, "delta": 0.007869}}
{"target": -17.67220081902412, "params": {"gamma": 440.50233819567075, "log10_alpha": -4.741075885704828, "log10_colsample_bytree": -0.3530511830736801, "log10_eta": -2.345874368535477, "log10_lambda": -2.166804698172032, "log10_min_child_weight": 2.306384971892954, "log10_subsample": -0.5514611275406969, "max_depth": 3.0, "num_boost_round": 51.0}, "datetime": {"datetime": "2024-01-19 02:38:23", "elapsed": 8796.599329, "delta": 0.00811}}
{"target": -17.672187663504637, "params": {"gamma": 440.50233819567075, "log10_alpha": -4.741075885704828, "log10_colsample_bytree": -0.3530511830736801, "log10_eta": -2.345874368535477, "log10_lambda": -2.166804698172032, "log10_min_child_weight": 2.306384971892954, "log10_subsample": -0.5514611275406969, "max_depth": 3.0, "num_boost_round": 52.0}, "datetime": {"datetime": "2024-01-19 02:38:23", "elapsed": 8796.60733, "delta": 0.008001}}
{"target": -17.672111875371336, "params": {"gamma": 440.50233819567075, "log10_alpha": -4.741075885704828, "log10_colsample_bytree": -0.3530511830736801, "log10_eta": -2.345874368535477, "log10_lambda": -2.166804698172032, "log10_min_child_weight": 2.306384971892954, "log10_subsample": -0.5514611275406969, "max_depth": 3.0, "num_boost_round": 53.0}, "datetime": {"datetime": "2024-01-19 02:38:23", "elapsed": 8796.615101, "delta": 0.007771}}
{"target": -17.67193846102618, "params": {"gamma": 440.50233819567075, "log10_alpha": -4.741075885704828, "log10_colsample_bytree": -0.3530511830736801, "log10_eta": -2.345874368535477, "log10_lambda": -2.166804698172032, "log10_min_child_weight": 2.306384971892954, "log10_subsample": -0.5514611275406969, "max_depth": 3.0, "num_boost_round": 54.0}, "datetime": {"datetime": "2024-01-19 02:38:23", "elapsed": 8796.622712, "delta": 0.007611}}
{"target": -17.671917824849668, "params": {"gamma": 440.50233819567075, "log10_alpha": -4.741075885704828, "log10_colsample_bytree": -0.3530511830736801, "log10_eta": -2.345874368535477, "log10_lambda": -2.166804698172032, "log10_min_child_weight": 2.306384971892954, "log10_subsample": -0.5514611275406969, "max_depth": 3.0, "num_boost_round": 55.0}, "datetime": {"datetime": "2024-01-19 02:38:23", "elapsed": 8796.630276, "delta": 0.007564}}
{"target": -17.67183975091484, "params": {"gamma": 440.50233819567075, "log10_alpha": -4.741075885704828, "log10_colsample_bytree": -0.3530511830736801, "log10_eta": -2.345874368535477, "log10_lambda": -2.166804698172032, "log10_min_child_weight": 2.306384971892954, "log10_subsample": -0.5514611275406969, "max_depth": 3.0, "num_boost_round": 56.0}, "datetime": {"datetime": "2024-01-19 02:38:23", "elapsed": 8796.637624, "delta": 0.007348}}
{"target": -17.671732448694407, "params": {"gamma": 440.50233819567075, "log10_alpha": -4.741075885704828, "log10_colsample_bytree": -0.3530511830736801, "log10_eta": -2.345874368535477, "log10_lambda": -2.166804698172032, "log10_min_child_weight": 2.306384971892954, "log10_subsample": -0.5514611275406969, "max_depth": 3.0, "num_boost_round": 57.0}, "datetime": {"datetime": "2024-01-19 02:38:23", "elapsed": 8796.644861, "delta": 0.007237}}
{"target": -17.67163372984694, "params": {"gamma": 440.50233819567075, "log10_alpha": -4.741075885704828, "log10_colsample_bytree": -0.3530511830736801, "log10_eta": -2.345874368535477, "log10_lambda": -2.166804698172032, "log10_min_child_weight": 2.306384971892954, "log10_subsample": -0.5514611275406969, "max_depth": 3.0, "num_boost_round": 58.0}, "datetime": {"datetime": "2024-01-19 02:38:24", "elapsed": 8796.652231, "delta": 0.00737}}
{"target": -17.67162313637935, "params": {"gamma": 440.50233819567075, "log10_alpha": -4.741075885704828, "log10_colsample_bytree": -0.3530511830736801, "log10_eta": -2.345874368535477, "log10_lambda": -2.166804698172032, "log10_min_child_weight": 2.306384971892954, "log10_subsample": -0.5514611275406969, "max_depth": 3.0, "num_boost_round": 59.0}, "datetime": {"datetime": "2024-01-19 02:38:24", "elapsed": 8796.661103, "delta": 0.008872}}
{"target": -17.67154499131901, "params": {"gamma": 440.50233819567075, "log10_alpha": -4.741075885704828, "log10_colsample_bytree": -0.3530511830736801, "log10_eta": -2.345874368535477, "log10_lambda": -2.166804698172032, "log10_min_child_weight": 2.306384971892954, "log10_subsample": -0.5514611275406969, "max_depth": 3.0, "num_boost_round": 60.0}, "datetime": {"datetime": "2024-01-19 02:38:24", "elapsed": 8796.669762, "delta": 0.008659}}
{"target": -17.671531033678285, "params": {"gamma": 440.50233819567075, "log10_alpha": -4.741075885704828, "log10_colsample_bytree": -0.3530511830736801, "log10_eta": -2.345874368535477, "log10_lambda": -2.166804698172032, "log10_min_child_weight": 2.306384971892954, "log10_subsample": -0.5514611275406969, "max_depth": 3.0, "num_boost_round": 61.0}, "datetime": {"datetime": "2024-01-19 02:38:24", "elapsed": 8796.67848, "delta": 0.008718}}
{"target": -17.671453358038235, "params": {"gamma": 440.50233819567075, "log10_alpha": -4.741075885704828, "log10_colsample_bytree": -0.3530511830736801, "log10_eta": -2.345874368535477, "log10_lambda": -2.166804698172032, "log10_min_child_weight": 2.306384971892954, "log10_subsample": -0.5514611275406969, "max_depth": 3.0, "num_boost_round": 62.0}, "datetime": {"datetime": "2024-01-19 02:38:24", "elapsed": 8796.686617, "delta": 0.008137}}
{"target": -17.677228643215695, "params": {"gamma": 448.5861555798932, "log10_alpha": -4.295138027109667, "log10_colsample_bytree": -0.2129310388748038, "log10_eta": -3.253507569494012, "log10_lambda": 0.41994100757126684, "log10_min_child_weight": 3.20059737191899, "log10_subsample": -0.4975015041002617, "max_depth": 9.0, "num_boost_round": 0.0}, "datetime": {"datetime": "2024-01-19 02:39:26", "elapsed": 8858.793798, "delta": 62.107181}}
{"target": -17.677201010958573, "params": {"gamma": 448.5861555798932, "log10_alpha": -4.295138027109667, "log10_colsample_bytree": -0.2129310388748038, "log10_eta": -3.253507569494012, "log10_lambda": 0.41994100757126684, "log10_min_child_weight": 3.20059737191899, "log10_subsample": -0.4975015041002617, "max_depth": 9.0, "num_boost_round": 1.0}, "datetime": {"datetime": "2024-01-19 02:39:26", "elapsed": 8858.803814, "delta": 0.010016}}
{"target": -17.677177316063283, "params": {"gamma": 448.5861555798932, "log10_alpha": -4.295138027109667, "log10_colsample_bytree": -0.2129310388748038, "log10_eta": -3.253507569494012, "log10_lambda": 0.41994100757126684, "log10_min_child_weight": 3.20059737191899, "log10_subsample": -0.4975015041002617, "max_depth": 9.0, "num_boost_round": 2.0}, "datetime": {"datetime": "2024-01-19 02:39:26", "elapsed": 8858.812, "delta": 0.008186}}
{"target": -17.67717025130773, "params": {"gamma": 448.5861555798932, "log10_alpha": -4.295138027109667, "log10_colsample_bytree": -0.2129310388748038, "log10_eta": -3.253507569494012, "log10_lambda": 0.41994100757126684, "log10_min_child_weight": 3.20059737191899, "log10_subsample": -0.4975015041002617, "max_depth": 9.0, "num_boost_round": 3.0}, "datetime": {"datetime": "2024-01-19 02:39:26", "elapsed": 8858.819602, "delta": 0.007602}}
{"target": -17.67715617987719, "params": {"gamma": 448.5861555798932, "log10_alpha": -4.295138027109667, "log10_colsample_bytree": -0.2129310388748038, "log10_eta": -3.253507569494012, "log10_lambda": 0.41994100757126684, "log10_min_child_weight": 3.20059737191899, "log10_subsample": -0.4975015041002617, "max_depth": 9.0, "num_boost_round": 4.0}, "datetime": {"datetime": "2024-01-19 02:39:26", "elapsed": 8858.827368, "delta": 0.007766}}
{"target": -17.677144922310568, "params": {"gamma": 448.5861555798932, "log10_alpha": -4.295138027109667, "log10_colsample_bytree": -0.2129310388748038, "log10_eta": -3.253507569494012, "log10_lambda": 0.41994100757126684, "log10_min_child_weight": 3.20059737191899, "log10_subsample": -0.4975015041002617, "max_depth": 9.0, "num_boost_round": 5.0}, "datetime": {"datetime": "2024-01-19 02:39:26", "elapsed": 8858.835299, "delta": 0.007931}}
{"target": -17.677143322886593, "params": {"gamma": 448.5861555798932, "log10_alpha": -4.295138027109667, "log10_colsample_bytree": -0.2129310388748038, "log10_eta": -3.253507569494012, "log10_lambda": 0.41994100757126684, "log10_min_child_weight": 3.20059737191899, "log10_subsample": -0.4975015041002617, "max_depth": 9.0, "num_boost_round": 6.0}, "datetime": {"datetime": "2024-01-19 02:39:26", "elapsed": 8858.843342, "delta": 0.008043}}
{"target": -17.6771278664731, "params": {"gamma": 448.5861555798932, "log10_alpha": -4.295138027109667, "log10_colsample_bytree": -0.2129310388748038, "log10_eta": -3.253507569494012, "log10_lambda": 0.41994100757126684, "log10_min_child_weight": 3.20059737191899, "log10_subsample": -0.4975015041002617, "max_depth": 9.0, "num_boost_round": 7.0}, "datetime": {"datetime": "2024-01-19 02:39:26", "elapsed": 8858.85127, "delta": 0.007928}}
{"target": -17.677111488557014, "params": {"gamma": 448.5861555798932, "log10_alpha": -4.295138027109667, "log10_colsample_bytree": -0.2129310388748038, "log10_eta": -3.253507569494012, "log10_lambda": 0.41994100757126684, "log10_min_child_weight": 3.20059737191899, "log10_subsample": -0.4975015041002617, "max_depth": 9.0, "num_boost_round": 8.0}, "datetime": {"datetime": "2024-01-19 02:39:26", "elapsed": 8858.859203, "delta": 0.007933}}
{"target": -17.67711332253575, "params": {"gamma": 448.5861555798932, "log10_alpha": -4.295138027109667, "log10_colsample_bytree": -0.2129310388748038, "log10_eta": -3.253507569494012, "log10_lambda": 0.41994100757126684, "log10_min_child_weight": 3.20059737191899, "log10_subsample": -0.4975015041002617, "max_depth": 9.0, "num_boost_round": 9.0}, "datetime": {"datetime": "2024-01-19 02:39:26", "elapsed": 8858.866621, "delta": 0.007418}}
{"target": -17.67711150018736, "params": {"gamma": 448.5861555798932, "log10_alpha": -4.295138027109667, "log10_colsample_bytree": -0.2129310388748038, "log10_eta": -3.253507569494012, "log10_lambda": 0.41994100757126684, "log10_min_child_weight": 3.20059737191899, "log10_subsample": -0.4975015041002617, "max_depth": 9.0, "num_boost_round": 10.0}, "datetime": {"datetime": "2024-01-19 02:39:26", "elapsed": 8858.874294, "delta": 0.007673}}
{"target": -17.677091239806106, "params": {"gamma": 448.5861555798932, "log10_alpha": -4.295138027109667, "log10_colsample_bytree": -0.2129310388748038, "log10_eta": -3.253507569494012, "log10_lambda": 0.41994100757126684, "log10_min_child_weight": 3.20059737191899, "log10_subsample": -0.4975015041002617, "max_depth": 9.0, "num_boost_round": 11.0}, "datetime": {"datetime": "2024-01-19 02:39:26", "elapsed": 8858.881637, "delta": 0.007343}}
{"target": -17.677102330830287, "params": {"gamma": 448.5861555798932, "log10_alpha": -4.295138027109667, "log10_colsample_bytree": -0.2129310388748038, "log10_eta": -3.253507569494012, "log10_lambda": 0.41994100757126684, "log10_min_child_weight": 3.20059737191899, "log10_subsample": -0.4975015041002617, "max_depth": 9.0, "num_boost_round": 12.0}, "datetime": {"datetime": "2024-01-19 02:39:26", "elapsed": 8858.888661, "delta": 0.007024}}
{"target": -17.67723296417803, "params": {"gamma": 433.84375164849774, "log10_alpha": -3.8825338265423426, "log10_colsample_bytree": -0.8485340139275238, "log10_eta": -4.0, "log10_lambda": -0.5706936834683809, "log10_min_child_weight": 5.0, "log10_subsample": -1.0, "max_depth": 8.0, "num_boost_round": 0.0}, "datetime": {"datetime": "2024-01-19 02:42:59", "elapsed": 9072.484878, "delta": 213.596217}}
{"target": -17.677232947223374, "params": {"gamma": 433.84375164849774, "log10_alpha": -3.8825338265423426, "log10_colsample_bytree": -0.8485340139275238, "log10_eta": -4.0, "log10_lambda": -0.5706936834683809, "log10_min_child_weight": 5.0, "log10_subsample": -1.0, "max_depth": 8.0, "num_boost_round": 1.0}, "datetime": {"datetime": "2024-01-19 02:42:59", "elapsed": 9072.492942, "delta": 0.008064}}
{"target": -17.67723297047177, "params": {"gamma": 433.84375164849774, "log10_alpha": -3.8825338265423426, "log10_colsample_bytree": -0.8485340139275238, "log10_eta": -4.0, "log10_lambda": -0.5706936834683809, "log10_min_child_weight": 5.0, "log10_subsample": -1.0, "max_depth": 8.0, "num_boost_round": 2.0}, "datetime": {"datetime": "2024-01-19 02:42:59", "elapsed": 9072.500172, "delta": 0.00723}}
{"target": -17.677233026153125, "params": {"gamma": 433.84375164849774, "log10_alpha": -3.8825338265423426, "log10_colsample_bytree": -0.8485340139275238, "log10_eta": -4.0, "log10_lambda": -0.5706936834683809, "log10_min_child_weight": 5.0, "log10_subsample": -1.0, "max_depth": 8.0, "num_boost_round": 3.0}, "datetime": {"datetime": "2024-01-19 02:42:59", "elapsed": 9072.507401, "delta": 0.007229}}
{"target": -17.677233029345494, "params": {"gamma": 433.84375164849774, "log10_alpha": -3.8825338265423426, "log10_colsample_bytree": -0.8485340139275238, "log10_eta": -4.0, "log10_lambda": -0.5706936834683809, "log10_min_child_weight": 5.0, "log10_subsample": -1.0, "max_depth": 8.0, "num_boost_round": 4.0}, "datetime": {"datetime": "2024-01-19 02:42:59", "elapsed": 9072.514613, "delta": 0.007212}}
{"target": -17.677233061099304, "params": {"gamma": 433.84375164849774, "log10_alpha": -3.8825338265423426, "log10_colsample_bytree": -0.8485340139275238, "log10_eta": -4.0, "log10_lambda": -0.5706936834683809, "log10_min_child_weight": 5.0, "log10_subsample": -1.0, "max_depth": 8.0, "num_boost_round": 5.0}, "datetime": {"datetime": "2024-01-19 02:42:59", "elapsed": 9072.521708, "delta": 0.007095}}
{"target": -17.677233049723185, "params": {"gamma": 433.84375164849774, "log10_alpha": -3.8825338265423426, "log10_colsample_bytree": -0.8485340139275238, "log10_eta": -4.0, "log10_lambda": -0.5706936834683809, "log10_min_child_weight": 5.0, "log10_subsample": -1.0, "max_depth": 8.0, "num_boost_round": 6.0}, "datetime": {"datetime": "2024-01-19 02:42:59", "elapsed": 9072.528734, "delta": 0.007026}}
{"target": -17.67723300132923, "params": {"gamma": 433.84375164849774, "log10_alpha": -3.8825338265423426, "log10_colsample_bytree": -0.8485340139275238, "log10_eta": -4.0, "log10_lambda": -0.5706936834683809, "log10_min_child_weight": 5.0, "log10_subsample": -1.0, "max_depth": 8.0, "num_boost_round": 7.0}, "datetime": {"datetime": "2024-01-19 02:42:59", "elapsed": 9072.5357, "delta": 0.006966}}
{"target": -17.677232988347175, "params": {"gamma": 433.84375164849774, "log10_alpha": -3.8825338265423426, "log10_colsample_bytree": -0.8485340139275238, "log10_eta": -4.0, "log10_lambda": -0.5706936834683809, "log10_min_child_weight": 5.0, "log10_subsample": -1.0, "max_depth": 8.0, "num_boost_round": 8.0}, "datetime": {"datetime": "2024-01-19 02:42:59", "elapsed": 9072.542824, "delta": 0.007124}}
{"target": -17.677232944218673, "params": {"gamma": 433.84375164849774, "log10_alpha": -3.8825338265423426, "log10_colsample_bytree": -0.8485340139275238, "log10_eta": -4.0, "log10_lambda": -0.5706936834683809, "log10_min_child_weight": 5.0, "log10_subsample": -1.0, "max_depth": 8.0, "num_boost_round": 9.0}, "datetime": {"datetime": "2024-01-19 02:42:59", "elapsed": 9072.550139, "delta": 0.007315}}
{"target": -17.67723299938516, "params": {"gamma": 433.84375164849774, "log10_alpha": -3.8825338265423426, "log10_colsample_bytree": -0.8485340139275238, "log10_eta": -4.0, "log10_lambda": -0.5706936834683809, "log10_min_child_weight": 5.0, "log10_subsample": -1.0, "max_depth": 8.0, "num_boost_round": 10.0}, "datetime": {"datetime": "2024-01-19 02:42:59", "elapsed": 9072.558237, "delta": 0.008098}}
{"target": -17.677232987120824, "params": {"gamma": 433.84375164849774, "log10_alpha": -3.8825338265423426, "log10_colsample_bytree": -0.8485340139275238, "log10_eta": -4.0, "log10_lambda": -0.5706936834683809, "log10_min_child_weight": 5.0, "log10_subsample": -1.0, "max_depth": 8.0, "num_boost_round": 11.0}, "datetime": {"datetime": "2024-01-19 02:42:59", "elapsed": 9072.565297, "delta": 0.00706}}
{"target": -17.67723297038786, "params": {"gamma": 433.84375164849774, "log10_alpha": -3.8825338265423426, "log10_colsample_bytree": -0.8485340139275238, "log10_eta": -4.0, "log10_lambda": -0.5706936834683809, "log10_min_child_weight": 5.0, "log10_subsample": -1.0, "max_depth": 8.0, "num_boost_round": 12.0}, "datetime": {"datetime": "2024-01-19 02:42:59", "elapsed": 9072.572097, "delta": 0.0068}}
{"target": -17.67723300324995, "params": {"gamma": 433.84375164849774, "log10_alpha": -3.8825338265423426, "log10_colsample_bytree": -0.8485340139275238, "log10_eta": -4.0, "log10_lambda": -0.5706936834683809, "log10_min_child_weight": 5.0, "log10_subsample": -1.0, "max_depth": 8.0, "num_boost_round": 13.0}, "datetime": {"datetime": "2024-01-19 02:42:59", "elapsed": 9072.578827, "delta": 0.00673}}
{"target": -17.67723300404492, "params": {"gamma": 433.84375164849774, "log10_alpha": -3.8825338265423426, "log10_colsample_bytree": -0.8485340139275238, "log10_eta": -4.0, "log10_lambda": -0.5706936834683809, "log10_min_child_weight": 5.0, "log10_subsample": -1.0, "max_depth": 8.0, "num_boost_round": 14.0}, "datetime": {"datetime": "2024-01-19 02:42:59", "elapsed": 9072.585471, "delta": 0.006644}}
{"target": -17.67723300495553, "params": {"gamma": 433.84375164849774, "log10_alpha": -3.8825338265423426, "log10_colsample_bytree": -0.8485340139275238, "log10_eta": -4.0, "log10_lambda": -0.5706936834683809, "log10_min_child_weight": 5.0, "log10_subsample": -1.0, "max_depth": 8.0, "num_boost_round": 15.0}, "datetime": {"datetime": "2024-01-19 02:42:59", "elapsed": 9072.592233, "delta": 0.006762}}
{"target": -17.6772330020787, "params": {"gamma": 433.84375164849774, "log10_alpha": -3.8825338265423426, "log10_colsample_bytree": -0.8485340139275238, "log10_eta": -4.0, "log10_lambda": -0.5706936834683809, "log10_min_child_weight": 5.0, "log10_subsample": -1.0, "max_depth": 8.0, "num_boost_round": 16.0}, "datetime": {"datetime": "2024-01-19 02:42:59", "elapsed": 9072.598857, "delta": 0.006624}}
