{"target": -13.758631585293712, "params": {"gamma": 423.91820682967176, "log10_alpha": -3.8201285747249036, "log10_colsample_bytree": -0.0856632688036546, "log10_eta": -3.323891467135511, "log10_lambda": -4.586261512394274, "log10_min_child_weight": 0.18192805729297656, "log10_subsample": -0.20207285199041813, "max_depth": 9.0, "num_boost_round": 32.0}, "datetime": {"datetime": "2024-01-19 00:52:07", "elapsed": 2430.104371, "delta": 0.003894}}
{"target": -13.758620510496929, "params": {"gamma": 423.91820682967176, "log10_alpha": -3.8201285747249036, "log10_colsample_bytree": -0.0856632688036546, "log10_eta": -3.323891467135511, "log10_lambda": -4.586261512394274, "log10_min_child_weight": 0.18192805729297656, "log10_subsample": -0.20207285199041813, "max_depth": 9.0, "num_boost_round": 33.0}, "datetime": {"datetime": "2024-01-19 00:52:07", "elapsed": 2430.108257, "delta": 0.003886}}
{"target": -13.758611346577913, "params": {"gamma": 423.91820682967176, "log10_alpha": -3.8201285747249036, "log10_colsample_bytree": -0.0856632688036546, "log10_eta": -3.323891467135511, "log10_lambda": -4.586261512394274, "log10_min_child_weight": 0.18192805729297656, "log10_subsample": -0.20207285199041813, "max_depth": 9.0, "num_boost_round": 34.0}, "datetime": {"datetime": "2024-01-19 00:52:07", "elapsed": 2430.112086, "delta": 0.003829}}
{"target": -13.758615495815274, "params": {"gamma": 423.91820682967176, "log10_alpha": -3.8201285747249036, "log10_colsample_bytree": -0.0856632688036546, "log10_eta": -3.323891467135511, "log10_lambda": -4.586261512394274, "log10_min_child_weight": 0.18192805729297656, "log10_subsample": -0.20207285199041813, "max_depth": 9.0, "num_boost_round": 35.0}, "datetime": {"datetime": "2024-01-19 00:52:07", "elapsed": 2430.115922, "delta": 0.003836}}
{"target": -13.758622546842878, "params": {"gamma": 423.91820682967176, "log10_alpha": -3.8201285747249036, "log10_colsample_bytree": -0.0856632688036546, "log10_eta": -3.323891467135511, "log10_lambda": -4.586261512394274, "log10_min_child_weight": 0.18192805729297656, "log10_subsample": -0.20207285199041813, "max_depth": 9.0, "num_boost_round": 36.0}, "datetime": {"datetime": "2024-01-19 00:52:07", "elapsed": 2430.119726, "delta": 0.003804}}
{"target": -13.758624771066074, "params": {"gamma": 423.91820682967176, "log10_alpha": -3.8201285747249036, "log10_colsample_bytree": -0.0856632688036546, "log10_eta": -3.323891467135511, "log10_lambda": -4.586261512394274, "log10_min_child_weight": 0.18192805729297656, "log10_subsample": -0.20207285199041813, "max_depth": 9.0, "num_boost_round": 37.0}, "datetime": {"datetime": "2024-01-19 00:52:07", "elapsed": 2430.123628, "delta": 0.003902}}
{"target": -13.758627578421812, "params": {"gamma": 423.91820682967176, "log10_alpha": -3.8201285747249036, "log10_colsample_bytree": -0.0856632688036546, "log10_eta": -3.323891467135511, "log10_lambda": -4.586261512394274, "log10_min_child_weight": 0.18192805729297656, "log10_subsample": -0.20207285199041813, "max_depth": 9.0, "num_boost_round": 38.0}, "datetime": {"datetime": "2024-01-19 00:52:07", "elapsed": 2430.127467, "delta": 0.003839}}
{"target": -13.758621939316669, "params": {"gamma": 423.91820682967176, "log10_alpha": -3.8201285747249036, "log10_colsample_bytree": -0.0856632688036546, "log10_eta": -3.323891467135511, "log10_lambda": -4.586261512394274, "log10_min_child_weight": 0.18192805729297656, "log10_subsample": -0.20207285199041813, "max_depth": 9.0, "num_boost_round": 39.0}, "datetime": {"datetime": "2024-01-19 00:52:07", "elapsed": 2430.135235, "delta": 0.007768}}
{"target": -13.758629374081686, "params": {"gamma": 423.91820682967176, "log10_alpha": -3.8201285747249036, "log10_colsample_bytree": -0.0856632688036546, "log10_eta": -3.323891467135511, "log10_lambda": -4.586261512394274, "log10_min_child_weight": 0.18192805729297656, "log10_subsample": -0.20207285199041813, "max_depth": 9.0, "num_boost_round": 40.0}, "datetime": {"datetime": "2024-01-19 00:52:07", "elapsed": 2430.13904, "delta": 0.003805}}
{"target": -13.75863164390958, "params": {"gamma": 423.91820682967176, "log10_alpha": -3.8201285747249036, "log10_colsample_bytree": -0.0856632688036546, "log10_eta": -3.323891467135511, "log10_lambda": -4.586261512394274, "log10_min_child_weight": 0.18192805729297656, "log10_subsample": -0.20207285199041813, "max_depth": 9.0, "num_boost_round": 41.0}, "datetime": {"datetime": "2024-01-19 00:52:07", "elapsed": 2430.142904, "delta": 0.003864}}
{"target": -13.758630466020804, "params": {"gamma": 423.91820682967176, "log10_alpha": -3.8201285747249036, "log10_colsample_bytree": -0.0856632688036546, "log10_eta": -3.323891467135511, "log10_lambda": -4.586261512394274, "log10_min_child_weight": 0.18192805729297656, "log10_subsample": -0.20207285199041813, "max_depth": 9.0, "num_boost_round": 42.0}, "datetime": {"datetime": "2024-01-19 00:52:07", "elapsed": 2430.146815, "delta": 0.003911}}
{"target": -13.758629827349102, "params": {"gamma": 423.91820682967176, "log10_alpha": -3.8201285747249036, "log10_colsample_bytree": -0.0856632688036546, "log10_eta": -3.323891467135511, "log10_lambda": -4.586261512394274, "log10_min_child_weight": 0.18192805729297656, "log10_subsample": -0.20207285199041813, "max_depth": 9.0, "num_boost_round": 43.0}, "datetime": {"datetime": "2024-01-19 00:52:07", "elapsed": 2430.150616, "delta": 0.003801}}
{"target": -13.758635014433297, "params": {"gamma": 423.91820682967176, "log10_alpha": -3.8201285747249036, "log10_colsample_bytree": -0.0856632688036546, "log10_eta": -3.323891467135511, "log10_lambda": -4.586261512394274, "log10_min_child_weight": 0.18192805729297656, "log10_subsample": -0.20207285199041813, "max_depth": 9.0, "num_boost_round": 44.0}, "datetime": {"datetime": "2024-01-19 00:52:07", "elapsed": 2430.154448, "delta": 0.003832}}
{"target": -13.758634153133217, "params": {"gamma": 423.91820682967176, "log10_alpha": -3.8201285747249036, "log10_colsample_bytree": -0.0856632688036546, "log10_eta": -3.323891467135511, "log10_lambda": -4.586261512394274, "log10_min_child_weight": 0.18192805729297656, "log10_subsample": -0.20207285199041813, "max_depth": 9.0, "num_boost_round": 45.0}, "datetime": {"datetime": "2024-01-19 00:52:07", "elapsed": 2430.158279, "delta": 0.003831}}
{"target": -13.758628133168132, "params": {"gamma": 423.91820682967176, "log10_alpha": -3.8201285747249036, "log10_colsample_bytree": -0.0856632688036546, "log10_eta": -3.323891467135511, "log10_lambda": -4.586261512394274, "log10_min_child_weight": 0.18192805729297656, "log10_subsample": -0.20207285199041813, "max_depth": 9.0, "num_boost_round": 46.0}, "datetime": {"datetime": "2024-01-19 00:52:07", "elapsed": 2430.162132, "delta": 0.003853}}
{"target": -13.758647212415754, "params": {"gamma": 423.91820682967176, "log10_alpha": -3.8201285747249036, "log10_colsample_bytree": -0.0856632688036546, "log10_eta": -3.323891467135511, "log10_lambda": -4.586261512394274, "log10_min_child_weight": 0.18192805729297656, "log10_subsample": -0.20207285199041813, "max_depth": 9.0, "num_boost_round": 47.0}, "datetime": {"datetime": "2024-01-19 00:52:07", "elapsed": 2430.16596, "delta": 0.003828}}
{"target": -13.75866785744871, "params": {"gamma": 423.91820682967176, "log10_alpha": -3.8201285747249036, "log10_colsample_bytree": -0.0856632688036546, "log10_eta": -3.323891467135511, "log10_lambda": -4.586261512394274, "log10_min_child_weight": 0.18192805729297656, "log10_subsample": -0.20207285199041813, "max_depth": 9.0, "num_boost_round": 48.0}, "datetime": {"datetime": "2024-01-19 00:52:07", "elapsed": 2430.169771, "delta": 0.003811}}
{"target": -13.758651499580091, "params": {"gamma": 423.91820682967176, "log10_alpha": -3.8201285747249036, "log10_colsample_bytree": -0.0856632688036546, "log10_eta": -3.323891467135511, "log10_lambda": -4.586261512394274, "log10_min_child_weight": 0.18192805729297656, "log10_subsample": -0.20207285199041813, "max_depth": 9.0, "num_boost_round": 49.0}, "datetime": {"datetime": "2024-01-19 00:52:07", "elapsed": 2430.173652, "delta": 0.003881}}
{"target": -13.758633840457343, "params": {"gamma": 423.91820682967176, "log10_alpha": -3.8201285747249036, "log10_colsample_bytree": -0.0856632688036546, "log10_eta": -3.323891467135511, "log10_lambda": -4.586261512394274, "log10_min_child_weight": 0.18192805729297656, "log10_subsample": -0.20207285199041813, "max_depth": 9.0, "num_boost_round": 50.0}, "datetime": {"datetime": "2024-01-19 00:52:07", "elapsed": 2430.177534, "delta": 0.003882}}
{"target": -13.758632763153342, "params": {"gamma": 423.91820682967176, "log10_alpha": -3.8201285747249036, "log10_colsample_bytree": -0.0856632688036546, "log10_eta": -3.323891467135511, "log10_lambda": -4.586261512394274, "log10_min_child_weight": 0.18192805729297656, "log10_subsample": -0.20207285199041813, "max_depth": 9.0, "num_boost_round": 51.0}, "datetime": {"datetime": "2024-01-19 00:52:07", "elapsed": 2430.181377, "delta": 0.003843}}
{"target": -13.758636753187815, "params": {"gamma": 423.91820682967176, "log10_alpha": -3.8201285747249036, "log10_colsample_bytree": -0.0856632688036546, "log10_eta": -3.323891467135511, "log10_lambda": -4.586261512394274, "log10_min_child_weight": 0.18192805729297656, "log10_subsample": -0.20207285199041813, "max_depth": 9.0, "num_boost_round": 52.0}, "datetime": {"datetime": "2024-01-19 00:52:07", "elapsed": 2430.185196, "delta": 0.003819}}
{"target": -13.758617876552888, "params": {"gamma": 423.91820682967176, "log10_alpha": -3.8201285747249036, "log10_colsample_bytree": -0.0856632688036546, "log10_eta": -3.323891467135511, "log10_lambda": -4.586261512394274, "log10_min_child_weight": 0.18192805729297656, "log10_subsample": -0.20207285199041813, "max_depth": 9.0, "num_boost_round": 53.0}, "datetime": {"datetime": "2024-01-19 00:52:07", "elapsed": 2430.189598, "delta": 0.004402}}
{"target": -13.758608496995143, "params": {"gamma": 423.91820682967176, "log10_alpha": -3.8201285747249036, "log10_colsample_bytree": -0.0856632688036546, "log10_eta": -3.323891467135511, "log10_lambda": -4.586261512394274, "log10_min_child_weight": 0.18192805729297656, "log10_subsample": -0.20207285199041813, "max_depth": 9.0, "num_boost_round": 54.0}, "datetime": {"datetime": "2024-01-19 00:52:07", "elapsed": 2430.193617, "delta": 0.004019}}
{"target": -13.758604223184909, "params": {"gamma": 423.91820682967176, "log10_alpha": -3.8201285747249036, "log10_colsample_bytree": -0.0856632688036546, "log10_eta": -3.323891467135511, "log10_lambda": -4.586261512394274, "log10_min_child_weight": 0.18192805729297656, "log10_subsample": -0.20207285199041813, "max_depth": 9.0, "num_boost_round": 55.0}, "datetime": {"datetime": "2024-01-19 00:52:07", "elapsed": 2430.197529, "delta": 0.003912}}
{"target": -13.758569592495205, "params": {"gamma": 423.91820682967176, "log10_alpha": -3.8201285747249036, "log10_colsample_bytree": -0.0856632688036546, "log10_eta": -3.323891467135511, "log10_lambda": -4.586261512394274, "log10_min_child_weight": 0.18192805729297656, "log10_subsample": -0.20207285199041813, "max_depth": 9.0, "num_boost_round": 56.0}, "datetime": {"datetime": "2024-01-19 00:52:07", "elapsed": 2430.201437, "delta": 0.003908}}
{"target": -13.758599096064652, "params": {"gamma": 423.91820682967176, "log10_alpha": -3.8201285747249036, "log10_colsample_bytree": -0.0856632688036546, "log10_eta": -3.323891467135511, "log10_lambda": -4.586261512394274, "log10_min_child_weight": 0.18192805729297656, "log10_subsample": -0.20207285199041813, "max_depth": 9.0, "num_boost_round": 57.0}, "datetime": {"datetime": "2024-01-19 00:52:07", "elapsed": 2430.20521, "delta": 0.003773}}
{"target": -13.758596798144131, "params": {"gamma": 423.91820682967176, "log10_alpha": -3.8201285747249036, "log10_colsample_bytree": -0.0856632688036546, "log10_eta": -3.323891467135511, "log10_lambda": -4.586261512394274, "log10_min_child_weight": 0.18192805729297656, "log10_subsample": -0.20207285199041813, "max_depth": 9.0, "num_boost_round": 58.0}, "datetime": {"datetime": "2024-01-19 00:52:07", "elapsed": 2430.209101, "delta": 0.003891}}
{"target": -13.758600216167538, "params": {"gamma": 423.91820682967176, "log10_alpha": -3.8201285747249036, "log10_colsample_bytree": -0.0856632688036546, "log10_eta": -3.323891467135511, "log10_lambda": -4.586261512394274, "log10_min_child_weight": 0.18192805729297656, "log10_subsample": -0.20207285199041813, "max_depth": 9.0, "num_boost_round": 59.0}, "datetime": {"datetime": "2024-01-19 00:52:07", "elapsed": 2430.212856, "delta": 0.003755}}
{"target": -13.758594877341977, "params": {"gamma": 423.91820682967176, "log10_alpha": -3.8201285747249036, "log10_colsample_bytree": -0.0856632688036546, "log10_eta": -3.323891467135511, "log10_lambda": -4.586261512394274, "log10_min_child_weight": 0.18192805729297656, "log10_subsample": -0.20207285199041813, "max_depth": 9.0, "num_boost_round": 60.0}, "datetime": {"datetime": "2024-01-19 00:52:07", "elapsed": 2430.216613, "delta": 0.003757}}
{"target": -13.758590759174487, "params": {"gamma": 423.91820682967176, "log10_alpha": -3.8201285747249036, "log10_colsample_bytree": -0.0856632688036546, "log10_eta": -3.323891467135511, "log10_lambda": -4.586261512394274, "log10_min_child_weight": 0.18192805729297656, "log10_subsample": -0.20207285199041813, "max_depth": 9.0, "num_boost_round": 61.0}, "datetime": {"datetime": "2024-01-19 00:52:07", "elapsed": 2430.220386, "delta": 0.003773}}
{"target": -13.758602073212996, "params": {"gamma": 423.91820682967176, "log10_alpha": -3.8201285747249036, "log10_colsample_bytree": -0.0856632688036546, "log10_eta": -3.323891467135511, "log10_lambda": -4.586261512394274, "log10_min_child_weight": 0.18192805729297656, "log10_subsample": -0.20207285199041813, "max_depth": 9.0, "num_boost_round": 62.0}, "datetime": {"datetime": "2024-01-19 00:52:07", "elapsed": 2430.224173, "delta": 0.003787}}
{"target": -13.758606860390772, "params": {"gamma": 423.91820682967176, "log10_alpha": -3.8201285747249036, "log10_colsample_bytree": -0.0856632688036546, "log10_eta": -3.323891467135511, "log10_lambda": -4.586261512394274, "log10_min_child_weight": 0.18192805729297656, "log10_subsample": -0.20207285199041813, "max_depth": 9.0, "num_boost_round": 63.0}, "datetime": {"datetime": "2024-01-19 00:52:07", "elapsed": 2430.227916, "delta": 0.003743}}
{"target": -13.758623145174314, "params": {"gamma": 423.91820682967176, "log10_alpha": -3.8201285747249036, "log10_colsample_bytree": -0.0856632688036546, "log10_eta": -3.323891467135511, "log10_lambda": -4.586261512394274, "log10_min_child_weight": 0.18192805729297656, "log10_subsample": -0.20207285199041813, "max_depth": 9.0, "num_boost_round": 64.0}, "datetime": {"datetime": "2024-01-19 00:52:07", "elapsed": 2430.231839, "delta": 0.003923}}
{"target": -13.758652942241426, "params": {"gamma": 423.91820682967176, "log10_alpha": -3.8201285747249036, "log10_colsample_bytree": -0.0856632688036546, "log10_eta": -3.323891467135511, "log10_lambda": -4.586261512394274, "log10_min_child_weight": 0.18192805729297656, "log10_subsample": -0.20207285199041813, "max_depth": 9.0, "num_boost_round": 65.0}, "datetime": {"datetime": "2024-01-19 00:52:07", "elapsed": 2430.235672, "delta": 0.003833}}
{"target": -13.758648094152669, "params": {"gamma": 423.91820682967176, "log10_alpha": -3.8201285747249036, "log10_colsample_bytree": -0.0856632688036546, "log10_eta": -3.323891467135511, "log10_lambda": -4.586261512394274, "log10_min_child_weight": 0.18192805729297656, "log10_subsample": -0.20207285199041813, "max_depth": 9.0, "num_boost_round": 66.0}, "datetime": {"datetime": "2024-01-19 00:52:07", "elapsed": 2430.239561, "delta": 0.003889}}
{"target": -13.758652363470322, "params": {"gamma": 423.91820682967176, "log10_alpha": -3.8201285747249036, "log10_colsample_bytree": -0.0856632688036546, "log10_eta": -3.323891467135511, "log10_lambda": -4.586261512394274, "log10_min_child_weight": 0.18192805729297656, "log10_subsample": -0.20207285199041813, "max_depth": 9.0, "num_boost_round": 67.0}, "datetime": {"datetime": "2024-01-19 00:52:07", "elapsed": 2430.243355, "delta": 0.003794}}
{"target": -13.758658284475837, "params": {"gamma": 423.91820682967176, "log10_alpha": -3.8201285747249036, "log10_colsample_bytree": -0.0856632688036546, "log10_eta": -3.323891467135511, "log10_lambda": -4.586261512394274, "log10_min_child_weight": 0.18192805729297656, "log10_subsample": -0.20207285199041813, "max_depth": 9.0, "num_boost_round": 68.0}, "datetime": {"datetime": "2024-01-19 00:52:07", "elapsed": 2430.247167, "delta": 0.003812}}
{"target": -13.758682701806315, "params": {"gamma": 423.91820682967176, "log10_alpha": -3.8201285747249036, "log10_colsample_bytree": -0.0856632688036546, "log10_eta": -3.323891467135511, "log10_lambda": -4.586261512394274, "log10_min_child_weight": 0.18192805729297656, "log10_subsample": -0.20207285199041813, "max_depth": 9.0, "num_boost_round": 69.0}, "datetime": {"datetime": "2024-01-19 00:52:07", "elapsed": 2430.251078, "delta": 0.003911}}
{"target": -13.758674941530973, "params": {"gamma": 423.91820682967176, "log10_alpha": -3.8201285747249036, "log10_colsample_bytree": -0.0856632688036546, "log10_eta": -3.323891467135511, "log10_lambda": -4.586261512394274, "log10_min_child_weight": 0.18192805729297656, "log10_subsample": -0.20207285199041813, "max_depth": 9.0, "num_boost_round": 70.0}, "datetime": {"datetime": "2024-01-19 00:52:07", "elapsed": 2430.25488, "delta": 0.003802}}
{"target": -13.75853452876218, "params": {"gamma": 423.5139279250109, "log10_alpha": -0.16713715056757472, "log10_colsample_bytree": -0.9001299528033938, "log10_eta": -3.4178473785872376, "log10_lambda": -2.3539266001095114, "log10_min_child_weight": 3.1719707614770725, "log10_subsample": -0.7776069150651082, "max_depth": 9.0, "num_boost_round": 0.0}, "datetime": {"datetime": "2024-01-19 00:52:58", "elapsed": 2481.244484, "delta": 50.989604}}
{"target": -13.758532733705676, "params": {"gamma": 423.5139279250109, "log10_alpha": -0.16713715056757472, "log10_colsample_bytree": -0.9001299528033938, "log10_eta": -3.4178473785872376, "log10_lambda": -2.3539266001095114, "log10_min_child_weight": 3.1719707614770725, "log10_subsample": -0.7776069150651082, "max_depth": 9.0, "num_boost_round": 1.0}, "datetime": {"datetime": "2024-01-19 00:52:58", "elapsed": 2481.249262, "delta": 0.004778}}
{"target": -13.758533564657005, "params": {"gamma": 423.5139279250109, "log10_alpha": -0.16713715056757472, "log10_colsample_bytree": -0.9001299528033938, "log10_eta": -3.4178473785872376, "log10_lambda": -2.3539266001095114, "log10_min_child_weight": 3.1719707614770725, "log10_subsample": -0.7776069150651082, "max_depth": 9.0, "num_boost_round": 2.0}, "datetime": {"datetime": "2024-01-19 00:52:58", "elapsed": 2481.253066, "delta": 0.003804}}
{"target": -13.758531592148945, "params": {"gamma": 423.5139279250109, "log10_alpha": -0.16713715056757472, "log10_colsample_bytree": -0.9001299528033938, "log10_eta": -3.4178473785872376, "log10_lambda": -2.3539266001095114, "log10_min_child_weight": 3.1719707614770725, "log10_subsample": -0.7776069150651082, "max_depth": 9.0, "num_boost_round": 3.0}, "datetime": {"datetime": "2024-01-19 00:52:58", "elapsed": 2481.256819, "delta": 0.003753}}
{"target": -13.758529706424515, "params": {"gamma": 423.5139279250109, "log10_alpha": -0.16713715056757472, "log10_colsample_bytree": -0.9001299528033938, "log10_eta": -3.4178473785872376, "log10_lambda": -2.3539266001095114, "log10_min_child_weight": 3.1719707614770725, "log10_subsample": -0.7776069150651082, "max_depth": 9.0, "num_boost_round": 4.0}, "datetime": {"datetime": "2024-01-19 00:52:58", "elapsed": 2481.260565, "delta": 0.003746}}
{"target": -13.75852763678441, "params": {"gamma": 423.5139279250109, "log10_alpha": -0.16713715056757472, "log10_colsample_bytree": -0.9001299528033938, "log10_eta": -3.4178473785872376, "log10_lambda": -2.3539266001095114, "log10_min_child_weight": 3.1719707614770725, "log10_subsample": -0.7776069150651082, "max_depth": 9.0, "num_boost_round": 5.0}, "datetime": {"datetime": "2024-01-19 00:52:58", "elapsed": 2481.264314, "delta": 0.003749}}
{"target": -13.758528095537777, "params": {"gamma": 423.5139279250109, "log10_alpha": -0.16713715056757472, "log10_colsample_bytree": -0.9001299528033938, "log10_eta": -3.4178473785872376, "log10_lambda": -2.3539266001095114, "log10_min_child_weight": 3.1719707614770725, "log10_subsample": -0.7776069150651082, "max_depth": 9.0, "num_boost_round": 6.0}, "datetime": {"datetime": "2024-01-19 00:52:58", "elapsed": 2481.26811, "delta": 0.003796}}
{"target": -13.758520363286435, "params": {"gamma": 423.5139279250109, "log10_alpha": -0.16713715056757472, "log10_colsample_bytree": -0.9001299528033938, "log10_eta": -3.4178473785872376, "log10_lambda": -2.3539266001095114, "log10_min_child_weight": 3.1719707614770725, "log10_subsample": -0.7776069150651082, "max_depth": 9.0, "num_boost_round": 7.0}, "datetime": {"datetime": "2024-01-19 00:52:58", "elapsed": 2481.272046, "delta": 0.003936}}
{"target": -13.758512349931811, "params": {"gamma": 423.5139279250109, "log10_alpha": -0.16713715056757472, "log10_colsample_bytree": -0.9001299528033938, "log10_eta": -3.4178473785872376, "log10_lambda": -2.3539266001095114, "log10_min_child_weight": 3.1719707614770725, "log10_subsample": -0.7776069150651082, "max_depth": 9.0, "num_boost_round": 8.0}, "datetime": {"datetime": "2024-01-19 00:52:58", "elapsed": 2481.275839, "delta": 0.003793}}
{"target": -13.75851140825123, "params": {"gamma": 423.5139279250109, "log10_alpha": -0.16713715056757472, "log10_colsample_bytree": -0.9001299528033938, "log10_eta": -3.4178473785872376, "log10_lambda": -2.3539266001095114, "log10_min_child_weight": 3.1719707614770725, "log10_subsample": -0.7776069150651082, "max_depth": 9.0, "num_boost_round": 9.0}, "datetime": {"datetime": "2024-01-19 00:52:58", "elapsed": 2481.279602, "delta": 0.003763}}
