{"target": -17.676333684836482, "params": {"gamma": 685.1943940412095, "log10_alpha": -0.24397007204894905, "log10_colsample_bytree": -0.3285957631291747, "log10_eta": -1.5541227871148702, "log10_lambda": -2.6116475570601736, "log10_min_child_weight": 2.7786125308406366, "log10_subsample": -0.7671109533006324, "max_depth": 9.0, "num_boost_round": 2.0}, "datetime": {"datetime": "2024-01-19 02:30:12", "elapsed": 8365.961292, "delta": 0.006178}}
{"target": -17.675723360190975, "params": {"gamma": 685.1943940412095, "log10_alpha": -0.24397007204894905, "log10_colsample_bytree": -0.3285957631291747, "log10_eta": -1.5541227871148702, "log10_lambda": -2.6116475570601736, "log10_min_child_weight": 2.7786125308406366, "log10_subsample": -0.7671109533006324, "max_depth": 9.0, "num_boost_round": 3.0}, "datetime": {"datetime": "2024-01-19 02:30:12", "elapsed": 8365.967435, "delta": 0.006143}}
{"target": -17.67460281154334, "params": {"gamma": 685.1943940412095, "log10_alpha": -0.24397007204894905, "log10_colsample_bytree": -0.3285957631291747, "log10_eta": -1.5541227871148702, "log10_lambda": -2.6116475570601736, "log10_min_child_weight": 2.7786125308406366, "log10_subsample": -0.7671109533006324, "max_depth": 9.0, "num_boost_round": 4.0}, "datetime": {"datetime": "2024-01-19 02:30:12", "elapsed": 8365.973454, "delta": 0.006019}}
{"target": -17.67583674462338, "params": {"gamma": 685.1943940412095, "log10_alpha": -0.24397007204894905, "log10_colsample_bytree": -0.3285957631291747, "log10_eta": -1.5541227871148702, "log10_lambda": -2.6116475570601736, "log10_min_child_weight": 2.7786125308406366, "log10_subsample": -0.7671109533006324, "max_depth": 9.0, "num_boost_round": 5.0}, "datetime": {"datetime": "2024-01-19 02:30:12", "elapsed": 8365.97938, "delta": 0.005926}}
{"target": -17.677812231635844, "params": {"gamma": 685.1943940412095, "log10_alpha": -0.24397007204894905, "log10_colsample_bytree": -0.3285957631291747, "log10_eta": -1.5541227871148702, "log10_lambda": -2.6116475570601736, "log10_min_child_weight": 2.7786125308406366, "log10_subsample": -0.7671109533006324, "max_depth": 9.0, "num_boost_round": 6.0}, "datetime": {"datetime": "2024-01-19 02:30:12", "elapsed": 8365.985613, "delta": 0.006233}}
{"target": -17.677916450639735, "params": {"gamma": 685.1943940412095, "log10_alpha": -0.24397007204894905, "log10_colsample_bytree": -0.3285957631291747, "log10_eta": -1.5541227871148702, "log10_lambda": -2.6116475570601736, "log10_min_child_weight": 2.7786125308406366, "log10_subsample": -0.7671109533006324, "max_depth": 9.0, "num_boost_round": 7.0}, "datetime": {"datetime": "2024-01-19 02:30:12", "elapsed": 8365.991645, "delta": 0.006032}}
{"target": -17.67780370753111, "params": {"gamma": 685.1943940412095, "log10_alpha": -0.24397007204894905, "log10_colsample_bytree": -0.3285957631291747, "log10_eta": -1.5541227871148702, "log10_lambda": -2.6116475570601736, "log10_min_child_weight": 2.7786125308406366, "log10_subsample": -0.7671109533006324, "max_depth": 9.0, "num_boost_round": 8.0}, "datetime": {"datetime": "2024-01-19 02:30:12", "elapsed": 8365.99745, "delta": 0.005805}}
{"target": -17.675797194269414, "params": {"gamma": 685.1943940412095, "log10_alpha": -0.24397007204894905, "log10_colsample_bytree": -0.3285957631291747, "log10_eta": -1.5541227871148702, "log10_lambda": -2.6116475570601736, "log10_min_child_weight": 2.7786125308406366, "log10_subsample": -0.7671109533006324, "max_depth": 9.0, "num_boost_round": 9.0}, "datetime": {"datetime": "2024-01-19 02:30:12", "elapsed": 8366.003626, "delta": 0.006176}}
{"target": -17.676262939669417, "params": {"gamma": 685.1943940412095, "log10_alpha": -0.24397007204894905, "log10_colsample_bytree": -0.3285957631291747, "log10_eta": -1.5541227871148702, "log10_lambda": -2.6116475570601736, "log10_min_child_weight": 2.7786125308406366, "log10_subsample": -0.7671109533006324, "max_depth": 9.0, "num_boost_round": 10.0}, "datetime": {"datetime": "2024-01-19 02:30:12", "elapsed": 8366.009592, "delta": 0.005966}}
{"target": -17.676753712961002, "params": {"gamma": 685.1943940412095, "log10_alpha": -0.24397007204894905, "log10_colsample_bytree": -0.3285957631291747, "log10_eta": -1.5541227871148702, "log10_lambda": -2.6116475570601736, "log10_min_child_weight": 2.7786125308406366, "log10_subsample": -0.7671109533006324, "max_depth": 9.0, "num_boost_round": 11.0}, "datetime": {"datetime": "2024-01-19 02:30:12", "elapsed": 8366.015865, "delta": 0.006273}}
{"target": -17.67836595705856, "params": {"gamma": 685.1943940412095, "log10_alpha": -0.24397007204894905, "log10_colsample_bytree": -0.3285957631291747, "log10_eta": -1.5541227871148702, "log10_lambda": -2.6116475570601736, "log10_min_child_weight": 2.7786125308406366, "log10_subsample": -0.7671109533006324, "max_depth": 9.0, "num_boost_round": 12.0}, "datetime": {"datetime": "2024-01-19 02:30:12", "elapsed": 8366.022744, "delta": 0.006879}}
{"target": -17.679844316240853, "params": {"gamma": 685.1943940412095, "log10_alpha": -0.24397007204894905, "log10_colsample_bytree": -0.3285957631291747, "log10_eta": -1.5541227871148702, "log10_lambda": -2.6116475570601736, "log10_min_child_weight": 2.7786125308406366, "log10_subsample": -0.7671109533006324, "max_depth": 9.0, "num_boost_round": 13.0}, "datetime": {"datetime": "2024-01-19 02:30:12", "elapsed": 8366.132509, "delta": 0.109765}}
{"target": -17.680368648256657, "params": {"gamma": 685.1943940412095, "log10_alpha": -0.24397007204894905, "log10_colsample_bytree": -0.3285957631291747, "log10_eta": -1.5541227871148702, "log10_lambda": -2.6116475570601736, "log10_min_child_weight": 2.7786125308406366, "log10_subsample": -0.7671109533006324, "max_depth": 9.0, "num_boost_round": 14.0}, "datetime": {"datetime": "2024-01-19 02:30:12", "elapsed": 8366.138771, "delta": 0.006262}}
{"target": -17.6796702450301, "params": {"gamma": 685.1943940412095, "log10_alpha": -0.24397007204894905, "log10_colsample_bytree": -0.3285957631291747, "log10_eta": -1.5541227871148702, "log10_lambda": -2.6116475570601736, "log10_min_child_weight": 2.7786125308406366, "log10_subsample": -0.7671109533006324, "max_depth": 9.0, "num_boost_round": 15.0}, "datetime": {"datetime": "2024-01-19 02:30:12", "elapsed": 8366.144491, "delta": 0.00572}}
{"target": -17.679757442362156, "params": {"gamma": 685.1943940412095, "log10_alpha": -0.24397007204894905, "log10_colsample_bytree": -0.3285957631291747, "log10_eta": -1.5541227871148702, "log10_lambda": -2.6116475570601736, "log10_min_child_weight": 2.7786125308406366, "log10_subsample": -0.7671109533006324, "max_depth": 9.0, "num_boost_round": 16.0}, "datetime": {"datetime": "2024-01-19 02:30:12", "elapsed": 8366.150243, "delta": 0.005752}}
{"target": -17.679728476576166, "params": {"gamma": 685.1943940412095, "log10_alpha": -0.24397007204894905, "log10_colsample_bytree": -0.3285957631291747, "log10_eta": -1.5541227871148702, "log10_lambda": -2.6116475570601736, "log10_min_child_weight": 2.7786125308406366, "log10_subsample": -0.7671109533006324, "max_depth": 9.0, "num_boost_round": 17.0}, "datetime": {"datetime": "2024-01-19 02:30:12", "elapsed": 8366.155914, "delta": 0.005671}}
{"target": -17.68119793739502, "params": {"gamma": 685.1943940412095, "log10_alpha": -0.24397007204894905, "log10_colsample_bytree": -0.3285957631291747, "log10_eta": -1.5541227871148702, "log10_lambda": -2.6116475570601736, "log10_min_child_weight": 2.7786125308406366, "log10_subsample": -0.7671109533006324, "max_depth": 9.0, "num_boost_round": 18.0}, "datetime": {"datetime": "2024-01-19 02:30:12", "elapsed": 8366.161675, "delta": 0.005761}}
{"target": -17.680972493017407, "params": {"gamma": 685.1943940412095, "log10_alpha": -0.24397007204894905, "log10_colsample_bytree": -0.3285957631291747, "log10_eta": -1.5541227871148702, "log10_lambda": -2.6116475570601736, "log10_min_child_weight": 2.7786125308406366, "log10_subsample": -0.7671109533006324, "max_depth": 9.0, "num_boost_round": 19.0}, "datetime": {"datetime": "2024-01-19 02:30:12", "elapsed": 8366.167381, "delta": 0.005706}}
{"target": -17.682060094227122, "params": {"gamma": 685.1943940412095, "log10_alpha": -0.24397007204894905, "log10_colsample_bytree": -0.3285957631291747, "log10_eta": -1.5541227871148702, "log10_lambda": -2.6116475570601736, "log10_min_child_weight": 2.7786125308406366, "log10_subsample": -0.7671109533006324, "max_depth": 9.0, "num_boost_round": 20.0}, "datetime": {"datetime": "2024-01-19 02:30:12", "elapsed": 8366.17319, "delta": 0.005809}}
{"target": -17.683012242295995, "params": {"gamma": 685.1943940412095, "log10_alpha": -0.24397007204894905, "log10_colsample_bytree": -0.3285957631291747, "log10_eta": -1.5541227871148702, "log10_lambda": -2.6116475570601736, "log10_min_child_weight": 2.7786125308406366, "log10_subsample": -0.7671109533006324, "max_depth": 9.0, "num_boost_round": 21.0}, "datetime": {"datetime": "2024-01-19 02:30:12", "elapsed": 8366.179016, "delta": 0.005826}}
{"target": -17.67720857193686, "params": {"gamma": 39.57352132460634, "log10_alpha": -0.09757728290449119, "log10_colsample_bytree": -0.8962426243074252, "log10_eta": -2.990912285112566, "log10_lambda": -2.354225905350703, "log10_min_child_weight": 4.364123813582628, "log10_subsample": -0.0633829868451411, "max_depth": 4.0, "num_boost_round": 0.0}, "datetime": {"datetime": "2024-01-19 02:32:15", "elapsed": 8489.611249, "delta": 123.432233}}
{"target": -17.67721434932101, "params": {"gamma": 39.57352132460634, "log10_alpha": -0.09757728290449119, "log10_colsample_bytree": -0.8962426243074252, "log10_eta": -2.990912285112566, "log10_lambda": -2.354225905350703, "log10_min_child_weight": 4.364123813582628, "log10_subsample": -0.0633829868451411, "max_depth": 4.0, "num_boost_round": 1.0}, "datetime": {"datetime": "2024-01-19 02:32:15", "elapsed": 8489.617625, "delta": 0.006376}}
{"target": -17.67721577007791, "params": {"gamma": 39.57352132460634, "log10_alpha": -0.09757728290449119, "log10_colsample_bytree": -0.8962426243074252, "log10_eta": -2.990912285112566, "log10_lambda": -2.354225905350703, "log10_min_child_weight": 4.364123813582628, "log10_subsample": -0.0633829868451411, "max_depth": 4.0, "num_boost_round": 2.0}, "datetime": {"datetime": "2024-01-19 02:32:15", "elapsed": 8489.62343, "delta": 0.005805}}
{"target": -17.677216905100448, "params": {"gamma": 39.57352132460634, "log10_alpha": -0.09757728290449119, "log10_colsample_bytree": -0.8962426243074252, "log10_eta": -2.990912285112566, "log10_lambda": -2.354225905350703, "log10_min_child_weight": 4.364123813582628, "log10_subsample": -0.0633829868451411, "max_depth": 4.0, "num_boost_round": 3.0}, "datetime": {"datetime": "2024-01-19 02:32:15", "elapsed": 8489.629308, "delta": 0.005878}}
{"target": -17.677196098802796, "params": {"gamma": 39.57352132460634, "log10_alpha": -0.09757728290449119, "log10_colsample_bytree": -0.8962426243074252, "log10_eta": -2.990912285112566, "log10_lambda": -2.354225905350703, "log10_min_child_weight": 4.364123813582628, "log10_subsample": -0.0633829868451411, "max_depth": 4.0, "num_boost_round": 4.0}, "datetime": {"datetime": "2024-01-19 02:32:15", "elapsed": 8489.635058, "delta": 0.00575}}
{"target": -17.677196668638476, "params": {"gamma": 39.57352132460634, "log10_alpha": -0.09757728290449119, "log10_colsample_bytree": -0.8962426243074252, "log10_eta": -2.990912285112566, "log10_lambda": -2.354225905350703, "log10_min_child_weight": 4.364123813582628, "log10_subsample": -0.0633829868451411, "max_depth": 4.0, "num_boost_round": 5.0}, "datetime": {"datetime": "2024-01-19 02:32:15", "elapsed": 8489.640789, "delta": 0.005731}}
{"target": -17.67719595124237, "params": {"gamma": 39.57352132460634, "log10_alpha": -0.09757728290449119, "log10_colsample_bytree": -0.8962426243074252, "log10_eta": -2.990912285112566, "log10_lambda": -2.354225905350703, "log10_min_child_weight": 4.364123813582628, "log10_subsample": -0.0633829868451411, "max_depth": 4.0, "num_boost_round": 6.0}, "datetime": {"datetime": "2024-01-19 02:32:15", "elapsed": 8489.646684, "delta": 0.005895}}
{"target": -17.67716716441763, "params": {"gamma": 39.57352132460634, "log10_alpha": -0.09757728290449119, "log10_colsample_bytree": -0.8962426243074252, "log10_eta": -2.990912285112566, "log10_lambda": -2.354225905350703, "log10_min_child_weight": 4.364123813582628, "log10_subsample": -0.0633829868451411, "max_depth": 4.0, "num_boost_round": 7.0}, "datetime": {"datetime": "2024-01-19 02:32:15", "elapsed": 8489.652462, "delta": 0.005778}}
{"target": -17.677166235553848, "params": {"gamma": 39.57352132460634, "log10_alpha": -0.09757728290449119, "log10_colsample_bytree": -0.8962426243074252, "log10_eta": -2.990912285112566, "log10_lambda": -2.354225905350703, "log10_min_child_weight": 4.364123813582628, "log10_subsample": -0.0633829868451411, "max_depth": 4.0, "num_boost_round": 8.0}, "datetime": {"datetime": "2024-01-19 02:32:15", "elapsed": 8489.658132, "delta": 0.00567}}
{"target": -17.67716584624454, "params": {"gamma": 39.57352132460634, "log10_alpha": -0.09757728290449119, "log10_colsample_bytree": -0.8962426243074252, "log10_eta": -2.990912285112566, "log10_lambda": -2.354225905350703, "log10_min_child_weight": 4.364123813582628, "log10_subsample": -0.0633829868451411, "max_depth": 4.0, "num_boost_round": 9.0}, "datetime": {"datetime": "2024-01-19 02:32:15", "elapsed": 8489.663841, "delta": 0.005709}}
{"target": -17.67715483459712, "params": {"gamma": 39.57352132460634, "log10_alpha": -0.09757728290449119, "log10_colsample_bytree": -0.8962426243074252, "log10_eta": -2.990912285112566, "log10_lambda": -2.354225905350703, "log10_min_child_weight": 4.364123813582628, "log10_subsample": -0.0633829868451411, "max_depth": 4.0, "num_boost_round": 10.0}, "datetime": {"datetime": "2024-01-19 02:32:15", "elapsed": 8489.669907, "delta": 0.006066}}
{"target": -17.677141909868354, "params": {"gamma": 39.57352132460634, "log10_alpha": -0.09757728290449119, "log10_colsample_bytree": -0.8962426243074252, "log10_eta": -2.990912285112566, "log10_lambda": -2.354225905350703, "log10_min_child_weight": 4.364123813582628, "log10_subsample": -0.0633829868451411, "max_depth": 4.0, "num_boost_round": 11.0}, "datetime": {"datetime": "2024-01-19 02:32:15", "elapsed": 8489.675751, "delta": 0.005844}}
{"target": -17.67714786665891, "params": {"gamma": 39.57352132460634, "log10_alpha": -0.09757728290449119, "log10_colsample_bytree": -0.8962426243074252, "log10_eta": -2.990912285112566, "log10_lambda": -2.354225905350703, "log10_min_child_weight": 4.364123813582628, "log10_subsample": -0.0633829868451411, "max_depth": 4.0, "num_boost_round": 12.0}, "datetime": {"datetime": "2024-01-19 02:32:15", "elapsed": 8489.681621, "delta": 0.00587}}
{"target": -17.67713685010417, "params": {"gamma": 39.57352132460634, "log10_alpha": -0.09757728290449119, "log10_colsample_bytree": -0.8962426243074252, "log10_eta": -2.990912285112566, "log10_lambda": -2.354225905350703, "log10_min_child_weight": 4.364123813582628, "log10_subsample": -0.0633829868451411, "max_depth": 4.0, "num_boost_round": 13.0}, "datetime": {"datetime": "2024-01-19 02:32:16", "elapsed": 8489.687482, "delta": 0.005861}}
{"target": -17.67712624409586, "params": {"gamma": 39.57352132460634, "log10_alpha": -0.09757728290449119, "log10_colsample_bytree": -0.8962426243074252, "log10_eta": -2.990912285112566, "log10_lambda": -2.354225905350703, "log10_min_child_weight": 4.364123813582628, "log10_subsample": -0.0633829868451411, "max_depth": 4.0, "num_boost_round": 14.0}, "datetime": {"datetime": "2024-01-19 02:32:16", "elapsed": 8489.693461, "delta": 0.005979}}
{"target": -17.677117292455353, "params": {"gamma": 39.57352132460634, "log10_alpha": -0.09757728290449119, "log10_colsample_bytree": -0.8962426243074252, "log10_eta": -2.990912285112566, "log10_lambda": -2.354225905350703, "log10_min_child_weight": 4.364123813582628, "log10_subsample": -0.0633829868451411, "max_depth": 4.0, "num_boost_round": 15.0}, "datetime": {"datetime": "2024-01-19 02:32:16", "elapsed": 8489.699278, "delta": 0.005817}}
{"target": -17.67712213760262, "params": {"gamma": 39.57352132460634, "log10_alpha": -0.09757728290449119, "log10_colsample_bytree": -0.8962426243074252, "log10_eta": -2.990912285112566, "log10_lambda": -2.354225905350703, "log10_min_child_weight": 4.364123813582628, "log10_subsample": -0.0633829868451411, "max_depth": 4.0, "num_boost_round": 16.0}, "datetime": {"datetime": "2024-01-19 02:32:16", "elapsed": 8489.705161, "delta": 0.005883}}
{"target": -17.677131388348805, "params": {"gamma": 39.57352132460634, "log10_alpha": -0.09757728290449119, "log10_colsample_bytree": -0.8962426243074252, "log10_eta": -2.990912285112566, "log10_lambda": -2.354225905350703, "log10_min_child_weight": 4.364123813582628, "log10_subsample": -0.0633829868451411, "max_depth": 4.0, "num_boost_round": 17.0}, "datetime": {"datetime": "2024-01-19 02:32:16", "elapsed": 8489.711136, "delta": 0.005975}}
{"target": -17.67711533687335, "params": {"gamma": 39.57352132460634, "log10_alpha": -0.09757728290449119, "log10_colsample_bytree": -0.8962426243074252, "log10_eta": -2.990912285112566, "log10_lambda": -2.354225905350703, "log10_min_child_weight": 4.364123813582628, "log10_subsample": -0.0633829868451411, "max_depth": 4.0, "num_boost_round": 18.0}, "datetime": {"datetime": "2024-01-19 02:32:16", "elapsed": 8489.717128, "delta": 0.005992}}
{"target": -17.677101484485668, "params": {"gamma": 39.57352132460634, "log10_alpha": -0.09757728290449119, "log10_colsample_bytree": -0.8962426243074252, "log10_eta": -2.990912285112566, "log10_lambda": -2.354225905350703, "log10_min_child_weight": 4.364123813582628, "log10_subsample": -0.0633829868451411, "max_depth": 4.0, "num_boost_round": 19.0}, "datetime": {"datetime": "2024-01-19 02:32:16", "elapsed": 8489.723008, "delta": 0.00588}}
{"target": -17.67710741837078, "params": {"gamma": 39.57352132460634, "log10_alpha": -0.09757728290449119, "log10_colsample_bytree": -0.8962426243074252, "log10_eta": -2.990912285112566, "log10_lambda": -2.354225905350703, "log10_min_child_weight": 4.364123813582628, "log10_subsample": -0.0633829868451411, "max_depth": 4.0, "num_boost_round": 20.0}, "datetime": {"datetime": "2024-01-19 02:32:16", "elapsed": 8489.831147, "delta": 0.108139}}
{"target": -17.677106759639074, "params": {"gamma": 39.57352132460634, "log10_alpha": -0.09757728290449119, "log10_colsample_bytree": -0.8962426243074252, "log10_eta": -2.990912285112566, "log10_lambda": -2.354225905350703, "log10_min_child_weight": 4.364123813582628, "log10_subsample": -0.0633829868451411, "max_depth": 4.0, "num_boost_round": 21.0}, "datetime": {"datetime": "2024-01-19 02:32:16", "elapsed": 8489.837993, "delta": 0.006846}}
{"target": -17.67708871704139, "params": {"gamma": 39.57352132460634, "log10_alpha": -0.09757728290449119, "log10_colsample_bytree": -0.8962426243074252, "log10_eta": -2.990912285112566, "log10_lambda": -2.354225905350703, "log10_min_child_weight": 4.364123813582628, "log10_subsample": -0.0633829868451411, "max_depth": 4.0, "num_boost_round": 22.0}, "datetime": {"datetime": "2024-01-19 02:32:16", "elapsed": 8489.844106, "delta": 0.006113}}
{"target": -17.677066845862658, "params": {"gamma": 39.57352132460634, "log10_alpha": -0.09757728290449119, "log10_colsample_bytree": -0.8962426243074252, "log10_eta": -2.990912285112566, "log10_lambda": -2.354225905350703, "log10_min_child_weight": 4.364123813582628, "log10_subsample": -0.0633829868451411, "max_depth": 4.0, "num_boost_round": 23.0}, "datetime": {"datetime": "2024-01-19 02:32:16", "elapsed": 8489.85015, "delta": 0.006044}}
{"target": -17.677069739728136, "params": {"gamma": 39.57352132460634, "log10_alpha": -0.09757728290449119, "log10_colsample_bytree": -0.8962426243074252, "log10_eta": -2.990912285112566, "log10_lambda": -2.354225905350703, "log10_min_child_weight": 4.364123813582628, "log10_subsample": -0.0633829868451411, "max_depth": 4.0, "num_boost_round": 24.0}, "datetime": {"datetime": "2024-01-19 02:32:16", "elapsed": 8489.855993, "delta": 0.005843}}
{"target": -17.67705867341982, "params": {"gamma": 39.57352132460634, "log10_alpha": -0.09757728290449119, "log10_colsample_bytree": -0.8962426243074252, "log10_eta": -2.990912285112566, "log10_lambda": -2.354225905350703, "log10_min_child_weight": 4.364123813582628, "log10_subsample": -0.0633829868451411, "max_depth": 4.0, "num_boost_round": 25.0}, "datetime": {"datetime": "2024-01-19 02:32:16", "elapsed": 8489.861732, "delta": 0.005739}}
{"target": -17.67706355352832, "params": {"gamma": 39.57352132460634, "log10_alpha": -0.09757728290449119, "log10_colsample_bytree": -0.8962426243074252, "log10_eta": -2.990912285112566, "log10_lambda": -2.354225905350703, "log10_min_child_weight": 4.364123813582628, "log10_subsample": -0.0633829868451411, "max_depth": 4.0, "num_boost_round": 26.0}, "datetime": {"datetime": "2024-01-19 02:32:16", "elapsed": 8489.867574, "delta": 0.005842}}
{"target": -17.677060888364878, "params": {"gamma": 39.57352132460634, "log10_alpha": -0.09757728290449119, "log10_colsample_bytree": -0.8962426243074252, "log10_eta": -2.990912285112566, "log10_lambda": -2.354225905350703, "log10_min_child_weight": 4.364123813582628, "log10_subsample": -0.0633829868451411, "max_depth": 4.0, "num_boost_round": 27.0}, "datetime": {"datetime": "2024-01-19 02:32:16", "elapsed": 8489.873568, "delta": 0.005994}}
{"target": -17.677046477861225, "params": {"gamma": 39.57352132460634, "log10_alpha": -0.09757728290449119, "log10_colsample_bytree": -0.8962426243074252, "log10_eta": -2.990912285112566, "log10_lambda": -2.354225905350703, "log10_min_child_weight": 4.364123813582628, "log10_subsample": -0.0633829868451411, "max_depth": 4.0, "num_boost_round": 28.0}, "datetime": {"datetime": "2024-01-19 02:32:16", "elapsed": 8489.879559, "delta": 0.005991}}
