{"target": -13.75730252901175, "params": {"gamma": 437.12376818519084, "log10_alpha": -0.23180894592898493, "log10_colsample_bytree": -0.024621853597736165, "log10_eta": -2.4143395471988907, "log10_lambda": -4.476398416391304, "log10_min_child_weight": 3.3660293554209253, "log10_subsample": -0.7862399099898439, "max_depth": 7.0, "num_boost_round": 45.0}, "datetime": {"datetime": "2024-01-19 01:14:33", "elapsed": 3776.232148, "delta": 0.005492}}
{"target": -13.757270843492387, "params": {"gamma": 437.12376818519084, "log10_alpha": -0.23180894592898493, "log10_colsample_bytree": -0.024621853597736165, "log10_eta": -2.4143395471988907, "log10_lambda": -4.476398416391304, "log10_min_child_weight": 3.3660293554209253, "log10_subsample": -0.7862399099898439, "max_depth": 7.0, "num_boost_round": 46.0}, "datetime": {"datetime": "2024-01-19 01:14:33", "elapsed": 3776.237514, "delta": 0.005366}}
{"target": -13.757360545861392, "params": {"gamma": 437.12376818519084, "log10_alpha": -0.23180894592898493, "log10_colsample_bytree": -0.024621853597736165, "log10_eta": -2.4143395471988907, "log10_lambda": -4.476398416391304, "log10_min_child_weight": 3.3660293554209253, "log10_subsample": -0.7862399099898439, "max_depth": 7.0, "num_boost_round": 47.0}, "datetime": {"datetime": "2024-01-19 01:14:33", "elapsed": 3776.242594, "delta": 0.00508}}
{"target": -13.757305169359437, "params": {"gamma": 437.12376818519084, "log10_alpha": -0.23180894592898493, "log10_colsample_bytree": -0.024621853597736165, "log10_eta": -2.4143395471988907, "log10_lambda": -4.476398416391304, "log10_min_child_weight": 3.3660293554209253, "log10_subsample": -0.7862399099898439, "max_depth": 7.0, "num_boost_round": 48.0}, "datetime": {"datetime": "2024-01-19 01:14:33", "elapsed": 3776.247582, "delta": 0.004988}}
{"target": -13.757300338069987, "params": {"gamma": 437.12376818519084, "log10_alpha": -0.23180894592898493, "log10_colsample_bytree": -0.024621853597736165, "log10_eta": -2.4143395471988907, "log10_lambda": -4.476398416391304, "log10_min_child_weight": 3.3660293554209253, "log10_subsample": -0.7862399099898439, "max_depth": 7.0, "num_boost_round": 49.0}, "datetime": {"datetime": "2024-01-19 01:14:33", "elapsed": 3776.252576, "delta": 0.004994}}
{"target": -13.757322726790452, "params": {"gamma": 437.12376818519084, "log10_alpha": -0.23180894592898493, "log10_colsample_bytree": -0.024621853597736165, "log10_eta": -2.4143395471988907, "log10_lambda": -4.476398416391304, "log10_min_child_weight": 3.3660293554209253, "log10_subsample": -0.7862399099898439, "max_depth": 7.0, "num_boost_round": 50.0}, "datetime": {"datetime": "2024-01-19 01:14:33", "elapsed": 3776.257581, "delta": 0.005005}}
{"target": -13.757343873697094, "params": {"gamma": 437.12376818519084, "log10_alpha": -0.23180894592898493, "log10_colsample_bytree": -0.024621853597736165, "log10_eta": -2.4143395471988907, "log10_lambda": -4.476398416391304, "log10_min_child_weight": 3.3660293554209253, "log10_subsample": -0.7862399099898439, "max_depth": 7.0, "num_boost_round": 51.0}, "datetime": {"datetime": "2024-01-19 01:14:33", "elapsed": 3776.262689, "delta": 0.005108}}
{"target": -13.757311811257278, "params": {"gamma": 437.12376818519084, "log10_alpha": -0.23180894592898493, "log10_colsample_bytree": -0.024621853597736165, "log10_eta": -2.4143395471988907, "log10_lambda": -4.476398416391304, "log10_min_child_weight": 3.3660293554209253, "log10_subsample": -0.7862399099898439, "max_depth": 7.0, "num_boost_round": 52.0}, "datetime": {"datetime": "2024-01-19 01:14:33", "elapsed": 3776.267897, "delta": 0.005208}}
{"target": -13.757298264024863, "params": {"gamma": 437.12376818519084, "log10_alpha": -0.23180894592898493, "log10_colsample_bytree": -0.024621853597736165, "log10_eta": -2.4143395471988907, "log10_lambda": -4.476398416391304, "log10_min_child_weight": 3.3660293554209253, "log10_subsample": -0.7862399099898439, "max_depth": 7.0, "num_boost_round": 53.0}, "datetime": {"datetime": "2024-01-19 01:14:33", "elapsed": 3776.272905, "delta": 0.005008}}
{"target": -13.757291520207104, "params": {"gamma": 437.12376818519084, "log10_alpha": -0.23180894592898493, "log10_colsample_bytree": -0.024621853597736165, "log10_eta": -2.4143395471988907, "log10_lambda": -4.476398416391304, "log10_min_child_weight": 3.3660293554209253, "log10_subsample": -0.7862399099898439, "max_depth": 7.0, "num_boost_round": 54.0}, "datetime": {"datetime": "2024-01-19 01:14:33", "elapsed": 3776.281402, "delta": 0.008497}}
{"target": -13.757286063711785, "params": {"gamma": 437.12376818519084, "log10_alpha": -0.23180894592898493, "log10_colsample_bytree": -0.024621853597736165, "log10_eta": -2.4143395471988907, "log10_lambda": -4.476398416391304, "log10_min_child_weight": 3.3660293554209253, "log10_subsample": -0.7862399099898439, "max_depth": 7.0, "num_boost_round": 55.0}, "datetime": {"datetime": "2024-01-19 01:14:33", "elapsed": 3776.286782, "delta": 0.00538}}
{"target": -13.75741001069772, "params": {"gamma": 437.12376818519084, "log10_alpha": -0.23180894592898493, "log10_colsample_bytree": -0.024621853597736165, "log10_eta": -2.4143395471988907, "log10_lambda": -4.476398416391304, "log10_min_child_weight": 3.3660293554209253, "log10_subsample": -0.7862399099898439, "max_depth": 7.0, "num_boost_round": 56.0}, "datetime": {"datetime": "2024-01-19 01:14:33", "elapsed": 3776.291935, "delta": 0.005153}}
{"target": -13.757403337401245, "params": {"gamma": 437.12376818519084, "log10_alpha": -0.23180894592898493, "log10_colsample_bytree": -0.024621853597736165, "log10_eta": -2.4143395471988907, "log10_lambda": -4.476398416391304, "log10_min_child_weight": 3.3660293554209253, "log10_subsample": -0.7862399099898439, "max_depth": 7.0, "num_boost_round": 57.0}, "datetime": {"datetime": "2024-01-19 01:14:33", "elapsed": 3776.297494, "delta": 0.005559}}
{"target": -13.75746144655671, "params": {"gamma": 437.12376818519084, "log10_alpha": -0.23180894592898493, "log10_colsample_bytree": -0.024621853597736165, "log10_eta": -2.4143395471988907, "log10_lambda": -4.476398416391304, "log10_min_child_weight": 3.3660293554209253, "log10_subsample": -0.7862399099898439, "max_depth": 7.0, "num_boost_round": 58.0}, "datetime": {"datetime": "2024-01-19 01:14:33", "elapsed": 3776.302821, "delta": 0.005327}}
{"target": -13.757486913965662, "params": {"gamma": 437.12376818519084, "log10_alpha": -0.23180894592898493, "log10_colsample_bytree": -0.024621853597736165, "log10_eta": -2.4143395471988907, "log10_lambda": -4.476398416391304, "log10_min_child_weight": 3.3660293554209253, "log10_subsample": -0.7862399099898439, "max_depth": 7.0, "num_boost_round": 59.0}, "datetime": {"datetime": "2024-01-19 01:14:33", "elapsed": 3776.307887, "delta": 0.005066}}
{"target": -13.75747528298599, "params": {"gamma": 437.12376818519084, "log10_alpha": -0.23180894592898493, "log10_colsample_bytree": -0.024621853597736165, "log10_eta": -2.4143395471988907, "log10_lambda": -4.476398416391304, "log10_min_child_weight": 3.3660293554209253, "log10_subsample": -0.7862399099898439, "max_depth": 7.0, "num_boost_round": 60.0}, "datetime": {"datetime": "2024-01-19 01:14:33", "elapsed": 3776.312973, "delta": 0.005086}}
{"target": -13.757543211094053, "params": {"gamma": 437.12376818519084, "log10_alpha": -0.23180894592898493, "log10_colsample_bytree": -0.024621853597736165, "log10_eta": -2.4143395471988907, "log10_lambda": -4.476398416391304, "log10_min_child_weight": 3.3660293554209253, "log10_subsample": -0.7862399099898439, "max_depth": 7.0, "num_boost_round": 61.0}, "datetime": {"datetime": "2024-01-19 01:14:33", "elapsed": 3776.31808, "delta": 0.005107}}
{"target": -13.75762035332725, "params": {"gamma": 437.12376818519084, "log10_alpha": -0.23180894592898493, "log10_colsample_bytree": -0.024621853597736165, "log10_eta": -2.4143395471988907, "log10_lambda": -4.476398416391304, "log10_min_child_weight": 3.3660293554209253, "log10_subsample": -0.7862399099898439, "max_depth": 7.0, "num_boost_round": 62.0}, "datetime": {"datetime": "2024-01-19 01:14:33", "elapsed": 3776.32319, "delta": 0.00511}}
{"target": -13.757597587931876, "params": {"gamma": 437.12376818519084, "log10_alpha": -0.23180894592898493, "log10_colsample_bytree": -0.024621853597736165, "log10_eta": -2.4143395471988907, "log10_lambda": -4.476398416391304, "log10_min_child_weight": 3.3660293554209253, "log10_subsample": -0.7862399099898439, "max_depth": 7.0, "num_boost_round": 63.0}, "datetime": {"datetime": "2024-01-19 01:14:33", "elapsed": 3776.328415, "delta": 0.005225}}
{"target": -13.757621508976811, "params": {"gamma": 437.12376818519084, "log10_alpha": -0.23180894592898493, "log10_colsample_bytree": -0.024621853597736165, "log10_eta": -2.4143395471988907, "log10_lambda": -4.476398416391304, "log10_min_child_weight": 3.3660293554209253, "log10_subsample": -0.7862399099898439, "max_depth": 7.0, "num_boost_round": 64.0}, "datetime": {"datetime": "2024-01-19 01:14:33", "elapsed": 3776.333735, "delta": 0.00532}}
{"target": -13.75766406073183, "params": {"gamma": 437.12376818519084, "log10_alpha": -0.23180894592898493, "log10_colsample_bytree": -0.024621853597736165, "log10_eta": -2.4143395471988907, "log10_lambda": -4.476398416391304, "log10_min_child_weight": 3.3660293554209253, "log10_subsample": -0.7862399099898439, "max_depth": 7.0, "num_boost_round": 65.0}, "datetime": {"datetime": "2024-01-19 01:14:33", "elapsed": 3776.338839, "delta": 0.005104}}
{"target": -13.757763726880178, "params": {"gamma": 437.12376818519084, "log10_alpha": -0.23180894592898493, "log10_colsample_bytree": -0.024621853597736165, "log10_eta": -2.4143395471988907, "log10_lambda": -4.476398416391304, "log10_min_child_weight": 3.3660293554209253, "log10_subsample": -0.7862399099898439, "max_depth": 7.0, "num_boost_round": 66.0}, "datetime": {"datetime": "2024-01-19 01:14:33", "elapsed": 3776.343956, "delta": 0.005117}}
{"target": -13.75779433625751, "params": {"gamma": 437.12376818519084, "log10_alpha": -0.23180894592898493, "log10_colsample_bytree": -0.024621853597736165, "log10_eta": -2.4143395471988907, "log10_lambda": -4.476398416391304, "log10_min_child_weight": 3.3660293554209253, "log10_subsample": -0.7862399099898439, "max_depth": 7.0, "num_boost_round": 67.0}, "datetime": {"datetime": "2024-01-19 01:14:33", "elapsed": 3776.349136, "delta": 0.00518}}
{"target": -13.757818317096715, "params": {"gamma": 437.12376818519084, "log10_alpha": -0.23180894592898493, "log10_colsample_bytree": -0.024621853597736165, "log10_eta": -2.4143395471988907, "log10_lambda": -4.476398416391304, "log10_min_child_weight": 3.3660293554209253, "log10_subsample": -0.7862399099898439, "max_depth": 7.0, "num_boost_round": 68.0}, "datetime": {"datetime": "2024-01-19 01:14:33", "elapsed": 3776.354274, "delta": 0.005138}}
{"target": -13.757840193784137, "params": {"gamma": 437.12376818519084, "log10_alpha": -0.23180894592898493, "log10_colsample_bytree": -0.024621853597736165, "log10_eta": -2.4143395471988907, "log10_lambda": -4.476398416391304, "log10_min_child_weight": 3.3660293554209253, "log10_subsample": -0.7862399099898439, "max_depth": 7.0, "num_boost_round": 69.0}, "datetime": {"datetime": "2024-01-19 01:14:33", "elapsed": 3776.360037, "delta": 0.005763}}
{"target": -13.757849012613251, "params": {"gamma": 437.12376818519084, "log10_alpha": -0.23180894592898493, "log10_colsample_bytree": -0.024621853597736165, "log10_eta": -2.4143395471988907, "log10_lambda": -4.476398416391304, "log10_min_child_weight": 3.3660293554209253, "log10_subsample": -0.7862399099898439, "max_depth": 7.0, "num_boost_round": 70.0}, "datetime": {"datetime": "2024-01-19 01:14:33", "elapsed": 3776.365706, "delta": 0.005669}}
{"target": -13.75850680380053, "params": {"gamma": 444.9635452432937, "log10_alpha": -3.5046925067625176, "log10_colsample_bytree": -0.05060804963653287, "log10_eta": -2.9653198247080983, "log10_lambda": -4.427715405297639, "log10_min_child_weight": 0.22685110535396402, "log10_subsample": -0.19826730395819236, "max_depth": 9.0, "num_boost_round": 0.0}, "datetime": {"datetime": "2024-01-19 01:15:58", "elapsed": 3862.014755, "delta": 85.649049}}
{"target": -13.758563863757088, "params": {"gamma": 444.9635452432937, "log10_alpha": -3.5046925067625176, "log10_colsample_bytree": -0.05060804963653287, "log10_eta": -2.9653198247080983, "log10_lambda": -4.427715405297639, "log10_min_child_weight": 0.22685110535396402, "log10_subsample": -0.19826730395819236, "max_depth": 9.0, "num_boost_round": 1.0}, "datetime": {"datetime": "2024-01-19 01:15:58", "elapsed": 3862.020016, "delta": 0.005261}}
{"target": -13.758568342504837, "params": {"gamma": 444.9635452432937, "log10_alpha": -3.5046925067625176, "log10_colsample_bytree": -0.05060804963653287, "log10_eta": -2.9653198247080983, "log10_lambda": -4.427715405297639, "log10_min_child_weight": 0.22685110535396402, "log10_subsample": -0.19826730395819236, "max_depth": 9.0, "num_boost_round": 2.0}, "datetime": {"datetime": "2024-01-19 01:15:58", "elapsed": 3862.025034, "delta": 0.005018}}
{"target": -13.758551373438795, "params": {"gamma": 444.9635452432937, "log10_alpha": -3.5046925067625176, "log10_colsample_bytree": -0.05060804963653287, "log10_eta": -2.9653198247080983, "log10_lambda": -4.427715405297639, "log10_min_child_weight": 0.22685110535396402, "log10_subsample": -0.19826730395819236, "max_depth": 9.0, "num_boost_round": 3.0}, "datetime": {"datetime": "2024-01-19 01:15:58", "elapsed": 3862.030237, "delta": 0.005203}}
{"target": -13.758535942418522, "params": {"gamma": 444.9635452432937, "log10_alpha": -3.5046925067625176, "log10_colsample_bytree": -0.05060804963653287, "log10_eta": -2.9653198247080983, "log10_lambda": -4.427715405297639, "log10_min_child_weight": 0.22685110535396402, "log10_subsample": -0.19826730395819236, "max_depth": 9.0, "num_boost_round": 4.0}, "datetime": {"datetime": "2024-01-19 01:15:58", "elapsed": 3862.035325, "delta": 0.005088}}
{"target": -13.758557186059829, "params": {"gamma": 444.9635452432937, "log10_alpha": -3.5046925067625176, "log10_colsample_bytree": -0.05060804963653287, "log10_eta": -2.9653198247080983, "log10_lambda": -4.427715405297639, "log10_min_child_weight": 0.22685110535396402, "log10_subsample": -0.19826730395819236, "max_depth": 9.0, "num_boost_round": 5.0}, "datetime": {"datetime": "2024-01-19 01:15:58", "elapsed": 3862.040288, "delta": 0.004963}}
{"target": -13.758511999662897, "params": {"gamma": 444.9635452432937, "log10_alpha": -3.5046925067625176, "log10_colsample_bytree": -0.05060804963653287, "log10_eta": -2.9653198247080983, "log10_lambda": -4.427715405297639, "log10_min_child_weight": 0.22685110535396402, "log10_subsample": -0.19826730395819236, "max_depth": 9.0, "num_boost_round": 6.0}, "datetime": {"datetime": "2024-01-19 01:15:58", "elapsed": 3862.04531, "delta": 0.005022}}
{"target": -13.75854583471163, "params": {"gamma": 444.9635452432937, "log10_alpha": -3.5046925067625176, "log10_colsample_bytree": -0.05060804963653287, "log10_eta": -2.9653198247080983, "log10_lambda": -4.427715405297639, "log10_min_child_weight": 0.22685110535396402, "log10_subsample": -0.19826730395819236, "max_depth": 9.0, "num_boost_round": 7.0}, "datetime": {"datetime": "2024-01-19 01:15:58", "elapsed": 3862.05042, "delta": 0.00511}}
{"target": -13.758570719178142, "params": {"gamma": 444.9635452432937, "log10_alpha": -3.5046925067625176, "log10_colsample_bytree": -0.05060804963653287, "log10_eta": -2.9653198247080983, "log10_lambda": -4.427715405297639, "log10_min_child_weight": 0.22685110535396402, "log10_subsample": -0.19826730395819236, "max_depth": 9.0, "num_boost_round": 8.0}, "datetime": {"datetime": "2024-01-19 01:15:58", "elapsed": 3862.055418, "delta": 0.004998}}
{"target": -13.75857071911129, "params": {"gamma": 444.9635452432937, "log10_alpha": -3.5046925067625176, "log10_colsample_bytree": -0.05060804963653287, "log10_eta": -2.9653198247080983, "log10_lambda": -4.427715405297639, "log10_min_child_weight": 0.22685110535396402, "log10_subsample": -0.19826730395819236, "max_depth": 9.0, "num_boost_round": 9.0}, "datetime": {"datetime": "2024-01-19 01:15:58", "elapsed": 3862.06051, "delta": 0.005092}}
{"target": -13.75865536422629, "params": {"gamma": 444.9635452432937, "log10_alpha": -3.5046925067625176, "log10_colsample_bytree": -0.05060804963653287, "log10_eta": -2.9653198247080983, "log10_lambda": -4.427715405297639, "log10_min_child_weight": 0.22685110535396402, "log10_subsample": -0.19826730395819236, "max_depth": 9.0, "num_boost_round": 10.0}, "datetime": {"datetime": "2024-01-19 01:15:58", "elapsed": 3862.065449, "delta": 0.004939}}
{"target": -13.758714448059749, "params": {"gamma": 444.9635452432937, "log10_alpha": -3.5046925067625176, "log10_colsample_bytree": -0.05060804963653287, "log10_eta": -2.9653198247080983, "log10_lambda": -4.427715405297639, "log10_min_child_weight": 0.22685110535396402, "log10_subsample": -0.19826730395819236, "max_depth": 9.0, "num_boost_round": 11.0}, "datetime": {"datetime": "2024-01-19 01:15:58", "elapsed": 3862.070496, "delta": 0.005047}}
{"target": -13.758734493371223, "params": {"gamma": 444.9635452432937, "log10_alpha": -3.5046925067625176, "log10_colsample_bytree": -0.05060804963653287, "log10_eta": -2.9653198247080983, "log10_lambda": -4.427715405297639, "log10_min_child_weight": 0.22685110535396402, "log10_subsample": -0.19826730395819236, "max_depth": 9.0, "num_boost_round": 12.0}, "datetime": {"datetime": "2024-01-19 01:15:58", "elapsed": 3862.076322, "delta": 0.005826}}
{"target": -13.758729763513724, "params": {"gamma": 444.9635452432937, "log10_alpha": -3.5046925067625176, "log10_colsample_bytree": -0.05060804963653287, "log10_eta": -2.9653198247080983, "log10_lambda": -4.427715405297639, "log10_min_child_weight": 0.22685110535396402, "log10_subsample": -0.19826730395819236, "max_depth": 9.0, "num_boost_round": 13.0}, "datetime": {"datetime": "2024-01-19 01:15:58", "elapsed": 3862.08155, "delta": 0.005228}}
{"target": -13.758776666736948, "params": {"gamma": 444.9635452432937, "log10_alpha": -3.5046925067625176, "log10_colsample_bytree": -0.05060804963653287, "log10_eta": -2.9653198247080983, "log10_lambda": -4.427715405297639, "log10_min_child_weight": 0.22685110535396402, "log10_subsample": -0.19826730395819236, "max_depth": 9.0, "num_boost_round": 14.0}, "datetime": {"datetime": "2024-01-19 01:15:58", "elapsed": 3862.086535, "delta": 0.004985}}
{"target": -13.758764534252437, "params": {"gamma": 444.9635452432937, "log10_alpha": -3.5046925067625176, "log10_colsample_bytree": -0.05060804963653287, "log10_eta": -2.9653198247080983, "log10_lambda": -4.427715405297639, "log10_min_child_weight": 0.22685110535396402, "log10_subsample": -0.19826730395819236, "max_depth": 9.0, "num_boost_round": 15.0}, "datetime": {"datetime": "2024-01-19 01:15:58", "elapsed": 3862.091863, "delta": 0.005328}}
{"target": -13.758766476338065, "params": {"gamma": 444.9635452432937, "log10_alpha": -3.5046925067625176, "log10_colsample_bytree": -0.05060804963653287, "log10_eta": -2.9653198247080983, "log10_lambda": -4.427715405297639, "log10_min_child_weight": 0.22685110535396402, "log10_subsample": -0.19826730395819236, "max_depth": 9.0, "num_boost_round": 16.0}, "datetime": {"datetime": "2024-01-19 01:15:58", "elapsed": 3862.096982, "delta": 0.005119}}
{"target": -13.75877215441323, "params": {"gamma": 444.9635452432937, "log10_alpha": -3.5046925067625176, "log10_colsample_bytree": -0.05060804963653287, "log10_eta": -2.9653198247080983, "log10_lambda": -4.427715405297639, "log10_min_child_weight": 0.22685110535396402, "log10_subsample": -0.19826730395819236, "max_depth": 9.0, "num_boost_round": 17.0}, "datetime": {"datetime": "2024-01-19 01:15:59", "elapsed": 3862.102118, "delta": 0.005136}}
{"target": -13.758815838530786, "params": {"gamma": 444.9635452432937, "log10_alpha": -3.5046925067625176, "log10_colsample_bytree": -0.05060804963653287, "log10_eta": -2.9653198247080983, "log10_lambda": -4.427715405297639, "log10_min_child_weight": 0.22685110535396402, "log10_subsample": -0.19826730395819236, "max_depth": 9.0, "num_boost_round": 18.0}, "datetime": {"datetime": "2024-01-19 01:15:59", "elapsed": 3862.107182, "delta": 0.005064}}
{"target": -13.758824800760204, "params": {"gamma": 444.9635452432937, "log10_alpha": -3.5046925067625176, "log10_colsample_bytree": -0.05060804963653287, "log10_eta": -2.9653198247080983, "log10_lambda": -4.427715405297639, "log10_min_child_weight": 0.22685110535396402, "log10_subsample": -0.19826730395819236, "max_depth": 9.0, "num_boost_round": 19.0}, "datetime": {"datetime": "2024-01-19 01:15:59", "elapsed": 3862.112209, "delta": 0.005027}}
{"target": -13.758863077321335, "params": {"gamma": 444.9635452432937, "log10_alpha": -3.5046925067625176, "log10_colsample_bytree": -0.05060804963653287, "log10_eta": -2.9653198247080983, "log10_lambda": -4.427715405297639, "log10_min_child_weight": 0.22685110535396402, "log10_subsample": -0.19826730395819236, "max_depth": 9.0, "num_boost_round": 20.0}, "datetime": {"datetime": "2024-01-19 01:15:59", "elapsed": 3862.117228, "delta": 0.005019}}
{"target": -13.75891706687811, "params": {"gamma": 444.9635452432937, "log10_alpha": -3.5046925067625176, "log10_colsample_bytree": -0.05060804963653287, "log10_eta": -2.9653198247080983, "log10_lambda": -4.427715405297639, "log10_min_child_weight": 0.22685110535396402, "log10_subsample": -0.19826730395819236, "max_depth": 9.0, "num_boost_round": 21.0}, "datetime": {"datetime": "2024-01-19 01:15:59", "elapsed": 3862.122383, "delta": 0.005155}}
{"target": -13.758919914279963, "params": {"gamma": 444.9635452432937, "log10_alpha": -3.5046925067625176, "log10_colsample_bytree": -0.05060804963653287, "log10_eta": -2.9653198247080983, "log10_lambda": -4.427715405297639, "log10_min_child_weight": 0.22685110535396402, "log10_subsample": -0.19826730395819236, "max_depth": 9.0, "num_boost_round": 22.0}, "datetime": {"datetime": "2024-01-19 01:15:59", "elapsed": 3862.127385, "delta": 0.005002}}
