{"target": -13.758503312833861, "params": {"gamma": 893.656018567347, "log10_alpha": -3.7115238926750664, "log10_colsample_bytree": -0.34482095634533805, "log10_eta": -2.5955649047199594, "log10_lambda": 0.5454434870049347, "log10_min_child_weight": 4.410486431218732, "log10_subsample": -0.6249455030921273, "max_depth": 8.0, "num_boost_round": 4.0}, "datetime": {"datetime": "2024-01-19 01:40:04", "elapsed": 5324.727105, "delta": 0.004264}}
{"target": -13.758492812157982, "params": {"gamma": 893.656018567347, "log10_alpha": -3.7115238926750664, "log10_colsample_bytree": -0.34482095634533805, "log10_eta": -2.5955649047199594, "log10_lambda": 0.5454434870049347, "log10_min_child_weight": 4.410486431218732, "log10_subsample": -0.6249455030921273, "max_depth": 8.0, "num_boost_round": 5.0}, "datetime": {"datetime": "2024-01-19 01:40:04", "elapsed": 5324.731198, "delta": 0.004093}}
{"target": -13.758498190700847, "params": {"gamma": 893.656018567347, "log10_alpha": -3.7115238926750664, "log10_colsample_bytree": -0.34482095634533805, "log10_eta": -2.5955649047199594, "log10_lambda": 0.5454434870049347, "log10_min_child_weight": 4.410486431218732, "log10_subsample": -0.6249455030921273, "max_depth": 8.0, "num_boost_round": 6.0}, "datetime": {"datetime": "2024-01-19 01:40:04", "elapsed": 5324.735292, "delta": 0.004094}}
{"target": -13.758482887027661, "params": {"gamma": 893.656018567347, "log10_alpha": -3.7115238926750664, "log10_colsample_bytree": -0.34482095634533805, "log10_eta": -2.5955649047199594, "log10_lambda": 0.5454434870049347, "log10_min_child_weight": 4.410486431218732, "log10_subsample": -0.6249455030921273, "max_depth": 8.0, "num_boost_round": 7.0}, "datetime": {"datetime": "2024-01-19 01:40:04", "elapsed": 5324.739486, "delta": 0.004194}}
{"target": -13.758468153732887, "params": {"gamma": 893.656018567347, "log10_alpha": -3.7115238926750664, "log10_colsample_bytree": -0.34482095634533805, "log10_eta": -2.5955649047199594, "log10_lambda": 0.5454434870049347, "log10_min_child_weight": 4.410486431218732, "log10_subsample": -0.6249455030921273, "max_depth": 8.0, "num_boost_round": 8.0}, "datetime": {"datetime": "2024-01-19 01:40:04", "elapsed": 5324.743499, "delta": 0.004013}}
{"target": -13.758457847774793, "params": {"gamma": 893.656018567347, "log10_alpha": -3.7115238926750664, "log10_colsample_bytree": -0.34482095634533805, "log10_eta": -2.5955649047199594, "log10_lambda": 0.5454434870049347, "log10_min_child_weight": 4.410486431218732, "log10_subsample": -0.6249455030921273, "max_depth": 8.0, "num_boost_round": 9.0}, "datetime": {"datetime": "2024-01-19 01:40:04", "elapsed": 5324.74752, "delta": 0.004021}}
{"target": -13.758442258058041, "params": {"gamma": 893.656018567347, "log10_alpha": -3.7115238926750664, "log10_colsample_bytree": -0.34482095634533805, "log10_eta": -2.5955649047199594, "log10_lambda": 0.5454434870049347, "log10_min_child_weight": 4.410486431218732, "log10_subsample": -0.6249455030921273, "max_depth": 8.0, "num_boost_round": 10.0}, "datetime": {"datetime": "2024-01-19 01:40:04", "elapsed": 5324.751684, "delta": 0.004164}}
{"target": -13.758436120590963, "params": {"gamma": 893.656018567347, "log10_alpha": -3.7115238926750664, "log10_colsample_bytree": -0.34482095634533805, "log10_eta": -2.5955649047199594, "log10_lambda": 0.5454434870049347, "log10_min_child_weight": 4.410486431218732, "log10_subsample": -0.6249455030921273, "max_depth": 8.0, "num_boost_round": 11.0}, "datetime": {"datetime": "2024-01-19 01:40:04", "elapsed": 5324.755785, "delta": 0.004101}}
{"target": -13.758442796760654, "params": {"gamma": 893.656018567347, "log10_alpha": -3.7115238926750664, "log10_colsample_bytree": -0.34482095634533805, "log10_eta": -2.5955649047199594, "log10_lambda": 0.5454434870049347, "log10_min_child_weight": 4.410486431218732, "log10_subsample": -0.6249455030921273, "max_depth": 8.0, "num_boost_round": 12.0}, "datetime": {"datetime": "2024-01-19 01:40:04", "elapsed": 5324.759956, "delta": 0.004171}}
{"target": -13.75844552402204, "params": {"gamma": 893.656018567347, "log10_alpha": -3.7115238926750664, "log10_colsample_bytree": -0.34482095634533805, "log10_eta": -2.5955649047199594, "log10_lambda": 0.5454434870049347, "log10_min_child_weight": 4.410486431218732, "log10_subsample": -0.6249455030921273, "max_depth": 8.0, "num_boost_round": 13.0}, "datetime": {"datetime": "2024-01-19 01:40:04", "elapsed": 5324.764124, "delta": 0.004168}}
{"target": -13.758452653391625, "params": {"gamma": 893.656018567347, "log10_alpha": -3.7115238926750664, "log10_colsample_bytree": -0.34482095634533805, "log10_eta": -2.5955649047199594, "log10_lambda": 0.5454434870049347, "log10_min_child_weight": 4.410486431218732, "log10_subsample": -0.6249455030921273, "max_depth": 8.0, "num_boost_round": 14.0}, "datetime": {"datetime": "2024-01-19 01:40:04", "elapsed": 5324.768156, "delta": 0.004032}}
{"target": -13.758430979311427, "params": {"gamma": 893.656018567347, "log10_alpha": -3.7115238926750664, "log10_colsample_bytree": -0.34482095634533805, "log10_eta": -2.5955649047199594, "log10_lambda": 0.5454434870049347, "log10_min_child_weight": 4.410486431218732, "log10_subsample": -0.6249455030921273, "max_depth": 8.0, "num_boost_round": 15.0}, "datetime": {"datetime": "2024-01-19 01:40:04", "elapsed": 5324.772392, "delta": 0.004236}}
{"target": -13.758417279606409, "params": {"gamma": 893.656018567347, "log10_alpha": -3.7115238926750664, "log10_colsample_bytree": -0.34482095634533805, "log10_eta": -2.5955649047199594, "log10_lambda": 0.5454434870049347, "log10_min_child_weight": 4.410486431218732, "log10_subsample": -0.6249455030921273, "max_depth": 8.0, "num_boost_round": 16.0}, "datetime": {"datetime": "2024-01-19 01:40:04", "elapsed": 5324.776706, "delta": 0.004314}}
{"target": -13.758424052679986, "params": {"gamma": 893.656018567347, "log10_alpha": -3.7115238926750664, "log10_colsample_bytree": -0.34482095634533805, "log10_eta": -2.5955649047199594, "log10_lambda": 0.5454434870049347, "log10_min_child_weight": 4.410486431218732, "log10_subsample": -0.6249455030921273, "max_depth": 8.0, "num_boost_round": 17.0}, "datetime": {"datetime": "2024-01-19 01:40:04", "elapsed": 5324.78087, "delta": 0.004164}}
{"target": -13.758410917521061, "params": {"gamma": 893.656018567347, "log10_alpha": -3.7115238926750664, "log10_colsample_bytree": -0.34482095634533805, "log10_eta": -2.5955649047199594, "log10_lambda": 0.5454434870049347, "log10_min_child_weight": 4.410486431218732, "log10_subsample": -0.6249455030921273, "max_depth": 8.0, "num_boost_round": 18.0}, "datetime": {"datetime": "2024-01-19 01:40:04", "elapsed": 5324.785382, "delta": 0.004512}}
{"target": -13.75838481853979, "params": {"gamma": 893.656018567347, "log10_alpha": -3.7115238926750664, "log10_colsample_bytree": -0.34482095634533805, "log10_eta": -2.5955649047199594, "log10_lambda": 0.5454434870049347, "log10_min_child_weight": 4.410486431218732, "log10_subsample": -0.6249455030921273, "max_depth": 8.0, "num_boost_round": 19.0}, "datetime": {"datetime": "2024-01-19 01:40:04", "elapsed": 5324.789778, "delta": 0.004396}}
{"target": -13.758378100231054, "params": {"gamma": 893.656018567347, "log10_alpha": -3.7115238926750664, "log10_colsample_bytree": -0.34482095634533805, "log10_eta": -2.5955649047199594, "log10_lambda": 0.5454434870049347, "log10_min_child_weight": 4.410486431218732, "log10_subsample": -0.6249455030921273, "max_depth": 8.0, "num_boost_round": 20.0}, "datetime": {"datetime": "2024-01-19 01:40:04", "elapsed": 5324.794054, "delta": 0.004276}}
{"target": -13.758366535105651, "params": {"gamma": 893.656018567347, "log10_alpha": -3.7115238926750664, "log10_colsample_bytree": -0.34482095634533805, "log10_eta": -2.5955649047199594, "log10_lambda": 0.5454434870049347, "log10_min_child_weight": 4.410486431218732, "log10_subsample": -0.6249455030921273, "max_depth": 8.0, "num_boost_round": 21.0}, "datetime": {"datetime": "2024-01-19 01:40:04", "elapsed": 5324.798145, "delta": 0.004091}}
{"target": -13.758360510709037, "params": {"gamma": 893.656018567347, "log10_alpha": -3.7115238926750664, "log10_colsample_bytree": -0.34482095634533805, "log10_eta": -2.5955649047199594, "log10_lambda": 0.5454434870049347, "log10_min_child_weight": 4.410486431218732, "log10_subsample": -0.6249455030921273, "max_depth": 8.0, "num_boost_round": 22.0}, "datetime": {"datetime": "2024-01-19 01:40:04", "elapsed": 5324.802321, "delta": 0.004176}}
{"target": -13.757888395739196, "params": {"gamma": 899.5115675998431, "log10_alpha": -0.10157502626982406, "log10_colsample_bytree": -0.882074322389763, "log10_eta": -1.1845558368217715, "log10_lambda": 0.8115674326979452, "log10_min_child_weight": 3.5247342014307748, "log10_subsample": -0.813023798265589, "max_depth": 4.0, "num_boost_round": 0.0}, "datetime": {"datetime": "2024-01-19 01:40:46", "elapsed": 5366.17147, "delta": 41.369149}}
{"target": -13.757727326916665, "params": {"gamma": 899.5115675998431, "log10_alpha": -0.10157502626982406, "log10_colsample_bytree": -0.882074322389763, "log10_eta": -1.1845558368217715, "log10_lambda": 0.8115674326979452, "log10_min_child_weight": 3.5247342014307748, "log10_subsample": -0.813023798265589, "max_depth": 4.0, "num_boost_round": 1.0}, "datetime": {"datetime": "2024-01-19 01:40:46", "elapsed": 5366.176104, "delta": 0.004634}}
{"target": -13.757570865912388, "params": {"gamma": 899.5115675998431, "log10_alpha": -0.10157502626982406, "log10_colsample_bytree": -0.882074322389763, "log10_eta": -1.1845558368217715, "log10_lambda": 0.8115674326979452, "log10_min_child_weight": 3.5247342014307748, "log10_subsample": -0.813023798265589, "max_depth": 4.0, "num_boost_round": 2.0}, "datetime": {"datetime": "2024-01-19 01:40:46", "elapsed": 5366.180483, "delta": 0.004379}}
{"target": -13.757797762861854, "params": {"gamma": 899.5115675998431, "log10_alpha": -0.10157502626982406, "log10_colsample_bytree": -0.882074322389763, "log10_eta": -1.1845558368217715, "log10_lambda": 0.8115674326979452, "log10_min_child_weight": 3.5247342014307748, "log10_subsample": -0.813023798265589, "max_depth": 4.0, "num_boost_round": 3.0}, "datetime": {"datetime": "2024-01-19 01:40:46", "elapsed": 5366.185003, "delta": 0.00452}}
{"target": -13.757636144323827, "params": {"gamma": 899.5115675998431, "log10_alpha": -0.10157502626982406, "log10_colsample_bytree": -0.882074322389763, "log10_eta": -1.1845558368217715, "log10_lambda": 0.8115674326979452, "log10_min_child_weight": 3.5247342014307748, "log10_subsample": -0.813023798265589, "max_depth": 4.0, "num_boost_round": 4.0}, "datetime": {"datetime": "2024-01-19 01:40:46", "elapsed": 5366.18908, "delta": 0.004077}}
{"target": -13.75856207688732, "params": {"gamma": 899.5115675998431, "log10_alpha": -0.10157502626982406, "log10_colsample_bytree": -0.882074322389763, "log10_eta": -1.1845558368217715, "log10_lambda": 0.8115674326979452, "log10_min_child_weight": 3.5247342014307748, "log10_subsample": -0.813023798265589, "max_depth": 4.0, "num_boost_round": 5.0}, "datetime": {"datetime": "2024-01-19 01:40:46", "elapsed": 5366.193279, "delta": 0.004199}}
{"target": -13.758508412398722, "params": {"gamma": 899.5115675998431, "log10_alpha": -0.10157502626982406, "log10_colsample_bytree": -0.882074322389763, "log10_eta": -1.1845558368217715, "log10_lambda": 0.8115674326979452, "log10_min_child_weight": 3.5247342014307748, "log10_subsample": -0.813023798265589, "max_depth": 4.0, "num_boost_round": 6.0}, "datetime": {"datetime": "2024-01-19 01:40:46", "elapsed": 5366.197447, "delta": 0.004168}}
{"target": -13.758225355187523, "params": {"gamma": 899.5115675998431, "log10_alpha": -0.10157502626982406, "log10_colsample_bytree": -0.882074322389763, "log10_eta": -1.1845558368217715, "log10_lambda": 0.8115674326979452, "log10_min_child_weight": 3.5247342014307748, "log10_subsample": -0.813023798265589, "max_depth": 4.0, "num_boost_round": 7.0}, "datetime": {"datetime": "2024-01-19 01:40:46", "elapsed": 5366.201534, "delta": 0.004087}}
{"target": -13.758620000463889, "params": {"gamma": 899.5115675998431, "log10_alpha": -0.10157502626982406, "log10_colsample_bytree": -0.882074322389763, "log10_eta": -1.1845558368217715, "log10_lambda": 0.8115674326979452, "log10_min_child_weight": 3.5247342014307748, "log10_subsample": -0.813023798265589, "max_depth": 4.0, "num_boost_round": 8.0}, "datetime": {"datetime": "2024-01-19 01:40:46", "elapsed": 5366.205632, "delta": 0.004098}}
{"target": -13.759025050143915, "params": {"gamma": 899.5115675998431, "log10_alpha": -0.10157502626982406, "log10_colsample_bytree": -0.882074322389763, "log10_eta": -1.1845558368217715, "log10_lambda": 0.8115674326979452, "log10_min_child_weight": 3.5247342014307748, "log10_subsample": -0.813023798265589, "max_depth": 4.0, "num_boost_round": 9.0}, "datetime": {"datetime": "2024-01-19 01:40:46", "elapsed": 5366.209758, "delta": 0.004126}}
{"target": -13.758317218144478, "params": {"gamma": 899.5115675998431, "log10_alpha": -0.10157502626982406, "log10_colsample_bytree": -0.882074322389763, "log10_eta": -1.1845558368217715, "log10_lambda": 0.8115674326979452, "log10_min_child_weight": 3.5247342014307748, "log10_subsample": -0.813023798265589, "max_depth": 4.0, "num_boost_round": 10.0}, "datetime": {"datetime": "2024-01-19 01:40:46", "elapsed": 5366.213941, "delta": 0.004183}}
{"target": -13.758566225616502, "params": {"gamma": 899.5115675998431, "log10_alpha": -0.10157502626982406, "log10_colsample_bytree": -0.882074322389763, "log10_eta": -1.1845558368217715, "log10_lambda": 0.8115674326979452, "log10_min_child_weight": 3.5247342014307748, "log10_subsample": -0.813023798265589, "max_depth": 4.0, "num_boost_round": 11.0}, "datetime": {"datetime": "2024-01-19 01:40:46", "elapsed": 5366.218088, "delta": 0.004147}}
{"target": -13.757967847871708, "params": {"gamma": 899.5115675998431, "log10_alpha": -0.10157502626982406, "log10_colsample_bytree": -0.882074322389763, "log10_eta": -1.1845558368217715, "log10_lambda": 0.8115674326979452, "log10_min_child_weight": 3.5247342014307748, "log10_subsample": -0.813023798265589, "max_depth": 4.0, "num_boost_round": 12.0}, "datetime": {"datetime": "2024-01-19 01:40:46", "elapsed": 5366.222419, "delta": 0.004331}}
{"target": -13.757268177584525, "params": {"gamma": 899.5115675998431, "log10_alpha": -0.10157502626982406, "log10_colsample_bytree": -0.882074322389763, "log10_eta": -1.1845558368217715, "log10_lambda": 0.8115674326979452, "log10_min_child_weight": 3.5247342014307748, "log10_subsample": -0.813023798265589, "max_depth": 4.0, "num_boost_round": 13.0}, "datetime": {"datetime": "2024-01-19 01:40:46", "elapsed": 5366.22659, "delta": 0.004171}}
{"target": -13.757521251788011, "params": {"gamma": 899.5115675998431, "log10_alpha": -0.10157502626982406, "log10_colsample_bytree": -0.882074322389763, "log10_eta": -1.1845558368217715, "log10_lambda": 0.8115674326979452, "log10_min_child_weight": 3.5247342014307748, "log10_subsample": -0.813023798265589, "max_depth": 4.0, "num_boost_round": 14.0}, "datetime": {"datetime": "2024-01-19 01:40:46", "elapsed": 5366.230837, "delta": 0.004247}}
{"target": -13.756483060612435, "params": {"gamma": 899.5115675998431, "log10_alpha": -0.10157502626982406, "log10_colsample_bytree": -0.882074322389763, "log10_eta": -1.1845558368217715, "log10_lambda": 0.8115674326979452, "log10_min_child_weight": 3.5247342014307748, "log10_subsample": -0.813023798265589, "max_depth": 4.0, "num_boost_round": 15.0}, "datetime": {"datetime": "2024-01-19 01:40:46", "elapsed": 5366.235025, "delta": 0.004188}}
{"target": -13.756169159369122, "params": {"gamma": 899.5115675998431, "log10_alpha": -0.10157502626982406, "log10_colsample_bytree": -0.882074322389763, "log10_eta": -1.1845558368217715, "log10_lambda": 0.8115674326979452, "log10_min_child_weight": 3.5247342014307748, "log10_subsample": -0.813023798265589, "max_depth": 4.0, "num_boost_round": 16.0}, "datetime": {"datetime": "2024-01-19 01:40:46", "elapsed": 5366.239278, "delta": 0.004253}}
{"target": -13.756421321936877, "params": {"gamma": 899.5115675998431, "log10_alpha": -0.10157502626982406, "log10_colsample_bytree": -0.882074322389763, "log10_eta": -1.1845558368217715, "log10_lambda": 0.8115674326979452, "log10_min_child_weight": 3.5247342014307748, "log10_subsample": -0.813023798265589, "max_depth": 4.0, "num_boost_round": 17.0}, "datetime": {"datetime": "2024-01-19 01:40:46", "elapsed": 5366.243417, "delta": 0.004139}}
{"target": -13.756425695386145, "params": {"gamma": 899.5115675998431, "log10_alpha": -0.10157502626982406, "log10_colsample_bytree": -0.882074322389763, "log10_eta": -1.1845558368217715, "log10_lambda": 0.8115674326979452, "log10_min_child_weight": 3.5247342014307748, "log10_subsample": -0.813023798265589, "max_depth": 4.0, "num_boost_round": 18.0}, "datetime": {"datetime": "2024-01-19 01:40:46", "elapsed": 5366.247501, "delta": 0.004084}}
{"target": -13.755952091931539, "params": {"gamma": 899.5115675998431, "log10_alpha": -0.10157502626982406, "log10_colsample_bytree": -0.882074322389763, "log10_eta": -1.1845558368217715, "log10_lambda": 0.8115674326979452, "log10_min_child_weight": 3.5247342014307748, "log10_subsample": -0.813023798265589, "max_depth": 4.0, "num_boost_round": 19.0}, "datetime": {"datetime": "2024-01-19 01:40:46", "elapsed": 5366.251724, "delta": 0.004223}}
{"target": -13.756489172150644, "params": {"gamma": 899.5115675998431, "log10_alpha": -0.10157502626982406, "log10_colsample_bytree": -0.882074322389763, "log10_eta": -1.1845558368217715, "log10_lambda": 0.8115674326979452, "log10_min_child_weight": 3.5247342014307748, "log10_subsample": -0.813023798265589, "max_depth": 4.0, "num_boost_round": 20.0}, "datetime": {"datetime": "2024-01-19 01:40:46", "elapsed": 5366.255798, "delta": 0.004074}}
{"target": -13.756853422461061, "params": {"gamma": 899.5115675998431, "log10_alpha": -0.10157502626982406, "log10_colsample_bytree": -0.882074322389763, "log10_eta": -1.1845558368217715, "log10_lambda": 0.8115674326979452, "log10_min_child_weight": 3.5247342014307748, "log10_subsample": -0.813023798265589, "max_depth": 4.0, "num_boost_round": 21.0}, "datetime": {"datetime": "2024-01-19 01:40:46", "elapsed": 5366.260013, "delta": 0.004215}}
{"target": -13.758454432106191, "params": {"gamma": 900.7372118270084, "log10_alpha": -3.0283326917138074, "log10_colsample_bytree": -0.07509301239512278, "log10_eta": -0.9205497749962075, "log10_lambda": 0.2502436303746043, "log10_min_child_weight": 2.282751712585816, "log10_subsample": -0.83115399155973, "max_depth": 2.0, "num_boost_round": 0.0}, "datetime": {"datetime": "2024-01-19 01:41:32", "elapsed": 5412.608919, "delta": 46.348906}}
{"target": -13.759525019574696, "params": {"gamma": 900.7372118270084, "log10_alpha": -3.0283326917138074, "log10_colsample_bytree": -0.07509301239512278, "log10_eta": -0.9205497749962075, "log10_lambda": 0.2502436303746043, "log10_min_child_weight": 2.282751712585816, "log10_subsample": -0.83115399155973, "max_depth": 2.0, "num_boost_round": 1.0}, "datetime": {"datetime": "2024-01-19 01:41:32", "elapsed": 5412.613695, "delta": 0.004776}}
{"target": -13.760052151398689, "params": {"gamma": 900.7372118270084, "log10_alpha": -3.0283326917138074, "log10_colsample_bytree": -0.07509301239512278, "log10_eta": -0.9205497749962075, "log10_lambda": 0.2502436303746043, "log10_min_child_weight": 2.282751712585816, "log10_subsample": -0.83115399155973, "max_depth": 2.0, "num_boost_round": 2.0}, "datetime": {"datetime": "2024-01-19 01:41:32", "elapsed": 5412.618201, "delta": 0.004506}}
{"target": -13.761810807184808, "params": {"gamma": 900.7372118270084, "log10_alpha": -3.0283326917138074, "log10_colsample_bytree": -0.07509301239512278, "log10_eta": -0.9205497749962075, "log10_lambda": 0.2502436303746043, "log10_min_child_weight": 2.282751712585816, "log10_subsample": -0.83115399155973, "max_depth": 2.0, "num_boost_round": 3.0}, "datetime": {"datetime": "2024-01-19 01:41:32", "elapsed": 5412.622527, "delta": 0.004326}}
{"target": -13.760004977003799, "params": {"gamma": 900.7372118270084, "log10_alpha": -3.0283326917138074, "log10_colsample_bytree": -0.07509301239512278, "log10_eta": -0.9205497749962075, "log10_lambda": 0.2502436303746043, "log10_min_child_weight": 2.282751712585816, "log10_subsample": -0.83115399155973, "max_depth": 2.0, "num_boost_round": 4.0}, "datetime": {"datetime": "2024-01-19 01:41:32", "elapsed": 5412.626799, "delta": 0.004272}}
{"target": -13.759458290214, "params": {"gamma": 900.7372118270084, "log10_alpha": -3.0283326917138074, "log10_colsample_bytree": -0.07509301239512278, "log10_eta": -0.9205497749962075, "log10_lambda": 0.2502436303746043, "log10_min_child_weight": 2.282751712585816, "log10_subsample": -0.83115399155973, "max_depth": 2.0, "num_boost_round": 5.0}, "datetime": {"datetime": "2024-01-19 01:41:32", "elapsed": 5412.631067, "delta": 0.004268}}
{"target": -13.76129143544624, "params": {"gamma": 900.7372118270084, "log10_alpha": -3.0283326917138074, "log10_colsample_bytree": -0.07509301239512278, "log10_eta": -0.9205497749962075, "log10_lambda": 0.2502436303746043, "log10_min_child_weight": 2.282751712585816, "log10_subsample": -0.83115399155973, "max_depth": 2.0, "num_boost_round": 6.0}, "datetime": {"datetime": "2024-01-19 01:41:32", "elapsed": 5412.635353, "delta": 0.004286}}
{"target": -13.762373637432518, "params": {"gamma": 900.7372118270084, "log10_alpha": -3.0283326917138074, "log10_colsample_bytree": -0.07509301239512278, "log10_eta": -0.9205497749962075, "log10_lambda": 0.2502436303746043, "log10_min_child_weight": 2.282751712585816, "log10_subsample": -0.83115399155973, "max_depth": 2.0, "num_boost_round": 7.0}, "datetime": {"datetime": "2024-01-19 01:41:32", "elapsed": 5412.639578, "delta": 0.004225}}
