{"target": -13.777216432348963, "params": {"gamma": 484.17240785676285, "log10_alpha": -0.18486742339910656, "log10_colsample_bytree": -0.19496375155077572, "log10_eta": -1.407264469796183, "log10_lambda": -0.6517892091979807, "log10_min_child_weight": 4.790242237678154, "log10_subsample": -0.05268733478039633, "max_depth": 7.0, "num_boost_round": 52.0}, "datetime": {"datetime": "2024-01-19 00:51:41", "elapsed": 2405.312844, "delta": 0.0035}}
{"target": -13.777413693383702, "params": {"gamma": 484.17240785676285, "log10_alpha": -0.18486742339910656, "log10_colsample_bytree": -0.19496375155077572, "log10_eta": -1.407264469796183, "log10_lambda": -0.6517892091979807, "log10_min_child_weight": 4.790242237678154, "log10_subsample": -0.05268733478039633, "max_depth": 7.0, "num_boost_round": 53.0}, "datetime": {"datetime": "2024-01-19 00:51:41", "elapsed": 2405.316352, "delta": 0.003508}}
{"target": -13.777892160112065, "params": {"gamma": 484.17240785676285, "log10_alpha": -0.18486742339910656, "log10_colsample_bytree": -0.19496375155077572, "log10_eta": -1.407264469796183, "log10_lambda": -0.6517892091979807, "log10_min_child_weight": 4.790242237678154, "log10_subsample": -0.05268733478039633, "max_depth": 7.0, "num_boost_round": 54.0}, "datetime": {"datetime": "2024-01-19 00:51:41", "elapsed": 2405.319901, "delta": 0.003549}}
{"target": -13.758518199732114, "params": {"gamma": 509.75516374250276, "log10_alpha": 0.7823188260035119, "log10_colsample_bytree": -0.48907751778152664, "log10_eta": -2.9818456689959443, "log10_lambda": -1.2942777322977932, "log10_min_child_weight": 1.8740750033798725, "log10_subsample": -0.6307262518628296, "max_depth": 8.0, "num_boost_round": 0.0}, "datetime": {"datetime": "2024-01-19 00:52:44", "elapsed": 2468.682358, "delta": 63.362457}}
{"target": -13.758397350012666, "params": {"gamma": 509.75516374250276, "log10_alpha": 0.7823188260035119, "log10_colsample_bytree": -0.48907751778152664, "log10_eta": -2.9818456689959443, "log10_lambda": -1.2942777322977932, "log10_min_child_weight": 1.8740750033798725, "log10_subsample": -0.6307262518628296, "max_depth": 8.0, "num_boost_round": 1.0}, "datetime": {"datetime": "2024-01-19 00:52:44", "elapsed": 2468.686554, "delta": 0.004196}}
{"target": -13.758327297981033, "params": {"gamma": 509.75516374250276, "log10_alpha": 0.7823188260035119, "log10_colsample_bytree": -0.48907751778152664, "log10_eta": -2.9818456689959443, "log10_lambda": -1.2942777322977932, "log10_min_child_weight": 1.8740750033798725, "log10_subsample": -0.6307262518628296, "max_depth": 8.0, "num_boost_round": 2.0}, "datetime": {"datetime": "2024-01-19 00:52:44", "elapsed": 2468.690299, "delta": 0.003745}}
{"target": -13.758280666209771, "params": {"gamma": 509.75516374250276, "log10_alpha": 0.7823188260035119, "log10_colsample_bytree": -0.48907751778152664, "log10_eta": -2.9818456689959443, "log10_lambda": -1.2942777322977932, "log10_min_child_weight": 1.8740750033798725, "log10_subsample": -0.6307262518628296, "max_depth": 8.0, "num_boost_round": 3.0}, "datetime": {"datetime": "2024-01-19 00:52:44", "elapsed": 2468.693945, "delta": 0.003646}}
{"target": -13.758256859669661, "params": {"gamma": 509.75516374250276, "log10_alpha": 0.7823188260035119, "log10_colsample_bytree": -0.48907751778152664, "log10_eta": -2.9818456689959443, "log10_lambda": -1.2942777322977932, "log10_min_child_weight": 1.8740750033798725, "log10_subsample": -0.6307262518628296, "max_depth": 8.0, "num_boost_round": 4.0}, "datetime": {"datetime": "2024-01-19 00:52:44", "elapsed": 2468.697578, "delta": 0.003633}}
{"target": -13.758247595311682, "params": {"gamma": 509.75516374250276, "log10_alpha": 0.7823188260035119, "log10_colsample_bytree": -0.48907751778152664, "log10_eta": -2.9818456689959443, "log10_lambda": -1.2942777322977932, "log10_min_child_weight": 1.8740750033798725, "log10_subsample": -0.6307262518628296, "max_depth": 8.0, "num_boost_round": 5.0}, "datetime": {"datetime": "2024-01-19 00:52:44", "elapsed": 2468.701134, "delta": 0.003556}}
{"target": -13.758249483954115, "params": {"gamma": 509.75516374250276, "log10_alpha": 0.7823188260035119, "log10_colsample_bytree": -0.48907751778152664, "log10_eta": -2.9818456689959443, "log10_lambda": -1.2942777322977932, "log10_min_child_weight": 1.8740750033798725, "log10_subsample": -0.6307262518628296, "max_depth": 8.0, "num_boost_round": 6.0}, "datetime": {"datetime": "2024-01-19 00:52:44", "elapsed": 2468.704786, "delta": 0.003652}}
{"target": -13.758205202913897, "params": {"gamma": 509.75516374250276, "log10_alpha": 0.7823188260035119, "log10_colsample_bytree": -0.48907751778152664, "log10_eta": -2.9818456689959443, "log10_lambda": -1.2942777322977932, "log10_min_child_weight": 1.8740750033798725, "log10_subsample": -0.6307262518628296, "max_depth": 8.0, "num_boost_round": 7.0}, "datetime": {"datetime": "2024-01-19 00:52:44", "elapsed": 2468.800323, "delta": 0.095537}}
{"target": -13.758134595003176, "params": {"gamma": 509.75516374250276, "log10_alpha": 0.7823188260035119, "log10_colsample_bytree": -0.48907751778152664, "log10_eta": -2.9818456689959443, "log10_lambda": -1.2942777322977932, "log10_min_child_weight": 1.8740750033798725, "log10_subsample": -0.6307262518628296, "max_depth": 8.0, "num_boost_round": 8.0}, "datetime": {"datetime": "2024-01-19 00:52:44", "elapsed": 2468.804572, "delta": 0.004249}}
{"target": -13.758080612699297, "params": {"gamma": 509.75516374250276, "log10_alpha": 0.7823188260035119, "log10_colsample_bytree": -0.48907751778152664, "log10_eta": -2.9818456689959443, "log10_lambda": -1.2942777322977932, "log10_min_child_weight": 1.8740750033798725, "log10_subsample": -0.6307262518628296, "max_depth": 8.0, "num_boost_round": 9.0}, "datetime": {"datetime": "2024-01-19 00:52:44", "elapsed": 2468.808237, "delta": 0.003665}}
{"target": -13.758048020386694, "params": {"gamma": 509.75516374250276, "log10_alpha": 0.7823188260035119, "log10_colsample_bytree": -0.48907751778152664, "log10_eta": -2.9818456689959443, "log10_lambda": -1.2942777322977932, "log10_min_child_weight": 1.8740750033798725, "log10_subsample": -0.6307262518628296, "max_depth": 8.0, "num_boost_round": 10.0}, "datetime": {"datetime": "2024-01-19 00:52:44", "elapsed": 2468.811923, "delta": 0.003686}}
{"target": -13.757983687700992, "params": {"gamma": 509.75516374250276, "log10_alpha": 0.7823188260035119, "log10_colsample_bytree": -0.48907751778152664, "log10_eta": -2.9818456689959443, "log10_lambda": -1.2942777322977932, "log10_min_child_weight": 1.8740750033798725, "log10_subsample": -0.6307262518628296, "max_depth": 8.0, "num_boost_round": 11.0}, "datetime": {"datetime": "2024-01-19 00:52:44", "elapsed": 2468.815627, "delta": 0.003704}}
{"target": -13.757932696339015, "params": {"gamma": 509.75516374250276, "log10_alpha": 0.7823188260035119, "log10_colsample_bytree": -0.48907751778152664, "log10_eta": -2.9818456689959443, "log10_lambda": -1.2942777322977932, "log10_min_child_weight": 1.8740750033798725, "log10_subsample": -0.6307262518628296, "max_depth": 8.0, "num_boost_round": 12.0}, "datetime": {"datetime": "2024-01-19 00:52:44", "elapsed": 2468.819271, "delta": 0.003644}}
{"target": -13.757902361634759, "params": {"gamma": 509.75516374250276, "log10_alpha": 0.7823188260035119, "log10_colsample_bytree": -0.48907751778152664, "log10_eta": -2.9818456689959443, "log10_lambda": -1.2942777322977932, "log10_min_child_weight": 1.8740750033798725, "log10_subsample": -0.6307262518628296, "max_depth": 8.0, "num_boost_round": 13.0}, "datetime": {"datetime": "2024-01-19 00:52:44", "elapsed": 2468.823068, "delta": 0.003797}}
{"target": -13.757921519669809, "params": {"gamma": 509.75516374250276, "log10_alpha": 0.7823188260035119, "log10_colsample_bytree": -0.48907751778152664, "log10_eta": -2.9818456689959443, "log10_lambda": -1.2942777322977932, "log10_min_child_weight": 1.8740750033798725, "log10_subsample": -0.6307262518628296, "max_depth": 8.0, "num_boost_round": 14.0}, "datetime": {"datetime": "2024-01-19 00:52:44", "elapsed": 2468.826796, "delta": 0.003728}}
{"target": -13.75787978166995, "params": {"gamma": 509.75516374250276, "log10_alpha": 0.7823188260035119, "log10_colsample_bytree": -0.48907751778152664, "log10_eta": -2.9818456689959443, "log10_lambda": -1.2942777322977932, "log10_min_child_weight": 1.8740750033798725, "log10_subsample": -0.6307262518628296, "max_depth": 8.0, "num_boost_round": 15.0}, "datetime": {"datetime": "2024-01-19 00:52:44", "elapsed": 2468.830483, "delta": 0.003687}}
{"target": -13.757850837455852, "params": {"gamma": 509.75516374250276, "log10_alpha": 0.7823188260035119, "log10_colsample_bytree": -0.48907751778152664, "log10_eta": -2.9818456689959443, "log10_lambda": -1.2942777322977932, "log10_min_child_weight": 1.8740750033798725, "log10_subsample": -0.6307262518628296, "max_depth": 8.0, "num_boost_round": 16.0}, "datetime": {"datetime": "2024-01-19 00:52:44", "elapsed": 2468.834203, "delta": 0.00372}}
{"target": -13.757808356509322, "params": {"gamma": 509.75516374250276, "log10_alpha": 0.7823188260035119, "log10_colsample_bytree": -0.48907751778152664, "log10_eta": -2.9818456689959443, "log10_lambda": -1.2942777322977932, "log10_min_child_weight": 1.8740750033798725, "log10_subsample": -0.6307262518628296, "max_depth": 8.0, "num_boost_round": 17.0}, "datetime": {"datetime": "2024-01-19 00:52:44", "elapsed": 2468.83787, "delta": 0.003667}}
{"target": -13.757802487907746, "params": {"gamma": 509.75516374250276, "log10_alpha": 0.7823188260035119, "log10_colsample_bytree": -0.48907751778152664, "log10_eta": -2.9818456689959443, "log10_lambda": -1.2942777322977932, "log10_min_child_weight": 1.8740750033798725, "log10_subsample": -0.6307262518628296, "max_depth": 8.0, "num_boost_round": 18.0}, "datetime": {"datetime": "2024-01-19 00:52:44", "elapsed": 2468.84157, "delta": 0.0037}}
{"target": -14.211237548912674, "params": {"gamma": 505.34738692086785, "log10_alpha": -5.0, "log10_colsample_bytree": -1.0, "log10_eta": 0.0, "log10_lambda": 1.0, "log10_min_child_weight": 0.0, "log10_subsample": 0.0, "max_depth": 10.0, "num_boost_round": 0.0}, "datetime": {"datetime": "2024-01-19 00:54:15", "elapsed": 2559.012211, "delta": 90.170641}}
{"target": -14.44481895570263, "params": {"gamma": 505.34738692086785, "log10_alpha": -5.0, "log10_colsample_bytree": -1.0, "log10_eta": 0.0, "log10_lambda": 1.0, "log10_min_child_weight": 0.0, "log10_subsample": 0.0, "max_depth": 10.0, "num_boost_round": 1.0}, "datetime": {"datetime": "2024-01-19 00:54:15", "elapsed": 2559.016751, "delta": 0.00454}}
{"target": -14.492577992749439, "params": {"gamma": 505.34738692086785, "log10_alpha": -5.0, "log10_colsample_bytree": -1.0, "log10_eta": 0.0, "log10_lambda": 1.0, "log10_min_child_weight": 0.0, "log10_subsample": 0.0, "max_depth": 10.0, "num_boost_round": 2.0}, "datetime": {"datetime": "2024-01-19 00:54:15", "elapsed": 2559.020467, "delta": 0.003716}}
{"target": -14.580071759183424, "params": {"gamma": 505.34738692086785, "log10_alpha": -5.0, "log10_colsample_bytree": -1.0, "log10_eta": 0.0, "log10_lambda": 1.0, "log10_min_child_weight": 0.0, "log10_subsample": 0.0, "max_depth": 10.0, "num_boost_round": 3.0}, "datetime": {"datetime": "2024-01-19 00:54:15", "elapsed": 2559.024198, "delta": 0.003731}}
{"target": -14.720840554267914, "params": {"gamma": 505.34738692086785, "log10_alpha": -5.0, "log10_colsample_bytree": -1.0, "log10_eta": 0.0, "log10_lambda": 1.0, "log10_min_child_weight": 0.0, "log10_subsample": 0.0, "max_depth": 10.0, "num_boost_round": 4.0}, "datetime": {"datetime": "2024-01-19 00:54:15", "elapsed": 2559.027839, "delta": 0.003641}}
{"target": -14.861702698985463, "params": {"gamma": 505.34738692086785, "log10_alpha": -5.0, "log10_colsample_bytree": -1.0, "log10_eta": 0.0, "log10_lambda": 1.0, "log10_min_child_weight": 0.0, "log10_subsample": 0.0, "max_depth": 10.0, "num_boost_round": 5.0}, "datetime": {"datetime": "2024-01-19 00:54:15", "elapsed": 2559.031468, "delta": 0.003629}}
{"target": -14.965335338202417, "params": {"gamma": 505.34738692086785, "log10_alpha": -5.0, "log10_colsample_bytree": -1.0, "log10_eta": 0.0, "log10_lambda": 1.0, "log10_min_child_weight": 0.0, "log10_subsample": 0.0, "max_depth": 10.0, "num_boost_round": 6.0}, "datetime": {"datetime": "2024-01-19 00:54:15", "elapsed": 2559.035215, "delta": 0.003747}}
{"target": -15.044654106429954, "params": {"gamma": 505.34738692086785, "log10_alpha": -5.0, "log10_colsample_bytree": -1.0, "log10_eta": 0.0, "log10_lambda": 1.0, "log10_min_child_weight": 0.0, "log10_subsample": 0.0, "max_depth": 10.0, "num_boost_round": 7.0}, "datetime": {"datetime": "2024-01-19 00:54:15", "elapsed": 2559.0388, "delta": 0.003585}}
{"target": -15.159075247708806, "params": {"gamma": 505.34738692086785, "log10_alpha": -5.0, "log10_colsample_bytree": -1.0, "log10_eta": 0.0, "log10_lambda": 1.0, "log10_min_child_weight": 0.0, "log10_subsample": 0.0, "max_depth": 10.0, "num_boost_round": 8.0}, "datetime": {"datetime": "2024-01-19 00:54:15", "elapsed": 2559.042459, "delta": 0.003659}}
{"target": -15.227700170915814, "params": {"gamma": 505.34738692086785, "log10_alpha": -5.0, "log10_colsample_bytree": -1.0, "log10_eta": 0.0, "log10_lambda": 1.0, "log10_min_child_weight": 0.0, "log10_subsample": 0.0, "max_depth": 10.0, "num_boost_round": 9.0}, "datetime": {"datetime": "2024-01-19 00:54:15", "elapsed": 2559.046095, "delta": 0.003636}}
{"target": -15.606100831981303, "params": {"gamma": 505.34738692086785, "log10_alpha": -5.0, "log10_colsample_bytree": -1.0, "log10_eta": 0.0, "log10_lambda": 1.0, "log10_min_child_weight": 0.0, "log10_subsample": 0.0, "max_depth": 10.0, "num_boost_round": 10.0}, "datetime": {"datetime": "2024-01-19 00:54:15", "elapsed": 2559.049735, "delta": 0.00364}}
{"target": -15.710339812331828, "params": {"gamma": 505.34738692086785, "log10_alpha": -5.0, "log10_colsample_bytree": -1.0, "log10_eta": 0.0, "log10_lambda": 1.0, "log10_min_child_weight": 0.0, "log10_subsample": 0.0, "max_depth": 10.0, "num_boost_round": 11.0}, "datetime": {"datetime": "2024-01-19 00:54:15", "elapsed": 2559.05336, "delta": 0.003625}}
{"target": -15.834475119875261, "params": {"gamma": 505.34738692086785, "log10_alpha": -5.0, "log10_colsample_bytree": -1.0, "log10_eta": 0.0, "log10_lambda": 1.0, "log10_min_child_weight": 0.0, "log10_subsample": 0.0, "max_depth": 10.0, "num_boost_round": 12.0}, "datetime": {"datetime": "2024-01-19 00:54:15", "elapsed": 2559.057001, "delta": 0.003641}}
{"target": -15.855903771582714, "params": {"gamma": 505.34738692086785, "log10_alpha": -5.0, "log10_colsample_bytree": -1.0, "log10_eta": 0.0, "log10_lambda": 1.0, "log10_min_child_weight": 0.0, "log10_subsample": 0.0, "max_depth": 10.0, "num_boost_round": 13.0}, "datetime": {"datetime": "2024-01-19 00:54:15", "elapsed": 2559.060684, "delta": 0.003683}}
{"target": -15.932445578320555, "params": {"gamma": 505.34738692086785, "log10_alpha": -5.0, "log10_colsample_bytree": -1.0, "log10_eta": 0.0, "log10_lambda": 1.0, "log10_min_child_weight": 0.0, "log10_subsample": 0.0, "max_depth": 10.0, "num_boost_round": 14.0}, "datetime": {"datetime": "2024-01-19 00:54:15", "elapsed": 2559.064298, "delta": 0.003614}}
{"target": -16.05349566929016, "params": {"gamma": 505.34738692086785, "log10_alpha": -5.0, "log10_colsample_bytree": -1.0, "log10_eta": 0.0, "log10_lambda": 1.0, "log10_min_child_weight": 0.0, "log10_subsample": 0.0, "max_depth": 10.0, "num_boost_round": 15.0}, "datetime": {"datetime": "2024-01-19 00:54:15", "elapsed": 2559.067896, "delta": 0.003598}}
{"target": -16.09323043371044, "params": {"gamma": 505.34738692086785, "log10_alpha": -5.0, "log10_colsample_bytree": -1.0, "log10_eta": 0.0, "log10_lambda": 1.0, "log10_min_child_weight": 0.0, "log10_subsample": 0.0, "max_depth": 10.0, "num_boost_round": 16.0}, "datetime": {"datetime": "2024-01-19 00:54:15", "elapsed": 2559.071483, "delta": 0.003587}}
{"target": -16.122084528943734, "params": {"gamma": 505.34738692086785, "log10_alpha": -5.0, "log10_colsample_bytree": -1.0, "log10_eta": 0.0, "log10_lambda": 1.0, "log10_min_child_weight": 0.0, "log10_subsample": 0.0, "max_depth": 10.0, "num_boost_round": 17.0}, "datetime": {"datetime": "2024-01-19 00:54:15", "elapsed": 2559.075237, "delta": 0.003754}}
{"target": -16.154180335011826, "params": {"gamma": 505.34738692086785, "log10_alpha": -5.0, "log10_colsample_bytree": -1.0, "log10_eta": 0.0, "log10_lambda": 1.0, "log10_min_child_weight": 0.0, "log10_subsample": 0.0, "max_depth": 10.0, "num_boost_round": 18.0}, "datetime": {"datetime": "2024-01-19 00:54:15", "elapsed": 2559.078994, "delta": 0.003757}}
{"target": -16.19175128102904, "params": {"gamma": 505.34738692086785, "log10_alpha": -5.0, "log10_colsample_bytree": -1.0, "log10_eta": 0.0, "log10_lambda": 1.0, "log10_min_child_weight": 0.0, "log10_subsample": 0.0, "max_depth": 10.0, "num_boost_round": 19.0}, "datetime": {"datetime": "2024-01-19 00:54:15", "elapsed": 2559.082718, "delta": 0.003724}}
{"target": -16.223080334554915, "params": {"gamma": 505.34738692086785, "log10_alpha": -5.0, "log10_colsample_bytree": -1.0, "log10_eta": 0.0, "log10_lambda": 1.0, "log10_min_child_weight": 0.0, "log10_subsample": 0.0, "max_depth": 10.0, "num_boost_round": 20.0}, "datetime": {"datetime": "2024-01-19 00:54:15", "elapsed": 2559.086356, "delta": 0.003638}}
{"target": -16.25534367341178, "params": {"gamma": 505.34738692086785, "log10_alpha": -5.0, "log10_colsample_bytree": -1.0, "log10_eta": 0.0, "log10_lambda": 1.0, "log10_min_child_weight": 0.0, "log10_subsample": 0.0, "max_depth": 10.0, "num_boost_round": 21.0}, "datetime": {"datetime": "2024-01-19 00:54:15", "elapsed": 2559.089973, "delta": 0.003617}}
{"target": -16.310406541543653, "params": {"gamma": 505.34738692086785, "log10_alpha": -5.0, "log10_colsample_bytree": -1.0, "log10_eta": 0.0, "log10_lambda": 1.0, "log10_min_child_weight": 0.0, "log10_subsample": 0.0, "max_depth": 10.0, "num_boost_round": 22.0}, "datetime": {"datetime": "2024-01-19 00:54:15", "elapsed": 2559.093609, "delta": 0.003636}}
{"target": -16.43973339152957, "params": {"gamma": 505.34738692086785, "log10_alpha": -5.0, "log10_colsample_bytree": -1.0, "log10_eta": 0.0, "log10_lambda": 1.0, "log10_min_child_weight": 0.0, "log10_subsample": 0.0, "max_depth": 10.0, "num_boost_round": 23.0}, "datetime": {"datetime": "2024-01-19 00:54:15", "elapsed": 2559.097319, "delta": 0.00371}}
{"target": -16.508293873396298, "params": {"gamma": 505.34738692086785, "log10_alpha": -5.0, "log10_colsample_bytree": -1.0, "log10_eta": 0.0, "log10_lambda": 1.0, "log10_min_child_weight": 0.0, "log10_subsample": 0.0, "max_depth": 10.0, "num_boost_round": 24.0}, "datetime": {"datetime": "2024-01-19 00:54:15", "elapsed": 2559.100887, "delta": 0.003568}}
{"target": -16.54244562120634, "params": {"gamma": 505.34738692086785, "log10_alpha": -5.0, "log10_colsample_bytree": -1.0, "log10_eta": 0.0, "log10_lambda": 1.0, "log10_min_child_weight": 0.0, "log10_subsample": 0.0, "max_depth": 10.0, "num_boost_round": 25.0}, "datetime": {"datetime": "2024-01-19 00:54:15", "elapsed": 2559.104548, "delta": 0.003661}}
{"target": -16.569451080692502, "params": {"gamma": 505.34738692086785, "log10_alpha": -5.0, "log10_colsample_bytree": -1.0, "log10_eta": 0.0, "log10_lambda": 1.0, "log10_min_child_weight": 0.0, "log10_subsample": 0.0, "max_depth": 10.0, "num_boost_round": 26.0}, "datetime": {"datetime": "2024-01-19 00:54:15", "elapsed": 2559.108131, "delta": 0.003583}}
{"target": -16.645099997792368, "params": {"gamma": 505.34738692086785, "log10_alpha": -5.0, "log10_colsample_bytree": -1.0, "log10_eta": 0.0, "log10_lambda": 1.0, "log10_min_child_weight": 0.0, "log10_subsample": 0.0, "max_depth": 10.0, "num_boost_round": 27.0}, "datetime": {"datetime": "2024-01-19 00:54:15", "elapsed": 2559.111799, "delta": 0.003668}}
{"target": -16.658990840858543, "params": {"gamma": 505.34738692086785, "log10_alpha": -5.0, "log10_colsample_bytree": -1.0, "log10_eta": 0.0, "log10_lambda": 1.0, "log10_min_child_weight": 0.0, "log10_subsample": 0.0, "max_depth": 10.0, "num_boost_round": 28.0}, "datetime": {"datetime": "2024-01-19 00:54:15", "elapsed": 2559.11545, "delta": 0.003651}}
{"target": -13.75845909775418, "params": {"gamma": 489.0531867398703, "log10_alpha": -3.239410354466247, "log10_colsample_bytree": -0.860780798430038, "log10_eta": -2.771801646137885, "log10_lambda": -4.77373770236175, "log10_min_child_weight": 2.702038171439511, "log10_subsample": -0.33105691317958086, "max_depth": 8.0, "num_boost_round": 0.0}, "datetime": {"datetime": "2024-01-19 00:54:56", "elapsed": 2600.978728, "delta": 41.863278}}
{"target": -13.758432444164484, "params": {"gamma": 489.0531867398703, "log10_alpha": -3.239410354466247, "log10_colsample_bytree": -0.860780798430038, "log10_eta": -2.771801646137885, "log10_lambda": -4.77373770236175, "log10_min_child_weight": 2.702038171439511, "log10_subsample": -0.33105691317958086, "max_depth": 8.0, "num_boost_round": 1.0}, "datetime": {"datetime": "2024-01-19 00:54:56", "elapsed": 2600.982897, "delta": 0.004169}}
{"target": -13.758378999626078, "params": {"gamma": 489.0531867398703, "log10_alpha": -3.239410354466247, "log10_colsample_bytree": -0.860780798430038, "log10_eta": -2.771801646137885, "log10_lambda": -4.77373770236175, "log10_min_child_weight": 2.702038171439511, "log10_subsample": -0.33105691317958086, "max_depth": 8.0, "num_boost_round": 2.0}, "datetime": {"datetime": "2024-01-19 00:54:57", "elapsed": 2600.986591, "delta": 0.003694}}
{"target": -13.75836498422459, "params": {"gamma": 489.0531867398703, "log10_alpha": -3.239410354466247, "log10_colsample_bytree": -0.860780798430038, "log10_eta": -2.771801646137885, "log10_lambda": -4.77373770236175, "log10_min_child_weight": 2.702038171439511, "log10_subsample": -0.33105691317958086, "max_depth": 8.0, "num_boost_round": 3.0}, "datetime": {"datetime": "2024-01-19 00:54:57", "elapsed": 2600.990249, "delta": 0.003658}}
