{"target": -17.68268751882545, "params": {"gamma": 977.3173095670297, "log10_alpha": -4.630965710183984, "log10_colsample_bytree": -0.577249790731683, "log10_eta": -0.4675410814438372, "log10_lambda": 0.9630653059666079, "log10_min_child_weight": 0.21882752163025154, "log10_subsample": -0.9810156557932664, "max_depth": 5.0, "num_boost_round": 0.0}, "datetime": {"datetime": "2024-01-19 01:02:29", "elapsed": 3043.780191, "delta": 43.247929}}
{"target": -17.70130867407701, "params": {"gamma": 977.3173095670297, "log10_alpha": -4.630965710183984, "log10_colsample_bytree": -0.577249790731683, "log10_eta": -0.4675410814438372, "log10_lambda": 0.9630653059666079, "log10_min_child_weight": 0.21882752163025154, "log10_subsample": -0.9810156557932664, "max_depth": 5.0, "num_boost_round": 1.0}, "datetime": {"datetime": "2024-01-19 01:02:29", "elapsed": 3043.784486, "delta": 0.004295}}
{"target": -17.72307811350466, "params": {"gamma": 977.3173095670297, "log10_alpha": -4.630965710183984, "log10_colsample_bytree": -0.577249790731683, "log10_eta": -0.4675410814438372, "log10_lambda": 0.9630653059666079, "log10_min_child_weight": 0.21882752163025154, "log10_subsample": -0.9810156557932664, "max_depth": 5.0, "num_boost_round": 2.0}, "datetime": {"datetime": "2024-01-19 01:02:29", "elapsed": 3043.787839, "delta": 0.003353}}
{"target": -17.733617494962523, "params": {"gamma": 977.3173095670297, "log10_alpha": -4.630965710183984, "log10_colsample_bytree": -0.577249790731683, "log10_eta": -0.4675410814438372, "log10_lambda": 0.9630653059666079, "log10_min_child_weight": 0.21882752163025154, "log10_subsample": -0.9810156557932664, "max_depth": 5.0, "num_boost_round": 3.0}, "datetime": {"datetime": "2024-01-19 01:02:29", "elapsed": 3043.791386, "delta": 0.003547}}
{"target": -17.74724224035519, "params": {"gamma": 977.3173095670297, "log10_alpha": -4.630965710183984, "log10_colsample_bytree": -0.577249790731683, "log10_eta": -0.4675410814438372, "log10_lambda": 0.9630653059666079, "log10_min_child_weight": 0.21882752163025154, "log10_subsample": -0.9810156557932664, "max_depth": 5.0, "num_boost_round": 4.0}, "datetime": {"datetime": "2024-01-19 01:02:29", "elapsed": 3043.794636, "delta": 0.00325}}
{"target": -17.78207965343295, "params": {"gamma": 977.3173095670297, "log10_alpha": -4.630965710183984, "log10_colsample_bytree": -0.577249790731683, "log10_eta": -0.4675410814438372, "log10_lambda": 0.9630653059666079, "log10_min_child_weight": 0.21882752163025154, "log10_subsample": -0.9810156557932664, "max_depth": 5.0, "num_boost_round": 5.0}, "datetime": {"datetime": "2024-01-19 01:02:29", "elapsed": 3043.797915, "delta": 0.003279}}
{"target": -17.805497118373417, "params": {"gamma": 977.3173095670297, "log10_alpha": -4.630965710183984, "log10_colsample_bytree": -0.577249790731683, "log10_eta": -0.4675410814438372, "log10_lambda": 0.9630653059666079, "log10_min_child_weight": 0.21882752163025154, "log10_subsample": -0.9810156557932664, "max_depth": 5.0, "num_boost_round": 6.0}, "datetime": {"datetime": "2024-01-19 01:02:29", "elapsed": 3043.801129, "delta": 0.003214}}
{"target": -17.94111557908381, "params": {"gamma": 977.3173095670297, "log10_alpha": -4.630965710183984, "log10_colsample_bytree": -0.577249790731683, "log10_eta": -0.4675410814438372, "log10_lambda": 0.9630653059666079, "log10_min_child_weight": 0.21882752163025154, "log10_subsample": -0.9810156557932664, "max_depth": 5.0, "num_boost_round": 7.0}, "datetime": {"datetime": "2024-01-19 01:02:30", "elapsed": 3043.80852, "delta": 0.007391}}
{"target": -17.945086725169446, "params": {"gamma": 977.3173095670297, "log10_alpha": -4.630965710183984, "log10_colsample_bytree": -0.577249790731683, "log10_eta": -0.4675410814438372, "log10_lambda": 0.9630653059666079, "log10_min_child_weight": 0.21882752163025154, "log10_subsample": -0.9810156557932664, "max_depth": 5.0, "num_boost_round": 8.0}, "datetime": {"datetime": "2024-01-19 01:02:30", "elapsed": 3043.811884, "delta": 0.003364}}
{"target": -17.954481809100276, "params": {"gamma": 977.3173095670297, "log10_alpha": -4.630965710183984, "log10_colsample_bytree": -0.577249790731683, "log10_eta": -0.4675410814438372, "log10_lambda": 0.9630653059666079, "log10_min_child_weight": 0.21882752163025154, "log10_subsample": -0.9810156557932664, "max_depth": 5.0, "num_boost_round": 9.0}, "datetime": {"datetime": "2024-01-19 01:02:30", "elapsed": 3043.815295, "delta": 0.003411}}
{"target": -17.96674882294597, "params": {"gamma": 977.3173095670297, "log10_alpha": -4.630965710183984, "log10_colsample_bytree": -0.577249790731683, "log10_eta": -0.4675410814438372, "log10_lambda": 0.9630653059666079, "log10_min_child_weight": 0.21882752163025154, "log10_subsample": -0.9810156557932664, "max_depth": 5.0, "num_boost_round": 10.0}, "datetime": {"datetime": "2024-01-19 01:02:30", "elapsed": 3043.818658, "delta": 0.003363}}
{"target": -17.9751745511186, "params": {"gamma": 977.3173095670297, "log10_alpha": -4.630965710183984, "log10_colsample_bytree": -0.577249790731683, "log10_eta": -0.4675410814438372, "log10_lambda": 0.9630653059666079, "log10_min_child_weight": 0.21882752163025154, "log10_subsample": -0.9810156557932664, "max_depth": 5.0, "num_boost_round": 11.0}, "datetime": {"datetime": "2024-01-19 01:02:30", "elapsed": 3043.821946, "delta": 0.003288}}
{"target": -17.99613346690003, "params": {"gamma": 977.3173095670297, "log10_alpha": -4.630965710183984, "log10_colsample_bytree": -0.577249790731683, "log10_eta": -0.4675410814438372, "log10_lambda": 0.9630653059666079, "log10_min_child_weight": 0.21882752163025154, "log10_subsample": -0.9810156557932664, "max_depth": 5.0, "num_boost_round": 12.0}, "datetime": {"datetime": "2024-01-19 01:02:30", "elapsed": 3043.825197, "delta": 0.003251}}
{"target": -18.00406341172716, "params": {"gamma": 977.3173095670297, "log10_alpha": -4.630965710183984, "log10_colsample_bytree": -0.577249790731683, "log10_eta": -0.4675410814438372, "log10_lambda": 0.9630653059666079, "log10_min_child_weight": 0.21882752163025154, "log10_subsample": -0.9810156557932664, "max_depth": 5.0, "num_boost_round": 13.0}, "datetime": {"datetime": "2024-01-19 01:02:30", "elapsed": 3043.828472, "delta": 0.003275}}
{"target": -18.026420602465812, "params": {"gamma": 977.3173095670297, "log10_alpha": -4.630965710183984, "log10_colsample_bytree": -0.577249790731683, "log10_eta": -0.4675410814438372, "log10_lambda": 0.9630653059666079, "log10_min_child_weight": 0.21882752163025154, "log10_subsample": -0.9810156557932664, "max_depth": 5.0, "num_boost_round": 14.0}, "datetime": {"datetime": "2024-01-19 01:02:30", "elapsed": 3043.831834, "delta": 0.003362}}
{"target": -18.039618506478618, "params": {"gamma": 977.3173095670297, "log10_alpha": -4.630965710183984, "log10_colsample_bytree": -0.577249790731683, "log10_eta": -0.4675410814438372, "log10_lambda": 0.9630653059666079, "log10_min_child_weight": 0.21882752163025154, "log10_subsample": -0.9810156557932664, "max_depth": 5.0, "num_boost_round": 15.0}, "datetime": {"datetime": "2024-01-19 01:02:30", "elapsed": 3043.835259, "delta": 0.003425}}
{"target": -18.05052592037378, "params": {"gamma": 977.3173095670297, "log10_alpha": -4.630965710183984, "log10_colsample_bytree": -0.577249790731683, "log10_eta": -0.4675410814438372, "log10_lambda": 0.9630653059666079, "log10_min_child_weight": 0.21882752163025154, "log10_subsample": -0.9810156557932664, "max_depth": 5.0, "num_boost_round": 16.0}, "datetime": {"datetime": "2024-01-19 01:02:30", "elapsed": 3043.838658, "delta": 0.003399}}
{"target": -18.14936071511297, "params": {"gamma": 977.3173095670297, "log10_alpha": -4.630965710183984, "log10_colsample_bytree": -0.577249790731683, "log10_eta": -0.4675410814438372, "log10_lambda": 0.9630653059666079, "log10_min_child_weight": 0.21882752163025154, "log10_subsample": -0.9810156557932664, "max_depth": 5.0, "num_boost_round": 17.0}, "datetime": {"datetime": "2024-01-19 01:02:30", "elapsed": 3043.842011, "delta": 0.003353}}
{"target": -18.160303363533167, "params": {"gamma": 977.3173095670297, "log10_alpha": -4.630965710183984, "log10_colsample_bytree": -0.577249790731683, "log10_eta": -0.4675410814438372, "log10_lambda": 0.9630653059666079, "log10_min_child_weight": 0.21882752163025154, "log10_subsample": -0.9810156557932664, "max_depth": 5.0, "num_boost_round": 18.0}, "datetime": {"datetime": "2024-01-19 01:02:30", "elapsed": 3043.845288, "delta": 0.003277}}
{"target": -18.1633425242464, "params": {"gamma": 977.3173095670297, "log10_alpha": -4.630965710183984, "log10_colsample_bytree": -0.577249790731683, "log10_eta": -0.4675410814438372, "log10_lambda": 0.9630653059666079, "log10_min_child_weight": 0.21882752163025154, "log10_subsample": -0.9810156557932664, "max_depth": 5.0, "num_boost_round": 19.0}, "datetime": {"datetime": "2024-01-19 01:02:30", "elapsed": 3043.84863, "delta": 0.003342}}
{"target": -18.1780703937918, "params": {"gamma": 977.3173095670297, "log10_alpha": -4.630965710183984, "log10_colsample_bytree": -0.577249790731683, "log10_eta": -0.4675410814438372, "log10_lambda": 0.9630653059666079, "log10_min_child_weight": 0.21882752163025154, "log10_subsample": -0.9810156557932664, "max_depth": 5.0, "num_boost_round": 20.0}, "datetime": {"datetime": "2024-01-19 01:02:30", "elapsed": 3043.85189, "delta": 0.00326}}
{"target": -18.182930947362976, "params": {"gamma": 977.3173095670297, "log10_alpha": -4.630965710183984, "log10_colsample_bytree": -0.577249790731683, "log10_eta": -0.4675410814438372, "log10_lambda": 0.9630653059666079, "log10_min_child_weight": 0.21882752163025154, "log10_subsample": -0.9810156557932664, "max_depth": 5.0, "num_boost_round": 21.0}, "datetime": {"datetime": "2024-01-19 01:02:30", "elapsed": 3043.855239, "delta": 0.003349}}
{"target": -17.67722203928551, "params": {"gamma": 986.5532492229995, "log10_alpha": -4.675443715798417, "log10_colsample_bytree": -0.25494364593419805, "log10_eta": -3.5207356311656945, "log10_lambda": 0.35897355542317655, "log10_min_child_weight": 3.568707694406041, "log10_subsample": -0.7109501355069499, "max_depth": 5.0, "num_boost_round": 0.0}, "datetime": {"datetime": "2024-01-19 01:02:57", "elapsed": 3071.462015, "delta": 27.606776}}
{"target": -17.67721234339912, "params": {"gamma": 986.5532492229995, "log10_alpha": -4.675443715798417, "log10_colsample_bytree": -0.25494364593419805, "log10_eta": -3.5207356311656945, "log10_lambda": 0.35897355542317655, "log10_min_child_weight": 3.568707694406041, "log10_subsample": -0.7109501355069499, "max_depth": 5.0, "num_boost_round": 1.0}, "datetime": {"datetime": "2024-01-19 01:02:57", "elapsed": 3071.46672, "delta": 0.004705}}
{"target": -17.677202634861093, "params": {"gamma": 986.5532492229995, "log10_alpha": -4.675443715798417, "log10_colsample_bytree": -0.25494364593419805, "log10_eta": -3.5207356311656945, "log10_lambda": 0.35897355542317655, "log10_min_child_weight": 3.568707694406041, "log10_subsample": -0.7109501355069499, "max_depth": 5.0, "num_boost_round": 2.0}, "datetime": {"datetime": "2024-01-19 01:02:57", "elapsed": 3071.470085, "delta": 0.003365}}
{"target": -17.677204377536494, "params": {"gamma": 986.5532492229995, "log10_alpha": -4.675443715798417, "log10_colsample_bytree": -0.25494364593419805, "log10_eta": -3.5207356311656945, "log10_lambda": 0.35897355542317655, "log10_min_child_weight": 3.568707694406041, "log10_subsample": -0.7109501355069499, "max_depth": 5.0, "num_boost_round": 3.0}, "datetime": {"datetime": "2024-01-19 01:02:57", "elapsed": 3071.473616, "delta": 0.003531}}
{"target": -17.677200143617895, "params": {"gamma": 986.5532492229995, "log10_alpha": -4.675443715798417, "log10_colsample_bytree": -0.25494364593419805, "log10_eta": -3.5207356311656945, "log10_lambda": 0.35897355542317655, "log10_min_child_weight": 3.568707694406041, "log10_subsample": -0.7109501355069499, "max_depth": 5.0, "num_boost_round": 4.0}, "datetime": {"datetime": "2024-01-19 01:02:57", "elapsed": 3071.476935, "delta": 0.003319}}
{"target": -17.677213047777265, "params": {"gamma": 986.5532492229995, "log10_alpha": -4.675443715798417, "log10_colsample_bytree": -0.25494364593419805, "log10_eta": -3.5207356311656945, "log10_lambda": 0.35897355542317655, "log10_min_child_weight": 3.568707694406041, "log10_subsample": -0.7109501355069499, "max_depth": 5.0, "num_boost_round": 5.0}, "datetime": {"datetime": "2024-01-19 01:02:57", "elapsed": 3071.480264, "delta": 0.003329}}
{"target": -17.677201406328557, "params": {"gamma": 986.5532492229995, "log10_alpha": -4.675443715798417, "log10_colsample_bytree": -0.25494364593419805, "log10_eta": -3.5207356311656945, "log10_lambda": 0.35897355542317655, "log10_min_child_weight": 3.568707694406041, "log10_subsample": -0.7109501355069499, "max_depth": 5.0, "num_boost_round": 6.0}, "datetime": {"datetime": "2024-01-19 01:02:57", "elapsed": 3071.483577, "delta": 0.003313}}
{"target": -17.677191837928554, "params": {"gamma": 986.5532492229995, "log10_alpha": -4.675443715798417, "log10_colsample_bytree": -0.25494364593419805, "log10_eta": -3.5207356311656945, "log10_lambda": 0.35897355542317655, "log10_min_child_weight": 3.568707694406041, "log10_subsample": -0.7109501355069499, "max_depth": 5.0, "num_boost_round": 7.0}, "datetime": {"datetime": "2024-01-19 01:02:57", "elapsed": 3071.486851, "delta": 0.003274}}
{"target": -17.67719055216952, "params": {"gamma": 986.5532492229995, "log10_alpha": -4.675443715798417, "log10_colsample_bytree": -0.25494364593419805, "log10_eta": -3.5207356311656945, "log10_lambda": 0.35897355542317655, "log10_min_child_weight": 3.568707694406041, "log10_subsample": -0.7109501355069499, "max_depth": 5.0, "num_boost_round": 8.0}, "datetime": {"datetime": "2024-01-19 01:02:57", "elapsed": 3071.490173, "delta": 0.003322}}
{"target": -17.67718554348953, "params": {"gamma": 986.5532492229995, "log10_alpha": -4.675443715798417, "log10_colsample_bytree": -0.25494364593419805, "log10_eta": -3.5207356311656945, "log10_lambda": 0.35897355542317655, "log10_min_child_weight": 3.568707694406041, "log10_subsample": -0.7109501355069499, "max_depth": 5.0, "num_boost_round": 9.0}, "datetime": {"datetime": "2024-01-19 01:02:57", "elapsed": 3071.493576, "delta": 0.003403}}
{"target": -17.67717750298316, "params": {"gamma": 986.5532492229995, "log10_alpha": -4.675443715798417, "log10_colsample_bytree": -0.25494364593419805, "log10_eta": -3.5207356311656945, "log10_lambda": 0.35897355542317655, "log10_min_child_weight": 3.568707694406041, "log10_subsample": -0.7109501355069499, "max_depth": 5.0, "num_boost_round": 10.0}, "datetime": {"datetime": "2024-01-19 01:02:57", "elapsed": 3071.496805, "delta": 0.003229}}
{"target": -17.677164913768074, "params": {"gamma": 986.5532492229995, "log10_alpha": -4.675443715798417, "log10_colsample_bytree": -0.25494364593419805, "log10_eta": -3.5207356311656945, "log10_lambda": 0.35897355542317655, "log10_min_child_weight": 3.568707694406041, "log10_subsample": -0.7109501355069499, "max_depth": 5.0, "num_boost_round": 11.0}, "datetime": {"datetime": "2024-01-19 01:02:57", "elapsed": 3071.500072, "delta": 0.003267}}
{"target": -17.677231533667673, "params": {"gamma": 966.0320830423427, "log10_alpha": -0.8727643432301173, "log10_colsample_bytree": -0.4662839174222523, "log10_eta": -3.762553961857019, "log10_lambda": 0.21190042031685863, "log10_min_child_weight": 4.674236022000157, "log10_subsample": -0.4138135075281103, "max_depth": 9.0, "num_boost_round": 0.0}, "datetime": {"datetime": "2024-01-19 01:03:35", "elapsed": 3109.252835, "delta": 37.752763}}
{"target": -17.677230400134363, "params": {"gamma": 966.0320830423427, "log10_alpha": -0.8727643432301173, "log10_colsample_bytree": -0.4662839174222523, "log10_eta": -3.762553961857019, "log10_lambda": 0.21190042031685863, "log10_min_child_weight": 4.674236022000157, "log10_subsample": -0.4138135075281103, "max_depth": 9.0, "num_boost_round": 1.0}, "datetime": {"datetime": "2024-01-19 01:03:35", "elapsed": 3109.256954, "delta": 0.004119}}
{"target": -17.677229665905532, "params": {"gamma": 966.0320830423427, "log10_alpha": -0.8727643432301173, "log10_colsample_bytree": -0.4662839174222523, "log10_eta": -3.762553961857019, "log10_lambda": 0.21190042031685863, "log10_min_child_weight": 4.674236022000157, "log10_subsample": -0.4138135075281103, "max_depth": 9.0, "num_boost_round": 2.0}, "datetime": {"datetime": "2024-01-19 01:03:35", "elapsed": 3109.260437, "delta": 0.003483}}
{"target": -17.67722869321647, "params": {"gamma": 966.0320830423427, "log10_alpha": -0.8727643432301173, "log10_colsample_bytree": -0.4662839174222523, "log10_eta": -3.762553961857019, "log10_lambda": 0.21190042031685863, "log10_min_child_weight": 4.674236022000157, "log10_subsample": -0.4138135075281103, "max_depth": 9.0, "num_boost_round": 3.0}, "datetime": {"datetime": "2024-01-19 01:03:35", "elapsed": 3109.263887, "delta": 0.00345}}
{"target": -17.67722702267502, "params": {"gamma": 966.0320830423427, "log10_alpha": -0.8727643432301173, "log10_colsample_bytree": -0.4662839174222523, "log10_eta": -3.762553961857019, "log10_lambda": 0.21190042031685863, "log10_min_child_weight": 4.674236022000157, "log10_subsample": -0.4138135075281103, "max_depth": 9.0, "num_boost_round": 4.0}, "datetime": {"datetime": "2024-01-19 01:03:35", "elapsed": 3109.267318, "delta": 0.003431}}
{"target": -17.677225341978996, "params": {"gamma": 966.0320830423427, "log10_alpha": -0.8727643432301173, "log10_colsample_bytree": -0.4662839174222523, "log10_eta": -3.762553961857019, "log10_lambda": 0.21190042031685863, "log10_min_child_weight": 4.674236022000157, "log10_subsample": -0.4138135075281103, "max_depth": 9.0, "num_boost_round": 5.0}, "datetime": {"datetime": "2024-01-19 01:03:35", "elapsed": 3109.270827, "delta": 0.003509}}
{"target": -17.677225072404102, "params": {"gamma": 966.0320830423427, "log10_alpha": -0.8727643432301173, "log10_colsample_bytree": -0.4662839174222523, "log10_eta": -3.762553961857019, "log10_lambda": 0.21190042031685863, "log10_min_child_weight": 4.674236022000157, "log10_subsample": -0.4138135075281103, "max_depth": 9.0, "num_boost_round": 6.0}, "datetime": {"datetime": "2024-01-19 01:03:35", "elapsed": 3109.274171, "delta": 0.003344}}
{"target": -17.67722648586467, "params": {"gamma": 966.0320830423427, "log10_alpha": -0.8727643432301173, "log10_colsample_bytree": -0.4662839174222523, "log10_eta": -3.762553961857019, "log10_lambda": 0.21190042031685863, "log10_min_child_weight": 4.674236022000157, "log10_subsample": -0.4138135075281103, "max_depth": 9.0, "num_boost_round": 7.0}, "datetime": {"datetime": "2024-01-19 01:03:35", "elapsed": 3109.277437, "delta": 0.003266}}
{"target": -17.677223530941937, "params": {"gamma": 966.0320830423427, "log10_alpha": -0.8727643432301173, "log10_colsample_bytree": -0.4662839174222523, "log10_eta": -3.762553961857019, "log10_lambda": 0.21190042031685863, "log10_min_child_weight": 4.674236022000157, "log10_subsample": -0.4138135075281103, "max_depth": 9.0, "num_boost_round": 8.0}, "datetime": {"datetime": "2024-01-19 01:03:35", "elapsed": 3109.280767, "delta": 0.00333}}
{"target": -17.677221596621983, "params": {"gamma": 966.0320830423427, "log10_alpha": -0.8727643432301173, "log10_colsample_bytree": -0.4662839174222523, "log10_eta": -3.762553961857019, "log10_lambda": 0.21190042031685863, "log10_min_child_weight": 4.674236022000157, "log10_subsample": -0.4138135075281103, "max_depth": 9.0, "num_boost_round": 9.0}, "datetime": {"datetime": "2024-01-19 01:03:35", "elapsed": 3109.284087, "delta": 0.00332}}
{"target": -17.677220988792737, "params": {"gamma": 966.0320830423427, "log10_alpha": -0.8727643432301173, "log10_colsample_bytree": -0.4662839174222523, "log10_eta": -3.762553961857019, "log10_lambda": 0.21190042031685863, "log10_min_child_weight": 4.674236022000157, "log10_subsample": -0.4138135075281103, "max_depth": 9.0, "num_boost_round": 10.0}, "datetime": {"datetime": "2024-01-19 01:03:35", "elapsed": 3109.287388, "delta": 0.003301}}
{"target": -17.677218168324565, "params": {"gamma": 966.0320830423427, "log10_alpha": -0.8727643432301173, "log10_colsample_bytree": -0.4662839174222523, "log10_eta": -3.762553961857019, "log10_lambda": 0.21190042031685863, "log10_min_child_weight": 4.674236022000157, "log10_subsample": -0.4138135075281103, "max_depth": 9.0, "num_boost_round": 11.0}, "datetime": {"datetime": "2024-01-19 01:03:35", "elapsed": 3109.290846, "delta": 0.003458}}
{"target": -17.67721861803862, "params": {"gamma": 966.0320830423427, "log10_alpha": -0.8727643432301173, "log10_colsample_bytree": -0.4662839174222523, "log10_eta": -3.762553961857019, "log10_lambda": 0.21190042031685863, "log10_min_child_weight": 4.674236022000157, "log10_subsample": -0.4138135075281103, "max_depth": 9.0, "num_boost_round": 12.0}, "datetime": {"datetime": "2024-01-19 01:03:35", "elapsed": 3109.294251, "delta": 0.003405}}
{"target": -17.67721647377997, "params": {"gamma": 966.0320830423427, "log10_alpha": -0.8727643432301173, "log10_colsample_bytree": -0.4662839174222523, "log10_eta": -3.762553961857019, "log10_lambda": 0.21190042031685863, "log10_min_child_weight": 4.674236022000157, "log10_subsample": -0.4138135075281103, "max_depth": 9.0, "num_boost_round": 13.0}, "datetime": {"datetime": "2024-01-19 01:03:35", "elapsed": 3109.297591, "delta": 0.00334}}
{"target": -17.67721631580635, "params": {"gamma": 966.0320830423427, "log10_alpha": -0.8727643432301173, "log10_colsample_bytree": -0.4662839174222523, "log10_eta": -3.762553961857019, "log10_lambda": 0.21190042031685863, "log10_min_child_weight": 4.674236022000157, "log10_subsample": -0.4138135075281103, "max_depth": 9.0, "num_boost_round": 14.0}, "datetime": {"datetime": "2024-01-19 01:03:35", "elapsed": 3109.30095, "delta": 0.003359}}
