{"target": -13.758419151562554, "params": {"gamma": 55.24740552022212, "log10_alpha": -3.174191182275007, "log10_colsample_bytree": -0.05370627529335037, "log10_eta": -2.7604022380381346, "log10_lambda": -0.9841177996250963, "log10_min_child_weight": 3.6816480279583477, "log10_subsample": -0.03693176277699062, "max_depth": 6.0, "num_boost_round": 4.0}, "datetime": {"datetime": "2024-01-19 01:14:19", "elapsed": 3767.678475, "delta": 0.003686}}
{"target": -13.75841795144012, "params": {"gamma": 55.24740552022212, "log10_alpha": -3.174191182275007, "log10_colsample_bytree": -0.05370627529335037, "log10_eta": -2.7604022380381346, "log10_lambda": -0.9841177996250963, "log10_min_child_weight": 3.6816480279583477, "log10_subsample": -0.03693176277699062, "max_depth": 6.0, "num_boost_round": 5.0}, "datetime": {"datetime": "2024-01-19 01:14:19", "elapsed": 3767.682126, "delta": 0.003651}}
{"target": -13.758402548755186, "params": {"gamma": 55.24740552022212, "log10_alpha": -3.174191182275007, "log10_colsample_bytree": -0.05370627529335037, "log10_eta": -2.7604022380381346, "log10_lambda": -0.9841177996250963, "log10_min_child_weight": 3.6816480279583477, "log10_subsample": -0.03693176277699062, "max_depth": 6.0, "num_boost_round": 6.0}, "datetime": {"datetime": "2024-01-19 01:14:19", "elapsed": 3767.68576, "delta": 0.003634}}
{"target": -13.758407411930087, "params": {"gamma": 55.24740552022212, "log10_alpha": -3.174191182275007, "log10_colsample_bytree": -0.05370627529335037, "log10_eta": -2.7604022380381346, "log10_lambda": -0.9841177996250963, "log10_min_child_weight": 3.6816480279583477, "log10_subsample": -0.03693176277699062, "max_depth": 6.0, "num_boost_round": 7.0}, "datetime": {"datetime": "2024-01-19 01:14:19", "elapsed": 3767.689685, "delta": 0.003925}}
{"target": -13.75839884956342, "params": {"gamma": 55.24740552022212, "log10_alpha": -3.174191182275007, "log10_colsample_bytree": -0.05370627529335037, "log10_eta": -2.7604022380381346, "log10_lambda": -0.9841177996250963, "log10_min_child_weight": 3.6816480279583477, "log10_subsample": -0.03693176277699062, "max_depth": 6.0, "num_boost_round": 8.0}, "datetime": {"datetime": "2024-01-19 01:14:19", "elapsed": 3767.693567, "delta": 0.003882}}
{"target": -13.758379342267393, "params": {"gamma": 55.24740552022212, "log10_alpha": -3.174191182275007, "log10_colsample_bytree": -0.05370627529335037, "log10_eta": -2.7604022380381346, "log10_lambda": -0.9841177996250963, "log10_min_child_weight": 3.6816480279583477, "log10_subsample": -0.03693176277699062, "max_depth": 6.0, "num_boost_round": 9.0}, "datetime": {"datetime": "2024-01-19 01:14:19", "elapsed": 3767.697323, "delta": 0.003756}}
{"target": -13.758353459130586, "params": {"gamma": 55.24740552022212, "log10_alpha": -3.174191182275007, "log10_colsample_bytree": -0.05370627529335037, "log10_eta": -2.7604022380381346, "log10_lambda": -0.9841177996250963, "log10_min_child_weight": 3.6816480279583477, "log10_subsample": -0.03693176277699062, "max_depth": 6.0, "num_boost_round": 10.0}, "datetime": {"datetime": "2024-01-19 01:14:19", "elapsed": 3767.700924, "delta": 0.003601}}
{"target": -13.758324746992335, "params": {"gamma": 55.24740552022212, "log10_alpha": -3.174191182275007, "log10_colsample_bytree": -0.05370627529335037, "log10_eta": -2.7604022380381346, "log10_lambda": -0.9841177996250963, "log10_min_child_weight": 3.6816480279583477, "log10_subsample": -0.03693176277699062, "max_depth": 6.0, "num_boost_round": 11.0}, "datetime": {"datetime": "2024-01-19 01:14:19", "elapsed": 3767.704553, "delta": 0.003629}}
{"target": -13.758323193827133, "params": {"gamma": 55.24740552022212, "log10_alpha": -3.174191182275007, "log10_colsample_bytree": -0.05370627529335037, "log10_eta": -2.7604022380381346, "log10_lambda": -0.9841177996250963, "log10_min_child_weight": 3.6816480279583477, "log10_subsample": -0.03693176277699062, "max_depth": 6.0, "num_boost_round": 12.0}, "datetime": {"datetime": "2024-01-19 01:14:19", "elapsed": 3767.708178, "delta": 0.003625}}
{"target": -13.758318533570339, "params": {"gamma": 55.24740552022212, "log10_alpha": -3.174191182275007, "log10_colsample_bytree": -0.05370627529335037, "log10_eta": -2.7604022380381346, "log10_lambda": -0.9841177996250963, "log10_min_child_weight": 3.6816480279583477, "log10_subsample": -0.03693176277699062, "max_depth": 6.0, "num_boost_round": 13.0}, "datetime": {"datetime": "2024-01-19 01:14:19", "elapsed": 3767.712064, "delta": 0.003886}}
{"target": -13.758281493213, "params": {"gamma": 55.24740552022212, "log10_alpha": -3.174191182275007, "log10_colsample_bytree": -0.05370627529335037, "log10_eta": -2.7604022380381346, "log10_lambda": -0.9841177996250963, "log10_min_child_weight": 3.6816480279583477, "log10_subsample": -0.03693176277699062, "max_depth": 6.0, "num_boost_round": 14.0}, "datetime": {"datetime": "2024-01-19 01:14:19", "elapsed": 3767.715722, "delta": 0.003658}}
{"target": -13.758543499253339, "params": {"gamma": 36.19730309451201, "log10_alpha": -3.3361774980991448, "log10_colsample_bytree": -1.0, "log10_eta": -2.361373749902673, "log10_lambda": -5.0, "log10_min_child_weight": 5.0, "log10_subsample": 0.0, "max_depth": 7.0, "num_boost_round": 0.0}, "datetime": {"datetime": "2024-01-19 01:15:02", "elapsed": 3810.725884, "delta": 43.010162}}
{"target": -13.75851269609111, "params": {"gamma": 36.19730309451201, "log10_alpha": -3.3361774980991448, "log10_colsample_bytree": -1.0, "log10_eta": -2.361373749902673, "log10_lambda": -5.0, "log10_min_child_weight": 5.0, "log10_subsample": 0.0, "max_depth": 7.0, "num_boost_round": 1.0}, "datetime": {"datetime": "2024-01-19 01:15:02", "elapsed": 3810.730576, "delta": 0.004692}}
{"target": -13.758499885523934, "params": {"gamma": 36.19730309451201, "log10_alpha": -3.3361774980991448, "log10_colsample_bytree": -1.0, "log10_eta": -2.361373749902673, "log10_lambda": -5.0, "log10_min_child_weight": 5.0, "log10_subsample": 0.0, "max_depth": 7.0, "num_boost_round": 2.0}, "datetime": {"datetime": "2024-01-19 01:15:02", "elapsed": 3810.734338, "delta": 0.003762}}
{"target": -13.75850819816864, "params": {"gamma": 36.19730309451201, "log10_alpha": -3.3361774980991448, "log10_colsample_bytree": -1.0, "log10_eta": -2.361373749902673, "log10_lambda": -5.0, "log10_min_child_weight": 5.0, "log10_subsample": 0.0, "max_depth": 7.0, "num_boost_round": 3.0}, "datetime": {"datetime": "2024-01-19 01:15:02", "elapsed": 3810.738114, "delta": 0.003776}}
{"target": -13.75850419948708, "params": {"gamma": 36.19730309451201, "log10_alpha": -3.3361774980991448, "log10_colsample_bytree": -1.0, "log10_eta": -2.361373749902673, "log10_lambda": -5.0, "log10_min_child_weight": 5.0, "log10_subsample": 0.0, "max_depth": 7.0, "num_boost_round": 4.0}, "datetime": {"datetime": "2024-01-19 01:15:02", "elapsed": 3810.7418, "delta": 0.003686}}
{"target": -13.758499343223306, "params": {"gamma": 36.19730309451201, "log10_alpha": -3.3361774980991448, "log10_colsample_bytree": -1.0, "log10_eta": -2.361373749902673, "log10_lambda": -5.0, "log10_min_child_weight": 5.0, "log10_subsample": 0.0, "max_depth": 7.0, "num_boost_round": 5.0}, "datetime": {"datetime": "2024-01-19 01:15:02", "elapsed": 3810.745473, "delta": 0.003673}}
{"target": -13.75848517095394, "params": {"gamma": 36.19730309451201, "log10_alpha": -3.3361774980991448, "log10_colsample_bytree": -1.0, "log10_eta": -2.361373749902673, "log10_lambda": -5.0, "log10_min_child_weight": 5.0, "log10_subsample": 0.0, "max_depth": 7.0, "num_boost_round": 6.0}, "datetime": {"datetime": "2024-01-19 01:15:02", "elapsed": 3810.749463, "delta": 0.00399}}
{"target": -13.758447950364367, "params": {"gamma": 36.19730309451201, "log10_alpha": -3.3361774980991448, "log10_colsample_bytree": -1.0, "log10_eta": -2.361373749902673, "log10_lambda": -5.0, "log10_min_child_weight": 5.0, "log10_subsample": 0.0, "max_depth": 7.0, "num_boost_round": 7.0}, "datetime": {"datetime": "2024-01-19 01:15:02", "elapsed": 3810.753157, "delta": 0.003694}}
{"target": -13.758450639196353, "params": {"gamma": 36.19730309451201, "log10_alpha": -3.3361774980991448, "log10_colsample_bytree": -1.0, "log10_eta": -2.361373749902673, "log10_lambda": -5.0, "log10_min_child_weight": 5.0, "log10_subsample": 0.0, "max_depth": 7.0, "num_boost_round": 8.0}, "datetime": {"datetime": "2024-01-19 01:15:02", "elapsed": 3810.756877, "delta": 0.00372}}
{"target": -13.758450977553954, "params": {"gamma": 36.19730309451201, "log10_alpha": -3.3361774980991448, "log10_colsample_bytree": -1.0, "log10_eta": -2.361373749902673, "log10_lambda": -5.0, "log10_min_child_weight": 5.0, "log10_subsample": 0.0, "max_depth": 7.0, "num_boost_round": 9.0}, "datetime": {"datetime": "2024-01-19 01:15:02", "elapsed": 3810.760567, "delta": 0.00369}}
{"target": -13.758455019002438, "params": {"gamma": 36.19730309451201, "log10_alpha": -3.3361774980991448, "log10_colsample_bytree": -1.0, "log10_eta": -2.361373749902673, "log10_lambda": -5.0, "log10_min_child_weight": 5.0, "log10_subsample": 0.0, "max_depth": 7.0, "num_boost_round": 10.0}, "datetime": {"datetime": "2024-01-19 01:15:02", "elapsed": 3810.764281, "delta": 0.003714}}
{"target": -13.758466870776271, "params": {"gamma": 36.19730309451201, "log10_alpha": -3.3361774980991448, "log10_colsample_bytree": -1.0, "log10_eta": -2.361373749902673, "log10_lambda": -5.0, "log10_min_child_weight": 5.0, "log10_subsample": 0.0, "max_depth": 7.0, "num_boost_round": 11.0}, "datetime": {"datetime": "2024-01-19 01:15:02", "elapsed": 3810.767979, "delta": 0.003698}}
{"target": -13.758445603828525, "params": {"gamma": 36.19730309451201, "log10_alpha": -3.3361774980991448, "log10_colsample_bytree": -1.0, "log10_eta": -2.361373749902673, "log10_lambda": -5.0, "log10_min_child_weight": 5.0, "log10_subsample": 0.0, "max_depth": 7.0, "num_boost_round": 12.0}, "datetime": {"datetime": "2024-01-19 01:15:02", "elapsed": 3810.77173, "delta": 0.003751}}
{"target": -13.758406425468193, "params": {"gamma": 36.19730309451201, "log10_alpha": -3.3361774980991448, "log10_colsample_bytree": -1.0, "log10_eta": -2.361373749902673, "log10_lambda": -5.0, "log10_min_child_weight": 5.0, "log10_subsample": 0.0, "max_depth": 7.0, "num_boost_round": 13.0}, "datetime": {"datetime": "2024-01-19 01:15:02", "elapsed": 3810.775589, "delta": 0.003859}}
{"target": -13.75839531464553, "params": {"gamma": 36.19730309451201, "log10_alpha": -3.3361774980991448, "log10_colsample_bytree": -1.0, "log10_eta": -2.361373749902673, "log10_lambda": -5.0, "log10_min_child_weight": 5.0, "log10_subsample": 0.0, "max_depth": 7.0, "num_boost_round": 14.0}, "datetime": {"datetime": "2024-01-19 01:15:02", "elapsed": 3810.779268, "delta": 0.003679}}
{"target": -13.758476801048676, "params": {"gamma": 54.41366208732645, "log10_alpha": -4.27035981126911, "log10_colsample_bytree": -0.20598097976422014, "log10_eta": -2.198934202352835, "log10_lambda": -2.861522915876329, "log10_min_child_weight": 1.6501828441546436, "log10_subsample": -0.7667885220504596, "max_depth": 2.0, "num_boost_round": 0.0}, "datetime": {"datetime": "2024-01-19 01:15:50", "elapsed": 3858.283268, "delta": 47.504}}
{"target": -13.758425945107263, "params": {"gamma": 54.41366208732645, "log10_alpha": -4.27035981126911, "log10_colsample_bytree": -0.20598097976422014, "log10_eta": -2.198934202352835, "log10_lambda": -2.861522915876329, "log10_min_child_weight": 1.6501828441546436, "log10_subsample": -0.7667885220504596, "max_depth": 2.0, "num_boost_round": 1.0}, "datetime": {"datetime": "2024-01-19 01:15:50", "elapsed": 3858.288418, "delta": 0.00515}}
{"target": -13.758174352159969, "params": {"gamma": 54.41366208732645, "log10_alpha": -4.27035981126911, "log10_colsample_bytree": -0.20598097976422014, "log10_eta": -2.198934202352835, "log10_lambda": -2.861522915876329, "log10_min_child_weight": 1.6501828441546436, "log10_subsample": -0.7667885220504596, "max_depth": 2.0, "num_boost_round": 2.0}, "datetime": {"datetime": "2024-01-19 01:15:50", "elapsed": 3858.292536, "delta": 0.004118}}
{"target": -13.758123361133318, "params": {"gamma": 54.41366208732645, "log10_alpha": -4.27035981126911, "log10_colsample_bytree": -0.20598097976422014, "log10_eta": -2.198934202352835, "log10_lambda": -2.861522915876329, "log10_min_child_weight": 1.6501828441546436, "log10_subsample": -0.7667885220504596, "max_depth": 2.0, "num_boost_round": 3.0}, "datetime": {"datetime": "2024-01-19 01:15:50", "elapsed": 3858.296322, "delta": 0.003786}}
{"target": -13.758029553920068, "params": {"gamma": 54.41366208732645, "log10_alpha": -4.27035981126911, "log10_colsample_bytree": -0.20598097976422014, "log10_eta": -2.198934202352835, "log10_lambda": -2.861522915876329, "log10_min_child_weight": 1.6501828441546436, "log10_subsample": -0.7667885220504596, "max_depth": 2.0, "num_boost_round": 4.0}, "datetime": {"datetime": "2024-01-19 01:15:50", "elapsed": 3858.30005, "delta": 0.003728}}
{"target": -13.757949016835358, "params": {"gamma": 54.41366208732645, "log10_alpha": -4.27035981126911, "log10_colsample_bytree": -0.20598097976422014, "log10_eta": -2.198934202352835, "log10_lambda": -2.861522915876329, "log10_min_child_weight": 1.6501828441546436, "log10_subsample": -0.7667885220504596, "max_depth": 2.0, "num_boost_round": 5.0}, "datetime": {"datetime": "2024-01-19 01:15:50", "elapsed": 3858.303837, "delta": 0.003787}}
{"target": -13.75794893564272, "params": {"gamma": 54.41366208732645, "log10_alpha": -4.27035981126911, "log10_colsample_bytree": -0.20598097976422014, "log10_eta": -2.198934202352835, "log10_lambda": -2.861522915876329, "log10_min_child_weight": 1.6501828441546436, "log10_subsample": -0.7667885220504596, "max_depth": 2.0, "num_boost_round": 6.0}, "datetime": {"datetime": "2024-01-19 01:15:50", "elapsed": 3858.307668, "delta": 0.003831}}
{"target": -13.757969785668884, "params": {"gamma": 54.41366208732645, "log10_alpha": -4.27035981126911, "log10_colsample_bytree": -0.20598097976422014, "log10_eta": -2.198934202352835, "log10_lambda": -2.861522915876329, "log10_min_child_weight": 1.6501828441546436, "log10_subsample": -0.7667885220504596, "max_depth": 2.0, "num_boost_round": 7.0}, "datetime": {"datetime": "2024-01-19 01:15:50", "elapsed": 3858.311351, "delta": 0.003683}}
{"target": -13.757957351240861, "params": {"gamma": 54.41366208732645, "log10_alpha": -4.27035981126911, "log10_colsample_bytree": -0.20598097976422014, "log10_eta": -2.198934202352835, "log10_lambda": -2.861522915876329, "log10_min_child_weight": 1.6501828441546436, "log10_subsample": -0.7667885220504596, "max_depth": 2.0, "num_boost_round": 8.0}, "datetime": {"datetime": "2024-01-19 01:15:50", "elapsed": 3858.315033, "delta": 0.003682}}
{"target": -13.758031072350565, "params": {"gamma": 54.41366208732645, "log10_alpha": -4.27035981126911, "log10_colsample_bytree": -0.20598097976422014, "log10_eta": -2.198934202352835, "log10_lambda": -2.861522915876329, "log10_min_child_weight": 1.6501828441546436, "log10_subsample": -0.7667885220504596, "max_depth": 2.0, "num_boost_round": 9.0}, "datetime": {"datetime": "2024-01-19 01:15:50", "elapsed": 3858.318691, "delta": 0.003658}}
{"target": -13.757998269187938, "params": {"gamma": 54.41366208732645, "log10_alpha": -4.27035981126911, "log10_colsample_bytree": -0.20598097976422014, "log10_eta": -2.198934202352835, "log10_lambda": -2.861522915876329, "log10_min_child_weight": 1.6501828441546436, "log10_subsample": -0.7667885220504596, "max_depth": 2.0, "num_boost_round": 10.0}, "datetime": {"datetime": "2024-01-19 01:15:50", "elapsed": 3858.322369, "delta": 0.003678}}
{"target": -13.757924620900276, "params": {"gamma": 54.41366208732645, "log10_alpha": -4.27035981126911, "log10_colsample_bytree": -0.20598097976422014, "log10_eta": -2.198934202352835, "log10_lambda": -2.861522915876329, "log10_min_child_weight": 1.6501828441546436, "log10_subsample": -0.7667885220504596, "max_depth": 2.0, "num_boost_round": 11.0}, "datetime": {"datetime": "2024-01-19 01:15:50", "elapsed": 3858.326167, "delta": 0.003798}}
{"target": -13.757924135264384, "params": {"gamma": 54.41366208732645, "log10_alpha": -4.27035981126911, "log10_colsample_bytree": -0.20598097976422014, "log10_eta": -2.198934202352835, "log10_lambda": -2.861522915876329, "log10_min_child_weight": 1.6501828441546436, "log10_subsample": -0.7667885220504596, "max_depth": 2.0, "num_boost_round": 12.0}, "datetime": {"datetime": "2024-01-19 01:15:50", "elapsed": 3858.329866, "delta": 0.003699}}
{"target": -13.757910635181105, "params": {"gamma": 54.41366208732645, "log10_alpha": -4.27035981126911, "log10_colsample_bytree": -0.20598097976422014, "log10_eta": -2.198934202352835, "log10_lambda": -2.861522915876329, "log10_min_child_weight": 1.6501828441546436, "log10_subsample": -0.7667885220504596, "max_depth": 2.0, "num_boost_round": 13.0}, "datetime": {"datetime": "2024-01-19 01:15:50", "elapsed": 3858.333554, "delta": 0.003688}}
{"target": -13.757913196768758, "params": {"gamma": 54.41366208732645, "log10_alpha": -4.27035981126911, "log10_colsample_bytree": -0.20598097976422014, "log10_eta": -2.198934202352835, "log10_lambda": -2.861522915876329, "log10_min_child_weight": 1.6501828441546436, "log10_subsample": -0.7667885220504596, "max_depth": 2.0, "num_boost_round": 14.0}, "datetime": {"datetime": "2024-01-19 01:15:50", "elapsed": 3858.337259, "delta": 0.003705}}
{"target": -13.757684005083028, "params": {"gamma": 54.41366208732645, "log10_alpha": -4.27035981126911, "log10_colsample_bytree": -0.20598097976422014, "log10_eta": -2.198934202352835, "log10_lambda": -2.861522915876329, "log10_min_child_weight": 1.6501828441546436, "log10_subsample": -0.7667885220504596, "max_depth": 2.0, "num_boost_round": 15.0}, "datetime": {"datetime": "2024-01-19 01:15:50", "elapsed": 3858.340978, "delta": 0.003719}}
{"target": -13.757580631922721, "params": {"gamma": 54.41366208732645, "log10_alpha": -4.27035981126911, "log10_colsample_bytree": -0.20598097976422014, "log10_eta": -2.198934202352835, "log10_lambda": -2.861522915876329, "log10_min_child_weight": 1.6501828441546436, "log10_subsample": -0.7667885220504596, "max_depth": 2.0, "num_boost_round": 16.0}, "datetime": {"datetime": "2024-01-19 01:15:50", "elapsed": 3858.344696, "delta": 0.003718}}
{"target": -13.757579582332939, "params": {"gamma": 54.41366208732645, "log10_alpha": -4.27035981126911, "log10_colsample_bytree": -0.20598097976422014, "log10_eta": -2.198934202352835, "log10_lambda": -2.861522915876329, "log10_min_child_weight": 1.6501828441546436, "log10_subsample": -0.7667885220504596, "max_depth": 2.0, "num_boost_round": 17.0}, "datetime": {"datetime": "2024-01-19 01:15:50", "elapsed": 3858.348415, "delta": 0.003719}}
{"target": -13.757594329185405, "params": {"gamma": 54.41366208732645, "log10_alpha": -4.27035981126911, "log10_colsample_bytree": -0.20598097976422014, "log10_eta": -2.198934202352835, "log10_lambda": -2.861522915876329, "log10_min_child_weight": 1.6501828441546436, "log10_subsample": -0.7667885220504596, "max_depth": 2.0, "num_boost_round": 18.0}, "datetime": {"datetime": "2024-01-19 01:15:50", "elapsed": 3858.352184, "delta": 0.003769}}
{"target": -13.757604466816078, "params": {"gamma": 54.41366208732645, "log10_alpha": -4.27035981126911, "log10_colsample_bytree": -0.20598097976422014, "log10_eta": -2.198934202352835, "log10_lambda": -2.861522915876329, "log10_min_child_weight": 1.6501828441546436, "log10_subsample": -0.7667885220504596, "max_depth": 2.0, "num_boost_round": 19.0}, "datetime": {"datetime": "2024-01-19 01:15:50", "elapsed": 3858.355942, "delta": 0.003758}}
{"target": -13.7570109656027, "params": {"gamma": 38.47963851162828, "log10_alpha": -1.8791576789844493, "log10_colsample_bytree": -0.9122579915604585, "log10_eta": -1.4370002746538137, "log10_lambda": -3.4328375063230974, "log10_min_child_weight": 1.70242912803038, "log10_subsample": -0.8548888062882045, "max_depth": 9.0, "num_boost_round": 0.0}, "datetime": {"datetime": "2024-01-19 01:16:34", "elapsed": 3902.840942, "delta": 44.485}}
{"target": -13.757054288892045, "params": {"gamma": 38.47963851162828, "log10_alpha": -1.8791576789844493, "log10_colsample_bytree": -0.9122579915604585, "log10_eta": -1.4370002746538137, "log10_lambda": -3.4328375063230974, "log10_min_child_weight": 1.70242912803038, "log10_subsample": -0.8548888062882045, "max_depth": 9.0, "num_boost_round": 1.0}, "datetime": {"datetime": "2024-01-19 01:16:34", "elapsed": 3902.845647, "delta": 0.004705}}
{"target": -13.75712679585767, "params": {"gamma": 38.47963851162828, "log10_alpha": -1.8791576789844493, "log10_colsample_bytree": -0.9122579915604585, "log10_eta": -1.4370002746538137, "log10_lambda": -3.4328375063230974, "log10_min_child_weight": 1.70242912803038, "log10_subsample": -0.8548888062882045, "max_depth": 9.0, "num_boost_round": 2.0}, "datetime": {"datetime": "2024-01-19 01:16:34", "elapsed": 3902.84957, "delta": 0.003923}}
{"target": -13.757543023989259, "params": {"gamma": 38.47963851162828, "log10_alpha": -1.8791576789844493, "log10_colsample_bytree": -0.9122579915604585, "log10_eta": -1.4370002746538137, "log10_lambda": -3.4328375063230974, "log10_min_child_weight": 1.70242912803038, "log10_subsample": -0.8548888062882045, "max_depth": 9.0, "num_boost_round": 3.0}, "datetime": {"datetime": "2024-01-19 01:16:34", "elapsed": 3902.853426, "delta": 0.003856}}
{"target": -13.757947055623442, "params": {"gamma": 38.47963851162828, "log10_alpha": -1.8791576789844493, "log10_colsample_bytree": -0.9122579915604585, "log10_eta": -1.4370002746538137, "log10_lambda": -3.4328375063230974, "log10_min_child_weight": 1.70242912803038, "log10_subsample": -0.8548888062882045, "max_depth": 9.0, "num_boost_round": 4.0}, "datetime": {"datetime": "2024-01-19 01:16:34", "elapsed": 3902.857278, "delta": 0.003852}}
