{"target": -13.75847442023775, "params": {"gamma": 43.56633988445502, "log10_alpha": 0.2810504056000802, "log10_colsample_bytree": -0.1877433028659099, "log10_eta": -3.47742734668166, "log10_lambda": -4.376968610338187, "log10_min_child_weight": 1.7294739295796457, "log10_subsample": -0.10208303507920113, "max_depth": 2.0, "num_boost_round": 23.0}, "datetime": {"datetime": "2024-01-19 02:07:44", "elapsed": 6972.617146, "delta": 0.005447}}
{"target": -13.758470394356475, "params": {"gamma": 43.56633988445502, "log10_alpha": 0.2810504056000802, "log10_colsample_bytree": -0.1877433028659099, "log10_eta": -3.47742734668166, "log10_lambda": -4.376968610338187, "log10_min_child_weight": 1.7294739295796457, "log10_subsample": -0.10208303507920113, "max_depth": 2.0, "num_boost_round": 24.0}, "datetime": {"datetime": "2024-01-19 02:07:44", "elapsed": 6972.622629, "delta": 0.005483}}
{"target": -13.758468516874785, "params": {"gamma": 43.56633988445502, "log10_alpha": 0.2810504056000802, "log10_colsample_bytree": -0.1877433028659099, "log10_eta": -3.47742734668166, "log10_lambda": -4.376968610338187, "log10_min_child_weight": 1.7294739295796457, "log10_subsample": -0.10208303507920113, "max_depth": 2.0, "num_boost_round": 25.0}, "datetime": {"datetime": "2024-01-19 02:07:44", "elapsed": 6972.628284, "delta": 0.005655}}
{"target": -13.758469136072605, "params": {"gamma": 43.56633988445502, "log10_alpha": 0.2810504056000802, "log10_colsample_bytree": -0.1877433028659099, "log10_eta": -3.47742734668166, "log10_lambda": -4.376968610338187, "log10_min_child_weight": 1.7294739295796457, "log10_subsample": -0.10208303507920113, "max_depth": 2.0, "num_boost_round": 26.0}, "datetime": {"datetime": "2024-01-19 02:07:44", "elapsed": 6972.634048, "delta": 0.005764}}
{"target": -13.758468556733122, "params": {"gamma": 43.56633988445502, "log10_alpha": 0.2810504056000802, "log10_colsample_bytree": -0.1877433028659099, "log10_eta": -3.47742734668166, "log10_lambda": -4.376968610338187, "log10_min_child_weight": 1.7294739295796457, "log10_subsample": -0.10208303507920113, "max_depth": 2.0, "num_boost_round": 27.0}, "datetime": {"datetime": "2024-01-19 02:07:44", "elapsed": 6972.639889, "delta": 0.005841}}
{"target": -13.758467057596787, "params": {"gamma": 43.56633988445502, "log10_alpha": 0.2810504056000802, "log10_colsample_bytree": -0.1877433028659099, "log10_eta": -3.47742734668166, "log10_lambda": -4.376968610338187, "log10_min_child_weight": 1.7294739295796457, "log10_subsample": -0.10208303507920113, "max_depth": 2.0, "num_boost_round": 28.0}, "datetime": {"datetime": "2024-01-19 02:07:44", "elapsed": 6972.645386, "delta": 0.005497}}
{"target": -13.758462754462348, "params": {"gamma": 43.56633988445502, "log10_alpha": 0.2810504056000802, "log10_colsample_bytree": -0.1877433028659099, "log10_eta": -3.47742734668166, "log10_lambda": -4.376968610338187, "log10_min_child_weight": 1.7294739295796457, "log10_subsample": -0.10208303507920113, "max_depth": 2.0, "num_boost_round": 29.0}, "datetime": {"datetime": "2024-01-19 02:07:44", "elapsed": 6972.650929, "delta": 0.005543}}
{"target": -13.758458420996153, "params": {"gamma": 43.56633988445502, "log10_alpha": 0.2810504056000802, "log10_colsample_bytree": -0.1877433028659099, "log10_eta": -3.47742734668166, "log10_lambda": -4.376968610338187, "log10_min_child_weight": 1.7294739295796457, "log10_subsample": -0.10208303507920113, "max_depth": 2.0, "num_boost_round": 30.0}, "datetime": {"datetime": "2024-01-19 02:07:44", "elapsed": 6972.656438, "delta": 0.005509}}
{"target": -13.758455931100913, "params": {"gamma": 43.56633988445502, "log10_alpha": 0.2810504056000802, "log10_colsample_bytree": -0.1877433028659099, "log10_eta": -3.47742734668166, "log10_lambda": -4.376968610338187, "log10_min_child_weight": 1.7294739295796457, "log10_subsample": -0.10208303507920113, "max_depth": 2.0, "num_boost_round": 31.0}, "datetime": {"datetime": "2024-01-19 02:07:44", "elapsed": 6972.662072, "delta": 0.005634}}
{"target": -13.758455977011424, "params": {"gamma": 43.56633988445502, "log10_alpha": 0.2810504056000802, "log10_colsample_bytree": -0.1877433028659099, "log10_eta": -3.47742734668166, "log10_lambda": -4.376968610338187, "log10_min_child_weight": 1.7294739295796457, "log10_subsample": -0.10208303507920113, "max_depth": 2.0, "num_boost_round": 32.0}, "datetime": {"datetime": "2024-01-19 02:07:44", "elapsed": 6972.667665, "delta": 0.005593}}
{"target": -13.75845614968578, "params": {"gamma": 43.56633988445502, "log10_alpha": 0.2810504056000802, "log10_colsample_bytree": -0.1877433028659099, "log10_eta": -3.47742734668166, "log10_lambda": -4.376968610338187, "log10_min_child_weight": 1.7294739295796457, "log10_subsample": -0.10208303507920113, "max_depth": 2.0, "num_boost_round": 33.0}, "datetime": {"datetime": "2024-01-19 02:07:44", "elapsed": 6972.673155, "delta": 0.00549}}
{"target": -13.75845158113315, "params": {"gamma": 43.56633988445502, "log10_alpha": 0.2810504056000802, "log10_colsample_bytree": -0.1877433028659099, "log10_eta": -3.47742734668166, "log10_lambda": -4.376968610338187, "log10_min_child_weight": 1.7294739295796457, "log10_subsample": -0.10208303507920113, "max_depth": 2.0, "num_boost_round": 34.0}, "datetime": {"datetime": "2024-01-19 02:07:44", "elapsed": 6972.678701, "delta": 0.005546}}
{"target": -13.758451776395546, "params": {"gamma": 43.56633988445502, "log10_alpha": 0.2810504056000802, "log10_colsample_bytree": -0.1877433028659099, "log10_eta": -3.47742734668166, "log10_lambda": -4.376968610338187, "log10_min_child_weight": 1.7294739295796457, "log10_subsample": -0.10208303507920113, "max_depth": 2.0, "num_boost_round": 35.0}, "datetime": {"datetime": "2024-01-19 02:07:44", "elapsed": 6972.684358, "delta": 0.005657}}
{"target": -13.758449937415145, "params": {"gamma": 43.56633988445502, "log10_alpha": 0.2810504056000802, "log10_colsample_bytree": -0.1877433028659099, "log10_eta": -3.47742734668166, "log10_lambda": -4.376968610338187, "log10_min_child_weight": 1.7294739295796457, "log10_subsample": -0.10208303507920113, "max_depth": 2.0, "num_boost_round": 36.0}, "datetime": {"datetime": "2024-01-19 02:07:44", "elapsed": 6972.68999, "delta": 0.005632}}
{"target": -13.758446990434233, "params": {"gamma": 43.56633988445502, "log10_alpha": 0.2810504056000802, "log10_colsample_bytree": -0.1877433028659099, "log10_eta": -3.47742734668166, "log10_lambda": -4.376968610338187, "log10_min_child_weight": 1.7294739295796457, "log10_subsample": -0.10208303507920113, "max_depth": 2.0, "num_boost_round": 37.0}, "datetime": {"datetime": "2024-01-19 02:07:44", "elapsed": 6972.695658, "delta": 0.005668}}
{"target": -13.758444557966959, "params": {"gamma": 43.56633988445502, "log10_alpha": 0.2810504056000802, "log10_colsample_bytree": -0.1877433028659099, "log10_eta": -3.47742734668166, "log10_lambda": -4.376968610338187, "log10_min_child_weight": 1.7294739295796457, "log10_subsample": -0.10208303507920113, "max_depth": 2.0, "num_boost_round": 38.0}, "datetime": {"datetime": "2024-01-19 02:07:44", "elapsed": 6972.701448, "delta": 0.00579}}
{"target": -13.758441557046138, "params": {"gamma": 43.56633988445502, "log10_alpha": 0.2810504056000802, "log10_colsample_bytree": -0.1877433028659099, "log10_eta": -3.47742734668166, "log10_lambda": -4.376968610338187, "log10_min_child_weight": 1.7294739295796457, "log10_subsample": -0.10208303507920113, "max_depth": 2.0, "num_boost_round": 39.0}, "datetime": {"datetime": "2024-01-19 02:07:44", "elapsed": 6972.707305, "delta": 0.005857}}
{"target": -13.758438550246229, "params": {"gamma": 43.56633988445502, "log10_alpha": 0.2810504056000802, "log10_colsample_bytree": -0.1877433028659099, "log10_eta": -3.47742734668166, "log10_lambda": -4.376968610338187, "log10_min_child_weight": 1.7294739295796457, "log10_subsample": -0.10208303507920113, "max_depth": 2.0, "num_boost_round": 40.0}, "datetime": {"datetime": "2024-01-19 02:07:44", "elapsed": 6972.712808, "delta": 0.005503}}
{"target": -13.758432728605374, "params": {"gamma": 43.56633988445502, "log10_alpha": 0.2810504056000802, "log10_colsample_bytree": -0.1877433028659099, "log10_eta": -3.47742734668166, "log10_lambda": -4.376968610338187, "log10_min_child_weight": 1.7294739295796457, "log10_subsample": -0.10208303507920113, "max_depth": 2.0, "num_boost_round": 41.0}, "datetime": {"datetime": "2024-01-19 02:07:44", "elapsed": 6972.718275, "delta": 0.005467}}
{"target": -13.758432846507624, "params": {"gamma": 43.56633988445502, "log10_alpha": 0.2810504056000802, "log10_colsample_bytree": -0.1877433028659099, "log10_eta": -3.47742734668166, "log10_lambda": -4.376968610338187, "log10_min_child_weight": 1.7294739295796457, "log10_subsample": -0.10208303507920113, "max_depth": 2.0, "num_boost_round": 42.0}, "datetime": {"datetime": "2024-01-19 02:07:44", "elapsed": 6972.724717, "delta": 0.006442}}
{"target": -13.758538477871154, "params": {"gamma": 35.86853867375916, "log10_alpha": -4.3599521482709065, "log10_colsample_bytree": -0.7843989623044916, "log10_eta": -3.766081604497532, "log10_lambda": -3.7373089388530416, "log10_min_child_weight": 4.988547737662722, "log10_subsample": -0.791681274314572, "max_depth": 5.0, "num_boost_round": 0.0}, "datetime": {"datetime": "2024-01-19 02:08:59", "elapsed": 7048.120885, "delta": 75.396168}}
{"target": -13.758538499637792, "params": {"gamma": 35.86853867375916, "log10_alpha": -4.3599521482709065, "log10_colsample_bytree": -0.7843989623044916, "log10_eta": -3.766081604497532, "log10_lambda": -3.7373089388530416, "log10_min_child_weight": 4.988547737662722, "log10_subsample": -0.791681274314572, "max_depth": 5.0, "num_boost_round": 1.0}, "datetime": {"datetime": "2024-01-19 02:09:00", "elapsed": 7048.127034, "delta": 0.006149}}
{"target": -13.75853888930342, "params": {"gamma": 35.86853867375916, "log10_alpha": -4.3599521482709065, "log10_colsample_bytree": -0.7843989623044916, "log10_eta": -3.766081604497532, "log10_lambda": -3.7373089388530416, "log10_min_child_weight": 4.988547737662722, "log10_subsample": -0.791681274314572, "max_depth": 5.0, "num_boost_round": 2.0}, "datetime": {"datetime": "2024-01-19 02:09:00", "elapsed": 7048.243233, "delta": 0.116199}}
{"target": -13.758538263987534, "params": {"gamma": 35.86853867375916, "log10_alpha": -4.3599521482709065, "log10_colsample_bytree": -0.7843989623044916, "log10_eta": -3.766081604497532, "log10_lambda": -3.7373089388530416, "log10_min_child_weight": 4.988547737662722, "log10_subsample": -0.791681274314572, "max_depth": 5.0, "num_boost_round": 3.0}, "datetime": {"datetime": "2024-01-19 02:09:00", "elapsed": 7048.249568, "delta": 0.006335}}
{"target": -13.758538372310277, "params": {"gamma": 35.86853867375916, "log10_alpha": -4.3599521482709065, "log10_colsample_bytree": -0.7843989623044916, "log10_eta": -3.766081604497532, "log10_lambda": -3.7373089388530416, "log10_min_child_weight": 4.988547737662722, "log10_subsample": -0.791681274314572, "max_depth": 5.0, "num_boost_round": 4.0}, "datetime": {"datetime": "2024-01-19 02:09:00", "elapsed": 7048.25525, "delta": 0.005682}}
{"target": -13.75853853373773, "params": {"gamma": 35.86853867375916, "log10_alpha": -4.3599521482709065, "log10_colsample_bytree": -0.7843989623044916, "log10_eta": -3.766081604497532, "log10_lambda": -3.7373089388530416, "log10_min_child_weight": 4.988547737662722, "log10_subsample": -0.791681274314572, "max_depth": 5.0, "num_boost_round": 5.0}, "datetime": {"datetime": "2024-01-19 02:09:00", "elapsed": 7048.261074, "delta": 0.005824}}
{"target": -13.758538518484523, "params": {"gamma": 35.86853867375916, "log10_alpha": -4.3599521482709065, "log10_colsample_bytree": -0.7843989623044916, "log10_eta": -3.766081604497532, "log10_lambda": -3.7373089388530416, "log10_min_child_weight": 4.988547737662722, "log10_subsample": -0.791681274314572, "max_depth": 5.0, "num_boost_round": 6.0}, "datetime": {"datetime": "2024-01-19 02:09:00", "elapsed": 7048.267319, "delta": 0.006245}}
{"target": -13.758537904856468, "params": {"gamma": 35.86853867375916, "log10_alpha": -4.3599521482709065, "log10_colsample_bytree": -0.7843989623044916, "log10_eta": -3.766081604497532, "log10_lambda": -3.7373089388530416, "log10_min_child_weight": 4.988547737662722, "log10_subsample": -0.791681274314572, "max_depth": 5.0, "num_boost_round": 7.0}, "datetime": {"datetime": "2024-01-19 02:09:00", "elapsed": 7048.273182, "delta": 0.005863}}
{"target": -13.758537723760991, "params": {"gamma": 35.86853867375916, "log10_alpha": -4.3599521482709065, "log10_colsample_bytree": -0.7843989623044916, "log10_eta": -3.766081604497532, "log10_lambda": -3.7373089388530416, "log10_min_child_weight": 4.988547737662722, "log10_subsample": -0.791681274314572, "max_depth": 5.0, "num_boost_round": 8.0}, "datetime": {"datetime": "2024-01-19 02:09:00", "elapsed": 7048.27927, "delta": 0.006088}}
{"target": -13.758538072800802, "params": {"gamma": 35.86853867375916, "log10_alpha": -4.3599521482709065, "log10_colsample_bytree": -0.7843989623044916, "log10_eta": -3.766081604497532, "log10_lambda": -3.7373089388530416, "log10_min_child_weight": 4.988547737662722, "log10_subsample": -0.791681274314572, "max_depth": 5.0, "num_boost_round": 9.0}, "datetime": {"datetime": "2024-01-19 02:09:00", "elapsed": 7048.285763, "delta": 0.006493}}
{"target": -13.758537910399015, "params": {"gamma": 35.86853867375916, "log10_alpha": -4.3599521482709065, "log10_colsample_bytree": -0.7843989623044916, "log10_eta": -3.766081604497532, "log10_lambda": -3.7373089388530416, "log10_min_child_weight": 4.988547737662722, "log10_subsample": -0.791681274314572, "max_depth": 5.0, "num_boost_round": 10.0}, "datetime": {"datetime": "2024-01-19 02:09:00", "elapsed": 7048.291956, "delta": 0.006193}}
{"target": -13.758538308708081, "params": {"gamma": 35.86853867375916, "log10_alpha": -4.3599521482709065, "log10_colsample_bytree": -0.7843989623044916, "log10_eta": -3.766081604497532, "log10_lambda": -3.7373089388530416, "log10_min_child_weight": 4.988547737662722, "log10_subsample": -0.791681274314572, "max_depth": 5.0, "num_boost_round": 11.0}, "datetime": {"datetime": "2024-01-19 02:09:00", "elapsed": 7048.297865, "delta": 0.005909}}
{"target": -13.758537696395871, "params": {"gamma": 35.86853867375916, "log10_alpha": -4.3599521482709065, "log10_colsample_bytree": -0.7843989623044916, "log10_eta": -3.766081604497532, "log10_lambda": -3.7373089388530416, "log10_min_child_weight": 4.988547737662722, "log10_subsample": -0.791681274314572, "max_depth": 5.0, "num_boost_round": 12.0}, "datetime": {"datetime": "2024-01-19 02:09:00", "elapsed": 7048.303901, "delta": 0.006036}}
{"target": -13.758537774468401, "params": {"gamma": 35.86853867375916, "log10_alpha": -4.3599521482709065, "log10_colsample_bytree": -0.7843989623044916, "log10_eta": -3.766081604497532, "log10_lambda": -3.7373089388530416, "log10_min_child_weight": 4.988547737662722, "log10_subsample": -0.791681274314572, "max_depth": 5.0, "num_boost_round": 13.0}, "datetime": {"datetime": "2024-01-19 02:09:00", "elapsed": 7048.309477, "delta": 0.005576}}
{"target": -13.758537653358655, "params": {"gamma": 35.86853867375916, "log10_alpha": -4.3599521482709065, "log10_colsample_bytree": -0.7843989623044916, "log10_eta": -3.766081604497532, "log10_lambda": -3.7373089388530416, "log10_min_child_weight": 4.988547737662722, "log10_subsample": -0.791681274314572, "max_depth": 5.0, "num_boost_round": 14.0}, "datetime": {"datetime": "2024-01-19 02:09:00", "elapsed": 7048.31495, "delta": 0.005473}}
{"target": -13.758536759138382, "params": {"gamma": 35.86853867375916, "log10_alpha": -4.3599521482709065, "log10_colsample_bytree": -0.7843989623044916, "log10_eta": -3.766081604497532, "log10_lambda": -3.7373089388530416, "log10_min_child_weight": 4.988547737662722, "log10_subsample": -0.791681274314572, "max_depth": 5.0, "num_boost_round": 15.0}, "datetime": {"datetime": "2024-01-19 02:09:00", "elapsed": 7048.320451, "delta": 0.005501}}
{"target": -13.758536508675983, "params": {"gamma": 35.86853867375916, "log10_alpha": -4.3599521482709065, "log10_colsample_bytree": -0.7843989623044916, "log10_eta": -3.766081604497532, "log10_lambda": -3.7373089388530416, "log10_min_child_weight": 4.988547737662722, "log10_subsample": -0.791681274314572, "max_depth": 5.0, "num_boost_round": 16.0}, "datetime": {"datetime": "2024-01-19 02:09:00", "elapsed": 7048.325999, "delta": 0.005548}}
{"target": -13.75853649166494, "params": {"gamma": 35.86853867375916, "log10_alpha": -4.3599521482709065, "log10_colsample_bytree": -0.7843989623044916, "log10_eta": -3.766081604497532, "log10_lambda": -3.7373089388530416, "log10_min_child_weight": 4.988547737662722, "log10_subsample": -0.791681274314572, "max_depth": 5.0, "num_boost_round": 17.0}, "datetime": {"datetime": "2024-01-19 02:09:00", "elapsed": 7048.331518, "delta": 0.005519}}
{"target": -13.758536619359228, "params": {"gamma": 35.86853867375916, "log10_alpha": -4.3599521482709065, "log10_colsample_bytree": -0.7843989623044916, "log10_eta": -3.766081604497532, "log10_lambda": -3.7373089388530416, "log10_min_child_weight": 4.988547737662722, "log10_subsample": -0.791681274314572, "max_depth": 5.0, "num_boost_round": 18.0}, "datetime": {"datetime": "2024-01-19 02:09:00", "elapsed": 7048.337037, "delta": 0.005519}}
{"target": -13.758535925950255, "params": {"gamma": 35.86853867375916, "log10_alpha": -4.3599521482709065, "log10_colsample_bytree": -0.7843989623044916, "log10_eta": -3.766081604497532, "log10_lambda": -3.7373089388530416, "log10_min_child_weight": 4.988547737662722, "log10_subsample": -0.791681274314572, "max_depth": 5.0, "num_boost_round": 19.0}, "datetime": {"datetime": "2024-01-19 02:09:00", "elapsed": 7048.342581, "delta": 0.005544}}
{"target": -13.758536006490717, "params": {"gamma": 35.86853867375916, "log10_alpha": -4.3599521482709065, "log10_colsample_bytree": -0.7843989623044916, "log10_eta": -3.766081604497532, "log10_lambda": -3.7373089388530416, "log10_min_child_weight": 4.988547737662722, "log10_subsample": -0.791681274314572, "max_depth": 5.0, "num_boost_round": 20.0}, "datetime": {"datetime": "2024-01-19 02:09:00", "elapsed": 7048.348234, "delta": 0.005653}}
{"target": -13.758536094454643, "params": {"gamma": 35.86853867375916, "log10_alpha": -4.3599521482709065, "log10_colsample_bytree": -0.7843989623044916, "log10_eta": -3.766081604497532, "log10_lambda": -3.7373089388530416, "log10_min_child_weight": 4.988547737662722, "log10_subsample": -0.791681274314572, "max_depth": 5.0, "num_boost_round": 21.0}, "datetime": {"datetime": "2024-01-19 02:09:00", "elapsed": 7048.353876, "delta": 0.005642}}
{"target": -13.758535932807016, "params": {"gamma": 35.86853867375916, "log10_alpha": -4.3599521482709065, "log10_colsample_bytree": -0.7843989623044916, "log10_eta": -3.766081604497532, "log10_lambda": -3.7373089388530416, "log10_min_child_weight": 4.988547737662722, "log10_subsample": -0.791681274314572, "max_depth": 5.0, "num_boost_round": 22.0}, "datetime": {"datetime": "2024-01-19 02:09:00", "elapsed": 7048.359641, "delta": 0.005765}}
{"target": -13.758535376466371, "params": {"gamma": 35.86853867375916, "log10_alpha": -4.3599521482709065, "log10_colsample_bytree": -0.7843989623044916, "log10_eta": -3.766081604497532, "log10_lambda": -3.7373089388530416, "log10_min_child_weight": 4.988547737662722, "log10_subsample": -0.791681274314572, "max_depth": 5.0, "num_boost_round": 23.0}, "datetime": {"datetime": "2024-01-19 02:09:00", "elapsed": 7048.365512, "delta": 0.005871}}
{"target": -13.758535275795017, "params": {"gamma": 35.86853867375916, "log10_alpha": -4.3599521482709065, "log10_colsample_bytree": -0.7843989623044916, "log10_eta": -3.766081604497532, "log10_lambda": -3.7373089388530416, "log10_min_child_weight": 4.988547737662722, "log10_subsample": -0.791681274314572, "max_depth": 5.0, "num_boost_round": 24.0}, "datetime": {"datetime": "2024-01-19 02:09:00", "elapsed": 7048.371315, "delta": 0.005803}}
{"target": -13.758535449598208, "params": {"gamma": 35.86853867375916, "log10_alpha": -4.3599521482709065, "log10_colsample_bytree": -0.7843989623044916, "log10_eta": -3.766081604497532, "log10_lambda": -3.7373089388530416, "log10_min_child_weight": 4.988547737662722, "log10_subsample": -0.791681274314572, "max_depth": 5.0, "num_boost_round": 25.0}, "datetime": {"datetime": "2024-01-19 02:09:00", "elapsed": 7048.376837, "delta": 0.005522}}
{"target": -13.75853102740615, "params": {"gamma": 37.03151830872653, "log10_alpha": 0.1860258135363777, "log10_colsample_bytree": -0.7215126957079683, "log10_eta": -3.5213878951413182, "log10_lambda": -3.630197444178525, "log10_min_child_weight": 1.5182292429750466, "log10_subsample": -0.10404682614746541, "max_depth": 3.0, "num_boost_round": 0.0}, "datetime": {"datetime": "2024-01-19 02:10:16", "elapsed": 7124.623154, "delta": 76.246317}}
{"target": -13.758526579543314, "params": {"gamma": 37.03151830872653, "log10_alpha": 0.1860258135363777, "log10_colsample_bytree": -0.7215126957079683, "log10_eta": -3.5213878951413182, "log10_lambda": -3.630197444178525, "log10_min_child_weight": 1.5182292429750466, "log10_subsample": -0.10404682614746541, "max_depth": 3.0, "num_boost_round": 1.0}, "datetime": {"datetime": "2024-01-19 02:10:16", "elapsed": 7124.629692, "delta": 0.006538}}
{"target": -13.758526610948682, "params": {"gamma": 37.03151830872653, "log10_alpha": 0.1860258135363777, "log10_colsample_bytree": -0.7215126957079683, "log10_eta": -3.5213878951413182, "log10_lambda": -3.630197444178525, "log10_min_child_weight": 1.5182292429750466, "log10_subsample": -0.10404682614746541, "max_depth": 3.0, "num_boost_round": 2.0}, "datetime": {"datetime": "2024-01-19 02:10:16", "elapsed": 7124.635276, "delta": 0.005584}}
