{"target": -17.677032096383677, "params": {"gamma": 404.23414765297815, "log10_alpha": -0.26821626044601565, "log10_colsample_bytree": -0.15264669613259008, "log10_eta": -2.4805503862158798, "log10_lambda": -4.865371111892737, "log10_min_child_weight": 3.4072222618984007, "log10_subsample": -0.19681770783821706, "max_depth": 8.0, "num_boost_round": 37.0}, "datetime": {"datetime": "2024-01-19 00:46:56", "elapsed": 2106.193357, "delta": 0.00346}}
{"target": -17.67708163881561, "params": {"gamma": 404.23414765297815, "log10_alpha": -0.26821626044601565, "log10_colsample_bytree": -0.15264669613259008, "log10_eta": -2.4805503862158798, "log10_lambda": -4.865371111892737, "log10_min_child_weight": 3.4072222618984007, "log10_subsample": -0.19681770783821706, "max_depth": 8.0, "num_boost_round": 38.0}, "datetime": {"datetime": "2024-01-19 00:46:56", "elapsed": 2106.196816, "delta": 0.003459}}
{"target": -17.677152241938668, "params": {"gamma": 404.23414765297815, "log10_alpha": -0.26821626044601565, "log10_colsample_bytree": -0.15264669613259008, "log10_eta": -2.4805503862158798, "log10_lambda": -4.865371111892737, "log10_min_child_weight": 3.4072222618984007, "log10_subsample": -0.19681770783821706, "max_depth": 8.0, "num_boost_round": 39.0}, "datetime": {"datetime": "2024-01-19 00:46:56", "elapsed": 2106.200168, "delta": 0.003352}}
{"target": -17.67716639459647, "params": {"gamma": 404.23414765297815, "log10_alpha": -0.26821626044601565, "log10_colsample_bytree": -0.15264669613259008, "log10_eta": -2.4805503862158798, "log10_lambda": -4.865371111892737, "log10_min_child_weight": 3.4072222618984007, "log10_subsample": -0.19681770783821706, "max_depth": 8.0, "num_boost_round": 40.0}, "datetime": {"datetime": "2024-01-19 00:46:56", "elapsed": 2106.203583, "delta": 0.003415}}
{"target": -17.677172461790104, "params": {"gamma": 404.23414765297815, "log10_alpha": -0.26821626044601565, "log10_colsample_bytree": -0.15264669613259008, "log10_eta": -2.4805503862158798, "log10_lambda": -4.865371111892737, "log10_min_child_weight": 3.4072222618984007, "log10_subsample": -0.19681770783821706, "max_depth": 8.0, "num_boost_round": 41.0}, "datetime": {"datetime": "2024-01-19 00:46:56", "elapsed": 2106.20678, "delta": 0.003197}}
{"target": -17.67717353349013, "params": {"gamma": 404.23414765297815, "log10_alpha": -0.26821626044601565, "log10_colsample_bytree": -0.15264669613259008, "log10_eta": -2.4805503862158798, "log10_lambda": -4.865371111892737, "log10_min_child_weight": 3.4072222618984007, "log10_subsample": -0.19681770783821706, "max_depth": 8.0, "num_boost_round": 42.0}, "datetime": {"datetime": "2024-01-19 00:46:56", "elapsed": 2106.210045, "delta": 0.003265}}
{"target": -17.67714097531778, "params": {"gamma": 404.23414765297815, "log10_alpha": -0.26821626044601565, "log10_colsample_bytree": -0.15264669613259008, "log10_eta": -2.4805503862158798, "log10_lambda": -4.865371111892737, "log10_min_child_weight": 3.4072222618984007, "log10_subsample": -0.19681770783821706, "max_depth": 8.0, "num_boost_round": 43.0}, "datetime": {"datetime": "2024-01-19 00:46:56", "elapsed": 2106.213272, "delta": 0.003227}}
{"target": -17.677230863537563, "params": {"gamma": 411.22239372302505, "log10_alpha": -0.3817299649618091, "log10_colsample_bytree": -0.7335515782461622, "log10_eta": -2.1702251884274593, "log10_lambda": -4.556957081943315, "log10_min_child_weight": 0.7181010923873116, "log10_subsample": -0.7536733483076664, "max_depth": 3.0, "num_boost_round": 0.0}, "datetime": {"datetime": "2024-01-19 00:47:38", "elapsed": 2148.794146, "delta": 42.580874}}
{"target": -17.676868999649944, "params": {"gamma": 411.22239372302505, "log10_alpha": -0.3817299649618091, "log10_colsample_bytree": -0.7335515782461622, "log10_eta": -2.1702251884274593, "log10_lambda": -4.556957081943315, "log10_min_child_weight": 0.7181010923873116, "log10_subsample": -0.7536733483076664, "max_depth": 3.0, "num_boost_round": 1.0}, "datetime": {"datetime": "2024-01-19 00:47:38", "elapsed": 2148.798298, "delta": 0.004152}}
{"target": -17.676846991787357, "params": {"gamma": 411.22239372302505, "log10_alpha": -0.3817299649618091, "log10_colsample_bytree": -0.7335515782461622, "log10_eta": -2.1702251884274593, "log10_lambda": -4.556957081943315, "log10_min_child_weight": 0.7181010923873116, "log10_subsample": -0.7536733483076664, "max_depth": 3.0, "num_boost_round": 2.0}, "datetime": {"datetime": "2024-01-19 00:47:39", "elapsed": 2148.801519, "delta": 0.003221}}
{"target": -17.676849510474405, "params": {"gamma": 411.22239372302505, "log10_alpha": -0.3817299649618091, "log10_colsample_bytree": -0.7335515782461622, "log10_eta": -2.1702251884274593, "log10_lambda": -4.556957081943315, "log10_min_child_weight": 0.7181010923873116, "log10_subsample": -0.7536733483076664, "max_depth": 3.0, "num_boost_round": 3.0}, "datetime": {"datetime": "2024-01-19 00:47:39", "elapsed": 2148.804848, "delta": 0.003329}}
{"target": -17.676837952839733, "params": {"gamma": 411.22239372302505, "log10_alpha": -0.3817299649618091, "log10_colsample_bytree": -0.7335515782461622, "log10_eta": -2.1702251884274593, "log10_lambda": -4.556957081943315, "log10_min_child_weight": 0.7181010923873116, "log10_subsample": -0.7536733483076664, "max_depth": 3.0, "num_boost_round": 4.0}, "datetime": {"datetime": "2024-01-19 00:47:39", "elapsed": 2148.808026, "delta": 0.003178}}
{"target": -17.676774631008694, "params": {"gamma": 411.22239372302505, "log10_alpha": -0.3817299649618091, "log10_colsample_bytree": -0.7335515782461622, "log10_eta": -2.1702251884274593, "log10_lambda": -4.556957081943315, "log10_min_child_weight": 0.7181010923873116, "log10_subsample": -0.7536733483076664, "max_depth": 3.0, "num_boost_round": 5.0}, "datetime": {"datetime": "2024-01-19 00:47:39", "elapsed": 2148.811143, "delta": 0.003117}}
{"target": -17.676736047121775, "params": {"gamma": 411.22239372302505, "log10_alpha": -0.3817299649618091, "log10_colsample_bytree": -0.7335515782461622, "log10_eta": -2.1702251884274593, "log10_lambda": -4.556957081943315, "log10_min_child_weight": 0.7181010923873116, "log10_subsample": -0.7536733483076664, "max_depth": 3.0, "num_boost_round": 6.0}, "datetime": {"datetime": "2024-01-19 00:47:39", "elapsed": 2148.814283, "delta": 0.00314}}
{"target": -17.67652187646259, "params": {"gamma": 411.22239372302505, "log10_alpha": -0.3817299649618091, "log10_colsample_bytree": -0.7335515782461622, "log10_eta": -2.1702251884274593, "log10_lambda": -4.556957081943315, "log10_min_child_weight": 0.7181010923873116, "log10_subsample": -0.7536733483076664, "max_depth": 3.0, "num_boost_round": 7.0}, "datetime": {"datetime": "2024-01-19 00:47:39", "elapsed": 2148.817383, "delta": 0.0031}}
{"target": -17.676356744636752, "params": {"gamma": 411.22239372302505, "log10_alpha": -0.3817299649618091, "log10_colsample_bytree": -0.7335515782461622, "log10_eta": -2.1702251884274593, "log10_lambda": -4.556957081943315, "log10_min_child_weight": 0.7181010923873116, "log10_subsample": -0.7536733483076664, "max_depth": 3.0, "num_boost_round": 8.0}, "datetime": {"datetime": "2024-01-19 00:47:39", "elapsed": 2148.820511, "delta": 0.003128}}
{"target": -17.676256370624888, "params": {"gamma": 411.22239372302505, "log10_alpha": -0.3817299649618091, "log10_colsample_bytree": -0.7335515782461622, "log10_eta": -2.1702251884274593, "log10_lambda": -4.556957081943315, "log10_min_child_weight": 0.7181010923873116, "log10_subsample": -0.7536733483076664, "max_depth": 3.0, "num_boost_round": 9.0}, "datetime": {"datetime": "2024-01-19 00:47:39", "elapsed": 2148.823775, "delta": 0.003264}}
{"target": -17.676012177529582, "params": {"gamma": 411.22239372302505, "log10_alpha": -0.3817299649618091, "log10_colsample_bytree": -0.7335515782461622, "log10_eta": -2.1702251884274593, "log10_lambda": -4.556957081943315, "log10_min_child_weight": 0.7181010923873116, "log10_subsample": -0.7536733483076664, "max_depth": 3.0, "num_boost_round": 10.0}, "datetime": {"datetime": "2024-01-19 00:47:39", "elapsed": 2148.826943, "delta": 0.003168}}
{"target": -17.67812638404352, "params": {"gamma": 401.06672480322436, "log10_alpha": -2.0355668506487046, "log10_colsample_bytree": -0.1485662728874375, "log10_eta": -0.7193003669780178, "log10_lambda": -4.990146893738072, "log10_min_child_weight": 1.2129320715322522, "log10_subsample": -0.7178426886042534, "max_depth": 4.0, "num_boost_round": 0.0}, "datetime": {"datetime": "2024-01-19 00:48:22", "elapsed": 2192.33694, "delta": 43.509997}}
{"target": -17.67807642461324, "params": {"gamma": 401.06672480322436, "log10_alpha": -2.0355668506487046, "log10_colsample_bytree": -0.1485662728874375, "log10_eta": -0.7193003669780178, "log10_lambda": -4.990146893738072, "log10_min_child_weight": 1.2129320715322522, "log10_subsample": -0.7178426886042534, "max_depth": 4.0, "num_boost_round": 1.0}, "datetime": {"datetime": "2024-01-19 00:48:22", "elapsed": 2192.340904, "delta": 0.003964}}
{"target": -17.683065808567886, "params": {"gamma": 401.06672480322436, "log10_alpha": -2.0355668506487046, "log10_colsample_bytree": -0.1485662728874375, "log10_eta": -0.7193003669780178, "log10_lambda": -4.990146893738072, "log10_min_child_weight": 1.2129320715322522, "log10_subsample": -0.7178426886042534, "max_depth": 4.0, "num_boost_round": 2.0}, "datetime": {"datetime": "2024-01-19 00:48:22", "elapsed": 2192.344494, "delta": 0.00359}}
{"target": -17.692286600847876, "params": {"gamma": 401.06672480322436, "log10_alpha": -2.0355668506487046, "log10_colsample_bytree": -0.1485662728874375, "log10_eta": -0.7193003669780178, "log10_lambda": -4.990146893738072, "log10_min_child_weight": 1.2129320715322522, "log10_subsample": -0.7178426886042534, "max_depth": 4.0, "num_boost_round": 3.0}, "datetime": {"datetime": "2024-01-19 00:48:22", "elapsed": 2192.347739, "delta": 0.003245}}
{"target": -17.69583741260476, "params": {"gamma": 401.06672480322436, "log10_alpha": -2.0355668506487046, "log10_colsample_bytree": -0.1485662728874375, "log10_eta": -0.7193003669780178, "log10_lambda": -4.990146893738072, "log10_min_child_weight": 1.2129320715322522, "log10_subsample": -0.7178426886042534, "max_depth": 4.0, "num_boost_round": 4.0}, "datetime": {"datetime": "2024-01-19 00:48:22", "elapsed": 2192.350915, "delta": 0.003176}}
{"target": -17.698122762575426, "params": {"gamma": 401.06672480322436, "log10_alpha": -2.0355668506487046, "log10_colsample_bytree": -0.1485662728874375, "log10_eta": -0.7193003669780178, "log10_lambda": -4.990146893738072, "log10_min_child_weight": 1.2129320715322522, "log10_subsample": -0.7178426886042534, "max_depth": 4.0, "num_boost_round": 5.0}, "datetime": {"datetime": "2024-01-19 00:48:22", "elapsed": 2192.354049, "delta": 0.003134}}
{"target": -17.708086775275163, "params": {"gamma": 401.06672480322436, "log10_alpha": -2.0355668506487046, "log10_colsample_bytree": -0.1485662728874375, "log10_eta": -0.7193003669780178, "log10_lambda": -4.990146893738072, "log10_min_child_weight": 1.2129320715322522, "log10_subsample": -0.7178426886042534, "max_depth": 4.0, "num_boost_round": 6.0}, "datetime": {"datetime": "2024-01-19 00:48:22", "elapsed": 2192.357197, "delta": 0.003148}}
{"target": -17.715141870646352, "params": {"gamma": 401.06672480322436, "log10_alpha": -2.0355668506487046, "log10_colsample_bytree": -0.1485662728874375, "log10_eta": -0.7193003669780178, "log10_lambda": -4.990146893738072, "log10_min_child_weight": 1.2129320715322522, "log10_subsample": -0.7178426886042534, "max_depth": 4.0, "num_boost_round": 7.0}, "datetime": {"datetime": "2024-01-19 00:48:22", "elapsed": 2192.360287, "delta": 0.00309}}
{"target": -17.723266265690977, "params": {"gamma": 401.06672480322436, "log10_alpha": -2.0355668506487046, "log10_colsample_bytree": -0.1485662728874375, "log10_eta": -0.7193003669780178, "log10_lambda": -4.990146893738072, "log10_min_child_weight": 1.2129320715322522, "log10_subsample": -0.7178426886042534, "max_depth": 4.0, "num_boost_round": 8.0}, "datetime": {"datetime": "2024-01-19 00:48:22", "elapsed": 2192.363378, "delta": 0.003091}}
{"target": -17.724291235468602, "params": {"gamma": 401.06672480322436, "log10_alpha": -2.0355668506487046, "log10_colsample_bytree": -0.1485662728874375, "log10_eta": -0.7193003669780178, "log10_lambda": -4.990146893738072, "log10_min_child_weight": 1.2129320715322522, "log10_subsample": -0.7178426886042534, "max_depth": 4.0, "num_boost_round": 9.0}, "datetime": {"datetime": "2024-01-19 00:48:22", "elapsed": 2192.366461, "delta": 0.003083}}
{"target": -17.730252538923022, "params": {"gamma": 401.06672480322436, "log10_alpha": -2.0355668506487046, "log10_colsample_bytree": -0.1485662728874375, "log10_eta": -0.7193003669780178, "log10_lambda": -4.990146893738072, "log10_min_child_weight": 1.2129320715322522, "log10_subsample": -0.7178426886042534, "max_depth": 4.0, "num_boost_round": 10.0}, "datetime": {"datetime": "2024-01-19 00:48:22", "elapsed": 2192.369557, "delta": 0.003096}}
{"target": -17.72898093325892, "params": {"gamma": 401.06672480322436, "log10_alpha": -2.0355668506487046, "log10_colsample_bytree": -0.1485662728874375, "log10_eta": -0.7193003669780178, "log10_lambda": -4.990146893738072, "log10_min_child_weight": 1.2129320715322522, "log10_subsample": -0.7178426886042534, "max_depth": 4.0, "num_boost_round": 11.0}, "datetime": {"datetime": "2024-01-19 00:48:22", "elapsed": 2192.372632, "delta": 0.003075}}
{"target": -17.735743689506368, "params": {"gamma": 401.06672480322436, "log10_alpha": -2.0355668506487046, "log10_colsample_bytree": -0.1485662728874375, "log10_eta": -0.7193003669780178, "log10_lambda": -4.990146893738072, "log10_min_child_weight": 1.2129320715322522, "log10_subsample": -0.7178426886042534, "max_depth": 4.0, "num_boost_round": 12.0}, "datetime": {"datetime": "2024-01-19 00:48:22", "elapsed": 2192.37568, "delta": 0.003048}}
{"target": -17.777702317843605, "params": {"gamma": 401.06672480322436, "log10_alpha": -2.0355668506487046, "log10_colsample_bytree": -0.1485662728874375, "log10_eta": -0.7193003669780178, "log10_lambda": -4.990146893738072, "log10_min_child_weight": 1.2129320715322522, "log10_subsample": -0.7178426886042534, "max_depth": 4.0, "num_boost_round": 13.0}, "datetime": {"datetime": "2024-01-19 00:48:22", "elapsed": 2192.378789, "delta": 0.003109}}
{"target": -17.871985520891634, "params": {"gamma": 401.06672480322436, "log10_alpha": -2.0355668506487046, "log10_colsample_bytree": -0.1485662728874375, "log10_eta": -0.7193003669780178, "log10_lambda": -4.990146893738072, "log10_min_child_weight": 1.2129320715322522, "log10_subsample": -0.7178426886042534, "max_depth": 4.0, "num_boost_round": 14.0}, "datetime": {"datetime": "2024-01-19 00:48:22", "elapsed": 2192.381982, "delta": 0.003193}}
{"target": -17.87722546759224, "params": {"gamma": 401.06672480322436, "log10_alpha": -2.0355668506487046, "log10_colsample_bytree": -0.1485662728874375, "log10_eta": -0.7193003669780178, "log10_lambda": -4.990146893738072, "log10_min_child_weight": 1.2129320715322522, "log10_subsample": -0.7178426886042534, "max_depth": 4.0, "num_boost_round": 15.0}, "datetime": {"datetime": "2024-01-19 00:48:22", "elapsed": 2192.385104, "delta": 0.003122}}
{"target": -17.88059877457455, "params": {"gamma": 401.06672480322436, "log10_alpha": -2.0355668506487046, "log10_colsample_bytree": -0.1485662728874375, "log10_eta": -0.7193003669780178, "log10_lambda": -4.990146893738072, "log10_min_child_weight": 1.2129320715322522, "log10_subsample": -0.7178426886042534, "max_depth": 4.0, "num_boost_round": 16.0}, "datetime": {"datetime": "2024-01-19 00:48:22", "elapsed": 2192.388171, "delta": 0.003067}}
{"target": -17.878200903483297, "params": {"gamma": 401.06672480322436, "log10_alpha": -2.0355668506487046, "log10_colsample_bytree": -0.1485662728874375, "log10_eta": -0.7193003669780178, "log10_lambda": -4.990146893738072, "log10_min_child_weight": 1.2129320715322522, "log10_subsample": -0.7178426886042534, "max_depth": 4.0, "num_boost_round": 17.0}, "datetime": {"datetime": "2024-01-19 00:48:22", "elapsed": 2192.39126, "delta": 0.003089}}
{"target": -17.884432637760256, "params": {"gamma": 401.06672480322436, "log10_alpha": -2.0355668506487046, "log10_colsample_bytree": -0.1485662728874375, "log10_eta": -0.7193003669780178, "log10_lambda": -4.990146893738072, "log10_min_child_weight": 1.2129320715322522, "log10_subsample": -0.7178426886042534, "max_depth": 4.0, "num_boost_round": 18.0}, "datetime": {"datetime": "2024-01-19 00:48:22", "elapsed": 2192.39434, "delta": 0.00308}}
{"target": -17.887936579939414, "params": {"gamma": 401.06672480322436, "log10_alpha": -2.0355668506487046, "log10_colsample_bytree": -0.1485662728874375, "log10_eta": -0.7193003669780178, "log10_lambda": -4.990146893738072, "log10_min_child_weight": 1.2129320715322522, "log10_subsample": -0.7178426886042534, "max_depth": 4.0, "num_boost_round": 19.0}, "datetime": {"datetime": "2024-01-19 00:48:22", "elapsed": 2192.397452, "delta": 0.003112}}
{"target": -17.893354878745704, "params": {"gamma": 401.06672480322436, "log10_alpha": -2.0355668506487046, "log10_colsample_bytree": -0.1485662728874375, "log10_eta": -0.7193003669780178, "log10_lambda": -4.990146893738072, "log10_min_child_weight": 1.2129320715322522, "log10_subsample": -0.7178426886042534, "max_depth": 4.0, "num_boost_round": 20.0}, "datetime": {"datetime": "2024-01-19 00:48:22", "elapsed": 2192.400535, "delta": 0.003083}}
{"target": -17.90499899881314, "params": {"gamma": 401.06672480322436, "log10_alpha": -2.0355668506487046, "log10_colsample_bytree": -0.1485662728874375, "log10_eta": -0.7193003669780178, "log10_lambda": -4.990146893738072, "log10_min_child_weight": 1.2129320715322522, "log10_subsample": -0.7178426886042534, "max_depth": 4.0, "num_boost_round": 21.0}, "datetime": {"datetime": "2024-01-19 00:48:22", "elapsed": 2192.404073, "delta": 0.003538}}
{"target": -17.90578724024813, "params": {"gamma": 401.06672480322436, "log10_alpha": -2.0355668506487046, "log10_colsample_bytree": -0.1485662728874375, "log10_eta": -0.7193003669780178, "log10_lambda": -4.990146893738072, "log10_min_child_weight": 1.2129320715322522, "log10_subsample": -0.7178426886042534, "max_depth": 4.0, "num_boost_round": 22.0}, "datetime": {"datetime": "2024-01-19 00:48:22", "elapsed": 2192.407468, "delta": 0.003395}}
{"target": -17.941983394654564, "params": {"gamma": 401.06672480322436, "log10_alpha": -2.0355668506487046, "log10_colsample_bytree": -0.1485662728874375, "log10_eta": -0.7193003669780178, "log10_lambda": -4.990146893738072, "log10_min_child_weight": 1.2129320715322522, "log10_subsample": -0.7178426886042534, "max_depth": 4.0, "num_boost_round": 23.0}, "datetime": {"datetime": "2024-01-19 00:48:22", "elapsed": 2192.410606, "delta": 0.003138}}
{"target": -17.947799577661613, "params": {"gamma": 401.06672480322436, "log10_alpha": -2.0355668506487046, "log10_colsample_bytree": -0.1485662728874375, "log10_eta": -0.7193003669780178, "log10_lambda": -4.990146893738072, "log10_min_child_weight": 1.2129320715322522, "log10_subsample": -0.7178426886042534, "max_depth": 4.0, "num_boost_round": 24.0}, "datetime": {"datetime": "2024-01-19 00:48:22", "elapsed": 2192.413758, "delta": 0.003152}}
{"target": -18.002830045672997, "params": {"gamma": 401.06672480322436, "log10_alpha": -2.0355668506487046, "log10_colsample_bytree": -0.1485662728874375, "log10_eta": -0.7193003669780178, "log10_lambda": -4.990146893738072, "log10_min_child_weight": 1.2129320715322522, "log10_subsample": -0.7178426886042534, "max_depth": 4.0, "num_boost_round": 25.0}, "datetime": {"datetime": "2024-01-19 00:48:22", "elapsed": 2192.416828, "delta": 0.00307}}
{"target": -18.00776764077775, "params": {"gamma": 401.06672480322436, "log10_alpha": -2.0355668506487046, "log10_colsample_bytree": -0.1485662728874375, "log10_eta": -0.7193003669780178, "log10_lambda": -4.990146893738072, "log10_min_child_weight": 1.2129320715322522, "log10_subsample": -0.7178426886042534, "max_depth": 4.0, "num_boost_round": 26.0}, "datetime": {"datetime": "2024-01-19 00:48:22", "elapsed": 2192.419921, "delta": 0.003093}}
{"target": -17.995976663597677, "params": {"gamma": 401.06672480322436, "log10_alpha": -2.0355668506487046, "log10_colsample_bytree": -0.1485662728874375, "log10_eta": -0.7193003669780178, "log10_lambda": -4.990146893738072, "log10_min_child_weight": 1.2129320715322522, "log10_subsample": -0.7178426886042534, "max_depth": 4.0, "num_boost_round": 27.0}, "datetime": {"datetime": "2024-01-19 00:48:22", "elapsed": 2192.423008, "delta": 0.003087}}
{"target": -17.994382179682237, "params": {"gamma": 401.06672480322436, "log10_alpha": -2.0355668506487046, "log10_colsample_bytree": -0.1485662728874375, "log10_eta": -0.7193003669780178, "log10_lambda": -4.990146893738072, "log10_min_child_weight": 1.2129320715322522, "log10_subsample": -0.7178426886042534, "max_depth": 4.0, "num_boost_round": 28.0}, "datetime": {"datetime": "2024-01-19 00:48:22", "elapsed": 2192.426096, "delta": 0.003088}}
{"target": -18.00311180040363, "params": {"gamma": 401.06672480322436, "log10_alpha": -2.0355668506487046, "log10_colsample_bytree": -0.1485662728874375, "log10_eta": -0.7193003669780178, "log10_lambda": -4.990146893738072, "log10_min_child_weight": 1.2129320715322522, "log10_subsample": -0.7178426886042534, "max_depth": 4.0, "num_boost_round": 29.0}, "datetime": {"datetime": "2024-01-19 00:48:22", "elapsed": 2192.429218, "delta": 0.003122}}
{"target": -18.006685404179347, "params": {"gamma": 401.06672480322436, "log10_alpha": -2.0355668506487046, "log10_colsample_bytree": -0.1485662728874375, "log10_eta": -0.7193003669780178, "log10_lambda": -4.990146893738072, "log10_min_child_weight": 1.2129320715322522, "log10_subsample": -0.7178426886042534, "max_depth": 4.0, "num_boost_round": 30.0}, "datetime": {"datetime": "2024-01-19 00:48:22", "elapsed": 2192.432304, "delta": 0.003086}}
