{"target": -17.676891915059375, "params": {"gamma": 957.7300509563466, "log10_alpha": 0.13599180059777183, "log10_colsample_bytree": -0.5494473252681626, "log10_eta": -3.288136427785581, "log10_lambda": -0.5053650098426763, "log10_min_child_weight": 2.1913438064444324, "log10_subsample": -0.9947531047397524, "max_depth": 5.0, "num_boost_round": 21.0}, "datetime": {"datetime": "2024-01-19 00:36:33", "elapsed": 1487.599393, "delta": 0.001859}}
{"target": -17.676857098164326, "params": {"gamma": 957.7300509563466, "log10_alpha": 0.13599180059777183, "log10_colsample_bytree": -0.5494473252681626, "log10_eta": -3.288136427785581, "log10_lambda": -0.5053650098426763, "log10_min_child_weight": 2.1913438064444324, "log10_subsample": -0.9947531047397524, "max_depth": 5.0, "num_boost_round": 22.0}, "datetime": {"datetime": "2024-01-19 00:36:33", "elapsed": 1487.601234, "delta": 0.001841}}
{"target": -17.676830346815464, "params": {"gamma": 957.7300509563466, "log10_alpha": 0.13599180059777183, "log10_colsample_bytree": -0.5494473252681626, "log10_eta": -3.288136427785581, "log10_lambda": -0.5053650098426763, "log10_min_child_weight": 2.1913438064444324, "log10_subsample": -0.9947531047397524, "max_depth": 5.0, "num_boost_round": 23.0}, "datetime": {"datetime": "2024-01-19 00:36:33", "elapsed": 1487.603123, "delta": 0.001889}}
{"target": -17.676809652330874, "params": {"gamma": 957.7300509563466, "log10_alpha": 0.13599180059777183, "log10_colsample_bytree": -0.5494473252681626, "log10_eta": -3.288136427785581, "log10_lambda": -0.5053650098426763, "log10_min_child_weight": 2.1913438064444324, "log10_subsample": -0.9947531047397524, "max_depth": 5.0, "num_boost_round": 24.0}, "datetime": {"datetime": "2024-01-19 00:36:33", "elapsed": 1487.604963, "delta": 0.00184}}
{"target": -17.67677202329476, "params": {"gamma": 957.7300509563466, "log10_alpha": 0.13599180059777183, "log10_colsample_bytree": -0.5494473252681626, "log10_eta": -3.288136427785581, "log10_lambda": -0.5053650098426763, "log10_min_child_weight": 2.1913438064444324, "log10_subsample": -0.9947531047397524, "max_depth": 5.0, "num_boost_round": 25.0}, "datetime": {"datetime": "2024-01-19 00:36:33", "elapsed": 1487.606814, "delta": 0.001851}}
{"target": -17.677231357004377, "params": {"gamma": 955.917693748856, "log10_alpha": -3.5416605905721963, "log10_colsample_bytree": -0.4753229350593233, "log10_eta": -3.5764942062822884, "log10_lambda": -0.7712196555608122, "log10_min_child_weight": 0.028747111308287665, "log10_subsample": -0.5796899519409364, "max_depth": 7.0, "num_boost_round": 0.0}, "datetime": {"datetime": "2024-01-19 00:37:00", "elapsed": 1514.6041, "delta": 26.997286}}
{"target": -17.67721595172554, "params": {"gamma": 955.917693748856, "log10_alpha": -3.5416605905721963, "log10_colsample_bytree": -0.4753229350593233, "log10_eta": -3.5764942062822884, "log10_lambda": -0.7712196555608122, "log10_min_child_weight": 0.028747111308287665, "log10_subsample": -0.5796899519409364, "max_depth": 7.0, "num_boost_round": 1.0}, "datetime": {"datetime": "2024-01-19 00:37:00", "elapsed": 1514.606343, "delta": 0.002243}}
{"target": -17.67719950188055, "params": {"gamma": 955.917693748856, "log10_alpha": -3.5416605905721963, "log10_colsample_bytree": -0.4753229350593233, "log10_eta": -3.5764942062822884, "log10_lambda": -0.7712196555608122, "log10_min_child_weight": 0.028747111308287665, "log10_subsample": -0.5796899519409364, "max_depth": 7.0, "num_boost_round": 2.0}, "datetime": {"datetime": "2024-01-19 00:37:00", "elapsed": 1514.608987, "delta": 0.002644}}
{"target": -17.67719433677496, "params": {"gamma": 955.917693748856, "log10_alpha": -3.5416605905721963, "log10_colsample_bytree": -0.4753229350593233, "log10_eta": -3.5764942062822884, "log10_lambda": -0.7712196555608122, "log10_min_child_weight": 0.028747111308287665, "log10_subsample": -0.5796899519409364, "max_depth": 7.0, "num_boost_round": 3.0}, "datetime": {"datetime": "2024-01-19 00:37:00", "elapsed": 1514.611011, "delta": 0.002024}}
{"target": -17.677175575560195, "params": {"gamma": 955.917693748856, "log10_alpha": -3.5416605905721963, "log10_colsample_bytree": -0.4753229350593233, "log10_eta": -3.5764942062822884, "log10_lambda": -0.7712196555608122, "log10_min_child_weight": 0.028747111308287665, "log10_subsample": -0.5796899519409364, "max_depth": 7.0, "num_boost_round": 4.0}, "datetime": {"datetime": "2024-01-19 00:37:00", "elapsed": 1514.612987, "delta": 0.001976}}
{"target": -17.67715845438034, "params": {"gamma": 955.917693748856, "log10_alpha": -3.5416605905721963, "log10_colsample_bytree": -0.4753229350593233, "log10_eta": -3.5764942062822884, "log10_lambda": -0.7712196555608122, "log10_min_child_weight": 0.028747111308287665, "log10_subsample": -0.5796899519409364, "max_depth": 7.0, "num_boost_round": 5.0}, "datetime": {"datetime": "2024-01-19 00:37:00", "elapsed": 1514.61496, "delta": 0.001973}}
{"target": -17.67713922584947, "params": {"gamma": 955.917693748856, "log10_alpha": -3.5416605905721963, "log10_colsample_bytree": -0.4753229350593233, "log10_eta": -3.5764942062822884, "log10_lambda": -0.7712196555608122, "log10_min_child_weight": 0.028747111308287665, "log10_subsample": -0.5796899519409364, "max_depth": 7.0, "num_boost_round": 6.0}, "datetime": {"datetime": "2024-01-19 00:37:00", "elapsed": 1514.617608, "delta": 0.002648}}
{"target": -17.67712757364615, "params": {"gamma": 955.917693748856, "log10_alpha": -3.5416605905721963, "log10_colsample_bytree": -0.4753229350593233, "log10_eta": -3.5764942062822884, "log10_lambda": -0.7712196555608122, "log10_min_child_weight": 0.028747111308287665, "log10_subsample": -0.5796899519409364, "max_depth": 7.0, "num_boost_round": 7.0}, "datetime": {"datetime": "2024-01-19 00:37:00", "elapsed": 1514.706644, "delta": 0.089036}}
{"target": -17.67710947545632, "params": {"gamma": 955.917693748856, "log10_alpha": -3.5416605905721963, "log10_colsample_bytree": -0.4753229350593233, "log10_eta": -3.5764942062822884, "log10_lambda": -0.7712196555608122, "log10_min_child_weight": 0.028747111308287665, "log10_subsample": -0.5796899519409364, "max_depth": 7.0, "num_boost_round": 8.0}, "datetime": {"datetime": "2024-01-19 00:37:00", "elapsed": 1514.708858, "delta": 0.002214}}
{"target": -17.677087029219823, "params": {"gamma": 955.917693748856, "log10_alpha": -3.5416605905721963, "log10_colsample_bytree": -0.4753229350593233, "log10_eta": -3.5764942062822884, "log10_lambda": -0.7712196555608122, "log10_min_child_weight": 0.028747111308287665, "log10_subsample": -0.5796899519409364, "max_depth": 7.0, "num_boost_round": 9.0}, "datetime": {"datetime": "2024-01-19 00:37:00", "elapsed": 1514.710819, "delta": 0.001961}}
{"target": -17.677070480030586, "params": {"gamma": 955.917693748856, "log10_alpha": -3.5416605905721963, "log10_colsample_bytree": -0.4753229350593233, "log10_eta": -3.5764942062822884, "log10_lambda": -0.7712196555608122, "log10_min_child_weight": 0.028747111308287665, "log10_subsample": -0.5796899519409364, "max_depth": 7.0, "num_boost_round": 10.0}, "datetime": {"datetime": "2024-01-19 00:37:00", "elapsed": 1514.71278, "delta": 0.001961}}
{"target": -17.677042536170987, "params": {"gamma": 955.917693748856, "log10_alpha": -3.5416605905721963, "log10_colsample_bytree": -0.4753229350593233, "log10_eta": -3.5764942062822884, "log10_lambda": -0.7712196555608122, "log10_min_child_weight": 0.028747111308287665, "log10_subsample": -0.5796899519409364, "max_depth": 7.0, "num_boost_round": 11.0}, "datetime": {"datetime": "2024-01-19 00:37:00", "elapsed": 1514.714747, "delta": 0.001967}}
{"target": -17.677030270555253, "params": {"gamma": 955.917693748856, "log10_alpha": -3.5416605905721963, "log10_colsample_bytree": -0.4753229350593233, "log10_eta": -3.5764942062822884, "log10_lambda": -0.7712196555608122, "log10_min_child_weight": 0.028747111308287665, "log10_subsample": -0.5796899519409364, "max_depth": 7.0, "num_boost_round": 12.0}, "datetime": {"datetime": "2024-01-19 00:37:00", "elapsed": 1514.716725, "delta": 0.001978}}
{"target": -17.677012212475976, "params": {"gamma": 955.917693748856, "log10_alpha": -3.5416605905721963, "log10_colsample_bytree": -0.4753229350593233, "log10_eta": -3.5764942062822884, "log10_lambda": -0.7712196555608122, "log10_min_child_weight": 0.028747111308287665, "log10_subsample": -0.5796899519409364, "max_depth": 7.0, "num_boost_round": 13.0}, "datetime": {"datetime": "2024-01-19 00:37:00", "elapsed": 1514.718741, "delta": 0.002016}}
{"target": -17.677014547598052, "params": {"gamma": 955.917693748856, "log10_alpha": -3.5416605905721963, "log10_colsample_bytree": -0.4753229350593233, "log10_eta": -3.5764942062822884, "log10_lambda": -0.7712196555608122, "log10_min_child_weight": 0.028747111308287665, "log10_subsample": -0.5796899519409364, "max_depth": 7.0, "num_boost_round": 14.0}, "datetime": {"datetime": "2024-01-19 00:37:00", "elapsed": 1514.720765, "delta": 0.002024}}
{"target": -17.677004214876206, "params": {"gamma": 955.917693748856, "log10_alpha": -3.5416605905721963, "log10_colsample_bytree": -0.4753229350593233, "log10_eta": -3.5764942062822884, "log10_lambda": -0.7712196555608122, "log10_min_child_weight": 0.028747111308287665, "log10_subsample": -0.5796899519409364, "max_depth": 7.0, "num_boost_round": 15.0}, "datetime": {"datetime": "2024-01-19 00:37:00", "elapsed": 1514.722763, "delta": 0.001998}}
{"target": -17.677017261493262, "params": {"gamma": 955.917693748856, "log10_alpha": -3.5416605905721963, "log10_colsample_bytree": -0.4753229350593233, "log10_eta": -3.5764942062822884, "log10_lambda": -0.7712196555608122, "log10_min_child_weight": 0.028747111308287665, "log10_subsample": -0.5796899519409364, "max_depth": 7.0, "num_boost_round": 16.0}, "datetime": {"datetime": "2024-01-19 00:37:00", "elapsed": 1514.724812, "delta": 0.002049}}
{"target": -17.677015392578145, "params": {"gamma": 955.917693748856, "log10_alpha": -3.5416605905721963, "log10_colsample_bytree": -0.4753229350593233, "log10_eta": -3.5764942062822884, "log10_lambda": -0.7712196555608122, "log10_min_child_weight": 0.028747111308287665, "log10_subsample": -0.5796899519409364, "max_depth": 7.0, "num_boost_round": 17.0}, "datetime": {"datetime": "2024-01-19 00:37:00", "elapsed": 1514.726825, "delta": 0.002013}}
{"target": -17.677030737836922, "params": {"gamma": 955.917693748856, "log10_alpha": -3.5416605905721963, "log10_colsample_bytree": -0.4753229350593233, "log10_eta": -3.5764942062822884, "log10_lambda": -0.7712196555608122, "log10_min_child_weight": 0.028747111308287665, "log10_subsample": -0.5796899519409364, "max_depth": 7.0, "num_boost_round": 18.0}, "datetime": {"datetime": "2024-01-19 00:37:00", "elapsed": 1514.728821, "delta": 0.001996}}
{"target": -17.677034138709665, "params": {"gamma": 955.917693748856, "log10_alpha": -3.5416605905721963, "log10_colsample_bytree": -0.4753229350593233, "log10_eta": -3.5764942062822884, "log10_lambda": -0.7712196555608122, "log10_min_child_weight": 0.028747111308287665, "log10_subsample": -0.5796899519409364, "max_depth": 7.0, "num_boost_round": 19.0}, "datetime": {"datetime": "2024-01-19 00:37:00", "elapsed": 1514.730824, "delta": 0.002003}}
{"target": -17.67700549272931, "params": {"gamma": 955.917693748856, "log10_alpha": -3.5416605905721963, "log10_colsample_bytree": -0.4753229350593233, "log10_eta": -3.5764942062822884, "log10_lambda": -0.7712196555608122, "log10_min_child_weight": 0.028747111308287665, "log10_subsample": -0.5796899519409364, "max_depth": 7.0, "num_boost_round": 20.0}, "datetime": {"datetime": "2024-01-19 00:37:00", "elapsed": 1514.732846, "delta": 0.002022}}
{"target": -17.676986389060886, "params": {"gamma": 955.917693748856, "log10_alpha": -3.5416605905721963, "log10_colsample_bytree": -0.4753229350593233, "log10_eta": -3.5764942062822884, "log10_lambda": -0.7712196555608122, "log10_min_child_weight": 0.028747111308287665, "log10_subsample": -0.5796899519409364, "max_depth": 7.0, "num_boost_round": 21.0}, "datetime": {"datetime": "2024-01-19 00:37:00", "elapsed": 1514.73484, "delta": 0.001994}}
{"target": -17.67723016073764, "params": {"gamma": 956.4607088146662, "log10_alpha": -4.865117311598266, "log10_colsample_bytree": -0.816644667581723, "log10_eta": -3.622512488333539, "log10_lambda": -0.280106834570919, "log10_min_child_weight": 4.761170233362613, "log10_subsample": -0.3145344804108281, "max_depth": 7.0, "num_boost_round": 0.0}, "datetime": {"datetime": "2024-01-19 00:37:25", "elapsed": 1539.581072, "delta": 24.846232}}
{"target": -17.677226640839834, "params": {"gamma": 956.4607088146662, "log10_alpha": -4.865117311598266, "log10_colsample_bytree": -0.816644667581723, "log10_eta": -3.622512488333539, "log10_lambda": -0.280106834570919, "log10_min_child_weight": 4.761170233362613, "log10_subsample": -0.3145344804108281, "max_depth": 7.0, "num_boost_round": 1.0}, "datetime": {"datetime": "2024-01-19 00:37:25", "elapsed": 1539.5837, "delta": 0.002628}}
{"target": -17.67722505826103, "params": {"gamma": 956.4607088146662, "log10_alpha": -4.865117311598266, "log10_colsample_bytree": -0.816644667581723, "log10_eta": -3.622512488333539, "log10_lambda": -0.280106834570919, "log10_min_child_weight": 4.761170233362613, "log10_subsample": -0.3145344804108281, "max_depth": 7.0, "num_boost_round": 2.0}, "datetime": {"datetime": "2024-01-19 00:37:25", "elapsed": 1539.585638, "delta": 0.001938}}
{"target": -17.677223165955372, "params": {"gamma": 956.4607088146662, "log10_alpha": -4.865117311598266, "log10_colsample_bytree": -0.816644667581723, "log10_eta": -3.622512488333539, "log10_lambda": -0.280106834570919, "log10_min_child_weight": 4.761170233362613, "log10_subsample": -0.3145344804108281, "max_depth": 7.0, "num_boost_round": 3.0}, "datetime": {"datetime": "2024-01-19 00:37:25", "elapsed": 1539.587765, "delta": 0.002127}}
{"target": -17.677221885422746, "params": {"gamma": 956.4607088146662, "log10_alpha": -4.865117311598266, "log10_colsample_bytree": -0.816644667581723, "log10_eta": -3.622512488333539, "log10_lambda": -0.280106834570919, "log10_min_child_weight": 4.761170233362613, "log10_subsample": -0.3145344804108281, "max_depth": 7.0, "num_boost_round": 4.0}, "datetime": {"datetime": "2024-01-19 00:37:25", "elapsed": 1539.589698, "delta": 0.001933}}
{"target": -17.67721928770155, "params": {"gamma": 956.4607088146662, "log10_alpha": -4.865117311598266, "log10_colsample_bytree": -0.816644667581723, "log10_eta": -3.622512488333539, "log10_lambda": -0.280106834570919, "log10_min_child_weight": 4.761170233362613, "log10_subsample": -0.3145344804108281, "max_depth": 7.0, "num_boost_round": 5.0}, "datetime": {"datetime": "2024-01-19 00:37:25", "elapsed": 1539.591727, "delta": 0.002029}}
{"target": -17.677219702586505, "params": {"gamma": 956.4607088146662, "log10_alpha": -4.865117311598266, "log10_colsample_bytree": -0.816644667581723, "log10_eta": -3.622512488333539, "log10_lambda": -0.280106834570919, "log10_min_child_weight": 4.761170233362613, "log10_subsample": -0.3145344804108281, "max_depth": 7.0, "num_boost_round": 6.0}, "datetime": {"datetime": "2024-01-19 00:37:25", "elapsed": 1539.593642, "delta": 0.001915}}
{"target": -17.67721734549713, "params": {"gamma": 956.4607088146662, "log10_alpha": -4.865117311598266, "log10_colsample_bytree": -0.816644667581723, "log10_eta": -3.622512488333539, "log10_lambda": -0.280106834570919, "log10_min_child_weight": 4.761170233362613, "log10_subsample": -0.3145344804108281, "max_depth": 7.0, "num_boost_round": 7.0}, "datetime": {"datetime": "2024-01-19 00:37:25", "elapsed": 1539.595568, "delta": 0.001926}}
{"target": -17.6772170063837, "params": {"gamma": 956.4607088146662, "log10_alpha": -4.865117311598266, "log10_colsample_bytree": -0.816644667581723, "log10_eta": -3.622512488333539, "log10_lambda": -0.280106834570919, "log10_min_child_weight": 4.761170233362613, "log10_subsample": -0.3145344804108281, "max_depth": 7.0, "num_boost_round": 8.0}, "datetime": {"datetime": "2024-01-19 00:37:25", "elapsed": 1539.597495, "delta": 0.001927}}
{"target": -17.677215858461587, "params": {"gamma": 956.4607088146662, "log10_alpha": -4.865117311598266, "log10_colsample_bytree": -0.816644667581723, "log10_eta": -3.622512488333539, "log10_lambda": -0.280106834570919, "log10_min_child_weight": 4.761170233362613, "log10_subsample": -0.3145344804108281, "max_depth": 7.0, "num_boost_round": 9.0}, "datetime": {"datetime": "2024-01-19 00:37:25", "elapsed": 1539.599437, "delta": 0.001942}}
{"target": -17.677217002893713, "params": {"gamma": 956.4607088146662, "log10_alpha": -4.865117311598266, "log10_colsample_bytree": -0.816644667581723, "log10_eta": -3.622512488333539, "log10_lambda": -0.280106834570919, "log10_min_child_weight": 4.761170233362613, "log10_subsample": -0.3145344804108281, "max_depth": 7.0, "num_boost_round": 10.0}, "datetime": {"datetime": "2024-01-19 00:37:25", "elapsed": 1539.601361, "delta": 0.001924}}
{"target": -17.677214638529147, "params": {"gamma": 956.4607088146662, "log10_alpha": -4.865117311598266, "log10_colsample_bytree": -0.816644667581723, "log10_eta": -3.622512488333539, "log10_lambda": -0.280106834570919, "log10_min_child_weight": 4.761170233362613, "log10_subsample": -0.3145344804108281, "max_depth": 7.0, "num_boost_round": 11.0}, "datetime": {"datetime": "2024-01-19 00:37:25", "elapsed": 1539.603335, "delta": 0.001974}}
{"target": -17.677213412736357, "params": {"gamma": 956.4607088146662, "log10_alpha": -4.865117311598266, "log10_colsample_bytree": -0.816644667581723, "log10_eta": -3.622512488333539, "log10_lambda": -0.280106834570919, "log10_min_child_weight": 4.761170233362613, "log10_subsample": -0.3145344804108281, "max_depth": 7.0, "num_boost_round": 12.0}, "datetime": {"datetime": "2024-01-19 00:37:25", "elapsed": 1539.60525, "delta": 0.001915}}
{"target": -17.677229623645086, "params": {"gamma": 948.8931981544689, "log10_alpha": 1.0, "log10_colsample_bytree": -1.0, "log10_eta": -4.0, "log10_lambda": -0.9536817791234911, "log10_min_child_weight": 0.0, "log10_subsample": 0.0, "max_depth": 2.0, "num_boost_round": 0.0}, "datetime": {"datetime": "2024-01-19 00:37:49", "elapsed": 1563.284328, "delta": 23.679078}}
{"target": -17.677225519929188, "params": {"gamma": 948.8931981544689, "log10_alpha": 1.0, "log10_colsample_bytree": -1.0, "log10_eta": -4.0, "log10_lambda": -0.9536817791234911, "log10_min_child_weight": 0.0, "log10_subsample": 0.0, "max_depth": 2.0, "num_boost_round": 1.0}, "datetime": {"datetime": "2024-01-19 00:37:49", "elapsed": 1563.286389, "delta": 0.002061}}
{"target": -17.67722482959671, "params": {"gamma": 948.8931981544689, "log10_alpha": 1.0, "log10_colsample_bytree": -1.0, "log10_eta": -4.0, "log10_lambda": -0.9536817791234911, "log10_min_child_weight": 0.0, "log10_subsample": 0.0, "max_depth": 2.0, "num_boost_round": 2.0}, "datetime": {"datetime": "2024-01-19 00:37:49", "elapsed": 1563.288389, "delta": 0.002}}
{"target": -17.67722457063292, "params": {"gamma": 948.8931981544689, "log10_alpha": 1.0, "log10_colsample_bytree": -1.0, "log10_eta": -4.0, "log10_lambda": -0.9536817791234911, "log10_min_child_weight": 0.0, "log10_subsample": 0.0, "max_depth": 2.0, "num_boost_round": 3.0}, "datetime": {"datetime": "2024-01-19 00:37:49", "elapsed": 1563.290899, "delta": 0.00251}}
{"target": -17.677222832882343, "params": {"gamma": 948.8931981544689, "log10_alpha": 1.0, "log10_colsample_bytree": -1.0, "log10_eta": -4.0, "log10_lambda": -0.9536817791234911, "log10_min_child_weight": 0.0, "log10_subsample": 0.0, "max_depth": 2.0, "num_boost_round": 4.0}, "datetime": {"datetime": "2024-01-19 00:37:49", "elapsed": 1563.292898, "delta": 0.001999}}
{"target": -17.677222324737816, "params": {"gamma": 948.8931981544689, "log10_alpha": 1.0, "log10_colsample_bytree": -1.0, "log10_eta": -4.0, "log10_lambda": -0.9536817791234911, "log10_min_child_weight": 0.0, "log10_subsample": 0.0, "max_depth": 2.0, "num_boost_round": 5.0}, "datetime": {"datetime": "2024-01-19 00:37:49", "elapsed": 1563.294802, "delta": 0.001904}}
{"target": -17.677220690168824, "params": {"gamma": 948.8931981544689, "log10_alpha": 1.0, "log10_colsample_bytree": -1.0, "log10_eta": -4.0, "log10_lambda": -0.9536817791234911, "log10_min_child_weight": 0.0, "log10_subsample": 0.0, "max_depth": 2.0, "num_boost_round": 6.0}, "datetime": {"datetime": "2024-01-19 00:37:49", "elapsed": 1563.296718, "delta": 0.001916}}
{"target": -17.677218217558742, "params": {"gamma": 948.8931981544689, "log10_alpha": 1.0, "log10_colsample_bytree": -1.0, "log10_eta": -4.0, "log10_lambda": -0.9536817791234911, "log10_min_child_weight": 0.0, "log10_subsample": 0.0, "max_depth": 2.0, "num_boost_round": 7.0}, "datetime": {"datetime": "2024-01-19 00:37:49", "elapsed": 1563.298636, "delta": 0.001918}}
{"target": -17.677219026644398, "params": {"gamma": 948.8931981544689, "log10_alpha": 1.0, "log10_colsample_bytree": -1.0, "log10_eta": -4.0, "log10_lambda": -0.9536817791234911, "log10_min_child_weight": 0.0, "log10_subsample": 0.0, "max_depth": 2.0, "num_boost_round": 8.0}, "datetime": {"datetime": "2024-01-19 00:37:49", "elapsed": 1563.300536, "delta": 0.0019}}
{"target": -17.677217397886285, "params": {"gamma": 948.8931981544689, "log10_alpha": 1.0, "log10_colsample_bytree": -1.0, "log10_eta": -4.0, "log10_lambda": -0.9536817791234911, "log10_min_child_weight": 0.0, "log10_subsample": 0.0, "max_depth": 2.0, "num_boost_round": 9.0}, "datetime": {"datetime": "2024-01-19 00:37:49", "elapsed": 1563.302425, "delta": 0.001889}}
{"target": -17.677227550700113, "params": {"gamma": 962.4989994345231, "log10_alpha": -2.0056381143547504, "log10_colsample_bytree": -0.48615825059292017, "log10_eta": -3.1315583239583296, "log10_lambda": -3.9082411049202626, "log10_min_child_weight": 4.035365063489637, "log10_subsample": -0.880177657528745, "max_depth": 7.0, "num_boost_round": 0.0}, "datetime": {"datetime": "2024-01-19 00:38:12", "elapsed": 1585.85658, "delta": 22.554155}}
