{"target": -17.67720940078642, "params": {"gamma": 447.50655285789685, "log10_alpha": -4.493281068271742, "log10_colsample_bytree": -0.8287889730091769, "log10_eta": -3.917106089038408, "log10_lambda": -4.527512080694419, "log10_min_child_weight": 4.365212246410465, "log10_subsample": -0.7705549417163716, "max_depth": 4.0, "num_boost_round": 28.0}, "datetime": {"datetime": "2024-01-19 03:17:13", "elapsed": 11138.167494, "delta": 0.005573}}
{"target": -17.67720759263307, "params": {"gamma": 447.50655285789685, "log10_alpha": -4.493281068271742, "log10_colsample_bytree": -0.8287889730091769, "log10_eta": -3.917106089038408, "log10_lambda": -4.527512080694419, "log10_min_child_weight": 4.365212246410465, "log10_subsample": -0.7705549417163716, "max_depth": 4.0, "num_boost_round": 29.0}, "datetime": {"datetime": "2024-01-19 03:17:13", "elapsed": 11138.173282, "delta": 0.005788}}
{"target": -17.67720694591574, "params": {"gamma": 447.50655285789685, "log10_alpha": -4.493281068271742, "log10_colsample_bytree": -0.8287889730091769, "log10_eta": -3.917106089038408, "log10_lambda": -4.527512080694419, "log10_min_child_weight": 4.365212246410465, "log10_subsample": -0.7705549417163716, "max_depth": 4.0, "num_boost_round": 30.0}, "datetime": {"datetime": "2024-01-19 03:17:13", "elapsed": 11138.179266, "delta": 0.005984}}
{"target": -17.677206652297794, "params": {"gamma": 447.50655285789685, "log10_alpha": -4.493281068271742, "log10_colsample_bytree": -0.8287889730091769, "log10_eta": -3.917106089038408, "log10_lambda": -4.527512080694419, "log10_min_child_weight": 4.365212246410465, "log10_subsample": -0.7705549417163716, "max_depth": 4.0, "num_boost_round": 31.0}, "datetime": {"datetime": "2024-01-19 03:17:13", "elapsed": 11138.185081, "delta": 0.005815}}
{"target": -17.677222421928533, "params": {"gamma": 427.748741998203, "log10_alpha": -4.077083165447419, "log10_colsample_bytree": -0.0711587777628071, "log10_eta": -3.3361615427126403, "log10_lambda": -4.083421022274439, "log10_min_child_weight": 4.028152057505955, "log10_subsample": -0.06718547972968159, "max_depth": 3.0, "num_boost_round": 0.0}, "datetime": {"datetime": "2024-01-19 03:19:03", "elapsed": 11247.689515, "delta": 109.504434}}
{"target": -17.6772118293025, "params": {"gamma": 427.748741998203, "log10_alpha": -4.077083165447419, "log10_colsample_bytree": -0.0711587777628071, "log10_eta": -3.3361615427126403, "log10_lambda": -4.083421022274439, "log10_min_child_weight": 4.028152057505955, "log10_subsample": -0.06718547972968159, "max_depth": 3.0, "num_boost_round": 1.0}, "datetime": {"datetime": "2024-01-19 03:19:03", "elapsed": 11247.696166, "delta": 0.006651}}
{"target": -17.677201122378598, "params": {"gamma": 427.748741998203, "log10_alpha": -4.077083165447419, "log10_colsample_bytree": -0.0711587777628071, "log10_eta": -3.3361615427126403, "log10_lambda": -4.083421022274439, "log10_min_child_weight": 4.028152057505955, "log10_subsample": -0.06718547972968159, "max_depth": 3.0, "num_boost_round": 2.0}, "datetime": {"datetime": "2024-01-19 03:19:03", "elapsed": 11247.70185, "delta": 0.005684}}
{"target": -17.67719070264281, "params": {"gamma": 427.748741998203, "log10_alpha": -4.077083165447419, "log10_colsample_bytree": -0.0711587777628071, "log10_eta": -3.3361615427126403, "log10_lambda": -4.083421022274439, "log10_min_child_weight": 4.028152057505955, "log10_subsample": -0.06718547972968159, "max_depth": 3.0, "num_boost_round": 3.0}, "datetime": {"datetime": "2024-01-19 03:19:03", "elapsed": 11247.70763, "delta": 0.00578}}
{"target": -17.677182655802756, "params": {"gamma": 427.748741998203, "log10_alpha": -4.077083165447419, "log10_colsample_bytree": -0.0711587777628071, "log10_eta": -3.3361615427126403, "log10_lambda": -4.083421022274439, "log10_min_child_weight": 4.028152057505955, "log10_subsample": -0.06718547972968159, "max_depth": 3.0, "num_boost_round": 4.0}, "datetime": {"datetime": "2024-01-19 03:19:03", "elapsed": 11247.713462, "delta": 0.005832}}
{"target": -17.67717216838481, "params": {"gamma": 427.748741998203, "log10_alpha": -4.077083165447419, "log10_colsample_bytree": -0.0711587777628071, "log10_eta": -3.3361615427126403, "log10_lambda": -4.083421022274439, "log10_min_child_weight": 4.028152057505955, "log10_subsample": -0.06718547972968159, "max_depth": 3.0, "num_boost_round": 5.0}, "datetime": {"datetime": "2024-01-19 03:19:03", "elapsed": 11247.719502, "delta": 0.00604}}
{"target": -17.677161627325784, "params": {"gamma": 427.748741998203, "log10_alpha": -4.077083165447419, "log10_colsample_bytree": -0.0711587777628071, "log10_eta": -3.3361615427126403, "log10_lambda": -4.083421022274439, "log10_min_child_weight": 4.028152057505955, "log10_subsample": -0.06718547972968159, "max_depth": 3.0, "num_boost_round": 6.0}, "datetime": {"datetime": "2024-01-19 03:19:03", "elapsed": 11247.834156, "delta": 0.114654}}
{"target": -17.67715106829713, "params": {"gamma": 427.748741998203, "log10_alpha": -4.077083165447419, "log10_colsample_bytree": -0.0711587777628071, "log10_eta": -3.3361615427126403, "log10_lambda": -4.083421022274439, "log10_min_child_weight": 4.028152057505955, "log10_subsample": -0.06718547972968159, "max_depth": 3.0, "num_boost_round": 7.0}, "datetime": {"datetime": "2024-01-19 03:19:03", "elapsed": 11247.840333, "delta": 0.006177}}
{"target": -17.67714089921961, "params": {"gamma": 427.748741998203, "log10_alpha": -4.077083165447419, "log10_colsample_bytree": -0.0711587777628071, "log10_eta": -3.3361615427126403, "log10_lambda": -4.083421022274439, "log10_min_child_weight": 4.028152057505955, "log10_subsample": -0.06718547972968159, "max_depth": 3.0, "num_boost_round": 8.0}, "datetime": {"datetime": "2024-01-19 03:19:03", "elapsed": 11247.849943, "delta": 0.00961}}
{"target": -17.677130514853896, "params": {"gamma": 427.748741998203, "log10_alpha": -4.077083165447419, "log10_colsample_bytree": -0.0711587777628071, "log10_eta": -3.3361615427126403, "log10_lambda": -4.083421022274439, "log10_min_child_weight": 4.028152057505955, "log10_subsample": -0.06718547972968159, "max_depth": 3.0, "num_boost_round": 9.0}, "datetime": {"datetime": "2024-01-19 03:19:03", "elapsed": 11247.855689, "delta": 0.005746}}
{"target": -17.677120270431754, "params": {"gamma": 427.748741998203, "log10_alpha": -4.077083165447419, "log10_colsample_bytree": -0.0711587777628071, "log10_eta": -3.3361615427126403, "log10_lambda": -4.083421022274439, "log10_min_child_weight": 4.028152057505955, "log10_subsample": -0.06718547972968159, "max_depth": 3.0, "num_boost_round": 10.0}, "datetime": {"datetime": "2024-01-19 03:19:03", "elapsed": 11247.86129, "delta": 0.005601}}
{"target": -17.677109963537134, "params": {"gamma": 427.748741998203, "log10_alpha": -4.077083165447419, "log10_colsample_bytree": -0.0711587777628071, "log10_eta": -3.3361615427126403, "log10_lambda": -4.083421022274439, "log10_min_child_weight": 4.028152057505955, "log10_subsample": -0.06718547972968159, "max_depth": 3.0, "num_boost_round": 11.0}, "datetime": {"datetime": "2024-01-19 03:19:03", "elapsed": 11247.86686, "delta": 0.00557}}
{"target": -17.67709957794437, "params": {"gamma": 427.748741998203, "log10_alpha": -4.077083165447419, "log10_colsample_bytree": -0.0711587777628071, "log10_eta": -3.3361615427126403, "log10_lambda": -4.083421022274439, "log10_min_child_weight": 4.028152057505955, "log10_subsample": -0.06718547972968159, "max_depth": 3.0, "num_boost_round": 12.0}, "datetime": {"datetime": "2024-01-19 03:19:03", "elapsed": 11247.872688, "delta": 0.005828}}
{"target": -17.677089267548777, "params": {"gamma": 427.748741998203, "log10_alpha": -4.077083165447419, "log10_colsample_bytree": -0.0711587777628071, "log10_eta": -3.3361615427126403, "log10_lambda": -4.083421022274439, "log10_min_child_weight": 4.028152057505955, "log10_subsample": -0.06718547972968159, "max_depth": 3.0, "num_boost_round": 13.0}, "datetime": {"datetime": "2024-01-19 03:19:03", "elapsed": 11247.878487, "delta": 0.005799}}
{"target": -17.67707891050724, "params": {"gamma": 427.748741998203, "log10_alpha": -4.077083165447419, "log10_colsample_bytree": -0.0711587777628071, "log10_eta": -3.3361615427126403, "log10_lambda": -4.083421022274439, "log10_min_child_weight": 4.028152057505955, "log10_subsample": -0.06718547972968159, "max_depth": 3.0, "num_boost_round": 14.0}, "datetime": {"datetime": "2024-01-19 03:19:03", "elapsed": 11247.884241, "delta": 0.005754}}
{"target": -17.67706859511075, "params": {"gamma": 427.748741998203, "log10_alpha": -4.077083165447419, "log10_colsample_bytree": -0.0711587777628071, "log10_eta": -3.3361615427126403, "log10_lambda": -4.083421022274439, "log10_min_child_weight": 4.028152057505955, "log10_subsample": -0.06718547972968159, "max_depth": 3.0, "num_boost_round": 15.0}, "datetime": {"datetime": "2024-01-19 03:19:03", "elapsed": 11247.889999, "delta": 0.005758}}
{"target": -17.67706617739623, "params": {"gamma": 427.748741998203, "log10_alpha": -4.077083165447419, "log10_colsample_bytree": -0.0711587777628071, "log10_eta": -3.3361615427126403, "log10_lambda": -4.083421022274439, "log10_min_child_weight": 4.028152057505955, "log10_subsample": -0.06718547972968159, "max_depth": 3.0, "num_boost_round": 16.0}, "datetime": {"datetime": "2024-01-19 03:19:03", "elapsed": 11247.895911, "delta": 0.005912}}
{"target": -17.677065721062057, "params": {"gamma": 427.748741998203, "log10_alpha": -4.077083165447419, "log10_colsample_bytree": -0.0711587777628071, "log10_eta": -3.3361615427126403, "log10_lambda": -4.083421022274439, "log10_min_child_weight": 4.028152057505955, "log10_subsample": -0.06718547972968159, "max_depth": 3.0, "num_boost_round": 17.0}, "datetime": {"datetime": "2024-01-19 03:19:03", "elapsed": 11247.901819, "delta": 0.005908}}
{"target": -17.677055533438494, "params": {"gamma": 427.748741998203, "log10_alpha": -4.077083165447419, "log10_colsample_bytree": -0.0711587777628071, "log10_eta": -3.3361615427126403, "log10_lambda": -4.083421022274439, "log10_min_child_weight": 4.028152057505955, "log10_subsample": -0.06718547972968159, "max_depth": 3.0, "num_boost_round": 18.0}, "datetime": {"datetime": "2024-01-19 03:19:03", "elapsed": 11247.907385, "delta": 0.005566}}
{"target": -17.677045970272324, "params": {"gamma": 427.748741998203, "log10_alpha": -4.077083165447419, "log10_colsample_bytree": -0.0711587777628071, "log10_eta": -3.3361615427126403, "log10_lambda": -4.083421022274439, "log10_min_child_weight": 4.028152057505955, "log10_subsample": -0.06718547972968159, "max_depth": 3.0, "num_boost_round": 19.0}, "datetime": {"datetime": "2024-01-19 03:19:03", "elapsed": 11247.913098, "delta": 0.005713}}
{"target": -17.67703223488584, "params": {"gamma": 427.748741998203, "log10_alpha": -4.077083165447419, "log10_colsample_bytree": -0.0711587777628071, "log10_eta": -3.3361615427126403, "log10_lambda": -4.083421022274439, "log10_min_child_weight": 4.028152057505955, "log10_subsample": -0.06718547972968159, "max_depth": 3.0, "num_boost_round": 20.0}, "datetime": {"datetime": "2024-01-19 03:19:03", "elapsed": 11247.918745, "delta": 0.005647}}
{"target": -17.677022156435896, "params": {"gamma": 427.748741998203, "log10_alpha": -4.077083165447419, "log10_colsample_bytree": -0.0711587777628071, "log10_eta": -3.3361615427126403, "log10_lambda": -4.083421022274439, "log10_min_child_weight": 4.028152057505955, "log10_subsample": -0.06718547972968159, "max_depth": 3.0, "num_boost_round": 21.0}, "datetime": {"datetime": "2024-01-19 03:19:03", "elapsed": 11247.924349, "delta": 0.005604}}
{"target": -17.677009178420935, "params": {"gamma": 427.748741998203, "log10_alpha": -4.077083165447419, "log10_colsample_bytree": -0.0711587777628071, "log10_eta": -3.3361615427126403, "log10_lambda": -4.083421022274439, "log10_min_child_weight": 4.028152057505955, "log10_subsample": -0.06718547972968159, "max_depth": 3.0, "num_boost_round": 22.0}, "datetime": {"datetime": "2024-01-19 03:19:03", "elapsed": 11247.929967, "delta": 0.005618}}
{"target": -17.676998923295347, "params": {"gamma": 427.748741998203, "log10_alpha": -4.077083165447419, "log10_colsample_bytree": -0.0711587777628071, "log10_eta": -3.3361615427126403, "log10_lambda": -4.083421022274439, "log10_min_child_weight": 4.028152057505955, "log10_subsample": -0.06718547972968159, "max_depth": 3.0, "num_boost_round": 23.0}, "datetime": {"datetime": "2024-01-19 03:19:03", "elapsed": 11247.935721, "delta": 0.005754}}
{"target": -17.67698889537563, "params": {"gamma": 427.748741998203, "log10_alpha": -4.077083165447419, "log10_colsample_bytree": -0.0711587777628071, "log10_eta": -3.3361615427126403, "log10_lambda": -4.083421022274439, "log10_min_child_weight": 4.028152057505955, "log10_subsample": -0.06718547972968159, "max_depth": 3.0, "num_boost_round": 24.0}, "datetime": {"datetime": "2024-01-19 03:19:03", "elapsed": 11247.941336, "delta": 0.005615}}
{"target": -17.67713629044235, "params": {"gamma": 458.79825548027253, "log10_alpha": 0.7440647424629976, "log10_colsample_bytree": -0.6936125630572103, "log10_eta": -0.15389357744009757, "log10_lambda": -4.62418558272844, "log10_min_child_weight": 4.024569581929393, "log10_subsample": -0.9997889843034614, "max_depth": 4.0, "num_boost_round": 0.0}, "datetime": {"datetime": "2024-01-19 03:21:05", "elapsed": 11369.715089, "delta": 121.773753}}
{"target": -17.689660271245252, "params": {"gamma": 458.79825548027253, "log10_alpha": 0.7440647424629976, "log10_colsample_bytree": -0.6936125630572103, "log10_eta": -0.15389357744009757, "log10_lambda": -4.62418558272844, "log10_min_child_weight": 4.024569581929393, "log10_subsample": -0.9997889843034614, "max_depth": 4.0, "num_boost_round": 1.0}, "datetime": {"datetime": "2024-01-19 03:21:05", "elapsed": 11369.721786, "delta": 0.006697}}
{"target": -17.686882603938535, "params": {"gamma": 458.79825548027253, "log10_alpha": 0.7440647424629976, "log10_colsample_bytree": -0.6936125630572103, "log10_eta": -0.15389357744009757, "log10_lambda": -4.62418558272844, "log10_min_child_weight": 4.024569581929393, "log10_subsample": -0.9997889843034614, "max_depth": 4.0, "num_boost_round": 2.0}, "datetime": {"datetime": "2024-01-19 03:21:05", "elapsed": 11369.727456, "delta": 0.00567}}
{"target": -17.693136836463633, "params": {"gamma": 458.79825548027253, "log10_alpha": 0.7440647424629976, "log10_colsample_bytree": -0.6936125630572103, "log10_eta": -0.15389357744009757, "log10_lambda": -4.62418558272844, "log10_min_child_weight": 4.024569581929393, "log10_subsample": -0.9997889843034614, "max_depth": 4.0, "num_boost_round": 3.0}, "datetime": {"datetime": "2024-01-19 03:21:05", "elapsed": 11369.733168, "delta": 0.005712}}
{"target": -17.70569924636782, "params": {"gamma": 458.79825548027253, "log10_alpha": 0.7440647424629976, "log10_colsample_bytree": -0.6936125630572103, "log10_eta": -0.15389357744009757, "log10_lambda": -4.62418558272844, "log10_min_child_weight": 4.024569581929393, "log10_subsample": -0.9997889843034614, "max_depth": 4.0, "num_boost_round": 4.0}, "datetime": {"datetime": "2024-01-19 03:21:05", "elapsed": 11369.739631, "delta": 0.006463}}
{"target": -17.71565113188642, "params": {"gamma": 458.79825548027253, "log10_alpha": 0.7440647424629976, "log10_colsample_bytree": -0.6936125630572103, "log10_eta": -0.15389357744009757, "log10_lambda": -4.62418558272844, "log10_min_child_weight": 4.024569581929393, "log10_subsample": -0.9997889843034614, "max_depth": 4.0, "num_boost_round": 5.0}, "datetime": {"datetime": "2024-01-19 03:21:05", "elapsed": 11369.745518, "delta": 0.005887}}
{"target": -17.723416276194047, "params": {"gamma": 458.79825548027253, "log10_alpha": 0.7440647424629976, "log10_colsample_bytree": -0.6936125630572103, "log10_eta": -0.15389357744009757, "log10_lambda": -4.62418558272844, "log10_min_child_weight": 4.024569581929393, "log10_subsample": -0.9997889843034614, "max_depth": 4.0, "num_boost_round": 6.0}, "datetime": {"datetime": "2024-01-19 03:21:05", "elapsed": 11369.751354, "delta": 0.005836}}
{"target": -17.7229847585488, "params": {"gamma": 458.79825548027253, "log10_alpha": 0.7440647424629976, "log10_colsample_bytree": -0.6936125630572103, "log10_eta": -0.15389357744009757, "log10_lambda": -4.62418558272844, "log10_min_child_weight": 4.024569581929393, "log10_subsample": -0.9997889843034614, "max_depth": 4.0, "num_boost_round": 7.0}, "datetime": {"datetime": "2024-01-19 03:21:05", "elapsed": 11369.75735, "delta": 0.005996}}
{"target": -17.720428439914095, "params": {"gamma": 458.79825548027253, "log10_alpha": 0.7440647424629976, "log10_colsample_bytree": -0.6936125630572103, "log10_eta": -0.15389357744009757, "log10_lambda": -4.62418558272844, "log10_min_child_weight": 4.024569581929393, "log10_subsample": -0.9997889843034614, "max_depth": 4.0, "num_boost_round": 8.0}, "datetime": {"datetime": "2024-01-19 03:21:05", "elapsed": 11369.76295, "delta": 0.0056}}
{"target": -17.720859229279636, "params": {"gamma": 458.79825548027253, "log10_alpha": 0.7440647424629976, "log10_colsample_bytree": -0.6936125630572103, "log10_eta": -0.15389357744009757, "log10_lambda": -4.62418558272844, "log10_min_child_weight": 4.024569581929393, "log10_subsample": -0.9997889843034614, "max_depth": 4.0, "num_boost_round": 9.0}, "datetime": {"datetime": "2024-01-19 03:21:05", "elapsed": 11369.768516, "delta": 0.005566}}
{"target": -17.724630825828683, "params": {"gamma": 458.79825548027253, "log10_alpha": 0.7440647424629976, "log10_colsample_bytree": -0.6936125630572103, "log10_eta": -0.15389357744009757, "log10_lambda": -4.62418558272844, "log10_min_child_weight": 4.024569581929393, "log10_subsample": -0.9997889843034614, "max_depth": 4.0, "num_boost_round": 10.0}, "datetime": {"datetime": "2024-01-19 03:21:05", "elapsed": 11369.774183, "delta": 0.005667}}
{"target": -17.748838799160204, "params": {"gamma": 458.79825548027253, "log10_alpha": 0.7440647424629976, "log10_colsample_bytree": -0.6936125630572103, "log10_eta": -0.15389357744009757, "log10_lambda": -4.62418558272844, "log10_min_child_weight": 4.024569581929393, "log10_subsample": -0.9997889843034614, "max_depth": 4.0, "num_boost_round": 11.0}, "datetime": {"datetime": "2024-01-19 03:21:05", "elapsed": 11369.779822, "delta": 0.005639}}
{"target": -17.753497476544272, "params": {"gamma": 458.79825548027253, "log10_alpha": 0.7440647424629976, "log10_colsample_bytree": -0.6936125630572103, "log10_eta": -0.15389357744009757, "log10_lambda": -4.62418558272844, "log10_min_child_weight": 4.024569581929393, "log10_subsample": -0.9997889843034614, "max_depth": 4.0, "num_boost_round": 12.0}, "datetime": {"datetime": "2024-01-19 03:21:05", "elapsed": 11369.785428, "delta": 0.005606}}
{"target": -17.75491767685301, "params": {"gamma": 458.79825548027253, "log10_alpha": 0.7440647424629976, "log10_colsample_bytree": -0.6936125630572103, "log10_eta": -0.15389357744009757, "log10_lambda": -4.62418558272844, "log10_min_child_weight": 4.024569581929393, "log10_subsample": -0.9997889843034614, "max_depth": 4.0, "num_boost_round": 13.0}, "datetime": {"datetime": "2024-01-19 03:21:05", "elapsed": 11369.791065, "delta": 0.005637}}
{"target": -17.755949639170804, "params": {"gamma": 458.79825548027253, "log10_alpha": 0.7440647424629976, "log10_colsample_bytree": -0.6936125630572103, "log10_eta": -0.15389357744009757, "log10_lambda": -4.62418558272844, "log10_min_child_weight": 4.024569581929393, "log10_subsample": -0.9997889843034614, "max_depth": 4.0, "num_boost_round": 14.0}, "datetime": {"datetime": "2024-01-19 03:21:05", "elapsed": 11369.796661, "delta": 0.005596}}
{"target": -17.762884983696352, "params": {"gamma": 458.79825548027253, "log10_alpha": 0.7440647424629976, "log10_colsample_bytree": -0.6936125630572103, "log10_eta": -0.15389357744009757, "log10_lambda": -4.62418558272844, "log10_min_child_weight": 4.024569581929393, "log10_subsample": -0.9997889843034614, "max_depth": 4.0, "num_boost_round": 15.0}, "datetime": {"datetime": "2024-01-19 03:21:05", "elapsed": 11369.802284, "delta": 0.005623}}
{"target": -17.766993665825087, "params": {"gamma": 458.79825548027253, "log10_alpha": 0.7440647424629976, "log10_colsample_bytree": -0.6936125630572103, "log10_eta": -0.15389357744009757, "log10_lambda": -4.62418558272844, "log10_min_child_weight": 4.024569581929393, "log10_subsample": -0.9997889843034614, "max_depth": 4.0, "num_boost_round": 16.0}, "datetime": {"datetime": "2024-01-19 03:21:05", "elapsed": 11369.807974, "delta": 0.00569}}
{"target": -17.77399628806817, "params": {"gamma": 458.79825548027253, "log10_alpha": 0.7440647424629976, "log10_colsample_bytree": -0.6936125630572103, "log10_eta": -0.15389357744009757, "log10_lambda": -4.62418558272844, "log10_min_child_weight": 4.024569581929393, "log10_subsample": -0.9997889843034614, "max_depth": 4.0, "num_boost_round": 17.0}, "datetime": {"datetime": "2024-01-19 03:21:05", "elapsed": 11369.813713, "delta": 0.005739}}
{"target": -17.772015609709808, "params": {"gamma": 458.79825548027253, "log10_alpha": 0.7440647424629976, "log10_colsample_bytree": -0.6936125630572103, "log10_eta": -0.15389357744009757, "log10_lambda": -4.62418558272844, "log10_min_child_weight": 4.024569581929393, "log10_subsample": -0.9997889843034614, "max_depth": 4.0, "num_boost_round": 18.0}, "datetime": {"datetime": "2024-01-19 03:21:05", "elapsed": 11369.819655, "delta": 0.005942}}
{"target": -17.771621100401955, "params": {"gamma": 458.79825548027253, "log10_alpha": 0.7440647424629976, "log10_colsample_bytree": -0.6936125630572103, "log10_eta": -0.15389357744009757, "log10_lambda": -4.62418558272844, "log10_min_child_weight": 4.024569581929393, "log10_subsample": -0.9997889843034614, "max_depth": 4.0, "num_boost_round": 19.0}, "datetime": {"datetime": "2024-01-19 03:21:05", "elapsed": 11369.825574, "delta": 0.005919}}
