{"target": -17.677230899226707, "params": {"gamma": 889.2166269600559, "log10_alpha": -2.2387918477666147, "log10_colsample_bytree": -0.7718483575178907, "log10_eta": -3.459701293171007, "log10_lambda": -2.2341259495149823, "log10_min_child_weight": 4.963543609960382, "log10_subsample": -0.1703686937366703, "max_depth": 2.0, "num_boost_round": 1.0}, "datetime": {"datetime": "2024-01-19 01:10:24", "elapsed": 3505.160641, "delta": 0.005242}}
{"target": -17.67723242393834, "params": {"gamma": 889.2166269600559, "log10_alpha": -2.2387918477666147, "log10_colsample_bytree": -0.7718483575178907, "log10_eta": -3.459701293171007, "log10_lambda": -2.2341259495149823, "log10_min_child_weight": 4.963543609960382, "log10_subsample": -0.1703686937366703, "max_depth": 2.0, "num_boost_round": 2.0}, "datetime": {"datetime": "2024-01-19 01:10:24", "elapsed": 3505.164842, "delta": 0.004201}}
{"target": -17.6772292217325, "params": {"gamma": 889.2166269600559, "log10_alpha": -2.2387918477666147, "log10_colsample_bytree": -0.7718483575178907, "log10_eta": -3.459701293171007, "log10_lambda": -2.2341259495149823, "log10_min_child_weight": 4.963543609960382, "log10_subsample": -0.1703686937366703, "max_depth": 2.0, "num_boost_round": 3.0}, "datetime": {"datetime": "2024-01-19 01:10:24", "elapsed": 3505.168612, "delta": 0.00377}}
{"target": -17.67722527601527, "params": {"gamma": 889.2166269600559, "log10_alpha": -2.2387918477666147, "log10_colsample_bytree": -0.7718483575178907, "log10_eta": -3.459701293171007, "log10_lambda": -2.2341259495149823, "log10_min_child_weight": 4.963543609960382, "log10_subsample": -0.1703686937366703, "max_depth": 2.0, "num_boost_round": 4.0}, "datetime": {"datetime": "2024-01-19 01:10:24", "elapsed": 3505.172659, "delta": 0.004047}}
{"target": -17.67722522965095, "params": {"gamma": 889.2166269600559, "log10_alpha": -2.2387918477666147, "log10_colsample_bytree": -0.7718483575178907, "log10_eta": -3.459701293171007, "log10_lambda": -2.2341259495149823, "log10_min_child_weight": 4.963543609960382, "log10_subsample": -0.1703686937366703, "max_depth": 2.0, "num_boost_round": 5.0}, "datetime": {"datetime": "2024-01-19 01:10:24", "elapsed": 3505.176639, "delta": 0.00398}}
{"target": -17.677226576448923, "params": {"gamma": 889.2166269600559, "log10_alpha": -2.2387918477666147, "log10_colsample_bytree": -0.7718483575178907, "log10_eta": -3.459701293171007, "log10_lambda": -2.2341259495149823, "log10_min_child_weight": 4.963543609960382, "log10_subsample": -0.1703686937366703, "max_depth": 2.0, "num_boost_round": 6.0}, "datetime": {"datetime": "2024-01-19 01:10:24", "elapsed": 3505.180426, "delta": 0.003787}}
{"target": -17.6772228081965, "params": {"gamma": 889.2166269600559, "log10_alpha": -2.2387918477666147, "log10_colsample_bytree": -0.7718483575178907, "log10_eta": -3.459701293171007, "log10_lambda": -2.2341259495149823, "log10_min_child_weight": 4.963543609960382, "log10_subsample": -0.1703686937366703, "max_depth": 2.0, "num_boost_round": 7.0}, "datetime": {"datetime": "2024-01-19 01:10:24", "elapsed": 3505.184362, "delta": 0.003936}}
{"target": -17.677224151768343, "params": {"gamma": 889.2166269600559, "log10_alpha": -2.2387918477666147, "log10_colsample_bytree": -0.7718483575178907, "log10_eta": -3.459701293171007, "log10_lambda": -2.2341259495149823, "log10_min_child_weight": 4.963543609960382, "log10_subsample": -0.1703686937366703, "max_depth": 2.0, "num_boost_round": 8.0}, "datetime": {"datetime": "2024-01-19 01:10:24", "elapsed": 3505.188189, "delta": 0.003827}}
{"target": -17.67722399654345, "params": {"gamma": 889.2166269600559, "log10_alpha": -2.2387918477666147, "log10_colsample_bytree": -0.7718483575178907, "log10_eta": -3.459701293171007, "log10_lambda": -2.2341259495149823, "log10_min_child_weight": 4.963543609960382, "log10_subsample": -0.1703686937366703, "max_depth": 2.0, "num_boost_round": 9.0}, "datetime": {"datetime": "2024-01-19 01:10:24", "elapsed": 3505.192035, "delta": 0.003846}}
{"target": -17.67722446446524, "params": {"gamma": 889.2166269600559, "log10_alpha": -2.2387918477666147, "log10_colsample_bytree": -0.7718483575178907, "log10_eta": -3.459701293171007, "log10_lambda": -2.2341259495149823, "log10_min_child_weight": 4.963543609960382, "log10_subsample": -0.1703686937366703, "max_depth": 2.0, "num_boost_round": 10.0}, "datetime": {"datetime": "2024-01-19 01:10:24", "elapsed": 3505.195792, "delta": 0.003757}}
{"target": -17.67722038795602, "params": {"gamma": 889.2166269600559, "log10_alpha": -2.2387918477666147, "log10_colsample_bytree": -0.7718483575178907, "log10_eta": -3.459701293171007, "log10_lambda": -2.2341259495149823, "log10_min_child_weight": 4.963543609960382, "log10_subsample": -0.1703686937366703, "max_depth": 2.0, "num_boost_round": 11.0}, "datetime": {"datetime": "2024-01-19 01:10:24", "elapsed": 3505.199804, "delta": 0.004012}}
{"target": -17.677216522960244, "params": {"gamma": 889.2166269600559, "log10_alpha": -2.2387918477666147, "log10_colsample_bytree": -0.7718483575178907, "log10_eta": -3.459701293171007, "log10_lambda": -2.2341259495149823, "log10_min_child_weight": 4.963543609960382, "log10_subsample": -0.1703686937366703, "max_depth": 2.0, "num_boost_round": 12.0}, "datetime": {"datetime": "2024-01-19 01:10:24", "elapsed": 3505.203642, "delta": 0.003838}}
{"target": -17.677217645184047, "params": {"gamma": 889.2166269600559, "log10_alpha": -2.2387918477666147, "log10_colsample_bytree": -0.7718483575178907, "log10_eta": -3.459701293171007, "log10_lambda": -2.2341259495149823, "log10_min_child_weight": 4.963543609960382, "log10_subsample": -0.1703686937366703, "max_depth": 2.0, "num_boost_round": 13.0}, "datetime": {"datetime": "2024-01-19 01:10:24", "elapsed": 3505.20745, "delta": 0.003808}}
{"target": -17.677218064709816, "params": {"gamma": 889.2166269600559, "log10_alpha": -2.2387918477666147, "log10_colsample_bytree": -0.7718483575178907, "log10_eta": -3.459701293171007, "log10_lambda": -2.2341259495149823, "log10_min_child_weight": 4.963543609960382, "log10_subsample": -0.1703686937366703, "max_depth": 2.0, "num_boost_round": 14.0}, "datetime": {"datetime": "2024-01-19 01:10:24", "elapsed": 3505.211189, "delta": 0.003739}}
{"target": -17.677214106943605, "params": {"gamma": 889.2166269600559, "log10_alpha": -2.2387918477666147, "log10_colsample_bytree": -0.7718483575178907, "log10_eta": -3.459701293171007, "log10_lambda": -2.2341259495149823, "log10_min_child_weight": 4.963543609960382, "log10_subsample": -0.1703686937366703, "max_depth": 2.0, "num_boost_round": 15.0}, "datetime": {"datetime": "2024-01-19 01:10:24", "elapsed": 3505.215107, "delta": 0.003918}}
{"target": -17.6772105717976, "params": {"gamma": 889.2166269600559, "log10_alpha": -2.2387918477666147, "log10_colsample_bytree": -0.7718483575178907, "log10_eta": -3.459701293171007, "log10_lambda": -2.2341259495149823, "log10_min_child_weight": 4.963543609960382, "log10_subsample": -0.1703686937366703, "max_depth": 2.0, "num_boost_round": 16.0}, "datetime": {"datetime": "2024-01-19 01:10:24", "elapsed": 3505.219112, "delta": 0.004005}}
{"target": -17.67720735057353, "params": {"gamma": 889.2166269600559, "log10_alpha": -2.2387918477666147, "log10_colsample_bytree": -0.7718483575178907, "log10_eta": -3.459701293171007, "log10_lambda": -2.2341259495149823, "log10_min_child_weight": 4.963543609960382, "log10_subsample": -0.1703686937366703, "max_depth": 2.0, "num_boost_round": 17.0}, "datetime": {"datetime": "2024-01-19 01:10:24", "elapsed": 3505.223243, "delta": 0.004131}}
{"target": -17.677204319469713, "params": {"gamma": 889.2166269600559, "log10_alpha": -2.2387918477666147, "log10_colsample_bytree": -0.7718483575178907, "log10_eta": -3.459701293171007, "log10_lambda": -2.2341259495149823, "log10_min_child_weight": 4.963543609960382, "log10_subsample": -0.1703686937366703, "max_depth": 2.0, "num_boost_round": 18.0}, "datetime": {"datetime": "2024-01-19 01:10:24", "elapsed": 3505.228042, "delta": 0.004799}}
{"target": -17.677203157875425, "params": {"gamma": 889.2166269600559, "log10_alpha": -2.2387918477666147, "log10_colsample_bytree": -0.7718483575178907, "log10_eta": -3.459701293171007, "log10_lambda": -2.2341259495149823, "log10_min_child_weight": 4.963543609960382, "log10_subsample": -0.1703686937366703, "max_depth": 2.0, "num_boost_round": 19.0}, "datetime": {"datetime": "2024-01-19 01:10:24", "elapsed": 3505.232384, "delta": 0.004342}}
{"target": -17.67720428225771, "params": {"gamma": 889.2166269600559, "log10_alpha": -2.2387918477666147, "log10_colsample_bytree": -0.7718483575178907, "log10_eta": -3.459701293171007, "log10_lambda": -2.2341259495149823, "log10_min_child_weight": 4.963543609960382, "log10_subsample": -0.1703686937366703, "max_depth": 2.0, "num_boost_round": 20.0}, "datetime": {"datetime": "2024-01-19 01:10:24", "elapsed": 3505.236536, "delta": 0.004152}}
{"target": -17.677228987086213, "params": {"gamma": 881.9348150348637, "log10_alpha": -3.970421714346115, "log10_colsample_bytree": -0.7017712002935382, "log10_eta": -4.0, "log10_lambda": -2.451510467301989, "log10_min_child_weight": 2.9761868573054167, "log10_subsample": -1.0, "max_depth": 9.0, "num_boost_round": 0.0}, "datetime": {"datetime": "2024-01-19 01:11:20", "elapsed": 3560.761889, "delta": 55.525353}}
{"target": -17.677225928477046, "params": {"gamma": 881.9348150348637, "log10_alpha": -3.970421714346115, "log10_colsample_bytree": -0.7017712002935382, "log10_eta": -4.0, "log10_lambda": -2.451510467301989, "log10_min_child_weight": 2.9761868573054167, "log10_subsample": -1.0, "max_depth": 9.0, "num_boost_round": 1.0}, "datetime": {"datetime": "2024-01-19 01:11:20", "elapsed": 3560.766103, "delta": 0.004214}}
{"target": -17.677222464855642, "params": {"gamma": 881.9348150348637, "log10_alpha": -3.970421714346115, "log10_colsample_bytree": -0.7017712002935382, "log10_eta": -4.0, "log10_lambda": -2.451510467301989, "log10_min_child_weight": 2.9761868573054167, "log10_subsample": -1.0, "max_depth": 9.0, "num_boost_round": 2.0}, "datetime": {"datetime": "2024-01-19 01:11:20", "elapsed": 3560.769981, "delta": 0.003878}}
{"target": -17.677222024385696, "params": {"gamma": 881.9348150348637, "log10_alpha": -3.970421714346115, "log10_colsample_bytree": -0.7017712002935382, "log10_eta": -4.0, "log10_lambda": -2.451510467301989, "log10_min_child_weight": 2.9761868573054167, "log10_subsample": -1.0, "max_depth": 9.0, "num_boost_round": 3.0}, "datetime": {"datetime": "2024-01-19 01:11:20", "elapsed": 3560.774022, "delta": 0.004041}}
{"target": -17.67721606337841, "params": {"gamma": 881.9348150348637, "log10_alpha": -3.970421714346115, "log10_colsample_bytree": -0.7017712002935382, "log10_eta": -4.0, "log10_lambda": -2.451510467301989, "log10_min_child_weight": 2.9761868573054167, "log10_subsample": -1.0, "max_depth": 9.0, "num_boost_round": 4.0}, "datetime": {"datetime": "2024-01-19 01:11:20", "elapsed": 3560.777946, "delta": 0.003924}}
{"target": -17.677217556742647, "params": {"gamma": 881.9348150348637, "log10_alpha": -3.970421714346115, "log10_colsample_bytree": -0.7017712002935382, "log10_eta": -4.0, "log10_lambda": -2.451510467301989, "log10_min_child_weight": 2.9761868573054167, "log10_subsample": -1.0, "max_depth": 9.0, "num_boost_round": 5.0}, "datetime": {"datetime": "2024-01-19 01:11:20", "elapsed": 3560.781783, "delta": 0.003837}}
{"target": -17.6772145948843, "params": {"gamma": 881.9348150348637, "log10_alpha": -3.970421714346115, "log10_colsample_bytree": -0.7017712002935382, "log10_eta": -4.0, "log10_lambda": -2.451510467301989, "log10_min_child_weight": 2.9761868573054167, "log10_subsample": -1.0, "max_depth": 9.0, "num_boost_round": 6.0}, "datetime": {"datetime": "2024-01-19 01:11:20", "elapsed": 3560.785523, "delta": 0.00374}}
{"target": -17.67721370541503, "params": {"gamma": 881.9348150348637, "log10_alpha": -3.970421714346115, "log10_colsample_bytree": -0.7017712002935382, "log10_eta": -4.0, "log10_lambda": -2.451510467301989, "log10_min_child_weight": 2.9761868573054167, "log10_subsample": -1.0, "max_depth": 9.0, "num_boost_round": 7.0}, "datetime": {"datetime": "2024-01-19 01:11:20", "elapsed": 3560.789235, "delta": 0.003712}}
{"target": -17.677209609717526, "params": {"gamma": 881.9348150348637, "log10_alpha": -3.970421714346115, "log10_colsample_bytree": -0.7017712002935382, "log10_eta": -4.0, "log10_lambda": -2.451510467301989, "log10_min_child_weight": 2.9761868573054167, "log10_subsample": -1.0, "max_depth": 9.0, "num_boost_round": 8.0}, "datetime": {"datetime": "2024-01-19 01:11:20", "elapsed": 3560.793046, "delta": 0.003811}}
{"target": -17.677213442977077, "params": {"gamma": 881.9348150348637, "log10_alpha": -3.970421714346115, "log10_colsample_bytree": -0.7017712002935382, "log10_eta": -4.0, "log10_lambda": -2.451510467301989, "log10_min_child_weight": 2.9761868573054167, "log10_subsample": -1.0, "max_depth": 9.0, "num_boost_round": 9.0}, "datetime": {"datetime": "2024-01-19 01:11:20", "elapsed": 3560.796756, "delta": 0.00371}}
{"target": -17.677209200944578, "params": {"gamma": 881.9348150348637, "log10_alpha": -3.970421714346115, "log10_colsample_bytree": -0.7017712002935382, "log10_eta": -4.0, "log10_lambda": -2.451510467301989, "log10_min_child_weight": 2.9761868573054167, "log10_subsample": -1.0, "max_depth": 9.0, "num_boost_round": 10.0}, "datetime": {"datetime": "2024-01-19 01:11:20", "elapsed": 3560.800494, "delta": 0.003738}}
{"target": -17.677209157292044, "params": {"gamma": 881.9348150348637, "log10_alpha": -3.970421714346115, "log10_colsample_bytree": -0.7017712002935382, "log10_eta": -4.0, "log10_lambda": -2.451510467301989, "log10_min_child_weight": 2.9761868573054167, "log10_subsample": -1.0, "max_depth": 9.0, "num_boost_round": 11.0}, "datetime": {"datetime": "2024-01-19 01:11:20", "elapsed": 3560.804226, "delta": 0.003732}}
{"target": -17.677205047931775, "params": {"gamma": 881.9348150348637, "log10_alpha": -3.970421714346115, "log10_colsample_bytree": -0.7017712002935382, "log10_eta": -4.0, "log10_lambda": -2.451510467301989, "log10_min_child_weight": 2.9761868573054167, "log10_subsample": -1.0, "max_depth": 9.0, "num_boost_round": 12.0}, "datetime": {"datetime": "2024-01-19 01:11:20", "elapsed": 3560.807983, "delta": 0.003757}}
{"target": -17.67720408752481, "params": {"gamma": 881.9348150348637, "log10_alpha": -3.970421714346115, "log10_colsample_bytree": -0.7017712002935382, "log10_eta": -4.0, "log10_lambda": -2.451510467301989, "log10_min_child_weight": 2.9761868573054167, "log10_subsample": -1.0, "max_depth": 9.0, "num_boost_round": 13.0}, "datetime": {"datetime": "2024-01-19 01:11:20", "elapsed": 3560.811723, "delta": 0.00374}}
{"target": -17.67720241373948, "params": {"gamma": 881.9348150348637, "log10_alpha": -3.970421714346115, "log10_colsample_bytree": -0.7017712002935382, "log10_eta": -4.0, "log10_lambda": -2.451510467301989, "log10_min_child_weight": 2.9761868573054167, "log10_subsample": -1.0, "max_depth": 9.0, "num_boost_round": 14.0}, "datetime": {"datetime": "2024-01-19 01:11:20", "elapsed": 3560.815437, "delta": 0.003714}}
{"target": -17.67720192331908, "params": {"gamma": 881.9348150348637, "log10_alpha": -3.970421714346115, "log10_colsample_bytree": -0.7017712002935382, "log10_eta": -4.0, "log10_lambda": -2.451510467301989, "log10_min_child_weight": 2.9761868573054167, "log10_subsample": -1.0, "max_depth": 9.0, "num_boost_round": 15.0}, "datetime": {"datetime": "2024-01-19 01:11:20", "elapsed": 3560.819224, "delta": 0.003787}}
{"target": -17.67719918441212, "params": {"gamma": 881.9348150348637, "log10_alpha": -3.970421714346115, "log10_colsample_bytree": -0.7017712002935382, "log10_eta": -4.0, "log10_lambda": -2.451510467301989, "log10_min_child_weight": 2.9761868573054167, "log10_subsample": -1.0, "max_depth": 9.0, "num_boost_round": 16.0}, "datetime": {"datetime": "2024-01-19 01:11:20", "elapsed": 3560.822961, "delta": 0.003737}}
{"target": -17.677198287746386, "params": {"gamma": 881.9348150348637, "log10_alpha": -3.970421714346115, "log10_colsample_bytree": -0.7017712002935382, "log10_eta": -4.0, "log10_lambda": -2.451510467301989, "log10_min_child_weight": 2.9761868573054167, "log10_subsample": -1.0, "max_depth": 9.0, "num_boost_round": 17.0}, "datetime": {"datetime": "2024-01-19 01:11:20", "elapsed": 3560.826676, "delta": 0.003715}}
{"target": -17.67720115984685, "params": {"gamma": 881.9348150348637, "log10_alpha": -3.970421714346115, "log10_colsample_bytree": -0.7017712002935382, "log10_eta": -4.0, "log10_lambda": -2.451510467301989, "log10_min_child_weight": 2.9761868573054167, "log10_subsample": -1.0, "max_depth": 9.0, "num_boost_round": 18.0}, "datetime": {"datetime": "2024-01-19 01:11:20", "elapsed": 3560.830436, "delta": 0.00376}}
{"target": -17.677196144833726, "params": {"gamma": 881.9348150348637, "log10_alpha": -3.970421714346115, "log10_colsample_bytree": -0.7017712002935382, "log10_eta": -4.0, "log10_lambda": -2.451510467301989, "log10_min_child_weight": 2.9761868573054167, "log10_subsample": -1.0, "max_depth": 9.0, "num_boost_round": 19.0}, "datetime": {"datetime": "2024-01-19 01:11:20", "elapsed": 3560.834166, "delta": 0.00373}}
{"target": -17.67719243769328, "params": {"gamma": 881.9348150348637, "log10_alpha": -3.970421714346115, "log10_colsample_bytree": -0.7017712002935382, "log10_eta": -4.0, "log10_lambda": -2.451510467301989, "log10_min_child_weight": 2.9761868573054167, "log10_subsample": -1.0, "max_depth": 9.0, "num_boost_round": 20.0}, "datetime": {"datetime": "2024-01-19 01:11:20", "elapsed": 3560.837979, "delta": 0.003813}}
{"target": -17.67718931431946, "params": {"gamma": 881.9348150348637, "log10_alpha": -3.970421714346115, "log10_colsample_bytree": -0.7017712002935382, "log10_eta": -4.0, "log10_lambda": -2.451510467301989, "log10_min_child_weight": 2.9761868573054167, "log10_subsample": -1.0, "max_depth": 9.0, "num_boost_round": 21.0}, "datetime": {"datetime": "2024-01-19 01:11:20", "elapsed": 3560.841736, "delta": 0.003757}}
{"target": -17.67718345016683, "params": {"gamma": 881.9348150348637, "log10_alpha": -3.970421714346115, "log10_colsample_bytree": -0.7017712002935382, "log10_eta": -4.0, "log10_lambda": -2.451510467301989, "log10_min_child_weight": 2.9761868573054167, "log10_subsample": -1.0, "max_depth": 9.0, "num_boost_round": 22.0}, "datetime": {"datetime": "2024-01-19 01:11:20", "elapsed": 3560.845488, "delta": 0.003752}}
{"target": -17.67718215288024, "params": {"gamma": 881.9348150348637, "log10_alpha": -3.970421714346115, "log10_colsample_bytree": -0.7017712002935382, "log10_eta": -4.0, "log10_lambda": -2.451510467301989, "log10_min_child_weight": 2.9761868573054167, "log10_subsample": -1.0, "max_depth": 9.0, "num_boost_round": 23.0}, "datetime": {"datetime": "2024-01-19 01:11:20", "elapsed": 3560.849268, "delta": 0.00378}}
{"target": -17.676661830607863, "params": {"gamma": 855.3036941538829, "log10_alpha": -1.7214506803934873, "log10_colsample_bytree": -0.182545794675828, "log10_eta": -1.677583204328882, "log10_lambda": -1.5396668342533353, "log10_min_child_weight": 1.488731551904285, "log10_subsample": -0.2948342181686975, "max_depth": 2.0, "num_boost_round": 0.0}, "datetime": {"datetime": "2024-01-19 01:12:02", "elapsed": 3603.644091, "delta": 42.794823}}
{"target": -17.676174444587936, "params": {"gamma": 855.3036941538829, "log10_alpha": -1.7214506803934873, "log10_colsample_bytree": -0.182545794675828, "log10_eta": -1.677583204328882, "log10_lambda": -1.5396668342533353, "log10_min_child_weight": 1.488731551904285, "log10_subsample": -0.2948342181686975, "max_depth": 2.0, "num_boost_round": 1.0}, "datetime": {"datetime": "2024-01-19 01:12:03", "elapsed": 3603.649355, "delta": 0.005264}}
{"target": -17.675753809384247, "params": {"gamma": 855.3036941538829, "log10_alpha": -1.7214506803934873, "log10_colsample_bytree": -0.182545794675828, "log10_eta": -1.677583204328882, "log10_lambda": -1.5396668342533353, "log10_min_child_weight": 1.488731551904285, "log10_subsample": -0.2948342181686975, "max_depth": 2.0, "num_boost_round": 2.0}, "datetime": {"datetime": "2024-01-19 01:12:03", "elapsed": 3603.65367, "delta": 0.004315}}
{"target": -17.67549117521919, "params": {"gamma": 855.3036941538829, "log10_alpha": -1.7214506803934873, "log10_colsample_bytree": -0.182545794675828, "log10_eta": -1.677583204328882, "log10_lambda": -1.5396668342533353, "log10_min_child_weight": 1.488731551904285, "log10_subsample": -0.2948342181686975, "max_depth": 2.0, "num_boost_round": 3.0}, "datetime": {"datetime": "2024-01-19 01:12:03", "elapsed": 3603.657692, "delta": 0.004022}}
{"target": -17.675148576790452, "params": {"gamma": 855.3036941538829, "log10_alpha": -1.7214506803934873, "log10_colsample_bytree": -0.182545794675828, "log10_eta": -1.677583204328882, "log10_lambda": -1.5396668342533353, "log10_min_child_weight": 1.488731551904285, "log10_subsample": -0.2948342181686975, "max_depth": 2.0, "num_boost_round": 4.0}, "datetime": {"datetime": "2024-01-19 01:12:03", "elapsed": 3603.661736, "delta": 0.004044}}
{"target": -17.67485858680776, "params": {"gamma": 855.3036941538829, "log10_alpha": -1.7214506803934873, "log10_colsample_bytree": -0.182545794675828, "log10_eta": -1.677583204328882, "log10_lambda": -1.5396668342533353, "log10_min_child_weight": 1.488731551904285, "log10_subsample": -0.2948342181686975, "max_depth": 2.0, "num_boost_round": 5.0}, "datetime": {"datetime": "2024-01-19 01:12:03", "elapsed": 3603.665645, "delta": 0.003909}}
{"target": -17.674389556115706, "params": {"gamma": 855.3036941538829, "log10_alpha": -1.7214506803934873, "log10_colsample_bytree": -0.182545794675828, "log10_eta": -1.677583204328882, "log10_lambda": -1.5396668342533353, "log10_min_child_weight": 1.488731551904285, "log10_subsample": -0.2948342181686975, "max_depth": 2.0, "num_boost_round": 6.0}, "datetime": {"datetime": "2024-01-19 01:12:03", "elapsed": 3603.669523, "delta": 0.003878}}
