{"target": -17.677189890590192, "params": {"gamma": 459.89166519170243, "log10_alpha": 0.3671429583586603, "log10_colsample_bytree": -0.44394211450568644, "log10_eta": -3.7439524524547063, "log10_lambda": -2.0449893625469833, "log10_min_child_weight": 1.1427301791739597, "log10_subsample": -0.989996668775267, "max_depth": 3.0, "num_boost_round": 6.0}, "datetime": {"datetime": "2024-01-19 00:32:42", "elapsed": 1266.945176, "delta": 0.001321}}
{"target": -17.67718437005128, "params": {"gamma": 459.89166519170243, "log10_alpha": 0.3671429583586603, "log10_colsample_bytree": -0.44394211450568644, "log10_eta": -3.7439524524547063, "log10_lambda": -2.0449893625469833, "log10_min_child_weight": 1.1427301791739597, "log10_subsample": -0.989996668775267, "max_depth": 3.0, "num_boost_round": 7.0}, "datetime": {"datetime": "2024-01-19 00:32:42", "elapsed": 1266.946501, "delta": 0.001325}}
{"target": -17.67718327516125, "params": {"gamma": 459.89166519170243, "log10_alpha": 0.3671429583586603, "log10_colsample_bytree": -0.44394211450568644, "log10_eta": -3.7439524524547063, "log10_lambda": -2.0449893625469833, "log10_min_child_weight": 1.1427301791739597, "log10_subsample": -0.989996668775267, "max_depth": 3.0, "num_boost_round": 8.0}, "datetime": {"datetime": "2024-01-19 00:32:42", "elapsed": 1266.947839, "delta": 0.001338}}
{"target": -17.677178256174574, "params": {"gamma": 459.89166519170243, "log10_alpha": 0.3671429583586603, "log10_colsample_bytree": -0.44394211450568644, "log10_eta": -3.7439524524547063, "log10_lambda": -2.0449893625469833, "log10_min_child_weight": 1.1427301791739597, "log10_subsample": -0.989996668775267, "max_depth": 3.0, "num_boost_round": 9.0}, "datetime": {"datetime": "2024-01-19 00:32:42", "elapsed": 1266.949714, "delta": 0.001875}}
{"target": -17.719816195482785, "params": {"gamma": 433.27504629293287, "log10_alpha": -1.3472301205822461, "log10_colsample_bytree": -0.2264265076788491, "log10_eta": -0.02214007134127316, "log10_lambda": -4.834298853719068, "log10_min_child_weight": 0.562230096740387, "log10_subsample": -0.888005840511654, "max_depth": 2.0, "num_boost_round": 0.0}, "datetime": {"datetime": "2024-01-19 00:33:05", "elapsed": 1290.336904, "delta": 23.38719}}
{"target": -17.741632446260432, "params": {"gamma": 433.27504629293287, "log10_alpha": -1.3472301205822461, "log10_colsample_bytree": -0.2264265076788491, "log10_eta": -0.02214007134127316, "log10_lambda": -4.834298853719068, "log10_min_child_weight": 0.562230096740387, "log10_subsample": -0.888005840511654, "max_depth": 2.0, "num_boost_round": 1.0}, "datetime": {"datetime": "2024-01-19 00:33:05", "elapsed": 1290.338416, "delta": 0.001512}}
{"target": -17.777528772621242, "params": {"gamma": 433.27504629293287, "log10_alpha": -1.3472301205822461, "log10_colsample_bytree": -0.2264265076788491, "log10_eta": -0.02214007134127316, "log10_lambda": -4.834298853719068, "log10_min_child_weight": 0.562230096740387, "log10_subsample": -0.888005840511654, "max_depth": 2.0, "num_boost_round": 2.0}, "datetime": {"datetime": "2024-01-19 00:33:05", "elapsed": 1290.340465, "delta": 0.002049}}
{"target": -17.79964002262985, "params": {"gamma": 433.27504629293287, "log10_alpha": -1.3472301205822461, "log10_colsample_bytree": -0.2264265076788491, "log10_eta": -0.02214007134127316, "log10_lambda": -4.834298853719068, "log10_min_child_weight": 0.562230096740387, "log10_subsample": -0.888005840511654, "max_depth": 2.0, "num_boost_round": 3.0}, "datetime": {"datetime": "2024-01-19 00:33:05", "elapsed": 1290.342252, "delta": 0.001787}}
{"target": -17.816811922590816, "params": {"gamma": 433.27504629293287, "log10_alpha": -1.3472301205822461, "log10_colsample_bytree": -0.2264265076788491, "log10_eta": -0.02214007134127316, "log10_lambda": -4.834298853719068, "log10_min_child_weight": 0.562230096740387, "log10_subsample": -0.888005840511654, "max_depth": 2.0, "num_boost_round": 4.0}, "datetime": {"datetime": "2024-01-19 00:33:05", "elapsed": 1290.343649, "delta": 0.001397}}
{"target": -17.847324631075537, "params": {"gamma": 433.27504629293287, "log10_alpha": -1.3472301205822461, "log10_colsample_bytree": -0.2264265076788491, "log10_eta": -0.02214007134127316, "log10_lambda": -4.834298853719068, "log10_min_child_weight": 0.562230096740387, "log10_subsample": -0.888005840511654, "max_depth": 2.0, "num_boost_round": 5.0}, "datetime": {"datetime": "2024-01-19 00:33:05", "elapsed": 1290.345501, "delta": 0.001852}}
{"target": -17.83791622262112, "params": {"gamma": 433.27504629293287, "log10_alpha": -1.3472301205822461, "log10_colsample_bytree": -0.2264265076788491, "log10_eta": -0.02214007134127316, "log10_lambda": -4.834298853719068, "log10_min_child_weight": 0.562230096740387, "log10_subsample": -0.888005840511654, "max_depth": 2.0, "num_boost_round": 6.0}, "datetime": {"datetime": "2024-01-19 00:33:05", "elapsed": 1290.347081, "delta": 0.00158}}
{"target": -17.85751541878584, "params": {"gamma": 433.27504629293287, "log10_alpha": -1.3472301205822461, "log10_colsample_bytree": -0.2264265076788491, "log10_eta": -0.02214007134127316, "log10_lambda": -4.834298853719068, "log10_min_child_weight": 0.562230096740387, "log10_subsample": -0.888005840511654, "max_depth": 2.0, "num_boost_round": 7.0}, "datetime": {"datetime": "2024-01-19 00:33:05", "elapsed": 1290.348439, "delta": 0.001358}}
{"target": -17.87056916124137, "params": {"gamma": 433.27504629293287, "log10_alpha": -1.3472301205822461, "log10_colsample_bytree": -0.2264265076788491, "log10_eta": -0.02214007134127316, "log10_lambda": -4.834298853719068, "log10_min_child_weight": 0.562230096740387, "log10_subsample": -0.888005840511654, "max_depth": 2.0, "num_boost_round": 8.0}, "datetime": {"datetime": "2024-01-19 00:33:05", "elapsed": 1290.349822, "delta": 0.001383}}
{"target": -17.87349207854358, "params": {"gamma": 433.27504629293287, "log10_alpha": -1.3472301205822461, "log10_colsample_bytree": -0.2264265076788491, "log10_eta": -0.02214007134127316, "log10_lambda": -4.834298853719068, "log10_min_child_weight": 0.562230096740387, "log10_subsample": -0.888005840511654, "max_depth": 2.0, "num_boost_round": 9.0}, "datetime": {"datetime": "2024-01-19 00:33:05", "elapsed": 1290.351246, "delta": 0.001424}}
{"target": -17.93168700018105, "params": {"gamma": 433.27504629293287, "log10_alpha": -1.3472301205822461, "log10_colsample_bytree": -0.2264265076788491, "log10_eta": -0.02214007134127316, "log10_lambda": -4.834298853719068, "log10_min_child_weight": 0.562230096740387, "log10_subsample": -0.888005840511654, "max_depth": 2.0, "num_boost_round": 10.0}, "datetime": {"datetime": "2024-01-19 00:33:05", "elapsed": 1290.352601, "delta": 0.001355}}
{"target": -17.948727402315065, "params": {"gamma": 433.27504629293287, "log10_alpha": -1.3472301205822461, "log10_colsample_bytree": -0.2264265076788491, "log10_eta": -0.02214007134127316, "log10_lambda": -4.834298853719068, "log10_min_child_weight": 0.562230096740387, "log10_subsample": -0.888005840511654, "max_depth": 2.0, "num_boost_round": 11.0}, "datetime": {"datetime": "2024-01-19 00:33:05", "elapsed": 1290.353949, "delta": 0.001348}}
{"target": -17.960266397709717, "params": {"gamma": 433.27504629293287, "log10_alpha": -1.3472301205822461, "log10_colsample_bytree": -0.2264265076788491, "log10_eta": -0.02214007134127316, "log10_lambda": -4.834298853719068, "log10_min_child_weight": 0.562230096740387, "log10_subsample": -0.888005840511654, "max_depth": 2.0, "num_boost_round": 12.0}, "datetime": {"datetime": "2024-01-19 00:33:05", "elapsed": 1290.355413, "delta": 0.001464}}
{"target": -18.248708330852452, "params": {"gamma": 433.27504629293287, "log10_alpha": -1.3472301205822461, "log10_colsample_bytree": -0.2264265076788491, "log10_eta": -0.02214007134127316, "log10_lambda": -4.834298853719068, "log10_min_child_weight": 0.562230096740387, "log10_subsample": -0.888005840511654, "max_depth": 2.0, "num_boost_round": 13.0}, "datetime": {"datetime": "2024-01-19 00:33:05", "elapsed": 1290.356772, "delta": 0.001359}}
{"target": -18.861130787284683, "params": {"gamma": 433.27504629293287, "log10_alpha": -1.3472301205822461, "log10_colsample_bytree": -0.2264265076788491, "log10_eta": -0.02214007134127316, "log10_lambda": -4.834298853719068, "log10_min_child_weight": 0.562230096740387, "log10_subsample": -0.888005840511654, "max_depth": 2.0, "num_boost_round": 14.0}, "datetime": {"datetime": "2024-01-19 00:33:05", "elapsed": 1290.358132, "delta": 0.00136}}
{"target": -17.67721087910392, "params": {"gamma": 424.43305122490926, "log10_alpha": 0.7851793902233535, "log10_colsample_bytree": -0.7065114531170748, "log10_eta": -3.0716547393749165, "log10_lambda": -2.8699000606603837, "log10_min_child_weight": 2.235791029523263, "log10_subsample": -0.7064679307051179, "max_depth": 4.0, "num_boost_round": 0.0}, "datetime": {"datetime": "2024-01-19 00:33:32", "elapsed": 1316.99517, "delta": 26.637038}}
{"target": -17.67718213429039, "params": {"gamma": 424.43305122490926, "log10_alpha": 0.7851793902233535, "log10_colsample_bytree": -0.7065114531170748, "log10_eta": -3.0716547393749165, "log10_lambda": -2.8699000606603837, "log10_min_child_weight": 2.235791029523263, "log10_subsample": -0.7064679307051179, "max_depth": 4.0, "num_boost_round": 1.0}, "datetime": {"datetime": "2024-01-19 00:33:32", "elapsed": 1316.996668, "delta": 0.001498}}
{"target": -17.677129292790962, "params": {"gamma": 424.43305122490926, "log10_alpha": 0.7851793902233535, "log10_colsample_bytree": -0.7065114531170748, "log10_eta": -3.0716547393749165, "log10_lambda": -2.8699000606603837, "log10_min_child_weight": 2.235791029523263, "log10_subsample": -0.7064679307051179, "max_depth": 4.0, "num_boost_round": 2.0}, "datetime": {"datetime": "2024-01-19 00:33:32", "elapsed": 1316.998473, "delta": 0.001805}}
{"target": -17.677100680175077, "params": {"gamma": 424.43305122490926, "log10_alpha": 0.7851793902233535, "log10_colsample_bytree": -0.7065114531170748, "log10_eta": -3.0716547393749165, "log10_lambda": -2.8699000606603837, "log10_min_child_weight": 2.235791029523263, "log10_subsample": -0.7064679307051179, "max_depth": 4.0, "num_boost_round": 3.0}, "datetime": {"datetime": "2024-01-19 00:33:32", "elapsed": 1317.00023, "delta": 0.001757}}
{"target": -17.67707147820788, "params": {"gamma": 424.43305122490926, "log10_alpha": 0.7851793902233535, "log10_colsample_bytree": -0.7065114531170748, "log10_eta": -3.0716547393749165, "log10_lambda": -2.8699000606603837, "log10_min_child_weight": 2.235791029523263, "log10_subsample": -0.7064679307051179, "max_depth": 4.0, "num_boost_round": 4.0}, "datetime": {"datetime": "2024-01-19 00:33:32", "elapsed": 1317.001618, "delta": 0.001388}}
{"target": -17.677061647530017, "params": {"gamma": 424.43305122490926, "log10_alpha": 0.7851793902233535, "log10_colsample_bytree": -0.7065114531170748, "log10_eta": -3.0716547393749165, "log10_lambda": -2.8699000606603837, "log10_min_child_weight": 2.235791029523263, "log10_subsample": -0.7064679307051179, "max_depth": 4.0, "num_boost_round": 5.0}, "datetime": {"datetime": "2024-01-19 00:33:32", "elapsed": 1317.00302, "delta": 0.001402}}
{"target": -17.677054090923036, "params": {"gamma": 424.43305122490926, "log10_alpha": 0.7851793902233535, "log10_colsample_bytree": -0.7065114531170748, "log10_eta": -3.0716547393749165, "log10_lambda": -2.8699000606603837, "log10_min_child_weight": 2.235791029523263, "log10_subsample": -0.7064679307051179, "max_depth": 4.0, "num_boost_round": 6.0}, "datetime": {"datetime": "2024-01-19 00:33:32", "elapsed": 1317.004477, "delta": 0.001457}}
{"target": -17.67701517549012, "params": {"gamma": 424.43305122490926, "log10_alpha": 0.7851793902233535, "log10_colsample_bytree": -0.7065114531170748, "log10_eta": -3.0716547393749165, "log10_lambda": -2.8699000606603837, "log10_min_child_weight": 2.235791029523263, "log10_subsample": -0.7064679307051179, "max_depth": 4.0, "num_boost_round": 7.0}, "datetime": {"datetime": "2024-01-19 00:33:32", "elapsed": 1317.005855, "delta": 0.001378}}
{"target": -17.676987800321132, "params": {"gamma": 424.43305122490926, "log10_alpha": 0.7851793902233535, "log10_colsample_bytree": -0.7065114531170748, "log10_eta": -3.0716547393749165, "log10_lambda": -2.8699000606603837, "log10_min_child_weight": 2.235791029523263, "log10_subsample": -0.7064679307051179, "max_depth": 4.0, "num_boost_round": 8.0}, "datetime": {"datetime": "2024-01-19 00:33:32", "elapsed": 1317.007211, "delta": 0.001356}}
{"target": -17.676945612706092, "params": {"gamma": 424.43305122490926, "log10_alpha": 0.7851793902233535, "log10_colsample_bytree": -0.7065114531170748, "log10_eta": -3.0716547393749165, "log10_lambda": -2.8699000606603837, "log10_min_child_weight": 2.235791029523263, "log10_subsample": -0.7064679307051179, "max_depth": 4.0, "num_boost_round": 9.0}, "datetime": {"datetime": "2024-01-19 00:33:32", "elapsed": 1317.008583, "delta": 0.001372}}
{"target": -17.676937865788688, "params": {"gamma": 424.43305122490926, "log10_alpha": 0.7851793902233535, "log10_colsample_bytree": -0.7065114531170748, "log10_eta": -3.0716547393749165, "log10_lambda": -2.8699000606603837, "log10_min_child_weight": 2.235791029523263, "log10_subsample": -0.7064679307051179, "max_depth": 4.0, "num_boost_round": 10.0}, "datetime": {"datetime": "2024-01-19 00:33:32", "elapsed": 1317.009931, "delta": 0.001348}}
{"target": -17.676930193067417, "params": {"gamma": 424.43305122490926, "log10_alpha": 0.7851793902233535, "log10_colsample_bytree": -0.7065114531170748, "log10_eta": -3.0716547393749165, "log10_lambda": -2.8699000606603837, "log10_min_child_weight": 2.235791029523263, "log10_subsample": -0.7064679307051179, "max_depth": 4.0, "num_boost_round": 11.0}, "datetime": {"datetime": "2024-01-19 00:33:32", "elapsed": 1317.011378, "delta": 0.001447}}
{"target": -17.6768959243638, "params": {"gamma": 424.43305122490926, "log10_alpha": 0.7851793902233535, "log10_colsample_bytree": -0.7065114531170748, "log10_eta": -3.0716547393749165, "log10_lambda": -2.8699000606603837, "log10_min_child_weight": 2.235791029523263, "log10_subsample": -0.7064679307051179, "max_depth": 4.0, "num_boost_round": 12.0}, "datetime": {"datetime": "2024-01-19 00:33:32", "elapsed": 1317.012727, "delta": 0.001349}}
{"target": -17.676866953555706, "params": {"gamma": 424.43305122490926, "log10_alpha": 0.7851793902233535, "log10_colsample_bytree": -0.7065114531170748, "log10_eta": -3.0716547393749165, "log10_lambda": -2.8699000606603837, "log10_min_child_weight": 2.235791029523263, "log10_subsample": -0.7064679307051179, "max_depth": 4.0, "num_boost_round": 13.0}, "datetime": {"datetime": "2024-01-19 00:33:32", "elapsed": 1317.014186, "delta": 0.001459}}
{"target": -17.676837440307004, "params": {"gamma": 424.43305122490926, "log10_alpha": 0.7851793902233535, "log10_colsample_bytree": -0.7065114531170748, "log10_eta": -3.0716547393749165, "log10_lambda": -2.8699000606603837, "log10_min_child_weight": 2.235791029523263, "log10_subsample": -0.7064679307051179, "max_depth": 4.0, "num_boost_round": 14.0}, "datetime": {"datetime": "2024-01-19 00:33:32", "elapsed": 1317.015545, "delta": 0.001359}}
{"target": -17.676805372349992, "params": {"gamma": 424.43305122490926, "log10_alpha": 0.7851793902233535, "log10_colsample_bytree": -0.7065114531170748, "log10_eta": -3.0716547393749165, "log10_lambda": -2.8699000606603837, "log10_min_child_weight": 2.235791029523263, "log10_subsample": -0.7064679307051179, "max_depth": 4.0, "num_boost_round": 15.0}, "datetime": {"datetime": "2024-01-19 00:33:32", "elapsed": 1317.016917, "delta": 0.001372}}
{"target": -17.676788200530492, "params": {"gamma": 424.43305122490926, "log10_alpha": 0.7851793902233535, "log10_colsample_bytree": -0.7065114531170748, "log10_eta": -3.0716547393749165, "log10_lambda": -2.8699000606603837, "log10_min_child_weight": 2.235791029523263, "log10_subsample": -0.7064679307051179, "max_depth": 4.0, "num_boost_round": 16.0}, "datetime": {"datetime": "2024-01-19 00:33:32", "elapsed": 1317.018276, "delta": 0.001359}}
{"target": -17.676775251329246, "params": {"gamma": 424.43305122490926, "log10_alpha": 0.7851793902233535, "log10_colsample_bytree": -0.7065114531170748, "log10_eta": -3.0716547393749165, "log10_lambda": -2.8699000606603837, "log10_min_child_weight": 2.235791029523263, "log10_subsample": -0.7064679307051179, "max_depth": 4.0, "num_boost_round": 17.0}, "datetime": {"datetime": "2024-01-19 00:33:32", "elapsed": 1317.019641, "delta": 0.001365}}
{"target": -17.67720837949939, "params": {"gamma": 434.9730421629505, "log10_alpha": 0.5911833965767013, "log10_colsample_bytree": -0.8209839992629212, "log10_eta": -3.310587740236105, "log10_lambda": 0.48847688547275947, "log10_min_child_weight": 2.2580418518332874, "log10_subsample": -0.15675213873485616, "max_depth": 7.0, "num_boost_round": 0.0}, "datetime": {"datetime": "2024-01-19 00:33:57", "elapsed": 1342.084162, "delta": 25.064521}}
{"target": -17.677193482756273, "params": {"gamma": 434.9730421629505, "log10_alpha": 0.5911833965767013, "log10_colsample_bytree": -0.8209839992629212, "log10_eta": -3.310587740236105, "log10_lambda": 0.48847688547275947, "log10_min_child_weight": 2.2580418518332874, "log10_subsample": -0.15675213873485616, "max_depth": 7.0, "num_boost_round": 1.0}, "datetime": {"datetime": "2024-01-19 00:33:57", "elapsed": 1342.085901, "delta": 0.001739}}
{"target": -17.67716310679257, "params": {"gamma": 434.9730421629505, "log10_alpha": 0.5911833965767013, "log10_colsample_bytree": -0.8209839992629212, "log10_eta": -3.310587740236105, "log10_lambda": 0.48847688547275947, "log10_min_child_weight": 2.2580418518332874, "log10_subsample": -0.15675213873485616, "max_depth": 7.0, "num_boost_round": 2.0}, "datetime": {"datetime": "2024-01-19 00:33:57", "elapsed": 1342.08766, "delta": 0.001759}}
{"target": -17.677143022871228, "params": {"gamma": 434.9730421629505, "log10_alpha": 0.5911833965767013, "log10_colsample_bytree": -0.8209839992629212, "log10_eta": -3.310587740236105, "log10_lambda": 0.48847688547275947, "log10_min_child_weight": 2.2580418518332874, "log10_subsample": -0.15675213873485616, "max_depth": 7.0, "num_boost_round": 3.0}, "datetime": {"datetime": "2024-01-19 00:33:57", "elapsed": 1342.089043, "delta": 0.001383}}
{"target": -17.677106126489388, "params": {"gamma": 434.9730421629505, "log10_alpha": 0.5911833965767013, "log10_colsample_bytree": -0.8209839992629212, "log10_eta": -3.310587740236105, "log10_lambda": 0.48847688547275947, "log10_min_child_weight": 2.2580418518332874, "log10_subsample": -0.15675213873485616, "max_depth": 7.0, "num_boost_round": 4.0}, "datetime": {"datetime": "2024-01-19 00:33:57", "elapsed": 1342.090481, "delta": 0.001438}}
{"target": -17.677087202089563, "params": {"gamma": 434.9730421629505, "log10_alpha": 0.5911833965767013, "log10_colsample_bytree": -0.8209839992629212, "log10_eta": -3.310587740236105, "log10_lambda": 0.48847688547275947, "log10_min_child_weight": 2.2580418518332874, "log10_subsample": -0.15675213873485616, "max_depth": 7.0, "num_boost_round": 5.0}, "datetime": {"datetime": "2024-01-19 00:33:57", "elapsed": 1342.091921, "delta": 0.00144}}
{"target": -17.677088316180765, "params": {"gamma": 434.9730421629505, "log10_alpha": 0.5911833965767013, "log10_colsample_bytree": -0.8209839992629212, "log10_eta": -3.310587740236105, "log10_lambda": 0.48847688547275947, "log10_min_child_weight": 2.2580418518332874, "log10_subsample": -0.15675213873485616, "max_depth": 7.0, "num_boost_round": 6.0}, "datetime": {"datetime": "2024-01-19 00:33:57", "elapsed": 1342.093337, "delta": 0.001416}}
{"target": -17.67704923964187, "params": {"gamma": 434.9730421629505, "log10_alpha": 0.5911833965767013, "log10_colsample_bytree": -0.8209839992629212, "log10_eta": -3.310587740236105, "log10_lambda": 0.48847688547275947, "log10_min_child_weight": 2.2580418518332874, "log10_subsample": -0.15675213873485616, "max_depth": 7.0, "num_boost_round": 7.0}, "datetime": {"datetime": "2024-01-19 00:33:57", "elapsed": 1342.094823, "delta": 0.001486}}
{"target": -17.67704269828849, "params": {"gamma": 434.9730421629505, "log10_alpha": 0.5911833965767013, "log10_colsample_bytree": -0.8209839992629212, "log10_eta": -3.310587740236105, "log10_lambda": 0.48847688547275947, "log10_min_child_weight": 2.2580418518332874, "log10_subsample": -0.15675213873485616, "max_depth": 7.0, "num_boost_round": 8.0}, "datetime": {"datetime": "2024-01-19 00:33:57", "elapsed": 1342.096209, "delta": 0.001386}}
{"target": -17.677065590061005, "params": {"gamma": 434.9730421629505, "log10_alpha": 0.5911833965767013, "log10_colsample_bytree": -0.8209839992629212, "log10_eta": -3.310587740236105, "log10_lambda": 0.48847688547275947, "log10_min_child_weight": 2.2580418518332874, "log10_subsample": -0.15675213873485616, "max_depth": 7.0, "num_boost_round": 9.0}, "datetime": {"datetime": "2024-01-19 00:33:57", "elapsed": 1342.0976, "delta": 0.001391}}
{"target": -17.677029969215816, "params": {"gamma": 434.9730421629505, "log10_alpha": 0.5911833965767013, "log10_colsample_bytree": -0.8209839992629212, "log10_eta": -3.310587740236105, "log10_lambda": 0.48847688547275947, "log10_min_child_weight": 2.2580418518332874, "log10_subsample": -0.15675213873485616, "max_depth": 7.0, "num_boost_round": 10.0}, "datetime": {"datetime": "2024-01-19 00:33:57", "elapsed": 1342.098979, "delta": 0.001379}}
{"target": -17.677012223562578, "params": {"gamma": 434.9730421629505, "log10_alpha": 0.5911833965767013, "log10_colsample_bytree": -0.8209839992629212, "log10_eta": -3.310587740236105, "log10_lambda": 0.48847688547275947, "log10_min_child_weight": 2.2580418518332874, "log10_subsample": -0.15675213873485616, "max_depth": 7.0, "num_boost_round": 11.0}, "datetime": {"datetime": "2024-01-19 00:33:57", "elapsed": 1342.100363, "delta": 0.001384}}
