{"target": -13.758533570067637, "params": {"gamma": 988.7949341174166, "log10_alpha": 1.0, "log10_colsample_bytree": -1.0, "log10_eta": -3.0876840802777057, "log10_lambda": -4.421173311251758, "log10_min_child_weight": 4.553346371852305, "log10_subsample": 0.0, "max_depth": 2.0, "num_boost_round": 9.0}, "datetime": {"datetime": "2024-01-19 00:38:50", "elapsed": 1631.247845, "delta": 0.002506}}
{"target": -13.758534398559217, "params": {"gamma": 988.7949341174166, "log10_alpha": 1.0, "log10_colsample_bytree": -1.0, "log10_eta": -3.0876840802777057, "log10_lambda": -4.421173311251758, "log10_min_child_weight": 4.553346371852305, "log10_subsample": 0.0, "max_depth": 2.0, "num_boost_round": 10.0}, "datetime": {"datetime": "2024-01-19 00:38:50", "elapsed": 1631.250278, "delta": 0.002433}}
{"target": -13.758533812392724, "params": {"gamma": 988.7949341174166, "log10_alpha": 1.0, "log10_colsample_bytree": -1.0, "log10_eta": -3.0876840802777057, "log10_lambda": -4.421173311251758, "log10_min_child_weight": 4.553346371852305, "log10_subsample": 0.0, "max_depth": 2.0, "num_boost_round": 11.0}, "datetime": {"datetime": "2024-01-19 00:38:50", "elapsed": 1631.252684, "delta": 0.002406}}
{"target": -13.758531535324378, "params": {"gamma": 988.7949341174166, "log10_alpha": 1.0, "log10_colsample_bytree": -1.0, "log10_eta": -3.0876840802777057, "log10_lambda": -4.421173311251758, "log10_min_child_weight": 4.553346371852305, "log10_subsample": 0.0, "max_depth": 2.0, "num_boost_round": 12.0}, "datetime": {"datetime": "2024-01-19 00:38:50", "elapsed": 1631.255088, "delta": 0.002404}}
{"target": -13.75852500871665, "params": {"gamma": 988.7949341174166, "log10_alpha": 1.0, "log10_colsample_bytree": -1.0, "log10_eta": -3.0876840802777057, "log10_lambda": -4.421173311251758, "log10_min_child_weight": 4.553346371852305, "log10_subsample": 0.0, "max_depth": 2.0, "num_boost_round": 13.0}, "datetime": {"datetime": "2024-01-19 00:38:50", "elapsed": 1631.257514, "delta": 0.002426}}
{"target": -13.758522465936107, "params": {"gamma": 988.7949341174166, "log10_alpha": 1.0, "log10_colsample_bytree": -1.0, "log10_eta": -3.0876840802777057, "log10_lambda": -4.421173311251758, "log10_min_child_weight": 4.553346371852305, "log10_subsample": 0.0, "max_depth": 2.0, "num_boost_round": 14.0}, "datetime": {"datetime": "2024-01-19 00:38:50", "elapsed": 1631.260012, "delta": 0.002498}}
{"target": -13.758517720811426, "params": {"gamma": 988.7949341174166, "log10_alpha": 1.0, "log10_colsample_bytree": -1.0, "log10_eta": -3.0876840802777057, "log10_lambda": -4.421173311251758, "log10_min_child_weight": 4.553346371852305, "log10_subsample": 0.0, "max_depth": 2.0, "num_boost_round": 15.0}, "datetime": {"datetime": "2024-01-19 00:38:50", "elapsed": 1631.262513, "delta": 0.002501}}
{"target": -13.758503145188971, "params": {"gamma": 952.580558958809, "log10_alpha": 0.6069630563327184, "log10_colsample_bytree": -0.40400611600725556, "log10_eta": -2.978509690276073, "log10_lambda": -1.982480568443584, "log10_min_child_weight": 0.32765053731920346, "log10_subsample": -0.16351297584150848, "max_depth": 3.0, "num_boost_round": 0.0}, "datetime": {"datetime": "2024-01-19 00:39:21", "elapsed": 1662.246642, "delta": 30.984129}}
{"target": -13.75847789744662, "params": {"gamma": 952.580558958809, "log10_alpha": 0.6069630563327184, "log10_colsample_bytree": -0.40400611600725556, "log10_eta": -2.978509690276073, "log10_lambda": -1.982480568443584, "log10_min_child_weight": 0.32765053731920346, "log10_subsample": -0.16351297584150848, "max_depth": 3.0, "num_boost_round": 1.0}, "datetime": {"datetime": "2024-01-19 00:39:21", "elapsed": 1662.249681, "delta": 0.003039}}
{"target": -13.758478744330304, "params": {"gamma": 952.580558958809, "log10_alpha": 0.6069630563327184, "log10_colsample_bytree": -0.40400611600725556, "log10_eta": -2.978509690276073, "log10_lambda": -1.982480568443584, "log10_min_child_weight": 0.32765053731920346, "log10_subsample": -0.16351297584150848, "max_depth": 3.0, "num_boost_round": 2.0}, "datetime": {"datetime": "2024-01-19 00:39:21", "elapsed": 1662.252125, "delta": 0.002444}}
{"target": -13.758468526612381, "params": {"gamma": 952.580558958809, "log10_alpha": 0.6069630563327184, "log10_colsample_bytree": -0.40400611600725556, "log10_eta": -2.978509690276073, "log10_lambda": -1.982480568443584, "log10_min_child_weight": 0.32765053731920346, "log10_subsample": -0.16351297584150848, "max_depth": 3.0, "num_boost_round": 3.0}, "datetime": {"datetime": "2024-01-19 00:39:21", "elapsed": 1662.254594, "delta": 0.002469}}
{"target": -13.758451201964817, "params": {"gamma": 952.580558958809, "log10_alpha": 0.6069630563327184, "log10_colsample_bytree": -0.40400611600725556, "log10_eta": -2.978509690276073, "log10_lambda": -1.982480568443584, "log10_min_child_weight": 0.32765053731920346, "log10_subsample": -0.16351297584150848, "max_depth": 3.0, "num_boost_round": 4.0}, "datetime": {"datetime": "2024-01-19 00:39:21", "elapsed": 1662.257019, "delta": 0.002425}}
{"target": -13.758468074269011, "params": {"gamma": 952.580558958809, "log10_alpha": 0.6069630563327184, "log10_colsample_bytree": -0.40400611600725556, "log10_eta": -2.978509690276073, "log10_lambda": -1.982480568443584, "log10_min_child_weight": 0.32765053731920346, "log10_subsample": -0.16351297584150848, "max_depth": 3.0, "num_boost_round": 5.0}, "datetime": {"datetime": "2024-01-19 00:39:21", "elapsed": 1662.259554, "delta": 0.002535}}
{"target": -13.758452851575607, "params": {"gamma": 952.580558958809, "log10_alpha": 0.6069630563327184, "log10_colsample_bytree": -0.40400611600725556, "log10_eta": -2.978509690276073, "log10_lambda": -1.982480568443584, "log10_min_child_weight": 0.32765053731920346, "log10_subsample": -0.16351297584150848, "max_depth": 3.0, "num_boost_round": 6.0}, "datetime": {"datetime": "2024-01-19 00:39:21", "elapsed": 1662.262119, "delta": 0.002565}}
{"target": -13.758441136142395, "params": {"gamma": 952.580558958809, "log10_alpha": 0.6069630563327184, "log10_colsample_bytree": -0.40400611600725556, "log10_eta": -2.978509690276073, "log10_lambda": -1.982480568443584, "log10_min_child_weight": 0.32765053731920346, "log10_subsample": -0.16351297584150848, "max_depth": 3.0, "num_boost_round": 7.0}, "datetime": {"datetime": "2024-01-19 00:39:21", "elapsed": 1662.26453, "delta": 0.002411}}
{"target": -13.758439368784027, "params": {"gamma": 952.580558958809, "log10_alpha": 0.6069630563327184, "log10_colsample_bytree": -0.40400611600725556, "log10_eta": -2.978509690276073, "log10_lambda": -1.982480568443584, "log10_min_child_weight": 0.32765053731920346, "log10_subsample": -0.16351297584150848, "max_depth": 3.0, "num_boost_round": 8.0}, "datetime": {"datetime": "2024-01-19 00:39:21", "elapsed": 1662.267002, "delta": 0.002472}}
{"target": -13.758413602770979, "params": {"gamma": 952.580558958809, "log10_alpha": 0.6069630563327184, "log10_colsample_bytree": -0.40400611600725556, "log10_eta": -2.978509690276073, "log10_lambda": -1.982480568443584, "log10_min_child_weight": 0.32765053731920346, "log10_subsample": -0.16351297584150848, "max_depth": 3.0, "num_boost_round": 9.0}, "datetime": {"datetime": "2024-01-19 00:39:21", "elapsed": 1662.269438, "delta": 0.002436}}
{"target": -13.75840531698179, "params": {"gamma": 952.580558958809, "log10_alpha": 0.6069630563327184, "log10_colsample_bytree": -0.40400611600725556, "log10_eta": -2.978509690276073, "log10_lambda": -1.982480568443584, "log10_min_child_weight": 0.32765053731920346, "log10_subsample": -0.16351297584150848, "max_depth": 3.0, "num_boost_round": 10.0}, "datetime": {"datetime": "2024-01-19 00:39:21", "elapsed": 1662.271856, "delta": 0.002418}}
{"target": -13.758391509031908, "params": {"gamma": 952.580558958809, "log10_alpha": 0.6069630563327184, "log10_colsample_bytree": -0.40400611600725556, "log10_eta": -2.978509690276073, "log10_lambda": -1.982480568443584, "log10_min_child_weight": 0.32765053731920346, "log10_subsample": -0.16351297584150848, "max_depth": 3.0, "num_boost_round": 11.0}, "datetime": {"datetime": "2024-01-19 00:39:21", "elapsed": 1662.274272, "delta": 0.002416}}
{"target": -13.758384880387139, "params": {"gamma": 952.580558958809, "log10_alpha": 0.6069630563327184, "log10_colsample_bytree": -0.40400611600725556, "log10_eta": -2.978509690276073, "log10_lambda": -1.982480568443584, "log10_min_child_weight": 0.32765053731920346, "log10_subsample": -0.16351297584150848, "max_depth": 3.0, "num_boost_round": 12.0}, "datetime": {"datetime": "2024-01-19 00:39:21", "elapsed": 1662.276682, "delta": 0.00241}}
{"target": -13.75837694638582, "params": {"gamma": 952.580558958809, "log10_alpha": 0.6069630563327184, "log10_colsample_bytree": -0.40400611600725556, "log10_eta": -2.978509690276073, "log10_lambda": -1.982480568443584, "log10_min_child_weight": 0.32765053731920346, "log10_subsample": -0.16351297584150848, "max_depth": 3.0, "num_boost_round": 13.0}, "datetime": {"datetime": "2024-01-19 00:39:21", "elapsed": 1662.279172, "delta": 0.00249}}
{"target": -13.758374085423565, "params": {"gamma": 952.580558958809, "log10_alpha": 0.6069630563327184, "log10_colsample_bytree": -0.40400611600725556, "log10_eta": -2.978509690276073, "log10_lambda": -1.982480568443584, "log10_min_child_weight": 0.32765053731920346, "log10_subsample": -0.16351297584150848, "max_depth": 3.0, "num_boost_round": 14.0}, "datetime": {"datetime": "2024-01-19 00:39:21", "elapsed": 1662.281574, "delta": 0.002402}}
{"target": -13.75836940391247, "params": {"gamma": 952.580558958809, "log10_alpha": 0.6069630563327184, "log10_colsample_bytree": -0.40400611600725556, "log10_eta": -2.978509690276073, "log10_lambda": -1.982480568443584, "log10_min_child_weight": 0.32765053731920346, "log10_subsample": -0.16351297584150848, "max_depth": 3.0, "num_boost_round": 15.0}, "datetime": {"datetime": "2024-01-19 00:39:21", "elapsed": 1662.28398, "delta": 0.002406}}
{"target": -13.758342137510008, "params": {"gamma": 952.580558958809, "log10_alpha": 0.6069630563327184, "log10_colsample_bytree": -0.40400611600725556, "log10_eta": -2.978509690276073, "log10_lambda": -1.982480568443584, "log10_min_child_weight": 0.32765053731920346, "log10_subsample": -0.16351297584150848, "max_depth": 3.0, "num_boost_round": 16.0}, "datetime": {"datetime": "2024-01-19 00:39:21", "elapsed": 1662.286436, "delta": 0.002456}}
{"target": -13.758342138974735, "params": {"gamma": 952.580558958809, "log10_alpha": 0.6069630563327184, "log10_colsample_bytree": -0.40400611600725556, "log10_eta": -2.978509690276073, "log10_lambda": -1.982480568443584, "log10_min_child_weight": 0.32765053731920346, "log10_subsample": -0.16351297584150848, "max_depth": 3.0, "num_boost_round": 17.0}, "datetime": {"datetime": "2024-01-19 00:39:21", "elapsed": 1662.288905, "delta": 0.002469}}
{"target": -13.758329021106572, "params": {"gamma": 952.580558958809, "log10_alpha": 0.6069630563327184, "log10_colsample_bytree": -0.40400611600725556, "log10_eta": -2.978509690276073, "log10_lambda": -1.982480568443584, "log10_min_child_weight": 0.32765053731920346, "log10_subsample": -0.16351297584150848, "max_depth": 3.0, "num_boost_round": 18.0}, "datetime": {"datetime": "2024-01-19 00:39:21", "elapsed": 1662.291322, "delta": 0.002417}}
{"target": -13.7583240052293, "params": {"gamma": 952.580558958809, "log10_alpha": 0.6069630563327184, "log10_colsample_bytree": -0.40400611600725556, "log10_eta": -2.978509690276073, "log10_lambda": -1.982480568443584, "log10_min_child_weight": 0.32765053731920346, "log10_subsample": -0.16351297584150848, "max_depth": 3.0, "num_boost_round": 19.0}, "datetime": {"datetime": "2024-01-19 00:39:21", "elapsed": 1662.293732, "delta": 0.00241}}
{"target": -13.758313686108755, "params": {"gamma": 952.580558958809, "log10_alpha": 0.6069630563327184, "log10_colsample_bytree": -0.40400611600725556, "log10_eta": -2.978509690276073, "log10_lambda": -1.982480568443584, "log10_min_child_weight": 0.32765053731920346, "log10_subsample": -0.16351297584150848, "max_depth": 3.0, "num_boost_round": 20.0}, "datetime": {"datetime": "2024-01-19 00:39:21", "elapsed": 1662.296135, "delta": 0.002403}}
{"target": -13.758302768692852, "params": {"gamma": 952.580558958809, "log10_alpha": 0.6069630563327184, "log10_colsample_bytree": -0.40400611600725556, "log10_eta": -2.978509690276073, "log10_lambda": -1.982480568443584, "log10_min_child_weight": 0.32765053731920346, "log10_subsample": -0.16351297584150848, "max_depth": 3.0, "num_boost_round": 21.0}, "datetime": {"datetime": "2024-01-19 00:39:21", "elapsed": 1662.298544, "delta": 0.002409}}
{"target": -13.758304496316589, "params": {"gamma": 952.580558958809, "log10_alpha": 0.6069630563327184, "log10_colsample_bytree": -0.40400611600725556, "log10_eta": -2.978509690276073, "log10_lambda": -1.982480568443584, "log10_min_child_weight": 0.32765053731920346, "log10_subsample": -0.16351297584150848, "max_depth": 3.0, "num_boost_round": 22.0}, "datetime": {"datetime": "2024-01-19 00:39:21", "elapsed": 1662.301048, "delta": 0.002504}}
{"target": -13.758305251819314, "params": {"gamma": 952.580558958809, "log10_alpha": 0.6069630563327184, "log10_colsample_bytree": -0.40400611600725556, "log10_eta": -2.978509690276073, "log10_lambda": -1.982480568443584, "log10_min_child_weight": 0.32765053731920346, "log10_subsample": -0.16351297584150848, "max_depth": 3.0, "num_boost_round": 23.0}, "datetime": {"datetime": "2024-01-19 00:39:21", "elapsed": 1662.304063, "delta": 0.003015}}
{"target": -13.758286684029256, "params": {"gamma": 952.580558958809, "log10_alpha": 0.6069630563327184, "log10_colsample_bytree": -0.40400611600725556, "log10_eta": -2.978509690276073, "log10_lambda": -1.982480568443584, "log10_min_child_weight": 0.32765053731920346, "log10_subsample": -0.16351297584150848, "max_depth": 3.0, "num_boost_round": 24.0}, "datetime": {"datetime": "2024-01-19 00:39:21", "elapsed": 1662.306824, "delta": 0.002761}}
{"target": -13.758281285008497, "params": {"gamma": 952.580558958809, "log10_alpha": 0.6069630563327184, "log10_colsample_bytree": -0.40400611600725556, "log10_eta": -2.978509690276073, "log10_lambda": -1.982480568443584, "log10_min_child_weight": 0.32765053731920346, "log10_subsample": -0.16351297584150848, "max_depth": 3.0, "num_boost_round": 25.0}, "datetime": {"datetime": "2024-01-19 00:39:21", "elapsed": 1662.309442, "delta": 0.002618}}
{"target": -13.758537219256402, "params": {"gamma": 955.4089257293327, "log10_alpha": 1.0, "log10_colsample_bytree": -0.5872418670267754, "log10_eta": -4.0, "log10_lambda": -0.2905552124206726, "log10_min_child_weight": 4.327730333687548, "log10_subsample": -0.45598100420810644, "max_depth": 6.0, "num_boost_round": 0.0}, "datetime": {"datetime": "2024-01-19 00:39:55", "elapsed": 1696.649905, "delta": 34.340463}}
{"target": -13.758536675514195, "params": {"gamma": 955.4089257293327, "log10_alpha": 1.0, "log10_colsample_bytree": -0.5872418670267754, "log10_eta": -4.0, "log10_lambda": -0.2905552124206726, "log10_min_child_weight": 4.327730333687548, "log10_subsample": -0.45598100420810644, "max_depth": 6.0, "num_boost_round": 1.0}, "datetime": {"datetime": "2024-01-19 00:39:55", "elapsed": 1696.652576, "delta": 0.002671}}
{"target": -13.758536939018482, "params": {"gamma": 955.4089257293327, "log10_alpha": 1.0, "log10_colsample_bytree": -0.5872418670267754, "log10_eta": -4.0, "log10_lambda": -0.2905552124206726, "log10_min_child_weight": 4.327730333687548, "log10_subsample": -0.45598100420810644, "max_depth": 6.0, "num_boost_round": 2.0}, "datetime": {"datetime": "2024-01-19 00:39:55", "elapsed": 1696.655112, "delta": 0.002536}}
{"target": -13.758536408750361, "params": {"gamma": 955.4089257293327, "log10_alpha": 1.0, "log10_colsample_bytree": -0.5872418670267754, "log10_eta": -4.0, "log10_lambda": -0.2905552124206726, "log10_min_child_weight": 4.327730333687548, "log10_subsample": -0.45598100420810644, "max_depth": 6.0, "num_boost_round": 3.0}, "datetime": {"datetime": "2024-01-19 00:39:55", "elapsed": 1696.657647, "delta": 0.002535}}
{"target": -13.758535628871837, "params": {"gamma": 955.4089257293327, "log10_alpha": 1.0, "log10_colsample_bytree": -0.5872418670267754, "log10_eta": -4.0, "log10_lambda": -0.2905552124206726, "log10_min_child_weight": 4.327730333687548, "log10_subsample": -0.45598100420810644, "max_depth": 6.0, "num_boost_round": 4.0}, "datetime": {"datetime": "2024-01-19 00:39:55", "elapsed": 1696.66016, "delta": 0.002513}}
{"target": -13.758535117733347, "params": {"gamma": 955.4089257293327, "log10_alpha": 1.0, "log10_colsample_bytree": -0.5872418670267754, "log10_eta": -4.0, "log10_lambda": -0.2905552124206726, "log10_min_child_weight": 4.327730333687548, "log10_subsample": -0.45598100420810644, "max_depth": 6.0, "num_boost_round": 5.0}, "datetime": {"datetime": "2024-01-19 00:39:55", "elapsed": 1696.662639, "delta": 0.002479}}
{"target": -13.758535339455923, "params": {"gamma": 955.4089257293327, "log10_alpha": 1.0, "log10_colsample_bytree": -0.5872418670267754, "log10_eta": -4.0, "log10_lambda": -0.2905552124206726, "log10_min_child_weight": 4.327730333687548, "log10_subsample": -0.45598100420810644, "max_depth": 6.0, "num_boost_round": 6.0}, "datetime": {"datetime": "2024-01-19 00:39:55", "elapsed": 1696.665156, "delta": 0.002517}}
{"target": -13.758533970260828, "params": {"gamma": 955.4089257293327, "log10_alpha": 1.0, "log10_colsample_bytree": -0.5872418670267754, "log10_eta": -4.0, "log10_lambda": -0.2905552124206726, "log10_min_child_weight": 4.327730333687548, "log10_subsample": -0.45598100420810644, "max_depth": 6.0, "num_boost_round": 7.0}, "datetime": {"datetime": "2024-01-19 00:39:55", "elapsed": 1696.667662, "delta": 0.002506}}
{"target": -13.758533486516226, "params": {"gamma": 955.4089257293327, "log10_alpha": 1.0, "log10_colsample_bytree": -0.5872418670267754, "log10_eta": -4.0, "log10_lambda": -0.2905552124206726, "log10_min_child_weight": 4.327730333687548, "log10_subsample": -0.45598100420810644, "max_depth": 6.0, "num_boost_round": 8.0}, "datetime": {"datetime": "2024-01-19 00:39:55", "elapsed": 1696.670175, "delta": 0.002513}}
{"target": -13.758534009819547, "params": {"gamma": 955.4089257293327, "log10_alpha": 1.0, "log10_colsample_bytree": -0.5872418670267754, "log10_eta": -4.0, "log10_lambda": -0.2905552124206726, "log10_min_child_weight": 4.327730333687548, "log10_subsample": -0.45598100420810644, "max_depth": 6.0, "num_boost_round": 9.0}, "datetime": {"datetime": "2024-01-19 00:39:55", "elapsed": 1696.672658, "delta": 0.002483}}
{"target": -13.758533739797835, "params": {"gamma": 955.4089257293327, "log10_alpha": 1.0, "log10_colsample_bytree": -0.5872418670267754, "log10_eta": -4.0, "log10_lambda": -0.2905552124206726, "log10_min_child_weight": 4.327730333687548, "log10_subsample": -0.45598100420810644, "max_depth": 6.0, "num_boost_round": 10.0}, "datetime": {"datetime": "2024-01-19 00:39:55", "elapsed": 1696.675149, "delta": 0.002491}}
{"target": -13.758533627191593, "params": {"gamma": 955.4089257293327, "log10_alpha": 1.0, "log10_colsample_bytree": -0.5872418670267754, "log10_eta": -4.0, "log10_lambda": -0.2905552124206726, "log10_min_child_weight": 4.327730333687548, "log10_subsample": -0.45598100420810644, "max_depth": 6.0, "num_boost_round": 11.0}, "datetime": {"datetime": "2024-01-19 00:39:55", "elapsed": 1696.677631, "delta": 0.002482}}
{"target": -13.758533559025222, "params": {"gamma": 955.4089257293327, "log10_alpha": 1.0, "log10_colsample_bytree": -0.5872418670267754, "log10_eta": -4.0, "log10_lambda": -0.2905552124206726, "log10_min_child_weight": 4.327730333687548, "log10_subsample": -0.45598100420810644, "max_depth": 6.0, "num_boost_round": 12.0}, "datetime": {"datetime": "2024-01-19 00:39:55", "elapsed": 1696.680126, "delta": 0.002495}}
{"target": -13.75853239916722, "params": {"gamma": 955.4089257293327, "log10_alpha": 1.0, "log10_colsample_bytree": -0.5872418670267754, "log10_eta": -4.0, "log10_lambda": -0.2905552124206726, "log10_min_child_weight": 4.327730333687548, "log10_subsample": -0.45598100420810644, "max_depth": 6.0, "num_boost_round": 13.0}, "datetime": {"datetime": "2024-01-19 00:39:55", "elapsed": 1696.682648, "delta": 0.002522}}
{"target": -13.75853236699858, "params": {"gamma": 955.4089257293327, "log10_alpha": 1.0, "log10_colsample_bytree": -0.5872418670267754, "log10_eta": -4.0, "log10_lambda": -0.2905552124206726, "log10_min_child_weight": 4.327730333687548, "log10_subsample": -0.45598100420810644, "max_depth": 6.0, "num_boost_round": 14.0}, "datetime": {"datetime": "2024-01-19 00:39:55", "elapsed": 1696.685167, "delta": 0.002519}}
{"target": -13.758536305592324, "params": {"gamma": 987.7347504057644, "log10_alpha": -1.1505278215994235, "log10_colsample_bytree": -0.4704413582244771, "log10_eta": -3.6712672345370807, "log10_lambda": 0.6719909494108451, "log10_min_child_weight": 3.4290893585157707, "log10_subsample": -0.09042309696393647, "max_depth": 2.0, "num_boost_round": 0.0}, "datetime": {"datetime": "2024-01-19 00:40:28", "elapsed": 1729.979054, "delta": 33.293887}}
{"target": -13.758534177589503, "params": {"gamma": 987.7347504057644, "log10_alpha": -1.1505278215994235, "log10_colsample_bytree": -0.4704413582244771, "log10_eta": -3.6712672345370807, "log10_lambda": 0.6719909494108451, "log10_min_child_weight": 3.4290893585157707, "log10_subsample": -0.09042309696393647, "max_depth": 2.0, "num_boost_round": 1.0}, "datetime": {"datetime": "2024-01-19 00:40:28", "elapsed": 1729.982058, "delta": 0.003004}}
{"target": -13.75853242690242, "params": {"gamma": 987.7347504057644, "log10_alpha": -1.1505278215994235, "log10_colsample_bytree": -0.4704413582244771, "log10_eta": -3.6712672345370807, "log10_lambda": 0.6719909494108451, "log10_min_child_weight": 3.4290893585157707, "log10_subsample": -0.09042309696393647, "max_depth": 2.0, "num_boost_round": 2.0}, "datetime": {"datetime": "2024-01-19 00:40:28", "elapsed": 1729.984915, "delta": 0.002857}}
