{"target": -13.758407380271745, "params": {"gamma": 30.52557069286721, "log10_alpha": 0.8120438917056454, "log10_colsample_bytree": -0.5832435382787531, "log10_eta": -3.668522855941878, "log10_lambda": -4.070998507433115, "log10_min_child_weight": 2.4015890291351965, "log10_subsample": -0.2178357982271455, "max_depth": 9.0, "num_boost_round": 13.0}, "datetime": {"datetime": "2024-01-19 01:27:32", "elapsed": 4560.147276, "delta": 0.004096}}
{"target": -13.75840802377623, "params": {"gamma": 30.52557069286721, "log10_alpha": 0.8120438917056454, "log10_colsample_bytree": -0.5832435382787531, "log10_eta": -3.668522855941878, "log10_lambda": -4.070998507433115, "log10_min_child_weight": 2.4015890291351965, "log10_subsample": -0.2178357982271455, "max_depth": 9.0, "num_boost_round": 14.0}, "datetime": {"datetime": "2024-01-19 01:27:32", "elapsed": 4560.15154, "delta": 0.004264}}
{"target": -13.758396930444539, "params": {"gamma": 30.52557069286721, "log10_alpha": 0.8120438917056454, "log10_colsample_bytree": -0.5832435382787531, "log10_eta": -3.668522855941878, "log10_lambda": -4.070998507433115, "log10_min_child_weight": 2.4015890291351965, "log10_subsample": -0.2178357982271455, "max_depth": 9.0, "num_boost_round": 15.0}, "datetime": {"datetime": "2024-01-19 01:27:32", "elapsed": 4560.15573, "delta": 0.00419}}
{"target": -13.75839647620497, "params": {"gamma": 30.52557069286721, "log10_alpha": 0.8120438917056454, "log10_colsample_bytree": -0.5832435382787531, "log10_eta": -3.668522855941878, "log10_lambda": -4.070998507433115, "log10_min_child_weight": 2.4015890291351965, "log10_subsample": -0.2178357982271455, "max_depth": 9.0, "num_boost_round": 16.0}, "datetime": {"datetime": "2024-01-19 01:27:32", "elapsed": 4560.159886, "delta": 0.004156}}
{"target": -13.758402973643992, "params": {"gamma": 30.52557069286721, "log10_alpha": 0.8120438917056454, "log10_colsample_bytree": -0.5832435382787531, "log10_eta": -3.668522855941878, "log10_lambda": -4.070998507433115, "log10_min_child_weight": 2.4015890291351965, "log10_subsample": -0.2178357982271455, "max_depth": 9.0, "num_boost_round": 17.0}, "datetime": {"datetime": "2024-01-19 01:27:32", "elapsed": 4560.163951, "delta": 0.004065}}
{"target": -13.75839811290873, "params": {"gamma": 30.52557069286721, "log10_alpha": 0.8120438917056454, "log10_colsample_bytree": -0.5832435382787531, "log10_eta": -3.668522855941878, "log10_lambda": -4.070998507433115, "log10_min_child_weight": 2.4015890291351965, "log10_subsample": -0.2178357982271455, "max_depth": 9.0, "num_boost_round": 18.0}, "datetime": {"datetime": "2024-01-19 01:27:32", "elapsed": 4560.168155, "delta": 0.004204}}
{"target": -13.758383551965517, "params": {"gamma": 30.52557069286721, "log10_alpha": 0.8120438917056454, "log10_colsample_bytree": -0.5832435382787531, "log10_eta": -3.668522855941878, "log10_lambda": -4.070998507433115, "log10_min_child_weight": 2.4015890291351965, "log10_subsample": -0.2178357982271455, "max_depth": 9.0, "num_boost_round": 19.0}, "datetime": {"datetime": "2024-01-19 01:27:32", "elapsed": 4560.172293, "delta": 0.004138}}
{"target": -13.758373118563906, "params": {"gamma": 30.52557069286721, "log10_alpha": 0.8120438917056454, "log10_colsample_bytree": -0.5832435382787531, "log10_eta": -3.668522855941878, "log10_lambda": -4.070998507433115, "log10_min_child_weight": 2.4015890291351965, "log10_subsample": -0.2178357982271455, "max_depth": 9.0, "num_boost_round": 20.0}, "datetime": {"datetime": "2024-01-19 01:27:32", "elapsed": 4560.179655, "delta": 0.007362}}
{"target": -13.7583693032866, "params": {"gamma": 30.52557069286721, "log10_alpha": 0.8120438917056454, "log10_colsample_bytree": -0.5832435382787531, "log10_eta": -3.668522855941878, "log10_lambda": -4.070998507433115, "log10_min_child_weight": 2.4015890291351965, "log10_subsample": -0.2178357982271455, "max_depth": 9.0, "num_boost_round": 21.0}, "datetime": {"datetime": "2024-01-19 01:27:32", "elapsed": 4560.183815, "delta": 0.00416}}
{"target": -13.75835966285717, "params": {"gamma": 30.52557069286721, "log10_alpha": 0.8120438917056454, "log10_colsample_bytree": -0.5832435382787531, "log10_eta": -3.668522855941878, "log10_lambda": -4.070998507433115, "log10_min_child_weight": 2.4015890291351965, "log10_subsample": -0.2178357982271455, "max_depth": 9.0, "num_boost_round": 22.0}, "datetime": {"datetime": "2024-01-19 01:27:32", "elapsed": 4560.187952, "delta": 0.004137}}
{"target": -13.758350812893607, "params": {"gamma": 30.52557069286721, "log10_alpha": 0.8120438917056454, "log10_colsample_bytree": -0.5832435382787531, "log10_eta": -3.668522855941878, "log10_lambda": -4.070998507433115, "log10_min_child_weight": 2.4015890291351965, "log10_subsample": -0.2178357982271455, "max_depth": 9.0, "num_boost_round": 23.0}, "datetime": {"datetime": "2024-01-19 01:27:32", "elapsed": 4560.192231, "delta": 0.004279}}
{"target": -13.758352318383794, "params": {"gamma": 30.52557069286721, "log10_alpha": 0.8120438917056454, "log10_colsample_bytree": -0.5832435382787531, "log10_eta": -3.668522855941878, "log10_lambda": -4.070998507433115, "log10_min_child_weight": 2.4015890291351965, "log10_subsample": -0.2178357982271455, "max_depth": 9.0, "num_boost_round": 24.0}, "datetime": {"datetime": "2024-01-19 01:27:32", "elapsed": 4560.196498, "delta": 0.004267}}
{"target": -13.75834933099174, "params": {"gamma": 30.52557069286721, "log10_alpha": 0.8120438917056454, "log10_colsample_bytree": -0.5832435382787531, "log10_eta": -3.668522855941878, "log10_lambda": -4.070998507433115, "log10_min_child_weight": 2.4015890291351965, "log10_subsample": -0.2178357982271455, "max_depth": 9.0, "num_boost_round": 25.0}, "datetime": {"datetime": "2024-01-19 01:27:32", "elapsed": 4560.200716, "delta": 0.004218}}
{"target": -13.758346724034308, "params": {"gamma": 30.52557069286721, "log10_alpha": 0.8120438917056454, "log10_colsample_bytree": -0.5832435382787531, "log10_eta": -3.668522855941878, "log10_lambda": -4.070998507433115, "log10_min_child_weight": 2.4015890291351965, "log10_subsample": -0.2178357982271455, "max_depth": 9.0, "num_boost_round": 26.0}, "datetime": {"datetime": "2024-01-19 01:27:32", "elapsed": 4560.20491, "delta": 0.004194}}
{"target": -13.758341167957154, "params": {"gamma": 30.52557069286721, "log10_alpha": 0.8120438917056454, "log10_colsample_bytree": -0.5832435382787531, "log10_eta": -3.668522855941878, "log10_lambda": -4.070998507433115, "log10_min_child_weight": 2.4015890291351965, "log10_subsample": -0.2178357982271455, "max_depth": 9.0, "num_boost_round": 27.0}, "datetime": {"datetime": "2024-01-19 01:27:32", "elapsed": 4560.209122, "delta": 0.004212}}
{"target": -13.758332543103394, "params": {"gamma": 30.52557069286721, "log10_alpha": 0.8120438917056454, "log10_colsample_bytree": -0.5832435382787531, "log10_eta": -3.668522855941878, "log10_lambda": -4.070998507433115, "log10_min_child_weight": 2.4015890291351965, "log10_subsample": -0.2178357982271455, "max_depth": 9.0, "num_boost_round": 28.0}, "datetime": {"datetime": "2024-01-19 01:27:32", "elapsed": 4560.213248, "delta": 0.004126}}
{"target": -13.758323691805467, "params": {"gamma": 30.52557069286721, "log10_alpha": 0.8120438917056454, "log10_colsample_bytree": -0.5832435382787531, "log10_eta": -3.668522855941878, "log10_lambda": -4.070998507433115, "log10_min_child_weight": 2.4015890291351965, "log10_subsample": -0.2178357982271455, "max_depth": 9.0, "num_boost_round": 29.0}, "datetime": {"datetime": "2024-01-19 01:27:32", "elapsed": 4560.21735, "delta": 0.004102}}
{"target": -13.758318568953474, "params": {"gamma": 30.52557069286721, "log10_alpha": 0.8120438917056454, "log10_colsample_bytree": -0.5832435382787531, "log10_eta": -3.668522855941878, "log10_lambda": -4.070998507433115, "log10_min_child_weight": 2.4015890291351965, "log10_subsample": -0.2178357982271455, "max_depth": 9.0, "num_boost_round": 30.0}, "datetime": {"datetime": "2024-01-19 01:27:32", "elapsed": 4560.221563, "delta": 0.004213}}
{"target": -13.758304438608118, "params": {"gamma": 30.52557069286721, "log10_alpha": 0.8120438917056454, "log10_colsample_bytree": -0.5832435382787531, "log10_eta": -3.668522855941878, "log10_lambda": -4.070998507433115, "log10_min_child_weight": 2.4015890291351965, "log10_subsample": -0.2178357982271455, "max_depth": 9.0, "num_boost_round": 31.0}, "datetime": {"datetime": "2024-01-19 01:27:32", "elapsed": 4560.225701, "delta": 0.004138}}
{"target": -13.75829824175581, "params": {"gamma": 30.52557069286721, "log10_alpha": 0.8120438917056454, "log10_colsample_bytree": -0.5832435382787531, "log10_eta": -3.668522855941878, "log10_lambda": -4.070998507433115, "log10_min_child_weight": 2.4015890291351965, "log10_subsample": -0.2178357982271455, "max_depth": 9.0, "num_boost_round": 32.0}, "datetime": {"datetime": "2024-01-19 01:27:32", "elapsed": 4560.229924, "delta": 0.004223}}
{"target": -13.75828402327702, "params": {"gamma": 30.52557069286721, "log10_alpha": 0.8120438917056454, "log10_colsample_bytree": -0.5832435382787531, "log10_eta": -3.668522855941878, "log10_lambda": -4.070998507433115, "log10_min_child_weight": 2.4015890291351965, "log10_subsample": -0.2178357982271455, "max_depth": 9.0, "num_boost_round": 33.0}, "datetime": {"datetime": "2024-01-19 01:27:32", "elapsed": 4560.234048, "delta": 0.004124}}
{"target": -13.758283499332245, "params": {"gamma": 30.52557069286721, "log10_alpha": 0.8120438917056454, "log10_colsample_bytree": -0.5832435382787531, "log10_eta": -3.668522855941878, "log10_lambda": -4.070998507433115, "log10_min_child_weight": 2.4015890291351965, "log10_subsample": -0.2178357982271455, "max_depth": 9.0, "num_boost_round": 34.0}, "datetime": {"datetime": "2024-01-19 01:27:32", "elapsed": 4560.238197, "delta": 0.004149}}
{"target": -13.758286399058903, "params": {"gamma": 30.52557069286721, "log10_alpha": 0.8120438917056454, "log10_colsample_bytree": -0.5832435382787531, "log10_eta": -3.668522855941878, "log10_lambda": -4.070998507433115, "log10_min_child_weight": 2.4015890291351965, "log10_subsample": -0.2178357982271455, "max_depth": 9.0, "num_boost_round": 35.0}, "datetime": {"datetime": "2024-01-19 01:27:32", "elapsed": 4560.24238, "delta": 0.004183}}
{"target": -13.758536421999306, "params": {"gamma": 30.683104931036876, "log10_alpha": 0.5607594736609407, "log10_colsample_bytree": -0.23193800524203567, "log10_eta": -3.194013173237294, "log10_lambda": -1.0987148701388225, "log10_min_child_weight": 4.890652660254514, "log10_subsample": -0.7064387346449733, "max_depth": 9.0, "num_boost_round": 0.0}, "datetime": {"datetime": "2024-01-19 01:29:07", "elapsed": 4655.35453, "delta": 95.11215}}
{"target": -13.758534739752713, "params": {"gamma": 30.683104931036876, "log10_alpha": 0.5607594736609407, "log10_colsample_bytree": -0.23193800524203567, "log10_eta": -3.194013173237294, "log10_lambda": -1.0987148701388225, "log10_min_child_weight": 4.890652660254514, "log10_subsample": -0.7064387346449733, "max_depth": 9.0, "num_boost_round": 1.0}, "datetime": {"datetime": "2024-01-19 01:29:07", "elapsed": 4655.359398, "delta": 0.004868}}
{"target": -13.758533671744503, "params": {"gamma": 30.683104931036876, "log10_alpha": 0.5607594736609407, "log10_colsample_bytree": -0.23193800524203567, "log10_eta": -3.194013173237294, "log10_lambda": -1.0987148701388225, "log10_min_child_weight": 4.890652660254514, "log10_subsample": -0.7064387346449733, "max_depth": 9.0, "num_boost_round": 2.0}, "datetime": {"datetime": "2024-01-19 01:29:07", "elapsed": 4655.363724, "delta": 0.004326}}
{"target": -13.758530837328305, "params": {"gamma": 30.683104931036876, "log10_alpha": 0.5607594736609407, "log10_colsample_bytree": -0.23193800524203567, "log10_eta": -3.194013173237294, "log10_lambda": -1.0987148701388225, "log10_min_child_weight": 4.890652660254514, "log10_subsample": -0.7064387346449733, "max_depth": 9.0, "num_boost_round": 3.0}, "datetime": {"datetime": "2024-01-19 01:29:07", "elapsed": 4655.367991, "delta": 0.004267}}
{"target": -13.758529092300531, "params": {"gamma": 30.683104931036876, "log10_alpha": 0.5607594736609407, "log10_colsample_bytree": -0.23193800524203567, "log10_eta": -3.194013173237294, "log10_lambda": -1.0987148701388225, "log10_min_child_weight": 4.890652660254514, "log10_subsample": -0.7064387346449733, "max_depth": 9.0, "num_boost_round": 4.0}, "datetime": {"datetime": "2024-01-19 01:29:07", "elapsed": 4655.372279, "delta": 0.004288}}
{"target": -13.75852623907912, "params": {"gamma": 30.683104931036876, "log10_alpha": 0.5607594736609407, "log10_colsample_bytree": -0.23193800524203567, "log10_eta": -3.194013173237294, "log10_lambda": -1.0987148701388225, "log10_min_child_weight": 4.890652660254514, "log10_subsample": -0.7064387346449733, "max_depth": 9.0, "num_boost_round": 5.0}, "datetime": {"datetime": "2024-01-19 01:29:07", "elapsed": 4655.376477, "delta": 0.004198}}
{"target": -13.75852590214877, "params": {"gamma": 30.683104931036876, "log10_alpha": 0.5607594736609407, "log10_colsample_bytree": -0.23193800524203567, "log10_eta": -3.194013173237294, "log10_lambda": -1.0987148701388225, "log10_min_child_weight": 4.890652660254514, "log10_subsample": -0.7064387346449733, "max_depth": 9.0, "num_boost_round": 6.0}, "datetime": {"datetime": "2024-01-19 01:29:07", "elapsed": 4655.380677, "delta": 0.0042}}
{"target": -13.758524105331233, "params": {"gamma": 30.683104931036876, "log10_alpha": 0.5607594736609407, "log10_colsample_bytree": -0.23193800524203567, "log10_eta": -3.194013173237294, "log10_lambda": -1.0987148701388225, "log10_min_child_weight": 4.890652660254514, "log10_subsample": -0.7064387346449733, "max_depth": 9.0, "num_boost_round": 7.0}, "datetime": {"datetime": "2024-01-19 01:29:07", "elapsed": 4655.505526, "delta": 0.124849}}
{"target": -13.758522192773873, "params": {"gamma": 30.683104931036876, "log10_alpha": 0.5607594736609407, "log10_colsample_bytree": -0.23193800524203567, "log10_eta": -3.194013173237294, "log10_lambda": -1.0987148701388225, "log10_min_child_weight": 4.890652660254514, "log10_subsample": -0.7064387346449733, "max_depth": 9.0, "num_boost_round": 8.0}, "datetime": {"datetime": "2024-01-19 01:29:07", "elapsed": 4655.510638, "delta": 0.005112}}
{"target": -13.758521963573068, "params": {"gamma": 30.683104931036876, "log10_alpha": 0.5607594736609407, "log10_colsample_bytree": -0.23193800524203567, "log10_eta": -3.194013173237294, "log10_lambda": -1.0987148701388225, "log10_min_child_weight": 4.890652660254514, "log10_subsample": -0.7064387346449733, "max_depth": 9.0, "num_boost_round": 9.0}, "datetime": {"datetime": "2024-01-19 01:29:07", "elapsed": 4655.515015, "delta": 0.004377}}
{"target": -13.758519601668464, "params": {"gamma": 30.683104931036876, "log10_alpha": 0.5607594736609407, "log10_colsample_bytree": -0.23193800524203567, "log10_eta": -3.194013173237294, "log10_lambda": -1.0987148701388225, "log10_min_child_weight": 4.890652660254514, "log10_subsample": -0.7064387346449733, "max_depth": 9.0, "num_boost_round": 10.0}, "datetime": {"datetime": "2024-01-19 01:29:07", "elapsed": 4655.519451, "delta": 0.004436}}
{"target": -13.758515331401734, "params": {"gamma": 30.683104931036876, "log10_alpha": 0.5607594736609407, "log10_colsample_bytree": -0.23193800524203567, "log10_eta": -3.194013173237294, "log10_lambda": -1.0987148701388225, "log10_min_child_weight": 4.890652660254514, "log10_subsample": -0.7064387346449733, "max_depth": 9.0, "num_boost_round": 11.0}, "datetime": {"datetime": "2024-01-19 01:29:07", "elapsed": 4655.523706, "delta": 0.004255}}
{"target": -13.75851323709149, "params": {"gamma": 30.683104931036876, "log10_alpha": 0.5607594736609407, "log10_colsample_bytree": -0.23193800524203567, "log10_eta": -3.194013173237294, "log10_lambda": -1.0987148701388225, "log10_min_child_weight": 4.890652660254514, "log10_subsample": -0.7064387346449733, "max_depth": 9.0, "num_boost_round": 12.0}, "datetime": {"datetime": "2024-01-19 01:29:07", "elapsed": 4655.527875, "delta": 0.004169}}
{"target": -13.758510699117124, "params": {"gamma": 30.683104931036876, "log10_alpha": 0.5607594736609407, "log10_colsample_bytree": -0.23193800524203567, "log10_eta": -3.194013173237294, "log10_lambda": -1.0987148701388225, "log10_min_child_weight": 4.890652660254514, "log10_subsample": -0.7064387346449733, "max_depth": 9.0, "num_boost_round": 13.0}, "datetime": {"datetime": "2024-01-19 01:29:07", "elapsed": 4655.532426, "delta": 0.004551}}
{"target": -13.758509100081119, "params": {"gamma": 30.683104931036876, "log10_alpha": 0.5607594736609407, "log10_colsample_bytree": -0.23193800524203567, "log10_eta": -3.194013173237294, "log10_lambda": -1.0987148701388225, "log10_min_child_weight": 4.890652660254514, "log10_subsample": -0.7064387346449733, "max_depth": 9.0, "num_boost_round": 14.0}, "datetime": {"datetime": "2024-01-19 01:29:07", "elapsed": 4655.536652, "delta": 0.004226}}
{"target": -13.758503656439899, "params": {"gamma": 30.683104931036876, "log10_alpha": 0.5607594736609407, "log10_colsample_bytree": -0.23193800524203567, "log10_eta": -3.194013173237294, "log10_lambda": -1.0987148701388225, "log10_min_child_weight": 4.890652660254514, "log10_subsample": -0.7064387346449733, "max_depth": 9.0, "num_boost_round": 15.0}, "datetime": {"datetime": "2024-01-19 01:29:07", "elapsed": 4655.540849, "delta": 0.004197}}
{"target": -13.758500109907201, "params": {"gamma": 30.683104931036876, "log10_alpha": 0.5607594736609407, "log10_colsample_bytree": -0.23193800524203567, "log10_eta": -3.194013173237294, "log10_lambda": -1.0987148701388225, "log10_min_child_weight": 4.890652660254514, "log10_subsample": -0.7064387346449733, "max_depth": 9.0, "num_boost_round": 16.0}, "datetime": {"datetime": "2024-01-19 01:29:07", "elapsed": 4655.545234, "delta": 0.004385}}
{"target": -13.758497765775944, "params": {"gamma": 30.683104931036876, "log10_alpha": 0.5607594736609407, "log10_colsample_bytree": -0.23193800524203567, "log10_eta": -3.194013173237294, "log10_lambda": -1.0987148701388225, "log10_min_child_weight": 4.890652660254514, "log10_subsample": -0.7064387346449733, "max_depth": 9.0, "num_boost_round": 17.0}, "datetime": {"datetime": "2024-01-19 01:29:07", "elapsed": 4655.549541, "delta": 0.004307}}
{"target": -13.758497545021335, "params": {"gamma": 30.683104931036876, "log10_alpha": 0.5607594736609407, "log10_colsample_bytree": -0.23193800524203567, "log10_eta": -3.194013173237294, "log10_lambda": -1.0987148701388225, "log10_min_child_weight": 4.890652660254514, "log10_subsample": -0.7064387346449733, "max_depth": 9.0, "num_boost_round": 18.0}, "datetime": {"datetime": "2024-01-19 01:29:07", "elapsed": 4655.553771, "delta": 0.00423}}
{"target": -13.758494450406806, "params": {"gamma": 30.683104931036876, "log10_alpha": 0.5607594736609407, "log10_colsample_bytree": -0.23193800524203567, "log10_eta": -3.194013173237294, "log10_lambda": -1.0987148701388225, "log10_min_child_weight": 4.890652660254514, "log10_subsample": -0.7064387346449733, "max_depth": 9.0, "num_boost_round": 19.0}, "datetime": {"datetime": "2024-01-19 01:29:07", "elapsed": 4655.558187, "delta": 0.004416}}
{"target": -13.758490261602745, "params": {"gamma": 30.683104931036876, "log10_alpha": 0.5607594736609407, "log10_colsample_bytree": -0.23193800524203567, "log10_eta": -3.194013173237294, "log10_lambda": -1.0987148701388225, "log10_min_child_weight": 4.890652660254514, "log10_subsample": -0.7064387346449733, "max_depth": 9.0, "num_boost_round": 20.0}, "datetime": {"datetime": "2024-01-19 01:29:07", "elapsed": 4655.562456, "delta": 0.004269}}
{"target": -13.758490021766512, "params": {"gamma": 30.683104931036876, "log10_alpha": 0.5607594736609407, "log10_colsample_bytree": -0.23193800524203567, "log10_eta": -3.194013173237294, "log10_lambda": -1.0987148701388225, "log10_min_child_weight": 4.890652660254514, "log10_subsample": -0.7064387346449733, "max_depth": 9.0, "num_boost_round": 21.0}, "datetime": {"datetime": "2024-01-19 01:29:07", "elapsed": 4655.566658, "delta": 0.004202}}
{"target": -13.758486848810456, "params": {"gamma": 30.683104931036876, "log10_alpha": 0.5607594736609407, "log10_colsample_bytree": -0.23193800524203567, "log10_eta": -3.194013173237294, "log10_lambda": -1.0987148701388225, "log10_min_child_weight": 4.890652660254514, "log10_subsample": -0.7064387346449733, "max_depth": 9.0, "num_boost_round": 22.0}, "datetime": {"datetime": "2024-01-19 01:29:07", "elapsed": 4655.571124, "delta": 0.004466}}
{"target": -13.75848342171605, "params": {"gamma": 30.683104931036876, "log10_alpha": 0.5607594736609407, "log10_colsample_bytree": -0.23193800524203567, "log10_eta": -3.194013173237294, "log10_lambda": -1.0987148701388225, "log10_min_child_weight": 4.890652660254514, "log10_subsample": -0.7064387346449733, "max_depth": 9.0, "num_boost_round": 23.0}, "datetime": {"datetime": "2024-01-19 01:29:07", "elapsed": 4655.575432, "delta": 0.004308}}
{"target": -13.758480745297465, "params": {"gamma": 30.683104931036876, "log10_alpha": 0.5607594736609407, "log10_colsample_bytree": -0.23193800524203567, "log10_eta": -3.194013173237294, "log10_lambda": -1.0987148701388225, "log10_min_child_weight": 4.890652660254514, "log10_subsample": -0.7064387346449733, "max_depth": 9.0, "num_boost_round": 24.0}, "datetime": {"datetime": "2024-01-19 01:29:07", "elapsed": 4655.579853, "delta": 0.004421}}
{"target": -13.758476280954946, "params": {"gamma": 30.683104931036876, "log10_alpha": 0.5607594736609407, "log10_colsample_bytree": -0.23193800524203567, "log10_eta": -3.194013173237294, "log10_lambda": -1.0987148701388225, "log10_min_child_weight": 4.890652660254514, "log10_subsample": -0.7064387346449733, "max_depth": 9.0, "num_boost_round": 25.0}, "datetime": {"datetime": "2024-01-19 01:29:07", "elapsed": 4655.58432, "delta": 0.004467}}
