{"target": -17.673247462129318, "params": {"gamma": 971.0364403760497, "log10_alpha": -2.076798520060759, "log10_colsample_bytree": -0.1824519661150671, "log10_eta": -1.486302139360741, "log10_lambda": -3.4595020343349017, "log10_min_child_weight": 0.2643187032809291, "log10_subsample": -0.04901399638919157, "max_depth": 4.0, "num_boost_round": 3.0}, "datetime": {"datetime": "2024-01-19 00:14:07", "elapsed": 141.625707, "delta": 0.000438}}
{"target": -17.67304262534965, "params": {"gamma": 971.0364403760497, "log10_alpha": -2.076798520060759, "log10_colsample_bytree": -0.1824519661150671, "log10_eta": -1.486302139360741, "log10_lambda": -3.4595020343349017, "log10_min_child_weight": 0.2643187032809291, "log10_subsample": -0.04901399638919157, "max_depth": 4.0, "num_boost_round": 4.0}, "datetime": {"datetime": "2024-01-19 00:14:07", "elapsed": 141.626081, "delta": 0.000374}}
{"target": -17.673245587503555, "params": {"gamma": 971.0364403760497, "log10_alpha": -2.076798520060759, "log10_colsample_bytree": -0.1824519661150671, "log10_eta": -1.486302139360741, "log10_lambda": -3.4595020343349017, "log10_min_child_weight": 0.2643187032809291, "log10_subsample": -0.04901399638919157, "max_depth": 4.0, "num_boost_round": 5.0}, "datetime": {"datetime": "2024-01-19 00:14:07", "elapsed": 141.626445, "delta": 0.000364}}
{"target": -17.67320974309188, "params": {"gamma": 971.0364403760497, "log10_alpha": -2.076798520060759, "log10_colsample_bytree": -0.1824519661150671, "log10_eta": -1.486302139360741, "log10_lambda": -3.4595020343349017, "log10_min_child_weight": 0.2643187032809291, "log10_subsample": -0.04901399638919157, "max_depth": 4.0, "num_boost_round": 6.0}, "datetime": {"datetime": "2024-01-19 00:14:07", "elapsed": 141.626803, "delta": 0.000358}}
{"target": -17.67327816150206, "params": {"gamma": 971.0364403760497, "log10_alpha": -2.076798520060759, "log10_colsample_bytree": -0.1824519661150671, "log10_eta": -1.486302139360741, "log10_lambda": -3.4595020343349017, "log10_min_child_weight": 0.2643187032809291, "log10_subsample": -0.04901399638919157, "max_depth": 4.0, "num_boost_round": 7.0}, "datetime": {"datetime": "2024-01-19 00:14:07", "elapsed": 141.627159, "delta": 0.000356}}
{"target": -17.67358666066701, "params": {"gamma": 971.0364403760497, "log10_alpha": -2.076798520060759, "log10_colsample_bytree": -0.1824519661150671, "log10_eta": -1.486302139360741, "log10_lambda": -3.4595020343349017, "log10_min_child_weight": 0.2643187032809291, "log10_subsample": -0.04901399638919157, "max_depth": 4.0, "num_boost_round": 8.0}, "datetime": {"datetime": "2024-01-19 00:14:07", "elapsed": 141.627518, "delta": 0.000359}}
{"target": -17.67338992511031, "params": {"gamma": 971.0364403760497, "log10_alpha": -2.076798520060759, "log10_colsample_bytree": -0.1824519661150671, "log10_eta": -1.486302139360741, "log10_lambda": -3.4595020343349017, "log10_min_child_weight": 0.2643187032809291, "log10_subsample": -0.04901399638919157, "max_depth": 4.0, "num_boost_round": 9.0}, "datetime": {"datetime": "2024-01-19 00:14:07", "elapsed": 141.62788, "delta": 0.000362}}
{"target": -17.67385220552995, "params": {"gamma": 971.0364403760497, "log10_alpha": -2.076798520060759, "log10_colsample_bytree": -0.1824519661150671, "log10_eta": -1.486302139360741, "log10_lambda": -3.4595020343349017, "log10_min_child_weight": 0.2643187032809291, "log10_subsample": -0.04901399638919157, "max_depth": 4.0, "num_boost_round": 10.0}, "datetime": {"datetime": "2024-01-19 00:14:07", "elapsed": 141.628238, "delta": 0.000358}}
{"target": -17.677142151552697, "params": {"gamma": 969.6265375738826, "log10_alpha": -4.8201242246227105, "log10_colsample_bytree": -0.7471839596697581, "log10_eta": -2.7277787326768634, "log10_lambda": 0.5977693594524807, "log10_min_child_weight": 2.8448328542164507, "log10_subsample": -0.396490893622528, "max_depth": 4.0, "num_boost_round": 0.0}, "datetime": {"datetime": "2024-01-19 00:14:25", "elapsed": 159.697788, "delta": 18.06955}}
{"target": -17.677088260275436, "params": {"gamma": 969.6265375738826, "log10_alpha": -4.8201242246227105, "log10_colsample_bytree": -0.7471839596697581, "log10_eta": -2.7277787326768634, "log10_lambda": 0.5977693594524807, "log10_min_child_weight": 2.8448328542164507, "log10_subsample": -0.396490893622528, "max_depth": 4.0, "num_boost_round": 1.0}, "datetime": {"datetime": "2024-01-19 00:14:25", "elapsed": 159.698784, "delta": 0.000996}}
{"target": -17.677000656034846, "params": {"gamma": 969.6265375738826, "log10_alpha": -4.8201242246227105, "log10_colsample_bytree": -0.7471839596697581, "log10_eta": -2.7277787326768634, "log10_lambda": 0.5977693594524807, "log10_min_child_weight": 2.8448328542164507, "log10_subsample": -0.396490893622528, "max_depth": 4.0, "num_boost_round": 2.0}, "datetime": {"datetime": "2024-01-19 00:14:25", "elapsed": 159.699305, "delta": 0.000521}}
{"target": -17.67696795834454, "params": {"gamma": 969.6265375738826, "log10_alpha": -4.8201242246227105, "log10_colsample_bytree": -0.7471839596697581, "log10_eta": -2.7277787326768634, "log10_lambda": 0.5977693594524807, "log10_min_child_weight": 2.8448328542164507, "log10_subsample": -0.396490893622528, "max_depth": 4.0, "num_boost_round": 3.0}, "datetime": {"datetime": "2024-01-19 00:14:25", "elapsed": 159.699696, "delta": 0.000391}}
{"target": -17.676921702502856, "params": {"gamma": 969.6265375738826, "log10_alpha": -4.8201242246227105, "log10_colsample_bytree": -0.7471839596697581, "log10_eta": -2.7277787326768634, "log10_lambda": 0.5977693594524807, "log10_min_child_weight": 2.8448328542164507, "log10_subsample": -0.396490893622528, "max_depth": 4.0, "num_boost_round": 4.0}, "datetime": {"datetime": "2024-01-19 00:14:25", "elapsed": 159.700069, "delta": 0.000373}}
{"target": -17.676880930760237, "params": {"gamma": 969.6265375738826, "log10_alpha": -4.8201242246227105, "log10_colsample_bytree": -0.7471839596697581, "log10_eta": -2.7277787326768634, "log10_lambda": 0.5977693594524807, "log10_min_child_weight": 2.8448328542164507, "log10_subsample": -0.396490893622528, "max_depth": 4.0, "num_boost_round": 5.0}, "datetime": {"datetime": "2024-01-19 00:14:25", "elapsed": 159.700445, "delta": 0.000376}}
{"target": -17.676847574459032, "params": {"gamma": 969.6265375738826, "log10_alpha": -4.8201242246227105, "log10_colsample_bytree": -0.7471839596697581, "log10_eta": -2.7277787326768634, "log10_lambda": 0.5977693594524807, "log10_min_child_weight": 2.8448328542164507, "log10_subsample": -0.396490893622528, "max_depth": 4.0, "num_boost_round": 6.0}, "datetime": {"datetime": "2024-01-19 00:14:25", "elapsed": 159.700822, "delta": 0.000377}}
{"target": -17.676762794437224, "params": {"gamma": 969.6265375738826, "log10_alpha": -4.8201242246227105, "log10_colsample_bytree": -0.7471839596697581, "log10_eta": -2.7277787326768634, "log10_lambda": 0.5977693594524807, "log10_min_child_weight": 2.8448328542164507, "log10_subsample": -0.396490893622528, "max_depth": 4.0, "num_boost_round": 7.0}, "datetime": {"datetime": "2024-01-19 00:14:25", "elapsed": 159.701195, "delta": 0.000373}}
{"target": -17.67669353731591, "params": {"gamma": 969.6265375738826, "log10_alpha": -4.8201242246227105, "log10_colsample_bytree": -0.7471839596697581, "log10_eta": -2.7277787326768634, "log10_lambda": 0.5977693594524807, "log10_min_child_weight": 2.8448328542164507, "log10_subsample": -0.396490893622528, "max_depth": 4.0, "num_boost_round": 8.0}, "datetime": {"datetime": "2024-01-19 00:14:25", "elapsed": 159.701579, "delta": 0.000384}}
{"target": -17.67665950757918, "params": {"gamma": 969.6265375738826, "log10_alpha": -4.8201242246227105, "log10_colsample_bytree": -0.7471839596697581, "log10_eta": -2.7277787326768634, "log10_lambda": 0.5977693594524807, "log10_min_child_weight": 2.8448328542164507, "log10_subsample": -0.396490893622528, "max_depth": 4.0, "num_boost_round": 9.0}, "datetime": {"datetime": "2024-01-19 00:14:25", "elapsed": 159.701953, "delta": 0.000374}}
{"target": -17.67660547834221, "params": {"gamma": 969.6265375738826, "log10_alpha": -4.8201242246227105, "log10_colsample_bytree": -0.7471839596697581, "log10_eta": -2.7277787326768634, "log10_lambda": 0.5977693594524807, "log10_min_child_weight": 2.8448328542164507, "log10_subsample": -0.396490893622528, "max_depth": 4.0, "num_boost_round": 10.0}, "datetime": {"datetime": "2024-01-19 00:14:25", "elapsed": 159.702496, "delta": 0.000543}}
{"target": -17.67720861560427, "params": {"gamma": 965.5932738155686, "log10_alpha": -2.1029315725671114, "log10_colsample_bytree": -0.7086825721339967, "log10_eta": -2.7659684011662247, "log10_lambda": -2.3625694473200434, "log10_min_child_weight": 4.262035191459738, "log10_subsample": -0.4006913548275508, "max_depth": 3.0, "num_boost_round": 0.0}, "datetime": {"datetime": "2024-01-19 00:14:46", "elapsed": 179.923427, "delta": 20.220931}}
{"target": -17.67719685031482, "params": {"gamma": 965.5932738155686, "log10_alpha": -2.1029315725671114, "log10_colsample_bytree": -0.7086825721339967, "log10_eta": -2.7659684011662247, "log10_lambda": -2.3625694473200434, "log10_min_child_weight": 4.262035191459738, "log10_subsample": -0.4006913548275508, "max_depth": 3.0, "num_boost_round": 1.0}, "datetime": {"datetime": "2024-01-19 00:14:46", "elapsed": 179.923974, "delta": 0.000547}}
{"target": -17.67720926031399, "params": {"gamma": 965.5932738155686, "log10_alpha": -2.1029315725671114, "log10_colsample_bytree": -0.7086825721339967, "log10_eta": -2.7659684011662247, "log10_lambda": -2.3625694473200434, "log10_min_child_weight": 4.262035191459738, "log10_subsample": -0.4006913548275508, "max_depth": 3.0, "num_boost_round": 2.0}, "datetime": {"datetime": "2024-01-19 00:14:46", "elapsed": 179.924374, "delta": 0.0004}}
{"target": -17.67718328828862, "params": {"gamma": 965.5932738155686, "log10_alpha": -2.1029315725671114, "log10_colsample_bytree": -0.7086825721339967, "log10_eta": -2.7659684011662247, "log10_lambda": -2.3625694473200434, "log10_min_child_weight": 4.262035191459738, "log10_subsample": -0.4006913548275508, "max_depth": 3.0, "num_boost_round": 3.0}, "datetime": {"datetime": "2024-01-19 00:14:46", "elapsed": 179.92478, "delta": 0.000406}}
{"target": -17.677154798088953, "params": {"gamma": 965.5932738155686, "log10_alpha": -2.1029315725671114, "log10_colsample_bytree": -0.7086825721339967, "log10_eta": -2.7659684011662247, "log10_lambda": -2.3625694473200434, "log10_min_child_weight": 4.262035191459738, "log10_subsample": -0.4006913548275508, "max_depth": 3.0, "num_boost_round": 4.0}, "datetime": {"datetime": "2024-01-19 00:14:46", "elapsed": 179.925601, "delta": 0.000821}}
{"target": -17.677170397227915, "params": {"gamma": 965.5932738155686, "log10_alpha": -2.1029315725671114, "log10_colsample_bytree": -0.7086825721339967, "log10_eta": -2.7659684011662247, "log10_lambda": -2.3625694473200434, "log10_min_child_weight": 4.262035191459738, "log10_subsample": -0.4006913548275508, "max_depth": 3.0, "num_boost_round": 5.0}, "datetime": {"datetime": "2024-01-19 00:14:46", "elapsed": 179.926141, "delta": 0.00054}}
{"target": -17.67720491957069, "params": {"gamma": 965.5932738155686, "log10_alpha": -2.1029315725671114, "log10_colsample_bytree": -0.7086825721339967, "log10_eta": -2.7659684011662247, "log10_lambda": -2.3625694473200434, "log10_min_child_weight": 4.262035191459738, "log10_subsample": -0.4006913548275508, "max_depth": 3.0, "num_boost_round": 6.0}, "datetime": {"datetime": "2024-01-19 00:14:46", "elapsed": 179.92655, "delta": 0.000409}}
{"target": -17.677178814256692, "params": {"gamma": 965.5932738155686, "log10_alpha": -2.1029315725671114, "log10_colsample_bytree": -0.7086825721339967, "log10_eta": -2.7659684011662247, "log10_lambda": -2.3625694473200434, "log10_min_child_weight": 4.262035191459738, "log10_subsample": -0.4006913548275508, "max_depth": 3.0, "num_boost_round": 7.0}, "datetime": {"datetime": "2024-01-19 00:14:46", "elapsed": 179.926941, "delta": 0.000391}}
{"target": -17.677189508832875, "params": {"gamma": 965.5932738155686, "log10_alpha": -2.1029315725671114, "log10_colsample_bytree": -0.7086825721339967, "log10_eta": -2.7659684011662247, "log10_lambda": -2.3625694473200434, "log10_min_child_weight": 4.262035191459738, "log10_subsample": -0.4006913548275508, "max_depth": 3.0, "num_boost_round": 8.0}, "datetime": {"datetime": "2024-01-19 00:14:46", "elapsed": 179.927325, "delta": 0.000384}}
{"target": -17.677176160142704, "params": {"gamma": 965.5932738155686, "log10_alpha": -2.1029315725671114, "log10_colsample_bytree": -0.7086825721339967, "log10_eta": -2.7659684011662247, "log10_lambda": -2.3625694473200434, "log10_min_child_weight": 4.262035191459738, "log10_subsample": -0.4006913548275508, "max_depth": 3.0, "num_boost_round": 9.0}, "datetime": {"datetime": "2024-01-19 00:14:46", "elapsed": 179.927726, "delta": 0.000401}}
{"target": -17.67716807926844, "params": {"gamma": 965.5932738155686, "log10_alpha": -2.1029315725671114, "log10_colsample_bytree": -0.7086825721339967, "log10_eta": -2.7659684011662247, "log10_lambda": -2.3625694473200434, "log10_min_child_weight": 4.262035191459738, "log10_subsample": -0.4006913548275508, "max_depth": 3.0, "num_boost_round": 10.0}, "datetime": {"datetime": "2024-01-19 00:14:46", "elapsed": 179.928232, "delta": 0.000506}}
{"target": -17.677153463143572, "params": {"gamma": 965.5932738155686, "log10_alpha": -2.1029315725671114, "log10_colsample_bytree": -0.7086825721339967, "log10_eta": -2.7659684011662247, "log10_lambda": -2.3625694473200434, "log10_min_child_weight": 4.262035191459738, "log10_subsample": -0.4006913548275508, "max_depth": 3.0, "num_boost_round": 11.0}, "datetime": {"datetime": "2024-01-19 00:14:46", "elapsed": 179.928639, "delta": 0.000407}}
{"target": -17.677178753550393, "params": {"gamma": 965.5932738155686, "log10_alpha": -2.1029315725671114, "log10_colsample_bytree": -0.7086825721339967, "log10_eta": -2.7659684011662247, "log10_lambda": -2.3625694473200434, "log10_min_child_weight": 4.262035191459738, "log10_subsample": -0.4006913548275508, "max_depth": 3.0, "num_boost_round": 12.0}, "datetime": {"datetime": "2024-01-19 00:14:46", "elapsed": 179.929033, "delta": 0.000394}}
{"target": -17.677181948628306, "params": {"gamma": 965.5932738155686, "log10_alpha": -2.1029315725671114, "log10_colsample_bytree": -0.7086825721339967, "log10_eta": -2.7659684011662247, "log10_lambda": -2.3625694473200434, "log10_min_child_weight": 4.262035191459738, "log10_subsample": -0.4006913548275508, "max_depth": 3.0, "num_boost_round": 13.0}, "datetime": {"datetime": "2024-01-19 00:14:46", "elapsed": 179.929434, "delta": 0.000401}}
{"target": -17.677161689439018, "params": {"gamma": 965.5932738155686, "log10_alpha": -2.1029315725671114, "log10_colsample_bytree": -0.7086825721339967, "log10_eta": -2.7659684011662247, "log10_lambda": -2.3625694473200434, "log10_min_child_weight": 4.262035191459738, "log10_subsample": -0.4006913548275508, "max_depth": 3.0, "num_boost_round": 14.0}, "datetime": {"datetime": "2024-01-19 00:14:46", "elapsed": 179.929827, "delta": 0.000393}}
{"target": -17.6771517679752, "params": {"gamma": 965.5932738155686, "log10_alpha": -2.1029315725671114, "log10_colsample_bytree": -0.7086825721339967, "log10_eta": -2.7659684011662247, "log10_lambda": -2.3625694473200434, "log10_min_child_weight": 4.262035191459738, "log10_subsample": -0.4006913548275508, "max_depth": 3.0, "num_boost_round": 15.0}, "datetime": {"datetime": "2024-01-19 00:14:46", "elapsed": 179.930225, "delta": 0.000398}}
{"target": -17.67149360319752, "params": {"gamma": 965.793873531495, "log10_alpha": -0.20068822987279855, "log10_colsample_bytree": -0.7015735574844931, "log10_eta": -0.7936603925026908, "log10_lambda": -1.808017072841814, "log10_min_child_weight": 1.4328159416459185, "log10_subsample": -0.19679685623226995, "max_depth": 5.0, "num_boost_round": 0.0}, "datetime": {"datetime": "2024-01-19 00:15:06", "elapsed": 200.158422, "delta": 20.228197}}
{"target": -17.670767048839835, "params": {"gamma": 965.793873531495, "log10_alpha": -0.20068822987279855, "log10_colsample_bytree": -0.7015735574844931, "log10_eta": -0.7936603925026908, "log10_lambda": -1.808017072841814, "log10_min_child_weight": 1.4328159416459185, "log10_subsample": -0.19679685623226995, "max_depth": 5.0, "num_boost_round": 1.0}, "datetime": {"datetime": "2024-01-19 00:15:06", "elapsed": 200.159649, "delta": 0.001227}}
{"target": -17.67039660211372, "params": {"gamma": 965.793873531495, "log10_alpha": -0.20068822987279855, "log10_colsample_bytree": -0.7015735574844931, "log10_eta": -0.7936603925026908, "log10_lambda": -1.808017072841814, "log10_min_child_weight": 1.4328159416459185, "log10_subsample": -0.19679685623226995, "max_depth": 5.0, "num_boost_round": 2.0}, "datetime": {"datetime": "2024-01-19 00:15:06", "elapsed": 200.160553, "delta": 0.000904}}
{"target": -17.669504089089298, "params": {"gamma": 965.793873531495, "log10_alpha": -0.20068822987279855, "log10_colsample_bytree": -0.7015735574844931, "log10_eta": -0.7936603925026908, "log10_lambda": -1.808017072841814, "log10_min_child_weight": 1.4328159416459185, "log10_subsample": -0.19679685623226995, "max_depth": 5.0, "num_boost_round": 3.0}, "datetime": {"datetime": "2024-01-19 00:15:06", "elapsed": 200.160998, "delta": 0.000445}}
{"target": -17.668394309902933, "params": {"gamma": 965.793873531495, "log10_alpha": -0.20068822987279855, "log10_colsample_bytree": -0.7015735574844931, "log10_eta": -0.7936603925026908, "log10_lambda": -1.808017072841814, "log10_min_child_weight": 1.4328159416459185, "log10_subsample": -0.19679685623226995, "max_depth": 5.0, "num_boost_round": 4.0}, "datetime": {"datetime": "2024-01-19 00:15:06", "elapsed": 200.161423, "delta": 0.000425}}
{"target": -17.677270466797946, "params": {"gamma": 965.793873531495, "log10_alpha": -0.20068822987279855, "log10_colsample_bytree": -0.7015735574844931, "log10_eta": -0.7936603925026908, "log10_lambda": -1.808017072841814, "log10_min_child_weight": 1.4328159416459185, "log10_subsample": -0.19679685623226995, "max_depth": 5.0, "num_boost_round": 5.0}, "datetime": {"datetime": "2024-01-19 00:15:06", "elapsed": 200.161835, "delta": 0.000412}}
{"target": -17.68794965982084, "params": {"gamma": 965.793873531495, "log10_alpha": -0.20068822987279855, "log10_colsample_bytree": -0.7015735574844931, "log10_eta": -0.7936603925026908, "log10_lambda": -1.808017072841814, "log10_min_child_weight": 1.4328159416459185, "log10_subsample": -0.19679685623226995, "max_depth": 5.0, "num_boost_round": 6.0}, "datetime": {"datetime": "2024-01-19 00:15:06", "elapsed": 200.162243, "delta": 0.000408}}
{"target": -17.703703152347185, "params": {"gamma": 965.793873531495, "log10_alpha": -0.20068822987279855, "log10_colsample_bytree": -0.7015735574844931, "log10_eta": -0.7936603925026908, "log10_lambda": -1.808017072841814, "log10_min_child_weight": 1.4328159416459185, "log10_subsample": -0.19679685623226995, "max_depth": 5.0, "num_boost_round": 7.0}, "datetime": {"datetime": "2024-01-19 00:15:06", "elapsed": 200.162793, "delta": 0.00055}}
{"target": -17.70806591022202, "params": {"gamma": 965.793873531495, "log10_alpha": -0.20068822987279855, "log10_colsample_bytree": -0.7015735574844931, "log10_eta": -0.7936603925026908, "log10_lambda": -1.808017072841814, "log10_min_child_weight": 1.4328159416459185, "log10_subsample": -0.19679685623226995, "max_depth": 5.0, "num_boost_round": 8.0}, "datetime": {"datetime": "2024-01-19 00:15:06", "elapsed": 200.163371, "delta": 0.000578}}
{"target": -17.71259181429511, "params": {"gamma": 965.793873531495, "log10_alpha": -0.20068822987279855, "log10_colsample_bytree": -0.7015735574844931, "log10_eta": -0.7936603925026908, "log10_lambda": -1.808017072841814, "log10_min_child_weight": 1.4328159416459185, "log10_subsample": -0.19679685623226995, "max_depth": 5.0, "num_boost_round": 9.0}, "datetime": {"datetime": "2024-01-19 00:15:06", "elapsed": 200.163879, "delta": 0.000508}}
{"target": -17.71424342925818, "params": {"gamma": 965.793873531495, "log10_alpha": -0.20068822987279855, "log10_colsample_bytree": -0.7015735574844931, "log10_eta": -0.7936603925026908, "log10_lambda": -1.808017072841814, "log10_min_child_weight": 1.4328159416459185, "log10_subsample": -0.19679685623226995, "max_depth": 5.0, "num_boost_round": 10.0}, "datetime": {"datetime": "2024-01-19 00:15:06", "elapsed": 200.164403, "delta": 0.000524}}
{"target": -17.720517846273907, "params": {"gamma": 965.793873531495, "log10_alpha": -0.20068822987279855, "log10_colsample_bytree": -0.7015735574844931, "log10_eta": -0.7936603925026908, "log10_lambda": -1.808017072841814, "log10_min_child_weight": 1.4328159416459185, "log10_subsample": -0.19679685623226995, "max_depth": 5.0, "num_boost_round": 11.0}, "datetime": {"datetime": "2024-01-19 00:15:06", "elapsed": 200.164827, "delta": 0.000424}}
{"target": -17.727575894699825, "params": {"gamma": 965.793873531495, "log10_alpha": -0.20068822987279855, "log10_colsample_bytree": -0.7015735574844931, "log10_eta": -0.7936603925026908, "log10_lambda": -1.808017072841814, "log10_min_child_weight": 1.4328159416459185, "log10_subsample": -0.19679685623226995, "max_depth": 5.0, "num_boost_round": 12.0}, "datetime": {"datetime": "2024-01-19 00:15:06", "elapsed": 200.165242, "delta": 0.000415}}
{"target": -17.738355279145974, "params": {"gamma": 965.793873531495, "log10_alpha": -0.20068822987279855, "log10_colsample_bytree": -0.7015735574844931, "log10_eta": -0.7936603925026908, "log10_lambda": -1.808017072841814, "log10_min_child_weight": 1.4328159416459185, "log10_subsample": -0.19679685623226995, "max_depth": 5.0, "num_boost_round": 13.0}, "datetime": {"datetime": "2024-01-19 00:15:06", "elapsed": 200.165668, "delta": 0.000426}}
