{"target": -17.677220281689436, "params": {"gamma": 444.6742742115257, "log10_alpha": -4.066763850642431, "log10_colsample_bytree": -0.7570850034653401, "log10_eta": -3.8880414036531517, "log10_lambda": -3.4547068144408577, "log10_min_child_weight": 2.669940575916518, "log10_subsample": -0.8263027216892466, "max_depth": 4.0, "num_boost_round": 3.0}, "datetime": {"datetime": "2024-01-19 00:53:44", "elapsed": 2528.740111, "delta": 0.002178}}
{"target": -17.67721520863955, "params": {"gamma": 444.6742742115257, "log10_alpha": -4.066763850642431, "log10_colsample_bytree": -0.7570850034653401, "log10_eta": -3.8880414036531517, "log10_lambda": -3.4547068144408577, "log10_min_child_weight": 2.669940575916518, "log10_subsample": -0.8263027216892466, "max_depth": 4.0, "num_boost_round": 4.0}, "datetime": {"datetime": "2024-01-19 00:53:44", "elapsed": 2528.742256, "delta": 0.002145}}
{"target": -17.677210572097636, "params": {"gamma": 444.6742742115257, "log10_alpha": -4.066763850642431, "log10_colsample_bytree": -0.7570850034653401, "log10_eta": -3.8880414036531517, "log10_lambda": -3.4547068144408577, "log10_min_child_weight": 2.669940575916518, "log10_subsample": -0.8263027216892466, "max_depth": 4.0, "num_boost_round": 5.0}, "datetime": {"datetime": "2024-01-19 00:53:44", "elapsed": 2528.74441, "delta": 0.002154}}
{"target": -17.67720676295548, "params": {"gamma": 444.6742742115257, "log10_alpha": -4.066763850642431, "log10_colsample_bytree": -0.7570850034653401, "log10_eta": -3.8880414036531517, "log10_lambda": -3.4547068144408577, "log10_min_child_weight": 2.669940575916518, "log10_subsample": -0.8263027216892466, "max_depth": 4.0, "num_boost_round": 6.0}, "datetime": {"datetime": "2024-01-19 00:53:44", "elapsed": 2528.747314, "delta": 0.002904}}
{"target": -17.677201005451842, "params": {"gamma": 444.6742742115257, "log10_alpha": -4.066763850642431, "log10_colsample_bytree": -0.7570850034653401, "log10_eta": -3.8880414036531517, "log10_lambda": -3.4547068144408577, "log10_min_child_weight": 2.669940575916518, "log10_subsample": -0.8263027216892466, "max_depth": 4.0, "num_boost_round": 7.0}, "datetime": {"datetime": "2024-01-19 00:53:44", "elapsed": 2528.749472, "delta": 0.002158}}
{"target": -17.67719654989034, "params": {"gamma": 444.6742742115257, "log10_alpha": -4.066763850642431, "log10_colsample_bytree": -0.7570850034653401, "log10_eta": -3.8880414036531517, "log10_lambda": -3.4547068144408577, "log10_min_child_weight": 2.669940575916518, "log10_subsample": -0.8263027216892466, "max_depth": 4.0, "num_boost_round": 8.0}, "datetime": {"datetime": "2024-01-19 00:53:44", "elapsed": 2528.751676, "delta": 0.002204}}
{"target": -17.67719735823, "params": {"gamma": 444.6742742115257, "log10_alpha": -4.066763850642431, "log10_colsample_bytree": -0.7570850034653401, "log10_eta": -3.8880414036531517, "log10_lambda": -3.4547068144408577, "log10_min_child_weight": 2.669940575916518, "log10_subsample": -0.8263027216892466, "max_depth": 4.0, "num_boost_round": 9.0}, "datetime": {"datetime": "2024-01-19 00:53:44", "elapsed": 2528.753979, "delta": 0.002303}}
{"target": -17.677231707063086, "params": {"gamma": 427.78298224748426, "log10_alpha": -3.846284815679523, "log10_colsample_bytree": -0.526406313341016, "log10_eta": -3.564007013729809, "log10_lambda": -2.228406151863152, "log10_min_child_weight": 4.583043345727681, "log10_subsample": -0.21875357857307764, "max_depth": 9.0, "num_boost_round": 0.0}, "datetime": {"datetime": "2024-01-19 00:54:21", "elapsed": 2566.007702, "delta": 37.253723}}
{"target": -17.67722878099236, "params": {"gamma": 427.78298224748426, "log10_alpha": -3.846284815679523, "log10_colsample_bytree": -0.526406313341016, "log10_eta": -3.564007013729809, "log10_lambda": -2.228406151863152, "log10_min_child_weight": 4.583043345727681, "log10_subsample": -0.21875357857307764, "max_depth": 9.0, "num_boost_round": 1.0}, "datetime": {"datetime": "2024-01-19 00:54:21", "elapsed": 2566.010615, "delta": 0.002913}}
{"target": -17.677227512899425, "params": {"gamma": 427.78298224748426, "log10_alpha": -3.846284815679523, "log10_colsample_bytree": -0.526406313341016, "log10_eta": -3.564007013729809, "log10_lambda": -2.228406151863152, "log10_min_child_weight": 4.583043345727681, "log10_subsample": -0.21875357857307764, "max_depth": 9.0, "num_boost_round": 2.0}, "datetime": {"datetime": "2024-01-19 00:54:21", "elapsed": 2566.012948, "delta": 0.002333}}
{"target": -17.6772248692383, "params": {"gamma": 427.78298224748426, "log10_alpha": -3.846284815679523, "log10_colsample_bytree": -0.526406313341016, "log10_eta": -3.564007013729809, "log10_lambda": -2.228406151863152, "log10_min_child_weight": 4.583043345727681, "log10_subsample": -0.21875357857307764, "max_depth": 9.0, "num_boost_round": 3.0}, "datetime": {"datetime": "2024-01-19 00:54:21", "elapsed": 2566.01526, "delta": 0.002312}}
{"target": -17.677221412312385, "params": {"gamma": 427.78298224748426, "log10_alpha": -3.846284815679523, "log10_colsample_bytree": -0.526406313341016, "log10_eta": -3.564007013729809, "log10_lambda": -2.228406151863152, "log10_min_child_weight": 4.583043345727681, "log10_subsample": -0.21875357857307764, "max_depth": 9.0, "num_boost_round": 4.0}, "datetime": {"datetime": "2024-01-19 00:54:21", "elapsed": 2566.017503, "delta": 0.002243}}
{"target": -17.677219902727867, "params": {"gamma": 427.78298224748426, "log10_alpha": -3.846284815679523, "log10_colsample_bytree": -0.526406313341016, "log10_eta": -3.564007013729809, "log10_lambda": -2.228406151863152, "log10_min_child_weight": 4.583043345727681, "log10_subsample": -0.21875357857307764, "max_depth": 9.0, "num_boost_round": 5.0}, "datetime": {"datetime": "2024-01-19 00:54:21", "elapsed": 2566.019663, "delta": 0.00216}}
{"target": -17.677220332841703, "params": {"gamma": 427.78298224748426, "log10_alpha": -3.846284815679523, "log10_colsample_bytree": -0.526406313341016, "log10_eta": -3.564007013729809, "log10_lambda": -2.228406151863152, "log10_min_child_weight": 4.583043345727681, "log10_subsample": -0.21875357857307764, "max_depth": 9.0, "num_boost_round": 6.0}, "datetime": {"datetime": "2024-01-19 00:54:21", "elapsed": 2566.021815, "delta": 0.002152}}
{"target": -17.677221622605796, "params": {"gamma": 427.78298224748426, "log10_alpha": -3.846284815679523, "log10_colsample_bytree": -0.526406313341016, "log10_eta": -3.564007013729809, "log10_lambda": -2.228406151863152, "log10_min_child_weight": 4.583043345727681, "log10_subsample": -0.21875357857307764, "max_depth": 9.0, "num_boost_round": 7.0}, "datetime": {"datetime": "2024-01-19 00:54:21", "elapsed": 2566.024019, "delta": 0.002204}}
{"target": -17.677219530076666, "params": {"gamma": 427.78298224748426, "log10_alpha": -3.846284815679523, "log10_colsample_bytree": -0.526406313341016, "log10_eta": -3.564007013729809, "log10_lambda": -2.228406151863152, "log10_min_child_weight": 4.583043345727681, "log10_subsample": -0.21875357857307764, "max_depth": 9.0, "num_boost_round": 8.0}, "datetime": {"datetime": "2024-01-19 00:54:21", "elapsed": 2566.026175, "delta": 0.002156}}
{"target": -17.677215891231782, "params": {"gamma": 427.78298224748426, "log10_alpha": -3.846284815679523, "log10_colsample_bytree": -0.526406313341016, "log10_eta": -3.564007013729809, "log10_lambda": -2.228406151863152, "log10_min_child_weight": 4.583043345727681, "log10_subsample": -0.21875357857307764, "max_depth": 9.0, "num_boost_round": 9.0}, "datetime": {"datetime": "2024-01-19 00:54:21", "elapsed": 2566.02835, "delta": 0.002175}}
{"target": -17.677213084809676, "params": {"gamma": 427.78298224748426, "log10_alpha": -3.846284815679523, "log10_colsample_bytree": -0.526406313341016, "log10_eta": -3.564007013729809, "log10_lambda": -2.228406151863152, "log10_min_child_weight": 4.583043345727681, "log10_subsample": -0.21875357857307764, "max_depth": 9.0, "num_boost_round": 10.0}, "datetime": {"datetime": "2024-01-19 00:54:21", "elapsed": 2566.030602, "delta": 0.002252}}
{"target": -17.677208876848745, "params": {"gamma": 427.78298224748426, "log10_alpha": -3.846284815679523, "log10_colsample_bytree": -0.526406313341016, "log10_eta": -3.564007013729809, "log10_lambda": -2.228406151863152, "log10_min_child_weight": 4.583043345727681, "log10_subsample": -0.21875357857307764, "max_depth": 9.0, "num_boost_round": 11.0}, "datetime": {"datetime": "2024-01-19 00:54:21", "elapsed": 2566.032784, "delta": 0.002182}}
{"target": -17.677209525009697, "params": {"gamma": 427.78298224748426, "log10_alpha": -3.846284815679523, "log10_colsample_bytree": -0.526406313341016, "log10_eta": -3.564007013729809, "log10_lambda": -2.228406151863152, "log10_min_child_weight": 4.583043345727681, "log10_subsample": -0.21875357857307764, "max_depth": 9.0, "num_boost_round": 12.0}, "datetime": {"datetime": "2024-01-19 00:54:21", "elapsed": 2566.035054, "delta": 0.00227}}
{"target": -17.67720502223135, "params": {"gamma": 427.78298224748426, "log10_alpha": -3.846284815679523, "log10_colsample_bytree": -0.526406313341016, "log10_eta": -3.564007013729809, "log10_lambda": -2.228406151863152, "log10_min_child_weight": 4.583043345727681, "log10_subsample": -0.21875357857307764, "max_depth": 9.0, "num_boost_round": 13.0}, "datetime": {"datetime": "2024-01-19 00:54:21", "elapsed": 2566.037258, "delta": 0.002204}}
{"target": -17.677200394417326, "params": {"gamma": 427.78298224748426, "log10_alpha": -3.846284815679523, "log10_colsample_bytree": -0.526406313341016, "log10_eta": -3.564007013729809, "log10_lambda": -2.228406151863152, "log10_min_child_weight": 4.583043345727681, "log10_subsample": -0.21875357857307764, "max_depth": 9.0, "num_boost_round": 14.0}, "datetime": {"datetime": "2024-01-19 00:54:21", "elapsed": 2566.039431, "delta": 0.002173}}
{"target": -17.67719736809905, "params": {"gamma": 427.78298224748426, "log10_alpha": -3.846284815679523, "log10_colsample_bytree": -0.526406313341016, "log10_eta": -3.564007013729809, "log10_lambda": -2.228406151863152, "log10_min_child_weight": 4.583043345727681, "log10_subsample": -0.21875357857307764, "max_depth": 9.0, "num_boost_round": 15.0}, "datetime": {"datetime": "2024-01-19 00:54:21", "elapsed": 2566.041604, "delta": 0.002173}}
{"target": -17.67719433142506, "params": {"gamma": 427.78298224748426, "log10_alpha": -3.846284815679523, "log10_colsample_bytree": -0.526406313341016, "log10_eta": -3.564007013729809, "log10_lambda": -2.228406151863152, "log10_min_child_weight": 4.583043345727681, "log10_subsample": -0.21875357857307764, "max_depth": 9.0, "num_boost_round": 16.0}, "datetime": {"datetime": "2024-01-19 00:54:21", "elapsed": 2566.043814, "delta": 0.00221}}
{"target": -17.677192888125024, "params": {"gamma": 427.78298224748426, "log10_alpha": -3.846284815679523, "log10_colsample_bytree": -0.526406313341016, "log10_eta": -3.564007013729809, "log10_lambda": -2.228406151863152, "log10_min_child_weight": 4.583043345727681, "log10_subsample": -0.21875357857307764, "max_depth": 9.0, "num_boost_round": 17.0}, "datetime": {"datetime": "2024-01-19 00:54:21", "elapsed": 2566.045991, "delta": 0.002177}}
{"target": -17.677190323234363, "params": {"gamma": 427.78298224748426, "log10_alpha": -3.846284815679523, "log10_colsample_bytree": -0.526406313341016, "log10_eta": -3.564007013729809, "log10_lambda": -2.228406151863152, "log10_min_child_weight": 4.583043345727681, "log10_subsample": -0.21875357857307764, "max_depth": 9.0, "num_boost_round": 18.0}, "datetime": {"datetime": "2024-01-19 00:54:21", "elapsed": 2566.04817, "delta": 0.002179}}
{"target": -17.677185504305953, "params": {"gamma": 427.78298224748426, "log10_alpha": -3.846284815679523, "log10_colsample_bytree": -0.526406313341016, "log10_eta": -3.564007013729809, "log10_lambda": -2.228406151863152, "log10_min_child_weight": 4.583043345727681, "log10_subsample": -0.21875357857307764, "max_depth": 9.0, "num_boost_round": 19.0}, "datetime": {"datetime": "2024-01-19 00:54:21", "elapsed": 2566.05042, "delta": 0.00225}}
{"target": -17.677181963595597, "params": {"gamma": 427.78298224748426, "log10_alpha": -3.846284815679523, "log10_colsample_bytree": -0.526406313341016, "log10_eta": -3.564007013729809, "log10_lambda": -2.228406151863152, "log10_min_child_weight": 4.583043345727681, "log10_subsample": -0.21875357857307764, "max_depth": 9.0, "num_boost_round": 20.0}, "datetime": {"datetime": "2024-01-19 00:54:21", "elapsed": 2566.052614, "delta": 0.002194}}
{"target": -17.6771797167513, "params": {"gamma": 427.78298224748426, "log10_alpha": -3.846284815679523, "log10_colsample_bytree": -0.526406313341016, "log10_eta": -3.564007013729809, "log10_lambda": -2.228406151863152, "log10_min_child_weight": 4.583043345727681, "log10_subsample": -0.21875357857307764, "max_depth": 9.0, "num_boost_round": 21.0}, "datetime": {"datetime": "2024-01-19 00:54:21", "elapsed": 2566.054873, "delta": 0.002259}}
{"target": -17.6771789930473, "params": {"gamma": 427.78298224748426, "log10_alpha": -3.846284815679523, "log10_colsample_bytree": -0.526406313341016, "log10_eta": -3.564007013729809, "log10_lambda": -2.228406151863152, "log10_min_child_weight": 4.583043345727681, "log10_subsample": -0.21875357857307764, "max_depth": 9.0, "num_boost_round": 22.0}, "datetime": {"datetime": "2024-01-19 00:54:21", "elapsed": 2566.057077, "delta": 0.002204}}
{"target": -17.677175887531202, "params": {"gamma": 427.78298224748426, "log10_alpha": -3.846284815679523, "log10_colsample_bytree": -0.526406313341016, "log10_eta": -3.564007013729809, "log10_lambda": -2.228406151863152, "log10_min_child_weight": 4.583043345727681, "log10_subsample": -0.21875357857307764, "max_depth": 9.0, "num_boost_round": 23.0}, "datetime": {"datetime": "2024-01-19 00:54:21", "elapsed": 2566.059247, "delta": 0.00217}}
{"target": -17.677174906889213, "params": {"gamma": 427.78298224748426, "log10_alpha": -3.846284815679523, "log10_colsample_bytree": -0.526406313341016, "log10_eta": -3.564007013729809, "log10_lambda": -2.228406151863152, "log10_min_child_weight": 4.583043345727681, "log10_subsample": -0.21875357857307764, "max_depth": 9.0, "num_boost_round": 24.0}, "datetime": {"datetime": "2024-01-19 00:54:21", "elapsed": 2566.061435, "delta": 0.002188}}
{"target": -17.677227899085818, "params": {"gamma": 443.3625423785237, "log10_alpha": -3.2570611608668587, "log10_colsample_bytree": -0.5716395092797517, "log10_eta": -3.715401336615265, "log10_lambda": -4.395975112278277, "log10_min_child_weight": 1.854823101217871, "log10_subsample": -0.06499751902107176, "max_depth": 5.0, "num_boost_round": 0.0}, "datetime": {"datetime": "2024-01-19 00:54:56", "elapsed": 2600.60608, "delta": 34.544645}}
{"target": -17.677233722210232, "params": {"gamma": 443.3625423785237, "log10_alpha": -3.2570611608668587, "log10_colsample_bytree": -0.5716395092797517, "log10_eta": -3.715401336615265, "log10_lambda": -4.395975112278277, "log10_min_child_weight": 1.854823101217871, "log10_subsample": -0.06499751902107176, "max_depth": 5.0, "num_boost_round": 1.0}, "datetime": {"datetime": "2024-01-19 00:54:56", "elapsed": 2600.60906, "delta": 0.00298}}
{"target": -17.677224280627236, "params": {"gamma": 443.3625423785237, "log10_alpha": -3.2570611608668587, "log10_colsample_bytree": -0.5716395092797517, "log10_eta": -3.715401336615265, "log10_lambda": -4.395975112278277, "log10_min_child_weight": 1.854823101217871, "log10_subsample": -0.06499751902107176, "max_depth": 5.0, "num_boost_round": 2.0}, "datetime": {"datetime": "2024-01-19 00:54:56", "elapsed": 2600.611532, "delta": 0.002472}}
{"target": -17.67722426089531, "params": {"gamma": 443.3625423785237, "log10_alpha": -3.2570611608668587, "log10_colsample_bytree": -0.5716395092797517, "log10_eta": -3.715401336615265, "log10_lambda": -4.395975112278277, "log10_min_child_weight": 1.854823101217871, "log10_subsample": -0.06499751902107176, "max_depth": 5.0, "num_boost_round": 3.0}, "datetime": {"datetime": "2024-01-19 00:54:56", "elapsed": 2600.613889, "delta": 0.002357}}
{"target": -17.677212987696873, "params": {"gamma": 443.3625423785237, "log10_alpha": -3.2570611608668587, "log10_colsample_bytree": -0.5716395092797517, "log10_eta": -3.715401336615265, "log10_lambda": -4.395975112278277, "log10_min_child_weight": 1.854823101217871, "log10_subsample": -0.06499751902107176, "max_depth": 5.0, "num_boost_round": 4.0}, "datetime": {"datetime": "2024-01-19 00:54:56", "elapsed": 2600.616074, "delta": 0.002185}}
{"target": -17.677203337517682, "params": {"gamma": 443.3625423785237, "log10_alpha": -3.2570611608668587, "log10_colsample_bytree": -0.5716395092797517, "log10_eta": -3.715401336615265, "log10_lambda": -4.395975112278277, "log10_min_child_weight": 1.854823101217871, "log10_subsample": -0.06499751902107176, "max_depth": 5.0, "num_boost_round": 5.0}, "datetime": {"datetime": "2024-01-19 00:54:56", "elapsed": 2600.618314, "delta": 0.00224}}
{"target": -17.67720032951423, "params": {"gamma": 443.3625423785237, "log10_alpha": -3.2570611608668587, "log10_colsample_bytree": -0.5716395092797517, "log10_eta": -3.715401336615265, "log10_lambda": -4.395975112278277, "log10_min_child_weight": 1.854823101217871, "log10_subsample": -0.06499751902107176, "max_depth": 5.0, "num_boost_round": 6.0}, "datetime": {"datetime": "2024-01-19 00:54:56", "elapsed": 2600.6205, "delta": 0.002186}}
{"target": -17.677194700595905, "params": {"gamma": 443.3625423785237, "log10_alpha": -3.2570611608668587, "log10_colsample_bytree": -0.5716395092797517, "log10_eta": -3.715401336615265, "log10_lambda": -4.395975112278277, "log10_min_child_weight": 1.854823101217871, "log10_subsample": -0.06499751902107176, "max_depth": 5.0, "num_boost_round": 7.0}, "datetime": {"datetime": "2024-01-19 00:54:56", "elapsed": 2600.622709, "delta": 0.002209}}
{"target": -17.677187138244456, "params": {"gamma": 443.3625423785237, "log10_alpha": -3.2570611608668587, "log10_colsample_bytree": -0.5716395092797517, "log10_eta": -3.715401336615265, "log10_lambda": -4.395975112278277, "log10_min_child_weight": 1.854823101217871, "log10_subsample": -0.06499751902107176, "max_depth": 5.0, "num_boost_round": 8.0}, "datetime": {"datetime": "2024-01-19 00:54:56", "elapsed": 2600.624929, "delta": 0.00222}}
{"target": -17.677177735553038, "params": {"gamma": 443.3625423785237, "log10_alpha": -3.2570611608668587, "log10_colsample_bytree": -0.5716395092797517, "log10_eta": -3.715401336615265, "log10_lambda": -4.395975112278277, "log10_min_child_weight": 1.854823101217871, "log10_subsample": -0.06499751902107176, "max_depth": 5.0, "num_boost_round": 9.0}, "datetime": {"datetime": "2024-01-19 00:54:56", "elapsed": 2600.627137, "delta": 0.002208}}
{"target": -17.677168137043278, "params": {"gamma": 443.3625423785237, "log10_alpha": -3.2570611608668587, "log10_colsample_bytree": -0.5716395092797517, "log10_eta": -3.715401336615265, "log10_lambda": -4.395975112278277, "log10_min_child_weight": 1.854823101217871, "log10_subsample": -0.06499751902107176, "max_depth": 5.0, "num_boost_round": 10.0}, "datetime": {"datetime": "2024-01-19 00:54:56", "elapsed": 2600.629329, "delta": 0.002192}}
{"target": -17.677171574507554, "params": {"gamma": 443.3625423785237, "log10_alpha": -3.2570611608668587, "log10_colsample_bytree": -0.5716395092797517, "log10_eta": -3.715401336615265, "log10_lambda": -4.395975112278277, "log10_min_child_weight": 1.854823101217871, "log10_subsample": -0.06499751902107176, "max_depth": 5.0, "num_boost_round": 11.0}, "datetime": {"datetime": "2024-01-19 00:54:56", "elapsed": 2600.631621, "delta": 0.002292}}
{"target": -17.677160169969167, "params": {"gamma": 443.3625423785237, "log10_alpha": -3.2570611608668587, "log10_colsample_bytree": -0.5716395092797517, "log10_eta": -3.715401336615265, "log10_lambda": -4.395975112278277, "log10_min_child_weight": 1.854823101217871, "log10_subsample": -0.06499751902107176, "max_depth": 5.0, "num_boost_round": 12.0}, "datetime": {"datetime": "2024-01-19 00:54:56", "elapsed": 2600.728753, "delta": 0.097132}}
{"target": -17.677152591709465, "params": {"gamma": 443.3625423785237, "log10_alpha": -3.2570611608668587, "log10_colsample_bytree": -0.5716395092797517, "log10_eta": -3.715401336615265, "log10_lambda": -4.395975112278277, "log10_min_child_weight": 1.854823101217871, "log10_subsample": -0.06499751902107176, "max_depth": 5.0, "num_boost_round": 13.0}, "datetime": {"datetime": "2024-01-19 00:54:56", "elapsed": 2600.731407, "delta": 0.002654}}
{"target": -17.67715281057958, "params": {"gamma": 443.3625423785237, "log10_alpha": -3.2570611608668587, "log10_colsample_bytree": -0.5716395092797517, "log10_eta": -3.715401336615265, "log10_lambda": -4.395975112278277, "log10_min_child_weight": 1.854823101217871, "log10_subsample": -0.06499751902107176, "max_depth": 5.0, "num_boost_round": 14.0}, "datetime": {"datetime": "2024-01-19 00:54:56", "elapsed": 2600.73405, "delta": 0.002643}}
{"target": -17.677134194371707, "params": {"gamma": 417.3313851919562, "log10_alpha": -1.2221707580545567, "log10_colsample_bytree": -0.3747039605066964, "log10_eta": -2.5650153949708456, "log10_lambda": -3.1802853936549615, "log10_min_child_weight": 0.44866246778477614, "log10_subsample": -0.7342761592735999, "max_depth": 5.0, "num_boost_round": 0.0}, "datetime": {"datetime": "2024-01-19 00:55:32", "elapsed": 2636.553603, "delta": 35.819553}}
{"target": -17.676873182720325, "params": {"gamma": 417.3313851919562, "log10_alpha": -1.2221707580545567, "log10_colsample_bytree": -0.3747039605066964, "log10_eta": -2.5650153949708456, "log10_lambda": -3.1802853936549615, "log10_min_child_weight": 0.44866246778477614, "log10_subsample": -0.7342761592735999, "max_depth": 5.0, "num_boost_round": 1.0}, "datetime": {"datetime": "2024-01-19 00:55:32", "elapsed": 2636.556069, "delta": 0.002466}}
