{"target": -17.677093205651314, "params": {"gamma": 35.692360561854876, "log10_alpha": -1.241256036623585, "log10_colsample_bytree": -0.7711993023202202, "log10_eta": -3.594823407006061, "log10_lambda": 0.7140614208632217, "log10_min_child_weight": 2.761987951873026, "log10_subsample": -0.5337781386535855, "max_depth": 6.0, "num_boost_round": 16.0}, "datetime": {"datetime": "2024-01-19 00:55:24", "elapsed": 2678.08663, "delta": 0.002616}}
{"target": -17.67708486909431, "params": {"gamma": 35.692360561854876, "log10_alpha": -1.241256036623585, "log10_colsample_bytree": -0.7711993023202202, "log10_eta": -3.594823407006061, "log10_lambda": 0.7140614208632217, "log10_min_child_weight": 2.761987951873026, "log10_subsample": -0.5337781386535855, "max_depth": 6.0, "num_boost_round": 17.0}, "datetime": {"datetime": "2024-01-19 00:55:24", "elapsed": 2678.089195, "delta": 0.002565}}
{"target": -17.677083962513624, "params": {"gamma": 35.692360561854876, "log10_alpha": -1.241256036623585, "log10_colsample_bytree": -0.7711993023202202, "log10_eta": -3.594823407006061, "log10_lambda": 0.7140614208632217, "log10_min_child_weight": 2.761987951873026, "log10_subsample": -0.5337781386535855, "max_depth": 6.0, "num_boost_round": 18.0}, "datetime": {"datetime": "2024-01-19 00:55:24", "elapsed": 2678.091859, "delta": 0.002664}}
{"target": -17.677080001638593, "params": {"gamma": 35.692360561854876, "log10_alpha": -1.241256036623585, "log10_colsample_bytree": -0.7711993023202202, "log10_eta": -3.594823407006061, "log10_lambda": 0.7140614208632217, "log10_min_child_weight": 2.761987951873026, "log10_subsample": -0.5337781386535855, "max_depth": 6.0, "num_boost_round": 19.0}, "datetime": {"datetime": "2024-01-19 00:55:24", "elapsed": 2678.094562, "delta": 0.002703}}
{"target": -17.677068399777163, "params": {"gamma": 35.692360561854876, "log10_alpha": -1.241256036623585, "log10_colsample_bytree": -0.7711993023202202, "log10_eta": -3.594823407006061, "log10_lambda": 0.7140614208632217, "log10_min_child_weight": 2.761987951873026, "log10_subsample": -0.5337781386535855, "max_depth": 6.0, "num_boost_round": 20.0}, "datetime": {"datetime": "2024-01-19 00:55:24", "elapsed": 2678.097205, "delta": 0.002643}}
{"target": -17.67704900631961, "params": {"gamma": 35.692360561854876, "log10_alpha": -1.241256036623585, "log10_colsample_bytree": -0.7711993023202202, "log10_eta": -3.594823407006061, "log10_lambda": 0.7140614208632217, "log10_min_child_weight": 2.761987951873026, "log10_subsample": -0.5337781386535855, "max_depth": 6.0, "num_boost_round": 21.0}, "datetime": {"datetime": "2024-01-19 00:55:24", "elapsed": 2678.099819, "delta": 0.002614}}
{"target": -17.677036627457696, "params": {"gamma": 35.692360561854876, "log10_alpha": -1.241256036623585, "log10_colsample_bytree": -0.7711993023202202, "log10_eta": -3.594823407006061, "log10_lambda": 0.7140614208632217, "log10_min_child_weight": 2.761987951873026, "log10_subsample": -0.5337781386535855, "max_depth": 6.0, "num_boost_round": 22.0}, "datetime": {"datetime": "2024-01-19 00:55:24", "elapsed": 2678.102508, "delta": 0.002689}}
{"target": -17.677007820730896, "params": {"gamma": 35.692360561854876, "log10_alpha": -1.241256036623585, "log10_colsample_bytree": -0.7711993023202202, "log10_eta": -3.594823407006061, "log10_lambda": 0.7140614208632217, "log10_min_child_weight": 2.761987951873026, "log10_subsample": -0.5337781386535855, "max_depth": 6.0, "num_boost_round": 23.0}, "datetime": {"datetime": "2024-01-19 00:55:24", "elapsed": 2678.105158, "delta": 0.00265}}
{"target": -17.67699678564869, "params": {"gamma": 35.692360561854876, "log10_alpha": -1.241256036623585, "log10_colsample_bytree": -0.7711993023202202, "log10_eta": -3.594823407006061, "log10_lambda": 0.7140614208632217, "log10_min_child_weight": 2.761987951873026, "log10_subsample": -0.5337781386535855, "max_depth": 6.0, "num_boost_round": 24.0}, "datetime": {"datetime": "2024-01-19 00:55:24", "elapsed": 2678.10777, "delta": 0.002612}}
{"target": -17.67697988583572, "params": {"gamma": 35.692360561854876, "log10_alpha": -1.241256036623585, "log10_colsample_bytree": -0.7711993023202202, "log10_eta": -3.594823407006061, "log10_lambda": 0.7140614208632217, "log10_min_child_weight": 2.761987951873026, "log10_subsample": -0.5337781386535855, "max_depth": 6.0, "num_boost_round": 25.0}, "datetime": {"datetime": "2024-01-19 00:55:24", "elapsed": 2678.110452, "delta": 0.002682}}
{"target": -17.6769699282026, "params": {"gamma": 35.692360561854876, "log10_alpha": -1.241256036623585, "log10_colsample_bytree": -0.7711993023202202, "log10_eta": -3.594823407006061, "log10_lambda": 0.7140614208632217, "log10_min_child_weight": 2.761987951873026, "log10_subsample": -0.5337781386535855, "max_depth": 6.0, "num_boost_round": 26.0}, "datetime": {"datetime": "2024-01-19 00:55:24", "elapsed": 2678.113064, "delta": 0.002612}}
{"target": -17.676962755772454, "params": {"gamma": 35.692360561854876, "log10_alpha": -1.241256036623585, "log10_colsample_bytree": -0.7711993023202202, "log10_eta": -3.594823407006061, "log10_lambda": 0.7140614208632217, "log10_min_child_weight": 2.761987951873026, "log10_subsample": -0.5337781386535855, "max_depth": 6.0, "num_boost_round": 27.0}, "datetime": {"datetime": "2024-01-19 00:55:24", "elapsed": 2678.115808, "delta": 0.002744}}
{"target": -17.676951485934413, "params": {"gamma": 35.692360561854876, "log10_alpha": -1.241256036623585, "log10_colsample_bytree": -0.7711993023202202, "log10_eta": -3.594823407006061, "log10_lambda": 0.7140614208632217, "log10_min_child_weight": 2.761987951873026, "log10_subsample": -0.5337781386535855, "max_depth": 6.0, "num_boost_round": 28.0}, "datetime": {"datetime": "2024-01-19 00:55:24", "elapsed": 2678.118431, "delta": 0.002623}}
{"target": -17.676940259721878, "params": {"gamma": 35.692360561854876, "log10_alpha": -1.241256036623585, "log10_colsample_bytree": -0.7711993023202202, "log10_eta": -3.594823407006061, "log10_lambda": 0.7140614208632217, "log10_min_child_weight": 2.761987951873026, "log10_subsample": -0.5337781386535855, "max_depth": 6.0, "num_boost_round": 29.0}, "datetime": {"datetime": "2024-01-19 00:55:24", "elapsed": 2678.121075, "delta": 0.002644}}
{"target": -17.676936950247377, "params": {"gamma": 35.692360561854876, "log10_alpha": -1.241256036623585, "log10_colsample_bytree": -0.7711993023202202, "log10_eta": -3.594823407006061, "log10_lambda": 0.7140614208632217, "log10_min_child_weight": 2.761987951873026, "log10_subsample": -0.5337781386535855, "max_depth": 6.0, "num_boost_round": 30.0}, "datetime": {"datetime": "2024-01-19 00:55:24", "elapsed": 2678.123707, "delta": 0.002632}}
{"target": -17.67691511185658, "params": {"gamma": 35.692360561854876, "log10_alpha": -1.241256036623585, "log10_colsample_bytree": -0.7711993023202202, "log10_eta": -3.594823407006061, "log10_lambda": 0.7140614208632217, "log10_min_child_weight": 2.761987951873026, "log10_subsample": -0.5337781386535855, "max_depth": 6.0, "num_boost_round": 31.0}, "datetime": {"datetime": "2024-01-19 00:55:24", "elapsed": 2678.126384, "delta": 0.002677}}
{"target": -17.67690515365197, "params": {"gamma": 35.692360561854876, "log10_alpha": -1.241256036623585, "log10_colsample_bytree": -0.7711993023202202, "log10_eta": -3.594823407006061, "log10_lambda": 0.7140614208632217, "log10_min_child_weight": 2.761987951873026, "log10_subsample": -0.5337781386535855, "max_depth": 6.0, "num_boost_round": 32.0}, "datetime": {"datetime": "2024-01-19 00:55:24", "elapsed": 2678.129068, "delta": 0.002684}}
{"target": -17.676894053559067, "params": {"gamma": 35.692360561854876, "log10_alpha": -1.241256036623585, "log10_colsample_bytree": -0.7711993023202202, "log10_eta": -3.594823407006061, "log10_lambda": 0.7140614208632217, "log10_min_child_weight": 2.761987951873026, "log10_subsample": -0.5337781386535855, "max_depth": 6.0, "num_boost_round": 33.0}, "datetime": {"datetime": "2024-01-19 00:55:24", "elapsed": 2678.131763, "delta": 0.002695}}
{"target": -17.676882432925222, "params": {"gamma": 35.692360561854876, "log10_alpha": -1.241256036623585, "log10_colsample_bytree": -0.7711993023202202, "log10_eta": -3.594823407006061, "log10_lambda": 0.7140614208632217, "log10_min_child_weight": 2.761987951873026, "log10_subsample": -0.5337781386535855, "max_depth": 6.0, "num_boost_round": 34.0}, "datetime": {"datetime": "2024-01-19 00:55:24", "elapsed": 2678.134469, "delta": 0.002706}}
{"target": -17.676873424334378, "params": {"gamma": 35.692360561854876, "log10_alpha": -1.241256036623585, "log10_colsample_bytree": -0.7711993023202202, "log10_eta": -3.594823407006061, "log10_lambda": 0.7140614208632217, "log10_min_child_weight": 2.761987951873026, "log10_subsample": -0.5337781386535855, "max_depth": 6.0, "num_boost_round": 35.0}, "datetime": {"datetime": "2024-01-19 00:55:24", "elapsed": 2678.137096, "delta": 0.002627}}
{"target": -17.676868715488094, "params": {"gamma": 35.692360561854876, "log10_alpha": -1.241256036623585, "log10_colsample_bytree": -0.7711993023202202, "log10_eta": -3.594823407006061, "log10_lambda": 0.7140614208632217, "log10_min_child_weight": 2.761987951873026, "log10_subsample": -0.5337781386535855, "max_depth": 6.0, "num_boost_round": 36.0}, "datetime": {"datetime": "2024-01-19 00:55:24", "elapsed": 2678.139758, "delta": 0.002662}}
{"target": -17.6768644623917, "params": {"gamma": 35.692360561854876, "log10_alpha": -1.241256036623585, "log10_colsample_bytree": -0.7711993023202202, "log10_eta": -3.594823407006061, "log10_lambda": 0.7140614208632217, "log10_min_child_weight": 2.761987951873026, "log10_subsample": -0.5337781386535855, "max_depth": 6.0, "num_boost_round": 37.0}, "datetime": {"datetime": "2024-01-19 00:55:24", "elapsed": 2678.142457, "delta": 0.002699}}
{"target": -17.67685554953643, "params": {"gamma": 35.692360561854876, "log10_alpha": -1.241256036623585, "log10_colsample_bytree": -0.7711993023202202, "log10_eta": -3.594823407006061, "log10_lambda": 0.7140614208632217, "log10_min_child_weight": 2.761987951873026, "log10_subsample": -0.5337781386535855, "max_depth": 6.0, "num_boost_round": 38.0}, "datetime": {"datetime": "2024-01-19 00:55:24", "elapsed": 2678.145062, "delta": 0.002605}}
{"target": -17.676850280259767, "params": {"gamma": 35.692360561854876, "log10_alpha": -1.241256036623585, "log10_colsample_bytree": -0.7711993023202202, "log10_eta": -3.594823407006061, "log10_lambda": 0.7140614208632217, "log10_min_child_weight": 2.761987951873026, "log10_subsample": -0.5337781386535855, "max_depth": 6.0, "num_boost_round": 39.0}, "datetime": {"datetime": "2024-01-19 00:55:24", "elapsed": 2678.147741, "delta": 0.002679}}
{"target": -17.676844936180263, "params": {"gamma": 35.692360561854876, "log10_alpha": -1.241256036623585, "log10_colsample_bytree": -0.7711993023202202, "log10_eta": -3.594823407006061, "log10_lambda": 0.7140614208632217, "log10_min_child_weight": 2.761987951873026, "log10_subsample": -0.5337781386535855, "max_depth": 6.0, "num_boost_round": 40.0}, "datetime": {"datetime": "2024-01-19 00:55:24", "elapsed": 2678.150421, "delta": 0.00268}}
{"target": -17.676852344566594, "params": {"gamma": 35.692360561854876, "log10_alpha": -1.241256036623585, "log10_colsample_bytree": -0.7711993023202202, "log10_eta": -3.594823407006061, "log10_lambda": 0.7140614208632217, "log10_min_child_weight": 2.761987951873026, "log10_subsample": -0.5337781386535855, "max_depth": 6.0, "num_boost_round": 41.0}, "datetime": {"datetime": "2024-01-19 00:55:24", "elapsed": 2678.153664, "delta": 0.003243}}
{"target": -17.67683452395704, "params": {"gamma": 35.692360561854876, "log10_alpha": -1.241256036623585, "log10_colsample_bytree": -0.7711993023202202, "log10_eta": -3.594823407006061, "log10_lambda": 0.7140614208632217, "log10_min_child_weight": 2.761987951873026, "log10_subsample": -0.5337781386535855, "max_depth": 6.0, "num_boost_round": 42.0}, "datetime": {"datetime": "2024-01-19 00:55:24", "elapsed": 2678.15647, "delta": 0.002806}}
{"target": -17.676827689360994, "params": {"gamma": 35.692360561854876, "log10_alpha": -1.241256036623585, "log10_colsample_bytree": -0.7711993023202202, "log10_eta": -3.594823407006061, "log10_lambda": 0.7140614208632217, "log10_min_child_weight": 2.761987951873026, "log10_subsample": -0.5337781386535855, "max_depth": 6.0, "num_boost_round": 43.0}, "datetime": {"datetime": "2024-01-19 00:55:24", "elapsed": 2678.159165, "delta": 0.002695}}
{"target": -17.6768195527473, "params": {"gamma": 35.692360561854876, "log10_alpha": -1.241256036623585, "log10_colsample_bytree": -0.7711993023202202, "log10_eta": -3.594823407006061, "log10_lambda": 0.7140614208632217, "log10_min_child_weight": 2.761987951873026, "log10_subsample": -0.5337781386535855, "max_depth": 6.0, "num_boost_round": 44.0}, "datetime": {"datetime": "2024-01-19 00:55:24", "elapsed": 2678.161792, "delta": 0.002627}}
{"target": -17.67680683529534, "params": {"gamma": 35.692360561854876, "log10_alpha": -1.241256036623585, "log10_colsample_bytree": -0.7711993023202202, "log10_eta": -3.594823407006061, "log10_lambda": 0.7140614208632217, "log10_min_child_weight": 2.761987951873026, "log10_subsample": -0.5337781386535855, "max_depth": 6.0, "num_boost_round": 45.0}, "datetime": {"datetime": "2024-01-19 00:55:24", "elapsed": 2678.164376, "delta": 0.002584}}
{"target": -17.676803272556757, "params": {"gamma": 35.692360561854876, "log10_alpha": -1.241256036623585, "log10_colsample_bytree": -0.7711993023202202, "log10_eta": -3.594823407006061, "log10_lambda": 0.7140614208632217, "log10_min_child_weight": 2.761987951873026, "log10_subsample": -0.5337781386535855, "max_depth": 6.0, "num_boost_round": 46.0}, "datetime": {"datetime": "2024-01-19 00:55:24", "elapsed": 2678.167057, "delta": 0.002681}}
{"target": -17.677229667844685, "params": {"gamma": 32.380018589603445, "log10_alpha": 1.0, "log10_colsample_bytree": -1.0, "log10_eta": -4.0, "log10_lambda": 1.0, "log10_min_child_weight": 0.0, "log10_subsample": 0.0, "max_depth": 2.0, "num_boost_round": 0.0}, "datetime": {"datetime": "2024-01-19 00:56:09", "elapsed": 2722.956559, "delta": 44.789502}}
{"target": -17.67722552793226, "params": {"gamma": 32.380018589603445, "log10_alpha": 1.0, "log10_colsample_bytree": -1.0, "log10_eta": -4.0, "log10_lambda": 1.0, "log10_min_child_weight": 0.0, "log10_subsample": 0.0, "max_depth": 2.0, "num_boost_round": 1.0}, "datetime": {"datetime": "2024-01-19 00:56:09", "elapsed": 2722.960347, "delta": 0.003788}}
{"target": -17.677224843762684, "params": {"gamma": 32.380018589603445, "log10_alpha": 1.0, "log10_colsample_bytree": -1.0, "log10_eta": -4.0, "log10_lambda": 1.0, "log10_min_child_weight": 0.0, "log10_subsample": 0.0, "max_depth": 2.0, "num_boost_round": 2.0}, "datetime": {"datetime": "2024-01-19 00:56:09", "elapsed": 2723.071308, "delta": 0.110961}}
{"target": -17.677224595912936, "params": {"gamma": 32.380018589603445, "log10_alpha": 1.0, "log10_colsample_bytree": -1.0, "log10_eta": -4.0, "log10_lambda": 1.0, "log10_min_child_weight": 0.0, "log10_subsample": 0.0, "max_depth": 2.0, "num_boost_round": 3.0}, "datetime": {"datetime": "2024-01-19 00:56:09", "elapsed": 2723.074654, "delta": 0.003346}}
{"target": -17.677222919717302, "params": {"gamma": 32.380018589603445, "log10_alpha": 1.0, "log10_colsample_bytree": -1.0, "log10_eta": -4.0, "log10_lambda": 1.0, "log10_min_child_weight": 0.0, "log10_subsample": 0.0, "max_depth": 2.0, "num_boost_round": 4.0}, "datetime": {"datetime": "2024-01-19 00:56:09", "elapsed": 2723.077691, "delta": 0.003037}}
{"target": -17.67722234872627, "params": {"gamma": 32.380018589603445, "log10_alpha": 1.0, "log10_colsample_bytree": -1.0, "log10_eta": -4.0, "log10_lambda": 1.0, "log10_min_child_weight": 0.0, "log10_subsample": 0.0, "max_depth": 2.0, "num_boost_round": 5.0}, "datetime": {"datetime": "2024-01-19 00:56:09", "elapsed": 2723.080611, "delta": 0.00292}}
{"target": -17.677220710022258, "params": {"gamma": 32.380018589603445, "log10_alpha": 1.0, "log10_colsample_bytree": -1.0, "log10_eta": -4.0, "log10_lambda": 1.0, "log10_min_child_weight": 0.0, "log10_subsample": 0.0, "max_depth": 2.0, "num_boost_round": 6.0}, "datetime": {"datetime": "2024-01-19 00:56:09", "elapsed": 2723.083465, "delta": 0.002854}}
{"target": -17.6772182890292, "params": {"gamma": 32.380018589603445, "log10_alpha": 1.0, "log10_colsample_bytree": -1.0, "log10_eta": -4.0, "log10_lambda": 1.0, "log10_min_child_weight": 0.0, "log10_subsample": 0.0, "max_depth": 2.0, "num_boost_round": 7.0}, "datetime": {"datetime": "2024-01-19 00:56:09", "elapsed": 2723.086261, "delta": 0.002796}}
{"target": -17.677219173735402, "params": {"gamma": 32.380018589603445, "log10_alpha": 1.0, "log10_colsample_bytree": -1.0, "log10_eta": -4.0, "log10_lambda": 1.0, "log10_min_child_weight": 0.0, "log10_subsample": 0.0, "max_depth": 2.0, "num_boost_round": 8.0}, "datetime": {"datetime": "2024-01-19 00:56:09", "elapsed": 2723.089012, "delta": 0.002751}}
{"target": -17.677217534354387, "params": {"gamma": 32.380018589603445, "log10_alpha": 1.0, "log10_colsample_bytree": -1.0, "log10_eta": -4.0, "log10_lambda": 1.0, "log10_min_child_weight": 0.0, "log10_subsample": 0.0, "max_depth": 2.0, "num_boost_round": 9.0}, "datetime": {"datetime": "2024-01-19 00:56:09", "elapsed": 2723.091882, "delta": 0.00287}}
{"target": -17.677215220217757, "params": {"gamma": 32.380018589603445, "log10_alpha": 1.0, "log10_colsample_bytree": -1.0, "log10_eta": -4.0, "log10_lambda": 1.0, "log10_min_child_weight": 0.0, "log10_subsample": 0.0, "max_depth": 2.0, "num_boost_round": 10.0}, "datetime": {"datetime": "2024-01-19 00:56:09", "elapsed": 2723.094739, "delta": 0.002857}}
{"target": -17.6772127450415, "params": {"gamma": 32.380018589603445, "log10_alpha": 1.0, "log10_colsample_bytree": -1.0, "log10_eta": -4.0, "log10_lambda": 1.0, "log10_min_child_weight": 0.0, "log10_subsample": 0.0, "max_depth": 2.0, "num_boost_round": 11.0}, "datetime": {"datetime": "2024-01-19 00:56:09", "elapsed": 2723.097509, "delta": 0.00277}}
{"target": -17.677211794968468, "params": {"gamma": 32.380018589603445, "log10_alpha": 1.0, "log10_colsample_bytree": -1.0, "log10_eta": -4.0, "log10_lambda": 1.0, "log10_min_child_weight": 0.0, "log10_subsample": 0.0, "max_depth": 2.0, "num_boost_round": 12.0}, "datetime": {"datetime": "2024-01-19 00:56:09", "elapsed": 2723.100248, "delta": 0.002739}}
{"target": -17.677210103838814, "params": {"gamma": 32.380018589603445, "log10_alpha": 1.0, "log10_colsample_bytree": -1.0, "log10_eta": -4.0, "log10_lambda": 1.0, "log10_min_child_weight": 0.0, "log10_subsample": 0.0, "max_depth": 2.0, "num_boost_round": 13.0}, "datetime": {"datetime": "2024-01-19 00:56:09", "elapsed": 2723.103138, "delta": 0.00289}}
{"target": -17.6772075390817, "params": {"gamma": 32.380018589603445, "log10_alpha": 1.0, "log10_colsample_bytree": -1.0, "log10_eta": -4.0, "log10_lambda": 1.0, "log10_min_child_weight": 0.0, "log10_subsample": 0.0, "max_depth": 2.0, "num_boost_round": 14.0}, "datetime": {"datetime": "2024-01-19 00:56:09", "elapsed": 2723.106043, "delta": 0.002905}}
{"target": -17.677204627293364, "params": {"gamma": 32.380018589603445, "log10_alpha": 1.0, "log10_colsample_bytree": -1.0, "log10_eta": -4.0, "log10_lambda": 1.0, "log10_min_child_weight": 0.0, "log10_subsample": 0.0, "max_depth": 2.0, "num_boost_round": 15.0}, "datetime": {"datetime": "2024-01-19 00:56:09", "elapsed": 2723.108762, "delta": 0.002719}}
{"target": -17.677203207670495, "params": {"gamma": 32.380018589603445, "log10_alpha": 1.0, "log10_colsample_bytree": -1.0, "log10_eta": -4.0, "log10_lambda": 1.0, "log10_min_child_weight": 0.0, "log10_subsample": 0.0, "max_depth": 2.0, "num_boost_round": 16.0}, "datetime": {"datetime": "2024-01-19 00:56:09", "elapsed": 2723.111524, "delta": 0.002762}}
{"target": -17.677200082398876, "params": {"gamma": 32.380018589603445, "log10_alpha": 1.0, "log10_colsample_bytree": -1.0, "log10_eta": -4.0, "log10_lambda": 1.0, "log10_min_child_weight": 0.0, "log10_subsample": 0.0, "max_depth": 2.0, "num_boost_round": 17.0}, "datetime": {"datetime": "2024-01-19 00:56:09", "elapsed": 2723.11431, "delta": 0.002786}}
{"target": -17.67719828435082, "params": {"gamma": 32.380018589603445, "log10_alpha": 1.0, "log10_colsample_bytree": -1.0, "log10_eta": -4.0, "log10_lambda": 1.0, "log10_min_child_weight": 0.0, "log10_subsample": 0.0, "max_depth": 2.0, "num_boost_round": 18.0}, "datetime": {"datetime": "2024-01-19 00:56:09", "elapsed": 2723.117111, "delta": 0.002801}}
{"target": -17.677197677982033, "params": {"gamma": 32.380018589603445, "log10_alpha": 1.0, "log10_colsample_bytree": -1.0, "log10_eta": -4.0, "log10_lambda": 1.0, "log10_min_child_weight": 0.0, "log10_subsample": 0.0, "max_depth": 2.0, "num_boost_round": 19.0}, "datetime": {"datetime": "2024-01-19 00:56:09", "elapsed": 2723.119905, "delta": 0.002794}}
{"target": -17.67719689920719, "params": {"gamma": 32.380018589603445, "log10_alpha": 1.0, "log10_colsample_bytree": -1.0, "log10_eta": -4.0, "log10_lambda": 1.0, "log10_min_child_weight": 0.0, "log10_subsample": 0.0, "max_depth": 2.0, "num_boost_round": 20.0}, "datetime": {"datetime": "2024-01-19 00:56:09", "elapsed": 2723.12269, "delta": 0.002785}}
{"target": -17.677193629280424, "params": {"gamma": 32.380018589603445, "log10_alpha": 1.0, "log10_colsample_bytree": -1.0, "log10_eta": -4.0, "log10_lambda": 1.0, "log10_min_child_weight": 0.0, "log10_subsample": 0.0, "max_depth": 2.0, "num_boost_round": 21.0}, "datetime": {"datetime": "2024-01-19 00:56:09", "elapsed": 2723.125534, "delta": 0.002844}}
{"target": -17.677191903265424, "params": {"gamma": 32.380018589603445, "log10_alpha": 1.0, "log10_colsample_bytree": -1.0, "log10_eta": -4.0, "log10_lambda": 1.0, "log10_min_child_weight": 0.0, "log10_subsample": 0.0, "max_depth": 2.0, "num_boost_round": 22.0}, "datetime": {"datetime": "2024-01-19 00:56:09", "elapsed": 2723.128291, "delta": 0.002757}}
