{"target": -13.757951563546927, "params": {"gamma": 888.0239261265683, "log10_alpha": 0.8261177700902955, "log10_colsample_bytree": -0.20772854794703155, "log10_eta": -2.1195216078484136, "log10_lambda": -0.2662941976212094, "log10_min_child_weight": 3.6232585236981234, "log10_subsample": -0.021303743681979292, "max_depth": 6.0, "num_boost_round": 25.0}, "datetime": {"datetime": "2024-01-19 00:12:17", "elapsed": 41.397527, "delta": 0.00028}}
{"target": -13.758009998887392, "params": {"gamma": 888.0239261265683, "log10_alpha": 0.8261177700902955, "log10_colsample_bytree": -0.20772854794703155, "log10_eta": -2.1195216078484136, "log10_lambda": -0.2662941976212094, "log10_min_child_weight": 3.6232585236981234, "log10_subsample": -0.021303743681979292, "max_depth": 6.0, "num_boost_round": 26.0}, "datetime": {"datetime": "2024-01-19 00:12:17", "elapsed": 41.397806, "delta": 0.000279}}
{"target": -13.757971503177073, "params": {"gamma": 888.0239261265683, "log10_alpha": 0.8261177700902955, "log10_colsample_bytree": -0.20772854794703155, "log10_eta": -2.1195216078484136, "log10_lambda": -0.2662941976212094, "log10_min_child_weight": 3.6232585236981234, "log10_subsample": -0.021303743681979292, "max_depth": 6.0, "num_boost_round": 27.0}, "datetime": {"datetime": "2024-01-19 00:12:17", "elapsed": 41.398146, "delta": 0.00034}}
{"target": -13.757907968038326, "params": {"gamma": 888.0239261265683, "log10_alpha": 0.8261177700902955, "log10_colsample_bytree": -0.20772854794703155, "log10_eta": -2.1195216078484136, "log10_lambda": -0.2662941976212094, "log10_min_child_weight": 3.6232585236981234, "log10_subsample": -0.021303743681979292, "max_depth": 6.0, "num_boost_round": 28.0}, "datetime": {"datetime": "2024-01-19 00:12:17", "elapsed": 41.398429, "delta": 0.000283}}
{"target": -13.758183184522254, "params": {"gamma": 888.0239261265683, "log10_alpha": 0.8261177700902955, "log10_colsample_bytree": -0.20772854794703155, "log10_eta": -2.1195216078484136, "log10_lambda": -0.2662941976212094, "log10_min_child_weight": 3.6232585236981234, "log10_subsample": -0.021303743681979292, "max_depth": 6.0, "num_boost_round": 29.0}, "datetime": {"datetime": "2024-01-19 00:12:17", "elapsed": 41.398708, "delta": 0.000279}}
{"target": -13.758381142349657, "params": {"gamma": 888.0239261265683, "log10_alpha": 0.8261177700902955, "log10_colsample_bytree": -0.20772854794703155, "log10_eta": -2.1195216078484136, "log10_lambda": -0.2662941976212094, "log10_min_child_weight": 3.6232585236981234, "log10_subsample": -0.021303743681979292, "max_depth": 6.0, "num_boost_round": 30.0}, "datetime": {"datetime": "2024-01-19 00:12:17", "elapsed": 41.398995, "delta": 0.000287}}
{"target": -13.758381211043607, "params": {"gamma": 888.0239261265683, "log10_alpha": 0.8261177700902955, "log10_colsample_bytree": -0.20772854794703155, "log10_eta": -2.1195216078484136, "log10_lambda": -0.2662941976212094, "log10_min_child_weight": 3.6232585236981234, "log10_subsample": -0.021303743681979292, "max_depth": 6.0, "num_boost_round": 31.0}, "datetime": {"datetime": "2024-01-19 00:12:17", "elapsed": 41.399281, "delta": 0.000286}}
{"target": -13.758585763407519, "params": {"gamma": 888.0239261265683, "log10_alpha": 0.8261177700902955, "log10_colsample_bytree": -0.20772854794703155, "log10_eta": -2.1195216078484136, "log10_lambda": -0.2662941976212094, "log10_min_child_weight": 3.6232585236981234, "log10_subsample": -0.021303743681979292, "max_depth": 6.0, "num_boost_round": 32.0}, "datetime": {"datetime": "2024-01-19 00:12:17", "elapsed": 41.399564, "delta": 0.000283}}
{"target": -13.758520944583266, "params": {"gamma": 888.0239261265683, "log10_alpha": 0.8261177700902955, "log10_colsample_bytree": -0.20772854794703155, "log10_eta": -2.1195216078484136, "log10_lambda": -0.2662941976212094, "log10_min_child_weight": 3.6232585236981234, "log10_subsample": -0.021303743681979292, "max_depth": 6.0, "num_boost_round": 33.0}, "datetime": {"datetime": "2024-01-19 00:12:17", "elapsed": 41.399854, "delta": 0.00029}}
{"target": -13.758500548350947, "params": {"gamma": 888.0239261265683, "log10_alpha": 0.8261177700902955, "log10_colsample_bytree": -0.20772854794703155, "log10_eta": -2.1195216078484136, "log10_lambda": -0.2662941976212094, "log10_min_child_weight": 3.6232585236981234, "log10_subsample": -0.021303743681979292, "max_depth": 6.0, "num_boost_round": 34.0}, "datetime": {"datetime": "2024-01-19 00:12:17", "elapsed": 41.400145, "delta": 0.000291}}
{"target": -13.758551300186992, "params": {"gamma": 888.0239261265683, "log10_alpha": 0.8261177700902955, "log10_colsample_bytree": -0.20772854794703155, "log10_eta": -2.1195216078484136, "log10_lambda": -0.2662941976212094, "log10_min_child_weight": 3.6232585236981234, "log10_subsample": -0.021303743681979292, "max_depth": 6.0, "num_boost_round": 35.0}, "datetime": {"datetime": "2024-01-19 00:12:17", "elapsed": 41.400432, "delta": 0.000287}}
{"target": -13.758672086550904, "params": {"gamma": 888.0239261265683, "log10_alpha": 0.8261177700902955, "log10_colsample_bytree": -0.20772854794703155, "log10_eta": -2.1195216078484136, "log10_lambda": -0.2662941976212094, "log10_min_child_weight": 3.6232585236981234, "log10_subsample": -0.021303743681979292, "max_depth": 6.0, "num_boost_round": 36.0}, "datetime": {"datetime": "2024-01-19 00:12:17", "elapsed": 41.400724, "delta": 0.000292}}
{"target": -13.758850840186136, "params": {"gamma": 888.0239261265683, "log10_alpha": 0.8261177700902955, "log10_colsample_bytree": -0.20772854794703155, "log10_eta": -2.1195216078484136, "log10_lambda": -0.2662941976212094, "log10_min_child_weight": 3.6232585236981234, "log10_subsample": -0.021303743681979292, "max_depth": 6.0, "num_boost_round": 37.0}, "datetime": {"datetime": "2024-01-19 00:12:17", "elapsed": 41.401023, "delta": 0.000299}}
{"target": -13.75907998916581, "params": {"gamma": 888.0239261265683, "log10_alpha": 0.8261177700902955, "log10_colsample_bytree": -0.20772854794703155, "log10_eta": -2.1195216078484136, "log10_lambda": -0.2662941976212094, "log10_min_child_weight": 3.6232585236981234, "log10_subsample": -0.021303743681979292, "max_depth": 6.0, "num_boost_round": 38.0}, "datetime": {"datetime": "2024-01-19 00:12:17", "elapsed": 41.40132, "delta": 0.000297}}
{"target": -13.759105755748546, "params": {"gamma": 888.0239261265683, "log10_alpha": 0.8261177700902955, "log10_colsample_bytree": -0.20772854794703155, "log10_eta": -2.1195216078484136, "log10_lambda": -0.2662941976212094, "log10_min_child_weight": 3.6232585236981234, "log10_subsample": -0.021303743681979292, "max_depth": 6.0, "num_boost_round": 39.0}, "datetime": {"datetime": "2024-01-19 00:12:17", "elapsed": 41.401618, "delta": 0.000298}}
{"target": -13.759064399952951, "params": {"gamma": 888.0239261265683, "log10_alpha": 0.8261177700902955, "log10_colsample_bytree": -0.20772854794703155, "log10_eta": -2.1195216078484136, "log10_lambda": -0.2662941976212094, "log10_min_child_weight": 3.6232585236981234, "log10_subsample": -0.021303743681979292, "max_depth": 6.0, "num_boost_round": 40.0}, "datetime": {"datetime": "2024-01-19 00:12:17", "elapsed": 41.401921, "delta": 0.000303}}
{"target": -13.759072743870068, "params": {"gamma": 888.0239261265683, "log10_alpha": 0.8261177700902955, "log10_colsample_bytree": -0.20772854794703155, "log10_eta": -2.1195216078484136, "log10_lambda": -0.2662941976212094, "log10_min_child_weight": 3.6232585236981234, "log10_subsample": -0.021303743681979292, "max_depth": 6.0, "num_boost_round": 41.0}, "datetime": {"datetime": "2024-01-19 00:12:17", "elapsed": 41.402224, "delta": 0.000303}}
{"target": -13.759142649950459, "params": {"gamma": 888.0239261265683, "log10_alpha": 0.8261177700902955, "log10_colsample_bytree": -0.20772854794703155, "log10_eta": -2.1195216078484136, "log10_lambda": -0.2662941976212094, "log10_min_child_weight": 3.6232585236981234, "log10_subsample": -0.021303743681979292, "max_depth": 6.0, "num_boost_round": 42.0}, "datetime": {"datetime": "2024-01-19 00:12:17", "elapsed": 41.402526, "delta": 0.000302}}
{"target": -13.75920492176784, "params": {"gamma": 888.0239261265683, "log10_alpha": 0.8261177700902955, "log10_colsample_bytree": -0.20772854794703155, "log10_eta": -2.1195216078484136, "log10_lambda": -0.2662941976212094, "log10_min_child_weight": 3.6232585236981234, "log10_subsample": -0.021303743681979292, "max_depth": 6.0, "num_boost_round": 43.0}, "datetime": {"datetime": "2024-01-19 00:12:17", "elapsed": 41.402825, "delta": 0.000299}}
{"target": -13.75925308525693, "params": {"gamma": 888.0239261265683, "log10_alpha": 0.8261177700902955, "log10_colsample_bytree": -0.20772854794703155, "log10_eta": -2.1195216078484136, "log10_lambda": -0.2662941976212094, "log10_min_child_weight": 3.6232585236981234, "log10_subsample": -0.021303743681979292, "max_depth": 6.0, "num_boost_round": 44.0}, "datetime": {"datetime": "2024-01-19 00:12:17", "elapsed": 41.403132, "delta": 0.000307}}
{"target": -13.759404109540181, "params": {"gamma": 888.0239261265683, "log10_alpha": 0.8261177700902955, "log10_colsample_bytree": -0.20772854794703155, "log10_eta": -2.1195216078484136, "log10_lambda": -0.2662941976212094, "log10_min_child_weight": 3.6232585236981234, "log10_subsample": -0.021303743681979292, "max_depth": 6.0, "num_boost_round": 45.0}, "datetime": {"datetime": "2024-01-19 00:12:17", "elapsed": 41.403436, "delta": 0.000304}}
{"target": -13.759533644126972, "params": {"gamma": 888.0239261265683, "log10_alpha": 0.8261177700902955, "log10_colsample_bytree": -0.20772854794703155, "log10_eta": -2.1195216078484136, "log10_lambda": -0.2662941976212094, "log10_min_child_weight": 3.6232585236981234, "log10_subsample": -0.021303743681979292, "max_depth": 6.0, "num_boost_round": 46.0}, "datetime": {"datetime": "2024-01-19 00:12:17", "elapsed": 41.40374, "delta": 0.000304}}
{"target": -13.759775499358748, "params": {"gamma": 888.0239261265683, "log10_alpha": 0.8261177700902955, "log10_colsample_bytree": -0.20772854794703155, "log10_eta": -2.1195216078484136, "log10_lambda": -0.2662941976212094, "log10_min_child_weight": 3.6232585236981234, "log10_subsample": -0.021303743681979292, "max_depth": 6.0, "num_boost_round": 47.0}, "datetime": {"datetime": "2024-01-19 00:12:17", "elapsed": 41.404062, "delta": 0.000322}}
{"target": -13.759907380081358, "params": {"gamma": 888.0239261265683, "log10_alpha": 0.8261177700902955, "log10_colsample_bytree": -0.20772854794703155, "log10_eta": -2.1195216078484136, "log10_lambda": -0.2662941976212094, "log10_min_child_weight": 3.6232585236981234, "log10_subsample": -0.021303743681979292, "max_depth": 6.0, "num_boost_round": 48.0}, "datetime": {"datetime": "2024-01-19 00:12:17", "elapsed": 41.404381, "delta": 0.000319}}
{"target": -13.760019325045336, "params": {"gamma": 888.0239261265683, "log10_alpha": 0.8261177700902955, "log10_colsample_bytree": -0.20772854794703155, "log10_eta": -2.1195216078484136, "log10_lambda": -0.2662941976212094, "log10_min_child_weight": 3.6232585236981234, "log10_subsample": -0.021303743681979292, "max_depth": 6.0, "num_boost_round": 49.0}, "datetime": {"datetime": "2024-01-19 00:12:17", "elapsed": 41.404698, "delta": 0.000317}}
{"target": -13.760051655381556, "params": {"gamma": 888.0239261265683, "log10_alpha": 0.8261177700902955, "log10_colsample_bytree": -0.20772854794703155, "log10_eta": -2.1195216078484136, "log10_lambda": -0.2662941976212094, "log10_min_child_weight": 3.6232585236981234, "log10_subsample": -0.021303743681979292, "max_depth": 6.0, "num_boost_round": 50.0}, "datetime": {"datetime": "2024-01-19 00:12:17", "elapsed": 41.405021, "delta": 0.000323}}
{"target": -13.760239859944017, "params": {"gamma": 888.0239261265683, "log10_alpha": 0.8261177700902955, "log10_colsample_bytree": -0.20772854794703155, "log10_eta": -2.1195216078484136, "log10_lambda": -0.2662941976212094, "log10_min_child_weight": 3.6232585236981234, "log10_subsample": -0.021303743681979292, "max_depth": 6.0, "num_boost_round": 51.0}, "datetime": {"datetime": "2024-01-19 00:12:17", "elapsed": 41.405338, "delta": 0.000317}}
{"target": -13.760424727996469, "params": {"gamma": 888.0239261265683, "log10_alpha": 0.8261177700902955, "log10_colsample_bytree": -0.20772854794703155, "log10_eta": -2.1195216078484136, "log10_lambda": -0.2662941976212094, "log10_min_child_weight": 3.6232585236981234, "log10_subsample": -0.021303743681979292, "max_depth": 6.0, "num_boost_round": 52.0}, "datetime": {"datetime": "2024-01-19 00:12:17", "elapsed": 41.405654, "delta": 0.000316}}
{"target": -13.760690681163565, "params": {"gamma": 888.0239261265683, "log10_alpha": 0.8261177700902955, "log10_colsample_bytree": -0.20772854794703155, "log10_eta": -2.1195216078484136, "log10_lambda": -0.2662941976212094, "log10_min_child_weight": 3.6232585236981234, "log10_subsample": -0.021303743681979292, "max_depth": 6.0, "num_boost_round": 53.0}, "datetime": {"datetime": "2024-01-19 00:12:17", "elapsed": 41.40598, "delta": 0.000326}}
{"target": -13.76051180840918, "params": {"gamma": 888.0239261265683, "log10_alpha": 0.8261177700902955, "log10_colsample_bytree": -0.20772854794703155, "log10_eta": -2.1195216078484136, "log10_lambda": -0.2662941976212094, "log10_min_child_weight": 3.6232585236981234, "log10_subsample": -0.021303743681979292, "max_depth": 6.0, "num_boost_round": 54.0}, "datetime": {"datetime": "2024-01-19 00:12:17", "elapsed": 41.406302, "delta": 0.000322}}
{"target": -13.760534343974024, "params": {"gamma": 888.0239261265683, "log10_alpha": 0.8261177700902955, "log10_colsample_bytree": -0.20772854794703155, "log10_eta": -2.1195216078484136, "log10_lambda": -0.2662941976212094, "log10_min_child_weight": 3.6232585236981234, "log10_subsample": -0.021303743681979292, "max_depth": 6.0, "num_boost_round": 55.0}, "datetime": {"datetime": "2024-01-19 00:12:17", "elapsed": 41.406624, "delta": 0.000322}}
{"target": -13.760536048146344, "params": {"gamma": 888.0239261265683, "log10_alpha": 0.8261177700902955, "log10_colsample_bytree": -0.20772854794703155, "log10_eta": -2.1195216078484136, "log10_lambda": -0.2662941976212094, "log10_min_child_weight": 3.6232585236981234, "log10_subsample": -0.021303743681979292, "max_depth": 6.0, "num_boost_round": 56.0}, "datetime": {"datetime": "2024-01-19 00:12:17", "elapsed": 41.40695, "delta": 0.000326}}
{"target": -13.760365039508663, "params": {"gamma": 888.0239261265683, "log10_alpha": 0.8261177700902955, "log10_colsample_bytree": -0.20772854794703155, "log10_eta": -2.1195216078484136, "log10_lambda": -0.2662941976212094, "log10_min_child_weight": 3.6232585236981234, "log10_subsample": -0.021303743681979292, "max_depth": 6.0, "num_boost_round": 57.0}, "datetime": {"datetime": "2024-01-19 00:12:17", "elapsed": 41.407277, "delta": 0.000327}}
{"target": -13.760318689992518, "params": {"gamma": 888.0239261265683, "log10_alpha": 0.8261177700902955, "log10_colsample_bytree": -0.20772854794703155, "log10_eta": -2.1195216078484136, "log10_lambda": -0.2662941976212094, "log10_min_child_weight": 3.6232585236981234, "log10_subsample": -0.021303743681979292, "max_depth": 6.0, "num_boost_round": 58.0}, "datetime": {"datetime": "2024-01-19 00:12:17", "elapsed": 41.407602, "delta": 0.000325}}
{"target": -13.760162257161245, "params": {"gamma": 888.0239261265683, "log10_alpha": 0.8261177700902955, "log10_colsample_bytree": -0.20772854794703155, "log10_eta": -2.1195216078484136, "log10_lambda": -0.2662941976212094, "log10_min_child_weight": 3.6232585236981234, "log10_subsample": -0.021303743681979292, "max_depth": 6.0, "num_boost_round": 59.0}, "datetime": {"datetime": "2024-01-19 00:12:17", "elapsed": 41.40793, "delta": 0.000328}}
{"target": -13.760072272166862, "params": {"gamma": 888.0239261265683, "log10_alpha": 0.8261177700902955, "log10_colsample_bytree": -0.20772854794703155, "log10_eta": -2.1195216078484136, "log10_lambda": -0.2662941976212094, "log10_min_child_weight": 3.6232585236981234, "log10_subsample": -0.021303743681979292, "max_depth": 6.0, "num_boost_round": 60.0}, "datetime": {"datetime": "2024-01-19 00:12:17", "elapsed": 41.40826, "delta": 0.00033}}
{"target": -13.760094909436082, "params": {"gamma": 888.0239261265683, "log10_alpha": 0.8261177700902955, "log10_colsample_bytree": -0.20772854794703155, "log10_eta": -2.1195216078484136, "log10_lambda": -0.2662941976212094, "log10_min_child_weight": 3.6232585236981234, "log10_subsample": -0.021303743681979292, "max_depth": 6.0, "num_boost_round": 61.0}, "datetime": {"datetime": "2024-01-19 00:12:17", "elapsed": 41.408591, "delta": 0.000331}}
{"target": -13.760430240263911, "params": {"gamma": 888.0239261265683, "log10_alpha": 0.8261177700902955, "log10_colsample_bytree": -0.20772854794703155, "log10_eta": -2.1195216078484136, "log10_lambda": -0.2662941976212094, "log10_min_child_weight": 3.6232585236981234, "log10_subsample": -0.021303743681979292, "max_depth": 6.0, "num_boost_round": 62.0}, "datetime": {"datetime": "2024-01-19 00:12:17", "elapsed": 41.408928, "delta": 0.000337}}
{"target": -13.760258640786228, "params": {"gamma": 888.0239261265683, "log10_alpha": 0.8261177700902955, "log10_colsample_bytree": -0.20772854794703155, "log10_eta": -2.1195216078484136, "log10_lambda": -0.2662941976212094, "log10_min_child_weight": 3.6232585236981234, "log10_subsample": -0.021303743681979292, "max_depth": 6.0, "num_boost_round": 63.0}, "datetime": {"datetime": "2024-01-19 00:12:17", "elapsed": 41.409263, "delta": 0.000335}}
{"target": -13.760409288402268, "params": {"gamma": 888.0239261265683, "log10_alpha": 0.8261177700902955, "log10_colsample_bytree": -0.20772854794703155, "log10_eta": -2.1195216078484136, "log10_lambda": -0.2662941976212094, "log10_min_child_weight": 3.6232585236981234, "log10_subsample": -0.021303743681979292, "max_depth": 6.0, "num_boost_round": 64.0}, "datetime": {"datetime": "2024-01-19 00:12:17", "elapsed": 41.409593, "delta": 0.00033}}
{"target": -13.760330885771307, "params": {"gamma": 888.0239261265683, "log10_alpha": 0.8261177700902955, "log10_colsample_bytree": -0.20772854794703155, "log10_eta": -2.1195216078484136, "log10_lambda": -0.2662941976212094, "log10_min_child_weight": 3.6232585236981234, "log10_subsample": -0.021303743681979292, "max_depth": 6.0, "num_boost_round": 65.0}, "datetime": {"datetime": "2024-01-19 00:12:17", "elapsed": 41.409942, "delta": 0.000349}}
{"target": -13.760193249701894, "params": {"gamma": 888.0239261265683, "log10_alpha": 0.8261177700902955, "log10_colsample_bytree": -0.20772854794703155, "log10_eta": -2.1195216078484136, "log10_lambda": -0.2662941976212094, "log10_min_child_weight": 3.6232585236981234, "log10_subsample": -0.021303743681979292, "max_depth": 6.0, "num_boost_round": 66.0}, "datetime": {"datetime": "2024-01-19 00:12:17", "elapsed": 41.410347, "delta": 0.000405}}
{"target": -13.760069824864939, "params": {"gamma": 888.0239261265683, "log10_alpha": 0.8261177700902955, "log10_colsample_bytree": -0.20772854794703155, "log10_eta": -2.1195216078484136, "log10_lambda": -0.2662941976212094, "log10_min_child_weight": 3.6232585236981234, "log10_subsample": -0.021303743681979292, "max_depth": 6.0, "num_boost_round": 67.0}, "datetime": {"datetime": "2024-01-19 00:12:17", "elapsed": 41.41069, "delta": 0.000343}}
{"target": -13.760119063356694, "params": {"gamma": 888.0239261265683, "log10_alpha": 0.8261177700902955, "log10_colsample_bytree": -0.20772854794703155, "log10_eta": -2.1195216078484136, "log10_lambda": -0.2662941976212094, "log10_min_child_weight": 3.6232585236981234, "log10_subsample": -0.021303743681979292, "max_depth": 6.0, "num_boost_round": 68.0}, "datetime": {"datetime": "2024-01-19 00:12:17", "elapsed": 41.411045, "delta": 0.000355}}
{"target": -13.75999215265085, "params": {"gamma": 888.0239261265683, "log10_alpha": 0.8261177700902955, "log10_colsample_bytree": -0.20772854794703155, "log10_eta": -2.1195216078484136, "log10_lambda": -0.2662941976212094, "log10_min_child_weight": 3.6232585236981234, "log10_subsample": -0.021303743681979292, "max_depth": 6.0, "num_boost_round": 69.0}, "datetime": {"datetime": "2024-01-19 00:12:17", "elapsed": 41.411499, "delta": 0.000454}}
{"target": -13.759934935577899, "params": {"gamma": 888.0239261265683, "log10_alpha": 0.8261177700902955, "log10_colsample_bytree": -0.20772854794703155, "log10_eta": -2.1195216078484136, "log10_lambda": -0.2662941976212094, "log10_min_child_weight": 3.6232585236981234, "log10_subsample": -0.021303743681979292, "max_depth": 6.0, "num_boost_round": 70.0}, "datetime": {"datetime": "2024-01-19 00:12:17", "elapsed": 41.411854, "delta": 0.000355}}
{"target": -13.760255885978815, "params": {"gamma": 888.0239261265683, "log10_alpha": 0.8261177700902955, "log10_colsample_bytree": -0.20772854794703155, "log10_eta": -2.1195216078484136, "log10_lambda": -0.2662941976212094, "log10_min_child_weight": 3.6232585236981234, "log10_subsample": -0.021303743681979292, "max_depth": 6.0, "num_boost_round": 71.0}, "datetime": {"datetime": "2024-01-19 00:12:17", "elapsed": 41.412205, "delta": 0.000351}}
{"target": -13.75853214411638, "params": {"gamma": 885.8981025027313, "log10_alpha": -1.6667280398554345, "log10_colsample_bytree": -0.30859020176113594, "log10_eta": -3.521414298787991, "log10_lambda": -2.128853643726143, "log10_min_child_weight": 1.400053212340386, "log10_subsample": -0.8243941096158515, "max_depth": 8.0, "num_boost_round": 0.0}, "datetime": {"datetime": "2024-01-19 00:12:42", "elapsed": 66.882833, "delta": 25.470628}}
{"target": -13.758511023325974, "params": {"gamma": 885.8981025027313, "log10_alpha": -1.6667280398554345, "log10_colsample_bytree": -0.30859020176113594, "log10_eta": -3.521414298787991, "log10_lambda": -2.128853643726143, "log10_min_child_weight": 1.400053212340386, "log10_subsample": -0.8243941096158515, "max_depth": 8.0, "num_boost_round": 1.0}, "datetime": {"datetime": "2024-01-19 00:12:42", "elapsed": 66.883693, "delta": 0.00086}}
