{"target": -13.770763345354668, "params": {"gamma": 894.8430422747673, "log10_alpha": 0.09835080898846371, "log10_colsample_bytree": -0.8375395845854636, "log10_eta": -1.0416888016446118, "log10_lambda": -3.20833749016654, "log10_min_child_weight": 4.927464509176493, "log10_subsample": -0.28370864938904594, "max_depth": 8.0, "num_boost_round": 55.0}, "datetime": {"datetime": "2024-01-19 01:31:51", "elapsed": 4816.195216, "delta": 0.00569}}
{"target": -13.771029628750082, "params": {"gamma": 894.8430422747673, "log10_alpha": 0.09835080898846371, "log10_colsample_bytree": -0.8375395845854636, "log10_eta": -1.0416888016446118, "log10_lambda": -3.20833749016654, "log10_min_child_weight": 4.927464509176493, "log10_subsample": -0.28370864938904594, "max_depth": 8.0, "num_boost_round": 56.0}, "datetime": {"datetime": "2024-01-19 01:31:51", "elapsed": 4816.200607, "delta": 0.005391}}
{"target": -13.771262786032802, "params": {"gamma": 894.8430422747673, "log10_alpha": 0.09835080898846371, "log10_colsample_bytree": -0.8375395845854636, "log10_eta": -1.0416888016446118, "log10_lambda": -3.20833749016654, "log10_min_child_weight": 4.927464509176493, "log10_subsample": -0.28370864938904594, "max_depth": 8.0, "num_boost_round": 57.0}, "datetime": {"datetime": "2024-01-19 01:31:51", "elapsed": 4816.205921, "delta": 0.005314}}
{"target": -13.77191021702408, "params": {"gamma": 894.8430422747673, "log10_alpha": 0.09835080898846371, "log10_colsample_bytree": -0.8375395845854636, "log10_eta": -1.0416888016446118, "log10_lambda": -3.20833749016654, "log10_min_child_weight": 4.927464509176493, "log10_subsample": -0.28370864938904594, "max_depth": 8.0, "num_boost_round": 58.0}, "datetime": {"datetime": "2024-01-19 01:31:51", "elapsed": 4816.21132, "delta": 0.005399}}
{"target": -13.772177846326686, "params": {"gamma": 894.8430422747673, "log10_alpha": 0.09835080898846371, "log10_colsample_bytree": -0.8375395845854636, "log10_eta": -1.0416888016446118, "log10_lambda": -3.20833749016654, "log10_min_child_weight": 4.927464509176493, "log10_subsample": -0.28370864938904594, "max_depth": 8.0, "num_boost_round": 59.0}, "datetime": {"datetime": "2024-01-19 01:31:51", "elapsed": 4816.216888, "delta": 0.005568}}
{"target": -13.772044040933148, "params": {"gamma": 894.8430422747673, "log10_alpha": 0.09835080898846371, "log10_colsample_bytree": -0.8375395845854636, "log10_eta": -1.0416888016446118, "log10_lambda": -3.20833749016654, "log10_min_child_weight": 4.927464509176493, "log10_subsample": -0.28370864938904594, "max_depth": 8.0, "num_boost_round": 60.0}, "datetime": {"datetime": "2024-01-19 01:31:51", "elapsed": 4816.222599, "delta": 0.005711}}
{"target": -13.77236499128322, "params": {"gamma": 894.8430422747673, "log10_alpha": 0.09835080898846371, "log10_colsample_bytree": -0.8375395845854636, "log10_eta": -1.0416888016446118, "log10_lambda": -3.20833749016654, "log10_min_child_weight": 4.927464509176493, "log10_subsample": -0.28370864938904594, "max_depth": 8.0, "num_boost_round": 61.0}, "datetime": {"datetime": "2024-01-19 01:31:51", "elapsed": 4816.228437, "delta": 0.005838}}
{"target": -13.772514484351055, "params": {"gamma": 894.8430422747673, "log10_alpha": 0.09835080898846371, "log10_colsample_bytree": -0.8375395845854636, "log10_eta": -1.0416888016446118, "log10_lambda": -3.20833749016654, "log10_min_child_weight": 4.927464509176493, "log10_subsample": -0.28370864938904594, "max_depth": 8.0, "num_boost_round": 62.0}, "datetime": {"datetime": "2024-01-19 01:31:51", "elapsed": 4816.233919, "delta": 0.005482}}
{"target": -13.772524727373916, "params": {"gamma": 894.8430422747673, "log10_alpha": 0.09835080898846371, "log10_colsample_bytree": -0.8375395845854636, "log10_eta": -1.0416888016446118, "log10_lambda": -3.20833749016654, "log10_min_child_weight": 4.927464509176493, "log10_subsample": -0.28370864938904594, "max_depth": 8.0, "num_boost_round": 63.0}, "datetime": {"datetime": "2024-01-19 01:31:51", "elapsed": 4816.239382, "delta": 0.005463}}
{"target": -13.77225771201549, "params": {"gamma": 894.8430422747673, "log10_alpha": 0.09835080898846371, "log10_colsample_bytree": -0.8375395845854636, "log10_eta": -1.0416888016446118, "log10_lambda": -3.20833749016654, "log10_min_child_weight": 4.927464509176493, "log10_subsample": -0.28370864938904594, "max_depth": 8.0, "num_boost_round": 64.0}, "datetime": {"datetime": "2024-01-19 01:31:51", "elapsed": 4816.244973, "delta": 0.005591}}
{"target": -13.772200521210417, "params": {"gamma": 894.8430422747673, "log10_alpha": 0.09835080898846371, "log10_colsample_bytree": -0.8375395845854636, "log10_eta": -1.0416888016446118, "log10_lambda": -3.20833749016654, "log10_min_child_weight": 4.927464509176493, "log10_subsample": -0.28370864938904594, "max_depth": 8.0, "num_boost_round": 65.0}, "datetime": {"datetime": "2024-01-19 01:31:51", "elapsed": 4816.250652, "delta": 0.005679}}
{"target": -13.772398253571684, "params": {"gamma": 894.8430422747673, "log10_alpha": 0.09835080898846371, "log10_colsample_bytree": -0.8375395845854636, "log10_eta": -1.0416888016446118, "log10_lambda": -3.20833749016654, "log10_min_child_weight": 4.927464509176493, "log10_subsample": -0.28370864938904594, "max_depth": 8.0, "num_boost_round": 66.0}, "datetime": {"datetime": "2024-01-19 01:31:51", "elapsed": 4816.256374, "delta": 0.005722}}
{"target": -13.772740819970837, "params": {"gamma": 894.8430422747673, "log10_alpha": 0.09835080898846371, "log10_colsample_bytree": -0.8375395845854636, "log10_eta": -1.0416888016446118, "log10_lambda": -3.20833749016654, "log10_min_child_weight": 4.927464509176493, "log10_subsample": -0.28370864938904594, "max_depth": 8.0, "num_boost_round": 67.0}, "datetime": {"datetime": "2024-01-19 01:31:51", "elapsed": 4816.262189, "delta": 0.005815}}
{"target": -13.773029950956108, "params": {"gamma": 894.8430422747673, "log10_alpha": 0.09835080898846371, "log10_colsample_bytree": -0.8375395845854636, "log10_eta": -1.0416888016446118, "log10_lambda": -3.20833749016654, "log10_min_child_weight": 4.927464509176493, "log10_subsample": -0.28370864938904594, "max_depth": 8.0, "num_boost_round": 68.0}, "datetime": {"datetime": "2024-01-19 01:31:51", "elapsed": 4816.267756, "delta": 0.005567}}
{"target": -13.773229774524786, "params": {"gamma": 894.8430422747673, "log10_alpha": 0.09835080898846371, "log10_colsample_bytree": -0.8375395845854636, "log10_eta": -1.0416888016446118, "log10_lambda": -3.20833749016654, "log10_min_child_weight": 4.927464509176493, "log10_subsample": -0.28370864938904594, "max_depth": 8.0, "num_boost_round": 69.0}, "datetime": {"datetime": "2024-01-19 01:31:51", "elapsed": 4816.273287, "delta": 0.005531}}
{"target": -13.773020538481749, "params": {"gamma": 894.8430422747673, "log10_alpha": 0.09835080898846371, "log10_colsample_bytree": -0.8375395845854636, "log10_eta": -1.0416888016446118, "log10_lambda": -3.20833749016654, "log10_min_child_weight": 4.927464509176493, "log10_subsample": -0.28370864938904594, "max_depth": 8.0, "num_boost_round": 70.0}, "datetime": {"datetime": "2024-01-19 01:31:51", "elapsed": 4816.278838, "delta": 0.005551}}
{"target": -13.772937569460549, "params": {"gamma": 894.8430422747673, "log10_alpha": 0.09835080898846371, "log10_colsample_bytree": -0.8375395845854636, "log10_eta": -1.0416888016446118, "log10_lambda": -3.20833749016654, "log10_min_child_weight": 4.927464509176493, "log10_subsample": -0.28370864938904594, "max_depth": 8.0, "num_boost_round": 71.0}, "datetime": {"datetime": "2024-01-19 01:31:51", "elapsed": 4816.285614, "delta": 0.006776}}
{"target": -13.773216175198538, "params": {"gamma": 894.8430422747673, "log10_alpha": 0.09835080898846371, "log10_colsample_bytree": -0.8375395845854636, "log10_eta": -1.0416888016446118, "log10_lambda": -3.20833749016654, "log10_min_child_weight": 4.927464509176493, "log10_subsample": -0.28370864938904594, "max_depth": 8.0, "num_boost_round": 72.0}, "datetime": {"datetime": "2024-01-19 01:31:51", "elapsed": 4816.291572, "delta": 0.005958}}
{"target": -13.77325020997607, "params": {"gamma": 894.8430422747673, "log10_alpha": 0.09835080898846371, "log10_colsample_bytree": -0.8375395845854636, "log10_eta": -1.0416888016446118, "log10_lambda": -3.20833749016654, "log10_min_child_weight": 4.927464509176493, "log10_subsample": -0.28370864938904594, "max_depth": 8.0, "num_boost_round": 73.0}, "datetime": {"datetime": "2024-01-19 01:31:51", "elapsed": 4816.297438, "delta": 0.005866}}
{"target": -13.773055233548614, "params": {"gamma": 894.8430422747673, "log10_alpha": 0.09835080898846371, "log10_colsample_bytree": -0.8375395845854636, "log10_eta": -1.0416888016446118, "log10_lambda": -3.20833749016654, "log10_min_child_weight": 4.927464509176493, "log10_subsample": -0.28370864938904594, "max_depth": 8.0, "num_boost_round": 74.0}, "datetime": {"datetime": "2024-01-19 01:31:52", "elapsed": 4816.302922, "delta": 0.005484}}
{"target": -13.773777224986846, "params": {"gamma": 894.8430422747673, "log10_alpha": 0.09835080898846371, "log10_colsample_bytree": -0.8375395845854636, "log10_eta": -1.0416888016446118, "log10_lambda": -3.20833749016654, "log10_min_child_weight": 4.927464509176493, "log10_subsample": -0.28370864938904594, "max_depth": 8.0, "num_boost_round": 75.0}, "datetime": {"datetime": "2024-01-19 01:31:52", "elapsed": 4816.308418, "delta": 0.005496}}
{"target": -13.774318637499169, "params": {"gamma": 894.8430422747673, "log10_alpha": 0.09835080898846371, "log10_colsample_bytree": -0.8375395845854636, "log10_eta": -1.0416888016446118, "log10_lambda": -3.20833749016654, "log10_min_child_weight": 4.927464509176493, "log10_subsample": -0.28370864938904594, "max_depth": 8.0, "num_boost_round": 76.0}, "datetime": {"datetime": "2024-01-19 01:31:52", "elapsed": 4816.313874, "delta": 0.005456}}
{"target": -13.774789451397524, "params": {"gamma": 894.8430422747673, "log10_alpha": 0.09835080898846371, "log10_colsample_bytree": -0.8375395845854636, "log10_eta": -1.0416888016446118, "log10_lambda": -3.20833749016654, "log10_min_child_weight": 4.927464509176493, "log10_subsample": -0.28370864938904594, "max_depth": 8.0, "num_boost_round": 77.0}, "datetime": {"datetime": "2024-01-19 01:31:52", "elapsed": 4816.319412, "delta": 0.005538}}
{"target": -13.774124820635773, "params": {"gamma": 894.8430422747673, "log10_alpha": 0.09835080898846371, "log10_colsample_bytree": -0.8375395845854636, "log10_eta": -1.0416888016446118, "log10_lambda": -3.20833749016654, "log10_min_child_weight": 4.927464509176493, "log10_subsample": -0.28370864938904594, "max_depth": 8.0, "num_boost_round": 78.0}, "datetime": {"datetime": "2024-01-19 01:31:52", "elapsed": 4816.325105, "delta": 0.005693}}
{"target": -13.774553545740892, "params": {"gamma": 894.8430422747673, "log10_alpha": 0.09835080898846371, "log10_colsample_bytree": -0.8375395845854636, "log10_eta": -1.0416888016446118, "log10_lambda": -3.20833749016654, "log10_min_child_weight": 4.927464509176493, "log10_subsample": -0.28370864938904594, "max_depth": 8.0, "num_boost_round": 79.0}, "datetime": {"datetime": "2024-01-19 01:31:52", "elapsed": 4816.330922, "delta": 0.005817}}
{"target": -13.774398876279486, "params": {"gamma": 894.8430422747673, "log10_alpha": 0.09835080898846371, "log10_colsample_bytree": -0.8375395845854636, "log10_eta": -1.0416888016446118, "log10_lambda": -3.20833749016654, "log10_min_child_weight": 4.927464509176493, "log10_subsample": -0.28370864938904594, "max_depth": 8.0, "num_boost_round": 80.0}, "datetime": {"datetime": "2024-01-19 01:31:52", "elapsed": 4816.33643, "delta": 0.005508}}
{"target": -13.774684225552638, "params": {"gamma": 894.8430422747673, "log10_alpha": 0.09835080898846371, "log10_colsample_bytree": -0.8375395845854636, "log10_eta": -1.0416888016446118, "log10_lambda": -3.20833749016654, "log10_min_child_weight": 4.927464509176493, "log10_subsample": -0.28370864938904594, "max_depth": 8.0, "num_boost_round": 81.0}, "datetime": {"datetime": "2024-01-19 01:31:52", "elapsed": 4816.341949, "delta": 0.005519}}
{"target": -13.775092008951729, "params": {"gamma": 894.8430422747673, "log10_alpha": 0.09835080898846371, "log10_colsample_bytree": -0.8375395845854636, "log10_eta": -1.0416888016446118, "log10_lambda": -3.20833749016654, "log10_min_child_weight": 4.927464509176493, "log10_subsample": -0.28370864938904594, "max_depth": 8.0, "num_boost_round": 82.0}, "datetime": {"datetime": "2024-01-19 01:31:52", "elapsed": 4816.347509, "delta": 0.00556}}
{"target": -13.775051534501333, "params": {"gamma": 894.8430422747673, "log10_alpha": 0.09835080898846371, "log10_colsample_bytree": -0.8375395845854636, "log10_eta": -1.0416888016446118, "log10_lambda": -3.20833749016654, "log10_min_child_weight": 4.927464509176493, "log10_subsample": -0.28370864938904594, "max_depth": 8.0, "num_boost_round": 83.0}, "datetime": {"datetime": "2024-01-19 01:31:52", "elapsed": 4816.353049, "delta": 0.00554}}
{"target": -13.775055024105425, "params": {"gamma": 894.8430422747673, "log10_alpha": 0.09835080898846371, "log10_colsample_bytree": -0.8375395845854636, "log10_eta": -1.0416888016446118, "log10_lambda": -3.20833749016654, "log10_min_child_weight": 4.927464509176493, "log10_subsample": -0.28370864938904594, "max_depth": 8.0, "num_boost_round": 84.0}, "datetime": {"datetime": "2024-01-19 01:31:52", "elapsed": 4816.358657, "delta": 0.005608}}
{"target": -13.775453914283688, "params": {"gamma": 894.8430422747673, "log10_alpha": 0.09835080898846371, "log10_colsample_bytree": -0.8375395845854636, "log10_eta": -1.0416888016446118, "log10_lambda": -3.20833749016654, "log10_min_child_weight": 4.927464509176493, "log10_subsample": -0.28370864938904594, "max_depth": 8.0, "num_boost_round": 85.0}, "datetime": {"datetime": "2024-01-19 01:31:52", "elapsed": 4816.364495, "delta": 0.005838}}
{"target": -13.775527738941108, "params": {"gamma": 894.8430422747673, "log10_alpha": 0.09835080898846371, "log10_colsample_bytree": -0.8375395845854636, "log10_eta": -1.0416888016446118, "log10_lambda": -3.20833749016654, "log10_min_child_weight": 4.927464509176493, "log10_subsample": -0.28370864938904594, "max_depth": 8.0, "num_boost_round": 86.0}, "datetime": {"datetime": "2024-01-19 01:31:52", "elapsed": 4816.370069, "delta": 0.005574}}
{"target": -13.75853775103336, "params": {"gamma": 876.2288723428371, "log10_alpha": -3.52590977560811, "log10_colsample_bytree": -0.9436244480735458, "log10_eta": -3.1853775649865006, "log10_lambda": -4.637843598027381, "log10_min_child_weight": 4.929595253089846, "log10_subsample": -0.7009446593398376, "max_depth": 7.0, "num_boost_round": 0.0}, "datetime": {"datetime": "2024-01-19 01:33:24", "elapsed": 4908.854162, "delta": 92.484093}}
{"target": -13.758535131477297, "params": {"gamma": 876.2288723428371, "log10_alpha": -3.52590977560811, "log10_colsample_bytree": -0.9436244480735458, "log10_eta": -3.1853775649865006, "log10_lambda": -4.637843598027381, "log10_min_child_weight": 4.929595253089846, "log10_subsample": -0.7009446593398376, "max_depth": 7.0, "num_boost_round": 1.0}, "datetime": {"datetime": "2024-01-19 01:33:24", "elapsed": 4908.860287, "delta": 0.006125}}
{"target": -13.75853549995326, "params": {"gamma": 876.2288723428371, "log10_alpha": -3.52590977560811, "log10_colsample_bytree": -0.9436244480735458, "log10_eta": -3.1853775649865006, "log10_lambda": -4.637843598027381, "log10_min_child_weight": 4.929595253089846, "log10_subsample": -0.7009446593398376, "max_depth": 7.0, "num_boost_round": 2.0}, "datetime": {"datetime": "2024-01-19 01:33:24", "elapsed": 4908.865776, "delta": 0.005489}}
{"target": -13.75853579197174, "params": {"gamma": 876.2288723428371, "log10_alpha": -3.52590977560811, "log10_colsample_bytree": -0.9436244480735458, "log10_eta": -3.1853775649865006, "log10_lambda": -4.637843598027381, "log10_min_child_weight": 4.929595253089846, "log10_subsample": -0.7009446593398376, "max_depth": 7.0, "num_boost_round": 3.0}, "datetime": {"datetime": "2024-01-19 01:33:24", "elapsed": 4908.871336, "delta": 0.00556}}
{"target": -13.758533233370562, "params": {"gamma": 876.2288723428371, "log10_alpha": -3.52590977560811, "log10_colsample_bytree": -0.9436244480735458, "log10_eta": -3.1853775649865006, "log10_lambda": -4.637843598027381, "log10_min_child_weight": 4.929595253089846, "log10_subsample": -0.7009446593398376, "max_depth": 7.0, "num_boost_round": 4.0}, "datetime": {"datetime": "2024-01-19 01:33:24", "elapsed": 4908.876908, "delta": 0.005572}}
{"target": -13.758530567527455, "params": {"gamma": 876.2288723428371, "log10_alpha": -3.52590977560811, "log10_colsample_bytree": -0.9436244480735458, "log10_eta": -3.1853775649865006, "log10_lambda": -4.637843598027381, "log10_min_child_weight": 4.929595253089846, "log10_subsample": -0.7009446593398376, "max_depth": 7.0, "num_boost_round": 5.0}, "datetime": {"datetime": "2024-01-19 01:33:24", "elapsed": 4908.882398, "delta": 0.00549}}
{"target": -13.758530761107833, "params": {"gamma": 876.2288723428371, "log10_alpha": -3.52590977560811, "log10_colsample_bytree": -0.9436244480735458, "log10_eta": -3.1853775649865006, "log10_lambda": -4.637843598027381, "log10_min_child_weight": 4.929595253089846, "log10_subsample": -0.7009446593398376, "max_depth": 7.0, "num_boost_round": 6.0}, "datetime": {"datetime": "2024-01-19 01:33:24", "elapsed": 4908.887701, "delta": 0.005303}}
{"target": -13.758528354210181, "params": {"gamma": 876.2288723428371, "log10_alpha": -3.52590977560811, "log10_colsample_bytree": -0.9436244480735458, "log10_eta": -3.1853775649865006, "log10_lambda": -4.637843598027381, "log10_min_child_weight": 4.929595253089846, "log10_subsample": -0.7009446593398376, "max_depth": 7.0, "num_boost_round": 7.0}, "datetime": {"datetime": "2024-01-19 01:33:24", "elapsed": 4908.893221, "delta": 0.00552}}
{"target": -13.758527748002113, "params": {"gamma": 876.2288723428371, "log10_alpha": -3.52590977560811, "log10_colsample_bytree": -0.9436244480735458, "log10_eta": -3.1853775649865006, "log10_lambda": -4.637843598027381, "log10_min_child_weight": 4.929595253089846, "log10_subsample": -0.7009446593398376, "max_depth": 7.0, "num_boost_round": 8.0}, "datetime": {"datetime": "2024-01-19 01:33:24", "elapsed": 4908.898569, "delta": 0.005348}}
{"target": -13.758525830420387, "params": {"gamma": 876.2288723428371, "log10_alpha": -3.52590977560811, "log10_colsample_bytree": -0.9436244480735458, "log10_eta": -3.1853775649865006, "log10_lambda": -4.637843598027381, "log10_min_child_weight": 4.929595253089846, "log10_subsample": -0.7009446593398376, "max_depth": 7.0, "num_boost_round": 9.0}, "datetime": {"datetime": "2024-01-19 01:33:24", "elapsed": 4908.903964, "delta": 0.005395}}
{"target": -13.758523372055643, "params": {"gamma": 876.2288723428371, "log10_alpha": -3.52590977560811, "log10_colsample_bytree": -0.9436244480735458, "log10_eta": -3.1853775649865006, "log10_lambda": -4.637843598027381, "log10_min_child_weight": 4.929595253089846, "log10_subsample": -0.7009446593398376, "max_depth": 7.0, "num_boost_round": 10.0}, "datetime": {"datetime": "2024-01-19 01:33:24", "elapsed": 4908.909394, "delta": 0.00543}}
{"target": -13.758521086314122, "params": {"gamma": 876.2288723428371, "log10_alpha": -3.52590977560811, "log10_colsample_bytree": -0.9436244480735458, "log10_eta": -3.1853775649865006, "log10_lambda": -4.637843598027381, "log10_min_child_weight": 4.929595253089846, "log10_subsample": -0.7009446593398376, "max_depth": 7.0, "num_boost_round": 11.0}, "datetime": {"datetime": "2024-01-19 01:33:24", "elapsed": 4908.915051, "delta": 0.005657}}
{"target": -13.758518258015238, "params": {"gamma": 876.2288723428371, "log10_alpha": -3.52590977560811, "log10_colsample_bytree": -0.9436244480735458, "log10_eta": -3.1853775649865006, "log10_lambda": -4.637843598027381, "log10_min_child_weight": 4.929595253089846, "log10_subsample": -0.7009446593398376, "max_depth": 7.0, "num_boost_round": 12.0}, "datetime": {"datetime": "2024-01-19 01:33:24", "elapsed": 4908.920447, "delta": 0.005396}}
{"target": -13.75851784246521, "params": {"gamma": 876.2288723428371, "log10_alpha": -3.52590977560811, "log10_colsample_bytree": -0.9436244480735458, "log10_eta": -3.1853775649865006, "log10_lambda": -4.637843598027381, "log10_min_child_weight": 4.929595253089846, "log10_subsample": -0.7009446593398376, "max_depth": 7.0, "num_boost_round": 13.0}, "datetime": {"datetime": "2024-01-19 01:33:24", "elapsed": 4908.925836, "delta": 0.005389}}
{"target": -13.758515295701912, "params": {"gamma": 876.2288723428371, "log10_alpha": -3.52590977560811, "log10_colsample_bytree": -0.9436244480735458, "log10_eta": -3.1853775649865006, "log10_lambda": -4.637843598027381, "log10_min_child_weight": 4.929595253089846, "log10_subsample": -0.7009446593398376, "max_depth": 7.0, "num_boost_round": 14.0}, "datetime": {"datetime": "2024-01-19 01:33:24", "elapsed": 4908.93152, "delta": 0.005684}}
{"target": -13.758510288281283, "params": {"gamma": 876.2288723428371, "log10_alpha": -3.52590977560811, "log10_colsample_bytree": -0.9436244480735458, "log10_eta": -3.1853775649865006, "log10_lambda": -4.637843598027381, "log10_min_child_weight": 4.929595253089846, "log10_subsample": -0.7009446593398376, "max_depth": 7.0, "num_boost_round": 15.0}, "datetime": {"datetime": "2024-01-19 01:33:24", "elapsed": 4908.938029, "delta": 0.006509}}
{"target": -13.758509623735689, "params": {"gamma": 876.2288723428371, "log10_alpha": -3.52590977560811, "log10_colsample_bytree": -0.9436244480735458, "log10_eta": -3.1853775649865006, "log10_lambda": -4.637843598027381, "log10_min_child_weight": 4.929595253089846, "log10_subsample": -0.7009446593398376, "max_depth": 7.0, "num_boost_round": 16.0}, "datetime": {"datetime": "2024-01-19 01:33:24", "elapsed": 4908.943857, "delta": 0.005828}}
