{"target": -13.758413485085264, "params": {"gamma": 123.91749825936938, "log10_alpha": 0.13331404728802276, "log10_colsample_bytree": -0.46295526714493085, "log10_eta": -2.211468527563308, "log10_lambda": 0.8370675765718403, "log10_min_child_weight": 4.306909884774052, "log10_subsample": -0.8125101073342668, "max_depth": 9.0, "num_boost_round": 8.0}, "datetime": {"datetime": "2024-01-19 00:48:14", "elapsed": 2202.545718, "delta": 0.002383}}
{"target": -13.758393674027932, "params": {"gamma": 123.91749825936938, "log10_alpha": 0.13331404728802276, "log10_colsample_bytree": -0.46295526714493085, "log10_eta": -2.211468527563308, "log10_lambda": 0.8370675765718403, "log10_min_child_weight": 4.306909884774052, "log10_subsample": -0.8125101073342668, "max_depth": 9.0, "num_boost_round": 9.0}, "datetime": {"datetime": "2024-01-19 00:48:14", "elapsed": 2202.54811, "delta": 0.002392}}
{"target": -13.7584031617077, "params": {"gamma": 123.91749825936938, "log10_alpha": 0.13331404728802276, "log10_colsample_bytree": -0.46295526714493085, "log10_eta": -2.211468527563308, "log10_lambda": 0.8370675765718403, "log10_min_child_weight": 4.306909884774052, "log10_subsample": -0.8125101073342668, "max_depth": 9.0, "num_boost_round": 10.0}, "datetime": {"datetime": "2024-01-19 00:48:14", "elapsed": 2202.550487, "delta": 0.002377}}
{"target": -13.75835898104328, "params": {"gamma": 123.91749825936938, "log10_alpha": 0.13331404728802276, "log10_colsample_bytree": -0.46295526714493085, "log10_eta": -2.211468527563308, "log10_lambda": 0.8370675765718403, "log10_min_child_weight": 4.306909884774052, "log10_subsample": -0.8125101073342668, "max_depth": 9.0, "num_boost_round": 11.0}, "datetime": {"datetime": "2024-01-19 00:48:14", "elapsed": 2202.552789, "delta": 0.002302}}
{"target": -13.758356319964403, "params": {"gamma": 123.91749825936938, "log10_alpha": 0.13331404728802276, "log10_colsample_bytree": -0.46295526714493085, "log10_eta": -2.211468527563308, "log10_lambda": 0.8370675765718403, "log10_min_child_weight": 4.306909884774052, "log10_subsample": -0.8125101073342668, "max_depth": 9.0, "num_boost_round": 12.0}, "datetime": {"datetime": "2024-01-19 00:48:14", "elapsed": 2202.555078, "delta": 0.002289}}
{"target": -13.758768756512003, "params": {"gamma": 118.22859778966355, "log10_alpha": -0.0865563938370233, "log10_colsample_bytree": -0.7030375925754667, "log10_eta": -0.8020750393716516, "log10_lambda": -2.7906996079950637, "log10_min_child_weight": 2.562889237496096, "log10_subsample": -0.687019547476529, "max_depth": 5.0, "num_boost_round": 0.0}, "datetime": {"datetime": "2024-01-19 00:48:42", "elapsed": 2229.875171, "delta": 27.320093}}
{"target": -13.757911534026674, "params": {"gamma": 118.22859778966355, "log10_alpha": -0.0865563938370233, "log10_colsample_bytree": -0.7030375925754667, "log10_eta": -0.8020750393716516, "log10_lambda": -2.7906996079950637, "log10_min_child_weight": 2.562889237496096, "log10_subsample": -0.687019547476529, "max_depth": 5.0, "num_boost_round": 1.0}, "datetime": {"datetime": "2024-01-19 00:48:42", "elapsed": 2229.878227, "delta": 0.003056}}
{"target": -13.761217829670807, "params": {"gamma": 118.22859778966355, "log10_alpha": -0.0865563938370233, "log10_colsample_bytree": -0.7030375925754667, "log10_eta": -0.8020750393716516, "log10_lambda": -2.7906996079950637, "log10_min_child_weight": 2.562889237496096, "log10_subsample": -0.687019547476529, "max_depth": 5.0, "num_boost_round": 2.0}, "datetime": {"datetime": "2024-01-19 00:48:42", "elapsed": 2229.881096, "delta": 0.002869}}
{"target": -13.762570590885739, "params": {"gamma": 118.22859778966355, "log10_alpha": -0.0865563938370233, "log10_colsample_bytree": -0.7030375925754667, "log10_eta": -0.8020750393716516, "log10_lambda": -2.7906996079950637, "log10_min_child_weight": 2.562889237496096, "log10_subsample": -0.687019547476529, "max_depth": 5.0, "num_boost_round": 3.0}, "datetime": {"datetime": "2024-01-19 00:48:42", "elapsed": 2229.883448, "delta": 0.002352}}
{"target": -13.762460881706279, "params": {"gamma": 118.22859778966355, "log10_alpha": -0.0865563938370233, "log10_colsample_bytree": -0.7030375925754667, "log10_eta": -0.8020750393716516, "log10_lambda": -2.7906996079950637, "log10_min_child_weight": 2.562889237496096, "log10_subsample": -0.687019547476529, "max_depth": 5.0, "num_boost_round": 4.0}, "datetime": {"datetime": "2024-01-19 00:48:42", "elapsed": 2229.885824, "delta": 0.002376}}
{"target": -13.76792826626459, "params": {"gamma": 118.22859778966355, "log10_alpha": -0.0865563938370233, "log10_colsample_bytree": -0.7030375925754667, "log10_eta": -0.8020750393716516, "log10_lambda": -2.7906996079950637, "log10_min_child_weight": 2.562889237496096, "log10_subsample": -0.687019547476529, "max_depth": 5.0, "num_boost_round": 5.0}, "datetime": {"datetime": "2024-01-19 00:48:42", "elapsed": 2229.888145, "delta": 0.002321}}
{"target": -13.772962305395765, "params": {"gamma": 118.22859778966355, "log10_alpha": -0.0865563938370233, "log10_colsample_bytree": -0.7030375925754667, "log10_eta": -0.8020750393716516, "log10_lambda": -2.7906996079950637, "log10_min_child_weight": 2.562889237496096, "log10_subsample": -0.687019547476529, "max_depth": 5.0, "num_boost_round": 6.0}, "datetime": {"datetime": "2024-01-19 00:48:42", "elapsed": 2229.890454, "delta": 0.002309}}
{"target": -13.779316907817188, "params": {"gamma": 118.22859778966355, "log10_alpha": -0.0865563938370233, "log10_colsample_bytree": -0.7030375925754667, "log10_eta": -0.8020750393716516, "log10_lambda": -2.7906996079950637, "log10_min_child_weight": 2.562889237496096, "log10_subsample": -0.687019547476529, "max_depth": 5.0, "num_boost_round": 7.0}, "datetime": {"datetime": "2024-01-19 00:48:42", "elapsed": 2229.892892, "delta": 0.002438}}
{"target": -13.782884097753831, "params": {"gamma": 118.22859778966355, "log10_alpha": -0.0865563938370233, "log10_colsample_bytree": -0.7030375925754667, "log10_eta": -0.8020750393716516, "log10_lambda": -2.7906996079950637, "log10_min_child_weight": 2.562889237496096, "log10_subsample": -0.687019547476529, "max_depth": 5.0, "num_boost_round": 8.0}, "datetime": {"datetime": "2024-01-19 00:48:42", "elapsed": 2229.895304, "delta": 0.002412}}
{"target": -13.782957625870527, "params": {"gamma": 118.22859778966355, "log10_alpha": -0.0865563938370233, "log10_colsample_bytree": -0.7030375925754667, "log10_eta": -0.8020750393716516, "log10_lambda": -2.7906996079950637, "log10_min_child_weight": 2.562889237496096, "log10_subsample": -0.687019547476529, "max_depth": 5.0, "num_boost_round": 9.0}, "datetime": {"datetime": "2024-01-19 00:48:42", "elapsed": 2229.897659, "delta": 0.002355}}
{"target": -13.78685202158286, "params": {"gamma": 118.22859778966355, "log10_alpha": -0.0865563938370233, "log10_colsample_bytree": -0.7030375925754667, "log10_eta": -0.8020750393716516, "log10_lambda": -2.7906996079950637, "log10_min_child_weight": 2.562889237496096, "log10_subsample": -0.687019547476529, "max_depth": 5.0, "num_boost_round": 10.0}, "datetime": {"datetime": "2024-01-19 00:48:42", "elapsed": 2229.900041, "delta": 0.002382}}
{"target": -13.786613158029244, "params": {"gamma": 118.22859778966355, "log10_alpha": -0.0865563938370233, "log10_colsample_bytree": -0.7030375925754667, "log10_eta": -0.8020750393716516, "log10_lambda": -2.7906996079950637, "log10_min_child_weight": 2.562889237496096, "log10_subsample": -0.687019547476529, "max_depth": 5.0, "num_boost_round": 11.0}, "datetime": {"datetime": "2024-01-19 00:48:42", "elapsed": 2229.902345, "delta": 0.002304}}
{"target": -13.758540555110004, "params": {"gamma": 196.6237813238084, "log10_alpha": 1.0, "log10_colsample_bytree": 0.0, "log10_eta": -4.0, "log10_lambda": 1.0, "log10_min_child_weight": 0.0, "log10_subsample": 0.0, "max_depth": 10.0, "num_boost_round": 0.0}, "datetime": {"datetime": "2024-01-19 00:49:30", "elapsed": 2278.126652, "delta": 48.224307}}
{"target": -13.758542845261022, "params": {"gamma": 196.6237813238084, "log10_alpha": 1.0, "log10_colsample_bytree": 0.0, "log10_eta": -4.0, "log10_lambda": 1.0, "log10_min_child_weight": 0.0, "log10_subsample": 0.0, "max_depth": 10.0, "num_boost_round": 1.0}, "datetime": {"datetime": "2024-01-19 00:49:30", "elapsed": 2278.129923, "delta": 0.003271}}
{"target": -13.758545105088931, "params": {"gamma": 196.6237813238084, "log10_alpha": 1.0, "log10_colsample_bytree": 0.0, "log10_eta": -4.0, "log10_lambda": 1.0, "log10_min_child_weight": 0.0, "log10_subsample": 0.0, "max_depth": 10.0, "num_boost_round": 2.0}, "datetime": {"datetime": "2024-01-19 00:49:30", "elapsed": 2278.132648, "delta": 0.002725}}
{"target": -13.758547401419671, "params": {"gamma": 196.6237813238084, "log10_alpha": 1.0, "log10_colsample_bytree": 0.0, "log10_eta": -4.0, "log10_lambda": 1.0, "log10_min_child_weight": 0.0, "log10_subsample": 0.0, "max_depth": 10.0, "num_boost_round": 3.0}, "datetime": {"datetime": "2024-01-19 00:49:30", "elapsed": 2278.135097, "delta": 0.002449}}
{"target": -13.75854971302689, "params": {"gamma": 196.6237813238084, "log10_alpha": 1.0, "log10_colsample_bytree": 0.0, "log10_eta": -4.0, "log10_lambda": 1.0, "log10_min_child_weight": 0.0, "log10_subsample": 0.0, "max_depth": 10.0, "num_boost_round": 4.0}, "datetime": {"datetime": "2024-01-19 00:49:30", "elapsed": 2278.137541, "delta": 0.002444}}
{"target": -13.75855212436141, "params": {"gamma": 196.6237813238084, "log10_alpha": 1.0, "log10_colsample_bytree": 0.0, "log10_eta": -4.0, "log10_lambda": 1.0, "log10_min_child_weight": 0.0, "log10_subsample": 0.0, "max_depth": 10.0, "num_boost_round": 5.0}, "datetime": {"datetime": "2024-01-19 00:49:30", "elapsed": 2278.140075, "delta": 0.002534}}
{"target": -13.758554602205434, "params": {"gamma": 196.6237813238084, "log10_alpha": 1.0, "log10_colsample_bytree": 0.0, "log10_eta": -4.0, "log10_lambda": 1.0, "log10_min_child_weight": 0.0, "log10_subsample": 0.0, "max_depth": 10.0, "num_boost_round": 6.0}, "datetime": {"datetime": "2024-01-19 00:49:30", "elapsed": 2278.142532, "delta": 0.002457}}
{"target": -13.758556919377087, "params": {"gamma": 196.6237813238084, "log10_alpha": 1.0, "log10_colsample_bytree": 0.0, "log10_eta": -4.0, "log10_lambda": 1.0, "log10_min_child_weight": 0.0, "log10_subsample": 0.0, "max_depth": 10.0, "num_boost_round": 7.0}, "datetime": {"datetime": "2024-01-19 00:49:30", "elapsed": 2278.145031, "delta": 0.002499}}
{"target": -13.758559097844891, "params": {"gamma": 196.6237813238084, "log10_alpha": 1.0, "log10_colsample_bytree": 0.0, "log10_eta": -4.0, "log10_lambda": 1.0, "log10_min_child_weight": 0.0, "log10_subsample": 0.0, "max_depth": 10.0, "num_boost_round": 8.0}, "datetime": {"datetime": "2024-01-19 00:49:30", "elapsed": 2278.147372, "delta": 0.002341}}
{"target": -13.758561566366168, "params": {"gamma": 196.6237813238084, "log10_alpha": 1.0, "log10_colsample_bytree": 0.0, "log10_eta": -4.0, "log10_lambda": 1.0, "log10_min_child_weight": 0.0, "log10_subsample": 0.0, "max_depth": 10.0, "num_boost_round": 9.0}, "datetime": {"datetime": "2024-01-19 00:49:30", "elapsed": 2278.149671, "delta": 0.002299}}
{"target": -13.758563728013769, "params": {"gamma": 196.6237813238084, "log10_alpha": 1.0, "log10_colsample_bytree": 0.0, "log10_eta": -4.0, "log10_lambda": 1.0, "log10_min_child_weight": 0.0, "log10_subsample": 0.0, "max_depth": 10.0, "num_boost_round": 10.0}, "datetime": {"datetime": "2024-01-19 00:49:30", "elapsed": 2278.152049, "delta": 0.002378}}
{"target": -13.758565930725966, "params": {"gamma": 196.6237813238084, "log10_alpha": 1.0, "log10_colsample_bytree": 0.0, "log10_eta": -4.0, "log10_lambda": 1.0, "log10_min_child_weight": 0.0, "log10_subsample": 0.0, "max_depth": 10.0, "num_boost_round": 11.0}, "datetime": {"datetime": "2024-01-19 00:49:30", "elapsed": 2278.154349, "delta": 0.0023}}
{"target": -13.758568360671159, "params": {"gamma": 196.6237813238084, "log10_alpha": 1.0, "log10_colsample_bytree": 0.0, "log10_eta": -4.0, "log10_lambda": 1.0, "log10_min_child_weight": 0.0, "log10_subsample": 0.0, "max_depth": 10.0, "num_boost_round": 12.0}, "datetime": {"datetime": "2024-01-19 00:49:30", "elapsed": 2278.15666, "delta": 0.002311}}
{"target": -13.758570582798658, "params": {"gamma": 196.6237813238084, "log10_alpha": 1.0, "log10_colsample_bytree": 0.0, "log10_eta": -4.0, "log10_lambda": 1.0, "log10_min_child_weight": 0.0, "log10_subsample": 0.0, "max_depth": 10.0, "num_boost_round": 13.0}, "datetime": {"datetime": "2024-01-19 00:49:30", "elapsed": 2278.159094, "delta": 0.002434}}
{"target": -13.758573158226024, "params": {"gamma": 196.6237813238084, "log10_alpha": 1.0, "log10_colsample_bytree": 0.0, "log10_eta": -4.0, "log10_lambda": 1.0, "log10_min_child_weight": 0.0, "log10_subsample": 0.0, "max_depth": 10.0, "num_boost_round": 14.0}, "datetime": {"datetime": "2024-01-19 00:49:30", "elapsed": 2278.161441, "delta": 0.002347}}
{"target": -13.758575385611113, "params": {"gamma": 196.6237813238084, "log10_alpha": 1.0, "log10_colsample_bytree": 0.0, "log10_eta": -4.0, "log10_lambda": 1.0, "log10_min_child_weight": 0.0, "log10_subsample": 0.0, "max_depth": 10.0, "num_boost_round": 15.0}, "datetime": {"datetime": "2024-01-19 00:49:30", "elapsed": 2278.163773, "delta": 0.002332}}
{"target": -13.758577907788542, "params": {"gamma": 196.6237813238084, "log10_alpha": 1.0, "log10_colsample_bytree": 0.0, "log10_eta": -4.0, "log10_lambda": 1.0, "log10_min_child_weight": 0.0, "log10_subsample": 0.0, "max_depth": 10.0, "num_boost_round": 16.0}, "datetime": {"datetime": "2024-01-19 00:49:30", "elapsed": 2278.166082, "delta": 0.002309}}
{"target": -13.758580173929426, "params": {"gamma": 196.6237813238084, "log10_alpha": 1.0, "log10_colsample_bytree": 0.0, "log10_eta": -4.0, "log10_lambda": 1.0, "log10_min_child_weight": 0.0, "log10_subsample": 0.0, "max_depth": 10.0, "num_boost_round": 17.0}, "datetime": {"datetime": "2024-01-19 00:49:30", "elapsed": 2278.168383, "delta": 0.002301}}
{"target": -13.758582490263027, "params": {"gamma": 196.6237813238084, "log10_alpha": 1.0, "log10_colsample_bytree": 0.0, "log10_eta": -4.0, "log10_lambda": 1.0, "log10_min_child_weight": 0.0, "log10_subsample": 0.0, "max_depth": 10.0, "num_boost_round": 18.0}, "datetime": {"datetime": "2024-01-19 00:49:30", "elapsed": 2278.170816, "delta": 0.002433}}
{"target": -13.758585141717758, "params": {"gamma": 196.6237813238084, "log10_alpha": 1.0, "log10_colsample_bytree": 0.0, "log10_eta": -4.0, "log10_lambda": 1.0, "log10_min_child_weight": 0.0, "log10_subsample": 0.0, "max_depth": 10.0, "num_boost_round": 19.0}, "datetime": {"datetime": "2024-01-19 00:49:30", "elapsed": 2278.173161, "delta": 0.002345}}
{"target": -13.758587384061327, "params": {"gamma": 196.6237813238084, "log10_alpha": 1.0, "log10_colsample_bytree": 0.0, "log10_eta": -4.0, "log10_lambda": 1.0, "log10_min_child_weight": 0.0, "log10_subsample": 0.0, "max_depth": 10.0, "num_boost_round": 20.0}, "datetime": {"datetime": "2024-01-19 00:49:30", "elapsed": 2278.175477, "delta": 0.002316}}
{"target": -13.758590044701448, "params": {"gamma": 196.6237813238084, "log10_alpha": 1.0, "log10_colsample_bytree": 0.0, "log10_eta": -4.0, "log10_lambda": 1.0, "log10_min_child_weight": 0.0, "log10_subsample": 0.0, "max_depth": 10.0, "num_boost_round": 21.0}, "datetime": {"datetime": "2024-01-19 00:49:30", "elapsed": 2278.177871, "delta": 0.002394}}
{"target": -13.758592385878336, "params": {"gamma": 196.6237813238084, "log10_alpha": 1.0, "log10_colsample_bytree": 0.0, "log10_eta": -4.0, "log10_lambda": 1.0, "log10_min_child_weight": 0.0, "log10_subsample": 0.0, "max_depth": 10.0, "num_boost_round": 22.0}, "datetime": {"datetime": "2024-01-19 00:49:30", "elapsed": 2278.180297, "delta": 0.002426}}
{"target": -13.758595038352484, "params": {"gamma": 196.6237813238084, "log10_alpha": 1.0, "log10_colsample_bytree": 0.0, "log10_eta": -4.0, "log10_lambda": 1.0, "log10_min_child_weight": 0.0, "log10_subsample": 0.0, "max_depth": 10.0, "num_boost_round": 23.0}, "datetime": {"datetime": "2024-01-19 00:49:30", "elapsed": 2278.182621, "delta": 0.002324}}
{"target": -13.758597458186197, "params": {"gamma": 196.6237813238084, "log10_alpha": 1.0, "log10_colsample_bytree": 0.0, "log10_eta": -4.0, "log10_lambda": 1.0, "log10_min_child_weight": 0.0, "log10_subsample": 0.0, "max_depth": 10.0, "num_boost_round": 24.0}, "datetime": {"datetime": "2024-01-19 00:49:30", "elapsed": 2278.184948, "delta": 0.002327}}
{"target": -13.758599760770299, "params": {"gamma": 196.6237813238084, "log10_alpha": 1.0, "log10_colsample_bytree": 0.0, "log10_eta": -4.0, "log10_lambda": 1.0, "log10_min_child_weight": 0.0, "log10_subsample": 0.0, "max_depth": 10.0, "num_boost_round": 25.0}, "datetime": {"datetime": "2024-01-19 00:49:30", "elapsed": 2278.187273, "delta": 0.002325}}
{"target": -13.75860248550991, "params": {"gamma": 196.6237813238084, "log10_alpha": 1.0, "log10_colsample_bytree": 0.0, "log10_eta": -4.0, "log10_lambda": 1.0, "log10_min_child_weight": 0.0, "log10_subsample": 0.0, "max_depth": 10.0, "num_boost_round": 26.0}, "datetime": {"datetime": "2024-01-19 00:49:30", "elapsed": 2278.189576, "delta": 0.002303}}
{"target": -13.758537783305707, "params": {"gamma": 130.38286337010297, "log10_alpha": -2.304262808854398, "log10_colsample_bytree": -0.5822892767445929, "log10_eta": -3.9641647347213618, "log10_lambda": 0.40608855643232467, "log10_min_child_weight": 4.370469675618608, "log10_subsample": -0.38503128058889646, "max_depth": 9.0, "num_boost_round": 0.0}, "datetime": {"datetime": "2024-01-19 00:50:03", "elapsed": 2311.027742, "delta": 32.838166}}
{"target": -13.758538477917204, "params": {"gamma": 130.38286337010297, "log10_alpha": -2.304262808854398, "log10_colsample_bytree": -0.5822892767445929, "log10_eta": -3.9641647347213618, "log10_lambda": 0.40608855643232467, "log10_min_child_weight": 4.370469675618608, "log10_subsample": -0.38503128058889646, "max_depth": 9.0, "num_boost_round": 1.0}, "datetime": {"datetime": "2024-01-19 00:50:03", "elapsed": 2311.030732, "delta": 0.00299}}
{"target": -13.758538166037594, "params": {"gamma": 130.38286337010297, "log10_alpha": -2.304262808854398, "log10_colsample_bytree": -0.5822892767445929, "log10_eta": -3.9641647347213618, "log10_lambda": 0.40608855643232467, "log10_min_child_weight": 4.370469675618608, "log10_subsample": -0.38503128058889646, "max_depth": 9.0, "num_boost_round": 2.0}, "datetime": {"datetime": "2024-01-19 00:50:03", "elapsed": 2311.033476, "delta": 0.002744}}
{"target": -13.758537582193341, "params": {"gamma": 130.38286337010297, "log10_alpha": -2.304262808854398, "log10_colsample_bytree": -0.5822892767445929, "log10_eta": -3.9641647347213618, "log10_lambda": 0.40608855643232467, "log10_min_child_weight": 4.370469675618608, "log10_subsample": -0.38503128058889646, "max_depth": 9.0, "num_boost_round": 3.0}, "datetime": {"datetime": "2024-01-19 00:50:03", "elapsed": 2311.035951, "delta": 0.002475}}
{"target": -13.758536841255918, "params": {"gamma": 130.38286337010297, "log10_alpha": -2.304262808854398, "log10_colsample_bytree": -0.5822892767445929, "log10_eta": -3.9641647347213618, "log10_lambda": 0.40608855643232467, "log10_min_child_weight": 4.370469675618608, "log10_subsample": -0.38503128058889646, "max_depth": 9.0, "num_boost_round": 4.0}, "datetime": {"datetime": "2024-01-19 00:50:03", "elapsed": 2311.038478, "delta": 0.002527}}
{"target": -13.758536435317192, "params": {"gamma": 130.38286337010297, "log10_alpha": -2.304262808854398, "log10_colsample_bytree": -0.5822892767445929, "log10_eta": -3.9641647347213618, "log10_lambda": 0.40608855643232467, "log10_min_child_weight": 4.370469675618608, "log10_subsample": -0.38503128058889646, "max_depth": 9.0, "num_boost_round": 5.0}, "datetime": {"datetime": "2024-01-19 00:50:03", "elapsed": 2311.041245, "delta": 0.002767}}
{"target": -13.758536949349901, "params": {"gamma": 130.38286337010297, "log10_alpha": -2.304262808854398, "log10_colsample_bytree": -0.5822892767445929, "log10_eta": -3.9641647347213618, "log10_lambda": 0.40608855643232467, "log10_min_child_weight": 4.370469675618608, "log10_subsample": -0.38503128058889646, "max_depth": 9.0, "num_boost_round": 6.0}, "datetime": {"datetime": "2024-01-19 00:50:03", "elapsed": 2311.043842, "delta": 0.002597}}
{"target": -13.758536266268251, "params": {"gamma": 130.38286337010297, "log10_alpha": -2.304262808854398, "log10_colsample_bytree": -0.5822892767445929, "log10_eta": -3.9641647347213618, "log10_lambda": 0.40608855643232467, "log10_min_child_weight": 4.370469675618608, "log10_subsample": -0.38503128058889646, "max_depth": 9.0, "num_boost_round": 7.0}, "datetime": {"datetime": "2024-01-19 00:50:03", "elapsed": 2311.046256, "delta": 0.002414}}
{"target": -13.758535865156366, "params": {"gamma": 130.38286337010297, "log10_alpha": -2.304262808854398, "log10_colsample_bytree": -0.5822892767445929, "log10_eta": -3.9641647347213618, "log10_lambda": 0.40608855643232467, "log10_min_child_weight": 4.370469675618608, "log10_subsample": -0.38503128058889646, "max_depth": 9.0, "num_boost_round": 8.0}, "datetime": {"datetime": "2024-01-19 00:50:03", "elapsed": 2311.048631, "delta": 0.002375}}
{"target": -13.758535308582308, "params": {"gamma": 130.38286337010297, "log10_alpha": -2.304262808854398, "log10_colsample_bytree": -0.5822892767445929, "log10_eta": -3.9641647347213618, "log10_lambda": 0.40608855643232467, "log10_min_child_weight": 4.370469675618608, "log10_subsample": -0.38503128058889646, "max_depth": 9.0, "num_boost_round": 9.0}, "datetime": {"datetime": "2024-01-19 00:50:03", "elapsed": 2311.051103, "delta": 0.002472}}
