{"target": -13.758348796953127, "params": {"gamma": 572.1651052733313, "log10_alpha": -4.01301882055723, "log10_colsample_bytree": -0.5432427354851844, "log10_eta": -2.717591156386134, "log10_lambda": 0.3746150947890676, "log10_min_child_weight": 4.726635313992761, "log10_subsample": -0.8610203377830667, "max_depth": 4.0, "num_boost_round": 28.0}, "datetime": {"datetime": "2024-01-19 01:16:45", "elapsed": 3937.77162, "delta": 0.004137}}
{"target": -13.758343977592466, "params": {"gamma": 572.1651052733313, "log10_alpha": -4.01301882055723, "log10_colsample_bytree": -0.5432427354851844, "log10_eta": -2.717591156386134, "log10_lambda": 0.3746150947890676, "log10_min_child_weight": 4.726635313992761, "log10_subsample": -0.8610203377830667, "max_depth": 4.0, "num_boost_round": 29.0}, "datetime": {"datetime": "2024-01-19 01:16:45", "elapsed": 3937.775728, "delta": 0.004108}}
{"target": -13.75833771833503, "params": {"gamma": 572.1651052733313, "log10_alpha": -4.01301882055723, "log10_colsample_bytree": -0.5432427354851844, "log10_eta": -2.717591156386134, "log10_lambda": 0.3746150947890676, "log10_min_child_weight": 4.726635313992761, "log10_subsample": -0.8610203377830667, "max_depth": 4.0, "num_boost_round": 30.0}, "datetime": {"datetime": "2024-01-19 01:16:45", "elapsed": 3937.779957, "delta": 0.004229}}
{"target": -13.75833577108793, "params": {"gamma": 572.1651052733313, "log10_alpha": -4.01301882055723, "log10_colsample_bytree": -0.5432427354851844, "log10_eta": -2.717591156386134, "log10_lambda": 0.3746150947890676, "log10_min_child_weight": 4.726635313992761, "log10_subsample": -0.8610203377830667, "max_depth": 4.0, "num_boost_round": 31.0}, "datetime": {"datetime": "2024-01-19 01:16:45", "elapsed": 3937.784354, "delta": 0.004397}}
{"target": -13.758326224005394, "params": {"gamma": 572.1651052733313, "log10_alpha": -4.01301882055723, "log10_colsample_bytree": -0.5432427354851844, "log10_eta": -2.717591156386134, "log10_lambda": 0.3746150947890676, "log10_min_child_weight": 4.726635313992761, "log10_subsample": -0.8610203377830667, "max_depth": 4.0, "num_boost_round": 32.0}, "datetime": {"datetime": "2024-01-19 01:16:45", "elapsed": 3937.78867, "delta": 0.004316}}
{"target": -13.758313866754182, "params": {"gamma": 572.1651052733313, "log10_alpha": -4.01301882055723, "log10_colsample_bytree": -0.5432427354851844, "log10_eta": -2.717591156386134, "log10_lambda": 0.3746150947890676, "log10_min_child_weight": 4.726635313992761, "log10_subsample": -0.8610203377830667, "max_depth": 4.0, "num_boost_round": 33.0}, "datetime": {"datetime": "2024-01-19 01:16:45", "elapsed": 3937.792753, "delta": 0.004083}}
{"target": -13.75831496245839, "params": {"gamma": 572.1651052733313, "log10_alpha": -4.01301882055723, "log10_colsample_bytree": -0.5432427354851844, "log10_eta": -2.717591156386134, "log10_lambda": 0.3746150947890676, "log10_min_child_weight": 4.726635313992761, "log10_subsample": -0.8610203377830667, "max_depth": 4.0, "num_boost_round": 34.0}, "datetime": {"datetime": "2024-01-19 01:16:45", "elapsed": 3937.796901, "delta": 0.004148}}
{"target": -13.758309391419466, "params": {"gamma": 572.1651052733313, "log10_alpha": -4.01301882055723, "log10_colsample_bytree": -0.5432427354851844, "log10_eta": -2.717591156386134, "log10_lambda": 0.3746150947890676, "log10_min_child_weight": 4.726635313992761, "log10_subsample": -0.8610203377830667, "max_depth": 4.0, "num_boost_round": 35.0}, "datetime": {"datetime": "2024-01-19 01:16:45", "elapsed": 3937.801028, "delta": 0.004127}}
{"target": -13.758302077040739, "params": {"gamma": 572.1651052733313, "log10_alpha": -4.01301882055723, "log10_colsample_bytree": -0.5432427354851844, "log10_eta": -2.717591156386134, "log10_lambda": 0.3746150947890676, "log10_min_child_weight": 4.726635313992761, "log10_subsample": -0.8610203377830667, "max_depth": 4.0, "num_boost_round": 36.0}, "datetime": {"datetime": "2024-01-19 01:16:46", "elapsed": 3937.809286, "delta": 0.008258}}
{"target": -13.758294456458264, "params": {"gamma": 572.1651052733313, "log10_alpha": -4.01301882055723, "log10_colsample_bytree": -0.5432427354851844, "log10_eta": -2.717591156386134, "log10_lambda": 0.3746150947890676, "log10_min_child_weight": 4.726635313992761, "log10_subsample": -0.8610203377830667, "max_depth": 4.0, "num_boost_round": 37.0}, "datetime": {"datetime": "2024-01-19 01:16:46", "elapsed": 3937.81345, "delta": 0.004164}}
{"target": -13.758281602770605, "params": {"gamma": 572.1651052733313, "log10_alpha": -4.01301882055723, "log10_colsample_bytree": -0.5432427354851844, "log10_eta": -2.717591156386134, "log10_lambda": 0.3746150947890676, "log10_min_child_weight": 4.726635313992761, "log10_subsample": -0.8610203377830667, "max_depth": 4.0, "num_boost_round": 38.0}, "datetime": {"datetime": "2024-01-19 01:16:46", "elapsed": 3937.817542, "delta": 0.004092}}
{"target": -13.758269562207955, "params": {"gamma": 572.1651052733313, "log10_alpha": -4.01301882055723, "log10_colsample_bytree": -0.5432427354851844, "log10_eta": -2.717591156386134, "log10_lambda": 0.3746150947890676, "log10_min_child_weight": 4.726635313992761, "log10_subsample": -0.8610203377830667, "max_depth": 4.0, "num_boost_round": 39.0}, "datetime": {"datetime": "2024-01-19 01:16:46", "elapsed": 3937.821616, "delta": 0.004074}}
{"target": -13.75826677045579, "params": {"gamma": 572.1651052733313, "log10_alpha": -4.01301882055723, "log10_colsample_bytree": -0.5432427354851844, "log10_eta": -2.717591156386134, "log10_lambda": 0.3746150947890676, "log10_min_child_weight": 4.726635313992761, "log10_subsample": -0.8610203377830667, "max_depth": 4.0, "num_boost_round": 40.0}, "datetime": {"datetime": "2024-01-19 01:16:46", "elapsed": 3937.825884, "delta": 0.004268}}
{"target": -13.758261921473157, "params": {"gamma": 572.1651052733313, "log10_alpha": -4.01301882055723, "log10_colsample_bytree": -0.5432427354851844, "log10_eta": -2.717591156386134, "log10_lambda": 0.3746150947890676, "log10_min_child_weight": 4.726635313992761, "log10_subsample": -0.8610203377830667, "max_depth": 4.0, "num_boost_round": 41.0}, "datetime": {"datetime": "2024-01-19 01:16:46", "elapsed": 3937.830054, "delta": 0.00417}}
{"target": -13.758247567419005, "params": {"gamma": 572.1651052733313, "log10_alpha": -4.01301882055723, "log10_colsample_bytree": -0.5432427354851844, "log10_eta": -2.717591156386134, "log10_lambda": 0.3746150947890676, "log10_min_child_weight": 4.726635313992761, "log10_subsample": -0.8610203377830667, "max_depth": 4.0, "num_boost_round": 42.0}, "datetime": {"datetime": "2024-01-19 01:16:46", "elapsed": 3937.834196, "delta": 0.004142}}
{"target": -13.758240233491776, "params": {"gamma": 572.1651052733313, "log10_alpha": -4.01301882055723, "log10_colsample_bytree": -0.5432427354851844, "log10_eta": -2.717591156386134, "log10_lambda": 0.3746150947890676, "log10_min_child_weight": 4.726635313992761, "log10_subsample": -0.8610203377830667, "max_depth": 4.0, "num_boost_round": 43.0}, "datetime": {"datetime": "2024-01-19 01:16:46", "elapsed": 3937.838431, "delta": 0.004235}}
{"target": -13.758229511285364, "params": {"gamma": 572.1651052733313, "log10_alpha": -4.01301882055723, "log10_colsample_bytree": -0.5432427354851844, "log10_eta": -2.717591156386134, "log10_lambda": 0.3746150947890676, "log10_min_child_weight": 4.726635313992761, "log10_subsample": -0.8610203377830667, "max_depth": 4.0, "num_boost_round": 44.0}, "datetime": {"datetime": "2024-01-19 01:16:46", "elapsed": 3937.843475, "delta": 0.005044}}
{"target": -13.758217741150066, "params": {"gamma": 572.1651052733313, "log10_alpha": -4.01301882055723, "log10_colsample_bytree": -0.5432427354851844, "log10_eta": -2.717591156386134, "log10_lambda": 0.3746150947890676, "log10_min_child_weight": 4.726635313992761, "log10_subsample": -0.8610203377830667, "max_depth": 4.0, "num_boost_round": 45.0}, "datetime": {"datetime": "2024-01-19 01:16:46", "elapsed": 3937.848239, "delta": 0.004764}}
{"target": -13.758205020929454, "params": {"gamma": 572.1651052733313, "log10_alpha": -4.01301882055723, "log10_colsample_bytree": -0.5432427354851844, "log10_eta": -2.717591156386134, "log10_lambda": 0.3746150947890676, "log10_min_child_weight": 4.726635313992761, "log10_subsample": -0.8610203377830667, "max_depth": 4.0, "num_boost_round": 46.0}, "datetime": {"datetime": "2024-01-19 01:16:46", "elapsed": 3937.852681, "delta": 0.004442}}
{"target": -13.758194309487571, "params": {"gamma": 572.1651052733313, "log10_alpha": -4.01301882055723, "log10_colsample_bytree": -0.5432427354851844, "log10_eta": -2.717591156386134, "log10_lambda": 0.3746150947890676, "log10_min_child_weight": 4.726635313992761, "log10_subsample": -0.8610203377830667, "max_depth": 4.0, "num_boost_round": 47.0}, "datetime": {"datetime": "2024-01-19 01:16:46", "elapsed": 3937.857023, "delta": 0.004342}}
{"target": -13.758187043417836, "params": {"gamma": 572.1651052733313, "log10_alpha": -4.01301882055723, "log10_colsample_bytree": -0.5432427354851844, "log10_eta": -2.717591156386134, "log10_lambda": 0.3746150947890676, "log10_min_child_weight": 4.726635313992761, "log10_subsample": -0.8610203377830667, "max_depth": 4.0, "num_boost_round": 48.0}, "datetime": {"datetime": "2024-01-19 01:16:46", "elapsed": 3937.861783, "delta": 0.00476}}
{"target": -13.75818052011052, "params": {"gamma": 572.1651052733313, "log10_alpha": -4.01301882055723, "log10_colsample_bytree": -0.5432427354851844, "log10_eta": -2.717591156386134, "log10_lambda": 0.3746150947890676, "log10_min_child_weight": 4.726635313992761, "log10_subsample": -0.8610203377830667, "max_depth": 4.0, "num_boost_round": 49.0}, "datetime": {"datetime": "2024-01-19 01:16:46", "elapsed": 3937.866067, "delta": 0.004284}}
{"target": -13.758181084447635, "params": {"gamma": 572.1651052733313, "log10_alpha": -4.01301882055723, "log10_colsample_bytree": -0.5432427354851844, "log10_eta": -2.717591156386134, "log10_lambda": 0.3746150947890676, "log10_min_child_weight": 4.726635313992761, "log10_subsample": -0.8610203377830667, "max_depth": 4.0, "num_boost_round": 50.0}, "datetime": {"datetime": "2024-01-19 01:16:46", "elapsed": 3937.870291, "delta": 0.004224}}
{"target": -13.758177194464997, "params": {"gamma": 572.1651052733313, "log10_alpha": -4.01301882055723, "log10_colsample_bytree": -0.5432427354851844, "log10_eta": -2.717591156386134, "log10_lambda": 0.3746150947890676, "log10_min_child_weight": 4.726635313992761, "log10_subsample": -0.8610203377830667, "max_depth": 4.0, "num_boost_round": 51.0}, "datetime": {"datetime": "2024-01-19 01:16:46", "elapsed": 3937.874478, "delta": 0.004187}}
{"target": -13.758171402545075, "params": {"gamma": 572.1651052733313, "log10_alpha": -4.01301882055723, "log10_colsample_bytree": -0.5432427354851844, "log10_eta": -2.717591156386134, "log10_lambda": 0.3746150947890676, "log10_min_child_weight": 4.726635313992761, "log10_subsample": -0.8610203377830667, "max_depth": 4.0, "num_boost_round": 52.0}, "datetime": {"datetime": "2024-01-19 01:16:46", "elapsed": 3937.878651, "delta": 0.004173}}
{"target": -13.758168836687906, "params": {"gamma": 572.1651052733313, "log10_alpha": -4.01301882055723, "log10_colsample_bytree": -0.5432427354851844, "log10_eta": -2.717591156386134, "log10_lambda": 0.3746150947890676, "log10_min_child_weight": 4.726635313992761, "log10_subsample": -0.8610203377830667, "max_depth": 4.0, "num_boost_round": 53.0}, "datetime": {"datetime": "2024-01-19 01:16:46", "elapsed": 3937.882781, "delta": 0.00413}}
{"target": -13.758155557853646, "params": {"gamma": 572.1651052733313, "log10_alpha": -4.01301882055723, "log10_colsample_bytree": -0.5432427354851844, "log10_eta": -2.717591156386134, "log10_lambda": 0.3746150947890676, "log10_min_child_weight": 4.726635313992761, "log10_subsample": -0.8610203377830667, "max_depth": 4.0, "num_boost_round": 54.0}, "datetime": {"datetime": "2024-01-19 01:16:46", "elapsed": 3937.886947, "delta": 0.004166}}
{"target": -13.758155674010482, "params": {"gamma": 572.1651052733313, "log10_alpha": -4.01301882055723, "log10_colsample_bytree": -0.5432427354851844, "log10_eta": -2.717591156386134, "log10_lambda": 0.3746150947890676, "log10_min_child_weight": 4.726635313992761, "log10_subsample": -0.8610203377830667, "max_depth": 4.0, "num_boost_round": 55.0}, "datetime": {"datetime": "2024-01-19 01:16:46", "elapsed": 3937.891161, "delta": 0.004214}}
{"target": -13.758535391132034, "params": {"gamma": 568.5550498832112, "log10_alpha": -0.5242522944330918, "log10_colsample_bytree": -0.6908851819082626, "log10_eta": -3.5611098723659214, "log10_lambda": -4.9838849513380525, "log10_min_child_weight": 0.23838775412619417, "log10_subsample": -0.6358487087578728, "max_depth": 3.0, "num_boost_round": 0.0}, "datetime": {"datetime": "2024-01-19 01:17:49", "elapsed": 4001.170935, "delta": 63.279774}}
{"target": -13.758531220990099, "params": {"gamma": 568.5550498832112, "log10_alpha": -0.5242522944330918, "log10_colsample_bytree": -0.6908851819082626, "log10_eta": -3.5611098723659214, "log10_lambda": -4.9838849513380525, "log10_min_child_weight": 0.23838775412619417, "log10_subsample": -0.6358487087578728, "max_depth": 3.0, "num_boost_round": 1.0}, "datetime": {"datetime": "2024-01-19 01:17:49", "elapsed": 4001.175562, "delta": 0.004627}}
{"target": -13.75851996459079, "params": {"gamma": 568.5550498832112, "log10_alpha": -0.5242522944330918, "log10_colsample_bytree": -0.6908851819082626, "log10_eta": -3.5611098723659214, "log10_lambda": -4.9838849513380525, "log10_min_child_weight": 0.23838775412619417, "log10_subsample": -0.6358487087578728, "max_depth": 3.0, "num_boost_round": 2.0}, "datetime": {"datetime": "2024-01-19 01:17:49", "elapsed": 4001.179904, "delta": 0.004342}}
{"target": -13.758516067716213, "params": {"gamma": 568.5550498832112, "log10_alpha": -0.5242522944330918, "log10_colsample_bytree": -0.6908851819082626, "log10_eta": -3.5611098723659214, "log10_lambda": -4.9838849513380525, "log10_min_child_weight": 0.23838775412619417, "log10_subsample": -0.6358487087578728, "max_depth": 3.0, "num_boost_round": 3.0}, "datetime": {"datetime": "2024-01-19 01:17:49", "elapsed": 4001.1842, "delta": 0.004296}}
{"target": -13.758515810269806, "params": {"gamma": 568.5550498832112, "log10_alpha": -0.5242522944330918, "log10_colsample_bytree": -0.6908851819082626, "log10_eta": -3.5611098723659214, "log10_lambda": -4.9838849513380525, "log10_min_child_weight": 0.23838775412619417, "log10_subsample": -0.6358487087578728, "max_depth": 3.0, "num_boost_round": 4.0}, "datetime": {"datetime": "2024-01-19 01:17:49", "elapsed": 4001.188573, "delta": 0.004373}}
{"target": -13.758511003958533, "params": {"gamma": 568.5550498832112, "log10_alpha": -0.5242522944330918, "log10_colsample_bytree": -0.6908851819082626, "log10_eta": -3.5611098723659214, "log10_lambda": -4.9838849513380525, "log10_min_child_weight": 0.23838775412619417, "log10_subsample": -0.6358487087578728, "max_depth": 3.0, "num_boost_round": 5.0}, "datetime": {"datetime": "2024-01-19 01:17:49", "elapsed": 4001.192778, "delta": 0.004205}}
{"target": -13.758512447078793, "params": {"gamma": 568.5550498832112, "log10_alpha": -0.5242522944330918, "log10_colsample_bytree": -0.6908851819082626, "log10_eta": -3.5611098723659214, "log10_lambda": -4.9838849513380525, "log10_min_child_weight": 0.23838775412619417, "log10_subsample": -0.6358487087578728, "max_depth": 3.0, "num_boost_round": 6.0}, "datetime": {"datetime": "2024-01-19 01:17:49", "elapsed": 4001.196947, "delta": 0.004169}}
{"target": -13.758509496156513, "params": {"gamma": 568.5550498832112, "log10_alpha": -0.5242522944330918, "log10_colsample_bytree": -0.6908851819082626, "log10_eta": -3.5611098723659214, "log10_lambda": -4.9838849513380525, "log10_min_child_weight": 0.23838775412619417, "log10_subsample": -0.6358487087578728, "max_depth": 3.0, "num_boost_round": 7.0}, "datetime": {"datetime": "2024-01-19 01:17:49", "elapsed": 4001.201267, "delta": 0.00432}}
{"target": -13.758510559562314, "params": {"gamma": 568.5550498832112, "log10_alpha": -0.5242522944330918, "log10_colsample_bytree": -0.6908851819082626, "log10_eta": -3.5611098723659214, "log10_lambda": -4.9838849513380525, "log10_min_child_weight": 0.23838775412619417, "log10_subsample": -0.6358487087578728, "max_depth": 3.0, "num_boost_round": 8.0}, "datetime": {"datetime": "2024-01-19 01:17:49", "elapsed": 4001.205519, "delta": 0.004252}}
{"target": -13.75850649939306, "params": {"gamma": 568.5550498832112, "log10_alpha": -0.5242522944330918, "log10_colsample_bytree": -0.6908851819082626, "log10_eta": -3.5611098723659214, "log10_lambda": -4.9838849513380525, "log10_min_child_weight": 0.23838775412619417, "log10_subsample": -0.6358487087578728, "max_depth": 3.0, "num_boost_round": 9.0}, "datetime": {"datetime": "2024-01-19 01:17:49", "elapsed": 4001.209945, "delta": 0.004426}}
{"target": -13.758504237079304, "params": {"gamma": 568.5550498832112, "log10_alpha": -0.5242522944330918, "log10_colsample_bytree": -0.6908851819082626, "log10_eta": -3.5611098723659214, "log10_lambda": -4.9838849513380525, "log10_min_child_weight": 0.23838775412619417, "log10_subsample": -0.6358487087578728, "max_depth": 3.0, "num_boost_round": 10.0}, "datetime": {"datetime": "2024-01-19 01:17:49", "elapsed": 4001.214217, "delta": 0.004272}}
{"target": -13.758501858489, "params": {"gamma": 568.5550498832112, "log10_alpha": -0.5242522944330918, "log10_colsample_bytree": -0.6908851819082626, "log10_eta": -3.5611098723659214, "log10_lambda": -4.9838849513380525, "log10_min_child_weight": 0.23838775412619417, "log10_subsample": -0.6358487087578728, "max_depth": 3.0, "num_boost_round": 11.0}, "datetime": {"datetime": "2024-01-19 01:17:49", "elapsed": 4001.2184, "delta": 0.004183}}
{"target": -13.758493135557796, "params": {"gamma": 568.5550498832112, "log10_alpha": -0.5242522944330918, "log10_colsample_bytree": -0.6908851819082626, "log10_eta": -3.5611098723659214, "log10_lambda": -4.9838849513380525, "log10_min_child_weight": 0.23838775412619417, "log10_subsample": -0.6358487087578728, "max_depth": 3.0, "num_boost_round": 12.0}, "datetime": {"datetime": "2024-01-19 01:17:49", "elapsed": 4001.222556, "delta": 0.004156}}
{"target": -13.758491622892027, "params": {"gamma": 568.5550498832112, "log10_alpha": -0.5242522944330918, "log10_colsample_bytree": -0.6908851819082626, "log10_eta": -3.5611098723659214, "log10_lambda": -4.9838849513380525, "log10_min_child_weight": 0.23838775412619417, "log10_subsample": -0.6358487087578728, "max_depth": 3.0, "num_boost_round": 13.0}, "datetime": {"datetime": "2024-01-19 01:17:49", "elapsed": 4001.226966, "delta": 0.00441}}
{"target": -13.75848913657862, "params": {"gamma": 568.5550498832112, "log10_alpha": -0.5242522944330918, "log10_colsample_bytree": -0.6908851819082626, "log10_eta": -3.5611098723659214, "log10_lambda": -4.9838849513380525, "log10_min_child_weight": 0.23838775412619417, "log10_subsample": -0.6358487087578728, "max_depth": 3.0, "num_boost_round": 14.0}, "datetime": {"datetime": "2024-01-19 01:17:49", "elapsed": 4001.231227, "delta": 0.004261}}
{"target": -13.75848581241566, "params": {"gamma": 568.5550498832112, "log10_alpha": -0.5242522944330918, "log10_colsample_bytree": -0.6908851819082626, "log10_eta": -3.5611098723659214, "log10_lambda": -4.9838849513380525, "log10_min_child_weight": 0.23838775412619417, "log10_subsample": -0.6358487087578728, "max_depth": 3.0, "num_boost_round": 15.0}, "datetime": {"datetime": "2024-01-19 01:17:49", "elapsed": 4001.235454, "delta": 0.004227}}
{"target": -13.758484181649134, "params": {"gamma": 568.5550498832112, "log10_alpha": -0.5242522944330918, "log10_colsample_bytree": -0.6908851819082626, "log10_eta": -3.5611098723659214, "log10_lambda": -4.9838849513380525, "log10_min_child_weight": 0.23838775412619417, "log10_subsample": -0.6358487087578728, "max_depth": 3.0, "num_boost_round": 16.0}, "datetime": {"datetime": "2024-01-19 01:17:49", "elapsed": 4001.239731, "delta": 0.004277}}
{"target": -13.758484300520678, "params": {"gamma": 568.5550498832112, "log10_alpha": -0.5242522944330918, "log10_colsample_bytree": -0.6908851819082626, "log10_eta": -3.5611098723659214, "log10_lambda": -4.9838849513380525, "log10_min_child_weight": 0.23838775412619417, "log10_subsample": -0.6358487087578728, "max_depth": 3.0, "num_boost_round": 17.0}, "datetime": {"datetime": "2024-01-19 01:17:49", "elapsed": 4001.243974, "delta": 0.004243}}
{"target": -13.758479676481224, "params": {"gamma": 568.5550498832112, "log10_alpha": -0.5242522944330918, "log10_colsample_bytree": -0.6908851819082626, "log10_eta": -3.5611098723659214, "log10_lambda": -4.9838849513380525, "log10_min_child_weight": 0.23838775412619417, "log10_subsample": -0.6358487087578728, "max_depth": 3.0, "num_boost_round": 18.0}, "datetime": {"datetime": "2024-01-19 01:17:49", "elapsed": 4001.248413, "delta": 0.004439}}
{"target": -13.758480655685801, "params": {"gamma": 568.5550498832112, "log10_alpha": -0.5242522944330918, "log10_colsample_bytree": -0.6908851819082626, "log10_eta": -3.5611098723659214, "log10_lambda": -4.9838849513380525, "log10_min_child_weight": 0.23838775412619417, "log10_subsample": -0.6358487087578728, "max_depth": 3.0, "num_boost_round": 19.0}, "datetime": {"datetime": "2024-01-19 01:17:49", "elapsed": 4001.252942, "delta": 0.004529}}
{"target": -13.758471094678859, "params": {"gamma": 568.5550498832112, "log10_alpha": -0.5242522944330918, "log10_colsample_bytree": -0.6908851819082626, "log10_eta": -3.5611098723659214, "log10_lambda": -4.9838849513380525, "log10_min_child_weight": 0.23838775412619417, "log10_subsample": -0.6358487087578728, "max_depth": 3.0, "num_boost_round": 20.0}, "datetime": {"datetime": "2024-01-19 01:17:49", "elapsed": 4001.257345, "delta": 0.004403}}
