{"target": -17.677152581647377, "params": {"gamma": 407.6794838964037, "log10_alpha": -0.22104755478753102, "log10_colsample_bytree": -0.42240657407813664, "log10_eta": -3.320283696429404, "log10_lambda": -4.263421162788408, "log10_min_child_weight": 4.6246531193907945, "log10_subsample": -0.5272420539449394, "max_depth": 2.0, "num_boost_round": 41.0}, "datetime": {"datetime": "2024-01-19 00:59:28", "elapsed": 2858.052105, "delta": 0.004058}}
{"target": -17.67715388499394, "params": {"gamma": 407.6794838964037, "log10_alpha": -0.22104755478753102, "log10_colsample_bytree": -0.42240657407813664, "log10_eta": -3.320283696429404, "log10_lambda": -4.263421162788408, "log10_min_child_weight": 4.6246531193907945, "log10_subsample": -0.5272420539449394, "max_depth": 2.0, "num_boost_round": 42.0}, "datetime": {"datetime": "2024-01-19 00:59:28", "elapsed": 2858.056134, "delta": 0.004029}}
{"target": -17.677150692150896, "params": {"gamma": 407.6794838964037, "log10_alpha": -0.22104755478753102, "log10_colsample_bytree": -0.42240657407813664, "log10_eta": -3.320283696429404, "log10_lambda": -4.263421162788408, "log10_min_child_weight": 4.6246531193907945, "log10_subsample": -0.5272420539449394, "max_depth": 2.0, "num_boost_round": 43.0}, "datetime": {"datetime": "2024-01-19 00:59:28", "elapsed": 2858.059883, "delta": 0.003749}}
{"target": -17.676351605795595, "params": {"gamma": 394.8795119746588, "log10_alpha": 0.38559960398385673, "log10_colsample_bytree": -0.7578674448726207, "log10_eta": -1.042435995767193, "log10_lambda": -4.55575699403808, "log10_min_child_weight": 4.629221716003092, "log10_subsample": -0.49101050314872385, "max_depth": 7.0, "num_boost_round": 0.0}, "datetime": {"datetime": "2024-01-19 01:00:06", "elapsed": 2895.916732, "delta": 37.856849}}
{"target": -17.67569861657714, "params": {"gamma": 394.8795119746588, "log10_alpha": 0.38559960398385673, "log10_colsample_bytree": -0.7578674448726207, "log10_eta": -1.042435995767193, "log10_lambda": -4.55575699403808, "log10_min_child_weight": 4.629221716003092, "log10_subsample": -0.49101050314872385, "max_depth": 7.0, "num_boost_round": 1.0}, "datetime": {"datetime": "2024-01-19 01:00:06", "elapsed": 2895.921039, "delta": 0.004307}}
{"target": -17.675518129308543, "params": {"gamma": 394.8795119746588, "log10_alpha": 0.38559960398385673, "log10_colsample_bytree": -0.7578674448726207, "log10_eta": -1.042435995767193, "log10_lambda": -4.55575699403808, "log10_min_child_weight": 4.629221716003092, "log10_subsample": -0.49101050314872385, "max_depth": 7.0, "num_boost_round": 2.0}, "datetime": {"datetime": "2024-01-19 01:00:06", "elapsed": 2895.925216, "delta": 0.004177}}
{"target": -17.67517569461282, "params": {"gamma": 394.8795119746588, "log10_alpha": 0.38559960398385673, "log10_colsample_bytree": -0.7578674448726207, "log10_eta": -1.042435995767193, "log10_lambda": -4.55575699403808, "log10_min_child_weight": 4.629221716003092, "log10_subsample": -0.49101050314872385, "max_depth": 7.0, "num_boost_round": 3.0}, "datetime": {"datetime": "2024-01-19 01:00:06", "elapsed": 2895.928913, "delta": 0.003697}}
{"target": -17.675072418718347, "params": {"gamma": 394.8795119746588, "log10_alpha": 0.38559960398385673, "log10_colsample_bytree": -0.7578674448726207, "log10_eta": -1.042435995767193, "log10_lambda": -4.55575699403808, "log10_min_child_weight": 4.629221716003092, "log10_subsample": -0.49101050314872385, "max_depth": 7.0, "num_boost_round": 4.0}, "datetime": {"datetime": "2024-01-19 01:00:06", "elapsed": 2895.932606, "delta": 0.003693}}
{"target": -17.67541751301996, "params": {"gamma": 394.8795119746588, "log10_alpha": 0.38559960398385673, "log10_colsample_bytree": -0.7578674448726207, "log10_eta": -1.042435995767193, "log10_lambda": -4.55575699403808, "log10_min_child_weight": 4.629221716003092, "log10_subsample": -0.49101050314872385, "max_depth": 7.0, "num_boost_round": 5.0}, "datetime": {"datetime": "2024-01-19 01:00:06", "elapsed": 2895.93621, "delta": 0.003604}}
{"target": -17.676209403661936, "params": {"gamma": 394.8795119746588, "log10_alpha": 0.38559960398385673, "log10_colsample_bytree": -0.7578674448726207, "log10_eta": -1.042435995767193, "log10_lambda": -4.55575699403808, "log10_min_child_weight": 4.629221716003092, "log10_subsample": -0.49101050314872385, "max_depth": 7.0, "num_boost_round": 6.0}, "datetime": {"datetime": "2024-01-19 01:00:06", "elapsed": 2895.93989, "delta": 0.00368}}
{"target": -17.676186735886574, "params": {"gamma": 394.8795119746588, "log10_alpha": 0.38559960398385673, "log10_colsample_bytree": -0.7578674448726207, "log10_eta": -1.042435995767193, "log10_lambda": -4.55575699403808, "log10_min_child_weight": 4.629221716003092, "log10_subsample": -0.49101050314872385, "max_depth": 7.0, "num_boost_round": 7.0}, "datetime": {"datetime": "2024-01-19 01:00:06", "elapsed": 2895.943673, "delta": 0.003783}}
{"target": -17.676714718830297, "params": {"gamma": 394.8795119746588, "log10_alpha": 0.38559960398385673, "log10_colsample_bytree": -0.7578674448726207, "log10_eta": -1.042435995767193, "log10_lambda": -4.55575699403808, "log10_min_child_weight": 4.629221716003092, "log10_subsample": -0.49101050314872385, "max_depth": 7.0, "num_boost_round": 8.0}, "datetime": {"datetime": "2024-01-19 01:00:06", "elapsed": 2895.947447, "delta": 0.003774}}
{"target": -17.676598455013, "params": {"gamma": 394.8795119746588, "log10_alpha": 0.38559960398385673, "log10_colsample_bytree": -0.7578674448726207, "log10_eta": -1.042435995767193, "log10_lambda": -4.55575699403808, "log10_min_child_weight": 4.629221716003092, "log10_subsample": -0.49101050314872385, "max_depth": 7.0, "num_boost_round": 9.0}, "datetime": {"datetime": "2024-01-19 01:00:06", "elapsed": 2895.95117, "delta": 0.003723}}
{"target": -17.67693319666102, "params": {"gamma": 394.8795119746588, "log10_alpha": 0.38559960398385673, "log10_colsample_bytree": -0.7578674448726207, "log10_eta": -1.042435995767193, "log10_lambda": -4.55575699403808, "log10_min_child_weight": 4.629221716003092, "log10_subsample": -0.49101050314872385, "max_depth": 7.0, "num_boost_round": 10.0}, "datetime": {"datetime": "2024-01-19 01:00:06", "elapsed": 2895.954837, "delta": 0.003667}}
{"target": -17.67326527153527, "params": {"gamma": 395.5952929644422, "log10_alpha": -1.0187080891216524, "log10_colsample_bytree": -0.36015074102317635, "log10_eta": -1.1678601056369913, "log10_lambda": -4.678221866464787, "log10_min_child_weight": 1.8220360772532658, "log10_subsample": -0.8933198309400047, "max_depth": 5.0, "num_boost_round": 0.0}, "datetime": {"datetime": "2024-01-19 01:01:10", "elapsed": 2960.258827, "delta": 64.30399}}
{"target": -17.67147105699108, "params": {"gamma": 395.5952929644422, "log10_alpha": -1.0187080891216524, "log10_colsample_bytree": -0.36015074102317635, "log10_eta": -1.1678601056369913, "log10_lambda": -4.678221866464787, "log10_min_child_weight": 1.8220360772532658, "log10_subsample": -0.8933198309400047, "max_depth": 5.0, "num_boost_round": 1.0}, "datetime": {"datetime": "2024-01-19 01:01:10", "elapsed": 2960.263353, "delta": 0.004526}}
{"target": -17.672847910721856, "params": {"gamma": 395.5952929644422, "log10_alpha": -1.0187080891216524, "log10_colsample_bytree": -0.36015074102317635, "log10_eta": -1.1678601056369913, "log10_lambda": -4.678221866464787, "log10_min_child_weight": 1.8220360772532658, "log10_subsample": -0.8933198309400047, "max_depth": 5.0, "num_boost_round": 2.0}, "datetime": {"datetime": "2024-01-19 01:01:10", "elapsed": 2960.267232, "delta": 0.003879}}
{"target": -17.67221823373395, "params": {"gamma": 395.5952929644422, "log10_alpha": -1.0187080891216524, "log10_colsample_bytree": -0.36015074102317635, "log10_eta": -1.1678601056369913, "log10_lambda": -4.678221866464787, "log10_min_child_weight": 1.8220360772532658, "log10_subsample": -0.8933198309400047, "max_depth": 5.0, "num_boost_round": 3.0}, "datetime": {"datetime": "2024-01-19 01:01:10", "elapsed": 2960.271201, "delta": 0.003969}}
{"target": -17.67312685038502, "params": {"gamma": 395.5952929644422, "log10_alpha": -1.0187080891216524, "log10_colsample_bytree": -0.36015074102317635, "log10_eta": -1.1678601056369913, "log10_lambda": -4.678221866464787, "log10_min_child_weight": 1.8220360772532658, "log10_subsample": -0.8933198309400047, "max_depth": 5.0, "num_boost_round": 4.0}, "datetime": {"datetime": "2024-01-19 01:01:10", "elapsed": 2960.275148, "delta": 0.003947}}
{"target": -17.677441604776174, "params": {"gamma": 395.5952929644422, "log10_alpha": -1.0187080891216524, "log10_colsample_bytree": -0.36015074102317635, "log10_eta": -1.1678601056369913, "log10_lambda": -4.678221866464787, "log10_min_child_weight": 1.8220360772532658, "log10_subsample": -0.8933198309400047, "max_depth": 5.0, "num_boost_round": 5.0}, "datetime": {"datetime": "2024-01-19 01:01:10", "elapsed": 2960.279006, "delta": 0.003858}}
{"target": -17.678998669688212, "params": {"gamma": 395.5952929644422, "log10_alpha": -1.0187080891216524, "log10_colsample_bytree": -0.36015074102317635, "log10_eta": -1.1678601056369913, "log10_lambda": -4.678221866464787, "log10_min_child_weight": 1.8220360772532658, "log10_subsample": -0.8933198309400047, "max_depth": 5.0, "num_boost_round": 6.0}, "datetime": {"datetime": "2024-01-19 01:01:10", "elapsed": 2960.282847, "delta": 0.003841}}
{"target": -17.680209817365977, "params": {"gamma": 395.5952929644422, "log10_alpha": -1.0187080891216524, "log10_colsample_bytree": -0.36015074102317635, "log10_eta": -1.1678601056369913, "log10_lambda": -4.678221866464787, "log10_min_child_weight": 1.8220360772532658, "log10_subsample": -0.8933198309400047, "max_depth": 5.0, "num_boost_round": 7.0}, "datetime": {"datetime": "2024-01-19 01:01:10", "elapsed": 2960.286565, "delta": 0.003718}}
{"target": -17.682086827676912, "params": {"gamma": 395.5952929644422, "log10_alpha": -1.0187080891216524, "log10_colsample_bytree": -0.36015074102317635, "log10_eta": -1.1678601056369913, "log10_lambda": -4.678221866464787, "log10_min_child_weight": 1.8220360772532658, "log10_subsample": -0.8933198309400047, "max_depth": 5.0, "num_boost_round": 8.0}, "datetime": {"datetime": "2024-01-19 01:01:10", "elapsed": 2960.290352, "delta": 0.003787}}
{"target": -17.682550989854175, "params": {"gamma": 395.5952929644422, "log10_alpha": -1.0187080891216524, "log10_colsample_bytree": -0.36015074102317635, "log10_eta": -1.1678601056369913, "log10_lambda": -4.678221866464787, "log10_min_child_weight": 1.8220360772532658, "log10_subsample": -0.8933198309400047, "max_depth": 5.0, "num_boost_round": 9.0}, "datetime": {"datetime": "2024-01-19 01:01:10", "elapsed": 2960.294138, "delta": 0.003786}}
{"target": -17.684460349485416, "params": {"gamma": 395.5952929644422, "log10_alpha": -1.0187080891216524, "log10_colsample_bytree": -0.36015074102317635, "log10_eta": -1.1678601056369913, "log10_lambda": -4.678221866464787, "log10_min_child_weight": 1.8220360772532658, "log10_subsample": -0.8933198309400047, "max_depth": 5.0, "num_boost_round": 10.0}, "datetime": {"datetime": "2024-01-19 01:01:10", "elapsed": 2960.29793, "delta": 0.003792}}
{"target": -17.684115829168487, "params": {"gamma": 395.5952929644422, "log10_alpha": -1.0187080891216524, "log10_colsample_bytree": -0.36015074102317635, "log10_eta": -1.1678601056369913, "log10_lambda": -4.678221866464787, "log10_min_child_weight": 1.8220360772532658, "log10_subsample": -0.8933198309400047, "max_depth": 5.0, "num_boost_round": 11.0}, "datetime": {"datetime": "2024-01-19 01:01:10", "elapsed": 2960.301669, "delta": 0.003739}}
{"target": -17.688314189117033, "params": {"gamma": 395.5952929644422, "log10_alpha": -1.0187080891216524, "log10_colsample_bytree": -0.36015074102317635, "log10_eta": -1.1678601056369913, "log10_lambda": -4.678221866464787, "log10_min_child_weight": 1.8220360772532658, "log10_subsample": -0.8933198309400047, "max_depth": 5.0, "num_boost_round": 12.0}, "datetime": {"datetime": "2024-01-19 01:01:10", "elapsed": 2960.305536, "delta": 0.003867}}
{"target": -17.688723741644026, "params": {"gamma": 395.5952929644422, "log10_alpha": -1.0187080891216524, "log10_colsample_bytree": -0.36015074102317635, "log10_eta": -1.1678601056369913, "log10_lambda": -4.678221866464787, "log10_min_child_weight": 1.8220360772532658, "log10_subsample": -0.8933198309400047, "max_depth": 5.0, "num_boost_round": 13.0}, "datetime": {"datetime": "2024-01-19 01:01:10", "elapsed": 2960.309261, "delta": 0.003725}}
{"target": -17.677224304451833, "params": {"gamma": 409.0199674850454, "log10_alpha": -1.4007771803900058, "log10_colsample_bytree": -0.6861460073830997, "log10_eta": -3.7067134329473235, "log10_lambda": -4.617796492735924, "log10_min_child_weight": 3.343173135024201, "log10_subsample": -0.8529888636559215, "max_depth": 9.0, "num_boost_round": 0.0}, "datetime": {"datetime": "2024-01-19 01:01:47", "elapsed": 2997.593706, "delta": 37.284445}}
{"target": -17.677217615318995, "params": {"gamma": 409.0199674850454, "log10_alpha": -1.4007771803900058, "log10_colsample_bytree": -0.6861460073830997, "log10_eta": -3.7067134329473235, "log10_lambda": -4.617796492735924, "log10_min_child_weight": 3.343173135024201, "log10_subsample": -0.8529888636559215, "max_depth": 9.0, "num_boost_round": 1.0}, "datetime": {"datetime": "2024-01-19 01:01:47", "elapsed": 2997.598576, "delta": 0.00487}}
{"target": -17.6772102610871, "params": {"gamma": 409.0199674850454, "log10_alpha": -1.4007771803900058, "log10_colsample_bytree": -0.6861460073830997, "log10_eta": -3.7067134329473235, "log10_lambda": -4.617796492735924, "log10_min_child_weight": 3.343173135024201, "log10_subsample": -0.8529888636559215, "max_depth": 9.0, "num_boost_round": 2.0}, "datetime": {"datetime": "2024-01-19 01:01:47", "elapsed": 2997.602764, "delta": 0.004188}}
{"target": -17.677210276339867, "params": {"gamma": 409.0199674850454, "log10_alpha": -1.4007771803900058, "log10_colsample_bytree": -0.6861460073830997, "log10_eta": -3.7067134329473235, "log10_lambda": -4.617796492735924, "log10_min_child_weight": 3.343173135024201, "log10_subsample": -0.8529888636559215, "max_depth": 9.0, "num_boost_round": 3.0}, "datetime": {"datetime": "2024-01-19 01:01:47", "elapsed": 2997.606519, "delta": 0.003755}}
{"target": -17.677200495490464, "params": {"gamma": 409.0199674850454, "log10_alpha": -1.4007771803900058, "log10_colsample_bytree": -0.6861460073830997, "log10_eta": -3.7067134329473235, "log10_lambda": -4.617796492735924, "log10_min_child_weight": 3.343173135024201, "log10_subsample": -0.8529888636559215, "max_depth": 9.0, "num_boost_round": 4.0}, "datetime": {"datetime": "2024-01-19 01:01:47", "elapsed": 2997.610238, "delta": 0.003719}}
{"target": -17.67720181301436, "params": {"gamma": 409.0199674850454, "log10_alpha": -1.4007771803900058, "log10_colsample_bytree": -0.6861460073830997, "log10_eta": -3.7067134329473235, "log10_lambda": -4.617796492735924, "log10_min_child_weight": 3.343173135024201, "log10_subsample": -0.8529888636559215, "max_depth": 9.0, "num_boost_round": 5.0}, "datetime": {"datetime": "2024-01-19 01:01:47", "elapsed": 2997.614042, "delta": 0.003804}}
{"target": -17.67720014516962, "params": {"gamma": 409.0199674850454, "log10_alpha": -1.4007771803900058, "log10_colsample_bytree": -0.6861460073830997, "log10_eta": -3.7067134329473235, "log10_lambda": -4.617796492735924, "log10_min_child_weight": 3.343173135024201, "log10_subsample": -0.8529888636559215, "max_depth": 9.0, "num_boost_round": 6.0}, "datetime": {"datetime": "2024-01-19 01:01:47", "elapsed": 2997.617784, "delta": 0.003742}}
{"target": -17.67719751251285, "params": {"gamma": 409.0199674850454, "log10_alpha": -1.4007771803900058, "log10_colsample_bytree": -0.6861460073830997, "log10_eta": -3.7067134329473235, "log10_lambda": -4.617796492735924, "log10_min_child_weight": 3.343173135024201, "log10_subsample": -0.8529888636559215, "max_depth": 9.0, "num_boost_round": 7.0}, "datetime": {"datetime": "2024-01-19 01:01:47", "elapsed": 2997.621515, "delta": 0.003731}}
{"target": -17.677191217786582, "params": {"gamma": 409.0199674850454, "log10_alpha": -1.4007771803900058, "log10_colsample_bytree": -0.6861460073830997, "log10_eta": -3.7067134329473235, "log10_lambda": -4.617796492735924, "log10_min_child_weight": 3.343173135024201, "log10_subsample": -0.8529888636559215, "max_depth": 9.0, "num_boost_round": 8.0}, "datetime": {"datetime": "2024-01-19 01:01:47", "elapsed": 2997.625329, "delta": 0.003814}}
{"target": -17.67719008620427, "params": {"gamma": 409.0199674850454, "log10_alpha": -1.4007771803900058, "log10_colsample_bytree": -0.6861460073830997, "log10_eta": -3.7067134329473235, "log10_lambda": -4.617796492735924, "log10_min_child_weight": 3.343173135024201, "log10_subsample": -0.8529888636559215, "max_depth": 9.0, "num_boost_round": 9.0}, "datetime": {"datetime": "2024-01-19 01:01:47", "elapsed": 2997.629045, "delta": 0.003716}}
{"target": -17.677185617869903, "params": {"gamma": 409.0199674850454, "log10_alpha": -1.4007771803900058, "log10_colsample_bytree": -0.6861460073830997, "log10_eta": -3.7067134329473235, "log10_lambda": -4.617796492735924, "log10_min_child_weight": 3.343173135024201, "log10_subsample": -0.8529888636559215, "max_depth": 9.0, "num_boost_round": 10.0}, "datetime": {"datetime": "2024-01-19 01:01:47", "elapsed": 2997.632771, "delta": 0.003726}}
{"target": -17.677184379472997, "params": {"gamma": 409.0199674850454, "log10_alpha": -1.4007771803900058, "log10_colsample_bytree": -0.6861460073830997, "log10_eta": -3.7067134329473235, "log10_lambda": -4.617796492735924, "log10_min_child_weight": 3.343173135024201, "log10_subsample": -0.8529888636559215, "max_depth": 9.0, "num_boost_round": 11.0}, "datetime": {"datetime": "2024-01-19 01:01:47", "elapsed": 2997.636478, "delta": 0.003707}}
{"target": -17.67717408066918, "params": {"gamma": 409.0199674850454, "log10_alpha": -1.4007771803900058, "log10_colsample_bytree": -0.6861460073830997, "log10_eta": -3.7067134329473235, "log10_lambda": -4.617796492735924, "log10_min_child_weight": 3.343173135024201, "log10_subsample": -0.8529888636559215, "max_depth": 9.0, "num_boost_round": 12.0}, "datetime": {"datetime": "2024-01-19 01:01:47", "elapsed": 2997.640188, "delta": 0.00371}}
{"target": -17.6771684841869, "params": {"gamma": 409.0199674850454, "log10_alpha": -1.4007771803900058, "log10_colsample_bytree": -0.6861460073830997, "log10_eta": -3.7067134329473235, "log10_lambda": -4.617796492735924, "log10_min_child_weight": 3.343173135024201, "log10_subsample": -0.8529888636559215, "max_depth": 9.0, "num_boost_round": 13.0}, "datetime": {"datetime": "2024-01-19 01:01:47", "elapsed": 2997.644134, "delta": 0.003946}}
{"target": -17.6771676942206, "params": {"gamma": 409.0199674850454, "log10_alpha": -1.4007771803900058, "log10_colsample_bytree": -0.6861460073830997, "log10_eta": -3.7067134329473235, "log10_lambda": -4.617796492735924, "log10_min_child_weight": 3.343173135024201, "log10_subsample": -0.8529888636559215, "max_depth": 9.0, "num_boost_round": 14.0}, "datetime": {"datetime": "2024-01-19 01:01:47", "elapsed": 2997.648095, "delta": 0.003961}}
{"target": -17.67716359422962, "params": {"gamma": 409.0199674850454, "log10_alpha": -1.4007771803900058, "log10_colsample_bytree": -0.6861460073830997, "log10_eta": -3.7067134329473235, "log10_lambda": -4.617796492735924, "log10_min_child_weight": 3.343173135024201, "log10_subsample": -0.8529888636559215, "max_depth": 9.0, "num_boost_round": 15.0}, "datetime": {"datetime": "2024-01-19 01:01:47", "elapsed": 2997.652397, "delta": 0.004302}}
{"target": -17.67716297451699, "params": {"gamma": 409.0199674850454, "log10_alpha": -1.4007771803900058, "log10_colsample_bytree": -0.6861460073830997, "log10_eta": -3.7067134329473235, "log10_lambda": -4.617796492735924, "log10_min_child_weight": 3.343173135024201, "log10_subsample": -0.8529888636559215, "max_depth": 9.0, "num_boost_round": 16.0}, "datetime": {"datetime": "2024-01-19 01:01:47", "elapsed": 2997.656356, "delta": 0.003959}}
{"target": -17.67715606372786, "params": {"gamma": 409.0199674850454, "log10_alpha": -1.4007771803900058, "log10_colsample_bytree": -0.6861460073830997, "log10_eta": -3.7067134329473235, "log10_lambda": -4.617796492735924, "log10_min_child_weight": 3.343173135024201, "log10_subsample": -0.8529888636559215, "max_depth": 9.0, "num_boost_round": 17.0}, "datetime": {"datetime": "2024-01-19 01:01:47", "elapsed": 2997.660112, "delta": 0.003756}}
{"target": -17.677154476693136, "params": {"gamma": 409.0199674850454, "log10_alpha": -1.4007771803900058, "log10_colsample_bytree": -0.6861460073830997, "log10_eta": -3.7067134329473235, "log10_lambda": -4.617796492735924, "log10_min_child_weight": 3.343173135024201, "log10_subsample": -0.8529888636559215, "max_depth": 9.0, "num_boost_round": 18.0}, "datetime": {"datetime": "2024-01-19 01:01:47", "elapsed": 2997.663959, "delta": 0.003847}}
{"target": -17.67714226911784, "params": {"gamma": 409.0199674850454, "log10_alpha": -1.4007771803900058, "log10_colsample_bytree": -0.6861460073830997, "log10_eta": -3.7067134329473235, "log10_lambda": -4.617796492735924, "log10_min_child_weight": 3.343173135024201, "log10_subsample": -0.8529888636559215, "max_depth": 9.0, "num_boost_round": 19.0}, "datetime": {"datetime": "2024-01-19 01:01:47", "elapsed": 2997.667663, "delta": 0.003704}}
{"target": -17.677133009923786, "params": {"gamma": 409.0199674850454, "log10_alpha": -1.4007771803900058, "log10_colsample_bytree": -0.6861460073830997, "log10_eta": -3.7067134329473235, "log10_lambda": -4.617796492735924, "log10_min_child_weight": 3.343173135024201, "log10_subsample": -0.8529888636559215, "max_depth": 9.0, "num_boost_round": 20.0}, "datetime": {"datetime": "2024-01-19 01:01:47", "elapsed": 2997.671407, "delta": 0.003744}}
