{"target": -13.763969898634441, "params": {"gamma": 28.214764748309307, "log10_alpha": -2.8927373607399773, "log10_colsample_bytree": -0.9462609692117399, "log10_eta": -0.9239159097164649, "log10_lambda": -3.875769095379632, "log10_min_child_weight": 1.1627781755729498, "log10_subsample": -0.9314086669875626, "max_depth": 3.0, "num_boost_round": 10.0}, "datetime": {"datetime": "2024-01-19 00:27:59", "elapsed": 988.013127, "delta": 0.001271}}
{"target": -13.75849706903433, "params": {"gamma": 7.515377198177742, "log10_alpha": 0.3313992039378384, "log10_colsample_bytree": -0.1260750545337046, "log10_eta": -2.470448425215056, "log10_lambda": -3.065244740423023, "log10_min_child_weight": 3.310554802063035, "log10_subsample": -0.9922790399788648, "max_depth": 5.0, "num_boost_round": 0.0}, "datetime": {"datetime": "2024-01-19 00:28:22", "elapsed": 1010.479966, "delta": 22.466839}}
{"target": -13.758479363235693, "params": {"gamma": 7.515377198177742, "log10_alpha": 0.3313992039378384, "log10_colsample_bytree": -0.1260750545337046, "log10_eta": -2.470448425215056, "log10_lambda": -3.065244740423023, "log10_min_child_weight": 3.310554802063035, "log10_subsample": -0.9922790399788648, "max_depth": 5.0, "num_boost_round": 1.0}, "datetime": {"datetime": "2024-01-19 00:28:22", "elapsed": 1010.481717, "delta": 0.001751}}
{"target": -13.758534018055576, "params": {"gamma": 7.515377198177742, "log10_alpha": 0.3313992039378384, "log10_colsample_bytree": -0.1260750545337046, "log10_eta": -2.470448425215056, "log10_lambda": -3.065244740423023, "log10_min_child_weight": 3.310554802063035, "log10_subsample": -0.9922790399788648, "max_depth": 5.0, "num_boost_round": 2.0}, "datetime": {"datetime": "2024-01-19 00:28:22", "elapsed": 1010.483508, "delta": 0.001791}}
{"target": -13.75856533695044, "params": {"gamma": 7.515377198177742, "log10_alpha": 0.3313992039378384, "log10_colsample_bytree": -0.1260750545337046, "log10_eta": -2.470448425215056, "log10_lambda": -3.065244740423023, "log10_min_child_weight": 3.310554802063035, "log10_subsample": -0.9922790399788648, "max_depth": 5.0, "num_boost_round": 3.0}, "datetime": {"datetime": "2024-01-19 00:28:22", "elapsed": 1010.484811, "delta": 0.001303}}
{"target": -13.758538810196558, "params": {"gamma": 7.515377198177742, "log10_alpha": 0.3313992039378384, "log10_colsample_bytree": -0.1260750545337046, "log10_eta": -2.470448425215056, "log10_lambda": -3.065244740423023, "log10_min_child_weight": 3.310554802063035, "log10_subsample": -0.9922790399788648, "max_depth": 5.0, "num_boost_round": 4.0}, "datetime": {"datetime": "2024-01-19 00:28:22", "elapsed": 1010.48608, "delta": 0.001269}}
{"target": -13.758523880302944, "params": {"gamma": 7.515377198177742, "log10_alpha": 0.3313992039378384, "log10_colsample_bytree": -0.1260750545337046, "log10_eta": -2.470448425215056, "log10_lambda": -3.065244740423023, "log10_min_child_weight": 3.310554802063035, "log10_subsample": -0.9922790399788648, "max_depth": 5.0, "num_boost_round": 5.0}, "datetime": {"datetime": "2024-01-19 00:28:22", "elapsed": 1010.487384, "delta": 0.001304}}
{"target": -13.758510683072714, "params": {"gamma": 7.515377198177742, "log10_alpha": 0.3313992039378384, "log10_colsample_bytree": -0.1260750545337046, "log10_eta": -2.470448425215056, "log10_lambda": -3.065244740423023, "log10_min_child_weight": 3.310554802063035, "log10_subsample": -0.9922790399788648, "max_depth": 5.0, "num_boost_round": 6.0}, "datetime": {"datetime": "2024-01-19 00:28:22", "elapsed": 1010.488847, "delta": 0.001463}}
{"target": -13.75850724410741, "params": {"gamma": 7.515377198177742, "log10_alpha": 0.3313992039378384, "log10_colsample_bytree": -0.1260750545337046, "log10_eta": -2.470448425215056, "log10_lambda": -3.065244740423023, "log10_min_child_weight": 3.310554802063035, "log10_subsample": -0.9922790399788648, "max_depth": 5.0, "num_boost_round": 7.0}, "datetime": {"datetime": "2024-01-19 00:28:22", "elapsed": 1010.490229, "delta": 0.001382}}
{"target": -13.758499340836266, "params": {"gamma": 7.515377198177742, "log10_alpha": 0.3313992039378384, "log10_colsample_bytree": -0.1260750545337046, "log10_eta": -2.470448425215056, "log10_lambda": -3.065244740423023, "log10_min_child_weight": 3.310554802063035, "log10_subsample": -0.9922790399788648, "max_depth": 5.0, "num_boost_round": 8.0}, "datetime": {"datetime": "2024-01-19 00:28:22", "elapsed": 1010.491689, "delta": 0.00146}}
{"target": -13.758450724865323, "params": {"gamma": 7.515377198177742, "log10_alpha": 0.3313992039378384, "log10_colsample_bytree": -0.1260750545337046, "log10_eta": -2.470448425215056, "log10_lambda": -3.065244740423023, "log10_min_child_weight": 3.310554802063035, "log10_subsample": -0.9922790399788648, "max_depth": 5.0, "num_boost_round": 9.0}, "datetime": {"datetime": "2024-01-19 00:28:22", "elapsed": 1010.493038, "delta": 0.001349}}
{"target": -13.758453972925825, "params": {"gamma": 7.515377198177742, "log10_alpha": 0.3313992039378384, "log10_colsample_bytree": -0.1260750545337046, "log10_eta": -2.470448425215056, "log10_lambda": -3.065244740423023, "log10_min_child_weight": 3.310554802063035, "log10_subsample": -0.9922790399788648, "max_depth": 5.0, "num_boost_round": 10.0}, "datetime": {"datetime": "2024-01-19 00:28:22", "elapsed": 1010.494316, "delta": 0.001278}}
{"target": -13.75844875516071, "params": {"gamma": 7.515377198177742, "log10_alpha": 0.3313992039378384, "log10_colsample_bytree": -0.1260750545337046, "log10_eta": -2.470448425215056, "log10_lambda": -3.065244740423023, "log10_min_child_weight": 3.310554802063035, "log10_subsample": -0.9922790399788648, "max_depth": 5.0, "num_boost_round": 11.0}, "datetime": {"datetime": "2024-01-19 00:28:22", "elapsed": 1010.495642, "delta": 0.001326}}
{"target": -13.758465417535094, "params": {"gamma": 7.515377198177742, "log10_alpha": 0.3313992039378384, "log10_colsample_bytree": -0.1260750545337046, "log10_eta": -2.470448425215056, "log10_lambda": -3.065244740423023, "log10_min_child_weight": 3.310554802063035, "log10_subsample": -0.9922790399788648, "max_depth": 5.0, "num_boost_round": 12.0}, "datetime": {"datetime": "2024-01-19 00:28:22", "elapsed": 1010.496906, "delta": 0.001264}}
{"target": -13.758483453567644, "params": {"gamma": 7.515377198177742, "log10_alpha": 0.3313992039378384, "log10_colsample_bytree": -0.1260750545337046, "log10_eta": -2.470448425215056, "log10_lambda": -3.065244740423023, "log10_min_child_weight": 3.310554802063035, "log10_subsample": -0.9922790399788648, "max_depth": 5.0, "num_boost_round": 13.0}, "datetime": {"datetime": "2024-01-19 00:28:22", "elapsed": 1010.498176, "delta": 0.00127}}
{"target": -13.758507836189159, "params": {"gamma": 7.515377198177742, "log10_alpha": 0.3313992039378384, "log10_colsample_bytree": -0.1260750545337046, "log10_eta": -2.470448425215056, "log10_lambda": -3.065244740423023, "log10_min_child_weight": 3.310554802063035, "log10_subsample": -0.9922790399788648, "max_depth": 5.0, "num_boost_round": 14.0}, "datetime": {"datetime": "2024-01-19 00:28:22", "elapsed": 1010.499449, "delta": 0.001273}}
{"target": -13.758509796333927, "params": {"gamma": 7.515377198177742, "log10_alpha": 0.3313992039378384, "log10_colsample_bytree": -0.1260750545337046, "log10_eta": -2.470448425215056, "log10_lambda": -3.065244740423023, "log10_min_child_weight": 3.310554802063035, "log10_subsample": -0.9922790399788648, "max_depth": 5.0, "num_boost_round": 15.0}, "datetime": {"datetime": "2024-01-19 00:28:22", "elapsed": 1010.500715, "delta": 0.001266}}
{"target": -13.758558367228416, "params": {"gamma": 7.515377198177742, "log10_alpha": 0.3313992039378384, "log10_colsample_bytree": -0.1260750545337046, "log10_eta": -2.470448425215056, "log10_lambda": -3.065244740423023, "log10_min_child_weight": 3.310554802063035, "log10_subsample": -0.9922790399788648, "max_depth": 5.0, "num_boost_round": 16.0}, "datetime": {"datetime": "2024-01-19 00:28:22", "elapsed": 1010.501986, "delta": 0.001271}}
{"target": -13.75858107515878, "params": {"gamma": 7.515377198177742, "log10_alpha": 0.3313992039378384, "log10_colsample_bytree": -0.1260750545337046, "log10_eta": -2.470448425215056, "log10_lambda": -3.065244740423023, "log10_min_child_weight": 3.310554802063035, "log10_subsample": -0.9922790399788648, "max_depth": 5.0, "num_boost_round": 17.0}, "datetime": {"datetime": "2024-01-19 00:28:22", "elapsed": 1010.503257, "delta": 0.001271}}
{"target": -13.758596217789334, "params": {"gamma": 7.515377198177742, "log10_alpha": 0.3313992039378384, "log10_colsample_bytree": -0.1260750545337046, "log10_eta": -2.470448425215056, "log10_lambda": -3.065244740423023, "log10_min_child_weight": 3.310554802063035, "log10_subsample": -0.9922790399788648, "max_depth": 5.0, "num_boost_round": 18.0}, "datetime": {"datetime": "2024-01-19 00:28:22", "elapsed": 1010.504544, "delta": 0.001287}}
{"target": -13.75853896689435, "params": {"gamma": 22.96323957502633, "log10_alpha": 0.5930674955215816, "log10_colsample_bytree": -0.2049963167074409, "log10_eta": -3.4444552096463465, "log10_lambda": -1.8033096018502879, "log10_min_child_weight": 4.14467084841203, "log10_subsample": -0.7621195258024915, "max_depth": 3.0, "num_boost_round": 0.0}, "datetime": {"datetime": "2024-01-19 00:28:41", "elapsed": 1029.345805, "delta": 18.841261}}
{"target": -13.758535979446567, "params": {"gamma": 22.96323957502633, "log10_alpha": 0.5930674955215816, "log10_colsample_bytree": -0.2049963167074409, "log10_eta": -3.4444552096463465, "log10_lambda": -1.8033096018502879, "log10_min_child_weight": 4.14467084841203, "log10_subsample": -0.7621195258024915, "max_depth": 3.0, "num_boost_round": 1.0}, "datetime": {"datetime": "2024-01-19 00:28:41", "elapsed": 1029.347575, "delta": 0.00177}}
{"target": -13.75853668895658, "params": {"gamma": 22.96323957502633, "log10_alpha": 0.5930674955215816, "log10_colsample_bytree": -0.2049963167074409, "log10_eta": -3.4444552096463465, "log10_lambda": -1.8033096018502879, "log10_min_child_weight": 4.14467084841203, "log10_subsample": -0.7621195258024915, "max_depth": 3.0, "num_boost_round": 2.0}, "datetime": {"datetime": "2024-01-19 00:28:41", "elapsed": 1029.349303, "delta": 0.001728}}
{"target": -13.758537188586704, "params": {"gamma": 22.96323957502633, "log10_alpha": 0.5930674955215816, "log10_colsample_bytree": -0.2049963167074409, "log10_eta": -3.4444552096463465, "log10_lambda": -1.8033096018502879, "log10_min_child_weight": 4.14467084841203, "log10_subsample": -0.7621195258024915, "max_depth": 3.0, "num_boost_round": 3.0}, "datetime": {"datetime": "2024-01-19 00:28:41", "elapsed": 1029.350703, "delta": 0.0014}}
{"target": -13.758537356916033, "params": {"gamma": 22.96323957502633, "log10_alpha": 0.5930674955215816, "log10_colsample_bytree": -0.2049963167074409, "log10_eta": -3.4444552096463465, "log10_lambda": -1.8033096018502879, "log10_min_child_weight": 4.14467084841203, "log10_subsample": -0.7621195258024915, "max_depth": 3.0, "num_boost_round": 4.0}, "datetime": {"datetime": "2024-01-19 00:28:41", "elapsed": 1029.352023, "delta": 0.00132}}
{"target": -13.758537068529764, "params": {"gamma": 22.96323957502633, "log10_alpha": 0.5930674955215816, "log10_colsample_bytree": -0.2049963167074409, "log10_eta": -3.4444552096463465, "log10_lambda": -1.8033096018502879, "log10_min_child_weight": 4.14467084841203, "log10_subsample": -0.7621195258024915, "max_depth": 3.0, "num_boost_round": 5.0}, "datetime": {"datetime": "2024-01-19 00:28:41", "elapsed": 1029.353323, "delta": 0.0013}}
{"target": -13.758539056943187, "params": {"gamma": 22.96323957502633, "log10_alpha": 0.5930674955215816, "log10_colsample_bytree": -0.2049963167074409, "log10_eta": -3.4444552096463465, "log10_lambda": -1.8033096018502879, "log10_min_child_weight": 4.14467084841203, "log10_subsample": -0.7621195258024915, "max_depth": 3.0, "num_boost_round": 6.0}, "datetime": {"datetime": "2024-01-19 00:28:41", "elapsed": 1029.354668, "delta": 0.001345}}
{"target": -13.75853905887141, "params": {"gamma": 22.96323957502633, "log10_alpha": 0.5930674955215816, "log10_colsample_bytree": -0.2049963167074409, "log10_eta": -3.4444552096463465, "log10_lambda": -1.8033096018502879, "log10_min_child_weight": 4.14467084841203, "log10_subsample": -0.7621195258024915, "max_depth": 3.0, "num_boost_round": 7.0}, "datetime": {"datetime": "2024-01-19 00:28:41", "elapsed": 1029.356058, "delta": 0.00139}}
{"target": -13.75853885935613, "params": {"gamma": 22.96323957502633, "log10_alpha": 0.5930674955215816, "log10_colsample_bytree": -0.2049963167074409, "log10_eta": -3.4444552096463465, "log10_lambda": -1.8033096018502879, "log10_min_child_weight": 4.14467084841203, "log10_subsample": -0.7621195258024915, "max_depth": 3.0, "num_boost_round": 8.0}, "datetime": {"datetime": "2024-01-19 00:28:41", "elapsed": 1029.357351, "delta": 0.001293}}
{"target": -13.758538039331278, "params": {"gamma": 22.96323957502633, "log10_alpha": 0.5930674955215816, "log10_colsample_bytree": -0.2049963167074409, "log10_eta": -3.4444552096463465, "log10_lambda": -1.8033096018502879, "log10_min_child_weight": 4.14467084841203, "log10_subsample": -0.7621195258024915, "max_depth": 3.0, "num_boost_round": 9.0}, "datetime": {"datetime": "2024-01-19 00:28:41", "elapsed": 1029.358647, "delta": 0.001296}}
{"target": -13.75823322649723, "params": {"gamma": 27.834312732644804, "log10_alpha": 0.8210401054447916, "log10_colsample_bytree": -0.3480873557210735, "log10_eta": -2.2169616871046514, "log10_lambda": -4.695056549937156, "log10_min_child_weight": 0.10844757956474826, "log10_subsample": -0.7826969180157209, "max_depth": 8.0, "num_boost_round": 0.0}, "datetime": {"datetime": "2024-01-19 00:29:03", "elapsed": 1051.584197, "delta": 22.22555}}
{"target": -13.75760870087982, "params": {"gamma": 27.834312732644804, "log10_alpha": 0.8210401054447916, "log10_colsample_bytree": -0.3480873557210735, "log10_eta": -2.2169616871046514, "log10_lambda": -4.695056549937156, "log10_min_child_weight": 0.10844757956474826, "log10_subsample": -0.7826969180157209, "max_depth": 8.0, "num_boost_round": 1.0}, "datetime": {"datetime": "2024-01-19 00:29:03", "elapsed": 1051.586121, "delta": 0.001924}}
{"target": -13.757134373189475, "params": {"gamma": 27.834312732644804, "log10_alpha": 0.8210401054447916, "log10_colsample_bytree": -0.3480873557210735, "log10_eta": -2.2169616871046514, "log10_lambda": -4.695056549937156, "log10_min_child_weight": 0.10844757956474826, "log10_subsample": -0.7826969180157209, "max_depth": 8.0, "num_boost_round": 2.0}, "datetime": {"datetime": "2024-01-19 00:29:03", "elapsed": 1051.587451, "delta": 0.00133}}
{"target": -13.756875972225531, "params": {"gamma": 27.834312732644804, "log10_alpha": 0.8210401054447916, "log10_colsample_bytree": -0.3480873557210735, "log10_eta": -2.2169616871046514, "log10_lambda": -4.695056549937156, "log10_min_child_weight": 0.10844757956474826, "log10_subsample": -0.7826969180157209, "max_depth": 8.0, "num_boost_round": 3.0}, "datetime": {"datetime": "2024-01-19 00:29:03", "elapsed": 1051.58898, "delta": 0.001529}}
{"target": -13.756522340711376, "params": {"gamma": 27.834312732644804, "log10_alpha": 0.8210401054447916, "log10_colsample_bytree": -0.3480873557210735, "log10_eta": -2.2169616871046514, "log10_lambda": -4.695056549937156, "log10_min_child_weight": 0.10844757956474826, "log10_subsample": -0.7826969180157209, "max_depth": 8.0, "num_boost_round": 4.0}, "datetime": {"datetime": "2024-01-19 00:29:03", "elapsed": 1051.590473, "delta": 0.001493}}
{"target": -13.756287843269737, "params": {"gamma": 27.834312732644804, "log10_alpha": 0.8210401054447916, "log10_colsample_bytree": -0.3480873557210735, "log10_eta": -2.2169616871046514, "log10_lambda": -4.695056549937156, "log10_min_child_weight": 0.10844757956474826, "log10_subsample": -0.7826969180157209, "max_depth": 8.0, "num_boost_round": 5.0}, "datetime": {"datetime": "2024-01-19 00:29:03", "elapsed": 1051.591898, "delta": 0.001425}}
{"target": -13.75655304016007, "params": {"gamma": 27.834312732644804, "log10_alpha": 0.8210401054447916, "log10_colsample_bytree": -0.3480873557210735, "log10_eta": -2.2169616871046514, "log10_lambda": -4.695056549937156, "log10_min_child_weight": 0.10844757956474826, "log10_subsample": -0.7826969180157209, "max_depth": 8.0, "num_boost_round": 6.0}, "datetime": {"datetime": "2024-01-19 00:29:03", "elapsed": 1051.59335, "delta": 0.001452}}
{"target": -13.756605078278634, "params": {"gamma": 27.834312732644804, "log10_alpha": 0.8210401054447916, "log10_colsample_bytree": -0.3480873557210735, "log10_eta": -2.2169616871046514, "log10_lambda": -4.695056549937156, "log10_min_child_weight": 0.10844757956474826, "log10_subsample": -0.7826969180157209, "max_depth": 8.0, "num_boost_round": 7.0}, "datetime": {"datetime": "2024-01-19 00:29:03", "elapsed": 1051.594665, "delta": 0.001315}}
{"target": -13.756562728208696, "params": {"gamma": 27.834312732644804, "log10_alpha": 0.8210401054447916, "log10_colsample_bytree": -0.3480873557210735, "log10_eta": -2.2169616871046514, "log10_lambda": -4.695056549937156, "log10_min_child_weight": 0.10844757956474826, "log10_subsample": -0.7826969180157209, "max_depth": 8.0, "num_boost_round": 8.0}, "datetime": {"datetime": "2024-01-19 00:29:03", "elapsed": 1051.59601, "delta": 0.001345}}
{"target": -13.756597102964678, "params": {"gamma": 27.834312732644804, "log10_alpha": 0.8210401054447916, "log10_colsample_bytree": -0.3480873557210735, "log10_eta": -2.2169616871046514, "log10_lambda": -4.695056549937156, "log10_min_child_weight": 0.10844757956474826, "log10_subsample": -0.7826969180157209, "max_depth": 8.0, "num_boost_round": 9.0}, "datetime": {"datetime": "2024-01-19 00:29:03", "elapsed": 1051.597313, "delta": 0.001303}}
{"target": -13.756605938134093, "params": {"gamma": 27.834312732644804, "log10_alpha": 0.8210401054447916, "log10_colsample_bytree": -0.3480873557210735, "log10_eta": -2.2169616871046514, "log10_lambda": -4.695056549937156, "log10_min_child_weight": 0.10844757956474826, "log10_subsample": -0.7826969180157209, "max_depth": 8.0, "num_boost_round": 10.0}, "datetime": {"datetime": "2024-01-19 00:29:03", "elapsed": 1051.598631, "delta": 0.001318}}
{"target": -13.756145925119458, "params": {"gamma": 27.834312732644804, "log10_alpha": 0.8210401054447916, "log10_colsample_bytree": -0.3480873557210735, "log10_eta": -2.2169616871046514, "log10_lambda": -4.695056549937156, "log10_min_child_weight": 0.10844757956474826, "log10_subsample": -0.7826969180157209, "max_depth": 8.0, "num_boost_round": 11.0}, "datetime": {"datetime": "2024-01-19 00:29:03", "elapsed": 1051.59994, "delta": 0.001309}}
{"target": -13.756169680548899, "params": {"gamma": 27.834312732644804, "log10_alpha": 0.8210401054447916, "log10_colsample_bytree": -0.3480873557210735, "log10_eta": -2.2169616871046514, "log10_lambda": -4.695056549937156, "log10_min_child_weight": 0.10844757956474826, "log10_subsample": -0.7826969180157209, "max_depth": 8.0, "num_boost_round": 12.0}, "datetime": {"datetime": "2024-01-19 00:29:03", "elapsed": 1051.601254, "delta": 0.001314}}
{"target": -13.756159805899355, "params": {"gamma": 27.834312732644804, "log10_alpha": 0.8210401054447916, "log10_colsample_bytree": -0.3480873557210735, "log10_eta": -2.2169616871046514, "log10_lambda": -4.695056549937156, "log10_min_child_weight": 0.10844757956474826, "log10_subsample": -0.7826969180157209, "max_depth": 8.0, "num_boost_round": 13.0}, "datetime": {"datetime": "2024-01-19 00:29:03", "elapsed": 1051.602562, "delta": 0.001308}}
{"target": -13.758748047465401, "params": {"gamma": 33.00795430058934, "log10_alpha": -1.4801809956891896, "log10_colsample_bytree": -0.8606536863324974, "log10_eta": -1.5615694579651276, "log10_lambda": -4.629391720669565, "log10_min_child_weight": 3.8183658580914273, "log10_subsample": -0.8689833477460402, "max_depth": 9.0, "num_boost_round": 0.0}, "datetime": {"datetime": "2024-01-19 00:29:25", "elapsed": 1073.38464, "delta": 21.782078}}
{"target": -13.758451505554802, "params": {"gamma": 33.00795430058934, "log10_alpha": -1.4801809956891896, "log10_colsample_bytree": -0.8606536863324974, "log10_eta": -1.5615694579651276, "log10_lambda": -4.629391720669565, "log10_min_child_weight": 3.8183658580914273, "log10_subsample": -0.8689833477460402, "max_depth": 9.0, "num_boost_round": 1.0}, "datetime": {"datetime": "2024-01-19 00:29:25", "elapsed": 1073.386304, "delta": 0.001664}}
{"target": -13.7586653957893, "params": {"gamma": 33.00795430058934, "log10_alpha": -1.4801809956891896, "log10_colsample_bytree": -0.8606536863324974, "log10_eta": -1.5615694579651276, "log10_lambda": -4.629391720669565, "log10_min_child_weight": 3.8183658580914273, "log10_subsample": -0.8689833477460402, "max_depth": 9.0, "num_boost_round": 2.0}, "datetime": {"datetime": "2024-01-19 00:29:25", "elapsed": 1073.387738, "delta": 0.001434}}
{"target": -13.758799693983187, "params": {"gamma": 33.00795430058934, "log10_alpha": -1.4801809956891896, "log10_colsample_bytree": -0.8606536863324974, "log10_eta": -1.5615694579651276, "log10_lambda": -4.629391720669565, "log10_min_child_weight": 3.8183658580914273, "log10_subsample": -0.8689833477460402, "max_depth": 9.0, "num_boost_round": 3.0}, "datetime": {"datetime": "2024-01-19 00:29:25", "elapsed": 1073.389529, "delta": 0.001791}}
{"target": -13.758888560203129, "params": {"gamma": 33.00795430058934, "log10_alpha": -1.4801809956891896, "log10_colsample_bytree": -0.8606536863324974, "log10_eta": -1.5615694579651276, "log10_lambda": -4.629391720669565, "log10_min_child_weight": 3.8183658580914273, "log10_subsample": -0.8689833477460402, "max_depth": 9.0, "num_boost_round": 4.0}, "datetime": {"datetime": "2024-01-19 00:29:25", "elapsed": 1073.390964, "delta": 0.001435}}
