{"target": -13.75853115936908, "params": {"gamma": 939.5689228898017, "log10_alpha": -3.510800912775083, "log10_colsample_bytree": -1.0, "log10_eta": -4.0, "log10_lambda": -5.0, "log10_min_child_weight": 0.0, "log10_subsample": -0.05469664436052128, "max_depth": 7.0, "num_boost_round": 8.0}, "datetime": {"datetime": "2024-01-19 01:31:05", "elapsed": 4766.496686, "delta": 0.00513}}
{"target": -13.758529083733114, "params": {"gamma": 939.5689228898017, "log10_alpha": -3.510800912775083, "log10_colsample_bytree": -1.0, "log10_eta": -4.0, "log10_lambda": -5.0, "log10_min_child_weight": 0.0, "log10_subsample": -0.05469664436052128, "max_depth": 7.0, "num_boost_round": 9.0}, "datetime": {"datetime": "2024-01-19 01:31:05", "elapsed": 4766.501922, "delta": 0.005236}}
{"target": -13.758528837742805, "params": {"gamma": 939.5689228898017, "log10_alpha": -3.510800912775083, "log10_colsample_bytree": -1.0, "log10_eta": -4.0, "log10_lambda": -5.0, "log10_min_child_weight": 0.0, "log10_subsample": -0.05469664436052128, "max_depth": 7.0, "num_boost_round": 10.0}, "datetime": {"datetime": "2024-01-19 01:31:05", "elapsed": 4766.507309, "delta": 0.005387}}
{"target": -13.758529267101055, "params": {"gamma": 939.5689228898017, "log10_alpha": -3.510800912775083, "log10_colsample_bytree": -1.0, "log10_eta": -4.0, "log10_lambda": -5.0, "log10_min_child_weight": 0.0, "log10_subsample": -0.05469664436052128, "max_depth": 7.0, "num_boost_round": 11.0}, "datetime": {"datetime": "2024-01-19 01:31:05", "elapsed": 4766.51287, "delta": 0.005561}}
{"target": -13.75852831619917, "params": {"gamma": 939.5689228898017, "log10_alpha": -3.510800912775083, "log10_colsample_bytree": -1.0, "log10_eta": -4.0, "log10_lambda": -5.0, "log10_min_child_weight": 0.0, "log10_subsample": -0.05469664436052128, "max_depth": 7.0, "num_boost_round": 12.0}, "datetime": {"datetime": "2024-01-19 01:31:05", "elapsed": 4766.518057, "delta": 0.005187}}
{"target": -13.758526383060179, "params": {"gamma": 939.5689228898017, "log10_alpha": -3.510800912775083, "log10_colsample_bytree": -1.0, "log10_eta": -4.0, "log10_lambda": -5.0, "log10_min_child_weight": 0.0, "log10_subsample": -0.05469664436052128, "max_depth": 7.0, "num_boost_round": 13.0}, "datetime": {"datetime": "2024-01-19 01:31:05", "elapsed": 4766.523187, "delta": 0.00513}}
{"target": -13.75852035218354, "params": {"gamma": 939.5689228898017, "log10_alpha": -3.510800912775083, "log10_colsample_bytree": -1.0, "log10_eta": -4.0, "log10_lambda": -5.0, "log10_min_child_weight": 0.0, "log10_subsample": -0.05469664436052128, "max_depth": 7.0, "num_boost_round": 14.0}, "datetime": {"datetime": "2024-01-19 01:31:05", "elapsed": 4766.528404, "delta": 0.005217}}
{"target": -13.758517889073786, "params": {"gamma": 939.5689228898017, "log10_alpha": -3.510800912775083, "log10_colsample_bytree": -1.0, "log10_eta": -4.0, "log10_lambda": -5.0, "log10_min_child_weight": 0.0, "log10_subsample": -0.05469664436052128, "max_depth": 7.0, "num_boost_round": 15.0}, "datetime": {"datetime": "2024-01-19 01:31:05", "elapsed": 4766.533573, "delta": 0.005169}}
{"target": -13.758516867006993, "params": {"gamma": 939.5689228898017, "log10_alpha": -3.510800912775083, "log10_colsample_bytree": -1.0, "log10_eta": -4.0, "log10_lambda": -5.0, "log10_min_child_weight": 0.0, "log10_subsample": -0.05469664436052128, "max_depth": 7.0, "num_boost_round": 16.0}, "datetime": {"datetime": "2024-01-19 01:31:05", "elapsed": 4766.538887, "delta": 0.005314}}
{"target": -13.758515365824959, "params": {"gamma": 939.5689228898017, "log10_alpha": -3.510800912775083, "log10_colsample_bytree": -1.0, "log10_eta": -4.0, "log10_lambda": -5.0, "log10_min_child_weight": 0.0, "log10_subsample": -0.05469664436052128, "max_depth": 7.0, "num_boost_round": 17.0}, "datetime": {"datetime": "2024-01-19 01:31:05", "elapsed": 4766.544237, "delta": 0.00535}}
{"target": -13.758513882794896, "params": {"gamma": 939.5689228898017, "log10_alpha": -3.510800912775083, "log10_colsample_bytree": -1.0, "log10_eta": -4.0, "log10_lambda": -5.0, "log10_min_child_weight": 0.0, "log10_subsample": -0.05469664436052128, "max_depth": 7.0, "num_boost_round": 18.0}, "datetime": {"datetime": "2024-01-19 01:31:05", "elapsed": 4766.549522, "delta": 0.005285}}
{"target": -13.758514796975085, "params": {"gamma": 939.5689228898017, "log10_alpha": -3.510800912775083, "log10_colsample_bytree": -1.0, "log10_eta": -4.0, "log10_lambda": -5.0, "log10_min_child_weight": 0.0, "log10_subsample": -0.05469664436052128, "max_depth": 7.0, "num_boost_round": 19.0}, "datetime": {"datetime": "2024-01-19 01:31:05", "elapsed": 4766.554681, "delta": 0.005159}}
{"target": -13.758513292572296, "params": {"gamma": 939.5689228898017, "log10_alpha": -3.510800912775083, "log10_colsample_bytree": -1.0, "log10_eta": -4.0, "log10_lambda": -5.0, "log10_min_child_weight": 0.0, "log10_subsample": -0.05469664436052128, "max_depth": 7.0, "num_boost_round": 20.0}, "datetime": {"datetime": "2024-01-19 01:31:05", "elapsed": 4766.560031, "delta": 0.00535}}
{"target": -13.758512079726973, "params": {"gamma": 939.5689228898017, "log10_alpha": -3.510800912775083, "log10_colsample_bytree": -1.0, "log10_eta": -4.0, "log10_lambda": -5.0, "log10_min_child_weight": 0.0, "log10_subsample": -0.05469664436052128, "max_depth": 7.0, "num_boost_round": 21.0}, "datetime": {"datetime": "2024-01-19 01:31:05", "elapsed": 4766.565293, "delta": 0.005262}}
{"target": -13.758510365704739, "params": {"gamma": 939.5689228898017, "log10_alpha": -3.510800912775083, "log10_colsample_bytree": -1.0, "log10_eta": -4.0, "log10_lambda": -5.0, "log10_min_child_weight": 0.0, "log10_subsample": -0.05469664436052128, "max_depth": 7.0, "num_boost_round": 22.0}, "datetime": {"datetime": "2024-01-19 01:31:05", "elapsed": 4766.570605, "delta": 0.005312}}
{"target": -13.758507799866557, "params": {"gamma": 939.5689228898017, "log10_alpha": -3.510800912775083, "log10_colsample_bytree": -1.0, "log10_eta": -4.0, "log10_lambda": -5.0, "log10_min_child_weight": 0.0, "log10_subsample": -0.05469664436052128, "max_depth": 7.0, "num_boost_round": 23.0}, "datetime": {"datetime": "2024-01-19 01:31:05", "elapsed": 4766.575974, "delta": 0.005369}}
{"target": -13.758508332807569, "params": {"gamma": 939.5689228898017, "log10_alpha": -3.510800912775083, "log10_colsample_bytree": -1.0, "log10_eta": -4.0, "log10_lambda": -5.0, "log10_min_child_weight": 0.0, "log10_subsample": -0.05469664436052128, "max_depth": 7.0, "num_boost_round": 24.0}, "datetime": {"datetime": "2024-01-19 01:31:05", "elapsed": 4766.58119, "delta": 0.005216}}
{"target": -13.75850636656186, "params": {"gamma": 939.5689228898017, "log10_alpha": -3.510800912775083, "log10_colsample_bytree": -1.0, "log10_eta": -4.0, "log10_lambda": -5.0, "log10_min_child_weight": 0.0, "log10_subsample": -0.05469664436052128, "max_depth": 7.0, "num_boost_round": 25.0}, "datetime": {"datetime": "2024-01-19 01:31:05", "elapsed": 4766.58638, "delta": 0.00519}}
{"target": -13.758505497823545, "params": {"gamma": 939.5689228898017, "log10_alpha": -3.510800912775083, "log10_colsample_bytree": -1.0, "log10_eta": -4.0, "log10_lambda": -5.0, "log10_min_child_weight": 0.0, "log10_subsample": -0.05469664436052128, "max_depth": 7.0, "num_boost_round": 26.0}, "datetime": {"datetime": "2024-01-19 01:31:05", "elapsed": 4766.591614, "delta": 0.005234}}
{"target": -13.758504349596146, "params": {"gamma": 939.5689228898017, "log10_alpha": -3.510800912775083, "log10_colsample_bytree": -1.0, "log10_eta": -4.0, "log10_lambda": -5.0, "log10_min_child_weight": 0.0, "log10_subsample": -0.05469664436052128, "max_depth": 7.0, "num_boost_round": 27.0}, "datetime": {"datetime": "2024-01-19 01:31:05", "elapsed": 4766.596833, "delta": 0.005219}}
{"target": -13.758499506763828, "params": {"gamma": 939.5689228898017, "log10_alpha": -3.510800912775083, "log10_colsample_bytree": -1.0, "log10_eta": -4.0, "log10_lambda": -5.0, "log10_min_child_weight": 0.0, "log10_subsample": -0.05469664436052128, "max_depth": 7.0, "num_boost_round": 28.0}, "datetime": {"datetime": "2024-01-19 01:31:05", "elapsed": 4766.602173, "delta": 0.00534}}
{"target": -13.758495210579646, "params": {"gamma": 939.5689228898017, "log10_alpha": -3.510800912775083, "log10_colsample_bytree": -1.0, "log10_eta": -4.0, "log10_lambda": -5.0, "log10_min_child_weight": 0.0, "log10_subsample": -0.05469664436052128, "max_depth": 7.0, "num_boost_round": 29.0}, "datetime": {"datetime": "2024-01-19 01:31:05", "elapsed": 4766.607894, "delta": 0.005721}}
{"target": -13.758495846566651, "params": {"gamma": 939.5689228898017, "log10_alpha": -3.510800912775083, "log10_colsample_bytree": -1.0, "log10_eta": -4.0, "log10_lambda": -5.0, "log10_min_child_weight": 0.0, "log10_subsample": -0.05469664436052128, "max_depth": 7.0, "num_boost_round": 30.0}, "datetime": {"datetime": "2024-01-19 01:31:05", "elapsed": 4766.613176, "delta": 0.005282}}
{"target": -13.758489041871105, "params": {"gamma": 939.5689228898017, "log10_alpha": -3.510800912775083, "log10_colsample_bytree": -1.0, "log10_eta": -4.0, "log10_lambda": -5.0, "log10_min_child_weight": 0.0, "log10_subsample": -0.05469664436052128, "max_depth": 7.0, "num_boost_round": 31.0}, "datetime": {"datetime": "2024-01-19 01:31:05", "elapsed": 4766.618435, "delta": 0.005259}}
{"target": -13.758487229135556, "params": {"gamma": 939.5689228898017, "log10_alpha": -3.510800912775083, "log10_colsample_bytree": -1.0, "log10_eta": -4.0, "log10_lambda": -5.0, "log10_min_child_weight": 0.0, "log10_subsample": -0.05469664436052128, "max_depth": 7.0, "num_boost_round": 32.0}, "datetime": {"datetime": "2024-01-19 01:31:05", "elapsed": 4766.623627, "delta": 0.005192}}
{"target": -13.758481257177616, "params": {"gamma": 939.5689228898017, "log10_alpha": -3.510800912775083, "log10_colsample_bytree": -1.0, "log10_eta": -4.0, "log10_lambda": -5.0, "log10_min_child_weight": 0.0, "log10_subsample": -0.05469664436052128, "max_depth": 7.0, "num_boost_round": 33.0}, "datetime": {"datetime": "2024-01-19 01:31:05", "elapsed": 4766.628878, "delta": 0.005251}}
{"target": -13.758478756568804, "params": {"gamma": 939.5689228898017, "log10_alpha": -3.510800912775083, "log10_colsample_bytree": -1.0, "log10_eta": -4.0, "log10_lambda": -5.0, "log10_min_child_weight": 0.0, "log10_subsample": -0.05469664436052128, "max_depth": 7.0, "num_boost_round": 34.0}, "datetime": {"datetime": "2024-01-19 01:31:05", "elapsed": 4766.634127, "delta": 0.005249}}
{"target": -13.758477342417468, "params": {"gamma": 939.5689228898017, "log10_alpha": -3.510800912775083, "log10_colsample_bytree": -1.0, "log10_eta": -4.0, "log10_lambda": -5.0, "log10_min_child_weight": 0.0, "log10_subsample": -0.05469664436052128, "max_depth": 7.0, "num_boost_round": 35.0}, "datetime": {"datetime": "2024-01-19 01:31:05", "elapsed": 4766.639519, "delta": 0.005392}}
{"target": -13.758477947228645, "params": {"gamma": 939.5689228898017, "log10_alpha": -3.510800912775083, "log10_colsample_bytree": -1.0, "log10_eta": -4.0, "log10_lambda": -5.0, "log10_min_child_weight": 0.0, "log10_subsample": -0.05469664436052128, "max_depth": 7.0, "num_boost_round": 36.0}, "datetime": {"datetime": "2024-01-19 01:31:05", "elapsed": 4766.644708, "delta": 0.005189}}
{"target": -13.758476268026321, "params": {"gamma": 939.5689228898017, "log10_alpha": -3.510800912775083, "log10_colsample_bytree": -1.0, "log10_eta": -4.0, "log10_lambda": -5.0, "log10_min_child_weight": 0.0, "log10_subsample": -0.05469664436052128, "max_depth": 7.0, "num_boost_round": 37.0}, "datetime": {"datetime": "2024-01-19 01:31:05", "elapsed": 4766.649987, "delta": 0.005279}}
{"target": -13.758474860432123, "params": {"gamma": 939.5689228898017, "log10_alpha": -3.510800912775083, "log10_colsample_bytree": -1.0, "log10_eta": -4.0, "log10_lambda": -5.0, "log10_min_child_weight": 0.0, "log10_subsample": -0.05469664436052128, "max_depth": 7.0, "num_boost_round": 38.0}, "datetime": {"datetime": "2024-01-19 01:31:05", "elapsed": 4766.655413, "delta": 0.005426}}
{"target": -13.758473954392674, "params": {"gamma": 939.5689228898017, "log10_alpha": -3.510800912775083, "log10_colsample_bytree": -1.0, "log10_eta": -4.0, "log10_lambda": -5.0, "log10_min_child_weight": 0.0, "log10_subsample": -0.05469664436052128, "max_depth": 7.0, "num_boost_round": 39.0}, "datetime": {"datetime": "2024-01-19 01:31:05", "elapsed": 4766.660783, "delta": 0.00537}}
{"target": -13.758472199082819, "params": {"gamma": 939.5689228898017, "log10_alpha": -3.510800912775083, "log10_colsample_bytree": -1.0, "log10_eta": -4.0, "log10_lambda": -5.0, "log10_min_child_weight": 0.0, "log10_subsample": -0.05469664436052128, "max_depth": 7.0, "num_boost_round": 40.0}, "datetime": {"datetime": "2024-01-19 01:31:05", "elapsed": 4766.666076, "delta": 0.005293}}
{"target": -13.75847160873571, "params": {"gamma": 939.5689228898017, "log10_alpha": -3.510800912775083, "log10_colsample_bytree": -1.0, "log10_eta": -4.0, "log10_lambda": -5.0, "log10_min_child_weight": 0.0, "log10_subsample": -0.05469664436052128, "max_depth": 7.0, "num_boost_round": 41.0}, "datetime": {"datetime": "2024-01-19 01:31:05", "elapsed": 4766.671512, "delta": 0.005436}}
{"target": -13.758473172907213, "params": {"gamma": 939.5689228898017, "log10_alpha": -3.510800912775083, "log10_colsample_bytree": -1.0, "log10_eta": -4.0, "log10_lambda": -5.0, "log10_min_child_weight": 0.0, "log10_subsample": -0.05469664436052128, "max_depth": 7.0, "num_boost_round": 42.0}, "datetime": {"datetime": "2024-01-19 01:31:05", "elapsed": 4766.676715, "delta": 0.005203}}
{"target": -13.75847142573941, "params": {"gamma": 939.5689228898017, "log10_alpha": -3.510800912775083, "log10_colsample_bytree": -1.0, "log10_eta": -4.0, "log10_lambda": -5.0, "log10_min_child_weight": 0.0, "log10_subsample": -0.05469664436052128, "max_depth": 7.0, "num_boost_round": 43.0}, "datetime": {"datetime": "2024-01-19 01:31:05", "elapsed": 4766.68197, "delta": 0.005255}}
{"target": -13.758470223171951, "params": {"gamma": 939.5689228898017, "log10_alpha": -3.510800912775083, "log10_colsample_bytree": -1.0, "log10_eta": -4.0, "log10_lambda": -5.0, "log10_min_child_weight": 0.0, "log10_subsample": -0.05469664436052128, "max_depth": 7.0, "num_boost_round": 44.0}, "datetime": {"datetime": "2024-01-19 01:31:05", "elapsed": 4766.687286, "delta": 0.005316}}
{"target": -13.758467483883392, "params": {"gamma": 939.5689228898017, "log10_alpha": -3.510800912775083, "log10_colsample_bytree": -1.0, "log10_eta": -4.0, "log10_lambda": -5.0, "log10_min_child_weight": 0.0, "log10_subsample": -0.05469664436052128, "max_depth": 7.0, "num_boost_round": 45.0}, "datetime": {"datetime": "2024-01-19 01:31:05", "elapsed": 4766.692576, "delta": 0.00529}}
{"target": -13.758467139509516, "params": {"gamma": 939.5689228898017, "log10_alpha": -3.510800912775083, "log10_colsample_bytree": -1.0, "log10_eta": -4.0, "log10_lambda": -5.0, "log10_min_child_weight": 0.0, "log10_subsample": -0.05469664436052128, "max_depth": 7.0, "num_boost_round": 46.0}, "datetime": {"datetime": "2024-01-19 01:31:05", "elapsed": 4766.697859, "delta": 0.005283}}
{"target": -13.758464631493124, "params": {"gamma": 939.5689228898017, "log10_alpha": -3.510800912775083, "log10_colsample_bytree": -1.0, "log10_eta": -4.0, "log10_lambda": -5.0, "log10_min_child_weight": 0.0, "log10_subsample": -0.05469664436052128, "max_depth": 7.0, "num_boost_round": 47.0}, "datetime": {"datetime": "2024-01-19 01:31:05", "elapsed": 4766.802013, "delta": 0.104154}}
{"target": -13.758461187316826, "params": {"gamma": 939.5689228898017, "log10_alpha": -3.510800912775083, "log10_colsample_bytree": -1.0, "log10_eta": -4.0, "log10_lambda": -5.0, "log10_min_child_weight": 0.0, "log10_subsample": -0.05469664436052128, "max_depth": 7.0, "num_boost_round": 48.0}, "datetime": {"datetime": "2024-01-19 01:31:05", "elapsed": 4766.807985, "delta": 0.005972}}
{"target": -13.758461657480114, "params": {"gamma": 939.5689228898017, "log10_alpha": -3.510800912775083, "log10_colsample_bytree": -1.0, "log10_eta": -4.0, "log10_lambda": -5.0, "log10_min_child_weight": 0.0, "log10_subsample": -0.05469664436052128, "max_depth": 7.0, "num_boost_round": 49.0}, "datetime": {"datetime": "2024-01-19 01:31:05", "elapsed": 4766.813493, "delta": 0.005508}}
{"target": -13.758460933971406, "params": {"gamma": 939.5689228898017, "log10_alpha": -3.510800912775083, "log10_colsample_bytree": -1.0, "log10_eta": -4.0, "log10_lambda": -5.0, "log10_min_child_weight": 0.0, "log10_subsample": -0.05469664436052128, "max_depth": 7.0, "num_boost_round": 50.0}, "datetime": {"datetime": "2024-01-19 01:31:05", "elapsed": 4766.818886, "delta": 0.005393}}
{"target": -13.758464397128785, "params": {"gamma": 939.5689228898017, "log10_alpha": -3.510800912775083, "log10_colsample_bytree": -1.0, "log10_eta": -4.0, "log10_lambda": -5.0, "log10_min_child_weight": 0.0, "log10_subsample": -0.05469664436052128, "max_depth": 7.0, "num_boost_round": 51.0}, "datetime": {"datetime": "2024-01-19 01:31:05", "elapsed": 4766.824227, "delta": 0.005341}}
{"target": -13.758461065208522, "params": {"gamma": 939.5689228898017, "log10_alpha": -3.510800912775083, "log10_colsample_bytree": -1.0, "log10_eta": -4.0, "log10_lambda": -5.0, "log10_min_child_weight": 0.0, "log10_subsample": -0.05469664436052128, "max_depth": 7.0, "num_boost_round": 52.0}, "datetime": {"datetime": "2024-01-19 01:31:05", "elapsed": 4766.829699, "delta": 0.005472}}
{"target": -13.758459242212497, "params": {"gamma": 939.5689228898017, "log10_alpha": -3.510800912775083, "log10_colsample_bytree": -1.0, "log10_eta": -4.0, "log10_lambda": -5.0, "log10_min_child_weight": 0.0, "log10_subsample": -0.05469664436052128, "max_depth": 7.0, "num_boost_round": 53.0}, "datetime": {"datetime": "2024-01-19 01:31:05", "elapsed": 4766.835337, "delta": 0.005638}}
{"target": -13.758459233723524, "params": {"gamma": 939.5689228898017, "log10_alpha": -3.510800912775083, "log10_colsample_bytree": -1.0, "log10_eta": -4.0, "log10_lambda": -5.0, "log10_min_child_weight": 0.0, "log10_subsample": -0.05469664436052128, "max_depth": 7.0, "num_boost_round": 54.0}, "datetime": {"datetime": "2024-01-19 01:31:05", "elapsed": 4766.840718, "delta": 0.005381}}
{"target": -13.758457031000756, "params": {"gamma": 939.5689228898017, "log10_alpha": -3.510800912775083, "log10_colsample_bytree": -1.0, "log10_eta": -4.0, "log10_lambda": -5.0, "log10_min_child_weight": 0.0, "log10_subsample": -0.05469664436052128, "max_depth": 7.0, "num_boost_round": 55.0}, "datetime": {"datetime": "2024-01-19 01:31:05", "elapsed": 4766.846071, "delta": 0.005353}}
{"target": -13.758459097085362, "params": {"gamma": 939.5689228898017, "log10_alpha": -3.510800912775083, "log10_colsample_bytree": -1.0, "log10_eta": -4.0, "log10_lambda": -5.0, "log10_min_child_weight": 0.0, "log10_subsample": -0.05469664436052128, "max_depth": 7.0, "num_boost_round": 56.0}, "datetime": {"datetime": "2024-01-19 01:31:05", "elapsed": 4766.851449, "delta": 0.005378}}
{"target": -13.758461784640897, "params": {"gamma": 939.5689228898017, "log10_alpha": -3.510800912775083, "log10_colsample_bytree": -1.0, "log10_eta": -4.0, "log10_lambda": -5.0, "log10_min_child_weight": 0.0, "log10_subsample": -0.05469664436052128, "max_depth": 7.0, "num_boost_round": 57.0}, "datetime": {"datetime": "2024-01-19 01:31:05", "elapsed": 4766.856853, "delta": 0.005404}}
{"target": -13.758453310866095, "params": {"gamma": 939.5689228898017, "log10_alpha": -3.510800912775083, "log10_colsample_bytree": -1.0, "log10_eta": -4.0, "log10_lambda": -5.0, "log10_min_child_weight": 0.0, "log10_subsample": -0.05469664436052128, "max_depth": 7.0, "num_boost_round": 58.0}, "datetime": {"datetime": "2024-01-19 01:31:05", "elapsed": 4766.862317, "delta": 0.005464}}
{"target": -13.758446224598456, "params": {"gamma": 939.5689228898017, "log10_alpha": -3.510800912775083, "log10_colsample_bytree": -1.0, "log10_eta": -4.0, "log10_lambda": -5.0, "log10_min_child_weight": 0.0, "log10_subsample": -0.05469664436052128, "max_depth": 7.0, "num_boost_round": 59.0}, "datetime": {"datetime": "2024-01-19 01:31:05", "elapsed": 4766.868729, "delta": 0.006412}}
{"target": -13.758445377798909, "params": {"gamma": 939.5689228898017, "log10_alpha": -3.510800912775083, "log10_colsample_bytree": -1.0, "log10_eta": -4.0, "log10_lambda": -5.0, "log10_min_child_weight": 0.0, "log10_subsample": -0.05469664436052128, "max_depth": 7.0, "num_boost_round": 60.0}, "datetime": {"datetime": "2024-01-19 01:31:05", "elapsed": 4766.874967, "delta": 0.006238}}
{"target": -13.758336799337107, "params": {"gamma": 942.1657668855124, "log10_alpha": -2.129194560706938, "log10_colsample_bytree": -0.4964627610027731, "log10_eta": -1.6799270466494542, "log10_lambda": 0.6329521393262523, "log10_min_child_weight": 0.9715019877455755, "log10_subsample": -0.8442312304683713, "max_depth": 9.0, "num_boost_round": 0.0}, "datetime": {"datetime": "2024-01-19 01:32:38", "elapsed": 4859.340285, "delta": 92.465318}}
{"target": -13.75771742504913, "params": {"gamma": 942.1657668855124, "log10_alpha": -2.129194560706938, "log10_colsample_bytree": -0.4964627610027731, "log10_eta": -1.6799270466494542, "log10_lambda": 0.6329521393262523, "log10_min_child_weight": 0.9715019877455755, "log10_subsample": -0.8442312304683713, "max_depth": 9.0, "num_boost_round": 1.0}, "datetime": {"datetime": "2024-01-19 01:32:38", "elapsed": 4859.345882, "delta": 0.005597}}
{"target": -13.756356544678553, "params": {"gamma": 942.1657668855124, "log10_alpha": -2.129194560706938, "log10_colsample_bytree": -0.4964627610027731, "log10_eta": -1.6799270466494542, "log10_lambda": 0.6329521393262523, "log10_min_child_weight": 0.9715019877455755, "log10_subsample": -0.8442312304683713, "max_depth": 9.0, "num_boost_round": 2.0}, "datetime": {"datetime": "2024-01-19 01:32:38", "elapsed": 4859.351356, "delta": 0.005474}}
