{"target": -17.677198848198113, "params": {"gamma": 42.61073684397143, "log10_alpha": 0.2710988738292386, "log10_colsample_bytree": -0.8446962759815149, "log10_eta": -3.596414819075736, "log10_lambda": -3.9760101615730754, "log10_min_child_weight": 3.1340045881042293, "log10_subsample": -0.847400436432418, "max_depth": 9.0, "num_boost_round": 8.0}, "datetime": {"datetime": "2024-01-19 00:42:53", "elapsed": 1926.694522, "delta": 0.002133}}
{"target": -17.677193079504587, "params": {"gamma": 42.61073684397143, "log10_alpha": 0.2710988738292386, "log10_colsample_bytree": -0.8446962759815149, "log10_eta": -3.596414819075736, "log10_lambda": -3.9760101615730754, "log10_min_child_weight": 3.1340045881042293, "log10_subsample": -0.847400436432418, "max_depth": 9.0, "num_boost_round": 9.0}, "datetime": {"datetime": "2024-01-19 00:42:53", "elapsed": 1926.696699, "delta": 0.002177}}
{"target": -17.677189844211515, "params": {"gamma": 42.61073684397143, "log10_alpha": 0.2710988738292386, "log10_colsample_bytree": -0.8446962759815149, "log10_eta": -3.596414819075736, "log10_lambda": -3.9760101615730754, "log10_min_child_weight": 3.1340045881042293, "log10_subsample": -0.847400436432418, "max_depth": 9.0, "num_boost_round": 10.0}, "datetime": {"datetime": "2024-01-19 00:42:53", "elapsed": 1926.698799, "delta": 0.0021}}
{"target": -17.67719161838132, "params": {"gamma": 42.61073684397143, "log10_alpha": 0.2710988738292386, "log10_colsample_bytree": -0.8446962759815149, "log10_eta": -3.596414819075736, "log10_lambda": -3.9760101615730754, "log10_min_child_weight": 3.1340045881042293, "log10_subsample": -0.847400436432418, "max_depth": 9.0, "num_boost_round": 11.0}, "datetime": {"datetime": "2024-01-19 00:42:53", "elapsed": 1926.700995, "delta": 0.002196}}
{"target": -17.67718098073934, "params": {"gamma": 42.61073684397143, "log10_alpha": 0.2710988738292386, "log10_colsample_bytree": -0.8446962759815149, "log10_eta": -3.596414819075736, "log10_lambda": -3.9760101615730754, "log10_min_child_weight": 3.1340045881042293, "log10_subsample": -0.847400436432418, "max_depth": 9.0, "num_boost_round": 12.0}, "datetime": {"datetime": "2024-01-19 00:42:53", "elapsed": 1926.703079, "delta": 0.002084}}
{"target": -17.6771684645282, "params": {"gamma": 42.61073684397143, "log10_alpha": 0.2710988738292386, "log10_colsample_bytree": -0.8446962759815149, "log10_eta": -3.596414819075736, "log10_lambda": -3.9760101615730754, "log10_min_child_weight": 3.1340045881042293, "log10_subsample": -0.847400436432418, "max_depth": 9.0, "num_boost_round": 13.0}, "datetime": {"datetime": "2024-01-19 00:42:53", "elapsed": 1926.705189, "delta": 0.00211}}
{"target": -17.67716229171162, "params": {"gamma": 42.61073684397143, "log10_alpha": 0.2710988738292386, "log10_colsample_bytree": -0.8446962759815149, "log10_eta": -3.596414819075736, "log10_lambda": -3.9760101615730754, "log10_min_child_weight": 3.1340045881042293, "log10_subsample": -0.847400436432418, "max_depth": 9.0, "num_boost_round": 14.0}, "datetime": {"datetime": "2024-01-19 00:42:53", "elapsed": 1926.707481, "delta": 0.002292}}
{"target": -17.677153214704614, "params": {"gamma": 42.61073684397143, "log10_alpha": 0.2710988738292386, "log10_colsample_bytree": -0.8446962759815149, "log10_eta": -3.596414819075736, "log10_lambda": -3.9760101615730754, "log10_min_child_weight": 3.1340045881042293, "log10_subsample": -0.847400436432418, "max_depth": 9.0, "num_boost_round": 15.0}, "datetime": {"datetime": "2024-01-19 00:42:53", "elapsed": 1926.709634, "delta": 0.002153}}
{"target": -17.67714789908939, "params": {"gamma": 42.61073684397143, "log10_alpha": 0.2710988738292386, "log10_colsample_bytree": -0.8446962759815149, "log10_eta": -3.596414819075736, "log10_lambda": -3.9760101615730754, "log10_min_child_weight": 3.1340045881042293, "log10_subsample": -0.847400436432418, "max_depth": 9.0, "num_boost_round": 16.0}, "datetime": {"datetime": "2024-01-19 00:42:53", "elapsed": 1926.711808, "delta": 0.002174}}
{"target": -17.67714518888244, "params": {"gamma": 42.61073684397143, "log10_alpha": 0.2710988738292386, "log10_colsample_bytree": -0.8446962759815149, "log10_eta": -3.596414819075736, "log10_lambda": -3.9760101615730754, "log10_min_child_weight": 3.1340045881042293, "log10_subsample": -0.847400436432418, "max_depth": 9.0, "num_boost_round": 17.0}, "datetime": {"datetime": "2024-01-19 00:42:53", "elapsed": 1926.713939, "delta": 0.002131}}
{"target": -17.677144129700856, "params": {"gamma": 42.61073684397143, "log10_alpha": 0.2710988738292386, "log10_colsample_bytree": -0.8446962759815149, "log10_eta": -3.596414819075736, "log10_lambda": -3.9760101615730754, "log10_min_child_weight": 3.1340045881042293, "log10_subsample": -0.847400436432418, "max_depth": 9.0, "num_boost_round": 18.0}, "datetime": {"datetime": "2024-01-19 00:42:53", "elapsed": 1926.716249, "delta": 0.00231}}
{"target": -17.67713010313608, "params": {"gamma": 42.61073684397143, "log10_alpha": 0.2710988738292386, "log10_colsample_bytree": -0.8446962759815149, "log10_eta": -3.596414819075736, "log10_lambda": -3.9760101615730754, "log10_min_child_weight": 3.1340045881042293, "log10_subsample": -0.847400436432418, "max_depth": 9.0, "num_boost_round": 19.0}, "datetime": {"datetime": "2024-01-19 00:42:53", "elapsed": 1926.718419, "delta": 0.00217}}
{"target": -17.67712675509468, "params": {"gamma": 42.61073684397143, "log10_alpha": 0.2710988738292386, "log10_colsample_bytree": -0.8446962759815149, "log10_eta": -3.596414819075736, "log10_lambda": -3.9760101615730754, "log10_min_child_weight": 3.1340045881042293, "log10_subsample": -0.847400436432418, "max_depth": 9.0, "num_boost_round": 20.0}, "datetime": {"datetime": "2024-01-19 00:42:53", "elapsed": 1926.720614, "delta": 0.002195}}
{"target": -17.677111792371402, "params": {"gamma": 42.61073684397143, "log10_alpha": 0.2710988738292386, "log10_colsample_bytree": -0.8446962759815149, "log10_eta": -3.596414819075736, "log10_lambda": -3.9760101615730754, "log10_min_child_weight": 3.1340045881042293, "log10_subsample": -0.847400436432418, "max_depth": 9.0, "num_boost_round": 21.0}, "datetime": {"datetime": "2024-01-19 00:42:53", "elapsed": 1926.722778, "delta": 0.002164}}
{"target": -17.677100858913214, "params": {"gamma": 42.61073684397143, "log10_alpha": 0.2710988738292386, "log10_colsample_bytree": -0.8446962759815149, "log10_eta": -3.596414819075736, "log10_lambda": -3.9760101615730754, "log10_min_child_weight": 3.1340045881042293, "log10_subsample": -0.847400436432418, "max_depth": 9.0, "num_boost_round": 22.0}, "datetime": {"datetime": "2024-01-19 00:42:53", "elapsed": 1926.724916, "delta": 0.002138}}
{"target": -17.6770915087338, "params": {"gamma": 42.61073684397143, "log10_alpha": 0.2710988738292386, "log10_colsample_bytree": -0.8446962759815149, "log10_eta": -3.596414819075736, "log10_lambda": -3.9760101615730754, "log10_min_child_weight": 3.1340045881042293, "log10_subsample": -0.847400436432418, "max_depth": 9.0, "num_boost_round": 23.0}, "datetime": {"datetime": "2024-01-19 00:42:53", "elapsed": 1926.727198, "delta": 0.002282}}
{"target": -17.677071502978446, "params": {"gamma": 47.14064923052963, "log10_alpha": -4.081894515751417, "log10_colsample_bytree": -0.6323724370613063, "log10_eta": -2.7583784070832227, "log10_lambda": -0.15748073945928187, "log10_min_child_weight": 3.1043449748174687, "log10_subsample": -0.35422558136628923, "max_depth": 8.0, "num_boost_round": 0.0}, "datetime": {"datetime": "2024-01-19 00:43:26", "elapsed": 1960.061847, "delta": 33.334649}}
{"target": -17.67698261469915, "params": {"gamma": 47.14064923052963, "log10_alpha": -4.081894515751417, "log10_colsample_bytree": -0.6323724370613063, "log10_eta": -2.7583784070832227, "log10_lambda": -0.15748073945928187, "log10_min_child_weight": 3.1043449748174687, "log10_subsample": -0.35422558136628923, "max_depth": 8.0, "num_boost_round": 1.0}, "datetime": {"datetime": "2024-01-19 00:43:26", "elapsed": 1960.064462, "delta": 0.002615}}
{"target": -17.676850007720166, "params": {"gamma": 47.14064923052963, "log10_alpha": -4.081894515751417, "log10_colsample_bytree": -0.6323724370613063, "log10_eta": -2.7583784070832227, "log10_lambda": -0.15748073945928187, "log10_min_child_weight": 3.1043449748174687, "log10_subsample": -0.35422558136628923, "max_depth": 8.0, "num_boost_round": 2.0}, "datetime": {"datetime": "2024-01-19 00:43:26", "elapsed": 1960.066942, "delta": 0.00248}}
{"target": -17.67684809182773, "params": {"gamma": 47.14064923052963, "log10_alpha": -4.081894515751417, "log10_colsample_bytree": -0.6323724370613063, "log10_eta": -2.7583784070832227, "log10_lambda": -0.15748073945928187, "log10_min_child_weight": 3.1043449748174687, "log10_subsample": -0.35422558136628923, "max_depth": 8.0, "num_boost_round": 3.0}, "datetime": {"datetime": "2024-01-19 00:43:26", "elapsed": 1960.06937, "delta": 0.002428}}
{"target": -17.67677534786927, "params": {"gamma": 47.14064923052963, "log10_alpha": -4.081894515751417, "log10_colsample_bytree": -0.6323724370613063, "log10_eta": -2.7583784070832227, "log10_lambda": -0.15748073945928187, "log10_min_child_weight": 3.1043449748174687, "log10_subsample": -0.35422558136628923, "max_depth": 8.0, "num_boost_round": 4.0}, "datetime": {"datetime": "2024-01-19 00:43:26", "elapsed": 1960.071895, "delta": 0.002525}}
{"target": -17.67670357641509, "params": {"gamma": 47.14064923052963, "log10_alpha": -4.081894515751417, "log10_colsample_bytree": -0.6323724370613063, "log10_eta": -2.7583784070832227, "log10_lambda": -0.15748073945928187, "log10_min_child_weight": 3.1043449748174687, "log10_subsample": -0.35422558136628923, "max_depth": 8.0, "num_boost_round": 5.0}, "datetime": {"datetime": "2024-01-19 00:43:26", "elapsed": 1960.074207, "delta": 0.002312}}
{"target": -17.67665270809716, "params": {"gamma": 47.14064923052963, "log10_alpha": -4.081894515751417, "log10_colsample_bytree": -0.6323724370613063, "log10_eta": -2.7583784070832227, "log10_lambda": -0.15748073945928187, "log10_min_child_weight": 3.1043449748174687, "log10_subsample": -0.35422558136628923, "max_depth": 8.0, "num_boost_round": 6.0}, "datetime": {"datetime": "2024-01-19 00:43:26", "elapsed": 1960.07658, "delta": 0.002373}}
{"target": -17.67646851445924, "params": {"gamma": 47.14064923052963, "log10_alpha": -4.081894515751417, "log10_colsample_bytree": -0.6323724370613063, "log10_eta": -2.7583784070832227, "log10_lambda": -0.15748073945928187, "log10_min_child_weight": 3.1043449748174687, "log10_subsample": -0.35422558136628923, "max_depth": 8.0, "num_boost_round": 7.0}, "datetime": {"datetime": "2024-01-19 00:43:26", "elapsed": 1960.078733, "delta": 0.002153}}
{"target": -17.676390282487542, "params": {"gamma": 47.14064923052963, "log10_alpha": -4.081894515751417, "log10_colsample_bytree": -0.6323724370613063, "log10_eta": -2.7583784070832227, "log10_lambda": -0.15748073945928187, "log10_min_child_weight": 3.1043449748174687, "log10_subsample": -0.35422558136628923, "max_depth": 8.0, "num_boost_round": 8.0}, "datetime": {"datetime": "2024-01-19 00:43:26", "elapsed": 1960.080868, "delta": 0.002135}}
{"target": -17.676341737835212, "params": {"gamma": 47.14064923052963, "log10_alpha": -4.081894515751417, "log10_colsample_bytree": -0.6323724370613063, "log10_eta": -2.7583784070832227, "log10_lambda": -0.15748073945928187, "log10_min_child_weight": 3.1043449748174687, "log10_subsample": -0.35422558136628923, "max_depth": 8.0, "num_boost_round": 9.0}, "datetime": {"datetime": "2024-01-19 00:43:26", "elapsed": 1960.08308, "delta": 0.002212}}
{"target": -17.676234435413264, "params": {"gamma": 47.14064923052963, "log10_alpha": -4.081894515751417, "log10_colsample_bytree": -0.6323724370613063, "log10_eta": -2.7583784070832227, "log10_lambda": -0.15748073945928187, "log10_min_child_weight": 3.1043449748174687, "log10_subsample": -0.35422558136628923, "max_depth": 8.0, "num_boost_round": 10.0}, "datetime": {"datetime": "2024-01-19 00:43:26", "elapsed": 1960.085257, "delta": 0.002177}}
{"target": -17.676206279954936, "params": {"gamma": 47.14064923052963, "log10_alpha": -4.081894515751417, "log10_colsample_bytree": -0.6323724370613063, "log10_eta": -2.7583784070832227, "log10_lambda": -0.15748073945928187, "log10_min_child_weight": 3.1043449748174687, "log10_subsample": -0.35422558136628923, "max_depth": 8.0, "num_boost_round": 11.0}, "datetime": {"datetime": "2024-01-19 00:43:26", "elapsed": 1960.087588, "delta": 0.002331}}
{"target": -17.676157966032374, "params": {"gamma": 47.14064923052963, "log10_alpha": -4.081894515751417, "log10_colsample_bytree": -0.6323724370613063, "log10_eta": -2.7583784070832227, "log10_lambda": -0.15748073945928187, "log10_min_child_weight": 3.1043449748174687, "log10_subsample": -0.35422558136628923, "max_depth": 8.0, "num_boost_round": 12.0}, "datetime": {"datetime": "2024-01-19 00:43:26", "elapsed": 1960.089856, "delta": 0.002268}}
{"target": -17.67618426662291, "params": {"gamma": 47.14064923052963, "log10_alpha": -4.081894515751417, "log10_colsample_bytree": -0.6323724370613063, "log10_eta": -2.7583784070832227, "log10_lambda": -0.15748073945928187, "log10_min_child_weight": 3.1043449748174687, "log10_subsample": -0.35422558136628923, "max_depth": 8.0, "num_boost_round": 13.0}, "datetime": {"datetime": "2024-01-19 00:43:26", "elapsed": 1960.092096, "delta": 0.00224}}
{"target": -17.67618739604176, "params": {"gamma": 47.14064923052963, "log10_alpha": -4.081894515751417, "log10_colsample_bytree": -0.6323724370613063, "log10_eta": -2.7583784070832227, "log10_lambda": -0.15748073945928187, "log10_min_child_weight": 3.1043449748174687, "log10_subsample": -0.35422558136628923, "max_depth": 8.0, "num_boost_round": 14.0}, "datetime": {"datetime": "2024-01-19 00:43:26", "elapsed": 1960.094359, "delta": 0.002263}}
{"target": -17.676137010589997, "params": {"gamma": 47.14064923052963, "log10_alpha": -4.081894515751417, "log10_colsample_bytree": -0.6323724370613063, "log10_eta": -2.7583784070832227, "log10_lambda": -0.15748073945928187, "log10_min_child_weight": 3.1043449748174687, "log10_subsample": -0.35422558136628923, "max_depth": 8.0, "num_boost_round": 15.0}, "datetime": {"datetime": "2024-01-19 00:43:26", "elapsed": 1960.096624, "delta": 0.002265}}
{"target": -17.67610456658536, "params": {"gamma": 47.14064923052963, "log10_alpha": -4.081894515751417, "log10_colsample_bytree": -0.6323724370613063, "log10_eta": -2.7583784070832227, "log10_lambda": -0.15748073945928187, "log10_min_child_weight": 3.1043449748174687, "log10_subsample": -0.35422558136628923, "max_depth": 8.0, "num_boost_round": 16.0}, "datetime": {"datetime": "2024-01-19 00:43:26", "elapsed": 1960.098884, "delta": 0.00226}}
{"target": -17.676046304844675, "params": {"gamma": 47.14064923052963, "log10_alpha": -4.081894515751417, "log10_colsample_bytree": -0.6323724370613063, "log10_eta": -2.7583784070832227, "log10_lambda": -0.15748073945928187, "log10_min_child_weight": 3.1043449748174687, "log10_subsample": -0.35422558136628923, "max_depth": 8.0, "num_boost_round": 17.0}, "datetime": {"datetime": "2024-01-19 00:43:26", "elapsed": 1960.101156, "delta": 0.002272}}
{"target": -17.676088742779672, "params": {"gamma": 47.14064923052963, "log10_alpha": -4.081894515751417, "log10_colsample_bytree": -0.6323724370613063, "log10_eta": -2.7583784070832227, "log10_lambda": -0.15748073945928187, "log10_min_child_weight": 3.1043449748174687, "log10_subsample": -0.35422558136628923, "max_depth": 8.0, "num_boost_round": 18.0}, "datetime": {"datetime": "2024-01-19 00:43:26", "elapsed": 1960.103514, "delta": 0.002358}}
{"target": -17.67722311970859, "params": {"gamma": 6.508220840457213, "log10_alpha": -2.9678288013909295, "log10_colsample_bytree": -0.7711293717724247, "log10_eta": -3.4576678743836986, "log10_lambda": -4.521168447954554, "log10_min_child_weight": 1.8255773096022732, "log10_subsample": -0.44647728989513547, "max_depth": 2.0, "num_boost_round": 0.0}, "datetime": {"datetime": "2024-01-19 00:44:11", "elapsed": 2005.265176, "delta": 45.161662}}
{"target": -17.67720778360717, "params": {"gamma": 6.508220840457213, "log10_alpha": -2.9678288013909295, "log10_colsample_bytree": -0.7711293717724247, "log10_eta": -3.4576678743836986, "log10_lambda": -4.521168447954554, "log10_min_child_weight": 1.8255773096022732, "log10_subsample": -0.44647728989513547, "max_depth": 2.0, "num_boost_round": 1.0}, "datetime": {"datetime": "2024-01-19 00:44:11", "elapsed": 2005.268491, "delta": 0.003315}}
{"target": -17.677201996495377, "params": {"gamma": 6.508220840457213, "log10_alpha": -2.9678288013909295, "log10_colsample_bytree": -0.7711293717724247, "log10_eta": -3.4576678743836986, "log10_lambda": -4.521168447954554, "log10_min_child_weight": 1.8255773096022732, "log10_subsample": -0.44647728989513547, "max_depth": 2.0, "num_boost_round": 2.0}, "datetime": {"datetime": "2024-01-19 00:44:11", "elapsed": 2005.271173, "delta": 0.002682}}
{"target": -17.677200170486394, "params": {"gamma": 6.508220840457213, "log10_alpha": -2.9678288013909295, "log10_colsample_bytree": -0.7711293717724247, "log10_eta": -3.4576678743836986, "log10_lambda": -4.521168447954554, "log10_min_child_weight": 1.8255773096022732, "log10_subsample": -0.44647728989513547, "max_depth": 2.0, "num_boost_round": 3.0}, "datetime": {"datetime": "2024-01-19 00:44:11", "elapsed": 2005.273381, "delta": 0.002208}}
{"target": -17.67719523558341, "params": {"gamma": 6.508220840457213, "log10_alpha": -2.9678288013909295, "log10_colsample_bytree": -0.7711293717724247, "log10_eta": -3.4576678743836986, "log10_lambda": -4.521168447954554, "log10_min_child_weight": 1.8255773096022732, "log10_subsample": -0.44647728989513547, "max_depth": 2.0, "num_boost_round": 4.0}, "datetime": {"datetime": "2024-01-19 00:44:11", "elapsed": 2005.275557, "delta": 0.002176}}
{"target": -17.67719141081665, "params": {"gamma": 6.508220840457213, "log10_alpha": -2.9678288013909295, "log10_colsample_bytree": -0.7711293717724247, "log10_eta": -3.4576678743836986, "log10_lambda": -4.521168447954554, "log10_min_child_weight": 1.8255773096022732, "log10_subsample": -0.44647728989513547, "max_depth": 2.0, "num_boost_round": 5.0}, "datetime": {"datetime": "2024-01-19 00:44:11", "elapsed": 2005.277708, "delta": 0.002151}}
{"target": -17.677186239962683, "params": {"gamma": 6.508220840457213, "log10_alpha": -2.9678288013909295, "log10_colsample_bytree": -0.7711293717724247, "log10_eta": -3.4576678743836986, "log10_lambda": -4.521168447954554, "log10_min_child_weight": 1.8255773096022732, "log10_subsample": -0.44647728989513547, "max_depth": 2.0, "num_boost_round": 6.0}, "datetime": {"datetime": "2024-01-19 00:44:11", "elapsed": 2005.279822, "delta": 0.002114}}
{"target": -17.677178050629763, "params": {"gamma": 6.508220840457213, "log10_alpha": -2.9678288013909295, "log10_colsample_bytree": -0.7711293717724247, "log10_eta": -3.4576678743836986, "log10_lambda": -4.521168447954554, "log10_min_child_weight": 1.8255773096022732, "log10_subsample": -0.44647728989513547, "max_depth": 2.0, "num_boost_round": 7.0}, "datetime": {"datetime": "2024-01-19 00:44:11", "elapsed": 2005.281958, "delta": 0.002136}}
{"target": -17.677181582362852, "params": {"gamma": 6.508220840457213, "log10_alpha": -2.9678288013909295, "log10_colsample_bytree": -0.7711293717724247, "log10_eta": -3.4576678743836986, "log10_lambda": -4.521168447954554, "log10_min_child_weight": 1.8255773096022732, "log10_subsample": -0.44647728989513547, "max_depth": 2.0, "num_boost_round": 8.0}, "datetime": {"datetime": "2024-01-19 00:44:11", "elapsed": 2005.284073, "delta": 0.002115}}
{"target": -17.677173093096968, "params": {"gamma": 6.508220840457213, "log10_alpha": -2.9678288013909295, "log10_colsample_bytree": -0.7711293717724247, "log10_eta": -3.4576678743836986, "log10_lambda": -4.521168447954554, "log10_min_child_weight": 1.8255773096022732, "log10_subsample": -0.44647728989513547, "max_depth": 2.0, "num_boost_round": 9.0}, "datetime": {"datetime": "2024-01-19 00:44:11", "elapsed": 2005.286254, "delta": 0.002181}}
{"target": -17.67716535472468, "params": {"gamma": 6.508220840457213, "log10_alpha": -2.9678288013909295, "log10_colsample_bytree": -0.7711293717724247, "log10_eta": -3.4576678743836986, "log10_lambda": -4.521168447954554, "log10_min_child_weight": 1.8255773096022732, "log10_subsample": -0.44647728989513547, "max_depth": 2.0, "num_boost_round": 10.0}, "datetime": {"datetime": "2024-01-19 00:44:11", "elapsed": 2005.288369, "delta": 0.002115}}
{"target": -17.677161932581686, "params": {"gamma": 6.508220840457213, "log10_alpha": -2.9678288013909295, "log10_colsample_bytree": -0.7711293717724247, "log10_eta": -3.4576678743836986, "log10_lambda": -4.521168447954554, "log10_min_child_weight": 1.8255773096022732, "log10_subsample": -0.44647728989513547, "max_depth": 2.0, "num_boost_round": 11.0}, "datetime": {"datetime": "2024-01-19 00:44:11", "elapsed": 2005.290474, "delta": 0.002105}}
{"target": -17.677153672172174, "params": {"gamma": 6.508220840457213, "log10_alpha": -2.9678288013909295, "log10_colsample_bytree": -0.7711293717724247, "log10_eta": -3.4576678743836986, "log10_lambda": -4.521168447954554, "log10_min_child_weight": 1.8255773096022732, "log10_subsample": -0.44647728989513547, "max_depth": 2.0, "num_boost_round": 12.0}, "datetime": {"datetime": "2024-01-19 00:44:11", "elapsed": 2005.29264, "delta": 0.002166}}
{"target": -17.677142589608316, "params": {"gamma": 6.508220840457213, "log10_alpha": -2.9678288013909295, "log10_colsample_bytree": -0.7711293717724247, "log10_eta": -3.4576678743836986, "log10_lambda": -4.521168447954554, "log10_min_child_weight": 1.8255773096022732, "log10_subsample": -0.44647728989513547, "max_depth": 2.0, "num_boost_round": 13.0}, "datetime": {"datetime": "2024-01-19 00:44:11", "elapsed": 2005.294794, "delta": 0.002154}}
