{"target": -14.323754021981882, "params": {"gamma": 923.524024703926, "log10_alpha": -3.6548128837340688, "log10_colsample_bytree": -0.9752689233461058, "log10_eta": -0.19301847397052452, "log10_lambda": -4.836302802775942, "log10_min_child_weight": 3.4752730698358225, "log10_subsample": -0.317527743369327, "max_depth": 9.0, "num_boost_round": 40.0}, "datetime": {"datetime": "2024-01-19 01:50:35", "elapsed": 5936.412005, "delta": 0.00584}}
{"target": -14.32302907323036, "params": {"gamma": 923.524024703926, "log10_alpha": -3.6548128837340688, "log10_colsample_bytree": -0.9752689233461058, "log10_eta": -0.19301847397052452, "log10_lambda": -4.836302802775942, "log10_min_child_weight": 3.4752730698358225, "log10_subsample": -0.317527743369327, "max_depth": 9.0, "num_boost_round": 41.0}, "datetime": {"datetime": "2024-01-19 01:50:35", "elapsed": 5936.41785, "delta": 0.005845}}
{"target": -14.328579377486339, "params": {"gamma": 923.524024703926, "log10_alpha": -3.6548128837340688, "log10_colsample_bytree": -0.9752689233461058, "log10_eta": -0.19301847397052452, "log10_lambda": -4.836302802775942, "log10_min_child_weight": 3.4752730698358225, "log10_subsample": -0.317527743369327, "max_depth": 9.0, "num_boost_round": 42.0}, "datetime": {"datetime": "2024-01-19 01:50:35", "elapsed": 5936.423818, "delta": 0.005968}}
{"target": -13.758536539240433, "params": {"gamma": 933.1095189707323, "log10_alpha": -0.631252015118501, "log10_colsample_bytree": -0.6321611679863569, "log10_eta": -3.799996724471899, "log10_lambda": -4.190125886136384, "log10_min_child_weight": 4.496038792075637, "log10_subsample": -0.4715465961671035, "max_depth": 4.0, "num_boost_round": 0.0}, "datetime": {"datetime": "2024-01-19 01:52:04", "elapsed": 6025.611446, "delta": 89.187628}}
{"target": -13.758536171558475, "params": {"gamma": 933.1095189707323, "log10_alpha": -0.631252015118501, "log10_colsample_bytree": -0.6321611679863569, "log10_eta": -3.799996724471899, "log10_lambda": -4.190125886136384, "log10_min_child_weight": 4.496038792075637, "log10_subsample": -0.4715465961671035, "max_depth": 4.0, "num_boost_round": 1.0}, "datetime": {"datetime": "2024-01-19 01:52:04", "elapsed": 6025.61873, "delta": 0.007284}}
{"target": -13.758535723188507, "params": {"gamma": 933.1095189707323, "log10_alpha": -0.631252015118501, "log10_colsample_bytree": -0.6321611679863569, "log10_eta": -3.799996724471899, "log10_lambda": -4.190125886136384, "log10_min_child_weight": 4.496038792075637, "log10_subsample": -0.4715465961671035, "max_depth": 4.0, "num_boost_round": 2.0}, "datetime": {"datetime": "2024-01-19 01:52:04", "elapsed": 6025.624861, "delta": 0.006131}}
{"target": -13.758534872702102, "params": {"gamma": 933.1095189707323, "log10_alpha": -0.631252015118501, "log10_colsample_bytree": -0.6321611679863569, "log10_eta": -3.799996724471899, "log10_lambda": -4.190125886136384, "log10_min_child_weight": 4.496038792075637, "log10_subsample": -0.4715465961671035, "max_depth": 4.0, "num_boost_round": 3.0}, "datetime": {"datetime": "2024-01-19 01:52:04", "elapsed": 6025.630886, "delta": 0.006025}}
{"target": -13.758535076778045, "params": {"gamma": 933.1095189707323, "log10_alpha": -0.631252015118501, "log10_colsample_bytree": -0.6321611679863569, "log10_eta": -3.799996724471899, "log10_lambda": -4.190125886136384, "log10_min_child_weight": 4.496038792075637, "log10_subsample": -0.4715465961671035, "max_depth": 4.0, "num_boost_round": 4.0}, "datetime": {"datetime": "2024-01-19 01:52:04", "elapsed": 6025.636806, "delta": 0.00592}}
{"target": -13.758534418837133, "params": {"gamma": 933.1095189707323, "log10_alpha": -0.631252015118501, "log10_colsample_bytree": -0.6321611679863569, "log10_eta": -3.799996724471899, "log10_lambda": -4.190125886136384, "log10_min_child_weight": 4.496038792075637, "log10_subsample": -0.4715465961671035, "max_depth": 4.0, "num_boost_round": 5.0}, "datetime": {"datetime": "2024-01-19 01:52:04", "elapsed": 6025.64276, "delta": 0.005954}}
{"target": -13.758533887739953, "params": {"gamma": 933.1095189707323, "log10_alpha": -0.631252015118501, "log10_colsample_bytree": -0.6321611679863569, "log10_eta": -3.799996724471899, "log10_lambda": -4.190125886136384, "log10_min_child_weight": 4.496038792075637, "log10_subsample": -0.4715465961671035, "max_depth": 4.0, "num_boost_round": 6.0}, "datetime": {"datetime": "2024-01-19 01:52:04", "elapsed": 6025.64878, "delta": 0.00602}}
{"target": -13.758531982550014, "params": {"gamma": 933.1095189707323, "log10_alpha": -0.631252015118501, "log10_colsample_bytree": -0.6321611679863569, "log10_eta": -3.799996724471899, "log10_lambda": -4.190125886136384, "log10_min_child_weight": 4.496038792075637, "log10_subsample": -0.4715465961671035, "max_depth": 4.0, "num_boost_round": 7.0}, "datetime": {"datetime": "2024-01-19 01:52:04", "elapsed": 6025.658765, "delta": 0.009985}}
{"target": -13.758531540192473, "params": {"gamma": 933.1095189707323, "log10_alpha": -0.631252015118501, "log10_colsample_bytree": -0.6321611679863569, "log10_eta": -3.799996724471899, "log10_lambda": -4.190125886136384, "log10_min_child_weight": 4.496038792075637, "log10_subsample": -0.4715465961671035, "max_depth": 4.0, "num_boost_round": 8.0}, "datetime": {"datetime": "2024-01-19 01:52:04", "elapsed": 6025.664957, "delta": 0.006192}}
{"target": -13.758531712057971, "params": {"gamma": 933.1095189707323, "log10_alpha": -0.631252015118501, "log10_colsample_bytree": -0.6321611679863569, "log10_eta": -3.799996724471899, "log10_lambda": -4.190125886136384, "log10_min_child_weight": 4.496038792075637, "log10_subsample": -0.4715465961671035, "max_depth": 4.0, "num_boost_round": 9.0}, "datetime": {"datetime": "2024-01-19 01:52:04", "elapsed": 6025.671131, "delta": 0.006174}}
{"target": -13.758531743427595, "params": {"gamma": 933.1095189707323, "log10_alpha": -0.631252015118501, "log10_colsample_bytree": -0.6321611679863569, "log10_eta": -3.799996724471899, "log10_lambda": -4.190125886136384, "log10_min_child_weight": 4.496038792075637, "log10_subsample": -0.4715465961671035, "max_depth": 4.0, "num_boost_round": 10.0}, "datetime": {"datetime": "2024-01-19 01:52:04", "elapsed": 6025.677427, "delta": 0.006296}}
{"target": -13.758532338689601, "params": {"gamma": 933.1095189707323, "log10_alpha": -0.631252015118501, "log10_colsample_bytree": -0.6321611679863569, "log10_eta": -3.799996724471899, "log10_lambda": -4.190125886136384, "log10_min_child_weight": 4.496038792075637, "log10_subsample": -0.4715465961671035, "max_depth": 4.0, "num_boost_round": 11.0}, "datetime": {"datetime": "2024-01-19 01:52:04", "elapsed": 6025.683665, "delta": 0.006238}}
{"target": -13.75853285178582, "params": {"gamma": 933.1095189707323, "log10_alpha": -0.631252015118501, "log10_colsample_bytree": -0.6321611679863569, "log10_eta": -3.799996724471899, "log10_lambda": -4.190125886136384, "log10_min_child_weight": 4.496038792075637, "log10_subsample": -0.4715465961671035, "max_depth": 4.0, "num_boost_round": 12.0}, "datetime": {"datetime": "2024-01-19 01:52:04", "elapsed": 6025.689642, "delta": 0.005977}}
{"target": -13.758533179143168, "params": {"gamma": 933.1095189707323, "log10_alpha": -0.631252015118501, "log10_colsample_bytree": -0.6321611679863569, "log10_eta": -3.799996724471899, "log10_lambda": -4.190125886136384, "log10_min_child_weight": 4.496038792075637, "log10_subsample": -0.4715465961671035, "max_depth": 4.0, "num_boost_round": 13.0}, "datetime": {"datetime": "2024-01-19 01:52:04", "elapsed": 6025.69548, "delta": 0.005838}}
{"target": -13.758532573842695, "params": {"gamma": 933.1095189707323, "log10_alpha": -0.631252015118501, "log10_colsample_bytree": -0.6321611679863569, "log10_eta": -3.799996724471899, "log10_lambda": -4.190125886136384, "log10_min_child_weight": 4.496038792075637, "log10_subsample": -0.4715465961671035, "max_depth": 4.0, "num_boost_round": 14.0}, "datetime": {"datetime": "2024-01-19 01:52:04", "elapsed": 6025.701406, "delta": 0.005926}}
{"target": -13.758530498754622, "params": {"gamma": 933.1095189707323, "log10_alpha": -0.631252015118501, "log10_colsample_bytree": -0.6321611679863569, "log10_eta": -3.799996724471899, "log10_lambda": -4.190125886136384, "log10_min_child_weight": 4.496038792075637, "log10_subsample": -0.4715465961671035, "max_depth": 4.0, "num_boost_round": 15.0}, "datetime": {"datetime": "2024-01-19 01:52:04", "elapsed": 6025.70758, "delta": 0.006174}}
{"target": -13.758529928273296, "params": {"gamma": 933.1095189707323, "log10_alpha": -0.631252015118501, "log10_colsample_bytree": -0.6321611679863569, "log10_eta": -3.799996724471899, "log10_lambda": -4.190125886136384, "log10_min_child_weight": 4.496038792075637, "log10_subsample": -0.4715465961671035, "max_depth": 4.0, "num_boost_round": 16.0}, "datetime": {"datetime": "2024-01-19 01:52:04", "elapsed": 6025.713627, "delta": 0.006047}}
{"target": -13.758530012537705, "params": {"gamma": 933.1095189707323, "log10_alpha": -0.631252015118501, "log10_colsample_bytree": -0.6321611679863569, "log10_eta": -3.799996724471899, "log10_lambda": -4.190125886136384, "log10_min_child_weight": 4.496038792075637, "log10_subsample": -0.4715465961671035, "max_depth": 4.0, "num_boost_round": 17.0}, "datetime": {"datetime": "2024-01-19 01:52:04", "elapsed": 6025.719623, "delta": 0.005996}}
{"target": -13.758528672252423, "params": {"gamma": 933.1095189707323, "log10_alpha": -0.631252015118501, "log10_colsample_bytree": -0.6321611679863569, "log10_eta": -3.799996724471899, "log10_lambda": -4.190125886136384, "log10_min_child_weight": 4.496038792075637, "log10_subsample": -0.4715465961671035, "max_depth": 4.0, "num_boost_round": 18.0}, "datetime": {"datetime": "2024-01-19 01:52:04", "elapsed": 6025.725558, "delta": 0.005935}}
{"target": -13.758529078609888, "params": {"gamma": 933.1095189707323, "log10_alpha": -0.631252015118501, "log10_colsample_bytree": -0.6321611679863569, "log10_eta": -3.799996724471899, "log10_lambda": -4.190125886136384, "log10_min_child_weight": 4.496038792075637, "log10_subsample": -0.4715465961671035, "max_depth": 4.0, "num_boost_round": 19.0}, "datetime": {"datetime": "2024-01-19 01:52:04", "elapsed": 6025.731529, "delta": 0.005971}}
{"target": -13.75852969500469, "params": {"gamma": 933.1095189707323, "log10_alpha": -0.631252015118501, "log10_colsample_bytree": -0.6321611679863569, "log10_eta": -3.799996724471899, "log10_lambda": -4.190125886136384, "log10_min_child_weight": 4.496038792075637, "log10_subsample": -0.4715465961671035, "max_depth": 4.0, "num_boost_round": 20.0}, "datetime": {"datetime": "2024-01-19 01:52:04", "elapsed": 6025.737567, "delta": 0.006038}}
{"target": -13.758530171459476, "params": {"gamma": 933.1095189707323, "log10_alpha": -0.631252015118501, "log10_colsample_bytree": -0.6321611679863569, "log10_eta": -3.799996724471899, "log10_lambda": -4.190125886136384, "log10_min_child_weight": 4.496038792075637, "log10_subsample": -0.4715465961671035, "max_depth": 4.0, "num_boost_round": 21.0}, "datetime": {"datetime": "2024-01-19 01:52:04", "elapsed": 6025.743609, "delta": 0.006042}}
{"target": -13.75853007833266, "params": {"gamma": 933.1095189707323, "log10_alpha": -0.631252015118501, "log10_colsample_bytree": -0.6321611679863569, "log10_eta": -3.799996724471899, "log10_lambda": -4.190125886136384, "log10_min_child_weight": 4.496038792075637, "log10_subsample": -0.4715465961671035, "max_depth": 4.0, "num_boost_round": 22.0}, "datetime": {"datetime": "2024-01-19 01:52:04", "elapsed": 6025.749887, "delta": 0.006278}}
{"target": -13.758530099188842, "params": {"gamma": 933.1095189707323, "log10_alpha": -0.631252015118501, "log10_colsample_bytree": -0.6321611679863569, "log10_eta": -3.799996724471899, "log10_lambda": -4.190125886136384, "log10_min_child_weight": 4.496038792075637, "log10_subsample": -0.4715465961671035, "max_depth": 4.0, "num_boost_round": 23.0}, "datetime": {"datetime": "2024-01-19 01:52:04", "elapsed": 6025.756144, "delta": 0.006257}}
{"target": -13.75852883868441, "params": {"gamma": 933.1095189707323, "log10_alpha": -0.631252015118501, "log10_colsample_bytree": -0.6321611679863569, "log10_eta": -3.799996724471899, "log10_lambda": -4.190125886136384, "log10_min_child_weight": 4.496038792075637, "log10_subsample": -0.4715465961671035, "max_depth": 4.0, "num_boost_round": 24.0}, "datetime": {"datetime": "2024-01-19 01:52:04", "elapsed": 6025.762261, "delta": 0.006117}}
{"target": -13.758528749410434, "params": {"gamma": 933.1095189707323, "log10_alpha": -0.631252015118501, "log10_colsample_bytree": -0.6321611679863569, "log10_eta": -3.799996724471899, "log10_lambda": -4.190125886136384, "log10_min_child_weight": 4.496038792075637, "log10_subsample": -0.4715465961671035, "max_depth": 4.0, "num_boost_round": 25.0}, "datetime": {"datetime": "2024-01-19 01:52:04", "elapsed": 6025.768294, "delta": 0.006033}}
{"target": -13.758528141855253, "params": {"gamma": 933.1095189707323, "log10_alpha": -0.631252015118501, "log10_colsample_bytree": -0.6321611679863569, "log10_eta": -3.799996724471899, "log10_lambda": -4.190125886136384, "log10_min_child_weight": 4.496038792075637, "log10_subsample": -0.4715465961671035, "max_depth": 4.0, "num_boost_round": 26.0}, "datetime": {"datetime": "2024-01-19 01:52:04", "elapsed": 6025.774232, "delta": 0.005938}}
{"target": -13.75852640534682, "params": {"gamma": 933.1095189707323, "log10_alpha": -0.631252015118501, "log10_colsample_bytree": -0.6321611679863569, "log10_eta": -3.799996724471899, "log10_lambda": -4.190125886136384, "log10_min_child_weight": 4.496038792075637, "log10_subsample": -0.4715465961671035, "max_depth": 4.0, "num_boost_round": 27.0}, "datetime": {"datetime": "2024-01-19 01:52:04", "elapsed": 6025.780252, "delta": 0.00602}}
{"target": -13.758525415330482, "params": {"gamma": 933.1095189707323, "log10_alpha": -0.631252015118501, "log10_colsample_bytree": -0.6321611679863569, "log10_eta": -3.799996724471899, "log10_lambda": -4.190125886136384, "log10_min_child_weight": 4.496038792075637, "log10_subsample": -0.4715465961671035, "max_depth": 4.0, "num_boost_round": 28.0}, "datetime": {"datetime": "2024-01-19 01:52:04", "elapsed": 6025.786266, "delta": 0.006014}}
{"target": -13.758525246302975, "params": {"gamma": 933.1095189707323, "log10_alpha": -0.631252015118501, "log10_colsample_bytree": -0.6321611679863569, "log10_eta": -3.799996724471899, "log10_lambda": -4.190125886136384, "log10_min_child_weight": 4.496038792075637, "log10_subsample": -0.4715465961671035, "max_depth": 4.0, "num_boost_round": 29.0}, "datetime": {"datetime": "2024-01-19 01:52:04", "elapsed": 6025.792229, "delta": 0.005963}}
{"target": -13.75852512370133, "params": {"gamma": 933.1095189707323, "log10_alpha": -0.631252015118501, "log10_colsample_bytree": -0.6321611679863569, "log10_eta": -3.799996724471899, "log10_lambda": -4.190125886136384, "log10_min_child_weight": 4.496038792075637, "log10_subsample": -0.4715465961671035, "max_depth": 4.0, "num_boost_round": 30.0}, "datetime": {"datetime": "2024-01-19 01:52:04", "elapsed": 6025.798198, "delta": 0.005969}}
{"target": -13.758524935760665, "params": {"gamma": 933.1095189707323, "log10_alpha": -0.631252015118501, "log10_colsample_bytree": -0.6321611679863569, "log10_eta": -3.799996724471899, "log10_lambda": -4.190125886136384, "log10_min_child_weight": 4.496038792075637, "log10_subsample": -0.4715465961671035, "max_depth": 4.0, "num_boost_round": 31.0}, "datetime": {"datetime": "2024-01-19 01:52:04", "elapsed": 6025.804126, "delta": 0.005928}}
{"target": -13.758525335000064, "params": {"gamma": 933.1095189707323, "log10_alpha": -0.631252015118501, "log10_colsample_bytree": -0.6321611679863569, "log10_eta": -3.799996724471899, "log10_lambda": -4.190125886136384, "log10_min_child_weight": 4.496038792075637, "log10_subsample": -0.4715465961671035, "max_depth": 4.0, "num_boost_round": 32.0}, "datetime": {"datetime": "2024-01-19 01:52:04", "elapsed": 6025.810724, "delta": 0.006598}}
{"target": -13.758524737721064, "params": {"gamma": 933.1095189707323, "log10_alpha": -0.631252015118501, "log10_colsample_bytree": -0.6321611679863569, "log10_eta": -3.799996724471899, "log10_lambda": -4.190125886136384, "log10_min_child_weight": 4.496038792075637, "log10_subsample": -0.4715465961671035, "max_depth": 4.0, "num_boost_round": 33.0}, "datetime": {"datetime": "2024-01-19 01:52:04", "elapsed": 6025.817102, "delta": 0.006378}}
{"target": -13.758525030801321, "params": {"gamma": 933.1095189707323, "log10_alpha": -0.631252015118501, "log10_colsample_bytree": -0.6321611679863569, "log10_eta": -3.799996724471899, "log10_lambda": -4.190125886136384, "log10_min_child_weight": 4.496038792075637, "log10_subsample": -0.4715465961671035, "max_depth": 4.0, "num_boost_round": 34.0}, "datetime": {"datetime": "2024-01-19 01:52:04", "elapsed": 6025.823399, "delta": 0.006297}}
{"target": -13.758525375860584, "params": {"gamma": 933.1095189707323, "log10_alpha": -0.631252015118501, "log10_colsample_bytree": -0.6321611679863569, "log10_eta": -3.799996724471899, "log10_lambda": -4.190125886136384, "log10_min_child_weight": 4.496038792075637, "log10_subsample": -0.4715465961671035, "max_depth": 4.0, "num_boost_round": 35.0}, "datetime": {"datetime": "2024-01-19 01:52:04", "elapsed": 6025.829711, "delta": 0.006312}}
{"target": -13.75852404913923, "params": {"gamma": 933.1095189707323, "log10_alpha": -0.631252015118501, "log10_colsample_bytree": -0.6321611679863569, "log10_eta": -3.799996724471899, "log10_lambda": -4.190125886136384, "log10_min_child_weight": 4.496038792075637, "log10_subsample": -0.4715465961671035, "max_depth": 4.0, "num_boost_round": 36.0}, "datetime": {"datetime": "2024-01-19 01:52:04", "elapsed": 6025.835772, "delta": 0.006061}}
{"target": -13.758524385295516, "params": {"gamma": 933.1095189707323, "log10_alpha": -0.631252015118501, "log10_colsample_bytree": -0.6321611679863569, "log10_eta": -3.799996724471899, "log10_lambda": -4.190125886136384, "log10_min_child_weight": 4.496038792075637, "log10_subsample": -0.4715465961671035, "max_depth": 4.0, "num_boost_round": 37.0}, "datetime": {"datetime": "2024-01-19 01:52:04", "elapsed": 6025.841842, "delta": 0.00607}}
{"target": -13.758523073073713, "params": {"gamma": 933.1095189707323, "log10_alpha": -0.631252015118501, "log10_colsample_bytree": -0.6321611679863569, "log10_eta": -3.799996724471899, "log10_lambda": -4.190125886136384, "log10_min_child_weight": 4.496038792075637, "log10_subsample": -0.4715465961671035, "max_depth": 4.0, "num_boost_round": 38.0}, "datetime": {"datetime": "2024-01-19 01:52:04", "elapsed": 6025.847854, "delta": 0.006012}}
{"target": -13.75852102297193, "params": {"gamma": 933.1095189707323, "log10_alpha": -0.631252015118501, "log10_colsample_bytree": -0.6321611679863569, "log10_eta": -3.799996724471899, "log10_lambda": -4.190125886136384, "log10_min_child_weight": 4.496038792075637, "log10_subsample": -0.4715465961671035, "max_depth": 4.0, "num_boost_round": 39.0}, "datetime": {"datetime": "2024-01-19 01:52:04", "elapsed": 6025.85397, "delta": 0.006116}}
{"target": -13.758520086001935, "params": {"gamma": 933.1095189707323, "log10_alpha": -0.631252015118501, "log10_colsample_bytree": -0.6321611679863569, "log10_eta": -3.799996724471899, "log10_lambda": -4.190125886136384, "log10_min_child_weight": 4.496038792075637, "log10_subsample": -0.4715465961671035, "max_depth": 4.0, "num_boost_round": 40.0}, "datetime": {"datetime": "2024-01-19 01:52:04", "elapsed": 6025.860017, "delta": 0.006047}}
{"target": -13.758518828176129, "params": {"gamma": 933.1095189707323, "log10_alpha": -0.631252015118501, "log10_colsample_bytree": -0.6321611679863569, "log10_eta": -3.799996724471899, "log10_lambda": -4.190125886136384, "log10_min_child_weight": 4.496038792075637, "log10_subsample": -0.4715465961671035, "max_depth": 4.0, "num_boost_round": 41.0}, "datetime": {"datetime": "2024-01-19 01:52:04", "elapsed": 6025.866119, "delta": 0.006102}}
{"target": -13.758518541627325, "params": {"gamma": 933.1095189707323, "log10_alpha": -0.631252015118501, "log10_colsample_bytree": -0.6321611679863569, "log10_eta": -3.799996724471899, "log10_lambda": -4.190125886136384, "log10_min_child_weight": 4.496038792075637, "log10_subsample": -0.4715465961671035, "max_depth": 4.0, "num_boost_round": 42.0}, "datetime": {"datetime": "2024-01-19 01:52:04", "elapsed": 6025.872231, "delta": 0.006112}}
{"target": -13.758517572921669, "params": {"gamma": 933.1095189707323, "log10_alpha": -0.631252015118501, "log10_colsample_bytree": -0.6321611679863569, "log10_eta": -3.799996724471899, "log10_lambda": -4.190125886136384, "log10_min_child_weight": 4.496038792075637, "log10_subsample": -0.4715465961671035, "max_depth": 4.0, "num_boost_round": 43.0}, "datetime": {"datetime": "2024-01-19 01:52:04", "elapsed": 6025.878844, "delta": 0.006613}}
{"target": -13.758516143880714, "params": {"gamma": 933.1095189707323, "log10_alpha": -0.631252015118501, "log10_colsample_bytree": -0.6321611679863569, "log10_eta": -3.799996724471899, "log10_lambda": -4.190125886136384, "log10_min_child_weight": 4.496038792075637, "log10_subsample": -0.4715465961671035, "max_depth": 4.0, "num_boost_round": 44.0}, "datetime": {"datetime": "2024-01-19 01:52:04", "elapsed": 6025.884978, "delta": 0.006134}}
{"target": -13.758515675033777, "params": {"gamma": 933.1095189707323, "log10_alpha": -0.631252015118501, "log10_colsample_bytree": -0.6321611679863569, "log10_eta": -3.799996724471899, "log10_lambda": -4.190125886136384, "log10_min_child_weight": 4.496038792075637, "log10_subsample": -0.4715465961671035, "max_depth": 4.0, "num_boost_round": 45.0}, "datetime": {"datetime": "2024-01-19 01:52:04", "elapsed": 6025.891251, "delta": 0.006273}}
