{"target": -17.67751969181749, "params": {"gamma": 454.54593233959986, "log10_alpha": -0.3777437869470255, "log10_colsample_bytree": -0.43063951515512644, "log10_eta": -1.9172982691860243, "log10_lambda": -2.2072338903723896, "log10_min_child_weight": 3.8701022202557533, "log10_subsample": -0.5661703068716875, "max_depth": 2.0, "num_boost_round": 15.0}, "datetime": {"datetime": "2024-01-19 03:04:48", "elapsed": 10393.200069, "delta": 0.005404}}
{"target": -17.677548552866284, "params": {"gamma": 454.54593233959986, "log10_alpha": -0.3777437869470255, "log10_colsample_bytree": -0.43063951515512644, "log10_eta": -1.9172982691860243, "log10_lambda": -2.2072338903723896, "log10_min_child_weight": 3.8701022202557533, "log10_subsample": -0.5661703068716875, "max_depth": 2.0, "num_boost_round": 16.0}, "datetime": {"datetime": "2024-01-19 03:04:48", "elapsed": 10393.205579, "delta": 0.00551}}
{"target": -17.6776164311288, "params": {"gamma": 454.54593233959986, "log10_alpha": -0.3777437869470255, "log10_colsample_bytree": -0.43063951515512644, "log10_eta": -1.9172982691860243, "log10_lambda": -2.2072338903723896, "log10_min_child_weight": 3.8701022202557533, "log10_subsample": -0.5661703068716875, "max_depth": 2.0, "num_boost_round": 17.0}, "datetime": {"datetime": "2024-01-19 03:04:48", "elapsed": 10393.211245, "delta": 0.005666}}
{"target": -17.6775648002338, "params": {"gamma": 454.54593233959986, "log10_alpha": -0.3777437869470255, "log10_colsample_bytree": -0.43063951515512644, "log10_eta": -1.9172982691860243, "log10_lambda": -2.2072338903723896, "log10_min_child_weight": 3.8701022202557533, "log10_subsample": -0.5661703068716875, "max_depth": 2.0, "num_boost_round": 18.0}, "datetime": {"datetime": "2024-01-19 03:04:48", "elapsed": 10393.21719, "delta": 0.005945}}
{"target": -17.67739932474962, "params": {"gamma": 454.54593233959986, "log10_alpha": -0.3777437869470255, "log10_colsample_bytree": -0.43063951515512644, "log10_eta": -1.9172982691860243, "log10_lambda": -2.2072338903723896, "log10_min_child_weight": 3.8701022202557533, "log10_subsample": -0.5661703068716875, "max_depth": 2.0, "num_boost_round": 19.0}, "datetime": {"datetime": "2024-01-19 03:04:48", "elapsed": 10393.222681, "delta": 0.005491}}
{"target": -17.677293941382885, "params": {"gamma": 454.54593233959986, "log10_alpha": -0.3777437869470255, "log10_colsample_bytree": -0.43063951515512644, "log10_eta": -1.9172982691860243, "log10_lambda": -2.2072338903723896, "log10_min_child_weight": 3.8701022202557533, "log10_subsample": -0.5661703068716875, "max_depth": 2.0, "num_boost_round": 20.0}, "datetime": {"datetime": "2024-01-19 03:04:48", "elapsed": 10393.228167, "delta": 0.005486}}
{"target": -17.67718236162682, "params": {"gamma": 454.54593233959986, "log10_alpha": -0.3777437869470255, "log10_colsample_bytree": -0.43063951515512644, "log10_eta": -1.9172982691860243, "log10_lambda": -2.2072338903723896, "log10_min_child_weight": 3.8701022202557533, "log10_subsample": -0.5661703068716875, "max_depth": 2.0, "num_boost_round": 21.0}, "datetime": {"datetime": "2024-01-19 03:04:48", "elapsed": 10393.233517, "delta": 0.00535}}
{"target": -17.677040636665854, "params": {"gamma": 454.54593233959986, "log10_alpha": -0.3777437869470255, "log10_colsample_bytree": -0.43063951515512644, "log10_eta": -1.9172982691860243, "log10_lambda": -2.2072338903723896, "log10_min_child_weight": 3.8701022202557533, "log10_subsample": -0.5661703068716875, "max_depth": 2.0, "num_boost_round": 22.0}, "datetime": {"datetime": "2024-01-19 03:04:48", "elapsed": 10393.238925, "delta": 0.005408}}
{"target": -17.67690230804454, "params": {"gamma": 454.54593233959986, "log10_alpha": -0.3777437869470255, "log10_colsample_bytree": -0.43063951515512644, "log10_eta": -1.9172982691860243, "log10_lambda": -2.2072338903723896, "log10_min_child_weight": 3.8701022202557533, "log10_subsample": -0.5661703068716875, "max_depth": 2.0, "num_boost_round": 23.0}, "datetime": {"datetime": "2024-01-19 03:04:48", "elapsed": 10393.244302, "delta": 0.005377}}
{"target": -17.677018805757204, "params": {"gamma": 454.54593233959986, "log10_alpha": -0.3777437869470255, "log10_colsample_bytree": -0.43063951515512644, "log10_eta": -1.9172982691860243, "log10_lambda": -2.2072338903723896, "log10_min_child_weight": 3.8701022202557533, "log10_subsample": -0.5661703068716875, "max_depth": 2.0, "num_boost_round": 24.0}, "datetime": {"datetime": "2024-01-19 03:04:48", "elapsed": 10393.249767, "delta": 0.005465}}
{"target": -17.676941194497225, "params": {"gamma": 454.54593233959986, "log10_alpha": -0.3777437869470255, "log10_colsample_bytree": -0.43063951515512644, "log10_eta": -1.9172982691860243, "log10_lambda": -2.2072338903723896, "log10_min_child_weight": 3.8701022202557533, "log10_subsample": -0.5661703068716875, "max_depth": 2.0, "num_boost_round": 25.0}, "datetime": {"datetime": "2024-01-19 03:04:48", "elapsed": 10393.25522, "delta": 0.005453}}
{"target": -17.677180051257707, "params": {"gamma": 454.54593233959986, "log10_alpha": -0.3777437869470255, "log10_colsample_bytree": -0.43063951515512644, "log10_eta": -1.9172982691860243, "log10_lambda": -2.2072338903723896, "log10_min_child_weight": 3.8701022202557533, "log10_subsample": -0.5661703068716875, "max_depth": 2.0, "num_boost_round": 26.0}, "datetime": {"datetime": "2024-01-19 03:04:48", "elapsed": 10393.260723, "delta": 0.005503}}
{"target": -17.67702903227318, "params": {"gamma": 454.54593233959986, "log10_alpha": -0.3777437869470255, "log10_colsample_bytree": -0.43063951515512644, "log10_eta": -1.9172982691860243, "log10_lambda": -2.2072338903723896, "log10_min_child_weight": 3.8701022202557533, "log10_subsample": -0.5661703068716875, "max_depth": 2.0, "num_boost_round": 27.0}, "datetime": {"datetime": "2024-01-19 03:04:48", "elapsed": 10393.266198, "delta": 0.005475}}
{"target": -17.676934402624642, "params": {"gamma": 454.54593233959986, "log10_alpha": -0.3777437869470255, "log10_colsample_bytree": -0.43063951515512644, "log10_eta": -1.9172982691860243, "log10_lambda": -2.2072338903723896, "log10_min_child_weight": 3.8701022202557533, "log10_subsample": -0.5661703068716875, "max_depth": 2.0, "num_boost_round": 28.0}, "datetime": {"datetime": "2024-01-19 03:04:48", "elapsed": 10393.271805, "delta": 0.005607}}
{"target": -17.67687639406162, "params": {"gamma": 454.54593233959986, "log10_alpha": -0.3777437869470255, "log10_colsample_bytree": -0.43063951515512644, "log10_eta": -1.9172982691860243, "log10_lambda": -2.2072338903723896, "log10_min_child_weight": 3.8701022202557533, "log10_subsample": -0.5661703068716875, "max_depth": 2.0, "num_boost_round": 29.0}, "datetime": {"datetime": "2024-01-19 03:04:48", "elapsed": 10393.277441, "delta": 0.005636}}
{"target": -17.676888904654707, "params": {"gamma": 454.54593233959986, "log10_alpha": -0.3777437869470255, "log10_colsample_bytree": -0.43063951515512644, "log10_eta": -1.9172982691860243, "log10_lambda": -2.2072338903723896, "log10_min_child_weight": 3.8701022202557533, "log10_subsample": -0.5661703068716875, "max_depth": 2.0, "num_boost_round": 30.0}, "datetime": {"datetime": "2024-01-19 03:04:48", "elapsed": 10393.283292, "delta": 0.005851}}
{"target": -17.676920357494083, "params": {"gamma": 454.54593233959986, "log10_alpha": -0.3777437869470255, "log10_colsample_bytree": -0.43063951515512644, "log10_eta": -1.9172982691860243, "log10_lambda": -2.2072338903723896, "log10_min_child_weight": 3.8701022202557533, "log10_subsample": -0.5661703068716875, "max_depth": 2.0, "num_boost_round": 31.0}, "datetime": {"datetime": "2024-01-19 03:04:48", "elapsed": 10393.288682, "delta": 0.00539}}
{"target": -17.677058470703543, "params": {"gamma": 454.54593233959986, "log10_alpha": -0.3777437869470255, "log10_colsample_bytree": -0.43063951515512644, "log10_eta": -1.9172982691860243, "log10_lambda": -2.2072338903723896, "log10_min_child_weight": 3.8701022202557533, "log10_subsample": -0.5661703068716875, "max_depth": 2.0, "num_boost_round": 32.0}, "datetime": {"datetime": "2024-01-19 03:04:48", "elapsed": 10393.294151, "delta": 0.005469}}
{"target": -17.67718186840831, "params": {"gamma": 454.54593233959986, "log10_alpha": -0.3777437869470255, "log10_colsample_bytree": -0.43063951515512644, "log10_eta": -1.9172982691860243, "log10_lambda": -2.2072338903723896, "log10_min_child_weight": 3.8701022202557533, "log10_subsample": -0.5661703068716875, "max_depth": 2.0, "num_boost_round": 33.0}, "datetime": {"datetime": "2024-01-19 03:04:48", "elapsed": 10393.299595, "delta": 0.005444}}
{"target": -17.677335769917935, "params": {"gamma": 454.54593233959986, "log10_alpha": -0.3777437869470255, "log10_colsample_bytree": -0.43063951515512644, "log10_eta": -1.9172982691860243, "log10_lambda": -2.2072338903723896, "log10_min_child_weight": 3.8701022202557533, "log10_subsample": -0.5661703068716875, "max_depth": 2.0, "num_boost_round": 34.0}, "datetime": {"datetime": "2024-01-19 03:04:48", "elapsed": 10393.305089, "delta": 0.005494}}
{"target": -17.677374124061934, "params": {"gamma": 454.54593233959986, "log10_alpha": -0.3777437869470255, "log10_colsample_bytree": -0.43063951515512644, "log10_eta": -1.9172982691860243, "log10_lambda": -2.2072338903723896, "log10_min_child_weight": 3.8701022202557533, "log10_subsample": -0.5661703068716875, "max_depth": 2.0, "num_boost_round": 35.0}, "datetime": {"datetime": "2024-01-19 03:04:48", "elapsed": 10393.310512, "delta": 0.005423}}
{"target": -17.677618853986246, "params": {"gamma": 454.54593233959986, "log10_alpha": -0.3777437869470255, "log10_colsample_bytree": -0.43063951515512644, "log10_eta": -1.9172982691860243, "log10_lambda": -2.2072338903723896, "log10_min_child_weight": 3.8701022202557533, "log10_subsample": -0.5661703068716875, "max_depth": 2.0, "num_boost_round": 36.0}, "datetime": {"datetime": "2024-01-19 03:04:48", "elapsed": 10393.315988, "delta": 0.005476}}
{"target": -17.6777557865087, "params": {"gamma": 454.54593233959986, "log10_alpha": -0.3777437869470255, "log10_colsample_bytree": -0.43063951515512644, "log10_eta": -1.9172982691860243, "log10_lambda": -2.2072338903723896, "log10_min_child_weight": 3.8701022202557533, "log10_subsample": -0.5661703068716875, "max_depth": 2.0, "num_boost_round": 37.0}, "datetime": {"datetime": "2024-01-19 03:04:48", "elapsed": 10393.321408, "delta": 0.00542}}
{"target": -17.677713661721842, "params": {"gamma": 454.54593233959986, "log10_alpha": -0.3777437869470255, "log10_colsample_bytree": -0.43063951515512644, "log10_eta": -1.9172982691860243, "log10_lambda": -2.2072338903723896, "log10_min_child_weight": 3.8701022202557533, "log10_subsample": -0.5661703068716875, "max_depth": 2.0, "num_boost_round": 38.0}, "datetime": {"datetime": "2024-01-19 03:04:48", "elapsed": 10393.326889, "delta": 0.005481}}
{"target": -17.677674294135553, "params": {"gamma": 454.54593233959986, "log10_alpha": -0.3777437869470255, "log10_colsample_bytree": -0.43063951515512644, "log10_eta": -1.9172982691860243, "log10_lambda": -2.2072338903723896, "log10_min_child_weight": 3.8701022202557533, "log10_subsample": -0.5661703068716875, "max_depth": 2.0, "num_boost_round": 39.0}, "datetime": {"datetime": "2024-01-19 03:04:48", "elapsed": 10393.332371, "delta": 0.005482}}
{"target": -17.677712254497884, "params": {"gamma": 454.54593233959986, "log10_alpha": -0.3777437869470255, "log10_colsample_bytree": -0.43063951515512644, "log10_eta": -1.9172982691860243, "log10_lambda": -2.2072338903723896, "log10_min_child_weight": 3.8701022202557533, "log10_subsample": -0.5661703068716875, "max_depth": 2.0, "num_boost_round": 40.0}, "datetime": {"datetime": "2024-01-19 03:04:48", "elapsed": 10393.338003, "delta": 0.005632}}
{"target": -17.67787646279389, "params": {"gamma": 454.54593233959986, "log10_alpha": -0.3777437869470255, "log10_colsample_bytree": -0.43063951515512644, "log10_eta": -1.9172982691860243, "log10_lambda": -2.2072338903723896, "log10_min_child_weight": 3.8701022202557533, "log10_subsample": -0.5661703068716875, "max_depth": 2.0, "num_boost_round": 41.0}, "datetime": {"datetime": "2024-01-19 03:04:48", "elapsed": 10393.343747, "delta": 0.005744}}
{"target": -17.67802733629098, "params": {"gamma": 454.54593233959986, "log10_alpha": -0.3777437869470255, "log10_colsample_bytree": -0.43063951515512644, "log10_eta": -1.9172982691860243, "log10_lambda": -2.2072338903723896, "log10_min_child_weight": 3.8701022202557533, "log10_subsample": -0.5661703068716875, "max_depth": 2.0, "num_boost_round": 42.0}, "datetime": {"datetime": "2024-01-19 03:04:48", "elapsed": 10393.349587, "delta": 0.00584}}
{"target": -17.678176179905176, "params": {"gamma": 454.54593233959986, "log10_alpha": -0.3777437869470255, "log10_colsample_bytree": -0.43063951515512644, "log10_eta": -1.9172982691860243, "log10_lambda": -2.2072338903723896, "log10_min_child_weight": 3.8701022202557533, "log10_subsample": -0.5661703068716875, "max_depth": 2.0, "num_boost_round": 43.0}, "datetime": {"datetime": "2024-01-19 03:04:48", "elapsed": 10393.354974, "delta": 0.005387}}
{"target": -17.67838786185022, "params": {"gamma": 454.54593233959986, "log10_alpha": -0.3777437869470255, "log10_colsample_bytree": -0.43063951515512644, "log10_eta": -1.9172982691860243, "log10_lambda": -2.2072338903723896, "log10_min_child_weight": 3.8701022202557533, "log10_subsample": -0.5661703068716875, "max_depth": 2.0, "num_boost_round": 44.0}, "datetime": {"datetime": "2024-01-19 03:04:48", "elapsed": 10393.361462, "delta": 0.006488}}
{"target": -17.678338798117764, "params": {"gamma": 454.54593233959986, "log10_alpha": -0.3777437869470255, "log10_colsample_bytree": -0.43063951515512644, "log10_eta": -1.9172982691860243, "log10_lambda": -2.2072338903723896, "log10_min_child_weight": 3.8701022202557533, "log10_subsample": -0.5661703068716875, "max_depth": 2.0, "num_boost_round": 45.0}, "datetime": {"datetime": "2024-01-19 03:04:48", "elapsed": 10393.367012, "delta": 0.00555}}
{"target": -17.678499335666913, "params": {"gamma": 454.54593233959986, "log10_alpha": -0.3777437869470255, "log10_colsample_bytree": -0.43063951515512644, "log10_eta": -1.9172982691860243, "log10_lambda": -2.2072338903723896, "log10_min_child_weight": 3.8701022202557533, "log10_subsample": -0.5661703068716875, "max_depth": 2.0, "num_boost_round": 46.0}, "datetime": {"datetime": "2024-01-19 03:04:48", "elapsed": 10393.372675, "delta": 0.005663}}
{"target": -17.677228640732473, "params": {"gamma": 447.338235580685, "log10_alpha": 1.0, "log10_colsample_bytree": 0.0, "log10_eta": -4.0, "log10_lambda": 0.7027440212119991, "log10_min_child_weight": 2.176084091690225, "log10_subsample": -1.0, "max_depth": 4.0, "num_boost_round": 0.0}, "datetime": {"datetime": "2024-01-19 03:07:26", "elapsed": 10550.89125, "delta": 157.518575}}
{"target": -17.677224733300097, "params": {"gamma": 447.338235580685, "log10_alpha": 1.0, "log10_colsample_bytree": 0.0, "log10_eta": -4.0, "log10_lambda": 0.7027440212119991, "log10_min_child_weight": 2.176084091690225, "log10_subsample": -1.0, "max_depth": 4.0, "num_boost_round": 1.0}, "datetime": {"datetime": "2024-01-19 03:07:26", "elapsed": 10550.897531, "delta": 0.006281}}
{"target": -17.677223220809264, "params": {"gamma": 447.338235580685, "log10_alpha": 1.0, "log10_colsample_bytree": 0.0, "log10_eta": -4.0, "log10_lambda": 0.7027440212119991, "log10_min_child_weight": 2.176084091690225, "log10_subsample": -1.0, "max_depth": 4.0, "num_boost_round": 2.0}, "datetime": {"datetime": "2024-01-19 03:07:26", "elapsed": 10550.903051, "delta": 0.00552}}
{"target": -17.677217560251467, "params": {"gamma": 447.338235580685, "log10_alpha": 1.0, "log10_colsample_bytree": 0.0, "log10_eta": -4.0, "log10_lambda": 0.7027440212119991, "log10_min_child_weight": 2.176084091690225, "log10_subsample": -1.0, "max_depth": 4.0, "num_boost_round": 3.0}, "datetime": {"datetime": "2024-01-19 03:07:26", "elapsed": 10550.908411, "delta": 0.00536}}
{"target": -17.67721217675181, "params": {"gamma": 447.338235580685, "log10_alpha": 1.0, "log10_colsample_bytree": 0.0, "log10_eta": -4.0, "log10_lambda": 0.7027440212119991, "log10_min_child_weight": 2.176084091690225, "log10_subsample": -1.0, "max_depth": 4.0, "num_boost_round": 4.0}, "datetime": {"datetime": "2024-01-19 03:07:26", "elapsed": 10550.91386, "delta": 0.005449}}
{"target": -17.677210631742494, "params": {"gamma": 447.338235580685, "log10_alpha": 1.0, "log10_colsample_bytree": 0.0, "log10_eta": -4.0, "log10_lambda": 0.7027440212119991, "log10_min_child_weight": 2.176084091690225, "log10_subsample": -1.0, "max_depth": 4.0, "num_boost_round": 5.0}, "datetime": {"datetime": "2024-01-19 03:07:26", "elapsed": 10550.919228, "delta": 0.005368}}
{"target": -17.677205698159685, "params": {"gamma": 447.338235580685, "log10_alpha": 1.0, "log10_colsample_bytree": 0.0, "log10_eta": -4.0, "log10_lambda": 0.7027440212119991, "log10_min_child_weight": 2.176084091690225, "log10_subsample": -1.0, "max_depth": 4.0, "num_boost_round": 6.0}, "datetime": {"datetime": "2024-01-19 03:07:26", "elapsed": 10550.924619, "delta": 0.005391}}
{"target": -17.67720099332267, "params": {"gamma": 447.338235580685, "log10_alpha": 1.0, "log10_colsample_bytree": 0.0, "log10_eta": -4.0, "log10_lambda": 0.7027440212119991, "log10_min_child_weight": 2.176084091690225, "log10_subsample": -1.0, "max_depth": 4.0, "num_boost_round": 7.0}, "datetime": {"datetime": "2024-01-19 03:07:26", "elapsed": 10550.930005, "delta": 0.005386}}
{"target": -17.67719513186009, "params": {"gamma": 447.338235580685, "log10_alpha": 1.0, "log10_colsample_bytree": 0.0, "log10_eta": -4.0, "log10_lambda": 0.7027440212119991, "log10_min_child_weight": 2.176084091690225, "log10_subsample": -1.0, "max_depth": 4.0, "num_boost_round": 8.0}, "datetime": {"datetime": "2024-01-19 03:07:26", "elapsed": 10550.935485, "delta": 0.00548}}
{"target": -17.67719146039032, "params": {"gamma": 447.338235580685, "log10_alpha": 1.0, "log10_colsample_bytree": 0.0, "log10_eta": -4.0, "log10_lambda": 0.7027440212119991, "log10_min_child_weight": 2.176084091690225, "log10_subsample": -1.0, "max_depth": 4.0, "num_boost_round": 9.0}, "datetime": {"datetime": "2024-01-19 03:07:26", "elapsed": 10550.940938, "delta": 0.005453}}
{"target": -17.67719007007497, "params": {"gamma": 447.338235580685, "log10_alpha": 1.0, "log10_colsample_bytree": 0.0, "log10_eta": -4.0, "log10_lambda": 0.7027440212119991, "log10_min_child_weight": 2.176084091690225, "log10_subsample": -1.0, "max_depth": 4.0, "num_boost_round": 10.0}, "datetime": {"datetime": "2024-01-19 03:07:26", "elapsed": 10550.946454, "delta": 0.005516}}
{"target": -17.677188834854217, "params": {"gamma": 447.338235580685, "log10_alpha": 1.0, "log10_colsample_bytree": 0.0, "log10_eta": -4.0, "log10_lambda": 0.7027440212119991, "log10_min_child_weight": 2.176084091690225, "log10_subsample": -1.0, "max_depth": 4.0, "num_boost_round": 11.0}, "datetime": {"datetime": "2024-01-19 03:07:26", "elapsed": 10550.952148, "delta": 0.005694}}
{"target": -17.67718696943527, "params": {"gamma": 447.338235580685, "log10_alpha": 1.0, "log10_colsample_bytree": 0.0, "log10_eta": -4.0, "log10_lambda": 0.7027440212119991, "log10_min_child_weight": 2.176084091690225, "log10_subsample": -1.0, "max_depth": 4.0, "num_boost_round": 12.0}, "datetime": {"datetime": "2024-01-19 03:07:26", "elapsed": 10550.958569, "delta": 0.006421}}
{"target": -17.677183512839722, "params": {"gamma": 447.338235580685, "log10_alpha": 1.0, "log10_colsample_bytree": 0.0, "log10_eta": -4.0, "log10_lambda": 0.7027440212119991, "log10_min_child_weight": 2.176084091690225, "log10_subsample": -1.0, "max_depth": 4.0, "num_boost_round": 13.0}, "datetime": {"datetime": "2024-01-19 03:07:26", "elapsed": 10550.964528, "delta": 0.005959}}
{"target": -17.67717935514825, "params": {"gamma": 447.338235580685, "log10_alpha": 1.0, "log10_colsample_bytree": 0.0, "log10_eta": -4.0, "log10_lambda": 0.7027440212119991, "log10_min_child_weight": 2.176084091690225, "log10_subsample": -1.0, "max_depth": 4.0, "num_boost_round": 14.0}, "datetime": {"datetime": "2024-01-19 03:07:26", "elapsed": 10550.969862, "delta": 0.005334}}
{"target": -17.677176067806023, "params": {"gamma": 447.338235580685, "log10_alpha": 1.0, "log10_colsample_bytree": 0.0, "log10_eta": -4.0, "log10_lambda": 0.7027440212119991, "log10_min_child_weight": 2.176084091690225, "log10_subsample": -1.0, "max_depth": 4.0, "num_boost_round": 15.0}, "datetime": {"datetime": "2024-01-19 03:07:26", "elapsed": 10550.975461, "delta": 0.005599}}
{"target": -17.677169597143394, "params": {"gamma": 447.338235580685, "log10_alpha": 1.0, "log10_colsample_bytree": 0.0, "log10_eta": -4.0, "log10_lambda": 0.7027440212119991, "log10_min_child_weight": 2.176084091690225, "log10_subsample": -1.0, "max_depth": 4.0, "num_boost_round": 16.0}, "datetime": {"datetime": "2024-01-19 03:07:26", "elapsed": 10550.98096, "delta": 0.005499}}
{"target": -17.67716400821368, "params": {"gamma": 447.338235580685, "log10_alpha": 1.0, "log10_colsample_bytree": 0.0, "log10_eta": -4.0, "log10_lambda": 0.7027440212119991, "log10_min_child_weight": 2.176084091690225, "log10_subsample": -1.0, "max_depth": 4.0, "num_boost_round": 17.0}, "datetime": {"datetime": "2024-01-19 03:07:26", "elapsed": 10550.986579, "delta": 0.005619}}
{"target": -17.677161223537535, "params": {"gamma": 447.338235580685, "log10_alpha": 1.0, "log10_colsample_bytree": 0.0, "log10_eta": -4.0, "log10_lambda": 0.7027440212119991, "log10_min_child_weight": 2.176084091690225, "log10_subsample": -1.0, "max_depth": 4.0, "num_boost_round": 18.0}, "datetime": {"datetime": "2024-01-19 03:07:26", "elapsed": 10550.992071, "delta": 0.005492}}
