{"target": -13.763748147719115, "params": {"gamma": 709.8046306934382, "log10_alpha": -3.834374292391061, "log10_colsample_bytree": -0.24569095778292482, "log10_eta": -1.9476650753104439, "log10_lambda": 0.622958767718508, "log10_min_child_weight": 0.2800318183826267, "log10_subsample": -0.4757808313988512, "max_depth": 7.0, "num_boost_round": 33.0}, "datetime": {"datetime": "2024-01-19 01:25:24", "elapsed": 4423.566078, "delta": 0.00476}}
{"target": -13.763944886929378, "params": {"gamma": 709.8046306934382, "log10_alpha": -3.834374292391061, "log10_colsample_bytree": -0.24569095778292482, "log10_eta": -1.9476650753104439, "log10_lambda": 0.622958767718508, "log10_min_child_weight": 0.2800318183826267, "log10_subsample": -0.4757808313988512, "max_depth": 7.0, "num_boost_round": 34.0}, "datetime": {"datetime": "2024-01-19 01:25:24", "elapsed": 4423.570769, "delta": 0.004691}}
{"target": -13.764223920255326, "params": {"gamma": 709.8046306934382, "log10_alpha": -3.834374292391061, "log10_colsample_bytree": -0.24569095778292482, "log10_eta": -1.9476650753104439, "log10_lambda": 0.622958767718508, "log10_min_child_weight": 0.2800318183826267, "log10_subsample": -0.4757808313988512, "max_depth": 7.0, "num_boost_round": 35.0}, "datetime": {"datetime": "2024-01-19 01:25:24", "elapsed": 4423.575716, "delta": 0.004947}}
{"target": -13.764411388579623, "params": {"gamma": 709.8046306934382, "log10_alpha": -3.834374292391061, "log10_colsample_bytree": -0.24569095778292482, "log10_eta": -1.9476650753104439, "log10_lambda": 0.622958767718508, "log10_min_child_weight": 0.2800318183826267, "log10_subsample": -0.4757808313988512, "max_depth": 7.0, "num_boost_round": 36.0}, "datetime": {"datetime": "2024-01-19 01:25:24", "elapsed": 4423.580347, "delta": 0.004631}}
{"target": -13.765354703418764, "params": {"gamma": 709.8046306934382, "log10_alpha": -3.834374292391061, "log10_colsample_bytree": -0.24569095778292482, "log10_eta": -1.9476650753104439, "log10_lambda": 0.622958767718508, "log10_min_child_weight": 0.2800318183826267, "log10_subsample": -0.4757808313988512, "max_depth": 7.0, "num_boost_round": 37.0}, "datetime": {"datetime": "2024-01-19 01:25:24", "elapsed": 4423.585006, "delta": 0.004659}}
{"target": -13.766131658797379, "params": {"gamma": 709.8046306934382, "log10_alpha": -3.834374292391061, "log10_colsample_bytree": -0.24569095778292482, "log10_eta": -1.9476650753104439, "log10_lambda": 0.622958767718508, "log10_min_child_weight": 0.2800318183826267, "log10_subsample": -0.4757808313988512, "max_depth": 7.0, "num_boost_round": 38.0}, "datetime": {"datetime": "2024-01-19 01:25:24", "elapsed": 4423.58975, "delta": 0.004744}}
{"target": -13.766664076281156, "params": {"gamma": 709.8046306934382, "log10_alpha": -3.834374292391061, "log10_colsample_bytree": -0.24569095778292482, "log10_eta": -1.9476650753104439, "log10_lambda": 0.622958767718508, "log10_min_child_weight": 0.2800318183826267, "log10_subsample": -0.4757808313988512, "max_depth": 7.0, "num_boost_round": 39.0}, "datetime": {"datetime": "2024-01-19 01:25:24", "elapsed": 4423.594796, "delta": 0.005046}}
{"target": -13.767231889925913, "params": {"gamma": 709.8046306934382, "log10_alpha": -3.834374292391061, "log10_colsample_bytree": -0.24569095778292482, "log10_eta": -1.9476650753104439, "log10_lambda": 0.622958767718508, "log10_min_child_weight": 0.2800318183826267, "log10_subsample": -0.4757808313988512, "max_depth": 7.0, "num_boost_round": 40.0}, "datetime": {"datetime": "2024-01-19 01:25:24", "elapsed": 4423.599447, "delta": 0.004651}}
{"target": -13.76742596292137, "params": {"gamma": 709.8046306934382, "log10_alpha": -3.834374292391061, "log10_colsample_bytree": -0.24569095778292482, "log10_eta": -1.9476650753104439, "log10_lambda": 0.622958767718508, "log10_min_child_weight": 0.2800318183826267, "log10_subsample": -0.4757808313988512, "max_depth": 7.0, "num_boost_round": 41.0}, "datetime": {"datetime": "2024-01-19 01:25:24", "elapsed": 4423.604077, "delta": 0.00463}}
{"target": -13.767304721887617, "params": {"gamma": 709.8046306934382, "log10_alpha": -3.834374292391061, "log10_colsample_bytree": -0.24569095778292482, "log10_eta": -1.9476650753104439, "log10_lambda": 0.622958767718508, "log10_min_child_weight": 0.2800318183826267, "log10_subsample": -0.4757808313988512, "max_depth": 7.0, "num_boost_round": 42.0}, "datetime": {"datetime": "2024-01-19 01:25:24", "elapsed": 4423.608688, "delta": 0.004611}}
{"target": -13.767309889961965, "params": {"gamma": 709.8046306934382, "log10_alpha": -3.834374292391061, "log10_colsample_bytree": -0.24569095778292482, "log10_eta": -1.9476650753104439, "log10_lambda": 0.622958767718508, "log10_min_child_weight": 0.2800318183826267, "log10_subsample": -0.4757808313988512, "max_depth": 7.0, "num_boost_round": 43.0}, "datetime": {"datetime": "2024-01-19 01:25:24", "elapsed": 4423.613538, "delta": 0.00485}}
{"target": -13.767635907422735, "params": {"gamma": 709.8046306934382, "log10_alpha": -3.834374292391061, "log10_colsample_bytree": -0.24569095778292482, "log10_eta": -1.9476650753104439, "log10_lambda": 0.622958767718508, "log10_min_child_weight": 0.2800318183826267, "log10_subsample": -0.4757808313988512, "max_depth": 7.0, "num_boost_round": 44.0}, "datetime": {"datetime": "2024-01-19 01:25:24", "elapsed": 4423.619012, "delta": 0.005474}}
{"target": -13.76832728847809, "params": {"gamma": 709.8046306934382, "log10_alpha": -3.834374292391061, "log10_colsample_bytree": -0.24569095778292482, "log10_eta": -1.9476650753104439, "log10_lambda": 0.622958767718508, "log10_min_child_weight": 0.2800318183826267, "log10_subsample": -0.4757808313988512, "max_depth": 7.0, "num_boost_round": 45.0}, "datetime": {"datetime": "2024-01-19 01:25:24", "elapsed": 4423.624013, "delta": 0.005001}}
{"target": -13.769294902465138, "params": {"gamma": 709.8046306934382, "log10_alpha": -3.834374292391061, "log10_colsample_bytree": -0.24569095778292482, "log10_eta": -1.9476650753104439, "log10_lambda": 0.622958767718508, "log10_min_child_weight": 0.2800318183826267, "log10_subsample": -0.4757808313988512, "max_depth": 7.0, "num_boost_round": 46.0}, "datetime": {"datetime": "2024-01-19 01:25:24", "elapsed": 4423.629187, "delta": 0.005174}}
{"target": -13.769975722710548, "params": {"gamma": 709.8046306934382, "log10_alpha": -3.834374292391061, "log10_colsample_bytree": -0.24569095778292482, "log10_eta": -1.9476650753104439, "log10_lambda": 0.622958767718508, "log10_min_child_weight": 0.2800318183826267, "log10_subsample": -0.4757808313988512, "max_depth": 7.0, "num_boost_round": 47.0}, "datetime": {"datetime": "2024-01-19 01:25:24", "elapsed": 4423.634512, "delta": 0.005325}}
{"target": -13.770078931177967, "params": {"gamma": 709.8046306934382, "log10_alpha": -3.834374292391061, "log10_colsample_bytree": -0.24569095778292482, "log10_eta": -1.9476650753104439, "log10_lambda": 0.622958767718508, "log10_min_child_weight": 0.2800318183826267, "log10_subsample": -0.4757808313988512, "max_depth": 7.0, "num_boost_round": 48.0}, "datetime": {"datetime": "2024-01-19 01:25:24", "elapsed": 4423.639932, "delta": 0.00542}}
{"target": -13.770688913064959, "params": {"gamma": 709.8046306934382, "log10_alpha": -3.834374292391061, "log10_colsample_bytree": -0.24569095778292482, "log10_eta": -1.9476650753104439, "log10_lambda": 0.622958767718508, "log10_min_child_weight": 0.2800318183826267, "log10_subsample": -0.4757808313988512, "max_depth": 7.0, "num_boost_round": 49.0}, "datetime": {"datetime": "2024-01-19 01:25:24", "elapsed": 4423.645549, "delta": 0.005617}}
{"target": -13.770863931698157, "params": {"gamma": 709.8046306934382, "log10_alpha": -3.834374292391061, "log10_colsample_bytree": -0.24569095778292482, "log10_eta": -1.9476650753104439, "log10_lambda": 0.622958767718508, "log10_min_child_weight": 0.2800318183826267, "log10_subsample": -0.4757808313988512, "max_depth": 7.0, "num_boost_round": 50.0}, "datetime": {"datetime": "2024-01-19 01:25:24", "elapsed": 4423.650431, "delta": 0.004882}}
{"target": -13.770981130051426, "params": {"gamma": 709.8046306934382, "log10_alpha": -3.834374292391061, "log10_colsample_bytree": -0.24569095778292482, "log10_eta": -1.9476650753104439, "log10_lambda": 0.622958767718508, "log10_min_child_weight": 0.2800318183826267, "log10_subsample": -0.4757808313988512, "max_depth": 7.0, "num_boost_round": 51.0}, "datetime": {"datetime": "2024-01-19 01:25:24", "elapsed": 4423.655472, "delta": 0.005041}}
{"target": -13.7719181131316, "params": {"gamma": 709.8046306934382, "log10_alpha": -3.834374292391061, "log10_colsample_bytree": -0.24569095778292482, "log10_eta": -1.9476650753104439, "log10_lambda": 0.622958767718508, "log10_min_child_weight": 0.2800318183826267, "log10_subsample": -0.4757808313988512, "max_depth": 7.0, "num_boost_round": 52.0}, "datetime": {"datetime": "2024-01-19 01:25:24", "elapsed": 4423.6602, "delta": 0.004728}}
{"target": -13.772427326546099, "params": {"gamma": 709.8046306934382, "log10_alpha": -3.834374292391061, "log10_colsample_bytree": -0.24569095778292482, "log10_eta": -1.9476650753104439, "log10_lambda": 0.622958767718508, "log10_min_child_weight": 0.2800318183826267, "log10_subsample": -0.4757808313988512, "max_depth": 7.0, "num_boost_round": 53.0}, "datetime": {"datetime": "2024-01-19 01:25:24", "elapsed": 4423.664887, "delta": 0.004687}}
{"target": -13.772656054783626, "params": {"gamma": 709.8046306934382, "log10_alpha": -3.834374292391061, "log10_colsample_bytree": -0.24569095778292482, "log10_eta": -1.9476650753104439, "log10_lambda": 0.622958767718508, "log10_min_child_weight": 0.2800318183826267, "log10_subsample": -0.4757808313988512, "max_depth": 7.0, "num_boost_round": 54.0}, "datetime": {"datetime": "2024-01-19 01:25:24", "elapsed": 4423.669621, "delta": 0.004734}}
{"target": -13.773000561492877, "params": {"gamma": 709.8046306934382, "log10_alpha": -3.834374292391061, "log10_colsample_bytree": -0.24569095778292482, "log10_eta": -1.9476650753104439, "log10_lambda": 0.622958767718508, "log10_min_child_weight": 0.2800318183826267, "log10_subsample": -0.4757808313988512, "max_depth": 7.0, "num_boost_round": 55.0}, "datetime": {"datetime": "2024-01-19 01:25:24", "elapsed": 4423.674452, "delta": 0.004831}}
{"target": -13.773808053555298, "params": {"gamma": 709.8046306934382, "log10_alpha": -3.834374292391061, "log10_colsample_bytree": -0.24569095778292482, "log10_eta": -1.9476650753104439, "log10_lambda": 0.622958767718508, "log10_min_child_weight": 0.2800318183826267, "log10_subsample": -0.4757808313988512, "max_depth": 7.0, "num_boost_round": 56.0}, "datetime": {"datetime": "2024-01-19 01:25:24", "elapsed": 4423.679019, "delta": 0.004567}}
{"target": -13.773991385667903, "params": {"gamma": 709.8046306934382, "log10_alpha": -3.834374292391061, "log10_colsample_bytree": -0.24569095778292482, "log10_eta": -1.9476650753104439, "log10_lambda": 0.622958767718508, "log10_min_child_weight": 0.2800318183826267, "log10_subsample": -0.4757808313988512, "max_depth": 7.0, "num_boost_round": 57.0}, "datetime": {"datetime": "2024-01-19 01:25:24", "elapsed": 4423.683703, "delta": 0.004684}}
{"target": -13.774043889606805, "params": {"gamma": 709.8046306934382, "log10_alpha": -3.834374292391061, "log10_colsample_bytree": -0.24569095778292482, "log10_eta": -1.9476650753104439, "log10_lambda": 0.622958767718508, "log10_min_child_weight": 0.2800318183826267, "log10_subsample": -0.4757808313988512, "max_depth": 7.0, "num_boost_round": 58.0}, "datetime": {"datetime": "2024-01-19 01:25:24", "elapsed": 4423.688426, "delta": 0.004723}}
{"target": -13.774193717599955, "params": {"gamma": 709.8046306934382, "log10_alpha": -3.834374292391061, "log10_colsample_bytree": -0.24569095778292482, "log10_eta": -1.9476650753104439, "log10_lambda": 0.622958767718508, "log10_min_child_weight": 0.2800318183826267, "log10_subsample": -0.4757808313988512, "max_depth": 7.0, "num_boost_round": 59.0}, "datetime": {"datetime": "2024-01-19 01:25:24", "elapsed": 4423.693302, "delta": 0.004876}}
{"target": -13.775125137402076, "params": {"gamma": 709.8046306934382, "log10_alpha": -3.834374292391061, "log10_colsample_bytree": -0.24569095778292482, "log10_eta": -1.9476650753104439, "log10_lambda": 0.622958767718508, "log10_min_child_weight": 0.2800318183826267, "log10_subsample": -0.4757808313988512, "max_depth": 7.0, "num_boost_round": 60.0}, "datetime": {"datetime": "2024-01-19 01:25:24", "elapsed": 4423.698006, "delta": 0.004704}}
{"target": -13.77572138531631, "params": {"gamma": 709.8046306934382, "log10_alpha": -3.834374292391061, "log10_colsample_bytree": -0.24569095778292482, "log10_eta": -1.9476650753104439, "log10_lambda": 0.622958767718508, "log10_min_child_weight": 0.2800318183826267, "log10_subsample": -0.4757808313988512, "max_depth": 7.0, "num_boost_round": 61.0}, "datetime": {"datetime": "2024-01-19 01:25:24", "elapsed": 4423.702732, "delta": 0.004726}}
{"target": -13.776199447717417, "params": {"gamma": 709.8046306934382, "log10_alpha": -3.834374292391061, "log10_colsample_bytree": -0.24569095778292482, "log10_eta": -1.9476650753104439, "log10_lambda": 0.622958767718508, "log10_min_child_weight": 0.2800318183826267, "log10_subsample": -0.4757808313988512, "max_depth": 7.0, "num_boost_round": 62.0}, "datetime": {"datetime": "2024-01-19 01:25:24", "elapsed": 4423.707568, "delta": 0.004836}}
{"target": -13.77663760937463, "params": {"gamma": 709.8046306934382, "log10_alpha": -3.834374292391061, "log10_colsample_bytree": -0.24569095778292482, "log10_eta": -1.9476650753104439, "log10_lambda": 0.622958767718508, "log10_min_child_weight": 0.2800318183826267, "log10_subsample": -0.4757808313988512, "max_depth": 7.0, "num_boost_round": 63.0}, "datetime": {"datetime": "2024-01-19 01:25:24", "elapsed": 4423.71246, "delta": 0.004892}}
{"target": -13.777467532680014, "params": {"gamma": 709.8046306934382, "log10_alpha": -3.834374292391061, "log10_colsample_bytree": -0.24569095778292482, "log10_eta": -1.9476650753104439, "log10_lambda": 0.622958767718508, "log10_min_child_weight": 0.2800318183826267, "log10_subsample": -0.4757808313988512, "max_depth": 7.0, "num_boost_round": 64.0}, "datetime": {"datetime": "2024-01-19 01:25:24", "elapsed": 4423.717052, "delta": 0.004592}}
{"target": -13.778173889647759, "params": {"gamma": 709.8046306934382, "log10_alpha": -3.834374292391061, "log10_colsample_bytree": -0.24569095778292482, "log10_eta": -1.9476650753104439, "log10_lambda": 0.622958767718508, "log10_min_child_weight": 0.2800318183826267, "log10_subsample": -0.4757808313988512, "max_depth": 7.0, "num_boost_round": 65.0}, "datetime": {"datetime": "2024-01-19 01:25:24", "elapsed": 4423.721763, "delta": 0.004711}}
{"target": -13.778252455078682, "params": {"gamma": 709.8046306934382, "log10_alpha": -3.834374292391061, "log10_colsample_bytree": -0.24569095778292482, "log10_eta": -1.9476650753104439, "log10_lambda": 0.622958767718508, "log10_min_child_weight": 0.2800318183826267, "log10_subsample": -0.4757808313988512, "max_depth": 7.0, "num_boost_round": 66.0}, "datetime": {"datetime": "2024-01-19 01:25:24", "elapsed": 4423.726489, "delta": 0.004726}}
{"target": -13.779524714731874, "params": {"gamma": 709.8046306934382, "log10_alpha": -3.834374292391061, "log10_colsample_bytree": -0.24569095778292482, "log10_eta": -1.9476650753104439, "log10_lambda": 0.622958767718508, "log10_min_child_weight": 0.2800318183826267, "log10_subsample": -0.4757808313988512, "max_depth": 7.0, "num_boost_round": 67.0}, "datetime": {"datetime": "2024-01-19 01:25:24", "elapsed": 4423.731403, "delta": 0.004914}}
{"target": -13.779845580581364, "params": {"gamma": 709.8046306934382, "log10_alpha": -3.834374292391061, "log10_colsample_bytree": -0.24569095778292482, "log10_eta": -1.9476650753104439, "log10_lambda": 0.622958767718508, "log10_min_child_weight": 0.2800318183826267, "log10_subsample": -0.4757808313988512, "max_depth": 7.0, "num_boost_round": 68.0}, "datetime": {"datetime": "2024-01-19 01:25:24", "elapsed": 4423.736036, "delta": 0.004633}}
{"target": -13.780327327699347, "params": {"gamma": 709.8046306934382, "log10_alpha": -3.834374292391061, "log10_colsample_bytree": -0.24569095778292482, "log10_eta": -1.9476650753104439, "log10_lambda": 0.622958767718508, "log10_min_child_weight": 0.2800318183826267, "log10_subsample": -0.4757808313988512, "max_depth": 7.0, "num_boost_round": 69.0}, "datetime": {"datetime": "2024-01-19 01:25:24", "elapsed": 4423.740663, "delta": 0.004627}}
{"target": -13.780083366842145, "params": {"gamma": 709.8046306934382, "log10_alpha": -3.834374292391061, "log10_colsample_bytree": -0.24569095778292482, "log10_eta": -1.9476650753104439, "log10_lambda": 0.622958767718508, "log10_min_child_weight": 0.2800318183826267, "log10_subsample": -0.4757808313988512, "max_depth": 7.0, "num_boost_round": 70.0}, "datetime": {"datetime": "2024-01-19 01:25:24", "elapsed": 4423.745368, "delta": 0.004705}}
{"target": -13.780260040871335, "params": {"gamma": 709.8046306934382, "log10_alpha": -3.834374292391061, "log10_colsample_bytree": -0.24569095778292482, "log10_eta": -1.9476650753104439, "log10_lambda": 0.622958767718508, "log10_min_child_weight": 0.2800318183826267, "log10_subsample": -0.4757808313988512, "max_depth": 7.0, "num_boost_round": 71.0}, "datetime": {"datetime": "2024-01-19 01:25:24", "elapsed": 4423.750251, "delta": 0.004883}}
{"target": -13.780906439784246, "params": {"gamma": 709.8046306934382, "log10_alpha": -3.834374292391061, "log10_colsample_bytree": -0.24569095778292482, "log10_eta": -1.9476650753104439, "log10_lambda": 0.622958767718508, "log10_min_child_weight": 0.2800318183826267, "log10_subsample": -0.4757808313988512, "max_depth": 7.0, "num_boost_round": 72.0}, "datetime": {"datetime": "2024-01-19 01:25:24", "elapsed": 4423.754926, "delta": 0.004675}}
{"target": -13.75853531429899, "params": {"gamma": 709.5150325892674, "log10_alpha": -1.3465106050009275, "log10_colsample_bytree": -0.32907614345228864, "log10_eta": -3.676536223032071, "log10_lambda": 0.8722518600129785, "log10_min_child_weight": 3.8813680346448316, "log10_subsample": -0.9713682211294317, "max_depth": 8.0, "num_boost_round": 0.0}, "datetime": {"datetime": "2024-01-19 01:26:20", "elapsed": 4479.621626, "delta": 55.8667}}
{"target": -13.758534344187272, "params": {"gamma": 709.5150325892674, "log10_alpha": -1.3465106050009275, "log10_colsample_bytree": -0.32907614345228864, "log10_eta": -3.676536223032071, "log10_lambda": 0.8722518600129785, "log10_min_child_weight": 3.8813680346448316, "log10_subsample": -0.9713682211294317, "max_depth": 8.0, "num_boost_round": 1.0}, "datetime": {"datetime": "2024-01-19 01:26:20", "elapsed": 4479.627303, "delta": 0.005677}}
{"target": -13.75853314491211, "params": {"gamma": 709.5150325892674, "log10_alpha": -1.3465106050009275, "log10_colsample_bytree": -0.32907614345228864, "log10_eta": -3.676536223032071, "log10_lambda": 0.8722518600129785, "log10_min_child_weight": 3.8813680346448316, "log10_subsample": -0.9713682211294317, "max_depth": 8.0, "num_boost_round": 2.0}, "datetime": {"datetime": "2024-01-19 01:26:20", "elapsed": 4479.632234, "delta": 0.004931}}
{"target": -13.758533462607259, "params": {"gamma": 709.5150325892674, "log10_alpha": -1.3465106050009275, "log10_colsample_bytree": -0.32907614345228864, "log10_eta": -3.676536223032071, "log10_lambda": 0.8722518600129785, "log10_min_child_weight": 3.8813680346448316, "log10_subsample": -0.9713682211294317, "max_depth": 8.0, "num_boost_round": 3.0}, "datetime": {"datetime": "2024-01-19 01:26:20", "elapsed": 4479.637278, "delta": 0.005044}}
{"target": -13.75853276428832, "params": {"gamma": 709.5150325892674, "log10_alpha": -1.3465106050009275, "log10_colsample_bytree": -0.32907614345228864, "log10_eta": -3.676536223032071, "log10_lambda": 0.8722518600129785, "log10_min_child_weight": 3.8813680346448316, "log10_subsample": -0.9713682211294317, "max_depth": 8.0, "num_boost_round": 4.0}, "datetime": {"datetime": "2024-01-19 01:26:20", "elapsed": 4479.642279, "delta": 0.005001}}
{"target": -13.758529645011032, "params": {"gamma": 709.5150325892674, "log10_alpha": -1.3465106050009275, "log10_colsample_bytree": -0.32907614345228864, "log10_eta": -3.676536223032071, "log10_lambda": 0.8722518600129785, "log10_min_child_weight": 3.8813680346448316, "log10_subsample": -0.9713682211294317, "max_depth": 8.0, "num_boost_round": 5.0}, "datetime": {"datetime": "2024-01-19 01:26:20", "elapsed": 4479.647123, "delta": 0.004844}}
{"target": -13.75852759997224, "params": {"gamma": 709.5150325892674, "log10_alpha": -1.3465106050009275, "log10_colsample_bytree": -0.32907614345228864, "log10_eta": -3.676536223032071, "log10_lambda": 0.8722518600129785, "log10_min_child_weight": 3.8813680346448316, "log10_subsample": -0.9713682211294317, "max_depth": 8.0, "num_boost_round": 6.0}, "datetime": {"datetime": "2024-01-19 01:26:20", "elapsed": 4479.651857, "delta": 0.004734}}
{"target": -13.758527322265524, "params": {"gamma": 709.5150325892674, "log10_alpha": -1.3465106050009275, "log10_colsample_bytree": -0.32907614345228864, "log10_eta": -3.676536223032071, "log10_lambda": 0.8722518600129785, "log10_min_child_weight": 3.8813680346448316, "log10_subsample": -0.9713682211294317, "max_depth": 8.0, "num_boost_round": 7.0}, "datetime": {"datetime": "2024-01-19 01:26:20", "elapsed": 4479.656553, "delta": 0.004696}}
{"target": -13.758528173467415, "params": {"gamma": 709.5150325892674, "log10_alpha": -1.3465106050009275, "log10_colsample_bytree": -0.32907614345228864, "log10_eta": -3.676536223032071, "log10_lambda": 0.8722518600129785, "log10_min_child_weight": 3.8813680346448316, "log10_subsample": -0.9713682211294317, "max_depth": 8.0, "num_boost_round": 8.0}, "datetime": {"datetime": "2024-01-19 01:26:20", "elapsed": 4479.778762, "delta": 0.122209}}
