{"target": -13.75738327865105, "params": {"gamma": 706.433206578044, "log10_alpha": -1.037223496992798, "log10_colsample_bytree": -0.5708593944175334, "log10_eta": -2.4977584073046453, "log10_lambda": -2.514893261376907, "log10_min_child_weight": 1.4663437573610278, "log10_subsample": -0.9350565308178415, "max_depth": 8.0, "num_boost_round": 6.0}, "datetime": {"datetime": "2024-01-19 01:20:06", "elapsed": 4114.070633, "delta": 0.004409}}
{"target": -13.757357463231342, "params": {"gamma": 706.433206578044, "log10_alpha": -1.037223496992798, "log10_colsample_bytree": -0.5708593944175334, "log10_eta": -2.4977584073046453, "log10_lambda": -2.514893261376907, "log10_min_child_weight": 1.4663437573610278, "log10_subsample": -0.9350565308178415, "max_depth": 8.0, "num_boost_round": 7.0}, "datetime": {"datetime": "2024-01-19 01:20:06", "elapsed": 4114.074988, "delta": 0.004355}}
{"target": -13.757285130357278, "params": {"gamma": 706.433206578044, "log10_alpha": -1.037223496992798, "log10_colsample_bytree": -0.5708593944175334, "log10_eta": -2.4977584073046453, "log10_lambda": -2.514893261376907, "log10_min_child_weight": 1.4663437573610278, "log10_subsample": -0.9350565308178415, "max_depth": 8.0, "num_boost_round": 8.0}, "datetime": {"datetime": "2024-01-19 01:20:06", "elapsed": 4114.079332, "delta": 0.004344}}
{"target": -13.757281694915417, "params": {"gamma": 706.433206578044, "log10_alpha": -1.037223496992798, "log10_colsample_bytree": -0.5708593944175334, "log10_eta": -2.4977584073046453, "log10_lambda": -2.514893261376907, "log10_min_child_weight": 1.4663437573610278, "log10_subsample": -0.9350565308178415, "max_depth": 8.0, "num_boost_round": 9.0}, "datetime": {"datetime": "2024-01-19 01:20:06", "elapsed": 4114.083673, "delta": 0.004341}}
{"target": -13.758565729004152, "params": {"gamma": 133.1290295726847, "log10_alpha": -0.05364112337460192, "log10_colsample_bytree": -0.16791222029750774, "log10_eta": -2.7862809869252168, "log10_lambda": -2.3466685132766774, "log10_min_child_weight": 1.8862558588011247, "log10_subsample": -0.6259769505763282, "max_depth": 5.0, "num_boost_round": 0.0}, "datetime": {"datetime": "2024-01-19 01:21:17", "elapsed": 4185.169312, "delta": 71.085639}}
{"target": -13.758522401083104, "params": {"gamma": 133.1290295726847, "log10_alpha": -0.05364112337460192, "log10_colsample_bytree": -0.16791222029750774, "log10_eta": -2.7862809869252168, "log10_lambda": -2.3466685132766774, "log10_min_child_weight": 1.8862558588011247, "log10_subsample": -0.6259769505763282, "max_depth": 5.0, "num_boost_round": 1.0}, "datetime": {"datetime": "2024-01-19 01:21:17", "elapsed": 4185.175153, "delta": 0.005841}}
{"target": -13.75845071041069, "params": {"gamma": 133.1290295726847, "log10_alpha": -0.05364112337460192, "log10_colsample_bytree": -0.16791222029750774, "log10_eta": -2.7862809869252168, "log10_lambda": -2.3466685132766774, "log10_min_child_weight": 1.8862558588011247, "log10_subsample": -0.6259769505763282, "max_depth": 5.0, "num_boost_round": 2.0}, "datetime": {"datetime": "2024-01-19 01:21:17", "elapsed": 4185.180497, "delta": 0.005344}}
{"target": -13.758435942092037, "params": {"gamma": 133.1290295726847, "log10_alpha": -0.05364112337460192, "log10_colsample_bytree": -0.16791222029750774, "log10_eta": -2.7862809869252168, "log10_lambda": -2.3466685132766774, "log10_min_child_weight": 1.8862558588011247, "log10_subsample": -0.6259769505763282, "max_depth": 5.0, "num_boost_round": 3.0}, "datetime": {"datetime": "2024-01-19 01:21:17", "elapsed": 4185.184765, "delta": 0.004268}}
{"target": -13.75830866221175, "params": {"gamma": 133.1290295726847, "log10_alpha": -0.05364112337460192, "log10_colsample_bytree": -0.16791222029750774, "log10_eta": -2.7862809869252168, "log10_lambda": -2.3466685132766774, "log10_min_child_weight": 1.8862558588011247, "log10_subsample": -0.6259769505763282, "max_depth": 5.0, "num_boost_round": 4.0}, "datetime": {"datetime": "2024-01-19 01:21:17", "elapsed": 4185.189041, "delta": 0.004276}}
{"target": -13.758246097061358, "params": {"gamma": 133.1290295726847, "log10_alpha": -0.05364112337460192, "log10_colsample_bytree": -0.16791222029750774, "log10_eta": -2.7862809869252168, "log10_lambda": -2.3466685132766774, "log10_min_child_weight": 1.8862558588011247, "log10_subsample": -0.6259769505763282, "max_depth": 5.0, "num_boost_round": 5.0}, "datetime": {"datetime": "2024-01-19 01:21:17", "elapsed": 4185.193642, "delta": 0.004601}}
{"target": -13.75820753474996, "params": {"gamma": 133.1290295726847, "log10_alpha": -0.05364112337460192, "log10_colsample_bytree": -0.16791222029750774, "log10_eta": -2.7862809869252168, "log10_lambda": -2.3466685132766774, "log10_min_child_weight": 1.8862558588011247, "log10_subsample": -0.6259769505763282, "max_depth": 5.0, "num_boost_round": 6.0}, "datetime": {"datetime": "2024-01-19 01:21:17", "elapsed": 4185.197981, "delta": 0.004339}}
{"target": -13.758209508414776, "params": {"gamma": 133.1290295726847, "log10_alpha": -0.05364112337460192, "log10_colsample_bytree": -0.16791222029750774, "log10_eta": -2.7862809869252168, "log10_lambda": -2.3466685132766774, "log10_min_child_weight": 1.8862558588011247, "log10_subsample": -0.6259769505763282, "max_depth": 5.0, "num_boost_round": 7.0}, "datetime": {"datetime": "2024-01-19 01:21:17", "elapsed": 4185.202274, "delta": 0.004293}}
{"target": -13.758186157444138, "params": {"gamma": 133.1290295726847, "log10_alpha": -0.05364112337460192, "log10_colsample_bytree": -0.16791222029750774, "log10_eta": -2.7862809869252168, "log10_lambda": -2.3466685132766774, "log10_min_child_weight": 1.8862558588011247, "log10_subsample": -0.6259769505763282, "max_depth": 5.0, "num_boost_round": 8.0}, "datetime": {"datetime": "2024-01-19 01:21:17", "elapsed": 4185.206383, "delta": 0.004109}}
{"target": -13.758142900065703, "params": {"gamma": 133.1290295726847, "log10_alpha": -0.05364112337460192, "log10_colsample_bytree": -0.16791222029750774, "log10_eta": -2.7862809869252168, "log10_lambda": -2.3466685132766774, "log10_min_child_weight": 1.8862558588011247, "log10_subsample": -0.6259769505763282, "max_depth": 5.0, "num_boost_round": 9.0}, "datetime": {"datetime": "2024-01-19 01:21:17", "elapsed": 4185.210578, "delta": 0.004195}}
{"target": -13.758110545343614, "params": {"gamma": 133.1290295726847, "log10_alpha": -0.05364112337460192, "log10_colsample_bytree": -0.16791222029750774, "log10_eta": -2.7862809869252168, "log10_lambda": -2.3466685132766774, "log10_min_child_weight": 1.8862558588011247, "log10_subsample": -0.6259769505763282, "max_depth": 5.0, "num_boost_round": 10.0}, "datetime": {"datetime": "2024-01-19 01:21:17", "elapsed": 4185.349538, "delta": 0.13896}}
{"target": -13.758123383838262, "params": {"gamma": 133.1290295726847, "log10_alpha": -0.05364112337460192, "log10_colsample_bytree": -0.16791222029750774, "log10_eta": -2.7862809869252168, "log10_lambda": -2.3466685132766774, "log10_min_child_weight": 1.8862558588011247, "log10_subsample": -0.6259769505763282, "max_depth": 5.0, "num_boost_round": 11.0}, "datetime": {"datetime": "2024-01-19 01:21:17", "elapsed": 4185.354833, "delta": 0.005295}}
{"target": -13.758103775473721, "params": {"gamma": 133.1290295726847, "log10_alpha": -0.05364112337460192, "log10_colsample_bytree": -0.16791222029750774, "log10_eta": -2.7862809869252168, "log10_lambda": -2.3466685132766774, "log10_min_child_weight": 1.8862558588011247, "log10_subsample": -0.6259769505763282, "max_depth": 5.0, "num_boost_round": 12.0}, "datetime": {"datetime": "2024-01-19 01:21:17", "elapsed": 4185.359911, "delta": 0.005078}}
{"target": -13.75810107325321, "params": {"gamma": 133.1290295726847, "log10_alpha": -0.05364112337460192, "log10_colsample_bytree": -0.16791222029750774, "log10_eta": -2.7862809869252168, "log10_lambda": -2.3466685132766774, "log10_min_child_weight": 1.8862558588011247, "log10_subsample": -0.6259769505763282, "max_depth": 5.0, "num_boost_round": 13.0}, "datetime": {"datetime": "2024-01-19 01:21:17", "elapsed": 4185.3645, "delta": 0.004589}}
{"target": -13.758064218081213, "params": {"gamma": 133.1290295726847, "log10_alpha": -0.05364112337460192, "log10_colsample_bytree": -0.16791222029750774, "log10_eta": -2.7862809869252168, "log10_lambda": -2.3466685132766774, "log10_min_child_weight": 1.8862558588011247, "log10_subsample": -0.6259769505763282, "max_depth": 5.0, "num_boost_round": 14.0}, "datetime": {"datetime": "2024-01-19 01:21:17", "elapsed": 4185.368806, "delta": 0.004306}}
{"target": -13.758073395264443, "params": {"gamma": 133.1290295726847, "log10_alpha": -0.05364112337460192, "log10_colsample_bytree": -0.16791222029750774, "log10_eta": -2.7862809869252168, "log10_lambda": -2.3466685132766774, "log10_min_child_weight": 1.8862558588011247, "log10_subsample": -0.6259769505763282, "max_depth": 5.0, "num_boost_round": 15.0}, "datetime": {"datetime": "2024-01-19 01:21:17", "elapsed": 4185.373069, "delta": 0.004263}}
{"target": -13.757996792364722, "params": {"gamma": 133.1290295726847, "log10_alpha": -0.05364112337460192, "log10_colsample_bytree": -0.16791222029750774, "log10_eta": -2.7862809869252168, "log10_lambda": -2.3466685132766774, "log10_min_child_weight": 1.8862558588011247, "log10_subsample": -0.6259769505763282, "max_depth": 5.0, "num_boost_round": 16.0}, "datetime": {"datetime": "2024-01-19 01:21:17", "elapsed": 4185.377426, "delta": 0.004357}}
{"target": -13.75801568382109, "params": {"gamma": 133.1290295726847, "log10_alpha": -0.05364112337460192, "log10_colsample_bytree": -0.16791222029750774, "log10_eta": -2.7862809869252168, "log10_lambda": -2.3466685132766774, "log10_min_child_weight": 1.8862558588011247, "log10_subsample": -0.6259769505763282, "max_depth": 5.0, "num_boost_round": 17.0}, "datetime": {"datetime": "2024-01-19 01:21:17", "elapsed": 4185.381705, "delta": 0.004279}}
{"target": -13.758029285267773, "params": {"gamma": 133.1290295726847, "log10_alpha": -0.05364112337460192, "log10_colsample_bytree": -0.16791222029750774, "log10_eta": -2.7862809869252168, "log10_lambda": -2.3466685132766774, "log10_min_child_weight": 1.8862558588011247, "log10_subsample": -0.6259769505763282, "max_depth": 5.0, "num_boost_round": 18.0}, "datetime": {"datetime": "2024-01-19 01:21:17", "elapsed": 4185.385973, "delta": 0.004268}}
{"target": -13.758033210036627, "params": {"gamma": 133.1290295726847, "log10_alpha": -0.05364112337460192, "log10_colsample_bytree": -0.16791222029750774, "log10_eta": -2.7862809869252168, "log10_lambda": -2.3466685132766774, "log10_min_child_weight": 1.8862558588011247, "log10_subsample": -0.6259769505763282, "max_depth": 5.0, "num_boost_round": 19.0}, "datetime": {"datetime": "2024-01-19 01:21:17", "elapsed": 4185.39028, "delta": 0.004307}}
{"target": -13.75798249950138, "params": {"gamma": 133.1290295726847, "log10_alpha": -0.05364112337460192, "log10_colsample_bytree": -0.16791222029750774, "log10_eta": -2.7862809869252168, "log10_lambda": -2.3466685132766774, "log10_min_child_weight": 1.8862558588011247, "log10_subsample": -0.6259769505763282, "max_depth": 5.0, "num_boost_round": 20.0}, "datetime": {"datetime": "2024-01-19 01:21:17", "elapsed": 4185.394503, "delta": 0.004223}}
{"target": -13.757962144771367, "params": {"gamma": 133.1290295726847, "log10_alpha": -0.05364112337460192, "log10_colsample_bytree": -0.16791222029750774, "log10_eta": -2.7862809869252168, "log10_lambda": -2.3466685132766774, "log10_min_child_weight": 1.8862558588011247, "log10_subsample": -0.6259769505763282, "max_depth": 5.0, "num_boost_round": 21.0}, "datetime": {"datetime": "2024-01-19 01:21:17", "elapsed": 4185.398807, "delta": 0.004304}}
{"target": -13.757915793656982, "params": {"gamma": 133.1290295726847, "log10_alpha": -0.05364112337460192, "log10_colsample_bytree": -0.16791222029750774, "log10_eta": -2.7862809869252168, "log10_lambda": -2.3466685132766774, "log10_min_child_weight": 1.8862558588011247, "log10_subsample": -0.6259769505763282, "max_depth": 5.0, "num_boost_round": 22.0}, "datetime": {"datetime": "2024-01-19 01:21:17", "elapsed": 4185.403146, "delta": 0.004339}}
{"target": -13.757922529132305, "params": {"gamma": 133.1290295726847, "log10_alpha": -0.05364112337460192, "log10_colsample_bytree": -0.16791222029750774, "log10_eta": -2.7862809869252168, "log10_lambda": -2.3466685132766774, "log10_min_child_weight": 1.8862558588011247, "log10_subsample": -0.6259769505763282, "max_depth": 5.0, "num_boost_round": 23.0}, "datetime": {"datetime": "2024-01-19 01:21:17", "elapsed": 4185.407539, "delta": 0.004393}}
{"target": -13.75788125062173, "params": {"gamma": 133.1290295726847, "log10_alpha": -0.05364112337460192, "log10_colsample_bytree": -0.16791222029750774, "log10_eta": -2.7862809869252168, "log10_lambda": -2.3466685132766774, "log10_min_child_weight": 1.8862558588011247, "log10_subsample": -0.6259769505763282, "max_depth": 5.0, "num_boost_round": 24.0}, "datetime": {"datetime": "2024-01-19 01:21:17", "elapsed": 4185.41188, "delta": 0.004341}}
{"target": -13.757858131365435, "params": {"gamma": 133.1290295726847, "log10_alpha": -0.05364112337460192, "log10_colsample_bytree": -0.16791222029750774, "log10_eta": -2.7862809869252168, "log10_lambda": -2.3466685132766774, "log10_min_child_weight": 1.8862558588011247, "log10_subsample": -0.6259769505763282, "max_depth": 5.0, "num_boost_round": 25.0}, "datetime": {"datetime": "2024-01-19 01:21:17", "elapsed": 4185.417232, "delta": 0.005352}}
{"target": -13.757831666185456, "params": {"gamma": 133.1290295726847, "log10_alpha": -0.05364112337460192, "log10_colsample_bytree": -0.16791222029750774, "log10_eta": -2.7862809869252168, "log10_lambda": -2.3466685132766774, "log10_min_child_weight": 1.8862558588011247, "log10_subsample": -0.6259769505763282, "max_depth": 5.0, "num_boost_round": 26.0}, "datetime": {"datetime": "2024-01-19 01:21:17", "elapsed": 4185.421629, "delta": 0.004397}}
{"target": -13.757809053250348, "params": {"gamma": 133.1290295726847, "log10_alpha": -0.05364112337460192, "log10_colsample_bytree": -0.16791222029750774, "log10_eta": -2.7862809869252168, "log10_lambda": -2.3466685132766774, "log10_min_child_weight": 1.8862558588011247, "log10_subsample": -0.6259769505763282, "max_depth": 5.0, "num_boost_round": 27.0}, "datetime": {"datetime": "2024-01-19 01:21:17", "elapsed": 4185.42587, "delta": 0.004241}}
{"target": -13.757750197747782, "params": {"gamma": 133.1290295726847, "log10_alpha": -0.05364112337460192, "log10_colsample_bytree": -0.16791222029750774, "log10_eta": -2.7862809869252168, "log10_lambda": -2.3466685132766774, "log10_min_child_weight": 1.8862558588011247, "log10_subsample": -0.6259769505763282, "max_depth": 5.0, "num_boost_round": 28.0}, "datetime": {"datetime": "2024-01-19 01:21:17", "elapsed": 4185.430236, "delta": 0.004366}}
{"target": -13.757731342186927, "params": {"gamma": 133.1290295726847, "log10_alpha": -0.05364112337460192, "log10_colsample_bytree": -0.16791222029750774, "log10_eta": -2.7862809869252168, "log10_lambda": -2.3466685132766774, "log10_min_child_weight": 1.8862558588011247, "log10_subsample": -0.6259769505763282, "max_depth": 5.0, "num_boost_round": 29.0}, "datetime": {"datetime": "2024-01-19 01:21:17", "elapsed": 4185.434613, "delta": 0.004377}}
{"target": -13.757685523080735, "params": {"gamma": 133.1290295726847, "log10_alpha": -0.05364112337460192, "log10_colsample_bytree": -0.16791222029750774, "log10_eta": -2.7862809869252168, "log10_lambda": -2.3466685132766774, "log10_min_child_weight": 1.8862558588011247, "log10_subsample": -0.6259769505763282, "max_depth": 5.0, "num_boost_round": 30.0}, "datetime": {"datetime": "2024-01-19 01:21:17", "elapsed": 4185.438906, "delta": 0.004293}}
{"target": -13.75853212030798, "params": {"gamma": 127.66836597103904, "log10_alpha": 0.5103925206310436, "log10_colsample_bytree": -0.3006239702557113, "log10_eta": -3.3749984248669693, "log10_lambda": -0.7592817812943213, "log10_min_child_weight": 0.26990768981708935, "log10_subsample": -0.8193044109126089, "max_depth": 5.0, "num_boost_round": 0.0}, "datetime": {"datetime": "2024-01-19 01:21:58", "elapsed": 4225.656973, "delta": 40.218067}}
{"target": -13.758519164197384, "params": {"gamma": 127.66836597103904, "log10_alpha": 0.5103925206310436, "log10_colsample_bytree": -0.3006239702557113, "log10_eta": -3.3749984248669693, "log10_lambda": -0.7592817812943213, "log10_min_child_weight": 0.26990768981708935, "log10_subsample": -0.8193044109126089, "max_depth": 5.0, "num_boost_round": 1.0}, "datetime": {"datetime": "2024-01-19 01:21:58", "elapsed": 4225.661909, "delta": 0.004936}}
{"target": -13.758517989087654, "params": {"gamma": 127.66836597103904, "log10_alpha": 0.5103925206310436, "log10_colsample_bytree": -0.3006239702557113, "log10_eta": -3.3749984248669693, "log10_lambda": -0.7592817812943213, "log10_min_child_weight": 0.26990768981708935, "log10_subsample": -0.8193044109126089, "max_depth": 5.0, "num_boost_round": 2.0}, "datetime": {"datetime": "2024-01-19 01:21:58", "elapsed": 4225.667663, "delta": 0.005754}}
{"target": -13.758520861373695, "params": {"gamma": 127.66836597103904, "log10_alpha": 0.5103925206310436, "log10_colsample_bytree": -0.3006239702557113, "log10_eta": -3.3749984248669693, "log10_lambda": -0.7592817812943213, "log10_min_child_weight": 0.26990768981708935, "log10_subsample": -0.8193044109126089, "max_depth": 5.0, "num_boost_round": 3.0}, "datetime": {"datetime": "2024-01-19 01:21:58", "elapsed": 4225.672594, "delta": 0.004931}}
{"target": -13.758509729701187, "params": {"gamma": 127.66836597103904, "log10_alpha": 0.5103925206310436, "log10_colsample_bytree": -0.3006239702557113, "log10_eta": -3.3749984248669693, "log10_lambda": -0.7592817812943213, "log10_min_child_weight": 0.26990768981708935, "log10_subsample": -0.8193044109126089, "max_depth": 5.0, "num_boost_round": 4.0}, "datetime": {"datetime": "2024-01-19 01:21:58", "elapsed": 4225.677298, "delta": 0.004704}}
{"target": -13.758507342102686, "params": {"gamma": 127.66836597103904, "log10_alpha": 0.5103925206310436, "log10_colsample_bytree": -0.3006239702557113, "log10_eta": -3.3749984248669693, "log10_lambda": -0.7592817812943213, "log10_min_child_weight": 0.26990768981708935, "log10_subsample": -0.8193044109126089, "max_depth": 5.0, "num_boost_round": 5.0}, "datetime": {"datetime": "2024-01-19 01:21:58", "elapsed": 4225.681995, "delta": 0.004697}}
{"target": -13.75850244972881, "params": {"gamma": 127.66836597103904, "log10_alpha": 0.5103925206310436, "log10_colsample_bytree": -0.3006239702557113, "log10_eta": -3.3749984248669693, "log10_lambda": -0.7592817812943213, "log10_min_child_weight": 0.26990768981708935, "log10_subsample": -0.8193044109126089, "max_depth": 5.0, "num_boost_round": 6.0}, "datetime": {"datetime": "2024-01-19 01:21:58", "elapsed": 4225.686616, "delta": 0.004621}}
{"target": -13.758497695584168, "params": {"gamma": 127.66836597103904, "log10_alpha": 0.5103925206310436, "log10_colsample_bytree": -0.3006239702557113, "log10_eta": -3.3749984248669693, "log10_lambda": -0.7592817812943213, "log10_min_child_weight": 0.26990768981708935, "log10_subsample": -0.8193044109126089, "max_depth": 5.0, "num_boost_round": 7.0}, "datetime": {"datetime": "2024-01-19 01:21:58", "elapsed": 4225.691322, "delta": 0.004706}}
{"target": -13.758486593786332, "params": {"gamma": 127.66836597103904, "log10_alpha": 0.5103925206310436, "log10_colsample_bytree": -0.3006239702557113, "log10_eta": -3.3749984248669693, "log10_lambda": -0.7592817812943213, "log10_min_child_weight": 0.26990768981708935, "log10_subsample": -0.8193044109126089, "max_depth": 5.0, "num_boost_round": 8.0}, "datetime": {"datetime": "2024-01-19 01:21:58", "elapsed": 4225.695978, "delta": 0.004656}}
{"target": -13.75848034737177, "params": {"gamma": 127.66836597103904, "log10_alpha": 0.5103925206310436, "log10_colsample_bytree": -0.3006239702557113, "log10_eta": -3.3749984248669693, "log10_lambda": -0.7592817812943213, "log10_min_child_weight": 0.26990768981708935, "log10_subsample": -0.8193044109126089, "max_depth": 5.0, "num_boost_round": 9.0}, "datetime": {"datetime": "2024-01-19 01:21:58", "elapsed": 4225.700688, "delta": 0.00471}}
{"target": -13.758472588299115, "params": {"gamma": 127.66836597103904, "log10_alpha": 0.5103925206310436, "log10_colsample_bytree": -0.3006239702557113, "log10_eta": -3.3749984248669693, "log10_lambda": -0.7592817812943213, "log10_min_child_weight": 0.26990768981708935, "log10_subsample": -0.8193044109126089, "max_depth": 5.0, "num_boost_round": 10.0}, "datetime": {"datetime": "2024-01-19 01:21:58", "elapsed": 4225.705426, "delta": 0.004738}}
{"target": -13.75847165030412, "params": {"gamma": 127.66836597103904, "log10_alpha": 0.5103925206310436, "log10_colsample_bytree": -0.3006239702557113, "log10_eta": -3.3749984248669693, "log10_lambda": -0.7592817812943213, "log10_min_child_weight": 0.26990768981708935, "log10_subsample": -0.8193044109126089, "max_depth": 5.0, "num_boost_round": 11.0}, "datetime": {"datetime": "2024-01-19 01:21:58", "elapsed": 4225.709858, "delta": 0.004432}}
{"target": -13.758457250260113, "params": {"gamma": 127.66836597103904, "log10_alpha": 0.5103925206310436, "log10_colsample_bytree": -0.3006239702557113, "log10_eta": -3.3749984248669693, "log10_lambda": -0.7592817812943213, "log10_min_child_weight": 0.26990768981708935, "log10_subsample": -0.8193044109126089, "max_depth": 5.0, "num_boost_round": 12.0}, "datetime": {"datetime": "2024-01-19 01:21:58", "elapsed": 4225.714296, "delta": 0.004438}}
{"target": -13.758466104011903, "params": {"gamma": 127.66836597103904, "log10_alpha": 0.5103925206310436, "log10_colsample_bytree": -0.3006239702557113, "log10_eta": -3.3749984248669693, "log10_lambda": -0.7592817812943213, "log10_min_child_weight": 0.26990768981708935, "log10_subsample": -0.8193044109126089, "max_depth": 5.0, "num_boost_round": 13.0}, "datetime": {"datetime": "2024-01-19 01:21:58", "elapsed": 4225.718922, "delta": 0.004626}}
