{"target": -17.675144477680696, "params": {"gamma": 452.3715904055157, "log10_alpha": -0.5831867521644716, "log10_colsample_bytree": -0.5451846636790815, "log10_eta": -2.640167067607155, "log10_lambda": -2.9878215960349, "log10_min_child_weight": 2.416298707235174, "log10_subsample": -0.428776179254164, "max_depth": 2.0, "num_boost_round": 47.0}, "datetime": {"datetime": "2024-01-19 01:23:07", "elapsed": 4280.30302, "delta": 0.004491}}
{"target": -17.675092312611877, "params": {"gamma": 452.3715904055157, "log10_alpha": -0.5831867521644716, "log10_colsample_bytree": -0.5451846636790815, "log10_eta": -2.640167067607155, "log10_lambda": -2.9878215960349, "log10_min_child_weight": 2.416298707235174, "log10_subsample": -0.428776179254164, "max_depth": 2.0, "num_boost_round": 48.0}, "datetime": {"datetime": "2024-01-19 01:23:07", "elapsed": 4280.3074, "delta": 0.00438}}
{"target": -17.675047142986468, "params": {"gamma": 452.3715904055157, "log10_alpha": -0.5831867521644716, "log10_colsample_bytree": -0.5451846636790815, "log10_eta": -2.640167067607155, "log10_lambda": -2.9878215960349, "log10_min_child_weight": 2.416298707235174, "log10_subsample": -0.428776179254164, "max_depth": 2.0, "num_boost_round": 49.0}, "datetime": {"datetime": "2024-01-19 01:23:07", "elapsed": 4280.311805, "delta": 0.004405}}
{"target": -17.6750209771382, "params": {"gamma": 452.3715904055157, "log10_alpha": -0.5831867521644716, "log10_colsample_bytree": -0.5451846636790815, "log10_eta": -2.640167067607155, "log10_lambda": -2.9878215960349, "log10_min_child_weight": 2.416298707235174, "log10_subsample": -0.428776179254164, "max_depth": 2.0, "num_boost_round": 50.0}, "datetime": {"datetime": "2024-01-19 01:23:07", "elapsed": 4280.316265, "delta": 0.00446}}
{"target": -17.674994028854343, "params": {"gamma": 452.3715904055157, "log10_alpha": -0.5831867521644716, "log10_colsample_bytree": -0.5451846636790815, "log10_eta": -2.640167067607155, "log10_lambda": -2.9878215960349, "log10_min_child_weight": 2.416298707235174, "log10_subsample": -0.428776179254164, "max_depth": 2.0, "num_boost_round": 51.0}, "datetime": {"datetime": "2024-01-19 01:23:07", "elapsed": 4280.320626, "delta": 0.004361}}
{"target": -17.677223893420564, "params": {"gamma": 422.22688423777976, "log10_alpha": -0.6164791894688992, "log10_colsample_bytree": -0.6868614786785483, "log10_eta": -3.7593815887338877, "log10_lambda": -1.1622000224026152, "log10_min_child_weight": 3.5368417550408133, "log10_subsample": -0.1274952670040489, "max_depth": 7.0, "num_boost_round": 0.0}, "datetime": {"datetime": "2024-01-19 01:24:12", "elapsed": 4345.379217, "delta": 65.058591}}
{"target": -17.67721607419916, "params": {"gamma": 422.22688423777976, "log10_alpha": -0.6164791894688992, "log10_colsample_bytree": -0.6868614786785483, "log10_eta": -3.7593815887338877, "log10_lambda": -1.1622000224026152, "log10_min_child_weight": 3.5368417550408133, "log10_subsample": -0.1274952670040489, "max_depth": 7.0, "num_boost_round": 1.0}, "datetime": {"datetime": "2024-01-19 01:24:12", "elapsed": 4345.384282, "delta": 0.005065}}
{"target": -17.677210593673912, "params": {"gamma": 422.22688423777976, "log10_alpha": -0.6164791894688992, "log10_colsample_bytree": -0.6868614786785483, "log10_eta": -3.7593815887338877, "log10_lambda": -1.1622000224026152, "log10_min_child_weight": 3.5368417550408133, "log10_subsample": -0.1274952670040489, "max_depth": 7.0, "num_boost_round": 2.0}, "datetime": {"datetime": "2024-01-19 01:24:12", "elapsed": 4345.388769, "delta": 0.004487}}
{"target": -17.67721163648872, "params": {"gamma": 422.22688423777976, "log10_alpha": -0.6164791894688992, "log10_colsample_bytree": -0.6868614786785483, "log10_eta": -3.7593815887338877, "log10_lambda": -1.1622000224026152, "log10_min_child_weight": 3.5368417550408133, "log10_subsample": -0.1274952670040489, "max_depth": 7.0, "num_boost_round": 3.0}, "datetime": {"datetime": "2024-01-19 01:24:12", "elapsed": 4345.393161, "delta": 0.004392}}
{"target": -17.677203706390767, "params": {"gamma": 422.22688423777976, "log10_alpha": -0.6164791894688992, "log10_colsample_bytree": -0.6868614786785483, "log10_eta": -3.7593815887338877, "log10_lambda": -1.1622000224026152, "log10_min_child_weight": 3.5368417550408133, "log10_subsample": -0.1274952670040489, "max_depth": 7.0, "num_boost_round": 4.0}, "datetime": {"datetime": "2024-01-19 01:24:12", "elapsed": 4345.397436, "delta": 0.004275}}
{"target": -17.677201242012156, "params": {"gamma": 422.22688423777976, "log10_alpha": -0.6164791894688992, "log10_colsample_bytree": -0.6868614786785483, "log10_eta": -3.7593815887338877, "log10_lambda": -1.1622000224026152, "log10_min_child_weight": 3.5368417550408133, "log10_subsample": -0.1274952670040489, "max_depth": 7.0, "num_boost_round": 5.0}, "datetime": {"datetime": "2024-01-19 01:24:12", "elapsed": 4345.401856, "delta": 0.00442}}
{"target": -17.677196620070667, "params": {"gamma": 422.22688423777976, "log10_alpha": -0.6164791894688992, "log10_colsample_bytree": -0.6868614786785483, "log10_eta": -3.7593815887338877, "log10_lambda": -1.1622000224026152, "log10_min_child_weight": 3.5368417550408133, "log10_subsample": -0.1274952670040489, "max_depth": 7.0, "num_boost_round": 6.0}, "datetime": {"datetime": "2024-01-19 01:24:12", "elapsed": 4345.406398, "delta": 0.004542}}
{"target": -17.67718063611301, "params": {"gamma": 422.22688423777976, "log10_alpha": -0.6164791894688992, "log10_colsample_bytree": -0.6868614786785483, "log10_eta": -3.7593815887338877, "log10_lambda": -1.1622000224026152, "log10_min_child_weight": 3.5368417550408133, "log10_subsample": -0.1274952670040489, "max_depth": 7.0, "num_boost_round": 7.0}, "datetime": {"datetime": "2024-01-19 01:24:12", "elapsed": 4345.410735, "delta": 0.004337}}
{"target": -17.677174497045655, "params": {"gamma": 422.22688423777976, "log10_alpha": -0.6164791894688992, "log10_colsample_bytree": -0.6868614786785483, "log10_eta": -3.7593815887338877, "log10_lambda": -1.1622000224026152, "log10_min_child_weight": 3.5368417550408133, "log10_subsample": -0.1274952670040489, "max_depth": 7.0, "num_boost_round": 8.0}, "datetime": {"datetime": "2024-01-19 01:24:12", "elapsed": 4345.415038, "delta": 0.004303}}
{"target": -17.677173236473386, "params": {"gamma": 422.22688423777976, "log10_alpha": -0.6164791894688992, "log10_colsample_bytree": -0.6868614786785483, "log10_eta": -3.7593815887338877, "log10_lambda": -1.1622000224026152, "log10_min_child_weight": 3.5368417550408133, "log10_subsample": -0.1274952670040489, "max_depth": 7.0, "num_boost_round": 9.0}, "datetime": {"datetime": "2024-01-19 01:24:12", "elapsed": 4345.419305, "delta": 0.004267}}
{"target": -17.677169121611946, "params": {"gamma": 422.22688423777976, "log10_alpha": -0.6164791894688992, "log10_colsample_bytree": -0.6868614786785483, "log10_eta": -3.7593815887338877, "log10_lambda": -1.1622000224026152, "log10_min_child_weight": 3.5368417550408133, "log10_subsample": -0.1274952670040489, "max_depth": 7.0, "num_boost_round": 10.0}, "datetime": {"datetime": "2024-01-19 01:24:12", "elapsed": 4345.423693, "delta": 0.004388}}
{"target": -17.677166697896908, "params": {"gamma": 422.22688423777976, "log10_alpha": -0.6164791894688992, "log10_colsample_bytree": -0.6868614786785483, "log10_eta": -3.7593815887338877, "log10_lambda": -1.1622000224026152, "log10_min_child_weight": 3.5368417550408133, "log10_subsample": -0.1274952670040489, "max_depth": 7.0, "num_boost_round": 11.0}, "datetime": {"datetime": "2024-01-19 01:24:12", "elapsed": 4345.428107, "delta": 0.004414}}
{"target": -17.677158746347352, "params": {"gamma": 422.22688423777976, "log10_alpha": -0.6164791894688992, "log10_colsample_bytree": -0.6868614786785483, "log10_eta": -3.7593815887338877, "log10_lambda": -1.1622000224026152, "log10_min_child_weight": 3.5368417550408133, "log10_subsample": -0.1274952670040489, "max_depth": 7.0, "num_boost_round": 12.0}, "datetime": {"datetime": "2024-01-19 01:24:12", "elapsed": 4345.432535, "delta": 0.004428}}
{"target": -17.677152003295223, "params": {"gamma": 422.22688423777976, "log10_alpha": -0.6164791894688992, "log10_colsample_bytree": -0.6868614786785483, "log10_eta": -3.7593815887338877, "log10_lambda": -1.1622000224026152, "log10_min_child_weight": 3.5368417550408133, "log10_subsample": -0.1274952670040489, "max_depth": 7.0, "num_boost_round": 13.0}, "datetime": {"datetime": "2024-01-19 01:24:12", "elapsed": 4345.436868, "delta": 0.004333}}
{"target": -17.677155450134638, "params": {"gamma": 422.22688423777976, "log10_alpha": -0.6164791894688992, "log10_colsample_bytree": -0.6868614786785483, "log10_eta": -3.7593815887338877, "log10_lambda": -1.1622000224026152, "log10_min_child_weight": 3.5368417550408133, "log10_subsample": -0.1274952670040489, "max_depth": 7.0, "num_boost_round": 14.0}, "datetime": {"datetime": "2024-01-19 01:24:12", "elapsed": 4345.441249, "delta": 0.004381}}
{"target": -17.677149792672793, "params": {"gamma": 422.22688423777976, "log10_alpha": -0.6164791894688992, "log10_colsample_bytree": -0.6868614786785483, "log10_eta": -3.7593815887338877, "log10_lambda": -1.1622000224026152, "log10_min_child_weight": 3.5368417550408133, "log10_subsample": -0.1274952670040489, "max_depth": 7.0, "num_boost_round": 15.0}, "datetime": {"datetime": "2024-01-19 01:24:12", "elapsed": 4345.44561, "delta": 0.004361}}
{"target": -17.677147829513018, "params": {"gamma": 422.22688423777976, "log10_alpha": -0.6164791894688992, "log10_colsample_bytree": -0.6868614786785483, "log10_eta": -3.7593815887338877, "log10_lambda": -1.1622000224026152, "log10_min_child_weight": 3.5368417550408133, "log10_subsample": -0.1274952670040489, "max_depth": 7.0, "num_boost_round": 16.0}, "datetime": {"datetime": "2024-01-19 01:24:12", "elapsed": 4345.45003, "delta": 0.00442}}
{"target": -17.677146782817275, "params": {"gamma": 422.22688423777976, "log10_alpha": -0.6164791894688992, "log10_colsample_bytree": -0.6868614786785483, "log10_eta": -3.7593815887338877, "log10_lambda": -1.1622000224026152, "log10_min_child_weight": 3.5368417550408133, "log10_subsample": -0.1274952670040489, "max_depth": 7.0, "num_boost_round": 17.0}, "datetime": {"datetime": "2024-01-19 01:24:12", "elapsed": 4345.454618, "delta": 0.004588}}
{"target": -17.677148920491614, "params": {"gamma": 422.22688423777976, "log10_alpha": -0.6164791894688992, "log10_colsample_bytree": -0.6868614786785483, "log10_eta": -3.7593815887338877, "log10_lambda": -1.1622000224026152, "log10_min_child_weight": 3.5368417550408133, "log10_subsample": -0.1274952670040489, "max_depth": 7.0, "num_boost_round": 18.0}, "datetime": {"datetime": "2024-01-19 01:24:12", "elapsed": 4345.45901, "delta": 0.004392}}
{"target": -17.677145342995093, "params": {"gamma": 422.22688423777976, "log10_alpha": -0.6164791894688992, "log10_colsample_bytree": -0.6868614786785483, "log10_eta": -3.7593815887338877, "log10_lambda": -1.1622000224026152, "log10_min_child_weight": 3.5368417550408133, "log10_subsample": -0.1274952670040489, "max_depth": 7.0, "num_boost_round": 19.0}, "datetime": {"datetime": "2024-01-19 01:24:12", "elapsed": 4345.463401, "delta": 0.004391}}
{"target": -17.677137170830434, "params": {"gamma": 422.22688423777976, "log10_alpha": -0.6164791894688992, "log10_colsample_bytree": -0.6868614786785483, "log10_eta": -3.7593815887338877, "log10_lambda": -1.1622000224026152, "log10_min_child_weight": 3.5368417550408133, "log10_subsample": -0.1274952670040489, "max_depth": 7.0, "num_boost_round": 20.0}, "datetime": {"datetime": "2024-01-19 01:24:12", "elapsed": 4345.467839, "delta": 0.004438}}
{"target": -17.677134248015832, "params": {"gamma": 422.22688423777976, "log10_alpha": -0.6164791894688992, "log10_colsample_bytree": -0.6868614786785483, "log10_eta": -3.7593815887338877, "log10_lambda": -1.1622000224026152, "log10_min_child_weight": 3.5368417550408133, "log10_subsample": -0.1274952670040489, "max_depth": 7.0, "num_boost_round": 21.0}, "datetime": {"datetime": "2024-01-19 01:24:12", "elapsed": 4345.472271, "delta": 0.004432}}
{"target": -17.677121292901575, "params": {"gamma": 422.22688423777976, "log10_alpha": -0.6164791894688992, "log10_colsample_bytree": -0.6868614786785483, "log10_eta": -3.7593815887338877, "log10_lambda": -1.1622000224026152, "log10_min_child_weight": 3.5368417550408133, "log10_subsample": -0.1274952670040489, "max_depth": 7.0, "num_boost_round": 22.0}, "datetime": {"datetime": "2024-01-19 01:24:12", "elapsed": 4345.476605, "delta": 0.004334}}
{"target": -17.67711868379807, "params": {"gamma": 422.22688423777976, "log10_alpha": -0.6164791894688992, "log10_colsample_bytree": -0.6868614786785483, "log10_eta": -3.7593815887338877, "log10_lambda": -1.1622000224026152, "log10_min_child_weight": 3.5368417550408133, "log10_subsample": -0.1274952670040489, "max_depth": 7.0, "num_boost_round": 23.0}, "datetime": {"datetime": "2024-01-19 01:24:12", "elapsed": 4345.481045, "delta": 0.00444}}
{"target": -17.677120250051445, "params": {"gamma": 422.22688423777976, "log10_alpha": -0.6164791894688992, "log10_colsample_bytree": -0.6868614786785483, "log10_eta": -3.7593815887338877, "log10_lambda": -1.1622000224026152, "log10_min_child_weight": 3.5368417550408133, "log10_subsample": -0.1274952670040489, "max_depth": 7.0, "num_boost_round": 24.0}, "datetime": {"datetime": "2024-01-19 01:24:12", "elapsed": 4345.485441, "delta": 0.004396}}
{"target": -17.67710715346925, "params": {"gamma": 422.22688423777976, "log10_alpha": -0.6164791894688992, "log10_colsample_bytree": -0.6868614786785483, "log10_eta": -3.7593815887338877, "log10_lambda": -1.1622000224026152, "log10_min_child_weight": 3.5368417550408133, "log10_subsample": -0.1274952670040489, "max_depth": 7.0, "num_boost_round": 25.0}, "datetime": {"datetime": "2024-01-19 01:24:12", "elapsed": 4345.489916, "delta": 0.004475}}
{"target": -17.67710543829874, "params": {"gamma": 422.22688423777976, "log10_alpha": -0.6164791894688992, "log10_colsample_bytree": -0.6868614786785483, "log10_eta": -3.7593815887338877, "log10_lambda": -1.1622000224026152, "log10_min_child_weight": 3.5368417550408133, "log10_subsample": -0.1274952670040489, "max_depth": 7.0, "num_boost_round": 26.0}, "datetime": {"datetime": "2024-01-19 01:24:12", "elapsed": 4345.494343, "delta": 0.004427}}
{"target": -17.677102192225043, "params": {"gamma": 422.22688423777976, "log10_alpha": -0.6164791894688992, "log10_colsample_bytree": -0.6868614786785483, "log10_eta": -3.7593815887338877, "log10_lambda": -1.1622000224026152, "log10_min_child_weight": 3.5368417550408133, "log10_subsample": -0.1274952670040489, "max_depth": 7.0, "num_boost_round": 27.0}, "datetime": {"datetime": "2024-01-19 01:24:12", "elapsed": 4345.498743, "delta": 0.0044}}
{"target": -17.67709038524422, "params": {"gamma": 422.22688423777976, "log10_alpha": -0.6164791894688992, "log10_colsample_bytree": -0.6868614786785483, "log10_eta": -3.7593815887338877, "log10_lambda": -1.1622000224026152, "log10_min_child_weight": 3.5368417550408133, "log10_subsample": -0.1274952670040489, "max_depth": 7.0, "num_boost_round": 28.0}, "datetime": {"datetime": "2024-01-19 01:24:12", "elapsed": 4345.503227, "delta": 0.004484}}
{"target": -17.677082049778136, "params": {"gamma": 422.22688423777976, "log10_alpha": -0.6164791894688992, "log10_colsample_bytree": -0.6868614786785483, "log10_eta": -3.7593815887338877, "log10_lambda": -1.1622000224026152, "log10_min_child_weight": 3.5368417550408133, "log10_subsample": -0.1274952670040489, "max_depth": 7.0, "num_boost_round": 29.0}, "datetime": {"datetime": "2024-01-19 01:24:12", "elapsed": 4345.507682, "delta": 0.004455}}
{"target": -17.677079032888027, "params": {"gamma": 422.22688423777976, "log10_alpha": -0.6164791894688992, "log10_colsample_bytree": -0.6868614786785483, "log10_eta": -3.7593815887338877, "log10_lambda": -1.1622000224026152, "log10_min_child_weight": 3.5368417550408133, "log10_subsample": -0.1274952670040489, "max_depth": 7.0, "num_boost_round": 30.0}, "datetime": {"datetime": "2024-01-19 01:24:12", "elapsed": 4345.512194, "delta": 0.004512}}
{"target": -17.67722734845232, "params": {"gamma": 416.21937191544475, "log10_alpha": -4.43462643098855, "log10_colsample_bytree": -0.8828204897153816, "log10_eta": -3.9217017215737147, "log10_lambda": -0.9219028207008062, "log10_min_child_weight": 3.199615918166227, "log10_subsample": -0.3723636865596529, "max_depth": 8.0, "num_boost_round": 0.0}, "datetime": {"datetime": "2024-01-19 01:25:14", "elapsed": 4407.366643, "delta": 61.854449}}
{"target": -17.677225913029034, "params": {"gamma": 416.21937191544475, "log10_alpha": -4.43462643098855, "log10_colsample_bytree": -0.8828204897153816, "log10_eta": -3.9217017215737147, "log10_lambda": -0.9219028207008062, "log10_min_child_weight": 3.199615918166227, "log10_subsample": -0.3723636865596529, "max_depth": 8.0, "num_boost_round": 1.0}, "datetime": {"datetime": "2024-01-19 01:25:14", "elapsed": 4407.372372, "delta": 0.005729}}
{"target": -17.67722420078562, "params": {"gamma": 416.21937191544475, "log10_alpha": -4.43462643098855, "log10_colsample_bytree": -0.8828204897153816, "log10_eta": -3.9217017215737147, "log10_lambda": -0.9219028207008062, "log10_min_child_weight": 3.199615918166227, "log10_subsample": -0.3723636865596529, "max_depth": 8.0, "num_boost_round": 2.0}, "datetime": {"datetime": "2024-01-19 01:25:14", "elapsed": 4407.377121, "delta": 0.004749}}
{"target": -17.67722005376128, "params": {"gamma": 416.21937191544475, "log10_alpha": -4.43462643098855, "log10_colsample_bytree": -0.8828204897153816, "log10_eta": -3.9217017215737147, "log10_lambda": -0.9219028207008062, "log10_min_child_weight": 3.199615918166227, "log10_subsample": -0.3723636865596529, "max_depth": 8.0, "num_boost_round": 3.0}, "datetime": {"datetime": "2024-01-19 01:25:14", "elapsed": 4407.381799, "delta": 0.004678}}
{"target": -17.67721519874819, "params": {"gamma": 416.21937191544475, "log10_alpha": -4.43462643098855, "log10_colsample_bytree": -0.8828204897153816, "log10_eta": -3.9217017215737147, "log10_lambda": -0.9219028207008062, "log10_min_child_weight": 3.199615918166227, "log10_subsample": -0.3723636865596529, "max_depth": 8.0, "num_boost_round": 4.0}, "datetime": {"datetime": "2024-01-19 01:25:14", "elapsed": 4407.386421, "delta": 0.004622}}
{"target": -17.677211069482382, "params": {"gamma": 416.21937191544475, "log10_alpha": -4.43462643098855, "log10_colsample_bytree": -0.8828204897153816, "log10_eta": -3.9217017215737147, "log10_lambda": -0.9219028207008062, "log10_min_child_weight": 3.199615918166227, "log10_subsample": -0.3723636865596529, "max_depth": 8.0, "num_boost_round": 5.0}, "datetime": {"datetime": "2024-01-19 01:25:14", "elapsed": 4407.391175, "delta": 0.004754}}
{"target": -17.677211935728163, "params": {"gamma": 416.21937191544475, "log10_alpha": -4.43462643098855, "log10_colsample_bytree": -0.8828204897153816, "log10_eta": -3.9217017215737147, "log10_lambda": -0.9219028207008062, "log10_min_child_weight": 3.199615918166227, "log10_subsample": -0.3723636865596529, "max_depth": 8.0, "num_boost_round": 6.0}, "datetime": {"datetime": "2024-01-19 01:25:14", "elapsed": 4407.395849, "delta": 0.004674}}
{"target": -17.677201505192464, "params": {"gamma": 416.21937191544475, "log10_alpha": -4.43462643098855, "log10_colsample_bytree": -0.8828204897153816, "log10_eta": -3.9217017215737147, "log10_lambda": -0.9219028207008062, "log10_min_child_weight": 3.199615918166227, "log10_subsample": -0.3723636865596529, "max_depth": 8.0, "num_boost_round": 7.0}, "datetime": {"datetime": "2024-01-19 01:25:14", "elapsed": 4407.400444, "delta": 0.004595}}
{"target": -17.677198654899556, "params": {"gamma": 416.21937191544475, "log10_alpha": -4.43462643098855, "log10_colsample_bytree": -0.8828204897153816, "log10_eta": -3.9217017215737147, "log10_lambda": -0.9219028207008062, "log10_min_child_weight": 3.199615918166227, "log10_subsample": -0.3723636865596529, "max_depth": 8.0, "num_boost_round": 8.0}, "datetime": {"datetime": "2024-01-19 01:25:14", "elapsed": 4407.405226, "delta": 0.004782}}
{"target": -17.6771967293932, "params": {"gamma": 416.21937191544475, "log10_alpha": -4.43462643098855, "log10_colsample_bytree": -0.8828204897153816, "log10_eta": -3.9217017215737147, "log10_lambda": -0.9219028207008062, "log10_min_child_weight": 3.199615918166227, "log10_subsample": -0.3723636865596529, "max_depth": 8.0, "num_boost_round": 9.0}, "datetime": {"datetime": "2024-01-19 01:25:14", "elapsed": 4407.409932, "delta": 0.004706}}
{"target": -17.67719100646919, "params": {"gamma": 416.21937191544475, "log10_alpha": -4.43462643098855, "log10_colsample_bytree": -0.8828204897153816, "log10_eta": -3.9217017215737147, "log10_lambda": -0.9219028207008062, "log10_min_child_weight": 3.199615918166227, "log10_subsample": -0.3723636865596529, "max_depth": 8.0, "num_boost_round": 10.0}, "datetime": {"datetime": "2024-01-19 01:25:14", "elapsed": 4407.41523, "delta": 0.005298}}
{"target": -17.677187505973045, "params": {"gamma": 416.21937191544475, "log10_alpha": -4.43462643098855, "log10_colsample_bytree": -0.8828204897153816, "log10_eta": -3.9217017215737147, "log10_lambda": -0.9219028207008062, "log10_min_child_weight": 3.199615918166227, "log10_subsample": -0.3723636865596529, "max_depth": 8.0, "num_boost_round": 11.0}, "datetime": {"datetime": "2024-01-19 01:25:14", "elapsed": 4407.420064, "delta": 0.004834}}
{"target": -17.677182236214765, "params": {"gamma": 416.21937191544475, "log10_alpha": -4.43462643098855, "log10_colsample_bytree": -0.8828204897153816, "log10_eta": -3.9217017215737147, "log10_lambda": -0.9219028207008062, "log10_min_child_weight": 3.199615918166227, "log10_subsample": -0.3723636865596529, "max_depth": 8.0, "num_boost_round": 12.0}, "datetime": {"datetime": "2024-01-19 01:25:14", "elapsed": 4407.424801, "delta": 0.004737}}
