{"target": -13.758534056149774, "params": {"gamma": 577.3474514832319, "log10_alpha": -3.5825942822591608, "log10_colsample_bytree": -0.7773268141801357, "log10_eta": -3.7246580883140936, "log10_lambda": 0.8641302402780564, "log10_min_child_weight": 3.5835548952429064, "log10_subsample": -0.4899131740867818, "max_depth": 2.0, "num_boost_round": 7.0}, "datetime": {"datetime": "2024-01-19 01:09:59", "elapsed": 3531.661838, "delta": 0.003598}}
{"target": -13.758532851142673, "params": {"gamma": 577.3474514832319, "log10_alpha": -3.5825942822591608, "log10_colsample_bytree": -0.7773268141801357, "log10_eta": -3.7246580883140936, "log10_lambda": 0.8641302402780564, "log10_min_child_weight": 3.5835548952429064, "log10_subsample": -0.4899131740867818, "max_depth": 2.0, "num_boost_round": 8.0}, "datetime": {"datetime": "2024-01-19 01:09:59", "elapsed": 3531.665658, "delta": 0.00382}}
{"target": -13.758531317664282, "params": {"gamma": 577.3474514832319, "log10_alpha": -3.5825942822591608, "log10_colsample_bytree": -0.7773268141801357, "log10_eta": -3.7246580883140936, "log10_lambda": 0.8641302402780564, "log10_min_child_weight": 3.5835548952429064, "log10_subsample": -0.4899131740867818, "max_depth": 2.0, "num_boost_round": 9.0}, "datetime": {"datetime": "2024-01-19 01:09:59", "elapsed": 3531.669372, "delta": 0.003714}}
{"target": -13.758528607683482, "params": {"gamma": 577.3474514832319, "log10_alpha": -3.5825942822591608, "log10_colsample_bytree": -0.7773268141801357, "log10_eta": -3.7246580883140936, "log10_lambda": 0.8641302402780564, "log10_min_child_weight": 3.5835548952429064, "log10_subsample": -0.4899131740867818, "max_depth": 2.0, "num_boost_round": 10.0}, "datetime": {"datetime": "2024-01-19 01:09:59", "elapsed": 3531.673105, "delta": 0.003733}}
{"target": -13.758527094590693, "params": {"gamma": 577.3474514832319, "log10_alpha": -3.5825942822591608, "log10_colsample_bytree": -0.7773268141801357, "log10_eta": -3.7246580883140936, "log10_lambda": 0.8641302402780564, "log10_min_child_weight": 3.5835548952429064, "log10_subsample": -0.4899131740867818, "max_depth": 2.0, "num_boost_round": 11.0}, "datetime": {"datetime": "2024-01-19 01:09:59", "elapsed": 3531.676796, "delta": 0.003691}}
{"target": -13.758525301486534, "params": {"gamma": 577.3474514832319, "log10_alpha": -3.5825942822591608, "log10_colsample_bytree": -0.7773268141801357, "log10_eta": -3.7246580883140936, "log10_lambda": 0.8641302402780564, "log10_min_child_weight": 3.5835548952429064, "log10_subsample": -0.4899131740867818, "max_depth": 2.0, "num_boost_round": 12.0}, "datetime": {"datetime": "2024-01-19 01:09:59", "elapsed": 3531.680433, "delta": 0.003637}}
{"target": -13.758523305401242, "params": {"gamma": 577.3474514832319, "log10_alpha": -3.5825942822591608, "log10_colsample_bytree": -0.7773268141801357, "log10_eta": -3.7246580883140936, "log10_lambda": 0.8641302402780564, "log10_min_child_weight": 3.5835548952429064, "log10_subsample": -0.4899131740867818, "max_depth": 2.0, "num_boost_round": 13.0}, "datetime": {"datetime": "2024-01-19 01:09:59", "elapsed": 3531.684177, "delta": 0.003744}}
{"target": -13.758522347488771, "params": {"gamma": 577.3474514832319, "log10_alpha": -3.5825942822591608, "log10_colsample_bytree": -0.7773268141801357, "log10_eta": -3.7246580883140936, "log10_lambda": 0.8641302402780564, "log10_min_child_weight": 3.5835548952429064, "log10_subsample": -0.4899131740867818, "max_depth": 2.0, "num_boost_round": 14.0}, "datetime": {"datetime": "2024-01-19 01:09:59", "elapsed": 3531.691904, "delta": 0.007727}}
{"target": -13.758519639062554, "params": {"gamma": 577.3474514832319, "log10_alpha": -3.5825942822591608, "log10_colsample_bytree": -0.7773268141801357, "log10_eta": -3.7246580883140936, "log10_lambda": 0.8641302402780564, "log10_min_child_weight": 3.5835548952429064, "log10_subsample": -0.4899131740867818, "max_depth": 2.0, "num_boost_round": 15.0}, "datetime": {"datetime": "2024-01-19 01:09:59", "elapsed": 3531.69555, "delta": 0.003646}}
{"target": -13.758519114581283, "params": {"gamma": 577.3474514832319, "log10_alpha": -3.5825942822591608, "log10_colsample_bytree": -0.7773268141801357, "log10_eta": -3.7246580883140936, "log10_lambda": 0.8641302402780564, "log10_min_child_weight": 3.5835548952429064, "log10_subsample": -0.4899131740867818, "max_depth": 2.0, "num_boost_round": 16.0}, "datetime": {"datetime": "2024-01-19 01:09:59", "elapsed": 3531.699261, "delta": 0.003711}}
{"target": -13.7585169245368, "params": {"gamma": 577.3474514832319, "log10_alpha": -3.5825942822591608, "log10_colsample_bytree": -0.7773268141801357, "log10_eta": -3.7246580883140936, "log10_lambda": 0.8641302402780564, "log10_min_child_weight": 3.5835548952429064, "log10_subsample": -0.4899131740867818, "max_depth": 2.0, "num_boost_round": 17.0}, "datetime": {"datetime": "2024-01-19 01:09:59", "elapsed": 3531.702964, "delta": 0.003703}}
{"target": -13.758516814972253, "params": {"gamma": 577.3474514832319, "log10_alpha": -3.5825942822591608, "log10_colsample_bytree": -0.7773268141801357, "log10_eta": -3.7246580883140936, "log10_lambda": 0.8641302402780564, "log10_min_child_weight": 3.5835548952429064, "log10_subsample": -0.4899131740867818, "max_depth": 2.0, "num_boost_round": 18.0}, "datetime": {"datetime": "2024-01-19 01:09:59", "elapsed": 3531.706782, "delta": 0.003818}}
{"target": -13.758514312361807, "params": {"gamma": 577.3474514832319, "log10_alpha": -3.5825942822591608, "log10_colsample_bytree": -0.7773268141801357, "log10_eta": -3.7246580883140936, "log10_lambda": 0.8641302402780564, "log10_min_child_weight": 3.5835548952429064, "log10_subsample": -0.4899131740867818, "max_depth": 2.0, "num_boost_round": 19.0}, "datetime": {"datetime": "2024-01-19 01:09:59", "elapsed": 3531.71043, "delta": 0.003648}}
{"target": -13.758512291487701, "params": {"gamma": 577.3474514832319, "log10_alpha": -3.5825942822591608, "log10_colsample_bytree": -0.7773268141801357, "log10_eta": -3.7246580883140936, "log10_lambda": 0.8641302402780564, "log10_min_child_weight": 3.5835548952429064, "log10_subsample": -0.4899131740867818, "max_depth": 2.0, "num_boost_round": 20.0}, "datetime": {"datetime": "2024-01-19 01:09:59", "elapsed": 3531.714059, "delta": 0.003629}}
{"target": -13.758511075297928, "params": {"gamma": 577.3474514832319, "log10_alpha": -3.5825942822591608, "log10_colsample_bytree": -0.7773268141801357, "log10_eta": -3.7246580883140936, "log10_lambda": 0.8641302402780564, "log10_min_child_weight": 3.5835548952429064, "log10_subsample": -0.4899131740867818, "max_depth": 2.0, "num_boost_round": 21.0}, "datetime": {"datetime": "2024-01-19 01:09:59", "elapsed": 3531.717684, "delta": 0.003625}}
{"target": -13.758510170713462, "params": {"gamma": 577.3474514832319, "log10_alpha": -3.5825942822591608, "log10_colsample_bytree": -0.7773268141801357, "log10_eta": -3.7246580883140936, "log10_lambda": 0.8641302402780564, "log10_min_child_weight": 3.5835548952429064, "log10_subsample": -0.4899131740867818, "max_depth": 2.0, "num_boost_round": 22.0}, "datetime": {"datetime": "2024-01-19 01:09:59", "elapsed": 3531.721291, "delta": 0.003607}}
{"target": -13.758509401362286, "params": {"gamma": 577.3474514832319, "log10_alpha": -3.5825942822591608, "log10_colsample_bytree": -0.7773268141801357, "log10_eta": -3.7246580883140936, "log10_lambda": 0.8641302402780564, "log10_min_child_weight": 3.5835548952429064, "log10_subsample": -0.4899131740867818, "max_depth": 2.0, "num_boost_round": 23.0}, "datetime": {"datetime": "2024-01-19 01:09:59", "elapsed": 3531.725057, "delta": 0.003766}}
{"target": -13.758509210120968, "params": {"gamma": 577.3474514832319, "log10_alpha": -3.5825942822591608, "log10_colsample_bytree": -0.7773268141801357, "log10_eta": -3.7246580883140936, "log10_lambda": 0.8641302402780564, "log10_min_child_weight": 3.5835548952429064, "log10_subsample": -0.4899131740867818, "max_depth": 2.0, "num_boost_round": 24.0}, "datetime": {"datetime": "2024-01-19 01:09:59", "elapsed": 3531.728827, "delta": 0.00377}}
{"target": -13.758508879560969, "params": {"gamma": 577.3474514832319, "log10_alpha": -3.5825942822591608, "log10_colsample_bytree": -0.7773268141801357, "log10_eta": -3.7246580883140936, "log10_lambda": 0.8641302402780564, "log10_min_child_weight": 3.5835548952429064, "log10_subsample": -0.4899131740867818, "max_depth": 2.0, "num_boost_round": 25.0}, "datetime": {"datetime": "2024-01-19 01:09:59", "elapsed": 3531.732503, "delta": 0.003676}}
{"target": -13.758507358560303, "params": {"gamma": 577.3474514832319, "log10_alpha": -3.5825942822591608, "log10_colsample_bytree": -0.7773268141801357, "log10_eta": -3.7246580883140936, "log10_lambda": 0.8641302402780564, "log10_min_child_weight": 3.5835548952429064, "log10_subsample": -0.4899131740867818, "max_depth": 2.0, "num_boost_round": 26.0}, "datetime": {"datetime": "2024-01-19 01:09:59", "elapsed": 3531.736164, "delta": 0.003661}}
{"target": -13.758504578671527, "params": {"gamma": 577.3474514832319, "log10_alpha": -3.5825942822591608, "log10_colsample_bytree": -0.7773268141801357, "log10_eta": -3.7246580883140936, "log10_lambda": 0.8641302402780564, "log10_min_child_weight": 3.5835548952429064, "log10_subsample": -0.4899131740867818, "max_depth": 2.0, "num_boost_round": 27.0}, "datetime": {"datetime": "2024-01-19 01:09:59", "elapsed": 3531.739815, "delta": 0.003651}}
{"target": -13.75850311173448, "params": {"gamma": 577.3474514832319, "log10_alpha": -3.5825942822591608, "log10_colsample_bytree": -0.7773268141801357, "log10_eta": -3.7246580883140936, "log10_lambda": 0.8641302402780564, "log10_min_child_weight": 3.5835548952429064, "log10_subsample": -0.4899131740867818, "max_depth": 2.0, "num_boost_round": 28.0}, "datetime": {"datetime": "2024-01-19 01:09:59", "elapsed": 3531.743554, "delta": 0.003739}}
{"target": -13.758501118986969, "params": {"gamma": 577.3474514832319, "log10_alpha": -3.5825942822591608, "log10_colsample_bytree": -0.7773268141801357, "log10_eta": -3.7246580883140936, "log10_lambda": 0.8641302402780564, "log10_min_child_weight": 3.5835548952429064, "log10_subsample": -0.4899131740867818, "max_depth": 2.0, "num_boost_round": 29.0}, "datetime": {"datetime": "2024-01-19 01:09:59", "elapsed": 3531.747572, "delta": 0.004018}}
{"target": -13.758534026662634, "params": {"gamma": 575.757838519802, "log10_alpha": -0.5184757354598473, "log10_colsample_bytree": -0.8141553889126637, "log10_eta": -3.6440698051764593, "log10_lambda": -2.1160729644392946, "log10_min_child_weight": 2.631738635617022, "log10_subsample": -0.9934521317457408, "max_depth": 8.0, "num_boost_round": 0.0}, "datetime": {"datetime": "2024-01-19 01:10:47", "elapsed": 3579.207438, "delta": 47.459866}}
{"target": -13.758529613700519, "params": {"gamma": 575.757838519802, "log10_alpha": -0.5184757354598473, "log10_colsample_bytree": -0.8141553889126637, "log10_eta": -3.6440698051764593, "log10_lambda": -2.1160729644392946, "log10_min_child_weight": 2.631738635617022, "log10_subsample": -0.9934521317457408, "max_depth": 8.0, "num_boost_round": 1.0}, "datetime": {"datetime": "2024-01-19 01:10:47", "elapsed": 3579.212134, "delta": 0.004696}}
{"target": -13.758528502255373, "params": {"gamma": 575.757838519802, "log10_alpha": -0.5184757354598473, "log10_colsample_bytree": -0.8141553889126637, "log10_eta": -3.6440698051764593, "log10_lambda": -2.1160729644392946, "log10_min_child_weight": 2.631738635617022, "log10_subsample": -0.9934521317457408, "max_depth": 8.0, "num_boost_round": 2.0}, "datetime": {"datetime": "2024-01-19 01:10:47", "elapsed": 3579.215961, "delta": 0.003827}}
{"target": -13.758527268065027, "params": {"gamma": 575.757838519802, "log10_alpha": -0.5184757354598473, "log10_colsample_bytree": -0.8141553889126637, "log10_eta": -3.6440698051764593, "log10_lambda": -2.1160729644392946, "log10_min_child_weight": 2.631738635617022, "log10_subsample": -0.9934521317457408, "max_depth": 8.0, "num_boost_round": 3.0}, "datetime": {"datetime": "2024-01-19 01:10:47", "elapsed": 3579.219697, "delta": 0.003736}}
{"target": -13.758519968127768, "params": {"gamma": 575.757838519802, "log10_alpha": -0.5184757354598473, "log10_colsample_bytree": -0.8141553889126637, "log10_eta": -3.6440698051764593, "log10_lambda": -2.1160729644392946, "log10_min_child_weight": 2.631738635617022, "log10_subsample": -0.9934521317457408, "max_depth": 8.0, "num_boost_round": 4.0}, "datetime": {"datetime": "2024-01-19 01:10:47", "elapsed": 3579.223469, "delta": 0.003772}}
{"target": -13.758513061627433, "params": {"gamma": 575.757838519802, "log10_alpha": -0.5184757354598473, "log10_colsample_bytree": -0.8141553889126637, "log10_eta": -3.6440698051764593, "log10_lambda": -2.1160729644392946, "log10_min_child_weight": 2.631738635617022, "log10_subsample": -0.9934521317457408, "max_depth": 8.0, "num_boost_round": 5.0}, "datetime": {"datetime": "2024-01-19 01:10:47", "elapsed": 3579.227327, "delta": 0.003858}}
{"target": -13.758515109870373, "params": {"gamma": 575.757838519802, "log10_alpha": -0.5184757354598473, "log10_colsample_bytree": -0.8141553889126637, "log10_eta": -3.6440698051764593, "log10_lambda": -2.1160729644392946, "log10_min_child_weight": 2.631738635617022, "log10_subsample": -0.9934521317457408, "max_depth": 8.0, "num_boost_round": 6.0}, "datetime": {"datetime": "2024-01-19 01:10:47", "elapsed": 3579.23104, "delta": 0.003713}}
{"target": -13.758501851778657, "params": {"gamma": 575.757838519802, "log10_alpha": -0.5184757354598473, "log10_colsample_bytree": -0.8141553889126637, "log10_eta": -3.6440698051764593, "log10_lambda": -2.1160729644392946, "log10_min_child_weight": 2.631738635617022, "log10_subsample": -0.9934521317457408, "max_depth": 8.0, "num_boost_round": 7.0}, "datetime": {"datetime": "2024-01-19 01:10:47", "elapsed": 3579.234776, "delta": 0.003736}}
{"target": -13.75849794020536, "params": {"gamma": 575.757838519802, "log10_alpha": -0.5184757354598473, "log10_colsample_bytree": -0.8141553889126637, "log10_eta": -3.6440698051764593, "log10_lambda": -2.1160729644392946, "log10_min_child_weight": 2.631738635617022, "log10_subsample": -0.9934521317457408, "max_depth": 8.0, "num_boost_round": 8.0}, "datetime": {"datetime": "2024-01-19 01:10:47", "elapsed": 3579.238545, "delta": 0.003769}}
{"target": -13.758498855813771, "params": {"gamma": 575.757838519802, "log10_alpha": -0.5184757354598473, "log10_colsample_bytree": -0.8141553889126637, "log10_eta": -3.6440698051764593, "log10_lambda": -2.1160729644392946, "log10_min_child_weight": 2.631738635617022, "log10_subsample": -0.9934521317457408, "max_depth": 8.0, "num_boost_round": 9.0}, "datetime": {"datetime": "2024-01-19 01:10:47", "elapsed": 3579.242436, "delta": 0.003891}}
{"target": -13.758492988123617, "params": {"gamma": 575.757838519802, "log10_alpha": -0.5184757354598473, "log10_colsample_bytree": -0.8141553889126637, "log10_eta": -3.6440698051764593, "log10_lambda": -2.1160729644392946, "log10_min_child_weight": 2.631738635617022, "log10_subsample": -0.9934521317457408, "max_depth": 8.0, "num_boost_round": 10.0}, "datetime": {"datetime": "2024-01-19 01:10:47", "elapsed": 3579.246472, "delta": 0.004036}}
{"target": -13.758490226049219, "params": {"gamma": 575.757838519802, "log10_alpha": -0.5184757354598473, "log10_colsample_bytree": -0.8141553889126637, "log10_eta": -3.6440698051764593, "log10_lambda": -2.1160729644392946, "log10_min_child_weight": 2.631738635617022, "log10_subsample": -0.9934521317457408, "max_depth": 8.0, "num_boost_round": 11.0}, "datetime": {"datetime": "2024-01-19 01:10:47", "elapsed": 3579.250352, "delta": 0.00388}}
{"target": -13.758485411161265, "params": {"gamma": 575.757838519802, "log10_alpha": -0.5184757354598473, "log10_colsample_bytree": -0.8141553889126637, "log10_eta": -3.6440698051764593, "log10_lambda": -2.1160729644392946, "log10_min_child_weight": 2.631738635617022, "log10_subsample": -0.9934521317457408, "max_depth": 8.0, "num_boost_round": 12.0}, "datetime": {"datetime": "2024-01-19 01:10:47", "elapsed": 3579.254298, "delta": 0.003946}}
{"target": -13.758481791489892, "params": {"gamma": 575.757838519802, "log10_alpha": -0.5184757354598473, "log10_colsample_bytree": -0.8141553889126637, "log10_eta": -3.6440698051764593, "log10_lambda": -2.1160729644392946, "log10_min_child_weight": 2.631738635617022, "log10_subsample": -0.9934521317457408, "max_depth": 8.0, "num_boost_round": 13.0}, "datetime": {"datetime": "2024-01-19 01:10:47", "elapsed": 3579.258114, "delta": 0.003816}}
{"target": -13.758476871898605, "params": {"gamma": 575.757838519802, "log10_alpha": -0.5184757354598473, "log10_colsample_bytree": -0.8141553889126637, "log10_eta": -3.6440698051764593, "log10_lambda": -2.1160729644392946, "log10_min_child_weight": 2.631738635617022, "log10_subsample": -0.9934521317457408, "max_depth": 8.0, "num_boost_round": 14.0}, "datetime": {"datetime": "2024-01-19 01:10:47", "elapsed": 3579.261845, "delta": 0.003731}}
{"target": -13.75846969056087, "params": {"gamma": 575.757838519802, "log10_alpha": -0.5184757354598473, "log10_colsample_bytree": -0.8141553889126637, "log10_eta": -3.6440698051764593, "log10_lambda": -2.1160729644392946, "log10_min_child_weight": 2.631738635617022, "log10_subsample": -0.9934521317457408, "max_depth": 8.0, "num_boost_round": 15.0}, "datetime": {"datetime": "2024-01-19 01:10:47", "elapsed": 3579.265691, "delta": 0.003846}}
{"target": -13.758468254722208, "params": {"gamma": 575.757838519802, "log10_alpha": -0.5184757354598473, "log10_colsample_bytree": -0.8141553889126637, "log10_eta": -3.6440698051764593, "log10_lambda": -2.1160729644392946, "log10_min_child_weight": 2.631738635617022, "log10_subsample": -0.9934521317457408, "max_depth": 8.0, "num_boost_round": 16.0}, "datetime": {"datetime": "2024-01-19 01:10:47", "elapsed": 3579.269598, "delta": 0.003907}}
{"target": -13.758464373596526, "params": {"gamma": 575.757838519802, "log10_alpha": -0.5184757354598473, "log10_colsample_bytree": -0.8141553889126637, "log10_eta": -3.6440698051764593, "log10_lambda": -2.1160729644392946, "log10_min_child_weight": 2.631738635617022, "log10_subsample": -0.9934521317457408, "max_depth": 8.0, "num_boost_round": 17.0}, "datetime": {"datetime": "2024-01-19 01:10:47", "elapsed": 3579.273299, "delta": 0.003701}}
{"target": -13.758464314500888, "params": {"gamma": 575.757838519802, "log10_alpha": -0.5184757354598473, "log10_colsample_bytree": -0.8141553889126637, "log10_eta": -3.6440698051764593, "log10_lambda": -2.1160729644392946, "log10_min_child_weight": 2.631738635617022, "log10_subsample": -0.9934521317457408, "max_depth": 8.0, "num_boost_round": 18.0}, "datetime": {"datetime": "2024-01-19 01:10:47", "elapsed": 3579.276999, "delta": 0.0037}}
{"target": -13.758464249044938, "params": {"gamma": 575.757838519802, "log10_alpha": -0.5184757354598473, "log10_colsample_bytree": -0.8141553889126637, "log10_eta": -3.6440698051764593, "log10_lambda": -2.1160729644392946, "log10_min_child_weight": 2.631738635617022, "log10_subsample": -0.9934521317457408, "max_depth": 8.0, "num_boost_round": 19.0}, "datetime": {"datetime": "2024-01-19 01:10:47", "elapsed": 3579.280734, "delta": 0.003735}}
{"target": -13.758459228923096, "params": {"gamma": 575.757838519802, "log10_alpha": -0.5184757354598473, "log10_colsample_bytree": -0.8141553889126637, "log10_eta": -3.6440698051764593, "log10_lambda": -2.1160729644392946, "log10_min_child_weight": 2.631738635617022, "log10_subsample": -0.9934521317457408, "max_depth": 8.0, "num_boost_round": 20.0}, "datetime": {"datetime": "2024-01-19 01:10:47", "elapsed": 3579.284573, "delta": 0.003839}}
{"target": -13.758456333001032, "params": {"gamma": 575.757838519802, "log10_alpha": -0.5184757354598473, "log10_colsample_bytree": -0.8141553889126637, "log10_eta": -3.6440698051764593, "log10_lambda": -2.1160729644392946, "log10_min_child_weight": 2.631738635617022, "log10_subsample": -0.9934521317457408, "max_depth": 8.0, "num_boost_round": 21.0}, "datetime": {"datetime": "2024-01-19 01:10:47", "elapsed": 3579.28839, "delta": 0.003817}}
{"target": -13.75844722834695, "params": {"gamma": 575.757838519802, "log10_alpha": -0.5184757354598473, "log10_colsample_bytree": -0.8141553889126637, "log10_eta": -3.6440698051764593, "log10_lambda": -2.1160729644392946, "log10_min_child_weight": 2.631738635617022, "log10_subsample": -0.9934521317457408, "max_depth": 8.0, "num_boost_round": 22.0}, "datetime": {"datetime": "2024-01-19 01:10:47", "elapsed": 3579.292092, "delta": 0.003702}}
{"target": -13.758434533664062, "params": {"gamma": 575.757838519802, "log10_alpha": -0.5184757354598473, "log10_colsample_bytree": -0.8141553889126637, "log10_eta": -3.6440698051764593, "log10_lambda": -2.1160729644392946, "log10_min_child_weight": 2.631738635617022, "log10_subsample": -0.9934521317457408, "max_depth": 8.0, "num_boost_round": 23.0}, "datetime": {"datetime": "2024-01-19 01:10:47", "elapsed": 3579.295796, "delta": 0.003704}}
{"target": -13.758432653868784, "params": {"gamma": 575.757838519802, "log10_alpha": -0.5184757354598473, "log10_colsample_bytree": -0.8141553889126637, "log10_eta": -3.6440698051764593, "log10_lambda": -2.1160729644392946, "log10_min_child_weight": 2.631738635617022, "log10_subsample": -0.9934521317457408, "max_depth": 8.0, "num_boost_round": 24.0}, "datetime": {"datetime": "2024-01-19 01:10:47", "elapsed": 3579.299495, "delta": 0.003699}}
{"target": -13.758420930925462, "params": {"gamma": 575.757838519802, "log10_alpha": -0.5184757354598473, "log10_colsample_bytree": -0.8141553889126637, "log10_eta": -3.6440698051764593, "log10_lambda": -2.1160729644392946, "log10_min_child_weight": 2.631738635617022, "log10_subsample": -0.9934521317457408, "max_depth": 8.0, "num_boost_round": 25.0}, "datetime": {"datetime": "2024-01-19 01:10:47", "elapsed": 3579.303324, "delta": 0.003829}}
