{"target": -13.758533517077526, "params": {"gamma": 867.4658234239031, "log10_alpha": -3.7876141596051305, "log10_colsample_bytree": -0.382203408300931, "log10_eta": -3.9923678434867926, "log10_lambda": 0.8752764826807571, "log10_min_child_weight": 4.793466076202253, "log10_subsample": -0.42407282280041836, "max_depth": 5.0, "num_boost_round": 19.0}, "datetime": {"datetime": "2024-01-19 00:34:47", "elapsed": 1407.671148, "delta": 0.001581}}
{"target": -13.758546490040857, "params": {"gamma": 866.2710249288078, "log10_alpha": -1.0822370321497958, "log10_colsample_bytree": -0.10910128969989574, "log10_eta": -3.565797745058096, "log10_lambda": -0.5302081536908991, "log10_min_child_weight": 2.9432797052524506, "log10_subsample": -0.2818660770878566, "max_depth": 6.0, "num_boost_round": 0.0}, "datetime": {"datetime": "2024-01-19 00:35:09", "elapsed": 1429.717438, "delta": 22.04629}}
{"target": -13.75855100436896, "params": {"gamma": 866.2710249288078, "log10_alpha": -1.0822370321497958, "log10_colsample_bytree": -0.10910128969989574, "log10_eta": -3.565797745058096, "log10_lambda": -0.5302081536908991, "log10_min_child_weight": 2.9432797052524506, "log10_subsample": -0.2818660770878566, "max_depth": 6.0, "num_boost_round": 1.0}, "datetime": {"datetime": "2024-01-19 00:35:09", "elapsed": 1429.719299, "delta": 0.001861}}
{"target": -13.758547930134476, "params": {"gamma": 866.2710249288078, "log10_alpha": -1.0822370321497958, "log10_colsample_bytree": -0.10910128969989574, "log10_eta": -3.565797745058096, "log10_lambda": -0.5302081536908991, "log10_min_child_weight": 2.9432797052524506, "log10_subsample": -0.2818660770878566, "max_depth": 6.0, "num_boost_round": 2.0}, "datetime": {"datetime": "2024-01-19 00:35:09", "elapsed": 1429.721176, "delta": 0.001877}}
{"target": -13.758539564230396, "params": {"gamma": 866.2710249288078, "log10_alpha": -1.0822370321497958, "log10_colsample_bytree": -0.10910128969989574, "log10_eta": -3.565797745058096, "log10_lambda": -0.5302081536908991, "log10_min_child_weight": 2.9432797052524506, "log10_subsample": -0.2818660770878566, "max_depth": 6.0, "num_boost_round": 3.0}, "datetime": {"datetime": "2024-01-19 00:35:09", "elapsed": 1429.722796, "delta": 0.00162}}
{"target": -13.758538485055753, "params": {"gamma": 866.2710249288078, "log10_alpha": -1.0822370321497958, "log10_colsample_bytree": -0.10910128969989574, "log10_eta": -3.565797745058096, "log10_lambda": -0.5302081536908991, "log10_min_child_weight": 2.9432797052524506, "log10_subsample": -0.2818660770878566, "max_depth": 6.0, "num_boost_round": 4.0}, "datetime": {"datetime": "2024-01-19 00:35:09", "elapsed": 1429.724435, "delta": 0.001639}}
{"target": -13.758546787085558, "params": {"gamma": 866.2710249288078, "log10_alpha": -1.0822370321497958, "log10_colsample_bytree": -0.10910128969989574, "log10_eta": -3.565797745058096, "log10_lambda": -0.5302081536908991, "log10_min_child_weight": 2.9432797052524506, "log10_subsample": -0.2818660770878566, "max_depth": 6.0, "num_boost_round": 5.0}, "datetime": {"datetime": "2024-01-19 00:35:09", "elapsed": 1429.726252, "delta": 0.001817}}
{"target": -13.758547066998473, "params": {"gamma": 866.2710249288078, "log10_alpha": -1.0822370321497958, "log10_colsample_bytree": -0.10910128969989574, "log10_eta": -3.565797745058096, "log10_lambda": -0.5302081536908991, "log10_min_child_weight": 2.9432797052524506, "log10_subsample": -0.2818660770878566, "max_depth": 6.0, "num_boost_round": 6.0}, "datetime": {"datetime": "2024-01-19 00:35:09", "elapsed": 1429.728449, "delta": 0.002197}}
{"target": -13.758553551658865, "params": {"gamma": 866.2710249288078, "log10_alpha": -1.0822370321497958, "log10_colsample_bytree": -0.10910128969989574, "log10_eta": -3.565797745058096, "log10_lambda": -0.5302081536908991, "log10_min_child_weight": 2.9432797052524506, "log10_subsample": -0.2818660770878566, "max_depth": 6.0, "num_boost_round": 7.0}, "datetime": {"datetime": "2024-01-19 00:35:09", "elapsed": 1429.730132, "delta": 0.001683}}
{"target": -13.758556938948395, "params": {"gamma": 866.2710249288078, "log10_alpha": -1.0822370321497958, "log10_colsample_bytree": -0.10910128969989574, "log10_eta": -3.565797745058096, "log10_lambda": -0.5302081536908991, "log10_min_child_weight": 2.9432797052524506, "log10_subsample": -0.2818660770878566, "max_depth": 6.0, "num_boost_round": 8.0}, "datetime": {"datetime": "2024-01-19 00:35:09", "elapsed": 1429.732001, "delta": 0.001869}}
{"target": -13.75856111967908, "params": {"gamma": 866.2710249288078, "log10_alpha": -1.0822370321497958, "log10_colsample_bytree": -0.10910128969989574, "log10_eta": -3.565797745058096, "log10_lambda": -0.5302081536908991, "log10_min_child_weight": 2.9432797052524506, "log10_subsample": -0.2818660770878566, "max_depth": 6.0, "num_boost_round": 9.0}, "datetime": {"datetime": "2024-01-19 00:35:09", "elapsed": 1429.733693, "delta": 0.001692}}
{"target": -13.758555237447057, "params": {"gamma": 866.2710249288078, "log10_alpha": -1.0822370321497958, "log10_colsample_bytree": -0.10910128969989574, "log10_eta": -3.565797745058096, "log10_lambda": -0.5302081536908991, "log10_min_child_weight": 2.9432797052524506, "log10_subsample": -0.2818660770878566, "max_depth": 6.0, "num_boost_round": 10.0}, "datetime": {"datetime": "2024-01-19 00:35:09", "elapsed": 1429.735316, "delta": 0.001623}}
{"target": -13.758555647640874, "params": {"gamma": 866.2710249288078, "log10_alpha": -1.0822370321497958, "log10_colsample_bytree": -0.10910128969989574, "log10_eta": -3.565797745058096, "log10_lambda": -0.5302081536908991, "log10_min_child_weight": 2.9432797052524506, "log10_subsample": -0.2818660770878566, "max_depth": 6.0, "num_boost_round": 11.0}, "datetime": {"datetime": "2024-01-19 00:35:09", "elapsed": 1429.73692, "delta": 0.001604}}
{"target": -13.758560978539446, "params": {"gamma": 866.2710249288078, "log10_alpha": -1.0822370321497958, "log10_colsample_bytree": -0.10910128969989574, "log10_eta": -3.565797745058096, "log10_lambda": -0.5302081536908991, "log10_min_child_weight": 2.9432797052524506, "log10_subsample": -0.2818660770878566, "max_depth": 6.0, "num_boost_round": 12.0}, "datetime": {"datetime": "2024-01-19 00:35:09", "elapsed": 1429.738543, "delta": 0.001623}}
{"target": -13.758566054059571, "params": {"gamma": 866.2710249288078, "log10_alpha": -1.0822370321497958, "log10_colsample_bytree": -0.10910128969989574, "log10_eta": -3.565797745058096, "log10_lambda": -0.5302081536908991, "log10_min_child_weight": 2.9432797052524506, "log10_subsample": -0.2818660770878566, "max_depth": 6.0, "num_boost_round": 13.0}, "datetime": {"datetime": "2024-01-19 00:35:09", "elapsed": 1429.740138, "delta": 0.001595}}
{"target": -13.758571319835799, "params": {"gamma": 866.2710249288078, "log10_alpha": -1.0822370321497958, "log10_colsample_bytree": -0.10910128969989574, "log10_eta": -3.565797745058096, "log10_lambda": -0.5302081536908991, "log10_min_child_weight": 2.9432797052524506, "log10_subsample": -0.2818660770878566, "max_depth": 6.0, "num_boost_round": 14.0}, "datetime": {"datetime": "2024-01-19 00:35:09", "elapsed": 1429.741814, "delta": 0.001676}}
{"target": -13.758567608760083, "params": {"gamma": 866.2710249288078, "log10_alpha": -1.0822370321497958, "log10_colsample_bytree": -0.10910128969989574, "log10_eta": -3.565797745058096, "log10_lambda": -0.5302081536908991, "log10_min_child_weight": 2.9432797052524506, "log10_subsample": -0.2818660770878566, "max_depth": 6.0, "num_boost_round": 15.0}, "datetime": {"datetime": "2024-01-19 00:35:09", "elapsed": 1429.743469, "delta": 0.001655}}
{"target": -13.758566363385325, "params": {"gamma": 866.2710249288078, "log10_alpha": -1.0822370321497958, "log10_colsample_bytree": -0.10910128969989574, "log10_eta": -3.565797745058096, "log10_lambda": -0.5302081536908991, "log10_min_child_weight": 2.9432797052524506, "log10_subsample": -0.2818660770878566, "max_depth": 6.0, "num_boost_round": 16.0}, "datetime": {"datetime": "2024-01-19 00:35:09", "elapsed": 1429.74512, "delta": 0.001651}}
{"target": -13.758496692015601, "params": {"gamma": 870.0314588439812, "log10_alpha": 0.11160405959250763, "log10_colsample_bytree": -0.6934176871361166, "log10_eta": -2.681807196065113, "log10_lambda": -1.263700674711167, "log10_min_child_weight": 1.8639024914098594, "log10_subsample": -0.7826945346332187, "max_depth": 5.0, "num_boost_round": 0.0}, "datetime": {"datetime": "2024-01-19 00:35:35", "elapsed": 1455.474858, "delta": 25.729738}}
{"target": -13.758433873336811, "params": {"gamma": 870.0314588439812, "log10_alpha": 0.11160405959250763, "log10_colsample_bytree": -0.6934176871361166, "log10_eta": -2.681807196065113, "log10_lambda": -1.263700674711167, "log10_min_child_weight": 1.8639024914098594, "log10_subsample": -0.7826945346332187, "max_depth": 5.0, "num_boost_round": 1.0}, "datetime": {"datetime": "2024-01-19 00:35:35", "elapsed": 1455.476865, "delta": 0.002007}}
{"target": -13.758411739600687, "params": {"gamma": 870.0314588439812, "log10_alpha": 0.11160405959250763, "log10_colsample_bytree": -0.6934176871361166, "log10_eta": -2.681807196065113, "log10_lambda": -1.263700674711167, "log10_min_child_weight": 1.8639024914098594, "log10_subsample": -0.7826945346332187, "max_depth": 5.0, "num_boost_round": 2.0}, "datetime": {"datetime": "2024-01-19 00:35:35", "elapsed": 1455.478889, "delta": 0.002024}}
{"target": -13.758363409236914, "params": {"gamma": 870.0314588439812, "log10_alpha": 0.11160405959250763, "log10_colsample_bytree": -0.6934176871361166, "log10_eta": -2.681807196065113, "log10_lambda": -1.263700674711167, "log10_min_child_weight": 1.8639024914098594, "log10_subsample": -0.7826945346332187, "max_depth": 5.0, "num_boost_round": 3.0}, "datetime": {"datetime": "2024-01-19 00:35:35", "elapsed": 1455.480494, "delta": 0.001605}}
{"target": -13.758386448294914, "params": {"gamma": 870.0314588439812, "log10_alpha": 0.11160405959250763, "log10_colsample_bytree": -0.6934176871361166, "log10_eta": -2.681807196065113, "log10_lambda": -1.263700674711167, "log10_min_child_weight": 1.8639024914098594, "log10_subsample": -0.7826945346332187, "max_depth": 5.0, "num_boost_round": 4.0}, "datetime": {"datetime": "2024-01-19 00:35:35", "elapsed": 1455.482186, "delta": 0.001692}}
{"target": -13.75832478112575, "params": {"gamma": 870.0314588439812, "log10_alpha": 0.11160405959250763, "log10_colsample_bytree": -0.6934176871361166, "log10_eta": -2.681807196065113, "log10_lambda": -1.263700674711167, "log10_min_child_weight": 1.8639024914098594, "log10_subsample": -0.7826945346332187, "max_depth": 5.0, "num_boost_round": 5.0}, "datetime": {"datetime": "2024-01-19 00:35:35", "elapsed": 1455.483812, "delta": 0.001626}}
{"target": -13.758309049486982, "params": {"gamma": 870.0314588439812, "log10_alpha": 0.11160405959250763, "log10_colsample_bytree": -0.6934176871361166, "log10_eta": -2.681807196065113, "log10_lambda": -1.263700674711167, "log10_min_child_weight": 1.8639024914098594, "log10_subsample": -0.7826945346332187, "max_depth": 5.0, "num_boost_round": 6.0}, "datetime": {"datetime": "2024-01-19 00:35:35", "elapsed": 1455.485407, "delta": 0.001595}}
{"target": -13.758229459498864, "params": {"gamma": 870.0314588439812, "log10_alpha": 0.11160405959250763, "log10_colsample_bytree": -0.6934176871361166, "log10_eta": -2.681807196065113, "log10_lambda": -1.263700674711167, "log10_min_child_weight": 1.8639024914098594, "log10_subsample": -0.7826945346332187, "max_depth": 5.0, "num_boost_round": 7.0}, "datetime": {"datetime": "2024-01-19 00:35:35", "elapsed": 1455.487012, "delta": 0.001605}}
{"target": -13.758203424537585, "params": {"gamma": 870.0314588439812, "log10_alpha": 0.11160405959250763, "log10_colsample_bytree": -0.6934176871361166, "log10_eta": -2.681807196065113, "log10_lambda": -1.263700674711167, "log10_min_child_weight": 1.8639024914098594, "log10_subsample": -0.7826945346332187, "max_depth": 5.0, "num_boost_round": 8.0}, "datetime": {"datetime": "2024-01-19 00:35:35", "elapsed": 1455.488629, "delta": 0.001617}}
{"target": -13.758255804355617, "params": {"gamma": 870.0314588439812, "log10_alpha": 0.11160405959250763, "log10_colsample_bytree": -0.6934176871361166, "log10_eta": -2.681807196065113, "log10_lambda": -1.263700674711167, "log10_min_child_weight": 1.8639024914098594, "log10_subsample": -0.7826945346332187, "max_depth": 5.0, "num_boost_round": 9.0}, "datetime": {"datetime": "2024-01-19 00:35:35", "elapsed": 1455.490256, "delta": 0.001627}}
{"target": -13.75824152913258, "params": {"gamma": 870.0314588439812, "log10_alpha": 0.11160405959250763, "log10_colsample_bytree": -0.6934176871361166, "log10_eta": -2.681807196065113, "log10_lambda": -1.263700674711167, "log10_min_child_weight": 1.8639024914098594, "log10_subsample": -0.7826945346332187, "max_depth": 5.0, "num_boost_round": 10.0}, "datetime": {"datetime": "2024-01-19 00:35:35", "elapsed": 1455.49188, "delta": 0.001624}}
{"target": -13.758203190275438, "params": {"gamma": 870.0314588439812, "log10_alpha": 0.11160405959250763, "log10_colsample_bytree": -0.6934176871361166, "log10_eta": -2.681807196065113, "log10_lambda": -1.263700674711167, "log10_min_child_weight": 1.8639024914098594, "log10_subsample": -0.7826945346332187, "max_depth": 5.0, "num_boost_round": 11.0}, "datetime": {"datetime": "2024-01-19 00:35:35", "elapsed": 1455.493466, "delta": 0.001586}}
{"target": -13.758207160444023, "params": {"gamma": 870.0314588439812, "log10_alpha": 0.11160405959250763, "log10_colsample_bytree": -0.6934176871361166, "log10_eta": -2.681807196065113, "log10_lambda": -1.263700674711167, "log10_min_child_weight": 1.8639024914098594, "log10_subsample": -0.7826945346332187, "max_depth": 5.0, "num_boost_round": 12.0}, "datetime": {"datetime": "2024-01-19 00:35:35", "elapsed": 1455.495261, "delta": 0.001795}}
{"target": -13.758184226525392, "params": {"gamma": 870.0314588439812, "log10_alpha": 0.11160405959250763, "log10_colsample_bytree": -0.6934176871361166, "log10_eta": -2.681807196065113, "log10_lambda": -1.263700674711167, "log10_min_child_weight": 1.8639024914098594, "log10_subsample": -0.7826945346332187, "max_depth": 5.0, "num_boost_round": 13.0}, "datetime": {"datetime": "2024-01-19 00:35:35", "elapsed": 1455.496897, "delta": 0.001636}}
{"target": -13.758204011644501, "params": {"gamma": 870.0314588439812, "log10_alpha": 0.11160405959250763, "log10_colsample_bytree": -0.6934176871361166, "log10_eta": -2.681807196065113, "log10_lambda": -1.263700674711167, "log10_min_child_weight": 1.8639024914098594, "log10_subsample": -0.7826945346332187, "max_depth": 5.0, "num_boost_round": 14.0}, "datetime": {"datetime": "2024-01-19 00:35:35", "elapsed": 1455.498674, "delta": 0.001777}}
{"target": -13.758106985662618, "params": {"gamma": 870.0314588439812, "log10_alpha": 0.11160405959250763, "log10_colsample_bytree": -0.6934176871361166, "log10_eta": -2.681807196065113, "log10_lambda": -1.263700674711167, "log10_min_child_weight": 1.8639024914098594, "log10_subsample": -0.7826945346332187, "max_depth": 5.0, "num_boost_round": 15.0}, "datetime": {"datetime": "2024-01-19 00:35:35", "elapsed": 1455.500326, "delta": 0.001652}}
{"target": -13.758076901535565, "params": {"gamma": 870.0314588439812, "log10_alpha": 0.11160405959250763, "log10_colsample_bytree": -0.6934176871361166, "log10_eta": -2.681807196065113, "log10_lambda": -1.263700674711167, "log10_min_child_weight": 1.8639024914098594, "log10_subsample": -0.7826945346332187, "max_depth": 5.0, "num_boost_round": 16.0}, "datetime": {"datetime": "2024-01-19 00:35:35", "elapsed": 1455.502102, "delta": 0.001776}}
{"target": -13.757971794354646, "params": {"gamma": 870.0314588439812, "log10_alpha": 0.11160405959250763, "log10_colsample_bytree": -0.6934176871361166, "log10_eta": -2.681807196065113, "log10_lambda": -1.263700674711167, "log10_min_child_weight": 1.8639024914098594, "log10_subsample": -0.7826945346332187, "max_depth": 5.0, "num_boost_round": 17.0}, "datetime": {"datetime": "2024-01-19 00:35:35", "elapsed": 1455.503744, "delta": 0.001642}}
{"target": -13.75793072628774, "params": {"gamma": 870.0314588439812, "log10_alpha": 0.11160405959250763, "log10_colsample_bytree": -0.6934176871361166, "log10_eta": -2.681807196065113, "log10_lambda": -1.263700674711167, "log10_min_child_weight": 1.8639024914098594, "log10_subsample": -0.7826945346332187, "max_depth": 5.0, "num_boost_round": 18.0}, "datetime": {"datetime": "2024-01-19 00:35:35", "elapsed": 1455.50536, "delta": 0.001616}}
{"target": -13.757912363040237, "params": {"gamma": 870.0314588439812, "log10_alpha": 0.11160405959250763, "log10_colsample_bytree": -0.6934176871361166, "log10_eta": -2.681807196065113, "log10_lambda": -1.263700674711167, "log10_min_child_weight": 1.8639024914098594, "log10_subsample": -0.7826945346332187, "max_depth": 5.0, "num_boost_round": 19.0}, "datetime": {"datetime": "2024-01-19 00:35:35", "elapsed": 1455.507017, "delta": 0.001657}}
{"target": -13.757855756047254, "params": {"gamma": 870.0314588439812, "log10_alpha": 0.11160405959250763, "log10_colsample_bytree": -0.6934176871361166, "log10_eta": -2.681807196065113, "log10_lambda": -1.263700674711167, "log10_min_child_weight": 1.8639024914098594, "log10_subsample": -0.7826945346332187, "max_depth": 5.0, "num_boost_round": 20.0}, "datetime": {"datetime": "2024-01-19 00:35:35", "elapsed": 1455.508641, "delta": 0.001624}}
{"target": -13.757783852739736, "params": {"gamma": 870.0314588439812, "log10_alpha": 0.11160405959250763, "log10_colsample_bytree": -0.6934176871361166, "log10_eta": -2.681807196065113, "log10_lambda": -1.263700674711167, "log10_min_child_weight": 1.8639024914098594, "log10_subsample": -0.7826945346332187, "max_depth": 5.0, "num_boost_round": 21.0}, "datetime": {"datetime": "2024-01-19 00:35:35", "elapsed": 1455.510247, "delta": 0.001606}}
{"target": -13.7576238195284, "params": {"gamma": 870.0314588439812, "log10_alpha": 0.11160405959250763, "log10_colsample_bytree": -0.6934176871361166, "log10_eta": -2.681807196065113, "log10_lambda": -1.263700674711167, "log10_min_child_weight": 1.8639024914098594, "log10_subsample": -0.7826945346332187, "max_depth": 5.0, "num_boost_round": 22.0}, "datetime": {"datetime": "2024-01-19 00:35:35", "elapsed": 1455.511877, "delta": 0.00163}}
{"target": -13.757582732089503, "params": {"gamma": 870.0314588439812, "log10_alpha": 0.11160405959250763, "log10_colsample_bytree": -0.6934176871361166, "log10_eta": -2.681807196065113, "log10_lambda": -1.263700674711167, "log10_min_child_weight": 1.8639024914098594, "log10_subsample": -0.7826945346332187, "max_depth": 5.0, "num_boost_round": 23.0}, "datetime": {"datetime": "2024-01-19 00:35:35", "elapsed": 1455.513662, "delta": 0.001785}}
{"target": -13.75760444989604, "params": {"gamma": 870.0314588439812, "log10_alpha": 0.11160405959250763, "log10_colsample_bytree": -0.6934176871361166, "log10_eta": -2.681807196065113, "log10_lambda": -1.263700674711167, "log10_min_child_weight": 1.8639024914098594, "log10_subsample": -0.7826945346332187, "max_depth": 5.0, "num_boost_round": 24.0}, "datetime": {"datetime": "2024-01-19 00:35:35", "elapsed": 1455.515292, "delta": 0.00163}}
{"target": -13.757998618388452, "params": {"gamma": 875.7844050878449, "log10_alpha": 0.9930958906550043, "log10_colsample_bytree": -0.8670309113900805, "log10_eta": -1.8487082199946663, "log10_lambda": -4.2484607264504195, "log10_min_child_weight": 0.40939068950127777, "log10_subsample": -0.0005100240806311662, "max_depth": 5.0, "num_boost_round": 0.0}, "datetime": {"datetime": "2024-01-19 00:35:56", "elapsed": 1476.910041, "delta": 21.394749}}
{"target": -13.757673208924064, "params": {"gamma": 875.7844050878449, "log10_alpha": 0.9930958906550043, "log10_colsample_bytree": -0.8670309113900805, "log10_eta": -1.8487082199946663, "log10_lambda": -4.2484607264504195, "log10_min_child_weight": 0.40939068950127777, "log10_subsample": -0.0005100240806311662, "max_depth": 5.0, "num_boost_round": 1.0}, "datetime": {"datetime": "2024-01-19 00:35:56", "elapsed": 1476.912247, "delta": 0.002206}}
{"target": -13.757016161487043, "params": {"gamma": 875.7844050878449, "log10_alpha": 0.9930958906550043, "log10_colsample_bytree": -0.8670309113900805, "log10_eta": -1.8487082199946663, "log10_lambda": -4.2484607264504195, "log10_min_child_weight": 0.40939068950127777, "log10_subsample": -0.0005100240806311662, "max_depth": 5.0, "num_boost_round": 2.0}, "datetime": {"datetime": "2024-01-19 00:35:56", "elapsed": 1476.914566, "delta": 0.002319}}
{"target": -13.756930425249871, "params": {"gamma": 875.7844050878449, "log10_alpha": 0.9930958906550043, "log10_colsample_bytree": -0.8670309113900805, "log10_eta": -1.8487082199946663, "log10_lambda": -4.2484607264504195, "log10_min_child_weight": 0.40939068950127777, "log10_subsample": -0.0005100240806311662, "max_depth": 5.0, "num_boost_round": 3.0}, "datetime": {"datetime": "2024-01-19 00:35:56", "elapsed": 1476.91629, "delta": 0.001724}}
{"target": -13.756728482629882, "params": {"gamma": 875.7844050878449, "log10_alpha": 0.9930958906550043, "log10_colsample_bytree": -0.8670309113900805, "log10_eta": -1.8487082199946663, "log10_lambda": -4.2484607264504195, "log10_min_child_weight": 0.40939068950127777, "log10_subsample": -0.0005100240806311662, "max_depth": 5.0, "num_boost_round": 4.0}, "datetime": {"datetime": "2024-01-19 00:35:56", "elapsed": 1476.917944, "delta": 0.001654}}
{"target": -13.756655668285564, "params": {"gamma": 875.7844050878449, "log10_alpha": 0.9930958906550043, "log10_colsample_bytree": -0.8670309113900805, "log10_eta": -1.8487082199946663, "log10_lambda": -4.2484607264504195, "log10_min_child_weight": 0.40939068950127777, "log10_subsample": -0.0005100240806311662, "max_depth": 5.0, "num_boost_round": 5.0}, "datetime": {"datetime": "2024-01-19 00:35:56", "elapsed": 1476.91966, "delta": 0.001716}}
