{"target": -17.796472609286706, "params": {"gamma": 415.3634935088594, "log10_alpha": -2.804661206399458, "log10_colsample_bytree": -0.6299931480495831, "log10_eta": -0.20628990860692076, "log10_lambda": -0.6305678635195919, "log10_min_child_weight": 4.0180654705235295, "log10_subsample": -0.4415956716102518, "max_depth": 6.0, "num_boost_round": 7.0}, "datetime": {"datetime": "2024-01-19 01:06:48", "elapsed": 3313.466515, "delta": 0.002619}}
{"target": -17.805632953668667, "params": {"gamma": 415.3634935088594, "log10_alpha": -2.804661206399458, "log10_colsample_bytree": -0.6299931480495831, "log10_eta": -0.20628990860692076, "log10_lambda": -0.6305678635195919, "log10_min_child_weight": 4.0180654705235295, "log10_subsample": -0.4415956716102518, "max_depth": 6.0, "num_boost_round": 8.0}, "datetime": {"datetime": "2024-01-19 01:06:48", "elapsed": 3313.469148, "delta": 0.002633}}
{"target": -17.81706611149831, "params": {"gamma": 415.3634935088594, "log10_alpha": -2.804661206399458, "log10_colsample_bytree": -0.6299931480495831, "log10_eta": -0.20628990860692076, "log10_lambda": -0.6305678635195919, "log10_min_child_weight": 4.0180654705235295, "log10_subsample": -0.4415956716102518, "max_depth": 6.0, "num_boost_round": 9.0}, "datetime": {"datetime": "2024-01-19 01:06:48", "elapsed": 3313.471785, "delta": 0.002637}}
{"target": -17.826749643579028, "params": {"gamma": 415.3634935088594, "log10_alpha": -2.804661206399458, "log10_colsample_bytree": -0.6299931480495831, "log10_eta": -0.20628990860692076, "log10_lambda": -0.6305678635195919, "log10_min_child_weight": 4.0180654705235295, "log10_subsample": -0.4415956716102518, "max_depth": 6.0, "num_boost_round": 10.0}, "datetime": {"datetime": "2024-01-19 01:06:48", "elapsed": 3313.474557, "delta": 0.002772}}
{"target": -17.67723261579283, "params": {"gamma": 448.71896540460756, "log10_alpha": -3.2542855465714577, "log10_colsample_bytree": -0.9610415863316173, "log10_eta": -3.8486287840359577, "log10_lambda": -0.20689666364817327, "log10_min_child_weight": 1.0404157123417375, "log10_subsample": -0.5632233017661316, "max_depth": 8.0, "num_boost_round": 0.0}, "datetime": {"datetime": "2024-01-19 01:07:25", "elapsed": 3349.904849, "delta": 36.430292}}
{"target": -17.677237760343615, "params": {"gamma": 448.71896540460756, "log10_alpha": -3.2542855465714577, "log10_colsample_bytree": -0.9610415863316173, "log10_eta": -3.8486287840359577, "log10_lambda": -0.20689666364817327, "log10_min_child_weight": 1.0404157123417375, "log10_subsample": -0.5632233017661316, "max_depth": 8.0, "num_boost_round": 1.0}, "datetime": {"datetime": "2024-01-19 01:07:25", "elapsed": 3349.908225, "delta": 0.003376}}
{"target": -17.677235130803073, "params": {"gamma": 448.71896540460756, "log10_alpha": -3.2542855465714577, "log10_colsample_bytree": -0.9610415863316173, "log10_eta": -3.8486287840359577, "log10_lambda": -0.20689666364817327, "log10_min_child_weight": 1.0404157123417375, "log10_subsample": -0.5632233017661316, "max_depth": 8.0, "num_boost_round": 2.0}, "datetime": {"datetime": "2024-01-19 01:07:25", "elapsed": 3349.911047, "delta": 0.002822}}
{"target": -17.677231618552465, "params": {"gamma": 448.71896540460756, "log10_alpha": -3.2542855465714577, "log10_colsample_bytree": -0.9610415863316173, "log10_eta": -3.8486287840359577, "log10_lambda": -0.20689666364817327, "log10_min_child_weight": 1.0404157123417375, "log10_subsample": -0.5632233017661316, "max_depth": 8.0, "num_boost_round": 3.0}, "datetime": {"datetime": "2024-01-19 01:07:25", "elapsed": 3349.913844, "delta": 0.002797}}
{"target": -17.67722048514282, "params": {"gamma": 448.71896540460756, "log10_alpha": -3.2542855465714577, "log10_colsample_bytree": -0.9610415863316173, "log10_eta": -3.8486287840359577, "log10_lambda": -0.20689666364817327, "log10_min_child_weight": 1.0404157123417375, "log10_subsample": -0.5632233017661316, "max_depth": 8.0, "num_boost_round": 4.0}, "datetime": {"datetime": "2024-01-19 01:07:25", "elapsed": 3349.916434, "delta": 0.00259}}
{"target": -17.677220464425346, "params": {"gamma": 448.71896540460756, "log10_alpha": -3.2542855465714577, "log10_colsample_bytree": -0.9610415863316173, "log10_eta": -3.8486287840359577, "log10_lambda": -0.20689666364817327, "log10_min_child_weight": 1.0404157123417375, "log10_subsample": -0.5632233017661316, "max_depth": 8.0, "num_boost_round": 5.0}, "datetime": {"datetime": "2024-01-19 01:07:25", "elapsed": 3349.919029, "delta": 0.002595}}
{"target": -17.67722536924752, "params": {"gamma": 448.71896540460756, "log10_alpha": -3.2542855465714577, "log10_colsample_bytree": -0.9610415863316173, "log10_eta": -3.8486287840359577, "log10_lambda": -0.20689666364817327, "log10_min_child_weight": 1.0404157123417375, "log10_subsample": -0.5632233017661316, "max_depth": 8.0, "num_boost_round": 6.0}, "datetime": {"datetime": "2024-01-19 01:07:25", "elapsed": 3349.921626, "delta": 0.002597}}
{"target": -17.67721288494652, "params": {"gamma": 448.71896540460756, "log10_alpha": -3.2542855465714577, "log10_colsample_bytree": -0.9610415863316173, "log10_eta": -3.8486287840359577, "log10_lambda": -0.20689666364817327, "log10_min_child_weight": 1.0404157123417375, "log10_subsample": -0.5632233017661316, "max_depth": 8.0, "num_boost_round": 7.0}, "datetime": {"datetime": "2024-01-19 01:07:25", "elapsed": 3349.924257, "delta": 0.002631}}
{"target": -17.67721267332143, "params": {"gamma": 448.71896540460756, "log10_alpha": -3.2542855465714577, "log10_colsample_bytree": -0.9610415863316173, "log10_eta": -3.8486287840359577, "log10_lambda": -0.20689666364817327, "log10_min_child_weight": 1.0404157123417375, "log10_subsample": -0.5632233017661316, "max_depth": 8.0, "num_boost_round": 8.0}, "datetime": {"datetime": "2024-01-19 01:07:25", "elapsed": 3349.926865, "delta": 0.002608}}
{"target": -17.677205936854037, "params": {"gamma": 448.71896540460756, "log10_alpha": -3.2542855465714577, "log10_colsample_bytree": -0.9610415863316173, "log10_eta": -3.8486287840359577, "log10_lambda": -0.20689666364817327, "log10_min_child_weight": 1.0404157123417375, "log10_subsample": -0.5632233017661316, "max_depth": 8.0, "num_boost_round": 9.0}, "datetime": {"datetime": "2024-01-19 01:07:25", "elapsed": 3349.929448, "delta": 0.002583}}
{"target": -17.677202540581266, "params": {"gamma": 448.71896540460756, "log10_alpha": -3.2542855465714577, "log10_colsample_bytree": -0.9610415863316173, "log10_eta": -3.8486287840359577, "log10_lambda": -0.20689666364817327, "log10_min_child_weight": 1.0404157123417375, "log10_subsample": -0.5632233017661316, "max_depth": 8.0, "num_boost_round": 10.0}, "datetime": {"datetime": "2024-01-19 01:07:25", "elapsed": 3349.932136, "delta": 0.002688}}
{"target": -17.677193906759882, "params": {"gamma": 448.71896540460756, "log10_alpha": -3.2542855465714577, "log10_colsample_bytree": -0.9610415863316173, "log10_eta": -3.8486287840359577, "log10_lambda": -0.20689666364817327, "log10_min_child_weight": 1.0404157123417375, "log10_subsample": -0.5632233017661316, "max_depth": 8.0, "num_boost_round": 11.0}, "datetime": {"datetime": "2024-01-19 01:07:25", "elapsed": 3349.934849, "delta": 0.002713}}
{"target": -17.69295569534191, "params": {"gamma": 417.01872176120827, "log10_alpha": -2.3131784463868055, "log10_colsample_bytree": -0.4539476519399336, "log10_eta": -0.06811997572029105, "log10_lambda": -1.3070860582158765, "log10_min_child_weight": 4.023320349476372, "log10_subsample": -0.4658202050321728, "max_depth": 2.0, "num_boost_round": 0.0}, "datetime": {"datetime": "2024-01-19 01:08:08", "elapsed": 3392.680882, "delta": 42.746033}}
{"target": -17.692144069129178, "params": {"gamma": 417.01872176120827, "log10_alpha": -2.3131784463868055, "log10_colsample_bytree": -0.4539476519399336, "log10_eta": -0.06811997572029105, "log10_lambda": -1.3070860582158765, "log10_min_child_weight": 4.023320349476372, "log10_subsample": -0.4658202050321728, "max_depth": 2.0, "num_boost_round": 1.0}, "datetime": {"datetime": "2024-01-19 01:08:08", "elapsed": 3392.684046, "delta": 0.003164}}
{"target": -17.70083442516564, "params": {"gamma": 417.01872176120827, "log10_alpha": -2.3131784463868055, "log10_colsample_bytree": -0.4539476519399336, "log10_eta": -0.06811997572029105, "log10_lambda": -1.3070860582158765, "log10_min_child_weight": 4.023320349476372, "log10_subsample": -0.4658202050321728, "max_depth": 2.0, "num_boost_round": 2.0}, "datetime": {"datetime": "2024-01-19 01:08:08", "elapsed": 3392.686969, "delta": 0.002923}}
{"target": -17.724779434691747, "params": {"gamma": 417.01872176120827, "log10_alpha": -2.3131784463868055, "log10_colsample_bytree": -0.4539476519399336, "log10_eta": -0.06811997572029105, "log10_lambda": -1.3070860582158765, "log10_min_child_weight": 4.023320349476372, "log10_subsample": -0.4658202050321728, "max_depth": 2.0, "num_boost_round": 3.0}, "datetime": {"datetime": "2024-01-19 01:08:08", "elapsed": 3392.68967, "delta": 0.002701}}
{"target": -17.729350641637847, "params": {"gamma": 417.01872176120827, "log10_alpha": -2.3131784463868055, "log10_colsample_bytree": -0.4539476519399336, "log10_eta": -0.06811997572029105, "log10_lambda": -1.3070860582158765, "log10_min_child_weight": 4.023320349476372, "log10_subsample": -0.4658202050321728, "max_depth": 2.0, "num_boost_round": 4.0}, "datetime": {"datetime": "2024-01-19 01:08:08", "elapsed": 3392.692276, "delta": 0.002606}}
{"target": -17.7412268755493, "params": {"gamma": 417.01872176120827, "log10_alpha": -2.3131784463868055, "log10_colsample_bytree": -0.4539476519399336, "log10_eta": -0.06811997572029105, "log10_lambda": -1.3070860582158765, "log10_min_child_weight": 4.023320349476372, "log10_subsample": -0.4658202050321728, "max_depth": 2.0, "num_boost_round": 5.0}, "datetime": {"datetime": "2024-01-19 01:08:08", "elapsed": 3392.695, "delta": 0.002724}}
{"target": -17.743687934672632, "params": {"gamma": 417.01872176120827, "log10_alpha": -2.3131784463868055, "log10_colsample_bytree": -0.4539476519399336, "log10_eta": -0.06811997572029105, "log10_lambda": -1.3070860582158765, "log10_min_child_weight": 4.023320349476372, "log10_subsample": -0.4658202050321728, "max_depth": 2.0, "num_boost_round": 6.0}, "datetime": {"datetime": "2024-01-19 01:08:08", "elapsed": 3392.697612, "delta": 0.002612}}
{"target": -17.744737137251303, "params": {"gamma": 417.01872176120827, "log10_alpha": -2.3131784463868055, "log10_colsample_bytree": -0.4539476519399336, "log10_eta": -0.06811997572029105, "log10_lambda": -1.3070860582158765, "log10_min_child_weight": 4.023320349476372, "log10_subsample": -0.4658202050321728, "max_depth": 2.0, "num_boost_round": 7.0}, "datetime": {"datetime": "2024-01-19 01:08:08", "elapsed": 3392.700223, "delta": 0.002611}}
{"target": -17.741621192300915, "params": {"gamma": 417.01872176120827, "log10_alpha": -2.3131784463868055, "log10_colsample_bytree": -0.4539476519399336, "log10_eta": -0.06811997572029105, "log10_lambda": -1.3070860582158765, "log10_min_child_weight": 4.023320349476372, "log10_subsample": -0.4658202050321728, "max_depth": 2.0, "num_boost_round": 8.0}, "datetime": {"datetime": "2024-01-19 01:08:08", "elapsed": 3392.702831, "delta": 0.002608}}
{"target": -17.74499596942855, "params": {"gamma": 417.01872176120827, "log10_alpha": -2.3131784463868055, "log10_colsample_bytree": -0.4539476519399336, "log10_eta": -0.06811997572029105, "log10_lambda": -1.3070860582158765, "log10_min_child_weight": 4.023320349476372, "log10_subsample": -0.4658202050321728, "max_depth": 2.0, "num_boost_round": 9.0}, "datetime": {"datetime": "2024-01-19 01:08:08", "elapsed": 3392.705482, "delta": 0.002651}}
{"target": -17.757322329933388, "params": {"gamma": 417.01872176120827, "log10_alpha": -2.3131784463868055, "log10_colsample_bytree": -0.4539476519399336, "log10_eta": -0.06811997572029105, "log10_lambda": -1.3070860582158765, "log10_min_child_weight": 4.023320349476372, "log10_subsample": -0.4658202050321728, "max_depth": 2.0, "num_boost_round": 10.0}, "datetime": {"datetime": "2024-01-19 01:08:08", "elapsed": 3392.708095, "delta": 0.002613}}
{"target": -17.761801078979307, "params": {"gamma": 417.01872176120827, "log10_alpha": -2.3131784463868055, "log10_colsample_bytree": -0.4539476519399336, "log10_eta": -0.06811997572029105, "log10_lambda": -1.3070860582158765, "log10_min_child_weight": 4.023320349476372, "log10_subsample": -0.4658202050321728, "max_depth": 2.0, "num_boost_round": 11.0}, "datetime": {"datetime": "2024-01-19 01:08:08", "elapsed": 3392.710789, "delta": 0.002694}}
{"target": -17.78390316222032, "params": {"gamma": 417.01872176120827, "log10_alpha": -2.3131784463868055, "log10_colsample_bytree": -0.4539476519399336, "log10_eta": -0.06811997572029105, "log10_lambda": -1.3070860582158765, "log10_min_child_weight": 4.023320349476372, "log10_subsample": -0.4658202050321728, "max_depth": 2.0, "num_boost_round": 12.0}, "datetime": {"datetime": "2024-01-19 01:08:08", "elapsed": 3392.713589, "delta": 0.0028}}
{"target": -17.80424949653303, "params": {"gamma": 417.01872176120827, "log10_alpha": -2.3131784463868055, "log10_colsample_bytree": -0.4539476519399336, "log10_eta": -0.06811997572029105, "log10_lambda": -1.3070860582158765, "log10_min_child_weight": 4.023320349476372, "log10_subsample": -0.4658202050321728, "max_depth": 2.0, "num_boost_round": 13.0}, "datetime": {"datetime": "2024-01-19 01:08:08", "elapsed": 3392.71624, "delta": 0.002651}}
{"target": -17.808265749037457, "params": {"gamma": 417.01872176120827, "log10_alpha": -2.3131784463868055, "log10_colsample_bytree": -0.4539476519399336, "log10_eta": -0.06811997572029105, "log10_lambda": -1.3070860582158765, "log10_min_child_weight": 4.023320349476372, "log10_subsample": -0.4658202050321728, "max_depth": 2.0, "num_boost_round": 14.0}, "datetime": {"datetime": "2024-01-19 01:08:08", "elapsed": 3392.718947, "delta": 0.002707}}
{"target": -17.816475255917606, "params": {"gamma": 417.01872176120827, "log10_alpha": -2.3131784463868055, "log10_colsample_bytree": -0.4539476519399336, "log10_eta": -0.06811997572029105, "log10_lambda": -1.3070860582158765, "log10_min_child_weight": 4.023320349476372, "log10_subsample": -0.4658202050321728, "max_depth": 2.0, "num_boost_round": 15.0}, "datetime": {"datetime": "2024-01-19 01:08:08", "elapsed": 3392.721531, "delta": 0.002584}}
{"target": -17.818938710119355, "params": {"gamma": 417.01872176120827, "log10_alpha": -2.3131784463868055, "log10_colsample_bytree": -0.4539476519399336, "log10_eta": -0.06811997572029105, "log10_lambda": -1.3070860582158765, "log10_min_child_weight": 4.023320349476372, "log10_subsample": -0.4658202050321728, "max_depth": 2.0, "num_boost_round": 16.0}, "datetime": {"datetime": "2024-01-19 01:08:08", "elapsed": 3392.724114, "delta": 0.002583}}
{"target": -17.81690926155327, "params": {"gamma": 417.01872176120827, "log10_alpha": -2.3131784463868055, "log10_colsample_bytree": -0.4539476519399336, "log10_eta": -0.06811997572029105, "log10_lambda": -1.3070860582158765, "log10_min_child_weight": 4.023320349476372, "log10_subsample": -0.4658202050321728, "max_depth": 2.0, "num_boost_round": 17.0}, "datetime": {"datetime": "2024-01-19 01:08:08", "elapsed": 3392.726706, "delta": 0.002592}}
{"target": -17.816213026476664, "params": {"gamma": 417.01872176120827, "log10_alpha": -2.3131784463868055, "log10_colsample_bytree": -0.4539476519399336, "log10_eta": -0.06811997572029105, "log10_lambda": -1.3070860582158765, "log10_min_child_weight": 4.023320349476372, "log10_subsample": -0.4658202050321728, "max_depth": 2.0, "num_boost_round": 18.0}, "datetime": {"datetime": "2024-01-19 01:08:08", "elapsed": 3392.729328, "delta": 0.002622}}
{"target": -17.81444080297069, "params": {"gamma": 417.01872176120827, "log10_alpha": -2.3131784463868055, "log10_colsample_bytree": -0.4539476519399336, "log10_eta": -0.06811997572029105, "log10_lambda": -1.3070860582158765, "log10_min_child_weight": 4.023320349476372, "log10_subsample": -0.4658202050321728, "max_depth": 2.0, "num_boost_round": 19.0}, "datetime": {"datetime": "2024-01-19 01:08:08", "elapsed": 3392.732029, "delta": 0.002701}}
{"target": -17.813902885226707, "params": {"gamma": 417.01872176120827, "log10_alpha": -2.3131784463868055, "log10_colsample_bytree": -0.4539476519399336, "log10_eta": -0.06811997572029105, "log10_lambda": -1.3070860582158765, "log10_min_child_weight": 4.023320349476372, "log10_subsample": -0.4658202050321728, "max_depth": 2.0, "num_boost_round": 20.0}, "datetime": {"datetime": "2024-01-19 01:08:08", "elapsed": 3392.734684, "delta": 0.002655}}
{"target": -17.82078920722729, "params": {"gamma": 417.01872176120827, "log10_alpha": -2.3131784463868055, "log10_colsample_bytree": -0.4539476519399336, "log10_eta": -0.06811997572029105, "log10_lambda": -1.3070860582158765, "log10_min_child_weight": 4.023320349476372, "log10_subsample": -0.4658202050321728, "max_depth": 2.0, "num_boost_round": 21.0}, "datetime": {"datetime": "2024-01-19 01:08:08", "elapsed": 3392.737353, "delta": 0.002669}}
{"target": -17.825474280448145, "params": {"gamma": 417.01872176120827, "log10_alpha": -2.3131784463868055, "log10_colsample_bytree": -0.4539476519399336, "log10_eta": -0.06811997572029105, "log10_lambda": -1.3070860582158765, "log10_min_child_weight": 4.023320349476372, "log10_subsample": -0.4658202050321728, "max_depth": 2.0, "num_boost_round": 22.0}, "datetime": {"datetime": "2024-01-19 01:08:08", "elapsed": 3392.739979, "delta": 0.002626}}
{"target": -17.82550098898698, "params": {"gamma": 417.01872176120827, "log10_alpha": -2.3131784463868055, "log10_colsample_bytree": -0.4539476519399336, "log10_eta": -0.06811997572029105, "log10_lambda": -1.3070860582158765, "log10_min_child_weight": 4.023320349476372, "log10_subsample": -0.4658202050321728, "max_depth": 2.0, "num_boost_round": 23.0}, "datetime": {"datetime": "2024-01-19 01:08:08", "elapsed": 3392.742612, "delta": 0.002633}}
{"target": -17.827354625972895, "params": {"gamma": 417.01872176120827, "log10_alpha": -2.3131784463868055, "log10_colsample_bytree": -0.4539476519399336, "log10_eta": -0.06811997572029105, "log10_lambda": -1.3070860582158765, "log10_min_child_weight": 4.023320349476372, "log10_subsample": -0.4658202050321728, "max_depth": 2.0, "num_boost_round": 24.0}, "datetime": {"datetime": "2024-01-19 01:08:08", "elapsed": 3392.745249, "delta": 0.002637}}
{"target": -17.828875429788393, "params": {"gamma": 417.01872176120827, "log10_alpha": -2.3131784463868055, "log10_colsample_bytree": -0.4539476519399336, "log10_eta": -0.06811997572029105, "log10_lambda": -1.3070860582158765, "log10_min_child_weight": 4.023320349476372, "log10_subsample": -0.4658202050321728, "max_depth": 2.0, "num_boost_round": 25.0}, "datetime": {"datetime": "2024-01-19 01:08:08", "elapsed": 3392.747877, "delta": 0.002628}}
{"target": -17.677075354554034, "params": {"gamma": 425.20265795151266, "log10_alpha": -3.341914569954386, "log10_colsample_bytree": -0.7178494533627356, "log10_eta": -2.090848846042061, "log10_lambda": -3.160158603456493, "log10_min_child_weight": 1.8948639110842964, "log10_subsample": -0.7071103612527968, "max_depth": 7.0, "num_boost_round": 0.0}, "datetime": {"datetime": "2024-01-19 01:08:49", "elapsed": 3433.510971, "delta": 40.763094}}
{"target": -17.676579678342154, "params": {"gamma": 425.20265795151266, "log10_alpha": -3.341914569954386, "log10_colsample_bytree": -0.7178494533627356, "log10_eta": -2.090848846042061, "log10_lambda": -3.160158603456493, "log10_min_child_weight": 1.8948639110842964, "log10_subsample": -0.7071103612527968, "max_depth": 7.0, "num_boost_round": 1.0}, "datetime": {"datetime": "2024-01-19 01:08:49", "elapsed": 3433.514332, "delta": 0.003361}}
{"target": -17.676099354908636, "params": {"gamma": 425.20265795151266, "log10_alpha": -3.341914569954386, "log10_colsample_bytree": -0.7178494533627356, "log10_eta": -2.090848846042061, "log10_lambda": -3.160158603456493, "log10_min_child_weight": 1.8948639110842964, "log10_subsample": -0.7071103612527968, "max_depth": 7.0, "num_boost_round": 2.0}, "datetime": {"datetime": "2024-01-19 01:08:49", "elapsed": 3433.517133, "delta": 0.002801}}
{"target": -17.675518892131684, "params": {"gamma": 425.20265795151266, "log10_alpha": -3.341914569954386, "log10_colsample_bytree": -0.7178494533627356, "log10_eta": -2.090848846042061, "log10_lambda": -3.160158603456493, "log10_min_child_weight": 1.8948639110842964, "log10_subsample": -0.7071103612527968, "max_depth": 7.0, "num_boost_round": 3.0}, "datetime": {"datetime": "2024-01-19 01:08:49", "elapsed": 3433.519804, "delta": 0.002671}}
{"target": -17.67515743677481, "params": {"gamma": 425.20265795151266, "log10_alpha": -3.341914569954386, "log10_colsample_bytree": -0.7178494533627356, "log10_eta": -2.090848846042061, "log10_lambda": -3.160158603456493, "log10_min_child_weight": 1.8948639110842964, "log10_subsample": -0.7071103612527968, "max_depth": 7.0, "num_boost_round": 4.0}, "datetime": {"datetime": "2024-01-19 01:08:49", "elapsed": 3433.52247, "delta": 0.002666}}
{"target": -17.675472557562205, "params": {"gamma": 425.20265795151266, "log10_alpha": -3.341914569954386, "log10_colsample_bytree": -0.7178494533627356, "log10_eta": -2.090848846042061, "log10_lambda": -3.160158603456493, "log10_min_child_weight": 1.8948639110842964, "log10_subsample": -0.7071103612527968, "max_depth": 7.0, "num_boost_round": 5.0}, "datetime": {"datetime": "2024-01-19 01:08:49", "elapsed": 3433.52511, "delta": 0.00264}}
{"target": -17.67524748147385, "params": {"gamma": 425.20265795151266, "log10_alpha": -3.341914569954386, "log10_colsample_bytree": -0.7178494533627356, "log10_eta": -2.090848846042061, "log10_lambda": -3.160158603456493, "log10_min_child_weight": 1.8948639110842964, "log10_subsample": -0.7071103612527968, "max_depth": 7.0, "num_boost_round": 6.0}, "datetime": {"datetime": "2024-01-19 01:08:49", "elapsed": 3433.527745, "delta": 0.002635}}
