{"target": -17.677137152733202, "params": {"gamma": 709.6246216082202, "log10_alpha": 0.34010392510123744, "log10_colsample_bytree": -0.5912724288633928, "log10_eta": -3.763424972179738, "log10_lambda": 0.24979346151472726, "log10_min_child_weight": 0.08390958246683122, "log10_subsample": -0.0364864933581337, "max_depth": 5.0, "num_boost_round": 13.0}, "datetime": {"datetime": "2024-01-19 00:42:27", "elapsed": 1854.353568, "delta": 0.002329}}
{"target": -17.677142234028768, "params": {"gamma": 709.6246216082202, "log10_alpha": 0.34010392510123744, "log10_colsample_bytree": -0.5912724288633928, "log10_eta": -3.763424972179738, "log10_lambda": 0.24979346151472726, "log10_min_child_weight": 0.08390958246683122, "log10_subsample": -0.0364864933581337, "max_depth": 5.0, "num_boost_round": 14.0}, "datetime": {"datetime": "2024-01-19 00:42:27", "elapsed": 1854.355956, "delta": 0.002388}}
{"target": -17.677133936088488, "params": {"gamma": 709.6246216082202, "log10_alpha": 0.34010392510123744, "log10_colsample_bytree": -0.5912724288633928, "log10_eta": -3.763424972179738, "log10_lambda": 0.24979346151472726, "log10_min_child_weight": 0.08390958246683122, "log10_subsample": -0.0364864933581337, "max_depth": 5.0, "num_boost_round": 15.0}, "datetime": {"datetime": "2024-01-19 00:42:27", "elapsed": 1854.358277, "delta": 0.002321}}
{"target": -17.677133217670548, "params": {"gamma": 709.6246216082202, "log10_alpha": 0.34010392510123744, "log10_colsample_bytree": -0.5912724288633928, "log10_eta": -3.763424972179738, "log10_lambda": 0.24979346151472726, "log10_min_child_weight": 0.08390958246683122, "log10_subsample": -0.0364864933581337, "max_depth": 5.0, "num_boost_round": 16.0}, "datetime": {"datetime": "2024-01-19 00:42:27", "elapsed": 1854.360582, "delta": 0.002305}}
{"target": -17.677133362989267, "params": {"gamma": 709.6246216082202, "log10_alpha": 0.34010392510123744, "log10_colsample_bytree": -0.5912724288633928, "log10_eta": -3.763424972179738, "log10_lambda": 0.24979346151472726, "log10_min_child_weight": 0.08390958246683122, "log10_subsample": -0.0364864933581337, "max_depth": 5.0, "num_boost_round": 17.0}, "datetime": {"datetime": "2024-01-19 00:42:27", "elapsed": 1854.362885, "delta": 0.002303}}
{"target": -17.677131778072805, "params": {"gamma": 709.6246216082202, "log10_alpha": 0.34010392510123744, "log10_colsample_bytree": -0.5912724288633928, "log10_eta": -3.763424972179738, "log10_lambda": 0.24979346151472726, "log10_min_child_weight": 0.08390958246683122, "log10_subsample": -0.0364864933581337, "max_depth": 5.0, "num_boost_round": 18.0}, "datetime": {"datetime": "2024-01-19 00:42:27", "elapsed": 1854.365192, "delta": 0.002307}}
{"target": -17.677135311936926, "params": {"gamma": 709.6246216082202, "log10_alpha": 0.34010392510123744, "log10_colsample_bytree": -0.5912724288633928, "log10_eta": -3.763424972179738, "log10_lambda": 0.24979346151472726, "log10_min_child_weight": 0.08390958246683122, "log10_subsample": -0.0364864933581337, "max_depth": 5.0, "num_boost_round": 19.0}, "datetime": {"datetime": "2024-01-19 00:42:27", "elapsed": 1854.367567, "delta": 0.002375}}
{"target": -17.677126429678676, "params": {"gamma": 709.6246216082202, "log10_alpha": 0.34010392510123744, "log10_colsample_bytree": -0.5912724288633928, "log10_eta": -3.763424972179738, "log10_lambda": 0.24979346151472726, "log10_min_child_weight": 0.08390958246683122, "log10_subsample": -0.0364864933581337, "max_depth": 5.0, "num_boost_round": 20.0}, "datetime": {"datetime": "2024-01-19 00:42:27", "elapsed": 1854.369919, "delta": 0.002352}}
{"target": -17.677111860756316, "params": {"gamma": 709.6246216082202, "log10_alpha": 0.34010392510123744, "log10_colsample_bytree": -0.5912724288633928, "log10_eta": -3.763424972179738, "log10_lambda": 0.24979346151472726, "log10_min_child_weight": 0.08390958246683122, "log10_subsample": -0.0364864933581337, "max_depth": 5.0, "num_boost_round": 21.0}, "datetime": {"datetime": "2024-01-19 00:42:27", "elapsed": 1854.372241, "delta": 0.002322}}
{"target": -17.67709664020027, "params": {"gamma": 709.6246216082202, "log10_alpha": 0.34010392510123744, "log10_colsample_bytree": -0.5912724288633928, "log10_eta": -3.763424972179738, "log10_lambda": 0.24979346151472726, "log10_min_child_weight": 0.08390958246683122, "log10_subsample": -0.0364864933581337, "max_depth": 5.0, "num_boost_round": 22.0}, "datetime": {"datetime": "2024-01-19 00:42:27", "elapsed": 1854.374553, "delta": 0.002312}}
{"target": -17.677084496860243, "params": {"gamma": 709.6246216082202, "log10_alpha": 0.34010392510123744, "log10_colsample_bytree": -0.5912724288633928, "log10_eta": -3.763424972179738, "log10_lambda": 0.24979346151472726, "log10_min_child_weight": 0.08390958246683122, "log10_subsample": -0.0364864933581337, "max_depth": 5.0, "num_boost_round": 23.0}, "datetime": {"datetime": "2024-01-19 00:42:27", "elapsed": 1854.377062, "delta": 0.002509}}
{"target": -17.67708063264087, "params": {"gamma": 709.6246216082202, "log10_alpha": 0.34010392510123744, "log10_colsample_bytree": -0.5912724288633928, "log10_eta": -3.763424972179738, "log10_lambda": 0.24979346151472726, "log10_min_child_weight": 0.08390958246683122, "log10_subsample": -0.0364864933581337, "max_depth": 5.0, "num_boost_round": 24.0}, "datetime": {"datetime": "2024-01-19 00:42:27", "elapsed": 1854.379536, "delta": 0.002474}}
{"target": -17.677075134214967, "params": {"gamma": 709.6246216082202, "log10_alpha": 0.34010392510123744, "log10_colsample_bytree": -0.5912724288633928, "log10_eta": -3.763424972179738, "log10_lambda": 0.24979346151472726, "log10_min_child_weight": 0.08390958246683122, "log10_subsample": -0.0364864933581337, "max_depth": 5.0, "num_boost_round": 25.0}, "datetime": {"datetime": "2024-01-19 00:42:27", "elapsed": 1854.381884, "delta": 0.002348}}
{"target": -17.677067799280252, "params": {"gamma": 709.6246216082202, "log10_alpha": 0.34010392510123744, "log10_colsample_bytree": -0.5912724288633928, "log10_eta": -3.763424972179738, "log10_lambda": 0.24979346151472726, "log10_min_child_weight": 0.08390958246683122, "log10_subsample": -0.0364864933581337, "max_depth": 5.0, "num_boost_round": 26.0}, "datetime": {"datetime": "2024-01-19 00:42:27", "elapsed": 1854.38422, "delta": 0.002336}}
{"target": -17.677067693760947, "params": {"gamma": 709.6246216082202, "log10_alpha": 0.34010392510123744, "log10_colsample_bytree": -0.5912724288633928, "log10_eta": -3.763424972179738, "log10_lambda": 0.24979346151472726, "log10_min_child_weight": 0.08390958246683122, "log10_subsample": -0.0364864933581337, "max_depth": 5.0, "num_boost_round": 27.0}, "datetime": {"datetime": "2024-01-19 00:42:27", "elapsed": 1854.386534, "delta": 0.002314}}
{"target": -17.677064195302194, "params": {"gamma": 709.6246216082202, "log10_alpha": 0.34010392510123744, "log10_colsample_bytree": -0.5912724288633928, "log10_eta": -3.763424972179738, "log10_lambda": 0.24979346151472726, "log10_min_child_weight": 0.08390958246683122, "log10_subsample": -0.0364864933581337, "max_depth": 5.0, "num_boost_round": 28.0}, "datetime": {"datetime": "2024-01-19 00:42:27", "elapsed": 1854.389023, "delta": 0.002489}}
{"target": -17.677053406509625, "params": {"gamma": 709.6246216082202, "log10_alpha": 0.34010392510123744, "log10_colsample_bytree": -0.5912724288633928, "log10_eta": -3.763424972179738, "log10_lambda": 0.24979346151472726, "log10_min_child_weight": 0.08390958246683122, "log10_subsample": -0.0364864933581337, "max_depth": 5.0, "num_boost_round": 29.0}, "datetime": {"datetime": "2024-01-19 00:42:27", "elapsed": 1854.391358, "delta": 0.002335}}
{"target": -17.677053789157355, "params": {"gamma": 709.6246216082202, "log10_alpha": 0.34010392510123744, "log10_colsample_bytree": -0.5912724288633928, "log10_eta": -3.763424972179738, "log10_lambda": 0.24979346151472726, "log10_min_child_weight": 0.08390958246683122, "log10_subsample": -0.0364864933581337, "max_depth": 5.0, "num_boost_round": 30.0}, "datetime": {"datetime": "2024-01-19 00:42:27", "elapsed": 1854.393713, "delta": 0.002355}}
{"target": -17.67704527208395, "params": {"gamma": 709.6246216082202, "log10_alpha": 0.34010392510123744, "log10_colsample_bytree": -0.5912724288633928, "log10_eta": -3.763424972179738, "log10_lambda": 0.24979346151472726, "log10_min_child_weight": 0.08390958246683122, "log10_subsample": -0.0364864933581337, "max_depth": 5.0, "num_boost_round": 31.0}, "datetime": {"datetime": "2024-01-19 00:42:27", "elapsed": 1854.396171, "delta": 0.002458}}
{"target": -17.67704025636278, "params": {"gamma": 709.6246216082202, "log10_alpha": 0.34010392510123744, "log10_colsample_bytree": -0.5912724288633928, "log10_eta": -3.763424972179738, "log10_lambda": 0.24979346151472726, "log10_min_child_weight": 0.08390958246683122, "log10_subsample": -0.0364864933581337, "max_depth": 5.0, "num_boost_round": 32.0}, "datetime": {"datetime": "2024-01-19 00:42:27", "elapsed": 1854.398508, "delta": 0.002337}}
{"target": -17.677031886954758, "params": {"gamma": 709.6246216082202, "log10_alpha": 0.34010392510123744, "log10_colsample_bytree": -0.5912724288633928, "log10_eta": -3.763424972179738, "log10_lambda": 0.24979346151472726, "log10_min_child_weight": 0.08390958246683122, "log10_subsample": -0.0364864933581337, "max_depth": 5.0, "num_boost_round": 33.0}, "datetime": {"datetime": "2024-01-19 00:42:27", "elapsed": 1854.400838, "delta": 0.00233}}
{"target": -17.67702870244743, "params": {"gamma": 709.6246216082202, "log10_alpha": 0.34010392510123744, "log10_colsample_bytree": -0.5912724288633928, "log10_eta": -3.763424972179738, "log10_lambda": 0.24979346151472726, "log10_min_child_weight": 0.08390958246683122, "log10_subsample": -0.0364864933581337, "max_depth": 5.0, "num_boost_round": 34.0}, "datetime": {"datetime": "2024-01-19 00:42:27", "elapsed": 1854.403212, "delta": 0.002374}}
{"target": -17.67701778630944, "params": {"gamma": 709.6246216082202, "log10_alpha": 0.34010392510123744, "log10_colsample_bytree": -0.5912724288633928, "log10_eta": -3.763424972179738, "log10_lambda": 0.24979346151472726, "log10_min_child_weight": 0.08390958246683122, "log10_subsample": -0.0364864933581337, "max_depth": 5.0, "num_boost_round": 35.0}, "datetime": {"datetime": "2024-01-19 00:42:27", "elapsed": 1854.405539, "delta": 0.002327}}
{"target": -17.677020007231363, "params": {"gamma": 709.6246216082202, "log10_alpha": 0.34010392510123744, "log10_colsample_bytree": -0.5912724288633928, "log10_eta": -3.763424972179738, "log10_lambda": 0.24979346151472726, "log10_min_child_weight": 0.08390958246683122, "log10_subsample": -0.0364864933581337, "max_depth": 5.0, "num_boost_round": 36.0}, "datetime": {"datetime": "2024-01-19 00:42:27", "elapsed": 1854.407991, "delta": 0.002452}}
{"target": -17.67700853500835, "params": {"gamma": 709.6246216082202, "log10_alpha": 0.34010392510123744, "log10_colsample_bytree": -0.5912724288633928, "log10_eta": -3.763424972179738, "log10_lambda": 0.24979346151472726, "log10_min_child_weight": 0.08390958246683122, "log10_subsample": -0.0364864933581337, "max_depth": 5.0, "num_boost_round": 37.0}, "datetime": {"datetime": "2024-01-19 00:42:27", "elapsed": 1854.410342, "delta": 0.002351}}
{"target": -17.677004999558733, "params": {"gamma": 709.6246216082202, "log10_alpha": 0.34010392510123744, "log10_colsample_bytree": -0.5912724288633928, "log10_eta": -3.763424972179738, "log10_lambda": 0.24979346151472726, "log10_min_child_weight": 0.08390958246683122, "log10_subsample": -0.0364864933581337, "max_depth": 5.0, "num_boost_round": 38.0}, "datetime": {"datetime": "2024-01-19 00:42:27", "elapsed": 1854.412674, "delta": 0.002332}}
{"target": -17.676998042781463, "params": {"gamma": 709.6246216082202, "log10_alpha": 0.34010392510123744, "log10_colsample_bytree": -0.5912724288633928, "log10_eta": -3.763424972179738, "log10_lambda": 0.24979346151472726, "log10_min_child_weight": 0.08390958246683122, "log10_subsample": -0.0364864933581337, "max_depth": 5.0, "num_boost_round": 39.0}, "datetime": {"datetime": "2024-01-19 00:42:27", "elapsed": 1854.41503, "delta": 0.002356}}
{"target": -17.676990860994422, "params": {"gamma": 709.6246216082202, "log10_alpha": 0.34010392510123744, "log10_colsample_bytree": -0.5912724288633928, "log10_eta": -3.763424972179738, "log10_lambda": 0.24979346151472726, "log10_min_child_weight": 0.08390958246683122, "log10_subsample": -0.0364864933581337, "max_depth": 5.0, "num_boost_round": 40.0}, "datetime": {"datetime": "2024-01-19 00:42:27", "elapsed": 1854.417448, "delta": 0.002418}}
{"target": -17.676988647952708, "params": {"gamma": 709.6246216082202, "log10_alpha": 0.34010392510123744, "log10_colsample_bytree": -0.5912724288633928, "log10_eta": -3.763424972179738, "log10_lambda": 0.24979346151472726, "log10_min_child_weight": 0.08390958246683122, "log10_subsample": -0.0364864933581337, "max_depth": 5.0, "num_boost_round": 41.0}, "datetime": {"datetime": "2024-01-19 00:42:27", "elapsed": 1854.419791, "delta": 0.002343}}
{"target": -17.67697199466993, "params": {"gamma": 709.6246216082202, "log10_alpha": 0.34010392510123744, "log10_colsample_bytree": -0.5912724288633928, "log10_eta": -3.763424972179738, "log10_lambda": 0.24979346151472726, "log10_min_child_weight": 0.08390958246683122, "log10_subsample": -0.0364864933581337, "max_depth": 5.0, "num_boost_round": 42.0}, "datetime": {"datetime": "2024-01-19 00:42:27", "elapsed": 1854.422169, "delta": 0.002378}}
{"target": -17.6769591031952, "params": {"gamma": 709.6246216082202, "log10_alpha": 0.34010392510123744, "log10_colsample_bytree": -0.5912724288633928, "log10_eta": -3.763424972179738, "log10_lambda": 0.24979346151472726, "log10_min_child_weight": 0.08390958246683122, "log10_subsample": -0.0364864933581337, "max_depth": 5.0, "num_boost_round": 43.0}, "datetime": {"datetime": "2024-01-19 00:42:27", "elapsed": 1854.424511, "delta": 0.002342}}
{"target": -17.676952344811234, "params": {"gamma": 709.6246216082202, "log10_alpha": 0.34010392510123744, "log10_colsample_bytree": -0.5912724288633928, "log10_eta": -3.763424972179738, "log10_lambda": 0.24979346151472726, "log10_min_child_weight": 0.08390958246683122, "log10_subsample": -0.0364864933581337, "max_depth": 5.0, "num_boost_round": 44.0}, "datetime": {"datetime": "2024-01-19 00:42:27", "elapsed": 1854.42685, "delta": 0.002339}}
{"target": -17.67693834936895, "params": {"gamma": 709.6246216082202, "log10_alpha": 0.34010392510123744, "log10_colsample_bytree": -0.5912724288633928, "log10_eta": -3.763424972179738, "log10_lambda": 0.24979346151472726, "log10_min_child_weight": 0.08390958246683122, "log10_subsample": -0.0364864933581337, "max_depth": 5.0, "num_boost_round": 45.0}, "datetime": {"datetime": "2024-01-19 00:42:27", "elapsed": 1854.429355, "delta": 0.002505}}
{"target": -17.67693613798397, "params": {"gamma": 709.6246216082202, "log10_alpha": 0.34010392510123744, "log10_colsample_bytree": -0.5912724288633928, "log10_eta": -3.763424972179738, "log10_lambda": 0.24979346151472726, "log10_min_child_weight": 0.08390958246683122, "log10_subsample": -0.0364864933581337, "max_depth": 5.0, "num_boost_round": 46.0}, "datetime": {"datetime": "2024-01-19 00:42:27", "elapsed": 1854.431835, "delta": 0.00248}}
{"target": -17.676939012396407, "params": {"gamma": 709.6246216082202, "log10_alpha": 0.34010392510123744, "log10_colsample_bytree": -0.5912724288633928, "log10_eta": -3.763424972179738, "log10_lambda": 0.24979346151472726, "log10_min_child_weight": 0.08390958246683122, "log10_subsample": -0.0364864933581337, "max_depth": 5.0, "num_boost_round": 47.0}, "datetime": {"datetime": "2024-01-19 00:42:27", "elapsed": 1854.434232, "delta": 0.002397}}
{"target": -17.67693293769688, "params": {"gamma": 709.6246216082202, "log10_alpha": 0.34010392510123744, "log10_colsample_bytree": -0.5912724288633928, "log10_eta": -3.763424972179738, "log10_lambda": 0.24979346151472726, "log10_min_child_weight": 0.08390958246683122, "log10_subsample": -0.0364864933581337, "max_depth": 5.0, "num_boost_round": 48.0}, "datetime": {"datetime": "2024-01-19 00:42:27", "elapsed": 1854.436702, "delta": 0.00247}}
{"target": -17.67693282884045, "params": {"gamma": 709.6246216082202, "log10_alpha": 0.34010392510123744, "log10_colsample_bytree": -0.5912724288633928, "log10_eta": -3.763424972179738, "log10_lambda": 0.24979346151472726, "log10_min_child_weight": 0.08390958246683122, "log10_subsample": -0.0364864933581337, "max_depth": 5.0, "num_boost_round": 49.0}, "datetime": {"datetime": "2024-01-19 00:42:27", "elapsed": 1854.439112, "delta": 0.00241}}
{"target": -17.67692445480534, "params": {"gamma": 709.6246216082202, "log10_alpha": 0.34010392510123744, "log10_colsample_bytree": -0.5912724288633928, "log10_eta": -3.763424972179738, "log10_lambda": 0.24979346151472726, "log10_min_child_weight": 0.08390958246683122, "log10_subsample": -0.0364864933581337, "max_depth": 5.0, "num_boost_round": 50.0}, "datetime": {"datetime": "2024-01-19 00:42:27", "elapsed": 1854.441489, "delta": 0.002377}}
{"target": -17.676922821933896, "params": {"gamma": 709.6246216082202, "log10_alpha": 0.34010392510123744, "log10_colsample_bytree": -0.5912724288633928, "log10_eta": -3.763424972179738, "log10_lambda": 0.24979346151472726, "log10_min_child_weight": 0.08390958246683122, "log10_subsample": -0.0364864933581337, "max_depth": 5.0, "num_boost_round": 51.0}, "datetime": {"datetime": "2024-01-19 00:42:27", "elapsed": 1854.443872, "delta": 0.002383}}
{"target": -17.67691031228349, "params": {"gamma": 709.6246216082202, "log10_alpha": 0.34010392510123744, "log10_colsample_bytree": -0.5912724288633928, "log10_eta": -3.763424972179738, "log10_lambda": 0.24979346151472726, "log10_min_child_weight": 0.08390958246683122, "log10_subsample": -0.0364864933581337, "max_depth": 5.0, "num_boost_round": 52.0}, "datetime": {"datetime": "2024-01-19 00:42:27", "elapsed": 1854.446263, "delta": 0.002391}}
{"target": -17.676901887599687, "params": {"gamma": 709.6246216082202, "log10_alpha": 0.34010392510123744, "log10_colsample_bytree": -0.5912724288633928, "log10_eta": -3.763424972179738, "log10_lambda": 0.24979346151472726, "log10_min_child_weight": 0.08390958246683122, "log10_subsample": -0.0364864933581337, "max_depth": 5.0, "num_boost_round": 53.0}, "datetime": {"datetime": "2024-01-19 00:42:27", "elapsed": 1854.448792, "delta": 0.002529}}
{"target": -17.676899610831782, "params": {"gamma": 709.6246216082202, "log10_alpha": 0.34010392510123744, "log10_colsample_bytree": -0.5912724288633928, "log10_eta": -3.763424972179738, "log10_lambda": 0.24979346151472726, "log10_min_child_weight": 0.08390958246683122, "log10_subsample": -0.0364864933581337, "max_depth": 5.0, "num_boost_round": 54.0}, "datetime": {"datetime": "2024-01-19 00:42:27", "elapsed": 1854.451196, "delta": 0.002404}}
{"target": -17.676891597351855, "params": {"gamma": 709.6246216082202, "log10_alpha": 0.34010392510123744, "log10_colsample_bytree": -0.5912724288633928, "log10_eta": -3.763424972179738, "log10_lambda": 0.24979346151472726, "log10_min_child_weight": 0.08390958246683122, "log10_subsample": -0.0364864933581337, "max_depth": 5.0, "num_boost_round": 55.0}, "datetime": {"datetime": "2024-01-19 00:42:27", "elapsed": 1854.453576, "delta": 0.00238}}
{"target": -17.676883960048023, "params": {"gamma": 709.6246216082202, "log10_alpha": 0.34010392510123744, "log10_colsample_bytree": -0.5912724288633928, "log10_eta": -3.763424972179738, "log10_lambda": 0.24979346151472726, "log10_min_child_weight": 0.08390958246683122, "log10_subsample": -0.0364864933581337, "max_depth": 5.0, "num_boost_round": 56.0}, "datetime": {"datetime": "2024-01-19 00:42:27", "elapsed": 1854.456021, "delta": 0.002445}}
{"target": -17.676887045914548, "params": {"gamma": 709.6246216082202, "log10_alpha": 0.34010392510123744, "log10_colsample_bytree": -0.5912724288633928, "log10_eta": -3.763424972179738, "log10_lambda": 0.24979346151472726, "log10_min_child_weight": 0.08390958246683122, "log10_subsample": -0.0364864933581337, "max_depth": 5.0, "num_boost_round": 57.0}, "datetime": {"datetime": "2024-01-19 00:42:27", "elapsed": 1854.45839, "delta": 0.002369}}
{"target": -17.676883416384893, "params": {"gamma": 709.6246216082202, "log10_alpha": 0.34010392510123744, "log10_colsample_bytree": -0.5912724288633928, "log10_eta": -3.763424972179738, "log10_lambda": 0.24979346151472726, "log10_min_child_weight": 0.08390958246683122, "log10_subsample": -0.0364864933581337, "max_depth": 5.0, "num_boost_round": 58.0}, "datetime": {"datetime": "2024-01-19 00:42:27", "elapsed": 1854.460775, "delta": 0.002385}}
{"target": -17.676868578555307, "params": {"gamma": 709.6246216082202, "log10_alpha": 0.34010392510123744, "log10_colsample_bytree": -0.5912724288633928, "log10_eta": -3.763424972179738, "log10_lambda": 0.24979346151472726, "log10_min_child_weight": 0.08390958246683122, "log10_subsample": -0.0364864933581337, "max_depth": 5.0, "num_boost_round": 59.0}, "datetime": {"datetime": "2024-01-19 00:42:27", "elapsed": 1854.463159, "delta": 0.002384}}
{"target": -17.676860709139337, "params": {"gamma": 709.6246216082202, "log10_alpha": 0.34010392510123744, "log10_colsample_bytree": -0.5912724288633928, "log10_eta": -3.763424972179738, "log10_lambda": 0.24979346151472726, "log10_min_child_weight": 0.08390958246683122, "log10_subsample": -0.0364864933581337, "max_depth": 5.0, "num_boost_round": 60.0}, "datetime": {"datetime": "2024-01-19 00:42:27", "elapsed": 1854.465513, "delta": 0.002354}}
{"target": -17.67685829476044, "params": {"gamma": 709.6246216082202, "log10_alpha": 0.34010392510123744, "log10_colsample_bytree": -0.5912724288633928, "log10_eta": -3.763424972179738, "log10_lambda": 0.24979346151472726, "log10_min_child_weight": 0.08390958246683122, "log10_subsample": -0.0364864933581337, "max_depth": 5.0, "num_boost_round": 61.0}, "datetime": {"datetime": "2024-01-19 00:42:27", "elapsed": 1854.468011, "delta": 0.002498}}
