{"target": -13.754787424161668, "params": {"gamma": 34.86966100234057, "log10_alpha": 0.5186821719712409, "log10_colsample_bytree": -0.7144721544745116, "log10_eta": -2.0027391013772795, "log10_lambda": 0.643623115553499, "log10_min_child_weight": 1.2184110137493287, "log10_subsample": -0.35080343458798224, "max_depth": 4.0, "num_boost_round": 33.0}, "datetime": {"datetime": "2024-01-19 01:24:56", "elapsed": 4404.251645, "delta": 0.004251}}
{"target": -13.754734688088313, "params": {"gamma": 34.86966100234057, "log10_alpha": 0.5186821719712409, "log10_colsample_bytree": -0.7144721544745116, "log10_eta": -2.0027391013772795, "log10_lambda": 0.643623115553499, "log10_min_child_weight": 1.2184110137493287, "log10_subsample": -0.35080343458798224, "max_depth": 4.0, "num_boost_round": 34.0}, "datetime": {"datetime": "2024-01-19 01:24:56", "elapsed": 4404.255819, "delta": 0.004174}}
{"target": -13.75490534046063, "params": {"gamma": 34.86966100234057, "log10_alpha": 0.5186821719712409, "log10_colsample_bytree": -0.7144721544745116, "log10_eta": -2.0027391013772795, "log10_lambda": 0.643623115553499, "log10_min_child_weight": 1.2184110137493287, "log10_subsample": -0.35080343458798224, "max_depth": 4.0, "num_boost_round": 35.0}, "datetime": {"datetime": "2024-01-19 01:24:56", "elapsed": 4404.260696, "delta": 0.004877}}
{"target": -13.754883967193106, "params": {"gamma": 34.86966100234057, "log10_alpha": 0.5186821719712409, "log10_colsample_bytree": -0.7144721544745116, "log10_eta": -2.0027391013772795, "log10_lambda": 0.643623115553499, "log10_min_child_weight": 1.2184110137493287, "log10_subsample": -0.35080343458798224, "max_depth": 4.0, "num_boost_round": 36.0}, "datetime": {"datetime": "2024-01-19 01:24:56", "elapsed": 4404.265171, "delta": 0.004475}}
{"target": -13.758515756447155, "params": {"gamma": 52.78113363879289, "log10_alpha": -3.7109934535962323, "log10_colsample_bytree": -0.1919735776167082, "log10_eta": -3.2948033189652657, "log10_lambda": 0.441675194772138, "log10_min_child_weight": 1.2919101117836973, "log10_subsample": -0.49277589799407395, "max_depth": 4.0, "num_boost_round": 0.0}, "datetime": {"datetime": "2024-01-19 01:25:56", "elapsed": 4464.639561, "delta": 60.37439}}
{"target": -13.758498943415905, "params": {"gamma": 52.78113363879289, "log10_alpha": -3.7109934535962323, "log10_colsample_bytree": -0.1919735776167082, "log10_eta": -3.2948033189652657, "log10_lambda": 0.441675194772138, "log10_min_child_weight": 1.2919101117836973, "log10_subsample": -0.49277589799407395, "max_depth": 4.0, "num_boost_round": 1.0}, "datetime": {"datetime": "2024-01-19 01:25:56", "elapsed": 4464.644572, "delta": 0.005011}}
{"target": -13.758489943781573, "params": {"gamma": 52.78113363879289, "log10_alpha": -3.7109934535962323, "log10_colsample_bytree": -0.1919735776167082, "log10_eta": -3.2948033189652657, "log10_lambda": 0.441675194772138, "log10_min_child_weight": 1.2919101117836973, "log10_subsample": -0.49277589799407395, "max_depth": 4.0, "num_boost_round": 2.0}, "datetime": {"datetime": "2024-01-19 01:25:56", "elapsed": 4464.648872, "delta": 0.0043}}
{"target": -13.758488540092056, "params": {"gamma": 52.78113363879289, "log10_alpha": -3.7109934535962323, "log10_colsample_bytree": -0.1919735776167082, "log10_eta": -3.2948033189652657, "log10_lambda": 0.441675194772138, "log10_min_child_weight": 1.2919101117836973, "log10_subsample": -0.49277589799407395, "max_depth": 4.0, "num_boost_round": 3.0}, "datetime": {"datetime": "2024-01-19 01:25:56", "elapsed": 4464.653061, "delta": 0.004189}}
{"target": -13.758475965136656, "params": {"gamma": 52.78113363879289, "log10_alpha": -3.7109934535962323, "log10_colsample_bytree": -0.1919735776167082, "log10_eta": -3.2948033189652657, "log10_lambda": 0.441675194772138, "log10_min_child_weight": 1.2919101117836973, "log10_subsample": -0.49277589799407395, "max_depth": 4.0, "num_boost_round": 4.0}, "datetime": {"datetime": "2024-01-19 01:25:56", "elapsed": 4464.657277, "delta": 0.004216}}
{"target": -13.758473140065494, "params": {"gamma": 52.78113363879289, "log10_alpha": -3.7109934535962323, "log10_colsample_bytree": -0.1919735776167082, "log10_eta": -3.2948033189652657, "log10_lambda": 0.441675194772138, "log10_min_child_weight": 1.2919101117836973, "log10_subsample": -0.49277589799407395, "max_depth": 4.0, "num_boost_round": 5.0}, "datetime": {"datetime": "2024-01-19 01:25:56", "elapsed": 4464.661387, "delta": 0.00411}}
{"target": -13.758464740666245, "params": {"gamma": 52.78113363879289, "log10_alpha": -3.7109934535962323, "log10_colsample_bytree": -0.1919735776167082, "log10_eta": -3.2948033189652657, "log10_lambda": 0.441675194772138, "log10_min_child_weight": 1.2919101117836973, "log10_subsample": -0.49277589799407395, "max_depth": 4.0, "num_boost_round": 6.0}, "datetime": {"datetime": "2024-01-19 01:25:56", "elapsed": 4464.666108, "delta": 0.004721}}
{"target": -13.758461500790673, "params": {"gamma": 52.78113363879289, "log10_alpha": -3.7109934535962323, "log10_colsample_bytree": -0.1919735776167082, "log10_eta": -3.2948033189652657, "log10_lambda": 0.441675194772138, "log10_min_child_weight": 1.2919101117836973, "log10_subsample": -0.49277589799407395, "max_depth": 4.0, "num_boost_round": 7.0}, "datetime": {"datetime": "2024-01-19 01:25:56", "elapsed": 4464.67039, "delta": 0.004282}}
{"target": -13.758454452073503, "params": {"gamma": 52.78113363879289, "log10_alpha": -3.7109934535962323, "log10_colsample_bytree": -0.1919735776167082, "log10_eta": -3.2948033189652657, "log10_lambda": 0.441675194772138, "log10_min_child_weight": 1.2919101117836973, "log10_subsample": -0.49277589799407395, "max_depth": 4.0, "num_boost_round": 8.0}, "datetime": {"datetime": "2024-01-19 01:25:56", "elapsed": 4464.674663, "delta": 0.004273}}
{"target": -13.758459280874858, "params": {"gamma": 52.78113363879289, "log10_alpha": -3.7109934535962323, "log10_colsample_bytree": -0.1919735776167082, "log10_eta": -3.2948033189652657, "log10_lambda": 0.441675194772138, "log10_min_child_weight": 1.2919101117836973, "log10_subsample": -0.49277589799407395, "max_depth": 4.0, "num_boost_round": 9.0}, "datetime": {"datetime": "2024-01-19 01:25:56", "elapsed": 4464.678993, "delta": 0.00433}}
{"target": -13.758453210875716, "params": {"gamma": 52.78113363879289, "log10_alpha": -3.7109934535962323, "log10_colsample_bytree": -0.1919735776167082, "log10_eta": -3.2948033189652657, "log10_lambda": 0.441675194772138, "log10_min_child_weight": 1.2919101117836973, "log10_subsample": -0.49277589799407395, "max_depth": 4.0, "num_boost_round": 10.0}, "datetime": {"datetime": "2024-01-19 01:25:56", "elapsed": 4464.683149, "delta": 0.004156}}
{"target": -13.758438524760427, "params": {"gamma": 52.78113363879289, "log10_alpha": -3.7109934535962323, "log10_colsample_bytree": -0.1919735776167082, "log10_eta": -3.2948033189652657, "log10_lambda": 0.441675194772138, "log10_min_child_weight": 1.2919101117836973, "log10_subsample": -0.49277589799407395, "max_depth": 4.0, "num_boost_round": 11.0}, "datetime": {"datetime": "2024-01-19 01:25:56", "elapsed": 4464.687265, "delta": 0.004116}}
{"target": -13.758444899651664, "params": {"gamma": 52.78113363879289, "log10_alpha": -3.7109934535962323, "log10_colsample_bytree": -0.1919735776167082, "log10_eta": -3.2948033189652657, "log10_lambda": 0.441675194772138, "log10_min_child_weight": 1.2919101117836973, "log10_subsample": -0.49277589799407395, "max_depth": 4.0, "num_boost_round": 12.0}, "datetime": {"datetime": "2024-01-19 01:25:56", "elapsed": 4464.691796, "delta": 0.004531}}
{"target": -13.7584414994615, "params": {"gamma": 52.78113363879289, "log10_alpha": -3.7109934535962323, "log10_colsample_bytree": -0.1919735776167082, "log10_eta": -3.2948033189652657, "log10_lambda": 0.441675194772138, "log10_min_child_weight": 1.2919101117836973, "log10_subsample": -0.49277589799407395, "max_depth": 4.0, "num_boost_round": 13.0}, "datetime": {"datetime": "2024-01-19 01:25:56", "elapsed": 4464.696077, "delta": 0.004281}}
{"target": -13.75843805276607, "params": {"gamma": 52.78113363879289, "log10_alpha": -3.7109934535962323, "log10_colsample_bytree": -0.1919735776167082, "log10_eta": -3.2948033189652657, "log10_lambda": 0.441675194772138, "log10_min_child_weight": 1.2919101117836973, "log10_subsample": -0.49277589799407395, "max_depth": 4.0, "num_boost_round": 14.0}, "datetime": {"datetime": "2024-01-19 01:25:56", "elapsed": 4464.700468, "delta": 0.004391}}
{"target": -13.758422789610014, "params": {"gamma": 52.78113363879289, "log10_alpha": -3.7109934535962323, "log10_colsample_bytree": -0.1919735776167082, "log10_eta": -3.2948033189652657, "log10_lambda": 0.441675194772138, "log10_min_child_weight": 1.2919101117836973, "log10_subsample": -0.49277589799407395, "max_depth": 4.0, "num_boost_round": 15.0}, "datetime": {"datetime": "2024-01-19 01:25:56", "elapsed": 4464.704692, "delta": 0.004224}}
{"target": -13.758559570293965, "params": {"gamma": 25.97211076052741, "log10_alpha": -4.973832065922999, "log10_colsample_bytree": -0.9510612540087637, "log10_eta": -2.596870212722572, "log10_lambda": 0.3438387505796534, "log10_min_child_weight": 3.6134947366458032, "log10_subsample": -0.7491999277939684, "max_depth": 7.0, "num_boost_round": 0.0}, "datetime": {"datetime": "2024-01-19 01:26:43", "elapsed": 4511.237471, "delta": 46.532779}}
{"target": -13.758568756222914, "params": {"gamma": 25.97211076052741, "log10_alpha": -4.973832065922999, "log10_colsample_bytree": -0.9510612540087637, "log10_eta": -2.596870212722572, "log10_lambda": 0.3438387505796534, "log10_min_child_weight": 3.6134947366458032, "log10_subsample": -0.7491999277939684, "max_depth": 7.0, "num_boost_round": 1.0}, "datetime": {"datetime": "2024-01-19 01:26:43", "elapsed": 4511.24243, "delta": 0.004959}}
{"target": -13.758579494969398, "params": {"gamma": 25.97211076052741, "log10_alpha": -4.973832065922999, "log10_colsample_bytree": -0.9510612540087637, "log10_eta": -2.596870212722572, "log10_lambda": 0.3438387505796534, "log10_min_child_weight": 3.6134947366458032, "log10_subsample": -0.7491999277939684, "max_depth": 7.0, "num_boost_round": 2.0}, "datetime": {"datetime": "2024-01-19 01:26:43", "elapsed": 4511.246697, "delta": 0.004267}}
{"target": -13.758580376635196, "params": {"gamma": 25.97211076052741, "log10_alpha": -4.973832065922999, "log10_colsample_bytree": -0.9510612540087637, "log10_eta": -2.596870212722572, "log10_lambda": 0.3438387505796534, "log10_min_child_weight": 3.6134947366458032, "log10_subsample": -0.7491999277939684, "max_depth": 7.0, "num_boost_round": 3.0}, "datetime": {"datetime": "2024-01-19 01:26:43", "elapsed": 4511.251039, "delta": 0.004342}}
{"target": -13.758562333290111, "params": {"gamma": 25.97211076052741, "log10_alpha": -4.973832065922999, "log10_colsample_bytree": -0.9510612540087637, "log10_eta": -2.596870212722572, "log10_lambda": 0.3438387505796534, "log10_min_child_weight": 3.6134947366458032, "log10_subsample": -0.7491999277939684, "max_depth": 7.0, "num_boost_round": 4.0}, "datetime": {"datetime": "2024-01-19 01:26:43", "elapsed": 4511.255227, "delta": 0.004188}}
{"target": -13.758537304906552, "params": {"gamma": 25.97211076052741, "log10_alpha": -4.973832065922999, "log10_colsample_bytree": -0.9510612540087637, "log10_eta": -2.596870212722572, "log10_lambda": 0.3438387505796534, "log10_min_child_weight": 3.6134947366458032, "log10_subsample": -0.7491999277939684, "max_depth": 7.0, "num_boost_round": 5.0}, "datetime": {"datetime": "2024-01-19 01:26:43", "elapsed": 4511.259398, "delta": 0.004171}}
{"target": -13.758561538319947, "params": {"gamma": 25.97211076052741, "log10_alpha": -4.973832065922999, "log10_colsample_bytree": -0.9510612540087637, "log10_eta": -2.596870212722572, "log10_lambda": 0.3438387505796534, "log10_min_child_weight": 3.6134947366458032, "log10_subsample": -0.7491999277939684, "max_depth": 7.0, "num_boost_round": 6.0}, "datetime": {"datetime": "2024-01-19 01:26:43", "elapsed": 4511.263576, "delta": 0.004178}}
{"target": -13.758537393061113, "params": {"gamma": 25.97211076052741, "log10_alpha": -4.973832065922999, "log10_colsample_bytree": -0.9510612540087637, "log10_eta": -2.596870212722572, "log10_lambda": 0.3438387505796534, "log10_min_child_weight": 3.6134947366458032, "log10_subsample": -0.7491999277939684, "max_depth": 7.0, "num_boost_round": 7.0}, "datetime": {"datetime": "2024-01-19 01:26:43", "elapsed": 4511.267683, "delta": 0.004107}}
{"target": -13.758527800204106, "params": {"gamma": 25.97211076052741, "log10_alpha": -4.973832065922999, "log10_colsample_bytree": -0.9510612540087637, "log10_eta": -2.596870212722572, "log10_lambda": 0.3438387505796534, "log10_min_child_weight": 3.6134947366458032, "log10_subsample": -0.7491999277939684, "max_depth": 7.0, "num_boost_round": 8.0}, "datetime": {"datetime": "2024-01-19 01:26:43", "elapsed": 4511.271943, "delta": 0.00426}}
{"target": -13.758531934381645, "params": {"gamma": 25.97211076052741, "log10_alpha": -4.973832065922999, "log10_colsample_bytree": -0.9510612540087637, "log10_eta": -2.596870212722572, "log10_lambda": 0.3438387505796534, "log10_min_child_weight": 3.6134947366458032, "log10_subsample": -0.7491999277939684, "max_depth": 7.0, "num_boost_round": 9.0}, "datetime": {"datetime": "2024-01-19 01:26:43", "elapsed": 4511.276156, "delta": 0.004213}}
{"target": -13.75855207384762, "params": {"gamma": 25.97211076052741, "log10_alpha": -4.973832065922999, "log10_colsample_bytree": -0.9510612540087637, "log10_eta": -2.596870212722572, "log10_lambda": 0.3438387505796534, "log10_min_child_weight": 3.6134947366458032, "log10_subsample": -0.7491999277939684, "max_depth": 7.0, "num_boost_round": 10.0}, "datetime": {"datetime": "2024-01-19 01:26:43", "elapsed": 4511.280339, "delta": 0.004183}}
{"target": -13.758549675353759, "params": {"gamma": 25.97211076052741, "log10_alpha": -4.973832065922999, "log10_colsample_bytree": -0.9510612540087637, "log10_eta": -2.596870212722572, "log10_lambda": 0.3438387505796534, "log10_min_child_weight": 3.6134947366458032, "log10_subsample": -0.7491999277939684, "max_depth": 7.0, "num_boost_round": 11.0}, "datetime": {"datetime": "2024-01-19 01:26:43", "elapsed": 4511.285581, "delta": 0.005242}}
{"target": -13.758522111045979, "params": {"gamma": 25.97211076052741, "log10_alpha": -4.973832065922999, "log10_colsample_bytree": -0.9510612540087637, "log10_eta": -2.596870212722572, "log10_lambda": 0.3438387505796534, "log10_min_child_weight": 3.6134947366458032, "log10_subsample": -0.7491999277939684, "max_depth": 7.0, "num_boost_round": 12.0}, "datetime": {"datetime": "2024-01-19 01:26:43", "elapsed": 4511.29002, "delta": 0.004439}}
{"target": -13.758495686180273, "params": {"gamma": 25.97211076052741, "log10_alpha": -4.973832065922999, "log10_colsample_bytree": -0.9510612540087637, "log10_eta": -2.596870212722572, "log10_lambda": 0.3438387505796534, "log10_min_child_weight": 3.6134947366458032, "log10_subsample": -0.7491999277939684, "max_depth": 7.0, "num_boost_round": 13.0}, "datetime": {"datetime": "2024-01-19 01:26:43", "elapsed": 4511.294269, "delta": 0.004249}}
{"target": -13.758500970226452, "params": {"gamma": 25.97211076052741, "log10_alpha": -4.973832065922999, "log10_colsample_bytree": -0.9510612540087637, "log10_eta": -2.596870212722572, "log10_lambda": 0.3438387505796534, "log10_min_child_weight": 3.6134947366458032, "log10_subsample": -0.7491999277939684, "max_depth": 7.0, "num_boost_round": 14.0}, "datetime": {"datetime": "2024-01-19 01:26:43", "elapsed": 4511.298668, "delta": 0.004399}}
{"target": -13.758473395776829, "params": {"gamma": 25.97211076052741, "log10_alpha": -4.973832065922999, "log10_colsample_bytree": -0.9510612540087637, "log10_eta": -2.596870212722572, "log10_lambda": 0.3438387505796534, "log10_min_child_weight": 3.6134947366458032, "log10_subsample": -0.7491999277939684, "max_depth": 7.0, "num_boost_round": 15.0}, "datetime": {"datetime": "2024-01-19 01:26:43", "elapsed": 4511.302875, "delta": 0.004207}}
{"target": -13.758527116926714, "params": {"gamma": 30.52557069286721, "log10_alpha": 0.8120438917056454, "log10_colsample_bytree": -0.5832435382787531, "log10_eta": -3.668522855941878, "log10_lambda": -4.070998507433115, "log10_min_child_weight": 2.4015890291351965, "log10_subsample": -0.2178357982271455, "max_depth": 9.0, "num_boost_round": 0.0}, "datetime": {"datetime": "2024-01-19 01:27:31", "elapsed": 4560.093309, "delta": 48.790434}}
{"target": -13.75851159339958, "params": {"gamma": 30.52557069286721, "log10_alpha": 0.8120438917056454, "log10_colsample_bytree": -0.5832435382787531, "log10_eta": -3.668522855941878, "log10_lambda": -4.070998507433115, "log10_min_child_weight": 2.4015890291351965, "log10_subsample": -0.2178357982271455, "max_depth": 9.0, "num_boost_round": 1.0}, "datetime": {"datetime": "2024-01-19 01:27:31", "elapsed": 4560.097725, "delta": 0.004416}}
{"target": -13.758501379661652, "params": {"gamma": 30.52557069286721, "log10_alpha": 0.8120438917056454, "log10_colsample_bytree": -0.5832435382787531, "log10_eta": -3.668522855941878, "log10_lambda": -4.070998507433115, "log10_min_child_weight": 2.4015890291351965, "log10_subsample": -0.2178357982271455, "max_depth": 9.0, "num_boost_round": 2.0}, "datetime": {"datetime": "2024-01-19 01:27:31", "elapsed": 4560.101933, "delta": 0.004208}}
{"target": -13.758483728572305, "params": {"gamma": 30.52557069286721, "log10_alpha": 0.8120438917056454, "log10_colsample_bytree": -0.5832435382787531, "log10_eta": -3.668522855941878, "log10_lambda": -4.070998507433115, "log10_min_child_weight": 2.4015890291351965, "log10_subsample": -0.2178357982271455, "max_depth": 9.0, "num_boost_round": 3.0}, "datetime": {"datetime": "2024-01-19 01:27:31", "elapsed": 4560.106052, "delta": 0.004119}}
{"target": -13.758471789911056, "params": {"gamma": 30.52557069286721, "log10_alpha": 0.8120438917056454, "log10_colsample_bytree": -0.5832435382787531, "log10_eta": -3.668522855941878, "log10_lambda": -4.070998507433115, "log10_min_child_weight": 2.4015890291351965, "log10_subsample": -0.2178357982271455, "max_depth": 9.0, "num_boost_round": 4.0}, "datetime": {"datetime": "2024-01-19 01:27:31", "elapsed": 4560.110236, "delta": 0.004184}}
{"target": -13.758459917301376, "params": {"gamma": 30.52557069286721, "log10_alpha": 0.8120438917056454, "log10_colsample_bytree": -0.5832435382787531, "log10_eta": -3.668522855941878, "log10_lambda": -4.070998507433115, "log10_min_child_weight": 2.4015890291351965, "log10_subsample": -0.2178357982271455, "max_depth": 9.0, "num_boost_round": 5.0}, "datetime": {"datetime": "2024-01-19 01:27:31", "elapsed": 4560.114355, "delta": 0.004119}}
{"target": -13.75845484979687, "params": {"gamma": 30.52557069286721, "log10_alpha": 0.8120438917056454, "log10_colsample_bytree": -0.5832435382787531, "log10_eta": -3.668522855941878, "log10_lambda": -4.070998507433115, "log10_min_child_weight": 2.4015890291351965, "log10_subsample": -0.2178357982271455, "max_depth": 9.0, "num_boost_round": 6.0}, "datetime": {"datetime": "2024-01-19 01:27:31", "elapsed": 4560.118502, "delta": 0.004147}}
{"target": -13.758443915055013, "params": {"gamma": 30.52557069286721, "log10_alpha": 0.8120438917056454, "log10_colsample_bytree": -0.5832435382787531, "log10_eta": -3.668522855941878, "log10_lambda": -4.070998507433115, "log10_min_child_weight": 2.4015890291351965, "log10_subsample": -0.2178357982271455, "max_depth": 9.0, "num_boost_round": 7.0}, "datetime": {"datetime": "2024-01-19 01:27:31", "elapsed": 4560.122562, "delta": 0.00406}}
{"target": -13.758436640782335, "params": {"gamma": 30.52557069286721, "log10_alpha": 0.8120438917056454, "log10_colsample_bytree": -0.5832435382787531, "log10_eta": -3.668522855941878, "log10_lambda": -4.070998507433115, "log10_min_child_weight": 2.4015890291351965, "log10_subsample": -0.2178357982271455, "max_depth": 9.0, "num_boost_round": 8.0}, "datetime": {"datetime": "2024-01-19 01:27:32", "elapsed": 4560.126608, "delta": 0.004046}}
{"target": -13.758416898017751, "params": {"gamma": 30.52557069286721, "log10_alpha": 0.8120438917056454, "log10_colsample_bytree": -0.5832435382787531, "log10_eta": -3.668522855941878, "log10_lambda": -4.070998507433115, "log10_min_child_weight": 2.4015890291351965, "log10_subsample": -0.2178357982271455, "max_depth": 9.0, "num_boost_round": 9.0}, "datetime": {"datetime": "2024-01-19 01:27:32", "elapsed": 4560.130873, "delta": 0.004265}}
{"target": -13.758408722033277, "params": {"gamma": 30.52557069286721, "log10_alpha": 0.8120438917056454, "log10_colsample_bytree": -0.5832435382787531, "log10_eta": -3.668522855941878, "log10_lambda": -4.070998507433115, "log10_min_child_weight": 2.4015890291351965, "log10_subsample": -0.2178357982271455, "max_depth": 9.0, "num_boost_round": 10.0}, "datetime": {"datetime": "2024-01-19 01:27:32", "elapsed": 4560.134959, "delta": 0.004086}}
{"target": -13.75840353547077, "params": {"gamma": 30.52557069286721, "log10_alpha": 0.8120438917056454, "log10_colsample_bytree": -0.5832435382787531, "log10_eta": -3.668522855941878, "log10_lambda": -4.070998507433115, "log10_min_child_weight": 2.4015890291351965, "log10_subsample": -0.2178357982271455, "max_depth": 9.0, "num_boost_round": 11.0}, "datetime": {"datetime": "2024-01-19 01:27:32", "elapsed": 4560.13908, "delta": 0.004121}}
{"target": -13.75840553586826, "params": {"gamma": 30.52557069286721, "log10_alpha": 0.8120438917056454, "log10_colsample_bytree": -0.5832435382787531, "log10_eta": -3.668522855941878, "log10_lambda": -4.070998507433115, "log10_min_child_weight": 2.4015890291351965, "log10_subsample": -0.2178357982271455, "max_depth": 9.0, "num_boost_round": 12.0}, "datetime": {"datetime": "2024-01-19 01:27:32", "elapsed": 4560.14318, "delta": 0.0041}}
