{"target": -17.67717887903481, "params": {"gamma": 870.4485451113903, "log10_alpha": 0.009451801186017406, "log10_colsample_bytree": -0.45772609965893685, "log10_eta": -3.8806272326359736, "log10_lambda": 0.41372655436503436, "log10_min_child_weight": 0.09744070889318723, "log10_subsample": -0.7225742410736484, "max_depth": 8.0, "num_boost_round": 5.0}, "datetime": {"datetime": "2024-01-19 01:03:25", "elapsed": 3085.674248, "delta": 0.003604}}
{"target": -17.677174045353677, "params": {"gamma": 870.4485451113903, "log10_alpha": 0.009451801186017406, "log10_colsample_bytree": -0.45772609965893685, "log10_eta": -3.8806272326359736, "log10_lambda": 0.41372655436503436, "log10_min_child_weight": 0.09744070889318723, "log10_subsample": -0.7225742410736484, "max_depth": 8.0, "num_boost_round": 6.0}, "datetime": {"datetime": "2024-01-19 01:03:25", "elapsed": 3085.677866, "delta": 0.003618}}
{"target": -17.677167848898023, "params": {"gamma": 870.4485451113903, "log10_alpha": 0.009451801186017406, "log10_colsample_bytree": -0.45772609965893685, "log10_eta": -3.8806272326359736, "log10_lambda": 0.41372655436503436, "log10_min_child_weight": 0.09744070889318723, "log10_subsample": -0.7225742410736484, "max_depth": 8.0, "num_boost_round": 7.0}, "datetime": {"datetime": "2024-01-19 01:03:25", "elapsed": 3085.681339, "delta": 0.003473}}
{"target": -17.677163522361298, "params": {"gamma": 870.4485451113903, "log10_alpha": 0.009451801186017406, "log10_colsample_bytree": -0.45772609965893685, "log10_eta": -3.8806272326359736, "log10_lambda": 0.41372655436503436, "log10_min_child_weight": 0.09744070889318723, "log10_subsample": -0.7225742410736484, "max_depth": 8.0, "num_boost_round": 8.0}, "datetime": {"datetime": "2024-01-19 01:03:25", "elapsed": 3085.684791, "delta": 0.003452}}
{"target": -17.677154797729344, "params": {"gamma": 870.4485451113903, "log10_alpha": 0.009451801186017406, "log10_colsample_bytree": -0.45772609965893685, "log10_eta": -3.8806272326359736, "log10_lambda": 0.41372655436503436, "log10_min_child_weight": 0.09744070889318723, "log10_subsample": -0.7225742410736484, "max_depth": 8.0, "num_boost_round": 9.0}, "datetime": {"datetime": "2024-01-19 01:03:25", "elapsed": 3085.68824, "delta": 0.003449}}
{"target": -17.67714576057897, "params": {"gamma": 870.4485451113903, "log10_alpha": 0.009451801186017406, "log10_colsample_bytree": -0.45772609965893685, "log10_eta": -3.8806272326359736, "log10_lambda": 0.41372655436503436, "log10_min_child_weight": 0.09744070889318723, "log10_subsample": -0.7225742410736484, "max_depth": 8.0, "num_boost_round": 10.0}, "datetime": {"datetime": "2024-01-19 01:03:25", "elapsed": 3085.691776, "delta": 0.003536}}
{"target": -17.677141707425555, "params": {"gamma": 870.4485451113903, "log10_alpha": 0.009451801186017406, "log10_colsample_bytree": -0.45772609965893685, "log10_eta": -3.8806272326359736, "log10_lambda": 0.41372655436503436, "log10_min_child_weight": 0.09744070889318723, "log10_subsample": -0.7225742410736484, "max_depth": 8.0, "num_boost_round": 11.0}, "datetime": {"datetime": "2024-01-19 01:03:25", "elapsed": 3085.695223, "delta": 0.003447}}
{"target": -17.677148097881073, "params": {"gamma": 870.4485451113903, "log10_alpha": 0.009451801186017406, "log10_colsample_bytree": -0.45772609965893685, "log10_eta": -3.8806272326359736, "log10_lambda": 0.41372655436503436, "log10_min_child_weight": 0.09744070889318723, "log10_subsample": -0.7225742410736484, "max_depth": 8.0, "num_boost_round": 12.0}, "datetime": {"datetime": "2024-01-19 01:03:25", "elapsed": 3085.698769, "delta": 0.003546}}
{"target": -17.677153458684383, "params": {"gamma": 870.4485451113903, "log10_alpha": 0.009451801186017406, "log10_colsample_bytree": -0.45772609965893685, "log10_eta": -3.8806272326359736, "log10_lambda": 0.41372655436503436, "log10_min_child_weight": 0.09744070889318723, "log10_subsample": -0.7225742410736484, "max_depth": 8.0, "num_boost_round": 13.0}, "datetime": {"datetime": "2024-01-19 01:03:25", "elapsed": 3085.702268, "delta": 0.003499}}
{"target": -17.67631005696652, "params": {"gamma": 884.0039552333535, "log10_alpha": -1.0784289108427672, "log10_colsample_bytree": -0.8641369419876774, "log10_eta": -0.6798362558668645, "log10_lambda": -4.821390330311681, "log10_min_child_weight": 0.6060231646712039, "log10_subsample": -0.5882476201790612, "max_depth": 3.0, "num_boost_round": 0.0}, "datetime": {"datetime": "2024-01-19 01:04:10", "elapsed": 3131.640113, "delta": 45.937845}}
{"target": -17.672247735114116, "params": {"gamma": 884.0039552333535, "log10_alpha": -1.0784289108427672, "log10_colsample_bytree": -0.8641369419876774, "log10_eta": -0.6798362558668645, "log10_lambda": -4.821390330311681, "log10_min_child_weight": 0.6060231646712039, "log10_subsample": -0.5882476201790612, "max_depth": 3.0, "num_boost_round": 1.0}, "datetime": {"datetime": "2024-01-19 01:04:10", "elapsed": 3131.644292, "delta": 0.004179}}
{"target": -17.67125785127295, "params": {"gamma": 884.0039552333535, "log10_alpha": -1.0784289108427672, "log10_colsample_bytree": -0.8641369419876774, "log10_eta": -0.6798362558668645, "log10_lambda": -4.821390330311681, "log10_min_child_weight": 0.6060231646712039, "log10_subsample": -0.5882476201790612, "max_depth": 3.0, "num_boost_round": 2.0}, "datetime": {"datetime": "2024-01-19 01:04:10", "elapsed": 3131.647944, "delta": 0.003652}}
{"target": -17.674441971211788, "params": {"gamma": 884.0039552333535, "log10_alpha": -1.0784289108427672, "log10_colsample_bytree": -0.8641369419876774, "log10_eta": -0.6798362558668645, "log10_lambda": -4.821390330311681, "log10_min_child_weight": 0.6060231646712039, "log10_subsample": -0.5882476201790612, "max_depth": 3.0, "num_boost_round": 3.0}, "datetime": {"datetime": "2024-01-19 01:04:11", "elapsed": 3131.651504, "delta": 0.00356}}
{"target": -17.672058931152232, "params": {"gamma": 884.0039552333535, "log10_alpha": -1.0784289108427672, "log10_colsample_bytree": -0.8641369419876774, "log10_eta": -0.6798362558668645, "log10_lambda": -4.821390330311681, "log10_min_child_weight": 0.6060231646712039, "log10_subsample": -0.5882476201790612, "max_depth": 3.0, "num_boost_round": 4.0}, "datetime": {"datetime": "2024-01-19 01:04:11", "elapsed": 3131.654874, "delta": 0.00337}}
{"target": -17.674221921305126, "params": {"gamma": 884.0039552333535, "log10_alpha": -1.0784289108427672, "log10_colsample_bytree": -0.8641369419876774, "log10_eta": -0.6798362558668645, "log10_lambda": -4.821390330311681, "log10_min_child_weight": 0.6060231646712039, "log10_subsample": -0.5882476201790612, "max_depth": 3.0, "num_boost_round": 5.0}, "datetime": {"datetime": "2024-01-19 01:04:11", "elapsed": 3131.658298, "delta": 0.003424}}
{"target": -17.678513992761523, "params": {"gamma": 884.0039552333535, "log10_alpha": -1.0784289108427672, "log10_colsample_bytree": -0.8641369419876774, "log10_eta": -0.6798362558668645, "log10_lambda": -4.821390330311681, "log10_min_child_weight": 0.6060231646712039, "log10_subsample": -0.5882476201790612, "max_depth": 3.0, "num_boost_round": 6.0}, "datetime": {"datetime": "2024-01-19 01:04:11", "elapsed": 3131.661724, "delta": 0.003426}}
{"target": -17.689168618647372, "params": {"gamma": 884.0039552333535, "log10_alpha": -1.0784289108427672, "log10_colsample_bytree": -0.8641369419876774, "log10_eta": -0.6798362558668645, "log10_lambda": -4.821390330311681, "log10_min_child_weight": 0.6060231646712039, "log10_subsample": -0.5882476201790612, "max_depth": 3.0, "num_boost_round": 7.0}, "datetime": {"datetime": "2024-01-19 01:04:11", "elapsed": 3131.665088, "delta": 0.003364}}
{"target": -17.702564513713966, "params": {"gamma": 884.0039552333535, "log10_alpha": -1.0784289108427672, "log10_colsample_bytree": -0.8641369419876774, "log10_eta": -0.6798362558668645, "log10_lambda": -4.821390330311681, "log10_min_child_weight": 0.6060231646712039, "log10_subsample": -0.5882476201790612, "max_depth": 3.0, "num_boost_round": 8.0}, "datetime": {"datetime": "2024-01-19 01:04:11", "elapsed": 3131.668442, "delta": 0.003354}}
{"target": -17.703185215262664, "params": {"gamma": 884.0039552333535, "log10_alpha": -1.0784289108427672, "log10_colsample_bytree": -0.8641369419876774, "log10_eta": -0.6798362558668645, "log10_lambda": -4.821390330311681, "log10_min_child_weight": 0.6060231646712039, "log10_subsample": -0.5882476201790612, "max_depth": 3.0, "num_boost_round": 9.0}, "datetime": {"datetime": "2024-01-19 01:04:11", "elapsed": 3131.671939, "delta": 0.003497}}
{"target": -17.717702664814727, "params": {"gamma": 884.0039552333535, "log10_alpha": -1.0784289108427672, "log10_colsample_bytree": -0.8641369419876774, "log10_eta": -0.6798362558668645, "log10_lambda": -4.821390330311681, "log10_min_child_weight": 0.6060231646712039, "log10_subsample": -0.5882476201790612, "max_depth": 3.0, "num_boost_round": 10.0}, "datetime": {"datetime": "2024-01-19 01:04:11", "elapsed": 3131.675494, "delta": 0.003555}}
{"target": -17.71998394528968, "params": {"gamma": 884.0039552333535, "log10_alpha": -1.0784289108427672, "log10_colsample_bytree": -0.8641369419876774, "log10_eta": -0.6798362558668645, "log10_lambda": -4.821390330311681, "log10_min_child_weight": 0.6060231646712039, "log10_subsample": -0.5882476201790612, "max_depth": 3.0, "num_boost_round": 11.0}, "datetime": {"datetime": "2024-01-19 01:04:11", "elapsed": 3131.678894, "delta": 0.0034}}
{"target": -17.71987190389444, "params": {"gamma": 884.0039552333535, "log10_alpha": -1.0784289108427672, "log10_colsample_bytree": -0.8641369419876774, "log10_eta": -0.6798362558668645, "log10_lambda": -4.821390330311681, "log10_min_child_weight": 0.6060231646712039, "log10_subsample": -0.5882476201790612, "max_depth": 3.0, "num_boost_round": 12.0}, "datetime": {"datetime": "2024-01-19 01:04:11", "elapsed": 3131.682337, "delta": 0.003443}}
{"target": -17.725591300819314, "params": {"gamma": 884.0039552333535, "log10_alpha": -1.0784289108427672, "log10_colsample_bytree": -0.8641369419876774, "log10_eta": -0.6798362558668645, "log10_lambda": -4.821390330311681, "log10_min_child_weight": 0.6060231646712039, "log10_subsample": -0.5882476201790612, "max_depth": 3.0, "num_boost_round": 13.0}, "datetime": {"datetime": "2024-01-19 01:04:11", "elapsed": 3131.685677, "delta": 0.00334}}
{"target": -17.727748489353075, "params": {"gamma": 884.0039552333535, "log10_alpha": -1.0784289108427672, "log10_colsample_bytree": -0.8641369419876774, "log10_eta": -0.6798362558668645, "log10_lambda": -4.821390330311681, "log10_min_child_weight": 0.6060231646712039, "log10_subsample": -0.5882476201790612, "max_depth": 3.0, "num_boost_round": 14.0}, "datetime": {"datetime": "2024-01-19 01:04:11", "elapsed": 3131.689052, "delta": 0.003375}}
{"target": -17.729931977911352, "params": {"gamma": 884.0039552333535, "log10_alpha": -1.0784289108427672, "log10_colsample_bytree": -0.8641369419876774, "log10_eta": -0.6798362558668645, "log10_lambda": -4.821390330311681, "log10_min_child_weight": 0.6060231646712039, "log10_subsample": -0.5882476201790612, "max_depth": 3.0, "num_boost_round": 15.0}, "datetime": {"datetime": "2024-01-19 01:04:11", "elapsed": 3131.692472, "delta": 0.00342}}
{"target": -17.7352755669212, "params": {"gamma": 884.0039552333535, "log10_alpha": -1.0784289108427672, "log10_colsample_bytree": -0.8641369419876774, "log10_eta": -0.6798362558668645, "log10_lambda": -4.821390330311681, "log10_min_child_weight": 0.6060231646712039, "log10_subsample": -0.5882476201790612, "max_depth": 3.0, "num_boost_round": 16.0}, "datetime": {"datetime": "2024-01-19 01:04:11", "elapsed": 3131.695848, "delta": 0.003376}}
{"target": -17.735590523390684, "params": {"gamma": 884.0039552333535, "log10_alpha": -1.0784289108427672, "log10_colsample_bytree": -0.8641369419876774, "log10_eta": -0.6798362558668645, "log10_lambda": -4.821390330311681, "log10_min_child_weight": 0.6060231646712039, "log10_subsample": -0.5882476201790612, "max_depth": 3.0, "num_boost_round": 17.0}, "datetime": {"datetime": "2024-01-19 01:04:11", "elapsed": 3131.699269, "delta": 0.003421}}
{"target": -17.73593970450285, "params": {"gamma": 884.0039552333535, "log10_alpha": -1.0784289108427672, "log10_colsample_bytree": -0.8641369419876774, "log10_eta": -0.6798362558668645, "log10_lambda": -4.821390330311681, "log10_min_child_weight": 0.6060231646712039, "log10_subsample": -0.5882476201790612, "max_depth": 3.0, "num_boost_round": 18.0}, "datetime": {"datetime": "2024-01-19 01:04:11", "elapsed": 3131.702717, "delta": 0.003448}}
{"target": -17.735258513911347, "params": {"gamma": 884.0039552333535, "log10_alpha": -1.0784289108427672, "log10_colsample_bytree": -0.8641369419876774, "log10_eta": -0.6798362558668645, "log10_lambda": -4.821390330311681, "log10_min_child_weight": 0.6060231646712039, "log10_subsample": -0.5882476201790612, "max_depth": 3.0, "num_boost_round": 19.0}, "datetime": {"datetime": "2024-01-19 01:04:11", "elapsed": 3131.70607, "delta": 0.003353}}
{"target": -17.737414169930364, "params": {"gamma": 884.0039552333535, "log10_alpha": -1.0784289108427672, "log10_colsample_bytree": -0.8641369419876774, "log10_eta": -0.6798362558668645, "log10_lambda": -4.821390330311681, "log10_min_child_weight": 0.6060231646712039, "log10_subsample": -0.5882476201790612, "max_depth": 3.0, "num_boost_round": 20.0}, "datetime": {"datetime": "2024-01-19 01:04:11", "elapsed": 3131.709421, "delta": 0.003351}}
{"target": -17.7399853374417, "params": {"gamma": 884.0039552333535, "log10_alpha": -1.0784289108427672, "log10_colsample_bytree": -0.8641369419876774, "log10_eta": -0.6798362558668645, "log10_lambda": -4.821390330311681, "log10_min_child_weight": 0.6060231646712039, "log10_subsample": -0.5882476201790612, "max_depth": 3.0, "num_boost_round": 21.0}, "datetime": {"datetime": "2024-01-19 01:04:11", "elapsed": 3131.712909, "delta": 0.003488}}
{"target": -17.74528714479717, "params": {"gamma": 884.0039552333535, "log10_alpha": -1.0784289108427672, "log10_colsample_bytree": -0.8641369419876774, "log10_eta": -0.6798362558668645, "log10_lambda": -4.821390330311681, "log10_min_child_weight": 0.6060231646712039, "log10_subsample": -0.5882476201790612, "max_depth": 3.0, "num_boost_round": 22.0}, "datetime": {"datetime": "2024-01-19 01:04:11", "elapsed": 3131.716323, "delta": 0.003414}}
{"target": -17.793990086222284, "params": {"gamma": 884.0039552333535, "log10_alpha": -1.0784289108427672, "log10_colsample_bytree": -0.8641369419876774, "log10_eta": -0.6798362558668645, "log10_lambda": -4.821390330311681, "log10_min_child_weight": 0.6060231646712039, "log10_subsample": -0.5882476201790612, "max_depth": 3.0, "num_boost_round": 23.0}, "datetime": {"datetime": "2024-01-19 01:04:11", "elapsed": 3131.719682, "delta": 0.003359}}
{"target": -17.79882435378374, "params": {"gamma": 884.0039552333535, "log10_alpha": -1.0784289108427672, "log10_colsample_bytree": -0.8641369419876774, "log10_eta": -0.6798362558668645, "log10_lambda": -4.821390330311681, "log10_min_child_weight": 0.6060231646712039, "log10_subsample": -0.5882476201790612, "max_depth": 3.0, "num_boost_round": 24.0}, "datetime": {"datetime": "2024-01-19 01:04:11", "elapsed": 3131.723247, "delta": 0.003565}}
{"target": -17.86737025055975, "params": {"gamma": 884.0039552333535, "log10_alpha": -1.0784289108427672, "log10_colsample_bytree": -0.8641369419876774, "log10_eta": -0.6798362558668645, "log10_lambda": -4.821390330311681, "log10_min_child_weight": 0.6060231646712039, "log10_subsample": -0.5882476201790612, "max_depth": 3.0, "num_boost_round": 25.0}, "datetime": {"datetime": "2024-01-19 01:04:11", "elapsed": 3131.726761, "delta": 0.003514}}
{"target": -17.8715321218816, "params": {"gamma": 884.0039552333535, "log10_alpha": -1.0784289108427672, "log10_colsample_bytree": -0.8641369419876774, "log10_eta": -0.6798362558668645, "log10_lambda": -4.821390330311681, "log10_min_child_weight": 0.6060231646712039, "log10_subsample": -0.5882476201790612, "max_depth": 3.0, "num_boost_round": 26.0}, "datetime": {"datetime": "2024-01-19 01:04:11", "elapsed": 3131.73083, "delta": 0.004069}}
{"target": -17.875498084921446, "params": {"gamma": 884.0039552333535, "log10_alpha": -1.0784289108427672, "log10_colsample_bytree": -0.8641369419876774, "log10_eta": -0.6798362558668645, "log10_lambda": -4.821390330311681, "log10_min_child_weight": 0.6060231646712039, "log10_subsample": -0.5882476201790612, "max_depth": 3.0, "num_boost_round": 27.0}, "datetime": {"datetime": "2024-01-19 01:04:11", "elapsed": 3131.734854, "delta": 0.004024}}
{"target": -17.87138682041603, "params": {"gamma": 884.0039552333535, "log10_alpha": -1.0784289108427672, "log10_colsample_bytree": -0.8641369419876774, "log10_eta": -0.6798362558668645, "log10_lambda": -4.821390330311681, "log10_min_child_weight": 0.6060231646712039, "log10_subsample": -0.5882476201790612, "max_depth": 3.0, "num_boost_round": 28.0}, "datetime": {"datetime": "2024-01-19 01:04:11", "elapsed": 3131.738519, "delta": 0.003665}}
{"target": -17.872576738736218, "params": {"gamma": 884.0039552333535, "log10_alpha": -1.0784289108427672, "log10_colsample_bytree": -0.8641369419876774, "log10_eta": -0.6798362558668645, "log10_lambda": -4.821390330311681, "log10_min_child_weight": 0.6060231646712039, "log10_subsample": -0.5882476201790612, "max_depth": 3.0, "num_boost_round": 29.0}, "datetime": {"datetime": "2024-01-19 01:04:11", "elapsed": 3131.741913, "delta": 0.003394}}
{"target": -17.874477380001874, "params": {"gamma": 884.0039552333535, "log10_alpha": -1.0784289108427672, "log10_colsample_bytree": -0.8641369419876774, "log10_eta": -0.6798362558668645, "log10_lambda": -4.821390330311681, "log10_min_child_weight": 0.6060231646712039, "log10_subsample": -0.5882476201790612, "max_depth": 3.0, "num_boost_round": 30.0}, "datetime": {"datetime": "2024-01-19 01:04:11", "elapsed": 3131.745342, "delta": 0.003429}}
{"target": -17.876627320737267, "params": {"gamma": 884.0039552333535, "log10_alpha": -1.0784289108427672, "log10_colsample_bytree": -0.8641369419876774, "log10_eta": -0.6798362558668645, "log10_lambda": -4.821390330311681, "log10_min_child_weight": 0.6060231646712039, "log10_subsample": -0.5882476201790612, "max_depth": 3.0, "num_boost_round": 31.0}, "datetime": {"datetime": "2024-01-19 01:04:11", "elapsed": 3131.748698, "delta": 0.003356}}
{"target": -17.887687740730147, "params": {"gamma": 884.0039552333535, "log10_alpha": -1.0784289108427672, "log10_colsample_bytree": -0.8641369419876774, "log10_eta": -0.6798362558668645, "log10_lambda": -4.821390330311681, "log10_min_child_weight": 0.6060231646712039, "log10_subsample": -0.5882476201790612, "max_depth": 3.0, "num_boost_round": 32.0}, "datetime": {"datetime": "2024-01-19 01:04:11", "elapsed": 3131.752014, "delta": 0.003316}}
{"target": -17.893118504658705, "params": {"gamma": 884.0039552333535, "log10_alpha": -1.0784289108427672, "log10_colsample_bytree": -0.8641369419876774, "log10_eta": -0.6798362558668645, "log10_lambda": -4.821390330311681, "log10_min_child_weight": 0.6060231646712039, "log10_subsample": -0.5882476201790612, "max_depth": 3.0, "num_boost_round": 33.0}, "datetime": {"datetime": "2024-01-19 01:04:11", "elapsed": 3131.755432, "delta": 0.003418}}
{"target": -17.89601456620531, "params": {"gamma": 884.0039552333535, "log10_alpha": -1.0784289108427672, "log10_colsample_bytree": -0.8641369419876774, "log10_eta": -0.6798362558668645, "log10_lambda": -4.821390330311681, "log10_min_child_weight": 0.6060231646712039, "log10_subsample": -0.5882476201790612, "max_depth": 3.0, "num_boost_round": 34.0}, "datetime": {"datetime": "2024-01-19 01:04:11", "elapsed": 3131.758776, "delta": 0.003344}}
{"target": -17.908889804784433, "params": {"gamma": 884.0039552333535, "log10_alpha": -1.0784289108427672, "log10_colsample_bytree": -0.8641369419876774, "log10_eta": -0.6798362558668645, "log10_lambda": -4.821390330311681, "log10_min_child_weight": 0.6060231646712039, "log10_subsample": -0.5882476201790612, "max_depth": 3.0, "num_boost_round": 35.0}, "datetime": {"datetime": "2024-01-19 01:04:11", "elapsed": 3131.762149, "delta": 0.003373}}
{"target": -17.910584399035102, "params": {"gamma": 884.0039552333535, "log10_alpha": -1.0784289108427672, "log10_colsample_bytree": -0.8641369419876774, "log10_eta": -0.6798362558668645, "log10_lambda": -4.821390330311681, "log10_min_child_weight": 0.6060231646712039, "log10_subsample": -0.5882476201790612, "max_depth": 3.0, "num_boost_round": 36.0}, "datetime": {"datetime": "2024-01-19 01:04:11", "elapsed": 3131.765522, "delta": 0.003373}}
{"target": -17.90873177665571, "params": {"gamma": 884.0039552333535, "log10_alpha": -1.0784289108427672, "log10_colsample_bytree": -0.8641369419876774, "log10_eta": -0.6798362558668645, "log10_lambda": -4.821390330311681, "log10_min_child_weight": 0.6060231646712039, "log10_subsample": -0.5882476201790612, "max_depth": 3.0, "num_boost_round": 37.0}, "datetime": {"datetime": "2024-01-19 01:04:11", "elapsed": 3131.768936, "delta": 0.003414}}
{"target": -17.675435336224794, "params": {"gamma": 893.3235167266664, "log10_alpha": -4.642849921893407, "log10_colsample_bytree": -0.004117645884573751, "log10_eta": -1.0562830909026255, "log10_lambda": -3.235175053522682, "log10_min_child_weight": 3.341734616707865, "log10_subsample": -0.3247112881483768, "max_depth": 4.0, "num_boost_round": 0.0}, "datetime": {"datetime": "2024-01-19 01:05:01", "elapsed": 3182.51962, "delta": 50.750684}}
{"target": -17.673868475166778, "params": {"gamma": 893.3235167266664, "log10_alpha": -4.642849921893407, "log10_colsample_bytree": -0.004117645884573751, "log10_eta": -1.0562830909026255, "log10_lambda": -3.235175053522682, "log10_min_child_weight": 3.341734616707865, "log10_subsample": -0.3247112881483768, "max_depth": 4.0, "num_boost_round": 1.0}, "datetime": {"datetime": "2024-01-19 01:05:01", "elapsed": 3182.523686, "delta": 0.004066}}
