{"target": -17.677074652069145, "params": {"gamma": 975.0278807153012, "log10_alpha": -3.2476724909385473, "log10_colsample_bytree": -0.06385401120452183, "log10_eta": -3.4981907956057503, "log10_lambda": -2.1746774369196196, "log10_min_child_weight": 1.0892138323706813, "log10_subsample": -0.37618000017876996, "max_depth": 3.0, "num_boost_round": 14.0}, "datetime": {"datetime": "2024-01-19 00:56:43", "elapsed": 2697.581094, "delta": 0.00307}}
{"target": -17.6770640546998, "params": {"gamma": 975.0278807153012, "log10_alpha": -3.2476724909385473, "log10_colsample_bytree": -0.06385401120452183, "log10_eta": -3.4981907956057503, "log10_lambda": -2.1746774369196196, "log10_min_child_weight": 1.0892138323706813, "log10_subsample": -0.37618000017876996, "max_depth": 3.0, "num_boost_round": 15.0}, "datetime": {"datetime": "2024-01-19 00:56:43", "elapsed": 2697.584241, "delta": 0.003147}}
{"target": -17.677050124223694, "params": {"gamma": 975.0278807153012, "log10_alpha": -3.2476724909385473, "log10_colsample_bytree": -0.06385401120452183, "log10_eta": -3.4981907956057503, "log10_lambda": -2.1746774369196196, "log10_min_child_weight": 1.0892138323706813, "log10_subsample": -0.37618000017876996, "max_depth": 3.0, "num_boost_round": 16.0}, "datetime": {"datetime": "2024-01-19 00:56:43", "elapsed": 2697.587332, "delta": 0.003091}}
{"target": -17.67735815032726, "params": {"gamma": 977.0596909081335, "log10_alpha": 0.7761810343657665, "log10_colsample_bytree": -0.35232421509732625, "log10_eta": -2.2278080225677996, "log10_lambda": -0.9882156475818578, "log10_min_child_weight": 0.6665185592059514, "log10_subsample": -0.608780224332183, "max_depth": 9.0, "num_boost_round": 0.0}, "datetime": {"datetime": "2024-01-19 00:57:25", "elapsed": 2739.262362, "delta": 41.67503}}
{"target": -17.677202784768745, "params": {"gamma": 977.0596909081335, "log10_alpha": 0.7761810343657665, "log10_colsample_bytree": -0.35232421509732625, "log10_eta": -2.2278080225677996, "log10_lambda": -0.9882156475818578, "log10_min_child_weight": 0.6665185592059514, "log10_subsample": -0.608780224332183, "max_depth": 9.0, "num_boost_round": 1.0}, "datetime": {"datetime": "2024-01-19 00:57:25", "elapsed": 2739.265619, "delta": 0.003257}}
{"target": -17.67676612071882, "params": {"gamma": 977.0596909081335, "log10_alpha": 0.7761810343657665, "log10_colsample_bytree": -0.35232421509732625, "log10_eta": -2.2278080225677996, "log10_lambda": -0.9882156475818578, "log10_min_child_weight": 0.6665185592059514, "log10_subsample": -0.608780224332183, "max_depth": 9.0, "num_boost_round": 2.0}, "datetime": {"datetime": "2024-01-19 00:57:25", "elapsed": 2739.268791, "delta": 0.003172}}
{"target": -17.676433138420474, "params": {"gamma": 977.0596909081335, "log10_alpha": 0.7761810343657665, "log10_colsample_bytree": -0.35232421509732625, "log10_eta": -2.2278080225677996, "log10_lambda": -0.9882156475818578, "log10_min_child_weight": 0.6665185592059514, "log10_subsample": -0.608780224332183, "max_depth": 9.0, "num_boost_round": 3.0}, "datetime": {"datetime": "2024-01-19 00:57:25", "elapsed": 2739.271828, "delta": 0.003037}}
{"target": -17.676584857222423, "params": {"gamma": 977.0596909081335, "log10_alpha": 0.7761810343657665, "log10_colsample_bytree": -0.35232421509732625, "log10_eta": -2.2278080225677996, "log10_lambda": -0.9882156475818578, "log10_min_child_weight": 0.6665185592059514, "log10_subsample": -0.608780224332183, "max_depth": 9.0, "num_boost_round": 4.0}, "datetime": {"datetime": "2024-01-19 00:57:25", "elapsed": 2739.274902, "delta": 0.003074}}
{"target": -17.676151724843265, "params": {"gamma": 977.0596909081335, "log10_alpha": 0.7761810343657665, "log10_colsample_bytree": -0.35232421509732625, "log10_eta": -2.2278080225677996, "log10_lambda": -0.9882156475818578, "log10_min_child_weight": 0.6665185592059514, "log10_subsample": -0.608780224332183, "max_depth": 9.0, "num_boost_round": 5.0}, "datetime": {"datetime": "2024-01-19 00:57:25", "elapsed": 2739.277903, "delta": 0.003001}}
{"target": -17.67639426882694, "params": {"gamma": 977.0596909081335, "log10_alpha": 0.7761810343657665, "log10_colsample_bytree": -0.35232421509732625, "log10_eta": -2.2278080225677996, "log10_lambda": -0.9882156475818578, "log10_min_child_weight": 0.6665185592059514, "log10_subsample": -0.608780224332183, "max_depth": 9.0, "num_boost_round": 6.0}, "datetime": {"datetime": "2024-01-19 00:57:25", "elapsed": 2739.281001, "delta": 0.003098}}
{"target": -17.676082578187124, "params": {"gamma": 977.0596909081335, "log10_alpha": 0.7761810343657665, "log10_colsample_bytree": -0.35232421509732625, "log10_eta": -2.2278080225677996, "log10_lambda": -0.9882156475818578, "log10_min_child_weight": 0.6665185592059514, "log10_subsample": -0.608780224332183, "max_depth": 9.0, "num_boost_round": 7.0}, "datetime": {"datetime": "2024-01-19 00:57:25", "elapsed": 2739.284735, "delta": 0.003734}}
{"target": -17.6760026515452, "params": {"gamma": 977.0596909081335, "log10_alpha": 0.7761810343657665, "log10_colsample_bytree": -0.35232421509732625, "log10_eta": -2.2278080225677996, "log10_lambda": -0.9882156475818578, "log10_min_child_weight": 0.6665185592059514, "log10_subsample": -0.608780224332183, "max_depth": 9.0, "num_boost_round": 8.0}, "datetime": {"datetime": "2024-01-19 00:57:25", "elapsed": 2739.288159, "delta": 0.003424}}
{"target": -17.6755554397769, "params": {"gamma": 977.0596909081335, "log10_alpha": 0.7761810343657665, "log10_colsample_bytree": -0.35232421509732625, "log10_eta": -2.2278080225677996, "log10_lambda": -0.9882156475818578, "log10_min_child_weight": 0.6665185592059514, "log10_subsample": -0.608780224332183, "max_depth": 9.0, "num_boost_round": 9.0}, "datetime": {"datetime": "2024-01-19 00:57:25", "elapsed": 2739.291369, "delta": 0.00321}}
{"target": -17.67570624496006, "params": {"gamma": 977.0596909081335, "log10_alpha": 0.7761810343657665, "log10_colsample_bytree": -0.35232421509732625, "log10_eta": -2.2278080225677996, "log10_lambda": -0.9882156475818578, "log10_min_child_weight": 0.6665185592059514, "log10_subsample": -0.608780224332183, "max_depth": 9.0, "num_boost_round": 10.0}, "datetime": {"datetime": "2024-01-19 00:57:25", "elapsed": 2739.294488, "delta": 0.003119}}
{"target": -17.67537429237094, "params": {"gamma": 977.0596909081335, "log10_alpha": 0.7761810343657665, "log10_colsample_bytree": -0.35232421509732625, "log10_eta": -2.2278080225677996, "log10_lambda": -0.9882156475818578, "log10_min_child_weight": 0.6665185592059514, "log10_subsample": -0.608780224332183, "max_depth": 9.0, "num_boost_round": 11.0}, "datetime": {"datetime": "2024-01-19 00:57:25", "elapsed": 2739.29753, "delta": 0.003042}}
{"target": -17.675382707576503, "params": {"gamma": 977.0596909081335, "log10_alpha": 0.7761810343657665, "log10_colsample_bytree": -0.35232421509732625, "log10_eta": -2.2278080225677996, "log10_lambda": -0.9882156475818578, "log10_min_child_weight": 0.6665185592059514, "log10_subsample": -0.608780224332183, "max_depth": 9.0, "num_boost_round": 12.0}, "datetime": {"datetime": "2024-01-19 00:57:25", "elapsed": 2739.300619, "delta": 0.003089}}
{"target": -17.674941207792042, "params": {"gamma": 977.0596909081335, "log10_alpha": 0.7761810343657665, "log10_colsample_bytree": -0.35232421509732625, "log10_eta": -2.2278080225677996, "log10_lambda": -0.9882156475818578, "log10_min_child_weight": 0.6665185592059514, "log10_subsample": -0.608780224332183, "max_depth": 9.0, "num_boost_round": 13.0}, "datetime": {"datetime": "2024-01-19 00:57:25", "elapsed": 2739.303679, "delta": 0.00306}}
{"target": -17.674978231973476, "params": {"gamma": 977.0596909081335, "log10_alpha": 0.7761810343657665, "log10_colsample_bytree": -0.35232421509732625, "log10_eta": -2.2278080225677996, "log10_lambda": -0.9882156475818578, "log10_min_child_weight": 0.6665185592059514, "log10_subsample": -0.608780224332183, "max_depth": 9.0, "num_boost_round": 14.0}, "datetime": {"datetime": "2024-01-19 00:57:25", "elapsed": 2739.306767, "delta": 0.003088}}
{"target": -17.67491771022831, "params": {"gamma": 977.0596909081335, "log10_alpha": 0.7761810343657665, "log10_colsample_bytree": -0.35232421509732625, "log10_eta": -2.2278080225677996, "log10_lambda": -0.9882156475818578, "log10_min_child_weight": 0.6665185592059514, "log10_subsample": -0.608780224332183, "max_depth": 9.0, "num_boost_round": 15.0}, "datetime": {"datetime": "2024-01-19 00:57:25", "elapsed": 2739.30983, "delta": 0.003063}}
{"target": -17.67468727227101, "params": {"gamma": 977.0596909081335, "log10_alpha": 0.7761810343657665, "log10_colsample_bytree": -0.35232421509732625, "log10_eta": -2.2278080225677996, "log10_lambda": -0.9882156475818578, "log10_min_child_weight": 0.6665185592059514, "log10_subsample": -0.608780224332183, "max_depth": 9.0, "num_boost_round": 16.0}, "datetime": {"datetime": "2024-01-19 00:57:25", "elapsed": 2739.313034, "delta": 0.003204}}
{"target": -17.674692760084422, "params": {"gamma": 977.0596909081335, "log10_alpha": 0.7761810343657665, "log10_colsample_bytree": -0.35232421509732625, "log10_eta": -2.2278080225677996, "log10_lambda": -0.9882156475818578, "log10_min_child_weight": 0.6665185592059514, "log10_subsample": -0.608780224332183, "max_depth": 9.0, "num_boost_round": 17.0}, "datetime": {"datetime": "2024-01-19 00:57:25", "elapsed": 2739.316263, "delta": 0.003229}}
{"target": -17.674365067795247, "params": {"gamma": 977.0596909081335, "log10_alpha": 0.7761810343657665, "log10_colsample_bytree": -0.35232421509732625, "log10_eta": -2.2278080225677996, "log10_lambda": -0.9882156475818578, "log10_min_child_weight": 0.6665185592059514, "log10_subsample": -0.608780224332183, "max_depth": 9.0, "num_boost_round": 18.0}, "datetime": {"datetime": "2024-01-19 00:57:25", "elapsed": 2739.319414, "delta": 0.003151}}
{"target": -17.674403688224476, "params": {"gamma": 977.0596909081335, "log10_alpha": 0.7761810343657665, "log10_colsample_bytree": -0.35232421509732625, "log10_eta": -2.2278080225677996, "log10_lambda": -0.9882156475818578, "log10_min_child_weight": 0.6665185592059514, "log10_subsample": -0.608780224332183, "max_depth": 9.0, "num_boost_round": 19.0}, "datetime": {"datetime": "2024-01-19 00:57:25", "elapsed": 2739.322537, "delta": 0.003123}}
{"target": -17.67430084609394, "params": {"gamma": 977.0596909081335, "log10_alpha": 0.7761810343657665, "log10_colsample_bytree": -0.35232421509732625, "log10_eta": -2.2278080225677996, "log10_lambda": -0.9882156475818578, "log10_min_child_weight": 0.6665185592059514, "log10_subsample": -0.608780224332183, "max_depth": 9.0, "num_boost_round": 20.0}, "datetime": {"datetime": "2024-01-19 00:57:25", "elapsed": 2739.32564, "delta": 0.003103}}
{"target": -17.674133406583184, "params": {"gamma": 977.0596909081335, "log10_alpha": 0.7761810343657665, "log10_colsample_bytree": -0.35232421509732625, "log10_eta": -2.2278080225677996, "log10_lambda": -0.9882156475818578, "log10_min_child_weight": 0.6665185592059514, "log10_subsample": -0.608780224332183, "max_depth": 9.0, "num_boost_round": 21.0}, "datetime": {"datetime": "2024-01-19 00:57:25", "elapsed": 2739.328765, "delta": 0.003125}}
{"target": -17.673870919931876, "params": {"gamma": 977.0596909081335, "log10_alpha": 0.7761810343657665, "log10_colsample_bytree": -0.35232421509732625, "log10_eta": -2.2278080225677996, "log10_lambda": -0.9882156475818578, "log10_min_child_weight": 0.6665185592059514, "log10_subsample": -0.608780224332183, "max_depth": 9.0, "num_boost_round": 22.0}, "datetime": {"datetime": "2024-01-19 00:57:25", "elapsed": 2739.331996, "delta": 0.003231}}
{"target": -17.673659757878703, "params": {"gamma": 977.0596909081335, "log10_alpha": 0.7761810343657665, "log10_colsample_bytree": -0.35232421509732625, "log10_eta": -2.2278080225677996, "log10_lambda": -0.9882156475818578, "log10_min_child_weight": 0.6665185592059514, "log10_subsample": -0.608780224332183, "max_depth": 9.0, "num_boost_round": 23.0}, "datetime": {"datetime": "2024-01-19 00:57:25", "elapsed": 2739.33517, "delta": 0.003174}}
{"target": -17.67373943584692, "params": {"gamma": 977.0596909081335, "log10_alpha": 0.7761810343657665, "log10_colsample_bytree": -0.35232421509732625, "log10_eta": -2.2278080225677996, "log10_lambda": -0.9882156475818578, "log10_min_child_weight": 0.6665185592059514, "log10_subsample": -0.608780224332183, "max_depth": 9.0, "num_boost_round": 24.0}, "datetime": {"datetime": "2024-01-19 00:57:25", "elapsed": 2739.338333, "delta": 0.003163}}
{"target": -17.673434702296504, "params": {"gamma": 977.0596909081335, "log10_alpha": 0.7761810343657665, "log10_colsample_bytree": -0.35232421509732625, "log10_eta": -2.2278080225677996, "log10_lambda": -0.9882156475818578, "log10_min_child_weight": 0.6665185592059514, "log10_subsample": -0.608780224332183, "max_depth": 9.0, "num_boost_round": 25.0}, "datetime": {"datetime": "2024-01-19 00:57:25", "elapsed": 2739.341343, "delta": 0.00301}}
{"target": -17.673530854680244, "params": {"gamma": 977.0596909081335, "log10_alpha": 0.7761810343657665, "log10_colsample_bytree": -0.35232421509732625, "log10_eta": -2.2278080225677996, "log10_lambda": -0.9882156475818578, "log10_min_child_weight": 0.6665185592059514, "log10_subsample": -0.608780224332183, "max_depth": 9.0, "num_boost_round": 26.0}, "datetime": {"datetime": "2024-01-19 00:57:25", "elapsed": 2739.344389, "delta": 0.003046}}
{"target": -17.67311935669568, "params": {"gamma": 977.0596909081335, "log10_alpha": 0.7761810343657665, "log10_colsample_bytree": -0.35232421509732625, "log10_eta": -2.2278080225677996, "log10_lambda": -0.9882156475818578, "log10_min_child_weight": 0.6665185592059514, "log10_subsample": -0.608780224332183, "max_depth": 9.0, "num_boost_round": 27.0}, "datetime": {"datetime": "2024-01-19 00:57:25", "elapsed": 2739.347374, "delta": 0.002985}}
{"target": -17.676640334122766, "params": {"gamma": 977.6774911623262, "log10_alpha": -3.289502130146336, "log10_colsample_bytree": -0.5301495581259625, "log10_eta": -1.8452977309855103, "log10_lambda": -0.1678555957731067, "log10_min_child_weight": 3.4768533694881536, "log10_subsample": -0.03109751016058404, "max_depth": 7.0, "num_boost_round": 0.0}, "datetime": {"datetime": "2024-01-19 00:58:02", "elapsed": 2776.464967, "delta": 37.117593}}
{"target": -17.676402406383055, "params": {"gamma": 977.6774911623262, "log10_alpha": -3.289502130146336, "log10_colsample_bytree": -0.5301495581259625, "log10_eta": -1.8452977309855103, "log10_lambda": -0.1678555957731067, "log10_min_child_weight": 3.4768533694881536, "log10_subsample": -0.03109751016058404, "max_depth": 7.0, "num_boost_round": 1.0}, "datetime": {"datetime": "2024-01-19 00:58:02", "elapsed": 2776.468476, "delta": 0.003509}}
{"target": -17.67565354997041, "params": {"gamma": 977.6774911623262, "log10_alpha": -3.289502130146336, "log10_colsample_bytree": -0.5301495581259625, "log10_eta": -1.8452977309855103, "log10_lambda": -0.1678555957731067, "log10_min_child_weight": 3.4768533694881536, "log10_subsample": -0.03109751016058404, "max_depth": 7.0, "num_boost_round": 2.0}, "datetime": {"datetime": "2024-01-19 00:58:02", "elapsed": 2776.471811, "delta": 0.003335}}
{"target": -17.675812755764206, "params": {"gamma": 977.6774911623262, "log10_alpha": -3.289502130146336, "log10_colsample_bytree": -0.5301495581259625, "log10_eta": -1.8452977309855103, "log10_lambda": -0.1678555957731067, "log10_min_child_weight": 3.4768533694881536, "log10_subsample": -0.03109751016058404, "max_depth": 7.0, "num_boost_round": 3.0}, "datetime": {"datetime": "2024-01-19 00:58:02", "elapsed": 2776.474919, "delta": 0.003108}}
{"target": -17.675264932611967, "params": {"gamma": 977.6774911623262, "log10_alpha": -3.289502130146336, "log10_colsample_bytree": -0.5301495581259625, "log10_eta": -1.8452977309855103, "log10_lambda": -0.1678555957731067, "log10_min_child_weight": 3.4768533694881536, "log10_subsample": -0.03109751016058404, "max_depth": 7.0, "num_boost_round": 4.0}, "datetime": {"datetime": "2024-01-19 00:58:02", "elapsed": 2776.478006, "delta": 0.003087}}
{"target": -17.675104119959908, "params": {"gamma": 977.6774911623262, "log10_alpha": -3.289502130146336, "log10_colsample_bytree": -0.5301495581259625, "log10_eta": -1.8452977309855103, "log10_lambda": -0.1678555957731067, "log10_min_child_weight": 3.4768533694881536, "log10_subsample": -0.03109751016058404, "max_depth": 7.0, "num_boost_round": 5.0}, "datetime": {"datetime": "2024-01-19 00:58:02", "elapsed": 2776.481108, "delta": 0.003102}}
{"target": -17.67531181314573, "params": {"gamma": 977.6774911623262, "log10_alpha": -3.289502130146336, "log10_colsample_bytree": -0.5301495581259625, "log10_eta": -1.8452977309855103, "log10_lambda": -0.1678555957731067, "log10_min_child_weight": 3.4768533694881536, "log10_subsample": -0.03109751016058404, "max_depth": 7.0, "num_boost_round": 6.0}, "datetime": {"datetime": "2024-01-19 00:58:02", "elapsed": 2776.484206, "delta": 0.003098}}
{"target": -17.674796253954145, "params": {"gamma": 977.6774911623262, "log10_alpha": -3.289502130146336, "log10_colsample_bytree": -0.5301495581259625, "log10_eta": -1.8452977309855103, "log10_lambda": -0.1678555957731067, "log10_min_child_weight": 3.4768533694881536, "log10_subsample": -0.03109751016058404, "max_depth": 7.0, "num_boost_round": 7.0}, "datetime": {"datetime": "2024-01-19 00:58:02", "elapsed": 2776.487235, "delta": 0.003029}}
{"target": -17.674403523759302, "params": {"gamma": 977.6774911623262, "log10_alpha": -3.289502130146336, "log10_colsample_bytree": -0.5301495581259625, "log10_eta": -1.8452977309855103, "log10_lambda": -0.1678555957731067, "log10_min_child_weight": 3.4768533694881536, "log10_subsample": -0.03109751016058404, "max_depth": 7.0, "num_boost_round": 8.0}, "datetime": {"datetime": "2024-01-19 00:58:02", "elapsed": 2776.490343, "delta": 0.003108}}
{"target": -17.673765354569962, "params": {"gamma": 977.6774911623262, "log10_alpha": -3.289502130146336, "log10_colsample_bytree": -0.5301495581259625, "log10_eta": -1.8452977309855103, "log10_lambda": -0.1678555957731067, "log10_min_child_weight": 3.4768533694881536, "log10_subsample": -0.03109751016058404, "max_depth": 7.0, "num_boost_round": 9.0}, "datetime": {"datetime": "2024-01-19 00:58:02", "elapsed": 2776.493446, "delta": 0.003103}}
{"target": -17.673079680423044, "params": {"gamma": 977.6774911623262, "log10_alpha": -3.289502130146336, "log10_colsample_bytree": -0.5301495581259625, "log10_eta": -1.8452977309855103, "log10_lambda": -0.1678555957731067, "log10_min_child_weight": 3.4768533694881536, "log10_subsample": -0.03109751016058404, "max_depth": 7.0, "num_boost_round": 10.0}, "datetime": {"datetime": "2024-01-19 00:58:02", "elapsed": 2776.496581, "delta": 0.003135}}
{"target": -17.672422394956016, "params": {"gamma": 977.6774911623262, "log10_alpha": -3.289502130146336, "log10_colsample_bytree": -0.5301495581259625, "log10_eta": -1.8452977309855103, "log10_lambda": -0.1678555957731067, "log10_min_child_weight": 3.4768533694881536, "log10_subsample": -0.03109751016058404, "max_depth": 7.0, "num_boost_round": 11.0}, "datetime": {"datetime": "2024-01-19 00:58:02", "elapsed": 2776.499626, "delta": 0.003045}}
{"target": -17.672647071170573, "params": {"gamma": 977.6774911623262, "log10_alpha": -3.289502130146336, "log10_colsample_bytree": -0.5301495581259625, "log10_eta": -1.8452977309855103, "log10_lambda": -0.1678555957731067, "log10_min_child_weight": 3.4768533694881536, "log10_subsample": -0.03109751016058404, "max_depth": 7.0, "num_boost_round": 12.0}, "datetime": {"datetime": "2024-01-19 00:58:02", "elapsed": 2776.502735, "delta": 0.003109}}
{"target": -17.67304350039406, "params": {"gamma": 977.6774911623262, "log10_alpha": -3.289502130146336, "log10_colsample_bytree": -0.5301495581259625, "log10_eta": -1.8452977309855103, "log10_lambda": -0.1678555957731067, "log10_min_child_weight": 3.4768533694881536, "log10_subsample": -0.03109751016058404, "max_depth": 7.0, "num_boost_round": 13.0}, "datetime": {"datetime": "2024-01-19 00:58:02", "elapsed": 2776.505853, "delta": 0.003118}}
{"target": -17.673016469258076, "params": {"gamma": 977.6774911623262, "log10_alpha": -3.289502130146336, "log10_colsample_bytree": -0.5301495581259625, "log10_eta": -1.8452977309855103, "log10_lambda": -0.1678555957731067, "log10_min_child_weight": 3.4768533694881536, "log10_subsample": -0.03109751016058404, "max_depth": 7.0, "num_boost_round": 14.0}, "datetime": {"datetime": "2024-01-19 00:58:02", "elapsed": 2776.508881, "delta": 0.003028}}
{"target": -17.672568914506314, "params": {"gamma": 977.6774911623262, "log10_alpha": -3.289502130146336, "log10_colsample_bytree": -0.5301495581259625, "log10_eta": -1.8452977309855103, "log10_lambda": -0.1678555957731067, "log10_min_child_weight": 3.4768533694881536, "log10_subsample": -0.03109751016058404, "max_depth": 7.0, "num_boost_round": 15.0}, "datetime": {"datetime": "2024-01-19 00:58:02", "elapsed": 2776.512252, "delta": 0.003371}}
{"target": -17.672670766876923, "params": {"gamma": 977.6774911623262, "log10_alpha": -3.289502130146336, "log10_colsample_bytree": -0.5301495581259625, "log10_eta": -1.8452977309855103, "log10_lambda": -0.1678555957731067, "log10_min_child_weight": 3.4768533694881536, "log10_subsample": -0.03109751016058404, "max_depth": 7.0, "num_boost_round": 16.0}, "datetime": {"datetime": "2024-01-19 00:58:02", "elapsed": 2776.515578, "delta": 0.003326}}
{"target": -17.672392419442346, "params": {"gamma": 977.6774911623262, "log10_alpha": -3.289502130146336, "log10_colsample_bytree": -0.5301495581259625, "log10_eta": -1.8452977309855103, "log10_lambda": -0.1678555957731067, "log10_min_child_weight": 3.4768533694881536, "log10_subsample": -0.03109751016058404, "max_depth": 7.0, "num_boost_round": 17.0}, "datetime": {"datetime": "2024-01-19 00:58:02", "elapsed": 2776.518649, "delta": 0.003071}}
