{"target": -17.677178301277504, "params": {"gamma": 422.8828666055191, "log10_alpha": -2.728862010388986, "log10_colsample_bytree": -0.05167619284006297, "log10_eta": -3.6601862852134173, "log10_lambda": -1.0296602833091253, "log10_min_child_weight": 2.7525151855208523, "log10_subsample": -0.07467634443155247, "max_depth": 3.0, "num_boost_round": 6.0}, "datetime": {"datetime": "2024-01-19 01:14:36", "elapsed": 3769.299476, "delta": 0.004938}}
{"target": -17.677170764700843, "params": {"gamma": 422.8828666055191, "log10_alpha": -2.728862010388986, "log10_colsample_bytree": -0.05167619284006297, "log10_eta": -3.6601862852134173, "log10_lambda": -1.0296602833091253, "log10_min_child_weight": 2.7525151855208523, "log10_subsample": -0.07467634443155247, "max_depth": 3.0, "num_boost_round": 7.0}, "datetime": {"datetime": "2024-01-19 01:14:36", "elapsed": 3769.304065, "delta": 0.004589}}
{"target": -17.677163838275632, "params": {"gamma": 422.8828666055191, "log10_alpha": -2.728862010388986, "log10_colsample_bytree": -0.05167619284006297, "log10_eta": -3.6601862852134173, "log10_lambda": -1.0296602833091253, "log10_min_child_weight": 2.7525151855208523, "log10_subsample": -0.07467634443155247, "max_depth": 3.0, "num_boost_round": 8.0}, "datetime": {"datetime": "2024-01-19 01:14:36", "elapsed": 3769.30854, "delta": 0.004475}}
{"target": -17.677157916065692, "params": {"gamma": 422.8828666055191, "log10_alpha": -2.728862010388986, "log10_colsample_bytree": -0.05167619284006297, "log10_eta": -3.6601862852134173, "log10_lambda": -1.0296602833091253, "log10_min_child_weight": 2.7525151855208523, "log10_subsample": -0.07467634443155247, "max_depth": 3.0, "num_boost_round": 9.0}, "datetime": {"datetime": "2024-01-19 01:14:36", "elapsed": 3769.312974, "delta": 0.004434}}
{"target": -17.677150511807834, "params": {"gamma": 422.8828666055191, "log10_alpha": -2.728862010388986, "log10_colsample_bytree": -0.05167619284006297, "log10_eta": -3.6601862852134173, "log10_lambda": -1.0296602833091253, "log10_min_child_weight": 2.7525151855208523, "log10_subsample": -0.07467634443155247, "max_depth": 3.0, "num_boost_round": 10.0}, "datetime": {"datetime": "2024-01-19 01:14:36", "elapsed": 3769.31728, "delta": 0.004306}}
{"target": -17.677142728911743, "params": {"gamma": 422.8828666055191, "log10_alpha": -2.728862010388986, "log10_colsample_bytree": -0.05167619284006297, "log10_eta": -3.6601862852134173, "log10_lambda": -1.0296602833091253, "log10_min_child_weight": 2.7525151855208523, "log10_subsample": -0.07467634443155247, "max_depth": 3.0, "num_boost_round": 11.0}, "datetime": {"datetime": "2024-01-19 01:14:36", "elapsed": 3769.321575, "delta": 0.004295}}
{"target": -17.677135807496313, "params": {"gamma": 422.8828666055191, "log10_alpha": -2.728862010388986, "log10_colsample_bytree": -0.05167619284006297, "log10_eta": -3.6601862852134173, "log10_lambda": -1.0296602833091253, "log10_min_child_weight": 2.7525151855208523, "log10_subsample": -0.07467634443155247, "max_depth": 3.0, "num_boost_round": 12.0}, "datetime": {"datetime": "2024-01-19 01:14:36", "elapsed": 3769.325933, "delta": 0.004358}}
{"target": -17.67712878538943, "params": {"gamma": 422.8828666055191, "log10_alpha": -2.728862010388986, "log10_colsample_bytree": -0.05167619284006297, "log10_eta": -3.6601862852134173, "log10_lambda": -1.0296602833091253, "log10_min_child_weight": 2.7525151855208523, "log10_subsample": -0.07467634443155247, "max_depth": 3.0, "num_boost_round": 13.0}, "datetime": {"datetime": "2024-01-19 01:14:36", "elapsed": 3769.330207, "delta": 0.004274}}
{"target": -17.677121333322393, "params": {"gamma": 422.8828666055191, "log10_alpha": -2.728862010388986, "log10_colsample_bytree": -0.05167619284006297, "log10_eta": -3.6601862852134173, "log10_lambda": -1.0296602833091253, "log10_min_child_weight": 2.7525151855208523, "log10_subsample": -0.07467634443155247, "max_depth": 3.0, "num_boost_round": 14.0}, "datetime": {"datetime": "2024-01-19 01:14:36", "elapsed": 3769.33449, "delta": 0.004283}}
{"target": -17.677113965178947, "params": {"gamma": 422.8828666055191, "log10_alpha": -2.728862010388986, "log10_colsample_bytree": -0.05167619284006297, "log10_eta": -3.6601862852134173, "log10_lambda": -1.0296602833091253, "log10_min_child_weight": 2.7525151855208523, "log10_subsample": -0.07467634443155247, "max_depth": 3.0, "num_boost_round": 15.0}, "datetime": {"datetime": "2024-01-19 01:14:36", "elapsed": 3769.338928, "delta": 0.004438}}
{"target": -17.677108298801883, "params": {"gamma": 422.8828666055191, "log10_alpha": -2.728862010388986, "log10_colsample_bytree": -0.05167619284006297, "log10_eta": -3.6601862852134173, "log10_lambda": -1.0296602833091253, "log10_min_child_weight": 2.7525151855208523, "log10_subsample": -0.07467634443155247, "max_depth": 3.0, "num_boost_round": 16.0}, "datetime": {"datetime": "2024-01-19 01:14:36", "elapsed": 3769.343197, "delta": 0.004269}}
{"target": -17.677103783657397, "params": {"gamma": 422.8828666055191, "log10_alpha": -2.728862010388986, "log10_colsample_bytree": -0.05167619284006297, "log10_eta": -3.6601862852134173, "log10_lambda": -1.0296602833091253, "log10_min_child_weight": 2.7525151855208523, "log10_subsample": -0.07467634443155247, "max_depth": 3.0, "num_boost_round": 17.0}, "datetime": {"datetime": "2024-01-19 01:14:36", "elapsed": 3769.34743, "delta": 0.004233}}
{"target": -17.677096543572848, "params": {"gamma": 422.8828666055191, "log10_alpha": -2.728862010388986, "log10_colsample_bytree": -0.05167619284006297, "log10_eta": -3.6601862852134173, "log10_lambda": -1.0296602833091253, "log10_min_child_weight": 2.7525151855208523, "log10_subsample": -0.07467634443155247, "max_depth": 3.0, "num_boost_round": 18.0}, "datetime": {"datetime": "2024-01-19 01:14:36", "elapsed": 3769.351736, "delta": 0.004306}}
{"target": -17.677094722110798, "params": {"gamma": 422.8828666055191, "log10_alpha": -2.728862010388986, "log10_colsample_bytree": -0.05167619284006297, "log10_eta": -3.6601862852134173, "log10_lambda": -1.0296602833091253, "log10_min_child_weight": 2.7525151855208523, "log10_subsample": -0.07467634443155247, "max_depth": 3.0, "num_boost_round": 19.0}, "datetime": {"datetime": "2024-01-19 01:14:36", "elapsed": 3769.355979, "delta": 0.004243}}
{"target": -17.67708743869397, "params": {"gamma": 422.8828666055191, "log10_alpha": -2.728862010388986, "log10_colsample_bytree": -0.05167619284006297, "log10_eta": -3.6601862852134173, "log10_lambda": -1.0296602833091253, "log10_min_child_weight": 2.7525151855208523, "log10_subsample": -0.07467634443155247, "max_depth": 3.0, "num_boost_round": 20.0}, "datetime": {"datetime": "2024-01-19 01:14:36", "elapsed": 3769.360449, "delta": 0.00447}}
{"target": -17.677080619115205, "params": {"gamma": 422.8828666055191, "log10_alpha": -2.728862010388986, "log10_colsample_bytree": -0.05167619284006297, "log10_eta": -3.6601862852134173, "log10_lambda": -1.0296602833091253, "log10_min_child_weight": 2.7525151855208523, "log10_subsample": -0.07467634443155247, "max_depth": 3.0, "num_boost_round": 21.0}, "datetime": {"datetime": "2024-01-19 01:14:36", "elapsed": 3769.364942, "delta": 0.004493}}
{"target": -17.677072955383935, "params": {"gamma": 422.8828666055191, "log10_alpha": -2.728862010388986, "log10_colsample_bytree": -0.05167619284006297, "log10_eta": -3.6601862852134173, "log10_lambda": -1.0296602833091253, "log10_min_child_weight": 2.7525151855208523, "log10_subsample": -0.07467634443155247, "max_depth": 3.0, "num_boost_round": 22.0}, "datetime": {"datetime": "2024-01-19 01:14:36", "elapsed": 3769.369398, "delta": 0.004456}}
{"target": -17.677068982925018, "params": {"gamma": 422.8828666055191, "log10_alpha": -2.728862010388986, "log10_colsample_bytree": -0.05167619284006297, "log10_eta": -3.6601862852134173, "log10_lambda": -1.0296602833091253, "log10_min_child_weight": 2.7525151855208523, "log10_subsample": -0.07467634443155247, "max_depth": 3.0, "num_boost_round": 23.0}, "datetime": {"datetime": "2024-01-19 01:14:36", "elapsed": 3769.373807, "delta": 0.004409}}
{"target": -17.677062129647513, "params": {"gamma": 422.8828666055191, "log10_alpha": -2.728862010388986, "log10_colsample_bytree": -0.05167619284006297, "log10_eta": -3.6601862852134173, "log10_lambda": -1.0296602833091253, "log10_min_child_weight": 2.7525151855208523, "log10_subsample": -0.07467634443155247, "max_depth": 3.0, "num_boost_round": 24.0}, "datetime": {"datetime": "2024-01-19 01:14:36", "elapsed": 3769.37852, "delta": 0.004713}}
{"target": -17.677055349495653, "params": {"gamma": 422.8828666055191, "log10_alpha": -2.728862010388986, "log10_colsample_bytree": -0.05167619284006297, "log10_eta": -3.6601862852134173, "log10_lambda": -1.0296602833091253, "log10_min_child_weight": 2.7525151855208523, "log10_subsample": -0.07467634443155247, "max_depth": 3.0, "num_boost_round": 25.0}, "datetime": {"datetime": "2024-01-19 01:14:36", "elapsed": 3769.383047, "delta": 0.004527}}
{"target": -17.677047259730944, "params": {"gamma": 422.8828666055191, "log10_alpha": -2.728862010388986, "log10_colsample_bytree": -0.05167619284006297, "log10_eta": -3.6601862852134173, "log10_lambda": -1.0296602833091253, "log10_min_child_weight": 2.7525151855208523, "log10_subsample": -0.07467634443155247, "max_depth": 3.0, "num_boost_round": 26.0}, "datetime": {"datetime": "2024-01-19 01:14:36", "elapsed": 3769.388734, "delta": 0.005687}}
{"target": -17.677045150456006, "params": {"gamma": 422.8828666055191, "log10_alpha": -2.728862010388986, "log10_colsample_bytree": -0.05167619284006297, "log10_eta": -3.6601862852134173, "log10_lambda": -1.0296602833091253, "log10_min_child_weight": 2.7525151855208523, "log10_subsample": -0.07467634443155247, "max_depth": 3.0, "num_boost_round": 27.0}, "datetime": {"datetime": "2024-01-19 01:14:36", "elapsed": 3769.394146, "delta": 0.005412}}
{"target": -17.67703943583739, "params": {"gamma": 422.8828666055191, "log10_alpha": -2.728862010388986, "log10_colsample_bytree": -0.05167619284006297, "log10_eta": -3.6601862852134173, "log10_lambda": -1.0296602833091253, "log10_min_child_weight": 2.7525151855208523, "log10_subsample": -0.07467634443155247, "max_depth": 3.0, "num_boost_round": 28.0}, "datetime": {"datetime": "2024-01-19 01:14:36", "elapsed": 3769.399286, "delta": 0.00514}}
{"target": -17.677032664287882, "params": {"gamma": 422.8828666055191, "log10_alpha": -2.728862010388986, "log10_colsample_bytree": -0.05167619284006297, "log10_eta": -3.6601862852134173, "log10_lambda": -1.0296602833091253, "log10_min_child_weight": 2.7525151855208523, "log10_subsample": -0.07467634443155247, "max_depth": 3.0, "num_boost_round": 29.0}, "datetime": {"datetime": "2024-01-19 01:14:36", "elapsed": 3769.404341, "delta": 0.005055}}
{"target": -17.677231039498782, "params": {"gamma": 409.76411371646293, "log10_alpha": 0.97274263169016, "log10_colsample_bytree": -0.8350143372290726, "log10_eta": -3.984550305695991, "log10_lambda": -1.1249040909980392, "log10_min_child_weight": 3.48097252413693, "log10_subsample": -0.6222624944239119, "max_depth": 9.0, "num_boost_round": 0.0}, "datetime": {"datetime": "2024-01-19 01:15:23", "elapsed": 3815.672154, "delta": 46.267813}}
{"target": -17.677229217856524, "params": {"gamma": 409.76411371646293, "log10_alpha": 0.97274263169016, "log10_colsample_bytree": -0.8350143372290726, "log10_eta": -3.984550305695991, "log10_lambda": -1.1249040909980392, "log10_min_child_weight": 3.48097252413693, "log10_subsample": -0.6222624944239119, "max_depth": 9.0, "num_boost_round": 1.0}, "datetime": {"datetime": "2024-01-19 01:15:23", "elapsed": 3815.677825, "delta": 0.005671}}
{"target": -17.677224161248027, "params": {"gamma": 409.76411371646293, "log10_alpha": 0.97274263169016, "log10_colsample_bytree": -0.8350143372290726, "log10_eta": -3.984550305695991, "log10_lambda": -1.1249040909980392, "log10_min_child_weight": 3.48097252413693, "log10_subsample": -0.6222624944239119, "max_depth": 9.0, "num_boost_round": 2.0}, "datetime": {"datetime": "2024-01-19 01:15:23", "elapsed": 3815.682679, "delta": 0.004854}}
{"target": -17.677224570844174, "params": {"gamma": 409.76411371646293, "log10_alpha": 0.97274263169016, "log10_colsample_bytree": -0.8350143372290726, "log10_eta": -3.984550305695991, "log10_lambda": -1.1249040909980392, "log10_min_child_weight": 3.48097252413693, "log10_subsample": -0.6222624944239119, "max_depth": 9.0, "num_boost_round": 3.0}, "datetime": {"datetime": "2024-01-19 01:15:23", "elapsed": 3815.687195, "delta": 0.004516}}
{"target": -17.67722294082048, "params": {"gamma": 409.76411371646293, "log10_alpha": 0.97274263169016, "log10_colsample_bytree": -0.8350143372290726, "log10_eta": -3.984550305695991, "log10_lambda": -1.1249040909980392, "log10_min_child_weight": 3.48097252413693, "log10_subsample": -0.6222624944239119, "max_depth": 9.0, "num_boost_round": 4.0}, "datetime": {"datetime": "2024-01-19 01:15:23", "elapsed": 3815.691662, "delta": 0.004467}}
{"target": -17.677222773091593, "params": {"gamma": 409.76411371646293, "log10_alpha": 0.97274263169016, "log10_colsample_bytree": -0.8350143372290726, "log10_eta": -3.984550305695991, "log10_lambda": -1.1249040909980392, "log10_min_child_weight": 3.48097252413693, "log10_subsample": -0.6222624944239119, "max_depth": 9.0, "num_boost_round": 5.0}, "datetime": {"datetime": "2024-01-19 01:15:23", "elapsed": 3815.69642, "delta": 0.004758}}
{"target": -17.67722323751771, "params": {"gamma": 409.76411371646293, "log10_alpha": 0.97274263169016, "log10_colsample_bytree": -0.8350143372290726, "log10_eta": -3.984550305695991, "log10_lambda": -1.1249040909980392, "log10_min_child_weight": 3.48097252413693, "log10_subsample": -0.6222624944239119, "max_depth": 9.0, "num_boost_round": 6.0}, "datetime": {"datetime": "2024-01-19 01:15:23", "elapsed": 3815.70086, "delta": 0.00444}}
{"target": -17.67722011486695, "params": {"gamma": 409.76411371646293, "log10_alpha": 0.97274263169016, "log10_colsample_bytree": -0.8350143372290726, "log10_eta": -3.984550305695991, "log10_lambda": -1.1249040909980392, "log10_min_child_weight": 3.48097252413693, "log10_subsample": -0.6222624944239119, "max_depth": 9.0, "num_boost_round": 7.0}, "datetime": {"datetime": "2024-01-19 01:15:23", "elapsed": 3815.705456, "delta": 0.004596}}
{"target": -17.67721816186206, "params": {"gamma": 409.76411371646293, "log10_alpha": 0.97274263169016, "log10_colsample_bytree": -0.8350143372290726, "log10_eta": -3.984550305695991, "log10_lambda": -1.1249040909980392, "log10_min_child_weight": 3.48097252413693, "log10_subsample": -0.6222624944239119, "max_depth": 9.0, "num_boost_round": 8.0}, "datetime": {"datetime": "2024-01-19 01:15:23", "elapsed": 3815.710344, "delta": 0.004888}}
{"target": -17.67722171486854, "params": {"gamma": 409.76411371646293, "log10_alpha": 0.97274263169016, "log10_colsample_bytree": -0.8350143372290726, "log10_eta": -3.984550305695991, "log10_lambda": -1.1249040909980392, "log10_min_child_weight": 3.48097252413693, "log10_subsample": -0.6222624944239119, "max_depth": 9.0, "num_boost_round": 9.0}, "datetime": {"datetime": "2024-01-19 01:15:23", "elapsed": 3815.714902, "delta": 0.004558}}
{"target": -17.67721745281228, "params": {"gamma": 409.76411371646293, "log10_alpha": 0.97274263169016, "log10_colsample_bytree": -0.8350143372290726, "log10_eta": -3.984550305695991, "log10_lambda": -1.1249040909980392, "log10_min_child_weight": 3.48097252413693, "log10_subsample": -0.6222624944239119, "max_depth": 9.0, "num_boost_round": 10.0}, "datetime": {"datetime": "2024-01-19 01:15:23", "elapsed": 3815.719416, "delta": 0.004514}}
{"target": -17.6772183548241, "params": {"gamma": 409.76411371646293, "log10_alpha": 0.97274263169016, "log10_colsample_bytree": -0.8350143372290726, "log10_eta": -3.984550305695991, "log10_lambda": -1.1249040909980392, "log10_min_child_weight": 3.48097252413693, "log10_subsample": -0.6222624944239119, "max_depth": 9.0, "num_boost_round": 11.0}, "datetime": {"datetime": "2024-01-19 01:15:23", "elapsed": 3815.724162, "delta": 0.004746}}
{"target": -17.677215136193013, "params": {"gamma": 409.76411371646293, "log10_alpha": 0.97274263169016, "log10_colsample_bytree": -0.8350143372290726, "log10_eta": -3.984550305695991, "log10_lambda": -1.1249040909980392, "log10_min_child_weight": 3.48097252413693, "log10_subsample": -0.6222624944239119, "max_depth": 9.0, "num_boost_round": 12.0}, "datetime": {"datetime": "2024-01-19 01:15:23", "elapsed": 3815.728654, "delta": 0.004492}}
{"target": -17.67720999398378, "params": {"gamma": 409.76411371646293, "log10_alpha": 0.97274263169016, "log10_colsample_bytree": -0.8350143372290726, "log10_eta": -3.984550305695991, "log10_lambda": -1.1249040909980392, "log10_min_child_weight": 3.48097252413693, "log10_subsample": -0.6222624944239119, "max_depth": 9.0, "num_boost_round": 13.0}, "datetime": {"datetime": "2024-01-19 01:15:23", "elapsed": 3815.733265, "delta": 0.004611}}
{"target": -17.6772085393651, "params": {"gamma": 409.76411371646293, "log10_alpha": 0.97274263169016, "log10_colsample_bytree": -0.8350143372290726, "log10_eta": -3.984550305695991, "log10_lambda": -1.1249040909980392, "log10_min_child_weight": 3.48097252413693, "log10_subsample": -0.6222624944239119, "max_depth": 9.0, "num_boost_round": 14.0}, "datetime": {"datetime": "2024-01-19 01:15:23", "elapsed": 3815.738054, "delta": 0.004789}}
{"target": -17.67720332639621, "params": {"gamma": 409.76411371646293, "log10_alpha": 0.97274263169016, "log10_colsample_bytree": -0.8350143372290726, "log10_eta": -3.984550305695991, "log10_lambda": -1.1249040909980392, "log10_min_child_weight": 3.48097252413693, "log10_subsample": -0.6222624944239119, "max_depth": 9.0, "num_boost_round": 15.0}, "datetime": {"datetime": "2024-01-19 01:15:23", "elapsed": 3815.742464, "delta": 0.00441}}
{"target": -17.677200800732408, "params": {"gamma": 409.76411371646293, "log10_alpha": 0.97274263169016, "log10_colsample_bytree": -0.8350143372290726, "log10_eta": -3.984550305695991, "log10_lambda": -1.1249040909980392, "log10_min_child_weight": 3.48097252413693, "log10_subsample": -0.6222624944239119, "max_depth": 9.0, "num_boost_round": 16.0}, "datetime": {"datetime": "2024-01-19 01:15:23", "elapsed": 3815.746898, "delta": 0.004434}}
{"target": -17.67719850934, "params": {"gamma": 409.76411371646293, "log10_alpha": 0.97274263169016, "log10_colsample_bytree": -0.8350143372290726, "log10_eta": -3.984550305695991, "log10_lambda": -1.1249040909980392, "log10_min_child_weight": 3.48097252413693, "log10_subsample": -0.6222624944239119, "max_depth": 9.0, "num_boost_round": 17.0}, "datetime": {"datetime": "2024-01-19 01:15:23", "elapsed": 3815.751497, "delta": 0.004599}}
{"target": -17.677197698575878, "params": {"gamma": 409.76411371646293, "log10_alpha": 0.97274263169016, "log10_colsample_bytree": -0.8350143372290726, "log10_eta": -3.984550305695991, "log10_lambda": -1.1249040909980392, "log10_min_child_weight": 3.48097252413693, "log10_subsample": -0.6222624944239119, "max_depth": 9.0, "num_boost_round": 18.0}, "datetime": {"datetime": "2024-01-19 01:15:23", "elapsed": 3815.756205, "delta": 0.004708}}
{"target": -17.677193056326086, "params": {"gamma": 409.76411371646293, "log10_alpha": 0.97274263169016, "log10_colsample_bytree": -0.8350143372290726, "log10_eta": -3.984550305695991, "log10_lambda": -1.1249040909980392, "log10_min_child_weight": 3.48097252413693, "log10_subsample": -0.6222624944239119, "max_depth": 9.0, "num_boost_round": 19.0}, "datetime": {"datetime": "2024-01-19 01:15:23", "elapsed": 3815.760724, "delta": 0.004519}}
{"target": -17.677189369812076, "params": {"gamma": 409.76411371646293, "log10_alpha": 0.97274263169016, "log10_colsample_bytree": -0.8350143372290726, "log10_eta": -3.984550305695991, "log10_lambda": -1.1249040909980392, "log10_min_child_weight": 3.48097252413693, "log10_subsample": -0.6222624944239119, "max_depth": 9.0, "num_boost_round": 20.0}, "datetime": {"datetime": "2024-01-19 01:15:23", "elapsed": 3815.76535, "delta": 0.004626}}
{"target": -17.67718795079187, "params": {"gamma": 409.76411371646293, "log10_alpha": 0.97274263169016, "log10_colsample_bytree": -0.8350143372290726, "log10_eta": -3.984550305695991, "log10_lambda": -1.1249040909980392, "log10_min_child_weight": 3.48097252413693, "log10_subsample": -0.6222624944239119, "max_depth": 9.0, "num_boost_round": 21.0}, "datetime": {"datetime": "2024-01-19 01:15:23", "elapsed": 3815.769758, "delta": 0.004408}}
{"target": -17.677182114931192, "params": {"gamma": 409.76411371646293, "log10_alpha": 0.97274263169016, "log10_colsample_bytree": -0.8350143372290726, "log10_eta": -3.984550305695991, "log10_lambda": -1.1249040909980392, "log10_min_child_weight": 3.48097252413693, "log10_subsample": -0.6222624944239119, "max_depth": 9.0, "num_boost_round": 22.0}, "datetime": {"datetime": "2024-01-19 01:15:23", "elapsed": 3815.774228, "delta": 0.00447}}
{"target": -17.677179795969547, "params": {"gamma": 409.76411371646293, "log10_alpha": 0.97274263169016, "log10_colsample_bytree": -0.8350143372290726, "log10_eta": -3.984550305695991, "log10_lambda": -1.1249040909980392, "log10_min_child_weight": 3.48097252413693, "log10_subsample": -0.6222624944239119, "max_depth": 9.0, "num_boost_round": 23.0}, "datetime": {"datetime": "2024-01-19 01:15:23", "elapsed": 3815.778898, "delta": 0.00467}}
{"target": -17.67717820179967, "params": {"gamma": 409.76411371646293, "log10_alpha": 0.97274263169016, "log10_colsample_bytree": -0.8350143372290726, "log10_eta": -3.984550305695991, "log10_lambda": -1.1249040909980392, "log10_min_child_weight": 3.48097252413693, "log10_subsample": -0.6222624944239119, "max_depth": 9.0, "num_boost_round": 24.0}, "datetime": {"datetime": "2024-01-19 01:15:23", "elapsed": 3815.783371, "delta": 0.004473}}
