{"target": -17.677185931608367, "params": {"gamma": 421.8313581656642, "log10_alpha": -3.1482807783099225, "log10_colsample_bytree": -0.40109872385159595, "log10_eta": -3.407115885163101, "log10_lambda": -4.453110317536925, "log10_min_child_weight": 4.458351108149266, "log10_subsample": -0.31154791299247253, "max_depth": 3.0, "num_boost_round": 27.0}, "datetime": {"datetime": "2024-01-19 01:56:59", "elapsed": 6311.992999, "delta": 0.005223}}
{"target": -17.67718239511292, "params": {"gamma": 421.8313581656642, "log10_alpha": -3.1482807783099225, "log10_colsample_bytree": -0.40109872385159595, "log10_eta": -3.407115885163101, "log10_lambda": -4.453110317536925, "log10_min_child_weight": 4.458351108149266, "log10_subsample": -0.31154791299247253, "max_depth": 3.0, "num_boost_round": 28.0}, "datetime": {"datetime": "2024-01-19 01:56:59", "elapsed": 6311.998174, "delta": 0.005175}}
{"target": -17.677182354896743, "params": {"gamma": 421.8313581656642, "log10_alpha": -3.1482807783099225, "log10_colsample_bytree": -0.40109872385159595, "log10_eta": -3.407115885163101, "log10_lambda": -4.453110317536925, "log10_min_child_weight": 4.458351108149266, "log10_subsample": -0.31154791299247253, "max_depth": 3.0, "num_boost_round": 29.0}, "datetime": {"datetime": "2024-01-19 01:56:59", "elapsed": 6312.00379, "delta": 0.005616}}
{"target": -17.67722781193058, "params": {"gamma": 447.3760662438532, "log10_alpha": -3.1332252645943015, "log10_colsample_bytree": -0.322928570538897, "log10_eta": -3.5618980554026027, "log10_lambda": -3.299063642880244, "log10_min_child_weight": 0.02039714740249776, "log10_subsample": -0.5828042628797167, "max_depth": 2.0, "num_boost_round": 0.0}, "datetime": {"datetime": "2024-01-19 01:59:47", "elapsed": 6480.185861, "delta": 168.182071}}
{"target": -17.67722036546767, "params": {"gamma": 447.3760662438532, "log10_alpha": -3.1332252645943015, "log10_colsample_bytree": -0.322928570538897, "log10_eta": -3.5618980554026027, "log10_lambda": -3.299063642880244, "log10_min_child_weight": 0.02039714740249776, "log10_subsample": -0.5828042628797167, "max_depth": 2.0, "num_boost_round": 1.0}, "datetime": {"datetime": "2024-01-19 01:59:47", "elapsed": 6480.193327, "delta": 0.007466}}
{"target": -17.67721238967857, "params": {"gamma": 447.3760662438532, "log10_alpha": -3.1332252645943015, "log10_colsample_bytree": -0.322928570538897, "log10_eta": -3.5618980554026027, "log10_lambda": -3.299063642880244, "log10_min_child_weight": 0.02039714740249776, "log10_subsample": -0.5828042628797167, "max_depth": 2.0, "num_boost_round": 2.0}, "datetime": {"datetime": "2024-01-19 01:59:47", "elapsed": 6480.199525, "delta": 0.006198}}
{"target": -17.677209750224918, "params": {"gamma": 447.3760662438532, "log10_alpha": -3.1332252645943015, "log10_colsample_bytree": -0.322928570538897, "log10_eta": -3.5618980554026027, "log10_lambda": -3.299063642880244, "log10_min_child_weight": 0.02039714740249776, "log10_subsample": -0.5828042628797167, "max_depth": 2.0, "num_boost_round": 3.0}, "datetime": {"datetime": "2024-01-19 01:59:47", "elapsed": 6480.20576, "delta": 0.006235}}
{"target": -17.677205495838212, "params": {"gamma": 447.3760662438532, "log10_alpha": -3.1332252645943015, "log10_colsample_bytree": -0.322928570538897, "log10_eta": -3.5618980554026027, "log10_lambda": -3.299063642880244, "log10_min_child_weight": 0.02039714740249776, "log10_subsample": -0.5828042628797167, "max_depth": 2.0, "num_boost_round": 4.0}, "datetime": {"datetime": "2024-01-19 01:59:47", "elapsed": 6480.211824, "delta": 0.006064}}
{"target": -17.677200778822588, "params": {"gamma": 447.3760662438532, "log10_alpha": -3.1332252645943015, "log10_colsample_bytree": -0.322928570538897, "log10_eta": -3.5618980554026027, "log10_lambda": -3.299063642880244, "log10_min_child_weight": 0.02039714740249776, "log10_subsample": -0.5828042628797167, "max_depth": 2.0, "num_boost_round": 5.0}, "datetime": {"datetime": "2024-01-19 01:59:47", "elapsed": 6480.217892, "delta": 0.006068}}
{"target": -17.677190289256774, "params": {"gamma": 447.3760662438532, "log10_alpha": -3.1332252645943015, "log10_colsample_bytree": -0.322928570538897, "log10_eta": -3.5618980554026027, "log10_lambda": -3.299063642880244, "log10_min_child_weight": 0.02039714740249776, "log10_subsample": -0.5828042628797167, "max_depth": 2.0, "num_boost_round": 6.0}, "datetime": {"datetime": "2024-01-19 01:59:47", "elapsed": 6480.223879, "delta": 0.005987}}
{"target": -17.677181173075542, "params": {"gamma": 447.3760662438532, "log10_alpha": -3.1332252645943015, "log10_colsample_bytree": -0.322928570538897, "log10_eta": -3.5618980554026027, "log10_lambda": -3.299063642880244, "log10_min_child_weight": 0.02039714740249776, "log10_subsample": -0.5828042628797167, "max_depth": 2.0, "num_boost_round": 7.0}, "datetime": {"datetime": "2024-01-19 01:59:47", "elapsed": 6480.22976, "delta": 0.005881}}
{"target": -17.677176808504957, "params": {"gamma": 447.3760662438532, "log10_alpha": -3.1332252645943015, "log10_colsample_bytree": -0.322928570538897, "log10_eta": -3.5618980554026027, "log10_lambda": -3.299063642880244, "log10_min_child_weight": 0.02039714740249776, "log10_subsample": -0.5828042628797167, "max_depth": 2.0, "num_boost_round": 8.0}, "datetime": {"datetime": "2024-01-19 01:59:47", "elapsed": 6480.236096, "delta": 0.006336}}
{"target": -17.677165655901163, "params": {"gamma": 447.3760662438532, "log10_alpha": -3.1332252645943015, "log10_colsample_bytree": -0.322928570538897, "log10_eta": -3.5618980554026027, "log10_lambda": -3.299063642880244, "log10_min_child_weight": 0.02039714740249776, "log10_subsample": -0.5828042628797167, "max_depth": 2.0, "num_boost_round": 9.0}, "datetime": {"datetime": "2024-01-19 01:59:47", "elapsed": 6480.2423, "delta": 0.006204}}
{"target": -17.677157689896806, "params": {"gamma": 447.3760662438532, "log10_alpha": -3.1332252645943015, "log10_colsample_bytree": -0.322928570538897, "log10_eta": -3.5618980554026027, "log10_lambda": -3.299063642880244, "log10_min_child_weight": 0.02039714740249776, "log10_subsample": -0.5828042628797167, "max_depth": 2.0, "num_boost_round": 10.0}, "datetime": {"datetime": "2024-01-19 01:59:47", "elapsed": 6480.248706, "delta": 0.006406}}
{"target": -17.677150788331375, "params": {"gamma": 447.3760662438532, "log10_alpha": -3.1332252645943015, "log10_colsample_bytree": -0.322928570538897, "log10_eta": -3.5618980554026027, "log10_lambda": -3.299063642880244, "log10_min_child_weight": 0.02039714740249776, "log10_subsample": -0.5828042628797167, "max_depth": 2.0, "num_boost_round": 11.0}, "datetime": {"datetime": "2024-01-19 01:59:47", "elapsed": 6480.25541, "delta": 0.006704}}
{"target": -17.677142564667065, "params": {"gamma": 447.3760662438532, "log10_alpha": -3.1332252645943015, "log10_colsample_bytree": -0.322928570538897, "log10_eta": -3.5618980554026027, "log10_lambda": -3.299063642880244, "log10_min_child_weight": 0.02039714740249776, "log10_subsample": -0.5828042628797167, "max_depth": 2.0, "num_boost_round": 12.0}, "datetime": {"datetime": "2024-01-19 01:59:47", "elapsed": 6480.261662, "delta": 0.006252}}
{"target": -17.677134636796094, "params": {"gamma": 447.3760662438532, "log10_alpha": -3.1332252645943015, "log10_colsample_bytree": -0.322928570538897, "log10_eta": -3.5618980554026027, "log10_lambda": -3.299063642880244, "log10_min_child_weight": 0.02039714740249776, "log10_subsample": -0.5828042628797167, "max_depth": 2.0, "num_boost_round": 13.0}, "datetime": {"datetime": "2024-01-19 01:59:47", "elapsed": 6480.268144, "delta": 0.006482}}
{"target": -17.677133167384266, "params": {"gamma": 447.3760662438532, "log10_alpha": -3.1332252645943015, "log10_colsample_bytree": -0.322928570538897, "log10_eta": -3.5618980554026027, "log10_lambda": -3.299063642880244, "log10_min_child_weight": 0.02039714740249776, "log10_subsample": -0.5828042628797167, "max_depth": 2.0, "num_boost_round": 14.0}, "datetime": {"datetime": "2024-01-19 01:59:47", "elapsed": 6480.274544, "delta": 0.0064}}
{"target": -17.67712717556475, "params": {"gamma": 447.3760662438532, "log10_alpha": -3.1332252645943015, "log10_colsample_bytree": -0.322928570538897, "log10_eta": -3.5618980554026027, "log10_lambda": -3.299063642880244, "log10_min_child_weight": 0.02039714740249776, "log10_subsample": -0.5828042628797167, "max_depth": 2.0, "num_boost_round": 15.0}, "datetime": {"datetime": "2024-01-19 01:59:47", "elapsed": 6480.280883, "delta": 0.006339}}
{"target": -17.677117225293703, "params": {"gamma": 447.3760662438532, "log10_alpha": -3.1332252645943015, "log10_colsample_bytree": -0.322928570538897, "log10_eta": -3.5618980554026027, "log10_lambda": -3.299063642880244, "log10_min_child_weight": 0.02039714740249776, "log10_subsample": -0.5828042628797167, "max_depth": 2.0, "num_boost_round": 16.0}, "datetime": {"datetime": "2024-01-19 01:59:47", "elapsed": 6480.287009, "delta": 0.006126}}
{"target": -17.677109802254993, "params": {"gamma": 447.3760662438532, "log10_alpha": -3.1332252645943015, "log10_colsample_bytree": -0.322928570538897, "log10_eta": -3.5618980554026027, "log10_lambda": -3.299063642880244, "log10_min_child_weight": 0.02039714740249776, "log10_subsample": -0.5828042628797167, "max_depth": 2.0, "num_boost_round": 17.0}, "datetime": {"datetime": "2024-01-19 01:59:47", "elapsed": 6480.293432, "delta": 0.006423}}
{"target": -17.677105418444267, "params": {"gamma": 447.3760662438532, "log10_alpha": -3.1332252645943015, "log10_colsample_bytree": -0.322928570538897, "log10_eta": -3.5618980554026027, "log10_lambda": -3.299063642880244, "log10_min_child_weight": 0.02039714740249776, "log10_subsample": -0.5828042628797167, "max_depth": 2.0, "num_boost_round": 18.0}, "datetime": {"datetime": "2024-01-19 01:59:47", "elapsed": 6480.299451, "delta": 0.006019}}
{"target": -17.677100086659394, "params": {"gamma": 447.3760662438532, "log10_alpha": -3.1332252645943015, "log10_colsample_bytree": -0.322928570538897, "log10_eta": -3.5618980554026027, "log10_lambda": -3.299063642880244, "log10_min_child_weight": 0.02039714740249776, "log10_subsample": -0.5828042628797167, "max_depth": 2.0, "num_boost_round": 19.0}, "datetime": {"datetime": "2024-01-19 01:59:47", "elapsed": 6480.306434, "delta": 0.006983}}
{"target": -17.677096026760218, "params": {"gamma": 447.3760662438532, "log10_alpha": -3.1332252645943015, "log10_colsample_bytree": -0.322928570538897, "log10_eta": -3.5618980554026027, "log10_lambda": -3.299063642880244, "log10_min_child_weight": 0.02039714740249776, "log10_subsample": -0.5828042628797167, "max_depth": 2.0, "num_boost_round": 20.0}, "datetime": {"datetime": "2024-01-19 01:59:47", "elapsed": 6480.313189, "delta": 0.006755}}
{"target": -17.677085154547385, "params": {"gamma": 447.3760662438532, "log10_alpha": -3.1332252645943015, "log10_colsample_bytree": -0.322928570538897, "log10_eta": -3.5618980554026027, "log10_lambda": -3.299063642880244, "log10_min_child_weight": 0.02039714740249776, "log10_subsample": -0.5828042628797167, "max_depth": 2.0, "num_boost_round": 21.0}, "datetime": {"datetime": "2024-01-19 01:59:47", "elapsed": 6480.450777, "delta": 0.137588}}
{"target": -17.67707391030857, "params": {"gamma": 447.3760662438532, "log10_alpha": -3.1332252645943015, "log10_colsample_bytree": -0.322928570538897, "log10_eta": -3.5618980554026027, "log10_lambda": -3.299063642880244, "log10_min_child_weight": 0.02039714740249776, "log10_subsample": -0.5828042628797167, "max_depth": 2.0, "num_boost_round": 22.0}, "datetime": {"datetime": "2024-01-19 01:59:47", "elapsed": 6480.458082, "delta": 0.007305}}
{"target": -17.677064711869793, "params": {"gamma": 447.3760662438532, "log10_alpha": -3.1332252645943015, "log10_colsample_bytree": -0.322928570538897, "log10_eta": -3.5618980554026027, "log10_lambda": -3.299063642880244, "log10_min_child_weight": 0.02039714740249776, "log10_subsample": -0.5828042628797167, "max_depth": 2.0, "num_boost_round": 23.0}, "datetime": {"datetime": "2024-01-19 01:59:47", "elapsed": 6480.464741, "delta": 0.006659}}
{"target": -17.67705922989574, "params": {"gamma": 447.3760662438532, "log10_alpha": -3.1332252645943015, "log10_colsample_bytree": -0.322928570538897, "log10_eta": -3.5618980554026027, "log10_lambda": -3.299063642880244, "log10_min_child_weight": 0.02039714740249776, "log10_subsample": -0.5828042628797167, "max_depth": 2.0, "num_boost_round": 24.0}, "datetime": {"datetime": "2024-01-19 01:59:47", "elapsed": 6480.471617, "delta": 0.006876}}
{"target": -17.677056954831595, "params": {"gamma": 447.3760662438532, "log10_alpha": -3.1332252645943015, "log10_colsample_bytree": -0.322928570538897, "log10_eta": -3.5618980554026027, "log10_lambda": -3.299063642880244, "log10_min_child_weight": 0.02039714740249776, "log10_subsample": -0.5828042628797167, "max_depth": 2.0, "num_boost_round": 25.0}, "datetime": {"datetime": "2024-01-19 01:59:47", "elapsed": 6480.478403, "delta": 0.006786}}
{"target": -17.677052901669434, "params": {"gamma": 447.3760662438532, "log10_alpha": -3.1332252645943015, "log10_colsample_bytree": -0.322928570538897, "log10_eta": -3.5618980554026027, "log10_lambda": -3.299063642880244, "log10_min_child_weight": 0.02039714740249776, "log10_subsample": -0.5828042628797167, "max_depth": 2.0, "num_boost_round": 26.0}, "datetime": {"datetime": "2024-01-19 01:59:47", "elapsed": 6480.484904, "delta": 0.006501}}
{"target": -17.677044728043057, "params": {"gamma": 447.3760662438532, "log10_alpha": -3.1332252645943015, "log10_colsample_bytree": -0.322928570538897, "log10_eta": -3.5618980554026027, "log10_lambda": -3.299063642880244, "log10_min_child_weight": 0.02039714740249776, "log10_subsample": -0.5828042628797167, "max_depth": 2.0, "num_boost_round": 27.0}, "datetime": {"datetime": "2024-01-19 01:59:47", "elapsed": 6480.491981, "delta": 0.007077}}
{"target": -17.677039736876864, "params": {"gamma": 447.3760662438532, "log10_alpha": -3.1332252645943015, "log10_colsample_bytree": -0.322928570538897, "log10_eta": -3.5618980554026027, "log10_lambda": -3.299063642880244, "log10_min_child_weight": 0.02039714740249776, "log10_subsample": -0.5828042628797167, "max_depth": 2.0, "num_boost_round": 28.0}, "datetime": {"datetime": "2024-01-19 01:59:47", "elapsed": 6480.498704, "delta": 0.006723}}
{"target": -17.677029651120602, "params": {"gamma": 447.3760662438532, "log10_alpha": -3.1332252645943015, "log10_colsample_bytree": -0.322928570538897, "log10_eta": -3.5618980554026027, "log10_lambda": -3.299063642880244, "log10_min_child_weight": 0.02039714740249776, "log10_subsample": -0.5828042628797167, "max_depth": 2.0, "num_boost_round": 29.0}, "datetime": {"datetime": "2024-01-19 01:59:47", "elapsed": 6480.50499, "delta": 0.006286}}
{"target": -17.67702234577964, "params": {"gamma": 447.3760662438532, "log10_alpha": -3.1332252645943015, "log10_colsample_bytree": -0.322928570538897, "log10_eta": -3.5618980554026027, "log10_lambda": -3.299063642880244, "log10_min_child_weight": 0.02039714740249776, "log10_subsample": -0.5828042628797167, "max_depth": 2.0, "num_boost_round": 30.0}, "datetime": {"datetime": "2024-01-19 01:59:47", "elapsed": 6480.511224, "delta": 0.006234}}
{"target": -17.67701530511133, "params": {"gamma": 447.3760662438532, "log10_alpha": -3.1332252645943015, "log10_colsample_bytree": -0.322928570538897, "log10_eta": -3.5618980554026027, "log10_lambda": -3.299063642880244, "log10_min_child_weight": 0.02039714740249776, "log10_subsample": -0.5828042628797167, "max_depth": 2.0, "num_boost_round": 31.0}, "datetime": {"datetime": "2024-01-19 01:59:47", "elapsed": 6480.517281, "delta": 0.006057}}
{"target": -17.67701098324783, "params": {"gamma": 447.3760662438532, "log10_alpha": -3.1332252645943015, "log10_colsample_bytree": -0.322928570538897, "log10_eta": -3.5618980554026027, "log10_lambda": -3.299063642880244, "log10_min_child_weight": 0.02039714740249776, "log10_subsample": -0.5828042628797167, "max_depth": 2.0, "num_boost_round": 32.0}, "datetime": {"datetime": "2024-01-19 01:59:47", "elapsed": 6480.523511, "delta": 0.00623}}
{"target": -17.677002516713227, "params": {"gamma": 447.3760662438532, "log10_alpha": -3.1332252645943015, "log10_colsample_bytree": -0.322928570538897, "log10_eta": -3.5618980554026027, "log10_lambda": -3.299063642880244, "log10_min_child_weight": 0.02039714740249776, "log10_subsample": -0.5828042628797167, "max_depth": 2.0, "num_boost_round": 33.0}, "datetime": {"datetime": "2024-01-19 01:59:47", "elapsed": 6480.529731, "delta": 0.00622}}
{"target": -17.676995334820653, "params": {"gamma": 447.3760662438532, "log10_alpha": -3.1332252645943015, "log10_colsample_bytree": -0.322928570538897, "log10_eta": -3.5618980554026027, "log10_lambda": -3.299063642880244, "log10_min_child_weight": 0.02039714740249776, "log10_subsample": -0.5828042628797167, "max_depth": 2.0, "num_boost_round": 34.0}, "datetime": {"datetime": "2024-01-19 01:59:47", "elapsed": 6480.536133, "delta": 0.006402}}
{"target": -17.6769875689168, "params": {"gamma": 447.3760662438532, "log10_alpha": -3.1332252645943015, "log10_colsample_bytree": -0.322928570538897, "log10_eta": -3.5618980554026027, "log10_lambda": -3.299063642880244, "log10_min_child_weight": 0.02039714740249776, "log10_subsample": -0.5828042628797167, "max_depth": 2.0, "num_boost_round": 35.0}, "datetime": {"datetime": "2024-01-19 01:59:47", "elapsed": 6480.542089, "delta": 0.005956}}
{"target": -17.676983033623017, "params": {"gamma": 447.3760662438532, "log10_alpha": -3.1332252645943015, "log10_colsample_bytree": -0.322928570538897, "log10_eta": -3.5618980554026027, "log10_lambda": -3.299063642880244, "log10_min_child_weight": 0.02039714740249776, "log10_subsample": -0.5828042628797167, "max_depth": 2.0, "num_boost_round": 36.0}, "datetime": {"datetime": "2024-01-19 01:59:47", "elapsed": 6480.548031, "delta": 0.005942}}
{"target": -17.676978130696675, "params": {"gamma": 447.3760662438532, "log10_alpha": -3.1332252645943015, "log10_colsample_bytree": -0.322928570538897, "log10_eta": -3.5618980554026027, "log10_lambda": -3.299063642880244, "log10_min_child_weight": 0.02039714740249776, "log10_subsample": -0.5828042628797167, "max_depth": 2.0, "num_boost_round": 37.0}, "datetime": {"datetime": "2024-01-19 01:59:47", "elapsed": 6480.554665, "delta": 0.006634}}
{"target": -17.676966654277592, "params": {"gamma": 447.3760662438532, "log10_alpha": -3.1332252645943015, "log10_colsample_bytree": -0.322928570538897, "log10_eta": -3.5618980554026027, "log10_lambda": -3.299063642880244, "log10_min_child_weight": 0.02039714740249776, "log10_subsample": -0.5828042628797167, "max_depth": 2.0, "num_boost_round": 38.0}, "datetime": {"datetime": "2024-01-19 01:59:47", "elapsed": 6480.561591, "delta": 0.006926}}
{"target": -17.676959791750246, "params": {"gamma": 447.3760662438532, "log10_alpha": -3.1332252645943015, "log10_colsample_bytree": -0.322928570538897, "log10_eta": -3.5618980554026027, "log10_lambda": -3.299063642880244, "log10_min_child_weight": 0.02039714740249776, "log10_subsample": -0.5828042628797167, "max_depth": 2.0, "num_boost_round": 39.0}, "datetime": {"datetime": "2024-01-19 01:59:47", "elapsed": 6480.568283, "delta": 0.006692}}
{"target": -17.676951698383657, "params": {"gamma": 447.3760662438532, "log10_alpha": -3.1332252645943015, "log10_colsample_bytree": -0.322928570538897, "log10_eta": -3.5618980554026027, "log10_lambda": -3.299063642880244, "log10_min_child_weight": 0.02039714740249776, "log10_subsample": -0.5828042628797167, "max_depth": 2.0, "num_boost_round": 40.0}, "datetime": {"datetime": "2024-01-19 01:59:47", "elapsed": 6480.5749, "delta": 0.006617}}
{"target": -17.676945207230087, "params": {"gamma": 447.3760662438532, "log10_alpha": -3.1332252645943015, "log10_colsample_bytree": -0.322928570538897, "log10_eta": -3.5618980554026027, "log10_lambda": -3.299063642880244, "log10_min_child_weight": 0.02039714740249776, "log10_subsample": -0.5828042628797167, "max_depth": 2.0, "num_boost_round": 41.0}, "datetime": {"datetime": "2024-01-19 01:59:47", "elapsed": 6480.581363, "delta": 0.006463}}
{"target": -17.6769375789565, "params": {"gamma": 447.3760662438532, "log10_alpha": -3.1332252645943015, "log10_colsample_bytree": -0.322928570538897, "log10_eta": -3.5618980554026027, "log10_lambda": -3.299063642880244, "log10_min_child_weight": 0.02039714740249776, "log10_subsample": -0.5828042628797167, "max_depth": 2.0, "num_boost_round": 42.0}, "datetime": {"datetime": "2024-01-19 01:59:47", "elapsed": 6480.587606, "delta": 0.006243}}
{"target": -17.676930633973157, "params": {"gamma": 447.3760662438532, "log10_alpha": -3.1332252645943015, "log10_colsample_bytree": -0.322928570538897, "log10_eta": -3.5618980554026027, "log10_lambda": -3.299063642880244, "log10_min_child_weight": 0.02039714740249776, "log10_subsample": -0.5828042628797167, "max_depth": 2.0, "num_boost_round": 43.0}, "datetime": {"datetime": "2024-01-19 01:59:47", "elapsed": 6480.593402, "delta": 0.005796}}
{"target": -17.676924927754957, "params": {"gamma": 447.3760662438532, "log10_alpha": -3.1332252645943015, "log10_colsample_bytree": -0.322928570538897, "log10_eta": -3.5618980554026027, "log10_lambda": -3.299063642880244, "log10_min_child_weight": 0.02039714740249776, "log10_subsample": -0.5828042628797167, "max_depth": 2.0, "num_boost_round": 44.0}, "datetime": {"datetime": "2024-01-19 01:59:47", "elapsed": 6480.600377, "delta": 0.006975}}
{"target": -17.67712028522411, "params": {"gamma": 418.2242693215098, "log10_alpha": -0.09092047957481686, "log10_colsample_bytree": -0.2027541502148713, "log10_eta": -2.3795538930127282, "log10_lambda": 0.33704132646125906, "log10_min_child_weight": 0.8631593992104597, "log10_subsample": -0.6926415661397787, "max_depth": 2.0, "num_boost_round": 0.0}, "datetime": {"datetime": "2024-01-19 02:01:36", "elapsed": 6589.199353, "delta": 108.598976}}
