{"target": -13.758510734168697, "params": {"gamma": 712.0023525785934, "log10_alpha": 0.8084551984446442, "log10_colsample_bytree": -0.0274589928247293, "log10_eta": -2.8281813216063516, "log10_lambda": -1.3698874549713018, "log10_min_child_weight": 3.9476950931600236, "log10_subsample": -0.7244393512891903, "max_depth": 8.0, "num_boost_round": 2.0}, "datetime": {"datetime": "2024-01-19 01:55:36", "elapsed": 6235.13921, "delta": 0.007153}}
{"target": -13.758517704557672, "params": {"gamma": 712.0023525785934, "log10_alpha": 0.8084551984446442, "log10_colsample_bytree": -0.0274589928247293, "log10_eta": -2.8281813216063516, "log10_lambda": -1.3698874549713018, "log10_min_child_weight": 3.9476950931600236, "log10_subsample": -0.7244393512891903, "max_depth": 8.0, "num_boost_round": 3.0}, "datetime": {"datetime": "2024-01-19 01:55:36", "elapsed": 6235.145898, "delta": 0.006688}}
{"target": -13.758524386543709, "params": {"gamma": 712.0023525785934, "log10_alpha": 0.8084551984446442, "log10_colsample_bytree": -0.0274589928247293, "log10_eta": -2.8281813216063516, "log10_lambda": -1.3698874549713018, "log10_min_child_weight": 3.9476950931600236, "log10_subsample": -0.7244393512891903, "max_depth": 8.0, "num_boost_round": 4.0}, "datetime": {"datetime": "2024-01-19 01:55:36", "elapsed": 6235.152472, "delta": 0.006574}}
{"target": -13.75851123219977, "params": {"gamma": 712.0023525785934, "log10_alpha": 0.8084551984446442, "log10_colsample_bytree": -0.0274589928247293, "log10_eta": -2.8281813216063516, "log10_lambda": -1.3698874549713018, "log10_min_child_weight": 3.9476950931600236, "log10_subsample": -0.7244393512891903, "max_depth": 8.0, "num_boost_round": 5.0}, "datetime": {"datetime": "2024-01-19 01:55:36", "elapsed": 6235.158773, "delta": 0.006301}}
{"target": -13.758513738406041, "params": {"gamma": 712.0023525785934, "log10_alpha": 0.8084551984446442, "log10_colsample_bytree": -0.0274589928247293, "log10_eta": -2.8281813216063516, "log10_lambda": -1.3698874549713018, "log10_min_child_weight": 3.9476950931600236, "log10_subsample": -0.7244393512891903, "max_depth": 8.0, "num_boost_round": 6.0}, "datetime": {"datetime": "2024-01-19 01:55:36", "elapsed": 6235.165084, "delta": 0.006311}}
{"target": -13.758493039027885, "params": {"gamma": 712.0023525785934, "log10_alpha": 0.8084551984446442, "log10_colsample_bytree": -0.0274589928247293, "log10_eta": -2.8281813216063516, "log10_lambda": -1.3698874549713018, "log10_min_child_weight": 3.9476950931600236, "log10_subsample": -0.7244393512891903, "max_depth": 8.0, "num_boost_round": 7.0}, "datetime": {"datetime": "2024-01-19 01:55:36", "elapsed": 6235.171464, "delta": 0.00638}}
{"target": -13.758486977530417, "params": {"gamma": 712.0023525785934, "log10_alpha": 0.8084551984446442, "log10_colsample_bytree": -0.0274589928247293, "log10_eta": -2.8281813216063516, "log10_lambda": -1.3698874549713018, "log10_min_child_weight": 3.9476950931600236, "log10_subsample": -0.7244393512891903, "max_depth": 8.0, "num_boost_round": 8.0}, "datetime": {"datetime": "2024-01-19 01:55:36", "elapsed": 6235.177591, "delta": 0.006127}}
{"target": -13.758497660603027, "params": {"gamma": 712.0023525785934, "log10_alpha": 0.8084551984446442, "log10_colsample_bytree": -0.0274589928247293, "log10_eta": -2.8281813216063516, "log10_lambda": -1.3698874549713018, "log10_min_child_weight": 3.9476950931600236, "log10_subsample": -0.7244393512891903, "max_depth": 8.0, "num_boost_round": 9.0}, "datetime": {"datetime": "2024-01-19 01:55:36", "elapsed": 6235.183941, "delta": 0.00635}}
{"target": -13.758507915095512, "params": {"gamma": 712.0023525785934, "log10_alpha": 0.8084551984446442, "log10_colsample_bytree": -0.0274589928247293, "log10_eta": -2.8281813216063516, "log10_lambda": -1.3698874549713018, "log10_min_child_weight": 3.9476950931600236, "log10_subsample": -0.7244393512891903, "max_depth": 8.0, "num_boost_round": 10.0}, "datetime": {"datetime": "2024-01-19 01:55:36", "elapsed": 6235.189998, "delta": 0.006057}}
{"target": -13.758492609067472, "params": {"gamma": 712.0023525785934, "log10_alpha": 0.8084551984446442, "log10_colsample_bytree": -0.0274589928247293, "log10_eta": -2.8281813216063516, "log10_lambda": -1.3698874549713018, "log10_min_child_weight": 3.9476950931600236, "log10_subsample": -0.7244393512891903, "max_depth": 8.0, "num_boost_round": 11.0}, "datetime": {"datetime": "2024-01-19 01:55:36", "elapsed": 6235.195987, "delta": 0.005989}}
{"target": -13.75849617862214, "params": {"gamma": 712.0023525785934, "log10_alpha": 0.8084551984446442, "log10_colsample_bytree": -0.0274589928247293, "log10_eta": -2.8281813216063516, "log10_lambda": -1.3698874549713018, "log10_min_child_weight": 3.9476950931600236, "log10_subsample": -0.7244393512891903, "max_depth": 8.0, "num_boost_round": 12.0}, "datetime": {"datetime": "2024-01-19 01:55:36", "elapsed": 6235.201963, "delta": 0.005976}}
{"target": -13.75850499183746, "params": {"gamma": 712.0023525785934, "log10_alpha": 0.8084551984446442, "log10_colsample_bytree": -0.0274589928247293, "log10_eta": -2.8281813216063516, "log10_lambda": -1.3698874549713018, "log10_min_child_weight": 3.9476950931600236, "log10_subsample": -0.7244393512891903, "max_depth": 8.0, "num_boost_round": 13.0}, "datetime": {"datetime": "2024-01-19 01:55:36", "elapsed": 6235.207933, "delta": 0.00597}}
{"target": -13.75850689021587, "params": {"gamma": 712.0023525785934, "log10_alpha": 0.8084551984446442, "log10_colsample_bytree": -0.0274589928247293, "log10_eta": -2.8281813216063516, "log10_lambda": -1.3698874549713018, "log10_min_child_weight": 3.9476950931600236, "log10_subsample": -0.7244393512891903, "max_depth": 8.0, "num_boost_round": 14.0}, "datetime": {"datetime": "2024-01-19 01:55:36", "elapsed": 6235.214022, "delta": 0.006089}}
{"target": -13.758510199312724, "params": {"gamma": 712.0023525785934, "log10_alpha": 0.8084551984446442, "log10_colsample_bytree": -0.0274589928247293, "log10_eta": -2.8281813216063516, "log10_lambda": -1.3698874549713018, "log10_min_child_weight": 3.9476950931600236, "log10_subsample": -0.7244393512891903, "max_depth": 8.0, "num_boost_round": 15.0}, "datetime": {"datetime": "2024-01-19 01:55:36", "elapsed": 6235.220194, "delta": 0.006172}}
{"target": -13.75851184967759, "params": {"gamma": 712.0023525785934, "log10_alpha": 0.8084551984446442, "log10_colsample_bytree": -0.0274589928247293, "log10_eta": -2.8281813216063516, "log10_lambda": -1.3698874549713018, "log10_min_child_weight": 3.9476950931600236, "log10_subsample": -0.7244393512891903, "max_depth": 8.0, "num_boost_round": 16.0}, "datetime": {"datetime": "2024-01-19 01:55:36", "elapsed": 6235.226659, "delta": 0.006465}}
{"target": -13.758501216468964, "params": {"gamma": 712.0023525785934, "log10_alpha": 0.8084551984446442, "log10_colsample_bytree": -0.0274589928247293, "log10_eta": -2.8281813216063516, "log10_lambda": -1.3698874549713018, "log10_min_child_weight": 3.9476950931600236, "log10_subsample": -0.7244393512891903, "max_depth": 8.0, "num_boost_round": 17.0}, "datetime": {"datetime": "2024-01-19 01:55:36", "elapsed": 6235.233437, "delta": 0.006778}}
{"target": -13.758484300410709, "params": {"gamma": 712.0023525785934, "log10_alpha": 0.8084551984446442, "log10_colsample_bytree": -0.0274589928247293, "log10_eta": -2.8281813216063516, "log10_lambda": -1.3698874549713018, "log10_min_child_weight": 3.9476950931600236, "log10_subsample": -0.7244393512891903, "max_depth": 8.0, "num_boost_round": 18.0}, "datetime": {"datetime": "2024-01-19 01:55:36", "elapsed": 6235.372787, "delta": 0.13935}}
{"target": -13.758482954650713, "params": {"gamma": 712.0023525785934, "log10_alpha": 0.8084551984446442, "log10_colsample_bytree": -0.0274589928247293, "log10_eta": -2.8281813216063516, "log10_lambda": -1.3698874549713018, "log10_min_child_weight": 3.9476950931600236, "log10_subsample": -0.7244393512891903, "max_depth": 8.0, "num_boost_round": 19.0}, "datetime": {"datetime": "2024-01-19 01:55:36", "elapsed": 6235.380212, "delta": 0.007425}}
{"target": -13.75847480127503, "params": {"gamma": 712.0023525785934, "log10_alpha": 0.8084551984446442, "log10_colsample_bytree": -0.0274589928247293, "log10_eta": -2.8281813216063516, "log10_lambda": -1.3698874549713018, "log10_min_child_weight": 3.9476950931600236, "log10_subsample": -0.7244393512891903, "max_depth": 8.0, "num_boost_round": 20.0}, "datetime": {"datetime": "2024-01-19 01:55:36", "elapsed": 6235.386988, "delta": 0.006776}}
{"target": -13.758462186366236, "params": {"gamma": 712.0023525785934, "log10_alpha": 0.8084551984446442, "log10_colsample_bytree": -0.0274589928247293, "log10_eta": -2.8281813216063516, "log10_lambda": -1.3698874549713018, "log10_min_child_weight": 3.9476950931600236, "log10_subsample": -0.7244393512891903, "max_depth": 8.0, "num_boost_round": 21.0}, "datetime": {"datetime": "2024-01-19 01:55:36", "elapsed": 6235.39347, "delta": 0.006482}}
{"target": -13.758476647844759, "params": {"gamma": 712.0023525785934, "log10_alpha": 0.8084551984446442, "log10_colsample_bytree": -0.0274589928247293, "log10_eta": -2.8281813216063516, "log10_lambda": -1.3698874549713018, "log10_min_child_weight": 3.9476950931600236, "log10_subsample": -0.7244393512891903, "max_depth": 8.0, "num_boost_round": 22.0}, "datetime": {"datetime": "2024-01-19 01:55:36", "elapsed": 6235.400037, "delta": 0.006567}}
{"target": -13.75847289159954, "params": {"gamma": 712.0023525785934, "log10_alpha": 0.8084551984446442, "log10_colsample_bytree": -0.0274589928247293, "log10_eta": -2.8281813216063516, "log10_lambda": -1.3698874549713018, "log10_min_child_weight": 3.9476950931600236, "log10_subsample": -0.7244393512891903, "max_depth": 8.0, "num_boost_round": 23.0}, "datetime": {"datetime": "2024-01-19 01:55:36", "elapsed": 6235.406458, "delta": 0.006421}}
{"target": -13.758474677315352, "params": {"gamma": 712.0023525785934, "log10_alpha": 0.8084551984446442, "log10_colsample_bytree": -0.0274589928247293, "log10_eta": -2.8281813216063516, "log10_lambda": -1.3698874549713018, "log10_min_child_weight": 3.9476950931600236, "log10_subsample": -0.7244393512891903, "max_depth": 8.0, "num_boost_round": 24.0}, "datetime": {"datetime": "2024-01-19 01:55:36", "elapsed": 6235.412623, "delta": 0.006165}}
{"target": -13.758475905653814, "params": {"gamma": 712.0023525785934, "log10_alpha": 0.8084551984446442, "log10_colsample_bytree": -0.0274589928247293, "log10_eta": -2.8281813216063516, "log10_lambda": -1.3698874549713018, "log10_min_child_weight": 3.9476950931600236, "log10_subsample": -0.7244393512891903, "max_depth": 8.0, "num_boost_round": 25.0}, "datetime": {"datetime": "2024-01-19 01:55:36", "elapsed": 6235.418734, "delta": 0.006111}}
{"target": -13.758480617781798, "params": {"gamma": 712.0023525785934, "log10_alpha": 0.8084551984446442, "log10_colsample_bytree": -0.0274589928247293, "log10_eta": -2.8281813216063516, "log10_lambda": -1.3698874549713018, "log10_min_child_weight": 3.9476950931600236, "log10_subsample": -0.7244393512891903, "max_depth": 8.0, "num_boost_round": 26.0}, "datetime": {"datetime": "2024-01-19 01:55:36", "elapsed": 6235.425019, "delta": 0.006285}}
{"target": -13.758478225978449, "params": {"gamma": 712.0023525785934, "log10_alpha": 0.8084551984446442, "log10_colsample_bytree": -0.0274589928247293, "log10_eta": -2.8281813216063516, "log10_lambda": -1.3698874549713018, "log10_min_child_weight": 3.9476950931600236, "log10_subsample": -0.7244393512891903, "max_depth": 8.0, "num_boost_round": 27.0}, "datetime": {"datetime": "2024-01-19 01:55:36", "elapsed": 6235.431327, "delta": 0.006308}}
{"target": -13.758466494906529, "params": {"gamma": 712.0023525785934, "log10_alpha": 0.8084551984446442, "log10_colsample_bytree": -0.0274589928247293, "log10_eta": -2.8281813216063516, "log10_lambda": -1.3698874549713018, "log10_min_child_weight": 3.9476950931600236, "log10_subsample": -0.7244393512891903, "max_depth": 8.0, "num_boost_round": 28.0}, "datetime": {"datetime": "2024-01-19 01:55:36", "elapsed": 6235.437882, "delta": 0.006555}}
{"target": -13.758466241378972, "params": {"gamma": 712.0023525785934, "log10_alpha": 0.8084551984446442, "log10_colsample_bytree": -0.0274589928247293, "log10_eta": -2.8281813216063516, "log10_lambda": -1.3698874549713018, "log10_min_child_weight": 3.9476950931600236, "log10_subsample": -0.7244393512891903, "max_depth": 8.0, "num_boost_round": 29.0}, "datetime": {"datetime": "2024-01-19 01:55:36", "elapsed": 6235.445392, "delta": 0.00751}}
{"target": -13.758465865124244, "params": {"gamma": 712.0023525785934, "log10_alpha": 0.8084551984446442, "log10_colsample_bytree": -0.0274589928247293, "log10_eta": -2.8281813216063516, "log10_lambda": -1.3698874549713018, "log10_min_child_weight": 3.9476950931600236, "log10_subsample": -0.7244393512891903, "max_depth": 8.0, "num_boost_round": 30.0}, "datetime": {"datetime": "2024-01-19 01:55:36", "elapsed": 6235.4521, "delta": 0.006708}}
{"target": -13.758465386526074, "params": {"gamma": 712.0023525785934, "log10_alpha": 0.8084551984446442, "log10_colsample_bytree": -0.0274589928247293, "log10_eta": -2.8281813216063516, "log10_lambda": -1.3698874549713018, "log10_min_child_weight": 3.9476950931600236, "log10_subsample": -0.7244393512891903, "max_depth": 8.0, "num_boost_round": 31.0}, "datetime": {"datetime": "2024-01-19 01:55:36", "elapsed": 6235.4585, "delta": 0.0064}}
{"target": -13.758484912612438, "params": {"gamma": 712.0023525785934, "log10_alpha": 0.8084551984446442, "log10_colsample_bytree": -0.0274589928247293, "log10_eta": -2.8281813216063516, "log10_lambda": -1.3698874549713018, "log10_min_child_weight": 3.9476950931600236, "log10_subsample": -0.7244393512891903, "max_depth": 8.0, "num_boost_round": 32.0}, "datetime": {"datetime": "2024-01-19 01:55:36", "elapsed": 6235.464632, "delta": 0.006132}}
{"target": -13.758493597193095, "params": {"gamma": 712.0023525785934, "log10_alpha": 0.8084551984446442, "log10_colsample_bytree": -0.0274589928247293, "log10_eta": -2.8281813216063516, "log10_lambda": -1.3698874549713018, "log10_min_child_weight": 3.9476950931600236, "log10_subsample": -0.7244393512891903, "max_depth": 8.0, "num_boost_round": 33.0}, "datetime": {"datetime": "2024-01-19 01:55:36", "elapsed": 6235.470888, "delta": 0.006256}}
{"target": -13.758487967491595, "params": {"gamma": 712.0023525785934, "log10_alpha": 0.8084551984446442, "log10_colsample_bytree": -0.0274589928247293, "log10_eta": -2.8281813216063516, "log10_lambda": -1.3698874549713018, "log10_min_child_weight": 3.9476950931600236, "log10_subsample": -0.7244393512891903, "max_depth": 8.0, "num_boost_round": 34.0}, "datetime": {"datetime": "2024-01-19 01:55:36", "elapsed": 6235.477559, "delta": 0.006671}}
{"target": -13.75849089476487, "params": {"gamma": 712.0023525785934, "log10_alpha": 0.8084551984446442, "log10_colsample_bytree": -0.0274589928247293, "log10_eta": -2.8281813216063516, "log10_lambda": -1.3698874549713018, "log10_min_child_weight": 3.9476950931600236, "log10_subsample": -0.7244393512891903, "max_depth": 8.0, "num_boost_round": 35.0}, "datetime": {"datetime": "2024-01-19 01:55:36", "elapsed": 6235.484044, "delta": 0.006485}}
{"target": -13.758504968915377, "params": {"gamma": 712.0023525785934, "log10_alpha": 0.8084551984446442, "log10_colsample_bytree": -0.0274589928247293, "log10_eta": -2.8281813216063516, "log10_lambda": -1.3698874549713018, "log10_min_child_weight": 3.9476950931600236, "log10_subsample": -0.7244393512891903, "max_depth": 8.0, "num_boost_round": 36.0}, "datetime": {"datetime": "2024-01-19 01:55:36", "elapsed": 6235.490475, "delta": 0.006431}}
{"target": -13.75848982410819, "params": {"gamma": 712.0023525785934, "log10_alpha": 0.8084551984446442, "log10_colsample_bytree": -0.0274589928247293, "log10_eta": -2.8281813216063516, "log10_lambda": -1.3698874549713018, "log10_min_child_weight": 3.9476950931600236, "log10_subsample": -0.7244393512891903, "max_depth": 8.0, "num_boost_round": 37.0}, "datetime": {"datetime": "2024-01-19 01:55:36", "elapsed": 6235.496751, "delta": 0.006276}}
{"target": -13.758495598240973, "params": {"gamma": 712.0023525785934, "log10_alpha": 0.8084551984446442, "log10_colsample_bytree": -0.0274589928247293, "log10_eta": -2.8281813216063516, "log10_lambda": -1.3698874549713018, "log10_min_child_weight": 3.9476950931600236, "log10_subsample": -0.7244393512891903, "max_depth": 8.0, "num_boost_round": 38.0}, "datetime": {"datetime": "2024-01-19 01:55:36", "elapsed": 6235.502913, "delta": 0.006162}}
{"target": -13.758491861096406, "params": {"gamma": 712.0023525785934, "log10_alpha": 0.8084551984446442, "log10_colsample_bytree": -0.0274589928247293, "log10_eta": -2.8281813216063516, "log10_lambda": -1.3698874549713018, "log10_min_child_weight": 3.9476950931600236, "log10_subsample": -0.7244393512891903, "max_depth": 8.0, "num_boost_round": 39.0}, "datetime": {"datetime": "2024-01-19 01:55:36", "elapsed": 6235.509292, "delta": 0.006379}}
{"target": -13.758490004057428, "params": {"gamma": 712.0023525785934, "log10_alpha": 0.8084551984446442, "log10_colsample_bytree": -0.0274589928247293, "log10_eta": -2.8281813216063516, "log10_lambda": -1.3698874549713018, "log10_min_child_weight": 3.9476950931600236, "log10_subsample": -0.7244393512891903, "max_depth": 8.0, "num_boost_round": 40.0}, "datetime": {"datetime": "2024-01-19 01:55:36", "elapsed": 6235.515696, "delta": 0.006404}}
{"target": -13.758493510959253, "params": {"gamma": 712.0023525785934, "log10_alpha": 0.8084551984446442, "log10_colsample_bytree": -0.0274589928247293, "log10_eta": -2.8281813216063516, "log10_lambda": -1.3698874549713018, "log10_min_child_weight": 3.9476950931600236, "log10_subsample": -0.7244393512891903, "max_depth": 8.0, "num_boost_round": 41.0}, "datetime": {"datetime": "2024-01-19 01:55:36", "elapsed": 6235.522233, "delta": 0.006537}}
{"target": -13.758499990134437, "params": {"gamma": 712.0023525785934, "log10_alpha": 0.8084551984446442, "log10_colsample_bytree": -0.0274589928247293, "log10_eta": -2.8281813216063516, "log10_lambda": -1.3698874549713018, "log10_min_child_weight": 3.9476950931600236, "log10_subsample": -0.7244393512891903, "max_depth": 8.0, "num_boost_round": 42.0}, "datetime": {"datetime": "2024-01-19 01:55:36", "elapsed": 6235.528856, "delta": 0.006623}}
{"target": -13.758501155868055, "params": {"gamma": 712.0023525785934, "log10_alpha": 0.8084551984446442, "log10_colsample_bytree": -0.0274589928247293, "log10_eta": -2.8281813216063516, "log10_lambda": -1.3698874549713018, "log10_min_child_weight": 3.9476950931600236, "log10_subsample": -0.7244393512891903, "max_depth": 8.0, "num_boost_round": 43.0}, "datetime": {"datetime": "2024-01-19 01:55:36", "elapsed": 6235.534955, "delta": 0.006099}}
{"target": -13.758510461747992, "params": {"gamma": 712.0023525785934, "log10_alpha": 0.8084551984446442, "log10_colsample_bytree": -0.0274589928247293, "log10_eta": -2.8281813216063516, "log10_lambda": -1.3698874549713018, "log10_min_child_weight": 3.9476950931600236, "log10_subsample": -0.7244393512891903, "max_depth": 8.0, "num_boost_round": 44.0}, "datetime": {"datetime": "2024-01-19 01:55:36", "elapsed": 6235.540987, "delta": 0.006032}}
{"target": -13.758513103526196, "params": {"gamma": 712.0023525785934, "log10_alpha": 0.8084551984446442, "log10_colsample_bytree": -0.0274589928247293, "log10_eta": -2.8281813216063516, "log10_lambda": -1.3698874549713018, "log10_min_child_weight": 3.9476950931600236, "log10_subsample": -0.7244393512891903, "max_depth": 8.0, "num_boost_round": 45.0}, "datetime": {"datetime": "2024-01-19 01:55:36", "elapsed": 6235.547139, "delta": 0.006152}}
{"target": -13.758523238602784, "params": {"gamma": 712.0023525785934, "log10_alpha": 0.8084551984446442, "log10_colsample_bytree": -0.0274589928247293, "log10_eta": -2.8281813216063516, "log10_lambda": -1.3698874549713018, "log10_min_child_weight": 3.9476950931600236, "log10_subsample": -0.7244393512891903, "max_depth": 8.0, "num_boost_round": 46.0}, "datetime": {"datetime": "2024-01-19 01:55:36", "elapsed": 6235.553455, "delta": 0.006316}}
{"target": -13.758539050671658, "params": {"gamma": 712.0023525785934, "log10_alpha": 0.8084551984446442, "log10_colsample_bytree": -0.0274589928247293, "log10_eta": -2.8281813216063516, "log10_lambda": -1.3698874549713018, "log10_min_child_weight": 3.9476950931600236, "log10_subsample": -0.7244393512891903, "max_depth": 8.0, "num_boost_round": 47.0}, "datetime": {"datetime": "2024-01-19 01:55:36", "elapsed": 6235.561542, "delta": 0.008087}}
{"target": -13.758542572239735, "params": {"gamma": 712.0023525785934, "log10_alpha": 0.8084551984446442, "log10_colsample_bytree": -0.0274589928247293, "log10_eta": -2.8281813216063516, "log10_lambda": -1.3698874549713018, "log10_min_child_weight": 3.9476950931600236, "log10_subsample": -0.7244393512891903, "max_depth": 8.0, "num_boost_round": 48.0}, "datetime": {"datetime": "2024-01-19 01:55:36", "elapsed": 6235.568882, "delta": 0.00734}}
{"target": -13.758550876172892, "params": {"gamma": 712.0023525785934, "log10_alpha": 0.8084551984446442, "log10_colsample_bytree": -0.0274589928247293, "log10_eta": -2.8281813216063516, "log10_lambda": -1.3698874549713018, "log10_min_child_weight": 3.9476950931600236, "log10_subsample": -0.7244393512891903, "max_depth": 8.0, "num_boost_round": 49.0}, "datetime": {"datetime": "2024-01-19 01:55:36", "elapsed": 6235.575091, "delta": 0.006209}}
{"target": -13.758585595939302, "params": {"gamma": 712.0023525785934, "log10_alpha": 0.8084551984446442, "log10_colsample_bytree": -0.0274589928247293, "log10_eta": -2.8281813216063516, "log10_lambda": -1.3698874549713018, "log10_min_child_weight": 3.9476950931600236, "log10_subsample": -0.7244393512891903, "max_depth": 8.0, "num_boost_round": 50.0}, "datetime": {"datetime": "2024-01-19 01:55:36", "elapsed": 6235.581304, "delta": 0.006213}}
