{"target": -13.758535863960056, "params": {"gamma": 842.8667790606672, "log10_alpha": -0.9976463390202968, "log10_colsample_bytree": -0.7820646696858538, "log10_eta": -3.8962189488187913, "log10_lambda": -3.896994439779177, "log10_min_child_weight": 4.737858267700431, "log10_subsample": -0.5178280310192125, "max_depth": 8.0, "num_boost_round": 2.0}, "datetime": {"datetime": "2024-01-19 00:55:36", "elapsed": 2656.369045, "delta": 0.002686}}
{"target": -13.758534829318117, "params": {"gamma": 842.8667790606672, "log10_alpha": -0.9976463390202968, "log10_colsample_bytree": -0.7820646696858538, "log10_eta": -3.8962189488187913, "log10_lambda": -3.896994439779177, "log10_min_child_weight": 4.737858267700431, "log10_subsample": -0.5178280310192125, "max_depth": 8.0, "num_boost_round": 3.0}, "datetime": {"datetime": "2024-01-19 00:55:36", "elapsed": 2656.371661, "delta": 0.002616}}
{"target": -13.758535219325516, "params": {"gamma": 842.8667790606672, "log10_alpha": -0.9976463390202968, "log10_colsample_bytree": -0.7820646696858538, "log10_eta": -3.8962189488187913, "log10_lambda": -3.896994439779177, "log10_min_child_weight": 4.737858267700431, "log10_subsample": -0.5178280310192125, "max_depth": 8.0, "num_boost_round": 4.0}, "datetime": {"datetime": "2024-01-19 00:55:36", "elapsed": 2656.374417, "delta": 0.002756}}
{"target": -13.758535231151074, "params": {"gamma": 842.8667790606672, "log10_alpha": -0.9976463390202968, "log10_colsample_bytree": -0.7820646696858538, "log10_eta": -3.8962189488187913, "log10_lambda": -3.896994439779177, "log10_min_child_weight": 4.737858267700431, "log10_subsample": -0.5178280310192125, "max_depth": 8.0, "num_boost_round": 5.0}, "datetime": {"datetime": "2024-01-19 00:55:36", "elapsed": 2656.377121, "delta": 0.002704}}
{"target": -13.758535269584963, "params": {"gamma": 842.8667790606672, "log10_alpha": -0.9976463390202968, "log10_colsample_bytree": -0.7820646696858538, "log10_eta": -3.8962189488187913, "log10_lambda": -3.896994439779177, "log10_min_child_weight": 4.737858267700431, "log10_subsample": -0.5178280310192125, "max_depth": 8.0, "num_boost_round": 6.0}, "datetime": {"datetime": "2024-01-19 00:55:36", "elapsed": 2656.379893, "delta": 0.002772}}
{"target": -13.758534801618886, "params": {"gamma": 842.8667790606672, "log10_alpha": -0.9976463390202968, "log10_colsample_bytree": -0.7820646696858538, "log10_eta": -3.8962189488187913, "log10_lambda": -3.896994439779177, "log10_min_child_weight": 4.737858267700431, "log10_subsample": -0.5178280310192125, "max_depth": 8.0, "num_boost_round": 7.0}, "datetime": {"datetime": "2024-01-19 00:55:36", "elapsed": 2656.382551, "delta": 0.002658}}
{"target": -13.758534822889287, "params": {"gamma": 842.8667790606672, "log10_alpha": -0.9976463390202968, "log10_colsample_bytree": -0.7820646696858538, "log10_eta": -3.8962189488187913, "log10_lambda": -3.896994439779177, "log10_min_child_weight": 4.737858267700431, "log10_subsample": -0.5178280310192125, "max_depth": 8.0, "num_boost_round": 8.0}, "datetime": {"datetime": "2024-01-19 00:55:36", "elapsed": 2656.38518, "delta": 0.002629}}
{"target": -13.758534894493401, "params": {"gamma": 842.8667790606672, "log10_alpha": -0.9976463390202968, "log10_colsample_bytree": -0.7820646696858538, "log10_eta": -3.8962189488187913, "log10_lambda": -3.896994439779177, "log10_min_child_weight": 4.737858267700431, "log10_subsample": -0.5178280310192125, "max_depth": 8.0, "num_boost_round": 9.0}, "datetime": {"datetime": "2024-01-19 00:55:36", "elapsed": 2656.387736, "delta": 0.002556}}
{"target": -13.758533873936686, "params": {"gamma": 842.8667790606672, "log10_alpha": -0.9976463390202968, "log10_colsample_bytree": -0.7820646696858538, "log10_eta": -3.8962189488187913, "log10_lambda": -3.896994439779177, "log10_min_child_weight": 4.737858267700431, "log10_subsample": -0.5178280310192125, "max_depth": 8.0, "num_boost_round": 10.0}, "datetime": {"datetime": "2024-01-19 00:55:36", "elapsed": 2656.390273, "delta": 0.002537}}
{"target": -13.758533629327824, "params": {"gamma": 842.8667790606672, "log10_alpha": -0.9976463390202968, "log10_colsample_bytree": -0.7820646696858538, "log10_eta": -3.8962189488187913, "log10_lambda": -3.896994439779177, "log10_min_child_weight": 4.737858267700431, "log10_subsample": -0.5178280310192125, "max_depth": 8.0, "num_boost_round": 11.0}, "datetime": {"datetime": "2024-01-19 00:55:36", "elapsed": 2656.39283, "delta": 0.002557}}
{"target": -13.758533610044244, "params": {"gamma": 842.8667790606672, "log10_alpha": -0.9976463390202968, "log10_colsample_bytree": -0.7820646696858538, "log10_eta": -3.8962189488187913, "log10_lambda": -3.896994439779177, "log10_min_child_weight": 4.737858267700431, "log10_subsample": -0.5178280310192125, "max_depth": 8.0, "num_boost_round": 12.0}, "datetime": {"datetime": "2024-01-19 00:55:36", "elapsed": 2656.395396, "delta": 0.002566}}
{"target": -13.758533371212772, "params": {"gamma": 842.8667790606672, "log10_alpha": -0.9976463390202968, "log10_colsample_bytree": -0.7820646696858538, "log10_eta": -3.8962189488187913, "log10_lambda": -3.896994439779177, "log10_min_child_weight": 4.737858267700431, "log10_subsample": -0.5178280310192125, "max_depth": 8.0, "num_boost_round": 13.0}, "datetime": {"datetime": "2024-01-19 00:55:36", "elapsed": 2656.398019, "delta": 0.002623}}
{"target": -13.758533162474228, "params": {"gamma": 842.8667790606672, "log10_alpha": -0.9976463390202968, "log10_colsample_bytree": -0.7820646696858538, "log10_eta": -3.8962189488187913, "log10_lambda": -3.896994439779177, "log10_min_child_weight": 4.737858267700431, "log10_subsample": -0.5178280310192125, "max_depth": 8.0, "num_boost_round": 14.0}, "datetime": {"datetime": "2024-01-19 00:55:36", "elapsed": 2656.400692, "delta": 0.002673}}
{"target": -13.75853210054686, "params": {"gamma": 842.8667790606672, "log10_alpha": -0.9976463390202968, "log10_colsample_bytree": -0.7820646696858538, "log10_eta": -3.8962189488187913, "log10_lambda": -3.896994439779177, "log10_min_child_weight": 4.737858267700431, "log10_subsample": -0.5178280310192125, "max_depth": 8.0, "num_boost_round": 15.0}, "datetime": {"datetime": "2024-01-19 00:55:36", "elapsed": 2656.40329, "delta": 0.002598}}
{"target": -13.758531385578456, "params": {"gamma": 842.8667790606672, "log10_alpha": -0.9976463390202968, "log10_colsample_bytree": -0.7820646696858538, "log10_eta": -3.8962189488187913, "log10_lambda": -3.896994439779177, "log10_min_child_weight": 4.737858267700431, "log10_subsample": -0.5178280310192125, "max_depth": 8.0, "num_boost_round": 16.0}, "datetime": {"datetime": "2024-01-19 00:55:36", "elapsed": 2656.405851, "delta": 0.002561}}
{"target": -13.758531374836515, "params": {"gamma": 842.8667790606672, "log10_alpha": -0.9976463390202968, "log10_colsample_bytree": -0.7820646696858538, "log10_eta": -3.8962189488187913, "log10_lambda": -3.896994439779177, "log10_min_child_weight": 4.737858267700431, "log10_subsample": -0.5178280310192125, "max_depth": 8.0, "num_boost_round": 17.0}, "datetime": {"datetime": "2024-01-19 00:55:36", "elapsed": 2656.408412, "delta": 0.002561}}
{"target": -13.75853101145296, "params": {"gamma": 842.8667790606672, "log10_alpha": -0.9976463390202968, "log10_colsample_bytree": -0.7820646696858538, "log10_eta": -3.8962189488187913, "log10_lambda": -3.896994439779177, "log10_min_child_weight": 4.737858267700431, "log10_subsample": -0.5178280310192125, "max_depth": 8.0, "num_boost_round": 18.0}, "datetime": {"datetime": "2024-01-19 00:55:36", "elapsed": 2656.410999, "delta": 0.002587}}
{"target": -13.758530722178813, "params": {"gamma": 842.8667790606672, "log10_alpha": -0.9976463390202968, "log10_colsample_bytree": -0.7820646696858538, "log10_eta": -3.8962189488187913, "log10_lambda": -3.896994439779177, "log10_min_child_weight": 4.737858267700431, "log10_subsample": -0.5178280310192125, "max_depth": 8.0, "num_boost_round": 19.0}, "datetime": {"datetime": "2024-01-19 00:55:36", "elapsed": 2656.41359, "delta": 0.002591}}
{"target": -13.758531160948865, "params": {"gamma": 842.8667790606672, "log10_alpha": -0.9976463390202968, "log10_colsample_bytree": -0.7820646696858538, "log10_eta": -3.8962189488187913, "log10_lambda": -3.896994439779177, "log10_min_child_weight": 4.737858267700431, "log10_subsample": -0.5178280310192125, "max_depth": 8.0, "num_boost_round": 20.0}, "datetime": {"datetime": "2024-01-19 00:55:36", "elapsed": 2656.416149, "delta": 0.002559}}
{"target": -13.758530877316336, "params": {"gamma": 842.8667790606672, "log10_alpha": -0.9976463390202968, "log10_colsample_bytree": -0.7820646696858538, "log10_eta": -3.8962189488187913, "log10_lambda": -3.896994439779177, "log10_min_child_weight": 4.737858267700431, "log10_subsample": -0.5178280310192125, "max_depth": 8.0, "num_boost_round": 21.0}, "datetime": {"datetime": "2024-01-19 00:55:36", "elapsed": 2656.418774, "delta": 0.002625}}
{"target": -13.758530194339258, "params": {"gamma": 842.8667790606672, "log10_alpha": -0.9976463390202968, "log10_colsample_bytree": -0.7820646696858538, "log10_eta": -3.8962189488187913, "log10_lambda": -3.896994439779177, "log10_min_child_weight": 4.737858267700431, "log10_subsample": -0.5178280310192125, "max_depth": 8.0, "num_boost_round": 22.0}, "datetime": {"datetime": "2024-01-19 00:55:36", "elapsed": 2656.421381, "delta": 0.002607}}
{"target": -13.75837918466885, "params": {"gamma": 835.1880345185155, "log10_alpha": -3.7694562479311573, "log10_colsample_bytree": -0.695647011564478, "log10_eta": -1.74631099947706, "log10_lambda": -4.746862418436054, "log10_min_child_weight": 4.904879812719932, "log10_subsample": -0.20746810646761216, "max_depth": 8.0, "num_boost_round": 0.0}, "datetime": {"datetime": "2024-01-19 00:56:08", "elapsed": 2688.5146, "delta": 32.093219}}
{"target": -13.758432813708707, "params": {"gamma": 835.1880345185155, "log10_alpha": -3.7694562479311573, "log10_colsample_bytree": -0.695647011564478, "log10_eta": -1.74631099947706, "log10_lambda": -4.746862418436054, "log10_min_child_weight": 4.904879812719932, "log10_subsample": -0.20746810646761216, "max_depth": 8.0, "num_boost_round": 1.0}, "datetime": {"datetime": "2024-01-19 00:56:08", "elapsed": 2688.517339, "delta": 0.002739}}
{"target": -13.758461789227983, "params": {"gamma": 835.1880345185155, "log10_alpha": -3.7694562479311573, "log10_colsample_bytree": -0.695647011564478, "log10_eta": -1.74631099947706, "log10_lambda": -4.746862418436054, "log10_min_child_weight": 4.904879812719932, "log10_subsample": -0.20746810646761216, "max_depth": 8.0, "num_boost_round": 2.0}, "datetime": {"datetime": "2024-01-19 00:56:08", "elapsed": 2688.519939, "delta": 0.0026}}
{"target": -13.758446703294807, "params": {"gamma": 835.1880345185155, "log10_alpha": -3.7694562479311573, "log10_colsample_bytree": -0.695647011564478, "log10_eta": -1.74631099947706, "log10_lambda": -4.746862418436054, "log10_min_child_weight": 4.904879812719932, "log10_subsample": -0.20746810646761216, "max_depth": 8.0, "num_boost_round": 3.0}, "datetime": {"datetime": "2024-01-19 00:56:08", "elapsed": 2688.523483, "delta": 0.003544}}
{"target": -13.758458135545773, "params": {"gamma": 835.1880345185155, "log10_alpha": -3.7694562479311573, "log10_colsample_bytree": -0.695647011564478, "log10_eta": -1.74631099947706, "log10_lambda": -4.746862418436054, "log10_min_child_weight": 4.904879812719932, "log10_subsample": -0.20746810646761216, "max_depth": 8.0, "num_boost_round": 4.0}, "datetime": {"datetime": "2024-01-19 00:56:08", "elapsed": 2688.526259, "delta": 0.002776}}
{"target": -13.758371455418287, "params": {"gamma": 835.1880345185155, "log10_alpha": -3.7694562479311573, "log10_colsample_bytree": -0.695647011564478, "log10_eta": -1.74631099947706, "log10_lambda": -4.746862418436054, "log10_min_child_weight": 4.904879812719932, "log10_subsample": -0.20746810646761216, "max_depth": 8.0, "num_boost_round": 5.0}, "datetime": {"datetime": "2024-01-19 00:56:08", "elapsed": 2688.528892, "delta": 0.002633}}
{"target": -13.7584540215379, "params": {"gamma": 835.1880345185155, "log10_alpha": -3.7694562479311573, "log10_colsample_bytree": -0.695647011564478, "log10_eta": -1.74631099947706, "log10_lambda": -4.746862418436054, "log10_min_child_weight": 4.904879812719932, "log10_subsample": -0.20746810646761216, "max_depth": 8.0, "num_boost_round": 6.0}, "datetime": {"datetime": "2024-01-19 00:56:08", "elapsed": 2688.531466, "delta": 0.002574}}
{"target": -13.75841595620309, "params": {"gamma": 835.1880345185155, "log10_alpha": -3.7694562479311573, "log10_colsample_bytree": -0.695647011564478, "log10_eta": -1.74631099947706, "log10_lambda": -4.746862418436054, "log10_min_child_weight": 4.904879812719932, "log10_subsample": -0.20746810646761216, "max_depth": 8.0, "num_boost_round": 7.0}, "datetime": {"datetime": "2024-01-19 00:56:08", "elapsed": 2688.534055, "delta": 0.002589}}
{"target": -13.758400658880786, "params": {"gamma": 835.1880345185155, "log10_alpha": -3.7694562479311573, "log10_colsample_bytree": -0.695647011564478, "log10_eta": -1.74631099947706, "log10_lambda": -4.746862418436054, "log10_min_child_weight": 4.904879812719932, "log10_subsample": -0.20746810646761216, "max_depth": 8.0, "num_boost_round": 8.0}, "datetime": {"datetime": "2024-01-19 00:56:08", "elapsed": 2688.536674, "delta": 0.002619}}
{"target": -13.758387739149661, "params": {"gamma": 835.1880345185155, "log10_alpha": -3.7694562479311573, "log10_colsample_bytree": -0.695647011564478, "log10_eta": -1.74631099947706, "log10_lambda": -4.746862418436054, "log10_min_child_weight": 4.904879812719932, "log10_subsample": -0.20746810646761216, "max_depth": 8.0, "num_boost_round": 9.0}, "datetime": {"datetime": "2024-01-19 00:56:08", "elapsed": 2688.540076, "delta": 0.003402}}
{"target": -13.758316599998036, "params": {"gamma": 835.1880345185155, "log10_alpha": -3.7694562479311573, "log10_colsample_bytree": -0.695647011564478, "log10_eta": -1.74631099947706, "log10_lambda": -4.746862418436054, "log10_min_child_weight": 4.904879812719932, "log10_subsample": -0.20746810646761216, "max_depth": 8.0, "num_boost_round": 10.0}, "datetime": {"datetime": "2024-01-19 00:56:08", "elapsed": 2688.542818, "delta": 0.002742}}
{"target": -13.758387698645949, "params": {"gamma": 835.1880345185155, "log10_alpha": -3.7694562479311573, "log10_colsample_bytree": -0.695647011564478, "log10_eta": -1.74631099947706, "log10_lambda": -4.746862418436054, "log10_min_child_weight": 4.904879812719932, "log10_subsample": -0.20746810646761216, "max_depth": 8.0, "num_boost_round": 11.0}, "datetime": {"datetime": "2024-01-19 00:56:08", "elapsed": 2688.545636, "delta": 0.002818}}
{"target": -13.758499530863896, "params": {"gamma": 842.398388599059, "log10_alpha": -3.9332157132837535, "log10_colsample_bytree": -0.5342063925652171, "log10_eta": -2.7639821755423895, "log10_lambda": -3.0610859994930246, "log10_min_child_weight": 0.5097231506004973, "log10_subsample": -0.4333482906610432, "max_depth": 7.0, "num_boost_round": 0.0}, "datetime": {"datetime": "2024-01-19 00:56:38", "elapsed": 2718.682217, "delta": 30.136581}}
{"target": -13.758480155327815, "params": {"gamma": 842.398388599059, "log10_alpha": -3.9332157132837535, "log10_colsample_bytree": -0.5342063925652171, "log10_eta": -2.7639821755423895, "log10_lambda": -3.0610859994930246, "log10_min_child_weight": 0.5097231506004973, "log10_subsample": -0.4333482906610432, "max_depth": 7.0, "num_boost_round": 1.0}, "datetime": {"datetime": "2024-01-19 00:56:38", "elapsed": 2718.68528, "delta": 0.003063}}
{"target": -13.758427753818701, "params": {"gamma": 842.398388599059, "log10_alpha": -3.9332157132837535, "log10_colsample_bytree": -0.5342063925652171, "log10_eta": -2.7639821755423895, "log10_lambda": -3.0610859994930246, "log10_min_child_weight": 0.5097231506004973, "log10_subsample": -0.4333482906610432, "max_depth": 7.0, "num_boost_round": 2.0}, "datetime": {"datetime": "2024-01-19 00:56:38", "elapsed": 2718.688408, "delta": 0.003128}}
{"target": -13.758320508898677, "params": {"gamma": 842.398388599059, "log10_alpha": -3.9332157132837535, "log10_colsample_bytree": -0.5342063925652171, "log10_eta": -2.7639821755423895, "log10_lambda": -3.0610859994930246, "log10_min_child_weight": 0.5097231506004973, "log10_subsample": -0.4333482906610432, "max_depth": 7.0, "num_boost_round": 3.0}, "datetime": {"datetime": "2024-01-19 00:56:38", "elapsed": 2718.691016, "delta": 0.002608}}
{"target": -13.758292929943314, "params": {"gamma": 842.398388599059, "log10_alpha": -3.9332157132837535, "log10_colsample_bytree": -0.5342063925652171, "log10_eta": -2.7639821755423895, "log10_lambda": -3.0610859994930246, "log10_min_child_weight": 0.5097231506004973, "log10_subsample": -0.4333482906610432, "max_depth": 7.0, "num_boost_round": 4.0}, "datetime": {"datetime": "2024-01-19 00:56:38", "elapsed": 2718.693742, "delta": 0.002726}}
{"target": -13.758172314917026, "params": {"gamma": 842.398388599059, "log10_alpha": -3.9332157132837535, "log10_colsample_bytree": -0.5342063925652171, "log10_eta": -2.7639821755423895, "log10_lambda": -3.0610859994930246, "log10_min_child_weight": 0.5097231506004973, "log10_subsample": -0.4333482906610432, "max_depth": 7.0, "num_boost_round": 5.0}, "datetime": {"datetime": "2024-01-19 00:56:38", "elapsed": 2718.69634, "delta": 0.002598}}
{"target": -13.758102529286319, "params": {"gamma": 842.398388599059, "log10_alpha": -3.9332157132837535, "log10_colsample_bytree": -0.5342063925652171, "log10_eta": -2.7639821755423895, "log10_lambda": -3.0610859994930246, "log10_min_child_weight": 0.5097231506004973, "log10_subsample": -0.4333482906610432, "max_depth": 7.0, "num_boost_round": 6.0}, "datetime": {"datetime": "2024-01-19 00:56:38", "elapsed": 2718.69894, "delta": 0.0026}}
{"target": -13.758083657437522, "params": {"gamma": 842.398388599059, "log10_alpha": -3.9332157132837535, "log10_colsample_bytree": -0.5342063925652171, "log10_eta": -2.7639821755423895, "log10_lambda": -3.0610859994930246, "log10_min_child_weight": 0.5097231506004973, "log10_subsample": -0.4333482906610432, "max_depth": 7.0, "num_boost_round": 7.0}, "datetime": {"datetime": "2024-01-19 00:56:38", "elapsed": 2718.70165, "delta": 0.00271}}
{"target": -13.758010195533865, "params": {"gamma": 842.398388599059, "log10_alpha": -3.9332157132837535, "log10_colsample_bytree": -0.5342063925652171, "log10_eta": -2.7639821755423895, "log10_lambda": -3.0610859994930246, "log10_min_child_weight": 0.5097231506004973, "log10_subsample": -0.4333482906610432, "max_depth": 7.0, "num_boost_round": 8.0}, "datetime": {"datetime": "2024-01-19 00:56:38", "elapsed": 2718.704211, "delta": 0.002561}}
{"target": -13.757968168248306, "params": {"gamma": 842.398388599059, "log10_alpha": -3.9332157132837535, "log10_colsample_bytree": -0.5342063925652171, "log10_eta": -2.7639821755423895, "log10_lambda": -3.0610859994930246, "log10_min_child_weight": 0.5097231506004973, "log10_subsample": -0.4333482906610432, "max_depth": 7.0, "num_boost_round": 9.0}, "datetime": {"datetime": "2024-01-19 00:56:38", "elapsed": 2718.70677, "delta": 0.002559}}
{"target": -13.757891707954162, "params": {"gamma": 842.398388599059, "log10_alpha": -3.9332157132837535, "log10_colsample_bytree": -0.5342063925652171, "log10_eta": -2.7639821755423895, "log10_lambda": -3.0610859994930246, "log10_min_child_weight": 0.5097231506004973, "log10_subsample": -0.4333482906610432, "max_depth": 7.0, "num_boost_round": 10.0}, "datetime": {"datetime": "2024-01-19 00:56:38", "elapsed": 2718.709375, "delta": 0.002605}}
{"target": -13.757839006842046, "params": {"gamma": 842.398388599059, "log10_alpha": -3.9332157132837535, "log10_colsample_bytree": -0.5342063925652171, "log10_eta": -2.7639821755423895, "log10_lambda": -3.0610859994930246, "log10_min_child_weight": 0.5097231506004973, "log10_subsample": -0.4333482906610432, "max_depth": 7.0, "num_boost_round": 11.0}, "datetime": {"datetime": "2024-01-19 00:56:38", "elapsed": 2718.711992, "delta": 0.002617}}
{"target": -13.757852278320497, "params": {"gamma": 842.398388599059, "log10_alpha": -3.9332157132837535, "log10_colsample_bytree": -0.5342063925652171, "log10_eta": -2.7639821755423895, "log10_lambda": -3.0610859994930246, "log10_min_child_weight": 0.5097231506004973, "log10_subsample": -0.4333482906610432, "max_depth": 7.0, "num_boost_round": 12.0}, "datetime": {"datetime": "2024-01-19 00:56:38", "elapsed": 2718.714731, "delta": 0.002739}}
{"target": -13.757803206622363, "params": {"gamma": 842.398388599059, "log10_alpha": -3.9332157132837535, "log10_colsample_bytree": -0.5342063925652171, "log10_eta": -2.7639821755423895, "log10_lambda": -3.0610859994930246, "log10_min_child_weight": 0.5097231506004973, "log10_subsample": -0.4333482906610432, "max_depth": 7.0, "num_boost_round": 13.0}, "datetime": {"datetime": "2024-01-19 00:56:38", "elapsed": 2718.717287, "delta": 0.002556}}
{"target": -13.75780148831224, "params": {"gamma": 842.398388599059, "log10_alpha": -3.9332157132837535, "log10_colsample_bytree": -0.5342063925652171, "log10_eta": -2.7639821755423895, "log10_lambda": -3.0610859994930246, "log10_min_child_weight": 0.5097231506004973, "log10_subsample": -0.4333482906610432, "max_depth": 7.0, "num_boost_round": 14.0}, "datetime": {"datetime": "2024-01-19 00:56:38", "elapsed": 2718.71999, "delta": 0.002703}}
{"target": -13.757713453919925, "params": {"gamma": 842.398388599059, "log10_alpha": -3.9332157132837535, "log10_colsample_bytree": -0.5342063925652171, "log10_eta": -2.7639821755423895, "log10_lambda": -3.0610859994930246, "log10_min_child_weight": 0.5097231506004973, "log10_subsample": -0.4333482906610432, "max_depth": 7.0, "num_boost_round": 15.0}, "datetime": {"datetime": "2024-01-19 00:56:38", "elapsed": 2718.722726, "delta": 0.002736}}
