{"target": -17.676520801443733, "params": {"gamma": 440.3773378287535, "log10_alpha": -4.988561894301668, "log10_colsample_bytree": -0.3105821596960554, "log10_eta": -3.465917194250544, "log10_lambda": -4.334782651725008, "log10_min_child_weight": 0.9839535514616976, "log10_subsample": -0.21831061710988775, "max_depth": 7.0, "num_boost_round": 43.0}, "datetime": {"datetime": "2024-01-19 00:30:03", "elapsed": 1095.673655, "delta": 0.00229}}
{"target": -17.676521261168983, "params": {"gamma": 440.3773378287535, "log10_alpha": -4.988561894301668, "log10_colsample_bytree": -0.3105821596960554, "log10_eta": -3.465917194250544, "log10_lambda": -4.334782651725008, "log10_min_child_weight": 0.9839535514616976, "log10_subsample": -0.21831061710988775, "max_depth": 7.0, "num_boost_round": 44.0}, "datetime": {"datetime": "2024-01-19 00:30:03", "elapsed": 1095.675798, "delta": 0.002143}}
{"target": -17.676482717847897, "params": {"gamma": 440.3773378287535, "log10_alpha": -4.988561894301668, "log10_colsample_bytree": -0.3105821596960554, "log10_eta": -3.465917194250544, "log10_lambda": -4.334782651725008, "log10_min_child_weight": 0.9839535514616976, "log10_subsample": -0.21831061710988775, "max_depth": 7.0, "num_boost_round": 45.0}, "datetime": {"datetime": "2024-01-19 00:30:03", "elapsed": 1095.677919, "delta": 0.002121}}
{"target": -17.676488861809446, "params": {"gamma": 440.3773378287535, "log10_alpha": -4.988561894301668, "log10_colsample_bytree": -0.3105821596960554, "log10_eta": -3.465917194250544, "log10_lambda": -4.334782651725008, "log10_min_child_weight": 0.9839535514616976, "log10_subsample": -0.21831061710988775, "max_depth": 7.0, "num_boost_round": 46.0}, "datetime": {"datetime": "2024-01-19 00:30:03", "elapsed": 1095.679987, "delta": 0.002068}}
{"target": -17.676495795631247, "params": {"gamma": 440.3773378287535, "log10_alpha": -4.988561894301668, "log10_colsample_bytree": -0.3105821596960554, "log10_eta": -3.465917194250544, "log10_lambda": -4.334782651725008, "log10_min_child_weight": 0.9839535514616976, "log10_subsample": -0.21831061710988775, "max_depth": 7.0, "num_boost_round": 47.0}, "datetime": {"datetime": "2024-01-19 00:30:03", "elapsed": 1095.682024, "delta": 0.002037}}
{"target": -17.677227311309462, "params": {"gamma": 435.8419934097697, "log10_alpha": -5.0, "log10_colsample_bytree": -0.19016199972522949, "log10_eta": -4.0, "log10_lambda": -4.487777432279495, "log10_min_child_weight": 1.8839185382644557, "log10_subsample": -1.0, "max_depth": 6.0, "num_boost_round": 0.0}, "datetime": {"datetime": "2024-01-19 00:30:44", "elapsed": 1136.771888, "delta": 41.089864}}
{"target": -17.67722336882555, "params": {"gamma": 435.8419934097697, "log10_alpha": -5.0, "log10_colsample_bytree": -0.19016199972522949, "log10_eta": -4.0, "log10_lambda": -4.487777432279495, "log10_min_child_weight": 1.8839185382644557, "log10_subsample": -1.0, "max_depth": 6.0, "num_boost_round": 1.0}, "datetime": {"datetime": "2024-01-19 00:30:44", "elapsed": 1136.774699, "delta": 0.002811}}
{"target": -17.67721824905064, "params": {"gamma": 435.8419934097697, "log10_alpha": -5.0, "log10_colsample_bytree": -0.19016199972522949, "log10_eta": -4.0, "log10_lambda": -4.487777432279495, "log10_min_child_weight": 1.8839185382644557, "log10_subsample": -1.0, "max_depth": 6.0, "num_boost_round": 2.0}, "datetime": {"datetime": "2024-01-19 00:30:44", "elapsed": 1136.776829, "delta": 0.00213}}
{"target": -17.677209190639342, "params": {"gamma": 435.8419934097697, "log10_alpha": -5.0, "log10_colsample_bytree": -0.19016199972522949, "log10_eta": -4.0, "log10_lambda": -4.487777432279495, "log10_min_child_weight": 1.8839185382644557, "log10_subsample": -1.0, "max_depth": 6.0, "num_boost_round": 3.0}, "datetime": {"datetime": "2024-01-19 00:30:44", "elapsed": 1136.778972, "delta": 0.002143}}
{"target": -17.677204549809883, "params": {"gamma": 435.8419934097697, "log10_alpha": -5.0, "log10_colsample_bytree": -0.19016199972522949, "log10_eta": -4.0, "log10_lambda": -4.487777432279495, "log10_min_child_weight": 1.8839185382644557, "log10_subsample": -1.0, "max_depth": 6.0, "num_boost_round": 4.0}, "datetime": {"datetime": "2024-01-19 00:30:44", "elapsed": 1136.781195, "delta": 0.002223}}
{"target": -17.677201574331992, "params": {"gamma": 435.8419934097697, "log10_alpha": -5.0, "log10_colsample_bytree": -0.19016199972522949, "log10_eta": -4.0, "log10_lambda": -4.487777432279495, "log10_min_child_weight": 1.8839185382644557, "log10_subsample": -1.0, "max_depth": 6.0, "num_boost_round": 5.0}, "datetime": {"datetime": "2024-01-19 00:30:44", "elapsed": 1136.783301, "delta": 0.002106}}
{"target": -17.67719080466602, "params": {"gamma": 435.8419934097697, "log10_alpha": -5.0, "log10_colsample_bytree": -0.19016199972522949, "log10_eta": -4.0, "log10_lambda": -4.487777432279495, "log10_min_child_weight": 1.8839185382644557, "log10_subsample": -1.0, "max_depth": 6.0, "num_boost_round": 6.0}, "datetime": {"datetime": "2024-01-19 00:30:44", "elapsed": 1136.785424, "delta": 0.002123}}
{"target": -17.677181294945846, "params": {"gamma": 435.8419934097697, "log10_alpha": -5.0, "log10_colsample_bytree": -0.19016199972522949, "log10_eta": -4.0, "log10_lambda": -4.487777432279495, "log10_min_child_weight": 1.8839185382644557, "log10_subsample": -1.0, "max_depth": 6.0, "num_boost_round": 7.0}, "datetime": {"datetime": "2024-01-19 00:30:44", "elapsed": 1136.78757, "delta": 0.002146}}
{"target": -17.677171260019612, "params": {"gamma": 435.8419934097697, "log10_alpha": -5.0, "log10_colsample_bytree": -0.19016199972522949, "log10_eta": -4.0, "log10_lambda": -4.487777432279495, "log10_min_child_weight": 1.8839185382644557, "log10_subsample": -1.0, "max_depth": 6.0, "num_boost_round": 8.0}, "datetime": {"datetime": "2024-01-19 00:30:44", "elapsed": 1136.789659, "delta": 0.002089}}
{"target": -17.67716369283714, "params": {"gamma": 435.8419934097697, "log10_alpha": -5.0, "log10_colsample_bytree": -0.19016199972522949, "log10_eta": -4.0, "log10_lambda": -4.487777432279495, "log10_min_child_weight": 1.8839185382644557, "log10_subsample": -1.0, "max_depth": 6.0, "num_boost_round": 9.0}, "datetime": {"datetime": "2024-01-19 00:30:44", "elapsed": 1136.791819, "delta": 0.00216}}
{"target": -17.67716485454412, "params": {"gamma": 435.8419934097697, "log10_alpha": -5.0, "log10_colsample_bytree": -0.19016199972522949, "log10_eta": -4.0, "log10_lambda": -4.487777432279495, "log10_min_child_weight": 1.8839185382644557, "log10_subsample": -1.0, "max_depth": 6.0, "num_boost_round": 10.0}, "datetime": {"datetime": "2024-01-19 00:30:44", "elapsed": 1136.793913, "delta": 0.002094}}
{"target": -17.677165050497955, "params": {"gamma": 435.8419934097697, "log10_alpha": -5.0, "log10_colsample_bytree": -0.19016199972522949, "log10_eta": -4.0, "log10_lambda": -4.487777432279495, "log10_min_child_weight": 1.8839185382644557, "log10_subsample": -1.0, "max_depth": 6.0, "num_boost_round": 11.0}, "datetime": {"datetime": "2024-01-19 00:30:44", "elapsed": 1136.796007, "delta": 0.002094}}
{"target": -17.677159558216395, "params": {"gamma": 435.8419934097697, "log10_alpha": -5.0, "log10_colsample_bytree": -0.19016199972522949, "log10_eta": -4.0, "log10_lambda": -4.487777432279495, "log10_min_child_weight": 1.8839185382644557, "log10_subsample": -1.0, "max_depth": 6.0, "num_boost_round": 12.0}, "datetime": {"datetime": "2024-01-19 00:30:44", "elapsed": 1136.798098, "delta": 0.002091}}
{"target": -17.677155001697784, "params": {"gamma": 435.8419934097697, "log10_alpha": -5.0, "log10_colsample_bytree": -0.19016199972522949, "log10_eta": -4.0, "log10_lambda": -4.487777432279495, "log10_min_child_weight": 1.8839185382644557, "log10_subsample": -1.0, "max_depth": 6.0, "num_boost_round": 13.0}, "datetime": {"datetime": "2024-01-19 00:30:44", "elapsed": 1136.800202, "delta": 0.002104}}
{"target": -17.677152129397452, "params": {"gamma": 435.8419934097697, "log10_alpha": -5.0, "log10_colsample_bytree": -0.19016199972522949, "log10_eta": -4.0, "log10_lambda": -4.487777432279495, "log10_min_child_weight": 1.8839185382644557, "log10_subsample": -1.0, "max_depth": 6.0, "num_boost_round": 14.0}, "datetime": {"datetime": "2024-01-19 00:30:44", "elapsed": 1136.802542, "delta": 0.00234}}
{"target": -17.677147696723797, "params": {"gamma": 435.8419934097697, "log10_alpha": -5.0, "log10_colsample_bytree": -0.19016199972522949, "log10_eta": -4.0, "log10_lambda": -4.487777432279495, "log10_min_child_weight": 1.8839185382644557, "log10_subsample": -1.0, "max_depth": 6.0, "num_boost_round": 15.0}, "datetime": {"datetime": "2024-01-19 00:30:44", "elapsed": 1136.804717, "delta": 0.002175}}
{"target": -17.677142587456522, "params": {"gamma": 435.8419934097697, "log10_alpha": -5.0, "log10_colsample_bytree": -0.19016199972522949, "log10_eta": -4.0, "log10_lambda": -4.487777432279495, "log10_min_child_weight": 1.8839185382644557, "log10_subsample": -1.0, "max_depth": 6.0, "num_boost_round": 16.0}, "datetime": {"datetime": "2024-01-19 00:30:44", "elapsed": 1136.80686, "delta": 0.002143}}
{"target": -17.677134064275393, "params": {"gamma": 435.8419934097697, "log10_alpha": -5.0, "log10_colsample_bytree": -0.19016199972522949, "log10_eta": -4.0, "log10_lambda": -4.487777432279495, "log10_min_child_weight": 1.8839185382644557, "log10_subsample": -1.0, "max_depth": 6.0, "num_boost_round": 17.0}, "datetime": {"datetime": "2024-01-19 00:30:44", "elapsed": 1136.808989, "delta": 0.002129}}
{"target": -17.677127032000516, "params": {"gamma": 435.8419934097697, "log10_alpha": -5.0, "log10_colsample_bytree": -0.19016199972522949, "log10_eta": -4.0, "log10_lambda": -4.487777432279495, "log10_min_child_weight": 1.8839185382644557, "log10_subsample": -1.0, "max_depth": 6.0, "num_boost_round": 18.0}, "datetime": {"datetime": "2024-01-19 00:30:44", "elapsed": 1136.811142, "delta": 0.002153}}
{"target": -17.67712133516644, "params": {"gamma": 435.8419934097697, "log10_alpha": -5.0, "log10_colsample_bytree": -0.19016199972522949, "log10_eta": -4.0, "log10_lambda": -4.487777432279495, "log10_min_child_weight": 1.8839185382644557, "log10_subsample": -1.0, "max_depth": 6.0, "num_boost_round": 19.0}, "datetime": {"datetime": "2024-01-19 00:30:44", "elapsed": 1136.813281, "delta": 0.002139}}
{"target": -17.677121639570032, "params": {"gamma": 435.8419934097697, "log10_alpha": -5.0, "log10_colsample_bytree": -0.19016199972522949, "log10_eta": -4.0, "log10_lambda": -4.487777432279495, "log10_min_child_weight": 1.8839185382644557, "log10_subsample": -1.0, "max_depth": 6.0, "num_boost_round": 20.0}, "datetime": {"datetime": "2024-01-19 00:30:44", "elapsed": 1136.815363, "delta": 0.002082}}
{"target": -17.677114637480205, "params": {"gamma": 435.8419934097697, "log10_alpha": -5.0, "log10_colsample_bytree": -0.19016199972522949, "log10_eta": -4.0, "log10_lambda": -4.487777432279495, "log10_min_child_weight": 1.8839185382644557, "log10_subsample": -1.0, "max_depth": 6.0, "num_boost_round": 21.0}, "datetime": {"datetime": "2024-01-19 00:30:44", "elapsed": 1136.817443, "delta": 0.00208}}
{"target": -17.677112145711302, "params": {"gamma": 435.8419934097697, "log10_alpha": -5.0, "log10_colsample_bytree": -0.19016199972522949, "log10_eta": -4.0, "log10_lambda": -4.487777432279495, "log10_min_child_weight": 1.8839185382644557, "log10_subsample": -1.0, "max_depth": 6.0, "num_boost_round": 22.0}, "datetime": {"datetime": "2024-01-19 00:30:44", "elapsed": 1136.819534, "delta": 0.002091}}
{"target": -17.677106282896425, "params": {"gamma": 435.8419934097697, "log10_alpha": -5.0, "log10_colsample_bytree": -0.19016199972522949, "log10_eta": -4.0, "log10_lambda": -4.487777432279495, "log10_min_child_weight": 1.8839185382644557, "log10_subsample": -1.0, "max_depth": 6.0, "num_boost_round": 23.0}, "datetime": {"datetime": "2024-01-19 00:30:44", "elapsed": 1136.8217, "delta": 0.002166}}
{"target": -17.677100901640433, "params": {"gamma": 435.8419934097697, "log10_alpha": -5.0, "log10_colsample_bytree": -0.19016199972522949, "log10_eta": -4.0, "log10_lambda": -4.487777432279495, "log10_min_child_weight": 1.8839185382644557, "log10_subsample": -1.0, "max_depth": 6.0, "num_boost_round": 24.0}, "datetime": {"datetime": "2024-01-19 00:30:44", "elapsed": 1136.823792, "delta": 0.002092}}
{"target": -17.677098085060507, "params": {"gamma": 435.8419934097697, "log10_alpha": -5.0, "log10_colsample_bytree": -0.19016199972522949, "log10_eta": -4.0, "log10_lambda": -4.487777432279495, "log10_min_child_weight": 1.8839185382644557, "log10_subsample": -1.0, "max_depth": 6.0, "num_boost_round": 25.0}, "datetime": {"datetime": "2024-01-19 00:30:44", "elapsed": 1136.825896, "delta": 0.002104}}
{"target": -17.677094085740666, "params": {"gamma": 435.8419934097697, "log10_alpha": -5.0, "log10_colsample_bytree": -0.19016199972522949, "log10_eta": -4.0, "log10_lambda": -4.487777432279495, "log10_min_child_weight": 1.8839185382644557, "log10_subsample": -1.0, "max_depth": 6.0, "num_boost_round": 26.0}, "datetime": {"datetime": "2024-01-19 00:30:44", "elapsed": 1136.828075, "delta": 0.002179}}
{"target": -17.677087140086805, "params": {"gamma": 435.8419934097697, "log10_alpha": -5.0, "log10_colsample_bytree": -0.19016199972522949, "log10_eta": -4.0, "log10_lambda": -4.487777432279495, "log10_min_child_weight": 1.8839185382644557, "log10_subsample": -1.0, "max_depth": 6.0, "num_boost_round": 27.0}, "datetime": {"datetime": "2024-01-19 00:30:44", "elapsed": 1136.830225, "delta": 0.00215}}
{"target": -17.677081793775905, "params": {"gamma": 435.8419934097697, "log10_alpha": -5.0, "log10_colsample_bytree": -0.19016199972522949, "log10_eta": -4.0, "log10_lambda": -4.487777432279495, "log10_min_child_weight": 1.8839185382644557, "log10_subsample": -1.0, "max_depth": 6.0, "num_boost_round": 28.0}, "datetime": {"datetime": "2024-01-19 00:30:44", "elapsed": 1136.832322, "delta": 0.002097}}
{"target": -17.677082255306157, "params": {"gamma": 435.8419934097697, "log10_alpha": -5.0, "log10_colsample_bytree": -0.19016199972522949, "log10_eta": -4.0, "log10_lambda": -4.487777432279495, "log10_min_child_weight": 1.8839185382644557, "log10_subsample": -1.0, "max_depth": 6.0, "num_boost_round": 29.0}, "datetime": {"datetime": "2024-01-19 00:30:44", "elapsed": 1136.834443, "delta": 0.002121}}
{"target": -17.67708150349964, "params": {"gamma": 435.8419934097697, "log10_alpha": -5.0, "log10_colsample_bytree": -0.19016199972522949, "log10_eta": -4.0, "log10_lambda": -4.487777432279495, "log10_min_child_weight": 1.8839185382644557, "log10_subsample": -1.0, "max_depth": 6.0, "num_boost_round": 30.0}, "datetime": {"datetime": "2024-01-19 00:30:44", "elapsed": 1136.836542, "delta": 0.002099}}
{"target": -17.67707878687859, "params": {"gamma": 435.8419934097697, "log10_alpha": -5.0, "log10_colsample_bytree": -0.19016199972522949, "log10_eta": -4.0, "log10_lambda": -4.487777432279495, "log10_min_child_weight": 1.8839185382644557, "log10_subsample": -1.0, "max_depth": 6.0, "num_boost_round": 31.0}, "datetime": {"datetime": "2024-01-19 00:30:44", "elapsed": 1136.83866, "delta": 0.002118}}
{"target": -17.6770801883039, "params": {"gamma": 435.8419934097697, "log10_alpha": -5.0, "log10_colsample_bytree": -0.19016199972522949, "log10_eta": -4.0, "log10_lambda": -4.487777432279495, "log10_min_child_weight": 1.8839185382644557, "log10_subsample": -1.0, "max_depth": 6.0, "num_boost_round": 32.0}, "datetime": {"datetime": "2024-01-19 00:30:44", "elapsed": 1136.840757, "delta": 0.002097}}
{"target": -17.67707366369057, "params": {"gamma": 435.8419934097697, "log10_alpha": -5.0, "log10_colsample_bytree": -0.19016199972522949, "log10_eta": -4.0, "log10_lambda": -4.487777432279495, "log10_min_child_weight": 1.8839185382644557, "log10_subsample": -1.0, "max_depth": 6.0, "num_boost_round": 33.0}, "datetime": {"datetime": "2024-01-19 00:30:44", "elapsed": 1136.842929, "delta": 0.002172}}
{"target": -17.677063010295807, "params": {"gamma": 435.8419934097697, "log10_alpha": -5.0, "log10_colsample_bytree": -0.19016199972522949, "log10_eta": -4.0, "log10_lambda": -4.487777432279495, "log10_min_child_weight": 1.8839185382644557, "log10_subsample": -1.0, "max_depth": 6.0, "num_boost_round": 34.0}, "datetime": {"datetime": "2024-01-19 00:30:44", "elapsed": 1136.845063, "delta": 0.002134}}
{"target": -17.677057018683232, "params": {"gamma": 435.8419934097697, "log10_alpha": -5.0, "log10_colsample_bytree": -0.19016199972522949, "log10_eta": -4.0, "log10_lambda": -4.487777432279495, "log10_min_child_weight": 1.8839185382644557, "log10_subsample": -1.0, "max_depth": 6.0, "num_boost_round": 35.0}, "datetime": {"datetime": "2024-01-19 00:30:44", "elapsed": 1136.847229, "delta": 0.002166}}
{"target": -17.67705579328747, "params": {"gamma": 435.8419934097697, "log10_alpha": -5.0, "log10_colsample_bytree": -0.19016199972522949, "log10_eta": -4.0, "log10_lambda": -4.487777432279495, "log10_min_child_weight": 1.8839185382644557, "log10_subsample": -1.0, "max_depth": 6.0, "num_boost_round": 36.0}, "datetime": {"datetime": "2024-01-19 00:30:44", "elapsed": 1136.849349, "delta": 0.00212}}
{"target": -17.677051830027786, "params": {"gamma": 435.8419934097697, "log10_alpha": -5.0, "log10_colsample_bytree": -0.19016199972522949, "log10_eta": -4.0, "log10_lambda": -4.487777432279495, "log10_min_child_weight": 1.8839185382644557, "log10_subsample": -1.0, "max_depth": 6.0, "num_boost_round": 37.0}, "datetime": {"datetime": "2024-01-19 00:30:44", "elapsed": 1136.851651, "delta": 0.002302}}
{"target": -17.67704891107455, "params": {"gamma": 435.8419934097697, "log10_alpha": -5.0, "log10_colsample_bytree": -0.19016199972522949, "log10_eta": -4.0, "log10_lambda": -4.487777432279495, "log10_min_child_weight": 1.8839185382644557, "log10_subsample": -1.0, "max_depth": 6.0, "num_boost_round": 38.0}, "datetime": {"datetime": "2024-01-19 00:30:44", "elapsed": 1136.853908, "delta": 0.002257}}
{"target": -17.677047020438224, "params": {"gamma": 435.8419934097697, "log10_alpha": -5.0, "log10_colsample_bytree": -0.19016199972522949, "log10_eta": -4.0, "log10_lambda": -4.487777432279495, "log10_min_child_weight": 1.8839185382644557, "log10_subsample": -1.0, "max_depth": 6.0, "num_boost_round": 39.0}, "datetime": {"datetime": "2024-01-19 00:30:44", "elapsed": 1136.85604, "delta": 0.002132}}
{"target": -17.67703937722816, "params": {"gamma": 435.8419934097697, "log10_alpha": -5.0, "log10_colsample_bytree": -0.19016199972522949, "log10_eta": -4.0, "log10_lambda": -4.487777432279495, "log10_min_child_weight": 1.8839185382644557, "log10_subsample": -1.0, "max_depth": 6.0, "num_boost_round": 40.0}, "datetime": {"datetime": "2024-01-19 00:30:44", "elapsed": 1136.858205, "delta": 0.002165}}
{"target": -17.677037529803716, "params": {"gamma": 435.8419934097697, "log10_alpha": -5.0, "log10_colsample_bytree": -0.19016199972522949, "log10_eta": -4.0, "log10_lambda": -4.487777432279495, "log10_min_child_weight": 1.8839185382644557, "log10_subsample": -1.0, "max_depth": 6.0, "num_boost_round": 41.0}, "datetime": {"datetime": "2024-01-19 00:30:44", "elapsed": 1136.860312, "delta": 0.002107}}
{"target": -17.677030131336053, "params": {"gamma": 435.8419934097697, "log10_alpha": -5.0, "log10_colsample_bytree": -0.19016199972522949, "log10_eta": -4.0, "log10_lambda": -4.487777432279495, "log10_min_child_weight": 1.8839185382644557, "log10_subsample": -1.0, "max_depth": 6.0, "num_boost_round": 42.0}, "datetime": {"datetime": "2024-01-19 00:30:44", "elapsed": 1136.862517, "delta": 0.002205}}
{"target": -17.67701995201936, "params": {"gamma": 435.8419934097697, "log10_alpha": -5.0, "log10_colsample_bytree": -0.19016199972522949, "log10_eta": -4.0, "log10_lambda": -4.487777432279495, "log10_min_child_weight": 1.8839185382644557, "log10_subsample": -1.0, "max_depth": 6.0, "num_boost_round": 43.0}, "datetime": {"datetime": "2024-01-19 00:30:44", "elapsed": 1136.864641, "delta": 0.002124}}
{"target": -17.67701568760867, "params": {"gamma": 435.8419934097697, "log10_alpha": -5.0, "log10_colsample_bytree": -0.19016199972522949, "log10_eta": -4.0, "log10_lambda": -4.487777432279495, "log10_min_child_weight": 1.8839185382644557, "log10_subsample": -1.0, "max_depth": 6.0, "num_boost_round": 44.0}, "datetime": {"datetime": "2024-01-19 00:30:44", "elapsed": 1136.866834, "delta": 0.002193}}
{"target": -17.677015593835257, "params": {"gamma": 435.8419934097697, "log10_alpha": -5.0, "log10_colsample_bytree": -0.19016199972522949, "log10_eta": -4.0, "log10_lambda": -4.487777432279495, "log10_min_child_weight": 1.8839185382644557, "log10_subsample": -1.0, "max_depth": 6.0, "num_boost_round": 45.0}, "datetime": {"datetime": "2024-01-19 00:30:44", "elapsed": 1136.868972, "delta": 0.002138}}
{"target": -17.677012165204147, "params": {"gamma": 435.8419934097697, "log10_alpha": -5.0, "log10_colsample_bytree": -0.19016199972522949, "log10_eta": -4.0, "log10_lambda": -4.487777432279495, "log10_min_child_weight": 1.8839185382644557, "log10_subsample": -1.0, "max_depth": 6.0, "num_boost_round": 46.0}, "datetime": {"datetime": "2024-01-19 00:30:44", "elapsed": 1136.871177, "delta": 0.002205}}
{"target": -17.677007101418294, "params": {"gamma": 435.8419934097697, "log10_alpha": -5.0, "log10_colsample_bytree": -0.19016199972522949, "log10_eta": -4.0, "log10_lambda": -4.487777432279495, "log10_min_child_weight": 1.8839185382644557, "log10_subsample": -1.0, "max_depth": 6.0, "num_boost_round": 47.0}, "datetime": {"datetime": "2024-01-19 00:30:44", "elapsed": 1136.873308, "delta": 0.002131}}
{"target": -17.6770009724162, "params": {"gamma": 435.8419934097697, "log10_alpha": -5.0, "log10_colsample_bytree": -0.19016199972522949, "log10_eta": -4.0, "log10_lambda": -4.487777432279495, "log10_min_child_weight": 1.8839185382644557, "log10_subsample": -1.0, "max_depth": 6.0, "num_boost_round": 48.0}, "datetime": {"datetime": "2024-01-19 00:30:44", "elapsed": 1136.87546, "delta": 0.002152}}
