{"target": -13.758490642003318, "params": {"gamma": 10.663230306737436, "log10_alpha": 0.8810414642370592, "log10_colsample_bytree": -0.8193796983381553, "log10_eta": -2.8330924454477446, "log10_lambda": -1.8516845664917154, "log10_min_child_weight": 2.9411034001858036, "log10_subsample": -0.46780636267134057, "max_depth": 6.0, "num_boost_round": 1.0}, "datetime": {"datetime": "2024-01-19 00:17:11", "elapsed": 339.959866, "delta": 0.000764}}
{"target": -13.758479449135185, "params": {"gamma": 10.663230306737436, "log10_alpha": 0.8810414642370592, "log10_colsample_bytree": -0.8193796983381553, "log10_eta": -2.8330924454477446, "log10_lambda": -1.8516845664917154, "log10_min_child_weight": 2.9411034001858036, "log10_subsample": -0.46780636267134057, "max_depth": 6.0, "num_boost_round": 2.0}, "datetime": {"datetime": "2024-01-19 00:17:11", "elapsed": 339.964096, "delta": 0.00423}}
{"target": -13.758458739187972, "params": {"gamma": 10.663230306737436, "log10_alpha": 0.8810414642370592, "log10_colsample_bytree": -0.8193796983381553, "log10_eta": -2.8330924454477446, "log10_lambda": -1.8516845664917154, "log10_min_child_weight": 2.9411034001858036, "log10_subsample": -0.46780636267134057, "max_depth": 6.0, "num_boost_round": 3.0}, "datetime": {"datetime": "2024-01-19 00:17:11", "elapsed": 339.964725, "delta": 0.000629}}
{"target": -13.758438388773923, "params": {"gamma": 10.663230306737436, "log10_alpha": 0.8810414642370592, "log10_colsample_bytree": -0.8193796983381553, "log10_eta": -2.8330924454477446, "log10_lambda": -1.8516845664917154, "log10_min_child_weight": 2.9411034001858036, "log10_subsample": -0.46780636267134057, "max_depth": 6.0, "num_boost_round": 4.0}, "datetime": {"datetime": "2024-01-19 00:17:11", "elapsed": 339.965313, "delta": 0.000588}}
{"target": -13.758427104703117, "params": {"gamma": 10.663230306737436, "log10_alpha": 0.8810414642370592, "log10_colsample_bytree": -0.8193796983381553, "log10_eta": -2.8330924454477446, "log10_lambda": -1.8516845664917154, "log10_min_child_weight": 2.9411034001858036, "log10_subsample": -0.46780636267134057, "max_depth": 6.0, "num_boost_round": 5.0}, "datetime": {"datetime": "2024-01-19 00:17:11", "elapsed": 339.965899, "delta": 0.000586}}
{"target": -13.758424263629355, "params": {"gamma": 10.663230306737436, "log10_alpha": 0.8810414642370592, "log10_colsample_bytree": -0.8193796983381553, "log10_eta": -2.8330924454477446, "log10_lambda": -1.8516845664917154, "log10_min_child_weight": 2.9411034001858036, "log10_subsample": -0.46780636267134057, "max_depth": 6.0, "num_boost_round": 6.0}, "datetime": {"datetime": "2024-01-19 00:17:11", "elapsed": 339.966488, "delta": 0.000589}}
{"target": -13.75836800319969, "params": {"gamma": 10.663230306737436, "log10_alpha": 0.8810414642370592, "log10_colsample_bytree": -0.8193796983381553, "log10_eta": -2.8330924454477446, "log10_lambda": -1.8516845664917154, "log10_min_child_weight": 2.9411034001858036, "log10_subsample": -0.46780636267134057, "max_depth": 6.0, "num_boost_round": 7.0}, "datetime": {"datetime": "2024-01-19 00:17:11", "elapsed": 339.96707, "delta": 0.000582}}
{"target": -13.758345433063269, "params": {"gamma": 10.663230306737436, "log10_alpha": 0.8810414642370592, "log10_colsample_bytree": -0.8193796983381553, "log10_eta": -2.8330924454477446, "log10_lambda": -1.8516845664917154, "log10_min_child_weight": 2.9411034001858036, "log10_subsample": -0.46780636267134057, "max_depth": 6.0, "num_boost_round": 8.0}, "datetime": {"datetime": "2024-01-19 00:17:11", "elapsed": 339.967663, "delta": 0.000593}}
{"target": -13.75833288944922, "params": {"gamma": 10.663230306737436, "log10_alpha": 0.8810414642370592, "log10_colsample_bytree": -0.8193796983381553, "log10_eta": -2.8330924454477446, "log10_lambda": -1.8516845664917154, "log10_min_child_weight": 2.9411034001858036, "log10_subsample": -0.46780636267134057, "max_depth": 6.0, "num_boost_round": 9.0}, "datetime": {"datetime": "2024-01-19 00:17:11", "elapsed": 339.968417, "delta": 0.000754}}
{"target": -13.75830304934243, "params": {"gamma": 10.663230306737436, "log10_alpha": 0.8810414642370592, "log10_colsample_bytree": -0.8193796983381553, "log10_eta": -2.8330924454477446, "log10_lambda": -1.8516845664917154, "log10_min_child_weight": 2.9411034001858036, "log10_subsample": -0.46780636267134057, "max_depth": 6.0, "num_boost_round": 10.0}, "datetime": {"datetime": "2024-01-19 00:17:11", "elapsed": 339.96901, "delta": 0.000593}}
{"target": -13.758302451346381, "params": {"gamma": 10.663230306737436, "log10_alpha": 0.8810414642370592, "log10_colsample_bytree": -0.8193796983381553, "log10_eta": -2.8330924454477446, "log10_lambda": -1.8516845664917154, "log10_min_child_weight": 2.9411034001858036, "log10_subsample": -0.46780636267134057, "max_depth": 6.0, "num_boost_round": 11.0}, "datetime": {"datetime": "2024-01-19 00:17:11", "elapsed": 339.969652, "delta": 0.000642}}
{"target": -13.758270794367725, "params": {"gamma": 10.663230306737436, "log10_alpha": 0.8810414642370592, "log10_colsample_bytree": -0.8193796983381553, "log10_eta": -2.8330924454477446, "log10_lambda": -1.8516845664917154, "log10_min_child_weight": 2.9411034001858036, "log10_subsample": -0.46780636267134057, "max_depth": 6.0, "num_boost_round": 12.0}, "datetime": {"datetime": "2024-01-19 00:17:11", "elapsed": 339.970244, "delta": 0.000592}}
{"target": -13.758224696775878, "params": {"gamma": 10.663230306737436, "log10_alpha": 0.8810414642370592, "log10_colsample_bytree": -0.8193796983381553, "log10_eta": -2.8330924454477446, "log10_lambda": -1.8516845664917154, "log10_min_child_weight": 2.9411034001858036, "log10_subsample": -0.46780636267134057, "max_depth": 6.0, "num_boost_round": 13.0}, "datetime": {"datetime": "2024-01-19 00:17:11", "elapsed": 339.970859, "delta": 0.000615}}
{"target": -13.758202888888126, "params": {"gamma": 10.663230306737436, "log10_alpha": 0.8810414642370592, "log10_colsample_bytree": -0.8193796983381553, "log10_eta": -2.8330924454477446, "log10_lambda": -1.8516845664917154, "log10_min_child_weight": 2.9411034001858036, "log10_subsample": -0.46780636267134057, "max_depth": 6.0, "num_boost_round": 14.0}, "datetime": {"datetime": "2024-01-19 00:17:11", "elapsed": 339.971458, "delta": 0.000599}}
{"target": -13.758143497530979, "params": {"gamma": 10.663230306737436, "log10_alpha": 0.8810414642370592, "log10_colsample_bytree": -0.8193796983381553, "log10_eta": -2.8330924454477446, "log10_lambda": -1.8516845664917154, "log10_min_child_weight": 2.9411034001858036, "log10_subsample": -0.46780636267134057, "max_depth": 6.0, "num_boost_round": 15.0}, "datetime": {"datetime": "2024-01-19 00:17:11", "elapsed": 339.97205, "delta": 0.000592}}
{"target": -13.7585346354976, "params": {"gamma": 5.658917552324172, "log10_alpha": -3.72613247235575, "log10_colsample_bytree": -0.11518979682493535, "log10_eta": -3.516721854889681, "log10_lambda": -2.6502199040500356, "log10_min_child_weight": 3.391343125734938, "log10_subsample": -0.6368305139882883, "max_depth": 4.0, "num_boost_round": 0.0}, "datetime": {"datetime": "2024-01-19 00:17:30", "elapsed": 358.349279, "delta": 18.377229}}
{"target": -13.75853050495499, "params": {"gamma": 5.658917552324172, "log10_alpha": -3.72613247235575, "log10_colsample_bytree": -0.11518979682493535, "log10_eta": -3.516721854889681, "log10_lambda": -2.6502199040500356, "log10_min_child_weight": 3.391343125734938, "log10_subsample": -0.6368305139882883, "max_depth": 4.0, "num_boost_round": 1.0}, "datetime": {"datetime": "2024-01-19 00:17:30", "elapsed": 358.35033, "delta": 0.001051}}
{"target": -13.758525783205773, "params": {"gamma": 5.658917552324172, "log10_alpha": -3.72613247235575, "log10_colsample_bytree": -0.11518979682493535, "log10_eta": -3.516721854889681, "log10_lambda": -2.6502199040500356, "log10_min_child_weight": 3.391343125734938, "log10_subsample": -0.6368305139882883, "max_depth": 4.0, "num_boost_round": 2.0}, "datetime": {"datetime": "2024-01-19 00:17:30", "elapsed": 358.350988, "delta": 0.000658}}
{"target": -13.758525691826648, "params": {"gamma": 5.658917552324172, "log10_alpha": -3.72613247235575, "log10_colsample_bytree": -0.11518979682493535, "log10_eta": -3.516721854889681, "log10_lambda": -2.6502199040500356, "log10_min_child_weight": 3.391343125734938, "log10_subsample": -0.6368305139882883, "max_depth": 4.0, "num_boost_round": 3.0}, "datetime": {"datetime": "2024-01-19 00:17:30", "elapsed": 358.351615, "delta": 0.000627}}
{"target": -13.758519142240978, "params": {"gamma": 5.658917552324172, "log10_alpha": -3.72613247235575, "log10_colsample_bytree": -0.11518979682493535, "log10_eta": -3.516721854889681, "log10_lambda": -2.6502199040500356, "log10_min_child_weight": 3.391343125734938, "log10_subsample": -0.6368305139882883, "max_depth": 4.0, "num_boost_round": 4.0}, "datetime": {"datetime": "2024-01-19 00:17:30", "elapsed": 358.35235, "delta": 0.000735}}
{"target": -13.758516777927664, "params": {"gamma": 5.658917552324172, "log10_alpha": -3.72613247235575, "log10_colsample_bytree": -0.11518979682493535, "log10_eta": -3.516721854889681, "log10_lambda": -2.6502199040500356, "log10_min_child_weight": 3.391343125734938, "log10_subsample": -0.6368305139882883, "max_depth": 4.0, "num_boost_round": 5.0}, "datetime": {"datetime": "2024-01-19 00:17:30", "elapsed": 358.352975, "delta": 0.000625}}
{"target": -13.758512485516633, "params": {"gamma": 5.658917552324172, "log10_alpha": -3.72613247235575, "log10_colsample_bytree": -0.11518979682493535, "log10_eta": -3.516721854889681, "log10_lambda": -2.6502199040500356, "log10_min_child_weight": 3.391343125734938, "log10_subsample": -0.6368305139882883, "max_depth": 4.0, "num_boost_round": 6.0}, "datetime": {"datetime": "2024-01-19 00:17:30", "elapsed": 358.353587, "delta": 0.000612}}
{"target": -13.758508565337634, "params": {"gamma": 5.658917552324172, "log10_alpha": -3.72613247235575, "log10_colsample_bytree": -0.11518979682493535, "log10_eta": -3.516721854889681, "log10_lambda": -2.6502199040500356, "log10_min_child_weight": 3.391343125734938, "log10_subsample": -0.6368305139882883, "max_depth": 4.0, "num_boost_round": 7.0}, "datetime": {"datetime": "2024-01-19 00:17:30", "elapsed": 358.354196, "delta": 0.000609}}
{"target": -13.758503761003363, "params": {"gamma": 5.658917552324172, "log10_alpha": -3.72613247235575, "log10_colsample_bytree": -0.11518979682493535, "log10_eta": -3.516721854889681, "log10_lambda": -2.6502199040500356, "log10_min_child_weight": 3.391343125734938, "log10_subsample": -0.6368305139882883, "max_depth": 4.0, "num_boost_round": 8.0}, "datetime": {"datetime": "2024-01-19 00:17:30", "elapsed": 358.354816, "delta": 0.00062}}
{"target": -13.758496873764681, "params": {"gamma": 5.658917552324172, "log10_alpha": -3.72613247235575, "log10_colsample_bytree": -0.11518979682493535, "log10_eta": -3.516721854889681, "log10_lambda": -2.6502199040500356, "log10_min_child_weight": 3.391343125734938, "log10_subsample": -0.6368305139882883, "max_depth": 4.0, "num_boost_round": 9.0}, "datetime": {"datetime": "2024-01-19 00:17:30", "elapsed": 358.355513, "delta": 0.000697}}
{"target": -13.758493118232554, "params": {"gamma": 5.658917552324172, "log10_alpha": -3.72613247235575, "log10_colsample_bytree": -0.11518979682493535, "log10_eta": -3.516721854889681, "log10_lambda": -2.6502199040500356, "log10_min_child_weight": 3.391343125734938, "log10_subsample": -0.6368305139882883, "max_depth": 4.0, "num_boost_round": 10.0}, "datetime": {"datetime": "2024-01-19 00:17:30", "elapsed": 358.356128, "delta": 0.000615}}
{"target": -13.75848708527868, "params": {"gamma": 5.658917552324172, "log10_alpha": -3.72613247235575, "log10_colsample_bytree": -0.11518979682493535, "log10_eta": -3.516721854889681, "log10_lambda": -2.6502199040500356, "log10_min_child_weight": 3.391343125734938, "log10_subsample": -0.6368305139882883, "max_depth": 4.0, "num_boost_round": 11.0}, "datetime": {"datetime": "2024-01-19 00:17:30", "elapsed": 358.356787, "delta": 0.000659}}
{"target": -13.758484591546116, "params": {"gamma": 5.658917552324172, "log10_alpha": -3.72613247235575, "log10_colsample_bytree": -0.11518979682493535, "log10_eta": -3.516721854889681, "log10_lambda": -2.6502199040500356, "log10_min_child_weight": 3.391343125734938, "log10_subsample": -0.6368305139882883, "max_depth": 4.0, "num_boost_round": 12.0}, "datetime": {"datetime": "2024-01-19 00:17:30", "elapsed": 358.357409, "delta": 0.000622}}
{"target": -13.75851212459187, "params": {"gamma": 5.954385636527393, "log10_alpha": -0.8089838935185565, "log10_colsample_bytree": -0.8153646225623441, "log10_eta": -3.0809845889344847, "log10_lambda": -4.4993756272700995, "log10_min_child_weight": 0.19214106194849034, "log10_subsample": -0.05310075775008516, "max_depth": 4.0, "num_boost_round": 0.0}, "datetime": {"datetime": "2024-01-19 00:17:50", "elapsed": 378.837091, "delta": 20.479682}}
{"target": -13.758506295059265, "params": {"gamma": 5.954385636527393, "log10_alpha": -0.8089838935185565, "log10_colsample_bytree": -0.8153646225623441, "log10_eta": -3.0809845889344847, "log10_lambda": -4.4993756272700995, "log10_min_child_weight": 0.19214106194849034, "log10_subsample": -0.05310075775008516, "max_depth": 4.0, "num_boost_round": 1.0}, "datetime": {"datetime": "2024-01-19 00:17:50", "elapsed": 378.838321, "delta": 0.00123}}
{"target": -13.758510708451556, "params": {"gamma": 5.954385636527393, "log10_alpha": -0.8089838935185565, "log10_colsample_bytree": -0.8153646225623441, "log10_eta": -3.0809845889344847, "log10_lambda": -4.4993756272700995, "log10_min_child_weight": 0.19214106194849034, "log10_subsample": -0.05310075775008516, "max_depth": 4.0, "num_boost_round": 2.0}, "datetime": {"datetime": "2024-01-19 00:17:50", "elapsed": 378.839018, "delta": 0.000697}}
{"target": -13.758537844682852, "params": {"gamma": 5.954385636527393, "log10_alpha": -0.8089838935185565, "log10_colsample_bytree": -0.8153646225623441, "log10_eta": -3.0809845889344847, "log10_lambda": -4.4993756272700995, "log10_min_child_weight": 0.19214106194849034, "log10_subsample": -0.05310075775008516, "max_depth": 4.0, "num_boost_round": 3.0}, "datetime": {"datetime": "2024-01-19 00:17:50", "elapsed": 378.83966, "delta": 0.000642}}
{"target": -13.758526613610801, "params": {"gamma": 5.954385636527393, "log10_alpha": -0.8089838935185565, "log10_colsample_bytree": -0.8153646225623441, "log10_eta": -3.0809845889344847, "log10_lambda": -4.4993756272700995, "log10_min_child_weight": 0.19214106194849034, "log10_subsample": -0.05310075775008516, "max_depth": 4.0, "num_boost_round": 4.0}, "datetime": {"datetime": "2024-01-19 00:17:50", "elapsed": 378.840419, "delta": 0.000759}}
{"target": -13.758519002640606, "params": {"gamma": 5.954385636527393, "log10_alpha": -0.8089838935185565, "log10_colsample_bytree": -0.8153646225623441, "log10_eta": -3.0809845889344847, "log10_lambda": -4.4993756272700995, "log10_min_child_weight": 0.19214106194849034, "log10_subsample": -0.05310075775008516, "max_depth": 4.0, "num_boost_round": 5.0}, "datetime": {"datetime": "2024-01-19 00:17:50", "elapsed": 378.841053, "delta": 0.000634}}
{"target": -13.75850523454693, "params": {"gamma": 5.954385636527393, "log10_alpha": -0.8089838935185565, "log10_colsample_bytree": -0.8153646225623441, "log10_eta": -3.0809845889344847, "log10_lambda": -4.4993756272700995, "log10_min_child_weight": 0.19214106194849034, "log10_subsample": -0.05310075775008516, "max_depth": 4.0, "num_boost_round": 6.0}, "datetime": {"datetime": "2024-01-19 00:17:50", "elapsed": 378.841697, "delta": 0.000644}}
{"target": -13.758481170122137, "params": {"gamma": 5.954385636527393, "log10_alpha": -0.8089838935185565, "log10_colsample_bytree": -0.8153646225623441, "log10_eta": -3.0809845889344847, "log10_lambda": -4.4993756272700995, "log10_min_child_weight": 0.19214106194849034, "log10_subsample": -0.05310075775008516, "max_depth": 4.0, "num_boost_round": 7.0}, "datetime": {"datetime": "2024-01-19 00:17:50", "elapsed": 378.842328, "delta": 0.000631}}
{"target": -13.75847728363803, "params": {"gamma": 5.954385636527393, "log10_alpha": -0.8089838935185565, "log10_colsample_bytree": -0.8153646225623441, "log10_eta": -3.0809845889344847, "log10_lambda": -4.4993756272700995, "log10_min_child_weight": 0.19214106194849034, "log10_subsample": -0.05310075775008516, "max_depth": 4.0, "num_boost_round": 8.0}, "datetime": {"datetime": "2024-01-19 00:17:50", "elapsed": 378.842958, "delta": 0.00063}}
{"target": -13.758484286466594, "params": {"gamma": 5.954385636527393, "log10_alpha": -0.8089838935185565, "log10_colsample_bytree": -0.8153646225623441, "log10_eta": -3.0809845889344847, "log10_lambda": -4.4993756272700995, "log10_min_child_weight": 0.19214106194849034, "log10_subsample": -0.05310075775008516, "max_depth": 4.0, "num_boost_round": 9.0}, "datetime": {"datetime": "2024-01-19 00:17:50", "elapsed": 378.843593, "delta": 0.000635}}
{"target": -13.758478238945589, "params": {"gamma": 5.954385636527393, "log10_alpha": -0.8089838935185565, "log10_colsample_bytree": -0.8153646225623441, "log10_eta": -3.0809845889344847, "log10_lambda": -4.4993756272700995, "log10_min_child_weight": 0.19214106194849034, "log10_subsample": -0.05310075775008516, "max_depth": 4.0, "num_boost_round": 10.0}, "datetime": {"datetime": "2024-01-19 00:17:50", "elapsed": 378.844214, "delta": 0.000621}}
{"target": -13.758458435411525, "params": {"gamma": 5.954385636527393, "log10_alpha": -0.8089838935185565, "log10_colsample_bytree": -0.8153646225623441, "log10_eta": -3.0809845889344847, "log10_lambda": -4.4993756272700995, "log10_min_child_weight": 0.19214106194849034, "log10_subsample": -0.05310075775008516, "max_depth": 4.0, "num_boost_round": 11.0}, "datetime": {"datetime": "2024-01-19 00:17:50", "elapsed": 378.844875, "delta": 0.000661}}
{"target": -13.75845424571819, "params": {"gamma": 5.954385636527393, "log10_alpha": -0.8089838935185565, "log10_colsample_bytree": -0.8153646225623441, "log10_eta": -3.0809845889344847, "log10_lambda": -4.4993756272700995, "log10_min_child_weight": 0.19214106194849034, "log10_subsample": -0.05310075775008516, "max_depth": 4.0, "num_boost_round": 12.0}, "datetime": {"datetime": "2024-01-19 00:17:50", "elapsed": 378.845745, "delta": 0.00087}}
{"target": -13.758415244863897, "params": {"gamma": 5.954385636527393, "log10_alpha": -0.8089838935185565, "log10_colsample_bytree": -0.8153646225623441, "log10_eta": -3.0809845889344847, "log10_lambda": -4.4993756272700995, "log10_min_child_weight": 0.19214106194849034, "log10_subsample": -0.05310075775008516, "max_depth": 4.0, "num_boost_round": 13.0}, "datetime": {"datetime": "2024-01-19 00:17:50", "elapsed": 378.846407, "delta": 0.000662}}
{"target": -13.758418914075738, "params": {"gamma": 5.954385636527393, "log10_alpha": -0.8089838935185565, "log10_colsample_bytree": -0.8153646225623441, "log10_eta": -3.0809845889344847, "log10_lambda": -4.4993756272700995, "log10_min_child_weight": 0.19214106194849034, "log10_subsample": -0.05310075775008516, "max_depth": 4.0, "num_boost_round": 14.0}, "datetime": {"datetime": "2024-01-19 00:17:50", "elapsed": 378.847045, "delta": 0.000638}}
{"target": -13.75839480805418, "params": {"gamma": 5.954385636527393, "log10_alpha": -0.8089838935185565, "log10_colsample_bytree": -0.8153646225623441, "log10_eta": -3.0809845889344847, "log10_lambda": -4.4993756272700995, "log10_min_child_weight": 0.19214106194849034, "log10_subsample": -0.05310075775008516, "max_depth": 4.0, "num_boost_round": 15.0}, "datetime": {"datetime": "2024-01-19 00:17:50", "elapsed": 378.847688, "delta": 0.000643}}
{"target": -13.758382783341606, "params": {"gamma": 5.954385636527393, "log10_alpha": -0.8089838935185565, "log10_colsample_bytree": -0.8153646225623441, "log10_eta": -3.0809845889344847, "log10_lambda": -4.4993756272700995, "log10_min_child_weight": 0.19214106194849034, "log10_subsample": -0.05310075775008516, "max_depth": 4.0, "num_boost_round": 16.0}, "datetime": {"datetime": "2024-01-19 00:17:50", "elapsed": 378.848333, "delta": 0.000645}}
{"target": -13.758377264687638, "params": {"gamma": 5.954385636527393, "log10_alpha": -0.8089838935185565, "log10_colsample_bytree": -0.8153646225623441, "log10_eta": -3.0809845889344847, "log10_lambda": -4.4993756272700995, "log10_min_child_weight": 0.19214106194849034, "log10_subsample": -0.05310075775008516, "max_depth": 4.0, "num_boost_round": 17.0}, "datetime": {"datetime": "2024-01-19 00:17:50", "elapsed": 378.849112, "delta": 0.000779}}
{"target": -13.758374240806566, "params": {"gamma": 5.954385636527393, "log10_alpha": -0.8089838935185565, "log10_colsample_bytree": -0.8153646225623441, "log10_eta": -3.0809845889344847, "log10_lambda": -4.4993756272700995, "log10_min_child_weight": 0.19214106194849034, "log10_subsample": -0.05310075775008516, "max_depth": 4.0, "num_boost_round": 18.0}, "datetime": {"datetime": "2024-01-19 00:17:50", "elapsed": 378.84976, "delta": 0.000648}}
{"target": -13.75837740050078, "params": {"gamma": 5.954385636527393, "log10_alpha": -0.8089838935185565, "log10_colsample_bytree": -0.8153646225623441, "log10_eta": -3.0809845889344847, "log10_lambda": -4.4993756272700995, "log10_min_child_weight": 0.19214106194849034, "log10_subsample": -0.05310075775008516, "max_depth": 4.0, "num_boost_round": 19.0}, "datetime": {"datetime": "2024-01-19 00:17:50", "elapsed": 378.850411, "delta": 0.000651}}
{"target": -13.757337958259708, "params": {"gamma": 7.2932924344834005, "log10_alpha": 0.47689983191849805, "log10_colsample_bytree": -0.9548035230428059, "log10_eta": -1.5628808808903227, "log10_lambda": -3.8928398845243626, "log10_min_child_weight": 0.9122172526892169, "log10_subsample": -0.3982648053513155, "max_depth": 8.0, "num_boost_round": 0.0}, "datetime": {"datetime": "2024-01-19 00:18:14", "elapsed": 402.490469, "delta": 23.640058}}
