{"target": -17.677140690200943, "params": {"gamma": 6.508220840457213, "log10_alpha": -2.9678288013909295, "log10_colsample_bytree": -0.7711293717724247, "log10_eta": -3.4576678743836986, "log10_lambda": -4.521168447954554, "log10_min_child_weight": 1.8255773096022732, "log10_subsample": -0.44647728989513547, "max_depth": 2.0, "num_boost_round": 14.0}, "datetime": {"datetime": "2024-01-19 00:44:11", "elapsed": 2005.296982, "delta": 0.002188}}
{"target": -17.677133204337704, "params": {"gamma": 6.508220840457213, "log10_alpha": -2.9678288013909295, "log10_colsample_bytree": -0.7711293717724247, "log10_eta": -3.4576678743836986, "log10_lambda": -4.521168447954554, "log10_min_child_weight": 1.8255773096022732, "log10_subsample": -0.44647728989513547, "max_depth": 2.0, "num_boost_round": 15.0}, "datetime": {"datetime": "2024-01-19 00:44:11", "elapsed": 2005.299008, "delta": 0.002026}}
{"target": -17.677130531215003, "params": {"gamma": 6.508220840457213, "log10_alpha": -2.9678288013909295, "log10_colsample_bytree": -0.7711293717724247, "log10_eta": -3.4576678743836986, "log10_lambda": -4.521168447954554, "log10_min_child_weight": 1.8255773096022732, "log10_subsample": -0.44647728989513547, "max_depth": 2.0, "num_boost_round": 16.0}, "datetime": {"datetime": "2024-01-19 00:44:11", "elapsed": 2005.301059, "delta": 0.002051}}
{"target": -17.67712549270241, "params": {"gamma": 6.508220840457213, "log10_alpha": -2.9678288013909295, "log10_colsample_bytree": -0.7711293717724247, "log10_eta": -3.4576678743836986, "log10_lambda": -4.521168447954554, "log10_min_child_weight": 1.8255773096022732, "log10_subsample": -0.44647728989513547, "max_depth": 2.0, "num_boost_round": 17.0}, "datetime": {"datetime": "2024-01-19 00:44:11", "elapsed": 2005.303177, "delta": 0.002118}}
{"target": -17.677121360704692, "params": {"gamma": 6.508220840457213, "log10_alpha": -2.9678288013909295, "log10_colsample_bytree": -0.7711293717724247, "log10_eta": -3.4576678743836986, "log10_lambda": -4.521168447954554, "log10_min_child_weight": 1.8255773096022732, "log10_subsample": -0.44647728989513547, "max_depth": 2.0, "num_boost_round": 18.0}, "datetime": {"datetime": "2024-01-19 00:44:11", "elapsed": 2005.305406, "delta": 0.002229}}
{"target": -17.677120063613827, "params": {"gamma": 6.508220840457213, "log10_alpha": -2.9678288013909295, "log10_colsample_bytree": -0.7711293717724247, "log10_eta": -3.4576678743836986, "log10_lambda": -4.521168447954554, "log10_min_child_weight": 1.8255773096022732, "log10_subsample": -0.44647728989513547, "max_depth": 2.0, "num_boost_round": 19.0}, "datetime": {"datetime": "2024-01-19 00:44:11", "elapsed": 2005.307715, "delta": 0.002309}}
{"target": -17.677114358891203, "params": {"gamma": 6.508220840457213, "log10_alpha": -2.9678288013909295, "log10_colsample_bytree": -0.7711293717724247, "log10_eta": -3.4576678743836986, "log10_lambda": -4.521168447954554, "log10_min_child_weight": 1.8255773096022732, "log10_subsample": -0.44647728989513547, "max_depth": 2.0, "num_boost_round": 20.0}, "datetime": {"datetime": "2024-01-19 00:44:11", "elapsed": 2005.309925, "delta": 0.00221}}
{"target": -17.677101704362656, "params": {"gamma": 6.508220840457213, "log10_alpha": -2.9678288013909295, "log10_colsample_bytree": -0.7711293717724247, "log10_eta": -3.4576678743836986, "log10_lambda": -4.521168447954554, "log10_min_child_weight": 1.8255773096022732, "log10_subsample": -0.44647728989513547, "max_depth": 2.0, "num_boost_round": 21.0}, "datetime": {"datetime": "2024-01-19 00:44:11", "elapsed": 2005.312071, "delta": 0.002146}}
{"target": -17.677095515582092, "params": {"gamma": 6.508220840457213, "log10_alpha": -2.9678288013909295, "log10_colsample_bytree": -0.7711293717724247, "log10_eta": -3.4576678743836986, "log10_lambda": -4.521168447954554, "log10_min_child_weight": 1.8255773096022732, "log10_subsample": -0.44647728989513547, "max_depth": 2.0, "num_boost_round": 22.0}, "datetime": {"datetime": "2024-01-19 00:44:11", "elapsed": 2005.314276, "delta": 0.002205}}
{"target": -17.67708438959533, "params": {"gamma": 6.508220840457213, "log10_alpha": -2.9678288013909295, "log10_colsample_bytree": -0.7711293717724247, "log10_eta": -3.4576678743836986, "log10_lambda": -4.521168447954554, "log10_min_child_weight": 1.8255773096022732, "log10_subsample": -0.44647728989513547, "max_depth": 2.0, "num_boost_round": 23.0}, "datetime": {"datetime": "2024-01-19 00:44:11", "elapsed": 2005.316445, "delta": 0.002169}}
{"target": -17.677075539982237, "params": {"gamma": 6.508220840457213, "log10_alpha": -2.9678288013909295, "log10_colsample_bytree": -0.7711293717724247, "log10_eta": -3.4576678743836986, "log10_lambda": -4.521168447954554, "log10_min_child_weight": 1.8255773096022732, "log10_subsample": -0.44647728989513547, "max_depth": 2.0, "num_boost_round": 24.0}, "datetime": {"datetime": "2024-01-19 00:44:11", "elapsed": 2005.318591, "delta": 0.002146}}
{"target": -17.67706012809141, "params": {"gamma": 6.508220840457213, "log10_alpha": -2.9678288013909295, "log10_colsample_bytree": -0.7711293717724247, "log10_eta": -3.4576678743836986, "log10_lambda": -4.521168447954554, "log10_min_child_weight": 1.8255773096022732, "log10_subsample": -0.44647728989513547, "max_depth": 2.0, "num_boost_round": 25.0}, "datetime": {"datetime": "2024-01-19 00:44:11", "elapsed": 2005.32078, "delta": 0.002189}}
{"target": -17.677054063025928, "params": {"gamma": 6.508220840457213, "log10_alpha": -2.9678288013909295, "log10_colsample_bytree": -0.7711293717724247, "log10_eta": -3.4576678743836986, "log10_lambda": -4.521168447954554, "log10_min_child_weight": 1.8255773096022732, "log10_subsample": -0.44647728989513547, "max_depth": 2.0, "num_boost_round": 26.0}, "datetime": {"datetime": "2024-01-19 00:44:11", "elapsed": 2005.322929, "delta": 0.002149}}
{"target": -17.677046448162788, "params": {"gamma": 6.508220840457213, "log10_alpha": -2.9678288013909295, "log10_colsample_bytree": -0.7711293717724247, "log10_eta": -3.4576678743836986, "log10_lambda": -4.521168447954554, "log10_min_child_weight": 1.8255773096022732, "log10_subsample": -0.44647728989513547, "max_depth": 2.0, "num_boost_round": 27.0}, "datetime": {"datetime": "2024-01-19 00:44:11", "elapsed": 2005.325141, "delta": 0.002212}}
{"target": -17.677036344382376, "params": {"gamma": 6.508220840457213, "log10_alpha": -2.9678288013909295, "log10_colsample_bytree": -0.7711293717724247, "log10_eta": -3.4576678743836986, "log10_lambda": -4.521168447954554, "log10_min_child_weight": 1.8255773096022732, "log10_subsample": -0.44647728989513547, "max_depth": 2.0, "num_boost_round": 28.0}, "datetime": {"datetime": "2024-01-19 00:44:11", "elapsed": 2005.327308, "delta": 0.002167}}
{"target": -17.677023014641797, "params": {"gamma": 6.508220840457213, "log10_alpha": -2.9678288013909295, "log10_colsample_bytree": -0.7711293717724247, "log10_eta": -3.4576678743836986, "log10_lambda": -4.521168447954554, "log10_min_child_weight": 1.8255773096022732, "log10_subsample": -0.44647728989513547, "max_depth": 2.0, "num_boost_round": 29.0}, "datetime": {"datetime": "2024-01-19 00:44:11", "elapsed": 2005.329456, "delta": 0.002148}}
{"target": -17.6770130387148, "params": {"gamma": 6.508220840457213, "log10_alpha": -2.9678288013909295, "log10_colsample_bytree": -0.7711293717724247, "log10_eta": -3.4576678743836986, "log10_lambda": -4.521168447954554, "log10_min_child_weight": 1.8255773096022732, "log10_subsample": -0.44647728989513547, "max_depth": 2.0, "num_boost_round": 30.0}, "datetime": {"datetime": "2024-01-19 00:44:11", "elapsed": 2005.331659, "delta": 0.002203}}
{"target": -17.677005751892775, "params": {"gamma": 6.508220840457213, "log10_alpha": -2.9678288013909295, "log10_colsample_bytree": -0.7711293717724247, "log10_eta": -3.4576678743836986, "log10_lambda": -4.521168447954554, "log10_min_child_weight": 1.8255773096022732, "log10_subsample": -0.44647728989513547, "max_depth": 2.0, "num_boost_round": 31.0}, "datetime": {"datetime": "2024-01-19 00:44:11", "elapsed": 2005.333842, "delta": 0.002183}}
{"target": -17.676999835773856, "params": {"gamma": 6.508220840457213, "log10_alpha": -2.9678288013909295, "log10_colsample_bytree": -0.7711293717724247, "log10_eta": -3.4576678743836986, "log10_lambda": -4.521168447954554, "log10_min_child_weight": 1.8255773096022732, "log10_subsample": -0.44647728989513547, "max_depth": 2.0, "num_boost_round": 32.0}, "datetime": {"datetime": "2024-01-19 00:44:11", "elapsed": 2005.336018, "delta": 0.002176}}
{"target": -17.67699032973311, "params": {"gamma": 6.508220840457213, "log10_alpha": -2.9678288013909295, "log10_colsample_bytree": -0.7711293717724247, "log10_eta": -3.4576678743836986, "log10_lambda": -4.521168447954554, "log10_min_child_weight": 1.8255773096022732, "log10_subsample": -0.44647728989513547, "max_depth": 2.0, "num_boost_round": 33.0}, "datetime": {"datetime": "2024-01-19 00:44:11", "elapsed": 2005.33819, "delta": 0.002172}}
{"target": -17.676978139753437, "params": {"gamma": 6.508220840457213, "log10_alpha": -2.9678288013909295, "log10_colsample_bytree": -0.7711293717724247, "log10_eta": -3.4576678743836986, "log10_lambda": -4.521168447954554, "log10_min_child_weight": 1.8255773096022732, "log10_subsample": -0.44647728989513547, "max_depth": 2.0, "num_boost_round": 34.0}, "datetime": {"datetime": "2024-01-19 00:44:11", "elapsed": 2005.340356, "delta": 0.002166}}
{"target": -17.676974400147422, "params": {"gamma": 6.508220840457213, "log10_alpha": -2.9678288013909295, "log10_colsample_bytree": -0.7711293717724247, "log10_eta": -3.4576678743836986, "log10_lambda": -4.521168447954554, "log10_min_child_weight": 1.8255773096022732, "log10_subsample": -0.44647728989513547, "max_depth": 2.0, "num_boost_round": 35.0}, "datetime": {"datetime": "2024-01-19 00:44:11", "elapsed": 2005.342495, "delta": 0.002139}}
{"target": -17.676964076890794, "params": {"gamma": 6.508220840457213, "log10_alpha": -2.9678288013909295, "log10_colsample_bytree": -0.7711293717724247, "log10_eta": -3.4576678743836986, "log10_lambda": -4.521168447954554, "log10_min_child_weight": 1.8255773096022732, "log10_subsample": -0.44647728989513547, "max_depth": 2.0, "num_boost_round": 36.0}, "datetime": {"datetime": "2024-01-19 00:44:11", "elapsed": 2005.344686, "delta": 0.002191}}
{"target": -17.676961695878077, "params": {"gamma": 6.508220840457213, "log10_alpha": -2.9678288013909295, "log10_colsample_bytree": -0.7711293717724247, "log10_eta": -3.4576678743836986, "log10_lambda": -4.521168447954554, "log10_min_child_weight": 1.8255773096022732, "log10_subsample": -0.44647728989513547, "max_depth": 2.0, "num_boost_round": 37.0}, "datetime": {"datetime": "2024-01-19 00:44:11", "elapsed": 2005.346894, "delta": 0.002208}}
{"target": -17.67694950652714, "params": {"gamma": 6.508220840457213, "log10_alpha": -2.9678288013909295, "log10_colsample_bytree": -0.7711293717724247, "log10_eta": -3.4576678743836986, "log10_lambda": -4.521168447954554, "log10_min_child_weight": 1.8255773096022732, "log10_subsample": -0.44647728989513547, "max_depth": 2.0, "num_boost_round": 38.0}, "datetime": {"datetime": "2024-01-19 00:44:11", "elapsed": 2005.349065, "delta": 0.002171}}
{"target": -17.676944368217143, "params": {"gamma": 6.508220840457213, "log10_alpha": -2.9678288013909295, "log10_colsample_bytree": -0.7711293717724247, "log10_eta": -3.4576678743836986, "log10_lambda": -4.521168447954554, "log10_min_child_weight": 1.8255773096022732, "log10_subsample": -0.44647728989513547, "max_depth": 2.0, "num_boost_round": 39.0}, "datetime": {"datetime": "2024-01-19 00:44:11", "elapsed": 2005.351258, "delta": 0.002193}}
{"target": -17.67693813576946, "params": {"gamma": 6.508220840457213, "log10_alpha": -2.9678288013909295, "log10_colsample_bytree": -0.7711293717724247, "log10_eta": -3.4576678743836986, "log10_lambda": -4.521168447954554, "log10_min_child_weight": 1.8255773096022732, "log10_subsample": -0.44647728989513547, "max_depth": 2.0, "num_boost_round": 40.0}, "datetime": {"datetime": "2024-01-19 00:44:11", "elapsed": 2005.353446, "delta": 0.002188}}
{"target": -17.676939269654422, "params": {"gamma": 6.508220840457213, "log10_alpha": -2.9678288013909295, "log10_colsample_bytree": -0.7711293717724247, "log10_eta": -3.4576678743836986, "log10_lambda": -4.521168447954554, "log10_min_child_weight": 1.8255773096022732, "log10_subsample": -0.44647728989513547, "max_depth": 2.0, "num_boost_round": 41.0}, "datetime": {"datetime": "2024-01-19 00:44:11", "elapsed": 2005.355658, "delta": 0.002212}}
{"target": -17.6769291692261, "params": {"gamma": 6.508220840457213, "log10_alpha": -2.9678288013909295, "log10_colsample_bytree": -0.7711293717724247, "log10_eta": -3.4576678743836986, "log10_lambda": -4.521168447954554, "log10_min_child_weight": 1.8255773096022732, "log10_subsample": -0.44647728989513547, "max_depth": 2.0, "num_boost_round": 42.0}, "datetime": {"datetime": "2024-01-19 00:44:11", "elapsed": 2005.357773, "delta": 0.002115}}
{"target": -17.683502134256436, "params": {"gamma": 42.312722186841675, "log10_alpha": -1.262658945595624, "log10_colsample_bytree": -0.5639904332824304, "log10_eta": -0.044171894928392685, "log10_lambda": -2.7530694834269402, "log10_min_child_weight": 2.3124931913444486, "log10_subsample": -0.20229995636842435, "max_depth": 2.0, "num_boost_round": 0.0}, "datetime": {"datetime": "2024-01-19 00:44:46", "elapsed": 2040.093054, "delta": 34.735281}}
{"target": -17.729481384182986, "params": {"gamma": 42.312722186841675, "log10_alpha": -1.262658945595624, "log10_colsample_bytree": -0.5639904332824304, "log10_eta": -0.044171894928392685, "log10_lambda": -2.7530694834269402, "log10_min_child_weight": 2.3124931913444486, "log10_subsample": -0.20229995636842435, "max_depth": 2.0, "num_boost_round": 1.0}, "datetime": {"datetime": "2024-01-19 00:44:46", "elapsed": 2040.095946, "delta": 0.002892}}
{"target": -17.76930083526063, "params": {"gamma": 42.312722186841675, "log10_alpha": -1.262658945595624, "log10_colsample_bytree": -0.5639904332824304, "log10_eta": -0.044171894928392685, "log10_lambda": -2.7530694834269402, "log10_min_child_weight": 2.3124931913444486, "log10_subsample": -0.20229995636842435, "max_depth": 2.0, "num_boost_round": 2.0}, "datetime": {"datetime": "2024-01-19 00:44:46", "elapsed": 2040.098481, "delta": 0.002535}}
{"target": -17.80558168801902, "params": {"gamma": 42.312722186841675, "log10_alpha": -1.262658945595624, "log10_colsample_bytree": -0.5639904332824304, "log10_eta": -0.044171894928392685, "log10_lambda": -2.7530694834269402, "log10_min_child_weight": 2.3124931913444486, "log10_subsample": -0.20229995636842435, "max_depth": 2.0, "num_boost_round": 3.0}, "datetime": {"datetime": "2024-01-19 00:44:46", "elapsed": 2040.100674, "delta": 0.002193}}
{"target": -17.851071693022554, "params": {"gamma": 42.312722186841675, "log10_alpha": -1.262658945595624, "log10_colsample_bytree": -0.5639904332824304, "log10_eta": -0.044171894928392685, "log10_lambda": -2.7530694834269402, "log10_min_child_weight": 2.3124931913444486, "log10_subsample": -0.20229995636842435, "max_depth": 2.0, "num_boost_round": 4.0}, "datetime": {"datetime": "2024-01-19 00:44:46", "elapsed": 2040.10287, "delta": 0.002196}}
{"target": -17.867972350244564, "params": {"gamma": 42.312722186841675, "log10_alpha": -1.262658945595624, "log10_colsample_bytree": -0.5639904332824304, "log10_eta": -0.044171894928392685, "log10_lambda": -2.7530694834269402, "log10_min_child_weight": 2.3124931913444486, "log10_subsample": -0.20229995636842435, "max_depth": 2.0, "num_boost_round": 5.0}, "datetime": {"datetime": "2024-01-19 00:44:46", "elapsed": 2040.105045, "delta": 0.002175}}
{"target": -17.883481383290327, "params": {"gamma": 42.312722186841675, "log10_alpha": -1.262658945595624, "log10_colsample_bytree": -0.5639904332824304, "log10_eta": -0.044171894928392685, "log10_lambda": -2.7530694834269402, "log10_min_child_weight": 2.3124931913444486, "log10_subsample": -0.20229995636842435, "max_depth": 2.0, "num_boost_round": 6.0}, "datetime": {"datetime": "2024-01-19 00:44:46", "elapsed": 2040.107365, "delta": 0.00232}}
{"target": -18.095899155348288, "params": {"gamma": 42.312722186841675, "log10_alpha": -1.262658945595624, "log10_colsample_bytree": -0.5639904332824304, "log10_eta": -0.044171894928392685, "log10_lambda": -2.7530694834269402, "log10_min_child_weight": 2.3124931913444486, "log10_subsample": -0.20229995636842435, "max_depth": 2.0, "num_boost_round": 7.0}, "datetime": {"datetime": "2024-01-19 00:44:46", "elapsed": 2040.109527, "delta": 0.002162}}
{"target": -18.094029659096776, "params": {"gamma": 42.312722186841675, "log10_alpha": -1.262658945595624, "log10_colsample_bytree": -0.5639904332824304, "log10_eta": -0.044171894928392685, "log10_lambda": -2.7530694834269402, "log10_min_child_weight": 2.3124931913444486, "log10_subsample": -0.20229995636842435, "max_depth": 2.0, "num_boost_round": 8.0}, "datetime": {"datetime": "2024-01-19 00:44:46", "elapsed": 2040.111764, "delta": 0.002237}}
{"target": -18.08713339897215, "params": {"gamma": 42.312722186841675, "log10_alpha": -1.262658945595624, "log10_colsample_bytree": -0.5639904332824304, "log10_eta": -0.044171894928392685, "log10_lambda": -2.7530694834269402, "log10_min_child_weight": 2.3124931913444486, "log10_subsample": -0.20229995636842435, "max_depth": 2.0, "num_boost_round": 9.0}, "datetime": {"datetime": "2024-01-19 00:44:46", "elapsed": 2040.113897, "delta": 0.002133}}
{"target": -18.09348131509894, "params": {"gamma": 42.312722186841675, "log10_alpha": -1.262658945595624, "log10_colsample_bytree": -0.5639904332824304, "log10_eta": -0.044171894928392685, "log10_lambda": -2.7530694834269402, "log10_min_child_weight": 2.3124931913444486, "log10_subsample": -0.20229995636842435, "max_depth": 2.0, "num_boost_round": 10.0}, "datetime": {"datetime": "2024-01-19 00:44:46", "elapsed": 2040.116191, "delta": 0.002294}}
{"target": -18.10035607201797, "params": {"gamma": 42.312722186841675, "log10_alpha": -1.262658945595624, "log10_colsample_bytree": -0.5639904332824304, "log10_eta": -0.044171894928392685, "log10_lambda": -2.7530694834269402, "log10_min_child_weight": 2.3124931913444486, "log10_subsample": -0.20229995636842435, "max_depth": 2.0, "num_boost_round": 11.0}, "datetime": {"datetime": "2024-01-19 00:44:46", "elapsed": 2040.118359, "delta": 0.002168}}
{"target": -18.135264796840616, "params": {"gamma": 42.312722186841675, "log10_alpha": -1.262658945595624, "log10_colsample_bytree": -0.5639904332824304, "log10_eta": -0.044171894928392685, "log10_lambda": -2.7530694834269402, "log10_min_child_weight": 2.3124931913444486, "log10_subsample": -0.20229995636842435, "max_depth": 2.0, "num_boost_round": 12.0}, "datetime": {"datetime": "2024-01-19 00:44:46", "elapsed": 2040.120553, "delta": 0.002194}}
{"target": -18.255323117560323, "params": {"gamma": 42.312722186841675, "log10_alpha": -1.262658945595624, "log10_colsample_bytree": -0.5639904332824304, "log10_eta": -0.044171894928392685, "log10_lambda": -2.7530694834269402, "log10_min_child_weight": 2.3124931913444486, "log10_subsample": -0.20229995636842435, "max_depth": 2.0, "num_boost_round": 13.0}, "datetime": {"datetime": "2024-01-19 00:44:46", "elapsed": 2040.122722, "delta": 0.002169}}
{"target": -18.272786593482497, "params": {"gamma": 42.312722186841675, "log10_alpha": -1.262658945595624, "log10_colsample_bytree": -0.5639904332824304, "log10_eta": -0.044171894928392685, "log10_lambda": -2.7530694834269402, "log10_min_child_weight": 2.3124931913444486, "log10_subsample": -0.20229995636842435, "max_depth": 2.0, "num_boost_round": 14.0}, "datetime": {"datetime": "2024-01-19 00:44:46", "elapsed": 2040.124929, "delta": 0.002207}}
{"target": -18.28787062938448, "params": {"gamma": 42.312722186841675, "log10_alpha": -1.262658945595624, "log10_colsample_bytree": -0.5639904332824304, "log10_eta": -0.044171894928392685, "log10_lambda": -2.7530694834269402, "log10_min_child_weight": 2.3124931913444486, "log10_subsample": -0.20229995636842435, "max_depth": 2.0, "num_boost_round": 15.0}, "datetime": {"datetime": "2024-01-19 00:44:46", "elapsed": 2040.127164, "delta": 0.002235}}
{"target": -18.300920282614022, "params": {"gamma": 42.312722186841675, "log10_alpha": -1.262658945595624, "log10_colsample_bytree": -0.5639904332824304, "log10_eta": -0.044171894928392685, "log10_lambda": -2.7530694834269402, "log10_min_child_weight": 2.3124931913444486, "log10_subsample": -0.20229995636842435, "max_depth": 2.0, "num_boost_round": 16.0}, "datetime": {"datetime": "2024-01-19 00:44:46", "elapsed": 2040.129285, "delta": 0.002121}}
{"target": -18.337581356063733, "params": {"gamma": 42.312722186841675, "log10_alpha": -1.262658945595624, "log10_colsample_bytree": -0.5639904332824304, "log10_eta": -0.044171894928392685, "log10_lambda": -2.7530694834269402, "log10_min_child_weight": 2.3124931913444486, "log10_subsample": -0.20229995636842435, "max_depth": 2.0, "num_boost_round": 17.0}, "datetime": {"datetime": "2024-01-19 00:44:46", "elapsed": 2040.131544, "delta": 0.002259}}
{"target": -18.34871018564853, "params": {"gamma": 42.312722186841675, "log10_alpha": -1.262658945595624, "log10_colsample_bytree": -0.5639904332824304, "log10_eta": -0.044171894928392685, "log10_lambda": -2.7530694834269402, "log10_min_child_weight": 2.3124931913444486, "log10_subsample": -0.20229995636842435, "max_depth": 2.0, "num_boost_round": 18.0}, "datetime": {"datetime": "2024-01-19 00:44:46", "elapsed": 2040.133718, "delta": 0.002174}}
{"target": -18.346522804707778, "params": {"gamma": 42.312722186841675, "log10_alpha": -1.262658945595624, "log10_colsample_bytree": -0.5639904332824304, "log10_eta": -0.044171894928392685, "log10_lambda": -2.7530694834269402, "log10_min_child_weight": 2.3124931913444486, "log10_subsample": -0.20229995636842435, "max_depth": 2.0, "num_boost_round": 19.0}, "datetime": {"datetime": "2024-01-19 00:44:46", "elapsed": 2040.13592, "delta": 0.002202}}
