{"target": -13.758474778400144, "params": {"gamma": 35.74952732057734, "log10_alpha": -2.2916755992203095, "log10_colsample_bytree": -0.025133928035734665, "log10_eta": -3.88801434829692, "log10_lambda": -3.5185123494255794, "log10_min_child_weight": 0.8920134490326509, "log10_subsample": -0.6191820656122485, "max_depth": 6.0, "num_boost_round": 34.0}, "datetime": {"datetime": "2024-01-19 01:21:43", "elapsed": 4211.62384, "delta": 0.004049}}
{"target": -13.75846822209327, "params": {"gamma": 35.74952732057734, "log10_alpha": -2.2916755992203095, "log10_colsample_bytree": -0.025133928035734665, "log10_eta": -3.88801434829692, "log10_lambda": -3.5185123494255794, "log10_min_child_weight": 0.8920134490326509, "log10_subsample": -0.6191820656122485, "max_depth": 6.0, "num_boost_round": 35.0}, "datetime": {"datetime": "2024-01-19 01:21:43", "elapsed": 4211.627881, "delta": 0.004041}}
{"target": -13.758466452132899, "params": {"gamma": 35.74952732057734, "log10_alpha": -2.2916755992203095, "log10_colsample_bytree": -0.025133928035734665, "log10_eta": -3.88801434829692, "log10_lambda": -3.5185123494255794, "log10_min_child_weight": 0.8920134490326509, "log10_subsample": -0.6191820656122485, "max_depth": 6.0, "num_boost_round": 36.0}, "datetime": {"datetime": "2024-01-19 01:21:43", "elapsed": 4211.632041, "delta": 0.00416}}
{"target": -13.758462334043655, "params": {"gamma": 35.74952732057734, "log10_alpha": -2.2916755992203095, "log10_colsample_bytree": -0.025133928035734665, "log10_eta": -3.88801434829692, "log10_lambda": -3.5185123494255794, "log10_min_child_weight": 0.8920134490326509, "log10_subsample": -0.6191820656122485, "max_depth": 6.0, "num_boost_round": 37.0}, "datetime": {"datetime": "2024-01-19 01:21:43", "elapsed": 4211.63604, "delta": 0.003999}}
{"target": -13.758457907323898, "params": {"gamma": 35.74952732057734, "log10_alpha": -2.2916755992203095, "log10_colsample_bytree": -0.025133928035734665, "log10_eta": -3.88801434829692, "log10_lambda": -3.5185123494255794, "log10_min_child_weight": 0.8920134490326509, "log10_subsample": -0.6191820656122485, "max_depth": 6.0, "num_boost_round": 38.0}, "datetime": {"datetime": "2024-01-19 01:21:43", "elapsed": 4211.640115, "delta": 0.004075}}
{"target": -13.758536262810845, "params": {"gamma": 43.77669902728054, "log10_alpha": 0.696600546991351, "log10_colsample_bytree": -0.1015586223919901, "log10_eta": -3.0972159304941154, "log10_lambda": -4.3252214558829305, "log10_min_child_weight": 4.269531741634766, "log10_subsample": -0.8316566858286359, "max_depth": 9.0, "num_boost_round": 0.0}, "datetime": {"datetime": "2024-01-19 01:22:28", "elapsed": 4257.106188, "delta": 45.466073}}
{"target": -13.758532447384042, "params": {"gamma": 43.77669902728054, "log10_alpha": 0.696600546991351, "log10_colsample_bytree": -0.1015586223919901, "log10_eta": -3.0972159304941154, "log10_lambda": -4.3252214558829305, "log10_min_child_weight": 4.269531741634766, "log10_subsample": -0.8316566858286359, "max_depth": 9.0, "num_boost_round": 1.0}, "datetime": {"datetime": "2024-01-19 01:22:28", "elapsed": 4257.111108, "delta": 0.00492}}
{"target": -13.758529414591298, "params": {"gamma": 43.77669902728054, "log10_alpha": 0.696600546991351, "log10_colsample_bytree": -0.1015586223919901, "log10_eta": -3.0972159304941154, "log10_lambda": -4.3252214558829305, "log10_min_child_weight": 4.269531741634766, "log10_subsample": -0.8316566858286359, "max_depth": 9.0, "num_boost_round": 2.0}, "datetime": {"datetime": "2024-01-19 01:22:28", "elapsed": 4257.115246, "delta": 0.004138}}
{"target": -13.758530325427506, "params": {"gamma": 43.77669902728054, "log10_alpha": 0.696600546991351, "log10_colsample_bytree": -0.1015586223919901, "log10_eta": -3.0972159304941154, "log10_lambda": -4.3252214558829305, "log10_min_child_weight": 4.269531741634766, "log10_subsample": -0.8316566858286359, "max_depth": 9.0, "num_boost_round": 3.0}, "datetime": {"datetime": "2024-01-19 01:22:28", "elapsed": 4257.119187, "delta": 0.003941}}
{"target": -13.758527119789782, "params": {"gamma": 43.77669902728054, "log10_alpha": 0.696600546991351, "log10_colsample_bytree": -0.1015586223919901, "log10_eta": -3.0972159304941154, "log10_lambda": -4.3252214558829305, "log10_min_child_weight": 4.269531741634766, "log10_subsample": -0.8316566858286359, "max_depth": 9.0, "num_boost_round": 4.0}, "datetime": {"datetime": "2024-01-19 01:22:28", "elapsed": 4257.123186, "delta": 0.003999}}
{"target": -13.758525424369598, "params": {"gamma": 43.77669902728054, "log10_alpha": 0.696600546991351, "log10_colsample_bytree": -0.1015586223919901, "log10_eta": -3.0972159304941154, "log10_lambda": -4.3252214558829305, "log10_min_child_weight": 4.269531741634766, "log10_subsample": -0.8316566858286359, "max_depth": 9.0, "num_boost_round": 5.0}, "datetime": {"datetime": "2024-01-19 01:22:29", "elapsed": 4257.127219, "delta": 0.004033}}
{"target": -13.758517904875152, "params": {"gamma": 43.77669902728054, "log10_alpha": 0.696600546991351, "log10_colsample_bytree": -0.1015586223919901, "log10_eta": -3.0972159304941154, "log10_lambda": -4.3252214558829305, "log10_min_child_weight": 4.269531741634766, "log10_subsample": -0.8316566858286359, "max_depth": 9.0, "num_boost_round": 6.0}, "datetime": {"datetime": "2024-01-19 01:22:29", "elapsed": 4257.13126, "delta": 0.004041}}
{"target": -13.75852021508701, "params": {"gamma": 43.77669902728054, "log10_alpha": 0.696600546991351, "log10_colsample_bytree": -0.1015586223919901, "log10_eta": -3.0972159304941154, "log10_lambda": -4.3252214558829305, "log10_min_child_weight": 4.269531741634766, "log10_subsample": -0.8316566858286359, "max_depth": 9.0, "num_boost_round": 7.0}, "datetime": {"datetime": "2024-01-19 01:22:29", "elapsed": 4257.135321, "delta": 0.004061}}
{"target": -13.758513153695493, "params": {"gamma": 43.77669902728054, "log10_alpha": 0.696600546991351, "log10_colsample_bytree": -0.1015586223919901, "log10_eta": -3.0972159304941154, "log10_lambda": -4.3252214558829305, "log10_min_child_weight": 4.269531741634766, "log10_subsample": -0.8316566858286359, "max_depth": 9.0, "num_boost_round": 8.0}, "datetime": {"datetime": "2024-01-19 01:22:29", "elapsed": 4257.139303, "delta": 0.003982}}
{"target": -13.758513201053885, "params": {"gamma": 43.77669902728054, "log10_alpha": 0.696600546991351, "log10_colsample_bytree": -0.1015586223919901, "log10_eta": -3.0972159304941154, "log10_lambda": -4.3252214558829305, "log10_min_child_weight": 4.269531741634766, "log10_subsample": -0.8316566858286359, "max_depth": 9.0, "num_boost_round": 9.0}, "datetime": {"datetime": "2024-01-19 01:22:29", "elapsed": 4257.143312, "delta": 0.004009}}
{"target": -13.758514434431996, "params": {"gamma": 43.77669902728054, "log10_alpha": 0.696600546991351, "log10_colsample_bytree": -0.1015586223919901, "log10_eta": -3.0972159304941154, "log10_lambda": -4.3252214558829305, "log10_min_child_weight": 4.269531741634766, "log10_subsample": -0.8316566858286359, "max_depth": 9.0, "num_boost_round": 10.0}, "datetime": {"datetime": "2024-01-19 01:22:29", "elapsed": 4257.147402, "delta": 0.00409}}
{"target": -13.758511589728894, "params": {"gamma": 43.77669902728054, "log10_alpha": 0.696600546991351, "log10_colsample_bytree": -0.1015586223919901, "log10_eta": -3.0972159304941154, "log10_lambda": -4.3252214558829305, "log10_min_child_weight": 4.269531741634766, "log10_subsample": -0.8316566858286359, "max_depth": 9.0, "num_boost_round": 11.0}, "datetime": {"datetime": "2024-01-19 01:22:29", "elapsed": 4257.151541, "delta": 0.004139}}
{"target": -13.758511836053154, "params": {"gamma": 43.77669902728054, "log10_alpha": 0.696600546991351, "log10_colsample_bytree": -0.1015586223919901, "log10_eta": -3.0972159304941154, "log10_lambda": -4.3252214558829305, "log10_min_child_weight": 4.269531741634766, "log10_subsample": -0.8316566858286359, "max_depth": 9.0, "num_boost_round": 12.0}, "datetime": {"datetime": "2024-01-19 01:22:29", "elapsed": 4257.155605, "delta": 0.004064}}
{"target": -13.758514880337314, "params": {"gamma": 43.77669902728054, "log10_alpha": 0.696600546991351, "log10_colsample_bytree": -0.1015586223919901, "log10_eta": -3.0972159304941154, "log10_lambda": -4.3252214558829305, "log10_min_child_weight": 4.269531741634766, "log10_subsample": -0.8316566858286359, "max_depth": 9.0, "num_boost_round": 13.0}, "datetime": {"datetime": "2024-01-19 01:22:29", "elapsed": 4257.159638, "delta": 0.004033}}
{"target": -13.75851234737075, "params": {"gamma": 43.77669902728054, "log10_alpha": 0.696600546991351, "log10_colsample_bytree": -0.1015586223919901, "log10_eta": -3.0972159304941154, "log10_lambda": -4.3252214558829305, "log10_min_child_weight": 4.269531741634766, "log10_subsample": -0.8316566858286359, "max_depth": 9.0, "num_boost_round": 14.0}, "datetime": {"datetime": "2024-01-19 01:22:29", "elapsed": 4257.16365, "delta": 0.004012}}
{"target": -13.758516785058127, "params": {"gamma": 43.77669902728054, "log10_alpha": 0.696600546991351, "log10_colsample_bytree": -0.1015586223919901, "log10_eta": -3.0972159304941154, "log10_lambda": -4.3252214558829305, "log10_min_child_weight": 4.269531741634766, "log10_subsample": -0.8316566858286359, "max_depth": 9.0, "num_boost_round": 15.0}, "datetime": {"datetime": "2024-01-19 01:22:29", "elapsed": 4257.167629, "delta": 0.003979}}
{"target": -13.758512962328155, "params": {"gamma": 43.77669902728054, "log10_alpha": 0.696600546991351, "log10_colsample_bytree": -0.1015586223919901, "log10_eta": -3.0972159304941154, "log10_lambda": -4.3252214558829305, "log10_min_child_weight": 4.269531741634766, "log10_subsample": -0.8316566858286359, "max_depth": 9.0, "num_boost_round": 16.0}, "datetime": {"datetime": "2024-01-19 01:22:29", "elapsed": 4257.171682, "delta": 0.004053}}
{"target": -13.75851196728837, "params": {"gamma": 43.77669902728054, "log10_alpha": 0.696600546991351, "log10_colsample_bytree": -0.1015586223919901, "log10_eta": -3.0972159304941154, "log10_lambda": -4.3252214558829305, "log10_min_child_weight": 4.269531741634766, "log10_subsample": -0.8316566858286359, "max_depth": 9.0, "num_boost_round": 17.0}, "datetime": {"datetime": "2024-01-19 01:22:29", "elapsed": 4257.1758, "delta": 0.004118}}
{"target": -13.75851350929908, "params": {"gamma": 43.77669902728054, "log10_alpha": 0.696600546991351, "log10_colsample_bytree": -0.1015586223919901, "log10_eta": -3.0972159304941154, "log10_lambda": -4.3252214558829305, "log10_min_child_weight": 4.269531741634766, "log10_subsample": -0.8316566858286359, "max_depth": 9.0, "num_boost_round": 18.0}, "datetime": {"datetime": "2024-01-19 01:22:29", "elapsed": 4257.179833, "delta": 0.004033}}
{"target": -13.758510029690553, "params": {"gamma": 43.77669902728054, "log10_alpha": 0.696600546991351, "log10_colsample_bytree": -0.1015586223919901, "log10_eta": -3.0972159304941154, "log10_lambda": -4.3252214558829305, "log10_min_child_weight": 4.269531741634766, "log10_subsample": -0.8316566858286359, "max_depth": 9.0, "num_boost_round": 19.0}, "datetime": {"datetime": "2024-01-19 01:22:29", "elapsed": 4257.18384, "delta": 0.004007}}
{"target": -13.758503105734167, "params": {"gamma": 43.77669902728054, "log10_alpha": 0.696600546991351, "log10_colsample_bytree": -0.1015586223919901, "log10_eta": -3.0972159304941154, "log10_lambda": -4.3252214558829305, "log10_min_child_weight": 4.269531741634766, "log10_subsample": -0.8316566858286359, "max_depth": 9.0, "num_boost_round": 20.0}, "datetime": {"datetime": "2024-01-19 01:22:29", "elapsed": 4257.187966, "delta": 0.004126}}
{"target": -13.758504000818922, "params": {"gamma": 43.77669902728054, "log10_alpha": 0.696600546991351, "log10_colsample_bytree": -0.1015586223919901, "log10_eta": -3.0972159304941154, "log10_lambda": -4.3252214558829305, "log10_min_child_weight": 4.269531741634766, "log10_subsample": -0.8316566858286359, "max_depth": 9.0, "num_boost_round": 21.0}, "datetime": {"datetime": "2024-01-19 01:22:29", "elapsed": 4257.192179, "delta": 0.004213}}
{"target": -13.758500794713381, "params": {"gamma": 43.77669902728054, "log10_alpha": 0.696600546991351, "log10_colsample_bytree": -0.1015586223919901, "log10_eta": -3.0972159304941154, "log10_lambda": -4.3252214558829305, "log10_min_child_weight": 4.269531741634766, "log10_subsample": -0.8316566858286359, "max_depth": 9.0, "num_boost_round": 22.0}, "datetime": {"datetime": "2024-01-19 01:22:29", "elapsed": 4257.196367, "delta": 0.004188}}
{"target": -13.758496677596064, "params": {"gamma": 43.77669902728054, "log10_alpha": 0.696600546991351, "log10_colsample_bytree": -0.1015586223919901, "log10_eta": -3.0972159304941154, "log10_lambda": -4.3252214558829305, "log10_min_child_weight": 4.269531741634766, "log10_subsample": -0.8316566858286359, "max_depth": 9.0, "num_boost_round": 23.0}, "datetime": {"datetime": "2024-01-19 01:22:29", "elapsed": 4257.200522, "delta": 0.004155}}
{"target": -13.75849877447446, "params": {"gamma": 43.77669902728054, "log10_alpha": 0.696600546991351, "log10_colsample_bytree": -0.1015586223919901, "log10_eta": -3.0972159304941154, "log10_lambda": -4.3252214558829305, "log10_min_child_weight": 4.269531741634766, "log10_subsample": -0.8316566858286359, "max_depth": 9.0, "num_boost_round": 24.0}, "datetime": {"datetime": "2024-01-19 01:22:29", "elapsed": 4257.204591, "delta": 0.004069}}
{"target": -13.758497955477528, "params": {"gamma": 43.77669902728054, "log10_alpha": 0.696600546991351, "log10_colsample_bytree": -0.1015586223919901, "log10_eta": -3.0972159304941154, "log10_lambda": -4.3252214558829305, "log10_min_child_weight": 4.269531741634766, "log10_subsample": -0.8316566858286359, "max_depth": 9.0, "num_boost_round": 25.0}, "datetime": {"datetime": "2024-01-19 01:22:29", "elapsed": 4257.208803, "delta": 0.004212}}
{"target": -13.758495120559589, "params": {"gamma": 43.77669902728054, "log10_alpha": 0.696600546991351, "log10_colsample_bytree": -0.1015586223919901, "log10_eta": -3.0972159304941154, "log10_lambda": -4.3252214558829305, "log10_min_child_weight": 4.269531741634766, "log10_subsample": -0.8316566858286359, "max_depth": 9.0, "num_boost_round": 26.0}, "datetime": {"datetime": "2024-01-19 01:22:29", "elapsed": 4257.212875, "delta": 0.004072}}
{"target": -13.758488630918167, "params": {"gamma": 43.77669902728054, "log10_alpha": 0.696600546991351, "log10_colsample_bytree": -0.1015586223919901, "log10_eta": -3.0972159304941154, "log10_lambda": -4.3252214558829305, "log10_min_child_weight": 4.269531741634766, "log10_subsample": -0.8316566858286359, "max_depth": 9.0, "num_boost_round": 27.0}, "datetime": {"datetime": "2024-01-19 01:22:29", "elapsed": 4257.216943, "delta": 0.004068}}
{"target": -13.758479096688324, "params": {"gamma": 43.77669902728054, "log10_alpha": 0.696600546991351, "log10_colsample_bytree": -0.1015586223919901, "log10_eta": -3.0972159304941154, "log10_lambda": -4.3252214558829305, "log10_min_child_weight": 4.269531741634766, "log10_subsample": -0.8316566858286359, "max_depth": 9.0, "num_boost_round": 28.0}, "datetime": {"datetime": "2024-01-19 01:22:29", "elapsed": 4257.22106, "delta": 0.004117}}
{"target": -13.758471659753656, "params": {"gamma": 43.77669902728054, "log10_alpha": 0.696600546991351, "log10_colsample_bytree": -0.1015586223919901, "log10_eta": -3.0972159304941154, "log10_lambda": -4.3252214558829305, "log10_min_child_weight": 4.269531741634766, "log10_subsample": -0.8316566858286359, "max_depth": 9.0, "num_boost_round": 29.0}, "datetime": {"datetime": "2024-01-19 01:22:29", "elapsed": 4257.22506, "delta": 0.004}}
{"target": -13.758473486632353, "params": {"gamma": 43.77669902728054, "log10_alpha": 0.696600546991351, "log10_colsample_bytree": -0.1015586223919901, "log10_eta": -3.0972159304941154, "log10_lambda": -4.3252214558829305, "log10_min_child_weight": 4.269531741634766, "log10_subsample": -0.8316566858286359, "max_depth": 9.0, "num_boost_round": 30.0}, "datetime": {"datetime": "2024-01-19 01:22:29", "elapsed": 4257.229205, "delta": 0.004145}}
{"target": -13.758475983106377, "params": {"gamma": 43.77669902728054, "log10_alpha": 0.696600546991351, "log10_colsample_bytree": -0.1015586223919901, "log10_eta": -3.0972159304941154, "log10_lambda": -4.3252214558829305, "log10_min_child_weight": 4.269531741634766, "log10_subsample": -0.8316566858286359, "max_depth": 9.0, "num_boost_round": 31.0}, "datetime": {"datetime": "2024-01-19 01:22:29", "elapsed": 4257.233279, "delta": 0.004074}}
{"target": -13.758476611130943, "params": {"gamma": 43.77669902728054, "log10_alpha": 0.696600546991351, "log10_colsample_bytree": -0.1015586223919901, "log10_eta": -3.0972159304941154, "log10_lambda": -4.3252214558829305, "log10_min_child_weight": 4.269531741634766, "log10_subsample": -0.8316566858286359, "max_depth": 9.0, "num_boost_round": 32.0}, "datetime": {"datetime": "2024-01-19 01:22:29", "elapsed": 4257.237377, "delta": 0.004098}}
{"target": -13.758538058039411, "params": {"gamma": 31.953307628451277, "log10_alpha": -3.1341061213481414, "log10_colsample_bytree": -0.9659981071235926, "log10_eta": -2.5531795339601473, "log10_lambda": -0.5401877459718509, "log10_min_child_weight": 4.092784481524865, "log10_subsample": -0.5518161168599804, "max_depth": 5.0, "num_boost_round": 0.0}, "datetime": {"datetime": "2024-01-19 01:23:25", "elapsed": 4313.594391, "delta": 56.357014}}
{"target": -13.758538256041762, "params": {"gamma": 31.953307628451277, "log10_alpha": -3.1341061213481414, "log10_colsample_bytree": -0.9659981071235926, "log10_eta": -2.5531795339601473, "log10_lambda": -0.5401877459718509, "log10_min_child_weight": 4.092784481524865, "log10_subsample": -0.5518161168599804, "max_depth": 5.0, "num_boost_round": 1.0}, "datetime": {"datetime": "2024-01-19 01:23:25", "elapsed": 4313.599003, "delta": 0.004612}}
{"target": -13.758540445263638, "params": {"gamma": 31.953307628451277, "log10_alpha": -3.1341061213481414, "log10_colsample_bytree": -0.9659981071235926, "log10_eta": -2.5531795339601473, "log10_lambda": -0.5401877459718509, "log10_min_child_weight": 4.092784481524865, "log10_subsample": -0.5518161168599804, "max_depth": 5.0, "num_boost_round": 2.0}, "datetime": {"datetime": "2024-01-19 01:23:25", "elapsed": 4313.603132, "delta": 0.004129}}
{"target": -13.758535796256933, "params": {"gamma": 31.953307628451277, "log10_alpha": -3.1341061213481414, "log10_colsample_bytree": -0.9659981071235926, "log10_eta": -2.5531795339601473, "log10_lambda": -0.5401877459718509, "log10_min_child_weight": 4.092784481524865, "log10_subsample": -0.5518161168599804, "max_depth": 5.0, "num_boost_round": 3.0}, "datetime": {"datetime": "2024-01-19 01:23:25", "elapsed": 4313.607143, "delta": 0.004011}}
{"target": -13.758529444286152, "params": {"gamma": 31.953307628451277, "log10_alpha": -3.1341061213481414, "log10_colsample_bytree": -0.9659981071235926, "log10_eta": -2.5531795339601473, "log10_lambda": -0.5401877459718509, "log10_min_child_weight": 4.092784481524865, "log10_subsample": -0.5518161168599804, "max_depth": 5.0, "num_boost_round": 4.0}, "datetime": {"datetime": "2024-01-19 01:23:25", "elapsed": 4313.611321, "delta": 0.004178}}
{"target": -13.758509306965252, "params": {"gamma": 31.953307628451277, "log10_alpha": -3.1341061213481414, "log10_colsample_bytree": -0.9659981071235926, "log10_eta": -2.5531795339601473, "log10_lambda": -0.5401877459718509, "log10_min_child_weight": 4.092784481524865, "log10_subsample": -0.5518161168599804, "max_depth": 5.0, "num_boost_round": 5.0}, "datetime": {"datetime": "2024-01-19 01:23:25", "elapsed": 4313.61534, "delta": 0.004019}}
{"target": -13.758522579160728, "params": {"gamma": 31.953307628451277, "log10_alpha": -3.1341061213481414, "log10_colsample_bytree": -0.9659981071235926, "log10_eta": -2.5531795339601473, "log10_lambda": -0.5401877459718509, "log10_min_child_weight": 4.092784481524865, "log10_subsample": -0.5518161168599804, "max_depth": 5.0, "num_boost_round": 6.0}, "datetime": {"datetime": "2024-01-19 01:23:25", "elapsed": 4313.619421, "delta": 0.004081}}
{"target": -13.758504956276266, "params": {"gamma": 31.953307628451277, "log10_alpha": -3.1341061213481414, "log10_colsample_bytree": -0.9659981071235926, "log10_eta": -2.5531795339601473, "log10_lambda": -0.5401877459718509, "log10_min_child_weight": 4.092784481524865, "log10_subsample": -0.5518161168599804, "max_depth": 5.0, "num_boost_round": 7.0}, "datetime": {"datetime": "2024-01-19 01:23:25", "elapsed": 4313.623429, "delta": 0.004008}}
{"target": -13.758506901121386, "params": {"gamma": 31.953307628451277, "log10_alpha": -3.1341061213481414, "log10_colsample_bytree": -0.9659981071235926, "log10_eta": -2.5531795339601473, "log10_lambda": -0.5401877459718509, "log10_min_child_weight": 4.092784481524865, "log10_subsample": -0.5518161168599804, "max_depth": 5.0, "num_boost_round": 8.0}, "datetime": {"datetime": "2024-01-19 01:23:25", "elapsed": 4313.627499, "delta": 0.00407}}
{"target": -13.758490521880642, "params": {"gamma": 31.953307628451277, "log10_alpha": -3.1341061213481414, "log10_colsample_bytree": -0.9659981071235926, "log10_eta": -2.5531795339601473, "log10_lambda": -0.5401877459718509, "log10_min_child_weight": 4.092784481524865, "log10_subsample": -0.5518161168599804, "max_depth": 5.0, "num_boost_round": 9.0}, "datetime": {"datetime": "2024-01-19 01:23:25", "elapsed": 4313.631649, "delta": 0.00415}}
{"target": -13.758466022865244, "params": {"gamma": 31.953307628451277, "log10_alpha": -3.1341061213481414, "log10_colsample_bytree": -0.9659981071235926, "log10_eta": -2.5531795339601473, "log10_lambda": -0.5401877459718509, "log10_min_child_weight": 4.092784481524865, "log10_subsample": -0.5518161168599804, "max_depth": 5.0, "num_boost_round": 10.0}, "datetime": {"datetime": "2024-01-19 01:23:25", "elapsed": 4313.635709, "delta": 0.00406}}
