{"target": -13.758532536286804, "params": {"gamma": 881.4199443650849, "log10_alpha": -2.612996624883445, "log10_colsample_bytree": -0.3678382832072974, "log10_eta": -3.907564357181786, "log10_lambda": -3.9793558110341083, "log10_min_child_weight": 0.6343812364478063, "log10_subsample": -0.7747698704219005, "max_depth": 6.0, "num_boost_round": 1.0}, "datetime": {"datetime": "2024-01-19 00:37:07", "elapsed": 1547.715067, "delta": 0.002617}}
{"target": -13.75852989357753, "params": {"gamma": 881.4199443650849, "log10_alpha": -2.612996624883445, "log10_colsample_bytree": -0.3678382832072974, "log10_eta": -3.907564357181786, "log10_lambda": -3.9793558110341083, "log10_min_child_weight": 0.6343812364478063, "log10_subsample": -0.7747698704219005, "max_depth": 6.0, "num_boost_round": 2.0}, "datetime": {"datetime": "2024-01-19 00:37:07", "elapsed": 1547.716816, "delta": 0.001749}}
{"target": -13.758529498641558, "params": {"gamma": 881.4199443650849, "log10_alpha": -2.612996624883445, "log10_colsample_bytree": -0.3678382832072974, "log10_eta": -3.907564357181786, "log10_lambda": -3.9793558110341083, "log10_min_child_weight": 0.6343812364478063, "log10_subsample": -0.7747698704219005, "max_depth": 6.0, "num_boost_round": 3.0}, "datetime": {"datetime": "2024-01-19 00:37:07", "elapsed": 1547.718606, "delta": 0.00179}}
{"target": -13.758522647514253, "params": {"gamma": 881.4199443650849, "log10_alpha": -2.612996624883445, "log10_colsample_bytree": -0.3678382832072974, "log10_eta": -3.907564357181786, "log10_lambda": -3.9793558110341083, "log10_min_child_weight": 0.6343812364478063, "log10_subsample": -0.7747698704219005, "max_depth": 6.0, "num_boost_round": 4.0}, "datetime": {"datetime": "2024-01-19 00:37:07", "elapsed": 1547.720411, "delta": 0.001805}}
{"target": -13.758518653555925, "params": {"gamma": 881.4199443650849, "log10_alpha": -2.612996624883445, "log10_colsample_bytree": -0.3678382832072974, "log10_eta": -3.907564357181786, "log10_lambda": -3.9793558110341083, "log10_min_child_weight": 0.6343812364478063, "log10_subsample": -0.7747698704219005, "max_depth": 6.0, "num_boost_round": 5.0}, "datetime": {"datetime": "2024-01-19 00:37:07", "elapsed": 1547.722293, "delta": 0.001882}}
{"target": -13.758517495226751, "params": {"gamma": 881.4199443650849, "log10_alpha": -2.612996624883445, "log10_colsample_bytree": -0.3678382832072974, "log10_eta": -3.907564357181786, "log10_lambda": -3.9793558110341083, "log10_min_child_weight": 0.6343812364478063, "log10_subsample": -0.7747698704219005, "max_depth": 6.0, "num_boost_round": 6.0}, "datetime": {"datetime": "2024-01-19 00:37:07", "elapsed": 1547.72404, "delta": 0.001747}}
{"target": -13.758516600401215, "params": {"gamma": 881.4199443650849, "log10_alpha": -2.612996624883445, "log10_colsample_bytree": -0.3678382832072974, "log10_eta": -3.907564357181786, "log10_lambda": -3.9793558110341083, "log10_min_child_weight": 0.6343812364478063, "log10_subsample": -0.7747698704219005, "max_depth": 6.0, "num_boost_round": 7.0}, "datetime": {"datetime": "2024-01-19 00:37:07", "elapsed": 1547.725738, "delta": 0.001698}}
{"target": -13.758515084921406, "params": {"gamma": 881.4199443650849, "log10_alpha": -2.612996624883445, "log10_colsample_bytree": -0.3678382832072974, "log10_eta": -3.907564357181786, "log10_lambda": -3.9793558110341083, "log10_min_child_weight": 0.6343812364478063, "log10_subsample": -0.7747698704219005, "max_depth": 6.0, "num_boost_round": 8.0}, "datetime": {"datetime": "2024-01-19 00:37:07", "elapsed": 1547.727422, "delta": 0.001684}}
{"target": -13.758510448180601, "params": {"gamma": 881.4199443650849, "log10_alpha": -2.612996624883445, "log10_colsample_bytree": -0.3678382832072974, "log10_eta": -3.907564357181786, "log10_lambda": -3.9793558110341083, "log10_min_child_weight": 0.6343812364478063, "log10_subsample": -0.7747698704219005, "max_depth": 6.0, "num_boost_round": 9.0}, "datetime": {"datetime": "2024-01-19 00:37:07", "elapsed": 1547.72913, "delta": 0.001708}}
{"target": -13.758285064692389, "params": {"gamma": 865.0714141337835, "log10_alpha": -2.455997622921924, "log10_colsample_bytree": -0.785944385993508, "log10_eta": -2.428773999885167, "log10_lambda": -2.6429414118565298, "log10_min_child_weight": 1.8910061884329565, "log10_subsample": -0.47834332886713293, "max_depth": 9.0, "num_boost_round": 0.0}, "datetime": {"datetime": "2024-01-19 00:37:31", "elapsed": 1571.218773, "delta": 23.489643}}
{"target": -13.758264512287077, "params": {"gamma": 865.0714141337835, "log10_alpha": -2.455997622921924, "log10_colsample_bytree": -0.785944385993508, "log10_eta": -2.428773999885167, "log10_lambda": -2.6429414118565298, "log10_min_child_weight": 1.8910061884329565, "log10_subsample": -0.47834332886713293, "max_depth": 9.0, "num_boost_round": 1.0}, "datetime": {"datetime": "2024-01-19 00:37:31", "elapsed": 1571.221225, "delta": 0.002452}}
{"target": -13.757949022186168, "params": {"gamma": 865.0714141337835, "log10_alpha": -2.455997622921924, "log10_colsample_bytree": -0.785944385993508, "log10_eta": -2.428773999885167, "log10_lambda": -2.6429414118565298, "log10_min_child_weight": 1.8910061884329565, "log10_subsample": -0.47834332886713293, "max_depth": 9.0, "num_boost_round": 2.0}, "datetime": {"datetime": "2024-01-19 00:37:31", "elapsed": 1571.223571, "delta": 0.002346}}
{"target": -13.757739491793615, "params": {"gamma": 865.0714141337835, "log10_alpha": -2.455997622921924, "log10_colsample_bytree": -0.785944385993508, "log10_eta": -2.428773999885167, "log10_lambda": -2.6429414118565298, "log10_min_child_weight": 1.8910061884329565, "log10_subsample": -0.47834332886713293, "max_depth": 9.0, "num_boost_round": 3.0}, "datetime": {"datetime": "2024-01-19 00:37:31", "elapsed": 1571.225315, "delta": 0.001744}}
{"target": -13.757652755575807, "params": {"gamma": 865.0714141337835, "log10_alpha": -2.455997622921924, "log10_colsample_bytree": -0.785944385993508, "log10_eta": -2.428773999885167, "log10_lambda": -2.6429414118565298, "log10_min_child_weight": 1.8910061884329565, "log10_subsample": -0.47834332886713293, "max_depth": 9.0, "num_boost_round": 4.0}, "datetime": {"datetime": "2024-01-19 00:37:31", "elapsed": 1571.227013, "delta": 0.001698}}
{"target": -13.757707067523182, "params": {"gamma": 865.0714141337835, "log10_alpha": -2.455997622921924, "log10_colsample_bytree": -0.785944385993508, "log10_eta": -2.428773999885167, "log10_lambda": -2.6429414118565298, "log10_min_child_weight": 1.8910061884329565, "log10_subsample": -0.47834332886713293, "max_depth": 9.0, "num_boost_round": 5.0}, "datetime": {"datetime": "2024-01-19 00:37:31", "elapsed": 1571.228756, "delta": 0.001743}}
{"target": -13.757571030548482, "params": {"gamma": 865.0714141337835, "log10_alpha": -2.455997622921924, "log10_colsample_bytree": -0.785944385993508, "log10_eta": -2.428773999885167, "log10_lambda": -2.6429414118565298, "log10_min_child_weight": 1.8910061884329565, "log10_subsample": -0.47834332886713293, "max_depth": 9.0, "num_boost_round": 6.0}, "datetime": {"datetime": "2024-01-19 00:37:31", "elapsed": 1571.23048, "delta": 0.001724}}
{"target": -13.757411783679085, "params": {"gamma": 865.0714141337835, "log10_alpha": -2.455997622921924, "log10_colsample_bytree": -0.785944385993508, "log10_eta": -2.428773999885167, "log10_lambda": -2.6429414118565298, "log10_min_child_weight": 1.8910061884329565, "log10_subsample": -0.47834332886713293, "max_depth": 9.0, "num_boost_round": 7.0}, "datetime": {"datetime": "2024-01-19 00:37:31", "elapsed": 1571.232228, "delta": 0.001748}}
{"target": -13.757415127484665, "params": {"gamma": 865.0714141337835, "log10_alpha": -2.455997622921924, "log10_colsample_bytree": -0.785944385993508, "log10_eta": -2.428773999885167, "log10_lambda": -2.6429414118565298, "log10_min_child_weight": 1.8910061884329565, "log10_subsample": -0.47834332886713293, "max_depth": 9.0, "num_boost_round": 8.0}, "datetime": {"datetime": "2024-01-19 00:37:31", "elapsed": 1571.234061, "delta": 0.001833}}
{"target": -13.757355032848713, "params": {"gamma": 865.0714141337835, "log10_alpha": -2.455997622921924, "log10_colsample_bytree": -0.785944385993508, "log10_eta": -2.428773999885167, "log10_lambda": -2.6429414118565298, "log10_min_child_weight": 1.8910061884329565, "log10_subsample": -0.47834332886713293, "max_depth": 9.0, "num_boost_round": 9.0}, "datetime": {"datetime": "2024-01-19 00:37:31", "elapsed": 1571.235784, "delta": 0.001723}}
{"target": -13.757284868425174, "params": {"gamma": 865.0714141337835, "log10_alpha": -2.455997622921924, "log10_colsample_bytree": -0.785944385993508, "log10_eta": -2.428773999885167, "log10_lambda": -2.6429414118565298, "log10_min_child_weight": 1.8910061884329565, "log10_subsample": -0.47834332886713293, "max_depth": 9.0, "num_boost_round": 10.0}, "datetime": {"datetime": "2024-01-19 00:37:31", "elapsed": 1571.324845, "delta": 0.089061}}
{"target": -13.758420780423206, "params": {"gamma": 848.4353411630351, "log10_alpha": -4.556759948926426, "log10_colsample_bytree": -0.7670164753809566, "log10_eta": -2.325449913414034, "log10_lambda": -0.4390420193066884, "log10_min_child_weight": 3.5518138841029683, "log10_subsample": -0.0516756895859628, "max_depth": 9.0, "num_boost_round": 0.0}, "datetime": {"datetime": "2024-01-19 00:37:55", "elapsed": 1595.89952, "delta": 24.574675}}
{"target": -13.758389827911838, "params": {"gamma": 848.4353411630351, "log10_alpha": -4.556759948926426, "log10_colsample_bytree": -0.7670164753809566, "log10_eta": -2.325449913414034, "log10_lambda": -0.4390420193066884, "log10_min_child_weight": 3.5518138841029683, "log10_subsample": -0.0516756895859628, "max_depth": 9.0, "num_boost_round": 1.0}, "datetime": {"datetime": "2024-01-19 00:37:55", "elapsed": 1595.902726, "delta": 0.003206}}
{"target": -13.758235837015729, "params": {"gamma": 848.4353411630351, "log10_alpha": -4.556759948926426, "log10_colsample_bytree": -0.7670164753809566, "log10_eta": -2.325449913414034, "log10_lambda": -0.4390420193066884, "log10_min_child_weight": 3.5518138841029683, "log10_subsample": -0.0516756895859628, "max_depth": 9.0, "num_boost_round": 2.0}, "datetime": {"datetime": "2024-01-19 00:37:55", "elapsed": 1595.904818, "delta": 0.002092}}
{"target": -13.758248371372273, "params": {"gamma": 848.4353411630351, "log10_alpha": -4.556759948926426, "log10_colsample_bytree": -0.7670164753809566, "log10_eta": -2.325449913414034, "log10_lambda": -0.4390420193066884, "log10_min_child_weight": 3.5518138841029683, "log10_subsample": -0.0516756895859628, "max_depth": 9.0, "num_boost_round": 3.0}, "datetime": {"datetime": "2024-01-19 00:37:55", "elapsed": 1595.906662, "delta": 0.001844}}
{"target": -13.75804493278824, "params": {"gamma": 848.4353411630351, "log10_alpha": -4.556759948926426, "log10_colsample_bytree": -0.7670164753809566, "log10_eta": -2.325449913414034, "log10_lambda": -0.4390420193066884, "log10_min_child_weight": 3.5518138841029683, "log10_subsample": -0.0516756895859628, "max_depth": 9.0, "num_boost_round": 4.0}, "datetime": {"datetime": "2024-01-19 00:37:55", "elapsed": 1595.908627, "delta": 0.001965}}
{"target": -13.75794067284466, "params": {"gamma": 848.4353411630351, "log10_alpha": -4.556759948926426, "log10_colsample_bytree": -0.7670164753809566, "log10_eta": -2.325449913414034, "log10_lambda": -0.4390420193066884, "log10_min_child_weight": 3.5518138841029683, "log10_subsample": -0.0516756895859628, "max_depth": 9.0, "num_boost_round": 5.0}, "datetime": {"datetime": "2024-01-19 00:37:55", "elapsed": 1595.910475, "delta": 0.001848}}
{"target": -13.757928252019454, "params": {"gamma": 848.4353411630351, "log10_alpha": -4.556759948926426, "log10_colsample_bytree": -0.7670164753809566, "log10_eta": -2.325449913414034, "log10_lambda": -0.4390420193066884, "log10_min_child_weight": 3.5518138841029683, "log10_subsample": -0.0516756895859628, "max_depth": 9.0, "num_boost_round": 6.0}, "datetime": {"datetime": "2024-01-19 00:37:55", "elapsed": 1595.912285, "delta": 0.00181}}
{"target": -13.757742687722512, "params": {"gamma": 848.4353411630351, "log10_alpha": -4.556759948926426, "log10_colsample_bytree": -0.7670164753809566, "log10_eta": -2.325449913414034, "log10_lambda": -0.4390420193066884, "log10_min_child_weight": 3.5518138841029683, "log10_subsample": -0.0516756895859628, "max_depth": 9.0, "num_boost_round": 7.0}, "datetime": {"datetime": "2024-01-19 00:37:55", "elapsed": 1595.914156, "delta": 0.001871}}
{"target": -13.757675172101681, "params": {"gamma": 848.4353411630351, "log10_alpha": -4.556759948926426, "log10_colsample_bytree": -0.7670164753809566, "log10_eta": -2.325449913414034, "log10_lambda": -0.4390420193066884, "log10_min_child_weight": 3.5518138841029683, "log10_subsample": -0.0516756895859628, "max_depth": 9.0, "num_boost_round": 8.0}, "datetime": {"datetime": "2024-01-19 00:37:55", "elapsed": 1595.915958, "delta": 0.001802}}
{"target": -13.757657386002075, "params": {"gamma": 848.4353411630351, "log10_alpha": -4.556759948926426, "log10_colsample_bytree": -0.7670164753809566, "log10_eta": -2.325449913414034, "log10_lambda": -0.4390420193066884, "log10_min_child_weight": 3.5518138841029683, "log10_subsample": -0.0516756895859628, "max_depth": 9.0, "num_boost_round": 9.0}, "datetime": {"datetime": "2024-01-19 00:37:55", "elapsed": 1595.917772, "delta": 0.001814}}
{"target": -13.757576265631236, "params": {"gamma": 848.4353411630351, "log10_alpha": -4.556759948926426, "log10_colsample_bytree": -0.7670164753809566, "log10_eta": -2.325449913414034, "log10_lambda": -0.4390420193066884, "log10_min_child_weight": 3.5518138841029683, "log10_subsample": -0.0516756895859628, "max_depth": 9.0, "num_boost_round": 10.0}, "datetime": {"datetime": "2024-01-19 00:37:55", "elapsed": 1595.919698, "delta": 0.001926}}
{"target": -13.757554799216832, "params": {"gamma": 848.4353411630351, "log10_alpha": -4.556759948926426, "log10_colsample_bytree": -0.7670164753809566, "log10_eta": -2.325449913414034, "log10_lambda": -0.4390420193066884, "log10_min_child_weight": 3.5518138841029683, "log10_subsample": -0.0516756895859628, "max_depth": 9.0, "num_boost_round": 11.0}, "datetime": {"datetime": "2024-01-19 00:37:55", "elapsed": 1595.921609, "delta": 0.001911}}
{"target": -13.757474372706607, "params": {"gamma": 848.4353411630351, "log10_alpha": -4.556759948926426, "log10_colsample_bytree": -0.7670164753809566, "log10_eta": -2.325449913414034, "log10_lambda": -0.4390420193066884, "log10_min_child_weight": 3.5518138841029683, "log10_subsample": -0.0516756895859628, "max_depth": 9.0, "num_boost_round": 12.0}, "datetime": {"datetime": "2024-01-19 00:37:55", "elapsed": 1595.923505, "delta": 0.001896}}
{"target": -13.757368865600467, "params": {"gamma": 848.4353411630351, "log10_alpha": -4.556759948926426, "log10_colsample_bytree": -0.7670164753809566, "log10_eta": -2.325449913414034, "log10_lambda": -0.4390420193066884, "log10_min_child_weight": 3.5518138841029683, "log10_subsample": -0.0516756895859628, "max_depth": 9.0, "num_boost_round": 13.0}, "datetime": {"datetime": "2024-01-19 00:37:55", "elapsed": 1595.925387, "delta": 0.001882}}
{"target": -13.758519953006633, "params": {"gamma": 857.6871629454535, "log10_alpha": 0.6589999074488597, "log10_colsample_bytree": -0.3144300150619984, "log10_eta": -2.9086550380123835, "log10_lambda": -0.20043280093755023, "log10_min_child_weight": 3.035528677543561, "log10_subsample": -0.9467783236540019, "max_depth": 9.0, "num_boost_round": 0.0}, "datetime": {"datetime": "2024-01-19 00:38:20", "elapsed": 1620.323437, "delta": 24.39805}}
{"target": -13.758477311154651, "params": {"gamma": 857.6871629454535, "log10_alpha": 0.6589999074488597, "log10_colsample_bytree": -0.3144300150619984, "log10_eta": -2.9086550380123835, "log10_lambda": -0.20043280093755023, "log10_min_child_weight": 3.035528677543561, "log10_subsample": -0.9467783236540019, "max_depth": 9.0, "num_boost_round": 1.0}, "datetime": {"datetime": "2024-01-19 00:38:20", "elapsed": 1620.326024, "delta": 0.002587}}
{"target": -13.758450657459312, "params": {"gamma": 857.6871629454535, "log10_alpha": 0.6589999074488597, "log10_colsample_bytree": -0.3144300150619984, "log10_eta": -2.9086550380123835, "log10_lambda": -0.20043280093755023, "log10_min_child_weight": 3.035528677543561, "log10_subsample": -0.9467783236540019, "max_depth": 9.0, "num_boost_round": 2.0}, "datetime": {"datetime": "2024-01-19 00:38:20", "elapsed": 1620.328043, "delta": 0.002019}}
{"target": -13.75842034965123, "params": {"gamma": 857.6871629454535, "log10_alpha": 0.6589999074488597, "log10_colsample_bytree": -0.3144300150619984, "log10_eta": -2.9086550380123835, "log10_lambda": -0.20043280093755023, "log10_min_child_weight": 3.035528677543561, "log10_subsample": -0.9467783236540019, "max_depth": 9.0, "num_boost_round": 3.0}, "datetime": {"datetime": "2024-01-19 00:38:20", "elapsed": 1620.329957, "delta": 0.001914}}
{"target": -13.75838450658542, "params": {"gamma": 857.6871629454535, "log10_alpha": 0.6589999074488597, "log10_colsample_bytree": -0.3144300150619984, "log10_eta": -2.9086550380123835, "log10_lambda": -0.20043280093755023, "log10_min_child_weight": 3.035528677543561, "log10_subsample": -0.9467783236540019, "max_depth": 9.0, "num_boost_round": 4.0}, "datetime": {"datetime": "2024-01-19 00:38:20", "elapsed": 1620.331884, "delta": 0.001927}}
{"target": -13.758352821986653, "params": {"gamma": 857.6871629454535, "log10_alpha": 0.6589999074488597, "log10_colsample_bytree": -0.3144300150619984, "log10_eta": -2.9086550380123835, "log10_lambda": -0.20043280093755023, "log10_min_child_weight": 3.035528677543561, "log10_subsample": -0.9467783236540019, "max_depth": 9.0, "num_boost_round": 5.0}, "datetime": {"datetime": "2024-01-19 00:38:20", "elapsed": 1620.333784, "delta": 0.0019}}
{"target": -13.758376225750483, "params": {"gamma": 857.6871629454535, "log10_alpha": 0.6589999074488597, "log10_colsample_bytree": -0.3144300150619984, "log10_eta": -2.9086550380123835, "log10_lambda": -0.20043280093755023, "log10_min_child_weight": 3.035528677543561, "log10_subsample": -0.9467783236540019, "max_depth": 9.0, "num_boost_round": 6.0}, "datetime": {"datetime": "2024-01-19 00:38:20", "elapsed": 1620.335707, "delta": 0.001923}}
{"target": -13.7583471516862, "params": {"gamma": 857.6871629454535, "log10_alpha": 0.6589999074488597, "log10_colsample_bytree": -0.3144300150619984, "log10_eta": -2.9086550380123835, "log10_lambda": -0.20043280093755023, "log10_min_child_weight": 3.035528677543561, "log10_subsample": -0.9467783236540019, "max_depth": 9.0, "num_boost_round": 7.0}, "datetime": {"datetime": "2024-01-19 00:38:20", "elapsed": 1620.337651, "delta": 0.001944}}
{"target": -13.75834840713792, "params": {"gamma": 857.6871629454535, "log10_alpha": 0.6589999074488597, "log10_colsample_bytree": -0.3144300150619984, "log10_eta": -2.9086550380123835, "log10_lambda": -0.20043280093755023, "log10_min_child_weight": 3.035528677543561, "log10_subsample": -0.9467783236540019, "max_depth": 9.0, "num_boost_round": 8.0}, "datetime": {"datetime": "2024-01-19 00:38:20", "elapsed": 1620.339589, "delta": 0.001938}}
{"target": -13.758348660643186, "params": {"gamma": 857.6871629454535, "log10_alpha": 0.6589999074488597, "log10_colsample_bytree": -0.3144300150619984, "log10_eta": -2.9086550380123835, "log10_lambda": -0.20043280093755023, "log10_min_child_weight": 3.035528677543561, "log10_subsample": -0.9467783236540019, "max_depth": 9.0, "num_boost_round": 9.0}, "datetime": {"datetime": "2024-01-19 00:38:20", "elapsed": 1620.341557, "delta": 0.001968}}
{"target": -13.758321396419529, "params": {"gamma": 857.6871629454535, "log10_alpha": 0.6589999074488597, "log10_colsample_bytree": -0.3144300150619984, "log10_eta": -2.9086550380123835, "log10_lambda": -0.20043280093755023, "log10_min_child_weight": 3.035528677543561, "log10_subsample": -0.9467783236540019, "max_depth": 9.0, "num_boost_round": 10.0}, "datetime": {"datetime": "2024-01-19 00:38:20", "elapsed": 1620.343527, "delta": 0.00197}}
{"target": -13.758300734321777, "params": {"gamma": 857.6871629454535, "log10_alpha": 0.6589999074488597, "log10_colsample_bytree": -0.3144300150619984, "log10_eta": -2.9086550380123835, "log10_lambda": -0.20043280093755023, "log10_min_child_weight": 3.035528677543561, "log10_subsample": -0.9467783236540019, "max_depth": 9.0, "num_boost_round": 11.0}, "datetime": {"datetime": "2024-01-19 00:38:20", "elapsed": 1620.345548, "delta": 0.002021}}
{"target": -13.758251558389125, "params": {"gamma": 857.6871629454535, "log10_alpha": 0.6589999074488597, "log10_colsample_bytree": -0.3144300150619984, "log10_eta": -2.9086550380123835, "log10_lambda": -0.20043280093755023, "log10_min_child_weight": 3.035528677543561, "log10_subsample": -0.9467783236540019, "max_depth": 9.0, "num_boost_round": 12.0}, "datetime": {"datetime": "2024-01-19 00:38:20", "elapsed": 1620.347493, "delta": 0.001945}}
{"target": -13.758246461061411, "params": {"gamma": 857.6871629454535, "log10_alpha": 0.6589999074488597, "log10_colsample_bytree": -0.3144300150619984, "log10_eta": -2.9086550380123835, "log10_lambda": -0.20043280093755023, "log10_min_child_weight": 3.035528677543561, "log10_subsample": -0.9467783236540019, "max_depth": 9.0, "num_boost_round": 13.0}, "datetime": {"datetime": "2024-01-19 00:38:20", "elapsed": 1620.349361, "delta": 0.001868}}
{"target": -13.758534407440402, "params": {"gamma": 866.1602406388932, "log10_alpha": -0.5816741250831701, "log10_colsample_bytree": -0.20361337276122815, "log10_eta": -3.61271583363446, "log10_lambda": -2.2653186845112323, "log10_min_child_weight": 3.1077148230383056, "log10_subsample": -0.7739670970445035, "max_depth": 7.0, "num_boost_round": 0.0}, "datetime": {"datetime": "2024-01-19 00:38:44", "elapsed": 1644.785628, "delta": 24.436267}}
