{"target": -17.7623208000423, "params": {"gamma": 460.7780576368808, "log10_alpha": 0.0837842728939826, "log10_colsample_bytree": -0.17169625474307593, "log10_eta": -1.013669004569918, "log10_lambda": -2.8067960484711203, "log10_min_child_weight": 3.274746334323227, "log10_subsample": -0.0950410660447969, "max_depth": 5.0, "num_boost_round": 25.0}, "datetime": {"datetime": "2024-01-19 01:54:57", "elapsed": 6190.127477, "delta": 0.005224}}
{"target": -17.760899045408497, "params": {"gamma": 460.7780576368808, "log10_alpha": 0.0837842728939826, "log10_colsample_bytree": -0.17169625474307593, "log10_eta": -1.013669004569918, "log10_lambda": -2.8067960484711203, "log10_min_child_weight": 3.274746334323227, "log10_subsample": -0.0950410660447969, "max_depth": 5.0, "num_boost_round": 26.0}, "datetime": {"datetime": "2024-01-19 01:54:57", "elapsed": 6190.132629, "delta": 0.005152}}
{"target": -17.764749661585086, "params": {"gamma": 460.7780576368808, "log10_alpha": 0.0837842728939826, "log10_colsample_bytree": -0.17169625474307593, "log10_eta": -1.013669004569918, "log10_lambda": -2.8067960484711203, "log10_min_child_weight": 3.274746334323227, "log10_subsample": -0.0950410660447969, "max_depth": 5.0, "num_boost_round": 27.0}, "datetime": {"datetime": "2024-01-19 01:54:57", "elapsed": 6190.137776, "delta": 0.005147}}
{"target": -17.771033285917415, "params": {"gamma": 460.7780576368808, "log10_alpha": 0.0837842728939826, "log10_colsample_bytree": -0.17169625474307593, "log10_eta": -1.013669004569918, "log10_lambda": -2.8067960484711203, "log10_min_child_weight": 3.274746334323227, "log10_subsample": -0.0950410660447969, "max_depth": 5.0, "num_boost_round": 28.0}, "datetime": {"datetime": "2024-01-19 01:54:57", "elapsed": 6190.142947, "delta": 0.005171}}
{"target": -17.772973333207197, "params": {"gamma": 460.7780576368808, "log10_alpha": 0.0837842728939826, "log10_colsample_bytree": -0.17169625474307593, "log10_eta": -1.013669004569918, "log10_lambda": -2.8067960484711203, "log10_min_child_weight": 3.274746334323227, "log10_subsample": -0.0950410660447969, "max_depth": 5.0, "num_boost_round": 29.0}, "datetime": {"datetime": "2024-01-19 01:54:57", "elapsed": 6190.148204, "delta": 0.005257}}
{"target": -17.776390374154555, "params": {"gamma": 460.7780576368808, "log10_alpha": 0.0837842728939826, "log10_colsample_bytree": -0.17169625474307593, "log10_eta": -1.013669004569918, "log10_lambda": -2.8067960484711203, "log10_min_child_weight": 3.274746334323227, "log10_subsample": -0.0950410660447969, "max_depth": 5.0, "num_boost_round": 30.0}, "datetime": {"datetime": "2024-01-19 01:54:57", "elapsed": 6190.153613, "delta": 0.005409}}
{"target": -17.77904045896311, "params": {"gamma": 460.7780576368808, "log10_alpha": 0.0837842728939826, "log10_colsample_bytree": -0.17169625474307593, "log10_eta": -1.013669004569918, "log10_lambda": -2.8067960484711203, "log10_min_child_weight": 3.274746334323227, "log10_subsample": -0.0950410660447969, "max_depth": 5.0, "num_boost_round": 31.0}, "datetime": {"datetime": "2024-01-19 01:54:57", "elapsed": 6190.158845, "delta": 0.005232}}
{"target": -17.78424678470508, "params": {"gamma": 460.7780576368808, "log10_alpha": 0.0837842728939826, "log10_colsample_bytree": -0.17169625474307593, "log10_eta": -1.013669004569918, "log10_lambda": -2.8067960484711203, "log10_min_child_weight": 3.274746334323227, "log10_subsample": -0.0950410660447969, "max_depth": 5.0, "num_boost_round": 32.0}, "datetime": {"datetime": "2024-01-19 01:54:57", "elapsed": 6190.164031, "delta": 0.005186}}
{"target": -17.78384430932778, "params": {"gamma": 460.7780576368808, "log10_alpha": 0.0837842728939826, "log10_colsample_bytree": -0.17169625474307593, "log10_eta": -1.013669004569918, "log10_lambda": -2.8067960484711203, "log10_min_child_weight": 3.274746334323227, "log10_subsample": -0.0950410660447969, "max_depth": 5.0, "num_boost_round": 33.0}, "datetime": {"datetime": "2024-01-19 01:54:57", "elapsed": 6190.169228, "delta": 0.005197}}
{"target": -17.78528613643641, "params": {"gamma": 460.7780576368808, "log10_alpha": 0.0837842728939826, "log10_colsample_bytree": -0.17169625474307593, "log10_eta": -1.013669004569918, "log10_lambda": -2.8067960484711203, "log10_min_child_weight": 3.274746334323227, "log10_subsample": -0.0950410660447969, "max_depth": 5.0, "num_boost_round": 34.0}, "datetime": {"datetime": "2024-01-19 01:54:57", "elapsed": 6190.174358, "delta": 0.00513}}
{"target": -17.789989336597184, "params": {"gamma": 460.7780576368808, "log10_alpha": 0.0837842728939826, "log10_colsample_bytree": -0.17169625474307593, "log10_eta": -1.013669004569918, "log10_lambda": -2.8067960484711203, "log10_min_child_weight": 3.274746334323227, "log10_subsample": -0.0950410660447969, "max_depth": 5.0, "num_boost_round": 35.0}, "datetime": {"datetime": "2024-01-19 01:54:57", "elapsed": 6190.179602, "delta": 0.005244}}
{"target": -17.804395106797926, "params": {"gamma": 460.7780576368808, "log10_alpha": 0.0837842728939826, "log10_colsample_bytree": -0.17169625474307593, "log10_eta": -1.013669004569918, "log10_lambda": -2.8067960484711203, "log10_min_child_weight": 3.274746334323227, "log10_subsample": -0.0950410660447969, "max_depth": 5.0, "num_boost_round": 36.0}, "datetime": {"datetime": "2024-01-19 01:54:57", "elapsed": 6190.184974, "delta": 0.005372}}
{"target": -17.80696533575667, "params": {"gamma": 460.7780576368808, "log10_alpha": 0.0837842728939826, "log10_colsample_bytree": -0.17169625474307593, "log10_eta": -1.013669004569918, "log10_lambda": -2.8067960484711203, "log10_min_child_weight": 3.274746334323227, "log10_subsample": -0.0950410660447969, "max_depth": 5.0, "num_boost_round": 37.0}, "datetime": {"datetime": "2024-01-19 01:54:57", "elapsed": 6190.190109, "delta": 0.005135}}
{"target": -17.81159920781361, "params": {"gamma": 460.7780576368808, "log10_alpha": 0.0837842728939826, "log10_colsample_bytree": -0.17169625474307593, "log10_eta": -1.013669004569918, "log10_lambda": -2.8067960484711203, "log10_min_child_weight": 3.274746334323227, "log10_subsample": -0.0950410660447969, "max_depth": 5.0, "num_boost_round": 38.0}, "datetime": {"datetime": "2024-01-19 01:54:57", "elapsed": 6190.195337, "delta": 0.005228}}
{"target": -17.820015651016142, "params": {"gamma": 460.7780576368808, "log10_alpha": 0.0837842728939826, "log10_colsample_bytree": -0.17169625474307593, "log10_eta": -1.013669004569918, "log10_lambda": -2.8067960484711203, "log10_min_child_weight": 3.274746334323227, "log10_subsample": -0.0950410660447969, "max_depth": 5.0, "num_boost_round": 39.0}, "datetime": {"datetime": "2024-01-19 01:54:57", "elapsed": 6190.201307, "delta": 0.00597}}
{"target": -17.823541695306194, "params": {"gamma": 460.7780576368808, "log10_alpha": 0.0837842728939826, "log10_colsample_bytree": -0.17169625474307593, "log10_eta": -1.013669004569918, "log10_lambda": -2.8067960484711203, "log10_min_child_weight": 3.274746334323227, "log10_subsample": -0.0950410660447969, "max_depth": 5.0, "num_boost_round": 40.0}, "datetime": {"datetime": "2024-01-19 01:54:57", "elapsed": 6190.206592, "delta": 0.005285}}
{"target": -17.82696608094403, "params": {"gamma": 460.7780576368808, "log10_alpha": 0.0837842728939826, "log10_colsample_bytree": -0.17169625474307593, "log10_eta": -1.013669004569918, "log10_lambda": -2.8067960484711203, "log10_min_child_weight": 3.274746334323227, "log10_subsample": -0.0950410660447969, "max_depth": 5.0, "num_boost_round": 41.0}, "datetime": {"datetime": "2024-01-19 01:54:57", "elapsed": 6190.211845, "delta": 0.005253}}
{"target": -17.82870132872781, "params": {"gamma": 460.7780576368808, "log10_alpha": 0.0837842728939826, "log10_colsample_bytree": -0.17169625474307593, "log10_eta": -1.013669004569918, "log10_lambda": -2.8067960484711203, "log10_min_child_weight": 3.274746334323227, "log10_subsample": -0.0950410660447969, "max_depth": 5.0, "num_boost_round": 42.0}, "datetime": {"datetime": "2024-01-19 01:54:57", "elapsed": 6190.32142, "delta": 0.109575}}
{"target": -17.841571920983185, "params": {"gamma": 460.7780576368808, "log10_alpha": 0.0837842728939826, "log10_colsample_bytree": -0.17169625474307593, "log10_eta": -1.013669004569918, "log10_lambda": -2.8067960484711203, "log10_min_child_weight": 3.274746334323227, "log10_subsample": -0.0950410660447969, "max_depth": 5.0, "num_boost_round": 43.0}, "datetime": {"datetime": "2024-01-19 01:54:57", "elapsed": 6190.327328, "delta": 0.005908}}
{"target": -17.842924234639607, "params": {"gamma": 460.7780576368808, "log10_alpha": 0.0837842728939826, "log10_colsample_bytree": -0.17169625474307593, "log10_eta": -1.013669004569918, "log10_lambda": -2.8067960484711203, "log10_min_child_weight": 3.274746334323227, "log10_subsample": -0.0950410660447969, "max_depth": 5.0, "num_boost_round": 44.0}, "datetime": {"datetime": "2024-01-19 01:54:57", "elapsed": 6190.33284, "delta": 0.005512}}
{"target": -17.842412633482038, "params": {"gamma": 460.7780576368808, "log10_alpha": 0.0837842728939826, "log10_colsample_bytree": -0.17169625474307593, "log10_eta": -1.013669004569918, "log10_lambda": -2.8067960484711203, "log10_min_child_weight": 3.274746334323227, "log10_subsample": -0.0950410660447969, "max_depth": 5.0, "num_boost_round": 45.0}, "datetime": {"datetime": "2024-01-19 01:54:57", "elapsed": 6190.338142, "delta": 0.005302}}
{"target": -17.844817698920796, "params": {"gamma": 460.7780576368808, "log10_alpha": 0.0837842728939826, "log10_colsample_bytree": -0.17169625474307593, "log10_eta": -1.013669004569918, "log10_lambda": -2.8067960484711203, "log10_min_child_weight": 3.274746334323227, "log10_subsample": -0.0950410660447969, "max_depth": 5.0, "num_boost_round": 46.0}, "datetime": {"datetime": "2024-01-19 01:54:57", "elapsed": 6190.343416, "delta": 0.005274}}
{"target": -17.677232142491814, "params": {"gamma": 421.8313581656642, "log10_alpha": -3.1482807783099225, "log10_colsample_bytree": -0.40109872385159595, "log10_eta": -3.407115885163101, "log10_lambda": -4.453110317536925, "log10_min_child_weight": 4.458351108149266, "log10_subsample": -0.31154791299247253, "max_depth": 3.0, "num_boost_round": 0.0}, "datetime": {"datetime": "2024-01-19 01:56:59", "elapsed": 6311.844013, "delta": 121.500597}}
{"target": -17.67723213231042, "params": {"gamma": 421.8313581656642, "log10_alpha": -3.1482807783099225, "log10_colsample_bytree": -0.40109872385159595, "log10_eta": -3.407115885163101, "log10_lambda": -4.453110317536925, "log10_min_child_weight": 4.458351108149266, "log10_subsample": -0.31154791299247253, "max_depth": 3.0, "num_boost_round": 1.0}, "datetime": {"datetime": "2024-01-19 01:56:59", "elapsed": 6311.850079, "delta": 0.006066}}
{"target": -17.677235131679485, "params": {"gamma": 421.8313581656642, "log10_alpha": -3.1482807783099225, "log10_colsample_bytree": -0.40109872385159595, "log10_eta": -3.407115885163101, "log10_lambda": -4.453110317536925, "log10_min_child_weight": 4.458351108149266, "log10_subsample": -0.31154791299247253, "max_depth": 3.0, "num_boost_round": 2.0}, "datetime": {"datetime": "2024-01-19 01:56:59", "elapsed": 6311.855643, "delta": 0.005564}}
{"target": -17.67723322949204, "params": {"gamma": 421.8313581656642, "log10_alpha": -3.1482807783099225, "log10_colsample_bytree": -0.40109872385159595, "log10_eta": -3.407115885163101, "log10_lambda": -4.453110317536925, "log10_min_child_weight": 4.458351108149266, "log10_subsample": -0.31154791299247253, "max_depth": 3.0, "num_boost_round": 3.0}, "datetime": {"datetime": "2024-01-19 01:56:59", "elapsed": 6311.861188, "delta": 0.005545}}
{"target": -17.677236735983424, "params": {"gamma": 421.8313581656642, "log10_alpha": -3.1482807783099225, "log10_colsample_bytree": -0.40109872385159595, "log10_eta": -3.407115885163101, "log10_lambda": -4.453110317536925, "log10_min_child_weight": 4.458351108149266, "log10_subsample": -0.31154791299247253, "max_depth": 3.0, "num_boost_round": 4.0}, "datetime": {"datetime": "2024-01-19 01:56:59", "elapsed": 6311.866824, "delta": 0.005636}}
{"target": -17.677232955372737, "params": {"gamma": 421.8313581656642, "log10_alpha": -3.1482807783099225, "log10_colsample_bytree": -0.40109872385159595, "log10_eta": -3.407115885163101, "log10_lambda": -4.453110317536925, "log10_min_child_weight": 4.458351108149266, "log10_subsample": -0.31154791299247253, "max_depth": 3.0, "num_boost_round": 5.0}, "datetime": {"datetime": "2024-01-19 01:56:59", "elapsed": 6311.872483, "delta": 0.005659}}
{"target": -17.67723279628662, "params": {"gamma": 421.8313581656642, "log10_alpha": -3.1482807783099225, "log10_colsample_bytree": -0.40109872385159595, "log10_eta": -3.407115885163101, "log10_lambda": -4.453110317536925, "log10_min_child_weight": 4.458351108149266, "log10_subsample": -0.31154791299247253, "max_depth": 3.0, "num_boost_round": 6.0}, "datetime": {"datetime": "2024-01-19 01:56:59", "elapsed": 6311.878046, "delta": 0.005563}}
{"target": -17.677236296366907, "params": {"gamma": 421.8313581656642, "log10_alpha": -3.1482807783099225, "log10_colsample_bytree": -0.40109872385159595, "log10_eta": -3.407115885163101, "log10_lambda": -4.453110317536925, "log10_min_child_weight": 4.458351108149266, "log10_subsample": -0.31154791299247253, "max_depth": 3.0, "num_boost_round": 7.0}, "datetime": {"datetime": "2024-01-19 01:56:59", "elapsed": 6311.883899, "delta": 0.005853}}
{"target": -17.677235894718187, "params": {"gamma": 421.8313581656642, "log10_alpha": -3.1482807783099225, "log10_colsample_bytree": -0.40109872385159595, "log10_eta": -3.407115885163101, "log10_lambda": -4.453110317536925, "log10_min_child_weight": 4.458351108149266, "log10_subsample": -0.31154791299247253, "max_depth": 3.0, "num_boost_round": 8.0}, "datetime": {"datetime": "2024-01-19 01:56:59", "elapsed": 6311.889642, "delta": 0.005743}}
{"target": -17.67723134234674, "params": {"gamma": 421.8313581656642, "log10_alpha": -3.1482807783099225, "log10_colsample_bytree": -0.40109872385159595, "log10_eta": -3.407115885163101, "log10_lambda": -4.453110317536925, "log10_min_child_weight": 4.458351108149266, "log10_subsample": -0.31154791299247253, "max_depth": 3.0, "num_boost_round": 9.0}, "datetime": {"datetime": "2024-01-19 01:56:59", "elapsed": 6311.894887, "delta": 0.005245}}
{"target": -17.67723395933724, "params": {"gamma": 421.8313581656642, "log10_alpha": -3.1482807783099225, "log10_colsample_bytree": -0.40109872385159595, "log10_eta": -3.407115885163101, "log10_lambda": -4.453110317536925, "log10_min_child_weight": 4.458351108149266, "log10_subsample": -0.31154791299247253, "max_depth": 3.0, "num_boost_round": 10.0}, "datetime": {"datetime": "2024-01-19 01:56:59", "elapsed": 6311.900159, "delta": 0.005272}}
{"target": -17.677227879285965, "params": {"gamma": 421.8313581656642, "log10_alpha": -3.1482807783099225, "log10_colsample_bytree": -0.40109872385159595, "log10_eta": -3.407115885163101, "log10_lambda": -4.453110317536925, "log10_min_child_weight": 4.458351108149266, "log10_subsample": -0.31154791299247253, "max_depth": 3.0, "num_boost_round": 11.0}, "datetime": {"datetime": "2024-01-19 01:56:59", "elapsed": 6311.90554, "delta": 0.005381}}
{"target": -17.67722942600776, "params": {"gamma": 421.8313581656642, "log10_alpha": -3.1482807783099225, "log10_colsample_bytree": -0.40109872385159595, "log10_eta": -3.407115885163101, "log10_lambda": -4.453110317536925, "log10_min_child_weight": 4.458351108149266, "log10_subsample": -0.31154791299247253, "max_depth": 3.0, "num_boost_round": 12.0}, "datetime": {"datetime": "2024-01-19 01:56:59", "elapsed": 6311.910907, "delta": 0.005367}}
{"target": -17.677227097846014, "params": {"gamma": 421.8313581656642, "log10_alpha": -3.1482807783099225, "log10_colsample_bytree": -0.40109872385159595, "log10_eta": -3.407115885163101, "log10_lambda": -4.453110317536925, "log10_min_child_weight": 4.458351108149266, "log10_subsample": -0.31154791299247253, "max_depth": 3.0, "num_boost_round": 13.0}, "datetime": {"datetime": "2024-01-19 01:56:59", "elapsed": 6311.916289, "delta": 0.005382}}
{"target": -17.677223635492325, "params": {"gamma": 421.8313581656642, "log10_alpha": -3.1482807783099225, "log10_colsample_bytree": -0.40109872385159595, "log10_eta": -3.407115885163101, "log10_lambda": -4.453110317536925, "log10_min_child_weight": 4.458351108149266, "log10_subsample": -0.31154791299247253, "max_depth": 3.0, "num_boost_round": 14.0}, "datetime": {"datetime": "2024-01-19 01:56:59", "elapsed": 6311.921741, "delta": 0.005452}}
{"target": -17.677220055443588, "params": {"gamma": 421.8313581656642, "log10_alpha": -3.1482807783099225, "log10_colsample_bytree": -0.40109872385159595, "log10_eta": -3.407115885163101, "log10_lambda": -4.453110317536925, "log10_min_child_weight": 4.458351108149266, "log10_subsample": -0.31154791299247253, "max_depth": 3.0, "num_boost_round": 15.0}, "datetime": {"datetime": "2024-01-19 01:56:59", "elapsed": 6311.927098, "delta": 0.005357}}
{"target": -17.677216607487917, "params": {"gamma": 421.8313581656642, "log10_alpha": -3.1482807783099225, "log10_colsample_bytree": -0.40109872385159595, "log10_eta": -3.407115885163101, "log10_lambda": -4.453110317536925, "log10_min_child_weight": 4.458351108149266, "log10_subsample": -0.31154791299247253, "max_depth": 3.0, "num_boost_round": 16.0}, "datetime": {"datetime": "2024-01-19 01:56:59", "elapsed": 6311.932385, "delta": 0.005287}}
{"target": -17.67721478545883, "params": {"gamma": 421.8313581656642, "log10_alpha": -3.1482807783099225, "log10_colsample_bytree": -0.40109872385159595, "log10_eta": -3.407115885163101, "log10_lambda": -4.453110317536925, "log10_min_child_weight": 4.458351108149266, "log10_subsample": -0.31154791299247253, "max_depth": 3.0, "num_boost_round": 17.0}, "datetime": {"datetime": "2024-01-19 01:56:59", "elapsed": 6311.937637, "delta": 0.005252}}
{"target": -17.677212778346902, "params": {"gamma": 421.8313581656642, "log10_alpha": -3.1482807783099225, "log10_colsample_bytree": -0.40109872385159595, "log10_eta": -3.407115885163101, "log10_lambda": -4.453110317536925, "log10_min_child_weight": 4.458351108149266, "log10_subsample": -0.31154791299247253, "max_depth": 3.0, "num_boost_round": 18.0}, "datetime": {"datetime": "2024-01-19 01:56:59", "elapsed": 6311.94301, "delta": 0.005373}}
{"target": -17.67720769756807, "params": {"gamma": 421.8313581656642, "log10_alpha": -3.1482807783099225, "log10_colsample_bytree": -0.40109872385159595, "log10_eta": -3.407115885163101, "log10_lambda": -4.453110317536925, "log10_min_child_weight": 4.458351108149266, "log10_subsample": -0.31154791299247253, "max_depth": 3.0, "num_boost_round": 19.0}, "datetime": {"datetime": "2024-01-19 01:56:59", "elapsed": 6311.948482, "delta": 0.005472}}
{"target": -17.677201677380083, "params": {"gamma": 421.8313581656642, "log10_alpha": -3.1482807783099225, "log10_colsample_bytree": -0.40109872385159595, "log10_eta": -3.407115885163101, "log10_lambda": -4.453110317536925, "log10_min_child_weight": 4.458351108149266, "log10_subsample": -0.31154791299247253, "max_depth": 3.0, "num_boost_round": 20.0}, "datetime": {"datetime": "2024-01-19 01:56:59", "elapsed": 6311.954196, "delta": 0.005714}}
{"target": -17.677198310799287, "params": {"gamma": 421.8313581656642, "log10_alpha": -3.1482807783099225, "log10_colsample_bytree": -0.40109872385159595, "log10_eta": -3.407115885163101, "log10_lambda": -4.453110317536925, "log10_min_child_weight": 4.458351108149266, "log10_subsample": -0.31154791299247253, "max_depth": 3.0, "num_boost_round": 21.0}, "datetime": {"datetime": "2024-01-19 01:56:59", "elapsed": 6311.959938, "delta": 0.005742}}
{"target": -17.677198149568387, "params": {"gamma": 421.8313581656642, "log10_alpha": -3.1482807783099225, "log10_colsample_bytree": -0.40109872385159595, "log10_eta": -3.407115885163101, "log10_lambda": -4.453110317536925, "log10_min_child_weight": 4.458351108149266, "log10_subsample": -0.31154791299247253, "max_depth": 3.0, "num_boost_round": 22.0}, "datetime": {"datetime": "2024-01-19 01:56:59", "elapsed": 6311.96567, "delta": 0.005732}}
{"target": -17.67719291930993, "params": {"gamma": 421.8313581656642, "log10_alpha": -3.1482807783099225, "log10_colsample_bytree": -0.40109872385159595, "log10_eta": -3.407115885163101, "log10_lambda": -4.453110317536925, "log10_min_child_weight": 4.458351108149266, "log10_subsample": -0.31154791299247253, "max_depth": 3.0, "num_boost_round": 23.0}, "datetime": {"datetime": "2024-01-19 01:56:59", "elapsed": 6311.97141, "delta": 0.00574}}
{"target": -17.677191502003048, "params": {"gamma": 421.8313581656642, "log10_alpha": -3.1482807783099225, "log10_colsample_bytree": -0.40109872385159595, "log10_eta": -3.407115885163101, "log10_lambda": -4.453110317536925, "log10_min_child_weight": 4.458351108149266, "log10_subsample": -0.31154791299247253, "max_depth": 3.0, "num_boost_round": 24.0}, "datetime": {"datetime": "2024-01-19 01:56:59", "elapsed": 6311.976845, "delta": 0.005435}}
{"target": -17.677189425011928, "params": {"gamma": 421.8313581656642, "log10_alpha": -3.1482807783099225, "log10_colsample_bytree": -0.40109872385159595, "log10_eta": -3.407115885163101, "log10_lambda": -4.453110317536925, "log10_min_child_weight": 4.458351108149266, "log10_subsample": -0.31154791299247253, "max_depth": 3.0, "num_boost_round": 25.0}, "datetime": {"datetime": "2024-01-19 01:56:59", "elapsed": 6311.982341, "delta": 0.005496}}
{"target": -17.677187026216277, "params": {"gamma": 421.8313581656642, "log10_alpha": -3.1482807783099225, "log10_colsample_bytree": -0.40109872385159595, "log10_eta": -3.407115885163101, "log10_lambda": -4.453110317536925, "log10_min_child_weight": 4.458351108149266, "log10_subsample": -0.31154791299247253, "max_depth": 3.0, "num_boost_round": 26.0}, "datetime": {"datetime": "2024-01-19 01:56:59", "elapsed": 6311.987776, "delta": 0.005435}}
