{"target": -13.75844343178209, "params": {"gamma": 315.08117363067214, "log10_alpha": -0.2776791421022393, "log10_colsample_bytree": -0.954608432268869, "log10_eta": -3.0207480081428084, "log10_lambda": -2.5181678952289266, "log10_min_child_weight": 4.4405047231540715, "log10_subsample": -0.5881926093811524, "max_depth": 9.0, "num_boost_round": 36.0}, "datetime": {"datetime": "2024-01-19 02:07:44", "elapsed": 6917.058671, "delta": 0.006357}}
{"target": -13.758445790378104, "params": {"gamma": 315.08117363067214, "log10_alpha": -0.2776791421022393, "log10_colsample_bytree": -0.954608432268869, "log10_eta": -3.0207480081428084, "log10_lambda": -2.5181678952289266, "log10_min_child_weight": 4.4405047231540715, "log10_subsample": -0.5881926093811524, "max_depth": 9.0, "num_boost_round": 37.0}, "datetime": {"datetime": "2024-01-19 02:07:44", "elapsed": 6917.064834, "delta": 0.006163}}
{"target": -13.758445676959973, "params": {"gamma": 315.08117363067214, "log10_alpha": -0.2776791421022393, "log10_colsample_bytree": -0.954608432268869, "log10_eta": -3.0207480081428084, "log10_lambda": -2.5181678952289266, "log10_min_child_weight": 4.4405047231540715, "log10_subsample": -0.5881926093811524, "max_depth": 9.0, "num_boost_round": 38.0}, "datetime": {"datetime": "2024-01-19 02:07:44", "elapsed": 6917.074677, "delta": 0.009843}}
{"target": -13.758445989163357, "params": {"gamma": 315.08117363067214, "log10_alpha": -0.2776791421022393, "log10_colsample_bytree": -0.954608432268869, "log10_eta": -3.0207480081428084, "log10_lambda": -2.5181678952289266, "log10_min_child_weight": 4.4405047231540715, "log10_subsample": -0.5881926093811524, "max_depth": 9.0, "num_boost_round": 39.0}, "datetime": {"datetime": "2024-01-19 02:07:44", "elapsed": 6917.081124, "delta": 0.006447}}
{"target": -13.758441414404485, "params": {"gamma": 315.08117363067214, "log10_alpha": -0.2776791421022393, "log10_colsample_bytree": -0.954608432268869, "log10_eta": -3.0207480081428084, "log10_lambda": -2.5181678952289266, "log10_min_child_weight": 4.4405047231540715, "log10_subsample": -0.5881926093811524, "max_depth": 9.0, "num_boost_round": 40.0}, "datetime": {"datetime": "2024-01-19 02:07:44", "elapsed": 6917.087366, "delta": 0.006242}}
{"target": -13.758439329080163, "params": {"gamma": 315.08117363067214, "log10_alpha": -0.2776791421022393, "log10_colsample_bytree": -0.954608432268869, "log10_eta": -3.0207480081428084, "log10_lambda": -2.5181678952289266, "log10_min_child_weight": 4.4405047231540715, "log10_subsample": -0.5881926093811524, "max_depth": 9.0, "num_boost_round": 41.0}, "datetime": {"datetime": "2024-01-19 02:07:44", "elapsed": 6917.093333, "delta": 0.005967}}
{"target": -13.758429157779695, "params": {"gamma": 315.08117363067214, "log10_alpha": -0.2776791421022393, "log10_colsample_bytree": -0.954608432268869, "log10_eta": -3.0207480081428084, "log10_lambda": -2.5181678952289266, "log10_min_child_weight": 4.4405047231540715, "log10_subsample": -0.5881926093811524, "max_depth": 9.0, "num_boost_round": 42.0}, "datetime": {"datetime": "2024-01-19 02:07:44", "elapsed": 6917.099293, "delta": 0.00596}}
{"target": -13.75842620583054, "params": {"gamma": 315.08117363067214, "log10_alpha": -0.2776791421022393, "log10_colsample_bytree": -0.954608432268869, "log10_eta": -3.0207480081428084, "log10_lambda": -2.5181678952289266, "log10_min_child_weight": 4.4405047231540715, "log10_subsample": -0.5881926093811524, "max_depth": 9.0, "num_boost_round": 43.0}, "datetime": {"datetime": "2024-01-19 02:07:44", "elapsed": 6917.105177, "delta": 0.005884}}
{"target": -13.758417644075136, "params": {"gamma": 315.08117363067214, "log10_alpha": -0.2776791421022393, "log10_colsample_bytree": -0.954608432268869, "log10_eta": -3.0207480081428084, "log10_lambda": -2.5181678952289266, "log10_min_child_weight": 4.4405047231540715, "log10_subsample": -0.5881926093811524, "max_depth": 9.0, "num_boost_round": 44.0}, "datetime": {"datetime": "2024-01-19 02:07:44", "elapsed": 6917.111166, "delta": 0.005989}}
{"target": -13.757696165671343, "params": {"gamma": 314.22313029843673, "log10_alpha": -0.8893805526882614, "log10_colsample_bytree": -0.920670662053472, "log10_eta": -1.5476179259136846, "log10_lambda": 0.3812292109449036, "log10_min_child_weight": 1.728756522924857, "log10_subsample": -0.3299401003783854, "max_depth": 4.0, "num_boost_round": 0.0}, "datetime": {"datetime": "2024-01-19 02:09:21", "elapsed": 7014.272939, "delta": 97.161773}}
{"target": -13.757872185895181, "params": {"gamma": 314.22313029843673, "log10_alpha": -0.8893805526882614, "log10_colsample_bytree": -0.920670662053472, "log10_eta": -1.5476179259136846, "log10_lambda": 0.3812292109449036, "log10_min_child_weight": 1.728756522924857, "log10_subsample": -0.3299401003783854, "max_depth": 4.0, "num_boost_round": 1.0}, "datetime": {"datetime": "2024-01-19 02:09:21", "elapsed": 7014.280062, "delta": 0.007123}}
{"target": -13.757763110119122, "params": {"gamma": 314.22313029843673, "log10_alpha": -0.8893805526882614, "log10_colsample_bytree": -0.920670662053472, "log10_eta": -1.5476179259136846, "log10_lambda": 0.3812292109449036, "log10_min_child_weight": 1.728756522924857, "log10_subsample": -0.3299401003783854, "max_depth": 4.0, "num_boost_round": 2.0}, "datetime": {"datetime": "2024-01-19 02:09:21", "elapsed": 7014.286389, "delta": 0.006327}}
{"target": -13.757884143269926, "params": {"gamma": 314.22313029843673, "log10_alpha": -0.8893805526882614, "log10_colsample_bytree": -0.920670662053472, "log10_eta": -1.5476179259136846, "log10_lambda": 0.3812292109449036, "log10_min_child_weight": 1.728756522924857, "log10_subsample": -0.3299401003783854, "max_depth": 4.0, "num_boost_round": 3.0}, "datetime": {"datetime": "2024-01-19 02:09:21", "elapsed": 7014.292868, "delta": 0.006479}}
{"target": -13.75766322978035, "params": {"gamma": 314.22313029843673, "log10_alpha": -0.8893805526882614, "log10_colsample_bytree": -0.920670662053472, "log10_eta": -1.5476179259136846, "log10_lambda": 0.3812292109449036, "log10_min_child_weight": 1.728756522924857, "log10_subsample": -0.3299401003783854, "max_depth": 4.0, "num_boost_round": 4.0}, "datetime": {"datetime": "2024-01-19 02:09:21", "elapsed": 7014.299212, "delta": 0.006344}}
{"target": -13.757932111784307, "params": {"gamma": 314.22313029843673, "log10_alpha": -0.8893805526882614, "log10_colsample_bytree": -0.920670662053472, "log10_eta": -1.5476179259136846, "log10_lambda": 0.3812292109449036, "log10_min_child_weight": 1.728756522924857, "log10_subsample": -0.3299401003783854, "max_depth": 4.0, "num_boost_round": 5.0}, "datetime": {"datetime": "2024-01-19 02:09:21", "elapsed": 7014.305114, "delta": 0.005902}}
{"target": -13.758038766565546, "params": {"gamma": 314.22313029843673, "log10_alpha": -0.8893805526882614, "log10_colsample_bytree": -0.920670662053472, "log10_eta": -1.5476179259136846, "log10_lambda": 0.3812292109449036, "log10_min_child_weight": 1.728756522924857, "log10_subsample": -0.3299401003783854, "max_depth": 4.0, "num_boost_round": 6.0}, "datetime": {"datetime": "2024-01-19 02:09:21", "elapsed": 7014.310939, "delta": 0.005825}}
{"target": -13.757575815432828, "params": {"gamma": 314.22313029843673, "log10_alpha": -0.8893805526882614, "log10_colsample_bytree": -0.920670662053472, "log10_eta": -1.5476179259136846, "log10_lambda": 0.3812292109449036, "log10_min_child_weight": 1.728756522924857, "log10_subsample": -0.3299401003783854, "max_depth": 4.0, "num_boost_round": 7.0}, "datetime": {"datetime": "2024-01-19 02:09:21", "elapsed": 7014.317737, "delta": 0.006798}}
{"target": -13.757487360405603, "params": {"gamma": 314.22313029843673, "log10_alpha": -0.8893805526882614, "log10_colsample_bytree": -0.920670662053472, "log10_eta": -1.5476179259136846, "log10_lambda": 0.3812292109449036, "log10_min_child_weight": 1.728756522924857, "log10_subsample": -0.3299401003783854, "max_depth": 4.0, "num_boost_round": 8.0}, "datetime": {"datetime": "2024-01-19 02:09:21", "elapsed": 7014.324182, "delta": 0.006445}}
{"target": -13.757379426105992, "params": {"gamma": 314.22313029843673, "log10_alpha": -0.8893805526882614, "log10_colsample_bytree": -0.920670662053472, "log10_eta": -1.5476179259136846, "log10_lambda": 0.3812292109449036, "log10_min_child_weight": 1.728756522924857, "log10_subsample": -0.3299401003783854, "max_depth": 4.0, "num_boost_round": 9.0}, "datetime": {"datetime": "2024-01-19 02:09:21", "elapsed": 7014.330739, "delta": 0.006557}}
{"target": -13.75707058323421, "params": {"gamma": 314.22313029843673, "log10_alpha": -0.8893805526882614, "log10_colsample_bytree": -0.920670662053472, "log10_eta": -1.5476179259136846, "log10_lambda": 0.3812292109449036, "log10_min_child_weight": 1.728756522924857, "log10_subsample": -0.3299401003783854, "max_depth": 4.0, "num_boost_round": 10.0}, "datetime": {"datetime": "2024-01-19 02:09:21", "elapsed": 7014.337316, "delta": 0.006577}}
{"target": -13.756932345432668, "params": {"gamma": 314.22313029843673, "log10_alpha": -0.8893805526882614, "log10_colsample_bytree": -0.920670662053472, "log10_eta": -1.5476179259136846, "log10_lambda": 0.3812292109449036, "log10_min_child_weight": 1.728756522924857, "log10_subsample": -0.3299401003783854, "max_depth": 4.0, "num_boost_round": 11.0}, "datetime": {"datetime": "2024-01-19 02:09:21", "elapsed": 7014.343806, "delta": 0.00649}}
{"target": -13.756641194264738, "params": {"gamma": 314.22313029843673, "log10_alpha": -0.8893805526882614, "log10_colsample_bytree": -0.920670662053472, "log10_eta": -1.5476179259136846, "log10_lambda": 0.3812292109449036, "log10_min_child_weight": 1.728756522924857, "log10_subsample": -0.3299401003783854, "max_depth": 4.0, "num_boost_round": 12.0}, "datetime": {"datetime": "2024-01-19 02:09:21", "elapsed": 7014.350638, "delta": 0.006832}}
{"target": -13.755773324620852, "params": {"gamma": 314.22313029843673, "log10_alpha": -0.8893805526882614, "log10_colsample_bytree": -0.920670662053472, "log10_eta": -1.5476179259136846, "log10_lambda": 0.3812292109449036, "log10_min_child_weight": 1.728756522924857, "log10_subsample": -0.3299401003783854, "max_depth": 4.0, "num_boost_round": 13.0}, "datetime": {"datetime": "2024-01-19 02:09:21", "elapsed": 7014.357571, "delta": 0.006933}}
{"target": -13.75571319192192, "params": {"gamma": 314.22313029843673, "log10_alpha": -0.8893805526882614, "log10_colsample_bytree": -0.920670662053472, "log10_eta": -1.5476179259136846, "log10_lambda": 0.3812292109449036, "log10_min_child_weight": 1.728756522924857, "log10_subsample": -0.3299401003783854, "max_depth": 4.0, "num_boost_round": 14.0}, "datetime": {"datetime": "2024-01-19 02:09:21", "elapsed": 7014.364772, "delta": 0.007201}}
{"target": -13.755613120669773, "params": {"gamma": 314.22313029843673, "log10_alpha": -0.8893805526882614, "log10_colsample_bytree": -0.920670662053472, "log10_eta": -1.5476179259136846, "log10_lambda": 0.3812292109449036, "log10_min_child_weight": 1.728756522924857, "log10_subsample": -0.3299401003783854, "max_depth": 4.0, "num_boost_round": 15.0}, "datetime": {"datetime": "2024-01-19 02:09:21", "elapsed": 7014.371969, "delta": 0.007197}}
{"target": -13.755649940758449, "params": {"gamma": 314.22313029843673, "log10_alpha": -0.8893805526882614, "log10_colsample_bytree": -0.920670662053472, "log10_eta": -1.5476179259136846, "log10_lambda": 0.3812292109449036, "log10_min_child_weight": 1.728756522924857, "log10_subsample": -0.3299401003783854, "max_depth": 4.0, "num_boost_round": 16.0}, "datetime": {"datetime": "2024-01-19 02:09:21", "elapsed": 7014.379004, "delta": 0.007035}}
{"target": -13.755260455885404, "params": {"gamma": 314.22313029843673, "log10_alpha": -0.8893805526882614, "log10_colsample_bytree": -0.920670662053472, "log10_eta": -1.5476179259136846, "log10_lambda": 0.3812292109449036, "log10_min_child_weight": 1.728756522924857, "log10_subsample": -0.3299401003783854, "max_depth": 4.0, "num_boost_round": 17.0}, "datetime": {"datetime": "2024-01-19 02:09:21", "elapsed": 7014.385701, "delta": 0.006697}}
{"target": -13.754947956060331, "params": {"gamma": 314.22313029843673, "log10_alpha": -0.8893805526882614, "log10_colsample_bytree": -0.920670662053472, "log10_eta": -1.5476179259136846, "log10_lambda": 0.3812292109449036, "log10_min_child_weight": 1.728756522924857, "log10_subsample": -0.3299401003783854, "max_depth": 4.0, "num_boost_round": 18.0}, "datetime": {"datetime": "2024-01-19 02:09:21", "elapsed": 7014.392519, "delta": 0.006818}}
{"target": -13.75393707295614, "params": {"gamma": 314.22313029843673, "log10_alpha": -0.8893805526882614, "log10_colsample_bytree": -0.920670662053472, "log10_eta": -1.5476179259136846, "log10_lambda": 0.3812292109449036, "log10_min_child_weight": 1.728756522924857, "log10_subsample": -0.3299401003783854, "max_depth": 4.0, "num_boost_round": 19.0}, "datetime": {"datetime": "2024-01-19 02:09:21", "elapsed": 7014.399552, "delta": 0.007033}}
{"target": -13.753295549606372, "params": {"gamma": 314.22313029843673, "log10_alpha": -0.8893805526882614, "log10_colsample_bytree": -0.920670662053472, "log10_eta": -1.5476179259136846, "log10_lambda": 0.3812292109449036, "log10_min_child_weight": 1.728756522924857, "log10_subsample": -0.3299401003783854, "max_depth": 4.0, "num_boost_round": 20.0}, "datetime": {"datetime": "2024-01-19 02:09:21", "elapsed": 7014.406812, "delta": 0.00726}}
{"target": -13.752892812768494, "params": {"gamma": 314.22313029843673, "log10_alpha": -0.8893805526882614, "log10_colsample_bytree": -0.920670662053472, "log10_eta": -1.5476179259136846, "log10_lambda": 0.3812292109449036, "log10_min_child_weight": 1.728756522924857, "log10_subsample": -0.3299401003783854, "max_depth": 4.0, "num_boost_round": 21.0}, "datetime": {"datetime": "2024-01-19 02:09:21", "elapsed": 7014.413668, "delta": 0.006856}}
{"target": -13.753084933193037, "params": {"gamma": 314.22313029843673, "log10_alpha": -0.8893805526882614, "log10_colsample_bytree": -0.920670662053472, "log10_eta": -1.5476179259136846, "log10_lambda": 0.3812292109449036, "log10_min_child_weight": 1.728756522924857, "log10_subsample": -0.3299401003783854, "max_depth": 4.0, "num_boost_round": 22.0}, "datetime": {"datetime": "2024-01-19 02:09:21", "elapsed": 7014.420711, "delta": 0.007043}}
{"target": -13.752796141458902, "params": {"gamma": 314.22313029843673, "log10_alpha": -0.8893805526882614, "log10_colsample_bytree": -0.920670662053472, "log10_eta": -1.5476179259136846, "log10_lambda": 0.3812292109449036, "log10_min_child_weight": 1.728756522924857, "log10_subsample": -0.3299401003783854, "max_depth": 4.0, "num_boost_round": 23.0}, "datetime": {"datetime": "2024-01-19 02:09:21", "elapsed": 7014.427511, "delta": 0.0068}}
{"target": -13.75316597211779, "params": {"gamma": 314.22313029843673, "log10_alpha": -0.8893805526882614, "log10_colsample_bytree": -0.920670662053472, "log10_eta": -1.5476179259136846, "log10_lambda": 0.3812292109449036, "log10_min_child_weight": 1.728756522924857, "log10_subsample": -0.3299401003783854, "max_depth": 4.0, "num_boost_round": 24.0}, "datetime": {"datetime": "2024-01-19 02:09:21", "elapsed": 7014.43441, "delta": 0.006899}}
{"target": -13.753848712178184, "params": {"gamma": 314.22313029843673, "log10_alpha": -0.8893805526882614, "log10_colsample_bytree": -0.920670662053472, "log10_eta": -1.5476179259136846, "log10_lambda": 0.3812292109449036, "log10_min_child_weight": 1.728756522924857, "log10_subsample": -0.3299401003783854, "max_depth": 4.0, "num_boost_round": 25.0}, "datetime": {"datetime": "2024-01-19 02:09:21", "elapsed": 7014.44105, "delta": 0.00664}}
{"target": -13.754329569900488, "params": {"gamma": 314.22313029843673, "log10_alpha": -0.8893805526882614, "log10_colsample_bytree": -0.920670662053472, "log10_eta": -1.5476179259136846, "log10_lambda": 0.3812292109449036, "log10_min_child_weight": 1.728756522924857, "log10_subsample": -0.3299401003783854, "max_depth": 4.0, "num_boost_round": 26.0}, "datetime": {"datetime": "2024-01-19 02:09:21", "elapsed": 7014.447611, "delta": 0.006561}}
{"target": -13.7545614368387, "params": {"gamma": 314.22313029843673, "log10_alpha": -0.8893805526882614, "log10_colsample_bytree": -0.920670662053472, "log10_eta": -1.5476179259136846, "log10_lambda": 0.3812292109449036, "log10_min_child_weight": 1.728756522924857, "log10_subsample": -0.3299401003783854, "max_depth": 4.0, "num_boost_round": 27.0}, "datetime": {"datetime": "2024-01-19 02:09:21", "elapsed": 7014.454519, "delta": 0.006908}}
{"target": -13.754185792263469, "params": {"gamma": 314.22313029843673, "log10_alpha": -0.8893805526882614, "log10_colsample_bytree": -0.920670662053472, "log10_eta": -1.5476179259136846, "log10_lambda": 0.3812292109449036, "log10_min_child_weight": 1.728756522924857, "log10_subsample": -0.3299401003783854, "max_depth": 4.0, "num_boost_round": 28.0}, "datetime": {"datetime": "2024-01-19 02:09:21", "elapsed": 7014.461485, "delta": 0.006966}}
{"target": -13.753369749658644, "params": {"gamma": 314.22313029843673, "log10_alpha": -0.8893805526882614, "log10_colsample_bytree": -0.920670662053472, "log10_eta": -1.5476179259136846, "log10_lambda": 0.3812292109449036, "log10_min_child_weight": 1.728756522924857, "log10_subsample": -0.3299401003783854, "max_depth": 4.0, "num_boost_round": 29.0}, "datetime": {"datetime": "2024-01-19 02:09:22", "elapsed": 7014.595394, "delta": 0.133909}}
{"target": -13.753469065098711, "params": {"gamma": 314.22313029843673, "log10_alpha": -0.8893805526882614, "log10_colsample_bytree": -0.920670662053472, "log10_eta": -1.5476179259136846, "log10_lambda": 0.3812292109449036, "log10_min_child_weight": 1.728756522924857, "log10_subsample": -0.3299401003783854, "max_depth": 4.0, "num_boost_round": 30.0}, "datetime": {"datetime": "2024-01-19 02:09:22", "elapsed": 7014.602551, "delta": 0.007157}}
{"target": -13.753197671943617, "params": {"gamma": 314.22313029843673, "log10_alpha": -0.8893805526882614, "log10_colsample_bytree": -0.920670662053472, "log10_eta": -1.5476179259136846, "log10_lambda": 0.3812292109449036, "log10_min_child_weight": 1.728756522924857, "log10_subsample": -0.3299401003783854, "max_depth": 4.0, "num_boost_round": 31.0}, "datetime": {"datetime": "2024-01-19 02:09:22", "elapsed": 7014.609057, "delta": 0.006506}}
{"target": -13.753685885400678, "params": {"gamma": 314.22313029843673, "log10_alpha": -0.8893805526882614, "log10_colsample_bytree": -0.920670662053472, "log10_eta": -1.5476179259136846, "log10_lambda": 0.3812292109449036, "log10_min_child_weight": 1.728756522924857, "log10_subsample": -0.3299401003783854, "max_depth": 4.0, "num_boost_round": 32.0}, "datetime": {"datetime": "2024-01-19 02:09:22", "elapsed": 7014.615368, "delta": 0.006311}}
{"target": -13.75452808174564, "params": {"gamma": 314.22313029843673, "log10_alpha": -0.8893805526882614, "log10_colsample_bytree": -0.920670662053472, "log10_eta": -1.5476179259136846, "log10_lambda": 0.3812292109449036, "log10_min_child_weight": 1.728756522924857, "log10_subsample": -0.3299401003783854, "max_depth": 4.0, "num_boost_round": 33.0}, "datetime": {"datetime": "2024-01-19 02:09:22", "elapsed": 7014.621393, "delta": 0.006025}}
{"target": -13.754356628253355, "params": {"gamma": 314.22313029843673, "log10_alpha": -0.8893805526882614, "log10_colsample_bytree": -0.920670662053472, "log10_eta": -1.5476179259136846, "log10_lambda": 0.3812292109449036, "log10_min_child_weight": 1.728756522924857, "log10_subsample": -0.3299401003783854, "max_depth": 4.0, "num_boost_round": 34.0}, "datetime": {"datetime": "2024-01-19 02:09:22", "elapsed": 7014.627414, "delta": 0.006021}}
{"target": -13.754636820191799, "params": {"gamma": 314.22313029843673, "log10_alpha": -0.8893805526882614, "log10_colsample_bytree": -0.920670662053472, "log10_eta": -1.5476179259136846, "log10_lambda": 0.3812292109449036, "log10_min_child_weight": 1.728756522924857, "log10_subsample": -0.3299401003783854, "max_depth": 4.0, "num_boost_round": 35.0}, "datetime": {"datetime": "2024-01-19 02:09:22", "elapsed": 7014.633401, "delta": 0.005987}}
{"target": -13.75484674713039, "params": {"gamma": 314.22313029843673, "log10_alpha": -0.8893805526882614, "log10_colsample_bytree": -0.920670662053472, "log10_eta": -1.5476179259136846, "log10_lambda": 0.3812292109449036, "log10_min_child_weight": 1.728756522924857, "log10_subsample": -0.3299401003783854, "max_depth": 4.0, "num_boost_round": 36.0}, "datetime": {"datetime": "2024-01-19 02:09:22", "elapsed": 7014.639411, "delta": 0.00601}}
{"target": -13.754876917122296, "params": {"gamma": 314.22313029843673, "log10_alpha": -0.8893805526882614, "log10_colsample_bytree": -0.920670662053472, "log10_eta": -1.5476179259136846, "log10_lambda": 0.3812292109449036, "log10_min_child_weight": 1.728756522924857, "log10_subsample": -0.3299401003783854, "max_depth": 4.0, "num_boost_round": 37.0}, "datetime": {"datetime": "2024-01-19 02:09:22", "elapsed": 7014.645487, "delta": 0.006076}}
{"target": -13.755046143137907, "params": {"gamma": 314.22313029843673, "log10_alpha": -0.8893805526882614, "log10_colsample_bytree": -0.920670662053472, "log10_eta": -1.5476179259136846, "log10_lambda": 0.3812292109449036, "log10_min_child_weight": 1.728756522924857, "log10_subsample": -0.3299401003783854, "max_depth": 4.0, "num_boost_round": 38.0}, "datetime": {"datetime": "2024-01-19 02:09:22", "elapsed": 7014.651627, "delta": 0.00614}}
{"target": -13.755108076525715, "params": {"gamma": 314.22313029843673, "log10_alpha": -0.8893805526882614, "log10_colsample_bytree": -0.920670662053472, "log10_eta": -1.5476179259136846, "log10_lambda": 0.3812292109449036, "log10_min_child_weight": 1.728756522924857, "log10_subsample": -0.3299401003783854, "max_depth": 4.0, "num_boost_round": 39.0}, "datetime": {"datetime": "2024-01-19 02:09:22", "elapsed": 7014.657956, "delta": 0.006329}}
