{"target": -17.677251075235507, "params": {"gamma": 663.7728465714654, "log10_alpha": -3.7549621259260526, "log10_colsample_bytree": -0.23311733941079538, "log10_eta": -2.9536463838408027, "log10_lambda": -1.3886976357857437, "log10_min_child_weight": 4.645044534419914, "log10_subsample": -0.11549226822612824, "max_depth": 8.0, "num_boost_round": 4.0}, "datetime": {"datetime": "2024-01-19 01:28:58", "elapsed": 4636.140547, "delta": 0.004349}}
{"target": -17.67723210487123, "params": {"gamma": 663.7728465714654, "log10_alpha": -3.7549621259260526, "log10_colsample_bytree": -0.23311733941079538, "log10_eta": -2.9536463838408027, "log10_lambda": -1.3886976357857437, "log10_min_child_weight": 4.645044534419914, "log10_subsample": -0.11549226822612824, "max_depth": 8.0, "num_boost_round": 5.0}, "datetime": {"datetime": "2024-01-19 01:28:58", "elapsed": 4636.144763, "delta": 0.004216}}
{"target": -17.677233753958276, "params": {"gamma": 663.7728465714654, "log10_alpha": -3.7549621259260526, "log10_colsample_bytree": -0.23311733941079538, "log10_eta": -2.9536463838408027, "log10_lambda": -1.3886976357857437, "log10_min_child_weight": 4.645044534419914, "log10_subsample": -0.11549226822612824, "max_depth": 8.0, "num_boost_round": 6.0}, "datetime": {"datetime": "2024-01-19 01:28:58", "elapsed": 4636.149231, "delta": 0.004468}}
{"target": -17.67723042405965, "params": {"gamma": 663.7728465714654, "log10_alpha": -3.7549621259260526, "log10_colsample_bytree": -0.23311733941079538, "log10_eta": -2.9536463838408027, "log10_lambda": -1.3886976357857437, "log10_min_child_weight": 4.645044534419914, "log10_subsample": -0.11549226822612824, "max_depth": 8.0, "num_boost_round": 7.0}, "datetime": {"datetime": "2024-01-19 01:28:58", "elapsed": 4636.153515, "delta": 0.004284}}
{"target": -17.677224942744765, "params": {"gamma": 663.7728465714654, "log10_alpha": -3.7549621259260526, "log10_colsample_bytree": -0.23311733941079538, "log10_eta": -2.9536463838408027, "log10_lambda": -1.3886976357857437, "log10_min_child_weight": 4.645044534419914, "log10_subsample": -0.11549226822612824, "max_depth": 8.0, "num_boost_round": 8.0}, "datetime": {"datetime": "2024-01-19 01:28:58", "elapsed": 4636.157832, "delta": 0.004317}}
{"target": -17.67720008940691, "params": {"gamma": 663.7728465714654, "log10_alpha": -3.7549621259260526, "log10_colsample_bytree": -0.23311733941079538, "log10_eta": -2.9536463838408027, "log10_lambda": -1.3886976357857437, "log10_min_child_weight": 4.645044534419914, "log10_subsample": -0.11549226822612824, "max_depth": 8.0, "num_boost_round": 9.0}, "datetime": {"datetime": "2024-01-19 01:28:58", "elapsed": 4636.162466, "delta": 0.004634}}
{"target": -17.677162793445017, "params": {"gamma": 657.7555055346736, "log10_alpha": -3.159304971377618, "log10_colsample_bytree": -0.7603221739214656, "log10_eta": -2.3638578447554623, "log10_lambda": -0.3736289687526355, "log10_min_child_weight": 3.6602831437789103, "log10_subsample": -0.694843710925249, "max_depth": 3.0, "num_boost_round": 0.0}, "datetime": {"datetime": "2024-01-19 01:29:49", "elapsed": 4686.776549, "delta": 50.614083}}
{"target": -17.6771322393728, "params": {"gamma": 657.7555055346736, "log10_alpha": -3.159304971377618, "log10_colsample_bytree": -0.7603221739214656, "log10_eta": -2.3638578447554623, "log10_lambda": -0.3736289687526355, "log10_min_child_weight": 3.6602831437789103, "log10_subsample": -0.694843710925249, "max_depth": 3.0, "num_boost_round": 1.0}, "datetime": {"datetime": "2024-01-19 01:29:49", "elapsed": 4686.781309, "delta": 0.00476}}
{"target": -17.677117413849153, "params": {"gamma": 657.7555055346736, "log10_alpha": -3.159304971377618, "log10_colsample_bytree": -0.7603221739214656, "log10_eta": -2.3638578447554623, "log10_lambda": -0.3736289687526355, "log10_min_child_weight": 3.6602831437789103, "log10_subsample": -0.694843710925249, "max_depth": 3.0, "num_boost_round": 2.0}, "datetime": {"datetime": "2024-01-19 01:29:49", "elapsed": 4686.786044, "delta": 0.004735}}
{"target": -17.677082086670147, "params": {"gamma": 657.7555055346736, "log10_alpha": -3.159304971377618, "log10_colsample_bytree": -0.7603221739214656, "log10_eta": -2.3638578447554623, "log10_lambda": -0.3736289687526355, "log10_min_child_weight": 3.6602831437789103, "log10_subsample": -0.694843710925249, "max_depth": 3.0, "num_boost_round": 3.0}, "datetime": {"datetime": "2024-01-19 01:29:49", "elapsed": 4686.790529, "delta": 0.004485}}
{"target": -17.677029430874736, "params": {"gamma": 657.7555055346736, "log10_alpha": -3.159304971377618, "log10_colsample_bytree": -0.7603221739214656, "log10_eta": -2.3638578447554623, "log10_lambda": -0.3736289687526355, "log10_min_child_weight": 3.6602831437789103, "log10_subsample": -0.694843710925249, "max_depth": 3.0, "num_boost_round": 4.0}, "datetime": {"datetime": "2024-01-19 01:29:49", "elapsed": 4686.798374, "delta": 0.007845}}
{"target": -17.67705675242598, "params": {"gamma": 657.7555055346736, "log10_alpha": -3.159304971377618, "log10_colsample_bytree": -0.7603221739214656, "log10_eta": -2.3638578447554623, "log10_lambda": -0.3736289687526355, "log10_min_child_weight": 3.6602831437789103, "log10_subsample": -0.694843710925249, "max_depth": 3.0, "num_boost_round": 5.0}, "datetime": {"datetime": "2024-01-19 01:29:49", "elapsed": 4686.802622, "delta": 0.004248}}
{"target": -17.677106614464822, "params": {"gamma": 657.7555055346736, "log10_alpha": -3.159304971377618, "log10_colsample_bytree": -0.7603221739214656, "log10_eta": -2.3638578447554623, "log10_lambda": -0.3736289687526355, "log10_min_child_weight": 3.6602831437789103, "log10_subsample": -0.694843710925249, "max_depth": 3.0, "num_boost_round": 6.0}, "datetime": {"datetime": "2024-01-19 01:29:49", "elapsed": 4686.807038, "delta": 0.004416}}
{"target": -17.677007197440055, "params": {"gamma": 657.7555055346736, "log10_alpha": -3.159304971377618, "log10_colsample_bytree": -0.7603221739214656, "log10_eta": -2.3638578447554623, "log10_lambda": -0.3736289687526355, "log10_min_child_weight": 3.6602831437789103, "log10_subsample": -0.694843710925249, "max_depth": 3.0, "num_boost_round": 7.0}, "datetime": {"datetime": "2024-01-19 01:29:49", "elapsed": 4686.811357, "delta": 0.004319}}
{"target": -17.67704889594375, "params": {"gamma": 657.7555055346736, "log10_alpha": -3.159304971377618, "log10_colsample_bytree": -0.7603221739214656, "log10_eta": -2.3638578447554623, "log10_lambda": -0.3736289687526355, "log10_min_child_weight": 3.6602831437789103, "log10_subsample": -0.694843710925249, "max_depth": 3.0, "num_boost_round": 8.0}, "datetime": {"datetime": "2024-01-19 01:29:49", "elapsed": 4686.815621, "delta": 0.004264}}
{"target": -17.677032599678906, "params": {"gamma": 657.7555055346736, "log10_alpha": -3.159304971377618, "log10_colsample_bytree": -0.7603221739214656, "log10_eta": -2.3638578447554623, "log10_lambda": -0.3736289687526355, "log10_min_child_weight": 3.6602831437789103, "log10_subsample": -0.694843710925249, "max_depth": 3.0, "num_boost_round": 9.0}, "datetime": {"datetime": "2024-01-19 01:29:49", "elapsed": 4686.820105, "delta": 0.004484}}
{"target": -17.676973075720493, "params": {"gamma": 657.7555055346736, "log10_alpha": -3.159304971377618, "log10_colsample_bytree": -0.7603221739214656, "log10_eta": -2.3638578447554623, "log10_lambda": -0.3736289687526355, "log10_min_child_weight": 3.6602831437789103, "log10_subsample": -0.694843710925249, "max_depth": 3.0, "num_boost_round": 10.0}, "datetime": {"datetime": "2024-01-19 01:29:49", "elapsed": 4686.824327, "delta": 0.004222}}
{"target": -17.677226275306072, "params": {"gamma": 664.4598720284996, "log10_alpha": -1.816395394992902, "log10_colsample_bytree": -0.5705150027736787, "log10_eta": -3.4307732167909877, "log10_lambda": -4.478533725996109, "log10_min_child_weight": 0.29612103811953283, "log10_subsample": -0.5861536363945896, "max_depth": 8.0, "num_boost_round": 0.0}, "datetime": {"datetime": "2024-01-19 01:30:39", "elapsed": 4737.33627, "delta": 50.511943}}
{"target": -17.67721998492768, "params": {"gamma": 664.4598720284996, "log10_alpha": -1.816395394992902, "log10_colsample_bytree": -0.5705150027736787, "log10_eta": -3.4307732167909877, "log10_lambda": -4.478533725996109, "log10_min_child_weight": 0.29612103811953283, "log10_subsample": -0.5861536363945896, "max_depth": 8.0, "num_boost_round": 1.0}, "datetime": {"datetime": "2024-01-19 01:30:39", "elapsed": 4737.341002, "delta": 0.004732}}
{"target": -17.677157928908887, "params": {"gamma": 664.4598720284996, "log10_alpha": -1.816395394992902, "log10_colsample_bytree": -0.5705150027736787, "log10_eta": -3.4307732167909877, "log10_lambda": -4.478533725996109, "log10_min_child_weight": 0.29612103811953283, "log10_subsample": -0.5861536363945896, "max_depth": 8.0, "num_boost_round": 2.0}, "datetime": {"datetime": "2024-01-19 01:30:40", "elapsed": 4737.345508, "delta": 0.004506}}
{"target": -17.67713094218299, "params": {"gamma": 664.4598720284996, "log10_alpha": -1.816395394992902, "log10_colsample_bytree": -0.5705150027736787, "log10_eta": -3.4307732167909877, "log10_lambda": -4.478533725996109, "log10_min_child_weight": 0.29612103811953283, "log10_subsample": -0.5861536363945896, "max_depth": 8.0, "num_boost_round": 3.0}, "datetime": {"datetime": "2024-01-19 01:30:40", "elapsed": 4737.349803, "delta": 0.004295}}
{"target": -17.677127637990377, "params": {"gamma": 664.4598720284996, "log10_alpha": -1.816395394992902, "log10_colsample_bytree": -0.5705150027736787, "log10_eta": -3.4307732167909877, "log10_lambda": -4.478533725996109, "log10_min_child_weight": 0.29612103811953283, "log10_subsample": -0.5861536363945896, "max_depth": 8.0, "num_boost_round": 4.0}, "datetime": {"datetime": "2024-01-19 01:30:40", "elapsed": 4737.354081, "delta": 0.004278}}
{"target": -17.677114688466688, "params": {"gamma": 664.4598720284996, "log10_alpha": -1.816395394992902, "log10_colsample_bytree": -0.5705150027736787, "log10_eta": -3.4307732167909877, "log10_lambda": -4.478533725996109, "log10_min_child_weight": 0.29612103811953283, "log10_subsample": -0.5861536363945896, "max_depth": 8.0, "num_boost_round": 5.0}, "datetime": {"datetime": "2024-01-19 01:30:40", "elapsed": 4737.35854, "delta": 0.004459}}
{"target": -17.67711118893262, "params": {"gamma": 664.4598720284996, "log10_alpha": -1.816395394992902, "log10_colsample_bytree": -0.5705150027736787, "log10_eta": -3.4307732167909877, "log10_lambda": -4.478533725996109, "log10_min_child_weight": 0.29612103811953283, "log10_subsample": -0.5861536363945896, "max_depth": 8.0, "num_boost_round": 6.0}, "datetime": {"datetime": "2024-01-19 01:30:40", "elapsed": 4737.362806, "delta": 0.004266}}
{"target": -17.677106861573566, "params": {"gamma": 664.4598720284996, "log10_alpha": -1.816395394992902, "log10_colsample_bytree": -0.5705150027736787, "log10_eta": -3.4307732167909877, "log10_lambda": -4.478533725996109, "log10_min_child_weight": 0.29612103811953283, "log10_subsample": -0.5861536363945896, "max_depth": 8.0, "num_boost_round": 7.0}, "datetime": {"datetime": "2024-01-19 01:30:40", "elapsed": 4737.367086, "delta": 0.00428}}
{"target": -17.6771085647056, "params": {"gamma": 664.4598720284996, "log10_alpha": -1.816395394992902, "log10_colsample_bytree": -0.5705150027736787, "log10_eta": -3.4307732167909877, "log10_lambda": -4.478533725996109, "log10_min_child_weight": 0.29612103811953283, "log10_subsample": -0.5861536363945896, "max_depth": 8.0, "num_boost_round": 8.0}, "datetime": {"datetime": "2024-01-19 01:30:40", "elapsed": 4737.371513, "delta": 0.004427}}
{"target": -17.677075310691738, "params": {"gamma": 664.4598720284996, "log10_alpha": -1.816395394992902, "log10_colsample_bytree": -0.5705150027736787, "log10_eta": -3.4307732167909877, "log10_lambda": -4.478533725996109, "log10_min_child_weight": 0.29612103811953283, "log10_subsample": -0.5861536363945896, "max_depth": 8.0, "num_boost_round": 9.0}, "datetime": {"datetime": "2024-01-19 01:30:40", "elapsed": 4737.375825, "delta": 0.004312}}
{"target": -17.677032796093975, "params": {"gamma": 664.4598720284996, "log10_alpha": -1.816395394992902, "log10_colsample_bytree": -0.5705150027736787, "log10_eta": -3.4307732167909877, "log10_lambda": -4.478533725996109, "log10_min_child_weight": 0.29612103811953283, "log10_subsample": -0.5861536363945896, "max_depth": 8.0, "num_boost_round": 10.0}, "datetime": {"datetime": "2024-01-19 01:30:40", "elapsed": 4737.380103, "delta": 0.004278}}
{"target": -17.677035848171695, "params": {"gamma": 664.4598720284996, "log10_alpha": -1.816395394992902, "log10_colsample_bytree": -0.5705150027736787, "log10_eta": -3.4307732167909877, "log10_lambda": -4.478533725996109, "log10_min_child_weight": 0.29612103811953283, "log10_subsample": -0.5861536363945896, "max_depth": 8.0, "num_boost_round": 11.0}, "datetime": {"datetime": "2024-01-19 01:30:40", "elapsed": 4737.384589, "delta": 0.004486}}
{"target": -17.677010016935075, "params": {"gamma": 664.4598720284996, "log10_alpha": -1.816395394992902, "log10_colsample_bytree": -0.5705150027736787, "log10_eta": -3.4307732167909877, "log10_lambda": -4.478533725996109, "log10_min_child_weight": 0.29612103811953283, "log10_subsample": -0.5861536363945896, "max_depth": 8.0, "num_boost_round": 12.0}, "datetime": {"datetime": "2024-01-19 01:30:40", "elapsed": 4737.388903, "delta": 0.004314}}
{"target": -17.676982086792922, "params": {"gamma": 664.4598720284996, "log10_alpha": -1.816395394992902, "log10_colsample_bytree": -0.5705150027736787, "log10_eta": -3.4307732167909877, "log10_lambda": -4.478533725996109, "log10_min_child_weight": 0.29612103811953283, "log10_subsample": -0.5861536363945896, "max_depth": 8.0, "num_boost_round": 13.0}, "datetime": {"datetime": "2024-01-19 01:30:40", "elapsed": 4737.393165, "delta": 0.004262}}
{"target": -17.67722934938667, "params": {"gamma": 620.9958079526804, "log10_alpha": -1.7223464694210229, "log10_colsample_bytree": -0.2728219433512119, "log10_eta": -3.9255322091828933, "log10_lambda": -1.4328763588032762, "log10_min_child_weight": 3.6943606767528308, "log10_subsample": -0.8036832697401538, "max_depth": 9.0, "num_boost_round": 0.0}, "datetime": {"datetime": "2024-01-19 01:31:57", "elapsed": 4814.752386, "delta": 77.359221}}
{"target": -17.67722658529396, "params": {"gamma": 620.9958079526804, "log10_alpha": -1.7223464694210229, "log10_colsample_bytree": -0.2728219433512119, "log10_eta": -3.9255322091828933, "log10_lambda": -1.4328763588032762, "log10_min_child_weight": 3.6943606767528308, "log10_subsample": -0.8036832697401538, "max_depth": 9.0, "num_boost_round": 1.0}, "datetime": {"datetime": "2024-01-19 01:31:57", "elapsed": 4814.757167, "delta": 0.004781}}
{"target": -17.677228733093937, "params": {"gamma": 620.9958079526804, "log10_alpha": -1.7223464694210229, "log10_colsample_bytree": -0.2728219433512119, "log10_eta": -3.9255322091828933, "log10_lambda": -1.4328763588032762, "log10_min_child_weight": 3.6943606767528308, "log10_subsample": -0.8036832697401538, "max_depth": 9.0, "num_boost_round": 2.0}, "datetime": {"datetime": "2024-01-19 01:31:57", "elapsed": 4814.761801, "delta": 0.004634}}
{"target": -17.6772287239455, "params": {"gamma": 620.9958079526804, "log10_alpha": -1.7223464694210229, "log10_colsample_bytree": -0.2728219433512119, "log10_eta": -3.9255322091828933, "log10_lambda": -1.4328763588032762, "log10_min_child_weight": 3.6943606767528308, "log10_subsample": -0.8036832697401538, "max_depth": 9.0, "num_boost_round": 3.0}, "datetime": {"datetime": "2024-01-19 01:31:57", "elapsed": 4814.7662, "delta": 0.004399}}
{"target": -17.677228777878895, "params": {"gamma": 620.9958079526804, "log10_alpha": -1.7223464694210229, "log10_colsample_bytree": -0.2728219433512119, "log10_eta": -3.9255322091828933, "log10_lambda": -1.4328763588032762, "log10_min_child_weight": 3.6943606767528308, "log10_subsample": -0.8036832697401538, "max_depth": 9.0, "num_boost_round": 4.0}, "datetime": {"datetime": "2024-01-19 01:31:57", "elapsed": 4814.770778, "delta": 0.004578}}
{"target": -17.677226993877138, "params": {"gamma": 620.9958079526804, "log10_alpha": -1.7223464694210229, "log10_colsample_bytree": -0.2728219433512119, "log10_eta": -3.9255322091828933, "log10_lambda": -1.4328763588032762, "log10_min_child_weight": 3.6943606767528308, "log10_subsample": -0.8036832697401538, "max_depth": 9.0, "num_boost_round": 5.0}, "datetime": {"datetime": "2024-01-19 01:31:57", "elapsed": 4814.77509, "delta": 0.004312}}
{"target": -17.677226996368383, "params": {"gamma": 620.9958079526804, "log10_alpha": -1.7223464694210229, "log10_colsample_bytree": -0.2728219433512119, "log10_eta": -3.9255322091828933, "log10_lambda": -1.4328763588032762, "log10_min_child_weight": 3.6943606767528308, "log10_subsample": -0.8036832697401538, "max_depth": 9.0, "num_boost_round": 6.0}, "datetime": {"datetime": "2024-01-19 01:31:57", "elapsed": 4814.779494, "delta": 0.004404}}
{"target": -17.67722714589114, "params": {"gamma": 620.9958079526804, "log10_alpha": -1.7223464694210229, "log10_colsample_bytree": -0.2728219433512119, "log10_eta": -3.9255322091828933, "log10_lambda": -1.4328763588032762, "log10_min_child_weight": 3.6943606767528308, "log10_subsample": -0.8036832697401538, "max_depth": 9.0, "num_boost_round": 7.0}, "datetime": {"datetime": "2024-01-19 01:31:57", "elapsed": 4814.784036, "delta": 0.004542}}
{"target": -17.677226141469973, "params": {"gamma": 620.9958079526804, "log10_alpha": -1.7223464694210229, "log10_colsample_bytree": -0.2728219433512119, "log10_eta": -3.9255322091828933, "log10_lambda": -1.4328763588032762, "log10_min_child_weight": 3.6943606767528308, "log10_subsample": -0.8036832697401538, "max_depth": 9.0, "num_boost_round": 8.0}, "datetime": {"datetime": "2024-01-19 01:31:57", "elapsed": 4814.788295, "delta": 0.004259}}
{"target": -17.677224919642278, "params": {"gamma": 620.9958079526804, "log10_alpha": -1.7223464694210229, "log10_colsample_bytree": -0.2728219433512119, "log10_eta": -3.9255322091828933, "log10_lambda": -1.4328763588032762, "log10_min_child_weight": 3.6943606767528308, "log10_subsample": -0.8036832697401538, "max_depth": 9.0, "num_boost_round": 9.0}, "datetime": {"datetime": "2024-01-19 01:31:57", "elapsed": 4814.79274, "delta": 0.004445}}
{"target": -17.677220230914696, "params": {"gamma": 620.9958079526804, "log10_alpha": -1.7223464694210229, "log10_colsample_bytree": -0.2728219433512119, "log10_eta": -3.9255322091828933, "log10_lambda": -1.4328763588032762, "log10_min_child_weight": 3.6943606767528308, "log10_subsample": -0.8036832697401538, "max_depth": 9.0, "num_boost_round": 10.0}, "datetime": {"datetime": "2024-01-19 01:31:57", "elapsed": 4814.797185, "delta": 0.004445}}
{"target": -17.677218301090026, "params": {"gamma": 620.9958079526804, "log10_alpha": -1.7223464694210229, "log10_colsample_bytree": -0.2728219433512119, "log10_eta": -3.9255322091828933, "log10_lambda": -1.4328763588032762, "log10_min_child_weight": 3.6943606767528308, "log10_subsample": -0.8036832697401538, "max_depth": 9.0, "num_boost_round": 11.0}, "datetime": {"datetime": "2024-01-19 01:31:57", "elapsed": 4814.801499, "delta": 0.004314}}
{"target": -17.67721885755666, "params": {"gamma": 620.9958079526804, "log10_alpha": -1.7223464694210229, "log10_colsample_bytree": -0.2728219433512119, "log10_eta": -3.9255322091828933, "log10_lambda": -1.4328763588032762, "log10_min_child_weight": 3.6943606767528308, "log10_subsample": -0.8036832697401538, "max_depth": 9.0, "num_boost_round": 12.0}, "datetime": {"datetime": "2024-01-19 01:31:57", "elapsed": 4814.805776, "delta": 0.004277}}
{"target": -17.677216764883493, "params": {"gamma": 620.9958079526804, "log10_alpha": -1.7223464694210229, "log10_colsample_bytree": -0.2728219433512119, "log10_eta": -3.9255322091828933, "log10_lambda": -1.4328763588032762, "log10_min_child_weight": 3.6943606767528308, "log10_subsample": -0.8036832697401538, "max_depth": 9.0, "num_boost_round": 13.0}, "datetime": {"datetime": "2024-01-19 01:31:57", "elapsed": 4814.810318, "delta": 0.004542}}
{"target": -17.677215818868863, "params": {"gamma": 620.9958079526804, "log10_alpha": -1.7223464694210229, "log10_colsample_bytree": -0.2728219433512119, "log10_eta": -3.9255322091828933, "log10_lambda": -1.4328763588032762, "log10_min_child_weight": 3.6943606767528308, "log10_subsample": -0.8036832697401538, "max_depth": 9.0, "num_boost_round": 14.0}, "datetime": {"datetime": "2024-01-19 01:31:57", "elapsed": 4814.814631, "delta": 0.004313}}
{"target": -17.67721331422958, "params": {"gamma": 620.9958079526804, "log10_alpha": -1.7223464694210229, "log10_colsample_bytree": -0.2728219433512119, "log10_eta": -3.9255322091828933, "log10_lambda": -1.4328763588032762, "log10_min_child_weight": 3.6943606767528308, "log10_subsample": -0.8036832697401538, "max_depth": 9.0, "num_boost_round": 15.0}, "datetime": {"datetime": "2024-01-19 01:31:57", "elapsed": 4814.819016, "delta": 0.004385}}
{"target": -17.677211869588486, "params": {"gamma": 620.9958079526804, "log10_alpha": -1.7223464694210229, "log10_colsample_bytree": -0.2728219433512119, "log10_eta": -3.9255322091828933, "log10_lambda": -1.4328763588032762, "log10_min_child_weight": 3.6943606767528308, "log10_subsample": -0.8036832697401538, "max_depth": 9.0, "num_boost_round": 16.0}, "datetime": {"datetime": "2024-01-19 01:31:57", "elapsed": 4814.823552, "delta": 0.004536}}
{"target": -17.677209602981396, "params": {"gamma": 620.9958079526804, "log10_alpha": -1.7223464694210229, "log10_colsample_bytree": -0.2728219433512119, "log10_eta": -3.9255322091828933, "log10_lambda": -1.4328763588032762, "log10_min_child_weight": 3.6943606767528308, "log10_subsample": -0.8036832697401538, "max_depth": 9.0, "num_boost_round": 17.0}, "datetime": {"datetime": "2024-01-19 01:31:57", "elapsed": 4814.93906, "delta": 0.115508}}
