{"target": -17.677184106612774, "params": {"gamma": 867.4532290092787, "log10_alpha": -2.793841995677491, "log10_colsample_bytree": -0.28057257423341175, "log10_eta": -3.31369852162152, "log10_lambda": -4.413843227573257, "log10_min_child_weight": 4.933425664054645, "log10_subsample": -0.5882856796960346, "max_depth": 7.0, "num_boost_round": 19.0}, "datetime": {"datetime": "2024-01-19 00:18:10", "elapsed": 370.836824, "delta": 0.000734}}
{"target": -17.677180043012697, "params": {"gamma": 867.4532290092787, "log10_alpha": -2.793841995677491, "log10_colsample_bytree": -0.28057257423341175, "log10_eta": -3.31369852162152, "log10_lambda": -4.413843227573257, "log10_min_child_weight": 4.933425664054645, "log10_subsample": -0.5882856796960346, "max_depth": 7.0, "num_boost_round": 20.0}, "datetime": {"datetime": "2024-01-19 00:18:10", "elapsed": 370.837556, "delta": 0.000732}}
{"target": -17.677189649190627, "params": {"gamma": 869.7575881727084, "log10_alpha": -0.6750326208811401, "log10_colsample_bytree": -0.6423170820305769, "log10_eta": -3.1330110875039763, "log10_lambda": -3.791365311875424, "log10_min_child_weight": 2.8300451974159198, "log10_subsample": -0.17534498812736254, "max_depth": 7.0, "num_boost_round": 0.0}, "datetime": {"datetime": "2024-01-19 00:18:34", "elapsed": 394.821777, "delta": 23.984221}}
{"target": -17.67716026102981, "params": {"gamma": 869.7575881727084, "log10_alpha": -0.6750326208811401, "log10_colsample_bytree": -0.6423170820305769, "log10_eta": -3.1330110875039763, "log10_lambda": -3.791365311875424, "log10_min_child_weight": 2.8300451974159198, "log10_subsample": -0.17534498812736254, "max_depth": 7.0, "num_boost_round": 1.0}, "datetime": {"datetime": "2024-01-19 00:18:34", "elapsed": 394.822721, "delta": 0.000944}}
{"target": -17.677084222814724, "params": {"gamma": 869.7575881727084, "log10_alpha": -0.6750326208811401, "log10_colsample_bytree": -0.6423170820305769, "log10_eta": -3.1330110875039763, "log10_lambda": -3.791365311875424, "log10_min_child_weight": 2.8300451974159198, "log10_subsample": -0.17534498812736254, "max_depth": 7.0, "num_boost_round": 2.0}, "datetime": {"datetime": "2024-01-19 00:18:34", "elapsed": 394.823463, "delta": 0.000742}}
{"target": -17.677050825383873, "params": {"gamma": 869.7575881727084, "log10_alpha": -0.6750326208811401, "log10_colsample_bytree": -0.6423170820305769, "log10_eta": -3.1330110875039763, "log10_lambda": -3.791365311875424, "log10_min_child_weight": 2.8300451974159198, "log10_subsample": -0.17534498812736254, "max_depth": 7.0, "num_boost_round": 3.0}, "datetime": {"datetime": "2024-01-19 00:18:34", "elapsed": 394.824201, "delta": 0.000738}}
{"target": -17.676999164502796, "params": {"gamma": 869.7575881727084, "log10_alpha": -0.6750326208811401, "log10_colsample_bytree": -0.6423170820305769, "log10_eta": -3.1330110875039763, "log10_lambda": -3.791365311875424, "log10_min_child_weight": 2.8300451974159198, "log10_subsample": -0.17534498812736254, "max_depth": 7.0, "num_boost_round": 4.0}, "datetime": {"datetime": "2024-01-19 00:18:34", "elapsed": 394.824924, "delta": 0.000723}}
{"target": -17.676956785235287, "params": {"gamma": 869.7575881727084, "log10_alpha": -0.6750326208811401, "log10_colsample_bytree": -0.6423170820305769, "log10_eta": -3.1330110875039763, "log10_lambda": -3.791365311875424, "log10_min_child_weight": 2.8300451974159198, "log10_subsample": -0.17534498812736254, "max_depth": 7.0, "num_boost_round": 5.0}, "datetime": {"datetime": "2024-01-19 00:18:34", "elapsed": 394.825662, "delta": 0.000738}}
{"target": -17.676911773173007, "params": {"gamma": 869.7575881727084, "log10_alpha": -0.6750326208811401, "log10_colsample_bytree": -0.6423170820305769, "log10_eta": -3.1330110875039763, "log10_lambda": -3.791365311875424, "log10_min_child_weight": 2.8300451974159198, "log10_subsample": -0.17534498812736254, "max_depth": 7.0, "num_boost_round": 6.0}, "datetime": {"datetime": "2024-01-19 00:18:34", "elapsed": 394.826393, "delta": 0.000731}}
{"target": -17.676850889261722, "params": {"gamma": 869.7575881727084, "log10_alpha": -0.6750326208811401, "log10_colsample_bytree": -0.6423170820305769, "log10_eta": -3.1330110875039763, "log10_lambda": -3.791365311875424, "log10_min_child_weight": 2.8300451974159198, "log10_subsample": -0.17534498812736254, "max_depth": 7.0, "num_boost_round": 7.0}, "datetime": {"datetime": "2024-01-19 00:18:34", "elapsed": 394.827124, "delta": 0.000731}}
{"target": -17.676811874983894, "params": {"gamma": 869.7575881727084, "log10_alpha": -0.6750326208811401, "log10_colsample_bytree": -0.6423170820305769, "log10_eta": -3.1330110875039763, "log10_lambda": -3.791365311875424, "log10_min_child_weight": 2.8300451974159198, "log10_subsample": -0.17534498812736254, "max_depth": 7.0, "num_boost_round": 8.0}, "datetime": {"datetime": "2024-01-19 00:18:34", "elapsed": 394.827862, "delta": 0.000738}}
{"target": -17.676752769026326, "params": {"gamma": 869.7575881727084, "log10_alpha": -0.6750326208811401, "log10_colsample_bytree": -0.6423170820305769, "log10_eta": -3.1330110875039763, "log10_lambda": -3.791365311875424, "log10_min_child_weight": 2.8300451974159198, "log10_subsample": -0.17534498812736254, "max_depth": 7.0, "num_boost_round": 9.0}, "datetime": {"datetime": "2024-01-19 00:18:34", "elapsed": 394.82862, "delta": 0.000758}}
{"target": -17.67671697088315, "params": {"gamma": 869.7575881727084, "log10_alpha": -0.6750326208811401, "log10_colsample_bytree": -0.6423170820305769, "log10_eta": -3.1330110875039763, "log10_lambda": -3.791365311875424, "log10_min_child_weight": 2.8300451974159198, "log10_subsample": -0.17534498812736254, "max_depth": 7.0, "num_boost_round": 10.0}, "datetime": {"datetime": "2024-01-19 00:18:34", "elapsed": 394.829358, "delta": 0.000738}}
{"target": -17.676702797407355, "params": {"gamma": 869.7575881727084, "log10_alpha": -0.6750326208811401, "log10_colsample_bytree": -0.6423170820305769, "log10_eta": -3.1330110875039763, "log10_lambda": -3.791365311875424, "log10_min_child_weight": 2.8300451974159198, "log10_subsample": -0.17534498812736254, "max_depth": 7.0, "num_boost_round": 11.0}, "datetime": {"datetime": "2024-01-19 00:18:34", "elapsed": 394.830285, "delta": 0.000927}}
{"target": -17.676653961721556, "params": {"gamma": 869.7575881727084, "log10_alpha": -0.6750326208811401, "log10_colsample_bytree": -0.6423170820305769, "log10_eta": -3.1330110875039763, "log10_lambda": -3.791365311875424, "log10_min_child_weight": 2.8300451974159198, "log10_subsample": -0.17534498812736254, "max_depth": 7.0, "num_boost_round": 12.0}, "datetime": {"datetime": "2024-01-19 00:18:34", "elapsed": 394.924605, "delta": 0.09432}}
{"target": -17.676589819540947, "params": {"gamma": 869.7575881727084, "log10_alpha": -0.6750326208811401, "log10_colsample_bytree": -0.6423170820305769, "log10_eta": -3.1330110875039763, "log10_lambda": -3.791365311875424, "log10_min_child_weight": 2.8300451974159198, "log10_subsample": -0.17534498812736254, "max_depth": 7.0, "num_boost_round": 13.0}, "datetime": {"datetime": "2024-01-19 00:18:34", "elapsed": 394.926423, "delta": 0.001818}}
{"target": -17.676594713906212, "params": {"gamma": 869.7575881727084, "log10_alpha": -0.6750326208811401, "log10_colsample_bytree": -0.6423170820305769, "log10_eta": -3.1330110875039763, "log10_lambda": -3.791365311875424, "log10_min_child_weight": 2.8300451974159198, "log10_subsample": -0.17534498812736254, "max_depth": 7.0, "num_boost_round": 14.0}, "datetime": {"datetime": "2024-01-19 00:18:34", "elapsed": 394.927329, "delta": 0.000906}}
{"target": -17.67656879000954, "params": {"gamma": 869.7575881727084, "log10_alpha": -0.6750326208811401, "log10_colsample_bytree": -0.6423170820305769, "log10_eta": -3.1330110875039763, "log10_lambda": -3.791365311875424, "log10_min_child_weight": 2.8300451974159198, "log10_subsample": -0.17534498812736254, "max_depth": 7.0, "num_boost_round": 15.0}, "datetime": {"datetime": "2024-01-19 00:18:34", "elapsed": 394.928245, "delta": 0.000916}}
{"target": -17.676533733737962, "params": {"gamma": 869.7575881727084, "log10_alpha": -0.6750326208811401, "log10_colsample_bytree": -0.6423170820305769, "log10_eta": -3.1330110875039763, "log10_lambda": -3.791365311875424, "log10_min_child_weight": 2.8300451974159198, "log10_subsample": -0.17534498812736254, "max_depth": 7.0, "num_boost_round": 16.0}, "datetime": {"datetime": "2024-01-19 00:18:34", "elapsed": 394.929108, "delta": 0.000863}}
{"target": -17.67649870861232, "params": {"gamma": 869.7575881727084, "log10_alpha": -0.6750326208811401, "log10_colsample_bytree": -0.6423170820305769, "log10_eta": -3.1330110875039763, "log10_lambda": -3.791365311875424, "log10_min_child_weight": 2.8300451974159198, "log10_subsample": -0.17534498812736254, "max_depth": 7.0, "num_boost_round": 17.0}, "datetime": {"datetime": "2024-01-19 00:18:34", "elapsed": 394.929867, "delta": 0.000759}}
{"target": -17.6765143409618, "params": {"gamma": 869.7575881727084, "log10_alpha": -0.6750326208811401, "log10_colsample_bytree": -0.6423170820305769, "log10_eta": -3.1330110875039763, "log10_lambda": -3.791365311875424, "log10_min_child_weight": 2.8300451974159198, "log10_subsample": -0.17534498812736254, "max_depth": 7.0, "num_boost_round": 18.0}, "datetime": {"datetime": "2024-01-19 00:18:34", "elapsed": 394.930642, "delta": 0.000775}}
{"target": -17.676481583128044, "params": {"gamma": 869.7575881727084, "log10_alpha": -0.6750326208811401, "log10_colsample_bytree": -0.6423170820305769, "log10_eta": -3.1330110875039763, "log10_lambda": -3.791365311875424, "log10_min_child_weight": 2.8300451974159198, "log10_subsample": -0.17534498812736254, "max_depth": 7.0, "num_boost_round": 19.0}, "datetime": {"datetime": "2024-01-19 00:18:34", "elapsed": 394.931392, "delta": 0.00075}}
{"target": -17.67642810681644, "params": {"gamma": 869.7575881727084, "log10_alpha": -0.6750326208811401, "log10_colsample_bytree": -0.6423170820305769, "log10_eta": -3.1330110875039763, "log10_lambda": -3.791365311875424, "log10_min_child_weight": 2.8300451974159198, "log10_subsample": -0.17534498812736254, "max_depth": 7.0, "num_boost_round": 20.0}, "datetime": {"datetime": "2024-01-19 00:18:34", "elapsed": 394.932156, "delta": 0.000764}}
{"target": -17.67723303797603, "params": {"gamma": 869.7940135554632, "log10_alpha": -0.960635824299035, "log10_colsample_bytree": -0.29231292247468127, "log10_eta": -4.0, "log10_lambda": -0.7306300340456122, "log10_min_child_weight": 2.8239301551660816, "log10_subsample": 0.0, "max_depth": 9.0, "num_boost_round": 0.0}, "datetime": {"datetime": "2024-01-19 00:18:56", "elapsed": 416.891442, "delta": 21.959286}}
{"target": -17.67722545156005, "params": {"gamma": 869.7940135554632, "log10_alpha": -0.960635824299035, "log10_colsample_bytree": -0.29231292247468127, "log10_eta": -4.0, "log10_lambda": -0.7306300340456122, "log10_min_child_weight": 2.8239301551660816, "log10_subsample": 0.0, "max_depth": 9.0, "num_boost_round": 1.0}, "datetime": {"datetime": "2024-01-19 00:18:56", "elapsed": 416.89241, "delta": 0.000968}}
{"target": -17.67721619931332, "params": {"gamma": 869.7940135554632, "log10_alpha": -0.960635824299035, "log10_colsample_bytree": -0.29231292247468127, "log10_eta": -4.0, "log10_lambda": -0.7306300340456122, "log10_min_child_weight": 2.8239301551660816, "log10_subsample": 0.0, "max_depth": 9.0, "num_boost_round": 2.0}, "datetime": {"datetime": "2024-01-19 00:18:56", "elapsed": 416.893237, "delta": 0.000827}}
{"target": -17.677217644048813, "params": {"gamma": 869.7940135554632, "log10_alpha": -0.960635824299035, "log10_colsample_bytree": -0.29231292247468127, "log10_eta": -4.0, "log10_lambda": -0.7306300340456122, "log10_min_child_weight": 2.8239301551660816, "log10_subsample": 0.0, "max_depth": 9.0, "num_boost_round": 3.0}, "datetime": {"datetime": "2024-01-19 00:18:56", "elapsed": 416.894681, "delta": 0.001444}}
{"target": -17.677216653304136, "params": {"gamma": 869.7940135554632, "log10_alpha": -0.960635824299035, "log10_colsample_bytree": -0.29231292247468127, "log10_eta": -4.0, "log10_lambda": -0.7306300340456122, "log10_min_child_weight": 2.8239301551660816, "log10_subsample": 0.0, "max_depth": 9.0, "num_boost_round": 4.0}, "datetime": {"datetime": "2024-01-19 00:18:56", "elapsed": 416.895494, "delta": 0.000813}}
{"target": -17.677207441533398, "params": {"gamma": 869.7940135554632, "log10_alpha": -0.960635824299035, "log10_colsample_bytree": -0.29231292247468127, "log10_eta": -4.0, "log10_lambda": -0.7306300340456122, "log10_min_child_weight": 2.8239301551660816, "log10_subsample": 0.0, "max_depth": 9.0, "num_boost_round": 5.0}, "datetime": {"datetime": "2024-01-19 00:18:56", "elapsed": 416.896267, "delta": 0.000773}}
{"target": -17.677211091777828, "params": {"gamma": 869.7940135554632, "log10_alpha": -0.960635824299035, "log10_colsample_bytree": -0.29231292247468127, "log10_eta": -4.0, "log10_lambda": -0.7306300340456122, "log10_min_child_weight": 2.8239301551660816, "log10_subsample": 0.0, "max_depth": 9.0, "num_boost_round": 6.0}, "datetime": {"datetime": "2024-01-19 00:18:56", "elapsed": 416.897354, "delta": 0.001087}}
{"target": -17.67720910493986, "params": {"gamma": 869.7940135554632, "log10_alpha": -0.960635824299035, "log10_colsample_bytree": -0.29231292247468127, "log10_eta": -4.0, "log10_lambda": -0.7306300340456122, "log10_min_child_weight": 2.8239301551660816, "log10_subsample": 0.0, "max_depth": 9.0, "num_boost_round": 7.0}, "datetime": {"datetime": "2024-01-19 00:18:56", "elapsed": 416.898255, "delta": 0.000901}}
{"target": -17.67720553729633, "params": {"gamma": 869.7940135554632, "log10_alpha": -0.960635824299035, "log10_colsample_bytree": -0.29231292247468127, "log10_eta": -4.0, "log10_lambda": -0.7306300340456122, "log10_min_child_weight": 2.8239301551660816, "log10_subsample": 0.0, "max_depth": 9.0, "num_boost_round": 8.0}, "datetime": {"datetime": "2024-01-19 00:18:56", "elapsed": 416.899129, "delta": 0.000874}}
{"target": -17.677197760843768, "params": {"gamma": 869.7940135554632, "log10_alpha": -0.960635824299035, "log10_colsample_bytree": -0.29231292247468127, "log10_eta": -4.0, "log10_lambda": -0.7306300340456122, "log10_min_child_weight": 2.8239301551660816, "log10_subsample": 0.0, "max_depth": 9.0, "num_boost_round": 9.0}, "datetime": {"datetime": "2024-01-19 00:18:56", "elapsed": 416.900114, "delta": 0.000985}}
{"target": -17.67719443100696, "params": {"gamma": 869.7940135554632, "log10_alpha": -0.960635824299035, "log10_colsample_bytree": -0.29231292247468127, "log10_eta": -4.0, "log10_lambda": -0.7306300340456122, "log10_min_child_weight": 2.8239301551660816, "log10_subsample": 0.0, "max_depth": 9.0, "num_boost_round": 10.0}, "datetime": {"datetime": "2024-01-19 00:18:56", "elapsed": 416.900916, "delta": 0.000802}}
{"target": -17.677121993811344, "params": {"gamma": 865.8576023585066, "log10_alpha": -0.23227899790742512, "log10_colsample_bytree": -0.9422394187039576, "log10_eta": -2.2586769119867647, "log10_lambda": -4.689791083056102, "log10_min_child_weight": 3.823056951381582, "log10_subsample": -0.09409562543099681, "max_depth": 7.0, "num_boost_round": 0.0}, "datetime": {"datetime": "2024-01-19 00:19:17", "elapsed": 437.957454, "delta": 21.056538}}
{"target": -17.677100747325923, "params": {"gamma": 865.8576023585066, "log10_alpha": -0.23227899790742512, "log10_colsample_bytree": -0.9422394187039576, "log10_eta": -2.2586769119867647, "log10_lambda": -4.689791083056102, "log10_min_child_weight": 3.823056951381582, "log10_subsample": -0.09409562543099681, "max_depth": 7.0, "num_boost_round": 1.0}, "datetime": {"datetime": "2024-01-19 00:19:17", "elapsed": 437.958927, "delta": 0.001473}}
{"target": -17.67695792418333, "params": {"gamma": 865.8576023585066, "log10_alpha": -0.23227899790742512, "log10_colsample_bytree": -0.9422394187039576, "log10_eta": -2.2586769119867647, "log10_lambda": -4.689791083056102, "log10_min_child_weight": 3.823056951381582, "log10_subsample": -0.09409562543099681, "max_depth": 7.0, "num_boost_round": 2.0}, "datetime": {"datetime": "2024-01-19 00:19:17", "elapsed": 437.959715, "delta": 0.000788}}
{"target": -17.6769057823265, "params": {"gamma": 865.8576023585066, "log10_alpha": -0.23227899790742512, "log10_colsample_bytree": -0.9422394187039576, "log10_eta": -2.2586769119867647, "log10_lambda": -4.689791083056102, "log10_min_child_weight": 3.823056951381582, "log10_subsample": -0.09409562543099681, "max_depth": 7.0, "num_boost_round": 3.0}, "datetime": {"datetime": "2024-01-19 00:19:17", "elapsed": 437.96059, "delta": 0.000875}}
{"target": -17.676713176356703, "params": {"gamma": 865.8576023585066, "log10_alpha": -0.23227899790742512, "log10_colsample_bytree": -0.9422394187039576, "log10_eta": -2.2586769119867647, "log10_lambda": -4.689791083056102, "log10_min_child_weight": 3.823056951381582, "log10_subsample": -0.09409562543099681, "max_depth": 7.0, "num_boost_round": 4.0}, "datetime": {"datetime": "2024-01-19 00:19:17", "elapsed": 437.961361, "delta": 0.000771}}
{"target": -17.676682805354822, "params": {"gamma": 865.8576023585066, "log10_alpha": -0.23227899790742512, "log10_colsample_bytree": -0.9422394187039576, "log10_eta": -2.2586769119867647, "log10_lambda": -4.689791083056102, "log10_min_child_weight": 3.823056951381582, "log10_subsample": -0.09409562543099681, "max_depth": 7.0, "num_boost_round": 5.0}, "datetime": {"datetime": "2024-01-19 00:19:17", "elapsed": 437.962285, "delta": 0.000924}}
{"target": -17.676722693866072, "params": {"gamma": 865.8576023585066, "log10_alpha": -0.23227899790742512, "log10_colsample_bytree": -0.9422394187039576, "log10_eta": -2.2586769119867647, "log10_lambda": -4.689791083056102, "log10_min_child_weight": 3.823056951381582, "log10_subsample": -0.09409562543099681, "max_depth": 7.0, "num_boost_round": 6.0}, "datetime": {"datetime": "2024-01-19 00:19:17", "elapsed": 437.963459, "delta": 0.001174}}
{"target": -17.67659391245071, "params": {"gamma": 865.8576023585066, "log10_alpha": -0.23227899790742512, "log10_colsample_bytree": -0.9422394187039576, "log10_eta": -2.2586769119867647, "log10_lambda": -4.689791083056102, "log10_min_child_weight": 3.823056951381582, "log10_subsample": -0.09409562543099681, "max_depth": 7.0, "num_boost_round": 7.0}, "datetime": {"datetime": "2024-01-19 00:19:17", "elapsed": 437.964248, "delta": 0.000789}}
{"target": -17.676415259205136, "params": {"gamma": 865.8576023585066, "log10_alpha": -0.23227899790742512, "log10_colsample_bytree": -0.9422394187039576, "log10_eta": -2.2586769119867647, "log10_lambda": -4.689791083056102, "log10_min_child_weight": 3.823056951381582, "log10_subsample": -0.09409562543099681, "max_depth": 7.0, "num_boost_round": 8.0}, "datetime": {"datetime": "2024-01-19 00:19:17", "elapsed": 437.965028, "delta": 0.00078}}
{"target": -17.67635657399178, "params": {"gamma": 865.8576023585066, "log10_alpha": -0.23227899790742512, "log10_colsample_bytree": -0.9422394187039576, "log10_eta": -2.2586769119867647, "log10_lambda": -4.689791083056102, "log10_min_child_weight": 3.823056951381582, "log10_subsample": -0.09409562543099681, "max_depth": 7.0, "num_boost_round": 9.0}, "datetime": {"datetime": "2024-01-19 00:19:17", "elapsed": 437.965813, "delta": 0.000785}}
{"target": -17.67625398321469, "params": {"gamma": 865.8576023585066, "log10_alpha": -0.23227899790742512, "log10_colsample_bytree": -0.9422394187039576, "log10_eta": -2.2586769119867647, "log10_lambda": -4.689791083056102, "log10_min_child_weight": 3.823056951381582, "log10_subsample": -0.09409562543099681, "max_depth": 7.0, "num_boost_round": 10.0}, "datetime": {"datetime": "2024-01-19 00:19:17", "elapsed": 437.966647, "delta": 0.000834}}
{"target": -17.676203295033492, "params": {"gamma": 865.8576023585066, "log10_alpha": -0.23227899790742512, "log10_colsample_bytree": -0.9422394187039576, "log10_eta": -2.2586769119867647, "log10_lambda": -4.689791083056102, "log10_min_child_weight": 3.823056951381582, "log10_subsample": -0.09409562543099681, "max_depth": 7.0, "num_boost_round": 11.0}, "datetime": {"datetime": "2024-01-19 00:19:17", "elapsed": 437.967415, "delta": 0.000768}}
{"target": -17.6759715101774, "params": {"gamma": 865.8576023585066, "log10_alpha": -0.23227899790742512, "log10_colsample_bytree": -0.9422394187039576, "log10_eta": -2.2586769119867647, "log10_lambda": -4.689791083056102, "log10_min_child_weight": 3.823056951381582, "log10_subsample": -0.09409562543099681, "max_depth": 7.0, "num_boost_round": 12.0}, "datetime": {"datetime": "2024-01-19 00:19:17", "elapsed": 437.968213, "delta": 0.000798}}
{"target": -17.677231364366364, "params": {"gamma": 863.7040855971215, "log10_alpha": -1.41346516130284, "log10_colsample_bytree": -0.034605828831572705, "log10_eta": -3.835583077264315, "log10_lambda": -2.774916754431791, "log10_min_child_weight": 3.838405869200068, "log10_subsample": -0.22218483573961634, "max_depth": 7.0, "num_boost_round": 0.0}, "datetime": {"datetime": "2024-01-19 00:19:39", "elapsed": 459.823656, "delta": 21.855443}}
{"target": -17.677227839682278, "params": {"gamma": 863.7040855971215, "log10_alpha": -1.41346516130284, "log10_colsample_bytree": -0.034605828831572705, "log10_eta": -3.835583077264315, "log10_lambda": -2.774916754431791, "log10_min_child_weight": 3.838405869200068, "log10_subsample": -0.22218483573961634, "max_depth": 7.0, "num_boost_round": 1.0}, "datetime": {"datetime": "2024-01-19 00:19:39", "elapsed": 459.825189, "delta": 0.001533}}
{"target": -17.677224331819417, "params": {"gamma": 863.7040855971215, "log10_alpha": -1.41346516130284, "log10_colsample_bytree": -0.034605828831572705, "log10_eta": -3.835583077264315, "log10_lambda": -2.774916754431791, "log10_min_child_weight": 3.838405869200068, "log10_subsample": -0.22218483573961634, "max_depth": 7.0, "num_boost_round": 2.0}, "datetime": {"datetime": "2024-01-19 00:19:39", "elapsed": 459.826288, "delta": 0.001099}}
