{"target": -17.67199483220297, "params": {"gamma": 851.0535093138442, "log10_alpha": 0.11728888441617258, "log10_colsample_bytree": -0.9193973708321033, "log10_eta": -2.124175579663638, "log10_lambda": -0.9523383472217963, "log10_min_child_weight": 3.59535120125662, "log10_subsample": -0.33490980761058575, "max_depth": 8.0, "num_boost_round": 92.0}, "datetime": {"datetime": "2024-01-19 02:11:04", "elapsed": 7148.651923, "delta": 0.008818}}
{"target": -17.671843745567383, "params": {"gamma": 851.0535093138442, "log10_alpha": 0.11728888441617258, "log10_colsample_bytree": -0.9193973708321033, "log10_eta": -2.124175579663638, "log10_lambda": -0.9523383472217963, "log10_min_child_weight": 3.59535120125662, "log10_subsample": -0.33490980761058575, "max_depth": 8.0, "num_boost_round": 93.0}, "datetime": {"datetime": "2024-01-19 02:11:04", "elapsed": 7148.660289, "delta": 0.008366}}
{"target": -17.67178972297809, "params": {"gamma": 851.0535093138442, "log10_alpha": 0.11728888441617258, "log10_colsample_bytree": -0.9193973708321033, "log10_eta": -2.124175579663638, "log10_lambda": -0.9523383472217963, "log10_min_child_weight": 3.59535120125662, "log10_subsample": -0.33490980761058575, "max_depth": 8.0, "num_boost_round": 94.0}, "datetime": {"datetime": "2024-01-19 02:11:04", "elapsed": 7148.668403, "delta": 0.008114}}
{"target": -17.671591415106654, "params": {"gamma": 851.0535093138442, "log10_alpha": 0.11728888441617258, "log10_colsample_bytree": -0.9193973708321033, "log10_eta": -2.124175579663638, "log10_lambda": -0.9523383472217963, "log10_min_child_weight": 3.59535120125662, "log10_subsample": -0.33490980761058575, "max_depth": 8.0, "num_boost_round": 95.0}, "datetime": {"datetime": "2024-01-19 02:11:04", "elapsed": 7148.676977, "delta": 0.008574}}
{"target": -17.671567708423254, "params": {"gamma": 851.0535093138442, "log10_alpha": 0.11728888441617258, "log10_colsample_bytree": -0.9193973708321033, "log10_eta": -2.124175579663638, "log10_lambda": -0.9523383472217963, "log10_min_child_weight": 3.59535120125662, "log10_subsample": -0.33490980761058575, "max_depth": 8.0, "num_boost_round": 96.0}, "datetime": {"datetime": "2024-01-19 02:11:04", "elapsed": 7148.685619, "delta": 0.008642}}
{"target": -17.671787115376222, "params": {"gamma": 851.0535093138442, "log10_alpha": 0.11728888441617258, "log10_colsample_bytree": -0.9193973708321033, "log10_eta": -2.124175579663638, "log10_lambda": -0.9523383472217963, "log10_min_child_weight": 3.59535120125662, "log10_subsample": -0.33490980761058575, "max_depth": 8.0, "num_boost_round": 97.0}, "datetime": {"datetime": "2024-01-19 02:11:04", "elapsed": 7148.694435, "delta": 0.008816}}
{"target": -17.67711635013622, "params": {"gamma": 835.8989758121539, "log10_alpha": -1.9702874180333678, "log10_colsample_bytree": -0.5420445107163159, "log10_eta": -1.9430717607684924, "log10_lambda": -2.5576810438789117, "log10_min_child_weight": 4.54469574807462, "log10_subsample": -0.49088409850565484, "max_depth": 9.0, "num_boost_round": 0.0}, "datetime": {"datetime": "2024-01-19 02:12:13", "elapsed": 7217.895613, "delta": 69.201178}}
{"target": -17.67701606320681, "params": {"gamma": 835.8989758121539, "log10_alpha": -1.9702874180333678, "log10_colsample_bytree": -0.5420445107163159, "log10_eta": -1.9430717607684924, "log10_lambda": -2.5576810438789117, "log10_min_child_weight": 4.54469574807462, "log10_subsample": -0.49088409850565484, "max_depth": 9.0, "num_boost_round": 1.0}, "datetime": {"datetime": "2024-01-19 02:12:13", "elapsed": 7217.905049, "delta": 0.009436}}
{"target": -17.676923488314912, "params": {"gamma": 835.8989758121539, "log10_alpha": -1.9702874180333678, "log10_colsample_bytree": -0.5420445107163159, "log10_eta": -1.9430717607684924, "log10_lambda": -2.5576810438789117, "log10_min_child_weight": 4.54469574807462, "log10_subsample": -0.49088409850565484, "max_depth": 9.0, "num_boost_round": 2.0}, "datetime": {"datetime": "2024-01-19 02:12:13", "elapsed": 7217.913706, "delta": 0.008657}}
{"target": -17.6767930145727, "params": {"gamma": 835.8989758121539, "log10_alpha": -1.9702874180333678, "log10_colsample_bytree": -0.5420445107163159, "log10_eta": -1.9430717607684924, "log10_lambda": -2.5576810438789117, "log10_min_child_weight": 4.54469574807462, "log10_subsample": -0.49088409850565484, "max_depth": 9.0, "num_boost_round": 3.0}, "datetime": {"datetime": "2024-01-19 02:12:13", "elapsed": 7217.922391, "delta": 0.008685}}
{"target": -17.676751825826468, "params": {"gamma": 835.8989758121539, "log10_alpha": -1.9702874180333678, "log10_colsample_bytree": -0.5420445107163159, "log10_eta": -1.9430717607684924, "log10_lambda": -2.5576810438789117, "log10_min_child_weight": 4.54469574807462, "log10_subsample": -0.49088409850565484, "max_depth": 9.0, "num_boost_round": 4.0}, "datetime": {"datetime": "2024-01-19 02:12:13", "elapsed": 7217.931446, "delta": 0.009055}}
{"target": -17.676626928752306, "params": {"gamma": 835.8989758121539, "log10_alpha": -1.9702874180333678, "log10_colsample_bytree": -0.5420445107163159, "log10_eta": -1.9430717607684924, "log10_lambda": -2.5576810438789117, "log10_min_child_weight": 4.54469574807462, "log10_subsample": -0.49088409850565484, "max_depth": 9.0, "num_boost_round": 5.0}, "datetime": {"datetime": "2024-01-19 02:12:13", "elapsed": 7217.940429, "delta": 0.008983}}
{"target": -17.676636697962014, "params": {"gamma": 835.8989758121539, "log10_alpha": -1.9702874180333678, "log10_colsample_bytree": -0.5420445107163159, "log10_eta": -1.9430717607684924, "log10_lambda": -2.5576810438789117, "log10_min_child_weight": 4.54469574807462, "log10_subsample": -0.49088409850565484, "max_depth": 9.0, "num_boost_round": 6.0}, "datetime": {"datetime": "2024-01-19 02:12:13", "elapsed": 7217.949334, "delta": 0.008905}}
{"target": -17.67672089333789, "params": {"gamma": 835.8989758121539, "log10_alpha": -1.9702874180333678, "log10_colsample_bytree": -0.5420445107163159, "log10_eta": -1.9430717607684924, "log10_lambda": -2.5576810438789117, "log10_min_child_weight": 4.54469574807462, "log10_subsample": -0.49088409850565484, "max_depth": 9.0, "num_boost_round": 7.0}, "datetime": {"datetime": "2024-01-19 02:12:13", "elapsed": 7217.958065, "delta": 0.008731}}
{"target": -17.67666066689284, "params": {"gamma": 835.8989758121539, "log10_alpha": -1.9702874180333678, "log10_colsample_bytree": -0.5420445107163159, "log10_eta": -1.9430717607684924, "log10_lambda": -2.5576810438789117, "log10_min_child_weight": 4.54469574807462, "log10_subsample": -0.49088409850565484, "max_depth": 9.0, "num_boost_round": 8.0}, "datetime": {"datetime": "2024-01-19 02:12:13", "elapsed": 7217.967183, "delta": 0.009118}}
{"target": -17.676611696296327, "params": {"gamma": 835.8989758121539, "log10_alpha": -1.9702874180333678, "log10_colsample_bytree": -0.5420445107163159, "log10_eta": -1.9430717607684924, "log10_lambda": -2.5576810438789117, "log10_min_child_weight": 4.54469574807462, "log10_subsample": -0.49088409850565484, "max_depth": 9.0, "num_boost_round": 9.0}, "datetime": {"datetime": "2024-01-19 02:12:13", "elapsed": 7217.976031, "delta": 0.008848}}
{"target": -17.67661373658023, "params": {"gamma": 835.8989758121539, "log10_alpha": -1.9702874180333678, "log10_colsample_bytree": -0.5420445107163159, "log10_eta": -1.9430717607684924, "log10_lambda": -2.5576810438789117, "log10_min_child_weight": 4.54469574807462, "log10_subsample": -0.49088409850565484, "max_depth": 9.0, "num_boost_round": 10.0}, "datetime": {"datetime": "2024-01-19 02:12:13", "elapsed": 7217.984524, "delta": 0.008493}}
{"target": -17.67646976243308, "params": {"gamma": 835.8989758121539, "log10_alpha": -1.9702874180333678, "log10_colsample_bytree": -0.5420445107163159, "log10_eta": -1.9430717607684924, "log10_lambda": -2.5576810438789117, "log10_min_child_weight": 4.54469574807462, "log10_subsample": -0.49088409850565484, "max_depth": 9.0, "num_boost_round": 11.0}, "datetime": {"datetime": "2024-01-19 02:12:13", "elapsed": 7217.993591, "delta": 0.009067}}
{"target": -17.67638396680683, "params": {"gamma": 835.8989758121539, "log10_alpha": -1.9702874180333678, "log10_colsample_bytree": -0.5420445107163159, "log10_eta": -1.9430717607684924, "log10_lambda": -2.5576810438789117, "log10_min_child_weight": 4.54469574807462, "log10_subsample": -0.49088409850565484, "max_depth": 9.0, "num_boost_round": 12.0}, "datetime": {"datetime": "2024-01-19 02:12:13", "elapsed": 7218.002578, "delta": 0.008987}}
{"target": -17.676324522588917, "params": {"gamma": 835.8989758121539, "log10_alpha": -1.9702874180333678, "log10_colsample_bytree": -0.5420445107163159, "log10_eta": -1.9430717607684924, "log10_lambda": -2.5576810438789117, "log10_min_child_weight": 4.54469574807462, "log10_subsample": -0.49088409850565484, "max_depth": 9.0, "num_boost_round": 13.0}, "datetime": {"datetime": "2024-01-19 02:12:13", "elapsed": 7218.011794, "delta": 0.009216}}
{"target": -17.676367773127147, "params": {"gamma": 835.8989758121539, "log10_alpha": -1.9702874180333678, "log10_colsample_bytree": -0.5420445107163159, "log10_eta": -1.9430717607684924, "log10_lambda": -2.5576810438789117, "log10_min_child_weight": 4.54469574807462, "log10_subsample": -0.49088409850565484, "max_depth": 9.0, "num_boost_round": 14.0}, "datetime": {"datetime": "2024-01-19 02:12:13", "elapsed": 7218.020739, "delta": 0.008945}}
{"target": -17.676351634105632, "params": {"gamma": 835.8989758121539, "log10_alpha": -1.9702874180333678, "log10_colsample_bytree": -0.5420445107163159, "log10_eta": -1.9430717607684924, "log10_lambda": -2.5576810438789117, "log10_min_child_weight": 4.54469574807462, "log10_subsample": -0.49088409850565484, "max_depth": 9.0, "num_boost_round": 15.0}, "datetime": {"datetime": "2024-01-19 02:12:13", "elapsed": 7218.029483, "delta": 0.008744}}
{"target": -17.676273264657002, "params": {"gamma": 835.8989758121539, "log10_alpha": -1.9702874180333678, "log10_colsample_bytree": -0.5420445107163159, "log10_eta": -1.9430717607684924, "log10_lambda": -2.5576810438789117, "log10_min_child_weight": 4.54469574807462, "log10_subsample": -0.49088409850565484, "max_depth": 9.0, "num_boost_round": 16.0}, "datetime": {"datetime": "2024-01-19 02:12:13", "elapsed": 7218.038515, "delta": 0.009032}}
{"target": -17.67624023881958, "params": {"gamma": 835.8989758121539, "log10_alpha": -1.9702874180333678, "log10_colsample_bytree": -0.5420445107163159, "log10_eta": -1.9430717607684924, "log10_lambda": -2.5576810438789117, "log10_min_child_weight": 4.54469574807462, "log10_subsample": -0.49088409850565484, "max_depth": 9.0, "num_boost_round": 17.0}, "datetime": {"datetime": "2024-01-19 02:12:13", "elapsed": 7218.047765, "delta": 0.00925}}
{"target": -17.67618547606569, "params": {"gamma": 835.8989758121539, "log10_alpha": -1.9702874180333678, "log10_colsample_bytree": -0.5420445107163159, "log10_eta": -1.9430717607684924, "log10_lambda": -2.5576810438789117, "log10_min_child_weight": 4.54469574807462, "log10_subsample": -0.49088409850565484, "max_depth": 9.0, "num_boost_round": 18.0}, "datetime": {"datetime": "2024-01-19 02:12:13", "elapsed": 7218.056653, "delta": 0.008888}}
{"target": -17.67706142107093, "params": {"gamma": 859.8771905876414, "log10_alpha": -0.11016849516486449, "log10_colsample_bytree": -0.9584167771473381, "log10_eta": -1.8477203664102824, "log10_lambda": 0.8656334253371281, "log10_min_child_weight": 3.659655456282227, "log10_subsample": -0.9103969982947063, "max_depth": 6.0, "num_boost_round": 0.0}, "datetime": {"datetime": "2024-01-19 02:13:16", "elapsed": 7280.841611, "delta": 62.784958}}
{"target": -17.676893263792135, "params": {"gamma": 859.8771905876414, "log10_alpha": -0.11016849516486449, "log10_colsample_bytree": -0.9584167771473381, "log10_eta": -1.8477203664102824, "log10_lambda": 0.8656334253371281, "log10_min_child_weight": 3.659655456282227, "log10_subsample": -0.9103969982947063, "max_depth": 6.0, "num_boost_round": 1.0}, "datetime": {"datetime": "2024-01-19 02:13:16", "elapsed": 7280.850639, "delta": 0.009028}}
{"target": -17.67695490750618, "params": {"gamma": 859.8771905876414, "log10_alpha": -0.11016849516486449, "log10_colsample_bytree": -0.9584167771473381, "log10_eta": -1.8477203664102824, "log10_lambda": 0.8656334253371281, "log10_min_child_weight": 3.659655456282227, "log10_subsample": -0.9103969982947063, "max_depth": 6.0, "num_boost_round": 2.0}, "datetime": {"datetime": "2024-01-19 02:13:16", "elapsed": 7280.859633, "delta": 0.008994}}
{"target": -17.676884838177656, "params": {"gamma": 859.8771905876414, "log10_alpha": -0.11016849516486449, "log10_colsample_bytree": -0.9584167771473381, "log10_eta": -1.8477203664102824, "log10_lambda": 0.8656334253371281, "log10_min_child_weight": 3.659655456282227, "log10_subsample": -0.9103969982947063, "max_depth": 6.0, "num_boost_round": 3.0}, "datetime": {"datetime": "2024-01-19 02:13:16", "elapsed": 7280.86837, "delta": 0.008737}}
{"target": -17.67672434895432, "params": {"gamma": 859.8771905876414, "log10_alpha": -0.11016849516486449, "log10_colsample_bytree": -0.9584167771473381, "log10_eta": -1.8477203664102824, "log10_lambda": 0.8656334253371281, "log10_min_child_weight": 3.659655456282227, "log10_subsample": -0.9103969982947063, "max_depth": 6.0, "num_boost_round": 4.0}, "datetime": {"datetime": "2024-01-19 02:13:16", "elapsed": 7280.87738, "delta": 0.00901}}
{"target": -17.67676811568264, "params": {"gamma": 859.8771905876414, "log10_alpha": -0.11016849516486449, "log10_colsample_bytree": -0.9584167771473381, "log10_eta": -1.8477203664102824, "log10_lambda": 0.8656334253371281, "log10_min_child_weight": 3.659655456282227, "log10_subsample": -0.9103969982947063, "max_depth": 6.0, "num_boost_round": 5.0}, "datetime": {"datetime": "2024-01-19 02:13:16", "elapsed": 7280.886015, "delta": 0.008635}}
{"target": -17.676947220663692, "params": {"gamma": 859.8771905876414, "log10_alpha": -0.11016849516486449, "log10_colsample_bytree": -0.9584167771473381, "log10_eta": -1.8477203664102824, "log10_lambda": 0.8656334253371281, "log10_min_child_weight": 3.659655456282227, "log10_subsample": -0.9103969982947063, "max_depth": 6.0, "num_boost_round": 6.0}, "datetime": {"datetime": "2024-01-19 02:13:16", "elapsed": 7280.894991, "delta": 0.008976}}
{"target": -17.676564898462754, "params": {"gamma": 859.8771905876414, "log10_alpha": -0.11016849516486449, "log10_colsample_bytree": -0.9584167771473381, "log10_eta": -1.8477203664102824, "log10_lambda": 0.8656334253371281, "log10_min_child_weight": 3.659655456282227, "log10_subsample": -0.9103969982947063, "max_depth": 6.0, "num_boost_round": 7.0}, "datetime": {"datetime": "2024-01-19 02:13:16", "elapsed": 7280.903802, "delta": 0.008811}}
{"target": -17.676529805210077, "params": {"gamma": 859.8771905876414, "log10_alpha": -0.11016849516486449, "log10_colsample_bytree": -0.9584167771473381, "log10_eta": -1.8477203664102824, "log10_lambda": 0.8656334253371281, "log10_min_child_weight": 3.659655456282227, "log10_subsample": -0.9103969982947063, "max_depth": 6.0, "num_boost_round": 8.0}, "datetime": {"datetime": "2024-01-19 02:13:16", "elapsed": 7280.912676, "delta": 0.008874}}
{"target": -17.676556694526234, "params": {"gamma": 859.8771905876414, "log10_alpha": -0.11016849516486449, "log10_colsample_bytree": -0.9584167771473381, "log10_eta": -1.8477203664102824, "log10_lambda": 0.8656334253371281, "log10_min_child_weight": 3.659655456282227, "log10_subsample": -0.9103969982947063, "max_depth": 6.0, "num_boost_round": 9.0}, "datetime": {"datetime": "2024-01-19 02:13:16", "elapsed": 7280.921443, "delta": 0.008767}}
{"target": -17.676590855088996, "params": {"gamma": 859.8771905876414, "log10_alpha": -0.11016849516486449, "log10_colsample_bytree": -0.9584167771473381, "log10_eta": -1.8477203664102824, "log10_lambda": 0.8656334253371281, "log10_min_child_weight": 3.659655456282227, "log10_subsample": -0.9103969982947063, "max_depth": 6.0, "num_boost_round": 10.0}, "datetime": {"datetime": "2024-01-19 02:13:16", "elapsed": 7280.930122, "delta": 0.008679}}
{"target": -17.676265103178597, "params": {"gamma": 859.8771905876414, "log10_alpha": -0.11016849516486449, "log10_colsample_bytree": -0.9584167771473381, "log10_eta": -1.8477203664102824, "log10_lambda": 0.8656334253371281, "log10_min_child_weight": 3.659655456282227, "log10_subsample": -0.9103969982947063, "max_depth": 6.0, "num_boost_round": 11.0}, "datetime": {"datetime": "2024-01-19 02:13:16", "elapsed": 7280.939256, "delta": 0.009134}}
{"target": -17.676016169157176, "params": {"gamma": 859.8771905876414, "log10_alpha": -0.11016849516486449, "log10_colsample_bytree": -0.9584167771473381, "log10_eta": -1.8477203664102824, "log10_lambda": 0.8656334253371281, "log10_min_child_weight": 3.659655456282227, "log10_subsample": -0.9103969982947063, "max_depth": 6.0, "num_boost_round": 12.0}, "datetime": {"datetime": "2024-01-19 02:13:16", "elapsed": 7280.948445, "delta": 0.009189}}
{"target": -17.67565594408862, "params": {"gamma": 859.8771905876414, "log10_alpha": -0.11016849516486449, "log10_colsample_bytree": -0.9584167771473381, "log10_eta": -1.8477203664102824, "log10_lambda": 0.8656334253371281, "log10_min_child_weight": 3.659655456282227, "log10_subsample": -0.9103969982947063, "max_depth": 6.0, "num_boost_round": 13.0}, "datetime": {"datetime": "2024-01-19 02:13:16", "elapsed": 7280.957178, "delta": 0.008733}}
{"target": -17.675513853664363, "params": {"gamma": 859.8771905876414, "log10_alpha": -0.11016849516486449, "log10_colsample_bytree": -0.9584167771473381, "log10_eta": -1.8477203664102824, "log10_lambda": 0.8656334253371281, "log10_min_child_weight": 3.659655456282227, "log10_subsample": -0.9103969982947063, "max_depth": 6.0, "num_boost_round": 14.0}, "datetime": {"datetime": "2024-01-19 02:13:16", "elapsed": 7280.966159, "delta": 0.008981}}
{"target": -17.675376173319314, "params": {"gamma": 859.8771905876414, "log10_alpha": -0.11016849516486449, "log10_colsample_bytree": -0.9584167771473381, "log10_eta": -1.8477203664102824, "log10_lambda": 0.8656334253371281, "log10_min_child_weight": 3.659655456282227, "log10_subsample": -0.9103969982947063, "max_depth": 6.0, "num_boost_round": 15.0}, "datetime": {"datetime": "2024-01-19 02:13:16", "elapsed": 7280.975003, "delta": 0.008844}}
{"target": -17.675233339171626, "params": {"gamma": 859.8771905876414, "log10_alpha": -0.11016849516486449, "log10_colsample_bytree": -0.9584167771473381, "log10_eta": -1.8477203664102824, "log10_lambda": 0.8656334253371281, "log10_min_child_weight": 3.659655456282227, "log10_subsample": -0.9103969982947063, "max_depth": 6.0, "num_boost_round": 16.0}, "datetime": {"datetime": "2024-01-19 02:13:16", "elapsed": 7280.983717, "delta": 0.008714}}
{"target": -17.67516247333911, "params": {"gamma": 859.8771905876414, "log10_alpha": -0.11016849516486449, "log10_colsample_bytree": -0.9584167771473381, "log10_eta": -1.8477203664102824, "log10_lambda": 0.8656334253371281, "log10_min_child_weight": 3.659655456282227, "log10_subsample": -0.9103969982947063, "max_depth": 6.0, "num_boost_round": 17.0}, "datetime": {"datetime": "2024-01-19 02:13:16", "elapsed": 7280.99281, "delta": 0.009093}}
{"target": -17.675029446689315, "params": {"gamma": 859.8771905876414, "log10_alpha": -0.11016849516486449, "log10_colsample_bytree": -0.9584167771473381, "log10_eta": -1.8477203664102824, "log10_lambda": 0.8656334253371281, "log10_min_child_weight": 3.659655456282227, "log10_subsample": -0.9103969982947063, "max_depth": 6.0, "num_boost_round": 18.0}, "datetime": {"datetime": "2024-01-19 02:13:16", "elapsed": 7281.002251, "delta": 0.009441}}
{"target": -17.67487293736798, "params": {"gamma": 859.8771905876414, "log10_alpha": -0.11016849516486449, "log10_colsample_bytree": -0.9584167771473381, "log10_eta": -1.8477203664102824, "log10_lambda": 0.8656334253371281, "log10_min_child_weight": 3.659655456282227, "log10_subsample": -0.9103969982947063, "max_depth": 6.0, "num_boost_round": 19.0}, "datetime": {"datetime": "2024-01-19 02:13:16", "elapsed": 7281.011244, "delta": 0.008993}}
{"target": -17.674791489178368, "params": {"gamma": 859.8771905876414, "log10_alpha": -0.11016849516486449, "log10_colsample_bytree": -0.9584167771473381, "log10_eta": -1.8477203664102824, "log10_lambda": 0.8656334253371281, "log10_min_child_weight": 3.659655456282227, "log10_subsample": -0.9103969982947063, "max_depth": 6.0, "num_boost_round": 20.0}, "datetime": {"datetime": "2024-01-19 02:13:16", "elapsed": 7281.154952, "delta": 0.143708}}
{"target": -17.67485859581929, "params": {"gamma": 859.8771905876414, "log10_alpha": -0.11016849516486449, "log10_colsample_bytree": -0.9584167771473381, "log10_eta": -1.8477203664102824, "log10_lambda": 0.8656334253371281, "log10_min_child_weight": 3.659655456282227, "log10_subsample": -0.9103969982947063, "max_depth": 6.0, "num_boost_round": 21.0}, "datetime": {"datetime": "2024-01-19 02:13:16", "elapsed": 7281.164768, "delta": 0.009816}}
{"target": -17.67482778126836, "params": {"gamma": 859.8771905876414, "log10_alpha": -0.11016849516486449, "log10_colsample_bytree": -0.9584167771473381, "log10_eta": -1.8477203664102824, "log10_lambda": 0.8656334253371281, "log10_min_child_weight": 3.659655456282227, "log10_subsample": -0.9103969982947063, "max_depth": 6.0, "num_boost_round": 22.0}, "datetime": {"datetime": "2024-01-19 02:13:16", "elapsed": 7281.173398, "delta": 0.00863}}
{"target": -17.674745013212114, "params": {"gamma": 859.8771905876414, "log10_alpha": -0.11016849516486449, "log10_colsample_bytree": -0.9584167771473381, "log10_eta": -1.8477203664102824, "log10_lambda": 0.8656334253371281, "log10_min_child_weight": 3.659655456282227, "log10_subsample": -0.9103969982947063, "max_depth": 6.0, "num_boost_round": 23.0}, "datetime": {"datetime": "2024-01-19 02:13:16", "elapsed": 7281.181694, "delta": 0.008296}}
