{"target": -13.758486484419244, "params": {"gamma": 551.4596358799948, "log10_alpha": 0.07964081583472193, "log10_colsample_bytree": -0.21035874625649753, "log10_eta": -2.633163608986678, "log10_lambda": -3.6318915399128113, "log10_min_child_weight": 4.537723794281391, "log10_subsample": -0.8955383048136764, "max_depth": 9.0, "num_boost_round": 8.0}, "datetime": {"datetime": "2024-01-19 01:55:35", "elapsed": 6188.150212, "delta": 0.005397}}
{"target": -13.758477531448621, "params": {"gamma": 551.4596358799948, "log10_alpha": 0.07964081583472193, "log10_colsample_bytree": -0.21035874625649753, "log10_eta": -2.633163608986678, "log10_lambda": -3.6318915399128113, "log10_min_child_weight": 4.537723794281391, "log10_subsample": -0.8955383048136764, "max_depth": 9.0, "num_boost_round": 9.0}, "datetime": {"datetime": "2024-01-19 01:55:35", "elapsed": 6188.155718, "delta": 0.005506}}
{"target": -13.758474635442354, "params": {"gamma": 551.4596358799948, "log10_alpha": 0.07964081583472193, "log10_colsample_bytree": -0.21035874625649753, "log10_eta": -2.633163608986678, "log10_lambda": -3.6318915399128113, "log10_min_child_weight": 4.537723794281391, "log10_subsample": -0.8955383048136764, "max_depth": 9.0, "num_boost_round": 10.0}, "datetime": {"datetime": "2024-01-19 01:55:35", "elapsed": 6188.161061, "delta": 0.005343}}
{"target": -13.758471739956764, "params": {"gamma": 551.4596358799948, "log10_alpha": 0.07964081583472193, "log10_colsample_bytree": -0.21035874625649753, "log10_eta": -2.633163608986678, "log10_lambda": -3.6318915399128113, "log10_min_child_weight": 4.537723794281391, "log10_subsample": -0.8955383048136764, "max_depth": 9.0, "num_boost_round": 11.0}, "datetime": {"datetime": "2024-01-19 01:55:35", "elapsed": 6188.166596, "delta": 0.005535}}
{"target": -13.758459979075269, "params": {"gamma": 551.4596358799948, "log10_alpha": 0.07964081583472193, "log10_colsample_bytree": -0.21035874625649753, "log10_eta": -2.633163608986678, "log10_lambda": -3.6318915399128113, "log10_min_child_weight": 4.537723794281391, "log10_subsample": -0.8955383048136764, "max_depth": 9.0, "num_boost_round": 12.0}, "datetime": {"datetime": "2024-01-19 01:55:35", "elapsed": 6188.172103, "delta": 0.005507}}
{"target": -13.758449466008916, "params": {"gamma": 551.4596358799948, "log10_alpha": 0.07964081583472193, "log10_colsample_bytree": -0.21035874625649753, "log10_eta": -2.633163608986678, "log10_lambda": -3.6318915399128113, "log10_min_child_weight": 4.537723794281391, "log10_subsample": -0.8955383048136764, "max_depth": 9.0, "num_boost_round": 13.0}, "datetime": {"datetime": "2024-01-19 01:55:35", "elapsed": 6188.177562, "delta": 0.005459}}
{"target": -13.758440131804313, "params": {"gamma": 551.4596358799948, "log10_alpha": 0.07964081583472193, "log10_colsample_bytree": -0.21035874625649753, "log10_eta": -2.633163608986678, "log10_lambda": -3.6318915399128113, "log10_min_child_weight": 4.537723794281391, "log10_subsample": -0.8955383048136764, "max_depth": 9.0, "num_boost_round": 14.0}, "datetime": {"datetime": "2024-01-19 01:55:35", "elapsed": 6188.183029, "delta": 0.005467}}
{"target": -13.758416501743417, "params": {"gamma": 551.4596358799948, "log10_alpha": 0.07964081583472193, "log10_colsample_bytree": -0.21035874625649753, "log10_eta": -2.633163608986678, "log10_lambda": -3.6318915399128113, "log10_min_child_weight": 4.537723794281391, "log10_subsample": -0.8955383048136764, "max_depth": 9.0, "num_boost_round": 15.0}, "datetime": {"datetime": "2024-01-19 01:55:35", "elapsed": 6188.18854, "delta": 0.005511}}
{"target": -13.758409483199056, "params": {"gamma": 551.4596358799948, "log10_alpha": 0.07964081583472193, "log10_colsample_bytree": -0.21035874625649753, "log10_eta": -2.633163608986678, "log10_lambda": -3.6318915399128113, "log10_min_child_weight": 4.537723794281391, "log10_subsample": -0.8955383048136764, "max_depth": 9.0, "num_boost_round": 16.0}, "datetime": {"datetime": "2024-01-19 01:55:35", "elapsed": 6188.193906, "delta": 0.005366}}
{"target": -13.758412578254797, "params": {"gamma": 551.4596358799948, "log10_alpha": 0.07964081583472193, "log10_colsample_bytree": -0.21035874625649753, "log10_eta": -2.633163608986678, "log10_lambda": -3.6318915399128113, "log10_min_child_weight": 4.537723794281391, "log10_subsample": -0.8955383048136764, "max_depth": 9.0, "num_boost_round": 17.0}, "datetime": {"datetime": "2024-01-19 01:55:35", "elapsed": 6188.199482, "delta": 0.005576}}
{"target": -13.758412197128543, "params": {"gamma": 551.4596358799948, "log10_alpha": 0.07964081583472193, "log10_colsample_bytree": -0.21035874625649753, "log10_eta": -2.633163608986678, "log10_lambda": -3.6318915399128113, "log10_min_child_weight": 4.537723794281391, "log10_subsample": -0.8955383048136764, "max_depth": 9.0, "num_boost_round": 18.0}, "datetime": {"datetime": "2024-01-19 01:55:35", "elapsed": 6188.204772, "delta": 0.00529}}
{"target": -13.758400477879558, "params": {"gamma": 551.4596358799948, "log10_alpha": 0.07964081583472193, "log10_colsample_bytree": -0.21035874625649753, "log10_eta": -2.633163608986678, "log10_lambda": -3.6318915399128113, "log10_min_child_weight": 4.537723794281391, "log10_subsample": -0.8955383048136764, "max_depth": 9.0, "num_boost_round": 19.0}, "datetime": {"datetime": "2024-01-19 01:55:35", "elapsed": 6188.210239, "delta": 0.005467}}
{"target": -13.758398271672553, "params": {"gamma": 551.4596358799948, "log10_alpha": 0.07964081583472193, "log10_colsample_bytree": -0.21035874625649753, "log10_eta": -2.633163608986678, "log10_lambda": -3.6318915399128113, "log10_min_child_weight": 4.537723794281391, "log10_subsample": -0.8955383048136764, "max_depth": 9.0, "num_boost_round": 20.0}, "datetime": {"datetime": "2024-01-19 01:55:35", "elapsed": 6188.215627, "delta": 0.005388}}
{"target": -13.758392952642572, "params": {"gamma": 551.4596358799948, "log10_alpha": 0.07964081583472193, "log10_colsample_bytree": -0.21035874625649753, "log10_eta": -2.633163608986678, "log10_lambda": -3.6318915399128113, "log10_min_child_weight": 4.537723794281391, "log10_subsample": -0.8955383048136764, "max_depth": 9.0, "num_boost_round": 21.0}, "datetime": {"datetime": "2024-01-19 01:55:35", "elapsed": 6188.221083, "delta": 0.005456}}
{"target": -13.758377532346746, "params": {"gamma": 551.4596358799948, "log10_alpha": 0.07964081583472193, "log10_colsample_bytree": -0.21035874625649753, "log10_eta": -2.633163608986678, "log10_lambda": -3.6318915399128113, "log10_min_child_weight": 4.537723794281391, "log10_subsample": -0.8955383048136764, "max_depth": 9.0, "num_boost_round": 22.0}, "datetime": {"datetime": "2024-01-19 01:55:35", "elapsed": 6188.226454, "delta": 0.005371}}
{"target": -13.758376792683505, "params": {"gamma": 551.4596358799948, "log10_alpha": 0.07964081583472193, "log10_colsample_bytree": -0.21035874625649753, "log10_eta": -2.633163608986678, "log10_lambda": -3.6318915399128113, "log10_min_child_weight": 4.537723794281391, "log10_subsample": -0.8955383048136764, "max_depth": 9.0, "num_boost_round": 23.0}, "datetime": {"datetime": "2024-01-19 01:55:35", "elapsed": 6188.232024, "delta": 0.00557}}
{"target": -13.758382208132119, "params": {"gamma": 551.4596358799948, "log10_alpha": 0.07964081583472193, "log10_colsample_bytree": -0.21035874625649753, "log10_eta": -2.633163608986678, "log10_lambda": -3.6318915399128113, "log10_min_child_weight": 4.537723794281391, "log10_subsample": -0.8955383048136764, "max_depth": 9.0, "num_boost_round": 24.0}, "datetime": {"datetime": "2024-01-19 01:55:35", "elapsed": 6188.23736, "delta": 0.005336}}
{"target": -13.758371204603513, "params": {"gamma": 551.4596358799948, "log10_alpha": 0.07964081583472193, "log10_colsample_bytree": -0.21035874625649753, "log10_eta": -2.633163608986678, "log10_lambda": -3.6318915399128113, "log10_min_child_weight": 4.537723794281391, "log10_subsample": -0.8955383048136764, "max_depth": 9.0, "num_boost_round": 25.0}, "datetime": {"datetime": "2024-01-19 01:55:35", "elapsed": 6188.242833, "delta": 0.005473}}
{"target": -13.758364082365171, "params": {"gamma": 551.4596358799948, "log10_alpha": 0.07964081583472193, "log10_colsample_bytree": -0.21035874625649753, "log10_eta": -2.633163608986678, "log10_lambda": -3.6318915399128113, "log10_min_child_weight": 4.537723794281391, "log10_subsample": -0.8955383048136764, "max_depth": 9.0, "num_boost_round": 26.0}, "datetime": {"datetime": "2024-01-19 01:55:35", "elapsed": 6188.248384, "delta": 0.005551}}
{"target": -13.757332160445426, "params": {"gamma": 652.322554365938, "log10_alpha": 0.6627587035146965, "log10_colsample_bytree": -0.8550733866446332, "log10_eta": -1.4487384686888358, "log10_lambda": -4.6560101330386825, "log10_min_child_weight": 1.1474063088278825, "log10_subsample": -0.5384095576849399, "max_depth": 6.0, "num_boost_round": 0.0}, "datetime": {"datetime": "2024-01-19 01:56:43", "elapsed": 6256.225146, "delta": 67.976762}}
{"target": -13.756856265481902, "params": {"gamma": 652.322554365938, "log10_alpha": 0.6627587035146965, "log10_colsample_bytree": -0.8550733866446332, "log10_eta": -1.4487384686888358, "log10_lambda": -4.6560101330386825, "log10_min_child_weight": 1.1474063088278825, "log10_subsample": -0.5384095576849399, "max_depth": 6.0, "num_boost_round": 1.0}, "datetime": {"datetime": "2024-01-19 01:56:43", "elapsed": 6256.231724, "delta": 0.006578}}
{"target": -13.755503542132631, "params": {"gamma": 652.322554365938, "log10_alpha": 0.6627587035146965, "log10_colsample_bytree": -0.8550733866446332, "log10_eta": -1.4487384686888358, "log10_lambda": -4.6560101330386825, "log10_min_child_weight": 1.1474063088278825, "log10_subsample": -0.5384095576849399, "max_depth": 6.0, "num_boost_round": 2.0}, "datetime": {"datetime": "2024-01-19 01:56:43", "elapsed": 6256.237891, "delta": 0.006167}}
{"target": -13.755701346207122, "params": {"gamma": 652.322554365938, "log10_alpha": 0.6627587035146965, "log10_colsample_bytree": -0.8550733866446332, "log10_eta": -1.4487384686888358, "log10_lambda": -4.6560101330386825, "log10_min_child_weight": 1.1474063088278825, "log10_subsample": -0.5384095576849399, "max_depth": 6.0, "num_boost_round": 3.0}, "datetime": {"datetime": "2024-01-19 01:56:43", "elapsed": 6256.243524, "delta": 0.005633}}
{"target": -13.755815329180235, "params": {"gamma": 652.322554365938, "log10_alpha": 0.6627587035146965, "log10_colsample_bytree": -0.8550733866446332, "log10_eta": -1.4487384686888358, "log10_lambda": -4.6560101330386825, "log10_min_child_weight": 1.1474063088278825, "log10_subsample": -0.5384095576849399, "max_depth": 6.0, "num_boost_round": 4.0}, "datetime": {"datetime": "2024-01-19 01:56:43", "elapsed": 6256.249492, "delta": 0.005968}}
{"target": -13.755420196660575, "params": {"gamma": 652.322554365938, "log10_alpha": 0.6627587035146965, "log10_colsample_bytree": -0.8550733866446332, "log10_eta": -1.4487384686888358, "log10_lambda": -4.6560101330386825, "log10_min_child_weight": 1.1474063088278825, "log10_subsample": -0.5384095576849399, "max_depth": 6.0, "num_boost_round": 5.0}, "datetime": {"datetime": "2024-01-19 01:56:43", "elapsed": 6256.255101, "delta": 0.005609}}
{"target": -13.756471046126604, "params": {"gamma": 652.322554365938, "log10_alpha": 0.6627587035146965, "log10_colsample_bytree": -0.8550733866446332, "log10_eta": -1.4487384686888358, "log10_lambda": -4.6560101330386825, "log10_min_child_weight": 1.1474063088278825, "log10_subsample": -0.5384095576849399, "max_depth": 6.0, "num_boost_round": 6.0}, "datetime": {"datetime": "2024-01-19 01:56:43", "elapsed": 6256.260523, "delta": 0.005422}}
{"target": -13.756227333549388, "params": {"gamma": 652.322554365938, "log10_alpha": 0.6627587035146965, "log10_colsample_bytree": -0.8550733866446332, "log10_eta": -1.4487384686888358, "log10_lambda": -4.6560101330386825, "log10_min_child_weight": 1.1474063088278825, "log10_subsample": -0.5384095576849399, "max_depth": 6.0, "num_boost_round": 7.0}, "datetime": {"datetime": "2024-01-19 01:56:43", "elapsed": 6256.266038, "delta": 0.005515}}
{"target": -13.756344594310258, "params": {"gamma": 652.322554365938, "log10_alpha": 0.6627587035146965, "log10_colsample_bytree": -0.8550733866446332, "log10_eta": -1.4487384686888358, "log10_lambda": -4.6560101330386825, "log10_min_child_weight": 1.1474063088278825, "log10_subsample": -0.5384095576849399, "max_depth": 6.0, "num_boost_round": 8.0}, "datetime": {"datetime": "2024-01-19 01:56:43", "elapsed": 6256.271444, "delta": 0.005406}}
{"target": -13.756991324633075, "params": {"gamma": 652.322554365938, "log10_alpha": 0.6627587035146965, "log10_colsample_bytree": -0.8550733866446332, "log10_eta": -1.4487384686888358, "log10_lambda": -4.6560101330386825, "log10_min_child_weight": 1.1474063088278825, "log10_subsample": -0.5384095576849399, "max_depth": 6.0, "num_boost_round": 9.0}, "datetime": {"datetime": "2024-01-19 01:56:43", "elapsed": 6256.277252, "delta": 0.005808}}
{"target": -13.757078454726255, "params": {"gamma": 652.322554365938, "log10_alpha": 0.6627587035146965, "log10_colsample_bytree": -0.8550733866446332, "log10_eta": -1.4487384686888358, "log10_lambda": -4.6560101330386825, "log10_min_child_weight": 1.1474063088278825, "log10_subsample": -0.5384095576849399, "max_depth": 6.0, "num_boost_round": 10.0}, "datetime": {"datetime": "2024-01-19 01:56:43", "elapsed": 6256.283016, "delta": 0.005764}}
{"target": -13.75758324692088, "params": {"gamma": 652.322554365938, "log10_alpha": 0.6627587035146965, "log10_colsample_bytree": -0.8550733866446332, "log10_eta": -1.4487384686888358, "log10_lambda": -4.6560101330386825, "log10_min_child_weight": 1.1474063088278825, "log10_subsample": -0.5384095576849399, "max_depth": 6.0, "num_boost_round": 11.0}, "datetime": {"datetime": "2024-01-19 01:56:43", "elapsed": 6256.288548, "delta": 0.005532}}
{"target": -13.758335802396134, "params": {"gamma": 652.322554365938, "log10_alpha": 0.6627587035146965, "log10_colsample_bytree": -0.8550733866446332, "log10_eta": -1.4487384686888358, "log10_lambda": -4.6560101330386825, "log10_min_child_weight": 1.1474063088278825, "log10_subsample": -0.5384095576849399, "max_depth": 6.0, "num_boost_round": 12.0}, "datetime": {"datetime": "2024-01-19 01:56:43", "elapsed": 6256.294267, "delta": 0.005719}}
{"target": -13.757106450025171, "params": {"gamma": 652.322554365938, "log10_alpha": 0.6627587035146965, "log10_colsample_bytree": -0.8550733866446332, "log10_eta": -1.4487384686888358, "log10_lambda": -4.6560101330386825, "log10_min_child_weight": 1.1474063088278825, "log10_subsample": -0.5384095576849399, "max_depth": 6.0, "num_boost_round": 13.0}, "datetime": {"datetime": "2024-01-19 01:56:43", "elapsed": 6256.30007, "delta": 0.005803}}
{"target": -13.758000112234058, "params": {"gamma": 652.322554365938, "log10_alpha": 0.6627587035146965, "log10_colsample_bytree": -0.8550733866446332, "log10_eta": -1.4487384686888358, "log10_lambda": -4.6560101330386825, "log10_min_child_weight": 1.1474063088278825, "log10_subsample": -0.5384095576849399, "max_depth": 6.0, "num_boost_round": 14.0}, "datetime": {"datetime": "2024-01-19 01:56:43", "elapsed": 6256.305655, "delta": 0.005585}}
{"target": -13.75790263000888, "params": {"gamma": 652.322554365938, "log10_alpha": 0.6627587035146965, "log10_colsample_bytree": -0.8550733866446332, "log10_eta": -1.4487384686888358, "log10_lambda": -4.6560101330386825, "log10_min_child_weight": 1.1474063088278825, "log10_subsample": -0.5384095576849399, "max_depth": 6.0, "num_boost_round": 15.0}, "datetime": {"datetime": "2024-01-19 01:56:43", "elapsed": 6256.311203, "delta": 0.005548}}
{"target": -13.758108166345195, "params": {"gamma": 652.322554365938, "log10_alpha": 0.6627587035146965, "log10_colsample_bytree": -0.8550733866446332, "log10_eta": -1.4487384686888358, "log10_lambda": -4.6560101330386825, "log10_min_child_weight": 1.1474063088278825, "log10_subsample": -0.5384095576849399, "max_depth": 6.0, "num_boost_round": 16.0}, "datetime": {"datetime": "2024-01-19 01:56:43", "elapsed": 6256.317004, "delta": 0.005801}}
{"target": -13.756329683740072, "params": {"gamma": 652.322554365938, "log10_alpha": 0.6627587035146965, "log10_colsample_bytree": -0.8550733866446332, "log10_eta": -1.4487384686888358, "log10_lambda": -4.6560101330386825, "log10_min_child_weight": 1.1474063088278825, "log10_subsample": -0.5384095576849399, "max_depth": 6.0, "num_boost_round": 17.0}, "datetime": {"datetime": "2024-01-19 01:56:43", "elapsed": 6256.435601, "delta": 0.118597}}
{"target": -13.755387540474207, "params": {"gamma": 652.322554365938, "log10_alpha": 0.6627587035146965, "log10_colsample_bytree": -0.8550733866446332, "log10_eta": -1.4487384686888358, "log10_lambda": -4.6560101330386825, "log10_min_child_weight": 1.1474063088278825, "log10_subsample": -0.5384095576849399, "max_depth": 6.0, "num_boost_round": 18.0}, "datetime": {"datetime": "2024-01-19 01:56:43", "elapsed": 6256.44188, "delta": 0.006279}}
{"target": -13.755377421498602, "params": {"gamma": 652.322554365938, "log10_alpha": 0.6627587035146965, "log10_colsample_bytree": -0.8550733866446332, "log10_eta": -1.4487384686888358, "log10_lambda": -4.6560101330386825, "log10_min_child_weight": 1.1474063088278825, "log10_subsample": -0.5384095576849399, "max_depth": 6.0, "num_boost_round": 19.0}, "datetime": {"datetime": "2024-01-19 01:56:43", "elapsed": 6256.447535, "delta": 0.005655}}
{"target": -13.755858475363684, "params": {"gamma": 652.322554365938, "log10_alpha": 0.6627587035146965, "log10_colsample_bytree": -0.8550733866446332, "log10_eta": -1.4487384686888358, "log10_lambda": -4.6560101330386825, "log10_min_child_weight": 1.1474063088278825, "log10_subsample": -0.5384095576849399, "max_depth": 6.0, "num_boost_round": 20.0}, "datetime": {"datetime": "2024-01-19 01:56:43", "elapsed": 6256.453354, "delta": 0.005819}}
{"target": -13.757829282996523, "params": {"gamma": 652.322554365938, "log10_alpha": 0.6627587035146965, "log10_colsample_bytree": -0.8550733866446332, "log10_eta": -1.4487384686888358, "log10_lambda": -4.6560101330386825, "log10_min_child_weight": 1.1474063088278825, "log10_subsample": -0.5384095576849399, "max_depth": 6.0, "num_boost_round": 21.0}, "datetime": {"datetime": "2024-01-19 01:56:43", "elapsed": 6256.45908, "delta": 0.005726}}
{"target": -13.757939716907742, "params": {"gamma": 652.322554365938, "log10_alpha": 0.6627587035146965, "log10_colsample_bytree": -0.8550733866446332, "log10_eta": -1.4487384686888358, "log10_lambda": -4.6560101330386825, "log10_min_child_weight": 1.1474063088278825, "log10_subsample": -0.5384095576849399, "max_depth": 6.0, "num_boost_round": 22.0}, "datetime": {"datetime": "2024-01-19 01:56:43", "elapsed": 6256.464912, "delta": 0.005832}}
{"target": -13.760081952560984, "params": {"gamma": 652.322554365938, "log10_alpha": 0.6627587035146965, "log10_colsample_bytree": -0.8550733866446332, "log10_eta": -1.4487384686888358, "log10_lambda": -4.6560101330386825, "log10_min_child_weight": 1.1474063088278825, "log10_subsample": -0.5384095576849399, "max_depth": 6.0, "num_boost_round": 23.0}, "datetime": {"datetime": "2024-01-19 01:56:43", "elapsed": 6256.470446, "delta": 0.005534}}
{"target": -13.760970553749974, "params": {"gamma": 652.322554365938, "log10_alpha": 0.6627587035146965, "log10_colsample_bytree": -0.8550733866446332, "log10_eta": -1.4487384686888358, "log10_lambda": -4.6560101330386825, "log10_min_child_weight": 1.1474063088278825, "log10_subsample": -0.5384095576849399, "max_depth": 6.0, "num_boost_round": 24.0}, "datetime": {"datetime": "2024-01-19 01:56:43", "elapsed": 6256.476165, "delta": 0.005719}}
{"target": -13.762423248998806, "params": {"gamma": 652.322554365938, "log10_alpha": 0.6627587035146965, "log10_colsample_bytree": -0.8550733866446332, "log10_eta": -1.4487384686888358, "log10_lambda": -4.6560101330386825, "log10_min_child_weight": 1.1474063088278825, "log10_subsample": -0.5384095576849399, "max_depth": 6.0, "num_boost_round": 25.0}, "datetime": {"datetime": "2024-01-19 01:56:43", "elapsed": 6256.48173, "delta": 0.005565}}
{"target": -13.764080015446696, "params": {"gamma": 652.322554365938, "log10_alpha": 0.6627587035146965, "log10_colsample_bytree": -0.8550733866446332, "log10_eta": -1.4487384686888358, "log10_lambda": -4.6560101330386825, "log10_min_child_weight": 1.1474063088278825, "log10_subsample": -0.5384095576849399, "max_depth": 6.0, "num_boost_round": 26.0}, "datetime": {"datetime": "2024-01-19 01:56:43", "elapsed": 6256.487736, "delta": 0.006006}}
{"target": -13.764816744149558, "params": {"gamma": 652.322554365938, "log10_alpha": 0.6627587035146965, "log10_colsample_bytree": -0.8550733866446332, "log10_eta": -1.4487384686888358, "log10_lambda": -4.6560101330386825, "log10_min_child_weight": 1.1474063088278825, "log10_subsample": -0.5384095576849399, "max_depth": 6.0, "num_boost_round": 27.0}, "datetime": {"datetime": "2024-01-19 01:56:43", "elapsed": 6256.494521, "delta": 0.006785}}
{"target": -13.764501644868739, "params": {"gamma": 652.322554365938, "log10_alpha": 0.6627587035146965, "log10_colsample_bytree": -0.8550733866446332, "log10_eta": -1.4487384686888358, "log10_lambda": -4.6560101330386825, "log10_min_child_weight": 1.1474063088278825, "log10_subsample": -0.5384095576849399, "max_depth": 6.0, "num_boost_round": 28.0}, "datetime": {"datetime": "2024-01-19 01:56:43", "elapsed": 6256.500721, "delta": 0.0062}}
{"target": -13.763502919437252, "params": {"gamma": 652.322554365938, "log10_alpha": 0.6627587035146965, "log10_colsample_bytree": -0.8550733866446332, "log10_eta": -1.4487384686888358, "log10_lambda": -4.6560101330386825, "log10_min_child_weight": 1.1474063088278825, "log10_subsample": -0.5384095576849399, "max_depth": 6.0, "num_boost_round": 29.0}, "datetime": {"datetime": "2024-01-19 01:56:43", "elapsed": 6256.506471, "delta": 0.00575}}
