{"target": -13.758416366931982, "params": {"gamma": 423.8046978302502, "log10_alpha": -2.8819517938303663, "log10_colsample_bytree": -0.1473742388123757, "log10_eta": -4.0, "log10_lambda": -5.0, "log10_min_child_weight": 0.0, "log10_subsample": -1.0, "max_depth": 10.0, "num_boost_round": 44.0}, "datetime": {"datetime": "2024-01-19 01:25:07", "elapsed": 4410.377221, "delta": 0.005537}}
{"target": -13.758408474648522, "params": {"gamma": 423.8046978302502, "log10_alpha": -2.8819517938303663, "log10_colsample_bytree": -0.1473742388123757, "log10_eta": -4.0, "log10_lambda": -5.0, "log10_min_child_weight": 0.0, "log10_subsample": -1.0, "max_depth": 10.0, "num_boost_round": 45.0}, "datetime": {"datetime": "2024-01-19 01:25:07", "elapsed": 4410.382704, "delta": 0.005483}}
{"target": -13.75840968268251, "params": {"gamma": 423.8046978302502, "log10_alpha": -2.8819517938303663, "log10_colsample_bytree": -0.1473742388123757, "log10_eta": -4.0, "log10_lambda": -5.0, "log10_min_child_weight": 0.0, "log10_subsample": -1.0, "max_depth": 10.0, "num_boost_round": 46.0}, "datetime": {"datetime": "2024-01-19 01:25:07", "elapsed": 4410.388612, "delta": 0.005908}}
{"target": -13.758408115171905, "params": {"gamma": 423.8046978302502, "log10_alpha": -2.8819517938303663, "log10_colsample_bytree": -0.1473742388123757, "log10_eta": -4.0, "log10_lambda": -5.0, "log10_min_child_weight": 0.0, "log10_subsample": -1.0, "max_depth": 10.0, "num_boost_round": 47.0}, "datetime": {"datetime": "2024-01-19 01:25:07", "elapsed": 4410.394287, "delta": 0.005675}}
{"target": -13.758409045428213, "params": {"gamma": 423.8046978302502, "log10_alpha": -2.8819517938303663, "log10_colsample_bytree": -0.1473742388123757, "log10_eta": -4.0, "log10_lambda": -5.0, "log10_min_child_weight": 0.0, "log10_subsample": -1.0, "max_depth": 10.0, "num_boost_round": 48.0}, "datetime": {"datetime": "2024-01-19 01:25:07", "elapsed": 4410.399877, "delta": 0.00559}}
{"target": -13.758413681800276, "params": {"gamma": 423.8046978302502, "log10_alpha": -2.8819517938303663, "log10_colsample_bytree": -0.1473742388123757, "log10_eta": -4.0, "log10_lambda": -5.0, "log10_min_child_weight": 0.0, "log10_subsample": -1.0, "max_depth": 10.0, "num_boost_round": 49.0}, "datetime": {"datetime": "2024-01-19 01:25:07", "elapsed": 4410.405576, "delta": 0.005699}}
{"target": -13.758415818731624, "params": {"gamma": 423.8046978302502, "log10_alpha": -2.8819517938303663, "log10_colsample_bytree": -0.1473742388123757, "log10_eta": -4.0, "log10_lambda": -5.0, "log10_min_child_weight": 0.0, "log10_subsample": -1.0, "max_depth": 10.0, "num_boost_round": 50.0}, "datetime": {"datetime": "2024-01-19 01:25:07", "elapsed": 4410.411346, "delta": 0.00577}}
{"target": -13.758414379617681, "params": {"gamma": 423.8046978302502, "log10_alpha": -2.8819517938303663, "log10_colsample_bytree": -0.1473742388123757, "log10_eta": -4.0, "log10_lambda": -5.0, "log10_min_child_weight": 0.0, "log10_subsample": -1.0, "max_depth": 10.0, "num_boost_round": 51.0}, "datetime": {"datetime": "2024-01-19 01:25:07", "elapsed": 4410.416829, "delta": 0.005483}}
{"target": -13.758416110814435, "params": {"gamma": 423.8046978302502, "log10_alpha": -2.8819517938303663, "log10_colsample_bytree": -0.1473742388123757, "log10_eta": -4.0, "log10_lambda": -5.0, "log10_min_child_weight": 0.0, "log10_subsample": -1.0, "max_depth": 10.0, "num_boost_round": 52.0}, "datetime": {"datetime": "2024-01-19 01:25:07", "elapsed": 4410.422308, "delta": 0.005479}}
{"target": -13.758408284485066, "params": {"gamma": 423.8046978302502, "log10_alpha": -2.8819517938303663, "log10_colsample_bytree": -0.1473742388123757, "log10_eta": -4.0, "log10_lambda": -5.0, "log10_min_child_weight": 0.0, "log10_subsample": -1.0, "max_depth": 10.0, "num_boost_round": 53.0}, "datetime": {"datetime": "2024-01-19 01:25:07", "elapsed": 4410.431624, "delta": 0.009316}}
{"target": -13.758409661321798, "params": {"gamma": 423.8046978302502, "log10_alpha": -2.8819517938303663, "log10_colsample_bytree": -0.1473742388123757, "log10_eta": -4.0, "log10_lambda": -5.0, "log10_min_child_weight": 0.0, "log10_subsample": -1.0, "max_depth": 10.0, "num_boost_round": 54.0}, "datetime": {"datetime": "2024-01-19 01:25:07", "elapsed": 4410.437075, "delta": 0.005451}}
{"target": -13.758404870105997, "params": {"gamma": 423.8046978302502, "log10_alpha": -2.8819517938303663, "log10_colsample_bytree": -0.1473742388123757, "log10_eta": -4.0, "log10_lambda": -5.0, "log10_min_child_weight": 0.0, "log10_subsample": -1.0, "max_depth": 10.0, "num_boost_round": 55.0}, "datetime": {"datetime": "2024-01-19 01:25:07", "elapsed": 4410.44252, "delta": 0.005445}}
{"target": -13.758399474253542, "params": {"gamma": 423.8046978302502, "log10_alpha": -2.8819517938303663, "log10_colsample_bytree": -0.1473742388123757, "log10_eta": -4.0, "log10_lambda": -5.0, "log10_min_child_weight": 0.0, "log10_subsample": -1.0, "max_depth": 10.0, "num_boost_round": 56.0}, "datetime": {"datetime": "2024-01-19 01:25:07", "elapsed": 4410.447974, "delta": 0.005454}}
{"target": -13.758395963113294, "params": {"gamma": 423.8046978302502, "log10_alpha": -2.8819517938303663, "log10_colsample_bytree": -0.1473742388123757, "log10_eta": -4.0, "log10_lambda": -5.0, "log10_min_child_weight": 0.0, "log10_subsample": -1.0, "max_depth": 10.0, "num_boost_round": 57.0}, "datetime": {"datetime": "2024-01-19 01:25:07", "elapsed": 4410.453587, "delta": 0.005613}}
{"target": -13.758387204008445, "params": {"gamma": 423.8046978302502, "log10_alpha": -2.8819517938303663, "log10_colsample_bytree": -0.1473742388123757, "log10_eta": -4.0, "log10_lambda": -5.0, "log10_min_child_weight": 0.0, "log10_subsample": -1.0, "max_depth": 10.0, "num_boost_round": 58.0}, "datetime": {"datetime": "2024-01-19 01:25:07", "elapsed": 4410.459092, "delta": 0.005505}}
{"target": -13.75838312350966, "params": {"gamma": 423.8046978302502, "log10_alpha": -2.8819517938303663, "log10_colsample_bytree": -0.1473742388123757, "log10_eta": -4.0, "log10_lambda": -5.0, "log10_min_child_weight": 0.0, "log10_subsample": -1.0, "max_depth": 10.0, "num_boost_round": 59.0}, "datetime": {"datetime": "2024-01-19 01:25:07", "elapsed": 4410.464629, "delta": 0.005537}}
{"target": -13.758385191299135, "params": {"gamma": 423.8046978302502, "log10_alpha": -2.8819517938303663, "log10_colsample_bytree": -0.1473742388123757, "log10_eta": -4.0, "log10_lambda": -5.0, "log10_min_child_weight": 0.0, "log10_subsample": -1.0, "max_depth": 10.0, "num_boost_round": 60.0}, "datetime": {"datetime": "2024-01-19 01:25:07", "elapsed": 4410.470394, "delta": 0.005765}}
{"target": -13.758387464520721, "params": {"gamma": 423.8046978302502, "log10_alpha": -2.8819517938303663, "log10_colsample_bytree": -0.1473742388123757, "log10_eta": -4.0, "log10_lambda": -5.0, "log10_min_child_weight": 0.0, "log10_subsample": -1.0, "max_depth": 10.0, "num_boost_round": 61.0}, "datetime": {"datetime": "2024-01-19 01:25:07", "elapsed": 4410.476112, "delta": 0.005718}}
{"target": -13.758377107438184, "params": {"gamma": 423.8046978302502, "log10_alpha": -2.8819517938303663, "log10_colsample_bytree": -0.1473742388123757, "log10_eta": -4.0, "log10_lambda": -5.0, "log10_min_child_weight": 0.0, "log10_subsample": -1.0, "max_depth": 10.0, "num_boost_round": 62.0}, "datetime": {"datetime": "2024-01-19 01:25:07", "elapsed": 4410.481899, "delta": 0.005787}}
{"target": -13.75836724947128, "params": {"gamma": 423.8046978302502, "log10_alpha": -2.8819517938303663, "log10_colsample_bytree": -0.1473742388123757, "log10_eta": -4.0, "log10_lambda": -5.0, "log10_min_child_weight": 0.0, "log10_subsample": -1.0, "max_depth": 10.0, "num_boost_round": 63.0}, "datetime": {"datetime": "2024-01-19 01:25:07", "elapsed": 4410.487369, "delta": 0.00547}}
{"target": -13.758370416815284, "params": {"gamma": 423.8046978302502, "log10_alpha": -2.8819517938303663, "log10_colsample_bytree": -0.1473742388123757, "log10_eta": -4.0, "log10_lambda": -5.0, "log10_min_child_weight": 0.0, "log10_subsample": -1.0, "max_depth": 10.0, "num_boost_round": 64.0}, "datetime": {"datetime": "2024-01-19 01:25:07", "elapsed": 4410.493085, "delta": 0.005716}}
{"target": -13.758368573307713, "params": {"gamma": 423.8046978302502, "log10_alpha": -2.8819517938303663, "log10_colsample_bytree": -0.1473742388123757, "log10_eta": -4.0, "log10_lambda": -5.0, "log10_min_child_weight": 0.0, "log10_subsample": -1.0, "max_depth": 10.0, "num_boost_round": 65.0}, "datetime": {"datetime": "2024-01-19 01:25:07", "elapsed": 4410.498795, "delta": 0.00571}}
{"target": -13.758366647957873, "params": {"gamma": 423.8046978302502, "log10_alpha": -2.8819517938303663, "log10_colsample_bytree": -0.1473742388123757, "log10_eta": -4.0, "log10_lambda": -5.0, "log10_min_child_weight": 0.0, "log10_subsample": -1.0, "max_depth": 10.0, "num_boost_round": 66.0}, "datetime": {"datetime": "2024-01-19 01:25:07", "elapsed": 4410.504313, "delta": 0.005518}}
{"target": -13.758358329107013, "params": {"gamma": 423.8046978302502, "log10_alpha": -2.8819517938303663, "log10_colsample_bytree": -0.1473742388123757, "log10_eta": -4.0, "log10_lambda": -5.0, "log10_min_child_weight": 0.0, "log10_subsample": -1.0, "max_depth": 10.0, "num_boost_round": 67.0}, "datetime": {"datetime": "2024-01-19 01:25:07", "elapsed": 4410.509911, "delta": 0.005598}}
{"target": -13.75836129848453, "params": {"gamma": 423.8046978302502, "log10_alpha": -2.8819517938303663, "log10_colsample_bytree": -0.1473742388123757, "log10_eta": -4.0, "log10_lambda": -5.0, "log10_min_child_weight": 0.0, "log10_subsample": -1.0, "max_depth": 10.0, "num_boost_round": 68.0}, "datetime": {"datetime": "2024-01-19 01:25:07", "elapsed": 4410.515373, "delta": 0.005462}}
{"target": -13.758361937931939, "params": {"gamma": 423.8046978302502, "log10_alpha": -2.8819517938303663, "log10_colsample_bytree": -0.1473742388123757, "log10_eta": -4.0, "log10_lambda": -5.0, "log10_min_child_weight": 0.0, "log10_subsample": -1.0, "max_depth": 10.0, "num_boost_round": 69.0}, "datetime": {"datetime": "2024-01-19 01:25:07", "elapsed": 4410.520873, "delta": 0.0055}}
{"target": -13.758357732159048, "params": {"gamma": 423.8046978302502, "log10_alpha": -2.8819517938303663, "log10_colsample_bytree": -0.1473742388123757, "log10_eta": -4.0, "log10_lambda": -5.0, "log10_min_child_weight": 0.0, "log10_subsample": -1.0, "max_depth": 10.0, "num_boost_round": 70.0}, "datetime": {"datetime": "2024-01-19 01:25:07", "elapsed": 4410.526312, "delta": 0.005439}}
{"target": -13.75835522510727, "params": {"gamma": 423.8046978302502, "log10_alpha": -2.8819517938303663, "log10_colsample_bytree": -0.1473742388123757, "log10_eta": -4.0, "log10_lambda": -5.0, "log10_min_child_weight": 0.0, "log10_subsample": -1.0, "max_depth": 10.0, "num_boost_round": 71.0}, "datetime": {"datetime": "2024-01-19 01:25:07", "elapsed": 4410.531957, "delta": 0.005645}}
{"target": -13.758357886626674, "params": {"gamma": 423.8046978302502, "log10_alpha": -2.8819517938303663, "log10_colsample_bytree": -0.1473742388123757, "log10_eta": -4.0, "log10_lambda": -5.0, "log10_min_child_weight": 0.0, "log10_subsample": -1.0, "max_depth": 10.0, "num_boost_round": 72.0}, "datetime": {"datetime": "2024-01-19 01:25:07", "elapsed": 4410.600334, "delta": 0.068377}}
{"target": -13.758359002174084, "params": {"gamma": 423.8046978302502, "log10_alpha": -2.8819517938303663, "log10_colsample_bytree": -0.1473742388123757, "log10_eta": -4.0, "log10_lambda": -5.0, "log10_min_child_weight": 0.0, "log10_subsample": -1.0, "max_depth": 10.0, "num_boost_round": 73.0}, "datetime": {"datetime": "2024-01-19 01:25:07", "elapsed": 4410.606875, "delta": 0.006541}}
{"target": -13.758353093592172, "params": {"gamma": 423.8046978302502, "log10_alpha": -2.8819517938303663, "log10_colsample_bytree": -0.1473742388123757, "log10_eta": -4.0, "log10_lambda": -5.0, "log10_min_child_weight": 0.0, "log10_subsample": -1.0, "max_depth": 10.0, "num_boost_round": 74.0}, "datetime": {"datetime": "2024-01-19 01:25:07", "elapsed": 4410.612579, "delta": 0.005704}}
{"target": -13.758349079761011, "params": {"gamma": 423.8046978302502, "log10_alpha": -2.8819517938303663, "log10_colsample_bytree": -0.1473742388123757, "log10_eta": -4.0, "log10_lambda": -5.0, "log10_min_child_weight": 0.0, "log10_subsample": -1.0, "max_depth": 10.0, "num_boost_round": 75.0}, "datetime": {"datetime": "2024-01-19 01:25:07", "elapsed": 4410.618054, "delta": 0.005475}}
{"target": -13.75834531051894, "params": {"gamma": 423.8046978302502, "log10_alpha": -2.8819517938303663, "log10_colsample_bytree": -0.1473742388123757, "log10_eta": -4.0, "log10_lambda": -5.0, "log10_min_child_weight": 0.0, "log10_subsample": -1.0, "max_depth": 10.0, "num_boost_round": 76.0}, "datetime": {"datetime": "2024-01-19 01:25:07", "elapsed": 4410.62358, "delta": 0.005526}}
{"target": -13.758341530419282, "params": {"gamma": 423.8046978302502, "log10_alpha": -2.8819517938303663, "log10_colsample_bytree": -0.1473742388123757, "log10_eta": -4.0, "log10_lambda": -5.0, "log10_min_child_weight": 0.0, "log10_subsample": -1.0, "max_depth": 10.0, "num_boost_round": 77.0}, "datetime": {"datetime": "2024-01-19 01:25:07", "elapsed": 4410.62913, "delta": 0.00555}}
{"target": -13.75834346021937, "params": {"gamma": 423.8046978302502, "log10_alpha": -2.8819517938303663, "log10_colsample_bytree": -0.1473742388123757, "log10_eta": -4.0, "log10_lambda": -5.0, "log10_min_child_weight": 0.0, "log10_subsample": -1.0, "max_depth": 10.0, "num_boost_round": 78.0}, "datetime": {"datetime": "2024-01-19 01:25:07", "elapsed": 4410.634627, "delta": 0.005497}}
{"target": -13.758349751227993, "params": {"gamma": 423.8046978302502, "log10_alpha": -2.8819517938303663, "log10_colsample_bytree": -0.1473742388123757, "log10_eta": -4.0, "log10_lambda": -5.0, "log10_min_child_weight": 0.0, "log10_subsample": -1.0, "max_depth": 10.0, "num_boost_round": 79.0}, "datetime": {"datetime": "2024-01-19 01:25:07", "elapsed": 4410.640133, "delta": 0.005506}}
{"target": -13.758353419806358, "params": {"gamma": 423.8046978302502, "log10_alpha": -2.8819517938303663, "log10_colsample_bytree": -0.1473742388123757, "log10_eta": -4.0, "log10_lambda": -5.0, "log10_min_child_weight": 0.0, "log10_subsample": -1.0, "max_depth": 10.0, "num_boost_round": 80.0}, "datetime": {"datetime": "2024-01-19 01:25:07", "elapsed": 4410.645628, "delta": 0.005495}}
{"target": -13.758353422761516, "params": {"gamma": 423.8046978302502, "log10_alpha": -2.8819517938303663, "log10_colsample_bytree": -0.1473742388123757, "log10_eta": -4.0, "log10_lambda": -5.0, "log10_min_child_weight": 0.0, "log10_subsample": -1.0, "max_depth": 10.0, "num_boost_round": 81.0}, "datetime": {"datetime": "2024-01-19 01:25:07", "elapsed": 4410.651155, "delta": 0.005527}}
{"target": -13.758349410707599, "params": {"gamma": 423.8046978302502, "log10_alpha": -2.8819517938303663, "log10_colsample_bytree": -0.1473742388123757, "log10_eta": -4.0, "log10_lambda": -5.0, "log10_min_child_weight": 0.0, "log10_subsample": -1.0, "max_depth": 10.0, "num_boost_round": 82.0}, "datetime": {"datetime": "2024-01-19 01:25:07", "elapsed": 4410.656732, "delta": 0.005577}}
{"target": -13.75834645777564, "params": {"gamma": 423.8046978302502, "log10_alpha": -2.8819517938303663, "log10_colsample_bytree": -0.1473742388123757, "log10_eta": -4.0, "log10_lambda": -5.0, "log10_min_child_weight": 0.0, "log10_subsample": -1.0, "max_depth": 10.0, "num_boost_round": 83.0}, "datetime": {"datetime": "2024-01-19 01:25:07", "elapsed": 4410.662368, "delta": 0.005636}}
{"target": -13.758344072906446, "params": {"gamma": 423.8046978302502, "log10_alpha": -2.8819517938303663, "log10_colsample_bytree": -0.1473742388123757, "log10_eta": -4.0, "log10_lambda": -5.0, "log10_min_child_weight": 0.0, "log10_subsample": -1.0, "max_depth": 10.0, "num_boost_round": 84.0}, "datetime": {"datetime": "2024-01-19 01:25:07", "elapsed": 4410.668106, "delta": 0.005738}}
{"target": -13.758338796744104, "params": {"gamma": 423.8046978302502, "log10_alpha": -2.8819517938303663, "log10_colsample_bytree": -0.1473742388123757, "log10_eta": -4.0, "log10_lambda": -5.0, "log10_min_child_weight": 0.0, "log10_subsample": -1.0, "max_depth": 10.0, "num_boost_round": 85.0}, "datetime": {"datetime": "2024-01-19 01:25:07", "elapsed": 4410.673939, "delta": 0.005833}}
{"target": -13.758333400608873, "params": {"gamma": 423.8046978302502, "log10_alpha": -2.8819517938303663, "log10_colsample_bytree": -0.1473742388123757, "log10_eta": -4.0, "log10_lambda": -5.0, "log10_min_child_weight": 0.0, "log10_subsample": -1.0, "max_depth": 10.0, "num_boost_round": 86.0}, "datetime": {"datetime": "2024-01-19 01:25:07", "elapsed": 4410.679883, "delta": 0.005944}}
{"target": -13.758328824420504, "params": {"gamma": 423.8046978302502, "log10_alpha": -2.8819517938303663, "log10_colsample_bytree": -0.1473742388123757, "log10_eta": -4.0, "log10_lambda": -5.0, "log10_min_child_weight": 0.0, "log10_subsample": -1.0, "max_depth": 10.0, "num_boost_round": 87.0}, "datetime": {"datetime": "2024-01-19 01:25:07", "elapsed": 4410.685508, "delta": 0.005625}}
{"target": -13.75856464782889, "params": {"gamma": 428.41296546424513, "log10_alpha": -5.0, "log10_colsample_bytree": -0.020845507933479338, "log10_eta": -1.0246693446603448, "log10_lambda": -4.3882293024464705, "log10_min_child_weight": 5.0, "log10_subsample": -0.6227848015802538, "max_depth": 10.0, "num_boost_round": 0.0}, "datetime": {"datetime": "2024-01-19 01:26:18", "elapsed": 4482.00061, "delta": 71.315102}}
{"target": -13.758494929910123, "params": {"gamma": 428.41296546424513, "log10_alpha": -5.0, "log10_colsample_bytree": -0.020845507933479338, "log10_eta": -1.0246693446603448, "log10_lambda": -4.3882293024464705, "log10_min_child_weight": 5.0, "log10_subsample": -0.6227848015802538, "max_depth": 10.0, "num_boost_round": 1.0}, "datetime": {"datetime": "2024-01-19 01:26:18", "elapsed": 4482.007111, "delta": 0.006501}}
{"target": -13.758534236904051, "params": {"gamma": 428.41296546424513, "log10_alpha": -5.0, "log10_colsample_bytree": -0.020845507933479338, "log10_eta": -1.0246693446603448, "log10_lambda": -4.3882293024464705, "log10_min_child_weight": 5.0, "log10_subsample": -0.6227848015802538, "max_depth": 10.0, "num_boost_round": 2.0}, "datetime": {"datetime": "2024-01-19 01:26:18", "elapsed": 4482.012862, "delta": 0.005751}}
{"target": -13.758778974386718, "params": {"gamma": 428.41296546424513, "log10_alpha": -5.0, "log10_colsample_bytree": -0.020845507933479338, "log10_eta": -1.0246693446603448, "log10_lambda": -4.3882293024464705, "log10_min_child_weight": 5.0, "log10_subsample": -0.6227848015802538, "max_depth": 10.0, "num_boost_round": 3.0}, "datetime": {"datetime": "2024-01-19 01:26:18", "elapsed": 4482.018579, "delta": 0.005717}}
{"target": -13.759093242097155, "params": {"gamma": 428.41296546424513, "log10_alpha": -5.0, "log10_colsample_bytree": -0.020845507933479338, "log10_eta": -1.0246693446603448, "log10_lambda": -4.3882293024464705, "log10_min_child_weight": 5.0, "log10_subsample": -0.6227848015802538, "max_depth": 10.0, "num_boost_round": 4.0}, "datetime": {"datetime": "2024-01-19 01:26:18", "elapsed": 4482.024334, "delta": 0.005755}}
{"target": -13.75924003661778, "params": {"gamma": 428.41296546424513, "log10_alpha": -5.0, "log10_colsample_bytree": -0.020845507933479338, "log10_eta": -1.0246693446603448, "log10_lambda": -4.3882293024464705, "log10_min_child_weight": 5.0, "log10_subsample": -0.6227848015802538, "max_depth": 10.0, "num_boost_round": 5.0}, "datetime": {"datetime": "2024-01-19 01:26:18", "elapsed": 4482.030295, "delta": 0.005961}}
{"target": -13.759386018033787, "params": {"gamma": 428.41296546424513, "log10_alpha": -5.0, "log10_colsample_bytree": -0.020845507933479338, "log10_eta": -1.0246693446603448, "log10_lambda": -4.3882293024464705, "log10_min_child_weight": 5.0, "log10_subsample": -0.6227848015802538, "max_depth": 10.0, "num_boost_round": 6.0}, "datetime": {"datetime": "2024-01-19 01:26:18", "elapsed": 4482.035853, "delta": 0.005558}}
{"target": -13.759670283132465, "params": {"gamma": 428.41296546424513, "log10_alpha": -5.0, "log10_colsample_bytree": -0.020845507933479338, "log10_eta": -1.0246693446603448, "log10_lambda": -4.3882293024464705, "log10_min_child_weight": 5.0, "log10_subsample": -0.6227848015802538, "max_depth": 10.0, "num_boost_round": 7.0}, "datetime": {"datetime": "2024-01-19 01:26:18", "elapsed": 4482.041367, "delta": 0.005514}}
{"target": -13.760113004558727, "params": {"gamma": 428.41296546424513, "log10_alpha": -5.0, "log10_colsample_bytree": -0.020845507933479338, "log10_eta": -1.0246693446603448, "log10_lambda": -4.3882293024464705, "log10_min_child_weight": 5.0, "log10_subsample": -0.6227848015802538, "max_depth": 10.0, "num_boost_round": 8.0}, "datetime": {"datetime": "2024-01-19 01:26:18", "elapsed": 4482.046956, "delta": 0.005589}}
{"target": -13.760300873664669, "params": {"gamma": 428.41296546424513, "log10_alpha": -5.0, "log10_colsample_bytree": -0.020845507933479338, "log10_eta": -1.0246693446603448, "log10_lambda": -4.3882293024464705, "log10_min_child_weight": 5.0, "log10_subsample": -0.6227848015802538, "max_depth": 10.0, "num_boost_round": 9.0}, "datetime": {"datetime": "2024-01-19 01:26:18", "elapsed": 4482.052574, "delta": 0.005618}}
{"target": -13.760256372596606, "params": {"gamma": 428.41296546424513, "log10_alpha": -5.0, "log10_colsample_bytree": -0.020845507933479338, "log10_eta": -1.0246693446603448, "log10_lambda": -4.3882293024464705, "log10_min_child_weight": 5.0, "log10_subsample": -0.6227848015802538, "max_depth": 10.0, "num_boost_round": 10.0}, "datetime": {"datetime": "2024-01-19 01:26:18", "elapsed": 4482.058054, "delta": 0.00548}}
