{"target": -17.677175253429798, "params": {"gamma": 42.91108335269011, "log10_alpha": -1.99075150342793, "log10_colsample_bytree": -0.7136635721790482, "log10_eta": -3.654781602389478, "log10_lambda": 0.1928044639805373, "log10_min_child_weight": 4.69777081155737, "log10_subsample": -0.492477293889258, "max_depth": 4.0, "num_boost_round": 36.0}, "datetime": {"datetime": "2024-01-19 01:10:31", "elapsed": 3585.005317, "delta": 0.004009}}
{"target": -17.677174790703333, "params": {"gamma": 42.91108335269011, "log10_alpha": -1.99075150342793, "log10_colsample_bytree": -0.7136635721790482, "log10_eta": -3.654781602389478, "log10_lambda": 0.1928044639805373, "log10_min_child_weight": 4.69777081155737, "log10_subsample": -0.492477293889258, "max_depth": 4.0, "num_boost_round": 37.0}, "datetime": {"datetime": "2024-01-19 01:10:31", "elapsed": 3585.00931, "delta": 0.003993}}
{"target": -17.677173944160646, "params": {"gamma": 42.91108335269011, "log10_alpha": -1.99075150342793, "log10_colsample_bytree": -0.7136635721790482, "log10_eta": -3.654781602389478, "log10_lambda": 0.1928044639805373, "log10_min_child_weight": 4.69777081155737, "log10_subsample": -0.492477293889258, "max_depth": 4.0, "num_boost_round": 38.0}, "datetime": {"datetime": "2024-01-19 01:10:31", "elapsed": 3585.013101, "delta": 0.003791}}
{"target": -17.67717227398909, "params": {"gamma": 42.91108335269011, "log10_alpha": -1.99075150342793, "log10_colsample_bytree": -0.7136635721790482, "log10_eta": -3.654781602389478, "log10_lambda": 0.1928044639805373, "log10_min_child_weight": 4.69777081155737, "log10_subsample": -0.492477293889258, "max_depth": 4.0, "num_boost_round": 39.0}, "datetime": {"datetime": "2024-01-19 01:10:31", "elapsed": 3585.016679, "delta": 0.003578}}
{"target": -17.677172058433545, "params": {"gamma": 42.91108335269011, "log10_alpha": -1.99075150342793, "log10_colsample_bytree": -0.7136635721790482, "log10_eta": -3.654781602389478, "log10_lambda": 0.1928044639805373, "log10_min_child_weight": 4.69777081155737, "log10_subsample": -0.492477293889258, "max_depth": 4.0, "num_boost_round": 40.0}, "datetime": {"datetime": "2024-01-19 01:10:31", "elapsed": 3585.020681, "delta": 0.004002}}
{"target": -17.677169425777187, "params": {"gamma": 42.91108335269011, "log10_alpha": -1.99075150342793, "log10_colsample_bytree": -0.7136635721790482, "log10_eta": -3.654781602389478, "log10_lambda": 0.1928044639805373, "log10_min_child_weight": 4.69777081155737, "log10_subsample": -0.492477293889258, "max_depth": 4.0, "num_boost_round": 41.0}, "datetime": {"datetime": "2024-01-19 01:10:31", "elapsed": 3585.024873, "delta": 0.004192}}
{"target": -17.67721860778655, "params": {"gamma": 47.02816319842684, "log10_alpha": -4.925656103203336, "log10_colsample_bytree": -0.07309081686416663, "log10_eta": -3.2977247302401027, "log10_lambda": -0.89864729318142, "log10_min_child_weight": 3.335632816807932, "log10_subsample": -0.5339128892574774, "max_depth": 2.0, "num_boost_round": 0.0}, "datetime": {"datetime": "2024-01-19 01:11:06", "elapsed": 3620.391139, "delta": 35.366266}}
{"target": -17.6772038963521, "params": {"gamma": 47.02816319842684, "log10_alpha": -4.925656103203336, "log10_colsample_bytree": -0.07309081686416663, "log10_eta": -3.2977247302401027, "log10_lambda": -0.89864729318142, "log10_min_child_weight": 3.335632816807932, "log10_subsample": -0.5339128892574774, "max_depth": 2.0, "num_boost_round": 1.0}, "datetime": {"datetime": "2024-01-19 01:11:06", "elapsed": 3620.395543, "delta": 0.004404}}
{"target": -17.67718929372029, "params": {"gamma": 47.02816319842684, "log10_alpha": -4.925656103203336, "log10_colsample_bytree": -0.07309081686416663, "log10_eta": -3.2977247302401027, "log10_lambda": -0.89864729318142, "log10_min_child_weight": 3.335632816807932, "log10_subsample": -0.5339128892574774, "max_depth": 2.0, "num_boost_round": 2.0}, "datetime": {"datetime": "2024-01-19 01:11:06", "elapsed": 3620.399097, "delta": 0.003554}}
{"target": -17.677174673693678, "params": {"gamma": 47.02816319842684, "log10_alpha": -4.925656103203336, "log10_colsample_bytree": -0.07309081686416663, "log10_eta": -3.2977247302401027, "log10_lambda": -0.89864729318142, "log10_min_child_weight": 3.335632816807932, "log10_subsample": -0.5339128892574774, "max_depth": 2.0, "num_boost_round": 3.0}, "datetime": {"datetime": "2024-01-19 01:11:06", "elapsed": 3620.402598, "delta": 0.003501}}
{"target": -17.67716617220458, "params": {"gamma": 47.02816319842684, "log10_alpha": -4.925656103203336, "log10_colsample_bytree": -0.07309081686416663, "log10_eta": -3.2977247302401027, "log10_lambda": -0.89864729318142, "log10_min_child_weight": 3.335632816807932, "log10_subsample": -0.5339128892574774, "max_depth": 2.0, "num_boost_round": 4.0}, "datetime": {"datetime": "2024-01-19 01:11:06", "elapsed": 3620.406192, "delta": 0.003594}}
{"target": -17.677151726281853, "params": {"gamma": 47.02816319842684, "log10_alpha": -4.925656103203336, "log10_colsample_bytree": -0.07309081686416663, "log10_eta": -3.2977247302401027, "log10_lambda": -0.89864729318142, "log10_min_child_weight": 3.335632816807932, "log10_subsample": -0.5339128892574774, "max_depth": 2.0, "num_boost_round": 5.0}, "datetime": {"datetime": "2024-01-19 01:11:06", "elapsed": 3620.409695, "delta": 0.003503}}
{"target": -17.677136762082785, "params": {"gamma": 47.02816319842684, "log10_alpha": -4.925656103203336, "log10_colsample_bytree": -0.07309081686416663, "log10_eta": -3.2977247302401027, "log10_lambda": -0.89864729318142, "log10_min_child_weight": 3.335632816807932, "log10_subsample": -0.5339128892574774, "max_depth": 2.0, "num_boost_round": 6.0}, "datetime": {"datetime": "2024-01-19 01:11:06", "elapsed": 3620.413297, "delta": 0.003602}}
{"target": -17.677122554135497, "params": {"gamma": 47.02816319842684, "log10_alpha": -4.925656103203336, "log10_colsample_bytree": -0.07309081686416663, "log10_eta": -3.2977247302401027, "log10_lambda": -0.89864729318142, "log10_min_child_weight": 3.335632816807932, "log10_subsample": -0.5339128892574774, "max_depth": 2.0, "num_boost_round": 7.0}, "datetime": {"datetime": "2024-01-19 01:11:06", "elapsed": 3620.416879, "delta": 0.003582}}
{"target": -17.677108563303605, "params": {"gamma": 47.02816319842684, "log10_alpha": -4.925656103203336, "log10_colsample_bytree": -0.07309081686416663, "log10_eta": -3.2977247302401027, "log10_lambda": -0.89864729318142, "log10_min_child_weight": 3.335632816807932, "log10_subsample": -0.5339128892574774, "max_depth": 2.0, "num_boost_round": 8.0}, "datetime": {"datetime": "2024-01-19 01:11:06", "elapsed": 3620.42046, "delta": 0.003581}}
{"target": -17.67709505252717, "params": {"gamma": 47.02816319842684, "log10_alpha": -4.925656103203336, "log10_colsample_bytree": -0.07309081686416663, "log10_eta": -3.2977247302401027, "log10_lambda": -0.89864729318142, "log10_min_child_weight": 3.335632816807932, "log10_subsample": -0.5339128892574774, "max_depth": 2.0, "num_boost_round": 9.0}, "datetime": {"datetime": "2024-01-19 01:11:06", "elapsed": 3620.423889, "delta": 0.003429}}
{"target": -17.677081616673174, "params": {"gamma": 47.02816319842684, "log10_alpha": -4.925656103203336, "log10_colsample_bytree": -0.07309081686416663, "log10_eta": -3.2977247302401027, "log10_lambda": -0.89864729318142, "log10_min_child_weight": 3.335632816807932, "log10_subsample": -0.5339128892574774, "max_depth": 2.0, "num_boost_round": 10.0}, "datetime": {"datetime": "2024-01-19 01:11:06", "elapsed": 3620.427421, "delta": 0.003532}}
{"target": -17.677067872848752, "params": {"gamma": 47.02816319842684, "log10_alpha": -4.925656103203336, "log10_colsample_bytree": -0.07309081686416663, "log10_eta": -3.2977247302401027, "log10_lambda": -0.89864729318142, "log10_min_child_weight": 3.335632816807932, "log10_subsample": -0.5339128892574774, "max_depth": 2.0, "num_boost_round": 11.0}, "datetime": {"datetime": "2024-01-19 01:11:06", "elapsed": 3620.43106, "delta": 0.003639}}
{"target": -17.677054040921593, "params": {"gamma": 47.02816319842684, "log10_alpha": -4.925656103203336, "log10_colsample_bytree": -0.07309081686416663, "log10_eta": -3.2977247302401027, "log10_lambda": -0.89864729318142, "log10_min_child_weight": 3.335632816807932, "log10_subsample": -0.5339128892574774, "max_depth": 2.0, "num_boost_round": 12.0}, "datetime": {"datetime": "2024-01-19 01:11:06", "elapsed": 3620.434494, "delta": 0.003434}}
{"target": -17.677040133309625, "params": {"gamma": 47.02816319842684, "log10_alpha": -4.925656103203336, "log10_colsample_bytree": -0.07309081686416663, "log10_eta": -3.2977247302401027, "log10_lambda": -0.89864729318142, "log10_min_child_weight": 3.335632816807932, "log10_subsample": -0.5339128892574774, "max_depth": 2.0, "num_boost_round": 13.0}, "datetime": {"datetime": "2024-01-19 01:11:06", "elapsed": 3620.43799, "delta": 0.003496}}
{"target": -17.677215026968383, "params": {"gamma": 58.11138800832505, "log10_alpha": -0.32751328145464953, "log10_colsample_bytree": -0.33482657754177136, "log10_eta": -3.5230590485987276, "log10_lambda": -0.1780998245909533, "log10_min_child_weight": 4.144136350459061, "log10_subsample": -0.30131132126392224, "max_depth": 9.0, "num_boost_round": 0.0}, "datetime": {"datetime": "2024-01-19 01:11:55", "elapsed": 3669.623783, "delta": 49.185793}}
{"target": -17.677209099410906, "params": {"gamma": 58.11138800832505, "log10_alpha": -0.32751328145464953, "log10_colsample_bytree": -0.33482657754177136, "log10_eta": -3.5230590485987276, "log10_lambda": -0.1780998245909533, "log10_min_child_weight": 4.144136350459061, "log10_subsample": -0.30131132126392224, "max_depth": 9.0, "num_boost_round": 1.0}, "datetime": {"datetime": "2024-01-19 01:11:55", "elapsed": 3669.627555, "delta": 0.003772}}
{"target": -17.677207151118346, "params": {"gamma": 58.11138800832505, "log10_alpha": -0.32751328145464953, "log10_colsample_bytree": -0.33482657754177136, "log10_eta": -3.5230590485987276, "log10_lambda": -0.1780998245909533, "log10_min_child_weight": 4.144136350459061, "log10_subsample": -0.30131132126392224, "max_depth": 9.0, "num_boost_round": 2.0}, "datetime": {"datetime": "2024-01-19 01:11:55", "elapsed": 3669.631253, "delta": 0.003698}}
{"target": -17.677200044904477, "params": {"gamma": 58.11138800832505, "log10_alpha": -0.32751328145464953, "log10_colsample_bytree": -0.33482657754177136, "log10_eta": -3.5230590485987276, "log10_lambda": -0.1780998245909533, "log10_min_child_weight": 4.144136350459061, "log10_subsample": -0.30131132126392224, "max_depth": 9.0, "num_boost_round": 3.0}, "datetime": {"datetime": "2024-01-19 01:11:55", "elapsed": 3669.634751, "delta": 0.003498}}
{"target": -17.677199118080207, "params": {"gamma": 58.11138800832505, "log10_alpha": -0.32751328145464953, "log10_colsample_bytree": -0.33482657754177136, "log10_eta": -3.5230590485987276, "log10_lambda": -0.1780998245909533, "log10_min_child_weight": 4.144136350459061, "log10_subsample": -0.30131132126392224, "max_depth": 9.0, "num_boost_round": 4.0}, "datetime": {"datetime": "2024-01-19 01:11:55", "elapsed": 3669.638255, "delta": 0.003504}}
{"target": -17.677195418716252, "params": {"gamma": 58.11138800832505, "log10_alpha": -0.32751328145464953, "log10_colsample_bytree": -0.33482657754177136, "log10_eta": -3.5230590485987276, "log10_lambda": -0.1780998245909533, "log10_min_child_weight": 4.144136350459061, "log10_subsample": -0.30131132126392224, "max_depth": 9.0, "num_boost_round": 5.0}, "datetime": {"datetime": "2024-01-19 01:11:55", "elapsed": 3669.641874, "delta": 0.003619}}
{"target": -17.67720271629255, "params": {"gamma": 58.11138800832505, "log10_alpha": -0.32751328145464953, "log10_colsample_bytree": -0.33482657754177136, "log10_eta": -3.5230590485987276, "log10_lambda": -0.1780998245909533, "log10_min_child_weight": 4.144136350459061, "log10_subsample": -0.30131132126392224, "max_depth": 9.0, "num_boost_round": 6.0}, "datetime": {"datetime": "2024-01-19 01:11:55", "elapsed": 3669.645359, "delta": 0.003485}}
{"target": -17.677200671773104, "params": {"gamma": 58.11138800832505, "log10_alpha": -0.32751328145464953, "log10_colsample_bytree": -0.33482657754177136, "log10_eta": -3.5230590485987276, "log10_lambda": -0.1780998245909533, "log10_min_child_weight": 4.144136350459061, "log10_subsample": -0.30131132126392224, "max_depth": 9.0, "num_boost_round": 7.0}, "datetime": {"datetime": "2024-01-19 01:11:55", "elapsed": 3669.649041, "delta": 0.003682}}
{"target": -17.677195605395195, "params": {"gamma": 58.11138800832505, "log10_alpha": -0.32751328145464953, "log10_colsample_bytree": -0.33482657754177136, "log10_eta": -3.5230590485987276, "log10_lambda": -0.1780998245909533, "log10_min_child_weight": 4.144136350459061, "log10_subsample": -0.30131132126392224, "max_depth": 9.0, "num_boost_round": 8.0}, "datetime": {"datetime": "2024-01-19 01:11:55", "elapsed": 3669.652656, "delta": 0.003615}}
{"target": -17.67719218670341, "params": {"gamma": 58.11138800832505, "log10_alpha": -0.32751328145464953, "log10_colsample_bytree": -0.33482657754177136, "log10_eta": -3.5230590485987276, "log10_lambda": -0.1780998245909533, "log10_min_child_weight": 4.144136350459061, "log10_subsample": -0.30131132126392224, "max_depth": 9.0, "num_boost_round": 9.0}, "datetime": {"datetime": "2024-01-19 01:11:55", "elapsed": 3669.656205, "delta": 0.003549}}
{"target": -17.677189130566404, "params": {"gamma": 58.11138800832505, "log10_alpha": -0.32751328145464953, "log10_colsample_bytree": -0.33482657754177136, "log10_eta": -3.5230590485987276, "log10_lambda": -0.1780998245909533, "log10_min_child_weight": 4.144136350459061, "log10_subsample": -0.30131132126392224, "max_depth": 9.0, "num_boost_round": 10.0}, "datetime": {"datetime": "2024-01-19 01:11:55", "elapsed": 3669.659707, "delta": 0.003502}}
{"target": -17.67717883157708, "params": {"gamma": 58.11138800832505, "log10_alpha": -0.32751328145464953, "log10_colsample_bytree": -0.33482657754177136, "log10_eta": -3.5230590485987276, "log10_lambda": -0.1780998245909533, "log10_min_child_weight": 4.144136350459061, "log10_subsample": -0.30131132126392224, "max_depth": 9.0, "num_boost_round": 11.0}, "datetime": {"datetime": "2024-01-19 01:11:55", "elapsed": 3669.663125, "delta": 0.003418}}
{"target": -17.67717471997688, "params": {"gamma": 58.11138800832505, "log10_alpha": -0.32751328145464953, "log10_colsample_bytree": -0.33482657754177136, "log10_eta": -3.5230590485987276, "log10_lambda": -0.1780998245909533, "log10_min_child_weight": 4.144136350459061, "log10_subsample": -0.30131132126392224, "max_depth": 9.0, "num_boost_round": 12.0}, "datetime": {"datetime": "2024-01-19 01:11:55", "elapsed": 3669.666787, "delta": 0.003662}}
{"target": -17.677170394899804, "params": {"gamma": 58.11138800832505, "log10_alpha": -0.32751328145464953, "log10_colsample_bytree": -0.33482657754177136, "log10_eta": -3.5230590485987276, "log10_lambda": -0.1780998245909533, "log10_min_child_weight": 4.144136350459061, "log10_subsample": -0.30131132126392224, "max_depth": 9.0, "num_boost_round": 13.0}, "datetime": {"datetime": "2024-01-19 01:11:55", "elapsed": 3669.670345, "delta": 0.003558}}
{"target": -17.677224158063865, "params": {"gamma": 56.22317873518834, "log10_alpha": -4.068324497069877, "log10_colsample_bytree": -0.9856382471139603, "log10_eta": -3.4769077076766925, "log10_lambda": -0.8597866986420053, "log10_min_child_weight": 3.2828007358978653, "log10_subsample": -0.088747665611286, "max_depth": 2.0, "num_boost_round": 0.0}, "datetime": {"datetime": "2024-01-19 01:12:39", "elapsed": 3713.36258, "delta": 43.692235}}
{"target": -17.677212684418702, "params": {"gamma": 56.22317873518834, "log10_alpha": -4.068324497069877, "log10_colsample_bytree": -0.9856382471139603, "log10_eta": -3.4769077076766925, "log10_lambda": -0.8597866986420053, "log10_min_child_weight": 3.2828007358978653, "log10_subsample": -0.088747665611286, "max_depth": 2.0, "num_boost_round": 1.0}, "datetime": {"datetime": "2024-01-19 01:12:39", "elapsed": 3713.366872, "delta": 0.004292}}
{"target": -17.677211679799115, "params": {"gamma": 56.22317873518834, "log10_alpha": -4.068324497069877, "log10_colsample_bytree": -0.9856382471139603, "log10_eta": -3.4769077076766925, "log10_lambda": -0.8597866986420053, "log10_min_child_weight": 3.2828007358978653, "log10_subsample": -0.088747665611286, "max_depth": 2.0, "num_boost_round": 2.0}, "datetime": {"datetime": "2024-01-19 01:12:39", "elapsed": 3713.370525, "delta": 0.003653}}
{"target": -17.677210805309546, "params": {"gamma": 56.22317873518834, "log10_alpha": -4.068324497069877, "log10_colsample_bytree": -0.9856382471139603, "log10_eta": -3.4769077076766925, "log10_lambda": -0.8597866986420053, "log10_min_child_weight": 3.2828007358978653, "log10_subsample": -0.088747665611286, "max_depth": 2.0, "num_boost_round": 3.0}, "datetime": {"datetime": "2024-01-19 01:12:39", "elapsed": 3713.373805, "delta": 0.00328}}
{"target": -17.67720505818319, "params": {"gamma": 56.22317873518834, "log10_alpha": -4.068324497069877, "log10_colsample_bytree": -0.9856382471139603, "log10_eta": -3.4769077076766925, "log10_lambda": -0.8597866986420053, "log10_min_child_weight": 3.2828007358978653, "log10_subsample": -0.088747665611286, "max_depth": 2.0, "num_boost_round": 4.0}, "datetime": {"datetime": "2024-01-19 01:12:39", "elapsed": 3713.377185, "delta": 0.00338}}
{"target": -17.677200229859658, "params": {"gamma": 56.22317873518834, "log10_alpha": -4.068324497069877, "log10_colsample_bytree": -0.9856382471139603, "log10_eta": -3.4769077076766925, "log10_lambda": -0.8597866986420053, "log10_min_child_weight": 3.2828007358978653, "log10_subsample": -0.088747665611286, "max_depth": 2.0, "num_boost_round": 5.0}, "datetime": {"datetime": "2024-01-19 01:12:39", "elapsed": 3713.380528, "delta": 0.003343}}
{"target": -17.67719467708207, "params": {"gamma": 56.22317873518834, "log10_alpha": -4.068324497069877, "log10_colsample_bytree": -0.9856382471139603, "log10_eta": -3.4769077076766925, "log10_lambda": -0.8597866986420053, "log10_min_child_weight": 3.2828007358978653, "log10_subsample": -0.088747665611286, "max_depth": 2.0, "num_boost_round": 6.0}, "datetime": {"datetime": "2024-01-19 01:12:39", "elapsed": 3713.383847, "delta": 0.003319}}
{"target": -17.67718664661034, "params": {"gamma": 56.22317873518834, "log10_alpha": -4.068324497069877, "log10_colsample_bytree": -0.9856382471139603, "log10_eta": -3.4769077076766925, "log10_lambda": -0.8597866986420053, "log10_min_child_weight": 3.2828007358978653, "log10_subsample": -0.088747665611286, "max_depth": 2.0, "num_boost_round": 7.0}, "datetime": {"datetime": "2024-01-19 01:12:39", "elapsed": 3713.387327, "delta": 0.00348}}
{"target": -17.67718959808423, "params": {"gamma": 56.22317873518834, "log10_alpha": -4.068324497069877, "log10_colsample_bytree": -0.9856382471139603, "log10_eta": -3.4769077076766925, "log10_lambda": -0.8597866986420053, "log10_min_child_weight": 3.2828007358978653, "log10_subsample": -0.088747665611286, "max_depth": 2.0, "num_boost_round": 8.0}, "datetime": {"datetime": "2024-01-19 01:12:39", "elapsed": 3713.390667, "delta": 0.00334}}
{"target": -17.67718460380093, "params": {"gamma": 56.22317873518834, "log10_alpha": -4.068324497069877, "log10_colsample_bytree": -0.9856382471139603, "log10_eta": -3.4769077076766925, "log10_lambda": -0.8597866986420053, "log10_min_child_weight": 3.2828007358978653, "log10_subsample": -0.088747665611286, "max_depth": 2.0, "num_boost_round": 9.0}, "datetime": {"datetime": "2024-01-19 01:12:39", "elapsed": 3713.393926, "delta": 0.003259}}
{"target": -17.677176577022564, "params": {"gamma": 56.22317873518834, "log10_alpha": -4.068324497069877, "log10_colsample_bytree": -0.9856382471139603, "log10_eta": -3.4769077076766925, "log10_lambda": -0.8597866986420053, "log10_min_child_weight": 3.2828007358978653, "log10_subsample": -0.088747665611286, "max_depth": 2.0, "num_boost_round": 10.0}, "datetime": {"datetime": "2024-01-19 01:12:39", "elapsed": 3713.397313, "delta": 0.003387}}
{"target": -17.677166002895486, "params": {"gamma": 56.22317873518834, "log10_alpha": -4.068324497069877, "log10_colsample_bytree": -0.9856382471139603, "log10_eta": -3.4769077076766925, "log10_lambda": -0.8597866986420053, "log10_min_child_weight": 3.2828007358978653, "log10_subsample": -0.088747665611286, "max_depth": 2.0, "num_boost_round": 11.0}, "datetime": {"datetime": "2024-01-19 01:12:39", "elapsed": 3713.400659, "delta": 0.003346}}
{"target": -17.67715585524241, "params": {"gamma": 56.22317873518834, "log10_alpha": -4.068324497069877, "log10_colsample_bytree": -0.9856382471139603, "log10_eta": -3.4769077076766925, "log10_lambda": -0.8597866986420053, "log10_min_child_weight": 3.2828007358978653, "log10_subsample": -0.088747665611286, "max_depth": 2.0, "num_boost_round": 12.0}, "datetime": {"datetime": "2024-01-19 01:12:39", "elapsed": 3713.403965, "delta": 0.003306}}
{"target": -17.67715009708506, "params": {"gamma": 56.22317873518834, "log10_alpha": -4.068324497069877, "log10_colsample_bytree": -0.9856382471139603, "log10_eta": -3.4769077076766925, "log10_lambda": -0.8597866986420053, "log10_min_child_weight": 3.2828007358978653, "log10_subsample": -0.088747665611286, "max_depth": 2.0, "num_boost_round": 13.0}, "datetime": {"datetime": "2024-01-19 01:12:39", "elapsed": 3713.407467, "delta": 0.003502}}
{"target": -17.677144705593555, "params": {"gamma": 56.22317873518834, "log10_alpha": -4.068324497069877, "log10_colsample_bytree": -0.9856382471139603, "log10_eta": -3.4769077076766925, "log10_lambda": -0.8597866986420053, "log10_min_child_weight": 3.2828007358978653, "log10_subsample": -0.088747665611286, "max_depth": 2.0, "num_boost_round": 14.0}, "datetime": {"datetime": "2024-01-19 01:12:39", "elapsed": 3713.410868, "delta": 0.003401}}
