{"target": -13.758210886465497, "params": {"gamma": 113.50072306179581, "log10_alpha": 0.9439703491316669, "log10_colsample_bytree": -0.7350303730234983, "log10_eta": -2.725570933488583, "log10_lambda": 0.1003527509283062, "log10_min_child_weight": 1.2305028337634898, "log10_subsample": -0.07759825191990821, "max_depth": 3.0, "num_boost_round": 12.0}, "datetime": {"datetime": "2024-01-19 01:03:05", "elapsed": 3093.272405, "delta": 0.00312}}
{"target": -13.758148363319716, "params": {"gamma": 113.50072306179581, "log10_alpha": 0.9439703491316669, "log10_colsample_bytree": -0.7350303730234983, "log10_eta": -2.725570933488583, "log10_lambda": 0.1003527509283062, "log10_min_child_weight": 1.2305028337634898, "log10_subsample": -0.07759825191990821, "max_depth": 3.0, "num_boost_round": 13.0}, "datetime": {"datetime": "2024-01-19 01:03:05", "elapsed": 3093.275462, "delta": 0.003057}}
{"target": -13.758135295435537, "params": {"gamma": 113.50072306179581, "log10_alpha": 0.9439703491316669, "log10_colsample_bytree": -0.7350303730234983, "log10_eta": -2.725570933488583, "log10_lambda": 0.1003527509283062, "log10_min_child_weight": 1.2305028337634898, "log10_subsample": -0.07759825191990821, "max_depth": 3.0, "num_boost_round": 14.0}, "datetime": {"datetime": "2024-01-19 01:03:05", "elapsed": 3093.278562, "delta": 0.0031}}
{"target": -13.758081080176135, "params": {"gamma": 113.50072306179581, "log10_alpha": 0.9439703491316669, "log10_colsample_bytree": -0.7350303730234983, "log10_eta": -2.725570933488583, "log10_lambda": 0.1003527509283062, "log10_min_child_weight": 1.2305028337634898, "log10_subsample": -0.07759825191990821, "max_depth": 3.0, "num_boost_round": 15.0}, "datetime": {"datetime": "2024-01-19 01:03:05", "elapsed": 3093.281606, "delta": 0.003044}}
{"target": -13.75807088404207, "params": {"gamma": 113.50072306179581, "log10_alpha": 0.9439703491316669, "log10_colsample_bytree": -0.7350303730234983, "log10_eta": -2.725570933488583, "log10_lambda": 0.1003527509283062, "log10_min_child_weight": 1.2305028337634898, "log10_subsample": -0.07759825191990821, "max_depth": 3.0, "num_boost_round": 16.0}, "datetime": {"datetime": "2024-01-19 01:03:05", "elapsed": 3093.284724, "delta": 0.003118}}
{"target": -13.758070518756929, "params": {"gamma": 113.50072306179581, "log10_alpha": 0.9439703491316669, "log10_colsample_bytree": -0.7350303730234983, "log10_eta": -2.725570933488583, "log10_lambda": 0.1003527509283062, "log10_min_child_weight": 1.2305028337634898, "log10_subsample": -0.07759825191990821, "max_depth": 3.0, "num_boost_round": 17.0}, "datetime": {"datetime": "2024-01-19 01:03:05", "elapsed": 3093.287788, "delta": 0.003064}}
{"target": -13.758536533146641, "params": {"gamma": 125.6695215088094, "log10_alpha": -0.9136048028822144, "log10_colsample_bytree": -0.2045073265068308, "log10_eta": -3.3129808752162164, "log10_lambda": -2.248100042534281, "log10_min_child_weight": 1.323564203680715, "log10_subsample": -0.006111831768914944, "max_depth": 3.0, "num_boost_round": 0.0}, "datetime": {"datetime": "2024-01-19 01:03:32", "elapsed": 3120.353924, "delta": 27.066136}}
{"target": -13.75853479177933, "params": {"gamma": 125.6695215088094, "log10_alpha": -0.9136048028822144, "log10_colsample_bytree": -0.2045073265068308, "log10_eta": -3.3129808752162164, "log10_lambda": -2.248100042534281, "log10_min_child_weight": 1.323564203680715, "log10_subsample": -0.006111831768914944, "max_depth": 3.0, "num_boost_round": 1.0}, "datetime": {"datetime": "2024-01-19 01:03:32", "elapsed": 3120.357754, "delta": 0.00383}}
{"target": -13.758535707711806, "params": {"gamma": 125.6695215088094, "log10_alpha": -0.9136048028822144, "log10_colsample_bytree": -0.2045073265068308, "log10_eta": -3.3129808752162164, "log10_lambda": -2.248100042534281, "log10_min_child_weight": 1.323564203680715, "log10_subsample": -0.006111831768914944, "max_depth": 3.0, "num_boost_round": 2.0}, "datetime": {"datetime": "2024-01-19 01:03:32", "elapsed": 3120.361133, "delta": 0.003379}}
{"target": -13.758529900623037, "params": {"gamma": 125.6695215088094, "log10_alpha": -0.9136048028822144, "log10_colsample_bytree": -0.2045073265068308, "log10_eta": -3.3129808752162164, "log10_lambda": -2.248100042534281, "log10_min_child_weight": 1.323564203680715, "log10_subsample": -0.006111831768914944, "max_depth": 3.0, "num_boost_round": 3.0}, "datetime": {"datetime": "2024-01-19 01:03:32", "elapsed": 3120.36422, "delta": 0.003087}}
{"target": -13.758529404524504, "params": {"gamma": 125.6695215088094, "log10_alpha": -0.9136048028822144, "log10_colsample_bytree": -0.2045073265068308, "log10_eta": -3.3129808752162164, "log10_lambda": -2.248100042534281, "log10_min_child_weight": 1.323564203680715, "log10_subsample": -0.006111831768914944, "max_depth": 3.0, "num_boost_round": 4.0}, "datetime": {"datetime": "2024-01-19 01:03:32", "elapsed": 3120.367271, "delta": 0.003051}}
{"target": -13.758525951691096, "params": {"gamma": 125.6695215088094, "log10_alpha": -0.9136048028822144, "log10_colsample_bytree": -0.2045073265068308, "log10_eta": -3.3129808752162164, "log10_lambda": -2.248100042534281, "log10_min_child_weight": 1.323564203680715, "log10_subsample": -0.006111831768914944, "max_depth": 3.0, "num_boost_round": 5.0}, "datetime": {"datetime": "2024-01-19 01:03:32", "elapsed": 3120.370301, "delta": 0.00303}}
{"target": -13.758515283700715, "params": {"gamma": 125.6695215088094, "log10_alpha": -0.9136048028822144, "log10_colsample_bytree": -0.2045073265068308, "log10_eta": -3.3129808752162164, "log10_lambda": -2.248100042534281, "log10_min_child_weight": 1.323564203680715, "log10_subsample": -0.006111831768914944, "max_depth": 3.0, "num_boost_round": 6.0}, "datetime": {"datetime": "2024-01-19 01:03:32", "elapsed": 3120.37341, "delta": 0.003109}}
{"target": -13.758512649125052, "params": {"gamma": 125.6695215088094, "log10_alpha": -0.9136048028822144, "log10_colsample_bytree": -0.2045073265068308, "log10_eta": -3.3129808752162164, "log10_lambda": -2.248100042534281, "log10_min_child_weight": 1.323564203680715, "log10_subsample": -0.006111831768914944, "max_depth": 3.0, "num_boost_round": 7.0}, "datetime": {"datetime": "2024-01-19 01:03:32", "elapsed": 3120.376475, "delta": 0.003065}}
{"target": -13.758510146913814, "params": {"gamma": 125.6695215088094, "log10_alpha": -0.9136048028822144, "log10_colsample_bytree": -0.2045073265068308, "log10_eta": -3.3129808752162164, "log10_lambda": -2.248100042534281, "log10_min_child_weight": 1.323564203680715, "log10_subsample": -0.006111831768914944, "max_depth": 3.0, "num_boost_round": 8.0}, "datetime": {"datetime": "2024-01-19 01:03:32", "elapsed": 3120.379594, "delta": 0.003119}}
{"target": -13.758507572508442, "params": {"gamma": 125.6695215088094, "log10_alpha": -0.9136048028822144, "log10_colsample_bytree": -0.2045073265068308, "log10_eta": -3.3129808752162164, "log10_lambda": -2.248100042534281, "log10_min_child_weight": 1.323564203680715, "log10_subsample": -0.006111831768914944, "max_depth": 3.0, "num_boost_round": 9.0}, "datetime": {"datetime": "2024-01-19 01:03:32", "elapsed": 3120.382612, "delta": 0.003018}}
{"target": -13.758529184266223, "params": {"gamma": 129.9132971692979, "log10_alpha": -3.3375624298184388, "log10_colsample_bytree": -0.5242225320413845, "log10_eta": -3.214473721436053, "log10_lambda": -4.825416818499869, "log10_min_child_weight": 2.36856466450974, "log10_subsample": -0.2786101938683565, "max_depth": 3.0, "num_boost_round": 0.0}, "datetime": {"datetime": "2024-01-19 01:04:13", "elapsed": 3160.576779, "delta": 40.194167}}
{"target": -13.75851562081071, "params": {"gamma": 129.9132971692979, "log10_alpha": -3.3375624298184388, "log10_colsample_bytree": -0.5242225320413845, "log10_eta": -3.214473721436053, "log10_lambda": -4.825416818499869, "log10_min_child_weight": 2.36856466450974, "log10_subsample": -0.2786101938683565, "max_depth": 3.0, "num_boost_round": 1.0}, "datetime": {"datetime": "2024-01-19 01:04:13", "elapsed": 3160.581209, "delta": 0.00443}}
{"target": -13.758511542138969, "params": {"gamma": 129.9132971692979, "log10_alpha": -3.3375624298184388, "log10_colsample_bytree": -0.5242225320413845, "log10_eta": -3.214473721436053, "log10_lambda": -4.825416818499869, "log10_min_child_weight": 2.36856466450974, "log10_subsample": -0.2786101938683565, "max_depth": 3.0, "num_boost_round": 2.0}, "datetime": {"datetime": "2024-01-19 01:04:13", "elapsed": 3160.584379, "delta": 0.00317}}
{"target": -13.7585087826964, "params": {"gamma": 129.9132971692979, "log10_alpha": -3.3375624298184388, "log10_colsample_bytree": -0.5242225320413845, "log10_eta": -3.214473721436053, "log10_lambda": -4.825416818499869, "log10_min_child_weight": 2.36856466450974, "log10_subsample": -0.2786101938683565, "max_depth": 3.0, "num_boost_round": 3.0}, "datetime": {"datetime": "2024-01-19 01:04:13", "elapsed": 3160.587506, "delta": 0.003127}}
{"target": -13.758505305487258, "params": {"gamma": 129.9132971692979, "log10_alpha": -3.3375624298184388, "log10_colsample_bytree": -0.5242225320413845, "log10_eta": -3.214473721436053, "log10_lambda": -4.825416818499869, "log10_min_child_weight": 2.36856466450974, "log10_subsample": -0.2786101938683565, "max_depth": 3.0, "num_boost_round": 4.0}, "datetime": {"datetime": "2024-01-19 01:04:13", "elapsed": 3160.5907, "delta": 0.003194}}
{"target": -13.758491423929954, "params": {"gamma": 129.9132971692979, "log10_alpha": -3.3375624298184388, "log10_colsample_bytree": -0.5242225320413845, "log10_eta": -3.214473721436053, "log10_lambda": -4.825416818499869, "log10_min_child_weight": 2.36856466450974, "log10_subsample": -0.2786101938683565, "max_depth": 3.0, "num_boost_round": 5.0}, "datetime": {"datetime": "2024-01-19 01:04:13", "elapsed": 3160.593903, "delta": 0.003203}}
{"target": -13.758486673831296, "params": {"gamma": 129.9132971692979, "log10_alpha": -3.3375624298184388, "log10_colsample_bytree": -0.5242225320413845, "log10_eta": -3.214473721436053, "log10_lambda": -4.825416818499869, "log10_min_child_weight": 2.36856466450974, "log10_subsample": -0.2786101938683565, "max_depth": 3.0, "num_boost_round": 6.0}, "datetime": {"datetime": "2024-01-19 01:04:13", "elapsed": 3160.596982, "delta": 0.003079}}
{"target": -13.758477977263151, "params": {"gamma": 129.9132971692979, "log10_alpha": -3.3375624298184388, "log10_colsample_bytree": -0.5242225320413845, "log10_eta": -3.214473721436053, "log10_lambda": -4.825416818499869, "log10_min_child_weight": 2.36856466450974, "log10_subsample": -0.2786101938683565, "max_depth": 3.0, "num_boost_round": 7.0}, "datetime": {"datetime": "2024-01-19 01:04:13", "elapsed": 3160.600153, "delta": 0.003171}}
{"target": -13.758478022613074, "params": {"gamma": 129.9132971692979, "log10_alpha": -3.3375624298184388, "log10_colsample_bytree": -0.5242225320413845, "log10_eta": -3.214473721436053, "log10_lambda": -4.825416818499869, "log10_min_child_weight": 2.36856466450974, "log10_subsample": -0.2786101938683565, "max_depth": 3.0, "num_boost_round": 8.0}, "datetime": {"datetime": "2024-01-19 01:04:13", "elapsed": 3160.603183, "delta": 0.00303}}
{"target": -13.75846249968089, "params": {"gamma": 129.9132971692979, "log10_alpha": -3.3375624298184388, "log10_colsample_bytree": -0.5242225320413845, "log10_eta": -3.214473721436053, "log10_lambda": -4.825416818499869, "log10_min_child_weight": 2.36856466450974, "log10_subsample": -0.2786101938683565, "max_depth": 3.0, "num_boost_round": 9.0}, "datetime": {"datetime": "2024-01-19 01:04:13", "elapsed": 3160.60623, "delta": 0.003047}}
{"target": -13.758461324066262, "params": {"gamma": 129.9132971692979, "log10_alpha": -3.3375624298184388, "log10_colsample_bytree": -0.5242225320413845, "log10_eta": -3.214473721436053, "log10_lambda": -4.825416818499869, "log10_min_child_weight": 2.36856466450974, "log10_subsample": -0.2786101938683565, "max_depth": 3.0, "num_boost_round": 10.0}, "datetime": {"datetime": "2024-01-19 01:04:13", "elapsed": 3160.609259, "delta": 0.003029}}
{"target": -13.758453176430915, "params": {"gamma": 129.9132971692979, "log10_alpha": -3.3375624298184388, "log10_colsample_bytree": -0.5242225320413845, "log10_eta": -3.214473721436053, "log10_lambda": -4.825416818499869, "log10_min_child_weight": 2.36856466450974, "log10_subsample": -0.2786101938683565, "max_depth": 3.0, "num_boost_round": 11.0}, "datetime": {"datetime": "2024-01-19 01:04:13", "elapsed": 3160.612388, "delta": 0.003129}}
{"target": -13.758444867730834, "params": {"gamma": 129.9132971692979, "log10_alpha": -3.3375624298184388, "log10_colsample_bytree": -0.5242225320413845, "log10_eta": -3.214473721436053, "log10_lambda": -4.825416818499869, "log10_min_child_weight": 2.36856466450974, "log10_subsample": -0.2786101938683565, "max_depth": 3.0, "num_boost_round": 12.0}, "datetime": {"datetime": "2024-01-19 01:04:13", "elapsed": 3160.615448, "delta": 0.00306}}
{"target": -13.758439973275095, "params": {"gamma": 129.9132971692979, "log10_alpha": -3.3375624298184388, "log10_colsample_bytree": -0.5242225320413845, "log10_eta": -3.214473721436053, "log10_lambda": -4.825416818499869, "log10_min_child_weight": 2.36856466450974, "log10_subsample": -0.2786101938683565, "max_depth": 3.0, "num_boost_round": 13.0}, "datetime": {"datetime": "2024-01-19 01:04:13", "elapsed": 3160.618615, "delta": 0.003167}}
{"target": -13.758434310054186, "params": {"gamma": 129.9132971692979, "log10_alpha": -3.3375624298184388, "log10_colsample_bytree": -0.5242225320413845, "log10_eta": -3.214473721436053, "log10_lambda": -4.825416818499869, "log10_min_child_weight": 2.36856466450974, "log10_subsample": -0.2786101938683565, "max_depth": 3.0, "num_boost_round": 14.0}, "datetime": {"datetime": "2024-01-19 01:04:13", "elapsed": 3160.622154, "delta": 0.003539}}
{"target": -13.758414370391149, "params": {"gamma": 129.9132971692979, "log10_alpha": -3.3375624298184388, "log10_colsample_bytree": -0.5242225320413845, "log10_eta": -3.214473721436053, "log10_lambda": -4.825416818499869, "log10_min_child_weight": 2.36856466450974, "log10_subsample": -0.2786101938683565, "max_depth": 3.0, "num_boost_round": 15.0}, "datetime": {"datetime": "2024-01-19 01:04:13", "elapsed": 3160.625413, "delta": 0.003259}}
{"target": -13.758407024078725, "params": {"gamma": 129.9132971692979, "log10_alpha": -3.3375624298184388, "log10_colsample_bytree": -0.5242225320413845, "log10_eta": -3.214473721436053, "log10_lambda": -4.825416818499869, "log10_min_child_weight": 2.36856466450974, "log10_subsample": -0.2786101938683565, "max_depth": 3.0, "num_boost_round": 16.0}, "datetime": {"datetime": "2024-01-19 01:04:13", "elapsed": 3160.628464, "delta": 0.003051}}
{"target": -13.758537995765993, "params": {"gamma": 124.41087985187681, "log10_alpha": 0.6270827255858871, "log10_colsample_bytree": -0.943339431310408, "log10_eta": -3.987197809350547, "log10_lambda": -2.3873398934372916, "log10_min_child_weight": 4.679592597790532, "log10_subsample": -0.662423410296546, "max_depth": 7.0, "num_boost_round": 0.0}, "datetime": {"datetime": "2024-01-19 01:04:51", "elapsed": 3199.095809, "delta": 38.467345}}
{"target": -13.758537150885385, "params": {"gamma": 124.41087985187681, "log10_alpha": 0.6270827255858871, "log10_colsample_bytree": -0.943339431310408, "log10_eta": -3.987197809350547, "log10_lambda": -2.3873398934372916, "log10_min_child_weight": 4.679592597790532, "log10_subsample": -0.662423410296546, "max_depth": 7.0, "num_boost_round": 1.0}, "datetime": {"datetime": "2024-01-19 01:04:51", "elapsed": 3199.100084, "delta": 0.004275}}
{"target": -13.758537267218752, "params": {"gamma": 124.41087985187681, "log10_alpha": 0.6270827255858871, "log10_colsample_bytree": -0.943339431310408, "log10_eta": -3.987197809350547, "log10_lambda": -2.3873398934372916, "log10_min_child_weight": 4.679592597790532, "log10_subsample": -0.662423410296546, "max_depth": 7.0, "num_boost_round": 2.0}, "datetime": {"datetime": "2024-01-19 01:04:51", "elapsed": 3199.103388, "delta": 0.003304}}
{"target": -13.758537190094646, "params": {"gamma": 124.41087985187681, "log10_alpha": 0.6270827255858871, "log10_colsample_bytree": -0.943339431310408, "log10_eta": -3.987197809350547, "log10_lambda": -2.3873398934372916, "log10_min_child_weight": 4.679592597790532, "log10_subsample": -0.662423410296546, "max_depth": 7.0, "num_boost_round": 3.0}, "datetime": {"datetime": "2024-01-19 01:04:51", "elapsed": 3199.106628, "delta": 0.00324}}
{"target": -13.758536949485608, "params": {"gamma": 124.41087985187681, "log10_alpha": 0.6270827255858871, "log10_colsample_bytree": -0.943339431310408, "log10_eta": -3.987197809350547, "log10_lambda": -2.3873398934372916, "log10_min_child_weight": 4.679592597790532, "log10_subsample": -0.662423410296546, "max_depth": 7.0, "num_boost_round": 4.0}, "datetime": {"datetime": "2024-01-19 01:04:51", "elapsed": 3199.109788, "delta": 0.00316}}
{"target": -13.75853653955678, "params": {"gamma": 124.41087985187681, "log10_alpha": 0.6270827255858871, "log10_colsample_bytree": -0.943339431310408, "log10_eta": -3.987197809350547, "log10_lambda": -2.3873398934372916, "log10_min_child_weight": 4.679592597790532, "log10_subsample": -0.662423410296546, "max_depth": 7.0, "num_boost_round": 5.0}, "datetime": {"datetime": "2024-01-19 01:04:51", "elapsed": 3199.11305, "delta": 0.003262}}
{"target": -13.758536526359412, "params": {"gamma": 124.41087985187681, "log10_alpha": 0.6270827255858871, "log10_colsample_bytree": -0.943339431310408, "log10_eta": -3.987197809350547, "log10_lambda": -2.3873398934372916, "log10_min_child_weight": 4.679592597790532, "log10_subsample": -0.662423410296546, "max_depth": 7.0, "num_boost_round": 6.0}, "datetime": {"datetime": "2024-01-19 01:04:51", "elapsed": 3199.11623, "delta": 0.00318}}
{"target": -13.758536385008506, "params": {"gamma": 124.41087985187681, "log10_alpha": 0.6270827255858871, "log10_colsample_bytree": -0.943339431310408, "log10_eta": -3.987197809350547, "log10_lambda": -2.3873398934372916, "log10_min_child_weight": 4.679592597790532, "log10_subsample": -0.662423410296546, "max_depth": 7.0, "num_boost_round": 7.0}, "datetime": {"datetime": "2024-01-19 01:04:51", "elapsed": 3199.119578, "delta": 0.003348}}
{"target": -13.758536249536474, "params": {"gamma": 124.41087985187681, "log10_alpha": 0.6270827255858871, "log10_colsample_bytree": -0.943339431310408, "log10_eta": -3.987197809350547, "log10_lambda": -2.3873398934372916, "log10_min_child_weight": 4.679592597790532, "log10_subsample": -0.662423410296546, "max_depth": 7.0, "num_boost_round": 8.0}, "datetime": {"datetime": "2024-01-19 01:04:51", "elapsed": 3199.122756, "delta": 0.003178}}
{"target": -13.75853610903919, "params": {"gamma": 124.41087985187681, "log10_alpha": 0.6270827255858871, "log10_colsample_bytree": -0.943339431310408, "log10_eta": -3.987197809350547, "log10_lambda": -2.3873398934372916, "log10_min_child_weight": 4.679592597790532, "log10_subsample": -0.662423410296546, "max_depth": 7.0, "num_boost_round": 9.0}, "datetime": {"datetime": "2024-01-19 01:04:51", "elapsed": 3199.126026, "delta": 0.00327}}
{"target": -13.758536593162395, "params": {"gamma": 124.41087985187681, "log10_alpha": 0.6270827255858871, "log10_colsample_bytree": -0.943339431310408, "log10_eta": -3.987197809350547, "log10_lambda": -2.3873398934372916, "log10_min_child_weight": 4.679592597790532, "log10_subsample": -0.662423410296546, "max_depth": 7.0, "num_boost_round": 10.0}, "datetime": {"datetime": "2024-01-19 01:04:51", "elapsed": 3199.129211, "delta": 0.003185}}
{"target": -13.75853611142856, "params": {"gamma": 124.41087985187681, "log10_alpha": 0.6270827255858871, "log10_colsample_bytree": -0.943339431310408, "log10_eta": -3.987197809350547, "log10_lambda": -2.3873398934372916, "log10_min_child_weight": 4.679592597790532, "log10_subsample": -0.662423410296546, "max_depth": 7.0, "num_boost_round": 11.0}, "datetime": {"datetime": "2024-01-19 01:04:51", "elapsed": 3199.132489, "delta": 0.003278}}
{"target": -13.758536129724794, "params": {"gamma": 124.41087985187681, "log10_alpha": 0.6270827255858871, "log10_colsample_bytree": -0.943339431310408, "log10_eta": -3.987197809350547, "log10_lambda": -2.3873398934372916, "log10_min_child_weight": 4.679592597790532, "log10_subsample": -0.662423410296546, "max_depth": 7.0, "num_boost_round": 12.0}, "datetime": {"datetime": "2024-01-19 01:04:51", "elapsed": 3199.135657, "delta": 0.003168}}
{"target": -13.758535550752839, "params": {"gamma": 124.41087985187681, "log10_alpha": 0.6270827255858871, "log10_colsample_bytree": -0.943339431310408, "log10_eta": -3.987197809350547, "log10_lambda": -2.3873398934372916, "log10_min_child_weight": 4.679592597790532, "log10_subsample": -0.662423410296546, "max_depth": 7.0, "num_boost_round": 13.0}, "datetime": {"datetime": "2024-01-19 01:04:51", "elapsed": 3199.138942, "delta": 0.003285}}
{"target": -13.75853558211442, "params": {"gamma": 124.41087985187681, "log10_alpha": 0.6270827255858871, "log10_colsample_bytree": -0.943339431310408, "log10_eta": -3.987197809350547, "log10_lambda": -2.3873398934372916, "log10_min_child_weight": 4.679592597790532, "log10_subsample": -0.662423410296546, "max_depth": 7.0, "num_boost_round": 14.0}, "datetime": {"datetime": "2024-01-19 01:04:51", "elapsed": 3199.142348, "delta": 0.003406}}
{"target": -13.75853497779901, "params": {"gamma": 124.41087985187681, "log10_alpha": 0.6270827255858871, "log10_colsample_bytree": -0.943339431310408, "log10_eta": -3.987197809350547, "log10_lambda": -2.3873398934372916, "log10_min_child_weight": 4.679592597790532, "log10_subsample": -0.662423410296546, "max_depth": 7.0, "num_boost_round": 15.0}, "datetime": {"datetime": "2024-01-19 01:04:51", "elapsed": 3199.145674, "delta": 0.003326}}
