{"target": -13.75853802937363, "params": {"gamma": 568.3467171527149, "log10_alpha": 0.8154465771197981, "log10_colsample_bytree": 0.0, "log10_eta": -4.0, "log10_lambda": -3.9894665978344315, "log10_min_child_weight": 5.0, "log10_subsample": 0.0, "max_depth": 2.0, "num_boost_round": 0.0}, "datetime": {"datetime": "2024-01-19 01:04:25", "elapsed": 3197.474138, "delta": 43.075486}}
{"target": -13.758537765706219, "params": {"gamma": 568.3467171527149, "log10_alpha": 0.8154465771197981, "log10_colsample_bytree": 0.0, "log10_eta": -4.0, "log10_lambda": -3.9894665978344315, "log10_min_child_weight": 5.0, "log10_subsample": 0.0, "max_depth": 2.0, "num_boost_round": 1.0}, "datetime": {"datetime": "2024-01-19 01:04:25", "elapsed": 3197.477819, "delta": 0.003681}}
{"target": -13.758537520140955, "params": {"gamma": 568.3467171527149, "log10_alpha": 0.8154465771197981, "log10_colsample_bytree": 0.0, "log10_eta": -4.0, "log10_lambda": -3.9894665978344315, "log10_min_child_weight": 5.0, "log10_subsample": 0.0, "max_depth": 2.0, "num_boost_round": 2.0}, "datetime": {"datetime": "2024-01-19 01:04:25", "elapsed": 3197.481307, "delta": 0.003488}}
{"target": -13.758537251426404, "params": {"gamma": 568.3467171527149, "log10_alpha": 0.8154465771197981, "log10_colsample_bytree": 0.0, "log10_eta": -4.0, "log10_lambda": -3.9894665978344315, "log10_min_child_weight": 5.0, "log10_subsample": 0.0, "max_depth": 2.0, "num_boost_round": 3.0}, "datetime": {"datetime": "2024-01-19 01:04:25", "elapsed": 3197.484838, "delta": 0.003531}}
{"target": -13.758536948669787, "params": {"gamma": 568.3467171527149, "log10_alpha": 0.8154465771197981, "log10_colsample_bytree": 0.0, "log10_eta": -4.0, "log10_lambda": -3.9894665978344315, "log10_min_child_weight": 5.0, "log10_subsample": 0.0, "max_depth": 2.0, "num_boost_round": 4.0}, "datetime": {"datetime": "2024-01-19 01:04:25", "elapsed": 3197.48833, "delta": 0.003492}}
{"target": -13.75853668013863, "params": {"gamma": 568.3467171527149, "log10_alpha": 0.8154465771197981, "log10_colsample_bytree": 0.0, "log10_eta": -4.0, "log10_lambda": -3.9894665978344315, "log10_min_child_weight": 5.0, "log10_subsample": 0.0, "max_depth": 2.0, "num_boost_round": 5.0}, "datetime": {"datetime": "2024-01-19 01:04:25", "elapsed": 3197.491746, "delta": 0.003416}}
{"target": -13.758536414285839, "params": {"gamma": 568.3467171527149, "log10_alpha": 0.8154465771197981, "log10_colsample_bytree": 0.0, "log10_eta": -4.0, "log10_lambda": -3.9894665978344315, "log10_min_child_weight": 5.0, "log10_subsample": 0.0, "max_depth": 2.0, "num_boost_round": 6.0}, "datetime": {"datetime": "2024-01-19 01:04:25", "elapsed": 3197.495115, "delta": 0.003369}}
{"target": -13.758536151185622, "params": {"gamma": 568.3467171527149, "log10_alpha": 0.8154465771197981, "log10_colsample_bytree": 0.0, "log10_eta": -4.0, "log10_lambda": -3.9894665978344315, "log10_min_child_weight": 5.0, "log10_subsample": 0.0, "max_depth": 2.0, "num_boost_round": 7.0}, "datetime": {"datetime": "2024-01-19 01:04:25", "elapsed": 3197.498476, "delta": 0.003361}}
{"target": -13.758535868997512, "params": {"gamma": 568.3467171527149, "log10_alpha": 0.8154465771197981, "log10_colsample_bytree": 0.0, "log10_eta": -4.0, "log10_lambda": -3.9894665978344315, "log10_min_child_weight": 5.0, "log10_subsample": 0.0, "max_depth": 2.0, "num_boost_round": 8.0}, "datetime": {"datetime": "2024-01-19 01:04:25", "elapsed": 3197.501852, "delta": 0.003376}}
{"target": -13.758535609287534, "params": {"gamma": 568.3467171527149, "log10_alpha": 0.8154465771197981, "log10_colsample_bytree": 0.0, "log10_eta": -4.0, "log10_lambda": -3.9894665978344315, "log10_min_child_weight": 5.0, "log10_subsample": 0.0, "max_depth": 2.0, "num_boost_round": 9.0}, "datetime": {"datetime": "2024-01-19 01:04:25", "elapsed": 3197.505289, "delta": 0.003437}}
{"target": -13.758535320212767, "params": {"gamma": 568.3467171527149, "log10_alpha": 0.8154465771197981, "log10_colsample_bytree": 0.0, "log10_eta": -4.0, "log10_lambda": -3.9894665978344315, "log10_min_child_weight": 5.0, "log10_subsample": 0.0, "max_depth": 2.0, "num_boost_round": 10.0}, "datetime": {"datetime": "2024-01-19 01:04:25", "elapsed": 3197.508724, "delta": 0.003435}}
{"target": -13.758535046883281, "params": {"gamma": 568.3467171527149, "log10_alpha": 0.8154465771197981, "log10_colsample_bytree": 0.0, "log10_eta": -4.0, "log10_lambda": -3.9894665978344315, "log10_min_child_weight": 5.0, "log10_subsample": 0.0, "max_depth": 2.0, "num_boost_round": 11.0}, "datetime": {"datetime": "2024-01-19 01:04:25", "elapsed": 3197.512109, "delta": 0.003385}}
{"target": -13.758534795816487, "params": {"gamma": 568.3467171527149, "log10_alpha": 0.8154465771197981, "log10_colsample_bytree": 0.0, "log10_eta": -4.0, "log10_lambda": -3.9894665978344315, "log10_min_child_weight": 5.0, "log10_subsample": 0.0, "max_depth": 2.0, "num_boost_round": 12.0}, "datetime": {"datetime": "2024-01-19 01:04:25", "elapsed": 3197.515486, "delta": 0.003377}}
{"target": -13.758534530076252, "params": {"gamma": 568.3467171527149, "log10_alpha": 0.8154465771197981, "log10_colsample_bytree": 0.0, "log10_eta": -4.0, "log10_lambda": -3.9894665978344315, "log10_min_child_weight": 5.0, "log10_subsample": 0.0, "max_depth": 2.0, "num_boost_round": 13.0}, "datetime": {"datetime": "2024-01-19 01:04:25", "elapsed": 3197.518853, "delta": 0.003367}}
{"target": -13.758534261205464, "params": {"gamma": 568.3467171527149, "log10_alpha": 0.8154465771197981, "log10_colsample_bytree": 0.0, "log10_eta": -4.0, "log10_lambda": -3.9894665978344315, "log10_min_child_weight": 5.0, "log10_subsample": 0.0, "max_depth": 2.0, "num_boost_round": 14.0}, "datetime": {"datetime": "2024-01-19 01:04:25", "elapsed": 3197.522207, "delta": 0.003354}}
{"target": -13.758533972764056, "params": {"gamma": 568.3467171527149, "log10_alpha": 0.8154465771197981, "log10_colsample_bytree": 0.0, "log10_eta": -4.0, "log10_lambda": -3.9894665978344315, "log10_min_child_weight": 5.0, "log10_subsample": 0.0, "max_depth": 2.0, "num_boost_round": 15.0}, "datetime": {"datetime": "2024-01-19 01:04:25", "elapsed": 3197.525746, "delta": 0.003539}}
{"target": -13.758533709021318, "params": {"gamma": 568.3467171527149, "log10_alpha": 0.8154465771197981, "log10_colsample_bytree": 0.0, "log10_eta": -4.0, "log10_lambda": -3.9894665978344315, "log10_min_child_weight": 5.0, "log10_subsample": 0.0, "max_depth": 2.0, "num_boost_round": 16.0}, "datetime": {"datetime": "2024-01-19 01:04:25", "elapsed": 3197.52921, "delta": 0.003464}}
{"target": -13.758533441327737, "params": {"gamma": 568.3467171527149, "log10_alpha": 0.8154465771197981, "log10_colsample_bytree": 0.0, "log10_eta": -4.0, "log10_lambda": -3.9894665978344315, "log10_min_child_weight": 5.0, "log10_subsample": 0.0, "max_depth": 2.0, "num_boost_round": 17.0}, "datetime": {"datetime": "2024-01-19 01:04:25", "elapsed": 3197.532723, "delta": 0.003513}}
{"target": -13.758533173103066, "params": {"gamma": 568.3467171527149, "log10_alpha": 0.8154465771197981, "log10_colsample_bytree": 0.0, "log10_eta": -4.0, "log10_lambda": -3.9894665978344315, "log10_min_child_weight": 5.0, "log10_subsample": 0.0, "max_depth": 2.0, "num_boost_round": 18.0}, "datetime": {"datetime": "2024-01-19 01:04:25", "elapsed": 3197.536125, "delta": 0.003402}}
{"target": -13.758532908873237, "params": {"gamma": 568.3467171527149, "log10_alpha": 0.8154465771197981, "log10_colsample_bytree": 0.0, "log10_eta": -4.0, "log10_lambda": -3.9894665978344315, "log10_min_child_weight": 5.0, "log10_subsample": 0.0, "max_depth": 2.0, "num_boost_round": 19.0}, "datetime": {"datetime": "2024-01-19 01:04:25", "elapsed": 3197.539563, "delta": 0.003438}}
{"target": -13.758446762474117, "params": {"gamma": 550.6259243842733, "log10_alpha": -0.5559073564580173, "log10_colsample_bytree": -0.9088072995909411, "log10_eta": -2.4990303298261947, "log10_lambda": -0.06091608385234082, "log10_min_child_weight": 0.785763238001016, "log10_subsample": -0.97164019553075, "max_depth": 4.0, "num_boost_round": 0.0}, "datetime": {"datetime": "2024-01-19 01:05:04", "elapsed": 3236.382583, "delta": 38.84302}}
{"target": -13.758358652321313, "params": {"gamma": 550.6259243842733, "log10_alpha": -0.5559073564580173, "log10_colsample_bytree": -0.9088072995909411, "log10_eta": -2.4990303298261947, "log10_lambda": -0.06091608385234082, "log10_min_child_weight": 0.785763238001016, "log10_subsample": -0.97164019553075, "max_depth": 4.0, "num_boost_round": 1.0}, "datetime": {"datetime": "2024-01-19 01:05:04", "elapsed": 3236.387073, "delta": 0.00449}}
{"target": -13.758297456012405, "params": {"gamma": 550.6259243842733, "log10_alpha": -0.5559073564580173, "log10_colsample_bytree": -0.9088072995909411, "log10_eta": -2.4990303298261947, "log10_lambda": -0.06091608385234082, "log10_min_child_weight": 0.785763238001016, "log10_subsample": -0.97164019553075, "max_depth": 4.0, "num_boost_round": 2.0}, "datetime": {"datetime": "2024-01-19 01:05:04", "elapsed": 3236.390592, "delta": 0.003519}}
{"target": -13.758299356006589, "params": {"gamma": 550.6259243842733, "log10_alpha": -0.5559073564580173, "log10_colsample_bytree": -0.9088072995909411, "log10_eta": -2.4990303298261947, "log10_lambda": -0.06091608385234082, "log10_min_child_weight": 0.785763238001016, "log10_subsample": -0.97164019553075, "max_depth": 4.0, "num_boost_round": 3.0}, "datetime": {"datetime": "2024-01-19 01:05:04", "elapsed": 3236.394049, "delta": 0.003457}}
{"target": -13.758247900380068, "params": {"gamma": 550.6259243842733, "log10_alpha": -0.5559073564580173, "log10_colsample_bytree": -0.9088072995909411, "log10_eta": -2.4990303298261947, "log10_lambda": -0.06091608385234082, "log10_min_child_weight": 0.785763238001016, "log10_subsample": -0.97164019553075, "max_depth": 4.0, "num_boost_round": 4.0}, "datetime": {"datetime": "2024-01-19 01:05:04", "elapsed": 3236.39747, "delta": 0.003421}}
{"target": -13.75824029390896, "params": {"gamma": 550.6259243842733, "log10_alpha": -0.5559073564580173, "log10_colsample_bytree": -0.9088072995909411, "log10_eta": -2.4990303298261947, "log10_lambda": -0.06091608385234082, "log10_min_child_weight": 0.785763238001016, "log10_subsample": -0.97164019553075, "max_depth": 4.0, "num_boost_round": 5.0}, "datetime": {"datetime": "2024-01-19 01:05:04", "elapsed": 3236.400867, "delta": 0.003397}}
{"target": -13.758269860811678, "params": {"gamma": 550.6259243842733, "log10_alpha": -0.5559073564580173, "log10_colsample_bytree": -0.9088072995909411, "log10_eta": -2.4990303298261947, "log10_lambda": -0.06091608385234082, "log10_min_child_weight": 0.785763238001016, "log10_subsample": -0.97164019553075, "max_depth": 4.0, "num_boost_round": 6.0}, "datetime": {"datetime": "2024-01-19 01:05:04", "elapsed": 3236.404405, "delta": 0.003538}}
{"target": -13.758226738906464, "params": {"gamma": 550.6259243842733, "log10_alpha": -0.5559073564580173, "log10_colsample_bytree": -0.9088072995909411, "log10_eta": -2.4990303298261947, "log10_lambda": -0.06091608385234082, "log10_min_child_weight": 0.785763238001016, "log10_subsample": -0.97164019553075, "max_depth": 4.0, "num_boost_round": 7.0}, "datetime": {"datetime": "2024-01-19 01:05:04", "elapsed": 3236.407986, "delta": 0.003581}}
{"target": -13.758177570042816, "params": {"gamma": 550.6259243842733, "log10_alpha": -0.5559073564580173, "log10_colsample_bytree": -0.9088072995909411, "log10_eta": -2.4990303298261947, "log10_lambda": -0.06091608385234082, "log10_min_child_weight": 0.785763238001016, "log10_subsample": -0.97164019553075, "max_depth": 4.0, "num_boost_round": 8.0}, "datetime": {"datetime": "2024-01-19 01:05:04", "elapsed": 3236.411438, "delta": 0.003452}}
{"target": -13.758199367317204, "params": {"gamma": 550.6259243842733, "log10_alpha": -0.5559073564580173, "log10_colsample_bytree": -0.9088072995909411, "log10_eta": -2.4990303298261947, "log10_lambda": -0.06091608385234082, "log10_min_child_weight": 0.785763238001016, "log10_subsample": -0.97164019553075, "max_depth": 4.0, "num_boost_round": 9.0}, "datetime": {"datetime": "2024-01-19 01:05:04", "elapsed": 3236.414888, "delta": 0.00345}}
{"target": -13.758246078862923, "params": {"gamma": 550.6259243842733, "log10_alpha": -0.5559073564580173, "log10_colsample_bytree": -0.9088072995909411, "log10_eta": -2.4990303298261947, "log10_lambda": -0.06091608385234082, "log10_min_child_weight": 0.785763238001016, "log10_subsample": -0.97164019553075, "max_depth": 4.0, "num_boost_round": 10.0}, "datetime": {"datetime": "2024-01-19 01:05:04", "elapsed": 3236.418388, "delta": 0.0035}}
{"target": -13.758175707230652, "params": {"gamma": 550.6259243842733, "log10_alpha": -0.5559073564580173, "log10_colsample_bytree": -0.9088072995909411, "log10_eta": -2.4990303298261947, "log10_lambda": -0.06091608385234082, "log10_min_child_weight": 0.785763238001016, "log10_subsample": -0.97164019553075, "max_depth": 4.0, "num_boost_round": 11.0}, "datetime": {"datetime": "2024-01-19 01:05:04", "elapsed": 3236.421872, "delta": 0.003484}}
{"target": -13.75814072587624, "params": {"gamma": 550.6259243842733, "log10_alpha": -0.5559073564580173, "log10_colsample_bytree": -0.9088072995909411, "log10_eta": -2.4990303298261947, "log10_lambda": -0.06091608385234082, "log10_min_child_weight": 0.785763238001016, "log10_subsample": -0.97164019553075, "max_depth": 4.0, "num_boost_round": 12.0}, "datetime": {"datetime": "2024-01-19 01:05:04", "elapsed": 3236.425537, "delta": 0.003665}}
{"target": -13.75806148039598, "params": {"gamma": 550.6259243842733, "log10_alpha": -0.5559073564580173, "log10_colsample_bytree": -0.9088072995909411, "log10_eta": -2.4990303298261947, "log10_lambda": -0.06091608385234082, "log10_min_child_weight": 0.785763238001016, "log10_subsample": -0.97164019553075, "max_depth": 4.0, "num_boost_round": 13.0}, "datetime": {"datetime": "2024-01-19 01:05:04", "elapsed": 3236.429114, "delta": 0.003577}}
{"target": -13.758029044241177, "params": {"gamma": 550.6259243842733, "log10_alpha": -0.5559073564580173, "log10_colsample_bytree": -0.9088072995909411, "log10_eta": -2.4990303298261947, "log10_lambda": -0.06091608385234082, "log10_min_child_weight": 0.785763238001016, "log10_subsample": -0.97164019553075, "max_depth": 4.0, "num_boost_round": 14.0}, "datetime": {"datetime": "2024-01-19 01:05:04", "elapsed": 3236.551401, "delta": 0.122287}}
{"target": -13.75798570451458, "params": {"gamma": 550.6259243842733, "log10_alpha": -0.5559073564580173, "log10_colsample_bytree": -0.9088072995909411, "log10_eta": -2.4990303298261947, "log10_lambda": -0.06091608385234082, "log10_min_child_weight": 0.785763238001016, "log10_subsample": -0.97164019553075, "max_depth": 4.0, "num_boost_round": 15.0}, "datetime": {"datetime": "2024-01-19 01:05:04", "elapsed": 3236.555516, "delta": 0.004115}}
{"target": -13.75852963223063, "params": {"gamma": 572.5243095016599, "log10_alpha": -3.8579501630757695, "log10_colsample_bytree": -0.7688019329003055, "log10_eta": -3.972010771240925, "log10_lambda": 0.07780518067918063, "log10_min_child_weight": 0.31808255954313247, "log10_subsample": -0.2691299648865463, "max_depth": 9.0, "num_boost_round": 0.0}, "datetime": {"datetime": "2024-01-19 01:06:04", "elapsed": 3296.632364, "delta": 60.076848}}
{"target": -13.758525831816756, "params": {"gamma": 572.5243095016599, "log10_alpha": -3.8579501630757695, "log10_colsample_bytree": -0.7688019329003055, "log10_eta": -3.972010771240925, "log10_lambda": 0.07780518067918063, "log10_min_child_weight": 0.31808255954313247, "log10_subsample": -0.2691299648865463, "max_depth": 9.0, "num_boost_round": 1.0}, "datetime": {"datetime": "2024-01-19 01:06:04", "elapsed": 3296.636923, "delta": 0.004559}}
{"target": -13.75851598580455, "params": {"gamma": 572.5243095016599, "log10_alpha": -3.8579501630757695, "log10_colsample_bytree": -0.7688019329003055, "log10_eta": -3.972010771240925, "log10_lambda": 0.07780518067918063, "log10_min_child_weight": 0.31808255954313247, "log10_subsample": -0.2691299648865463, "max_depth": 9.0, "num_boost_round": 2.0}, "datetime": {"datetime": "2024-01-19 01:06:04", "elapsed": 3296.640631, "delta": 0.003708}}
{"target": -13.75851332701455, "params": {"gamma": 572.5243095016599, "log10_alpha": -3.8579501630757695, "log10_colsample_bytree": -0.7688019329003055, "log10_eta": -3.972010771240925, "log10_lambda": 0.07780518067918063, "log10_min_child_weight": 0.31808255954313247, "log10_subsample": -0.2691299648865463, "max_depth": 9.0, "num_boost_round": 3.0}, "datetime": {"datetime": "2024-01-19 01:06:04", "elapsed": 3296.644351, "delta": 0.00372}}
{"target": -13.75850500128167, "params": {"gamma": 572.5243095016599, "log10_alpha": -3.8579501630757695, "log10_colsample_bytree": -0.7688019329003055, "log10_eta": -3.972010771240925, "log10_lambda": 0.07780518067918063, "log10_min_child_weight": 0.31808255954313247, "log10_subsample": -0.2691299648865463, "max_depth": 9.0, "num_boost_round": 4.0}, "datetime": {"datetime": "2024-01-19 01:06:04", "elapsed": 3296.648206, "delta": 0.003855}}
{"target": -13.758500937515114, "params": {"gamma": 572.5243095016599, "log10_alpha": -3.8579501630757695, "log10_colsample_bytree": -0.7688019329003055, "log10_eta": -3.972010771240925, "log10_lambda": 0.07780518067918063, "log10_min_child_weight": 0.31808255954313247, "log10_subsample": -0.2691299648865463, "max_depth": 9.0, "num_boost_round": 5.0}, "datetime": {"datetime": "2024-01-19 01:06:04", "elapsed": 3296.651945, "delta": 0.003739}}
{"target": -13.75849960588307, "params": {"gamma": 572.5243095016599, "log10_alpha": -3.8579501630757695, "log10_colsample_bytree": -0.7688019329003055, "log10_eta": -3.972010771240925, "log10_lambda": 0.07780518067918063, "log10_min_child_weight": 0.31808255954313247, "log10_subsample": -0.2691299648865463, "max_depth": 9.0, "num_boost_round": 6.0}, "datetime": {"datetime": "2024-01-19 01:06:04", "elapsed": 3296.655684, "delta": 0.003739}}
{"target": -13.75849735435938, "params": {"gamma": 572.5243095016599, "log10_alpha": -3.8579501630757695, "log10_colsample_bytree": -0.7688019329003055, "log10_eta": -3.972010771240925, "log10_lambda": 0.07780518067918063, "log10_min_child_weight": 0.31808255954313247, "log10_subsample": -0.2691299648865463, "max_depth": 9.0, "num_boost_round": 7.0}, "datetime": {"datetime": "2024-01-19 01:06:04", "elapsed": 3296.659265, "delta": 0.003581}}
{"target": -13.758496498246004, "params": {"gamma": 572.5243095016599, "log10_alpha": -3.8579501630757695, "log10_colsample_bytree": -0.7688019329003055, "log10_eta": -3.972010771240925, "log10_lambda": 0.07780518067918063, "log10_min_child_weight": 0.31808255954313247, "log10_subsample": -0.2691299648865463, "max_depth": 9.0, "num_boost_round": 8.0}, "datetime": {"datetime": "2024-01-19 01:06:04", "elapsed": 3296.662921, "delta": 0.003656}}
{"target": -13.758496082920832, "params": {"gamma": 572.5243095016599, "log10_alpha": -3.8579501630757695, "log10_colsample_bytree": -0.7688019329003055, "log10_eta": -3.972010771240925, "log10_lambda": 0.07780518067918063, "log10_min_child_weight": 0.31808255954313247, "log10_subsample": -0.2691299648865463, "max_depth": 9.0, "num_boost_round": 9.0}, "datetime": {"datetime": "2024-01-19 01:06:04", "elapsed": 3296.66659, "delta": 0.003669}}
{"target": -13.758491273550135, "params": {"gamma": 572.5243095016599, "log10_alpha": -3.8579501630757695, "log10_colsample_bytree": -0.7688019329003055, "log10_eta": -3.972010771240925, "log10_lambda": 0.07780518067918063, "log10_min_child_weight": 0.31808255954313247, "log10_subsample": -0.2691299648865463, "max_depth": 9.0, "num_boost_round": 10.0}, "datetime": {"datetime": "2024-01-19 01:06:04", "elapsed": 3296.670271, "delta": 0.003681}}
{"target": -13.758491667521099, "params": {"gamma": 572.5243095016599, "log10_alpha": -3.8579501630757695, "log10_colsample_bytree": -0.7688019329003055, "log10_eta": -3.972010771240925, "log10_lambda": 0.07780518067918063, "log10_min_child_weight": 0.31808255954313247, "log10_subsample": -0.2691299648865463, "max_depth": 9.0, "num_boost_round": 11.0}, "datetime": {"datetime": "2024-01-19 01:06:04", "elapsed": 3296.67382, "delta": 0.003549}}
{"target": -13.758493742564799, "params": {"gamma": 572.5243095016599, "log10_alpha": -3.8579501630757695, "log10_colsample_bytree": -0.7688019329003055, "log10_eta": -3.972010771240925, "log10_lambda": 0.07780518067918063, "log10_min_child_weight": 0.31808255954313247, "log10_subsample": -0.2691299648865463, "max_depth": 9.0, "num_boost_round": 12.0}, "datetime": {"datetime": "2024-01-19 01:06:04", "elapsed": 3296.67738, "delta": 0.00356}}
{"target": -13.758485978499845, "params": {"gamma": 572.5243095016599, "log10_alpha": -3.8579501630757695, "log10_colsample_bytree": -0.7688019329003055, "log10_eta": -3.972010771240925, "log10_lambda": 0.07780518067918063, "log10_min_child_weight": 0.31808255954313247, "log10_subsample": -0.2691299648865463, "max_depth": 9.0, "num_boost_round": 13.0}, "datetime": {"datetime": "2024-01-19 01:06:04", "elapsed": 3296.68089, "delta": 0.00351}}
{"target": -13.758484948847494, "params": {"gamma": 572.5243095016599, "log10_alpha": -3.8579501630757695, "log10_colsample_bytree": -0.7688019329003055, "log10_eta": -3.972010771240925, "log10_lambda": 0.07780518067918063, "log10_min_child_weight": 0.31808255954313247, "log10_subsample": -0.2691299648865463, "max_depth": 9.0, "num_boost_round": 14.0}, "datetime": {"datetime": "2024-01-19 01:06:04", "elapsed": 3296.684557, "delta": 0.003667}}
{"target": -13.758478601574923, "params": {"gamma": 572.5243095016599, "log10_alpha": -3.8579501630757695, "log10_colsample_bytree": -0.7688019329003055, "log10_eta": -3.972010771240925, "log10_lambda": 0.07780518067918063, "log10_min_child_weight": 0.31808255954313247, "log10_subsample": -0.2691299648865463, "max_depth": 9.0, "num_boost_round": 15.0}, "datetime": {"datetime": "2024-01-19 01:06:04", "elapsed": 3296.688264, "delta": 0.003707}}
