{"target": -13.758377826218139, "params": {"gamma": 554.6136711640543, "log10_alpha": 0.32733518142938767, "log10_colsample_bytree": -0.9364930050088701, "log10_eta": -2.110440425964462, "log10_lambda": 0.7207374234089414, "log10_min_child_weight": 4.217950789005906, "log10_subsample": -0.9716198649366463, "max_depth": 4.0, "num_boost_round": 13.0}, "datetime": {"datetime": "2024-01-19 00:17:20", "elapsed": 293.467039, "delta": 0.000829}}
{"target": -13.757751405648813, "params": {"gamma": 562.6625367268925, "log10_alpha": -0.40159498254409165, "log10_colsample_bytree": -0.35187621096589383, "log10_eta": -1.0988575113993186, "log10_lambda": 0.9975198785537458, "log10_min_child_weight": 0.6009385438759868, "log10_subsample": -0.8210878044369526, "max_depth": 5.0, "num_boost_round": 0.0}, "datetime": {"datetime": "2024-01-19 00:17:43", "elapsed": 316.332304, "delta": 22.865265}}
{"target": -13.758674465529745, "params": {"gamma": 562.6625367268925, "log10_alpha": -0.40159498254409165, "log10_colsample_bytree": -0.35187621096589383, "log10_eta": -1.0988575113993186, "log10_lambda": 0.9975198785537458, "log10_min_child_weight": 0.6009385438759868, "log10_subsample": -0.8210878044369526, "max_depth": 5.0, "num_boost_round": 1.0}, "datetime": {"datetime": "2024-01-19 00:17:43", "elapsed": 316.333918, "delta": 0.001614}}
{"target": -13.761512516450237, "params": {"gamma": 562.6625367268925, "log10_alpha": -0.40159498254409165, "log10_colsample_bytree": -0.35187621096589383, "log10_eta": -1.0988575113993186, "log10_lambda": 0.9975198785537458, "log10_min_child_weight": 0.6009385438759868, "log10_subsample": -0.8210878044369526, "max_depth": 5.0, "num_boost_round": 2.0}, "datetime": {"datetime": "2024-01-19 00:17:43", "elapsed": 316.334791, "delta": 0.000873}}
{"target": -13.761284422496471, "params": {"gamma": 562.6625367268925, "log10_alpha": -0.40159498254409165, "log10_colsample_bytree": -0.35187621096589383, "log10_eta": -1.0988575113993186, "log10_lambda": 0.9975198785537458, "log10_min_child_weight": 0.6009385438759868, "log10_subsample": -0.8210878044369526, "max_depth": 5.0, "num_boost_round": 3.0}, "datetime": {"datetime": "2024-01-19 00:17:43", "elapsed": 316.335633, "delta": 0.000842}}
{"target": -13.762653275483308, "params": {"gamma": 562.6625367268925, "log10_alpha": -0.40159498254409165, "log10_colsample_bytree": -0.35187621096589383, "log10_eta": -1.0988575113993186, "log10_lambda": 0.9975198785537458, "log10_min_child_weight": 0.6009385438759868, "log10_subsample": -0.8210878044369526, "max_depth": 5.0, "num_boost_round": 4.0}, "datetime": {"datetime": "2024-01-19 00:17:43", "elapsed": 316.336477, "delta": 0.000844}}
{"target": -13.763145111159547, "params": {"gamma": 562.6625367268925, "log10_alpha": -0.40159498254409165, "log10_colsample_bytree": -0.35187621096589383, "log10_eta": -1.0988575113993186, "log10_lambda": 0.9975198785537458, "log10_min_child_weight": 0.6009385438759868, "log10_subsample": -0.8210878044369526, "max_depth": 5.0, "num_boost_round": 5.0}, "datetime": {"datetime": "2024-01-19 00:17:43", "elapsed": 316.337432, "delta": 0.000955}}
{"target": -13.762279035349891, "params": {"gamma": 562.6625367268925, "log10_alpha": -0.40159498254409165, "log10_colsample_bytree": -0.35187621096589383, "log10_eta": -1.0988575113993186, "log10_lambda": 0.9975198785537458, "log10_min_child_weight": 0.6009385438759868, "log10_subsample": -0.8210878044369526, "max_depth": 5.0, "num_boost_round": 6.0}, "datetime": {"datetime": "2024-01-19 00:17:43", "elapsed": 316.338269, "delta": 0.000837}}
{"target": -13.765430238652039, "params": {"gamma": 562.6625367268925, "log10_alpha": -0.40159498254409165, "log10_colsample_bytree": -0.35187621096589383, "log10_eta": -1.0988575113993186, "log10_lambda": 0.9975198785537458, "log10_min_child_weight": 0.6009385438759868, "log10_subsample": -0.8210878044369526, "max_depth": 5.0, "num_boost_round": 7.0}, "datetime": {"datetime": "2024-01-19 00:17:43", "elapsed": 316.339106, "delta": 0.000837}}
{"target": -13.765181718181157, "params": {"gamma": 562.6625367268925, "log10_alpha": -0.40159498254409165, "log10_colsample_bytree": -0.35187621096589383, "log10_eta": -1.0988575113993186, "log10_lambda": 0.9975198785537458, "log10_min_child_weight": 0.6009385438759868, "log10_subsample": -0.8210878044369526, "max_depth": 5.0, "num_boost_round": 8.0}, "datetime": {"datetime": "2024-01-19 00:17:43", "elapsed": 316.339944, "delta": 0.000838}}
{"target": -13.76885315102718, "params": {"gamma": 562.6625367268925, "log10_alpha": -0.40159498254409165, "log10_colsample_bytree": -0.35187621096589383, "log10_eta": -1.0988575113993186, "log10_lambda": 0.9975198785537458, "log10_min_child_weight": 0.6009385438759868, "log10_subsample": -0.8210878044369526, "max_depth": 5.0, "num_boost_round": 9.0}, "datetime": {"datetime": "2024-01-19 00:17:43", "elapsed": 316.340787, "delta": 0.000843}}
{"target": -13.77250572966227, "params": {"gamma": 562.6625367268925, "log10_alpha": -0.40159498254409165, "log10_colsample_bytree": -0.35187621096589383, "log10_eta": -1.0988575113993186, "log10_lambda": 0.9975198785537458, "log10_min_child_weight": 0.6009385438759868, "log10_subsample": -0.8210878044369526, "max_depth": 5.0, "num_boost_round": 10.0}, "datetime": {"datetime": "2024-01-19 00:17:43", "elapsed": 316.341684, "delta": 0.000897}}
{"target": -13.773262017658723, "params": {"gamma": 562.6625367268925, "log10_alpha": -0.40159498254409165, "log10_colsample_bytree": -0.35187621096589383, "log10_eta": -1.0988575113993186, "log10_lambda": 0.9975198785537458, "log10_min_child_weight": 0.6009385438759868, "log10_subsample": -0.8210878044369526, "max_depth": 5.0, "num_boost_round": 11.0}, "datetime": {"datetime": "2024-01-19 00:17:43", "elapsed": 316.342536, "delta": 0.000852}}
{"target": -13.774422289825685, "params": {"gamma": 562.6625367268925, "log10_alpha": -0.40159498254409165, "log10_colsample_bytree": -0.35187621096589383, "log10_eta": -1.0988575113993186, "log10_lambda": 0.9975198785537458, "log10_min_child_weight": 0.6009385438759868, "log10_subsample": -0.8210878044369526, "max_depth": 5.0, "num_boost_round": 12.0}, "datetime": {"datetime": "2024-01-19 00:17:43", "elapsed": 316.343434, "delta": 0.000898}}
{"target": -13.77842159409261, "params": {"gamma": 562.6625367268925, "log10_alpha": -0.40159498254409165, "log10_colsample_bytree": -0.35187621096589383, "log10_eta": -1.0988575113993186, "log10_lambda": 0.9975198785537458, "log10_min_child_weight": 0.6009385438759868, "log10_subsample": -0.8210878044369526, "max_depth": 5.0, "num_boost_round": 13.0}, "datetime": {"datetime": "2024-01-19 00:17:43", "elapsed": 316.3443, "delta": 0.000866}}
{"target": -13.780608359489275, "params": {"gamma": 562.6625367268925, "log10_alpha": -0.40159498254409165, "log10_colsample_bytree": -0.35187621096589383, "log10_eta": -1.0988575113993186, "log10_lambda": 0.9975198785537458, "log10_min_child_weight": 0.6009385438759868, "log10_subsample": -0.8210878044369526, "max_depth": 5.0, "num_boost_round": 14.0}, "datetime": {"datetime": "2024-01-19 00:17:43", "elapsed": 316.345154, "delta": 0.000854}}
{"target": -13.779508210542726, "params": {"gamma": 562.6625367268925, "log10_alpha": -0.40159498254409165, "log10_colsample_bytree": -0.35187621096589383, "log10_eta": -1.0988575113993186, "log10_lambda": 0.9975198785537458, "log10_min_child_weight": 0.6009385438759868, "log10_subsample": -0.8210878044369526, "max_depth": 5.0, "num_boost_round": 15.0}, "datetime": {"datetime": "2024-01-19 00:17:43", "elapsed": 316.346016, "delta": 0.000862}}
{"target": -13.781109682718634, "params": {"gamma": 562.6625367268925, "log10_alpha": -0.40159498254409165, "log10_colsample_bytree": -0.35187621096589383, "log10_eta": -1.0988575113993186, "log10_lambda": 0.9975198785537458, "log10_min_child_weight": 0.6009385438759868, "log10_subsample": -0.8210878044369526, "max_depth": 5.0, "num_boost_round": 16.0}, "datetime": {"datetime": "2024-01-19 00:17:43", "elapsed": 316.346868, "delta": 0.000852}}
{"target": -13.782937853685036, "params": {"gamma": 562.6625367268925, "log10_alpha": -0.40159498254409165, "log10_colsample_bytree": -0.35187621096589383, "log10_eta": -1.0988575113993186, "log10_lambda": 0.9975198785537458, "log10_min_child_weight": 0.6009385438759868, "log10_subsample": -0.8210878044369526, "max_depth": 5.0, "num_boost_round": 17.0}, "datetime": {"datetime": "2024-01-19 00:17:43", "elapsed": 316.347724, "delta": 0.000856}}
{"target": -13.758537750614112, "params": {"gamma": 547.5759663378022, "log10_alpha": -3.089793527681157, "log10_colsample_bytree": -0.28019484602404543, "log10_eta": -3.9510985236217766, "log10_lambda": -3.3270142145022197, "log10_min_child_weight": 3.739640551384385, "log10_subsample": -0.2459842154764541, "max_depth": 6.0, "num_boost_round": 0.0}, "datetime": {"datetime": "2024-01-19 00:18:08", "elapsed": 340.979174, "delta": 24.63145}}
{"target": -13.75853561750353, "params": {"gamma": 547.5759663378022, "log10_alpha": -3.089793527681157, "log10_colsample_bytree": -0.28019484602404543, "log10_eta": -3.9510985236217766, "log10_lambda": -3.3270142145022197, "log10_min_child_weight": 3.739640551384385, "log10_subsample": -0.2459842154764541, "max_depth": 6.0, "num_boost_round": 1.0}, "datetime": {"datetime": "2024-01-19 00:18:08", "elapsed": 340.980513, "delta": 0.001339}}
{"target": -13.758534511555919, "params": {"gamma": 547.5759663378022, "log10_alpha": -3.089793527681157, "log10_colsample_bytree": -0.28019484602404543, "log10_eta": -3.9510985236217766, "log10_lambda": -3.3270142145022197, "log10_min_child_weight": 3.739640551384385, "log10_subsample": -0.2459842154764541, "max_depth": 6.0, "num_boost_round": 2.0}, "datetime": {"datetime": "2024-01-19 00:18:08", "elapsed": 340.982013, "delta": 0.0015}}
{"target": -13.758535884920343, "params": {"gamma": 547.5759663378022, "log10_alpha": -3.089793527681157, "log10_colsample_bytree": -0.28019484602404543, "log10_eta": -3.9510985236217766, "log10_lambda": -3.3270142145022197, "log10_min_child_weight": 3.739640551384385, "log10_subsample": -0.2459842154764541, "max_depth": 6.0, "num_boost_round": 3.0}, "datetime": {"datetime": "2024-01-19 00:18:08", "elapsed": 340.983651, "delta": 0.001638}}
{"target": -13.758534607803975, "params": {"gamma": 547.5759663378022, "log10_alpha": -3.089793527681157, "log10_colsample_bytree": -0.28019484602404543, "log10_eta": -3.9510985236217766, "log10_lambda": -3.3270142145022197, "log10_min_child_weight": 3.739640551384385, "log10_subsample": -0.2459842154764541, "max_depth": 6.0, "num_boost_round": 4.0}, "datetime": {"datetime": "2024-01-19 00:18:08", "elapsed": 340.984531, "delta": 0.00088}}
{"target": -13.758534485284578, "params": {"gamma": 547.5759663378022, "log10_alpha": -3.089793527681157, "log10_colsample_bytree": -0.28019484602404543, "log10_eta": -3.9510985236217766, "log10_lambda": -3.3270142145022197, "log10_min_child_weight": 3.739640551384385, "log10_subsample": -0.2459842154764541, "max_depth": 6.0, "num_boost_round": 5.0}, "datetime": {"datetime": "2024-01-19 00:18:08", "elapsed": 340.985574, "delta": 0.001043}}
{"target": -13.758534300088142, "params": {"gamma": 547.5759663378022, "log10_alpha": -3.089793527681157, "log10_colsample_bytree": -0.28019484602404543, "log10_eta": -3.9510985236217766, "log10_lambda": -3.3270142145022197, "log10_min_child_weight": 3.739640551384385, "log10_subsample": -0.2459842154764541, "max_depth": 6.0, "num_boost_round": 6.0}, "datetime": {"datetime": "2024-01-19 00:18:08", "elapsed": 340.986559, "delta": 0.000985}}
{"target": -13.7585319762798, "params": {"gamma": 547.5759663378022, "log10_alpha": -3.089793527681157, "log10_colsample_bytree": -0.28019484602404543, "log10_eta": -3.9510985236217766, "log10_lambda": -3.3270142145022197, "log10_min_child_weight": 3.739640551384385, "log10_subsample": -0.2459842154764541, "max_depth": 6.0, "num_boost_round": 7.0}, "datetime": {"datetime": "2024-01-19 00:18:08", "elapsed": 340.987817, "delta": 0.001258}}
{"target": -13.758531015537438, "params": {"gamma": 547.5759663378022, "log10_alpha": -3.089793527681157, "log10_colsample_bytree": -0.28019484602404543, "log10_eta": -3.9510985236217766, "log10_lambda": -3.3270142145022197, "log10_min_child_weight": 3.739640551384385, "log10_subsample": -0.2459842154764541, "max_depth": 6.0, "num_boost_round": 8.0}, "datetime": {"datetime": "2024-01-19 00:18:08", "elapsed": 340.988686, "delta": 0.000869}}
{"target": -13.758528975170842, "params": {"gamma": 547.5759663378022, "log10_alpha": -3.089793527681157, "log10_colsample_bytree": -0.28019484602404543, "log10_eta": -3.9510985236217766, "log10_lambda": -3.3270142145022197, "log10_min_child_weight": 3.739640551384385, "log10_subsample": -0.2459842154764541, "max_depth": 6.0, "num_boost_round": 9.0}, "datetime": {"datetime": "2024-01-19 00:18:08", "elapsed": 340.989551, "delta": 0.000865}}
{"target": -13.75852567640786, "params": {"gamma": 547.5759663378022, "log10_alpha": -3.089793527681157, "log10_colsample_bytree": -0.28019484602404543, "log10_eta": -3.9510985236217766, "log10_lambda": -3.3270142145022197, "log10_min_child_weight": 3.739640551384385, "log10_subsample": -0.2459842154764541, "max_depth": 6.0, "num_boost_round": 10.0}, "datetime": {"datetime": "2024-01-19 00:18:08", "elapsed": 340.990409, "delta": 0.000858}}
{"target": -13.758523144907299, "params": {"gamma": 547.5759663378022, "log10_alpha": -3.089793527681157, "log10_colsample_bytree": -0.28019484602404543, "log10_eta": -3.9510985236217766, "log10_lambda": -3.3270142145022197, "log10_min_child_weight": 3.739640551384385, "log10_subsample": -0.2459842154764541, "max_depth": 6.0, "num_boost_round": 11.0}, "datetime": {"datetime": "2024-01-19 00:18:08", "elapsed": 340.991449, "delta": 0.00104}}
{"target": -13.758524151051612, "params": {"gamma": 547.5759663378022, "log10_alpha": -3.089793527681157, "log10_colsample_bytree": -0.28019484602404543, "log10_eta": -3.9510985236217766, "log10_lambda": -3.3270142145022197, "log10_min_child_weight": 3.739640551384385, "log10_subsample": -0.2459842154764541, "max_depth": 6.0, "num_boost_round": 12.0}, "datetime": {"datetime": "2024-01-19 00:18:08", "elapsed": 340.992312, "delta": 0.000863}}
{"target": -13.75852304929726, "params": {"gamma": 547.5759663378022, "log10_alpha": -3.089793527681157, "log10_colsample_bytree": -0.28019484602404543, "log10_eta": -3.9510985236217766, "log10_lambda": -3.3270142145022197, "log10_min_child_weight": 3.739640551384385, "log10_subsample": -0.2459842154764541, "max_depth": 6.0, "num_boost_round": 13.0}, "datetime": {"datetime": "2024-01-19 00:18:08", "elapsed": 340.993508, "delta": 0.001196}}
{"target": -13.758520512064434, "params": {"gamma": 547.5759663378022, "log10_alpha": -3.089793527681157, "log10_colsample_bytree": -0.28019484602404543, "log10_eta": -3.9510985236217766, "log10_lambda": -3.3270142145022197, "log10_min_child_weight": 3.739640551384385, "log10_subsample": -0.2459842154764541, "max_depth": 6.0, "num_boost_round": 14.0}, "datetime": {"datetime": "2024-01-19 00:18:08", "elapsed": 340.994503, "delta": 0.000995}}
{"target": -13.758518745857335, "params": {"gamma": 547.5759663378022, "log10_alpha": -3.089793527681157, "log10_colsample_bytree": -0.28019484602404543, "log10_eta": -3.9510985236217766, "log10_lambda": -3.3270142145022197, "log10_min_child_weight": 3.739640551384385, "log10_subsample": -0.2459842154764541, "max_depth": 6.0, "num_boost_round": 15.0}, "datetime": {"datetime": "2024-01-19 00:18:08", "elapsed": 340.995461, "delta": 0.000958}}
{"target": -13.758518180429402, "params": {"gamma": 547.5759663378022, "log10_alpha": -3.089793527681157, "log10_colsample_bytree": -0.28019484602404543, "log10_eta": -3.9510985236217766, "log10_lambda": -3.3270142145022197, "log10_min_child_weight": 3.739640551384385, "log10_subsample": -0.2459842154764541, "max_depth": 6.0, "num_boost_round": 16.0}, "datetime": {"datetime": "2024-01-19 00:18:08", "elapsed": 340.99648, "delta": 0.001019}}
{"target": -13.758518662943116, "params": {"gamma": 547.5759663378022, "log10_alpha": -3.089793527681157, "log10_colsample_bytree": -0.28019484602404543, "log10_eta": -3.9510985236217766, "log10_lambda": -3.3270142145022197, "log10_min_child_weight": 3.739640551384385, "log10_subsample": -0.2459842154764541, "max_depth": 6.0, "num_boost_round": 17.0}, "datetime": {"datetime": "2024-01-19 00:18:08", "elapsed": 340.997424, "delta": 0.000944}}
{"target": -13.758520310472953, "params": {"gamma": 547.5759663378022, "log10_alpha": -3.089793527681157, "log10_colsample_bytree": -0.28019484602404543, "log10_eta": -3.9510985236217766, "log10_lambda": -3.3270142145022197, "log10_min_child_weight": 3.739640551384385, "log10_subsample": -0.2459842154764541, "max_depth": 6.0, "num_boost_round": 18.0}, "datetime": {"datetime": "2024-01-19 00:18:08", "elapsed": 340.998409, "delta": 0.000985}}
{"target": -13.758520147224877, "params": {"gamma": 547.5759663378022, "log10_alpha": -3.089793527681157, "log10_colsample_bytree": -0.28019484602404543, "log10_eta": -3.9510985236217766, "log10_lambda": -3.3270142145022197, "log10_min_child_weight": 3.739640551384385, "log10_subsample": -0.2459842154764541, "max_depth": 6.0, "num_boost_round": 19.0}, "datetime": {"datetime": "2024-01-19 00:18:08", "elapsed": 340.999291, "delta": 0.000882}}
{"target": -13.758517594208238, "params": {"gamma": 547.5759663378022, "log10_alpha": -3.089793527681157, "log10_colsample_bytree": -0.28019484602404543, "log10_eta": -3.9510985236217766, "log10_lambda": -3.3270142145022197, "log10_min_child_weight": 3.739640551384385, "log10_subsample": -0.2459842154764541, "max_depth": 6.0, "num_boost_round": 20.0}, "datetime": {"datetime": "2024-01-19 00:18:08", "elapsed": 341.000161, "delta": 0.00087}}
{"target": -13.758515042210595, "params": {"gamma": 547.5759663378022, "log10_alpha": -3.089793527681157, "log10_colsample_bytree": -0.28019484602404543, "log10_eta": -3.9510985236217766, "log10_lambda": -3.3270142145022197, "log10_min_child_weight": 3.739640551384385, "log10_subsample": -0.2459842154764541, "max_depth": 6.0, "num_boost_round": 21.0}, "datetime": {"datetime": "2024-01-19 00:18:08", "elapsed": 341.001048, "delta": 0.000887}}
{"target": -13.758512142469712, "params": {"gamma": 547.5759663378022, "log10_alpha": -3.089793527681157, "log10_colsample_bytree": -0.28019484602404543, "log10_eta": -3.9510985236217766, "log10_lambda": -3.3270142145022197, "log10_min_child_weight": 3.739640551384385, "log10_subsample": -0.2459842154764541, "max_depth": 6.0, "num_boost_round": 22.0}, "datetime": {"datetime": "2024-01-19 00:18:08", "elapsed": 341.001922, "delta": 0.000874}}
{"target": -13.758605486888655, "params": {"gamma": 546.267225008717, "log10_alpha": -4.947706788898004, "log10_colsample_bytree": -0.001317334639430956, "log10_eta": -2.363751927452948, "log10_lambda": -2.9136475413726304, "log10_min_child_weight": 3.0634795937908317, "log10_subsample": -0.2590547394083528, "max_depth": 8.0, "num_boost_round": 0.0}, "datetime": {"datetime": "2024-01-19 00:18:36", "elapsed": 368.697035, "delta": 27.695113}}
{"target": -13.758673050120734, "params": {"gamma": 546.267225008717, "log10_alpha": -4.947706788898004, "log10_colsample_bytree": -0.001317334639430956, "log10_eta": -2.363751927452948, "log10_lambda": -2.9136475413726304, "log10_min_child_weight": 3.0634795937908317, "log10_subsample": -0.2590547394083528, "max_depth": 8.0, "num_boost_round": 1.0}, "datetime": {"datetime": "2024-01-19 00:18:36", "elapsed": 368.69808, "delta": 0.001045}}
{"target": -13.758803893659557, "params": {"gamma": 546.267225008717, "log10_alpha": -4.947706788898004, "log10_colsample_bytree": -0.001317334639430956, "log10_eta": -2.363751927452948, "log10_lambda": -2.9136475413726304, "log10_min_child_weight": 3.0634795937908317, "log10_subsample": -0.2590547394083528, "max_depth": 8.0, "num_boost_round": 2.0}, "datetime": {"datetime": "2024-01-19 00:18:36", "elapsed": 368.699451, "delta": 0.001371}}
{"target": -13.758917191756327, "params": {"gamma": 546.267225008717, "log10_alpha": -4.947706788898004, "log10_colsample_bytree": -0.001317334639430956, "log10_eta": -2.363751927452948, "log10_lambda": -2.9136475413726304, "log10_min_child_weight": 3.0634795937908317, "log10_subsample": -0.2590547394083528, "max_depth": 8.0, "num_boost_round": 3.0}, "datetime": {"datetime": "2024-01-19 00:18:36", "elapsed": 368.700329, "delta": 0.000878}}
{"target": -13.758812216595746, "params": {"gamma": 546.267225008717, "log10_alpha": -4.947706788898004, "log10_colsample_bytree": -0.001317334639430956, "log10_eta": -2.363751927452948, "log10_lambda": -2.9136475413726304, "log10_min_child_weight": 3.0634795937908317, "log10_subsample": -0.2590547394083528, "max_depth": 8.0, "num_boost_round": 4.0}, "datetime": {"datetime": "2024-01-19 00:18:36", "elapsed": 368.701198, "delta": 0.000869}}
{"target": -13.758680364762808, "params": {"gamma": 546.267225008717, "log10_alpha": -4.947706788898004, "log10_colsample_bytree": -0.001317334639430956, "log10_eta": -2.363751927452948, "log10_lambda": -2.9136475413726304, "log10_min_child_weight": 3.0634795937908317, "log10_subsample": -0.2590547394083528, "max_depth": 8.0, "num_boost_round": 5.0}, "datetime": {"datetime": "2024-01-19 00:18:36", "elapsed": 368.702183, "delta": 0.000985}}
{"target": -13.758757561130464, "params": {"gamma": 546.267225008717, "log10_alpha": -4.947706788898004, "log10_colsample_bytree": -0.001317334639430956, "log10_eta": -2.363751927452948, "log10_lambda": -2.9136475413726304, "log10_min_child_weight": 3.0634795937908317, "log10_subsample": -0.2590547394083528, "max_depth": 8.0, "num_boost_round": 6.0}, "datetime": {"datetime": "2024-01-19 00:18:36", "elapsed": 368.703053, "delta": 0.00087}}
