{"target": -13.75850087239491, "params": {"gamma": 419.9774526292944, "log10_alpha": 0.48370954421271595, "log10_colsample_bytree": -0.4106090001910857, "log10_eta": -2.9925663747411053, "log10_lambda": -1.5627584648609512, "log10_min_child_weight": 4.018158942464723, "log10_subsample": -0.7844838140367798, "max_depth": 2.0, "num_boost_round": 27.0}, "datetime": {"datetime": "2024-01-19 00:13:55", "elapsed": 138.876964, "delta": 0.000589}}
{"target": -13.758492925103683, "params": {"gamma": 419.9774526292944, "log10_alpha": 0.48370954421271595, "log10_colsample_bytree": -0.4106090001910857, "log10_eta": -2.9925663747411053, "log10_lambda": -1.5627584648609512, "log10_min_child_weight": 4.018158942464723, "log10_subsample": -0.7844838140367798, "max_depth": 2.0, "num_boost_round": 28.0}, "datetime": {"datetime": "2024-01-19 00:13:55", "elapsed": 138.877548, "delta": 0.000584}}
{"target": -13.758487555568399, "params": {"gamma": 419.9774526292944, "log10_alpha": 0.48370954421271595, "log10_colsample_bytree": -0.4106090001910857, "log10_eta": -2.9925663747411053, "log10_lambda": -1.5627584648609512, "log10_min_child_weight": 4.018158942464723, "log10_subsample": -0.7844838140367798, "max_depth": 2.0, "num_boost_round": 29.0}, "datetime": {"datetime": "2024-01-19 00:13:55", "elapsed": 138.881732, "delta": 0.004184}}
{"target": -13.758493007794547, "params": {"gamma": 419.9774526292944, "log10_alpha": 0.48370954421271595, "log10_colsample_bytree": -0.4106090001910857, "log10_eta": -2.9925663747411053, "log10_lambda": -1.5627584648609512, "log10_min_child_weight": 4.018158942464723, "log10_subsample": -0.7844838140367798, "max_depth": 2.0, "num_boost_round": 30.0}, "datetime": {"datetime": "2024-01-19 00:13:55", "elapsed": 138.882324, "delta": 0.000592}}
{"target": -13.758488685330038, "params": {"gamma": 419.9774526292944, "log10_alpha": 0.48370954421271595, "log10_colsample_bytree": -0.4106090001910857, "log10_eta": -2.9925663747411053, "log10_lambda": -1.5627584648609512, "log10_min_child_weight": 4.018158942464723, "log10_subsample": -0.7844838140367798, "max_depth": 2.0, "num_boost_round": 31.0}, "datetime": {"datetime": "2024-01-19 00:13:55", "elapsed": 138.883227, "delta": 0.000903}}
{"target": -13.758490276677275, "params": {"gamma": 419.9774526292944, "log10_alpha": 0.48370954421271595, "log10_colsample_bytree": -0.4106090001910857, "log10_eta": -2.9925663747411053, "log10_lambda": -1.5627584648609512, "log10_min_child_weight": 4.018158942464723, "log10_subsample": -0.7844838140367798, "max_depth": 2.0, "num_boost_round": 32.0}, "datetime": {"datetime": "2024-01-19 00:13:55", "elapsed": 138.88385, "delta": 0.000623}}
{"target": -13.758498343249757, "params": {"gamma": 419.9774526292944, "log10_alpha": 0.48370954421271595, "log10_colsample_bytree": -0.4106090001910857, "log10_eta": -2.9925663747411053, "log10_lambda": -1.5627584648609512, "log10_min_child_weight": 4.018158942464723, "log10_subsample": -0.7844838140367798, "max_depth": 2.0, "num_boost_round": 33.0}, "datetime": {"datetime": "2024-01-19 00:13:55", "elapsed": 138.884447, "delta": 0.000597}}
{"target": -13.758505265774643, "params": {"gamma": 419.9774526292944, "log10_alpha": 0.48370954421271595, "log10_colsample_bytree": -0.4106090001910857, "log10_eta": -2.9925663747411053, "log10_lambda": -1.5627584648609512, "log10_min_child_weight": 4.018158942464723, "log10_subsample": -0.7844838140367798, "max_depth": 2.0, "num_boost_round": 34.0}, "datetime": {"datetime": "2024-01-19 00:13:55", "elapsed": 138.885046, "delta": 0.000599}}
{"target": -13.7585087616689, "params": {"gamma": 419.9774526292944, "log10_alpha": 0.48370954421271595, "log10_colsample_bytree": -0.4106090001910857, "log10_eta": -2.9925663747411053, "log10_lambda": -1.5627584648609512, "log10_min_child_weight": 4.018158942464723, "log10_subsample": -0.7844838140367798, "max_depth": 2.0, "num_boost_round": 35.0}, "datetime": {"datetime": "2024-01-19 00:13:55", "elapsed": 138.885642, "delta": 0.000596}}
{"target": -13.758512124346986, "params": {"gamma": 419.9774526292944, "log10_alpha": 0.48370954421271595, "log10_colsample_bytree": -0.4106090001910857, "log10_eta": -2.9925663747411053, "log10_lambda": -1.5627584648609512, "log10_min_child_weight": 4.018158942464723, "log10_subsample": -0.7844838140367798, "max_depth": 2.0, "num_boost_round": 36.0}, "datetime": {"datetime": "2024-01-19 00:13:55", "elapsed": 138.886235, "delta": 0.000593}}
{"target": -13.758514837200421, "params": {"gamma": 419.9774526292944, "log10_alpha": 0.48370954421271595, "log10_colsample_bytree": -0.4106090001910857, "log10_eta": -2.9925663747411053, "log10_lambda": -1.5627584648609512, "log10_min_child_weight": 4.018158942464723, "log10_subsample": -0.7844838140367798, "max_depth": 2.0, "num_boost_round": 37.0}, "datetime": {"datetime": "2024-01-19 00:13:55", "elapsed": 138.886837, "delta": 0.000602}}
{"target": -13.758519064747386, "params": {"gamma": 419.9774526292944, "log10_alpha": 0.48370954421271595, "log10_colsample_bytree": -0.4106090001910857, "log10_eta": -2.9925663747411053, "log10_lambda": -1.5627584648609512, "log10_min_child_weight": 4.018158942464723, "log10_subsample": -0.7844838140367798, "max_depth": 2.0, "num_boost_round": 38.0}, "datetime": {"datetime": "2024-01-19 00:13:55", "elapsed": 138.887432, "delta": 0.000595}}
{"target": -13.758519362498633, "params": {"gamma": 419.9774526292944, "log10_alpha": 0.48370954421271595, "log10_colsample_bytree": -0.4106090001910857, "log10_eta": -2.9925663747411053, "log10_lambda": -1.5627584648609512, "log10_min_child_weight": 4.018158942464723, "log10_subsample": -0.7844838140367798, "max_depth": 2.0, "num_boost_round": 39.0}, "datetime": {"datetime": "2024-01-19 00:13:55", "elapsed": 138.888033, "delta": 0.000601}}
{"target": -13.758524354681311, "params": {"gamma": 419.9774526292944, "log10_alpha": 0.48370954421271595, "log10_colsample_bytree": -0.4106090001910857, "log10_eta": -2.9925663747411053, "log10_lambda": -1.5627584648609512, "log10_min_child_weight": 4.018158942464723, "log10_subsample": -0.7844838140367798, "max_depth": 2.0, "num_boost_round": 40.0}, "datetime": {"datetime": "2024-01-19 00:13:55", "elapsed": 138.888638, "delta": 0.000605}}
{"target": -13.758531292259146, "params": {"gamma": 419.9774526292944, "log10_alpha": 0.48370954421271595, "log10_colsample_bytree": -0.4106090001910857, "log10_eta": -2.9925663747411053, "log10_lambda": -1.5627584648609512, "log10_min_child_weight": 4.018158942464723, "log10_subsample": -0.7844838140367798, "max_depth": 2.0, "num_boost_round": 41.0}, "datetime": {"datetime": "2024-01-19 00:13:55", "elapsed": 138.889405, "delta": 0.000767}}
{"target": -13.758350533571411, "params": {"gamma": 420.1628792543027, "log10_alpha": -1.1391022468330911, "log10_colsample_bytree": -0.677748884152672, "log10_eta": -1.535218721286078, "log10_lambda": -4.229999604523828, "log10_min_child_weight": 4.376574167952528, "log10_subsample": -0.21209015958489397, "max_depth": 2.0, "num_boost_round": 0.0}, "datetime": {"datetime": "2024-01-19 00:14:29", "elapsed": 172.687466, "delta": 33.798061}}
{"target": -13.75823212947368, "params": {"gamma": 420.1628792543027, "log10_alpha": -1.1391022468330911, "log10_colsample_bytree": -0.677748884152672, "log10_eta": -1.535218721286078, "log10_lambda": -4.229999604523828, "log10_min_child_weight": 4.376574167952528, "log10_subsample": -0.21209015958489397, "max_depth": 2.0, "num_boost_round": 1.0}, "datetime": {"datetime": "2024-01-19 00:14:29", "elapsed": 172.68826, "delta": 0.000794}}
{"target": -13.758319044082784, "params": {"gamma": 420.1628792543027, "log10_alpha": -1.1391022468330911, "log10_colsample_bytree": -0.677748884152672, "log10_eta": -1.535218721286078, "log10_lambda": -4.229999604523828, "log10_min_child_weight": 4.376574167952528, "log10_subsample": -0.21209015958489397, "max_depth": 2.0, "num_boost_round": 2.0}, "datetime": {"datetime": "2024-01-19 00:14:29", "elapsed": 172.688837, "delta": 0.000577}}
{"target": -13.758272328447033, "params": {"gamma": 420.1628792543027, "log10_alpha": -1.1391022468330911, "log10_colsample_bytree": -0.677748884152672, "log10_eta": -1.535218721286078, "log10_lambda": -4.229999604523828, "log10_min_child_weight": 4.376574167952528, "log10_subsample": -0.21209015958489397, "max_depth": 2.0, "num_boost_round": 3.0}, "datetime": {"datetime": "2024-01-19 00:14:29", "elapsed": 172.68958, "delta": 0.000743}}
{"target": -13.758223084730853, "params": {"gamma": 420.1628792543027, "log10_alpha": -1.1391022468330911, "log10_colsample_bytree": -0.677748884152672, "log10_eta": -1.535218721286078, "log10_lambda": -4.229999604523828, "log10_min_child_weight": 4.376574167952528, "log10_subsample": -0.21209015958489397, "max_depth": 2.0, "num_boost_round": 4.0}, "datetime": {"datetime": "2024-01-19 00:14:29", "elapsed": 172.690901, "delta": 0.001321}}
{"target": -13.758275369957554, "params": {"gamma": 420.1628792543027, "log10_alpha": -1.1391022468330911, "log10_colsample_bytree": -0.677748884152672, "log10_eta": -1.535218721286078, "log10_lambda": -4.229999604523828, "log10_min_child_weight": 4.376574167952528, "log10_subsample": -0.21209015958489397, "max_depth": 2.0, "num_boost_round": 5.0}, "datetime": {"datetime": "2024-01-19 00:14:29", "elapsed": 172.691736, "delta": 0.000835}}
{"target": -13.758580706675676, "params": {"gamma": 420.1628792543027, "log10_alpha": -1.1391022468330911, "log10_colsample_bytree": -0.677748884152672, "log10_eta": -1.535218721286078, "log10_lambda": -4.229999604523828, "log10_min_child_weight": 4.376574167952528, "log10_subsample": -0.21209015958489397, "max_depth": 2.0, "num_boost_round": 6.0}, "datetime": {"datetime": "2024-01-19 00:14:29", "elapsed": 172.692499, "delta": 0.000763}}
{"target": -13.758544510177671, "params": {"gamma": 420.1628792543027, "log10_alpha": -1.1391022468330911, "log10_colsample_bytree": -0.677748884152672, "log10_eta": -1.535218721286078, "log10_lambda": -4.229999604523828, "log10_min_child_weight": 4.376574167952528, "log10_subsample": -0.21209015958489397, "max_depth": 2.0, "num_boost_round": 7.0}, "datetime": {"datetime": "2024-01-19 00:14:29", "elapsed": 172.693281, "delta": 0.000782}}
{"target": -13.75872385749168, "params": {"gamma": 420.1628792543027, "log10_alpha": -1.1391022468330911, "log10_colsample_bytree": -0.677748884152672, "log10_eta": -1.535218721286078, "log10_lambda": -4.229999604523828, "log10_min_child_weight": 4.376574167952528, "log10_subsample": -0.21209015958489397, "max_depth": 2.0, "num_boost_round": 8.0}, "datetime": {"datetime": "2024-01-19 00:14:29", "elapsed": 172.694245, "delta": 0.000964}}
{"target": -13.75858908692499, "params": {"gamma": 420.1628792543027, "log10_alpha": -1.1391022468330911, "log10_colsample_bytree": -0.677748884152672, "log10_eta": -1.535218721286078, "log10_lambda": -4.229999604523828, "log10_min_child_weight": 4.376574167952528, "log10_subsample": -0.21209015958489397, "max_depth": 2.0, "num_boost_round": 9.0}, "datetime": {"datetime": "2024-01-19 00:14:29", "elapsed": 172.694867, "delta": 0.000622}}
{"target": -13.75850958319502, "params": {"gamma": 420.1628792543027, "log10_alpha": -1.1391022468330911, "log10_colsample_bytree": -0.677748884152672, "log10_eta": -1.535218721286078, "log10_lambda": -4.229999604523828, "log10_min_child_weight": 4.376574167952528, "log10_subsample": -0.21209015958489397, "max_depth": 2.0, "num_boost_round": 10.0}, "datetime": {"datetime": "2024-01-19 00:14:29", "elapsed": 172.69549, "delta": 0.000623}}
{"target": -13.758473496266788, "params": {"gamma": 420.1628792543027, "log10_alpha": -1.1391022468330911, "log10_colsample_bytree": -0.677748884152672, "log10_eta": -1.535218721286078, "log10_lambda": -4.229999604523828, "log10_min_child_weight": 4.376574167952528, "log10_subsample": -0.21209015958489397, "max_depth": 2.0, "num_boost_round": 11.0}, "datetime": {"datetime": "2024-01-19 00:14:29", "elapsed": 172.696106, "delta": 0.000616}}
{"target": -13.75880932165063, "params": {"gamma": 420.1628792543027, "log10_alpha": -1.1391022468330911, "log10_colsample_bytree": -0.677748884152672, "log10_eta": -1.535218721286078, "log10_lambda": -4.229999604523828, "log10_min_child_weight": 4.376574167952528, "log10_subsample": -0.21209015958489397, "max_depth": 2.0, "num_boost_round": 12.0}, "datetime": {"datetime": "2024-01-19 00:14:29", "elapsed": 172.696766, "delta": 0.00066}}
{"target": -13.758730767894958, "params": {"gamma": 420.1628792543027, "log10_alpha": -1.1391022468330911, "log10_colsample_bytree": -0.677748884152672, "log10_eta": -1.535218721286078, "log10_lambda": -4.229999604523828, "log10_min_child_weight": 4.376574167952528, "log10_subsample": -0.21209015958489397, "max_depth": 2.0, "num_boost_round": 13.0}, "datetime": {"datetime": "2024-01-19 00:14:29", "elapsed": 172.697383, "delta": 0.000617}}
{"target": -13.758646057706777, "params": {"gamma": 420.1628792543027, "log10_alpha": -1.1391022468330911, "log10_colsample_bytree": -0.677748884152672, "log10_eta": -1.535218721286078, "log10_lambda": -4.229999604523828, "log10_min_child_weight": 4.376574167952528, "log10_subsample": -0.21209015958489397, "max_depth": 2.0, "num_boost_round": 14.0}, "datetime": {"datetime": "2024-01-19 00:14:29", "elapsed": 172.698004, "delta": 0.000621}}
{"target": -13.758529341267668, "params": {"gamma": 420.1628792543027, "log10_alpha": -1.1391022468330911, "log10_colsample_bytree": -0.677748884152672, "log10_eta": -1.535218721286078, "log10_lambda": -4.229999604523828, "log10_min_child_weight": 4.376574167952528, "log10_subsample": -0.21209015958489397, "max_depth": 2.0, "num_boost_round": 15.0}, "datetime": {"datetime": "2024-01-19 00:14:29", "elapsed": 172.698625, "delta": 0.000621}}
{"target": -13.758517443044678, "params": {"gamma": 420.1628792543027, "log10_alpha": -1.1391022468330911, "log10_colsample_bytree": -0.677748884152672, "log10_eta": -1.535218721286078, "log10_lambda": -4.229999604523828, "log10_min_child_weight": 4.376574167952528, "log10_subsample": -0.21209015958489397, "max_depth": 2.0, "num_boost_round": 16.0}, "datetime": {"datetime": "2024-01-19 00:14:29", "elapsed": 172.699245, "delta": 0.00062}}
{"target": -13.758452466339364, "params": {"gamma": 420.1628792543027, "log10_alpha": -1.1391022468330911, "log10_colsample_bytree": -0.677748884152672, "log10_eta": -1.535218721286078, "log10_lambda": -4.229999604523828, "log10_min_child_weight": 4.376574167952528, "log10_subsample": -0.21209015958489397, "max_depth": 2.0, "num_boost_round": 17.0}, "datetime": {"datetime": "2024-01-19 00:14:29", "elapsed": 172.699865, "delta": 0.00062}}
{"target": -13.75847136513036, "params": {"gamma": 420.1628792543027, "log10_alpha": -1.1391022468330911, "log10_colsample_bytree": -0.677748884152672, "log10_eta": -1.535218721286078, "log10_lambda": -4.229999604523828, "log10_min_child_weight": 4.376574167952528, "log10_subsample": -0.21209015958489397, "max_depth": 2.0, "num_boost_round": 18.0}, "datetime": {"datetime": "2024-01-19 00:14:29", "elapsed": 172.700489, "delta": 0.000624}}
{"target": -13.758518909873771, "params": {"gamma": 420.1628792543027, "log10_alpha": -1.1391022468330911, "log10_colsample_bytree": -0.677748884152672, "log10_eta": -1.535218721286078, "log10_lambda": -4.229999604523828, "log10_min_child_weight": 4.376574167952528, "log10_subsample": -0.21209015958489397, "max_depth": 2.0, "num_boost_round": 19.0}, "datetime": {"datetime": "2024-01-19 00:14:29", "elapsed": 172.701107, "delta": 0.000618}}
{"target": -13.758767979355008, "params": {"gamma": 420.1628792543027, "log10_alpha": -1.1391022468330911, "log10_colsample_bytree": -0.677748884152672, "log10_eta": -1.535218721286078, "log10_lambda": -4.229999604523828, "log10_min_child_weight": 4.376574167952528, "log10_subsample": -0.21209015958489397, "max_depth": 2.0, "num_boost_round": 20.0}, "datetime": {"datetime": "2024-01-19 00:14:29", "elapsed": 172.701734, "delta": 0.000627}}
{"target": -13.759150534991178, "params": {"gamma": 420.1628792543027, "log10_alpha": -1.1391022468330911, "log10_colsample_bytree": -0.677748884152672, "log10_eta": -1.535218721286078, "log10_lambda": -4.229999604523828, "log10_min_child_weight": 4.376574167952528, "log10_subsample": -0.21209015958489397, "max_depth": 2.0, "num_boost_round": 21.0}, "datetime": {"datetime": "2024-01-19 00:14:29", "elapsed": 172.702361, "delta": 0.000627}}
{"target": -13.759383562788537, "params": {"gamma": 420.1628792543027, "log10_alpha": -1.1391022468330911, "log10_colsample_bytree": -0.677748884152672, "log10_eta": -1.535218721286078, "log10_lambda": -4.229999604523828, "log10_min_child_weight": 4.376574167952528, "log10_subsample": -0.21209015958489397, "max_depth": 2.0, "num_boost_round": 22.0}, "datetime": {"datetime": "2024-01-19 00:14:29", "elapsed": 172.702988, "delta": 0.000627}}
{"target": -13.75931278690563, "params": {"gamma": 420.1628792543027, "log10_alpha": -1.1391022468330911, "log10_colsample_bytree": -0.677748884152672, "log10_eta": -1.535218721286078, "log10_lambda": -4.229999604523828, "log10_min_child_weight": 4.376574167952528, "log10_subsample": -0.21209015958489397, "max_depth": 2.0, "num_boost_round": 23.0}, "datetime": {"datetime": "2024-01-19 00:14:29", "elapsed": 172.703615, "delta": 0.000627}}
{"target": -13.759398386054599, "params": {"gamma": 420.1628792543027, "log10_alpha": -1.1391022468330911, "log10_colsample_bytree": -0.677748884152672, "log10_eta": -1.535218721286078, "log10_lambda": -4.229999604523828, "log10_min_child_weight": 4.376574167952528, "log10_subsample": -0.21209015958489397, "max_depth": 2.0, "num_boost_round": 24.0}, "datetime": {"datetime": "2024-01-19 00:14:29", "elapsed": 172.70424, "delta": 0.000625}}
{"target": -13.759400115702775, "params": {"gamma": 420.1628792543027, "log10_alpha": -1.1391022468330911, "log10_colsample_bytree": -0.677748884152672, "log10_eta": -1.535218721286078, "log10_lambda": -4.229999604523828, "log10_min_child_weight": 4.376574167952528, "log10_subsample": -0.21209015958489397, "max_depth": 2.0, "num_boost_round": 25.0}, "datetime": {"datetime": "2024-01-19 00:14:29", "elapsed": 172.70487, "delta": 0.00063}}
{"target": -13.759513892933288, "params": {"gamma": 420.1628792543027, "log10_alpha": -1.1391022468330911, "log10_colsample_bytree": -0.677748884152672, "log10_eta": -1.535218721286078, "log10_lambda": -4.229999604523828, "log10_min_child_weight": 4.376574167952528, "log10_subsample": -0.21209015958489397, "max_depth": 2.0, "num_boost_round": 26.0}, "datetime": {"datetime": "2024-01-19 00:14:29", "elapsed": 172.705506, "delta": 0.000636}}
{"target": -13.759331134429882, "params": {"gamma": 420.1628792543027, "log10_alpha": -1.1391022468330911, "log10_colsample_bytree": -0.677748884152672, "log10_eta": -1.535218721286078, "log10_lambda": -4.229999604523828, "log10_min_child_weight": 4.376574167952528, "log10_subsample": -0.21209015958489397, "max_depth": 2.0, "num_boost_round": 27.0}, "datetime": {"datetime": "2024-01-19 00:14:29", "elapsed": 172.706136, "delta": 0.00063}}
{"target": -13.759292409540356, "params": {"gamma": 420.1628792543027, "log10_alpha": -1.1391022468330911, "log10_colsample_bytree": -0.677748884152672, "log10_eta": -1.535218721286078, "log10_lambda": -4.229999604523828, "log10_min_child_weight": 4.376574167952528, "log10_subsample": -0.21209015958489397, "max_depth": 2.0, "num_boost_round": 28.0}, "datetime": {"datetime": "2024-01-19 00:14:29", "elapsed": 172.706775, "delta": 0.000639}}
{"target": -13.759463305188934, "params": {"gamma": 420.1628792543027, "log10_alpha": -1.1391022468330911, "log10_colsample_bytree": -0.677748884152672, "log10_eta": -1.535218721286078, "log10_lambda": -4.229999604523828, "log10_min_child_weight": 4.376574167952528, "log10_subsample": -0.21209015958489397, "max_depth": 2.0, "num_boost_round": 29.0}, "datetime": {"datetime": "2024-01-19 00:14:29", "elapsed": 172.707413, "delta": 0.000638}}
{"target": -13.759308348994326, "params": {"gamma": 420.1628792543027, "log10_alpha": -1.1391022468330911, "log10_colsample_bytree": -0.677748884152672, "log10_eta": -1.535218721286078, "log10_lambda": -4.229999604523828, "log10_min_child_weight": 4.376574167952528, "log10_subsample": -0.21209015958489397, "max_depth": 2.0, "num_boost_round": 30.0}, "datetime": {"datetime": "2024-01-19 00:14:29", "elapsed": 172.708191, "delta": 0.000778}}
{"target": -13.759280765472983, "params": {"gamma": 420.1628792543027, "log10_alpha": -1.1391022468330911, "log10_colsample_bytree": -0.677748884152672, "log10_eta": -1.535218721286078, "log10_lambda": -4.229999604523828, "log10_min_child_weight": 4.376574167952528, "log10_subsample": -0.21209015958489397, "max_depth": 2.0, "num_boost_round": 31.0}, "datetime": {"datetime": "2024-01-19 00:14:29", "elapsed": 172.708849, "delta": 0.000658}}
{"target": -13.759840477733986, "params": {"gamma": 420.1628792543027, "log10_alpha": -1.1391022468330911, "log10_colsample_bytree": -0.677748884152672, "log10_eta": -1.535218721286078, "log10_lambda": -4.229999604523828, "log10_min_child_weight": 4.376574167952528, "log10_subsample": -0.21209015958489397, "max_depth": 2.0, "num_boost_round": 32.0}, "datetime": {"datetime": "2024-01-19 00:14:29", "elapsed": 172.7095, "delta": 0.000651}}
{"target": -13.760200273859398, "params": {"gamma": 420.1628792543027, "log10_alpha": -1.1391022468330911, "log10_colsample_bytree": -0.677748884152672, "log10_eta": -1.535218721286078, "log10_lambda": -4.229999604523828, "log10_min_child_weight": 4.376574167952528, "log10_subsample": -0.21209015958489397, "max_depth": 2.0, "num_boost_round": 33.0}, "datetime": {"datetime": "2024-01-19 00:14:29", "elapsed": 172.710152, "delta": 0.000652}}
