{"target": -13.760948715480332, "params": {"gamma": 22.762945804412293, "log10_alpha": 0.6866499257853622, "log10_colsample_bytree": -0.3330043662753951, "log10_eta": -1.9367449363451805, "log10_lambda": 0.19277282008348084, "log10_min_child_weight": 1.3935232221497174, "log10_subsample": -0.6420528007850904, "max_depth": 9.0, "num_boost_round": 27.0}, "datetime": {"datetime": "2024-01-19 01:38:06", "elapsed": 5195.050581, "delta": 0.004721}}
{"target": -13.761152219524952, "params": {"gamma": 22.762945804412293, "log10_alpha": 0.6866499257853622, "log10_colsample_bytree": -0.3330043662753951, "log10_eta": -1.9367449363451805, "log10_lambda": 0.19277282008348084, "log10_min_child_weight": 1.3935232221497174, "log10_subsample": -0.6420528007850904, "max_depth": 9.0, "num_boost_round": 28.0}, "datetime": {"datetime": "2024-01-19 01:38:06", "elapsed": 5195.055221, "delta": 0.00464}}
{"target": -13.761971721196852, "params": {"gamma": 22.762945804412293, "log10_alpha": 0.6866499257853622, "log10_colsample_bytree": -0.3330043662753951, "log10_eta": -1.9367449363451805, "log10_lambda": 0.19277282008348084, "log10_min_child_weight": 1.3935232221497174, "log10_subsample": -0.6420528007850904, "max_depth": 9.0, "num_boost_round": 29.0}, "datetime": {"datetime": "2024-01-19 01:38:06", "elapsed": 5195.059898, "delta": 0.004677}}
{"target": -13.762725939763076, "params": {"gamma": 22.762945804412293, "log10_alpha": 0.6866499257853622, "log10_colsample_bytree": -0.3330043662753951, "log10_eta": -1.9367449363451805, "log10_lambda": 0.19277282008348084, "log10_min_child_weight": 1.3935232221497174, "log10_subsample": -0.6420528007850904, "max_depth": 9.0, "num_boost_round": 30.0}, "datetime": {"datetime": "2024-01-19 01:38:06", "elapsed": 5195.064495, "delta": 0.004597}}
{"target": -13.762891935101349, "params": {"gamma": 22.762945804412293, "log10_alpha": 0.6866499257853622, "log10_colsample_bytree": -0.3330043662753951, "log10_eta": -1.9367449363451805, "log10_lambda": 0.19277282008348084, "log10_min_child_weight": 1.3935232221497174, "log10_subsample": -0.6420528007850904, "max_depth": 9.0, "num_boost_round": 31.0}, "datetime": {"datetime": "2024-01-19 01:38:06", "elapsed": 5195.069109, "delta": 0.004614}}
{"target": -13.763472589004135, "params": {"gamma": 22.762945804412293, "log10_alpha": 0.6866499257853622, "log10_colsample_bytree": -0.3330043662753951, "log10_eta": -1.9367449363451805, "log10_lambda": 0.19277282008348084, "log10_min_child_weight": 1.3935232221497174, "log10_subsample": -0.6420528007850904, "max_depth": 9.0, "num_boost_round": 32.0}, "datetime": {"datetime": "2024-01-19 01:38:06", "elapsed": 5195.073795, "delta": 0.004686}}
{"target": -13.76312434798636, "params": {"gamma": 22.762945804412293, "log10_alpha": 0.6866499257853622, "log10_colsample_bytree": -0.3330043662753951, "log10_eta": -1.9367449363451805, "log10_lambda": 0.19277282008348084, "log10_min_child_weight": 1.3935232221497174, "log10_subsample": -0.6420528007850904, "max_depth": 9.0, "num_boost_round": 33.0}, "datetime": {"datetime": "2024-01-19 01:38:06", "elapsed": 5195.078539, "delta": 0.004744}}
{"target": -13.758525228034276, "params": {"gamma": 23.12524661857296, "log10_alpha": 0.2905216275095057, "log10_colsample_bytree": -0.5608101379000432, "log10_eta": -3.0510841461884275, "log10_lambda": -4.865261635796508, "log10_min_child_weight": 2.0985757413485255, "log10_subsample": -0.8154505474163852, "max_depth": 8.0, "num_boost_round": 0.0}, "datetime": {"datetime": "2024-01-19 01:38:59", "elapsed": 5247.313228, "delta": 52.234689}}
{"target": -13.758474766588733, "params": {"gamma": 23.12524661857296, "log10_alpha": 0.2905216275095057, "log10_colsample_bytree": -0.5608101379000432, "log10_eta": -3.0510841461884275, "log10_lambda": -4.865261635796508, "log10_min_child_weight": 2.0985757413485255, "log10_subsample": -0.8154505474163852, "max_depth": 8.0, "num_boost_round": 1.0}, "datetime": {"datetime": "2024-01-19 01:38:59", "elapsed": 5247.31824, "delta": 0.005012}}
{"target": -13.758409271690509, "params": {"gamma": 23.12524661857296, "log10_alpha": 0.2905216275095057, "log10_colsample_bytree": -0.5608101379000432, "log10_eta": -3.0510841461884275, "log10_lambda": -4.865261635796508, "log10_min_child_weight": 2.0985757413485255, "log10_subsample": -0.8154505474163852, "max_depth": 8.0, "num_boost_round": 2.0}, "datetime": {"datetime": "2024-01-19 01:38:59", "elapsed": 5247.32285, "delta": 0.00461}}
{"target": -13.758371442377882, "params": {"gamma": 23.12524661857296, "log10_alpha": 0.2905216275095057, "log10_colsample_bytree": -0.5608101379000432, "log10_eta": -3.0510841461884275, "log10_lambda": -4.865261635796508, "log10_min_child_weight": 2.0985757413485255, "log10_subsample": -0.8154505474163852, "max_depth": 8.0, "num_boost_round": 3.0}, "datetime": {"datetime": "2024-01-19 01:38:59", "elapsed": 5247.327403, "delta": 0.004553}}
{"target": -13.758343797415186, "params": {"gamma": 23.12524661857296, "log10_alpha": 0.2905216275095057, "log10_colsample_bytree": -0.5608101379000432, "log10_eta": -3.0510841461884275, "log10_lambda": -4.865261635796508, "log10_min_child_weight": 2.0985757413485255, "log10_subsample": -0.8154505474163852, "max_depth": 8.0, "num_boost_round": 4.0}, "datetime": {"datetime": "2024-01-19 01:38:59", "elapsed": 5247.332133, "delta": 0.00473}}
{"target": -13.758337745198487, "params": {"gamma": 23.12524661857296, "log10_alpha": 0.2905216275095057, "log10_colsample_bytree": -0.5608101379000432, "log10_eta": -3.0510841461884275, "log10_lambda": -4.865261635796508, "log10_min_child_weight": 2.0985757413485255, "log10_subsample": -0.8154505474163852, "max_depth": 8.0, "num_boost_round": 5.0}, "datetime": {"datetime": "2024-01-19 01:38:59", "elapsed": 5247.33684, "delta": 0.004707}}
{"target": -13.758321916190578, "params": {"gamma": 23.12524661857296, "log10_alpha": 0.2905216275095057, "log10_colsample_bytree": -0.5608101379000432, "log10_eta": -3.0510841461884275, "log10_lambda": -4.865261635796508, "log10_min_child_weight": 2.0985757413485255, "log10_subsample": -0.8154505474163852, "max_depth": 8.0, "num_boost_round": 6.0}, "datetime": {"datetime": "2024-01-19 01:38:59", "elapsed": 5247.341394, "delta": 0.004554}}
{"target": -13.758291051120104, "params": {"gamma": 23.12524661857296, "log10_alpha": 0.2905216275095057, "log10_colsample_bytree": -0.5608101379000432, "log10_eta": -3.0510841461884275, "log10_lambda": -4.865261635796508, "log10_min_child_weight": 2.0985757413485255, "log10_subsample": -0.8154505474163852, "max_depth": 8.0, "num_boost_round": 7.0}, "datetime": {"datetime": "2024-01-19 01:38:59", "elapsed": 5247.345924, "delta": 0.00453}}
{"target": -13.758267517558954, "params": {"gamma": 23.12524661857296, "log10_alpha": 0.2905216275095057, "log10_colsample_bytree": -0.5608101379000432, "log10_eta": -3.0510841461884275, "log10_lambda": -4.865261635796508, "log10_min_child_weight": 2.0985757413485255, "log10_subsample": -0.8154505474163852, "max_depth": 8.0, "num_boost_round": 8.0}, "datetime": {"datetime": "2024-01-19 01:38:59", "elapsed": 5247.350688, "delta": 0.004764}}
{"target": -13.758249649964833, "params": {"gamma": 23.12524661857296, "log10_alpha": 0.2905216275095057, "log10_colsample_bytree": -0.5608101379000432, "log10_eta": -3.0510841461884275, "log10_lambda": -4.865261635796508, "log10_min_child_weight": 2.0985757413485255, "log10_subsample": -0.8154505474163852, "max_depth": 8.0, "num_boost_round": 9.0}, "datetime": {"datetime": "2024-01-19 01:38:59", "elapsed": 5247.463413, "delta": 0.112725}}
{"target": -13.758215527680887, "params": {"gamma": 23.12524661857296, "log10_alpha": 0.2905216275095057, "log10_colsample_bytree": -0.5608101379000432, "log10_eta": -3.0510841461884275, "log10_lambda": -4.865261635796508, "log10_min_child_weight": 2.0985757413485255, "log10_subsample": -0.8154505474163852, "max_depth": 8.0, "num_boost_round": 10.0}, "datetime": {"datetime": "2024-01-19 01:38:59", "elapsed": 5247.46875, "delta": 0.005337}}
{"target": -13.758201988842675, "params": {"gamma": 23.12524661857296, "log10_alpha": 0.2905216275095057, "log10_colsample_bytree": -0.5608101379000432, "log10_eta": -3.0510841461884275, "log10_lambda": -4.865261635796508, "log10_min_child_weight": 2.0985757413485255, "log10_subsample": -0.8154505474163852, "max_depth": 8.0, "num_boost_round": 11.0}, "datetime": {"datetime": "2024-01-19 01:38:59", "elapsed": 5247.473538, "delta": 0.004788}}
{"target": -13.758217621477632, "params": {"gamma": 23.12524661857296, "log10_alpha": 0.2905216275095057, "log10_colsample_bytree": -0.5608101379000432, "log10_eta": -3.0510841461884275, "log10_lambda": -4.865261635796508, "log10_min_child_weight": 2.0985757413485255, "log10_subsample": -0.8154505474163852, "max_depth": 8.0, "num_boost_round": 12.0}, "datetime": {"datetime": "2024-01-19 01:38:59", "elapsed": 5247.478343, "delta": 0.004805}}
{"target": -13.758216349111795, "params": {"gamma": 23.12524661857296, "log10_alpha": 0.2905216275095057, "log10_colsample_bytree": -0.5608101379000432, "log10_eta": -3.0510841461884275, "log10_lambda": -4.865261635796508, "log10_min_child_weight": 2.0985757413485255, "log10_subsample": -0.8154505474163852, "max_depth": 8.0, "num_boost_round": 13.0}, "datetime": {"datetime": "2024-01-19 01:38:59", "elapsed": 5247.483196, "delta": 0.004853}}
{"target": -13.758188223310908, "params": {"gamma": 23.12524661857296, "log10_alpha": 0.2905216275095057, "log10_colsample_bytree": -0.5608101379000432, "log10_eta": -3.0510841461884275, "log10_lambda": -4.865261635796508, "log10_min_child_weight": 2.0985757413485255, "log10_subsample": -0.8154505474163852, "max_depth": 8.0, "num_boost_round": 14.0}, "datetime": {"datetime": "2024-01-19 01:38:59", "elapsed": 5247.487814, "delta": 0.004618}}
{"target": -13.75814072288783, "params": {"gamma": 23.12524661857296, "log10_alpha": 0.2905216275095057, "log10_colsample_bytree": -0.5608101379000432, "log10_eta": -3.0510841461884275, "log10_lambda": -4.865261635796508, "log10_min_child_weight": 2.0985757413485255, "log10_subsample": -0.8154505474163852, "max_depth": 8.0, "num_boost_round": 15.0}, "datetime": {"datetime": "2024-01-19 01:38:59", "elapsed": 5247.492722, "delta": 0.004908}}
{"target": -13.758146264466255, "params": {"gamma": 23.12524661857296, "log10_alpha": 0.2905216275095057, "log10_colsample_bytree": -0.5608101379000432, "log10_eta": -3.0510841461884275, "log10_lambda": -4.865261635796508, "log10_min_child_weight": 2.0985757413485255, "log10_subsample": -0.8154505474163852, "max_depth": 8.0, "num_boost_round": 16.0}, "datetime": {"datetime": "2024-01-19 01:38:59", "elapsed": 5247.497567, "delta": 0.004845}}
{"target": -13.758167794301666, "params": {"gamma": 23.12524661857296, "log10_alpha": 0.2905216275095057, "log10_colsample_bytree": -0.5608101379000432, "log10_eta": -3.0510841461884275, "log10_lambda": -4.865261635796508, "log10_min_child_weight": 2.0985757413485255, "log10_subsample": -0.8154505474163852, "max_depth": 8.0, "num_boost_round": 17.0}, "datetime": {"datetime": "2024-01-19 01:38:59", "elapsed": 5247.502598, "delta": 0.005031}}
{"target": -13.758156619134619, "params": {"gamma": 23.12524661857296, "log10_alpha": 0.2905216275095057, "log10_colsample_bytree": -0.5608101379000432, "log10_eta": -3.0510841461884275, "log10_lambda": -4.865261635796508, "log10_min_child_weight": 2.0985757413485255, "log10_subsample": -0.8154505474163852, "max_depth": 8.0, "num_boost_round": 18.0}, "datetime": {"datetime": "2024-01-19 01:38:59", "elapsed": 5247.507277, "delta": 0.004679}}
{"target": -13.758119747695403, "params": {"gamma": 23.12524661857296, "log10_alpha": 0.2905216275095057, "log10_colsample_bytree": -0.5608101379000432, "log10_eta": -3.0510841461884275, "log10_lambda": -4.865261635796508, "log10_min_child_weight": 2.0985757413485255, "log10_subsample": -0.8154505474163852, "max_depth": 8.0, "num_boost_round": 19.0}, "datetime": {"datetime": "2024-01-19 01:38:59", "elapsed": 5247.512053, "delta": 0.004776}}
{"target": -13.758080853775185, "params": {"gamma": 23.12524661857296, "log10_alpha": 0.2905216275095057, "log10_colsample_bytree": -0.5608101379000432, "log10_eta": -3.0510841461884275, "log10_lambda": -4.865261635796508, "log10_min_child_weight": 2.0985757413485255, "log10_subsample": -0.8154505474163852, "max_depth": 8.0, "num_boost_round": 20.0}, "datetime": {"datetime": "2024-01-19 01:38:59", "elapsed": 5247.516756, "delta": 0.004703}}
{"target": -13.758059561178978, "params": {"gamma": 23.12524661857296, "log10_alpha": 0.2905216275095057, "log10_colsample_bytree": -0.5608101379000432, "log10_eta": -3.0510841461884275, "log10_lambda": -4.865261635796508, "log10_min_child_weight": 2.0985757413485255, "log10_subsample": -0.8154505474163852, "max_depth": 8.0, "num_boost_round": 21.0}, "datetime": {"datetime": "2024-01-19 01:38:59", "elapsed": 5247.521593, "delta": 0.004837}}
{"target": -13.758013294575123, "params": {"gamma": 23.12524661857296, "log10_alpha": 0.2905216275095057, "log10_colsample_bytree": -0.5608101379000432, "log10_eta": -3.0510841461884275, "log10_lambda": -4.865261635796508, "log10_min_child_weight": 2.0985757413485255, "log10_subsample": -0.8154505474163852, "max_depth": 8.0, "num_boost_round": 22.0}, "datetime": {"datetime": "2024-01-19 01:38:59", "elapsed": 5247.526233, "delta": 0.00464}}
{"target": -13.758011419755059, "params": {"gamma": 23.12524661857296, "log10_alpha": 0.2905216275095057, "log10_colsample_bytree": -0.5608101379000432, "log10_eta": -3.0510841461884275, "log10_lambda": -4.865261635796508, "log10_min_child_weight": 2.0985757413485255, "log10_subsample": -0.8154505474163852, "max_depth": 8.0, "num_boost_round": 23.0}, "datetime": {"datetime": "2024-01-19 01:38:59", "elapsed": 5247.530945, "delta": 0.004712}}
{"target": -13.758010235859885, "params": {"gamma": 23.12524661857296, "log10_alpha": 0.2905216275095057, "log10_colsample_bytree": -0.5608101379000432, "log10_eta": -3.0510841461884275, "log10_lambda": -4.865261635796508, "log10_min_child_weight": 2.0985757413485255, "log10_subsample": -0.8154505474163852, "max_depth": 8.0, "num_boost_round": 24.0}, "datetime": {"datetime": "2024-01-19 01:38:59", "elapsed": 5247.535594, "delta": 0.004649}}
{"target": -13.758013006280803, "params": {"gamma": 23.12524661857296, "log10_alpha": 0.2905216275095057, "log10_colsample_bytree": -0.5608101379000432, "log10_eta": -3.0510841461884275, "log10_lambda": -4.865261635796508, "log10_min_child_weight": 2.0985757413485255, "log10_subsample": -0.8154505474163852, "max_depth": 8.0, "num_boost_round": 25.0}, "datetime": {"datetime": "2024-01-19 01:38:59", "elapsed": 5247.540493, "delta": 0.004899}}
{"target": -13.757982001364606, "params": {"gamma": 23.12524661857296, "log10_alpha": 0.2905216275095057, "log10_colsample_bytree": -0.5608101379000432, "log10_eta": -3.0510841461884275, "log10_lambda": -4.865261635796508, "log10_min_child_weight": 2.0985757413485255, "log10_subsample": -0.8154505474163852, "max_depth": 8.0, "num_boost_round": 26.0}, "datetime": {"datetime": "2024-01-19 01:38:59", "elapsed": 5247.545067, "delta": 0.004574}}
{"target": -13.757971075635965, "params": {"gamma": 23.12524661857296, "log10_alpha": 0.2905216275095057, "log10_colsample_bytree": -0.5608101379000432, "log10_eta": -3.0510841461884275, "log10_lambda": -4.865261635796508, "log10_min_child_weight": 2.0985757413485255, "log10_subsample": -0.8154505474163852, "max_depth": 8.0, "num_boost_round": 27.0}, "datetime": {"datetime": "2024-01-19 01:38:59", "elapsed": 5247.549842, "delta": 0.004775}}
{"target": -13.757935747819237, "params": {"gamma": 23.12524661857296, "log10_alpha": 0.2905216275095057, "log10_colsample_bytree": -0.5608101379000432, "log10_eta": -3.0510841461884275, "log10_lambda": -4.865261635796508, "log10_min_child_weight": 2.0985757413485255, "log10_subsample": -0.8154505474163852, "max_depth": 8.0, "num_boost_round": 28.0}, "datetime": {"datetime": "2024-01-19 01:38:59", "elapsed": 5247.554489, "delta": 0.004647}}
{"target": -13.757938437767107, "params": {"gamma": 23.12524661857296, "log10_alpha": 0.2905216275095057, "log10_colsample_bytree": -0.5608101379000432, "log10_eta": -3.0510841461884275, "log10_lambda": -4.865261635796508, "log10_min_child_weight": 2.0985757413485255, "log10_subsample": -0.8154505474163852, "max_depth": 8.0, "num_boost_round": 29.0}, "datetime": {"datetime": "2024-01-19 01:38:59", "elapsed": 5247.559441, "delta": 0.004952}}
{"target": -13.757923201827417, "params": {"gamma": 23.12524661857296, "log10_alpha": 0.2905216275095057, "log10_colsample_bytree": -0.5608101379000432, "log10_eta": -3.0510841461884275, "log10_lambda": -4.865261635796508, "log10_min_child_weight": 2.0985757413485255, "log10_subsample": -0.8154505474163852, "max_depth": 8.0, "num_boost_round": 30.0}, "datetime": {"datetime": "2024-01-19 01:38:59", "elapsed": 5247.564064, "delta": 0.004623}}
{"target": -13.757924006505911, "params": {"gamma": 23.12524661857296, "log10_alpha": 0.2905216275095057, "log10_colsample_bytree": -0.5608101379000432, "log10_eta": -3.0510841461884275, "log10_lambda": -4.865261635796508, "log10_min_child_weight": 2.0985757413485255, "log10_subsample": -0.8154505474163852, "max_depth": 8.0, "num_boost_round": 31.0}, "datetime": {"datetime": "2024-01-19 01:38:59", "elapsed": 5247.568701, "delta": 0.004637}}
{"target": -13.758531019372413, "params": {"gamma": 27.835436527418935, "log10_alpha": -1.2596479720000602, "log10_colsample_bytree": -0.614267168239388, "log10_eta": -2.8448919639505963, "log10_lambda": -2.856642155630218, "log10_min_child_weight": 4.777337852668857, "log10_subsample": -0.6145051639405811, "max_depth": 9.0, "num_boost_round": 0.0}, "datetime": {"datetime": "2024-01-19 01:40:01", "elapsed": 5309.480156, "delta": 61.911455}}
{"target": -13.758527139949894, "params": {"gamma": 27.835436527418935, "log10_alpha": -1.2596479720000602, "log10_colsample_bytree": -0.614267168239388, "log10_eta": -2.8448919639505963, "log10_lambda": -2.856642155630218, "log10_min_child_weight": 4.777337852668857, "log10_subsample": -0.6145051639405811, "max_depth": 9.0, "num_boost_round": 1.0}, "datetime": {"datetime": "2024-01-19 01:40:01", "elapsed": 5309.485491, "delta": 0.005335}}
{"target": -13.758527785807185, "params": {"gamma": 27.835436527418935, "log10_alpha": -1.2596479720000602, "log10_colsample_bytree": -0.614267168239388, "log10_eta": -2.8448919639505963, "log10_lambda": -2.856642155630218, "log10_min_child_weight": 4.777337852668857, "log10_subsample": -0.6145051639405811, "max_depth": 9.0, "num_boost_round": 2.0}, "datetime": {"datetime": "2024-01-19 01:40:01", "elapsed": 5309.490246, "delta": 0.004755}}
{"target": -13.758528549360156, "params": {"gamma": 27.835436527418935, "log10_alpha": -1.2596479720000602, "log10_colsample_bytree": -0.614267168239388, "log10_eta": -2.8448919639505963, "log10_lambda": -2.856642155630218, "log10_min_child_weight": 4.777337852668857, "log10_subsample": -0.6145051639405811, "max_depth": 9.0, "num_boost_round": 3.0}, "datetime": {"datetime": "2024-01-19 01:40:01", "elapsed": 5309.494968, "delta": 0.004722}}
{"target": -13.758527576153899, "params": {"gamma": 27.835436527418935, "log10_alpha": -1.2596479720000602, "log10_colsample_bytree": -0.614267168239388, "log10_eta": -2.8448919639505963, "log10_lambda": -2.856642155630218, "log10_min_child_weight": 4.777337852668857, "log10_subsample": -0.6145051639405811, "max_depth": 9.0, "num_boost_round": 4.0}, "datetime": {"datetime": "2024-01-19 01:40:01", "elapsed": 5309.499737, "delta": 0.004769}}
{"target": -13.75852597426397, "params": {"gamma": 27.835436527418935, "log10_alpha": -1.2596479720000602, "log10_colsample_bytree": -0.614267168239388, "log10_eta": -2.8448919639505963, "log10_lambda": -2.856642155630218, "log10_min_child_weight": 4.777337852668857, "log10_subsample": -0.6145051639405811, "max_depth": 9.0, "num_boost_round": 5.0}, "datetime": {"datetime": "2024-01-19 01:40:01", "elapsed": 5309.504564, "delta": 0.004827}}
{"target": -13.758522250058142, "params": {"gamma": 27.835436527418935, "log10_alpha": -1.2596479720000602, "log10_colsample_bytree": -0.614267168239388, "log10_eta": -2.8448919639505963, "log10_lambda": -2.856642155630218, "log10_min_child_weight": 4.777337852668857, "log10_subsample": -0.6145051639405811, "max_depth": 9.0, "num_boost_round": 6.0}, "datetime": {"datetime": "2024-01-19 01:40:01", "elapsed": 5309.5093, "delta": 0.004736}}
{"target": -13.758515811321264, "params": {"gamma": 27.835436527418935, "log10_alpha": -1.2596479720000602, "log10_colsample_bytree": -0.614267168239388, "log10_eta": -2.8448919639505963, "log10_lambda": -2.856642155630218, "log10_min_child_weight": 4.777337852668857, "log10_subsample": -0.6145051639405811, "max_depth": 9.0, "num_boost_round": 7.0}, "datetime": {"datetime": "2024-01-19 01:40:01", "elapsed": 5309.513956, "delta": 0.004656}}
{"target": -13.75851692069282, "params": {"gamma": 27.835436527418935, "log10_alpha": -1.2596479720000602, "log10_colsample_bytree": -0.614267168239388, "log10_eta": -2.8448919639505963, "log10_lambda": -2.856642155630218, "log10_min_child_weight": 4.777337852668857, "log10_subsample": -0.6145051639405811, "max_depth": 9.0, "num_boost_round": 8.0}, "datetime": {"datetime": "2024-01-19 01:40:01", "elapsed": 5309.518716, "delta": 0.00476}}
{"target": -13.758512017032288, "params": {"gamma": 27.835436527418935, "log10_alpha": -1.2596479720000602, "log10_colsample_bytree": -0.614267168239388, "log10_eta": -2.8448919639505963, "log10_lambda": -2.856642155630218, "log10_min_child_weight": 4.777337852668857, "log10_subsample": -0.6145051639405811, "max_depth": 9.0, "num_boost_round": 9.0}, "datetime": {"datetime": "2024-01-19 01:40:01", "elapsed": 5309.523311, "delta": 0.004595}}
