{"target": -17.67691860606192, "params": {"gamma": 50.332007831775606, "log10_alpha": -0.3607362594230539, "log10_colsample_bytree": -0.8396400697226798, "log10_eta": -2.8483590693943843, "log10_lambda": -3.4958122131088976, "log10_min_child_weight": 4.165565342761475, "log10_subsample": -0.8740220467253098, "max_depth": 4.0, "num_boost_round": 33.0}, "datetime": {"datetime": "2024-01-19 01:40:17", "elapsed": 5371.654553, "delta": 0.004527}}
{"target": -17.676909525855933, "params": {"gamma": 50.332007831775606, "log10_alpha": -0.3607362594230539, "log10_colsample_bytree": -0.8396400697226798, "log10_eta": -2.8483590693943843, "log10_lambda": -3.4958122131088976, "log10_min_child_weight": 4.165565342761475, "log10_subsample": -0.8740220467253098, "max_depth": 4.0, "num_boost_round": 34.0}, "datetime": {"datetime": "2024-01-19 01:40:17", "elapsed": 5371.658821, "delta": 0.004268}}
{"target": -17.67691138591986, "params": {"gamma": 50.332007831775606, "log10_alpha": -0.3607362594230539, "log10_colsample_bytree": -0.8396400697226798, "log10_eta": -2.8483590693943843, "log10_lambda": -3.4958122131088976, "log10_min_child_weight": 4.165565342761475, "log10_subsample": -0.8740220467253098, "max_depth": 4.0, "num_boost_round": 35.0}, "datetime": {"datetime": "2024-01-19 01:40:17", "elapsed": 5371.663123, "delta": 0.004302}}
{"target": -17.676907123868013, "params": {"gamma": 50.332007831775606, "log10_alpha": -0.3607362594230539, "log10_colsample_bytree": -0.8396400697226798, "log10_eta": -2.8483590693943843, "log10_lambda": -3.4958122131088976, "log10_min_child_weight": 4.165565342761475, "log10_subsample": -0.8740220467253098, "max_depth": 4.0, "num_boost_round": 36.0}, "datetime": {"datetime": "2024-01-19 01:40:17", "elapsed": 5371.667328, "delta": 0.004205}}
{"target": -17.676902317095404, "params": {"gamma": 50.332007831775606, "log10_alpha": -0.3607362594230539, "log10_colsample_bytree": -0.8396400697226798, "log10_eta": -2.8483590693943843, "log10_lambda": -3.4958122131088976, "log10_min_child_weight": 4.165565342761475, "log10_subsample": -0.8740220467253098, "max_depth": 4.0, "num_boost_round": 37.0}, "datetime": {"datetime": "2024-01-19 01:40:17", "elapsed": 5371.671685, "delta": 0.004357}}
{"target": -17.67689758294403, "params": {"gamma": 50.332007831775606, "log10_alpha": -0.3607362594230539, "log10_colsample_bytree": -0.8396400697226798, "log10_eta": -2.8483590693943843, "log10_lambda": -3.4958122131088976, "log10_min_child_weight": 4.165565342761475, "log10_subsample": -0.8740220467253098, "max_depth": 4.0, "num_boost_round": 38.0}, "datetime": {"datetime": "2024-01-19 01:40:17", "elapsed": 5371.676018, "delta": 0.004333}}
{"target": -17.676888955811343, "params": {"gamma": 50.332007831775606, "log10_alpha": -0.3607362594230539, "log10_colsample_bytree": -0.8396400697226798, "log10_eta": -2.8483590693943843, "log10_lambda": -3.4958122131088976, "log10_min_child_weight": 4.165565342761475, "log10_subsample": -0.8740220467253098, "max_depth": 4.0, "num_boost_round": 39.0}, "datetime": {"datetime": "2024-01-19 01:40:17", "elapsed": 5371.680405, "delta": 0.004387}}
{"target": -17.67689034714024, "params": {"gamma": 50.332007831775606, "log10_alpha": -0.3607362594230539, "log10_colsample_bytree": -0.8396400697226798, "log10_eta": -2.8483590693943843, "log10_lambda": -3.4958122131088976, "log10_min_child_weight": 4.165565342761475, "log10_subsample": -0.8740220467253098, "max_depth": 4.0, "num_boost_round": 40.0}, "datetime": {"datetime": "2024-01-19 01:40:17", "elapsed": 5371.684691, "delta": 0.004286}}
{"target": -17.67687692948415, "params": {"gamma": 50.332007831775606, "log10_alpha": -0.3607362594230539, "log10_colsample_bytree": -0.8396400697226798, "log10_eta": -2.8483590693943843, "log10_lambda": -3.4958122131088976, "log10_min_child_weight": 4.165565342761475, "log10_subsample": -0.8740220467253098, "max_depth": 4.0, "num_boost_round": 41.0}, "datetime": {"datetime": "2024-01-19 01:40:18", "elapsed": 5371.689213, "delta": 0.004522}}
{"target": -17.676868546257637, "params": {"gamma": 50.332007831775606, "log10_alpha": -0.3607362594230539, "log10_colsample_bytree": -0.8396400697226798, "log10_eta": -2.8483590693943843, "log10_lambda": -3.4958122131088976, "log10_min_child_weight": 4.165565342761475, "log10_subsample": -0.8740220467253098, "max_depth": 4.0, "num_boost_round": 42.0}, "datetime": {"datetime": "2024-01-19 01:40:18", "elapsed": 5371.696914, "delta": 0.007701}}
{"target": -17.676843443144048, "params": {"gamma": 50.332007831775606, "log10_alpha": -0.3607362594230539, "log10_colsample_bytree": -0.8396400697226798, "log10_eta": -2.8483590693943843, "log10_lambda": -3.4958122131088976, "log10_min_child_weight": 4.165565342761475, "log10_subsample": -0.8740220467253098, "max_depth": 4.0, "num_boost_round": 43.0}, "datetime": {"datetime": "2024-01-19 01:40:18", "elapsed": 5371.701186, "delta": 0.004272}}
{"target": -17.676826244975395, "params": {"gamma": 50.332007831775606, "log10_alpha": -0.3607362594230539, "log10_colsample_bytree": -0.8396400697226798, "log10_eta": -2.8483590693943843, "log10_lambda": -3.4958122131088976, "log10_min_child_weight": 4.165565342761475, "log10_subsample": -0.8740220467253098, "max_depth": 4.0, "num_boost_round": 44.0}, "datetime": {"datetime": "2024-01-19 01:40:18", "elapsed": 5371.705587, "delta": 0.004401}}
{"target": -17.67680884789152, "params": {"gamma": 50.332007831775606, "log10_alpha": -0.3607362594230539, "log10_colsample_bytree": -0.8396400697226798, "log10_eta": -2.8483590693943843, "log10_lambda": -3.4958122131088976, "log10_min_child_weight": 4.165565342761475, "log10_subsample": -0.8740220467253098, "max_depth": 4.0, "num_boost_round": 45.0}, "datetime": {"datetime": "2024-01-19 01:40:18", "elapsed": 5371.710115, "delta": 0.004528}}
{"target": -17.677224349949647, "params": {"gamma": 43.45287558085753, "log10_alpha": -4.441104027795729, "log10_colsample_bytree": -0.2866020260831619, "log10_eta": -3.9045246318520785, "log10_lambda": -1.1170044789914115, "log10_min_child_weight": 4.029901945096568, "log10_subsample": -0.12581192242932426, "max_depth": 7.0, "num_boost_round": 0.0}, "datetime": {"datetime": "2024-01-19 01:41:48", "elapsed": 5462.136955, "delta": 90.42684}}
{"target": -17.677218262684026, "params": {"gamma": 43.45287558085753, "log10_alpha": -4.441104027795729, "log10_colsample_bytree": -0.2866020260831619, "log10_eta": -3.9045246318520785, "log10_lambda": -1.1170044789914115, "log10_min_child_weight": 4.029901945096568, "log10_subsample": -0.12581192242932426, "max_depth": 7.0, "num_boost_round": 1.0}, "datetime": {"datetime": "2024-01-19 01:41:48", "elapsed": 5462.14159, "delta": 0.004635}}
{"target": -17.67721244975429, "params": {"gamma": 43.45287558085753, "log10_alpha": -4.441104027795729, "log10_colsample_bytree": -0.2866020260831619, "log10_eta": -3.9045246318520785, "log10_lambda": -1.1170044789914115, "log10_min_child_weight": 4.029901945096568, "log10_subsample": -0.12581192242932426, "max_depth": 7.0, "num_boost_round": 2.0}, "datetime": {"datetime": "2024-01-19 01:41:48", "elapsed": 5462.145999, "delta": 0.004409}}
{"target": -17.677212571777158, "params": {"gamma": 43.45287558085753, "log10_alpha": -4.441104027795729, "log10_colsample_bytree": -0.2866020260831619, "log10_eta": -3.9045246318520785, "log10_lambda": -1.1170044789914115, "log10_min_child_weight": 4.029901945096568, "log10_subsample": -0.12581192242932426, "max_depth": 7.0, "num_boost_round": 3.0}, "datetime": {"datetime": "2024-01-19 01:41:48", "elapsed": 5462.150301, "delta": 0.004302}}
{"target": -17.677207045685, "params": {"gamma": 43.45287558085753, "log10_alpha": -4.441104027795729, "log10_colsample_bytree": -0.2866020260831619, "log10_eta": -3.9045246318520785, "log10_lambda": -1.1170044789914115, "log10_min_child_weight": 4.029901945096568, "log10_subsample": -0.12581192242932426, "max_depth": 7.0, "num_boost_round": 4.0}, "datetime": {"datetime": "2024-01-19 01:41:48", "elapsed": 5462.262259, "delta": 0.111958}}
{"target": -17.677204411044993, "params": {"gamma": 43.45287558085753, "log10_alpha": -4.441104027795729, "log10_colsample_bytree": -0.2866020260831619, "log10_eta": -3.9045246318520785, "log10_lambda": -1.1170044789914115, "log10_min_child_weight": 4.029901945096568, "log10_subsample": -0.12581192242932426, "max_depth": 7.0, "num_boost_round": 5.0}, "datetime": {"datetime": "2024-01-19 01:41:48", "elapsed": 5462.267331, "delta": 0.005072}}
{"target": -17.677201593490786, "params": {"gamma": 43.45287558085753, "log10_alpha": -4.441104027795729, "log10_colsample_bytree": -0.2866020260831619, "log10_eta": -3.9045246318520785, "log10_lambda": -1.1170044789914115, "log10_min_child_weight": 4.029901945096568, "log10_subsample": -0.12581192242932426, "max_depth": 7.0, "num_boost_round": 6.0}, "datetime": {"datetime": "2024-01-19 01:41:48", "elapsed": 5462.272073, "delta": 0.004742}}
{"target": -17.67719423429605, "params": {"gamma": 43.45287558085753, "log10_alpha": -4.441104027795729, "log10_colsample_bytree": -0.2866020260831619, "log10_eta": -3.9045246318520785, "log10_lambda": -1.1170044789914115, "log10_min_child_weight": 4.029901945096568, "log10_subsample": -0.12581192242932426, "max_depth": 7.0, "num_boost_round": 7.0}, "datetime": {"datetime": "2024-01-19 01:41:48", "elapsed": 5462.276492, "delta": 0.004419}}
{"target": -17.677191315005462, "params": {"gamma": 43.45287558085753, "log10_alpha": -4.441104027795729, "log10_colsample_bytree": -0.2866020260831619, "log10_eta": -3.9045246318520785, "log10_lambda": -1.1170044789914115, "log10_min_child_weight": 4.029901945096568, "log10_subsample": -0.12581192242932426, "max_depth": 7.0, "num_boost_round": 8.0}, "datetime": {"datetime": "2024-01-19 01:41:48", "elapsed": 5462.280872, "delta": 0.00438}}
{"target": -17.677190203552065, "params": {"gamma": 43.45287558085753, "log10_alpha": -4.441104027795729, "log10_colsample_bytree": -0.2866020260831619, "log10_eta": -3.9045246318520785, "log10_lambda": -1.1170044789914115, "log10_min_child_weight": 4.029901945096568, "log10_subsample": -0.12581192242932426, "max_depth": 7.0, "num_boost_round": 9.0}, "datetime": {"datetime": "2024-01-19 01:41:48", "elapsed": 5462.285315, "delta": 0.004443}}
{"target": -17.677187802979585, "params": {"gamma": 43.45287558085753, "log10_alpha": -4.441104027795729, "log10_colsample_bytree": -0.2866020260831619, "log10_eta": -3.9045246318520785, "log10_lambda": -1.1170044789914115, "log10_min_child_weight": 4.029901945096568, "log10_subsample": -0.12581192242932426, "max_depth": 7.0, "num_boost_round": 10.0}, "datetime": {"datetime": "2024-01-19 01:41:48", "elapsed": 5462.289551, "delta": 0.004236}}
{"target": -17.67718223295879, "params": {"gamma": 43.45287558085753, "log10_alpha": -4.441104027795729, "log10_colsample_bytree": -0.2866020260831619, "log10_eta": -3.9045246318520785, "log10_lambda": -1.1170044789914115, "log10_min_child_weight": 4.029901945096568, "log10_subsample": -0.12581192242932426, "max_depth": 7.0, "num_boost_round": 11.0}, "datetime": {"datetime": "2024-01-19 01:41:48", "elapsed": 5462.294092, "delta": 0.004541}}
{"target": -17.677179375652535, "params": {"gamma": 43.45287558085753, "log10_alpha": -4.441104027795729, "log10_colsample_bytree": -0.2866020260831619, "log10_eta": -3.9045246318520785, "log10_lambda": -1.1170044789914115, "log10_min_child_weight": 4.029901945096568, "log10_subsample": -0.12581192242932426, "max_depth": 7.0, "num_boost_round": 12.0}, "datetime": {"datetime": "2024-01-19 01:41:48", "elapsed": 5462.298423, "delta": 0.004331}}
{"target": -17.677174606755493, "params": {"gamma": 43.45287558085753, "log10_alpha": -4.441104027795729, "log10_colsample_bytree": -0.2866020260831619, "log10_eta": -3.9045246318520785, "log10_lambda": -1.1170044789914115, "log10_min_child_weight": 4.029901945096568, "log10_subsample": -0.12581192242932426, "max_depth": 7.0, "num_boost_round": 13.0}, "datetime": {"datetime": "2024-01-19 01:41:48", "elapsed": 5462.302766, "delta": 0.004343}}
{"target": -17.677171145775144, "params": {"gamma": 43.45287558085753, "log10_alpha": -4.441104027795729, "log10_colsample_bytree": -0.2866020260831619, "log10_eta": -3.9045246318520785, "log10_lambda": -1.1170044789914115, "log10_min_child_weight": 4.029901945096568, "log10_subsample": -0.12581192242932426, "max_depth": 7.0, "num_boost_round": 14.0}, "datetime": {"datetime": "2024-01-19 01:41:48", "elapsed": 5462.307172, "delta": 0.004406}}
{"target": -17.677168117043855, "params": {"gamma": 43.45287558085753, "log10_alpha": -4.441104027795729, "log10_colsample_bytree": -0.2866020260831619, "log10_eta": -3.9045246318520785, "log10_lambda": -1.1170044789914115, "log10_min_child_weight": 4.029901945096568, "log10_subsample": -0.12581192242932426, "max_depth": 7.0, "num_boost_round": 15.0}, "datetime": {"datetime": "2024-01-19 01:41:48", "elapsed": 5462.311922, "delta": 0.00475}}
{"target": -17.67716321111591, "params": {"gamma": 43.45287558085753, "log10_alpha": -4.441104027795729, "log10_colsample_bytree": -0.2866020260831619, "log10_eta": -3.9045246318520785, "log10_lambda": -1.1170044789914115, "log10_min_child_weight": 4.029901945096568, "log10_subsample": -0.12581192242932426, "max_depth": 7.0, "num_boost_round": 16.0}, "datetime": {"datetime": "2024-01-19 01:41:48", "elapsed": 5462.316681, "delta": 0.004759}}
{"target": -17.677163775179793, "params": {"gamma": 43.45287558085753, "log10_alpha": -4.441104027795729, "log10_colsample_bytree": -0.2866020260831619, "log10_eta": -3.9045246318520785, "log10_lambda": -1.1170044789914115, "log10_min_child_weight": 4.029901945096568, "log10_subsample": -0.12581192242932426, "max_depth": 7.0, "num_boost_round": 17.0}, "datetime": {"datetime": "2024-01-19 01:41:48", "elapsed": 5462.321215, "delta": 0.004534}}
{"target": -17.677160390812652, "params": {"gamma": 43.45287558085753, "log10_alpha": -4.441104027795729, "log10_colsample_bytree": -0.2866020260831619, "log10_eta": -3.9045246318520785, "log10_lambda": -1.1170044789914115, "log10_min_child_weight": 4.029901945096568, "log10_subsample": -0.12581192242932426, "max_depth": 7.0, "num_boost_round": 18.0}, "datetime": {"datetime": "2024-01-19 01:41:48", "elapsed": 5462.325565, "delta": 0.00435}}
{"target": -17.67715261369234, "params": {"gamma": 43.45287558085753, "log10_alpha": -4.441104027795729, "log10_colsample_bytree": -0.2866020260831619, "log10_eta": -3.9045246318520785, "log10_lambda": -1.1170044789914115, "log10_min_child_weight": 4.029901945096568, "log10_subsample": -0.12581192242932426, "max_depth": 7.0, "num_boost_round": 19.0}, "datetime": {"datetime": "2024-01-19 01:41:48", "elapsed": 5462.330018, "delta": 0.004453}}
{"target": -17.677149226514743, "params": {"gamma": 43.45287558085753, "log10_alpha": -4.441104027795729, "log10_colsample_bytree": -0.2866020260831619, "log10_eta": -3.9045246318520785, "log10_lambda": -1.1170044789914115, "log10_min_child_weight": 4.029901945096568, "log10_subsample": -0.12581192242932426, "max_depth": 7.0, "num_boost_round": 20.0}, "datetime": {"datetime": "2024-01-19 01:41:48", "elapsed": 5462.334457, "delta": 0.004439}}
{"target": -17.677145984656004, "params": {"gamma": 43.45287558085753, "log10_alpha": -4.441104027795729, "log10_colsample_bytree": -0.2866020260831619, "log10_eta": -3.9045246318520785, "log10_lambda": -1.1170044789914115, "log10_min_child_weight": 4.029901945096568, "log10_subsample": -0.12581192242932426, "max_depth": 7.0, "num_boost_round": 21.0}, "datetime": {"datetime": "2024-01-19 01:41:48", "elapsed": 5462.33873, "delta": 0.004273}}
{"target": -17.677138466138974, "params": {"gamma": 43.45287558085753, "log10_alpha": -4.441104027795729, "log10_colsample_bytree": -0.2866020260831619, "log10_eta": -3.9045246318520785, "log10_lambda": -1.1170044789914115, "log10_min_child_weight": 4.029901945096568, "log10_subsample": -0.12581192242932426, "max_depth": 7.0, "num_boost_round": 22.0}, "datetime": {"datetime": "2024-01-19 01:41:48", "elapsed": 5462.343206, "delta": 0.004476}}
{"target": -17.67713776547869, "params": {"gamma": 43.45287558085753, "log10_alpha": -4.441104027795729, "log10_colsample_bytree": -0.2866020260831619, "log10_eta": -3.9045246318520785, "log10_lambda": -1.1170044789914115, "log10_min_child_weight": 4.029901945096568, "log10_subsample": -0.12581192242932426, "max_depth": 7.0, "num_boost_round": 23.0}, "datetime": {"datetime": "2024-01-19 01:41:48", "elapsed": 5462.347381, "delta": 0.004175}}
{"target": -17.67714015148873, "params": {"gamma": 43.45287558085753, "log10_alpha": -4.441104027795729, "log10_colsample_bytree": -0.2866020260831619, "log10_eta": -3.9045246318520785, "log10_lambda": -1.1170044789914115, "log10_min_child_weight": 4.029901945096568, "log10_subsample": -0.12581192242932426, "max_depth": 7.0, "num_boost_round": 24.0}, "datetime": {"datetime": "2024-01-19 01:41:48", "elapsed": 5462.351921, "delta": 0.00454}}
{"target": -17.677139393797024, "params": {"gamma": 43.45287558085753, "log10_alpha": -4.441104027795729, "log10_colsample_bytree": -0.2866020260831619, "log10_eta": -3.9045246318520785, "log10_lambda": -1.1170044789914115, "log10_min_child_weight": 4.029901945096568, "log10_subsample": -0.12581192242932426, "max_depth": 7.0, "num_boost_round": 25.0}, "datetime": {"datetime": "2024-01-19 01:41:48", "elapsed": 5462.356198, "delta": 0.004277}}
{"target": -17.677140779368596, "params": {"gamma": 43.45287558085753, "log10_alpha": -4.441104027795729, "log10_colsample_bytree": -0.2866020260831619, "log10_eta": -3.9045246318520785, "log10_lambda": -1.1170044789914115, "log10_min_child_weight": 4.029901945096568, "log10_subsample": -0.12581192242932426, "max_depth": 7.0, "num_boost_round": 26.0}, "datetime": {"datetime": "2024-01-19 01:41:48", "elapsed": 5462.360629, "delta": 0.004431}}
{"target": -17.67713859107382, "params": {"gamma": 43.45287558085753, "log10_alpha": -4.441104027795729, "log10_colsample_bytree": -0.2866020260831619, "log10_eta": -3.9045246318520785, "log10_lambda": -1.1170044789914115, "log10_min_child_weight": 4.029901945096568, "log10_subsample": -0.12581192242932426, "max_depth": 7.0, "num_boost_round": 27.0}, "datetime": {"datetime": "2024-01-19 01:41:48", "elapsed": 5462.365057, "delta": 0.004428}}
{"target": -17.67713328878542, "params": {"gamma": 43.45287558085753, "log10_alpha": -4.441104027795729, "log10_colsample_bytree": -0.2866020260831619, "log10_eta": -3.9045246318520785, "log10_lambda": -1.1170044789914115, "log10_min_child_weight": 4.029901945096568, "log10_subsample": -0.12581192242932426, "max_depth": 7.0, "num_boost_round": 28.0}, "datetime": {"datetime": "2024-01-19 01:41:48", "elapsed": 5462.369601, "delta": 0.004544}}
{"target": -17.677127775693197, "params": {"gamma": 43.45287558085753, "log10_alpha": -4.441104027795729, "log10_colsample_bytree": -0.2866020260831619, "log10_eta": -3.9045246318520785, "log10_lambda": -1.1170044789914115, "log10_min_child_weight": 4.029901945096568, "log10_subsample": -0.12581192242932426, "max_depth": 7.0, "num_boost_round": 29.0}, "datetime": {"datetime": "2024-01-19 01:41:48", "elapsed": 5462.373914, "delta": 0.004313}}
{"target": -17.67712316507076, "params": {"gamma": 43.45287558085753, "log10_alpha": -4.441104027795729, "log10_colsample_bytree": -0.2866020260831619, "log10_eta": -3.9045246318520785, "log10_lambda": -1.1170044789914115, "log10_min_child_weight": 4.029901945096568, "log10_subsample": -0.12581192242932426, "max_depth": 7.0, "num_boost_round": 30.0}, "datetime": {"datetime": "2024-01-19 01:41:48", "elapsed": 5462.378148, "delta": 0.004234}}
{"target": -17.677117619621864, "params": {"gamma": 43.45287558085753, "log10_alpha": -4.441104027795729, "log10_colsample_bytree": -0.2866020260831619, "log10_eta": -3.9045246318520785, "log10_lambda": -1.1170044789914115, "log10_min_child_weight": 4.029901945096568, "log10_subsample": -0.12581192242932426, "max_depth": 7.0, "num_boost_round": 31.0}, "datetime": {"datetime": "2024-01-19 01:41:48", "elapsed": 5462.382619, "delta": 0.004471}}
{"target": -17.677115562441216, "params": {"gamma": 43.45287558085753, "log10_alpha": -4.441104027795729, "log10_colsample_bytree": -0.2866020260831619, "log10_eta": -3.9045246318520785, "log10_lambda": -1.1170044789914115, "log10_min_child_weight": 4.029901945096568, "log10_subsample": -0.12581192242932426, "max_depth": 7.0, "num_boost_round": 32.0}, "datetime": {"datetime": "2024-01-19 01:41:48", "elapsed": 5462.387035, "delta": 0.004416}}
{"target": -17.677112783008777, "params": {"gamma": 43.45287558085753, "log10_alpha": -4.441104027795729, "log10_colsample_bytree": -0.2866020260831619, "log10_eta": -3.9045246318520785, "log10_lambda": -1.1170044789914115, "log10_min_child_weight": 4.029901945096568, "log10_subsample": -0.12581192242932426, "max_depth": 7.0, "num_boost_round": 33.0}, "datetime": {"datetime": "2024-01-19 01:41:48", "elapsed": 5462.391514, "delta": 0.004479}}
{"target": -17.677104843285896, "params": {"gamma": 43.45287558085753, "log10_alpha": -4.441104027795729, "log10_colsample_bytree": -0.2866020260831619, "log10_eta": -3.9045246318520785, "log10_lambda": -1.1170044789914115, "log10_min_child_weight": 4.029901945096568, "log10_subsample": -0.12581192242932426, "max_depth": 7.0, "num_boost_round": 34.0}, "datetime": {"datetime": "2024-01-19 01:41:48", "elapsed": 5462.395979, "delta": 0.004465}}
{"target": -17.677102537629793, "params": {"gamma": 43.45287558085753, "log10_alpha": -4.441104027795729, "log10_colsample_bytree": -0.2866020260831619, "log10_eta": -3.9045246318520785, "log10_lambda": -1.1170044789914115, "log10_min_child_weight": 4.029901945096568, "log10_subsample": -0.12581192242932426, "max_depth": 7.0, "num_boost_round": 35.0}, "datetime": {"datetime": "2024-01-19 01:41:48", "elapsed": 5462.400381, "delta": 0.004402}}
