{"target": -17.67718849570471, "params": {"gamma": 988.3751015658679, "log10_alpha": -2.295313462049136, "log10_colsample_bytree": -0.5272869499633898, "log10_eta": -3.5619373514877686, "log10_lambda": 0.5814243401663859, "log10_min_child_weight": 2.105025118255448, "log10_subsample": -0.7618957589196039, "max_depth": 7.0, "num_boost_round": 3.0}, "datetime": {"datetime": "2024-01-19 01:48:02", "elapsed": 5776.522965, "delta": 0.005624}}
{"target": -17.677173582099574, "params": {"gamma": 988.3751015658679, "log10_alpha": -2.295313462049136, "log10_colsample_bytree": -0.5272869499633898, "log10_eta": -3.5619373514877686, "log10_lambda": 0.5814243401663859, "log10_min_child_weight": 2.105025118255448, "log10_subsample": -0.7618957589196039, "max_depth": 7.0, "num_boost_round": 4.0}, "datetime": {"datetime": "2024-01-19 01:48:02", "elapsed": 5776.528474, "delta": 0.005509}}
{"target": -17.6771665167616, "params": {"gamma": 988.3751015658679, "log10_alpha": -2.295313462049136, "log10_colsample_bytree": -0.5272869499633898, "log10_eta": -3.5619373514877686, "log10_lambda": 0.5814243401663859, "log10_min_child_weight": 2.105025118255448, "log10_subsample": -0.7618957589196039, "max_depth": 7.0, "num_boost_round": 5.0}, "datetime": {"datetime": "2024-01-19 01:48:02", "elapsed": 5776.53401, "delta": 0.005536}}
{"target": -17.677172290121376, "params": {"gamma": 988.3751015658679, "log10_alpha": -2.295313462049136, "log10_colsample_bytree": -0.5272869499633898, "log10_eta": -3.5619373514877686, "log10_lambda": 0.5814243401663859, "log10_min_child_weight": 2.105025118255448, "log10_subsample": -0.7618957589196039, "max_depth": 7.0, "num_boost_round": 6.0}, "datetime": {"datetime": "2024-01-19 01:48:02", "elapsed": 5776.539372, "delta": 0.005362}}
{"target": -17.677160856645457, "params": {"gamma": 988.3751015658679, "log10_alpha": -2.295313462049136, "log10_colsample_bytree": -0.5272869499633898, "log10_eta": -3.5619373514877686, "log10_lambda": 0.5814243401663859, "log10_min_child_weight": 2.105025118255448, "log10_subsample": -0.7618957589196039, "max_depth": 7.0, "num_boost_round": 7.0}, "datetime": {"datetime": "2024-01-19 01:48:02", "elapsed": 5776.544816, "delta": 0.005444}}
{"target": -17.677155698425675, "params": {"gamma": 988.3751015658679, "log10_alpha": -2.295313462049136, "log10_colsample_bytree": -0.5272869499633898, "log10_eta": -3.5619373514877686, "log10_lambda": 0.5814243401663859, "log10_min_child_weight": 2.105025118255448, "log10_subsample": -0.7618957589196039, "max_depth": 7.0, "num_boost_round": 8.0}, "datetime": {"datetime": "2024-01-19 01:48:02", "elapsed": 5776.550255, "delta": 0.005439}}
{"target": -17.677152009696073, "params": {"gamma": 988.3751015658679, "log10_alpha": -2.295313462049136, "log10_colsample_bytree": -0.5272869499633898, "log10_eta": -3.5619373514877686, "log10_lambda": 0.5814243401663859, "log10_min_child_weight": 2.105025118255448, "log10_subsample": -0.7618957589196039, "max_depth": 7.0, "num_boost_round": 9.0}, "datetime": {"datetime": "2024-01-19 01:48:02", "elapsed": 5776.555707, "delta": 0.005452}}
{"target": -17.67713890032349, "params": {"gamma": 988.3751015658679, "log10_alpha": -2.295313462049136, "log10_colsample_bytree": -0.5272869499633898, "log10_eta": -3.5619373514877686, "log10_lambda": 0.5814243401663859, "log10_min_child_weight": 2.105025118255448, "log10_subsample": -0.7618957589196039, "max_depth": 7.0, "num_boost_round": 10.0}, "datetime": {"datetime": "2024-01-19 01:48:02", "elapsed": 5776.561126, "delta": 0.005419}}
{"target": -17.677114786291735, "params": {"gamma": 988.3751015658679, "log10_alpha": -2.295313462049136, "log10_colsample_bytree": -0.5272869499633898, "log10_eta": -3.5619373514877686, "log10_lambda": 0.5814243401663859, "log10_min_child_weight": 2.105025118255448, "log10_subsample": -0.7618957589196039, "max_depth": 7.0, "num_boost_round": 11.0}, "datetime": {"datetime": "2024-01-19 01:48:02", "elapsed": 5776.676846, "delta": 0.11572}}
{"target": -17.67710633089025, "params": {"gamma": 988.3751015658679, "log10_alpha": -2.295313462049136, "log10_colsample_bytree": -0.5272869499633898, "log10_eta": -3.5619373514877686, "log10_lambda": 0.5814243401663859, "log10_min_child_weight": 2.105025118255448, "log10_subsample": -0.7618957589196039, "max_depth": 7.0, "num_boost_round": 12.0}, "datetime": {"datetime": "2024-01-19 01:48:02", "elapsed": 5776.684361, "delta": 0.007515}}
{"target": -17.677110458869095, "params": {"gamma": 988.3751015658679, "log10_alpha": -2.295313462049136, "log10_colsample_bytree": -0.5272869499633898, "log10_eta": -3.5619373514877686, "log10_lambda": 0.5814243401663859, "log10_min_child_weight": 2.105025118255448, "log10_subsample": -0.7618957589196039, "max_depth": 7.0, "num_boost_round": 13.0}, "datetime": {"datetime": "2024-01-19 01:48:02", "elapsed": 5776.690495, "delta": 0.006134}}
{"target": -17.677110094309903, "params": {"gamma": 988.3751015658679, "log10_alpha": -2.295313462049136, "log10_colsample_bytree": -0.5272869499633898, "log10_eta": -3.5619373514877686, "log10_lambda": 0.5814243401663859, "log10_min_child_weight": 2.105025118255448, "log10_subsample": -0.7618957589196039, "max_depth": 7.0, "num_boost_round": 14.0}, "datetime": {"datetime": "2024-01-19 01:48:02", "elapsed": 5776.696634, "delta": 0.006139}}
{"target": -17.67709563657349, "params": {"gamma": 988.3751015658679, "log10_alpha": -2.295313462049136, "log10_colsample_bytree": -0.5272869499633898, "log10_eta": -3.5619373514877686, "log10_lambda": 0.5814243401663859, "log10_min_child_weight": 2.105025118255448, "log10_subsample": -0.7618957589196039, "max_depth": 7.0, "num_boost_round": 15.0}, "datetime": {"datetime": "2024-01-19 01:48:02", "elapsed": 5776.702405, "delta": 0.005771}}
{"target": -17.677090386900776, "params": {"gamma": 988.3751015658679, "log10_alpha": -2.295313462049136, "log10_colsample_bytree": -0.5272869499633898, "log10_eta": -3.5619373514877686, "log10_lambda": 0.5814243401663859, "log10_min_child_weight": 2.105025118255448, "log10_subsample": -0.7618957589196039, "max_depth": 7.0, "num_boost_round": 16.0}, "datetime": {"datetime": "2024-01-19 01:48:02", "elapsed": 5776.7082, "delta": 0.005795}}
{"target": -17.677077899462326, "params": {"gamma": 988.3751015658679, "log10_alpha": -2.295313462049136, "log10_colsample_bytree": -0.5272869499633898, "log10_eta": -3.5619373514877686, "log10_lambda": 0.5814243401663859, "log10_min_child_weight": 2.105025118255448, "log10_subsample": -0.7618957589196039, "max_depth": 7.0, "num_boost_round": 17.0}, "datetime": {"datetime": "2024-01-19 01:48:02", "elapsed": 5776.714124, "delta": 0.005924}}
{"target": -17.677088873494196, "params": {"gamma": 988.3751015658679, "log10_alpha": -2.295313462049136, "log10_colsample_bytree": -0.5272869499633898, "log10_eta": -3.5619373514877686, "log10_lambda": 0.5814243401663859, "log10_min_child_weight": 2.105025118255448, "log10_subsample": -0.7618957589196039, "max_depth": 7.0, "num_boost_round": 18.0}, "datetime": {"datetime": "2024-01-19 01:48:02", "elapsed": 5776.72013, "delta": 0.006006}}
{"target": -17.67708150968707, "params": {"gamma": 988.3751015658679, "log10_alpha": -2.295313462049136, "log10_colsample_bytree": -0.5272869499633898, "log10_eta": -3.5619373514877686, "log10_lambda": 0.5814243401663859, "log10_min_child_weight": 2.105025118255448, "log10_subsample": -0.7618957589196039, "max_depth": 7.0, "num_boost_round": 19.0}, "datetime": {"datetime": "2024-01-19 01:48:02", "elapsed": 5776.726246, "delta": 0.006116}}
{"target": -17.677065992627234, "params": {"gamma": 988.3751015658679, "log10_alpha": -2.295313462049136, "log10_colsample_bytree": -0.5272869499633898, "log10_eta": -3.5619373514877686, "log10_lambda": 0.5814243401663859, "log10_min_child_weight": 2.105025118255448, "log10_subsample": -0.7618957589196039, "max_depth": 7.0, "num_boost_round": 20.0}, "datetime": {"datetime": "2024-01-19 01:48:02", "elapsed": 5776.732439, "delta": 0.006193}}
{"target": -17.677046097271187, "params": {"gamma": 988.3751015658679, "log10_alpha": -2.295313462049136, "log10_colsample_bytree": -0.5272869499633898, "log10_eta": -3.5619373514877686, "log10_lambda": 0.5814243401663859, "log10_min_child_weight": 2.105025118255448, "log10_subsample": -0.7618957589196039, "max_depth": 7.0, "num_boost_round": 21.0}, "datetime": {"datetime": "2024-01-19 01:48:02", "elapsed": 5776.738563, "delta": 0.006124}}
{"target": -17.677013977435667, "params": {"gamma": 988.3751015658679, "log10_alpha": -2.295313462049136, "log10_colsample_bytree": -0.5272869499633898, "log10_eta": -3.5619373514877686, "log10_lambda": 0.5814243401663859, "log10_min_child_weight": 2.105025118255448, "log10_subsample": -0.7618957589196039, "max_depth": 7.0, "num_boost_round": 22.0}, "datetime": {"datetime": "2024-01-19 01:48:02", "elapsed": 5776.744926, "delta": 0.006363}}
{"target": -17.676995598623797, "params": {"gamma": 988.3751015658679, "log10_alpha": -2.295313462049136, "log10_colsample_bytree": -0.5272869499633898, "log10_eta": -3.5619373514877686, "log10_lambda": 0.5814243401663859, "log10_min_child_weight": 2.105025118255448, "log10_subsample": -0.7618957589196039, "max_depth": 7.0, "num_boost_round": 23.0}, "datetime": {"datetime": "2024-01-19 01:48:02", "elapsed": 5776.751264, "delta": 0.006338}}
{"target": -17.676973654245828, "params": {"gamma": 988.3751015658679, "log10_alpha": -2.295313462049136, "log10_colsample_bytree": -0.5272869499633898, "log10_eta": -3.5619373514877686, "log10_lambda": 0.5814243401663859, "log10_min_child_weight": 2.105025118255448, "log10_subsample": -0.7618957589196039, "max_depth": 7.0, "num_boost_round": 24.0}, "datetime": {"datetime": "2024-01-19 01:48:02", "elapsed": 5776.757826, "delta": 0.006562}}
{"target": -17.676962643340776, "params": {"gamma": 988.3751015658679, "log10_alpha": -2.295313462049136, "log10_colsample_bytree": -0.5272869499633898, "log10_eta": -3.5619373514877686, "log10_lambda": 0.5814243401663859, "log10_min_child_weight": 2.105025118255448, "log10_subsample": -0.7618957589196039, "max_depth": 7.0, "num_boost_round": 25.0}, "datetime": {"datetime": "2024-01-19 01:48:02", "elapsed": 5776.764021, "delta": 0.006195}}
{"target": -17.676950936041553, "params": {"gamma": 988.3751015658679, "log10_alpha": -2.295313462049136, "log10_colsample_bytree": -0.5272869499633898, "log10_eta": -3.5619373514877686, "log10_lambda": 0.5814243401663859, "log10_min_child_weight": 2.105025118255448, "log10_subsample": -0.7618957589196039, "max_depth": 7.0, "num_boost_round": 26.0}, "datetime": {"datetime": "2024-01-19 01:48:02", "elapsed": 5776.769964, "delta": 0.005943}}
{"target": -17.676943350970078, "params": {"gamma": 988.3751015658679, "log10_alpha": -2.295313462049136, "log10_colsample_bytree": -0.5272869499633898, "log10_eta": -3.5619373514877686, "log10_lambda": 0.5814243401663859, "log10_min_child_weight": 2.105025118255448, "log10_subsample": -0.7618957589196039, "max_depth": 7.0, "num_boost_round": 27.0}, "datetime": {"datetime": "2024-01-19 01:48:02", "elapsed": 5776.775703, "delta": 0.005739}}
{"target": -17.676943714359947, "params": {"gamma": 988.3751015658679, "log10_alpha": -2.295313462049136, "log10_colsample_bytree": -0.5272869499633898, "log10_eta": -3.5619373514877686, "log10_lambda": 0.5814243401663859, "log10_min_child_weight": 2.105025118255448, "log10_subsample": -0.7618957589196039, "max_depth": 7.0, "num_boost_round": 28.0}, "datetime": {"datetime": "2024-01-19 01:48:02", "elapsed": 5776.781605, "delta": 0.005902}}
{"target": -17.676929273361726, "params": {"gamma": 988.3751015658679, "log10_alpha": -2.295313462049136, "log10_colsample_bytree": -0.5272869499633898, "log10_eta": -3.5619373514877686, "log10_lambda": 0.5814243401663859, "log10_min_child_weight": 2.105025118255448, "log10_subsample": -0.7618957589196039, "max_depth": 7.0, "num_boost_round": 29.0}, "datetime": {"datetime": "2024-01-19 01:48:02", "elapsed": 5776.788557, "delta": 0.006952}}
{"target": -17.67692803935003, "params": {"gamma": 988.3751015658679, "log10_alpha": -2.295313462049136, "log10_colsample_bytree": -0.5272869499633898, "log10_eta": -3.5619373514877686, "log10_lambda": 0.5814243401663859, "log10_min_child_weight": 2.105025118255448, "log10_subsample": -0.7618957589196039, "max_depth": 7.0, "num_boost_round": 30.0}, "datetime": {"datetime": "2024-01-19 01:48:02", "elapsed": 5776.794701, "delta": 0.006144}}
{"target": -17.676915387883007, "params": {"gamma": 988.3751015658679, "log10_alpha": -2.295313462049136, "log10_colsample_bytree": -0.5272869499633898, "log10_eta": -3.5619373514877686, "log10_lambda": 0.5814243401663859, "log10_min_child_weight": 2.105025118255448, "log10_subsample": -0.7618957589196039, "max_depth": 7.0, "num_boost_round": 31.0}, "datetime": {"datetime": "2024-01-19 01:48:02", "elapsed": 5776.80086, "delta": 0.006159}}
{"target": -17.676912962759925, "params": {"gamma": 988.3751015658679, "log10_alpha": -2.295313462049136, "log10_colsample_bytree": -0.5272869499633898, "log10_eta": -3.5619373514877686, "log10_lambda": 0.5814243401663859, "log10_min_child_weight": 2.105025118255448, "log10_subsample": -0.7618957589196039, "max_depth": 7.0, "num_boost_round": 32.0}, "datetime": {"datetime": "2024-01-19 01:48:03", "elapsed": 5776.806807, "delta": 0.005947}}
{"target": -17.676914625953064, "params": {"gamma": 988.3751015658679, "log10_alpha": -2.295313462049136, "log10_colsample_bytree": -0.5272869499633898, "log10_eta": -3.5619373514877686, "log10_lambda": 0.5814243401663859, "log10_min_child_weight": 2.105025118255448, "log10_subsample": -0.7618957589196039, "max_depth": 7.0, "num_boost_round": 33.0}, "datetime": {"datetime": "2024-01-19 01:48:03", "elapsed": 5776.812484, "delta": 0.005677}}
{"target": -17.676902522818903, "params": {"gamma": 988.3751015658679, "log10_alpha": -2.295313462049136, "log10_colsample_bytree": -0.5272869499633898, "log10_eta": -3.5619373514877686, "log10_lambda": 0.5814243401663859, "log10_min_child_weight": 2.105025118255448, "log10_subsample": -0.7618957589196039, "max_depth": 7.0, "num_boost_round": 34.0}, "datetime": {"datetime": "2024-01-19 01:48:03", "elapsed": 5776.818196, "delta": 0.005712}}
{"target": -17.676894973153257, "params": {"gamma": 988.3751015658679, "log10_alpha": -2.295313462049136, "log10_colsample_bytree": -0.5272869499633898, "log10_eta": -3.5619373514877686, "log10_lambda": 0.5814243401663859, "log10_min_child_weight": 2.105025118255448, "log10_subsample": -0.7618957589196039, "max_depth": 7.0, "num_boost_round": 35.0}, "datetime": {"datetime": "2024-01-19 01:48:03", "elapsed": 5776.823949, "delta": 0.005753}}
{"target": -17.676894266438453, "params": {"gamma": 988.3751015658679, "log10_alpha": -2.295313462049136, "log10_colsample_bytree": -0.5272869499633898, "log10_eta": -3.5619373514877686, "log10_lambda": 0.5814243401663859, "log10_min_child_weight": 2.105025118255448, "log10_subsample": -0.7618957589196039, "max_depth": 7.0, "num_boost_round": 36.0}, "datetime": {"datetime": "2024-01-19 01:48:03", "elapsed": 5776.829779, "delta": 0.00583}}
{"target": -17.67689431894174, "params": {"gamma": 988.3751015658679, "log10_alpha": -2.295313462049136, "log10_colsample_bytree": -0.5272869499633898, "log10_eta": -3.5619373514877686, "log10_lambda": 0.5814243401663859, "log10_min_child_weight": 2.105025118255448, "log10_subsample": -0.7618957589196039, "max_depth": 7.0, "num_boost_round": 37.0}, "datetime": {"datetime": "2024-01-19 01:48:03", "elapsed": 5776.83523, "delta": 0.005451}}
{"target": -17.676879282987436, "params": {"gamma": 988.3751015658679, "log10_alpha": -2.295313462049136, "log10_colsample_bytree": -0.5272869499633898, "log10_eta": -3.5619373514877686, "log10_lambda": 0.5814243401663859, "log10_min_child_weight": 2.105025118255448, "log10_subsample": -0.7618957589196039, "max_depth": 7.0, "num_boost_round": 38.0}, "datetime": {"datetime": "2024-01-19 01:48:03", "elapsed": 5776.840718, "delta": 0.005488}}
{"target": -17.676856336713136, "params": {"gamma": 988.3751015658679, "log10_alpha": -2.295313462049136, "log10_colsample_bytree": -0.5272869499633898, "log10_eta": -3.5619373514877686, "log10_lambda": 0.5814243401663859, "log10_min_child_weight": 2.105025118255448, "log10_subsample": -0.7618957589196039, "max_depth": 7.0, "num_boost_round": 39.0}, "datetime": {"datetime": "2024-01-19 01:48:03", "elapsed": 5776.846188, "delta": 0.00547}}
{"target": -17.67685497728086, "params": {"gamma": 988.3751015658679, "log10_alpha": -2.295313462049136, "log10_colsample_bytree": -0.5272869499633898, "log10_eta": -3.5619373514877686, "log10_lambda": 0.5814243401663859, "log10_min_child_weight": 2.105025118255448, "log10_subsample": -0.7618957589196039, "max_depth": 7.0, "num_boost_round": 40.0}, "datetime": {"datetime": "2024-01-19 01:48:03", "elapsed": 5776.851688, "delta": 0.0055}}
{"target": -17.676824930336572, "params": {"gamma": 988.3751015658679, "log10_alpha": -2.295313462049136, "log10_colsample_bytree": -0.5272869499633898, "log10_eta": -3.5619373514877686, "log10_lambda": 0.5814243401663859, "log10_min_child_weight": 2.105025118255448, "log10_subsample": -0.7618957589196039, "max_depth": 7.0, "num_boost_round": 41.0}, "datetime": {"datetime": "2024-01-19 01:48:03", "elapsed": 5776.857162, "delta": 0.005474}}
{"target": -17.676791408181668, "params": {"gamma": 988.3751015658679, "log10_alpha": -2.295313462049136, "log10_colsample_bytree": -0.5272869499633898, "log10_eta": -3.5619373514877686, "log10_lambda": 0.5814243401663859, "log10_min_child_weight": 2.105025118255448, "log10_subsample": -0.7618957589196039, "max_depth": 7.0, "num_boost_round": 42.0}, "datetime": {"datetime": "2024-01-19 01:48:03", "elapsed": 5776.862674, "delta": 0.005512}}
{"target": -17.676784330889557, "params": {"gamma": 988.3751015658679, "log10_alpha": -2.295313462049136, "log10_colsample_bytree": -0.5272869499633898, "log10_eta": -3.5619373514877686, "log10_lambda": 0.5814243401663859, "log10_min_child_weight": 2.105025118255448, "log10_subsample": -0.7618957589196039, "max_depth": 7.0, "num_boost_round": 43.0}, "datetime": {"datetime": "2024-01-19 01:48:03", "elapsed": 5776.8682, "delta": 0.005526}}
{"target": -17.676775384523324, "params": {"gamma": 988.3751015658679, "log10_alpha": -2.295313462049136, "log10_colsample_bytree": -0.5272869499633898, "log10_eta": -3.5619373514877686, "log10_lambda": 0.5814243401663859, "log10_min_child_weight": 2.105025118255448, "log10_subsample": -0.7618957589196039, "max_depth": 7.0, "num_boost_round": 44.0}, "datetime": {"datetime": "2024-01-19 01:48:03", "elapsed": 5776.873769, "delta": 0.005569}}
{"target": -17.67677130776774, "params": {"gamma": 988.3751015658679, "log10_alpha": -2.295313462049136, "log10_colsample_bytree": -0.5272869499633898, "log10_eta": -3.5619373514877686, "log10_lambda": 0.5814243401663859, "log10_min_child_weight": 2.105025118255448, "log10_subsample": -0.7618957589196039, "max_depth": 7.0, "num_boost_round": 45.0}, "datetime": {"datetime": "2024-01-19 01:48:03", "elapsed": 5776.879365, "delta": 0.005596}}
{"target": -17.67676031313228, "params": {"gamma": 988.3751015658679, "log10_alpha": -2.295313462049136, "log10_colsample_bytree": -0.5272869499633898, "log10_eta": -3.5619373514877686, "log10_lambda": 0.5814243401663859, "log10_min_child_weight": 2.105025118255448, "log10_subsample": -0.7618957589196039, "max_depth": 7.0, "num_boost_round": 46.0}, "datetime": {"datetime": "2024-01-19 01:48:03", "elapsed": 5776.885068, "delta": 0.005703}}
{"target": -17.676751912848317, "params": {"gamma": 988.3751015658679, "log10_alpha": -2.295313462049136, "log10_colsample_bytree": -0.5272869499633898, "log10_eta": -3.5619373514877686, "log10_lambda": 0.5814243401663859, "log10_min_child_weight": 2.105025118255448, "log10_subsample": -0.7618957589196039, "max_depth": 7.0, "num_boost_round": 47.0}, "datetime": {"datetime": "2024-01-19 01:48:03", "elapsed": 5776.890799, "delta": 0.005731}}
{"target": -17.676746856793436, "params": {"gamma": 988.3751015658679, "log10_alpha": -2.295313462049136, "log10_colsample_bytree": -0.5272869499633898, "log10_eta": -3.5619373514877686, "log10_lambda": 0.5814243401663859, "log10_min_child_weight": 2.105025118255448, "log10_subsample": -0.7618957589196039, "max_depth": 7.0, "num_boost_round": 48.0}, "datetime": {"datetime": "2024-01-19 01:48:03", "elapsed": 5776.896661, "delta": 0.005862}}
{"target": -17.677229708439796, "params": {"gamma": 973.7420580302341, "log10_alpha": -3.4230034067979167, "log10_colsample_bytree": -0.8419720348713572, "log10_eta": -3.983365314868725, "log10_lambda": -2.9207327938844005, "log10_min_child_weight": 3.2023572315386426, "log10_subsample": -0.5643524931222141, "max_depth": 9.0, "num_boost_round": 0.0}, "datetime": {"datetime": "2024-01-19 01:49:22", "elapsed": 5856.079474, "delta": 79.182813}}
{"target": -17.677229542243612, "params": {"gamma": 973.7420580302341, "log10_alpha": -3.4230034067979167, "log10_colsample_bytree": -0.8419720348713572, "log10_eta": -3.983365314868725, "log10_lambda": -2.9207327938844005, "log10_min_child_weight": 3.2023572315386426, "log10_subsample": -0.5643524931222141, "max_depth": 9.0, "num_boost_round": 1.0}, "datetime": {"datetime": "2024-01-19 01:49:22", "elapsed": 5856.086071, "delta": 0.006597}}
{"target": -17.67722602383338, "params": {"gamma": 973.7420580302341, "log10_alpha": -3.4230034067979167, "log10_colsample_bytree": -0.8419720348713572, "log10_eta": -3.983365314868725, "log10_lambda": -2.9207327938844005, "log10_min_child_weight": 3.2023572315386426, "log10_subsample": -0.5643524931222141, "max_depth": 9.0, "num_boost_round": 2.0}, "datetime": {"datetime": "2024-01-19 01:49:22", "elapsed": 5856.091751, "delta": 0.00568}}
