{"target": -13.75834638303289, "params": {"gamma": 489.0531867398703, "log10_alpha": -3.239410354466247, "log10_colsample_bytree": -0.860780798430038, "log10_eta": -2.771801646137885, "log10_lambda": -4.77373770236175, "log10_min_child_weight": 2.702038171439511, "log10_subsample": -0.33105691317958086, "max_depth": 8.0, "num_boost_round": 4.0}, "datetime": {"datetime": "2024-01-19 00:54:57", "elapsed": 2600.994017, "delta": 0.003768}}
{"target": -13.758295656202812, "params": {"gamma": 489.0531867398703, "log10_alpha": -3.239410354466247, "log10_colsample_bytree": -0.860780798430038, "log10_eta": -2.771801646137885, "log10_lambda": -4.77373770236175, "log10_min_child_weight": 2.702038171439511, "log10_subsample": -0.33105691317958086, "max_depth": 8.0, "num_boost_round": 5.0}, "datetime": {"datetime": "2024-01-19 00:54:57", "elapsed": 2600.997648, "delta": 0.003631}}
{"target": -13.758332859206256, "params": {"gamma": 489.0531867398703, "log10_alpha": -3.239410354466247, "log10_colsample_bytree": -0.860780798430038, "log10_eta": -2.771801646137885, "log10_lambda": -4.77373770236175, "log10_min_child_weight": 2.702038171439511, "log10_subsample": -0.33105691317958086, "max_depth": 8.0, "num_boost_round": 6.0}, "datetime": {"datetime": "2024-01-19 00:54:57", "elapsed": 2601.001284, "delta": 0.003636}}
{"target": -13.758228455631983, "params": {"gamma": 489.0531867398703, "log10_alpha": -3.239410354466247, "log10_colsample_bytree": -0.860780798430038, "log10_eta": -2.771801646137885, "log10_lambda": -4.77373770236175, "log10_min_child_weight": 2.702038171439511, "log10_subsample": -0.33105691317958086, "max_depth": 8.0, "num_boost_round": 7.0}, "datetime": {"datetime": "2024-01-19 00:54:57", "elapsed": 2601.004954, "delta": 0.00367}}
{"target": -13.758192968009629, "params": {"gamma": 489.0531867398703, "log10_alpha": -3.239410354466247, "log10_colsample_bytree": -0.860780798430038, "log10_eta": -2.771801646137885, "log10_lambda": -4.77373770236175, "log10_min_child_weight": 2.702038171439511, "log10_subsample": -0.33105691317958086, "max_depth": 8.0, "num_boost_round": 8.0}, "datetime": {"datetime": "2024-01-19 00:54:57", "elapsed": 2601.00865, "delta": 0.003696}}
{"target": -13.758222992374726, "params": {"gamma": 489.0531867398703, "log10_alpha": -3.239410354466247, "log10_colsample_bytree": -0.860780798430038, "log10_eta": -2.771801646137885, "log10_lambda": -4.77373770236175, "log10_min_child_weight": 2.702038171439511, "log10_subsample": -0.33105691317958086, "max_depth": 8.0, "num_boost_round": 9.0}, "datetime": {"datetime": "2024-01-19 00:54:57", "elapsed": 2601.012367, "delta": 0.003717}}
{"target": -13.75814945887256, "params": {"gamma": 489.0531867398703, "log10_alpha": -3.239410354466247, "log10_colsample_bytree": -0.860780798430038, "log10_eta": -2.771801646137885, "log10_lambda": -4.77373770236175, "log10_min_child_weight": 2.702038171439511, "log10_subsample": -0.33105691317958086, "max_depth": 8.0, "num_boost_round": 10.0}, "datetime": {"datetime": "2024-01-19 00:54:57", "elapsed": 2601.016008, "delta": 0.003641}}
{"target": -13.758151372476188, "params": {"gamma": 489.0531867398703, "log10_alpha": -3.239410354466247, "log10_colsample_bytree": -0.860780798430038, "log10_eta": -2.771801646137885, "log10_lambda": -4.77373770236175, "log10_min_child_weight": 2.702038171439511, "log10_subsample": -0.33105691317958086, "max_depth": 8.0, "num_boost_round": 11.0}, "datetime": {"datetime": "2024-01-19 00:54:57", "elapsed": 2601.019668, "delta": 0.00366}}
{"target": -13.758157590961922, "params": {"gamma": 489.0531867398703, "log10_alpha": -3.239410354466247, "log10_colsample_bytree": -0.860780798430038, "log10_eta": -2.771801646137885, "log10_lambda": -4.77373770236175, "log10_min_child_weight": 2.702038171439511, "log10_subsample": -0.33105691317958086, "max_depth": 8.0, "num_boost_round": 12.0}, "datetime": {"datetime": "2024-01-19 00:54:57", "elapsed": 2601.023339, "delta": 0.003671}}
{"target": -13.75809221035152, "params": {"gamma": 489.0531867398703, "log10_alpha": -3.239410354466247, "log10_colsample_bytree": -0.860780798430038, "log10_eta": -2.771801646137885, "log10_lambda": -4.77373770236175, "log10_min_child_weight": 2.702038171439511, "log10_subsample": -0.33105691317958086, "max_depth": 8.0, "num_boost_round": 13.0}, "datetime": {"datetime": "2024-01-19 00:54:57", "elapsed": 2601.02701, "delta": 0.003671}}
{"target": -13.758083643662301, "params": {"gamma": 489.0531867398703, "log10_alpha": -3.239410354466247, "log10_colsample_bytree": -0.860780798430038, "log10_eta": -2.771801646137885, "log10_lambda": -4.77373770236175, "log10_min_child_weight": 2.702038171439511, "log10_subsample": -0.33105691317958086, "max_depth": 8.0, "num_boost_round": 14.0}, "datetime": {"datetime": "2024-01-19 00:54:57", "elapsed": 2601.030636, "delta": 0.003626}}
{"target": -13.757986849456074, "params": {"gamma": 489.0531867398703, "log10_alpha": -3.239410354466247, "log10_colsample_bytree": -0.860780798430038, "log10_eta": -2.771801646137885, "log10_lambda": -4.77373770236175, "log10_min_child_weight": 2.702038171439511, "log10_subsample": -0.33105691317958086, "max_depth": 8.0, "num_boost_round": 15.0}, "datetime": {"datetime": "2024-01-19 00:54:57", "elapsed": 2601.034294, "delta": 0.003658}}
{"target": -13.757965224277491, "params": {"gamma": 489.0531867398703, "log10_alpha": -3.239410354466247, "log10_colsample_bytree": -0.860780798430038, "log10_eta": -2.771801646137885, "log10_lambda": -4.77373770236175, "log10_min_child_weight": 2.702038171439511, "log10_subsample": -0.33105691317958086, "max_depth": 8.0, "num_boost_round": 16.0}, "datetime": {"datetime": "2024-01-19 00:54:57", "elapsed": 2601.037951, "delta": 0.003657}}
{"target": -13.757911856256259, "params": {"gamma": 489.0531867398703, "log10_alpha": -3.239410354466247, "log10_colsample_bytree": -0.860780798430038, "log10_eta": -2.771801646137885, "log10_lambda": -4.77373770236175, "log10_min_child_weight": 2.702038171439511, "log10_subsample": -0.33105691317958086, "max_depth": 8.0, "num_boost_round": 17.0}, "datetime": {"datetime": "2024-01-19 00:54:57", "elapsed": 2601.041564, "delta": 0.003613}}
{"target": -13.7578687455278, "params": {"gamma": 489.0531867398703, "log10_alpha": -3.239410354466247, "log10_colsample_bytree": -0.860780798430038, "log10_eta": -2.771801646137885, "log10_lambda": -4.77373770236175, "log10_min_child_weight": 2.702038171439511, "log10_subsample": -0.33105691317958086, "max_depth": 8.0, "num_boost_round": 18.0}, "datetime": {"datetime": "2024-01-19 00:54:57", "elapsed": 2601.04523, "delta": 0.003666}}
{"target": -13.757870702318273, "params": {"gamma": 489.0531867398703, "log10_alpha": -3.239410354466247, "log10_colsample_bytree": -0.860780798430038, "log10_eta": -2.771801646137885, "log10_lambda": -4.77373770236175, "log10_min_child_weight": 2.702038171439511, "log10_subsample": -0.33105691317958086, "max_depth": 8.0, "num_boost_round": 19.0}, "datetime": {"datetime": "2024-01-19 00:54:57", "elapsed": 2601.048861, "delta": 0.003631}}
{"target": -13.757803642986959, "params": {"gamma": 489.0531867398703, "log10_alpha": -3.239410354466247, "log10_colsample_bytree": -0.860780798430038, "log10_eta": -2.771801646137885, "log10_lambda": -4.77373770236175, "log10_min_child_weight": 2.702038171439511, "log10_subsample": -0.33105691317958086, "max_depth": 8.0, "num_boost_round": 20.0}, "datetime": {"datetime": "2024-01-19 00:54:57", "elapsed": 2601.052526, "delta": 0.003665}}
{"target": -13.757792259704116, "params": {"gamma": 489.0531867398703, "log10_alpha": -3.239410354466247, "log10_colsample_bytree": -0.860780798430038, "log10_eta": -2.771801646137885, "log10_lambda": -4.77373770236175, "log10_min_child_weight": 2.702038171439511, "log10_subsample": -0.33105691317958086, "max_depth": 8.0, "num_boost_round": 21.0}, "datetime": {"datetime": "2024-01-19 00:54:57", "elapsed": 2601.05632, "delta": 0.003794}}
{"target": -13.758538374290337, "params": {"gamma": 518.5236570306214, "log10_alpha": -0.026380471195952104, "log10_colsample_bytree": -0.9392524642599163, "log10_eta": -3.308779970858373, "log10_lambda": -1.864510430248858, "log10_min_child_weight": 4.8337893794946405, "log10_subsample": -0.7143721649817354, "max_depth": 7.0, "num_boost_round": 0.0}, "datetime": {"datetime": "2024-01-19 00:55:41", "elapsed": 2645.654304, "delta": 44.597984}}
{"target": -13.758535513222347, "params": {"gamma": 518.5236570306214, "log10_alpha": -0.026380471195952104, "log10_colsample_bytree": -0.9392524642599163, "log10_eta": -3.308779970858373, "log10_lambda": -1.864510430248858, "log10_min_child_weight": 4.8337893794946405, "log10_subsample": -0.7143721649817354, "max_depth": 7.0, "num_boost_round": 1.0}, "datetime": {"datetime": "2024-01-19 00:55:41", "elapsed": 2645.65807, "delta": 0.003766}}
{"target": -13.75853643454171, "params": {"gamma": 518.5236570306214, "log10_alpha": -0.026380471195952104, "log10_colsample_bytree": -0.9392524642599163, "log10_eta": -3.308779970858373, "log10_lambda": -1.864510430248858, "log10_min_child_weight": 4.8337893794946405, "log10_subsample": -0.7143721649817354, "max_depth": 7.0, "num_boost_round": 2.0}, "datetime": {"datetime": "2024-01-19 00:55:41", "elapsed": 2645.661748, "delta": 0.003678}}
{"target": -13.758535946712659, "params": {"gamma": 518.5236570306214, "log10_alpha": -0.026380471195952104, "log10_colsample_bytree": -0.9392524642599163, "log10_eta": -3.308779970858373, "log10_lambda": -1.864510430248858, "log10_min_child_weight": 4.8337893794946405, "log10_subsample": -0.7143721649817354, "max_depth": 7.0, "num_boost_round": 3.0}, "datetime": {"datetime": "2024-01-19 00:55:41", "elapsed": 2645.666237, "delta": 0.004489}}
{"target": -13.758534172111728, "params": {"gamma": 518.5236570306214, "log10_alpha": -0.026380471195952104, "log10_colsample_bytree": -0.9392524642599163, "log10_eta": -3.308779970858373, "log10_lambda": -1.864510430248858, "log10_min_child_weight": 4.8337893794946405, "log10_subsample": -0.7143721649817354, "max_depth": 7.0, "num_boost_round": 4.0}, "datetime": {"datetime": "2024-01-19 00:55:41", "elapsed": 2645.669976, "delta": 0.003739}}
{"target": -13.75853350471161, "params": {"gamma": 518.5236570306214, "log10_alpha": -0.026380471195952104, "log10_colsample_bytree": -0.9392524642599163, "log10_eta": -3.308779970858373, "log10_lambda": -1.864510430248858, "log10_min_child_weight": 4.8337893794946405, "log10_subsample": -0.7143721649817354, "max_depth": 7.0, "num_boost_round": 5.0}, "datetime": {"datetime": "2024-01-19 00:55:41", "elapsed": 2645.673661, "delta": 0.003685}}
{"target": -13.758532617511129, "params": {"gamma": 518.5236570306214, "log10_alpha": -0.026380471195952104, "log10_colsample_bytree": -0.9392524642599163, "log10_eta": -3.308779970858373, "log10_lambda": -1.864510430248858, "log10_min_child_weight": 4.8337893794946405, "log10_subsample": -0.7143721649817354, "max_depth": 7.0, "num_boost_round": 6.0}, "datetime": {"datetime": "2024-01-19 00:55:41", "elapsed": 2645.677463, "delta": 0.003802}}
{"target": -13.758529782024315, "params": {"gamma": 518.5236570306214, "log10_alpha": -0.026380471195952104, "log10_colsample_bytree": -0.9392524642599163, "log10_eta": -3.308779970858373, "log10_lambda": -1.864510430248858, "log10_min_child_weight": 4.8337893794946405, "log10_subsample": -0.7143721649817354, "max_depth": 7.0, "num_boost_round": 7.0}, "datetime": {"datetime": "2024-01-19 00:55:41", "elapsed": 2645.681179, "delta": 0.003716}}
{"target": -13.75852905109136, "params": {"gamma": 518.5236570306214, "log10_alpha": -0.026380471195952104, "log10_colsample_bytree": -0.9392524642599163, "log10_eta": -3.308779970858373, "log10_lambda": -1.864510430248858, "log10_min_child_weight": 4.8337893794946405, "log10_subsample": -0.7143721649817354, "max_depth": 7.0, "num_boost_round": 8.0}, "datetime": {"datetime": "2024-01-19 00:55:41", "elapsed": 2645.684869, "delta": 0.00369}}
{"target": -13.75852775882936, "params": {"gamma": 518.5236570306214, "log10_alpha": -0.026380471195952104, "log10_colsample_bytree": -0.9392524642599163, "log10_eta": -3.308779970858373, "log10_lambda": -1.864510430248858, "log10_min_child_weight": 4.8337893794946405, "log10_subsample": -0.7143721649817354, "max_depth": 7.0, "num_boost_round": 9.0}, "datetime": {"datetime": "2024-01-19 00:55:41", "elapsed": 2645.688484, "delta": 0.003615}}
{"target": -13.758526531208359, "params": {"gamma": 518.5236570306214, "log10_alpha": -0.026380471195952104, "log10_colsample_bytree": -0.9392524642599163, "log10_eta": -3.308779970858373, "log10_lambda": -1.864510430248858, "log10_min_child_weight": 4.8337893794946405, "log10_subsample": -0.7143721649817354, "max_depth": 7.0, "num_boost_round": 10.0}, "datetime": {"datetime": "2024-01-19 00:55:41", "elapsed": 2645.692152, "delta": 0.003668}}
{"target": -13.75852453950838, "params": {"gamma": 518.5236570306214, "log10_alpha": -0.026380471195952104, "log10_colsample_bytree": -0.9392524642599163, "log10_eta": -3.308779970858373, "log10_lambda": -1.864510430248858, "log10_min_child_weight": 4.8337893794946405, "log10_subsample": -0.7143721649817354, "max_depth": 7.0, "num_boost_round": 11.0}, "datetime": {"datetime": "2024-01-19 00:55:41", "elapsed": 2645.695938, "delta": 0.003786}}
{"target": -13.758524945718003, "params": {"gamma": 518.5236570306214, "log10_alpha": -0.026380471195952104, "log10_colsample_bytree": -0.9392524642599163, "log10_eta": -3.308779970858373, "log10_lambda": -1.864510430248858, "log10_min_child_weight": 4.8337893794946405, "log10_subsample": -0.7143721649817354, "max_depth": 7.0, "num_boost_round": 12.0}, "datetime": {"datetime": "2024-01-19 00:55:41", "elapsed": 2645.699656, "delta": 0.003718}}
{"target": -13.756339875597524, "params": {"gamma": 512.9223225953747, "log10_alpha": 0.3069829887946014, "log10_colsample_bytree": -0.7596933403167893, "log10_eta": -0.5191654695777674, "log10_lambda": -2.8489706624764133, "log10_min_child_weight": 3.185255929414841, "log10_subsample": -0.46546694618765805, "max_depth": 3.0, "num_boost_round": 0.0}, "datetime": {"datetime": "2024-01-19 00:56:18", "elapsed": 2682.909801, "delta": 37.210145}}
{"target": -13.757584269960446, "params": {"gamma": 512.9223225953747, "log10_alpha": 0.3069829887946014, "log10_colsample_bytree": -0.7596933403167893, "log10_eta": -0.5191654695777674, "log10_lambda": -2.8489706624764133, "log10_min_child_weight": 3.185255929414841, "log10_subsample": -0.46546694618765805, "max_depth": 3.0, "num_boost_round": 1.0}, "datetime": {"datetime": "2024-01-19 00:56:18", "elapsed": 2682.914651, "delta": 0.00485}}
{"target": -13.76434068057635, "params": {"gamma": 512.9223225953747, "log10_alpha": 0.3069829887946014, "log10_colsample_bytree": -0.7596933403167893, "log10_eta": -0.5191654695777674, "log10_lambda": -2.8489706624764133, "log10_min_child_weight": 3.185255929414841, "log10_subsample": -0.46546694618765805, "max_depth": 3.0, "num_boost_round": 2.0}, "datetime": {"datetime": "2024-01-19 00:56:18", "elapsed": 2682.918801, "delta": 0.00415}}
{"target": -13.767681346175593, "params": {"gamma": 512.9223225953747, "log10_alpha": 0.3069829887946014, "log10_colsample_bytree": -0.7596933403167893, "log10_eta": -0.5191654695777674, "log10_lambda": -2.8489706624764133, "log10_min_child_weight": 3.185255929414841, "log10_subsample": -0.46546694618765805, "max_depth": 3.0, "num_boost_round": 3.0}, "datetime": {"datetime": "2024-01-19 00:56:18", "elapsed": 2682.922424, "delta": 0.003623}}
{"target": -13.768568596834037, "params": {"gamma": 512.9223225953747, "log10_alpha": 0.3069829887946014, "log10_colsample_bytree": -0.7596933403167893, "log10_eta": -0.5191654695777674, "log10_lambda": -2.8489706624764133, "log10_min_child_weight": 3.185255929414841, "log10_subsample": -0.46546694618765805, "max_depth": 3.0, "num_boost_round": 4.0}, "datetime": {"datetime": "2024-01-19 00:56:18", "elapsed": 2682.926201, "delta": 0.003777}}
{"target": -13.775126790615944, "params": {"gamma": 512.9223225953747, "log10_alpha": 0.3069829887946014, "log10_colsample_bytree": -0.7596933403167893, "log10_eta": -0.5191654695777674, "log10_lambda": -2.8489706624764133, "log10_min_child_weight": 3.185255929414841, "log10_subsample": -0.46546694618765805, "max_depth": 3.0, "num_boost_round": 5.0}, "datetime": {"datetime": "2024-01-19 00:56:18", "elapsed": 2682.929948, "delta": 0.003747}}
{"target": -13.780654897934484, "params": {"gamma": 512.9223225953747, "log10_alpha": 0.3069829887946014, "log10_colsample_bytree": -0.7596933403167893, "log10_eta": -0.5191654695777674, "log10_lambda": -2.8489706624764133, "log10_min_child_weight": 3.185255929414841, "log10_subsample": -0.46546694618765805, "max_depth": 3.0, "num_boost_round": 6.0}, "datetime": {"datetime": "2024-01-19 00:56:18", "elapsed": 2682.933571, "delta": 0.003623}}
{"target": -13.80921833565405, "params": {"gamma": 512.9223225953747, "log10_alpha": 0.3069829887946014, "log10_colsample_bytree": -0.7596933403167893, "log10_eta": -0.5191654695777674, "log10_lambda": -2.8489706624764133, "log10_min_child_weight": 3.185255929414841, "log10_subsample": -0.46546694618765805, "max_depth": 3.0, "num_boost_round": 7.0}, "datetime": {"datetime": "2024-01-19 00:56:18", "elapsed": 2682.93754, "delta": 0.003969}}
{"target": -13.81337190328059, "params": {"gamma": 512.9223225953747, "log10_alpha": 0.3069829887946014, "log10_colsample_bytree": -0.7596933403167893, "log10_eta": -0.5191654695777674, "log10_lambda": -2.8489706624764133, "log10_min_child_weight": 3.185255929414841, "log10_subsample": -0.46546694618765805, "max_depth": 3.0, "num_boost_round": 8.0}, "datetime": {"datetime": "2024-01-19 00:56:18", "elapsed": 2682.941161, "delta": 0.003621}}
{"target": -13.816268137344652, "params": {"gamma": 512.9223225953747, "log10_alpha": 0.3069829887946014, "log10_colsample_bytree": -0.7596933403167893, "log10_eta": -0.5191654695777674, "log10_lambda": -2.8489706624764133, "log10_min_child_weight": 3.185255929414841, "log10_subsample": -0.46546694618765805, "max_depth": 3.0, "num_boost_round": 9.0}, "datetime": {"datetime": "2024-01-19 00:56:18", "elapsed": 2682.944831, "delta": 0.00367}}
{"target": -13.815514415008392, "params": {"gamma": 512.9223225953747, "log10_alpha": 0.3069829887946014, "log10_colsample_bytree": -0.7596933403167893, "log10_eta": -0.5191654695777674, "log10_lambda": -2.8489706624764133, "log10_min_child_weight": 3.185255929414841, "log10_subsample": -0.46546694618765805, "max_depth": 3.0, "num_boost_round": 10.0}, "datetime": {"datetime": "2024-01-19 00:56:18", "elapsed": 2682.948451, "delta": 0.00362}}
{"target": -13.814529435581166, "params": {"gamma": 512.9223225953747, "log10_alpha": 0.3069829887946014, "log10_colsample_bytree": -0.7596933403167893, "log10_eta": -0.5191654695777674, "log10_lambda": -2.8489706624764133, "log10_min_child_weight": 3.185255929414841, "log10_subsample": -0.46546694618765805, "max_depth": 3.0, "num_boost_round": 11.0}, "datetime": {"datetime": "2024-01-19 00:56:18", "elapsed": 2682.952089, "delta": 0.003638}}
{"target": -13.823029514567475, "params": {"gamma": 512.9223225953747, "log10_alpha": 0.3069829887946014, "log10_colsample_bytree": -0.7596933403167893, "log10_eta": -0.5191654695777674, "log10_lambda": -2.8489706624764133, "log10_min_child_weight": 3.185255929414841, "log10_subsample": -0.46546694618765805, "max_depth": 3.0, "num_boost_round": 12.0}, "datetime": {"datetime": "2024-01-19 00:56:18", "elapsed": 2682.955733, "delta": 0.003644}}
{"target": -13.827020476323318, "params": {"gamma": 512.9223225953747, "log10_alpha": 0.3069829887946014, "log10_colsample_bytree": -0.7596933403167893, "log10_eta": -0.5191654695777674, "log10_lambda": -2.8489706624764133, "log10_min_child_weight": 3.185255929414841, "log10_subsample": -0.46546694618765805, "max_depth": 3.0, "num_boost_round": 13.0}, "datetime": {"datetime": "2024-01-19 00:56:18", "elapsed": 2682.959332, "delta": 0.003599}}
{"target": -13.835240495109582, "params": {"gamma": 512.9223225953747, "log10_alpha": 0.3069829887946014, "log10_colsample_bytree": -0.7596933403167893, "log10_eta": -0.5191654695777674, "log10_lambda": -2.8489706624764133, "log10_min_child_weight": 3.185255929414841, "log10_subsample": -0.46546694618765805, "max_depth": 3.0, "num_boost_round": 14.0}, "datetime": {"datetime": "2024-01-19 00:56:18", "elapsed": 2682.963067, "delta": 0.003735}}
{"target": -13.75853831170208, "params": {"gamma": 475.6097973020522, "log10_alpha": -1.250043870903884, "log10_colsample_bytree": 0.0, "log10_eta": -4.0, "log10_lambda": 1.0, "log10_min_child_weight": 5.0, "log10_subsample": -1.0, "max_depth": 2.0, "num_boost_round": 0.0}, "datetime": {"datetime": "2024-01-19 00:56:56", "elapsed": 2720.588511, "delta": 37.625444}}
{"target": -13.758538340111379, "params": {"gamma": 475.6097973020522, "log10_alpha": -1.250043870903884, "log10_colsample_bytree": 0.0, "log10_eta": -4.0, "log10_lambda": 1.0, "log10_min_child_weight": 5.0, "log10_subsample": -1.0, "max_depth": 2.0, "num_boost_round": 1.0}, "datetime": {"datetime": "2024-01-19 00:56:56", "elapsed": 2720.593265, "delta": 0.004754}}
{"target": -13.758538337970306, "params": {"gamma": 475.6097973020522, "log10_alpha": -1.250043870903884, "log10_colsample_bytree": 0.0, "log10_eta": -4.0, "log10_lambda": 1.0, "log10_min_child_weight": 5.0, "log10_subsample": -1.0, "max_depth": 2.0, "num_boost_round": 2.0}, "datetime": {"datetime": "2024-01-19 00:56:56", "elapsed": 2720.693862, "delta": 0.100597}}
{"target": -13.758538311593362, "params": {"gamma": 475.6097973020522, "log10_alpha": -1.250043870903884, "log10_colsample_bytree": 0.0, "log10_eta": -4.0, "log10_lambda": 1.0, "log10_min_child_weight": 5.0, "log10_subsample": -1.0, "max_depth": 2.0, "num_boost_round": 3.0}, "datetime": {"datetime": "2024-01-19 00:56:56", "elapsed": 2720.698289, "delta": 0.004427}}
