{"target": -13.758470666690046, "params": {"gamma": 874.6347551229021, "log10_alpha": -0.39376554935059804, "log10_colsample_bytree": 0.0, "log10_eta": -4.0, "log10_lambda": -3.8798509805932575, "log10_min_child_weight": 0.0, "log10_subsample": -1.0, "max_depth": 4.0, "num_boost_round": 24.0}, "datetime": {"datetime": "2024-01-19 00:37:19", "elapsed": 1543.772682, "delta": 0.002495}}
{"target": -13.758469779440249, "params": {"gamma": 874.6347551229021, "log10_alpha": -0.39376554935059804, "log10_colsample_bytree": 0.0, "log10_eta": -4.0, "log10_lambda": -3.8798509805932575, "log10_min_child_weight": 0.0, "log10_subsample": -1.0, "max_depth": 4.0, "num_boost_round": 25.0}, "datetime": {"datetime": "2024-01-19 00:37:19", "elapsed": 1543.775032, "delta": 0.00235}}
{"target": -13.758469155045525, "params": {"gamma": 874.6347551229021, "log10_alpha": -0.39376554935059804, "log10_colsample_bytree": 0.0, "log10_eta": -4.0, "log10_lambda": -3.8798509805932575, "log10_min_child_weight": 0.0, "log10_subsample": -1.0, "max_depth": 4.0, "num_boost_round": 26.0}, "datetime": {"datetime": "2024-01-19 00:37:19", "elapsed": 1543.777379, "delta": 0.002347}}
{"target": -13.758468212580972, "params": {"gamma": 874.6347551229021, "log10_alpha": -0.39376554935059804, "log10_colsample_bytree": 0.0, "log10_eta": -4.0, "log10_lambda": -3.8798509805932575, "log10_min_child_weight": 0.0, "log10_subsample": -1.0, "max_depth": 4.0, "num_boost_round": 27.0}, "datetime": {"datetime": "2024-01-19 00:37:19", "elapsed": 1543.779725, "delta": 0.002346}}
{"target": -13.758465726227485, "params": {"gamma": 874.6347551229021, "log10_alpha": -0.39376554935059804, "log10_colsample_bytree": 0.0, "log10_eta": -4.0, "log10_lambda": -3.8798509805932575, "log10_min_child_weight": 0.0, "log10_subsample": -1.0, "max_depth": 4.0, "num_boost_round": 28.0}, "datetime": {"datetime": "2024-01-19 00:37:19", "elapsed": 1543.782076, "delta": 0.002351}}
{"target": -13.758531551626897, "params": {"gamma": 872.4915616314748, "log10_alpha": -1.4542432984061966, "log10_colsample_bytree": -0.03472886554857746, "log10_eta": -3.470548103607973, "log10_lambda": -2.9206856607161233, "log10_min_child_weight": 3.280857965437259, "log10_subsample": -0.8652058531049448, "max_depth": 7.0, "num_boost_round": 0.0}, "datetime": {"datetime": "2024-01-19 00:37:58", "elapsed": 1582.812759, "delta": 39.030683}}
{"target": -13.758526404830459, "params": {"gamma": 872.4915616314748, "log10_alpha": -1.4542432984061966, "log10_colsample_bytree": -0.03472886554857746, "log10_eta": -3.470548103607973, "log10_lambda": -2.9206856607161233, "log10_min_child_weight": 3.280857965437259, "log10_subsample": -0.8652058531049448, "max_depth": 7.0, "num_boost_round": 1.0}, "datetime": {"datetime": "2024-01-19 00:37:58", "elapsed": 1582.815722, "delta": 0.002963}}
{"target": -13.75851795702086, "params": {"gamma": 872.4915616314748, "log10_alpha": -1.4542432984061966, "log10_colsample_bytree": -0.03472886554857746, "log10_eta": -3.470548103607973, "log10_lambda": -2.9206856607161233, "log10_min_child_weight": 3.280857965437259, "log10_subsample": -0.8652058531049448, "max_depth": 7.0, "num_boost_round": 2.0}, "datetime": {"datetime": "2024-01-19 00:37:58", "elapsed": 1582.81812, "delta": 0.002398}}
{"target": -13.758509523565605, "params": {"gamma": 872.4915616314748, "log10_alpha": -1.4542432984061966, "log10_colsample_bytree": -0.03472886554857746, "log10_eta": -3.470548103607973, "log10_lambda": -2.9206856607161233, "log10_min_child_weight": 3.280857965437259, "log10_subsample": -0.8652058531049448, "max_depth": 7.0, "num_boost_round": 3.0}, "datetime": {"datetime": "2024-01-19 00:37:58", "elapsed": 1582.821298, "delta": 0.003178}}
{"target": -13.758505737363294, "params": {"gamma": 872.4915616314748, "log10_alpha": -1.4542432984061966, "log10_colsample_bytree": -0.03472886554857746, "log10_eta": -3.470548103607973, "log10_lambda": -2.9206856607161233, "log10_min_child_weight": 3.280857965437259, "log10_subsample": -0.8652058531049448, "max_depth": 7.0, "num_boost_round": 4.0}, "datetime": {"datetime": "2024-01-19 00:37:58", "elapsed": 1582.823691, "delta": 0.002393}}
{"target": -13.758498732799893, "params": {"gamma": 872.4915616314748, "log10_alpha": -1.4542432984061966, "log10_colsample_bytree": -0.03472886554857746, "log10_eta": -3.470548103607973, "log10_lambda": -2.9206856607161233, "log10_min_child_weight": 3.280857965437259, "log10_subsample": -0.8652058531049448, "max_depth": 7.0, "num_boost_round": 5.0}, "datetime": {"datetime": "2024-01-19 00:37:58", "elapsed": 1582.826086, "delta": 0.002395}}
{"target": -13.758492645133478, "params": {"gamma": 872.4915616314748, "log10_alpha": -1.4542432984061966, "log10_colsample_bytree": -0.03472886554857746, "log10_eta": -3.470548103607973, "log10_lambda": -2.9206856607161233, "log10_min_child_weight": 3.280857965437259, "log10_subsample": -0.8652058531049448, "max_depth": 7.0, "num_boost_round": 6.0}, "datetime": {"datetime": "2024-01-19 00:37:58", "elapsed": 1582.828453, "delta": 0.002367}}
{"target": -13.758485301376252, "params": {"gamma": 872.4915616314748, "log10_alpha": -1.4542432984061966, "log10_colsample_bytree": -0.03472886554857746, "log10_eta": -3.470548103607973, "log10_lambda": -2.9206856607161233, "log10_min_child_weight": 3.280857965437259, "log10_subsample": -0.8652058531049448, "max_depth": 7.0, "num_boost_round": 7.0}, "datetime": {"datetime": "2024-01-19 00:37:58", "elapsed": 1582.830817, "delta": 0.002364}}
{"target": -13.758475828238998, "params": {"gamma": 872.4915616314748, "log10_alpha": -1.4542432984061966, "log10_colsample_bytree": -0.03472886554857746, "log10_eta": -3.470548103607973, "log10_lambda": -2.9206856607161233, "log10_min_child_weight": 3.280857965437259, "log10_subsample": -0.8652058531049448, "max_depth": 7.0, "num_boost_round": 8.0}, "datetime": {"datetime": "2024-01-19 00:37:58", "elapsed": 1582.833246, "delta": 0.002429}}
{"target": -13.758472887649564, "params": {"gamma": 872.4915616314748, "log10_alpha": -1.4542432984061966, "log10_colsample_bytree": -0.03472886554857746, "log10_eta": -3.470548103607973, "log10_lambda": -2.9206856607161233, "log10_min_child_weight": 3.280857965437259, "log10_subsample": -0.8652058531049448, "max_depth": 7.0, "num_boost_round": 9.0}, "datetime": {"datetime": "2024-01-19 00:37:58", "elapsed": 1582.836415, "delta": 0.003169}}
{"target": -13.758469247401624, "params": {"gamma": 872.4915616314748, "log10_alpha": -1.4542432984061966, "log10_colsample_bytree": -0.03472886554857746, "log10_eta": -3.470548103607973, "log10_lambda": -2.9206856607161233, "log10_min_child_weight": 3.280857965437259, "log10_subsample": -0.8652058531049448, "max_depth": 7.0, "num_boost_round": 10.0}, "datetime": {"datetime": "2024-01-19 00:37:58", "elapsed": 1582.838995, "delta": 0.00258}}
{"target": -13.758458277937004, "params": {"gamma": 872.4915616314748, "log10_alpha": -1.4542432984061966, "log10_colsample_bytree": -0.03472886554857746, "log10_eta": -3.470548103607973, "log10_lambda": -2.9206856607161233, "log10_min_child_weight": 3.280857965437259, "log10_subsample": -0.8652058531049448, "max_depth": 7.0, "num_boost_round": 11.0}, "datetime": {"datetime": "2024-01-19 00:37:58", "elapsed": 1582.841452, "delta": 0.002457}}
{"target": -13.758456048710348, "params": {"gamma": 872.4915616314748, "log10_alpha": -1.4542432984061966, "log10_colsample_bytree": -0.03472886554857746, "log10_eta": -3.470548103607973, "log10_lambda": -2.9206856607161233, "log10_min_child_weight": 3.280857965437259, "log10_subsample": -0.8652058531049448, "max_depth": 7.0, "num_boost_round": 12.0}, "datetime": {"datetime": "2024-01-19 00:37:58", "elapsed": 1582.844082, "delta": 0.00263}}
{"target": -13.758452150350541, "params": {"gamma": 872.4915616314748, "log10_alpha": -1.4542432984061966, "log10_colsample_bytree": -0.03472886554857746, "log10_eta": -3.470548103607973, "log10_lambda": -2.9206856607161233, "log10_min_child_weight": 3.280857965437259, "log10_subsample": -0.8652058531049448, "max_depth": 7.0, "num_boost_round": 13.0}, "datetime": {"datetime": "2024-01-19 00:37:58", "elapsed": 1582.846477, "delta": 0.002395}}
{"target": -13.7584415473617, "params": {"gamma": 872.4915616314748, "log10_alpha": -1.4542432984061966, "log10_colsample_bytree": -0.03472886554857746, "log10_eta": -3.470548103607973, "log10_lambda": -2.9206856607161233, "log10_min_child_weight": 3.280857965437259, "log10_subsample": -0.8652058531049448, "max_depth": 7.0, "num_boost_round": 14.0}, "datetime": {"datetime": "2024-01-19 00:37:58", "elapsed": 1582.848874, "delta": 0.002397}}
{"target": -13.758433835379986, "params": {"gamma": 872.4915616314748, "log10_alpha": -1.4542432984061966, "log10_colsample_bytree": -0.03472886554857746, "log10_eta": -3.470548103607973, "log10_lambda": -2.9206856607161233, "log10_min_child_weight": 3.280857965437259, "log10_subsample": -0.8652058531049448, "max_depth": 7.0, "num_boost_round": 15.0}, "datetime": {"datetime": "2024-01-19 00:37:58", "elapsed": 1582.851369, "delta": 0.002495}}
{"target": -13.758422066833234, "params": {"gamma": 872.4915616314748, "log10_alpha": -1.4542432984061966, "log10_colsample_bytree": -0.03472886554857746, "log10_eta": -3.470548103607973, "log10_lambda": -2.9206856607161233, "log10_min_child_weight": 3.280857965437259, "log10_subsample": -0.8652058531049448, "max_depth": 7.0, "num_boost_round": 16.0}, "datetime": {"datetime": "2024-01-19 00:37:58", "elapsed": 1582.853865, "delta": 0.002496}}
{"target": -13.758413147440413, "params": {"gamma": 872.4915616314748, "log10_alpha": -1.4542432984061966, "log10_colsample_bytree": -0.03472886554857746, "log10_eta": -3.470548103607973, "log10_lambda": -2.9206856607161233, "log10_min_child_weight": 3.280857965437259, "log10_subsample": -0.8652058531049448, "max_depth": 7.0, "num_boost_round": 17.0}, "datetime": {"datetime": "2024-01-19 00:37:58", "elapsed": 1582.856259, "delta": 0.002394}}
{"target": -13.758422241593442, "params": {"gamma": 872.4915616314748, "log10_alpha": -1.4542432984061966, "log10_colsample_bytree": -0.03472886554857746, "log10_eta": -3.470548103607973, "log10_lambda": -2.9206856607161233, "log10_min_child_weight": 3.280857965437259, "log10_subsample": -0.8652058531049448, "max_depth": 7.0, "num_boost_round": 18.0}, "datetime": {"datetime": "2024-01-19 00:37:58", "elapsed": 1582.858641, "delta": 0.002382}}
{"target": -13.758422015636508, "params": {"gamma": 872.4915616314748, "log10_alpha": -1.4542432984061966, "log10_colsample_bytree": -0.03472886554857746, "log10_eta": -3.470548103607973, "log10_lambda": -2.9206856607161233, "log10_min_child_weight": 3.280857965437259, "log10_subsample": -0.8652058531049448, "max_depth": 7.0, "num_boost_round": 19.0}, "datetime": {"datetime": "2024-01-19 00:37:58", "elapsed": 1582.861052, "delta": 0.002411}}
{"target": -13.758409440868531, "params": {"gamma": 872.4915616314748, "log10_alpha": -1.4542432984061966, "log10_colsample_bytree": -0.03472886554857746, "log10_eta": -3.470548103607973, "log10_lambda": -2.9206856607161233, "log10_min_child_weight": 3.280857965437259, "log10_subsample": -0.8652058531049448, "max_depth": 7.0, "num_boost_round": 20.0}, "datetime": {"datetime": "2024-01-19 00:37:58", "elapsed": 1582.863463, "delta": 0.002411}}
{"target": -13.758402449996229, "params": {"gamma": 872.4915616314748, "log10_alpha": -1.4542432984061966, "log10_colsample_bytree": -0.03472886554857746, "log10_eta": -3.470548103607973, "log10_lambda": -2.9206856607161233, "log10_min_child_weight": 3.280857965437259, "log10_subsample": -0.8652058531049448, "max_depth": 7.0, "num_boost_round": 21.0}, "datetime": {"datetime": "2024-01-19 00:37:58", "elapsed": 1582.86586, "delta": 0.002397}}
{"target": -13.758398304904388, "params": {"gamma": 872.4915616314748, "log10_alpha": -1.4542432984061966, "log10_colsample_bytree": -0.03472886554857746, "log10_eta": -3.470548103607973, "log10_lambda": -2.9206856607161233, "log10_min_child_weight": 3.280857965437259, "log10_subsample": -0.8652058531049448, "max_depth": 7.0, "num_boost_round": 22.0}, "datetime": {"datetime": "2024-01-19 00:37:58", "elapsed": 1582.868237, "delta": 0.002377}}
{"target": -13.758393213715548, "params": {"gamma": 872.4915616314748, "log10_alpha": -1.4542432984061966, "log10_colsample_bytree": -0.03472886554857746, "log10_eta": -3.470548103607973, "log10_lambda": -2.9206856607161233, "log10_min_child_weight": 3.280857965437259, "log10_subsample": -0.8652058531049448, "max_depth": 7.0, "num_boost_round": 23.0}, "datetime": {"datetime": "2024-01-19 00:37:58", "elapsed": 1582.870631, "delta": 0.002394}}
{"target": -13.758389201054289, "params": {"gamma": 872.4915616314748, "log10_alpha": -1.4542432984061966, "log10_colsample_bytree": -0.03472886554857746, "log10_eta": -3.470548103607973, "log10_lambda": -2.9206856607161233, "log10_min_child_weight": 3.280857965437259, "log10_subsample": -0.8652058531049448, "max_depth": 7.0, "num_boost_round": 24.0}, "datetime": {"datetime": "2024-01-19 00:37:58", "elapsed": 1582.873188, "delta": 0.002557}}
{"target": -13.75838104235179, "params": {"gamma": 872.4915616314748, "log10_alpha": -1.4542432984061966, "log10_colsample_bytree": -0.03472886554857746, "log10_eta": -3.470548103607973, "log10_lambda": -2.9206856607161233, "log10_min_child_weight": 3.280857965437259, "log10_subsample": -0.8652058531049448, "max_depth": 7.0, "num_boost_round": 25.0}, "datetime": {"datetime": "2024-01-19 00:37:58", "elapsed": 1582.875604, "delta": 0.002416}}
{"target": -13.758370218152209, "params": {"gamma": 872.4915616314748, "log10_alpha": -1.4542432984061966, "log10_colsample_bytree": -0.03472886554857746, "log10_eta": -3.470548103607973, "log10_lambda": -2.9206856607161233, "log10_min_child_weight": 3.280857965437259, "log10_subsample": -0.8652058531049448, "max_depth": 7.0, "num_boost_round": 26.0}, "datetime": {"datetime": "2024-01-19 00:37:58", "elapsed": 1582.877994, "delta": 0.00239}}
{"target": -13.758370580347915, "params": {"gamma": 872.4915616314748, "log10_alpha": -1.4542432984061966, "log10_colsample_bytree": -0.03472886554857746, "log10_eta": -3.470548103607973, "log10_lambda": -2.9206856607161233, "log10_min_child_weight": 3.280857965437259, "log10_subsample": -0.8652058531049448, "max_depth": 7.0, "num_boost_round": 27.0}, "datetime": {"datetime": "2024-01-19 00:37:58", "elapsed": 1582.880417, "delta": 0.002423}}
{"target": -13.758363001789647, "params": {"gamma": 872.4915616314748, "log10_alpha": -1.4542432984061966, "log10_colsample_bytree": -0.03472886554857746, "log10_eta": -3.470548103607973, "log10_lambda": -2.9206856607161233, "log10_min_child_weight": 3.280857965437259, "log10_subsample": -0.8652058531049448, "max_depth": 7.0, "num_boost_round": 28.0}, "datetime": {"datetime": "2024-01-19 00:37:58", "elapsed": 1582.882815, "delta": 0.002398}}
{"target": -13.758354770294572, "params": {"gamma": 872.4915616314748, "log10_alpha": -1.4542432984061966, "log10_colsample_bytree": -0.03472886554857746, "log10_eta": -3.470548103607973, "log10_lambda": -2.9206856607161233, "log10_min_child_weight": 3.280857965437259, "log10_subsample": -0.8652058531049448, "max_depth": 7.0, "num_boost_round": 29.0}, "datetime": {"datetime": "2024-01-19 00:37:58", "elapsed": 1582.885225, "delta": 0.00241}}
{"target": -13.758351786694854, "params": {"gamma": 872.4915616314748, "log10_alpha": -1.4542432984061966, "log10_colsample_bytree": -0.03472886554857746, "log10_eta": -3.470548103607973, "log10_lambda": -2.9206856607161233, "log10_min_child_weight": 3.280857965437259, "log10_subsample": -0.8652058531049448, "max_depth": 7.0, "num_boost_round": 30.0}, "datetime": {"datetime": "2024-01-19 00:37:58", "elapsed": 1582.887625, "delta": 0.0024}}
{"target": -13.75834696123417, "params": {"gamma": 872.4915616314748, "log10_alpha": -1.4542432984061966, "log10_colsample_bytree": -0.03472886554857746, "log10_eta": -3.470548103607973, "log10_lambda": -2.9206856607161233, "log10_min_child_weight": 3.280857965437259, "log10_subsample": -0.8652058531049448, "max_depth": 7.0, "num_boost_round": 31.0}, "datetime": {"datetime": "2024-01-19 00:37:58", "elapsed": 1582.890052, "delta": 0.002427}}
{"target": -13.758340616646136, "params": {"gamma": 872.4915616314748, "log10_alpha": -1.4542432984061966, "log10_colsample_bytree": -0.03472886554857746, "log10_eta": -3.470548103607973, "log10_lambda": -2.9206856607161233, "log10_min_child_weight": 3.280857965437259, "log10_subsample": -0.8652058531049448, "max_depth": 7.0, "num_boost_round": 32.0}, "datetime": {"datetime": "2024-01-19 00:37:58", "elapsed": 1582.892573, "delta": 0.002521}}
{"target": -13.75834112209973, "params": {"gamma": 872.4915616314748, "log10_alpha": -1.4542432984061966, "log10_colsample_bytree": -0.03472886554857746, "log10_eta": -3.470548103607973, "log10_lambda": -2.9206856607161233, "log10_min_child_weight": 3.280857965437259, "log10_subsample": -0.8652058531049448, "max_depth": 7.0, "num_boost_round": 33.0}, "datetime": {"datetime": "2024-01-19 00:37:58", "elapsed": 1582.895004, "delta": 0.002431}}
{"target": -13.758335547465427, "params": {"gamma": 872.4915616314748, "log10_alpha": -1.4542432984061966, "log10_colsample_bytree": -0.03472886554857746, "log10_eta": -3.470548103607973, "log10_lambda": -2.9206856607161233, "log10_min_child_weight": 3.280857965437259, "log10_subsample": -0.8652058531049448, "max_depth": 7.0, "num_boost_round": 34.0}, "datetime": {"datetime": "2024-01-19 00:37:58", "elapsed": 1582.897431, "delta": 0.002427}}
{"target": -13.75833665487201, "params": {"gamma": 872.4915616314748, "log10_alpha": -1.4542432984061966, "log10_colsample_bytree": -0.03472886554857746, "log10_eta": -3.470548103607973, "log10_lambda": -2.9206856607161233, "log10_min_child_weight": 3.280857965437259, "log10_subsample": -0.8652058531049448, "max_depth": 7.0, "num_boost_round": 35.0}, "datetime": {"datetime": "2024-01-19 00:37:58", "elapsed": 1582.899827, "delta": 0.002396}}
{"target": -13.758327593906303, "params": {"gamma": 872.4915616314748, "log10_alpha": -1.4542432984061966, "log10_colsample_bytree": -0.03472886554857746, "log10_eta": -3.470548103607973, "log10_lambda": -2.9206856607161233, "log10_min_child_weight": 3.280857965437259, "log10_subsample": -0.8652058531049448, "max_depth": 7.0, "num_boost_round": 36.0}, "datetime": {"datetime": "2024-01-19 00:37:58", "elapsed": 1582.90225, "delta": 0.002423}}
{"target": -13.758322567051877, "params": {"gamma": 872.4915616314748, "log10_alpha": -1.4542432984061966, "log10_colsample_bytree": -0.03472886554857746, "log10_eta": -3.470548103607973, "log10_lambda": -2.9206856607161233, "log10_min_child_weight": 3.280857965437259, "log10_subsample": -0.8652058531049448, "max_depth": 7.0, "num_boost_round": 37.0}, "datetime": {"datetime": "2024-01-19 00:37:58", "elapsed": 1582.904647, "delta": 0.002397}}
{"target": -13.758318416021025, "params": {"gamma": 872.4915616314748, "log10_alpha": -1.4542432984061966, "log10_colsample_bytree": -0.03472886554857746, "log10_eta": -3.470548103607973, "log10_lambda": -2.9206856607161233, "log10_min_child_weight": 3.280857965437259, "log10_subsample": -0.8652058531049448, "max_depth": 7.0, "num_boost_round": 38.0}, "datetime": {"datetime": "2024-01-19 00:37:58", "elapsed": 1582.90704, "delta": 0.002393}}
{"target": -13.758282848136282, "params": {"gamma": 874.1811842358769, "log10_alpha": -0.7930425072449054, "log10_colsample_bytree": -0.7056801012880038, "log10_eta": -2.0320136622447658, "log10_lambda": 0.41934305802610616, "log10_min_child_weight": 1.4969089862914242, "log10_subsample": -0.10370826936169708, "max_depth": 9.0, "num_boost_round": 0.0}, "datetime": {"datetime": "2024-01-19 00:38:35", "elapsed": 1619.99896, "delta": 37.09192}}
{"target": -13.757880855763425, "params": {"gamma": 874.1811842358769, "log10_alpha": -0.7930425072449054, "log10_colsample_bytree": -0.7056801012880038, "log10_eta": -2.0320136622447658, "log10_lambda": 0.41934305802610616, "log10_min_child_weight": 1.4969089862914242, "log10_subsample": -0.10370826936169708, "max_depth": 9.0, "num_boost_round": 1.0}, "datetime": {"datetime": "2024-01-19 00:38:35", "elapsed": 1620.001961, "delta": 0.003001}}
{"target": -13.757278577211306, "params": {"gamma": 874.1811842358769, "log10_alpha": -0.7930425072449054, "log10_colsample_bytree": -0.7056801012880038, "log10_eta": -2.0320136622447658, "log10_lambda": 0.41934305802610616, "log10_min_child_weight": 1.4969089862914242, "log10_subsample": -0.10370826936169708, "max_depth": 9.0, "num_boost_round": 2.0}, "datetime": {"datetime": "2024-01-19 00:38:35", "elapsed": 1620.004696, "delta": 0.002735}}
{"target": -13.756612891458131, "params": {"gamma": 874.1811842358769, "log10_alpha": -0.7930425072449054, "log10_colsample_bytree": -0.7056801012880038, "log10_eta": -2.0320136622447658, "log10_lambda": 0.41934305802610616, "log10_min_child_weight": 1.4969089862914242, "log10_subsample": -0.10370826936169708, "max_depth": 9.0, "num_boost_round": 3.0}, "datetime": {"datetime": "2024-01-19 00:38:35", "elapsed": 1620.007184, "delta": 0.002488}}
{"target": -13.756198223820414, "params": {"gamma": 874.1811842358769, "log10_alpha": -0.7930425072449054, "log10_colsample_bytree": -0.7056801012880038, "log10_eta": -2.0320136622447658, "log10_lambda": 0.41934305802610616, "log10_min_child_weight": 1.4969089862914242, "log10_subsample": -0.10370826936169708, "max_depth": 9.0, "num_boost_round": 4.0}, "datetime": {"datetime": "2024-01-19 00:38:35", "elapsed": 1620.009686, "delta": 0.002502}}
{"target": -13.75587704679459, "params": {"gamma": 874.1811842358769, "log10_alpha": -0.7930425072449054, "log10_colsample_bytree": -0.7056801012880038, "log10_eta": -2.0320136622447658, "log10_lambda": 0.41934305802610616, "log10_min_child_weight": 1.4969089862914242, "log10_subsample": -0.10370826936169708, "max_depth": 9.0, "num_boost_round": 5.0}, "datetime": {"datetime": "2024-01-19 00:38:35", "elapsed": 1620.012292, "delta": 0.002606}}
