{"target": -17.676861225010565, "params": {"gamma": 610.0253605651253, "log10_alpha": -2.759692133696481, "log10_colsample_bytree": -0.6655529544748211, "log10_eta": -2.8292858340105402, "log10_lambda": -4.6342879344231696, "log10_min_child_weight": 2.2549083964194265, "log10_subsample": -0.7599014125102038, "max_depth": 4.0, "num_boost_round": 4.0}, "datetime": {"datetime": "2024-01-19 02:52:15", "elapsed": 9616.343814, "delta": 0.007197}}
{"target": -17.676793171908955, "params": {"gamma": 610.0253605651253, "log10_alpha": -2.759692133696481, "log10_colsample_bytree": -0.6655529544748211, "log10_eta": -2.8292858340105402, "log10_lambda": -4.6342879344231696, "log10_min_child_weight": 2.2549083964194265, "log10_subsample": -0.7599014125102038, "max_depth": 4.0, "num_boost_round": 5.0}, "datetime": {"datetime": "2024-01-19 02:52:15", "elapsed": 9616.350846, "delta": 0.007032}}
{"target": -17.676721592749672, "params": {"gamma": 610.0253605651253, "log10_alpha": -2.759692133696481, "log10_colsample_bytree": -0.6655529544748211, "log10_eta": -2.8292858340105402, "log10_lambda": -4.6342879344231696, "log10_min_child_weight": 2.2549083964194265, "log10_subsample": -0.7599014125102038, "max_depth": 4.0, "num_boost_round": 6.0}, "datetime": {"datetime": "2024-01-19 02:52:15", "elapsed": 9616.357926, "delta": 0.00708}}
{"target": -17.676659307113386, "params": {"gamma": 610.0253605651253, "log10_alpha": -2.759692133696481, "log10_colsample_bytree": -0.6655529544748211, "log10_eta": -2.8292858340105402, "log10_lambda": -4.6342879344231696, "log10_min_child_weight": 2.2549083964194265, "log10_subsample": -0.7599014125102038, "max_depth": 4.0, "num_boost_round": 7.0}, "datetime": {"datetime": "2024-01-19 02:52:15", "elapsed": 9616.364948, "delta": 0.007022}}
{"target": -17.676649285594884, "params": {"gamma": 610.0253605651253, "log10_alpha": -2.759692133696481, "log10_colsample_bytree": -0.6655529544748211, "log10_eta": -2.8292858340105402, "log10_lambda": -4.6342879344231696, "log10_min_child_weight": 2.2549083964194265, "log10_subsample": -0.7599014125102038, "max_depth": 4.0, "num_boost_round": 8.0}, "datetime": {"datetime": "2024-01-19 02:52:15", "elapsed": 9616.372162, "delta": 0.007214}}
{"target": -17.676599889284233, "params": {"gamma": 610.0253605651253, "log10_alpha": -2.759692133696481, "log10_colsample_bytree": -0.6655529544748211, "log10_eta": -2.8292858340105402, "log10_lambda": -4.6342879344231696, "log10_min_child_weight": 2.2549083964194265, "log10_subsample": -0.7599014125102038, "max_depth": 4.0, "num_boost_round": 9.0}, "datetime": {"datetime": "2024-01-19 02:52:15", "elapsed": 9616.379369, "delta": 0.007207}}
{"target": -17.676527866091284, "params": {"gamma": 610.0253605651253, "log10_alpha": -2.759692133696481, "log10_colsample_bytree": -0.6655529544748211, "log10_eta": -2.8292858340105402, "log10_lambda": -4.6342879344231696, "log10_min_child_weight": 2.2549083964194265, "log10_subsample": -0.7599014125102038, "max_depth": 4.0, "num_boost_round": 10.0}, "datetime": {"datetime": "2024-01-19 02:52:15", "elapsed": 9616.386506, "delta": 0.007137}}
{"target": -17.676493861261534, "params": {"gamma": 610.0253605651253, "log10_alpha": -2.759692133696481, "log10_colsample_bytree": -0.6655529544748211, "log10_eta": -2.8292858340105402, "log10_lambda": -4.6342879344231696, "log10_min_child_weight": 2.2549083964194265, "log10_subsample": -0.7599014125102038, "max_depth": 4.0, "num_boost_round": 11.0}, "datetime": {"datetime": "2024-01-19 02:52:15", "elapsed": 9616.393749, "delta": 0.007243}}
{"target": -17.67641184451865, "params": {"gamma": 610.0253605651253, "log10_alpha": -2.759692133696481, "log10_colsample_bytree": -0.6655529544748211, "log10_eta": -2.8292858340105402, "log10_lambda": -4.6342879344231696, "log10_min_child_weight": 2.2549083964194265, "log10_subsample": -0.7599014125102038, "max_depth": 4.0, "num_boost_round": 12.0}, "datetime": {"datetime": "2024-01-19 02:52:15", "elapsed": 9616.40088, "delta": 0.007131}}
{"target": -17.676349659989157, "params": {"gamma": 610.0253605651253, "log10_alpha": -2.759692133696481, "log10_colsample_bytree": -0.6655529544748211, "log10_eta": -2.8292858340105402, "log10_lambda": -4.6342879344231696, "log10_min_child_weight": 2.2549083964194265, "log10_subsample": -0.7599014125102038, "max_depth": 4.0, "num_boost_round": 13.0}, "datetime": {"datetime": "2024-01-19 02:52:15", "elapsed": 9616.408756, "delta": 0.007876}}
{"target": -17.676314843510863, "params": {"gamma": 610.0253605651253, "log10_alpha": -2.759692133696481, "log10_colsample_bytree": -0.6655529544748211, "log10_eta": -2.8292858340105402, "log10_lambda": -4.6342879344231696, "log10_min_child_weight": 2.2549083964194265, "log10_subsample": -0.7599014125102038, "max_depth": 4.0, "num_boost_round": 14.0}, "datetime": {"datetime": "2024-01-19 02:52:15", "elapsed": 9616.416198, "delta": 0.007442}}
{"target": -17.676315345627152, "params": {"gamma": 610.0253605651253, "log10_alpha": -2.759692133696481, "log10_colsample_bytree": -0.6655529544748211, "log10_eta": -2.8292858340105402, "log10_lambda": -4.6342879344231696, "log10_min_child_weight": 2.2549083964194265, "log10_subsample": -0.7599014125102038, "max_depth": 4.0, "num_boost_round": 15.0}, "datetime": {"datetime": "2024-01-19 02:52:15", "elapsed": 9616.423575, "delta": 0.007377}}
{"target": -17.67626679404182, "params": {"gamma": 610.0253605651253, "log10_alpha": -2.759692133696481, "log10_colsample_bytree": -0.6655529544748211, "log10_eta": -2.8292858340105402, "log10_lambda": -4.6342879344231696, "log10_min_child_weight": 2.2549083964194265, "log10_subsample": -0.7599014125102038, "max_depth": 4.0, "num_boost_round": 16.0}, "datetime": {"datetime": "2024-01-19 02:52:15", "elapsed": 9616.430805, "delta": 0.00723}}
{"target": -17.676239327900266, "params": {"gamma": 610.0253605651253, "log10_alpha": -2.759692133696481, "log10_colsample_bytree": -0.6655529544748211, "log10_eta": -2.8292858340105402, "log10_lambda": -4.6342879344231696, "log10_min_child_weight": 2.2549083964194265, "log10_subsample": -0.7599014125102038, "max_depth": 4.0, "num_boost_round": 17.0}, "datetime": {"datetime": "2024-01-19 02:52:15", "elapsed": 9616.437978, "delta": 0.007173}}
{"target": -17.67620584507466, "params": {"gamma": 610.0253605651253, "log10_alpha": -2.759692133696481, "log10_colsample_bytree": -0.6655529544748211, "log10_eta": -2.8292858340105402, "log10_lambda": -4.6342879344231696, "log10_min_child_weight": 2.2549083964194265, "log10_subsample": -0.7599014125102038, "max_depth": 4.0, "num_boost_round": 18.0}, "datetime": {"datetime": "2024-01-19 02:52:15", "elapsed": 9616.445191, "delta": 0.007213}}
{"target": -17.67619165325015, "params": {"gamma": 610.0253605651253, "log10_alpha": -2.759692133696481, "log10_colsample_bytree": -0.6655529544748211, "log10_eta": -2.8292858340105402, "log10_lambda": -4.6342879344231696, "log10_min_child_weight": 2.2549083964194265, "log10_subsample": -0.7599014125102038, "max_depth": 4.0, "num_boost_round": 19.0}, "datetime": {"datetime": "2024-01-19 02:52:15", "elapsed": 9616.452385, "delta": 0.007194}}
{"target": -17.676141974159442, "params": {"gamma": 610.0253605651253, "log10_alpha": -2.759692133696481, "log10_colsample_bytree": -0.6655529544748211, "log10_eta": -2.8292858340105402, "log10_lambda": -4.6342879344231696, "log10_min_child_weight": 2.2549083964194265, "log10_subsample": -0.7599014125102038, "max_depth": 4.0, "num_boost_round": 20.0}, "datetime": {"datetime": "2024-01-19 02:52:15", "elapsed": 9616.459626, "delta": 0.007241}}
{"target": -17.676073587483508, "params": {"gamma": 610.0253605651253, "log10_alpha": -2.759692133696481, "log10_colsample_bytree": -0.6655529544748211, "log10_eta": -2.8292858340105402, "log10_lambda": -4.6342879344231696, "log10_min_child_weight": 2.2549083964194265, "log10_subsample": -0.7599014125102038, "max_depth": 4.0, "num_boost_round": 21.0}, "datetime": {"datetime": "2024-01-19 02:52:15", "elapsed": 9616.467021, "delta": 0.007395}}
{"target": -17.676006537089602, "params": {"gamma": 610.0253605651253, "log10_alpha": -2.759692133696481, "log10_colsample_bytree": -0.6655529544748211, "log10_eta": -2.8292858340105402, "log10_lambda": -4.6342879344231696, "log10_min_child_weight": 2.2549083964194265, "log10_subsample": -0.7599014125102038, "max_depth": 4.0, "num_boost_round": 22.0}, "datetime": {"datetime": "2024-01-19 02:52:15", "elapsed": 9616.474334, "delta": 0.007313}}
{"target": -17.67589720827005, "params": {"gamma": 610.0253605651253, "log10_alpha": -2.759692133696481, "log10_colsample_bytree": -0.6655529544748211, "log10_eta": -2.8292858340105402, "log10_lambda": -4.6342879344231696, "log10_min_child_weight": 2.2549083964194265, "log10_subsample": -0.7599014125102038, "max_depth": 4.0, "num_boost_round": 23.0}, "datetime": {"datetime": "2024-01-19 02:52:15", "elapsed": 9616.481549, "delta": 0.007215}}
{"target": -17.675861903791642, "params": {"gamma": 610.0253605651253, "log10_alpha": -2.759692133696481, "log10_colsample_bytree": -0.6655529544748211, "log10_eta": -2.8292858340105402, "log10_lambda": -4.6342879344231696, "log10_min_child_weight": 2.2549083964194265, "log10_subsample": -0.7599014125102038, "max_depth": 4.0, "num_boost_round": 24.0}, "datetime": {"datetime": "2024-01-19 02:52:15", "elapsed": 9616.490225, "delta": 0.008676}}
{"target": -17.675809194316244, "params": {"gamma": 610.0253605651253, "log10_alpha": -2.759692133696481, "log10_colsample_bytree": -0.6655529544748211, "log10_eta": -2.8292858340105402, "log10_lambda": -4.6342879344231696, "log10_min_child_weight": 2.2549083964194265, "log10_subsample": -0.7599014125102038, "max_depth": 4.0, "num_boost_round": 25.0}, "datetime": {"datetime": "2024-01-19 02:52:15", "elapsed": 9616.497709, "delta": 0.007484}}
{"target": -17.67570440712914, "params": {"gamma": 610.0253605651253, "log10_alpha": -2.759692133696481, "log10_colsample_bytree": -0.6655529544748211, "log10_eta": -2.8292858340105402, "log10_lambda": -4.6342879344231696, "log10_min_child_weight": 2.2549083964194265, "log10_subsample": -0.7599014125102038, "max_depth": 4.0, "num_boost_round": 26.0}, "datetime": {"datetime": "2024-01-19 02:52:15", "elapsed": 9616.505901, "delta": 0.008192}}
{"target": -17.67567618569142, "params": {"gamma": 610.0253605651253, "log10_alpha": -2.759692133696481, "log10_colsample_bytree": -0.6655529544748211, "log10_eta": -2.8292858340105402, "log10_lambda": -4.6342879344231696, "log10_min_child_weight": 2.2549083964194265, "log10_subsample": -0.7599014125102038, "max_depth": 4.0, "num_boost_round": 27.0}, "datetime": {"datetime": "2024-01-19 02:52:15", "elapsed": 9616.513552, "delta": 0.007651}}
{"target": -17.67562457467032, "params": {"gamma": 610.0253605651253, "log10_alpha": -2.759692133696481, "log10_colsample_bytree": -0.6655529544748211, "log10_eta": -2.8292858340105402, "log10_lambda": -4.6342879344231696, "log10_min_child_weight": 2.2549083964194265, "log10_subsample": -0.7599014125102038, "max_depth": 4.0, "num_boost_round": 28.0}, "datetime": {"datetime": "2024-01-19 02:52:15", "elapsed": 9616.520806, "delta": 0.007254}}
{"target": -17.675507400447735, "params": {"gamma": 610.0253605651253, "log10_alpha": -2.759692133696481, "log10_colsample_bytree": -0.6655529544748211, "log10_eta": -2.8292858340105402, "log10_lambda": -4.6342879344231696, "log10_min_child_weight": 2.2549083964194265, "log10_subsample": -0.7599014125102038, "max_depth": 4.0, "num_boost_round": 29.0}, "datetime": {"datetime": "2024-01-19 02:52:15", "elapsed": 9616.527986, "delta": 0.00718}}
{"target": -17.675519225209488, "params": {"gamma": 610.0253605651253, "log10_alpha": -2.759692133696481, "log10_colsample_bytree": -0.6655529544748211, "log10_eta": -2.8292858340105402, "log10_lambda": -4.6342879344231696, "log10_min_child_weight": 2.2549083964194265, "log10_subsample": -0.7599014125102038, "max_depth": 4.0, "num_boost_round": 30.0}, "datetime": {"datetime": "2024-01-19 02:52:15", "elapsed": 9616.5361, "delta": 0.008114}}
{"target": -17.67540379375925, "params": {"gamma": 610.0253605651253, "log10_alpha": -2.759692133696481, "log10_colsample_bytree": -0.6655529544748211, "log10_eta": -2.8292858340105402, "log10_lambda": -4.6342879344231696, "log10_min_child_weight": 2.2549083964194265, "log10_subsample": -0.7599014125102038, "max_depth": 4.0, "num_boost_round": 31.0}, "datetime": {"datetime": "2024-01-19 02:52:15", "elapsed": 9616.543927, "delta": 0.007827}}
{"target": -17.675347594180895, "params": {"gamma": 610.0253605651253, "log10_alpha": -2.759692133696481, "log10_colsample_bytree": -0.6655529544748211, "log10_eta": -2.8292858340105402, "log10_lambda": -4.6342879344231696, "log10_min_child_weight": 2.2549083964194265, "log10_subsample": -0.7599014125102038, "max_depth": 4.0, "num_boost_round": 32.0}, "datetime": {"datetime": "2024-01-19 02:52:15", "elapsed": 9616.551312, "delta": 0.007385}}
{"target": -17.675251146220525, "params": {"gamma": 610.0253605651253, "log10_alpha": -2.759692133696481, "log10_colsample_bytree": -0.6655529544748211, "log10_eta": -2.8292858340105402, "log10_lambda": -4.6342879344231696, "log10_min_child_weight": 2.2549083964194265, "log10_subsample": -0.7599014125102038, "max_depth": 4.0, "num_boost_round": 33.0}, "datetime": {"datetime": "2024-01-19 02:52:15", "elapsed": 9616.558864, "delta": 0.007552}}
{"target": -17.675198719838253, "params": {"gamma": 610.0253605651253, "log10_alpha": -2.759692133696481, "log10_colsample_bytree": -0.6655529544748211, "log10_eta": -2.8292858340105402, "log10_lambda": -4.6342879344231696, "log10_min_child_weight": 2.2549083964194265, "log10_subsample": -0.7599014125102038, "max_depth": 4.0, "num_boost_round": 34.0}, "datetime": {"datetime": "2024-01-19 02:52:15", "elapsed": 9616.566168, "delta": 0.007304}}
{"target": -17.67516468717454, "params": {"gamma": 610.0253605651253, "log10_alpha": -2.759692133696481, "log10_colsample_bytree": -0.6655529544748211, "log10_eta": -2.8292858340105402, "log10_lambda": -4.6342879344231696, "log10_min_child_weight": 2.2549083964194265, "log10_subsample": -0.7599014125102038, "max_depth": 4.0, "num_boost_round": 35.0}, "datetime": {"datetime": "2024-01-19 02:52:15", "elapsed": 9616.573655, "delta": 0.007487}}
{"target": -17.67515037208333, "params": {"gamma": 610.0253605651253, "log10_alpha": -2.759692133696481, "log10_colsample_bytree": -0.6655529544748211, "log10_eta": -2.8292858340105402, "log10_lambda": -4.6342879344231696, "log10_min_child_weight": 2.2549083964194265, "log10_subsample": -0.7599014125102038, "max_depth": 4.0, "num_boost_round": 36.0}, "datetime": {"datetime": "2024-01-19 02:52:15", "elapsed": 9616.581061, "delta": 0.007406}}
{"target": -17.67515169119639, "params": {"gamma": 610.0253605651253, "log10_alpha": -2.759692133696481, "log10_colsample_bytree": -0.6655529544748211, "log10_eta": -2.8292858340105402, "log10_lambda": -4.6342879344231696, "log10_min_child_weight": 2.2549083964194265, "log10_subsample": -0.7599014125102038, "max_depth": 4.0, "num_boost_round": 37.0}, "datetime": {"datetime": "2024-01-19 02:52:15", "elapsed": 9616.588238, "delta": 0.007177}}
{"target": -17.67509598511807, "params": {"gamma": 610.0253605651253, "log10_alpha": -2.759692133696481, "log10_colsample_bytree": -0.6655529544748211, "log10_eta": -2.8292858340105402, "log10_lambda": -4.6342879344231696, "log10_min_child_weight": 2.2549083964194265, "log10_subsample": -0.7599014125102038, "max_depth": 4.0, "num_boost_round": 38.0}, "datetime": {"datetime": "2024-01-19 02:52:15", "elapsed": 9616.595561, "delta": 0.007323}}
{"target": -17.675067474638116, "params": {"gamma": 610.0253605651253, "log10_alpha": -2.759692133696481, "log10_colsample_bytree": -0.6655529544748211, "log10_eta": -2.8292858340105402, "log10_lambda": -4.6342879344231696, "log10_min_child_weight": 2.2549083964194265, "log10_subsample": -0.7599014125102038, "max_depth": 4.0, "num_boost_round": 39.0}, "datetime": {"datetime": "2024-01-19 02:52:15", "elapsed": 9616.602738, "delta": 0.007177}}
{"target": -17.67503646243645, "params": {"gamma": 610.0253605651253, "log10_alpha": -2.759692133696481, "log10_colsample_bytree": -0.6655529544748211, "log10_eta": -2.8292858340105402, "log10_lambda": -4.6342879344231696, "log10_min_child_weight": 2.2549083964194265, "log10_subsample": -0.7599014125102038, "max_depth": 4.0, "num_boost_round": 40.0}, "datetime": {"datetime": "2024-01-19 02:52:15", "elapsed": 9616.609967, "delta": 0.007229}}
{"target": -17.67505531125036, "params": {"gamma": 610.0253605651253, "log10_alpha": -2.759692133696481, "log10_colsample_bytree": -0.6655529544748211, "log10_eta": -2.8292858340105402, "log10_lambda": -4.6342879344231696, "log10_min_child_weight": 2.2549083964194265, "log10_subsample": -0.7599014125102038, "max_depth": 4.0, "num_boost_round": 41.0}, "datetime": {"datetime": "2024-01-19 02:52:15", "elapsed": 9616.617341, "delta": 0.007374}}
{"target": -17.674976363322486, "params": {"gamma": 610.0253605651253, "log10_alpha": -2.759692133696481, "log10_colsample_bytree": -0.6655529544748211, "log10_eta": -2.8292858340105402, "log10_lambda": -4.6342879344231696, "log10_min_child_weight": 2.2549083964194265, "log10_subsample": -0.7599014125102038, "max_depth": 4.0, "num_boost_round": 42.0}, "datetime": {"datetime": "2024-01-19 02:52:15", "elapsed": 9616.624672, "delta": 0.007331}}
{"target": -17.674951084049095, "params": {"gamma": 610.0253605651253, "log10_alpha": -2.759692133696481, "log10_colsample_bytree": -0.6655529544748211, "log10_eta": -2.8292858340105402, "log10_lambda": -4.6342879344231696, "log10_min_child_weight": 2.2549083964194265, "log10_subsample": -0.7599014125102038, "max_depth": 4.0, "num_boost_round": 43.0}, "datetime": {"datetime": "2024-01-19 02:52:15", "elapsed": 9616.631848, "delta": 0.007176}}
{"target": -17.674872118778335, "params": {"gamma": 610.0253605651253, "log10_alpha": -2.759692133696481, "log10_colsample_bytree": -0.6655529544748211, "log10_eta": -2.8292858340105402, "log10_lambda": -4.6342879344231696, "log10_min_child_weight": 2.2549083964194265, "log10_subsample": -0.7599014125102038, "max_depth": 4.0, "num_boost_round": 44.0}, "datetime": {"datetime": "2024-01-19 02:52:15", "elapsed": 9616.639032, "delta": 0.007184}}
