{"target": -17.677225828631073, "params": {"gamma": 435.5425280478543, "log10_alpha": -4.840063139463959, "log10_colsample_bytree": -0.1924524059826873, "log10_eta": -3.578920899465651, "log10_lambda": -4.616729313633098, "log10_min_child_weight": 4.32452589580803, "log10_subsample": -0.12758199034413475, "max_depth": 2.0, "num_boost_round": 24.0}, "datetime": {"datetime": "2024-01-19 00:28:55", "elapsed": 1028.226154, "delta": 0.001927}}
{"target": -17.677228247412852, "params": {"gamma": 435.5425280478543, "log10_alpha": -4.840063139463959, "log10_colsample_bytree": -0.1924524059826873, "log10_eta": -3.578920899465651, "log10_lambda": -4.616729313633098, "log10_min_child_weight": 4.32452589580803, "log10_subsample": -0.12758199034413475, "max_depth": 2.0, "num_boost_round": 25.0}, "datetime": {"datetime": "2024-01-19 00:28:55", "elapsed": 1028.228315, "delta": 0.002161}}
{"target": -17.677232715929524, "params": {"gamma": 435.5425280478543, "log10_alpha": -4.840063139463959, "log10_colsample_bytree": -0.1924524059826873, "log10_eta": -3.578920899465651, "log10_lambda": -4.616729313633098, "log10_min_child_weight": 4.32452589580803, "log10_subsample": -0.12758199034413475, "max_depth": 2.0, "num_boost_round": 26.0}, "datetime": {"datetime": "2024-01-19 00:28:55", "elapsed": 1028.230367, "delta": 0.002052}}
{"target": -17.677230646300874, "params": {"gamma": 435.5425280478543, "log10_alpha": -4.840063139463959, "log10_colsample_bytree": -0.1924524059826873, "log10_eta": -3.578920899465651, "log10_lambda": -4.616729313633098, "log10_min_child_weight": 4.32452589580803, "log10_subsample": -0.12758199034413475, "max_depth": 2.0, "num_boost_round": 27.0}, "datetime": {"datetime": "2024-01-19 00:28:55", "elapsed": 1028.232443, "delta": 0.002076}}
{"target": -17.67722880886218, "params": {"gamma": 435.5425280478543, "log10_alpha": -4.840063139463959, "log10_colsample_bytree": -0.1924524059826873, "log10_eta": -3.578920899465651, "log10_lambda": -4.616729313633098, "log10_min_child_weight": 4.32452589580803, "log10_subsample": -0.12758199034413475, "max_depth": 2.0, "num_boost_round": 28.0}, "datetime": {"datetime": "2024-01-19 00:28:55", "elapsed": 1028.234383, "delta": 0.00194}}
{"target": -17.677231559062164, "params": {"gamma": 435.5425280478543, "log10_alpha": -4.840063139463959, "log10_colsample_bytree": -0.1924524059826873, "log10_eta": -3.578920899465651, "log10_lambda": -4.616729313633098, "log10_min_child_weight": 4.32452589580803, "log10_subsample": -0.12758199034413475, "max_depth": 2.0, "num_boost_round": 29.0}, "datetime": {"datetime": "2024-01-19 00:28:55", "elapsed": 1028.236348, "delta": 0.001965}}
{"target": -17.677234356191626, "params": {"gamma": 435.5425280478543, "log10_alpha": -4.840063139463959, "log10_colsample_bytree": -0.1924524059826873, "log10_eta": -3.578920899465651, "log10_lambda": -4.616729313633098, "log10_min_child_weight": 4.32452589580803, "log10_subsample": -0.12758199034413475, "max_depth": 2.0, "num_boost_round": 30.0}, "datetime": {"datetime": "2024-01-19 00:28:55", "elapsed": 1028.238295, "delta": 0.001947}}
{"target": -17.677236748662406, "params": {"gamma": 435.5425280478543, "log10_alpha": -4.840063139463959, "log10_colsample_bytree": -0.1924524059826873, "log10_eta": -3.578920899465651, "log10_lambda": -4.616729313633098, "log10_min_child_weight": 4.32452589580803, "log10_subsample": -0.12758199034413475, "max_depth": 2.0, "num_boost_round": 31.0}, "datetime": {"datetime": "2024-01-19 00:28:55", "elapsed": 1028.240319, "delta": 0.002024}}
{"target": -17.677237612641655, "params": {"gamma": 435.5425280478543, "log10_alpha": -4.840063139463959, "log10_colsample_bytree": -0.1924524059826873, "log10_eta": -3.578920899465651, "log10_lambda": -4.616729313633098, "log10_min_child_weight": 4.32452589580803, "log10_subsample": -0.12758199034413475, "max_depth": 2.0, "num_boost_round": 32.0}, "datetime": {"datetime": "2024-01-19 00:28:55", "elapsed": 1028.242326, "delta": 0.002007}}
{"target": -17.677243859724157, "params": {"gamma": 435.5425280478543, "log10_alpha": -4.840063139463959, "log10_colsample_bytree": -0.1924524059826873, "log10_eta": -3.578920899465651, "log10_lambda": -4.616729313633098, "log10_min_child_weight": 4.32452589580803, "log10_subsample": -0.12758199034413475, "max_depth": 2.0, "num_boost_round": 33.0}, "datetime": {"datetime": "2024-01-19 00:28:55", "elapsed": 1028.244351, "delta": 0.002025}}
{"target": -17.67724691768951, "params": {"gamma": 435.5425280478543, "log10_alpha": -4.840063139463959, "log10_colsample_bytree": -0.1924524059826873, "log10_eta": -3.578920899465651, "log10_lambda": -4.616729313633098, "log10_min_child_weight": 4.32452589580803, "log10_subsample": -0.12758199034413475, "max_depth": 2.0, "num_boost_round": 34.0}, "datetime": {"datetime": "2024-01-19 00:28:55", "elapsed": 1028.246332, "delta": 0.001981}}
{"target": -17.67724753504759, "params": {"gamma": 435.5425280478543, "log10_alpha": -4.840063139463959, "log10_colsample_bytree": -0.1924524059826873, "log10_eta": -3.578920899465651, "log10_lambda": -4.616729313633098, "log10_min_child_weight": 4.32452589580803, "log10_subsample": -0.12758199034413475, "max_depth": 2.0, "num_boost_round": 35.0}, "datetime": {"datetime": "2024-01-19 00:28:55", "elapsed": 1028.248333, "delta": 0.002001}}
{"target": -17.677248145338968, "params": {"gamma": 435.5425280478543, "log10_alpha": -4.840063139463959, "log10_colsample_bytree": -0.1924524059826873, "log10_eta": -3.578920899465651, "log10_lambda": -4.616729313633098, "log10_min_child_weight": 4.32452589580803, "log10_subsample": -0.12758199034413475, "max_depth": 2.0, "num_boost_round": 36.0}, "datetime": {"datetime": "2024-01-19 00:28:55", "elapsed": 1028.250309, "delta": 0.001976}}
{"target": -17.6772465587231, "params": {"gamma": 435.5425280478543, "log10_alpha": -4.840063139463959, "log10_colsample_bytree": -0.1924524059826873, "log10_eta": -3.578920899465651, "log10_lambda": -4.616729313633098, "log10_min_child_weight": 4.32452589580803, "log10_subsample": -0.12758199034413475, "max_depth": 2.0, "num_boost_round": 37.0}, "datetime": {"datetime": "2024-01-19 00:28:55", "elapsed": 1028.252316, "delta": 0.002007}}
{"target": -17.677244463640307, "params": {"gamma": 435.5425280478543, "log10_alpha": -4.840063139463959, "log10_colsample_bytree": -0.1924524059826873, "log10_eta": -3.578920899465651, "log10_lambda": -4.616729313633098, "log10_min_child_weight": 4.32452589580803, "log10_subsample": -0.12758199034413475, "max_depth": 2.0, "num_boost_round": 38.0}, "datetime": {"datetime": "2024-01-19 00:28:55", "elapsed": 1028.254315, "delta": 0.001999}}
{"target": -17.677246819165845, "params": {"gamma": 435.5425280478543, "log10_alpha": -4.840063139463959, "log10_colsample_bytree": -0.1924524059826873, "log10_eta": -3.578920899465651, "log10_lambda": -4.616729313633098, "log10_min_child_weight": 4.32452589580803, "log10_subsample": -0.12758199034413475, "max_depth": 2.0, "num_boost_round": 39.0}, "datetime": {"datetime": "2024-01-19 00:28:55", "elapsed": 1028.256287, "delta": 0.001972}}
{"target": -17.677245127474958, "params": {"gamma": 435.5425280478543, "log10_alpha": -4.840063139463959, "log10_colsample_bytree": -0.1924524059826873, "log10_eta": -3.578920899465651, "log10_lambda": -4.616729313633098, "log10_min_child_weight": 4.32452589580803, "log10_subsample": -0.12758199034413475, "max_depth": 2.0, "num_boost_round": 40.0}, "datetime": {"datetime": "2024-01-19 00:28:55", "elapsed": 1028.258269, "delta": 0.001982}}
{"target": -17.67724771590068, "params": {"gamma": 435.5425280478543, "log10_alpha": -4.840063139463959, "log10_colsample_bytree": -0.1924524059826873, "log10_eta": -3.578920899465651, "log10_lambda": -4.616729313633098, "log10_min_child_weight": 4.32452589580803, "log10_subsample": -0.12758199034413475, "max_depth": 2.0, "num_boost_round": 41.0}, "datetime": {"datetime": "2024-01-19 00:28:55", "elapsed": 1028.260265, "delta": 0.001996}}
{"target": -17.677250166418176, "params": {"gamma": 435.5425280478543, "log10_alpha": -4.840063139463959, "log10_colsample_bytree": -0.1924524059826873, "log10_eta": -3.578920899465651, "log10_lambda": -4.616729313633098, "log10_min_child_weight": 4.32452589580803, "log10_subsample": -0.12758199034413475, "max_depth": 2.0, "num_boost_round": 42.0}, "datetime": {"datetime": "2024-01-19 00:28:55", "elapsed": 1028.262243, "delta": 0.001978}}
{"target": -17.677251361400295, "params": {"gamma": 435.5425280478543, "log10_alpha": -4.840063139463959, "log10_colsample_bytree": -0.1924524059826873, "log10_eta": -3.578920899465651, "log10_lambda": -4.616729313633098, "log10_min_child_weight": 4.32452589580803, "log10_subsample": -0.12758199034413475, "max_depth": 2.0, "num_boost_round": 43.0}, "datetime": {"datetime": "2024-01-19 00:28:55", "elapsed": 1028.264243, "delta": 0.002}}
{"target": -17.677249405236246, "params": {"gamma": 435.5425280478543, "log10_alpha": -4.840063139463959, "log10_colsample_bytree": -0.1924524059826873, "log10_eta": -3.578920899465651, "log10_lambda": -4.616729313633098, "log10_min_child_weight": 4.32452589580803, "log10_subsample": -0.12758199034413475, "max_depth": 2.0, "num_boost_round": 44.0}, "datetime": {"datetime": "2024-01-19 00:28:55", "elapsed": 1028.26622, "delta": 0.001977}}
{"target": -17.677248503728855, "params": {"gamma": 435.5425280478543, "log10_alpha": -4.840063139463959, "log10_colsample_bytree": -0.1924524059826873, "log10_eta": -3.578920899465651, "log10_lambda": -4.616729313633098, "log10_min_child_weight": 4.32452589580803, "log10_subsample": -0.12758199034413475, "max_depth": 2.0, "num_boost_round": 45.0}, "datetime": {"datetime": "2024-01-19 00:28:55", "elapsed": 1028.268247, "delta": 0.002027}}
{"target": -17.677254982246236, "params": {"gamma": 435.5425280478543, "log10_alpha": -4.840063139463959, "log10_colsample_bytree": -0.1924524059826873, "log10_eta": -3.578920899465651, "log10_lambda": -4.616729313633098, "log10_min_child_weight": 4.32452589580803, "log10_subsample": -0.12758199034413475, "max_depth": 2.0, "num_boost_round": 46.0}, "datetime": {"datetime": "2024-01-19 00:28:55", "elapsed": 1028.270255, "delta": 0.002008}}
{"target": -17.67725356355601, "params": {"gamma": 435.5425280478543, "log10_alpha": -4.840063139463959, "log10_colsample_bytree": -0.1924524059826873, "log10_eta": -3.578920899465651, "log10_lambda": -4.616729313633098, "log10_min_child_weight": 4.32452589580803, "log10_subsample": -0.12758199034413475, "max_depth": 2.0, "num_boost_round": 47.0}, "datetime": {"datetime": "2024-01-19 00:28:55", "elapsed": 1028.272253, "delta": 0.001998}}
{"target": -17.677251208017392, "params": {"gamma": 435.5425280478543, "log10_alpha": -4.840063139463959, "log10_colsample_bytree": -0.1924524059826873, "log10_eta": -3.578920899465651, "log10_lambda": -4.616729313633098, "log10_min_child_weight": 4.32452589580803, "log10_subsample": -0.12758199034413475, "max_depth": 2.0, "num_boost_round": 48.0}, "datetime": {"datetime": "2024-01-19 00:28:55", "elapsed": 1028.274217, "delta": 0.001964}}
{"target": -17.6772534115494, "params": {"gamma": 435.5425280478543, "log10_alpha": -4.840063139463959, "log10_colsample_bytree": -0.1924524059826873, "log10_eta": -3.578920899465651, "log10_lambda": -4.616729313633098, "log10_min_child_weight": 4.32452589580803, "log10_subsample": -0.12758199034413475, "max_depth": 2.0, "num_boost_round": 49.0}, "datetime": {"datetime": "2024-01-19 00:28:55", "elapsed": 1028.276257, "delta": 0.00204}}
{"target": -17.677253877335545, "params": {"gamma": 435.5425280478543, "log10_alpha": -4.840063139463959, "log10_colsample_bytree": -0.1924524059826873, "log10_eta": -3.578920899465651, "log10_lambda": -4.616729313633098, "log10_min_child_weight": 4.32452589580803, "log10_subsample": -0.12758199034413475, "max_depth": 2.0, "num_boost_round": 50.0}, "datetime": {"datetime": "2024-01-19 00:28:55", "elapsed": 1028.278222, "delta": 0.001965}}
{"target": -17.67725624203455, "params": {"gamma": 435.5425280478543, "log10_alpha": -4.840063139463959, "log10_colsample_bytree": -0.1924524059826873, "log10_eta": -3.578920899465651, "log10_lambda": -4.616729313633098, "log10_min_child_weight": 4.32452589580803, "log10_subsample": -0.12758199034413475, "max_depth": 2.0, "num_boost_round": 51.0}, "datetime": {"datetime": "2024-01-19 00:28:55", "elapsed": 1028.280196, "delta": 0.001974}}
{"target": -17.67725566161014, "params": {"gamma": 435.5425280478543, "log10_alpha": -4.840063139463959, "log10_colsample_bytree": -0.1924524059826873, "log10_eta": -3.578920899465651, "log10_lambda": -4.616729313633098, "log10_min_child_weight": 4.32452589580803, "log10_subsample": -0.12758199034413475, "max_depth": 2.0, "num_boost_round": 52.0}, "datetime": {"datetime": "2024-01-19 00:28:55", "elapsed": 1028.282176, "delta": 0.00198}}
{"target": -17.677258016947732, "params": {"gamma": 435.5425280478543, "log10_alpha": -4.840063139463959, "log10_colsample_bytree": -0.1924524059826873, "log10_eta": -3.578920899465651, "log10_lambda": -4.616729313633098, "log10_min_child_weight": 4.32452589580803, "log10_subsample": -0.12758199034413475, "max_depth": 2.0, "num_boost_round": 53.0}, "datetime": {"datetime": "2024-01-19 00:28:55", "elapsed": 1028.284217, "delta": 0.002041}}
{"target": -17.677255146686008, "params": {"gamma": 435.5425280478543, "log10_alpha": -4.840063139463959, "log10_colsample_bytree": -0.1924524059826873, "log10_eta": -3.578920899465651, "log10_lambda": -4.616729313633098, "log10_min_child_weight": 4.32452589580803, "log10_subsample": -0.12758199034413475, "max_depth": 2.0, "num_boost_round": 54.0}, "datetime": {"datetime": "2024-01-19 00:28:55", "elapsed": 1028.2862, "delta": 0.001983}}
{"target": -17.67725770644293, "params": {"gamma": 435.5425280478543, "log10_alpha": -4.840063139463959, "log10_colsample_bytree": -0.1924524059826873, "log10_eta": -3.578920899465651, "log10_lambda": -4.616729313633098, "log10_min_child_weight": 4.32452589580803, "log10_subsample": -0.12758199034413475, "max_depth": 2.0, "num_boost_round": 55.0}, "datetime": {"datetime": "2024-01-19 00:28:55", "elapsed": 1028.28822, "delta": 0.00202}}
{"target": -17.677253619682475, "params": {"gamma": 435.5425280478543, "log10_alpha": -4.840063139463959, "log10_colsample_bytree": -0.1924524059826873, "log10_eta": -3.578920899465651, "log10_lambda": -4.616729313633098, "log10_min_child_weight": 4.32452589580803, "log10_subsample": -0.12758199034413475, "max_depth": 2.0, "num_boost_round": 56.0}, "datetime": {"datetime": "2024-01-19 00:28:55", "elapsed": 1028.29081, "delta": 0.00259}}
{"target": -17.677252181334442, "params": {"gamma": 435.5425280478543, "log10_alpha": -4.840063139463959, "log10_colsample_bytree": -0.1924524059826873, "log10_eta": -3.578920899465651, "log10_lambda": -4.616729313633098, "log10_min_child_weight": 4.32452589580803, "log10_subsample": -0.12758199034413475, "max_depth": 2.0, "num_boost_round": 57.0}, "datetime": {"datetime": "2024-01-19 00:28:55", "elapsed": 1028.29282, "delta": 0.00201}}
{"target": -17.677249492134166, "params": {"gamma": 435.5425280478543, "log10_alpha": -4.840063139463959, "log10_colsample_bytree": -0.1924524059826873, "log10_eta": -3.578920899465651, "log10_lambda": -4.616729313633098, "log10_min_child_weight": 4.32452589580803, "log10_subsample": -0.12758199034413475, "max_depth": 2.0, "num_boost_round": 58.0}, "datetime": {"datetime": "2024-01-19 00:28:55", "elapsed": 1028.39227, "delta": 0.09945}}
{"target": -17.67724748990409, "params": {"gamma": 435.5425280478543, "log10_alpha": -4.840063139463959, "log10_colsample_bytree": -0.1924524059826873, "log10_eta": -3.578920899465651, "log10_lambda": -4.616729313633098, "log10_min_child_weight": 4.32452589580803, "log10_subsample": -0.12758199034413475, "max_depth": 2.0, "num_boost_round": 59.0}, "datetime": {"datetime": "2024-01-19 00:28:55", "elapsed": 1028.394839, "delta": 0.002569}}
{"target": -17.677242817140044, "params": {"gamma": 435.5425280478543, "log10_alpha": -4.840063139463959, "log10_colsample_bytree": -0.1924524059826873, "log10_eta": -3.578920899465651, "log10_lambda": -4.616729313633098, "log10_min_child_weight": 4.32452589580803, "log10_subsample": -0.12758199034413475, "max_depth": 2.0, "num_boost_round": 60.0}, "datetime": {"datetime": "2024-01-19 00:28:55", "elapsed": 1028.397021, "delta": 0.002182}}
{"target": -17.67461258069193, "params": {"gamma": 423.45042828303525, "log10_alpha": -1.0228990878828519, "log10_colsample_bytree": -0.557988816786497, "log10_eta": -0.9857012992124838, "log10_lambda": -4.949675780277236, "log10_min_child_weight": 1.0395670828088561, "log10_subsample": -0.5091575740699764, "max_depth": 2.0, "num_boost_round": 0.0}, "datetime": {"datetime": "2024-01-19 00:29:22", "elapsed": 1055.454994, "delta": 27.057973}}
{"target": -17.67323022256886, "params": {"gamma": 423.45042828303525, "log10_alpha": -1.0228990878828519, "log10_colsample_bytree": -0.557988816786497, "log10_eta": -0.9857012992124838, "log10_lambda": -4.949675780277236, "log10_min_child_weight": 1.0395670828088561, "log10_subsample": -0.5091575740699764, "max_depth": 2.0, "num_boost_round": 1.0}, "datetime": {"datetime": "2024-01-19 00:29:22", "elapsed": 1055.457402, "delta": 0.002408}}
{"target": -17.67166389497684, "params": {"gamma": 423.45042828303525, "log10_alpha": -1.0228990878828519, "log10_colsample_bytree": -0.557988816786497, "log10_eta": -0.9857012992124838, "log10_lambda": -4.949675780277236, "log10_min_child_weight": 1.0395670828088561, "log10_subsample": -0.5091575740699764, "max_depth": 2.0, "num_boost_round": 2.0}, "datetime": {"datetime": "2024-01-19 00:29:22", "elapsed": 1055.460278, "delta": 0.002876}}
{"target": -17.67149206322895, "params": {"gamma": 423.45042828303525, "log10_alpha": -1.0228990878828519, "log10_colsample_bytree": -0.557988816786497, "log10_eta": -0.9857012992124838, "log10_lambda": -4.949675780277236, "log10_min_child_weight": 1.0395670828088561, "log10_subsample": -0.5091575740699764, "max_depth": 2.0, "num_boost_round": 3.0}, "datetime": {"datetime": "2024-01-19 00:29:22", "elapsed": 1055.463373, "delta": 0.003095}}
{"target": -17.671818696504136, "params": {"gamma": 423.45042828303525, "log10_alpha": -1.0228990878828519, "log10_colsample_bytree": -0.557988816786497, "log10_eta": -0.9857012992124838, "log10_lambda": -4.949675780277236, "log10_min_child_weight": 1.0395670828088561, "log10_subsample": -0.5091575740699764, "max_depth": 2.0, "num_boost_round": 4.0}, "datetime": {"datetime": "2024-01-19 00:29:22", "elapsed": 1055.465615, "delta": 0.002242}}
{"target": -17.672876504907354, "params": {"gamma": 423.45042828303525, "log10_alpha": -1.0228990878828519, "log10_colsample_bytree": -0.557988816786497, "log10_eta": -0.9857012992124838, "log10_lambda": -4.949675780277236, "log10_min_child_weight": 1.0395670828088561, "log10_subsample": -0.5091575740699764, "max_depth": 2.0, "num_boost_round": 5.0}, "datetime": {"datetime": "2024-01-19 00:29:22", "elapsed": 1055.467884, "delta": 0.002269}}
{"target": -17.674101650081653, "params": {"gamma": 423.45042828303525, "log10_alpha": -1.0228990878828519, "log10_colsample_bytree": -0.557988816786497, "log10_eta": -0.9857012992124838, "log10_lambda": -4.949675780277236, "log10_min_child_weight": 1.0395670828088561, "log10_subsample": -0.5091575740699764, "max_depth": 2.0, "num_boost_round": 6.0}, "datetime": {"datetime": "2024-01-19 00:29:22", "elapsed": 1055.470067, "delta": 0.002183}}
{"target": -17.673762150104473, "params": {"gamma": 423.45042828303525, "log10_alpha": -1.0228990878828519, "log10_colsample_bytree": -0.557988816786497, "log10_eta": -0.9857012992124838, "log10_lambda": -4.949675780277236, "log10_min_child_weight": 1.0395670828088561, "log10_subsample": -0.5091575740699764, "max_depth": 2.0, "num_boost_round": 7.0}, "datetime": {"datetime": "2024-01-19 00:29:22", "elapsed": 1055.472299, "delta": 0.002232}}
{"target": -17.673317520799543, "params": {"gamma": 423.45042828303525, "log10_alpha": -1.0228990878828519, "log10_colsample_bytree": -0.557988816786497, "log10_eta": -0.9857012992124838, "log10_lambda": -4.949675780277236, "log10_min_child_weight": 1.0395670828088561, "log10_subsample": -0.5091575740699764, "max_depth": 2.0, "num_boost_round": 8.0}, "datetime": {"datetime": "2024-01-19 00:29:22", "elapsed": 1055.474436, "delta": 0.002137}}
{"target": -17.67399602196714, "params": {"gamma": 423.45042828303525, "log10_alpha": -1.0228990878828519, "log10_colsample_bytree": -0.557988816786497, "log10_eta": -0.9857012992124838, "log10_lambda": -4.949675780277236, "log10_min_child_weight": 1.0395670828088561, "log10_subsample": -0.5091575740699764, "max_depth": 2.0, "num_boost_round": 9.0}, "datetime": {"datetime": "2024-01-19 00:29:22", "elapsed": 1055.476564, "delta": 0.002128}}
{"target": -17.675520027384483, "params": {"gamma": 423.45042828303525, "log10_alpha": -1.0228990878828519, "log10_colsample_bytree": -0.557988816786497, "log10_eta": -0.9857012992124838, "log10_lambda": -4.949675780277236, "log10_min_child_weight": 1.0395670828088561, "log10_subsample": -0.5091575740699764, "max_depth": 2.0, "num_boost_round": 10.0}, "datetime": {"datetime": "2024-01-19 00:29:22", "elapsed": 1055.478784, "delta": 0.00222}}
{"target": -17.675173058311085, "params": {"gamma": 423.45042828303525, "log10_alpha": -1.0228990878828519, "log10_colsample_bytree": -0.557988816786497, "log10_eta": -0.9857012992124838, "log10_lambda": -4.949675780277236, "log10_min_child_weight": 1.0395670828088561, "log10_subsample": -0.5091575740699764, "max_depth": 2.0, "num_boost_round": 11.0}, "datetime": {"datetime": "2024-01-19 00:29:22", "elapsed": 1055.480993, "delta": 0.002209}}
