{"target": -13.7567592767742, "params": {"gamma": 76.30828937395717, "log10_alpha": -0.3204872465593125, "log10_colsample_bytree": -0.5615907685591065, "log10_eta": -1.1061392886762351, "log10_lambda": 0.8679370719796164, "log10_min_child_weight": 2.6924793520521684, "log10_subsample": -0.4988795363400621, "max_depth": 2.0, "num_boost_round": 0.0}, "datetime": {"datetime": "2024-01-19 00:11:40", "elapsed": 0.0, "delta": 0.0}}
{"target": -13.755836838558844, "params": {"gamma": 76.30828937395717, "log10_alpha": -0.3204872465593125, "log10_colsample_bytree": -0.5615907685591065, "log10_eta": -1.1061392886762351, "log10_lambda": 0.8679370719796164, "log10_min_child_weight": 2.6924793520521684, "log10_subsample": -0.4988795363400621, "max_depth": 2.0, "num_boost_round": 1.0}, "datetime": {"datetime": "2024-01-19 00:11:40", "elapsed": 0.026987, "delta": 0.026987}}
{"target": -13.756391606699962, "params": {"gamma": 76.30828937395717, "log10_alpha": -0.3204872465593125, "log10_colsample_bytree": -0.5615907685591065, "log10_eta": -1.1061392886762351, "log10_lambda": 0.8679370719796164, "log10_min_child_weight": 2.6924793520521684, "log10_subsample": -0.4988795363400621, "max_depth": 2.0, "num_boost_round": 2.0}, "datetime": {"datetime": "2024-01-19 00:11:40", "elapsed": 0.027198, "delta": 0.000211}}
{"target": -13.756494466040467, "params": {"gamma": 76.30828937395717, "log10_alpha": -0.3204872465593125, "log10_colsample_bytree": -0.5615907685591065, "log10_eta": -1.1061392886762351, "log10_lambda": 0.8679370719796164, "log10_min_child_weight": 2.6924793520521684, "log10_subsample": -0.4988795363400621, "max_depth": 2.0, "num_boost_round": 3.0}, "datetime": {"datetime": "2024-01-19 00:11:40", "elapsed": 0.027351, "delta": 0.000153}}
{"target": -13.756867007050435, "params": {"gamma": 76.30828937395717, "log10_alpha": -0.3204872465593125, "log10_colsample_bytree": -0.5615907685591065, "log10_eta": -1.1061392886762351, "log10_lambda": 0.8679370719796164, "log10_min_child_weight": 2.6924793520521684, "log10_subsample": -0.4988795363400621, "max_depth": 2.0, "num_boost_round": 4.0}, "datetime": {"datetime": "2024-01-19 00:11:40", "elapsed": 0.027499, "delta": 0.000148}}
{"target": -13.757654698681089, "params": {"gamma": 76.30828937395717, "log10_alpha": -0.3204872465593125, "log10_colsample_bytree": -0.5615907685591065, "log10_eta": -1.1061392886762351, "log10_lambda": 0.8679370719796164, "log10_min_child_weight": 2.6924793520521684, "log10_subsample": -0.4988795363400621, "max_depth": 2.0, "num_boost_round": 5.0}, "datetime": {"datetime": "2024-01-19 00:11:40", "elapsed": 0.027643, "delta": 0.000144}}
{"target": -13.758341845973371, "params": {"gamma": 76.30828937395717, "log10_alpha": -0.3204872465593125, "log10_colsample_bytree": -0.5615907685591065, "log10_eta": -1.1061392886762351, "log10_lambda": 0.8679370719796164, "log10_min_child_weight": 2.6924793520521684, "log10_subsample": -0.4988795363400621, "max_depth": 2.0, "num_boost_round": 6.0}, "datetime": {"datetime": "2024-01-19 00:11:40", "elapsed": 0.027787, "delta": 0.000144}}
{"target": -13.759983656428817, "params": {"gamma": 76.30828937395717, "log10_alpha": -0.3204872465593125, "log10_colsample_bytree": -0.5615907685591065, "log10_eta": -1.1061392886762351, "log10_lambda": 0.8679370719796164, "log10_min_child_weight": 2.6924793520521684, "log10_subsample": -0.4988795363400621, "max_depth": 2.0, "num_boost_round": 7.0}, "datetime": {"datetime": "2024-01-19 00:11:40", "elapsed": 0.027956, "delta": 0.000169}}
{"target": -13.759549745998534, "params": {"gamma": 76.30828937395717, "log10_alpha": -0.3204872465593125, "log10_colsample_bytree": -0.5615907685591065, "log10_eta": -1.1061392886762351, "log10_lambda": 0.8679370719796164, "log10_min_child_weight": 2.6924793520521684, "log10_subsample": -0.4988795363400621, "max_depth": 2.0, "num_boost_round": 8.0}, "datetime": {"datetime": "2024-01-19 00:11:40", "elapsed": 0.028117, "delta": 0.000161}}
{"target": -13.759012367595197, "params": {"gamma": 76.30828937395717, "log10_alpha": -0.3204872465593125, "log10_colsample_bytree": -0.5615907685591065, "log10_eta": -1.1061392886762351, "log10_lambda": 0.8679370719796164, "log10_min_child_weight": 2.6924793520521684, "log10_subsample": -0.4988795363400621, "max_depth": 2.0, "num_boost_round": 9.0}, "datetime": {"datetime": "2024-01-19 00:11:40", "elapsed": 0.032939, "delta": 0.004822}}
{"target": -13.75828367744257, "params": {"gamma": 76.30828937395717, "log10_alpha": -0.3204872465593125, "log10_colsample_bytree": -0.5615907685591065, "log10_eta": -1.1061392886762351, "log10_lambda": 0.8679370719796164, "log10_min_child_weight": 2.6924793520521684, "log10_subsample": -0.4988795363400621, "max_depth": 2.0, "num_boost_round": 10.0}, "datetime": {"datetime": "2024-01-19 00:11:40", "elapsed": 0.033256, "delta": 0.000317}}
{"target": -13.757947780929653, "params": {"gamma": 76.30828937395717, "log10_alpha": -0.3204872465593125, "log10_colsample_bytree": -0.5615907685591065, "log10_eta": -1.1061392886762351, "log10_lambda": 0.8679370719796164, "log10_min_child_weight": 2.6924793520521684, "log10_subsample": -0.4988795363400621, "max_depth": 2.0, "num_boost_round": 11.0}, "datetime": {"datetime": "2024-01-19 00:11:40", "elapsed": 0.033518, "delta": 0.000262}}
{"target": -13.757227123648327, "params": {"gamma": 76.30828937395717, "log10_alpha": -0.3204872465593125, "log10_colsample_bytree": -0.5615907685591065, "log10_eta": -1.1061392886762351, "log10_lambda": 0.8679370719796164, "log10_min_child_weight": 2.6924793520521684, "log10_subsample": -0.4988795363400621, "max_depth": 2.0, "num_boost_round": 12.0}, "datetime": {"datetime": "2024-01-19 00:11:40", "elapsed": 0.033767, "delta": 0.000249}}
{"target": -13.758822902344951, "params": {"gamma": 76.30828937395717, "log10_alpha": -0.3204872465593125, "log10_colsample_bytree": -0.5615907685591065, "log10_eta": -1.1061392886762351, "log10_lambda": 0.8679370719796164, "log10_min_child_weight": 2.6924793520521684, "log10_subsample": -0.4988795363400621, "max_depth": 2.0, "num_boost_round": 13.0}, "datetime": {"datetime": "2024-01-19 00:11:40", "elapsed": 0.033993, "delta": 0.000226}}
{"target": -13.759489992791229, "params": {"gamma": 76.30828937395717, "log10_alpha": -0.3204872465593125, "log10_colsample_bytree": -0.5615907685591065, "log10_eta": -1.1061392886762351, "log10_lambda": 0.8679370719796164, "log10_min_child_weight": 2.6924793520521684, "log10_subsample": -0.4988795363400621, "max_depth": 2.0, "num_boost_round": 14.0}, "datetime": {"datetime": "2024-01-19 00:11:40", "elapsed": 0.03424, "delta": 0.000247}}
{"target": -13.759610318106606, "params": {"gamma": 76.30828937395717, "log10_alpha": -0.3204872465593125, "log10_colsample_bytree": -0.5615907685591065, "log10_eta": -1.1061392886762351, "log10_lambda": 0.8679370719796164, "log10_min_child_weight": 2.6924793520521684, "log10_subsample": -0.4988795363400621, "max_depth": 2.0, "num_boost_round": 15.0}, "datetime": {"datetime": "2024-01-19 00:11:40", "elapsed": 0.034397, "delta": 0.000157}}
{"target": -13.75984949485822, "params": {"gamma": 76.30828937395717, "log10_alpha": -0.3204872465593125, "log10_colsample_bytree": -0.5615907685591065, "log10_eta": -1.1061392886762351, "log10_lambda": 0.8679370719796164, "log10_min_child_weight": 2.6924793520521684, "log10_subsample": -0.4988795363400621, "max_depth": 2.0, "num_boost_round": 16.0}, "datetime": {"datetime": "2024-01-19 00:11:40", "elapsed": 0.034546, "delta": 0.000149}}
{"target": -13.760333077105265, "params": {"gamma": 76.30828937395717, "log10_alpha": -0.3204872465593125, "log10_colsample_bytree": -0.5615907685591065, "log10_eta": -1.1061392886762351, "log10_lambda": 0.8679370719796164, "log10_min_child_weight": 2.6924793520521684, "log10_subsample": -0.4988795363400621, "max_depth": 2.0, "num_boost_round": 17.0}, "datetime": {"datetime": "2024-01-19 00:11:40", "elapsed": 0.034691, "delta": 0.000145}}
{"target": -13.761131411678207, "params": {"gamma": 76.30828937395717, "log10_alpha": -0.3204872465593125, "log10_colsample_bytree": -0.5615907685591065, "log10_eta": -1.1061392886762351, "log10_lambda": 0.8679370719796164, "log10_min_child_weight": 2.6924793520521684, "log10_subsample": -0.4988795363400621, "max_depth": 2.0, "num_boost_round": 18.0}, "datetime": {"datetime": "2024-01-19 00:11:40", "elapsed": 0.034853, "delta": 0.000162}}
{"target": -13.762252908026122, "params": {"gamma": 76.30828937395717, "log10_alpha": -0.3204872465593125, "log10_colsample_bytree": -0.5615907685591065, "log10_eta": -1.1061392886762351, "log10_lambda": 0.8679370719796164, "log10_min_child_weight": 2.6924793520521684, "log10_subsample": -0.4988795363400621, "max_depth": 2.0, "num_boost_round": 19.0}, "datetime": {"datetime": "2024-01-19 00:11:40", "elapsed": 0.035009, "delta": 0.000156}}
{"target": -13.763332183547469, "params": {"gamma": 76.30828937395717, "log10_alpha": -0.3204872465593125, "log10_colsample_bytree": -0.5615907685591065, "log10_eta": -1.1061392886762351, "log10_lambda": 0.8679370719796164, "log10_min_child_weight": 2.6924793520521684, "log10_subsample": -0.4988795363400621, "max_depth": 2.0, "num_boost_round": 20.0}, "datetime": {"datetime": "2024-01-19 00:11:40", "elapsed": 0.035167, "delta": 0.000158}}
{"target": -13.763671866780498, "params": {"gamma": 76.30828937395717, "log10_alpha": -0.3204872465593125, "log10_colsample_bytree": -0.5615907685591065, "log10_eta": -1.1061392886762351, "log10_lambda": 0.8679370719796164, "log10_min_child_weight": 2.6924793520521684, "log10_subsample": -0.4988795363400621, "max_depth": 2.0, "num_boost_round": 21.0}, "datetime": {"datetime": "2024-01-19 00:11:40", "elapsed": 0.03532, "delta": 0.000153}}
{"target": -13.7634059448259, "params": {"gamma": 76.30828937395717, "log10_alpha": -0.3204872465593125, "log10_colsample_bytree": -0.5615907685591065, "log10_eta": -1.1061392886762351, "log10_lambda": 0.8679370719796164, "log10_min_child_weight": 2.6924793520521684, "log10_subsample": -0.4988795363400621, "max_depth": 2.0, "num_boost_round": 22.0}, "datetime": {"datetime": "2024-01-19 00:11:40", "elapsed": 0.035492, "delta": 0.000172}}
{"target": -13.764308861510889, "params": {"gamma": 76.30828937395717, "log10_alpha": -0.3204872465593125, "log10_colsample_bytree": -0.5615907685591065, "log10_eta": -1.1061392886762351, "log10_lambda": 0.8679370719796164, "log10_min_child_weight": 2.6924793520521684, "log10_subsample": -0.4988795363400621, "max_depth": 2.0, "num_boost_round": 23.0}, "datetime": {"datetime": "2024-01-19 00:11:40", "elapsed": 0.035731, "delta": 0.000239}}
{"target": -13.764640448337783, "params": {"gamma": 76.30828937395717, "log10_alpha": -0.3204872465593125, "log10_colsample_bytree": -0.5615907685591065, "log10_eta": -1.1061392886762351, "log10_lambda": 0.8679370719796164, "log10_min_child_weight": 2.6924793520521684, "log10_subsample": -0.4988795363400621, "max_depth": 2.0, "num_boost_round": 24.0}, "datetime": {"datetime": "2024-01-19 00:11:40", "elapsed": 0.035968, "delta": 0.000237}}
{"target": -13.76735742662965, "params": {"gamma": 76.30828937395717, "log10_alpha": -0.3204872465593125, "log10_colsample_bytree": -0.5615907685591065, "log10_eta": -1.1061392886762351, "log10_lambda": 0.8679370719796164, "log10_min_child_weight": 2.6924793520521684, "log10_subsample": -0.4988795363400621, "max_depth": 2.0, "num_boost_round": 25.0}, "datetime": {"datetime": "2024-01-19 00:11:40", "elapsed": 0.036172, "delta": 0.000204}}
{"target": -13.76789013041078, "params": {"gamma": 76.30828937395717, "log10_alpha": -0.3204872465593125, "log10_colsample_bytree": -0.5615907685591065, "log10_eta": -1.1061392886762351, "log10_lambda": 0.8679370719796164, "log10_min_child_weight": 2.6924793520521684, "log10_subsample": -0.4988795363400621, "max_depth": 2.0, "num_boost_round": 26.0}, "datetime": {"datetime": "2024-01-19 00:11:40", "elapsed": 0.036366, "delta": 0.000194}}
{"target": -13.76795834735715, "params": {"gamma": 76.30828937395717, "log10_alpha": -0.3204872465593125, "log10_colsample_bytree": -0.5615907685591065, "log10_eta": -1.1061392886762351, "log10_lambda": 0.8679370719796164, "log10_min_child_weight": 2.6924793520521684, "log10_subsample": -0.4988795363400621, "max_depth": 2.0, "num_boost_round": 27.0}, "datetime": {"datetime": "2024-01-19 00:11:40", "elapsed": 0.036572, "delta": 0.000206}}
{"target": -13.769692545419828, "params": {"gamma": 76.30828937395717, "log10_alpha": -0.3204872465593125, "log10_colsample_bytree": -0.5615907685591065, "log10_eta": -1.1061392886762351, "log10_lambda": 0.8679370719796164, "log10_min_child_weight": 2.6924793520521684, "log10_subsample": -0.4988795363400621, "max_depth": 2.0, "num_boost_round": 28.0}, "datetime": {"datetime": "2024-01-19 00:11:40", "elapsed": 0.036775, "delta": 0.000203}}
{"target": -13.770805355942153, "params": {"gamma": 76.30828937395717, "log10_alpha": -0.3204872465593125, "log10_colsample_bytree": -0.5615907685591065, "log10_eta": -1.1061392886762351, "log10_lambda": 0.8679370719796164, "log10_min_child_weight": 2.6924793520521684, "log10_subsample": -0.4988795363400621, "max_depth": 2.0, "num_boost_round": 29.0}, "datetime": {"datetime": "2024-01-19 00:11:40", "elapsed": 0.036982, "delta": 0.000207}}
{"target": -13.771043443287434, "params": {"gamma": 76.30828937395717, "log10_alpha": -0.3204872465593125, "log10_colsample_bytree": -0.5615907685591065, "log10_eta": -1.1061392886762351, "log10_lambda": 0.8679370719796164, "log10_min_child_weight": 2.6924793520521684, "log10_subsample": -0.4988795363400621, "max_depth": 2.0, "num_boost_round": 30.0}, "datetime": {"datetime": "2024-01-19 00:11:40", "elapsed": 0.037185, "delta": 0.000203}}
{"target": -13.770531234042018, "params": {"gamma": 76.30828937395717, "log10_alpha": -0.3204872465593125, "log10_colsample_bytree": -0.5615907685591065, "log10_eta": -1.1061392886762351, "log10_lambda": 0.8679370719796164, "log10_min_child_weight": 2.6924793520521684, "log10_subsample": -0.4988795363400621, "max_depth": 2.0, "num_boost_round": 31.0}, "datetime": {"datetime": "2024-01-19 00:11:40", "elapsed": 0.03739, "delta": 0.000205}}
{"target": -13.771992621771936, "params": {"gamma": 76.30828937395717, "log10_alpha": -0.3204872465593125, "log10_colsample_bytree": -0.5615907685591065, "log10_eta": -1.1061392886762351, "log10_lambda": 0.8679370719796164, "log10_min_child_weight": 2.6924793520521684, "log10_subsample": -0.4988795363400621, "max_depth": 2.0, "num_boost_round": 32.0}, "datetime": {"datetime": "2024-01-19 00:11:40", "elapsed": 0.037594, "delta": 0.000204}}
{"target": -13.771803752416268, "params": {"gamma": 76.30828937395717, "log10_alpha": -0.3204872465593125, "log10_colsample_bytree": -0.5615907685591065, "log10_eta": -1.1061392886762351, "log10_lambda": 0.8679370719796164, "log10_min_child_weight": 2.6924793520521684, "log10_subsample": -0.4988795363400621, "max_depth": 2.0, "num_boost_round": 33.0}, "datetime": {"datetime": "2024-01-19 00:11:40", "elapsed": 0.037823, "delta": 0.000229}}
{"target": -13.77358041800468, "params": {"gamma": 76.30828937395717, "log10_alpha": -0.3204872465593125, "log10_colsample_bytree": -0.5615907685591065, "log10_eta": -1.1061392886762351, "log10_lambda": 0.8679370719796164, "log10_min_child_weight": 2.6924793520521684, "log10_subsample": -0.4988795363400621, "max_depth": 2.0, "num_boost_round": 34.0}, "datetime": {"datetime": "2024-01-19 00:11:40", "elapsed": 0.038045, "delta": 0.000222}}
{"target": -13.773935925248187, "params": {"gamma": 76.30828937395717, "log10_alpha": -0.3204872465593125, "log10_colsample_bytree": -0.5615907685591065, "log10_eta": -1.1061392886762351, "log10_lambda": 0.8679370719796164, "log10_min_child_weight": 2.6924793520521684, "log10_subsample": -0.4988795363400621, "max_depth": 2.0, "num_boost_round": 35.0}, "datetime": {"datetime": "2024-01-19 00:11:40", "elapsed": 0.038263, "delta": 0.000218}}
{"target": -13.774371383431673, "params": {"gamma": 76.30828937395717, "log10_alpha": -0.3204872465593125, "log10_colsample_bytree": -0.5615907685591065, "log10_eta": -1.1061392886762351, "log10_lambda": 0.8679370719796164, "log10_min_child_weight": 2.6924793520521684, "log10_subsample": -0.4988795363400621, "max_depth": 2.0, "num_boost_round": 36.0}, "datetime": {"datetime": "2024-01-19 00:11:40", "elapsed": 0.038475, "delta": 0.000212}}
{"target": -13.775098868612178, "params": {"gamma": 76.30828937395717, "log10_alpha": -0.3204872465593125, "log10_colsample_bytree": -0.5615907685591065, "log10_eta": -1.1061392886762351, "log10_lambda": 0.8679370719796164, "log10_min_child_weight": 2.6924793520521684, "log10_subsample": -0.4988795363400621, "max_depth": 2.0, "num_boost_round": 37.0}, "datetime": {"datetime": "2024-01-19 00:11:40", "elapsed": 0.038675, "delta": 0.0002}}
{"target": -13.774548075921066, "params": {"gamma": 76.30828937395717, "log10_alpha": -0.3204872465593125, "log10_colsample_bytree": -0.5615907685591065, "log10_eta": -1.1061392886762351, "log10_lambda": 0.8679370719796164, "log10_min_child_weight": 2.6924793520521684, "log10_subsample": -0.4988795363400621, "max_depth": 2.0, "num_boost_round": 38.0}, "datetime": {"datetime": "2024-01-19 00:11:40", "elapsed": 0.038904, "delta": 0.000229}}
{"target": -13.774676978693215, "params": {"gamma": 76.30828937395717, "log10_alpha": -0.3204872465593125, "log10_colsample_bytree": -0.5615907685591065, "log10_eta": -1.1061392886762351, "log10_lambda": 0.8679370719796164, "log10_min_child_weight": 2.6924793520521684, "log10_subsample": -0.4988795363400621, "max_depth": 2.0, "num_boost_round": 39.0}, "datetime": {"datetime": "2024-01-19 00:11:40", "elapsed": 0.039119, "delta": 0.000215}}
{"target": -13.775452405089496, "params": {"gamma": 76.30828937395717, "log10_alpha": -0.3204872465593125, "log10_colsample_bytree": -0.5615907685591065, "log10_eta": -1.1061392886762351, "log10_lambda": 0.8679370719796164, "log10_min_child_weight": 2.6924793520521684, "log10_subsample": -0.4988795363400621, "max_depth": 2.0, "num_boost_round": 40.0}, "datetime": {"datetime": "2024-01-19 00:11:40", "elapsed": 0.03936, "delta": 0.000241}}
{"target": -13.777148729548689, "params": {"gamma": 76.30828937395717, "log10_alpha": -0.3204872465593125, "log10_colsample_bytree": -0.5615907685591065, "log10_eta": -1.1061392886762351, "log10_lambda": 0.8679370719796164, "log10_min_child_weight": 2.6924793520521684, "log10_subsample": -0.4988795363400621, "max_depth": 2.0, "num_boost_round": 41.0}, "datetime": {"datetime": "2024-01-19 00:11:40", "elapsed": 0.039575, "delta": 0.000215}}
{"target": -13.77730111452429, "params": {"gamma": 76.30828937395717, "log10_alpha": -0.3204872465593125, "log10_colsample_bytree": -0.5615907685591065, "log10_eta": -1.1061392886762351, "log10_lambda": 0.8679370719796164, "log10_min_child_weight": 2.6924793520521684, "log10_subsample": -0.4988795363400621, "max_depth": 2.0, "num_boost_round": 42.0}, "datetime": {"datetime": "2024-01-19 00:11:40", "elapsed": 0.039807, "delta": 0.000232}}
{"target": -13.777389074213081, "params": {"gamma": 76.30828937395717, "log10_alpha": -0.3204872465593125, "log10_colsample_bytree": -0.5615907685591065, "log10_eta": -1.1061392886762351, "log10_lambda": 0.8679370719796164, "log10_min_child_weight": 2.6924793520521684, "log10_subsample": -0.4988795363400621, "max_depth": 2.0, "num_boost_round": 43.0}, "datetime": {"datetime": "2024-01-19 00:11:40", "elapsed": 0.040036, "delta": 0.000229}}
{"target": -13.777929075922735, "params": {"gamma": 76.30828937395717, "log10_alpha": -0.3204872465593125, "log10_colsample_bytree": -0.5615907685591065, "log10_eta": -1.1061392886762351, "log10_lambda": 0.8679370719796164, "log10_min_child_weight": 2.6924793520521684, "log10_subsample": -0.4988795363400621, "max_depth": 2.0, "num_boost_round": 44.0}, "datetime": {"datetime": "2024-01-19 00:11:40", "elapsed": 0.040275, "delta": 0.000239}}
{"target": -13.77694231590547, "params": {"gamma": 76.30828937395717, "log10_alpha": -0.3204872465593125, "log10_colsample_bytree": -0.5615907685591065, "log10_eta": -1.1061392886762351, "log10_lambda": 0.8679370719796164, "log10_min_child_weight": 2.6924793520521684, "log10_subsample": -0.4988795363400621, "max_depth": 2.0, "num_boost_round": 45.0}, "datetime": {"datetime": "2024-01-19 00:11:40", "elapsed": 0.040495, "delta": 0.00022}}
{"target": -13.77691035215049, "params": {"gamma": 76.30828937395717, "log10_alpha": -0.3204872465593125, "log10_colsample_bytree": -0.5615907685591065, "log10_eta": -1.1061392886762351, "log10_lambda": 0.8679370719796164, "log10_min_child_weight": 2.6924793520521684, "log10_subsample": -0.4988795363400621, "max_depth": 2.0, "num_boost_round": 46.0}, "datetime": {"datetime": "2024-01-19 00:11:40", "elapsed": 0.040722, "delta": 0.000227}}
{"target": -13.77690408213506, "params": {"gamma": 76.30828937395717, "log10_alpha": -0.3204872465593125, "log10_colsample_bytree": -0.5615907685591065, "log10_eta": -1.1061392886762351, "log10_lambda": 0.8679370719796164, "log10_min_child_weight": 2.6924793520521684, "log10_subsample": -0.4988795363400621, "max_depth": 2.0, "num_boost_round": 47.0}, "datetime": {"datetime": "2024-01-19 00:11:40", "elapsed": 0.040961, "delta": 0.000239}}
{"target": -13.777519656332553, "params": {"gamma": 76.30828937395717, "log10_alpha": -0.3204872465593125, "log10_colsample_bytree": -0.5615907685591065, "log10_eta": -1.1061392886762351, "log10_lambda": 0.8679370719796164, "log10_min_child_weight": 2.6924793520521684, "log10_subsample": -0.4988795363400621, "max_depth": 2.0, "num_boost_round": 48.0}, "datetime": {"datetime": "2024-01-19 00:11:40", "elapsed": 0.041198, "delta": 0.000237}}
