{"target": -13.758369481668435, "params": {"gamma": 139.04095696719577, "log10_alpha": -3.440317322477963, "log10_colsample_bytree": -0.8864329626907297, "log10_eta": -2.549388272365508, "log10_lambda": 0.43932429411242513, "log10_min_child_weight": 0.7052219696163287, "log10_subsample": -0.2965002941755711, "max_depth": 2.0, "num_boost_round": 10.0}, "datetime": {"datetime": "2024-01-19 00:42:25", "elapsed": 1853.191749, "delta": 0.002284}}
{"target": -13.75832278200852, "params": {"gamma": 139.04095696719577, "log10_alpha": -3.440317322477963, "log10_colsample_bytree": -0.8864329626907297, "log10_eta": -2.549388272365508, "log10_lambda": 0.43932429411242513, "log10_min_child_weight": 0.7052219696163287, "log10_subsample": -0.2965002941755711, "max_depth": 2.0, "num_boost_round": 11.0}, "datetime": {"datetime": "2024-01-19 00:42:25", "elapsed": 1853.193932, "delta": 0.002183}}
{"target": -13.758296245566449, "params": {"gamma": 139.04095696719577, "log10_alpha": -3.440317322477963, "log10_colsample_bytree": -0.8864329626907297, "log10_eta": -2.549388272365508, "log10_lambda": 0.43932429411242513, "log10_min_child_weight": 0.7052219696163287, "log10_subsample": -0.2965002941755711, "max_depth": 2.0, "num_boost_round": 12.0}, "datetime": {"datetime": "2024-01-19 00:42:25", "elapsed": 1853.195976, "delta": 0.002044}}
{"target": -13.758241645313158, "params": {"gamma": 139.04095696719577, "log10_alpha": -3.440317322477963, "log10_colsample_bytree": -0.8864329626907297, "log10_eta": -2.549388272365508, "log10_lambda": 0.43932429411242513, "log10_min_child_weight": 0.7052219696163287, "log10_subsample": -0.2965002941755711, "max_depth": 2.0, "num_boost_round": 13.0}, "datetime": {"datetime": "2024-01-19 00:42:25", "elapsed": 1853.198083, "delta": 0.002107}}
{"target": -13.758231093431363, "params": {"gamma": 139.04095696719577, "log10_alpha": -3.440317322477963, "log10_colsample_bytree": -0.8864329626907297, "log10_eta": -2.549388272365508, "log10_lambda": 0.43932429411242513, "log10_min_child_weight": 0.7052219696163287, "log10_subsample": -0.2965002941755711, "max_depth": 2.0, "num_boost_round": 14.0}, "datetime": {"datetime": "2024-01-19 00:42:25", "elapsed": 1853.200268, "delta": 0.002185}}
{"target": -13.758202155838013, "params": {"gamma": 139.04095696719577, "log10_alpha": -3.440317322477963, "log10_colsample_bytree": -0.8864329626907297, "log10_eta": -2.549388272365508, "log10_lambda": 0.43932429411242513, "log10_min_child_weight": 0.7052219696163287, "log10_subsample": -0.2965002941755711, "max_depth": 2.0, "num_boost_round": 15.0}, "datetime": {"datetime": "2024-01-19 00:42:25", "elapsed": 1853.202317, "delta": 0.002049}}
{"target": -13.758181838974343, "params": {"gamma": 139.04095696719577, "log10_alpha": -3.440317322477963, "log10_colsample_bytree": -0.8864329626907297, "log10_eta": -2.549388272365508, "log10_lambda": 0.43932429411242513, "log10_min_child_weight": 0.7052219696163287, "log10_subsample": -0.2965002941755711, "max_depth": 2.0, "num_boost_round": 16.0}, "datetime": {"datetime": "2024-01-19 00:42:25", "elapsed": 1853.204393, "delta": 0.002076}}
{"target": -13.758525184663478, "params": {"gamma": 128.98430694710538, "log10_alpha": -2.2824819390093696, "log10_colsample_bytree": -0.4558930510490833, "log10_eta": -2.5651735657398786, "log10_lambda": -3.6690459433880536, "log10_min_child_weight": 4.52981510477849, "log10_subsample": -0.7525529812099552, "max_depth": 5.0, "num_boost_round": 0.0}, "datetime": {"datetime": "2024-01-19 00:42:50", "elapsed": 1878.567914, "delta": 25.363521}}
{"target": -13.758508244259287, "params": {"gamma": 128.98430694710538, "log10_alpha": -2.2824819390093696, "log10_colsample_bytree": -0.4558930510490833, "log10_eta": -2.5651735657398786, "log10_lambda": -3.6690459433880536, "log10_min_child_weight": 4.52981510477849, "log10_subsample": -0.7525529812099552, "max_depth": 5.0, "num_boost_round": 1.0}, "datetime": {"datetime": "2024-01-19 00:42:50", "elapsed": 1878.570763, "delta": 0.002849}}
{"target": -13.758504397406496, "params": {"gamma": 128.98430694710538, "log10_alpha": -2.2824819390093696, "log10_colsample_bytree": -0.4558930510490833, "log10_eta": -2.5651735657398786, "log10_lambda": -3.6690459433880536, "log10_min_child_weight": 4.52981510477849, "log10_subsample": -0.7525529812099552, "max_depth": 5.0, "num_boost_round": 2.0}, "datetime": {"datetime": "2024-01-19 00:42:51", "elapsed": 1878.573413, "delta": 0.00265}}
{"target": -13.758499242310583, "params": {"gamma": 128.98430694710538, "log10_alpha": -2.2824819390093696, "log10_colsample_bytree": -0.4558930510490833, "log10_eta": -2.5651735657398786, "log10_lambda": -3.6690459433880536, "log10_min_child_weight": 4.52981510477849, "log10_subsample": -0.7525529812099552, "max_depth": 5.0, "num_boost_round": 3.0}, "datetime": {"datetime": "2024-01-19 00:42:51", "elapsed": 1878.575556, "delta": 0.002143}}
{"target": -13.75849479316151, "params": {"gamma": 128.98430694710538, "log10_alpha": -2.2824819390093696, "log10_colsample_bytree": -0.4558930510490833, "log10_eta": -2.5651735657398786, "log10_lambda": -3.6690459433880536, "log10_min_child_weight": 4.52981510477849, "log10_subsample": -0.7525529812099552, "max_depth": 5.0, "num_boost_round": 4.0}, "datetime": {"datetime": "2024-01-19 00:42:51", "elapsed": 1878.577797, "delta": 0.002241}}
{"target": -13.758494104348657, "params": {"gamma": 128.98430694710538, "log10_alpha": -2.2824819390093696, "log10_colsample_bytree": -0.4558930510490833, "log10_eta": -2.5651735657398786, "log10_lambda": -3.6690459433880536, "log10_min_child_weight": 4.52981510477849, "log10_subsample": -0.7525529812099552, "max_depth": 5.0, "num_boost_round": 5.0}, "datetime": {"datetime": "2024-01-19 00:42:51", "elapsed": 1878.580127, "delta": 0.00233}}
{"target": -13.758483815635243, "params": {"gamma": 128.98430694710538, "log10_alpha": -2.2824819390093696, "log10_colsample_bytree": -0.4558930510490833, "log10_eta": -2.5651735657398786, "log10_lambda": -3.6690459433880536, "log10_min_child_weight": 4.52981510477849, "log10_subsample": -0.7525529812099552, "max_depth": 5.0, "num_boost_round": 6.0}, "datetime": {"datetime": "2024-01-19 00:42:51", "elapsed": 1878.582228, "delta": 0.002101}}
{"target": -13.758488831782856, "params": {"gamma": 128.98430694710538, "log10_alpha": -2.2824819390093696, "log10_colsample_bytree": -0.4558930510490833, "log10_eta": -2.5651735657398786, "log10_lambda": -3.6690459433880536, "log10_min_child_weight": 4.52981510477849, "log10_subsample": -0.7525529812099552, "max_depth": 5.0, "num_boost_round": 7.0}, "datetime": {"datetime": "2024-01-19 00:42:51", "elapsed": 1878.584323, "delta": 0.002095}}
{"target": -13.75848539672911, "params": {"gamma": 128.98430694710538, "log10_alpha": -2.2824819390093696, "log10_colsample_bytree": -0.4558930510490833, "log10_eta": -2.5651735657398786, "log10_lambda": -3.6690459433880536, "log10_min_child_weight": 4.52981510477849, "log10_subsample": -0.7525529812099552, "max_depth": 5.0, "num_boost_round": 8.0}, "datetime": {"datetime": "2024-01-19 00:42:51", "elapsed": 1878.586452, "delta": 0.002129}}
{"target": -13.758475859579251, "params": {"gamma": 128.98430694710538, "log10_alpha": -2.2824819390093696, "log10_colsample_bytree": -0.4558930510490833, "log10_eta": -2.5651735657398786, "log10_lambda": -3.6690459433880536, "log10_min_child_weight": 4.52981510477849, "log10_subsample": -0.7525529812099552, "max_depth": 5.0, "num_boost_round": 9.0}, "datetime": {"datetime": "2024-01-19 00:42:51", "elapsed": 1878.588525, "delta": 0.002073}}
{"target": -13.758471874983396, "params": {"gamma": 128.98430694710538, "log10_alpha": -2.2824819390093696, "log10_colsample_bytree": -0.4558930510490833, "log10_eta": -2.5651735657398786, "log10_lambda": -3.6690459433880536, "log10_min_child_weight": 4.52981510477849, "log10_subsample": -0.7525529812099552, "max_depth": 5.0, "num_boost_round": 10.0}, "datetime": {"datetime": "2024-01-19 00:42:51", "elapsed": 1878.590609, "delta": 0.002084}}
{"target": -13.758457256535909, "params": {"gamma": 128.98430694710538, "log10_alpha": -2.2824819390093696, "log10_colsample_bytree": -0.4558930510490833, "log10_eta": -2.5651735657398786, "log10_lambda": -3.6690459433880536, "log10_min_child_weight": 4.52981510477849, "log10_subsample": -0.7525529812099552, "max_depth": 5.0, "num_boost_round": 11.0}, "datetime": {"datetime": "2024-01-19 00:42:51", "elapsed": 1878.592932, "delta": 0.002323}}
{"target": -13.758468364112288, "params": {"gamma": 128.98430694710538, "log10_alpha": -2.2824819390093696, "log10_colsample_bytree": -0.4558930510490833, "log10_eta": -2.5651735657398786, "log10_lambda": -3.6690459433880536, "log10_min_child_weight": 4.52981510477849, "log10_subsample": -0.7525529812099552, "max_depth": 5.0, "num_boost_round": 12.0}, "datetime": {"datetime": "2024-01-19 00:42:51", "elapsed": 1878.595046, "delta": 0.002114}}
{"target": -13.758535964281482, "params": {"gamma": 139.89252133635011, "log10_alpha": 0.7440011505898321, "log10_colsample_bytree": -0.26956538091841276, "log10_eta": -3.7699628075703044, "log10_lambda": -1.2191255885705146, "log10_min_child_weight": 3.3534993497727204, "log10_subsample": -0.7043373130748528, "max_depth": 6.0, "num_boost_round": 0.0}, "datetime": {"datetime": "2024-01-19 00:43:13", "elapsed": 1901.022238, "delta": 22.427192}}
{"target": -13.758529881144172, "params": {"gamma": 139.89252133635011, "log10_alpha": 0.7440011505898321, "log10_colsample_bytree": -0.26956538091841276, "log10_eta": -3.7699628075703044, "log10_lambda": -1.2191255885705146, "log10_min_child_weight": 3.3534993497727204, "log10_subsample": -0.7043373130748528, "max_depth": 6.0, "num_boost_round": 1.0}, "datetime": {"datetime": "2024-01-19 00:43:13", "elapsed": 1901.025276, "delta": 0.003038}}
{"target": -13.758530251140863, "params": {"gamma": 139.89252133635011, "log10_alpha": 0.7440011505898321, "log10_colsample_bytree": -0.26956538091841276, "log10_eta": -3.7699628075703044, "log10_lambda": -1.2191255885705146, "log10_min_child_weight": 3.3534993497727204, "log10_subsample": -0.7043373130748528, "max_depth": 6.0, "num_boost_round": 2.0}, "datetime": {"datetime": "2024-01-19 00:43:13", "elapsed": 1901.027725, "delta": 0.002449}}
{"target": -13.758530025219962, "params": {"gamma": 139.89252133635011, "log10_alpha": 0.7440011505898321, "log10_colsample_bytree": -0.26956538091841276, "log10_eta": -3.7699628075703044, "log10_lambda": -1.2191255885705146, "log10_min_child_weight": 3.3534993497727204, "log10_subsample": -0.7043373130748528, "max_depth": 6.0, "num_boost_round": 3.0}, "datetime": {"datetime": "2024-01-19 00:43:13", "elapsed": 1901.029886, "delta": 0.002161}}
{"target": -13.758530485174484, "params": {"gamma": 139.89252133635011, "log10_alpha": 0.7440011505898321, "log10_colsample_bytree": -0.26956538091841276, "log10_eta": -3.7699628075703044, "log10_lambda": -1.2191255885705146, "log10_min_child_weight": 3.3534993497727204, "log10_subsample": -0.7043373130748528, "max_depth": 6.0, "num_boost_round": 4.0}, "datetime": {"datetime": "2024-01-19 00:43:13", "elapsed": 1901.032143, "delta": 0.002257}}
{"target": -13.75852981466614, "params": {"gamma": 139.89252133635011, "log10_alpha": 0.7440011505898321, "log10_colsample_bytree": -0.26956538091841276, "log10_eta": -3.7699628075703044, "log10_lambda": -1.2191255885705146, "log10_min_child_weight": 3.3534993497727204, "log10_subsample": -0.7043373130748528, "max_depth": 6.0, "num_boost_round": 5.0}, "datetime": {"datetime": "2024-01-19 00:43:13", "elapsed": 1901.034269, "delta": 0.002126}}
{"target": -13.758529288683121, "params": {"gamma": 139.89252133635011, "log10_alpha": 0.7440011505898321, "log10_colsample_bytree": -0.26956538091841276, "log10_eta": -3.7699628075703044, "log10_lambda": -1.2191255885705146, "log10_min_child_weight": 3.3534993497727204, "log10_subsample": -0.7043373130748528, "max_depth": 6.0, "num_boost_round": 6.0}, "datetime": {"datetime": "2024-01-19 00:43:13", "elapsed": 1901.036672, "delta": 0.002403}}
{"target": -13.758526004011474, "params": {"gamma": 139.89252133635011, "log10_alpha": 0.7440011505898321, "log10_colsample_bytree": -0.26956538091841276, "log10_eta": -3.7699628075703044, "log10_lambda": -1.2191255885705146, "log10_min_child_weight": 3.3534993497727204, "log10_subsample": -0.7043373130748528, "max_depth": 6.0, "num_boost_round": 7.0}, "datetime": {"datetime": "2024-01-19 00:43:13", "elapsed": 1901.039163, "delta": 0.002491}}
{"target": -13.75852052196687, "params": {"gamma": 139.89252133635011, "log10_alpha": 0.7440011505898321, "log10_colsample_bytree": -0.26956538091841276, "log10_eta": -3.7699628075703044, "log10_lambda": -1.2191255885705146, "log10_min_child_weight": 3.3534993497727204, "log10_subsample": -0.7043373130748528, "max_depth": 6.0, "num_boost_round": 8.0}, "datetime": {"datetime": "2024-01-19 00:43:13", "elapsed": 1901.041456, "delta": 0.002293}}
{"target": -13.758519582680579, "params": {"gamma": 139.89252133635011, "log10_alpha": 0.7440011505898321, "log10_colsample_bytree": -0.26956538091841276, "log10_eta": -3.7699628075703044, "log10_lambda": -1.2191255885705146, "log10_min_child_weight": 3.3534993497727204, "log10_subsample": -0.7043373130748528, "max_depth": 6.0, "num_boost_round": 9.0}, "datetime": {"datetime": "2024-01-19 00:43:13", "elapsed": 1901.043712, "delta": 0.002256}}
{"target": -13.758535656901214, "params": {"gamma": 153.77031367415483, "log10_alpha": -0.847957263671975, "log10_colsample_bytree": -0.7390741117799087, "log10_eta": -3.875441224336309, "log10_lambda": 0.6896883086010632, "log10_min_child_weight": 0.6996141037146164, "log10_subsample": -0.3519577584911773, "max_depth": 4.0, "num_boost_round": 0.0}, "datetime": {"datetime": "2024-01-19 00:43:39", "elapsed": 1927.420033, "delta": 26.376321}}
{"target": -13.75853478686129, "params": {"gamma": 153.77031367415483, "log10_alpha": -0.847957263671975, "log10_colsample_bytree": -0.7390741117799087, "log10_eta": -3.875441224336309, "log10_lambda": 0.6896883086010632, "log10_min_child_weight": 0.6996141037146164, "log10_subsample": -0.3519577584911773, "max_depth": 4.0, "num_boost_round": 1.0}, "datetime": {"datetime": "2024-01-19 00:43:39", "elapsed": 1927.422538, "delta": 0.002505}}
{"target": -13.758532066100765, "params": {"gamma": 153.77031367415483, "log10_alpha": -0.847957263671975, "log10_colsample_bytree": -0.7390741117799087, "log10_eta": -3.875441224336309, "log10_lambda": 0.6896883086010632, "log10_min_child_weight": 0.6996141037146164, "log10_subsample": -0.3519577584911773, "max_depth": 4.0, "num_boost_round": 2.0}, "datetime": {"datetime": "2024-01-19 00:43:39", "elapsed": 1927.425071, "delta": 0.002533}}
{"target": -13.758528553768018, "params": {"gamma": 153.77031367415483, "log10_alpha": -0.847957263671975, "log10_colsample_bytree": -0.7390741117799087, "log10_eta": -3.875441224336309, "log10_lambda": 0.6896883086010632, "log10_min_child_weight": 0.6996141037146164, "log10_subsample": -0.3519577584911773, "max_depth": 4.0, "num_boost_round": 3.0}, "datetime": {"datetime": "2024-01-19 00:43:39", "elapsed": 1927.427215, "delta": 0.002144}}
{"target": -13.758528281798165, "params": {"gamma": 153.77031367415483, "log10_alpha": -0.847957263671975, "log10_colsample_bytree": -0.7390741117799087, "log10_eta": -3.875441224336309, "log10_lambda": 0.6896883086010632, "log10_min_child_weight": 0.6996141037146164, "log10_subsample": -0.3519577584911773, "max_depth": 4.0, "num_boost_round": 4.0}, "datetime": {"datetime": "2024-01-19 00:43:39", "elapsed": 1927.429387, "delta": 0.002172}}
{"target": -13.758526745565412, "params": {"gamma": 153.77031367415483, "log10_alpha": -0.847957263671975, "log10_colsample_bytree": -0.7390741117799087, "log10_eta": -3.875441224336309, "log10_lambda": 0.6896883086010632, "log10_min_child_weight": 0.6996141037146164, "log10_subsample": -0.3519577584911773, "max_depth": 4.0, "num_boost_round": 5.0}, "datetime": {"datetime": "2024-01-19 00:43:39", "elapsed": 1927.431593, "delta": 0.002206}}
{"target": -13.758524634846308, "params": {"gamma": 153.77031367415483, "log10_alpha": -0.847957263671975, "log10_colsample_bytree": -0.7390741117799087, "log10_eta": -3.875441224336309, "log10_lambda": 0.6896883086010632, "log10_min_child_weight": 0.6996141037146164, "log10_subsample": -0.3519577584911773, "max_depth": 4.0, "num_boost_round": 6.0}, "datetime": {"datetime": "2024-01-19 00:43:39", "elapsed": 1927.433789, "delta": 0.002196}}
{"target": -13.758522263680389, "params": {"gamma": 153.77031367415483, "log10_alpha": -0.847957263671975, "log10_colsample_bytree": -0.7390741117799087, "log10_eta": -3.875441224336309, "log10_lambda": 0.6896883086010632, "log10_min_child_weight": 0.6996141037146164, "log10_subsample": -0.3519577584911773, "max_depth": 4.0, "num_boost_round": 7.0}, "datetime": {"datetime": "2024-01-19 00:43:39", "elapsed": 1927.436019, "delta": 0.00223}}
{"target": -13.758521563733165, "params": {"gamma": 153.77031367415483, "log10_alpha": -0.847957263671975, "log10_colsample_bytree": -0.7390741117799087, "log10_eta": -3.875441224336309, "log10_lambda": 0.6896883086010632, "log10_min_child_weight": 0.6996141037146164, "log10_subsample": -0.3519577584911773, "max_depth": 4.0, "num_boost_round": 8.0}, "datetime": {"datetime": "2024-01-19 00:43:39", "elapsed": 1927.438195, "delta": 0.002176}}
{"target": -13.758521608662164, "params": {"gamma": 153.77031367415483, "log10_alpha": -0.847957263671975, "log10_colsample_bytree": -0.7390741117799087, "log10_eta": -3.875441224336309, "log10_lambda": 0.6896883086010632, "log10_min_child_weight": 0.6996141037146164, "log10_subsample": -0.3519577584911773, "max_depth": 4.0, "num_boost_round": 9.0}, "datetime": {"datetime": "2024-01-19 00:43:39", "elapsed": 1927.440344, "delta": 0.002149}}
{"target": -13.75852000395059, "params": {"gamma": 153.77031367415483, "log10_alpha": -0.847957263671975, "log10_colsample_bytree": -0.7390741117799087, "log10_eta": -3.875441224336309, "log10_lambda": 0.6896883086010632, "log10_min_child_weight": 0.6996141037146164, "log10_subsample": -0.3519577584911773, "max_depth": 4.0, "num_boost_round": 10.0}, "datetime": {"datetime": "2024-01-19 00:43:39", "elapsed": 1927.442494, "delta": 0.00215}}
{"target": -13.758518101942244, "params": {"gamma": 153.77031367415483, "log10_alpha": -0.847957263671975, "log10_colsample_bytree": -0.7390741117799087, "log10_eta": -3.875441224336309, "log10_lambda": 0.6896883086010632, "log10_min_child_weight": 0.6996141037146164, "log10_subsample": -0.3519577584911773, "max_depth": 4.0, "num_boost_round": 11.0}, "datetime": {"datetime": "2024-01-19 00:43:39", "elapsed": 1927.444735, "delta": 0.002241}}
{"target": -13.75851570889352, "params": {"gamma": 153.77031367415483, "log10_alpha": -0.847957263671975, "log10_colsample_bytree": -0.7390741117799087, "log10_eta": -3.875441224336309, "log10_lambda": 0.6896883086010632, "log10_min_child_weight": 0.6996141037146164, "log10_subsample": -0.3519577584911773, "max_depth": 4.0, "num_boost_round": 12.0}, "datetime": {"datetime": "2024-01-19 00:43:39", "elapsed": 1927.446977, "delta": 0.002242}}
{"target": -13.758509853427235, "params": {"gamma": 153.77031367415483, "log10_alpha": -0.847957263671975, "log10_colsample_bytree": -0.7390741117799087, "log10_eta": -3.875441224336309, "log10_lambda": 0.6896883086010632, "log10_min_child_weight": 0.6996141037146164, "log10_subsample": -0.3519577584911773, "max_depth": 4.0, "num_boost_round": 13.0}, "datetime": {"datetime": "2024-01-19 00:43:39", "elapsed": 1927.44913, "delta": 0.002153}}
{"target": -13.758510591767209, "params": {"gamma": 153.77031367415483, "log10_alpha": -0.847957263671975, "log10_colsample_bytree": -0.7390741117799087, "log10_eta": -3.875441224336309, "log10_lambda": 0.6896883086010632, "log10_min_child_weight": 0.6996141037146164, "log10_subsample": -0.3519577584911773, "max_depth": 4.0, "num_boost_round": 14.0}, "datetime": {"datetime": "2024-01-19 00:43:39", "elapsed": 1927.45128, "delta": 0.00215}}
{"target": -13.758509080323213, "params": {"gamma": 153.77031367415483, "log10_alpha": -0.847957263671975, "log10_colsample_bytree": -0.7390741117799087, "log10_eta": -3.875441224336309, "log10_lambda": 0.6896883086010632, "log10_min_child_weight": 0.6996141037146164, "log10_subsample": -0.3519577584911773, "max_depth": 4.0, "num_boost_round": 15.0}, "datetime": {"datetime": "2024-01-19 00:43:39", "elapsed": 1927.453446, "delta": 0.002166}}
{"target": -13.758508254317643, "params": {"gamma": 153.77031367415483, "log10_alpha": -0.847957263671975, "log10_colsample_bytree": -0.7390741117799087, "log10_eta": -3.875441224336309, "log10_lambda": 0.6896883086010632, "log10_min_child_weight": 0.6996141037146164, "log10_subsample": -0.3519577584911773, "max_depth": 4.0, "num_boost_round": 16.0}, "datetime": {"datetime": "2024-01-19 00:43:39", "elapsed": 1927.455616, "delta": 0.00217}}
{"target": -13.758507227922435, "params": {"gamma": 153.77031367415483, "log10_alpha": -0.847957263671975, "log10_colsample_bytree": -0.7390741117799087, "log10_eta": -3.875441224336309, "log10_lambda": 0.6896883086010632, "log10_min_child_weight": 0.6996141037146164, "log10_subsample": -0.3519577584911773, "max_depth": 4.0, "num_boost_round": 17.0}, "datetime": {"datetime": "2024-01-19 00:43:39", "elapsed": 1927.457815, "delta": 0.002199}}
{"target": -13.758535525900719, "params": {"gamma": 142.3285023060289, "log10_alpha": -2.266125275625563, "log10_colsample_bytree": -0.9853384195135819, "log10_eta": -2.781122847196831, "log10_lambda": -3.675989947612223, "log10_min_child_weight": 1.9053992058929858, "log10_subsample": -0.786474045127098, "max_depth": 2.0, "num_boost_round": 0.0}, "datetime": {"datetime": "2024-01-19 00:44:06", "elapsed": 1953.894109, "delta": 26.436294}}
