{"target": -17.676467954340065, "params": {"gamma": 418.90424466610534, "log10_alpha": -4.128122411898813, "log10_colsample_bytree": -0.0365452898235229, "log10_eta": -2.499352392787545, "log10_lambda": -3.840985996764987, "log10_min_child_weight": 1.079259490457432, "log10_subsample": -0.00864707197176151, "max_depth": 2.0, "num_boost_round": 8.0}, "datetime": {"datetime": "2024-01-19 00:34:56", "elapsed": 1388.696562, "delta": 0.002381}}
{"target": -17.67639120924665, "params": {"gamma": 418.90424466610534, "log10_alpha": -4.128122411898813, "log10_colsample_bytree": -0.0365452898235229, "log10_eta": -2.499352392787545, "log10_lambda": -3.840985996764987, "log10_min_child_weight": 1.079259490457432, "log10_subsample": -0.00864707197176151, "max_depth": 2.0, "num_boost_round": 9.0}, "datetime": {"datetime": "2024-01-19 00:34:56", "elapsed": 1388.69895, "delta": 0.002388}}
{"target": -17.676316252324042, "params": {"gamma": 418.90424466610534, "log10_alpha": -4.128122411898813, "log10_colsample_bytree": -0.0365452898235229, "log10_eta": -2.499352392787545, "log10_lambda": -3.840985996764987, "log10_min_child_weight": 1.079259490457432, "log10_subsample": -0.00864707197176151, "max_depth": 2.0, "num_boost_round": 10.0}, "datetime": {"datetime": "2024-01-19 00:34:56", "elapsed": 1388.701466, "delta": 0.002516}}
{"target": -17.676242890243344, "params": {"gamma": 418.90424466610534, "log10_alpha": -4.128122411898813, "log10_colsample_bytree": -0.0365452898235229, "log10_eta": -2.499352392787545, "log10_lambda": -3.840985996764987, "log10_min_child_weight": 1.079259490457432, "log10_subsample": -0.00864707197176151, "max_depth": 2.0, "num_boost_round": 11.0}, "datetime": {"datetime": "2024-01-19 00:34:56", "elapsed": 1388.703955, "delta": 0.002489}}
{"target": -17.998984951020276, "params": {"gamma": 446.60630279567357, "log10_alpha": -2.611578315324591, "log10_colsample_bytree": -0.3500526475439014, "log10_eta": -0.04714171686577595, "log10_lambda": -0.6236755644695906, "log10_min_child_weight": 0.8360763661718851, "log10_subsample": -0.7062120893345823, "max_depth": 6.0, "num_boost_round": 0.0}, "datetime": {"datetime": "2024-01-19 00:35:19", "elapsed": 1412.29059, "delta": 23.586635}}
{"target": -18.18283051490758, "params": {"gamma": 446.60630279567357, "log10_alpha": -2.611578315324591, "log10_colsample_bytree": -0.3500526475439014, "log10_eta": -0.04714171686577595, "log10_lambda": -0.6236755644695906, "log10_min_child_weight": 0.8360763661718851, "log10_subsample": -0.7062120893345823, "max_depth": 6.0, "num_boost_round": 1.0}, "datetime": {"datetime": "2024-01-19 00:35:19", "elapsed": 1412.293611, "delta": 0.003021}}
{"target": -18.76441860181292, "params": {"gamma": 446.60630279567357, "log10_alpha": -2.611578315324591, "log10_colsample_bytree": -0.3500526475439014, "log10_eta": -0.04714171686577595, "log10_lambda": -0.6236755644695906, "log10_min_child_weight": 0.8360763661718851, "log10_subsample": -0.7062120893345823, "max_depth": 6.0, "num_boost_round": 2.0}, "datetime": {"datetime": "2024-01-19 00:35:19", "elapsed": 1412.296142, "delta": 0.002531}}
{"target": -18.85944161334537, "params": {"gamma": 446.60630279567357, "log10_alpha": -2.611578315324591, "log10_colsample_bytree": -0.3500526475439014, "log10_eta": -0.04714171686577595, "log10_lambda": -0.6236755644695906, "log10_min_child_weight": 0.8360763661718851, "log10_subsample": -0.7062120893345823, "max_depth": 6.0, "num_boost_round": 3.0}, "datetime": {"datetime": "2024-01-19 00:35:19", "elapsed": 1412.298573, "delta": 0.002431}}
{"target": -18.9496965389618, "params": {"gamma": 446.60630279567357, "log10_alpha": -2.611578315324591, "log10_colsample_bytree": -0.3500526475439014, "log10_eta": -0.04714171686577595, "log10_lambda": -0.6236755644695906, "log10_min_child_weight": 0.8360763661718851, "log10_subsample": -0.7062120893345823, "max_depth": 6.0, "num_boost_round": 4.0}, "datetime": {"datetime": "2024-01-19 00:35:19", "elapsed": 1412.301134, "delta": 0.002561}}
{"target": -19.499906453746224, "params": {"gamma": 446.60630279567357, "log10_alpha": -2.611578315324591, "log10_colsample_bytree": -0.3500526475439014, "log10_eta": -0.04714171686577595, "log10_lambda": -0.6236755644695906, "log10_min_child_weight": 0.8360763661718851, "log10_subsample": -0.7062120893345823, "max_depth": 6.0, "num_boost_round": 5.0}, "datetime": {"datetime": "2024-01-19 00:35:19", "elapsed": 1412.303676, "delta": 0.002542}}
{"target": -19.63966040468735, "params": {"gamma": 446.60630279567357, "log10_alpha": -2.611578315324591, "log10_colsample_bytree": -0.3500526475439014, "log10_eta": -0.04714171686577595, "log10_lambda": -0.6236755644695906, "log10_min_child_weight": 0.8360763661718851, "log10_subsample": -0.7062120893345823, "max_depth": 6.0, "num_boost_round": 6.0}, "datetime": {"datetime": "2024-01-19 00:35:19", "elapsed": 1412.306178, "delta": 0.002502}}
{"target": -19.761280948524448, "params": {"gamma": 446.60630279567357, "log10_alpha": -2.611578315324591, "log10_colsample_bytree": -0.3500526475439014, "log10_eta": -0.04714171686577595, "log10_lambda": -0.6236755644695906, "log10_min_child_weight": 0.8360763661718851, "log10_subsample": -0.7062120893345823, "max_depth": 6.0, "num_boost_round": 7.0}, "datetime": {"datetime": "2024-01-19 00:35:19", "elapsed": 1412.308627, "delta": 0.002449}}
{"target": -19.865072723678917, "params": {"gamma": 446.60630279567357, "log10_alpha": -2.611578315324591, "log10_colsample_bytree": -0.3500526475439014, "log10_eta": -0.04714171686577595, "log10_lambda": -0.6236755644695906, "log10_min_child_weight": 0.8360763661718851, "log10_subsample": -0.7062120893345823, "max_depth": 6.0, "num_boost_round": 8.0}, "datetime": {"datetime": "2024-01-19 00:35:19", "elapsed": 1412.311093, "delta": 0.002466}}
{"target": -19.913869326923933, "params": {"gamma": 446.60630279567357, "log10_alpha": -2.611578315324591, "log10_colsample_bytree": -0.3500526475439014, "log10_eta": -0.04714171686577595, "log10_lambda": -0.6236755644695906, "log10_min_child_weight": 0.8360763661718851, "log10_subsample": -0.7062120893345823, "max_depth": 6.0, "num_boost_round": 9.0}, "datetime": {"datetime": "2024-01-19 00:35:19", "elapsed": 1412.31349, "delta": 0.002397}}
{"target": -19.976267955512824, "params": {"gamma": 446.60630279567357, "log10_alpha": -2.611578315324591, "log10_colsample_bytree": -0.3500526475439014, "log10_eta": -0.04714171686577595, "log10_lambda": -0.6236755644695906, "log10_min_child_weight": 0.8360763661718851, "log10_subsample": -0.7062120893345823, "max_depth": 6.0, "num_boost_round": 10.0}, "datetime": {"datetime": "2024-01-19 00:35:19", "elapsed": 1412.315893, "delta": 0.002403}}
{"target": -20.03740482546669, "params": {"gamma": 446.60630279567357, "log10_alpha": -2.611578315324591, "log10_colsample_bytree": -0.3500526475439014, "log10_eta": -0.04714171686577595, "log10_lambda": -0.6236755644695906, "log10_min_child_weight": 0.8360763661718851, "log10_subsample": -0.7062120893345823, "max_depth": 6.0, "num_boost_round": 11.0}, "datetime": {"datetime": "2024-01-19 00:35:19", "elapsed": 1412.318293, "delta": 0.0024}}
{"target": -17.677011495669518, "params": {"gamma": 457.1302826203618, "log10_alpha": -2.6603993464691253, "log10_colsample_bytree": -0.220131863350559, "log10_eta": -1.024924451269834, "log10_lambda": -2.652489596038855, "log10_min_child_weight": 4.887861247882369, "log10_subsample": -0.7293049596524326, "max_depth": 9.0, "num_boost_round": 0.0}, "datetime": {"datetime": "2024-01-19 00:35:50", "elapsed": 1443.622063, "delta": 31.30377}}
{"target": -17.677218628512964, "params": {"gamma": 457.1302826203618, "log10_alpha": -2.6603993464691253, "log10_colsample_bytree": -0.220131863350559, "log10_eta": -1.024924451269834, "log10_lambda": -2.652489596038855, "log10_min_child_weight": 4.887861247882369, "log10_subsample": -0.7293049596524326, "max_depth": 9.0, "num_boost_round": 1.0}, "datetime": {"datetime": "2024-01-19 00:35:50", "elapsed": 1443.625178, "delta": 0.003115}}
{"target": -17.676512950395306, "params": {"gamma": 457.1302826203618, "log10_alpha": -2.6603993464691253, "log10_colsample_bytree": -0.220131863350559, "log10_eta": -1.024924451269834, "log10_lambda": -2.652489596038855, "log10_min_child_weight": 4.887861247882369, "log10_subsample": -0.7293049596524326, "max_depth": 9.0, "num_boost_round": 2.0}, "datetime": {"datetime": "2024-01-19 00:35:50", "elapsed": 1443.627995, "delta": 0.002817}}
{"target": -17.675651085154758, "params": {"gamma": 457.1302826203618, "log10_alpha": -2.6603993464691253, "log10_colsample_bytree": -0.220131863350559, "log10_eta": -1.024924451269834, "log10_lambda": -2.652489596038855, "log10_min_child_weight": 4.887861247882369, "log10_subsample": -0.7293049596524326, "max_depth": 9.0, "num_boost_round": 3.0}, "datetime": {"datetime": "2024-01-19 00:35:50", "elapsed": 1443.630594, "delta": 0.002599}}
{"target": -17.67518278464717, "params": {"gamma": 457.1302826203618, "log10_alpha": -2.6603993464691253, "log10_colsample_bytree": -0.220131863350559, "log10_eta": -1.024924451269834, "log10_lambda": -2.652489596038855, "log10_min_child_weight": 4.887861247882369, "log10_subsample": -0.7293049596524326, "max_depth": 9.0, "num_boost_round": 4.0}, "datetime": {"datetime": "2024-01-19 00:35:50", "elapsed": 1443.633035, "delta": 0.002441}}
{"target": -17.675087766715137, "params": {"gamma": 457.1302826203618, "log10_alpha": -2.6603993464691253, "log10_colsample_bytree": -0.220131863350559, "log10_eta": -1.024924451269834, "log10_lambda": -2.652489596038855, "log10_min_child_weight": 4.887861247882369, "log10_subsample": -0.7293049596524326, "max_depth": 9.0, "num_boost_round": 5.0}, "datetime": {"datetime": "2024-01-19 00:35:50", "elapsed": 1443.635524, "delta": 0.002489}}
{"target": -17.675172138008374, "params": {"gamma": 457.1302826203618, "log10_alpha": -2.6603993464691253, "log10_colsample_bytree": -0.220131863350559, "log10_eta": -1.024924451269834, "log10_lambda": -2.652489596038855, "log10_min_child_weight": 4.887861247882369, "log10_subsample": -0.7293049596524326, "max_depth": 9.0, "num_boost_round": 6.0}, "datetime": {"datetime": "2024-01-19 00:35:50", "elapsed": 1443.637984, "delta": 0.00246}}
{"target": -17.675086140307894, "params": {"gamma": 457.1302826203618, "log10_alpha": -2.6603993464691253, "log10_colsample_bytree": -0.220131863350559, "log10_eta": -1.024924451269834, "log10_lambda": -2.652489596038855, "log10_min_child_weight": 4.887861247882369, "log10_subsample": -0.7293049596524326, "max_depth": 9.0, "num_boost_round": 7.0}, "datetime": {"datetime": "2024-01-19 00:35:50", "elapsed": 1443.640429, "delta": 0.002445}}
{"target": -17.675589262836628, "params": {"gamma": 457.1302826203618, "log10_alpha": -2.6603993464691253, "log10_colsample_bytree": -0.220131863350559, "log10_eta": -1.024924451269834, "log10_lambda": -2.652489596038855, "log10_min_child_weight": 4.887861247882369, "log10_subsample": -0.7293049596524326, "max_depth": 9.0, "num_boost_round": 8.0}, "datetime": {"datetime": "2024-01-19 00:35:50", "elapsed": 1443.642962, "delta": 0.002533}}
{"target": -17.675732931707966, "params": {"gamma": 457.1302826203618, "log10_alpha": -2.6603993464691253, "log10_colsample_bytree": -0.220131863350559, "log10_eta": -1.024924451269834, "log10_lambda": -2.652489596038855, "log10_min_child_weight": 4.887861247882369, "log10_subsample": -0.7293049596524326, "max_depth": 9.0, "num_boost_round": 9.0}, "datetime": {"datetime": "2024-01-19 00:35:50", "elapsed": 1443.645413, "delta": 0.002451}}
{"target": -17.67532488725581, "params": {"gamma": 457.1302826203618, "log10_alpha": -2.6603993464691253, "log10_colsample_bytree": -0.220131863350559, "log10_eta": -1.024924451269834, "log10_lambda": -2.652489596038855, "log10_min_child_weight": 4.887861247882369, "log10_subsample": -0.7293049596524326, "max_depth": 9.0, "num_boost_round": 10.0}, "datetime": {"datetime": "2024-01-19 00:35:50", "elapsed": 1443.647891, "delta": 0.002478}}
{"target": -17.676637123342946, "params": {"gamma": 437.0627261818624, "log10_alpha": -0.18812373692375495, "log10_colsample_bytree": -0.8934569907318757, "log10_eta": -1.2467127239663696, "log10_lambda": -0.15964031468894113, "log10_min_child_weight": 4.314740937245838, "log10_subsample": -0.6077938662745905, "max_depth": 2.0, "num_boost_round": 0.0}, "datetime": {"datetime": "2024-01-19 00:36:18", "elapsed": 1471.461959, "delta": 27.814068}}
{"target": -17.676489774642175, "params": {"gamma": 437.0627261818624, "log10_alpha": -0.18812373692375495, "log10_colsample_bytree": -0.8934569907318757, "log10_eta": -1.2467127239663696, "log10_lambda": -0.15964031468894113, "log10_min_child_weight": 4.314740937245838, "log10_subsample": -0.6077938662745905, "max_depth": 2.0, "num_boost_round": 1.0}, "datetime": {"datetime": "2024-01-19 00:36:18", "elapsed": 1471.464912, "delta": 0.002953}}
{"target": -17.676772482344482, "params": {"gamma": 437.0627261818624, "log10_alpha": -0.18812373692375495, "log10_colsample_bytree": -0.8934569907318757, "log10_eta": -1.2467127239663696, "log10_lambda": -0.15964031468894113, "log10_min_child_weight": 4.314740937245838, "log10_subsample": -0.6077938662745905, "max_depth": 2.0, "num_boost_round": 2.0}, "datetime": {"datetime": "2024-01-19 00:36:18", "elapsed": 1471.467609, "delta": 0.002697}}
{"target": -17.676921480433535, "params": {"gamma": 437.0627261818624, "log10_alpha": -0.18812373692375495, "log10_colsample_bytree": -0.8934569907318757, "log10_eta": -1.2467127239663696, "log10_lambda": -0.15964031468894113, "log10_min_child_weight": 4.314740937245838, "log10_subsample": -0.6077938662745905, "max_depth": 2.0, "num_boost_round": 3.0}, "datetime": {"datetime": "2024-01-19 00:36:18", "elapsed": 1471.470163, "delta": 0.002554}}
{"target": -17.67701193201759, "params": {"gamma": 437.0627261818624, "log10_alpha": -0.18812373692375495, "log10_colsample_bytree": -0.8934569907318757, "log10_eta": -1.2467127239663696, "log10_lambda": -0.15964031468894113, "log10_min_child_weight": 4.314740937245838, "log10_subsample": -0.6077938662745905, "max_depth": 2.0, "num_boost_round": 4.0}, "datetime": {"datetime": "2024-01-19 00:36:18", "elapsed": 1471.472592, "delta": 0.002429}}
{"target": -17.677016505633446, "params": {"gamma": 437.0627261818624, "log10_alpha": -0.18812373692375495, "log10_colsample_bytree": -0.8934569907318757, "log10_eta": -1.2467127239663696, "log10_lambda": -0.15964031468894113, "log10_min_child_weight": 4.314740937245838, "log10_subsample": -0.6077938662745905, "max_depth": 2.0, "num_boost_round": 5.0}, "datetime": {"datetime": "2024-01-19 00:36:18", "elapsed": 1471.47509, "delta": 0.002498}}
{"target": -17.67699822338235, "params": {"gamma": 437.0627261818624, "log10_alpha": -0.18812373692375495, "log10_colsample_bytree": -0.8934569907318757, "log10_eta": -1.2467127239663696, "log10_lambda": -0.15964031468894113, "log10_min_child_weight": 4.314740937245838, "log10_subsample": -0.6077938662745905, "max_depth": 2.0, "num_boost_round": 6.0}, "datetime": {"datetime": "2024-01-19 00:36:18", "elapsed": 1471.477526, "delta": 0.002436}}
{"target": -17.67660675809469, "params": {"gamma": 437.0627261818624, "log10_alpha": -0.18812373692375495, "log10_colsample_bytree": -0.8934569907318757, "log10_eta": -1.2467127239663696, "log10_lambda": -0.15964031468894113, "log10_min_child_weight": 4.314740937245838, "log10_subsample": -0.6077938662745905, "max_depth": 2.0, "num_boost_round": 7.0}, "datetime": {"datetime": "2024-01-19 00:36:18", "elapsed": 1471.479953, "delta": 0.002427}}
{"target": -17.677101467363112, "params": {"gamma": 437.0627261818624, "log10_alpha": -0.18812373692375495, "log10_colsample_bytree": -0.8934569907318757, "log10_eta": -1.2467127239663696, "log10_lambda": -0.15964031468894113, "log10_min_child_weight": 4.314740937245838, "log10_subsample": -0.6077938662745905, "max_depth": 2.0, "num_boost_round": 8.0}, "datetime": {"datetime": "2024-01-19 00:36:18", "elapsed": 1471.482575, "delta": 0.002622}}
{"target": -17.677389017860882, "params": {"gamma": 437.0627261818624, "log10_alpha": -0.18812373692375495, "log10_colsample_bytree": -0.8934569907318757, "log10_eta": -1.2467127239663696, "log10_lambda": -0.15964031468894113, "log10_min_child_weight": 4.314740937245838, "log10_subsample": -0.6077938662745905, "max_depth": 2.0, "num_boost_round": 9.0}, "datetime": {"datetime": "2024-01-19 00:36:18", "elapsed": 1471.485036, "delta": 0.002461}}
{"target": -17.677096686399544, "params": {"gamma": 437.0627261818624, "log10_alpha": -0.18812373692375495, "log10_colsample_bytree": -0.8934569907318757, "log10_eta": -1.2467127239663696, "log10_lambda": -0.15964031468894113, "log10_min_child_weight": 4.314740937245838, "log10_subsample": -0.6077938662745905, "max_depth": 2.0, "num_boost_round": 10.0}, "datetime": {"datetime": "2024-01-19 00:36:18", "elapsed": 1471.487539, "delta": 0.002503}}
{"target": -17.67649103526646, "params": {"gamma": 437.0627261818624, "log10_alpha": -0.18812373692375495, "log10_colsample_bytree": -0.8934569907318757, "log10_eta": -1.2467127239663696, "log10_lambda": -0.15964031468894113, "log10_min_child_weight": 4.314740937245838, "log10_subsample": -0.6077938662745905, "max_depth": 2.0, "num_boost_round": 11.0}, "datetime": {"datetime": "2024-01-19 00:36:18", "elapsed": 1471.490024, "delta": 0.002485}}
{"target": -17.676742365450387, "params": {"gamma": 437.0627261818624, "log10_alpha": -0.18812373692375495, "log10_colsample_bytree": -0.8934569907318757, "log10_eta": -1.2467127239663696, "log10_lambda": -0.15964031468894113, "log10_min_child_weight": 4.314740937245838, "log10_subsample": -0.6077938662745905, "max_depth": 2.0, "num_boost_round": 12.0}, "datetime": {"datetime": "2024-01-19 00:36:18", "elapsed": 1471.49253, "delta": 0.002506}}
{"target": -17.680829351182997, "params": {"gamma": 418.00675708480475, "log10_alpha": -4.947492181542308, "log10_colsample_bytree": -0.9027284043018458, "log10_eta": -0.708073448172069, "log10_lambda": 0.7351526718716439, "log10_min_child_weight": 1.946864379511376, "log10_subsample": -0.23135228484162995, "max_depth": 5.0, "num_boost_round": 0.0}, "datetime": {"datetime": "2024-01-19 00:36:51", "elapsed": 1504.445267, "delta": 32.952737}}
{"target": -17.684837189394358, "params": {"gamma": 418.00675708480475, "log10_alpha": -4.947492181542308, "log10_colsample_bytree": -0.9027284043018458, "log10_eta": -0.708073448172069, "log10_lambda": 0.7351526718716439, "log10_min_child_weight": 1.946864379511376, "log10_subsample": -0.23135228484162995, "max_depth": 5.0, "num_boost_round": 1.0}, "datetime": {"datetime": "2024-01-19 00:36:51", "elapsed": 1504.448609, "delta": 0.003342}}
{"target": -17.694575205889155, "params": {"gamma": 418.00675708480475, "log10_alpha": -4.947492181542308, "log10_colsample_bytree": -0.9027284043018458, "log10_eta": -0.708073448172069, "log10_lambda": 0.7351526718716439, "log10_min_child_weight": 1.946864379511376, "log10_subsample": -0.23135228484162995, "max_depth": 5.0, "num_boost_round": 2.0}, "datetime": {"datetime": "2024-01-19 00:36:51", "elapsed": 1504.451486, "delta": 0.002877}}
{"target": -17.698553275695208, "params": {"gamma": 418.00675708480475, "log10_alpha": -4.947492181542308, "log10_colsample_bytree": -0.9027284043018458, "log10_eta": -0.708073448172069, "log10_lambda": 0.7351526718716439, "log10_min_child_weight": 1.946864379511376, "log10_subsample": -0.23135228484162995, "max_depth": 5.0, "num_boost_round": 3.0}, "datetime": {"datetime": "2024-01-19 00:36:51", "elapsed": 1504.454139, "delta": 0.002653}}
{"target": -17.699787507059515, "params": {"gamma": 418.00675708480475, "log10_alpha": -4.947492181542308, "log10_colsample_bytree": -0.9027284043018458, "log10_eta": -0.708073448172069, "log10_lambda": 0.7351526718716439, "log10_min_child_weight": 1.946864379511376, "log10_subsample": -0.23135228484162995, "max_depth": 5.0, "num_boost_round": 4.0}, "datetime": {"datetime": "2024-01-19 00:36:51", "elapsed": 1504.456895, "delta": 0.002756}}
{"target": -17.70819998669828, "params": {"gamma": 418.00675708480475, "log10_alpha": -4.947492181542308, "log10_colsample_bytree": -0.9027284043018458, "log10_eta": -0.708073448172069, "log10_lambda": 0.7351526718716439, "log10_min_child_weight": 1.946864379511376, "log10_subsample": -0.23135228484162995, "max_depth": 5.0, "num_boost_round": 5.0}, "datetime": {"datetime": "2024-01-19 00:36:51", "elapsed": 1504.459386, "delta": 0.002491}}
{"target": -17.721122526572426, "params": {"gamma": 418.00675708480475, "log10_alpha": -4.947492181542308, "log10_colsample_bytree": -0.9027284043018458, "log10_eta": -0.708073448172069, "log10_lambda": 0.7351526718716439, "log10_min_child_weight": 1.946864379511376, "log10_subsample": -0.23135228484162995, "max_depth": 5.0, "num_boost_round": 6.0}, "datetime": {"datetime": "2024-01-19 00:36:51", "elapsed": 1504.461938, "delta": 0.002552}}
{"target": -17.7461860526757, "params": {"gamma": 418.00675708480475, "log10_alpha": -4.947492181542308, "log10_colsample_bytree": -0.9027284043018458, "log10_eta": -0.708073448172069, "log10_lambda": 0.7351526718716439, "log10_min_child_weight": 1.946864379511376, "log10_subsample": -0.23135228484162995, "max_depth": 5.0, "num_boost_round": 7.0}, "datetime": {"datetime": "2024-01-19 00:36:51", "elapsed": 1504.464408, "delta": 0.00247}}
{"target": -17.75566325641432, "params": {"gamma": 418.00675708480475, "log10_alpha": -4.947492181542308, "log10_colsample_bytree": -0.9027284043018458, "log10_eta": -0.708073448172069, "log10_lambda": 0.7351526718716439, "log10_min_child_weight": 1.946864379511376, "log10_subsample": -0.23135228484162995, "max_depth": 5.0, "num_boost_round": 8.0}, "datetime": {"datetime": "2024-01-19 00:36:51", "elapsed": 1504.466894, "delta": 0.002486}}
