{"target": -17.677085823869, "params": {"gamma": 604.3219590712209, "log10_alpha": -1.8942504755420697, "log10_colsample_bytree": -0.567993993863328, "log10_eta": -3.185539580187494, "log10_lambda": -4.229474871265965, "log10_min_child_weight": 0.3582514910909024, "log10_subsample": -0.6422345281500462, "max_depth": 4.0, "num_boost_round": 4.0}, "datetime": {"datetime": "2024-01-19 00:39:37", "elapsed": 1675.209742, "delta": 0.002389}}
{"target": -17.677057619862907, "params": {"gamma": 604.3219590712209, "log10_alpha": -1.8942504755420697, "log10_colsample_bytree": -0.567993993863328, "log10_eta": -3.185539580187494, "log10_lambda": -4.229474871265965, "log10_min_child_weight": 0.3582514910909024, "log10_subsample": -0.6422345281500462, "max_depth": 4.0, "num_boost_round": 5.0}, "datetime": {"datetime": "2024-01-19 00:39:37", "elapsed": 1675.211899, "delta": 0.002157}}
{"target": -17.67702337701648, "params": {"gamma": 604.3219590712209, "log10_alpha": -1.8942504755420697, "log10_colsample_bytree": -0.567993993863328, "log10_eta": -3.185539580187494, "log10_lambda": -4.229474871265965, "log10_min_child_weight": 0.3582514910909024, "log10_subsample": -0.6422345281500462, "max_depth": 4.0, "num_boost_round": 6.0}, "datetime": {"datetime": "2024-01-19 00:39:37", "elapsed": 1675.214095, "delta": 0.002196}}
{"target": -17.677013017937462, "params": {"gamma": 604.3219590712209, "log10_alpha": -1.8942504755420697, "log10_colsample_bytree": -0.567993993863328, "log10_eta": -3.185539580187494, "log10_lambda": -4.229474871265965, "log10_min_child_weight": 0.3582514910909024, "log10_subsample": -0.6422345281500462, "max_depth": 4.0, "num_boost_round": 7.0}, "datetime": {"datetime": "2024-01-19 00:39:37", "elapsed": 1675.216275, "delta": 0.00218}}
{"target": -17.676996640611797, "params": {"gamma": 604.3219590712209, "log10_alpha": -1.8942504755420697, "log10_colsample_bytree": -0.567993993863328, "log10_eta": -3.185539580187494, "log10_lambda": -4.229474871265965, "log10_min_child_weight": 0.3582514910909024, "log10_subsample": -0.6422345281500462, "max_depth": 4.0, "num_boost_round": 8.0}, "datetime": {"datetime": "2024-01-19 00:39:37", "elapsed": 1675.218417, "delta": 0.002142}}
{"target": -17.67696604523664, "params": {"gamma": 604.3219590712209, "log10_alpha": -1.8942504755420697, "log10_colsample_bytree": -0.567993993863328, "log10_eta": -3.185539580187494, "log10_lambda": -4.229474871265965, "log10_min_child_weight": 0.3582514910909024, "log10_subsample": -0.6422345281500462, "max_depth": 4.0, "num_boost_round": 9.0}, "datetime": {"datetime": "2024-01-19 00:39:37", "elapsed": 1675.220582, "delta": 0.002165}}
{"target": -17.677232529833777, "params": {"gamma": 597.9932935292383, "log10_alpha": -2.4787490476888947, "log10_colsample_bytree": 0.0, "log10_eta": -4.0, "log10_lambda": -4.3692797888966695, "log10_min_child_weight": 3.451878118698057, "log10_subsample": -0.7873001436502063, "max_depth": 2.0, "num_boost_round": 0.0}, "datetime": {"datetime": "2024-01-19 00:40:02", "elapsed": 1699.442122, "delta": 24.22154}}
{"target": -17.677231633133506, "params": {"gamma": 597.9932935292383, "log10_alpha": -2.4787490476888947, "log10_colsample_bytree": 0.0, "log10_eta": -4.0, "log10_lambda": -4.3692797888966695, "log10_min_child_weight": 3.451878118698057, "log10_subsample": -0.7873001436502063, "max_depth": 2.0, "num_boost_round": 1.0}, "datetime": {"datetime": "2024-01-19 00:40:02", "elapsed": 1699.444815, "delta": 0.002693}}
{"target": -17.677230403110794, "params": {"gamma": 597.9932935292383, "log10_alpha": -2.4787490476888947, "log10_colsample_bytree": 0.0, "log10_eta": -4.0, "log10_lambda": -4.3692797888966695, "log10_min_child_weight": 3.451878118698057, "log10_subsample": -0.7873001436502063, "max_depth": 2.0, "num_boost_round": 2.0}, "datetime": {"datetime": "2024-01-19 00:40:02", "elapsed": 1699.447467, "delta": 0.002652}}
{"target": -17.67722949928599, "params": {"gamma": 597.9932935292383, "log10_alpha": -2.4787490476888947, "log10_colsample_bytree": 0.0, "log10_eta": -4.0, "log10_lambda": -4.3692797888966695, "log10_min_child_weight": 3.451878118698057, "log10_subsample": -0.7873001436502063, "max_depth": 2.0, "num_boost_round": 3.0}, "datetime": {"datetime": "2024-01-19 00:40:02", "elapsed": 1699.449789, "delta": 0.002322}}
{"target": -17.67722857927239, "params": {"gamma": 597.9932935292383, "log10_alpha": -2.4787490476888947, "log10_colsample_bytree": 0.0, "log10_eta": -4.0, "log10_lambda": -4.3692797888966695, "log10_min_child_weight": 3.451878118698057, "log10_subsample": -0.7873001436502063, "max_depth": 2.0, "num_boost_round": 4.0}, "datetime": {"datetime": "2024-01-19 00:40:02", "elapsed": 1699.452077, "delta": 0.002288}}
{"target": -17.67722763966956, "params": {"gamma": 597.9932935292383, "log10_alpha": -2.4787490476888947, "log10_colsample_bytree": 0.0, "log10_eta": -4.0, "log10_lambda": -4.3692797888966695, "log10_min_child_weight": 3.451878118698057, "log10_subsample": -0.7873001436502063, "max_depth": 2.0, "num_boost_round": 5.0}, "datetime": {"datetime": "2024-01-19 00:40:02", "elapsed": 1699.454219, "delta": 0.002142}}
{"target": -17.677227246750036, "params": {"gamma": 597.9932935292383, "log10_alpha": -2.4787490476888947, "log10_colsample_bytree": 0.0, "log10_eta": -4.0, "log10_lambda": -4.3692797888966695, "log10_min_child_weight": 3.451878118698057, "log10_subsample": -0.7873001436502063, "max_depth": 2.0, "num_boost_round": 6.0}, "datetime": {"datetime": "2024-01-19 00:40:02", "elapsed": 1699.456383, "delta": 0.002164}}
{"target": -17.67722689930638, "params": {"gamma": 597.9932935292383, "log10_alpha": -2.4787490476888947, "log10_colsample_bytree": 0.0, "log10_eta": -4.0, "log10_lambda": -4.3692797888966695, "log10_min_child_weight": 3.451878118698057, "log10_subsample": -0.7873001436502063, "max_depth": 2.0, "num_boost_round": 7.0}, "datetime": {"datetime": "2024-01-19 00:40:02", "elapsed": 1699.458536, "delta": 0.002153}}
{"target": -17.677226015889, "params": {"gamma": 597.9932935292383, "log10_alpha": -2.4787490476888947, "log10_colsample_bytree": 0.0, "log10_eta": -4.0, "log10_lambda": -4.3692797888966695, "log10_min_child_weight": 3.451878118698057, "log10_subsample": -0.7873001436502063, "max_depth": 2.0, "num_boost_round": 8.0}, "datetime": {"datetime": "2024-01-19 00:40:02", "elapsed": 1699.460751, "delta": 0.002215}}
{"target": -17.677225674432727, "params": {"gamma": 597.9932935292383, "log10_alpha": -2.4787490476888947, "log10_colsample_bytree": 0.0, "log10_eta": -4.0, "log10_lambda": -4.3692797888966695, "log10_min_child_weight": 3.451878118698057, "log10_subsample": -0.7873001436502063, "max_depth": 2.0, "num_boost_round": 9.0}, "datetime": {"datetime": "2024-01-19 00:40:02", "elapsed": 1699.462908, "delta": 0.002157}}
{"target": -17.6960313263821, "params": {"gamma": 585.7822492109121, "log10_alpha": -4.52799881335021, "log10_colsample_bytree": -0.1761211786459369, "log10_eta": -0.5122841109670482, "log10_lambda": -3.453110906820791, "log10_min_child_weight": 3.563524063917315, "log10_subsample": -0.043084724681923814, "max_depth": 8.0, "num_boost_round": 0.0}, "datetime": {"datetime": "2024-01-19 00:40:29", "elapsed": 1726.95481, "delta": 27.491902}}
{"target": -17.711938306416066, "params": {"gamma": 585.7822492109121, "log10_alpha": -4.52799881335021, "log10_colsample_bytree": -0.1761211786459369, "log10_eta": -0.5122841109670482, "log10_lambda": -3.453110906820791, "log10_min_child_weight": 3.563524063917315, "log10_subsample": -0.043084724681923814, "max_depth": 8.0, "num_boost_round": 1.0}, "datetime": {"datetime": "2024-01-19 00:40:29", "elapsed": 1726.957745, "delta": 0.002935}}
{"target": -17.73590617953147, "params": {"gamma": 585.7822492109121, "log10_alpha": -4.52799881335021, "log10_colsample_bytree": -0.1761211786459369, "log10_eta": -0.5122841109670482, "log10_lambda": -3.453110906820791, "log10_min_child_weight": 3.563524063917315, "log10_subsample": -0.043084724681923814, "max_depth": 8.0, "num_boost_round": 2.0}, "datetime": {"datetime": "2024-01-19 00:40:29", "elapsed": 1726.959989, "delta": 0.002244}}
{"target": -17.763502095115467, "params": {"gamma": 585.7822492109121, "log10_alpha": -4.52799881335021, "log10_colsample_bytree": -0.1761211786459369, "log10_eta": -0.5122841109670482, "log10_lambda": -3.453110906820791, "log10_min_child_weight": 3.563524063917315, "log10_subsample": -0.043084724681923814, "max_depth": 8.0, "num_boost_round": 3.0}, "datetime": {"datetime": "2024-01-19 00:40:29", "elapsed": 1726.962286, "delta": 0.002297}}
{"target": -17.790283498876075, "params": {"gamma": 585.7822492109121, "log10_alpha": -4.52799881335021, "log10_colsample_bytree": -0.1761211786459369, "log10_eta": -0.5122841109670482, "log10_lambda": -3.453110906820791, "log10_min_child_weight": 3.563524063917315, "log10_subsample": -0.043084724681923814, "max_depth": 8.0, "num_boost_round": 4.0}, "datetime": {"datetime": "2024-01-19 00:40:29", "elapsed": 1726.96448, "delta": 0.002194}}
{"target": -17.80779046625773, "params": {"gamma": 585.7822492109121, "log10_alpha": -4.52799881335021, "log10_colsample_bytree": -0.1761211786459369, "log10_eta": -0.5122841109670482, "log10_lambda": -3.453110906820791, "log10_min_child_weight": 3.563524063917315, "log10_subsample": -0.043084724681923814, "max_depth": 8.0, "num_boost_round": 5.0}, "datetime": {"datetime": "2024-01-19 00:40:29", "elapsed": 1726.966652, "delta": 0.002172}}
{"target": -17.833159911734796, "params": {"gamma": 585.7822492109121, "log10_alpha": -4.52799881335021, "log10_colsample_bytree": -0.1761211786459369, "log10_eta": -0.5122841109670482, "log10_lambda": -3.453110906820791, "log10_min_child_weight": 3.563524063917315, "log10_subsample": -0.043084724681923814, "max_depth": 8.0, "num_boost_round": 6.0}, "datetime": {"datetime": "2024-01-19 00:40:29", "elapsed": 1726.968885, "delta": 0.002233}}
{"target": -17.844080441431274, "params": {"gamma": 585.7822492109121, "log10_alpha": -4.52799881335021, "log10_colsample_bytree": -0.1761211786459369, "log10_eta": -0.5122841109670482, "log10_lambda": -3.453110906820791, "log10_min_child_weight": 3.563524063917315, "log10_subsample": -0.043084724681923814, "max_depth": 8.0, "num_boost_round": 7.0}, "datetime": {"datetime": "2024-01-19 00:40:29", "elapsed": 1726.971187, "delta": 0.002302}}
{"target": -17.91894874713946, "params": {"gamma": 585.7822492109121, "log10_alpha": -4.52799881335021, "log10_colsample_bytree": -0.1761211786459369, "log10_eta": -0.5122841109670482, "log10_lambda": -3.453110906820791, "log10_min_child_weight": 3.563524063917315, "log10_subsample": -0.043084724681923814, "max_depth": 8.0, "num_boost_round": 8.0}, "datetime": {"datetime": "2024-01-19 00:40:29", "elapsed": 1726.973408, "delta": 0.002221}}
{"target": -17.924991303521363, "params": {"gamma": 585.7822492109121, "log10_alpha": -4.52799881335021, "log10_colsample_bytree": -0.1761211786459369, "log10_eta": -0.5122841109670482, "log10_lambda": -3.453110906820791, "log10_min_child_weight": 3.563524063917315, "log10_subsample": -0.043084724681923814, "max_depth": 8.0, "num_boost_round": 9.0}, "datetime": {"datetime": "2024-01-19 00:40:29", "elapsed": 1726.975588, "delta": 0.00218}}
{"target": -17.939910731532695, "params": {"gamma": 585.7822492109121, "log10_alpha": -4.52799881335021, "log10_colsample_bytree": -0.1761211786459369, "log10_eta": -0.5122841109670482, "log10_lambda": -3.453110906820791, "log10_min_child_weight": 3.563524063917315, "log10_subsample": -0.043084724681923814, "max_depth": 8.0, "num_boost_round": 10.0}, "datetime": {"datetime": "2024-01-19 00:40:29", "elapsed": 1726.977778, "delta": 0.00219}}
{"target": -17.96001471208664, "params": {"gamma": 585.7822492109121, "log10_alpha": -4.52799881335021, "log10_colsample_bytree": -0.1761211786459369, "log10_eta": -0.5122841109670482, "log10_lambda": -3.453110906820791, "log10_min_child_weight": 3.563524063917315, "log10_subsample": -0.043084724681923814, "max_depth": 8.0, "num_boost_round": 11.0}, "datetime": {"datetime": "2024-01-19 00:40:29", "elapsed": 1726.979973, "delta": 0.002195}}
{"target": -17.969805513940226, "params": {"gamma": 585.7822492109121, "log10_alpha": -4.52799881335021, "log10_colsample_bytree": -0.1761211786459369, "log10_eta": -0.5122841109670482, "log10_lambda": -3.453110906820791, "log10_min_child_weight": 3.563524063917315, "log10_subsample": -0.043084724681923814, "max_depth": 8.0, "num_boost_round": 12.0}, "datetime": {"datetime": "2024-01-19 00:40:29", "elapsed": 1726.982259, "delta": 0.002286}}
{"target": -17.982901066168747, "params": {"gamma": 585.7822492109121, "log10_alpha": -4.52799881335021, "log10_colsample_bytree": -0.1761211786459369, "log10_eta": -0.5122841109670482, "log10_lambda": -3.453110906820791, "log10_min_child_weight": 3.563524063917315, "log10_subsample": -0.043084724681923814, "max_depth": 8.0, "num_boost_round": 13.0}, "datetime": {"datetime": "2024-01-19 00:40:29", "elapsed": 1726.984529, "delta": 0.00227}}
{"target": -18.028717099862977, "params": {"gamma": 585.7822492109121, "log10_alpha": -4.52799881335021, "log10_colsample_bytree": -0.1761211786459369, "log10_eta": -0.5122841109670482, "log10_lambda": -3.453110906820791, "log10_min_child_weight": 3.563524063917315, "log10_subsample": -0.043084724681923814, "max_depth": 8.0, "num_boost_round": 14.0}, "datetime": {"datetime": "2024-01-19 00:40:29", "elapsed": 1726.986721, "delta": 0.002192}}
{"target": -18.03822594139084, "params": {"gamma": 585.7822492109121, "log10_alpha": -4.52799881335021, "log10_colsample_bytree": -0.1761211786459369, "log10_eta": -0.5122841109670482, "log10_lambda": -3.453110906820791, "log10_min_child_weight": 3.563524063917315, "log10_subsample": -0.043084724681923814, "max_depth": 8.0, "num_boost_round": 15.0}, "datetime": {"datetime": "2024-01-19 00:40:29", "elapsed": 1726.988917, "delta": 0.002196}}
{"target": -18.048968542310643, "params": {"gamma": 585.7822492109121, "log10_alpha": -4.52799881335021, "log10_colsample_bytree": -0.1761211786459369, "log10_eta": -0.5122841109670482, "log10_lambda": -3.453110906820791, "log10_min_child_weight": 3.563524063917315, "log10_subsample": -0.043084724681923814, "max_depth": 8.0, "num_boost_round": 16.0}, "datetime": {"datetime": "2024-01-19 00:40:29", "elapsed": 1726.991219, "delta": 0.002302}}
{"target": -18.05876971075477, "params": {"gamma": 585.7822492109121, "log10_alpha": -4.52799881335021, "log10_colsample_bytree": -0.1761211786459369, "log10_eta": -0.5122841109670482, "log10_lambda": -3.453110906820791, "log10_min_child_weight": 3.563524063917315, "log10_subsample": -0.043084724681923814, "max_depth": 8.0, "num_boost_round": 17.0}, "datetime": {"datetime": "2024-01-19 00:40:29", "elapsed": 1726.993455, "delta": 0.002236}}
{"target": -18.07482639498613, "params": {"gamma": 585.7822492109121, "log10_alpha": -4.52799881335021, "log10_colsample_bytree": -0.1761211786459369, "log10_eta": -0.5122841109670482, "log10_lambda": -3.453110906820791, "log10_min_child_weight": 3.563524063917315, "log10_subsample": -0.043084724681923814, "max_depth": 8.0, "num_boost_round": 18.0}, "datetime": {"datetime": "2024-01-19 00:40:29", "elapsed": 1726.995653, "delta": 0.002198}}
{"target": -17.67720486455176, "params": {"gamma": 594.38803770962, "log10_alpha": -4.925350685814475, "log10_colsample_bytree": -0.7319610249463209, "log10_eta": -2.3944152779138674, "log10_lambda": -3.5945549769382428, "log10_min_child_weight": 4.557199249123315, "log10_subsample": -0.725313441941894, "max_depth": 4.0, "num_boost_round": 0.0}, "datetime": {"datetime": "2024-01-19 00:41:01", "elapsed": 1759.00185, "delta": 32.006197}}
{"target": -17.677188585615824, "params": {"gamma": 594.38803770962, "log10_alpha": -4.925350685814475, "log10_colsample_bytree": -0.7319610249463209, "log10_eta": -2.3944152779138674, "log10_lambda": -3.5945549769382428, "log10_min_child_weight": 4.557199249123315, "log10_subsample": -0.725313441941894, "max_depth": 4.0, "num_boost_round": 1.0}, "datetime": {"datetime": "2024-01-19 00:41:01", "elapsed": 1759.004256, "delta": 0.002406}}
{"target": -17.677170024316794, "params": {"gamma": 594.38803770962, "log10_alpha": -4.925350685814475, "log10_colsample_bytree": -0.7319610249463209, "log10_eta": -2.3944152779138674, "log10_lambda": -3.5945549769382428, "log10_min_child_weight": 4.557199249123315, "log10_subsample": -0.725313441941894, "max_depth": 4.0, "num_boost_round": 2.0}, "datetime": {"datetime": "2024-01-19 00:41:01", "elapsed": 1759.006723, "delta": 0.002467}}
{"target": -17.67715728208914, "params": {"gamma": 594.38803770962, "log10_alpha": -4.925350685814475, "log10_colsample_bytree": -0.7319610249463209, "log10_eta": -2.3944152779138674, "log10_lambda": -3.5945549769382428, "log10_min_child_weight": 4.557199249123315, "log10_subsample": -0.725313441941894, "max_depth": 4.0, "num_boost_round": 3.0}, "datetime": {"datetime": "2024-01-19 00:41:01", "elapsed": 1759.009006, "delta": 0.002283}}
{"target": -17.677125124214378, "params": {"gamma": 594.38803770962, "log10_alpha": -4.925350685814475, "log10_colsample_bytree": -0.7319610249463209, "log10_eta": -2.3944152779138674, "log10_lambda": -3.5945549769382428, "log10_min_child_weight": 4.557199249123315, "log10_subsample": -0.725313441941894, "max_depth": 4.0, "num_boost_round": 4.0}, "datetime": {"datetime": "2024-01-19 00:41:01", "elapsed": 1759.011273, "delta": 0.002267}}
{"target": -17.677131384904857, "params": {"gamma": 594.38803770962, "log10_alpha": -4.925350685814475, "log10_colsample_bytree": -0.7319610249463209, "log10_eta": -2.3944152779138674, "log10_lambda": -3.5945549769382428, "log10_min_child_weight": 4.557199249123315, "log10_subsample": -0.725313441941894, "max_depth": 4.0, "num_boost_round": 5.0}, "datetime": {"datetime": "2024-01-19 00:41:01", "elapsed": 1759.013547, "delta": 0.002274}}
{"target": -17.677136323644156, "params": {"gamma": 594.38803770962, "log10_alpha": -4.925350685814475, "log10_colsample_bytree": -0.7319610249463209, "log10_eta": -2.3944152779138674, "log10_lambda": -3.5945549769382428, "log10_min_child_weight": 4.557199249123315, "log10_subsample": -0.725313441941894, "max_depth": 4.0, "num_boost_round": 6.0}, "datetime": {"datetime": "2024-01-19 00:41:01", "elapsed": 1759.016531, "delta": 0.002984}}
{"target": -17.677106623995495, "params": {"gamma": 594.38803770962, "log10_alpha": -4.925350685814475, "log10_colsample_bytree": -0.7319610249463209, "log10_eta": -2.3944152779138674, "log10_lambda": -3.5945549769382428, "log10_min_child_weight": 4.557199249123315, "log10_subsample": -0.725313441941894, "max_depth": 4.0, "num_boost_round": 7.0}, "datetime": {"datetime": "2024-01-19 00:41:01", "elapsed": 1759.018806, "delta": 0.002275}}
{"target": -17.677055940252863, "params": {"gamma": 594.38803770962, "log10_alpha": -4.925350685814475, "log10_colsample_bytree": -0.7319610249463209, "log10_eta": -2.3944152779138674, "log10_lambda": -3.5945549769382428, "log10_min_child_weight": 4.557199249123315, "log10_subsample": -0.725313441941894, "max_depth": 4.0, "num_boost_round": 8.0}, "datetime": {"datetime": "2024-01-19 00:41:01", "elapsed": 1759.021175, "delta": 0.002369}}
{"target": -17.67700389637721, "params": {"gamma": 594.38803770962, "log10_alpha": -4.925350685814475, "log10_colsample_bytree": -0.7319610249463209, "log10_eta": -2.3944152779138674, "log10_lambda": -3.5945549769382428, "log10_min_child_weight": 4.557199249123315, "log10_subsample": -0.725313441941894, "max_depth": 4.0, "num_boost_round": 9.0}, "datetime": {"datetime": "2024-01-19 00:41:01", "elapsed": 1759.023451, "delta": 0.002276}}
{"target": -17.676985490629324, "params": {"gamma": 594.38803770962, "log10_alpha": -4.925350685814475, "log10_colsample_bytree": -0.7319610249463209, "log10_eta": -2.3944152779138674, "log10_lambda": -3.5945549769382428, "log10_min_child_weight": 4.557199249123315, "log10_subsample": -0.725313441941894, "max_depth": 4.0, "num_boost_round": 10.0}, "datetime": {"datetime": "2024-01-19 00:41:01", "elapsed": 1759.025747, "delta": 0.002296}}
{"target": -17.67701462797719, "params": {"gamma": 601.8863228302757, "log10_alpha": -4.674737765836529, "log10_colsample_bytree": -0.10246282994087363, "log10_eta": -1.826934482921276, "log10_lambda": -3.5126671728871175, "log10_min_child_weight": 3.7729112791014066, "log10_subsample": -0.5174833006344329, "max_depth": 7.0, "num_boost_round": 0.0}, "datetime": {"datetime": "2024-01-19 00:41:28", "elapsed": 1785.704527, "delta": 26.67878}}
{"target": -17.676624146320606, "params": {"gamma": 601.8863228302757, "log10_alpha": -4.674737765836529, "log10_colsample_bytree": -0.10246282994087363, "log10_eta": -1.826934482921276, "log10_lambda": -3.5126671728871175, "log10_min_child_weight": 3.7729112791014066, "log10_subsample": -0.5174833006344329, "max_depth": 7.0, "num_boost_round": 1.0}, "datetime": {"datetime": "2024-01-19 00:41:28", "elapsed": 1785.707726, "delta": 0.003199}}
{"target": -17.676006370148244, "params": {"gamma": 601.8863228302757, "log10_alpha": -4.674737765836529, "log10_colsample_bytree": -0.10246282994087363, "log10_eta": -1.826934482921276, "log10_lambda": -3.5126671728871175, "log10_min_child_weight": 3.7729112791014066, "log10_subsample": -0.5174833006344329, "max_depth": 7.0, "num_boost_round": 2.0}, "datetime": {"datetime": "2024-01-19 00:41:28", "elapsed": 1785.710093, "delta": 0.002367}}
{"target": -17.67636041282537, "params": {"gamma": 601.8863228302757, "log10_alpha": -4.674737765836529, "log10_colsample_bytree": -0.10246282994087363, "log10_eta": -1.826934482921276, "log10_lambda": -3.5126671728871175, "log10_min_child_weight": 3.7729112791014066, "log10_subsample": -0.5174833006344329, "max_depth": 7.0, "num_boost_round": 3.0}, "datetime": {"datetime": "2024-01-19 00:41:28", "elapsed": 1785.712423, "delta": 0.00233}}
