{"target": -17.67539912435424, "params": {"gamma": 13.56366418378363, "log10_alpha": -0.4565018123696625, "log10_colsample_bytree": -0.036759060590717874, "log10_eta": -2.7708726731138666, "log10_lambda": -3.9850909604977174, "log10_min_child_weight": 1.5070444032505197, "log10_subsample": -0.6022859737014049, "max_depth": 9.0, "num_boost_round": 37.0}, "datetime": {"datetime": "2024-01-19 00:41:15", "elapsed": 1829.133865, "delta": 0.002211}}
{"target": -17.675376326758702, "params": {"gamma": 13.56366418378363, "log10_alpha": -0.4565018123696625, "log10_colsample_bytree": -0.036759060590717874, "log10_eta": -2.7708726731138666, "log10_lambda": -3.9850909604977174, "log10_min_child_weight": 1.5070444032505197, "log10_subsample": -0.6022859737014049, "max_depth": 9.0, "num_boost_round": 38.0}, "datetime": {"datetime": "2024-01-19 00:41:15", "elapsed": 1829.136019, "delta": 0.002154}}
{"target": -17.675365756052344, "params": {"gamma": 13.56366418378363, "log10_alpha": -0.4565018123696625, "log10_colsample_bytree": -0.036759060590717874, "log10_eta": -2.7708726731138666, "log10_lambda": -3.9850909604977174, "log10_min_child_weight": 1.5070444032505197, "log10_subsample": -0.6022859737014049, "max_depth": 9.0, "num_boost_round": 39.0}, "datetime": {"datetime": "2024-01-19 00:41:15", "elapsed": 1829.138122, "delta": 0.002103}}
{"target": -17.675326819410714, "params": {"gamma": 13.56366418378363, "log10_alpha": -0.4565018123696625, "log10_colsample_bytree": -0.036759060590717874, "log10_eta": -2.7708726731138666, "log10_lambda": -3.9850909604977174, "log10_min_child_weight": 1.5070444032505197, "log10_subsample": -0.6022859737014049, "max_depth": 9.0, "num_boost_round": 40.0}, "datetime": {"datetime": "2024-01-19 00:41:15", "elapsed": 1829.140337, "delta": 0.002215}}
{"target": -17.675414727376577, "params": {"gamma": 13.56366418378363, "log10_alpha": -0.4565018123696625, "log10_colsample_bytree": -0.036759060590717874, "log10_eta": -2.7708726731138666, "log10_lambda": -3.9850909604977174, "log10_min_child_weight": 1.5070444032505197, "log10_subsample": -0.6022859737014049, "max_depth": 9.0, "num_boost_round": 41.0}, "datetime": {"datetime": "2024-01-19 00:41:15", "elapsed": 1829.142496, "delta": 0.002159}}
{"target": -17.675353636573984, "params": {"gamma": 13.56366418378363, "log10_alpha": -0.4565018123696625, "log10_colsample_bytree": -0.036759060590717874, "log10_eta": -2.7708726731138666, "log10_lambda": -3.9850909604977174, "log10_min_child_weight": 1.5070444032505197, "log10_subsample": -0.6022859737014049, "max_depth": 9.0, "num_boost_round": 42.0}, "datetime": {"datetime": "2024-01-19 00:41:15", "elapsed": 1829.14469, "delta": 0.002194}}
{"target": -17.675275105153904, "params": {"gamma": 13.56366418378363, "log10_alpha": -0.4565018123696625, "log10_colsample_bytree": -0.036759060590717874, "log10_eta": -2.7708726731138666, "log10_lambda": -3.9850909604977174, "log10_min_child_weight": 1.5070444032505197, "log10_subsample": -0.6022859737014049, "max_depth": 9.0, "num_boost_round": 43.0}, "datetime": {"datetime": "2024-01-19 00:41:15", "elapsed": 1829.146874, "delta": 0.002184}}
{"target": -17.675279167076425, "params": {"gamma": 13.56366418378363, "log10_alpha": -0.4565018123696625, "log10_colsample_bytree": -0.036759060590717874, "log10_eta": -2.7708726731138666, "log10_lambda": -3.9850909604977174, "log10_min_child_weight": 1.5070444032505197, "log10_subsample": -0.6022859737014049, "max_depth": 9.0, "num_boost_round": 44.0}, "datetime": {"datetime": "2024-01-19 00:41:15", "elapsed": 1829.149039, "delta": 0.002165}}
{"target": -17.677188829962585, "params": {"gamma": 42.25342593989245, "log10_alpha": 0.720088353217557, "log10_colsample_bytree": -0.7162627705189075, "log10_eta": -1.6977789003706798, "log10_lambda": -2.584441867701509, "log10_min_child_weight": 0.6670544923132021, "log10_subsample": -0.8109151662017893, "max_depth": 9.0, "num_boost_round": 0.0}, "datetime": {"datetime": "2024-01-19 00:41:46", "elapsed": 1860.415809, "delta": 31.26677}}
{"target": -17.675341053725393, "params": {"gamma": 42.25342593989245, "log10_alpha": 0.720088353217557, "log10_colsample_bytree": -0.7162627705189075, "log10_eta": -1.6977789003706798, "log10_lambda": -2.584441867701509, "log10_min_child_weight": 0.6670544923132021, "log10_subsample": -0.8109151662017893, "max_depth": 9.0, "num_boost_round": 1.0}, "datetime": {"datetime": "2024-01-19 00:41:46", "elapsed": 1860.418989, "delta": 0.00318}}
{"target": -17.67335720523103, "params": {"gamma": 42.25342593989245, "log10_alpha": 0.720088353217557, "log10_colsample_bytree": -0.7162627705189075, "log10_eta": -1.6977789003706798, "log10_lambda": -2.584441867701509, "log10_min_child_weight": 0.6670544923132021, "log10_subsample": -0.8109151662017893, "max_depth": 9.0, "num_boost_round": 2.0}, "datetime": {"datetime": "2024-01-19 00:41:46", "elapsed": 1860.421316, "delta": 0.002327}}
{"target": -17.6743329596283, "params": {"gamma": 42.25342593989245, "log10_alpha": 0.720088353217557, "log10_colsample_bytree": -0.7162627705189075, "log10_eta": -1.6977789003706798, "log10_lambda": -2.584441867701509, "log10_min_child_weight": 0.6670544923132021, "log10_subsample": -0.8109151662017893, "max_depth": 9.0, "num_boost_round": 3.0}, "datetime": {"datetime": "2024-01-19 00:41:46", "elapsed": 1860.423476, "delta": 0.00216}}
{"target": -17.672285341329516, "params": {"gamma": 42.25342593989245, "log10_alpha": 0.720088353217557, "log10_colsample_bytree": -0.7162627705189075, "log10_eta": -1.6977789003706798, "log10_lambda": -2.584441867701509, "log10_min_child_weight": 0.6670544923132021, "log10_subsample": -0.8109151662017893, "max_depth": 9.0, "num_boost_round": 4.0}, "datetime": {"datetime": "2024-01-19 00:41:46", "elapsed": 1860.425703, "delta": 0.002227}}
{"target": -17.671942880277246, "params": {"gamma": 42.25342593989245, "log10_alpha": 0.720088353217557, "log10_colsample_bytree": -0.7162627705189075, "log10_eta": -1.6977789003706798, "log10_lambda": -2.584441867701509, "log10_min_child_weight": 0.6670544923132021, "log10_subsample": -0.8109151662017893, "max_depth": 9.0, "num_boost_round": 5.0}, "datetime": {"datetime": "2024-01-19 00:41:46", "elapsed": 1860.42791, "delta": 0.002207}}
{"target": -17.671619983127826, "params": {"gamma": 42.25342593989245, "log10_alpha": 0.720088353217557, "log10_colsample_bytree": -0.7162627705189075, "log10_eta": -1.6977789003706798, "log10_lambda": -2.584441867701509, "log10_min_child_weight": 0.6670544923132021, "log10_subsample": -0.8109151662017893, "max_depth": 9.0, "num_boost_round": 6.0}, "datetime": {"datetime": "2024-01-19 00:41:46", "elapsed": 1860.430144, "delta": 0.002234}}
{"target": -17.672409921863732, "params": {"gamma": 42.25342593989245, "log10_alpha": 0.720088353217557, "log10_colsample_bytree": -0.7162627705189075, "log10_eta": -1.6977789003706798, "log10_lambda": -2.584441867701509, "log10_min_child_weight": 0.6670544923132021, "log10_subsample": -0.8109151662017893, "max_depth": 9.0, "num_boost_round": 7.0}, "datetime": {"datetime": "2024-01-19 00:41:46", "elapsed": 1860.432393, "delta": 0.002249}}
{"target": -17.671997564504473, "params": {"gamma": 42.25342593989245, "log10_alpha": 0.720088353217557, "log10_colsample_bytree": -0.7162627705189075, "log10_eta": -1.6977789003706798, "log10_lambda": -2.584441867701509, "log10_min_child_weight": 0.6670544923132021, "log10_subsample": -0.8109151662017893, "max_depth": 9.0, "num_boost_round": 8.0}, "datetime": {"datetime": "2024-01-19 00:41:46", "elapsed": 1860.43463, "delta": 0.002237}}
{"target": -17.672656278270352, "params": {"gamma": 42.25342593989245, "log10_alpha": 0.720088353217557, "log10_colsample_bytree": -0.7162627705189075, "log10_eta": -1.6977789003706798, "log10_lambda": -2.584441867701509, "log10_min_child_weight": 0.6670544923132021, "log10_subsample": -0.8109151662017893, "max_depth": 9.0, "num_boost_round": 9.0}, "datetime": {"datetime": "2024-01-19 00:41:46", "elapsed": 1860.43687, "delta": 0.00224}}
{"target": -17.67070119432952, "params": {"gamma": 42.25342593989245, "log10_alpha": 0.720088353217557, "log10_colsample_bytree": -0.7162627705189075, "log10_eta": -1.6977789003706798, "log10_lambda": -2.584441867701509, "log10_min_child_weight": 0.6670544923132021, "log10_subsample": -0.8109151662017893, "max_depth": 9.0, "num_boost_round": 10.0}, "datetime": {"datetime": "2024-01-19 00:41:46", "elapsed": 1860.439052, "delta": 0.002182}}
{"target": -17.669968571275863, "params": {"gamma": 42.25342593989245, "log10_alpha": 0.720088353217557, "log10_colsample_bytree": -0.7162627705189075, "log10_eta": -1.6977789003706798, "log10_lambda": -2.584441867701509, "log10_min_child_weight": 0.6670544923132021, "log10_subsample": -0.8109151662017893, "max_depth": 9.0, "num_boost_round": 11.0}, "datetime": {"datetime": "2024-01-19 00:41:46", "elapsed": 1860.441248, "delta": 0.002196}}
{"target": -17.67015277835322, "params": {"gamma": 42.25342593989245, "log10_alpha": 0.720088353217557, "log10_colsample_bytree": -0.7162627705189075, "log10_eta": -1.6977789003706798, "log10_lambda": -2.584441867701509, "log10_min_child_weight": 0.6670544923132021, "log10_subsample": -0.8109151662017893, "max_depth": 9.0, "num_boost_round": 12.0}, "datetime": {"datetime": "2024-01-19 00:41:46", "elapsed": 1860.44346, "delta": 0.002212}}
{"target": -17.66894327036942, "params": {"gamma": 42.25342593989245, "log10_alpha": 0.720088353217557, "log10_colsample_bytree": -0.7162627705189075, "log10_eta": -1.6977789003706798, "log10_lambda": -2.584441867701509, "log10_min_child_weight": 0.6670544923132021, "log10_subsample": -0.8109151662017893, "max_depth": 9.0, "num_boost_round": 13.0}, "datetime": {"datetime": "2024-01-19 00:41:46", "elapsed": 1860.445669, "delta": 0.002209}}
{"target": -17.676732867602382, "params": {"gamma": 43.55244261284141, "log10_alpha": 0.8283017496310201, "log10_colsample_bytree": -0.019341330898051012, "log10_eta": -1.683441296483955, "log10_lambda": -4.370420259805325, "log10_min_child_weight": 2.6886778571070375, "log10_subsample": -0.5109026197722605, "max_depth": 4.0, "num_boost_round": 0.0}, "datetime": {"datetime": "2024-01-19 00:42:18", "elapsed": 1892.297589, "delta": 31.85192}}
{"target": -17.675659762232485, "params": {"gamma": 43.55244261284141, "log10_alpha": 0.8283017496310201, "log10_colsample_bytree": -0.019341330898051012, "log10_eta": -1.683441296483955, "log10_lambda": -4.370420259805325, "log10_min_child_weight": 2.6886778571070375, "log10_subsample": -0.5109026197722605, "max_depth": 4.0, "num_boost_round": 1.0}, "datetime": {"datetime": "2024-01-19 00:42:18", "elapsed": 1892.300687, "delta": 0.003098}}
{"target": -17.675534283472153, "params": {"gamma": 43.55244261284141, "log10_alpha": 0.8283017496310201, "log10_colsample_bytree": -0.019341330898051012, "log10_eta": -1.683441296483955, "log10_lambda": -4.370420259805325, "log10_min_child_weight": 2.6886778571070375, "log10_subsample": -0.5109026197722605, "max_depth": 4.0, "num_boost_round": 2.0}, "datetime": {"datetime": "2024-01-19 00:42:18", "elapsed": 1892.302905, "delta": 0.002218}}
{"target": -17.675186836482407, "params": {"gamma": 43.55244261284141, "log10_alpha": 0.8283017496310201, "log10_colsample_bytree": -0.019341330898051012, "log10_eta": -1.683441296483955, "log10_lambda": -4.370420259805325, "log10_min_child_weight": 2.6886778571070375, "log10_subsample": -0.5109026197722605, "max_depth": 4.0, "num_boost_round": 3.0}, "datetime": {"datetime": "2024-01-19 00:42:18", "elapsed": 1892.305077, "delta": 0.002172}}
{"target": -17.67447229430583, "params": {"gamma": 43.55244261284141, "log10_alpha": 0.8283017496310201, "log10_colsample_bytree": -0.019341330898051012, "log10_eta": -1.683441296483955, "log10_lambda": -4.370420259805325, "log10_min_child_weight": 2.6886778571070375, "log10_subsample": -0.5109026197722605, "max_depth": 4.0, "num_boost_round": 4.0}, "datetime": {"datetime": "2024-01-19 00:42:18", "elapsed": 1892.307186, "delta": 0.002109}}
{"target": -17.674402248758334, "params": {"gamma": 43.55244261284141, "log10_alpha": 0.8283017496310201, "log10_colsample_bytree": -0.019341330898051012, "log10_eta": -1.683441296483955, "log10_lambda": -4.370420259805325, "log10_min_child_weight": 2.6886778571070375, "log10_subsample": -0.5109026197722605, "max_depth": 4.0, "num_boost_round": 5.0}, "datetime": {"datetime": "2024-01-19 00:42:18", "elapsed": 1892.309278, "delta": 0.002092}}
{"target": -17.674369450021164, "params": {"gamma": 43.55244261284141, "log10_alpha": 0.8283017496310201, "log10_colsample_bytree": -0.019341330898051012, "log10_eta": -1.683441296483955, "log10_lambda": -4.370420259805325, "log10_min_child_weight": 2.6886778571070375, "log10_subsample": -0.5109026197722605, "max_depth": 4.0, "num_boost_round": 6.0}, "datetime": {"datetime": "2024-01-19 00:42:18", "elapsed": 1892.311446, "delta": 0.002168}}
{"target": -17.67420939038543, "params": {"gamma": 43.55244261284141, "log10_alpha": 0.8283017496310201, "log10_colsample_bytree": -0.019341330898051012, "log10_eta": -1.683441296483955, "log10_lambda": -4.370420259805325, "log10_min_child_weight": 2.6886778571070375, "log10_subsample": -0.5109026197722605, "max_depth": 4.0, "num_boost_round": 7.0}, "datetime": {"datetime": "2024-01-19 00:42:18", "elapsed": 1892.313584, "delta": 0.002138}}
{"target": -17.67394029692031, "params": {"gamma": 43.55244261284141, "log10_alpha": 0.8283017496310201, "log10_colsample_bytree": -0.019341330898051012, "log10_eta": -1.683441296483955, "log10_lambda": -4.370420259805325, "log10_min_child_weight": 2.6886778571070375, "log10_subsample": -0.5109026197722605, "max_depth": 4.0, "num_boost_round": 8.0}, "datetime": {"datetime": "2024-01-19 00:42:18", "elapsed": 1892.315633, "delta": 0.002049}}
{"target": -17.67412897679574, "params": {"gamma": 43.55244261284141, "log10_alpha": 0.8283017496310201, "log10_colsample_bytree": -0.019341330898051012, "log10_eta": -1.683441296483955, "log10_lambda": -4.370420259805325, "log10_min_child_weight": 2.6886778571070375, "log10_subsample": -0.5109026197722605, "max_depth": 4.0, "num_boost_round": 9.0}, "datetime": {"datetime": "2024-01-19 00:42:18", "elapsed": 1892.317679, "delta": 0.002046}}
{"target": -17.674490095371727, "params": {"gamma": 43.55244261284141, "log10_alpha": 0.8283017496310201, "log10_colsample_bytree": -0.019341330898051012, "log10_eta": -1.683441296483955, "log10_lambda": -4.370420259805325, "log10_min_child_weight": 2.6886778571070375, "log10_subsample": -0.5109026197722605, "max_depth": 4.0, "num_boost_round": 10.0}, "datetime": {"datetime": "2024-01-19 00:42:18", "elapsed": 1892.319727, "delta": 0.002048}}
{"target": -17.674813686779096, "params": {"gamma": 43.55244261284141, "log10_alpha": 0.8283017496310201, "log10_colsample_bytree": -0.019341330898051012, "log10_eta": -1.683441296483955, "log10_lambda": -4.370420259805325, "log10_min_child_weight": 2.6886778571070375, "log10_subsample": -0.5109026197722605, "max_depth": 4.0, "num_boost_round": 11.0}, "datetime": {"datetime": "2024-01-19 00:42:18", "elapsed": 1892.32178, "delta": 0.002053}}
{"target": -17.6748350801389, "params": {"gamma": 43.55244261284141, "log10_alpha": 0.8283017496310201, "log10_colsample_bytree": -0.019341330898051012, "log10_eta": -1.683441296483955, "log10_lambda": -4.370420259805325, "log10_min_child_weight": 2.6886778571070375, "log10_subsample": -0.5109026197722605, "max_depth": 4.0, "num_boost_round": 12.0}, "datetime": {"datetime": "2024-01-19 00:42:18", "elapsed": 1892.323868, "delta": 0.002088}}
{"target": -17.675478281644352, "params": {"gamma": 43.55244261284141, "log10_alpha": 0.8283017496310201, "log10_colsample_bytree": -0.019341330898051012, "log10_eta": -1.683441296483955, "log10_lambda": -4.370420259805325, "log10_min_child_weight": 2.6886778571070375, "log10_subsample": -0.5109026197722605, "max_depth": 4.0, "num_boost_round": 13.0}, "datetime": {"datetime": "2024-01-19 00:42:18", "elapsed": 1892.325988, "delta": 0.00212}}
{"target": -17.675572399545832, "params": {"gamma": 43.55244261284141, "log10_alpha": 0.8283017496310201, "log10_colsample_bytree": -0.019341330898051012, "log10_eta": -1.683441296483955, "log10_lambda": -4.370420259805325, "log10_min_child_weight": 2.6886778571070375, "log10_subsample": -0.5109026197722605, "max_depth": 4.0, "num_boost_round": 14.0}, "datetime": {"datetime": "2024-01-19 00:42:18", "elapsed": 1892.32811, "delta": 0.002122}}
{"target": -17.675936533064842, "params": {"gamma": 43.55244261284141, "log10_alpha": 0.8283017496310201, "log10_colsample_bytree": -0.019341330898051012, "log10_eta": -1.683441296483955, "log10_lambda": -4.370420259805325, "log10_min_child_weight": 2.6886778571070375, "log10_subsample": -0.5109026197722605, "max_depth": 4.0, "num_boost_round": 15.0}, "datetime": {"datetime": "2024-01-19 00:42:18", "elapsed": 1892.330206, "delta": 0.002096}}
{"target": -17.67556474642718, "params": {"gamma": 43.55244261284141, "log10_alpha": 0.8283017496310201, "log10_colsample_bytree": -0.019341330898051012, "log10_eta": -1.683441296483955, "log10_lambda": -4.370420259805325, "log10_min_child_weight": 2.6886778571070375, "log10_subsample": -0.5109026197722605, "max_depth": 4.0, "num_boost_round": 16.0}, "datetime": {"datetime": "2024-01-19 00:42:18", "elapsed": 1892.332311, "delta": 0.002105}}
{"target": -17.67642036039284, "params": {"gamma": 43.55244261284141, "log10_alpha": 0.8283017496310201, "log10_colsample_bytree": -0.019341330898051012, "log10_eta": -1.683441296483955, "log10_lambda": -4.370420259805325, "log10_min_child_weight": 2.6886778571070375, "log10_subsample": -0.5109026197722605, "max_depth": 4.0, "num_boost_round": 17.0}, "datetime": {"datetime": "2024-01-19 00:42:18", "elapsed": 1892.334421, "delta": 0.00211}}
{"target": -17.67636570835999, "params": {"gamma": 43.55244261284141, "log10_alpha": 0.8283017496310201, "log10_colsample_bytree": -0.019341330898051012, "log10_eta": -1.683441296483955, "log10_lambda": -4.370420259805325, "log10_min_child_weight": 2.6886778571070375, "log10_subsample": -0.5109026197722605, "max_depth": 4.0, "num_boost_round": 18.0}, "datetime": {"datetime": "2024-01-19 00:42:18", "elapsed": 1892.33655, "delta": 0.002129}}
{"target": -17.677228217350564, "params": {"gamma": 42.61073684397143, "log10_alpha": 0.2710988738292386, "log10_colsample_bytree": -0.8446962759815149, "log10_eta": -3.596414819075736, "log10_lambda": -3.9760101615730754, "log10_min_child_weight": 3.1340045881042293, "log10_subsample": -0.847400436432418, "max_depth": 9.0, "num_boost_round": 0.0}, "datetime": {"datetime": "2024-01-19 00:42:52", "elapsed": 1926.589215, "delta": 34.252665}}
{"target": -17.67722459031167, "params": {"gamma": 42.61073684397143, "log10_alpha": 0.2710988738292386, "log10_colsample_bytree": -0.8446962759815149, "log10_eta": -3.596414819075736, "log10_lambda": -3.9760101615730754, "log10_min_child_weight": 3.1340045881042293, "log10_subsample": -0.847400436432418, "max_depth": 9.0, "num_boost_round": 1.0}, "datetime": {"datetime": "2024-01-19 00:42:52", "elapsed": 1926.591882, "delta": 0.002667}}
{"target": -17.67722217828809, "params": {"gamma": 42.61073684397143, "log10_alpha": 0.2710988738292386, "log10_colsample_bytree": -0.8446962759815149, "log10_eta": -3.596414819075736, "log10_lambda": -3.9760101615730754, "log10_min_child_weight": 3.1340045881042293, "log10_subsample": -0.847400436432418, "max_depth": 9.0, "num_boost_round": 2.0}, "datetime": {"datetime": "2024-01-19 00:42:52", "elapsed": 1926.680976, "delta": 0.089094}}
{"target": -17.67722511076028, "params": {"gamma": 42.61073684397143, "log10_alpha": 0.2710988738292386, "log10_colsample_bytree": -0.8446962759815149, "log10_eta": -3.596414819075736, "log10_lambda": -3.9760101615730754, "log10_min_child_weight": 3.1340045881042293, "log10_subsample": -0.847400436432418, "max_depth": 9.0, "num_boost_round": 3.0}, "datetime": {"datetime": "2024-01-19 00:42:52", "elapsed": 1926.68348, "delta": 0.002504}}
{"target": -17.67721517441369, "params": {"gamma": 42.61073684397143, "log10_alpha": 0.2710988738292386, "log10_colsample_bytree": -0.8446962759815149, "log10_eta": -3.596414819075736, "log10_lambda": -3.9760101615730754, "log10_min_child_weight": 3.1340045881042293, "log10_subsample": -0.847400436432418, "max_depth": 9.0, "num_boost_round": 4.0}, "datetime": {"datetime": "2024-01-19 00:42:52", "elapsed": 1926.68577, "delta": 0.00229}}
{"target": -17.677214943281207, "params": {"gamma": 42.61073684397143, "log10_alpha": 0.2710988738292386, "log10_colsample_bytree": -0.8446962759815149, "log10_eta": -3.596414819075736, "log10_lambda": -3.9760101615730754, "log10_min_child_weight": 3.1340045881042293, "log10_subsample": -0.847400436432418, "max_depth": 9.0, "num_boost_round": 5.0}, "datetime": {"datetime": "2024-01-19 00:42:53", "elapsed": 1926.688022, "delta": 0.002252}}
{"target": -17.67721825445402, "params": {"gamma": 42.61073684397143, "log10_alpha": 0.2710988738292386, "log10_colsample_bytree": -0.8446962759815149, "log10_eta": -3.596414819075736, "log10_lambda": -3.9760101615730754, "log10_min_child_weight": 3.1340045881042293, "log10_subsample": -0.847400436432418, "max_depth": 9.0, "num_boost_round": 6.0}, "datetime": {"datetime": "2024-01-19 00:42:53", "elapsed": 1926.69018, "delta": 0.002158}}
{"target": -17.67720989334184, "params": {"gamma": 42.61073684397143, "log10_alpha": 0.2710988738292386, "log10_colsample_bytree": -0.8446962759815149, "log10_eta": -3.596414819075736, "log10_lambda": -3.9760101615730754, "log10_min_child_weight": 3.1340045881042293, "log10_subsample": -0.847400436432418, "max_depth": 9.0, "num_boost_round": 7.0}, "datetime": {"datetime": "2024-01-19 00:42:53", "elapsed": 1926.692389, "delta": 0.002209}}
