{"target": -17.75396220115577, "params": {"gamma": 839.2965253368495, "log10_alpha": -0.9935684446512081, "log10_colsample_bytree": -0.8926417498507723, "log10_eta": -0.8087749847741774, "log10_lambda": -2.187102054098021, "log10_min_child_weight": 0.8051726604992243, "log10_subsample": -0.4399224001417965, "max_depth": 3.0, "num_boost_round": 26.0}, "datetime": {"datetime": "2024-01-19 01:05:02", "elapsed": 3186.597337, "delta": 0.004132}}
{"target": -17.754196040080128, "params": {"gamma": 839.2965253368495, "log10_alpha": -0.9935684446512081, "log10_colsample_bytree": -0.8926417498507723, "log10_eta": -0.8087749847741774, "log10_lambda": -2.187102054098021, "log10_min_child_weight": 0.8051726604992243, "log10_subsample": -0.4399224001417965, "max_depth": 3.0, "num_boost_round": 27.0}, "datetime": {"datetime": "2024-01-19 01:05:02", "elapsed": 3186.601825, "delta": 0.004488}}
{"target": -17.757604736252834, "params": {"gamma": 839.2965253368495, "log10_alpha": -0.9935684446512081, "log10_colsample_bytree": -0.8926417498507723, "log10_eta": -0.8087749847741774, "log10_lambda": -2.187102054098021, "log10_min_child_weight": 0.8051726604992243, "log10_subsample": -0.4399224001417965, "max_depth": 3.0, "num_boost_round": 28.0}, "datetime": {"datetime": "2024-01-19 01:05:02", "elapsed": 3186.605988, "delta": 0.004163}}
{"target": -17.756241182630035, "params": {"gamma": 839.2965253368495, "log10_alpha": -0.9935684446512081, "log10_colsample_bytree": -0.8926417498507723, "log10_eta": -0.8087749847741774, "log10_lambda": -2.187102054098021, "log10_min_child_weight": 0.8051726604992243, "log10_subsample": -0.4399224001417965, "max_depth": 3.0, "num_boost_round": 29.0}, "datetime": {"datetime": "2024-01-19 01:05:02", "elapsed": 3186.610239, "delta": 0.004251}}
{"target": -17.754831197489683, "params": {"gamma": 839.2965253368495, "log10_alpha": -0.9935684446512081, "log10_colsample_bytree": -0.8926417498507723, "log10_eta": -0.8087749847741774, "log10_lambda": -2.187102054098021, "log10_min_child_weight": 0.8051726604992243, "log10_subsample": -0.4399224001417965, "max_depth": 3.0, "num_boost_round": 30.0}, "datetime": {"datetime": "2024-01-19 01:05:02", "elapsed": 3186.614472, "delta": 0.004233}}
{"target": -17.75637556376951, "params": {"gamma": 839.2965253368495, "log10_alpha": -0.9935684446512081, "log10_colsample_bytree": -0.8926417498507723, "log10_eta": -0.8087749847741774, "log10_lambda": -2.187102054098021, "log10_min_child_weight": 0.8051726604992243, "log10_subsample": -0.4399224001417965, "max_depth": 3.0, "num_boost_round": 31.0}, "datetime": {"datetime": "2024-01-19 01:05:02", "elapsed": 3186.618623, "delta": 0.004151}}
{"target": -17.75641048382926, "params": {"gamma": 839.2965253368495, "log10_alpha": -0.9935684446512081, "log10_colsample_bytree": -0.8926417498507723, "log10_eta": -0.8087749847741774, "log10_lambda": -2.187102054098021, "log10_min_child_weight": 0.8051726604992243, "log10_subsample": -0.4399224001417965, "max_depth": 3.0, "num_boost_round": 32.0}, "datetime": {"datetime": "2024-01-19 01:05:02", "elapsed": 3186.622839, "delta": 0.004216}}
{"target": -17.7624306934576, "params": {"gamma": 839.2965253368495, "log10_alpha": -0.9935684446512081, "log10_colsample_bytree": -0.8926417498507723, "log10_eta": -0.8087749847741774, "log10_lambda": -2.187102054098021, "log10_min_child_weight": 0.8051726604992243, "log10_subsample": -0.4399224001417965, "max_depth": 3.0, "num_boost_round": 33.0}, "datetime": {"datetime": "2024-01-19 01:05:02", "elapsed": 3186.626962, "delta": 0.004123}}
{"target": -17.763438789719142, "params": {"gamma": 839.2965253368495, "log10_alpha": -0.9935684446512081, "log10_colsample_bytree": -0.8926417498507723, "log10_eta": -0.8087749847741774, "log10_lambda": -2.187102054098021, "log10_min_child_weight": 0.8051726604992243, "log10_subsample": -0.4399224001417965, "max_depth": 3.0, "num_boost_round": 34.0}, "datetime": {"datetime": "2024-01-19 01:05:02", "elapsed": 3186.631327, "delta": 0.004365}}
{"target": -17.76509168658441, "params": {"gamma": 839.2965253368495, "log10_alpha": -0.9935684446512081, "log10_colsample_bytree": -0.8926417498507723, "log10_eta": -0.8087749847741774, "log10_lambda": -2.187102054098021, "log10_min_child_weight": 0.8051726604992243, "log10_subsample": -0.4399224001417965, "max_depth": 3.0, "num_boost_round": 35.0}, "datetime": {"datetime": "2024-01-19 01:05:02", "elapsed": 3186.635651, "delta": 0.004324}}
{"target": -17.765778069691155, "params": {"gamma": 839.2965253368495, "log10_alpha": -0.9935684446512081, "log10_colsample_bytree": -0.8926417498507723, "log10_eta": -0.8087749847741774, "log10_lambda": -2.187102054098021, "log10_min_child_weight": 0.8051726604992243, "log10_subsample": -0.4399224001417965, "max_depth": 3.0, "num_boost_round": 36.0}, "datetime": {"datetime": "2024-01-19 01:05:02", "elapsed": 3186.640018, "delta": 0.004367}}
{"target": -17.770081535737905, "params": {"gamma": 839.2965253368495, "log10_alpha": -0.9935684446512081, "log10_colsample_bytree": -0.8926417498507723, "log10_eta": -0.8087749847741774, "log10_lambda": -2.187102054098021, "log10_min_child_weight": 0.8051726604992243, "log10_subsample": -0.4399224001417965, "max_depth": 3.0, "num_boost_round": 37.0}, "datetime": {"datetime": "2024-01-19 01:05:02", "elapsed": 3186.644269, "delta": 0.004251}}
{"target": -17.770974484916525, "params": {"gamma": 839.2965253368495, "log10_alpha": -0.9935684446512081, "log10_colsample_bytree": -0.8926417498507723, "log10_eta": -0.8087749847741774, "log10_lambda": -2.187102054098021, "log10_min_child_weight": 0.8051726604992243, "log10_subsample": -0.4399224001417965, "max_depth": 3.0, "num_boost_round": 38.0}, "datetime": {"datetime": "2024-01-19 01:05:02", "elapsed": 3186.64857, "delta": 0.004301}}
{"target": -17.77569667196831, "params": {"gamma": 839.2965253368495, "log10_alpha": -0.9935684446512081, "log10_colsample_bytree": -0.8926417498507723, "log10_eta": -0.8087749847741774, "log10_lambda": -2.187102054098021, "log10_min_child_weight": 0.8051726604992243, "log10_subsample": -0.4399224001417965, "max_depth": 3.0, "num_boost_round": 39.0}, "datetime": {"datetime": "2024-01-19 01:05:02", "elapsed": 3186.652809, "delta": 0.004239}}
{"target": -17.778267570564324, "params": {"gamma": 839.2965253368495, "log10_alpha": -0.9935684446512081, "log10_colsample_bytree": -0.8926417498507723, "log10_eta": -0.8087749847741774, "log10_lambda": -2.187102054098021, "log10_min_child_weight": 0.8051726604992243, "log10_subsample": -0.4399224001417965, "max_depth": 3.0, "num_boost_round": 40.0}, "datetime": {"datetime": "2024-01-19 01:05:02", "elapsed": 3186.657014, "delta": 0.004205}}
{"target": -17.780421706206855, "params": {"gamma": 839.2965253368495, "log10_alpha": -0.9935684446512081, "log10_colsample_bytree": -0.8926417498507723, "log10_eta": -0.8087749847741774, "log10_lambda": -2.187102054098021, "log10_min_child_weight": 0.8051726604992243, "log10_subsample": -0.4399224001417965, "max_depth": 3.0, "num_boost_round": 41.0}, "datetime": {"datetime": "2024-01-19 01:05:02", "elapsed": 3186.661311, "delta": 0.004297}}
{"target": -17.782589499244658, "params": {"gamma": 839.2965253368495, "log10_alpha": -0.9935684446512081, "log10_colsample_bytree": -0.8926417498507723, "log10_eta": -0.8087749847741774, "log10_lambda": -2.187102054098021, "log10_min_child_weight": 0.8051726604992243, "log10_subsample": -0.4399224001417965, "max_depth": 3.0, "num_boost_round": 42.0}, "datetime": {"datetime": "2024-01-19 01:05:02", "elapsed": 3186.665585, "delta": 0.004274}}
{"target": -17.782557160087865, "params": {"gamma": 839.2965253368495, "log10_alpha": -0.9935684446512081, "log10_colsample_bytree": -0.8926417498507723, "log10_eta": -0.8087749847741774, "log10_lambda": -2.187102054098021, "log10_min_child_weight": 0.8051726604992243, "log10_subsample": -0.4399224001417965, "max_depth": 3.0, "num_boost_round": 43.0}, "datetime": {"datetime": "2024-01-19 01:05:02", "elapsed": 3186.669857, "delta": 0.004272}}
{"target": -17.785025884943792, "params": {"gamma": 839.2965253368495, "log10_alpha": -0.9935684446512081, "log10_colsample_bytree": -0.8926417498507723, "log10_eta": -0.8087749847741774, "log10_lambda": -2.187102054098021, "log10_min_child_weight": 0.8051726604992243, "log10_subsample": -0.4399224001417965, "max_depth": 3.0, "num_boost_round": 44.0}, "datetime": {"datetime": "2024-01-19 01:05:02", "elapsed": 3186.674034, "delta": 0.004177}}
{"target": -17.784982306951026, "params": {"gamma": 839.2965253368495, "log10_alpha": -0.9935684446512081, "log10_colsample_bytree": -0.8926417498507723, "log10_eta": -0.8087749847741774, "log10_lambda": -2.187102054098021, "log10_min_child_weight": 0.8051726604992243, "log10_subsample": -0.4399224001417965, "max_depth": 3.0, "num_boost_round": 45.0}, "datetime": {"datetime": "2024-01-19 01:05:02", "elapsed": 3186.678256, "delta": 0.004222}}
{"target": -17.790431548559432, "params": {"gamma": 839.2965253368495, "log10_alpha": -0.9935684446512081, "log10_colsample_bytree": -0.8926417498507723, "log10_eta": -0.8087749847741774, "log10_lambda": -2.187102054098021, "log10_min_child_weight": 0.8051726604992243, "log10_subsample": -0.4399224001417965, "max_depth": 3.0, "num_boost_round": 46.0}, "datetime": {"datetime": "2024-01-19 01:05:02", "elapsed": 3186.682516, "delta": 0.00426}}
{"target": -17.788634955196123, "params": {"gamma": 839.2965253368495, "log10_alpha": -0.9935684446512081, "log10_colsample_bytree": -0.8926417498507723, "log10_eta": -0.8087749847741774, "log10_lambda": -2.187102054098021, "log10_min_child_weight": 0.8051726604992243, "log10_subsample": -0.4399224001417965, "max_depth": 3.0, "num_boost_round": 47.0}, "datetime": {"datetime": "2024-01-19 01:05:02", "elapsed": 3186.686814, "delta": 0.004298}}
{"target": -17.79903780511387, "params": {"gamma": 839.2965253368495, "log10_alpha": -0.9935684446512081, "log10_colsample_bytree": -0.8926417498507723, "log10_eta": -0.8087749847741774, "log10_lambda": -2.187102054098021, "log10_min_child_weight": 0.8051726604992243, "log10_subsample": -0.4399224001417965, "max_depth": 3.0, "num_boost_round": 48.0}, "datetime": {"datetime": "2024-01-19 01:05:02", "elapsed": 3186.691462, "delta": 0.004648}}
{"target": -17.798227667433327, "params": {"gamma": 839.2965253368495, "log10_alpha": -0.9935684446512081, "log10_colsample_bytree": -0.8926417498507723, "log10_eta": -0.8087749847741774, "log10_lambda": -2.187102054098021, "log10_min_child_weight": 0.8051726604992243, "log10_subsample": -0.4399224001417965, "max_depth": 3.0, "num_boost_round": 49.0}, "datetime": {"datetime": "2024-01-19 01:05:02", "elapsed": 3186.695768, "delta": 0.004306}}
{"target": -17.815454438095212, "params": {"gamma": 839.2965253368495, "log10_alpha": -0.9935684446512081, "log10_colsample_bytree": -0.8926417498507723, "log10_eta": -0.8087749847741774, "log10_lambda": -2.187102054098021, "log10_min_child_weight": 0.8051726604992243, "log10_subsample": -0.4399224001417965, "max_depth": 3.0, "num_boost_round": 50.0}, "datetime": {"datetime": "2024-01-19 01:05:02", "elapsed": 3186.700022, "delta": 0.004254}}
{"target": -17.830818392562886, "params": {"gamma": 839.2965253368495, "log10_alpha": -0.9935684446512081, "log10_colsample_bytree": -0.8926417498507723, "log10_eta": -0.8087749847741774, "log10_lambda": -2.187102054098021, "log10_min_child_weight": 0.8051726604992243, "log10_subsample": -0.4399224001417965, "max_depth": 3.0, "num_boost_round": 51.0}, "datetime": {"datetime": "2024-01-19 01:05:02", "elapsed": 3186.704216, "delta": 0.004194}}
{"target": -17.832361769851147, "params": {"gamma": 839.2965253368495, "log10_alpha": -0.9935684446512081, "log10_colsample_bytree": -0.8926417498507723, "log10_eta": -0.8087749847741774, "log10_lambda": -2.187102054098021, "log10_min_child_weight": 0.8051726604992243, "log10_subsample": -0.4399224001417965, "max_depth": 3.0, "num_boost_round": 52.0}, "datetime": {"datetime": "2024-01-19 01:05:02", "elapsed": 3186.708392, "delta": 0.004176}}
{"target": -17.8325232111864, "params": {"gamma": 839.2965253368495, "log10_alpha": -0.9935684446512081, "log10_colsample_bytree": -0.8926417498507723, "log10_eta": -0.8087749847741774, "log10_lambda": -2.187102054098021, "log10_min_child_weight": 0.8051726604992243, "log10_subsample": -0.4399224001417965, "max_depth": 3.0, "num_boost_round": 53.0}, "datetime": {"datetime": "2024-01-19 01:05:02", "elapsed": 3186.712666, "delta": 0.004274}}
{"target": -17.836247741127128, "params": {"gamma": 839.2965253368495, "log10_alpha": -0.9935684446512081, "log10_colsample_bytree": -0.8926417498507723, "log10_eta": -0.8087749847741774, "log10_lambda": -2.187102054098021, "log10_min_child_weight": 0.8051726604992243, "log10_subsample": -0.4399224001417965, "max_depth": 3.0, "num_boost_round": 54.0}, "datetime": {"datetime": "2024-01-19 01:05:02", "elapsed": 3186.716907, "delta": 0.004241}}
{"target": -17.8390437713749, "params": {"gamma": 839.2965253368495, "log10_alpha": -0.9935684446512081, "log10_colsample_bytree": -0.8926417498507723, "log10_eta": -0.8087749847741774, "log10_lambda": -2.187102054098021, "log10_min_child_weight": 0.8051726604992243, "log10_subsample": -0.4399224001417965, "max_depth": 3.0, "num_boost_round": 55.0}, "datetime": {"datetime": "2024-01-19 01:05:02", "elapsed": 3186.721177, "delta": 0.00427}}
{"target": -17.83913027936649, "params": {"gamma": 839.2965253368495, "log10_alpha": -0.9935684446512081, "log10_colsample_bytree": -0.8926417498507723, "log10_eta": -0.8087749847741774, "log10_lambda": -2.187102054098021, "log10_min_child_weight": 0.8051726604992243, "log10_subsample": -0.4399224001417965, "max_depth": 3.0, "num_boost_round": 56.0}, "datetime": {"datetime": "2024-01-19 01:05:02", "elapsed": 3186.725477, "delta": 0.0043}}
{"target": -17.83965590754717, "params": {"gamma": 839.2965253368495, "log10_alpha": -0.9935684446512081, "log10_colsample_bytree": -0.8926417498507723, "log10_eta": -0.8087749847741774, "log10_lambda": -2.187102054098021, "log10_min_child_weight": 0.8051726604992243, "log10_subsample": -0.4399224001417965, "max_depth": 3.0, "num_boost_round": 57.0}, "datetime": {"datetime": "2024-01-19 01:05:02", "elapsed": 3186.729673, "delta": 0.004196}}
{"target": -17.83953401602268, "params": {"gamma": 839.2965253368495, "log10_alpha": -0.9935684446512081, "log10_colsample_bytree": -0.8926417498507723, "log10_eta": -0.8087749847741774, "log10_lambda": -2.187102054098021, "log10_min_child_weight": 0.8051726604992243, "log10_subsample": -0.4399224001417965, "max_depth": 3.0, "num_boost_round": 58.0}, "datetime": {"datetime": "2024-01-19 01:05:02", "elapsed": 3186.733922, "delta": 0.004249}}
{"target": -17.840050656570483, "params": {"gamma": 839.2965253368495, "log10_alpha": -0.9935684446512081, "log10_colsample_bytree": -0.8926417498507723, "log10_eta": -0.8087749847741774, "log10_lambda": -2.187102054098021, "log10_min_child_weight": 0.8051726604992243, "log10_subsample": -0.4399224001417965, "max_depth": 3.0, "num_boost_round": 59.0}, "datetime": {"datetime": "2024-01-19 01:05:02", "elapsed": 3186.738163, "delta": 0.004241}}
{"target": -17.839587497944944, "params": {"gamma": 839.2965253368495, "log10_alpha": -0.9935684446512081, "log10_colsample_bytree": -0.8926417498507723, "log10_eta": -0.8087749847741774, "log10_lambda": -2.187102054098021, "log10_min_child_weight": 0.8051726604992243, "log10_subsample": -0.4399224001417965, "max_depth": 3.0, "num_boost_round": 60.0}, "datetime": {"datetime": "2024-01-19 01:05:02", "elapsed": 3186.870104, "delta": 0.131941}}
{"target": -17.84143456866987, "params": {"gamma": 839.2965253368495, "log10_alpha": -0.9935684446512081, "log10_colsample_bytree": -0.8926417498507723, "log10_eta": -0.8087749847741774, "log10_lambda": -2.187102054098021, "log10_min_child_weight": 0.8051726604992243, "log10_subsample": -0.4399224001417965, "max_depth": 3.0, "num_boost_round": 61.0}, "datetime": {"datetime": "2024-01-19 01:05:02", "elapsed": 3186.875056, "delta": 0.004952}}
{"target": -17.845783720251955, "params": {"gamma": 839.2965253368495, "log10_alpha": -0.9935684446512081, "log10_colsample_bytree": -0.8926417498507723, "log10_eta": -0.8087749847741774, "log10_lambda": -2.187102054098021, "log10_min_child_weight": 0.8051726604992243, "log10_subsample": -0.4399224001417965, "max_depth": 3.0, "num_boost_round": 62.0}, "datetime": {"datetime": "2024-01-19 01:05:02", "elapsed": 3186.88002, "delta": 0.004964}}
{"target": -17.848978366286943, "params": {"gamma": 839.2965253368495, "log10_alpha": -0.9935684446512081, "log10_colsample_bytree": -0.8926417498507723, "log10_eta": -0.8087749847741774, "log10_lambda": -2.187102054098021, "log10_min_child_weight": 0.8051726604992243, "log10_subsample": -0.4399224001417965, "max_depth": 3.0, "num_boost_round": 63.0}, "datetime": {"datetime": "2024-01-19 01:05:02", "elapsed": 3186.885605, "delta": 0.005585}}
{"target": -17.8505049742076, "params": {"gamma": 839.2965253368495, "log10_alpha": -0.9935684446512081, "log10_colsample_bytree": -0.8926417498507723, "log10_eta": -0.8087749847741774, "log10_lambda": -2.187102054098021, "log10_min_child_weight": 0.8051726604992243, "log10_subsample": -0.4399224001417965, "max_depth": 3.0, "num_boost_round": 64.0}, "datetime": {"datetime": "2024-01-19 01:05:02", "elapsed": 3186.890392, "delta": 0.004787}}
{"target": -17.850184122839433, "params": {"gamma": 839.2965253368495, "log10_alpha": -0.9935684446512081, "log10_colsample_bytree": -0.8926417498507723, "log10_eta": -0.8087749847741774, "log10_lambda": -2.187102054098021, "log10_min_child_weight": 0.8051726604992243, "log10_subsample": -0.4399224001417965, "max_depth": 3.0, "num_boost_round": 65.0}, "datetime": {"datetime": "2024-01-19 01:05:02", "elapsed": 3186.895043, "delta": 0.004651}}
{"target": -17.869084878847534, "params": {"gamma": 839.2965253368495, "log10_alpha": -0.9935684446512081, "log10_colsample_bytree": -0.8926417498507723, "log10_eta": -0.8087749847741774, "log10_lambda": -2.187102054098021, "log10_min_child_weight": 0.8051726604992243, "log10_subsample": -0.4399224001417965, "max_depth": 3.0, "num_boost_round": 66.0}, "datetime": {"datetime": "2024-01-19 01:05:02", "elapsed": 3186.899623, "delta": 0.00458}}
{"target": -17.894132611323624, "params": {"gamma": 839.2965253368495, "log10_alpha": -0.9935684446512081, "log10_colsample_bytree": -0.8926417498507723, "log10_eta": -0.8087749847741774, "log10_lambda": -2.187102054098021, "log10_min_child_weight": 0.8051726604992243, "log10_subsample": -0.4399224001417965, "max_depth": 3.0, "num_boost_round": 67.0}, "datetime": {"datetime": "2024-01-19 01:05:02", "elapsed": 3186.904174, "delta": 0.004551}}
{"target": -17.688396873914755, "params": {"gamma": 850.2748218100577, "log10_alpha": 0.2753245824883166, "log10_colsample_bytree": -0.5684949550999857, "log10_eta": -0.9736446173412698, "log10_lambda": -2.317066189998056, "log10_min_child_weight": 0.4022680589087829, "log10_subsample": -0.6125075091465906, "max_depth": 8.0, "num_boost_round": 0.0}, "datetime": {"datetime": "2024-01-19 01:05:52", "elapsed": 3236.834066, "delta": 49.929892}}
{"target": -17.690907035650184, "params": {"gamma": 850.2748218100577, "log10_alpha": 0.2753245824883166, "log10_colsample_bytree": -0.5684949550999857, "log10_eta": -0.9736446173412698, "log10_lambda": -2.317066189998056, "log10_min_child_weight": 0.4022680589087829, "log10_subsample": -0.6125075091465906, "max_depth": 8.0, "num_boost_round": 1.0}, "datetime": {"datetime": "2024-01-19 01:05:52", "elapsed": 3236.839857, "delta": 0.005791}}
{"target": -17.69200707756104, "params": {"gamma": 850.2748218100577, "log10_alpha": 0.2753245824883166, "log10_colsample_bytree": -0.5684949550999857, "log10_eta": -0.9736446173412698, "log10_lambda": -2.317066189998056, "log10_min_child_weight": 0.4022680589087829, "log10_subsample": -0.6125075091465906, "max_depth": 8.0, "num_boost_round": 2.0}, "datetime": {"datetime": "2024-01-19 01:05:52", "elapsed": 3236.844337, "delta": 0.00448}}
{"target": -17.69440111685485, "params": {"gamma": 850.2748218100577, "log10_alpha": 0.2753245824883166, "log10_colsample_bytree": -0.5684949550999857, "log10_eta": -0.9736446173412698, "log10_lambda": -2.317066189998056, "log10_min_child_weight": 0.4022680589087829, "log10_subsample": -0.6125075091465906, "max_depth": 8.0, "num_boost_round": 3.0}, "datetime": {"datetime": "2024-01-19 01:05:52", "elapsed": 3236.848877, "delta": 0.00454}}
{"target": -17.699753116856414, "params": {"gamma": 850.2748218100577, "log10_alpha": 0.2753245824883166, "log10_colsample_bytree": -0.5684949550999857, "log10_eta": -0.9736446173412698, "log10_lambda": -2.317066189998056, "log10_min_child_weight": 0.4022680589087829, "log10_subsample": -0.6125075091465906, "max_depth": 8.0, "num_boost_round": 4.0}, "datetime": {"datetime": "2024-01-19 01:05:52", "elapsed": 3236.85337, "delta": 0.004493}}
{"target": -17.701637055184307, "params": {"gamma": 850.2748218100577, "log10_alpha": 0.2753245824883166, "log10_colsample_bytree": -0.5684949550999857, "log10_eta": -0.9736446173412698, "log10_lambda": -2.317066189998056, "log10_min_child_weight": 0.4022680589087829, "log10_subsample": -0.6125075091465906, "max_depth": 8.0, "num_boost_round": 5.0}, "datetime": {"datetime": "2024-01-19 01:05:52", "elapsed": 3236.85767, "delta": 0.0043}}
{"target": -17.707294954017186, "params": {"gamma": 850.2748218100577, "log10_alpha": 0.2753245824883166, "log10_colsample_bytree": -0.5684949550999857, "log10_eta": -0.9736446173412698, "log10_lambda": -2.317066189998056, "log10_min_child_weight": 0.4022680589087829, "log10_subsample": -0.6125075091465906, "max_depth": 8.0, "num_boost_round": 6.0}, "datetime": {"datetime": "2024-01-19 01:05:52", "elapsed": 3236.8623, "delta": 0.00463}}
