{"target": -13.758219857305408, "params": {"gamma": 40.224555127310154, "log10_alpha": -3.4700637191179045, "log10_colsample_bytree": -0.3577171887449231, "log10_eta": -2.460263521904244, "log10_lambda": -0.005482261366696051, "log10_min_child_weight": 1.3255958012079117, "log10_subsample": -0.5117010599253287, "max_depth": 2.0, "num_boost_round": 17.0}, "datetime": {"datetime": "2024-01-19 01:08:20", "elapsed": 3408.217887, "delta": 0.00329}}
{"target": -13.758221476319132, "params": {"gamma": 40.224555127310154, "log10_alpha": -3.4700637191179045, "log10_colsample_bytree": -0.3577171887449231, "log10_eta": -2.460263521904244, "log10_lambda": -0.005482261366696051, "log10_min_child_weight": 1.3255958012079117, "log10_subsample": -0.5117010599253287, "max_depth": 2.0, "num_boost_round": 18.0}, "datetime": {"datetime": "2024-01-19 01:08:20", "elapsed": 3408.221151, "delta": 0.003264}}
{"target": -13.758160170224295, "params": {"gamma": 40.224555127310154, "log10_alpha": -3.4700637191179045, "log10_colsample_bytree": -0.3577171887449231, "log10_eta": -2.460263521904244, "log10_lambda": -0.005482261366696051, "log10_min_child_weight": 1.3255958012079117, "log10_subsample": -0.5117010599253287, "max_depth": 2.0, "num_boost_round": 19.0}, "datetime": {"datetime": "2024-01-19 01:08:20", "elapsed": 3408.224414, "delta": 0.003263}}
{"target": -13.75811231085568, "params": {"gamma": 40.224555127310154, "log10_alpha": -3.4700637191179045, "log10_colsample_bytree": -0.3577171887449231, "log10_eta": -2.460263521904244, "log10_lambda": -0.005482261366696051, "log10_min_child_weight": 1.3255958012079117, "log10_subsample": -0.5117010599253287, "max_depth": 2.0, "num_boost_round": 20.0}, "datetime": {"datetime": "2024-01-19 01:08:20", "elapsed": 3408.227674, "delta": 0.00326}}
{"target": -13.758102340782608, "params": {"gamma": 40.224555127310154, "log10_alpha": -3.4700637191179045, "log10_colsample_bytree": -0.3577171887449231, "log10_eta": -2.460263521904244, "log10_lambda": -0.005482261366696051, "log10_min_child_weight": 1.3255958012079117, "log10_subsample": -0.5117010599253287, "max_depth": 2.0, "num_boost_round": 21.0}, "datetime": {"datetime": "2024-01-19 01:08:20", "elapsed": 3408.231012, "delta": 0.003338}}
{"target": -13.758122233488143, "params": {"gamma": 40.224555127310154, "log10_alpha": -3.4700637191179045, "log10_colsample_bytree": -0.3577171887449231, "log10_eta": -2.460263521904244, "log10_lambda": -0.005482261366696051, "log10_min_child_weight": 1.3255958012079117, "log10_subsample": -0.5117010599253287, "max_depth": 2.0, "num_boost_round": 22.0}, "datetime": {"datetime": "2024-01-19 01:08:20", "elapsed": 3408.234312, "delta": 0.0033}}
{"target": -13.758120078815802, "params": {"gamma": 40.224555127310154, "log10_alpha": -3.4700637191179045, "log10_colsample_bytree": -0.3577171887449231, "log10_eta": -2.460263521904244, "log10_lambda": -0.005482261366696051, "log10_min_child_weight": 1.3255958012079117, "log10_subsample": -0.5117010599253287, "max_depth": 2.0, "num_boost_round": 23.0}, "datetime": {"datetime": "2024-01-19 01:08:20", "elapsed": 3408.237625, "delta": 0.003313}}
{"target": -13.758121514478665, "params": {"gamma": 40.224555127310154, "log10_alpha": -3.4700637191179045, "log10_colsample_bytree": -0.3577171887449231, "log10_eta": -2.460263521904244, "log10_lambda": -0.005482261366696051, "log10_min_child_weight": 1.3255958012079117, "log10_subsample": -0.5117010599253287, "max_depth": 2.0, "num_boost_round": 24.0}, "datetime": {"datetime": "2024-01-19 01:08:20", "elapsed": 3408.2409, "delta": 0.003275}}
{"target": -13.758078556431943, "params": {"gamma": 40.224555127310154, "log10_alpha": -3.4700637191179045, "log10_colsample_bytree": -0.3577171887449231, "log10_eta": -2.460263521904244, "log10_lambda": -0.005482261366696051, "log10_min_child_weight": 1.3255958012079117, "log10_subsample": -0.5117010599253287, "max_depth": 2.0, "num_boost_round": 25.0}, "datetime": {"datetime": "2024-01-19 01:08:20", "elapsed": 3408.244207, "delta": 0.003307}}
{"target": -13.758090436285748, "params": {"gamma": 40.224555127310154, "log10_alpha": -3.4700637191179045, "log10_colsample_bytree": -0.3577171887449231, "log10_eta": -2.460263521904244, "log10_lambda": -0.005482261366696051, "log10_min_child_weight": 1.3255958012079117, "log10_subsample": -0.5117010599253287, "max_depth": 2.0, "num_boost_round": 26.0}, "datetime": {"datetime": "2024-01-19 01:08:20", "elapsed": 3408.247456, "delta": 0.003249}}
{"target": -13.758037512447977, "params": {"gamma": 40.224555127310154, "log10_alpha": -3.4700637191179045, "log10_colsample_bytree": -0.3577171887449231, "log10_eta": -2.460263521904244, "log10_lambda": -0.005482261366696051, "log10_min_child_weight": 1.3255958012079117, "log10_subsample": -0.5117010599253287, "max_depth": 2.0, "num_boost_round": 27.0}, "datetime": {"datetime": "2024-01-19 01:08:20", "elapsed": 3408.250837, "delta": 0.003381}}
{"target": -13.758036105635863, "params": {"gamma": 40.224555127310154, "log10_alpha": -3.4700637191179045, "log10_colsample_bytree": -0.3577171887449231, "log10_eta": -2.460263521904244, "log10_lambda": -0.005482261366696051, "log10_min_child_weight": 1.3255958012079117, "log10_subsample": -0.5117010599253287, "max_depth": 2.0, "num_boost_round": 28.0}, "datetime": {"datetime": "2024-01-19 01:08:20", "elapsed": 3408.254099, "delta": 0.003262}}
{"target": -13.75802479334446, "params": {"gamma": 40.224555127310154, "log10_alpha": -3.4700637191179045, "log10_colsample_bytree": -0.3577171887449231, "log10_eta": -2.460263521904244, "log10_lambda": -0.005482261366696051, "log10_min_child_weight": 1.3255958012079117, "log10_subsample": -0.5117010599253287, "max_depth": 2.0, "num_boost_round": 29.0}, "datetime": {"datetime": "2024-01-19 01:08:20", "elapsed": 3408.25805, "delta": 0.003951}}
{"target": -13.7579860356126, "params": {"gamma": 40.224555127310154, "log10_alpha": -3.4700637191179045, "log10_colsample_bytree": -0.3577171887449231, "log10_eta": -2.460263521904244, "log10_lambda": -0.005482261366696051, "log10_min_child_weight": 1.3255958012079117, "log10_subsample": -0.5117010599253287, "max_depth": 2.0, "num_boost_round": 30.0}, "datetime": {"datetime": "2024-01-19 01:08:20", "elapsed": 3408.262066, "delta": 0.004016}}
{"target": -13.7579322870859, "params": {"gamma": 40.224555127310154, "log10_alpha": -3.4700637191179045, "log10_colsample_bytree": -0.3577171887449231, "log10_eta": -2.460263521904244, "log10_lambda": -0.005482261366696051, "log10_min_child_weight": 1.3255958012079117, "log10_subsample": -0.5117010599253287, "max_depth": 2.0, "num_boost_round": 31.0}, "datetime": {"datetime": "2024-01-19 01:08:20", "elapsed": 3408.265347, "delta": 0.003281}}
{"target": -13.75794512279945, "params": {"gamma": 40.224555127310154, "log10_alpha": -3.4700637191179045, "log10_colsample_bytree": -0.3577171887449231, "log10_eta": -2.460263521904244, "log10_lambda": -0.005482261366696051, "log10_min_child_weight": 1.3255958012079117, "log10_subsample": -0.5117010599253287, "max_depth": 2.0, "num_boost_round": 32.0}, "datetime": {"datetime": "2024-01-19 01:08:20", "elapsed": 3408.268771, "delta": 0.003424}}
{"target": -13.758472597404117, "params": {"gamma": 43.294995794346036, "log10_alpha": -0.7649393877488189, "log10_colsample_bytree": -0.7674960261188427, "log10_eta": -1.4508212607823383, "log10_lambda": -1.5450051518065093, "log10_min_child_weight": 4.3056060837910595, "log10_subsample": -0.7953139546444647, "max_depth": 9.0, "num_boost_round": 0.0}, "datetime": {"datetime": "2024-01-19 01:08:58", "elapsed": 3446.758717, "delta": 38.489946}}
{"target": -13.75820411046199, "params": {"gamma": 43.294995794346036, "log10_alpha": -0.7649393877488189, "log10_colsample_bytree": -0.7674960261188427, "log10_eta": -1.4508212607823383, "log10_lambda": -1.5450051518065093, "log10_min_child_weight": 4.3056060837910595, "log10_subsample": -0.7953139546444647, "max_depth": 9.0, "num_boost_round": 1.0}, "datetime": {"datetime": "2024-01-19 01:08:58", "elapsed": 3446.762761, "delta": 0.004044}}
{"target": -13.758292565687608, "params": {"gamma": 43.294995794346036, "log10_alpha": -0.7649393877488189, "log10_colsample_bytree": -0.7674960261188427, "log10_eta": -1.4508212607823383, "log10_lambda": -1.5450051518065093, "log10_min_child_weight": 4.3056060837910595, "log10_subsample": -0.7953139546444647, "max_depth": 9.0, "num_boost_round": 2.0}, "datetime": {"datetime": "2024-01-19 01:08:58", "elapsed": 3446.766114, "delta": 0.003353}}
{"target": -13.758333478268272, "params": {"gamma": 43.294995794346036, "log10_alpha": -0.7649393877488189, "log10_colsample_bytree": -0.7674960261188427, "log10_eta": -1.4508212607823383, "log10_lambda": -1.5450051518065093, "log10_min_child_weight": 4.3056060837910595, "log10_subsample": -0.7953139546444647, "max_depth": 9.0, "num_boost_round": 3.0}, "datetime": {"datetime": "2024-01-19 01:08:58", "elapsed": 3446.769609, "delta": 0.003495}}
{"target": -13.758345976784382, "params": {"gamma": 43.294995794346036, "log10_alpha": -0.7649393877488189, "log10_colsample_bytree": -0.7674960261188427, "log10_eta": -1.4508212607823383, "log10_lambda": -1.5450051518065093, "log10_min_child_weight": 4.3056060837910595, "log10_subsample": -0.7953139546444647, "max_depth": 9.0, "num_boost_round": 4.0}, "datetime": {"datetime": "2024-01-19 01:08:58", "elapsed": 3446.772957, "delta": 0.003348}}
{"target": -13.758367160413531, "params": {"gamma": 43.294995794346036, "log10_alpha": -0.7649393877488189, "log10_colsample_bytree": -0.7674960261188427, "log10_eta": -1.4508212607823383, "log10_lambda": -1.5450051518065093, "log10_min_child_weight": 4.3056060837910595, "log10_subsample": -0.7953139546444647, "max_depth": 9.0, "num_boost_round": 5.0}, "datetime": {"datetime": "2024-01-19 01:08:58", "elapsed": 3446.776345, "delta": 0.003388}}
{"target": -13.75866510630248, "params": {"gamma": 43.294995794346036, "log10_alpha": -0.7649393877488189, "log10_colsample_bytree": -0.7674960261188427, "log10_eta": -1.4508212607823383, "log10_lambda": -1.5450051518065093, "log10_min_child_weight": 4.3056060837910595, "log10_subsample": -0.7953139546444647, "max_depth": 9.0, "num_boost_round": 6.0}, "datetime": {"datetime": "2024-01-19 01:08:58", "elapsed": 3446.779648, "delta": 0.003303}}
{"target": -13.758704691504567, "params": {"gamma": 43.294995794346036, "log10_alpha": -0.7649393877488189, "log10_colsample_bytree": -0.7674960261188427, "log10_eta": -1.4508212607823383, "log10_lambda": -1.5450051518065093, "log10_min_child_weight": 4.3056060837910595, "log10_subsample": -0.7953139546444647, "max_depth": 9.0, "num_boost_round": 7.0}, "datetime": {"datetime": "2024-01-19 01:08:58", "elapsed": 3446.783571, "delta": 0.003923}}
{"target": -13.758778101490282, "params": {"gamma": 43.294995794346036, "log10_alpha": -0.7649393877488189, "log10_colsample_bytree": -0.7674960261188427, "log10_eta": -1.4508212607823383, "log10_lambda": -1.5450051518065093, "log10_min_child_weight": 4.3056060837910595, "log10_subsample": -0.7953139546444647, "max_depth": 9.0, "num_boost_round": 8.0}, "datetime": {"datetime": "2024-01-19 01:08:58", "elapsed": 3446.78758, "delta": 0.004009}}
{"target": -13.75881521496795, "params": {"gamma": 43.294995794346036, "log10_alpha": -0.7649393877488189, "log10_colsample_bytree": -0.7674960261188427, "log10_eta": -1.4508212607823383, "log10_lambda": -1.5450051518065093, "log10_min_child_weight": 4.3056060837910595, "log10_subsample": -0.7953139546444647, "max_depth": 9.0, "num_boost_round": 9.0}, "datetime": {"datetime": "2024-01-19 01:08:58", "elapsed": 3446.79107, "delta": 0.00349}}
{"target": -13.758496980977018, "params": {"gamma": 43.294995794346036, "log10_alpha": -0.7649393877488189, "log10_colsample_bytree": -0.7674960261188427, "log10_eta": -1.4508212607823383, "log10_lambda": -1.5450051518065093, "log10_min_child_weight": 4.3056060837910595, "log10_subsample": -0.7953139546444647, "max_depth": 9.0, "num_boost_round": 10.0}, "datetime": {"datetime": "2024-01-19 01:08:58", "elapsed": 3446.794578, "delta": 0.003508}}
{"target": -13.758433903895135, "params": {"gamma": 43.294995794346036, "log10_alpha": -0.7649393877488189, "log10_colsample_bytree": -0.7674960261188427, "log10_eta": -1.4508212607823383, "log10_lambda": -1.5450051518065093, "log10_min_child_weight": 4.3056060837910595, "log10_subsample": -0.7953139546444647, "max_depth": 9.0, "num_boost_round": 11.0}, "datetime": {"datetime": "2024-01-19 01:08:58", "elapsed": 3446.798124, "delta": 0.003546}}
{"target": -13.758641634946377, "params": {"gamma": 43.294995794346036, "log10_alpha": -0.7649393877488189, "log10_colsample_bytree": -0.7674960261188427, "log10_eta": -1.4508212607823383, "log10_lambda": -1.5450051518065093, "log10_min_child_weight": 4.3056060837910595, "log10_subsample": -0.7953139546444647, "max_depth": 9.0, "num_boost_round": 12.0}, "datetime": {"datetime": "2024-01-19 01:08:58", "elapsed": 3446.801653, "delta": 0.003529}}
{"target": -13.75862531338923, "params": {"gamma": 43.294995794346036, "log10_alpha": -0.7649393877488189, "log10_colsample_bytree": -0.7674960261188427, "log10_eta": -1.4508212607823383, "log10_lambda": -1.5450051518065093, "log10_min_child_weight": 4.3056060837910595, "log10_subsample": -0.7953139546444647, "max_depth": 9.0, "num_boost_round": 13.0}, "datetime": {"datetime": "2024-01-19 01:08:58", "elapsed": 3446.804959, "delta": 0.003306}}
{"target": -13.758417268198222, "params": {"gamma": 43.294995794346036, "log10_alpha": -0.7649393877488189, "log10_colsample_bytree": -0.7674960261188427, "log10_eta": -1.4508212607823383, "log10_lambda": -1.5450051518065093, "log10_min_child_weight": 4.3056060837910595, "log10_subsample": -0.7953139546444647, "max_depth": 9.0, "num_boost_round": 14.0}, "datetime": {"datetime": "2024-01-19 01:08:58", "elapsed": 3446.808327, "delta": 0.003368}}
{"target": -13.758354455544834, "params": {"gamma": 43.294995794346036, "log10_alpha": -0.7649393877488189, "log10_colsample_bytree": -0.7674960261188427, "log10_eta": -1.4508212607823383, "log10_lambda": -1.5450051518065093, "log10_min_child_weight": 4.3056060837910595, "log10_subsample": -0.7953139546444647, "max_depth": 9.0, "num_boost_round": 15.0}, "datetime": {"datetime": "2024-01-19 01:08:58", "elapsed": 3446.811624, "delta": 0.003297}}
{"target": -13.75814618409989, "params": {"gamma": 43.294995794346036, "log10_alpha": -0.7649393877488189, "log10_colsample_bytree": -0.7674960261188427, "log10_eta": -1.4508212607823383, "log10_lambda": -1.5450051518065093, "log10_min_child_weight": 4.3056060837910595, "log10_subsample": -0.7953139546444647, "max_depth": 9.0, "num_boost_round": 16.0}, "datetime": {"datetime": "2024-01-19 01:08:58", "elapsed": 3446.815004, "delta": 0.00338}}
{"target": -13.758319994323504, "params": {"gamma": 43.294995794346036, "log10_alpha": -0.7649393877488189, "log10_colsample_bytree": -0.7674960261188427, "log10_eta": -1.4508212607823383, "log10_lambda": -1.5450051518065093, "log10_min_child_weight": 4.3056060837910595, "log10_subsample": -0.7953139546444647, "max_depth": 9.0, "num_boost_round": 17.0}, "datetime": {"datetime": "2024-01-19 01:08:58", "elapsed": 3446.818336, "delta": 0.003332}}
{"target": -13.758259985572368, "params": {"gamma": 43.294995794346036, "log10_alpha": -0.7649393877488189, "log10_colsample_bytree": -0.7674960261188427, "log10_eta": -1.4508212607823383, "log10_lambda": -1.5450051518065093, "log10_min_child_weight": 4.3056060837910595, "log10_subsample": -0.7953139546444647, "max_depth": 9.0, "num_boost_round": 18.0}, "datetime": {"datetime": "2024-01-19 01:08:58", "elapsed": 3446.821735, "delta": 0.003399}}
{"target": -13.758383998747345, "params": {"gamma": 43.294995794346036, "log10_alpha": -0.7649393877488189, "log10_colsample_bytree": -0.7674960261188427, "log10_eta": -1.4508212607823383, "log10_lambda": -1.5450051518065093, "log10_min_child_weight": 4.3056060837910595, "log10_subsample": -0.7953139546444647, "max_depth": 9.0, "num_boost_round": 19.0}, "datetime": {"datetime": "2024-01-19 01:08:58", "elapsed": 3446.825098, "delta": 0.003363}}
{"target": -13.75855108152034, "params": {"gamma": 43.294995794346036, "log10_alpha": -0.7649393877488189, "log10_colsample_bytree": -0.7674960261188427, "log10_eta": -1.4508212607823383, "log10_lambda": -1.5450051518065093, "log10_min_child_weight": 4.3056060837910595, "log10_subsample": -0.7953139546444647, "max_depth": 9.0, "num_boost_round": 20.0}, "datetime": {"datetime": "2024-01-19 01:08:58", "elapsed": 3446.828488, "delta": 0.00339}}
{"target": -13.758768404373896, "params": {"gamma": 43.294995794346036, "log10_alpha": -0.7649393877488189, "log10_colsample_bytree": -0.7674960261188427, "log10_eta": -1.4508212607823383, "log10_lambda": -1.5450051518065093, "log10_min_child_weight": 4.3056060837910595, "log10_subsample": -0.7953139546444647, "max_depth": 9.0, "num_boost_round": 21.0}, "datetime": {"datetime": "2024-01-19 01:08:58", "elapsed": 3446.831869, "delta": 0.003381}}
{"target": -13.758776244594769, "params": {"gamma": 43.294995794346036, "log10_alpha": -0.7649393877488189, "log10_colsample_bytree": -0.7674960261188427, "log10_eta": -1.4508212607823383, "log10_lambda": -1.5450051518065093, "log10_min_child_weight": 4.3056060837910595, "log10_subsample": -0.7953139546444647, "max_depth": 9.0, "num_boost_round": 22.0}, "datetime": {"datetime": "2024-01-19 01:08:58", "elapsed": 3446.835208, "delta": 0.003339}}
{"target": -13.758708314415511, "params": {"gamma": 43.294995794346036, "log10_alpha": -0.7649393877488189, "log10_colsample_bytree": -0.7674960261188427, "log10_eta": -1.4508212607823383, "log10_lambda": -1.5450051518065093, "log10_min_child_weight": 4.3056060837910595, "log10_subsample": -0.7953139546444647, "max_depth": 9.0, "num_boost_round": 23.0}, "datetime": {"datetime": "2024-01-19 01:08:58", "elapsed": 3446.838559, "delta": 0.003351}}
{"target": -13.758927275847833, "params": {"gamma": 43.294995794346036, "log10_alpha": -0.7649393877488189, "log10_colsample_bytree": -0.7674960261188427, "log10_eta": -1.4508212607823383, "log10_lambda": -1.5450051518065093, "log10_min_child_weight": 4.3056060837910595, "log10_subsample": -0.7953139546444647, "max_depth": 9.0, "num_boost_round": 24.0}, "datetime": {"datetime": "2024-01-19 01:08:58", "elapsed": 3446.841933, "delta": 0.003374}}
{"target": -13.758923222008379, "params": {"gamma": 43.294995794346036, "log10_alpha": -0.7649393877488189, "log10_colsample_bytree": -0.7674960261188427, "log10_eta": -1.4508212607823383, "log10_lambda": -1.5450051518065093, "log10_min_child_weight": 4.3056060837910595, "log10_subsample": -0.7953139546444647, "max_depth": 9.0, "num_boost_round": 25.0}, "datetime": {"datetime": "2024-01-19 01:08:58", "elapsed": 3446.845237, "delta": 0.003304}}
{"target": -13.759154418257758, "params": {"gamma": 43.294995794346036, "log10_alpha": -0.7649393877488189, "log10_colsample_bytree": -0.7674960261188427, "log10_eta": -1.4508212607823383, "log10_lambda": -1.5450051518065093, "log10_min_child_weight": 4.3056060837910595, "log10_subsample": -0.7953139546444647, "max_depth": 9.0, "num_boost_round": 26.0}, "datetime": {"datetime": "2024-01-19 01:08:58", "elapsed": 3446.84858, "delta": 0.003343}}
{"target": -13.75904116366453, "params": {"gamma": 43.294995794346036, "log10_alpha": -0.7649393877488189, "log10_colsample_bytree": -0.7674960261188427, "log10_eta": -1.4508212607823383, "log10_lambda": -1.5450051518065093, "log10_min_child_weight": 4.3056060837910595, "log10_subsample": -0.7953139546444647, "max_depth": 9.0, "num_boost_round": 27.0}, "datetime": {"datetime": "2024-01-19 01:08:58", "elapsed": 3446.85201, "delta": 0.00343}}
{"target": -13.758982051398135, "params": {"gamma": 43.294995794346036, "log10_alpha": -0.7649393877488189, "log10_colsample_bytree": -0.7674960261188427, "log10_eta": -1.4508212607823383, "log10_lambda": -1.5450051518065093, "log10_min_child_weight": 4.3056060837910595, "log10_subsample": -0.7953139546444647, "max_depth": 9.0, "num_boost_round": 28.0}, "datetime": {"datetime": "2024-01-19 01:08:58", "elapsed": 3446.855422, "delta": 0.003412}}
{"target": -13.758899045163375, "params": {"gamma": 43.294995794346036, "log10_alpha": -0.7649393877488189, "log10_colsample_bytree": -0.7674960261188427, "log10_eta": -1.4508212607823383, "log10_lambda": -1.5450051518065093, "log10_min_child_weight": 4.3056060837910595, "log10_subsample": -0.7953139546444647, "max_depth": 9.0, "num_boost_round": 29.0}, "datetime": {"datetime": "2024-01-19 01:08:58", "elapsed": 3446.858771, "delta": 0.003349}}
{"target": -13.758923132160872, "params": {"gamma": 43.294995794346036, "log10_alpha": -0.7649393877488189, "log10_colsample_bytree": -0.7674960261188427, "log10_eta": -1.4508212607823383, "log10_lambda": -1.5450051518065093, "log10_min_child_weight": 4.3056060837910595, "log10_subsample": -0.7953139546444647, "max_depth": 9.0, "num_boost_round": 30.0}, "datetime": {"datetime": "2024-01-19 01:08:58", "elapsed": 3446.862184, "delta": 0.003413}}
{"target": -13.759136366241915, "params": {"gamma": 43.294995794346036, "log10_alpha": -0.7649393877488189, "log10_colsample_bytree": -0.7674960261188427, "log10_eta": -1.4508212607823383, "log10_lambda": -1.5450051518065093, "log10_min_child_weight": 4.3056060837910595, "log10_subsample": -0.7953139546444647, "max_depth": 9.0, "num_boost_round": 31.0}, "datetime": {"datetime": "2024-01-19 01:08:58", "elapsed": 3446.865542, "delta": 0.003358}}
{"target": -13.75940621624811, "params": {"gamma": 43.294995794346036, "log10_alpha": -0.7649393877488189, "log10_colsample_bytree": -0.7674960261188427, "log10_eta": -1.4508212607823383, "log10_lambda": -1.5450051518065093, "log10_min_child_weight": 4.3056060837910595, "log10_subsample": -0.7953139546444647, "max_depth": 9.0, "num_boost_round": 32.0}, "datetime": {"datetime": "2024-01-19 01:08:58", "elapsed": 3446.868899, "delta": 0.003357}}
