{"target": -13.75765226746889, "params": {"gamma": 898.2073302604139, "log10_alpha": -0.6854369988646187, "log10_colsample_bytree": -0.09060346386875728, "log10_eta": -2.5377170804890876, "log10_lambda": -0.4596206173178068, "log10_min_child_weight": 1.3894458253073032, "log10_subsample": -0.5145811905214013, "max_depth": 8.0, "num_boost_round": 19.0}, "datetime": {"datetime": "2024-01-19 01:49:08", "elapsed": 5868.9918, "delta": 0.004369}}
{"target": -13.757602667477945, "params": {"gamma": 898.2073302604139, "log10_alpha": -0.6854369988646187, "log10_colsample_bytree": -0.09060346386875728, "log10_eta": -2.5377170804890876, "log10_lambda": -0.4596206173178068, "log10_min_child_weight": 1.3894458253073032, "log10_subsample": -0.5145811905214013, "max_depth": 8.0, "num_boost_round": 20.0}, "datetime": {"datetime": "2024-01-19 01:49:08", "elapsed": 5868.996259, "delta": 0.004459}}
{"target": -13.757625426915041, "params": {"gamma": 898.2073302604139, "log10_alpha": -0.6854369988646187, "log10_colsample_bytree": -0.09060346386875728, "log10_eta": -2.5377170804890876, "log10_lambda": -0.4596206173178068, "log10_min_child_weight": 1.3894458253073032, "log10_subsample": -0.5145811905214013, "max_depth": 8.0, "num_boost_round": 21.0}, "datetime": {"datetime": "2024-01-19 01:49:09", "elapsed": 5869.000691, "delta": 0.004432}}
{"target": -13.757571646342223, "params": {"gamma": 898.2073302604139, "log10_alpha": -0.6854369988646187, "log10_colsample_bytree": -0.09060346386875728, "log10_eta": -2.5377170804890876, "log10_lambda": -0.4596206173178068, "log10_min_child_weight": 1.3894458253073032, "log10_subsample": -0.5145811905214013, "max_depth": 8.0, "num_boost_round": 22.0}, "datetime": {"datetime": "2024-01-19 01:49:09", "elapsed": 5869.00509, "delta": 0.004399}}
{"target": -13.75851733132294, "params": {"gamma": 851.2801699820142, "log10_alpha": -2.0374019759274633, "log10_colsample_bytree": -0.5327888649632913, "log10_eta": -3.4965901493795033, "log10_lambda": -4.237234470478434, "log10_min_child_weight": 0.04811876847727936, "log10_subsample": -0.25857643919236317, "max_depth": 9.0, "num_boost_round": 0.0}, "datetime": {"datetime": "2024-01-19 01:50:12", "elapsed": 5932.521107, "delta": 63.516017}}
{"target": -13.758499285997267, "params": {"gamma": 851.2801699820142, "log10_alpha": -2.0374019759274633, "log10_colsample_bytree": -0.5327888649632913, "log10_eta": -3.4965901493795033, "log10_lambda": -4.237234470478434, "log10_min_child_weight": 0.04811876847727936, "log10_subsample": -0.25857643919236317, "max_depth": 9.0, "num_boost_round": 1.0}, "datetime": {"datetime": "2024-01-19 01:50:12", "elapsed": 5932.526545, "delta": 0.005438}}
{"target": -13.75847813775824, "params": {"gamma": 851.2801699820142, "log10_alpha": -2.0374019759274633, "log10_colsample_bytree": -0.5327888649632913, "log10_eta": -3.4965901493795033, "log10_lambda": -4.237234470478434, "log10_min_child_weight": 0.04811876847727936, "log10_subsample": -0.25857643919236317, "max_depth": 9.0, "num_boost_round": 2.0}, "datetime": {"datetime": "2024-01-19 01:50:12", "elapsed": 5932.53167, "delta": 0.005125}}
{"target": -13.758470297042306, "params": {"gamma": 851.2801699820142, "log10_alpha": -2.0374019759274633, "log10_colsample_bytree": -0.5327888649632913, "log10_eta": -3.4965901493795033, "log10_lambda": -4.237234470478434, "log10_min_child_weight": 0.04811876847727936, "log10_subsample": -0.25857643919236317, "max_depth": 9.0, "num_boost_round": 3.0}, "datetime": {"datetime": "2024-01-19 01:50:12", "elapsed": 5932.536102, "delta": 0.004432}}
{"target": -13.758447379641998, "params": {"gamma": 851.2801699820142, "log10_alpha": -2.0374019759274633, "log10_colsample_bytree": -0.5327888649632913, "log10_eta": -3.4965901493795033, "log10_lambda": -4.237234470478434, "log10_min_child_weight": 0.04811876847727936, "log10_subsample": -0.25857643919236317, "max_depth": 9.0, "num_boost_round": 4.0}, "datetime": {"datetime": "2024-01-19 01:50:12", "elapsed": 5932.540568, "delta": 0.004466}}
{"target": -13.758438535167889, "params": {"gamma": 851.2801699820142, "log10_alpha": -2.0374019759274633, "log10_colsample_bytree": -0.5327888649632913, "log10_eta": -3.4965901493795033, "log10_lambda": -4.237234470478434, "log10_min_child_weight": 0.04811876847727936, "log10_subsample": -0.25857643919236317, "max_depth": 9.0, "num_boost_round": 5.0}, "datetime": {"datetime": "2024-01-19 01:50:12", "elapsed": 5932.54506, "delta": 0.004492}}
{"target": -13.758425769034488, "params": {"gamma": 851.2801699820142, "log10_alpha": -2.0374019759274633, "log10_colsample_bytree": -0.5327888649632913, "log10_eta": -3.4965901493795033, "log10_lambda": -4.237234470478434, "log10_min_child_weight": 0.04811876847727936, "log10_subsample": -0.25857643919236317, "max_depth": 9.0, "num_boost_round": 6.0}, "datetime": {"datetime": "2024-01-19 01:50:12", "elapsed": 5932.670754, "delta": 0.125694}}
{"target": -13.758411119869217, "params": {"gamma": 851.2801699820142, "log10_alpha": -2.0374019759274633, "log10_colsample_bytree": -0.5327888649632913, "log10_eta": -3.4965901493795033, "log10_lambda": -4.237234470478434, "log10_min_child_weight": 0.04811876847727936, "log10_subsample": -0.25857643919236317, "max_depth": 9.0, "num_boost_round": 7.0}, "datetime": {"datetime": "2024-01-19 01:50:12", "elapsed": 5932.676414, "delta": 0.00566}}
{"target": -13.758400756465786, "params": {"gamma": 851.2801699820142, "log10_alpha": -2.0374019759274633, "log10_colsample_bytree": -0.5327888649632913, "log10_eta": -3.4965901493795033, "log10_lambda": -4.237234470478434, "log10_min_child_weight": 0.04811876847727936, "log10_subsample": -0.25857643919236317, "max_depth": 9.0, "num_boost_round": 8.0}, "datetime": {"datetime": "2024-01-19 01:50:12", "elapsed": 5932.686246, "delta": 0.009832}}
{"target": -13.758378070635734, "params": {"gamma": 851.2801699820142, "log10_alpha": -2.0374019759274633, "log10_colsample_bytree": -0.5327888649632913, "log10_eta": -3.4965901493795033, "log10_lambda": -4.237234470478434, "log10_min_child_weight": 0.04811876847727936, "log10_subsample": -0.25857643919236317, "max_depth": 9.0, "num_boost_round": 9.0}, "datetime": {"datetime": "2024-01-19 01:50:12", "elapsed": 5932.691144, "delta": 0.004898}}
{"target": -13.758358257361294, "params": {"gamma": 851.2801699820142, "log10_alpha": -2.0374019759274633, "log10_colsample_bytree": -0.5327888649632913, "log10_eta": -3.4965901493795033, "log10_lambda": -4.237234470478434, "log10_min_child_weight": 0.04811876847727936, "log10_subsample": -0.25857643919236317, "max_depth": 9.0, "num_boost_round": 10.0}, "datetime": {"datetime": "2024-01-19 01:50:12", "elapsed": 5932.695991, "delta": 0.004847}}
{"target": -13.758346603464627, "params": {"gamma": 851.2801699820142, "log10_alpha": -2.0374019759274633, "log10_colsample_bytree": -0.5327888649632913, "log10_eta": -3.4965901493795033, "log10_lambda": -4.237234470478434, "log10_min_child_weight": 0.04811876847727936, "log10_subsample": -0.25857643919236317, "max_depth": 9.0, "num_boost_round": 11.0}, "datetime": {"datetime": "2024-01-19 01:50:12", "elapsed": 5932.700664, "delta": 0.004673}}
{"target": -13.75832817364394, "params": {"gamma": 851.2801699820142, "log10_alpha": -2.0374019759274633, "log10_colsample_bytree": -0.5327888649632913, "log10_eta": -3.4965901493795033, "log10_lambda": -4.237234470478434, "log10_min_child_weight": 0.04811876847727936, "log10_subsample": -0.25857643919236317, "max_depth": 9.0, "num_boost_round": 12.0}, "datetime": {"datetime": "2024-01-19 01:50:12", "elapsed": 5932.705135, "delta": 0.004471}}
{"target": -13.758316255811724, "params": {"gamma": 851.2801699820142, "log10_alpha": -2.0374019759274633, "log10_colsample_bytree": -0.5327888649632913, "log10_eta": -3.4965901493795033, "log10_lambda": -4.237234470478434, "log10_min_child_weight": 0.04811876847727936, "log10_subsample": -0.25857643919236317, "max_depth": 9.0, "num_boost_round": 13.0}, "datetime": {"datetime": "2024-01-19 01:50:12", "elapsed": 5932.709628, "delta": 0.004493}}
{"target": -13.758319191389337, "params": {"gamma": 851.2801699820142, "log10_alpha": -2.0374019759274633, "log10_colsample_bytree": -0.5327888649632913, "log10_eta": -3.4965901493795033, "log10_lambda": -4.237234470478434, "log10_min_child_weight": 0.04811876847727936, "log10_subsample": -0.25857643919236317, "max_depth": 9.0, "num_boost_round": 14.0}, "datetime": {"datetime": "2024-01-19 01:50:12", "elapsed": 5932.714484, "delta": 0.004856}}
{"target": -13.75830332661341, "params": {"gamma": 851.2801699820142, "log10_alpha": -2.0374019759274633, "log10_colsample_bytree": -0.5327888649632913, "log10_eta": -3.4965901493795033, "log10_lambda": -4.237234470478434, "log10_min_child_weight": 0.04811876847727936, "log10_subsample": -0.25857643919236317, "max_depth": 9.0, "num_boost_round": 15.0}, "datetime": {"datetime": "2024-01-19 01:50:12", "elapsed": 5932.719119, "delta": 0.004635}}
{"target": -13.758314494647205, "params": {"gamma": 851.2801699820142, "log10_alpha": -2.0374019759274633, "log10_colsample_bytree": -0.5327888649632913, "log10_eta": -3.4965901493795033, "log10_lambda": -4.237234470478434, "log10_min_child_weight": 0.04811876847727936, "log10_subsample": -0.25857643919236317, "max_depth": 9.0, "num_boost_round": 16.0}, "datetime": {"datetime": "2024-01-19 01:50:12", "elapsed": 5932.723825, "delta": 0.004706}}
{"target": -13.758302487484704, "params": {"gamma": 851.2801699820142, "log10_alpha": -2.0374019759274633, "log10_colsample_bytree": -0.5327888649632913, "log10_eta": -3.4965901493795033, "log10_lambda": -4.237234470478434, "log10_min_child_weight": 0.04811876847727936, "log10_subsample": -0.25857643919236317, "max_depth": 9.0, "num_boost_round": 17.0}, "datetime": {"datetime": "2024-01-19 01:50:12", "elapsed": 5932.728461, "delta": 0.004636}}
{"target": -13.758323564981461, "params": {"gamma": 851.2801699820142, "log10_alpha": -2.0374019759274633, "log10_colsample_bytree": -0.5327888649632913, "log10_eta": -3.4965901493795033, "log10_lambda": -4.237234470478434, "log10_min_child_weight": 0.04811876847727936, "log10_subsample": -0.25857643919236317, "max_depth": 9.0, "num_boost_round": 18.0}, "datetime": {"datetime": "2024-01-19 01:50:12", "elapsed": 5932.733148, "delta": 0.004687}}
{"target": -13.758300552652472, "params": {"gamma": 851.2801699820142, "log10_alpha": -2.0374019759274633, "log10_colsample_bytree": -0.5327888649632913, "log10_eta": -3.4965901493795033, "log10_lambda": -4.237234470478434, "log10_min_child_weight": 0.04811876847727936, "log10_subsample": -0.25857643919236317, "max_depth": 9.0, "num_boost_round": 19.0}, "datetime": {"datetime": "2024-01-19 01:50:12", "elapsed": 5932.737797, "delta": 0.004649}}
{"target": -13.758288106753858, "params": {"gamma": 851.2801699820142, "log10_alpha": -2.0374019759274633, "log10_colsample_bytree": -0.5327888649632913, "log10_eta": -3.4965901493795033, "log10_lambda": -4.237234470478434, "log10_min_child_weight": 0.04811876847727936, "log10_subsample": -0.25857643919236317, "max_depth": 9.0, "num_boost_round": 20.0}, "datetime": {"datetime": "2024-01-19 01:50:12", "elapsed": 5932.742399, "delta": 0.004602}}
{"target": -13.75853585692065, "params": {"gamma": 902.7632287536223, "log10_alpha": -2.616946830474445, "log10_colsample_bytree": -0.9102714610307217, "log10_eta": -3.5428657720269614, "log10_lambda": -0.7432051447039658, "log10_min_child_weight": 4.043954256547118, "log10_subsample": -0.7904979447271532, "max_depth": 2.0, "num_boost_round": 0.0}, "datetime": {"datetime": "2024-01-19 01:51:18", "elapsed": 5998.784101, "delta": 66.041702}}
{"target": -13.758534461711843, "params": {"gamma": 902.7632287536223, "log10_alpha": -2.616946830474445, "log10_colsample_bytree": -0.9102714610307217, "log10_eta": -3.5428657720269614, "log10_lambda": -0.7432051447039658, "log10_min_child_weight": 4.043954256547118, "log10_subsample": -0.7904979447271532, "max_depth": 2.0, "num_boost_round": 1.0}, "datetime": {"datetime": "2024-01-19 01:51:18", "elapsed": 5998.789951, "delta": 0.00585}}
{"target": -13.758535591714683, "params": {"gamma": 902.7632287536223, "log10_alpha": -2.616946830474445, "log10_colsample_bytree": -0.9102714610307217, "log10_eta": -3.5428657720269614, "log10_lambda": -0.7432051447039658, "log10_min_child_weight": 4.043954256547118, "log10_subsample": -0.7904979447271532, "max_depth": 2.0, "num_boost_round": 2.0}, "datetime": {"datetime": "2024-01-19 01:51:18", "elapsed": 5998.794695, "delta": 0.004744}}
{"target": -13.758535744738877, "params": {"gamma": 902.7632287536223, "log10_alpha": -2.616946830474445, "log10_colsample_bytree": -0.9102714610307217, "log10_eta": -3.5428657720269614, "log10_lambda": -0.7432051447039658, "log10_min_child_weight": 4.043954256547118, "log10_subsample": -0.7904979447271532, "max_depth": 2.0, "num_boost_round": 3.0}, "datetime": {"datetime": "2024-01-19 01:51:18", "elapsed": 5998.799213, "delta": 0.004518}}
{"target": -13.758535724421874, "params": {"gamma": 902.7632287536223, "log10_alpha": -2.616946830474445, "log10_colsample_bytree": -0.9102714610307217, "log10_eta": -3.5428657720269614, "log10_lambda": -0.7432051447039658, "log10_min_child_weight": 4.043954256547118, "log10_subsample": -0.7904979447271532, "max_depth": 2.0, "num_boost_round": 4.0}, "datetime": {"datetime": "2024-01-19 01:51:18", "elapsed": 5998.803896, "delta": 0.004683}}
{"target": -13.758537661892754, "params": {"gamma": 902.7632287536223, "log10_alpha": -2.616946830474445, "log10_colsample_bytree": -0.9102714610307217, "log10_eta": -3.5428657720269614, "log10_lambda": -0.7432051447039658, "log10_min_child_weight": 4.043954256547118, "log10_subsample": -0.7904979447271532, "max_depth": 2.0, "num_boost_round": 5.0}, "datetime": {"datetime": "2024-01-19 01:51:18", "elapsed": 5998.80842, "delta": 0.004524}}
{"target": -13.758538050766642, "params": {"gamma": 902.7632287536223, "log10_alpha": -2.616946830474445, "log10_colsample_bytree": -0.9102714610307217, "log10_eta": -3.5428657720269614, "log10_lambda": -0.7432051447039658, "log10_min_child_weight": 4.043954256547118, "log10_subsample": -0.7904979447271532, "max_depth": 2.0, "num_boost_round": 6.0}, "datetime": {"datetime": "2024-01-19 01:51:18", "elapsed": 5998.812957, "delta": 0.004537}}
{"target": -13.758537207186887, "params": {"gamma": 902.7632287536223, "log10_alpha": -2.616946830474445, "log10_colsample_bytree": -0.9102714610307217, "log10_eta": -3.5428657720269614, "log10_lambda": -0.7432051447039658, "log10_min_child_weight": 4.043954256547118, "log10_subsample": -0.7904979447271532, "max_depth": 2.0, "num_boost_round": 7.0}, "datetime": {"datetime": "2024-01-19 01:51:18", "elapsed": 5998.817534, "delta": 0.004577}}
{"target": -13.758538710153996, "params": {"gamma": 902.7632287536223, "log10_alpha": -2.616946830474445, "log10_colsample_bytree": -0.9102714610307217, "log10_eta": -3.5428657720269614, "log10_lambda": -0.7432051447039658, "log10_min_child_weight": 4.043954256547118, "log10_subsample": -0.7904979447271532, "max_depth": 2.0, "num_boost_round": 8.0}, "datetime": {"datetime": "2024-01-19 01:51:18", "elapsed": 5998.822184, "delta": 0.00465}}
{"target": -13.758537061347692, "params": {"gamma": 902.7632287536223, "log10_alpha": -2.616946830474445, "log10_colsample_bytree": -0.9102714610307217, "log10_eta": -3.5428657720269614, "log10_lambda": -0.7432051447039658, "log10_min_child_weight": 4.043954256547118, "log10_subsample": -0.7904979447271532, "max_depth": 2.0, "num_boost_round": 9.0}, "datetime": {"datetime": "2024-01-19 01:51:18", "elapsed": 5998.826921, "delta": 0.004737}}
{"target": -13.758535927579315, "params": {"gamma": 902.7632287536223, "log10_alpha": -2.616946830474445, "log10_colsample_bytree": -0.9102714610307217, "log10_eta": -3.5428657720269614, "log10_lambda": -0.7432051447039658, "log10_min_child_weight": 4.043954256547118, "log10_subsample": -0.7904979447271532, "max_depth": 2.0, "num_boost_round": 10.0}, "datetime": {"datetime": "2024-01-19 01:51:18", "elapsed": 5998.831919, "delta": 0.004998}}
{"target": -13.758535031132295, "params": {"gamma": 902.7632287536223, "log10_alpha": -2.616946830474445, "log10_colsample_bytree": -0.9102714610307217, "log10_eta": -3.5428657720269614, "log10_lambda": -0.7432051447039658, "log10_min_child_weight": 4.043954256547118, "log10_subsample": -0.7904979447271532, "max_depth": 2.0, "num_boost_round": 11.0}, "datetime": {"datetime": "2024-01-19 01:51:18", "elapsed": 5998.837206, "delta": 0.005287}}
{"target": -13.758536912718393, "params": {"gamma": 902.7632287536223, "log10_alpha": -2.616946830474445, "log10_colsample_bytree": -0.9102714610307217, "log10_eta": -3.5428657720269614, "log10_lambda": -0.7432051447039658, "log10_min_child_weight": 4.043954256547118, "log10_subsample": -0.7904979447271532, "max_depth": 2.0, "num_boost_round": 12.0}, "datetime": {"datetime": "2024-01-19 01:51:18", "elapsed": 5998.841851, "delta": 0.004645}}
{"target": -13.758534145292389, "params": {"gamma": 902.7632287536223, "log10_alpha": -2.616946830474445, "log10_colsample_bytree": -0.9102714610307217, "log10_eta": -3.5428657720269614, "log10_lambda": -0.7432051447039658, "log10_min_child_weight": 4.043954256547118, "log10_subsample": -0.7904979447271532, "max_depth": 2.0, "num_boost_round": 13.0}, "datetime": {"datetime": "2024-01-19 01:51:18", "elapsed": 5998.846387, "delta": 0.004536}}
{"target": -13.758534068219115, "params": {"gamma": 902.7632287536223, "log10_alpha": -2.616946830474445, "log10_colsample_bytree": -0.9102714610307217, "log10_eta": -3.5428657720269614, "log10_lambda": -0.7432051447039658, "log10_min_child_weight": 4.043954256547118, "log10_subsample": -0.7904979447271532, "max_depth": 2.0, "num_boost_round": 14.0}, "datetime": {"datetime": "2024-01-19 01:51:18", "elapsed": 5998.850988, "delta": 0.004601}}
{"target": -13.75853186367768, "params": {"gamma": 902.7632287536223, "log10_alpha": -2.616946830474445, "log10_colsample_bytree": -0.9102714610307217, "log10_eta": -3.5428657720269614, "log10_lambda": -0.7432051447039658, "log10_min_child_weight": 4.043954256547118, "log10_subsample": -0.7904979447271532, "max_depth": 2.0, "num_boost_round": 15.0}, "datetime": {"datetime": "2024-01-19 01:51:18", "elapsed": 5998.855565, "delta": 0.004577}}
{"target": -13.758531456606313, "params": {"gamma": 902.7632287536223, "log10_alpha": -2.616946830474445, "log10_colsample_bytree": -0.9102714610307217, "log10_eta": -3.5428657720269614, "log10_lambda": -0.7432051447039658, "log10_min_child_weight": 4.043954256547118, "log10_subsample": -0.7904979447271532, "max_depth": 2.0, "num_boost_round": 16.0}, "datetime": {"datetime": "2024-01-19 01:51:18", "elapsed": 5998.860141, "delta": 0.004576}}
{"target": -13.75853200398267, "params": {"gamma": 902.7632287536223, "log10_alpha": -2.616946830474445, "log10_colsample_bytree": -0.9102714610307217, "log10_eta": -3.5428657720269614, "log10_lambda": -0.7432051447039658, "log10_min_child_weight": 4.043954256547118, "log10_subsample": -0.7904979447271532, "max_depth": 2.0, "num_boost_round": 17.0}, "datetime": {"datetime": "2024-01-19 01:51:18", "elapsed": 5998.864707, "delta": 0.004566}}
{"target": -13.758532393207151, "params": {"gamma": 902.7632287536223, "log10_alpha": -2.616946830474445, "log10_colsample_bytree": -0.9102714610307217, "log10_eta": -3.5428657720269614, "log10_lambda": -0.7432051447039658, "log10_min_child_weight": 4.043954256547118, "log10_subsample": -0.7904979447271532, "max_depth": 2.0, "num_boost_round": 18.0}, "datetime": {"datetime": "2024-01-19 01:51:18", "elapsed": 5998.869265, "delta": 0.004558}}
{"target": -13.758532814392957, "params": {"gamma": 902.7632287536223, "log10_alpha": -2.616946830474445, "log10_colsample_bytree": -0.9102714610307217, "log10_eta": -3.5428657720269614, "log10_lambda": -0.7432051447039658, "log10_min_child_weight": 4.043954256547118, "log10_subsample": -0.7904979447271532, "max_depth": 2.0, "num_boost_round": 19.0}, "datetime": {"datetime": "2024-01-19 01:51:18", "elapsed": 5998.87383, "delta": 0.004565}}
{"target": -13.75853368617321, "params": {"gamma": 902.7632287536223, "log10_alpha": -2.616946830474445, "log10_colsample_bytree": -0.9102714610307217, "log10_eta": -3.5428657720269614, "log10_lambda": -0.7432051447039658, "log10_min_child_weight": 4.043954256547118, "log10_subsample": -0.7904979447271532, "max_depth": 2.0, "num_boost_round": 20.0}, "datetime": {"datetime": "2024-01-19 01:51:18", "elapsed": 5998.878472, "delta": 0.004642}}
{"target": -13.758533780380057, "params": {"gamma": 902.7632287536223, "log10_alpha": -2.616946830474445, "log10_colsample_bytree": -0.9102714610307217, "log10_eta": -3.5428657720269614, "log10_lambda": -0.7432051447039658, "log10_min_child_weight": 4.043954256547118, "log10_subsample": -0.7904979447271532, "max_depth": 2.0, "num_boost_round": 21.0}, "datetime": {"datetime": "2024-01-19 01:51:18", "elapsed": 5998.883045, "delta": 0.004573}}
{"target": -13.758535139128407, "params": {"gamma": 902.7632287536223, "log10_alpha": -2.616946830474445, "log10_colsample_bytree": -0.9102714610307217, "log10_eta": -3.5428657720269614, "log10_lambda": -0.7432051447039658, "log10_min_child_weight": 4.043954256547118, "log10_subsample": -0.7904979447271532, "max_depth": 2.0, "num_boost_round": 22.0}, "datetime": {"datetime": "2024-01-19 01:51:18", "elapsed": 5998.887565, "delta": 0.00452}}
{"target": -13.758534966958152, "params": {"gamma": 902.7632287536223, "log10_alpha": -2.616946830474445, "log10_colsample_bytree": -0.9102714610307217, "log10_eta": -3.5428657720269614, "log10_lambda": -0.7432051447039658, "log10_min_child_weight": 4.043954256547118, "log10_subsample": -0.7904979447271532, "max_depth": 2.0, "num_boost_round": 23.0}, "datetime": {"datetime": "2024-01-19 01:51:18", "elapsed": 5998.892104, "delta": 0.004539}}
