{"target": -13.758497425501137, "params": {"gamma": 9.638951193017387, "log10_alpha": -0.33522030902056965, "log10_colsample_bytree": -0.6909711376843956, "log10_eta": -3.5165183186604687, "log10_lambda": -4.221807382439413, "log10_min_child_weight": 1.1911821093019825, "log10_subsample": -0.9805998542373879, "max_depth": 3.0, "num_boost_round": 6.0}, "datetime": {"datetime": "2024-01-19 00:16:09", "elapsed": 277.380571, "delta": 0.000507}}
{"target": -13.75849231357984, "params": {"gamma": 9.638951193017387, "log10_alpha": -0.33522030902056965, "log10_colsample_bytree": -0.6909711376843956, "log10_eta": -3.5165183186604687, "log10_lambda": -4.221807382439413, "log10_min_child_weight": 1.1911821093019825, "log10_subsample": -0.9805998542373879, "max_depth": 3.0, "num_boost_round": 7.0}, "datetime": {"datetime": "2024-01-19 00:16:09", "elapsed": 277.381175, "delta": 0.000604}}
{"target": -13.758492126761315, "params": {"gamma": 9.638951193017387, "log10_alpha": -0.33522030902056965, "log10_colsample_bytree": -0.6909711376843956, "log10_eta": -3.5165183186604687, "log10_lambda": -4.221807382439413, "log10_min_child_weight": 1.1911821093019825, "log10_subsample": -0.9805998542373879, "max_depth": 3.0, "num_boost_round": 8.0}, "datetime": {"datetime": "2024-01-19 00:16:09", "elapsed": 277.381684, "delta": 0.000509}}
{"target": -13.758485201197347, "params": {"gamma": 9.638951193017387, "log10_alpha": -0.33522030902056965, "log10_colsample_bytree": -0.6909711376843956, "log10_eta": -3.5165183186604687, "log10_lambda": -4.221807382439413, "log10_min_child_weight": 1.1911821093019825, "log10_subsample": -0.9805998542373879, "max_depth": 3.0, "num_boost_round": 9.0}, "datetime": {"datetime": "2024-01-19 00:16:09", "elapsed": 277.382193, "delta": 0.000509}}
{"target": -13.758477529289571, "params": {"gamma": 9.638951193017387, "log10_alpha": -0.33522030902056965, "log10_colsample_bytree": -0.6909711376843956, "log10_eta": -3.5165183186604687, "log10_lambda": -4.221807382439413, "log10_min_child_weight": 1.1911821093019825, "log10_subsample": -0.9805998542373879, "max_depth": 3.0, "num_boost_round": 10.0}, "datetime": {"datetime": "2024-01-19 00:16:09", "elapsed": 277.382708, "delta": 0.000515}}
{"target": -13.758473827406357, "params": {"gamma": 9.638951193017387, "log10_alpha": -0.33522030902056965, "log10_colsample_bytree": -0.6909711376843956, "log10_eta": -3.5165183186604687, "log10_lambda": -4.221807382439413, "log10_min_child_weight": 1.1911821093019825, "log10_subsample": -0.9805998542373879, "max_depth": 3.0, "num_boost_round": 11.0}, "datetime": {"datetime": "2024-01-19 00:16:09", "elapsed": 277.383213, "delta": 0.000505}}
{"target": -13.758468455060605, "params": {"gamma": 9.638951193017387, "log10_alpha": -0.33522030902056965, "log10_colsample_bytree": -0.6909711376843956, "log10_eta": -3.5165183186604687, "log10_lambda": -4.221807382439413, "log10_min_child_weight": 1.1911821093019825, "log10_subsample": -0.9805998542373879, "max_depth": 3.0, "num_boost_round": 12.0}, "datetime": {"datetime": "2024-01-19 00:16:09", "elapsed": 277.383725, "delta": 0.000512}}
{"target": -13.758466013180573, "params": {"gamma": 9.638951193017387, "log10_alpha": -0.33522030902056965, "log10_colsample_bytree": -0.6909711376843956, "log10_eta": -3.5165183186604687, "log10_lambda": -4.221807382439413, "log10_min_child_weight": 1.1911821093019825, "log10_subsample": -0.9805998542373879, "max_depth": 3.0, "num_boost_round": 13.0}, "datetime": {"datetime": "2024-01-19 00:16:09", "elapsed": 277.384238, "delta": 0.000513}}
{"target": -13.758463257584596, "params": {"gamma": 9.638951193017387, "log10_alpha": -0.33522030902056965, "log10_colsample_bytree": -0.6909711376843956, "log10_eta": -3.5165183186604687, "log10_lambda": -4.221807382439413, "log10_min_child_weight": 1.1911821093019825, "log10_subsample": -0.9805998542373879, "max_depth": 3.0, "num_boost_round": 14.0}, "datetime": {"datetime": "2024-01-19 00:16:09", "elapsed": 277.384767, "delta": 0.000529}}
{"target": -13.758535513005086, "params": {"gamma": 2.5740127072164665, "log10_alpha": 0.8408129617958329, "log10_colsample_bytree": -0.47504484208601283, "log10_eta": -3.8369452566483724, "log10_lambda": -3.8713272653561814, "log10_min_child_weight": 0.6098216445926474, "log10_subsample": -0.5285123971267544, "max_depth": 3.0, "num_boost_round": 0.0}, "datetime": {"datetime": "2024-01-19 00:16:30", "elapsed": 298.154887, "delta": 20.77012}}
{"target": -13.758529572263882, "params": {"gamma": 2.5740127072164665, "log10_alpha": 0.8408129617958329, "log10_colsample_bytree": -0.47504484208601283, "log10_eta": -3.8369452566483724, "log10_lambda": -3.8713272653561814, "log10_min_child_weight": 0.6098216445926474, "log10_subsample": -0.5285123971267544, "max_depth": 3.0, "num_boost_round": 1.0}, "datetime": {"datetime": "2024-01-19 00:16:30", "elapsed": 298.155941, "delta": 0.001054}}
{"target": -13.75852971226904, "params": {"gamma": 2.5740127072164665, "log10_alpha": 0.8408129617958329, "log10_colsample_bytree": -0.47504484208601283, "log10_eta": -3.8369452566483724, "log10_lambda": -3.8713272653561814, "log10_min_child_weight": 0.6098216445926474, "log10_subsample": -0.5285123971267544, "max_depth": 3.0, "num_boost_round": 2.0}, "datetime": {"datetime": "2024-01-19 00:16:30", "elapsed": 298.156506, "delta": 0.000565}}
{"target": -13.758530657856259, "params": {"gamma": 2.5740127072164665, "log10_alpha": 0.8408129617958329, "log10_colsample_bytree": -0.47504484208601283, "log10_eta": -3.8369452566483724, "log10_lambda": -3.8713272653561814, "log10_min_child_weight": 0.6098216445926474, "log10_subsample": -0.5285123971267544, "max_depth": 3.0, "num_boost_round": 3.0}, "datetime": {"datetime": "2024-01-19 00:16:30", "elapsed": 298.157041, "delta": 0.000535}}
{"target": -13.758528653225655, "params": {"gamma": 2.5740127072164665, "log10_alpha": 0.8408129617958329, "log10_colsample_bytree": -0.47504484208601283, "log10_eta": -3.8369452566483724, "log10_lambda": -3.8713272653561814, "log10_min_child_weight": 0.6098216445926474, "log10_subsample": -0.5285123971267544, "max_depth": 3.0, "num_boost_round": 4.0}, "datetime": {"datetime": "2024-01-19 00:16:30", "elapsed": 298.15758, "delta": 0.000539}}
{"target": -13.758530601276078, "params": {"gamma": 2.5740127072164665, "log10_alpha": 0.8408129617958329, "log10_colsample_bytree": -0.47504484208601283, "log10_eta": -3.8369452566483724, "log10_lambda": -3.8713272653561814, "log10_min_child_weight": 0.6098216445926474, "log10_subsample": -0.5285123971267544, "max_depth": 3.0, "num_boost_round": 5.0}, "datetime": {"datetime": "2024-01-19 00:16:30", "elapsed": 298.158209, "delta": 0.000629}}
{"target": -13.758528024271474, "params": {"gamma": 2.5740127072164665, "log10_alpha": 0.8408129617958329, "log10_colsample_bytree": -0.47504484208601283, "log10_eta": -3.8369452566483724, "log10_lambda": -3.8713272653561814, "log10_min_child_weight": 0.6098216445926474, "log10_subsample": -0.5285123971267544, "max_depth": 3.0, "num_boost_round": 6.0}, "datetime": {"datetime": "2024-01-19 00:16:30", "elapsed": 298.158736, "delta": 0.000527}}
{"target": -13.758525616306152, "params": {"gamma": 2.5740127072164665, "log10_alpha": 0.8408129617958329, "log10_colsample_bytree": -0.47504484208601283, "log10_eta": -3.8369452566483724, "log10_lambda": -3.8713272653561814, "log10_min_child_weight": 0.6098216445926474, "log10_subsample": -0.5285123971267544, "max_depth": 3.0, "num_boost_round": 7.0}, "datetime": {"datetime": "2024-01-19 00:16:30", "elapsed": 298.159252, "delta": 0.000516}}
{"target": -13.758525652342763, "params": {"gamma": 2.5740127072164665, "log10_alpha": 0.8408129617958329, "log10_colsample_bytree": -0.47504484208601283, "log10_eta": -3.8369452566483724, "log10_lambda": -3.8713272653561814, "log10_min_child_weight": 0.6098216445926474, "log10_subsample": -0.5285123971267544, "max_depth": 3.0, "num_boost_round": 8.0}, "datetime": {"datetime": "2024-01-19 00:16:30", "elapsed": 298.159776, "delta": 0.000524}}
{"target": -13.758521322103197, "params": {"gamma": 2.5740127072164665, "log10_alpha": 0.8408129617958329, "log10_colsample_bytree": -0.47504484208601283, "log10_eta": -3.8369452566483724, "log10_lambda": -3.8713272653561814, "log10_min_child_weight": 0.6098216445926474, "log10_subsample": -0.5285123971267544, "max_depth": 3.0, "num_boost_round": 9.0}, "datetime": {"datetime": "2024-01-19 00:16:30", "elapsed": 298.160293, "delta": 0.000517}}
{"target": -13.758519984211118, "params": {"gamma": 2.5740127072164665, "log10_alpha": 0.8408129617958329, "log10_colsample_bytree": -0.47504484208601283, "log10_eta": -3.8369452566483724, "log10_lambda": -3.8713272653561814, "log10_min_child_weight": 0.6098216445926474, "log10_subsample": -0.5285123971267544, "max_depth": 3.0, "num_boost_round": 10.0}, "datetime": {"datetime": "2024-01-19 00:16:30", "elapsed": 298.160828, "delta": 0.000535}}
{"target": -13.758517082236379, "params": {"gamma": 2.5740127072164665, "log10_alpha": 0.8408129617958329, "log10_colsample_bytree": -0.47504484208601283, "log10_eta": -3.8369452566483724, "log10_lambda": -3.8713272653561814, "log10_min_child_weight": 0.6098216445926474, "log10_subsample": -0.5285123971267544, "max_depth": 3.0, "num_boost_round": 11.0}, "datetime": {"datetime": "2024-01-19 00:16:30", "elapsed": 298.161357, "delta": 0.000529}}
{"target": -13.75851697098309, "params": {"gamma": 2.5740127072164665, "log10_alpha": 0.8408129617958329, "log10_colsample_bytree": -0.47504484208601283, "log10_eta": -3.8369452566483724, "log10_lambda": -3.8713272653561814, "log10_min_child_weight": 0.6098216445926474, "log10_subsample": -0.5285123971267544, "max_depth": 3.0, "num_boost_round": 12.0}, "datetime": {"datetime": "2024-01-19 00:16:30", "elapsed": 298.161889, "delta": 0.000532}}
{"target": -13.758514319791518, "params": {"gamma": 2.5740127072164665, "log10_alpha": 0.8408129617958329, "log10_colsample_bytree": -0.47504484208601283, "log10_eta": -3.8369452566483724, "log10_lambda": -3.8713272653561814, "log10_min_child_weight": 0.6098216445926474, "log10_subsample": -0.5285123971267544, "max_depth": 3.0, "num_boost_round": 13.0}, "datetime": {"datetime": "2024-01-19 00:16:30", "elapsed": 298.162456, "delta": 0.000567}}
{"target": -13.75851261116059, "params": {"gamma": 2.5740127072164665, "log10_alpha": 0.8408129617958329, "log10_colsample_bytree": -0.47504484208601283, "log10_eta": -3.8369452566483724, "log10_lambda": -3.8713272653561814, "log10_min_child_weight": 0.6098216445926474, "log10_subsample": -0.5285123971267544, "max_depth": 3.0, "num_boost_round": 14.0}, "datetime": {"datetime": "2024-01-19 00:16:30", "elapsed": 298.16299, "delta": 0.000534}}
{"target": -13.758510541328347, "params": {"gamma": 2.5740127072164665, "log10_alpha": 0.8408129617958329, "log10_colsample_bytree": -0.47504484208601283, "log10_eta": -3.8369452566483724, "log10_lambda": -3.8713272653561814, "log10_min_child_weight": 0.6098216445926474, "log10_subsample": -0.5285123971267544, "max_depth": 3.0, "num_boost_round": 15.0}, "datetime": {"datetime": "2024-01-19 00:16:30", "elapsed": 298.163526, "delta": 0.000536}}
{"target": -13.758508996852738, "params": {"gamma": 2.5740127072164665, "log10_alpha": 0.8408129617958329, "log10_colsample_bytree": -0.47504484208601283, "log10_eta": -3.8369452566483724, "log10_lambda": -3.8713272653561814, "log10_min_child_weight": 0.6098216445926474, "log10_subsample": -0.5285123971267544, "max_depth": 3.0, "num_boost_round": 16.0}, "datetime": {"datetime": "2024-01-19 00:16:30", "elapsed": 298.164059, "delta": 0.000533}}
{"target": -13.758510590844217, "params": {"gamma": 2.5740127072164665, "log10_alpha": 0.8408129617958329, "log10_colsample_bytree": -0.47504484208601283, "log10_eta": -3.8369452566483724, "log10_lambda": -3.8713272653561814, "log10_min_child_weight": 0.6098216445926474, "log10_subsample": -0.5285123971267544, "max_depth": 3.0, "num_boost_round": 17.0}, "datetime": {"datetime": "2024-01-19 00:16:30", "elapsed": 298.164608, "delta": 0.000549}}
{"target": -13.75850983742885, "params": {"gamma": 2.5740127072164665, "log10_alpha": 0.8408129617958329, "log10_colsample_bytree": -0.47504484208601283, "log10_eta": -3.8369452566483724, "log10_lambda": -3.8713272653561814, "log10_min_child_weight": 0.6098216445926474, "log10_subsample": -0.5285123971267544, "max_depth": 3.0, "num_boost_round": 18.0}, "datetime": {"datetime": "2024-01-19 00:16:30", "elapsed": 298.165153, "delta": 0.000545}}
{"target": -13.758509382184194, "params": {"gamma": 2.5740127072164665, "log10_alpha": 0.8408129617958329, "log10_colsample_bytree": -0.47504484208601283, "log10_eta": -3.8369452566483724, "log10_lambda": -3.8713272653561814, "log10_min_child_weight": 0.6098216445926474, "log10_subsample": -0.5285123971267544, "max_depth": 3.0, "num_boost_round": 19.0}, "datetime": {"datetime": "2024-01-19 00:16:30", "elapsed": 298.165698, "delta": 0.000545}}
{"target": -13.758547997714842, "params": {"gamma": 11.108878363174647, "log10_alpha": -0.9264488968391404, "log10_colsample_bytree": -0.12194113024981423, "log10_eta": -3.450794575828355, "log10_lambda": -2.5404555377298106, "log10_min_child_weight": 3.453556104971249, "log10_subsample": -0.01987165049135642, "max_depth": 8.0, "num_boost_round": 0.0}, "datetime": {"datetime": "2024-01-19 00:16:51", "elapsed": 319.624475, "delta": 21.458777}}
{"target": -13.758551283004785, "params": {"gamma": 11.108878363174647, "log10_alpha": -0.9264488968391404, "log10_colsample_bytree": -0.12194113024981423, "log10_eta": -3.450794575828355, "log10_lambda": -2.5404555377298106, "log10_min_child_weight": 3.453556104971249, "log10_subsample": -0.01987165049135642, "max_depth": 8.0, "num_boost_round": 1.0}, "datetime": {"datetime": "2024-01-19 00:16:51", "elapsed": 319.625597, "delta": 0.001122}}
{"target": -13.758540597176141, "params": {"gamma": 11.108878363174647, "log10_alpha": -0.9264488968391404, "log10_colsample_bytree": -0.12194113024981423, "log10_eta": -3.450794575828355, "log10_lambda": -2.5404555377298106, "log10_min_child_weight": 3.453556104971249, "log10_subsample": -0.01987165049135642, "max_depth": 8.0, "num_boost_round": 2.0}, "datetime": {"datetime": "2024-01-19 00:16:51", "elapsed": 319.626166, "delta": 0.000569}}
{"target": -13.758537227396285, "params": {"gamma": 11.108878363174647, "log10_alpha": -0.9264488968391404, "log10_colsample_bytree": -0.12194113024981423, "log10_eta": -3.450794575828355, "log10_lambda": -2.5404555377298106, "log10_min_child_weight": 3.453556104971249, "log10_subsample": -0.01987165049135642, "max_depth": 8.0, "num_boost_round": 3.0}, "datetime": {"datetime": "2024-01-19 00:16:51", "elapsed": 319.626724, "delta": 0.000558}}
{"target": -13.758528118478289, "params": {"gamma": 11.108878363174647, "log10_alpha": -0.9264488968391404, "log10_colsample_bytree": -0.12194113024981423, "log10_eta": -3.450794575828355, "log10_lambda": -2.5404555377298106, "log10_min_child_weight": 3.453556104971249, "log10_subsample": -0.01987165049135642, "max_depth": 8.0, "num_boost_round": 4.0}, "datetime": {"datetime": "2024-01-19 00:16:51", "elapsed": 319.627278, "delta": 0.000554}}
{"target": -13.758527505876648, "params": {"gamma": 11.108878363174647, "log10_alpha": -0.9264488968391404, "log10_colsample_bytree": -0.12194113024981423, "log10_eta": -3.450794575828355, "log10_lambda": -2.5404555377298106, "log10_min_child_weight": 3.453556104971249, "log10_subsample": -0.01987165049135642, "max_depth": 8.0, "num_boost_round": 5.0}, "datetime": {"datetime": "2024-01-19 00:16:51", "elapsed": 319.628017, "delta": 0.000739}}
{"target": -13.758530500821678, "params": {"gamma": 11.108878363174647, "log10_alpha": -0.9264488968391404, "log10_colsample_bytree": -0.12194113024981423, "log10_eta": -3.450794575828355, "log10_lambda": -2.5404555377298106, "log10_min_child_weight": 3.453556104971249, "log10_subsample": -0.01987165049135642, "max_depth": 8.0, "num_boost_round": 6.0}, "datetime": {"datetime": "2024-01-19 00:16:51", "elapsed": 319.628589, "delta": 0.000572}}
{"target": -13.758535477695965, "params": {"gamma": 11.108878363174647, "log10_alpha": -0.9264488968391404, "log10_colsample_bytree": -0.12194113024981423, "log10_eta": -3.450794575828355, "log10_lambda": -2.5404555377298106, "log10_min_child_weight": 3.453556104971249, "log10_subsample": -0.01987165049135642, "max_depth": 8.0, "num_boost_round": 7.0}, "datetime": {"datetime": "2024-01-19 00:16:51", "elapsed": 319.629228, "delta": 0.000639}}
{"target": -13.758543305902615, "params": {"gamma": 11.108878363174647, "log10_alpha": -0.9264488968391404, "log10_colsample_bytree": -0.12194113024981423, "log10_eta": -3.450794575828355, "log10_lambda": -2.5404555377298106, "log10_min_child_weight": 3.453556104971249, "log10_subsample": -0.01987165049135642, "max_depth": 8.0, "num_boost_round": 8.0}, "datetime": {"datetime": "2024-01-19 00:16:51", "elapsed": 319.629791, "delta": 0.000563}}
{"target": -13.758545018574884, "params": {"gamma": 11.108878363174647, "log10_alpha": -0.9264488968391404, "log10_colsample_bytree": -0.12194113024981423, "log10_eta": -3.450794575828355, "log10_lambda": -2.5404555377298106, "log10_min_child_weight": 3.453556104971249, "log10_subsample": -0.01987165049135642, "max_depth": 8.0, "num_boost_round": 9.0}, "datetime": {"datetime": "2024-01-19 00:16:51", "elapsed": 319.630349, "delta": 0.000558}}
{"target": -13.758546900249014, "params": {"gamma": 11.108878363174647, "log10_alpha": -0.9264488968391404, "log10_colsample_bytree": -0.12194113024981423, "log10_eta": -3.450794575828355, "log10_lambda": -2.5404555377298106, "log10_min_child_weight": 3.453556104971249, "log10_subsample": -0.01987165049135642, "max_depth": 8.0, "num_boost_round": 10.0}, "datetime": {"datetime": "2024-01-19 00:16:51", "elapsed": 319.630908, "delta": 0.000559}}
{"target": -13.758548640147934, "params": {"gamma": 11.108878363174647, "log10_alpha": -0.9264488968391404, "log10_colsample_bytree": -0.12194113024981423, "log10_eta": -3.450794575828355, "log10_lambda": -2.5404555377298106, "log10_min_child_weight": 3.453556104971249, "log10_subsample": -0.01987165049135642, "max_depth": 8.0, "num_boost_round": 11.0}, "datetime": {"datetime": "2024-01-19 00:16:51", "elapsed": 319.631479, "delta": 0.000571}}
{"target": -13.758560775465755, "params": {"gamma": 11.108878363174647, "log10_alpha": -0.9264488968391404, "log10_colsample_bytree": -0.12194113024981423, "log10_eta": -3.450794575828355, "log10_lambda": -2.5404555377298106, "log10_min_child_weight": 3.453556104971249, "log10_subsample": -0.01987165049135642, "max_depth": 8.0, "num_boost_round": 12.0}, "datetime": {"datetime": "2024-01-19 00:16:51", "elapsed": 319.63204, "delta": 0.000561}}
{"target": -13.758562973126942, "params": {"gamma": 11.108878363174647, "log10_alpha": -0.9264488968391404, "log10_colsample_bytree": -0.12194113024981423, "log10_eta": -3.450794575828355, "log10_lambda": -2.5404555377298106, "log10_min_child_weight": 3.453556104971249, "log10_subsample": -0.01987165049135642, "max_depth": 8.0, "num_boost_round": 13.0}, "datetime": {"datetime": "2024-01-19 00:16:51", "elapsed": 319.632635, "delta": 0.000595}}
{"target": -13.758565302575814, "params": {"gamma": 11.108878363174647, "log10_alpha": -0.9264488968391404, "log10_colsample_bytree": -0.12194113024981423, "log10_eta": -3.450794575828355, "log10_lambda": -2.5404555377298106, "log10_min_child_weight": 3.453556104971249, "log10_subsample": -0.01987165049135642, "max_depth": 8.0, "num_boost_round": 14.0}, "datetime": {"datetime": "2024-01-19 00:16:51", "elapsed": 319.633194, "delta": 0.000559}}
{"target": -13.75856593731425, "params": {"gamma": 11.108878363174647, "log10_alpha": -0.9264488968391404, "log10_colsample_bytree": -0.12194113024981423, "log10_eta": -3.450794575828355, "log10_lambda": -2.5404555377298106, "log10_min_child_weight": 3.453556104971249, "log10_subsample": -0.01987165049135642, "max_depth": 8.0, "num_boost_round": 15.0}, "datetime": {"datetime": "2024-01-19 00:16:51", "elapsed": 319.633766, "delta": 0.000572}}
{"target": -13.758563622101514, "params": {"gamma": 11.108878363174647, "log10_alpha": -0.9264488968391404, "log10_colsample_bytree": -0.12194113024981423, "log10_eta": -3.450794575828355, "log10_lambda": -2.5404555377298106, "log10_min_child_weight": 3.453556104971249, "log10_subsample": -0.01987165049135642, "max_depth": 8.0, "num_boost_round": 16.0}, "datetime": {"datetime": "2024-01-19 00:16:51", "elapsed": 319.634324, "delta": 0.000558}}
{"target": -13.758549557610568, "params": {"gamma": 11.108878363174647, "log10_alpha": -0.9264488968391404, "log10_colsample_bytree": -0.12194113024981423, "log10_eta": -3.450794575828355, "log10_lambda": -2.5404555377298106, "log10_min_child_weight": 3.453556104971249, "log10_subsample": -0.01987165049135642, "max_depth": 8.0, "num_boost_round": 17.0}, "datetime": {"datetime": "2024-01-19 00:16:51", "elapsed": 319.634887, "delta": 0.000563}}
{"target": -13.758547007184092, "params": {"gamma": 11.108878363174647, "log10_alpha": -0.9264488968391404, "log10_colsample_bytree": -0.12194113024981423, "log10_eta": -3.450794575828355, "log10_lambda": -2.5404555377298106, "log10_min_child_weight": 3.453556104971249, "log10_subsample": -0.01987165049135642, "max_depth": 8.0, "num_boost_round": 18.0}, "datetime": {"datetime": "2024-01-19 00:16:51", "elapsed": 319.63545, "delta": 0.000563}}
{"target": -13.758504795426683, "params": {"gamma": 10.663230306737436, "log10_alpha": 0.8810414642370592, "log10_colsample_bytree": -0.8193796983381553, "log10_eta": -2.8330924454477446, "log10_lambda": -1.8516845664917154, "log10_min_child_weight": 2.9411034001858036, "log10_subsample": -0.46780636267134057, "max_depth": 6.0, "num_boost_round": 0.0}, "datetime": {"datetime": "2024-01-19 00:17:11", "elapsed": 339.959102, "delta": 20.323652}}
