{"target": -17.67723143392374, "params": {"gamma": 446.12113305587695, "log10_alpha": -0.1738029275872135, "log10_colsample_bytree": -0.881164531922633, "log10_eta": -3.790381355760642, "log10_lambda": -4.339925769828285, "log10_min_child_weight": 3.8670332639407135, "log10_subsample": -0.083648875553886, "max_depth": 4.0, "num_boost_round": 1.0}, "datetime": {"datetime": "2024-01-19 02:20:20", "elapsed": 7712.761454, "delta": 0.00813}}
{"target": -17.677229231553373, "params": {"gamma": 446.12113305587695, "log10_alpha": -0.1738029275872135, "log10_colsample_bytree": -0.881164531922633, "log10_eta": -3.790381355760642, "log10_lambda": -4.339925769828285, "log10_min_child_weight": 3.8670332639407135, "log10_subsample": -0.083648875553886, "max_depth": 4.0, "num_boost_round": 2.0}, "datetime": {"datetime": "2024-01-19 02:20:20", "elapsed": 7712.768391, "delta": 0.006937}}
{"target": -17.67722821335265, "params": {"gamma": 446.12113305587695, "log10_alpha": -0.1738029275872135, "log10_colsample_bytree": -0.881164531922633, "log10_eta": -3.790381355760642, "log10_lambda": -4.339925769828285, "log10_min_child_weight": 3.8670332639407135, "log10_subsample": -0.083648875553886, "max_depth": 4.0, "num_boost_round": 3.0}, "datetime": {"datetime": "2024-01-19 02:20:20", "elapsed": 7712.774936, "delta": 0.006545}}
{"target": -17.677223986915557, "params": {"gamma": 446.12113305587695, "log10_alpha": -0.1738029275872135, "log10_colsample_bytree": -0.881164531922633, "log10_eta": -3.790381355760642, "log10_lambda": -4.339925769828285, "log10_min_child_weight": 3.8670332639407135, "log10_subsample": -0.083648875553886, "max_depth": 4.0, "num_boost_round": 4.0}, "datetime": {"datetime": "2024-01-19 02:20:20", "elapsed": 7712.78151, "delta": 0.006574}}
{"target": -17.67722398983457, "params": {"gamma": 446.12113305587695, "log10_alpha": -0.1738029275872135, "log10_colsample_bytree": -0.881164531922633, "log10_eta": -3.790381355760642, "log10_lambda": -4.339925769828285, "log10_min_child_weight": 3.8670332639407135, "log10_subsample": -0.083648875553886, "max_depth": 4.0, "num_boost_round": 5.0}, "datetime": {"datetime": "2024-01-19 02:20:20", "elapsed": 7712.787837, "delta": 0.006327}}
{"target": -17.677222183952978, "params": {"gamma": 446.12113305587695, "log10_alpha": -0.1738029275872135, "log10_colsample_bytree": -0.881164531922633, "log10_eta": -3.790381355760642, "log10_lambda": -4.339925769828285, "log10_min_child_weight": 3.8670332639407135, "log10_subsample": -0.083648875553886, "max_depth": 4.0, "num_boost_round": 6.0}, "datetime": {"datetime": "2024-01-19 02:20:20", "elapsed": 7712.794023, "delta": 0.006186}}
{"target": -17.677220195558398, "params": {"gamma": 446.12113305587695, "log10_alpha": -0.1738029275872135, "log10_colsample_bytree": -0.881164531922633, "log10_eta": -3.790381355760642, "log10_lambda": -4.339925769828285, "log10_min_child_weight": 3.8670332639407135, "log10_subsample": -0.083648875553886, "max_depth": 4.0, "num_boost_round": 7.0}, "datetime": {"datetime": "2024-01-19 02:20:20", "elapsed": 7712.799878, "delta": 0.005855}}
{"target": -17.677214359460113, "params": {"gamma": 446.12113305587695, "log10_alpha": -0.1738029275872135, "log10_colsample_bytree": -0.881164531922633, "log10_eta": -3.790381355760642, "log10_lambda": -4.339925769828285, "log10_min_child_weight": 3.8670332639407135, "log10_subsample": -0.083648875553886, "max_depth": 4.0, "num_boost_round": 8.0}, "datetime": {"datetime": "2024-01-19 02:20:20", "elapsed": 7712.805833, "delta": 0.005955}}
{"target": -17.677213010106012, "params": {"gamma": 446.12113305587695, "log10_alpha": -0.1738029275872135, "log10_colsample_bytree": -0.881164531922633, "log10_eta": -3.790381355760642, "log10_lambda": -4.339925769828285, "log10_min_child_weight": 3.8670332639407135, "log10_subsample": -0.083648875553886, "max_depth": 4.0, "num_boost_round": 9.0}, "datetime": {"datetime": "2024-01-19 02:20:20", "elapsed": 7712.811747, "delta": 0.005914}}
{"target": -17.6772097762138, "params": {"gamma": 446.12113305587695, "log10_alpha": -0.1738029275872135, "log10_colsample_bytree": -0.881164531922633, "log10_eta": -3.790381355760642, "log10_lambda": -4.339925769828285, "log10_min_child_weight": 3.8670332639407135, "log10_subsample": -0.083648875553886, "max_depth": 4.0, "num_boost_round": 10.0}, "datetime": {"datetime": "2024-01-19 02:20:20", "elapsed": 7712.817477, "delta": 0.00573}}
{"target": -17.677207657572026, "params": {"gamma": 446.12113305587695, "log10_alpha": -0.1738029275872135, "log10_colsample_bytree": -0.881164531922633, "log10_eta": -3.790381355760642, "log10_lambda": -4.339925769828285, "log10_min_child_weight": 3.8670332639407135, "log10_subsample": -0.083648875553886, "max_depth": 4.0, "num_boost_round": 11.0}, "datetime": {"datetime": "2024-01-19 02:20:20", "elapsed": 7712.823246, "delta": 0.005769}}
{"target": -17.677204016409426, "params": {"gamma": 446.12113305587695, "log10_alpha": -0.1738029275872135, "log10_colsample_bytree": -0.881164531922633, "log10_eta": -3.790381355760642, "log10_lambda": -4.339925769828285, "log10_min_child_weight": 3.8670332639407135, "log10_subsample": -0.083648875553886, "max_depth": 4.0, "num_boost_round": 12.0}, "datetime": {"datetime": "2024-01-19 02:20:20", "elapsed": 7712.829223, "delta": 0.005977}}
{"target": -17.677199270884138, "params": {"gamma": 446.12113305587695, "log10_alpha": -0.1738029275872135, "log10_colsample_bytree": -0.881164531922633, "log10_eta": -3.790381355760642, "log10_lambda": -4.339925769828285, "log10_min_child_weight": 3.8670332639407135, "log10_subsample": -0.083648875553886, "max_depth": 4.0, "num_boost_round": 13.0}, "datetime": {"datetime": "2024-01-19 02:20:20", "elapsed": 7712.83494, "delta": 0.005717}}
{"target": -17.67719734812375, "params": {"gamma": 446.12113305587695, "log10_alpha": -0.1738029275872135, "log10_colsample_bytree": -0.881164531922633, "log10_eta": -3.790381355760642, "log10_lambda": -4.339925769828285, "log10_min_child_weight": 3.8670332639407135, "log10_subsample": -0.083648875553886, "max_depth": 4.0, "num_boost_round": 14.0}, "datetime": {"datetime": "2024-01-19 02:20:20", "elapsed": 7712.840769, "delta": 0.005829}}
{"target": -17.677191582703244, "params": {"gamma": 446.12113305587695, "log10_alpha": -0.1738029275872135, "log10_colsample_bytree": -0.881164531922633, "log10_eta": -3.790381355760642, "log10_lambda": -4.339925769828285, "log10_min_child_weight": 3.8670332639407135, "log10_subsample": -0.083648875553886, "max_depth": 4.0, "num_boost_round": 15.0}, "datetime": {"datetime": "2024-01-19 02:20:20", "elapsed": 7712.84678, "delta": 0.006011}}
{"target": -17.677189920690623, "params": {"gamma": 446.12113305587695, "log10_alpha": -0.1738029275872135, "log10_colsample_bytree": -0.881164531922633, "log10_eta": -3.790381355760642, "log10_lambda": -4.339925769828285, "log10_min_child_weight": 3.8670332639407135, "log10_subsample": -0.083648875553886, "max_depth": 4.0, "num_boost_round": 16.0}, "datetime": {"datetime": "2024-01-19 02:20:20", "elapsed": 7712.970023, "delta": 0.123243}}
{"target": -17.677186946075672, "params": {"gamma": 446.12113305587695, "log10_alpha": -0.1738029275872135, "log10_colsample_bytree": -0.881164531922633, "log10_eta": -3.790381355760642, "log10_lambda": -4.339925769828285, "log10_min_child_weight": 3.8670332639407135, "log10_subsample": -0.083648875553886, "max_depth": 4.0, "num_boost_round": 17.0}, "datetime": {"datetime": "2024-01-19 02:20:20", "elapsed": 7712.977366, "delta": 0.007343}}
{"target": -17.677186069554146, "params": {"gamma": 446.12113305587695, "log10_alpha": -0.1738029275872135, "log10_colsample_bytree": -0.881164531922633, "log10_eta": -3.790381355760642, "log10_lambda": -4.339925769828285, "log10_min_child_weight": 3.8670332639407135, "log10_subsample": -0.083648875553886, "max_depth": 4.0, "num_boost_round": 18.0}, "datetime": {"datetime": "2024-01-19 02:20:20", "elapsed": 7712.983485, "delta": 0.006119}}
{"target": -17.677222658176625, "params": {"gamma": 450.278190562616, "log10_alpha": -3.808946685441603, "log10_colsample_bytree": -0.453266828603355, "log10_eta": -3.2274478669187854, "log10_lambda": -3.107175777202248, "log10_min_child_weight": 2.1430625114450623, "log10_subsample": -0.09851551390556845, "max_depth": 2.0, "num_boost_round": 0.0}, "datetime": {"datetime": "2024-01-19 02:21:41", "elapsed": 7793.935845, "delta": 80.95236}}
{"target": -17.677205224838893, "params": {"gamma": 450.278190562616, "log10_alpha": -3.808946685441603, "log10_colsample_bytree": -0.453266828603355, "log10_eta": -3.2274478669187854, "log10_lambda": -3.107175777202248, "log10_min_child_weight": 2.1430625114450623, "log10_subsample": -0.09851551390556845, "max_depth": 2.0, "num_boost_round": 1.0}, "datetime": {"datetime": "2024-01-19 02:21:41", "elapsed": 7793.942411, "delta": 0.006566}}
{"target": -17.677188485964507, "params": {"gamma": 450.278190562616, "log10_alpha": -3.808946685441603, "log10_colsample_bytree": -0.453266828603355, "log10_eta": -3.2274478669187854, "log10_lambda": -3.107175777202248, "log10_min_child_weight": 2.1430625114450623, "log10_subsample": -0.09851551390556845, "max_depth": 2.0, "num_boost_round": 2.0}, "datetime": {"datetime": "2024-01-19 02:21:41", "elapsed": 7793.948569, "delta": 0.006158}}
{"target": -17.677178327782492, "params": {"gamma": 450.278190562616, "log10_alpha": -3.808946685441603, "log10_colsample_bytree": -0.453266828603355, "log10_eta": -3.2274478669187854, "log10_lambda": -3.107175777202248, "log10_min_child_weight": 2.1430625114450623, "log10_subsample": -0.09851551390556845, "max_depth": 2.0, "num_boost_round": 3.0}, "datetime": {"datetime": "2024-01-19 02:21:41", "elapsed": 7793.954272, "delta": 0.005703}}
{"target": -17.677161609714844, "params": {"gamma": 450.278190562616, "log10_alpha": -3.808946685441603, "log10_colsample_bytree": -0.453266828603355, "log10_eta": -3.2274478669187854, "log10_lambda": -3.107175777202248, "log10_min_child_weight": 2.1430625114450623, "log10_subsample": -0.09851551390556845, "max_depth": 2.0, "num_boost_round": 4.0}, "datetime": {"datetime": "2024-01-19 02:21:41", "elapsed": 7793.960147, "delta": 0.005875}}
{"target": -17.677151647075508, "params": {"gamma": 450.278190562616, "log10_alpha": -3.808946685441603, "log10_colsample_bytree": -0.453266828603355, "log10_eta": -3.2274478669187854, "log10_lambda": -3.107175777202248, "log10_min_child_weight": 2.1430625114450623, "log10_subsample": -0.09851551390556845, "max_depth": 2.0, "num_boost_round": 5.0}, "datetime": {"datetime": "2024-01-19 02:21:41", "elapsed": 7793.965958, "delta": 0.005811}}
{"target": -17.677146254693803, "params": {"gamma": 450.278190562616, "log10_alpha": -3.808946685441603, "log10_colsample_bytree": -0.453266828603355, "log10_eta": -3.2274478669187854, "log10_lambda": -3.107175777202248, "log10_min_child_weight": 2.1430625114450623, "log10_subsample": -0.09851551390556845, "max_depth": 2.0, "num_boost_round": 6.0}, "datetime": {"datetime": "2024-01-19 02:21:41", "elapsed": 7793.97183, "delta": 0.005872}}
{"target": -17.677127023492847, "params": {"gamma": 450.278190562616, "log10_alpha": -3.808946685441603, "log10_colsample_bytree": -0.453266828603355, "log10_eta": -3.2274478669187854, "log10_lambda": -3.107175777202248, "log10_min_child_weight": 2.1430625114450623, "log10_subsample": -0.09851551390556845, "max_depth": 2.0, "num_boost_round": 7.0}, "datetime": {"datetime": "2024-01-19 02:21:41", "elapsed": 7793.97774, "delta": 0.00591}}
{"target": -17.67711472814027, "params": {"gamma": 450.278190562616, "log10_alpha": -3.808946685441603, "log10_colsample_bytree": -0.453266828603355, "log10_eta": -3.2274478669187854, "log10_lambda": -3.107175777202248, "log10_min_child_weight": 2.1430625114450623, "log10_subsample": -0.09851551390556845, "max_depth": 2.0, "num_boost_round": 8.0}, "datetime": {"datetime": "2024-01-19 02:21:41", "elapsed": 7793.983918, "delta": 0.006178}}
{"target": -17.67709291915876, "params": {"gamma": 450.278190562616, "log10_alpha": -3.808946685441603, "log10_colsample_bytree": -0.453266828603355, "log10_eta": -3.2274478669187854, "log10_lambda": -3.107175777202248, "log10_min_child_weight": 2.1430625114450623, "log10_subsample": -0.09851551390556845, "max_depth": 2.0, "num_boost_round": 9.0}, "datetime": {"datetime": "2024-01-19 02:21:41", "elapsed": 7793.990153, "delta": 0.006235}}
{"target": -17.67707573725801, "params": {"gamma": 450.278190562616, "log10_alpha": -3.808946685441603, "log10_colsample_bytree": -0.453266828603355, "log10_eta": -3.2274478669187854, "log10_lambda": -3.107175777202248, "log10_min_child_weight": 2.1430625114450623, "log10_subsample": -0.09851551390556845, "max_depth": 2.0, "num_boost_round": 10.0}, "datetime": {"datetime": "2024-01-19 02:21:41", "elapsed": 7793.99601, "delta": 0.005857}}
{"target": -17.677062018715663, "params": {"gamma": 450.278190562616, "log10_alpha": -3.808946685441603, "log10_colsample_bytree": -0.453266828603355, "log10_eta": -3.2274478669187854, "log10_lambda": -3.107175777202248, "log10_min_child_weight": 2.1430625114450623, "log10_subsample": -0.09851551390556845, "max_depth": 2.0, "num_boost_round": 11.0}, "datetime": {"datetime": "2024-01-19 02:21:41", "elapsed": 7794.001879, "delta": 0.005869}}
{"target": -17.677043210792707, "params": {"gamma": 450.278190562616, "log10_alpha": -3.808946685441603, "log10_colsample_bytree": -0.453266828603355, "log10_eta": -3.2274478669187854, "log10_lambda": -3.107175777202248, "log10_min_child_weight": 2.1430625114450623, "log10_subsample": -0.09851551390556845, "max_depth": 2.0, "num_boost_round": 12.0}, "datetime": {"datetime": "2024-01-19 02:21:41", "elapsed": 7794.007881, "delta": 0.006002}}
{"target": -17.677024312681862, "params": {"gamma": 450.278190562616, "log10_alpha": -3.808946685441603, "log10_colsample_bytree": -0.453266828603355, "log10_eta": -3.2274478669187854, "log10_lambda": -3.107175777202248, "log10_min_child_weight": 2.1430625114450623, "log10_subsample": -0.09851551390556845, "max_depth": 2.0, "num_boost_round": 13.0}, "datetime": {"datetime": "2024-01-19 02:21:41", "elapsed": 7794.01368, "delta": 0.005799}}
{"target": -17.677016012499593, "params": {"gamma": 450.278190562616, "log10_alpha": -3.808946685441603, "log10_colsample_bytree": -0.453266828603355, "log10_eta": -3.2274478669187854, "log10_lambda": -3.107175777202248, "log10_min_child_weight": 2.1430625114450623, "log10_subsample": -0.09851551390556845, "max_depth": 2.0, "num_boost_round": 14.0}, "datetime": {"datetime": "2024-01-19 02:21:41", "elapsed": 7794.019542, "delta": 0.005862}}
{"target": -17.67723175073233, "params": {"gamma": 408.1112986746914, "log10_alpha": -4.851797163533061, "log10_colsample_bytree": -0.7374084214671158, "log10_eta": -3.949163234932203, "log10_lambda": -2.320113821162958, "log10_min_child_weight": 4.3089396366719965, "log10_subsample": -0.8475599282568437, "max_depth": 6.0, "num_boost_round": 0.0}, "datetime": {"datetime": "2024-01-19 02:24:55", "elapsed": 7988.298022, "delta": 194.27848}}
{"target": -17.677230392518194, "params": {"gamma": 408.1112986746914, "log10_alpha": -4.851797163533061, "log10_colsample_bytree": -0.7374084214671158, "log10_eta": -3.949163234932203, "log10_lambda": -2.320113821162958, "log10_min_child_weight": 4.3089396366719965, "log10_subsample": -0.8475599282568437, "max_depth": 6.0, "num_boost_round": 1.0}, "datetime": {"datetime": "2024-01-19 02:24:55", "elapsed": 7988.305035, "delta": 0.007013}}
{"target": -17.677230348262903, "params": {"gamma": 408.1112986746914, "log10_alpha": -4.851797163533061, "log10_colsample_bytree": -0.7374084214671158, "log10_eta": -3.949163234932203, "log10_lambda": -2.320113821162958, "log10_min_child_weight": 4.3089396366719965, "log10_subsample": -0.8475599282568437, "max_depth": 6.0, "num_boost_round": 2.0}, "datetime": {"datetime": "2024-01-19 02:24:55", "elapsed": 7988.31106, "delta": 0.006025}}
{"target": -17.677229178974986, "params": {"gamma": 408.1112986746914, "log10_alpha": -4.851797163533061, "log10_colsample_bytree": -0.7374084214671158, "log10_eta": -3.949163234932203, "log10_lambda": -2.320113821162958, "log10_min_child_weight": 4.3089396366719965, "log10_subsample": -0.8475599282568437, "max_depth": 6.0, "num_boost_round": 3.0}, "datetime": {"datetime": "2024-01-19 02:24:55", "elapsed": 7988.317065, "delta": 0.006005}}
{"target": -17.677228121009776, "params": {"gamma": 408.1112986746914, "log10_alpha": -4.851797163533061, "log10_colsample_bytree": -0.7374084214671158, "log10_eta": -3.949163234932203, "log10_lambda": -2.320113821162958, "log10_min_child_weight": 4.3089396366719965, "log10_subsample": -0.8475599282568437, "max_depth": 6.0, "num_boost_round": 4.0}, "datetime": {"datetime": "2024-01-19 02:24:55", "elapsed": 7988.323227, "delta": 0.006162}}
{"target": -17.677227612559367, "params": {"gamma": 408.1112986746914, "log10_alpha": -4.851797163533061, "log10_colsample_bytree": -0.7374084214671158, "log10_eta": -3.949163234932203, "log10_lambda": -2.320113821162958, "log10_min_child_weight": 4.3089396366719965, "log10_subsample": -0.8475599282568437, "max_depth": 6.0, "num_boost_round": 5.0}, "datetime": {"datetime": "2024-01-19 02:24:55", "elapsed": 7988.329331, "delta": 0.006104}}
{"target": -17.67722773935293, "params": {"gamma": 408.1112986746914, "log10_alpha": -4.851797163533061, "log10_colsample_bytree": -0.7374084214671158, "log10_eta": -3.949163234932203, "log10_lambda": -2.320113821162958, "log10_min_child_weight": 4.3089396366719965, "log10_subsample": -0.8475599282568437, "max_depth": 6.0, "num_boost_round": 6.0}, "datetime": {"datetime": "2024-01-19 02:24:55", "elapsed": 7988.335332, "delta": 0.006001}}
{"target": -17.67722633307118, "params": {"gamma": 408.1112986746914, "log10_alpha": -4.851797163533061, "log10_colsample_bytree": -0.7374084214671158, "log10_eta": -3.949163234932203, "log10_lambda": -2.320113821162958, "log10_min_child_weight": 4.3089396366719965, "log10_subsample": -0.8475599282568437, "max_depth": 6.0, "num_boost_round": 7.0}, "datetime": {"datetime": "2024-01-19 02:24:55", "elapsed": 7988.341299, "delta": 0.005967}}
{"target": -17.677224827542805, "params": {"gamma": 408.1112986746914, "log10_alpha": -4.851797163533061, "log10_colsample_bytree": -0.7374084214671158, "log10_eta": -3.949163234932203, "log10_lambda": -2.320113821162958, "log10_min_child_weight": 4.3089396366719965, "log10_subsample": -0.8475599282568437, "max_depth": 6.0, "num_boost_round": 8.0}, "datetime": {"datetime": "2024-01-19 02:24:55", "elapsed": 7988.347278, "delta": 0.005979}}
{"target": -17.677224170228296, "params": {"gamma": 408.1112986746914, "log10_alpha": -4.851797163533061, "log10_colsample_bytree": -0.7374084214671158, "log10_eta": -3.949163234932203, "log10_lambda": -2.320113821162958, "log10_min_child_weight": 4.3089396366719965, "log10_subsample": -0.8475599282568437, "max_depth": 6.0, "num_boost_round": 9.0}, "datetime": {"datetime": "2024-01-19 02:24:55", "elapsed": 7988.353408, "delta": 0.00613}}
{"target": -17.67722311074031, "params": {"gamma": 408.1112986746914, "log10_alpha": -4.851797163533061, "log10_colsample_bytree": -0.7374084214671158, "log10_eta": -3.949163234932203, "log10_lambda": -2.320113821162958, "log10_min_child_weight": 4.3089396366719965, "log10_subsample": -0.8475599282568437, "max_depth": 6.0, "num_boost_round": 10.0}, "datetime": {"datetime": "2024-01-19 02:24:55", "elapsed": 7988.359508, "delta": 0.0061}}
{"target": -17.677221811627348, "params": {"gamma": 408.1112986746914, "log10_alpha": -4.851797163533061, "log10_colsample_bytree": -0.7374084214671158, "log10_eta": -3.949163234932203, "log10_lambda": -2.320113821162958, "log10_min_child_weight": 4.3089396366719965, "log10_subsample": -0.8475599282568437, "max_depth": 6.0, "num_boost_round": 11.0}, "datetime": {"datetime": "2024-01-19 02:24:55", "elapsed": 7988.365613, "delta": 0.006105}}
{"target": -17.677221327341083, "params": {"gamma": 408.1112986746914, "log10_alpha": -4.851797163533061, "log10_colsample_bytree": -0.7374084214671158, "log10_eta": -3.949163234932203, "log10_lambda": -2.320113821162958, "log10_min_child_weight": 4.3089396366719965, "log10_subsample": -0.8475599282568437, "max_depth": 6.0, "num_boost_round": 12.0}, "datetime": {"datetime": "2024-01-19 02:24:55", "elapsed": 7988.372203, "delta": 0.00659}}
{"target": -17.677220565652924, "params": {"gamma": 408.1112986746914, "log10_alpha": -4.851797163533061, "log10_colsample_bytree": -0.7374084214671158, "log10_eta": -3.949163234932203, "log10_lambda": -2.320113821162958, "log10_min_child_weight": 4.3089396366719965, "log10_subsample": -0.8475599282568437, "max_depth": 6.0, "num_boost_round": 13.0}, "datetime": {"datetime": "2024-01-19 02:24:55", "elapsed": 7988.378365, "delta": 0.006162}}
{"target": -17.67722020655591, "params": {"gamma": 408.1112986746914, "log10_alpha": -4.851797163533061, "log10_colsample_bytree": -0.7374084214671158, "log10_eta": -3.949163234932203, "log10_lambda": -2.320113821162958, "log10_min_child_weight": 4.3089396366719965, "log10_subsample": -0.8475599282568437, "max_depth": 6.0, "num_boost_round": 14.0}, "datetime": {"datetime": "2024-01-19 02:24:55", "elapsed": 7988.384767, "delta": 0.006402}}
{"target": -17.677218910853085, "params": {"gamma": 408.1112986746914, "log10_alpha": -4.851797163533061, "log10_colsample_bytree": -0.7374084214671158, "log10_eta": -3.949163234932203, "log10_lambda": -2.320113821162958, "log10_min_child_weight": 4.3089396366719965, "log10_subsample": -0.8475599282568437, "max_depth": 6.0, "num_boost_round": 15.0}, "datetime": {"datetime": "2024-01-19 02:24:55", "elapsed": 7988.391032, "delta": 0.006265}}
