{"target": -13.758525455517525, "params": {"gamma": 491.6400712636033, "log10_alpha": -2.781604890903659, "log10_colsample_bytree": -0.27494002649295146, "log10_eta": -3.7367407362362326, "log10_lambda": -4.6991726730967205, "log10_min_child_weight": 3.3491139567563444, "log10_subsample": -0.4511762487972705, "max_depth": 5.0, "num_boost_round": 5.0}, "datetime": {"datetime": "2024-01-19 02:19:54", "elapsed": 7698.529777, "delta": 0.006366}}
{"target": -13.758524092188424, "params": {"gamma": 491.6400712636033, "log10_alpha": -2.781604890903659, "log10_colsample_bytree": -0.27494002649295146, "log10_eta": -3.7367407362362326, "log10_lambda": -4.6991726730967205, "log10_min_child_weight": 3.3491139567563444, "log10_subsample": -0.4511762487972705, "max_depth": 5.0, "num_boost_round": 6.0}, "datetime": {"datetime": "2024-01-19 02:19:54", "elapsed": 7698.536228, "delta": 0.006451}}
{"target": -13.75851935319543, "params": {"gamma": 491.6400712636033, "log10_alpha": -2.781604890903659, "log10_colsample_bytree": -0.27494002649295146, "log10_eta": -3.7367407362362326, "log10_lambda": -4.6991726730967205, "log10_min_child_weight": 3.3491139567563444, "log10_subsample": -0.4511762487972705, "max_depth": 5.0, "num_boost_round": 7.0}, "datetime": {"datetime": "2024-01-19 02:19:54", "elapsed": 7698.543115, "delta": 0.006887}}
{"target": -13.7585144906425, "params": {"gamma": 491.6400712636033, "log10_alpha": -2.781604890903659, "log10_colsample_bytree": -0.27494002649295146, "log10_eta": -3.7367407362362326, "log10_lambda": -4.6991726730967205, "log10_min_child_weight": 3.3491139567563444, "log10_subsample": -0.4511762487972705, "max_depth": 5.0, "num_boost_round": 8.0}, "datetime": {"datetime": "2024-01-19 02:19:54", "elapsed": 7698.549801, "delta": 0.006686}}
{"target": -13.758513744692713, "params": {"gamma": 491.6400712636033, "log10_alpha": -2.781604890903659, "log10_colsample_bytree": -0.27494002649295146, "log10_eta": -3.7367407362362326, "log10_lambda": -4.6991726730967205, "log10_min_child_weight": 3.3491139567563444, "log10_subsample": -0.4511762487972705, "max_depth": 5.0, "num_boost_round": 9.0}, "datetime": {"datetime": "2024-01-19 02:19:54", "elapsed": 7698.556972, "delta": 0.007171}}
{"target": -13.75850712020834, "params": {"gamma": 491.6400712636033, "log10_alpha": -2.781604890903659, "log10_colsample_bytree": -0.27494002649295146, "log10_eta": -3.7367407362362326, "log10_lambda": -4.6991726730967205, "log10_min_child_weight": 3.3491139567563444, "log10_subsample": -0.4511762487972705, "max_depth": 5.0, "num_boost_round": 10.0}, "datetime": {"datetime": "2024-01-19 02:19:54", "elapsed": 7698.563495, "delta": 0.006523}}
{"target": -13.758504379833427, "params": {"gamma": 491.6400712636033, "log10_alpha": -2.781604890903659, "log10_colsample_bytree": -0.27494002649295146, "log10_eta": -3.7367407362362326, "log10_lambda": -4.6991726730967205, "log10_min_child_weight": 3.3491139567563444, "log10_subsample": -0.4511762487972705, "max_depth": 5.0, "num_boost_round": 11.0}, "datetime": {"datetime": "2024-01-19 02:19:54", "elapsed": 7698.569961, "delta": 0.006466}}
{"target": -13.758500803524347, "params": {"gamma": 491.6400712636033, "log10_alpha": -2.781604890903659, "log10_colsample_bytree": -0.27494002649295146, "log10_eta": -3.7367407362362326, "log10_lambda": -4.6991726730967205, "log10_min_child_weight": 3.3491139567563444, "log10_subsample": -0.4511762487972705, "max_depth": 5.0, "num_boost_round": 12.0}, "datetime": {"datetime": "2024-01-19 02:19:54", "elapsed": 7698.576555, "delta": 0.006594}}
{"target": -13.758500735241888, "params": {"gamma": 491.6400712636033, "log10_alpha": -2.781604890903659, "log10_colsample_bytree": -0.27494002649295146, "log10_eta": -3.7367407362362326, "log10_lambda": -4.6991726730967205, "log10_min_child_weight": 3.3491139567563444, "log10_subsample": -0.4511762487972705, "max_depth": 5.0, "num_boost_round": 13.0}, "datetime": {"datetime": "2024-01-19 02:19:54", "elapsed": 7698.583238, "delta": 0.006683}}
{"target": -13.758497986173758, "params": {"gamma": 491.6400712636033, "log10_alpha": -2.781604890903659, "log10_colsample_bytree": -0.27494002649295146, "log10_eta": -3.7367407362362326, "log10_lambda": -4.6991726730967205, "log10_min_child_weight": 3.3491139567563444, "log10_subsample": -0.4511762487972705, "max_depth": 5.0, "num_boost_round": 14.0}, "datetime": {"datetime": "2024-01-19 02:19:54", "elapsed": 7698.589621, "delta": 0.006383}}
{"target": -13.758496610235719, "params": {"gamma": 491.6400712636033, "log10_alpha": -2.781604890903659, "log10_colsample_bytree": -0.27494002649295146, "log10_eta": -3.7367407362362326, "log10_lambda": -4.6991726730967205, "log10_min_child_weight": 3.3491139567563444, "log10_subsample": -0.4511762487972705, "max_depth": 5.0, "num_boost_round": 15.0}, "datetime": {"datetime": "2024-01-19 02:19:54", "elapsed": 7698.596008, "delta": 0.006387}}
{"target": -13.758497910788545, "params": {"gamma": 491.6400712636033, "log10_alpha": -2.781604890903659, "log10_colsample_bytree": -0.27494002649295146, "log10_eta": -3.7367407362362326, "log10_lambda": -4.6991726730967205, "log10_min_child_weight": 3.3491139567563444, "log10_subsample": -0.4511762487972705, "max_depth": 5.0, "num_boost_round": 16.0}, "datetime": {"datetime": "2024-01-19 02:19:54", "elapsed": 7698.602332, "delta": 0.006324}}
{"target": -13.758499971259331, "params": {"gamma": 491.6400712636033, "log10_alpha": -2.781604890903659, "log10_colsample_bytree": -0.27494002649295146, "log10_eta": -3.7367407362362326, "log10_lambda": -4.6991726730967205, "log10_min_child_weight": 3.3491139567563444, "log10_subsample": -0.4511762487972705, "max_depth": 5.0, "num_boost_round": 17.0}, "datetime": {"datetime": "2024-01-19 02:19:54", "elapsed": 7698.608778, "delta": 0.006446}}
{"target": -13.758500742682914, "params": {"gamma": 491.6400712636033, "log10_alpha": -2.781604890903659, "log10_colsample_bytree": -0.27494002649295146, "log10_eta": -3.7367407362362326, "log10_lambda": -4.6991726730967205, "log10_min_child_weight": 3.3491139567563444, "log10_subsample": -0.4511762487972705, "max_depth": 5.0, "num_boost_round": 18.0}, "datetime": {"datetime": "2024-01-19 02:19:54", "elapsed": 7698.615144, "delta": 0.006366}}
{"target": -13.758498735151191, "params": {"gamma": 491.6400712636033, "log10_alpha": -2.781604890903659, "log10_colsample_bytree": -0.27494002649295146, "log10_eta": -3.7367407362362326, "log10_lambda": -4.6991726730967205, "log10_min_child_weight": 3.3491139567563444, "log10_subsample": -0.4511762487972705, "max_depth": 5.0, "num_boost_round": 19.0}, "datetime": {"datetime": "2024-01-19 02:19:54", "elapsed": 7698.621882, "delta": 0.006738}}
{"target": -13.758495306842814, "params": {"gamma": 491.6400712636033, "log10_alpha": -2.781604890903659, "log10_colsample_bytree": -0.27494002649295146, "log10_eta": -3.7367407362362326, "log10_lambda": -4.6991726730967205, "log10_min_child_weight": 3.3491139567563444, "log10_subsample": -0.4511762487972705, "max_depth": 5.0, "num_boost_round": 20.0}, "datetime": {"datetime": "2024-01-19 02:19:54", "elapsed": 7698.628705, "delta": 0.006823}}
{"target": -13.758490556955381, "params": {"gamma": 491.6400712636033, "log10_alpha": -2.781604890903659, "log10_colsample_bytree": -0.27494002649295146, "log10_eta": -3.7367407362362326, "log10_lambda": -4.6991726730967205, "log10_min_child_weight": 3.3491139567563444, "log10_subsample": -0.4511762487972705, "max_depth": 5.0, "num_boost_round": 21.0}, "datetime": {"datetime": "2024-01-19 02:19:54", "elapsed": 7698.6354, "delta": 0.006695}}
{"target": -13.758488078362609, "params": {"gamma": 491.6400712636033, "log10_alpha": -2.781604890903659, "log10_colsample_bytree": -0.27494002649295146, "log10_eta": -3.7367407362362326, "log10_lambda": -4.6991726730967205, "log10_min_child_weight": 3.3491139567563444, "log10_subsample": -0.4511762487972705, "max_depth": 5.0, "num_boost_round": 22.0}, "datetime": {"datetime": "2024-01-19 02:19:54", "elapsed": 7698.641915, "delta": 0.006515}}
{"target": -13.758486736887622, "params": {"gamma": 491.6400712636033, "log10_alpha": -2.781604890903659, "log10_colsample_bytree": -0.27494002649295146, "log10_eta": -3.7367407362362326, "log10_lambda": -4.6991726730967205, "log10_min_child_weight": 3.3491139567563444, "log10_subsample": -0.4511762487972705, "max_depth": 5.0, "num_boost_round": 23.0}, "datetime": {"datetime": "2024-01-19 02:19:54", "elapsed": 7698.648419, "delta": 0.006504}}
{"target": -13.75848573394529, "params": {"gamma": 491.6400712636033, "log10_alpha": -2.781604890903659, "log10_colsample_bytree": -0.27494002649295146, "log10_eta": -3.7367407362362326, "log10_lambda": -4.6991726730967205, "log10_min_child_weight": 3.3491139567563444, "log10_subsample": -0.4511762487972705, "max_depth": 5.0, "num_boost_round": 24.0}, "datetime": {"datetime": "2024-01-19 02:19:54", "elapsed": 7698.654848, "delta": 0.006429}}
{"target": -13.758484783613559, "params": {"gamma": 491.6400712636033, "log10_alpha": -2.781604890903659, "log10_colsample_bytree": -0.27494002649295146, "log10_eta": -3.7367407362362326, "log10_lambda": -4.6991726730967205, "log10_min_child_weight": 3.3491139567563444, "log10_subsample": -0.4511762487972705, "max_depth": 5.0, "num_boost_round": 25.0}, "datetime": {"datetime": "2024-01-19 02:19:54", "elapsed": 7698.661167, "delta": 0.006319}}
{"target": -13.758482640576256, "params": {"gamma": 491.6400712636033, "log10_alpha": -2.781604890903659, "log10_colsample_bytree": -0.27494002649295146, "log10_eta": -3.7367407362362326, "log10_lambda": -4.6991726730967205, "log10_min_child_weight": 3.3491139567563444, "log10_subsample": -0.4511762487972705, "max_depth": 5.0, "num_boost_round": 26.0}, "datetime": {"datetime": "2024-01-19 02:19:54", "elapsed": 7698.667542, "delta": 0.006375}}
{"target": -13.758480587717234, "params": {"gamma": 491.6400712636033, "log10_alpha": -2.781604890903659, "log10_colsample_bytree": -0.27494002649295146, "log10_eta": -3.7367407362362326, "log10_lambda": -4.6991726730967205, "log10_min_child_weight": 3.3491139567563444, "log10_subsample": -0.4511762487972705, "max_depth": 5.0, "num_boost_round": 27.0}, "datetime": {"datetime": "2024-01-19 02:19:54", "elapsed": 7698.674192, "delta": 0.00665}}
{"target": -13.75847590606553, "params": {"gamma": 491.6400712636033, "log10_alpha": -2.781604890903659, "log10_colsample_bytree": -0.27494002649295146, "log10_eta": -3.7367407362362326, "log10_lambda": -4.6991726730967205, "log10_min_child_weight": 3.3491139567563444, "log10_subsample": -0.4511762487972705, "max_depth": 5.0, "num_boost_round": 28.0}, "datetime": {"datetime": "2024-01-19 02:19:54", "elapsed": 7698.680675, "delta": 0.006483}}
{"target": -13.758470585304572, "params": {"gamma": 491.6400712636033, "log10_alpha": -2.781604890903659, "log10_colsample_bytree": -0.27494002649295146, "log10_eta": -3.7367407362362326, "log10_lambda": -4.6991726730967205, "log10_min_child_weight": 3.3491139567563444, "log10_subsample": -0.4511762487972705, "max_depth": 5.0, "num_boost_round": 29.0}, "datetime": {"datetime": "2024-01-19 02:19:54", "elapsed": 7698.687035, "delta": 0.00636}}
{"target": -13.758471106016309, "params": {"gamma": 491.6400712636033, "log10_alpha": -2.781604890903659, "log10_colsample_bytree": -0.27494002649295146, "log10_eta": -3.7367407362362326, "log10_lambda": -4.6991726730967205, "log10_min_child_weight": 3.3491139567563444, "log10_subsample": -0.4511762487972705, "max_depth": 5.0, "num_boost_round": 30.0}, "datetime": {"datetime": "2024-01-19 02:19:54", "elapsed": 7698.693497, "delta": 0.006462}}
{"target": -13.758465903402536, "params": {"gamma": 491.6400712636033, "log10_alpha": -2.781604890903659, "log10_colsample_bytree": -0.27494002649295146, "log10_eta": -3.7367407362362326, "log10_lambda": -4.6991726730967205, "log10_min_child_weight": 3.3491139567563444, "log10_subsample": -0.4511762487972705, "max_depth": 5.0, "num_boost_round": 31.0}, "datetime": {"datetime": "2024-01-19 02:19:54", "elapsed": 7698.700175, "delta": 0.006678}}
{"target": -13.758464648912407, "params": {"gamma": 491.6400712636033, "log10_alpha": -2.781604890903659, "log10_colsample_bytree": -0.27494002649295146, "log10_eta": -3.7367407362362326, "log10_lambda": -4.6991726730967205, "log10_min_child_weight": 3.3491139567563444, "log10_subsample": -0.4511762487972705, "max_depth": 5.0, "num_boost_round": 32.0}, "datetime": {"datetime": "2024-01-19 02:19:54", "elapsed": 7698.811763, "delta": 0.111588}}
{"target": -13.758458451332494, "params": {"gamma": 491.6400712636033, "log10_alpha": -2.781604890903659, "log10_colsample_bytree": -0.27494002649295146, "log10_eta": -3.7367407362362326, "log10_lambda": -4.6991726730967205, "log10_min_child_weight": 3.3491139567563444, "log10_subsample": -0.4511762487972705, "max_depth": 5.0, "num_boost_round": 33.0}, "datetime": {"datetime": "2024-01-19 02:19:54", "elapsed": 7698.819949, "delta": 0.008186}}
{"target": -13.758455213606005, "params": {"gamma": 491.6400712636033, "log10_alpha": -2.781604890903659, "log10_colsample_bytree": -0.27494002649295146, "log10_eta": -3.7367407362362326, "log10_lambda": -4.6991726730967205, "log10_min_child_weight": 3.3491139567563444, "log10_subsample": -0.4511762487972705, "max_depth": 5.0, "num_boost_round": 34.0}, "datetime": {"datetime": "2024-01-19 02:19:54", "elapsed": 7698.826805, "delta": 0.006856}}
{"target": -13.758451116453006, "params": {"gamma": 491.6400712636033, "log10_alpha": -2.781604890903659, "log10_colsample_bytree": -0.27494002649295146, "log10_eta": -3.7367407362362326, "log10_lambda": -4.6991726730967205, "log10_min_child_weight": 3.3491139567563444, "log10_subsample": -0.4511762487972705, "max_depth": 5.0, "num_boost_round": 35.0}, "datetime": {"datetime": "2024-01-19 02:19:54", "elapsed": 7698.83346, "delta": 0.006655}}
{"target": -13.758451613869756, "params": {"gamma": 491.6400712636033, "log10_alpha": -2.781604890903659, "log10_colsample_bytree": -0.27494002649295146, "log10_eta": -3.7367407362362326, "log10_lambda": -4.6991726730967205, "log10_min_child_weight": 3.3491139567563444, "log10_subsample": -0.4511762487972705, "max_depth": 5.0, "num_boost_round": 36.0}, "datetime": {"datetime": "2024-01-19 02:19:54", "elapsed": 7698.840036, "delta": 0.006576}}
{"target": -13.75845124811573, "params": {"gamma": 491.6400712636033, "log10_alpha": -2.781604890903659, "log10_colsample_bytree": -0.27494002649295146, "log10_eta": -3.7367407362362326, "log10_lambda": -4.6991726730967205, "log10_min_child_weight": 3.3491139567563444, "log10_subsample": -0.4511762487972705, "max_depth": 5.0, "num_boost_round": 37.0}, "datetime": {"datetime": "2024-01-19 02:19:54", "elapsed": 7698.846507, "delta": 0.006471}}
{"target": -13.75844979075772, "params": {"gamma": 491.6400712636033, "log10_alpha": -2.781604890903659, "log10_colsample_bytree": -0.27494002649295146, "log10_eta": -3.7367407362362326, "log10_lambda": -4.6991726730967205, "log10_min_child_weight": 3.3491139567563444, "log10_subsample": -0.4511762487972705, "max_depth": 5.0, "num_boost_round": 38.0}, "datetime": {"datetime": "2024-01-19 02:19:54", "elapsed": 7698.852959, "delta": 0.006452}}
{"target": -13.75844443212475, "params": {"gamma": 491.6400712636033, "log10_alpha": -2.781604890903659, "log10_colsample_bytree": -0.27494002649295146, "log10_eta": -3.7367407362362326, "log10_lambda": -4.6991726730967205, "log10_min_child_weight": 3.3491139567563444, "log10_subsample": -0.4511762487972705, "max_depth": 5.0, "num_boost_round": 39.0}, "datetime": {"datetime": "2024-01-19 02:19:54", "elapsed": 7698.859513, "delta": 0.006554}}
