{"target": -17.67652707122638, "params": {"gamma": 877.1895339139902, "log10_alpha": 0.7775125495836797, "log10_colsample_bytree": -0.07024308532376733, "log10_eta": -3.1096400043438077, "log10_lambda": -1.4566702044149373, "log10_min_child_weight": 0.2697981196025251, "log10_subsample": -0.8566328415805671, "max_depth": 4.0, "num_boost_round": 26.0}, "datetime": {"datetime": "2024-01-19 00:52:13", "elapsed": 2413.86545, "delta": 0.002776}}
{"target": -17.676524772803706, "params": {"gamma": 877.1895339139902, "log10_alpha": 0.7775125495836797, "log10_colsample_bytree": -0.07024308532376733, "log10_eta": -3.1096400043438077, "log10_lambda": -1.4566702044149373, "log10_min_child_weight": 0.2697981196025251, "log10_subsample": -0.8566328415805671, "max_depth": 4.0, "num_boost_round": 27.0}, "datetime": {"datetime": "2024-01-19 00:52:13", "elapsed": 2413.868325, "delta": 0.002875}}
{"target": -17.6764909756333, "params": {"gamma": 877.1895339139902, "log10_alpha": 0.7775125495836797, "log10_colsample_bytree": -0.07024308532376733, "log10_eta": -3.1096400043438077, "log10_lambda": -1.4566702044149373, "log10_min_child_weight": 0.2697981196025251, "log10_subsample": -0.8566328415805671, "max_depth": 4.0, "num_boost_round": 28.0}, "datetime": {"datetime": "2024-01-19 00:52:13", "elapsed": 2413.871112, "delta": 0.002787}}
{"target": -17.676432669761358, "params": {"gamma": 877.1895339139902, "log10_alpha": 0.7775125495836797, "log10_colsample_bytree": -0.07024308532376733, "log10_eta": -3.1096400043438077, "log10_lambda": -1.4566702044149373, "log10_min_child_weight": 0.2697981196025251, "log10_subsample": -0.8566328415805671, "max_depth": 4.0, "num_boost_round": 29.0}, "datetime": {"datetime": "2024-01-19 00:52:13", "elapsed": 2413.874054, "delta": 0.002942}}
{"target": -17.676419795101136, "params": {"gamma": 877.1895339139902, "log10_alpha": 0.7775125495836797, "log10_colsample_bytree": -0.07024308532376733, "log10_eta": -3.1096400043438077, "log10_lambda": -1.4566702044149373, "log10_min_child_weight": 0.2697981196025251, "log10_subsample": -0.8566328415805671, "max_depth": 4.0, "num_boost_round": 30.0}, "datetime": {"datetime": "2024-01-19 00:52:13", "elapsed": 2413.877085, "delta": 0.003031}}
{"target": -17.676402632060007, "params": {"gamma": 877.1895339139902, "log10_alpha": 0.7775125495836797, "log10_colsample_bytree": -0.07024308532376733, "log10_eta": -3.1096400043438077, "log10_lambda": -1.4566702044149373, "log10_min_child_weight": 0.2697981196025251, "log10_subsample": -0.8566328415805671, "max_depth": 4.0, "num_boost_round": 31.0}, "datetime": {"datetime": "2024-01-19 00:52:13", "elapsed": 2413.879909, "delta": 0.002824}}
{"target": -17.67635160290796, "params": {"gamma": 877.1895339139902, "log10_alpha": 0.7775125495836797, "log10_colsample_bytree": -0.07024308532376733, "log10_eta": -3.1096400043438077, "log10_lambda": -1.4566702044149373, "log10_min_child_weight": 0.2697981196025251, "log10_subsample": -0.8566328415805671, "max_depth": 4.0, "num_boost_round": 32.0}, "datetime": {"datetime": "2024-01-19 00:52:13", "elapsed": 2413.882816, "delta": 0.002907}}
{"target": -17.67633217593593, "params": {"gamma": 877.1895339139902, "log10_alpha": 0.7775125495836797, "log10_colsample_bytree": -0.07024308532376733, "log10_eta": -3.1096400043438077, "log10_lambda": -1.4566702044149373, "log10_min_child_weight": 0.2697981196025251, "log10_subsample": -0.8566328415805671, "max_depth": 4.0, "num_boost_round": 33.0}, "datetime": {"datetime": "2024-01-19 00:52:13", "elapsed": 2413.885631, "delta": 0.002815}}
{"target": -17.676252873221152, "params": {"gamma": 877.1895339139902, "log10_alpha": 0.7775125495836797, "log10_colsample_bytree": -0.07024308532376733, "log10_eta": -3.1096400043438077, "log10_lambda": -1.4566702044149373, "log10_min_child_weight": 0.2697981196025251, "log10_subsample": -0.8566328415805671, "max_depth": 4.0, "num_boost_round": 34.0}, "datetime": {"datetime": "2024-01-19 00:52:13", "elapsed": 2413.888446, "delta": 0.002815}}
{"target": -17.67647181598296, "params": {"gamma": 879.2398447813373, "log10_alpha": -1.5036082736959973, "log10_colsample_bytree": -0.24232613033818562, "log10_eta": -1.2583156471984829, "log10_lambda": 0.5672020480453002, "log10_min_child_weight": 3.6156658215079873, "log10_subsample": -0.012943866224655931, "max_depth": 5.0, "num_boost_round": 0.0}, "datetime": {"datetime": "2024-01-19 00:52:56", "elapsed": 2457.23565, "delta": 43.347204}}
{"target": -17.674678927013957, "params": {"gamma": 879.2398447813373, "log10_alpha": -1.5036082736959973, "log10_colsample_bytree": -0.24232613033818562, "log10_eta": -1.2583156471984829, "log10_lambda": 0.5672020480453002, "log10_min_child_weight": 3.6156658215079873, "log10_subsample": -0.012943866224655931, "max_depth": 5.0, "num_boost_round": 1.0}, "datetime": {"datetime": "2024-01-19 00:52:56", "elapsed": 2457.239443, "delta": 0.003793}}
{"target": -17.67415149619436, "params": {"gamma": 879.2398447813373, "log10_alpha": -1.5036082736959973, "log10_colsample_bytree": -0.24232613033818562, "log10_eta": -1.2583156471984829, "log10_lambda": 0.5672020480453002, "log10_min_child_weight": 3.6156658215079873, "log10_subsample": -0.012943866224655931, "max_depth": 5.0, "num_boost_round": 2.0}, "datetime": {"datetime": "2024-01-19 00:52:56", "elapsed": 2457.24258, "delta": 0.003137}}
{"target": -17.67404408876831, "params": {"gamma": 879.2398447813373, "log10_alpha": -1.5036082736959973, "log10_colsample_bytree": -0.24232613033818562, "log10_eta": -1.2583156471984829, "log10_lambda": 0.5672020480453002, "log10_min_child_weight": 3.6156658215079873, "log10_subsample": -0.012943866224655931, "max_depth": 5.0, "num_boost_round": 3.0}, "datetime": {"datetime": "2024-01-19 00:52:56", "elapsed": 2457.245422, "delta": 0.002842}}
{"target": -17.673969114086443, "params": {"gamma": 879.2398447813373, "log10_alpha": -1.5036082736959973, "log10_colsample_bytree": -0.24232613033818562, "log10_eta": -1.2583156471984829, "log10_lambda": 0.5672020480453002, "log10_min_child_weight": 3.6156658215079873, "log10_subsample": -0.012943866224655931, "max_depth": 5.0, "num_boost_round": 4.0}, "datetime": {"datetime": "2024-01-19 00:52:56", "elapsed": 2457.248153, "delta": 0.002731}}
{"target": -17.675384365092032, "params": {"gamma": 879.2398447813373, "log10_alpha": -1.5036082736959973, "log10_colsample_bytree": -0.24232613033818562, "log10_eta": -1.2583156471984829, "log10_lambda": 0.5672020480453002, "log10_min_child_weight": 3.6156658215079873, "log10_subsample": -0.012943866224655931, "max_depth": 5.0, "num_boost_round": 5.0}, "datetime": {"datetime": "2024-01-19 00:52:56", "elapsed": 2457.250894, "delta": 0.002741}}
{"target": -17.67686856276526, "params": {"gamma": 879.2398447813373, "log10_alpha": -1.5036082736959973, "log10_colsample_bytree": -0.24232613033818562, "log10_eta": -1.2583156471984829, "log10_lambda": 0.5672020480453002, "log10_min_child_weight": 3.6156658215079873, "log10_subsample": -0.012943866224655931, "max_depth": 5.0, "num_boost_round": 6.0}, "datetime": {"datetime": "2024-01-19 00:52:56", "elapsed": 2457.253747, "delta": 0.002853}}
{"target": -17.67921887825209, "params": {"gamma": 879.2398447813373, "log10_alpha": -1.5036082736959973, "log10_colsample_bytree": -0.24232613033818562, "log10_eta": -1.2583156471984829, "log10_lambda": 0.5672020480453002, "log10_min_child_weight": 3.6156658215079873, "log10_subsample": -0.012943866224655931, "max_depth": 5.0, "num_boost_round": 7.0}, "datetime": {"datetime": "2024-01-19 00:52:56", "elapsed": 2457.256471, "delta": 0.002724}}
{"target": -17.68293387321344, "params": {"gamma": 879.2398447813373, "log10_alpha": -1.5036082736959973, "log10_colsample_bytree": -0.24232613033818562, "log10_eta": -1.2583156471984829, "log10_lambda": 0.5672020480453002, "log10_min_child_weight": 3.6156658215079873, "log10_subsample": -0.012943866224655931, "max_depth": 5.0, "num_boost_round": 8.0}, "datetime": {"datetime": "2024-01-19 00:52:56", "elapsed": 2457.259265, "delta": 0.002794}}
{"target": -17.683735693137304, "params": {"gamma": 879.2398447813373, "log10_alpha": -1.5036082736959973, "log10_colsample_bytree": -0.24232613033818562, "log10_eta": -1.2583156471984829, "log10_lambda": 0.5672020480453002, "log10_min_child_weight": 3.6156658215079873, "log10_subsample": -0.012943866224655931, "max_depth": 5.0, "num_boost_round": 9.0}, "datetime": {"datetime": "2024-01-19 00:52:56", "elapsed": 2457.262163, "delta": 0.002898}}
{"target": -17.687325072634216, "params": {"gamma": 879.2398447813373, "log10_alpha": -1.5036082736959973, "log10_colsample_bytree": -0.24232613033818562, "log10_eta": -1.2583156471984829, "log10_lambda": 0.5672020480453002, "log10_min_child_weight": 3.6156658215079873, "log10_subsample": -0.012943866224655931, "max_depth": 5.0, "num_boost_round": 10.0}, "datetime": {"datetime": "2024-01-19 00:52:56", "elapsed": 2457.264926, "delta": 0.002763}}
{"target": -17.686819130736456, "params": {"gamma": 879.2398447813373, "log10_alpha": -1.5036082736959973, "log10_colsample_bytree": -0.24232613033818562, "log10_eta": -1.2583156471984829, "log10_lambda": 0.5672020480453002, "log10_min_child_weight": 3.6156658215079873, "log10_subsample": -0.012943866224655931, "max_depth": 5.0, "num_boost_round": 11.0}, "datetime": {"datetime": "2024-01-19 00:52:56", "elapsed": 2457.267715, "delta": 0.002789}}
{"target": -17.688113076268728, "params": {"gamma": 879.2398447813373, "log10_alpha": -1.5036082736959973, "log10_colsample_bytree": -0.24232613033818562, "log10_eta": -1.2583156471984829, "log10_lambda": 0.5672020480453002, "log10_min_child_weight": 3.6156658215079873, "log10_subsample": -0.012943866224655931, "max_depth": 5.0, "num_boost_round": 12.0}, "datetime": {"datetime": "2024-01-19 00:52:56", "elapsed": 2457.270466, "delta": 0.002751}}
{"target": -17.689084015458974, "params": {"gamma": 879.2398447813373, "log10_alpha": -1.5036082736959973, "log10_colsample_bytree": -0.24232613033818562, "log10_eta": -1.2583156471984829, "log10_lambda": 0.5672020480453002, "log10_min_child_weight": 3.6156658215079873, "log10_subsample": -0.012943866224655931, "max_depth": 5.0, "num_boost_round": 13.0}, "datetime": {"datetime": "2024-01-19 00:52:56", "elapsed": 2457.273363, "delta": 0.002897}}
{"target": -17.692004171806303, "params": {"gamma": 879.2398447813373, "log10_alpha": -1.5036082736959973, "log10_colsample_bytree": -0.24232613033818562, "log10_eta": -1.2583156471984829, "log10_lambda": 0.5672020480453002, "log10_min_child_weight": 3.6156658215079873, "log10_subsample": -0.012943866224655931, "max_depth": 5.0, "num_boost_round": 14.0}, "datetime": {"datetime": "2024-01-19 00:52:56", "elapsed": 2457.276336, "delta": 0.002973}}
{"target": -17.6904994537931, "params": {"gamma": 879.2398447813373, "log10_alpha": -1.5036082736959973, "log10_colsample_bytree": -0.24232613033818562, "log10_eta": -1.2583156471984829, "log10_lambda": 0.5672020480453002, "log10_min_child_weight": 3.6156658215079873, "log10_subsample": -0.012943866224655931, "max_depth": 5.0, "num_boost_round": 15.0}, "datetime": {"datetime": "2024-01-19 00:52:56", "elapsed": 2457.279191, "delta": 0.002855}}
{"target": -17.69087831267705, "params": {"gamma": 879.2398447813373, "log10_alpha": -1.5036082736959973, "log10_colsample_bytree": -0.24232613033818562, "log10_eta": -1.2583156471984829, "log10_lambda": 0.5672020480453002, "log10_min_child_weight": 3.6156658215079873, "log10_subsample": -0.012943866224655931, "max_depth": 5.0, "num_boost_round": 16.0}, "datetime": {"datetime": "2024-01-19 00:52:56", "elapsed": 2457.282044, "delta": 0.002853}}
{"target": -17.691380604094366, "params": {"gamma": 879.2398447813373, "log10_alpha": -1.5036082736959973, "log10_colsample_bytree": -0.24232613033818562, "log10_eta": -1.2583156471984829, "log10_lambda": 0.5672020480453002, "log10_min_child_weight": 3.6156658215079873, "log10_subsample": -0.012943866224655931, "max_depth": 5.0, "num_boost_round": 17.0}, "datetime": {"datetime": "2024-01-19 00:52:56", "elapsed": 2457.2849, "delta": 0.002856}}
{"target": -17.692837161173333, "params": {"gamma": 879.2398447813373, "log10_alpha": -1.5036082736959973, "log10_colsample_bytree": -0.24232613033818562, "log10_eta": -1.2583156471984829, "log10_lambda": 0.5672020480453002, "log10_min_child_weight": 3.6156658215079873, "log10_subsample": -0.012943866224655931, "max_depth": 5.0, "num_boost_round": 18.0}, "datetime": {"datetime": "2024-01-19 00:52:56", "elapsed": 2457.287643, "delta": 0.002743}}
{"target": -17.693370913211613, "params": {"gamma": 879.2398447813373, "log10_alpha": -1.5036082736959973, "log10_colsample_bytree": -0.24232613033818562, "log10_eta": -1.2583156471984829, "log10_lambda": 0.5672020480453002, "log10_min_child_weight": 3.6156658215079873, "log10_subsample": -0.012943866224655931, "max_depth": 5.0, "num_boost_round": 19.0}, "datetime": {"datetime": "2024-01-19 00:52:56", "elapsed": 2457.290367, "delta": 0.002724}}
{"target": -17.695387941492903, "params": {"gamma": 879.2398447813373, "log10_alpha": -1.5036082736959973, "log10_colsample_bytree": -0.24232613033818562, "log10_eta": -1.2583156471984829, "log10_lambda": 0.5672020480453002, "log10_min_child_weight": 3.6156658215079873, "log10_subsample": -0.012943866224655931, "max_depth": 5.0, "num_boost_round": 20.0}, "datetime": {"datetime": "2024-01-19 00:52:56", "elapsed": 2457.293105, "delta": 0.002738}}
{"target": -17.69782031221339, "params": {"gamma": 879.2398447813373, "log10_alpha": -1.5036082736959973, "log10_colsample_bytree": -0.24232613033818562, "log10_eta": -1.2583156471984829, "log10_lambda": 0.5672020480453002, "log10_min_child_weight": 3.6156658215079873, "log10_subsample": -0.012943866224655931, "max_depth": 5.0, "num_boost_round": 21.0}, "datetime": {"datetime": "2024-01-19 00:52:56", "elapsed": 2457.295901, "delta": 0.002796}}
{"target": -17.699805625331944, "params": {"gamma": 879.2398447813373, "log10_alpha": -1.5036082736959973, "log10_colsample_bytree": -0.24232613033818562, "log10_eta": -1.2583156471984829, "log10_lambda": 0.5672020480453002, "log10_min_child_weight": 3.6156658215079873, "log10_subsample": -0.012943866224655931, "max_depth": 5.0, "num_boost_round": 22.0}, "datetime": {"datetime": "2024-01-19 00:52:56", "elapsed": 2457.298688, "delta": 0.002787}}
{"target": -17.700486790438376, "params": {"gamma": 879.2398447813373, "log10_alpha": -1.5036082736959973, "log10_colsample_bytree": -0.24232613033818562, "log10_eta": -1.2583156471984829, "log10_lambda": 0.5672020480453002, "log10_min_child_weight": 3.6156658215079873, "log10_subsample": -0.012943866224655931, "max_depth": 5.0, "num_boost_round": 23.0}, "datetime": {"datetime": "2024-01-19 00:52:56", "elapsed": 2457.301474, "delta": 0.002786}}
{"target": -17.707028232953363, "params": {"gamma": 879.2398447813373, "log10_alpha": -1.5036082736959973, "log10_colsample_bytree": -0.24232613033818562, "log10_eta": -1.2583156471984829, "log10_lambda": 0.5672020480453002, "log10_min_child_weight": 3.6156658215079873, "log10_subsample": -0.012943866224655931, "max_depth": 5.0, "num_boost_round": 24.0}, "datetime": {"datetime": "2024-01-19 00:52:56", "elapsed": 2457.304255, "delta": 0.002781}}
{"target": -17.705923623010857, "params": {"gamma": 879.2398447813373, "log10_alpha": -1.5036082736959973, "log10_colsample_bytree": -0.24232613033818562, "log10_eta": -1.2583156471984829, "log10_lambda": 0.5672020480453002, "log10_min_child_weight": 3.6156658215079873, "log10_subsample": -0.012943866224655931, "max_depth": 5.0, "num_boost_round": 25.0}, "datetime": {"datetime": "2024-01-19 00:52:56", "elapsed": 2457.307042, "delta": 0.002787}}
{"target": -17.705359791928064, "params": {"gamma": 879.2398447813373, "log10_alpha": -1.5036082736959973, "log10_colsample_bytree": -0.24232613033818562, "log10_eta": -1.2583156471984829, "log10_lambda": 0.5672020480453002, "log10_min_child_weight": 3.6156658215079873, "log10_subsample": -0.012943866224655931, "max_depth": 5.0, "num_boost_round": 26.0}, "datetime": {"datetime": "2024-01-19 00:52:56", "elapsed": 2457.309837, "delta": 0.002795}}
{"target": -17.705435404776743, "params": {"gamma": 879.2398447813373, "log10_alpha": -1.5036082736959973, "log10_colsample_bytree": -0.24232613033818562, "log10_eta": -1.2583156471984829, "log10_lambda": 0.5672020480453002, "log10_min_child_weight": 3.6156658215079873, "log10_subsample": -0.012943866224655931, "max_depth": 5.0, "num_boost_round": 27.0}, "datetime": {"datetime": "2024-01-19 00:52:56", "elapsed": 2457.312611, "delta": 0.002774}}
{"target": -17.710114590464272, "params": {"gamma": 879.2398447813373, "log10_alpha": -1.5036082736959973, "log10_colsample_bytree": -0.24232613033818562, "log10_eta": -1.2583156471984829, "log10_lambda": 0.5672020480453002, "log10_min_child_weight": 3.6156658215079873, "log10_subsample": -0.012943866224655931, "max_depth": 5.0, "num_boost_round": 28.0}, "datetime": {"datetime": "2024-01-19 00:52:56", "elapsed": 2457.315392, "delta": 0.002781}}
{"target": -17.709340177714495, "params": {"gamma": 879.2398447813373, "log10_alpha": -1.5036082736959973, "log10_colsample_bytree": -0.24232613033818562, "log10_eta": -1.2583156471984829, "log10_lambda": 0.5672020480453002, "log10_min_child_weight": 3.6156658215079873, "log10_subsample": -0.012943866224655931, "max_depth": 5.0, "num_boost_round": 29.0}, "datetime": {"datetime": "2024-01-19 00:52:56", "elapsed": 2457.318202, "delta": 0.00281}}
{"target": -17.70937329146041, "params": {"gamma": 879.2398447813373, "log10_alpha": -1.5036082736959973, "log10_colsample_bytree": -0.24232613033818562, "log10_eta": -1.2583156471984829, "log10_lambda": 0.5672020480453002, "log10_min_child_weight": 3.6156658215079873, "log10_subsample": -0.012943866224655931, "max_depth": 5.0, "num_boost_round": 30.0}, "datetime": {"datetime": "2024-01-19 00:52:56", "elapsed": 2457.320973, "delta": 0.002771}}
{"target": -17.711435841555954, "params": {"gamma": 879.2398447813373, "log10_alpha": -1.5036082736959973, "log10_colsample_bytree": -0.24232613033818562, "log10_eta": -1.2583156471984829, "log10_lambda": 0.5672020480453002, "log10_min_child_weight": 3.6156658215079873, "log10_subsample": -0.012943866224655931, "max_depth": 5.0, "num_boost_round": 31.0}, "datetime": {"datetime": "2024-01-19 00:52:56", "elapsed": 2457.323753, "delta": 0.00278}}
{"target": -17.713372228657278, "params": {"gamma": 879.2398447813373, "log10_alpha": -1.5036082736959973, "log10_colsample_bytree": -0.24232613033818562, "log10_eta": -1.2583156471984829, "log10_lambda": 0.5672020480453002, "log10_min_child_weight": 3.6156658215079873, "log10_subsample": -0.012943866224655931, "max_depth": 5.0, "num_boost_round": 32.0}, "datetime": {"datetime": "2024-01-19 00:52:56", "elapsed": 2457.326541, "delta": 0.002788}}
{"target": -17.715708870605198, "params": {"gamma": 879.2398447813373, "log10_alpha": -1.5036082736959973, "log10_colsample_bytree": -0.24232613033818562, "log10_eta": -1.2583156471984829, "log10_lambda": 0.5672020480453002, "log10_min_child_weight": 3.6156658215079873, "log10_subsample": -0.012943866224655931, "max_depth": 5.0, "num_boost_round": 33.0}, "datetime": {"datetime": "2024-01-19 00:52:56", "elapsed": 2457.329334, "delta": 0.002793}}
{"target": -17.71708959794533, "params": {"gamma": 879.2398447813373, "log10_alpha": -1.5036082736959973, "log10_colsample_bytree": -0.24232613033818562, "log10_eta": -1.2583156471984829, "log10_lambda": 0.5672020480453002, "log10_min_child_weight": 3.6156658215079873, "log10_subsample": -0.012943866224655931, "max_depth": 5.0, "num_boost_round": 34.0}, "datetime": {"datetime": "2024-01-19 00:52:56", "elapsed": 2457.332135, "delta": 0.002801}}
{"target": -17.717850315114056, "params": {"gamma": 879.2398447813373, "log10_alpha": -1.5036082736959973, "log10_colsample_bytree": -0.24232613033818562, "log10_eta": -1.2583156471984829, "log10_lambda": 0.5672020480453002, "log10_min_child_weight": 3.6156658215079873, "log10_subsample": -0.012943866224655931, "max_depth": 5.0, "num_boost_round": 35.0}, "datetime": {"datetime": "2024-01-19 00:52:56", "elapsed": 2457.334944, "delta": 0.002809}}
{"target": -17.720939896689355, "params": {"gamma": 879.2398447813373, "log10_alpha": -1.5036082736959973, "log10_colsample_bytree": -0.24232613033818562, "log10_eta": -1.2583156471984829, "log10_lambda": 0.5672020480453002, "log10_min_child_weight": 3.6156658215079873, "log10_subsample": -0.012943866224655931, "max_depth": 5.0, "num_boost_round": 36.0}, "datetime": {"datetime": "2024-01-19 00:52:56", "elapsed": 2457.337765, "delta": 0.002821}}
{"target": -17.73010221551709, "params": {"gamma": 879.2398447813373, "log10_alpha": -1.5036082736959973, "log10_colsample_bytree": -0.24232613033818562, "log10_eta": -1.2583156471984829, "log10_lambda": 0.5672020480453002, "log10_min_child_weight": 3.6156658215079873, "log10_subsample": -0.012943866224655931, "max_depth": 5.0, "num_boost_round": 37.0}, "datetime": {"datetime": "2024-01-19 00:52:56", "elapsed": 2457.340546, "delta": 0.002781}}
{"target": -17.732305310131466, "params": {"gamma": 879.2398447813373, "log10_alpha": -1.5036082736959973, "log10_colsample_bytree": -0.24232613033818562, "log10_eta": -1.2583156471984829, "log10_lambda": 0.5672020480453002, "log10_min_child_weight": 3.6156658215079873, "log10_subsample": -0.012943866224655931, "max_depth": 5.0, "num_boost_round": 38.0}, "datetime": {"datetime": "2024-01-19 00:52:56", "elapsed": 2457.343332, "delta": 0.002786}}
{"target": -17.734265780352604, "params": {"gamma": 879.2398447813373, "log10_alpha": -1.5036082736959973, "log10_colsample_bytree": -0.24232613033818562, "log10_eta": -1.2583156471984829, "log10_lambda": 0.5672020480453002, "log10_min_child_weight": 3.6156658215079873, "log10_subsample": -0.012943866224655931, "max_depth": 5.0, "num_boost_round": 39.0}, "datetime": {"datetime": "2024-01-19 00:52:56", "elapsed": 2457.346112, "delta": 0.00278}}
