{"target": -17.677212023651208, "params": {"gamma": 873.3073951191056, "log10_alpha": -3.0887735240260095, "log10_colsample_bytree": -0.29475705555026255, "log10_eta": -3.9097647485961207, "log10_lambda": 0.6583075908837062, "log10_min_child_weight": 2.6435984495059186, "log10_subsample": -0.7532113166044876, "max_depth": 8.0, "num_boost_round": 2.0}, "datetime": {"datetime": "2024-01-19 02:08:58", "elapsed": 7019.623872, "delta": 0.006489}}
{"target": -17.677212036280427, "params": {"gamma": 873.3073951191056, "log10_alpha": -3.0887735240260095, "log10_colsample_bytree": -0.29475705555026255, "log10_eta": -3.9097647485961207, "log10_lambda": 0.6583075908837062, "log10_min_child_weight": 2.6435984495059186, "log10_subsample": -0.7532113166044876, "max_depth": 8.0, "num_boost_round": 3.0}, "datetime": {"datetime": "2024-01-19 02:08:58", "elapsed": 7019.629937, "delta": 0.006065}}
{"target": -17.677208339748155, "params": {"gamma": 873.3073951191056, "log10_alpha": -3.0887735240260095, "log10_colsample_bytree": -0.29475705555026255, "log10_eta": -3.9097647485961207, "log10_lambda": 0.6583075908837062, "log10_min_child_weight": 2.6435984495059186, "log10_subsample": -0.7532113166044876, "max_depth": 8.0, "num_boost_round": 4.0}, "datetime": {"datetime": "2024-01-19 02:08:58", "elapsed": 7019.635988, "delta": 0.006051}}
{"target": -17.677207376286592, "params": {"gamma": 873.3073951191056, "log10_alpha": -3.0887735240260095, "log10_colsample_bytree": -0.29475705555026255, "log10_eta": -3.9097647485961207, "log10_lambda": 0.6583075908837062, "log10_min_child_weight": 2.6435984495059186, "log10_subsample": -0.7532113166044876, "max_depth": 8.0, "num_boost_round": 5.0}, "datetime": {"datetime": "2024-01-19 02:08:58", "elapsed": 7019.642056, "delta": 0.006068}}
{"target": -17.677207124030442, "params": {"gamma": 873.3073951191056, "log10_alpha": -3.0887735240260095, "log10_colsample_bytree": -0.29475705555026255, "log10_eta": -3.9097647485961207, "log10_lambda": 0.6583075908837062, "log10_min_child_weight": 2.6435984495059186, "log10_subsample": -0.7532113166044876, "max_depth": 8.0, "num_boost_round": 6.0}, "datetime": {"datetime": "2024-01-19 02:08:58", "elapsed": 7019.64797, "delta": 0.005914}}
{"target": -17.677205776804083, "params": {"gamma": 873.3073951191056, "log10_alpha": -3.0887735240260095, "log10_colsample_bytree": -0.29475705555026255, "log10_eta": -3.9097647485961207, "log10_lambda": 0.6583075908837062, "log10_min_child_weight": 2.6435984495059186, "log10_subsample": -0.7532113166044876, "max_depth": 8.0, "num_boost_round": 7.0}, "datetime": {"datetime": "2024-01-19 02:08:59", "elapsed": 7019.654086, "delta": 0.006116}}
{"target": -17.677200230422905, "params": {"gamma": 873.3073951191056, "log10_alpha": -3.0887735240260095, "log10_colsample_bytree": -0.29475705555026255, "log10_eta": -3.9097647485961207, "log10_lambda": 0.6583075908837062, "log10_min_child_weight": 2.6435984495059186, "log10_subsample": -0.7532113166044876, "max_depth": 8.0, "num_boost_round": 8.0}, "datetime": {"datetime": "2024-01-19 02:08:59", "elapsed": 7019.660217, "delta": 0.006131}}
{"target": -17.677194722678962, "params": {"gamma": 873.3073951191056, "log10_alpha": -3.0887735240260095, "log10_colsample_bytree": -0.29475705555026255, "log10_eta": -3.9097647485961207, "log10_lambda": 0.6583075908837062, "log10_min_child_weight": 2.6435984495059186, "log10_subsample": -0.7532113166044876, "max_depth": 8.0, "num_boost_round": 9.0}, "datetime": {"datetime": "2024-01-19 02:08:59", "elapsed": 7019.666323, "delta": 0.006106}}
{"target": -17.67719617651548, "params": {"gamma": 873.3073951191056, "log10_alpha": -3.0887735240260095, "log10_colsample_bytree": -0.29475705555026255, "log10_eta": -3.9097647485961207, "log10_lambda": 0.6583075908837062, "log10_min_child_weight": 2.6435984495059186, "log10_subsample": -0.7532113166044876, "max_depth": 8.0, "num_boost_round": 10.0}, "datetime": {"datetime": "2024-01-19 02:08:59", "elapsed": 7019.803952, "delta": 0.137629}}
{"target": -17.677190894567556, "params": {"gamma": 873.3073951191056, "log10_alpha": -3.0887735240260095, "log10_colsample_bytree": -0.29475705555026255, "log10_eta": -3.9097647485961207, "log10_lambda": 0.6583075908837062, "log10_min_child_weight": 2.6435984495059186, "log10_subsample": -0.7532113166044876, "max_depth": 8.0, "num_boost_round": 11.0}, "datetime": {"datetime": "2024-01-19 02:08:59", "elapsed": 7019.812086, "delta": 0.008134}}
{"target": -17.677195396708484, "params": {"gamma": 873.3073951191056, "log10_alpha": -3.0887735240260095, "log10_colsample_bytree": -0.29475705555026255, "log10_eta": -3.9097647485961207, "log10_lambda": 0.6583075908837062, "log10_min_child_weight": 2.6435984495059186, "log10_subsample": -0.7532113166044876, "max_depth": 8.0, "num_boost_round": 12.0}, "datetime": {"datetime": "2024-01-19 02:08:59", "elapsed": 7019.819127, "delta": 0.007041}}
{"target": -17.67719052196572, "params": {"gamma": 873.3073951191056, "log10_alpha": -3.0887735240260095, "log10_colsample_bytree": -0.29475705555026255, "log10_eta": -3.9097647485961207, "log10_lambda": 0.6583075908837062, "log10_min_child_weight": 2.6435984495059186, "log10_subsample": -0.7532113166044876, "max_depth": 8.0, "num_boost_round": 13.0}, "datetime": {"datetime": "2024-01-19 02:08:59", "elapsed": 7019.825409, "delta": 0.006282}}
{"target": -17.67718073475461, "params": {"gamma": 873.3073951191056, "log10_alpha": -3.0887735240260095, "log10_colsample_bytree": -0.29475705555026255, "log10_eta": -3.9097647485961207, "log10_lambda": 0.6583075908837062, "log10_min_child_weight": 2.6435984495059186, "log10_subsample": -0.7532113166044876, "max_depth": 8.0, "num_boost_round": 14.0}, "datetime": {"datetime": "2024-01-19 02:08:59", "elapsed": 7019.831734, "delta": 0.006325}}
{"target": -17.677175398117498, "params": {"gamma": 873.3073951191056, "log10_alpha": -3.0887735240260095, "log10_colsample_bytree": -0.29475705555026255, "log10_eta": -3.9097647485961207, "log10_lambda": 0.6583075908837062, "log10_min_child_weight": 2.6435984495059186, "log10_subsample": -0.7532113166044876, "max_depth": 8.0, "num_boost_round": 15.0}, "datetime": {"datetime": "2024-01-19 02:08:59", "elapsed": 7019.837957, "delta": 0.006223}}
{"target": -17.677171198911108, "params": {"gamma": 873.3073951191056, "log10_alpha": -3.0887735240260095, "log10_colsample_bytree": -0.29475705555026255, "log10_eta": -3.9097647485961207, "log10_lambda": 0.6583075908837062, "log10_min_child_weight": 2.6435984495059186, "log10_subsample": -0.7532113166044876, "max_depth": 8.0, "num_boost_round": 16.0}, "datetime": {"datetime": "2024-01-19 02:08:59", "elapsed": 7019.844055, "delta": 0.006098}}
{"target": -17.677165449699128, "params": {"gamma": 873.3073951191056, "log10_alpha": -3.0887735240260095, "log10_colsample_bytree": -0.29475705555026255, "log10_eta": -3.9097647485961207, "log10_lambda": 0.6583075908837062, "log10_min_child_weight": 2.6435984495059186, "log10_subsample": -0.7532113166044876, "max_depth": 8.0, "num_boost_round": 17.0}, "datetime": {"datetime": "2024-01-19 02:08:59", "elapsed": 7019.850104, "delta": 0.006049}}
{"target": -17.67716170793892, "params": {"gamma": 873.3073951191056, "log10_alpha": -3.0887735240260095, "log10_colsample_bytree": -0.29475705555026255, "log10_eta": -3.9097647485961207, "log10_lambda": 0.6583075908837062, "log10_min_child_weight": 2.6435984495059186, "log10_subsample": -0.7532113166044876, "max_depth": 8.0, "num_boost_round": 18.0}, "datetime": {"datetime": "2024-01-19 02:08:59", "elapsed": 7019.856232, "delta": 0.006128}}
{"target": -17.67715562497436, "params": {"gamma": 873.3073951191056, "log10_alpha": -3.0887735240260095, "log10_colsample_bytree": -0.29475705555026255, "log10_eta": -3.9097647485961207, "log10_lambda": 0.6583075908837062, "log10_min_child_weight": 2.6435984495059186, "log10_subsample": -0.7532113166044876, "max_depth": 8.0, "num_boost_round": 19.0}, "datetime": {"datetime": "2024-01-19 02:08:59", "elapsed": 7019.862326, "delta": 0.006094}}
{"target": -17.67714990804661, "params": {"gamma": 873.3073951191056, "log10_alpha": -3.0887735240260095, "log10_colsample_bytree": -0.29475705555026255, "log10_eta": -3.9097647485961207, "log10_lambda": 0.6583075908837062, "log10_min_child_weight": 2.6435984495059186, "log10_subsample": -0.7532113166044876, "max_depth": 8.0, "num_boost_round": 20.0}, "datetime": {"datetime": "2024-01-19 02:08:59", "elapsed": 7019.868427, "delta": 0.006101}}
{"target": -17.67714663005744, "params": {"gamma": 873.3073951191056, "log10_alpha": -3.0887735240260095, "log10_colsample_bytree": -0.29475705555026255, "log10_eta": -3.9097647485961207, "log10_lambda": 0.6583075908837062, "log10_min_child_weight": 2.6435984495059186, "log10_subsample": -0.7532113166044876, "max_depth": 8.0, "num_boost_round": 21.0}, "datetime": {"datetime": "2024-01-19 02:08:59", "elapsed": 7019.87463, "delta": 0.006203}}
{"target": -17.677138735611905, "params": {"gamma": 873.3073951191056, "log10_alpha": -3.0887735240260095, "log10_colsample_bytree": -0.29475705555026255, "log10_eta": -3.9097647485961207, "log10_lambda": 0.6583075908837062, "log10_min_child_weight": 2.6435984495059186, "log10_subsample": -0.7532113166044876, "max_depth": 8.0, "num_boost_round": 22.0}, "datetime": {"datetime": "2024-01-19 02:08:59", "elapsed": 7019.880943, "delta": 0.006313}}
{"target": -17.67712996208563, "params": {"gamma": 873.3073951191056, "log10_alpha": -3.0887735240260095, "log10_colsample_bytree": -0.29475705555026255, "log10_eta": -3.9097647485961207, "log10_lambda": 0.6583075908837062, "log10_min_child_weight": 2.6435984495059186, "log10_subsample": -0.7532113166044876, "max_depth": 8.0, "num_boost_round": 23.0}, "datetime": {"datetime": "2024-01-19 02:08:59", "elapsed": 7019.887373, "delta": 0.00643}}
{"target": -17.677227248036314, "params": {"gamma": 854.6967177791457, "log10_alpha": -3.8809395161138447, "log10_colsample_bytree": -0.5048817932962895, "log10_eta": -3.614015542103649, "log10_lambda": 0.8474830896723109, "log10_min_child_weight": 2.2469631595743844, "log10_subsample": -0.004596480999414898, "max_depth": 2.0, "num_boost_round": 0.0}, "datetime": {"datetime": "2024-01-19 02:10:27", "elapsed": 7108.55199, "delta": 88.664617}}
{"target": -17.67722161516528, "params": {"gamma": 854.6967177791457, "log10_alpha": -3.8809395161138447, "log10_colsample_bytree": -0.5048817932962895, "log10_eta": -3.614015542103649, "log10_lambda": 0.8474830896723109, "log10_min_child_weight": 2.2469631595743844, "log10_subsample": -0.004596480999414898, "max_depth": 2.0, "num_boost_round": 1.0}, "datetime": {"datetime": "2024-01-19 02:10:27", "elapsed": 7108.559225, "delta": 0.007235}}
{"target": -17.67721445772877, "params": {"gamma": 854.6967177791457, "log10_alpha": -3.8809395161138447, "log10_colsample_bytree": -0.5048817932962895, "log10_eta": -3.614015542103649, "log10_lambda": 0.8474830896723109, "log10_min_child_weight": 2.2469631595743844, "log10_subsample": -0.004596480999414898, "max_depth": 2.0, "num_boost_round": 2.0}, "datetime": {"datetime": "2024-01-19 02:10:27", "elapsed": 7108.565392, "delta": 0.006167}}
{"target": -17.677209902473223, "params": {"gamma": 854.6967177791457, "log10_alpha": -3.8809395161138447, "log10_colsample_bytree": -0.5048817932962895, "log10_eta": -3.614015542103649, "log10_lambda": 0.8474830896723109, "log10_min_child_weight": 2.2469631595743844, "log10_subsample": -0.004596480999414898, "max_depth": 2.0, "num_boost_round": 3.0}, "datetime": {"datetime": "2024-01-19 02:10:27", "elapsed": 7108.571679, "delta": 0.006287}}
{"target": -17.677205805312266, "params": {"gamma": 854.6967177791457, "log10_alpha": -3.8809395161138447, "log10_colsample_bytree": -0.5048817932962895, "log10_eta": -3.614015542103649, "log10_lambda": 0.8474830896723109, "log10_min_child_weight": 2.2469631595743844, "log10_subsample": -0.004596480999414898, "max_depth": 2.0, "num_boost_round": 4.0}, "datetime": {"datetime": "2024-01-19 02:10:27", "elapsed": 7108.577946, "delta": 0.006267}}
{"target": -17.677201035221163, "params": {"gamma": 854.6967177791457, "log10_alpha": -3.8809395161138447, "log10_colsample_bytree": -0.5048817932962895, "log10_eta": -3.614015542103649, "log10_lambda": 0.8474830896723109, "log10_min_child_weight": 2.2469631595743844, "log10_subsample": -0.004596480999414898, "max_depth": 2.0, "num_boost_round": 5.0}, "datetime": {"datetime": "2024-01-19 02:10:27", "elapsed": 7108.584095, "delta": 0.006149}}
{"target": -17.67719820043339, "params": {"gamma": 854.6967177791457, "log10_alpha": -3.8809395161138447, "log10_colsample_bytree": -0.5048817932962895, "log10_eta": -3.614015542103649, "log10_lambda": 0.8474830896723109, "log10_min_child_weight": 2.2469631595743844, "log10_subsample": -0.004596480999414898, "max_depth": 2.0, "num_boost_round": 6.0}, "datetime": {"datetime": "2024-01-19 02:10:27", "elapsed": 7108.590395, "delta": 0.0063}}
{"target": -17.677193609307505, "params": {"gamma": 854.6967177791457, "log10_alpha": -3.8809395161138447, "log10_colsample_bytree": -0.5048817932962895, "log10_eta": -3.614015542103649, "log10_lambda": 0.8474830896723109, "log10_min_child_weight": 2.2469631595743844, "log10_subsample": -0.004596480999414898, "max_depth": 2.0, "num_boost_round": 7.0}, "datetime": {"datetime": "2024-01-19 02:10:27", "elapsed": 7108.596585, "delta": 0.00619}}
{"target": -17.67718819407172, "params": {"gamma": 854.6967177791457, "log10_alpha": -3.8809395161138447, "log10_colsample_bytree": -0.5048817932962895, "log10_eta": -3.614015542103649, "log10_lambda": 0.8474830896723109, "log10_min_child_weight": 2.2469631595743844, "log10_subsample": -0.004596480999414898, "max_depth": 2.0, "num_boost_round": 8.0}, "datetime": {"datetime": "2024-01-19 02:10:27", "elapsed": 7108.602912, "delta": 0.006327}}
{"target": -17.677179131145095, "params": {"gamma": 854.6967177791457, "log10_alpha": -3.8809395161138447, "log10_colsample_bytree": -0.5048817932962895, "log10_eta": -3.614015542103649, "log10_lambda": 0.8474830896723109, "log10_min_child_weight": 2.2469631595743844, "log10_subsample": -0.004596480999414898, "max_depth": 2.0, "num_boost_round": 9.0}, "datetime": {"datetime": "2024-01-19 02:10:27", "elapsed": 7108.609097, "delta": 0.006185}}
{"target": -17.677173023216817, "params": {"gamma": 854.6967177791457, "log10_alpha": -3.8809395161138447, "log10_colsample_bytree": -0.5048817932962895, "log10_eta": -3.614015542103649, "log10_lambda": 0.8474830896723109, "log10_min_child_weight": 2.2469631595743844, "log10_subsample": -0.004596480999414898, "max_depth": 2.0, "num_boost_round": 10.0}, "datetime": {"datetime": "2024-01-19 02:10:27", "elapsed": 7108.61533, "delta": 0.006233}}
{"target": -17.675669976573886, "params": {"gamma": 838.7572009321768, "log10_alpha": -1.889146985523471, "log10_colsample_bytree": -0.9508793876050256, "log10_eta": -1.6642817435556574, "log10_lambda": -4.461406191948045, "log10_min_child_weight": 2.1801771810090234, "log10_subsample": -0.10564318492872316, "max_depth": 8.0, "num_boost_round": 0.0}, "datetime": {"datetime": "2024-01-19 02:11:47", "elapsed": 7187.81729, "delta": 79.20196}}
{"target": -17.675103823797507, "params": {"gamma": 838.7572009321768, "log10_alpha": -1.889146985523471, "log10_colsample_bytree": -0.9508793876050256, "log10_eta": -1.6642817435556574, "log10_lambda": -4.461406191948045, "log10_min_child_weight": 2.1801771810090234, "log10_subsample": -0.10564318492872316, "max_depth": 8.0, "num_boost_round": 1.0}, "datetime": {"datetime": "2024-01-19 02:11:47", "elapsed": 7187.823764, "delta": 0.006474}}
{"target": -17.674580862946566, "params": {"gamma": 838.7572009321768, "log10_alpha": -1.889146985523471, "log10_colsample_bytree": -0.9508793876050256, "log10_eta": -1.6642817435556574, "log10_lambda": -4.461406191948045, "log10_min_child_weight": 2.1801771810090234, "log10_subsample": -0.10564318492872316, "max_depth": 8.0, "num_boost_round": 2.0}, "datetime": {"datetime": "2024-01-19 02:11:47", "elapsed": 7187.83012, "delta": 0.006356}}
{"target": -17.674129595814087, "params": {"gamma": 838.7572009321768, "log10_alpha": -1.889146985523471, "log10_colsample_bytree": -0.9508793876050256, "log10_eta": -1.6642817435556574, "log10_lambda": -4.461406191948045, "log10_min_child_weight": 2.1801771810090234, "log10_subsample": -0.10564318492872316, "max_depth": 8.0, "num_boost_round": 3.0}, "datetime": {"datetime": "2024-01-19 02:11:47", "elapsed": 7187.836386, "delta": 0.006266}}
{"target": -17.672735914130122, "params": {"gamma": 838.7572009321768, "log10_alpha": -1.889146985523471, "log10_colsample_bytree": -0.9508793876050256, "log10_eta": -1.6642817435556574, "log10_lambda": -4.461406191948045, "log10_min_child_weight": 2.1801771810090234, "log10_subsample": -0.10564318492872316, "max_depth": 8.0, "num_boost_round": 4.0}, "datetime": {"datetime": "2024-01-19 02:11:47", "elapsed": 7187.842821, "delta": 0.006435}}
{"target": -17.672424565661107, "params": {"gamma": 838.7572009321768, "log10_alpha": -1.889146985523471, "log10_colsample_bytree": -0.9508793876050256, "log10_eta": -1.6642817435556574, "log10_lambda": -4.461406191948045, "log10_min_child_weight": 2.1801771810090234, "log10_subsample": -0.10564318492872316, "max_depth": 8.0, "num_boost_round": 5.0}, "datetime": {"datetime": "2024-01-19 02:11:47", "elapsed": 7187.848759, "delta": 0.005938}}
{"target": -17.672935320734894, "params": {"gamma": 838.7572009321768, "log10_alpha": -1.889146985523471, "log10_colsample_bytree": -0.9508793876050256, "log10_eta": -1.6642817435556574, "log10_lambda": -4.461406191948045, "log10_min_child_weight": 2.1801771810090234, "log10_subsample": -0.10564318492872316, "max_depth": 8.0, "num_boost_round": 6.0}, "datetime": {"datetime": "2024-01-19 02:11:47", "elapsed": 7187.854811, "delta": 0.006052}}
{"target": -17.672119932130666, "params": {"gamma": 838.7572009321768, "log10_alpha": -1.889146985523471, "log10_colsample_bytree": -0.9508793876050256, "log10_eta": -1.6642817435556574, "log10_lambda": -4.461406191948045, "log10_min_child_weight": 2.1801771810090234, "log10_subsample": -0.10564318492872316, "max_depth": 8.0, "num_boost_round": 7.0}, "datetime": {"datetime": "2024-01-19 02:11:47", "elapsed": 7187.860947, "delta": 0.006136}}
{"target": -17.671994573042795, "params": {"gamma": 838.7572009321768, "log10_alpha": -1.889146985523471, "log10_colsample_bytree": -0.9508793876050256, "log10_eta": -1.6642817435556574, "log10_lambda": -4.461406191948045, "log10_min_child_weight": 2.1801771810090234, "log10_subsample": -0.10564318492872316, "max_depth": 8.0, "num_boost_round": 8.0}, "datetime": {"datetime": "2024-01-19 02:11:47", "elapsed": 7187.86697, "delta": 0.006023}}
{"target": -17.671997054775595, "params": {"gamma": 838.7572009321768, "log10_alpha": -1.889146985523471, "log10_colsample_bytree": -0.9508793876050256, "log10_eta": -1.6642817435556574, "log10_lambda": -4.461406191948045, "log10_min_child_weight": 2.1801771810090234, "log10_subsample": -0.10564318492872316, "max_depth": 8.0, "num_boost_round": 9.0}, "datetime": {"datetime": "2024-01-19 02:11:47", "elapsed": 7187.873215, "delta": 0.006245}}
{"target": -17.67129887952801, "params": {"gamma": 838.7572009321768, "log10_alpha": -1.889146985523471, "log10_colsample_bytree": -0.9508793876050256, "log10_eta": -1.6642817435556574, "log10_lambda": -4.461406191948045, "log10_min_child_weight": 2.1801771810090234, "log10_subsample": -0.10564318492872316, "max_depth": 8.0, "num_boost_round": 10.0}, "datetime": {"datetime": "2024-01-19 02:11:47", "elapsed": 7187.879586, "delta": 0.006371}}
{"target": -17.67052661296693, "params": {"gamma": 838.7572009321768, "log10_alpha": -1.889146985523471, "log10_colsample_bytree": -0.9508793876050256, "log10_eta": -1.6642817435556574, "log10_lambda": -4.461406191948045, "log10_min_child_weight": 2.1801771810090234, "log10_subsample": -0.10564318492872316, "max_depth": 8.0, "num_boost_round": 11.0}, "datetime": {"datetime": "2024-01-19 02:11:47", "elapsed": 7187.885637, "delta": 0.006051}}
{"target": -17.669979243168193, "params": {"gamma": 838.7572009321768, "log10_alpha": -1.889146985523471, "log10_colsample_bytree": -0.9508793876050256, "log10_eta": -1.6642817435556574, "log10_lambda": -4.461406191948045, "log10_min_child_weight": 2.1801771810090234, "log10_subsample": -0.10564318492872316, "max_depth": 8.0, "num_boost_round": 12.0}, "datetime": {"datetime": "2024-01-19 02:11:47", "elapsed": 7187.89181, "delta": 0.006173}}
{"target": -17.669505941178816, "params": {"gamma": 838.7572009321768, "log10_alpha": -1.889146985523471, "log10_colsample_bytree": -0.9508793876050256, "log10_eta": -1.6642817435556574, "log10_lambda": -4.461406191948045, "log10_min_child_weight": 2.1801771810090234, "log10_subsample": -0.10564318492872316, "max_depth": 8.0, "num_boost_round": 13.0}, "datetime": {"datetime": "2024-01-19 02:11:47", "elapsed": 7187.89794, "delta": 0.00613}}
{"target": -17.66883836520442, "params": {"gamma": 838.7572009321768, "log10_alpha": -1.889146985523471, "log10_colsample_bytree": -0.9508793876050256, "log10_eta": -1.6642817435556574, "log10_lambda": -4.461406191948045, "log10_min_child_weight": 2.1801771810090234, "log10_subsample": -0.10564318492872316, "max_depth": 8.0, "num_boost_round": 14.0}, "datetime": {"datetime": "2024-01-19 02:11:47", "elapsed": 7187.904594, "delta": 0.006654}}
{"target": -17.668385045625712, "params": {"gamma": 838.7572009321768, "log10_alpha": -1.889146985523471, "log10_colsample_bytree": -0.9508793876050256, "log10_eta": -1.6642817435556574, "log10_lambda": -4.461406191948045, "log10_min_child_weight": 2.1801771810090234, "log10_subsample": -0.10564318492872316, "max_depth": 8.0, "num_boost_round": 15.0}, "datetime": {"datetime": "2024-01-19 02:11:47", "elapsed": 7187.910942, "delta": 0.006348}}
