{"target": -17.677230417113304, "params": {"gamma": 736.5662564130237, "log10_alpha": -3.20629791960483, "log10_colsample_bytree": -0.20713185424394331, "log10_eta": -3.856726980000746, "log10_lambda": -1.3392396881930413, "log10_min_child_weight": 4.225745313215984, "log10_subsample": -0.5457790251930571, "max_depth": 3.0, "num_boost_round": 44.0}, "datetime": {"datetime": "2024-01-19 00:49:07", "elapsed": 2255.204359, "delta": 0.003278}}
{"target": -17.677229880354695, "params": {"gamma": 736.5662564130237, "log10_alpha": -3.20629791960483, "log10_colsample_bytree": -0.20713185424394331, "log10_eta": -3.856726980000746, "log10_lambda": -1.3392396881930413, "log10_min_child_weight": 4.225745313215984, "log10_subsample": -0.5457790251930571, "max_depth": 3.0, "num_boost_round": 45.0}, "datetime": {"datetime": "2024-01-19 00:49:07", "elapsed": 2255.207598, "delta": 0.003239}}
{"target": -17.677230907332802, "params": {"gamma": 736.5662564130237, "log10_alpha": -3.20629791960483, "log10_colsample_bytree": -0.20713185424394331, "log10_eta": -3.856726980000746, "log10_lambda": -1.3392396881930413, "log10_min_child_weight": 4.225745313215984, "log10_subsample": -0.5457790251930571, "max_depth": 3.0, "num_boost_round": 46.0}, "datetime": {"datetime": "2024-01-19 00:49:07", "elapsed": 2255.210879, "delta": 0.003281}}
{"target": -17.67723176662653, "params": {"gamma": 736.5662564130237, "log10_alpha": -3.20629791960483, "log10_colsample_bytree": -0.20713185424394331, "log10_eta": -3.856726980000746, "log10_lambda": -1.3392396881930413, "log10_min_child_weight": 4.225745313215984, "log10_subsample": -0.5457790251930571, "max_depth": 3.0, "num_boost_round": 47.0}, "datetime": {"datetime": "2024-01-19 00:49:07", "elapsed": 2255.214148, "delta": 0.003269}}
{"target": -17.677232039250118, "params": {"gamma": 736.5662564130237, "log10_alpha": -3.20629791960483, "log10_colsample_bytree": -0.20713185424394331, "log10_eta": -3.856726980000746, "log10_lambda": -1.3392396881930413, "log10_min_child_weight": 4.225745313215984, "log10_subsample": -0.5457790251930571, "max_depth": 3.0, "num_boost_round": 48.0}, "datetime": {"datetime": "2024-01-19 00:49:07", "elapsed": 2255.217386, "delta": 0.003238}}
{"target": -17.67723102402178, "params": {"gamma": 87.6395748284055, "log10_alpha": -5.0, "log10_colsample_bytree": -1.0, "log10_eta": -4.0, "log10_lambda": -5.0, "log10_min_child_weight": 0.0, "log10_subsample": -0.7315631728992226, "max_depth": 2.0, "num_boost_round": 0.0}, "datetime": {"datetime": "2024-01-19 00:50:05", "elapsed": 2312.661515, "delta": 57.444129}}
{"target": -17.67722733240543, "params": {"gamma": 87.6395748284055, "log10_alpha": -5.0, "log10_colsample_bytree": -1.0, "log10_eta": -4.0, "log10_lambda": -5.0, "log10_min_child_weight": 0.0, "log10_subsample": -0.7315631728992226, "max_depth": 2.0, "num_boost_round": 1.0}, "datetime": {"datetime": "2024-01-19 00:50:05", "elapsed": 2312.66509, "delta": 0.003575}}
{"target": -17.677225293862676, "params": {"gamma": 87.6395748284055, "log10_alpha": -5.0, "log10_colsample_bytree": -1.0, "log10_eta": -4.0, "log10_lambda": -5.0, "log10_min_child_weight": 0.0, "log10_subsample": -0.7315631728992226, "max_depth": 2.0, "num_boost_round": 2.0}, "datetime": {"datetime": "2024-01-19 00:50:05", "elapsed": 2312.668494, "delta": 0.003404}}
{"target": -17.67722433956731, "params": {"gamma": 87.6395748284055, "log10_alpha": -5.0, "log10_colsample_bytree": -1.0, "log10_eta": -4.0, "log10_lambda": -5.0, "log10_min_child_weight": 0.0, "log10_subsample": -0.7315631728992226, "max_depth": 2.0, "num_boost_round": 3.0}, "datetime": {"datetime": "2024-01-19 00:50:05", "elapsed": 2312.671636, "delta": 0.003142}}
{"target": -17.677222529034765, "params": {"gamma": 87.6395748284055, "log10_alpha": -5.0, "log10_colsample_bytree": -1.0, "log10_eta": -4.0, "log10_lambda": -5.0, "log10_min_child_weight": 0.0, "log10_subsample": -0.7315631728992226, "max_depth": 2.0, "num_boost_round": 4.0}, "datetime": {"datetime": "2024-01-19 00:50:05", "elapsed": 2312.674788, "delta": 0.003152}}
{"target": -17.677221324675457, "params": {"gamma": 87.6395748284055, "log10_alpha": -5.0, "log10_colsample_bytree": -1.0, "log10_eta": -4.0, "log10_lambda": -5.0, "log10_min_child_weight": 0.0, "log10_subsample": -0.7315631728992226, "max_depth": 2.0, "num_boost_round": 5.0}, "datetime": {"datetime": "2024-01-19 00:50:05", "elapsed": 2312.678136, "delta": 0.003348}}
{"target": -17.677220432083235, "params": {"gamma": 87.6395748284055, "log10_alpha": -5.0, "log10_colsample_bytree": -1.0, "log10_eta": -4.0, "log10_lambda": -5.0, "log10_min_child_weight": 0.0, "log10_subsample": -0.7315631728992226, "max_depth": 2.0, "num_boost_round": 6.0}, "datetime": {"datetime": "2024-01-19 00:50:05", "elapsed": 2312.681427, "delta": 0.003291}}
{"target": -17.677219045018298, "params": {"gamma": 87.6395748284055, "log10_alpha": -5.0, "log10_colsample_bytree": -1.0, "log10_eta": -4.0, "log10_lambda": -5.0, "log10_min_child_weight": 0.0, "log10_subsample": -0.7315631728992226, "max_depth": 2.0, "num_boost_round": 7.0}, "datetime": {"datetime": "2024-01-19 00:50:05", "elapsed": 2312.684609, "delta": 0.003182}}
{"target": -17.67721688800337, "params": {"gamma": 87.6395748284055, "log10_alpha": -5.0, "log10_colsample_bytree": -1.0, "log10_eta": -4.0, "log10_lambda": -5.0, "log10_min_child_weight": 0.0, "log10_subsample": -0.7315631728992226, "max_depth": 2.0, "num_boost_round": 8.0}, "datetime": {"datetime": "2024-01-19 00:50:05", "elapsed": 2312.687905, "delta": 0.003296}}
{"target": -17.677215230488986, "params": {"gamma": 87.6395748284055, "log10_alpha": -5.0, "log10_colsample_bytree": -1.0, "log10_eta": -4.0, "log10_lambda": -5.0, "log10_min_child_weight": 0.0, "log10_subsample": -0.7315631728992226, "max_depth": 2.0, "num_boost_round": 9.0}, "datetime": {"datetime": "2024-01-19 00:50:05", "elapsed": 2312.691153, "delta": 0.003248}}
{"target": -17.677214675237586, "params": {"gamma": 87.6395748284055, "log10_alpha": -5.0, "log10_colsample_bytree": -1.0, "log10_eta": -4.0, "log10_lambda": -5.0, "log10_min_child_weight": 0.0, "log10_subsample": -0.7315631728992226, "max_depth": 2.0, "num_boost_round": 10.0}, "datetime": {"datetime": "2024-01-19 00:50:05", "elapsed": 2312.694327, "delta": 0.003174}}
{"target": -17.67721253083404, "params": {"gamma": 87.6395748284055, "log10_alpha": -5.0, "log10_colsample_bytree": -1.0, "log10_eta": -4.0, "log10_lambda": -5.0, "log10_min_child_weight": 0.0, "log10_subsample": -0.7315631728992226, "max_depth": 2.0, "num_boost_round": 11.0}, "datetime": {"datetime": "2024-01-19 00:50:05", "elapsed": 2312.697561, "delta": 0.003234}}
{"target": -17.67721007593765, "params": {"gamma": 87.6395748284055, "log10_alpha": -5.0, "log10_colsample_bytree": -1.0, "log10_eta": -4.0, "log10_lambda": -5.0, "log10_min_child_weight": 0.0, "log10_subsample": -0.7315631728992226, "max_depth": 2.0, "num_boost_round": 12.0}, "datetime": {"datetime": "2024-01-19 00:50:05", "elapsed": 2312.700693, "delta": 0.003132}}
{"target": -17.67720776990292, "params": {"gamma": 87.6395748284055, "log10_alpha": -5.0, "log10_colsample_bytree": -1.0, "log10_eta": -4.0, "log10_lambda": -5.0, "log10_min_child_weight": 0.0, "log10_subsample": -0.7315631728992226, "max_depth": 2.0, "num_boost_round": 13.0}, "datetime": {"datetime": "2024-01-19 00:50:05", "elapsed": 2312.703824, "delta": 0.003131}}
{"target": -17.677205795332167, "params": {"gamma": 87.6395748284055, "log10_alpha": -5.0, "log10_colsample_bytree": -1.0, "log10_eta": -4.0, "log10_lambda": -5.0, "log10_min_child_weight": 0.0, "log10_subsample": -0.7315631728992226, "max_depth": 2.0, "num_boost_round": 14.0}, "datetime": {"datetime": "2024-01-19 00:50:05", "elapsed": 2312.706946, "delta": 0.003122}}
{"target": -17.67720451470796, "params": {"gamma": 87.6395748284055, "log10_alpha": -5.0, "log10_colsample_bytree": -1.0, "log10_eta": -4.0, "log10_lambda": -5.0, "log10_min_child_weight": 0.0, "log10_subsample": -0.7315631728992226, "max_depth": 2.0, "num_boost_round": 15.0}, "datetime": {"datetime": "2024-01-19 00:50:05", "elapsed": 2312.710149, "delta": 0.003203}}
{"target": -17.67720113728541, "params": {"gamma": 87.6395748284055, "log10_alpha": -5.0, "log10_colsample_bytree": -1.0, "log10_eta": -4.0, "log10_lambda": -5.0, "log10_min_child_weight": 0.0, "log10_subsample": -0.7315631728992226, "max_depth": 2.0, "num_boost_round": 16.0}, "datetime": {"datetime": "2024-01-19 00:50:05", "elapsed": 2312.713252, "delta": 0.003103}}
{"target": -17.677200358421658, "params": {"gamma": 87.6395748284055, "log10_alpha": -5.0, "log10_colsample_bytree": -1.0, "log10_eta": -4.0, "log10_lambda": -5.0, "log10_min_child_weight": 0.0, "log10_subsample": -0.7315631728992226, "max_depth": 2.0, "num_boost_round": 17.0}, "datetime": {"datetime": "2024-01-19 00:50:05", "elapsed": 2312.716456, "delta": 0.003204}}
{"target": -17.677198366607414, "params": {"gamma": 87.6395748284055, "log10_alpha": -5.0, "log10_colsample_bytree": -1.0, "log10_eta": -4.0, "log10_lambda": -5.0, "log10_min_child_weight": 0.0, "log10_subsample": -0.7315631728992226, "max_depth": 2.0, "num_boost_round": 18.0}, "datetime": {"datetime": "2024-01-19 00:50:05", "elapsed": 2312.719578, "delta": 0.003122}}
{"target": -17.677197674451097, "params": {"gamma": 87.6395748284055, "log10_alpha": -5.0, "log10_colsample_bytree": -1.0, "log10_eta": -4.0, "log10_lambda": -5.0, "log10_min_child_weight": 0.0, "log10_subsample": -0.7315631728992226, "max_depth": 2.0, "num_boost_round": 19.0}, "datetime": {"datetime": "2024-01-19 00:50:05", "elapsed": 2312.722744, "delta": 0.003166}}
{"target": -17.67719730013012, "params": {"gamma": 87.6395748284055, "log10_alpha": -5.0, "log10_colsample_bytree": -1.0, "log10_eta": -4.0, "log10_lambda": -5.0, "log10_min_child_weight": 0.0, "log10_subsample": -0.7315631728992226, "max_depth": 2.0, "num_boost_round": 20.0}, "datetime": {"datetime": "2024-01-19 00:50:05", "elapsed": 2312.725904, "delta": 0.00316}}
{"target": -17.67719394549632, "params": {"gamma": 87.6395748284055, "log10_alpha": -5.0, "log10_colsample_bytree": -1.0, "log10_eta": -4.0, "log10_lambda": -5.0, "log10_min_child_weight": 0.0, "log10_subsample": -0.7315631728992226, "max_depth": 2.0, "num_boost_round": 21.0}, "datetime": {"datetime": "2024-01-19 00:50:05", "elapsed": 2312.729146, "delta": 0.003242}}
{"target": -17.677192181332963, "params": {"gamma": 87.6395748284055, "log10_alpha": -5.0, "log10_colsample_bytree": -1.0, "log10_eta": -4.0, "log10_lambda": -5.0, "log10_min_child_weight": 0.0, "log10_subsample": -0.7315631728992226, "max_depth": 2.0, "num_boost_round": 22.0}, "datetime": {"datetime": "2024-01-19 00:50:05", "elapsed": 2312.732405, "delta": 0.003259}}
{"target": -17.677188459187402, "params": {"gamma": 87.6395748284055, "log10_alpha": -5.0, "log10_colsample_bytree": -1.0, "log10_eta": -4.0, "log10_lambda": -5.0, "log10_min_child_weight": 0.0, "log10_subsample": -0.7315631728992226, "max_depth": 2.0, "num_boost_round": 23.0}, "datetime": {"datetime": "2024-01-19 00:50:05", "elapsed": 2312.735504, "delta": 0.003099}}
{"target": -17.677188593437698, "params": {"gamma": 87.6395748284055, "log10_alpha": -5.0, "log10_colsample_bytree": -1.0, "log10_eta": -4.0, "log10_lambda": -5.0, "log10_min_child_weight": 0.0, "log10_subsample": -0.7315631728992226, "max_depth": 2.0, "num_boost_round": 24.0}, "datetime": {"datetime": "2024-01-19 00:50:05", "elapsed": 2312.738671, "delta": 0.003167}}
{"target": -17.67718618684456, "params": {"gamma": 87.6395748284055, "log10_alpha": -5.0, "log10_colsample_bytree": -1.0, "log10_eta": -4.0, "log10_lambda": -5.0, "log10_min_child_weight": 0.0, "log10_subsample": -0.7315631728992226, "max_depth": 2.0, "num_boost_round": 25.0}, "datetime": {"datetime": "2024-01-19 00:50:05", "elapsed": 2312.741817, "delta": 0.003146}}
{"target": -17.677183754047398, "params": {"gamma": 87.6395748284055, "log10_alpha": -5.0, "log10_colsample_bytree": -1.0, "log10_eta": -4.0, "log10_lambda": -5.0, "log10_min_child_weight": 0.0, "log10_subsample": -0.7315631728992226, "max_depth": 2.0, "num_boost_round": 26.0}, "datetime": {"datetime": "2024-01-19 00:50:05", "elapsed": 2312.74494, "delta": 0.003123}}
{"target": -17.677181056924024, "params": {"gamma": 87.6395748284055, "log10_alpha": -5.0, "log10_colsample_bytree": -1.0, "log10_eta": -4.0, "log10_lambda": -5.0, "log10_min_child_weight": 0.0, "log10_subsample": -0.7315631728992226, "max_depth": 2.0, "num_boost_round": 27.0}, "datetime": {"datetime": "2024-01-19 00:50:05", "elapsed": 2312.748074, "delta": 0.003134}}
{"target": -17.677180495491644, "params": {"gamma": 87.6395748284055, "log10_alpha": -5.0, "log10_colsample_bytree": -1.0, "log10_eta": -4.0, "log10_lambda": -5.0, "log10_min_child_weight": 0.0, "log10_subsample": -0.7315631728992226, "max_depth": 2.0, "num_boost_round": 28.0}, "datetime": {"datetime": "2024-01-19 00:50:05", "elapsed": 2312.751197, "delta": 0.003123}}
{"target": -17.67717700181776, "params": {"gamma": 87.6395748284055, "log10_alpha": -5.0, "log10_colsample_bytree": -1.0, "log10_eta": -4.0, "log10_lambda": -5.0, "log10_min_child_weight": 0.0, "log10_subsample": -0.7315631728992226, "max_depth": 2.0, "num_boost_round": 29.0}, "datetime": {"datetime": "2024-01-19 00:50:05", "elapsed": 2312.754268, "delta": 0.003071}}
{"target": -17.677175131853833, "params": {"gamma": 87.6395748284055, "log10_alpha": -5.0, "log10_colsample_bytree": -1.0, "log10_eta": -4.0, "log10_lambda": -5.0, "log10_min_child_weight": 0.0, "log10_subsample": -0.7315631728992226, "max_depth": 2.0, "num_boost_round": 30.0}, "datetime": {"datetime": "2024-01-19 00:50:05", "elapsed": 2312.757413, "delta": 0.003145}}
{"target": -17.677172840045028, "params": {"gamma": 87.6395748284055, "log10_alpha": -5.0, "log10_colsample_bytree": -1.0, "log10_eta": -4.0, "log10_lambda": -5.0, "log10_min_child_weight": 0.0, "log10_subsample": -0.7315631728992226, "max_depth": 2.0, "num_boost_round": 31.0}, "datetime": {"datetime": "2024-01-19 00:50:05", "elapsed": 2312.760478, "delta": 0.003065}}
{"target": -17.677171520845768, "params": {"gamma": 87.6395748284055, "log10_alpha": -5.0, "log10_colsample_bytree": -1.0, "log10_eta": -4.0, "log10_lambda": -5.0, "log10_min_child_weight": 0.0, "log10_subsample": -0.7315631728992226, "max_depth": 2.0, "num_boost_round": 32.0}, "datetime": {"datetime": "2024-01-19 00:50:05", "elapsed": 2312.76358, "delta": 0.003102}}
{"target": -17.677167645717084, "params": {"gamma": 87.6395748284055, "log10_alpha": -5.0, "log10_colsample_bytree": -1.0, "log10_eta": -4.0, "log10_lambda": -5.0, "log10_min_child_weight": 0.0, "log10_subsample": -0.7315631728992226, "max_depth": 2.0, "num_boost_round": 33.0}, "datetime": {"datetime": "2024-01-19 00:50:05", "elapsed": 2312.766641, "delta": 0.003061}}
{"target": -17.677166105930816, "params": {"gamma": 87.6395748284055, "log10_alpha": -5.0, "log10_colsample_bytree": -1.0, "log10_eta": -4.0, "log10_lambda": -5.0, "log10_min_child_weight": 0.0, "log10_subsample": -0.7315631728992226, "max_depth": 2.0, "num_boost_round": 34.0}, "datetime": {"datetime": "2024-01-19 00:50:05", "elapsed": 2312.769811, "delta": 0.00317}}
{"target": -17.677164697262484, "params": {"gamma": 87.6395748284055, "log10_alpha": -5.0, "log10_colsample_bytree": -1.0, "log10_eta": -4.0, "log10_lambda": -5.0, "log10_min_child_weight": 0.0, "log10_subsample": -0.7315631728992226, "max_depth": 2.0, "num_boost_round": 35.0}, "datetime": {"datetime": "2024-01-19 00:50:05", "elapsed": 2312.772932, "delta": 0.003121}}
{"target": -17.67716322686427, "params": {"gamma": 87.6395748284055, "log10_alpha": -5.0, "log10_colsample_bytree": -1.0, "log10_eta": -4.0, "log10_lambda": -5.0, "log10_min_child_weight": 0.0, "log10_subsample": -0.7315631728992226, "max_depth": 2.0, "num_boost_round": 36.0}, "datetime": {"datetime": "2024-01-19 00:50:05", "elapsed": 2312.77601, "delta": 0.003078}}
{"target": -17.67716283381894, "params": {"gamma": 87.6395748284055, "log10_alpha": -5.0, "log10_colsample_bytree": -1.0, "log10_eta": -4.0, "log10_lambda": -5.0, "log10_min_child_weight": 0.0, "log10_subsample": -0.7315631728992226, "max_depth": 2.0, "num_boost_round": 37.0}, "datetime": {"datetime": "2024-01-19 00:50:05", "elapsed": 2312.779373, "delta": 0.003363}}
{"target": -17.677161421229965, "params": {"gamma": 87.6395748284055, "log10_alpha": -5.0, "log10_colsample_bytree": -1.0, "log10_eta": -4.0, "log10_lambda": -5.0, "log10_min_child_weight": 0.0, "log10_subsample": -0.7315631728992226, "max_depth": 2.0, "num_boost_round": 38.0}, "datetime": {"datetime": "2024-01-19 00:50:05", "elapsed": 2312.782621, "delta": 0.003248}}
{"target": -17.67715989544056, "params": {"gamma": 87.6395748284055, "log10_alpha": -5.0, "log10_colsample_bytree": -1.0, "log10_eta": -4.0, "log10_lambda": -5.0, "log10_min_child_weight": 0.0, "log10_subsample": -0.7315631728992226, "max_depth": 2.0, "num_boost_round": 39.0}, "datetime": {"datetime": "2024-01-19 00:50:05", "elapsed": 2312.785715, "delta": 0.003094}}
{"target": -17.677157698802194, "params": {"gamma": 87.6395748284055, "log10_alpha": -5.0, "log10_colsample_bytree": -1.0, "log10_eta": -4.0, "log10_lambda": -5.0, "log10_min_child_weight": 0.0, "log10_subsample": -0.7315631728992226, "max_depth": 2.0, "num_boost_round": 40.0}, "datetime": {"datetime": "2024-01-19 00:50:05", "elapsed": 2312.789, "delta": 0.003285}}
{"target": -17.677155853056835, "params": {"gamma": 87.6395748284055, "log10_alpha": -5.0, "log10_colsample_bytree": -1.0, "log10_eta": -4.0, "log10_lambda": -5.0, "log10_min_child_weight": 0.0, "log10_subsample": -0.7315631728992226, "max_depth": 2.0, "num_boost_round": 41.0}, "datetime": {"datetime": "2024-01-19 00:50:05", "elapsed": 2312.792106, "delta": 0.003106}}
{"target": -17.67715517260296, "params": {"gamma": 87.6395748284055, "log10_alpha": -5.0, "log10_colsample_bytree": -1.0, "log10_eta": -4.0, "log10_lambda": -5.0, "log10_min_child_weight": 0.0, "log10_subsample": -0.7315631728992226, "max_depth": 2.0, "num_boost_round": 42.0}, "datetime": {"datetime": "2024-01-19 00:50:05", "elapsed": 2312.795223, "delta": 0.003117}}
{"target": -17.677152751655946, "params": {"gamma": 87.6395748284055, "log10_alpha": -5.0, "log10_colsample_bytree": -1.0, "log10_eta": -4.0, "log10_lambda": -5.0, "log10_min_child_weight": 0.0, "log10_subsample": -0.7315631728992226, "max_depth": 2.0, "num_boost_round": 43.0}, "datetime": {"datetime": "2024-01-19 00:50:05", "elapsed": 2312.798421, "delta": 0.003198}}
{"target": -17.677152118993266, "params": {"gamma": 87.6395748284055, "log10_alpha": -5.0, "log10_colsample_bytree": -1.0, "log10_eta": -4.0, "log10_lambda": -5.0, "log10_min_child_weight": 0.0, "log10_subsample": -0.7315631728992226, "max_depth": 2.0, "num_boost_round": 44.0}, "datetime": {"datetime": "2024-01-19 00:50:05", "elapsed": 2312.801555, "delta": 0.003134}}
{"target": -17.677150897373572, "params": {"gamma": 87.6395748284055, "log10_alpha": -5.0, "log10_colsample_bytree": -1.0, "log10_eta": -4.0, "log10_lambda": -5.0, "log10_min_child_weight": 0.0, "log10_subsample": -0.7315631728992226, "max_depth": 2.0, "num_boost_round": 45.0}, "datetime": {"datetime": "2024-01-19 00:50:05", "elapsed": 2312.80464, "delta": 0.003085}}
{"target": -17.677149724188084, "params": {"gamma": 87.6395748284055, "log10_alpha": -5.0, "log10_colsample_bytree": -1.0, "log10_eta": -4.0, "log10_lambda": -5.0, "log10_min_child_weight": 0.0, "log10_subsample": -0.7315631728992226, "max_depth": 2.0, "num_boost_round": 46.0}, "datetime": {"datetime": "2024-01-19 00:50:05", "elapsed": 2312.807816, "delta": 0.003176}}
{"target": -17.677146996670206, "params": {"gamma": 87.6395748284055, "log10_alpha": -5.0, "log10_colsample_bytree": -1.0, "log10_eta": -4.0, "log10_lambda": -5.0, "log10_min_child_weight": 0.0, "log10_subsample": -0.7315631728992226, "max_depth": 2.0, "num_boost_round": 47.0}, "datetime": {"datetime": "2024-01-19 00:50:05", "elapsed": 2312.811021, "delta": 0.003205}}
{"target": -17.677145115367768, "params": {"gamma": 87.6395748284055, "log10_alpha": -5.0, "log10_colsample_bytree": -1.0, "log10_eta": -4.0, "log10_lambda": -5.0, "log10_min_child_weight": 0.0, "log10_subsample": -0.7315631728992226, "max_depth": 2.0, "num_boost_round": 48.0}, "datetime": {"datetime": "2024-01-19 00:50:05", "elapsed": 2312.814184, "delta": 0.003163}}
{"target": -17.677226140462977, "params": {"gamma": 711.5835219496407, "log10_alpha": -1.0875715212819612, "log10_colsample_bytree": -0.2541531500317865, "log10_eta": -3.922179284809591, "log10_lambda": 0.3779948781795621, "log10_min_child_weight": 0.562342775604755, "log10_subsample": -0.47305454347177434, "max_depth": 4.0, "num_boost_round": 0.0}, "datetime": {"datetime": "2024-01-19 00:51:09", "elapsed": 2376.770317, "delta": 63.956133}}
{"target": -17.677219106771147, "params": {"gamma": 711.5835219496407, "log10_alpha": -1.0875715212819612, "log10_colsample_bytree": -0.2541531500317865, "log10_eta": -3.922179284809591, "log10_lambda": 0.3779948781795621, "log10_min_child_weight": 0.562342775604755, "log10_subsample": -0.47305454347177434, "max_depth": 4.0, "num_boost_round": 1.0}, "datetime": {"datetime": "2024-01-19 00:51:09", "elapsed": 2376.773806, "delta": 0.003489}}
{"target": -17.677217534473666, "params": {"gamma": 711.5835219496407, "log10_alpha": -1.0875715212819612, "log10_colsample_bytree": -0.2541531500317865, "log10_eta": -3.922179284809591, "log10_lambda": 0.3779948781795621, "log10_min_child_weight": 0.562342775604755, "log10_subsample": -0.47305454347177434, "max_depth": 4.0, "num_boost_round": 2.0}, "datetime": {"datetime": "2024-01-19 00:51:09", "elapsed": 2376.777344, "delta": 0.003538}}
