{"target": -17.676051037932034, "params": {"gamma": 540.5222339884604, "log10_alpha": -2.1686575632862857, "log10_colsample_bytree": -0.9352320578993361, "log10_eta": -2.5612411553234358, "log10_lambda": -4.208035871603945, "log10_min_child_weight": 2.660749329152998, "log10_subsample": -0.9124516303558643, "max_depth": 6.0, "num_boost_round": 16.0}, "datetime": {"datetime": "2024-01-19 00:22:14", "elapsed": 631.460594, "delta": 0.000989}}
{"target": -17.676050922502068, "params": {"gamma": 540.5222339884604, "log10_alpha": -2.1686575632862857, "log10_colsample_bytree": -0.9352320578993361, "log10_eta": -2.5612411553234358, "log10_lambda": -4.208035871603945, "log10_min_child_weight": 2.660749329152998, "log10_subsample": -0.9124516303558643, "max_depth": 6.0, "num_boost_round": 17.0}, "datetime": {"datetime": "2024-01-19 00:22:14", "elapsed": 631.461553, "delta": 0.000959}}
{"target": -17.676027034748852, "params": {"gamma": 540.5222339884604, "log10_alpha": -2.1686575632862857, "log10_colsample_bytree": -0.9352320578993361, "log10_eta": -2.5612411553234358, "log10_lambda": -4.208035871603945, "log10_min_child_weight": 2.660749329152998, "log10_subsample": -0.9124516303558643, "max_depth": 6.0, "num_boost_round": 18.0}, "datetime": {"datetime": "2024-01-19 00:22:14", "elapsed": 631.46251, "delta": 0.000957}}
{"target": -17.67590512880592, "params": {"gamma": 540.5222339884604, "log10_alpha": -2.1686575632862857, "log10_colsample_bytree": -0.9352320578993361, "log10_eta": -2.5612411553234358, "log10_lambda": -4.208035871603945, "log10_min_child_weight": 2.660749329152998, "log10_subsample": -0.9124516303558643, "max_depth": 6.0, "num_boost_round": 19.0}, "datetime": {"datetime": "2024-01-19 00:22:14", "elapsed": 631.463473, "delta": 0.000963}}
{"target": -17.675781765718796, "params": {"gamma": 540.5222339884604, "log10_alpha": -2.1686575632862857, "log10_colsample_bytree": -0.9352320578993361, "log10_eta": -2.5612411553234358, "log10_lambda": -4.208035871603945, "log10_min_child_weight": 2.660749329152998, "log10_subsample": -0.9124516303558643, "max_depth": 6.0, "num_boost_round": 20.0}, "datetime": {"datetime": "2024-01-19 00:22:14", "elapsed": 631.464435, "delta": 0.000962}}
{"target": -17.67562795191035, "params": {"gamma": 540.5222339884604, "log10_alpha": -2.1686575632862857, "log10_colsample_bytree": -0.9352320578993361, "log10_eta": -2.5612411553234358, "log10_lambda": -4.208035871603945, "log10_min_child_weight": 2.660749329152998, "log10_subsample": -0.9124516303558643, "max_depth": 6.0, "num_boost_round": 21.0}, "datetime": {"datetime": "2024-01-19 00:22:14", "elapsed": 631.46539, "delta": 0.000955}}
{"target": -17.675501450697837, "params": {"gamma": 540.5222339884604, "log10_alpha": -2.1686575632862857, "log10_colsample_bytree": -0.9352320578993361, "log10_eta": -2.5612411553234358, "log10_lambda": -4.208035871603945, "log10_min_child_weight": 2.660749329152998, "log10_subsample": -0.9124516303558643, "max_depth": 6.0, "num_boost_round": 22.0}, "datetime": {"datetime": "2024-01-19 00:22:14", "elapsed": 631.46636, "delta": 0.00097}}
{"target": -17.67527899060866, "params": {"gamma": 540.5222339884604, "log10_alpha": -2.1686575632862857, "log10_colsample_bytree": -0.9352320578993361, "log10_eta": -2.5612411553234358, "log10_lambda": -4.208035871603945, "log10_min_child_weight": 2.660749329152998, "log10_subsample": -0.9124516303558643, "max_depth": 6.0, "num_boost_round": 23.0}, "datetime": {"datetime": "2024-01-19 00:22:14", "elapsed": 631.467321, "delta": 0.000961}}
{"target": -17.675310561438263, "params": {"gamma": 540.5222339884604, "log10_alpha": -2.1686575632862857, "log10_colsample_bytree": -0.9352320578993361, "log10_eta": -2.5612411553234358, "log10_lambda": -4.208035871603945, "log10_min_child_weight": 2.660749329152998, "log10_subsample": -0.9124516303558643, "max_depth": 6.0, "num_boost_round": 24.0}, "datetime": {"datetime": "2024-01-19 00:22:14", "elapsed": 631.468284, "delta": 0.000963}}
{"target": -17.675111442812263, "params": {"gamma": 540.5222339884604, "log10_alpha": -2.1686575632862857, "log10_colsample_bytree": -0.9352320578993361, "log10_eta": -2.5612411553234358, "log10_lambda": -4.208035871603945, "log10_min_child_weight": 2.660749329152998, "log10_subsample": -0.9124516303558643, "max_depth": 6.0, "num_boost_round": 25.0}, "datetime": {"datetime": "2024-01-19 00:22:14", "elapsed": 631.469321, "delta": 0.001037}}
{"target": -17.675107630637577, "params": {"gamma": 540.5222339884604, "log10_alpha": -2.1686575632862857, "log10_colsample_bytree": -0.9352320578993361, "log10_eta": -2.5612411553234358, "log10_lambda": -4.208035871603945, "log10_min_child_weight": 2.660749329152998, "log10_subsample": -0.9124516303558643, "max_depth": 6.0, "num_boost_round": 26.0}, "datetime": {"datetime": "2024-01-19 00:22:14", "elapsed": 631.470284, "delta": 0.000963}}
{"target": -17.67503458328258, "params": {"gamma": 540.5222339884604, "log10_alpha": -2.1686575632862857, "log10_colsample_bytree": -0.9352320578993361, "log10_eta": -2.5612411553234358, "log10_lambda": -4.208035871603945, "log10_min_child_weight": 2.660749329152998, "log10_subsample": -0.9124516303558643, "max_depth": 6.0, "num_boost_round": 27.0}, "datetime": {"datetime": "2024-01-19 00:22:14", "elapsed": 631.471242, "delta": 0.000958}}
{"target": -17.67498318942082, "params": {"gamma": 540.5222339884604, "log10_alpha": -2.1686575632862857, "log10_colsample_bytree": -0.9352320578993361, "log10_eta": -2.5612411553234358, "log10_lambda": -4.208035871603945, "log10_min_child_weight": 2.660749329152998, "log10_subsample": -0.9124516303558643, "max_depth": 6.0, "num_boost_round": 28.0}, "datetime": {"datetime": "2024-01-19 00:22:14", "elapsed": 631.472207, "delta": 0.000965}}
{"target": -17.67496425074036, "params": {"gamma": 540.5222339884604, "log10_alpha": -2.1686575632862857, "log10_colsample_bytree": -0.9352320578993361, "log10_eta": -2.5612411553234358, "log10_lambda": -4.208035871603945, "log10_min_child_weight": 2.660749329152998, "log10_subsample": -0.9124516303558643, "max_depth": 6.0, "num_boost_round": 29.0}, "datetime": {"datetime": "2024-01-19 00:22:14", "elapsed": 631.473218, "delta": 0.001011}}
{"target": -17.674967716878196, "params": {"gamma": 540.5222339884604, "log10_alpha": -2.1686575632862857, "log10_colsample_bytree": -0.9352320578993361, "log10_eta": -2.5612411553234358, "log10_lambda": -4.208035871603945, "log10_min_child_weight": 2.660749329152998, "log10_subsample": -0.9124516303558643, "max_depth": 6.0, "num_boost_round": 30.0}, "datetime": {"datetime": "2024-01-19 00:22:14", "elapsed": 631.474189, "delta": 0.000971}}
{"target": -17.6749204739806, "params": {"gamma": 540.5222339884604, "log10_alpha": -2.1686575632862857, "log10_colsample_bytree": -0.9352320578993361, "log10_eta": -2.5612411553234358, "log10_lambda": -4.208035871603945, "log10_min_child_weight": 2.660749329152998, "log10_subsample": -0.9124516303558643, "max_depth": 6.0, "num_boost_round": 31.0}, "datetime": {"datetime": "2024-01-19 00:22:14", "elapsed": 631.475162, "delta": 0.000973}}
{"target": -17.67677364205577, "params": {"gamma": 538.9441049789782, "log10_alpha": -0.023252919861953103, "log10_colsample_bytree": -0.7428780305776189, "log10_eta": -1.9390136384716437, "log10_lambda": -0.3595542765762252, "log10_min_child_weight": 1.2888674065330785, "log10_subsample": -0.645071587401002, "max_depth": 4.0, "num_boost_round": 0.0}, "datetime": {"datetime": "2024-01-19 00:22:37", "elapsed": 655.305649, "delta": 23.830487}}
{"target": -17.676150895444717, "params": {"gamma": 538.9441049789782, "log10_alpha": -0.023252919861953103, "log10_colsample_bytree": -0.7428780305776189, "log10_eta": -1.9390136384716437, "log10_lambda": -0.3595542765762252, "log10_min_child_weight": 1.2888674065330785, "log10_subsample": -0.645071587401002, "max_depth": 4.0, "num_boost_round": 1.0}, "datetime": {"datetime": "2024-01-19 00:22:37", "elapsed": 655.306803, "delta": 0.001154}}
{"target": -17.675511205347558, "params": {"gamma": 538.9441049789782, "log10_alpha": -0.023252919861953103, "log10_colsample_bytree": -0.7428780305776189, "log10_eta": -1.9390136384716437, "log10_lambda": -0.3595542765762252, "log10_min_child_weight": 1.2888674065330785, "log10_subsample": -0.645071587401002, "max_depth": 4.0, "num_boost_round": 2.0}, "datetime": {"datetime": "2024-01-19 00:22:37", "elapsed": 655.307816, "delta": 0.001013}}
{"target": -17.675354266230666, "params": {"gamma": 538.9441049789782, "log10_alpha": -0.023252919861953103, "log10_colsample_bytree": -0.7428780305776189, "log10_eta": -1.9390136384716437, "log10_lambda": -0.3595542765762252, "log10_min_child_weight": 1.2888674065330785, "log10_subsample": -0.645071587401002, "max_depth": 4.0, "num_boost_round": 3.0}, "datetime": {"datetime": "2024-01-19 00:22:37", "elapsed": 655.308795, "delta": 0.000979}}
{"target": -17.675161321063385, "params": {"gamma": 538.9441049789782, "log10_alpha": -0.023252919861953103, "log10_colsample_bytree": -0.7428780305776189, "log10_eta": -1.9390136384716437, "log10_lambda": -0.3595542765762252, "log10_min_child_weight": 1.2888674065330785, "log10_subsample": -0.645071587401002, "max_depth": 4.0, "num_boost_round": 4.0}, "datetime": {"datetime": "2024-01-19 00:22:37", "elapsed": 655.309776, "delta": 0.000981}}
{"target": -17.674824267484013, "params": {"gamma": 538.9441049789782, "log10_alpha": -0.023252919861953103, "log10_colsample_bytree": -0.7428780305776189, "log10_eta": -1.9390136384716437, "log10_lambda": -0.3595542765762252, "log10_min_child_weight": 1.2888674065330785, "log10_subsample": -0.645071587401002, "max_depth": 4.0, "num_boost_round": 5.0}, "datetime": {"datetime": "2024-01-19 00:22:37", "elapsed": 655.310768, "delta": 0.000992}}
{"target": -17.675011182326767, "params": {"gamma": 538.9441049789782, "log10_alpha": -0.023252919861953103, "log10_colsample_bytree": -0.7428780305776189, "log10_eta": -1.9390136384716437, "log10_lambda": -0.3595542765762252, "log10_min_child_weight": 1.2888674065330785, "log10_subsample": -0.645071587401002, "max_depth": 4.0, "num_boost_round": 6.0}, "datetime": {"datetime": "2024-01-19 00:22:37", "elapsed": 655.311747, "delta": 0.000979}}
{"target": -17.674619598436294, "params": {"gamma": 538.9441049789782, "log10_alpha": -0.023252919861953103, "log10_colsample_bytree": -0.7428780305776189, "log10_eta": -1.9390136384716437, "log10_lambda": -0.3595542765762252, "log10_min_child_weight": 1.2888674065330785, "log10_subsample": -0.645071587401002, "max_depth": 4.0, "num_boost_round": 7.0}, "datetime": {"datetime": "2024-01-19 00:22:37", "elapsed": 655.312719, "delta": 0.000972}}
{"target": -17.674211694931714, "params": {"gamma": 538.9441049789782, "log10_alpha": -0.023252919861953103, "log10_colsample_bytree": -0.7428780305776189, "log10_eta": -1.9390136384716437, "log10_lambda": -0.3595542765762252, "log10_min_child_weight": 1.2888674065330785, "log10_subsample": -0.645071587401002, "max_depth": 4.0, "num_boost_round": 8.0}, "datetime": {"datetime": "2024-01-19 00:22:37", "elapsed": 655.313951, "delta": 0.001232}}
{"target": -17.674039898155744, "params": {"gamma": 538.9441049789782, "log10_alpha": -0.023252919861953103, "log10_colsample_bytree": -0.7428780305776189, "log10_eta": -1.9390136384716437, "log10_lambda": -0.3595542765762252, "log10_min_child_weight": 1.2888674065330785, "log10_subsample": -0.645071587401002, "max_depth": 4.0, "num_boost_round": 9.0}, "datetime": {"datetime": "2024-01-19 00:22:37", "elapsed": 655.314965, "delta": 0.001014}}
{"target": -17.673620917004122, "params": {"gamma": 538.9441049789782, "log10_alpha": -0.023252919861953103, "log10_colsample_bytree": -0.7428780305776189, "log10_eta": -1.9390136384716437, "log10_lambda": -0.3595542765762252, "log10_min_child_weight": 1.2888674065330785, "log10_subsample": -0.645071587401002, "max_depth": 4.0, "num_boost_round": 10.0}, "datetime": {"datetime": "2024-01-19 00:22:37", "elapsed": 655.315959, "delta": 0.000994}}
{"target": -17.673376485556076, "params": {"gamma": 538.9441049789782, "log10_alpha": -0.023252919861953103, "log10_colsample_bytree": -0.7428780305776189, "log10_eta": -1.9390136384716437, "log10_lambda": -0.3595542765762252, "log10_min_child_weight": 1.2888674065330785, "log10_subsample": -0.645071587401002, "max_depth": 4.0, "num_boost_round": 11.0}, "datetime": {"datetime": "2024-01-19 00:22:37", "elapsed": 655.316965, "delta": 0.001006}}
{"target": -17.672808353762687, "params": {"gamma": 538.9441049789782, "log10_alpha": -0.023252919861953103, "log10_colsample_bytree": -0.7428780305776189, "log10_eta": -1.9390136384716437, "log10_lambda": -0.3595542765762252, "log10_min_child_weight": 1.2888674065330785, "log10_subsample": -0.645071587401002, "max_depth": 4.0, "num_boost_round": 12.0}, "datetime": {"datetime": "2024-01-19 00:22:37", "elapsed": 655.318572, "delta": 0.001607}}
{"target": -17.67209361304612, "params": {"gamma": 538.9441049789782, "log10_alpha": -0.023252919861953103, "log10_colsample_bytree": -0.7428780305776189, "log10_eta": -1.9390136384716437, "log10_lambda": -0.3595542765762252, "log10_min_child_weight": 1.2888674065330785, "log10_subsample": -0.645071587401002, "max_depth": 4.0, "num_boost_round": 13.0}, "datetime": {"datetime": "2024-01-19 00:22:37", "elapsed": 655.319631, "delta": 0.001059}}
{"target": -17.672166175968652, "params": {"gamma": 538.9441049789782, "log10_alpha": -0.023252919861953103, "log10_colsample_bytree": -0.7428780305776189, "log10_eta": -1.9390136384716437, "log10_lambda": -0.3595542765762252, "log10_min_child_weight": 1.2888674065330785, "log10_subsample": -0.645071587401002, "max_depth": 4.0, "num_boost_round": 14.0}, "datetime": {"datetime": "2024-01-19 00:22:37", "elapsed": 655.320627, "delta": 0.000996}}
{"target": -17.672040357967308, "params": {"gamma": 538.9441049789782, "log10_alpha": -0.023252919861953103, "log10_colsample_bytree": -0.7428780305776189, "log10_eta": -1.9390136384716437, "log10_lambda": -0.3595542765762252, "log10_min_child_weight": 1.2888674065330785, "log10_subsample": -0.645071587401002, "max_depth": 4.0, "num_boost_round": 15.0}, "datetime": {"datetime": "2024-01-19 00:22:37", "elapsed": 655.321617, "delta": 0.00099}}
{"target": -17.67193483140833, "params": {"gamma": 538.9441049789782, "log10_alpha": -0.023252919861953103, "log10_colsample_bytree": -0.7428780305776189, "log10_eta": -1.9390136384716437, "log10_lambda": -0.3595542765762252, "log10_min_child_weight": 1.2888674065330785, "log10_subsample": -0.645071587401002, "max_depth": 4.0, "num_boost_round": 16.0}, "datetime": {"datetime": "2024-01-19 00:22:37", "elapsed": 655.322612, "delta": 0.000995}}
{"target": -17.67165380751503, "params": {"gamma": 538.9441049789782, "log10_alpha": -0.023252919861953103, "log10_colsample_bytree": -0.7428780305776189, "log10_eta": -1.9390136384716437, "log10_lambda": -0.3595542765762252, "log10_min_child_weight": 1.2888674065330785, "log10_subsample": -0.645071587401002, "max_depth": 4.0, "num_boost_round": 17.0}, "datetime": {"datetime": "2024-01-19 00:22:37", "elapsed": 655.323601, "delta": 0.000989}}
{"target": -17.671703726843223, "params": {"gamma": 538.9441049789782, "log10_alpha": -0.023252919861953103, "log10_colsample_bytree": -0.7428780305776189, "log10_eta": -1.9390136384716437, "log10_lambda": -0.3595542765762252, "log10_min_child_weight": 1.2888674065330785, "log10_subsample": -0.645071587401002, "max_depth": 4.0, "num_boost_round": 18.0}, "datetime": {"datetime": "2024-01-19 00:22:37", "elapsed": 655.324592, "delta": 0.000991}}
{"target": -17.671596095689555, "params": {"gamma": 538.9441049789782, "log10_alpha": -0.023252919861953103, "log10_colsample_bytree": -0.7428780305776189, "log10_eta": -1.9390136384716437, "log10_lambda": -0.3595542765762252, "log10_min_child_weight": 1.2888674065330785, "log10_subsample": -0.645071587401002, "max_depth": 4.0, "num_boost_round": 19.0}, "datetime": {"datetime": "2024-01-19 00:22:37", "elapsed": 655.325582, "delta": 0.00099}}
{"target": -17.671342290830463, "params": {"gamma": 538.9441049789782, "log10_alpha": -0.023252919861953103, "log10_colsample_bytree": -0.7428780305776189, "log10_eta": -1.9390136384716437, "log10_lambda": -0.3595542765762252, "log10_min_child_weight": 1.2888674065330785, "log10_subsample": -0.645071587401002, "max_depth": 4.0, "num_boost_round": 20.0}, "datetime": {"datetime": "2024-01-19 00:22:37", "elapsed": 655.326601, "delta": 0.001019}}
{"target": -17.67112550375305, "params": {"gamma": 538.9441049789782, "log10_alpha": -0.023252919861953103, "log10_colsample_bytree": -0.7428780305776189, "log10_eta": -1.9390136384716437, "log10_lambda": -0.3595542765762252, "log10_min_child_weight": 1.2888674065330785, "log10_subsample": -0.645071587401002, "max_depth": 4.0, "num_boost_round": 21.0}, "datetime": {"datetime": "2024-01-19 00:22:37", "elapsed": 655.327602, "delta": 0.001001}}
{"target": -17.67089569953118, "params": {"gamma": 538.9441049789782, "log10_alpha": -0.023252919861953103, "log10_colsample_bytree": -0.7428780305776189, "log10_eta": -1.9390136384716437, "log10_lambda": -0.3595542765762252, "log10_min_child_weight": 1.2888674065330785, "log10_subsample": -0.645071587401002, "max_depth": 4.0, "num_boost_round": 22.0}, "datetime": {"datetime": "2024-01-19 00:22:37", "elapsed": 655.328595, "delta": 0.000993}}
{"target": -17.670223421872354, "params": {"gamma": 538.9441049789782, "log10_alpha": -0.023252919861953103, "log10_colsample_bytree": -0.7428780305776189, "log10_eta": -1.9390136384716437, "log10_lambda": -0.3595542765762252, "log10_min_child_weight": 1.2888674065330785, "log10_subsample": -0.645071587401002, "max_depth": 4.0, "num_boost_round": 23.0}, "datetime": {"datetime": "2024-01-19 00:22:37", "elapsed": 655.330074, "delta": 0.001479}}
{"target": -17.670293015961818, "params": {"gamma": 538.9441049789782, "log10_alpha": -0.023252919861953103, "log10_colsample_bytree": -0.7428780305776189, "log10_eta": -1.9390136384716437, "log10_lambda": -0.3595542765762252, "log10_min_child_weight": 1.2888674065330785, "log10_subsample": -0.645071587401002, "max_depth": 4.0, "num_boost_round": 24.0}, "datetime": {"datetime": "2024-01-19 00:22:37", "elapsed": 655.331156, "delta": 0.001082}}
{"target": -17.670464295342374, "params": {"gamma": 538.9441049789782, "log10_alpha": -0.023252919861953103, "log10_colsample_bytree": -0.7428780305776189, "log10_eta": -1.9390136384716437, "log10_lambda": -0.3595542765762252, "log10_min_child_weight": 1.2888674065330785, "log10_subsample": -0.645071587401002, "max_depth": 4.0, "num_boost_round": 25.0}, "datetime": {"datetime": "2024-01-19 00:22:37", "elapsed": 655.332349, "delta": 0.001193}}
{"target": -17.670546106694502, "params": {"gamma": 538.9441049789782, "log10_alpha": -0.023252919861953103, "log10_colsample_bytree": -0.7428780305776189, "log10_eta": -1.9390136384716437, "log10_lambda": -0.3595542765762252, "log10_min_child_weight": 1.2888674065330785, "log10_subsample": -0.645071587401002, "max_depth": 4.0, "num_boost_round": 26.0}, "datetime": {"datetime": "2024-01-19 00:22:37", "elapsed": 655.333467, "delta": 0.001118}}
{"target": -17.670336960236504, "params": {"gamma": 538.9441049789782, "log10_alpha": -0.023252919861953103, "log10_colsample_bytree": -0.7428780305776189, "log10_eta": -1.9390136384716437, "log10_lambda": -0.3595542765762252, "log10_min_child_weight": 1.2888674065330785, "log10_subsample": -0.645071587401002, "max_depth": 4.0, "num_boost_round": 27.0}, "datetime": {"datetime": "2024-01-19 00:22:37", "elapsed": 655.334615, "delta": 0.001148}}
{"target": -17.675577069078514, "params": {"gamma": 546.9319508681102, "log10_alpha": 0.987321795155375, "log10_colsample_bytree": -0.37651808734116987, "log10_eta": -1.2740517566531508, "log10_lambda": -1.4882587320287648, "log10_min_child_weight": 2.7233098290530307, "log10_subsample": -0.43133304124176075, "max_depth": 3.0, "num_boost_round": 0.0}, "datetime": {"datetime": "2024-01-19 00:23:04", "elapsed": 681.914663, "delta": 26.580048}}
{"target": -17.67371616785037, "params": {"gamma": 546.9319508681102, "log10_alpha": 0.987321795155375, "log10_colsample_bytree": -0.37651808734116987, "log10_eta": -1.2740517566531508, "log10_lambda": -1.4882587320287648, "log10_min_child_weight": 2.7233098290530307, "log10_subsample": -0.43133304124176075, "max_depth": 3.0, "num_boost_round": 1.0}, "datetime": {"datetime": "2024-01-19 00:23:04", "elapsed": 681.916098, "delta": 0.001435}}
{"target": -17.67247030995137, "params": {"gamma": 546.9319508681102, "log10_alpha": 0.987321795155375, "log10_colsample_bytree": -0.37651808734116987, "log10_eta": -1.2740517566531508, "log10_lambda": -1.4882587320287648, "log10_min_child_weight": 2.7233098290530307, "log10_subsample": -0.43133304124176075, "max_depth": 3.0, "num_boost_round": 2.0}, "datetime": {"datetime": "2024-01-19 00:23:04", "elapsed": 681.918012, "delta": 0.001914}}
{"target": -17.672955010207964, "params": {"gamma": 546.9319508681102, "log10_alpha": 0.987321795155375, "log10_colsample_bytree": -0.37651808734116987, "log10_eta": -1.2740517566531508, "log10_lambda": -1.4882587320287648, "log10_min_child_weight": 2.7233098290530307, "log10_subsample": -0.43133304124176075, "max_depth": 3.0, "num_boost_round": 3.0}, "datetime": {"datetime": "2024-01-19 00:23:04", "elapsed": 681.919588, "delta": 0.001576}}
{"target": -17.671772439579534, "params": {"gamma": 546.9319508681102, "log10_alpha": 0.987321795155375, "log10_colsample_bytree": -0.37651808734116987, "log10_eta": -1.2740517566531508, "log10_lambda": -1.4882587320287648, "log10_min_child_weight": 2.7233098290530307, "log10_subsample": -0.43133304124176075, "max_depth": 3.0, "num_boost_round": 4.0}, "datetime": {"datetime": "2024-01-19 00:23:04", "elapsed": 681.92062, "delta": 0.001032}}
