{"target": -13.758382228062423, "params": {"gamma": 876.1132001866132, "log10_alpha": -3.8097040036207472, "log10_colsample_bytree": -0.784265461233482, "log10_eta": -3.2581008176789457, "log10_lambda": 0.06544350856255043, "log10_min_child_weight": 3.011704021884587, "log10_subsample": -0.4421556182174661, "max_depth": 9.0, "num_boost_round": 10.0}, "datetime": {"datetime": "2024-01-19 00:48:40", "elapsed": 2224.848875, "delta": 0.003048}}
{"target": -13.758373292709017, "params": {"gamma": 876.1132001866132, "log10_alpha": -3.8097040036207472, "log10_colsample_bytree": -0.784265461233482, "log10_eta": -3.2581008176789457, "log10_lambda": 0.06544350856255043, "log10_min_child_weight": 3.011704021884587, "log10_subsample": -0.4421556182174661, "max_depth": 9.0, "num_boost_round": 11.0}, "datetime": {"datetime": "2024-01-19 00:48:40", "elapsed": 2224.852057, "delta": 0.003182}}
{"target": -13.758362663758303, "params": {"gamma": 876.1132001866132, "log10_alpha": -3.8097040036207472, "log10_colsample_bytree": -0.784265461233482, "log10_eta": -3.2581008176789457, "log10_lambda": 0.06544350856255043, "log10_min_child_weight": 3.011704021884587, "log10_subsample": -0.4421556182174661, "max_depth": 9.0, "num_boost_round": 12.0}, "datetime": {"datetime": "2024-01-19 00:48:40", "elapsed": 2224.85514, "delta": 0.003083}}
{"target": -13.758344334767598, "params": {"gamma": 876.1132001866132, "log10_alpha": -3.8097040036207472, "log10_colsample_bytree": -0.784265461233482, "log10_eta": -3.2581008176789457, "log10_lambda": 0.06544350856255043, "log10_min_child_weight": 3.011704021884587, "log10_subsample": -0.4421556182174661, "max_depth": 9.0, "num_boost_round": 13.0}, "datetime": {"datetime": "2024-01-19 00:48:40", "elapsed": 2224.858166, "delta": 0.003026}}
{"target": -13.758332087727048, "params": {"gamma": 876.1132001866132, "log10_alpha": -3.8097040036207472, "log10_colsample_bytree": -0.784265461233482, "log10_eta": -3.2581008176789457, "log10_lambda": 0.06544350856255043, "log10_min_child_weight": 3.011704021884587, "log10_subsample": -0.4421556182174661, "max_depth": 9.0, "num_boost_round": 14.0}, "datetime": {"datetime": "2024-01-19 00:48:40", "elapsed": 2224.861187, "delta": 0.003021}}
{"target": -13.758317556104055, "params": {"gamma": 876.1132001866132, "log10_alpha": -3.8097040036207472, "log10_colsample_bytree": -0.784265461233482, "log10_eta": -3.2581008176789457, "log10_lambda": 0.06544350856255043, "log10_min_child_weight": 3.011704021884587, "log10_subsample": -0.4421556182174661, "max_depth": 9.0, "num_boost_round": 15.0}, "datetime": {"datetime": "2024-01-19 00:48:40", "elapsed": 2224.864188, "delta": 0.003001}}
{"target": -13.758307834982562, "params": {"gamma": 876.1132001866132, "log10_alpha": -3.8097040036207472, "log10_colsample_bytree": -0.784265461233482, "log10_eta": -3.2581008176789457, "log10_lambda": 0.06544350856255043, "log10_min_child_weight": 3.011704021884587, "log10_subsample": -0.4421556182174661, "max_depth": 9.0, "num_boost_round": 16.0}, "datetime": {"datetime": "2024-01-19 00:48:40", "elapsed": 2224.867197, "delta": 0.003009}}
{"target": -13.75830424573953, "params": {"gamma": 876.1132001866132, "log10_alpha": -3.8097040036207472, "log10_colsample_bytree": -0.784265461233482, "log10_eta": -3.2581008176789457, "log10_lambda": 0.06544350856255043, "log10_min_child_weight": 3.011704021884587, "log10_subsample": -0.4421556182174661, "max_depth": 9.0, "num_boost_round": 17.0}, "datetime": {"datetime": "2024-01-19 00:48:40", "elapsed": 2224.870216, "delta": 0.003019}}
{"target": -13.758302417750809, "params": {"gamma": 876.1132001866132, "log10_alpha": -3.8097040036207472, "log10_colsample_bytree": -0.784265461233482, "log10_eta": -3.2581008176789457, "log10_lambda": 0.06544350856255043, "log10_min_child_weight": 3.011704021884587, "log10_subsample": -0.4421556182174661, "max_depth": 9.0, "num_boost_round": 18.0}, "datetime": {"datetime": "2024-01-19 00:48:40", "elapsed": 2224.873389, "delta": 0.003173}}
{"target": -13.758292182227668, "params": {"gamma": 876.1132001866132, "log10_alpha": -3.8097040036207472, "log10_colsample_bytree": -0.784265461233482, "log10_eta": -3.2581008176789457, "log10_lambda": 0.06544350856255043, "log10_min_child_weight": 3.011704021884587, "log10_subsample": -0.4421556182174661, "max_depth": 9.0, "num_boost_round": 19.0}, "datetime": {"datetime": "2024-01-19 00:48:40", "elapsed": 2224.87639, "delta": 0.003001}}
{"target": -13.758274986586734, "params": {"gamma": 876.1132001866132, "log10_alpha": -3.8097040036207472, "log10_colsample_bytree": -0.784265461233482, "log10_eta": -3.2581008176789457, "log10_lambda": 0.06544350856255043, "log10_min_child_weight": 3.011704021884587, "log10_subsample": -0.4421556182174661, "max_depth": 9.0, "num_boost_round": 20.0}, "datetime": {"datetime": "2024-01-19 00:48:40", "elapsed": 2224.879383, "delta": 0.002993}}
{"target": -13.758266130445564, "params": {"gamma": 876.1132001866132, "log10_alpha": -3.8097040036207472, "log10_colsample_bytree": -0.784265461233482, "log10_eta": -3.2581008176789457, "log10_lambda": 0.06544350856255043, "log10_min_child_weight": 3.011704021884587, "log10_subsample": -0.4421556182174661, "max_depth": 9.0, "num_boost_round": 21.0}, "datetime": {"datetime": "2024-01-19 00:48:40", "elapsed": 2224.882384, "delta": 0.003001}}
{"target": -13.758249213920159, "params": {"gamma": 876.1132001866132, "log10_alpha": -3.8097040036207472, "log10_colsample_bytree": -0.784265461233482, "log10_eta": -3.2581008176789457, "log10_lambda": 0.06544350856255043, "log10_min_child_weight": 3.011704021884587, "log10_subsample": -0.4421556182174661, "max_depth": 9.0, "num_boost_round": 22.0}, "datetime": {"datetime": "2024-01-19 00:48:40", "elapsed": 2224.885395, "delta": 0.003011}}
{"target": -13.758222203962996, "params": {"gamma": 876.1132001866132, "log10_alpha": -3.8097040036207472, "log10_colsample_bytree": -0.784265461233482, "log10_eta": -3.2581008176789457, "log10_lambda": 0.06544350856255043, "log10_min_child_weight": 3.011704021884587, "log10_subsample": -0.4421556182174661, "max_depth": 9.0, "num_boost_round": 23.0}, "datetime": {"datetime": "2024-01-19 00:48:40", "elapsed": 2224.888402, "delta": 0.003007}}
{"target": -13.75820181854775, "params": {"gamma": 876.1132001866132, "log10_alpha": -3.8097040036207472, "log10_colsample_bytree": -0.784265461233482, "log10_eta": -3.2581008176789457, "log10_lambda": 0.06544350856255043, "log10_min_child_weight": 3.011704021884587, "log10_subsample": -0.4421556182174661, "max_depth": 9.0, "num_boost_round": 24.0}, "datetime": {"datetime": "2024-01-19 00:48:40", "elapsed": 2224.891493, "delta": 0.003091}}
{"target": -13.758174409603484, "params": {"gamma": 876.1132001866132, "log10_alpha": -3.8097040036207472, "log10_colsample_bytree": -0.784265461233482, "log10_eta": -3.2581008176789457, "log10_lambda": 0.06544350856255043, "log10_min_child_weight": 3.011704021884587, "log10_subsample": -0.4421556182174661, "max_depth": 9.0, "num_boost_round": 25.0}, "datetime": {"datetime": "2024-01-19 00:48:40", "elapsed": 2225.001221, "delta": 0.109728}}
{"target": -13.758173839455088, "params": {"gamma": 876.1132001866132, "log10_alpha": -3.8097040036207472, "log10_colsample_bytree": -0.784265461233482, "log10_eta": -3.2581008176789457, "log10_lambda": 0.06544350856255043, "log10_min_child_weight": 3.011704021884587, "log10_subsample": -0.4421556182174661, "max_depth": 9.0, "num_boost_round": 26.0}, "datetime": {"datetime": "2024-01-19 00:48:40", "elapsed": 2225.004833, "delta": 0.003612}}
{"target": -13.75815352090379, "params": {"gamma": 876.1132001866132, "log10_alpha": -3.8097040036207472, "log10_colsample_bytree": -0.784265461233482, "log10_eta": -3.2581008176789457, "log10_lambda": 0.06544350856255043, "log10_min_child_weight": 3.011704021884587, "log10_subsample": -0.4421556182174661, "max_depth": 9.0, "num_boost_round": 27.0}, "datetime": {"datetime": "2024-01-19 00:48:40", "elapsed": 2225.008351, "delta": 0.003518}}
{"target": -13.758129192937425, "params": {"gamma": 876.1132001866132, "log10_alpha": -3.8097040036207472, "log10_colsample_bytree": -0.784265461233482, "log10_eta": -3.2581008176789457, "log10_lambda": 0.06544350856255043, "log10_min_child_weight": 3.011704021884587, "log10_subsample": -0.4421556182174661, "max_depth": 9.0, "num_boost_round": 28.0}, "datetime": {"datetime": "2024-01-19 00:48:40", "elapsed": 2225.011697, "delta": 0.003346}}
{"target": -13.758537153907893, "params": {"gamma": 869.1298805896772, "log10_alpha": -2.4231662132727054, "log10_colsample_bytree": -0.3388376366134378, "log10_eta": -3.906424221355251, "log10_lambda": -3.8107570112552542, "log10_min_child_weight": 4.183727008869881, "log10_subsample": -0.919122590261994, "max_depth": 5.0, "num_boost_round": 0.0}, "datetime": {"datetime": "2024-01-19 00:49:31", "elapsed": 2275.6, "delta": 50.588303}}
{"target": -13.758537471756249, "params": {"gamma": 869.1298805896772, "log10_alpha": -2.4231662132727054, "log10_colsample_bytree": -0.3388376366134378, "log10_eta": -3.906424221355251, "log10_lambda": -3.8107570112552542, "log10_min_child_weight": 4.183727008869881, "log10_subsample": -0.919122590261994, "max_depth": 5.0, "num_boost_round": 1.0}, "datetime": {"datetime": "2024-01-19 00:49:31", "elapsed": 2275.60379, "delta": 0.00379}}
{"target": -13.758537253699531, "params": {"gamma": 869.1298805896772, "log10_alpha": -2.4231662132727054, "log10_colsample_bytree": -0.3388376366134378, "log10_eta": -3.906424221355251, "log10_lambda": -3.8107570112552542, "log10_min_child_weight": 4.183727008869881, "log10_subsample": -0.919122590261994, "max_depth": 5.0, "num_boost_round": 2.0}, "datetime": {"datetime": "2024-01-19 00:49:31", "elapsed": 2275.60703, "delta": 0.00324}}
{"target": -13.758537046353826, "params": {"gamma": 869.1298805896772, "log10_alpha": -2.4231662132727054, "log10_colsample_bytree": -0.3388376366134378, "log10_eta": -3.906424221355251, "log10_lambda": -3.8107570112552542, "log10_min_child_weight": 4.183727008869881, "log10_subsample": -0.919122590261994, "max_depth": 5.0, "num_boost_round": 3.0}, "datetime": {"datetime": "2024-01-19 00:49:31", "elapsed": 2275.61019, "delta": 0.00316}}
{"target": -13.758537202174612, "params": {"gamma": 869.1298805896772, "log10_alpha": -2.4231662132727054, "log10_colsample_bytree": -0.3388376366134378, "log10_eta": -3.906424221355251, "log10_lambda": -3.8107570112552542, "log10_min_child_weight": 4.183727008869881, "log10_subsample": -0.919122590261994, "max_depth": 5.0, "num_boost_round": 4.0}, "datetime": {"datetime": "2024-01-19 00:49:31", "elapsed": 2275.613445, "delta": 0.003255}}
{"target": -13.758536674859522, "params": {"gamma": 869.1298805896772, "log10_alpha": -2.4231662132727054, "log10_colsample_bytree": -0.3388376366134378, "log10_eta": -3.906424221355251, "log10_lambda": -3.8107570112552542, "log10_min_child_weight": 4.183727008869881, "log10_subsample": -0.919122590261994, "max_depth": 5.0, "num_boost_round": 5.0}, "datetime": {"datetime": "2024-01-19 00:49:31", "elapsed": 2275.616526, "delta": 0.003081}}
{"target": -13.758536700556325, "params": {"gamma": 869.1298805896772, "log10_alpha": -2.4231662132727054, "log10_colsample_bytree": -0.3388376366134378, "log10_eta": -3.906424221355251, "log10_lambda": -3.8107570112552542, "log10_min_child_weight": 4.183727008869881, "log10_subsample": -0.919122590261994, "max_depth": 5.0, "num_boost_round": 6.0}, "datetime": {"datetime": "2024-01-19 00:49:31", "elapsed": 2275.619601, "delta": 0.003075}}
{"target": -13.758536638805445, "params": {"gamma": 869.1298805896772, "log10_alpha": -2.4231662132727054, "log10_colsample_bytree": -0.3388376366134378, "log10_eta": -3.906424221355251, "log10_lambda": -3.8107570112552542, "log10_min_child_weight": 4.183727008869881, "log10_subsample": -0.919122590261994, "max_depth": 5.0, "num_boost_round": 7.0}, "datetime": {"datetime": "2024-01-19 00:49:31", "elapsed": 2275.622674, "delta": 0.003073}}
{"target": -13.758536490057834, "params": {"gamma": 869.1298805896772, "log10_alpha": -2.4231662132727054, "log10_colsample_bytree": -0.3388376366134378, "log10_eta": -3.906424221355251, "log10_lambda": -3.8107570112552542, "log10_min_child_weight": 4.183727008869881, "log10_subsample": -0.919122590261994, "max_depth": 5.0, "num_boost_round": 8.0}, "datetime": {"datetime": "2024-01-19 00:49:31", "elapsed": 2275.62578, "delta": 0.003106}}
{"target": -13.75853593922591, "params": {"gamma": 869.1298805896772, "log10_alpha": -2.4231662132727054, "log10_colsample_bytree": -0.3388376366134378, "log10_eta": -3.906424221355251, "log10_lambda": -3.8107570112552542, "log10_min_child_weight": 4.183727008869881, "log10_subsample": -0.919122590261994, "max_depth": 5.0, "num_boost_round": 9.0}, "datetime": {"datetime": "2024-01-19 00:49:31", "elapsed": 2275.628858, "delta": 0.003078}}
{"target": -13.758534342650085, "params": {"gamma": 869.1298805896772, "log10_alpha": -2.4231662132727054, "log10_colsample_bytree": -0.3388376366134378, "log10_eta": -3.906424221355251, "log10_lambda": -3.8107570112552542, "log10_min_child_weight": 4.183727008869881, "log10_subsample": -0.919122590261994, "max_depth": 5.0, "num_boost_round": 10.0}, "datetime": {"datetime": "2024-01-19 00:49:31", "elapsed": 2275.632161, "delta": 0.003303}}
{"target": -13.75853386435828, "params": {"gamma": 869.1298805896772, "log10_alpha": -2.4231662132727054, "log10_colsample_bytree": -0.3388376366134378, "log10_eta": -3.906424221355251, "log10_lambda": -3.8107570112552542, "log10_min_child_weight": 4.183727008869881, "log10_subsample": -0.919122590261994, "max_depth": 5.0, "num_boost_round": 11.0}, "datetime": {"datetime": "2024-01-19 00:49:31", "elapsed": 2275.635477, "delta": 0.003316}}
{"target": -13.758533875690752, "params": {"gamma": 869.1298805896772, "log10_alpha": -2.4231662132727054, "log10_colsample_bytree": -0.3388376366134378, "log10_eta": -3.906424221355251, "log10_lambda": -3.8107570112552542, "log10_min_child_weight": 4.183727008869881, "log10_subsample": -0.919122590261994, "max_depth": 5.0, "num_boost_round": 12.0}, "datetime": {"datetime": "2024-01-19 00:49:31", "elapsed": 2275.638761, "delta": 0.003284}}
{"target": -13.758533946578748, "params": {"gamma": 869.1298805896772, "log10_alpha": -2.4231662132727054, "log10_colsample_bytree": -0.3388376366134378, "log10_eta": -3.906424221355251, "log10_lambda": -3.8107570112552542, "log10_min_child_weight": 4.183727008869881, "log10_subsample": -0.919122590261994, "max_depth": 5.0, "num_boost_round": 13.0}, "datetime": {"datetime": "2024-01-19 00:49:31", "elapsed": 2275.64193, "delta": 0.003169}}
{"target": -13.75853315395688, "params": {"gamma": 869.1298805896772, "log10_alpha": -2.4231662132727054, "log10_colsample_bytree": -0.3388376366134378, "log10_eta": -3.906424221355251, "log10_lambda": -3.8107570112552542, "log10_min_child_weight": 4.183727008869881, "log10_subsample": -0.919122590261994, "max_depth": 5.0, "num_boost_round": 14.0}, "datetime": {"datetime": "2024-01-19 00:49:31", "elapsed": 2275.645056, "delta": 0.003126}}
{"target": -13.758532640220254, "params": {"gamma": 869.1298805896772, "log10_alpha": -2.4231662132727054, "log10_colsample_bytree": -0.3388376366134378, "log10_eta": -3.906424221355251, "log10_lambda": -3.8107570112552542, "log10_min_child_weight": 4.183727008869881, "log10_subsample": -0.919122590261994, "max_depth": 5.0, "num_boost_round": 15.0}, "datetime": {"datetime": "2024-01-19 00:49:31", "elapsed": 2275.648168, "delta": 0.003112}}
{"target": -13.75853310009151, "params": {"gamma": 869.1298805896772, "log10_alpha": -2.4231662132727054, "log10_colsample_bytree": -0.3388376366134378, "log10_eta": -3.906424221355251, "log10_lambda": -3.8107570112552542, "log10_min_child_weight": 4.183727008869881, "log10_subsample": -0.919122590261994, "max_depth": 5.0, "num_boost_round": 16.0}, "datetime": {"datetime": "2024-01-19 00:49:31", "elapsed": 2275.651277, "delta": 0.003109}}
{"target": -13.758532076698545, "params": {"gamma": 869.1298805896772, "log10_alpha": -2.4231662132727054, "log10_colsample_bytree": -0.3388376366134378, "log10_eta": -3.906424221355251, "log10_lambda": -3.8107570112552542, "log10_min_child_weight": 4.183727008869881, "log10_subsample": -0.919122590261994, "max_depth": 5.0, "num_boost_round": 17.0}, "datetime": {"datetime": "2024-01-19 00:49:31", "elapsed": 2275.654579, "delta": 0.003302}}
{"target": -13.75853197785995, "params": {"gamma": 869.1298805896772, "log10_alpha": -2.4231662132727054, "log10_colsample_bytree": -0.3388376366134378, "log10_eta": -3.906424221355251, "log10_lambda": -3.8107570112552542, "log10_min_child_weight": 4.183727008869881, "log10_subsample": -0.919122590261994, "max_depth": 5.0, "num_boost_round": 18.0}, "datetime": {"datetime": "2024-01-19 00:49:31", "elapsed": 2275.657697, "delta": 0.003118}}
{"target": -13.758530981110956, "params": {"gamma": 869.1298805896772, "log10_alpha": -2.4231662132727054, "log10_colsample_bytree": -0.3388376366134378, "log10_eta": -3.906424221355251, "log10_lambda": -3.8107570112552542, "log10_min_child_weight": 4.183727008869881, "log10_subsample": -0.919122590261994, "max_depth": 5.0, "num_boost_round": 19.0}, "datetime": {"datetime": "2024-01-19 00:49:31", "elapsed": 2275.660803, "delta": 0.003106}}
{"target": -13.758529973840268, "params": {"gamma": 869.1298805896772, "log10_alpha": -2.4231662132727054, "log10_colsample_bytree": -0.3388376366134378, "log10_eta": -3.906424221355251, "log10_lambda": -3.8107570112552542, "log10_min_child_weight": 4.183727008869881, "log10_subsample": -0.919122590261994, "max_depth": 5.0, "num_boost_round": 20.0}, "datetime": {"datetime": "2024-01-19 00:49:31", "elapsed": 2275.663898, "delta": 0.003095}}
{"target": -13.758529248181949, "params": {"gamma": 869.1298805896772, "log10_alpha": -2.4231662132727054, "log10_colsample_bytree": -0.3388376366134378, "log10_eta": -3.906424221355251, "log10_lambda": -3.8107570112552542, "log10_min_child_weight": 4.183727008869881, "log10_subsample": -0.919122590261994, "max_depth": 5.0, "num_boost_round": 21.0}, "datetime": {"datetime": "2024-01-19 00:49:31", "elapsed": 2275.667026, "delta": 0.003128}}
{"target": -13.758528462485046, "params": {"gamma": 869.1298805896772, "log10_alpha": -2.4231662132727054, "log10_colsample_bytree": -0.3388376366134378, "log10_eta": -3.906424221355251, "log10_lambda": -3.8107570112552542, "log10_min_child_weight": 4.183727008869881, "log10_subsample": -0.919122590261994, "max_depth": 5.0, "num_boost_round": 22.0}, "datetime": {"datetime": "2024-01-19 00:49:31", "elapsed": 2275.670124, "delta": 0.003098}}
{"target": -13.758528521858691, "params": {"gamma": 869.1298805896772, "log10_alpha": -2.4231662132727054, "log10_colsample_bytree": -0.3388376366134378, "log10_eta": -3.906424221355251, "log10_lambda": -3.8107570112552542, "log10_min_child_weight": 4.183727008869881, "log10_subsample": -0.919122590261994, "max_depth": 5.0, "num_boost_round": 23.0}, "datetime": {"datetime": "2024-01-19 00:49:31", "elapsed": 2275.673338, "delta": 0.003214}}
{"target": -13.758527697152466, "params": {"gamma": 869.1298805896772, "log10_alpha": -2.4231662132727054, "log10_colsample_bytree": -0.3388376366134378, "log10_eta": -3.906424221355251, "log10_lambda": -3.8107570112552542, "log10_min_child_weight": 4.183727008869881, "log10_subsample": -0.919122590261994, "max_depth": 5.0, "num_boost_round": 24.0}, "datetime": {"datetime": "2024-01-19 00:49:31", "elapsed": 2275.676455, "delta": 0.003117}}
{"target": -13.758527464181203, "params": {"gamma": 869.1298805896772, "log10_alpha": -2.4231662132727054, "log10_colsample_bytree": -0.3388376366134378, "log10_eta": -3.906424221355251, "log10_lambda": -3.8107570112552542, "log10_min_child_weight": 4.183727008869881, "log10_subsample": -0.919122590261994, "max_depth": 5.0, "num_boost_round": 25.0}, "datetime": {"datetime": "2024-01-19 00:49:31", "elapsed": 2275.679549, "delta": 0.003094}}
{"target": -13.758527816740747, "params": {"gamma": 869.1298805896772, "log10_alpha": -2.4231662132727054, "log10_colsample_bytree": -0.3388376366134378, "log10_eta": -3.906424221355251, "log10_lambda": -3.8107570112552542, "log10_min_child_weight": 4.183727008869881, "log10_subsample": -0.919122590261994, "max_depth": 5.0, "num_boost_round": 26.0}, "datetime": {"datetime": "2024-01-19 00:49:31", "elapsed": 2275.682653, "delta": 0.003104}}
{"target": -13.758526980063163, "params": {"gamma": 869.1298805896772, "log10_alpha": -2.4231662132727054, "log10_colsample_bytree": -0.3388376366134378, "log10_eta": -3.906424221355251, "log10_lambda": -3.8107570112552542, "log10_min_child_weight": 4.183727008869881, "log10_subsample": -0.919122590261994, "max_depth": 5.0, "num_boost_round": 27.0}, "datetime": {"datetime": "2024-01-19 00:49:31", "elapsed": 2275.685798, "delta": 0.003145}}
{"target": -13.758526389558924, "params": {"gamma": 869.1298805896772, "log10_alpha": -2.4231662132727054, "log10_colsample_bytree": -0.3388376366134378, "log10_eta": -3.906424221355251, "log10_lambda": -3.8107570112552542, "log10_min_child_weight": 4.183727008869881, "log10_subsample": -0.919122590261994, "max_depth": 5.0, "num_boost_round": 28.0}, "datetime": {"datetime": "2024-01-19 00:49:31", "elapsed": 2275.688902, "delta": 0.003104}}
{"target": -13.758526817921291, "params": {"gamma": 869.1298805896772, "log10_alpha": -2.4231662132727054, "log10_colsample_bytree": -0.3388376366134378, "log10_eta": -3.906424221355251, "log10_lambda": -3.8107570112552542, "log10_min_child_weight": 4.183727008869881, "log10_subsample": -0.919122590261994, "max_depth": 5.0, "num_boost_round": 29.0}, "datetime": {"datetime": "2024-01-19 00:49:31", "elapsed": 2275.692154, "delta": 0.003252}}
