{"target": -13.758413122797709, "params": {"gamma": 834.9762384459542, "log10_alpha": -4.7384929406418665, "log10_colsample_bytree": -0.26835804044690936, "log10_eta": -3.4157289503205797, "log10_lambda": 0.7242661653534928, "log10_min_child_weight": 0.3258848851292029, "log10_subsample": -0.1137227189438843, "max_depth": 6.0, "num_boost_round": 12.0}, "datetime": {"datetime": "2024-01-19 01:11:07", "elapsed": 3587.33943, "delta": 0.003356}}
{"target": -13.758416138536113, "params": {"gamma": 834.9762384459542, "log10_alpha": -4.7384929406418665, "log10_colsample_bytree": -0.26835804044690936, "log10_eta": -3.4157289503205797, "log10_lambda": 0.7242661653534928, "log10_min_child_weight": 0.3258848851292029, "log10_subsample": -0.1137227189438843, "max_depth": 6.0, "num_boost_round": 13.0}, "datetime": {"datetime": "2024-01-19 01:11:07", "elapsed": 3587.342681, "delta": 0.003251}}
{"target": -13.758403331408694, "params": {"gamma": 834.9762384459542, "log10_alpha": -4.7384929406418665, "log10_colsample_bytree": -0.26835804044690936, "log10_eta": -3.4157289503205797, "log10_lambda": 0.7242661653534928, "log10_min_child_weight": 0.3258848851292029, "log10_subsample": -0.1137227189438843, "max_depth": 6.0, "num_boost_round": 14.0}, "datetime": {"datetime": "2024-01-19 01:11:07", "elapsed": 3587.346003, "delta": 0.003322}}
{"target": -13.758399960883889, "params": {"gamma": 834.9762384459542, "log10_alpha": -4.7384929406418665, "log10_colsample_bytree": -0.26835804044690936, "log10_eta": -3.4157289503205797, "log10_lambda": 0.7242661653534928, "log10_min_child_weight": 0.3258848851292029, "log10_subsample": -0.1137227189438843, "max_depth": 6.0, "num_boost_round": 15.0}, "datetime": {"datetime": "2024-01-19 01:11:07", "elapsed": 3587.349294, "delta": 0.003291}}
{"target": -13.758398197416266, "params": {"gamma": 834.9762384459542, "log10_alpha": -4.7384929406418665, "log10_colsample_bytree": -0.26835804044690936, "log10_eta": -3.4157289503205797, "log10_lambda": 0.7242661653534928, "log10_min_child_weight": 0.3258848851292029, "log10_subsample": -0.1137227189438843, "max_depth": 6.0, "num_boost_round": 16.0}, "datetime": {"datetime": "2024-01-19 01:11:07", "elapsed": 3587.35264, "delta": 0.003346}}
{"target": -13.758398741852247, "params": {"gamma": 834.9762384459542, "log10_alpha": -4.7384929406418665, "log10_colsample_bytree": -0.26835804044690936, "log10_eta": -3.4157289503205797, "log10_lambda": 0.7242661653534928, "log10_min_child_weight": 0.3258848851292029, "log10_subsample": -0.1137227189438843, "max_depth": 6.0, "num_boost_round": 17.0}, "datetime": {"datetime": "2024-01-19 01:11:07", "elapsed": 3587.356048, "delta": 0.003408}}
{"target": -13.758536456679822, "params": {"gamma": 851.6846340182831, "log10_alpha": -0.10299058344345546, "log10_colsample_bytree": -0.553926301269699, "log10_eta": -3.8912653624069082, "log10_lambda": -4.324629794281181, "log10_min_child_weight": 3.6787423327099726, "log10_subsample": -0.900135373227215, "max_depth": 7.0, "num_boost_round": 0.0}, "datetime": {"datetime": "2024-01-19 01:11:43", "elapsed": 3623.374287, "delta": 36.018239}}
{"target": -13.758537344706246, "params": {"gamma": 851.6846340182831, "log10_alpha": -0.10299058344345546, "log10_colsample_bytree": -0.553926301269699, "log10_eta": -3.8912653624069082, "log10_lambda": -4.324629794281181, "log10_min_child_weight": 3.6787423327099726, "log10_subsample": -0.900135373227215, "max_depth": 7.0, "num_boost_round": 1.0}, "datetime": {"datetime": "2024-01-19 01:11:43", "elapsed": 3623.378286, "delta": 0.003999}}
{"target": -13.75853653961886, "params": {"gamma": 851.6846340182831, "log10_alpha": -0.10299058344345546, "log10_colsample_bytree": -0.553926301269699, "log10_eta": -3.8912653624069082, "log10_lambda": -4.324629794281181, "log10_min_child_weight": 3.6787423327099726, "log10_subsample": -0.900135373227215, "max_depth": 7.0, "num_boost_round": 2.0}, "datetime": {"datetime": "2024-01-19 01:11:43", "elapsed": 3623.381842, "delta": 0.003556}}
{"target": -13.758535534743075, "params": {"gamma": 851.6846340182831, "log10_alpha": -0.10299058344345546, "log10_colsample_bytree": -0.553926301269699, "log10_eta": -3.8912653624069082, "log10_lambda": -4.324629794281181, "log10_min_child_weight": 3.6787423327099726, "log10_subsample": -0.900135373227215, "max_depth": 7.0, "num_boost_round": 3.0}, "datetime": {"datetime": "2024-01-19 01:11:43", "elapsed": 3623.385353, "delta": 0.003511}}
{"target": -13.758534313051523, "params": {"gamma": 851.6846340182831, "log10_alpha": -0.10299058344345546, "log10_colsample_bytree": -0.553926301269699, "log10_eta": -3.8912653624069082, "log10_lambda": -4.324629794281181, "log10_min_child_weight": 3.6787423327099726, "log10_subsample": -0.900135373227215, "max_depth": 7.0, "num_boost_round": 4.0}, "datetime": {"datetime": "2024-01-19 01:11:43", "elapsed": 3623.388729, "delta": 0.003376}}
{"target": -13.758533481332002, "params": {"gamma": 851.6846340182831, "log10_alpha": -0.10299058344345546, "log10_colsample_bytree": -0.553926301269699, "log10_eta": -3.8912653624069082, "log10_lambda": -4.324629794281181, "log10_min_child_weight": 3.6787423327099726, "log10_subsample": -0.900135373227215, "max_depth": 7.0, "num_boost_round": 5.0}, "datetime": {"datetime": "2024-01-19 01:11:43", "elapsed": 3623.392091, "delta": 0.003362}}
{"target": -13.758535144997008, "params": {"gamma": 851.6846340182831, "log10_alpha": -0.10299058344345546, "log10_colsample_bytree": -0.553926301269699, "log10_eta": -3.8912653624069082, "log10_lambda": -4.324629794281181, "log10_min_child_weight": 3.6787423327099726, "log10_subsample": -0.900135373227215, "max_depth": 7.0, "num_boost_round": 6.0}, "datetime": {"datetime": "2024-01-19 01:11:43", "elapsed": 3623.395501, "delta": 0.00341}}
{"target": -13.758535224736674, "params": {"gamma": 851.6846340182831, "log10_alpha": -0.10299058344345546, "log10_colsample_bytree": -0.553926301269699, "log10_eta": -3.8912653624069082, "log10_lambda": -4.324629794281181, "log10_min_child_weight": 3.6787423327099726, "log10_subsample": -0.900135373227215, "max_depth": 7.0, "num_boost_round": 7.0}, "datetime": {"datetime": "2024-01-19 01:11:43", "elapsed": 3623.398932, "delta": 0.003431}}
{"target": -13.758534800821028, "params": {"gamma": 851.6846340182831, "log10_alpha": -0.10299058344345546, "log10_colsample_bytree": -0.553926301269699, "log10_eta": -3.8912653624069082, "log10_lambda": -4.324629794281181, "log10_min_child_weight": 3.6787423327099726, "log10_subsample": -0.900135373227215, "max_depth": 7.0, "num_boost_round": 8.0}, "datetime": {"datetime": "2024-01-19 01:11:43", "elapsed": 3623.402357, "delta": 0.003425}}
{"target": -13.758533706885968, "params": {"gamma": 851.6846340182831, "log10_alpha": -0.10299058344345546, "log10_colsample_bytree": -0.553926301269699, "log10_eta": -3.8912653624069082, "log10_lambda": -4.324629794281181, "log10_min_child_weight": 3.6787423327099726, "log10_subsample": -0.900135373227215, "max_depth": 7.0, "num_boost_round": 9.0}, "datetime": {"datetime": "2024-01-19 01:11:43", "elapsed": 3623.405781, "delta": 0.003424}}
{"target": -13.758531908521578, "params": {"gamma": 851.6846340182831, "log10_alpha": -0.10299058344345546, "log10_colsample_bytree": -0.553926301269699, "log10_eta": -3.8912653624069082, "log10_lambda": -4.324629794281181, "log10_min_child_weight": 3.6787423327099726, "log10_subsample": -0.900135373227215, "max_depth": 7.0, "num_boost_round": 10.0}, "datetime": {"datetime": "2024-01-19 01:11:43", "elapsed": 3623.409171, "delta": 0.00339}}
{"target": -13.758530931585959, "params": {"gamma": 851.6846340182831, "log10_alpha": -0.10299058344345546, "log10_colsample_bytree": -0.553926301269699, "log10_eta": -3.8912653624069082, "log10_lambda": -4.324629794281181, "log10_min_child_weight": 3.6787423327099726, "log10_subsample": -0.900135373227215, "max_depth": 7.0, "num_boost_round": 11.0}, "datetime": {"datetime": "2024-01-19 01:11:43", "elapsed": 3623.412595, "delta": 0.003424}}
{"target": -13.758530677854914, "params": {"gamma": 851.6846340182831, "log10_alpha": -0.10299058344345546, "log10_colsample_bytree": -0.553926301269699, "log10_eta": -3.8912653624069082, "log10_lambda": -4.324629794281181, "log10_min_child_weight": 3.6787423327099726, "log10_subsample": -0.900135373227215, "max_depth": 7.0, "num_boost_round": 12.0}, "datetime": {"datetime": "2024-01-19 01:11:43", "elapsed": 3623.415959, "delta": 0.003364}}
{"target": -13.758528917797552, "params": {"gamma": 851.6846340182831, "log10_alpha": -0.10299058344345546, "log10_colsample_bytree": -0.553926301269699, "log10_eta": -3.8912653624069082, "log10_lambda": -4.324629794281181, "log10_min_child_weight": 3.6787423327099726, "log10_subsample": -0.900135373227215, "max_depth": 7.0, "num_boost_round": 13.0}, "datetime": {"datetime": "2024-01-19 01:11:43", "elapsed": 3623.419457, "delta": 0.003498}}
{"target": -13.758527527626931, "params": {"gamma": 851.6846340182831, "log10_alpha": -0.10299058344345546, "log10_colsample_bytree": -0.553926301269699, "log10_eta": -3.8912653624069082, "log10_lambda": -4.324629794281181, "log10_min_child_weight": 3.6787423327099726, "log10_subsample": -0.900135373227215, "max_depth": 7.0, "num_boost_round": 14.0}, "datetime": {"datetime": "2024-01-19 01:11:43", "elapsed": 3623.422801, "delta": 0.003344}}
{"target": -13.758525860840285, "params": {"gamma": 851.6846340182831, "log10_alpha": -0.10299058344345546, "log10_colsample_bytree": -0.553926301269699, "log10_eta": -3.8912653624069082, "log10_lambda": -4.324629794281181, "log10_min_child_weight": 3.6787423327099726, "log10_subsample": -0.900135373227215, "max_depth": 7.0, "num_boost_round": 15.0}, "datetime": {"datetime": "2024-01-19 01:11:43", "elapsed": 3623.426135, "delta": 0.003334}}
{"target": -13.75852523969555, "params": {"gamma": 851.6846340182831, "log10_alpha": -0.10299058344345546, "log10_colsample_bytree": -0.553926301269699, "log10_eta": -3.8912653624069082, "log10_lambda": -4.324629794281181, "log10_min_child_weight": 3.6787423327099726, "log10_subsample": -0.900135373227215, "max_depth": 7.0, "num_boost_round": 16.0}, "datetime": {"datetime": "2024-01-19 01:11:43", "elapsed": 3623.429524, "delta": 0.003389}}
{"target": -13.758524382973954, "params": {"gamma": 851.6846340182831, "log10_alpha": -0.10299058344345546, "log10_colsample_bytree": -0.553926301269699, "log10_eta": -3.8912653624069082, "log10_lambda": -4.324629794281181, "log10_min_child_weight": 3.6787423327099726, "log10_subsample": -0.900135373227215, "max_depth": 7.0, "num_boost_round": 17.0}, "datetime": {"datetime": "2024-01-19 01:11:43", "elapsed": 3623.432928, "delta": 0.003404}}
{"target": -13.758523926955336, "params": {"gamma": 851.6846340182831, "log10_alpha": -0.10299058344345546, "log10_colsample_bytree": -0.553926301269699, "log10_eta": -3.8912653624069082, "log10_lambda": -4.324629794281181, "log10_min_child_weight": 3.6787423327099726, "log10_subsample": -0.900135373227215, "max_depth": 7.0, "num_boost_round": 18.0}, "datetime": {"datetime": "2024-01-19 01:11:43", "elapsed": 3623.436322, "delta": 0.003394}}
{"target": -13.758523133371462, "params": {"gamma": 851.6846340182831, "log10_alpha": -0.10299058344345546, "log10_colsample_bytree": -0.553926301269699, "log10_eta": -3.8912653624069082, "log10_lambda": -4.324629794281181, "log10_min_child_weight": 3.6787423327099726, "log10_subsample": -0.900135373227215, "max_depth": 7.0, "num_boost_round": 19.0}, "datetime": {"datetime": "2024-01-19 01:11:43", "elapsed": 3623.439654, "delta": 0.003332}}
{"target": -13.758521197479748, "params": {"gamma": 851.6846340182831, "log10_alpha": -0.10299058344345546, "log10_colsample_bytree": -0.553926301269699, "log10_eta": -3.8912653624069082, "log10_lambda": -4.324629794281181, "log10_min_child_weight": 3.6787423327099726, "log10_subsample": -0.900135373227215, "max_depth": 7.0, "num_boost_round": 20.0}, "datetime": {"datetime": "2024-01-19 01:11:43", "elapsed": 3623.442987, "delta": 0.003333}}
{"target": -13.758537269787146, "params": {"gamma": 847.8220801216142, "log10_alpha": -4.509642316856736, "log10_colsample_bytree": -0.7339045432332272, "log10_eta": -2.5793241081594767, "log10_lambda": 0.9719761470484212, "log10_min_child_weight": 4.469867208843469, "log10_subsample": -0.5051970720130389, "max_depth": 3.0, "num_boost_round": 0.0}, "datetime": {"datetime": "2024-01-19 01:12:29", "elapsed": 3669.053838, "delta": 45.610851}}
{"target": -13.758538417041839, "params": {"gamma": 847.8220801216142, "log10_alpha": -4.509642316856736, "log10_colsample_bytree": -0.7339045432332272, "log10_eta": -2.5793241081594767, "log10_lambda": 0.9719761470484212, "log10_min_child_weight": 4.469867208843469, "log10_subsample": -0.5051970720130389, "max_depth": 3.0, "num_boost_round": 1.0}, "datetime": {"datetime": "2024-01-19 01:12:29", "elapsed": 3669.058312, "delta": 0.004474}}
{"target": -13.758536764182166, "params": {"gamma": 847.8220801216142, "log10_alpha": -4.509642316856736, "log10_colsample_bytree": -0.7339045432332272, "log10_eta": -2.5793241081594767, "log10_lambda": 0.9719761470484212, "log10_min_child_weight": 4.469867208843469, "log10_subsample": -0.5051970720130389, "max_depth": 3.0, "num_boost_round": 2.0}, "datetime": {"datetime": "2024-01-19 01:12:29", "elapsed": 3669.061879, "delta": 0.003567}}
{"target": -13.75852716451891, "params": {"gamma": 847.8220801216142, "log10_alpha": -4.509642316856736, "log10_colsample_bytree": -0.7339045432332272, "log10_eta": -2.5793241081594767, "log10_lambda": 0.9719761470484212, "log10_min_child_weight": 4.469867208843469, "log10_subsample": -0.5051970720130389, "max_depth": 3.0, "num_boost_round": 3.0}, "datetime": {"datetime": "2024-01-19 01:12:29", "elapsed": 3669.065368, "delta": 0.003489}}
{"target": -13.758534583004195, "params": {"gamma": 847.8220801216142, "log10_alpha": -4.509642316856736, "log10_colsample_bytree": -0.7339045432332272, "log10_eta": -2.5793241081594767, "log10_lambda": 0.9719761470484212, "log10_min_child_weight": 4.469867208843469, "log10_subsample": -0.5051970720130389, "max_depth": 3.0, "num_boost_round": 4.0}, "datetime": {"datetime": "2024-01-19 01:12:29", "elapsed": 3669.068856, "delta": 0.003488}}
{"target": -13.758529626382874, "params": {"gamma": 847.8220801216142, "log10_alpha": -4.509642316856736, "log10_colsample_bytree": -0.7339045432332272, "log10_eta": -2.5793241081594767, "log10_lambda": 0.9719761470484212, "log10_min_child_weight": 4.469867208843469, "log10_subsample": -0.5051970720130389, "max_depth": 3.0, "num_boost_round": 5.0}, "datetime": {"datetime": "2024-01-19 01:12:29", "elapsed": 3669.072325, "delta": 0.003469}}
{"target": -13.758534874626367, "params": {"gamma": 847.8220801216142, "log10_alpha": -4.509642316856736, "log10_colsample_bytree": -0.7339045432332272, "log10_eta": -2.5793241081594767, "log10_lambda": 0.9719761470484212, "log10_min_child_weight": 4.469867208843469, "log10_subsample": -0.5051970720130389, "max_depth": 3.0, "num_boost_round": 6.0}, "datetime": {"datetime": "2024-01-19 01:12:29", "elapsed": 3669.075866, "delta": 0.003541}}
{"target": -13.758525785939467, "params": {"gamma": 847.8220801216142, "log10_alpha": -4.509642316856736, "log10_colsample_bytree": -0.7339045432332272, "log10_eta": -2.5793241081594767, "log10_lambda": 0.9719761470484212, "log10_min_child_weight": 4.469867208843469, "log10_subsample": -0.5051970720130389, "max_depth": 3.0, "num_boost_round": 7.0}, "datetime": {"datetime": "2024-01-19 01:12:29", "elapsed": 3669.079419, "delta": 0.003553}}
{"target": -13.758532916590196, "params": {"gamma": 847.8220801216142, "log10_alpha": -4.509642316856736, "log10_colsample_bytree": -0.7339045432332272, "log10_eta": -2.5793241081594767, "log10_lambda": 0.9719761470484212, "log10_min_child_weight": 4.469867208843469, "log10_subsample": -0.5051970720130389, "max_depth": 3.0, "num_boost_round": 8.0}, "datetime": {"datetime": "2024-01-19 01:12:29", "elapsed": 3669.083077, "delta": 0.003658}}
{"target": -13.758516426257932, "params": {"gamma": 847.8220801216142, "log10_alpha": -4.509642316856736, "log10_colsample_bytree": -0.7339045432332272, "log10_eta": -2.5793241081594767, "log10_lambda": 0.9719761470484212, "log10_min_child_weight": 4.469867208843469, "log10_subsample": -0.5051970720130389, "max_depth": 3.0, "num_boost_round": 9.0}, "datetime": {"datetime": "2024-01-19 01:12:29", "elapsed": 3669.086566, "delta": 0.003489}}
{"target": -13.758520985135377, "params": {"gamma": 847.8220801216142, "log10_alpha": -4.509642316856736, "log10_colsample_bytree": -0.7339045432332272, "log10_eta": -2.5793241081594767, "log10_lambda": 0.9719761470484212, "log10_min_child_weight": 4.469867208843469, "log10_subsample": -0.5051970720130389, "max_depth": 3.0, "num_boost_round": 10.0}, "datetime": {"datetime": "2024-01-19 01:12:29", "elapsed": 3669.089892, "delta": 0.003326}}
{"target": -13.758502003005525, "params": {"gamma": 847.8220801216142, "log10_alpha": -4.509642316856736, "log10_colsample_bytree": -0.7339045432332272, "log10_eta": -2.5793241081594767, "log10_lambda": 0.9719761470484212, "log10_min_child_weight": 4.469867208843469, "log10_subsample": -0.5051970720130389, "max_depth": 3.0, "num_boost_round": 11.0}, "datetime": {"datetime": "2024-01-19 01:12:29", "elapsed": 3669.093333, "delta": 0.003441}}
{"target": -13.758512619651285, "params": {"gamma": 847.8220801216142, "log10_alpha": -4.509642316856736, "log10_colsample_bytree": -0.7339045432332272, "log10_eta": -2.5793241081594767, "log10_lambda": 0.9719761470484212, "log10_min_child_weight": 4.469867208843469, "log10_subsample": -0.5051970720130389, "max_depth": 3.0, "num_boost_round": 12.0}, "datetime": {"datetime": "2024-01-19 01:12:29", "elapsed": 3669.096708, "delta": 0.003375}}
{"target": -13.75850557021724, "params": {"gamma": 847.8220801216142, "log10_alpha": -4.509642316856736, "log10_colsample_bytree": -0.7339045432332272, "log10_eta": -2.5793241081594767, "log10_lambda": 0.9719761470484212, "log10_min_child_weight": 4.469867208843469, "log10_subsample": -0.5051970720130389, "max_depth": 3.0, "num_boost_round": 13.0}, "datetime": {"datetime": "2024-01-19 01:12:29", "elapsed": 3669.100059, "delta": 0.003351}}
{"target": -13.758506005710524, "params": {"gamma": 847.8220801216142, "log10_alpha": -4.509642316856736, "log10_colsample_bytree": -0.7339045432332272, "log10_eta": -2.5793241081594767, "log10_lambda": 0.9719761470484212, "log10_min_child_weight": 4.469867208843469, "log10_subsample": -0.5051970720130389, "max_depth": 3.0, "num_boost_round": 14.0}, "datetime": {"datetime": "2024-01-19 01:12:29", "elapsed": 3669.103399, "delta": 0.00334}}
{"target": -13.75847843475826, "params": {"gamma": 847.8220801216142, "log10_alpha": -4.509642316856736, "log10_colsample_bytree": -0.7339045432332272, "log10_eta": -2.5793241081594767, "log10_lambda": 0.9719761470484212, "log10_min_child_weight": 4.469867208843469, "log10_subsample": -0.5051970720130389, "max_depth": 3.0, "num_boost_round": 15.0}, "datetime": {"datetime": "2024-01-19 01:12:29", "elapsed": 3669.106755, "delta": 0.003356}}
{"target": -13.758464355091366, "params": {"gamma": 847.8220801216142, "log10_alpha": -4.509642316856736, "log10_colsample_bytree": -0.7339045432332272, "log10_eta": -2.5793241081594767, "log10_lambda": 0.9719761470484212, "log10_min_child_weight": 4.469867208843469, "log10_subsample": -0.5051970720130389, "max_depth": 3.0, "num_boost_round": 16.0}, "datetime": {"datetime": "2024-01-19 01:12:29", "elapsed": 3669.110188, "delta": 0.003433}}
{"target": -13.758462219832522, "params": {"gamma": 847.8220801216142, "log10_alpha": -4.509642316856736, "log10_colsample_bytree": -0.7339045432332272, "log10_eta": -2.5793241081594767, "log10_lambda": 0.9719761470484212, "log10_min_child_weight": 4.469867208843469, "log10_subsample": -0.5051970720130389, "max_depth": 3.0, "num_boost_round": 17.0}, "datetime": {"datetime": "2024-01-19 01:12:29", "elapsed": 3669.113526, "delta": 0.003338}}
{"target": -13.758476903941991, "params": {"gamma": 847.8220801216142, "log10_alpha": -4.509642316856736, "log10_colsample_bytree": -0.7339045432332272, "log10_eta": -2.5793241081594767, "log10_lambda": 0.9719761470484212, "log10_min_child_weight": 4.469867208843469, "log10_subsample": -0.5051970720130389, "max_depth": 3.0, "num_boost_round": 18.0}, "datetime": {"datetime": "2024-01-19 01:12:29", "elapsed": 3669.116872, "delta": 0.003346}}
{"target": -13.758520030664416, "params": {"gamma": 845.7379941937385, "log10_alpha": -0.31250421014045227, "log10_colsample_bytree": -0.5923214640009953, "log10_eta": -3.4541067843838933, "log10_lambda": -3.4774129124682585, "log10_min_child_weight": 1.3120281850453608, "log10_subsample": -0.8880508099270328, "max_depth": 9.0, "num_boost_round": 0.0}, "datetime": {"datetime": "2024-01-19 01:13:20", "elapsed": 3720.384205, "delta": 51.267333}}
{"target": -13.758497295839023, "params": {"gamma": 845.7379941937385, "log10_alpha": -0.31250421014045227, "log10_colsample_bytree": -0.5923214640009953, "log10_eta": -3.4541067843838933, "log10_lambda": -3.4774129124682585, "log10_min_child_weight": 1.3120281850453608, "log10_subsample": -0.8880508099270328, "max_depth": 9.0, "num_boost_round": 1.0}, "datetime": {"datetime": "2024-01-19 01:13:20", "elapsed": 3720.389001, "delta": 0.004796}}
{"target": -13.758480904831325, "params": {"gamma": 845.7379941937385, "log10_alpha": -0.31250421014045227, "log10_colsample_bytree": -0.5923214640009953, "log10_eta": -3.4541067843838933, "log10_lambda": -3.4774129124682585, "log10_min_child_weight": 1.3120281850453608, "log10_subsample": -0.8880508099270328, "max_depth": 9.0, "num_boost_round": 2.0}, "datetime": {"datetime": "2024-01-19 01:13:20", "elapsed": 3720.392626, "delta": 0.003625}}
