{"target": -13.758513807873559, "params": {"gamma": 891.0370972103641, "log10_alpha": -3.6833624902342947, "log10_colsample_bytree": -0.13140867937627332, "log10_eta": -3.7617907329434668, "log10_lambda": -0.41928434226267086, "log10_min_child_weight": 1.3943370780832443, "log10_subsample": -0.36149393234501837, "max_depth": 9.0, "num_boost_round": 8.0}, "datetime": {"datetime": "2024-01-19 01:33:56", "elapsed": 4956.077145, "delta": 0.004067}}
{"target": -13.758496038732948, "params": {"gamma": 891.0370972103641, "log10_alpha": -3.6833624902342947, "log10_colsample_bytree": -0.13140867937627332, "log10_eta": -3.7617907329434668, "log10_lambda": -0.41928434226267086, "log10_min_child_weight": 1.3943370780832443, "log10_subsample": -0.36149393234501837, "max_depth": 9.0, "num_boost_round": 9.0}, "datetime": {"datetime": "2024-01-19 01:33:56", "elapsed": 4956.08133, "delta": 0.004185}}
{"target": -13.758491925511263, "params": {"gamma": 891.0370972103641, "log10_alpha": -3.6833624902342947, "log10_colsample_bytree": -0.13140867937627332, "log10_eta": -3.7617907329434668, "log10_lambda": -0.41928434226267086, "log10_min_child_weight": 1.3943370780832443, "log10_subsample": -0.36149393234501837, "max_depth": 9.0, "num_boost_round": 10.0}, "datetime": {"datetime": "2024-01-19 01:33:56", "elapsed": 4956.085528, "delta": 0.004198}}
{"target": -13.758472706294242, "params": {"gamma": 891.0370972103641, "log10_alpha": -3.6833624902342947, "log10_colsample_bytree": -0.13140867937627332, "log10_eta": -3.7617907329434668, "log10_lambda": -0.41928434226267086, "log10_min_child_weight": 1.3943370780832443, "log10_subsample": -0.36149393234501837, "max_depth": 9.0, "num_boost_round": 11.0}, "datetime": {"datetime": "2024-01-19 01:33:56", "elapsed": 4956.089685, "delta": 0.004157}}
{"target": -13.758464498095245, "params": {"gamma": 891.0370972103641, "log10_alpha": -3.6833624902342947, "log10_colsample_bytree": -0.13140867937627332, "log10_eta": -3.7617907329434668, "log10_lambda": -0.41928434226267086, "log10_min_child_weight": 1.3943370780832443, "log10_subsample": -0.36149393234501837, "max_depth": 9.0, "num_boost_round": 12.0}, "datetime": {"datetime": "2024-01-19 01:33:56", "elapsed": 4956.093637, "delta": 0.003952}}
{"target": -13.758536201863416, "params": {"gamma": 896.9499597840199, "log10_alpha": -1.9608191733683202, "log10_colsample_bytree": -1.0, "log10_eta": -4.0, "log10_lambda": -4.715447292863601, "log10_min_child_weight": 0.31936868452386025, "log10_subsample": 0.0, "max_depth": 2.0, "num_boost_round": 0.0}, "datetime": {"datetime": "2024-01-19 01:35:08", "elapsed": 5028.009405, "delta": 71.915768}}
{"target": -13.758535094208575, "params": {"gamma": 896.9499597840199, "log10_alpha": -1.9608191733683202, "log10_colsample_bytree": -1.0, "log10_eta": -4.0, "log10_lambda": -4.715447292863601, "log10_min_child_weight": 0.31936868452386025, "log10_subsample": 0.0, "max_depth": 2.0, "num_boost_round": 1.0}, "datetime": {"datetime": "2024-01-19 01:35:08", "elapsed": 5028.014126, "delta": 0.004721}}
{"target": -13.758534956810458, "params": {"gamma": 896.9499597840199, "log10_alpha": -1.9608191733683202, "log10_colsample_bytree": -1.0, "log10_eta": -4.0, "log10_lambda": -4.715447292863601, "log10_min_child_weight": 0.31936868452386025, "log10_subsample": 0.0, "max_depth": 2.0, "num_boost_round": 2.0}, "datetime": {"datetime": "2024-01-19 01:35:08", "elapsed": 5028.018429, "delta": 0.004303}}
{"target": -13.7585354970645, "params": {"gamma": 896.9499597840199, "log10_alpha": -1.9608191733683202, "log10_colsample_bytree": -1.0, "log10_eta": -4.0, "log10_lambda": -4.715447292863601, "log10_min_child_weight": 0.31936868452386025, "log10_subsample": 0.0, "max_depth": 2.0, "num_boost_round": 3.0}, "datetime": {"datetime": "2024-01-19 01:35:08", "elapsed": 5028.022733, "delta": 0.004304}}
{"target": -13.758535042286253, "params": {"gamma": 896.9499597840199, "log10_alpha": -1.9608191733683202, "log10_colsample_bytree": -1.0, "log10_eta": -4.0, "log10_lambda": -4.715447292863601, "log10_min_child_weight": 0.31936868452386025, "log10_subsample": 0.0, "max_depth": 2.0, "num_boost_round": 4.0}, "datetime": {"datetime": "2024-01-19 01:35:08", "elapsed": 5028.026871, "delta": 0.004138}}
{"target": -13.758534615727891, "params": {"gamma": 896.9499597840199, "log10_alpha": -1.9608191733683202, "log10_colsample_bytree": -1.0, "log10_eta": -4.0, "log10_lambda": -4.715447292863601, "log10_min_child_weight": 0.31936868452386025, "log10_subsample": 0.0, "max_depth": 2.0, "num_boost_round": 5.0}, "datetime": {"datetime": "2024-01-19 01:35:08", "elapsed": 5028.030961, "delta": 0.00409}}
{"target": -13.758534454593953, "params": {"gamma": 896.9499597840199, "log10_alpha": -1.9608191733683202, "log10_colsample_bytree": -1.0, "log10_eta": -4.0, "log10_lambda": -4.715447292863601, "log10_min_child_weight": 0.31936868452386025, "log10_subsample": 0.0, "max_depth": 2.0, "num_boost_round": 6.0}, "datetime": {"datetime": "2024-01-19 01:35:08", "elapsed": 5028.035179, "delta": 0.004218}}
{"target": -13.758533359969464, "params": {"gamma": 896.9499597840199, "log10_alpha": -1.9608191733683202, "log10_colsample_bytree": -1.0, "log10_eta": -4.0, "log10_lambda": -4.715447292863601, "log10_min_child_weight": 0.31936868452386025, "log10_subsample": 0.0, "max_depth": 2.0, "num_boost_round": 7.0}, "datetime": {"datetime": "2024-01-19 01:35:08", "elapsed": 5028.039284, "delta": 0.004105}}
{"target": -13.758534110287025, "params": {"gamma": 896.9499597840199, "log10_alpha": -1.9608191733683202, "log10_colsample_bytree": -1.0, "log10_eta": -4.0, "log10_lambda": -4.715447292863601, "log10_min_child_weight": 0.31936868452386025, "log10_subsample": 0.0, "max_depth": 2.0, "num_boost_round": 8.0}, "datetime": {"datetime": "2024-01-19 01:35:08", "elapsed": 5028.043457, "delta": 0.004173}}
{"target": -13.758533257917486, "params": {"gamma": 896.9499597840199, "log10_alpha": -1.9608191733683202, "log10_colsample_bytree": -1.0, "log10_eta": -4.0, "log10_lambda": -4.715447292863601, "log10_min_child_weight": 0.31936868452386025, "log10_subsample": 0.0, "max_depth": 2.0, "num_boost_round": 9.0}, "datetime": {"datetime": "2024-01-19 01:35:08", "elapsed": 5028.047459, "delta": 0.004002}}
{"target": -13.75853579641827, "params": {"gamma": 871.0466706246054, "log10_alpha": -3.552890149083604, "log10_colsample_bytree": -0.6281383199568127, "log10_eta": -3.639335426354062, "log10_lambda": -0.5620237224245237, "log10_min_child_weight": 4.42764654262897, "log10_subsample": -0.7321213951825749, "max_depth": 5.0, "num_boost_round": 0.0}, "datetime": {"datetime": "2024-01-19 01:35:59", "elapsed": 5079.240734, "delta": 51.193275}}
{"target": -13.758535160510771, "params": {"gamma": 871.0466706246054, "log10_alpha": -3.552890149083604, "log10_colsample_bytree": -0.6281383199568127, "log10_eta": -3.639335426354062, "log10_lambda": -0.5620237224245237, "log10_min_child_weight": 4.42764654262897, "log10_subsample": -0.7321213951825749, "max_depth": 5.0, "num_boost_round": 1.0}, "datetime": {"datetime": "2024-01-19 01:35:59", "elapsed": 5079.245884, "delta": 0.00515}}
{"target": -13.75853549727225, "params": {"gamma": 871.0466706246054, "log10_alpha": -3.552890149083604, "log10_colsample_bytree": -0.6281383199568127, "log10_eta": -3.639335426354062, "log10_lambda": -0.5620237224245237, "log10_min_child_weight": 4.42764654262897, "log10_subsample": -0.7321213951825749, "max_depth": 5.0, "num_boost_round": 2.0}, "datetime": {"datetime": "2024-01-19 01:35:59", "elapsed": 5079.250305, "delta": 0.004421}}
{"target": -13.758534183064986, "params": {"gamma": 871.0466706246054, "log10_alpha": -3.552890149083604, "log10_colsample_bytree": -0.6281383199568127, "log10_eta": -3.639335426354062, "log10_lambda": -0.5620237224245237, "log10_min_child_weight": 4.42764654262897, "log10_subsample": -0.7321213951825749, "max_depth": 5.0, "num_boost_round": 3.0}, "datetime": {"datetime": "2024-01-19 01:35:59", "elapsed": 5079.254556, "delta": 0.004251}}
{"target": -13.758534189910433, "params": {"gamma": 871.0466706246054, "log10_alpha": -3.552890149083604, "log10_colsample_bytree": -0.6281383199568127, "log10_eta": -3.639335426354062, "log10_lambda": -0.5620237224245237, "log10_min_child_weight": 4.42764654262897, "log10_subsample": -0.7321213951825749, "max_depth": 5.0, "num_boost_round": 4.0}, "datetime": {"datetime": "2024-01-19 01:35:59", "elapsed": 5079.258785, "delta": 0.004229}}
{"target": -13.758533408235035, "params": {"gamma": 871.0466706246054, "log10_alpha": -3.552890149083604, "log10_colsample_bytree": -0.6281383199568127, "log10_eta": -3.639335426354062, "log10_lambda": -0.5620237224245237, "log10_min_child_weight": 4.42764654262897, "log10_subsample": -0.7321213951825749, "max_depth": 5.0, "num_boost_round": 5.0}, "datetime": {"datetime": "2024-01-19 01:35:59", "elapsed": 5079.262896, "delta": 0.004111}}
{"target": -13.758532241918145, "params": {"gamma": 871.0466706246054, "log10_alpha": -3.552890149083604, "log10_colsample_bytree": -0.6281383199568127, "log10_eta": -3.639335426354062, "log10_lambda": -0.5620237224245237, "log10_min_child_weight": 4.42764654262897, "log10_subsample": -0.7321213951825749, "max_depth": 5.0, "num_boost_round": 6.0}, "datetime": {"datetime": "2024-01-19 01:35:59", "elapsed": 5079.266989, "delta": 0.004093}}
{"target": -13.75852979711161, "params": {"gamma": 871.0466706246054, "log10_alpha": -3.552890149083604, "log10_colsample_bytree": -0.6281383199568127, "log10_eta": -3.639335426354062, "log10_lambda": -0.5620237224245237, "log10_min_child_weight": 4.42764654262897, "log10_subsample": -0.7321213951825749, "max_depth": 5.0, "num_boost_round": 7.0}, "datetime": {"datetime": "2024-01-19 01:35:59", "elapsed": 5079.271113, "delta": 0.004124}}
{"target": -13.75852943788069, "params": {"gamma": 871.0466706246054, "log10_alpha": -3.552890149083604, "log10_colsample_bytree": -0.6281383199568127, "log10_eta": -3.639335426354062, "log10_lambda": -0.5620237224245237, "log10_min_child_weight": 4.42764654262897, "log10_subsample": -0.7321213951825749, "max_depth": 5.0, "num_boost_round": 8.0}, "datetime": {"datetime": "2024-01-19 01:35:59", "elapsed": 5079.275279, "delta": 0.004166}}
{"target": -13.758529044137543, "params": {"gamma": 871.0466706246054, "log10_alpha": -3.552890149083604, "log10_colsample_bytree": -0.6281383199568127, "log10_eta": -3.639335426354062, "log10_lambda": -0.5620237224245237, "log10_min_child_weight": 4.42764654262897, "log10_subsample": -0.7321213951825749, "max_depth": 5.0, "num_boost_round": 9.0}, "datetime": {"datetime": "2024-01-19 01:35:59", "elapsed": 5079.279311, "delta": 0.004032}}
{"target": -13.758526690849996, "params": {"gamma": 871.0466706246054, "log10_alpha": -3.552890149083604, "log10_colsample_bytree": -0.6281383199568127, "log10_eta": -3.639335426354062, "log10_lambda": -0.5620237224245237, "log10_min_child_weight": 4.42764654262897, "log10_subsample": -0.7321213951825749, "max_depth": 5.0, "num_boost_round": 10.0}, "datetime": {"datetime": "2024-01-19 01:35:59", "elapsed": 5079.283537, "delta": 0.004226}}
{"target": -13.758526578881144, "params": {"gamma": 871.0466706246054, "log10_alpha": -3.552890149083604, "log10_colsample_bytree": -0.6281383199568127, "log10_eta": -3.639335426354062, "log10_lambda": -0.5620237224245237, "log10_min_child_weight": 4.42764654262897, "log10_subsample": -0.7321213951825749, "max_depth": 5.0, "num_boost_round": 11.0}, "datetime": {"datetime": "2024-01-19 01:35:59", "elapsed": 5079.287723, "delta": 0.004186}}
{"target": -13.758526234401671, "params": {"gamma": 871.0466706246054, "log10_alpha": -3.552890149083604, "log10_colsample_bytree": -0.6281383199568127, "log10_eta": -3.639335426354062, "log10_lambda": -0.5620237224245237, "log10_min_child_weight": 4.42764654262897, "log10_subsample": -0.7321213951825749, "max_depth": 5.0, "num_boost_round": 12.0}, "datetime": {"datetime": "2024-01-19 01:35:59", "elapsed": 5079.291928, "delta": 0.004205}}
{"target": -13.758525931909768, "params": {"gamma": 871.0466706246054, "log10_alpha": -3.552890149083604, "log10_colsample_bytree": -0.6281383199568127, "log10_eta": -3.639335426354062, "log10_lambda": -0.5620237224245237, "log10_min_child_weight": 4.42764654262897, "log10_subsample": -0.7321213951825749, "max_depth": 5.0, "num_boost_round": 13.0}, "datetime": {"datetime": "2024-01-19 01:35:59", "elapsed": 5079.296081, "delta": 0.004153}}
{"target": -13.758526017742716, "params": {"gamma": 871.0466706246054, "log10_alpha": -3.552890149083604, "log10_colsample_bytree": -0.6281383199568127, "log10_eta": -3.639335426354062, "log10_lambda": -0.5620237224245237, "log10_min_child_weight": 4.42764654262897, "log10_subsample": -0.7321213951825749, "max_depth": 5.0, "num_boost_round": 14.0}, "datetime": {"datetime": "2024-01-19 01:35:59", "elapsed": 5079.300153, "delta": 0.004072}}
{"target": -13.758523195551128, "params": {"gamma": 871.0466706246054, "log10_alpha": -3.552890149083604, "log10_colsample_bytree": -0.6281383199568127, "log10_eta": -3.639335426354062, "log10_lambda": -0.5620237224245237, "log10_min_child_weight": 4.42764654262897, "log10_subsample": -0.7321213951825749, "max_depth": 5.0, "num_boost_round": 15.0}, "datetime": {"datetime": "2024-01-19 01:35:59", "elapsed": 5079.304156, "delta": 0.004003}}
{"target": -13.758523432242027, "params": {"gamma": 871.0466706246054, "log10_alpha": -3.552890149083604, "log10_colsample_bytree": -0.6281383199568127, "log10_eta": -3.639335426354062, "log10_lambda": -0.5620237224245237, "log10_min_child_weight": 4.42764654262897, "log10_subsample": -0.7321213951825749, "max_depth": 5.0, "num_boost_round": 16.0}, "datetime": {"datetime": "2024-01-19 01:35:59", "elapsed": 5079.308345, "delta": 0.004189}}
{"target": -13.758523225027293, "params": {"gamma": 871.0466706246054, "log10_alpha": -3.552890149083604, "log10_colsample_bytree": -0.6281383199568127, "log10_eta": -3.639335426354062, "log10_lambda": -0.5620237224245237, "log10_min_child_weight": 4.42764654262897, "log10_subsample": -0.7321213951825749, "max_depth": 5.0, "num_boost_round": 17.0}, "datetime": {"datetime": "2024-01-19 01:35:59", "elapsed": 5079.312458, "delta": 0.004113}}
{"target": -13.758522013716055, "params": {"gamma": 871.0466706246054, "log10_alpha": -3.552890149083604, "log10_colsample_bytree": -0.6281383199568127, "log10_eta": -3.639335426354062, "log10_lambda": -0.5620237224245237, "log10_min_child_weight": 4.42764654262897, "log10_subsample": -0.7321213951825749, "max_depth": 5.0, "num_boost_round": 18.0}, "datetime": {"datetime": "2024-01-19 01:35:59", "elapsed": 5079.316473, "delta": 0.004015}}
{"target": -13.758521979346003, "params": {"gamma": 871.0466706246054, "log10_alpha": -3.552890149083604, "log10_colsample_bytree": -0.6281383199568127, "log10_eta": -3.639335426354062, "log10_lambda": -0.5620237224245237, "log10_min_child_weight": 4.42764654262897, "log10_subsample": -0.7321213951825749, "max_depth": 5.0, "num_boost_round": 19.0}, "datetime": {"datetime": "2024-01-19 01:35:59", "elapsed": 5079.320914, "delta": 0.004441}}
{"target": -13.75786704858484, "params": {"gamma": 858.6448682018809, "log10_alpha": -0.10762572300508477, "log10_colsample_bytree": -0.572329861203211, "log10_eta": -0.7879592299127647, "log10_lambda": -4.472597400473144, "log10_min_child_weight": 4.88465882860956, "log10_subsample": -0.9462855850904637, "max_depth": 8.0, "num_boost_round": 0.0}, "datetime": {"datetime": "2024-01-19 01:36:43", "elapsed": 5123.062144, "delta": 43.74123}}
{"target": -13.758350737470757, "params": {"gamma": 858.6448682018809, "log10_alpha": -0.10762572300508477, "log10_colsample_bytree": -0.572329861203211, "log10_eta": -0.7879592299127647, "log10_lambda": -4.472597400473144, "log10_min_child_weight": 4.88465882860956, "log10_subsample": -0.9462855850904637, "max_depth": 8.0, "num_boost_round": 1.0}, "datetime": {"datetime": "2024-01-19 01:36:43", "elapsed": 5123.066851, "delta": 0.004707}}
{"target": -13.758913953643745, "params": {"gamma": 858.6448682018809, "log10_alpha": -0.10762572300508477, "log10_colsample_bytree": -0.572329861203211, "log10_eta": -0.7879592299127647, "log10_lambda": -4.472597400473144, "log10_min_child_weight": 4.88465882860956, "log10_subsample": -0.9462855850904637, "max_depth": 8.0, "num_boost_round": 2.0}, "datetime": {"datetime": "2024-01-19 01:36:43", "elapsed": 5123.07087, "delta": 0.004019}}
{"target": -13.759388188622733, "params": {"gamma": 858.6448682018809, "log10_alpha": -0.10762572300508477, "log10_colsample_bytree": -0.572329861203211, "log10_eta": -0.7879592299127647, "log10_lambda": -4.472597400473144, "log10_min_child_weight": 4.88465882860956, "log10_subsample": -0.9462855850904637, "max_depth": 8.0, "num_boost_round": 3.0}, "datetime": {"datetime": "2024-01-19 01:36:43", "elapsed": 5123.075112, "delta": 0.004242}}
{"target": -13.759601163039926, "params": {"gamma": 858.6448682018809, "log10_alpha": -0.10762572300508477, "log10_colsample_bytree": -0.572329861203211, "log10_eta": -0.7879592299127647, "log10_lambda": -4.472597400473144, "log10_min_child_weight": 4.88465882860956, "log10_subsample": -0.9462855850904637, "max_depth": 8.0, "num_boost_round": 4.0}, "datetime": {"datetime": "2024-01-19 01:36:43", "elapsed": 5123.079371, "delta": 0.004259}}
{"target": -13.760260435898692, "params": {"gamma": 858.6448682018809, "log10_alpha": -0.10762572300508477, "log10_colsample_bytree": -0.572329861203211, "log10_eta": -0.7879592299127647, "log10_lambda": -4.472597400473144, "log10_min_child_weight": 4.88465882860956, "log10_subsample": -0.9462855850904637, "max_depth": 8.0, "num_boost_round": 5.0}, "datetime": {"datetime": "2024-01-19 01:36:43", "elapsed": 5123.083671, "delta": 0.0043}}
{"target": -13.760502711936969, "params": {"gamma": 858.6448682018809, "log10_alpha": -0.10762572300508477, "log10_colsample_bytree": -0.572329861203211, "log10_eta": -0.7879592299127647, "log10_lambda": -4.472597400473144, "log10_min_child_weight": 4.88465882860956, "log10_subsample": -0.9462855850904637, "max_depth": 8.0, "num_boost_round": 6.0}, "datetime": {"datetime": "2024-01-19 01:36:43", "elapsed": 5123.087925, "delta": 0.004254}}
{"target": -13.761043248791795, "params": {"gamma": 858.6448682018809, "log10_alpha": -0.10762572300508477, "log10_colsample_bytree": -0.572329861203211, "log10_eta": -0.7879592299127647, "log10_lambda": -4.472597400473144, "log10_min_child_weight": 4.88465882860956, "log10_subsample": -0.9462855850904637, "max_depth": 8.0, "num_boost_round": 7.0}, "datetime": {"datetime": "2024-01-19 01:36:43", "elapsed": 5123.091897, "delta": 0.003972}}
{"target": -13.761253615785522, "params": {"gamma": 858.6448682018809, "log10_alpha": -0.10762572300508477, "log10_colsample_bytree": -0.572329861203211, "log10_eta": -0.7879592299127647, "log10_lambda": -4.472597400473144, "log10_min_child_weight": 4.88465882860956, "log10_subsample": -0.9462855850904637, "max_depth": 8.0, "num_boost_round": 8.0}, "datetime": {"datetime": "2024-01-19 01:36:43", "elapsed": 5123.095861, "delta": 0.003964}}
{"target": -13.761621697333455, "params": {"gamma": 858.6448682018809, "log10_alpha": -0.10762572300508477, "log10_colsample_bytree": -0.572329861203211, "log10_eta": -0.7879592299127647, "log10_lambda": -4.472597400473144, "log10_min_child_weight": 4.88465882860956, "log10_subsample": -0.9462855850904637, "max_depth": 8.0, "num_boost_round": 9.0}, "datetime": {"datetime": "2024-01-19 01:36:43", "elapsed": 5123.10002, "delta": 0.004159}}
{"target": -13.761154489602278, "params": {"gamma": 858.6448682018809, "log10_alpha": -0.10762572300508477, "log10_colsample_bytree": -0.572329861203211, "log10_eta": -0.7879592299127647, "log10_lambda": -4.472597400473144, "log10_min_child_weight": 4.88465882860956, "log10_subsample": -0.9462855850904637, "max_depth": 8.0, "num_boost_round": 10.0}, "datetime": {"datetime": "2024-01-19 01:36:43", "elapsed": 5123.10407, "delta": 0.00405}}
{"target": -13.760761073043076, "params": {"gamma": 858.6448682018809, "log10_alpha": -0.10762572300508477, "log10_colsample_bytree": -0.572329861203211, "log10_eta": -0.7879592299127647, "log10_lambda": -4.472597400473144, "log10_min_child_weight": 4.88465882860956, "log10_subsample": -0.9462855850904637, "max_depth": 8.0, "num_boost_round": 11.0}, "datetime": {"datetime": "2024-01-19 01:36:43", "elapsed": 5123.108065, "delta": 0.003995}}
{"target": -13.758486003661906, "params": {"gamma": 897.4538016069891, "log10_alpha": -2.9702076407847935, "log10_colsample_bytree": -0.7572278119327452, "log10_eta": -2.99021410389754, "log10_lambda": 0.8271895717017266, "log10_min_child_weight": 0.8803842235962467, "log10_subsample": -0.4494296688876619, "max_depth": 7.0, "num_boost_round": 0.0}, "datetime": {"datetime": "2024-01-19 01:37:33", "elapsed": 5173.323616, "delta": 50.215551}}
{"target": -13.758446951959984, "params": {"gamma": 897.4538016069891, "log10_alpha": -2.9702076407847935, "log10_colsample_bytree": -0.7572278119327452, "log10_eta": -2.99021410389754, "log10_lambda": 0.8271895717017266, "log10_min_child_weight": 0.8803842235962467, "log10_subsample": -0.4494296688876619, "max_depth": 7.0, "num_boost_round": 1.0}, "datetime": {"datetime": "2024-01-19 01:37:33", "elapsed": 5173.328182, "delta": 0.004566}}
{"target": -13.758384595652432, "params": {"gamma": 897.4538016069891, "log10_alpha": -2.9702076407847935, "log10_colsample_bytree": -0.7572278119327452, "log10_eta": -2.99021410389754, "log10_lambda": 0.8271895717017266, "log10_min_child_weight": 0.8803842235962467, "log10_subsample": -0.4494296688876619, "max_depth": 7.0, "num_boost_round": 2.0}, "datetime": {"datetime": "2024-01-19 01:37:33", "elapsed": 5173.332298, "delta": 0.004116}}
