{"target": -17.677210028124815, "params": {"gamma": 52.34809883668423, "log10_alpha": -4.256887498530285, "log10_colsample_bytree": -0.3780939871450639, "log10_eta": -3.904747457909068, "log10_lambda": 0.07165676590226155, "log10_min_child_weight": 3.723163508168269, "log10_subsample": -0.8887958854940554, "max_depth": 8.0, "num_boost_round": 29.0}, "datetime": {"datetime": "2024-01-19 01:45:28", "elapsed": 5681.993946, "delta": 0.004859}}
{"target": -17.67720976980276, "params": {"gamma": 52.34809883668423, "log10_alpha": -4.256887498530285, "log10_colsample_bytree": -0.3780939871450639, "log10_eta": -3.904747457909068, "log10_lambda": 0.07165676590226155, "log10_min_child_weight": 3.723163508168269, "log10_subsample": -0.8887958854940554, "max_depth": 8.0, "num_boost_round": 30.0}, "datetime": {"datetime": "2024-01-19 01:45:28", "elapsed": 5681.998762, "delta": 0.004816}}
{"target": -17.677208791064256, "params": {"gamma": 52.34809883668423, "log10_alpha": -4.256887498530285, "log10_colsample_bytree": -0.3780939871450639, "log10_eta": -3.904747457909068, "log10_lambda": 0.07165676590226155, "log10_min_child_weight": 3.723163508168269, "log10_subsample": -0.8887958854940554, "max_depth": 8.0, "num_boost_round": 31.0}, "datetime": {"datetime": "2024-01-19 01:45:28", "elapsed": 5682.00341, "delta": 0.004648}}
{"target": -17.67721295953118, "params": {"gamma": 52.34809883668423, "log10_alpha": -4.256887498530285, "log10_colsample_bytree": -0.3780939871450639, "log10_eta": -3.904747457909068, "log10_lambda": 0.07165676590226155, "log10_min_child_weight": 3.723163508168269, "log10_subsample": -0.8887958854940554, "max_depth": 8.0, "num_boost_round": 32.0}, "datetime": {"datetime": "2024-01-19 01:45:28", "elapsed": 5682.008327, "delta": 0.004917}}
{"target": -17.677216188369908, "params": {"gamma": 52.34809883668423, "log10_alpha": -4.256887498530285, "log10_colsample_bytree": -0.3780939871450639, "log10_eta": -3.904747457909068, "log10_lambda": 0.07165676590226155, "log10_min_child_weight": 3.723163508168269, "log10_subsample": -0.8887958854940554, "max_depth": 8.0, "num_boost_round": 33.0}, "datetime": {"datetime": "2024-01-19 01:45:28", "elapsed": 5682.01331, "delta": 0.004983}}
{"target": -17.677217736771915, "params": {"gamma": 52.34809883668423, "log10_alpha": -4.256887498530285, "log10_colsample_bytree": -0.3780939871450639, "log10_eta": -3.904747457909068, "log10_lambda": 0.07165676590226155, "log10_min_child_weight": 3.723163508168269, "log10_subsample": -0.8887958854940554, "max_depth": 8.0, "num_boost_round": 34.0}, "datetime": {"datetime": "2024-01-19 01:45:28", "elapsed": 5682.018157, "delta": 0.004847}}
{"target": -17.6772184729877, "params": {"gamma": 52.34809883668423, "log10_alpha": -4.256887498530285, "log10_colsample_bytree": -0.3780939871450639, "log10_eta": -3.904747457909068, "log10_lambda": 0.07165676590226155, "log10_min_child_weight": 3.723163508168269, "log10_subsample": -0.8887958854940554, "max_depth": 8.0, "num_boost_round": 35.0}, "datetime": {"datetime": "2024-01-19 01:45:28", "elapsed": 5682.023047, "delta": 0.00489}}
{"target": -17.67721876532038, "params": {"gamma": 52.34809883668423, "log10_alpha": -4.256887498530285, "log10_colsample_bytree": -0.3780939871450639, "log10_eta": -3.904747457909068, "log10_lambda": 0.07165676590226155, "log10_min_child_weight": 3.723163508168269, "log10_subsample": -0.8887958854940554, "max_depth": 8.0, "num_boost_round": 36.0}, "datetime": {"datetime": "2024-01-19 01:45:28", "elapsed": 5682.028776, "delta": 0.005729}}
{"target": -17.677220258734355, "params": {"gamma": 52.34809883668423, "log10_alpha": -4.256887498530285, "log10_colsample_bytree": -0.3780939871450639, "log10_eta": -3.904747457909068, "log10_lambda": 0.07165676590226155, "log10_min_child_weight": 3.723163508168269, "log10_subsample": -0.8887958854940554, "max_depth": 8.0, "num_boost_round": 37.0}, "datetime": {"datetime": "2024-01-19 01:45:28", "elapsed": 5682.033945, "delta": 0.005169}}
{"target": -17.677220572270986, "params": {"gamma": 52.34809883668423, "log10_alpha": -4.256887498530285, "log10_colsample_bytree": -0.3780939871450639, "log10_eta": -3.904747457909068, "log10_lambda": 0.07165676590226155, "log10_min_child_weight": 3.723163508168269, "log10_subsample": -0.8887958854940554, "max_depth": 8.0, "num_boost_round": 38.0}, "datetime": {"datetime": "2024-01-19 01:45:28", "elapsed": 5682.038736, "delta": 0.004791}}
{"target": -17.677220502098535, "params": {"gamma": 52.34809883668423, "log10_alpha": -4.256887498530285, "log10_colsample_bytree": -0.3780939871450639, "log10_eta": -3.904747457909068, "log10_lambda": 0.07165676590226155, "log10_min_child_weight": 3.723163508168269, "log10_subsample": -0.8887958854940554, "max_depth": 8.0, "num_boost_round": 39.0}, "datetime": {"datetime": "2024-01-19 01:45:28", "elapsed": 5682.043432, "delta": 0.004696}}
{"target": -17.67721904617559, "params": {"gamma": 52.34809883668423, "log10_alpha": -4.256887498530285, "log10_colsample_bytree": -0.3780939871450639, "log10_eta": -3.904747457909068, "log10_lambda": 0.07165676590226155, "log10_min_child_weight": 3.723163508168269, "log10_subsample": -0.8887958854940554, "max_depth": 8.0, "num_boost_round": 40.0}, "datetime": {"datetime": "2024-01-19 01:45:28", "elapsed": 5682.048077, "delta": 0.004645}}
{"target": -17.677221735375827, "params": {"gamma": 52.34809883668423, "log10_alpha": -4.256887498530285, "log10_colsample_bytree": -0.3780939871450639, "log10_eta": -3.904747457909068, "log10_lambda": 0.07165676590226155, "log10_min_child_weight": 3.723163508168269, "log10_subsample": -0.8887958854940554, "max_depth": 8.0, "num_boost_round": 41.0}, "datetime": {"datetime": "2024-01-19 01:45:28", "elapsed": 5682.052881, "delta": 0.004804}}
{"target": -17.67722306465503, "params": {"gamma": 52.34809883668423, "log10_alpha": -4.256887498530285, "log10_colsample_bytree": -0.3780939871450639, "log10_eta": -3.904747457909068, "log10_lambda": 0.07165676590226155, "log10_min_child_weight": 3.723163508168269, "log10_subsample": -0.8887958854940554, "max_depth": 8.0, "num_boost_round": 42.0}, "datetime": {"datetime": "2024-01-19 01:45:28", "elapsed": 5682.057506, "delta": 0.004625}}
{"target": -17.67722569120799, "params": {"gamma": 52.34809883668423, "log10_alpha": -4.256887498530285, "log10_colsample_bytree": -0.3780939871450639, "log10_eta": -3.904747457909068, "log10_lambda": 0.07165676590226155, "log10_min_child_weight": 3.723163508168269, "log10_subsample": -0.8887958854940554, "max_depth": 8.0, "num_boost_round": 43.0}, "datetime": {"datetime": "2024-01-19 01:45:28", "elapsed": 5682.062146, "delta": 0.00464}}
{"target": -17.67722843030733, "params": {"gamma": 52.34809883668423, "log10_alpha": -4.256887498530285, "log10_colsample_bytree": -0.3780939871450639, "log10_eta": -3.904747457909068, "log10_lambda": 0.07165676590226155, "log10_min_child_weight": 3.723163508168269, "log10_subsample": -0.8887958854940554, "max_depth": 8.0, "num_boost_round": 44.0}, "datetime": {"datetime": "2024-01-19 01:45:28", "elapsed": 5682.066815, "delta": 0.004669}}
{"target": -17.67722749718938, "params": {"gamma": 52.34809883668423, "log10_alpha": -4.256887498530285, "log10_colsample_bytree": -0.3780939871450639, "log10_eta": -3.904747457909068, "log10_lambda": 0.07165676590226155, "log10_min_child_weight": 3.723163508168269, "log10_subsample": -0.8887958854940554, "max_depth": 8.0, "num_boost_round": 45.0}, "datetime": {"datetime": "2024-01-19 01:45:28", "elapsed": 5682.07175, "delta": 0.004935}}
{"target": -17.67723078072493, "params": {"gamma": 52.34809883668423, "log10_alpha": -4.256887498530285, "log10_colsample_bytree": -0.3780939871450639, "log10_eta": -3.904747457909068, "log10_lambda": 0.07165676590226155, "log10_min_child_weight": 3.723163508168269, "log10_subsample": -0.8887958854940554, "max_depth": 8.0, "num_boost_round": 46.0}, "datetime": {"datetime": "2024-01-19 01:45:28", "elapsed": 5682.076523, "delta": 0.004773}}
{"target": -17.677229631390286, "params": {"gamma": 52.34809883668423, "log10_alpha": -4.256887498530285, "log10_colsample_bytree": -0.3780939871450639, "log10_eta": -3.904747457909068, "log10_lambda": 0.07165676590226155, "log10_min_child_weight": 3.723163508168269, "log10_subsample": -0.8887958854940554, "max_depth": 8.0, "num_boost_round": 47.0}, "datetime": {"datetime": "2024-01-19 01:45:28", "elapsed": 5682.081151, "delta": 0.004628}}
{"target": -17.677165709401542, "params": {"gamma": 53.03852280019339, "log10_alpha": -1.9081311723642367, "log10_colsample_bytree": -0.1312965668387508, "log10_eta": -2.5379057974196555, "log10_lambda": -0.6528329443750742, "log10_min_child_weight": 3.366629759903319, "log10_subsample": -0.7061852645445732, "max_depth": 2.0, "num_boost_round": 0.0}, "datetime": {"datetime": "2024-01-19 01:46:11", "elapsed": 5725.65052, "delta": 43.569369}}
{"target": -17.677102113601393, "params": {"gamma": 53.03852280019339, "log10_alpha": -1.9081311723642367, "log10_colsample_bytree": -0.1312965668387508, "log10_eta": -2.5379057974196555, "log10_lambda": -0.6528329443750742, "log10_min_child_weight": 3.366629759903319, "log10_subsample": -0.7061852645445732, "max_depth": 2.0, "num_boost_round": 1.0}, "datetime": {"datetime": "2024-01-19 01:46:11", "elapsed": 5725.656625, "delta": 0.006105}}
{"target": -17.677026501926075, "params": {"gamma": 53.03852280019339, "log10_alpha": -1.9081311723642367, "log10_colsample_bytree": -0.1312965668387508, "log10_eta": -2.5379057974196555, "log10_lambda": -0.6528329443750742, "log10_min_child_weight": 3.366629759903319, "log10_subsample": -0.7061852645445732, "max_depth": 2.0, "num_boost_round": 2.0}, "datetime": {"datetime": "2024-01-19 01:46:12", "elapsed": 5725.847535, "delta": 0.19091}}
{"target": -17.676990789169896, "params": {"gamma": 53.03852280019339, "log10_alpha": -1.9081311723642367, "log10_colsample_bytree": -0.1312965668387508, "log10_eta": -2.5379057974196555, "log10_lambda": -0.6528329443750742, "log10_min_child_weight": 3.366629759903319, "log10_subsample": -0.7061852645445732, "max_depth": 2.0, "num_boost_round": 3.0}, "datetime": {"datetime": "2024-01-19 01:46:12", "elapsed": 5725.85395, "delta": 0.006415}}
{"target": -17.6769567217878, "params": {"gamma": 53.03852280019339, "log10_alpha": -1.9081311723642367, "log10_colsample_bytree": -0.1312965668387508, "log10_eta": -2.5379057974196555, "log10_lambda": -0.6528329443750742, "log10_min_child_weight": 3.366629759903319, "log10_subsample": -0.7061852645445732, "max_depth": 2.0, "num_boost_round": 4.0}, "datetime": {"datetime": "2024-01-19 01:46:12", "elapsed": 5725.859848, "delta": 0.005898}}
{"target": -17.676892625056617, "params": {"gamma": 53.03852280019339, "log10_alpha": -1.9081311723642367, "log10_colsample_bytree": -0.1312965668387508, "log10_eta": -2.5379057974196555, "log10_lambda": -0.6528329443750742, "log10_min_child_weight": 3.366629759903319, "log10_subsample": -0.7061852645445732, "max_depth": 2.0, "num_boost_round": 5.0}, "datetime": {"datetime": "2024-01-19 01:46:12", "elapsed": 5725.865487, "delta": 0.005639}}
{"target": -17.676826009106136, "params": {"gamma": 53.03852280019339, "log10_alpha": -1.9081311723642367, "log10_colsample_bytree": -0.1312965668387508, "log10_eta": -2.5379057974196555, "log10_lambda": -0.6528329443750742, "log10_min_child_weight": 3.366629759903319, "log10_subsample": -0.7061852645445732, "max_depth": 2.0, "num_boost_round": 6.0}, "datetime": {"datetime": "2024-01-19 01:46:12", "elapsed": 5725.870963, "delta": 0.005476}}
{"target": -17.676769018720893, "params": {"gamma": 53.03852280019339, "log10_alpha": -1.9081311723642367, "log10_colsample_bytree": -0.1312965668387508, "log10_eta": -2.5379057974196555, "log10_lambda": -0.6528329443750742, "log10_min_child_weight": 3.366629759903319, "log10_subsample": -0.7061852645445732, "max_depth": 2.0, "num_boost_round": 7.0}, "datetime": {"datetime": "2024-01-19 01:46:12", "elapsed": 5725.876368, "delta": 0.005405}}
{"target": -17.676703121212928, "params": {"gamma": 53.03852280019339, "log10_alpha": -1.9081311723642367, "log10_colsample_bytree": -0.1312965668387508, "log10_eta": -2.5379057974196555, "log10_lambda": -0.6528329443750742, "log10_min_child_weight": 3.366629759903319, "log10_subsample": -0.7061852645445732, "max_depth": 2.0, "num_boost_round": 8.0}, "datetime": {"datetime": "2024-01-19 01:46:12", "elapsed": 5725.881958, "delta": 0.00559}}
{"target": -17.67664963157055, "params": {"gamma": 53.03852280019339, "log10_alpha": -1.9081311723642367, "log10_colsample_bytree": -0.1312965668387508, "log10_eta": -2.5379057974196555, "log10_lambda": -0.6528329443750742, "log10_min_child_weight": 3.366629759903319, "log10_subsample": -0.7061852645445732, "max_depth": 2.0, "num_boost_round": 9.0}, "datetime": {"datetime": "2024-01-19 01:46:12", "elapsed": 5725.88714, "delta": 0.005182}}
{"target": -17.676593773528218, "params": {"gamma": 53.03852280019339, "log10_alpha": -1.9081311723642367, "log10_colsample_bytree": -0.1312965668387508, "log10_eta": -2.5379057974196555, "log10_lambda": -0.6528329443750742, "log10_min_child_weight": 3.366629759903319, "log10_subsample": -0.7061852645445732, "max_depth": 2.0, "num_boost_round": 10.0}, "datetime": {"datetime": "2024-01-19 01:46:12", "elapsed": 5725.892246, "delta": 0.005106}}
{"target": -17.676520882197433, "params": {"gamma": 53.03852280019339, "log10_alpha": -1.9081311723642367, "log10_colsample_bytree": -0.1312965668387508, "log10_eta": -2.5379057974196555, "log10_lambda": -0.6528329443750742, "log10_min_child_weight": 3.366629759903319, "log10_subsample": -0.7061852645445732, "max_depth": 2.0, "num_boost_round": 11.0}, "datetime": {"datetime": "2024-01-19 01:46:12", "elapsed": 5725.897106, "delta": 0.00486}}
{"target": -17.676463213396023, "params": {"gamma": 53.03852280019339, "log10_alpha": -1.9081311723642367, "log10_colsample_bytree": -0.1312965668387508, "log10_eta": -2.5379057974196555, "log10_lambda": -0.6528329443750742, "log10_min_child_weight": 3.366629759903319, "log10_subsample": -0.7061852645445732, "max_depth": 2.0, "num_boost_round": 12.0}, "datetime": {"datetime": "2024-01-19 01:46:12", "elapsed": 5725.901985, "delta": 0.004879}}
{"target": -17.67641172682851, "params": {"gamma": 53.03852280019339, "log10_alpha": -1.9081311723642367, "log10_colsample_bytree": -0.1312965668387508, "log10_eta": -2.5379057974196555, "log10_lambda": -0.6528329443750742, "log10_min_child_weight": 3.366629759903319, "log10_subsample": -0.7061852645445732, "max_depth": 2.0, "num_boost_round": 13.0}, "datetime": {"datetime": "2024-01-19 01:46:12", "elapsed": 5725.90683, "delta": 0.004845}}
{"target": -17.677227131501127, "params": {"gamma": 44.67332743248009, "log10_alpha": -1.1521435370444304, "log10_colsample_bytree": -0.3071351869122746, "log10_eta": -3.909940080568927, "log10_lambda": -3.9329050277512607, "log10_min_child_weight": 0.45679048823057566, "log10_subsample": -0.6287227891065796, "max_depth": 6.0, "num_boost_round": 0.0}, "datetime": {"datetime": "2024-01-19 01:47:21", "elapsed": 5795.60002, "delta": 69.69319}}
{"target": -17.677213596191017, "params": {"gamma": 44.67332743248009, "log10_alpha": -1.1521435370444304, "log10_colsample_bytree": -0.3071351869122746, "log10_eta": -3.909940080568927, "log10_lambda": -3.9329050277512607, "log10_min_child_weight": 0.45679048823057566, "log10_subsample": -0.6287227891065796, "max_depth": 6.0, "num_boost_round": 1.0}, "datetime": {"datetime": "2024-01-19 01:47:21", "elapsed": 5795.605325, "delta": 0.005305}}
{"target": -17.677212434988256, "params": {"gamma": 44.67332743248009, "log10_alpha": -1.1521435370444304, "log10_colsample_bytree": -0.3071351869122746, "log10_eta": -3.909940080568927, "log10_lambda": -3.9329050277512607, "log10_min_child_weight": 0.45679048823057566, "log10_subsample": -0.6287227891065796, "max_depth": 6.0, "num_boost_round": 2.0}, "datetime": {"datetime": "2024-01-19 01:47:21", "elapsed": 5795.610621, "delta": 0.005296}}
{"target": -17.6772171208394, "params": {"gamma": 44.67332743248009, "log10_alpha": -1.1521435370444304, "log10_colsample_bytree": -0.3071351869122746, "log10_eta": -3.909940080568927, "log10_lambda": -3.9329050277512607, "log10_min_child_weight": 0.45679048823057566, "log10_subsample": -0.6287227891065796, "max_depth": 6.0, "num_boost_round": 3.0}, "datetime": {"datetime": "2024-01-19 01:47:21", "elapsed": 5795.61525, "delta": 0.004629}}
{"target": -17.677214701403916, "params": {"gamma": 44.67332743248009, "log10_alpha": -1.1521435370444304, "log10_colsample_bytree": -0.3071351869122746, "log10_eta": -3.909940080568927, "log10_lambda": -3.9329050277512607, "log10_min_child_weight": 0.45679048823057566, "log10_subsample": -0.6287227891065796, "max_depth": 6.0, "num_boost_round": 4.0}, "datetime": {"datetime": "2024-01-19 01:47:21", "elapsed": 5795.619989, "delta": 0.004739}}
{"target": -17.677200604207176, "params": {"gamma": 44.67332743248009, "log10_alpha": -1.1521435370444304, "log10_colsample_bytree": -0.3071351869122746, "log10_eta": -3.909940080568927, "log10_lambda": -3.9329050277512607, "log10_min_child_weight": 0.45679048823057566, "log10_subsample": -0.6287227891065796, "max_depth": 6.0, "num_boost_round": 5.0}, "datetime": {"datetime": "2024-01-19 01:47:21", "elapsed": 5795.624507, "delta": 0.004518}}
{"target": -17.67719900343577, "params": {"gamma": 44.67332743248009, "log10_alpha": -1.1521435370444304, "log10_colsample_bytree": -0.3071351869122746, "log10_eta": -3.909940080568927, "log10_lambda": -3.9329050277512607, "log10_min_child_weight": 0.45679048823057566, "log10_subsample": -0.6287227891065796, "max_depth": 6.0, "num_boost_round": 6.0}, "datetime": {"datetime": "2024-01-19 01:47:21", "elapsed": 5795.62905, "delta": 0.004543}}
{"target": -17.677196886518217, "params": {"gamma": 44.67332743248009, "log10_alpha": -1.1521435370444304, "log10_colsample_bytree": -0.3071351869122746, "log10_eta": -3.909940080568927, "log10_lambda": -3.9329050277512607, "log10_min_child_weight": 0.45679048823057566, "log10_subsample": -0.6287227891065796, "max_depth": 6.0, "num_boost_round": 7.0}, "datetime": {"datetime": "2024-01-19 01:47:21", "elapsed": 5795.633767, "delta": 0.004717}}
{"target": -17.677185461672668, "params": {"gamma": 44.67332743248009, "log10_alpha": -1.1521435370444304, "log10_colsample_bytree": -0.3071351869122746, "log10_eta": -3.909940080568927, "log10_lambda": -3.9329050277512607, "log10_min_child_weight": 0.45679048823057566, "log10_subsample": -0.6287227891065796, "max_depth": 6.0, "num_boost_round": 8.0}, "datetime": {"datetime": "2024-01-19 01:47:21", "elapsed": 5795.638563, "delta": 0.004796}}
{"target": -17.677180238987702, "params": {"gamma": 44.67332743248009, "log10_alpha": -1.1521435370444304, "log10_colsample_bytree": -0.3071351869122746, "log10_eta": -3.909940080568927, "log10_lambda": -3.9329050277512607, "log10_min_child_weight": 0.45679048823057566, "log10_subsample": -0.6287227891065796, "max_depth": 6.0, "num_boost_round": 9.0}, "datetime": {"datetime": "2024-01-19 01:47:21", "elapsed": 5795.643043, "delta": 0.00448}}
{"target": -17.67717582747935, "params": {"gamma": 44.67332743248009, "log10_alpha": -1.1521435370444304, "log10_colsample_bytree": -0.3071351869122746, "log10_eta": -3.909940080568927, "log10_lambda": -3.9329050277512607, "log10_min_child_weight": 0.45679048823057566, "log10_subsample": -0.6287227891065796, "max_depth": 6.0, "num_boost_round": 10.0}, "datetime": {"datetime": "2024-01-19 01:47:21", "elapsed": 5795.647542, "delta": 0.004499}}
{"target": -17.677169914455757, "params": {"gamma": 44.67332743248009, "log10_alpha": -1.1521435370444304, "log10_colsample_bytree": -0.3071351869122746, "log10_eta": -3.909940080568927, "log10_lambda": -3.9329050277512607, "log10_min_child_weight": 0.45679048823057566, "log10_subsample": -0.6287227891065796, "max_depth": 6.0, "num_boost_round": 11.0}, "datetime": {"datetime": "2024-01-19 01:47:21", "elapsed": 5795.652088, "delta": 0.004546}}
{"target": -17.677159530812418, "params": {"gamma": 44.67332743248009, "log10_alpha": -1.1521435370444304, "log10_colsample_bytree": -0.3071351869122746, "log10_eta": -3.909940080568927, "log10_lambda": -3.9329050277512607, "log10_min_child_weight": 0.45679048823057566, "log10_subsample": -0.6287227891065796, "max_depth": 6.0, "num_boost_round": 12.0}, "datetime": {"datetime": "2024-01-19 01:47:21", "elapsed": 5795.657003, "delta": 0.004915}}
{"target": -17.67715161160901, "params": {"gamma": 44.67332743248009, "log10_alpha": -1.1521435370444304, "log10_colsample_bytree": -0.3071351869122746, "log10_eta": -3.909940080568927, "log10_lambda": -3.9329050277512607, "log10_min_child_weight": 0.45679048823057566, "log10_subsample": -0.6287227891065796, "max_depth": 6.0, "num_boost_round": 13.0}, "datetime": {"datetime": "2024-01-19 01:47:21", "elapsed": 5795.661739, "delta": 0.004736}}
{"target": -17.677154998727218, "params": {"gamma": 44.67332743248009, "log10_alpha": -1.1521435370444304, "log10_colsample_bytree": -0.3071351869122746, "log10_eta": -3.909940080568927, "log10_lambda": -3.9329050277512607, "log10_min_child_weight": 0.45679048823057566, "log10_subsample": -0.6287227891065796, "max_depth": 6.0, "num_boost_round": 14.0}, "datetime": {"datetime": "2024-01-19 01:47:21", "elapsed": 5795.666398, "delta": 0.004659}}
{"target": -17.677152859518564, "params": {"gamma": 44.67332743248009, "log10_alpha": -1.1521435370444304, "log10_colsample_bytree": -0.3071351869122746, "log10_eta": -3.909940080568927, "log10_lambda": -3.9329050277512607, "log10_min_child_weight": 0.45679048823057566, "log10_subsample": -0.6287227891065796, "max_depth": 6.0, "num_boost_round": 15.0}, "datetime": {"datetime": "2024-01-19 01:47:21", "elapsed": 5795.671036, "delta": 0.004638}}
