{"target": -13.756708578519877, "params": {"gamma": 876.6122112010725, "log10_alpha": -3.7676104255593073, "log10_colsample_bytree": -0.7973954956082667, "log10_eta": -2.403533535185922, "log10_lambda": -0.6283678450986647, "log10_min_child_weight": 1.7442811941074026, "log10_subsample": -0.9691792090915724, "max_depth": 6.0, "num_boost_round": 22.0}, "datetime": {"datetime": "2024-01-19 00:50:50", "elapsed": 2354.542424, "delta": 0.003181}}
{"target": -13.756616852998343, "params": {"gamma": 876.6122112010725, "log10_alpha": -3.7676104255593073, "log10_colsample_bytree": -0.7973954956082667, "log10_eta": -2.403533535185922, "log10_lambda": -0.6283678450986647, "log10_min_child_weight": 1.7442811941074026, "log10_subsample": -0.9691792090915724, "max_depth": 6.0, "num_boost_round": 23.0}, "datetime": {"datetime": "2024-01-19 00:50:50", "elapsed": 2354.545532, "delta": 0.003108}}
{"target": -13.75657456820912, "params": {"gamma": 876.6122112010725, "log10_alpha": -3.7676104255593073, "log10_colsample_bytree": -0.7973954956082667, "log10_eta": -2.403533535185922, "log10_lambda": -0.6283678450986647, "log10_min_child_weight": 1.7442811941074026, "log10_subsample": -0.9691792090915724, "max_depth": 6.0, "num_boost_round": 24.0}, "datetime": {"datetime": "2024-01-19 00:50:50", "elapsed": 2354.548648, "delta": 0.003116}}
{"target": -13.756437166934997, "params": {"gamma": 876.6122112010725, "log10_alpha": -3.7676104255593073, "log10_colsample_bytree": -0.7973954956082667, "log10_eta": -2.403533535185922, "log10_lambda": -0.6283678450986647, "log10_min_child_weight": 1.7442811941074026, "log10_subsample": -0.9691792090915724, "max_depth": 6.0, "num_boost_round": 25.0}, "datetime": {"datetime": "2024-01-19 00:50:50", "elapsed": 2354.551923, "delta": 0.003275}}
{"target": -13.756223271403199, "params": {"gamma": 876.6122112010725, "log10_alpha": -3.7676104255593073, "log10_colsample_bytree": -0.7973954956082667, "log10_eta": -2.403533535185922, "log10_lambda": -0.6283678450986647, "log10_min_child_weight": 1.7442811941074026, "log10_subsample": -0.9691792090915724, "max_depth": 6.0, "num_boost_round": 26.0}, "datetime": {"datetime": "2024-01-19 00:50:50", "elapsed": 2354.555103, "delta": 0.00318}}
{"target": -13.756128033691244, "params": {"gamma": 876.6122112010725, "log10_alpha": -3.7676104255593073, "log10_colsample_bytree": -0.7973954956082667, "log10_eta": -2.403533535185922, "log10_lambda": -0.6283678450986647, "log10_min_child_weight": 1.7442811941074026, "log10_subsample": -0.9691792090915724, "max_depth": 6.0, "num_boost_round": 27.0}, "datetime": {"datetime": "2024-01-19 00:50:50", "elapsed": 2354.558218, "delta": 0.003115}}
{"target": -13.755996341609368, "params": {"gamma": 876.6122112010725, "log10_alpha": -3.7676104255593073, "log10_colsample_bytree": -0.7973954956082667, "log10_eta": -2.403533535185922, "log10_lambda": -0.6283678450986647, "log10_min_child_weight": 1.7442811941074026, "log10_subsample": -0.9691792090915724, "max_depth": 6.0, "num_boost_round": 28.0}, "datetime": {"datetime": "2024-01-19 00:50:50", "elapsed": 2354.561345, "delta": 0.003127}}
{"target": -13.755768176567939, "params": {"gamma": 876.6122112010725, "log10_alpha": -3.7676104255593073, "log10_colsample_bytree": -0.7973954956082667, "log10_eta": -2.403533535185922, "log10_lambda": -0.6283678450986647, "log10_min_child_weight": 1.7442811941074026, "log10_subsample": -0.9691792090915724, "max_depth": 6.0, "num_boost_round": 29.0}, "datetime": {"datetime": "2024-01-19 00:50:50", "elapsed": 2354.564456, "delta": 0.003111}}
{"target": -13.75574250689188, "params": {"gamma": 876.6122112010725, "log10_alpha": -3.7676104255593073, "log10_colsample_bytree": -0.7973954956082667, "log10_eta": -2.403533535185922, "log10_lambda": -0.6283678450986647, "log10_min_child_weight": 1.7442811941074026, "log10_subsample": -0.9691792090915724, "max_depth": 6.0, "num_boost_round": 30.0}, "datetime": {"datetime": "2024-01-19 00:50:50", "elapsed": 2354.567575, "delta": 0.003119}}
{"target": -13.755703667221615, "params": {"gamma": 876.6122112010725, "log10_alpha": -3.7676104255593073, "log10_colsample_bytree": -0.7973954956082667, "log10_eta": -2.403533535185922, "log10_lambda": -0.6283678450986647, "log10_min_child_weight": 1.7442811941074026, "log10_subsample": -0.9691792090915724, "max_depth": 6.0, "num_boost_round": 31.0}, "datetime": {"datetime": "2024-01-19 00:50:50", "elapsed": 2354.570694, "delta": 0.003119}}
{"target": -13.755740927414369, "params": {"gamma": 876.6122112010725, "log10_alpha": -3.7676104255593073, "log10_colsample_bytree": -0.7973954956082667, "log10_eta": -2.403533535185922, "log10_lambda": -0.6283678450986647, "log10_min_child_weight": 1.7442811941074026, "log10_subsample": -0.9691792090915724, "max_depth": 6.0, "num_boost_round": 32.0}, "datetime": {"datetime": "2024-01-19 00:50:50", "elapsed": 2354.574036, "delta": 0.003342}}
{"target": -13.75554996665711, "params": {"gamma": 876.6122112010725, "log10_alpha": -3.7676104255593073, "log10_colsample_bytree": -0.7973954956082667, "log10_eta": -2.403533535185922, "log10_lambda": -0.6283678450986647, "log10_min_child_weight": 1.7442811941074026, "log10_subsample": -0.9691792090915724, "max_depth": 6.0, "num_boost_round": 33.0}, "datetime": {"datetime": "2024-01-19 00:50:50", "elapsed": 2354.577177, "delta": 0.003141}}
{"target": -13.75555460614644, "params": {"gamma": 876.6122112010725, "log10_alpha": -3.7676104255593073, "log10_colsample_bytree": -0.7973954956082667, "log10_eta": -2.403533535185922, "log10_lambda": -0.6283678450986647, "log10_min_child_weight": 1.7442811941074026, "log10_subsample": -0.9691792090915724, "max_depth": 6.0, "num_boost_round": 34.0}, "datetime": {"datetime": "2024-01-19 00:50:50", "elapsed": 2354.580317, "delta": 0.00314}}
{"target": -13.755527950030626, "params": {"gamma": 876.6122112010725, "log10_alpha": -3.7676104255593073, "log10_colsample_bytree": -0.7973954956082667, "log10_eta": -2.403533535185922, "log10_lambda": -0.6283678450986647, "log10_min_child_weight": 1.7442811941074026, "log10_subsample": -0.9691792090915724, "max_depth": 6.0, "num_boost_round": 35.0}, "datetime": {"datetime": "2024-01-19 00:50:50", "elapsed": 2354.583461, "delta": 0.003144}}
{"target": -13.755527590269928, "params": {"gamma": 876.6122112010725, "log10_alpha": -3.7676104255593073, "log10_colsample_bytree": -0.7973954956082667, "log10_eta": -2.403533535185922, "log10_lambda": -0.6283678450986647, "log10_min_child_weight": 1.7442811941074026, "log10_subsample": -0.9691792090915724, "max_depth": 6.0, "num_boost_round": 36.0}, "datetime": {"datetime": "2024-01-19 00:50:50", "elapsed": 2354.586598, "delta": 0.003137}}
{"target": -13.75853318248872, "params": {"gamma": 875.047344467968, "log10_alpha": -1.0258731142465014, "log10_colsample_bytree": -0.721876485439254, "log10_eta": -4.0, "log10_lambda": 1.0, "log10_min_child_weight": 0.6558411711818822, "log10_subsample": 0.0, "max_depth": 8.0, "num_boost_round": 0.0}, "datetime": {"datetime": "2024-01-19 00:51:52", "elapsed": 2416.421012, "delta": 61.834414}}
{"target": -13.75852653493154, "params": {"gamma": 875.047344467968, "log10_alpha": -1.0258731142465014, "log10_colsample_bytree": -0.721876485439254, "log10_eta": -4.0, "log10_lambda": 1.0, "log10_min_child_weight": 0.6558411711818822, "log10_subsample": 0.0, "max_depth": 8.0, "num_boost_round": 1.0}, "datetime": {"datetime": "2024-01-19 00:51:52", "elapsed": 2416.424756, "delta": 0.003744}}
{"target": -13.75851785093294, "params": {"gamma": 875.047344467968, "log10_alpha": -1.0258731142465014, "log10_colsample_bytree": -0.721876485439254, "log10_eta": -4.0, "log10_lambda": 1.0, "log10_min_child_weight": 0.6558411711818822, "log10_subsample": 0.0, "max_depth": 8.0, "num_boost_round": 2.0}, "datetime": {"datetime": "2024-01-19 00:51:52", "elapsed": 2416.428182, "delta": 0.003426}}
{"target": -13.758512350411374, "params": {"gamma": 875.047344467968, "log10_alpha": -1.0258731142465014, "log10_colsample_bytree": -0.721876485439254, "log10_eta": -4.0, "log10_lambda": 1.0, "log10_min_child_weight": 0.6558411711818822, "log10_subsample": 0.0, "max_depth": 8.0, "num_boost_round": 3.0}, "datetime": {"datetime": "2024-01-19 00:51:52", "elapsed": 2416.43232, "delta": 0.004138}}
{"target": -13.758505554499406, "params": {"gamma": 875.047344467968, "log10_alpha": -1.0258731142465014, "log10_colsample_bytree": -0.721876485439254, "log10_eta": -4.0, "log10_lambda": 1.0, "log10_min_child_weight": 0.6558411711818822, "log10_subsample": 0.0, "max_depth": 8.0, "num_boost_round": 4.0}, "datetime": {"datetime": "2024-01-19 00:51:52", "elapsed": 2416.435795, "delta": 0.003475}}
{"target": -13.758501684856318, "params": {"gamma": 875.047344467968, "log10_alpha": -1.0258731142465014, "log10_colsample_bytree": -0.721876485439254, "log10_eta": -4.0, "log10_lambda": 1.0, "log10_min_child_weight": 0.6558411711818822, "log10_subsample": 0.0, "max_depth": 8.0, "num_boost_round": 5.0}, "datetime": {"datetime": "2024-01-19 00:51:52", "elapsed": 2416.439132, "delta": 0.003337}}
{"target": -13.758500890226754, "params": {"gamma": 875.047344467968, "log10_alpha": -1.0258731142465014, "log10_colsample_bytree": -0.721876485439254, "log10_eta": -4.0, "log10_lambda": 1.0, "log10_min_child_weight": 0.6558411711818822, "log10_subsample": 0.0, "max_depth": 8.0, "num_boost_round": 6.0}, "datetime": {"datetime": "2024-01-19 00:51:52", "elapsed": 2416.443113, "delta": 0.003981}}
{"target": -13.758498493316575, "params": {"gamma": 875.047344467968, "log10_alpha": -1.0258731142465014, "log10_colsample_bytree": -0.721876485439254, "log10_eta": -4.0, "log10_lambda": 1.0, "log10_min_child_weight": 0.6558411711818822, "log10_subsample": 0.0, "max_depth": 8.0, "num_boost_round": 7.0}, "datetime": {"datetime": "2024-01-19 00:51:52", "elapsed": 2416.446402, "delta": 0.003289}}
{"target": -13.758494283659084, "params": {"gamma": 875.047344467968, "log10_alpha": -1.0258731142465014, "log10_colsample_bytree": -0.721876485439254, "log10_eta": -4.0, "log10_lambda": 1.0, "log10_min_child_weight": 0.6558411711818822, "log10_subsample": 0.0, "max_depth": 8.0, "num_boost_round": 8.0}, "datetime": {"datetime": "2024-01-19 00:51:52", "elapsed": 2416.449678, "delta": 0.003276}}
{"target": -13.758494039416021, "params": {"gamma": 875.047344467968, "log10_alpha": -1.0258731142465014, "log10_colsample_bytree": -0.721876485439254, "log10_eta": -4.0, "log10_lambda": 1.0, "log10_min_child_weight": 0.6558411711818822, "log10_subsample": 0.0, "max_depth": 8.0, "num_boost_round": 9.0}, "datetime": {"datetime": "2024-01-19 00:51:52", "elapsed": 2416.452839, "delta": 0.003161}}
{"target": -13.758488906685074, "params": {"gamma": 875.047344467968, "log10_alpha": -1.0258731142465014, "log10_colsample_bytree": -0.721876485439254, "log10_eta": -4.0, "log10_lambda": 1.0, "log10_min_child_weight": 0.6558411711818822, "log10_subsample": 0.0, "max_depth": 8.0, "num_boost_round": 10.0}, "datetime": {"datetime": "2024-01-19 00:51:52", "elapsed": 2416.45601, "delta": 0.003171}}
{"target": -13.758490766422739, "params": {"gamma": 875.047344467968, "log10_alpha": -1.0258731142465014, "log10_colsample_bytree": -0.721876485439254, "log10_eta": -4.0, "log10_lambda": 1.0, "log10_min_child_weight": 0.6558411711818822, "log10_subsample": 0.0, "max_depth": 8.0, "num_boost_round": 11.0}, "datetime": {"datetime": "2024-01-19 00:51:52", "elapsed": 2416.459199, "delta": 0.003189}}
{"target": -13.758496409390158, "params": {"gamma": 875.047344467968, "log10_alpha": -1.0258731142465014, "log10_colsample_bytree": -0.721876485439254, "log10_eta": -4.0, "log10_lambda": 1.0, "log10_min_child_weight": 0.6558411711818822, "log10_subsample": 0.0, "max_depth": 8.0, "num_boost_round": 12.0}, "datetime": {"datetime": "2024-01-19 00:51:52", "elapsed": 2416.462361, "delta": 0.003162}}
{"target": -13.758491928616666, "params": {"gamma": 875.047344467968, "log10_alpha": -1.0258731142465014, "log10_colsample_bytree": -0.721876485439254, "log10_eta": -4.0, "log10_lambda": 1.0, "log10_min_child_weight": 0.6558411711818822, "log10_subsample": 0.0, "max_depth": 8.0, "num_boost_round": 13.0}, "datetime": {"datetime": "2024-01-19 00:51:52", "elapsed": 2416.465585, "delta": 0.003224}}
{"target": -13.758492096864812, "params": {"gamma": 875.047344467968, "log10_alpha": -1.0258731142465014, "log10_colsample_bytree": -0.721876485439254, "log10_eta": -4.0, "log10_lambda": 1.0, "log10_min_child_weight": 0.6558411711818822, "log10_subsample": 0.0, "max_depth": 8.0, "num_boost_round": 14.0}, "datetime": {"datetime": "2024-01-19 00:51:52", "elapsed": 2416.468789, "delta": 0.003204}}
{"target": -13.758488666981535, "params": {"gamma": 875.047344467968, "log10_alpha": -1.0258731142465014, "log10_colsample_bytree": -0.721876485439254, "log10_eta": -4.0, "log10_lambda": 1.0, "log10_min_child_weight": 0.6558411711818822, "log10_subsample": 0.0, "max_depth": 8.0, "num_boost_round": 15.0}, "datetime": {"datetime": "2024-01-19 00:51:52", "elapsed": 2416.472002, "delta": 0.003213}}
{"target": -13.758487760918687, "params": {"gamma": 875.047344467968, "log10_alpha": -1.0258731142465014, "log10_colsample_bytree": -0.721876485439254, "log10_eta": -4.0, "log10_lambda": 1.0, "log10_min_child_weight": 0.6558411711818822, "log10_subsample": 0.0, "max_depth": 8.0, "num_boost_round": 16.0}, "datetime": {"datetime": "2024-01-19 00:51:52", "elapsed": 2416.475198, "delta": 0.003196}}
{"target": -13.758483056331265, "params": {"gamma": 875.047344467968, "log10_alpha": -1.0258731142465014, "log10_colsample_bytree": -0.721876485439254, "log10_eta": -4.0, "log10_lambda": 1.0, "log10_min_child_weight": 0.6558411711818822, "log10_subsample": 0.0, "max_depth": 8.0, "num_boost_round": 17.0}, "datetime": {"datetime": "2024-01-19 00:51:52", "elapsed": 2416.478408, "delta": 0.00321}}
{"target": -13.758483013495386, "params": {"gamma": 875.047344467968, "log10_alpha": -1.0258731142465014, "log10_colsample_bytree": -0.721876485439254, "log10_eta": -4.0, "log10_lambda": 1.0, "log10_min_child_weight": 0.6558411711818822, "log10_subsample": 0.0, "max_depth": 8.0, "num_boost_round": 18.0}, "datetime": {"datetime": "2024-01-19 00:51:52", "elapsed": 2416.481617, "delta": 0.003209}}
{"target": -13.758478051663376, "params": {"gamma": 875.047344467968, "log10_alpha": -1.0258731142465014, "log10_colsample_bytree": -0.721876485439254, "log10_eta": -4.0, "log10_lambda": 1.0, "log10_min_child_weight": 0.6558411711818822, "log10_subsample": 0.0, "max_depth": 8.0, "num_boost_round": 19.0}, "datetime": {"datetime": "2024-01-19 00:51:52", "elapsed": 2416.484841, "delta": 0.003224}}
{"target": -13.758471471833035, "params": {"gamma": 875.047344467968, "log10_alpha": -1.0258731142465014, "log10_colsample_bytree": -0.721876485439254, "log10_eta": -4.0, "log10_lambda": 1.0, "log10_min_child_weight": 0.6558411711818822, "log10_subsample": 0.0, "max_depth": 8.0, "num_boost_round": 20.0}, "datetime": {"datetime": "2024-01-19 00:51:52", "elapsed": 2416.488059, "delta": 0.003218}}
{"target": -13.758468103934966, "params": {"gamma": 875.047344467968, "log10_alpha": -1.0258731142465014, "log10_colsample_bytree": -0.721876485439254, "log10_eta": -4.0, "log10_lambda": 1.0, "log10_min_child_weight": 0.6558411711818822, "log10_subsample": 0.0, "max_depth": 8.0, "num_boost_round": 21.0}, "datetime": {"datetime": "2024-01-19 00:51:52", "elapsed": 2416.491253, "delta": 0.003194}}
{"target": -13.758462547850275, "params": {"gamma": 875.047344467968, "log10_alpha": -1.0258731142465014, "log10_colsample_bytree": -0.721876485439254, "log10_eta": -4.0, "log10_lambda": 1.0, "log10_min_child_weight": 0.6558411711818822, "log10_subsample": 0.0, "max_depth": 8.0, "num_boost_round": 22.0}, "datetime": {"datetime": "2024-01-19 00:51:52", "elapsed": 2416.494459, "delta": 0.003206}}
{"target": -13.758458709099719, "params": {"gamma": 875.047344467968, "log10_alpha": -1.0258731142465014, "log10_colsample_bytree": -0.721876485439254, "log10_eta": -4.0, "log10_lambda": 1.0, "log10_min_child_weight": 0.6558411711818822, "log10_subsample": 0.0, "max_depth": 8.0, "num_boost_round": 23.0}, "datetime": {"datetime": "2024-01-19 00:51:52", "elapsed": 2416.497646, "delta": 0.003187}}
{"target": -13.758454621848577, "params": {"gamma": 875.047344467968, "log10_alpha": -1.0258731142465014, "log10_colsample_bytree": -0.721876485439254, "log10_eta": -4.0, "log10_lambda": 1.0, "log10_min_child_weight": 0.6558411711818822, "log10_subsample": 0.0, "max_depth": 8.0, "num_boost_round": 24.0}, "datetime": {"datetime": "2024-01-19 00:51:52", "elapsed": 2416.500819, "delta": 0.003173}}
{"target": -13.758452441174676, "params": {"gamma": 875.047344467968, "log10_alpha": -1.0258731142465014, "log10_colsample_bytree": -0.721876485439254, "log10_eta": -4.0, "log10_lambda": 1.0, "log10_min_child_weight": 0.6558411711818822, "log10_subsample": 0.0, "max_depth": 8.0, "num_boost_round": 25.0}, "datetime": {"datetime": "2024-01-19 00:51:52", "elapsed": 2416.504056, "delta": 0.003237}}
{"target": -13.75845168712127, "params": {"gamma": 875.047344467968, "log10_alpha": -1.0258731142465014, "log10_colsample_bytree": -0.721876485439254, "log10_eta": -4.0, "log10_lambda": 1.0, "log10_min_child_weight": 0.6558411711818822, "log10_subsample": 0.0, "max_depth": 8.0, "num_boost_round": 26.0}, "datetime": {"datetime": "2024-01-19 00:51:52", "elapsed": 2416.507267, "delta": 0.003211}}
{"target": -13.758447057368926, "params": {"gamma": 875.047344467968, "log10_alpha": -1.0258731142465014, "log10_colsample_bytree": -0.721876485439254, "log10_eta": -4.0, "log10_lambda": 1.0, "log10_min_child_weight": 0.6558411711818822, "log10_subsample": 0.0, "max_depth": 8.0, "num_boost_round": 27.0}, "datetime": {"datetime": "2024-01-19 00:51:52", "elapsed": 2416.510421, "delta": 0.003154}}
{"target": -13.758439539545432, "params": {"gamma": 875.047344467968, "log10_alpha": -1.0258731142465014, "log10_colsample_bytree": -0.721876485439254, "log10_eta": -4.0, "log10_lambda": 1.0, "log10_min_child_weight": 0.6558411711818822, "log10_subsample": 0.0, "max_depth": 8.0, "num_boost_round": 28.0}, "datetime": {"datetime": "2024-01-19 00:51:52", "elapsed": 2416.513636, "delta": 0.003215}}
{"target": -13.75843834903044, "params": {"gamma": 875.047344467968, "log10_alpha": -1.0258731142465014, "log10_colsample_bytree": -0.721876485439254, "log10_eta": -4.0, "log10_lambda": 1.0, "log10_min_child_weight": 0.6558411711818822, "log10_subsample": 0.0, "max_depth": 8.0, "num_boost_round": 29.0}, "datetime": {"datetime": "2024-01-19 00:51:52", "elapsed": 2416.516849, "delta": 0.003213}}
{"target": -13.758434171105577, "params": {"gamma": 875.047344467968, "log10_alpha": -1.0258731142465014, "log10_colsample_bytree": -0.721876485439254, "log10_eta": -4.0, "log10_lambda": 1.0, "log10_min_child_weight": 0.6558411711818822, "log10_subsample": 0.0, "max_depth": 8.0, "num_boost_round": 30.0}, "datetime": {"datetime": "2024-01-19 00:51:52", "elapsed": 2416.520085, "delta": 0.003236}}
{"target": -13.75853772844988, "params": {"gamma": 873.8858586056449, "log10_alpha": -4.140566244768418, "log10_colsample_bytree": -0.0821119997925065, "log10_eta": -3.9934163430819023, "log10_lambda": -4.3490168137670135, "log10_min_child_weight": 0.5261191001782495, "log10_subsample": -0.6871415029070157, "max_depth": 3.0, "num_boost_round": 0.0}, "datetime": {"datetime": "2024-01-19 00:52:26", "elapsed": 2451.250907, "delta": 34.730822}}
{"target": -13.758536685329627, "params": {"gamma": 873.8858586056449, "log10_alpha": -4.140566244768418, "log10_colsample_bytree": -0.0821119997925065, "log10_eta": -3.9934163430819023, "log10_lambda": -4.3490168137670135, "log10_min_child_weight": 0.5261191001782495, "log10_subsample": -0.6871415029070157, "max_depth": 3.0, "num_boost_round": 1.0}, "datetime": {"datetime": "2024-01-19 00:52:26", "elapsed": 2451.254804, "delta": 0.003897}}
{"target": -13.758535892912684, "params": {"gamma": 873.8858586056449, "log10_alpha": -4.140566244768418, "log10_colsample_bytree": -0.0821119997925065, "log10_eta": -3.9934163430819023, "log10_lambda": -4.3490168137670135, "log10_min_child_weight": 0.5261191001782495, "log10_subsample": -0.6871415029070157, "max_depth": 3.0, "num_boost_round": 2.0}, "datetime": {"datetime": "2024-01-19 00:52:26", "elapsed": 2451.258306, "delta": 0.003502}}
{"target": -13.758533489567784, "params": {"gamma": 873.8858586056449, "log10_alpha": -4.140566244768418, "log10_colsample_bytree": -0.0821119997925065, "log10_eta": -3.9934163430819023, "log10_lambda": -4.3490168137670135, "log10_min_child_weight": 0.5261191001782495, "log10_subsample": -0.6871415029070157, "max_depth": 3.0, "num_boost_round": 3.0}, "datetime": {"datetime": "2024-01-19 00:52:26", "elapsed": 2451.261566, "delta": 0.00326}}
{"target": -13.758532462062764, "params": {"gamma": 873.8858586056449, "log10_alpha": -4.140566244768418, "log10_colsample_bytree": -0.0821119997925065, "log10_eta": -3.9934163430819023, "log10_lambda": -4.3490168137670135, "log10_min_child_weight": 0.5261191001782495, "log10_subsample": -0.6871415029070157, "max_depth": 3.0, "num_boost_round": 4.0}, "datetime": {"datetime": "2024-01-19 00:52:26", "elapsed": 2451.264813, "delta": 0.003247}}
{"target": -13.758531772687988, "params": {"gamma": 873.8858586056449, "log10_alpha": -4.140566244768418, "log10_colsample_bytree": -0.0821119997925065, "log10_eta": -3.9934163430819023, "log10_lambda": -4.3490168137670135, "log10_min_child_weight": 0.5261191001782495, "log10_subsample": -0.6871415029070157, "max_depth": 3.0, "num_boost_round": 5.0}, "datetime": {"datetime": "2024-01-19 00:52:26", "elapsed": 2451.268049, "delta": 0.003236}}
