{"target": -13.758482340611911, "params": {"gamma": 378.67603685986427, "log10_alpha": -0.6658113522772737, "log10_colsample_bytree": -0.1646802143862537, "log10_eta": -1.860334122081687, "log10_lambda": -0.0013253544142894924, "log10_min_child_weight": 3.95806895178809, "log10_subsample": -0.8118902723343975, "max_depth": 9.0, "num_boost_round": 1.0}, "datetime": {"datetime": "2024-01-19 01:23:05", "elapsed": 4288.706904, "delta": 0.006101}}
{"target": -13.758582841046804, "params": {"gamma": 378.67603685986427, "log10_alpha": -0.6658113522772737, "log10_colsample_bytree": -0.1646802143862537, "log10_eta": -1.860334122081687, "log10_lambda": -0.0013253544142894924, "log10_min_child_weight": 3.95806895178809, "log10_subsample": -0.8118902723343975, "max_depth": 9.0, "num_boost_round": 2.0}, "datetime": {"datetime": "2024-01-19 01:23:05", "elapsed": 4288.712608, "delta": 0.005704}}
{"target": -13.758646671299898, "params": {"gamma": 378.67603685986427, "log10_alpha": -0.6658113522772737, "log10_colsample_bytree": -0.1646802143862537, "log10_eta": -1.860334122081687, "log10_lambda": -0.0013253544142894924, "log10_min_child_weight": 3.95806895178809, "log10_subsample": -0.8118902723343975, "max_depth": 9.0, "num_boost_round": 3.0}, "datetime": {"datetime": "2024-01-19 01:23:05", "elapsed": 4288.717924, "delta": 0.005316}}
{"target": -13.75880487131504, "params": {"gamma": 378.67603685986427, "log10_alpha": -0.6658113522772737, "log10_colsample_bytree": -0.1646802143862537, "log10_eta": -1.860334122081687, "log10_lambda": -0.0013253544142894924, "log10_min_child_weight": 3.95806895178809, "log10_subsample": -0.8118902723343975, "max_depth": 9.0, "num_boost_round": 4.0}, "datetime": {"datetime": "2024-01-19 01:23:05", "elapsed": 4288.723251, "delta": 0.005327}}
{"target": -13.758791390177189, "params": {"gamma": 378.67603685986427, "log10_alpha": -0.6658113522772737, "log10_colsample_bytree": -0.1646802143862537, "log10_eta": -1.860334122081687, "log10_lambda": -0.0013253544142894924, "log10_min_child_weight": 3.95806895178809, "log10_subsample": -0.8118902723343975, "max_depth": 9.0, "num_boost_round": 5.0}, "datetime": {"datetime": "2024-01-19 01:23:05", "elapsed": 4288.728691, "delta": 0.00544}}
{"target": -13.75887060931092, "params": {"gamma": 378.67603685986427, "log10_alpha": -0.6658113522772737, "log10_colsample_bytree": -0.1646802143862537, "log10_eta": -1.860334122081687, "log10_lambda": -0.0013253544142894924, "log10_min_child_weight": 3.95806895178809, "log10_subsample": -0.8118902723343975, "max_depth": 9.0, "num_boost_round": 6.0}, "datetime": {"datetime": "2024-01-19 01:23:05", "elapsed": 4288.734127, "delta": 0.005436}}
{"target": -13.758723444822362, "params": {"gamma": 378.67603685986427, "log10_alpha": -0.6658113522772737, "log10_colsample_bytree": -0.1646802143862537, "log10_eta": -1.860334122081687, "log10_lambda": -0.0013253544142894924, "log10_min_child_weight": 3.95806895178809, "log10_subsample": -0.8118902723343975, "max_depth": 9.0, "num_boost_round": 7.0}, "datetime": {"datetime": "2024-01-19 01:23:05", "elapsed": 4288.739497, "delta": 0.00537}}
{"target": -13.758824915772394, "params": {"gamma": 378.67603685986427, "log10_alpha": -0.6658113522772737, "log10_colsample_bytree": -0.1646802143862537, "log10_eta": -1.860334122081687, "log10_lambda": -0.0013253544142894924, "log10_min_child_weight": 3.95806895178809, "log10_subsample": -0.8118902723343975, "max_depth": 9.0, "num_boost_round": 8.0}, "datetime": {"datetime": "2024-01-19 01:23:05", "elapsed": 4288.744985, "delta": 0.005488}}
{"target": -13.758887814645838, "params": {"gamma": 378.67603685986427, "log10_alpha": -0.6658113522772737, "log10_colsample_bytree": -0.1646802143862537, "log10_eta": -1.860334122081687, "log10_lambda": -0.0013253544142894924, "log10_min_child_weight": 3.95806895178809, "log10_subsample": -0.8118902723343975, "max_depth": 9.0, "num_boost_round": 9.0}, "datetime": {"datetime": "2024-01-19 01:23:05", "elapsed": 4288.750468, "delta": 0.005483}}
{"target": -13.758856483486838, "params": {"gamma": 378.67603685986427, "log10_alpha": -0.6658113522772737, "log10_colsample_bytree": -0.1646802143862537, "log10_eta": -1.860334122081687, "log10_lambda": -0.0013253544142894924, "log10_min_child_weight": 3.95806895178809, "log10_subsample": -0.8118902723343975, "max_depth": 9.0, "num_boost_round": 10.0}, "datetime": {"datetime": "2024-01-19 01:23:05", "elapsed": 4288.755824, "delta": 0.005356}}
{"target": -13.758915563911364, "params": {"gamma": 378.67603685986427, "log10_alpha": -0.6658113522772737, "log10_colsample_bytree": -0.1646802143862537, "log10_eta": -1.860334122081687, "log10_lambda": -0.0013253544142894924, "log10_min_child_weight": 3.95806895178809, "log10_subsample": -0.8118902723343975, "max_depth": 9.0, "num_boost_round": 11.0}, "datetime": {"datetime": "2024-01-19 01:23:05", "elapsed": 4288.761167, "delta": 0.005343}}
{"target": -13.758537014133216, "params": {"gamma": 423.8046978302502, "log10_alpha": -2.8819517938303663, "log10_colsample_bytree": -0.1473742388123757, "log10_eta": -4.0, "log10_lambda": -5.0, "log10_min_child_weight": 0.0, "log10_subsample": -1.0, "max_depth": 10.0, "num_boost_round": 0.0}, "datetime": {"datetime": "2024-01-19 01:25:06", "elapsed": 4410.03926, "delta": 121.278093}}
{"target": -13.758530275179844, "params": {"gamma": 423.8046978302502, "log10_alpha": -2.8819517938303663, "log10_colsample_bytree": -0.1473742388123757, "log10_eta": -4.0, "log10_lambda": -5.0, "log10_min_child_weight": 0.0, "log10_subsample": -1.0, "max_depth": 10.0, "num_boost_round": 1.0}, "datetime": {"datetime": "2024-01-19 01:25:06", "elapsed": 4410.045123, "delta": 0.005863}}
{"target": -13.75851940343305, "params": {"gamma": 423.8046978302502, "log10_alpha": -2.8819517938303663, "log10_colsample_bytree": -0.1473742388123757, "log10_eta": -4.0, "log10_lambda": -5.0, "log10_min_child_weight": 0.0, "log10_subsample": -1.0, "max_depth": 10.0, "num_boost_round": 2.0}, "datetime": {"datetime": "2024-01-19 01:25:06", "elapsed": 4410.050646, "delta": 0.005523}}
{"target": -13.75851456695392, "params": {"gamma": 423.8046978302502, "log10_alpha": -2.8819517938303663, "log10_colsample_bytree": -0.1473742388123757, "log10_eta": -4.0, "log10_lambda": -5.0, "log10_min_child_weight": 0.0, "log10_subsample": -1.0, "max_depth": 10.0, "num_boost_round": 3.0}, "datetime": {"datetime": "2024-01-19 01:25:06", "elapsed": 4410.056003, "delta": 0.005357}}
{"target": -13.758516111975544, "params": {"gamma": 423.8046978302502, "log10_alpha": -2.8819517938303663, "log10_colsample_bytree": -0.1473742388123757, "log10_eta": -4.0, "log10_lambda": -5.0, "log10_min_child_weight": 0.0, "log10_subsample": -1.0, "max_depth": 10.0, "num_boost_round": 4.0}, "datetime": {"datetime": "2024-01-19 01:25:06", "elapsed": 4410.061421, "delta": 0.005418}}
{"target": -13.758504751244482, "params": {"gamma": 423.8046978302502, "log10_alpha": -2.8819517938303663, "log10_colsample_bytree": -0.1473742388123757, "log10_eta": -4.0, "log10_lambda": -5.0, "log10_min_child_weight": 0.0, "log10_subsample": -1.0, "max_depth": 10.0, "num_boost_round": 5.0}, "datetime": {"datetime": "2024-01-19 01:25:06", "elapsed": 4410.066969, "delta": 0.005548}}
{"target": -13.758498720277, "params": {"gamma": 423.8046978302502, "log10_alpha": -2.8819517938303663, "log10_colsample_bytree": -0.1473742388123757, "log10_eta": -4.0, "log10_lambda": -5.0, "log10_min_child_weight": 0.0, "log10_subsample": -1.0, "max_depth": 10.0, "num_boost_round": 6.0}, "datetime": {"datetime": "2024-01-19 01:25:06", "elapsed": 4410.072461, "delta": 0.005492}}
{"target": -13.758493496585327, "params": {"gamma": 423.8046978302502, "log10_alpha": -2.8819517938303663, "log10_colsample_bytree": -0.1473742388123757, "log10_eta": -4.0, "log10_lambda": -5.0, "log10_min_child_weight": 0.0, "log10_subsample": -1.0, "max_depth": 10.0, "num_boost_round": 7.0}, "datetime": {"datetime": "2024-01-19 01:25:06", "elapsed": 4410.07852, "delta": 0.006059}}
{"target": -13.758491570224669, "params": {"gamma": 423.8046978302502, "log10_alpha": -2.8819517938303663, "log10_colsample_bytree": -0.1473742388123757, "log10_eta": -4.0, "log10_lambda": -5.0, "log10_min_child_weight": 0.0, "log10_subsample": -1.0, "max_depth": 10.0, "num_boost_round": 8.0}, "datetime": {"datetime": "2024-01-19 01:25:06", "elapsed": 4410.084386, "delta": 0.005866}}
{"target": -13.758494011474898, "params": {"gamma": 423.8046978302502, "log10_alpha": -2.8819517938303663, "log10_colsample_bytree": -0.1473742388123757, "log10_eta": -4.0, "log10_lambda": -5.0, "log10_min_child_weight": 0.0, "log10_subsample": -1.0, "max_depth": 10.0, "num_boost_round": 9.0}, "datetime": {"datetime": "2024-01-19 01:25:06", "elapsed": 4410.090018, "delta": 0.005632}}
{"target": -13.758496499003114, "params": {"gamma": 423.8046978302502, "log10_alpha": -2.8819517938303663, "log10_colsample_bytree": -0.1473742388123757, "log10_eta": -4.0, "log10_lambda": -5.0, "log10_min_child_weight": 0.0, "log10_subsample": -1.0, "max_depth": 10.0, "num_boost_round": 10.0}, "datetime": {"datetime": "2024-01-19 01:25:06", "elapsed": 4410.095649, "delta": 0.005631}}
{"target": -13.758485158329494, "params": {"gamma": 423.8046978302502, "log10_alpha": -2.8819517938303663, "log10_colsample_bytree": -0.1473742388123757, "log10_eta": -4.0, "log10_lambda": -5.0, "log10_min_child_weight": 0.0, "log10_subsample": -1.0, "max_depth": 10.0, "num_boost_round": 11.0}, "datetime": {"datetime": "2024-01-19 01:25:07", "elapsed": 4410.101314, "delta": 0.005665}}
{"target": -13.758485028454352, "params": {"gamma": 423.8046978302502, "log10_alpha": -2.8819517938303663, "log10_colsample_bytree": -0.1473742388123757, "log10_eta": -4.0, "log10_lambda": -5.0, "log10_min_child_weight": 0.0, "log10_subsample": -1.0, "max_depth": 10.0, "num_boost_round": 12.0}, "datetime": {"datetime": "2024-01-19 01:25:07", "elapsed": 4410.106857, "delta": 0.005543}}
{"target": -13.758483484929469, "params": {"gamma": 423.8046978302502, "log10_alpha": -2.8819517938303663, "log10_colsample_bytree": -0.1473742388123757, "log10_eta": -4.0, "log10_lambda": -5.0, "log10_min_child_weight": 0.0, "log10_subsample": -1.0, "max_depth": 10.0, "num_boost_round": 13.0}, "datetime": {"datetime": "2024-01-19 01:25:07", "elapsed": 4410.112413, "delta": 0.005556}}
{"target": -13.758483391549392, "params": {"gamma": 423.8046978302502, "log10_alpha": -2.8819517938303663, "log10_colsample_bytree": -0.1473742388123757, "log10_eta": -4.0, "log10_lambda": -5.0, "log10_min_child_weight": 0.0, "log10_subsample": -1.0, "max_depth": 10.0, "num_boost_round": 14.0}, "datetime": {"datetime": "2024-01-19 01:25:07", "elapsed": 4410.209284, "delta": 0.096871}}
{"target": -13.758478385998659, "params": {"gamma": 423.8046978302502, "log10_alpha": -2.8819517938303663, "log10_colsample_bytree": -0.1473742388123757, "log10_eta": -4.0, "log10_lambda": -5.0, "log10_min_child_weight": 0.0, "log10_subsample": -1.0, "max_depth": 10.0, "num_boost_round": 15.0}, "datetime": {"datetime": "2024-01-19 01:25:07", "elapsed": 4410.215285, "delta": 0.006001}}
{"target": -13.758476020355873, "params": {"gamma": 423.8046978302502, "log10_alpha": -2.8819517938303663, "log10_colsample_bytree": -0.1473742388123757, "log10_eta": -4.0, "log10_lambda": -5.0, "log10_min_child_weight": 0.0, "log10_subsample": -1.0, "max_depth": 10.0, "num_boost_round": 16.0}, "datetime": {"datetime": "2024-01-19 01:25:07", "elapsed": 4410.220906, "delta": 0.005621}}
{"target": -13.758479152290777, "params": {"gamma": 423.8046978302502, "log10_alpha": -2.8819517938303663, "log10_colsample_bytree": -0.1473742388123757, "log10_eta": -4.0, "log10_lambda": -5.0, "log10_min_child_weight": 0.0, "log10_subsample": -1.0, "max_depth": 10.0, "num_boost_round": 17.0}, "datetime": {"datetime": "2024-01-19 01:25:07", "elapsed": 4410.226398, "delta": 0.005492}}
{"target": -13.758474209853986, "params": {"gamma": 423.8046978302502, "log10_alpha": -2.8819517938303663, "log10_colsample_bytree": -0.1473742388123757, "log10_eta": -4.0, "log10_lambda": -5.0, "log10_min_child_weight": 0.0, "log10_subsample": -1.0, "max_depth": 10.0, "num_boost_round": 18.0}, "datetime": {"datetime": "2024-01-19 01:25:07", "elapsed": 4410.231833, "delta": 0.005435}}
{"target": -13.758468916272056, "params": {"gamma": 423.8046978302502, "log10_alpha": -2.8819517938303663, "log10_colsample_bytree": -0.1473742388123757, "log10_eta": -4.0, "log10_lambda": -5.0, "log10_min_child_weight": 0.0, "log10_subsample": -1.0, "max_depth": 10.0, "num_boost_round": 19.0}, "datetime": {"datetime": "2024-01-19 01:25:07", "elapsed": 4410.237313, "delta": 0.00548}}
{"target": -13.758465102553336, "params": {"gamma": 423.8046978302502, "log10_alpha": -2.8819517938303663, "log10_colsample_bytree": -0.1473742388123757, "log10_eta": -4.0, "log10_lambda": -5.0, "log10_min_child_weight": 0.0, "log10_subsample": -1.0, "max_depth": 10.0, "num_boost_round": 20.0}, "datetime": {"datetime": "2024-01-19 01:25:07", "elapsed": 4410.243125, "delta": 0.005812}}
{"target": -13.758469443401408, "params": {"gamma": 423.8046978302502, "log10_alpha": -2.8819517938303663, "log10_colsample_bytree": -0.1473742388123757, "log10_eta": -4.0, "log10_lambda": -5.0, "log10_min_child_weight": 0.0, "log10_subsample": -1.0, "max_depth": 10.0, "num_boost_round": 21.0}, "datetime": {"datetime": "2024-01-19 01:25:07", "elapsed": 4410.248761, "delta": 0.005636}}
{"target": -13.758462137288518, "params": {"gamma": 423.8046978302502, "log10_alpha": -2.8819517938303663, "log10_colsample_bytree": -0.1473742388123757, "log10_eta": -4.0, "log10_lambda": -5.0, "log10_min_child_weight": 0.0, "log10_subsample": -1.0, "max_depth": 10.0, "num_boost_round": 22.0}, "datetime": {"datetime": "2024-01-19 01:25:07", "elapsed": 4410.254298, "delta": 0.005537}}
{"target": -13.758459745225872, "params": {"gamma": 423.8046978302502, "log10_alpha": -2.8819517938303663, "log10_colsample_bytree": -0.1473742388123757, "log10_eta": -4.0, "log10_lambda": -5.0, "log10_min_child_weight": 0.0, "log10_subsample": -1.0, "max_depth": 10.0, "num_boost_round": 23.0}, "datetime": {"datetime": "2024-01-19 01:25:07", "elapsed": 4410.259867, "delta": 0.005569}}
{"target": -13.758451217316445, "params": {"gamma": 423.8046978302502, "log10_alpha": -2.8819517938303663, "log10_colsample_bytree": -0.1473742388123757, "log10_eta": -4.0, "log10_lambda": -5.0, "log10_min_child_weight": 0.0, "log10_subsample": -1.0, "max_depth": 10.0, "num_boost_round": 24.0}, "datetime": {"datetime": "2024-01-19 01:25:07", "elapsed": 4410.265495, "delta": 0.005628}}
{"target": -13.758444283746528, "params": {"gamma": 423.8046978302502, "log10_alpha": -2.8819517938303663, "log10_colsample_bytree": -0.1473742388123757, "log10_eta": -4.0, "log10_lambda": -5.0, "log10_min_child_weight": 0.0, "log10_subsample": -1.0, "max_depth": 10.0, "num_boost_round": 25.0}, "datetime": {"datetime": "2024-01-19 01:25:07", "elapsed": 4410.27118, "delta": 0.005685}}
{"target": -13.758440009071457, "params": {"gamma": 423.8046978302502, "log10_alpha": -2.8819517938303663, "log10_colsample_bytree": -0.1473742388123757, "log10_eta": -4.0, "log10_lambda": -5.0, "log10_min_child_weight": 0.0, "log10_subsample": -1.0, "max_depth": 10.0, "num_boost_round": 26.0}, "datetime": {"datetime": "2024-01-19 01:25:07", "elapsed": 4410.276931, "delta": 0.005751}}
{"target": -13.758439101809536, "params": {"gamma": 423.8046978302502, "log10_alpha": -2.8819517938303663, "log10_colsample_bytree": -0.1473742388123757, "log10_eta": -4.0, "log10_lambda": -5.0, "log10_min_child_weight": 0.0, "log10_subsample": -1.0, "max_depth": 10.0, "num_boost_round": 27.0}, "datetime": {"datetime": "2024-01-19 01:25:07", "elapsed": 4410.282374, "delta": 0.005443}}
{"target": -13.758438436454465, "params": {"gamma": 423.8046978302502, "log10_alpha": -2.8819517938303663, "log10_colsample_bytree": -0.1473742388123757, "log10_eta": -4.0, "log10_lambda": -5.0, "log10_min_child_weight": 0.0, "log10_subsample": -1.0, "max_depth": 10.0, "num_boost_round": 28.0}, "datetime": {"datetime": "2024-01-19 01:25:07", "elapsed": 4410.287854, "delta": 0.00548}}
{"target": -13.758435285541692, "params": {"gamma": 423.8046978302502, "log10_alpha": -2.8819517938303663, "log10_colsample_bytree": -0.1473742388123757, "log10_eta": -4.0, "log10_lambda": -5.0, "log10_min_child_weight": 0.0, "log10_subsample": -1.0, "max_depth": 10.0, "num_boost_round": 29.0}, "datetime": {"datetime": "2024-01-19 01:25:07", "elapsed": 4410.293359, "delta": 0.005505}}
{"target": -13.758434575570151, "params": {"gamma": 423.8046978302502, "log10_alpha": -2.8819517938303663, "log10_colsample_bytree": -0.1473742388123757, "log10_eta": -4.0, "log10_lambda": -5.0, "log10_min_child_weight": 0.0, "log10_subsample": -1.0, "max_depth": 10.0, "num_boost_round": 30.0}, "datetime": {"datetime": "2024-01-19 01:25:07", "elapsed": 4410.298862, "delta": 0.005503}}
{"target": -13.758428844325854, "params": {"gamma": 423.8046978302502, "log10_alpha": -2.8819517938303663, "log10_colsample_bytree": -0.1473742388123757, "log10_eta": -4.0, "log10_lambda": -5.0, "log10_min_child_weight": 0.0, "log10_subsample": -1.0, "max_depth": 10.0, "num_boost_round": 31.0}, "datetime": {"datetime": "2024-01-19 01:25:07", "elapsed": 4410.30442, "delta": 0.005558}}
{"target": -13.75842824437796, "params": {"gamma": 423.8046978302502, "log10_alpha": -2.8819517938303663, "log10_colsample_bytree": -0.1473742388123757, "log10_eta": -4.0, "log10_lambda": -5.0, "log10_min_child_weight": 0.0, "log10_subsample": -1.0, "max_depth": 10.0, "num_boost_round": 32.0}, "datetime": {"datetime": "2024-01-19 01:25:07", "elapsed": 4410.309912, "delta": 0.005492}}
{"target": -13.75842590997419, "params": {"gamma": 423.8046978302502, "log10_alpha": -2.8819517938303663, "log10_colsample_bytree": -0.1473742388123757, "log10_eta": -4.0, "log10_lambda": -5.0, "log10_min_child_weight": 0.0, "log10_subsample": -1.0, "max_depth": 10.0, "num_boost_round": 33.0}, "datetime": {"datetime": "2024-01-19 01:25:07", "elapsed": 4410.315772, "delta": 0.00586}}
{"target": -13.758420298975052, "params": {"gamma": 423.8046978302502, "log10_alpha": -2.8819517938303663, "log10_colsample_bytree": -0.1473742388123757, "log10_eta": -4.0, "log10_lambda": -5.0, "log10_min_child_weight": 0.0, "log10_subsample": -1.0, "max_depth": 10.0, "num_boost_round": 34.0}, "datetime": {"datetime": "2024-01-19 01:25:07", "elapsed": 4410.321433, "delta": 0.005661}}
{"target": -13.75842936010996, "params": {"gamma": 423.8046978302502, "log10_alpha": -2.8819517938303663, "log10_colsample_bytree": -0.1473742388123757, "log10_eta": -4.0, "log10_lambda": -5.0, "log10_min_child_weight": 0.0, "log10_subsample": -1.0, "max_depth": 10.0, "num_boost_round": 35.0}, "datetime": {"datetime": "2024-01-19 01:25:07", "elapsed": 4410.327076, "delta": 0.005643}}
{"target": -13.758432249417094, "params": {"gamma": 423.8046978302502, "log10_alpha": -2.8819517938303663, "log10_colsample_bytree": -0.1473742388123757, "log10_eta": -4.0, "log10_lambda": -5.0, "log10_min_child_weight": 0.0, "log10_subsample": -1.0, "max_depth": 10.0, "num_boost_round": 36.0}, "datetime": {"datetime": "2024-01-19 01:25:07", "elapsed": 4410.332695, "delta": 0.005619}}
{"target": -13.758433003883484, "params": {"gamma": 423.8046978302502, "log10_alpha": -2.8819517938303663, "log10_colsample_bytree": -0.1473742388123757, "log10_eta": -4.0, "log10_lambda": -5.0, "log10_min_child_weight": 0.0, "log10_subsample": -1.0, "max_depth": 10.0, "num_boost_round": 37.0}, "datetime": {"datetime": "2024-01-19 01:25:07", "elapsed": 4410.338375, "delta": 0.00568}}
{"target": -13.758432727619578, "params": {"gamma": 423.8046978302502, "log10_alpha": -2.8819517938303663, "log10_colsample_bytree": -0.1473742388123757, "log10_eta": -4.0, "log10_lambda": -5.0, "log10_min_child_weight": 0.0, "log10_subsample": -1.0, "max_depth": 10.0, "num_boost_round": 38.0}, "datetime": {"datetime": "2024-01-19 01:25:07", "elapsed": 4410.344193, "delta": 0.005818}}
{"target": -13.758430079910289, "params": {"gamma": 423.8046978302502, "log10_alpha": -2.8819517938303663, "log10_colsample_bytree": -0.1473742388123757, "log10_eta": -4.0, "log10_lambda": -5.0, "log10_min_child_weight": 0.0, "log10_subsample": -1.0, "max_depth": 10.0, "num_boost_round": 39.0}, "datetime": {"datetime": "2024-01-19 01:25:07", "elapsed": 4410.349663, "delta": 0.00547}}
{"target": -13.75842850820163, "params": {"gamma": 423.8046978302502, "log10_alpha": -2.8819517938303663, "log10_colsample_bytree": -0.1473742388123757, "log10_eta": -4.0, "log10_lambda": -5.0, "log10_min_child_weight": 0.0, "log10_subsample": -1.0, "max_depth": 10.0, "num_boost_round": 40.0}, "datetime": {"datetime": "2024-01-19 01:25:07", "elapsed": 4410.355181, "delta": 0.005518}}
{"target": -13.758422342176365, "params": {"gamma": 423.8046978302502, "log10_alpha": -2.8819517938303663, "log10_colsample_bytree": -0.1473742388123757, "log10_eta": -4.0, "log10_lambda": -5.0, "log10_min_child_weight": 0.0, "log10_subsample": -1.0, "max_depth": 10.0, "num_boost_round": 41.0}, "datetime": {"datetime": "2024-01-19 01:25:07", "elapsed": 4410.360657, "delta": 0.005476}}
{"target": -13.758420041943893, "params": {"gamma": 423.8046978302502, "log10_alpha": -2.8819517938303663, "log10_colsample_bytree": -0.1473742388123757, "log10_eta": -4.0, "log10_lambda": -5.0, "log10_min_child_weight": 0.0, "log10_subsample": -1.0, "max_depth": 10.0, "num_boost_round": 42.0}, "datetime": {"datetime": "2024-01-19 01:25:07", "elapsed": 4410.36618, "delta": 0.005523}}
{"target": -13.758416844544131, "params": {"gamma": 423.8046978302502, "log10_alpha": -2.8819517938303663, "log10_colsample_bytree": -0.1473742388123757, "log10_eta": -4.0, "log10_lambda": -5.0, "log10_min_child_weight": 0.0, "log10_subsample": -1.0, "max_depth": 10.0, "num_boost_round": 43.0}, "datetime": {"datetime": "2024-01-19 01:25:07", "elapsed": 4410.371684, "delta": 0.005504}}
