{"target": -17.6763957505603, "params": {"gamma": 709.5061765139035, "log10_alpha": -4.7872967317008275, "log10_colsample_bytree": -0.36874401410897584, "log10_eta": -3.3895426425809885, "log10_lambda": -2.258920627326833, "log10_min_child_weight": 0.0817060653794377, "log10_subsample": -0.583842844242172, "max_depth": 8.0, "num_boost_round": 38.0}, "datetime": {"datetime": "2024-01-19 00:34:12", "elapsed": 1360.313582, "delta": 0.001805}}
{"target": -17.67639478611778, "params": {"gamma": 709.5061765139035, "log10_alpha": -4.7872967317008275, "log10_colsample_bytree": -0.36874401410897584, "log10_eta": -3.3895426425809885, "log10_lambda": -2.258920627326833, "log10_min_child_weight": 0.0817060653794377, "log10_subsample": -0.583842844242172, "max_depth": 8.0, "num_boost_round": 39.0}, "datetime": {"datetime": "2024-01-19 00:34:12", "elapsed": 1360.315381, "delta": 0.001799}}
{"target": -17.676404537882902, "params": {"gamma": 709.5061765139035, "log10_alpha": -4.7872967317008275, "log10_colsample_bytree": -0.36874401410897584, "log10_eta": -3.3895426425809885, "log10_lambda": -2.258920627326833, "log10_min_child_weight": 0.0817060653794377, "log10_subsample": -0.583842844242172, "max_depth": 8.0, "num_boost_round": 40.0}, "datetime": {"datetime": "2024-01-19 00:34:12", "elapsed": 1360.317251, "delta": 0.00187}}
{"target": -17.67641004548833, "params": {"gamma": 709.5061765139035, "log10_alpha": -4.7872967317008275, "log10_colsample_bytree": -0.36874401410897584, "log10_eta": -3.3895426425809885, "log10_lambda": -2.258920627326833, "log10_min_child_weight": 0.0817060653794377, "log10_subsample": -0.583842844242172, "max_depth": 8.0, "num_boost_round": 41.0}, "datetime": {"datetime": "2024-01-19 00:34:12", "elapsed": 1360.319059, "delta": 0.001808}}
{"target": -17.676409670942718, "params": {"gamma": 709.5061765139035, "log10_alpha": -4.7872967317008275, "log10_colsample_bytree": -0.36874401410897584, "log10_eta": -3.3895426425809885, "log10_lambda": -2.258920627326833, "log10_min_child_weight": 0.0817060653794377, "log10_subsample": -0.583842844242172, "max_depth": 8.0, "num_boost_round": 42.0}, "datetime": {"datetime": "2024-01-19 00:34:12", "elapsed": 1360.320863, "delta": 0.001804}}
{"target": -17.676390262845924, "params": {"gamma": 709.5061765139035, "log10_alpha": -4.7872967317008275, "log10_colsample_bytree": -0.36874401410897584, "log10_eta": -3.3895426425809885, "log10_lambda": -2.258920627326833, "log10_min_child_weight": 0.0817060653794377, "log10_subsample": -0.583842844242172, "max_depth": 8.0, "num_boost_round": 43.0}, "datetime": {"datetime": "2024-01-19 00:34:12", "elapsed": 1360.322674, "delta": 0.001811}}
{"target": -17.67638947748848, "params": {"gamma": 709.5061765139035, "log10_alpha": -4.7872967317008275, "log10_colsample_bytree": -0.36874401410897584, "log10_eta": -3.3895426425809885, "log10_lambda": -2.258920627326833, "log10_min_child_weight": 0.0817060653794377, "log10_subsample": -0.583842844242172, "max_depth": 8.0, "num_boost_round": 44.0}, "datetime": {"datetime": "2024-01-19 00:34:12", "elapsed": 1360.324492, "delta": 0.001818}}
{"target": -17.676380561769122, "params": {"gamma": 709.5061765139035, "log10_alpha": -4.7872967317008275, "log10_colsample_bytree": -0.36874401410897584, "log10_eta": -3.3895426425809885, "log10_lambda": -2.258920627326833, "log10_min_child_weight": 0.0817060653794377, "log10_subsample": -0.583842844242172, "max_depth": 8.0, "num_boost_round": 45.0}, "datetime": {"datetime": "2024-01-19 00:34:12", "elapsed": 1360.326296, "delta": 0.001804}}
{"target": -17.67635735661301, "params": {"gamma": 709.5061765139035, "log10_alpha": -4.7872967317008275, "log10_colsample_bytree": -0.36874401410897584, "log10_eta": -3.3895426425809885, "log10_lambda": -2.258920627326833, "log10_min_child_weight": 0.0817060653794377, "log10_subsample": -0.583842844242172, "max_depth": 8.0, "num_boost_round": 46.0}, "datetime": {"datetime": "2024-01-19 00:34:12", "elapsed": 1360.328215, "delta": 0.001919}}
{"target": -17.67635793438176, "params": {"gamma": 709.5061765139035, "log10_alpha": -4.7872967317008275, "log10_colsample_bytree": -0.36874401410897584, "log10_eta": -3.3895426425809885, "log10_lambda": -2.258920627326833, "log10_min_child_weight": 0.0817060653794377, "log10_subsample": -0.583842844242172, "max_depth": 8.0, "num_boost_round": 47.0}, "datetime": {"datetime": "2024-01-19 00:34:12", "elapsed": 1360.330152, "delta": 0.001937}}
{"target": -17.67635354235068, "params": {"gamma": 709.5061765139035, "log10_alpha": -4.7872967317008275, "log10_colsample_bytree": -0.36874401410897584, "log10_eta": -3.3895426425809885, "log10_lambda": -2.258920627326833, "log10_min_child_weight": 0.0817060653794377, "log10_subsample": -0.583842844242172, "max_depth": 8.0, "num_boost_round": 48.0}, "datetime": {"datetime": "2024-01-19 00:34:12", "elapsed": 1360.332147, "delta": 0.001995}}
{"target": -17.676356616640096, "params": {"gamma": 709.5061765139035, "log10_alpha": -4.7872967317008275, "log10_colsample_bytree": -0.36874401410897584, "log10_eta": -3.3895426425809885, "log10_lambda": -2.258920627326833, "log10_min_child_weight": 0.0817060653794377, "log10_subsample": -0.583842844242172, "max_depth": 8.0, "num_boost_round": 49.0}, "datetime": {"datetime": "2024-01-19 00:34:12", "elapsed": 1360.333979, "delta": 0.001832}}
{"target": -17.6763400343327, "params": {"gamma": 709.5061765139035, "log10_alpha": -4.7872967317008275, "log10_colsample_bytree": -0.36874401410897584, "log10_eta": -3.3895426425809885, "log10_lambda": -2.258920627326833, "log10_min_child_weight": 0.0817060653794377, "log10_subsample": -0.583842844242172, "max_depth": 8.0, "num_boost_round": 50.0}, "datetime": {"datetime": "2024-01-19 00:34:12", "elapsed": 1360.33579, "delta": 0.001811}}
{"target": -17.676350822642725, "params": {"gamma": 709.5061765139035, "log10_alpha": -4.7872967317008275, "log10_colsample_bytree": -0.36874401410897584, "log10_eta": -3.3895426425809885, "log10_lambda": -2.258920627326833, "log10_min_child_weight": 0.0817060653794377, "log10_subsample": -0.583842844242172, "max_depth": 8.0, "num_boost_round": 51.0}, "datetime": {"datetime": "2024-01-19 00:34:12", "elapsed": 1360.337693, "delta": 0.001903}}
{"target": -17.67636788918379, "params": {"gamma": 709.5061765139035, "log10_alpha": -4.7872967317008275, "log10_colsample_bytree": -0.36874401410897584, "log10_eta": -3.3895426425809885, "log10_lambda": -2.258920627326833, "log10_min_child_weight": 0.0817060653794377, "log10_subsample": -0.583842844242172, "max_depth": 8.0, "num_boost_round": 52.0}, "datetime": {"datetime": "2024-01-19 00:34:13", "elapsed": 1360.339509, "delta": 0.001816}}
{"target": -17.67634226903621, "params": {"gamma": 709.5061765139035, "log10_alpha": -4.7872967317008275, "log10_colsample_bytree": -0.36874401410897584, "log10_eta": -3.3895426425809885, "log10_lambda": -2.258920627326833, "log10_min_child_weight": 0.0817060653794377, "log10_subsample": -0.583842844242172, "max_depth": 8.0, "num_boost_round": 53.0}, "datetime": {"datetime": "2024-01-19 00:34:13", "elapsed": 1360.341332, "delta": 0.001823}}
{"target": -17.676321773888127, "params": {"gamma": 709.5061765139035, "log10_alpha": -4.7872967317008275, "log10_colsample_bytree": -0.36874401410897584, "log10_eta": -3.3895426425809885, "log10_lambda": -2.258920627326833, "log10_min_child_weight": 0.0817060653794377, "log10_subsample": -0.583842844242172, "max_depth": 8.0, "num_boost_round": 54.0}, "datetime": {"datetime": "2024-01-19 00:34:13", "elapsed": 1360.343157, "delta": 0.001825}}
{"target": -17.676298012378147, "params": {"gamma": 709.5061765139035, "log10_alpha": -4.7872967317008275, "log10_colsample_bytree": -0.36874401410897584, "log10_eta": -3.3895426425809885, "log10_lambda": -2.258920627326833, "log10_min_child_weight": 0.0817060653794377, "log10_subsample": -0.583842844242172, "max_depth": 8.0, "num_boost_round": 55.0}, "datetime": {"datetime": "2024-01-19 00:34:13", "elapsed": 1360.344959, "delta": 0.001802}}
{"target": -17.67627341775566, "params": {"gamma": 709.5061765139035, "log10_alpha": -4.7872967317008275, "log10_colsample_bytree": -0.36874401410897584, "log10_eta": -3.3895426425809885, "log10_lambda": -2.258920627326833, "log10_min_child_weight": 0.0817060653794377, "log10_subsample": -0.583842844242172, "max_depth": 8.0, "num_boost_round": 56.0}, "datetime": {"datetime": "2024-01-19 00:34:13", "elapsed": 1360.346799, "delta": 0.00184}}
{"target": -17.676226232624416, "params": {"gamma": 709.5061765139035, "log10_alpha": -4.7872967317008275, "log10_colsample_bytree": -0.36874401410897584, "log10_eta": -3.3895426425809885, "log10_lambda": -2.258920627326833, "log10_min_child_weight": 0.0817060653794377, "log10_subsample": -0.583842844242172, "max_depth": 8.0, "num_boost_round": 57.0}, "datetime": {"datetime": "2024-01-19 00:34:13", "elapsed": 1360.348701, "delta": 0.001902}}
{"target": -17.676225900369715, "params": {"gamma": 709.5061765139035, "log10_alpha": -4.7872967317008275, "log10_colsample_bytree": -0.36874401410897584, "log10_eta": -3.3895426425809885, "log10_lambda": -2.258920627326833, "log10_min_child_weight": 0.0817060653794377, "log10_subsample": -0.583842844242172, "max_depth": 8.0, "num_boost_round": 58.0}, "datetime": {"datetime": "2024-01-19 00:34:13", "elapsed": 1360.35052, "delta": 0.001819}}
{"target": -17.67621809774355, "params": {"gamma": 709.5061765139035, "log10_alpha": -4.7872967317008275, "log10_colsample_bytree": -0.36874401410897584, "log10_eta": -3.3895426425809885, "log10_lambda": -2.258920627326833, "log10_min_child_weight": 0.0817060653794377, "log10_subsample": -0.583842844242172, "max_depth": 8.0, "num_boost_round": 59.0}, "datetime": {"datetime": "2024-01-19 00:34:13", "elapsed": 1360.352343, "delta": 0.001823}}
{"target": -17.67621443551159, "params": {"gamma": 709.5061765139035, "log10_alpha": -4.7872967317008275, "log10_colsample_bytree": -0.36874401410897584, "log10_eta": -3.3895426425809885, "log10_lambda": -2.258920627326833, "log10_min_child_weight": 0.0817060653794377, "log10_subsample": -0.583842844242172, "max_depth": 8.0, "num_boost_round": 60.0}, "datetime": {"datetime": "2024-01-19 00:34:13", "elapsed": 1360.354169, "delta": 0.001826}}
{"target": -17.676204313148432, "params": {"gamma": 709.5061765139035, "log10_alpha": -4.7872967317008275, "log10_colsample_bytree": -0.36874401410897584, "log10_eta": -3.3895426425809885, "log10_lambda": -2.258920627326833, "log10_min_child_weight": 0.0817060653794377, "log10_subsample": -0.583842844242172, "max_depth": 8.0, "num_boost_round": 61.0}, "datetime": {"datetime": "2024-01-19 00:34:13", "elapsed": 1360.356062, "delta": 0.001893}}
{"target": -17.676189353254625, "params": {"gamma": 709.5061765139035, "log10_alpha": -4.7872967317008275, "log10_colsample_bytree": -0.36874401410897584, "log10_eta": -3.3895426425809885, "log10_lambda": -2.258920627326833, "log10_min_child_weight": 0.0817060653794377, "log10_subsample": -0.583842844242172, "max_depth": 8.0, "num_boost_round": 62.0}, "datetime": {"datetime": "2024-01-19 00:34:13", "elapsed": 1360.3579, "delta": 0.001838}}
{"target": -17.676205106479475, "params": {"gamma": 709.5061765139035, "log10_alpha": -4.7872967317008275, "log10_colsample_bytree": -0.36874401410897584, "log10_eta": -3.3895426425809885, "log10_lambda": -2.258920627326833, "log10_min_child_weight": 0.0817060653794377, "log10_subsample": -0.583842844242172, "max_depth": 8.0, "num_boost_round": 63.0}, "datetime": {"datetime": "2024-01-19 00:34:13", "elapsed": 1360.359731, "delta": 0.001831}}
{"target": -17.67621807745417, "params": {"gamma": 709.5061765139035, "log10_alpha": -4.7872967317008275, "log10_colsample_bytree": -0.36874401410897584, "log10_eta": -3.3895426425809885, "log10_lambda": -2.258920627326833, "log10_min_child_weight": 0.0817060653794377, "log10_subsample": -0.583842844242172, "max_depth": 8.0, "num_boost_round": 64.0}, "datetime": {"datetime": "2024-01-19 00:34:13", "elapsed": 1360.361551, "delta": 0.00182}}
{"target": -17.677185771209974, "params": {"gamma": 711.0662486457875, "log10_alpha": -3.2858169121631335, "log10_colsample_bytree": -0.49177780554822115, "log10_eta": -2.034029003346559, "log10_lambda": -3.9805160059091445, "log10_min_child_weight": 0.3652461953433478, "log10_subsample": -0.6533224132052746, "max_depth": 4.0, "num_boost_round": 0.0}, "datetime": {"datetime": "2024-01-19 00:34:54", "elapsed": 1402.003742, "delta": 41.642191}}
{"target": -17.67668384742268, "params": {"gamma": 711.0662486457875, "log10_alpha": -3.2858169121631335, "log10_colsample_bytree": -0.49177780554822115, "log10_eta": -2.034029003346559, "log10_lambda": -3.9805160059091445, "log10_min_child_weight": 0.3652461953433478, "log10_subsample": -0.6533224132052746, "max_depth": 4.0, "num_boost_round": 1.0}, "datetime": {"datetime": "2024-01-19 00:34:54", "elapsed": 1402.006307, "delta": 0.002565}}
{"target": -17.676426827269626, "params": {"gamma": 711.0662486457875, "log10_alpha": -3.2858169121631335, "log10_colsample_bytree": -0.49177780554822115, "log10_eta": -2.034029003346559, "log10_lambda": -3.9805160059091445, "log10_min_child_weight": 0.3652461953433478, "log10_subsample": -0.6533224132052746, "max_depth": 4.0, "num_boost_round": 2.0}, "datetime": {"datetime": "2024-01-19 00:34:54", "elapsed": 1402.008451, "delta": 0.002144}}
{"target": -17.67647250133773, "params": {"gamma": 711.0662486457875, "log10_alpha": -3.2858169121631335, "log10_colsample_bytree": -0.49177780554822115, "log10_eta": -2.034029003346559, "log10_lambda": -3.9805160059091445, "log10_min_child_weight": 0.3652461953433478, "log10_subsample": -0.6533224132052746, "max_depth": 4.0, "num_boost_round": 3.0}, "datetime": {"datetime": "2024-01-19 00:34:54", "elapsed": 1402.010317, "delta": 0.001866}}
{"target": -17.676520665213612, "params": {"gamma": 711.0662486457875, "log10_alpha": -3.2858169121631335, "log10_colsample_bytree": -0.49177780554822115, "log10_eta": -2.034029003346559, "log10_lambda": -3.9805160059091445, "log10_min_child_weight": 0.3652461953433478, "log10_subsample": -0.6533224132052746, "max_depth": 4.0, "num_boost_round": 4.0}, "datetime": {"datetime": "2024-01-19 00:34:54", "elapsed": 1402.012258, "delta": 0.001941}}
{"target": -17.67607691139417, "params": {"gamma": 711.0662486457875, "log10_alpha": -3.2858169121631335, "log10_colsample_bytree": -0.49177780554822115, "log10_eta": -2.034029003346559, "log10_lambda": -3.9805160059091445, "log10_min_child_weight": 0.3652461953433478, "log10_subsample": -0.6533224132052746, "max_depth": 4.0, "num_boost_round": 5.0}, "datetime": {"datetime": "2024-01-19 00:34:54", "elapsed": 1402.014093, "delta": 0.001835}}
{"target": -17.675704747122097, "params": {"gamma": 711.0662486457875, "log10_alpha": -3.2858169121631335, "log10_colsample_bytree": -0.49177780554822115, "log10_eta": -2.034029003346559, "log10_lambda": -3.9805160059091445, "log10_min_child_weight": 0.3652461953433478, "log10_subsample": -0.6533224132052746, "max_depth": 4.0, "num_boost_round": 6.0}, "datetime": {"datetime": "2024-01-19 00:34:54", "elapsed": 1402.015917, "delta": 0.001824}}
{"target": -17.675698156475686, "params": {"gamma": 711.0662486457875, "log10_alpha": -3.2858169121631335, "log10_colsample_bytree": -0.49177780554822115, "log10_eta": -2.034029003346559, "log10_lambda": -3.9805160059091445, "log10_min_child_weight": 0.3652461953433478, "log10_subsample": -0.6533224132052746, "max_depth": 4.0, "num_boost_round": 7.0}, "datetime": {"datetime": "2024-01-19 00:34:54", "elapsed": 1402.017844, "delta": 0.001927}}
{"target": -17.67569578729653, "params": {"gamma": 711.0662486457875, "log10_alpha": -3.2858169121631335, "log10_colsample_bytree": -0.49177780554822115, "log10_eta": -2.034029003346559, "log10_lambda": -3.9805160059091445, "log10_min_child_weight": 0.3652461953433478, "log10_subsample": -0.6533224132052746, "max_depth": 4.0, "num_boost_round": 8.0}, "datetime": {"datetime": "2024-01-19 00:34:54", "elapsed": 1402.019678, "delta": 0.001834}}
{"target": -17.67536031863929, "params": {"gamma": 711.0662486457875, "log10_alpha": -3.2858169121631335, "log10_colsample_bytree": -0.49177780554822115, "log10_eta": -2.034029003346559, "log10_lambda": -3.9805160059091445, "log10_min_child_weight": 0.3652461953433478, "log10_subsample": -0.6533224132052746, "max_depth": 4.0, "num_boost_round": 9.0}, "datetime": {"datetime": "2024-01-19 00:34:54", "elapsed": 1402.021508, "delta": 0.00183}}
{"target": -17.674790545095885, "params": {"gamma": 711.0662486457875, "log10_alpha": -3.2858169121631335, "log10_colsample_bytree": -0.49177780554822115, "log10_eta": -2.034029003346559, "log10_lambda": -3.9805160059091445, "log10_min_child_weight": 0.3652461953433478, "log10_subsample": -0.6533224132052746, "max_depth": 4.0, "num_boost_round": 10.0}, "datetime": {"datetime": "2024-01-19 00:34:54", "elapsed": 1402.023346, "delta": 0.001838}}
{"target": -17.674597642730465, "params": {"gamma": 711.0662486457875, "log10_alpha": -3.2858169121631335, "log10_colsample_bytree": -0.49177780554822115, "log10_eta": -2.034029003346559, "log10_lambda": -3.9805160059091445, "log10_min_child_weight": 0.3652461953433478, "log10_subsample": -0.6533224132052746, "max_depth": 4.0, "num_boost_round": 11.0}, "datetime": {"datetime": "2024-01-19 00:34:54", "elapsed": 1402.025182, "delta": 0.001836}}
{"target": -17.67440124011277, "params": {"gamma": 711.0662486457875, "log10_alpha": -3.2858169121631335, "log10_colsample_bytree": -0.49177780554822115, "log10_eta": -2.034029003346559, "log10_lambda": -3.9805160059091445, "log10_min_child_weight": 0.3652461953433478, "log10_subsample": -0.6533224132052746, "max_depth": 4.0, "num_boost_round": 12.0}, "datetime": {"datetime": "2024-01-19 00:34:54", "elapsed": 1402.027027, "delta": 0.001845}}
{"target": -17.674623904248598, "params": {"gamma": 711.0662486457875, "log10_alpha": -3.2858169121631335, "log10_colsample_bytree": -0.49177780554822115, "log10_eta": -2.034029003346559, "log10_lambda": -3.9805160059091445, "log10_min_child_weight": 0.3652461953433478, "log10_subsample": -0.6533224132052746, "max_depth": 4.0, "num_boost_round": 13.0}, "datetime": {"datetime": "2024-01-19 00:34:54", "elapsed": 1402.029074, "delta": 0.002047}}
{"target": -17.67471903999222, "params": {"gamma": 711.0662486457875, "log10_alpha": -3.2858169121631335, "log10_colsample_bytree": -0.49177780554822115, "log10_eta": -2.034029003346559, "log10_lambda": -3.9805160059091445, "log10_min_child_weight": 0.3652461953433478, "log10_subsample": -0.6533224132052746, "max_depth": 4.0, "num_boost_round": 14.0}, "datetime": {"datetime": "2024-01-19 00:34:54", "elapsed": 1402.031108, "delta": 0.002034}}
{"target": -17.674462424641025, "params": {"gamma": 711.0662486457875, "log10_alpha": -3.2858169121631335, "log10_colsample_bytree": -0.49177780554822115, "log10_eta": -2.034029003346559, "log10_lambda": -3.9805160059091445, "log10_min_child_weight": 0.3652461953433478, "log10_subsample": -0.6533224132052746, "max_depth": 4.0, "num_boost_round": 15.0}, "datetime": {"datetime": "2024-01-19 00:34:54", "elapsed": 1402.033103, "delta": 0.001995}}
{"target": -17.6744922196085, "params": {"gamma": 711.0662486457875, "log10_alpha": -3.2858169121631335, "log10_colsample_bytree": -0.49177780554822115, "log10_eta": -2.034029003346559, "log10_lambda": -3.9805160059091445, "log10_min_child_weight": 0.3652461953433478, "log10_subsample": -0.6533224132052746, "max_depth": 4.0, "num_boost_round": 16.0}, "datetime": {"datetime": "2024-01-19 00:34:54", "elapsed": 1402.035052, "delta": 0.001949}}
{"target": -17.674359303581458, "params": {"gamma": 711.0662486457875, "log10_alpha": -3.2858169121631335, "log10_colsample_bytree": -0.49177780554822115, "log10_eta": -2.034029003346559, "log10_lambda": -3.9805160059091445, "log10_min_child_weight": 0.3652461953433478, "log10_subsample": -0.6533224132052746, "max_depth": 4.0, "num_boost_round": 17.0}, "datetime": {"datetime": "2024-01-19 00:34:54", "elapsed": 1402.037026, "delta": 0.001974}}
{"target": -17.674568049412148, "params": {"gamma": 711.0662486457875, "log10_alpha": -3.2858169121631335, "log10_colsample_bytree": -0.49177780554822115, "log10_eta": -2.034029003346559, "log10_lambda": -3.9805160059091445, "log10_min_child_weight": 0.3652461953433478, "log10_subsample": -0.6533224132052746, "max_depth": 4.0, "num_boost_round": 18.0}, "datetime": {"datetime": "2024-01-19 00:34:54", "elapsed": 1402.038912, "delta": 0.001886}}
{"target": -17.67446863640001, "params": {"gamma": 711.0662486457875, "log10_alpha": -3.2858169121631335, "log10_colsample_bytree": -0.49177780554822115, "log10_eta": -2.034029003346559, "log10_lambda": -3.9805160059091445, "log10_min_child_weight": 0.3652461953433478, "log10_subsample": -0.6533224132052746, "max_depth": 4.0, "num_boost_round": 19.0}, "datetime": {"datetime": "2024-01-19 00:34:54", "elapsed": 1402.040752, "delta": 0.00184}}
{"target": -17.67429443350445, "params": {"gamma": 711.0662486457875, "log10_alpha": -3.2858169121631335, "log10_colsample_bytree": -0.49177780554822115, "log10_eta": -2.034029003346559, "log10_lambda": -3.9805160059091445, "log10_min_child_weight": 0.3652461953433478, "log10_subsample": -0.6533224132052746, "max_depth": 4.0, "num_boost_round": 20.0}, "datetime": {"datetime": "2024-01-19 00:34:54", "elapsed": 1402.042627, "delta": 0.001875}}
{"target": -17.674058198452407, "params": {"gamma": 711.0662486457875, "log10_alpha": -3.2858169121631335, "log10_colsample_bytree": -0.49177780554822115, "log10_eta": -2.034029003346559, "log10_lambda": -3.9805160059091445, "log10_min_child_weight": 0.3652461953433478, "log10_subsample": -0.6533224132052746, "max_depth": 4.0, "num_boost_round": 21.0}, "datetime": {"datetime": "2024-01-19 00:34:54", "elapsed": 1402.044497, "delta": 0.00187}}
