{"target": -17.677158897004954, "params": {"gamma": 965.5651241389064, "log10_alpha": -4.2555350932738385, "log10_colsample_bytree": -0.227249534560247, "log10_eta": -3.365951339164876, "log10_lambda": -0.6152186034545437, "log10_min_child_weight": 4.03161650350908, "log10_subsample": -0.006507753559701568, "max_depth": 7.0, "num_boost_round": 9.0}, "datetime": {"datetime": "2024-01-19 00:20:37", "elapsed": 531.623814, "delta": 0.000932}}
{"target": -17.677151911149448, "params": {"gamma": 965.5651241389064, "log10_alpha": -4.2555350932738385, "log10_colsample_bytree": -0.227249534560247, "log10_eta": -3.365951339164876, "log10_lambda": -0.6152186034545437, "log10_min_child_weight": 4.03161650350908, "log10_subsample": -0.006507753559701568, "max_depth": 7.0, "num_boost_round": 10.0}, "datetime": {"datetime": "2024-01-19 00:20:37", "elapsed": 531.624637, "delta": 0.000823}}
{"target": -17.67714508176026, "params": {"gamma": 965.5651241389064, "log10_alpha": -4.2555350932738385, "log10_colsample_bytree": -0.227249534560247, "log10_eta": -3.365951339164876, "log10_lambda": -0.6152186034545437, "log10_min_child_weight": 4.03161650350908, "log10_subsample": -0.006507753559701568, "max_depth": 7.0, "num_boost_round": 11.0}, "datetime": {"datetime": "2024-01-19 00:20:37", "elapsed": 531.625441, "delta": 0.000804}}
{"target": -17.67714695255987, "params": {"gamma": 965.5651241389064, "log10_alpha": -4.2555350932738385, "log10_colsample_bytree": -0.227249534560247, "log10_eta": -3.365951339164876, "log10_lambda": -0.6152186034545437, "log10_min_child_weight": 4.03161650350908, "log10_subsample": -0.006507753559701568, "max_depth": 7.0, "num_boost_round": 12.0}, "datetime": {"datetime": "2024-01-19 00:20:37", "elapsed": 531.626277, "delta": 0.000836}}
{"target": -17.67713199954673, "params": {"gamma": 965.5651241389064, "log10_alpha": -4.2555350932738385, "log10_colsample_bytree": -0.227249534560247, "log10_eta": -3.365951339164876, "log10_lambda": -0.6152186034545437, "log10_min_child_weight": 4.03161650350908, "log10_subsample": -0.006507753559701568, "max_depth": 7.0, "num_boost_round": 13.0}, "datetime": {"datetime": "2024-01-19 00:20:37", "elapsed": 531.62716, "delta": 0.000883}}
{"target": -17.67712802917882, "params": {"gamma": 965.5651241389064, "log10_alpha": -4.2555350932738385, "log10_colsample_bytree": -0.227249534560247, "log10_eta": -3.365951339164876, "log10_lambda": -0.6152186034545437, "log10_min_child_weight": 4.03161650350908, "log10_subsample": -0.006507753559701568, "max_depth": 7.0, "num_boost_round": 14.0}, "datetime": {"datetime": "2024-01-19 00:20:37", "elapsed": 531.628028, "delta": 0.000868}}
{"target": -17.677106306149962, "params": {"gamma": 965.5651241389064, "log10_alpha": -4.2555350932738385, "log10_colsample_bytree": -0.227249534560247, "log10_eta": -3.365951339164876, "log10_lambda": -0.6152186034545437, "log10_min_child_weight": 4.03161650350908, "log10_subsample": -0.006507753559701568, "max_depth": 7.0, "num_boost_round": 15.0}, "datetime": {"datetime": "2024-01-19 00:20:37", "elapsed": 531.628944, "delta": 0.000916}}
{"target": -17.677098786820284, "params": {"gamma": 965.5651241389064, "log10_alpha": -4.2555350932738385, "log10_colsample_bytree": -0.227249534560247, "log10_eta": -3.365951339164876, "log10_lambda": -0.6152186034545437, "log10_min_child_weight": 4.03161650350908, "log10_subsample": -0.006507753559701568, "max_depth": 7.0, "num_boost_round": 16.0}, "datetime": {"datetime": "2024-01-19 00:20:37", "elapsed": 531.629806, "delta": 0.000862}}
{"target": -17.67709532166415, "params": {"gamma": 965.5651241389064, "log10_alpha": -4.2555350932738385, "log10_colsample_bytree": -0.227249534560247, "log10_eta": -3.365951339164876, "log10_lambda": -0.6152186034545437, "log10_min_child_weight": 4.03161650350908, "log10_subsample": -0.006507753559701568, "max_depth": 7.0, "num_boost_round": 17.0}, "datetime": {"datetime": "2024-01-19 00:20:37", "elapsed": 531.630688, "delta": 0.000882}}
{"target": -17.677093343524174, "params": {"gamma": 965.5651241389064, "log10_alpha": -4.2555350932738385, "log10_colsample_bytree": -0.227249534560247, "log10_eta": -3.365951339164876, "log10_lambda": -0.6152186034545437, "log10_min_child_weight": 4.03161650350908, "log10_subsample": -0.006507753559701568, "max_depth": 7.0, "num_boost_round": 18.0}, "datetime": {"datetime": "2024-01-19 00:20:37", "elapsed": 531.631554, "delta": 0.000866}}
{"target": -17.67707061089701, "params": {"gamma": 965.5651241389064, "log10_alpha": -4.2555350932738385, "log10_colsample_bytree": -0.227249534560247, "log10_eta": -3.365951339164876, "log10_lambda": -0.6152186034545437, "log10_min_child_weight": 4.03161650350908, "log10_subsample": -0.006507753559701568, "max_depth": 7.0, "num_boost_round": 19.0}, "datetime": {"datetime": "2024-01-19 00:20:37", "elapsed": 531.632423, "delta": 0.000869}}
{"target": -17.67705528414103, "params": {"gamma": 965.5651241389064, "log10_alpha": -4.2555350932738385, "log10_colsample_bytree": -0.227249534560247, "log10_eta": -3.365951339164876, "log10_lambda": -0.6152186034545437, "log10_min_child_weight": 4.03161650350908, "log10_subsample": -0.006507753559701568, "max_depth": 7.0, "num_boost_round": 20.0}, "datetime": {"datetime": "2024-01-19 00:20:37", "elapsed": 531.633304, "delta": 0.000881}}
{"target": -17.67704208450922, "params": {"gamma": 965.5651241389064, "log10_alpha": -4.2555350932738385, "log10_colsample_bytree": -0.227249534560247, "log10_eta": -3.365951339164876, "log10_lambda": -0.6152186034545437, "log10_min_child_weight": 4.03161650350908, "log10_subsample": -0.006507753559701568, "max_depth": 7.0, "num_boost_round": 21.0}, "datetime": {"datetime": "2024-01-19 00:20:37", "elapsed": 531.634181, "delta": 0.000877}}
{"target": -17.6770222190391, "params": {"gamma": 965.5651241389064, "log10_alpha": -4.2555350932738385, "log10_colsample_bytree": -0.227249534560247, "log10_eta": -3.365951339164876, "log10_lambda": -0.6152186034545437, "log10_min_child_weight": 4.03161650350908, "log10_subsample": -0.006507753559701568, "max_depth": 7.0, "num_boost_round": 22.0}, "datetime": {"datetime": "2024-01-19 00:20:37", "elapsed": 531.635045, "delta": 0.000864}}
{"target": -17.677022430316743, "params": {"gamma": 965.5651241389064, "log10_alpha": -4.2555350932738385, "log10_colsample_bytree": -0.227249534560247, "log10_eta": -3.365951339164876, "log10_lambda": -0.6152186034545437, "log10_min_child_weight": 4.03161650350908, "log10_subsample": -0.006507753559701568, "max_depth": 7.0, "num_boost_round": 23.0}, "datetime": {"datetime": "2024-01-19 00:20:37", "elapsed": 531.635918, "delta": 0.000873}}
{"target": -17.67701487749909, "params": {"gamma": 965.5651241389064, "log10_alpha": -4.2555350932738385, "log10_colsample_bytree": -0.227249534560247, "log10_eta": -3.365951339164876, "log10_lambda": -0.6152186034545437, "log10_min_child_weight": 4.03161650350908, "log10_subsample": -0.006507753559701568, "max_depth": 7.0, "num_boost_round": 24.0}, "datetime": {"datetime": "2024-01-19 00:20:37", "elapsed": 531.636779, "delta": 0.000861}}
{"target": -17.67699628179818, "params": {"gamma": 965.5651241389064, "log10_alpha": -4.2555350932738385, "log10_colsample_bytree": -0.227249534560247, "log10_eta": -3.365951339164876, "log10_lambda": -0.6152186034545437, "log10_min_child_weight": 4.03161650350908, "log10_subsample": -0.006507753559701568, "max_depth": 7.0, "num_boost_round": 25.0}, "datetime": {"datetime": "2024-01-19 00:20:37", "elapsed": 531.637642, "delta": 0.000863}}
{"target": -17.676994035478216, "params": {"gamma": 965.5651241389064, "log10_alpha": -4.2555350932738385, "log10_colsample_bytree": -0.227249534560247, "log10_eta": -3.365951339164876, "log10_lambda": -0.6152186034545437, "log10_min_child_weight": 4.03161650350908, "log10_subsample": -0.006507753559701568, "max_depth": 7.0, "num_boost_round": 26.0}, "datetime": {"datetime": "2024-01-19 00:20:37", "elapsed": 531.638519, "delta": 0.000877}}
{"target": -17.6769833364653, "params": {"gamma": 965.5651241389064, "log10_alpha": -4.2555350932738385, "log10_colsample_bytree": -0.227249534560247, "log10_eta": -3.365951339164876, "log10_lambda": -0.6152186034545437, "log10_min_child_weight": 4.03161650350908, "log10_subsample": -0.006507753559701568, "max_depth": 7.0, "num_boost_round": 27.0}, "datetime": {"datetime": "2024-01-19 00:20:37", "elapsed": 531.639395, "delta": 0.000876}}
{"target": -17.676970828543674, "params": {"gamma": 965.5651241389064, "log10_alpha": -4.2555350932738385, "log10_colsample_bytree": -0.227249534560247, "log10_eta": -3.365951339164876, "log10_lambda": -0.6152186034545437, "log10_min_child_weight": 4.03161650350908, "log10_subsample": -0.006507753559701568, "max_depth": 7.0, "num_boost_round": 28.0}, "datetime": {"datetime": "2024-01-19 00:20:37", "elapsed": 531.640259, "delta": 0.000864}}
{"target": -17.676949695314338, "params": {"gamma": 965.5651241389064, "log10_alpha": -4.2555350932738385, "log10_colsample_bytree": -0.227249534560247, "log10_eta": -3.365951339164876, "log10_lambda": -0.6152186034545437, "log10_min_child_weight": 4.03161650350908, "log10_subsample": -0.006507753559701568, "max_depth": 7.0, "num_boost_round": 29.0}, "datetime": {"datetime": "2024-01-19 00:20:37", "elapsed": 531.641139, "delta": 0.00088}}
{"target": -17.67693586673994, "params": {"gamma": 965.5651241389064, "log10_alpha": -4.2555350932738385, "log10_colsample_bytree": -0.227249534560247, "log10_eta": -3.365951339164876, "log10_lambda": -0.6152186034545437, "log10_min_child_weight": 4.03161650350908, "log10_subsample": -0.006507753559701568, "max_depth": 7.0, "num_boost_round": 30.0}, "datetime": {"datetime": "2024-01-19 00:20:37", "elapsed": 531.64201, "delta": 0.000871}}
{"target": -17.676914632116322, "params": {"gamma": 965.5651241389064, "log10_alpha": -4.2555350932738385, "log10_colsample_bytree": -0.227249534560247, "log10_eta": -3.365951339164876, "log10_lambda": -0.6152186034545437, "log10_min_child_weight": 4.03161650350908, "log10_subsample": -0.006507753559701568, "max_depth": 7.0, "num_boost_round": 31.0}, "datetime": {"datetime": "2024-01-19 00:20:37", "elapsed": 531.642882, "delta": 0.000872}}
{"target": -17.676915536749654, "params": {"gamma": 965.5651241389064, "log10_alpha": -4.2555350932738385, "log10_colsample_bytree": -0.227249534560247, "log10_eta": -3.365951339164876, "log10_lambda": -0.6152186034545437, "log10_min_child_weight": 4.03161650350908, "log10_subsample": -0.006507753559701568, "max_depth": 7.0, "num_boost_round": 32.0}, "datetime": {"datetime": "2024-01-19 00:20:37", "elapsed": 531.643752, "delta": 0.00087}}
{"target": -17.676902424218014, "params": {"gamma": 965.5651241389064, "log10_alpha": -4.2555350932738385, "log10_colsample_bytree": -0.227249534560247, "log10_eta": -3.365951339164876, "log10_lambda": -0.6152186034545437, "log10_min_child_weight": 4.03161650350908, "log10_subsample": -0.006507753559701568, "max_depth": 7.0, "num_boost_round": 33.0}, "datetime": {"datetime": "2024-01-19 00:20:37", "elapsed": 531.644641, "delta": 0.000889}}
{"target": -17.676876860517645, "params": {"gamma": 965.5651241389064, "log10_alpha": -4.2555350932738385, "log10_colsample_bytree": -0.227249534560247, "log10_eta": -3.365951339164876, "log10_lambda": -0.6152186034545437, "log10_min_child_weight": 4.03161650350908, "log10_subsample": -0.006507753559701568, "max_depth": 7.0, "num_boost_round": 34.0}, "datetime": {"datetime": "2024-01-19 00:20:37", "elapsed": 531.645538, "delta": 0.000897}}
{"target": -17.67687141011964, "params": {"gamma": 965.5651241389064, "log10_alpha": -4.2555350932738385, "log10_colsample_bytree": -0.227249534560247, "log10_eta": -3.365951339164876, "log10_lambda": -0.6152186034545437, "log10_min_child_weight": 4.03161650350908, "log10_subsample": -0.006507753559701568, "max_depth": 7.0, "num_boost_round": 35.0}, "datetime": {"datetime": "2024-01-19 00:20:37", "elapsed": 531.647091, "delta": 0.001553}}
{"target": -17.676871845570165, "params": {"gamma": 965.5651241389064, "log10_alpha": -4.2555350932738385, "log10_colsample_bytree": -0.227249534560247, "log10_eta": -3.365951339164876, "log10_lambda": -0.6152186034545437, "log10_min_child_weight": 4.03161650350908, "log10_subsample": -0.006507753559701568, "max_depth": 7.0, "num_boost_round": 36.0}, "datetime": {"datetime": "2024-01-19 00:20:37", "elapsed": 531.648111, "delta": 0.00102}}
{"target": -17.676872333874602, "params": {"gamma": 965.5651241389064, "log10_alpha": -4.2555350932738385, "log10_colsample_bytree": -0.227249534560247, "log10_eta": -3.365951339164876, "log10_lambda": -0.6152186034545437, "log10_min_child_weight": 4.03161650350908, "log10_subsample": -0.006507753559701568, "max_depth": 7.0, "num_boost_round": 37.0}, "datetime": {"datetime": "2024-01-19 00:20:37", "elapsed": 531.649068, "delta": 0.000957}}
{"target": -17.67686453670051, "params": {"gamma": 965.5651241389064, "log10_alpha": -4.2555350932738385, "log10_colsample_bytree": -0.227249534560247, "log10_eta": -3.365951339164876, "log10_lambda": -0.6152186034545437, "log10_min_child_weight": 4.03161650350908, "log10_subsample": -0.006507753559701568, "max_depth": 7.0, "num_boost_round": 38.0}, "datetime": {"datetime": "2024-01-19 00:20:37", "elapsed": 531.649998, "delta": 0.00093}}
{"target": -17.67684984049379, "params": {"gamma": 965.5651241389064, "log10_alpha": -4.2555350932738385, "log10_colsample_bytree": -0.227249534560247, "log10_eta": -3.365951339164876, "log10_lambda": -0.6152186034545437, "log10_min_child_weight": 4.03161650350908, "log10_subsample": -0.006507753559701568, "max_depth": 7.0, "num_boost_round": 39.0}, "datetime": {"datetime": "2024-01-19 00:20:37", "elapsed": 531.650861, "delta": 0.000863}}
{"target": -17.676842954903197, "params": {"gamma": 965.5651241389064, "log10_alpha": -4.2555350932738385, "log10_colsample_bytree": -0.227249534560247, "log10_eta": -3.365951339164876, "log10_lambda": -0.6152186034545437, "log10_min_child_weight": 4.03161650350908, "log10_subsample": -0.006507753559701568, "max_depth": 7.0, "num_boost_round": 40.0}, "datetime": {"datetime": "2024-01-19 00:20:37", "elapsed": 531.651715, "delta": 0.000854}}
{"target": -17.67681670174001, "params": {"gamma": 965.5651241389064, "log10_alpha": -4.2555350932738385, "log10_colsample_bytree": -0.227249534560247, "log10_eta": -3.365951339164876, "log10_lambda": -0.6152186034545437, "log10_min_child_weight": 4.03161650350908, "log10_subsample": -0.006507753559701568, "max_depth": 7.0, "num_boost_round": 41.0}, "datetime": {"datetime": "2024-01-19 00:20:37", "elapsed": 531.65259, "delta": 0.000875}}
{"target": -17.676795166192353, "params": {"gamma": 965.5651241389064, "log10_alpha": -4.2555350932738385, "log10_colsample_bytree": -0.227249534560247, "log10_eta": -3.365951339164876, "log10_lambda": -0.6152186034545437, "log10_min_child_weight": 4.03161650350908, "log10_subsample": -0.006507753559701568, "max_depth": 7.0, "num_boost_round": 42.0}, "datetime": {"datetime": "2024-01-19 00:20:37", "elapsed": 531.65351, "delta": 0.00092}}
{"target": -17.67723210136916, "params": {"gamma": 967.9405898886049, "log10_alpha": -1.6553049972763993, "log10_colsample_bytree": -0.22150419708932267, "log10_eta": -3.9786922233115933, "log10_lambda": -3.942279561414191, "log10_min_child_weight": 4.3064705626461555, "log10_subsample": -0.9084508191880895, "max_depth": 6.0, "num_boost_round": 0.0}, "datetime": {"datetime": "2024-01-19 00:21:09", "elapsed": 563.320999, "delta": 31.667489}}
{"target": -17.677230871390456, "params": {"gamma": 967.9405898886049, "log10_alpha": -1.6553049972763993, "log10_colsample_bytree": -0.22150419708932267, "log10_eta": -3.9786922233115933, "log10_lambda": -3.942279561414191, "log10_min_child_weight": 4.3064705626461555, "log10_subsample": -0.9084508191880895, "max_depth": 6.0, "num_boost_round": 1.0}, "datetime": {"datetime": "2024-01-19 00:21:09", "elapsed": 563.322047, "delta": 0.001048}}
{"target": -17.677229260955105, "params": {"gamma": 967.9405898886049, "log10_alpha": -1.6553049972763993, "log10_colsample_bytree": -0.22150419708932267, "log10_eta": -3.9786922233115933, "log10_lambda": -3.942279561414191, "log10_min_child_weight": 4.3064705626461555, "log10_subsample": -0.9084508191880895, "max_depth": 6.0, "num_boost_round": 2.0}, "datetime": {"datetime": "2024-01-19 00:21:09", "elapsed": 563.323457, "delta": 0.00141}}
{"target": -17.677228119838656, "params": {"gamma": 967.9405898886049, "log10_alpha": -1.6553049972763993, "log10_colsample_bytree": -0.22150419708932267, "log10_eta": -3.9786922233115933, "log10_lambda": -3.942279561414191, "log10_min_child_weight": 4.3064705626461555, "log10_subsample": -0.9084508191880895, "max_depth": 6.0, "num_boost_round": 3.0}, "datetime": {"datetime": "2024-01-19 00:21:09", "elapsed": 563.324319, "delta": 0.000862}}
{"target": -17.677227512431326, "params": {"gamma": 967.9405898886049, "log10_alpha": -1.6553049972763993, "log10_colsample_bytree": -0.22150419708932267, "log10_eta": -3.9786922233115933, "log10_lambda": -3.942279561414191, "log10_min_child_weight": 4.3064705626461555, "log10_subsample": -0.9084508191880895, "max_depth": 6.0, "num_boost_round": 4.0}, "datetime": {"datetime": "2024-01-19 00:21:09", "elapsed": 563.32548, "delta": 0.001161}}
{"target": -17.677226728568417, "params": {"gamma": 967.9405898886049, "log10_alpha": -1.6553049972763993, "log10_colsample_bytree": -0.22150419708932267, "log10_eta": -3.9786922233115933, "log10_lambda": -3.942279561414191, "log10_min_child_weight": 4.3064705626461555, "log10_subsample": -0.9084508191880895, "max_depth": 6.0, "num_boost_round": 5.0}, "datetime": {"datetime": "2024-01-19 00:21:09", "elapsed": 563.326491, "delta": 0.001011}}
{"target": -17.677226731811047, "params": {"gamma": 967.9405898886049, "log10_alpha": -1.6553049972763993, "log10_colsample_bytree": -0.22150419708932267, "log10_eta": -3.9786922233115933, "log10_lambda": -3.942279561414191, "log10_min_child_weight": 4.3064705626461555, "log10_subsample": -0.9084508191880895, "max_depth": 6.0, "num_boost_round": 6.0}, "datetime": {"datetime": "2024-01-19 00:21:09", "elapsed": 563.327362, "delta": 0.000871}}
{"target": -17.677225652298397, "params": {"gamma": 967.9405898886049, "log10_alpha": -1.6553049972763993, "log10_colsample_bytree": -0.22150419708932267, "log10_eta": -3.9786922233115933, "log10_lambda": -3.942279561414191, "log10_min_child_weight": 4.3064705626461555, "log10_subsample": -0.9084508191880895, "max_depth": 6.0, "num_boost_round": 7.0}, "datetime": {"datetime": "2024-01-19 00:21:09", "elapsed": 563.328229, "delta": 0.000867}}
{"target": -17.677225533431837, "params": {"gamma": 967.9405898886049, "log10_alpha": -1.6553049972763993, "log10_colsample_bytree": -0.22150419708932267, "log10_eta": -3.9786922233115933, "log10_lambda": -3.942279561414191, "log10_min_child_weight": 4.3064705626461555, "log10_subsample": -0.9084508191880895, "max_depth": 6.0, "num_boost_round": 8.0}, "datetime": {"datetime": "2024-01-19 00:21:09", "elapsed": 563.329098, "delta": 0.000869}}
{"target": -17.677224166288827, "params": {"gamma": 967.9405898886049, "log10_alpha": -1.6553049972763993, "log10_colsample_bytree": -0.22150419708932267, "log10_eta": -3.9786922233115933, "log10_lambda": -3.942279561414191, "log10_min_child_weight": 4.3064705626461555, "log10_subsample": -0.9084508191880895, "max_depth": 6.0, "num_boost_round": 9.0}, "datetime": {"datetime": "2024-01-19 00:21:09", "elapsed": 563.330081, "delta": 0.000983}}
{"target": -17.677222692883245, "params": {"gamma": 967.9405898886049, "log10_alpha": -1.6553049972763993, "log10_colsample_bytree": -0.22150419708932267, "log10_eta": -3.9786922233115933, "log10_lambda": -3.942279561414191, "log10_min_child_weight": 4.3064705626461555, "log10_subsample": -0.9084508191880895, "max_depth": 6.0, "num_boost_round": 10.0}, "datetime": {"datetime": "2024-01-19 00:21:09", "elapsed": 563.330956, "delta": 0.000875}}
{"target": -17.677221800658494, "params": {"gamma": 967.9405898886049, "log10_alpha": -1.6553049972763993, "log10_colsample_bytree": -0.22150419708932267, "log10_eta": -3.9786922233115933, "log10_lambda": -3.942279561414191, "log10_min_child_weight": 4.3064705626461555, "log10_subsample": -0.9084508191880895, "max_depth": 6.0, "num_boost_round": 11.0}, "datetime": {"datetime": "2024-01-19 00:21:09", "elapsed": 563.332044, "delta": 0.001088}}
{"target": -17.677221794618397, "params": {"gamma": 967.9405898886049, "log10_alpha": -1.6553049972763993, "log10_colsample_bytree": -0.22150419708932267, "log10_eta": -3.9786922233115933, "log10_lambda": -3.942279561414191, "log10_min_child_weight": 4.3064705626461555, "log10_subsample": -0.9084508191880895, "max_depth": 6.0, "num_boost_round": 12.0}, "datetime": {"datetime": "2024-01-19 00:21:09", "elapsed": 563.333006, "delta": 0.000962}}
{"target": -17.677221071672438, "params": {"gamma": 967.9405898886049, "log10_alpha": -1.6553049972763993, "log10_colsample_bytree": -0.22150419708932267, "log10_eta": -3.9786922233115933, "log10_lambda": -3.942279561414191, "log10_min_child_weight": 4.3064705626461555, "log10_subsample": -0.9084508191880895, "max_depth": 6.0, "num_boost_round": 13.0}, "datetime": {"datetime": "2024-01-19 00:21:09", "elapsed": 563.33397, "delta": 0.000964}}
{"target": -17.677220411569458, "params": {"gamma": 967.9405898886049, "log10_alpha": -1.6553049972763993, "log10_colsample_bytree": -0.22150419708932267, "log10_eta": -3.9786922233115933, "log10_lambda": -3.942279561414191, "log10_min_child_weight": 4.3064705626461555, "log10_subsample": -0.9084508191880895, "max_depth": 6.0, "num_boost_round": 14.0}, "datetime": {"datetime": "2024-01-19 00:21:09", "elapsed": 563.334842, "delta": 0.000872}}
