{"target": -17.676237456757107, "params": {"gamma": 982.63152214813, "log10_alpha": -3.6280540713999176, "log10_colsample_bytree": -0.22934832748421885, "log10_eta": -2.010971444583879, "log10_lambda": -3.9272434743239524, "log10_min_child_weight": 4.575816917577356, "log10_subsample": -0.32235420617872235, "max_depth": 5.0, "num_boost_round": 30.0}, "datetime": {"datetime": "2024-01-19 01:28:16", "elapsed": 4590.027729, "delta": 0.00469}}
{"target": -17.67618598467259, "params": {"gamma": 982.63152214813, "log10_alpha": -3.6280540713999176, "log10_colsample_bytree": -0.22934832748421885, "log10_eta": -2.010971444583879, "log10_lambda": -3.9272434743239524, "log10_min_child_weight": 4.575816917577356, "log10_subsample": -0.32235420617872235, "max_depth": 5.0, "num_boost_round": 31.0}, "datetime": {"datetime": "2024-01-19 01:28:16", "elapsed": 4590.032771, "delta": 0.005042}}
{"target": -17.676350028387997, "params": {"gamma": 982.63152214813, "log10_alpha": -3.6280540713999176, "log10_colsample_bytree": -0.22934832748421885, "log10_eta": -2.010971444583879, "log10_lambda": -3.9272434743239524, "log10_min_child_weight": 4.575816917577356, "log10_subsample": -0.32235420617872235, "max_depth": 5.0, "num_boost_round": 32.0}, "datetime": {"datetime": "2024-01-19 01:28:16", "elapsed": 4590.037758, "delta": 0.004987}}
{"target": -17.676490818618717, "params": {"gamma": 982.63152214813, "log10_alpha": -3.6280540713999176, "log10_colsample_bytree": -0.22934832748421885, "log10_eta": -2.010971444583879, "log10_lambda": -3.9272434743239524, "log10_min_child_weight": 4.575816917577356, "log10_subsample": -0.32235420617872235, "max_depth": 5.0, "num_boost_round": 33.0}, "datetime": {"datetime": "2024-01-19 01:28:16", "elapsed": 4590.042647, "delta": 0.004889}}
{"target": -17.67657658570832, "params": {"gamma": 982.63152214813, "log10_alpha": -3.6280540713999176, "log10_colsample_bytree": -0.22934832748421885, "log10_eta": -2.010971444583879, "log10_lambda": -3.9272434743239524, "log10_min_child_weight": 4.575816917577356, "log10_subsample": -0.32235420617872235, "max_depth": 5.0, "num_boost_round": 34.0}, "datetime": {"datetime": "2024-01-19 01:28:16", "elapsed": 4590.047371, "delta": 0.004724}}
{"target": -17.676699977403146, "params": {"gamma": 982.63152214813, "log10_alpha": -3.6280540713999176, "log10_colsample_bytree": -0.22934832748421885, "log10_eta": -2.010971444583879, "log10_lambda": -3.9272434743239524, "log10_min_child_weight": 4.575816917577356, "log10_subsample": -0.32235420617872235, "max_depth": 5.0, "num_boost_round": 35.0}, "datetime": {"datetime": "2024-01-19 01:28:16", "elapsed": 4590.05218, "delta": 0.004809}}
{"target": -17.676954223906517, "params": {"gamma": 982.63152214813, "log10_alpha": -3.6280540713999176, "log10_colsample_bytree": -0.22934832748421885, "log10_eta": -2.010971444583879, "log10_lambda": -3.9272434743239524, "log10_min_child_weight": 4.575816917577356, "log10_subsample": -0.32235420617872235, "max_depth": 5.0, "num_boost_round": 36.0}, "datetime": {"datetime": "2024-01-19 01:28:16", "elapsed": 4590.057014, "delta": 0.004834}}
{"target": -17.677087064697467, "params": {"gamma": 982.63152214813, "log10_alpha": -3.6280540713999176, "log10_colsample_bytree": -0.22934832748421885, "log10_eta": -2.010971444583879, "log10_lambda": -3.9272434743239524, "log10_min_child_weight": 4.575816917577356, "log10_subsample": -0.32235420617872235, "max_depth": 5.0, "num_boost_round": 37.0}, "datetime": {"datetime": "2024-01-19 01:28:16", "elapsed": 4590.061624, "delta": 0.00461}}
{"target": -17.67730607912938, "params": {"gamma": 982.63152214813, "log10_alpha": -3.6280540713999176, "log10_colsample_bytree": -0.22934832748421885, "log10_eta": -2.010971444583879, "log10_lambda": -3.9272434743239524, "log10_min_child_weight": 4.575816917577356, "log10_subsample": -0.32235420617872235, "max_depth": 5.0, "num_boost_round": 38.0}, "datetime": {"datetime": "2024-01-19 01:28:16", "elapsed": 4590.066362, "delta": 0.004738}}
{"target": -17.67732617003544, "params": {"gamma": 982.63152214813, "log10_alpha": -3.6280540713999176, "log10_colsample_bytree": -0.22934832748421885, "log10_eta": -2.010971444583879, "log10_lambda": -3.9272434743239524, "log10_min_child_weight": 4.575816917577356, "log10_subsample": -0.32235420617872235, "max_depth": 5.0, "num_boost_round": 39.0}, "datetime": {"datetime": "2024-01-19 01:28:16", "elapsed": 4590.071258, "delta": 0.004896}}
{"target": -17.677456153803217, "params": {"gamma": 982.63152214813, "log10_alpha": -3.6280540713999176, "log10_colsample_bytree": -0.22934832748421885, "log10_eta": -2.010971444583879, "log10_lambda": -3.9272434743239524, "log10_min_child_weight": 4.575816917577356, "log10_subsample": -0.32235420617872235, "max_depth": 5.0, "num_boost_round": 40.0}, "datetime": {"datetime": "2024-01-19 01:28:16", "elapsed": 4590.076017, "delta": 0.004759}}
{"target": -17.67746120608273, "params": {"gamma": 982.63152214813, "log10_alpha": -3.6280540713999176, "log10_colsample_bytree": -0.22934832748421885, "log10_eta": -2.010971444583879, "log10_lambda": -3.9272434743239524, "log10_min_child_weight": 4.575816917577356, "log10_subsample": -0.32235420617872235, "max_depth": 5.0, "num_boost_round": 41.0}, "datetime": {"datetime": "2024-01-19 01:28:16", "elapsed": 4590.080618, "delta": 0.004601}}
{"target": -17.67768927894377, "params": {"gamma": 982.63152214813, "log10_alpha": -3.6280540713999176, "log10_colsample_bytree": -0.22934832748421885, "log10_eta": -2.010971444583879, "log10_lambda": -3.9272434743239524, "log10_min_child_weight": 4.575816917577356, "log10_subsample": -0.32235420617872235, "max_depth": 5.0, "num_boost_round": 42.0}, "datetime": {"datetime": "2024-01-19 01:28:16", "elapsed": 4590.085619, "delta": 0.005001}}
{"target": -17.67722966175318, "params": {"gamma": 969.8193451883869, "log10_alpha": -3.1865325931061306, "log10_colsample_bytree": -0.11267682312341687, "log10_eta": -2.0713379923849917, "log10_lambda": -1.915478189202135, "log10_min_child_weight": 4.87680475381664, "log10_subsample": -0.5445117618686877, "max_depth": 9.0, "num_boost_round": 0.0}, "datetime": {"datetime": "2024-01-19 01:29:21", "elapsed": 4655.669137, "delta": 65.583518}}
{"target": -17.677240412563247, "params": {"gamma": 969.8193451883869, "log10_alpha": -3.1865325931061306, "log10_colsample_bytree": -0.11267682312341687, "log10_eta": -2.0713379923849917, "log10_lambda": -1.915478189202135, "log10_min_child_weight": 4.87680475381664, "log10_subsample": -0.5445117618686877, "max_depth": 9.0, "num_boost_round": 1.0}, "datetime": {"datetime": "2024-01-19 01:29:21", "elapsed": 4655.674485, "delta": 0.005348}}
{"target": -17.6771849091793, "params": {"gamma": 969.8193451883869, "log10_alpha": -3.1865325931061306, "log10_colsample_bytree": -0.11267682312341687, "log10_eta": -2.0713379923849917, "log10_lambda": -1.915478189202135, "log10_min_child_weight": 4.87680475381664, "log10_subsample": -0.5445117618686877, "max_depth": 9.0, "num_boost_round": 2.0}, "datetime": {"datetime": "2024-01-19 01:29:21", "elapsed": 4655.679166, "delta": 0.004681}}
{"target": -17.677146745239895, "params": {"gamma": 969.8193451883869, "log10_alpha": -3.1865325931061306, "log10_colsample_bytree": -0.11267682312341687, "log10_eta": -2.0713379923849917, "log10_lambda": -1.915478189202135, "log10_min_child_weight": 4.87680475381664, "log10_subsample": -0.5445117618686877, "max_depth": 9.0, "num_boost_round": 3.0}, "datetime": {"datetime": "2024-01-19 01:29:21", "elapsed": 4655.683953, "delta": 0.004787}}
{"target": -17.677126059208565, "params": {"gamma": 969.8193451883869, "log10_alpha": -3.1865325931061306, "log10_colsample_bytree": -0.11267682312341687, "log10_eta": -2.0713379923849917, "log10_lambda": -1.915478189202135, "log10_min_child_weight": 4.87680475381664, "log10_subsample": -0.5445117618686877, "max_depth": 9.0, "num_boost_round": 4.0}, "datetime": {"datetime": "2024-01-19 01:29:21", "elapsed": 4655.793406, "delta": 0.109453}}
{"target": -17.677093567978403, "params": {"gamma": 969.8193451883869, "log10_alpha": -3.1865325931061306, "log10_colsample_bytree": -0.11267682312341687, "log10_eta": -2.0713379923849917, "log10_lambda": -1.915478189202135, "log10_min_child_weight": 4.87680475381664, "log10_subsample": -0.5445117618686877, "max_depth": 9.0, "num_boost_round": 5.0}, "datetime": {"datetime": "2024-01-19 01:29:21", "elapsed": 4655.798583, "delta": 0.005177}}
{"target": -17.67705327911345, "params": {"gamma": 969.8193451883869, "log10_alpha": -3.1865325931061306, "log10_colsample_bytree": -0.11267682312341687, "log10_eta": -2.0713379923849917, "log10_lambda": -1.915478189202135, "log10_min_child_weight": 4.87680475381664, "log10_subsample": -0.5445117618686877, "max_depth": 9.0, "num_boost_round": 6.0}, "datetime": {"datetime": "2024-01-19 01:29:22", "elapsed": 4655.803402, "delta": 0.004819}}
{"target": -17.67704516971201, "params": {"gamma": 969.8193451883869, "log10_alpha": -3.1865325931061306, "log10_colsample_bytree": -0.11267682312341687, "log10_eta": -2.0713379923849917, "log10_lambda": -1.915478189202135, "log10_min_child_weight": 4.87680475381664, "log10_subsample": -0.5445117618686877, "max_depth": 9.0, "num_boost_round": 7.0}, "datetime": {"datetime": "2024-01-19 01:29:22", "elapsed": 4655.808098, "delta": 0.004696}}
{"target": -17.67702025983138, "params": {"gamma": 969.8193451883869, "log10_alpha": -3.1865325931061306, "log10_colsample_bytree": -0.11267682312341687, "log10_eta": -2.0713379923849917, "log10_lambda": -1.915478189202135, "log10_min_child_weight": 4.87680475381664, "log10_subsample": -0.5445117618686877, "max_depth": 9.0, "num_boost_round": 8.0}, "datetime": {"datetime": "2024-01-19 01:29:22", "elapsed": 4655.812749, "delta": 0.004651}}
{"target": -17.67698571722981, "params": {"gamma": 969.8193451883869, "log10_alpha": -3.1865325931061306, "log10_colsample_bytree": -0.11267682312341687, "log10_eta": -2.0713379923849917, "log10_lambda": -1.915478189202135, "log10_min_child_weight": 4.87680475381664, "log10_subsample": -0.5445117618686877, "max_depth": 9.0, "num_boost_round": 9.0}, "datetime": {"datetime": "2024-01-19 01:29:22", "elapsed": 4655.81742, "delta": 0.004671}}
{"target": -17.676979101618194, "params": {"gamma": 969.8193451883869, "log10_alpha": -3.1865325931061306, "log10_colsample_bytree": -0.11267682312341687, "log10_eta": -2.0713379923849917, "log10_lambda": -1.915478189202135, "log10_min_child_weight": 4.87680475381664, "log10_subsample": -0.5445117618686877, "max_depth": 9.0, "num_boost_round": 10.0}, "datetime": {"datetime": "2024-01-19 01:29:22", "elapsed": 4655.822165, "delta": 0.004745}}
{"target": -17.676910842779126, "params": {"gamma": 969.8193451883869, "log10_alpha": -3.1865325931061306, "log10_colsample_bytree": -0.11267682312341687, "log10_eta": -2.0713379923849917, "log10_lambda": -1.915478189202135, "log10_min_child_weight": 4.87680475381664, "log10_subsample": -0.5445117618686877, "max_depth": 9.0, "num_boost_round": 11.0}, "datetime": {"datetime": "2024-01-19 01:29:22", "elapsed": 4655.826861, "delta": 0.004696}}
{"target": -17.676888713888413, "params": {"gamma": 969.8193451883869, "log10_alpha": -3.1865325931061306, "log10_colsample_bytree": -0.11267682312341687, "log10_eta": -2.0713379923849917, "log10_lambda": -1.915478189202135, "log10_min_child_weight": 4.87680475381664, "log10_subsample": -0.5445117618686877, "max_depth": 9.0, "num_boost_round": 12.0}, "datetime": {"datetime": "2024-01-19 01:29:22", "elapsed": 4655.83153, "delta": 0.004669}}
{"target": -17.676878340287107, "params": {"gamma": 969.8193451883869, "log10_alpha": -3.1865325931061306, "log10_colsample_bytree": -0.11267682312341687, "log10_eta": -2.0713379923849917, "log10_lambda": -1.915478189202135, "log10_min_child_weight": 4.87680475381664, "log10_subsample": -0.5445117618686877, "max_depth": 9.0, "num_boost_round": 13.0}, "datetime": {"datetime": "2024-01-19 01:29:22", "elapsed": 4655.8362, "delta": 0.00467}}
{"target": -17.67690276014677, "params": {"gamma": 969.8193451883869, "log10_alpha": -3.1865325931061306, "log10_colsample_bytree": -0.11267682312341687, "log10_eta": -2.0713379923849917, "log10_lambda": -1.915478189202135, "log10_min_child_weight": 4.87680475381664, "log10_subsample": -0.5445117618686877, "max_depth": 9.0, "num_boost_round": 14.0}, "datetime": {"datetime": "2024-01-19 01:29:22", "elapsed": 4655.841023, "delta": 0.004823}}
{"target": -17.676869231032953, "params": {"gamma": 969.8193451883869, "log10_alpha": -3.1865325931061306, "log10_colsample_bytree": -0.11267682312341687, "log10_eta": -2.0713379923849917, "log10_lambda": -1.915478189202135, "log10_min_child_weight": 4.87680475381664, "log10_subsample": -0.5445117618686877, "max_depth": 9.0, "num_boost_round": 15.0}, "datetime": {"datetime": "2024-01-19 01:29:22", "elapsed": 4655.84572, "delta": 0.004697}}
{"target": -17.676781838624812, "params": {"gamma": 969.8193451883869, "log10_alpha": -3.1865325931061306, "log10_colsample_bytree": -0.11267682312341687, "log10_eta": -2.0713379923849917, "log10_lambda": -1.915478189202135, "log10_min_child_weight": 4.87680475381664, "log10_subsample": -0.5445117618686877, "max_depth": 9.0, "num_boost_round": 16.0}, "datetime": {"datetime": "2024-01-19 01:29:22", "elapsed": 4655.850386, "delta": 0.004666}}
{"target": -17.67676849930311, "params": {"gamma": 969.8193451883869, "log10_alpha": -3.1865325931061306, "log10_colsample_bytree": -0.11267682312341687, "log10_eta": -2.0713379923849917, "log10_lambda": -1.915478189202135, "log10_min_child_weight": 4.87680475381664, "log10_subsample": -0.5445117618686877, "max_depth": 9.0, "num_boost_round": 17.0}, "datetime": {"datetime": "2024-01-19 01:29:22", "elapsed": 4655.85506, "delta": 0.004674}}
{"target": -17.676727353157883, "params": {"gamma": 969.8193451883869, "log10_alpha": -3.1865325931061306, "log10_colsample_bytree": -0.11267682312341687, "log10_eta": -2.0713379923849917, "log10_lambda": -1.915478189202135, "log10_min_child_weight": 4.87680475381664, "log10_subsample": -0.5445117618686877, "max_depth": 9.0, "num_boost_round": 18.0}, "datetime": {"datetime": "2024-01-19 01:29:22", "elapsed": 4655.859895, "delta": 0.004835}}
{"target": -17.676646926962974, "params": {"gamma": 969.8193451883869, "log10_alpha": -3.1865325931061306, "log10_colsample_bytree": -0.11267682312341687, "log10_eta": -2.0713379923849917, "log10_lambda": -1.915478189202135, "log10_min_child_weight": 4.87680475381664, "log10_subsample": -0.5445117618686877, "max_depth": 9.0, "num_boost_round": 19.0}, "datetime": {"datetime": "2024-01-19 01:29:22", "elapsed": 4655.864603, "delta": 0.004708}}
{"target": -17.67663738832287, "params": {"gamma": 969.8193451883869, "log10_alpha": -3.1865325931061306, "log10_colsample_bytree": -0.11267682312341687, "log10_eta": -2.0713379923849917, "log10_lambda": -1.915478189202135, "log10_min_child_weight": 4.87680475381664, "log10_subsample": -0.5445117618686877, "max_depth": 9.0, "num_boost_round": 20.0}, "datetime": {"datetime": "2024-01-19 01:29:22", "elapsed": 4655.869276, "delta": 0.004673}}
{"target": -17.676619027953908, "params": {"gamma": 969.8193451883869, "log10_alpha": -3.1865325931061306, "log10_colsample_bytree": -0.11267682312341687, "log10_eta": -2.0713379923849917, "log10_lambda": -1.915478189202135, "log10_min_child_weight": 4.87680475381664, "log10_subsample": -0.5445117618686877, "max_depth": 9.0, "num_boost_round": 21.0}, "datetime": {"datetime": "2024-01-19 01:29:22", "elapsed": 4655.87405, "delta": 0.004774}}
{"target": -17.676582229983936, "params": {"gamma": 969.8193451883869, "log10_alpha": -3.1865325931061306, "log10_colsample_bytree": -0.11267682312341687, "log10_eta": -2.0713379923849917, "log10_lambda": -1.915478189202135, "log10_min_child_weight": 4.87680475381664, "log10_subsample": -0.5445117618686877, "max_depth": 9.0, "num_boost_round": 22.0}, "datetime": {"datetime": "2024-01-19 01:29:22", "elapsed": 4655.878816, "delta": 0.004766}}
{"target": -17.67654073975418, "params": {"gamma": 969.8193451883869, "log10_alpha": -3.1865325931061306, "log10_colsample_bytree": -0.11267682312341687, "log10_eta": -2.0713379923849917, "log10_lambda": -1.915478189202135, "log10_min_child_weight": 4.87680475381664, "log10_subsample": -0.5445117618686877, "max_depth": 9.0, "num_boost_round": 23.0}, "datetime": {"datetime": "2024-01-19 01:29:22", "elapsed": 4655.8841, "delta": 0.005284}}
{"target": -17.676509044818058, "params": {"gamma": 969.8193451883869, "log10_alpha": -3.1865325931061306, "log10_colsample_bytree": -0.11267682312341687, "log10_eta": -2.0713379923849917, "log10_lambda": -1.915478189202135, "log10_min_child_weight": 4.87680475381664, "log10_subsample": -0.5445117618686877, "max_depth": 9.0, "num_boost_round": 24.0}, "datetime": {"datetime": "2024-01-19 01:29:22", "elapsed": 4655.88898, "delta": 0.00488}}
{"target": -17.6765319832502, "params": {"gamma": 969.8193451883869, "log10_alpha": -3.1865325931061306, "log10_colsample_bytree": -0.11267682312341687, "log10_eta": -2.0713379923849917, "log10_lambda": -1.915478189202135, "log10_min_child_weight": 4.87680475381664, "log10_subsample": -0.5445117618686877, "max_depth": 9.0, "num_boost_round": 25.0}, "datetime": {"datetime": "2024-01-19 01:29:22", "elapsed": 4655.894507, "delta": 0.005527}}
{"target": -17.67653534184992, "params": {"gamma": 969.8193451883869, "log10_alpha": -3.1865325931061306, "log10_colsample_bytree": -0.11267682312341687, "log10_eta": -2.0713379923849917, "log10_lambda": -1.915478189202135, "log10_min_child_weight": 4.87680475381664, "log10_subsample": -0.5445117618686877, "max_depth": 9.0, "num_boost_round": 26.0}, "datetime": {"datetime": "2024-01-19 01:29:22", "elapsed": 4655.89935, "delta": 0.004843}}
{"target": -17.67656921408074, "params": {"gamma": 969.8193451883869, "log10_alpha": -3.1865325931061306, "log10_colsample_bytree": -0.11267682312341687, "log10_eta": -2.0713379923849917, "log10_lambda": -1.915478189202135, "log10_min_child_weight": 4.87680475381664, "log10_subsample": -0.5445117618686877, "max_depth": 9.0, "num_boost_round": 27.0}, "datetime": {"datetime": "2024-01-19 01:29:22", "elapsed": 4655.904442, "delta": 0.005092}}
{"target": -17.676572896532562, "params": {"gamma": 969.8193451883869, "log10_alpha": -3.1865325931061306, "log10_colsample_bytree": -0.11267682312341687, "log10_eta": -2.0713379923849917, "log10_lambda": -1.915478189202135, "log10_min_child_weight": 4.87680475381664, "log10_subsample": -0.5445117618686877, "max_depth": 9.0, "num_boost_round": 28.0}, "datetime": {"datetime": "2024-01-19 01:29:22", "elapsed": 4655.909262, "delta": 0.00482}}
{"target": -17.676532512375882, "params": {"gamma": 969.8193451883869, "log10_alpha": -3.1865325931061306, "log10_colsample_bytree": -0.11267682312341687, "log10_eta": -2.0713379923849917, "log10_lambda": -1.915478189202135, "log10_min_child_weight": 4.87680475381664, "log10_subsample": -0.5445117618686877, "max_depth": 9.0, "num_boost_round": 29.0}, "datetime": {"datetime": "2024-01-19 01:29:22", "elapsed": 4655.91408, "delta": 0.004818}}
{"target": -17.676561413204233, "params": {"gamma": 969.8193451883869, "log10_alpha": -3.1865325931061306, "log10_colsample_bytree": -0.11267682312341687, "log10_eta": -2.0713379923849917, "log10_lambda": -1.915478189202135, "log10_min_child_weight": 4.87680475381664, "log10_subsample": -0.5445117618686877, "max_depth": 9.0, "num_boost_round": 30.0}, "datetime": {"datetime": "2024-01-19 01:29:22", "elapsed": 4655.918941, "delta": 0.004861}}
{"target": -17.676603578646734, "params": {"gamma": 969.8193451883869, "log10_alpha": -3.1865325931061306, "log10_colsample_bytree": -0.11267682312341687, "log10_eta": -2.0713379923849917, "log10_lambda": -1.915478189202135, "log10_min_child_weight": 4.87680475381664, "log10_subsample": -0.5445117618686877, "max_depth": 9.0, "num_boost_round": 31.0}, "datetime": {"datetime": "2024-01-19 01:29:22", "elapsed": 4655.923984, "delta": 0.005043}}
{"target": -17.676648541680862, "params": {"gamma": 969.8193451883869, "log10_alpha": -3.1865325931061306, "log10_colsample_bytree": -0.11267682312341687, "log10_eta": -2.0713379923849917, "log10_lambda": -1.915478189202135, "log10_min_child_weight": 4.87680475381664, "log10_subsample": -0.5445117618686877, "max_depth": 9.0, "num_boost_round": 32.0}, "datetime": {"datetime": "2024-01-19 01:29:22", "elapsed": 4655.928769, "delta": 0.004785}}
{"target": -17.676696020160524, "params": {"gamma": 969.8193451883869, "log10_alpha": -3.1865325931061306, "log10_colsample_bytree": -0.11267682312341687, "log10_eta": -2.0713379923849917, "log10_lambda": -1.915478189202135, "log10_min_child_weight": 4.87680475381664, "log10_subsample": -0.5445117618686877, "max_depth": 9.0, "num_boost_round": 33.0}, "datetime": {"datetime": "2024-01-19 01:29:22", "elapsed": 4655.933507, "delta": 0.004738}}
{"target": -17.676622295314964, "params": {"gamma": 969.8193451883869, "log10_alpha": -3.1865325931061306, "log10_colsample_bytree": -0.11267682312341687, "log10_eta": -2.0713379923849917, "log10_lambda": -1.915478189202135, "log10_min_child_weight": 4.87680475381664, "log10_subsample": -0.5445117618686877, "max_depth": 9.0, "num_boost_round": 34.0}, "datetime": {"datetime": "2024-01-19 01:29:22", "elapsed": 4655.938281, "delta": 0.004774}}
{"target": -17.67666043699747, "params": {"gamma": 969.8193451883869, "log10_alpha": -3.1865325931061306, "log10_colsample_bytree": -0.11267682312341687, "log10_eta": -2.0713379923849917, "log10_lambda": -1.915478189202135, "log10_min_child_weight": 4.87680475381664, "log10_subsample": -0.5445117618686877, "max_depth": 9.0, "num_boost_round": 35.0}, "datetime": {"datetime": "2024-01-19 01:29:22", "elapsed": 4655.943274, "delta": 0.004993}}
