{"target": -17.679131435672552, "params": {"gamma": 13.37337746834233, "log10_alpha": 0.9912783144068529, "log10_colsample_bytree": -0.569222564100396, "log10_eta": -1.6564608830467873, "log10_lambda": -4.766383413573232, "log10_min_child_weight": 4.10488057057503, "log10_subsample": -0.5447579251714965, "max_depth": 9.0, "num_boost_round": 22.0}, "datetime": {"datetime": "2024-01-19 00:19:11", "elapsed": 505.642515, "delta": 0.000679}}
{"target": -17.679121736554013, "params": {"gamma": 13.37337746834233, "log10_alpha": 0.9912783144068529, "log10_colsample_bytree": -0.569222564100396, "log10_eta": -1.6564608830467873, "log10_lambda": -4.766383413573232, "log10_min_child_weight": 4.10488057057503, "log10_subsample": -0.5447579251714965, "max_depth": 9.0, "num_boost_round": 23.0}, "datetime": {"datetime": "2024-01-19 00:19:11", "elapsed": 505.64318, "delta": 0.000665}}
{"target": -17.679483247163787, "params": {"gamma": 13.37337746834233, "log10_alpha": 0.9912783144068529, "log10_colsample_bytree": -0.569222564100396, "log10_eta": -1.6564608830467873, "log10_lambda": -4.766383413573232, "log10_min_child_weight": 4.10488057057503, "log10_subsample": -0.5447579251714965, "max_depth": 9.0, "num_boost_round": 24.0}, "datetime": {"datetime": "2024-01-19 00:19:11", "elapsed": 505.643893, "delta": 0.000713}}
{"target": -17.67962099547003, "params": {"gamma": 13.37337746834233, "log10_alpha": 0.9912783144068529, "log10_colsample_bytree": -0.569222564100396, "log10_eta": -1.6564608830467873, "log10_lambda": -4.766383413573232, "log10_min_child_weight": 4.10488057057503, "log10_subsample": -0.5447579251714965, "max_depth": 9.0, "num_boost_round": 25.0}, "datetime": {"datetime": "2024-01-19 00:19:11", "elapsed": 505.64461, "delta": 0.000717}}
{"target": -17.68007759471821, "params": {"gamma": 13.37337746834233, "log10_alpha": 0.9912783144068529, "log10_colsample_bytree": -0.569222564100396, "log10_eta": -1.6564608830467873, "log10_lambda": -4.766383413573232, "log10_min_child_weight": 4.10488057057503, "log10_subsample": -0.5447579251714965, "max_depth": 9.0, "num_boost_round": 26.0}, "datetime": {"datetime": "2024-01-19 00:19:11", "elapsed": 505.645297, "delta": 0.000687}}
{"target": -17.68023357411931, "params": {"gamma": 13.37337746834233, "log10_alpha": 0.9912783144068529, "log10_colsample_bytree": -0.569222564100396, "log10_eta": -1.6564608830467873, "log10_lambda": -4.766383413573232, "log10_min_child_weight": 4.10488057057503, "log10_subsample": -0.5447579251714965, "max_depth": 9.0, "num_boost_round": 27.0}, "datetime": {"datetime": "2024-01-19 00:19:11", "elapsed": 505.646067, "delta": 0.00077}}
{"target": -17.67722710363967, "params": {"gamma": 16.993543479716045, "log10_alpha": -0.8224386776746311, "log10_colsample_bytree": -0.861859193272606, "log10_eta": -3.522929685050507, "log10_lambda": 0.574039125821427, "log10_min_child_weight": 3.6484845674465465, "log10_subsample": -0.8196366151748292, "max_depth": 4.0, "num_boost_round": 0.0}, "datetime": {"datetime": "2024-01-19 00:19:33", "elapsed": 526.736425, "delta": 21.090358}}
{"target": -17.677223462243944, "params": {"gamma": 16.993543479716045, "log10_alpha": -0.8224386776746311, "log10_colsample_bytree": -0.861859193272606, "log10_eta": -3.522929685050507, "log10_lambda": 0.574039125821427, "log10_min_child_weight": 3.6484845674465465, "log10_subsample": -0.8196366151748292, "max_depth": 4.0, "num_boost_round": 1.0}, "datetime": {"datetime": "2024-01-19 00:19:33", "elapsed": 526.737936, "delta": 0.001511}}
{"target": -17.677224740553115, "params": {"gamma": 16.993543479716045, "log10_alpha": -0.8224386776746311, "log10_colsample_bytree": -0.861859193272606, "log10_eta": -3.522929685050507, "log10_lambda": 0.574039125821427, "log10_min_child_weight": 3.6484845674465465, "log10_subsample": -0.8196366151748292, "max_depth": 4.0, "num_boost_round": 2.0}, "datetime": {"datetime": "2024-01-19 00:19:33", "elapsed": 526.738862, "delta": 0.000926}}
{"target": -17.677223389942913, "params": {"gamma": 16.993543479716045, "log10_alpha": -0.8224386776746311, "log10_colsample_bytree": -0.861859193272606, "log10_eta": -3.522929685050507, "log10_lambda": 0.574039125821427, "log10_min_child_weight": 3.6484845674465465, "log10_subsample": -0.8196366151748292, "max_depth": 4.0, "num_boost_round": 3.0}, "datetime": {"datetime": "2024-01-19 00:19:33", "elapsed": 526.739765, "delta": 0.000903}}
{"target": -17.677218094350334, "params": {"gamma": 16.993543479716045, "log10_alpha": -0.8224386776746311, "log10_colsample_bytree": -0.861859193272606, "log10_eta": -3.522929685050507, "log10_lambda": 0.574039125821427, "log10_min_child_weight": 3.6484845674465465, "log10_subsample": -0.8196366151748292, "max_depth": 4.0, "num_boost_round": 4.0}, "datetime": {"datetime": "2024-01-19 00:19:33", "elapsed": 526.740846, "delta": 0.001081}}
{"target": -17.67721641813645, "params": {"gamma": 16.993543479716045, "log10_alpha": -0.8224386776746311, "log10_colsample_bytree": -0.861859193272606, "log10_eta": -3.522929685050507, "log10_lambda": 0.574039125821427, "log10_min_child_weight": 3.6484845674465465, "log10_subsample": -0.8196366151748292, "max_depth": 4.0, "num_boost_round": 5.0}, "datetime": {"datetime": "2024-01-19 00:19:33", "elapsed": 526.74166, "delta": 0.000814}}
{"target": -17.67722209190072, "params": {"gamma": 16.993543479716045, "log10_alpha": -0.8224386776746311, "log10_colsample_bytree": -0.861859193272606, "log10_eta": -3.522929685050507, "log10_lambda": 0.574039125821427, "log10_min_child_weight": 3.6484845674465465, "log10_subsample": -0.8196366151748292, "max_depth": 4.0, "num_boost_round": 6.0}, "datetime": {"datetime": "2024-01-19 00:19:33", "elapsed": 526.742468, "delta": 0.000808}}
{"target": -17.677220668995627, "params": {"gamma": 16.993543479716045, "log10_alpha": -0.8224386776746311, "log10_colsample_bytree": -0.861859193272606, "log10_eta": -3.522929685050507, "log10_lambda": 0.574039125821427, "log10_min_child_weight": 3.6484845674465465, "log10_subsample": -0.8196366151748292, "max_depth": 4.0, "num_boost_round": 7.0}, "datetime": {"datetime": "2024-01-19 00:19:33", "elapsed": 526.743273, "delta": 0.000805}}
{"target": -17.67722060158461, "params": {"gamma": 16.993543479716045, "log10_alpha": -0.8224386776746311, "log10_colsample_bytree": -0.861859193272606, "log10_eta": -3.522929685050507, "log10_lambda": 0.574039125821427, "log10_min_child_weight": 3.6484845674465465, "log10_subsample": -0.8196366151748292, "max_depth": 4.0, "num_boost_round": 8.0}, "datetime": {"datetime": "2024-01-19 00:19:33", "elapsed": 526.744092, "delta": 0.000819}}
{"target": -17.67722194300306, "params": {"gamma": 16.993543479716045, "log10_alpha": -0.8224386776746311, "log10_colsample_bytree": -0.861859193272606, "log10_eta": -3.522929685050507, "log10_lambda": 0.574039125821427, "log10_min_child_weight": 3.6484845674465465, "log10_subsample": -0.8196366151748292, "max_depth": 4.0, "num_boost_round": 9.0}, "datetime": {"datetime": "2024-01-19 00:19:33", "elapsed": 526.744897, "delta": 0.000805}}
{"target": -17.67723130790202, "params": {"gamma": 12.07761402597274, "log10_alpha": -4.640384268324139, "log10_colsample_bytree": -0.9863237310554996, "log10_eta": -3.7500570478587316, "log10_lambda": -1.9711369418546987, "log10_min_child_weight": 4.214640320073818, "log10_subsample": -0.6913182980420869, "max_depth": 8.0, "num_boost_round": 0.0}, "datetime": {"datetime": "2024-01-19 00:20:14", "elapsed": 568.593064, "delta": 41.848167}}
{"target": -17.677229196611226, "params": {"gamma": 12.07761402597274, "log10_alpha": -4.640384268324139, "log10_colsample_bytree": -0.9863237310554996, "log10_eta": -3.7500570478587316, "log10_lambda": -1.9711369418546987, "log10_min_child_weight": 4.214640320073818, "log10_subsample": -0.6913182980420869, "max_depth": 8.0, "num_boost_round": 1.0}, "datetime": {"datetime": "2024-01-19 00:20:14", "elapsed": 568.594147, "delta": 0.001083}}
{"target": -17.67723035102362, "params": {"gamma": 12.07761402597274, "log10_alpha": -4.640384268324139, "log10_colsample_bytree": -0.9863237310554996, "log10_eta": -3.7500570478587316, "log10_lambda": -1.9711369418546987, "log10_min_child_weight": 4.214640320073818, "log10_subsample": -0.6913182980420869, "max_depth": 8.0, "num_boost_round": 2.0}, "datetime": {"datetime": "2024-01-19 00:20:14", "elapsed": 568.595338, "delta": 0.001191}}
{"target": -17.677228991108517, "params": {"gamma": 12.07761402597274, "log10_alpha": -4.640384268324139, "log10_colsample_bytree": -0.9863237310554996, "log10_eta": -3.7500570478587316, "log10_lambda": -1.9711369418546987, "log10_min_child_weight": 4.214640320073818, "log10_subsample": -0.6913182980420869, "max_depth": 8.0, "num_boost_round": 3.0}, "datetime": {"datetime": "2024-01-19 00:20:14", "elapsed": 568.596467, "delta": 0.001129}}
{"target": -17.677229092337814, "params": {"gamma": 12.07761402597274, "log10_alpha": -4.640384268324139, "log10_colsample_bytree": -0.9863237310554996, "log10_eta": -3.7500570478587316, "log10_lambda": -1.9711369418546987, "log10_min_child_weight": 4.214640320073818, "log10_subsample": -0.6913182980420869, "max_depth": 8.0, "num_boost_round": 4.0}, "datetime": {"datetime": "2024-01-19 00:20:14", "elapsed": 568.597333, "delta": 0.000866}}
{"target": -17.677228284423084, "params": {"gamma": 12.07761402597274, "log10_alpha": -4.640384268324139, "log10_colsample_bytree": -0.9863237310554996, "log10_eta": -3.7500570478587316, "log10_lambda": -1.9711369418546987, "log10_min_child_weight": 4.214640320073818, "log10_subsample": -0.6913182980420869, "max_depth": 8.0, "num_boost_round": 5.0}, "datetime": {"datetime": "2024-01-19 00:20:14", "elapsed": 568.598297, "delta": 0.000964}}
{"target": -17.67722825958342, "params": {"gamma": 12.07761402597274, "log10_alpha": -4.640384268324139, "log10_colsample_bytree": -0.9863237310554996, "log10_eta": -3.7500570478587316, "log10_lambda": -1.9711369418546987, "log10_min_child_weight": 4.214640320073818, "log10_subsample": -0.6913182980420869, "max_depth": 8.0, "num_boost_round": 6.0}, "datetime": {"datetime": "2024-01-19 00:20:14", "elapsed": 568.599471, "delta": 0.001174}}
{"target": -17.677226277914723, "params": {"gamma": 12.07761402597274, "log10_alpha": -4.640384268324139, "log10_colsample_bytree": -0.9863237310554996, "log10_eta": -3.7500570478587316, "log10_lambda": -1.9711369418546987, "log10_min_child_weight": 4.214640320073818, "log10_subsample": -0.6913182980420869, "max_depth": 8.0, "num_boost_round": 7.0}, "datetime": {"datetime": "2024-01-19 00:20:14", "elapsed": 568.600324, "delta": 0.000853}}
{"target": -17.677225943625732, "params": {"gamma": 12.07761402597274, "log10_alpha": -4.640384268324139, "log10_colsample_bytree": -0.9863237310554996, "log10_eta": -3.7500570478587316, "log10_lambda": -1.9711369418546987, "log10_min_child_weight": 4.214640320073818, "log10_subsample": -0.6913182980420869, "max_depth": 8.0, "num_boost_round": 8.0}, "datetime": {"datetime": "2024-01-19 00:20:14", "elapsed": 568.601165, "delta": 0.000841}}
{"target": -17.677226010905823, "params": {"gamma": 12.07761402597274, "log10_alpha": -4.640384268324139, "log10_colsample_bytree": -0.9863237310554996, "log10_eta": -3.7500570478587316, "log10_lambda": -1.9711369418546987, "log10_min_child_weight": 4.214640320073818, "log10_subsample": -0.6913182980420869, "max_depth": 8.0, "num_boost_round": 9.0}, "datetime": {"datetime": "2024-01-19 00:20:14", "elapsed": 568.602051, "delta": 0.000886}}
{"target": -17.677225725876003, "params": {"gamma": 12.07761402597274, "log10_alpha": -4.640384268324139, "log10_colsample_bytree": -0.9863237310554996, "log10_eta": -3.7500570478587316, "log10_lambda": -1.9711369418546987, "log10_min_child_weight": 4.214640320073818, "log10_subsample": -0.6913182980420869, "max_depth": 8.0, "num_boost_round": 10.0}, "datetime": {"datetime": "2024-01-19 00:20:14", "elapsed": 568.602895, "delta": 0.000844}}
{"target": -17.677223990063588, "params": {"gamma": 12.07761402597274, "log10_alpha": -4.640384268324139, "log10_colsample_bytree": -0.9863237310554996, "log10_eta": -3.7500570478587316, "log10_lambda": -1.9711369418546987, "log10_min_child_weight": 4.214640320073818, "log10_subsample": -0.6913182980420869, "max_depth": 8.0, "num_boost_round": 11.0}, "datetime": {"datetime": "2024-01-19 00:20:14", "elapsed": 568.603738, "delta": 0.000843}}
{"target": -17.677220684838648, "params": {"gamma": 12.07761402597274, "log10_alpha": -4.640384268324139, "log10_colsample_bytree": -0.9863237310554996, "log10_eta": -3.7500570478587316, "log10_lambda": -1.9711369418546987, "log10_min_child_weight": 4.214640320073818, "log10_subsample": -0.6913182980420869, "max_depth": 8.0, "num_boost_round": 12.0}, "datetime": {"datetime": "2024-01-19 00:20:14", "elapsed": 568.604578, "delta": 0.00084}}
{"target": -17.677216737986416, "params": {"gamma": 12.07761402597274, "log10_alpha": -4.640384268324139, "log10_colsample_bytree": -0.9863237310554996, "log10_eta": -3.7500570478587316, "log10_lambda": -1.9711369418546987, "log10_min_child_weight": 4.214640320073818, "log10_subsample": -0.6913182980420869, "max_depth": 8.0, "num_boost_round": 13.0}, "datetime": {"datetime": "2024-01-19 00:20:14", "elapsed": 568.605509, "delta": 0.000931}}
{"target": -17.677215158493976, "params": {"gamma": 12.07761402597274, "log10_alpha": -4.640384268324139, "log10_colsample_bytree": -0.9863237310554996, "log10_eta": -3.7500570478587316, "log10_lambda": -1.9711369418546987, "log10_min_child_weight": 4.214640320073818, "log10_subsample": -0.6913182980420869, "max_depth": 8.0, "num_boost_round": 14.0}, "datetime": {"datetime": "2024-01-19 00:20:14", "elapsed": 568.606357, "delta": 0.000848}}
{"target": -17.67721337003014, "params": {"gamma": 12.07761402597274, "log10_alpha": -4.640384268324139, "log10_colsample_bytree": -0.9863237310554996, "log10_eta": -3.7500570478587316, "log10_lambda": -1.9711369418546987, "log10_min_child_weight": 4.214640320073818, "log10_subsample": -0.6913182980420869, "max_depth": 8.0, "num_boost_round": 15.0}, "datetime": {"datetime": "2024-01-19 00:20:14", "elapsed": 568.607268, "delta": 0.000911}}
{"target": -17.677211243053097, "params": {"gamma": 12.07761402597274, "log10_alpha": -4.640384268324139, "log10_colsample_bytree": -0.9863237310554996, "log10_eta": -3.7500570478587316, "log10_lambda": -1.9711369418546987, "log10_min_child_weight": 4.214640320073818, "log10_subsample": -0.6913182980420869, "max_depth": 8.0, "num_boost_round": 16.0}, "datetime": {"datetime": "2024-01-19 00:20:14", "elapsed": 568.608079, "delta": 0.000811}}
{"target": -17.67721043628402, "params": {"gamma": 12.07761402597274, "log10_alpha": -4.640384268324139, "log10_colsample_bytree": -0.9863237310554996, "log10_eta": -3.7500570478587316, "log10_lambda": -1.9711369418546987, "log10_min_child_weight": 4.214640320073818, "log10_subsample": -0.6913182980420869, "max_depth": 8.0, "num_boost_round": 17.0}, "datetime": {"datetime": "2024-01-19 00:20:14", "elapsed": 568.608939, "delta": 0.00086}}
{"target": -17.67720785349722, "params": {"gamma": 12.07761402597274, "log10_alpha": -4.640384268324139, "log10_colsample_bytree": -0.9863237310554996, "log10_eta": -3.7500570478587316, "log10_lambda": -1.9711369418546987, "log10_min_child_weight": 4.214640320073818, "log10_subsample": -0.6913182980420869, "max_depth": 8.0, "num_boost_round": 18.0}, "datetime": {"datetime": "2024-01-19 00:20:14", "elapsed": 568.609797, "delta": 0.000858}}
{"target": -17.677204126663888, "params": {"gamma": 12.07761402597274, "log10_alpha": -4.640384268324139, "log10_colsample_bytree": -0.9863237310554996, "log10_eta": -3.7500570478587316, "log10_lambda": -1.9711369418546987, "log10_min_child_weight": 4.214640320073818, "log10_subsample": -0.6913182980420869, "max_depth": 8.0, "num_boost_round": 19.0}, "datetime": {"datetime": "2024-01-19 00:20:14", "elapsed": 568.610654, "delta": 0.000857}}
{"target": -17.677204062307965, "params": {"gamma": 12.07761402597274, "log10_alpha": -4.640384268324139, "log10_colsample_bytree": -0.9863237310554996, "log10_eta": -3.7500570478587316, "log10_lambda": -1.9711369418546987, "log10_min_child_weight": 4.214640320073818, "log10_subsample": -0.6913182980420869, "max_depth": 8.0, "num_boost_round": 20.0}, "datetime": {"datetime": "2024-01-19 00:20:14", "elapsed": 568.611541, "delta": 0.000887}}
{"target": -17.677201957318786, "params": {"gamma": 12.07761402597274, "log10_alpha": -4.640384268324139, "log10_colsample_bytree": -0.9863237310554996, "log10_eta": -3.7500570478587316, "log10_lambda": -1.9711369418546987, "log10_min_child_weight": 4.214640320073818, "log10_subsample": -0.6913182980420869, "max_depth": 8.0, "num_boost_round": 21.0}, "datetime": {"datetime": "2024-01-19 00:20:14", "elapsed": 568.612383, "delta": 0.000842}}
{"target": -17.677201658765394, "params": {"gamma": 12.07761402597274, "log10_alpha": -4.640384268324139, "log10_colsample_bytree": -0.9863237310554996, "log10_eta": -3.7500570478587316, "log10_lambda": -1.9711369418546987, "log10_min_child_weight": 4.214640320073818, "log10_subsample": -0.6913182980420869, "max_depth": 8.0, "num_boost_round": 22.0}, "datetime": {"datetime": "2024-01-19 00:20:14", "elapsed": 568.613197, "delta": 0.000814}}
{"target": -17.677200425016814, "params": {"gamma": 12.07761402597274, "log10_alpha": -4.640384268324139, "log10_colsample_bytree": -0.9863237310554996, "log10_eta": -3.7500570478587316, "log10_lambda": -1.9711369418546987, "log10_min_child_weight": 4.214640320073818, "log10_subsample": -0.6913182980420869, "max_depth": 8.0, "num_boost_round": 23.0}, "datetime": {"datetime": "2024-01-19 00:20:14", "elapsed": 568.614066, "delta": 0.000869}}
{"target": -17.677200667022262, "params": {"gamma": 12.07761402597274, "log10_alpha": -4.640384268324139, "log10_colsample_bytree": -0.9863237310554996, "log10_eta": -3.7500570478587316, "log10_lambda": -1.9711369418546987, "log10_min_child_weight": 4.214640320073818, "log10_subsample": -0.6913182980420869, "max_depth": 8.0, "num_boost_round": 24.0}, "datetime": {"datetime": "2024-01-19 00:20:14", "elapsed": 568.615, "delta": 0.000934}}
{"target": -17.677199266454306, "params": {"gamma": 12.07761402597274, "log10_alpha": -4.640384268324139, "log10_colsample_bytree": -0.9863237310554996, "log10_eta": -3.7500570478587316, "log10_lambda": -1.9711369418546987, "log10_min_child_weight": 4.214640320073818, "log10_subsample": -0.6913182980420869, "max_depth": 8.0, "num_boost_round": 25.0}, "datetime": {"datetime": "2024-01-19 00:20:14", "elapsed": 568.616013, "delta": 0.001013}}
{"target": -17.677203414180962, "params": {"gamma": 12.07761402597274, "log10_alpha": -4.640384268324139, "log10_colsample_bytree": -0.9863237310554996, "log10_eta": -3.7500570478587316, "log10_lambda": -1.9711369418546987, "log10_min_child_weight": 4.214640320073818, "log10_subsample": -0.6913182980420869, "max_depth": 8.0, "num_boost_round": 26.0}, "datetime": {"datetime": "2024-01-19 00:20:14", "elapsed": 568.616951, "delta": 0.000938}}
{"target": -17.677203283025907, "params": {"gamma": 12.07761402597274, "log10_alpha": -4.640384268324139, "log10_colsample_bytree": -0.9863237310554996, "log10_eta": -3.7500570478587316, "log10_lambda": -1.9711369418546987, "log10_min_child_weight": 4.214640320073818, "log10_subsample": -0.6913182980420869, "max_depth": 8.0, "num_boost_round": 27.0}, "datetime": {"datetime": "2024-01-19 00:20:14", "elapsed": 568.617822, "delta": 0.000871}}
{"target": -17.677200895212582, "params": {"gamma": 12.07761402597274, "log10_alpha": -4.640384268324139, "log10_colsample_bytree": -0.9863237310554996, "log10_eta": -3.7500570478587316, "log10_lambda": -1.9711369418546987, "log10_min_child_weight": 4.214640320073818, "log10_subsample": -0.6913182980420869, "max_depth": 8.0, "num_boost_round": 28.0}, "datetime": {"datetime": "2024-01-19 00:20:14", "elapsed": 568.618691, "delta": 0.000869}}
{"target": -17.67719880609514, "params": {"gamma": 12.07761402597274, "log10_alpha": -4.640384268324139, "log10_colsample_bytree": -0.9863237310554996, "log10_eta": -3.7500570478587316, "log10_lambda": -1.9711369418546987, "log10_min_child_weight": 4.214640320073818, "log10_subsample": -0.6913182980420869, "max_depth": 8.0, "num_boost_round": 29.0}, "datetime": {"datetime": "2024-01-19 00:20:14", "elapsed": 568.619551, "delta": 0.00086}}
{"target": -17.677195800543053, "params": {"gamma": 12.07761402597274, "log10_alpha": -4.640384268324139, "log10_colsample_bytree": -0.9863237310554996, "log10_eta": -3.7500570478587316, "log10_lambda": -1.9711369418546987, "log10_min_child_weight": 4.214640320073818, "log10_subsample": -0.6913182980420869, "max_depth": 8.0, "num_boost_round": 30.0}, "datetime": {"datetime": "2024-01-19 00:20:14", "elapsed": 568.620418, "delta": 0.000867}}
{"target": -17.677195979033293, "params": {"gamma": 12.07761402597274, "log10_alpha": -4.640384268324139, "log10_colsample_bytree": -0.9863237310554996, "log10_eta": -3.7500570478587316, "log10_lambda": -1.9711369418546987, "log10_min_child_weight": 4.214640320073818, "log10_subsample": -0.6913182980420869, "max_depth": 8.0, "num_boost_round": 31.0}, "datetime": {"datetime": "2024-01-19 00:20:14", "elapsed": 568.621288, "delta": 0.00087}}
{"target": -17.677197745567707, "params": {"gamma": 12.07761402597274, "log10_alpha": -4.640384268324139, "log10_colsample_bytree": -0.9863237310554996, "log10_eta": -3.7500570478587316, "log10_lambda": -1.9711369418546987, "log10_min_child_weight": 4.214640320073818, "log10_subsample": -0.6913182980420869, "max_depth": 8.0, "num_boost_round": 32.0}, "datetime": {"datetime": "2024-01-19 00:20:14", "elapsed": 568.622151, "delta": 0.000863}}
