{"target": -17.677155061155034, "params": {"gamma": 447.338235580685, "log10_alpha": 1.0, "log10_colsample_bytree": 0.0, "log10_eta": -4.0, "log10_lambda": 0.7027440212119991, "log10_min_child_weight": 2.176084091690225, "log10_subsample": -1.0, "max_depth": 4.0, "num_boost_round": 19.0}, "datetime": {"datetime": "2024-01-19 03:07:26", "elapsed": 10550.997404, "delta": 0.005333}}
{"target": -17.677155188458716, "params": {"gamma": 447.338235580685, "log10_alpha": 1.0, "log10_colsample_bytree": 0.0, "log10_eta": -4.0, "log10_lambda": 0.7027440212119991, "log10_min_child_weight": 2.176084091690225, "log10_subsample": -1.0, "max_depth": 4.0, "num_boost_round": 20.0}, "datetime": {"datetime": "2024-01-19 03:07:26", "elapsed": 10551.002783, "delta": 0.005379}}
{"target": -17.677150615034478, "params": {"gamma": 447.338235580685, "log10_alpha": 1.0, "log10_colsample_bytree": 0.0, "log10_eta": -4.0, "log10_lambda": 0.7027440212119991, "log10_min_child_weight": 2.176084091690225, "log10_subsample": -1.0, "max_depth": 4.0, "num_boost_round": 21.0}, "datetime": {"datetime": "2024-01-19 03:07:26", "elapsed": 10551.116958, "delta": 0.114175}}
{"target": -17.67714964130746, "params": {"gamma": 447.338235580685, "log10_alpha": 1.0, "log10_colsample_bytree": 0.0, "log10_eta": -4.0, "log10_lambda": 0.7027440212119991, "log10_min_child_weight": 2.176084091690225, "log10_subsample": -1.0, "max_depth": 4.0, "num_boost_round": 22.0}, "datetime": {"datetime": "2024-01-19 03:07:26", "elapsed": 10551.123304, "delta": 0.006346}}
{"target": -17.677145691275978, "params": {"gamma": 447.338235580685, "log10_alpha": 1.0, "log10_colsample_bytree": 0.0, "log10_eta": -4.0, "log10_lambda": 0.7027440212119991, "log10_min_child_weight": 2.176084091690225, "log10_subsample": -1.0, "max_depth": 4.0, "num_boost_round": 23.0}, "datetime": {"datetime": "2024-01-19 03:07:26", "elapsed": 10551.12917, "delta": 0.005866}}
{"target": -17.67714282416708, "params": {"gamma": 447.338235580685, "log10_alpha": 1.0, "log10_colsample_bytree": 0.0, "log10_eta": -4.0, "log10_lambda": 0.7027440212119991, "log10_min_child_weight": 2.176084091690225, "log10_subsample": -1.0, "max_depth": 4.0, "num_boost_round": 24.0}, "datetime": {"datetime": "2024-01-19 03:07:26", "elapsed": 10551.134624, "delta": 0.005454}}
{"target": -17.677141104879247, "params": {"gamma": 447.338235580685, "log10_alpha": 1.0, "log10_colsample_bytree": 0.0, "log10_eta": -4.0, "log10_lambda": 0.7027440212119991, "log10_min_child_weight": 2.176084091690225, "log10_subsample": -1.0, "max_depth": 4.0, "num_boost_round": 25.0}, "datetime": {"datetime": "2024-01-19 03:07:26", "elapsed": 10551.140047, "delta": 0.005423}}
{"target": -17.67713741485047, "params": {"gamma": 447.338235580685, "log10_alpha": 1.0, "log10_colsample_bytree": 0.0, "log10_eta": -4.0, "log10_lambda": 0.7027440212119991, "log10_min_child_weight": 2.176084091690225, "log10_subsample": -1.0, "max_depth": 4.0, "num_boost_round": 26.0}, "datetime": {"datetime": "2024-01-19 03:07:26", "elapsed": 10551.145475, "delta": 0.005428}}
{"target": -17.67713048983656, "params": {"gamma": 447.338235580685, "log10_alpha": 1.0, "log10_colsample_bytree": 0.0, "log10_eta": -4.0, "log10_lambda": 0.7027440212119991, "log10_min_child_weight": 2.176084091690225, "log10_subsample": -1.0, "max_depth": 4.0, "num_boost_round": 27.0}, "datetime": {"datetime": "2024-01-19 03:07:26", "elapsed": 10551.15099, "delta": 0.005515}}
{"target": -17.6771249508077, "params": {"gamma": 447.338235580685, "log10_alpha": 1.0, "log10_colsample_bytree": 0.0, "log10_eta": -4.0, "log10_lambda": 0.7027440212119991, "log10_min_child_weight": 2.176084091690225, "log10_subsample": -1.0, "max_depth": 4.0, "num_boost_round": 28.0}, "datetime": {"datetime": "2024-01-19 03:07:26", "elapsed": 10551.156441, "delta": 0.005451}}
{"target": -17.677119951440204, "params": {"gamma": 447.338235580685, "log10_alpha": 1.0, "log10_colsample_bytree": 0.0, "log10_eta": -4.0, "log10_lambda": 0.7027440212119991, "log10_min_child_weight": 2.176084091690225, "log10_subsample": -1.0, "max_depth": 4.0, "num_boost_round": 29.0}, "datetime": {"datetime": "2024-01-19 03:07:26", "elapsed": 10551.161939, "delta": 0.005498}}
{"target": -17.677116713150227, "params": {"gamma": 447.338235580685, "log10_alpha": 1.0, "log10_colsample_bytree": 0.0, "log10_eta": -4.0, "log10_lambda": 0.7027440212119991, "log10_min_child_weight": 2.176084091690225, "log10_subsample": -1.0, "max_depth": 4.0, "num_boost_round": 30.0}, "datetime": {"datetime": "2024-01-19 03:07:26", "elapsed": 10551.167416, "delta": 0.005477}}
{"target": -17.67711059866314, "params": {"gamma": 447.338235580685, "log10_alpha": 1.0, "log10_colsample_bytree": 0.0, "log10_eta": -4.0, "log10_lambda": 0.7027440212119991, "log10_min_child_weight": 2.176084091690225, "log10_subsample": -1.0, "max_depth": 4.0, "num_boost_round": 31.0}, "datetime": {"datetime": "2024-01-19 03:07:26", "elapsed": 10551.172912, "delta": 0.005496}}
{"target": -17.677105554105164, "params": {"gamma": 447.338235580685, "log10_alpha": 1.0, "log10_colsample_bytree": 0.0, "log10_eta": -4.0, "log10_lambda": 0.7027440212119991, "log10_min_child_weight": 2.176084091690225, "log10_subsample": -1.0, "max_depth": 4.0, "num_boost_round": 32.0}, "datetime": {"datetime": "2024-01-19 03:07:26", "elapsed": 10551.178448, "delta": 0.005536}}
{"target": -17.677100909300517, "params": {"gamma": 447.338235580685, "log10_alpha": 1.0, "log10_colsample_bytree": 0.0, "log10_eta": -4.0, "log10_lambda": 0.7027440212119991, "log10_min_child_weight": 2.176084091690225, "log10_subsample": -1.0, "max_depth": 4.0, "num_boost_round": 33.0}, "datetime": {"datetime": "2024-01-19 03:07:26", "elapsed": 10551.184056, "delta": 0.005608}}
{"target": -17.677093627867475, "params": {"gamma": 447.338235580685, "log10_alpha": 1.0, "log10_colsample_bytree": 0.0, "log10_eta": -4.0, "log10_lambda": 0.7027440212119991, "log10_min_child_weight": 2.176084091690225, "log10_subsample": -1.0, "max_depth": 4.0, "num_boost_round": 34.0}, "datetime": {"datetime": "2024-01-19 03:07:26", "elapsed": 10551.189759, "delta": 0.005703}}
{"target": -17.677092287983488, "params": {"gamma": 447.338235580685, "log10_alpha": 1.0, "log10_colsample_bytree": 0.0, "log10_eta": -4.0, "log10_lambda": 0.7027440212119991, "log10_min_child_weight": 2.176084091690225, "log10_subsample": -1.0, "max_depth": 4.0, "num_boost_round": 35.0}, "datetime": {"datetime": "2024-01-19 03:07:26", "elapsed": 10551.19554, "delta": 0.005781}}
{"target": -17.67709000910947, "params": {"gamma": 447.338235580685, "log10_alpha": 1.0, "log10_colsample_bytree": 0.0, "log10_eta": -4.0, "log10_lambda": 0.7027440212119991, "log10_min_child_weight": 2.176084091690225, "log10_subsample": -1.0, "max_depth": 4.0, "num_boost_round": 36.0}, "datetime": {"datetime": "2024-01-19 03:07:26", "elapsed": 10551.201038, "delta": 0.005498}}
{"target": -17.67708754783819, "params": {"gamma": 447.338235580685, "log10_alpha": 1.0, "log10_colsample_bytree": 0.0, "log10_eta": -4.0, "log10_lambda": 0.7027440212119991, "log10_min_child_weight": 2.176084091690225, "log10_subsample": -1.0, "max_depth": 4.0, "num_boost_round": 37.0}, "datetime": {"datetime": "2024-01-19 03:07:26", "elapsed": 10551.206481, "delta": 0.005443}}
{"target": -17.677231025342515, "params": {"gamma": 448.36827940854505, "log10_alpha": -2.474310900154378, "log10_colsample_bytree": -0.1912530703436771, "log10_eta": -3.7646382034516983, "log10_lambda": -4.242917725311507, "log10_min_child_weight": 0.7307803717199401, "log10_subsample": -0.8353925015302704, "max_depth": 7.0, "num_boost_round": 0.0}, "datetime": {"datetime": "2024-01-19 03:09:37", "elapsed": 10681.56245, "delta": 130.355969}}
{"target": -17.677219521476363, "params": {"gamma": 448.36827940854505, "log10_alpha": -2.474310900154378, "log10_colsample_bytree": -0.1912530703436771, "log10_eta": -3.7646382034516983, "log10_lambda": -4.242917725311507, "log10_min_child_weight": 0.7307803717199401, "log10_subsample": -0.8353925015302704, "max_depth": 7.0, "num_boost_round": 1.0}, "datetime": {"datetime": "2024-01-19 03:09:37", "elapsed": 10681.568659, "delta": 0.006209}}
{"target": -17.677214925239216, "params": {"gamma": 448.36827940854505, "log10_alpha": -2.474310900154378, "log10_colsample_bytree": -0.1912530703436771, "log10_eta": -3.7646382034516983, "log10_lambda": -4.242917725311507, "log10_min_child_weight": 0.7307803717199401, "log10_subsample": -0.8353925015302704, "max_depth": 7.0, "num_boost_round": 2.0}, "datetime": {"datetime": "2024-01-19 03:09:37", "elapsed": 10681.574366, "delta": 0.005707}}
{"target": -17.677215226476495, "params": {"gamma": 448.36827940854505, "log10_alpha": -2.474310900154378, "log10_colsample_bytree": -0.1912530703436771, "log10_eta": -3.7646382034516983, "log10_lambda": -4.242917725311507, "log10_min_child_weight": 0.7307803717199401, "log10_subsample": -0.8353925015302704, "max_depth": 7.0, "num_boost_round": 3.0}, "datetime": {"datetime": "2024-01-19 03:09:37", "elapsed": 10681.579999, "delta": 0.005633}}
{"target": -17.677199204010183, "params": {"gamma": 448.36827940854505, "log10_alpha": -2.474310900154378, "log10_colsample_bytree": -0.1912530703436771, "log10_eta": -3.7646382034516983, "log10_lambda": -4.242917725311507, "log10_min_child_weight": 0.7307803717199401, "log10_subsample": -0.8353925015302704, "max_depth": 7.0, "num_boost_round": 4.0}, "datetime": {"datetime": "2024-01-19 03:09:37", "elapsed": 10681.585571, "delta": 0.005572}}
{"target": -17.677191288911665, "params": {"gamma": 448.36827940854505, "log10_alpha": -2.474310900154378, "log10_colsample_bytree": -0.1912530703436771, "log10_eta": -3.7646382034516983, "log10_lambda": -4.242917725311507, "log10_min_child_weight": 0.7307803717199401, "log10_subsample": -0.8353925015302704, "max_depth": 7.0, "num_boost_round": 5.0}, "datetime": {"datetime": "2024-01-19 03:09:37", "elapsed": 10681.591206, "delta": 0.005635}}
{"target": -17.6771624294579, "params": {"gamma": 448.36827940854505, "log10_alpha": -2.474310900154378, "log10_colsample_bytree": -0.1912530703436771, "log10_eta": -3.7646382034516983, "log10_lambda": -4.242917725311507, "log10_min_child_weight": 0.7307803717199401, "log10_subsample": -0.8353925015302704, "max_depth": 7.0, "num_boost_round": 6.0}, "datetime": {"datetime": "2024-01-19 03:09:37", "elapsed": 10681.596743, "delta": 0.005537}}
{"target": -17.677160171435116, "params": {"gamma": 448.36827940854505, "log10_alpha": -2.474310900154378, "log10_colsample_bytree": -0.1912530703436771, "log10_eta": -3.7646382034516983, "log10_lambda": -4.242917725311507, "log10_min_child_weight": 0.7307803717199401, "log10_subsample": -0.8353925015302704, "max_depth": 7.0, "num_boost_round": 7.0}, "datetime": {"datetime": "2024-01-19 03:09:37", "elapsed": 10681.602251, "delta": 0.005508}}
{"target": -17.67713020916392, "params": {"gamma": 448.36827940854505, "log10_alpha": -2.474310900154378, "log10_colsample_bytree": -0.1912530703436771, "log10_eta": -3.7646382034516983, "log10_lambda": -4.242917725311507, "log10_min_child_weight": 0.7307803717199401, "log10_subsample": -0.8353925015302704, "max_depth": 7.0, "num_boost_round": 8.0}, "datetime": {"datetime": "2024-01-19 03:09:37", "elapsed": 10681.607892, "delta": 0.005641}}
{"target": -17.677127089090117, "params": {"gamma": 448.36827940854505, "log10_alpha": -2.474310900154378, "log10_colsample_bytree": -0.1912530703436771, "log10_eta": -3.7646382034516983, "log10_lambda": -4.242917725311507, "log10_min_child_weight": 0.7307803717199401, "log10_subsample": -0.8353925015302704, "max_depth": 7.0, "num_boost_round": 9.0}, "datetime": {"datetime": "2024-01-19 03:09:37", "elapsed": 10681.613594, "delta": 0.005702}}
{"target": -17.677125687737412, "params": {"gamma": 448.36827940854505, "log10_alpha": -2.474310900154378, "log10_colsample_bytree": -0.1912530703436771, "log10_eta": -3.7646382034516983, "log10_lambda": -4.242917725311507, "log10_min_child_weight": 0.7307803717199401, "log10_subsample": -0.8353925015302704, "max_depth": 7.0, "num_boost_round": 10.0}, "datetime": {"datetime": "2024-01-19 03:09:37", "elapsed": 10681.619262, "delta": 0.005668}}
{"target": -17.677107204278744, "params": {"gamma": 448.36827940854505, "log10_alpha": -2.474310900154378, "log10_colsample_bytree": -0.1912530703436771, "log10_eta": -3.7646382034516983, "log10_lambda": -4.242917725311507, "log10_min_child_weight": 0.7307803717199401, "log10_subsample": -0.8353925015302704, "max_depth": 7.0, "num_boost_round": 11.0}, "datetime": {"datetime": "2024-01-19 03:09:37", "elapsed": 10681.625023, "delta": 0.005761}}
{"target": -17.677103377462654, "params": {"gamma": 448.36827940854505, "log10_alpha": -2.474310900154378, "log10_colsample_bytree": -0.1912530703436771, "log10_eta": -3.7646382034516983, "log10_lambda": -4.242917725311507, "log10_min_child_weight": 0.7307803717199401, "log10_subsample": -0.8353925015302704, "max_depth": 7.0, "num_boost_round": 12.0}, "datetime": {"datetime": "2024-01-19 03:09:37", "elapsed": 10681.63051, "delta": 0.005487}}
{"target": -17.67709322986692, "params": {"gamma": 448.36827940854505, "log10_alpha": -2.474310900154378, "log10_colsample_bytree": -0.1912530703436771, "log10_eta": -3.7646382034516983, "log10_lambda": -4.242917725311507, "log10_min_child_weight": 0.7307803717199401, "log10_subsample": -0.8353925015302704, "max_depth": 7.0, "num_boost_round": 13.0}, "datetime": {"datetime": "2024-01-19 03:09:37", "elapsed": 10681.636034, "delta": 0.005524}}
{"target": -17.67708660888744, "params": {"gamma": 448.36827940854505, "log10_alpha": -2.474310900154378, "log10_colsample_bytree": -0.1912530703436771, "log10_eta": -3.7646382034516983, "log10_lambda": -4.242917725311507, "log10_min_child_weight": 0.7307803717199401, "log10_subsample": -0.8353925015302704, "max_depth": 7.0, "num_boost_round": 14.0}, "datetime": {"datetime": "2024-01-19 03:09:37", "elapsed": 10681.641473, "delta": 0.005439}}
{"target": -17.677084738464064, "params": {"gamma": 448.36827940854505, "log10_alpha": -2.474310900154378, "log10_colsample_bytree": -0.1912530703436771, "log10_eta": -3.7646382034516983, "log10_lambda": -4.242917725311507, "log10_min_child_weight": 0.7307803717199401, "log10_subsample": -0.8353925015302704, "max_depth": 7.0, "num_boost_round": 15.0}, "datetime": {"datetime": "2024-01-19 03:09:37", "elapsed": 10681.646917, "delta": 0.005444}}
{"target": -17.67707342423914, "params": {"gamma": 448.36827940854505, "log10_alpha": -2.474310900154378, "log10_colsample_bytree": -0.1912530703436771, "log10_eta": -3.7646382034516983, "log10_lambda": -4.242917725311507, "log10_min_child_weight": 0.7307803717199401, "log10_subsample": -0.8353925015302704, "max_depth": 7.0, "num_boost_round": 16.0}, "datetime": {"datetime": "2024-01-19 03:09:37", "elapsed": 10681.652463, "delta": 0.005546}}
{"target": -17.67706998212497, "params": {"gamma": 448.36827940854505, "log10_alpha": -2.474310900154378, "log10_colsample_bytree": -0.1912530703436771, "log10_eta": -3.7646382034516983, "log10_lambda": -4.242917725311507, "log10_min_child_weight": 0.7307803717199401, "log10_subsample": -0.8353925015302704, "max_depth": 7.0, "num_boost_round": 17.0}, "datetime": {"datetime": "2024-01-19 03:09:37", "elapsed": 10681.657905, "delta": 0.005442}}
{"target": -17.677070623680542, "params": {"gamma": 448.36827940854505, "log10_alpha": -2.474310900154378, "log10_colsample_bytree": -0.1912530703436771, "log10_eta": -3.7646382034516983, "log10_lambda": -4.242917725311507, "log10_min_child_weight": 0.7307803717199401, "log10_subsample": -0.8353925015302704, "max_depth": 7.0, "num_boost_round": 18.0}, "datetime": {"datetime": "2024-01-19 03:09:37", "elapsed": 10681.663336, "delta": 0.005431}}
{"target": -17.677064978613316, "params": {"gamma": 448.36827940854505, "log10_alpha": -2.474310900154378, "log10_colsample_bytree": -0.1912530703436771, "log10_eta": -3.7646382034516983, "log10_lambda": -4.242917725311507, "log10_min_child_weight": 0.7307803717199401, "log10_subsample": -0.8353925015302704, "max_depth": 7.0, "num_boost_round": 19.0}, "datetime": {"datetime": "2024-01-19 03:09:37", "elapsed": 10681.668858, "delta": 0.005522}}
{"target": -17.67705268840188, "params": {"gamma": 448.36827940854505, "log10_alpha": -2.474310900154378, "log10_colsample_bytree": -0.1912530703436771, "log10_eta": -3.7646382034516983, "log10_lambda": -4.242917725311507, "log10_min_child_weight": 0.7307803717199401, "log10_subsample": -0.8353925015302704, "max_depth": 7.0, "num_boost_round": 20.0}, "datetime": {"datetime": "2024-01-19 03:09:37", "elapsed": 10681.674551, "delta": 0.005693}}
{"target": -17.677058128685648, "params": {"gamma": 448.36827940854505, "log10_alpha": -2.474310900154378, "log10_colsample_bytree": -0.1912530703436771, "log10_eta": -3.7646382034516983, "log10_lambda": -4.242917725311507, "log10_min_child_weight": 0.7307803717199401, "log10_subsample": -0.8353925015302704, "max_depth": 7.0, "num_boost_round": 21.0}, "datetime": {"datetime": "2024-01-19 03:09:37", "elapsed": 10681.680318, "delta": 0.005767}}
{"target": -17.677040195401958, "params": {"gamma": 448.36827940854505, "log10_alpha": -2.474310900154378, "log10_colsample_bytree": -0.1912530703436771, "log10_eta": -3.7646382034516983, "log10_lambda": -4.242917725311507, "log10_min_child_weight": 0.7307803717199401, "log10_subsample": -0.8353925015302704, "max_depth": 7.0, "num_boost_round": 22.0}, "datetime": {"datetime": "2024-01-19 03:09:37", "elapsed": 10681.686187, "delta": 0.005869}}
{"target": -17.67703015005451, "params": {"gamma": 448.36827940854505, "log10_alpha": -2.474310900154378, "log10_colsample_bytree": -0.1912530703436771, "log10_eta": -3.7646382034516983, "log10_lambda": -4.242917725311507, "log10_min_child_weight": 0.7307803717199401, "log10_subsample": -0.8353925015302704, "max_depth": 7.0, "num_boost_round": 23.0}, "datetime": {"datetime": "2024-01-19 03:09:37", "elapsed": 10681.692103, "delta": 0.005916}}
{"target": -17.67701475073837, "params": {"gamma": 448.36827940854505, "log10_alpha": -2.474310900154378, "log10_colsample_bytree": -0.1912530703436771, "log10_eta": -3.7646382034516983, "log10_lambda": -4.242917725311507, "log10_min_child_weight": 0.7307803717199401, "log10_subsample": -0.8353925015302704, "max_depth": 7.0, "num_boost_round": 24.0}, "datetime": {"datetime": "2024-01-19 03:09:37", "elapsed": 10681.69756, "delta": 0.005457}}
{"target": -17.67700497320892, "params": {"gamma": 448.36827940854505, "log10_alpha": -2.474310900154378, "log10_colsample_bytree": -0.1912530703436771, "log10_eta": -3.7646382034516983, "log10_lambda": -4.242917725311507, "log10_min_child_weight": 0.7307803717199401, "log10_subsample": -0.8353925015302704, "max_depth": 7.0, "num_boost_round": 25.0}, "datetime": {"datetime": "2024-01-19 03:09:37", "elapsed": 10681.702996, "delta": 0.005436}}
{"target": -17.676990061799152, "params": {"gamma": 448.36827940854505, "log10_alpha": -2.474310900154378, "log10_colsample_bytree": -0.1912530703436771, "log10_eta": -3.7646382034516983, "log10_lambda": -4.242917725311507, "log10_min_child_weight": 0.7307803717199401, "log10_subsample": -0.8353925015302704, "max_depth": 7.0, "num_boost_round": 26.0}, "datetime": {"datetime": "2024-01-19 03:09:37", "elapsed": 10681.708489, "delta": 0.005493}}
{"target": -17.67718976542399, "params": {"gamma": 425.1638793885946, "log10_alpha": -4.617768914457808, "log10_colsample_bytree": -0.6094070239516078, "log10_eta": -2.7267904161059375, "log10_lambda": -1.6662771725833978, "log10_min_child_weight": 1.205820494503811, "log10_subsample": -0.6427801441687973, "max_depth": 4.0, "num_boost_round": 0.0}, "datetime": {"datetime": "2024-01-19 03:11:25", "elapsed": 10789.949351, "delta": 108.240862}}
{"target": -17.677085790061025, "params": {"gamma": 425.1638793885946, "log10_alpha": -4.617768914457808, "log10_colsample_bytree": -0.6094070239516078, "log10_eta": -2.7267904161059375, "log10_lambda": -1.6662771725833978, "log10_min_child_weight": 1.205820494503811, "log10_subsample": -0.6427801441687973, "max_depth": 4.0, "num_boost_round": 1.0}, "datetime": {"datetime": "2024-01-19 03:11:25", "elapsed": 10789.956516, "delta": 0.007165}}
{"target": -17.67700095282797, "params": {"gamma": 425.1638793885946, "log10_alpha": -4.617768914457808, "log10_colsample_bytree": -0.6094070239516078, "log10_eta": -2.7267904161059375, "log10_lambda": -1.6662771725833978, "log10_min_child_weight": 1.205820494503811, "log10_subsample": -0.6427801441687973, "max_depth": 4.0, "num_boost_round": 2.0}, "datetime": {"datetime": "2024-01-19 03:11:25", "elapsed": 10789.962855, "delta": 0.006339}}
{"target": -17.676977204306233, "params": {"gamma": 425.1638793885946, "log10_alpha": -4.617768914457808, "log10_colsample_bytree": -0.6094070239516078, "log10_eta": -2.7267904161059375, "log10_lambda": -1.6662771725833978, "log10_min_child_weight": 1.205820494503811, "log10_subsample": -0.6427801441687973, "max_depth": 4.0, "num_boost_round": 3.0}, "datetime": {"datetime": "2024-01-19 03:11:25", "elapsed": 10789.968389, "delta": 0.005534}}
{"target": -17.676955559349523, "params": {"gamma": 425.1638793885946, "log10_alpha": -4.617768914457808, "log10_colsample_bytree": -0.6094070239516078, "log10_eta": -2.7267904161059375, "log10_lambda": -1.6662771725833978, "log10_min_child_weight": 1.205820494503811, "log10_subsample": -0.6427801441687973, "max_depth": 4.0, "num_boost_round": 4.0}, "datetime": {"datetime": "2024-01-19 03:11:25", "elapsed": 10789.973971, "delta": 0.005582}}
{"target": -17.67690100993721, "params": {"gamma": 425.1638793885946, "log10_alpha": -4.617768914457808, "log10_colsample_bytree": -0.6094070239516078, "log10_eta": -2.7267904161059375, "log10_lambda": -1.6662771725833978, "log10_min_child_weight": 1.205820494503811, "log10_subsample": -0.6427801441687973, "max_depth": 4.0, "num_boost_round": 5.0}, "datetime": {"datetime": "2024-01-19 03:11:25", "elapsed": 10789.979625, "delta": 0.005654}}
