{"target": -13.769406865141603, "params": {"gamma": 950.178858494277, "log10_alpha": -0.6066071838648304, "log10_colsample_bytree": -0.8737629888336299, "log10_eta": -0.6042030202780477, "log10_lambda": 0.4015201525162606, "log10_min_child_weight": 4.5618870482235625, "log10_subsample": -0.6062724413367118, "max_depth": 9.0, "num_boost_round": 11.0}, "datetime": {"datetime": "2024-01-19 00:41:04", "elapsed": 1765.6341, "delta": 0.002529}}
{"target": -13.77093920161182, "params": {"gamma": 950.178858494277, "log10_alpha": -0.6066071838648304, "log10_colsample_bytree": -0.8737629888336299, "log10_eta": -0.6042030202780477, "log10_lambda": 0.4015201525162606, "log10_min_child_weight": 4.5618870482235625, "log10_subsample": -0.6062724413367118, "max_depth": 9.0, "num_boost_round": 12.0}, "datetime": {"datetime": "2024-01-19 00:41:04", "elapsed": 1765.63662, "delta": 0.00252}}
{"target": -13.771178866307537, "params": {"gamma": 950.178858494277, "log10_alpha": -0.6066071838648304, "log10_colsample_bytree": -0.8737629888336299, "log10_eta": -0.6042030202780477, "log10_lambda": 0.4015201525162606, "log10_min_child_weight": 4.5618870482235625, "log10_subsample": -0.6062724413367118, "max_depth": 9.0, "num_boost_round": 13.0}, "datetime": {"datetime": "2024-01-19 00:41:04", "elapsed": 1765.639189, "delta": 0.002569}}
{"target": -13.772999506890706, "params": {"gamma": 950.178858494277, "log10_alpha": -0.6066071838648304, "log10_colsample_bytree": -0.8737629888336299, "log10_eta": -0.6042030202780477, "log10_lambda": 0.4015201525162606, "log10_min_child_weight": 4.5618870482235625, "log10_subsample": -0.6062724413367118, "max_depth": 9.0, "num_boost_round": 14.0}, "datetime": {"datetime": "2024-01-19 00:41:04", "elapsed": 1765.641715, "delta": 0.002526}}
{"target": -13.771914582834548, "params": {"gamma": 950.178858494277, "log10_alpha": -0.6066071838648304, "log10_colsample_bytree": -0.8737629888336299, "log10_eta": -0.6042030202780477, "log10_lambda": 0.4015201525162606, "log10_min_child_weight": 4.5618870482235625, "log10_subsample": -0.6062724413367118, "max_depth": 9.0, "num_boost_round": 15.0}, "datetime": {"datetime": "2024-01-19 00:41:04", "elapsed": 1765.644262, "delta": 0.002547}}
{"target": -13.76990377603252, "params": {"gamma": 950.178858494277, "log10_alpha": -0.6066071838648304, "log10_colsample_bytree": -0.8737629888336299, "log10_eta": -0.6042030202780477, "log10_lambda": 0.4015201525162606, "log10_min_child_weight": 4.5618870482235625, "log10_subsample": -0.6062724413367118, "max_depth": 9.0, "num_boost_round": 16.0}, "datetime": {"datetime": "2024-01-19 00:41:04", "elapsed": 1765.6469, "delta": 0.002638}}
{"target": -13.769138649340263, "params": {"gamma": 950.178858494277, "log10_alpha": -0.6066071838648304, "log10_colsample_bytree": -0.8737629888336299, "log10_eta": -0.6042030202780477, "log10_lambda": 0.4015201525162606, "log10_min_child_weight": 4.5618870482235625, "log10_subsample": -0.6062724413367118, "max_depth": 9.0, "num_boost_round": 17.0}, "datetime": {"datetime": "2024-01-19 00:41:04", "elapsed": 1765.654004, "delta": 0.007104}}
{"target": -13.76908910457932, "params": {"gamma": 950.178858494277, "log10_alpha": -0.6066071838648304, "log10_colsample_bytree": -0.8737629888336299, "log10_eta": -0.6042030202780477, "log10_lambda": 0.4015201525162606, "log10_min_child_weight": 4.5618870482235625, "log10_subsample": -0.6062724413367118, "max_depth": 9.0, "num_boost_round": 18.0}, "datetime": {"datetime": "2024-01-19 00:41:04", "elapsed": 1765.65654, "delta": 0.002536}}
{"target": -13.770166261773252, "params": {"gamma": 950.178858494277, "log10_alpha": -0.6066071838648304, "log10_colsample_bytree": -0.8737629888336299, "log10_eta": -0.6042030202780477, "log10_lambda": 0.4015201525162606, "log10_min_child_weight": 4.5618870482235625, "log10_subsample": -0.6062724413367118, "max_depth": 9.0, "num_boost_round": 19.0}, "datetime": {"datetime": "2024-01-19 00:41:04", "elapsed": 1765.659323, "delta": 0.002783}}
{"target": -13.771227642025547, "params": {"gamma": 950.178858494277, "log10_alpha": -0.6066071838648304, "log10_colsample_bytree": -0.8737629888336299, "log10_eta": -0.6042030202780477, "log10_lambda": 0.4015201525162606, "log10_min_child_weight": 4.5618870482235625, "log10_subsample": -0.6062724413367118, "max_depth": 9.0, "num_boost_round": 20.0}, "datetime": {"datetime": "2024-01-19 00:41:04", "elapsed": 1765.661987, "delta": 0.002664}}
{"target": -13.771923974941474, "params": {"gamma": 950.178858494277, "log10_alpha": -0.6066071838648304, "log10_colsample_bytree": -0.8737629888336299, "log10_eta": -0.6042030202780477, "log10_lambda": 0.4015201525162606, "log10_min_child_weight": 4.5618870482235625, "log10_subsample": -0.6062724413367118, "max_depth": 9.0, "num_boost_round": 21.0}, "datetime": {"datetime": "2024-01-19 00:41:04", "elapsed": 1765.664517, "delta": 0.00253}}
{"target": -13.772351815091485, "params": {"gamma": 950.178858494277, "log10_alpha": -0.6066071838648304, "log10_colsample_bytree": -0.8737629888336299, "log10_eta": -0.6042030202780477, "log10_lambda": 0.4015201525162606, "log10_min_child_weight": 4.5618870482235625, "log10_subsample": -0.6062724413367118, "max_depth": 9.0, "num_boost_round": 22.0}, "datetime": {"datetime": "2024-01-19 00:41:04", "elapsed": 1765.667147, "delta": 0.00263}}
{"target": -13.772855486330345, "params": {"gamma": 950.178858494277, "log10_alpha": -0.6066071838648304, "log10_colsample_bytree": -0.8737629888336299, "log10_eta": -0.6042030202780477, "log10_lambda": 0.4015201525162606, "log10_min_child_weight": 4.5618870482235625, "log10_subsample": -0.6062724413367118, "max_depth": 9.0, "num_boost_round": 23.0}, "datetime": {"datetime": "2024-01-19 00:41:04", "elapsed": 1765.669761, "delta": 0.002614}}
{"target": -13.775043885456101, "params": {"gamma": 950.178858494277, "log10_alpha": -0.6066071838648304, "log10_colsample_bytree": -0.8737629888336299, "log10_eta": -0.6042030202780477, "log10_lambda": 0.4015201525162606, "log10_min_child_weight": 4.5618870482235625, "log10_subsample": -0.6062724413367118, "max_depth": 9.0, "num_boost_round": 24.0}, "datetime": {"datetime": "2024-01-19 00:41:04", "elapsed": 1765.672318, "delta": 0.002557}}
{"target": -13.77502963052472, "params": {"gamma": 950.178858494277, "log10_alpha": -0.6066071838648304, "log10_colsample_bytree": -0.8737629888336299, "log10_eta": -0.6042030202780477, "log10_lambda": 0.4015201525162606, "log10_min_child_weight": 4.5618870482235625, "log10_subsample": -0.6062724413367118, "max_depth": 9.0, "num_boost_round": 25.0}, "datetime": {"datetime": "2024-01-19 00:41:04", "elapsed": 1765.758944, "delta": 0.086626}}
{"target": -13.776311714403109, "params": {"gamma": 950.178858494277, "log10_alpha": -0.6066071838648304, "log10_colsample_bytree": -0.8737629888336299, "log10_eta": -0.6042030202780477, "log10_lambda": 0.4015201525162606, "log10_min_child_weight": 4.5618870482235625, "log10_subsample": -0.6062724413367118, "max_depth": 9.0, "num_boost_round": 26.0}, "datetime": {"datetime": "2024-01-19 00:41:04", "elapsed": 1765.76198, "delta": 0.003036}}
{"target": -13.758529697457167, "params": {"gamma": 943.6302854743708, "log10_alpha": 0.9600924173472336, "log10_colsample_bytree": -0.4991679211994561, "log10_eta": -3.7804513611417434, "log10_lambda": -1.647318721614421, "log10_min_child_weight": 0.391017119974697, "log10_subsample": -0.716571366026341, "max_depth": 6.0, "num_boost_round": 0.0}, "datetime": {"datetime": "2024-01-19 00:41:42", "elapsed": 1803.833675, "delta": 38.071695}}
{"target": -13.758524929773776, "params": {"gamma": 943.6302854743708, "log10_alpha": 0.9600924173472336, "log10_colsample_bytree": -0.4991679211994561, "log10_eta": -3.7804513611417434, "log10_lambda": -1.647318721614421, "log10_min_child_weight": 0.391017119974697, "log10_subsample": -0.716571366026341, "max_depth": 6.0, "num_boost_round": 1.0}, "datetime": {"datetime": "2024-01-19 00:41:42", "elapsed": 1803.836822, "delta": 0.003147}}
{"target": -13.758517275056535, "params": {"gamma": 943.6302854743708, "log10_alpha": 0.9600924173472336, "log10_colsample_bytree": -0.4991679211994561, "log10_eta": -3.7804513611417434, "log10_lambda": -1.647318721614421, "log10_min_child_weight": 0.391017119974697, "log10_subsample": -0.716571366026341, "max_depth": 6.0, "num_boost_round": 2.0}, "datetime": {"datetime": "2024-01-19 00:41:42", "elapsed": 1803.839951, "delta": 0.003129}}
{"target": -13.758517614919883, "params": {"gamma": 943.6302854743708, "log10_alpha": 0.9600924173472336, "log10_colsample_bytree": -0.4991679211994561, "log10_eta": -3.7804513611417434, "log10_lambda": -1.647318721614421, "log10_min_child_weight": 0.391017119974697, "log10_subsample": -0.716571366026341, "max_depth": 6.0, "num_boost_round": 3.0}, "datetime": {"datetime": "2024-01-19 00:41:42", "elapsed": 1803.84265, "delta": 0.002699}}
{"target": -13.758518404834508, "params": {"gamma": 943.6302854743708, "log10_alpha": 0.9600924173472336, "log10_colsample_bytree": -0.4991679211994561, "log10_eta": -3.7804513611417434, "log10_lambda": -1.647318721614421, "log10_min_child_weight": 0.391017119974697, "log10_subsample": -0.716571366026341, "max_depth": 6.0, "num_boost_round": 4.0}, "datetime": {"datetime": "2024-01-19 00:41:42", "elapsed": 1803.845457, "delta": 0.002807}}
{"target": -13.758514597614411, "params": {"gamma": 943.6302854743708, "log10_alpha": 0.9600924173472336, "log10_colsample_bytree": -0.4991679211994561, "log10_eta": -3.7804513611417434, "log10_lambda": -1.647318721614421, "log10_min_child_weight": 0.391017119974697, "log10_subsample": -0.716571366026341, "max_depth": 6.0, "num_boost_round": 5.0}, "datetime": {"datetime": "2024-01-19 00:41:42", "elapsed": 1803.848233, "delta": 0.002776}}
{"target": -13.75851213275018, "params": {"gamma": 943.6302854743708, "log10_alpha": 0.9600924173472336, "log10_colsample_bytree": -0.4991679211994561, "log10_eta": -3.7804513611417434, "log10_lambda": -1.647318721614421, "log10_min_child_weight": 0.391017119974697, "log10_subsample": -0.716571366026341, "max_depth": 6.0, "num_boost_round": 6.0}, "datetime": {"datetime": "2024-01-19 00:41:42", "elapsed": 1803.850909, "delta": 0.002676}}
{"target": -13.75850895713738, "params": {"gamma": 943.6302854743708, "log10_alpha": 0.9600924173472336, "log10_colsample_bytree": -0.4991679211994561, "log10_eta": -3.7804513611417434, "log10_lambda": -1.647318721614421, "log10_min_child_weight": 0.391017119974697, "log10_subsample": -0.716571366026341, "max_depth": 6.0, "num_boost_round": 7.0}, "datetime": {"datetime": "2024-01-19 00:41:42", "elapsed": 1803.853553, "delta": 0.002644}}
{"target": -13.758508084052608, "params": {"gamma": 943.6302854743708, "log10_alpha": 0.9600924173472336, "log10_colsample_bytree": -0.4991679211994561, "log10_eta": -3.7804513611417434, "log10_lambda": -1.647318721614421, "log10_min_child_weight": 0.391017119974697, "log10_subsample": -0.716571366026341, "max_depth": 6.0, "num_boost_round": 8.0}, "datetime": {"datetime": "2024-01-19 00:41:42", "elapsed": 1803.856166, "delta": 0.002613}}
{"target": -13.758502255769686, "params": {"gamma": 943.6302854743708, "log10_alpha": 0.9600924173472336, "log10_colsample_bytree": -0.4991679211994561, "log10_eta": -3.7804513611417434, "log10_lambda": -1.647318721614421, "log10_min_child_weight": 0.391017119974697, "log10_subsample": -0.716571366026341, "max_depth": 6.0, "num_boost_round": 9.0}, "datetime": {"datetime": "2024-01-19 00:41:42", "elapsed": 1803.859251, "delta": 0.003085}}
{"target": -13.758500282780352, "params": {"gamma": 943.6302854743708, "log10_alpha": 0.9600924173472336, "log10_colsample_bytree": -0.4991679211994561, "log10_eta": -3.7804513611417434, "log10_lambda": -1.647318721614421, "log10_min_child_weight": 0.391017119974697, "log10_subsample": -0.716571366026341, "max_depth": 6.0, "num_boost_round": 10.0}, "datetime": {"datetime": "2024-01-19 00:41:42", "elapsed": 1803.86241, "delta": 0.003159}}
{"target": -13.758497184637058, "params": {"gamma": 943.6302854743708, "log10_alpha": 0.9600924173472336, "log10_colsample_bytree": -0.4991679211994561, "log10_eta": -3.7804513611417434, "log10_lambda": -1.647318721614421, "log10_min_child_weight": 0.391017119974697, "log10_subsample": -0.716571366026341, "max_depth": 6.0, "num_boost_round": 11.0}, "datetime": {"datetime": "2024-01-19 00:41:42", "elapsed": 1803.865461, "delta": 0.003051}}
{"target": -13.758493910872609, "params": {"gamma": 943.6302854743708, "log10_alpha": 0.9600924173472336, "log10_colsample_bytree": -0.4991679211994561, "log10_eta": -3.7804513611417434, "log10_lambda": -1.647318721614421, "log10_min_child_weight": 0.391017119974697, "log10_subsample": -0.716571366026341, "max_depth": 6.0, "num_boost_round": 12.0}, "datetime": {"datetime": "2024-01-19 00:41:42", "elapsed": 1803.868209, "delta": 0.002748}}
{"target": -13.758497768890313, "params": {"gamma": 943.6302854743708, "log10_alpha": 0.9600924173472336, "log10_colsample_bytree": -0.4991679211994561, "log10_eta": -3.7804513611417434, "log10_lambda": -1.647318721614421, "log10_min_child_weight": 0.391017119974697, "log10_subsample": -0.716571366026341, "max_depth": 6.0, "num_boost_round": 13.0}, "datetime": {"datetime": "2024-01-19 00:41:42", "elapsed": 1803.870905, "delta": 0.002696}}
{"target": -13.758498089120728, "params": {"gamma": 943.6302854743708, "log10_alpha": 0.9600924173472336, "log10_colsample_bytree": -0.4991679211994561, "log10_eta": -3.7804513611417434, "log10_lambda": -1.647318721614421, "log10_min_child_weight": 0.391017119974697, "log10_subsample": -0.716571366026341, "max_depth": 6.0, "num_boost_round": 14.0}, "datetime": {"datetime": "2024-01-19 00:41:42", "elapsed": 1803.873559, "delta": 0.002654}}
{"target": -13.75849090463591, "params": {"gamma": 943.6302854743708, "log10_alpha": 0.9600924173472336, "log10_colsample_bytree": -0.4991679211994561, "log10_eta": -3.7804513611417434, "log10_lambda": -1.647318721614421, "log10_min_child_weight": 0.391017119974697, "log10_subsample": -0.716571366026341, "max_depth": 6.0, "num_boost_round": 15.0}, "datetime": {"datetime": "2024-01-19 00:41:42", "elapsed": 1803.876221, "delta": 0.002662}}
{"target": -13.758534584468558, "params": {"gamma": 947.0832323995885, "log10_alpha": -4.2174300636519595, "log10_colsample_bytree": 0.0, "log10_eta": -4.0, "log10_lambda": -5.0, "log10_min_child_weight": 1.0916377463759053, "log10_subsample": -1.0, "max_depth": 7.0, "num_boost_round": 0.0}, "datetime": {"datetime": "2024-01-19 00:42:09", "elapsed": 1830.601698, "delta": 26.725477}}
{"target": -13.758532545675632, "params": {"gamma": 947.0832323995885, "log10_alpha": -4.2174300636519595, "log10_colsample_bytree": 0.0, "log10_eta": -4.0, "log10_lambda": -5.0, "log10_min_child_weight": 1.0916377463759053, "log10_subsample": -1.0, "max_depth": 7.0, "num_boost_round": 1.0}, "datetime": {"datetime": "2024-01-19 00:42:09", "elapsed": 1830.604899, "delta": 0.003201}}
{"target": -13.758528963547105, "params": {"gamma": 947.0832323995885, "log10_alpha": -4.2174300636519595, "log10_colsample_bytree": 0.0, "log10_eta": -4.0, "log10_lambda": -5.0, "log10_min_child_weight": 1.0916377463759053, "log10_subsample": -1.0, "max_depth": 7.0, "num_boost_round": 2.0}, "datetime": {"datetime": "2024-01-19 00:42:09", "elapsed": 1830.60776, "delta": 0.002861}}
{"target": -13.758530235778009, "params": {"gamma": 947.0832323995885, "log10_alpha": -4.2174300636519595, "log10_colsample_bytree": 0.0, "log10_eta": -4.0, "log10_lambda": -5.0, "log10_min_child_weight": 1.0916377463759053, "log10_subsample": -1.0, "max_depth": 7.0, "num_boost_round": 3.0}, "datetime": {"datetime": "2024-01-19 00:42:09", "elapsed": 1830.610573, "delta": 0.002813}}
{"target": -13.758526542029399, "params": {"gamma": 947.0832323995885, "log10_alpha": -4.2174300636519595, "log10_colsample_bytree": 0.0, "log10_eta": -4.0, "log10_lambda": -5.0, "log10_min_child_weight": 1.0916377463759053, "log10_subsample": -1.0, "max_depth": 7.0, "num_boost_round": 4.0}, "datetime": {"datetime": "2024-01-19 00:42:09", "elapsed": 1830.613253, "delta": 0.00268}}
{"target": -13.7585235197382, "params": {"gamma": 947.0832323995885, "log10_alpha": -4.2174300636519595, "log10_colsample_bytree": 0.0, "log10_eta": -4.0, "log10_lambda": -5.0, "log10_min_child_weight": 1.0916377463759053, "log10_subsample": -1.0, "max_depth": 7.0, "num_boost_round": 5.0}, "datetime": {"datetime": "2024-01-19 00:42:09", "elapsed": 1830.615882, "delta": 0.002629}}
{"target": -13.758517880680083, "params": {"gamma": 947.0832323995885, "log10_alpha": -4.2174300636519595, "log10_colsample_bytree": 0.0, "log10_eta": -4.0, "log10_lambda": -5.0, "log10_min_child_weight": 1.0916377463759053, "log10_subsample": -1.0, "max_depth": 7.0, "num_boost_round": 6.0}, "datetime": {"datetime": "2024-01-19 00:42:09", "elapsed": 1830.618615, "delta": 0.002733}}
{"target": -13.758521906738599, "params": {"gamma": 947.0832323995885, "log10_alpha": -4.2174300636519595, "log10_colsample_bytree": 0.0, "log10_eta": -4.0, "log10_lambda": -5.0, "log10_min_child_weight": 1.0916377463759053, "log10_subsample": -1.0, "max_depth": 7.0, "num_boost_round": 7.0}, "datetime": {"datetime": "2024-01-19 00:42:09", "elapsed": 1830.621211, "delta": 0.002596}}
{"target": -13.758518564924772, "params": {"gamma": 947.0832323995885, "log10_alpha": -4.2174300636519595, "log10_colsample_bytree": 0.0, "log10_eta": -4.0, "log10_lambda": -5.0, "log10_min_child_weight": 1.0916377463759053, "log10_subsample": -1.0, "max_depth": 7.0, "num_boost_round": 8.0}, "datetime": {"datetime": "2024-01-19 00:42:09", "elapsed": 1830.623806, "delta": 0.002595}}
{"target": -13.758518761925622, "params": {"gamma": 947.0832323995885, "log10_alpha": -4.2174300636519595, "log10_colsample_bytree": 0.0, "log10_eta": -4.0, "log10_lambda": -5.0, "log10_min_child_weight": 1.0916377463759053, "log10_subsample": -1.0, "max_depth": 7.0, "num_boost_round": 9.0}, "datetime": {"datetime": "2024-01-19 00:42:09", "elapsed": 1830.626396, "delta": 0.00259}}
{"target": -13.75853730212378, "params": {"gamma": 966.8305764190007, "log10_alpha": -0.7399651189018752, "log10_colsample_bytree": 0.0, "log10_eta": -4.0, "log10_lambda": -0.8078956418325918, "log10_min_child_weight": 2.5821641067537113, "log10_subsample": 0.0, "max_depth": 2.0, "num_boost_round": 0.0}, "datetime": {"datetime": "2024-01-19 00:42:40", "elapsed": 1861.829112, "delta": 31.202716}}
{"target": -13.75853624231613, "params": {"gamma": 966.8305764190007, "log10_alpha": -0.7399651189018752, "log10_colsample_bytree": 0.0, "log10_eta": -4.0, "log10_lambda": -0.8078956418325918, "log10_min_child_weight": 2.5821641067537113, "log10_subsample": 0.0, "max_depth": 2.0, "num_boost_round": 1.0}, "datetime": {"datetime": "2024-01-19 00:42:40", "elapsed": 1861.832216, "delta": 0.003104}}
{"target": -13.758535224438363, "params": {"gamma": 966.8305764190007, "log10_alpha": -0.7399651189018752, "log10_colsample_bytree": 0.0, "log10_eta": -4.0, "log10_lambda": -0.8078956418325918, "log10_min_child_weight": 2.5821641067537113, "log10_subsample": 0.0, "max_depth": 2.0, "num_boost_round": 2.0}, "datetime": {"datetime": "2024-01-19 00:42:40", "elapsed": 1861.83504, "delta": 0.002824}}
{"target": -13.758534170525651, "params": {"gamma": 966.8305764190007, "log10_alpha": -0.7399651189018752, "log10_colsample_bytree": 0.0, "log10_eta": -4.0, "log10_lambda": -0.8078956418325918, "log10_min_child_weight": 2.5821641067537113, "log10_subsample": 0.0, "max_depth": 2.0, "num_boost_round": 3.0}, "datetime": {"datetime": "2024-01-19 00:42:40", "elapsed": 1861.837664, "delta": 0.002624}}
{"target": -13.75853317359872, "params": {"gamma": 966.8305764190007, "log10_alpha": -0.7399651189018752, "log10_colsample_bytree": 0.0, "log10_eta": -4.0, "log10_lambda": -0.8078956418325918, "log10_min_child_weight": 2.5821641067537113, "log10_subsample": 0.0, "max_depth": 2.0, "num_boost_round": 4.0}, "datetime": {"datetime": "2024-01-19 00:42:40", "elapsed": 1861.840358, "delta": 0.002694}}
{"target": -13.758532121103224, "params": {"gamma": 966.8305764190007, "log10_alpha": -0.7399651189018752, "log10_colsample_bytree": 0.0, "log10_eta": -4.0, "log10_lambda": -0.8078956418325918, "log10_min_child_weight": 2.5821641067537113, "log10_subsample": 0.0, "max_depth": 2.0, "num_boost_round": 5.0}, "datetime": {"datetime": "2024-01-19 00:42:40", "elapsed": 1861.842975, "delta": 0.002617}}
{"target": -13.758531094488168, "params": {"gamma": 966.8305764190007, "log10_alpha": -0.7399651189018752, "log10_colsample_bytree": 0.0, "log10_eta": -4.0, "log10_lambda": -0.8078956418325918, "log10_min_child_weight": 2.5821641067537113, "log10_subsample": 0.0, "max_depth": 2.0, "num_boost_round": 6.0}, "datetime": {"datetime": "2024-01-19 00:42:40", "elapsed": 1861.845562, "delta": 0.002587}}
{"target": -13.758530073959115, "params": {"gamma": 966.8305764190007, "log10_alpha": -0.7399651189018752, "log10_colsample_bytree": 0.0, "log10_eta": -4.0, "log10_lambda": -0.8078956418325918, "log10_min_child_weight": 2.5821641067537113, "log10_subsample": 0.0, "max_depth": 2.0, "num_boost_round": 7.0}, "datetime": {"datetime": "2024-01-19 00:42:40", "elapsed": 1861.848342, "delta": 0.00278}}
{"target": -13.75852902423546, "params": {"gamma": 966.8305764190007, "log10_alpha": -0.7399651189018752, "log10_colsample_bytree": 0.0, "log10_eta": -4.0, "log10_lambda": -0.8078956418325918, "log10_min_child_weight": 2.5821641067537113, "log10_subsample": 0.0, "max_depth": 2.0, "num_boost_round": 8.0}, "datetime": {"datetime": "2024-01-19 00:42:40", "elapsed": 1861.850939, "delta": 0.002597}}
