{"target": -13.758531306663594, "params": {"gamma": 573.3588309490259, "log10_alpha": -3.5404535788228526, "log10_colsample_bytree": -0.028765840173946455, "log10_eta": -3.9691973548922603, "log10_lambda": -3.6518321345641613, "log10_min_child_weight": 1.9773300253698967, "log10_subsample": -0.15326711503314816, "max_depth": 8.0, "num_boost_round": 3.0}, "datetime": {"datetime": "2024-01-19 01:20:46", "elapsed": 4178.703092, "delta": 0.004605}}
{"target": -13.758533174598806, "params": {"gamma": 573.3588309490259, "log10_alpha": -3.5404535788228526, "log10_colsample_bytree": -0.028765840173946455, "log10_eta": -3.9691973548922603, "log10_lambda": -3.6518321345641613, "log10_min_child_weight": 1.9773300253698967, "log10_subsample": -0.15326711503314816, "max_depth": 8.0, "num_boost_round": 4.0}, "datetime": {"datetime": "2024-01-19 01:20:46", "elapsed": 4178.707622, "delta": 0.00453}}
{"target": -13.758528836782604, "params": {"gamma": 573.3588309490259, "log10_alpha": -3.5404535788228526, "log10_colsample_bytree": -0.028765840173946455, "log10_eta": -3.9691973548922603, "log10_lambda": -3.6518321345641613, "log10_min_child_weight": 1.9773300253698967, "log10_subsample": -0.15326711503314816, "max_depth": 8.0, "num_boost_round": 5.0}, "datetime": {"datetime": "2024-01-19 01:20:46", "elapsed": 4178.712079, "delta": 0.004457}}
{"target": -13.758530548518467, "params": {"gamma": 573.3588309490259, "log10_alpha": -3.5404535788228526, "log10_colsample_bytree": -0.028765840173946455, "log10_eta": -3.9691973548922603, "log10_lambda": -3.6518321345641613, "log10_min_child_weight": 1.9773300253698967, "log10_subsample": -0.15326711503314816, "max_depth": 8.0, "num_boost_round": 6.0}, "datetime": {"datetime": "2024-01-19 01:20:46", "elapsed": 4178.716564, "delta": 0.004485}}
{"target": -13.75852829943776, "params": {"gamma": 573.3588309490259, "log10_alpha": -3.5404535788228526, "log10_colsample_bytree": -0.028765840173946455, "log10_eta": -3.9691973548922603, "log10_lambda": -3.6518321345641613, "log10_min_child_weight": 1.9773300253698967, "log10_subsample": -0.15326711503314816, "max_depth": 8.0, "num_boost_round": 7.0}, "datetime": {"datetime": "2024-01-19 01:20:46", "elapsed": 4178.721007, "delta": 0.004443}}
{"target": -13.758528774066136, "params": {"gamma": 573.3588309490259, "log10_alpha": -3.5404535788228526, "log10_colsample_bytree": -0.028765840173946455, "log10_eta": -3.9691973548922603, "log10_lambda": -3.6518321345641613, "log10_min_child_weight": 1.9773300253698967, "log10_subsample": -0.15326711503314816, "max_depth": 8.0, "num_boost_round": 8.0}, "datetime": {"datetime": "2024-01-19 01:20:46", "elapsed": 4178.725445, "delta": 0.004438}}
{"target": -13.75852932389043, "params": {"gamma": 573.3588309490259, "log10_alpha": -3.5404535788228526, "log10_colsample_bytree": -0.028765840173946455, "log10_eta": -3.9691973548922603, "log10_lambda": -3.6518321345641613, "log10_min_child_weight": 1.9773300253698967, "log10_subsample": -0.15326711503314816, "max_depth": 8.0, "num_boost_round": 9.0}, "datetime": {"datetime": "2024-01-19 01:20:46", "elapsed": 4178.729909, "delta": 0.004464}}
{"target": -13.758531575709336, "params": {"gamma": 573.3588309490259, "log10_alpha": -3.5404535788228526, "log10_colsample_bytree": -0.028765840173946455, "log10_eta": -3.9691973548922603, "log10_lambda": -3.6518321345641613, "log10_min_child_weight": 1.9773300253698967, "log10_subsample": -0.15326711503314816, "max_depth": 8.0, "num_boost_round": 10.0}, "datetime": {"datetime": "2024-01-19 01:20:46", "elapsed": 4178.734292, "delta": 0.004383}}
{"target": -13.758526140237604, "params": {"gamma": 573.3588309490259, "log10_alpha": -3.5404535788228526, "log10_colsample_bytree": -0.028765840173946455, "log10_eta": -3.9691973548922603, "log10_lambda": -3.6518321345641613, "log10_min_child_weight": 1.9773300253698967, "log10_subsample": -0.15326711503314816, "max_depth": 8.0, "num_boost_round": 11.0}, "datetime": {"datetime": "2024-01-19 01:20:46", "elapsed": 4178.738696, "delta": 0.004404}}
{"target": -13.758525773062786, "params": {"gamma": 573.3588309490259, "log10_alpha": -3.5404535788228526, "log10_colsample_bytree": -0.028765840173946455, "log10_eta": -3.9691973548922603, "log10_lambda": -3.6518321345641613, "log10_min_child_weight": 1.9773300253698967, "log10_subsample": -0.15326711503314816, "max_depth": 8.0, "num_boost_round": 12.0}, "datetime": {"datetime": "2024-01-19 01:20:46", "elapsed": 4178.743058, "delta": 0.004362}}
{"target": -13.75852443959786, "params": {"gamma": 573.3588309490259, "log10_alpha": -3.5404535788228526, "log10_colsample_bytree": -0.028765840173946455, "log10_eta": -3.9691973548922603, "log10_lambda": -3.6518321345641613, "log10_min_child_weight": 1.9773300253698967, "log10_subsample": -0.15326711503314816, "max_depth": 8.0, "num_boost_round": 13.0}, "datetime": {"datetime": "2024-01-19 01:20:46", "elapsed": 4178.747587, "delta": 0.004529}}
{"target": -13.758521763447908, "params": {"gamma": 573.3588309490259, "log10_alpha": -3.5404535788228526, "log10_colsample_bytree": -0.028765840173946455, "log10_eta": -3.9691973548922603, "log10_lambda": -3.6518321345641613, "log10_min_child_weight": 1.9773300253698967, "log10_subsample": -0.15326711503314816, "max_depth": 8.0, "num_boost_round": 14.0}, "datetime": {"datetime": "2024-01-19 01:20:46", "elapsed": 4178.752113, "delta": 0.004526}}
{"target": -13.758519784620209, "params": {"gamma": 573.3588309490259, "log10_alpha": -3.5404535788228526, "log10_colsample_bytree": -0.028765840173946455, "log10_eta": -3.9691973548922603, "log10_lambda": -3.6518321345641613, "log10_min_child_weight": 1.9773300253698967, "log10_subsample": -0.15326711503314816, "max_depth": 8.0, "num_boost_round": 15.0}, "datetime": {"datetime": "2024-01-19 01:20:46", "elapsed": 4178.756673, "delta": 0.00456}}
{"target": -13.758010904625523, "params": {"gamma": 567.4465804653478, "log10_alpha": 0.6190932317863069, "log10_colsample_bytree": -0.9698600550257338, "log10_eta": -2.0529913976067427, "log10_lambda": -1.2780399265778657, "log10_min_child_weight": 0.4962584233210865, "log10_subsample": -0.410743746876847, "max_depth": 9.0, "num_boost_round": 0.0}, "datetime": {"datetime": "2024-01-19 01:22:11", "elapsed": 4263.395065, "delta": 84.638392}}
{"target": -13.757599614774469, "params": {"gamma": 567.4465804653478, "log10_alpha": 0.6190932317863069, "log10_colsample_bytree": -0.9698600550257338, "log10_eta": -2.0529913976067427, "log10_lambda": -1.2780399265778657, "log10_min_child_weight": 0.4962584233210865, "log10_subsample": -0.410743746876847, "max_depth": 9.0, "num_boost_round": 1.0}, "datetime": {"datetime": "2024-01-19 01:22:11", "elapsed": 4263.400487, "delta": 0.005422}}
{"target": -13.75753999178257, "params": {"gamma": 567.4465804653478, "log10_alpha": 0.6190932317863069, "log10_colsample_bytree": -0.9698600550257338, "log10_eta": -2.0529913976067427, "log10_lambda": -1.2780399265778657, "log10_min_child_weight": 0.4962584233210865, "log10_subsample": -0.410743746876847, "max_depth": 9.0, "num_boost_round": 2.0}, "datetime": {"datetime": "2024-01-19 01:22:11", "elapsed": 4263.405125, "delta": 0.004638}}
{"target": -13.757527629322277, "params": {"gamma": 567.4465804653478, "log10_alpha": 0.6190932317863069, "log10_colsample_bytree": -0.9698600550257338, "log10_eta": -2.0529913976067427, "log10_lambda": -1.2780399265778657, "log10_min_child_weight": 0.4962584233210865, "log10_subsample": -0.410743746876847, "max_depth": 9.0, "num_boost_round": 3.0}, "datetime": {"datetime": "2024-01-19 01:22:11", "elapsed": 4263.40977, "delta": 0.004645}}
{"target": -13.75698374079957, "params": {"gamma": 567.4465804653478, "log10_alpha": 0.6190932317863069, "log10_colsample_bytree": -0.9698600550257338, "log10_eta": -2.0529913976067427, "log10_lambda": -1.2780399265778657, "log10_min_child_weight": 0.4962584233210865, "log10_subsample": -0.410743746876847, "max_depth": 9.0, "num_boost_round": 4.0}, "datetime": {"datetime": "2024-01-19 01:22:11", "elapsed": 4263.414243, "delta": 0.004473}}
{"target": -13.757078845936293, "params": {"gamma": 567.4465804653478, "log10_alpha": 0.6190932317863069, "log10_colsample_bytree": -0.9698600550257338, "log10_eta": -2.0529913976067427, "log10_lambda": -1.2780399265778657, "log10_min_child_weight": 0.4962584233210865, "log10_subsample": -0.410743746876847, "max_depth": 9.0, "num_boost_round": 5.0}, "datetime": {"datetime": "2024-01-19 01:22:11", "elapsed": 4263.418627, "delta": 0.004384}}
{"target": -13.757431899660377, "params": {"gamma": 567.4465804653478, "log10_alpha": 0.6190932317863069, "log10_colsample_bytree": -0.9698600550257338, "log10_eta": -2.0529913976067427, "log10_lambda": -1.2780399265778657, "log10_min_child_weight": 0.4962584233210865, "log10_subsample": -0.410743746876847, "max_depth": 9.0, "num_boost_round": 6.0}, "datetime": {"datetime": "2024-01-19 01:22:11", "elapsed": 4263.423051, "delta": 0.004424}}
{"target": -13.7569445006319, "params": {"gamma": 567.4465804653478, "log10_alpha": 0.6190932317863069, "log10_colsample_bytree": -0.9698600550257338, "log10_eta": -2.0529913976067427, "log10_lambda": -1.2780399265778657, "log10_min_child_weight": 0.4962584233210865, "log10_subsample": -0.410743746876847, "max_depth": 9.0, "num_boost_round": 7.0}, "datetime": {"datetime": "2024-01-19 01:22:11", "elapsed": 4263.42775, "delta": 0.004699}}
{"target": -13.757187456871904, "params": {"gamma": 567.4465804653478, "log10_alpha": 0.6190932317863069, "log10_colsample_bytree": -0.9698600550257338, "log10_eta": -2.0529913976067427, "log10_lambda": -1.2780399265778657, "log10_min_child_weight": 0.4962584233210865, "log10_subsample": -0.410743746876847, "max_depth": 9.0, "num_boost_round": 8.0}, "datetime": {"datetime": "2024-01-19 01:22:11", "elapsed": 4263.432234, "delta": 0.004484}}
{"target": -13.75693696797541, "params": {"gamma": 567.4465804653478, "log10_alpha": 0.6190932317863069, "log10_colsample_bytree": -0.9698600550257338, "log10_eta": -2.0529913976067427, "log10_lambda": -1.2780399265778657, "log10_min_child_weight": 0.4962584233210865, "log10_subsample": -0.410743746876847, "max_depth": 9.0, "num_boost_round": 9.0}, "datetime": {"datetime": "2024-01-19 01:22:11", "elapsed": 4263.436623, "delta": 0.004389}}
{"target": -13.756927511612835, "params": {"gamma": 567.4465804653478, "log10_alpha": 0.6190932317863069, "log10_colsample_bytree": -0.9698600550257338, "log10_eta": -2.0529913976067427, "log10_lambda": -1.2780399265778657, "log10_min_child_weight": 0.4962584233210865, "log10_subsample": -0.410743746876847, "max_depth": 9.0, "num_boost_round": 10.0}, "datetime": {"datetime": "2024-01-19 01:22:11", "elapsed": 4263.441077, "delta": 0.004454}}
{"target": -13.75678616365487, "params": {"gamma": 567.4465804653478, "log10_alpha": 0.6190932317863069, "log10_colsample_bytree": -0.9698600550257338, "log10_eta": -2.0529913976067427, "log10_lambda": -1.2780399265778657, "log10_min_child_weight": 0.4962584233210865, "log10_subsample": -0.410743746876847, "max_depth": 9.0, "num_boost_round": 11.0}, "datetime": {"datetime": "2024-01-19 01:22:11", "elapsed": 4263.445865, "delta": 0.004788}}
{"target": -13.756531064958757, "params": {"gamma": 567.4465804653478, "log10_alpha": 0.6190932317863069, "log10_colsample_bytree": -0.9698600550257338, "log10_eta": -2.0529913976067427, "log10_lambda": -1.2780399265778657, "log10_min_child_weight": 0.4962584233210865, "log10_subsample": -0.410743746876847, "max_depth": 9.0, "num_boost_round": 12.0}, "datetime": {"datetime": "2024-01-19 01:22:11", "elapsed": 4263.450521, "delta": 0.004656}}
{"target": -13.75624594248908, "params": {"gamma": 567.4465804653478, "log10_alpha": 0.6190932317863069, "log10_colsample_bytree": -0.9698600550257338, "log10_eta": -2.0529913976067427, "log10_lambda": -1.2780399265778657, "log10_min_child_weight": 0.4962584233210865, "log10_subsample": -0.410743746876847, "max_depth": 9.0, "num_boost_round": 13.0}, "datetime": {"datetime": "2024-01-19 01:22:11", "elapsed": 4263.45506, "delta": 0.004539}}
{"target": -13.75617551425195, "params": {"gamma": 567.4465804653478, "log10_alpha": 0.6190932317863069, "log10_colsample_bytree": -0.9698600550257338, "log10_eta": -2.0529913976067427, "log10_lambda": -1.2780399265778657, "log10_min_child_weight": 0.4962584233210865, "log10_subsample": -0.410743746876847, "max_depth": 9.0, "num_boost_round": 14.0}, "datetime": {"datetime": "2024-01-19 01:22:11", "elapsed": 4263.45953, "delta": 0.00447}}
{"target": -13.756052018305775, "params": {"gamma": 567.4465804653478, "log10_alpha": 0.6190932317863069, "log10_colsample_bytree": -0.9698600550257338, "log10_eta": -2.0529913976067427, "log10_lambda": -1.2780399265778657, "log10_min_child_weight": 0.4962584233210865, "log10_subsample": -0.410743746876847, "max_depth": 9.0, "num_boost_round": 15.0}, "datetime": {"datetime": "2024-01-19 01:22:11", "elapsed": 4263.463957, "delta": 0.004427}}
{"target": -13.756010434829772, "params": {"gamma": 567.4465804653478, "log10_alpha": 0.6190932317863069, "log10_colsample_bytree": -0.9698600550257338, "log10_eta": -2.0529913976067427, "log10_lambda": -1.2780399265778657, "log10_min_child_weight": 0.4962584233210865, "log10_subsample": -0.410743746876847, "max_depth": 9.0, "num_boost_round": 16.0}, "datetime": {"datetime": "2024-01-19 01:22:11", "elapsed": 4263.468519, "delta": 0.004562}}
{"target": -13.755840916425036, "params": {"gamma": 567.4465804653478, "log10_alpha": 0.6190932317863069, "log10_colsample_bytree": -0.9698600550257338, "log10_eta": -2.0529913976067427, "log10_lambda": -1.2780399265778657, "log10_min_child_weight": 0.4962584233210865, "log10_subsample": -0.410743746876847, "max_depth": 9.0, "num_boost_round": 17.0}, "datetime": {"datetime": "2024-01-19 01:22:11", "elapsed": 4263.473061, "delta": 0.004542}}
{"target": -13.75552941411622, "params": {"gamma": 567.4465804653478, "log10_alpha": 0.6190932317863069, "log10_colsample_bytree": -0.9698600550257338, "log10_eta": -2.0529913976067427, "log10_lambda": -1.2780399265778657, "log10_min_child_weight": 0.4962584233210865, "log10_subsample": -0.410743746876847, "max_depth": 9.0, "num_boost_round": 18.0}, "datetime": {"datetime": "2024-01-19 01:22:11", "elapsed": 4263.477466, "delta": 0.004405}}
{"target": -13.755594086672126, "params": {"gamma": 567.4465804653478, "log10_alpha": 0.6190932317863069, "log10_colsample_bytree": -0.9698600550257338, "log10_eta": -2.0529913976067427, "log10_lambda": -1.2780399265778657, "log10_min_child_weight": 0.4962584233210865, "log10_subsample": -0.410743746876847, "max_depth": 9.0, "num_boost_round": 19.0}, "datetime": {"datetime": "2024-01-19 01:22:11", "elapsed": 4263.481934, "delta": 0.004468}}
{"target": -13.755499797635462, "params": {"gamma": 567.4465804653478, "log10_alpha": 0.6190932317863069, "log10_colsample_bytree": -0.9698600550257338, "log10_eta": -2.0529913976067427, "log10_lambda": -1.2780399265778657, "log10_min_child_weight": 0.4962584233210865, "log10_subsample": -0.410743746876847, "max_depth": 9.0, "num_boost_round": 20.0}, "datetime": {"datetime": "2024-01-19 01:22:11", "elapsed": 4263.486754, "delta": 0.00482}}
{"target": -13.754976208366319, "params": {"gamma": 567.4465804653478, "log10_alpha": 0.6190932317863069, "log10_colsample_bytree": -0.9698600550257338, "log10_eta": -2.0529913976067427, "log10_lambda": -1.2780399265778657, "log10_min_child_weight": 0.4962584233210865, "log10_subsample": -0.410743746876847, "max_depth": 9.0, "num_boost_round": 21.0}, "datetime": {"datetime": "2024-01-19 01:22:11", "elapsed": 4263.491228, "delta": 0.004474}}
{"target": -13.754813971057155, "params": {"gamma": 567.4465804653478, "log10_alpha": 0.6190932317863069, "log10_colsample_bytree": -0.9698600550257338, "log10_eta": -2.0529913976067427, "log10_lambda": -1.2780399265778657, "log10_min_child_weight": 0.4962584233210865, "log10_subsample": -0.410743746876847, "max_depth": 9.0, "num_boost_round": 22.0}, "datetime": {"datetime": "2024-01-19 01:22:11", "elapsed": 4263.495713, "delta": 0.004485}}
{"target": -13.75482920674215, "params": {"gamma": 567.4465804653478, "log10_alpha": 0.6190932317863069, "log10_colsample_bytree": -0.9698600550257338, "log10_eta": -2.0529913976067427, "log10_lambda": -1.2780399265778657, "log10_min_child_weight": 0.4962584233210865, "log10_subsample": -0.410743746876847, "max_depth": 9.0, "num_boost_round": 23.0}, "datetime": {"datetime": "2024-01-19 01:22:11", "elapsed": 4263.500211, "delta": 0.004498}}
{"target": -13.7552133491261, "params": {"gamma": 567.4465804653478, "log10_alpha": 0.6190932317863069, "log10_colsample_bytree": -0.9698600550257338, "log10_eta": -2.0529913976067427, "log10_lambda": -1.2780399265778657, "log10_min_child_weight": 0.4962584233210865, "log10_subsample": -0.410743746876847, "max_depth": 9.0, "num_boost_round": 24.0}, "datetime": {"datetime": "2024-01-19 01:22:11", "elapsed": 4263.504737, "delta": 0.004526}}
{"target": -13.755391037811027, "params": {"gamma": 567.4465804653478, "log10_alpha": 0.6190932317863069, "log10_colsample_bytree": -0.9698600550257338, "log10_eta": -2.0529913976067427, "log10_lambda": -1.2780399265778657, "log10_min_child_weight": 0.4962584233210865, "log10_subsample": -0.410743746876847, "max_depth": 9.0, "num_boost_round": 25.0}, "datetime": {"datetime": "2024-01-19 01:22:11", "elapsed": 4263.509309, "delta": 0.004572}}
{"target": -13.755222807366856, "params": {"gamma": 567.4465804653478, "log10_alpha": 0.6190932317863069, "log10_colsample_bytree": -0.9698600550257338, "log10_eta": -2.0529913976067427, "log10_lambda": -1.2780399265778657, "log10_min_child_weight": 0.4962584233210865, "log10_subsample": -0.410743746876847, "max_depth": 9.0, "num_boost_round": 26.0}, "datetime": {"datetime": "2024-01-19 01:22:11", "elapsed": 4263.513793, "delta": 0.004484}}
{"target": -13.755082552667002, "params": {"gamma": 567.4465804653478, "log10_alpha": 0.6190932317863069, "log10_colsample_bytree": -0.9698600550257338, "log10_eta": -2.0529913976067427, "log10_lambda": -1.2780399265778657, "log10_min_child_weight": 0.4962584233210865, "log10_subsample": -0.410743746876847, "max_depth": 9.0, "num_boost_round": 27.0}, "datetime": {"datetime": "2024-01-19 01:22:11", "elapsed": 4263.518205, "delta": 0.004412}}
{"target": -13.754869604176744, "params": {"gamma": 567.4465804653478, "log10_alpha": 0.6190932317863069, "log10_colsample_bytree": -0.9698600550257338, "log10_eta": -2.0529913976067427, "log10_lambda": -1.2780399265778657, "log10_min_child_weight": 0.4962584233210865, "log10_subsample": -0.410743746876847, "max_depth": 9.0, "num_boost_round": 28.0}, "datetime": {"datetime": "2024-01-19 01:22:11", "elapsed": 4263.522626, "delta": 0.004421}}
{"target": -13.7545556680223, "params": {"gamma": 567.4465804653478, "log10_alpha": 0.6190932317863069, "log10_colsample_bytree": -0.9698600550257338, "log10_eta": -2.0529913976067427, "log10_lambda": -1.2780399265778657, "log10_min_child_weight": 0.4962584233210865, "log10_subsample": -0.410743746876847, "max_depth": 9.0, "num_boost_round": 29.0}, "datetime": {"datetime": "2024-01-19 01:22:11", "elapsed": 4263.527242, "delta": 0.004616}}
{"target": -13.754779142565914, "params": {"gamma": 567.4465804653478, "log10_alpha": 0.6190932317863069, "log10_colsample_bytree": -0.9698600550257338, "log10_eta": -2.0529913976067427, "log10_lambda": -1.2780399265778657, "log10_min_child_weight": 0.4962584233210865, "log10_subsample": -0.410743746876847, "max_depth": 9.0, "num_boost_round": 30.0}, "datetime": {"datetime": "2024-01-19 01:22:11", "elapsed": 4263.531715, "delta": 0.004473}}
{"target": -13.754434348763192, "params": {"gamma": 567.4465804653478, "log10_alpha": 0.6190932317863069, "log10_colsample_bytree": -0.9698600550257338, "log10_eta": -2.0529913976067427, "log10_lambda": -1.2780399265778657, "log10_min_child_weight": 0.4962584233210865, "log10_subsample": -0.410743746876847, "max_depth": 9.0, "num_boost_round": 31.0}, "datetime": {"datetime": "2024-01-19 01:22:11", "elapsed": 4263.536139, "delta": 0.004424}}
{"target": -13.753922392712608, "params": {"gamma": 567.4465804653478, "log10_alpha": 0.6190932317863069, "log10_colsample_bytree": -0.9698600550257338, "log10_eta": -2.0529913976067427, "log10_lambda": -1.2780399265778657, "log10_min_child_weight": 0.4962584233210865, "log10_subsample": -0.410743746876847, "max_depth": 9.0, "num_boost_round": 32.0}, "datetime": {"datetime": "2024-01-19 01:22:11", "elapsed": 4263.664223, "delta": 0.128084}}
{"target": -13.75350016296066, "params": {"gamma": 567.4465804653478, "log10_alpha": 0.6190932317863069, "log10_colsample_bytree": -0.9698600550257338, "log10_eta": -2.0529913976067427, "log10_lambda": -1.2780399265778657, "log10_min_child_weight": 0.4962584233210865, "log10_subsample": -0.410743746876847, "max_depth": 9.0, "num_boost_round": 33.0}, "datetime": {"datetime": "2024-01-19 01:22:11", "elapsed": 4263.669381, "delta": 0.005158}}
{"target": -13.753304544436185, "params": {"gamma": 567.4465804653478, "log10_alpha": 0.6190932317863069, "log10_colsample_bytree": -0.9698600550257338, "log10_eta": -2.0529913976067427, "log10_lambda": -1.2780399265778657, "log10_min_child_weight": 0.4962584233210865, "log10_subsample": -0.410743746876847, "max_depth": 9.0, "num_boost_round": 34.0}, "datetime": {"datetime": "2024-01-19 01:22:11", "elapsed": 4263.674456, "delta": 0.005075}}
{"target": -13.752746225175835, "params": {"gamma": 567.4465804653478, "log10_alpha": 0.6190932317863069, "log10_colsample_bytree": -0.9698600550257338, "log10_eta": -2.0529913976067427, "log10_lambda": -1.2780399265778657, "log10_min_child_weight": 0.4962584233210865, "log10_subsample": -0.410743746876847, "max_depth": 9.0, "num_boost_round": 35.0}, "datetime": {"datetime": "2024-01-19 01:22:11", "elapsed": 4263.679227, "delta": 0.004771}}
