{"target": -17.677094235137744, "params": {"gamma": 6.415765535082607, "log10_alpha": -1.2620969615007134, "log10_colsample_bytree": -0.735795333621712, "log10_eta": -3.941845281209415, "log10_lambda": -4.737796609349123, "log10_min_child_weight": 0.7812805784431415, "log10_subsample": -0.2779518291951705, "max_depth": 7.0, "num_boost_round": 24.0}, "datetime": {"datetime": "2024-01-19 01:08:36", "elapsed": 3470.551295, "delta": 0.003127}}
{"target": -17.67708831716356, "params": {"gamma": 6.415765535082607, "log10_alpha": -1.2620969615007134, "log10_colsample_bytree": -0.735795333621712, "log10_eta": -3.941845281209415, "log10_lambda": -4.737796609349123, "log10_min_child_weight": 0.7812805784431415, "log10_subsample": -0.2779518291951705, "max_depth": 7.0, "num_boost_round": 25.0}, "datetime": {"datetime": "2024-01-19 01:08:36", "elapsed": 3470.554627, "delta": 0.003332}}
{"target": -17.677210600164717, "params": {"gamma": 56.73423245856202, "log10_alpha": 0.16286079277968835, "log10_colsample_bytree": -0.08924461306334719, "log10_eta": -3.348833576771589, "log10_lambda": -0.8397584113863106, "log10_min_child_weight": 3.205854328447046, "log10_subsample": -0.8203120246188508, "max_depth": 5.0, "num_boost_round": 0.0}, "datetime": {"datetime": "2024-01-19 01:09:15", "elapsed": 3508.824669, "delta": 38.270042}}
{"target": -17.677194965498952, "params": {"gamma": 56.73423245856202, "log10_alpha": 0.16286079277968835, "log10_colsample_bytree": -0.08924461306334719, "log10_eta": -3.348833576771589, "log10_lambda": -0.8397584113863106, "log10_min_child_weight": 3.205854328447046, "log10_subsample": -0.8203120246188508, "max_depth": 5.0, "num_boost_round": 1.0}, "datetime": {"datetime": "2024-01-19 01:09:15", "elapsed": 3508.983075, "delta": 0.158406}}
{"target": -17.677184167571305, "params": {"gamma": 56.73423245856202, "log10_alpha": 0.16286079277968835, "log10_colsample_bytree": -0.08924461306334719, "log10_eta": -3.348833576771589, "log10_lambda": -0.8397584113863106, "log10_min_child_weight": 3.205854328447046, "log10_subsample": -0.8203120246188508, "max_depth": 5.0, "num_boost_round": 2.0}, "datetime": {"datetime": "2024-01-19 01:09:15", "elapsed": 3508.987819, "delta": 0.004744}}
{"target": -17.67717792230603, "params": {"gamma": 56.73423245856202, "log10_alpha": 0.16286079277968835, "log10_colsample_bytree": -0.08924461306334719, "log10_eta": -3.348833576771589, "log10_lambda": -0.8397584113863106, "log10_min_child_weight": 3.205854328447046, "log10_subsample": -0.8203120246188508, "max_depth": 5.0, "num_boost_round": 3.0}, "datetime": {"datetime": "2024-01-19 01:09:15", "elapsed": 3508.991624, "delta": 0.003805}}
{"target": -17.67716078680236, "params": {"gamma": 56.73423245856202, "log10_alpha": 0.16286079277968835, "log10_colsample_bytree": -0.08924461306334719, "log10_eta": -3.348833576771589, "log10_lambda": -0.8397584113863106, "log10_min_child_weight": 3.205854328447046, "log10_subsample": -0.8203120246188508, "max_depth": 5.0, "num_boost_round": 4.0}, "datetime": {"datetime": "2024-01-19 01:09:15", "elapsed": 3508.995508, "delta": 0.003884}}
{"target": -17.677153622715455, "params": {"gamma": 56.73423245856202, "log10_alpha": 0.16286079277968835, "log10_colsample_bytree": -0.08924461306334719, "log10_eta": -3.348833576771589, "log10_lambda": -0.8397584113863106, "log10_min_child_weight": 3.205854328447046, "log10_subsample": -0.8203120246188508, "max_depth": 5.0, "num_boost_round": 5.0}, "datetime": {"datetime": "2024-01-19 01:09:15", "elapsed": 3508.998868, "delta": 0.00336}}
{"target": -17.677148638351373, "params": {"gamma": 56.73423245856202, "log10_alpha": 0.16286079277968835, "log10_colsample_bytree": -0.08924461306334719, "log10_eta": -3.348833576771589, "log10_lambda": -0.8397584113863106, "log10_min_child_weight": 3.205854328447046, "log10_subsample": -0.8203120246188508, "max_depth": 5.0, "num_boost_round": 6.0}, "datetime": {"datetime": "2024-01-19 01:09:15", "elapsed": 3509.002159, "delta": 0.003291}}
{"target": -17.677138503158034, "params": {"gamma": 56.73423245856202, "log10_alpha": 0.16286079277968835, "log10_colsample_bytree": -0.08924461306334719, "log10_eta": -3.348833576771589, "log10_lambda": -0.8397584113863106, "log10_min_child_weight": 3.205854328447046, "log10_subsample": -0.8203120246188508, "max_depth": 5.0, "num_boost_round": 7.0}, "datetime": {"datetime": "2024-01-19 01:09:15", "elapsed": 3509.006509, "delta": 0.00435}}
{"target": -17.677114096324964, "params": {"gamma": 56.73423245856202, "log10_alpha": 0.16286079277968835, "log10_colsample_bytree": -0.08924461306334719, "log10_eta": -3.348833576771589, "log10_lambda": -0.8397584113863106, "log10_min_child_weight": 3.205854328447046, "log10_subsample": -0.8203120246188508, "max_depth": 5.0, "num_boost_round": 8.0}, "datetime": {"datetime": "2024-01-19 01:09:15", "elapsed": 3509.01022, "delta": 0.003711}}
{"target": -17.677091229948008, "params": {"gamma": 56.73423245856202, "log10_alpha": 0.16286079277968835, "log10_colsample_bytree": -0.08924461306334719, "log10_eta": -3.348833576771589, "log10_lambda": -0.8397584113863106, "log10_min_child_weight": 3.205854328447046, "log10_subsample": -0.8203120246188508, "max_depth": 5.0, "num_boost_round": 9.0}, "datetime": {"datetime": "2024-01-19 01:09:15", "elapsed": 3509.013563, "delta": 0.003343}}
{"target": -17.677069794581524, "params": {"gamma": 56.73423245856202, "log10_alpha": 0.16286079277968835, "log10_colsample_bytree": -0.08924461306334719, "log10_eta": -3.348833576771589, "log10_lambda": -0.8397584113863106, "log10_min_child_weight": 3.205854328447046, "log10_subsample": -0.8203120246188508, "max_depth": 5.0, "num_boost_round": 10.0}, "datetime": {"datetime": "2024-01-19 01:09:15", "elapsed": 3509.01743, "delta": 0.003867}}
{"target": -17.67723183209355, "params": {"gamma": 42.91108335269011, "log10_alpha": -1.99075150342793, "log10_colsample_bytree": -0.7136635721790482, "log10_eta": -3.654781602389478, "log10_lambda": 0.1928044639805373, "log10_min_child_weight": 4.69777081155737, "log10_subsample": -0.492477293889258, "max_depth": 4.0, "num_boost_round": 0.0}, "datetime": {"datetime": "2024-01-19 01:10:31", "elapsed": 3584.876612, "delta": 75.859182}}
{"target": -17.67722991975301, "params": {"gamma": 42.91108335269011, "log10_alpha": -1.99075150342793, "log10_colsample_bytree": -0.7136635721790482, "log10_eta": -3.654781602389478, "log10_lambda": 0.1928044639805373, "log10_min_child_weight": 4.69777081155737, "log10_subsample": -0.492477293889258, "max_depth": 4.0, "num_boost_round": 1.0}, "datetime": {"datetime": "2024-01-19 01:10:31", "elapsed": 3584.88114, "delta": 0.004528}}
{"target": -17.67722929511995, "params": {"gamma": 42.91108335269011, "log10_alpha": -1.99075150342793, "log10_colsample_bytree": -0.7136635721790482, "log10_eta": -3.654781602389478, "log10_lambda": 0.1928044639805373, "log10_min_child_weight": 4.69777081155737, "log10_subsample": -0.492477293889258, "max_depth": 4.0, "num_boost_round": 2.0}, "datetime": {"datetime": "2024-01-19 01:10:31", "elapsed": 3584.884713, "delta": 0.003573}}
{"target": -17.677227591450663, "params": {"gamma": 42.91108335269011, "log10_alpha": -1.99075150342793, "log10_colsample_bytree": -0.7136635721790482, "log10_eta": -3.654781602389478, "log10_lambda": 0.1928044639805373, "log10_min_child_weight": 4.69777081155737, "log10_subsample": -0.492477293889258, "max_depth": 4.0, "num_boost_round": 3.0}, "datetime": {"datetime": "2024-01-19 01:10:31", "elapsed": 3584.888328, "delta": 0.003615}}
{"target": -17.677226116486136, "params": {"gamma": 42.91108335269011, "log10_alpha": -1.99075150342793, "log10_colsample_bytree": -0.7136635721790482, "log10_eta": -3.654781602389478, "log10_lambda": 0.1928044639805373, "log10_min_child_weight": 4.69777081155737, "log10_subsample": -0.492477293889258, "max_depth": 4.0, "num_boost_round": 4.0}, "datetime": {"datetime": "2024-01-19 01:10:31", "elapsed": 3584.891868, "delta": 0.00354}}
{"target": -17.67722474360641, "params": {"gamma": 42.91108335269011, "log10_alpha": -1.99075150342793, "log10_colsample_bytree": -0.7136635721790482, "log10_eta": -3.654781602389478, "log10_lambda": 0.1928044639805373, "log10_min_child_weight": 4.69777081155737, "log10_subsample": -0.492477293889258, "max_depth": 4.0, "num_boost_round": 5.0}, "datetime": {"datetime": "2024-01-19 01:10:31", "elapsed": 3584.895401, "delta": 0.003533}}
{"target": -17.677224520975425, "params": {"gamma": 42.91108335269011, "log10_alpha": -1.99075150342793, "log10_colsample_bytree": -0.7136635721790482, "log10_eta": -3.654781602389478, "log10_lambda": 0.1928044639805373, "log10_min_child_weight": 4.69777081155737, "log10_subsample": -0.492477293889258, "max_depth": 4.0, "num_boost_round": 6.0}, "datetime": {"datetime": "2024-01-19 01:10:31", "elapsed": 3584.898868, "delta": 0.003467}}
{"target": -17.677222444475102, "params": {"gamma": 42.91108335269011, "log10_alpha": -1.99075150342793, "log10_colsample_bytree": -0.7136635721790482, "log10_eta": -3.654781602389478, "log10_lambda": 0.1928044639805373, "log10_min_child_weight": 4.69777081155737, "log10_subsample": -0.492477293889258, "max_depth": 4.0, "num_boost_round": 7.0}, "datetime": {"datetime": "2024-01-19 01:10:31", "elapsed": 3584.902282, "delta": 0.003414}}
{"target": -17.67721985292, "params": {"gamma": 42.91108335269011, "log10_alpha": -1.99075150342793, "log10_colsample_bytree": -0.7136635721790482, "log10_eta": -3.654781602389478, "log10_lambda": 0.1928044639805373, "log10_min_child_weight": 4.69777081155737, "log10_subsample": -0.492477293889258, "max_depth": 4.0, "num_boost_round": 8.0}, "datetime": {"datetime": "2024-01-19 01:10:31", "elapsed": 3584.905918, "delta": 0.003636}}
{"target": -17.677219061364458, "params": {"gamma": 42.91108335269011, "log10_alpha": -1.99075150342793, "log10_colsample_bytree": -0.7136635721790482, "log10_eta": -3.654781602389478, "log10_lambda": 0.1928044639805373, "log10_min_child_weight": 4.69777081155737, "log10_subsample": -0.492477293889258, "max_depth": 4.0, "num_boost_round": 9.0}, "datetime": {"datetime": "2024-01-19 01:10:31", "elapsed": 3584.909417, "delta": 0.003499}}
{"target": -17.677219095077007, "params": {"gamma": 42.91108335269011, "log10_alpha": -1.99075150342793, "log10_colsample_bytree": -0.7136635721790482, "log10_eta": -3.654781602389478, "log10_lambda": 0.1928044639805373, "log10_min_child_weight": 4.69777081155737, "log10_subsample": -0.492477293889258, "max_depth": 4.0, "num_boost_round": 10.0}, "datetime": {"datetime": "2024-01-19 01:10:31", "elapsed": 3584.912919, "delta": 0.003502}}
{"target": -17.67721667933937, "params": {"gamma": 42.91108335269011, "log10_alpha": -1.99075150342793, "log10_colsample_bytree": -0.7136635721790482, "log10_eta": -3.654781602389478, "log10_lambda": 0.1928044639805373, "log10_min_child_weight": 4.69777081155737, "log10_subsample": -0.492477293889258, "max_depth": 4.0, "num_boost_round": 11.0}, "datetime": {"datetime": "2024-01-19 01:10:31", "elapsed": 3584.916544, "delta": 0.003625}}
{"target": -17.67721526863028, "params": {"gamma": 42.91108335269011, "log10_alpha": -1.99075150342793, "log10_colsample_bytree": -0.7136635721790482, "log10_eta": -3.654781602389478, "log10_lambda": 0.1928044639805373, "log10_min_child_weight": 4.69777081155737, "log10_subsample": -0.492477293889258, "max_depth": 4.0, "num_boost_round": 12.0}, "datetime": {"datetime": "2024-01-19 01:10:31", "elapsed": 3584.920067, "delta": 0.003523}}
{"target": -17.677215765320376, "params": {"gamma": 42.91108335269011, "log10_alpha": -1.99075150342793, "log10_colsample_bytree": -0.7136635721790482, "log10_eta": -3.654781602389478, "log10_lambda": 0.1928044639805373, "log10_min_child_weight": 4.69777081155737, "log10_subsample": -0.492477293889258, "max_depth": 4.0, "num_boost_round": 13.0}, "datetime": {"datetime": "2024-01-19 01:10:31", "elapsed": 3584.923537, "delta": 0.00347}}
{"target": -17.67721583332825, "params": {"gamma": 42.91108335269011, "log10_alpha": -1.99075150342793, "log10_colsample_bytree": -0.7136635721790482, "log10_eta": -3.654781602389478, "log10_lambda": 0.1928044639805373, "log10_min_child_weight": 4.69777081155737, "log10_subsample": -0.492477293889258, "max_depth": 4.0, "num_boost_round": 14.0}, "datetime": {"datetime": "2024-01-19 01:10:31", "elapsed": 3584.927154, "delta": 0.003617}}
{"target": -17.677213406241602, "params": {"gamma": 42.91108335269011, "log10_alpha": -1.99075150342793, "log10_colsample_bytree": -0.7136635721790482, "log10_eta": -3.654781602389478, "log10_lambda": 0.1928044639805373, "log10_min_child_weight": 4.69777081155737, "log10_subsample": -0.492477293889258, "max_depth": 4.0, "num_boost_round": 15.0}, "datetime": {"datetime": "2024-01-19 01:10:31", "elapsed": 3584.930565, "delta": 0.003411}}
{"target": -17.677210725267464, "params": {"gamma": 42.91108335269011, "log10_alpha": -1.99075150342793, "log10_colsample_bytree": -0.7136635721790482, "log10_eta": -3.654781602389478, "log10_lambda": 0.1928044639805373, "log10_min_child_weight": 4.69777081155737, "log10_subsample": -0.492477293889258, "max_depth": 4.0, "num_boost_round": 16.0}, "datetime": {"datetime": "2024-01-19 01:10:31", "elapsed": 3584.934161, "delta": 0.003596}}
{"target": -17.677207992116173, "params": {"gamma": 42.91108335269011, "log10_alpha": -1.99075150342793, "log10_colsample_bytree": -0.7136635721790482, "log10_eta": -3.654781602389478, "log10_lambda": 0.1928044639805373, "log10_min_child_weight": 4.69777081155737, "log10_subsample": -0.492477293889258, "max_depth": 4.0, "num_boost_round": 17.0}, "datetime": {"datetime": "2024-01-19 01:10:31", "elapsed": 3584.937692, "delta": 0.003531}}
{"target": -17.677204675539716, "params": {"gamma": 42.91108335269011, "log10_alpha": -1.99075150342793, "log10_colsample_bytree": -0.7136635721790482, "log10_eta": -3.654781602389478, "log10_lambda": 0.1928044639805373, "log10_min_child_weight": 4.69777081155737, "log10_subsample": -0.492477293889258, "max_depth": 4.0, "num_boost_round": 18.0}, "datetime": {"datetime": "2024-01-19 01:10:31", "elapsed": 3584.941103, "delta": 0.003411}}
{"target": -17.67720285168908, "params": {"gamma": 42.91108335269011, "log10_alpha": -1.99075150342793, "log10_colsample_bytree": -0.7136635721790482, "log10_eta": -3.654781602389478, "log10_lambda": 0.1928044639805373, "log10_min_child_weight": 4.69777081155737, "log10_subsample": -0.492477293889258, "max_depth": 4.0, "num_boost_round": 19.0}, "datetime": {"datetime": "2024-01-19 01:10:31", "elapsed": 3584.944573, "delta": 0.00347}}
{"target": -17.677203568968725, "params": {"gamma": 42.91108335269011, "log10_alpha": -1.99075150342793, "log10_colsample_bytree": -0.7136635721790482, "log10_eta": -3.654781602389478, "log10_lambda": 0.1928044639805373, "log10_min_child_weight": 4.69777081155737, "log10_subsample": -0.492477293889258, "max_depth": 4.0, "num_boost_round": 20.0}, "datetime": {"datetime": "2024-01-19 01:10:31", "elapsed": 3584.948138, "delta": 0.003565}}
{"target": -17.677202138139755, "params": {"gamma": 42.91108335269011, "log10_alpha": -1.99075150342793, "log10_colsample_bytree": -0.7136635721790482, "log10_eta": -3.654781602389478, "log10_lambda": 0.1928044639805373, "log10_min_child_weight": 4.69777081155737, "log10_subsample": -0.492477293889258, "max_depth": 4.0, "num_boost_round": 21.0}, "datetime": {"datetime": "2024-01-19 01:10:31", "elapsed": 3584.95183, "delta": 0.003692}}
{"target": -17.677198221085092, "params": {"gamma": 42.91108335269011, "log10_alpha": -1.99075150342793, "log10_colsample_bytree": -0.7136635721790482, "log10_eta": -3.654781602389478, "log10_lambda": 0.1928044639805373, "log10_min_child_weight": 4.69777081155737, "log10_subsample": -0.492477293889258, "max_depth": 4.0, "num_boost_round": 22.0}, "datetime": {"datetime": "2024-01-19 01:10:31", "elapsed": 3584.955307, "delta": 0.003477}}
{"target": -17.677195248829598, "params": {"gamma": 42.91108335269011, "log10_alpha": -1.99075150342793, "log10_colsample_bytree": -0.7136635721790482, "log10_eta": -3.654781602389478, "log10_lambda": 0.1928044639805373, "log10_min_child_weight": 4.69777081155737, "log10_subsample": -0.492477293889258, "max_depth": 4.0, "num_boost_round": 23.0}, "datetime": {"datetime": "2024-01-19 01:10:31", "elapsed": 3584.958892, "delta": 0.003585}}
{"target": -17.677194394568833, "params": {"gamma": 42.91108335269011, "log10_alpha": -1.99075150342793, "log10_colsample_bytree": -0.7136635721790482, "log10_eta": -3.654781602389478, "log10_lambda": 0.1928044639805373, "log10_min_child_weight": 4.69777081155737, "log10_subsample": -0.492477293889258, "max_depth": 4.0, "num_boost_round": 24.0}, "datetime": {"datetime": "2024-01-19 01:10:31", "elapsed": 3584.96234, "delta": 0.003448}}
{"target": -17.677192538694317, "params": {"gamma": 42.91108335269011, "log10_alpha": -1.99075150342793, "log10_colsample_bytree": -0.7136635721790482, "log10_eta": -3.654781602389478, "log10_lambda": 0.1928044639805373, "log10_min_child_weight": 4.69777081155737, "log10_subsample": -0.492477293889258, "max_depth": 4.0, "num_boost_round": 25.0}, "datetime": {"datetime": "2024-01-19 01:10:31", "elapsed": 3584.965992, "delta": 0.003652}}
{"target": -17.677192423083994, "params": {"gamma": 42.91108335269011, "log10_alpha": -1.99075150342793, "log10_colsample_bytree": -0.7136635721790482, "log10_eta": -3.654781602389478, "log10_lambda": 0.1928044639805373, "log10_min_child_weight": 4.69777081155737, "log10_subsample": -0.492477293889258, "max_depth": 4.0, "num_boost_round": 26.0}, "datetime": {"datetime": "2024-01-19 01:10:31", "elapsed": 3584.969592, "delta": 0.0036}}
{"target": -17.67719002706035, "params": {"gamma": 42.91108335269011, "log10_alpha": -1.99075150342793, "log10_colsample_bytree": -0.7136635721790482, "log10_eta": -3.654781602389478, "log10_lambda": 0.1928044639805373, "log10_min_child_weight": 4.69777081155737, "log10_subsample": -0.492477293889258, "max_depth": 4.0, "num_boost_round": 27.0}, "datetime": {"datetime": "2024-01-19 01:10:31", "elapsed": 3584.9731, "delta": 0.003508}}
{"target": -17.677187070658114, "params": {"gamma": 42.91108335269011, "log10_alpha": -1.99075150342793, "log10_colsample_bytree": -0.7136635721790482, "log10_eta": -3.654781602389478, "log10_lambda": 0.1928044639805373, "log10_min_child_weight": 4.69777081155737, "log10_subsample": -0.492477293889258, "max_depth": 4.0, "num_boost_round": 28.0}, "datetime": {"datetime": "2024-01-19 01:10:31", "elapsed": 3584.976638, "delta": 0.003538}}
{"target": -17.677185415667786, "params": {"gamma": 42.91108335269011, "log10_alpha": -1.99075150342793, "log10_colsample_bytree": -0.7136635721790482, "log10_eta": -3.654781602389478, "log10_lambda": 0.1928044639805373, "log10_min_child_weight": 4.69777081155737, "log10_subsample": -0.492477293889258, "max_depth": 4.0, "num_boost_round": 29.0}, "datetime": {"datetime": "2024-01-19 01:10:31", "elapsed": 3584.980099, "delta": 0.003461}}
{"target": -17.67718341160492, "params": {"gamma": 42.91108335269011, "log10_alpha": -1.99075150342793, "log10_colsample_bytree": -0.7136635721790482, "log10_eta": -3.654781602389478, "log10_lambda": 0.1928044639805373, "log10_min_child_weight": 4.69777081155737, "log10_subsample": -0.492477293889258, "max_depth": 4.0, "num_boost_round": 30.0}, "datetime": {"datetime": "2024-01-19 01:10:31", "elapsed": 3584.983523, "delta": 0.003424}}
{"target": -17.67718201087028, "params": {"gamma": 42.91108335269011, "log10_alpha": -1.99075150342793, "log10_colsample_bytree": -0.7136635721790482, "log10_eta": -3.654781602389478, "log10_lambda": 0.1928044639805373, "log10_min_child_weight": 4.69777081155737, "log10_subsample": -0.492477293889258, "max_depth": 4.0, "num_boost_round": 31.0}, "datetime": {"datetime": "2024-01-19 01:10:31", "elapsed": 3584.987122, "delta": 0.003599}}
{"target": -17.677179228387445, "params": {"gamma": 42.91108335269011, "log10_alpha": -1.99075150342793, "log10_colsample_bytree": -0.7136635721790482, "log10_eta": -3.654781602389478, "log10_lambda": 0.1928044639805373, "log10_min_child_weight": 4.69777081155737, "log10_subsample": -0.492477293889258, "max_depth": 4.0, "num_boost_round": 32.0}, "datetime": {"datetime": "2024-01-19 01:10:31", "elapsed": 3584.990509, "delta": 0.003387}}
{"target": -17.677178286429815, "params": {"gamma": 42.91108335269011, "log10_alpha": -1.99075150342793, "log10_colsample_bytree": -0.7136635721790482, "log10_eta": -3.654781602389478, "log10_lambda": 0.1928044639805373, "log10_min_child_weight": 4.69777081155737, "log10_subsample": -0.492477293889258, "max_depth": 4.0, "num_boost_round": 33.0}, "datetime": {"datetime": "2024-01-19 01:10:31", "elapsed": 3584.994235, "delta": 0.003726}}
{"target": -17.677175580237076, "params": {"gamma": 42.91108335269011, "log10_alpha": -1.99075150342793, "log10_colsample_bytree": -0.7136635721790482, "log10_eta": -3.654781602389478, "log10_lambda": 0.1928044639805373, "log10_min_child_weight": 4.69777081155737, "log10_subsample": -0.492477293889258, "max_depth": 4.0, "num_boost_round": 34.0}, "datetime": {"datetime": "2024-01-19 01:10:31", "elapsed": 3584.997897, "delta": 0.003662}}
{"target": -17.677175927090044, "params": {"gamma": 42.91108335269011, "log10_alpha": -1.99075150342793, "log10_colsample_bytree": -0.7136635721790482, "log10_eta": -3.654781602389478, "log10_lambda": 0.1928044639805373, "log10_min_child_weight": 4.69777081155737, "log10_subsample": -0.492477293889258, "max_depth": 4.0, "num_boost_round": 35.0}, "datetime": {"datetime": "2024-01-19 01:10:31", "elapsed": 3585.001308, "delta": 0.003411}}
