{"target": -13.75853839061002, "params": {"gamma": 976.8717197425052, "log10_alpha": 0.18596737816985076, "log10_colsample_bytree": -0.5825694397131737, "log10_eta": -3.8987869537510496, "log10_lambda": -1.9193424889930393, "log10_min_child_weight": 4.269484888792788, "log10_subsample": -0.1948658220166939, "max_depth": 4.0, "num_boost_round": 8.0}, "datetime": {"datetime": "2024-01-19 00:27:22", "elapsed": 943.196643, "delta": 0.00144}}
{"target": -13.758537667254467, "params": {"gamma": 976.8717197425052, "log10_alpha": 0.18596737816985076, "log10_colsample_bytree": -0.5825694397131737, "log10_eta": -3.8987869537510496, "log10_lambda": -1.9193424889930393, "log10_min_child_weight": 4.269484888792788, "log10_subsample": -0.1948658220166939, "max_depth": 4.0, "num_boost_round": 9.0}, "datetime": {"datetime": "2024-01-19 00:27:22", "elapsed": 943.19816, "delta": 0.001517}}
{"target": -13.758536321378593, "params": {"gamma": 976.8717197425052, "log10_alpha": 0.18596737816985076, "log10_colsample_bytree": -0.5825694397131737, "log10_eta": -3.8987869537510496, "log10_lambda": -1.9193424889930393, "log10_min_child_weight": 4.269484888792788, "log10_subsample": -0.1948658220166939, "max_depth": 4.0, "num_boost_round": 10.0}, "datetime": {"datetime": "2024-01-19 00:27:22", "elapsed": 943.199595, "delta": 0.001435}}
{"target": -13.758535228083833, "params": {"gamma": 976.8717197425052, "log10_alpha": 0.18596737816985076, "log10_colsample_bytree": -0.5825694397131737, "log10_eta": -3.8987869537510496, "log10_lambda": -1.9193424889930393, "log10_min_child_weight": 4.269484888792788, "log10_subsample": -0.1948658220166939, "max_depth": 4.0, "num_boost_round": 11.0}, "datetime": {"datetime": "2024-01-19 00:27:22", "elapsed": 943.201048, "delta": 0.001453}}
{"target": -13.758535656427778, "params": {"gamma": 976.8717197425052, "log10_alpha": 0.18596737816985076, "log10_colsample_bytree": -0.5825694397131737, "log10_eta": -3.8987869537510496, "log10_lambda": -1.9193424889930393, "log10_min_child_weight": 4.269484888792788, "log10_subsample": -0.1948658220166939, "max_depth": 4.0, "num_boost_round": 12.0}, "datetime": {"datetime": "2024-01-19 00:27:22", "elapsed": 943.202498, "delta": 0.00145}}
{"target": -13.758533777351293, "params": {"gamma": 976.8717197425052, "log10_alpha": 0.18596737816985076, "log10_colsample_bytree": -0.5825694397131737, "log10_eta": -3.8987869537510496, "log10_lambda": -1.9193424889930393, "log10_min_child_weight": 4.269484888792788, "log10_subsample": -0.1948658220166939, "max_depth": 4.0, "num_boost_round": 13.0}, "datetime": {"datetime": "2024-01-19 00:27:22", "elapsed": 943.203952, "delta": 0.001454}}
{"target": -13.758533260342848, "params": {"gamma": 976.8717197425052, "log10_alpha": 0.18596737816985076, "log10_colsample_bytree": -0.5825694397131737, "log10_eta": -3.8987869537510496, "log10_lambda": -1.9193424889930393, "log10_min_child_weight": 4.269484888792788, "log10_subsample": -0.1948658220166939, "max_depth": 4.0, "num_boost_round": 14.0}, "datetime": {"datetime": "2024-01-19 00:27:22", "elapsed": 943.20539, "delta": 0.001438}}
{"target": -13.758532331137975, "params": {"gamma": 976.8717197425052, "log10_alpha": 0.18596737816985076, "log10_colsample_bytree": -0.5825694397131737, "log10_eta": -3.8987869537510496, "log10_lambda": -1.9193424889930393, "log10_min_child_weight": 4.269484888792788, "log10_subsample": -0.1948658220166939, "max_depth": 4.0, "num_boost_round": 15.0}, "datetime": {"datetime": "2024-01-19 00:27:22", "elapsed": 943.206983, "delta": 0.001593}}
{"target": -13.758531799263178, "params": {"gamma": 976.8717197425052, "log10_alpha": 0.18596737816985076, "log10_colsample_bytree": -0.5825694397131737, "log10_eta": -3.8987869537510496, "log10_lambda": -1.9193424889930393, "log10_min_child_weight": 4.269484888792788, "log10_subsample": -0.1948658220166939, "max_depth": 4.0, "num_boost_round": 16.0}, "datetime": {"datetime": "2024-01-19 00:27:22", "elapsed": 943.2086, "delta": 0.001617}}
{"target": -13.758532458061387, "params": {"gamma": 976.8717197425052, "log10_alpha": 0.18596737816985076, "log10_colsample_bytree": -0.5825694397131737, "log10_eta": -3.8987869537510496, "log10_lambda": -1.9193424889930393, "log10_min_child_weight": 4.269484888792788, "log10_subsample": -0.1948658220166939, "max_depth": 4.0, "num_boost_round": 17.0}, "datetime": {"datetime": "2024-01-19 00:27:22", "elapsed": 943.210134, "delta": 0.001534}}
{"target": -13.758531221402412, "params": {"gamma": 976.8717197425052, "log10_alpha": 0.18596737816985076, "log10_colsample_bytree": -0.5825694397131737, "log10_eta": -3.8987869537510496, "log10_lambda": -1.9193424889930393, "log10_min_child_weight": 4.269484888792788, "log10_subsample": -0.1948658220166939, "max_depth": 4.0, "num_boost_round": 18.0}, "datetime": {"datetime": "2024-01-19 00:27:22", "elapsed": 943.211606, "delta": 0.001472}}
{"target": -13.75853139289709, "params": {"gamma": 976.8717197425052, "log10_alpha": 0.18596737816985076, "log10_colsample_bytree": -0.5825694397131737, "log10_eta": -3.8987869537510496, "log10_lambda": -1.9193424889930393, "log10_min_child_weight": 4.269484888792788, "log10_subsample": -0.1948658220166939, "max_depth": 4.0, "num_boost_round": 19.0}, "datetime": {"datetime": "2024-01-19 00:27:22", "elapsed": 943.213078, "delta": 0.001472}}
{"target": -13.758532965386468, "params": {"gamma": 976.8717197425052, "log10_alpha": 0.18596737816985076, "log10_colsample_bytree": -0.5825694397131737, "log10_eta": -3.8987869537510496, "log10_lambda": -1.9193424889930393, "log10_min_child_weight": 4.269484888792788, "log10_subsample": -0.1948658220166939, "max_depth": 4.0, "num_boost_round": 20.0}, "datetime": {"datetime": "2024-01-19 00:27:22", "elapsed": 943.214547, "delta": 0.001469}}
{"target": -13.75853448985411, "params": {"gamma": 976.8717197425052, "log10_alpha": 0.18596737816985076, "log10_colsample_bytree": -0.5825694397131737, "log10_eta": -3.8987869537510496, "log10_lambda": -1.9193424889930393, "log10_min_child_weight": 4.269484888792788, "log10_subsample": -0.1948658220166939, "max_depth": 4.0, "num_boost_round": 21.0}, "datetime": {"datetime": "2024-01-19 00:27:22", "elapsed": 943.216033, "delta": 0.001486}}
{"target": -13.758535949859958, "params": {"gamma": 976.8717197425052, "log10_alpha": 0.18596737816985076, "log10_colsample_bytree": -0.5825694397131737, "log10_eta": -3.8987869537510496, "log10_lambda": -1.9193424889930393, "log10_min_child_weight": 4.269484888792788, "log10_subsample": -0.1948658220166939, "max_depth": 4.0, "num_boost_round": 22.0}, "datetime": {"datetime": "2024-01-19 00:27:22", "elapsed": 943.217568, "delta": 0.001535}}
{"target": -13.75853578866552, "params": {"gamma": 976.8717197425052, "log10_alpha": 0.18596737816985076, "log10_colsample_bytree": -0.5825694397131737, "log10_eta": -3.8987869537510496, "log10_lambda": -1.9193424889930393, "log10_min_child_weight": 4.269484888792788, "log10_subsample": -0.1948658220166939, "max_depth": 4.0, "num_boost_round": 23.0}, "datetime": {"datetime": "2024-01-19 00:27:22", "elapsed": 943.219047, "delta": 0.001479}}
{"target": -13.758536457941291, "params": {"gamma": 976.8717197425052, "log10_alpha": 0.18596737816985076, "log10_colsample_bytree": -0.5825694397131737, "log10_eta": -3.8987869537510496, "log10_lambda": -1.9193424889930393, "log10_min_child_weight": 4.269484888792788, "log10_subsample": -0.1948658220166939, "max_depth": 4.0, "num_boost_round": 24.0}, "datetime": {"datetime": "2024-01-19 00:27:22", "elapsed": 943.220522, "delta": 0.001475}}
{"target": -13.758536696452504, "params": {"gamma": 976.8717197425052, "log10_alpha": 0.18596737816985076, "log10_colsample_bytree": -0.5825694397131737, "log10_eta": -3.8987869537510496, "log10_lambda": -1.9193424889930393, "log10_min_child_weight": 4.269484888792788, "log10_subsample": -0.1948658220166939, "max_depth": 4.0, "num_boost_round": 25.0}, "datetime": {"datetime": "2024-01-19 00:27:22", "elapsed": 943.221993, "delta": 0.001471}}
{"target": -13.758536001553447, "params": {"gamma": 976.8717197425052, "log10_alpha": 0.18596737816985076, "log10_colsample_bytree": -0.5825694397131737, "log10_eta": -3.8987869537510496, "log10_lambda": -1.9193424889930393, "log10_min_child_weight": 4.269484888792788, "log10_subsample": -0.1948658220166939, "max_depth": 4.0, "num_boost_round": 26.0}, "datetime": {"datetime": "2024-01-19 00:27:22", "elapsed": 943.223476, "delta": 0.001483}}
{"target": -13.758533946135067, "params": {"gamma": 976.8717197425052, "log10_alpha": 0.18596737816985076, "log10_colsample_bytree": -0.5825694397131737, "log10_eta": -3.8987869537510496, "log10_lambda": -1.9193424889930393, "log10_min_child_weight": 4.269484888792788, "log10_subsample": -0.1948658220166939, "max_depth": 4.0, "num_boost_round": 27.0}, "datetime": {"datetime": "2024-01-19 00:27:22", "elapsed": 943.224965, "delta": 0.001489}}
{"target": -13.75853272786155, "params": {"gamma": 976.8717197425052, "log10_alpha": 0.18596737816985076, "log10_colsample_bytree": -0.5825694397131737, "log10_eta": -3.8987869537510496, "log10_lambda": -1.9193424889930393, "log10_min_child_weight": 4.269484888792788, "log10_subsample": -0.1948658220166939, "max_depth": 4.0, "num_boost_round": 28.0}, "datetime": {"datetime": "2024-01-19 00:27:22", "elapsed": 943.226517, "delta": 0.001552}}
{"target": -13.758532691534546, "params": {"gamma": 976.8717197425052, "log10_alpha": 0.18596737816985076, "log10_colsample_bytree": -0.5825694397131737, "log10_eta": -3.8987869537510496, "log10_lambda": -1.9193424889930393, "log10_min_child_weight": 4.269484888792788, "log10_subsample": -0.1948658220166939, "max_depth": 4.0, "num_boost_round": 29.0}, "datetime": {"datetime": "2024-01-19 00:27:22", "elapsed": 943.228058, "delta": 0.001541}}
{"target": -13.758530431823171, "params": {"gamma": 976.8717197425052, "log10_alpha": 0.18596737816985076, "log10_colsample_bytree": -0.5825694397131737, "log10_eta": -3.8987869537510496, "log10_lambda": -1.9193424889930393, "log10_min_child_weight": 4.269484888792788, "log10_subsample": -0.1948658220166939, "max_depth": 4.0, "num_boost_round": 30.0}, "datetime": {"datetime": "2024-01-19 00:27:22", "elapsed": 943.229541, "delta": 0.001483}}
{"target": -13.758530101250157, "params": {"gamma": 976.8717197425052, "log10_alpha": 0.18596737816985076, "log10_colsample_bytree": -0.5825694397131737, "log10_eta": -3.8987869537510496, "log10_lambda": -1.9193424889930393, "log10_min_child_weight": 4.269484888792788, "log10_subsample": -0.1948658220166939, "max_depth": 4.0, "num_boost_round": 31.0}, "datetime": {"datetime": "2024-01-19 00:27:22", "elapsed": 943.231037, "delta": 0.001496}}
{"target": -13.758530833475593, "params": {"gamma": 976.8717197425052, "log10_alpha": 0.18596737816985076, "log10_colsample_bytree": -0.5825694397131737, "log10_eta": -3.8987869537510496, "log10_lambda": -1.9193424889930393, "log10_min_child_weight": 4.269484888792788, "log10_subsample": -0.1948658220166939, "max_depth": 4.0, "num_boost_round": 32.0}, "datetime": {"datetime": "2024-01-19 00:27:22", "elapsed": 943.232529, "delta": 0.001492}}
{"target": -13.758529938552552, "params": {"gamma": 976.8717197425052, "log10_alpha": 0.18596737816985076, "log10_colsample_bytree": -0.5825694397131737, "log10_eta": -3.8987869537510496, "log10_lambda": -1.9193424889930393, "log10_min_child_weight": 4.269484888792788, "log10_subsample": -0.1948658220166939, "max_depth": 4.0, "num_boost_round": 33.0}, "datetime": {"datetime": "2024-01-19 00:27:22", "elapsed": 943.23403, "delta": 0.001501}}
{"target": -13.758531760275458, "params": {"gamma": 976.8717197425052, "log10_alpha": 0.18596737816985076, "log10_colsample_bytree": -0.5825694397131737, "log10_eta": -3.8987869537510496, "log10_lambda": -1.9193424889930393, "log10_min_child_weight": 4.269484888792788, "log10_subsample": -0.1948658220166939, "max_depth": 4.0, "num_boost_round": 34.0}, "datetime": {"datetime": "2024-01-19 00:27:22", "elapsed": 943.235513, "delta": 0.001483}}
{"target": -13.75853211701847, "params": {"gamma": 976.8717197425052, "log10_alpha": 0.18596737816985076, "log10_colsample_bytree": -0.5825694397131737, "log10_eta": -3.8987869537510496, "log10_lambda": -1.9193424889930393, "log10_min_child_weight": 4.269484888792788, "log10_subsample": -0.1948658220166939, "max_depth": 4.0, "num_boost_round": 35.0}, "datetime": {"datetime": "2024-01-19 00:27:22", "elapsed": 943.237006, "delta": 0.001493}}
{"target": -13.758532412786861, "params": {"gamma": 976.8717197425052, "log10_alpha": 0.18596737816985076, "log10_colsample_bytree": -0.5825694397131737, "log10_eta": -3.8987869537510496, "log10_lambda": -1.9193424889930393, "log10_min_child_weight": 4.269484888792788, "log10_subsample": -0.1948658220166939, "max_depth": 4.0, "num_boost_round": 36.0}, "datetime": {"datetime": "2024-01-19 00:27:22", "elapsed": 943.238573, "delta": 0.001567}}
{"target": -13.758532349576258, "params": {"gamma": 976.8717197425052, "log10_alpha": 0.18596737816985076, "log10_colsample_bytree": -0.5825694397131737, "log10_eta": -3.8987869537510496, "log10_lambda": -1.9193424889930393, "log10_min_child_weight": 4.269484888792788, "log10_subsample": -0.1948658220166939, "max_depth": 4.0, "num_boost_round": 37.0}, "datetime": {"datetime": "2024-01-19 00:27:22", "elapsed": 943.240061, "delta": 0.001488}}
{"target": -13.758530803971151, "params": {"gamma": 976.8717197425052, "log10_alpha": 0.18596737816985076, "log10_colsample_bytree": -0.5825694397131737, "log10_eta": -3.8987869537510496, "log10_lambda": -1.9193424889930393, "log10_min_child_weight": 4.269484888792788, "log10_subsample": -0.1948658220166939, "max_depth": 4.0, "num_boost_round": 38.0}, "datetime": {"datetime": "2024-01-19 00:27:22", "elapsed": 943.241557, "delta": 0.001496}}
{"target": -13.758529448617104, "params": {"gamma": 976.8717197425052, "log10_alpha": 0.18596737816985076, "log10_colsample_bytree": -0.5825694397131737, "log10_eta": -3.8987869537510496, "log10_lambda": -1.9193424889930393, "log10_min_child_weight": 4.269484888792788, "log10_subsample": -0.1948658220166939, "max_depth": 4.0, "num_boost_round": 39.0}, "datetime": {"datetime": "2024-01-19 00:27:22", "elapsed": 943.243063, "delta": 0.001506}}
{"target": -13.758529897730664, "params": {"gamma": 976.8717197425052, "log10_alpha": 0.18596737816985076, "log10_colsample_bytree": -0.5825694397131737, "log10_eta": -3.8987869537510496, "log10_lambda": -1.9193424889930393, "log10_min_child_weight": 4.269484888792788, "log10_subsample": -0.1948658220166939, "max_depth": 4.0, "num_boost_round": 40.0}, "datetime": {"datetime": "2024-01-19 00:27:22", "elapsed": 943.244562, "delta": 0.001499}}
{"target": -13.758535292308355, "params": {"gamma": 979.4503344105059, "log10_alpha": -4.140068263650486, "log10_colsample_bytree": -0.8875351705992138, "log10_eta": -3.112462499129467, "log10_lambda": -4.598955473798075, "log10_min_child_weight": 4.1922957996928325, "log10_subsample": -0.5030689148945213, "max_depth": 6.0, "num_boost_round": 0.0}, "datetime": {"datetime": "2024-01-19 00:27:53", "elapsed": 974.785737, "delta": 31.541175}}
{"target": -13.758532245834964, "params": {"gamma": 979.4503344105059, "log10_alpha": -4.140068263650486, "log10_colsample_bytree": -0.8875351705992138, "log10_eta": -3.112462499129467, "log10_lambda": -4.598955473798075, "log10_min_child_weight": 4.1922957996928325, "log10_subsample": -0.5030689148945213, "max_depth": 6.0, "num_boost_round": 1.0}, "datetime": {"datetime": "2024-01-19 00:27:53", "elapsed": 974.787864, "delta": 0.002127}}
{"target": -13.758530828269441, "params": {"gamma": 979.4503344105059, "log10_alpha": -4.140068263650486, "log10_colsample_bytree": -0.8875351705992138, "log10_eta": -3.112462499129467, "log10_lambda": -4.598955473798075, "log10_min_child_weight": 4.1922957996928325, "log10_subsample": -0.5030689148945213, "max_depth": 6.0, "num_boost_round": 2.0}, "datetime": {"datetime": "2024-01-19 00:27:53", "elapsed": 974.789361, "delta": 0.001497}}
{"target": -13.758529641650536, "params": {"gamma": 979.4503344105059, "log10_alpha": -4.140068263650486, "log10_colsample_bytree": -0.8875351705992138, "log10_eta": -3.112462499129467, "log10_lambda": -4.598955473798075, "log10_min_child_weight": 4.1922957996928325, "log10_subsample": -0.5030689148945213, "max_depth": 6.0, "num_boost_round": 3.0}, "datetime": {"datetime": "2024-01-19 00:27:53", "elapsed": 974.791211, "delta": 0.00185}}
{"target": -13.758530404793712, "params": {"gamma": 979.4503344105059, "log10_alpha": -4.140068263650486, "log10_colsample_bytree": -0.8875351705992138, "log10_eta": -3.112462499129467, "log10_lambda": -4.598955473798075, "log10_min_child_weight": 4.1922957996928325, "log10_subsample": -0.5030689148945213, "max_depth": 6.0, "num_boost_round": 4.0}, "datetime": {"datetime": "2024-01-19 00:27:53", "elapsed": 974.792719, "delta": 0.001508}}
{"target": -13.75852674667082, "params": {"gamma": 979.4503344105059, "log10_alpha": -4.140068263650486, "log10_colsample_bytree": -0.8875351705992138, "log10_eta": -3.112462499129467, "log10_lambda": -4.598955473798075, "log10_min_child_weight": 4.1922957996928325, "log10_subsample": -0.5030689148945213, "max_depth": 6.0, "num_boost_round": 5.0}, "datetime": {"datetime": "2024-01-19 00:27:53", "elapsed": 974.794233, "delta": 0.001514}}
{"target": -13.75852935007233, "params": {"gamma": 979.4503344105059, "log10_alpha": -4.140068263650486, "log10_colsample_bytree": -0.8875351705992138, "log10_eta": -3.112462499129467, "log10_lambda": -4.598955473798075, "log10_min_child_weight": 4.1922957996928325, "log10_subsample": -0.5030689148945213, "max_depth": 6.0, "num_boost_round": 6.0}, "datetime": {"datetime": "2024-01-19 00:27:53", "elapsed": 974.795773, "delta": 0.00154}}
{"target": -13.75852134557073, "params": {"gamma": 979.4503344105059, "log10_alpha": -4.140068263650486, "log10_colsample_bytree": -0.8875351705992138, "log10_eta": -3.112462499129467, "log10_lambda": -4.598955473798075, "log10_min_child_weight": 4.1922957996928325, "log10_subsample": -0.5030689148945213, "max_depth": 6.0, "num_boost_round": 7.0}, "datetime": {"datetime": "2024-01-19 00:27:53", "elapsed": 974.797267, "delta": 0.001494}}
{"target": -13.75852344261299, "params": {"gamma": 979.4503344105059, "log10_alpha": -4.140068263650486, "log10_colsample_bytree": -0.8875351705992138, "log10_eta": -3.112462499129467, "log10_lambda": -4.598955473798075, "log10_min_child_weight": 4.1922957996928325, "log10_subsample": -0.5030689148945213, "max_depth": 6.0, "num_boost_round": 8.0}, "datetime": {"datetime": "2024-01-19 00:27:53", "elapsed": 974.798827, "delta": 0.00156}}
{"target": -13.758523458954844, "params": {"gamma": 979.4503344105059, "log10_alpha": -4.140068263650486, "log10_colsample_bytree": -0.8875351705992138, "log10_eta": -3.112462499129467, "log10_lambda": -4.598955473798075, "log10_min_child_weight": 4.1922957996928325, "log10_subsample": -0.5030689148945213, "max_depth": 6.0, "num_boost_round": 9.0}, "datetime": {"datetime": "2024-01-19 00:27:53", "elapsed": 974.800335, "delta": 0.001508}}
{"target": -13.758511550883403, "params": {"gamma": 979.4503344105059, "log10_alpha": -4.140068263650486, "log10_colsample_bytree": -0.8875351705992138, "log10_eta": -3.112462499129467, "log10_lambda": -4.598955473798075, "log10_min_child_weight": 4.1922957996928325, "log10_subsample": -0.5030689148945213, "max_depth": 6.0, "num_boost_round": 10.0}, "datetime": {"datetime": "2024-01-19 00:27:53", "elapsed": 974.802166, "delta": 0.001831}}
{"target": -13.75851382395983, "params": {"gamma": 979.4503344105059, "log10_alpha": -4.140068263650486, "log10_colsample_bytree": -0.8875351705992138, "log10_eta": -3.112462499129467, "log10_lambda": -4.598955473798075, "log10_min_child_weight": 4.1922957996928325, "log10_subsample": -0.5030689148945213, "max_depth": 6.0, "num_boost_round": 11.0}, "datetime": {"datetime": "2024-01-19 00:27:53", "elapsed": 974.803648, "delta": 0.001482}}
{"target": -13.75851878872244, "params": {"gamma": 979.4503344105059, "log10_alpha": -4.140068263650486, "log10_colsample_bytree": -0.8875351705992138, "log10_eta": -3.112462499129467, "log10_lambda": -4.598955473798075, "log10_min_child_weight": 4.1922957996928325, "log10_subsample": -0.5030689148945213, "max_depth": 6.0, "num_boost_round": 12.0}, "datetime": {"datetime": "2024-01-19 00:27:53", "elapsed": 974.805136, "delta": 0.001488}}
{"target": -13.758510060937532, "params": {"gamma": 979.4503344105059, "log10_alpha": -4.140068263650486, "log10_colsample_bytree": -0.8875351705992138, "log10_eta": -3.112462499129467, "log10_lambda": -4.598955473798075, "log10_min_child_weight": 4.1922957996928325, "log10_subsample": -0.5030689148945213, "max_depth": 6.0, "num_boost_round": 13.0}, "datetime": {"datetime": "2024-01-19 00:27:53", "elapsed": 974.806779, "delta": 0.001643}}
{"target": -13.758508879790678, "params": {"gamma": 979.4503344105059, "log10_alpha": -4.140068263650486, "log10_colsample_bytree": -0.8875351705992138, "log10_eta": -3.112462499129467, "log10_lambda": -4.598955473798075, "log10_min_child_weight": 4.1922957996928325, "log10_subsample": -0.5030689148945213, "max_depth": 6.0, "num_boost_round": 14.0}, "datetime": {"datetime": "2024-01-19 00:27:53", "elapsed": 974.808496, "delta": 0.001717}}
{"target": -13.75849742115745, "params": {"gamma": 979.4503344105059, "log10_alpha": -4.140068263650486, "log10_colsample_bytree": -0.8875351705992138, "log10_eta": -3.112462499129467, "log10_lambda": -4.598955473798075, "log10_min_child_weight": 4.1922957996928325, "log10_subsample": -0.5030689148945213, "max_depth": 6.0, "num_boost_round": 15.0}, "datetime": {"datetime": "2024-01-19 00:27:53", "elapsed": 974.810199, "delta": 0.001703}}
