{"target": -17.67704883945271, "params": {"gamma": 740.0154641302629, "log10_alpha": 0.5266225808179712, "log10_colsample_bytree": -0.16859802050580353, "log10_eta": -3.3908559550668715, "log10_lambda": -0.932334166672911, "log10_min_child_weight": 1.7093161001202006, "log10_subsample": -0.3883765517883204, "max_depth": 4.0, "num_boost_round": 13.0}, "datetime": {"datetime": "2024-01-19 00:46:48", "elapsed": 2116.232314, "delta": 0.002976}}
{"target": -17.6770293770582, "params": {"gamma": 740.0154641302629, "log10_alpha": 0.5266225808179712, "log10_colsample_bytree": -0.16859802050580353, "log10_eta": -3.3908559550668715, "log10_lambda": -0.932334166672911, "log10_min_child_weight": 1.7093161001202006, "log10_subsample": -0.3883765517883204, "max_depth": 4.0, "num_boost_round": 14.0}, "datetime": {"datetime": "2024-01-19 00:46:48", "elapsed": 2116.235168, "delta": 0.002854}}
{"target": -17.677006949474354, "params": {"gamma": 740.0154641302629, "log10_alpha": 0.5266225808179712, "log10_colsample_bytree": -0.16859802050580353, "log10_eta": -3.3908559550668715, "log10_lambda": -0.932334166672911, "log10_min_child_weight": 1.7093161001202006, "log10_subsample": -0.3883765517883204, "max_depth": 4.0, "num_boost_round": 15.0}, "datetime": {"datetime": "2024-01-19 00:46:48", "elapsed": 2116.238092, "delta": 0.002924}}
{"target": -17.676986969575424, "params": {"gamma": 740.0154641302629, "log10_alpha": 0.5266225808179712, "log10_colsample_bytree": -0.16859802050580353, "log10_eta": -3.3908559550668715, "log10_lambda": -0.932334166672911, "log10_min_child_weight": 1.7093161001202006, "log10_subsample": -0.3883765517883204, "max_depth": 4.0, "num_boost_round": 16.0}, "datetime": {"datetime": "2024-01-19 00:46:48", "elapsed": 2116.24095, "delta": 0.002858}}
{"target": -17.676984006987446, "params": {"gamma": 740.0154641302629, "log10_alpha": 0.5266225808179712, "log10_colsample_bytree": -0.16859802050580353, "log10_eta": -3.3908559550668715, "log10_lambda": -0.932334166672911, "log10_min_child_weight": 1.7093161001202006, "log10_subsample": -0.3883765517883204, "max_depth": 4.0, "num_boost_round": 17.0}, "datetime": {"datetime": "2024-01-19 00:46:48", "elapsed": 2116.243958, "delta": 0.003008}}
{"target": -17.676971981940085, "params": {"gamma": 740.0154641302629, "log10_alpha": 0.5266225808179712, "log10_colsample_bytree": -0.16859802050580353, "log10_eta": -3.3908559550668715, "log10_lambda": -0.932334166672911, "log10_min_child_weight": 1.7093161001202006, "log10_subsample": -0.3883765517883204, "max_depth": 4.0, "num_boost_round": 18.0}, "datetime": {"datetime": "2024-01-19 00:46:48", "elapsed": 2116.246772, "delta": 0.002814}}
{"target": -17.67695192988208, "params": {"gamma": 740.0154641302629, "log10_alpha": 0.5266225808179712, "log10_colsample_bytree": -0.16859802050580353, "log10_eta": -3.3908559550668715, "log10_lambda": -0.932334166672911, "log10_min_child_weight": 1.7093161001202006, "log10_subsample": -0.3883765517883204, "max_depth": 4.0, "num_boost_round": 19.0}, "datetime": {"datetime": "2024-01-19 00:46:48", "elapsed": 2116.249735, "delta": 0.002963}}
{"target": -17.67693477417168, "params": {"gamma": 740.0154641302629, "log10_alpha": 0.5266225808179712, "log10_colsample_bytree": -0.16859802050580353, "log10_eta": -3.3908559550668715, "log10_lambda": -0.932334166672911, "log10_min_child_weight": 1.7093161001202006, "log10_subsample": -0.3883765517883204, "max_depth": 4.0, "num_boost_round": 20.0}, "datetime": {"datetime": "2024-01-19 00:46:48", "elapsed": 2116.252601, "delta": 0.002866}}
{"target": -17.676909312143074, "params": {"gamma": 740.0154641302629, "log10_alpha": 0.5266225808179712, "log10_colsample_bytree": -0.16859802050580353, "log10_eta": -3.3908559550668715, "log10_lambda": -0.932334166672911, "log10_min_child_weight": 1.7093161001202006, "log10_subsample": -0.3883765517883204, "max_depth": 4.0, "num_boost_round": 21.0}, "datetime": {"datetime": "2024-01-19 00:46:48", "elapsed": 2116.2555, "delta": 0.002899}}
{"target": -17.676887189699777, "params": {"gamma": 740.0154641302629, "log10_alpha": 0.5266225808179712, "log10_colsample_bytree": -0.16859802050580353, "log10_eta": -3.3908559550668715, "log10_lambda": -0.932334166672911, "log10_min_child_weight": 1.7093161001202006, "log10_subsample": -0.3883765517883204, "max_depth": 4.0, "num_boost_round": 22.0}, "datetime": {"datetime": "2024-01-19 00:46:48", "elapsed": 2116.258398, "delta": 0.002898}}
{"target": -17.67688219407996, "params": {"gamma": 740.0154641302629, "log10_alpha": 0.5266225808179712, "log10_colsample_bytree": -0.16859802050580353, "log10_eta": -3.3908559550668715, "log10_lambda": -0.932334166672911, "log10_min_child_weight": 1.7093161001202006, "log10_subsample": -0.3883765517883204, "max_depth": 4.0, "num_boost_round": 23.0}, "datetime": {"datetime": "2024-01-19 00:46:48", "elapsed": 2116.26122, "delta": 0.002822}}
{"target": -17.676873215136613, "params": {"gamma": 740.0154641302629, "log10_alpha": 0.5266225808179712, "log10_colsample_bytree": -0.16859802050580353, "log10_eta": -3.3908559550668715, "log10_lambda": -0.932334166672911, "log10_min_child_weight": 1.7093161001202006, "log10_subsample": -0.3883765517883204, "max_depth": 4.0, "num_boost_round": 24.0}, "datetime": {"datetime": "2024-01-19 00:46:48", "elapsed": 2116.264034, "delta": 0.002814}}
{"target": -17.67685608712351, "params": {"gamma": 740.0154641302629, "log10_alpha": 0.5266225808179712, "log10_colsample_bytree": -0.16859802050580353, "log10_eta": -3.3908559550668715, "log10_lambda": -0.932334166672911, "log10_min_child_weight": 1.7093161001202006, "log10_subsample": -0.3883765517883204, "max_depth": 4.0, "num_boost_round": 25.0}, "datetime": {"datetime": "2024-01-19 00:46:48", "elapsed": 2116.266861, "delta": 0.002827}}
{"target": -17.67683987957042, "params": {"gamma": 740.0154641302629, "log10_alpha": 0.5266225808179712, "log10_colsample_bytree": -0.16859802050580353, "log10_eta": -3.3908559550668715, "log10_lambda": -0.932334166672911, "log10_min_child_weight": 1.7093161001202006, "log10_subsample": -0.3883765517883204, "max_depth": 4.0, "num_boost_round": 26.0}, "datetime": {"datetime": "2024-01-19 00:46:48", "elapsed": 2116.269831, "delta": 0.00297}}
{"target": -17.67682705261486, "params": {"gamma": 740.0154641302629, "log10_alpha": 0.5266225808179712, "log10_colsample_bytree": -0.16859802050580353, "log10_eta": -3.3908559550668715, "log10_lambda": -0.932334166672911, "log10_min_child_weight": 1.7093161001202006, "log10_subsample": -0.3883765517883204, "max_depth": 4.0, "num_boost_round": 27.0}, "datetime": {"datetime": "2024-01-19 00:46:48", "elapsed": 2116.27264, "delta": 0.002809}}
{"target": -17.676808312375318, "params": {"gamma": 740.0154641302629, "log10_alpha": 0.5266225808179712, "log10_colsample_bytree": -0.16859802050580353, "log10_eta": -3.3908559550668715, "log10_lambda": -0.932334166672911, "log10_min_child_weight": 1.7093161001202006, "log10_subsample": -0.3883765517883204, "max_depth": 4.0, "num_boost_round": 28.0}, "datetime": {"datetime": "2024-01-19 00:46:48", "elapsed": 2116.275508, "delta": 0.002868}}
{"target": -17.67678175113714, "params": {"gamma": 740.0154641302629, "log10_alpha": 0.5266225808179712, "log10_colsample_bytree": -0.16859802050580353, "log10_eta": -3.3908559550668715, "log10_lambda": -0.932334166672911, "log10_min_child_weight": 1.7093161001202006, "log10_subsample": -0.3883765517883204, "max_depth": 4.0, "num_boost_round": 29.0}, "datetime": {"datetime": "2024-01-19 00:46:48", "elapsed": 2116.278474, "delta": 0.002966}}
{"target": -17.676757662934012, "params": {"gamma": 740.0154641302629, "log10_alpha": 0.5266225808179712, "log10_colsample_bytree": -0.16859802050580353, "log10_eta": -3.3908559550668715, "log10_lambda": -0.932334166672911, "log10_min_child_weight": 1.7093161001202006, "log10_subsample": -0.3883765517883204, "max_depth": 4.0, "num_boost_round": 30.0}, "datetime": {"datetime": "2024-01-19 00:46:48", "elapsed": 2116.281495, "delta": 0.003021}}
{"target": -17.676747224222574, "params": {"gamma": 740.0154641302629, "log10_alpha": 0.5266225808179712, "log10_colsample_bytree": -0.16859802050580353, "log10_eta": -3.3908559550668715, "log10_lambda": -0.932334166672911, "log10_min_child_weight": 1.7093161001202006, "log10_subsample": -0.3883765517883204, "max_depth": 4.0, "num_boost_round": 31.0}, "datetime": {"datetime": "2024-01-19 00:46:48", "elapsed": 2116.284362, "delta": 0.002867}}
{"target": -17.67674017405415, "params": {"gamma": 740.0154641302629, "log10_alpha": 0.5266225808179712, "log10_colsample_bytree": -0.16859802050580353, "log10_eta": -3.3908559550668715, "log10_lambda": -0.932334166672911, "log10_min_child_weight": 1.7093161001202006, "log10_subsample": -0.3883765517883204, "max_depth": 4.0, "num_boost_round": 32.0}, "datetime": {"datetime": "2024-01-19 00:46:48", "elapsed": 2116.287174, "delta": 0.002812}}
{"target": -17.676725636441706, "params": {"gamma": 740.0154641302629, "log10_alpha": 0.5266225808179712, "log10_colsample_bytree": -0.16859802050580353, "log10_eta": -3.3908559550668715, "log10_lambda": -0.932334166672911, "log10_min_child_weight": 1.7093161001202006, "log10_subsample": -0.3883765517883204, "max_depth": 4.0, "num_boost_round": 33.0}, "datetime": {"datetime": "2024-01-19 00:46:48", "elapsed": 2116.290225, "delta": 0.003051}}
{"target": -17.676705931297374, "params": {"gamma": 740.0154641302629, "log10_alpha": 0.5266225808179712, "log10_colsample_bytree": -0.16859802050580353, "log10_eta": -3.3908559550668715, "log10_lambda": -0.932334166672911, "log10_min_child_weight": 1.7093161001202006, "log10_subsample": -0.3883765517883204, "max_depth": 4.0, "num_boost_round": 34.0}, "datetime": {"datetime": "2024-01-19 00:46:48", "elapsed": 2116.293044, "delta": 0.002819}}
{"target": -17.67669837727541, "params": {"gamma": 740.0154641302629, "log10_alpha": 0.5266225808179712, "log10_colsample_bytree": -0.16859802050580353, "log10_eta": -3.3908559550668715, "log10_lambda": -0.932334166672911, "log10_min_child_weight": 1.7093161001202006, "log10_subsample": -0.3883765517883204, "max_depth": 4.0, "num_boost_round": 35.0}, "datetime": {"datetime": "2024-01-19 00:46:48", "elapsed": 2116.295877, "delta": 0.002833}}
{"target": -17.676675806716858, "params": {"gamma": 740.0154641302629, "log10_alpha": 0.5266225808179712, "log10_colsample_bytree": -0.16859802050580353, "log10_eta": -3.3908559550668715, "log10_lambda": -0.932334166672911, "log10_min_child_weight": 1.7093161001202006, "log10_subsample": -0.3883765517883204, "max_depth": 4.0, "num_boost_round": 36.0}, "datetime": {"datetime": "2024-01-19 00:46:48", "elapsed": 2116.298788, "delta": 0.002911}}
{"target": -17.677232947117137, "params": {"gamma": 750.8783881011483, "log10_alpha": -5.0, "log10_colsample_bytree": 0.0, "log10_eta": -4.0, "log10_lambda": 1.0, "log10_min_child_weight": 5.0, "log10_subsample": -1.0, "max_depth": 2.0, "num_boost_round": 0.0}, "datetime": {"datetime": "2024-01-19 00:47:25", "elapsed": 2152.759394, "delta": 36.460606}}
{"target": -17.677232942817497, "params": {"gamma": 750.8783881011483, "log10_alpha": -5.0, "log10_colsample_bytree": 0.0, "log10_eta": -4.0, "log10_lambda": 1.0, "log10_min_child_weight": 5.0, "log10_subsample": -1.0, "max_depth": 2.0, "num_boost_round": 1.0}, "datetime": {"datetime": "2024-01-19 00:47:25", "elapsed": 2152.76268, "delta": 0.003286}}
{"target": -17.677232942726555, "params": {"gamma": 750.8783881011483, "log10_alpha": -5.0, "log10_colsample_bytree": 0.0, "log10_eta": -4.0, "log10_lambda": 1.0, "log10_min_child_weight": 5.0, "log10_subsample": -1.0, "max_depth": 2.0, "num_boost_round": 2.0}, "datetime": {"datetime": "2024-01-19 00:47:25", "elapsed": 2152.765925, "delta": 0.003245}}
{"target": -17.677233003081973, "params": {"gamma": 750.8783881011483, "log10_alpha": -5.0, "log10_colsample_bytree": 0.0, "log10_eta": -4.0, "log10_lambda": 1.0, "log10_min_child_weight": 5.0, "log10_subsample": -1.0, "max_depth": 2.0, "num_boost_round": 3.0}, "datetime": {"datetime": "2024-01-19 00:47:25", "elapsed": 2152.768926, "delta": 0.003001}}
{"target": -17.67723297040054, "params": {"gamma": 750.8783881011483, "log10_alpha": -5.0, "log10_colsample_bytree": 0.0, "log10_eta": -4.0, "log10_lambda": 1.0, "log10_min_child_weight": 5.0, "log10_subsample": -1.0, "max_depth": 2.0, "num_boost_round": 4.0}, "datetime": {"datetime": "2024-01-19 00:47:25", "elapsed": 2152.771738, "delta": 0.002812}}
{"target": -17.677233000335352, "params": {"gamma": 750.8783881011483, "log10_alpha": -5.0, "log10_colsample_bytree": 0.0, "log10_eta": -4.0, "log10_lambda": 1.0, "log10_min_child_weight": 5.0, "log10_subsample": -1.0, "max_depth": 2.0, "num_boost_round": 5.0}, "datetime": {"datetime": "2024-01-19 00:47:25", "elapsed": 2152.774554, "delta": 0.002816}}
{"target": -17.6772329444915, "params": {"gamma": 750.8783881011483, "log10_alpha": -5.0, "log10_colsample_bytree": 0.0, "log10_eta": -4.0, "log10_lambda": 1.0, "log10_min_child_weight": 5.0, "log10_subsample": -1.0, "max_depth": 2.0, "num_boost_round": 6.0}, "datetime": {"datetime": "2024-01-19 00:47:25", "elapsed": 2152.777446, "delta": 0.002892}}
{"target": -17.67723296904609, "params": {"gamma": 750.8783881011483, "log10_alpha": -5.0, "log10_colsample_bytree": 0.0, "log10_eta": -4.0, "log10_lambda": 1.0, "log10_min_child_weight": 5.0, "log10_subsample": -1.0, "max_depth": 2.0, "num_boost_round": 7.0}, "datetime": {"datetime": "2024-01-19 00:47:25", "elapsed": 2152.780407, "delta": 0.002961}}
{"target": -17.67723293984055, "params": {"gamma": 750.8783881011483, "log10_alpha": -5.0, "log10_colsample_bytree": 0.0, "log10_eta": -4.0, "log10_lambda": 1.0, "log10_min_child_weight": 5.0, "log10_subsample": -1.0, "max_depth": 2.0, "num_boost_round": 8.0}, "datetime": {"datetime": "2024-01-19 00:47:25", "elapsed": 2152.783187, "delta": 0.00278}}
{"target": -17.67723293116496, "params": {"gamma": 750.8783881011483, "log10_alpha": -5.0, "log10_colsample_bytree": 0.0, "log10_eta": -4.0, "log10_lambda": 1.0, "log10_min_child_weight": 5.0, "log10_subsample": -1.0, "max_depth": 2.0, "num_boost_round": 9.0}, "datetime": {"datetime": "2024-01-19 00:47:25", "elapsed": 2152.786035, "delta": 0.002848}}
{"target": -17.677232909675503, "params": {"gamma": 750.8783881011483, "log10_alpha": -5.0, "log10_colsample_bytree": 0.0, "log10_eta": -4.0, "log10_lambda": 1.0, "log10_min_child_weight": 5.0, "log10_subsample": -1.0, "max_depth": 2.0, "num_boost_round": 10.0}, "datetime": {"datetime": "2024-01-19 00:47:25", "elapsed": 2152.788987, "delta": 0.002952}}
{"target": -17.67723296296881, "params": {"gamma": 750.8783881011483, "log10_alpha": -5.0, "log10_colsample_bytree": 0.0, "log10_eta": -4.0, "log10_lambda": 1.0, "log10_min_child_weight": 5.0, "log10_subsample": -1.0, "max_depth": 2.0, "num_boost_round": 11.0}, "datetime": {"datetime": "2024-01-19 00:47:25", "elapsed": 2152.791764, "delta": 0.002777}}
{"target": -17.67723300117875, "params": {"gamma": 750.8783881011483, "log10_alpha": -5.0, "log10_colsample_bytree": 0.0, "log10_eta": -4.0, "log10_lambda": 1.0, "log10_min_child_weight": 5.0, "log10_subsample": -1.0, "max_depth": 2.0, "num_boost_round": 12.0}, "datetime": {"datetime": "2024-01-19 00:47:25", "elapsed": 2152.794555, "delta": 0.002791}}
{"target": -17.677232970354787, "params": {"gamma": 750.8783881011483, "log10_alpha": -5.0, "log10_colsample_bytree": 0.0, "log10_eta": -4.0, "log10_lambda": 1.0, "log10_min_child_weight": 5.0, "log10_subsample": -1.0, "max_depth": 2.0, "num_boost_round": 13.0}, "datetime": {"datetime": "2024-01-19 00:47:25", "elapsed": 2152.797384, "delta": 0.002829}}
{"target": -17.67723300561215, "params": {"gamma": 750.8783881011483, "log10_alpha": -5.0, "log10_colsample_bytree": 0.0, "log10_eta": -4.0, "log10_lambda": 1.0, "log10_min_child_weight": 5.0, "log10_subsample": -1.0, "max_depth": 2.0, "num_boost_round": 14.0}, "datetime": {"datetime": "2024-01-19 00:47:25", "elapsed": 2152.800183, "delta": 0.002799}}
{"target": -17.677233005314218, "params": {"gamma": 750.8783881011483, "log10_alpha": -5.0, "log10_colsample_bytree": 0.0, "log10_eta": -4.0, "log10_lambda": 1.0, "log10_min_child_weight": 5.0, "log10_subsample": -1.0, "max_depth": 2.0, "num_boost_round": 15.0}, "datetime": {"datetime": "2024-01-19 00:47:25", "elapsed": 2152.802963, "delta": 0.00278}}
{"target": -17.677233005586494, "params": {"gamma": 750.8783881011483, "log10_alpha": -5.0, "log10_colsample_bytree": 0.0, "log10_eta": -4.0, "log10_lambda": 1.0, "log10_min_child_weight": 5.0, "log10_subsample": -1.0, "max_depth": 2.0, "num_boost_round": 16.0}, "datetime": {"datetime": "2024-01-19 00:47:25", "elapsed": 2152.805711, "delta": 0.002748}}
{"target": -17.677233001309755, "params": {"gamma": 750.8783881011483, "log10_alpha": -5.0, "log10_colsample_bytree": 0.0, "log10_eta": -4.0, "log10_lambda": 1.0, "log10_min_child_weight": 5.0, "log10_subsample": -1.0, "max_depth": 2.0, "num_boost_round": 17.0}, "datetime": {"datetime": "2024-01-19 00:47:25", "elapsed": 2152.808619, "delta": 0.002908}}
{"target": -17.677218422680305, "params": {"gamma": 716.0241826011297, "log10_alpha": 0.6073703796804582, "log10_colsample_bytree": -0.1878783119027171, "log10_eta": -3.4730468999370587, "log10_lambda": -4.311336729744556, "log10_min_child_weight": 0.8102595425517228, "log10_subsample": -0.08346931168730554, "max_depth": 3.0, "num_boost_round": 0.0}, "datetime": {"datetime": "2024-01-19 00:48:16", "elapsed": 2203.664699, "delta": 50.85608}}
{"target": -17.677209674234017, "params": {"gamma": 716.0241826011297, "log10_alpha": 0.6073703796804582, "log10_colsample_bytree": -0.1878783119027171, "log10_eta": -3.4730468999370587, "log10_lambda": -4.311336729744556, "log10_min_child_weight": 0.8102595425517228, "log10_subsample": -0.08346931168730554, "max_depth": 3.0, "num_boost_round": 1.0}, "datetime": {"datetime": "2024-01-19 00:48:16", "elapsed": 2203.668526, "delta": 0.003827}}
{"target": -17.67719752464624, "params": {"gamma": 716.0241826011297, "log10_alpha": 0.6073703796804582, "log10_colsample_bytree": -0.1878783119027171, "log10_eta": -3.4730468999370587, "log10_lambda": -4.311336729744556, "log10_min_child_weight": 0.8102595425517228, "log10_subsample": -0.08346931168730554, "max_depth": 3.0, "num_boost_round": 2.0}, "datetime": {"datetime": "2024-01-19 00:48:16", "elapsed": 2203.671506, "delta": 0.00298}}
{"target": -17.67718808638917, "params": {"gamma": 716.0241826011297, "log10_alpha": 0.6073703796804582, "log10_colsample_bytree": -0.1878783119027171, "log10_eta": -3.4730468999370587, "log10_lambda": -4.311336729744556, "log10_min_child_weight": 0.8102595425517228, "log10_subsample": -0.08346931168730554, "max_depth": 3.0, "num_boost_round": 3.0}, "datetime": {"datetime": "2024-01-19 00:48:16", "elapsed": 2203.674398, "delta": 0.002892}}
{"target": -17.67717339013066, "params": {"gamma": 716.0241826011297, "log10_alpha": 0.6073703796804582, "log10_colsample_bytree": -0.1878783119027171, "log10_eta": -3.4730468999370587, "log10_lambda": -4.311336729744556, "log10_min_child_weight": 0.8102595425517228, "log10_subsample": -0.08346931168730554, "max_depth": 3.0, "num_boost_round": 4.0}, "datetime": {"datetime": "2024-01-19 00:48:16", "elapsed": 2203.67743, "delta": 0.003032}}
{"target": -17.677164992511024, "params": {"gamma": 716.0241826011297, "log10_alpha": 0.6073703796804582, "log10_colsample_bytree": -0.1878783119027171, "log10_eta": -3.4730468999370587, "log10_lambda": -4.311336729744556, "log10_min_child_weight": 0.8102595425517228, "log10_subsample": -0.08346931168730554, "max_depth": 3.0, "num_boost_round": 5.0}, "datetime": {"datetime": "2024-01-19 00:48:16", "elapsed": 2203.68044, "delta": 0.00301}}
{"target": -17.677152687436852, "params": {"gamma": 716.0241826011297, "log10_alpha": 0.6073703796804582, "log10_colsample_bytree": -0.1878783119027171, "log10_eta": -3.4730468999370587, "log10_lambda": -4.311336729744556, "log10_min_child_weight": 0.8102595425517228, "log10_subsample": -0.08346931168730554, "max_depth": 3.0, "num_boost_round": 6.0}, "datetime": {"datetime": "2024-01-19 00:48:16", "elapsed": 2203.683347, "delta": 0.002907}}
{"target": -17.67714233928958, "params": {"gamma": 716.0241826011297, "log10_alpha": 0.6073703796804582, "log10_colsample_bytree": -0.1878783119027171, "log10_eta": -3.4730468999370587, "log10_lambda": -4.311336729744556, "log10_min_child_weight": 0.8102595425517228, "log10_subsample": -0.08346931168730554, "max_depth": 3.0, "num_boost_round": 7.0}, "datetime": {"datetime": "2024-01-19 00:48:16", "elapsed": 2203.686197, "delta": 0.00285}}
{"target": -17.67713234099706, "params": {"gamma": 716.0241826011297, "log10_alpha": 0.6073703796804582, "log10_colsample_bytree": -0.1878783119027171, "log10_eta": -3.4730468999370587, "log10_lambda": -4.311336729744556, "log10_min_child_weight": 0.8102595425517228, "log10_subsample": -0.08346931168730554, "max_depth": 3.0, "num_boost_round": 8.0}, "datetime": {"datetime": "2024-01-19 00:48:16", "elapsed": 2203.689161, "delta": 0.002964}}
{"target": -17.67712834986661, "params": {"gamma": 716.0241826011297, "log10_alpha": 0.6073703796804582, "log10_colsample_bytree": -0.1878783119027171, "log10_eta": -3.4730468999370587, "log10_lambda": -4.311336729744556, "log10_min_child_weight": 0.8102595425517228, "log10_subsample": -0.08346931168730554, "max_depth": 3.0, "num_boost_round": 9.0}, "datetime": {"datetime": "2024-01-19 00:48:16", "elapsed": 2203.691959, "delta": 0.002798}}
{"target": -17.677119980088175, "params": {"gamma": 716.0241826011297, "log10_alpha": 0.6073703796804582, "log10_colsample_bytree": -0.1878783119027171, "log10_eta": -3.4730468999370587, "log10_lambda": -4.311336729744556, "log10_min_child_weight": 0.8102595425517228, "log10_subsample": -0.08346931168730554, "max_depth": 3.0, "num_boost_round": 10.0}, "datetime": {"datetime": "2024-01-19 00:48:16", "elapsed": 2203.694769, "delta": 0.00281}}
