{"target": -17.677230135267767, "params": {"gamma": 193.1762025829422, "log10_alpha": -4.551526354617424, "log10_colsample_bytree": -0.13298966632119125, "log10_eta": -3.871179609440949, "log10_lambda": -4.897557919042192, "log10_min_child_weight": 3.644486877617888, "log10_subsample": -0.2907996388036861, "max_depth": 3.0, "num_boost_round": 0.0}, "datetime": {"datetime": "2024-01-19 00:19:11", "elapsed": 436.222062, "delta": 24.244876}}
{"target": -17.677226767109303, "params": {"gamma": 193.1762025829422, "log10_alpha": -4.551526354617424, "log10_colsample_bytree": -0.13298966632119125, "log10_eta": -3.871179609440949, "log10_lambda": -4.897557919042192, "log10_min_child_weight": 3.644486877617888, "log10_subsample": -0.2907996388036861, "max_depth": 3.0, "num_boost_round": 1.0}, "datetime": {"datetime": "2024-01-19 00:19:11", "elapsed": 436.222929, "delta": 0.000867}}
{"target": -17.677222789285082, "params": {"gamma": 193.1762025829422, "log10_alpha": -4.551526354617424, "log10_colsample_bytree": -0.13298966632119125, "log10_eta": -3.871179609440949, "log10_lambda": -4.897557919042192, "log10_min_child_weight": 3.644486877617888, "log10_subsample": -0.2907996388036861, "max_depth": 3.0, "num_boost_round": 2.0}, "datetime": {"datetime": "2024-01-19 00:19:11", "elapsed": 436.223652, "delta": 0.000723}}
{"target": -17.677220578801847, "params": {"gamma": 193.1762025829422, "log10_alpha": -4.551526354617424, "log10_colsample_bytree": -0.13298966632119125, "log10_eta": -3.871179609440949, "log10_lambda": -4.897557919042192, "log10_min_child_weight": 3.644486877617888, "log10_subsample": -0.2907996388036861, "max_depth": 3.0, "num_boost_round": 3.0}, "datetime": {"datetime": "2024-01-19 00:19:11", "elapsed": 436.224276, "delta": 0.000624}}
{"target": -17.67721805971689, "params": {"gamma": 193.1762025829422, "log10_alpha": -4.551526354617424, "log10_colsample_bytree": -0.13298966632119125, "log10_eta": -3.871179609440949, "log10_lambda": -4.897557919042192, "log10_min_child_weight": 3.644486877617888, "log10_subsample": -0.2907996388036861, "max_depth": 3.0, "num_boost_round": 4.0}, "datetime": {"datetime": "2024-01-19 00:19:11", "elapsed": 436.22494, "delta": 0.000664}}
{"target": -17.677214201222863, "params": {"gamma": 193.1762025829422, "log10_alpha": -4.551526354617424, "log10_colsample_bytree": -0.13298966632119125, "log10_eta": -3.871179609440949, "log10_lambda": -4.897557919042192, "log10_min_child_weight": 3.644486877617888, "log10_subsample": -0.2907996388036861, "max_depth": 3.0, "num_boost_round": 5.0}, "datetime": {"datetime": "2024-01-19 00:19:11", "elapsed": 436.225753, "delta": 0.000813}}
{"target": -17.677210625525664, "params": {"gamma": 193.1762025829422, "log10_alpha": -4.551526354617424, "log10_colsample_bytree": -0.13298966632119125, "log10_eta": -3.871179609440949, "log10_lambda": -4.897557919042192, "log10_min_child_weight": 3.644486877617888, "log10_subsample": -0.2907996388036861, "max_depth": 3.0, "num_boost_round": 6.0}, "datetime": {"datetime": "2024-01-19 00:19:11", "elapsed": 436.226366, "delta": 0.000613}}
{"target": -17.677206806316367, "params": {"gamma": 193.1762025829422, "log10_alpha": -4.551526354617424, "log10_colsample_bytree": -0.13298966632119125, "log10_eta": -3.871179609440949, "log10_lambda": -4.897557919042192, "log10_min_child_weight": 3.644486877617888, "log10_subsample": -0.2907996388036861, "max_depth": 3.0, "num_boost_round": 7.0}, "datetime": {"datetime": "2024-01-19 00:19:11", "elapsed": 436.227195, "delta": 0.000829}}
{"target": -17.677202692189883, "params": {"gamma": 193.1762025829422, "log10_alpha": -4.551526354617424, "log10_colsample_bytree": -0.13298966632119125, "log10_eta": -3.871179609440949, "log10_lambda": -4.897557919042192, "log10_min_child_weight": 3.644486877617888, "log10_subsample": -0.2907996388036861, "max_depth": 3.0, "num_boost_round": 8.0}, "datetime": {"datetime": "2024-01-19 00:19:11", "elapsed": 436.227847, "delta": 0.000652}}
{"target": -17.67719834677431, "params": {"gamma": 193.1762025829422, "log10_alpha": -4.551526354617424, "log10_colsample_bytree": -0.13298966632119125, "log10_eta": -3.871179609440949, "log10_lambda": -4.897557919042192, "log10_min_child_weight": 3.644486877617888, "log10_subsample": -0.2907996388036861, "max_depth": 3.0, "num_boost_round": 9.0}, "datetime": {"datetime": "2024-01-19 00:19:11", "elapsed": 436.228492, "delta": 0.000645}}
{"target": -17.677195099211815, "params": {"gamma": 193.1762025829422, "log10_alpha": -4.551526354617424, "log10_colsample_bytree": -0.13298966632119125, "log10_eta": -3.871179609440949, "log10_lambda": -4.897557919042192, "log10_min_child_weight": 3.644486877617888, "log10_subsample": -0.2907996388036861, "max_depth": 3.0, "num_boost_round": 10.0}, "datetime": {"datetime": "2024-01-19 00:19:11", "elapsed": 436.229242, "delta": 0.00075}}
{"target": -17.677190916731398, "params": {"gamma": 193.1762025829422, "log10_alpha": -4.551526354617424, "log10_colsample_bytree": -0.13298966632119125, "log10_eta": -3.871179609440949, "log10_lambda": -4.897557919042192, "log10_min_child_weight": 3.644486877617888, "log10_subsample": -0.2907996388036861, "max_depth": 3.0, "num_boost_round": 11.0}, "datetime": {"datetime": "2024-01-19 00:19:11", "elapsed": 436.229931, "delta": 0.000689}}
{"target": -17.677187384965162, "params": {"gamma": 193.1762025829422, "log10_alpha": -4.551526354617424, "log10_colsample_bytree": -0.13298966632119125, "log10_eta": -3.871179609440949, "log10_lambda": -4.897557919042192, "log10_min_child_weight": 3.644486877617888, "log10_subsample": -0.2907996388036861, "max_depth": 3.0, "num_boost_round": 12.0}, "datetime": {"datetime": "2024-01-19 00:19:11", "elapsed": 436.23055, "delta": 0.000619}}
{"target": -17.677183327991827, "params": {"gamma": 193.1762025829422, "log10_alpha": -4.551526354617424, "log10_colsample_bytree": -0.13298966632119125, "log10_eta": -3.871179609440949, "log10_lambda": -4.897557919042192, "log10_min_child_weight": 3.644486877617888, "log10_subsample": -0.2907996388036861, "max_depth": 3.0, "num_boost_round": 13.0}, "datetime": {"datetime": "2024-01-19 00:19:11", "elapsed": 436.2312, "delta": 0.00065}}
{"target": -17.6771808514968, "params": {"gamma": 193.1762025829422, "log10_alpha": -4.551526354617424, "log10_colsample_bytree": -0.13298966632119125, "log10_eta": -3.871179609440949, "log10_lambda": -4.897557919042192, "log10_min_child_weight": 3.644486877617888, "log10_subsample": -0.2907996388036861, "max_depth": 3.0, "num_boost_round": 14.0}, "datetime": {"datetime": "2024-01-19 00:19:11", "elapsed": 436.23186, "delta": 0.00066}}
{"target": -17.677175738657116, "params": {"gamma": 193.1762025829422, "log10_alpha": -4.551526354617424, "log10_colsample_bytree": -0.13298966632119125, "log10_eta": -3.871179609440949, "log10_lambda": -4.897557919042192, "log10_min_child_weight": 3.644486877617888, "log10_subsample": -0.2907996388036861, "max_depth": 3.0, "num_boost_round": 15.0}, "datetime": {"datetime": "2024-01-19 00:19:11", "elapsed": 436.232462, "delta": 0.000602}}
{"target": -17.677171589864532, "params": {"gamma": 193.1762025829422, "log10_alpha": -4.551526354617424, "log10_colsample_bytree": -0.13298966632119125, "log10_eta": -3.871179609440949, "log10_lambda": -4.897557919042192, "log10_min_child_weight": 3.644486877617888, "log10_subsample": -0.2907996388036861, "max_depth": 3.0, "num_boost_round": 16.0}, "datetime": {"datetime": "2024-01-19 00:19:11", "elapsed": 436.23311, "delta": 0.000648}}
{"target": -17.677168313783184, "params": {"gamma": 193.1762025829422, "log10_alpha": -4.551526354617424, "log10_colsample_bytree": -0.13298966632119125, "log10_eta": -3.871179609440949, "log10_lambda": -4.897557919042192, "log10_min_child_weight": 3.644486877617888, "log10_subsample": -0.2907996388036861, "max_depth": 3.0, "num_boost_round": 17.0}, "datetime": {"datetime": "2024-01-19 00:19:11", "elapsed": 436.233773, "delta": 0.000663}}
{"target": -17.67716607154648, "params": {"gamma": 193.1762025829422, "log10_alpha": -4.551526354617424, "log10_colsample_bytree": -0.13298966632119125, "log10_eta": -3.871179609440949, "log10_lambda": -4.897557919042192, "log10_min_child_weight": 3.644486877617888, "log10_subsample": -0.2907996388036861, "max_depth": 3.0, "num_boost_round": 18.0}, "datetime": {"datetime": "2024-01-19 00:19:11", "elapsed": 436.234442, "delta": 0.000669}}
{"target": -17.677162767675256, "params": {"gamma": 193.1762025829422, "log10_alpha": -4.551526354617424, "log10_colsample_bytree": -0.13298966632119125, "log10_eta": -3.871179609440949, "log10_lambda": -4.897557919042192, "log10_min_child_weight": 3.644486877617888, "log10_subsample": -0.2907996388036861, "max_depth": 3.0, "num_boost_round": 19.0}, "datetime": {"datetime": "2024-01-19 00:19:11", "elapsed": 436.235058, "delta": 0.000616}}
{"target": -17.677157911223993, "params": {"gamma": 193.1762025829422, "log10_alpha": -4.551526354617424, "log10_colsample_bytree": -0.13298966632119125, "log10_eta": -3.871179609440949, "log10_lambda": -4.897557919042192, "log10_min_child_weight": 3.644486877617888, "log10_subsample": -0.2907996388036861, "max_depth": 3.0, "num_boost_round": 20.0}, "datetime": {"datetime": "2024-01-19 00:19:11", "elapsed": 436.235715, "delta": 0.000657}}
{"target": -17.677153271732315, "params": {"gamma": 193.1762025829422, "log10_alpha": -4.551526354617424, "log10_colsample_bytree": -0.13298966632119125, "log10_eta": -3.871179609440949, "log10_lambda": -4.897557919042192, "log10_min_child_weight": 3.644486877617888, "log10_subsample": -0.2907996388036861, "max_depth": 3.0, "num_boost_round": 21.0}, "datetime": {"datetime": "2024-01-19 00:19:11", "elapsed": 436.236313, "delta": 0.000598}}
{"target": -17.677150064387437, "params": {"gamma": 193.1762025829422, "log10_alpha": -4.551526354617424, "log10_colsample_bytree": -0.13298966632119125, "log10_eta": -3.871179609440949, "log10_lambda": -4.897557919042192, "log10_min_child_weight": 3.644486877617888, "log10_subsample": -0.2907996388036861, "max_depth": 3.0, "num_boost_round": 22.0}, "datetime": {"datetime": "2024-01-19 00:19:11", "elapsed": 436.23699, "delta": 0.000677}}
{"target": -17.67714800669025, "params": {"gamma": 193.1762025829422, "log10_alpha": -4.551526354617424, "log10_colsample_bytree": -0.13298966632119125, "log10_eta": -3.871179609440949, "log10_lambda": -4.897557919042192, "log10_min_child_weight": 3.644486877617888, "log10_subsample": -0.2907996388036861, "max_depth": 3.0, "num_boost_round": 23.0}, "datetime": {"datetime": "2024-01-19 00:19:11", "elapsed": 436.23814, "delta": 0.00115}}
{"target": -17.677145719803367, "params": {"gamma": 193.1762025829422, "log10_alpha": -4.551526354617424, "log10_colsample_bytree": -0.13298966632119125, "log10_eta": -3.871179609440949, "log10_lambda": -4.897557919042192, "log10_min_child_weight": 3.644486877617888, "log10_subsample": -0.2907996388036861, "max_depth": 3.0, "num_boost_round": 24.0}, "datetime": {"datetime": "2024-01-19 00:19:11", "elapsed": 436.239791, "delta": 0.001651}}
{"target": -17.677141806291267, "params": {"gamma": 193.1762025829422, "log10_alpha": -4.551526354617424, "log10_colsample_bytree": -0.13298966632119125, "log10_eta": -3.871179609440949, "log10_lambda": -4.897557919042192, "log10_min_child_weight": 3.644486877617888, "log10_subsample": -0.2907996388036861, "max_depth": 3.0, "num_boost_round": 25.0}, "datetime": {"datetime": "2024-01-19 00:19:11", "elapsed": 436.240591, "delta": 0.0008}}
{"target": -17.677139362490927, "params": {"gamma": 193.1762025829422, "log10_alpha": -4.551526354617424, "log10_colsample_bytree": -0.13298966632119125, "log10_eta": -3.871179609440949, "log10_lambda": -4.897557919042192, "log10_min_child_weight": 3.644486877617888, "log10_subsample": -0.2907996388036861, "max_depth": 3.0, "num_boost_round": 26.0}, "datetime": {"datetime": "2024-01-19 00:19:11", "elapsed": 436.241417, "delta": 0.000826}}
{"target": -17.676780607262554, "params": {"gamma": 185.3759682642777, "log10_alpha": 0.1524173243799849, "log10_colsample_bytree": -0.7322077826428746, "log10_eta": -1.8779624481829646, "log10_lambda": -4.654112907844386, "log10_min_child_weight": 2.3396631996733896, "log10_subsample": -0.8571655243641643, "max_depth": 8.0, "num_boost_round": 0.0}, "datetime": {"datetime": "2024-01-19 00:19:38", "elapsed": 463.418052, "delta": 27.176635}}
{"target": -17.67588266737364, "params": {"gamma": 185.3759682642777, "log10_alpha": 0.1524173243799849, "log10_colsample_bytree": -0.7322077826428746, "log10_eta": -1.8779624481829646, "log10_lambda": -4.654112907844386, "log10_min_child_weight": 2.3396631996733896, "log10_subsample": -0.8571655243641643, "max_depth": 8.0, "num_boost_round": 1.0}, "datetime": {"datetime": "2024-01-19 00:19:38", "elapsed": 463.419115, "delta": 0.001063}}
{"target": -17.675278225920774, "params": {"gamma": 185.3759682642777, "log10_alpha": 0.1524173243799849, "log10_colsample_bytree": -0.7322077826428746, "log10_eta": -1.8779624481829646, "log10_lambda": -4.654112907844386, "log10_min_child_weight": 2.3396631996733896, "log10_subsample": -0.8571655243641643, "max_depth": 8.0, "num_boost_round": 2.0}, "datetime": {"datetime": "2024-01-19 00:19:38", "elapsed": 463.420484, "delta": 0.001369}}
{"target": -17.675856699732506, "params": {"gamma": 185.3759682642777, "log10_alpha": 0.1524173243799849, "log10_colsample_bytree": -0.7322077826428746, "log10_eta": -1.8779624481829646, "log10_lambda": -4.654112907844386, "log10_min_child_weight": 2.3396631996733896, "log10_subsample": -0.8571655243641643, "max_depth": 8.0, "num_boost_round": 3.0}, "datetime": {"datetime": "2024-01-19 00:19:38", "elapsed": 463.421239, "delta": 0.000755}}
{"target": -17.675546409136835, "params": {"gamma": 185.3759682642777, "log10_alpha": 0.1524173243799849, "log10_colsample_bytree": -0.7322077826428746, "log10_eta": -1.8779624481829646, "log10_lambda": -4.654112907844386, "log10_min_child_weight": 2.3396631996733896, "log10_subsample": -0.8571655243641643, "max_depth": 8.0, "num_boost_round": 4.0}, "datetime": {"datetime": "2024-01-19 00:19:38", "elapsed": 463.422327, "delta": 0.001088}}
{"target": -17.675193489782824, "params": {"gamma": 185.3759682642777, "log10_alpha": 0.1524173243799849, "log10_colsample_bytree": -0.7322077826428746, "log10_eta": -1.8779624481829646, "log10_lambda": -4.654112907844386, "log10_min_child_weight": 2.3396631996733896, "log10_subsample": -0.8571655243641643, "max_depth": 8.0, "num_boost_round": 5.0}, "datetime": {"datetime": "2024-01-19 00:19:38", "elapsed": 463.423186, "delta": 0.000859}}
{"target": -17.675205987395245, "params": {"gamma": 185.3759682642777, "log10_alpha": 0.1524173243799849, "log10_colsample_bytree": -0.7322077826428746, "log10_eta": -1.8779624481829646, "log10_lambda": -4.654112907844386, "log10_min_child_weight": 2.3396631996733896, "log10_subsample": -0.8571655243641643, "max_depth": 8.0, "num_boost_round": 6.0}, "datetime": {"datetime": "2024-01-19 00:19:38", "elapsed": 463.423917, "delta": 0.000731}}
{"target": -17.6744918216464, "params": {"gamma": 185.3759682642777, "log10_alpha": 0.1524173243799849, "log10_colsample_bytree": -0.7322077826428746, "log10_eta": -1.8779624481829646, "log10_lambda": -4.654112907844386, "log10_min_child_weight": 2.3396631996733896, "log10_subsample": -0.8571655243641643, "max_depth": 8.0, "num_boost_round": 7.0}, "datetime": {"datetime": "2024-01-19 00:19:38", "elapsed": 463.424646, "delta": 0.000729}}
{"target": -17.674053299697256, "params": {"gamma": 185.3759682642777, "log10_alpha": 0.1524173243799849, "log10_colsample_bytree": -0.7322077826428746, "log10_eta": -1.8779624481829646, "log10_lambda": -4.654112907844386, "log10_min_child_weight": 2.3396631996733896, "log10_subsample": -0.8571655243641643, "max_depth": 8.0, "num_boost_round": 8.0}, "datetime": {"datetime": "2024-01-19 00:19:38", "elapsed": 463.425358, "delta": 0.000712}}
{"target": -17.674184993065033, "params": {"gamma": 185.3759682642777, "log10_alpha": 0.1524173243799849, "log10_colsample_bytree": -0.7322077826428746, "log10_eta": -1.8779624481829646, "log10_lambda": -4.654112907844386, "log10_min_child_weight": 2.3396631996733896, "log10_subsample": -0.8571655243641643, "max_depth": 8.0, "num_boost_round": 9.0}, "datetime": {"datetime": "2024-01-19 00:19:38", "elapsed": 463.426067, "delta": 0.000709}}
{"target": -17.67361922925987, "params": {"gamma": 185.3759682642777, "log10_alpha": 0.1524173243799849, "log10_colsample_bytree": -0.7322077826428746, "log10_eta": -1.8779624481829646, "log10_lambda": -4.654112907844386, "log10_min_child_weight": 2.3396631996733896, "log10_subsample": -0.8571655243641643, "max_depth": 8.0, "num_boost_round": 10.0}, "datetime": {"datetime": "2024-01-19 00:19:38", "elapsed": 463.426977, "delta": 0.00091}}
{"target": -17.67384847440523, "params": {"gamma": 185.3759682642777, "log10_alpha": 0.1524173243799849, "log10_colsample_bytree": -0.7322077826428746, "log10_eta": -1.8779624481829646, "log10_lambda": -4.654112907844386, "log10_min_child_weight": 2.3396631996733896, "log10_subsample": -0.8571655243641643, "max_depth": 8.0, "num_boost_round": 11.0}, "datetime": {"datetime": "2024-01-19 00:19:38", "elapsed": 463.4277, "delta": 0.000723}}
{"target": -17.673572734238157, "params": {"gamma": 185.3759682642777, "log10_alpha": 0.1524173243799849, "log10_colsample_bytree": -0.7322077826428746, "log10_eta": -1.8779624481829646, "log10_lambda": -4.654112907844386, "log10_min_child_weight": 2.3396631996733896, "log10_subsample": -0.8571655243641643, "max_depth": 8.0, "num_boost_round": 12.0}, "datetime": {"datetime": "2024-01-19 00:19:38", "elapsed": 463.428414, "delta": 0.000714}}
{"target": -17.672613950191735, "params": {"gamma": 185.3759682642777, "log10_alpha": 0.1524173243799849, "log10_colsample_bytree": -0.7322077826428746, "log10_eta": -1.8779624481829646, "log10_lambda": -4.654112907844386, "log10_min_child_weight": 2.3396631996733896, "log10_subsample": -0.8571655243641643, "max_depth": 8.0, "num_boost_round": 13.0}, "datetime": {"datetime": "2024-01-19 00:19:38", "elapsed": 463.42915, "delta": 0.000736}}
{"target": -17.672509211827197, "params": {"gamma": 185.3759682642777, "log10_alpha": 0.1524173243799849, "log10_colsample_bytree": -0.7322077826428746, "log10_eta": -1.8779624481829646, "log10_lambda": -4.654112907844386, "log10_min_child_weight": 2.3396631996733896, "log10_subsample": -0.8571655243641643, "max_depth": 8.0, "num_boost_round": 14.0}, "datetime": {"datetime": "2024-01-19 00:19:38", "elapsed": 463.429938, "delta": 0.000788}}
{"target": -17.671977782326096, "params": {"gamma": 185.3759682642777, "log10_alpha": 0.1524173243799849, "log10_colsample_bytree": -0.7322077826428746, "log10_eta": -1.8779624481829646, "log10_lambda": -4.654112907844386, "log10_min_child_weight": 2.3396631996733896, "log10_subsample": -0.8571655243641643, "max_depth": 8.0, "num_boost_round": 15.0}, "datetime": {"datetime": "2024-01-19 00:19:38", "elapsed": 463.430671, "delta": 0.000733}}
{"target": -17.671781631637778, "params": {"gamma": 185.3759682642777, "log10_alpha": 0.1524173243799849, "log10_colsample_bytree": -0.7322077826428746, "log10_eta": -1.8779624481829646, "log10_lambda": -4.654112907844386, "log10_min_child_weight": 2.3396631996733896, "log10_subsample": -0.8571655243641643, "max_depth": 8.0, "num_boost_round": 16.0}, "datetime": {"datetime": "2024-01-19 00:19:38", "elapsed": 463.431424, "delta": 0.000753}}
{"target": -17.672322791518276, "params": {"gamma": 185.3759682642777, "log10_alpha": 0.1524173243799849, "log10_colsample_bytree": -0.7322077826428746, "log10_eta": -1.8779624481829646, "log10_lambda": -4.654112907844386, "log10_min_child_weight": 2.3396631996733896, "log10_subsample": -0.8571655243641643, "max_depth": 8.0, "num_boost_round": 17.0}, "datetime": {"datetime": "2024-01-19 00:19:38", "elapsed": 463.432165, "delta": 0.000741}}
{"target": -17.672488821908605, "params": {"gamma": 185.3759682642777, "log10_alpha": 0.1524173243799849, "log10_colsample_bytree": -0.7322077826428746, "log10_eta": -1.8779624481829646, "log10_lambda": -4.654112907844386, "log10_min_child_weight": 2.3396631996733896, "log10_subsample": -0.8571655243641643, "max_depth": 8.0, "num_boost_round": 18.0}, "datetime": {"datetime": "2024-01-19 00:19:38", "elapsed": 463.432916, "delta": 0.000751}}
{"target": -17.67212895913363, "params": {"gamma": 185.3759682642777, "log10_alpha": 0.1524173243799849, "log10_colsample_bytree": -0.7322077826428746, "log10_eta": -1.8779624481829646, "log10_lambda": -4.654112907844386, "log10_min_child_weight": 2.3396631996733896, "log10_subsample": -0.8571655243641643, "max_depth": 8.0, "num_boost_round": 19.0}, "datetime": {"datetime": "2024-01-19 00:19:38", "elapsed": 463.433675, "delta": 0.000759}}
{"target": -17.671934011689356, "params": {"gamma": 185.3759682642777, "log10_alpha": 0.1524173243799849, "log10_colsample_bytree": -0.7322077826428746, "log10_eta": -1.8779624481829646, "log10_lambda": -4.654112907844386, "log10_min_child_weight": 2.3396631996733896, "log10_subsample": -0.8571655243641643, "max_depth": 8.0, "num_boost_round": 20.0}, "datetime": {"datetime": "2024-01-19 00:19:38", "elapsed": 463.434426, "delta": 0.000751}}
{"target": -17.671889374775983, "params": {"gamma": 185.3759682642777, "log10_alpha": 0.1524173243799849, "log10_colsample_bytree": -0.7322077826428746, "log10_eta": -1.8779624481829646, "log10_lambda": -4.654112907844386, "log10_min_child_weight": 2.3396631996733896, "log10_subsample": -0.8571655243641643, "max_depth": 8.0, "num_boost_round": 21.0}, "datetime": {"datetime": "2024-01-19 00:19:38", "elapsed": 463.435165, "delta": 0.000739}}
