{"target": -17.677192263252376, "params": {"gamma": 837.2049248892641, "log10_alpha": -0.7380026436155589, "log10_colsample_bytree": -0.47550804373842714, "log10_eta": -3.8215440796599642, "log10_lambda": -3.666447311952634, "log10_min_child_weight": 0.9458112667718777, "log10_subsample": -0.49054539148080634, "max_depth": 5.0, "num_boost_round": 4.0}, "datetime": {"datetime": "2024-01-19 02:27:27", "elapsed": 8128.442416, "delta": 0.006471}}
{"target": -17.67718624292129, "params": {"gamma": 837.2049248892641, "log10_alpha": -0.7380026436155589, "log10_colsample_bytree": -0.47550804373842714, "log10_eta": -3.8215440796599642, "log10_lambda": -3.666447311952634, "log10_min_child_weight": 0.9458112667718777, "log10_subsample": -0.49054539148080634, "max_depth": 5.0, "num_boost_round": 5.0}, "datetime": {"datetime": "2024-01-19 02:27:27", "elapsed": 8128.448864, "delta": 0.006448}}
{"target": -17.67717748608687, "params": {"gamma": 837.2049248892641, "log10_alpha": -0.7380026436155589, "log10_colsample_bytree": -0.47550804373842714, "log10_eta": -3.8215440796599642, "log10_lambda": -3.666447311952634, "log10_min_child_weight": 0.9458112667718777, "log10_subsample": -0.49054539148080634, "max_depth": 5.0, "num_boost_round": 6.0}, "datetime": {"datetime": "2024-01-19 02:27:27", "elapsed": 8128.589262, "delta": 0.140398}}
{"target": -17.67717521597885, "params": {"gamma": 837.2049248892641, "log10_alpha": -0.7380026436155589, "log10_colsample_bytree": -0.47550804373842714, "log10_eta": -3.8215440796599642, "log10_lambda": -3.666447311952634, "log10_min_child_weight": 0.9458112667718777, "log10_subsample": -0.49054539148080634, "max_depth": 5.0, "num_boost_round": 7.0}, "datetime": {"datetime": "2024-01-19 02:27:27", "elapsed": 8128.597486, "delta": 0.008224}}
{"target": -17.67717089667732, "params": {"gamma": 837.2049248892641, "log10_alpha": -0.7380026436155589, "log10_colsample_bytree": -0.47550804373842714, "log10_eta": -3.8215440796599642, "log10_lambda": -3.666447311952634, "log10_min_child_weight": 0.9458112667718777, "log10_subsample": -0.49054539148080634, "max_depth": 5.0, "num_boost_round": 8.0}, "datetime": {"datetime": "2024-01-19 02:27:27", "elapsed": 8128.604505, "delta": 0.007019}}
{"target": -17.67716427942064, "params": {"gamma": 837.2049248892641, "log10_alpha": -0.7380026436155589, "log10_colsample_bytree": -0.47550804373842714, "log10_eta": -3.8215440796599642, "log10_lambda": -3.666447311952634, "log10_min_child_weight": 0.9458112667718777, "log10_subsample": -0.49054539148080634, "max_depth": 5.0, "num_boost_round": 9.0}, "datetime": {"datetime": "2024-01-19 02:27:27", "elapsed": 8128.611558, "delta": 0.007053}}
{"target": -17.67714952479456, "params": {"gamma": 837.2049248892641, "log10_alpha": -0.7380026436155589, "log10_colsample_bytree": -0.47550804373842714, "log10_eta": -3.8215440796599642, "log10_lambda": -3.666447311952634, "log10_min_child_weight": 0.9458112667718777, "log10_subsample": -0.49054539148080634, "max_depth": 5.0, "num_boost_round": 10.0}, "datetime": {"datetime": "2024-01-19 02:27:27", "elapsed": 8128.618558, "delta": 0.007}}
{"target": -17.677061815790115, "params": {"gamma": 845.2027416267916, "log10_alpha": -0.8074121586255352, "log10_colsample_bytree": -0.8864645844301523, "log10_eta": -2.0985339235698595, "log10_lambda": -3.632924285478195, "log10_min_child_weight": 4.520826328468942, "log10_subsample": -0.07099112754434456, "max_depth": 6.0, "num_boost_round": 0.0}, "datetime": {"datetime": "2024-01-19 02:29:41", "elapsed": 8262.208434, "delta": 133.589876}}
{"target": -17.677042821102162, "params": {"gamma": 845.2027416267916, "log10_alpha": -0.8074121586255352, "log10_colsample_bytree": -0.8864645844301523, "log10_eta": -2.0985339235698595, "log10_lambda": -3.632924285478195, "log10_min_child_weight": 4.520826328468942, "log10_subsample": -0.07099112754434456, "max_depth": 6.0, "num_boost_round": 1.0}, "datetime": {"datetime": "2024-01-19 02:29:41", "elapsed": 8262.215966, "delta": 0.007532}}
{"target": -17.677095484322248, "params": {"gamma": 845.2027416267916, "log10_alpha": -0.8074121586255352, "log10_colsample_bytree": -0.8864645844301523, "log10_eta": -2.0985339235698595, "log10_lambda": -3.632924285478195, "log10_min_child_weight": 4.520826328468942, "log10_subsample": -0.07099112754434456, "max_depth": 6.0, "num_boost_round": 2.0}, "datetime": {"datetime": "2024-01-19 02:29:41", "elapsed": 8262.223011, "delta": 0.007045}}
{"target": -17.677021785261765, "params": {"gamma": 845.2027416267916, "log10_alpha": -0.8074121586255352, "log10_colsample_bytree": -0.8864645844301523, "log10_eta": -2.0985339235698595, "log10_lambda": -3.632924285478195, "log10_min_child_weight": 4.520826328468942, "log10_subsample": -0.07099112754434456, "max_depth": 6.0, "num_boost_round": 3.0}, "datetime": {"datetime": "2024-01-19 02:29:41", "elapsed": 8262.230268, "delta": 0.007257}}
{"target": -17.676930451788806, "params": {"gamma": 845.2027416267916, "log10_alpha": -0.8074121586255352, "log10_colsample_bytree": -0.8864645844301523, "log10_eta": -2.0985339235698595, "log10_lambda": -3.632924285478195, "log10_min_child_weight": 4.520826328468942, "log10_subsample": -0.07099112754434456, "max_depth": 6.0, "num_boost_round": 4.0}, "datetime": {"datetime": "2024-01-19 02:29:41", "elapsed": 8262.236857, "delta": 0.006589}}
{"target": -17.676911895197478, "params": {"gamma": 845.2027416267916, "log10_alpha": -0.8074121586255352, "log10_colsample_bytree": -0.8864645844301523, "log10_eta": -2.0985339235698595, "log10_lambda": -3.632924285478195, "log10_min_child_weight": 4.520826328468942, "log10_subsample": -0.07099112754434456, "max_depth": 6.0, "num_boost_round": 5.0}, "datetime": {"datetime": "2024-01-19 02:29:41", "elapsed": 8262.243389, "delta": 0.006532}}
{"target": -17.676951935154577, "params": {"gamma": 845.2027416267916, "log10_alpha": -0.8074121586255352, "log10_colsample_bytree": -0.8864645844301523, "log10_eta": -2.0985339235698595, "log10_lambda": -3.632924285478195, "log10_min_child_weight": 4.520826328468942, "log10_subsample": -0.07099112754434456, "max_depth": 6.0, "num_boost_round": 6.0}, "datetime": {"datetime": "2024-01-19 02:29:41", "elapsed": 8262.249867, "delta": 0.006478}}
{"target": -17.67683138120795, "params": {"gamma": 845.2027416267916, "log10_alpha": -0.8074121586255352, "log10_colsample_bytree": -0.8864645844301523, "log10_eta": -2.0985339235698595, "log10_lambda": -3.632924285478195, "log10_min_child_weight": 4.520826328468942, "log10_subsample": -0.07099112754434456, "max_depth": 6.0, "num_boost_round": 7.0}, "datetime": {"datetime": "2024-01-19 02:29:41", "elapsed": 8262.260873, "delta": 0.011006}}
{"target": -17.676870818199408, "params": {"gamma": 845.2027416267916, "log10_alpha": -0.8074121586255352, "log10_colsample_bytree": -0.8864645844301523, "log10_eta": -2.0985339235698595, "log10_lambda": -3.632924285478195, "log10_min_child_weight": 4.520826328468942, "log10_subsample": -0.07099112754434456, "max_depth": 6.0, "num_boost_round": 8.0}, "datetime": {"datetime": "2024-01-19 02:29:41", "elapsed": 8262.267595, "delta": 0.006722}}
{"target": -17.676943178276485, "params": {"gamma": 845.2027416267916, "log10_alpha": -0.8074121586255352, "log10_colsample_bytree": -0.8864645844301523, "log10_eta": -2.0985339235698595, "log10_lambda": -3.632924285478195, "log10_min_child_weight": 4.520826328468942, "log10_subsample": -0.07099112754434456, "max_depth": 6.0, "num_boost_round": 9.0}, "datetime": {"datetime": "2024-01-19 02:29:41", "elapsed": 8262.274347, "delta": 0.006752}}
{"target": -17.676876403567476, "params": {"gamma": 845.2027416267916, "log10_alpha": -0.8074121586255352, "log10_colsample_bytree": -0.8864645844301523, "log10_eta": -2.0985339235698595, "log10_lambda": -3.632924285478195, "log10_min_child_weight": 4.520826328468942, "log10_subsample": -0.07099112754434456, "max_depth": 6.0, "num_boost_round": 10.0}, "datetime": {"datetime": "2024-01-19 02:29:41", "elapsed": 8262.281114, "delta": 0.006767}}
{"target": -17.677147442847456, "params": {"gamma": 843.5870969407235, "log10_alpha": -2.932553241382375, "log10_colsample_bytree": -0.5198389450016299, "log10_eta": -1.3357828385324932, "log10_lambda": -3.3015824110951923, "log10_min_child_weight": 4.560882171599676, "log10_subsample": -0.6702374309912982, "max_depth": 4.0, "num_boost_round": 0.0}, "datetime": {"datetime": "2024-01-19 02:31:32", "elapsed": 8373.543803, "delta": 111.262689}}
{"target": -17.67685023607828, "params": {"gamma": 843.5870969407235, "log10_alpha": -2.932553241382375, "log10_colsample_bytree": -0.5198389450016299, "log10_eta": -1.3357828385324932, "log10_lambda": -3.3015824110951923, "log10_min_child_weight": 4.560882171599676, "log10_subsample": -0.6702374309912982, "max_depth": 4.0, "num_boost_round": 1.0}, "datetime": {"datetime": "2024-01-19 02:31:32", "elapsed": 8373.551707, "delta": 0.007904}}
{"target": -17.677174932418037, "params": {"gamma": 843.5870969407235, "log10_alpha": -2.932553241382375, "log10_colsample_bytree": -0.5198389450016299, "log10_eta": -1.3357828385324932, "log10_lambda": -3.3015824110951923, "log10_min_child_weight": 4.560882171599676, "log10_subsample": -0.6702374309912982, "max_depth": 4.0, "num_boost_round": 2.0}, "datetime": {"datetime": "2024-01-19 02:31:32", "elapsed": 8373.55839, "delta": 0.006683}}
{"target": -17.67688183180301, "params": {"gamma": 843.5870969407235, "log10_alpha": -2.932553241382375, "log10_colsample_bytree": -0.5198389450016299, "log10_eta": -1.3357828385324932, "log10_lambda": -3.3015824110951923, "log10_min_child_weight": 4.560882171599676, "log10_subsample": -0.6702374309912982, "max_depth": 4.0, "num_boost_round": 3.0}, "datetime": {"datetime": "2024-01-19 02:31:32", "elapsed": 8373.564858, "delta": 0.006468}}
{"target": -17.67720063946946, "params": {"gamma": 843.5870969407235, "log10_alpha": -2.932553241382375, "log10_colsample_bytree": -0.5198389450016299, "log10_eta": -1.3357828385324932, "log10_lambda": -3.3015824110951923, "log10_min_child_weight": 4.560882171599676, "log10_subsample": -0.6702374309912982, "max_depth": 4.0, "num_boost_round": 4.0}, "datetime": {"datetime": "2024-01-19 02:31:32", "elapsed": 8373.571593, "delta": 0.006735}}
{"target": -17.677328285334696, "params": {"gamma": 843.5870969407235, "log10_alpha": -2.932553241382375, "log10_colsample_bytree": -0.5198389450016299, "log10_eta": -1.3357828385324932, "log10_lambda": -3.3015824110951923, "log10_min_child_weight": 4.560882171599676, "log10_subsample": -0.6702374309912982, "max_depth": 4.0, "num_boost_round": 5.0}, "datetime": {"datetime": "2024-01-19 02:31:32", "elapsed": 8373.578402, "delta": 0.006809}}
{"target": -17.677285882799726, "params": {"gamma": 843.5870969407235, "log10_alpha": -2.932553241382375, "log10_colsample_bytree": -0.5198389450016299, "log10_eta": -1.3357828385324932, "log10_lambda": -3.3015824110951923, "log10_min_child_weight": 4.560882171599676, "log10_subsample": -0.6702374309912982, "max_depth": 4.0, "num_boost_round": 6.0}, "datetime": {"datetime": "2024-01-19 02:31:32", "elapsed": 8373.585009, "delta": 0.006607}}
{"target": -17.677646066657367, "params": {"gamma": 843.5870969407235, "log10_alpha": -2.932553241382375, "log10_colsample_bytree": -0.5198389450016299, "log10_eta": -1.3357828385324932, "log10_lambda": -3.3015824110951923, "log10_min_child_weight": 4.560882171599676, "log10_subsample": -0.6702374309912982, "max_depth": 4.0, "num_boost_round": 7.0}, "datetime": {"datetime": "2024-01-19 02:31:32", "elapsed": 8373.591713, "delta": 0.006704}}
{"target": -17.67747531634977, "params": {"gamma": 843.5870969407235, "log10_alpha": -2.932553241382375, "log10_colsample_bytree": -0.5198389450016299, "log10_eta": -1.3357828385324932, "log10_lambda": -3.3015824110951923, "log10_min_child_weight": 4.560882171599676, "log10_subsample": -0.6702374309912982, "max_depth": 4.0, "num_boost_round": 8.0}, "datetime": {"datetime": "2024-01-19 02:31:32", "elapsed": 8373.598253, "delta": 0.00654}}
{"target": -17.677525204021176, "params": {"gamma": 843.5870969407235, "log10_alpha": -2.932553241382375, "log10_colsample_bytree": -0.5198389450016299, "log10_eta": -1.3357828385324932, "log10_lambda": -3.3015824110951923, "log10_min_child_weight": 4.560882171599676, "log10_subsample": -0.6702374309912982, "max_depth": 4.0, "num_boost_round": 9.0}, "datetime": {"datetime": "2024-01-19 02:31:32", "elapsed": 8373.604632, "delta": 0.006379}}
{"target": -17.677226305484286, "params": {"gamma": 831.7993656247916, "log10_alpha": -1.8572936792868542, "log10_colsample_bytree": -0.548204645220987, "log10_eta": -3.412160957141423, "log10_lambda": -4.283188181003159, "log10_min_child_weight": 4.438909566741268, "log10_subsample": -0.041325638635390516, "max_depth": 7.0, "num_boost_round": 0.0}, "datetime": {"datetime": "2024-01-19 02:33:01", "elapsed": 8462.406759, "delta": 88.802127}}
{"target": -17.677228415983095, "params": {"gamma": 831.7993656247916, "log10_alpha": -1.8572936792868542, "log10_colsample_bytree": -0.548204645220987, "log10_eta": -3.412160957141423, "log10_lambda": -4.283188181003159, "log10_min_child_weight": 4.438909566741268, "log10_subsample": -0.041325638635390516, "max_depth": 7.0, "num_boost_round": 1.0}, "datetime": {"datetime": "2024-01-19 02:33:01", "elapsed": 8462.413267, "delta": 0.006508}}
{"target": -17.677226843550415, "params": {"gamma": 831.7993656247916, "log10_alpha": -1.8572936792868542, "log10_colsample_bytree": -0.548204645220987, "log10_eta": -3.412160957141423, "log10_lambda": -4.283188181003159, "log10_min_child_weight": 4.438909566741268, "log10_subsample": -0.041325638635390516, "max_depth": 7.0, "num_boost_round": 2.0}, "datetime": {"datetime": "2024-01-19 02:33:01", "elapsed": 8462.419751, "delta": 0.006484}}
{"target": -17.6772224163978, "params": {"gamma": 831.7993656247916, "log10_alpha": -1.8572936792868542, "log10_colsample_bytree": -0.548204645220987, "log10_eta": -3.412160957141423, "log10_lambda": -4.283188181003159, "log10_min_child_weight": 4.438909566741268, "log10_subsample": -0.041325638635390516, "max_depth": 7.0, "num_boost_round": 3.0}, "datetime": {"datetime": "2024-01-19 02:33:01", "elapsed": 8462.426316, "delta": 0.006565}}
{"target": -17.677209042790473, "params": {"gamma": 831.7993656247916, "log10_alpha": -1.8572936792868542, "log10_colsample_bytree": -0.548204645220987, "log10_eta": -3.412160957141423, "log10_lambda": -4.283188181003159, "log10_min_child_weight": 4.438909566741268, "log10_subsample": -0.041325638635390516, "max_depth": 7.0, "num_boost_round": 4.0}, "datetime": {"datetime": "2024-01-19 02:33:01", "elapsed": 8462.432851, "delta": 0.006535}}
{"target": -17.67720806788362, "params": {"gamma": 831.7993656247916, "log10_alpha": -1.8572936792868542, "log10_colsample_bytree": -0.548204645220987, "log10_eta": -3.412160957141423, "log10_lambda": -4.283188181003159, "log10_min_child_weight": 4.438909566741268, "log10_subsample": -0.041325638635390516, "max_depth": 7.0, "num_boost_round": 5.0}, "datetime": {"datetime": "2024-01-19 02:33:01", "elapsed": 8462.439279, "delta": 0.006428}}
{"target": -17.677208822595112, "params": {"gamma": 831.7993656247916, "log10_alpha": -1.8572936792868542, "log10_colsample_bytree": -0.548204645220987, "log10_eta": -3.412160957141423, "log10_lambda": -4.283188181003159, "log10_min_child_weight": 4.438909566741268, "log10_subsample": -0.041325638635390516, "max_depth": 7.0, "num_boost_round": 6.0}, "datetime": {"datetime": "2024-01-19 02:33:01", "elapsed": 8462.445735, "delta": 0.006456}}
{"target": -17.677210962230742, "params": {"gamma": 831.7993656247916, "log10_alpha": -1.8572936792868542, "log10_colsample_bytree": -0.548204645220987, "log10_eta": -3.412160957141423, "log10_lambda": -4.283188181003159, "log10_min_child_weight": 4.438909566741268, "log10_subsample": -0.041325638635390516, "max_depth": 7.0, "num_boost_round": 7.0}, "datetime": {"datetime": "2024-01-19 02:33:01", "elapsed": 8462.452243, "delta": 0.006508}}
{"target": -17.677206965007375, "params": {"gamma": 831.7993656247916, "log10_alpha": -1.8572936792868542, "log10_colsample_bytree": -0.548204645220987, "log10_eta": -3.412160957141423, "log10_lambda": -4.283188181003159, "log10_min_child_weight": 4.438909566741268, "log10_subsample": -0.041325638635390516, "max_depth": 7.0, "num_boost_round": 8.0}, "datetime": {"datetime": "2024-01-19 02:33:01", "elapsed": 8462.458725, "delta": 0.006482}}
{"target": -17.677202949374582, "params": {"gamma": 831.7993656247916, "log10_alpha": -1.8572936792868542, "log10_colsample_bytree": -0.548204645220987, "log10_eta": -3.412160957141423, "log10_lambda": -4.283188181003159, "log10_min_child_weight": 4.438909566741268, "log10_subsample": -0.041325638635390516, "max_depth": 7.0, "num_boost_round": 9.0}, "datetime": {"datetime": "2024-01-19 02:33:01", "elapsed": 8462.46541, "delta": 0.006685}}
{"target": -17.677192683021044, "params": {"gamma": 831.7993656247916, "log10_alpha": -1.8572936792868542, "log10_colsample_bytree": -0.548204645220987, "log10_eta": -3.412160957141423, "log10_lambda": -4.283188181003159, "log10_min_child_weight": 4.438909566741268, "log10_subsample": -0.041325638635390516, "max_depth": 7.0, "num_boost_round": 10.0}, "datetime": {"datetime": "2024-01-19 02:33:01", "elapsed": 8462.471921, "delta": 0.006511}}
{"target": -17.6772132430231, "params": {"gamma": 882.02824379817, "log10_alpha": 0.8535325197213037, "log10_colsample_bytree": -0.4237585885137021, "log10_eta": -3.3769478555629515, "log10_lambda": 0.8722426606718212, "log10_min_child_weight": 1.9267717384767924, "log10_subsample": -0.4025455108975112, "max_depth": 5.0, "num_boost_round": 0.0}, "datetime": {"datetime": "2024-01-19 02:35:11", "elapsed": 8592.200588, "delta": 129.728667}}
{"target": -17.67718212814696, "params": {"gamma": 882.02824379817, "log10_alpha": 0.8535325197213037, "log10_colsample_bytree": -0.4237585885137021, "log10_eta": -3.3769478555629515, "log10_lambda": 0.8722426606718212, "log10_min_child_weight": 1.9267717384767924, "log10_subsample": -0.4025455108975112, "max_depth": 5.0, "num_boost_round": 1.0}, "datetime": {"datetime": "2024-01-19 02:35:11", "elapsed": 8592.208157, "delta": 0.007569}}
{"target": -17.67715487905242, "params": {"gamma": 882.02824379817, "log10_alpha": 0.8535325197213037, "log10_colsample_bytree": -0.4237585885137021, "log10_eta": -3.3769478555629515, "log10_lambda": 0.8722426606718212, "log10_min_child_weight": 1.9267717384767924, "log10_subsample": -0.4025455108975112, "max_depth": 5.0, "num_boost_round": 2.0}, "datetime": {"datetime": "2024-01-19 02:35:11", "elapsed": 8592.215084, "delta": 0.006927}}
{"target": -17.6771456228522, "params": {"gamma": 882.02824379817, "log10_alpha": 0.8535325197213037, "log10_colsample_bytree": -0.4237585885137021, "log10_eta": -3.3769478555629515, "log10_lambda": 0.8722426606718212, "log10_min_child_weight": 1.9267717384767924, "log10_subsample": -0.4025455108975112, "max_depth": 5.0, "num_boost_round": 3.0}, "datetime": {"datetime": "2024-01-19 02:35:11", "elapsed": 8592.222244, "delta": 0.00716}}
{"target": -17.677119474136724, "params": {"gamma": 882.02824379817, "log10_alpha": 0.8535325197213037, "log10_colsample_bytree": -0.4237585885137021, "log10_eta": -3.3769478555629515, "log10_lambda": 0.8722426606718212, "log10_min_child_weight": 1.9267717384767924, "log10_subsample": -0.4025455108975112, "max_depth": 5.0, "num_boost_round": 4.0}, "datetime": {"datetime": "2024-01-19 02:35:11", "elapsed": 8592.229978, "delta": 0.007734}}
{"target": -17.677107405001866, "params": {"gamma": 882.02824379817, "log10_alpha": 0.8535325197213037, "log10_colsample_bytree": -0.4237585885137021, "log10_eta": -3.3769478555629515, "log10_lambda": 0.8722426606718212, "log10_min_child_weight": 1.9267717384767924, "log10_subsample": -0.4025455108975112, "max_depth": 5.0, "num_boost_round": 5.0}, "datetime": {"datetime": "2024-01-19 02:35:11", "elapsed": 8592.237002, "delta": 0.007024}}
{"target": -17.67708724993122, "params": {"gamma": 882.02824379817, "log10_alpha": 0.8535325197213037, "log10_colsample_bytree": -0.4237585885137021, "log10_eta": -3.3769478555629515, "log10_lambda": 0.8722426606718212, "log10_min_child_weight": 1.9267717384767924, "log10_subsample": -0.4025455108975112, "max_depth": 5.0, "num_boost_round": 6.0}, "datetime": {"datetime": "2024-01-19 02:35:11", "elapsed": 8592.24395, "delta": 0.006948}}
{"target": -17.677076286562965, "params": {"gamma": 882.02824379817, "log10_alpha": 0.8535325197213037, "log10_colsample_bytree": -0.4237585885137021, "log10_eta": -3.3769478555629515, "log10_lambda": 0.8722426606718212, "log10_min_child_weight": 1.9267717384767924, "log10_subsample": -0.4025455108975112, "max_depth": 5.0, "num_boost_round": 7.0}, "datetime": {"datetime": "2024-01-19 02:35:11", "elapsed": 8592.25095, "delta": 0.007}}
{"target": -17.67706138186011, "params": {"gamma": 882.02824379817, "log10_alpha": 0.8535325197213037, "log10_colsample_bytree": -0.4237585885137021, "log10_eta": -3.3769478555629515, "log10_lambda": 0.8722426606718212, "log10_min_child_weight": 1.9267717384767924, "log10_subsample": -0.4025455108975112, "max_depth": 5.0, "num_boost_round": 8.0}, "datetime": {"datetime": "2024-01-19 02:35:11", "elapsed": 8592.257895, "delta": 0.006945}}
{"target": -17.6770390695416, "params": {"gamma": 882.02824379817, "log10_alpha": 0.8535325197213037, "log10_colsample_bytree": -0.4237585885137021, "log10_eta": -3.3769478555629515, "log10_lambda": 0.8722426606718212, "log10_min_child_weight": 1.9267717384767924, "log10_subsample": -0.4025455108975112, "max_depth": 5.0, "num_boost_round": 9.0}, "datetime": {"datetime": "2024-01-19 02:35:11", "elapsed": 8592.264705, "delta": 0.00681}}
