{"target": -13.758438870329218, "params": {"gamma": 160.6679018099295, "log10_alpha": 0.33432961577539544, "log10_colsample_bytree": -0.7160303567109294, "log10_eta": -2.9193174824007273, "log10_lambda": -3.5746890726271285, "log10_min_child_weight": 2.9424322067646957, "log10_subsample": -0.19219263001154074, "max_depth": 2.0, "num_boost_round": 10.0}, "datetime": {"datetime": "2024-01-19 00:35:26", "elapsed": 1434.282128, "delta": 0.001742}}
{"target": -13.758425397141306, "params": {"gamma": 160.6679018099295, "log10_alpha": 0.33432961577539544, "log10_colsample_bytree": -0.7160303567109294, "log10_eta": -2.9193174824007273, "log10_lambda": -3.5746890726271285, "log10_min_child_weight": 2.9424322067646957, "log10_subsample": -0.19219263001154074, "max_depth": 2.0, "num_boost_round": 11.0}, "datetime": {"datetime": "2024-01-19 00:35:26", "elapsed": 1434.283866, "delta": 0.001738}}
{"target": -13.758410194735124, "params": {"gamma": 160.6679018099295, "log10_alpha": 0.33432961577539544, "log10_colsample_bytree": -0.7160303567109294, "log10_eta": -2.9193174824007273, "log10_lambda": -3.5746890726271285, "log10_min_child_weight": 2.9424322067646957, "log10_subsample": -0.19219263001154074, "max_depth": 2.0, "num_boost_round": 12.0}, "datetime": {"datetime": "2024-01-19 00:35:26", "elapsed": 1434.290126, "delta": 0.00626}}
{"target": -13.758537325735743, "params": {"gamma": 179.38911868229206, "log10_alpha": -0.1305899665584862, "log10_colsample_bytree": -1.0, "log10_eta": -4.0, "log10_lambda": 1.0, "log10_min_child_weight": 0.0, "log10_subsample": -0.4829736869100009, "max_depth": 2.0, "num_boost_round": 0.0}, "datetime": {"datetime": "2024-01-19 00:35:49", "elapsed": 1457.367539, "delta": 23.077413}}
{"target": -13.75853629251755, "params": {"gamma": 179.38911868229206, "log10_alpha": -0.1305899665584862, "log10_colsample_bytree": -1.0, "log10_eta": -4.0, "log10_lambda": 1.0, "log10_min_child_weight": 0.0, "log10_subsample": -0.4829736869100009, "max_depth": 2.0, "num_boost_round": 1.0}, "datetime": {"datetime": "2024-01-19 00:35:49", "elapsed": 1457.369937, "delta": 0.002398}}
{"target": -13.758536197819948, "params": {"gamma": 179.38911868229206, "log10_alpha": -0.1305899665584862, "log10_colsample_bytree": -1.0, "log10_eta": -4.0, "log10_lambda": 1.0, "log10_min_child_weight": 0.0, "log10_subsample": -0.4829736869100009, "max_depth": 2.0, "num_boost_round": 2.0}, "datetime": {"datetime": "2024-01-19 00:35:49", "elapsed": 1457.372108, "delta": 0.002171}}
{"target": -13.758535282117638, "params": {"gamma": 179.38911868229206, "log10_alpha": -0.1305899665584862, "log10_colsample_bytree": -1.0, "log10_eta": -4.0, "log10_lambda": 1.0, "log10_min_child_weight": 0.0, "log10_subsample": -0.4829736869100009, "max_depth": 2.0, "num_boost_round": 3.0}, "datetime": {"datetime": "2024-01-19 00:35:49", "elapsed": 1457.374046, "delta": 0.001938}}
{"target": -13.758534170946088, "params": {"gamma": 179.38911868229206, "log10_alpha": -0.1305899665584862, "log10_colsample_bytree": -1.0, "log10_eta": -4.0, "log10_lambda": 1.0, "log10_min_child_weight": 0.0, "log10_subsample": -0.4829736869100009, "max_depth": 2.0, "num_boost_round": 4.0}, "datetime": {"datetime": "2024-01-19 00:35:49", "elapsed": 1457.37586, "delta": 0.001814}}
{"target": -13.75853416801739, "params": {"gamma": 179.38911868229206, "log10_alpha": -0.1305899665584862, "log10_colsample_bytree": -1.0, "log10_eta": -4.0, "log10_lambda": 1.0, "log10_min_child_weight": 0.0, "log10_subsample": -0.4829736869100009, "max_depth": 2.0, "num_boost_round": 5.0}, "datetime": {"datetime": "2024-01-19 00:35:49", "elapsed": 1457.377719, "delta": 0.001859}}
{"target": -13.75853410979652, "params": {"gamma": 179.38911868229206, "log10_alpha": -0.1305899665584862, "log10_colsample_bytree": -1.0, "log10_eta": -4.0, "log10_lambda": 1.0, "log10_min_child_weight": 0.0, "log10_subsample": -0.4829736869100009, "max_depth": 2.0, "num_boost_round": 6.0}, "datetime": {"datetime": "2024-01-19 00:35:49", "elapsed": 1457.379465, "delta": 0.001746}}
{"target": -13.75853300191563, "params": {"gamma": 179.38911868229206, "log10_alpha": -0.1305899665584862, "log10_colsample_bytree": -1.0, "log10_eta": -4.0, "log10_lambda": 1.0, "log10_min_child_weight": 0.0, "log10_subsample": -0.4829736869100009, "max_depth": 2.0, "num_boost_round": 7.0}, "datetime": {"datetime": "2024-01-19 00:35:49", "elapsed": 1457.381339, "delta": 0.001874}}
{"target": -13.75853386593974, "params": {"gamma": 179.38911868229206, "log10_alpha": -0.1305899665584862, "log10_colsample_bytree": -1.0, "log10_eta": -4.0, "log10_lambda": 1.0, "log10_min_child_weight": 0.0, "log10_subsample": -0.4829736869100009, "max_depth": 2.0, "num_boost_round": 8.0}, "datetime": {"datetime": "2024-01-19 00:35:49", "elapsed": 1457.383102, "delta": 0.001763}}
{"target": -13.758533036759463, "params": {"gamma": 179.38911868229206, "log10_alpha": -0.1305899665584862, "log10_colsample_bytree": -1.0, "log10_eta": -4.0, "log10_lambda": 1.0, "log10_min_child_weight": 0.0, "log10_subsample": -0.4829736869100009, "max_depth": 2.0, "num_boost_round": 9.0}, "datetime": {"datetime": "2024-01-19 00:35:49", "elapsed": 1457.38486, "delta": 0.001758}}
{"target": -13.758535370255904, "params": {"gamma": 158.9401711279609, "log10_alpha": -5.0, "log10_colsample_bytree": -1.0, "log10_eta": -4.0, "log10_lambda": -0.2044270343255905, "log10_min_child_weight": 0.0, "log10_subsample": -0.987142010903166, "max_depth": 3.0, "num_boost_round": 0.0}, "datetime": {"datetime": "2024-01-19 00:36:13", "elapsed": 1480.719475, "delta": 23.334615}}
{"target": -13.758534032879762, "params": {"gamma": 158.9401711279609, "log10_alpha": -5.0, "log10_colsample_bytree": -1.0, "log10_eta": -4.0, "log10_lambda": -0.2044270343255905, "log10_min_child_weight": 0.0, "log10_subsample": -0.987142010903166, "max_depth": 3.0, "num_boost_round": 1.0}, "datetime": {"datetime": "2024-01-19 00:36:13", "elapsed": 1480.721767, "delta": 0.002292}}
{"target": -13.758534384608689, "params": {"gamma": 158.9401711279609, "log10_alpha": -5.0, "log10_colsample_bytree": -1.0, "log10_eta": -4.0, "log10_lambda": -0.2044270343255905, "log10_min_child_weight": 0.0, "log10_subsample": -0.987142010903166, "max_depth": 3.0, "num_boost_round": 2.0}, "datetime": {"datetime": "2024-01-19 00:36:13", "elapsed": 1480.723638, "delta": 0.001871}}
{"target": -13.758535012818573, "params": {"gamma": 158.9401711279609, "log10_alpha": -5.0, "log10_colsample_bytree": -1.0, "log10_eta": -4.0, "log10_lambda": -0.2044270343255905, "log10_min_child_weight": 0.0, "log10_subsample": -0.987142010903166, "max_depth": 3.0, "num_boost_round": 3.0}, "datetime": {"datetime": "2024-01-19 00:36:13", "elapsed": 1480.725465, "delta": 0.001827}}
{"target": -13.758535387294142, "params": {"gamma": 158.9401711279609, "log10_alpha": -5.0, "log10_colsample_bytree": -1.0, "log10_eta": -4.0, "log10_lambda": -0.2044270343255905, "log10_min_child_weight": 0.0, "log10_subsample": -0.987142010903166, "max_depth": 3.0, "num_boost_round": 4.0}, "datetime": {"datetime": "2024-01-19 00:36:13", "elapsed": 1480.727262, "delta": 0.001797}}
{"target": -13.758534953863286, "params": {"gamma": 158.9401711279609, "log10_alpha": -5.0, "log10_colsample_bytree": -1.0, "log10_eta": -4.0, "log10_lambda": -0.2044270343255905, "log10_min_child_weight": 0.0, "log10_subsample": -0.987142010903166, "max_depth": 3.0, "num_boost_round": 5.0}, "datetime": {"datetime": "2024-01-19 00:36:13", "elapsed": 1480.729818, "delta": 0.002556}}
{"target": -13.75853463943037, "params": {"gamma": 158.9401711279609, "log10_alpha": -5.0, "log10_colsample_bytree": -1.0, "log10_eta": -4.0, "log10_lambda": -0.2044270343255905, "log10_min_child_weight": 0.0, "log10_subsample": -0.987142010903166, "max_depth": 3.0, "num_boost_round": 6.0}, "datetime": {"datetime": "2024-01-19 00:36:13", "elapsed": 1480.731645, "delta": 0.001827}}
{"target": -13.75853356536531, "params": {"gamma": 158.9401711279609, "log10_alpha": -5.0, "log10_colsample_bytree": -1.0, "log10_eta": -4.0, "log10_lambda": -0.2044270343255905, "log10_min_child_weight": 0.0, "log10_subsample": -0.987142010903166, "max_depth": 3.0, "num_boost_round": 7.0}, "datetime": {"datetime": "2024-01-19 00:36:13", "elapsed": 1480.733435, "delta": 0.00179}}
{"target": -13.758533452122908, "params": {"gamma": 158.9401711279609, "log10_alpha": -5.0, "log10_colsample_bytree": -1.0, "log10_eta": -4.0, "log10_lambda": -0.2044270343255905, "log10_min_child_weight": 0.0, "log10_subsample": -0.987142010903166, "max_depth": 3.0, "num_boost_round": 8.0}, "datetime": {"datetime": "2024-01-19 00:36:13", "elapsed": 1480.73522, "delta": 0.001785}}
{"target": -13.75853186891344, "params": {"gamma": 158.9401711279609, "log10_alpha": -5.0, "log10_colsample_bytree": -1.0, "log10_eta": -4.0, "log10_lambda": -0.2044270343255905, "log10_min_child_weight": 0.0, "log10_subsample": -0.987142010903166, "max_depth": 3.0, "num_boost_round": 9.0}, "datetime": {"datetime": "2024-01-19 00:36:13", "elapsed": 1480.737081, "delta": 0.001861}}
{"target": -13.758352813309726, "params": {"gamma": 156.99474591396378, "log10_alpha": -4.463765579990231, "log10_colsample_bytree": -0.5241682805182314, "log10_eta": -1.8483020902694074, "log10_lambda": -1.1311989209504745, "log10_min_child_weight": 1.6624974899500193, "log10_subsample": -0.2534109211279031, "max_depth": 3.0, "num_boost_round": 0.0}, "datetime": {"datetime": "2024-01-19 00:36:36", "elapsed": 1504.072241, "delta": 23.33516}}
{"target": -13.758112348677257, "params": {"gamma": 156.99474591396378, "log10_alpha": -4.463765579990231, "log10_colsample_bytree": -0.5241682805182314, "log10_eta": -1.8483020902694074, "log10_lambda": -1.1311989209504745, "log10_min_child_weight": 1.6624974899500193, "log10_subsample": -0.2534109211279031, "max_depth": 3.0, "num_boost_round": 1.0}, "datetime": {"datetime": "2024-01-19 00:36:36", "elapsed": 1504.074309, "delta": 0.002068}}
{"target": -13.758089330236581, "params": {"gamma": 156.99474591396378, "log10_alpha": -4.463765579990231, "log10_colsample_bytree": -0.5241682805182314, "log10_eta": -1.8483020902694074, "log10_lambda": -1.1311989209504745, "log10_min_child_weight": 1.6624974899500193, "log10_subsample": -0.2534109211279031, "max_depth": 3.0, "num_boost_round": 2.0}, "datetime": {"datetime": "2024-01-19 00:36:36", "elapsed": 1504.076556, "delta": 0.002247}}
{"target": -13.758049119272961, "params": {"gamma": 156.99474591396378, "log10_alpha": -4.463765579990231, "log10_colsample_bytree": -0.5241682805182314, "log10_eta": -1.8483020902694074, "log10_lambda": -1.1311989209504745, "log10_min_child_weight": 1.6624974899500193, "log10_subsample": -0.2534109211279031, "max_depth": 3.0, "num_boost_round": 3.0}, "datetime": {"datetime": "2024-01-19 00:36:36", "elapsed": 1504.078375, "delta": 0.001819}}
{"target": -13.75801613738618, "params": {"gamma": 156.99474591396378, "log10_alpha": -4.463765579990231, "log10_colsample_bytree": -0.5241682805182314, "log10_eta": -1.8483020902694074, "log10_lambda": -1.1311989209504745, "log10_min_child_weight": 1.6624974899500193, "log10_subsample": -0.2534109211279031, "max_depth": 3.0, "num_boost_round": 4.0}, "datetime": {"datetime": "2024-01-19 00:36:36", "elapsed": 1504.080155, "delta": 0.00178}}
{"target": -13.757417001604612, "params": {"gamma": 156.99474591396378, "log10_alpha": -4.463765579990231, "log10_colsample_bytree": -0.5241682805182314, "log10_eta": -1.8483020902694074, "log10_lambda": -1.1311989209504745, "log10_min_child_weight": 1.6624974899500193, "log10_subsample": -0.2534109211279031, "max_depth": 3.0, "num_boost_round": 5.0}, "datetime": {"datetime": "2024-01-19 00:36:36", "elapsed": 1504.083849, "delta": 0.003694}}
{"target": -13.757322355956138, "params": {"gamma": 156.99474591396378, "log10_alpha": -4.463765579990231, "log10_colsample_bytree": -0.5241682805182314, "log10_eta": -1.8483020902694074, "log10_lambda": -1.1311989209504745, "log10_min_child_weight": 1.6624974899500193, "log10_subsample": -0.2534109211279031, "max_depth": 3.0, "num_boost_round": 6.0}, "datetime": {"datetime": "2024-01-19 00:36:36", "elapsed": 1504.086644, "delta": 0.002795}}
{"target": -13.757134404966417, "params": {"gamma": 156.99474591396378, "log10_alpha": -4.463765579990231, "log10_colsample_bytree": -0.5241682805182314, "log10_eta": -1.8483020902694074, "log10_lambda": -1.1311989209504745, "log10_min_child_weight": 1.6624974899500193, "log10_subsample": -0.2534109211279031, "max_depth": 3.0, "num_boost_round": 7.0}, "datetime": {"datetime": "2024-01-19 00:36:36", "elapsed": 1504.08847, "delta": 0.001826}}
{"target": -13.75722306116733, "params": {"gamma": 156.99474591396378, "log10_alpha": -4.463765579990231, "log10_colsample_bytree": -0.5241682805182314, "log10_eta": -1.8483020902694074, "log10_lambda": -1.1311989209504745, "log10_min_child_weight": 1.6624974899500193, "log10_subsample": -0.2534109211279031, "max_depth": 3.0, "num_boost_round": 8.0}, "datetime": {"datetime": "2024-01-19 00:36:36", "elapsed": 1504.090236, "delta": 0.001766}}
{"target": -13.75694874389719, "params": {"gamma": 156.99474591396378, "log10_alpha": -4.463765579990231, "log10_colsample_bytree": -0.5241682805182314, "log10_eta": -1.8483020902694074, "log10_lambda": -1.1311989209504745, "log10_min_child_weight": 1.6624974899500193, "log10_subsample": -0.2534109211279031, "max_depth": 3.0, "num_boost_round": 9.0}, "datetime": {"datetime": "2024-01-19 00:36:36", "elapsed": 1504.092152, "delta": 0.001916}}
{"target": -13.756829292189558, "params": {"gamma": 156.99474591396378, "log10_alpha": -4.463765579990231, "log10_colsample_bytree": -0.5241682805182314, "log10_eta": -1.8483020902694074, "log10_lambda": -1.1311989209504745, "log10_min_child_weight": 1.6624974899500193, "log10_subsample": -0.2534109211279031, "max_depth": 3.0, "num_boost_round": 10.0}, "datetime": {"datetime": "2024-01-19 00:36:36", "elapsed": 1504.093996, "delta": 0.001844}}
{"target": -13.756634465985321, "params": {"gamma": 156.99474591396378, "log10_alpha": -4.463765579990231, "log10_colsample_bytree": -0.5241682805182314, "log10_eta": -1.8483020902694074, "log10_lambda": -1.1311989209504745, "log10_min_child_weight": 1.6624974899500193, "log10_subsample": -0.2534109211279031, "max_depth": 3.0, "num_boost_round": 11.0}, "datetime": {"datetime": "2024-01-19 00:36:36", "elapsed": 1504.095758, "delta": 0.001762}}
{"target": -13.756735588178897, "params": {"gamma": 156.99474591396378, "log10_alpha": -4.463765579990231, "log10_colsample_bytree": -0.5241682805182314, "log10_eta": -1.8483020902694074, "log10_lambda": -1.1311989209504745, "log10_min_child_weight": 1.6624974899500193, "log10_subsample": -0.2534109211279031, "max_depth": 3.0, "num_boost_round": 12.0}, "datetime": {"datetime": "2024-01-19 00:36:36", "elapsed": 1504.097577, "delta": 0.001819}}
{"target": -13.756879987765426, "params": {"gamma": 156.99474591396378, "log10_alpha": -4.463765579990231, "log10_colsample_bytree": -0.5241682805182314, "log10_eta": -1.8483020902694074, "log10_lambda": -1.1311989209504745, "log10_min_child_weight": 1.6624974899500193, "log10_subsample": -0.2534109211279031, "max_depth": 3.0, "num_boost_round": 13.0}, "datetime": {"datetime": "2024-01-19 00:36:36", "elapsed": 1504.099342, "delta": 0.001765}}
{"target": -13.756792456284554, "params": {"gamma": 156.99474591396378, "log10_alpha": -4.463765579990231, "log10_colsample_bytree": -0.5241682805182314, "log10_eta": -1.8483020902694074, "log10_lambda": -1.1311989209504745, "log10_min_child_weight": 1.6624974899500193, "log10_subsample": -0.2534109211279031, "max_depth": 3.0, "num_boost_round": 14.0}, "datetime": {"datetime": "2024-01-19 00:36:36", "elapsed": 1504.101218, "delta": 0.001876}}
{"target": -13.756570526371066, "params": {"gamma": 156.99474591396378, "log10_alpha": -4.463765579990231, "log10_colsample_bytree": -0.5241682805182314, "log10_eta": -1.8483020902694074, "log10_lambda": -1.1311989209504745, "log10_min_child_weight": 1.6624974899500193, "log10_subsample": -0.2534109211279031, "max_depth": 3.0, "num_boost_round": 15.0}, "datetime": {"datetime": "2024-01-19 00:36:36", "elapsed": 1504.102991, "delta": 0.001773}}
{"target": -13.756621551656929, "params": {"gamma": 156.99474591396378, "log10_alpha": -4.463765579990231, "log10_colsample_bytree": -0.5241682805182314, "log10_eta": -1.8483020902694074, "log10_lambda": -1.1311989209504745, "log10_min_child_weight": 1.6624974899500193, "log10_subsample": -0.2534109211279031, "max_depth": 3.0, "num_boost_round": 16.0}, "datetime": {"datetime": "2024-01-19 00:36:36", "elapsed": 1504.104793, "delta": 0.001802}}
{"target": -13.758538047941354, "params": {"gamma": 197.5223336163323, "log10_alpha": -0.1349804375194843, "log10_colsample_bytree": -0.06560712256832424, "log10_eta": -3.9403533562666717, "log10_lambda": 0.5356848761849307, "log10_min_child_weight": 3.0664711277605585, "log10_subsample": -0.10575810078924541, "max_depth": 3.0, "num_boost_round": 0.0}, "datetime": {"datetime": "2024-01-19 00:36:59", "elapsed": 1527.326799, "delta": 23.222006}}
{"target": -13.758537851029082, "params": {"gamma": 197.5223336163323, "log10_alpha": -0.1349804375194843, "log10_colsample_bytree": -0.06560712256832424, "log10_eta": -3.9403533562666717, "log10_lambda": 0.5356848761849307, "log10_min_child_weight": 3.0664711277605585, "log10_subsample": -0.10575810078924541, "max_depth": 3.0, "num_boost_round": 1.0}, "datetime": {"datetime": "2024-01-19 00:36:59", "elapsed": 1527.329247, "delta": 0.002448}}
{"target": -13.758537448012245, "params": {"gamma": 197.5223336163323, "log10_alpha": -0.1349804375194843, "log10_colsample_bytree": -0.06560712256832424, "log10_eta": -3.9403533562666717, "log10_lambda": 0.5356848761849307, "log10_min_child_weight": 3.0664711277605585, "log10_subsample": -0.10575810078924541, "max_depth": 3.0, "num_boost_round": 2.0}, "datetime": {"datetime": "2024-01-19 00:36:59", "elapsed": 1527.331644, "delta": 0.002397}}
{"target": -13.758535539885623, "params": {"gamma": 197.5223336163323, "log10_alpha": -0.1349804375194843, "log10_colsample_bytree": -0.06560712256832424, "log10_eta": -3.9403533562666717, "log10_lambda": 0.5356848761849307, "log10_min_child_weight": 3.0664711277605585, "log10_subsample": -0.10575810078924541, "max_depth": 3.0, "num_boost_round": 3.0}, "datetime": {"datetime": "2024-01-19 00:36:59", "elapsed": 1527.333526, "delta": 0.001882}}
{"target": -13.758534629777822, "params": {"gamma": 197.5223336163323, "log10_alpha": -0.1349804375194843, "log10_colsample_bytree": -0.06560712256832424, "log10_eta": -3.9403533562666717, "log10_lambda": 0.5356848761849307, "log10_min_child_weight": 3.0664711277605585, "log10_subsample": -0.10575810078924541, "max_depth": 3.0, "num_boost_round": 4.0}, "datetime": {"datetime": "2024-01-19 00:36:59", "elapsed": 1527.335432, "delta": 0.001906}}
{"target": -13.758534035222612, "params": {"gamma": 197.5223336163323, "log10_alpha": -0.1349804375194843, "log10_colsample_bytree": -0.06560712256832424, "log10_eta": -3.9403533562666717, "log10_lambda": 0.5356848761849307, "log10_min_child_weight": 3.0664711277605585, "log10_subsample": -0.10575810078924541, "max_depth": 3.0, "num_boost_round": 5.0}, "datetime": {"datetime": "2024-01-19 00:36:59", "elapsed": 1527.337395, "delta": 0.001963}}
{"target": -13.758533830973985, "params": {"gamma": 197.5223336163323, "log10_alpha": -0.1349804375194843, "log10_colsample_bytree": -0.06560712256832424, "log10_eta": -3.9403533562666717, "log10_lambda": 0.5356848761849307, "log10_min_child_weight": 3.0664711277605585, "log10_subsample": -0.10575810078924541, "max_depth": 3.0, "num_boost_round": 6.0}, "datetime": {"datetime": "2024-01-19 00:36:59", "elapsed": 1527.33921, "delta": 0.001815}}
{"target": -13.758533828842694, "params": {"gamma": 197.5223336163323, "log10_alpha": -0.1349804375194843, "log10_colsample_bytree": -0.06560712256832424, "log10_eta": -3.9403533562666717, "log10_lambda": 0.5356848761849307, "log10_min_child_weight": 3.0664711277605585, "log10_subsample": -0.10575810078924541, "max_depth": 3.0, "num_boost_round": 7.0}, "datetime": {"datetime": "2024-01-19 00:36:59", "elapsed": 1527.341229, "delta": 0.002019}}
{"target": -13.758533447522492, "params": {"gamma": 197.5223336163323, "log10_alpha": -0.1349804375194843, "log10_colsample_bytree": -0.06560712256832424, "log10_eta": -3.9403533562666717, "log10_lambda": 0.5356848761849307, "log10_min_child_weight": 3.0664711277605585, "log10_subsample": -0.10575810078924541, "max_depth": 3.0, "num_boost_round": 8.0}, "datetime": {"datetime": "2024-01-19 00:36:59", "elapsed": 1527.34322, "delta": 0.001991}}
{"target": -13.758533127192644, "params": {"gamma": 197.5223336163323, "log10_alpha": -0.1349804375194843, "log10_colsample_bytree": -0.06560712256832424, "log10_eta": -3.9403533562666717, "log10_lambda": 0.5356848761849307, "log10_min_child_weight": 3.0664711277605585, "log10_subsample": -0.10575810078924541, "max_depth": 3.0, "num_boost_round": 9.0}, "datetime": {"datetime": "2024-01-19 00:36:59", "elapsed": 1527.345106, "delta": 0.001886}}
{"target": -13.758533163562715, "params": {"gamma": 197.5223336163323, "log10_alpha": -0.1349804375194843, "log10_colsample_bytree": -0.06560712256832424, "log10_eta": -3.9403533562666717, "log10_lambda": 0.5356848761849307, "log10_min_child_weight": 3.0664711277605585, "log10_subsample": -0.10575810078924541, "max_depth": 3.0, "num_boost_round": 10.0}, "datetime": {"datetime": "2024-01-19 00:36:59", "elapsed": 1527.346921, "delta": 0.001815}}
{"target": -13.758532946275936, "params": {"gamma": 197.5223336163323, "log10_alpha": -0.1349804375194843, "log10_colsample_bytree": -0.06560712256832424, "log10_eta": -3.9403533562666717, "log10_lambda": 0.5356848761849307, "log10_min_child_weight": 3.0664711277605585, "log10_subsample": -0.10575810078924541, "max_depth": 3.0, "num_boost_round": 11.0}, "datetime": {"datetime": "2024-01-19 00:36:59", "elapsed": 1527.348766, "delta": 0.001845}}
