{"target": -17.677225039811407, "params": {"gamma": 973.7420580302341, "log10_alpha": -3.4230034067979167, "log10_colsample_bytree": -0.8419720348713572, "log10_eta": -3.983365314868725, "log10_lambda": -2.9207327938844005, "log10_min_child_weight": 3.2023572315386426, "log10_subsample": -0.5643524931222141, "max_depth": 9.0, "num_boost_round": 3.0}, "datetime": {"datetime": "2024-01-19 01:49:22", "elapsed": 5856.097232, "delta": 0.005481}}
{"target": -17.677221675763338, "params": {"gamma": 973.7420580302341, "log10_alpha": -3.4230034067979167, "log10_colsample_bytree": -0.8419720348713572, "log10_eta": -3.983365314868725, "log10_lambda": -2.9207327938844005, "log10_min_child_weight": 3.2023572315386426, "log10_subsample": -0.5643524931222141, "max_depth": 9.0, "num_boost_round": 4.0}, "datetime": {"datetime": "2024-01-19 01:49:22", "elapsed": 5856.102725, "delta": 0.005493}}
{"target": -17.67722135234701, "params": {"gamma": 973.7420580302341, "log10_alpha": -3.4230034067979167, "log10_colsample_bytree": -0.8419720348713572, "log10_eta": -3.983365314868725, "log10_lambda": -2.9207327938844005, "log10_min_child_weight": 3.2023572315386426, "log10_subsample": -0.5643524931222141, "max_depth": 9.0, "num_boost_round": 5.0}, "datetime": {"datetime": "2024-01-19 01:49:22", "elapsed": 5856.108228, "delta": 0.005503}}
{"target": -17.67722244821959, "params": {"gamma": 973.7420580302341, "log10_alpha": -3.4230034067979167, "log10_colsample_bytree": -0.8419720348713572, "log10_eta": -3.983365314868725, "log10_lambda": -2.9207327938844005, "log10_min_child_weight": 3.2023572315386426, "log10_subsample": -0.5643524931222141, "max_depth": 9.0, "num_boost_round": 6.0}, "datetime": {"datetime": "2024-01-19 01:49:22", "elapsed": 5856.114028, "delta": 0.0058}}
{"target": -17.677219000421598, "params": {"gamma": 973.7420580302341, "log10_alpha": -3.4230034067979167, "log10_colsample_bytree": -0.8419720348713572, "log10_eta": -3.983365314868725, "log10_lambda": -2.9207327938844005, "log10_min_child_weight": 3.2023572315386426, "log10_subsample": -0.5643524931222141, "max_depth": 9.0, "num_boost_round": 7.0}, "datetime": {"datetime": "2024-01-19 01:49:22", "elapsed": 5856.11985, "delta": 0.005822}}
{"target": -17.677215789327004, "params": {"gamma": 973.7420580302341, "log10_alpha": -3.4230034067979167, "log10_colsample_bytree": -0.8419720348713572, "log10_eta": -3.983365314868725, "log10_lambda": -2.9207327938844005, "log10_min_child_weight": 3.2023572315386426, "log10_subsample": -0.5643524931222141, "max_depth": 9.0, "num_boost_round": 8.0}, "datetime": {"datetime": "2024-01-19 01:49:22", "elapsed": 5856.126242, "delta": 0.006392}}
{"target": -17.677214780144865, "params": {"gamma": 973.7420580302341, "log10_alpha": -3.4230034067979167, "log10_colsample_bytree": -0.8419720348713572, "log10_eta": -3.983365314868725, "log10_lambda": -2.9207327938844005, "log10_min_child_weight": 3.2023572315386426, "log10_subsample": -0.5643524931222141, "max_depth": 9.0, "num_boost_round": 9.0}, "datetime": {"datetime": "2024-01-19 01:49:22", "elapsed": 5856.132796, "delta": 0.006554}}
{"target": -17.677210228168992, "params": {"gamma": 973.7420580302341, "log10_alpha": -3.4230034067979167, "log10_colsample_bytree": -0.8419720348713572, "log10_eta": -3.983365314868725, "log10_lambda": -2.9207327938844005, "log10_min_child_weight": 3.2023572315386426, "log10_subsample": -0.5643524931222141, "max_depth": 9.0, "num_boost_round": 10.0}, "datetime": {"datetime": "2024-01-19 01:49:22", "elapsed": 5856.138312, "delta": 0.005516}}
{"target": -17.677210200888172, "params": {"gamma": 973.7420580302341, "log10_alpha": -3.4230034067979167, "log10_colsample_bytree": -0.8419720348713572, "log10_eta": -3.983365314868725, "log10_lambda": -2.9207327938844005, "log10_min_child_weight": 3.2023572315386426, "log10_subsample": -0.5643524931222141, "max_depth": 9.0, "num_boost_round": 11.0}, "datetime": {"datetime": "2024-01-19 01:49:22", "elapsed": 5856.143862, "delta": 0.00555}}
{"target": -17.677206561074318, "params": {"gamma": 973.7420580302341, "log10_alpha": -3.4230034067979167, "log10_colsample_bytree": -0.8419720348713572, "log10_eta": -3.983365314868725, "log10_lambda": -2.9207327938844005, "log10_min_child_weight": 3.2023572315386426, "log10_subsample": -0.5643524931222141, "max_depth": 9.0, "num_boost_round": 12.0}, "datetime": {"datetime": "2024-01-19 01:49:22", "elapsed": 5856.1493, "delta": 0.005438}}
{"target": -17.677201964232385, "params": {"gamma": 973.7420580302341, "log10_alpha": -3.4230034067979167, "log10_colsample_bytree": -0.8419720348713572, "log10_eta": -3.983365314868725, "log10_lambda": -2.9207327938844005, "log10_min_child_weight": 3.2023572315386426, "log10_subsample": -0.5643524931222141, "max_depth": 9.0, "num_boost_round": 13.0}, "datetime": {"datetime": "2024-01-19 01:49:22", "elapsed": 5856.154833, "delta": 0.005533}}
{"target": -17.677200987169748, "params": {"gamma": 973.7420580302341, "log10_alpha": -3.4230034067979167, "log10_colsample_bytree": -0.8419720348713572, "log10_eta": -3.983365314868725, "log10_lambda": -2.9207327938844005, "log10_min_child_weight": 3.2023572315386426, "log10_subsample": -0.5643524931222141, "max_depth": 9.0, "num_boost_round": 14.0}, "datetime": {"datetime": "2024-01-19 01:49:22", "elapsed": 5856.160342, "delta": 0.005509}}
{"target": -17.677195991684364, "params": {"gamma": 973.7420580302341, "log10_alpha": -3.4230034067979167, "log10_colsample_bytree": -0.8419720348713572, "log10_eta": -3.983365314868725, "log10_lambda": -2.9207327938844005, "log10_min_child_weight": 3.2023572315386426, "log10_subsample": -0.5643524931222141, "max_depth": 9.0, "num_boost_round": 15.0}, "datetime": {"datetime": "2024-01-19 01:49:22", "elapsed": 5856.165904, "delta": 0.005562}}
{"target": -17.67719739757273, "params": {"gamma": 973.7420580302341, "log10_alpha": -3.4230034067979167, "log10_colsample_bytree": -0.8419720348713572, "log10_eta": -3.983365314868725, "log10_lambda": -2.9207327938844005, "log10_min_child_weight": 3.2023572315386426, "log10_subsample": -0.5643524931222141, "max_depth": 9.0, "num_boost_round": 16.0}, "datetime": {"datetime": "2024-01-19 01:49:22", "elapsed": 5856.171395, "delta": 0.005491}}
{"target": -17.677194027349834, "params": {"gamma": 973.7420580302341, "log10_alpha": -3.4230034067979167, "log10_colsample_bytree": -0.8419720348713572, "log10_eta": -3.983365314868725, "log10_lambda": -2.9207327938844005, "log10_min_child_weight": 3.2023572315386426, "log10_subsample": -0.5643524931222141, "max_depth": 9.0, "num_boost_round": 17.0}, "datetime": {"datetime": "2024-01-19 01:49:22", "elapsed": 5856.176948, "delta": 0.005553}}
{"target": -17.67719083439547, "params": {"gamma": 973.7420580302341, "log10_alpha": -3.4230034067979167, "log10_colsample_bytree": -0.8419720348713572, "log10_eta": -3.983365314868725, "log10_lambda": -2.9207327938844005, "log10_min_child_weight": 3.2023572315386426, "log10_subsample": -0.5643524931222141, "max_depth": 9.0, "num_boost_round": 18.0}, "datetime": {"datetime": "2024-01-19 01:49:22", "elapsed": 5856.302721, "delta": 0.125773}}
{"target": -17.67718533473512, "params": {"gamma": 973.7420580302341, "log10_alpha": -3.4230034067979167, "log10_colsample_bytree": -0.8419720348713572, "log10_eta": -3.983365314868725, "log10_lambda": -2.9207327938844005, "log10_min_child_weight": 3.2023572315386426, "log10_subsample": -0.5643524931222141, "max_depth": 9.0, "num_boost_round": 19.0}, "datetime": {"datetime": "2024-01-19 01:49:22", "elapsed": 5856.310165, "delta": 0.007444}}
{"target": -17.677181961314144, "params": {"gamma": 973.7420580302341, "log10_alpha": -3.4230034067979167, "log10_colsample_bytree": -0.8419720348713572, "log10_eta": -3.983365314868725, "log10_lambda": -2.9207327938844005, "log10_min_child_weight": 3.2023572315386426, "log10_subsample": -0.5643524931222141, "max_depth": 9.0, "num_boost_round": 20.0}, "datetime": {"datetime": "2024-01-19 01:49:22", "elapsed": 5856.31645, "delta": 0.006285}}
{"target": -17.67717679288777, "params": {"gamma": 973.7420580302341, "log10_alpha": -3.4230034067979167, "log10_colsample_bytree": -0.8419720348713572, "log10_eta": -3.983365314868725, "log10_lambda": -2.9207327938844005, "log10_min_child_weight": 3.2023572315386426, "log10_subsample": -0.5643524931222141, "max_depth": 9.0, "num_boost_round": 21.0}, "datetime": {"datetime": "2024-01-19 01:49:22", "elapsed": 5856.322112, "delta": 0.005662}}
{"target": -17.677171701073714, "params": {"gamma": 973.7420580302341, "log10_alpha": -3.4230034067979167, "log10_colsample_bytree": -0.8419720348713572, "log10_eta": -3.983365314868725, "log10_lambda": -2.9207327938844005, "log10_min_child_weight": 3.2023572315386426, "log10_subsample": -0.5643524931222141, "max_depth": 9.0, "num_boost_round": 22.0}, "datetime": {"datetime": "2024-01-19 01:49:22", "elapsed": 5856.327649, "delta": 0.005537}}
{"target": -17.67716915981234, "params": {"gamma": 973.7420580302341, "log10_alpha": -3.4230034067979167, "log10_colsample_bytree": -0.8419720348713572, "log10_eta": -3.983365314868725, "log10_lambda": -2.9207327938844005, "log10_min_child_weight": 3.2023572315386426, "log10_subsample": -0.5643524931222141, "max_depth": 9.0, "num_boost_round": 23.0}, "datetime": {"datetime": "2024-01-19 01:49:22", "elapsed": 5856.333336, "delta": 0.005687}}
{"target": -17.677166066755095, "params": {"gamma": 973.7420580302341, "log10_alpha": -3.4230034067979167, "log10_colsample_bytree": -0.8419720348713572, "log10_eta": -3.983365314868725, "log10_lambda": -2.9207327938844005, "log10_min_child_weight": 3.2023572315386426, "log10_subsample": -0.5643524931222141, "max_depth": 9.0, "num_boost_round": 24.0}, "datetime": {"datetime": "2024-01-19 01:49:22", "elapsed": 5856.338972, "delta": 0.005636}}
{"target": -17.67716222364151, "params": {"gamma": 973.7420580302341, "log10_alpha": -3.4230034067979167, "log10_colsample_bytree": -0.8419720348713572, "log10_eta": -3.983365314868725, "log10_lambda": -2.9207327938844005, "log10_min_child_weight": 3.2023572315386426, "log10_subsample": -0.5643524931222141, "max_depth": 9.0, "num_boost_round": 25.0}, "datetime": {"datetime": "2024-01-19 01:49:22", "elapsed": 5856.345363, "delta": 0.006391}}
{"target": -17.67716119632978, "params": {"gamma": 973.7420580302341, "log10_alpha": -3.4230034067979167, "log10_colsample_bytree": -0.8419720348713572, "log10_eta": -3.983365314868725, "log10_lambda": -2.9207327938844005, "log10_min_child_weight": 3.2023572315386426, "log10_subsample": -0.5643524931222141, "max_depth": 9.0, "num_boost_round": 26.0}, "datetime": {"datetime": "2024-01-19 01:49:22", "elapsed": 5856.351296, "delta": 0.005933}}
{"target": -17.677157505482004, "params": {"gamma": 973.7420580302341, "log10_alpha": -3.4230034067979167, "log10_colsample_bytree": -0.8419720348713572, "log10_eta": -3.983365314868725, "log10_lambda": -2.9207327938844005, "log10_min_child_weight": 3.2023572315386426, "log10_subsample": -0.5643524931222141, "max_depth": 9.0, "num_boost_round": 27.0}, "datetime": {"datetime": "2024-01-19 01:49:22", "elapsed": 5856.357286, "delta": 0.00599}}
{"target": -17.67715557477169, "params": {"gamma": 973.7420580302341, "log10_alpha": -3.4230034067979167, "log10_colsample_bytree": -0.8419720348713572, "log10_eta": -3.983365314868725, "log10_lambda": -2.9207327938844005, "log10_min_child_weight": 3.2023572315386426, "log10_subsample": -0.5643524931222141, "max_depth": 9.0, "num_boost_round": 28.0}, "datetime": {"datetime": "2024-01-19 01:49:22", "elapsed": 5856.363043, "delta": 0.005757}}
{"target": -17.677149676252856, "params": {"gamma": 973.7420580302341, "log10_alpha": -3.4230034067979167, "log10_colsample_bytree": -0.8419720348713572, "log10_eta": -3.983365314868725, "log10_lambda": -2.9207327938844005, "log10_min_child_weight": 3.2023572315386426, "log10_subsample": -0.5643524931222141, "max_depth": 9.0, "num_boost_round": 29.0}, "datetime": {"datetime": "2024-01-19 01:49:22", "elapsed": 5856.368963, "delta": 0.00592}}
{"target": -17.677145624597856, "params": {"gamma": 973.7420580302341, "log10_alpha": -3.4230034067979167, "log10_colsample_bytree": -0.8419720348713572, "log10_eta": -3.983365314868725, "log10_lambda": -2.9207327938844005, "log10_min_child_weight": 3.2023572315386426, "log10_subsample": -0.5643524931222141, "max_depth": 9.0, "num_boost_round": 30.0}, "datetime": {"datetime": "2024-01-19 01:49:22", "elapsed": 5856.374916, "delta": 0.005953}}
{"target": -17.677144409989435, "params": {"gamma": 973.7420580302341, "log10_alpha": -3.4230034067979167, "log10_colsample_bytree": -0.8419720348713572, "log10_eta": -3.983365314868725, "log10_lambda": -2.9207327938844005, "log10_min_child_weight": 3.2023572315386426, "log10_subsample": -0.5643524931222141, "max_depth": 9.0, "num_boost_round": 31.0}, "datetime": {"datetime": "2024-01-19 01:49:22", "elapsed": 5856.380851, "delta": 0.005935}}
{"target": -17.6772049466971, "params": {"gamma": 972.8719967357379, "log10_alpha": -2.630472423926581, "log10_colsample_bytree": -0.0015002216495755283, "log10_eta": -3.3470103062985395, "log10_lambda": -0.2691080895616871, "log10_min_child_weight": 2.9530765891057875, "log10_subsample": -0.9352538926666726, "max_depth": 9.0, "num_boost_round": 0.0}, "datetime": {"datetime": "2024-01-19 01:50:32", "elapsed": 5925.814892, "delta": 69.434041}}
{"target": -17.67717832652717, "params": {"gamma": 972.8719967357379, "log10_alpha": -2.630472423926581, "log10_colsample_bytree": -0.0015002216495755283, "log10_eta": -3.3470103062985395, "log10_lambda": -0.2691080895616871, "log10_min_child_weight": 2.9530765891057875, "log10_subsample": -0.9352538926666726, "max_depth": 9.0, "num_boost_round": 1.0}, "datetime": {"datetime": "2024-01-19 01:50:32", "elapsed": 5925.820667, "delta": 0.005775}}
{"target": -17.677186848193013, "params": {"gamma": 972.8719967357379, "log10_alpha": -2.630472423926581, "log10_colsample_bytree": -0.0015002216495755283, "log10_eta": -3.3470103062985395, "log10_lambda": -0.2691080895616871, "log10_min_child_weight": 2.9530765891057875, "log10_subsample": -0.9352538926666726, "max_depth": 9.0, "num_boost_round": 2.0}, "datetime": {"datetime": "2024-01-19 01:50:32", "elapsed": 5925.826166, "delta": 0.005499}}
{"target": -17.677169519847702, "params": {"gamma": 972.8719967357379, "log10_alpha": -2.630472423926581, "log10_colsample_bytree": -0.0015002216495755283, "log10_eta": -3.3470103062985395, "log10_lambda": -0.2691080895616871, "log10_min_child_weight": 2.9530765891057875, "log10_subsample": -0.9352538926666726, "max_depth": 9.0, "num_boost_round": 3.0}, "datetime": {"datetime": "2024-01-19 01:50:32", "elapsed": 5925.83182, "delta": 0.005654}}
{"target": -17.677146253434902, "params": {"gamma": 972.8719967357379, "log10_alpha": -2.630472423926581, "log10_colsample_bytree": -0.0015002216495755283, "log10_eta": -3.3470103062985395, "log10_lambda": -0.2691080895616871, "log10_min_child_weight": 2.9530765891057875, "log10_subsample": -0.9352538926666726, "max_depth": 9.0, "num_boost_round": 4.0}, "datetime": {"datetime": "2024-01-19 01:50:32", "elapsed": 5925.837546, "delta": 0.005726}}
{"target": -17.677115462762135, "params": {"gamma": 972.8719967357379, "log10_alpha": -2.630472423926581, "log10_colsample_bytree": -0.0015002216495755283, "log10_eta": -3.3470103062985395, "log10_lambda": -0.2691080895616871, "log10_min_child_weight": 2.9530765891057875, "log10_subsample": -0.9352538926666726, "max_depth": 9.0, "num_boost_round": 5.0}, "datetime": {"datetime": "2024-01-19 01:50:32", "elapsed": 5925.843123, "delta": 0.005577}}
{"target": -17.677095970004082, "params": {"gamma": 972.8719967357379, "log10_alpha": -2.630472423926581, "log10_colsample_bytree": -0.0015002216495755283, "log10_eta": -3.3470103062985395, "log10_lambda": -0.2691080895616871, "log10_min_child_weight": 2.9530765891057875, "log10_subsample": -0.9352538926666726, "max_depth": 9.0, "num_boost_round": 6.0}, "datetime": {"datetime": "2024-01-19 01:50:32", "elapsed": 5925.848672, "delta": 0.005549}}
{"target": -17.67705315926021, "params": {"gamma": 972.8719967357379, "log10_alpha": -2.630472423926581, "log10_colsample_bytree": -0.0015002216495755283, "log10_eta": -3.3470103062985395, "log10_lambda": -0.2691080895616871, "log10_min_child_weight": 2.9530765891057875, "log10_subsample": -0.9352538926666726, "max_depth": 9.0, "num_boost_round": 7.0}, "datetime": {"datetime": "2024-01-19 01:50:32", "elapsed": 5925.85421, "delta": 0.005538}}
{"target": -17.677028518078515, "params": {"gamma": 972.8719967357379, "log10_alpha": -2.630472423926581, "log10_colsample_bytree": -0.0015002216495755283, "log10_eta": -3.3470103062985395, "log10_lambda": -0.2691080895616871, "log10_min_child_weight": 2.9530765891057875, "log10_subsample": -0.9352538926666726, "max_depth": 9.0, "num_boost_round": 8.0}, "datetime": {"datetime": "2024-01-19 01:50:32", "elapsed": 5925.859828, "delta": 0.005618}}
{"target": -17.677018567569384, "params": {"gamma": 972.8719967357379, "log10_alpha": -2.630472423926581, "log10_colsample_bytree": -0.0015002216495755283, "log10_eta": -3.3470103062985395, "log10_lambda": -0.2691080895616871, "log10_min_child_weight": 2.9530765891057875, "log10_subsample": -0.9352538926666726, "max_depth": 9.0, "num_boost_round": 9.0}, "datetime": {"datetime": "2024-01-19 01:50:32", "elapsed": 5925.865539, "delta": 0.005711}}
{"target": -17.67699121383829, "params": {"gamma": 972.8719967357379, "log10_alpha": -2.630472423926581, "log10_colsample_bytree": -0.0015002216495755283, "log10_eta": -3.3470103062985395, "log10_lambda": -0.2691080895616871, "log10_min_child_weight": 2.9530765891057875, "log10_subsample": -0.9352538926666726, "max_depth": 9.0, "num_boost_round": 10.0}, "datetime": {"datetime": "2024-01-19 01:50:32", "elapsed": 5925.871349, "delta": 0.00581}}
{"target": -17.676986186703825, "params": {"gamma": 972.8719967357379, "log10_alpha": -2.630472423926581, "log10_colsample_bytree": -0.0015002216495755283, "log10_eta": -3.3470103062985395, "log10_lambda": -0.2691080895616871, "log10_min_child_weight": 2.9530765891057875, "log10_subsample": -0.9352538926666726, "max_depth": 9.0, "num_boost_round": 11.0}, "datetime": {"datetime": "2024-01-19 01:50:32", "elapsed": 5925.876831, "delta": 0.005482}}
{"target": -17.67696976693726, "params": {"gamma": 972.8719967357379, "log10_alpha": -2.630472423926581, "log10_colsample_bytree": -0.0015002216495755283, "log10_eta": -3.3470103062985395, "log10_lambda": -0.2691080895616871, "log10_min_child_weight": 2.9530765891057875, "log10_subsample": -0.9352538926666726, "max_depth": 9.0, "num_boost_round": 12.0}, "datetime": {"datetime": "2024-01-19 01:50:32", "elapsed": 5925.882322, "delta": 0.005491}}
{"target": -17.676949225100532, "params": {"gamma": 972.8719967357379, "log10_alpha": -2.630472423926581, "log10_colsample_bytree": -0.0015002216495755283, "log10_eta": -3.3470103062985395, "log10_lambda": -0.2691080895616871, "log10_min_child_weight": 2.9530765891057875, "log10_subsample": -0.9352538926666726, "max_depth": 9.0, "num_boost_round": 13.0}, "datetime": {"datetime": "2024-01-19 01:50:32", "elapsed": 5925.887827, "delta": 0.005505}}
{"target": -17.676934264238312, "params": {"gamma": 972.8719967357379, "log10_alpha": -2.630472423926581, "log10_colsample_bytree": -0.0015002216495755283, "log10_eta": -3.3470103062985395, "log10_lambda": -0.2691080895616871, "log10_min_child_weight": 2.9530765891057875, "log10_subsample": -0.9352538926666726, "max_depth": 9.0, "num_boost_round": 14.0}, "datetime": {"datetime": "2024-01-19 01:50:32", "elapsed": 5925.893307, "delta": 0.00548}}
{"target": -17.67693708902969, "params": {"gamma": 972.8719967357379, "log10_alpha": -2.630472423926581, "log10_colsample_bytree": -0.0015002216495755283, "log10_eta": -3.3470103062985395, "log10_lambda": -0.2691080895616871, "log10_min_child_weight": 2.9530765891057875, "log10_subsample": -0.9352538926666726, "max_depth": 9.0, "num_boost_round": 15.0}, "datetime": {"datetime": "2024-01-19 01:50:32", "elapsed": 5925.898846, "delta": 0.005539}}
{"target": -17.676910117583517, "params": {"gamma": 972.8719967357379, "log10_alpha": -2.630472423926581, "log10_colsample_bytree": -0.0015002216495755283, "log10_eta": -3.3470103062985395, "log10_lambda": -0.2691080895616871, "log10_min_child_weight": 2.9530765891057875, "log10_subsample": -0.9352538926666726, "max_depth": 9.0, "num_boost_round": 16.0}, "datetime": {"datetime": "2024-01-19 01:50:32", "elapsed": 5925.90434, "delta": 0.005494}}
{"target": -17.67689697149474, "params": {"gamma": 972.8719967357379, "log10_alpha": -2.630472423926581, "log10_colsample_bytree": -0.0015002216495755283, "log10_eta": -3.3470103062985395, "log10_lambda": -0.2691080895616871, "log10_min_child_weight": 2.9530765891057875, "log10_subsample": -0.9352538926666726, "max_depth": 9.0, "num_boost_round": 17.0}, "datetime": {"datetime": "2024-01-19 01:50:32", "elapsed": 5925.909886, "delta": 0.005546}}
{"target": -17.67689188166249, "params": {"gamma": 972.8719967357379, "log10_alpha": -2.630472423926581, "log10_colsample_bytree": -0.0015002216495755283, "log10_eta": -3.3470103062985395, "log10_lambda": -0.2691080895616871, "log10_min_child_weight": 2.9530765891057875, "log10_subsample": -0.9352538926666726, "max_depth": 9.0, "num_boost_round": 18.0}, "datetime": {"datetime": "2024-01-19 01:50:32", "elapsed": 5925.915411, "delta": 0.005525}}
{"target": -17.676874206438796, "params": {"gamma": 972.8719967357379, "log10_alpha": -2.630472423926581, "log10_colsample_bytree": -0.0015002216495755283, "log10_eta": -3.3470103062985395, "log10_lambda": -0.2691080895616871, "log10_min_child_weight": 2.9530765891057875, "log10_subsample": -0.9352538926666726, "max_depth": 9.0, "num_boost_round": 19.0}, "datetime": {"datetime": "2024-01-19 01:50:32", "elapsed": 5925.920992, "delta": 0.005581}}
