{"target": -13.758369655778411, "params": {"gamma": 548.709890162346, "log10_alpha": -3.6075358937473765, "log10_colsample_bytree": -0.9485196238403503, "log10_eta": -2.9044787534917336, "log10_lambda": 0.7242828248977169, "log10_min_child_weight": 0.7594861114255924, "log10_subsample": -0.16349159026940407, "max_depth": 6.0, "num_boost_round": 9.0}, "datetime": {"datetime": "2024-01-19 00:52:36", "elapsed": 2488.373072, "delta": 0.002826}}
{"target": -13.758371362377906, "params": {"gamma": 548.709890162346, "log10_alpha": -3.6075358937473765, "log10_colsample_bytree": -0.9485196238403503, "log10_eta": -2.9044787534917336, "log10_lambda": 0.7242828248977169, "log10_min_child_weight": 0.7594861114255924, "log10_subsample": -0.16349159026940407, "max_depth": 6.0, "num_boost_round": 10.0}, "datetime": {"datetime": "2024-01-19 00:52:36", "elapsed": 2488.376019, "delta": 0.002947}}
{"target": -13.758364585869385, "params": {"gamma": 548.709890162346, "log10_alpha": -3.6075358937473765, "log10_colsample_bytree": -0.9485196238403503, "log10_eta": -2.9044787534917336, "log10_lambda": 0.7242828248977169, "log10_min_child_weight": 0.7594861114255924, "log10_subsample": -0.16349159026940407, "max_depth": 6.0, "num_boost_round": 11.0}, "datetime": {"datetime": "2024-01-19 00:52:36", "elapsed": 2488.378786, "delta": 0.002767}}
{"target": -13.758323086082546, "params": {"gamma": 548.709890162346, "log10_alpha": -3.6075358937473765, "log10_colsample_bytree": -0.9485196238403503, "log10_eta": -2.9044787534917336, "log10_lambda": 0.7242828248977169, "log10_min_child_weight": 0.7594861114255924, "log10_subsample": -0.16349159026940407, "max_depth": 6.0, "num_boost_round": 12.0}, "datetime": {"datetime": "2024-01-19 00:52:36", "elapsed": 2488.381602, "delta": 0.002816}}
{"target": -13.75829557902721, "params": {"gamma": 548.709890162346, "log10_alpha": -3.6075358937473765, "log10_colsample_bytree": -0.9485196238403503, "log10_eta": -2.9044787534917336, "log10_lambda": 0.7242828248977169, "log10_min_child_weight": 0.7594861114255924, "log10_subsample": -0.16349159026940407, "max_depth": 6.0, "num_boost_round": 13.0}, "datetime": {"datetime": "2024-01-19 00:52:36", "elapsed": 2488.38438, "delta": 0.002778}}
{"target": -13.758289163732275, "params": {"gamma": 548.709890162346, "log10_alpha": -3.6075358937473765, "log10_colsample_bytree": -0.9485196238403503, "log10_eta": -2.9044787534917336, "log10_lambda": 0.7242828248977169, "log10_min_child_weight": 0.7594861114255924, "log10_subsample": -0.16349159026940407, "max_depth": 6.0, "num_boost_round": 14.0}, "datetime": {"datetime": "2024-01-19 00:52:36", "elapsed": 2488.387155, "delta": 0.002775}}
{"target": -13.758534649189205, "params": {"gamma": 564.9001286009035, "log10_alpha": -3.0002641323713326, "log10_colsample_bytree": -0.9510045014966213, "log10_eta": -3.640982396470741, "log10_lambda": -4.428741769920426, "log10_min_child_weight": 2.9112179764970483, "log10_subsample": -0.8189134511681836, "max_depth": 2.0, "num_boost_round": 0.0}, "datetime": {"datetime": "2024-01-19 00:53:06", "elapsed": 2518.655083, "delta": 30.267928}}
{"target": -13.758530669794508, "params": {"gamma": 564.9001286009035, "log10_alpha": -3.0002641323713326, "log10_colsample_bytree": -0.9510045014966213, "log10_eta": -3.640982396470741, "log10_lambda": -4.428741769920426, "log10_min_child_weight": 2.9112179764970483, "log10_subsample": -0.8189134511681836, "max_depth": 2.0, "num_boost_round": 1.0}, "datetime": {"datetime": "2024-01-19 00:53:06", "elapsed": 2518.65837, "delta": 0.003287}}
{"target": -13.758529075769633, "params": {"gamma": 564.9001286009035, "log10_alpha": -3.0002641323713326, "log10_colsample_bytree": -0.9510045014966213, "log10_eta": -3.640982396470741, "log10_lambda": -4.428741769920426, "log10_min_child_weight": 2.9112179764970483, "log10_subsample": -0.8189134511681836, "max_depth": 2.0, "num_boost_round": 2.0}, "datetime": {"datetime": "2024-01-19 00:53:06", "elapsed": 2518.774876, "delta": 0.116506}}
{"target": -13.75852886178928, "params": {"gamma": 564.9001286009035, "log10_alpha": -3.0002641323713326, "log10_colsample_bytree": -0.9510045014966213, "log10_eta": -3.640982396470741, "log10_lambda": -4.428741769920426, "log10_min_child_weight": 2.9112179764970483, "log10_subsample": -0.8189134511681836, "max_depth": 2.0, "num_boost_round": 3.0}, "datetime": {"datetime": "2024-01-19 00:53:06", "elapsed": 2518.778666, "delta": 0.00379}}
{"target": -13.758526169289018, "params": {"gamma": 564.9001286009035, "log10_alpha": -3.0002641323713326, "log10_colsample_bytree": -0.9510045014966213, "log10_eta": -3.640982396470741, "log10_lambda": -4.428741769920426, "log10_min_child_weight": 2.9112179764970483, "log10_subsample": -0.8189134511681836, "max_depth": 2.0, "num_boost_round": 4.0}, "datetime": {"datetime": "2024-01-19 00:53:06", "elapsed": 2518.781881, "delta": 0.003215}}
{"target": -13.758524471788526, "params": {"gamma": 564.9001286009035, "log10_alpha": -3.0002641323713326, "log10_colsample_bytree": -0.9510045014966213, "log10_eta": -3.640982396470741, "log10_lambda": -4.428741769920426, "log10_min_child_weight": 2.9112179764970483, "log10_subsample": -0.8189134511681836, "max_depth": 2.0, "num_boost_round": 5.0}, "datetime": {"datetime": "2024-01-19 00:53:06", "elapsed": 2518.784908, "delta": 0.003027}}
{"target": -13.758525262832924, "params": {"gamma": 564.9001286009035, "log10_alpha": -3.0002641323713326, "log10_colsample_bytree": -0.9510045014966213, "log10_eta": -3.640982396470741, "log10_lambda": -4.428741769920426, "log10_min_child_weight": 2.9112179764970483, "log10_subsample": -0.8189134511681836, "max_depth": 2.0, "num_boost_round": 6.0}, "datetime": {"datetime": "2024-01-19 00:53:06", "elapsed": 2518.788568, "delta": 0.00366}}
{"target": -13.758521938578145, "params": {"gamma": 564.9001286009035, "log10_alpha": -3.0002641323713326, "log10_colsample_bytree": -0.9510045014966213, "log10_eta": -3.640982396470741, "log10_lambda": -4.428741769920426, "log10_min_child_weight": 2.9112179764970483, "log10_subsample": -0.8189134511681836, "max_depth": 2.0, "num_boost_round": 7.0}, "datetime": {"datetime": "2024-01-19 00:53:06", "elapsed": 2518.79152, "delta": 0.002952}}
{"target": -13.758520919058407, "params": {"gamma": 564.9001286009035, "log10_alpha": -3.0002641323713326, "log10_colsample_bytree": -0.9510045014966213, "log10_eta": -3.640982396470741, "log10_lambda": -4.428741769920426, "log10_min_child_weight": 2.9112179764970483, "log10_subsample": -0.8189134511681836, "max_depth": 2.0, "num_boost_round": 8.0}, "datetime": {"datetime": "2024-01-19 00:53:06", "elapsed": 2518.794413, "delta": 0.002893}}
{"target": -13.758518930979667, "params": {"gamma": 564.9001286009035, "log10_alpha": -3.0002641323713326, "log10_colsample_bytree": -0.9510045014966213, "log10_eta": -3.640982396470741, "log10_lambda": -4.428741769920426, "log10_min_child_weight": 2.9112179764970483, "log10_subsample": -0.8189134511681836, "max_depth": 2.0, "num_boost_round": 9.0}, "datetime": {"datetime": "2024-01-19 00:53:06", "elapsed": 2518.797346, "delta": 0.002933}}
{"target": -13.758516826468671, "params": {"gamma": 564.9001286009035, "log10_alpha": -3.0002641323713326, "log10_colsample_bytree": -0.9510045014966213, "log10_eta": -3.640982396470741, "log10_lambda": -4.428741769920426, "log10_min_child_weight": 2.9112179764970483, "log10_subsample": -0.8189134511681836, "max_depth": 2.0, "num_boost_round": 10.0}, "datetime": {"datetime": "2024-01-19 00:53:06", "elapsed": 2518.800252, "delta": 0.002906}}
{"target": -13.758515293679407, "params": {"gamma": 564.9001286009035, "log10_alpha": -3.0002641323713326, "log10_colsample_bytree": -0.9510045014966213, "log10_eta": -3.640982396470741, "log10_lambda": -4.428741769920426, "log10_min_child_weight": 2.9112179764970483, "log10_subsample": -0.8189134511681836, "max_depth": 2.0, "num_boost_round": 11.0}, "datetime": {"datetime": "2024-01-19 00:53:06", "elapsed": 2518.80336, "delta": 0.003108}}
{"target": -13.758512852340811, "params": {"gamma": 564.9001286009035, "log10_alpha": -3.0002641323713326, "log10_colsample_bytree": -0.9510045014966213, "log10_eta": -3.640982396470741, "log10_lambda": -4.428741769920426, "log10_min_child_weight": 2.9112179764970483, "log10_subsample": -0.8189134511681836, "max_depth": 2.0, "num_boost_round": 12.0}, "datetime": {"datetime": "2024-01-19 00:53:07", "elapsed": 2518.806571, "delta": 0.003211}}
{"target": -13.758511138748425, "params": {"gamma": 564.9001286009035, "log10_alpha": -3.0002641323713326, "log10_colsample_bytree": -0.9510045014966213, "log10_eta": -3.640982396470741, "log10_lambda": -4.428741769920426, "log10_min_child_weight": 2.9112179764970483, "log10_subsample": -0.8189134511681836, "max_depth": 2.0, "num_boost_round": 13.0}, "datetime": {"datetime": "2024-01-19 00:53:07", "elapsed": 2518.809502, "delta": 0.002931}}
{"target": -13.758509873063455, "params": {"gamma": 564.9001286009035, "log10_alpha": -3.0002641323713326, "log10_colsample_bytree": -0.9510045014966213, "log10_eta": -3.640982396470741, "log10_lambda": -4.428741769920426, "log10_min_child_weight": 2.9112179764970483, "log10_subsample": -0.8189134511681836, "max_depth": 2.0, "num_boost_round": 14.0}, "datetime": {"datetime": "2024-01-19 00:53:07", "elapsed": 2518.812451, "delta": 0.002949}}
{"target": -13.758506583979525, "params": {"gamma": 564.9001286009035, "log10_alpha": -3.0002641323713326, "log10_colsample_bytree": -0.9510045014966213, "log10_eta": -3.640982396470741, "log10_lambda": -4.428741769920426, "log10_min_child_weight": 2.9112179764970483, "log10_subsample": -0.8189134511681836, "max_depth": 2.0, "num_boost_round": 15.0}, "datetime": {"datetime": "2024-01-19 00:53:07", "elapsed": 2518.815392, "delta": 0.002941}}
{"target": -13.758505475640591, "params": {"gamma": 564.9001286009035, "log10_alpha": -3.0002641323713326, "log10_colsample_bytree": -0.9510045014966213, "log10_eta": -3.640982396470741, "log10_lambda": -4.428741769920426, "log10_min_child_weight": 2.9112179764970483, "log10_subsample": -0.8189134511681836, "max_depth": 2.0, "num_boost_round": 16.0}, "datetime": {"datetime": "2024-01-19 00:53:07", "elapsed": 2518.818346, "delta": 0.002954}}
{"target": -13.758503028283009, "params": {"gamma": 564.9001286009035, "log10_alpha": -3.0002641323713326, "log10_colsample_bytree": -0.9510045014966213, "log10_eta": -3.640982396470741, "log10_lambda": -4.428741769920426, "log10_min_child_weight": 2.9112179764970483, "log10_subsample": -0.8189134511681836, "max_depth": 2.0, "num_boost_round": 17.0}, "datetime": {"datetime": "2024-01-19 00:53:07", "elapsed": 2518.821249, "delta": 0.002903}}
{"target": -13.758501350869592, "params": {"gamma": 564.9001286009035, "log10_alpha": -3.0002641323713326, "log10_colsample_bytree": -0.9510045014966213, "log10_eta": -3.640982396470741, "log10_lambda": -4.428741769920426, "log10_min_child_weight": 2.9112179764970483, "log10_subsample": -0.8189134511681836, "max_depth": 2.0, "num_boost_round": 18.0}, "datetime": {"datetime": "2024-01-19 00:53:07", "elapsed": 2518.824329, "delta": 0.00308}}
{"target": -13.758500095853849, "params": {"gamma": 564.9001286009035, "log10_alpha": -3.0002641323713326, "log10_colsample_bytree": -0.9510045014966213, "log10_eta": -3.640982396470741, "log10_lambda": -4.428741769920426, "log10_min_child_weight": 2.9112179764970483, "log10_subsample": -0.8189134511681836, "max_depth": 2.0, "num_boost_round": 19.0}, "datetime": {"datetime": "2024-01-19 00:53:07", "elapsed": 2518.827346, "delta": 0.003017}}
{"target": -13.758497027313394, "params": {"gamma": 564.9001286009035, "log10_alpha": -3.0002641323713326, "log10_colsample_bytree": -0.9510045014966213, "log10_eta": -3.640982396470741, "log10_lambda": -4.428741769920426, "log10_min_child_weight": 2.9112179764970483, "log10_subsample": -0.8189134511681836, "max_depth": 2.0, "num_boost_round": 20.0}, "datetime": {"datetime": "2024-01-19 00:53:07", "elapsed": 2518.83026, "delta": 0.002914}}
{"target": -13.758495086783975, "params": {"gamma": 564.9001286009035, "log10_alpha": -3.0002641323713326, "log10_colsample_bytree": -0.9510045014966213, "log10_eta": -3.640982396470741, "log10_lambda": -4.428741769920426, "log10_min_child_weight": 2.9112179764970483, "log10_subsample": -0.8189134511681836, "max_depth": 2.0, "num_boost_round": 21.0}, "datetime": {"datetime": "2024-01-19 00:53:07", "elapsed": 2518.833177, "delta": 0.002917}}
{"target": -13.75849459158085, "params": {"gamma": 564.9001286009035, "log10_alpha": -3.0002641323713326, "log10_colsample_bytree": -0.9510045014966213, "log10_eta": -3.640982396470741, "log10_lambda": -4.428741769920426, "log10_min_child_weight": 2.9112179764970483, "log10_subsample": -0.8189134511681836, "max_depth": 2.0, "num_boost_round": 22.0}, "datetime": {"datetime": "2024-01-19 00:53:07", "elapsed": 2518.836136, "delta": 0.002959}}
{"target": -13.758492884248493, "params": {"gamma": 564.9001286009035, "log10_alpha": -3.0002641323713326, "log10_colsample_bytree": -0.9510045014966213, "log10_eta": -3.640982396470741, "log10_lambda": -4.428741769920426, "log10_min_child_weight": 2.9112179764970483, "log10_subsample": -0.8189134511681836, "max_depth": 2.0, "num_boost_round": 23.0}, "datetime": {"datetime": "2024-01-19 00:53:07", "elapsed": 2518.839112, "delta": 0.002976}}
{"target": -13.758492163727022, "params": {"gamma": 564.9001286009035, "log10_alpha": -3.0002641323713326, "log10_colsample_bytree": -0.9510045014966213, "log10_eta": -3.640982396470741, "log10_lambda": -4.428741769920426, "log10_min_child_weight": 2.9112179764970483, "log10_subsample": -0.8189134511681836, "max_depth": 2.0, "num_boost_round": 24.0}, "datetime": {"datetime": "2024-01-19 00:53:07", "elapsed": 2518.843068, "delta": 0.003956}}
{"target": -13.758488833686158, "params": {"gamma": 564.9001286009035, "log10_alpha": -3.0002641323713326, "log10_colsample_bytree": -0.9510045014966213, "log10_eta": -3.640982396470741, "log10_lambda": -4.428741769920426, "log10_min_child_weight": 2.9112179764970483, "log10_subsample": -0.8189134511681836, "max_depth": 2.0, "num_boost_round": 25.0}, "datetime": {"datetime": "2024-01-19 00:53:07", "elapsed": 2518.846598, "delta": 0.00353}}
{"target": -13.758486378328694, "params": {"gamma": 564.9001286009035, "log10_alpha": -3.0002641323713326, "log10_colsample_bytree": -0.9510045014966213, "log10_eta": -3.640982396470741, "log10_lambda": -4.428741769920426, "log10_min_child_weight": 2.9112179764970483, "log10_subsample": -0.8189134511681836, "max_depth": 2.0, "num_boost_round": 26.0}, "datetime": {"datetime": "2024-01-19 00:53:07", "elapsed": 2518.849727, "delta": 0.003129}}
{"target": -13.758484670875042, "params": {"gamma": 564.9001286009035, "log10_alpha": -3.0002641323713326, "log10_colsample_bytree": -0.9510045014966213, "log10_eta": -3.640982396470741, "log10_lambda": -4.428741769920426, "log10_min_child_weight": 2.9112179764970483, "log10_subsample": -0.8189134511681836, "max_depth": 2.0, "num_boost_round": 27.0}, "datetime": {"datetime": "2024-01-19 00:53:07", "elapsed": 2518.852989, "delta": 0.003262}}
{"target": -13.758483813124071, "params": {"gamma": 564.9001286009035, "log10_alpha": -3.0002641323713326, "log10_colsample_bytree": -0.9510045014966213, "log10_eta": -3.640982396470741, "log10_lambda": -4.428741769920426, "log10_min_child_weight": 2.9112179764970483, "log10_subsample": -0.8189134511681836, "max_depth": 2.0, "num_boost_round": 28.0}, "datetime": {"datetime": "2024-01-19 00:53:07", "elapsed": 2518.856044, "delta": 0.003055}}
{"target": -13.761073522987637, "params": {"gamma": 554.1829662214664, "log10_alpha": -1.5963208774494815, "log10_colsample_bytree": -0.16923759747506228, "log10_eta": -1.3226492032040431, "log10_lambda": 0.60912719785712, "log10_min_child_weight": 2.2516453219929193, "log10_subsample": -0.02524203525555402, "max_depth": 9.0, "num_boost_round": 0.0}, "datetime": {"datetime": "2024-01-19 00:53:48", "elapsed": 2560.532282, "delta": 41.676238}}
{"target": -13.762657111442387, "params": {"gamma": 554.1829662214664, "log10_alpha": -1.5963208774494815, "log10_colsample_bytree": -0.16923759747506228, "log10_eta": -1.3226492032040431, "log10_lambda": 0.60912719785712, "log10_min_child_weight": 2.2516453219929193, "log10_subsample": -0.02524203525555402, "max_depth": 9.0, "num_boost_round": 1.0}, "datetime": {"datetime": "2024-01-19 00:53:48", "elapsed": 2560.535774, "delta": 0.003492}}
{"target": -13.764856305255433, "params": {"gamma": 554.1829662214664, "log10_alpha": -1.5963208774494815, "log10_colsample_bytree": -0.16923759747506228, "log10_eta": -1.3226492032040431, "log10_lambda": 0.60912719785712, "log10_min_child_weight": 2.2516453219929193, "log10_subsample": -0.02524203525555402, "max_depth": 9.0, "num_boost_round": 2.0}, "datetime": {"datetime": "2024-01-19 00:53:48", "elapsed": 2560.538986, "delta": 0.003212}}
{"target": -13.765053420504655, "params": {"gamma": 554.1829662214664, "log10_alpha": -1.5963208774494815, "log10_colsample_bytree": -0.16923759747506228, "log10_eta": -1.3226492032040431, "log10_lambda": 0.60912719785712, "log10_min_child_weight": 2.2516453219929193, "log10_subsample": -0.02524203525555402, "max_depth": 9.0, "num_boost_round": 3.0}, "datetime": {"datetime": "2024-01-19 00:53:48", "elapsed": 2560.54191, "delta": 0.002924}}
{"target": -13.766327973788789, "params": {"gamma": 554.1829662214664, "log10_alpha": -1.5963208774494815, "log10_colsample_bytree": -0.16923759747506228, "log10_eta": -1.3226492032040431, "log10_lambda": 0.60912719785712, "log10_min_child_weight": 2.2516453219929193, "log10_subsample": -0.02524203525555402, "max_depth": 9.0, "num_boost_round": 4.0}, "datetime": {"datetime": "2024-01-19 00:53:48", "elapsed": 2560.544898, "delta": 0.002988}}
{"target": -13.77013235501471, "params": {"gamma": 554.1829662214664, "log10_alpha": -1.5963208774494815, "log10_colsample_bytree": -0.16923759747506228, "log10_eta": -1.3226492032040431, "log10_lambda": 0.60912719785712, "log10_min_child_weight": 2.2516453219929193, "log10_subsample": -0.02524203525555402, "max_depth": 9.0, "num_boost_round": 5.0}, "datetime": {"datetime": "2024-01-19 00:53:48", "elapsed": 2560.548008, "delta": 0.00311}}
{"target": -13.775316462451205, "params": {"gamma": 554.1829662214664, "log10_alpha": -1.5963208774494815, "log10_colsample_bytree": -0.16923759747506228, "log10_eta": -1.3226492032040431, "log10_lambda": 0.60912719785712, "log10_min_child_weight": 2.2516453219929193, "log10_subsample": -0.02524203525555402, "max_depth": 9.0, "num_boost_round": 6.0}, "datetime": {"datetime": "2024-01-19 00:53:48", "elapsed": 2560.551017, "delta": 0.003009}}
{"target": -13.781843264845296, "params": {"gamma": 554.1829662214664, "log10_alpha": -1.5963208774494815, "log10_colsample_bytree": -0.16923759747506228, "log10_eta": -1.3226492032040431, "log10_lambda": 0.60912719785712, "log10_min_child_weight": 2.2516453219929193, "log10_subsample": -0.02524203525555402, "max_depth": 9.0, "num_boost_round": 7.0}, "datetime": {"datetime": "2024-01-19 00:53:48", "elapsed": 2560.55404, "delta": 0.003023}}
{"target": -13.790812572832271, "params": {"gamma": 554.1829662214664, "log10_alpha": -1.5963208774494815, "log10_colsample_bytree": -0.16923759747506228, "log10_eta": -1.3226492032040431, "log10_lambda": 0.60912719785712, "log10_min_child_weight": 2.2516453219929193, "log10_subsample": -0.02524203525555402, "max_depth": 9.0, "num_boost_round": 8.0}, "datetime": {"datetime": "2024-01-19 00:53:48", "elapsed": 2560.557061, "delta": 0.003021}}
{"target": -13.795636101337704, "params": {"gamma": 554.1829662214664, "log10_alpha": -1.5963208774494815, "log10_colsample_bytree": -0.16923759747506228, "log10_eta": -1.3226492032040431, "log10_lambda": 0.60912719785712, "log10_min_child_weight": 2.2516453219929193, "log10_subsample": -0.02524203525555402, "max_depth": 9.0, "num_boost_round": 9.0}, "datetime": {"datetime": "2024-01-19 00:53:48", "elapsed": 2560.559967, "delta": 0.002906}}
{"target": -13.80320991471336, "params": {"gamma": 554.1829662214664, "log10_alpha": -1.5963208774494815, "log10_colsample_bytree": -0.16923759747506228, "log10_eta": -1.3226492032040431, "log10_lambda": 0.60912719785712, "log10_min_child_weight": 2.2516453219929193, "log10_subsample": -0.02524203525555402, "max_depth": 9.0, "num_boost_round": 10.0}, "datetime": {"datetime": "2024-01-19 00:53:48", "elapsed": 2560.562881, "delta": 0.002914}}
{"target": -13.805257839698116, "params": {"gamma": 554.1829662214664, "log10_alpha": -1.5963208774494815, "log10_colsample_bytree": -0.16923759747506228, "log10_eta": -1.3226492032040431, "log10_lambda": 0.60912719785712, "log10_min_child_weight": 2.2516453219929193, "log10_subsample": -0.02524203525555402, "max_depth": 9.0, "num_boost_round": 11.0}, "datetime": {"datetime": "2024-01-19 00:53:48", "elapsed": 2560.565924, "delta": 0.003043}}
{"target": -13.811001680734776, "params": {"gamma": 554.1829662214664, "log10_alpha": -1.5963208774494815, "log10_colsample_bytree": -0.16923759747506228, "log10_eta": -1.3226492032040431, "log10_lambda": 0.60912719785712, "log10_min_child_weight": 2.2516453219929193, "log10_subsample": -0.02524203525555402, "max_depth": 9.0, "num_boost_round": 12.0}, "datetime": {"datetime": "2024-01-19 00:53:48", "elapsed": 2560.568867, "delta": 0.002943}}
{"target": -13.818559641501105, "params": {"gamma": 554.1829662214664, "log10_alpha": -1.5963208774494815, "log10_colsample_bytree": -0.16923759747506228, "log10_eta": -1.3226492032040431, "log10_lambda": 0.60912719785712, "log10_min_child_weight": 2.2516453219929193, "log10_subsample": -0.02524203525555402, "max_depth": 9.0, "num_boost_round": 13.0}, "datetime": {"datetime": "2024-01-19 00:53:48", "elapsed": 2560.571771, "delta": 0.002904}}
