{"target": -13.758326018287358, "params": {"gamma": 897.4538016069891, "log10_alpha": -2.9702076407847935, "log10_colsample_bytree": -0.7572278119327452, "log10_eta": -2.99021410389754, "log10_lambda": 0.8271895717017266, "log10_min_child_weight": 0.8803842235962467, "log10_subsample": -0.4494296688876619, "max_depth": 7.0, "num_boost_round": 3.0}, "datetime": {"datetime": "2024-01-19 01:37:33", "elapsed": 5173.445435, "delta": 0.113137}}
{"target": -13.7583341492379, "params": {"gamma": 897.4538016069891, "log10_alpha": -2.9702076407847935, "log10_colsample_bytree": -0.7572278119327452, "log10_eta": -2.99021410389754, "log10_lambda": 0.8271895717017266, "log10_min_child_weight": 0.8803842235962467, "log10_subsample": -0.4494296688876619, "max_depth": 7.0, "num_boost_round": 4.0}, "datetime": {"datetime": "2024-01-19 01:37:33", "elapsed": 5173.450099, "delta": 0.004664}}
{"target": -13.758253631549998, "params": {"gamma": 897.4538016069891, "log10_alpha": -2.9702076407847935, "log10_colsample_bytree": -0.7572278119327452, "log10_eta": -2.99021410389754, "log10_lambda": 0.8271895717017266, "log10_min_child_weight": 0.8803842235962467, "log10_subsample": -0.4494296688876619, "max_depth": 7.0, "num_boost_round": 5.0}, "datetime": {"datetime": "2024-01-19 01:37:33", "elapsed": 5173.454335, "delta": 0.004236}}
{"target": -13.75824166817052, "params": {"gamma": 897.4538016069891, "log10_alpha": -2.9702076407847935, "log10_colsample_bytree": -0.7572278119327452, "log10_eta": -2.99021410389754, "log10_lambda": 0.8271895717017266, "log10_min_child_weight": 0.8803842235962467, "log10_subsample": -0.4494296688876619, "max_depth": 7.0, "num_boost_round": 6.0}, "datetime": {"datetime": "2024-01-19 01:37:33", "elapsed": 5173.458506, "delta": 0.004171}}
{"target": -13.758211872390893, "params": {"gamma": 897.4538016069891, "log10_alpha": -2.9702076407847935, "log10_colsample_bytree": -0.7572278119327452, "log10_eta": -2.99021410389754, "log10_lambda": 0.8271895717017266, "log10_min_child_weight": 0.8803842235962467, "log10_subsample": -0.4494296688876619, "max_depth": 7.0, "num_boost_round": 7.0}, "datetime": {"datetime": "2024-01-19 01:37:33", "elapsed": 5173.462574, "delta": 0.004068}}
{"target": -13.758197363766886, "params": {"gamma": 897.4538016069891, "log10_alpha": -2.9702076407847935, "log10_colsample_bytree": -0.7572278119327452, "log10_eta": -2.99021410389754, "log10_lambda": 0.8271895717017266, "log10_min_child_weight": 0.8803842235962467, "log10_subsample": -0.4494296688876619, "max_depth": 7.0, "num_boost_round": 8.0}, "datetime": {"datetime": "2024-01-19 01:37:33", "elapsed": 5173.466755, "delta": 0.004181}}
{"target": -13.75819915638095, "params": {"gamma": 897.4538016069891, "log10_alpha": -2.9702076407847935, "log10_colsample_bytree": -0.7572278119327452, "log10_eta": -2.99021410389754, "log10_lambda": 0.8271895717017266, "log10_min_child_weight": 0.8803842235962467, "log10_subsample": -0.4494296688876619, "max_depth": 7.0, "num_boost_round": 9.0}, "datetime": {"datetime": "2024-01-19 01:37:33", "elapsed": 5173.471034, "delta": 0.004279}}
{"target": -13.758169327718578, "params": {"gamma": 897.4538016069891, "log10_alpha": -2.9702076407847935, "log10_colsample_bytree": -0.7572278119327452, "log10_eta": -2.99021410389754, "log10_lambda": 0.8271895717017266, "log10_min_child_weight": 0.8803842235962467, "log10_subsample": -0.4494296688876619, "max_depth": 7.0, "num_boost_round": 10.0}, "datetime": {"datetime": "2024-01-19 01:37:33", "elapsed": 5173.475175, "delta": 0.004141}}
{"target": -13.75815735594905, "params": {"gamma": 897.4538016069891, "log10_alpha": -2.9702076407847935, "log10_colsample_bytree": -0.7572278119327452, "log10_eta": -2.99021410389754, "log10_lambda": 0.8271895717017266, "log10_min_child_weight": 0.8803842235962467, "log10_subsample": -0.4494296688876619, "max_depth": 7.0, "num_boost_round": 11.0}, "datetime": {"datetime": "2024-01-19 01:37:33", "elapsed": 5173.479346, "delta": 0.004171}}
{"target": -13.758180624461016, "params": {"gamma": 897.4538016069891, "log10_alpha": -2.9702076407847935, "log10_colsample_bytree": -0.7572278119327452, "log10_eta": -2.99021410389754, "log10_lambda": 0.8271895717017266, "log10_min_child_weight": 0.8803842235962467, "log10_subsample": -0.4494296688876619, "max_depth": 7.0, "num_boost_round": 12.0}, "datetime": {"datetime": "2024-01-19 01:37:33", "elapsed": 5173.483566, "delta": 0.00422}}
{"target": -13.758103273478536, "params": {"gamma": 897.4538016069891, "log10_alpha": -2.9702076407847935, "log10_colsample_bytree": -0.7572278119327452, "log10_eta": -2.99021410389754, "log10_lambda": 0.8271895717017266, "log10_min_child_weight": 0.8803842235962467, "log10_subsample": -0.4494296688876619, "max_depth": 7.0, "num_boost_round": 13.0}, "datetime": {"datetime": "2024-01-19 01:37:33", "elapsed": 5173.487692, "delta": 0.004126}}
{"target": -13.758111887405267, "params": {"gamma": 897.4538016069891, "log10_alpha": -2.9702076407847935, "log10_colsample_bytree": -0.7572278119327452, "log10_eta": -2.99021410389754, "log10_lambda": 0.8271895717017266, "log10_min_child_weight": 0.8803842235962467, "log10_subsample": -0.4494296688876619, "max_depth": 7.0, "num_boost_round": 14.0}, "datetime": {"datetime": "2024-01-19 01:37:33", "elapsed": 5173.495731, "delta": 0.008039}}
{"target": -13.758074538728515, "params": {"gamma": 897.4538016069891, "log10_alpha": -2.9702076407847935, "log10_colsample_bytree": -0.7572278119327452, "log10_eta": -2.99021410389754, "log10_lambda": 0.8271895717017266, "log10_min_child_weight": 0.8803842235962467, "log10_subsample": -0.4494296688876619, "max_depth": 7.0, "num_boost_round": 15.0}, "datetime": {"datetime": "2024-01-19 01:37:33", "elapsed": 5173.499966, "delta": 0.004235}}
{"target": -13.75807723796591, "params": {"gamma": 897.4538016069891, "log10_alpha": -2.9702076407847935, "log10_colsample_bytree": -0.7572278119327452, "log10_eta": -2.99021410389754, "log10_lambda": 0.8271895717017266, "log10_min_child_weight": 0.8803842235962467, "log10_subsample": -0.4494296688876619, "max_depth": 7.0, "num_boost_round": 16.0}, "datetime": {"datetime": "2024-01-19 01:37:33", "elapsed": 5173.504707, "delta": 0.004741}}
{"target": -13.758894633407946, "params": {"gamma": 844.2728390553581, "log10_alpha": -1.1453028492389816, "log10_colsample_bytree": -1.0, "log10_eta": -0.9826647381328014, "log10_lambda": -0.9757318591663343, "log10_min_child_weight": 5.0, "log10_subsample": 0.0, "max_depth": 10.0, "num_boost_round": 0.0}, "datetime": {"datetime": "2024-01-19 01:38:22", "elapsed": 5222.59543, "delta": 49.090723}}
{"target": -13.758476357114509, "params": {"gamma": 844.2728390553581, "log10_alpha": -1.1453028492389816, "log10_colsample_bytree": -1.0, "log10_eta": -0.9826647381328014, "log10_lambda": -0.9757318591663343, "log10_min_child_weight": 5.0, "log10_subsample": 0.0, "max_depth": 10.0, "num_boost_round": 1.0}, "datetime": {"datetime": "2024-01-19 01:38:22", "elapsed": 5222.60023, "delta": 0.0048}}
{"target": -13.758309554818773, "params": {"gamma": 844.2728390553581, "log10_alpha": -1.1453028492389816, "log10_colsample_bytree": -1.0, "log10_eta": -0.9826647381328014, "log10_lambda": -0.9757318591663343, "log10_min_child_weight": 5.0, "log10_subsample": 0.0, "max_depth": 10.0, "num_boost_round": 2.0}, "datetime": {"datetime": "2024-01-19 01:38:22", "elapsed": 5222.604519, "delta": 0.004289}}
{"target": -13.758681517827226, "params": {"gamma": 844.2728390553581, "log10_alpha": -1.1453028492389816, "log10_colsample_bytree": -1.0, "log10_eta": -0.9826647381328014, "log10_lambda": -0.9757318591663343, "log10_min_child_weight": 5.0, "log10_subsample": 0.0, "max_depth": 10.0, "num_boost_round": 3.0}, "datetime": {"datetime": "2024-01-19 01:38:22", "elapsed": 5222.608639, "delta": 0.00412}}
{"target": -13.759759229740741, "params": {"gamma": 844.2728390553581, "log10_alpha": -1.1453028492389816, "log10_colsample_bytree": -1.0, "log10_eta": -0.9826647381328014, "log10_lambda": -0.9757318591663343, "log10_min_child_weight": 5.0, "log10_subsample": 0.0, "max_depth": 10.0, "num_boost_round": 4.0}, "datetime": {"datetime": "2024-01-19 01:38:22", "elapsed": 5222.612755, "delta": 0.004116}}
{"target": -13.760196328557308, "params": {"gamma": 844.2728390553581, "log10_alpha": -1.1453028492389816, "log10_colsample_bytree": -1.0, "log10_eta": -0.9826647381328014, "log10_lambda": -0.9757318591663343, "log10_min_child_weight": 5.0, "log10_subsample": 0.0, "max_depth": 10.0, "num_boost_round": 5.0}, "datetime": {"datetime": "2024-01-19 01:38:22", "elapsed": 5222.616968, "delta": 0.004213}}
{"target": -13.759921956398609, "params": {"gamma": 844.2728390553581, "log10_alpha": -1.1453028492389816, "log10_colsample_bytree": -1.0, "log10_eta": -0.9826647381328014, "log10_lambda": -0.9757318591663343, "log10_min_child_weight": 5.0, "log10_subsample": 0.0, "max_depth": 10.0, "num_boost_round": 6.0}, "datetime": {"datetime": "2024-01-19 01:38:22", "elapsed": 5222.621209, "delta": 0.004241}}
{"target": -13.75945766910298, "params": {"gamma": 844.2728390553581, "log10_alpha": -1.1453028492389816, "log10_colsample_bytree": -1.0, "log10_eta": -0.9826647381328014, "log10_lambda": -0.9757318591663343, "log10_min_child_weight": 5.0, "log10_subsample": 0.0, "max_depth": 10.0, "num_boost_round": 7.0}, "datetime": {"datetime": "2024-01-19 01:38:22", "elapsed": 5222.625348, "delta": 0.004139}}
{"target": -13.759912847061798, "params": {"gamma": 844.2728390553581, "log10_alpha": -1.1453028492389816, "log10_colsample_bytree": -1.0, "log10_eta": -0.9826647381328014, "log10_lambda": -0.9757318591663343, "log10_min_child_weight": 5.0, "log10_subsample": 0.0, "max_depth": 10.0, "num_boost_round": 8.0}, "datetime": {"datetime": "2024-01-19 01:38:22", "elapsed": 5222.62945, "delta": 0.004102}}
{"target": -13.760194561655272, "params": {"gamma": 844.2728390553581, "log10_alpha": -1.1453028492389816, "log10_colsample_bytree": -1.0, "log10_eta": -0.9826647381328014, "log10_lambda": -0.9757318591663343, "log10_min_child_weight": 5.0, "log10_subsample": 0.0, "max_depth": 10.0, "num_boost_round": 9.0}, "datetime": {"datetime": "2024-01-19 01:38:22", "elapsed": 5222.633594, "delta": 0.004144}}
{"target": -13.760492619913586, "params": {"gamma": 844.2728390553581, "log10_alpha": -1.1453028492389816, "log10_colsample_bytree": -1.0, "log10_eta": -0.9826647381328014, "log10_lambda": -0.9757318591663343, "log10_min_child_weight": 5.0, "log10_subsample": 0.0, "max_depth": 10.0, "num_boost_round": 10.0}, "datetime": {"datetime": "2024-01-19 01:38:22", "elapsed": 5222.637659, "delta": 0.004065}}
{"target": -13.761204477945043, "params": {"gamma": 844.2728390553581, "log10_alpha": -1.1453028492389816, "log10_colsample_bytree": -1.0, "log10_eta": -0.9826647381328014, "log10_lambda": -0.9757318591663343, "log10_min_child_weight": 5.0, "log10_subsample": 0.0, "max_depth": 10.0, "num_boost_round": 11.0}, "datetime": {"datetime": "2024-01-19 01:38:22", "elapsed": 5222.641818, "delta": 0.004159}}
{"target": -13.762055208609137, "params": {"gamma": 844.2728390553581, "log10_alpha": -1.1453028492389816, "log10_colsample_bytree": -1.0, "log10_eta": -0.9826647381328014, "log10_lambda": -0.9757318591663343, "log10_min_child_weight": 5.0, "log10_subsample": 0.0, "max_depth": 10.0, "num_boost_round": 12.0}, "datetime": {"datetime": "2024-01-19 01:38:22", "elapsed": 5222.645879, "delta": 0.004061}}
{"target": -13.76136320072741, "params": {"gamma": 844.2728390553581, "log10_alpha": -1.1453028492389816, "log10_colsample_bytree": -1.0, "log10_eta": -0.9826647381328014, "log10_lambda": -0.9757318591663343, "log10_min_child_weight": 5.0, "log10_subsample": 0.0, "max_depth": 10.0, "num_boost_round": 13.0}, "datetime": {"datetime": "2024-01-19 01:38:22", "elapsed": 5222.649916, "delta": 0.004037}}
{"target": -13.761710675224748, "params": {"gamma": 844.2728390553581, "log10_alpha": -1.1453028492389816, "log10_colsample_bytree": -1.0, "log10_eta": -0.9826647381328014, "log10_lambda": -0.9757318591663343, "log10_min_child_weight": 5.0, "log10_subsample": 0.0, "max_depth": 10.0, "num_boost_round": 14.0}, "datetime": {"datetime": "2024-01-19 01:38:22", "elapsed": 5222.654141, "delta": 0.004225}}
{"target": -13.761485078599005, "params": {"gamma": 844.2728390553581, "log10_alpha": -1.1453028492389816, "log10_colsample_bytree": -1.0, "log10_eta": -0.9826647381328014, "log10_lambda": -0.9757318591663343, "log10_min_child_weight": 5.0, "log10_subsample": 0.0, "max_depth": 10.0, "num_boost_round": 15.0}, "datetime": {"datetime": "2024-01-19 01:38:22", "elapsed": 5222.658416, "delta": 0.004275}}
{"target": -13.761051090918382, "params": {"gamma": 844.2728390553581, "log10_alpha": -1.1453028492389816, "log10_colsample_bytree": -1.0, "log10_eta": -0.9826647381328014, "log10_lambda": -0.9757318591663343, "log10_min_child_weight": 5.0, "log10_subsample": 0.0, "max_depth": 10.0, "num_boost_round": 16.0}, "datetime": {"datetime": "2024-01-19 01:38:22", "elapsed": 5222.662625, "delta": 0.004209}}
{"target": -13.761625396768347, "params": {"gamma": 844.2728390553581, "log10_alpha": -1.1453028492389816, "log10_colsample_bytree": -1.0, "log10_eta": -0.9826647381328014, "log10_lambda": -0.9757318591663343, "log10_min_child_weight": 5.0, "log10_subsample": 0.0, "max_depth": 10.0, "num_boost_round": 17.0}, "datetime": {"datetime": "2024-01-19 01:38:22", "elapsed": 5222.666684, "delta": 0.004059}}
{"target": -13.758537045015597, "params": {"gamma": 895.1151044001602, "log10_alpha": -2.736419440491576, "log10_colsample_bytree": -1.0, "log10_eta": -4.0, "log10_lambda": -3.4766987390860984, "log10_min_child_weight": 3.3795022947049556, "log10_subsample": 0.0, "max_depth": 3.0, "num_boost_round": 0.0}, "datetime": {"datetime": "2024-01-19 01:39:01", "elapsed": 5261.77582, "delta": 39.109136}}
{"target": -13.758536556670636, "params": {"gamma": 895.1151044001602, "log10_alpha": -2.736419440491576, "log10_colsample_bytree": -1.0, "log10_eta": -4.0, "log10_lambda": -3.4766987390860984, "log10_min_child_weight": 3.3795022947049556, "log10_subsample": 0.0, "max_depth": 3.0, "num_boost_round": 1.0}, "datetime": {"datetime": "2024-01-19 01:39:01", "elapsed": 5261.780916, "delta": 0.005096}}
{"target": -13.758536542405729, "params": {"gamma": 895.1151044001602, "log10_alpha": -2.736419440491576, "log10_colsample_bytree": -1.0, "log10_eta": -4.0, "log10_lambda": -3.4766987390860984, "log10_min_child_weight": 3.3795022947049556, "log10_subsample": 0.0, "max_depth": 3.0, "num_boost_round": 2.0}, "datetime": {"datetime": "2024-01-19 01:39:01", "elapsed": 5261.78521, "delta": 0.004294}}
{"target": -13.758536720697565, "params": {"gamma": 895.1151044001602, "log10_alpha": -2.736419440491576, "log10_colsample_bytree": -1.0, "log10_eta": -4.0, "log10_lambda": -3.4766987390860984, "log10_min_child_weight": 3.3795022947049556, "log10_subsample": 0.0, "max_depth": 3.0, "num_boost_round": 3.0}, "datetime": {"datetime": "2024-01-19 01:39:01", "elapsed": 5261.789396, "delta": 0.004186}}
{"target": -13.758535387069426, "params": {"gamma": 895.1151044001602, "log10_alpha": -2.736419440491576, "log10_colsample_bytree": -1.0, "log10_eta": -4.0, "log10_lambda": -3.4766987390860984, "log10_min_child_weight": 3.3795022947049556, "log10_subsample": 0.0, "max_depth": 3.0, "num_boost_round": 4.0}, "datetime": {"datetime": "2024-01-19 01:39:01", "elapsed": 5261.793591, "delta": 0.004195}}
{"target": -13.758535547340212, "params": {"gamma": 895.1151044001602, "log10_alpha": -2.736419440491576, "log10_colsample_bytree": -1.0, "log10_eta": -4.0, "log10_lambda": -3.4766987390860984, "log10_min_child_weight": 3.3795022947049556, "log10_subsample": 0.0, "max_depth": 3.0, "num_boost_round": 5.0}, "datetime": {"datetime": "2024-01-19 01:39:01", "elapsed": 5261.797708, "delta": 0.004117}}
{"target": -13.758534718569287, "params": {"gamma": 895.1151044001602, "log10_alpha": -2.736419440491576, "log10_colsample_bytree": -1.0, "log10_eta": -4.0, "log10_lambda": -3.4766987390860984, "log10_min_child_weight": 3.3795022947049556, "log10_subsample": 0.0, "max_depth": 3.0, "num_boost_round": 6.0}, "datetime": {"datetime": "2024-01-19 01:39:01", "elapsed": 5261.801911, "delta": 0.004203}}
{"target": -13.758533404689341, "params": {"gamma": 895.1151044001602, "log10_alpha": -2.736419440491576, "log10_colsample_bytree": -1.0, "log10_eta": -4.0, "log10_lambda": -3.4766987390860984, "log10_min_child_weight": 3.3795022947049556, "log10_subsample": 0.0, "max_depth": 3.0, "num_boost_round": 7.0}, "datetime": {"datetime": "2024-01-19 01:39:01", "elapsed": 5261.806042, "delta": 0.004131}}
{"target": -13.758534332766546, "params": {"gamma": 895.1151044001602, "log10_alpha": -2.736419440491576, "log10_colsample_bytree": -1.0, "log10_eta": -4.0, "log10_lambda": -3.4766987390860984, "log10_min_child_weight": 3.3795022947049556, "log10_subsample": 0.0, "max_depth": 3.0, "num_boost_round": 8.0}, "datetime": {"datetime": "2024-01-19 01:39:01", "elapsed": 5261.810129, "delta": 0.004087}}
{"target": -13.758534201781831, "params": {"gamma": 895.1151044001602, "log10_alpha": -2.736419440491576, "log10_colsample_bytree": -1.0, "log10_eta": -4.0, "log10_lambda": -3.4766987390860984, "log10_min_child_weight": 3.3795022947049556, "log10_subsample": 0.0, "max_depth": 3.0, "num_boost_round": 9.0}, "datetime": {"datetime": "2024-01-19 01:39:01", "elapsed": 5261.814297, "delta": 0.004168}}
{"target": -13.75853283803073, "params": {"gamma": 895.1151044001602, "log10_alpha": -2.736419440491576, "log10_colsample_bytree": -1.0, "log10_eta": -4.0, "log10_lambda": -3.4766987390860984, "log10_min_child_weight": 3.3795022947049556, "log10_subsample": 0.0, "max_depth": 3.0, "num_boost_round": 10.0}, "datetime": {"datetime": "2024-01-19 01:39:01", "elapsed": 5261.818473, "delta": 0.004176}}
{"target": -13.758531326483187, "params": {"gamma": 895.1151044001602, "log10_alpha": -2.736419440491576, "log10_colsample_bytree": -1.0, "log10_eta": -4.0, "log10_lambda": -3.4766987390860984, "log10_min_child_weight": 3.3795022947049556, "log10_subsample": 0.0, "max_depth": 3.0, "num_boost_round": 11.0}, "datetime": {"datetime": "2024-01-19 01:39:01", "elapsed": 5261.822641, "delta": 0.004168}}
{"target": -13.75852921190873, "params": {"gamma": 895.1151044001602, "log10_alpha": -2.736419440491576, "log10_colsample_bytree": -1.0, "log10_eta": -4.0, "log10_lambda": -3.4766987390860984, "log10_min_child_weight": 3.3795022947049556, "log10_subsample": 0.0, "max_depth": 3.0, "num_boost_round": 12.0}, "datetime": {"datetime": "2024-01-19 01:39:01", "elapsed": 5261.826708, "delta": 0.004067}}
{"target": -13.758528119828132, "params": {"gamma": 895.1151044001602, "log10_alpha": -2.736419440491576, "log10_colsample_bytree": -1.0, "log10_eta": -4.0, "log10_lambda": -3.4766987390860984, "log10_min_child_weight": 3.3795022947049556, "log10_subsample": 0.0, "max_depth": 3.0, "num_boost_round": 13.0}, "datetime": {"datetime": "2024-01-19 01:39:01", "elapsed": 5261.831011, "delta": 0.004303}}
{"target": -13.758526852219271, "params": {"gamma": 895.1151044001602, "log10_alpha": -2.736419440491576, "log10_colsample_bytree": -1.0, "log10_eta": -4.0, "log10_lambda": -3.4766987390860984, "log10_min_child_weight": 3.3795022947049556, "log10_subsample": 0.0, "max_depth": 3.0, "num_boost_round": 14.0}, "datetime": {"datetime": "2024-01-19 01:39:01", "elapsed": 5261.83584, "delta": 0.004829}}
{"target": -13.758525166435769, "params": {"gamma": 895.1151044001602, "log10_alpha": -2.736419440491576, "log10_colsample_bytree": -1.0, "log10_eta": -4.0, "log10_lambda": -3.4766987390860984, "log10_min_child_weight": 3.3795022947049556, "log10_subsample": 0.0, "max_depth": 3.0, "num_boost_round": 15.0}, "datetime": {"datetime": "2024-01-19 01:39:01", "elapsed": 5261.8405, "delta": 0.00466}}
{"target": -13.758529002484684, "params": {"gamma": 893.656018567347, "log10_alpha": -3.7115238926750664, "log10_colsample_bytree": -0.34482095634533805, "log10_eta": -2.5955649047199594, "log10_lambda": 0.5454434870049347, "log10_min_child_weight": 4.410486431218732, "log10_subsample": -0.6249455030921273, "max_depth": 8.0, "num_boost_round": 0.0}, "datetime": {"datetime": "2024-01-19 01:40:04", "elapsed": 5324.70917, "delta": 62.86867}}
{"target": -13.758520267672996, "params": {"gamma": 893.656018567347, "log10_alpha": -3.7115238926750664, "log10_colsample_bytree": -0.34482095634533805, "log10_eta": -2.5955649047199594, "log10_lambda": 0.5454434870049347, "log10_min_child_weight": 4.410486431218732, "log10_subsample": -0.6249455030921273, "max_depth": 8.0, "num_boost_round": 1.0}, "datetime": {"datetime": "2024-01-19 01:40:04", "elapsed": 5324.71385, "delta": 0.00468}}
{"target": -13.758514331293432, "params": {"gamma": 893.656018567347, "log10_alpha": -3.7115238926750664, "log10_colsample_bytree": -0.34482095634533805, "log10_eta": -2.5955649047199594, "log10_lambda": 0.5454434870049347, "log10_min_child_weight": 4.410486431218732, "log10_subsample": -0.6249455030921273, "max_depth": 8.0, "num_boost_round": 2.0}, "datetime": {"datetime": "2024-01-19 01:40:04", "elapsed": 5324.718347, "delta": 0.004497}}
{"target": -13.758500803062768, "params": {"gamma": 893.656018567347, "log10_alpha": -3.7115238926750664, "log10_colsample_bytree": -0.34482095634533805, "log10_eta": -2.5955649047199594, "log10_lambda": 0.5454434870049347, "log10_min_child_weight": 4.410486431218732, "log10_subsample": -0.6249455030921273, "max_depth": 8.0, "num_boost_round": 3.0}, "datetime": {"datetime": "2024-01-19 01:40:04", "elapsed": 5324.722841, "delta": 0.004494}}
