{"target": -17.671441089243903, "params": {"gamma": 48.55660855659005, "log10_alpha": 0.5664798901943673, "log10_colsample_bytree": -0.15111582206318375, "log10_eta": -2.1582961813301393, "log10_lambda": 0.8880096056538198, "log10_min_child_weight": 1.0572630273904637, "log10_subsample": -0.9125570132645464, "max_depth": 3.0, "num_boost_round": 45.0}, "datetime": {"datetime": "2024-01-19 01:55:52", "elapsed": 6306.566759, "delta": 0.00499}}
{"target": -17.67133748592533, "params": {"gamma": 48.55660855659005, "log10_alpha": 0.5664798901943673, "log10_colsample_bytree": -0.15111582206318375, "log10_eta": -2.1582961813301393, "log10_lambda": 0.8880096056538198, "log10_min_child_weight": 1.0572630273904637, "log10_subsample": -0.9125570132645464, "max_depth": 3.0, "num_boost_round": 46.0}, "datetime": {"datetime": "2024-01-19 01:55:52", "elapsed": 6306.571863, "delta": 0.005104}}
{"target": -17.67139670335902, "params": {"gamma": 48.55660855659005, "log10_alpha": 0.5664798901943673, "log10_colsample_bytree": -0.15111582206318375, "log10_eta": -2.1582961813301393, "log10_lambda": 0.8880096056538198, "log10_min_child_weight": 1.0572630273904637, "log10_subsample": -0.9125570132645464, "max_depth": 3.0, "num_boost_round": 47.0}, "datetime": {"datetime": "2024-01-19 01:55:52", "elapsed": 6306.576846, "delta": 0.004983}}
{"target": -17.67131487093719, "params": {"gamma": 48.55660855659005, "log10_alpha": 0.5664798901943673, "log10_colsample_bytree": -0.15111582206318375, "log10_eta": -2.1582961813301393, "log10_lambda": 0.8880096056538198, "log10_min_child_weight": 1.0572630273904637, "log10_subsample": -0.9125570132645464, "max_depth": 3.0, "num_boost_round": 48.0}, "datetime": {"datetime": "2024-01-19 01:55:52", "elapsed": 6306.581923, "delta": 0.005077}}
{"target": -17.67142588172853, "params": {"gamma": 48.55660855659005, "log10_alpha": 0.5664798901943673, "log10_colsample_bytree": -0.15111582206318375, "log10_eta": -2.1582961813301393, "log10_lambda": 0.8880096056538198, "log10_min_child_weight": 1.0572630273904637, "log10_subsample": -0.9125570132645464, "max_depth": 3.0, "num_boost_round": 49.0}, "datetime": {"datetime": "2024-01-19 01:55:52", "elapsed": 6306.587131, "delta": 0.005208}}
{"target": -17.677232217731788, "params": {"gamma": 18.287884692663738, "log10_alpha": 0.49974475997268364, "log10_colsample_bytree": -0.40848824453965427, "log10_eta": -3.994177068913242, "log10_lambda": 0.9413908418696071, "log10_min_child_weight": 4.139829795357739, "log10_subsample": -0.9515294122981248, "max_depth": 4.0, "num_boost_round": 0.0}, "datetime": {"datetime": "2024-01-19 01:57:19", "elapsed": 6393.404938, "delta": 86.817807}}
{"target": -17.677232041259224, "params": {"gamma": 18.287884692663738, "log10_alpha": 0.49974475997268364, "log10_colsample_bytree": -0.40848824453965427, "log10_eta": -3.994177068913242, "log10_lambda": 0.9413908418696071, "log10_min_child_weight": 4.139829795357739, "log10_subsample": -0.9515294122981248, "max_depth": 4.0, "num_boost_round": 1.0}, "datetime": {"datetime": "2024-01-19 01:57:19", "elapsed": 6393.411442, "delta": 0.006504}}
{"target": -17.677232565309538, "params": {"gamma": 18.287884692663738, "log10_alpha": 0.49974475997268364, "log10_colsample_bytree": -0.40848824453965427, "log10_eta": -3.994177068913242, "log10_lambda": 0.9413908418696071, "log10_min_child_weight": 4.139829795357739, "log10_subsample": -0.9515294122981248, "max_depth": 4.0, "num_boost_round": 2.0}, "datetime": {"datetime": "2024-01-19 01:57:19", "elapsed": 6393.417174, "delta": 0.005732}}
{"target": -17.67723179152496, "params": {"gamma": 18.287884692663738, "log10_alpha": 0.49974475997268364, "log10_colsample_bytree": -0.40848824453965427, "log10_eta": -3.994177068913242, "log10_lambda": 0.9413908418696071, "log10_min_child_weight": 4.139829795357739, "log10_subsample": -0.9515294122981248, "max_depth": 4.0, "num_boost_round": 3.0}, "datetime": {"datetime": "2024-01-19 01:57:19", "elapsed": 6393.42246, "delta": 0.005286}}
{"target": -17.67723107366975, "params": {"gamma": 18.287884692663738, "log10_alpha": 0.49974475997268364, "log10_colsample_bytree": -0.40848824453965427, "log10_eta": -3.994177068913242, "log10_lambda": 0.9413908418696071, "log10_min_child_weight": 4.139829795357739, "log10_subsample": -0.9515294122981248, "max_depth": 4.0, "num_boost_round": 4.0}, "datetime": {"datetime": "2024-01-19 01:57:19", "elapsed": 6393.427914, "delta": 0.005454}}
{"target": -17.67723044722551, "params": {"gamma": 18.287884692663738, "log10_alpha": 0.49974475997268364, "log10_colsample_bytree": -0.40848824453965427, "log10_eta": -3.994177068913242, "log10_lambda": 0.9413908418696071, "log10_min_child_weight": 4.139829795357739, "log10_subsample": -0.9515294122981248, "max_depth": 4.0, "num_boost_round": 5.0}, "datetime": {"datetime": "2024-01-19 01:57:19", "elapsed": 6393.43345, "delta": 0.005536}}
{"target": -17.67722983352591, "params": {"gamma": 18.287884692663738, "log10_alpha": 0.49974475997268364, "log10_colsample_bytree": -0.40848824453965427, "log10_eta": -3.994177068913242, "log10_lambda": 0.9413908418696071, "log10_min_child_weight": 4.139829795357739, "log10_subsample": -0.9515294122981248, "max_depth": 4.0, "num_boost_round": 6.0}, "datetime": {"datetime": "2024-01-19 01:57:19", "elapsed": 6393.438436, "delta": 0.004986}}
{"target": -17.67723016440798, "params": {"gamma": 18.287884692663738, "log10_alpha": 0.49974475997268364, "log10_colsample_bytree": -0.40848824453965427, "log10_eta": -3.994177068913242, "log10_lambda": 0.9413908418696071, "log10_min_child_weight": 4.139829795357739, "log10_subsample": -0.9515294122981248, "max_depth": 4.0, "num_boost_round": 7.0}, "datetime": {"datetime": "2024-01-19 01:57:19", "elapsed": 6393.443456, "delta": 0.00502}}
{"target": -17.677228285702803, "params": {"gamma": 18.287884692663738, "log10_alpha": 0.49974475997268364, "log10_colsample_bytree": -0.40848824453965427, "log10_eta": -3.994177068913242, "log10_lambda": 0.9413908418696071, "log10_min_child_weight": 4.139829795357739, "log10_subsample": -0.9515294122981248, "max_depth": 4.0, "num_boost_round": 8.0}, "datetime": {"datetime": "2024-01-19 01:57:19", "elapsed": 6393.4487, "delta": 0.005244}}
{"target": -17.677227351038322, "params": {"gamma": 18.287884692663738, "log10_alpha": 0.49974475997268364, "log10_colsample_bytree": -0.40848824453965427, "log10_eta": -3.994177068913242, "log10_lambda": 0.9413908418696071, "log10_min_child_weight": 4.139829795357739, "log10_subsample": -0.9515294122981248, "max_depth": 4.0, "num_boost_round": 9.0}, "datetime": {"datetime": "2024-01-19 01:57:19", "elapsed": 6393.453962, "delta": 0.005262}}
{"target": -17.67722682686926, "params": {"gamma": 18.287884692663738, "log10_alpha": 0.49974475997268364, "log10_colsample_bytree": -0.40848824453965427, "log10_eta": -3.994177068913242, "log10_lambda": 0.9413908418696071, "log10_min_child_weight": 4.139829795357739, "log10_subsample": -0.9515294122981248, "max_depth": 4.0, "num_boost_round": 10.0}, "datetime": {"datetime": "2024-01-19 01:57:19", "elapsed": 6393.459098, "delta": 0.005136}}
{"target": -17.677226091373647, "params": {"gamma": 18.287884692663738, "log10_alpha": 0.49974475997268364, "log10_colsample_bytree": -0.40848824453965427, "log10_eta": -3.994177068913242, "log10_lambda": 0.9413908418696071, "log10_min_child_weight": 4.139829795357739, "log10_subsample": -0.9515294122981248, "max_depth": 4.0, "num_boost_round": 11.0}, "datetime": {"datetime": "2024-01-19 01:57:19", "elapsed": 6393.464323, "delta": 0.005225}}
{"target": -17.677225393478082, "params": {"gamma": 18.287884692663738, "log10_alpha": 0.49974475997268364, "log10_colsample_bytree": -0.40848824453965427, "log10_eta": -3.994177068913242, "log10_lambda": 0.9413908418696071, "log10_min_child_weight": 4.139829795357739, "log10_subsample": -0.9515294122981248, "max_depth": 4.0, "num_boost_round": 12.0}, "datetime": {"datetime": "2024-01-19 01:57:19", "elapsed": 6393.469696, "delta": 0.005373}}
{"target": -17.677225135951154, "params": {"gamma": 18.287884692663738, "log10_alpha": 0.49974475997268364, "log10_colsample_bytree": -0.40848824453965427, "log10_eta": -3.994177068913242, "log10_lambda": 0.9413908418696071, "log10_min_child_weight": 4.139829795357739, "log10_subsample": -0.9515294122981248, "max_depth": 4.0, "num_boost_round": 13.0}, "datetime": {"datetime": "2024-01-19 01:57:19", "elapsed": 6393.475046, "delta": 0.00535}}
{"target": -17.677224464464445, "params": {"gamma": 18.287884692663738, "log10_alpha": 0.49974475997268364, "log10_colsample_bytree": -0.40848824453965427, "log10_eta": -3.994177068913242, "log10_lambda": 0.9413908418696071, "log10_min_child_weight": 4.139829795357739, "log10_subsample": -0.9515294122981248, "max_depth": 4.0, "num_boost_round": 14.0}, "datetime": {"datetime": "2024-01-19 01:57:19", "elapsed": 6393.480002, "delta": 0.004956}}
{"target": -17.677223431284308, "params": {"gamma": 18.287884692663738, "log10_alpha": 0.49974475997268364, "log10_colsample_bytree": -0.40848824453965427, "log10_eta": -3.994177068913242, "log10_lambda": 0.9413908418696071, "log10_min_child_weight": 4.139829795357739, "log10_subsample": -0.9515294122981248, "max_depth": 4.0, "num_boost_round": 15.0}, "datetime": {"datetime": "2024-01-19 01:57:19", "elapsed": 6393.485124, "delta": 0.005122}}
{"target": -17.677222341234337, "params": {"gamma": 18.287884692663738, "log10_alpha": 0.49974475997268364, "log10_colsample_bytree": -0.40848824453965427, "log10_eta": -3.994177068913242, "log10_lambda": 0.9413908418696071, "log10_min_child_weight": 4.139829795357739, "log10_subsample": -0.9515294122981248, "max_depth": 4.0, "num_boost_round": 16.0}, "datetime": {"datetime": "2024-01-19 01:57:19", "elapsed": 6393.490146, "delta": 0.005022}}
{"target": -17.677223090456007, "params": {"gamma": 18.287884692663738, "log10_alpha": 0.49974475997268364, "log10_colsample_bytree": -0.40848824453965427, "log10_eta": -3.994177068913242, "log10_lambda": 0.9413908418696071, "log10_min_child_weight": 4.139829795357739, "log10_subsample": -0.9515294122981248, "max_depth": 4.0, "num_boost_round": 17.0}, "datetime": {"datetime": "2024-01-19 01:57:19", "elapsed": 6393.495809, "delta": 0.005663}}
{"target": -17.67722245275349, "params": {"gamma": 18.287884692663738, "log10_alpha": 0.49974475997268364, "log10_colsample_bytree": -0.40848824453965427, "log10_eta": -3.994177068913242, "log10_lambda": 0.9413908418696071, "log10_min_child_weight": 4.139829795357739, "log10_subsample": -0.9515294122981248, "max_depth": 4.0, "num_boost_round": 18.0}, "datetime": {"datetime": "2024-01-19 01:57:19", "elapsed": 6393.500779, "delta": 0.00497}}
{"target": -17.677220550199422, "params": {"gamma": 18.287884692663738, "log10_alpha": 0.49974475997268364, "log10_colsample_bytree": -0.40848824453965427, "log10_eta": -3.994177068913242, "log10_lambda": 0.9413908418696071, "log10_min_child_weight": 4.139829795357739, "log10_subsample": -0.9515294122981248, "max_depth": 4.0, "num_boost_round": 19.0}, "datetime": {"datetime": "2024-01-19 01:57:19", "elapsed": 6393.506086, "delta": 0.005307}}
{"target": -17.67722001932245, "params": {"gamma": 18.287884692663738, "log10_alpha": 0.49974475997268364, "log10_colsample_bytree": -0.40848824453965427, "log10_eta": -3.994177068913242, "log10_lambda": 0.9413908418696071, "log10_min_child_weight": 4.139829795357739, "log10_subsample": -0.9515294122981248, "max_depth": 4.0, "num_boost_round": 20.0}, "datetime": {"datetime": "2024-01-19 01:57:19", "elapsed": 6393.511394, "delta": 0.005308}}
{"target": -17.67721892450846, "params": {"gamma": 18.287884692663738, "log10_alpha": 0.49974475997268364, "log10_colsample_bytree": -0.40848824453965427, "log10_eta": -3.994177068913242, "log10_lambda": 0.9413908418696071, "log10_min_child_weight": 4.139829795357739, "log10_subsample": -0.9515294122981248, "max_depth": 4.0, "num_boost_round": 21.0}, "datetime": {"datetime": "2024-01-19 01:57:19", "elapsed": 6393.517354, "delta": 0.00596}}
{"target": -17.67721794824773, "params": {"gamma": 18.287884692663738, "log10_alpha": 0.49974475997268364, "log10_colsample_bytree": -0.40848824453965427, "log10_eta": -3.994177068913242, "log10_lambda": 0.9413908418696071, "log10_min_child_weight": 4.139829795357739, "log10_subsample": -0.9515294122981248, "max_depth": 4.0, "num_boost_round": 22.0}, "datetime": {"datetime": "2024-01-19 01:57:19", "elapsed": 6393.525827, "delta": 0.008473}}
{"target": -17.677217128404262, "params": {"gamma": 18.287884692663738, "log10_alpha": 0.49974475997268364, "log10_colsample_bytree": -0.40848824453965427, "log10_eta": -3.994177068913242, "log10_lambda": 0.9413908418696071, "log10_min_child_weight": 4.139829795357739, "log10_subsample": -0.9515294122981248, "max_depth": 4.0, "num_boost_round": 23.0}, "datetime": {"datetime": "2024-01-19 01:57:19", "elapsed": 6393.532087, "delta": 0.00626}}
{"target": -17.67721783385445, "params": {"gamma": 18.287884692663738, "log10_alpha": 0.49974475997268364, "log10_colsample_bytree": -0.40848824453965427, "log10_eta": -3.994177068913242, "log10_lambda": 0.9413908418696071, "log10_min_child_weight": 4.139829795357739, "log10_subsample": -0.9515294122981248, "max_depth": 4.0, "num_boost_round": 24.0}, "datetime": {"datetime": "2024-01-19 01:57:20", "elapsed": 6393.713296, "delta": 0.181209}}
{"target": -17.677217352819284, "params": {"gamma": 18.287884692663738, "log10_alpha": 0.49974475997268364, "log10_colsample_bytree": -0.40848824453965427, "log10_eta": -3.994177068913242, "log10_lambda": 0.9413908418696071, "log10_min_child_weight": 4.139829795357739, "log10_subsample": -0.9515294122981248, "max_depth": 4.0, "num_boost_round": 25.0}, "datetime": {"datetime": "2024-01-19 01:57:20", "elapsed": 6393.720423, "delta": 0.007127}}
{"target": -17.67721682187368, "params": {"gamma": 18.287884692663738, "log10_alpha": 0.49974475997268364, "log10_colsample_bytree": -0.40848824453965427, "log10_eta": -3.994177068913242, "log10_lambda": 0.9413908418696071, "log10_min_child_weight": 4.139829795357739, "log10_subsample": -0.9515294122981248, "max_depth": 4.0, "num_boost_round": 26.0}, "datetime": {"datetime": "2024-01-19 01:57:20", "elapsed": 6393.72689, "delta": 0.006467}}
{"target": -17.67721652722032, "params": {"gamma": 18.287884692663738, "log10_alpha": 0.49974475997268364, "log10_colsample_bytree": -0.40848824453965427, "log10_eta": -3.994177068913242, "log10_lambda": 0.9413908418696071, "log10_min_child_weight": 4.139829795357739, "log10_subsample": -0.9515294122981248, "max_depth": 4.0, "num_boost_round": 27.0}, "datetime": {"datetime": "2024-01-19 01:57:20", "elapsed": 6393.733077, "delta": 0.006187}}
{"target": -17.677215158934064, "params": {"gamma": 18.287884692663738, "log10_alpha": 0.49974475997268364, "log10_colsample_bytree": -0.40848824453965427, "log10_eta": -3.994177068913242, "log10_lambda": 0.9413908418696071, "log10_min_child_weight": 4.139829795357739, "log10_subsample": -0.9515294122981248, "max_depth": 4.0, "num_boost_round": 28.0}, "datetime": {"datetime": "2024-01-19 01:57:20", "elapsed": 6393.739415, "delta": 0.006338}}
{"target": -17.677213933399482, "params": {"gamma": 18.287884692663738, "log10_alpha": 0.49974475997268364, "log10_colsample_bytree": -0.40848824453965427, "log10_eta": -3.994177068913242, "log10_lambda": 0.9413908418696071, "log10_min_child_weight": 4.139829795357739, "log10_subsample": -0.9515294122981248, "max_depth": 4.0, "num_boost_round": 29.0}, "datetime": {"datetime": "2024-01-19 01:57:20", "elapsed": 6393.745015, "delta": 0.0056}}
{"target": -17.67721207357008, "params": {"gamma": 18.287884692663738, "log10_alpha": 0.49974475997268364, "log10_colsample_bytree": -0.40848824453965427, "log10_eta": -3.994177068913242, "log10_lambda": 0.9413908418696071, "log10_min_child_weight": 4.139829795357739, "log10_subsample": -0.9515294122981248, "max_depth": 4.0, "num_boost_round": 30.0}, "datetime": {"datetime": "2024-01-19 01:57:20", "elapsed": 6393.751195, "delta": 0.00618}}
{"target": -17.677210820486945, "params": {"gamma": 18.287884692663738, "log10_alpha": 0.49974475997268364, "log10_colsample_bytree": -0.40848824453965427, "log10_eta": -3.994177068913242, "log10_lambda": 0.9413908418696071, "log10_min_child_weight": 4.139829795357739, "log10_subsample": -0.9515294122981248, "max_depth": 4.0, "num_boost_round": 31.0}, "datetime": {"datetime": "2024-01-19 01:57:20", "elapsed": 6393.756983, "delta": 0.005788}}
{"target": -17.677210755470423, "params": {"gamma": 18.287884692663738, "log10_alpha": 0.49974475997268364, "log10_colsample_bytree": -0.40848824453965427, "log10_eta": -3.994177068913242, "log10_lambda": 0.9413908418696071, "log10_min_child_weight": 4.139829795357739, "log10_subsample": -0.9515294122981248, "max_depth": 4.0, "num_boost_round": 32.0}, "datetime": {"datetime": "2024-01-19 01:57:20", "elapsed": 6393.76451, "delta": 0.007527}}
{"target": -17.67721052010914, "params": {"gamma": 18.287884692663738, "log10_alpha": 0.49974475997268364, "log10_colsample_bytree": -0.40848824453965427, "log10_eta": -3.994177068913242, "log10_lambda": 0.9413908418696071, "log10_min_child_weight": 4.139829795357739, "log10_subsample": -0.9515294122981248, "max_depth": 4.0, "num_boost_round": 33.0}, "datetime": {"datetime": "2024-01-19 01:57:20", "elapsed": 6393.770953, "delta": 0.006443}}
{"target": -17.677209911171868, "params": {"gamma": 18.287884692663738, "log10_alpha": 0.49974475997268364, "log10_colsample_bytree": -0.40848824453965427, "log10_eta": -3.994177068913242, "log10_lambda": 0.9413908418696071, "log10_min_child_weight": 4.139829795357739, "log10_subsample": -0.9515294122981248, "max_depth": 4.0, "num_boost_round": 34.0}, "datetime": {"datetime": "2024-01-19 01:57:20", "elapsed": 6393.777529, "delta": 0.006576}}
{"target": -17.677209980379953, "params": {"gamma": 18.287884692663738, "log10_alpha": 0.49974475997268364, "log10_colsample_bytree": -0.40848824453965427, "log10_eta": -3.994177068913242, "log10_lambda": 0.9413908418696071, "log10_min_child_weight": 4.139829795357739, "log10_subsample": -0.9515294122981248, "max_depth": 4.0, "num_boost_round": 35.0}, "datetime": {"datetime": "2024-01-19 01:57:20", "elapsed": 6393.783741, "delta": 0.006212}}
{"target": -17.677210434679942, "params": {"gamma": 18.287884692663738, "log10_alpha": 0.49974475997268364, "log10_colsample_bytree": -0.40848824453965427, "log10_eta": -3.994177068913242, "log10_lambda": 0.9413908418696071, "log10_min_child_weight": 4.139829795357739, "log10_subsample": -0.9515294122981248, "max_depth": 4.0, "num_boost_round": 36.0}, "datetime": {"datetime": "2024-01-19 01:57:20", "elapsed": 6393.789527, "delta": 0.005786}}
{"target": -17.677210368541854, "params": {"gamma": 18.287884692663738, "log10_alpha": 0.49974475997268364, "log10_colsample_bytree": -0.40848824453965427, "log10_eta": -3.994177068913242, "log10_lambda": 0.9413908418696071, "log10_min_child_weight": 4.139829795357739, "log10_subsample": -0.9515294122981248, "max_depth": 4.0, "num_boost_round": 37.0}, "datetime": {"datetime": "2024-01-19 01:57:20", "elapsed": 6393.794881, "delta": 0.005354}}
{"target": -17.676977779906185, "params": {"gamma": 56.016918603492, "log10_alpha": 0.17174557774960775, "log10_colsample_bytree": -0.5369992063791527, "log10_eta": -1.2898647162688999, "log10_lambda": 0.8872245789576905, "log10_min_child_weight": 4.329228876118681, "log10_subsample": -0.5527326973087021, "max_depth": 5.0, "num_boost_round": 0.0}, "datetime": {"datetime": "2024-01-19 01:58:48", "elapsed": 6482.064519, "delta": 88.269638}}
{"target": -17.676842734542408, "params": {"gamma": 56.016918603492, "log10_alpha": 0.17174557774960775, "log10_colsample_bytree": -0.5369992063791527, "log10_eta": -1.2898647162688999, "log10_lambda": 0.8872245789576905, "log10_min_child_weight": 4.329228876118681, "log10_subsample": -0.5527326973087021, "max_depth": 5.0, "num_boost_round": 1.0}, "datetime": {"datetime": "2024-01-19 01:58:48", "elapsed": 6482.070298, "delta": 0.005779}}
{"target": -17.677476104321443, "params": {"gamma": 56.016918603492, "log10_alpha": 0.17174557774960775, "log10_colsample_bytree": -0.5369992063791527, "log10_eta": -1.2898647162688999, "log10_lambda": 0.8872245789576905, "log10_min_child_weight": 4.329228876118681, "log10_subsample": -0.5527326973087021, "max_depth": 5.0, "num_boost_round": 2.0}, "datetime": {"datetime": "2024-01-19 01:58:48", "elapsed": 6482.075672, "delta": 0.005374}}
{"target": -17.677051652215532, "params": {"gamma": 56.016918603492, "log10_alpha": 0.17174557774960775, "log10_colsample_bytree": -0.5369992063791527, "log10_eta": -1.2898647162688999, "log10_lambda": 0.8872245789576905, "log10_min_child_weight": 4.329228876118681, "log10_subsample": -0.5527326973087021, "max_depth": 5.0, "num_boost_round": 3.0}, "datetime": {"datetime": "2024-01-19 01:58:48", "elapsed": 6482.080663, "delta": 0.004991}}
{"target": -17.677125348894215, "params": {"gamma": 56.016918603492, "log10_alpha": 0.17174557774960775, "log10_colsample_bytree": -0.5369992063791527, "log10_eta": -1.2898647162688999, "log10_lambda": 0.8872245789576905, "log10_min_child_weight": 4.329228876118681, "log10_subsample": -0.5527326973087021, "max_depth": 5.0, "num_boost_round": 4.0}, "datetime": {"datetime": "2024-01-19 01:58:48", "elapsed": 6482.085699, "delta": 0.005036}}
{"target": -17.677275895096408, "params": {"gamma": 56.016918603492, "log10_alpha": 0.17174557774960775, "log10_colsample_bytree": -0.5369992063791527, "log10_eta": -1.2898647162688999, "log10_lambda": 0.8872245789576905, "log10_min_child_weight": 4.329228876118681, "log10_subsample": -0.5527326973087021, "max_depth": 5.0, "num_boost_round": 5.0}, "datetime": {"datetime": "2024-01-19 01:58:48", "elapsed": 6482.090706, "delta": 0.005007}}
