{"target": -13.75930060531843, "params": {"gamma": 947.1418378844153, "log10_alpha": -3.887747968532655, "log10_colsample_bytree": -0.5121655583464665, "log10_eta": -1.8577779424700078, "log10_lambda": -3.422780061981195, "log10_min_child_weight": 0.24260331676571656, "log10_subsample": -0.00770875444519703, "max_depth": 5.0, "num_boost_round": 34.0}, "datetime": {"datetime": "2024-01-19 01:05:29", "elapsed": 3230.133195, "delta": 0.004049}}
{"target": -13.759963154679937, "params": {"gamma": 947.1418378844153, "log10_alpha": -3.887747968532655, "log10_colsample_bytree": -0.5121655583464665, "log10_eta": -1.8577779424700078, "log10_lambda": -3.422780061981195, "log10_min_child_weight": 0.24260331676571656, "log10_subsample": -0.00770875444519703, "max_depth": 5.0, "num_boost_round": 35.0}, "datetime": {"datetime": "2024-01-19 01:05:29", "elapsed": 3230.1373, "delta": 0.004105}}
{"target": -13.760357746697395, "params": {"gamma": 947.1418378844153, "log10_alpha": -3.887747968532655, "log10_colsample_bytree": -0.5121655583464665, "log10_eta": -1.8577779424700078, "log10_lambda": -3.422780061981195, "log10_min_child_weight": 0.24260331676571656, "log10_subsample": -0.00770875444519703, "max_depth": 5.0, "num_boost_round": 36.0}, "datetime": {"datetime": "2024-01-19 01:05:29", "elapsed": 3230.141393, "delta": 0.004093}}
{"target": -13.760637472771062, "params": {"gamma": 947.1418378844153, "log10_alpha": -3.887747968532655, "log10_colsample_bytree": -0.5121655583464665, "log10_eta": -1.8577779424700078, "log10_lambda": -3.422780061981195, "log10_min_child_weight": 0.24260331676571656, "log10_subsample": -0.00770875444519703, "max_depth": 5.0, "num_boost_round": 37.0}, "datetime": {"datetime": "2024-01-19 01:05:29", "elapsed": 3230.14547, "delta": 0.004077}}
{"target": -13.760727105798475, "params": {"gamma": 947.1418378844153, "log10_alpha": -3.887747968532655, "log10_colsample_bytree": -0.5121655583464665, "log10_eta": -1.8577779424700078, "log10_lambda": -3.422780061981195, "log10_min_child_weight": 0.24260331676571656, "log10_subsample": -0.00770875444519703, "max_depth": 5.0, "num_boost_round": 38.0}, "datetime": {"datetime": "2024-01-19 01:05:29", "elapsed": 3230.149853, "delta": 0.004383}}
{"target": -13.760795021689352, "params": {"gamma": 947.1418378844153, "log10_alpha": -3.887747968532655, "log10_colsample_bytree": -0.5121655583464665, "log10_eta": -1.8577779424700078, "log10_lambda": -3.422780061981195, "log10_min_child_weight": 0.24260331676571656, "log10_subsample": -0.00770875444519703, "max_depth": 5.0, "num_boost_round": 39.0}, "datetime": {"datetime": "2024-01-19 01:05:29", "elapsed": 3230.154093, "delta": 0.00424}}
{"target": -13.761032599548486, "params": {"gamma": 947.1418378844153, "log10_alpha": -3.887747968532655, "log10_colsample_bytree": -0.5121655583464665, "log10_eta": -1.8577779424700078, "log10_lambda": -3.422780061981195, "log10_min_child_weight": 0.24260331676571656, "log10_subsample": -0.00770875444519703, "max_depth": 5.0, "num_boost_round": 40.0}, "datetime": {"datetime": "2024-01-19 01:05:29", "elapsed": 3230.158229, "delta": 0.004136}}
{"target": -13.760907634685003, "params": {"gamma": 947.1418378844153, "log10_alpha": -3.887747968532655, "log10_colsample_bytree": -0.5121655583464665, "log10_eta": -1.8577779424700078, "log10_lambda": -3.422780061981195, "log10_min_child_weight": 0.24260331676571656, "log10_subsample": -0.00770875444519703, "max_depth": 5.0, "num_boost_round": 41.0}, "datetime": {"datetime": "2024-01-19 01:05:29", "elapsed": 3230.162414, "delta": 0.004185}}
{"target": -13.761093943757983, "params": {"gamma": 947.1418378844153, "log10_alpha": -3.887747968532655, "log10_colsample_bytree": -0.5121655583464665, "log10_eta": -1.8577779424700078, "log10_lambda": -3.422780061981195, "log10_min_child_weight": 0.24260331676571656, "log10_subsample": -0.00770875444519703, "max_depth": 5.0, "num_boost_round": 42.0}, "datetime": {"datetime": "2024-01-19 01:05:29", "elapsed": 3230.166595, "delta": 0.004181}}
{"target": -13.761057584860183, "params": {"gamma": 947.1418378844153, "log10_alpha": -3.887747968532655, "log10_colsample_bytree": -0.5121655583464665, "log10_eta": -1.8577779424700078, "log10_lambda": -3.422780061981195, "log10_min_child_weight": 0.24260331676571656, "log10_subsample": -0.00770875444519703, "max_depth": 5.0, "num_boost_round": 43.0}, "datetime": {"datetime": "2024-01-19 01:05:29", "elapsed": 3230.170747, "delta": 0.004152}}
{"target": -13.761403941810144, "params": {"gamma": 947.1418378844153, "log10_alpha": -3.887747968532655, "log10_colsample_bytree": -0.5121655583464665, "log10_eta": -1.8577779424700078, "log10_lambda": -3.422780061981195, "log10_min_child_weight": 0.24260331676571656, "log10_subsample": -0.00770875444519703, "max_depth": 5.0, "num_boost_round": 44.0}, "datetime": {"datetime": "2024-01-19 01:05:29", "elapsed": 3230.174895, "delta": 0.004148}}
{"target": -13.762051435078762, "params": {"gamma": 947.1418378844153, "log10_alpha": -3.887747968532655, "log10_colsample_bytree": -0.5121655583464665, "log10_eta": -1.8577779424700078, "log10_lambda": -3.422780061981195, "log10_min_child_weight": 0.24260331676571656, "log10_subsample": -0.00770875444519703, "max_depth": 5.0, "num_boost_round": 45.0}, "datetime": {"datetime": "2024-01-19 01:05:29", "elapsed": 3230.179058, "delta": 0.004163}}
{"target": -13.76256955583007, "params": {"gamma": 947.1418378844153, "log10_alpha": -3.887747968532655, "log10_colsample_bytree": -0.5121655583464665, "log10_eta": -1.8577779424700078, "log10_lambda": -3.422780061981195, "log10_min_child_weight": 0.24260331676571656, "log10_subsample": -0.00770875444519703, "max_depth": 5.0, "num_boost_round": 46.0}, "datetime": {"datetime": "2024-01-19 01:05:29", "elapsed": 3230.183204, "delta": 0.004146}}
{"target": -13.76260732737054, "params": {"gamma": 947.1418378844153, "log10_alpha": -3.887747968532655, "log10_colsample_bytree": -0.5121655583464665, "log10_eta": -1.8577779424700078, "log10_lambda": -3.422780061981195, "log10_min_child_weight": 0.24260331676571656, "log10_subsample": -0.00770875444519703, "max_depth": 5.0, "num_boost_round": 47.0}, "datetime": {"datetime": "2024-01-19 01:05:29", "elapsed": 3230.187408, "delta": 0.004204}}
{"target": -13.762678842909173, "params": {"gamma": 947.1418378844153, "log10_alpha": -3.887747968532655, "log10_colsample_bytree": -0.5121655583464665, "log10_eta": -1.8577779424700078, "log10_lambda": -3.422780061981195, "log10_min_child_weight": 0.24260331676571656, "log10_subsample": -0.00770875444519703, "max_depth": 5.0, "num_boost_round": 48.0}, "datetime": {"datetime": "2024-01-19 01:05:29", "elapsed": 3230.191555, "delta": 0.004147}}
{"target": -13.762637935879775, "params": {"gamma": 947.1418378844153, "log10_alpha": -3.887747968532655, "log10_colsample_bytree": -0.5121655583464665, "log10_eta": -1.8577779424700078, "log10_lambda": -3.422780061981195, "log10_min_child_weight": 0.24260331676571656, "log10_subsample": -0.00770875444519703, "max_depth": 5.0, "num_boost_round": 49.0}, "datetime": {"datetime": "2024-01-19 01:05:29", "elapsed": 3230.195718, "delta": 0.004163}}
{"target": -13.762910468588062, "params": {"gamma": 947.1418378844153, "log10_alpha": -3.887747968532655, "log10_colsample_bytree": -0.5121655583464665, "log10_eta": -1.8577779424700078, "log10_lambda": -3.422780061981195, "log10_min_child_weight": 0.24260331676571656, "log10_subsample": -0.00770875444519703, "max_depth": 5.0, "num_boost_round": 50.0}, "datetime": {"datetime": "2024-01-19 01:05:29", "elapsed": 3230.199877, "delta": 0.004159}}
{"target": -13.762935242441278, "params": {"gamma": 947.1418378844153, "log10_alpha": -3.887747968532655, "log10_colsample_bytree": -0.5121655583464665, "log10_eta": -1.8577779424700078, "log10_lambda": -3.422780061981195, "log10_min_child_weight": 0.24260331676571656, "log10_subsample": -0.00770875444519703, "max_depth": 5.0, "num_boost_round": 51.0}, "datetime": {"datetime": "2024-01-19 01:05:29", "elapsed": 3230.204038, "delta": 0.004161}}
{"target": -13.762481979394035, "params": {"gamma": 947.1418378844153, "log10_alpha": -3.887747968532655, "log10_colsample_bytree": -0.5121655583464665, "log10_eta": -1.8577779424700078, "log10_lambda": -3.422780061981195, "log10_min_child_weight": 0.24260331676571656, "log10_subsample": -0.00770875444519703, "max_depth": 5.0, "num_boost_round": 52.0}, "datetime": {"datetime": "2024-01-19 01:05:29", "elapsed": 3230.208196, "delta": 0.004158}}
{"target": -13.76347326906798, "params": {"gamma": 947.1418378844153, "log10_alpha": -3.887747968532655, "log10_colsample_bytree": -0.5121655583464665, "log10_eta": -1.8577779424700078, "log10_lambda": -3.422780061981195, "log10_min_child_weight": 0.24260331676571656, "log10_subsample": -0.00770875444519703, "max_depth": 5.0, "num_boost_round": 53.0}, "datetime": {"datetime": "2024-01-19 01:05:29", "elapsed": 3230.212335, "delta": 0.004139}}
{"target": -13.764006474400132, "params": {"gamma": 947.1418378844153, "log10_alpha": -3.887747968532655, "log10_colsample_bytree": -0.5121655583464665, "log10_eta": -1.8577779424700078, "log10_lambda": -3.422780061981195, "log10_min_child_weight": 0.24260331676571656, "log10_subsample": -0.00770875444519703, "max_depth": 5.0, "num_boost_round": 54.0}, "datetime": {"datetime": "2024-01-19 01:05:29", "elapsed": 3230.216474, "delta": 0.004139}}
{"target": -13.764112892996852, "params": {"gamma": 947.1418378844153, "log10_alpha": -3.887747968532655, "log10_colsample_bytree": -0.5121655583464665, "log10_eta": -1.8577779424700078, "log10_lambda": -3.422780061981195, "log10_min_child_weight": 0.24260331676571656, "log10_subsample": -0.00770875444519703, "max_depth": 5.0, "num_boost_round": 55.0}, "datetime": {"datetime": "2024-01-19 01:05:29", "elapsed": 3230.220602, "delta": 0.004128}}
{"target": -13.764580050131139, "params": {"gamma": 947.1418378844153, "log10_alpha": -3.887747968532655, "log10_colsample_bytree": -0.5121655583464665, "log10_eta": -1.8577779424700078, "log10_lambda": -3.422780061981195, "log10_min_child_weight": 0.24260331676571656, "log10_subsample": -0.00770875444519703, "max_depth": 5.0, "num_boost_round": 56.0}, "datetime": {"datetime": "2024-01-19 01:05:29", "elapsed": 3230.224743, "delta": 0.004141}}
{"target": -13.75854891882095, "params": {"gamma": 939.2105801705982, "log10_alpha": -3.26691258707183, "log10_colsample_bytree": -0.07963021243752755, "log10_eta": -3.2191231545370522, "log10_lambda": -0.6613787127294453, "log10_min_child_weight": 3.0834834096016097, "log10_subsample": -0.14498301204998643, "max_depth": 6.0, "num_boost_round": 0.0}, "datetime": {"datetime": "2024-01-19 01:06:29", "elapsed": 3290.316447, "delta": 60.091704}}
{"target": -13.758552008017256, "params": {"gamma": 939.2105801705982, "log10_alpha": -3.26691258707183, "log10_colsample_bytree": -0.07963021243752755, "log10_eta": -3.2191231545370522, "log10_lambda": -0.6613787127294453, "log10_min_child_weight": 3.0834834096016097, "log10_subsample": -0.14498301204998643, "max_depth": 6.0, "num_boost_round": 1.0}, "datetime": {"datetime": "2024-01-19 01:06:29", "elapsed": 3290.32101, "delta": 0.004563}}
{"target": -13.758541308367501, "params": {"gamma": 939.2105801705982, "log10_alpha": -3.26691258707183, "log10_colsample_bytree": -0.07963021243752755, "log10_eta": -3.2191231545370522, "log10_lambda": -0.6613787127294453, "log10_min_child_weight": 3.0834834096016097, "log10_subsample": -0.14498301204998643, "max_depth": 6.0, "num_boost_round": 2.0}, "datetime": {"datetime": "2024-01-19 01:06:29", "elapsed": 3290.325068, "delta": 0.004058}}
{"target": -13.758532478884193, "params": {"gamma": 939.2105801705982, "log10_alpha": -3.26691258707183, "log10_colsample_bytree": -0.07963021243752755, "log10_eta": -3.2191231545370522, "log10_lambda": -0.6613787127294453, "log10_min_child_weight": 3.0834834096016097, "log10_subsample": -0.14498301204998643, "max_depth": 6.0, "num_boost_round": 3.0}, "datetime": {"datetime": "2024-01-19 01:06:29", "elapsed": 3290.329201, "delta": 0.004133}}
{"target": -13.758512448915429, "params": {"gamma": 939.2105801705982, "log10_alpha": -3.26691258707183, "log10_colsample_bytree": -0.07963021243752755, "log10_eta": -3.2191231545370522, "log10_lambda": -0.6613787127294453, "log10_min_child_weight": 3.0834834096016097, "log10_subsample": -0.14498301204998643, "max_depth": 6.0, "num_boost_round": 4.0}, "datetime": {"datetime": "2024-01-19 01:06:29", "elapsed": 3290.333309, "delta": 0.004108}}
{"target": -13.75850844190056, "params": {"gamma": 939.2105801705982, "log10_alpha": -3.26691258707183, "log10_colsample_bytree": -0.07963021243752755, "log10_eta": -3.2191231545370522, "log10_lambda": -0.6613787127294453, "log10_min_child_weight": 3.0834834096016097, "log10_subsample": -0.14498301204998643, "max_depth": 6.0, "num_boost_round": 5.0}, "datetime": {"datetime": "2024-01-19 01:06:29", "elapsed": 3290.337432, "delta": 0.004123}}
{"target": -13.75851608242555, "params": {"gamma": 939.2105801705982, "log10_alpha": -3.26691258707183, "log10_colsample_bytree": -0.07963021243752755, "log10_eta": -3.2191231545370522, "log10_lambda": -0.6613787127294453, "log10_min_child_weight": 3.0834834096016097, "log10_subsample": -0.14498301204998643, "max_depth": 6.0, "num_boost_round": 6.0}, "datetime": {"datetime": "2024-01-19 01:06:29", "elapsed": 3290.341492, "delta": 0.00406}}
{"target": -13.75852847281725, "params": {"gamma": 939.2105801705982, "log10_alpha": -3.26691258707183, "log10_colsample_bytree": -0.07963021243752755, "log10_eta": -3.2191231545370522, "log10_lambda": -0.6613787127294453, "log10_min_child_weight": 3.0834834096016097, "log10_subsample": -0.14498301204998643, "max_depth": 6.0, "num_boost_round": 7.0}, "datetime": {"datetime": "2024-01-19 01:06:29", "elapsed": 3290.34574, "delta": 0.004248}}
{"target": -13.758533311529897, "params": {"gamma": 939.2105801705982, "log10_alpha": -3.26691258707183, "log10_colsample_bytree": -0.07963021243752755, "log10_eta": -3.2191231545370522, "log10_lambda": -0.6613787127294453, "log10_min_child_weight": 3.0834834096016097, "log10_subsample": -0.14498301204998643, "max_depth": 6.0, "num_boost_round": 8.0}, "datetime": {"datetime": "2024-01-19 01:06:29", "elapsed": 3290.349886, "delta": 0.004146}}
{"target": -13.758535527013851, "params": {"gamma": 939.2105801705982, "log10_alpha": -3.26691258707183, "log10_colsample_bytree": -0.07963021243752755, "log10_eta": -3.2191231545370522, "log10_lambda": -0.6613787127294453, "log10_min_child_weight": 3.0834834096016097, "log10_subsample": -0.14498301204998643, "max_depth": 6.0, "num_boost_round": 9.0}, "datetime": {"datetime": "2024-01-19 01:06:29", "elapsed": 3290.353925, "delta": 0.004039}}
{"target": -13.75854833707746, "params": {"gamma": 939.2105801705982, "log10_alpha": -3.26691258707183, "log10_colsample_bytree": -0.07963021243752755, "log10_eta": -3.2191231545370522, "log10_lambda": -0.6613787127294453, "log10_min_child_weight": 3.0834834096016097, "log10_subsample": -0.14498301204998643, "max_depth": 6.0, "num_boost_round": 10.0}, "datetime": {"datetime": "2024-01-19 01:06:29", "elapsed": 3290.35823, "delta": 0.004305}}
{"target": -13.758551341757236, "params": {"gamma": 939.2105801705982, "log10_alpha": -3.26691258707183, "log10_colsample_bytree": -0.07963021243752755, "log10_eta": -3.2191231545370522, "log10_lambda": -0.6613787127294453, "log10_min_child_weight": 3.0834834096016097, "log10_subsample": -0.14498301204998643, "max_depth": 6.0, "num_boost_round": 11.0}, "datetime": {"datetime": "2024-01-19 01:06:29", "elapsed": 3290.362724, "delta": 0.004494}}
{"target": -13.758563107136732, "params": {"gamma": 939.2105801705982, "log10_alpha": -3.26691258707183, "log10_colsample_bytree": -0.07963021243752755, "log10_eta": -3.2191231545370522, "log10_lambda": -0.6613787127294453, "log10_min_child_weight": 3.0834834096016097, "log10_subsample": -0.14498301204998643, "max_depth": 6.0, "num_boost_round": 12.0}, "datetime": {"datetime": "2024-01-19 01:06:29", "elapsed": 3290.367381, "delta": 0.004657}}
{"target": -13.758565590593882, "params": {"gamma": 939.2105801705982, "log10_alpha": -3.26691258707183, "log10_colsample_bytree": -0.07963021243752755, "log10_eta": -3.2191231545370522, "log10_lambda": -0.6613787127294453, "log10_min_child_weight": 3.0834834096016097, "log10_subsample": -0.14498301204998643, "max_depth": 6.0, "num_boost_round": 13.0}, "datetime": {"datetime": "2024-01-19 01:06:29", "elapsed": 3290.371583, "delta": 0.004202}}
{"target": -13.758573284661717, "params": {"gamma": 939.2105801705982, "log10_alpha": -3.26691258707183, "log10_colsample_bytree": -0.07963021243752755, "log10_eta": -3.2191231545370522, "log10_lambda": -0.6613787127294453, "log10_min_child_weight": 3.0834834096016097, "log10_subsample": -0.14498301204998643, "max_depth": 6.0, "num_boost_round": 14.0}, "datetime": {"datetime": "2024-01-19 01:06:29", "elapsed": 3290.375716, "delta": 0.004133}}
{"target": -13.75857738458214, "params": {"gamma": 939.2105801705982, "log10_alpha": -3.26691258707183, "log10_colsample_bytree": -0.07963021243752755, "log10_eta": -3.2191231545370522, "log10_lambda": -0.6613787127294453, "log10_min_child_weight": 3.0834834096016097, "log10_subsample": -0.14498301204998643, "max_depth": 6.0, "num_boost_round": 15.0}, "datetime": {"datetime": "2024-01-19 01:06:29", "elapsed": 3290.379766, "delta": 0.00405}}
{"target": -13.758571378647657, "params": {"gamma": 939.2105801705982, "log10_alpha": -3.26691258707183, "log10_colsample_bytree": -0.07963021243752755, "log10_eta": -3.2191231545370522, "log10_lambda": -0.6613787127294453, "log10_min_child_weight": 3.0834834096016097, "log10_subsample": -0.14498301204998643, "max_depth": 6.0, "num_boost_round": 16.0}, "datetime": {"datetime": "2024-01-19 01:06:29", "elapsed": 3290.383886, "delta": 0.00412}}
{"target": -13.758545952535828, "params": {"gamma": 939.2105801705982, "log10_alpha": -3.26691258707183, "log10_colsample_bytree": -0.07963021243752755, "log10_eta": -3.2191231545370522, "log10_lambda": -0.6613787127294453, "log10_min_child_weight": 3.0834834096016097, "log10_subsample": -0.14498301204998643, "max_depth": 6.0, "num_boost_round": 17.0}, "datetime": {"datetime": "2024-01-19 01:06:29", "elapsed": 3290.387977, "delta": 0.004091}}
{"target": -13.758550684184177, "params": {"gamma": 939.2105801705982, "log10_alpha": -3.26691258707183, "log10_colsample_bytree": -0.07963021243752755, "log10_eta": -3.2191231545370522, "log10_lambda": -0.6613787127294453, "log10_min_child_weight": 3.0834834096016097, "log10_subsample": -0.14498301204998643, "max_depth": 6.0, "num_boost_round": 18.0}, "datetime": {"datetime": "2024-01-19 01:06:29", "elapsed": 3290.392087, "delta": 0.00411}}
{"target": -13.758551122167603, "params": {"gamma": 939.2105801705982, "log10_alpha": -3.26691258707183, "log10_colsample_bytree": -0.07963021243752755, "log10_eta": -3.2191231545370522, "log10_lambda": -0.6613787127294453, "log10_min_child_weight": 3.0834834096016097, "log10_subsample": -0.14498301204998643, "max_depth": 6.0, "num_boost_round": 19.0}, "datetime": {"datetime": "2024-01-19 01:06:29", "elapsed": 3290.396224, "delta": 0.004137}}
{"target": -13.758566648849051, "params": {"gamma": 939.2105801705982, "log10_alpha": -3.26691258707183, "log10_colsample_bytree": -0.07963021243752755, "log10_eta": -3.2191231545370522, "log10_lambda": -0.6613787127294453, "log10_min_child_weight": 3.0834834096016097, "log10_subsample": -0.14498301204998643, "max_depth": 6.0, "num_boost_round": 20.0}, "datetime": {"datetime": "2024-01-19 01:06:29", "elapsed": 3290.400283, "delta": 0.004059}}
{"target": -13.75855433322823, "params": {"gamma": 939.2105801705982, "log10_alpha": -3.26691258707183, "log10_colsample_bytree": -0.07963021243752755, "log10_eta": -3.2191231545370522, "log10_lambda": -0.6613787127294453, "log10_min_child_weight": 3.0834834096016097, "log10_subsample": -0.14498301204998643, "max_depth": 6.0, "num_boost_round": 21.0}, "datetime": {"datetime": "2024-01-19 01:06:29", "elapsed": 3290.404364, "delta": 0.004081}}
{"target": -13.758555781147262, "params": {"gamma": 939.2105801705982, "log10_alpha": -3.26691258707183, "log10_colsample_bytree": -0.07963021243752755, "log10_eta": -3.2191231545370522, "log10_lambda": -0.6613787127294453, "log10_min_child_weight": 3.0834834096016097, "log10_subsample": -0.14498301204998643, "max_depth": 6.0, "num_boost_round": 22.0}, "datetime": {"datetime": "2024-01-19 01:06:29", "elapsed": 3290.40852, "delta": 0.004156}}
{"target": -13.75855390644867, "params": {"gamma": 939.2105801705982, "log10_alpha": -3.26691258707183, "log10_colsample_bytree": -0.07963021243752755, "log10_eta": -3.2191231545370522, "log10_lambda": -0.6613787127294453, "log10_min_child_weight": 3.0834834096016097, "log10_subsample": -0.14498301204998643, "max_depth": 6.0, "num_boost_round": 23.0}, "datetime": {"datetime": "2024-01-19 01:06:29", "elapsed": 3290.41259, "delta": 0.00407}}
{"target": -13.758559116668865, "params": {"gamma": 939.2105801705982, "log10_alpha": -3.26691258707183, "log10_colsample_bytree": -0.07963021243752755, "log10_eta": -3.2191231545370522, "log10_lambda": -0.6613787127294453, "log10_min_child_weight": 3.0834834096016097, "log10_subsample": -0.14498301204998643, "max_depth": 6.0, "num_boost_round": 24.0}, "datetime": {"datetime": "2024-01-19 01:06:29", "elapsed": 3290.416695, "delta": 0.004105}}
{"target": -13.758547088112122, "params": {"gamma": 939.2105801705982, "log10_alpha": -3.26691258707183, "log10_colsample_bytree": -0.07963021243752755, "log10_eta": -3.2191231545370522, "log10_lambda": -0.6613787127294453, "log10_min_child_weight": 3.0834834096016097, "log10_subsample": -0.14498301204998643, "max_depth": 6.0, "num_boost_round": 25.0}, "datetime": {"datetime": "2024-01-19 01:06:29", "elapsed": 3290.420854, "delta": 0.004159}}
