{"target": -18.351455636739978, "params": {"gamma": 42.312722186841675, "log10_alpha": -1.262658945595624, "log10_colsample_bytree": -0.5639904332824304, "log10_eta": -0.044171894928392685, "log10_lambda": -2.7530694834269402, "log10_min_child_weight": 2.3124931913444486, "log10_subsample": -0.20229995636842435, "max_depth": 2.0, "num_boost_round": 20.0}, "datetime": {"datetime": "2024-01-19 00:44:46", "elapsed": 2040.138003, "delta": 0.002083}}
{"target": -18.37082063930214, "params": {"gamma": 42.312722186841675, "log10_alpha": -1.262658945595624, "log10_colsample_bytree": -0.5639904332824304, "log10_eta": -0.044171894928392685, "log10_lambda": -2.7530694834269402, "log10_min_child_weight": 2.3124931913444486, "log10_subsample": -0.20229995636842435, "max_depth": 2.0, "num_boost_round": 21.0}, "datetime": {"datetime": "2024-01-19 00:44:46", "elapsed": 2040.140158, "delta": 0.002155}}
{"target": -18.373541992950898, "params": {"gamma": 42.312722186841675, "log10_alpha": -1.262658945595624, "log10_colsample_bytree": -0.5639904332824304, "log10_eta": -0.044171894928392685, "log10_lambda": -2.7530694834269402, "log10_min_child_weight": 2.3124931913444486, "log10_subsample": -0.20229995636842435, "max_depth": 2.0, "num_boost_round": 22.0}, "datetime": {"datetime": "2024-01-19 00:44:46", "elapsed": 2040.142383, "delta": 0.002225}}
{"target": -18.386764157158524, "params": {"gamma": 42.312722186841675, "log10_alpha": -1.262658945595624, "log10_colsample_bytree": -0.5639904332824304, "log10_eta": -0.044171894928392685, "log10_lambda": -2.7530694834269402, "log10_min_child_weight": 2.3124931913444486, "log10_subsample": -0.20229995636842435, "max_depth": 2.0, "num_boost_round": 23.0}, "datetime": {"datetime": "2024-01-19 00:44:46", "elapsed": 2040.144525, "delta": 0.002142}}
{"target": -18.39593841632529, "params": {"gamma": 42.312722186841675, "log10_alpha": -1.262658945595624, "log10_colsample_bytree": -0.5639904332824304, "log10_eta": -0.044171894928392685, "log10_lambda": -2.7530694834269402, "log10_min_child_weight": 2.3124931913444486, "log10_subsample": -0.20229995636842435, "max_depth": 2.0, "num_boost_round": 24.0}, "datetime": {"datetime": "2024-01-19 00:44:46", "elapsed": 2040.146685, "delta": 0.00216}}
{"target": -18.39382331459753, "params": {"gamma": 42.312722186841675, "log10_alpha": -1.262658945595624, "log10_colsample_bytree": -0.5639904332824304, "log10_eta": -0.044171894928392685, "log10_lambda": -2.7530694834269402, "log10_min_child_weight": 2.3124931913444486, "log10_subsample": -0.20229995636842435, "max_depth": 2.0, "num_boost_round": 25.0}, "datetime": {"datetime": "2024-01-19 00:44:46", "elapsed": 2040.148688, "delta": 0.002003}}
{"target": -17.918207467355348, "params": {"gamma": 50.67789460932259, "log10_alpha": 0.34693755250227376, "log10_colsample_bytree": -0.9561330948329165, "log10_eta": -0.09704833128175894, "log10_lambda": -4.290995918421028, "log10_min_child_weight": 1.9323805800055354, "log10_subsample": -0.6515308672732377, "max_depth": 7.0, "num_boost_round": 0.0}, "datetime": {"datetime": "2024-01-19 00:45:24", "elapsed": 2078.092079, "delta": 37.943391}}
{"target": -18.002495611288225, "params": {"gamma": 50.67789460932259, "log10_alpha": 0.34693755250227376, "log10_colsample_bytree": -0.9561330948329165, "log10_eta": -0.09704833128175894, "log10_lambda": -4.290995918421028, "log10_min_child_weight": 1.9323805800055354, "log10_subsample": -0.6515308672732377, "max_depth": 7.0, "num_boost_round": 1.0}, "datetime": {"datetime": "2024-01-19 00:45:24", "elapsed": 2078.094715, "delta": 0.002636}}
{"target": -18.171921713543913, "params": {"gamma": 50.67789460932259, "log10_alpha": 0.34693755250227376, "log10_colsample_bytree": -0.9561330948329165, "log10_eta": -0.09704833128175894, "log10_lambda": -4.290995918421028, "log10_min_child_weight": 1.9323805800055354, "log10_subsample": -0.6515308672732377, "max_depth": 7.0, "num_boost_round": 2.0}, "datetime": {"datetime": "2024-01-19 00:45:24", "elapsed": 2078.097188, "delta": 0.002473}}
{"target": -18.23654870837731, "params": {"gamma": 50.67789460932259, "log10_alpha": 0.34693755250227376, "log10_colsample_bytree": -0.9561330948329165, "log10_eta": -0.09704833128175894, "log10_lambda": -4.290995918421028, "log10_min_child_weight": 1.9323805800055354, "log10_subsample": -0.6515308672732377, "max_depth": 7.0, "num_boost_round": 3.0}, "datetime": {"datetime": "2024-01-19 00:45:24", "elapsed": 2078.099544, "delta": 0.002356}}
{"target": -18.28205893798664, "params": {"gamma": 50.67789460932259, "log10_alpha": 0.34693755250227376, "log10_colsample_bytree": -0.9561330948329165, "log10_eta": -0.09704833128175894, "log10_lambda": -4.290995918421028, "log10_min_child_weight": 1.9323805800055354, "log10_subsample": -0.6515308672732377, "max_depth": 7.0, "num_boost_round": 4.0}, "datetime": {"datetime": "2024-01-19 00:45:24", "elapsed": 2078.101766, "delta": 0.002222}}
{"target": -18.378444672601123, "params": {"gamma": 50.67789460932259, "log10_alpha": 0.34693755250227376, "log10_colsample_bytree": -0.9561330948329165, "log10_eta": -0.09704833128175894, "log10_lambda": -4.290995918421028, "log10_min_child_weight": 1.9323805800055354, "log10_subsample": -0.6515308672732377, "max_depth": 7.0, "num_boost_round": 5.0}, "datetime": {"datetime": "2024-01-19 00:45:24", "elapsed": 2078.103998, "delta": 0.002232}}
{"target": -18.501361959179377, "params": {"gamma": 50.67789460932259, "log10_alpha": 0.34693755250227376, "log10_colsample_bytree": -0.9561330948329165, "log10_eta": -0.09704833128175894, "log10_lambda": -4.290995918421028, "log10_min_child_weight": 1.9323805800055354, "log10_subsample": -0.6515308672732377, "max_depth": 7.0, "num_boost_round": 6.0}, "datetime": {"datetime": "2024-01-19 00:45:24", "elapsed": 2078.106406, "delta": 0.002408}}
{"target": -18.56124487015117, "params": {"gamma": 50.67789460932259, "log10_alpha": 0.34693755250227376, "log10_colsample_bytree": -0.9561330948329165, "log10_eta": -0.09704833128175894, "log10_lambda": -4.290995918421028, "log10_min_child_weight": 1.9323805800055354, "log10_subsample": -0.6515308672732377, "max_depth": 7.0, "num_boost_round": 7.0}, "datetime": {"datetime": "2024-01-19 00:45:24", "elapsed": 2078.108604, "delta": 0.002198}}
{"target": -18.637235888823216, "params": {"gamma": 50.67789460932259, "log10_alpha": 0.34693755250227376, "log10_colsample_bytree": -0.9561330948329165, "log10_eta": -0.09704833128175894, "log10_lambda": -4.290995918421028, "log10_min_child_weight": 1.9323805800055354, "log10_subsample": -0.6515308672732377, "max_depth": 7.0, "num_boost_round": 8.0}, "datetime": {"datetime": "2024-01-19 00:45:24", "elapsed": 2078.110815, "delta": 0.002211}}
{"target": -18.674938293655156, "params": {"gamma": 50.67789460932259, "log10_alpha": 0.34693755250227376, "log10_colsample_bytree": -0.9561330948329165, "log10_eta": -0.09704833128175894, "log10_lambda": -4.290995918421028, "log10_min_child_weight": 1.9323805800055354, "log10_subsample": -0.6515308672732377, "max_depth": 7.0, "num_boost_round": 9.0}, "datetime": {"datetime": "2024-01-19 00:45:24", "elapsed": 2078.113145, "delta": 0.00233}}
{"target": -19.36852909351779, "params": {"gamma": 50.67789460932259, "log10_alpha": 0.34693755250227376, "log10_colsample_bytree": -0.9561330948329165, "log10_eta": -0.09704833128175894, "log10_lambda": -4.290995918421028, "log10_min_child_weight": 1.9323805800055354, "log10_subsample": -0.6515308672732377, "max_depth": 7.0, "num_boost_round": 10.0}, "datetime": {"datetime": "2024-01-19 00:45:24", "elapsed": 2078.115693, "delta": 0.002548}}
{"target": -19.41336700727828, "params": {"gamma": 50.67789460932259, "log10_alpha": 0.34693755250227376, "log10_colsample_bytree": -0.9561330948329165, "log10_eta": -0.09704833128175894, "log10_lambda": -4.290995918421028, "log10_min_child_weight": 1.9323805800055354, "log10_subsample": -0.6515308672732377, "max_depth": 7.0, "num_boost_round": 11.0}, "datetime": {"datetime": "2024-01-19 00:45:24", "elapsed": 2078.118005, "delta": 0.002312}}
{"target": -19.463158355124534, "params": {"gamma": 50.67789460932259, "log10_alpha": 0.34693755250227376, "log10_colsample_bytree": -0.9561330948329165, "log10_eta": -0.09704833128175894, "log10_lambda": -4.290995918421028, "log10_min_child_weight": 1.9323805800055354, "log10_subsample": -0.6515308672732377, "max_depth": 7.0, "num_boost_round": 12.0}, "datetime": {"datetime": "2024-01-19 00:45:24", "elapsed": 2078.120183, "delta": 0.002178}}
{"target": -19.486964204681577, "params": {"gamma": 50.67789460932259, "log10_alpha": 0.34693755250227376, "log10_colsample_bytree": -0.9561330948329165, "log10_eta": -0.09704833128175894, "log10_lambda": -4.290995918421028, "log10_min_child_weight": 1.9323805800055354, "log10_subsample": -0.6515308672732377, "max_depth": 7.0, "num_boost_round": 13.0}, "datetime": {"datetime": "2024-01-19 00:45:24", "elapsed": 2078.122358, "delta": 0.002175}}
{"target": -19.61165398335478, "params": {"gamma": 50.67789460932259, "log10_alpha": 0.34693755250227376, "log10_colsample_bytree": -0.9561330948329165, "log10_eta": -0.09704833128175894, "log10_lambda": -4.290995918421028, "log10_min_child_weight": 1.9323805800055354, "log10_subsample": -0.6515308672732377, "max_depth": 7.0, "num_boost_round": 14.0}, "datetime": {"datetime": "2024-01-19 00:45:24", "elapsed": 2078.124602, "delta": 0.002244}}
{"target": -19.656179837024933, "params": {"gamma": 50.67789460932259, "log10_alpha": 0.34693755250227376, "log10_colsample_bytree": -0.9561330948329165, "log10_eta": -0.09704833128175894, "log10_lambda": -4.290995918421028, "log10_min_child_weight": 1.9323805800055354, "log10_subsample": -0.6515308672732377, "max_depth": 7.0, "num_boost_round": 15.0}, "datetime": {"datetime": "2024-01-19 00:45:24", "elapsed": 2078.126962, "delta": 0.00236}}
{"target": -17.676917252417308, "params": {"gamma": 38.66825953282682, "log10_alpha": 0.4806680582167484, "log10_colsample_bytree": -0.49920509474508956, "log10_eta": -2.1181892767516506, "log10_lambda": -1.286990920989186, "log10_min_child_weight": 2.653853999551758, "log10_subsample": -0.9522975844553279, "max_depth": 6.0, "num_boost_round": 0.0}, "datetime": {"datetime": "2024-01-19 00:45:53", "elapsed": 2107.082277, "delta": 28.955315}}
{"target": -17.676688284702795, "params": {"gamma": 38.66825953282682, "log10_alpha": 0.4806680582167484, "log10_colsample_bytree": -0.49920509474508956, "log10_eta": -2.1181892767516506, "log10_lambda": -1.286990920989186, "log10_min_child_weight": 2.653853999551758, "log10_subsample": -0.9522975844553279, "max_depth": 6.0, "num_boost_round": 1.0}, "datetime": {"datetime": "2024-01-19 00:45:53", "elapsed": 2107.085231, "delta": 0.002954}}
{"target": -17.67644185302911, "params": {"gamma": 38.66825953282682, "log10_alpha": 0.4806680582167484, "log10_colsample_bytree": -0.49920509474508956, "log10_eta": -2.1181892767516506, "log10_lambda": -1.286990920989186, "log10_min_child_weight": 2.653853999551758, "log10_subsample": -0.9522975844553279, "max_depth": 6.0, "num_boost_round": 2.0}, "datetime": {"datetime": "2024-01-19 00:45:53", "elapsed": 2107.087691, "delta": 0.00246}}
{"target": -17.676465705276247, "params": {"gamma": 38.66825953282682, "log10_alpha": 0.4806680582167484, "log10_colsample_bytree": -0.49920509474508956, "log10_eta": -2.1181892767516506, "log10_lambda": -1.286990920989186, "log10_min_child_weight": 2.653853999551758, "log10_subsample": -0.9522975844553279, "max_depth": 6.0, "num_boost_round": 3.0}, "datetime": {"datetime": "2024-01-19 00:45:53", "elapsed": 2107.089927, "delta": 0.002236}}
{"target": -17.676154226678506, "params": {"gamma": 38.66825953282682, "log10_alpha": 0.4806680582167484, "log10_colsample_bytree": -0.49920509474508956, "log10_eta": -2.1181892767516506, "log10_lambda": -1.286990920989186, "log10_min_child_weight": 2.653853999551758, "log10_subsample": -0.9522975844553279, "max_depth": 6.0, "num_boost_round": 4.0}, "datetime": {"datetime": "2024-01-19 00:45:53", "elapsed": 2107.092179, "delta": 0.002252}}
{"target": -17.675993805915674, "params": {"gamma": 38.66825953282682, "log10_alpha": 0.4806680582167484, "log10_colsample_bytree": -0.49920509474508956, "log10_eta": -2.1181892767516506, "log10_lambda": -1.286990920989186, "log10_min_child_weight": 2.653853999551758, "log10_subsample": -0.9522975844553279, "max_depth": 6.0, "num_boost_round": 5.0}, "datetime": {"datetime": "2024-01-19 00:45:53", "elapsed": 2107.094391, "delta": 0.002212}}
{"target": -17.676109031198475, "params": {"gamma": 38.66825953282682, "log10_alpha": 0.4806680582167484, "log10_colsample_bytree": -0.49920509474508956, "log10_eta": -2.1181892767516506, "log10_lambda": -1.286990920989186, "log10_min_child_weight": 2.653853999551758, "log10_subsample": -0.9522975844553279, "max_depth": 6.0, "num_boost_round": 6.0}, "datetime": {"datetime": "2024-01-19 00:45:53", "elapsed": 2107.096665, "delta": 0.002274}}
{"target": -17.675990050848057, "params": {"gamma": 38.66825953282682, "log10_alpha": 0.4806680582167484, "log10_colsample_bytree": -0.49920509474508956, "log10_eta": -2.1181892767516506, "log10_lambda": -1.286990920989186, "log10_min_child_weight": 2.653853999551758, "log10_subsample": -0.9522975844553279, "max_depth": 6.0, "num_boost_round": 7.0}, "datetime": {"datetime": "2024-01-19 00:45:53", "elapsed": 2107.098843, "delta": 0.002178}}
{"target": -17.675729248508436, "params": {"gamma": 38.66825953282682, "log10_alpha": 0.4806680582167484, "log10_colsample_bytree": -0.49920509474508956, "log10_eta": -2.1181892767516506, "log10_lambda": -1.286990920989186, "log10_min_child_weight": 2.653853999551758, "log10_subsample": -0.9522975844553279, "max_depth": 6.0, "num_boost_round": 8.0}, "datetime": {"datetime": "2024-01-19 00:45:53", "elapsed": 2107.100996, "delta": 0.002153}}
{"target": -17.675294230583546, "params": {"gamma": 38.66825953282682, "log10_alpha": 0.4806680582167484, "log10_colsample_bytree": -0.49920509474508956, "log10_eta": -2.1181892767516506, "log10_lambda": -1.286990920989186, "log10_min_child_weight": 2.653853999551758, "log10_subsample": -0.9522975844553279, "max_depth": 6.0, "num_boost_round": 9.0}, "datetime": {"datetime": "2024-01-19 00:45:53", "elapsed": 2107.103188, "delta": 0.002192}}
{"target": -17.67502018667453, "params": {"gamma": 38.66825953282682, "log10_alpha": 0.4806680582167484, "log10_colsample_bytree": -0.49920509474508956, "log10_eta": -2.1181892767516506, "log10_lambda": -1.286990920989186, "log10_min_child_weight": 2.653853999551758, "log10_subsample": -0.9522975844553279, "max_depth": 6.0, "num_boost_round": 10.0}, "datetime": {"datetime": "2024-01-19 00:45:53", "elapsed": 2107.105406, "delta": 0.002218}}
{"target": -17.677228908154717, "params": {"gamma": 41.72106033963758, "log10_alpha": 1.0, "log10_colsample_bytree": 0.0, "log10_eta": -4.0, "log10_lambda": -5.0, "log10_min_child_weight": 2.9399616700481133, "log10_subsample": -0.8720728794117882, "max_depth": 4.0, "num_boost_round": 0.0}, "datetime": {"datetime": "2024-01-19 00:46:26", "elapsed": 2139.878677, "delta": 32.773271}}
{"target": -17.677223988808645, "params": {"gamma": 41.72106033963758, "log10_alpha": 1.0, "log10_colsample_bytree": 0.0, "log10_eta": -4.0, "log10_lambda": -5.0, "log10_min_child_weight": 2.9399616700481133, "log10_subsample": -0.8720728794117882, "max_depth": 4.0, "num_boost_round": 1.0}, "datetime": {"datetime": "2024-01-19 00:46:26", "elapsed": 2139.881389, "delta": 0.002712}}
{"target": -17.677220812301005, "params": {"gamma": 41.72106033963758, "log10_alpha": 1.0, "log10_colsample_bytree": 0.0, "log10_eta": -4.0, "log10_lambda": -5.0, "log10_min_child_weight": 2.9399616700481133, "log10_subsample": -0.8720728794117882, "max_depth": 4.0, "num_boost_round": 2.0}, "datetime": {"datetime": "2024-01-19 00:46:26", "elapsed": 2139.88393, "delta": 0.002541}}
{"target": -17.677219016994407, "params": {"gamma": 41.72106033963758, "log10_alpha": 1.0, "log10_colsample_bytree": 0.0, "log10_eta": -4.0, "log10_lambda": -5.0, "log10_min_child_weight": 2.9399616700481133, "log10_subsample": -0.8720728794117882, "max_depth": 4.0, "num_boost_round": 3.0}, "datetime": {"datetime": "2024-01-19 00:46:26", "elapsed": 2139.886336, "delta": 0.002406}}
{"target": -17.677216421850996, "params": {"gamma": 41.72106033963758, "log10_alpha": 1.0, "log10_colsample_bytree": 0.0, "log10_eta": -4.0, "log10_lambda": -5.0, "log10_min_child_weight": 2.9399616700481133, "log10_subsample": -0.8720728794117882, "max_depth": 4.0, "num_boost_round": 4.0}, "datetime": {"datetime": "2024-01-19 00:46:26", "elapsed": 2139.888569, "delta": 0.002233}}
{"target": -17.677213632199358, "params": {"gamma": 41.72106033963758, "log10_alpha": 1.0, "log10_colsample_bytree": 0.0, "log10_eta": -4.0, "log10_lambda": -5.0, "log10_min_child_weight": 2.9399616700481133, "log10_subsample": -0.8720728794117882, "max_depth": 4.0, "num_boost_round": 5.0}, "datetime": {"datetime": "2024-01-19 00:46:26", "elapsed": 2139.890777, "delta": 0.002208}}
{"target": -17.677209345196832, "params": {"gamma": 41.72106033963758, "log10_alpha": 1.0, "log10_colsample_bytree": 0.0, "log10_eta": -4.0, "log10_lambda": -5.0, "log10_min_child_weight": 2.9399616700481133, "log10_subsample": -0.8720728794117882, "max_depth": 4.0, "num_boost_round": 6.0}, "datetime": {"datetime": "2024-01-19 00:46:26", "elapsed": 2139.893067, "delta": 0.00229}}
{"target": -17.677205439669915, "params": {"gamma": 41.72106033963758, "log10_alpha": 1.0, "log10_colsample_bytree": 0.0, "log10_eta": -4.0, "log10_lambda": -5.0, "log10_min_child_weight": 2.9399616700481133, "log10_subsample": -0.8720728794117882, "max_depth": 4.0, "num_boost_round": 7.0}, "datetime": {"datetime": "2024-01-19 00:46:26", "elapsed": 2139.895302, "delta": 0.002235}}
{"target": -17.677200503856795, "params": {"gamma": 41.72106033963758, "log10_alpha": 1.0, "log10_colsample_bytree": 0.0, "log10_eta": -4.0, "log10_lambda": -5.0, "log10_min_child_weight": 2.9399616700481133, "log10_subsample": -0.8720728794117882, "max_depth": 4.0, "num_boost_round": 8.0}, "datetime": {"datetime": "2024-01-19 00:46:26", "elapsed": 2139.897514, "delta": 0.002212}}
{"target": -17.677196032461026, "params": {"gamma": 41.72106033963758, "log10_alpha": 1.0, "log10_colsample_bytree": 0.0, "log10_eta": -4.0, "log10_lambda": -5.0, "log10_min_child_weight": 2.9399616700481133, "log10_subsample": -0.8720728794117882, "max_depth": 4.0, "num_boost_round": 9.0}, "datetime": {"datetime": "2024-01-19 00:46:26", "elapsed": 2139.899776, "delta": 0.002262}}
{"target": -17.677192113238483, "params": {"gamma": 41.72106033963758, "log10_alpha": 1.0, "log10_colsample_bytree": 0.0, "log10_eta": -4.0, "log10_lambda": -5.0, "log10_min_child_weight": 2.9399616700481133, "log10_subsample": -0.8720728794117882, "max_depth": 4.0, "num_boost_round": 10.0}, "datetime": {"datetime": "2024-01-19 00:46:26", "elapsed": 2139.902002, "delta": 0.002226}}
{"target": -17.67719051029478, "params": {"gamma": 41.72106033963758, "log10_alpha": 1.0, "log10_colsample_bytree": 0.0, "log10_eta": -4.0, "log10_lambda": -5.0, "log10_min_child_weight": 2.9399616700481133, "log10_subsample": -0.8720728794117882, "max_depth": 4.0, "num_boost_round": 11.0}, "datetime": {"datetime": "2024-01-19 00:46:26", "elapsed": 2139.904238, "delta": 0.002236}}
{"target": -17.677188270916503, "params": {"gamma": 41.72106033963758, "log10_alpha": 1.0, "log10_colsample_bytree": 0.0, "log10_eta": -4.0, "log10_lambda": -5.0, "log10_min_child_weight": 2.9399616700481133, "log10_subsample": -0.8720728794117882, "max_depth": 4.0, "num_boost_round": 12.0}, "datetime": {"datetime": "2024-01-19 00:46:26", "elapsed": 2139.906667, "delta": 0.002429}}
{"target": -17.677185467068284, "params": {"gamma": 41.72106033963758, "log10_alpha": 1.0, "log10_colsample_bytree": 0.0, "log10_eta": -4.0, "log10_lambda": -5.0, "log10_min_child_weight": 2.9399616700481133, "log10_subsample": -0.8720728794117882, "max_depth": 4.0, "num_boost_round": 13.0}, "datetime": {"datetime": "2024-01-19 00:46:26", "elapsed": 2139.908884, "delta": 0.002217}}
{"target": -17.677227799847582, "params": {"gamma": 34.095998319541486, "log10_alpha": 1.0, "log10_colsample_bytree": 0.0, "log10_eta": -4.0, "log10_lambda": -2.6635984388489415, "log10_min_child_weight": 2.5143851516950155, "log10_subsample": -1.0, "max_depth": 5.0, "num_boost_round": 0.0}, "datetime": {"datetime": "2024-01-19 00:47:05", "elapsed": 2179.542643, "delta": 39.633759}}
{"target": -17.677224413885305, "params": {"gamma": 34.095998319541486, "log10_alpha": 1.0, "log10_colsample_bytree": 0.0, "log10_eta": -4.0, "log10_lambda": -2.6635984388489415, "log10_min_child_weight": 2.5143851516950155, "log10_subsample": -1.0, "max_depth": 5.0, "num_boost_round": 1.0}, "datetime": {"datetime": "2024-01-19 00:47:05", "elapsed": 2179.545942, "delta": 0.003299}}
{"target": -17.67722263671293, "params": {"gamma": 34.095998319541486, "log10_alpha": 1.0, "log10_colsample_bytree": 0.0, "log10_eta": -4.0, "log10_lambda": -2.6635984388489415, "log10_min_child_weight": 2.5143851516950155, "log10_subsample": -1.0, "max_depth": 5.0, "num_boost_round": 2.0}, "datetime": {"datetime": "2024-01-19 00:47:05", "elapsed": 2179.548395, "delta": 0.002453}}
{"target": -17.677222541252902, "params": {"gamma": 34.095998319541486, "log10_alpha": 1.0, "log10_colsample_bytree": 0.0, "log10_eta": -4.0, "log10_lambda": -2.6635984388489415, "log10_min_child_weight": 2.5143851516950155, "log10_subsample": -1.0, "max_depth": 5.0, "num_boost_round": 3.0}, "datetime": {"datetime": "2024-01-19 00:47:05", "elapsed": 2179.55071, "delta": 0.002315}}
