{"target": -17.67699753411239, "params": {"gamma": 613.5122177821706, "log10_alpha": -3.3956514210963125, "log10_colsample_bytree": -0.7442683357305452, "log10_eta": -3.4903658230987222, "log10_lambda": 0.47700980692032413, "log10_min_child_weight": 2.3534262099750918, "log10_subsample": -0.5951940343722811, "max_depth": 4.0, "num_boost_round": 21.0}, "datetime": {"datetime": "2024-01-19 02:43:31", "elapsed": 9092.392265, "delta": 0.007292}}
{"target": -17.67698373488751, "params": {"gamma": 613.5122177821706, "log10_alpha": -3.3956514210963125, "log10_colsample_bytree": -0.7442683357305452, "log10_eta": -3.4903658230987222, "log10_lambda": 0.47700980692032413, "log10_min_child_weight": 2.3534262099750918, "log10_subsample": -0.5951940343722811, "max_depth": 4.0, "num_boost_round": 22.0}, "datetime": {"datetime": "2024-01-19 02:43:31", "elapsed": 9092.399512, "delta": 0.007247}}
{"target": -17.676961514784313, "params": {"gamma": 613.5122177821706, "log10_alpha": -3.3956514210963125, "log10_colsample_bytree": -0.7442683357305452, "log10_eta": -3.4903658230987222, "log10_lambda": 0.47700980692032413, "log10_min_child_weight": 2.3534262099750918, "log10_subsample": -0.5951940343722811, "max_depth": 4.0, "num_boost_round": 23.0}, "datetime": {"datetime": "2024-01-19 02:43:31", "elapsed": 9092.406612, "delta": 0.0071}}
{"target": -17.676955350665175, "params": {"gamma": 613.5122177821706, "log10_alpha": -3.3956514210963125, "log10_colsample_bytree": -0.7442683357305452, "log10_eta": -3.4903658230987222, "log10_lambda": 0.47700980692032413, "log10_min_child_weight": 2.3534262099750918, "log10_subsample": -0.5951940343722811, "max_depth": 4.0, "num_boost_round": 24.0}, "datetime": {"datetime": "2024-01-19 02:43:31", "elapsed": 9092.413566, "delta": 0.006954}}
{"target": -17.676939633823622, "params": {"gamma": 613.5122177821706, "log10_alpha": -3.3956514210963125, "log10_colsample_bytree": -0.7442683357305452, "log10_eta": -3.4903658230987222, "log10_lambda": 0.47700980692032413, "log10_min_child_weight": 2.3534262099750918, "log10_subsample": -0.5951940343722811, "max_depth": 4.0, "num_boost_round": 25.0}, "datetime": {"datetime": "2024-01-19 02:43:31", "elapsed": 9092.420537, "delta": 0.006971}}
{"target": -17.676929439987994, "params": {"gamma": 613.5122177821706, "log10_alpha": -3.3956514210963125, "log10_colsample_bytree": -0.7442683357305452, "log10_eta": -3.4903658230987222, "log10_lambda": 0.47700980692032413, "log10_min_child_weight": 2.3534262099750918, "log10_subsample": -0.5951940343722811, "max_depth": 4.0, "num_boost_round": 26.0}, "datetime": {"datetime": "2024-01-19 02:43:31", "elapsed": 9092.427522, "delta": 0.006985}}
{"target": -17.676918606934755, "params": {"gamma": 613.5122177821706, "log10_alpha": -3.3956514210963125, "log10_colsample_bytree": -0.7442683357305452, "log10_eta": -3.4903658230987222, "log10_lambda": 0.47700980692032413, "log10_min_child_weight": 2.3534262099750918, "log10_subsample": -0.5951940343722811, "max_depth": 4.0, "num_boost_round": 27.0}, "datetime": {"datetime": "2024-01-19 02:43:31", "elapsed": 9092.434604, "delta": 0.007082}}
{"target": -17.67690341512124, "params": {"gamma": 613.5122177821706, "log10_alpha": -3.3956514210963125, "log10_colsample_bytree": -0.7442683357305452, "log10_eta": -3.4903658230987222, "log10_lambda": 0.47700980692032413, "log10_min_child_weight": 2.3534262099750918, "log10_subsample": -0.5951940343722811, "max_depth": 4.0, "num_boost_round": 28.0}, "datetime": {"datetime": "2024-01-19 02:43:31", "elapsed": 9092.443136, "delta": 0.008532}}
{"target": -17.676880755348584, "params": {"gamma": 613.5122177821706, "log10_alpha": -3.3956514210963125, "log10_colsample_bytree": -0.7442683357305452, "log10_eta": -3.4903658230987222, "log10_lambda": 0.47700980692032413, "log10_min_child_weight": 2.3534262099750918, "log10_subsample": -0.5951940343722811, "max_depth": 4.0, "num_boost_round": 29.0}, "datetime": {"datetime": "2024-01-19 02:43:31", "elapsed": 9092.450776, "delta": 0.00764}}
{"target": -17.676872992384084, "params": {"gamma": 613.5122177821706, "log10_alpha": -3.3956514210963125, "log10_colsample_bytree": -0.7442683357305452, "log10_eta": -3.4903658230987222, "log10_lambda": 0.47700980692032413, "log10_min_child_weight": 2.3534262099750918, "log10_subsample": -0.5951940343722811, "max_depth": 4.0, "num_boost_round": 30.0}, "datetime": {"datetime": "2024-01-19 02:43:31", "elapsed": 9092.457895, "delta": 0.007119}}
{"target": -17.676867366961257, "params": {"gamma": 613.5122177821706, "log10_alpha": -3.3956514210963125, "log10_colsample_bytree": -0.7442683357305452, "log10_eta": -3.4903658230987222, "log10_lambda": 0.47700980692032413, "log10_min_child_weight": 2.3534262099750918, "log10_subsample": -0.5951940343722811, "max_depth": 4.0, "num_boost_round": 31.0}, "datetime": {"datetime": "2024-01-19 02:43:31", "elapsed": 9092.464991, "delta": 0.007096}}
{"target": -17.67685302446461, "params": {"gamma": 613.5122177821706, "log10_alpha": -3.3956514210963125, "log10_colsample_bytree": -0.7442683357305452, "log10_eta": -3.4903658230987222, "log10_lambda": 0.47700980692032413, "log10_min_child_weight": 2.3534262099750918, "log10_subsample": -0.5951940343722811, "max_depth": 4.0, "num_boost_round": 32.0}, "datetime": {"datetime": "2024-01-19 02:43:31", "elapsed": 9092.472022, "delta": 0.007031}}
{"target": -17.676840282557936, "params": {"gamma": 613.5122177821706, "log10_alpha": -3.3956514210963125, "log10_colsample_bytree": -0.7442683357305452, "log10_eta": -3.4903658230987222, "log10_lambda": 0.47700980692032413, "log10_min_child_weight": 2.3534262099750918, "log10_subsample": -0.5951940343722811, "max_depth": 4.0, "num_boost_round": 33.0}, "datetime": {"datetime": "2024-01-19 02:43:31", "elapsed": 9092.479116, "delta": 0.007094}}
{"target": -17.67682757482776, "params": {"gamma": 613.5122177821706, "log10_alpha": -3.3956514210963125, "log10_colsample_bytree": -0.7442683357305452, "log10_eta": -3.4903658230987222, "log10_lambda": 0.47700980692032413, "log10_min_child_weight": 2.3534262099750918, "log10_subsample": -0.5951940343722811, "max_depth": 4.0, "num_boost_round": 34.0}, "datetime": {"datetime": "2024-01-19 02:43:31", "elapsed": 9092.486209, "delta": 0.007093}}
{"target": -17.676826979523497, "params": {"gamma": 613.5122177821706, "log10_alpha": -3.3956514210963125, "log10_colsample_bytree": -0.7442683357305452, "log10_eta": -3.4903658230987222, "log10_lambda": 0.47700980692032413, "log10_min_child_weight": 2.3534262099750918, "log10_subsample": -0.5951940343722811, "max_depth": 4.0, "num_boost_round": 35.0}, "datetime": {"datetime": "2024-01-19 02:43:31", "elapsed": 9092.493246, "delta": 0.007037}}
{"target": -17.67681939472589, "params": {"gamma": 613.5122177821706, "log10_alpha": -3.3956514210963125, "log10_colsample_bytree": -0.7442683357305452, "log10_eta": -3.4903658230987222, "log10_lambda": 0.47700980692032413, "log10_min_child_weight": 2.3534262099750918, "log10_subsample": -0.5951940343722811, "max_depth": 4.0, "num_boost_round": 36.0}, "datetime": {"datetime": "2024-01-19 02:43:31", "elapsed": 9092.500241, "delta": 0.006995}}
{"target": -17.6768124587832, "params": {"gamma": 613.5122177821706, "log10_alpha": -3.3956514210963125, "log10_colsample_bytree": -0.7442683357305452, "log10_eta": -3.4903658230987222, "log10_lambda": 0.47700980692032413, "log10_min_child_weight": 2.3534262099750918, "log10_subsample": -0.5951940343722811, "max_depth": 4.0, "num_boost_round": 37.0}, "datetime": {"datetime": "2024-01-19 02:43:31", "elapsed": 9092.506744, "delta": 0.006503}}
{"target": -17.676797153106012, "params": {"gamma": 613.5122177821706, "log10_alpha": -3.3956514210963125, "log10_colsample_bytree": -0.7442683357305452, "log10_eta": -3.4903658230987222, "log10_lambda": 0.47700980692032413, "log10_min_child_weight": 2.3534262099750918, "log10_subsample": -0.5951940343722811, "max_depth": 4.0, "num_boost_round": 38.0}, "datetime": {"datetime": "2024-01-19 02:43:31", "elapsed": 9092.513583, "delta": 0.006839}}
{"target": -17.676797209527276, "params": {"gamma": 613.5122177821706, "log10_alpha": -3.3956514210963125, "log10_colsample_bytree": -0.7442683357305452, "log10_eta": -3.4903658230987222, "log10_lambda": 0.47700980692032413, "log10_min_child_weight": 2.3534262099750918, "log10_subsample": -0.5951940343722811, "max_depth": 4.0, "num_boost_round": 39.0}, "datetime": {"datetime": "2024-01-19 02:43:31", "elapsed": 9092.520568, "delta": 0.006985}}
{"target": -17.67679230221359, "params": {"gamma": 613.5122177821706, "log10_alpha": -3.3956514210963125, "log10_colsample_bytree": -0.7442683357305452, "log10_eta": -3.4903658230987222, "log10_lambda": 0.47700980692032413, "log10_min_child_weight": 2.3534262099750918, "log10_subsample": -0.5951940343722811, "max_depth": 4.0, "num_boost_round": 40.0}, "datetime": {"datetime": "2024-01-19 02:43:31", "elapsed": 9092.527589, "delta": 0.007021}}
{"target": -17.67679492677535, "params": {"gamma": 613.5122177821706, "log10_alpha": -3.3956514210963125, "log10_colsample_bytree": -0.7442683357305452, "log10_eta": -3.4903658230987222, "log10_lambda": 0.47700980692032413, "log10_min_child_weight": 2.3534262099750918, "log10_subsample": -0.5951940343722811, "max_depth": 4.0, "num_boost_round": 41.0}, "datetime": {"datetime": "2024-01-19 02:43:32", "elapsed": 9092.651401, "delta": 0.123812}}
{"target": -17.676776435565287, "params": {"gamma": 613.5122177821706, "log10_alpha": -3.3956514210963125, "log10_colsample_bytree": -0.7442683357305452, "log10_eta": -3.4903658230987222, "log10_lambda": 0.47700980692032413, "log10_min_child_weight": 2.3534262099750918, "log10_subsample": -0.5951940343722811, "max_depth": 4.0, "num_boost_round": 42.0}, "datetime": {"datetime": "2024-01-19 02:43:32", "elapsed": 9092.659839, "delta": 0.008438}}
{"target": -17.676771561340043, "params": {"gamma": 613.5122177821706, "log10_alpha": -3.3956514210963125, "log10_colsample_bytree": -0.7442683357305452, "log10_eta": -3.4903658230987222, "log10_lambda": 0.47700980692032413, "log10_min_child_weight": 2.3534262099750918, "log10_subsample": -0.5951940343722811, "max_depth": 4.0, "num_boost_round": 43.0}, "datetime": {"datetime": "2024-01-19 02:43:32", "elapsed": 9092.667157, "delta": 0.007318}}
{"target": -17.67676276893203, "params": {"gamma": 613.5122177821706, "log10_alpha": -3.3956514210963125, "log10_colsample_bytree": -0.7442683357305452, "log10_eta": -3.4903658230987222, "log10_lambda": 0.47700980692032413, "log10_min_child_weight": 2.3534262099750918, "log10_subsample": -0.5951940343722811, "max_depth": 4.0, "num_boost_round": 44.0}, "datetime": {"datetime": "2024-01-19 02:43:32", "elapsed": 9092.674587, "delta": 0.00743}}
{"target": -17.676744978709674, "params": {"gamma": 613.5122177821706, "log10_alpha": -3.3956514210963125, "log10_colsample_bytree": -0.7442683357305452, "log10_eta": -3.4903658230987222, "log10_lambda": 0.47700980692032413, "log10_min_child_weight": 2.3534262099750918, "log10_subsample": -0.5951940343722811, "max_depth": 4.0, "num_boost_round": 45.0}, "datetime": {"datetime": "2024-01-19 02:43:32", "elapsed": 9092.681907, "delta": 0.00732}}
{"target": -17.676751125038198, "params": {"gamma": 613.5122177821706, "log10_alpha": -3.3956514210963125, "log10_colsample_bytree": -0.7442683357305452, "log10_eta": -3.4903658230987222, "log10_lambda": 0.47700980692032413, "log10_min_child_weight": 2.3534262099750918, "log10_subsample": -0.5951940343722811, "max_depth": 4.0, "num_boost_round": 46.0}, "datetime": {"datetime": "2024-01-19 02:43:32", "elapsed": 9092.689249, "delta": 0.007342}}
{"target": -17.67673751063469, "params": {"gamma": 613.5122177821706, "log10_alpha": -3.3956514210963125, "log10_colsample_bytree": -0.7442683357305452, "log10_eta": -3.4903658230987222, "log10_lambda": 0.47700980692032413, "log10_min_child_weight": 2.3534262099750918, "log10_subsample": -0.5951940343722811, "max_depth": 4.0, "num_boost_round": 47.0}, "datetime": {"datetime": "2024-01-19 02:43:32", "elapsed": 9092.696624, "delta": 0.007375}}
{"target": -17.676724397197876, "params": {"gamma": 613.5122177821706, "log10_alpha": -3.3956514210963125, "log10_colsample_bytree": -0.7442683357305452, "log10_eta": -3.4903658230987222, "log10_lambda": 0.47700980692032413, "log10_min_child_weight": 2.3534262099750918, "log10_subsample": -0.5951940343722811, "max_depth": 4.0, "num_boost_round": 48.0}, "datetime": {"datetime": "2024-01-19 02:43:32", "elapsed": 9092.703859, "delta": 0.007235}}
{"target": -17.676720801601373, "params": {"gamma": 613.5122177821706, "log10_alpha": -3.3956514210963125, "log10_colsample_bytree": -0.7442683357305452, "log10_eta": -3.4903658230987222, "log10_lambda": 0.47700980692032413, "log10_min_child_weight": 2.3534262099750918, "log10_subsample": -0.5951940343722811, "max_depth": 4.0, "num_boost_round": 49.0}, "datetime": {"datetime": "2024-01-19 02:43:32", "elapsed": 9092.711067, "delta": 0.007208}}
{"target": -17.676708648895687, "params": {"gamma": 613.5122177821706, "log10_alpha": -3.3956514210963125, "log10_colsample_bytree": -0.7442683357305452, "log10_eta": -3.4903658230987222, "log10_lambda": 0.47700980692032413, "log10_min_child_weight": 2.3534262099750918, "log10_subsample": -0.5951940343722811, "max_depth": 4.0, "num_boost_round": 50.0}, "datetime": {"datetime": "2024-01-19 02:43:32", "elapsed": 9092.718216, "delta": 0.007149}}
{"target": -17.67670306427214, "params": {"gamma": 613.5122177821706, "log10_alpha": -3.3956514210963125, "log10_colsample_bytree": -0.7442683357305452, "log10_eta": -3.4903658230987222, "log10_lambda": 0.47700980692032413, "log10_min_child_weight": 2.3534262099750918, "log10_subsample": -0.5951940343722811, "max_depth": 4.0, "num_boost_round": 51.0}, "datetime": {"datetime": "2024-01-19 02:43:32", "elapsed": 9092.725663, "delta": 0.007447}}
{"target": -17.676697108050693, "params": {"gamma": 613.5122177821706, "log10_alpha": -3.3956514210963125, "log10_colsample_bytree": -0.7442683357305452, "log10_eta": -3.4903658230987222, "log10_lambda": 0.47700980692032413, "log10_min_child_weight": 2.3534262099750918, "log10_subsample": -0.5951940343722811, "max_depth": 4.0, "num_boost_round": 52.0}, "datetime": {"datetime": "2024-01-19 02:43:32", "elapsed": 9092.732897, "delta": 0.007234}}
{"target": -17.676683217986266, "params": {"gamma": 613.5122177821706, "log10_alpha": -3.3956514210963125, "log10_colsample_bytree": -0.7442683357305452, "log10_eta": -3.4903658230987222, "log10_lambda": 0.47700980692032413, "log10_min_child_weight": 2.3534262099750918, "log10_subsample": -0.5951940343722811, "max_depth": 4.0, "num_boost_round": 53.0}, "datetime": {"datetime": "2024-01-19 02:43:32", "elapsed": 9092.740129, "delta": 0.007232}}
{"target": -17.676683702894813, "params": {"gamma": 613.5122177821706, "log10_alpha": -3.3956514210963125, "log10_colsample_bytree": -0.7442683357305452, "log10_eta": -3.4903658230987222, "log10_lambda": 0.47700980692032413, "log10_min_child_weight": 2.3534262099750918, "log10_subsample": -0.5951940343722811, "max_depth": 4.0, "num_boost_round": 54.0}, "datetime": {"datetime": "2024-01-19 02:43:32", "elapsed": 9092.748545, "delta": 0.008416}}
{"target": -17.676672104186636, "params": {"gamma": 613.5122177821706, "log10_alpha": -3.3956514210963125, "log10_colsample_bytree": -0.7442683357305452, "log10_eta": -3.4903658230987222, "log10_lambda": 0.47700980692032413, "log10_min_child_weight": 2.3534262099750918, "log10_subsample": -0.5951940343722811, "max_depth": 4.0, "num_boost_round": 55.0}, "datetime": {"datetime": "2024-01-19 02:43:32", "elapsed": 9092.756109, "delta": 0.007564}}
{"target": -17.676663025353147, "params": {"gamma": 613.5122177821706, "log10_alpha": -3.3956514210963125, "log10_colsample_bytree": -0.7442683357305452, "log10_eta": -3.4903658230987222, "log10_lambda": 0.47700980692032413, "log10_min_child_weight": 2.3534262099750918, "log10_subsample": -0.5951940343722811, "max_depth": 4.0, "num_boost_round": 56.0}, "datetime": {"datetime": "2024-01-19 02:43:32", "elapsed": 9092.763435, "delta": 0.007326}}
{"target": -17.676648265174684, "params": {"gamma": 613.5122177821706, "log10_alpha": -3.3956514210963125, "log10_colsample_bytree": -0.7442683357305452, "log10_eta": -3.4903658230987222, "log10_lambda": 0.47700980692032413, "log10_min_child_weight": 2.3534262099750918, "log10_subsample": -0.5951940343722811, "max_depth": 4.0, "num_boost_round": 57.0}, "datetime": {"datetime": "2024-01-19 02:43:32", "elapsed": 9092.770817, "delta": 0.007382}}
{"target": -17.67663572416459, "params": {"gamma": 613.5122177821706, "log10_alpha": -3.3956514210963125, "log10_colsample_bytree": -0.7442683357305452, "log10_eta": -3.4903658230987222, "log10_lambda": 0.47700980692032413, "log10_min_child_weight": 2.3534262099750918, "log10_subsample": -0.5951940343722811, "max_depth": 4.0, "num_boost_round": 58.0}, "datetime": {"datetime": "2024-01-19 02:43:32", "elapsed": 9092.77815, "delta": 0.007333}}
{"target": -17.6766207172703, "params": {"gamma": 613.5122177821706, "log10_alpha": -3.3956514210963125, "log10_colsample_bytree": -0.7442683357305452, "log10_eta": -3.4903658230987222, "log10_lambda": 0.47700980692032413, "log10_min_child_weight": 2.3534262099750918, "log10_subsample": -0.5951940343722811, "max_depth": 4.0, "num_boost_round": 59.0}, "datetime": {"datetime": "2024-01-19 02:43:32", "elapsed": 9092.900629, "delta": 0.122479}}
{"target": -17.676630424444376, "params": {"gamma": 613.5122177821706, "log10_alpha": -3.3956514210963125, "log10_colsample_bytree": -0.7442683357305452, "log10_eta": -3.4903658230987222, "log10_lambda": 0.47700980692032413, "log10_min_child_weight": 2.3534262099750918, "log10_subsample": -0.5951940343722811, "max_depth": 4.0, "num_boost_round": 60.0}, "datetime": {"datetime": "2024-01-19 02:43:32", "elapsed": 9092.909197, "delta": 0.008568}}
{"target": -17.676629229626183, "params": {"gamma": 613.5122177821706, "log10_alpha": -3.3956514210963125, "log10_colsample_bytree": -0.7442683357305452, "log10_eta": -3.4903658230987222, "log10_lambda": 0.47700980692032413, "log10_min_child_weight": 2.3534262099750918, "log10_subsample": -0.5951940343722811, "max_depth": 4.0, "num_boost_round": 61.0}, "datetime": {"datetime": "2024-01-19 02:43:32", "elapsed": 9092.916845, "delta": 0.007648}}
{"target": -17.676615052951753, "params": {"gamma": 613.5122177821706, "log10_alpha": -3.3956514210963125, "log10_colsample_bytree": -0.7442683357305452, "log10_eta": -3.4903658230987222, "log10_lambda": 0.47700980692032413, "log10_min_child_weight": 2.3534262099750918, "log10_subsample": -0.5951940343722811, "max_depth": 4.0, "num_boost_round": 62.0}, "datetime": {"datetime": "2024-01-19 02:43:32", "elapsed": 9092.92411, "delta": 0.007265}}
{"target": -17.676597498917296, "params": {"gamma": 613.5122177821706, "log10_alpha": -3.3956514210963125, "log10_colsample_bytree": -0.7442683357305452, "log10_eta": -3.4903658230987222, "log10_lambda": 0.47700980692032413, "log10_min_child_weight": 2.3534262099750918, "log10_subsample": -0.5951940343722811, "max_depth": 4.0, "num_boost_round": 63.0}, "datetime": {"datetime": "2024-01-19 02:43:32", "elapsed": 9092.931467, "delta": 0.007357}}
{"target": -17.676573179210788, "params": {"gamma": 613.5122177821706, "log10_alpha": -3.3956514210963125, "log10_colsample_bytree": -0.7442683357305452, "log10_eta": -3.4903658230987222, "log10_lambda": 0.47700980692032413, "log10_min_child_weight": 2.3534262099750918, "log10_subsample": -0.5951940343722811, "max_depth": 4.0, "num_boost_round": 64.0}, "datetime": {"datetime": "2024-01-19 02:43:32", "elapsed": 9092.939618, "delta": 0.008151}}
{"target": -17.67656408920391, "params": {"gamma": 613.5122177821706, "log10_alpha": -3.3956514210963125, "log10_colsample_bytree": -0.7442683357305452, "log10_eta": -3.4903658230987222, "log10_lambda": 0.47700980692032413, "log10_min_child_weight": 2.3534262099750918, "log10_subsample": -0.5951940343722811, "max_depth": 4.0, "num_boost_round": 65.0}, "datetime": {"datetime": "2024-01-19 02:43:32", "elapsed": 9092.947313, "delta": 0.007695}}
{"target": -17.676536684932163, "params": {"gamma": 613.5122177821706, "log10_alpha": -3.3956514210963125, "log10_colsample_bytree": -0.7442683357305452, "log10_eta": -3.4903658230987222, "log10_lambda": 0.47700980692032413, "log10_min_child_weight": 2.3534262099750918, "log10_subsample": -0.5951940343722811, "max_depth": 4.0, "num_boost_round": 66.0}, "datetime": {"datetime": "2024-01-19 02:43:32", "elapsed": 9092.954896, "delta": 0.007583}}
{"target": -17.676519114580532, "params": {"gamma": 613.5122177821706, "log10_alpha": -3.3956514210963125, "log10_colsample_bytree": -0.7442683357305452, "log10_eta": -3.4903658230987222, "log10_lambda": 0.47700980692032413, "log10_min_child_weight": 2.3534262099750918, "log10_subsample": -0.5951940343722811, "max_depth": 4.0, "num_boost_round": 67.0}, "datetime": {"datetime": "2024-01-19 02:43:32", "elapsed": 9092.962253, "delta": 0.007357}}
{"target": -17.676512522773834, "params": {"gamma": 613.5122177821706, "log10_alpha": -3.3956514210963125, "log10_colsample_bytree": -0.7442683357305452, "log10_eta": -3.4903658230987222, "log10_lambda": 0.47700980692032413, "log10_min_child_weight": 2.3534262099750918, "log10_subsample": -0.5951940343722811, "max_depth": 4.0, "num_boost_round": 68.0}, "datetime": {"datetime": "2024-01-19 02:43:32", "elapsed": 9092.969673, "delta": 0.00742}}
{"target": -17.67650318699666, "params": {"gamma": 613.5122177821706, "log10_alpha": -3.3956514210963125, "log10_colsample_bytree": -0.7442683357305452, "log10_eta": -3.4903658230987222, "log10_lambda": 0.47700980692032413, "log10_min_child_weight": 2.3534262099750918, "log10_subsample": -0.5951940343722811, "max_depth": 4.0, "num_boost_round": 69.0}, "datetime": {"datetime": "2024-01-19 02:43:32", "elapsed": 9092.97707, "delta": 0.007397}}
