{"target": -17.6768154611247, "params": {"gamma": 710.5169470134391, "log10_alpha": -0.7303509534800172, "log10_colsample_bytree": -0.05194398720052218, "log10_eta": -3.865580478482704, "log10_lambda": -2.9846007463193285, "log10_min_child_weight": 1.2453609433908897, "log10_subsample": -0.13316474956951252, "max_depth": 5.0, "num_boost_round": 56.0}, "datetime": {"datetime": "2024-01-19 00:35:40", "elapsed": 1447.610344, "delta": 0.002084}}
{"target": -17.676808147943333, "params": {"gamma": 710.5169470134391, "log10_alpha": -0.7303509534800172, "log10_colsample_bytree": -0.05194398720052218, "log10_eta": -3.865580478482704, "log10_lambda": -2.9846007463193285, "log10_min_child_weight": 1.2453609433908897, "log10_subsample": -0.13316474956951252, "max_depth": 5.0, "num_boost_round": 57.0}, "datetime": {"datetime": "2024-01-19 00:35:40", "elapsed": 1447.612423, "delta": 0.002079}}
{"target": -17.676805556261158, "params": {"gamma": 710.5169470134391, "log10_alpha": -0.7303509534800172, "log10_colsample_bytree": -0.05194398720052218, "log10_eta": -3.865580478482704, "log10_lambda": -2.9846007463193285, "log10_min_child_weight": 1.2453609433908897, "log10_subsample": -0.13316474956951252, "max_depth": 5.0, "num_boost_round": 58.0}, "datetime": {"datetime": "2024-01-19 00:35:40", "elapsed": 1447.614511, "delta": 0.002088}}
{"target": -17.677225853869093, "params": {"gamma": 73.14307098864225, "log10_alpha": -3.4055659860623404, "log10_colsample_bytree": -0.0034937177864885482, "log10_eta": -3.757997965214784, "log10_lambda": 0.07085926730491021, "log10_min_child_weight": 0.2847915084827596, "log10_subsample": -0.6865614820545746, "max_depth": 3.0, "num_boost_round": 0.0}, "datetime": {"datetime": "2024-01-19 00:36:10", "elapsed": 1477.477014, "delta": 29.862503}}
{"target": -17.67721671171868, "params": {"gamma": 73.14307098864225, "log10_alpha": -3.4055659860623404, "log10_colsample_bytree": -0.0034937177864885482, "log10_eta": -3.757997965214784, "log10_lambda": 0.07085926730491021, "log10_min_child_weight": 0.2847915084827596, "log10_subsample": -0.6865614820545746, "max_depth": 3.0, "num_boost_round": 1.0}, "datetime": {"datetime": "2024-01-19 00:36:10", "elapsed": 1477.480076, "delta": 0.003062}}
{"target": -17.677208813064286, "params": {"gamma": 73.14307098864225, "log10_alpha": -3.4055659860623404, "log10_colsample_bytree": -0.0034937177864885482, "log10_eta": -3.757997965214784, "log10_lambda": 0.07085926730491021, "log10_min_child_weight": 0.2847915084827596, "log10_subsample": -0.6865614820545746, "max_depth": 3.0, "num_boost_round": 2.0}, "datetime": {"datetime": "2024-01-19 00:36:10", "elapsed": 1477.482371, "delta": 0.002295}}
{"target": -17.67720551460309, "params": {"gamma": 73.14307098864225, "log10_alpha": -3.4055659860623404, "log10_colsample_bytree": -0.0034937177864885482, "log10_eta": -3.757997965214784, "log10_lambda": 0.07085926730491021, "log10_min_child_weight": 0.2847915084827596, "log10_subsample": -0.6865614820545746, "max_depth": 3.0, "num_boost_round": 3.0}, "datetime": {"datetime": "2024-01-19 00:36:10", "elapsed": 1477.484615, "delta": 0.002244}}
{"target": -17.677199762897143, "params": {"gamma": 73.14307098864225, "log10_alpha": -3.4055659860623404, "log10_colsample_bytree": -0.0034937177864885482, "log10_eta": -3.757997965214784, "log10_lambda": 0.07085926730491021, "log10_min_child_weight": 0.2847915084827596, "log10_subsample": -0.6865614820545746, "max_depth": 3.0, "num_boost_round": 4.0}, "datetime": {"datetime": "2024-01-19 00:36:10", "elapsed": 1477.486731, "delta": 0.002116}}
{"target": -17.677191271249445, "params": {"gamma": 73.14307098864225, "log10_alpha": -3.4055659860623404, "log10_colsample_bytree": -0.0034937177864885482, "log10_eta": -3.757997965214784, "log10_lambda": 0.07085926730491021, "log10_min_child_weight": 0.2847915084827596, "log10_subsample": -0.6865614820545746, "max_depth": 3.0, "num_boost_round": 5.0}, "datetime": {"datetime": "2024-01-19 00:36:10", "elapsed": 1477.48877, "delta": 0.002039}}
{"target": -17.677186293265834, "params": {"gamma": 73.14307098864225, "log10_alpha": -3.4055659860623404, "log10_colsample_bytree": -0.0034937177864885482, "log10_eta": -3.757997965214784, "log10_lambda": 0.07085926730491021, "log10_min_child_weight": 0.2847915084827596, "log10_subsample": -0.6865614820545746, "max_depth": 3.0, "num_boost_round": 6.0}, "datetime": {"datetime": "2024-01-19 00:36:10", "elapsed": 1477.490831, "delta": 0.002061}}
{"target": -17.677183665549396, "params": {"gamma": 73.14307098864225, "log10_alpha": -3.4055659860623404, "log10_colsample_bytree": -0.0034937177864885482, "log10_eta": -3.757997965214784, "log10_lambda": 0.07085926730491021, "log10_min_child_weight": 0.2847915084827596, "log10_subsample": -0.6865614820545746, "max_depth": 3.0, "num_boost_round": 7.0}, "datetime": {"datetime": "2024-01-19 00:36:10", "elapsed": 1477.492865, "delta": 0.002034}}
{"target": -17.677179844024163, "params": {"gamma": 73.14307098864225, "log10_alpha": -3.4055659860623404, "log10_colsample_bytree": -0.0034937177864885482, "log10_eta": -3.757997965214784, "log10_lambda": 0.07085926730491021, "log10_min_child_weight": 0.2847915084827596, "log10_subsample": -0.6865614820545746, "max_depth": 3.0, "num_boost_round": 8.0}, "datetime": {"datetime": "2024-01-19 00:36:10", "elapsed": 1477.495024, "delta": 0.002159}}
{"target": -17.677171154048825, "params": {"gamma": 73.14307098864225, "log10_alpha": -3.4055659860623404, "log10_colsample_bytree": -0.0034937177864885482, "log10_eta": -3.757997965214784, "log10_lambda": 0.07085926730491021, "log10_min_child_weight": 0.2847915084827596, "log10_subsample": -0.6865614820545746, "max_depth": 3.0, "num_boost_round": 9.0}, "datetime": {"datetime": "2024-01-19 00:36:10", "elapsed": 1477.497108, "delta": 0.002084}}
{"target": -17.677163445525053, "params": {"gamma": 73.14307098864225, "log10_alpha": -3.4055659860623404, "log10_colsample_bytree": -0.0034937177864885482, "log10_eta": -3.757997965214784, "log10_lambda": 0.07085926730491021, "log10_min_child_weight": 0.2847915084827596, "log10_subsample": -0.6865614820545746, "max_depth": 3.0, "num_boost_round": 10.0}, "datetime": {"datetime": "2024-01-19 00:36:10", "elapsed": 1477.499251, "delta": 0.002143}}
{"target": -17.677156955313336, "params": {"gamma": 73.14307098864225, "log10_alpha": -3.4055659860623404, "log10_colsample_bytree": -0.0034937177864885482, "log10_eta": -3.757997965214784, "log10_lambda": 0.07085926730491021, "log10_min_child_weight": 0.2847915084827596, "log10_subsample": -0.6865614820545746, "max_depth": 3.0, "num_boost_round": 11.0}, "datetime": {"datetime": "2024-01-19 00:36:10", "elapsed": 1477.501388, "delta": 0.002137}}
{"target": -17.677152546366802, "params": {"gamma": 73.14307098864225, "log10_alpha": -3.4055659860623404, "log10_colsample_bytree": -0.0034937177864885482, "log10_eta": -3.757997965214784, "log10_lambda": 0.07085926730491021, "log10_min_child_weight": 0.2847915084827596, "log10_subsample": -0.6865614820545746, "max_depth": 3.0, "num_boost_round": 12.0}, "datetime": {"datetime": "2024-01-19 00:36:10", "elapsed": 1477.503508, "delta": 0.00212}}
{"target": -17.677147499959883, "params": {"gamma": 73.14307098864225, "log10_alpha": -3.4055659860623404, "log10_colsample_bytree": -0.0034937177864885482, "log10_eta": -3.757997965214784, "log10_lambda": 0.07085926730491021, "log10_min_child_weight": 0.2847915084827596, "log10_subsample": -0.6865614820545746, "max_depth": 3.0, "num_boost_round": 13.0}, "datetime": {"datetime": "2024-01-19 00:36:10", "elapsed": 1477.505706, "delta": 0.002198}}
{"target": -17.67714091666862, "params": {"gamma": 73.14307098864225, "log10_alpha": -3.4055659860623404, "log10_colsample_bytree": -0.0034937177864885482, "log10_eta": -3.757997965214784, "log10_lambda": 0.07085926730491021, "log10_min_child_weight": 0.2847915084827596, "log10_subsample": -0.6865614820545746, "max_depth": 3.0, "num_boost_round": 14.0}, "datetime": {"datetime": "2024-01-19 00:36:10", "elapsed": 1477.507859, "delta": 0.002153}}
{"target": -17.677136134680552, "params": {"gamma": 73.14307098864225, "log10_alpha": -3.4055659860623404, "log10_colsample_bytree": -0.0034937177864885482, "log10_eta": -3.757997965214784, "log10_lambda": 0.07085926730491021, "log10_min_child_weight": 0.2847915084827596, "log10_subsample": -0.6865614820545746, "max_depth": 3.0, "num_boost_round": 15.0}, "datetime": {"datetime": "2024-01-19 00:36:10", "elapsed": 1477.509958, "delta": 0.002099}}
{"target": -17.677126137477345, "params": {"gamma": 73.14307098864225, "log10_alpha": -3.4055659860623404, "log10_colsample_bytree": -0.0034937177864885482, "log10_eta": -3.757997965214784, "log10_lambda": 0.07085926730491021, "log10_min_child_weight": 0.2847915084827596, "log10_subsample": -0.6865614820545746, "max_depth": 3.0, "num_boost_round": 16.0}, "datetime": {"datetime": "2024-01-19 00:36:10", "elapsed": 1477.512033, "delta": 0.002075}}
{"target": -17.677120187627363, "params": {"gamma": 73.14307098864225, "log10_alpha": -3.4055659860623404, "log10_colsample_bytree": -0.0034937177864885482, "log10_eta": -3.757997965214784, "log10_lambda": 0.07085926730491021, "log10_min_child_weight": 0.2847915084827596, "log10_subsample": -0.6865614820545746, "max_depth": 3.0, "num_boost_round": 17.0}, "datetime": {"datetime": "2024-01-19 00:36:10", "elapsed": 1477.51414, "delta": 0.002107}}
{"target": -17.677114943652434, "params": {"gamma": 73.14307098864225, "log10_alpha": -3.4055659860623404, "log10_colsample_bytree": -0.0034937177864885482, "log10_eta": -3.757997965214784, "log10_lambda": 0.07085926730491021, "log10_min_child_weight": 0.2847915084827596, "log10_subsample": -0.6865614820545746, "max_depth": 3.0, "num_boost_round": 18.0}, "datetime": {"datetime": "2024-01-19 00:36:10", "elapsed": 1477.516259, "delta": 0.002119}}
{"target": -17.67711050524017, "params": {"gamma": 73.14307098864225, "log10_alpha": -3.4055659860623404, "log10_colsample_bytree": -0.0034937177864885482, "log10_eta": -3.757997965214784, "log10_lambda": 0.07085926730491021, "log10_min_child_weight": 0.2847915084827596, "log10_subsample": -0.6865614820545746, "max_depth": 3.0, "num_boost_round": 19.0}, "datetime": {"datetime": "2024-01-19 00:36:10", "elapsed": 1477.518358, "delta": 0.002099}}
{"target": -17.677102320497678, "params": {"gamma": 73.14307098864225, "log10_alpha": -3.4055659860623404, "log10_colsample_bytree": -0.0034937177864885482, "log10_eta": -3.757997965214784, "log10_lambda": 0.07085926730491021, "log10_min_child_weight": 0.2847915084827596, "log10_subsample": -0.6865614820545746, "max_depth": 3.0, "num_boost_round": 20.0}, "datetime": {"datetime": "2024-01-19 00:36:10", "elapsed": 1477.520486, "delta": 0.002128}}
{"target": -17.677094837861432, "params": {"gamma": 73.14307098864225, "log10_alpha": -3.4055659860623404, "log10_colsample_bytree": -0.0034937177864885482, "log10_eta": -3.757997965214784, "log10_lambda": 0.07085926730491021, "log10_min_child_weight": 0.2847915084827596, "log10_subsample": -0.6865614820545746, "max_depth": 3.0, "num_boost_round": 21.0}, "datetime": {"datetime": "2024-01-19 00:36:10", "elapsed": 1477.522616, "delta": 0.00213}}
{"target": -17.677086447469208, "params": {"gamma": 73.14307098864225, "log10_alpha": -3.4055659860623404, "log10_colsample_bytree": -0.0034937177864885482, "log10_eta": -3.757997965214784, "log10_lambda": 0.07085926730491021, "log10_min_child_weight": 0.2847915084827596, "log10_subsample": -0.6865614820545746, "max_depth": 3.0, "num_boost_round": 22.0}, "datetime": {"datetime": "2024-01-19 00:36:10", "elapsed": 1477.524706, "delta": 0.00209}}
{"target": -17.677076624590818, "params": {"gamma": 73.14307098864225, "log10_alpha": -3.4055659860623404, "log10_colsample_bytree": -0.0034937177864885482, "log10_eta": -3.757997965214784, "log10_lambda": 0.07085926730491021, "log10_min_child_weight": 0.2847915084827596, "log10_subsample": -0.6865614820545746, "max_depth": 3.0, "num_boost_round": 23.0}, "datetime": {"datetime": "2024-01-19 00:36:10", "elapsed": 1477.526816, "delta": 0.00211}}
{"target": -17.677066955461495, "params": {"gamma": 73.14307098864225, "log10_alpha": -3.4055659860623404, "log10_colsample_bytree": -0.0034937177864885482, "log10_eta": -3.757997965214784, "log10_lambda": 0.07085926730491021, "log10_min_child_weight": 0.2847915084827596, "log10_subsample": -0.6865614820545746, "max_depth": 3.0, "num_boost_round": 24.0}, "datetime": {"datetime": "2024-01-19 00:36:10", "elapsed": 1477.528923, "delta": 0.002107}}
{"target": -17.67706102058908, "params": {"gamma": 73.14307098864225, "log10_alpha": -3.4055659860623404, "log10_colsample_bytree": -0.0034937177864885482, "log10_eta": -3.757997965214784, "log10_lambda": 0.07085926730491021, "log10_min_child_weight": 0.2847915084827596, "log10_subsample": -0.6865614820545746, "max_depth": 3.0, "num_boost_round": 25.0}, "datetime": {"datetime": "2024-01-19 00:36:10", "elapsed": 1477.531031, "delta": 0.002108}}
{"target": -17.677052849600425, "params": {"gamma": 73.14307098864225, "log10_alpha": -3.4055659860623404, "log10_colsample_bytree": -0.0034937177864885482, "log10_eta": -3.757997965214784, "log10_lambda": 0.07085926730491021, "log10_min_child_weight": 0.2847915084827596, "log10_subsample": -0.6865614820545746, "max_depth": 3.0, "num_boost_round": 26.0}, "datetime": {"datetime": "2024-01-19 00:36:10", "elapsed": 1477.533147, "delta": 0.002116}}
{"target": -17.677048864440675, "params": {"gamma": 73.14307098864225, "log10_alpha": -3.4055659860623404, "log10_colsample_bytree": -0.0034937177864885482, "log10_eta": -3.757997965214784, "log10_lambda": 0.07085926730491021, "log10_min_child_weight": 0.2847915084827596, "log10_subsample": -0.6865614820545746, "max_depth": 3.0, "num_boost_round": 27.0}, "datetime": {"datetime": "2024-01-19 00:36:10", "elapsed": 1477.535239, "delta": 0.002092}}
{"target": -17.677043031901253, "params": {"gamma": 73.14307098864225, "log10_alpha": -3.4055659860623404, "log10_colsample_bytree": -0.0034937177864885482, "log10_eta": -3.757997965214784, "log10_lambda": 0.07085926730491021, "log10_min_child_weight": 0.2847915084827596, "log10_subsample": -0.6865614820545746, "max_depth": 3.0, "num_boost_round": 28.0}, "datetime": {"datetime": "2024-01-19 00:36:10", "elapsed": 1477.537315, "delta": 0.002076}}
{"target": -17.677034650178168, "params": {"gamma": 73.14307098864225, "log10_alpha": -3.4055659860623404, "log10_colsample_bytree": -0.0034937177864885482, "log10_eta": -3.757997965214784, "log10_lambda": 0.07085926730491021, "log10_min_child_weight": 0.2847915084827596, "log10_subsample": -0.6865614820545746, "max_depth": 3.0, "num_boost_round": 29.0}, "datetime": {"datetime": "2024-01-19 00:36:10", "elapsed": 1477.539434, "delta": 0.002119}}
{"target": -17.677029378945093, "params": {"gamma": 73.14307098864225, "log10_alpha": -3.4055659860623404, "log10_colsample_bytree": -0.0034937177864885482, "log10_eta": -3.757997965214784, "log10_lambda": 0.07085926730491021, "log10_min_child_weight": 0.2847915084827596, "log10_subsample": -0.6865614820545746, "max_depth": 3.0, "num_boost_round": 30.0}, "datetime": {"datetime": "2024-01-19 00:36:10", "elapsed": 1477.541611, "delta": 0.002177}}
{"target": -17.677023208482698, "params": {"gamma": 73.14307098864225, "log10_alpha": -3.4055659860623404, "log10_colsample_bytree": -0.0034937177864885482, "log10_eta": -3.757997965214784, "log10_lambda": 0.07085926730491021, "log10_min_child_weight": 0.2847915084827596, "log10_subsample": -0.6865614820545746, "max_depth": 3.0, "num_boost_round": 31.0}, "datetime": {"datetime": "2024-01-19 00:36:10", "elapsed": 1477.543751, "delta": 0.00214}}
{"target": -17.677237744960607, "params": {"gamma": 68.66390259453237, "log10_alpha": -0.34389139192356755, "log10_colsample_bytree": -0.5167846344302326, "log10_eta": -3.062556213945665, "log10_lambda": -4.646020869532035, "log10_min_child_weight": 0.7590039980870017, "log10_subsample": -0.5998756394216465, "max_depth": 4.0, "num_boost_round": 0.0}, "datetime": {"datetime": "2024-01-19 00:36:47", "elapsed": 1515.183844, "delta": 37.640093}}
{"target": -17.67719338102637, "params": {"gamma": 68.66390259453237, "log10_alpha": -0.34389139192356755, "log10_colsample_bytree": -0.5167846344302326, "log10_eta": -3.062556213945665, "log10_lambda": -4.646020869532035, "log10_min_child_weight": 0.7590039980870017, "log10_subsample": -0.5998756394216465, "max_depth": 4.0, "num_boost_round": 1.0}, "datetime": {"datetime": "2024-01-19 00:36:47", "elapsed": 1515.186425, "delta": 0.002581}}
{"target": -17.677154706414875, "params": {"gamma": 68.66390259453237, "log10_alpha": -0.34389139192356755, "log10_colsample_bytree": -0.5167846344302326, "log10_eta": -3.062556213945665, "log10_lambda": -4.646020869532035, "log10_min_child_weight": 0.7590039980870017, "log10_subsample": -0.5998756394216465, "max_depth": 4.0, "num_boost_round": 2.0}, "datetime": {"datetime": "2024-01-19 00:36:47", "elapsed": 1515.188813, "delta": 0.002388}}
{"target": -17.677160502838202, "params": {"gamma": 68.66390259453237, "log10_alpha": -0.34389139192356755, "log10_colsample_bytree": -0.5167846344302326, "log10_eta": -3.062556213945665, "log10_lambda": -4.646020869532035, "log10_min_child_weight": 0.7590039980870017, "log10_subsample": -0.5998756394216465, "max_depth": 4.0, "num_boost_round": 3.0}, "datetime": {"datetime": "2024-01-19 00:36:47", "elapsed": 1515.191093, "delta": 0.00228}}
{"target": -17.67714183010814, "params": {"gamma": 68.66390259453237, "log10_alpha": -0.34389139192356755, "log10_colsample_bytree": -0.5167846344302326, "log10_eta": -3.062556213945665, "log10_lambda": -4.646020869532035, "log10_min_child_weight": 0.7590039980870017, "log10_subsample": -0.5998756394216465, "max_depth": 4.0, "num_boost_round": 4.0}, "datetime": {"datetime": "2024-01-19 00:36:47", "elapsed": 1515.19311, "delta": 0.002017}}
{"target": -17.6771190892857, "params": {"gamma": 68.66390259453237, "log10_alpha": -0.34389139192356755, "log10_colsample_bytree": -0.5167846344302326, "log10_eta": -3.062556213945665, "log10_lambda": -4.646020869532035, "log10_min_child_weight": 0.7590039980870017, "log10_subsample": -0.5998756394216465, "max_depth": 4.0, "num_boost_round": 5.0}, "datetime": {"datetime": "2024-01-19 00:36:47", "elapsed": 1515.195119, "delta": 0.002009}}
{"target": -17.677079979405434, "params": {"gamma": 68.66390259453237, "log10_alpha": -0.34389139192356755, "log10_colsample_bytree": -0.5167846344302326, "log10_eta": -3.062556213945665, "log10_lambda": -4.646020869532035, "log10_min_child_weight": 0.7590039980870017, "log10_subsample": -0.5998756394216465, "max_depth": 4.0, "num_boost_round": 6.0}, "datetime": {"datetime": "2024-01-19 00:36:47", "elapsed": 1515.197192, "delta": 0.002073}}
{"target": -17.677046595172598, "params": {"gamma": 68.66390259453237, "log10_alpha": -0.34389139192356755, "log10_colsample_bytree": -0.5167846344302326, "log10_eta": -3.062556213945665, "log10_lambda": -4.646020869532035, "log10_min_child_weight": 0.7590039980870017, "log10_subsample": -0.5998756394216465, "max_depth": 4.0, "num_boost_round": 7.0}, "datetime": {"datetime": "2024-01-19 00:36:47", "elapsed": 1515.199203, "delta": 0.002011}}
{"target": -17.67704178299029, "params": {"gamma": 68.66390259453237, "log10_alpha": -0.34389139192356755, "log10_colsample_bytree": -0.5167846344302326, "log10_eta": -3.062556213945665, "log10_lambda": -4.646020869532035, "log10_min_child_weight": 0.7590039980870017, "log10_subsample": -0.5998756394216465, "max_depth": 4.0, "num_boost_round": 8.0}, "datetime": {"datetime": "2024-01-19 00:36:47", "elapsed": 1515.20122, "delta": 0.002017}}
{"target": -17.677016568873633, "params": {"gamma": 68.66390259453237, "log10_alpha": -0.34389139192356755, "log10_colsample_bytree": -0.5167846344302326, "log10_eta": -3.062556213945665, "log10_lambda": -4.646020869532035, "log10_min_child_weight": 0.7590039980870017, "log10_subsample": -0.5998756394216465, "max_depth": 4.0, "num_boost_round": 9.0}, "datetime": {"datetime": "2024-01-19 00:36:47", "elapsed": 1515.203225, "delta": 0.002005}}
{"target": -17.67694917959192, "params": {"gamma": 68.66390259453237, "log10_alpha": -0.34389139192356755, "log10_colsample_bytree": -0.5167846344302326, "log10_eta": -3.062556213945665, "log10_lambda": -4.646020869532035, "log10_min_child_weight": 0.7590039980870017, "log10_subsample": -0.5998756394216465, "max_depth": 4.0, "num_boost_round": 10.0}, "datetime": {"datetime": "2024-01-19 00:36:47", "elapsed": 1515.205215, "delta": 0.00199}}
{"target": -17.676926595180216, "params": {"gamma": 68.66390259453237, "log10_alpha": -0.34389139192356755, "log10_colsample_bytree": -0.5167846344302326, "log10_eta": -3.062556213945665, "log10_lambda": -4.646020869532035, "log10_min_child_weight": 0.7590039980870017, "log10_subsample": -0.5998756394216465, "max_depth": 4.0, "num_boost_round": 11.0}, "datetime": {"datetime": "2024-01-19 00:36:47", "elapsed": 1515.207296, "delta": 0.002081}}
{"target": -17.6768925261571, "params": {"gamma": 68.66390259453237, "log10_alpha": -0.34389139192356755, "log10_colsample_bytree": -0.5167846344302326, "log10_eta": -3.062556213945665, "log10_lambda": -4.646020869532035, "log10_min_child_weight": 0.7590039980870017, "log10_subsample": -0.5998756394216465, "max_depth": 4.0, "num_boost_round": 12.0}, "datetime": {"datetime": "2024-01-19 00:36:47", "elapsed": 1515.209365, "delta": 0.002069}}
{"target": -17.676846126205774, "params": {"gamma": 68.66390259453237, "log10_alpha": -0.34389139192356755, "log10_colsample_bytree": -0.5167846344302326, "log10_eta": -3.062556213945665, "log10_lambda": -4.646020869532035, "log10_min_child_weight": 0.7590039980870017, "log10_subsample": -0.5998756394216465, "max_depth": 4.0, "num_boost_round": 13.0}, "datetime": {"datetime": "2024-01-19 00:36:47", "elapsed": 1515.211425, "delta": 0.00206}}
