{"target": -17.67723290590192, "params": {"gamma": 636.1181582013451, "log10_alpha": -1.7003734974904405, "log10_colsample_bytree": 0.0, "log10_eta": -4.0, "log10_lambda": -5.0, "log10_min_child_weight": 5.0, "log10_subsample": -1.0, "max_depth": 10.0, "num_boost_round": 12.0}, "datetime": {"datetime": "2024-01-19 01:55:07", "elapsed": 6205.278797, "delta": 0.005162}}
{"target": -17.677232967664743, "params": {"gamma": 636.1181582013451, "log10_alpha": -1.7003734974904405, "log10_colsample_bytree": 0.0, "log10_eta": -4.0, "log10_lambda": -5.0, "log10_min_child_weight": 5.0, "log10_subsample": -1.0, "max_depth": 10.0, "num_boost_round": 13.0}, "datetime": {"datetime": "2024-01-19 01:55:07", "elapsed": 6205.284014, "delta": 0.005217}}
{"target": -17.677232990870458, "params": {"gamma": 636.1181582013451, "log10_alpha": -1.7003734974904405, "log10_colsample_bytree": 0.0, "log10_eta": -4.0, "log10_lambda": -5.0, "log10_min_child_weight": 5.0, "log10_subsample": -1.0, "max_depth": 10.0, "num_boost_round": 14.0}, "datetime": {"datetime": "2024-01-19 01:55:07", "elapsed": 6205.28918, "delta": 0.005166}}
{"target": -17.677232981579333, "params": {"gamma": 636.1181582013451, "log10_alpha": -1.7003734974904405, "log10_colsample_bytree": 0.0, "log10_eta": -4.0, "log10_lambda": -5.0, "log10_min_child_weight": 5.0, "log10_subsample": -1.0, "max_depth": 10.0, "num_boost_round": 15.0}, "datetime": {"datetime": "2024-01-19 01:55:07", "elapsed": 6205.294304, "delta": 0.005124}}
{"target": -17.677232989256478, "params": {"gamma": 636.1181582013451, "log10_alpha": -1.7003734974904405, "log10_colsample_bytree": 0.0, "log10_eta": -4.0, "log10_lambda": -5.0, "log10_min_child_weight": 5.0, "log10_subsample": -1.0, "max_depth": 10.0, "num_boost_round": 16.0}, "datetime": {"datetime": "2024-01-19 01:55:07", "elapsed": 6205.299447, "delta": 0.005143}}
{"target": -17.67723302144423, "params": {"gamma": 636.1181582013451, "log10_alpha": -1.7003734974904405, "log10_colsample_bytree": 0.0, "log10_eta": -4.0, "log10_lambda": -5.0, "log10_min_child_weight": 5.0, "log10_subsample": -1.0, "max_depth": 10.0, "num_boost_round": 17.0}, "datetime": {"datetime": "2024-01-19 01:55:07", "elapsed": 6205.304658, "delta": 0.005211}}
{"target": -17.67723303017518, "params": {"gamma": 636.1181582013451, "log10_alpha": -1.7003734974904405, "log10_colsample_bytree": 0.0, "log10_eta": -4.0, "log10_lambda": -5.0, "log10_min_child_weight": 5.0, "log10_subsample": -1.0, "max_depth": 10.0, "num_boost_round": 18.0}, "datetime": {"datetime": "2024-01-19 01:55:07", "elapsed": 6205.309783, "delta": 0.005125}}
{"target": -17.677233044747105, "params": {"gamma": 636.1181582013451, "log10_alpha": -1.7003734974904405, "log10_colsample_bytree": 0.0, "log10_eta": -4.0, "log10_lambda": -5.0, "log10_min_child_weight": 5.0, "log10_subsample": -1.0, "max_depth": 10.0, "num_boost_round": 19.0}, "datetime": {"datetime": "2024-01-19 01:55:07", "elapsed": 6205.314832, "delta": 0.005049}}
{"target": -17.677233032183516, "params": {"gamma": 636.1181582013451, "log10_alpha": -1.7003734974904405, "log10_colsample_bytree": 0.0, "log10_eta": -4.0, "log10_lambda": -5.0, "log10_min_child_weight": 5.0, "log10_subsample": -1.0, "max_depth": 10.0, "num_boost_round": 20.0}, "datetime": {"datetime": "2024-01-19 01:55:07", "elapsed": 6205.320048, "delta": 0.005216}}
{"target": -17.67721970216797, "params": {"gamma": 612.3232681347602, "log10_alpha": -4.469186886464264, "log10_colsample_bytree": -0.09886614300150098, "log10_eta": -2.747495731603046, "log10_lambda": -0.1609661795399866, "log10_min_child_weight": 4.508460968643581, "log10_subsample": -0.05468702924054236, "max_depth": 3.0, "num_boost_round": 0.0}, "datetime": {"datetime": "2024-01-19 01:56:05", "elapsed": 6263.283049, "delta": 57.963001}}
{"target": -17.677212943063786, "params": {"gamma": 612.3232681347602, "log10_alpha": -4.469186886464264, "log10_colsample_bytree": -0.09886614300150098, "log10_eta": -2.747495731603046, "log10_lambda": -0.1609661795399866, "log10_min_child_weight": 4.508460968643581, "log10_subsample": -0.05468702924054236, "max_depth": 3.0, "num_boost_round": 1.0}, "datetime": {"datetime": "2024-01-19 01:56:05", "elapsed": 6263.28874, "delta": 0.005691}}
{"target": -17.677251219579738, "params": {"gamma": 612.3232681347602, "log10_alpha": -4.469186886464264, "log10_colsample_bytree": -0.09886614300150098, "log10_eta": -2.747495731603046, "log10_lambda": -0.1609661795399866, "log10_min_child_weight": 4.508460968643581, "log10_subsample": -0.05468702924054236, "max_depth": 3.0, "num_boost_round": 2.0}, "datetime": {"datetime": "2024-01-19 01:56:05", "elapsed": 6263.293906, "delta": 0.005166}}
{"target": -17.67724572237903, "params": {"gamma": 612.3232681347602, "log10_alpha": -4.469186886464264, "log10_colsample_bytree": -0.09886614300150098, "log10_eta": -2.747495731603046, "log10_lambda": -0.1609661795399866, "log10_min_child_weight": 4.508460968643581, "log10_subsample": -0.05468702924054236, "max_depth": 3.0, "num_boost_round": 3.0}, "datetime": {"datetime": "2024-01-19 01:56:05", "elapsed": 6263.299069, "delta": 0.005163}}
{"target": -17.67725790582607, "params": {"gamma": 612.3232681347602, "log10_alpha": -4.469186886464264, "log10_colsample_bytree": -0.09886614300150098, "log10_eta": -2.747495731603046, "log10_lambda": -0.1609661795399866, "log10_min_child_weight": 4.508460968643581, "log10_subsample": -0.05468702924054236, "max_depth": 3.0, "num_boost_round": 4.0}, "datetime": {"datetime": "2024-01-19 01:56:05", "elapsed": 6263.304326, "delta": 0.005257}}
{"target": -17.67725215819792, "params": {"gamma": 612.3232681347602, "log10_alpha": -4.469186886464264, "log10_colsample_bytree": -0.09886614300150098, "log10_eta": -2.747495731603046, "log10_lambda": -0.1609661795399866, "log10_min_child_weight": 4.508460968643581, "log10_subsample": -0.05468702924054236, "max_depth": 3.0, "num_boost_round": 5.0}, "datetime": {"datetime": "2024-01-19 01:56:05", "elapsed": 6263.309444, "delta": 0.005118}}
{"target": -17.67724772445885, "params": {"gamma": 612.3232681347602, "log10_alpha": -4.469186886464264, "log10_colsample_bytree": -0.09886614300150098, "log10_eta": -2.747495731603046, "log10_lambda": -0.1609661795399866, "log10_min_child_weight": 4.508460968643581, "log10_subsample": -0.05468702924054236, "max_depth": 3.0, "num_boost_round": 6.0}, "datetime": {"datetime": "2024-01-19 01:56:05", "elapsed": 6263.314514, "delta": 0.00507}}
{"target": -17.677232132409124, "params": {"gamma": 612.3232681347602, "log10_alpha": -4.469186886464264, "log10_colsample_bytree": -0.09886614300150098, "log10_eta": -2.747495731603046, "log10_lambda": -0.1609661795399866, "log10_min_child_weight": 4.508460968643581, "log10_subsample": -0.05468702924054236, "max_depth": 3.0, "num_boost_round": 7.0}, "datetime": {"datetime": "2024-01-19 01:56:05", "elapsed": 6263.319791, "delta": 0.005277}}
{"target": -17.677223727814468, "params": {"gamma": 612.3232681347602, "log10_alpha": -4.469186886464264, "log10_colsample_bytree": -0.09886614300150098, "log10_eta": -2.747495731603046, "log10_lambda": -0.1609661795399866, "log10_min_child_weight": 4.508460968643581, "log10_subsample": -0.05468702924054236, "max_depth": 3.0, "num_boost_round": 8.0}, "datetime": {"datetime": "2024-01-19 01:56:05", "elapsed": 6263.324978, "delta": 0.005187}}
{"target": -17.677215559153733, "params": {"gamma": 612.3232681347602, "log10_alpha": -4.469186886464264, "log10_colsample_bytree": -0.09886614300150098, "log10_eta": -2.747495731603046, "log10_lambda": -0.1609661795399866, "log10_min_child_weight": 4.508460968643581, "log10_subsample": -0.05468702924054236, "max_depth": 3.0, "num_boost_round": 9.0}, "datetime": {"datetime": "2024-01-19 01:56:05", "elapsed": 6263.330381, "delta": 0.005403}}
{"target": -17.677201347123006, "params": {"gamma": 612.3232681347602, "log10_alpha": -4.469186886464264, "log10_colsample_bytree": -0.09886614300150098, "log10_eta": -2.747495731603046, "log10_lambda": -0.1609661795399866, "log10_min_child_weight": 4.508460968643581, "log10_subsample": -0.05468702924054236, "max_depth": 3.0, "num_boost_round": 10.0}, "datetime": {"datetime": "2024-01-19 01:56:05", "elapsed": 6263.335876, "delta": 0.005495}}
{"target": -17.677172113136837, "params": {"gamma": 612.3232681347602, "log10_alpha": -4.469186886464264, "log10_colsample_bytree": -0.09886614300150098, "log10_eta": -2.747495731603046, "log10_lambda": -0.1609661795399866, "log10_min_child_weight": 4.508460968643581, "log10_subsample": -0.05468702924054236, "max_depth": 3.0, "num_boost_round": 11.0}, "datetime": {"datetime": "2024-01-19 01:56:05", "elapsed": 6263.342045, "delta": 0.006169}}
{"target": -17.677170282129588, "params": {"gamma": 612.3232681347602, "log10_alpha": -4.469186886464264, "log10_colsample_bytree": -0.09886614300150098, "log10_eta": -2.747495731603046, "log10_lambda": -0.1609661795399866, "log10_min_child_weight": 4.508460968643581, "log10_subsample": -0.05468702924054236, "max_depth": 3.0, "num_boost_round": 12.0}, "datetime": {"datetime": "2024-01-19 01:56:06", "elapsed": 6263.347515, "delta": 0.00547}}
{"target": -17.677162005610878, "params": {"gamma": 612.3232681347602, "log10_alpha": -4.469186886464264, "log10_colsample_bytree": -0.09886614300150098, "log10_eta": -2.747495731603046, "log10_lambda": -0.1609661795399866, "log10_min_child_weight": 4.508460968643581, "log10_subsample": -0.05468702924054236, "max_depth": 3.0, "num_boost_round": 13.0}, "datetime": {"datetime": "2024-01-19 01:56:06", "elapsed": 6263.35266, "delta": 0.005145}}
{"target": -17.677148774640866, "params": {"gamma": 612.3232681347602, "log10_alpha": -4.469186886464264, "log10_colsample_bytree": -0.09886614300150098, "log10_eta": -2.747495731603046, "log10_lambda": -0.1609661795399866, "log10_min_child_weight": 4.508460968643581, "log10_subsample": -0.05468702924054236, "max_depth": 3.0, "num_boost_round": 14.0}, "datetime": {"datetime": "2024-01-19 01:56:06", "elapsed": 6263.357931, "delta": 0.005271}}
{"target": -17.677144401881936, "params": {"gamma": 612.3232681347602, "log10_alpha": -4.469186886464264, "log10_colsample_bytree": -0.09886614300150098, "log10_eta": -2.747495731603046, "log10_lambda": -0.1609661795399866, "log10_min_child_weight": 4.508460968643581, "log10_subsample": -0.05468702924054236, "max_depth": 3.0, "num_boost_round": 15.0}, "datetime": {"datetime": "2024-01-19 01:56:06", "elapsed": 6263.363054, "delta": 0.005123}}
{"target": -17.677156357220042, "params": {"gamma": 612.3232681347602, "log10_alpha": -4.469186886464264, "log10_colsample_bytree": -0.09886614300150098, "log10_eta": -2.747495731603046, "log10_lambda": -0.1609661795399866, "log10_min_child_weight": 4.508460968643581, "log10_subsample": -0.05468702924054236, "max_depth": 3.0, "num_boost_round": 16.0}, "datetime": {"datetime": "2024-01-19 01:56:06", "elapsed": 6263.36842, "delta": 0.005366}}
{"target": -17.677152513645986, "params": {"gamma": 612.3232681347602, "log10_alpha": -4.469186886464264, "log10_colsample_bytree": -0.09886614300150098, "log10_eta": -2.747495731603046, "log10_lambda": -0.1609661795399866, "log10_min_child_weight": 4.508460968643581, "log10_subsample": -0.05468702924054236, "max_depth": 3.0, "num_boost_round": 17.0}, "datetime": {"datetime": "2024-01-19 01:56:06", "elapsed": 6263.373666, "delta": 0.005246}}
{"target": -17.677147126716523, "params": {"gamma": 612.3232681347602, "log10_alpha": -4.469186886464264, "log10_colsample_bytree": -0.09886614300150098, "log10_eta": -2.747495731603046, "log10_lambda": -0.1609661795399866, "log10_min_child_weight": 4.508460968643581, "log10_subsample": -0.05468702924054236, "max_depth": 3.0, "num_boost_round": 18.0}, "datetime": {"datetime": "2024-01-19 01:56:06", "elapsed": 6263.37887, "delta": 0.005204}}
{"target": -17.677153705977265, "params": {"gamma": 612.3232681347602, "log10_alpha": -4.469186886464264, "log10_colsample_bytree": -0.09886614300150098, "log10_eta": -2.747495731603046, "log10_lambda": -0.1609661795399866, "log10_min_child_weight": 4.508460968643581, "log10_subsample": -0.05468702924054236, "max_depth": 3.0, "num_boost_round": 19.0}, "datetime": {"datetime": "2024-01-19 01:56:06", "elapsed": 6263.383993, "delta": 0.005123}}
{"target": -17.677148094351182, "params": {"gamma": 612.3232681347602, "log10_alpha": -4.469186886464264, "log10_colsample_bytree": -0.09886614300150098, "log10_eta": -2.747495731603046, "log10_lambda": -0.1609661795399866, "log10_min_child_weight": 4.508460968643581, "log10_subsample": -0.05468702924054236, "max_depth": 3.0, "num_boost_round": 20.0}, "datetime": {"datetime": "2024-01-19 01:56:06", "elapsed": 6263.38913, "delta": 0.005137}}
{"target": -17.677141105228433, "params": {"gamma": 612.3232681347602, "log10_alpha": -4.469186886464264, "log10_colsample_bytree": -0.09886614300150098, "log10_eta": -2.747495731603046, "log10_lambda": -0.1609661795399866, "log10_min_child_weight": 4.508460968643581, "log10_subsample": -0.05468702924054236, "max_depth": 3.0, "num_boost_round": 21.0}, "datetime": {"datetime": "2024-01-19 01:56:06", "elapsed": 6263.394274, "delta": 0.005144}}
{"target": -17.677113871131834, "params": {"gamma": 612.3232681347602, "log10_alpha": -4.469186886464264, "log10_colsample_bytree": -0.09886614300150098, "log10_eta": -2.747495731603046, "log10_lambda": -0.1609661795399866, "log10_min_child_weight": 4.508460968643581, "log10_subsample": -0.05468702924054236, "max_depth": 3.0, "num_boost_round": 22.0}, "datetime": {"datetime": "2024-01-19 01:56:06", "elapsed": 6263.399601, "delta": 0.005327}}
{"target": -17.677127531840693, "params": {"gamma": 612.3232681347602, "log10_alpha": -4.469186886464264, "log10_colsample_bytree": -0.09886614300150098, "log10_eta": -2.747495731603046, "log10_lambda": -0.1609661795399866, "log10_min_child_weight": 4.508460968643581, "log10_subsample": -0.05468702924054236, "max_depth": 3.0, "num_boost_round": 23.0}, "datetime": {"datetime": "2024-01-19 01:56:06", "elapsed": 6263.404692, "delta": 0.005091}}
{"target": -17.677122609450972, "params": {"gamma": 612.3232681347602, "log10_alpha": -4.469186886464264, "log10_colsample_bytree": -0.09886614300150098, "log10_eta": -2.747495731603046, "log10_lambda": -0.1609661795399866, "log10_min_child_weight": 4.508460968643581, "log10_subsample": -0.05468702924054236, "max_depth": 3.0, "num_boost_round": 24.0}, "datetime": {"datetime": "2024-01-19 01:56:06", "elapsed": 6263.409812, "delta": 0.00512}}
{"target": -17.67715044410894, "params": {"gamma": 612.3232681347602, "log10_alpha": -4.469186886464264, "log10_colsample_bytree": -0.09886614300150098, "log10_eta": -2.747495731603046, "log10_lambda": -0.1609661795399866, "log10_min_child_weight": 4.508460968643581, "log10_subsample": -0.05468702924054236, "max_depth": 3.0, "num_boost_round": 25.0}, "datetime": {"datetime": "2024-01-19 01:56:06", "elapsed": 6263.414984, "delta": 0.005172}}
{"target": -17.67714459827083, "params": {"gamma": 612.3232681347602, "log10_alpha": -4.469186886464264, "log10_colsample_bytree": -0.09886614300150098, "log10_eta": -2.747495731603046, "log10_lambda": -0.1609661795399866, "log10_min_child_weight": 4.508460968643581, "log10_subsample": -0.05468702924054236, "max_depth": 3.0, "num_boost_round": 26.0}, "datetime": {"datetime": "2024-01-19 01:56:06", "elapsed": 6263.420063, "delta": 0.005079}}
{"target": -17.677132877584814, "params": {"gamma": 612.3232681347602, "log10_alpha": -4.469186886464264, "log10_colsample_bytree": -0.09886614300150098, "log10_eta": -2.747495731603046, "log10_lambda": -0.1609661795399866, "log10_min_child_weight": 4.508460968643581, "log10_subsample": -0.05468702924054236, "max_depth": 3.0, "num_boost_round": 27.0}, "datetime": {"datetime": "2024-01-19 01:56:06", "elapsed": 6263.425247, "delta": 0.005184}}
{"target": -17.67714759612048, "params": {"gamma": 612.3232681347602, "log10_alpha": -4.469186886464264, "log10_colsample_bytree": -0.09886614300150098, "log10_eta": -2.747495731603046, "log10_lambda": -0.1609661795399866, "log10_min_child_weight": 4.508460968643581, "log10_subsample": -0.05468702924054236, "max_depth": 3.0, "num_boost_round": 28.0}, "datetime": {"datetime": "2024-01-19 01:56:06", "elapsed": 6263.430529, "delta": 0.005282}}
{"target": -17.67716065932523, "params": {"gamma": 612.3232681347602, "log10_alpha": -4.469186886464264, "log10_colsample_bytree": -0.09886614300150098, "log10_eta": -2.747495731603046, "log10_lambda": -0.1609661795399866, "log10_min_child_weight": 4.508460968643581, "log10_subsample": -0.05468702924054236, "max_depth": 3.0, "num_boost_round": 29.0}, "datetime": {"datetime": "2024-01-19 01:56:06", "elapsed": 6263.435627, "delta": 0.005098}}
{"target": -17.67715613169406, "params": {"gamma": 612.3232681347602, "log10_alpha": -4.469186886464264, "log10_colsample_bytree": -0.09886614300150098, "log10_eta": -2.747495731603046, "log10_lambda": -0.1609661795399866, "log10_min_child_weight": 4.508460968643581, "log10_subsample": -0.05468702924054236, "max_depth": 3.0, "num_boost_round": 30.0}, "datetime": {"datetime": "2024-01-19 01:56:06", "elapsed": 6263.440769, "delta": 0.005142}}
{"target": -17.677147472173683, "params": {"gamma": 612.3232681347602, "log10_alpha": -4.469186886464264, "log10_colsample_bytree": -0.09886614300150098, "log10_eta": -2.747495731603046, "log10_lambda": -0.1609661795399866, "log10_min_child_weight": 4.508460968643581, "log10_subsample": -0.05468702924054236, "max_depth": 3.0, "num_boost_round": 31.0}, "datetime": {"datetime": "2024-01-19 01:56:06", "elapsed": 6263.445881, "delta": 0.005112}}
{"target": -17.677149542415517, "params": {"gamma": 612.3232681347602, "log10_alpha": -4.469186886464264, "log10_colsample_bytree": -0.09886614300150098, "log10_eta": -2.747495731603046, "log10_lambda": -0.1609661795399866, "log10_min_child_weight": 4.508460968643581, "log10_subsample": -0.05468702924054236, "max_depth": 3.0, "num_boost_round": 32.0}, "datetime": {"datetime": "2024-01-19 01:56:06", "elapsed": 6263.450995, "delta": 0.005114}}
{"target": -17.67713838112863, "params": {"gamma": 612.3232681347602, "log10_alpha": -4.469186886464264, "log10_colsample_bytree": -0.09886614300150098, "log10_eta": -2.747495731603046, "log10_lambda": -0.1609661795399866, "log10_min_child_weight": 4.508460968643581, "log10_subsample": -0.05468702924054236, "max_depth": 3.0, "num_boost_round": 33.0}, "datetime": {"datetime": "2024-01-19 01:56:06", "elapsed": 6263.456224, "delta": 0.005229}}
{"target": -17.67716045229955, "params": {"gamma": 612.3232681347602, "log10_alpha": -4.469186886464264, "log10_colsample_bytree": -0.09886614300150098, "log10_eta": -2.747495731603046, "log10_lambda": -0.1609661795399866, "log10_min_child_weight": 4.508460968643581, "log10_subsample": -0.05468702924054236, "max_depth": 3.0, "num_boost_round": 34.0}, "datetime": {"datetime": "2024-01-19 01:56:06", "elapsed": 6263.461589, "delta": 0.005365}}
{"target": -17.677150280259657, "params": {"gamma": 612.3232681347602, "log10_alpha": -4.469186886464264, "log10_colsample_bytree": -0.09886614300150098, "log10_eta": -2.747495731603046, "log10_lambda": -0.1609661795399866, "log10_min_child_weight": 4.508460968643581, "log10_subsample": -0.05468702924054236, "max_depth": 3.0, "num_boost_round": 35.0}, "datetime": {"datetime": "2024-01-19 01:56:06", "elapsed": 6263.467077, "delta": 0.005488}}
{"target": -17.677148000584467, "params": {"gamma": 612.3232681347602, "log10_alpha": -4.469186886464264, "log10_colsample_bytree": -0.09886614300150098, "log10_eta": -2.747495731603046, "log10_lambda": -0.1609661795399866, "log10_min_child_weight": 4.508460968643581, "log10_subsample": -0.05468702924054236, "max_depth": 3.0, "num_boost_round": 36.0}, "datetime": {"datetime": "2024-01-19 01:56:06", "elapsed": 6263.472954, "delta": 0.005877}}
{"target": -17.67713776728196, "params": {"gamma": 612.3232681347602, "log10_alpha": -4.469186886464264, "log10_colsample_bytree": -0.09886614300150098, "log10_eta": -2.747495731603046, "log10_lambda": -0.1609661795399866, "log10_min_child_weight": 4.508460968643581, "log10_subsample": -0.05468702924054236, "max_depth": 3.0, "num_boost_round": 37.0}, "datetime": {"datetime": "2024-01-19 01:56:06", "elapsed": 6263.478185, "delta": 0.005231}}
{"target": -17.677136880291787, "params": {"gamma": 612.3232681347602, "log10_alpha": -4.469186886464264, "log10_colsample_bytree": -0.09886614300150098, "log10_eta": -2.747495731603046, "log10_lambda": -0.1609661795399866, "log10_min_child_weight": 4.508460968643581, "log10_subsample": -0.05468702924054236, "max_depth": 3.0, "num_boost_round": 38.0}, "datetime": {"datetime": "2024-01-19 01:56:06", "elapsed": 6263.483364, "delta": 0.005179}}
{"target": -17.677127859131122, "params": {"gamma": 612.3232681347602, "log10_alpha": -4.469186886464264, "log10_colsample_bytree": -0.09886614300150098, "log10_eta": -2.747495731603046, "log10_lambda": -0.1609661795399866, "log10_min_child_weight": 4.508460968643581, "log10_subsample": -0.05468702924054236, "max_depth": 3.0, "num_boost_round": 39.0}, "datetime": {"datetime": "2024-01-19 01:56:06", "elapsed": 6263.59692, "delta": 0.113556}}
{"target": -17.677119404279114, "params": {"gamma": 612.3232681347602, "log10_alpha": -4.469186886464264, "log10_colsample_bytree": -0.09886614300150098, "log10_eta": -2.747495731603046, "log10_lambda": -0.1609661795399866, "log10_min_child_weight": 4.508460968643581, "log10_subsample": -0.05468702924054236, "max_depth": 3.0, "num_boost_round": 40.0}, "datetime": {"datetime": "2024-01-19 01:56:06", "elapsed": 6263.603068, "delta": 0.006148}}
