{"target": -13.756960304689605, "params": {"gamma": 446.892577905423, "log10_alpha": 0.2571611735001831, "log10_colsample_bytree": -0.9310035265721558, "log10_eta": -1.8501139000951774, "log10_lambda": 0.08451299990424399, "log10_min_child_weight": 1.9008837971088473, "log10_subsample": -0.5318068093141514, "max_depth": 2.0, "num_boost_round": 20.0}, "datetime": {"datetime": "2024-01-19 00:26:14", "elapsed": 878.157307, "delta": 0.001819}}
{"target": -13.75683460803938, "params": {"gamma": 446.892577905423, "log10_alpha": 0.2571611735001831, "log10_colsample_bytree": -0.9310035265721558, "log10_eta": -1.8501139000951774, "log10_lambda": 0.08451299990424399, "log10_min_child_weight": 1.9008837971088473, "log10_subsample": -0.5318068093141514, "max_depth": 2.0, "num_boost_round": 21.0}, "datetime": {"datetime": "2024-01-19 00:26:14", "elapsed": 878.159125, "delta": 0.001818}}
{"target": -13.756749324502557, "params": {"gamma": 446.892577905423, "log10_alpha": 0.2571611735001831, "log10_colsample_bytree": -0.9310035265721558, "log10_eta": -1.8501139000951774, "log10_lambda": 0.08451299990424399, "log10_min_child_weight": 1.9008837971088473, "log10_subsample": -0.5318068093141514, "max_depth": 2.0, "num_boost_round": 22.0}, "datetime": {"datetime": "2024-01-19 00:26:14", "elapsed": 878.160947, "delta": 0.001822}}
{"target": -13.756427274056195, "params": {"gamma": 446.892577905423, "log10_alpha": 0.2571611735001831, "log10_colsample_bytree": -0.9310035265721558, "log10_eta": -1.8501139000951774, "log10_lambda": 0.08451299990424399, "log10_min_child_weight": 1.9008837971088473, "log10_subsample": -0.5318068093141514, "max_depth": 2.0, "num_boost_round": 23.0}, "datetime": {"datetime": "2024-01-19 00:26:14", "elapsed": 878.162785, "delta": 0.001838}}
{"target": -13.756436886990526, "params": {"gamma": 446.892577905423, "log10_alpha": 0.2571611735001831, "log10_colsample_bytree": -0.9310035265721558, "log10_eta": -1.8501139000951774, "log10_lambda": 0.08451299990424399, "log10_min_child_weight": 1.9008837971088473, "log10_subsample": -0.5318068093141514, "max_depth": 2.0, "num_boost_round": 24.0}, "datetime": {"datetime": "2024-01-19 00:26:14", "elapsed": 878.164664, "delta": 0.001879}}
{"target": -13.756279393779185, "params": {"gamma": 446.892577905423, "log10_alpha": 0.2571611735001831, "log10_colsample_bytree": -0.9310035265721558, "log10_eta": -1.8501139000951774, "log10_lambda": 0.08451299990424399, "log10_min_child_weight": 1.9008837971088473, "log10_subsample": -0.5318068093141514, "max_depth": 2.0, "num_boost_round": 25.0}, "datetime": {"datetime": "2024-01-19 00:26:14", "elapsed": 878.16649, "delta": 0.001826}}
{"target": -13.75631579244819, "params": {"gamma": 446.892577905423, "log10_alpha": 0.2571611735001831, "log10_colsample_bytree": -0.9310035265721558, "log10_eta": -1.8501139000951774, "log10_lambda": 0.08451299990424399, "log10_min_child_weight": 1.9008837971088473, "log10_subsample": -0.5318068093141514, "max_depth": 2.0, "num_boost_round": 26.0}, "datetime": {"datetime": "2024-01-19 00:26:14", "elapsed": 878.168316, "delta": 0.001826}}
{"target": -13.75614633609748, "params": {"gamma": 446.892577905423, "log10_alpha": 0.2571611735001831, "log10_colsample_bytree": -0.9310035265721558, "log10_eta": -1.8501139000951774, "log10_lambda": 0.08451299990424399, "log10_min_child_weight": 1.9008837971088473, "log10_subsample": -0.5318068093141514, "max_depth": 2.0, "num_boost_round": 27.0}, "datetime": {"datetime": "2024-01-19 00:26:14", "elapsed": 878.170218, "delta": 0.001902}}
{"target": -13.75614370624721, "params": {"gamma": 446.892577905423, "log10_alpha": 0.2571611735001831, "log10_colsample_bytree": -0.9310035265721558, "log10_eta": -1.8501139000951774, "log10_lambda": 0.08451299990424399, "log10_min_child_weight": 1.9008837971088473, "log10_subsample": -0.5318068093141514, "max_depth": 2.0, "num_boost_round": 28.0}, "datetime": {"datetime": "2024-01-19 00:26:14", "elapsed": 878.172049, "delta": 0.001831}}
{"target": -13.756137689957395, "params": {"gamma": 446.892577905423, "log10_alpha": 0.2571611735001831, "log10_colsample_bytree": -0.9310035265721558, "log10_eta": -1.8501139000951774, "log10_lambda": 0.08451299990424399, "log10_min_child_weight": 1.9008837971088473, "log10_subsample": -0.5318068093141514, "max_depth": 2.0, "num_boost_round": 29.0}, "datetime": {"datetime": "2024-01-19 00:26:14", "elapsed": 878.173872, "delta": 0.001823}}
{"target": -13.75610582783133, "params": {"gamma": 446.892577905423, "log10_alpha": 0.2571611735001831, "log10_colsample_bytree": -0.9310035265721558, "log10_eta": -1.8501139000951774, "log10_lambda": 0.08451299990424399, "log10_min_child_weight": 1.9008837971088473, "log10_subsample": -0.5318068093141514, "max_depth": 2.0, "num_boost_round": 30.0}, "datetime": {"datetime": "2024-01-19 00:26:14", "elapsed": 878.17587, "delta": 0.001998}}
{"target": -13.755942434521442, "params": {"gamma": 446.892577905423, "log10_alpha": 0.2571611735001831, "log10_colsample_bytree": -0.9310035265721558, "log10_eta": -1.8501139000951774, "log10_lambda": 0.08451299990424399, "log10_min_child_weight": 1.9008837971088473, "log10_subsample": -0.5318068093141514, "max_depth": 2.0, "num_boost_round": 31.0}, "datetime": {"datetime": "2024-01-19 00:26:14", "elapsed": 878.177881, "delta": 0.002011}}
{"target": -13.755989791132194, "params": {"gamma": 446.892577905423, "log10_alpha": 0.2571611735001831, "log10_colsample_bytree": -0.9310035265721558, "log10_eta": -1.8501139000951774, "log10_lambda": 0.08451299990424399, "log10_min_child_weight": 1.9008837971088473, "log10_subsample": -0.5318068093141514, "max_depth": 2.0, "num_boost_round": 32.0}, "datetime": {"datetime": "2024-01-19 00:26:14", "elapsed": 878.179837, "delta": 0.001956}}
{"target": -13.75615977447449, "params": {"gamma": 446.892577905423, "log10_alpha": 0.2571611735001831, "log10_colsample_bytree": -0.9310035265721558, "log10_eta": -1.8501139000951774, "log10_lambda": 0.08451299990424399, "log10_min_child_weight": 1.9008837971088473, "log10_subsample": -0.5318068093141514, "max_depth": 2.0, "num_boost_round": 33.0}, "datetime": {"datetime": "2024-01-19 00:26:14", "elapsed": 878.181751, "delta": 0.001914}}
{"target": -13.756124925876662, "params": {"gamma": 446.892577905423, "log10_alpha": 0.2571611735001831, "log10_colsample_bytree": -0.9310035265721558, "log10_eta": -1.8501139000951774, "log10_lambda": 0.08451299990424399, "log10_min_child_weight": 1.9008837971088473, "log10_subsample": -0.5318068093141514, "max_depth": 2.0, "num_boost_round": 34.0}, "datetime": {"datetime": "2024-01-19 00:26:14", "elapsed": 878.183596, "delta": 0.001845}}
{"target": -13.756155352986168, "params": {"gamma": 446.892577905423, "log10_alpha": 0.2571611735001831, "log10_colsample_bytree": -0.9310035265721558, "log10_eta": -1.8501139000951774, "log10_lambda": 0.08451299990424399, "log10_min_child_weight": 1.9008837971088473, "log10_subsample": -0.5318068093141514, "max_depth": 2.0, "num_boost_round": 35.0}, "datetime": {"datetime": "2024-01-19 00:26:14", "elapsed": 878.185508, "delta": 0.001912}}
{"target": -13.756167899294994, "params": {"gamma": 446.892577905423, "log10_alpha": 0.2571611735001831, "log10_colsample_bytree": -0.9310035265721558, "log10_eta": -1.8501139000951774, "log10_lambda": 0.08451299990424399, "log10_min_child_weight": 1.9008837971088473, "log10_subsample": -0.5318068093141514, "max_depth": 2.0, "num_boost_round": 36.0}, "datetime": {"datetime": "2024-01-19 00:26:14", "elapsed": 878.187341, "delta": 0.001833}}
{"target": -13.756199864957201, "params": {"gamma": 446.892577905423, "log10_alpha": 0.2571611735001831, "log10_colsample_bytree": -0.9310035265721558, "log10_eta": -1.8501139000951774, "log10_lambda": 0.08451299990424399, "log10_min_child_weight": 1.9008837971088473, "log10_subsample": -0.5318068093141514, "max_depth": 2.0, "num_boost_round": 37.0}, "datetime": {"datetime": "2024-01-19 00:26:14", "elapsed": 878.189197, "delta": 0.001856}}
{"target": -13.756204263586715, "params": {"gamma": 446.892577905423, "log10_alpha": 0.2571611735001831, "log10_colsample_bytree": -0.9310035265721558, "log10_eta": -1.8501139000951774, "log10_lambda": 0.08451299990424399, "log10_min_child_weight": 1.9008837971088473, "log10_subsample": -0.5318068093141514, "max_depth": 2.0, "num_boost_round": 38.0}, "datetime": {"datetime": "2024-01-19 00:26:14", "elapsed": 878.191089, "delta": 0.001892}}
{"target": -13.756154839003232, "params": {"gamma": 446.892577905423, "log10_alpha": 0.2571611735001831, "log10_colsample_bytree": -0.9310035265721558, "log10_eta": -1.8501139000951774, "log10_lambda": 0.08451299990424399, "log10_min_child_weight": 1.9008837971088473, "log10_subsample": -0.5318068093141514, "max_depth": 2.0, "num_boost_round": 39.0}, "datetime": {"datetime": "2024-01-19 00:26:14", "elapsed": 878.192953, "delta": 0.001864}}
{"target": -13.756105270014372, "params": {"gamma": 446.892577905423, "log10_alpha": 0.2571611735001831, "log10_colsample_bytree": -0.9310035265721558, "log10_eta": -1.8501139000951774, "log10_lambda": 0.08451299990424399, "log10_min_child_weight": 1.9008837971088473, "log10_subsample": -0.5318068093141514, "max_depth": 2.0, "num_boost_round": 40.0}, "datetime": {"datetime": "2024-01-19 00:26:14", "elapsed": 878.194893, "delta": 0.00194}}
{"target": -13.756075840341346, "params": {"gamma": 446.892577905423, "log10_alpha": 0.2571611735001831, "log10_colsample_bytree": -0.9310035265721558, "log10_eta": -1.8501139000951774, "log10_lambda": 0.08451299990424399, "log10_min_child_weight": 1.9008837971088473, "log10_subsample": -0.5318068093141514, "max_depth": 2.0, "num_boost_round": 41.0}, "datetime": {"datetime": "2024-01-19 00:26:14", "elapsed": 878.196746, "delta": 0.001853}}
{"target": -13.756049389214436, "params": {"gamma": 446.892577905423, "log10_alpha": 0.2571611735001831, "log10_colsample_bytree": -0.9310035265721558, "log10_eta": -1.8501139000951774, "log10_lambda": 0.08451299990424399, "log10_min_child_weight": 1.9008837971088473, "log10_subsample": -0.5318068093141514, "max_depth": 2.0, "num_boost_round": 42.0}, "datetime": {"datetime": "2024-01-19 00:26:14", "elapsed": 878.198599, "delta": 0.001853}}
{"target": -13.755948564333151, "params": {"gamma": 446.892577905423, "log10_alpha": 0.2571611735001831, "log10_colsample_bytree": -0.9310035265721558, "log10_eta": -1.8501139000951774, "log10_lambda": 0.08451299990424399, "log10_min_child_weight": 1.9008837971088473, "log10_subsample": -0.5318068093141514, "max_depth": 2.0, "num_boost_round": 43.0}, "datetime": {"datetime": "2024-01-19 00:26:14", "elapsed": 878.200472, "delta": 0.001873}}
{"target": -13.758511606193315, "params": {"gamma": 443.00947362852105, "log10_alpha": 0.023027310595224115, "log10_colsample_bytree": -0.46215870089737154, "log10_eta": -2.466518423037166, "log10_lambda": -0.13946351859735806, "log10_min_child_weight": 1.5141614398322456, "log10_subsample": -0.6805901168611351, "max_depth": 2.0, "num_boost_round": 0.0}, "datetime": {"datetime": "2024-01-19 00:26:54", "elapsed": 918.828173, "delta": 40.627701}}
{"target": -13.758447634686702, "params": {"gamma": 443.00947362852105, "log10_alpha": 0.023027310595224115, "log10_colsample_bytree": -0.46215870089737154, "log10_eta": -2.466518423037166, "log10_lambda": -0.13946351859735806, "log10_min_child_weight": 1.5141614398322456, "log10_subsample": -0.6805901168611351, "max_depth": 2.0, "num_boost_round": 1.0}, "datetime": {"datetime": "2024-01-19 00:26:54", "elapsed": 918.830475, "delta": 0.002302}}
{"target": -13.758440844650588, "params": {"gamma": 443.00947362852105, "log10_alpha": 0.023027310595224115, "log10_colsample_bytree": -0.46215870089737154, "log10_eta": -2.466518423037166, "log10_lambda": -0.13946351859735806, "log10_min_child_weight": 1.5141614398322456, "log10_subsample": -0.6805901168611351, "max_depth": 2.0, "num_boost_round": 2.0}, "datetime": {"datetime": "2024-01-19 00:26:54", "elapsed": 918.833142, "delta": 0.002667}}
{"target": -13.758434523135067, "params": {"gamma": 443.00947362852105, "log10_alpha": 0.023027310595224115, "log10_colsample_bytree": -0.46215870089737154, "log10_eta": -2.466518423037166, "log10_lambda": -0.13946351859735806, "log10_min_child_weight": 1.5141614398322456, "log10_subsample": -0.6805901168611351, "max_depth": 2.0, "num_boost_round": 3.0}, "datetime": {"datetime": "2024-01-19 00:26:54", "elapsed": 918.835177, "delta": 0.002035}}
{"target": -13.758404758184584, "params": {"gamma": 443.00947362852105, "log10_alpha": 0.023027310595224115, "log10_colsample_bytree": -0.46215870089737154, "log10_eta": -2.466518423037166, "log10_lambda": -0.13946351859735806, "log10_min_child_weight": 1.5141614398322456, "log10_subsample": -0.6805901168611351, "max_depth": 2.0, "num_boost_round": 4.0}, "datetime": {"datetime": "2024-01-19 00:26:54", "elapsed": 918.837127, "delta": 0.00195}}
{"target": -13.758393385049636, "params": {"gamma": 443.00947362852105, "log10_alpha": 0.023027310595224115, "log10_colsample_bytree": -0.46215870089737154, "log10_eta": -2.466518423037166, "log10_lambda": -0.13946351859735806, "log10_min_child_weight": 1.5141614398322456, "log10_subsample": -0.6805901168611351, "max_depth": 2.0, "num_boost_round": 5.0}, "datetime": {"datetime": "2024-01-19 00:26:54", "elapsed": 918.839023, "delta": 0.001896}}
{"target": -13.758378870188368, "params": {"gamma": 443.00947362852105, "log10_alpha": 0.023027310595224115, "log10_colsample_bytree": -0.46215870089737154, "log10_eta": -2.466518423037166, "log10_lambda": -0.13946351859735806, "log10_min_child_weight": 1.5141614398322456, "log10_subsample": -0.6805901168611351, "max_depth": 2.0, "num_boost_round": 6.0}, "datetime": {"datetime": "2024-01-19 00:26:54", "elapsed": 918.840916, "delta": 0.001893}}
{"target": -13.758360507443877, "params": {"gamma": 443.00947362852105, "log10_alpha": 0.023027310595224115, "log10_colsample_bytree": -0.46215870089737154, "log10_eta": -2.466518423037166, "log10_lambda": -0.13946351859735806, "log10_min_child_weight": 1.5141614398322456, "log10_subsample": -0.6805901168611351, "max_depth": 2.0, "num_boost_round": 7.0}, "datetime": {"datetime": "2024-01-19 00:26:54", "elapsed": 918.842815, "delta": 0.001899}}
{"target": -13.758318287615047, "params": {"gamma": 443.00947362852105, "log10_alpha": 0.023027310595224115, "log10_colsample_bytree": -0.46215870089737154, "log10_eta": -2.466518423037166, "log10_lambda": -0.13946351859735806, "log10_min_child_weight": 1.5141614398322456, "log10_subsample": -0.6805901168611351, "max_depth": 2.0, "num_boost_round": 8.0}, "datetime": {"datetime": "2024-01-19 00:26:54", "elapsed": 918.844732, "delta": 0.001917}}
{"target": -13.758285199357944, "params": {"gamma": 443.00947362852105, "log10_alpha": 0.023027310595224115, "log10_colsample_bytree": -0.46215870089737154, "log10_eta": -2.466518423037166, "log10_lambda": -0.13946351859735806, "log10_min_child_weight": 1.5141614398322456, "log10_subsample": -0.6805901168611351, "max_depth": 2.0, "num_boost_round": 9.0}, "datetime": {"datetime": "2024-01-19 00:26:54", "elapsed": 918.846601, "delta": 0.001869}}
{"target": -13.758262925308829, "params": {"gamma": 443.00947362852105, "log10_alpha": 0.023027310595224115, "log10_colsample_bytree": -0.46215870089737154, "log10_eta": -2.466518423037166, "log10_lambda": -0.13946351859735806, "log10_min_child_weight": 1.5141614398322456, "log10_subsample": -0.6805901168611351, "max_depth": 2.0, "num_boost_round": 10.0}, "datetime": {"datetime": "2024-01-19 00:26:54", "elapsed": 918.84848, "delta": 0.001879}}
{"target": -13.7582130562708, "params": {"gamma": 443.00947362852105, "log10_alpha": 0.023027310595224115, "log10_colsample_bytree": -0.46215870089737154, "log10_eta": -2.466518423037166, "log10_lambda": -0.13946351859735806, "log10_min_child_weight": 1.5141614398322456, "log10_subsample": -0.6805901168611351, "max_depth": 2.0, "num_boost_round": 11.0}, "datetime": {"datetime": "2024-01-19 00:26:54", "elapsed": 918.85039, "delta": 0.00191}}
{"target": -13.758186005623454, "params": {"gamma": 443.00947362852105, "log10_alpha": 0.023027310595224115, "log10_colsample_bytree": -0.46215870089737154, "log10_eta": -2.466518423037166, "log10_lambda": -0.13946351859735806, "log10_min_child_weight": 1.5141614398322456, "log10_subsample": -0.6805901168611351, "max_depth": 2.0, "num_boost_round": 12.0}, "datetime": {"datetime": "2024-01-19 00:26:54", "elapsed": 918.85226, "delta": 0.00187}}
{"target": -13.758158274103492, "params": {"gamma": 443.00947362852105, "log10_alpha": 0.023027310595224115, "log10_colsample_bytree": -0.46215870089737154, "log10_eta": -2.466518423037166, "log10_lambda": -0.13946351859735806, "log10_min_child_weight": 1.5141614398322456, "log10_subsample": -0.6805901168611351, "max_depth": 2.0, "num_boost_round": 13.0}, "datetime": {"datetime": "2024-01-19 00:26:54", "elapsed": 918.854122, "delta": 0.001862}}
{"target": -13.758154666652276, "params": {"gamma": 443.00947362852105, "log10_alpha": 0.023027310595224115, "log10_colsample_bytree": -0.46215870089737154, "log10_eta": -2.466518423037166, "log10_lambda": -0.13946351859735806, "log10_min_child_weight": 1.5141614398322456, "log10_subsample": -0.6805901168611351, "max_depth": 2.0, "num_boost_round": 14.0}, "datetime": {"datetime": "2024-01-19 00:26:54", "elapsed": 918.85613, "delta": 0.002008}}
{"target": -13.758065323622834, "params": {"gamma": 443.00947362852105, "log10_alpha": 0.023027310595224115, "log10_colsample_bytree": -0.46215870089737154, "log10_eta": -2.466518423037166, "log10_lambda": -0.13946351859735806, "log10_min_child_weight": 1.5141614398322456, "log10_subsample": -0.6805901168611351, "max_depth": 2.0, "num_boost_round": 15.0}, "datetime": {"datetime": "2024-01-19 00:26:54", "elapsed": 918.858021, "delta": 0.001891}}
{"target": -13.75801055633467, "params": {"gamma": 443.00947362852105, "log10_alpha": 0.023027310595224115, "log10_colsample_bytree": -0.46215870089737154, "log10_eta": -2.466518423037166, "log10_lambda": -0.13946351859735806, "log10_min_child_weight": 1.5141614398322456, "log10_subsample": -0.6805901168611351, "max_depth": 2.0, "num_boost_round": 16.0}, "datetime": {"datetime": "2024-01-19 00:26:54", "elapsed": 918.859929, "delta": 0.001908}}
{"target": -13.75801350674068, "params": {"gamma": 443.00947362852105, "log10_alpha": 0.023027310595224115, "log10_colsample_bytree": -0.46215870089737154, "log10_eta": -2.466518423037166, "log10_lambda": -0.13946351859735806, "log10_min_child_weight": 1.5141614398322456, "log10_subsample": -0.6805901168611351, "max_depth": 2.0, "num_boost_round": 17.0}, "datetime": {"datetime": "2024-01-19 00:26:54", "elapsed": 918.861822, "delta": 0.001893}}
{"target": -13.758022965908948, "params": {"gamma": 443.00947362852105, "log10_alpha": 0.023027310595224115, "log10_colsample_bytree": -0.46215870089737154, "log10_eta": -2.466518423037166, "log10_lambda": -0.13946351859735806, "log10_min_child_weight": 1.5141614398322456, "log10_subsample": -0.6805901168611351, "max_depth": 2.0, "num_boost_round": 18.0}, "datetime": {"datetime": "2024-01-19 00:26:54", "elapsed": 918.863758, "delta": 0.001936}}
{"target": -13.757996813283592, "params": {"gamma": 443.00947362852105, "log10_alpha": 0.023027310595224115, "log10_colsample_bytree": -0.46215870089737154, "log10_eta": -2.466518423037166, "log10_lambda": -0.13946351859735806, "log10_min_child_weight": 1.5141614398322456, "log10_subsample": -0.6805901168611351, "max_depth": 2.0, "num_boost_round": 19.0}, "datetime": {"datetime": "2024-01-19 00:26:54", "elapsed": 918.865647, "delta": 0.001889}}
{"target": -13.757955272644562, "params": {"gamma": 443.00947362852105, "log10_alpha": 0.023027310595224115, "log10_colsample_bytree": -0.46215870089737154, "log10_eta": -2.466518423037166, "log10_lambda": -0.13946351859735806, "log10_min_child_weight": 1.5141614398322456, "log10_subsample": -0.6805901168611351, "max_depth": 2.0, "num_boost_round": 20.0}, "datetime": {"datetime": "2024-01-19 00:26:54", "elapsed": 918.867525, "delta": 0.001878}}
{"target": -13.75792693479277, "params": {"gamma": 443.00947362852105, "log10_alpha": 0.023027310595224115, "log10_colsample_bytree": -0.46215870089737154, "log10_eta": -2.466518423037166, "log10_lambda": -0.13946351859735806, "log10_min_child_weight": 1.5141614398322456, "log10_subsample": -0.6805901168611351, "max_depth": 2.0, "num_boost_round": 21.0}, "datetime": {"datetime": "2024-01-19 00:26:54", "elapsed": 918.869405, "delta": 0.00188}}
{"target": -13.75791282011359, "params": {"gamma": 443.00947362852105, "log10_alpha": 0.023027310595224115, "log10_colsample_bytree": -0.46215870089737154, "log10_eta": -2.466518423037166, "log10_lambda": -0.13946351859735806, "log10_min_child_weight": 1.5141614398322456, "log10_subsample": -0.6805901168611351, "max_depth": 2.0, "num_boost_round": 22.0}, "datetime": {"datetime": "2024-01-19 00:26:54", "elapsed": 918.871361, "delta": 0.001956}}
{"target": -13.757856872632104, "params": {"gamma": 443.00947362852105, "log10_alpha": 0.023027310595224115, "log10_colsample_bytree": -0.46215870089737154, "log10_eta": -2.466518423037166, "log10_lambda": -0.13946351859735806, "log10_min_child_weight": 1.5141614398322456, "log10_subsample": -0.6805901168611351, "max_depth": 2.0, "num_boost_round": 23.0}, "datetime": {"datetime": "2024-01-19 00:26:54", "elapsed": 918.873261, "delta": 0.0019}}
{"target": -13.757844185241387, "params": {"gamma": 443.00947362852105, "log10_alpha": 0.023027310595224115, "log10_colsample_bytree": -0.46215870089737154, "log10_eta": -2.466518423037166, "log10_lambda": -0.13946351859735806, "log10_min_child_weight": 1.5141614398322456, "log10_subsample": -0.6805901168611351, "max_depth": 2.0, "num_boost_round": 24.0}, "datetime": {"datetime": "2024-01-19 00:26:54", "elapsed": 918.875331, "delta": 0.00207}}
