{"target": -17.677185913900626, "params": {"gamma": 883.8923889838555, "log10_alpha": -3.7512721249400607, "log10_colsample_bytree": -0.24027583774869987, "log10_eta": -3.523487959185304, "log10_lambda": -2.5878742499766147, "log10_min_child_weight": 4.506933256138537, "log10_subsample": -0.027257711859186573, "max_depth": 5.0, "num_boost_round": 29.0}, "datetime": {"datetime": "2024-01-19 00:46:39", "elapsed": 2079.703602, "delta": 0.0024}}
{"target": -17.67718720943351, "params": {"gamma": 883.8923889838555, "log10_alpha": -3.7512721249400607, "log10_colsample_bytree": -0.24027583774869987, "log10_eta": -3.523487959185304, "log10_lambda": -2.5878742499766147, "log10_min_child_weight": 4.506933256138537, "log10_subsample": -0.027257711859186573, "max_depth": 5.0, "num_boost_round": 30.0}, "datetime": {"datetime": "2024-01-19 00:46:39", "elapsed": 2079.706029, "delta": 0.002427}}
{"target": -17.67718508384236, "params": {"gamma": 883.8923889838555, "log10_alpha": -3.7512721249400607, "log10_colsample_bytree": -0.24027583774869987, "log10_eta": -3.523487959185304, "log10_lambda": -2.5878742499766147, "log10_min_child_weight": 4.506933256138537, "log10_subsample": -0.027257711859186573, "max_depth": 5.0, "num_boost_round": 31.0}, "datetime": {"datetime": "2024-01-19 00:46:39", "elapsed": 2079.708399, "delta": 0.00237}}
{"target": -17.67718750289946, "params": {"gamma": 883.8923889838555, "log10_alpha": -3.7512721249400607, "log10_colsample_bytree": -0.24027583774869987, "log10_eta": -3.523487959185304, "log10_lambda": -2.5878742499766147, "log10_min_child_weight": 4.506933256138537, "log10_subsample": -0.027257711859186573, "max_depth": 5.0, "num_boost_round": 32.0}, "datetime": {"datetime": "2024-01-19 00:46:39", "elapsed": 2079.710767, "delta": 0.002368}}
{"target": -17.677192116050367, "params": {"gamma": 883.8923889838555, "log10_alpha": -3.7512721249400607, "log10_colsample_bytree": -0.24027583774869987, "log10_eta": -3.523487959185304, "log10_lambda": -2.5878742499766147, "log10_min_child_weight": 4.506933256138537, "log10_subsample": -0.027257711859186573, "max_depth": 5.0, "num_boost_round": 33.0}, "datetime": {"datetime": "2024-01-19 00:46:39", "elapsed": 2079.713249, "delta": 0.002482}}
{"target": -17.677190222312117, "params": {"gamma": 883.8923889838555, "log10_alpha": -3.7512721249400607, "log10_colsample_bytree": -0.24027583774869987, "log10_eta": -3.523487959185304, "log10_lambda": -2.5878742499766147, "log10_min_child_weight": 4.506933256138537, "log10_subsample": -0.027257711859186573, "max_depth": 5.0, "num_boost_round": 34.0}, "datetime": {"datetime": "2024-01-19 00:46:39", "elapsed": 2079.715644, "delta": 0.002395}}
{"target": -17.677199167156946, "params": {"gamma": 883.8923889838555, "log10_alpha": -3.7512721249400607, "log10_colsample_bytree": -0.24027583774869987, "log10_eta": -3.523487959185304, "log10_lambda": -2.5878742499766147, "log10_min_child_weight": 4.506933256138537, "log10_subsample": -0.027257711859186573, "max_depth": 5.0, "num_boost_round": 35.0}, "datetime": {"datetime": "2024-01-19 00:46:39", "elapsed": 2079.718099, "delta": 0.002455}}
{"target": -17.677199496817213, "params": {"gamma": 883.8923889838555, "log10_alpha": -3.7512721249400607, "log10_colsample_bytree": -0.24027583774869987, "log10_eta": -3.523487959185304, "log10_lambda": -2.5878742499766147, "log10_min_child_weight": 4.506933256138537, "log10_subsample": -0.027257711859186573, "max_depth": 5.0, "num_boost_round": 36.0}, "datetime": {"datetime": "2024-01-19 00:46:39", "elapsed": 2079.72071, "delta": 0.002611}}
{"target": -17.67719964135137, "params": {"gamma": 883.8923889838555, "log10_alpha": -3.7512721249400607, "log10_colsample_bytree": -0.24027583774869987, "log10_eta": -3.523487959185304, "log10_lambda": -2.5878742499766147, "log10_min_child_weight": 4.506933256138537, "log10_subsample": -0.027257711859186573, "max_depth": 5.0, "num_boost_round": 37.0}, "datetime": {"datetime": "2024-01-19 00:46:39", "elapsed": 2079.72914, "delta": 0.00843}}
{"target": -17.677201424744307, "params": {"gamma": 883.8923889838555, "log10_alpha": -3.7512721249400607, "log10_colsample_bytree": -0.24027583774869987, "log10_eta": -3.523487959185304, "log10_lambda": -2.5878742499766147, "log10_min_child_weight": 4.506933256138537, "log10_subsample": -0.027257711859186573, "max_depth": 5.0, "num_boost_round": 38.0}, "datetime": {"datetime": "2024-01-19 00:46:39", "elapsed": 2079.731724, "delta": 0.002584}}
{"target": -17.67701663640012, "params": {"gamma": 880.5092606468224, "log10_alpha": -4.906235482059851, "log10_colsample_bytree": -0.3385719175493792, "log10_eta": -2.161449719312635, "log10_lambda": 0.1421246749261531, "log10_min_child_weight": 2.8989928199417307, "log10_subsample": -0.5926211333164445, "max_depth": 5.0, "num_boost_round": 0.0}, "datetime": {"datetime": "2024-01-19 00:47:14", "elapsed": 2115.01472, "delta": 35.282996}}
{"target": -17.67666103014629, "params": {"gamma": 880.5092606468224, "log10_alpha": -4.906235482059851, "log10_colsample_bytree": -0.3385719175493792, "log10_eta": -2.161449719312635, "log10_lambda": 0.1421246749261531, "log10_min_child_weight": 2.8989928199417307, "log10_subsample": -0.5926211333164445, "max_depth": 5.0, "num_boost_round": 1.0}, "datetime": {"datetime": "2024-01-19 00:47:14", "elapsed": 2115.01791, "delta": 0.00319}}
{"target": -17.67633506065468, "params": {"gamma": 880.5092606468224, "log10_alpha": -4.906235482059851, "log10_colsample_bytree": -0.3385719175493792, "log10_eta": -2.161449719312635, "log10_lambda": 0.1421246749261531, "log10_min_child_weight": 2.8989928199417307, "log10_subsample": -0.5926211333164445, "max_depth": 5.0, "num_boost_round": 2.0}, "datetime": {"datetime": "2024-01-19 00:47:14", "elapsed": 2115.021027, "delta": 0.003117}}
{"target": -17.676437698850552, "params": {"gamma": 880.5092606468224, "log10_alpha": -4.906235482059851, "log10_colsample_bytree": -0.3385719175493792, "log10_eta": -2.161449719312635, "log10_lambda": 0.1421246749261531, "log10_min_child_weight": 2.8989928199417307, "log10_subsample": -0.5926211333164445, "max_depth": 5.0, "num_boost_round": 3.0}, "datetime": {"datetime": "2024-01-19 00:47:14", "elapsed": 2115.023704, "delta": 0.002677}}
{"target": -17.676067959043795, "params": {"gamma": 880.5092606468224, "log10_alpha": -4.906235482059851, "log10_colsample_bytree": -0.3385719175493792, "log10_eta": -2.161449719312635, "log10_lambda": 0.1421246749261531, "log10_min_child_weight": 2.8989928199417307, "log10_subsample": -0.5926211333164445, "max_depth": 5.0, "num_boost_round": 4.0}, "datetime": {"datetime": "2024-01-19 00:47:14", "elapsed": 2115.026169, "delta": 0.002465}}
{"target": -17.67609189983258, "params": {"gamma": 880.5092606468224, "log10_alpha": -4.906235482059851, "log10_colsample_bytree": -0.3385719175493792, "log10_eta": -2.161449719312635, "log10_lambda": 0.1421246749261531, "log10_min_child_weight": 2.8989928199417307, "log10_subsample": -0.5926211333164445, "max_depth": 5.0, "num_boost_round": 5.0}, "datetime": {"datetime": "2024-01-19 00:47:14", "elapsed": 2115.028636, "delta": 0.002467}}
{"target": -17.675975549157485, "params": {"gamma": 880.5092606468224, "log10_alpha": -4.906235482059851, "log10_colsample_bytree": -0.3385719175493792, "log10_eta": -2.161449719312635, "log10_lambda": 0.1421246749261531, "log10_min_child_weight": 2.8989928199417307, "log10_subsample": -0.5926211333164445, "max_depth": 5.0, "num_boost_round": 6.0}, "datetime": {"datetime": "2024-01-19 00:47:14", "elapsed": 2115.031237, "delta": 0.002601}}
{"target": -17.675888991616578, "params": {"gamma": 880.5092606468224, "log10_alpha": -4.906235482059851, "log10_colsample_bytree": -0.3385719175493792, "log10_eta": -2.161449719312635, "log10_lambda": 0.1421246749261531, "log10_min_child_weight": 2.8989928199417307, "log10_subsample": -0.5926211333164445, "max_depth": 5.0, "num_boost_round": 7.0}, "datetime": {"datetime": "2024-01-19 00:47:14", "elapsed": 2115.033703, "delta": 0.002466}}
{"target": -17.675942744332534, "params": {"gamma": 880.5092606468224, "log10_alpha": -4.906235482059851, "log10_colsample_bytree": -0.3385719175493792, "log10_eta": -2.161449719312635, "log10_lambda": 0.1421246749261531, "log10_min_child_weight": 2.8989928199417307, "log10_subsample": -0.5926211333164445, "max_depth": 5.0, "num_boost_round": 8.0}, "datetime": {"datetime": "2024-01-19 00:47:14", "elapsed": 2115.03643, "delta": 0.002727}}
{"target": -17.675963650126896, "params": {"gamma": 880.5092606468224, "log10_alpha": -4.906235482059851, "log10_colsample_bytree": -0.3385719175493792, "log10_eta": -2.161449719312635, "log10_lambda": 0.1421246749261531, "log10_min_child_weight": 2.8989928199417307, "log10_subsample": -0.5926211333164445, "max_depth": 5.0, "num_boost_round": 9.0}, "datetime": {"datetime": "2024-01-19 00:47:14", "elapsed": 2115.03926, "delta": 0.00283}}
{"target": -17.675857360113575, "params": {"gamma": 880.5092606468224, "log10_alpha": -4.906235482059851, "log10_colsample_bytree": -0.3385719175493792, "log10_eta": -2.161449719312635, "log10_lambda": 0.1421246749261531, "log10_min_child_weight": 2.8989928199417307, "log10_subsample": -0.5926211333164445, "max_depth": 5.0, "num_boost_round": 10.0}, "datetime": {"datetime": "2024-01-19 00:47:14", "elapsed": 2115.041821, "delta": 0.002561}}
{"target": -17.675647274508208, "params": {"gamma": 880.5092606468224, "log10_alpha": -4.906235482059851, "log10_colsample_bytree": -0.3385719175493792, "log10_eta": -2.161449719312635, "log10_lambda": 0.1421246749261531, "log10_min_child_weight": 2.8989928199417307, "log10_subsample": -0.5926211333164445, "max_depth": 5.0, "num_boost_round": 11.0}, "datetime": {"datetime": "2024-01-19 00:47:14", "elapsed": 2115.044297, "delta": 0.002476}}
{"target": -17.675752637944857, "params": {"gamma": 880.5092606468224, "log10_alpha": -4.906235482059851, "log10_colsample_bytree": -0.3385719175493792, "log10_eta": -2.161449719312635, "log10_lambda": 0.1421246749261531, "log10_min_child_weight": 2.8989928199417307, "log10_subsample": -0.5926211333164445, "max_depth": 5.0, "num_boost_round": 12.0}, "datetime": {"datetime": "2024-01-19 00:47:14", "elapsed": 2115.046728, "delta": 0.002431}}
{"target": -17.675768230036752, "params": {"gamma": 880.5092606468224, "log10_alpha": -4.906235482059851, "log10_colsample_bytree": -0.3385719175493792, "log10_eta": -2.161449719312635, "log10_lambda": 0.1421246749261531, "log10_min_child_weight": 2.8989928199417307, "log10_subsample": -0.5926211333164445, "max_depth": 5.0, "num_boost_round": 13.0}, "datetime": {"datetime": "2024-01-19 00:47:14", "elapsed": 2115.049199, "delta": 0.002471}}
{"target": -17.675915650775046, "params": {"gamma": 880.5092606468224, "log10_alpha": -4.906235482059851, "log10_colsample_bytree": -0.3385719175493792, "log10_eta": -2.161449719312635, "log10_lambda": 0.1421246749261531, "log10_min_child_weight": 2.8989928199417307, "log10_subsample": -0.5926211333164445, "max_depth": 5.0, "num_boost_round": 14.0}, "datetime": {"datetime": "2024-01-19 00:47:14", "elapsed": 2115.051673, "delta": 0.002474}}
{"target": -17.67568785493264, "params": {"gamma": 880.5092606468224, "log10_alpha": -4.906235482059851, "log10_colsample_bytree": -0.3385719175493792, "log10_eta": -2.161449719312635, "log10_lambda": 0.1421246749261531, "log10_min_child_weight": 2.8989928199417307, "log10_subsample": -0.5926211333164445, "max_depth": 5.0, "num_boost_round": 15.0}, "datetime": {"datetime": "2024-01-19 00:47:14", "elapsed": 2115.054221, "delta": 0.002548}}
{"target": -17.675606790985487, "params": {"gamma": 880.5092606468224, "log10_alpha": -4.906235482059851, "log10_colsample_bytree": -0.3385719175493792, "log10_eta": -2.161449719312635, "log10_lambda": 0.1421246749261531, "log10_min_child_weight": 2.8989928199417307, "log10_subsample": -0.5926211333164445, "max_depth": 5.0, "num_boost_round": 16.0}, "datetime": {"datetime": "2024-01-19 00:47:14", "elapsed": 2115.056721, "delta": 0.0025}}
{"target": -17.675514474557225, "params": {"gamma": 880.5092606468224, "log10_alpha": -4.906235482059851, "log10_colsample_bytree": -0.3385719175493792, "log10_eta": -2.161449719312635, "log10_lambda": 0.1421246749261531, "log10_min_child_weight": 2.8989928199417307, "log10_subsample": -0.5926211333164445, "max_depth": 5.0, "num_boost_round": 17.0}, "datetime": {"datetime": "2024-01-19 00:47:14", "elapsed": 2115.059151, "delta": 0.00243}}
{"target": -17.67557009774772, "params": {"gamma": 880.5092606468224, "log10_alpha": -4.906235482059851, "log10_colsample_bytree": -0.3385719175493792, "log10_eta": -2.161449719312635, "log10_lambda": 0.1421246749261531, "log10_min_child_weight": 2.8989928199417307, "log10_subsample": -0.5926211333164445, "max_depth": 5.0, "num_boost_round": 18.0}, "datetime": {"datetime": "2024-01-19 00:47:14", "elapsed": 2115.061716, "delta": 0.002565}}
{"target": -17.67560889367044, "params": {"gamma": 880.5092606468224, "log10_alpha": -4.906235482059851, "log10_colsample_bytree": -0.3385719175493792, "log10_eta": -2.161449719312635, "log10_lambda": 0.1421246749261531, "log10_min_child_weight": 2.8989928199417307, "log10_subsample": -0.5926211333164445, "max_depth": 5.0, "num_boost_round": 19.0}, "datetime": {"datetime": "2024-01-19 00:47:14", "elapsed": 2115.06416, "delta": 0.002444}}
{"target": -17.675428532393916, "params": {"gamma": 880.5092606468224, "log10_alpha": -4.906235482059851, "log10_colsample_bytree": -0.3385719175493792, "log10_eta": -2.161449719312635, "log10_lambda": 0.1421246749261531, "log10_min_child_weight": 2.8989928199417307, "log10_subsample": -0.5926211333164445, "max_depth": 5.0, "num_boost_round": 20.0}, "datetime": {"datetime": "2024-01-19 00:47:14", "elapsed": 2115.06659, "delta": 0.00243}}
{"target": -17.675087277588045, "params": {"gamma": 880.5092606468224, "log10_alpha": -4.906235482059851, "log10_colsample_bytree": -0.3385719175493792, "log10_eta": -2.161449719312635, "log10_lambda": 0.1421246749261531, "log10_min_child_weight": 2.8989928199417307, "log10_subsample": -0.5926211333164445, "max_depth": 5.0, "num_boost_round": 21.0}, "datetime": {"datetime": "2024-01-19 00:47:14", "elapsed": 2115.069046, "delta": 0.002456}}
{"target": -17.67485652133881, "params": {"gamma": 880.5092606468224, "log10_alpha": -4.906235482059851, "log10_colsample_bytree": -0.3385719175493792, "log10_eta": -2.161449719312635, "log10_lambda": 0.1421246749261531, "log10_min_child_weight": 2.8989928199417307, "log10_subsample": -0.5926211333164445, "max_depth": 5.0, "num_boost_round": 22.0}, "datetime": {"datetime": "2024-01-19 00:47:14", "elapsed": 2115.071505, "delta": 0.002459}}
{"target": -17.67464083441965, "params": {"gamma": 880.5092606468224, "log10_alpha": -4.906235482059851, "log10_colsample_bytree": -0.3385719175493792, "log10_eta": -2.161449719312635, "log10_lambda": 0.1421246749261531, "log10_min_child_weight": 2.8989928199417307, "log10_subsample": -0.5926211333164445, "max_depth": 5.0, "num_boost_round": 23.0}, "datetime": {"datetime": "2024-01-19 00:47:14", "elapsed": 2115.185673, "delta": 0.114168}}
{"target": -17.674525402064997, "params": {"gamma": 880.5092606468224, "log10_alpha": -4.906235482059851, "log10_colsample_bytree": -0.3385719175493792, "log10_eta": -2.161449719312635, "log10_lambda": 0.1421246749261531, "log10_min_child_weight": 2.8989928199417307, "log10_subsample": -0.5926211333164445, "max_depth": 5.0, "num_boost_round": 24.0}, "datetime": {"datetime": "2024-01-19 00:47:14", "elapsed": 2115.188859, "delta": 0.003186}}
{"target": -17.674624502562576, "params": {"gamma": 880.5092606468224, "log10_alpha": -4.906235482059851, "log10_colsample_bytree": -0.3385719175493792, "log10_eta": -2.161449719312635, "log10_lambda": 0.1421246749261531, "log10_min_child_weight": 2.8989928199417307, "log10_subsample": -0.5926211333164445, "max_depth": 5.0, "num_boost_round": 25.0}, "datetime": {"datetime": "2024-01-19 00:47:14", "elapsed": 2115.191549, "delta": 0.00269}}
{"target": -17.674684440772236, "params": {"gamma": 880.5092606468224, "log10_alpha": -4.906235482059851, "log10_colsample_bytree": -0.3385719175493792, "log10_eta": -2.161449719312635, "log10_lambda": 0.1421246749261531, "log10_min_child_weight": 2.8989928199417307, "log10_subsample": -0.5926211333164445, "max_depth": 5.0, "num_boost_round": 26.0}, "datetime": {"datetime": "2024-01-19 00:47:14", "elapsed": 2115.19435, "delta": 0.002801}}
{"target": -17.67499259886182, "params": {"gamma": 880.5092606468224, "log10_alpha": -4.906235482059851, "log10_colsample_bytree": -0.3385719175493792, "log10_eta": -2.161449719312635, "log10_lambda": 0.1421246749261531, "log10_min_child_weight": 2.8989928199417307, "log10_subsample": -0.5926211333164445, "max_depth": 5.0, "num_boost_round": 27.0}, "datetime": {"datetime": "2024-01-19 00:47:14", "elapsed": 2115.197022, "delta": 0.002672}}
{"target": -17.675139783098246, "params": {"gamma": 880.5092606468224, "log10_alpha": -4.906235482059851, "log10_colsample_bytree": -0.3385719175493792, "log10_eta": -2.161449719312635, "log10_lambda": 0.1421246749261531, "log10_min_child_weight": 2.8989928199417307, "log10_subsample": -0.5926211333164445, "max_depth": 5.0, "num_boost_round": 28.0}, "datetime": {"datetime": "2024-01-19 00:47:14", "elapsed": 2115.19963, "delta": 0.002608}}
{"target": -17.675021653113717, "params": {"gamma": 880.5092606468224, "log10_alpha": -4.906235482059851, "log10_colsample_bytree": -0.3385719175493792, "log10_eta": -2.161449719312635, "log10_lambda": 0.1421246749261531, "log10_min_child_weight": 2.8989928199417307, "log10_subsample": -0.5926211333164445, "max_depth": 5.0, "num_boost_round": 29.0}, "datetime": {"datetime": "2024-01-19 00:47:14", "elapsed": 2115.202298, "delta": 0.002668}}
{"target": -17.675319126559984, "params": {"gamma": 880.5092606468224, "log10_alpha": -4.906235482059851, "log10_colsample_bytree": -0.3385719175493792, "log10_eta": -2.161449719312635, "log10_lambda": 0.1421246749261531, "log10_min_child_weight": 2.8989928199417307, "log10_subsample": -0.5926211333164445, "max_depth": 5.0, "num_boost_round": 30.0}, "datetime": {"datetime": "2024-01-19 00:47:14", "elapsed": 2115.204866, "delta": 0.002568}}
{"target": -17.67524900438685, "params": {"gamma": 880.5092606468224, "log10_alpha": -4.906235482059851, "log10_colsample_bytree": -0.3385719175493792, "log10_eta": -2.161449719312635, "log10_lambda": 0.1421246749261531, "log10_min_child_weight": 2.8989928199417307, "log10_subsample": -0.5926211333164445, "max_depth": 5.0, "num_boost_round": 31.0}, "datetime": {"datetime": "2024-01-19 00:47:14", "elapsed": 2115.207463, "delta": 0.002597}}
{"target": -17.67546872585354, "params": {"gamma": 880.5092606468224, "log10_alpha": -4.906235482059851, "log10_colsample_bytree": -0.3385719175493792, "log10_eta": -2.161449719312635, "log10_lambda": 0.1421246749261531, "log10_min_child_weight": 2.8989928199417307, "log10_subsample": -0.5926211333164445, "max_depth": 5.0, "num_boost_round": 32.0}, "datetime": {"datetime": "2024-01-19 00:47:14", "elapsed": 2115.210013, "delta": 0.00255}}
{"target": -17.675646924189298, "params": {"gamma": 880.5092606468224, "log10_alpha": -4.906235482059851, "log10_colsample_bytree": -0.3385719175493792, "log10_eta": -2.161449719312635, "log10_lambda": 0.1421246749261531, "log10_min_child_weight": 2.8989928199417307, "log10_subsample": -0.5926211333164445, "max_depth": 5.0, "num_boost_round": 33.0}, "datetime": {"datetime": "2024-01-19 00:47:14", "elapsed": 2115.212766, "delta": 0.002753}}
{"target": -17.67577188463902, "params": {"gamma": 880.5092606468224, "log10_alpha": -4.906235482059851, "log10_colsample_bytree": -0.3385719175493792, "log10_eta": -2.161449719312635, "log10_lambda": 0.1421246749261531, "log10_min_child_weight": 2.8989928199417307, "log10_subsample": -0.5926211333164445, "max_depth": 5.0, "num_boost_round": 34.0}, "datetime": {"datetime": "2024-01-19 00:47:14", "elapsed": 2115.215355, "delta": 0.002589}}
{"target": -17.675982832094856, "params": {"gamma": 880.5092606468224, "log10_alpha": -4.906235482059851, "log10_colsample_bytree": -0.3385719175493792, "log10_eta": -2.161449719312635, "log10_lambda": 0.1421246749261531, "log10_min_child_weight": 2.8989928199417307, "log10_subsample": -0.5926211333164445, "max_depth": 5.0, "num_boost_round": 35.0}, "datetime": {"datetime": "2024-01-19 00:47:14", "elapsed": 2115.218025, "delta": 0.00267}}
{"target": -17.676281296482955, "params": {"gamma": 880.5092606468224, "log10_alpha": -4.906235482059851, "log10_colsample_bytree": -0.3385719175493792, "log10_eta": -2.161449719312635, "log10_lambda": 0.1421246749261531, "log10_min_child_weight": 2.8989928199417307, "log10_subsample": -0.5926211333164445, "max_depth": 5.0, "num_boost_round": 36.0}, "datetime": {"datetime": "2024-01-19 00:47:14", "elapsed": 2115.220771, "delta": 0.002746}}
{"target": -17.677227907375894, "params": {"gamma": 885.0264921229763, "log10_alpha": 0.6037339083078166, "log10_colsample_bytree": -0.5588483141110171, "log10_eta": -3.4723589385550153, "log10_lambda": -1.0412634960466223, "log10_min_child_weight": 3.3495067894933457, "log10_subsample": -0.8166661807451102, "max_depth": 2.0, "num_boost_round": 0.0}, "datetime": {"datetime": "2024-01-19 00:47:41", "elapsed": 2141.860585, "delta": 26.639814}}
{"target": -17.677221039912016, "params": {"gamma": 885.0264921229763, "log10_alpha": 0.6037339083078166, "log10_colsample_bytree": -0.5588483141110171, "log10_eta": -3.4723589385550153, "log10_lambda": -1.0412634960466223, "log10_min_child_weight": 3.3495067894933457, "log10_subsample": -0.8166661807451102, "max_depth": 2.0, "num_boost_round": 1.0}, "datetime": {"datetime": "2024-01-19 00:47:41", "elapsed": 2141.863399, "delta": 0.002814}}
