{"target": -17.67711356186722, "params": {"gamma": 716.0241826011297, "log10_alpha": 0.6073703796804582, "log10_colsample_bytree": -0.1878783119027171, "log10_eta": -3.4730468999370587, "log10_lambda": -4.311336729744556, "log10_min_child_weight": 0.8102595425517228, "log10_subsample": -0.08346931168730554, "max_depth": 3.0, "num_boost_round": 11.0}, "datetime": {"datetime": "2024-01-19 00:48:16", "elapsed": 2203.697693, "delta": 0.002924}}
{"target": -17.677103406061676, "params": {"gamma": 716.0241826011297, "log10_alpha": 0.6073703796804582, "log10_colsample_bytree": -0.1878783119027171, "log10_eta": -3.4730468999370587, "log10_lambda": -4.311336729744556, "log10_min_child_weight": 0.8102595425517228, "log10_subsample": -0.08346931168730554, "max_depth": 3.0, "num_boost_round": 12.0}, "datetime": {"datetime": "2024-01-19 00:48:16", "elapsed": 2203.700504, "delta": 0.002811}}
{"target": -17.677093390460357, "params": {"gamma": 716.0241826011297, "log10_alpha": 0.6073703796804582, "log10_colsample_bytree": -0.1878783119027171, "log10_eta": -3.4730468999370587, "log10_lambda": -4.311336729744556, "log10_min_child_weight": 0.8102595425517228, "log10_subsample": -0.08346931168730554, "max_depth": 3.0, "num_boost_round": 13.0}, "datetime": {"datetime": "2024-01-19 00:48:16", "elapsed": 2203.703316, "delta": 0.002812}}
{"target": -17.677084610989212, "params": {"gamma": 716.0241826011297, "log10_alpha": 0.6073703796804582, "log10_colsample_bytree": -0.1878783119027171, "log10_eta": -3.4730468999370587, "log10_lambda": -4.311336729744556, "log10_min_child_weight": 0.8102595425517228, "log10_subsample": -0.08346931168730554, "max_depth": 3.0, "num_boost_round": 14.0}, "datetime": {"datetime": "2024-01-19 00:48:16", "elapsed": 2203.706166, "delta": 0.00285}}
{"target": -17.677069981004127, "params": {"gamma": 716.0241826011297, "log10_alpha": 0.6073703796804582, "log10_colsample_bytree": -0.1878783119027171, "log10_eta": -3.4730468999370587, "log10_lambda": -4.311336729744556, "log10_min_child_weight": 0.8102595425517228, "log10_subsample": -0.08346931168730554, "max_depth": 3.0, "num_boost_round": 15.0}, "datetime": {"datetime": "2024-01-19 00:48:16", "elapsed": 2203.709065, "delta": 0.002899}}
{"target": -17.677068607805317, "params": {"gamma": 716.0241826011297, "log10_alpha": 0.6073703796804582, "log10_colsample_bytree": -0.1878783119027171, "log10_eta": -3.4730468999370587, "log10_lambda": -4.311336729744556, "log10_min_child_weight": 0.8102595425517228, "log10_subsample": -0.08346931168730554, "max_depth": 3.0, "num_boost_round": 16.0}, "datetime": {"datetime": "2024-01-19 00:48:16", "elapsed": 2203.715943, "delta": 0.006878}}
{"target": -17.67706207262305, "params": {"gamma": 716.0241826011297, "log10_alpha": 0.6073703796804582, "log10_colsample_bytree": -0.1878783119027171, "log10_eta": -3.4730468999370587, "log10_lambda": -4.311336729744556, "log10_min_child_weight": 0.8102595425517228, "log10_subsample": -0.08346931168730554, "max_depth": 3.0, "num_boost_round": 17.0}, "datetime": {"datetime": "2024-01-19 00:48:16", "elapsed": 2203.718879, "delta": 0.002936}}
{"target": -17.67705501504665, "params": {"gamma": 716.0241826011297, "log10_alpha": 0.6073703796804582, "log10_colsample_bytree": -0.1878783119027171, "log10_eta": -3.4730468999370587, "log10_lambda": -4.311336729744556, "log10_min_child_weight": 0.8102595425517228, "log10_subsample": -0.08346931168730554, "max_depth": 3.0, "num_boost_round": 18.0}, "datetime": {"datetime": "2024-01-19 00:48:16", "elapsed": 2203.721716, "delta": 0.002837}}
{"target": -17.677043131498156, "params": {"gamma": 716.0241826011297, "log10_alpha": 0.6073703796804582, "log10_colsample_bytree": -0.1878783119027171, "log10_eta": -3.4730468999370587, "log10_lambda": -4.311336729744556, "log10_min_child_weight": 0.8102595425517228, "log10_subsample": -0.08346931168730554, "max_depth": 3.0, "num_boost_round": 19.0}, "datetime": {"datetime": "2024-01-19 00:48:16", "elapsed": 2203.724561, "delta": 0.002845}}
{"target": -17.677032901237162, "params": {"gamma": 716.0241826011297, "log10_alpha": 0.6073703796804582, "log10_colsample_bytree": -0.1878783119027171, "log10_eta": -3.4730468999370587, "log10_lambda": -4.311336729744556, "log10_min_child_weight": 0.8102595425517228, "log10_subsample": -0.08346931168730554, "max_depth": 3.0, "num_boost_round": 20.0}, "datetime": {"datetime": "2024-01-19 00:48:16", "elapsed": 2203.727366, "delta": 0.002805}}
{"target": -17.67702085609317, "params": {"gamma": 716.0241826011297, "log10_alpha": 0.6073703796804582, "log10_colsample_bytree": -0.1878783119027171, "log10_eta": -3.4730468999370587, "log10_lambda": -4.311336729744556, "log10_min_child_weight": 0.8102595425517228, "log10_subsample": -0.08346931168730554, "max_depth": 3.0, "num_boost_round": 21.0}, "datetime": {"datetime": "2024-01-19 00:48:16", "elapsed": 2203.730351, "delta": 0.002985}}
{"target": -17.677012748480706, "params": {"gamma": 716.0241826011297, "log10_alpha": 0.6073703796804582, "log10_colsample_bytree": -0.1878783119027171, "log10_eta": -3.4730468999370587, "log10_lambda": -4.311336729744556, "log10_min_child_weight": 0.8102595425517228, "log10_subsample": -0.08346931168730554, "max_depth": 3.0, "num_boost_round": 22.0}, "datetime": {"datetime": "2024-01-19 00:48:16", "elapsed": 2203.73339, "delta": 0.003039}}
{"target": -17.67700393816652, "params": {"gamma": 716.0241826011297, "log10_alpha": 0.6073703796804582, "log10_colsample_bytree": -0.1878783119027171, "log10_eta": -3.4730468999370587, "log10_lambda": -4.311336729744556, "log10_min_child_weight": 0.8102595425517228, "log10_subsample": -0.08346931168730554, "max_depth": 3.0, "num_boost_round": 23.0}, "datetime": {"datetime": "2024-01-19 00:48:16", "elapsed": 2203.736233, "delta": 0.002843}}
{"target": -17.676996791822045, "params": {"gamma": 716.0241826011297, "log10_alpha": 0.6073703796804582, "log10_colsample_bytree": -0.1878783119027171, "log10_eta": -3.4730468999370587, "log10_lambda": -4.311336729744556, "log10_min_child_weight": 0.8102595425517228, "log10_subsample": -0.08346931168730554, "max_depth": 3.0, "num_boost_round": 24.0}, "datetime": {"datetime": "2024-01-19 00:48:16", "elapsed": 2203.739141, "delta": 0.002908}}
{"target": -17.676987746791927, "params": {"gamma": 716.0241826011297, "log10_alpha": 0.6073703796804582, "log10_colsample_bytree": -0.1878783119027171, "log10_eta": -3.4730468999370587, "log10_lambda": -4.311336729744556, "log10_min_child_weight": 0.8102595425517228, "log10_subsample": -0.08346931168730554, "max_depth": 3.0, "num_boost_round": 25.0}, "datetime": {"datetime": "2024-01-19 00:48:16", "elapsed": 2203.742037, "delta": 0.002896}}
{"target": -17.67698036340691, "params": {"gamma": 716.0241826011297, "log10_alpha": 0.6073703796804582, "log10_colsample_bytree": -0.1878783119027171, "log10_eta": -3.4730468999370587, "log10_lambda": -4.311336729744556, "log10_min_child_weight": 0.8102595425517228, "log10_subsample": -0.08346931168730554, "max_depth": 3.0, "num_boost_round": 26.0}, "datetime": {"datetime": "2024-01-19 00:48:16", "elapsed": 2203.744896, "delta": 0.002859}}
{"target": -17.67697745635523, "params": {"gamma": 716.0241826011297, "log10_alpha": 0.6073703796804582, "log10_colsample_bytree": -0.1878783119027171, "log10_eta": -3.4730468999370587, "log10_lambda": -4.311336729744556, "log10_min_child_weight": 0.8102595425517228, "log10_subsample": -0.08346931168730554, "max_depth": 3.0, "num_boost_round": 27.0}, "datetime": {"datetime": "2024-01-19 00:48:16", "elapsed": 2203.747796, "delta": 0.0029}}
{"target": -17.676966941194976, "params": {"gamma": 716.0241826011297, "log10_alpha": 0.6073703796804582, "log10_colsample_bytree": -0.1878783119027171, "log10_eta": -3.4730468999370587, "log10_lambda": -4.311336729744556, "log10_min_child_weight": 0.8102595425517228, "log10_subsample": -0.08346931168730554, "max_depth": 3.0, "num_boost_round": 28.0}, "datetime": {"datetime": "2024-01-19 00:48:16", "elapsed": 2203.75069, "delta": 0.002894}}
{"target": -17.67695184429194, "params": {"gamma": 716.0241826011297, "log10_alpha": 0.6073703796804582, "log10_colsample_bytree": -0.1878783119027171, "log10_eta": -3.4730468999370587, "log10_lambda": -4.311336729744556, "log10_min_child_weight": 0.8102595425517228, "log10_subsample": -0.08346931168730554, "max_depth": 3.0, "num_boost_round": 29.0}, "datetime": {"datetime": "2024-01-19 00:48:16", "elapsed": 2203.753554, "delta": 0.002864}}
{"target": -17.676937806892006, "params": {"gamma": 716.0241826011297, "log10_alpha": 0.6073703796804582, "log10_colsample_bytree": -0.1878783119027171, "log10_eta": -3.4730468999370587, "log10_lambda": -4.311336729744556, "log10_min_child_weight": 0.8102595425517228, "log10_subsample": -0.08346931168730554, "max_depth": 3.0, "num_boost_round": 30.0}, "datetime": {"datetime": "2024-01-19 00:48:16", "elapsed": 2203.756408, "delta": 0.002854}}
{"target": -17.67692810171577, "params": {"gamma": 716.0241826011297, "log10_alpha": 0.6073703796804582, "log10_colsample_bytree": -0.1878783119027171, "log10_eta": -3.4730468999370587, "log10_lambda": -4.311336729744556, "log10_min_child_weight": 0.8102595425517228, "log10_subsample": -0.08346931168730554, "max_depth": 3.0, "num_boost_round": 31.0}, "datetime": {"datetime": "2024-01-19 00:48:16", "elapsed": 2203.759311, "delta": 0.002903}}
{"target": -17.6769217969579, "params": {"gamma": 716.0241826011297, "log10_alpha": 0.6073703796804582, "log10_colsample_bytree": -0.1878783119027171, "log10_eta": -3.4730468999370587, "log10_lambda": -4.311336729744556, "log10_min_child_weight": 0.8102595425517228, "log10_subsample": -0.08346931168730554, "max_depth": 3.0, "num_boost_round": 32.0}, "datetime": {"datetime": "2024-01-19 00:48:16", "elapsed": 2203.762156, "delta": 0.002845}}
{"target": -17.676910722602308, "params": {"gamma": 716.0241826011297, "log10_alpha": 0.6073703796804582, "log10_colsample_bytree": -0.1878783119027171, "log10_eta": -3.4730468999370587, "log10_lambda": -4.311336729744556, "log10_min_child_weight": 0.8102595425517228, "log10_subsample": -0.08346931168730554, "max_depth": 3.0, "num_boost_round": 33.0}, "datetime": {"datetime": "2024-01-19 00:48:16", "elapsed": 2203.765002, "delta": 0.002846}}
{"target": -17.676896875702887, "params": {"gamma": 716.0241826011297, "log10_alpha": 0.6073703796804582, "log10_colsample_bytree": -0.1878783119027171, "log10_eta": -3.4730468999370587, "log10_lambda": -4.311336729744556, "log10_min_child_weight": 0.8102595425517228, "log10_subsample": -0.08346931168730554, "max_depth": 3.0, "num_boost_round": 34.0}, "datetime": {"datetime": "2024-01-19 00:48:16", "elapsed": 2203.767922, "delta": 0.00292}}
{"target": -17.676888805375167, "params": {"gamma": 716.0241826011297, "log10_alpha": 0.6073703796804582, "log10_colsample_bytree": -0.1878783119027171, "log10_eta": -3.4730468999370587, "log10_lambda": -4.311336729744556, "log10_min_child_weight": 0.8102595425517228, "log10_subsample": -0.08346931168730554, "max_depth": 3.0, "num_boost_round": 35.0}, "datetime": {"datetime": "2024-01-19 00:48:16", "elapsed": 2203.77085, "delta": 0.002928}}
{"target": -17.676884090482677, "params": {"gamma": 716.0241826011297, "log10_alpha": 0.6073703796804582, "log10_colsample_bytree": -0.1878783119027171, "log10_eta": -3.4730468999370587, "log10_lambda": -4.311336729744556, "log10_min_child_weight": 0.8102595425517228, "log10_subsample": -0.08346931168730554, "max_depth": 3.0, "num_boost_round": 36.0}, "datetime": {"datetime": "2024-01-19 00:48:16", "elapsed": 2203.773689, "delta": 0.002839}}
{"target": -17.67687425833736, "params": {"gamma": 716.0241826011297, "log10_alpha": 0.6073703796804582, "log10_colsample_bytree": -0.1878783119027171, "log10_eta": -3.4730468999370587, "log10_lambda": -4.311336729744556, "log10_min_child_weight": 0.8102595425517228, "log10_subsample": -0.08346931168730554, "max_depth": 3.0, "num_boost_round": 37.0}, "datetime": {"datetime": "2024-01-19 00:48:16", "elapsed": 2203.776752, "delta": 0.003063}}
{"target": -17.676868880519677, "params": {"gamma": 716.0241826011297, "log10_alpha": 0.6073703796804582, "log10_colsample_bytree": -0.1878783119027171, "log10_eta": -3.4730468999370587, "log10_lambda": -4.311336729744556, "log10_min_child_weight": 0.8102595425517228, "log10_subsample": -0.08346931168730554, "max_depth": 3.0, "num_boost_round": 38.0}, "datetime": {"datetime": "2024-01-19 00:48:16", "elapsed": 2203.779738, "delta": 0.002986}}
{"target": -17.6768585818599, "params": {"gamma": 716.0241826011297, "log10_alpha": 0.6073703796804582, "log10_colsample_bytree": -0.1878783119027171, "log10_eta": -3.4730468999370587, "log10_lambda": -4.311336729744556, "log10_min_child_weight": 0.8102595425517228, "log10_subsample": -0.08346931168730554, "max_depth": 3.0, "num_boost_round": 39.0}, "datetime": {"datetime": "2024-01-19 00:48:16", "elapsed": 2203.782597, "delta": 0.002859}}
{"target": -17.67684889632676, "params": {"gamma": 716.0241826011297, "log10_alpha": 0.6073703796804582, "log10_colsample_bytree": -0.1878783119027171, "log10_eta": -3.4730468999370587, "log10_lambda": -4.311336729744556, "log10_min_child_weight": 0.8102595425517228, "log10_subsample": -0.08346931168730554, "max_depth": 3.0, "num_boost_round": 40.0}, "datetime": {"datetime": "2024-01-19 00:48:16", "elapsed": 2203.78544, "delta": 0.002843}}
{"target": -17.676836292465012, "params": {"gamma": 716.0241826011297, "log10_alpha": 0.6073703796804582, "log10_colsample_bytree": -0.1878783119027171, "log10_eta": -3.4730468999370587, "log10_lambda": -4.311336729744556, "log10_min_child_weight": 0.8102595425517228, "log10_subsample": -0.08346931168730554, "max_depth": 3.0, "num_boost_round": 41.0}, "datetime": {"datetime": "2024-01-19 00:48:16", "elapsed": 2203.788419, "delta": 0.002979}}
{"target": -17.67682464809672, "params": {"gamma": 716.0241826011297, "log10_alpha": 0.6073703796804582, "log10_colsample_bytree": -0.1878783119027171, "log10_eta": -3.4730468999370587, "log10_lambda": -4.311336729744556, "log10_min_child_weight": 0.8102595425517228, "log10_subsample": -0.08346931168730554, "max_depth": 3.0, "num_boost_round": 42.0}, "datetime": {"datetime": "2024-01-19 00:48:16", "elapsed": 2203.791308, "delta": 0.002889}}
{"target": -17.676816254898203, "params": {"gamma": 716.0241826011297, "log10_alpha": 0.6073703796804582, "log10_colsample_bytree": -0.1878783119027171, "log10_eta": -3.4730468999370587, "log10_lambda": -4.311336729744556, "log10_min_child_weight": 0.8102595425517228, "log10_subsample": -0.08346931168730554, "max_depth": 3.0, "num_boost_round": 43.0}, "datetime": {"datetime": "2024-01-19 00:48:16", "elapsed": 2203.794145, "delta": 0.002837}}
{"target": -17.676814203063476, "params": {"gamma": 716.0241826011297, "log10_alpha": 0.6073703796804582, "log10_colsample_bytree": -0.1878783119027171, "log10_eta": -3.4730468999370587, "log10_lambda": -4.311336729744556, "log10_min_child_weight": 0.8102595425517228, "log10_subsample": -0.08346931168730554, "max_depth": 3.0, "num_boost_round": 44.0}, "datetime": {"datetime": "2024-01-19 00:48:16", "elapsed": 2203.797088, "delta": 0.002943}}
{"target": -17.67680470915415, "params": {"gamma": 716.0241826011297, "log10_alpha": 0.6073703796804582, "log10_colsample_bytree": -0.1878783119027171, "log10_eta": -3.4730468999370587, "log10_lambda": -4.311336729744556, "log10_min_child_weight": 0.8102595425517228, "log10_subsample": -0.08346931168730554, "max_depth": 3.0, "num_boost_round": 45.0}, "datetime": {"datetime": "2024-01-19 00:48:16", "elapsed": 2203.799948, "delta": 0.00286}}
{"target": -17.67679926234975, "params": {"gamma": 716.0241826011297, "log10_alpha": 0.6073703796804582, "log10_colsample_bytree": -0.1878783119027171, "log10_eta": -3.4730468999370587, "log10_lambda": -4.311336729744556, "log10_min_child_weight": 0.8102595425517228, "log10_subsample": -0.08346931168730554, "max_depth": 3.0, "num_boost_round": 46.0}, "datetime": {"datetime": "2024-01-19 00:48:16", "elapsed": 2203.80281, "delta": 0.002862}}
{"target": -17.67678935009997, "params": {"gamma": 716.0241826011297, "log10_alpha": 0.6073703796804582, "log10_colsample_bytree": -0.1878783119027171, "log10_eta": -3.4730468999370587, "log10_lambda": -4.311336729744556, "log10_min_child_weight": 0.8102595425517228, "log10_subsample": -0.08346931168730554, "max_depth": 3.0, "num_boost_round": 47.0}, "datetime": {"datetime": "2024-01-19 00:48:16", "elapsed": 2203.805688, "delta": 0.002878}}
{"target": -17.676786618762215, "params": {"gamma": 716.0241826011297, "log10_alpha": 0.6073703796804582, "log10_colsample_bytree": -0.1878783119027171, "log10_eta": -3.4730468999370587, "log10_lambda": -4.311336729744556, "log10_min_child_weight": 0.8102595425517228, "log10_subsample": -0.08346931168730554, "max_depth": 3.0, "num_boost_round": 48.0}, "datetime": {"datetime": "2024-01-19 00:48:16", "elapsed": 2203.808636, "delta": 0.002948}}
{"target": -17.676777338756448, "params": {"gamma": 716.0241826011297, "log10_alpha": 0.6073703796804582, "log10_colsample_bytree": -0.1878783119027171, "log10_eta": -3.4730468999370587, "log10_lambda": -4.311336729744556, "log10_min_child_weight": 0.8102595425517228, "log10_subsample": -0.08346931168730554, "max_depth": 3.0, "num_boost_round": 49.0}, "datetime": {"datetime": "2024-01-19 00:48:16", "elapsed": 2203.811494, "delta": 0.002858}}
{"target": -17.676768378395963, "params": {"gamma": 716.0241826011297, "log10_alpha": 0.6073703796804582, "log10_colsample_bytree": -0.1878783119027171, "log10_eta": -3.4730468999370587, "log10_lambda": -4.311336729744556, "log10_min_child_weight": 0.8102595425517228, "log10_subsample": -0.08346931168730554, "max_depth": 3.0, "num_boost_round": 50.0}, "datetime": {"datetime": "2024-01-19 00:48:16", "elapsed": 2203.814381, "delta": 0.002887}}
{"target": -17.676760148329855, "params": {"gamma": 716.0241826011297, "log10_alpha": 0.6073703796804582, "log10_colsample_bytree": -0.1878783119027171, "log10_eta": -3.4730468999370587, "log10_lambda": -4.311336729744556, "log10_min_child_weight": 0.8102595425517228, "log10_subsample": -0.08346931168730554, "max_depth": 3.0, "num_boost_round": 51.0}, "datetime": {"datetime": "2024-01-19 00:48:16", "elapsed": 2203.817311, "delta": 0.00293}}
{"target": -17.67675259235109, "params": {"gamma": 716.0241826011297, "log10_alpha": 0.6073703796804582, "log10_colsample_bytree": -0.1878783119027171, "log10_eta": -3.4730468999370587, "log10_lambda": -4.311336729744556, "log10_min_child_weight": 0.8102595425517228, "log10_subsample": -0.08346931168730554, "max_depth": 3.0, "num_boost_round": 52.0}, "datetime": {"datetime": "2024-01-19 00:48:16", "elapsed": 2203.820146, "delta": 0.002835}}
{"target": -17.676744360286843, "params": {"gamma": 716.0241826011297, "log10_alpha": 0.6073703796804582, "log10_colsample_bytree": -0.1878783119027171, "log10_eta": -3.4730468999370587, "log10_lambda": -4.311336729744556, "log10_min_child_weight": 0.8102595425517228, "log10_subsample": -0.08346931168730554, "max_depth": 3.0, "num_boost_round": 53.0}, "datetime": {"datetime": "2024-01-19 00:48:16", "elapsed": 2203.822996, "delta": 0.00285}}
{"target": -17.67673886911628, "params": {"gamma": 716.0241826011297, "log10_alpha": 0.6073703796804582, "log10_colsample_bytree": -0.1878783119027171, "log10_eta": -3.4730468999370587, "log10_lambda": -4.311336729744556, "log10_min_child_weight": 0.8102595425517228, "log10_subsample": -0.08346931168730554, "max_depth": 3.0, "num_boost_round": 54.0}, "datetime": {"datetime": "2024-01-19 00:48:16", "elapsed": 2203.825846, "delta": 0.00285}}
{"target": -17.67673116457871, "params": {"gamma": 716.0241826011297, "log10_alpha": 0.6073703796804582, "log10_colsample_bytree": -0.1878783119027171, "log10_eta": -3.4730468999370587, "log10_lambda": -4.311336729744556, "log10_min_child_weight": 0.8102595425517228, "log10_subsample": -0.08346931168730554, "max_depth": 3.0, "num_boost_round": 55.0}, "datetime": {"datetime": "2024-01-19 00:48:16", "elapsed": 2203.828879, "delta": 0.003033}}
{"target": -17.67671424067389, "params": {"gamma": 716.0241826011297, "log10_alpha": 0.6073703796804582, "log10_colsample_bytree": -0.1878783119027171, "log10_eta": -3.4730468999370587, "log10_lambda": -4.311336729744556, "log10_min_child_weight": 0.8102595425517228, "log10_subsample": -0.08346931168730554, "max_depth": 3.0, "num_boost_round": 56.0}, "datetime": {"datetime": "2024-01-19 00:48:16", "elapsed": 2203.831902, "delta": 0.003023}}
{"target": -17.676705016072376, "params": {"gamma": 716.0241826011297, "log10_alpha": 0.6073703796804582, "log10_colsample_bytree": -0.1878783119027171, "log10_eta": -3.4730468999370587, "log10_lambda": -4.311336729744556, "log10_min_child_weight": 0.8102595425517228, "log10_subsample": -0.08346931168730554, "max_depth": 3.0, "num_boost_round": 57.0}, "datetime": {"datetime": "2024-01-19 00:48:16", "elapsed": 2203.834794, "delta": 0.002892}}
{"target": -17.67669800665491, "params": {"gamma": 716.0241826011297, "log10_alpha": 0.6073703796804582, "log10_colsample_bytree": -0.1878783119027171, "log10_eta": -3.4730468999370587, "log10_lambda": -4.311336729744556, "log10_min_child_weight": 0.8102595425517228, "log10_subsample": -0.08346931168730554, "max_depth": 3.0, "num_boost_round": 58.0}, "datetime": {"datetime": "2024-01-19 00:48:16", "elapsed": 2203.837726, "delta": 0.002932}}
{"target": -17.6766870192414, "params": {"gamma": 716.0241826011297, "log10_alpha": 0.6073703796804582, "log10_colsample_bytree": -0.1878783119027171, "log10_eta": -3.4730468999370587, "log10_lambda": -4.311336729744556, "log10_min_child_weight": 0.8102595425517228, "log10_subsample": -0.08346931168730554, "max_depth": 3.0, "num_boost_round": 59.0}, "datetime": {"datetime": "2024-01-19 00:48:16", "elapsed": 2203.840618, "delta": 0.002892}}
