{"target": -13.758510435363688, "params": {"gamma": 884.858889872618, "log10_alpha": 0.536221455995646, "log10_colsample_bytree": -0.4914184506639213, "log10_eta": -3.898079510107293, "log10_lambda": -3.310095718953024, "log10_min_child_weight": 1.2018475476376156, "log10_subsample": -0.12972604051299497, "max_depth": 9.0, "num_boost_round": 4.0}, "datetime": {"datetime": "2024-01-19 00:28:31", "elapsed": 1015.640384, "delta": 0.001782}}
{"target": -13.758502381932662, "params": {"gamma": 884.858889872618, "log10_alpha": 0.536221455995646, "log10_colsample_bytree": -0.4914184506639213, "log10_eta": -3.898079510107293, "log10_lambda": -3.310095718953024, "log10_min_child_weight": 1.2018475476376156, "log10_subsample": -0.12972604051299497, "max_depth": 9.0, "num_boost_round": 5.0}, "datetime": {"datetime": "2024-01-19 00:28:31", "elapsed": 1015.642199, "delta": 0.001815}}
{"target": -13.758498650598966, "params": {"gamma": 884.858889872618, "log10_alpha": 0.536221455995646, "log10_colsample_bytree": -0.4914184506639213, "log10_eta": -3.898079510107293, "log10_lambda": -3.310095718953024, "log10_min_child_weight": 1.2018475476376156, "log10_subsample": -0.12972604051299497, "max_depth": 9.0, "num_boost_round": 6.0}, "datetime": {"datetime": "2024-01-19 00:28:31", "elapsed": 1015.644027, "delta": 0.001828}}
{"target": -13.758496179640042, "params": {"gamma": 884.858889872618, "log10_alpha": 0.536221455995646, "log10_colsample_bytree": -0.4914184506639213, "log10_eta": -3.898079510107293, "log10_lambda": -3.310095718953024, "log10_min_child_weight": 1.2018475476376156, "log10_subsample": -0.12972604051299497, "max_depth": 9.0, "num_boost_round": 7.0}, "datetime": {"datetime": "2024-01-19 00:28:31", "elapsed": 1015.645817, "delta": 0.00179}}
{"target": -13.75849002056195, "params": {"gamma": 884.858889872618, "log10_alpha": 0.536221455995646, "log10_colsample_bytree": -0.4914184506639213, "log10_eta": -3.898079510107293, "log10_lambda": -3.310095718953024, "log10_min_child_weight": 1.2018475476376156, "log10_subsample": -0.12972604051299497, "max_depth": 9.0, "num_boost_round": 8.0}, "datetime": {"datetime": "2024-01-19 00:28:31", "elapsed": 1015.647606, "delta": 0.001789}}
{"target": -13.758489346581877, "params": {"gamma": 884.858889872618, "log10_alpha": 0.536221455995646, "log10_colsample_bytree": -0.4914184506639213, "log10_eta": -3.898079510107293, "log10_lambda": -3.310095718953024, "log10_min_child_weight": 1.2018475476376156, "log10_subsample": -0.12972604051299497, "max_depth": 9.0, "num_boost_round": 9.0}, "datetime": {"datetime": "2024-01-19 00:28:31", "elapsed": 1015.653342, "delta": 0.005736}}
{"target": -13.758485536688886, "params": {"gamma": 884.858889872618, "log10_alpha": 0.536221455995646, "log10_colsample_bytree": -0.4914184506639213, "log10_eta": -3.898079510107293, "log10_lambda": -3.310095718953024, "log10_min_child_weight": 1.2018475476376156, "log10_subsample": -0.12972604051299497, "max_depth": 9.0, "num_boost_round": 10.0}, "datetime": {"datetime": "2024-01-19 00:28:31", "elapsed": 1015.655208, "delta": 0.001866}}
{"target": -13.758487853481537, "params": {"gamma": 884.858889872618, "log10_alpha": 0.536221455995646, "log10_colsample_bytree": -0.4914184506639213, "log10_eta": -3.898079510107293, "log10_lambda": -3.310095718953024, "log10_min_child_weight": 1.2018475476376156, "log10_subsample": -0.12972604051299497, "max_depth": 9.0, "num_boost_round": 11.0}, "datetime": {"datetime": "2024-01-19 00:28:31", "elapsed": 1015.657008, "delta": 0.0018}}
{"target": -13.758490177745031, "params": {"gamma": 884.858889872618, "log10_alpha": 0.536221455995646, "log10_colsample_bytree": -0.4914184506639213, "log10_eta": -3.898079510107293, "log10_lambda": -3.310095718953024, "log10_min_child_weight": 1.2018475476376156, "log10_subsample": -0.12972604051299497, "max_depth": 9.0, "num_boost_round": 12.0}, "datetime": {"datetime": "2024-01-19 00:28:31", "elapsed": 1015.658791, "delta": 0.001783}}
{"target": -13.758484162684326, "params": {"gamma": 884.858889872618, "log10_alpha": 0.536221455995646, "log10_colsample_bytree": -0.4914184506639213, "log10_eta": -3.898079510107293, "log10_lambda": -3.310095718953024, "log10_min_child_weight": 1.2018475476376156, "log10_subsample": -0.12972604051299497, "max_depth": 9.0, "num_boost_round": 13.0}, "datetime": {"datetime": "2024-01-19 00:28:31", "elapsed": 1015.660649, "delta": 0.001858}}
{"target": -13.758534207695437, "params": {"gamma": 876.2760446800545, "log10_alpha": -1.9333070323196986, "log10_colsample_bytree": -0.552344840505725, "log10_eta": -2.8947276845042054, "log10_lambda": -1.8447604375746192, "log10_min_child_weight": 4.652508408786264, "log10_subsample": -0.3435659302999706, "max_depth": 4.0, "num_boost_round": 0.0}, "datetime": {"datetime": "2024-01-19 00:28:57", "elapsed": 1041.889569, "delta": 26.22892}}
{"target": -13.758532795236237, "params": {"gamma": 876.2760446800545, "log10_alpha": -1.9333070323196986, "log10_colsample_bytree": -0.552344840505725, "log10_eta": -2.8947276845042054, "log10_lambda": -1.8447604375746192, "log10_min_child_weight": 4.652508408786264, "log10_subsample": -0.3435659302999706, "max_depth": 4.0, "num_boost_round": 1.0}, "datetime": {"datetime": "2024-01-19 00:28:57", "elapsed": 1041.892145, "delta": 0.002576}}
{"target": -13.758530071051537, "params": {"gamma": 876.2760446800545, "log10_alpha": -1.9333070323196986, "log10_colsample_bytree": -0.552344840505725, "log10_eta": -2.8947276845042054, "log10_lambda": -1.8447604375746192, "log10_min_child_weight": 4.652508408786264, "log10_subsample": -0.3435659302999706, "max_depth": 4.0, "num_boost_round": 2.0}, "datetime": {"datetime": "2024-01-19 00:28:57", "elapsed": 1041.894159, "delta": 0.002014}}
{"target": -13.758525614137396, "params": {"gamma": 876.2760446800545, "log10_alpha": -1.9333070323196986, "log10_colsample_bytree": -0.552344840505725, "log10_eta": -2.8947276845042054, "log10_lambda": -1.8447604375746192, "log10_min_child_weight": 4.652508408786264, "log10_subsample": -0.3435659302999706, "max_depth": 4.0, "num_boost_round": 3.0}, "datetime": {"datetime": "2024-01-19 00:28:57", "elapsed": 1041.8963, "delta": 0.002141}}
{"target": -13.758529011463265, "params": {"gamma": 876.2760446800545, "log10_alpha": -1.9333070323196986, "log10_colsample_bytree": -0.552344840505725, "log10_eta": -2.8947276845042054, "log10_lambda": -1.8447604375746192, "log10_min_child_weight": 4.652508408786264, "log10_subsample": -0.3435659302999706, "max_depth": 4.0, "num_boost_round": 4.0}, "datetime": {"datetime": "2024-01-19 00:28:57", "elapsed": 1041.898198, "delta": 0.001898}}
{"target": -13.75852358418249, "params": {"gamma": 876.2760446800545, "log10_alpha": -1.9333070323196986, "log10_colsample_bytree": -0.552344840505725, "log10_eta": -2.8947276845042054, "log10_lambda": -1.8447604375746192, "log10_min_child_weight": 4.652508408786264, "log10_subsample": -0.3435659302999706, "max_depth": 4.0, "num_boost_round": 5.0}, "datetime": {"datetime": "2024-01-19 00:28:57", "elapsed": 1041.900027, "delta": 0.001829}}
{"target": -13.758532261653018, "params": {"gamma": 876.2760446800545, "log10_alpha": -1.9333070323196986, "log10_colsample_bytree": -0.552344840505725, "log10_eta": -2.8947276845042054, "log10_lambda": -1.8447604375746192, "log10_min_child_weight": 4.652508408786264, "log10_subsample": -0.3435659302999706, "max_depth": 4.0, "num_boost_round": 6.0}, "datetime": {"datetime": "2024-01-19 00:28:57", "elapsed": 1041.90184, "delta": 0.001813}}
{"target": -13.75853090220216, "params": {"gamma": 876.2760446800545, "log10_alpha": -1.9333070323196986, "log10_colsample_bytree": -0.552344840505725, "log10_eta": -2.8947276845042054, "log10_lambda": -1.8447604375746192, "log10_min_child_weight": 4.652508408786264, "log10_subsample": -0.3435659302999706, "max_depth": 4.0, "num_boost_round": 7.0}, "datetime": {"datetime": "2024-01-19 00:28:57", "elapsed": 1041.903655, "delta": 0.001815}}
{"target": -13.758527816786074, "params": {"gamma": 876.2760446800545, "log10_alpha": -1.9333070323196986, "log10_colsample_bytree": -0.552344840505725, "log10_eta": -2.8947276845042054, "log10_lambda": -1.8447604375746192, "log10_min_child_weight": 4.652508408786264, "log10_subsample": -0.3435659302999706, "max_depth": 4.0, "num_boost_round": 8.0}, "datetime": {"datetime": "2024-01-19 00:28:57", "elapsed": 1041.905491, "delta": 0.001836}}
{"target": -13.758523015520808, "params": {"gamma": 876.2760446800545, "log10_alpha": -1.9333070323196986, "log10_colsample_bytree": -0.552344840505725, "log10_eta": -2.8947276845042054, "log10_lambda": -1.8447604375746192, "log10_min_child_weight": 4.652508408786264, "log10_subsample": -0.3435659302999706, "max_depth": 4.0, "num_boost_round": 9.0}, "datetime": {"datetime": "2024-01-19 00:28:57", "elapsed": 1041.907321, "delta": 0.00183}}
{"target": -13.758514289496356, "params": {"gamma": 876.2760446800545, "log10_alpha": -1.9333070323196986, "log10_colsample_bytree": -0.552344840505725, "log10_eta": -2.8947276845042054, "log10_lambda": -1.8447604375746192, "log10_min_child_weight": 4.652508408786264, "log10_subsample": -0.3435659302999706, "max_depth": 4.0, "num_boost_round": 10.0}, "datetime": {"datetime": "2024-01-19 00:28:57", "elapsed": 1041.909125, "delta": 0.001804}}
{"target": -13.758510632679359, "params": {"gamma": 876.2760446800545, "log10_alpha": -1.9333070323196986, "log10_colsample_bytree": -0.552344840505725, "log10_eta": -2.8947276845042054, "log10_lambda": -1.8447604375746192, "log10_min_child_weight": 4.652508408786264, "log10_subsample": -0.3435659302999706, "max_depth": 4.0, "num_boost_round": 11.0}, "datetime": {"datetime": "2024-01-19 00:28:57", "elapsed": 1041.910995, "delta": 0.00187}}
{"target": -13.758509086004368, "params": {"gamma": 876.2760446800545, "log10_alpha": -1.9333070323196986, "log10_colsample_bytree": -0.552344840505725, "log10_eta": -2.8947276845042054, "log10_lambda": -1.8447604375746192, "log10_min_child_weight": 4.652508408786264, "log10_subsample": -0.3435659302999706, "max_depth": 4.0, "num_boost_round": 12.0}, "datetime": {"datetime": "2024-01-19 00:28:57", "elapsed": 1041.912919, "delta": 0.001924}}
{"target": -13.758512067758573, "params": {"gamma": 876.2760446800545, "log10_alpha": -1.9333070323196986, "log10_colsample_bytree": -0.552344840505725, "log10_eta": -2.8947276845042054, "log10_lambda": -1.8447604375746192, "log10_min_child_weight": 4.652508408786264, "log10_subsample": -0.3435659302999706, "max_depth": 4.0, "num_boost_round": 13.0}, "datetime": {"datetime": "2024-01-19 00:28:57", "elapsed": 1041.914733, "delta": 0.001814}}
{"target": -13.758505055628843, "params": {"gamma": 876.2760446800545, "log10_alpha": -1.9333070323196986, "log10_colsample_bytree": -0.552344840505725, "log10_eta": -2.8947276845042054, "log10_lambda": -1.8447604375746192, "log10_min_child_weight": 4.652508408786264, "log10_subsample": -0.3435659302999706, "max_depth": 4.0, "num_boost_round": 14.0}, "datetime": {"datetime": "2024-01-19 00:28:57", "elapsed": 1041.916557, "delta": 0.001824}}
{"target": -13.758489770026273, "params": {"gamma": 876.2760446800545, "log10_alpha": -1.9333070323196986, "log10_colsample_bytree": -0.552344840505725, "log10_eta": -2.8947276845042054, "log10_lambda": -1.8447604375746192, "log10_min_child_weight": 4.652508408786264, "log10_subsample": -0.3435659302999706, "max_depth": 4.0, "num_boost_round": 15.0}, "datetime": {"datetime": "2024-01-19 00:28:57", "elapsed": 1041.918385, "delta": 0.001828}}
{"target": -13.758483977530519, "params": {"gamma": 876.2760446800545, "log10_alpha": -1.9333070323196986, "log10_colsample_bytree": -0.552344840505725, "log10_eta": -2.8947276845042054, "log10_lambda": -1.8447604375746192, "log10_min_child_weight": 4.652508408786264, "log10_subsample": -0.3435659302999706, "max_depth": 4.0, "num_boost_round": 16.0}, "datetime": {"datetime": "2024-01-19 00:28:57", "elapsed": 1041.920204, "delta": 0.001819}}
{"target": -13.758481039362602, "params": {"gamma": 876.2760446800545, "log10_alpha": -1.9333070323196986, "log10_colsample_bytree": -0.552344840505725, "log10_eta": -2.8947276845042054, "log10_lambda": -1.8447604375746192, "log10_min_child_weight": 4.652508408786264, "log10_subsample": -0.3435659302999706, "max_depth": 4.0, "num_boost_round": 17.0}, "datetime": {"datetime": "2024-01-19 00:28:57", "elapsed": 1041.922097, "delta": 0.001893}}
{"target": -13.758474426071649, "params": {"gamma": 876.2760446800545, "log10_alpha": -1.9333070323196986, "log10_colsample_bytree": -0.552344840505725, "log10_eta": -2.8947276845042054, "log10_lambda": -1.8447604375746192, "log10_min_child_weight": 4.652508408786264, "log10_subsample": -0.3435659302999706, "max_depth": 4.0, "num_boost_round": 18.0}, "datetime": {"datetime": "2024-01-19 00:28:57", "elapsed": 1041.923937, "delta": 0.00184}}
{"target": -13.758470536876931, "params": {"gamma": 876.2760446800545, "log10_alpha": -1.9333070323196986, "log10_colsample_bytree": -0.552344840505725, "log10_eta": -2.8947276845042054, "log10_lambda": -1.8447604375746192, "log10_min_child_weight": 4.652508408786264, "log10_subsample": -0.3435659302999706, "max_depth": 4.0, "num_boost_round": 19.0}, "datetime": {"datetime": "2024-01-19 00:28:57", "elapsed": 1041.925759, "delta": 0.001822}}
{"target": -13.758468599186884, "params": {"gamma": 876.2760446800545, "log10_alpha": -1.9333070323196986, "log10_colsample_bytree": -0.552344840505725, "log10_eta": -2.8947276845042054, "log10_lambda": -1.8447604375746192, "log10_min_child_weight": 4.652508408786264, "log10_subsample": -0.3435659302999706, "max_depth": 4.0, "num_boost_round": 20.0}, "datetime": {"datetime": "2024-01-19 00:28:57", "elapsed": 1041.927595, "delta": 0.001836}}
{"target": -13.758473083366265, "params": {"gamma": 876.2760446800545, "log10_alpha": -1.9333070323196986, "log10_colsample_bytree": -0.552344840505725, "log10_eta": -2.8947276845042054, "log10_lambda": -1.8447604375746192, "log10_min_child_weight": 4.652508408786264, "log10_subsample": -0.3435659302999706, "max_depth": 4.0, "num_boost_round": 21.0}, "datetime": {"datetime": "2024-01-19 00:28:57", "elapsed": 1041.930462, "delta": 0.002867}}
{"target": -13.758472334986875, "params": {"gamma": 876.2760446800545, "log10_alpha": -1.9333070323196986, "log10_colsample_bytree": -0.552344840505725, "log10_eta": -2.8947276845042054, "log10_lambda": -1.8447604375746192, "log10_min_child_weight": 4.652508408786264, "log10_subsample": -0.3435659302999706, "max_depth": 4.0, "num_boost_round": 22.0}, "datetime": {"datetime": "2024-01-19 00:28:57", "elapsed": 1041.932834, "delta": 0.002372}}
{"target": -13.75846186424498, "params": {"gamma": 876.2760446800545, "log10_alpha": -1.9333070323196986, "log10_colsample_bytree": -0.552344840505725, "log10_eta": -2.8947276845042054, "log10_lambda": -1.8447604375746192, "log10_min_child_weight": 4.652508408786264, "log10_subsample": -0.3435659302999706, "max_depth": 4.0, "num_boost_round": 23.0}, "datetime": {"datetime": "2024-01-19 00:28:57", "elapsed": 1041.934851, "delta": 0.002017}}
{"target": -13.75853711294685, "params": {"gamma": 878.7803360018513, "log10_alpha": 0.033482647397139687, "log10_colsample_bytree": -0.654030005883911, "log10_eta": -3.778793235042849, "log10_lambda": -1.1891509799478817, "log10_min_child_weight": 4.773190784743722, "log10_subsample": -0.23096081103014943, "max_depth": 8.0, "num_boost_round": 0.0}, "datetime": {"datetime": "2024-01-19 00:29:25", "elapsed": 1069.488788, "delta": 27.553937}}
{"target": -13.75853720634978, "params": {"gamma": 878.7803360018513, "log10_alpha": 0.033482647397139687, "log10_colsample_bytree": -0.654030005883911, "log10_eta": -3.778793235042849, "log10_lambda": -1.1891509799478817, "log10_min_child_weight": 4.773190784743722, "log10_subsample": -0.23096081103014943, "max_depth": 8.0, "num_boost_round": 1.0}, "datetime": {"datetime": "2024-01-19 00:29:25", "elapsed": 1069.491283, "delta": 0.002495}}
{"target": -13.758537474464893, "params": {"gamma": 878.7803360018513, "log10_alpha": 0.033482647397139687, "log10_colsample_bytree": -0.654030005883911, "log10_eta": -3.778793235042849, "log10_lambda": -1.1891509799478817, "log10_min_child_weight": 4.773190784743722, "log10_subsample": -0.23096081103014943, "max_depth": 8.0, "num_boost_round": 2.0}, "datetime": {"datetime": "2024-01-19 00:29:25", "elapsed": 1069.493672, "delta": 0.002389}}
{"target": -13.758537294974742, "params": {"gamma": 878.7803360018513, "log10_alpha": 0.033482647397139687, "log10_colsample_bytree": -0.654030005883911, "log10_eta": -3.778793235042849, "log10_lambda": -1.1891509799478817, "log10_min_child_weight": 4.773190784743722, "log10_subsample": -0.23096081103014943, "max_depth": 8.0, "num_boost_round": 3.0}, "datetime": {"datetime": "2024-01-19 00:29:25", "elapsed": 1069.495567, "delta": 0.001895}}
{"target": -13.758537332288885, "params": {"gamma": 878.7803360018513, "log10_alpha": 0.033482647397139687, "log10_colsample_bytree": -0.654030005883911, "log10_eta": -3.778793235042849, "log10_lambda": -1.1891509799478817, "log10_min_child_weight": 4.773190784743722, "log10_subsample": -0.23096081103014943, "max_depth": 8.0, "num_boost_round": 4.0}, "datetime": {"datetime": "2024-01-19 00:29:25", "elapsed": 1069.497453, "delta": 0.001886}}
{"target": -13.758536071448196, "params": {"gamma": 878.7803360018513, "log10_alpha": 0.033482647397139687, "log10_colsample_bytree": -0.654030005883911, "log10_eta": -3.778793235042849, "log10_lambda": -1.1891509799478817, "log10_min_child_weight": 4.773190784743722, "log10_subsample": -0.23096081103014943, "max_depth": 8.0, "num_boost_round": 5.0}, "datetime": {"datetime": "2024-01-19 00:29:25", "elapsed": 1069.499298, "delta": 0.001845}}
{"target": -13.758536051163055, "params": {"gamma": 878.7803360018513, "log10_alpha": 0.033482647397139687, "log10_colsample_bytree": -0.654030005883911, "log10_eta": -3.778793235042849, "log10_lambda": -1.1891509799478817, "log10_min_child_weight": 4.773190784743722, "log10_subsample": -0.23096081103014943, "max_depth": 8.0, "num_boost_round": 6.0}, "datetime": {"datetime": "2024-01-19 00:29:25", "elapsed": 1069.501151, "delta": 0.001853}}
{"target": -13.758534233660713, "params": {"gamma": 878.7803360018513, "log10_alpha": 0.033482647397139687, "log10_colsample_bytree": -0.654030005883911, "log10_eta": -3.778793235042849, "log10_lambda": -1.1891509799478817, "log10_min_child_weight": 4.773190784743722, "log10_subsample": -0.23096081103014943, "max_depth": 8.0, "num_boost_round": 7.0}, "datetime": {"datetime": "2024-01-19 00:29:25", "elapsed": 1069.502987, "delta": 0.001836}}
{"target": -13.75853479607648, "params": {"gamma": 878.7803360018513, "log10_alpha": 0.033482647397139687, "log10_colsample_bytree": -0.654030005883911, "log10_eta": -3.778793235042849, "log10_lambda": -1.1891509799478817, "log10_min_child_weight": 4.773190784743722, "log10_subsample": -0.23096081103014943, "max_depth": 8.0, "num_boost_round": 8.0}, "datetime": {"datetime": "2024-01-19 00:29:25", "elapsed": 1069.504812, "delta": 0.001825}}
{"target": -13.758534629406535, "params": {"gamma": 878.7803360018513, "log10_alpha": 0.033482647397139687, "log10_colsample_bytree": -0.654030005883911, "log10_eta": -3.778793235042849, "log10_lambda": -1.1891509799478817, "log10_min_child_weight": 4.773190784743722, "log10_subsample": -0.23096081103014943, "max_depth": 8.0, "num_boost_round": 9.0}, "datetime": {"datetime": "2024-01-19 00:29:25", "elapsed": 1069.506676, "delta": 0.001864}}
{"target": -13.758534335853719, "params": {"gamma": 878.7803360018513, "log10_alpha": 0.033482647397139687, "log10_colsample_bytree": -0.654030005883911, "log10_eta": -3.778793235042849, "log10_lambda": -1.1891509799478817, "log10_min_child_weight": 4.773190784743722, "log10_subsample": -0.23096081103014943, "max_depth": 8.0, "num_boost_round": 10.0}, "datetime": {"datetime": "2024-01-19 00:29:25", "elapsed": 1069.508508, "delta": 0.001832}}
{"target": -13.758533719600322, "params": {"gamma": 878.7803360018513, "log10_alpha": 0.033482647397139687, "log10_colsample_bytree": -0.654030005883911, "log10_eta": -3.778793235042849, "log10_lambda": -1.1891509799478817, "log10_min_child_weight": 4.773190784743722, "log10_subsample": -0.23096081103014943, "max_depth": 8.0, "num_boost_round": 11.0}, "datetime": {"datetime": "2024-01-19 00:29:25", "elapsed": 1069.510346, "delta": 0.001838}}
{"target": -13.758535128149461, "params": {"gamma": 878.7803360018513, "log10_alpha": 0.033482647397139687, "log10_colsample_bytree": -0.654030005883911, "log10_eta": -3.778793235042849, "log10_lambda": -1.1891509799478817, "log10_min_child_weight": 4.773190784743722, "log10_subsample": -0.23096081103014943, "max_depth": 8.0, "num_boost_round": 12.0}, "datetime": {"datetime": "2024-01-19 00:29:25", "elapsed": 1069.512327, "delta": 0.001981}}
{"target": -13.758534017860924, "params": {"gamma": 878.7803360018513, "log10_alpha": 0.033482647397139687, "log10_colsample_bytree": -0.654030005883911, "log10_eta": -3.778793235042849, "log10_lambda": -1.1891509799478817, "log10_min_child_weight": 4.773190784743722, "log10_subsample": -0.23096081103014943, "max_depth": 8.0, "num_boost_round": 13.0}, "datetime": {"datetime": "2024-01-19 00:29:25", "elapsed": 1069.514171, "delta": 0.001844}}
{"target": -13.758533011566932, "params": {"gamma": 878.7803360018513, "log10_alpha": 0.033482647397139687, "log10_colsample_bytree": -0.654030005883911, "log10_eta": -3.778793235042849, "log10_lambda": -1.1891509799478817, "log10_min_child_weight": 4.773190784743722, "log10_subsample": -0.23096081103014943, "max_depth": 8.0, "num_boost_round": 14.0}, "datetime": {"datetime": "2024-01-19 00:29:25", "elapsed": 1069.515999, "delta": 0.001828}}
