{"target": -13.758378094972537, "params": {"gamma": 928.9455463966528, "log10_alpha": -0.5856818988752455, "log10_colsample_bytree": -0.023813203232505464, "log10_eta": -3.04520689437275, "log10_lambda": -4.069864637403169, "log10_min_child_weight": 1.7674296317702924, "log10_subsample": -0.4548929213223154, "max_depth": 7.0, "num_boost_round": 10.0}, "datetime": {"datetime": "2024-01-19 01:41:07", "elapsed": 5368.241723, "delta": 0.005619}}
{"target": -13.758401910768281, "params": {"gamma": 928.9455463966528, "log10_alpha": -0.5856818988752455, "log10_colsample_bytree": -0.023813203232505464, "log10_eta": -3.04520689437275, "log10_lambda": -4.069864637403169, "log10_min_child_weight": 1.7674296317702924, "log10_subsample": -0.4548929213223154, "max_depth": 7.0, "num_boost_round": 11.0}, "datetime": {"datetime": "2024-01-19 01:41:07", "elapsed": 5368.247273, "delta": 0.00555}}
{"target": -13.75835978056088, "params": {"gamma": 928.9455463966528, "log10_alpha": -0.5856818988752455, "log10_colsample_bytree": -0.023813203232505464, "log10_eta": -3.04520689437275, "log10_lambda": -4.069864637403169, "log10_min_child_weight": 1.7674296317702924, "log10_subsample": -0.4548929213223154, "max_depth": 7.0, "num_boost_round": 12.0}, "datetime": {"datetime": "2024-01-19 01:41:07", "elapsed": 5368.252737, "delta": 0.005464}}
{"target": -13.758363320399997, "params": {"gamma": 928.9455463966528, "log10_alpha": -0.5856818988752455, "log10_colsample_bytree": -0.023813203232505464, "log10_eta": -3.04520689437275, "log10_lambda": -4.069864637403169, "log10_min_child_weight": 1.7674296317702924, "log10_subsample": -0.4548929213223154, "max_depth": 7.0, "num_boost_round": 13.0}, "datetime": {"datetime": "2024-01-19 01:41:07", "elapsed": 5368.258492, "delta": 0.005755}}
{"target": -13.7583911252439, "params": {"gamma": 928.9455463966528, "log10_alpha": -0.5856818988752455, "log10_colsample_bytree": -0.023813203232505464, "log10_eta": -3.04520689437275, "log10_lambda": -4.069864637403169, "log10_min_child_weight": 1.7674296317702924, "log10_subsample": -0.4548929213223154, "max_depth": 7.0, "num_boost_round": 14.0}, "datetime": {"datetime": "2024-01-19 01:41:07", "elapsed": 5368.264219, "delta": 0.005727}}
{"target": -13.75841600251481, "params": {"gamma": 928.9455463966528, "log10_alpha": -0.5856818988752455, "log10_colsample_bytree": -0.023813203232505464, "log10_eta": -3.04520689437275, "log10_lambda": -4.069864637403169, "log10_min_child_weight": 1.7674296317702924, "log10_subsample": -0.4548929213223154, "max_depth": 7.0, "num_boost_round": 15.0}, "datetime": {"datetime": "2024-01-19 01:41:07", "elapsed": 5368.27003, "delta": 0.005811}}
{"target": -13.7584080929564, "params": {"gamma": 928.9455463966528, "log10_alpha": -0.5856818988752455, "log10_colsample_bytree": -0.023813203232505464, "log10_eta": -3.04520689437275, "log10_lambda": -4.069864637403169, "log10_min_child_weight": 1.7674296317702924, "log10_subsample": -0.4548929213223154, "max_depth": 7.0, "num_boost_round": 16.0}, "datetime": {"datetime": "2024-01-19 01:41:07", "elapsed": 5368.275815, "delta": 0.005785}}
{"target": -13.758374087754223, "params": {"gamma": 928.9455463966528, "log10_alpha": -0.5856818988752455, "log10_colsample_bytree": -0.023813203232505464, "log10_eta": -3.04520689437275, "log10_lambda": -4.069864637403169, "log10_min_child_weight": 1.7674296317702924, "log10_subsample": -0.4548929213223154, "max_depth": 7.0, "num_boost_round": 17.0}, "datetime": {"datetime": "2024-01-19 01:41:07", "elapsed": 5368.281326, "delta": 0.005511}}
{"target": -13.758328498069352, "params": {"gamma": 928.9455463966528, "log10_alpha": -0.5856818988752455, "log10_colsample_bytree": -0.023813203232505464, "log10_eta": -3.04520689437275, "log10_lambda": -4.069864637403169, "log10_min_child_weight": 1.7674296317702924, "log10_subsample": -0.4548929213223154, "max_depth": 7.0, "num_boost_round": 18.0}, "datetime": {"datetime": "2024-01-19 01:41:07", "elapsed": 5368.286793, "delta": 0.005467}}
{"target": -13.758341142369611, "params": {"gamma": 928.9455463966528, "log10_alpha": -0.5856818988752455, "log10_colsample_bytree": -0.023813203232505464, "log10_eta": -3.04520689437275, "log10_lambda": -4.069864637403169, "log10_min_child_weight": 1.7674296317702924, "log10_subsample": -0.4548929213223154, "max_depth": 7.0, "num_boost_round": 19.0}, "datetime": {"datetime": "2024-01-19 01:41:07", "elapsed": 5368.29236, "delta": 0.005567}}
{"target": -13.758324624297247, "params": {"gamma": 928.9455463966528, "log10_alpha": -0.5856818988752455, "log10_colsample_bytree": -0.023813203232505464, "log10_eta": -3.04520689437275, "log10_lambda": -4.069864637403169, "log10_min_child_weight": 1.7674296317702924, "log10_subsample": -0.4548929213223154, "max_depth": 7.0, "num_boost_round": 20.0}, "datetime": {"datetime": "2024-01-19 01:41:07", "elapsed": 5368.297949, "delta": 0.005589}}
{"target": -13.758290639402192, "params": {"gamma": 928.9455463966528, "log10_alpha": -0.5856818988752455, "log10_colsample_bytree": -0.023813203232505464, "log10_eta": -3.04520689437275, "log10_lambda": -4.069864637403169, "log10_min_child_weight": 1.7674296317702924, "log10_subsample": -0.4548929213223154, "max_depth": 7.0, "num_boost_round": 21.0}, "datetime": {"datetime": "2024-01-19 01:41:07", "elapsed": 5368.303416, "delta": 0.005467}}
{"target": -13.758299835517436, "params": {"gamma": 928.9455463966528, "log10_alpha": -0.5856818988752455, "log10_colsample_bytree": -0.023813203232505464, "log10_eta": -3.04520689437275, "log10_lambda": -4.069864637403169, "log10_min_child_weight": 1.7674296317702924, "log10_subsample": -0.4548929213223154, "max_depth": 7.0, "num_boost_round": 22.0}, "datetime": {"datetime": "2024-01-19 01:41:07", "elapsed": 5368.309457, "delta": 0.006041}}
{"target": -13.758305387295264, "params": {"gamma": 928.9455463966528, "log10_alpha": -0.5856818988752455, "log10_colsample_bytree": -0.023813203232505464, "log10_eta": -3.04520689437275, "log10_lambda": -4.069864637403169, "log10_min_child_weight": 1.7674296317702924, "log10_subsample": -0.4548929213223154, "max_depth": 7.0, "num_boost_round": 23.0}, "datetime": {"datetime": "2024-01-19 01:41:07", "elapsed": 5368.315183, "delta": 0.005726}}
{"target": -13.758230305951011, "params": {"gamma": 928.9455463966528, "log10_alpha": -0.5856818988752455, "log10_colsample_bytree": -0.023813203232505464, "log10_eta": -3.04520689437275, "log10_lambda": -4.069864637403169, "log10_min_child_weight": 1.7674296317702924, "log10_subsample": -0.4548929213223154, "max_depth": 7.0, "num_boost_round": 24.0}, "datetime": {"datetime": "2024-01-19 01:41:07", "elapsed": 5368.320819, "delta": 0.005636}}
{"target": -13.758250054027366, "params": {"gamma": 928.9455463966528, "log10_alpha": -0.5856818988752455, "log10_colsample_bytree": -0.023813203232505464, "log10_eta": -3.04520689437275, "log10_lambda": -4.069864637403169, "log10_min_child_weight": 1.7674296317702924, "log10_subsample": -0.4548929213223154, "max_depth": 7.0, "num_boost_round": 25.0}, "datetime": {"datetime": "2024-01-19 01:41:07", "elapsed": 5368.326487, "delta": 0.005668}}
{"target": -13.75823499112954, "params": {"gamma": 928.9455463966528, "log10_alpha": -0.5856818988752455, "log10_colsample_bytree": -0.023813203232505464, "log10_eta": -3.04520689437275, "log10_lambda": -4.069864637403169, "log10_min_child_weight": 1.7674296317702924, "log10_subsample": -0.4548929213223154, "max_depth": 7.0, "num_boost_round": 26.0}, "datetime": {"datetime": "2024-01-19 01:41:07", "elapsed": 5368.332134, "delta": 0.005647}}
{"target": -13.758217045928772, "params": {"gamma": 928.9455463966528, "log10_alpha": -0.5856818988752455, "log10_colsample_bytree": -0.023813203232505464, "log10_eta": -3.04520689437275, "log10_lambda": -4.069864637403169, "log10_min_child_weight": 1.7674296317702924, "log10_subsample": -0.4548929213223154, "max_depth": 7.0, "num_boost_round": 27.0}, "datetime": {"datetime": "2024-01-19 01:41:07", "elapsed": 5368.337894, "delta": 0.00576}}
{"target": -13.758228639135211, "params": {"gamma": 928.9455463966528, "log10_alpha": -0.5856818988752455, "log10_colsample_bytree": -0.023813203232505464, "log10_eta": -3.04520689437275, "log10_lambda": -4.069864637403169, "log10_min_child_weight": 1.7674296317702924, "log10_subsample": -0.4548929213223154, "max_depth": 7.0, "num_boost_round": 28.0}, "datetime": {"datetime": "2024-01-19 01:41:07", "elapsed": 5368.343767, "delta": 0.005873}}
{"target": -13.758186578751188, "params": {"gamma": 928.9455463966528, "log10_alpha": -0.5856818988752455, "log10_colsample_bytree": -0.023813203232505464, "log10_eta": -3.04520689437275, "log10_lambda": -4.069864637403169, "log10_min_child_weight": 1.7674296317702924, "log10_subsample": -0.4548929213223154, "max_depth": 7.0, "num_boost_round": 29.0}, "datetime": {"datetime": "2024-01-19 01:41:07", "elapsed": 5368.450052, "delta": 0.106285}}
{"target": -13.758156635401551, "params": {"gamma": 928.9455463966528, "log10_alpha": -0.5856818988752455, "log10_colsample_bytree": -0.023813203232505464, "log10_eta": -3.04520689437275, "log10_lambda": -4.069864637403169, "log10_min_child_weight": 1.7674296317702924, "log10_subsample": -0.4548929213223154, "max_depth": 7.0, "num_boost_round": 30.0}, "datetime": {"datetime": "2024-01-19 01:41:07", "elapsed": 5368.456178, "delta": 0.006126}}
{"target": -13.758157574267821, "params": {"gamma": 928.9455463966528, "log10_alpha": -0.5856818988752455, "log10_colsample_bytree": -0.023813203232505464, "log10_eta": -3.04520689437275, "log10_lambda": -4.069864637403169, "log10_min_child_weight": 1.7674296317702924, "log10_subsample": -0.4548929213223154, "max_depth": 7.0, "num_boost_round": 31.0}, "datetime": {"datetime": "2024-01-19 01:41:07", "elapsed": 5368.461866, "delta": 0.005688}}
{"target": -13.758126096944636, "params": {"gamma": 928.9455463966528, "log10_alpha": -0.5856818988752455, "log10_colsample_bytree": -0.023813203232505464, "log10_eta": -3.04520689437275, "log10_lambda": -4.069864637403169, "log10_min_child_weight": 1.7674296317702924, "log10_subsample": -0.4548929213223154, "max_depth": 7.0, "num_boost_round": 32.0}, "datetime": {"datetime": "2024-01-19 01:41:07", "elapsed": 5368.467498, "delta": 0.005632}}
{"target": -13.758129506308624, "params": {"gamma": 928.9455463966528, "log10_alpha": -0.5856818988752455, "log10_colsample_bytree": -0.023813203232505464, "log10_eta": -3.04520689437275, "log10_lambda": -4.069864637403169, "log10_min_child_weight": 1.7674296317702924, "log10_subsample": -0.4548929213223154, "max_depth": 7.0, "num_boost_round": 33.0}, "datetime": {"datetime": "2024-01-19 01:41:07", "elapsed": 5368.473217, "delta": 0.005719}}
{"target": -13.75818661634522, "params": {"gamma": 928.9455463966528, "log10_alpha": -0.5856818988752455, "log10_colsample_bytree": -0.023813203232505464, "log10_eta": -3.04520689437275, "log10_lambda": -4.069864637403169, "log10_min_child_weight": 1.7674296317702924, "log10_subsample": -0.4548929213223154, "max_depth": 7.0, "num_boost_round": 34.0}, "datetime": {"datetime": "2024-01-19 01:41:07", "elapsed": 5368.487432, "delta": 0.014215}}
{"target": -13.75815936389202, "params": {"gamma": 928.9455463966528, "log10_alpha": -0.5856818988752455, "log10_colsample_bytree": -0.023813203232505464, "log10_eta": -3.04520689437275, "log10_lambda": -4.069864637403169, "log10_min_child_weight": 1.7674296317702924, "log10_subsample": -0.4548929213223154, "max_depth": 7.0, "num_boost_round": 35.0}, "datetime": {"datetime": "2024-01-19 01:41:07", "elapsed": 5368.493169, "delta": 0.005737}}
{"target": -13.758163496219954, "params": {"gamma": 928.9455463966528, "log10_alpha": -0.5856818988752455, "log10_colsample_bytree": -0.023813203232505464, "log10_eta": -3.04520689437275, "log10_lambda": -4.069864637403169, "log10_min_child_weight": 1.7674296317702924, "log10_subsample": -0.4548929213223154, "max_depth": 7.0, "num_boost_round": 36.0}, "datetime": {"datetime": "2024-01-19 01:41:07", "elapsed": 5368.498805, "delta": 0.005636}}
{"target": -13.758177493551374, "params": {"gamma": 928.9455463966528, "log10_alpha": -0.5856818988752455, "log10_colsample_bytree": -0.023813203232505464, "log10_eta": -3.04520689437275, "log10_lambda": -4.069864637403169, "log10_min_child_weight": 1.7674296317702924, "log10_subsample": -0.4548929213223154, "max_depth": 7.0, "num_boost_round": 37.0}, "datetime": {"datetime": "2024-01-19 01:41:07", "elapsed": 5368.50453, "delta": 0.005725}}
{"target": -13.758171856446992, "params": {"gamma": 928.9455463966528, "log10_alpha": -0.5856818988752455, "log10_colsample_bytree": -0.023813203232505464, "log10_eta": -3.04520689437275, "log10_lambda": -4.069864637403169, "log10_min_child_weight": 1.7674296317702924, "log10_subsample": -0.4548929213223154, "max_depth": 7.0, "num_boost_round": 38.0}, "datetime": {"datetime": "2024-01-19 01:41:07", "elapsed": 5368.510316, "delta": 0.005786}}
{"target": -13.758166085687405, "params": {"gamma": 928.9455463966528, "log10_alpha": -0.5856818988752455, "log10_colsample_bytree": -0.023813203232505464, "log10_eta": -3.04520689437275, "log10_lambda": -4.069864637403169, "log10_min_child_weight": 1.7674296317702924, "log10_subsample": -0.4548929213223154, "max_depth": 7.0, "num_boost_round": 39.0}, "datetime": {"datetime": "2024-01-19 01:41:07", "elapsed": 5368.516971, "delta": 0.006655}}
{"target": -13.758176235395045, "params": {"gamma": 928.9455463966528, "log10_alpha": -0.5856818988752455, "log10_colsample_bytree": -0.023813203232505464, "log10_eta": -3.04520689437275, "log10_lambda": -4.069864637403169, "log10_min_child_weight": 1.7674296317702924, "log10_subsample": -0.4548929213223154, "max_depth": 7.0, "num_boost_round": 40.0}, "datetime": {"datetime": "2024-01-19 01:41:07", "elapsed": 5368.523044, "delta": 0.006073}}
{"target": -13.758180237298811, "params": {"gamma": 928.9455463966528, "log10_alpha": -0.5856818988752455, "log10_colsample_bytree": -0.023813203232505464, "log10_eta": -3.04520689437275, "log10_lambda": -4.069864637403169, "log10_min_child_weight": 1.7674296317702924, "log10_subsample": -0.4548929213223154, "max_depth": 7.0, "num_boost_round": 41.0}, "datetime": {"datetime": "2024-01-19 01:41:07", "elapsed": 5368.528684, "delta": 0.00564}}
{"target": -13.758179363171235, "params": {"gamma": 928.9455463966528, "log10_alpha": -0.5856818988752455, "log10_colsample_bytree": -0.023813203232505464, "log10_eta": -3.04520689437275, "log10_lambda": -4.069864637403169, "log10_min_child_weight": 1.7674296317702924, "log10_subsample": -0.4548929213223154, "max_depth": 7.0, "num_boost_round": 42.0}, "datetime": {"datetime": "2024-01-19 01:41:07", "elapsed": 5368.534292, "delta": 0.005608}}
{"target": -13.758193271485299, "params": {"gamma": 928.9455463966528, "log10_alpha": -0.5856818988752455, "log10_colsample_bytree": -0.023813203232505464, "log10_eta": -3.04520689437275, "log10_lambda": -4.069864637403169, "log10_min_child_weight": 1.7674296317702924, "log10_subsample": -0.4548929213223154, "max_depth": 7.0, "num_boost_round": 43.0}, "datetime": {"datetime": "2024-01-19 01:41:07", "elapsed": 5368.539905, "delta": 0.005613}}
{"target": -13.758149031264058, "params": {"gamma": 928.9455463966528, "log10_alpha": -0.5856818988752455, "log10_colsample_bytree": -0.023813203232505464, "log10_eta": -3.04520689437275, "log10_lambda": -4.069864637403169, "log10_min_child_weight": 1.7674296317702924, "log10_subsample": -0.4548929213223154, "max_depth": 7.0, "num_boost_round": 44.0}, "datetime": {"datetime": "2024-01-19 01:41:07", "elapsed": 5368.545485, "delta": 0.00558}}
{"target": -13.758130350076142, "params": {"gamma": 928.9455463966528, "log10_alpha": -0.5856818988752455, "log10_colsample_bytree": -0.023813203232505464, "log10_eta": -3.04520689437275, "log10_lambda": -4.069864637403169, "log10_min_child_weight": 1.7674296317702924, "log10_subsample": -0.4548929213223154, "max_depth": 7.0, "num_boost_round": 45.0}, "datetime": {"datetime": "2024-01-19 01:41:07", "elapsed": 5368.551044, "delta": 0.005559}}
{"target": -13.758152216966462, "params": {"gamma": 928.9455463966528, "log10_alpha": -0.5856818988752455, "log10_colsample_bytree": -0.023813203232505464, "log10_eta": -3.04520689437275, "log10_lambda": -4.069864637403169, "log10_min_child_weight": 1.7674296317702924, "log10_subsample": -0.4548929213223154, "max_depth": 7.0, "num_boost_round": 46.0}, "datetime": {"datetime": "2024-01-19 01:41:07", "elapsed": 5368.556693, "delta": 0.005649}}
{"target": -13.758161951997351, "params": {"gamma": 928.9455463966528, "log10_alpha": -0.5856818988752455, "log10_colsample_bytree": -0.023813203232505464, "log10_eta": -3.04520689437275, "log10_lambda": -4.069864637403169, "log10_min_child_weight": 1.7674296317702924, "log10_subsample": -0.4548929213223154, "max_depth": 7.0, "num_boost_round": 47.0}, "datetime": {"datetime": "2024-01-19 01:41:07", "elapsed": 5368.562321, "delta": 0.005628}}
{"target": -13.758141360797433, "params": {"gamma": 928.9455463966528, "log10_alpha": -0.5856818988752455, "log10_colsample_bytree": -0.023813203232505464, "log10_eta": -3.04520689437275, "log10_lambda": -4.069864637403169, "log10_min_child_weight": 1.7674296317702924, "log10_subsample": -0.4548929213223154, "max_depth": 7.0, "num_boost_round": 48.0}, "datetime": {"datetime": "2024-01-19 01:41:07", "elapsed": 5368.567977, "delta": 0.005656}}
{"target": -13.758131415935694, "params": {"gamma": 928.9455463966528, "log10_alpha": -0.5856818988752455, "log10_colsample_bytree": -0.023813203232505464, "log10_eta": -3.04520689437275, "log10_lambda": -4.069864637403169, "log10_min_child_weight": 1.7674296317702924, "log10_subsample": -0.4548929213223154, "max_depth": 7.0, "num_boost_round": 49.0}, "datetime": {"datetime": "2024-01-19 01:41:07", "elapsed": 5368.57371, "delta": 0.005733}}
{"target": -13.758118813537077, "params": {"gamma": 928.9455463966528, "log10_alpha": -0.5856818988752455, "log10_colsample_bytree": -0.023813203232505464, "log10_eta": -3.04520689437275, "log10_lambda": -4.069864637403169, "log10_min_child_weight": 1.7674296317702924, "log10_subsample": -0.4548929213223154, "max_depth": 7.0, "num_boost_round": 50.0}, "datetime": {"datetime": "2024-01-19 01:41:07", "elapsed": 5368.579555, "delta": 0.005845}}
{"target": -13.758098740004664, "params": {"gamma": 928.9455463966528, "log10_alpha": -0.5856818988752455, "log10_colsample_bytree": -0.023813203232505464, "log10_eta": -3.04520689437275, "log10_lambda": -4.069864637403169, "log10_min_child_weight": 1.7674296317702924, "log10_subsample": -0.4548929213223154, "max_depth": 7.0, "num_boost_round": 51.0}, "datetime": {"datetime": "2024-01-19 01:41:07", "elapsed": 5368.58544, "delta": 0.005885}}
{"target": -13.758139992616913, "params": {"gamma": 928.9455463966528, "log10_alpha": -0.5856818988752455, "log10_colsample_bytree": -0.023813203232505464, "log10_eta": -3.04520689437275, "log10_lambda": -4.069864637403169, "log10_min_child_weight": 1.7674296317702924, "log10_subsample": -0.4548929213223154, "max_depth": 7.0, "num_boost_round": 52.0}, "datetime": {"datetime": "2024-01-19 01:41:07", "elapsed": 5368.591439, "delta": 0.005999}}
{"target": -13.75816913808173, "params": {"gamma": 928.9455463966528, "log10_alpha": -0.5856818988752455, "log10_colsample_bytree": -0.023813203232505464, "log10_eta": -3.04520689437275, "log10_lambda": -4.069864637403169, "log10_min_child_weight": 1.7674296317702924, "log10_subsample": -0.4548929213223154, "max_depth": 7.0, "num_boost_round": 53.0}, "datetime": {"datetime": "2024-01-19 01:41:07", "elapsed": 5368.597035, "delta": 0.005596}}
{"target": -13.75819033308213, "params": {"gamma": 928.9455463966528, "log10_alpha": -0.5856818988752455, "log10_colsample_bytree": -0.023813203232505464, "log10_eta": -3.04520689437275, "log10_lambda": -4.069864637403169, "log10_min_child_weight": 1.7674296317702924, "log10_subsample": -0.4548929213223154, "max_depth": 7.0, "num_boost_round": 54.0}, "datetime": {"datetime": "2024-01-19 01:41:07", "elapsed": 5368.60259, "delta": 0.005555}}
{"target": -13.758195669303698, "params": {"gamma": 928.9455463966528, "log10_alpha": -0.5856818988752455, "log10_colsample_bytree": -0.023813203232505464, "log10_eta": -3.04520689437275, "log10_lambda": -4.069864637403169, "log10_min_child_weight": 1.7674296317702924, "log10_subsample": -0.4548929213223154, "max_depth": 7.0, "num_boost_round": 55.0}, "datetime": {"datetime": "2024-01-19 01:41:07", "elapsed": 5368.608192, "delta": 0.005602}}
{"target": -13.758240362356572, "params": {"gamma": 928.9455463966528, "log10_alpha": -0.5856818988752455, "log10_colsample_bytree": -0.023813203232505464, "log10_eta": -3.04520689437275, "log10_lambda": -4.069864637403169, "log10_min_child_weight": 1.7674296317702924, "log10_subsample": -0.4548929213223154, "max_depth": 7.0, "num_boost_round": 56.0}, "datetime": {"datetime": "2024-01-19 01:41:07", "elapsed": 5368.613835, "delta": 0.005643}}
{"target": -13.758265072155234, "params": {"gamma": 928.9455463966528, "log10_alpha": -0.5856818988752455, "log10_colsample_bytree": -0.023813203232505464, "log10_eta": -3.04520689437275, "log10_lambda": -4.069864637403169, "log10_min_child_weight": 1.7674296317702924, "log10_subsample": -0.4548929213223154, "max_depth": 7.0, "num_boost_round": 57.0}, "datetime": {"datetime": "2024-01-19 01:41:07", "elapsed": 5368.619508, "delta": 0.005673}}
{"target": -13.758538267647754, "params": {"gamma": 940.5586782045943, "log10_alpha": -3.1209866441892657, "log10_colsample_bytree": -1.0, "log10_eta": -4.0, "log10_lambda": 1.0, "log10_min_child_weight": 3.7728638314600023, "log10_subsample": -1.0, "max_depth": 8.0, "num_boost_round": 0.0}, "datetime": {"datetime": "2024-01-19 01:42:45", "elapsed": 5466.299912, "delta": 97.680404}}
