{"target": -17.676886887384537, "params": {"gamma": 711.3122684977711, "log10_alpha": -4.51211201143088, "log10_colsample_bytree": -0.13281432094738, "log10_eta": -3.708418559397659, "log10_lambda": -4.552532478430563, "log10_min_child_weight": 1.2249579869327158, "log10_subsample": -0.23040315280666201, "max_depth": 4.0, "num_boost_round": 47.0}, "datetime": {"datetime": "2024-01-19 01:40:38", "elapsed": 5345.348195, "delta": 0.005941}}
{"target": -17.676881335636235, "params": {"gamma": 711.3122684977711, "log10_alpha": -4.51211201143088, "log10_colsample_bytree": -0.13281432094738, "log10_eta": -3.708418559397659, "log10_lambda": -4.552532478430563, "log10_min_child_weight": 1.2249579869327158, "log10_subsample": -0.23040315280666201, "max_depth": 4.0, "num_boost_round": 48.0}, "datetime": {"datetime": "2024-01-19 01:40:38", "elapsed": 5345.354187, "delta": 0.005992}}
{"target": -17.67687711557544, "params": {"gamma": 711.3122684977711, "log10_alpha": -4.51211201143088, "log10_colsample_bytree": -0.13281432094738, "log10_eta": -3.708418559397659, "log10_lambda": -4.552532478430563, "log10_min_child_weight": 1.2249579869327158, "log10_subsample": -0.23040315280666201, "max_depth": 4.0, "num_boost_round": 49.0}, "datetime": {"datetime": "2024-01-19 01:40:38", "elapsed": 5345.360161, "delta": 0.005974}}
{"target": -17.67687104210713, "params": {"gamma": 711.3122684977711, "log10_alpha": -4.51211201143088, "log10_colsample_bytree": -0.13281432094738, "log10_eta": -3.708418559397659, "log10_lambda": -4.552532478430563, "log10_min_child_weight": 1.2249579869327158, "log10_subsample": -0.23040315280666201, "max_depth": 4.0, "num_boost_round": 50.0}, "datetime": {"datetime": "2024-01-19 01:40:38", "elapsed": 5345.366161, "delta": 0.006}}
{"target": -17.676868329498742, "params": {"gamma": 711.3122684977711, "log10_alpha": -4.51211201143088, "log10_colsample_bytree": -0.13281432094738, "log10_eta": -3.708418559397659, "log10_lambda": -4.552532478430563, "log10_min_child_weight": 1.2249579869327158, "log10_subsample": -0.23040315280666201, "max_depth": 4.0, "num_boost_round": 51.0}, "datetime": {"datetime": "2024-01-19 01:40:38", "elapsed": 5345.372141, "delta": 0.00598}}
{"target": -17.676868237846453, "params": {"gamma": 711.3122684977711, "log10_alpha": -4.51211201143088, "log10_colsample_bytree": -0.13281432094738, "log10_eta": -3.708418559397659, "log10_lambda": -4.552532478430563, "log10_min_child_weight": 1.2249579869327158, "log10_subsample": -0.23040315280666201, "max_depth": 4.0, "num_boost_round": 52.0}, "datetime": {"datetime": "2024-01-19 01:40:38", "elapsed": 5345.378146, "delta": 0.006005}}
{"target": -17.676863300614993, "params": {"gamma": 711.3122684977711, "log10_alpha": -4.51211201143088, "log10_colsample_bytree": -0.13281432094738, "log10_eta": -3.708418559397659, "log10_lambda": -4.552532478430563, "log10_min_child_weight": 1.2249579869327158, "log10_subsample": -0.23040315280666201, "max_depth": 4.0, "num_boost_round": 53.0}, "datetime": {"datetime": "2024-01-19 01:40:38", "elapsed": 5345.385274, "delta": 0.007128}}
{"target": -17.676859771352795, "params": {"gamma": 711.3122684977711, "log10_alpha": -4.51211201143088, "log10_colsample_bytree": -0.13281432094738, "log10_eta": -3.708418559397659, "log10_lambda": -4.552532478430563, "log10_min_child_weight": 1.2249579869327158, "log10_subsample": -0.23040315280666201, "max_depth": 4.0, "num_boost_round": 54.0}, "datetime": {"datetime": "2024-01-19 01:40:38", "elapsed": 5345.391815, "delta": 0.006541}}
{"target": -17.67684800955237, "params": {"gamma": 711.3122684977711, "log10_alpha": -4.51211201143088, "log10_colsample_bytree": -0.13281432094738, "log10_eta": -3.708418559397659, "log10_lambda": -4.552532478430563, "log10_min_child_weight": 1.2249579869327158, "log10_subsample": -0.23040315280666201, "max_depth": 4.0, "num_boost_round": 55.0}, "datetime": {"datetime": "2024-01-19 01:40:38", "elapsed": 5345.397975, "delta": 0.00616}}
{"target": -17.67683706895441, "params": {"gamma": 711.3122684977711, "log10_alpha": -4.51211201143088, "log10_colsample_bytree": -0.13281432094738, "log10_eta": -3.708418559397659, "log10_lambda": -4.552532478430563, "log10_min_child_weight": 1.2249579869327158, "log10_subsample": -0.23040315280666201, "max_depth": 4.0, "num_boost_round": 56.0}, "datetime": {"datetime": "2024-01-19 01:40:38", "elapsed": 5345.407475, "delta": 0.0095}}
{"target": -17.677230266547713, "params": {"gamma": 57.92490285203833, "log10_alpha": -4.343246931905765, "log10_colsample_bytree": -0.39054270930938595, "log10_eta": -3.945457124442053, "log10_lambda": -0.13709721516290596, "log10_min_child_weight": 1.8923812141763952, "log10_subsample": -0.2728053351039347, "max_depth": 2.0, "num_boost_round": 0.0}, "datetime": {"datetime": "2024-01-19 01:42:32", "elapsed": 5459.642803, "delta": 114.235328}}
{"target": -17.677227335575804, "params": {"gamma": 57.92490285203833, "log10_alpha": -4.343246931905765, "log10_colsample_bytree": -0.39054270930938595, "log10_eta": -3.945457124442053, "log10_lambda": -0.13709721516290596, "log10_min_child_weight": 1.8923812141763952, "log10_subsample": -0.2728053351039347, "max_depth": 2.0, "num_boost_round": 1.0}, "datetime": {"datetime": "2024-01-19 01:42:32", "elapsed": 5459.649877, "delta": 0.007074}}
{"target": -17.677224220510027, "params": {"gamma": 57.92490285203833, "log10_alpha": -4.343246931905765, "log10_colsample_bytree": -0.39054270930938595, "log10_eta": -3.945457124442053, "log10_lambda": -0.13709721516290596, "log10_min_child_weight": 1.8923812141763952, "log10_subsample": -0.2728053351039347, "max_depth": 2.0, "num_boost_round": 2.0}, "datetime": {"datetime": "2024-01-19 01:42:32", "elapsed": 5459.656211, "delta": 0.006334}}
{"target": -17.677224055826525, "params": {"gamma": 57.92490285203833, "log10_alpha": -4.343246931905765, "log10_colsample_bytree": -0.39054270930938595, "log10_eta": -3.945457124442053, "log10_lambda": -0.13709721516290596, "log10_min_child_weight": 1.8923812141763952, "log10_subsample": -0.2728053351039347, "max_depth": 2.0, "num_boost_round": 3.0}, "datetime": {"datetime": "2024-01-19 01:42:32", "elapsed": 5459.662395, "delta": 0.006184}}
{"target": -17.677221446738542, "params": {"gamma": 57.92490285203833, "log10_alpha": -4.343246931905765, "log10_colsample_bytree": -0.39054270930938595, "log10_eta": -3.945457124442053, "log10_lambda": -0.13709721516290596, "log10_min_child_weight": 1.8923812141763952, "log10_subsample": -0.2728053351039347, "max_depth": 2.0, "num_boost_round": 4.0}, "datetime": {"datetime": "2024-01-19 01:42:32", "elapsed": 5459.668661, "delta": 0.006266}}
{"target": -17.67721981493922, "params": {"gamma": 57.92490285203833, "log10_alpha": -4.343246931905765, "log10_colsample_bytree": -0.39054270930938595, "log10_eta": -3.945457124442053, "log10_lambda": -0.13709721516290596, "log10_min_child_weight": 1.8923812141763952, "log10_subsample": -0.2728053351039347, "max_depth": 2.0, "num_boost_round": 5.0}, "datetime": {"datetime": "2024-01-19 01:42:32", "elapsed": 5459.674731, "delta": 0.00607}}
{"target": -17.677218660467865, "params": {"gamma": 57.92490285203833, "log10_alpha": -4.343246931905765, "log10_colsample_bytree": -0.39054270930938595, "log10_eta": -3.945457124442053, "log10_lambda": -0.13709721516290596, "log10_min_child_weight": 1.8923812141763952, "log10_subsample": -0.2728053351039347, "max_depth": 2.0, "num_boost_round": 6.0}, "datetime": {"datetime": "2024-01-19 01:42:32", "elapsed": 5459.681035, "delta": 0.006304}}
{"target": -17.677215052278292, "params": {"gamma": 57.92490285203833, "log10_alpha": -4.343246931905765, "log10_colsample_bytree": -0.39054270930938595, "log10_eta": -3.945457124442053, "log10_lambda": -0.13709721516290596, "log10_min_child_weight": 1.8923812141763952, "log10_subsample": -0.2728053351039347, "max_depth": 2.0, "num_boost_round": 7.0}, "datetime": {"datetime": "2024-01-19 01:42:32", "elapsed": 5459.686992, "delta": 0.005957}}
{"target": -17.67721299576329, "params": {"gamma": 57.92490285203833, "log10_alpha": -4.343246931905765, "log10_colsample_bytree": -0.39054270930938595, "log10_eta": -3.945457124442053, "log10_lambda": -0.13709721516290596, "log10_min_child_weight": 1.8923812141763952, "log10_subsample": -0.2728053351039347, "max_depth": 2.0, "num_boost_round": 8.0}, "datetime": {"datetime": "2024-01-19 01:42:32", "elapsed": 5459.69331, "delta": 0.006318}}
{"target": -17.677211127042735, "params": {"gamma": 57.92490285203833, "log10_alpha": -4.343246931905765, "log10_colsample_bytree": -0.39054270930938595, "log10_eta": -3.945457124442053, "log10_lambda": -0.13709721516290596, "log10_min_child_weight": 1.8923812141763952, "log10_subsample": -0.2728053351039347, "max_depth": 2.0, "num_boost_round": 9.0}, "datetime": {"datetime": "2024-01-19 01:42:32", "elapsed": 5459.699402, "delta": 0.006092}}
{"target": -17.677207925249377, "params": {"gamma": 57.92490285203833, "log10_alpha": -4.343246931905765, "log10_colsample_bytree": -0.39054270930938595, "log10_eta": -3.945457124442053, "log10_lambda": -0.13709721516290596, "log10_min_child_weight": 1.8923812141763952, "log10_subsample": -0.2728053351039347, "max_depth": 2.0, "num_boost_round": 10.0}, "datetime": {"datetime": "2024-01-19 01:42:32", "elapsed": 5459.705458, "delta": 0.006056}}
{"target": -17.677205163367958, "params": {"gamma": 57.92490285203833, "log10_alpha": -4.343246931905765, "log10_colsample_bytree": -0.39054270930938595, "log10_eta": -3.945457124442053, "log10_lambda": -0.13709721516290596, "log10_min_child_weight": 1.8923812141763952, "log10_subsample": -0.2728053351039347, "max_depth": 2.0, "num_boost_round": 11.0}, "datetime": {"datetime": "2024-01-19 01:42:32", "elapsed": 5459.711792, "delta": 0.006334}}
{"target": -17.677201659249363, "params": {"gamma": 57.92490285203833, "log10_alpha": -4.343246931905765, "log10_colsample_bytree": -0.39054270930938595, "log10_eta": -3.945457124442053, "log10_lambda": -0.13709721516290596, "log10_min_child_weight": 1.8923812141763952, "log10_subsample": -0.2728053351039347, "max_depth": 2.0, "num_boost_round": 12.0}, "datetime": {"datetime": "2024-01-19 01:42:32", "elapsed": 5459.718225, "delta": 0.006433}}
{"target": -17.677198067641086, "params": {"gamma": 57.92490285203833, "log10_alpha": -4.343246931905765, "log10_colsample_bytree": -0.39054270930938595, "log10_eta": -3.945457124442053, "log10_lambda": -0.13709721516290596, "log10_min_child_weight": 1.8923812141763952, "log10_subsample": -0.2728053351039347, "max_depth": 2.0, "num_boost_round": 13.0}, "datetime": {"datetime": "2024-01-19 01:42:32", "elapsed": 5459.8503, "delta": 0.132075}}
{"target": -17.677196694871668, "params": {"gamma": 57.92490285203833, "log10_alpha": -4.343246931905765, "log10_colsample_bytree": -0.39054270930938595, "log10_eta": -3.945457124442053, "log10_lambda": -0.13709721516290596, "log10_min_child_weight": 1.8923812141763952, "log10_subsample": -0.2728053351039347, "max_depth": 2.0, "num_boost_round": 14.0}, "datetime": {"datetime": "2024-01-19 01:42:32", "elapsed": 5459.857495, "delta": 0.007195}}
{"target": -17.677195144464367, "params": {"gamma": 57.92490285203833, "log10_alpha": -4.343246931905765, "log10_colsample_bytree": -0.39054270930938595, "log10_eta": -3.945457124442053, "log10_lambda": -0.13709721516290596, "log10_min_child_weight": 1.8923812141763952, "log10_subsample": -0.2728053351039347, "max_depth": 2.0, "num_boost_round": 15.0}, "datetime": {"datetime": "2024-01-19 01:42:32", "elapsed": 5459.863889, "delta": 0.006394}}
{"target": -17.67719237651936, "params": {"gamma": 57.92490285203833, "log10_alpha": -4.343246931905765, "log10_colsample_bytree": -0.39054270930938595, "log10_eta": -3.945457124442053, "log10_lambda": -0.13709721516290596, "log10_min_child_weight": 1.8923812141763952, "log10_subsample": -0.2728053351039347, "max_depth": 2.0, "num_boost_round": 16.0}, "datetime": {"datetime": "2024-01-19 01:42:32", "elapsed": 5459.870094, "delta": 0.006205}}
{"target": -17.677190734674735, "params": {"gamma": 57.92490285203833, "log10_alpha": -4.343246931905765, "log10_colsample_bytree": -0.39054270930938595, "log10_eta": -3.945457124442053, "log10_lambda": -0.13709721516290596, "log10_min_child_weight": 1.8923812141763952, "log10_subsample": -0.2728053351039347, "max_depth": 2.0, "num_boost_round": 17.0}, "datetime": {"datetime": "2024-01-19 01:42:32", "elapsed": 5459.876431, "delta": 0.006337}}
{"target": -17.677188823107873, "params": {"gamma": 57.92490285203833, "log10_alpha": -4.343246931905765, "log10_colsample_bytree": -0.39054270930938595, "log10_eta": -3.945457124442053, "log10_lambda": -0.13709721516290596, "log10_min_child_weight": 1.8923812141763952, "log10_subsample": -0.2728053351039347, "max_depth": 2.0, "num_boost_round": 18.0}, "datetime": {"datetime": "2024-01-19 01:42:32", "elapsed": 5459.882852, "delta": 0.006421}}
{"target": -17.677186607904236, "params": {"gamma": 57.92490285203833, "log10_alpha": -4.343246931905765, "log10_colsample_bytree": -0.39054270930938595, "log10_eta": -3.945457124442053, "log10_lambda": -0.13709721516290596, "log10_min_child_weight": 1.8923812141763952, "log10_subsample": -0.2728053351039347, "max_depth": 2.0, "num_boost_round": 19.0}, "datetime": {"datetime": "2024-01-19 01:42:32", "elapsed": 5459.889287, "delta": 0.006435}}
{"target": -17.67718487304132, "params": {"gamma": 57.92490285203833, "log10_alpha": -4.343246931905765, "log10_colsample_bytree": -0.39054270930938595, "log10_eta": -3.945457124442053, "log10_lambda": -0.13709721516290596, "log10_min_child_weight": 1.8923812141763952, "log10_subsample": -0.2728053351039347, "max_depth": 2.0, "num_boost_round": 20.0}, "datetime": {"datetime": "2024-01-19 01:42:32", "elapsed": 5459.89566, "delta": 0.006373}}
{"target": -17.677181570160585, "params": {"gamma": 57.92490285203833, "log10_alpha": -4.343246931905765, "log10_colsample_bytree": -0.39054270930938595, "log10_eta": -3.945457124442053, "log10_lambda": -0.13709721516290596, "log10_min_child_weight": 1.8923812141763952, "log10_subsample": -0.2728053351039347, "max_depth": 2.0, "num_boost_round": 21.0}, "datetime": {"datetime": "2024-01-19 01:42:32", "elapsed": 5459.90214, "delta": 0.00648}}
{"target": -17.677178916099333, "params": {"gamma": 57.92490285203833, "log10_alpha": -4.343246931905765, "log10_colsample_bytree": -0.39054270930938595, "log10_eta": -3.945457124442053, "log10_lambda": -0.13709721516290596, "log10_min_child_weight": 1.8923812141763952, "log10_subsample": -0.2728053351039347, "max_depth": 2.0, "num_boost_round": 22.0}, "datetime": {"datetime": "2024-01-19 01:42:32", "elapsed": 5459.908632, "delta": 0.006492}}
{"target": -17.677176430682298, "params": {"gamma": 57.92490285203833, "log10_alpha": -4.343246931905765, "log10_colsample_bytree": -0.39054270930938595, "log10_eta": -3.945457124442053, "log10_lambda": -0.13709721516290596, "log10_min_child_weight": 1.8923812141763952, "log10_subsample": -0.2728053351039347, "max_depth": 2.0, "num_boost_round": 23.0}, "datetime": {"datetime": "2024-01-19 01:42:32", "elapsed": 5459.915172, "delta": 0.00654}}
{"target": -17.677174607735633, "params": {"gamma": 57.92490285203833, "log10_alpha": -4.343246931905765, "log10_colsample_bytree": -0.39054270930938595, "log10_eta": -3.945457124442053, "log10_lambda": -0.13709721516290596, "log10_min_child_weight": 1.8923812141763952, "log10_subsample": -0.2728053351039347, "max_depth": 2.0, "num_boost_round": 24.0}, "datetime": {"datetime": "2024-01-19 01:42:32", "elapsed": 5459.921419, "delta": 0.006247}}
{"target": -17.67717098303383, "params": {"gamma": 57.92490285203833, "log10_alpha": -4.343246931905765, "log10_colsample_bytree": -0.39054270930938595, "log10_eta": -3.945457124442053, "log10_lambda": -0.13709721516290596, "log10_min_child_weight": 1.8923812141763952, "log10_subsample": -0.2728053351039347, "max_depth": 2.0, "num_boost_round": 25.0}, "datetime": {"datetime": "2024-01-19 01:42:32", "elapsed": 5459.927872, "delta": 0.006453}}
{"target": -17.677169958683695, "params": {"gamma": 57.92490285203833, "log10_alpha": -4.343246931905765, "log10_colsample_bytree": -0.39054270930938595, "log10_eta": -3.945457124442053, "log10_lambda": -0.13709721516290596, "log10_min_child_weight": 1.8923812141763952, "log10_subsample": -0.2728053351039347, "max_depth": 2.0, "num_boost_round": 26.0}, "datetime": {"datetime": "2024-01-19 01:42:32", "elapsed": 5459.934339, "delta": 0.006467}}
{"target": -17.677169107374514, "params": {"gamma": 57.92490285203833, "log10_alpha": -4.343246931905765, "log10_colsample_bytree": -0.39054270930938595, "log10_eta": -3.945457124442053, "log10_lambda": -0.13709721516290596, "log10_min_child_weight": 1.8923812141763952, "log10_subsample": -0.2728053351039347, "max_depth": 2.0, "num_boost_round": 27.0}, "datetime": {"datetime": "2024-01-19 01:42:32", "elapsed": 5459.940821, "delta": 0.006482}}
{"target": -17.677166309704692, "params": {"gamma": 57.92490285203833, "log10_alpha": -4.343246931905765, "log10_colsample_bytree": -0.39054270930938595, "log10_eta": -3.945457124442053, "log10_lambda": -0.13709721516290596, "log10_min_child_weight": 1.8923812141763952, "log10_subsample": -0.2728053351039347, "max_depth": 2.0, "num_boost_round": 28.0}, "datetime": {"datetime": "2024-01-19 01:42:32", "elapsed": 5459.947311, "delta": 0.00649}}
{"target": -17.677163660605554, "params": {"gamma": 57.92490285203833, "log10_alpha": -4.343246931905765, "log10_colsample_bytree": -0.39054270930938595, "log10_eta": -3.945457124442053, "log10_lambda": -0.13709721516290596, "log10_min_child_weight": 1.8923812141763952, "log10_subsample": -0.2728053351039347, "max_depth": 2.0, "num_boost_round": 29.0}, "datetime": {"datetime": "2024-01-19 01:42:32", "elapsed": 5459.953716, "delta": 0.006405}}
{"target": -17.67716121287298, "params": {"gamma": 57.92490285203833, "log10_alpha": -4.343246931905765, "log10_colsample_bytree": -0.39054270930938595, "log10_eta": -3.945457124442053, "log10_lambda": -0.13709721516290596, "log10_min_child_weight": 1.8923812141763952, "log10_subsample": -0.2728053351039347, "max_depth": 2.0, "num_boost_round": 30.0}, "datetime": {"datetime": "2024-01-19 01:42:32", "elapsed": 5459.960005, "delta": 0.006289}}
{"target": -17.67715849417149, "params": {"gamma": 57.92490285203833, "log10_alpha": -4.343246931905765, "log10_colsample_bytree": -0.39054270930938595, "log10_eta": -3.945457124442053, "log10_lambda": -0.13709721516290596, "log10_min_child_weight": 1.8923812141763952, "log10_subsample": -0.2728053351039347, "max_depth": 2.0, "num_boost_round": 31.0}, "datetime": {"datetime": "2024-01-19 01:42:32", "elapsed": 5459.96628, "delta": 0.006275}}
{"target": -17.677156756793188, "params": {"gamma": 57.92490285203833, "log10_alpha": -4.343246931905765, "log10_colsample_bytree": -0.39054270930938595, "log10_eta": -3.945457124442053, "log10_lambda": -0.13709721516290596, "log10_min_child_weight": 1.8923812141763952, "log10_subsample": -0.2728053351039347, "max_depth": 2.0, "num_boost_round": 32.0}, "datetime": {"datetime": "2024-01-19 01:42:32", "elapsed": 5459.972756, "delta": 0.006476}}
{"target": -17.67715354299742, "params": {"gamma": 57.92490285203833, "log10_alpha": -4.343246931905765, "log10_colsample_bytree": -0.39054270930938595, "log10_eta": -3.945457124442053, "log10_lambda": -0.13709721516290596, "log10_min_child_weight": 1.8923812141763952, "log10_subsample": -0.2728053351039347, "max_depth": 2.0, "num_boost_round": 33.0}, "datetime": {"datetime": "2024-01-19 01:42:32", "elapsed": 5459.980236, "delta": 0.00748}}
{"target": -17.67715076907597, "params": {"gamma": 57.92490285203833, "log10_alpha": -4.343246931905765, "log10_colsample_bytree": -0.39054270930938595, "log10_eta": -3.945457124442053, "log10_lambda": -0.13709721516290596, "log10_min_child_weight": 1.8923812141763952, "log10_subsample": -0.2728053351039347, "max_depth": 2.0, "num_boost_round": 34.0}, "datetime": {"datetime": "2024-01-19 01:42:32", "elapsed": 5459.987722, "delta": 0.007486}}
{"target": -17.67714760812274, "params": {"gamma": 57.92490285203833, "log10_alpha": -4.343246931905765, "log10_colsample_bytree": -0.39054270930938595, "log10_eta": -3.945457124442053, "log10_lambda": -0.13709721516290596, "log10_min_child_weight": 1.8923812141763952, "log10_subsample": -0.2728053351039347, "max_depth": 2.0, "num_boost_round": 35.0}, "datetime": {"datetime": "2024-01-19 01:42:32", "elapsed": 5459.994877, "delta": 0.007155}}
{"target": -17.6771458274256, "params": {"gamma": 57.92490285203833, "log10_alpha": -4.343246931905765, "log10_colsample_bytree": -0.39054270930938595, "log10_eta": -3.945457124442053, "log10_lambda": -0.13709721516290596, "log10_min_child_weight": 1.8923812141763952, "log10_subsample": -0.2728053351039347, "max_depth": 2.0, "num_boost_round": 36.0}, "datetime": {"datetime": "2024-01-19 01:42:32", "elapsed": 5460.001127, "delta": 0.00625}}
{"target": -17.67714395083825, "params": {"gamma": 57.92490285203833, "log10_alpha": -4.343246931905765, "log10_colsample_bytree": -0.39054270930938595, "log10_eta": -3.945457124442053, "log10_lambda": -0.13709721516290596, "log10_min_child_weight": 1.8923812141763952, "log10_subsample": -0.2728053351039347, "max_depth": 2.0, "num_boost_round": 37.0}, "datetime": {"datetime": "2024-01-19 01:42:32", "elapsed": 5460.007513, "delta": 0.006386}}
{"target": -17.67714240608543, "params": {"gamma": 57.92490285203833, "log10_alpha": -4.343246931905765, "log10_colsample_bytree": -0.39054270930938595, "log10_eta": -3.945457124442053, "log10_lambda": -0.13709721516290596, "log10_min_child_weight": 1.8923812141763952, "log10_subsample": -0.2728053351039347, "max_depth": 2.0, "num_boost_round": 38.0}, "datetime": {"datetime": "2024-01-19 01:42:32", "elapsed": 5460.013692, "delta": 0.006179}}
