{"target": -17.673892729830563, "params": {"gamma": 418.19783577704084, "log10_alpha": -1.9433675807904494, "log10_colsample_bytree": -0.35481903548971294, "log10_eta": -2.346261050558838, "log10_lambda": -1.718967286663652, "log10_min_child_weight": 1.992176868823055, "log10_subsample": -0.01828026238849645, "max_depth": 3.0, "num_boost_round": 25.0}, "datetime": {"datetime": "2024-01-19 00:42:54", "elapsed": 1867.63139, "delta": 0.002956}}
{"target": -17.673815274379937, "params": {"gamma": 418.19783577704084, "log10_alpha": -1.9433675807904494, "log10_colsample_bytree": -0.35481903548971294, "log10_eta": -2.346261050558838, "log10_lambda": -1.718967286663652, "log10_min_child_weight": 1.992176868823055, "log10_subsample": -0.01828026238849645, "max_depth": 3.0, "num_boost_round": 26.0}, "datetime": {"datetime": "2024-01-19 00:42:54", "elapsed": 1867.634341, "delta": 0.002951}}
{"target": -17.673775111091494, "params": {"gamma": 418.19783577704084, "log10_alpha": -1.9433675807904494, "log10_colsample_bytree": -0.35481903548971294, "log10_eta": -2.346261050558838, "log10_lambda": -1.718967286663652, "log10_min_child_weight": 1.992176868823055, "log10_subsample": -0.01828026238849645, "max_depth": 3.0, "num_boost_round": 27.0}, "datetime": {"datetime": "2024-01-19 00:42:54", "elapsed": 1867.637286, "delta": 0.002945}}
{"target": -17.673681791047713, "params": {"gamma": 418.19783577704084, "log10_alpha": -1.9433675807904494, "log10_colsample_bytree": -0.35481903548971294, "log10_eta": -2.346261050558838, "log10_lambda": -1.718967286663652, "log10_min_child_weight": 1.992176868823055, "log10_subsample": -0.01828026238849645, "max_depth": 3.0, "num_boost_round": 28.0}, "datetime": {"datetime": "2024-01-19 00:42:54", "elapsed": 1867.640254, "delta": 0.002968}}
{"target": -17.673512611959506, "params": {"gamma": 418.19783577704084, "log10_alpha": -1.9433675807904494, "log10_colsample_bytree": -0.35481903548971294, "log10_eta": -2.346261050558838, "log10_lambda": -1.718967286663652, "log10_min_child_weight": 1.992176868823055, "log10_subsample": -0.01828026238849645, "max_depth": 3.0, "num_boost_round": 29.0}, "datetime": {"datetime": "2024-01-19 00:42:54", "elapsed": 1867.64321, "delta": 0.002956}}
{"target": -17.673361697083312, "params": {"gamma": 418.19783577704084, "log10_alpha": -1.9433675807904494, "log10_colsample_bytree": -0.35481903548971294, "log10_eta": -2.346261050558838, "log10_lambda": -1.718967286663652, "log10_min_child_weight": 1.992176868823055, "log10_subsample": -0.01828026238849645, "max_depth": 3.0, "num_boost_round": 30.0}, "datetime": {"datetime": "2024-01-19 00:42:54", "elapsed": 1867.646316, "delta": 0.003106}}
{"target": -17.67324707778409, "params": {"gamma": 418.19783577704084, "log10_alpha": -1.9433675807904494, "log10_colsample_bytree": -0.35481903548971294, "log10_eta": -2.346261050558838, "log10_lambda": -1.718967286663652, "log10_min_child_weight": 1.992176868823055, "log10_subsample": -0.01828026238849645, "max_depth": 3.0, "num_boost_round": 31.0}, "datetime": {"datetime": "2024-01-19 00:42:54", "elapsed": 1867.649371, "delta": 0.003055}}
{"target": -17.673216358674807, "params": {"gamma": 418.19783577704084, "log10_alpha": -1.9433675807904494, "log10_colsample_bytree": -0.35481903548971294, "log10_eta": -2.346261050558838, "log10_lambda": -1.718967286663652, "log10_min_child_weight": 1.992176868823055, "log10_subsample": -0.01828026238849645, "max_depth": 3.0, "num_boost_round": 32.0}, "datetime": {"datetime": "2024-01-19 00:42:55", "elapsed": 1867.652401, "delta": 0.00303}}
{"target": -17.673131345603103, "params": {"gamma": 418.19783577704084, "log10_alpha": -1.9433675807904494, "log10_colsample_bytree": -0.35481903548971294, "log10_eta": -2.346261050558838, "log10_lambda": -1.718967286663652, "log10_min_child_weight": 1.992176868823055, "log10_subsample": -0.01828026238849645, "max_depth": 3.0, "num_boost_round": 33.0}, "datetime": {"datetime": "2024-01-19 00:42:55", "elapsed": 1867.6562, "delta": 0.003799}}
{"target": -17.6730795614266, "params": {"gamma": 418.19783577704084, "log10_alpha": -1.9433675807904494, "log10_colsample_bytree": -0.35481903548971294, "log10_eta": -2.346261050558838, "log10_lambda": -1.718967286663652, "log10_min_child_weight": 1.992176868823055, "log10_subsample": -0.01828026238849645, "max_depth": 3.0, "num_boost_round": 34.0}, "datetime": {"datetime": "2024-01-19 00:42:55", "elapsed": 1867.659494, "delta": 0.003294}}
{"target": -17.677206224366262, "params": {"gamma": 422.7355870108169, "log10_alpha": 0.14870408093942977, "log10_colsample_bytree": -0.06662266956888585, "log10_eta": -3.092649707017458, "log10_lambda": -4.584959531266305, "log10_min_child_weight": 3.594506227577536, "log10_subsample": -0.25297326639232787, "max_depth": 3.0, "num_boost_round": 0.0}, "datetime": {"datetime": "2024-01-19 00:43:24", "elapsed": 1897.21553, "delta": 29.556036}}
{"target": -17.677179293034545, "params": {"gamma": 422.7355870108169, "log10_alpha": 0.14870408093942977, "log10_colsample_bytree": -0.06662266956888585, "log10_eta": -3.092649707017458, "log10_lambda": -4.584959531266305, "log10_min_child_weight": 3.594506227577536, "log10_subsample": -0.25297326639232787, "max_depth": 3.0, "num_boost_round": 1.0}, "datetime": {"datetime": "2024-01-19 00:43:24", "elapsed": 1897.218864, "delta": 0.003334}}
{"target": -17.677153086357105, "params": {"gamma": 422.7355870108169, "log10_alpha": 0.14870408093942977, "log10_colsample_bytree": -0.06662266956888585, "log10_eta": -3.092649707017458, "log10_lambda": -4.584959531266305, "log10_min_child_weight": 3.594506227577536, "log10_subsample": -0.25297326639232787, "max_depth": 3.0, "num_boost_round": 2.0}, "datetime": {"datetime": "2024-01-19 00:43:24", "elapsed": 1897.222358, "delta": 0.003494}}
{"target": -17.677126179434175, "params": {"gamma": 422.7355870108169, "log10_alpha": 0.14870408093942977, "log10_colsample_bytree": -0.06662266956888585, "log10_eta": -3.092649707017458, "log10_lambda": -4.584959531266305, "log10_min_child_weight": 3.594506227577536, "log10_subsample": -0.25297326639232787, "max_depth": 3.0, "num_boost_round": 3.0}, "datetime": {"datetime": "2024-01-19 00:43:24", "elapsed": 1897.225309, "delta": 0.002951}}
{"target": -17.67711880121978, "params": {"gamma": 422.7355870108169, "log10_alpha": 0.14870408093942977, "log10_colsample_bytree": -0.06662266956888585, "log10_eta": -3.092649707017458, "log10_lambda": -4.584959531266305, "log10_min_child_weight": 3.594506227577536, "log10_subsample": -0.25297326639232787, "max_depth": 3.0, "num_boost_round": 4.0}, "datetime": {"datetime": "2024-01-19 00:43:24", "elapsed": 1897.228313, "delta": 0.003004}}
{"target": -17.677092022352777, "params": {"gamma": 422.7355870108169, "log10_alpha": 0.14870408093942977, "log10_colsample_bytree": -0.06662266956888585, "log10_eta": -3.092649707017458, "log10_lambda": -4.584959531266305, "log10_min_child_weight": 3.594506227577536, "log10_subsample": -0.25297326639232787, "max_depth": 3.0, "num_boost_round": 5.0}, "datetime": {"datetime": "2024-01-19 00:43:24", "elapsed": 1897.231378, "delta": 0.003065}}
{"target": -17.677068905448788, "params": {"gamma": 422.7355870108169, "log10_alpha": 0.14870408093942977, "log10_colsample_bytree": -0.06662266956888585, "log10_eta": -3.092649707017458, "log10_lambda": -4.584959531266305, "log10_min_child_weight": 3.594506227577536, "log10_subsample": -0.25297326639232787, "max_depth": 3.0, "num_boost_round": 6.0}, "datetime": {"datetime": "2024-01-19 00:43:24", "elapsed": 1897.234343, "delta": 0.002965}}
{"target": -17.67704293835281, "params": {"gamma": 422.7355870108169, "log10_alpha": 0.14870408093942977, "log10_colsample_bytree": -0.06662266956888585, "log10_eta": -3.092649707017458, "log10_lambda": -4.584959531266305, "log10_min_child_weight": 3.594506227577536, "log10_subsample": -0.25297326639232787, "max_depth": 3.0, "num_boost_round": 7.0}, "datetime": {"datetime": "2024-01-19 00:43:24", "elapsed": 1897.237262, "delta": 0.002919}}
{"target": -17.67701050606399, "params": {"gamma": 422.7355870108169, "log10_alpha": 0.14870408093942977, "log10_colsample_bytree": -0.06662266956888585, "log10_eta": -3.092649707017458, "log10_lambda": -4.584959531266305, "log10_min_child_weight": 3.594506227577536, "log10_subsample": -0.25297326639232787, "max_depth": 3.0, "num_boost_round": 8.0}, "datetime": {"datetime": "2024-01-19 00:43:24", "elapsed": 1897.240107, "delta": 0.002845}}
{"target": -17.676984802978065, "params": {"gamma": 422.7355870108169, "log10_alpha": 0.14870408093942977, "log10_colsample_bytree": -0.06662266956888585, "log10_eta": -3.092649707017458, "log10_lambda": -4.584959531266305, "log10_min_child_weight": 3.594506227577536, "log10_subsample": -0.25297326639232787, "max_depth": 3.0, "num_boost_round": 9.0}, "datetime": {"datetime": "2024-01-19 00:43:24", "elapsed": 1897.242978, "delta": 0.002871}}
{"target": -17.67696139693371, "params": {"gamma": 422.7355870108169, "log10_alpha": 0.14870408093942977, "log10_colsample_bytree": -0.06662266956888585, "log10_eta": -3.092649707017458, "log10_lambda": -4.584959531266305, "log10_min_child_weight": 3.594506227577536, "log10_subsample": -0.25297326639232787, "max_depth": 3.0, "num_boost_round": 10.0}, "datetime": {"datetime": "2024-01-19 00:43:24", "elapsed": 1897.245821, "delta": 0.002843}}
{"target": -17.6769364321734, "params": {"gamma": 422.7355870108169, "log10_alpha": 0.14870408093942977, "log10_colsample_bytree": -0.06662266956888585, "log10_eta": -3.092649707017458, "log10_lambda": -4.584959531266305, "log10_min_child_weight": 3.594506227577536, "log10_subsample": -0.25297326639232787, "max_depth": 3.0, "num_boost_round": 11.0}, "datetime": {"datetime": "2024-01-19 00:43:24", "elapsed": 1897.248715, "delta": 0.002894}}
{"target": -17.67691207448259, "params": {"gamma": 422.7355870108169, "log10_alpha": 0.14870408093942977, "log10_colsample_bytree": -0.06662266956888585, "log10_eta": -3.092649707017458, "log10_lambda": -4.584959531266305, "log10_min_child_weight": 3.594506227577536, "log10_subsample": -0.25297326639232787, "max_depth": 3.0, "num_boost_round": 12.0}, "datetime": {"datetime": "2024-01-19 00:43:24", "elapsed": 1897.251613, "delta": 0.002898}}
{"target": -17.67688730071937, "params": {"gamma": 422.7355870108169, "log10_alpha": 0.14870408093942977, "log10_colsample_bytree": -0.06662266956888585, "log10_eta": -3.092649707017458, "log10_lambda": -4.584959531266305, "log10_min_child_weight": 3.594506227577536, "log10_subsample": -0.25297326639232787, "max_depth": 3.0, "num_boost_round": 13.0}, "datetime": {"datetime": "2024-01-19 00:43:24", "elapsed": 1897.254505, "delta": 0.002892}}
{"target": -17.67686181022238, "params": {"gamma": 422.7355870108169, "log10_alpha": 0.14870408093942977, "log10_colsample_bytree": -0.06662266956888585, "log10_eta": -3.092649707017458, "log10_lambda": -4.584959531266305, "log10_min_child_weight": 3.594506227577536, "log10_subsample": -0.25297326639232787, "max_depth": 3.0, "num_boost_round": 14.0}, "datetime": {"datetime": "2024-01-19 00:43:24", "elapsed": 1897.257404, "delta": 0.002899}}
{"target": -17.676837110969643, "params": {"gamma": 422.7355870108169, "log10_alpha": 0.14870408093942977, "log10_colsample_bytree": -0.06662266956888585, "log10_eta": -3.092649707017458, "log10_lambda": -4.584959531266305, "log10_min_child_weight": 3.594506227577536, "log10_subsample": -0.25297326639232787, "max_depth": 3.0, "num_boost_round": 15.0}, "datetime": {"datetime": "2024-01-19 00:43:24", "elapsed": 1897.260274, "delta": 0.00287}}
{"target": -17.676815301801295, "params": {"gamma": 422.7355870108169, "log10_alpha": 0.14870408093942977, "log10_colsample_bytree": -0.06662266956888585, "log10_eta": -3.092649707017458, "log10_lambda": -4.584959531266305, "log10_min_child_weight": 3.594506227577536, "log10_subsample": -0.25297326639232787, "max_depth": 3.0, "num_boost_round": 16.0}, "datetime": {"datetime": "2024-01-19 00:43:24", "elapsed": 1897.263152, "delta": 0.002878}}
{"target": -17.676807479214236, "params": {"gamma": 422.7355870108169, "log10_alpha": 0.14870408093942977, "log10_colsample_bytree": -0.06662266956888585, "log10_eta": -3.092649707017458, "log10_lambda": -4.584959531266305, "log10_min_child_weight": 3.594506227577536, "log10_subsample": -0.25297326639232787, "max_depth": 3.0, "num_boost_round": 17.0}, "datetime": {"datetime": "2024-01-19 00:43:24", "elapsed": 1897.26602, "delta": 0.002868}}
{"target": -17.676783719495027, "params": {"gamma": 422.7355870108169, "log10_alpha": 0.14870408093942977, "log10_colsample_bytree": -0.06662266956888585, "log10_eta": -3.092649707017458, "log10_lambda": -4.584959531266305, "log10_min_child_weight": 3.594506227577536, "log10_subsample": -0.25297326639232787, "max_depth": 3.0, "num_boost_round": 18.0}, "datetime": {"datetime": "2024-01-19 00:43:24", "elapsed": 1897.268902, "delta": 0.002882}}
{"target": -17.676770045777896, "params": {"gamma": 422.7355870108169, "log10_alpha": 0.14870408093942977, "log10_colsample_bytree": -0.06662266956888585, "log10_eta": -3.092649707017458, "log10_lambda": -4.584959531266305, "log10_min_child_weight": 3.594506227577536, "log10_subsample": -0.25297326639232787, "max_depth": 3.0, "num_boost_round": 19.0}, "datetime": {"datetime": "2024-01-19 00:43:24", "elapsed": 1897.271838, "delta": 0.002936}}
{"target": -17.67673378639934, "params": {"gamma": 422.7355870108169, "log10_alpha": 0.14870408093942977, "log10_colsample_bytree": -0.06662266956888585, "log10_eta": -3.092649707017458, "log10_lambda": -4.584959531266305, "log10_min_child_weight": 3.594506227577536, "log10_subsample": -0.25297326639232787, "max_depth": 3.0, "num_boost_round": 20.0}, "datetime": {"datetime": "2024-01-19 00:43:24", "elapsed": 1897.274729, "delta": 0.002891}}
{"target": -17.677232543159906, "params": {"gamma": 442.1742655623568, "log10_alpha": -2.396834233876902, "log10_colsample_bytree": -0.5055150592079953, "log10_eta": -3.375418256063764, "log10_lambda": -2.1642420814803085, "log10_min_child_weight": 4.841861382751748, "log10_subsample": -0.5223235348508624, "max_depth": 5.0, "num_boost_round": 0.0}, "datetime": {"datetime": "2024-01-19 00:43:58", "elapsed": 1930.665079, "delta": 33.39035}}
{"target": -17.67723110964749, "params": {"gamma": 442.1742655623568, "log10_alpha": -2.396834233876902, "log10_colsample_bytree": -0.5055150592079953, "log10_eta": -3.375418256063764, "log10_lambda": -2.1642420814803085, "log10_min_child_weight": 4.841861382751748, "log10_subsample": -0.5223235348508624, "max_depth": 5.0, "num_boost_round": 1.0}, "datetime": {"datetime": "2024-01-19 00:43:58", "elapsed": 1930.668599, "delta": 0.00352}}
{"target": -17.677230841971486, "params": {"gamma": 442.1742655623568, "log10_alpha": -2.396834233876902, "log10_colsample_bytree": -0.5055150592079953, "log10_eta": -3.375418256063764, "log10_lambda": -2.1642420814803085, "log10_min_child_weight": 4.841861382751748, "log10_subsample": -0.5223235348508624, "max_depth": 5.0, "num_boost_round": 2.0}, "datetime": {"datetime": "2024-01-19 00:43:58", "elapsed": 1930.671705, "delta": 0.003106}}
{"target": -17.67722869215537, "params": {"gamma": 442.1742655623568, "log10_alpha": -2.396834233876902, "log10_colsample_bytree": -0.5055150592079953, "log10_eta": -3.375418256063764, "log10_lambda": -2.1642420814803085, "log10_min_child_weight": 4.841861382751748, "log10_subsample": -0.5223235348508624, "max_depth": 5.0, "num_boost_round": 3.0}, "datetime": {"datetime": "2024-01-19 00:43:58", "elapsed": 1930.674562, "delta": 0.002857}}
{"target": -17.67722607673325, "params": {"gamma": 442.1742655623568, "log10_alpha": -2.396834233876902, "log10_colsample_bytree": -0.5055150592079953, "log10_eta": -3.375418256063764, "log10_lambda": -2.1642420814803085, "log10_min_child_weight": 4.841861382751748, "log10_subsample": -0.5223235348508624, "max_depth": 5.0, "num_boost_round": 4.0}, "datetime": {"datetime": "2024-01-19 00:43:58", "elapsed": 1930.677421, "delta": 0.002859}}
{"target": -17.677227442963385, "params": {"gamma": 442.1742655623568, "log10_alpha": -2.396834233876902, "log10_colsample_bytree": -0.5055150592079953, "log10_eta": -3.375418256063764, "log10_lambda": -2.1642420814803085, "log10_min_child_weight": 4.841861382751748, "log10_subsample": -0.5223235348508624, "max_depth": 5.0, "num_boost_round": 5.0}, "datetime": {"datetime": "2024-01-19 00:43:58", "elapsed": 1930.680264, "delta": 0.002843}}
{"target": -17.677227051091727, "params": {"gamma": 442.1742655623568, "log10_alpha": -2.396834233876902, "log10_colsample_bytree": -0.5055150592079953, "log10_eta": -3.375418256063764, "log10_lambda": -2.1642420814803085, "log10_min_child_weight": 4.841861382751748, "log10_subsample": -0.5223235348508624, "max_depth": 5.0, "num_boost_round": 6.0}, "datetime": {"datetime": "2024-01-19 00:43:58", "elapsed": 1930.683152, "delta": 0.002888}}
{"target": -17.67722796961513, "params": {"gamma": 442.1742655623568, "log10_alpha": -2.396834233876902, "log10_colsample_bytree": -0.5055150592079953, "log10_eta": -3.375418256063764, "log10_lambda": -2.1642420814803085, "log10_min_child_weight": 4.841861382751748, "log10_subsample": -0.5223235348508624, "max_depth": 5.0, "num_boost_round": 7.0}, "datetime": {"datetime": "2024-01-19 00:43:58", "elapsed": 1930.685953, "delta": 0.002801}}
{"target": -17.677226417415273, "params": {"gamma": 442.1742655623568, "log10_alpha": -2.396834233876902, "log10_colsample_bytree": -0.5055150592079953, "log10_eta": -3.375418256063764, "log10_lambda": -2.1642420814803085, "log10_min_child_weight": 4.841861382751748, "log10_subsample": -0.5223235348508624, "max_depth": 5.0, "num_boost_round": 8.0}, "datetime": {"datetime": "2024-01-19 00:43:58", "elapsed": 1930.688833, "delta": 0.00288}}
{"target": -17.677222554217686, "params": {"gamma": 442.1742655623568, "log10_alpha": -2.396834233876902, "log10_colsample_bytree": -0.5055150592079953, "log10_eta": -3.375418256063764, "log10_lambda": -2.1642420814803085, "log10_min_child_weight": 4.841861382751748, "log10_subsample": -0.5223235348508624, "max_depth": 5.0, "num_boost_round": 9.0}, "datetime": {"datetime": "2024-01-19 00:43:58", "elapsed": 1930.69174, "delta": 0.002907}}
{"target": -17.67721864598575, "params": {"gamma": 442.1742655623568, "log10_alpha": -2.396834233876902, "log10_colsample_bytree": -0.5055150592079953, "log10_eta": -3.375418256063764, "log10_lambda": -2.1642420814803085, "log10_min_child_weight": 4.841861382751748, "log10_subsample": -0.5223235348508624, "max_depth": 5.0, "num_boost_round": 10.0}, "datetime": {"datetime": "2024-01-19 00:43:58", "elapsed": 1930.694617, "delta": 0.002877}}
{"target": -17.677212836109966, "params": {"gamma": 442.1742655623568, "log10_alpha": -2.396834233876902, "log10_colsample_bytree": -0.5055150592079953, "log10_eta": -3.375418256063764, "log10_lambda": -2.1642420814803085, "log10_min_child_weight": 4.841861382751748, "log10_subsample": -0.5223235348508624, "max_depth": 5.0, "num_boost_round": 11.0}, "datetime": {"datetime": "2024-01-19 00:43:58", "elapsed": 1930.697477, "delta": 0.00286}}
{"target": -17.677214509405257, "params": {"gamma": 442.1742655623568, "log10_alpha": -2.396834233876902, "log10_colsample_bytree": -0.5055150592079953, "log10_eta": -3.375418256063764, "log10_lambda": -2.1642420814803085, "log10_min_child_weight": 4.841861382751748, "log10_subsample": -0.5223235348508624, "max_depth": 5.0, "num_boost_round": 12.0}, "datetime": {"datetime": "2024-01-19 00:43:58", "elapsed": 1930.700292, "delta": 0.002815}}
{"target": -17.677214899539244, "params": {"gamma": 442.1742655623568, "log10_alpha": -2.396834233876902, "log10_colsample_bytree": -0.5055150592079953, "log10_eta": -3.375418256063764, "log10_lambda": -2.1642420814803085, "log10_min_child_weight": 4.841861382751748, "log10_subsample": -0.5223235348508624, "max_depth": 5.0, "num_boost_round": 13.0}, "datetime": {"datetime": "2024-01-19 00:43:58", "elapsed": 1930.703263, "delta": 0.002971}}
{"target": -17.677215204244444, "params": {"gamma": 442.1742655623568, "log10_alpha": -2.396834233876902, "log10_colsample_bytree": -0.5055150592079953, "log10_eta": -3.375418256063764, "log10_lambda": -2.1642420814803085, "log10_min_child_weight": 4.841861382751748, "log10_subsample": -0.5223235348508624, "max_depth": 5.0, "num_boost_round": 14.0}, "datetime": {"datetime": "2024-01-19 00:43:58", "elapsed": 1930.706224, "delta": 0.002961}}
{"target": -17.677211048648413, "params": {"gamma": 442.1742655623568, "log10_alpha": -2.396834233876902, "log10_colsample_bytree": -0.5055150592079953, "log10_eta": -3.375418256063764, "log10_lambda": -2.1642420814803085, "log10_min_child_weight": 4.841861382751748, "log10_subsample": -0.5223235348508624, "max_depth": 5.0, "num_boost_round": 15.0}, "datetime": {"datetime": "2024-01-19 00:43:58", "elapsed": 1930.709116, "delta": 0.002892}}
{"target": -17.677038563991932, "params": {"gamma": 441.36967561537165, "log10_alpha": -3.396439931374272, "log10_colsample_bytree": -0.2878675610238024, "log10_eta": -1.9144446141601406, "log10_lambda": -2.4646020336781342, "log10_min_child_weight": 4.916756142516561, "log10_subsample": -0.21463501772236615, "max_depth": 8.0, "num_boost_round": 0.0}, "datetime": {"datetime": "2024-01-19 00:44:45", "elapsed": 1978.585912, "delta": 47.876796}}
{"target": -17.67683845687783, "params": {"gamma": 441.36967561537165, "log10_alpha": -3.396439931374272, "log10_colsample_bytree": -0.2878675610238024, "log10_eta": -1.9144446141601406, "log10_lambda": -2.4646020336781342, "log10_min_child_weight": 4.916756142516561, "log10_subsample": -0.21463501772236615, "max_depth": 8.0, "num_boost_round": 1.0}, "datetime": {"datetime": "2024-01-19 00:44:45", "elapsed": 1978.589531, "delta": 0.003619}}
