{"target": -13.758373503336252, "params": {"gamma": 833.301045155873, "log10_alpha": -4.598436556966206, "log10_colsample_bytree": -0.2270357358008297, "log10_eta": -2.6156985249206857, "log10_lambda": -3.248788301847485, "log10_min_child_weight": 4.568386432672104, "log10_subsample": -0.6874572731820899, "max_depth": 6.0, "num_boost_round": 35.0}, "datetime": {"datetime": "2024-01-19 01:26:38", "elapsed": 4502.42649, "delta": 0.005028}}
{"target": -13.75837211650769, "params": {"gamma": 833.301045155873, "log10_alpha": -4.598436556966206, "log10_colsample_bytree": -0.2270357358008297, "log10_eta": -2.6156985249206857, "log10_lambda": -3.248788301847485, "log10_min_child_weight": 4.568386432672104, "log10_subsample": -0.6874572731820899, "max_depth": 6.0, "num_boost_round": 36.0}, "datetime": {"datetime": "2024-01-19 01:26:38", "elapsed": 4502.431763, "delta": 0.005273}}
{"target": -13.75836642936255, "params": {"gamma": 833.301045155873, "log10_alpha": -4.598436556966206, "log10_colsample_bytree": -0.2270357358008297, "log10_eta": -2.6156985249206857, "log10_lambda": -3.248788301847485, "log10_min_child_weight": 4.568386432672104, "log10_subsample": -0.6874572731820899, "max_depth": 6.0, "num_boost_round": 37.0}, "datetime": {"datetime": "2024-01-19 01:26:38", "elapsed": 4502.556085, "delta": 0.124322}}
{"target": -13.758539345680916, "params": {"gamma": 885.1630626260807, "log10_alpha": -0.0740750962347273, "log10_colsample_bytree": -0.10830301480656564, "log10_eta": -4.0, "log10_lambda": -0.16133288871898363, "log10_min_child_weight": 0.0, "log10_subsample": -1.0, "max_depth": 9.0, "num_boost_round": 0.0}, "datetime": {"datetime": "2024-01-19 01:27:49", "elapsed": 4573.927716, "delta": 71.371631}}
{"target": -13.758531319361314, "params": {"gamma": 885.1630626260807, "log10_alpha": -0.0740750962347273, "log10_colsample_bytree": -0.10830301480656564, "log10_eta": -4.0, "log10_lambda": -0.16133288871898363, "log10_min_child_weight": 0.0, "log10_subsample": -1.0, "max_depth": 9.0, "num_boost_round": 1.0}, "datetime": {"datetime": "2024-01-19 01:27:49", "elapsed": 4573.934598, "delta": 0.006882}}
{"target": -13.758520808661284, "params": {"gamma": 885.1630626260807, "log10_alpha": -0.0740750962347273, "log10_colsample_bytree": -0.10830301480656564, "log10_eta": -4.0, "log10_lambda": -0.16133288871898363, "log10_min_child_weight": 0.0, "log10_subsample": -1.0, "max_depth": 9.0, "num_boost_round": 2.0}, "datetime": {"datetime": "2024-01-19 01:27:49", "elapsed": 4573.941381, "delta": 0.006783}}
{"target": -13.758517113074715, "params": {"gamma": 885.1630626260807, "log10_alpha": -0.0740750962347273, "log10_colsample_bytree": -0.10830301480656564, "log10_eta": -4.0, "log10_lambda": -0.16133288871898363, "log10_min_child_weight": 0.0, "log10_subsample": -1.0, "max_depth": 9.0, "num_boost_round": 3.0}, "datetime": {"datetime": "2024-01-19 01:27:49", "elapsed": 4573.947796, "delta": 0.006415}}
{"target": -13.758510266623576, "params": {"gamma": 885.1630626260807, "log10_alpha": -0.0740750962347273, "log10_colsample_bytree": -0.10830301480656564, "log10_eta": -4.0, "log10_lambda": -0.16133288871898363, "log10_min_child_weight": 0.0, "log10_subsample": -1.0, "max_depth": 9.0, "num_boost_round": 4.0}, "datetime": {"datetime": "2024-01-19 01:27:49", "elapsed": 4573.953359, "delta": 0.005563}}
{"target": -13.758513731514936, "params": {"gamma": 885.1630626260807, "log10_alpha": -0.0740750962347273, "log10_colsample_bytree": -0.10830301480656564, "log10_eta": -4.0, "log10_lambda": -0.16133288871898363, "log10_min_child_weight": 0.0, "log10_subsample": -1.0, "max_depth": 9.0, "num_boost_round": 5.0}, "datetime": {"datetime": "2024-01-19 01:27:49", "elapsed": 4573.959077, "delta": 0.005718}}
{"target": -13.758501676286627, "params": {"gamma": 885.1630626260807, "log10_alpha": -0.0740750962347273, "log10_colsample_bytree": -0.10830301480656564, "log10_eta": -4.0, "log10_lambda": -0.16133288871898363, "log10_min_child_weight": 0.0, "log10_subsample": -1.0, "max_depth": 9.0, "num_boost_round": 6.0}, "datetime": {"datetime": "2024-01-19 01:27:49", "elapsed": 4573.964421, "delta": 0.005344}}
{"target": -13.758499560297533, "params": {"gamma": 885.1630626260807, "log10_alpha": -0.0740750962347273, "log10_colsample_bytree": -0.10830301480656564, "log10_eta": -4.0, "log10_lambda": -0.16133288871898363, "log10_min_child_weight": 0.0, "log10_subsample": -1.0, "max_depth": 9.0, "num_boost_round": 7.0}, "datetime": {"datetime": "2024-01-19 01:27:49", "elapsed": 4573.96973, "delta": 0.005309}}
{"target": -13.75849846834395, "params": {"gamma": 885.1630626260807, "log10_alpha": -0.0740750962347273, "log10_colsample_bytree": -0.10830301480656564, "log10_eta": -4.0, "log10_lambda": -0.16133288871898363, "log10_min_child_weight": 0.0, "log10_subsample": -1.0, "max_depth": 9.0, "num_boost_round": 8.0}, "datetime": {"datetime": "2024-01-19 01:27:49", "elapsed": 4573.975078, "delta": 0.005348}}
{"target": -13.758496095796197, "params": {"gamma": 885.1630626260807, "log10_alpha": -0.0740750962347273, "log10_colsample_bytree": -0.10830301480656564, "log10_eta": -4.0, "log10_lambda": -0.16133288871898363, "log10_min_child_weight": 0.0, "log10_subsample": -1.0, "max_depth": 9.0, "num_boost_round": 9.0}, "datetime": {"datetime": "2024-01-19 01:27:49", "elapsed": 4573.985349, "delta": 0.010271}}
{"target": -13.75849757216824, "params": {"gamma": 885.1630626260807, "log10_alpha": -0.0740750962347273, "log10_colsample_bytree": -0.10830301480656564, "log10_eta": -4.0, "log10_lambda": -0.16133288871898363, "log10_min_child_weight": 0.0, "log10_subsample": -1.0, "max_depth": 9.0, "num_boost_round": 10.0}, "datetime": {"datetime": "2024-01-19 01:27:49", "elapsed": 4573.99124, "delta": 0.005891}}
{"target": -13.758495218617488, "params": {"gamma": 885.1630626260807, "log10_alpha": -0.0740750962347273, "log10_colsample_bytree": -0.10830301480656564, "log10_eta": -4.0, "log10_lambda": -0.16133288871898363, "log10_min_child_weight": 0.0, "log10_subsample": -1.0, "max_depth": 9.0, "num_boost_round": 11.0}, "datetime": {"datetime": "2024-01-19 01:27:49", "elapsed": 4573.997036, "delta": 0.005796}}
{"target": -13.758491372688889, "params": {"gamma": 885.1630626260807, "log10_alpha": -0.0740750962347273, "log10_colsample_bytree": -0.10830301480656564, "log10_eta": -4.0, "log10_lambda": -0.16133288871898363, "log10_min_child_weight": 0.0, "log10_subsample": -1.0, "max_depth": 9.0, "num_boost_round": 12.0}, "datetime": {"datetime": "2024-01-19 01:27:49", "elapsed": 4574.002496, "delta": 0.00546}}
{"target": -13.758490950753659, "params": {"gamma": 885.1630626260807, "log10_alpha": -0.0740750962347273, "log10_colsample_bytree": -0.10830301480656564, "log10_eta": -4.0, "log10_lambda": -0.16133288871898363, "log10_min_child_weight": 0.0, "log10_subsample": -1.0, "max_depth": 9.0, "num_boost_round": 13.0}, "datetime": {"datetime": "2024-01-19 01:27:49", "elapsed": 4574.007874, "delta": 0.005378}}
{"target": -13.758489635397748, "params": {"gamma": 885.1630626260807, "log10_alpha": -0.0740750962347273, "log10_colsample_bytree": -0.10830301480656564, "log10_eta": -4.0, "log10_lambda": -0.16133288871898363, "log10_min_child_weight": 0.0, "log10_subsample": -1.0, "max_depth": 9.0, "num_boost_round": 14.0}, "datetime": {"datetime": "2024-01-19 01:27:49", "elapsed": 4574.013419, "delta": 0.005545}}
{"target": -13.75849185787723, "params": {"gamma": 885.1630626260807, "log10_alpha": -0.0740750962347273, "log10_colsample_bytree": -0.10830301480656564, "log10_eta": -4.0, "log10_lambda": -0.16133288871898363, "log10_min_child_weight": 0.0, "log10_subsample": -1.0, "max_depth": 9.0, "num_boost_round": 15.0}, "datetime": {"datetime": "2024-01-19 01:27:49", "elapsed": 4574.018939, "delta": 0.00552}}
{"target": -13.758482979071243, "params": {"gamma": 885.1630626260807, "log10_alpha": -0.0740750962347273, "log10_colsample_bytree": -0.10830301480656564, "log10_eta": -4.0, "log10_lambda": -0.16133288871898363, "log10_min_child_weight": 0.0, "log10_subsample": -1.0, "max_depth": 9.0, "num_boost_round": 16.0}, "datetime": {"datetime": "2024-01-19 01:27:49", "elapsed": 4574.02452, "delta": 0.005581}}
{"target": -13.758480573804924, "params": {"gamma": 885.1630626260807, "log10_alpha": -0.0740750962347273, "log10_colsample_bytree": -0.10830301480656564, "log10_eta": -4.0, "log10_lambda": -0.16133288871898363, "log10_min_child_weight": 0.0, "log10_subsample": -1.0, "max_depth": 9.0, "num_boost_round": 17.0}, "datetime": {"datetime": "2024-01-19 01:27:49", "elapsed": 4574.030279, "delta": 0.005759}}
{"target": -13.758486616123038, "params": {"gamma": 885.1630626260807, "log10_alpha": -0.0740750962347273, "log10_colsample_bytree": -0.10830301480656564, "log10_eta": -4.0, "log10_lambda": -0.16133288871898363, "log10_min_child_weight": 0.0, "log10_subsample": -1.0, "max_depth": 9.0, "num_boost_round": 18.0}, "datetime": {"datetime": "2024-01-19 01:27:49", "elapsed": 4574.035708, "delta": 0.005429}}
{"target": -13.758481662679205, "params": {"gamma": 885.1630626260807, "log10_alpha": -0.0740750962347273, "log10_colsample_bytree": -0.10830301480656564, "log10_eta": -4.0, "log10_lambda": -0.16133288871898363, "log10_min_child_weight": 0.0, "log10_subsample": -1.0, "max_depth": 9.0, "num_boost_round": 19.0}, "datetime": {"datetime": "2024-01-19 01:27:49", "elapsed": 4574.041089, "delta": 0.005381}}
{"target": -13.758474744200008, "params": {"gamma": 885.1630626260807, "log10_alpha": -0.0740750962347273, "log10_colsample_bytree": -0.10830301480656564, "log10_eta": -4.0, "log10_lambda": -0.16133288871898363, "log10_min_child_weight": 0.0, "log10_subsample": -1.0, "max_depth": 9.0, "num_boost_round": 20.0}, "datetime": {"datetime": "2024-01-19 01:27:49", "elapsed": 4574.046354, "delta": 0.005265}}
{"target": -13.758471649995295, "params": {"gamma": 885.1630626260807, "log10_alpha": -0.0740750962347273, "log10_colsample_bytree": -0.10830301480656564, "log10_eta": -4.0, "log10_lambda": -0.16133288871898363, "log10_min_child_weight": 0.0, "log10_subsample": -1.0, "max_depth": 9.0, "num_boost_round": 21.0}, "datetime": {"datetime": "2024-01-19 01:27:49", "elapsed": 4574.05249, "delta": 0.006136}}
{"target": -13.758466951064179, "params": {"gamma": 885.1630626260807, "log10_alpha": -0.0740750962347273, "log10_colsample_bytree": -0.10830301480656564, "log10_eta": -4.0, "log10_lambda": -0.16133288871898363, "log10_min_child_weight": 0.0, "log10_subsample": -1.0, "max_depth": 9.0, "num_boost_round": 22.0}, "datetime": {"datetime": "2024-01-19 01:27:49", "elapsed": 4574.057918, "delta": 0.005428}}
{"target": -13.758468864419987, "params": {"gamma": 885.1630626260807, "log10_alpha": -0.0740750962347273, "log10_colsample_bytree": -0.10830301480656564, "log10_eta": -4.0, "log10_lambda": -0.16133288871898363, "log10_min_child_weight": 0.0, "log10_subsample": -1.0, "max_depth": 9.0, "num_boost_round": 23.0}, "datetime": {"datetime": "2024-01-19 01:27:49", "elapsed": 4574.063417, "delta": 0.005499}}
{"target": -13.75846621220068, "params": {"gamma": 885.1630626260807, "log10_alpha": -0.0740750962347273, "log10_colsample_bytree": -0.10830301480656564, "log10_eta": -4.0, "log10_lambda": -0.16133288871898363, "log10_min_child_weight": 0.0, "log10_subsample": -1.0, "max_depth": 9.0, "num_boost_round": 24.0}, "datetime": {"datetime": "2024-01-19 01:27:49", "elapsed": 4574.068624, "delta": 0.005207}}
{"target": -13.758463865110063, "params": {"gamma": 885.1630626260807, "log10_alpha": -0.0740750962347273, "log10_colsample_bytree": -0.10830301480656564, "log10_eta": -4.0, "log10_lambda": -0.16133288871898363, "log10_min_child_weight": 0.0, "log10_subsample": -1.0, "max_depth": 9.0, "num_boost_round": 25.0}, "datetime": {"datetime": "2024-01-19 01:27:49", "elapsed": 4574.073827, "delta": 0.005203}}
{"target": -13.758462770154324, "params": {"gamma": 885.1630626260807, "log10_alpha": -0.0740750962347273, "log10_colsample_bytree": -0.10830301480656564, "log10_eta": -4.0, "log10_lambda": -0.16133288871898363, "log10_min_child_weight": 0.0, "log10_subsample": -1.0, "max_depth": 9.0, "num_boost_round": 26.0}, "datetime": {"datetime": "2024-01-19 01:27:49", "elapsed": 4574.079068, "delta": 0.005241}}
{"target": -13.758459389793675, "params": {"gamma": 885.1630626260807, "log10_alpha": -0.0740750962347273, "log10_colsample_bytree": -0.10830301480656564, "log10_eta": -4.0, "log10_lambda": -0.16133288871898363, "log10_min_child_weight": 0.0, "log10_subsample": -1.0, "max_depth": 9.0, "num_boost_round": 27.0}, "datetime": {"datetime": "2024-01-19 01:27:49", "elapsed": 4574.084261, "delta": 0.005193}}
{"target": -13.75846288690726, "params": {"gamma": 885.1630626260807, "log10_alpha": -0.0740750962347273, "log10_colsample_bytree": -0.10830301480656564, "log10_eta": -4.0, "log10_lambda": -0.16133288871898363, "log10_min_child_weight": 0.0, "log10_subsample": -1.0, "max_depth": 9.0, "num_boost_round": 28.0}, "datetime": {"datetime": "2024-01-19 01:27:49", "elapsed": 4574.089467, "delta": 0.005206}}
{"target": -13.758458424455698, "params": {"gamma": 885.1630626260807, "log10_alpha": -0.0740750962347273, "log10_colsample_bytree": -0.10830301480656564, "log10_eta": -4.0, "log10_lambda": -0.16133288871898363, "log10_min_child_weight": 0.0, "log10_subsample": -1.0, "max_depth": 9.0, "num_boost_round": 29.0}, "datetime": {"datetime": "2024-01-19 01:27:49", "elapsed": 4574.094872, "delta": 0.005405}}
{"target": -13.758454199590892, "params": {"gamma": 885.1630626260807, "log10_alpha": -0.0740750962347273, "log10_colsample_bytree": -0.10830301480656564, "log10_eta": -4.0, "log10_lambda": -0.16133288871898363, "log10_min_child_weight": 0.0, "log10_subsample": -1.0, "max_depth": 9.0, "num_boost_round": 30.0}, "datetime": {"datetime": "2024-01-19 01:27:49", "elapsed": 4574.100066, "delta": 0.005194}}
{"target": -13.758447514913902, "params": {"gamma": 885.1630626260807, "log10_alpha": -0.0740750962347273, "log10_colsample_bytree": -0.10830301480656564, "log10_eta": -4.0, "log10_lambda": -0.16133288871898363, "log10_min_child_weight": 0.0, "log10_subsample": -1.0, "max_depth": 9.0, "num_boost_round": 31.0}, "datetime": {"datetime": "2024-01-19 01:27:49", "elapsed": 4574.105361, "delta": 0.005295}}
{"target": -13.758441762503315, "params": {"gamma": 885.1630626260807, "log10_alpha": -0.0740750962347273, "log10_colsample_bytree": -0.10830301480656564, "log10_eta": -4.0, "log10_lambda": -0.16133288871898363, "log10_min_child_weight": 0.0, "log10_subsample": -1.0, "max_depth": 9.0, "num_boost_round": 32.0}, "datetime": {"datetime": "2024-01-19 01:27:49", "elapsed": 4574.110641, "delta": 0.00528}}
{"target": -13.758437467530266, "params": {"gamma": 885.1630626260807, "log10_alpha": -0.0740750962347273, "log10_colsample_bytree": -0.10830301480656564, "log10_eta": -4.0, "log10_lambda": -0.16133288871898363, "log10_min_child_weight": 0.0, "log10_subsample": -1.0, "max_depth": 9.0, "num_boost_round": 33.0}, "datetime": {"datetime": "2024-01-19 01:27:49", "elapsed": 4574.115906, "delta": 0.005265}}
{"target": -13.758431019864654, "params": {"gamma": 885.1630626260807, "log10_alpha": -0.0740750962347273, "log10_colsample_bytree": -0.10830301480656564, "log10_eta": -4.0, "log10_lambda": -0.16133288871898363, "log10_min_child_weight": 0.0, "log10_subsample": -1.0, "max_depth": 9.0, "num_boost_round": 34.0}, "datetime": {"datetime": "2024-01-19 01:27:49", "elapsed": 4574.12123, "delta": 0.005324}}
{"target": -13.758421894799959, "params": {"gamma": 885.1630626260807, "log10_alpha": -0.0740750962347273, "log10_colsample_bytree": -0.10830301480656564, "log10_eta": -4.0, "log10_lambda": -0.16133288871898363, "log10_min_child_weight": 0.0, "log10_subsample": -1.0, "max_depth": 9.0, "num_boost_round": 35.0}, "datetime": {"datetime": "2024-01-19 01:27:49", "elapsed": 4574.126778, "delta": 0.005548}}
{"target": -13.758423649605191, "params": {"gamma": 885.1630626260807, "log10_alpha": -0.0740750962347273, "log10_colsample_bytree": -0.10830301480656564, "log10_eta": -4.0, "log10_lambda": -0.16133288871898363, "log10_min_child_weight": 0.0, "log10_subsample": -1.0, "max_depth": 9.0, "num_boost_round": 36.0}, "datetime": {"datetime": "2024-01-19 01:27:49", "elapsed": 4574.132319, "delta": 0.005541}}
{"target": -13.758426107353221, "params": {"gamma": 885.1630626260807, "log10_alpha": -0.0740750962347273, "log10_colsample_bytree": -0.10830301480656564, "log10_eta": -4.0, "log10_lambda": -0.16133288871898363, "log10_min_child_weight": 0.0, "log10_subsample": -1.0, "max_depth": 9.0, "num_boost_round": 37.0}, "datetime": {"datetime": "2024-01-19 01:27:49", "elapsed": 4574.137577, "delta": 0.005258}}
{"target": -13.758420719454406, "params": {"gamma": 885.1630626260807, "log10_alpha": -0.0740750962347273, "log10_colsample_bytree": -0.10830301480656564, "log10_eta": -4.0, "log10_lambda": -0.16133288871898363, "log10_min_child_weight": 0.0, "log10_subsample": -1.0, "max_depth": 9.0, "num_boost_round": 38.0}, "datetime": {"datetime": "2024-01-19 01:27:49", "elapsed": 4574.142863, "delta": 0.005286}}
{"target": -13.758419267230376, "params": {"gamma": 885.1630626260807, "log10_alpha": -0.0740750962347273, "log10_colsample_bytree": -0.10830301480656564, "log10_eta": -4.0, "log10_lambda": -0.16133288871898363, "log10_min_child_weight": 0.0, "log10_subsample": -1.0, "max_depth": 9.0, "num_boost_round": 39.0}, "datetime": {"datetime": "2024-01-19 01:27:49", "elapsed": 4574.148115, "delta": 0.005252}}
{"target": -13.758536261646602, "params": {"gamma": 870.201017744692, "log10_alpha": -1.6001225545401523, "log10_colsample_bytree": -0.03620140637284697, "log10_eta": -3.0297732541637203, "log10_lambda": -4.538267170442722, "log10_min_child_weight": 4.758921713387215, "log10_subsample": -0.832600412790862, "max_depth": 6.0, "num_boost_round": 0.0}, "datetime": {"datetime": "2024-01-19 01:29:16", "elapsed": 4660.485121, "delta": 86.337006}}
{"target": -13.75853347978418, "params": {"gamma": 870.201017744692, "log10_alpha": -1.6001225545401523, "log10_colsample_bytree": -0.03620140637284697, "log10_eta": -3.0297732541637203, "log10_lambda": -4.538267170442722, "log10_min_child_weight": 4.758921713387215, "log10_subsample": -0.832600412790862, "max_depth": 6.0, "num_boost_round": 1.0}, "datetime": {"datetime": "2024-01-19 01:29:16", "elapsed": 4660.491347, "delta": 0.006226}}
{"target": -13.758528358565458, "params": {"gamma": 870.201017744692, "log10_alpha": -1.6001225545401523, "log10_colsample_bytree": -0.03620140637284697, "log10_eta": -3.0297732541637203, "log10_lambda": -4.538267170442722, "log10_min_child_weight": 4.758921713387215, "log10_subsample": -0.832600412790862, "max_depth": 6.0, "num_boost_round": 2.0}, "datetime": {"datetime": "2024-01-19 01:29:16", "elapsed": 4660.496932, "delta": 0.005585}}
{"target": -13.758524242342903, "params": {"gamma": 870.201017744692, "log10_alpha": -1.6001225545401523, "log10_colsample_bytree": -0.03620140637284697, "log10_eta": -3.0297732541637203, "log10_lambda": -4.538267170442722, "log10_min_child_weight": 4.758921713387215, "log10_subsample": -0.832600412790862, "max_depth": 6.0, "num_boost_round": 3.0}, "datetime": {"datetime": "2024-01-19 01:29:16", "elapsed": 4660.502249, "delta": 0.005317}}
{"target": -13.758519000182694, "params": {"gamma": 870.201017744692, "log10_alpha": -1.6001225545401523, "log10_colsample_bytree": -0.03620140637284697, "log10_eta": -3.0297732541637203, "log10_lambda": -4.538267170442722, "log10_min_child_weight": 4.758921713387215, "log10_subsample": -0.832600412790862, "max_depth": 6.0, "num_boost_round": 4.0}, "datetime": {"datetime": "2024-01-19 01:29:16", "elapsed": 4660.507628, "delta": 0.005379}}
{"target": -13.758516513644087, "params": {"gamma": 870.201017744692, "log10_alpha": -1.6001225545401523, "log10_colsample_bytree": -0.03620140637284697, "log10_eta": -3.0297732541637203, "log10_lambda": -4.538267170442722, "log10_min_child_weight": 4.758921713387215, "log10_subsample": -0.832600412790862, "max_depth": 6.0, "num_boost_round": 5.0}, "datetime": {"datetime": "2024-01-19 01:29:16", "elapsed": 4660.513608, "delta": 0.00598}}
{"target": -13.758512248342168, "params": {"gamma": 870.201017744692, "log10_alpha": -1.6001225545401523, "log10_colsample_bytree": -0.03620140637284697, "log10_eta": -3.0297732541637203, "log10_lambda": -4.538267170442722, "log10_min_child_weight": 4.758921713387215, "log10_subsample": -0.832600412790862, "max_depth": 6.0, "num_boost_round": 6.0}, "datetime": {"datetime": "2024-01-19 01:29:16", "elapsed": 4660.519144, "delta": 0.005536}}
{"target": -13.75851168060403, "params": {"gamma": 870.201017744692, "log10_alpha": -1.6001225545401523, "log10_colsample_bytree": -0.03620140637284697, "log10_eta": -3.0297732541637203, "log10_lambda": -4.538267170442722, "log10_min_child_weight": 4.758921713387215, "log10_subsample": -0.832600412790862, "max_depth": 6.0, "num_boost_round": 7.0}, "datetime": {"datetime": "2024-01-19 01:29:16", "elapsed": 4660.52459, "delta": 0.005446}}
{"target": -13.758509071808415, "params": {"gamma": 870.201017744692, "log10_alpha": -1.6001225545401523, "log10_colsample_bytree": -0.03620140637284697, "log10_eta": -3.0297732541637203, "log10_lambda": -4.538267170442722, "log10_min_child_weight": 4.758921713387215, "log10_subsample": -0.832600412790862, "max_depth": 6.0, "num_boost_round": 8.0}, "datetime": {"datetime": "2024-01-19 01:29:16", "elapsed": 4660.529877, "delta": 0.005287}}
{"target": -13.758508548629246, "params": {"gamma": 870.201017744692, "log10_alpha": -1.6001225545401523, "log10_colsample_bytree": -0.03620140637284697, "log10_eta": -3.0297732541637203, "log10_lambda": -4.538267170442722, "log10_min_child_weight": 4.758921713387215, "log10_subsample": -0.832600412790862, "max_depth": 6.0, "num_boost_round": 9.0}, "datetime": {"datetime": "2024-01-19 01:29:16", "elapsed": 4660.53555, "delta": 0.005673}}
