{"target": -13.758530017112632, "params": {"gamma": 573.9005408747735, "log10_alpha": -4.038702284420426, "log10_colsample_bytree": -0.8940826846215613, "log10_eta": -3.0289141801840085, "log10_lambda": -0.6680026396117844, "log10_min_child_weight": 0.23081026580710595, "log10_subsample": -0.7567312552214267, "max_depth": 5.0, "num_boost_round": 4.0}, "datetime": {"datetime": "2024-01-19 00:40:12", "elapsed": 1664.691763, "delta": 0.002392}}
{"target": -13.758550392764077, "params": {"gamma": 573.9005408747735, "log10_alpha": -4.038702284420426, "log10_colsample_bytree": -0.8940826846215613, "log10_eta": -3.0289141801840085, "log10_lambda": -0.6680026396117844, "log10_min_child_weight": 0.23081026580710595, "log10_subsample": -0.7567312552214267, "max_depth": 5.0, "num_boost_round": 5.0}, "datetime": {"datetime": "2024-01-19 00:40:12", "elapsed": 1664.694331, "delta": 0.002568}}
{"target": -13.758550926610464, "params": {"gamma": 573.9005408747735, "log10_alpha": -4.038702284420426, "log10_colsample_bytree": -0.8940826846215613, "log10_eta": -3.0289141801840085, "log10_lambda": -0.6680026396117844, "log10_min_child_weight": 0.23081026580710595, "log10_subsample": -0.7567312552214267, "max_depth": 5.0, "num_boost_round": 6.0}, "datetime": {"datetime": "2024-01-19 00:40:12", "elapsed": 1664.696842, "delta": 0.002511}}
{"target": -13.758523063726674, "params": {"gamma": 573.9005408747735, "log10_alpha": -4.038702284420426, "log10_colsample_bytree": -0.8940826846215613, "log10_eta": -3.0289141801840085, "log10_lambda": -0.6680026396117844, "log10_min_child_weight": 0.23081026580710595, "log10_subsample": -0.7567312552214267, "max_depth": 5.0, "num_boost_round": 7.0}, "datetime": {"datetime": "2024-01-19 00:40:12", "elapsed": 1664.699336, "delta": 0.002494}}
{"target": -13.758531146469954, "params": {"gamma": 573.9005408747735, "log10_alpha": -4.038702284420426, "log10_colsample_bytree": -0.8940826846215613, "log10_eta": -3.0289141801840085, "log10_lambda": -0.6680026396117844, "log10_min_child_weight": 0.23081026580710595, "log10_subsample": -0.7567312552214267, "max_depth": 5.0, "num_boost_round": 8.0}, "datetime": {"datetime": "2024-01-19 00:40:12", "elapsed": 1664.701625, "delta": 0.002289}}
{"target": -13.758530435647874, "params": {"gamma": 573.9005408747735, "log10_alpha": -4.038702284420426, "log10_colsample_bytree": -0.8940826846215613, "log10_eta": -3.0289141801840085, "log10_lambda": -0.6680026396117844, "log10_min_child_weight": 0.23081026580710595, "log10_subsample": -0.7567312552214267, "max_depth": 5.0, "num_boost_round": 9.0}, "datetime": {"datetime": "2024-01-19 00:40:12", "elapsed": 1664.703901, "delta": 0.002276}}
{"target": -13.75849664450345, "params": {"gamma": 573.9005408747735, "log10_alpha": -4.038702284420426, "log10_colsample_bytree": -0.8940826846215613, "log10_eta": -3.0289141801840085, "log10_lambda": -0.6680026396117844, "log10_min_child_weight": 0.23081026580710595, "log10_subsample": -0.7567312552214267, "max_depth": 5.0, "num_boost_round": 10.0}, "datetime": {"datetime": "2024-01-19 00:40:12", "elapsed": 1664.706165, "delta": 0.002264}}
{"target": -13.75848694319545, "params": {"gamma": 573.9005408747735, "log10_alpha": -4.038702284420426, "log10_colsample_bytree": -0.8940826846215613, "log10_eta": -3.0289141801840085, "log10_lambda": -0.6680026396117844, "log10_min_child_weight": 0.23081026580710595, "log10_subsample": -0.7567312552214267, "max_depth": 5.0, "num_boost_round": 11.0}, "datetime": {"datetime": "2024-01-19 00:40:12", "elapsed": 1664.708446, "delta": 0.002281}}
{"target": -13.758455642962216, "params": {"gamma": 573.9005408747735, "log10_alpha": -4.038702284420426, "log10_colsample_bytree": -0.8940826846215613, "log10_eta": -3.0289141801840085, "log10_lambda": -0.6680026396117844, "log10_min_child_weight": 0.23081026580710595, "log10_subsample": -0.7567312552214267, "max_depth": 5.0, "num_boost_round": 12.0}, "datetime": {"datetime": "2024-01-19 00:40:12", "elapsed": 1664.710743, "delta": 0.002297}}
{"target": -13.75839984672557, "params": {"gamma": 573.9005408747735, "log10_alpha": -4.038702284420426, "log10_colsample_bytree": -0.8940826846215613, "log10_eta": -3.0289141801840085, "log10_lambda": -0.6680026396117844, "log10_min_child_weight": 0.23081026580710595, "log10_subsample": -0.7567312552214267, "max_depth": 5.0, "num_boost_round": 13.0}, "datetime": {"datetime": "2024-01-19 00:40:12", "elapsed": 1664.713023, "delta": 0.00228}}
{"target": -13.75841005481293, "params": {"gamma": 573.9005408747735, "log10_alpha": -4.038702284420426, "log10_colsample_bytree": -0.8940826846215613, "log10_eta": -3.0289141801840085, "log10_lambda": -0.6680026396117844, "log10_min_child_weight": 0.23081026580710595, "log10_subsample": -0.7567312552214267, "max_depth": 5.0, "num_boost_round": 14.0}, "datetime": {"datetime": "2024-01-19 00:40:12", "elapsed": 1664.715514, "delta": 0.002491}}
{"target": -13.758396904321746, "params": {"gamma": 573.9005408747735, "log10_alpha": -4.038702284420426, "log10_colsample_bytree": -0.8940826846215613, "log10_eta": -3.0289141801840085, "log10_lambda": -0.6680026396117844, "log10_min_child_weight": 0.23081026580710595, "log10_subsample": -0.7567312552214267, "max_depth": 5.0, "num_boost_round": 15.0}, "datetime": {"datetime": "2024-01-19 00:40:12", "elapsed": 1664.717843, "delta": 0.002329}}
{"target": -13.758390848454864, "params": {"gamma": 573.9005408747735, "log10_alpha": -4.038702284420426, "log10_colsample_bytree": -0.8940826846215613, "log10_eta": -3.0289141801840085, "log10_lambda": -0.6680026396117844, "log10_min_child_weight": 0.23081026580710595, "log10_subsample": -0.7567312552214267, "max_depth": 5.0, "num_boost_round": 16.0}, "datetime": {"datetime": "2024-01-19 00:40:12", "elapsed": 1664.720167, "delta": 0.002324}}
{"target": -13.758364503242959, "params": {"gamma": 573.9005408747735, "log10_alpha": -4.038702284420426, "log10_colsample_bytree": -0.8940826846215613, "log10_eta": -3.0289141801840085, "log10_lambda": -0.6680026396117844, "log10_min_child_weight": 0.23081026580710595, "log10_subsample": -0.7567312552214267, "max_depth": 5.0, "num_boost_round": 17.0}, "datetime": {"datetime": "2024-01-19 00:40:12", "elapsed": 1664.722466, "delta": 0.002299}}
{"target": -13.758358873932654, "params": {"gamma": 573.9005408747735, "log10_alpha": -4.038702284420426, "log10_colsample_bytree": -0.8940826846215613, "log10_eta": -3.0289141801840085, "log10_lambda": -0.6680026396117844, "log10_min_child_weight": 0.23081026580710595, "log10_subsample": -0.7567312552214267, "max_depth": 5.0, "num_boost_round": 18.0}, "datetime": {"datetime": "2024-01-19 00:40:12", "elapsed": 1664.724783, "delta": 0.002317}}
{"target": -13.758348248496565, "params": {"gamma": 573.9005408747735, "log10_alpha": -4.038702284420426, "log10_colsample_bytree": -0.8940826846215613, "log10_eta": -3.0289141801840085, "log10_lambda": -0.6680026396117844, "log10_min_child_weight": 0.23081026580710595, "log10_subsample": -0.7567312552214267, "max_depth": 5.0, "num_boost_round": 19.0}, "datetime": {"datetime": "2024-01-19 00:40:12", "elapsed": 1664.727044, "delta": 0.002261}}
{"target": -13.75832005023783, "params": {"gamma": 573.9005408747735, "log10_alpha": -4.038702284420426, "log10_colsample_bytree": -0.8940826846215613, "log10_eta": -3.0289141801840085, "log10_lambda": -0.6680026396117844, "log10_min_child_weight": 0.23081026580710595, "log10_subsample": -0.7567312552214267, "max_depth": 5.0, "num_boost_round": 20.0}, "datetime": {"datetime": "2024-01-19 00:40:12", "elapsed": 1664.729326, "delta": 0.002282}}
{"target": -13.758307973723458, "params": {"gamma": 573.9005408747735, "log10_alpha": -4.038702284420426, "log10_colsample_bytree": -0.8940826846215613, "log10_eta": -3.0289141801840085, "log10_lambda": -0.6680026396117844, "log10_min_child_weight": 0.23081026580710595, "log10_subsample": -0.7567312552214267, "max_depth": 5.0, "num_boost_round": 21.0}, "datetime": {"datetime": "2024-01-19 00:40:12", "elapsed": 1664.731602, "delta": 0.002276}}
{"target": -13.7582817052688, "params": {"gamma": 573.9005408747735, "log10_alpha": -4.038702284420426, "log10_colsample_bytree": -0.8940826846215613, "log10_eta": -3.0289141801840085, "log10_lambda": -0.6680026396117844, "log10_min_child_weight": 0.23081026580710595, "log10_subsample": -0.7567312552214267, "max_depth": 5.0, "num_boost_round": 22.0}, "datetime": {"datetime": "2024-01-19 00:40:12", "elapsed": 1664.734018, "delta": 0.002416}}
{"target": -13.758244856215411, "params": {"gamma": 573.9005408747735, "log10_alpha": -4.038702284420426, "log10_colsample_bytree": -0.8940826846215613, "log10_eta": -3.0289141801840085, "log10_lambda": -0.6680026396117844, "log10_min_child_weight": 0.23081026580710595, "log10_subsample": -0.7567312552214267, "max_depth": 5.0, "num_boost_round": 23.0}, "datetime": {"datetime": "2024-01-19 00:40:12", "elapsed": 1664.736316, "delta": 0.002298}}
{"target": -13.758540718328353, "params": {"gamma": 559.6865931987605, "log10_alpha": -2.0487477084357764, "log10_colsample_bytree": -0.1482642781485045, "log10_eta": -3.745292719586112, "log10_lambda": -2.1985804361354946, "log10_min_child_weight": 0.09255645728173056, "log10_subsample": -0.13243678937972214, "max_depth": 5.0, "num_boost_round": 0.0}, "datetime": {"datetime": "2024-01-19 00:40:47", "elapsed": 1699.705735, "delta": 34.969419}}
{"target": -13.758542895004902, "params": {"gamma": 559.6865931987605, "log10_alpha": -2.0487477084357764, "log10_colsample_bytree": -0.1482642781485045, "log10_eta": -3.745292719586112, "log10_lambda": -2.1985804361354946, "log10_min_child_weight": 0.09255645728173056, "log10_subsample": -0.13243678937972214, "max_depth": 5.0, "num_boost_round": 1.0}, "datetime": {"datetime": "2024-01-19 00:40:47", "elapsed": 1699.709055, "delta": 0.00332}}
{"target": -13.758540575917555, "params": {"gamma": 559.6865931987605, "log10_alpha": -2.0487477084357764, "log10_colsample_bytree": -0.1482642781485045, "log10_eta": -3.745292719586112, "log10_lambda": -2.1985804361354946, "log10_min_child_weight": 0.09255645728173056, "log10_subsample": -0.13243678937972214, "max_depth": 5.0, "num_boost_round": 2.0}, "datetime": {"datetime": "2024-01-19 00:40:47", "elapsed": 1699.711765, "delta": 0.00271}}
{"target": -13.758535402969969, "params": {"gamma": 559.6865931987605, "log10_alpha": -2.0487477084357764, "log10_colsample_bytree": -0.1482642781485045, "log10_eta": -3.745292719586112, "log10_lambda": -2.1985804361354946, "log10_min_child_weight": 0.09255645728173056, "log10_subsample": -0.13243678937972214, "max_depth": 5.0, "num_boost_round": 3.0}, "datetime": {"datetime": "2024-01-19 00:40:47", "elapsed": 1699.714401, "delta": 0.002636}}
{"target": -13.758534314473469, "params": {"gamma": 559.6865931987605, "log10_alpha": -2.0487477084357764, "log10_colsample_bytree": -0.1482642781485045, "log10_eta": -3.745292719586112, "log10_lambda": -2.1985804361354946, "log10_min_child_weight": 0.09255645728173056, "log10_subsample": -0.13243678937972214, "max_depth": 5.0, "num_boost_round": 4.0}, "datetime": {"datetime": "2024-01-19 00:40:47", "elapsed": 1699.716837, "delta": 0.002436}}
{"target": -13.75853207772873, "params": {"gamma": 559.6865931987605, "log10_alpha": -2.0487477084357764, "log10_colsample_bytree": -0.1482642781485045, "log10_eta": -3.745292719586112, "log10_lambda": -2.1985804361354946, "log10_min_child_weight": 0.09255645728173056, "log10_subsample": -0.13243678937972214, "max_depth": 5.0, "num_boost_round": 5.0}, "datetime": {"datetime": "2024-01-19 00:40:47", "elapsed": 1699.719773, "delta": 0.002936}}
{"target": -13.758525778819706, "params": {"gamma": 559.6865931987605, "log10_alpha": -2.0487477084357764, "log10_colsample_bytree": -0.1482642781485045, "log10_eta": -3.745292719586112, "log10_lambda": -2.1985804361354946, "log10_min_child_weight": 0.09255645728173056, "log10_subsample": -0.13243678937972214, "max_depth": 5.0, "num_boost_round": 6.0}, "datetime": {"datetime": "2024-01-19 00:40:47", "elapsed": 1699.722221, "delta": 0.002448}}
{"target": -13.758525472356615, "params": {"gamma": 559.6865931987605, "log10_alpha": -2.0487477084357764, "log10_colsample_bytree": -0.1482642781485045, "log10_eta": -3.745292719586112, "log10_lambda": -2.1985804361354946, "log10_min_child_weight": 0.09255645728173056, "log10_subsample": -0.13243678937972214, "max_depth": 5.0, "num_boost_round": 7.0}, "datetime": {"datetime": "2024-01-19 00:40:47", "elapsed": 1699.724625, "delta": 0.002404}}
{"target": -13.758524347753722, "params": {"gamma": 559.6865931987605, "log10_alpha": -2.0487477084357764, "log10_colsample_bytree": -0.1482642781485045, "log10_eta": -3.745292719586112, "log10_lambda": -2.1985804361354946, "log10_min_child_weight": 0.09255645728173056, "log10_subsample": -0.13243678937972214, "max_depth": 5.0, "num_boost_round": 8.0}, "datetime": {"datetime": "2024-01-19 00:40:47", "elapsed": 1699.727026, "delta": 0.002401}}
{"target": -13.758523032970448, "params": {"gamma": 559.6865931987605, "log10_alpha": -2.0487477084357764, "log10_colsample_bytree": -0.1482642781485045, "log10_eta": -3.745292719586112, "log10_lambda": -2.1985804361354946, "log10_min_child_weight": 0.09255645728173056, "log10_subsample": -0.13243678937972214, "max_depth": 5.0, "num_boost_round": 9.0}, "datetime": {"datetime": "2024-01-19 00:40:47", "elapsed": 1699.729406, "delta": 0.00238}}
{"target": -13.758521108888168, "params": {"gamma": 559.6865931987605, "log10_alpha": -2.0487477084357764, "log10_colsample_bytree": -0.1482642781485045, "log10_eta": -3.745292719586112, "log10_lambda": -2.1985804361354946, "log10_min_child_weight": 0.09255645728173056, "log10_subsample": -0.13243678937972214, "max_depth": 5.0, "num_boost_round": 10.0}, "datetime": {"datetime": "2024-01-19 00:40:47", "elapsed": 1699.731759, "delta": 0.002353}}
{"target": -13.758515870351342, "params": {"gamma": 559.6865931987605, "log10_alpha": -2.0487477084357764, "log10_colsample_bytree": -0.1482642781485045, "log10_eta": -3.745292719586112, "log10_lambda": -2.1985804361354946, "log10_min_child_weight": 0.09255645728173056, "log10_subsample": -0.13243678937972214, "max_depth": 5.0, "num_boost_round": 11.0}, "datetime": {"datetime": "2024-01-19 00:40:47", "elapsed": 1699.734294, "delta": 0.002535}}
{"target": -13.758516267536296, "params": {"gamma": 559.6865931987605, "log10_alpha": -2.0487477084357764, "log10_colsample_bytree": -0.1482642781485045, "log10_eta": -3.745292719586112, "log10_lambda": -2.1985804361354946, "log10_min_child_weight": 0.09255645728173056, "log10_subsample": -0.13243678937972214, "max_depth": 5.0, "num_boost_round": 12.0}, "datetime": {"datetime": "2024-01-19 00:40:47", "elapsed": 1699.736631, "delta": 0.002337}}
{"target": -13.758514523865212, "params": {"gamma": 559.6865931987605, "log10_alpha": -2.0487477084357764, "log10_colsample_bytree": -0.1482642781485045, "log10_eta": -3.745292719586112, "log10_lambda": -2.1985804361354946, "log10_min_child_weight": 0.09255645728173056, "log10_subsample": -0.13243678937972214, "max_depth": 5.0, "num_boost_round": 13.0}, "datetime": {"datetime": "2024-01-19 00:40:47", "elapsed": 1699.739607, "delta": 0.002976}}
{"target": -13.758514823870607, "params": {"gamma": 559.6865931987605, "log10_alpha": -2.0487477084357764, "log10_colsample_bytree": -0.1482642781485045, "log10_eta": -3.745292719586112, "log10_lambda": -2.1985804361354946, "log10_min_child_weight": 0.09255645728173056, "log10_subsample": -0.13243678937972214, "max_depth": 5.0, "num_boost_round": 14.0}, "datetime": {"datetime": "2024-01-19 00:40:47", "elapsed": 1699.741977, "delta": 0.00237}}
{"target": -13.758508228533644, "params": {"gamma": 559.6865931987605, "log10_alpha": -2.0487477084357764, "log10_colsample_bytree": -0.1482642781485045, "log10_eta": -3.745292719586112, "log10_lambda": -2.1985804361354946, "log10_min_child_weight": 0.09255645728173056, "log10_subsample": -0.13243678937972214, "max_depth": 5.0, "num_boost_round": 15.0}, "datetime": {"datetime": "2024-01-19 00:40:47", "elapsed": 1699.744293, "delta": 0.002316}}
{"target": -13.758506125817648, "params": {"gamma": 559.6865931987605, "log10_alpha": -2.0487477084357764, "log10_colsample_bytree": -0.1482642781485045, "log10_eta": -3.745292719586112, "log10_lambda": -2.1985804361354946, "log10_min_child_weight": 0.09255645728173056, "log10_subsample": -0.13243678937972214, "max_depth": 5.0, "num_boost_round": 16.0}, "datetime": {"datetime": "2024-01-19 00:40:47", "elapsed": 1699.746594, "delta": 0.002301}}
{"target": -13.75850394930864, "params": {"gamma": 559.6865931987605, "log10_alpha": -2.0487477084357764, "log10_colsample_bytree": -0.1482642781485045, "log10_eta": -3.745292719586112, "log10_lambda": -2.1985804361354946, "log10_min_child_weight": 0.09255645728173056, "log10_subsample": -0.13243678937972214, "max_depth": 5.0, "num_boost_round": 17.0}, "datetime": {"datetime": "2024-01-19 00:40:47", "elapsed": 1699.748932, "delta": 0.002338}}
{"target": -13.758505383115013, "params": {"gamma": 559.6865931987605, "log10_alpha": -2.0487477084357764, "log10_colsample_bytree": -0.1482642781485045, "log10_eta": -3.745292719586112, "log10_lambda": -2.1985804361354946, "log10_min_child_weight": 0.09255645728173056, "log10_subsample": -0.13243678937972214, "max_depth": 5.0, "num_boost_round": 18.0}, "datetime": {"datetime": "2024-01-19 00:40:47", "elapsed": 1699.751243, "delta": 0.002311}}
{"target": -13.758504600729164, "params": {"gamma": 559.6865931987605, "log10_alpha": -2.0487477084357764, "log10_colsample_bytree": -0.1482642781485045, "log10_eta": -3.745292719586112, "log10_lambda": -2.1985804361354946, "log10_min_child_weight": 0.09255645728173056, "log10_subsample": -0.13243678937972214, "max_depth": 5.0, "num_boost_round": 19.0}, "datetime": {"datetime": "2024-01-19 00:40:47", "elapsed": 1699.753578, "delta": 0.002335}}
{"target": -13.758505905860641, "params": {"gamma": 559.6865931987605, "log10_alpha": -2.0487477084357764, "log10_colsample_bytree": -0.1482642781485045, "log10_eta": -3.745292719586112, "log10_lambda": -2.1985804361354946, "log10_min_child_weight": 0.09255645728173056, "log10_subsample": -0.13243678937972214, "max_depth": 5.0, "num_boost_round": 20.0}, "datetime": {"datetime": "2024-01-19 00:40:47", "elapsed": 1699.756138, "delta": 0.00256}}
{"target": -13.758501690429565, "params": {"gamma": 559.6865931987605, "log10_alpha": -2.0487477084357764, "log10_colsample_bytree": -0.1482642781485045, "log10_eta": -3.745292719586112, "log10_lambda": -2.1985804361354946, "log10_min_child_weight": 0.09255645728173056, "log10_subsample": -0.13243678937972214, "max_depth": 5.0, "num_boost_round": 21.0}, "datetime": {"datetime": "2024-01-19 00:40:47", "elapsed": 1699.758471, "delta": 0.002333}}
{"target": -13.758494577952831, "params": {"gamma": 559.6865931987605, "log10_alpha": -2.0487477084357764, "log10_colsample_bytree": -0.1482642781485045, "log10_eta": -3.745292719586112, "log10_lambda": -2.1985804361354946, "log10_min_child_weight": 0.09255645728173056, "log10_subsample": -0.13243678937972214, "max_depth": 5.0, "num_boost_round": 22.0}, "datetime": {"datetime": "2024-01-19 00:40:47", "elapsed": 1699.760787, "delta": 0.002316}}
{"target": -13.758491950633495, "params": {"gamma": 559.6865931987605, "log10_alpha": -2.0487477084357764, "log10_colsample_bytree": -0.1482642781485045, "log10_eta": -3.745292719586112, "log10_lambda": -2.1985804361354946, "log10_min_child_weight": 0.09255645728173056, "log10_subsample": -0.13243678937972214, "max_depth": 5.0, "num_boost_round": 23.0}, "datetime": {"datetime": "2024-01-19 00:40:47", "elapsed": 1699.763114, "delta": 0.002327}}
{"target": -13.758486287654287, "params": {"gamma": 559.6865931987605, "log10_alpha": -2.0487477084357764, "log10_colsample_bytree": -0.1482642781485045, "log10_eta": -3.745292719586112, "log10_lambda": -2.1985804361354946, "log10_min_child_weight": 0.09255645728173056, "log10_subsample": -0.13243678937972214, "max_depth": 5.0, "num_boost_round": 24.0}, "datetime": {"datetime": "2024-01-19 00:40:47", "elapsed": 1699.765436, "delta": 0.002322}}
{"target": -13.758480470538252, "params": {"gamma": 559.6865931987605, "log10_alpha": -2.0487477084357764, "log10_colsample_bytree": -0.1482642781485045, "log10_eta": -3.745292719586112, "log10_lambda": -2.1985804361354946, "log10_min_child_weight": 0.09255645728173056, "log10_subsample": -0.13243678937972214, "max_depth": 5.0, "num_boost_round": 25.0}, "datetime": {"datetime": "2024-01-19 00:40:47", "elapsed": 1699.767775, "delta": 0.002339}}
{"target": -13.758476671505404, "params": {"gamma": 559.6865931987605, "log10_alpha": -2.0487477084357764, "log10_colsample_bytree": -0.1482642781485045, "log10_eta": -3.745292719586112, "log10_lambda": -2.1985804361354946, "log10_min_child_weight": 0.09255645728173056, "log10_subsample": -0.13243678937972214, "max_depth": 5.0, "num_boost_round": 26.0}, "datetime": {"datetime": "2024-01-19 00:40:47", "elapsed": 1699.878832, "delta": 0.111057}}
{"target": -13.757189550248391, "params": {"gamma": 598.3753806143012, "log10_alpha": 0.2966525745491211, "log10_colsample_bytree": -0.744462325381708, "log10_eta": -1.3382681314159006, "log10_lambda": -4.581683451950247, "log10_min_child_weight": 0.09168430238386982, "log10_subsample": -0.1916426700089675, "max_depth": 4.0, "num_boost_round": 0.0}, "datetime": {"datetime": "2024-01-19 00:41:15", "elapsed": 1727.864769, "delta": 27.985937}}
{"target": -13.756956718284263, "params": {"gamma": 598.3753806143012, "log10_alpha": 0.2966525745491211, "log10_colsample_bytree": -0.744462325381708, "log10_eta": -1.3382681314159006, "log10_lambda": -4.581683451950247, "log10_min_child_weight": 0.09168430238386982, "log10_subsample": -0.1916426700089675, "max_depth": 4.0, "num_boost_round": 1.0}, "datetime": {"datetime": "2024-01-19 00:41:15", "elapsed": 1727.868445, "delta": 0.003676}}
