{"target": -13.757823961173857, "params": {"gamma": 8.690293310046226, "log10_alpha": 0.26867485089901244, "log10_colsample_bytree": -0.7847329031014003, "log10_eta": -2.1342474624595837, "log10_lambda": -1.816576447884048, "log10_min_child_weight": 1.222242027647229, "log10_subsample": -0.4110297071755328, "max_depth": 9.0, "num_boost_round": 7.0}, "datetime": {"datetime": "2024-01-19 00:22:29", "elapsed": 657.222153, "delta": 0.000947}}
{"target": -13.757844488686443, "params": {"gamma": 8.690293310046226, "log10_alpha": 0.26867485089901244, "log10_colsample_bytree": -0.7847329031014003, "log10_eta": -2.1342474624595837, "log10_lambda": -1.816576447884048, "log10_min_child_weight": 1.222242027647229, "log10_subsample": -0.4110297071755328, "max_depth": 9.0, "num_boost_round": 8.0}, "datetime": {"datetime": "2024-01-19 00:22:29", "elapsed": 657.223097, "delta": 0.000944}}
{"target": -13.757531628820955, "params": {"gamma": 8.690293310046226, "log10_alpha": 0.26867485089901244, "log10_colsample_bytree": -0.7847329031014003, "log10_eta": -2.1342474624595837, "log10_lambda": -1.816576447884048, "log10_min_child_weight": 1.222242027647229, "log10_subsample": -0.4110297071755328, "max_depth": 9.0, "num_boost_round": 9.0}, "datetime": {"datetime": "2024-01-19 00:22:29", "elapsed": 657.22408, "delta": 0.000983}}
{"target": -13.75719022190425, "params": {"gamma": 8.690293310046226, "log10_alpha": 0.26867485089901244, "log10_colsample_bytree": -0.7847329031014003, "log10_eta": -2.1342474624595837, "log10_lambda": -1.816576447884048, "log10_min_child_weight": 1.222242027647229, "log10_subsample": -0.4110297071755328, "max_depth": 9.0, "num_boost_round": 10.0}, "datetime": {"datetime": "2024-01-19 00:22:29", "elapsed": 657.225039, "delta": 0.000959}}
{"target": -13.75736453227136, "params": {"gamma": 8.690293310046226, "log10_alpha": 0.26867485089901244, "log10_colsample_bytree": -0.7847329031014003, "log10_eta": -2.1342474624595837, "log10_lambda": -1.816576447884048, "log10_min_child_weight": 1.222242027647229, "log10_subsample": -0.4110297071755328, "max_depth": 9.0, "num_boost_round": 11.0}, "datetime": {"datetime": "2024-01-19 00:22:29", "elapsed": 657.226004, "delta": 0.000965}}
{"target": -13.757286115919253, "params": {"gamma": 8.690293310046226, "log10_alpha": 0.26867485089901244, "log10_colsample_bytree": -0.7847329031014003, "log10_eta": -2.1342474624595837, "log10_lambda": -1.816576447884048, "log10_min_child_weight": 1.222242027647229, "log10_subsample": -0.4110297071755328, "max_depth": 9.0, "num_boost_round": 12.0}, "datetime": {"datetime": "2024-01-19 00:22:29", "elapsed": 657.226959, "delta": 0.000955}}
{"target": -13.756946518958848, "params": {"gamma": 8.690293310046226, "log10_alpha": 0.26867485089901244, "log10_colsample_bytree": -0.7847329031014003, "log10_eta": -2.1342474624595837, "log10_lambda": -1.816576447884048, "log10_min_child_weight": 1.222242027647229, "log10_subsample": -0.4110297071755328, "max_depth": 9.0, "num_boost_round": 13.0}, "datetime": {"datetime": "2024-01-19 00:22:29", "elapsed": 657.227911, "delta": 0.000952}}
{"target": -13.757250786075646, "params": {"gamma": 8.690293310046226, "log10_alpha": 0.26867485089901244, "log10_colsample_bytree": -0.7847329031014003, "log10_eta": -2.1342474624595837, "log10_lambda": -1.816576447884048, "log10_min_child_weight": 1.222242027647229, "log10_subsample": -0.4110297071755328, "max_depth": 9.0, "num_boost_round": 14.0}, "datetime": {"datetime": "2024-01-19 00:22:29", "elapsed": 657.228977, "delta": 0.001066}}
{"target": -13.757366628091464, "params": {"gamma": 8.690293310046226, "log10_alpha": 0.26867485089901244, "log10_colsample_bytree": -0.7847329031014003, "log10_eta": -2.1342474624595837, "log10_lambda": -1.816576447884048, "log10_min_child_weight": 1.222242027647229, "log10_subsample": -0.4110297071755328, "max_depth": 9.0, "num_boost_round": 15.0}, "datetime": {"datetime": "2024-01-19 00:22:29", "elapsed": 657.22996, "delta": 0.000983}}
{"target": -13.757519098851771, "params": {"gamma": 8.690293310046226, "log10_alpha": 0.26867485089901244, "log10_colsample_bytree": -0.7847329031014003, "log10_eta": -2.1342474624595837, "log10_lambda": -1.816576447884048, "log10_min_child_weight": 1.222242027647229, "log10_subsample": -0.4110297071755328, "max_depth": 9.0, "num_boost_round": 16.0}, "datetime": {"datetime": "2024-01-19 00:22:29", "elapsed": 657.230922, "delta": 0.000962}}
{"target": -13.757241887632432, "params": {"gamma": 8.690293310046226, "log10_alpha": 0.26867485089901244, "log10_colsample_bytree": -0.7847329031014003, "log10_eta": -2.1342474624595837, "log10_lambda": -1.816576447884048, "log10_min_child_weight": 1.222242027647229, "log10_subsample": -0.4110297071755328, "max_depth": 9.0, "num_boost_round": 17.0}, "datetime": {"datetime": "2024-01-19 00:22:29", "elapsed": 657.231876, "delta": 0.000954}}
{"target": -13.757011157121136, "params": {"gamma": 8.690293310046226, "log10_alpha": 0.26867485089901244, "log10_colsample_bytree": -0.7847329031014003, "log10_eta": -2.1342474624595837, "log10_lambda": -1.816576447884048, "log10_min_child_weight": 1.222242027647229, "log10_subsample": -0.4110297071755328, "max_depth": 9.0, "num_boost_round": 18.0}, "datetime": {"datetime": "2024-01-19 00:22:29", "elapsed": 657.232847, "delta": 0.000971}}
{"target": -13.756966054183968, "params": {"gamma": 8.690293310046226, "log10_alpha": 0.26867485089901244, "log10_colsample_bytree": -0.7847329031014003, "log10_eta": -2.1342474624595837, "log10_lambda": -1.816576447884048, "log10_min_child_weight": 1.222242027647229, "log10_subsample": -0.4110297071755328, "max_depth": 9.0, "num_boost_round": 19.0}, "datetime": {"datetime": "2024-01-19 00:22:29", "elapsed": 657.233814, "delta": 0.000967}}
{"target": -13.756746712565459, "params": {"gamma": 8.690293310046226, "log10_alpha": 0.26867485089901244, "log10_colsample_bytree": -0.7847329031014003, "log10_eta": -2.1342474624595837, "log10_lambda": -1.816576447884048, "log10_min_child_weight": 1.222242027647229, "log10_subsample": -0.4110297071755328, "max_depth": 9.0, "num_boost_round": 20.0}, "datetime": {"datetime": "2024-01-19 00:22:29", "elapsed": 657.234768, "delta": 0.000954}}
{"target": -13.756917048893419, "params": {"gamma": 8.690293310046226, "log10_alpha": 0.26867485089901244, "log10_colsample_bytree": -0.7847329031014003, "log10_eta": -2.1342474624595837, "log10_lambda": -1.816576447884048, "log10_min_child_weight": 1.222242027647229, "log10_subsample": -0.4110297071755328, "max_depth": 9.0, "num_boost_round": 21.0}, "datetime": {"datetime": "2024-01-19 00:22:29", "elapsed": 657.235766, "delta": 0.000998}}
{"target": -13.822636572406525, "params": {"gamma": 2.6206722002396488, "log10_alpha": 0.6283633401013677, "log10_colsample_bytree": -0.19352695800794883, "log10_eta": -0.0976714173381561, "log10_lambda": -1.2265276609569695, "log10_min_child_weight": 1.2536341251157839, "log10_subsample": -0.9024469435450202, "max_depth": 4.0, "num_boost_round": 0.0}, "datetime": {"datetime": "2024-01-19 00:22:50", "elapsed": 679.010838, "delta": 21.775072}}
{"target": -13.920401672122788, "params": {"gamma": 2.6206722002396488, "log10_alpha": 0.6283633401013677, "log10_colsample_bytree": -0.19352695800794883, "log10_eta": -0.0976714173381561, "log10_lambda": -1.2265276609569695, "log10_min_child_weight": 1.2536341251157839, "log10_subsample": -0.9024469435450202, "max_depth": 4.0, "num_boost_round": 1.0}, "datetime": {"datetime": "2024-01-19 00:22:50", "elapsed": 679.01228, "delta": 0.001442}}
{"target": -13.936394937905215, "params": {"gamma": 2.6206722002396488, "log10_alpha": 0.6283633401013677, "log10_colsample_bytree": -0.19352695800794883, "log10_eta": -0.0976714173381561, "log10_lambda": -1.2265276609569695, "log10_min_child_weight": 1.2536341251157839, "log10_subsample": -0.9024469435450202, "max_depth": 4.0, "num_boost_round": 2.0}, "datetime": {"datetime": "2024-01-19 00:22:50", "elapsed": 679.013743, "delta": 0.001463}}
{"target": -13.990252432494575, "params": {"gamma": 2.6206722002396488, "log10_alpha": 0.6283633401013677, "log10_colsample_bytree": -0.19352695800794883, "log10_eta": -0.0976714173381561, "log10_lambda": -1.2265276609569695, "log10_min_child_weight": 1.2536341251157839, "log10_subsample": -0.9024469435450202, "max_depth": 4.0, "num_boost_round": 3.0}, "datetime": {"datetime": "2024-01-19 00:22:50", "elapsed": 679.014789, "delta": 0.001046}}
{"target": -14.119236868772656, "params": {"gamma": 2.6206722002396488, "log10_alpha": 0.6283633401013677, "log10_colsample_bytree": -0.19352695800794883, "log10_eta": -0.0976714173381561, "log10_lambda": -1.2265276609569695, "log10_min_child_weight": 1.2536341251157839, "log10_subsample": -0.9024469435450202, "max_depth": 4.0, "num_boost_round": 4.0}, "datetime": {"datetime": "2024-01-19 00:22:50", "elapsed": 679.015767, "delta": 0.000978}}
{"target": -14.533640816243258, "params": {"gamma": 2.6206722002396488, "log10_alpha": 0.6283633401013677, "log10_colsample_bytree": -0.19352695800794883, "log10_eta": -0.0976714173381561, "log10_lambda": -1.2265276609569695, "log10_min_child_weight": 1.2536341251157839, "log10_subsample": -0.9024469435450202, "max_depth": 4.0, "num_boost_round": 5.0}, "datetime": {"datetime": "2024-01-19 00:22:50", "elapsed": 679.016856, "delta": 0.001089}}
{"target": -14.552839290153477, "params": {"gamma": 2.6206722002396488, "log10_alpha": 0.6283633401013677, "log10_colsample_bytree": -0.19352695800794883, "log10_eta": -0.0976714173381561, "log10_lambda": -1.2265276609569695, "log10_min_child_weight": 1.2536341251157839, "log10_subsample": -0.9024469435450202, "max_depth": 4.0, "num_boost_round": 6.0}, "datetime": {"datetime": "2024-01-19 00:22:50", "elapsed": 679.017831, "delta": 0.000975}}
{"target": -14.567709486172026, "params": {"gamma": 2.6206722002396488, "log10_alpha": 0.6283633401013677, "log10_colsample_bytree": -0.19352695800794883, "log10_eta": -0.0976714173381561, "log10_lambda": -1.2265276609569695, "log10_min_child_weight": 1.2536341251157839, "log10_subsample": -0.9024469435450202, "max_depth": 4.0, "num_boost_round": 7.0}, "datetime": {"datetime": "2024-01-19 00:22:50", "elapsed": 679.018804, "delta": 0.000973}}
{"target": -14.60645599974876, "params": {"gamma": 2.6206722002396488, "log10_alpha": 0.6283633401013677, "log10_colsample_bytree": -0.19352695800794883, "log10_eta": -0.0976714173381561, "log10_lambda": -1.2265276609569695, "log10_min_child_weight": 1.2536341251157839, "log10_subsample": -0.9024469435450202, "max_depth": 4.0, "num_boost_round": 8.0}, "datetime": {"datetime": "2024-01-19 00:22:50", "elapsed": 679.019831, "delta": 0.001027}}
{"target": -14.645046030375, "params": {"gamma": 2.6206722002396488, "log10_alpha": 0.6283633401013677, "log10_colsample_bytree": -0.19352695800794883, "log10_eta": -0.0976714173381561, "log10_lambda": -1.2265276609569695, "log10_min_child_weight": 1.2536341251157839, "log10_subsample": -0.9024469435450202, "max_depth": 4.0, "num_boost_round": 9.0}, "datetime": {"datetime": "2024-01-19 00:22:50", "elapsed": 679.020814, "delta": 0.000983}}
{"target": -14.660189685991192, "params": {"gamma": 2.6206722002396488, "log10_alpha": 0.6283633401013677, "log10_colsample_bytree": -0.19352695800794883, "log10_eta": -0.0976714173381561, "log10_lambda": -1.2265276609569695, "log10_min_child_weight": 1.2536341251157839, "log10_subsample": -0.9024469435450202, "max_depth": 4.0, "num_boost_round": 10.0}, "datetime": {"datetime": "2024-01-19 00:22:50", "elapsed": 679.0218, "delta": 0.000986}}
{"target": -14.687199900390937, "params": {"gamma": 2.6206722002396488, "log10_alpha": 0.6283633401013677, "log10_colsample_bytree": -0.19352695800794883, "log10_eta": -0.0976714173381561, "log10_lambda": -1.2265276609569695, "log10_min_child_weight": 1.2536341251157839, "log10_subsample": -0.9024469435450202, "max_depth": 4.0, "num_boost_round": 11.0}, "datetime": {"datetime": "2024-01-19 00:22:50", "elapsed": 679.022775, "delta": 0.000975}}
{"target": -14.720890163538593, "params": {"gamma": 2.6206722002396488, "log10_alpha": 0.6283633401013677, "log10_colsample_bytree": -0.19352695800794883, "log10_eta": -0.0976714173381561, "log10_lambda": -1.2265276609569695, "log10_min_child_weight": 1.2536341251157839, "log10_subsample": -0.9024469435450202, "max_depth": 4.0, "num_boost_round": 12.0}, "datetime": {"datetime": "2024-01-19 00:22:50", "elapsed": 679.023759, "delta": 0.000984}}
{"target": -14.728942062054834, "params": {"gamma": 2.6206722002396488, "log10_alpha": 0.6283633401013677, "log10_colsample_bytree": -0.19352695800794883, "log10_eta": -0.0976714173381561, "log10_lambda": -1.2265276609569695, "log10_min_child_weight": 1.2536341251157839, "log10_subsample": -0.9024469435450202, "max_depth": 4.0, "num_boost_round": 13.0}, "datetime": {"datetime": "2024-01-19 00:22:50", "elapsed": 679.024759, "delta": 0.001}}
{"target": -14.756973599216582, "params": {"gamma": 2.6206722002396488, "log10_alpha": 0.6283633401013677, "log10_colsample_bytree": -0.19352695800794883, "log10_eta": -0.0976714173381561, "log10_lambda": -1.2265276609569695, "log10_min_child_weight": 1.2536341251157839, "log10_subsample": -0.9024469435450202, "max_depth": 4.0, "num_boost_round": 14.0}, "datetime": {"datetime": "2024-01-19 00:22:50", "elapsed": 679.02576, "delta": 0.001001}}
{"target": -14.812385296380251, "params": {"gamma": 2.6206722002396488, "log10_alpha": 0.6283633401013677, "log10_colsample_bytree": -0.19352695800794883, "log10_eta": -0.0976714173381561, "log10_lambda": -1.2265276609569695, "log10_min_child_weight": 1.2536341251157839, "log10_subsample": -0.9024469435450202, "max_depth": 4.0, "num_boost_round": 15.0}, "datetime": {"datetime": "2024-01-19 00:22:50", "elapsed": 679.026743, "delta": 0.000983}}
{"target": -14.821827554750849, "params": {"gamma": 2.6206722002396488, "log10_alpha": 0.6283633401013677, "log10_colsample_bytree": -0.19352695800794883, "log10_eta": -0.0976714173381561, "log10_lambda": -1.2265276609569695, "log10_min_child_weight": 1.2536341251157839, "log10_subsample": -0.9024469435450202, "max_depth": 4.0, "num_boost_round": 16.0}, "datetime": {"datetime": "2024-01-19 00:22:50", "elapsed": 679.027722, "delta": 0.000979}}
{"target": -14.8400593652863, "params": {"gamma": 2.6206722002396488, "log10_alpha": 0.6283633401013677, "log10_colsample_bytree": -0.19352695800794883, "log10_eta": -0.0976714173381561, "log10_lambda": -1.2265276609569695, "log10_min_child_weight": 1.2536341251157839, "log10_subsample": -0.9024469435450202, "max_depth": 4.0, "num_boost_round": 17.0}, "datetime": {"datetime": "2024-01-19 00:22:50", "elapsed": 679.028709, "delta": 0.000987}}
{"target": -14.855072273308167, "params": {"gamma": 2.6206722002396488, "log10_alpha": 0.6283633401013677, "log10_colsample_bytree": -0.19352695800794883, "log10_eta": -0.0976714173381561, "log10_lambda": -1.2265276609569695, "log10_min_child_weight": 1.2536341251157839, "log10_subsample": -0.9024469435450202, "max_depth": 4.0, "num_boost_round": 18.0}, "datetime": {"datetime": "2024-01-19 00:22:50", "elapsed": 679.029703, "delta": 0.000994}}
{"target": -13.758539480662888, "params": {"gamma": 7.845125047290069, "log10_alpha": -4.338239182715058, "log10_colsample_bytree": -0.21794336175300266, "log10_eta": -3.8601620255517193, "log10_lambda": -1.9978189273203073, "log10_min_child_weight": 3.7334392258156077, "log10_subsample": -0.868481062901167, "max_depth": 5.0, "num_boost_round": 0.0}, "datetime": {"datetime": "2024-01-19 00:23:12", "elapsed": 700.516418, "delta": 21.486715}}
{"target": -13.758536461723077, "params": {"gamma": 7.845125047290069, "log10_alpha": -4.338239182715058, "log10_colsample_bytree": -0.21794336175300266, "log10_eta": -3.8601620255517193, "log10_lambda": -1.9978189273203073, "log10_min_child_weight": 3.7334392258156077, "log10_subsample": -0.868481062901167, "max_depth": 5.0, "num_boost_round": 1.0}, "datetime": {"datetime": "2024-01-19 00:23:12", "elapsed": 700.517578, "delta": 0.00116}}
{"target": -13.758537882294476, "params": {"gamma": 7.845125047290069, "log10_alpha": -4.338239182715058, "log10_colsample_bytree": -0.21794336175300266, "log10_eta": -3.8601620255517193, "log10_lambda": -1.9978189273203073, "log10_min_child_weight": 3.7334392258156077, "log10_subsample": -0.868481062901167, "max_depth": 5.0, "num_boost_round": 2.0}, "datetime": {"datetime": "2024-01-19 00:23:12", "elapsed": 700.518807, "delta": 0.001229}}
{"target": -13.758537685651488, "params": {"gamma": 7.845125047290069, "log10_alpha": -4.338239182715058, "log10_colsample_bytree": -0.21794336175300266, "log10_eta": -3.8601620255517193, "log10_lambda": -1.9978189273203073, "log10_min_child_weight": 3.7334392258156077, "log10_subsample": -0.868481062901167, "max_depth": 5.0, "num_boost_round": 3.0}, "datetime": {"datetime": "2024-01-19 00:23:12", "elapsed": 700.520271, "delta": 0.001464}}
{"target": -13.758537880523924, "params": {"gamma": 7.845125047290069, "log10_alpha": -4.338239182715058, "log10_colsample_bytree": -0.21794336175300266, "log10_eta": -3.8601620255517193, "log10_lambda": -1.9978189273203073, "log10_min_child_weight": 3.7334392258156077, "log10_subsample": -0.868481062901167, "max_depth": 5.0, "num_boost_round": 4.0}, "datetime": {"datetime": "2024-01-19 00:23:12", "elapsed": 700.5215, "delta": 0.001229}}
{"target": -13.758537691891547, "params": {"gamma": 7.845125047290069, "log10_alpha": -4.338239182715058, "log10_colsample_bytree": -0.21794336175300266, "log10_eta": -3.8601620255517193, "log10_lambda": -1.9978189273203073, "log10_min_child_weight": 3.7334392258156077, "log10_subsample": -0.868481062901167, "max_depth": 5.0, "num_boost_round": 5.0}, "datetime": {"datetime": "2024-01-19 00:23:12", "elapsed": 700.522505, "delta": 0.001005}}
{"target": -13.7585382360753, "params": {"gamma": 7.845125047290069, "log10_alpha": -4.338239182715058, "log10_colsample_bytree": -0.21794336175300266, "log10_eta": -3.8601620255517193, "log10_lambda": -1.9978189273203073, "log10_min_child_weight": 3.7334392258156077, "log10_subsample": -0.868481062901167, "max_depth": 5.0, "num_boost_round": 6.0}, "datetime": {"datetime": "2024-01-19 00:23:12", "elapsed": 700.5235, "delta": 0.000995}}
{"target": -13.758538359366451, "params": {"gamma": 7.845125047290069, "log10_alpha": -4.338239182715058, "log10_colsample_bytree": -0.21794336175300266, "log10_eta": -3.8601620255517193, "log10_lambda": -1.9978189273203073, "log10_min_child_weight": 3.7334392258156077, "log10_subsample": -0.868481062901167, "max_depth": 5.0, "num_boost_round": 7.0}, "datetime": {"datetime": "2024-01-19 00:23:12", "elapsed": 700.524501, "delta": 0.001001}}
{"target": -13.758535877021092, "params": {"gamma": 7.845125047290069, "log10_alpha": -4.338239182715058, "log10_colsample_bytree": -0.21794336175300266, "log10_eta": -3.8601620255517193, "log10_lambda": -1.9978189273203073, "log10_min_child_weight": 3.7334392258156077, "log10_subsample": -0.868481062901167, "max_depth": 5.0, "num_boost_round": 8.0}, "datetime": {"datetime": "2024-01-19 00:23:12", "elapsed": 700.525544, "delta": 0.001043}}
{"target": -13.758535771091715, "params": {"gamma": 7.845125047290069, "log10_alpha": -4.338239182715058, "log10_colsample_bytree": -0.21794336175300266, "log10_eta": -3.8601620255517193, "log10_lambda": -1.9978189273203073, "log10_min_child_weight": 3.7334392258156077, "log10_subsample": -0.868481062901167, "max_depth": 5.0, "num_boost_round": 9.0}, "datetime": {"datetime": "2024-01-19 00:23:12", "elapsed": 700.52653, "delta": 0.000986}}
{"target": -13.75853184059513, "params": {"gamma": 7.845125047290069, "log10_alpha": -4.338239182715058, "log10_colsample_bytree": -0.21794336175300266, "log10_eta": -3.8601620255517193, "log10_lambda": -1.9978189273203073, "log10_min_child_weight": 3.7334392258156077, "log10_subsample": -0.868481062901167, "max_depth": 5.0, "num_boost_round": 10.0}, "datetime": {"datetime": "2024-01-19 00:23:12", "elapsed": 700.527523, "delta": 0.000993}}
{"target": -13.758531575000832, "params": {"gamma": 7.845125047290069, "log10_alpha": -4.338239182715058, "log10_colsample_bytree": -0.21794336175300266, "log10_eta": -3.8601620255517193, "log10_lambda": -1.9978189273203073, "log10_min_child_weight": 3.7334392258156077, "log10_subsample": -0.868481062901167, "max_depth": 5.0, "num_boost_round": 11.0}, "datetime": {"datetime": "2024-01-19 00:23:12", "elapsed": 700.52852, "delta": 0.000997}}
{"target": -13.758531055314972, "params": {"gamma": 7.845125047290069, "log10_alpha": -4.338239182715058, "log10_colsample_bytree": -0.21794336175300266, "log10_eta": -3.8601620255517193, "log10_lambda": -1.9978189273203073, "log10_min_child_weight": 3.7334392258156077, "log10_subsample": -0.868481062901167, "max_depth": 5.0, "num_boost_round": 12.0}, "datetime": {"datetime": "2024-01-19 00:23:12", "elapsed": 700.529654, "delta": 0.001134}}
{"target": -13.758531604840202, "params": {"gamma": 7.845125047290069, "log10_alpha": -4.338239182715058, "log10_colsample_bytree": -0.21794336175300266, "log10_eta": -3.8601620255517193, "log10_lambda": -1.9978189273203073, "log10_min_child_weight": 3.7334392258156077, "log10_subsample": -0.868481062901167, "max_depth": 5.0, "num_boost_round": 13.0}, "datetime": {"datetime": "2024-01-19 00:23:12", "elapsed": 700.530662, "delta": 0.001008}}
{"target": -13.758531066609969, "params": {"gamma": 7.845125047290069, "log10_alpha": -4.338239182715058, "log10_colsample_bytree": -0.21794336175300266, "log10_eta": -3.8601620255517193, "log10_lambda": -1.9978189273203073, "log10_min_child_weight": 3.7334392258156077, "log10_subsample": -0.868481062901167, "max_depth": 5.0, "num_boost_round": 14.0}, "datetime": {"datetime": "2024-01-19 00:23:12", "elapsed": 700.531669, "delta": 0.001007}}
