{"target": -13.757943396286313, "params": {"gamma": 333.6809248323912, "log10_alpha": -1.3382955133912318, "log10_colsample_bytree": -0.837043743640454, "log10_eta": -1.2653802110901653, "log10_lambda": -4.189642916585493, "log10_min_child_weight": 0.5071552191923262, "log10_subsample": -0.6717317855725521, "max_depth": 4.0, "num_boost_round": 17.0}, "datetime": {"datetime": "2024-01-19 02:02:33", "elapsed": 6606.549442, "delta": 0.005926}}
{"target": -13.75784080500387, "params": {"gamma": 333.6809248323912, "log10_alpha": -1.3382955133912318, "log10_colsample_bytree": -0.837043743640454, "log10_eta": -1.2653802110901653, "log10_lambda": -4.189642916585493, "log10_min_child_weight": 0.5071552191923262, "log10_subsample": -0.6717317855725521, "max_depth": 4.0, "num_boost_round": 18.0}, "datetime": {"datetime": "2024-01-19 02:02:33", "elapsed": 6606.555609, "delta": 0.006167}}
{"target": -13.757798160462638, "params": {"gamma": 333.6809248323912, "log10_alpha": -1.3382955133912318, "log10_colsample_bytree": -0.837043743640454, "log10_eta": -1.2653802110901653, "log10_lambda": -4.189642916585493, "log10_min_child_weight": 0.5071552191923262, "log10_subsample": -0.6717317855725521, "max_depth": 4.0, "num_boost_round": 19.0}, "datetime": {"datetime": "2024-01-19 02:02:33", "elapsed": 6606.56173, "delta": 0.006121}}
{"target": -13.758434313346806, "params": {"gamma": 333.6809248323912, "log10_alpha": -1.3382955133912318, "log10_colsample_bytree": -0.837043743640454, "log10_eta": -1.2653802110901653, "log10_lambda": -4.189642916585493, "log10_min_child_weight": 0.5071552191923262, "log10_subsample": -0.6717317855725521, "max_depth": 4.0, "num_boost_round": 20.0}, "datetime": {"datetime": "2024-01-19 02:02:33", "elapsed": 6606.567442, "delta": 0.005712}}
{"target": -13.75914025408656, "params": {"gamma": 333.6809248323912, "log10_alpha": -1.3382955133912318, "log10_colsample_bytree": -0.837043743640454, "log10_eta": -1.2653802110901653, "log10_lambda": -4.189642916585493, "log10_min_child_weight": 0.5071552191923262, "log10_subsample": -0.6717317855725521, "max_depth": 4.0, "num_boost_round": 21.0}, "datetime": {"datetime": "2024-01-19 02:02:34", "elapsed": 6606.573155, "delta": 0.005713}}
{"target": -13.760223198168644, "params": {"gamma": 333.6809248323912, "log10_alpha": -1.3382955133912318, "log10_colsample_bytree": -0.837043743640454, "log10_eta": -1.2653802110901653, "log10_lambda": -4.189642916585493, "log10_min_child_weight": 0.5071552191923262, "log10_subsample": -0.6717317855725521, "max_depth": 4.0, "num_boost_round": 22.0}, "datetime": {"datetime": "2024-01-19 02:02:34", "elapsed": 6606.57897, "delta": 0.005815}}
{"target": -13.760812506454535, "params": {"gamma": 333.6809248323912, "log10_alpha": -1.3382955133912318, "log10_colsample_bytree": -0.837043743640454, "log10_eta": -1.2653802110901653, "log10_lambda": -4.189642916585493, "log10_min_child_weight": 0.5071552191923262, "log10_subsample": -0.6717317855725521, "max_depth": 4.0, "num_boost_round": 23.0}, "datetime": {"datetime": "2024-01-19 02:02:34", "elapsed": 6606.585066, "delta": 0.006096}}
{"target": -13.761457976137967, "params": {"gamma": 333.6809248323912, "log10_alpha": -1.3382955133912318, "log10_colsample_bytree": -0.837043743640454, "log10_eta": -1.2653802110901653, "log10_lambda": -4.189642916585493, "log10_min_child_weight": 0.5071552191923262, "log10_subsample": -0.6717317855725521, "max_depth": 4.0, "num_boost_round": 24.0}, "datetime": {"datetime": "2024-01-19 02:02:34", "elapsed": 6606.591072, "delta": 0.006006}}
{"target": -13.764812847091465, "params": {"gamma": 333.6809248323912, "log10_alpha": -1.3382955133912318, "log10_colsample_bytree": -0.837043743640454, "log10_eta": -1.2653802110901653, "log10_lambda": -4.189642916585493, "log10_min_child_weight": 0.5071552191923262, "log10_subsample": -0.6717317855725521, "max_depth": 4.0, "num_boost_round": 25.0}, "datetime": {"datetime": "2024-01-19 02:02:34", "elapsed": 6606.596826, "delta": 0.005754}}
{"target": -13.765716619454091, "params": {"gamma": 333.6809248323912, "log10_alpha": -1.3382955133912318, "log10_colsample_bytree": -0.837043743640454, "log10_eta": -1.2653802110901653, "log10_lambda": -4.189642916585493, "log10_min_child_weight": 0.5071552191923262, "log10_subsample": -0.6717317855725521, "max_depth": 4.0, "num_boost_round": 26.0}, "datetime": {"datetime": "2024-01-19 02:02:34", "elapsed": 6606.602553, "delta": 0.005727}}
{"target": -13.765036976928135, "params": {"gamma": 333.6809248323912, "log10_alpha": -1.3382955133912318, "log10_colsample_bytree": -0.837043743640454, "log10_eta": -1.2653802110901653, "log10_lambda": -4.189642916585493, "log10_min_child_weight": 0.5071552191923262, "log10_subsample": -0.6717317855725521, "max_depth": 4.0, "num_boost_round": 27.0}, "datetime": {"datetime": "2024-01-19 02:02:34", "elapsed": 6606.608998, "delta": 0.006445}}
{"target": -13.764893670788462, "params": {"gamma": 333.6809248323912, "log10_alpha": -1.3382955133912318, "log10_colsample_bytree": -0.837043743640454, "log10_eta": -1.2653802110901653, "log10_lambda": -4.189642916585493, "log10_min_child_weight": 0.5071552191923262, "log10_subsample": -0.6717317855725521, "max_depth": 4.0, "num_boost_round": 28.0}, "datetime": {"datetime": "2024-01-19 02:02:34", "elapsed": 6606.615305, "delta": 0.006307}}
{"target": -13.764679597030682, "params": {"gamma": 333.6809248323912, "log10_alpha": -1.3382955133912318, "log10_colsample_bytree": -0.837043743640454, "log10_eta": -1.2653802110901653, "log10_lambda": -4.189642916585493, "log10_min_child_weight": 0.5071552191923262, "log10_subsample": -0.6717317855725521, "max_depth": 4.0, "num_boost_round": 29.0}, "datetime": {"datetime": "2024-01-19 02:02:34", "elapsed": 6606.621376, "delta": 0.006071}}
{"target": -13.765731671769414, "params": {"gamma": 333.6809248323912, "log10_alpha": -1.3382955133912318, "log10_colsample_bytree": -0.837043743640454, "log10_eta": -1.2653802110901653, "log10_lambda": -4.189642916585493, "log10_min_child_weight": 0.5071552191923262, "log10_subsample": -0.6717317855725521, "max_depth": 4.0, "num_boost_round": 30.0}, "datetime": {"datetime": "2024-01-19 02:02:34", "elapsed": 6606.753802, "delta": 0.132426}}
{"target": -13.765891584997707, "params": {"gamma": 333.6809248323912, "log10_alpha": -1.3382955133912318, "log10_colsample_bytree": -0.837043743640454, "log10_eta": -1.2653802110901653, "log10_lambda": -4.189642916585493, "log10_min_child_weight": 0.5071552191923262, "log10_subsample": -0.6717317855725521, "max_depth": 4.0, "num_boost_round": 31.0}, "datetime": {"datetime": "2024-01-19 02:02:34", "elapsed": 6606.76087, "delta": 0.007068}}
{"target": -13.767716061669102, "params": {"gamma": 333.6809248323912, "log10_alpha": -1.3382955133912318, "log10_colsample_bytree": -0.837043743640454, "log10_eta": -1.2653802110901653, "log10_lambda": -4.189642916585493, "log10_min_child_weight": 0.5071552191923262, "log10_subsample": -0.6717317855725521, "max_depth": 4.0, "num_boost_round": 32.0}, "datetime": {"datetime": "2024-01-19 02:02:34", "elapsed": 6606.767295, "delta": 0.006425}}
{"target": -13.770673060579094, "params": {"gamma": 333.6809248323912, "log10_alpha": -1.3382955133912318, "log10_colsample_bytree": -0.837043743640454, "log10_eta": -1.2653802110901653, "log10_lambda": -4.189642916585493, "log10_min_child_weight": 0.5071552191923262, "log10_subsample": -0.6717317855725521, "max_depth": 4.0, "num_boost_round": 33.0}, "datetime": {"datetime": "2024-01-19 02:02:34", "elapsed": 6606.773309, "delta": 0.006014}}
{"target": -13.770766912832178, "params": {"gamma": 333.6809248323912, "log10_alpha": -1.3382955133912318, "log10_colsample_bytree": -0.837043743640454, "log10_eta": -1.2653802110901653, "log10_lambda": -4.189642916585493, "log10_min_child_weight": 0.5071552191923262, "log10_subsample": -0.6717317855725521, "max_depth": 4.0, "num_boost_round": 34.0}, "datetime": {"datetime": "2024-01-19 02:02:34", "elapsed": 6606.779338, "delta": 0.006029}}
{"target": -13.771251431618122, "params": {"gamma": 333.6809248323912, "log10_alpha": -1.3382955133912318, "log10_colsample_bytree": -0.837043743640454, "log10_eta": -1.2653802110901653, "log10_lambda": -4.189642916585493, "log10_min_child_weight": 0.5071552191923262, "log10_subsample": -0.6717317855725521, "max_depth": 4.0, "num_boost_round": 35.0}, "datetime": {"datetime": "2024-01-19 02:02:34", "elapsed": 6606.785485, "delta": 0.006147}}
{"target": -13.772131103923394, "params": {"gamma": 333.6809248323912, "log10_alpha": -1.3382955133912318, "log10_colsample_bytree": -0.837043743640454, "log10_eta": -1.2653802110901653, "log10_lambda": -4.189642916585493, "log10_min_child_weight": 0.5071552191923262, "log10_subsample": -0.6717317855725521, "max_depth": 4.0, "num_boost_round": 36.0}, "datetime": {"datetime": "2024-01-19 02:02:34", "elapsed": 6606.791536, "delta": 0.006051}}
{"target": -13.772373212320185, "params": {"gamma": 333.6809248323912, "log10_alpha": -1.3382955133912318, "log10_colsample_bytree": -0.837043743640454, "log10_eta": -1.2653802110901653, "log10_lambda": -4.189642916585493, "log10_min_child_weight": 0.5071552191923262, "log10_subsample": -0.6717317855725521, "max_depth": 4.0, "num_boost_round": 37.0}, "datetime": {"datetime": "2024-01-19 02:02:34", "elapsed": 6606.797372, "delta": 0.005836}}
{"target": -13.772738647152153, "params": {"gamma": 333.6809248323912, "log10_alpha": -1.3382955133912318, "log10_colsample_bytree": -0.837043743640454, "log10_eta": -1.2653802110901653, "log10_lambda": -4.189642916585493, "log10_min_child_weight": 0.5071552191923262, "log10_subsample": -0.6717317855725521, "max_depth": 4.0, "num_boost_round": 38.0}, "datetime": {"datetime": "2024-01-19 02:02:34", "elapsed": 6606.803181, "delta": 0.005809}}
{"target": -13.77337405476729, "params": {"gamma": 333.6809248323912, "log10_alpha": -1.3382955133912318, "log10_colsample_bytree": -0.837043743640454, "log10_eta": -1.2653802110901653, "log10_lambda": -4.189642916585493, "log10_min_child_weight": 0.5071552191923262, "log10_subsample": -0.6717317855725521, "max_depth": 4.0, "num_boost_round": 39.0}, "datetime": {"datetime": "2024-01-19 02:02:34", "elapsed": 6606.809463, "delta": 0.006282}}
{"target": -13.75836646528671, "params": {"gamma": 321.27617338707324, "log10_alpha": 0.11733808159902459, "log10_colsample_bytree": -0.5957089944352051, "log10_eta": -2.376756949744042, "log10_lambda": 0.2561239829635582, "log10_min_child_weight": 1.4191882895794987, "log10_subsample": -0.43191738144421643, "max_depth": 9.0, "num_boost_round": 0.0}, "datetime": {"datetime": "2024-01-19 02:03:44", "elapsed": 6677.025058, "delta": 70.215595}}
{"target": -13.758091216321185, "params": {"gamma": 321.27617338707324, "log10_alpha": 0.11733808159902459, "log10_colsample_bytree": -0.5957089944352051, "log10_eta": -2.376756949744042, "log10_lambda": 0.2561239829635582, "log10_min_child_weight": 1.4191882895794987, "log10_subsample": -0.43191738144421643, "max_depth": 9.0, "num_boost_round": 1.0}, "datetime": {"datetime": "2024-01-19 02:03:44", "elapsed": 6677.032153, "delta": 0.007095}}
{"target": -13.757799190701157, "params": {"gamma": 321.27617338707324, "log10_alpha": 0.11733808159902459, "log10_colsample_bytree": -0.5957089944352051, "log10_eta": -2.376756949744042, "log10_lambda": 0.2561239829635582, "log10_min_child_weight": 1.4191882895794987, "log10_subsample": -0.43191738144421643, "max_depth": 9.0, "num_boost_round": 2.0}, "datetime": {"datetime": "2024-01-19 02:03:44", "elapsed": 6677.038075, "delta": 0.005922}}
{"target": -13.757582047471278, "params": {"gamma": 321.27617338707324, "log10_alpha": 0.11733808159902459, "log10_colsample_bytree": -0.5957089944352051, "log10_eta": -2.376756949744042, "log10_lambda": 0.2561239829635582, "log10_min_child_weight": 1.4191882895794987, "log10_subsample": -0.43191738144421643, "max_depth": 9.0, "num_boost_round": 3.0}, "datetime": {"datetime": "2024-01-19 02:03:44", "elapsed": 6677.043867, "delta": 0.005792}}
{"target": -13.757498361859746, "params": {"gamma": 321.27617338707324, "log10_alpha": 0.11733808159902459, "log10_colsample_bytree": -0.5957089944352051, "log10_eta": -2.376756949744042, "log10_lambda": 0.2561239829635582, "log10_min_child_weight": 1.4191882895794987, "log10_subsample": -0.43191738144421643, "max_depth": 9.0, "num_boost_round": 4.0}, "datetime": {"datetime": "2024-01-19 02:03:44", "elapsed": 6677.049566, "delta": 0.005699}}
{"target": -13.757196172478627, "params": {"gamma": 321.27617338707324, "log10_alpha": 0.11733808159902459, "log10_colsample_bytree": -0.5957089944352051, "log10_eta": -2.376756949744042, "log10_lambda": 0.2561239829635582, "log10_min_child_weight": 1.4191882895794987, "log10_subsample": -0.43191738144421643, "max_depth": 9.0, "num_boost_round": 5.0}, "datetime": {"datetime": "2024-01-19 02:03:44", "elapsed": 6677.05537, "delta": 0.005804}}
{"target": -13.757228687609654, "params": {"gamma": 321.27617338707324, "log10_alpha": 0.11733808159902459, "log10_colsample_bytree": -0.5957089944352051, "log10_eta": -2.376756949744042, "log10_lambda": 0.2561239829635582, "log10_min_child_weight": 1.4191882895794987, "log10_subsample": -0.43191738144421643, "max_depth": 9.0, "num_boost_round": 6.0}, "datetime": {"datetime": "2024-01-19 02:03:44", "elapsed": 6677.061049, "delta": 0.005679}}
{"target": -13.7571288839316, "params": {"gamma": 321.27617338707324, "log10_alpha": 0.11733808159902459, "log10_colsample_bytree": -0.5957089944352051, "log10_eta": -2.376756949744042, "log10_lambda": 0.2561239829635582, "log10_min_child_weight": 1.4191882895794987, "log10_subsample": -0.43191738144421643, "max_depth": 9.0, "num_boost_round": 7.0}, "datetime": {"datetime": "2024-01-19 02:03:44", "elapsed": 6677.06675, "delta": 0.005701}}
{"target": -13.756974562359073, "params": {"gamma": 321.27617338707324, "log10_alpha": 0.11733808159902459, "log10_colsample_bytree": -0.5957089944352051, "log10_eta": -2.376756949744042, "log10_lambda": 0.2561239829635582, "log10_min_child_weight": 1.4191882895794987, "log10_subsample": -0.43191738144421643, "max_depth": 9.0, "num_boost_round": 8.0}, "datetime": {"datetime": "2024-01-19 02:03:44", "elapsed": 6677.072568, "delta": 0.005818}}
{"target": -13.756830165236131, "params": {"gamma": 321.27617338707324, "log10_alpha": 0.11733808159902459, "log10_colsample_bytree": -0.5957089944352051, "log10_eta": -2.376756949744042, "log10_lambda": 0.2561239829635582, "log10_min_child_weight": 1.4191882895794987, "log10_subsample": -0.43191738144421643, "max_depth": 9.0, "num_boost_round": 9.0}, "datetime": {"datetime": "2024-01-19 02:03:44", "elapsed": 6677.078241, "delta": 0.005673}}
{"target": -13.7567102900442, "params": {"gamma": 321.27617338707324, "log10_alpha": 0.11733808159902459, "log10_colsample_bytree": -0.5957089944352051, "log10_eta": -2.376756949744042, "log10_lambda": 0.2561239829635582, "log10_min_child_weight": 1.4191882895794987, "log10_subsample": -0.43191738144421643, "max_depth": 9.0, "num_boost_round": 10.0}, "datetime": {"datetime": "2024-01-19 02:03:44", "elapsed": 6677.083939, "delta": 0.005698}}
{"target": -13.756736302369143, "params": {"gamma": 321.27617338707324, "log10_alpha": 0.11733808159902459, "log10_colsample_bytree": -0.5957089944352051, "log10_eta": -2.376756949744042, "log10_lambda": 0.2561239829635582, "log10_min_child_weight": 1.4191882895794987, "log10_subsample": -0.43191738144421643, "max_depth": 9.0, "num_boost_round": 11.0}, "datetime": {"datetime": "2024-01-19 02:03:44", "elapsed": 6677.089777, "delta": 0.005838}}
{"target": -13.756685613938533, "params": {"gamma": 321.27617338707324, "log10_alpha": 0.11733808159902459, "log10_colsample_bytree": -0.5957089944352051, "log10_eta": -2.376756949744042, "log10_lambda": 0.2561239829635582, "log10_min_child_weight": 1.4191882895794987, "log10_subsample": -0.43191738144421643, "max_depth": 9.0, "num_boost_round": 12.0}, "datetime": {"datetime": "2024-01-19 02:03:44", "elapsed": 6677.095921, "delta": 0.006144}}
{"target": -13.756554874519663, "params": {"gamma": 321.27617338707324, "log10_alpha": 0.11733808159902459, "log10_colsample_bytree": -0.5957089944352051, "log10_eta": -2.376756949744042, "log10_lambda": 0.2561239829635582, "log10_min_child_weight": 1.4191882895794987, "log10_subsample": -0.43191738144421643, "max_depth": 9.0, "num_boost_round": 13.0}, "datetime": {"datetime": "2024-01-19 02:03:44", "elapsed": 6677.102188, "delta": 0.006267}}
{"target": -13.756636281264075, "params": {"gamma": 321.27617338707324, "log10_alpha": 0.11733808159902459, "log10_colsample_bytree": -0.5957089944352051, "log10_eta": -2.376756949744042, "log10_lambda": 0.2561239829635582, "log10_min_child_weight": 1.4191882895794987, "log10_subsample": -0.43191738144421643, "max_depth": 9.0, "num_boost_round": 14.0}, "datetime": {"datetime": "2024-01-19 02:03:44", "elapsed": 6677.108307, "delta": 0.006119}}
{"target": -13.756469412381547, "params": {"gamma": 321.27617338707324, "log10_alpha": 0.11733808159902459, "log10_colsample_bytree": -0.5957089944352051, "log10_eta": -2.376756949744042, "log10_lambda": 0.2561239829635582, "log10_min_child_weight": 1.4191882895794987, "log10_subsample": -0.43191738144421643, "max_depth": 9.0, "num_boost_round": 15.0}, "datetime": {"datetime": "2024-01-19 02:03:44", "elapsed": 6677.114212, "delta": 0.005905}}
{"target": -13.756582238951093, "params": {"gamma": 321.27617338707324, "log10_alpha": 0.11733808159902459, "log10_colsample_bytree": -0.5957089944352051, "log10_eta": -2.376756949744042, "log10_lambda": 0.2561239829635582, "log10_min_child_weight": 1.4191882895794987, "log10_subsample": -0.43191738144421643, "max_depth": 9.0, "num_boost_round": 16.0}, "datetime": {"datetime": "2024-01-19 02:03:44", "elapsed": 6677.120284, "delta": 0.006072}}
{"target": -13.756439468927764, "params": {"gamma": 321.27617338707324, "log10_alpha": 0.11733808159902459, "log10_colsample_bytree": -0.5957089944352051, "log10_eta": -2.376756949744042, "log10_lambda": 0.2561239829635582, "log10_min_child_weight": 1.4191882895794987, "log10_subsample": -0.43191738144421643, "max_depth": 9.0, "num_boost_round": 17.0}, "datetime": {"datetime": "2024-01-19 02:03:44", "elapsed": 6677.126263, "delta": 0.005979}}
{"target": -13.756352700626215, "params": {"gamma": 321.27617338707324, "log10_alpha": 0.11733808159902459, "log10_colsample_bytree": -0.5957089944352051, "log10_eta": -2.376756949744042, "log10_lambda": 0.2561239829635582, "log10_min_child_weight": 1.4191882895794987, "log10_subsample": -0.43191738144421643, "max_depth": 9.0, "num_boost_round": 18.0}, "datetime": {"datetime": "2024-01-19 02:03:44", "elapsed": 6677.132206, "delta": 0.005943}}
{"target": -13.756276151047208, "params": {"gamma": 321.27617338707324, "log10_alpha": 0.11733808159902459, "log10_colsample_bytree": -0.5957089944352051, "log10_eta": -2.376756949744042, "log10_lambda": 0.2561239829635582, "log10_min_child_weight": 1.4191882895794987, "log10_subsample": -0.43191738144421643, "max_depth": 9.0, "num_boost_round": 19.0}, "datetime": {"datetime": "2024-01-19 02:03:44", "elapsed": 6677.138294, "delta": 0.006088}}
{"target": -13.755958726967936, "params": {"gamma": 321.27617338707324, "log10_alpha": 0.11733808159902459, "log10_colsample_bytree": -0.5957089944352051, "log10_eta": -2.376756949744042, "log10_lambda": 0.2561239829635582, "log10_min_child_weight": 1.4191882895794987, "log10_subsample": -0.43191738144421643, "max_depth": 9.0, "num_boost_round": 20.0}, "datetime": {"datetime": "2024-01-19 02:03:44", "elapsed": 6677.144142, "delta": 0.005848}}
{"target": -13.75605061255754, "params": {"gamma": 321.27617338707324, "log10_alpha": 0.11733808159902459, "log10_colsample_bytree": -0.5957089944352051, "log10_eta": -2.376756949744042, "log10_lambda": 0.2561239829635582, "log10_min_child_weight": 1.4191882895794987, "log10_subsample": -0.43191738144421643, "max_depth": 9.0, "num_boost_round": 21.0}, "datetime": {"datetime": "2024-01-19 02:03:44", "elapsed": 6677.150538, "delta": 0.006396}}
{"target": -13.75609654082315, "params": {"gamma": 321.27617338707324, "log10_alpha": 0.11733808159902459, "log10_colsample_bytree": -0.5957089944352051, "log10_eta": -2.376756949744042, "log10_lambda": 0.2561239829635582, "log10_min_child_weight": 1.4191882895794987, "log10_subsample": -0.43191738144421643, "max_depth": 9.0, "num_boost_round": 22.0}, "datetime": {"datetime": "2024-01-19 02:03:44", "elapsed": 6677.156815, "delta": 0.006277}}
{"target": -13.755972574433326, "params": {"gamma": 321.27617338707324, "log10_alpha": 0.11733808159902459, "log10_colsample_bytree": -0.5957089944352051, "log10_eta": -2.376756949744042, "log10_lambda": 0.2561239829635582, "log10_min_child_weight": 1.4191882895794987, "log10_subsample": -0.43191738144421643, "max_depth": 9.0, "num_boost_round": 23.0}, "datetime": {"datetime": "2024-01-19 02:03:44", "elapsed": 6677.163016, "delta": 0.006201}}
{"target": -13.756179819645304, "params": {"gamma": 321.27617338707324, "log10_alpha": 0.11733808159902459, "log10_colsample_bytree": -0.5957089944352051, "log10_eta": -2.376756949744042, "log10_lambda": 0.2561239829635582, "log10_min_child_weight": 1.4191882895794987, "log10_subsample": -0.43191738144421643, "max_depth": 9.0, "num_boost_round": 24.0}, "datetime": {"datetime": "2024-01-19 02:03:44", "elapsed": 6677.169096, "delta": 0.00608}}
{"target": -13.755994053381247, "params": {"gamma": 321.27617338707324, "log10_alpha": 0.11733808159902459, "log10_colsample_bytree": -0.5957089944352051, "log10_eta": -2.376756949744042, "log10_lambda": 0.2561239829635582, "log10_min_child_weight": 1.4191882895794987, "log10_subsample": -0.43191738144421643, "max_depth": 9.0, "num_boost_round": 25.0}, "datetime": {"datetime": "2024-01-19 02:03:44", "elapsed": 6677.175319, "delta": 0.006223}}
