{"target": -13.75848038671818, "params": {"gamma": 822.5821719023656, "log10_alpha": 0.5067923030229684, "log10_colsample_bytree": -0.5713696195194043, "log10_eta": -3.804882181888539, "log10_lambda": 0.23832955296142533, "log10_min_child_weight": 2.0607845418786717, "log10_subsample": -0.6960699330334842, "max_depth": 8.0, "num_boost_round": 15.0}, "datetime": {"datetime": "2024-01-19 01:35:52", "elapsed": 5057.091726, "delta": 0.005532}}
{"target": -13.758480989914494, "params": {"gamma": 822.5821719023656, "log10_alpha": 0.5067923030229684, "log10_colsample_bytree": -0.5713696195194043, "log10_eta": -3.804882181888539, "log10_lambda": 0.23832955296142533, "log10_min_child_weight": 2.0607845418786717, "log10_subsample": -0.6960699330334842, "max_depth": 8.0, "num_boost_round": 16.0}, "datetime": {"datetime": "2024-01-19 01:35:52", "elapsed": 5057.097291, "delta": 0.005565}}
{"target": -13.758482253304676, "params": {"gamma": 822.5821719023656, "log10_alpha": 0.5067923030229684, "log10_colsample_bytree": -0.5713696195194043, "log10_eta": -3.804882181888539, "log10_lambda": 0.23832955296142533, "log10_min_child_weight": 2.0607845418786717, "log10_subsample": -0.6960699330334842, "max_depth": 8.0, "num_boost_round": 17.0}, "datetime": {"datetime": "2024-01-19 01:35:52", "elapsed": 5057.102777, "delta": 0.005486}}
{"target": -13.758482198070034, "params": {"gamma": 822.5821719023656, "log10_alpha": 0.5067923030229684, "log10_colsample_bytree": -0.5713696195194043, "log10_eta": -3.804882181888539, "log10_lambda": 0.23832955296142533, "log10_min_child_weight": 2.0607845418786717, "log10_subsample": -0.6960699330334842, "max_depth": 8.0, "num_boost_round": 18.0}, "datetime": {"datetime": "2024-01-19 01:35:52", "elapsed": 5057.108294, "delta": 0.005517}}
{"target": -13.758474362120438, "params": {"gamma": 822.5821719023656, "log10_alpha": 0.5067923030229684, "log10_colsample_bytree": -0.5713696195194043, "log10_eta": -3.804882181888539, "log10_lambda": 0.23832955296142533, "log10_min_child_weight": 2.0607845418786717, "log10_subsample": -0.6960699330334842, "max_depth": 8.0, "num_boost_round": 19.0}, "datetime": {"datetime": "2024-01-19 01:35:52", "elapsed": 5057.113995, "delta": 0.005701}}
{"target": -13.758470152642031, "params": {"gamma": 822.5821719023656, "log10_alpha": 0.5067923030229684, "log10_colsample_bytree": -0.5713696195194043, "log10_eta": -3.804882181888539, "log10_lambda": 0.23832955296142533, "log10_min_child_weight": 2.0607845418786717, "log10_subsample": -0.6960699330334842, "max_depth": 8.0, "num_boost_round": 20.0}, "datetime": {"datetime": "2024-01-19 01:35:52", "elapsed": 5057.119705, "delta": 0.00571}}
{"target": -13.758467953905173, "params": {"gamma": 822.5821719023656, "log10_alpha": 0.5067923030229684, "log10_colsample_bytree": -0.5713696195194043, "log10_eta": -3.804882181888539, "log10_lambda": 0.23832955296142533, "log10_min_child_weight": 2.0607845418786717, "log10_subsample": -0.6960699330334842, "max_depth": 8.0, "num_boost_round": 21.0}, "datetime": {"datetime": "2024-01-19 01:35:52", "elapsed": 5057.125285, "delta": 0.00558}}
{"target": -13.758460902749619, "params": {"gamma": 822.5821719023656, "log10_alpha": 0.5067923030229684, "log10_colsample_bytree": -0.5713696195194043, "log10_eta": -3.804882181888539, "log10_lambda": 0.23832955296142533, "log10_min_child_weight": 2.0607845418786717, "log10_subsample": -0.6960699330334842, "max_depth": 8.0, "num_boost_round": 22.0}, "datetime": {"datetime": "2024-01-19 01:35:52", "elapsed": 5057.130852, "delta": 0.005567}}
{"target": -13.758459889272345, "params": {"gamma": 822.5821719023656, "log10_alpha": 0.5067923030229684, "log10_colsample_bytree": -0.5713696195194043, "log10_eta": -3.804882181888539, "log10_lambda": 0.23832955296142533, "log10_min_child_weight": 2.0607845418786717, "log10_subsample": -0.6960699330334842, "max_depth": 8.0, "num_boost_round": 23.0}, "datetime": {"datetime": "2024-01-19 01:35:52", "elapsed": 5057.136539, "delta": 0.005687}}
{"target": -13.758455215354218, "params": {"gamma": 822.5821719023656, "log10_alpha": 0.5067923030229684, "log10_colsample_bytree": -0.5713696195194043, "log10_eta": -3.804882181888539, "log10_lambda": 0.23832955296142533, "log10_min_child_weight": 2.0607845418786717, "log10_subsample": -0.6960699330334842, "max_depth": 8.0, "num_boost_round": 24.0}, "datetime": {"datetime": "2024-01-19 01:35:52", "elapsed": 5057.14219, "delta": 0.005651}}
{"target": -13.758449494075517, "params": {"gamma": 822.5821719023656, "log10_alpha": 0.5067923030229684, "log10_colsample_bytree": -0.5713696195194043, "log10_eta": -3.804882181888539, "log10_lambda": 0.23832955296142533, "log10_min_child_weight": 2.0607845418786717, "log10_subsample": -0.6960699330334842, "max_depth": 8.0, "num_boost_round": 25.0}, "datetime": {"datetime": "2024-01-19 01:35:52", "elapsed": 5057.147799, "delta": 0.005609}}
{"target": -13.758537549530395, "params": {"gamma": 876.6526218925864, "log10_alpha": -3.832453796113934, "log10_colsample_bytree": -0.8280338592709993, "log10_eta": -3.527857134279171, "log10_lambda": -1.424831512238217, "log10_min_child_weight": 4.29878587312917, "log10_subsample": -0.9307403398133602, "max_depth": 9.0, "num_boost_round": 0.0}, "datetime": {"datetime": "2024-01-19 01:37:24", "elapsed": 5149.167795, "delta": 92.019996}}
{"target": -13.75853546451306, "params": {"gamma": 876.6526218925864, "log10_alpha": -3.832453796113934, "log10_colsample_bytree": -0.8280338592709993, "log10_eta": -3.527857134279171, "log10_lambda": -1.424831512238217, "log10_min_child_weight": 4.29878587312917, "log10_subsample": -0.9307403398133602, "max_depth": 9.0, "num_boost_round": 1.0}, "datetime": {"datetime": "2024-01-19 01:37:24", "elapsed": 5149.174498, "delta": 0.006703}}
{"target": -13.758535815760956, "params": {"gamma": 876.6526218925864, "log10_alpha": -3.832453796113934, "log10_colsample_bytree": -0.8280338592709993, "log10_eta": -3.527857134279171, "log10_lambda": -1.424831512238217, "log10_min_child_weight": 4.29878587312917, "log10_subsample": -0.9307403398133602, "max_depth": 9.0, "num_boost_round": 2.0}, "datetime": {"datetime": "2024-01-19 01:37:24", "elapsed": 5149.180521, "delta": 0.006023}}
{"target": -13.758536393790495, "params": {"gamma": 876.6526218925864, "log10_alpha": -3.832453796113934, "log10_colsample_bytree": -0.8280338592709993, "log10_eta": -3.527857134279171, "log10_lambda": -1.424831512238217, "log10_min_child_weight": 4.29878587312917, "log10_subsample": -0.9307403398133602, "max_depth": 9.0, "num_boost_round": 3.0}, "datetime": {"datetime": "2024-01-19 01:37:25", "elapsed": 5149.304052, "delta": 0.123531}}
{"target": -13.758536240338458, "params": {"gamma": 876.6526218925864, "log10_alpha": -3.832453796113934, "log10_colsample_bytree": -0.8280338592709993, "log10_eta": -3.527857134279171, "log10_lambda": -1.424831512238217, "log10_min_child_weight": 4.29878587312917, "log10_subsample": -0.9307403398133602, "max_depth": 9.0, "num_boost_round": 4.0}, "datetime": {"datetime": "2024-01-19 01:37:25", "elapsed": 5149.310564, "delta": 0.006512}}
{"target": -13.758533367700492, "params": {"gamma": 876.6526218925864, "log10_alpha": -3.832453796113934, "log10_colsample_bytree": -0.8280338592709993, "log10_eta": -3.527857134279171, "log10_lambda": -1.424831512238217, "log10_min_child_weight": 4.29878587312917, "log10_subsample": -0.9307403398133602, "max_depth": 9.0, "num_boost_round": 5.0}, "datetime": {"datetime": "2024-01-19 01:37:25", "elapsed": 5149.316729, "delta": 0.006165}}
{"target": -13.758533900882076, "params": {"gamma": 876.6526218925864, "log10_alpha": -3.832453796113934, "log10_colsample_bytree": -0.8280338592709993, "log10_eta": -3.527857134279171, "log10_lambda": -1.424831512238217, "log10_min_child_weight": 4.29878587312917, "log10_subsample": -0.9307403398133602, "max_depth": 9.0, "num_boost_round": 6.0}, "datetime": {"datetime": "2024-01-19 01:37:25", "elapsed": 5149.322493, "delta": 0.005764}}
{"target": -13.75853265299124, "params": {"gamma": 876.6526218925864, "log10_alpha": -3.832453796113934, "log10_colsample_bytree": -0.8280338592709993, "log10_eta": -3.527857134279171, "log10_lambda": -1.424831512238217, "log10_min_child_weight": 4.29878587312917, "log10_subsample": -0.9307403398133602, "max_depth": 9.0, "num_boost_round": 7.0}, "datetime": {"datetime": "2024-01-19 01:37:25", "elapsed": 5149.328328, "delta": 0.005835}}
{"target": -13.758532559114292, "params": {"gamma": 876.6526218925864, "log10_alpha": -3.832453796113934, "log10_colsample_bytree": -0.8280338592709993, "log10_eta": -3.527857134279171, "log10_lambda": -1.424831512238217, "log10_min_child_weight": 4.29878587312917, "log10_subsample": -0.9307403398133602, "max_depth": 9.0, "num_boost_round": 8.0}, "datetime": {"datetime": "2024-01-19 01:37:25", "elapsed": 5149.334667, "delta": 0.006339}}
{"target": -13.758531786015935, "params": {"gamma": 876.6526218925864, "log10_alpha": -3.832453796113934, "log10_colsample_bytree": -0.8280338592709993, "log10_eta": -3.527857134279171, "log10_lambda": -1.424831512238217, "log10_min_child_weight": 4.29878587312917, "log10_subsample": -0.9307403398133602, "max_depth": 9.0, "num_boost_round": 9.0}, "datetime": {"datetime": "2024-01-19 01:37:25", "elapsed": 5149.340507, "delta": 0.00584}}
{"target": -13.758531915545172, "params": {"gamma": 876.6526218925864, "log10_alpha": -3.832453796113934, "log10_colsample_bytree": -0.8280338592709993, "log10_eta": -3.527857134279171, "log10_lambda": -1.424831512238217, "log10_min_child_weight": 4.29878587312917, "log10_subsample": -0.9307403398133602, "max_depth": 9.0, "num_boost_round": 10.0}, "datetime": {"datetime": "2024-01-19 01:37:25", "elapsed": 5149.346178, "delta": 0.005671}}
{"target": -13.758530431733647, "params": {"gamma": 876.6526218925864, "log10_alpha": -3.832453796113934, "log10_colsample_bytree": -0.8280338592709993, "log10_eta": -3.527857134279171, "log10_lambda": -1.424831512238217, "log10_min_child_weight": 4.29878587312917, "log10_subsample": -0.9307403398133602, "max_depth": 9.0, "num_boost_round": 11.0}, "datetime": {"datetime": "2024-01-19 01:37:25", "elapsed": 5149.352002, "delta": 0.005824}}
{"target": -13.758530072244954, "params": {"gamma": 876.6526218925864, "log10_alpha": -3.832453796113934, "log10_colsample_bytree": -0.8280338592709993, "log10_eta": -3.527857134279171, "log10_lambda": -1.424831512238217, "log10_min_child_weight": 4.29878587312917, "log10_subsample": -0.9307403398133602, "max_depth": 9.0, "num_boost_round": 12.0}, "datetime": {"datetime": "2024-01-19 01:37:25", "elapsed": 5149.35774, "delta": 0.005738}}
{"target": -13.758529708380507, "params": {"gamma": 876.6526218925864, "log10_alpha": -3.832453796113934, "log10_colsample_bytree": -0.8280338592709993, "log10_eta": -3.527857134279171, "log10_lambda": -1.424831512238217, "log10_min_child_weight": 4.29878587312917, "log10_subsample": -0.9307403398133602, "max_depth": 9.0, "num_boost_round": 13.0}, "datetime": {"datetime": "2024-01-19 01:37:25", "elapsed": 5149.36351, "delta": 0.00577}}
{"target": -13.758527916481293, "params": {"gamma": 876.6526218925864, "log10_alpha": -3.832453796113934, "log10_colsample_bytree": -0.8280338592709993, "log10_eta": -3.527857134279171, "log10_lambda": -1.424831512238217, "log10_min_child_weight": 4.29878587312917, "log10_subsample": -0.9307403398133602, "max_depth": 9.0, "num_boost_round": 14.0}, "datetime": {"datetime": "2024-01-19 01:37:25", "elapsed": 5149.369589, "delta": 0.006079}}
{"target": -13.75852620939963, "params": {"gamma": 876.6526218925864, "log10_alpha": -3.832453796113934, "log10_colsample_bytree": -0.8280338592709993, "log10_eta": -3.527857134279171, "log10_lambda": -1.424831512238217, "log10_min_child_weight": 4.29878587312917, "log10_subsample": -0.9307403398133602, "max_depth": 9.0, "num_boost_round": 15.0}, "datetime": {"datetime": "2024-01-19 01:37:25", "elapsed": 5149.375434, "delta": 0.005845}}
{"target": -13.758524406218426, "params": {"gamma": 876.6526218925864, "log10_alpha": -3.832453796113934, "log10_colsample_bytree": -0.8280338592709993, "log10_eta": -3.527857134279171, "log10_lambda": -1.424831512238217, "log10_min_child_weight": 4.29878587312917, "log10_subsample": -0.9307403398133602, "max_depth": 9.0, "num_boost_round": 16.0}, "datetime": {"datetime": "2024-01-19 01:37:25", "elapsed": 5149.381119, "delta": 0.005685}}
{"target": -13.75852256443977, "params": {"gamma": 876.6526218925864, "log10_alpha": -3.832453796113934, "log10_colsample_bytree": -0.8280338592709993, "log10_eta": -3.527857134279171, "log10_lambda": -1.424831512238217, "log10_min_child_weight": 4.29878587312917, "log10_subsample": -0.9307403398133602, "max_depth": 9.0, "num_boost_round": 17.0}, "datetime": {"datetime": "2024-01-19 01:37:25", "elapsed": 5149.386725, "delta": 0.005606}}
{"target": -13.758521978720623, "params": {"gamma": 876.6526218925864, "log10_alpha": -3.832453796113934, "log10_colsample_bytree": -0.8280338592709993, "log10_eta": -3.527857134279171, "log10_lambda": -1.424831512238217, "log10_min_child_weight": 4.29878587312917, "log10_subsample": -0.9307403398133602, "max_depth": 9.0, "num_boost_round": 18.0}, "datetime": {"datetime": "2024-01-19 01:37:25", "elapsed": 5149.392384, "delta": 0.005659}}
{"target": -13.75852212900377, "params": {"gamma": 876.6526218925864, "log10_alpha": -3.832453796113934, "log10_colsample_bytree": -0.8280338592709993, "log10_eta": -3.527857134279171, "log10_lambda": -1.424831512238217, "log10_min_child_weight": 4.29878587312917, "log10_subsample": -0.9307403398133602, "max_depth": 9.0, "num_boost_round": 19.0}, "datetime": {"datetime": "2024-01-19 01:37:25", "elapsed": 5149.398121, "delta": 0.005737}}
{"target": -13.758522913815874, "params": {"gamma": 876.6526218925864, "log10_alpha": -3.832453796113934, "log10_colsample_bytree": -0.8280338592709993, "log10_eta": -3.527857134279171, "log10_lambda": -1.424831512238217, "log10_min_child_weight": 4.29878587312917, "log10_subsample": -0.9307403398133602, "max_depth": 9.0, "num_boost_round": 20.0}, "datetime": {"datetime": "2024-01-19 01:37:25", "elapsed": 5149.403986, "delta": 0.005865}}
{"target": -13.758521730908729, "params": {"gamma": 876.6526218925864, "log10_alpha": -3.832453796113934, "log10_colsample_bytree": -0.8280338592709993, "log10_eta": -3.527857134279171, "log10_lambda": -1.424831512238217, "log10_min_child_weight": 4.29878587312917, "log10_subsample": -0.9307403398133602, "max_depth": 9.0, "num_boost_round": 21.0}, "datetime": {"datetime": "2024-01-19 01:37:25", "elapsed": 5149.409615, "delta": 0.005629}}
{"target": -13.758522303088347, "params": {"gamma": 876.6526218925864, "log10_alpha": -3.832453796113934, "log10_colsample_bytree": -0.8280338592709993, "log10_eta": -3.527857134279171, "log10_lambda": -1.424831512238217, "log10_min_child_weight": 4.29878587312917, "log10_subsample": -0.9307403398133602, "max_depth": 9.0, "num_boost_round": 22.0}, "datetime": {"datetime": "2024-01-19 01:37:25", "elapsed": 5149.415454, "delta": 0.005839}}
{"target": -13.75852028903517, "params": {"gamma": 876.6526218925864, "log10_alpha": -3.832453796113934, "log10_colsample_bytree": -0.8280338592709993, "log10_eta": -3.527857134279171, "log10_lambda": -1.424831512238217, "log10_min_child_weight": 4.29878587312917, "log10_subsample": -0.9307403398133602, "max_depth": 9.0, "num_boost_round": 23.0}, "datetime": {"datetime": "2024-01-19 01:37:25", "elapsed": 5149.421142, "delta": 0.005688}}
{"target": -13.75852105464523, "params": {"gamma": 876.6526218925864, "log10_alpha": -3.832453796113934, "log10_colsample_bytree": -0.8280338592709993, "log10_eta": -3.527857134279171, "log10_lambda": -1.424831512238217, "log10_min_child_weight": 4.29878587312917, "log10_subsample": -0.9307403398133602, "max_depth": 9.0, "num_boost_round": 24.0}, "datetime": {"datetime": "2024-01-19 01:37:25", "elapsed": 5149.426862, "delta": 0.00572}}
{"target": -13.758520556286147, "params": {"gamma": 876.6526218925864, "log10_alpha": -3.832453796113934, "log10_colsample_bytree": -0.8280338592709993, "log10_eta": -3.527857134279171, "log10_lambda": -1.424831512238217, "log10_min_child_weight": 4.29878587312917, "log10_subsample": -0.9307403398133602, "max_depth": 9.0, "num_boost_round": 25.0}, "datetime": {"datetime": "2024-01-19 01:37:25", "elapsed": 5149.433096, "delta": 0.006234}}
{"target": -13.758520002091359, "params": {"gamma": 876.6526218925864, "log10_alpha": -3.832453796113934, "log10_colsample_bytree": -0.8280338592709993, "log10_eta": -3.527857134279171, "log10_lambda": -1.424831512238217, "log10_min_child_weight": 4.29878587312917, "log10_subsample": -0.9307403398133602, "max_depth": 9.0, "num_boost_round": 26.0}, "datetime": {"datetime": "2024-01-19 01:37:25", "elapsed": 5149.439208, "delta": 0.006112}}
{"target": -13.758518172436068, "params": {"gamma": 876.6526218925864, "log10_alpha": -3.832453796113934, "log10_colsample_bytree": -0.8280338592709993, "log10_eta": -3.527857134279171, "log10_lambda": -1.424831512238217, "log10_min_child_weight": 4.29878587312917, "log10_subsample": -0.9307403398133602, "max_depth": 9.0, "num_boost_round": 27.0}, "datetime": {"datetime": "2024-01-19 01:37:25", "elapsed": 5149.445796, "delta": 0.006588}}
{"target": -13.758515129901042, "params": {"gamma": 876.6526218925864, "log10_alpha": -3.832453796113934, "log10_colsample_bytree": -0.8280338592709993, "log10_eta": -3.527857134279171, "log10_lambda": -1.424831512238217, "log10_min_child_weight": 4.29878587312917, "log10_subsample": -0.9307403398133602, "max_depth": 9.0, "num_boost_round": 28.0}, "datetime": {"datetime": "2024-01-19 01:37:25", "elapsed": 5149.452153, "delta": 0.006357}}
{"target": -13.75851462852279, "params": {"gamma": 876.6526218925864, "log10_alpha": -3.832453796113934, "log10_colsample_bytree": -0.8280338592709993, "log10_eta": -3.527857134279171, "log10_lambda": -1.424831512238217, "log10_min_child_weight": 4.29878587312917, "log10_subsample": -0.9307403398133602, "max_depth": 9.0, "num_boost_round": 29.0}, "datetime": {"datetime": "2024-01-19 01:37:25", "elapsed": 5149.457957, "delta": 0.005804}}
{"target": -13.758534875108062, "params": {"gamma": 835.3476888467903, "log10_alpha": -3.620316703047535, "log10_colsample_bytree": -0.7724521320665411, "log10_eta": -3.786442232190158, "log10_lambda": -2.8574300868120135, "log10_min_child_weight": 3.592271264572205, "log10_subsample": -0.052515023492819446, "max_depth": 9.0, "num_boost_round": 0.0}, "datetime": {"datetime": "2024-01-19 01:38:36", "elapsed": 5220.91604, "delta": 71.458083}}
{"target": -13.758531936760432, "params": {"gamma": 835.3476888467903, "log10_alpha": -3.620316703047535, "log10_colsample_bytree": -0.7724521320665411, "log10_eta": -3.786442232190158, "log10_lambda": -2.8574300868120135, "log10_min_child_weight": 3.592271264572205, "log10_subsample": -0.052515023492819446, "max_depth": 9.0, "num_boost_round": 1.0}, "datetime": {"datetime": "2024-01-19 01:38:36", "elapsed": 5220.922791, "delta": 0.006751}}
{"target": -13.758527546569773, "params": {"gamma": 835.3476888467903, "log10_alpha": -3.620316703047535, "log10_colsample_bytree": -0.7724521320665411, "log10_eta": -3.786442232190158, "log10_lambda": -2.8574300868120135, "log10_min_child_weight": 3.592271264572205, "log10_subsample": -0.052515023492819446, "max_depth": 9.0, "num_boost_round": 2.0}, "datetime": {"datetime": "2024-01-19 01:38:36", "elapsed": 5220.928767, "delta": 0.005976}}
{"target": -13.758528059831344, "params": {"gamma": 835.3476888467903, "log10_alpha": -3.620316703047535, "log10_colsample_bytree": -0.7724521320665411, "log10_eta": -3.786442232190158, "log10_lambda": -2.8574300868120135, "log10_min_child_weight": 3.592271264572205, "log10_subsample": -0.052515023492819446, "max_depth": 9.0, "num_boost_round": 3.0}, "datetime": {"datetime": "2024-01-19 01:38:36", "elapsed": 5220.935066, "delta": 0.006299}}
{"target": -13.758522252763653, "params": {"gamma": 835.3476888467903, "log10_alpha": -3.620316703047535, "log10_colsample_bytree": -0.7724521320665411, "log10_eta": -3.786442232190158, "log10_lambda": -2.8574300868120135, "log10_min_child_weight": 3.592271264572205, "log10_subsample": -0.052515023492819446, "max_depth": 9.0, "num_boost_round": 4.0}, "datetime": {"datetime": "2024-01-19 01:38:36", "elapsed": 5220.940871, "delta": 0.005805}}
{"target": -13.758517352473145, "params": {"gamma": 835.3476888467903, "log10_alpha": -3.620316703047535, "log10_colsample_bytree": -0.7724521320665411, "log10_eta": -3.786442232190158, "log10_lambda": -2.8574300868120135, "log10_min_child_weight": 3.592271264572205, "log10_subsample": -0.052515023492819446, "max_depth": 9.0, "num_boost_round": 5.0}, "datetime": {"datetime": "2024-01-19 01:38:36", "elapsed": 5220.947682, "delta": 0.006811}}
{"target": -13.7585154050023, "params": {"gamma": 835.3476888467903, "log10_alpha": -3.620316703047535, "log10_colsample_bytree": -0.7724521320665411, "log10_eta": -3.786442232190158, "log10_lambda": -2.8574300868120135, "log10_min_child_weight": 3.592271264572205, "log10_subsample": -0.052515023492819446, "max_depth": 9.0, "num_boost_round": 6.0}, "datetime": {"datetime": "2024-01-19 01:38:36", "elapsed": 5220.953597, "delta": 0.005915}}
{"target": -13.758506431616418, "params": {"gamma": 835.3476888467903, "log10_alpha": -3.620316703047535, "log10_colsample_bytree": -0.7724521320665411, "log10_eta": -3.786442232190158, "log10_lambda": -2.8574300868120135, "log10_min_child_weight": 3.592271264572205, "log10_subsample": -0.052515023492819446, "max_depth": 9.0, "num_boost_round": 7.0}, "datetime": {"datetime": "2024-01-19 01:38:36", "elapsed": 5220.95928, "delta": 0.005683}}
