{"target": -17.671747041031452, "params": {"gamma": 841.7240547287128, "log10_alpha": -2.067311564981498, "log10_colsample_bytree": -0.7960844341886567, "log10_eta": -0.7662953364859413, "log10_lambda": -1.4074197509064348, "log10_min_child_weight": 0.7122557127906476, "log10_subsample": -0.27141153504127435, "max_depth": 2.0, "num_boost_round": 5.0}, "datetime": {"datetime": "2024-01-19 01:43:26", "elapsed": 5491.222514, "delta": 0.005696}}
{"target": -17.674201322616252, "params": {"gamma": 841.7240547287128, "log10_alpha": -2.067311564981498, "log10_colsample_bytree": -0.7960844341886567, "log10_eta": -0.7662953364859413, "log10_lambda": -1.4074197509064348, "log10_min_child_weight": 0.7122557127906476, "log10_subsample": -0.27141153504127435, "max_depth": 2.0, "num_boost_round": 6.0}, "datetime": {"datetime": "2024-01-19 01:43:26", "elapsed": 5491.228325, "delta": 0.005811}}
{"target": -17.680437898670213, "params": {"gamma": 841.7240547287128, "log10_alpha": -2.067311564981498, "log10_colsample_bytree": -0.7960844341886567, "log10_eta": -0.7662953364859413, "log10_lambda": -1.4074197509064348, "log10_min_child_weight": 0.7122557127906476, "log10_subsample": -0.27141153504127435, "max_depth": 2.0, "num_boost_round": 7.0}, "datetime": {"datetime": "2024-01-19 01:43:26", "elapsed": 5491.234329, "delta": 0.006004}}
{"target": -17.68542904402278, "params": {"gamma": 841.7240547287128, "log10_alpha": -2.067311564981498, "log10_colsample_bytree": -0.7960844341886567, "log10_eta": -0.7662953364859413, "log10_lambda": -1.4074197509064348, "log10_min_child_weight": 0.7122557127906476, "log10_subsample": -0.27141153504127435, "max_depth": 2.0, "num_boost_round": 8.0}, "datetime": {"datetime": "2024-01-19 01:43:26", "elapsed": 5491.240241, "delta": 0.005912}}
{"target": -17.686535347985018, "params": {"gamma": 841.7240547287128, "log10_alpha": -2.067311564981498, "log10_colsample_bytree": -0.7960844341886567, "log10_eta": -0.7662953364859413, "log10_lambda": -1.4074197509064348, "log10_min_child_weight": 0.7122557127906476, "log10_subsample": -0.27141153504127435, "max_depth": 2.0, "num_boost_round": 9.0}, "datetime": {"datetime": "2024-01-19 01:43:26", "elapsed": 5491.245999, "delta": 0.005758}}
{"target": -17.684668180744612, "params": {"gamma": 841.7240547287128, "log10_alpha": -2.067311564981498, "log10_colsample_bytree": -0.7960844341886567, "log10_eta": -0.7662953364859413, "log10_lambda": -1.4074197509064348, "log10_min_child_weight": 0.7122557127906476, "log10_subsample": -0.27141153504127435, "max_depth": 2.0, "num_boost_round": 10.0}, "datetime": {"datetime": "2024-01-19 01:43:26", "elapsed": 5491.251875, "delta": 0.005876}}
{"target": -17.68402220482074, "params": {"gamma": 841.7240547287128, "log10_alpha": -2.067311564981498, "log10_colsample_bytree": -0.7960844341886567, "log10_eta": -0.7662953364859413, "log10_lambda": -1.4074197509064348, "log10_min_child_weight": 0.7122557127906476, "log10_subsample": -0.27141153504127435, "max_depth": 2.0, "num_boost_round": 11.0}, "datetime": {"datetime": "2024-01-19 01:43:26", "elapsed": 5491.258655, "delta": 0.00678}}
{"target": -17.684237614844488, "params": {"gamma": 841.7240547287128, "log10_alpha": -2.067311564981498, "log10_colsample_bytree": -0.7960844341886567, "log10_eta": -0.7662953364859413, "log10_lambda": -1.4074197509064348, "log10_min_child_weight": 0.7122557127906476, "log10_subsample": -0.27141153504127435, "max_depth": 2.0, "num_boost_round": 12.0}, "datetime": {"datetime": "2024-01-19 01:43:26", "elapsed": 5491.26462, "delta": 0.005965}}
{"target": -17.68780447417003, "params": {"gamma": 841.7240547287128, "log10_alpha": -2.067311564981498, "log10_colsample_bytree": -0.7960844341886567, "log10_eta": -0.7662953364859413, "log10_lambda": -1.4074197509064348, "log10_min_child_weight": 0.7122557127906476, "log10_subsample": -0.27141153504127435, "max_depth": 2.0, "num_boost_round": 13.0}, "datetime": {"datetime": "2024-01-19 01:43:26", "elapsed": 5491.270217, "delta": 0.005597}}
{"target": -17.689406417674785, "params": {"gamma": 841.7240547287128, "log10_alpha": -2.067311564981498, "log10_colsample_bytree": -0.7960844341886567, "log10_eta": -0.7662953364859413, "log10_lambda": -1.4074197509064348, "log10_min_child_weight": 0.7122557127906476, "log10_subsample": -0.27141153504127435, "max_depth": 2.0, "num_boost_round": 14.0}, "datetime": {"datetime": "2024-01-19 01:43:26", "elapsed": 5491.276061, "delta": 0.005844}}
{"target": -17.688507872430876, "params": {"gamma": 841.7240547287128, "log10_alpha": -2.067311564981498, "log10_colsample_bytree": -0.7960844341886567, "log10_eta": -0.7662953364859413, "log10_lambda": -1.4074197509064348, "log10_min_child_weight": 0.7122557127906476, "log10_subsample": -0.27141153504127435, "max_depth": 2.0, "num_boost_round": 15.0}, "datetime": {"datetime": "2024-01-19 01:43:26", "elapsed": 5491.281725, "delta": 0.005664}}
{"target": -17.690344511830713, "params": {"gamma": 841.7240547287128, "log10_alpha": -2.067311564981498, "log10_colsample_bytree": -0.7960844341886567, "log10_eta": -0.7662953364859413, "log10_lambda": -1.4074197509064348, "log10_min_child_weight": 0.7122557127906476, "log10_subsample": -0.27141153504127435, "max_depth": 2.0, "num_boost_round": 16.0}, "datetime": {"datetime": "2024-01-19 01:43:26", "elapsed": 5491.287387, "delta": 0.005662}}
{"target": -17.69133622893496, "params": {"gamma": 841.7240547287128, "log10_alpha": -2.067311564981498, "log10_colsample_bytree": -0.7960844341886567, "log10_eta": -0.7662953364859413, "log10_lambda": -1.4074197509064348, "log10_min_child_weight": 0.7122557127906476, "log10_subsample": -0.27141153504127435, "max_depth": 2.0, "num_boost_round": 17.0}, "datetime": {"datetime": "2024-01-19 01:43:26", "elapsed": 5491.292992, "delta": 0.005605}}
{"target": -17.688548648542437, "params": {"gamma": 841.7240547287128, "log10_alpha": -2.067311564981498, "log10_colsample_bytree": -0.7960844341886567, "log10_eta": -0.7662953364859413, "log10_lambda": -1.4074197509064348, "log10_min_child_weight": 0.7122557127906476, "log10_subsample": -0.27141153504127435, "max_depth": 2.0, "num_boost_round": 18.0}, "datetime": {"datetime": "2024-01-19 01:43:26", "elapsed": 5491.298483, "delta": 0.005491}}
{"target": -17.689571294833044, "params": {"gamma": 841.7240547287128, "log10_alpha": -2.067311564981498, "log10_colsample_bytree": -0.7960844341886567, "log10_eta": -0.7662953364859413, "log10_lambda": -1.4074197509064348, "log10_min_child_weight": 0.7122557127906476, "log10_subsample": -0.27141153504127435, "max_depth": 2.0, "num_boost_round": 19.0}, "datetime": {"datetime": "2024-01-19 01:43:26", "elapsed": 5491.303984, "delta": 0.005501}}
{"target": -17.68836318307286, "params": {"gamma": 841.7240547287128, "log10_alpha": -2.067311564981498, "log10_colsample_bytree": -0.7960844341886567, "log10_eta": -0.7662953364859413, "log10_lambda": -1.4074197509064348, "log10_min_child_weight": 0.7122557127906476, "log10_subsample": -0.27141153504127435, "max_depth": 2.0, "num_boost_round": 20.0}, "datetime": {"datetime": "2024-01-19 01:43:26", "elapsed": 5491.309766, "delta": 0.005782}}
{"target": -17.691159441171095, "params": {"gamma": 841.7240547287128, "log10_alpha": -2.067311564981498, "log10_colsample_bytree": -0.7960844341886567, "log10_eta": -0.7662953364859413, "log10_lambda": -1.4074197509064348, "log10_min_child_weight": 0.7122557127906476, "log10_subsample": -0.27141153504127435, "max_depth": 2.0, "num_boost_round": 21.0}, "datetime": {"datetime": "2024-01-19 01:43:26", "elapsed": 5491.315387, "delta": 0.005621}}
{"target": -17.691933508627315, "params": {"gamma": 841.7240547287128, "log10_alpha": -2.067311564981498, "log10_colsample_bytree": -0.7960844341886567, "log10_eta": -0.7662953364859413, "log10_lambda": -1.4074197509064348, "log10_min_child_weight": 0.7122557127906476, "log10_subsample": -0.27141153504127435, "max_depth": 2.0, "num_boost_round": 22.0}, "datetime": {"datetime": "2024-01-19 01:43:26", "elapsed": 5491.320981, "delta": 0.005594}}
{"target": -17.721022640278264, "params": {"gamma": 841.7240547287128, "log10_alpha": -2.067311564981498, "log10_colsample_bytree": -0.7960844341886567, "log10_eta": -0.7662953364859413, "log10_lambda": -1.4074197509064348, "log10_min_child_weight": 0.7122557127906476, "log10_subsample": -0.27141153504127435, "max_depth": 2.0, "num_boost_round": 23.0}, "datetime": {"datetime": "2024-01-19 01:43:26", "elapsed": 5491.326633, "delta": 0.005652}}
{"target": -17.722893399084924, "params": {"gamma": 841.7240547287128, "log10_alpha": -2.067311564981498, "log10_colsample_bytree": -0.7960844341886567, "log10_eta": -0.7662953364859413, "log10_lambda": -1.4074197509064348, "log10_min_child_weight": 0.7122557127906476, "log10_subsample": -0.27141153504127435, "max_depth": 2.0, "num_boost_round": 24.0}, "datetime": {"datetime": "2024-01-19 01:43:26", "elapsed": 5491.333319, "delta": 0.006686}}
{"target": -17.742925006283347, "params": {"gamma": 841.7240547287128, "log10_alpha": -2.067311564981498, "log10_colsample_bytree": -0.7960844341886567, "log10_eta": -0.7662953364859413, "log10_lambda": -1.4074197509064348, "log10_min_child_weight": 0.7122557127906476, "log10_subsample": -0.27141153504127435, "max_depth": 2.0, "num_boost_round": 25.0}, "datetime": {"datetime": "2024-01-19 01:43:26", "elapsed": 5491.339216, "delta": 0.005897}}
{"target": -17.74498992682175, "params": {"gamma": 841.7240547287128, "log10_alpha": -2.067311564981498, "log10_colsample_bytree": -0.7960844341886567, "log10_eta": -0.7662953364859413, "log10_lambda": -1.4074197509064348, "log10_min_child_weight": 0.7122557127906476, "log10_subsample": -0.27141153504127435, "max_depth": 2.0, "num_boost_round": 26.0}, "datetime": {"datetime": "2024-01-19 01:43:26", "elapsed": 5491.345011, "delta": 0.005795}}
{"target": -17.7412724630752, "params": {"gamma": 841.7240547287128, "log10_alpha": -2.067311564981498, "log10_colsample_bytree": -0.7960844341886567, "log10_eta": -0.7662953364859413, "log10_lambda": -1.4074197509064348, "log10_min_child_weight": 0.7122557127906476, "log10_subsample": -0.27141153504127435, "max_depth": 2.0, "num_boost_round": 27.0}, "datetime": {"datetime": "2024-01-19 01:43:26", "elapsed": 5491.350597, "delta": 0.005586}}
{"target": -17.745313131069114, "params": {"gamma": 841.7240547287128, "log10_alpha": -2.067311564981498, "log10_colsample_bytree": -0.7960844341886567, "log10_eta": -0.7662953364859413, "log10_lambda": -1.4074197509064348, "log10_min_child_weight": 0.7122557127906476, "log10_subsample": -0.27141153504127435, "max_depth": 2.0, "num_boost_round": 28.0}, "datetime": {"datetime": "2024-01-19 01:43:26", "elapsed": 5491.356282, "delta": 0.005685}}
{"target": -17.748893806965036, "params": {"gamma": 841.7240547287128, "log10_alpha": -2.067311564981498, "log10_colsample_bytree": -0.7960844341886567, "log10_eta": -0.7662953364859413, "log10_lambda": -1.4074197509064348, "log10_min_child_weight": 0.7122557127906476, "log10_subsample": -0.27141153504127435, "max_depth": 2.0, "num_boost_round": 29.0}, "datetime": {"datetime": "2024-01-19 01:43:26", "elapsed": 5491.362152, "delta": 0.00587}}
{"target": -17.751134384307928, "params": {"gamma": 841.7240547287128, "log10_alpha": -2.067311564981498, "log10_colsample_bytree": -0.7960844341886567, "log10_eta": -0.7662953364859413, "log10_lambda": -1.4074197509064348, "log10_min_child_weight": 0.7122557127906476, "log10_subsample": -0.27141153504127435, "max_depth": 2.0, "num_boost_round": 30.0}, "datetime": {"datetime": "2024-01-19 01:43:26", "elapsed": 5491.367868, "delta": 0.005716}}
{"target": -17.751282762443434, "params": {"gamma": 841.7240547287128, "log10_alpha": -2.067311564981498, "log10_colsample_bytree": -0.7960844341886567, "log10_eta": -0.7662953364859413, "log10_lambda": -1.4074197509064348, "log10_min_child_weight": 0.7122557127906476, "log10_subsample": -0.27141153504127435, "max_depth": 2.0, "num_boost_round": 31.0}, "datetime": {"datetime": "2024-01-19 01:43:26", "elapsed": 5491.37352, "delta": 0.005652}}
{"target": -17.75124565235653, "params": {"gamma": 841.7240547287128, "log10_alpha": -2.067311564981498, "log10_colsample_bytree": -0.7960844341886567, "log10_eta": -0.7662953364859413, "log10_lambda": -1.4074197509064348, "log10_min_child_weight": 0.7122557127906476, "log10_subsample": -0.27141153504127435, "max_depth": 2.0, "num_boost_round": 32.0}, "datetime": {"datetime": "2024-01-19 01:43:26", "elapsed": 5491.379263, "delta": 0.005743}}
{"target": -17.677349744935224, "params": {"gamma": 823.9291146193917, "log10_alpha": -0.34479625519995416, "log10_colsample_bytree": -0.8474701381453404, "log10_eta": -1.2534898278711508, "log10_lambda": -4.2417520899533585, "log10_min_child_weight": 0.37073076646848446, "log10_subsample": -0.0883992654392366, "max_depth": 7.0, "num_boost_round": 0.0}, "datetime": {"datetime": "2024-01-19 01:44:31", "elapsed": 5555.887788, "delta": 64.508525}}
{"target": -17.674938905267922, "params": {"gamma": 823.9291146193917, "log10_alpha": -0.34479625519995416, "log10_colsample_bytree": -0.8474701381453404, "log10_eta": -1.2534898278711508, "log10_lambda": -4.2417520899533585, "log10_min_child_weight": 0.37073076646848446, "log10_subsample": -0.0883992654392366, "max_depth": 7.0, "num_boost_round": 1.0}, "datetime": {"datetime": "2024-01-19 01:44:31", "elapsed": 5555.894616, "delta": 0.006828}}
{"target": -17.672228475354736, "params": {"gamma": 823.9291146193917, "log10_alpha": -0.34479625519995416, "log10_colsample_bytree": -0.8474701381453404, "log10_eta": -1.2534898278711508, "log10_lambda": -4.2417520899533585, "log10_min_child_weight": 0.37073076646848446, "log10_subsample": -0.0883992654392366, "max_depth": 7.0, "num_boost_round": 2.0}, "datetime": {"datetime": "2024-01-19 01:44:31", "elapsed": 5555.901572, "delta": 0.006956}}
{"target": -17.674797313728586, "params": {"gamma": 823.9291146193917, "log10_alpha": -0.34479625519995416, "log10_colsample_bytree": -0.8474701381453404, "log10_eta": -1.2534898278711508, "log10_lambda": -4.2417520899533585, "log10_min_child_weight": 0.37073076646848446, "log10_subsample": -0.0883992654392366, "max_depth": 7.0, "num_boost_round": 3.0}, "datetime": {"datetime": "2024-01-19 01:44:31", "elapsed": 5555.90796, "delta": 0.006388}}
{"target": -17.671150192493982, "params": {"gamma": 823.9291146193917, "log10_alpha": -0.34479625519995416, "log10_colsample_bytree": -0.8474701381453404, "log10_eta": -1.2534898278711508, "log10_lambda": -4.2417520899533585, "log10_min_child_weight": 0.37073076646848446, "log10_subsample": -0.0883992654392366, "max_depth": 7.0, "num_boost_round": 4.0}, "datetime": {"datetime": "2024-01-19 01:44:31", "elapsed": 5555.913956, "delta": 0.005996}}
{"target": -17.671329402693637, "params": {"gamma": 823.9291146193917, "log10_alpha": -0.34479625519995416, "log10_colsample_bytree": -0.8474701381453404, "log10_eta": -1.2534898278711508, "log10_lambda": -4.2417520899533585, "log10_min_child_weight": 0.37073076646848446, "log10_subsample": -0.0883992654392366, "max_depth": 7.0, "num_boost_round": 5.0}, "datetime": {"datetime": "2024-01-19 01:44:31", "elapsed": 5555.920252, "delta": 0.006296}}
{"target": -17.67476508649994, "params": {"gamma": 823.9291146193917, "log10_alpha": -0.34479625519995416, "log10_colsample_bytree": -0.8474701381453404, "log10_eta": -1.2534898278711508, "log10_lambda": -4.2417520899533585, "log10_min_child_weight": 0.37073076646848446, "log10_subsample": -0.0883992654392366, "max_depth": 7.0, "num_boost_round": 6.0}, "datetime": {"datetime": "2024-01-19 01:44:31", "elapsed": 5555.926441, "delta": 0.006189}}
{"target": -17.675782960831206, "params": {"gamma": 823.9291146193917, "log10_alpha": -0.34479625519995416, "log10_colsample_bytree": -0.8474701381453404, "log10_eta": -1.2534898278711508, "log10_lambda": -4.2417520899533585, "log10_min_child_weight": 0.37073076646848446, "log10_subsample": -0.0883992654392366, "max_depth": 7.0, "num_boost_round": 7.0}, "datetime": {"datetime": "2024-01-19 01:44:31", "elapsed": 5555.932634, "delta": 0.006193}}
{"target": -17.677227713314657, "params": {"gamma": 823.9291146193917, "log10_alpha": -0.34479625519995416, "log10_colsample_bytree": -0.8474701381453404, "log10_eta": -1.2534898278711508, "log10_lambda": -4.2417520899533585, "log10_min_child_weight": 0.37073076646848446, "log10_subsample": -0.0883992654392366, "max_depth": 7.0, "num_boost_round": 8.0}, "datetime": {"datetime": "2024-01-19 01:44:31", "elapsed": 5555.938968, "delta": 0.006334}}
{"target": -17.67889280825601, "params": {"gamma": 823.9291146193917, "log10_alpha": -0.34479625519995416, "log10_colsample_bytree": -0.8474701381453404, "log10_eta": -1.2534898278711508, "log10_lambda": -4.2417520899533585, "log10_min_child_weight": 0.37073076646848446, "log10_subsample": -0.0883992654392366, "max_depth": 7.0, "num_boost_round": 9.0}, "datetime": {"datetime": "2024-01-19 01:44:31", "elapsed": 5555.945269, "delta": 0.006301}}
{"target": -17.679669833153515, "params": {"gamma": 823.9291146193917, "log10_alpha": -0.34479625519995416, "log10_colsample_bytree": -0.8474701381453404, "log10_eta": -1.2534898278711508, "log10_lambda": -4.2417520899533585, "log10_min_child_weight": 0.37073076646848446, "log10_subsample": -0.0883992654392366, "max_depth": 7.0, "num_boost_round": 10.0}, "datetime": {"datetime": "2024-01-19 01:44:31", "elapsed": 5555.951481, "delta": 0.006212}}
{"target": -17.67981220325425, "params": {"gamma": 823.9291146193917, "log10_alpha": -0.34479625519995416, "log10_colsample_bytree": -0.8474701381453404, "log10_eta": -1.2534898278711508, "log10_lambda": -4.2417520899533585, "log10_min_child_weight": 0.37073076646848446, "log10_subsample": -0.0883992654392366, "max_depth": 7.0, "num_boost_round": 11.0}, "datetime": {"datetime": "2024-01-19 01:44:31", "elapsed": 5555.957561, "delta": 0.00608}}
{"target": -17.680273912810485, "params": {"gamma": 823.9291146193917, "log10_alpha": -0.34479625519995416, "log10_colsample_bytree": -0.8474701381453404, "log10_eta": -1.2534898278711508, "log10_lambda": -4.2417520899533585, "log10_min_child_weight": 0.37073076646848446, "log10_subsample": -0.0883992654392366, "max_depth": 7.0, "num_boost_round": 12.0}, "datetime": {"datetime": "2024-01-19 01:44:31", "elapsed": 5555.963707, "delta": 0.006146}}
{"target": -17.680191792576338, "params": {"gamma": 823.9291146193917, "log10_alpha": -0.34479625519995416, "log10_colsample_bytree": -0.8474701381453404, "log10_eta": -1.2534898278711508, "log10_lambda": -4.2417520899533585, "log10_min_child_weight": 0.37073076646848446, "log10_subsample": -0.0883992654392366, "max_depth": 7.0, "num_boost_round": 13.0}, "datetime": {"datetime": "2024-01-19 01:44:31", "elapsed": 5555.969906, "delta": 0.006199}}
{"target": -17.682496333567034, "params": {"gamma": 823.9291146193917, "log10_alpha": -0.34479625519995416, "log10_colsample_bytree": -0.8474701381453404, "log10_eta": -1.2534898278711508, "log10_lambda": -4.2417520899533585, "log10_min_child_weight": 0.37073076646848446, "log10_subsample": -0.0883992654392366, "max_depth": 7.0, "num_boost_round": 14.0}, "datetime": {"datetime": "2024-01-19 01:44:31", "elapsed": 5555.976137, "delta": 0.006231}}
{"target": -17.68332607312072, "params": {"gamma": 823.9291146193917, "log10_alpha": -0.34479625519995416, "log10_colsample_bytree": -0.8474701381453404, "log10_eta": -1.2534898278711508, "log10_lambda": -4.2417520899533585, "log10_min_child_weight": 0.37073076646848446, "log10_subsample": -0.0883992654392366, "max_depth": 7.0, "num_boost_round": 15.0}, "datetime": {"datetime": "2024-01-19 01:44:31", "elapsed": 5555.982611, "delta": 0.006474}}
{"target": -17.68286711537154, "params": {"gamma": 823.9291146193917, "log10_alpha": -0.34479625519995416, "log10_colsample_bytree": -0.8474701381453404, "log10_eta": -1.2534898278711508, "log10_lambda": -4.2417520899533585, "log10_min_child_weight": 0.37073076646848446, "log10_subsample": -0.0883992654392366, "max_depth": 7.0, "num_boost_round": 16.0}, "datetime": {"datetime": "2024-01-19 01:44:31", "elapsed": 5556.120523, "delta": 0.137912}}
{"target": -17.684111719411163, "params": {"gamma": 823.9291146193917, "log10_alpha": -0.34479625519995416, "log10_colsample_bytree": -0.8474701381453404, "log10_eta": -1.2534898278711508, "log10_lambda": -4.2417520899533585, "log10_min_child_weight": 0.37073076646848446, "log10_subsample": -0.0883992654392366, "max_depth": 7.0, "num_boost_round": 17.0}, "datetime": {"datetime": "2024-01-19 01:44:31", "elapsed": 5556.128193, "delta": 0.00767}}
{"target": -17.683790867048508, "params": {"gamma": 823.9291146193917, "log10_alpha": -0.34479625519995416, "log10_colsample_bytree": -0.8474701381453404, "log10_eta": -1.2534898278711508, "log10_lambda": -4.2417520899533585, "log10_min_child_weight": 0.37073076646848446, "log10_subsample": -0.0883992654392366, "max_depth": 7.0, "num_boost_round": 18.0}, "datetime": {"datetime": "2024-01-19 01:44:31", "elapsed": 5556.135152, "delta": 0.006959}}
{"target": -17.688292996493587, "params": {"gamma": 823.9291146193917, "log10_alpha": -0.34479625519995416, "log10_colsample_bytree": -0.8474701381453404, "log10_eta": -1.2534898278711508, "log10_lambda": -4.2417520899533585, "log10_min_child_weight": 0.37073076646848446, "log10_subsample": -0.0883992654392366, "max_depth": 7.0, "num_boost_round": 19.0}, "datetime": {"datetime": "2024-01-19 01:44:31", "elapsed": 5556.142003, "delta": 0.006851}}
{"target": -17.68906776094427, "params": {"gamma": 823.9291146193917, "log10_alpha": -0.34479625519995416, "log10_colsample_bytree": -0.8474701381453404, "log10_eta": -1.2534898278711508, "log10_lambda": -4.2417520899533585, "log10_min_child_weight": 0.37073076646848446, "log10_subsample": -0.0883992654392366, "max_depth": 7.0, "num_boost_round": 20.0}, "datetime": {"datetime": "2024-01-19 01:44:31", "elapsed": 5556.148734, "delta": 0.006731}}
