{"target": -17.674649518742314, "params": {"gamma": 448.6704592912899, "log10_alpha": 0.09153402965944668, "log10_colsample_bytree": -0.49933525485083663, "log10_eta": -1.927852621337756, "log10_lambda": 0.762765566790808, "log10_min_child_weight": 1.1244909093542432, "log10_subsample": -0.7377211057403423, "max_depth": 6.0, "num_boost_round": 28.0}, "datetime": {"datetime": "2024-01-19 01:55:37", "elapsed": 6241.643632, "delta": 0.003953}}
{"target": -17.673777210152274, "params": {"gamma": 448.6704592912899, "log10_alpha": 0.09153402965944668, "log10_colsample_bytree": -0.49933525485083663, "log10_eta": -1.927852621337756, "log10_lambda": 0.762765566790808, "log10_min_child_weight": 1.1244909093542432, "log10_subsample": -0.7377211057403423, "max_depth": 6.0, "num_boost_round": 29.0}, "datetime": {"datetime": "2024-01-19 01:55:37", "elapsed": 6241.647551, "delta": 0.003919}}
{"target": -17.673896902172586, "params": {"gamma": 448.6704592912899, "log10_alpha": 0.09153402965944668, "log10_colsample_bytree": -0.49933525485083663, "log10_eta": -1.927852621337756, "log10_lambda": 0.762765566790808, "log10_min_child_weight": 1.1244909093542432, "log10_subsample": -0.7377211057403423, "max_depth": 6.0, "num_boost_round": 30.0}, "datetime": {"datetime": "2024-01-19 01:55:37", "elapsed": 6241.651533, "delta": 0.003982}}
{"target": -17.67374279763515, "params": {"gamma": 448.6704592912899, "log10_alpha": 0.09153402965944668, "log10_colsample_bytree": -0.49933525485083663, "log10_eta": -1.927852621337756, "log10_lambda": 0.762765566790808, "log10_min_child_weight": 1.1244909093542432, "log10_subsample": -0.7377211057403423, "max_depth": 6.0, "num_boost_round": 31.0}, "datetime": {"datetime": "2024-01-19 01:55:37", "elapsed": 6241.655592, "delta": 0.004059}}
{"target": -17.674108803729176, "params": {"gamma": 448.6704592912899, "log10_alpha": 0.09153402965944668, "log10_colsample_bytree": -0.49933525485083663, "log10_eta": -1.927852621337756, "log10_lambda": 0.762765566790808, "log10_min_child_weight": 1.1244909093542432, "log10_subsample": -0.7377211057403423, "max_depth": 6.0, "num_boost_round": 32.0}, "datetime": {"datetime": "2024-01-19 01:55:37", "elapsed": 6241.65959, "delta": 0.003998}}
{"target": -17.67416675646198, "params": {"gamma": 448.6704592912899, "log10_alpha": 0.09153402965944668, "log10_colsample_bytree": -0.49933525485083663, "log10_eta": -1.927852621337756, "log10_lambda": 0.762765566790808, "log10_min_child_weight": 1.1244909093542432, "log10_subsample": -0.7377211057403423, "max_depth": 6.0, "num_boost_round": 33.0}, "datetime": {"datetime": "2024-01-19 01:55:37", "elapsed": 6241.663548, "delta": 0.003958}}
{"target": -17.673941542652482, "params": {"gamma": 448.6704592912899, "log10_alpha": 0.09153402965944668, "log10_colsample_bytree": -0.49933525485083663, "log10_eta": -1.927852621337756, "log10_lambda": 0.762765566790808, "log10_min_child_weight": 1.1244909093542432, "log10_subsample": -0.7377211057403423, "max_depth": 6.0, "num_boost_round": 34.0}, "datetime": {"datetime": "2024-01-19 01:55:37", "elapsed": 6241.6675, "delta": 0.003952}}
{"target": -17.67441788904389, "params": {"gamma": 448.6704592912899, "log10_alpha": 0.09153402965944668, "log10_colsample_bytree": -0.49933525485083663, "log10_eta": -1.927852621337756, "log10_lambda": 0.762765566790808, "log10_min_child_weight": 1.1244909093542432, "log10_subsample": -0.7377211057403423, "max_depth": 6.0, "num_boost_round": 35.0}, "datetime": {"datetime": "2024-01-19 01:55:37", "elapsed": 6241.67156, "delta": 0.00406}}
{"target": -17.67468328379006, "params": {"gamma": 448.6704592912899, "log10_alpha": 0.09153402965944668, "log10_colsample_bytree": -0.49933525485083663, "log10_eta": -1.927852621337756, "log10_lambda": 0.762765566790808, "log10_min_child_weight": 1.1244909093542432, "log10_subsample": -0.7377211057403423, "max_depth": 6.0, "num_boost_round": 36.0}, "datetime": {"datetime": "2024-01-19 01:55:37", "elapsed": 6241.675652, "delta": 0.004092}}
{"target": -17.675353404589313, "params": {"gamma": 448.6704592912899, "log10_alpha": 0.09153402965944668, "log10_colsample_bytree": -0.49933525485083663, "log10_eta": -1.927852621337756, "log10_lambda": 0.762765566790808, "log10_min_child_weight": 1.1244909093542432, "log10_subsample": -0.7377211057403423, "max_depth": 6.0, "num_boost_round": 37.0}, "datetime": {"datetime": "2024-01-19 01:55:37", "elapsed": 6241.679767, "delta": 0.004115}}
{"target": -17.67539257585386, "params": {"gamma": 448.6704592912899, "log10_alpha": 0.09153402965944668, "log10_colsample_bytree": -0.49933525485083663, "log10_eta": -1.927852621337756, "log10_lambda": 0.762765566790808, "log10_min_child_weight": 1.1244909093542432, "log10_subsample": -0.7377211057403423, "max_depth": 6.0, "num_boost_round": 38.0}, "datetime": {"datetime": "2024-01-19 01:55:37", "elapsed": 6241.687499, "delta": 0.007732}}
{"target": -17.675604709419588, "params": {"gamma": 448.6704592912899, "log10_alpha": 0.09153402965944668, "log10_colsample_bytree": -0.49933525485083663, "log10_eta": -1.927852621337756, "log10_lambda": 0.762765566790808, "log10_min_child_weight": 1.1244909093542432, "log10_subsample": -0.7377211057403423, "max_depth": 6.0, "num_boost_round": 39.0}, "datetime": {"datetime": "2024-01-19 01:55:37", "elapsed": 6241.691577, "delta": 0.004078}}
{"target": -17.67592656351075, "params": {"gamma": 448.6704592912899, "log10_alpha": 0.09153402965944668, "log10_colsample_bytree": -0.49933525485083663, "log10_eta": -1.927852621337756, "log10_lambda": 0.762765566790808, "log10_min_child_weight": 1.1244909093542432, "log10_subsample": -0.7377211057403423, "max_depth": 6.0, "num_boost_round": 40.0}, "datetime": {"datetime": "2024-01-19 01:55:37", "elapsed": 6241.69567, "delta": 0.004093}}
{"target": -17.67638609306888, "params": {"gamma": 448.6704592912899, "log10_alpha": 0.09153402965944668, "log10_colsample_bytree": -0.49933525485083663, "log10_eta": -1.927852621337756, "log10_lambda": 0.762765566790808, "log10_min_child_weight": 1.1244909093542432, "log10_subsample": -0.7377211057403423, "max_depth": 6.0, "num_boost_round": 41.0}, "datetime": {"datetime": "2024-01-19 01:55:37", "elapsed": 6241.699722, "delta": 0.004052}}
{"target": -17.67720533735158, "params": {"gamma": 430.76090060176807, "log10_alpha": -3.238616275477378, "log10_colsample_bytree": -0.0035316826325073603, "log10_eta": -2.68199555029547, "log10_lambda": -1.174106338602118, "log10_min_child_weight": 3.2826853134445044, "log10_subsample": -0.5266707388780796, "max_depth": 8.0, "num_boost_round": 0.0}, "datetime": {"datetime": "2024-01-19 01:56:51", "elapsed": 6316.026618, "delta": 74.326896}}
{"target": -17.67718991447498, "params": {"gamma": 430.76090060176807, "log10_alpha": -3.238616275477378, "log10_colsample_bytree": -0.0035316826325073603, "log10_eta": -2.68199555029547, "log10_lambda": -1.174106338602118, "log10_min_child_weight": 3.2826853134445044, "log10_subsample": -0.5266707388780796, "max_depth": 8.0, "num_boost_round": 1.0}, "datetime": {"datetime": "2024-01-19 01:56:51", "elapsed": 6316.031608, "delta": 0.00499}}
{"target": -17.677174377913904, "params": {"gamma": 430.76090060176807, "log10_alpha": -3.238616275477378, "log10_colsample_bytree": -0.0035316826325073603, "log10_eta": -2.68199555029547, "log10_lambda": -1.174106338602118, "log10_min_child_weight": 3.2826853134445044, "log10_subsample": -0.5266707388780796, "max_depth": 8.0, "num_boost_round": 2.0}, "datetime": {"datetime": "2024-01-19 01:56:51", "elapsed": 6316.035844, "delta": 0.004236}}
{"target": -17.677089198653047, "params": {"gamma": 430.76090060176807, "log10_alpha": -3.238616275477378, "log10_colsample_bytree": -0.0035316826325073603, "log10_eta": -2.68199555029547, "log10_lambda": -1.174106338602118, "log10_min_child_weight": 3.2826853134445044, "log10_subsample": -0.5266707388780796, "max_depth": 8.0, "num_boost_round": 3.0}, "datetime": {"datetime": "2024-01-19 01:56:51", "elapsed": 6316.039804, "delta": 0.00396}}
{"target": -17.67707863851352, "params": {"gamma": 430.76090060176807, "log10_alpha": -3.238616275477378, "log10_colsample_bytree": -0.0035316826325073603, "log10_eta": -2.68199555029547, "log10_lambda": -1.174106338602118, "log10_min_child_weight": 3.2826853134445044, "log10_subsample": -0.5266707388780796, "max_depth": 8.0, "num_boost_round": 4.0}, "datetime": {"datetime": "2024-01-19 01:56:51", "elapsed": 6316.043757, "delta": 0.003953}}
{"target": -17.677061076235162, "params": {"gamma": 430.76090060176807, "log10_alpha": -3.238616275477378, "log10_colsample_bytree": -0.0035316826325073603, "log10_eta": -2.68199555029547, "log10_lambda": -1.174106338602118, "log10_min_child_weight": 3.2826853134445044, "log10_subsample": -0.5266707388780796, "max_depth": 8.0, "num_boost_round": 5.0}, "datetime": {"datetime": "2024-01-19 01:56:51", "elapsed": 6316.047767, "delta": 0.00401}}
{"target": -17.67698132097568, "params": {"gamma": 430.76090060176807, "log10_alpha": -3.238616275477378, "log10_colsample_bytree": -0.0035316826325073603, "log10_eta": -2.68199555029547, "log10_lambda": -1.174106338602118, "log10_min_child_weight": 3.2826853134445044, "log10_subsample": -0.5266707388780796, "max_depth": 8.0, "num_boost_round": 6.0}, "datetime": {"datetime": "2024-01-19 01:56:51", "elapsed": 6316.05178, "delta": 0.004013}}
{"target": -17.676913959252566, "params": {"gamma": 430.76090060176807, "log10_alpha": -3.238616275477378, "log10_colsample_bytree": -0.0035316826325073603, "log10_eta": -2.68199555029547, "log10_lambda": -1.174106338602118, "log10_min_child_weight": 3.2826853134445044, "log10_subsample": -0.5266707388780796, "max_depth": 8.0, "num_boost_round": 7.0}, "datetime": {"datetime": "2024-01-19 01:56:51", "elapsed": 6316.055864, "delta": 0.004084}}
{"target": -17.67681317382875, "params": {"gamma": 430.76090060176807, "log10_alpha": -3.238616275477378, "log10_colsample_bytree": -0.0035316826325073603, "log10_eta": -2.68199555029547, "log10_lambda": -1.174106338602118, "log10_min_child_weight": 3.2826853134445044, "log10_subsample": -0.5266707388780796, "max_depth": 8.0, "num_boost_round": 8.0}, "datetime": {"datetime": "2024-01-19 01:56:51", "elapsed": 6316.059897, "delta": 0.004033}}
{"target": -17.67669132038276, "params": {"gamma": 430.76090060176807, "log10_alpha": -3.238616275477378, "log10_colsample_bytree": -0.0035316826325073603, "log10_eta": -2.68199555029547, "log10_lambda": -1.174106338602118, "log10_min_child_weight": 3.2826853134445044, "log10_subsample": -0.5266707388780796, "max_depth": 8.0, "num_boost_round": 9.0}, "datetime": {"datetime": "2024-01-19 01:56:51", "elapsed": 6316.063875, "delta": 0.003978}}
{"target": -17.67672096504947, "params": {"gamma": 430.76090060176807, "log10_alpha": -3.238616275477378, "log10_colsample_bytree": -0.0035316826325073603, "log10_eta": -2.68199555029547, "log10_lambda": -1.174106338602118, "log10_min_child_weight": 3.2826853134445044, "log10_subsample": -0.5266707388780796, "max_depth": 8.0, "num_boost_round": 10.0}, "datetime": {"datetime": "2024-01-19 01:56:51", "elapsed": 6316.067865, "delta": 0.00399}}
{"target": -17.676739749143223, "params": {"gamma": 430.76090060176807, "log10_alpha": -3.238616275477378, "log10_colsample_bytree": -0.0035316826325073603, "log10_eta": -2.68199555029547, "log10_lambda": -1.174106338602118, "log10_min_child_weight": 3.2826853134445044, "log10_subsample": -0.5266707388780796, "max_depth": 8.0, "num_boost_round": 11.0}, "datetime": {"datetime": "2024-01-19 01:56:51", "elapsed": 6316.071954, "delta": 0.004089}}
{"target": -17.676723280962637, "params": {"gamma": 430.76090060176807, "log10_alpha": -3.238616275477378, "log10_colsample_bytree": -0.0035316826325073603, "log10_eta": -2.68199555029547, "log10_lambda": -1.174106338602118, "log10_min_child_weight": 3.2826853134445044, "log10_subsample": -0.5266707388780796, "max_depth": 8.0, "num_boost_round": 12.0}, "datetime": {"datetime": "2024-01-19 01:56:51", "elapsed": 6316.076056, "delta": 0.004102}}
{"target": -17.676737842624966, "params": {"gamma": 430.76090060176807, "log10_alpha": -3.238616275477378, "log10_colsample_bytree": -0.0035316826325073603, "log10_eta": -2.68199555029547, "log10_lambda": -1.174106338602118, "log10_min_child_weight": 3.2826853134445044, "log10_subsample": -0.5266707388780796, "max_depth": 8.0, "num_boost_round": 13.0}, "datetime": {"datetime": "2024-01-19 01:56:51", "elapsed": 6316.08016, "delta": 0.004104}}
{"target": -17.67677217402473, "params": {"gamma": 430.76090060176807, "log10_alpha": -3.238616275477378, "log10_colsample_bytree": -0.0035316826325073603, "log10_eta": -2.68199555029547, "log10_lambda": -1.174106338602118, "log10_min_child_weight": 3.2826853134445044, "log10_subsample": -0.5266707388780796, "max_depth": 8.0, "num_boost_round": 14.0}, "datetime": {"datetime": "2024-01-19 01:56:51", "elapsed": 6316.084291, "delta": 0.004131}}
{"target": -17.6767624828221, "params": {"gamma": 430.76090060176807, "log10_alpha": -3.238616275477378, "log10_colsample_bytree": -0.0035316826325073603, "log10_eta": -2.68199555029547, "log10_lambda": -1.174106338602118, "log10_min_child_weight": 3.2826853134445044, "log10_subsample": -0.5266707388780796, "max_depth": 8.0, "num_boost_round": 15.0}, "datetime": {"datetime": "2024-01-19 01:56:51", "elapsed": 6316.088449, "delta": 0.004158}}
{"target": -17.676684485717498, "params": {"gamma": 430.76090060176807, "log10_alpha": -3.238616275477378, "log10_colsample_bytree": -0.0035316826325073603, "log10_eta": -2.68199555029547, "log10_lambda": -1.174106338602118, "log10_min_child_weight": 3.2826853134445044, "log10_subsample": -0.5266707388780796, "max_depth": 8.0, "num_boost_round": 16.0}, "datetime": {"datetime": "2024-01-19 01:56:51", "elapsed": 6316.092707, "delta": 0.004258}}
{"target": -17.67659896734023, "params": {"gamma": 430.76090060176807, "log10_alpha": -3.238616275477378, "log10_colsample_bytree": -0.0035316826325073603, "log10_eta": -2.68199555029547, "log10_lambda": -1.174106338602118, "log10_min_child_weight": 3.2826853134445044, "log10_subsample": -0.5266707388780796, "max_depth": 8.0, "num_boost_round": 17.0}, "datetime": {"datetime": "2024-01-19 01:56:51", "elapsed": 6316.096753, "delta": 0.004046}}
{"target": -17.677233554548305, "params": {"gamma": 425.1132939509734, "log10_alpha": -1.186757012807326, "log10_colsample_bytree": -0.6333418647139533, "log10_eta": -3.149520522633278, "log10_lambda": -1.7314033675281548, "log10_min_child_weight": 4.3800658455408605, "log10_subsample": -0.9091393953619112, "max_depth": 6.0, "num_boost_round": 0.0}, "datetime": {"datetime": "2024-01-19 01:58:26", "elapsed": 6411.479551, "delta": 95.382798}}
{"target": -17.677227744055127, "params": {"gamma": 425.1132939509734, "log10_alpha": -1.186757012807326, "log10_colsample_bytree": -0.6333418647139533, "log10_eta": -3.149520522633278, "log10_lambda": -1.7314033675281548, "log10_min_child_weight": 4.3800658455408605, "log10_subsample": -0.9091393953619112, "max_depth": 6.0, "num_boost_round": 1.0}, "datetime": {"datetime": "2024-01-19 01:58:26", "elapsed": 6411.48387, "delta": 0.004319}}
{"target": -17.677228357315364, "params": {"gamma": 425.1132939509734, "log10_alpha": -1.186757012807326, "log10_colsample_bytree": -0.6333418647139533, "log10_eta": -3.149520522633278, "log10_lambda": -1.7314033675281548, "log10_min_child_weight": 4.3800658455408605, "log10_subsample": -0.9091393953619112, "max_depth": 6.0, "num_boost_round": 2.0}, "datetime": {"datetime": "2024-01-19 01:58:26", "elapsed": 6411.488, "delta": 0.00413}}
{"target": -17.67721956370068, "params": {"gamma": 425.1132939509734, "log10_alpha": -1.186757012807326, "log10_colsample_bytree": -0.6333418647139533, "log10_eta": -3.149520522633278, "log10_lambda": -1.7314033675281548, "log10_min_child_weight": 4.3800658455408605, "log10_subsample": -0.9091393953619112, "max_depth": 6.0, "num_boost_round": 3.0}, "datetime": {"datetime": "2024-01-19 01:58:26", "elapsed": 6411.492668, "delta": 0.004668}}
{"target": -17.67722130581755, "params": {"gamma": 425.1132939509734, "log10_alpha": -1.186757012807326, "log10_colsample_bytree": -0.6333418647139533, "log10_eta": -3.149520522633278, "log10_lambda": -1.7314033675281548, "log10_min_child_weight": 4.3800658455408605, "log10_subsample": -0.9091393953619112, "max_depth": 6.0, "num_boost_round": 4.0}, "datetime": {"datetime": "2024-01-19 01:58:26", "elapsed": 6411.49684, "delta": 0.004172}}
{"target": -17.67721943749323, "params": {"gamma": 425.1132939509734, "log10_alpha": -1.186757012807326, "log10_colsample_bytree": -0.6333418647139533, "log10_eta": -3.149520522633278, "log10_lambda": -1.7314033675281548, "log10_min_child_weight": 4.3800658455408605, "log10_subsample": -0.9091393953619112, "max_depth": 6.0, "num_boost_round": 5.0}, "datetime": {"datetime": "2024-01-19 01:58:26", "elapsed": 6411.500861, "delta": 0.004021}}
{"target": -17.677218260875108, "params": {"gamma": 425.1132939509734, "log10_alpha": -1.186757012807326, "log10_colsample_bytree": -0.6333418647139533, "log10_eta": -3.149520522633278, "log10_lambda": -1.7314033675281548, "log10_min_child_weight": 4.3800658455408605, "log10_subsample": -0.9091393953619112, "max_depth": 6.0, "num_boost_round": 6.0}, "datetime": {"datetime": "2024-01-19 01:58:27", "elapsed": 6411.609959, "delta": 0.109098}}
{"target": -17.67721015414165, "params": {"gamma": 425.1132939509734, "log10_alpha": -1.186757012807326, "log10_colsample_bytree": -0.6333418647139533, "log10_eta": -3.149520522633278, "log10_lambda": -1.7314033675281548, "log10_min_child_weight": 4.3800658455408605, "log10_subsample": -0.9091393953619112, "max_depth": 6.0, "num_boost_round": 7.0}, "datetime": {"datetime": "2024-01-19 01:58:27", "elapsed": 6411.614654, "delta": 0.004695}}
{"target": -17.677211094587093, "params": {"gamma": 425.1132939509734, "log10_alpha": -1.186757012807326, "log10_colsample_bytree": -0.6333418647139533, "log10_eta": -3.149520522633278, "log10_lambda": -1.7314033675281548, "log10_min_child_weight": 4.3800658455408605, "log10_subsample": -0.9091393953619112, "max_depth": 6.0, "num_boost_round": 8.0}, "datetime": {"datetime": "2024-01-19 01:58:27", "elapsed": 6411.618982, "delta": 0.004328}}
{"target": -17.677203112376148, "params": {"gamma": 425.1132939509734, "log10_alpha": -1.186757012807326, "log10_colsample_bytree": -0.6333418647139533, "log10_eta": -3.149520522633278, "log10_lambda": -1.7314033675281548, "log10_min_child_weight": 4.3800658455408605, "log10_subsample": -0.9091393953619112, "max_depth": 6.0, "num_boost_round": 9.0}, "datetime": {"datetime": "2024-01-19 01:58:27", "elapsed": 6411.623198, "delta": 0.004216}}
{"target": -17.67719725087892, "params": {"gamma": 425.1132939509734, "log10_alpha": -1.186757012807326, "log10_colsample_bytree": -0.6333418647139533, "log10_eta": -3.149520522633278, "log10_lambda": -1.7314033675281548, "log10_min_child_weight": 4.3800658455408605, "log10_subsample": -0.9091393953619112, "max_depth": 6.0, "num_boost_round": 10.0}, "datetime": {"datetime": "2024-01-19 01:58:27", "elapsed": 6411.627373, "delta": 0.004175}}
{"target": -17.67718786440182, "params": {"gamma": 425.1132939509734, "log10_alpha": -1.186757012807326, "log10_colsample_bytree": -0.6333418647139533, "log10_eta": -3.149520522633278, "log10_lambda": -1.7314033675281548, "log10_min_child_weight": 4.3800658455408605, "log10_subsample": -0.9091393953619112, "max_depth": 6.0, "num_boost_round": 11.0}, "datetime": {"datetime": "2024-01-19 01:58:27", "elapsed": 6411.631547, "delta": 0.004174}}
{"target": -17.677181129281095, "params": {"gamma": 425.1132939509734, "log10_alpha": -1.186757012807326, "log10_colsample_bytree": -0.6333418647139533, "log10_eta": -3.149520522633278, "log10_lambda": -1.7314033675281548, "log10_min_child_weight": 4.3800658455408605, "log10_subsample": -0.9091393953619112, "max_depth": 6.0, "num_boost_round": 12.0}, "datetime": {"datetime": "2024-01-19 01:58:27", "elapsed": 6411.63576, "delta": 0.004213}}
{"target": -17.677183417250127, "params": {"gamma": 425.1132939509734, "log10_alpha": -1.186757012807326, "log10_colsample_bytree": -0.6333418647139533, "log10_eta": -3.149520522633278, "log10_lambda": -1.7314033675281548, "log10_min_child_weight": 4.3800658455408605, "log10_subsample": -0.9091393953619112, "max_depth": 6.0, "num_boost_round": 13.0}, "datetime": {"datetime": "2024-01-19 01:58:27", "elapsed": 6411.639912, "delta": 0.004152}}
{"target": -17.677185082807803, "params": {"gamma": 425.1132939509734, "log10_alpha": -1.186757012807326, "log10_colsample_bytree": -0.6333418647139533, "log10_eta": -3.149520522633278, "log10_lambda": -1.7314033675281548, "log10_min_child_weight": 4.3800658455408605, "log10_subsample": -0.9091393953619112, "max_depth": 6.0, "num_boost_round": 14.0}, "datetime": {"datetime": "2024-01-19 01:58:27", "elapsed": 6411.644073, "delta": 0.004161}}
{"target": -17.677173907673282, "params": {"gamma": 425.1132939509734, "log10_alpha": -1.186757012807326, "log10_colsample_bytree": -0.6333418647139533, "log10_eta": -3.149520522633278, "log10_lambda": -1.7314033675281548, "log10_min_child_weight": 4.3800658455408605, "log10_subsample": -0.9091393953619112, "max_depth": 6.0, "num_boost_round": 15.0}, "datetime": {"datetime": "2024-01-19 01:58:27", "elapsed": 6411.648298, "delta": 0.004225}}
{"target": -17.677166128616935, "params": {"gamma": 425.1132939509734, "log10_alpha": -1.186757012807326, "log10_colsample_bytree": -0.6333418647139533, "log10_eta": -3.149520522633278, "log10_lambda": -1.7314033675281548, "log10_min_child_weight": 4.3800658455408605, "log10_subsample": -0.9091393953619112, "max_depth": 6.0, "num_boost_round": 16.0}, "datetime": {"datetime": "2024-01-19 01:58:27", "elapsed": 6411.652509, "delta": 0.004211}}
