{"target": -13.768341071748944, "params": {"gamma": 946.0450101354489, "log10_alpha": -1.0537353260807603, "log10_colsample_bytree": -0.9345366564309346, "log10_eta": -0.6592311553448833, "log10_lambda": -4.926737821322076, "log10_min_child_weight": 4.893971604911579, "log10_subsample": -0.16953277975837588, "max_depth": 2.0, "num_boost_round": 31.0}, "datetime": {"datetime": "2024-01-19 00:54:24", "elapsed": 2565.638808, "delta": 0.003565}}
{"target": -13.770266240967686, "params": {"gamma": 946.0450101354489, "log10_alpha": -1.0537353260807603, "log10_colsample_bytree": -0.9345366564309346, "log10_eta": -0.6592311553448833, "log10_lambda": -4.926737821322076, "log10_min_child_weight": 4.893971604911579, "log10_subsample": -0.16953277975837588, "max_depth": 2.0, "num_boost_round": 32.0}, "datetime": {"datetime": "2024-01-19 00:54:24", "elapsed": 2565.642281, "delta": 0.003473}}
{"target": -13.770345957863473, "params": {"gamma": 946.0450101354489, "log10_alpha": -1.0537353260807603, "log10_colsample_bytree": -0.9345366564309346, "log10_eta": -0.6592311553448833, "log10_lambda": -4.926737821322076, "log10_min_child_weight": 4.893971604911579, "log10_subsample": -0.16953277975837588, "max_depth": 2.0, "num_boost_round": 33.0}, "datetime": {"datetime": "2024-01-19 00:54:24", "elapsed": 2565.645802, "delta": 0.003521}}
{"target": -13.770516305756685, "params": {"gamma": 946.0450101354489, "log10_alpha": -1.0537353260807603, "log10_colsample_bytree": -0.9345366564309346, "log10_eta": -0.6592311553448833, "log10_lambda": -4.926737821322076, "log10_min_child_weight": 4.893971604911579, "log10_subsample": -0.16953277975837588, "max_depth": 2.0, "num_boost_round": 34.0}, "datetime": {"datetime": "2024-01-19 00:54:24", "elapsed": 2565.649425, "delta": 0.003623}}
{"target": -13.771538084462103, "params": {"gamma": 946.0450101354489, "log10_alpha": -1.0537353260807603, "log10_colsample_bytree": -0.9345366564309346, "log10_eta": -0.6592311553448833, "log10_lambda": -4.926737821322076, "log10_min_child_weight": 4.893971604911579, "log10_subsample": -0.16953277975837588, "max_depth": 2.0, "num_boost_round": 35.0}, "datetime": {"datetime": "2024-01-19 00:54:24", "elapsed": 2565.653088, "delta": 0.003663}}
{"target": -13.771218444805887, "params": {"gamma": 946.0450101354489, "log10_alpha": -1.0537353260807603, "log10_colsample_bytree": -0.9345366564309346, "log10_eta": -0.6592311553448833, "log10_lambda": -4.926737821322076, "log10_min_child_weight": 4.893971604911579, "log10_subsample": -0.16953277975837588, "max_depth": 2.0, "num_boost_round": 36.0}, "datetime": {"datetime": "2024-01-19 00:54:24", "elapsed": 2565.65662, "delta": 0.003532}}
{"target": -13.771649139631432, "params": {"gamma": 946.0450101354489, "log10_alpha": -1.0537353260807603, "log10_colsample_bytree": -0.9345366564309346, "log10_eta": -0.6592311553448833, "log10_lambda": -4.926737821322076, "log10_min_child_weight": 4.893971604911579, "log10_subsample": -0.16953277975837588, "max_depth": 2.0, "num_boost_round": 37.0}, "datetime": {"datetime": "2024-01-19 00:54:24", "elapsed": 2565.660092, "delta": 0.003472}}
{"target": -13.758533048915863, "params": {"gamma": 941.5659633939513, "log10_alpha": 0.9472804602262137, "log10_colsample_bytree": -0.8826699942789902, "log10_eta": -3.340390006530026, "log10_lambda": -0.9739642915842417, "log10_min_child_weight": 0.813553282634854, "log10_subsample": -0.7761187302228418, "max_depth": 3.0, "num_boost_round": 0.0}, "datetime": {"datetime": "2024-01-19 00:54:55", "elapsed": 2596.617029, "delta": 30.956937}}
{"target": -13.758522576564555, "params": {"gamma": 941.5659633939513, "log10_alpha": 0.9472804602262137, "log10_colsample_bytree": -0.8826699942789902, "log10_eta": -3.340390006530026, "log10_lambda": -0.9739642915842417, "log10_min_child_weight": 0.813553282634854, "log10_subsample": -0.7761187302228418, "max_depth": 3.0, "num_boost_round": 1.0}, "datetime": {"datetime": "2024-01-19 00:54:55", "elapsed": 2596.621139, "delta": 0.00411}}
{"target": -13.758520476321346, "params": {"gamma": 941.5659633939513, "log10_alpha": 0.9472804602262137, "log10_colsample_bytree": -0.8826699942789902, "log10_eta": -3.340390006530026, "log10_lambda": -0.9739642915842417, "log10_min_child_weight": 0.813553282634854, "log10_subsample": -0.7761187302228418, "max_depth": 3.0, "num_boost_round": 2.0}, "datetime": {"datetime": "2024-01-19 00:54:55", "elapsed": 2596.624563, "delta": 0.003424}}
{"target": -13.758515423099231, "params": {"gamma": 941.5659633939513, "log10_alpha": 0.9472804602262137, "log10_colsample_bytree": -0.8826699942789902, "log10_eta": -3.340390006530026, "log10_lambda": -0.9739642915842417, "log10_min_child_weight": 0.813553282634854, "log10_subsample": -0.7761187302228418, "max_depth": 3.0, "num_boost_round": 3.0}, "datetime": {"datetime": "2024-01-19 00:54:55", "elapsed": 2596.62812, "delta": 0.003557}}
{"target": -13.758513655696609, "params": {"gamma": 941.5659633939513, "log10_alpha": 0.9472804602262137, "log10_colsample_bytree": -0.8826699942789902, "log10_eta": -3.340390006530026, "log10_lambda": -0.9739642915842417, "log10_min_child_weight": 0.813553282634854, "log10_subsample": -0.7761187302228418, "max_depth": 3.0, "num_boost_round": 4.0}, "datetime": {"datetime": "2024-01-19 00:54:55", "elapsed": 2596.631546, "delta": 0.003426}}
{"target": -13.75850408567544, "params": {"gamma": 941.5659633939513, "log10_alpha": 0.9472804602262137, "log10_colsample_bytree": -0.8826699942789902, "log10_eta": -3.340390006530026, "log10_lambda": -0.9739642915842417, "log10_min_child_weight": 0.813553282634854, "log10_subsample": -0.7761187302228418, "max_depth": 3.0, "num_boost_round": 5.0}, "datetime": {"datetime": "2024-01-19 00:54:55", "elapsed": 2596.634946, "delta": 0.0034}}
{"target": -13.758503530943727, "params": {"gamma": 941.5659633939513, "log10_alpha": 0.9472804602262137, "log10_colsample_bytree": -0.8826699942789902, "log10_eta": -3.340390006530026, "log10_lambda": -0.9739642915842417, "log10_min_child_weight": 0.813553282634854, "log10_subsample": -0.7761187302228418, "max_depth": 3.0, "num_boost_round": 6.0}, "datetime": {"datetime": "2024-01-19 00:54:55", "elapsed": 2596.638382, "delta": 0.003436}}
{"target": -13.75849608427274, "params": {"gamma": 941.5659633939513, "log10_alpha": 0.9472804602262137, "log10_colsample_bytree": -0.8826699942789902, "log10_eta": -3.340390006530026, "log10_lambda": -0.9739642915842417, "log10_min_child_weight": 0.813553282634854, "log10_subsample": -0.7761187302228418, "max_depth": 3.0, "num_boost_round": 7.0}, "datetime": {"datetime": "2024-01-19 00:54:55", "elapsed": 2596.641751, "delta": 0.003369}}
{"target": -13.758501921713853, "params": {"gamma": 941.5659633939513, "log10_alpha": 0.9472804602262137, "log10_colsample_bytree": -0.8826699942789902, "log10_eta": -3.340390006530026, "log10_lambda": -0.9739642915842417, "log10_min_child_weight": 0.813553282634854, "log10_subsample": -0.7761187302228418, "max_depth": 3.0, "num_boost_round": 8.0}, "datetime": {"datetime": "2024-01-19 00:54:55", "elapsed": 2596.64513, "delta": 0.003379}}
{"target": -13.758498337201175, "params": {"gamma": 941.5659633939513, "log10_alpha": 0.9472804602262137, "log10_colsample_bytree": -0.8826699942789902, "log10_eta": -3.340390006530026, "log10_lambda": -0.9739642915842417, "log10_min_child_weight": 0.813553282634854, "log10_subsample": -0.7761187302228418, "max_depth": 3.0, "num_boost_round": 9.0}, "datetime": {"datetime": "2024-01-19 00:54:55", "elapsed": 2596.648671, "delta": 0.003541}}
{"target": -13.75849627390271, "params": {"gamma": 941.5659633939513, "log10_alpha": 0.9472804602262137, "log10_colsample_bytree": -0.8826699942789902, "log10_eta": -3.340390006530026, "log10_lambda": -0.9739642915842417, "log10_min_child_weight": 0.813553282634854, "log10_subsample": -0.7761187302228418, "max_depth": 3.0, "num_boost_round": 10.0}, "datetime": {"datetime": "2024-01-19 00:54:55", "elapsed": 2596.65218, "delta": 0.003509}}
{"target": -13.758494943826593, "params": {"gamma": 941.5659633939513, "log10_alpha": 0.9472804602262137, "log10_colsample_bytree": -0.8826699942789902, "log10_eta": -3.340390006530026, "log10_lambda": -0.9739642915842417, "log10_min_child_weight": 0.813553282634854, "log10_subsample": -0.7761187302228418, "max_depth": 3.0, "num_boost_round": 11.0}, "datetime": {"datetime": "2024-01-19 00:54:55", "elapsed": 2596.655665, "delta": 0.003485}}
{"target": -13.75848921085821, "params": {"gamma": 941.5659633939513, "log10_alpha": 0.9472804602262137, "log10_colsample_bytree": -0.8826699942789902, "log10_eta": -3.340390006530026, "log10_lambda": -0.9739642915842417, "log10_min_child_weight": 0.813553282634854, "log10_subsample": -0.7761187302228418, "max_depth": 3.0, "num_boost_round": 12.0}, "datetime": {"datetime": "2024-01-19 00:54:55", "elapsed": 2596.659036, "delta": 0.003371}}
{"target": -13.758485367562331, "params": {"gamma": 941.5659633939513, "log10_alpha": 0.9472804602262137, "log10_colsample_bytree": -0.8826699942789902, "log10_eta": -3.340390006530026, "log10_lambda": -0.9739642915842417, "log10_min_child_weight": 0.813553282634854, "log10_subsample": -0.7761187302228418, "max_depth": 3.0, "num_boost_round": 13.0}, "datetime": {"datetime": "2024-01-19 00:54:55", "elapsed": 2596.662464, "delta": 0.003428}}
{"target": -13.758482722124134, "params": {"gamma": 941.5659633939513, "log10_alpha": 0.9472804602262137, "log10_colsample_bytree": -0.8826699942789902, "log10_eta": -3.340390006530026, "log10_lambda": -0.9739642915842417, "log10_min_child_weight": 0.813553282634854, "log10_subsample": -0.7761187302228418, "max_depth": 3.0, "num_boost_round": 14.0}, "datetime": {"datetime": "2024-01-19 00:54:55", "elapsed": 2596.66584, "delta": 0.003376}}
{"target": -13.758475684559173, "params": {"gamma": 941.5659633939513, "log10_alpha": 0.9472804602262137, "log10_colsample_bytree": -0.8826699942789902, "log10_eta": -3.340390006530026, "log10_lambda": -0.9739642915842417, "log10_min_child_weight": 0.813553282634854, "log10_subsample": -0.7761187302228418, "max_depth": 3.0, "num_boost_round": 15.0}, "datetime": {"datetime": "2024-01-19 00:54:55", "elapsed": 2596.669213, "delta": 0.003373}}
{"target": -13.758474232146375, "params": {"gamma": 941.5659633939513, "log10_alpha": 0.9472804602262137, "log10_colsample_bytree": -0.8826699942789902, "log10_eta": -3.340390006530026, "log10_lambda": -0.9739642915842417, "log10_min_child_weight": 0.813553282634854, "log10_subsample": -0.7761187302228418, "max_depth": 3.0, "num_boost_round": 16.0}, "datetime": {"datetime": "2024-01-19 00:54:55", "elapsed": 2596.672596, "delta": 0.003383}}
{"target": -13.758472966850116, "params": {"gamma": 941.5659633939513, "log10_alpha": 0.9472804602262137, "log10_colsample_bytree": -0.8826699942789902, "log10_eta": -3.340390006530026, "log10_lambda": -0.9739642915842417, "log10_min_child_weight": 0.813553282634854, "log10_subsample": -0.7761187302228418, "max_depth": 3.0, "num_boost_round": 17.0}, "datetime": {"datetime": "2024-01-19 00:54:55", "elapsed": 2596.676009, "delta": 0.003413}}
{"target": -13.758469734936579, "params": {"gamma": 941.5659633939513, "log10_alpha": 0.9472804602262137, "log10_colsample_bytree": -0.8826699942789902, "log10_eta": -3.340390006530026, "log10_lambda": -0.9739642915842417, "log10_min_child_weight": 0.813553282634854, "log10_subsample": -0.7761187302228418, "max_depth": 3.0, "num_boost_round": 18.0}, "datetime": {"datetime": "2024-01-19 00:54:55", "elapsed": 2596.679427, "delta": 0.003418}}
{"target": -13.758468761427686, "params": {"gamma": 941.5659633939513, "log10_alpha": 0.9472804602262137, "log10_colsample_bytree": -0.8826699942789902, "log10_eta": -3.340390006530026, "log10_lambda": -0.9739642915842417, "log10_min_child_weight": 0.813553282634854, "log10_subsample": -0.7761187302228418, "max_depth": 3.0, "num_boost_round": 19.0}, "datetime": {"datetime": "2024-01-19 00:54:55", "elapsed": 2596.682831, "delta": 0.003404}}
{"target": -13.758466576027644, "params": {"gamma": 941.5659633939513, "log10_alpha": 0.9472804602262137, "log10_colsample_bytree": -0.8826699942789902, "log10_eta": -3.340390006530026, "log10_lambda": -0.9739642915842417, "log10_min_child_weight": 0.813553282634854, "log10_subsample": -0.7761187302228418, "max_depth": 3.0, "num_boost_round": 20.0}, "datetime": {"datetime": "2024-01-19 00:54:55", "elapsed": 2596.686264, "delta": 0.003433}}
{"target": -13.758469949746312, "params": {"gamma": 946.7839987150574, "log10_alpha": -0.05978086414859618, "log10_colsample_bytree": -0.18265429541681333, "log10_eta": -2.080635278512357, "log10_lambda": -0.45323783501281145, "log10_min_child_weight": 0.37140047385107733, "log10_subsample": -0.10444837325234824, "max_depth": 2.0, "num_boost_round": 0.0}, "datetime": {"datetime": "2024-01-19 00:55:26", "elapsed": 2627.46781, "delta": 30.781546}}
{"target": -13.758397396413471, "params": {"gamma": 946.7839987150574, "log10_alpha": -0.05978086414859618, "log10_colsample_bytree": -0.18265429541681333, "log10_eta": -2.080635278512357, "log10_lambda": -0.45323783501281145, "log10_min_child_weight": 0.37140047385107733, "log10_subsample": -0.10444837325234824, "max_depth": 2.0, "num_boost_round": 1.0}, "datetime": {"datetime": "2024-01-19 00:55:26", "elapsed": 2627.471804, "delta": 0.003994}}
{"target": -13.758409243712457, "params": {"gamma": 946.7839987150574, "log10_alpha": -0.05978086414859618, "log10_colsample_bytree": -0.18265429541681333, "log10_eta": -2.080635278512357, "log10_lambda": -0.45323783501281145, "log10_min_child_weight": 0.37140047385107733, "log10_subsample": -0.10444837325234824, "max_depth": 2.0, "num_boost_round": 2.0}, "datetime": {"datetime": "2024-01-19 00:55:26", "elapsed": 2627.475394, "delta": 0.00359}}
{"target": -13.758419271580648, "params": {"gamma": 946.7839987150574, "log10_alpha": -0.05978086414859618, "log10_colsample_bytree": -0.18265429541681333, "log10_eta": -2.080635278512357, "log10_lambda": -0.45323783501281145, "log10_min_child_weight": 0.37140047385107733, "log10_subsample": -0.10444837325234824, "max_depth": 2.0, "num_boost_round": 3.0}, "datetime": {"datetime": "2024-01-19 00:55:26", "elapsed": 2627.478865, "delta": 0.003471}}
{"target": -13.758339915768609, "params": {"gamma": 946.7839987150574, "log10_alpha": -0.05978086414859618, "log10_colsample_bytree": -0.18265429541681333, "log10_eta": -2.080635278512357, "log10_lambda": -0.45323783501281145, "log10_min_child_weight": 0.37140047385107733, "log10_subsample": -0.10444837325234824, "max_depth": 2.0, "num_boost_round": 4.0}, "datetime": {"datetime": "2024-01-19 00:55:26", "elapsed": 2627.482266, "delta": 0.003401}}
{"target": -13.758288076156331, "params": {"gamma": 946.7839987150574, "log10_alpha": -0.05978086414859618, "log10_colsample_bytree": -0.18265429541681333, "log10_eta": -2.080635278512357, "log10_lambda": -0.45323783501281145, "log10_min_child_weight": 0.37140047385107733, "log10_subsample": -0.10444837325234824, "max_depth": 2.0, "num_boost_round": 5.0}, "datetime": {"datetime": "2024-01-19 00:55:26", "elapsed": 2627.485661, "delta": 0.003395}}
{"target": -13.758317400656257, "params": {"gamma": 946.7839987150574, "log10_alpha": -0.05978086414859618, "log10_colsample_bytree": -0.18265429541681333, "log10_eta": -2.080635278512357, "log10_lambda": -0.45323783501281145, "log10_min_child_weight": 0.37140047385107733, "log10_subsample": -0.10444837325234824, "max_depth": 2.0, "num_boost_round": 6.0}, "datetime": {"datetime": "2024-01-19 00:55:26", "elapsed": 2627.489408, "delta": 0.003747}}
{"target": -13.758293114159958, "params": {"gamma": 946.7839987150574, "log10_alpha": -0.05978086414859618, "log10_colsample_bytree": -0.18265429541681333, "log10_eta": -2.080635278512357, "log10_lambda": -0.45323783501281145, "log10_min_child_weight": 0.37140047385107733, "log10_subsample": -0.10444837325234824, "max_depth": 2.0, "num_boost_round": 7.0}, "datetime": {"datetime": "2024-01-19 00:55:26", "elapsed": 2627.493318, "delta": 0.00391}}
{"target": -13.758264836427541, "params": {"gamma": 946.7839987150574, "log10_alpha": -0.05978086414859618, "log10_colsample_bytree": -0.18265429541681333, "log10_eta": -2.080635278512357, "log10_lambda": -0.45323783501281145, "log10_min_child_weight": 0.37140047385107733, "log10_subsample": -0.10444837325234824, "max_depth": 2.0, "num_boost_round": 8.0}, "datetime": {"datetime": "2024-01-19 00:55:26", "elapsed": 2627.496899, "delta": 0.003581}}
{"target": -13.758275539878746, "params": {"gamma": 946.7839987150574, "log10_alpha": -0.05978086414859618, "log10_colsample_bytree": -0.18265429541681333, "log10_eta": -2.080635278512357, "log10_lambda": -0.45323783501281145, "log10_min_child_weight": 0.37140047385107733, "log10_subsample": -0.10444837325234824, "max_depth": 2.0, "num_boost_round": 9.0}, "datetime": {"datetime": "2024-01-19 00:55:26", "elapsed": 2627.500404, "delta": 0.003505}}
{"target": -13.758271076276696, "params": {"gamma": 946.7839987150574, "log10_alpha": -0.05978086414859618, "log10_colsample_bytree": -0.18265429541681333, "log10_eta": -2.080635278512357, "log10_lambda": -0.45323783501281145, "log10_min_child_weight": 0.37140047385107733, "log10_subsample": -0.10444837325234824, "max_depth": 2.0, "num_boost_round": 10.0}, "datetime": {"datetime": "2024-01-19 00:55:26", "elapsed": 2627.503804, "delta": 0.0034}}
{"target": -13.758143046303069, "params": {"gamma": 946.7839987150574, "log10_alpha": -0.05978086414859618, "log10_colsample_bytree": -0.18265429541681333, "log10_eta": -2.080635278512357, "log10_lambda": -0.45323783501281145, "log10_min_child_weight": 0.37140047385107733, "log10_subsample": -0.10444837325234824, "max_depth": 2.0, "num_boost_round": 11.0}, "datetime": {"datetime": "2024-01-19 00:55:26", "elapsed": 2627.507513, "delta": 0.003709}}
{"target": -13.758148247860449, "params": {"gamma": 946.7839987150574, "log10_alpha": -0.05978086414859618, "log10_colsample_bytree": -0.18265429541681333, "log10_eta": -2.080635278512357, "log10_lambda": -0.45323783501281145, "log10_min_child_weight": 0.37140047385107733, "log10_subsample": -0.10444837325234824, "max_depth": 2.0, "num_boost_round": 12.0}, "datetime": {"datetime": "2024-01-19 00:55:26", "elapsed": 2627.510988, "delta": 0.003475}}
{"target": -13.758147436378454, "params": {"gamma": 946.7839987150574, "log10_alpha": -0.05978086414859618, "log10_colsample_bytree": -0.18265429541681333, "log10_eta": -2.080635278512357, "log10_lambda": -0.45323783501281145, "log10_min_child_weight": 0.37140047385107733, "log10_subsample": -0.10444837325234824, "max_depth": 2.0, "num_boost_round": 13.0}, "datetime": {"datetime": "2024-01-19 00:55:26", "elapsed": 2627.514443, "delta": 0.003455}}
{"target": -13.758151841346816, "params": {"gamma": 946.7839987150574, "log10_alpha": -0.05978086414859618, "log10_colsample_bytree": -0.18265429541681333, "log10_eta": -2.080635278512357, "log10_lambda": -0.45323783501281145, "log10_min_child_weight": 0.37140047385107733, "log10_subsample": -0.10444837325234824, "max_depth": 2.0, "num_boost_round": 14.0}, "datetime": {"datetime": "2024-01-19 00:55:26", "elapsed": 2627.51787, "delta": 0.003427}}
{"target": -13.758120669524727, "params": {"gamma": 946.7839987150574, "log10_alpha": -0.05978086414859618, "log10_colsample_bytree": -0.18265429541681333, "log10_eta": -2.080635278512357, "log10_lambda": -0.45323783501281145, "log10_min_child_weight": 0.37140047385107733, "log10_subsample": -0.10444837325234824, "max_depth": 2.0, "num_boost_round": 15.0}, "datetime": {"datetime": "2024-01-19 00:55:26", "elapsed": 2627.521379, "delta": 0.003509}}
{"target": -13.75853151434361, "params": {"gamma": 941.0682260196429, "log10_alpha": 0.022919522655460156, "log10_colsample_bytree": -0.7058336398750551, "log10_eta": -3.0823490093967605, "log10_lambda": -3.616831136477133, "log10_min_child_weight": 3.984113208363946, "log10_subsample": -0.29731399285313087, "max_depth": 5.0, "num_boost_round": 0.0}, "datetime": {"datetime": "2024-01-19 00:55:58", "elapsed": 2659.417393, "delta": 31.896014}}
{"target": -13.758525709194476, "params": {"gamma": 941.0682260196429, "log10_alpha": 0.022919522655460156, "log10_colsample_bytree": -0.7058336398750551, "log10_eta": -3.0823490093967605, "log10_lambda": -3.616831136477133, "log10_min_child_weight": 3.984113208363946, "log10_subsample": -0.29731399285313087, "max_depth": 5.0, "num_boost_round": 1.0}, "datetime": {"datetime": "2024-01-19 00:55:58", "elapsed": 2659.421745, "delta": 0.004352}}
{"target": -13.75851574909192, "params": {"gamma": 941.0682260196429, "log10_alpha": 0.022919522655460156, "log10_colsample_bytree": -0.7058336398750551, "log10_eta": -3.0823490093967605, "log10_lambda": -3.616831136477133, "log10_min_child_weight": 3.984113208363946, "log10_subsample": -0.29731399285313087, "max_depth": 5.0, "num_boost_round": 2.0}, "datetime": {"datetime": "2024-01-19 00:55:58", "elapsed": 2659.425166, "delta": 0.003421}}
{"target": -13.758502965240575, "params": {"gamma": 941.0682260196429, "log10_alpha": 0.022919522655460156, "log10_colsample_bytree": -0.7058336398750551, "log10_eta": -3.0823490093967605, "log10_lambda": -3.616831136477133, "log10_min_child_weight": 3.984113208363946, "log10_subsample": -0.29731399285313087, "max_depth": 5.0, "num_boost_round": 3.0}, "datetime": {"datetime": "2024-01-19 00:55:58", "elapsed": 2659.428661, "delta": 0.003495}}
{"target": -13.75849723204711, "params": {"gamma": 941.0682260196429, "log10_alpha": 0.022919522655460156, "log10_colsample_bytree": -0.7058336398750551, "log10_eta": -3.0823490093967605, "log10_lambda": -3.616831136477133, "log10_min_child_weight": 3.984113208363946, "log10_subsample": -0.29731399285313087, "max_depth": 5.0, "num_boost_round": 4.0}, "datetime": {"datetime": "2024-01-19 00:55:58", "elapsed": 2659.432047, "delta": 0.003386}}
