{"target": -13.758289350231701, "params": {"gamma": 873.2045597886207, "log10_alpha": -3.5286983198529684, "log10_colsample_bytree": -0.3034278340992699, "log10_eta": -2.4473973751082982, "log10_lambda": -4.382707518911131, "log10_min_child_weight": 2.3917162929161484, "log10_subsample": -0.1686839954747611, "max_depth": 9.0, "num_boost_round": 3.0}, "datetime": {"datetime": "2024-01-19 00:56:32", "elapsed": 2697.186963, "delta": 0.003566}}
{"target": -13.758163269384355, "params": {"gamma": 873.2045597886207, "log10_alpha": -3.5286983198529684, "log10_colsample_bytree": -0.3034278340992699, "log10_eta": -2.4473973751082982, "log10_lambda": -4.382707518911131, "log10_min_child_weight": 2.3917162929161484, "log10_subsample": -0.1686839954747611, "max_depth": 9.0, "num_boost_round": 4.0}, "datetime": {"datetime": "2024-01-19 00:56:32", "elapsed": 2697.190858, "delta": 0.003895}}
{"target": -13.758199587405779, "params": {"gamma": 873.2045597886207, "log10_alpha": -3.5286983198529684, "log10_colsample_bytree": -0.3034278340992699, "log10_eta": -2.4473973751082982, "log10_lambda": -4.382707518911131, "log10_min_child_weight": 2.3917162929161484, "log10_subsample": -0.1686839954747611, "max_depth": 9.0, "num_boost_round": 5.0}, "datetime": {"datetime": "2024-01-19 00:56:32", "elapsed": 2697.194566, "delta": 0.003708}}
{"target": -13.758187525694172, "params": {"gamma": 873.2045597886207, "log10_alpha": -3.5286983198529684, "log10_colsample_bytree": -0.3034278340992699, "log10_eta": -2.4473973751082982, "log10_lambda": -4.382707518911131, "log10_min_child_weight": 2.3917162929161484, "log10_subsample": -0.1686839954747611, "max_depth": 9.0, "num_boost_round": 6.0}, "datetime": {"datetime": "2024-01-19 00:56:32", "elapsed": 2697.197991, "delta": 0.003425}}
{"target": -13.758271590343572, "params": {"gamma": 873.2045597886207, "log10_alpha": -3.5286983198529684, "log10_colsample_bytree": -0.3034278340992699, "log10_eta": -2.4473973751082982, "log10_lambda": -4.382707518911131, "log10_min_child_weight": 2.3917162929161484, "log10_subsample": -0.1686839954747611, "max_depth": 9.0, "num_boost_round": 7.0}, "datetime": {"datetime": "2024-01-19 00:56:32", "elapsed": 2697.201413, "delta": 0.003422}}
{"target": -13.758193628028744, "params": {"gamma": 873.2045597886207, "log10_alpha": -3.5286983198529684, "log10_colsample_bytree": -0.3034278340992699, "log10_eta": -2.4473973751082982, "log10_lambda": -4.382707518911131, "log10_min_child_weight": 2.3917162929161484, "log10_subsample": -0.1686839954747611, "max_depth": 9.0, "num_boost_round": 8.0}, "datetime": {"datetime": "2024-01-19 00:56:32", "elapsed": 2697.204901, "delta": 0.003488}}
{"target": -13.758055037634652, "params": {"gamma": 873.2045597886207, "log10_alpha": -3.5286983198529684, "log10_colsample_bytree": -0.3034278340992699, "log10_eta": -2.4473973751082982, "log10_lambda": -4.382707518911131, "log10_min_child_weight": 2.3917162929161484, "log10_subsample": -0.1686839954747611, "max_depth": 9.0, "num_boost_round": 9.0}, "datetime": {"datetime": "2024-01-19 00:56:32", "elapsed": 2697.208285, "delta": 0.003384}}
{"target": -13.758023258094184, "params": {"gamma": 873.2045597886207, "log10_alpha": -3.5286983198529684, "log10_colsample_bytree": -0.3034278340992699, "log10_eta": -2.4473973751082982, "log10_lambda": -4.382707518911131, "log10_min_child_weight": 2.3917162929161484, "log10_subsample": -0.1686839954747611, "max_depth": 9.0, "num_boost_round": 10.0}, "datetime": {"datetime": "2024-01-19 00:56:32", "elapsed": 2697.211809, "delta": 0.003524}}
{"target": -13.757987129775522, "params": {"gamma": 873.2045597886207, "log10_alpha": -3.5286983198529684, "log10_colsample_bytree": -0.3034278340992699, "log10_eta": -2.4473973751082982, "log10_lambda": -4.382707518911131, "log10_min_child_weight": 2.3917162929161484, "log10_subsample": -0.1686839954747611, "max_depth": 9.0, "num_boost_round": 11.0}, "datetime": {"datetime": "2024-01-19 00:56:32", "elapsed": 2697.215283, "delta": 0.003474}}
{"target": -13.758042049665564, "params": {"gamma": 873.2045597886207, "log10_alpha": -3.5286983198529684, "log10_colsample_bytree": -0.3034278340992699, "log10_eta": -2.4473973751082982, "log10_lambda": -4.382707518911131, "log10_min_child_weight": 2.3917162929161484, "log10_subsample": -0.1686839954747611, "max_depth": 9.0, "num_boost_round": 12.0}, "datetime": {"datetime": "2024-01-19 00:56:32", "elapsed": 2697.218651, "delta": 0.003368}}
{"target": -13.758146445352962, "params": {"gamma": 873.2045597886207, "log10_alpha": -3.5286983198529684, "log10_colsample_bytree": -0.3034278340992699, "log10_eta": -2.4473973751082982, "log10_lambda": -4.382707518911131, "log10_min_child_weight": 2.3917162929161484, "log10_subsample": -0.1686839954747611, "max_depth": 9.0, "num_boost_round": 13.0}, "datetime": {"datetime": "2024-01-19 00:56:32", "elapsed": 2697.222004, "delta": 0.003353}}
{"target": -13.75806910137675, "params": {"gamma": 873.2045597886207, "log10_alpha": -3.5286983198529684, "log10_colsample_bytree": -0.3034278340992699, "log10_eta": -2.4473973751082982, "log10_lambda": -4.382707518911131, "log10_min_child_weight": 2.3917162929161484, "log10_subsample": -0.1686839954747611, "max_depth": 9.0, "num_boost_round": 14.0}, "datetime": {"datetime": "2024-01-19 00:56:32", "elapsed": 2697.225357, "delta": 0.003353}}
{"target": -13.75796326658601, "params": {"gamma": 873.2045597886207, "log10_alpha": -3.5286983198529684, "log10_colsample_bytree": -0.3034278340992699, "log10_eta": -2.4473973751082982, "log10_lambda": -4.382707518911131, "log10_min_child_weight": 2.3917162929161484, "log10_subsample": -0.1686839954747611, "max_depth": 9.0, "num_boost_round": 15.0}, "datetime": {"datetime": "2024-01-19 00:56:32", "elapsed": 2697.22874, "delta": 0.003383}}
{"target": -13.757859673188767, "params": {"gamma": 873.2045597886207, "log10_alpha": -3.5286983198529684, "log10_colsample_bytree": -0.3034278340992699, "log10_eta": -2.4473973751082982, "log10_lambda": -4.382707518911131, "log10_min_child_weight": 2.3917162929161484, "log10_subsample": -0.1686839954747611, "max_depth": 9.0, "num_boost_round": 16.0}, "datetime": {"datetime": "2024-01-19 00:56:32", "elapsed": 2697.232326, "delta": 0.003586}}
{"target": -13.75777799301932, "params": {"gamma": 873.2045597886207, "log10_alpha": -3.5286983198529684, "log10_colsample_bytree": -0.3034278340992699, "log10_eta": -2.4473973751082982, "log10_lambda": -4.382707518911131, "log10_min_child_weight": 2.3917162929161484, "log10_subsample": -0.1686839954747611, "max_depth": 9.0, "num_boost_round": 17.0}, "datetime": {"datetime": "2024-01-19 00:56:32", "elapsed": 2697.235892, "delta": 0.003566}}
{"target": -13.75779047935821, "params": {"gamma": 873.2045597886207, "log10_alpha": -3.5286983198529684, "log10_colsample_bytree": -0.3034278340992699, "log10_eta": -2.4473973751082982, "log10_lambda": -4.382707518911131, "log10_min_child_weight": 2.3917162929161484, "log10_subsample": -0.1686839954747611, "max_depth": 9.0, "num_boost_round": 18.0}, "datetime": {"datetime": "2024-01-19 00:56:32", "elapsed": 2697.239362, "delta": 0.00347}}
{"target": -13.75854200885835, "params": {"gamma": 872.3032531137978, "log10_alpha": -2.3016065812010993, "log10_colsample_bytree": -0.6301388605628663, "log10_eta": -2.983777513802352, "log10_lambda": -4.702509455150661, "log10_min_child_weight": 0.5377147002546318, "log10_subsample": -0.8273429195271392, "max_depth": 6.0, "num_boost_round": 0.0}, "datetime": {"datetime": "2024-01-19 00:57:28", "elapsed": 2753.246885, "delta": 56.007523}}
{"target": -13.758464218404363, "params": {"gamma": 872.3032531137978, "log10_alpha": -2.3016065812010993, "log10_colsample_bytree": -0.6301388605628663, "log10_eta": -2.983777513802352, "log10_lambda": -4.702509455150661, "log10_min_child_weight": 0.5377147002546318, "log10_subsample": -0.8273429195271392, "max_depth": 6.0, "num_boost_round": 1.0}, "datetime": {"datetime": "2024-01-19 00:57:28", "elapsed": 2753.251187, "delta": 0.004302}}
{"target": -13.75845735030175, "params": {"gamma": 872.3032531137978, "log10_alpha": -2.3016065812010993, "log10_colsample_bytree": -0.6301388605628663, "log10_eta": -2.983777513802352, "log10_lambda": -4.702509455150661, "log10_min_child_weight": 0.5377147002546318, "log10_subsample": -0.8273429195271392, "max_depth": 6.0, "num_boost_round": 2.0}, "datetime": {"datetime": "2024-01-19 00:57:28", "elapsed": 2753.254815, "delta": 0.003628}}
{"target": -13.758417942098237, "params": {"gamma": 872.3032531137978, "log10_alpha": -2.3016065812010993, "log10_colsample_bytree": -0.6301388605628663, "log10_eta": -2.983777513802352, "log10_lambda": -4.702509455150661, "log10_min_child_weight": 0.5377147002546318, "log10_subsample": -0.8273429195271392, "max_depth": 6.0, "num_boost_round": 3.0}, "datetime": {"datetime": "2024-01-19 00:57:28", "elapsed": 2753.258241, "delta": 0.003426}}
{"target": -13.758391154542434, "params": {"gamma": 872.3032531137978, "log10_alpha": -2.3016065812010993, "log10_colsample_bytree": -0.6301388605628663, "log10_eta": -2.983777513802352, "log10_lambda": -4.702509455150661, "log10_min_child_weight": 0.5377147002546318, "log10_subsample": -0.8273429195271392, "max_depth": 6.0, "num_boost_round": 4.0}, "datetime": {"datetime": "2024-01-19 00:57:28", "elapsed": 2753.261645, "delta": 0.003404}}
{"target": -13.758341378661678, "params": {"gamma": 872.3032531137978, "log10_alpha": -2.3016065812010993, "log10_colsample_bytree": -0.6301388605628663, "log10_eta": -2.983777513802352, "log10_lambda": -4.702509455150661, "log10_min_child_weight": 0.5377147002546318, "log10_subsample": -0.8273429195271392, "max_depth": 6.0, "num_boost_round": 5.0}, "datetime": {"datetime": "2024-01-19 00:57:28", "elapsed": 2753.265071, "delta": 0.003426}}
{"target": -13.758313032852728, "params": {"gamma": 872.3032531137978, "log10_alpha": -2.3016065812010993, "log10_colsample_bytree": -0.6301388605628663, "log10_eta": -2.983777513802352, "log10_lambda": -4.702509455150661, "log10_min_child_weight": 0.5377147002546318, "log10_subsample": -0.8273429195271392, "max_depth": 6.0, "num_boost_round": 6.0}, "datetime": {"datetime": "2024-01-19 00:57:28", "elapsed": 2753.268485, "delta": 0.003414}}
{"target": -13.758286482607902, "params": {"gamma": 872.3032531137978, "log10_alpha": -2.3016065812010993, "log10_colsample_bytree": -0.6301388605628663, "log10_eta": -2.983777513802352, "log10_lambda": -4.702509455150661, "log10_min_child_weight": 0.5377147002546318, "log10_subsample": -0.8273429195271392, "max_depth": 6.0, "num_boost_round": 7.0}, "datetime": {"datetime": "2024-01-19 00:57:28", "elapsed": 2753.272051, "delta": 0.003566}}
{"target": -13.758295794850614, "params": {"gamma": 872.3032531137978, "log10_alpha": -2.3016065812010993, "log10_colsample_bytree": -0.6301388605628663, "log10_eta": -2.983777513802352, "log10_lambda": -4.702509455150661, "log10_min_child_weight": 0.5377147002546318, "log10_subsample": -0.8273429195271392, "max_depth": 6.0, "num_boost_round": 8.0}, "datetime": {"datetime": "2024-01-19 00:57:28", "elapsed": 2753.275578, "delta": 0.003527}}
{"target": -13.75826454961764, "params": {"gamma": 872.3032531137978, "log10_alpha": -2.3016065812010993, "log10_colsample_bytree": -0.6301388605628663, "log10_eta": -2.983777513802352, "log10_lambda": -4.702509455150661, "log10_min_child_weight": 0.5377147002546318, "log10_subsample": -0.8273429195271392, "max_depth": 6.0, "num_boost_round": 9.0}, "datetime": {"datetime": "2024-01-19 00:57:28", "elapsed": 2753.279018, "delta": 0.00344}}
{"target": -13.758225617915626, "params": {"gamma": 872.3032531137978, "log10_alpha": -2.3016065812010993, "log10_colsample_bytree": -0.6301388605628663, "log10_eta": -2.983777513802352, "log10_lambda": -4.702509455150661, "log10_min_child_weight": 0.5377147002546318, "log10_subsample": -0.8273429195271392, "max_depth": 6.0, "num_boost_round": 10.0}, "datetime": {"datetime": "2024-01-19 00:57:28", "elapsed": 2753.282416, "delta": 0.003398}}
{"target": -13.758199456470413, "params": {"gamma": 872.3032531137978, "log10_alpha": -2.3016065812010993, "log10_colsample_bytree": -0.6301388605628663, "log10_eta": -2.983777513802352, "log10_lambda": -4.702509455150661, "log10_min_child_weight": 0.5377147002546318, "log10_subsample": -0.8273429195271392, "max_depth": 6.0, "num_boost_round": 11.0}, "datetime": {"datetime": "2024-01-19 00:57:28", "elapsed": 2753.285822, "delta": 0.003406}}
{"target": -13.758201059451793, "params": {"gamma": 872.3032531137978, "log10_alpha": -2.3016065812010993, "log10_colsample_bytree": -0.6301388605628663, "log10_eta": -2.983777513802352, "log10_lambda": -4.702509455150661, "log10_min_child_weight": 0.5377147002546318, "log10_subsample": -0.8273429195271392, "max_depth": 6.0, "num_boost_round": 12.0}, "datetime": {"datetime": "2024-01-19 00:57:28", "elapsed": 2753.28927, "delta": 0.003448}}
{"target": -13.758206347788176, "params": {"gamma": 872.3032531137978, "log10_alpha": -2.3016065812010993, "log10_colsample_bytree": -0.6301388605628663, "log10_eta": -2.983777513802352, "log10_lambda": -4.702509455150661, "log10_min_child_weight": 0.5377147002546318, "log10_subsample": -0.8273429195271392, "max_depth": 6.0, "num_boost_round": 13.0}, "datetime": {"datetime": "2024-01-19 00:57:28", "elapsed": 2753.292907, "delta": 0.003637}}
{"target": -13.75817597036644, "params": {"gamma": 872.3032531137978, "log10_alpha": -2.3016065812010993, "log10_colsample_bytree": -0.6301388605628663, "log10_eta": -2.983777513802352, "log10_lambda": -4.702509455150661, "log10_min_child_weight": 0.5377147002546318, "log10_subsample": -0.8273429195271392, "max_depth": 6.0, "num_boost_round": 14.0}, "datetime": {"datetime": "2024-01-19 00:57:28", "elapsed": 2753.296345, "delta": 0.003438}}
{"target": -13.758167029354954, "params": {"gamma": 872.3032531137978, "log10_alpha": -2.3016065812010993, "log10_colsample_bytree": -0.6301388605628663, "log10_eta": -2.983777513802352, "log10_lambda": -4.702509455150661, "log10_min_child_weight": 0.5377147002546318, "log10_subsample": -0.8273429195271392, "max_depth": 6.0, "num_boost_round": 15.0}, "datetime": {"datetime": "2024-01-19 00:57:28", "elapsed": 2753.29974, "delta": 0.003395}}
{"target": -13.75816398550367, "params": {"gamma": 872.3032531137978, "log10_alpha": -2.3016065812010993, "log10_colsample_bytree": -0.6301388605628663, "log10_eta": -2.983777513802352, "log10_lambda": -4.702509455150661, "log10_min_child_weight": 0.5377147002546318, "log10_subsample": -0.8273429195271392, "max_depth": 6.0, "num_boost_round": 16.0}, "datetime": {"datetime": "2024-01-19 00:57:29", "elapsed": 2753.303146, "delta": 0.003406}}
{"target": -13.758151078303873, "params": {"gamma": 872.3032531137978, "log10_alpha": -2.3016065812010993, "log10_colsample_bytree": -0.6301388605628663, "log10_eta": -2.983777513802352, "log10_lambda": -4.702509455150661, "log10_min_child_weight": 0.5377147002546318, "log10_subsample": -0.8273429195271392, "max_depth": 6.0, "num_boost_round": 17.0}, "datetime": {"datetime": "2024-01-19 00:57:29", "elapsed": 2753.306571, "delta": 0.003425}}
{"target": -13.758152629726956, "params": {"gamma": 872.3032531137978, "log10_alpha": -2.3016065812010993, "log10_colsample_bytree": -0.6301388605628663, "log10_eta": -2.983777513802352, "log10_lambda": -4.702509455150661, "log10_min_child_weight": 0.5377147002546318, "log10_subsample": -0.8273429195271392, "max_depth": 6.0, "num_boost_round": 18.0}, "datetime": {"datetime": "2024-01-19 00:57:29", "elapsed": 2753.309992, "delta": 0.003421}}
{"target": -13.758168210249492, "params": {"gamma": 872.3032531137978, "log10_alpha": -2.3016065812010993, "log10_colsample_bytree": -0.6301388605628663, "log10_eta": -2.983777513802352, "log10_lambda": -4.702509455150661, "log10_min_child_weight": 0.5377147002546318, "log10_subsample": -0.8273429195271392, "max_depth": 6.0, "num_boost_round": 19.0}, "datetime": {"datetime": "2024-01-19 00:57:29", "elapsed": 2753.313618, "delta": 0.003626}}
{"target": -13.758131562193201, "params": {"gamma": 872.3032531137978, "log10_alpha": -2.3016065812010993, "log10_colsample_bytree": -0.6301388605628663, "log10_eta": -2.983777513802352, "log10_lambda": -4.702509455150661, "log10_min_child_weight": 0.5377147002546318, "log10_subsample": -0.8273429195271392, "max_depth": 6.0, "num_boost_round": 20.0}, "datetime": {"datetime": "2024-01-19 00:57:29", "elapsed": 2753.317096, "delta": 0.003478}}
{"target": -13.758097870019576, "params": {"gamma": 872.3032531137978, "log10_alpha": -2.3016065812010993, "log10_colsample_bytree": -0.6301388605628663, "log10_eta": -2.983777513802352, "log10_lambda": -4.702509455150661, "log10_min_child_weight": 0.5377147002546318, "log10_subsample": -0.8273429195271392, "max_depth": 6.0, "num_boost_round": 21.0}, "datetime": {"datetime": "2024-01-19 00:57:29", "elapsed": 2753.320515, "delta": 0.003419}}
{"target": -13.758055573471081, "params": {"gamma": 872.3032531137978, "log10_alpha": -2.3016065812010993, "log10_colsample_bytree": -0.6301388605628663, "log10_eta": -2.983777513802352, "log10_lambda": -4.702509455150661, "log10_min_child_weight": 0.5377147002546318, "log10_subsample": -0.8273429195271392, "max_depth": 6.0, "num_boost_round": 22.0}, "datetime": {"datetime": "2024-01-19 00:57:29", "elapsed": 2753.323942, "delta": 0.003427}}
{"target": -13.758033615248165, "params": {"gamma": 872.3032531137978, "log10_alpha": -2.3016065812010993, "log10_colsample_bytree": -0.6301388605628663, "log10_eta": -2.983777513802352, "log10_lambda": -4.702509455150661, "log10_min_child_weight": 0.5377147002546318, "log10_subsample": -0.8273429195271392, "max_depth": 6.0, "num_boost_round": 23.0}, "datetime": {"datetime": "2024-01-19 00:57:29", "elapsed": 2753.327346, "delta": 0.003404}}
{"target": -13.758021013429008, "params": {"gamma": 872.3032531137978, "log10_alpha": -2.3016065812010993, "log10_colsample_bytree": -0.6301388605628663, "log10_eta": -2.983777513802352, "log10_lambda": -4.702509455150661, "log10_min_child_weight": 0.5377147002546318, "log10_subsample": -0.8273429195271392, "max_depth": 6.0, "num_boost_round": 24.0}, "datetime": {"datetime": "2024-01-19 00:57:29", "elapsed": 2753.330859, "delta": 0.003513}}
{"target": -13.758005748014673, "params": {"gamma": 872.3032531137978, "log10_alpha": -2.3016065812010993, "log10_colsample_bytree": -0.6301388605628663, "log10_eta": -2.983777513802352, "log10_lambda": -4.702509455150661, "log10_min_child_weight": 0.5377147002546318, "log10_subsample": -0.8273429195271392, "max_depth": 6.0, "num_boost_round": 25.0}, "datetime": {"datetime": "2024-01-19 00:57:29", "elapsed": 2753.334598, "delta": 0.003739}}
{"target": -13.757970898576861, "params": {"gamma": 872.3032531137978, "log10_alpha": -2.3016065812010993, "log10_colsample_bytree": -0.6301388605628663, "log10_eta": -2.983777513802352, "log10_lambda": -4.702509455150661, "log10_min_child_weight": 0.5377147002546318, "log10_subsample": -0.8273429195271392, "max_depth": 6.0, "num_boost_round": 26.0}, "datetime": {"datetime": "2024-01-19 00:57:29", "elapsed": 2753.338166, "delta": 0.003568}}
{"target": -13.757985642239207, "params": {"gamma": 872.3032531137978, "log10_alpha": -2.3016065812010993, "log10_colsample_bytree": -0.6301388605628663, "log10_eta": -2.983777513802352, "log10_lambda": -4.702509455150661, "log10_min_child_weight": 0.5377147002546318, "log10_subsample": -0.8273429195271392, "max_depth": 6.0, "num_boost_round": 27.0}, "datetime": {"datetime": "2024-01-19 00:57:29", "elapsed": 2753.341814, "delta": 0.003648}}
{"target": -13.757935800025484, "params": {"gamma": 872.3032531137978, "log10_alpha": -2.3016065812010993, "log10_colsample_bytree": -0.6301388605628663, "log10_eta": -2.983777513802352, "log10_lambda": -4.702509455150661, "log10_min_child_weight": 0.5377147002546318, "log10_subsample": -0.8273429195271392, "max_depth": 6.0, "num_boost_round": 28.0}, "datetime": {"datetime": "2024-01-19 00:57:29", "elapsed": 2753.345432, "delta": 0.003618}}
{"target": -13.757910281202387, "params": {"gamma": 872.3032531137978, "log10_alpha": -2.3016065812010993, "log10_colsample_bytree": -0.6301388605628663, "log10_eta": -2.983777513802352, "log10_lambda": -4.702509455150661, "log10_min_child_weight": 0.5377147002546318, "log10_subsample": -0.8273429195271392, "max_depth": 6.0, "num_boost_round": 29.0}, "datetime": {"datetime": "2024-01-19 00:57:29", "elapsed": 2753.34887, "delta": 0.003438}}
{"target": -13.757902359875901, "params": {"gamma": 872.3032531137978, "log10_alpha": -2.3016065812010993, "log10_colsample_bytree": -0.6301388605628663, "log10_eta": -2.983777513802352, "log10_lambda": -4.702509455150661, "log10_min_child_weight": 0.5377147002546318, "log10_subsample": -0.8273429195271392, "max_depth": 6.0, "num_boost_round": 30.0}, "datetime": {"datetime": "2024-01-19 00:57:29", "elapsed": 2753.35255, "delta": 0.00368}}
{"target": -13.757856303810183, "params": {"gamma": 872.3032531137978, "log10_alpha": -2.3016065812010993, "log10_colsample_bytree": -0.6301388605628663, "log10_eta": -2.983777513802352, "log10_lambda": -4.702509455150661, "log10_min_child_weight": 0.5377147002546318, "log10_subsample": -0.8273429195271392, "max_depth": 6.0, "num_boost_round": 31.0}, "datetime": {"datetime": "2024-01-19 00:57:29", "elapsed": 2753.356021, "delta": 0.003471}}
{"target": -13.757785745649374, "params": {"gamma": 872.3032531137978, "log10_alpha": -2.3016065812010993, "log10_colsample_bytree": -0.6301388605628663, "log10_eta": -2.983777513802352, "log10_lambda": -4.702509455150661, "log10_min_child_weight": 0.5377147002546318, "log10_subsample": -0.8273429195271392, "max_depth": 6.0, "num_boost_round": 32.0}, "datetime": {"datetime": "2024-01-19 00:57:29", "elapsed": 2753.359448, "delta": 0.003427}}
