{"target": -13.758464432760926, "params": {"gamma": 548.8135039273247, "log10_alpha": -0.7088638017654834, "log10_colsample_bytree": -0.3972366239283561, "log10_eta": -1.8204672680124125, "log10_lambda": -2.458071203966572, "log10_min_child_weight": 3.2294705653332807, "log10_subsample": -0.5624127887373075, "max_depth": 9.0, "num_boost_round": 0.0}, "datetime": {"datetime": "2024-01-19 00:12:27", "elapsed": 0.0, "delta": 0.0}}
{"target": -13.758150156153306, "params": {"gamma": 548.8135039273247, "log10_alpha": -0.7088638017654834, "log10_colsample_bytree": -0.3972366239283561, "log10_eta": -1.8204672680124125, "log10_lambda": -2.458071203966572, "log10_min_child_weight": 3.2294705653332807, "log10_subsample": -0.5624127887373075, "max_depth": 9.0, "num_boost_round": 1.0}, "datetime": {"datetime": "2024-01-19 00:12:27", "elapsed": 0.017566, "delta": 0.017566}}
{"target": -13.757714748453482, "params": {"gamma": 548.8135039273247, "log10_alpha": -0.7088638017654834, "log10_colsample_bytree": -0.3972366239283561, "log10_eta": -1.8204672680124125, "log10_lambda": -2.458071203966572, "log10_min_child_weight": 3.2294705653332807, "log10_subsample": -0.5624127887373075, "max_depth": 9.0, "num_boost_round": 2.0}, "datetime": {"datetime": "2024-01-19 00:12:27", "elapsed": 0.017758, "delta": 0.000192}}
{"target": -13.757799570651564, "params": {"gamma": 548.8135039273247, "log10_alpha": -0.7088638017654834, "log10_colsample_bytree": -0.3972366239283561, "log10_eta": -1.8204672680124125, "log10_lambda": -2.458071203966572, "log10_min_child_weight": 3.2294705653332807, "log10_subsample": -0.5624127887373075, "max_depth": 9.0, "num_boost_round": 3.0}, "datetime": {"datetime": "2024-01-19 00:12:27", "elapsed": 0.017912, "delta": 0.000154}}
{"target": -13.75739145996574, "params": {"gamma": 548.8135039273247, "log10_alpha": -0.7088638017654834, "log10_colsample_bytree": -0.3972366239283561, "log10_eta": -1.8204672680124125, "log10_lambda": -2.458071203966572, "log10_min_child_weight": 3.2294705653332807, "log10_subsample": -0.5624127887373075, "max_depth": 9.0, "num_boost_round": 4.0}, "datetime": {"datetime": "2024-01-19 00:12:27", "elapsed": 0.018057, "delta": 0.000145}}
{"target": -13.757556987636942, "params": {"gamma": 548.8135039273247, "log10_alpha": -0.7088638017654834, "log10_colsample_bytree": -0.3972366239283561, "log10_eta": -1.8204672680124125, "log10_lambda": -2.458071203966572, "log10_min_child_weight": 3.2294705653332807, "log10_subsample": -0.5624127887373075, "max_depth": 9.0, "num_boost_round": 5.0}, "datetime": {"datetime": "2024-01-19 00:12:27", "elapsed": 0.018199, "delta": 0.000142}}
{"target": -13.758046419804462, "params": {"gamma": 548.8135039273247, "log10_alpha": -0.7088638017654834, "log10_colsample_bytree": -0.3972366239283561, "log10_eta": -1.8204672680124125, "log10_lambda": -2.458071203966572, "log10_min_child_weight": 3.2294705653332807, "log10_subsample": -0.5624127887373075, "max_depth": 9.0, "num_boost_round": 6.0}, "datetime": {"datetime": "2024-01-19 00:12:27", "elapsed": 0.018349, "delta": 0.00015}}
{"target": -13.758098344002295, "params": {"gamma": 548.8135039273247, "log10_alpha": -0.7088638017654834, "log10_colsample_bytree": -0.3972366239283561, "log10_eta": -1.8204672680124125, "log10_lambda": -2.458071203966572, "log10_min_child_weight": 3.2294705653332807, "log10_subsample": -0.5624127887373075, "max_depth": 9.0, "num_boost_round": 7.0}, "datetime": {"datetime": "2024-01-19 00:12:27", "elapsed": 0.018505, "delta": 0.000156}}
{"target": -13.75766241316191, "params": {"gamma": 548.8135039273247, "log10_alpha": -0.7088638017654834, "log10_colsample_bytree": -0.3972366239283561, "log10_eta": -1.8204672680124125, "log10_lambda": -2.458071203966572, "log10_min_child_weight": 3.2294705653332807, "log10_subsample": -0.5624127887373075, "max_depth": 9.0, "num_boost_round": 8.0}, "datetime": {"datetime": "2024-01-19 00:12:27", "elapsed": 0.018667, "delta": 0.000162}}
{"target": -13.75790036067349, "params": {"gamma": 548.8135039273247, "log10_alpha": -0.7088638017654834, "log10_colsample_bytree": -0.3972366239283561, "log10_eta": -1.8204672680124125, "log10_lambda": -2.458071203966572, "log10_min_child_weight": 3.2294705653332807, "log10_subsample": -0.5624127887373075, "max_depth": 9.0, "num_boost_round": 9.0}, "datetime": {"datetime": "2024-01-19 00:12:27", "elapsed": 0.022362, "delta": 0.003695}}
{"target": -13.757815511959404, "params": {"gamma": 548.8135039273247, "log10_alpha": -0.7088638017654834, "log10_colsample_bytree": -0.3972366239283561, "log10_eta": -1.8204672680124125, "log10_lambda": -2.458071203966572, "log10_min_child_weight": 3.2294705653332807, "log10_subsample": -0.5624127887373075, "max_depth": 9.0, "num_boost_round": 10.0}, "datetime": {"datetime": "2024-01-19 00:12:27", "elapsed": 0.022533, "delta": 0.000171}}
{"target": -13.757729455498566, "params": {"gamma": 548.8135039273247, "log10_alpha": -0.7088638017654834, "log10_colsample_bytree": -0.3972366239283561, "log10_eta": -1.8204672680124125, "log10_lambda": -2.458071203966572, "log10_min_child_weight": 3.2294705653332807, "log10_subsample": -0.5624127887373075, "max_depth": 9.0, "num_boost_round": 11.0}, "datetime": {"datetime": "2024-01-19 00:12:27", "elapsed": 0.022684, "delta": 0.000151}}
{"target": -13.757800916281983, "params": {"gamma": 548.8135039273247, "log10_alpha": -0.7088638017654834, "log10_colsample_bytree": -0.3972366239283561, "log10_eta": -1.8204672680124125, "log10_lambda": -2.458071203966572, "log10_min_child_weight": 3.2294705653332807, "log10_subsample": -0.5624127887373075, "max_depth": 9.0, "num_boost_round": 12.0}, "datetime": {"datetime": "2024-01-19 00:12:27", "elapsed": 0.022831, "delta": 0.000147}}
{"target": -13.757476357569375, "params": {"gamma": 548.8135039273247, "log10_alpha": -0.7088638017654834, "log10_colsample_bytree": -0.3972366239283561, "log10_eta": -1.8204672680124125, "log10_lambda": -2.458071203966572, "log10_min_child_weight": 3.2294705653332807, "log10_subsample": -0.5624127887373075, "max_depth": 9.0, "num_boost_round": 13.0}, "datetime": {"datetime": "2024-01-19 00:12:27", "elapsed": 0.022979, "delta": 0.000148}}
{"target": -13.757532534959305, "params": {"gamma": 548.8135039273247, "log10_alpha": -0.7088638017654834, "log10_colsample_bytree": -0.3972366239283561, "log10_eta": -1.8204672680124125, "log10_lambda": -2.458071203966572, "log10_min_child_weight": 3.2294705653332807, "log10_subsample": -0.5624127887373075, "max_depth": 9.0, "num_boost_round": 14.0}, "datetime": {"datetime": "2024-01-19 00:12:27", "elapsed": 0.023121, "delta": 0.000142}}
{"target": -13.757542209614327, "params": {"gamma": 548.8135039273247, "log10_alpha": -0.7088638017654834, "log10_colsample_bytree": -0.3972366239283561, "log10_eta": -1.8204672680124125, "log10_lambda": -2.458071203966572, "log10_min_child_weight": 3.2294705653332807, "log10_subsample": -0.5624127887373075, "max_depth": 9.0, "num_boost_round": 15.0}, "datetime": {"datetime": "2024-01-19 00:12:27", "elapsed": 0.023265, "delta": 0.000144}}
{"target": -13.757344717748738, "params": {"gamma": 548.8135039273247, "log10_alpha": -0.7088638017654834, "log10_colsample_bytree": -0.3972366239283561, "log10_eta": -1.8204672680124125, "log10_lambda": -2.458071203966572, "log10_min_child_weight": 3.2294705653332807, "log10_subsample": -0.5624127887373075, "max_depth": 9.0, "num_boost_round": 16.0}, "datetime": {"datetime": "2024-01-19 00:12:27", "elapsed": 0.02342, "delta": 0.000155}}
{"target": -13.757595280010841, "params": {"gamma": 548.8135039273247, "log10_alpha": -0.7088638017654834, "log10_colsample_bytree": -0.3972366239283561, "log10_eta": -1.8204672680124125, "log10_lambda": -2.458071203966572, "log10_min_child_weight": 3.2294705653332807, "log10_subsample": -0.5624127887373075, "max_depth": 9.0, "num_boost_round": 17.0}, "datetime": {"datetime": "2024-01-19 00:12:27", "elapsed": 0.023565, "delta": 0.000145}}
{"target": -13.757737967599779, "params": {"gamma": 548.8135039273247, "log10_alpha": -0.7088638017654834, "log10_colsample_bytree": -0.3972366239283561, "log10_eta": -1.8204672680124125, "log10_lambda": -2.458071203966572, "log10_min_child_weight": 3.2294705653332807, "log10_subsample": -0.5624127887373075, "max_depth": 9.0, "num_boost_round": 18.0}, "datetime": {"datetime": "2024-01-19 00:12:27", "elapsed": 0.023711, "delta": 0.000146}}
{"target": -13.757683378519324, "params": {"gamma": 548.8135039273247, "log10_alpha": -0.7088638017654834, "log10_colsample_bytree": -0.3972366239283561, "log10_eta": -1.8204672680124125, "log10_lambda": -2.458071203966572, "log10_min_child_weight": 3.2294705653332807, "log10_subsample": -0.5624127887373075, "max_depth": 9.0, "num_boost_round": 19.0}, "datetime": {"datetime": "2024-01-19 00:12:27", "elapsed": 0.023862, "delta": 0.000151}}
{"target": -13.757729781831447, "params": {"gamma": 548.8135039273247, "log10_alpha": -0.7088638017654834, "log10_colsample_bytree": -0.3972366239283561, "log10_eta": -1.8204672680124125, "log10_lambda": -2.458071203966572, "log10_min_child_weight": 3.2294705653332807, "log10_subsample": -0.5624127887373075, "max_depth": 9.0, "num_boost_round": 20.0}, "datetime": {"datetime": "2024-01-19 00:12:27", "elapsed": 0.024011, "delta": 0.000149}}
{"target": -13.757596947798097, "params": {"gamma": 548.8135039273247, "log10_alpha": -0.7088638017654834, "log10_colsample_bytree": -0.3972366239283561, "log10_eta": -1.8204672680124125, "log10_lambda": -2.458071203966572, "log10_min_child_weight": 3.2294705653332807, "log10_subsample": -0.5624127887373075, "max_depth": 9.0, "num_boost_round": 21.0}, "datetime": {"datetime": "2024-01-19 00:12:27", "elapsed": 0.024162, "delta": 0.000151}}
{"target": -13.757654965438627, "params": {"gamma": 548.8135039273247, "log10_alpha": -0.7088638017654834, "log10_colsample_bytree": -0.3972366239283561, "log10_eta": -1.8204672680124125, "log10_lambda": -2.458071203966572, "log10_min_child_weight": 3.2294705653332807, "log10_subsample": -0.5624127887373075, "max_depth": 9.0, "num_boost_round": 22.0}, "datetime": {"datetime": "2024-01-19 00:12:27", "elapsed": 0.024317, "delta": 0.000155}}
{"target": -13.757437899395153, "params": {"gamma": 548.8135039273247, "log10_alpha": -0.7088638017654834, "log10_colsample_bytree": -0.3972366239283561, "log10_eta": -1.8204672680124125, "log10_lambda": -2.458071203966572, "log10_min_child_weight": 3.2294705653332807, "log10_subsample": -0.5624127887373075, "max_depth": 9.0, "num_boost_round": 23.0}, "datetime": {"datetime": "2024-01-19 00:12:27", "elapsed": 0.024476, "delta": 0.000159}}
{"target": -13.757866632434924, "params": {"gamma": 548.8135039273247, "log10_alpha": -0.7088638017654834, "log10_colsample_bytree": -0.3972366239283561, "log10_eta": -1.8204672680124125, "log10_lambda": -2.458071203966572, "log10_min_child_weight": 3.2294705653332807, "log10_subsample": -0.5624127887373075, "max_depth": 9.0, "num_boost_round": 24.0}, "datetime": {"datetime": "2024-01-19 00:12:27", "elapsed": 0.024634, "delta": 0.000158}}
{"target": -13.7579113940288, "params": {"gamma": 548.8135039273247, "log10_alpha": -0.7088638017654834, "log10_colsample_bytree": -0.3972366239283561, "log10_eta": -1.8204672680124125, "log10_lambda": -2.458071203966572, "log10_min_child_weight": 3.2294705653332807, "log10_subsample": -0.5624127887373075, "max_depth": 9.0, "num_boost_round": 25.0}, "datetime": {"datetime": "2024-01-19 00:12:27", "elapsed": 0.024791, "delta": 0.000157}}
{"target": -13.758052378522237, "params": {"gamma": 548.8135039273247, "log10_alpha": -0.7088638017654834, "log10_colsample_bytree": -0.3972366239283561, "log10_eta": -1.8204672680124125, "log10_lambda": -2.458071203966572, "log10_min_child_weight": 3.2294705653332807, "log10_subsample": -0.5624127887373075, "max_depth": 9.0, "num_boost_round": 26.0}, "datetime": {"datetime": "2024-01-19 00:12:27", "elapsed": 0.024947, "delta": 0.000156}}
{"target": -13.758058376443941, "params": {"gamma": 548.8135039273247, "log10_alpha": -0.7088638017654834, "log10_colsample_bytree": -0.3972366239283561, "log10_eta": -1.8204672680124125, "log10_lambda": -2.458071203966572, "log10_min_child_weight": 3.2294705653332807, "log10_subsample": -0.5624127887373075, "max_depth": 9.0, "num_boost_round": 27.0}, "datetime": {"datetime": "2024-01-19 00:12:27", "elapsed": 0.025104, "delta": 0.000157}}
{"target": -13.758223878613157, "params": {"gamma": 548.8135039273247, "log10_alpha": -0.7088638017654834, "log10_colsample_bytree": -0.3972366239283561, "log10_eta": -1.8204672680124125, "log10_lambda": -2.458071203966572, "log10_min_child_weight": 3.2294705653332807, "log10_subsample": -0.5624127887373075, "max_depth": 9.0, "num_boost_round": 28.0}, "datetime": {"datetime": "2024-01-19 00:12:27", "elapsed": 0.025264, "delta": 0.00016}}
{"target": -13.758001778430701, "params": {"gamma": 548.8135039273247, "log10_alpha": -0.7088638017654834, "log10_colsample_bytree": -0.3972366239283561, "log10_eta": -1.8204672680124125, "log10_lambda": -2.458071203966572, "log10_min_child_weight": 3.2294705653332807, "log10_subsample": -0.5624127887373075, "max_depth": 9.0, "num_boost_round": 29.0}, "datetime": {"datetime": "2024-01-19 00:12:27", "elapsed": 0.025442, "delta": 0.000178}}
{"target": -13.758383053616841, "params": {"gamma": 548.8135039273247, "log10_alpha": -0.7088638017654834, "log10_colsample_bytree": -0.3972366239283561, "log10_eta": -1.8204672680124125, "log10_lambda": -2.458071203966572, "log10_min_child_weight": 3.2294705653332807, "log10_subsample": -0.5624127887373075, "max_depth": 9.0, "num_boost_round": 30.0}, "datetime": {"datetime": "2024-01-19 00:12:27", "elapsed": 0.025606, "delta": 0.000164}}
{"target": -13.758225699044994, "params": {"gamma": 548.8135039273247, "log10_alpha": -0.7088638017654834, "log10_colsample_bytree": -0.3972366239283561, "log10_eta": -1.8204672680124125, "log10_lambda": -2.458071203966572, "log10_min_child_weight": 3.2294705653332807, "log10_subsample": -0.5624127887373075, "max_depth": 9.0, "num_boost_round": 31.0}, "datetime": {"datetime": "2024-01-19 00:12:27", "elapsed": 0.02577, "delta": 0.000164}}
{"target": -13.75846072826893, "params": {"gamma": 548.8135039273247, "log10_alpha": -0.7088638017654834, "log10_colsample_bytree": -0.3972366239283561, "log10_eta": -1.8204672680124125, "log10_lambda": -2.458071203966572, "log10_min_child_weight": 3.2294705653332807, "log10_subsample": -0.5624127887373075, "max_depth": 9.0, "num_boost_round": 32.0}, "datetime": {"datetime": "2024-01-19 00:12:27", "elapsed": 0.025939, "delta": 0.000169}}
{"target": -13.759180862868284, "params": {"gamma": 548.8135039273247, "log10_alpha": -0.7088638017654834, "log10_colsample_bytree": -0.3972366239283561, "log10_eta": -1.8204672680124125, "log10_lambda": -2.458071203966572, "log10_min_child_weight": 3.2294705653332807, "log10_subsample": -0.5624127887373075, "max_depth": 9.0, "num_boost_round": 33.0}, "datetime": {"datetime": "2024-01-19 00:12:27", "elapsed": 0.026113, "delta": 0.000174}}
{"target": -13.75951817802561, "params": {"gamma": 548.8135039273247, "log10_alpha": -0.7088638017654834, "log10_colsample_bytree": -0.3972366239283561, "log10_eta": -1.8204672680124125, "log10_lambda": -2.458071203966572, "log10_min_child_weight": 3.2294705653332807, "log10_subsample": -0.5624127887373075, "max_depth": 9.0, "num_boost_round": 34.0}, "datetime": {"datetime": "2024-01-19 00:12:27", "elapsed": 0.026295, "delta": 0.000182}}
{"target": -13.759884673848553, "params": {"gamma": 548.8135039273247, "log10_alpha": -0.7088638017654834, "log10_colsample_bytree": -0.3972366239283561, "log10_eta": -1.8204672680124125, "log10_lambda": -2.458071203966572, "log10_min_child_weight": 3.2294705653332807, "log10_subsample": -0.5624127887373075, "max_depth": 9.0, "num_boost_round": 35.0}, "datetime": {"datetime": "2024-01-19 00:12:27", "elapsed": 0.02647, "delta": 0.000175}}
{"target": -13.760334759701998, "params": {"gamma": 548.8135039273247, "log10_alpha": -0.7088638017654834, "log10_colsample_bytree": -0.3972366239283561, "log10_eta": -1.8204672680124125, "log10_lambda": -2.458071203966572, "log10_min_child_weight": 3.2294705653332807, "log10_subsample": -0.5624127887373075, "max_depth": 9.0, "num_boost_round": 36.0}, "datetime": {"datetime": "2024-01-19 00:12:27", "elapsed": 0.026643, "delta": 0.000173}}
{"target": -13.760976034834558, "params": {"gamma": 548.8135039273247, "log10_alpha": -0.7088638017654834, "log10_colsample_bytree": -0.3972366239283561, "log10_eta": -1.8204672680124125, "log10_lambda": -2.458071203966572, "log10_min_child_weight": 3.2294705653332807, "log10_subsample": -0.5624127887373075, "max_depth": 9.0, "num_boost_round": 37.0}, "datetime": {"datetime": "2024-01-19 00:12:27", "elapsed": 0.026817, "delta": 0.000174}}
{"target": -13.761411388459194, "params": {"gamma": 548.8135039273247, "log10_alpha": -0.7088638017654834, "log10_colsample_bytree": -0.3972366239283561, "log10_eta": -1.8204672680124125, "log10_lambda": -2.458071203966572, "log10_min_child_weight": 3.2294705653332807, "log10_subsample": -0.5624127887373075, "max_depth": 9.0, "num_boost_round": 38.0}, "datetime": {"datetime": "2024-01-19 00:12:27", "elapsed": 0.026996, "delta": 0.000179}}
{"target": -13.761511382270577, "params": {"gamma": 548.8135039273247, "log10_alpha": -0.7088638017654834, "log10_colsample_bytree": -0.3972366239283561, "log10_eta": -1.8204672680124125, "log10_lambda": -2.458071203966572, "log10_min_child_weight": 3.2294705653332807, "log10_subsample": -0.5624127887373075, "max_depth": 9.0, "num_boost_round": 39.0}, "datetime": {"datetime": "2024-01-19 00:12:27", "elapsed": 0.027178, "delta": 0.000182}}
{"target": -13.762284021598193, "params": {"gamma": 548.8135039273247, "log10_alpha": -0.7088638017654834, "log10_colsample_bytree": -0.3972366239283561, "log10_eta": -1.8204672680124125, "log10_lambda": -2.458071203966572, "log10_min_child_weight": 3.2294705653332807, "log10_subsample": -0.5624127887373075, "max_depth": 9.0, "num_boost_round": 40.0}, "datetime": {"datetime": "2024-01-19 00:12:27", "elapsed": 0.027366, "delta": 0.000188}}
{"target": -13.762260697351918, "params": {"gamma": 548.8135039273247, "log10_alpha": -0.7088638017654834, "log10_colsample_bytree": -0.3972366239283561, "log10_eta": -1.8204672680124125, "log10_lambda": -2.458071203966572, "log10_min_child_weight": 3.2294705653332807, "log10_subsample": -0.5624127887373075, "max_depth": 9.0, "num_boost_round": 41.0}, "datetime": {"datetime": "2024-01-19 00:12:27", "elapsed": 0.027549, "delta": 0.000183}}
{"target": -13.762651060809276, "params": {"gamma": 548.8135039273247, "log10_alpha": -0.7088638017654834, "log10_colsample_bytree": -0.3972366239283561, "log10_eta": -1.8204672680124125, "log10_lambda": -2.458071203966572, "log10_min_child_weight": 3.2294705653332807, "log10_subsample": -0.5624127887373075, "max_depth": 9.0, "num_boost_round": 42.0}, "datetime": {"datetime": "2024-01-19 00:12:27", "elapsed": 0.027737, "delta": 0.000188}}
{"target": -13.76349586555113, "params": {"gamma": 548.8135039273247, "log10_alpha": -0.7088638017654834, "log10_colsample_bytree": -0.3972366239283561, "log10_eta": -1.8204672680124125, "log10_lambda": -2.458071203966572, "log10_min_child_weight": 3.2294705653332807, "log10_subsample": -0.5624127887373075, "max_depth": 9.0, "num_boost_round": 43.0}, "datetime": {"datetime": "2024-01-19 00:12:27", "elapsed": 0.027926, "delta": 0.000189}}
{"target": -13.764076652486974, "params": {"gamma": 548.8135039273247, "log10_alpha": -0.7088638017654834, "log10_colsample_bytree": -0.3972366239283561, "log10_eta": -1.8204672680124125, "log10_lambda": -2.458071203966572, "log10_min_child_weight": 3.2294705653332807, "log10_subsample": -0.5624127887373075, "max_depth": 9.0, "num_boost_round": 44.0}, "datetime": {"datetime": "2024-01-19 00:12:27", "elapsed": 0.028116, "delta": 0.00019}}
{"target": -13.76444305601273, "params": {"gamma": 548.8135039273247, "log10_alpha": -0.7088638017654834, "log10_colsample_bytree": -0.3972366239283561, "log10_eta": -1.8204672680124125, "log10_lambda": -2.458071203966572, "log10_min_child_weight": 3.2294705653332807, "log10_subsample": -0.5624127887373075, "max_depth": 9.0, "num_boost_round": 45.0}, "datetime": {"datetime": "2024-01-19 00:12:27", "elapsed": 0.028309, "delta": 0.000193}}
{"target": -13.764763156625069, "params": {"gamma": 548.8135039273247, "log10_alpha": -0.7088638017654834, "log10_colsample_bytree": -0.3972366239283561, "log10_eta": -1.8204672680124125, "log10_lambda": -2.458071203966572, "log10_min_child_weight": 3.2294705653332807, "log10_subsample": -0.5624127887373075, "max_depth": 9.0, "num_boost_round": 46.0}, "datetime": {"datetime": "2024-01-19 00:12:27", "elapsed": 0.028501, "delta": 0.000192}}
{"target": -13.76481895981782, "params": {"gamma": 548.8135039273247, "log10_alpha": -0.7088638017654834, "log10_colsample_bytree": -0.3972366239283561, "log10_eta": -1.8204672680124125, "log10_lambda": -2.458071203966572, "log10_min_child_weight": 3.2294705653332807, "log10_subsample": -0.5624127887373075, "max_depth": 9.0, "num_boost_round": 47.0}, "datetime": {"datetime": "2024-01-19 00:12:27", "elapsed": 0.028698, "delta": 0.000197}}
{"target": -13.765271960179401, "params": {"gamma": 548.8135039273247, "log10_alpha": -0.7088638017654834, "log10_colsample_bytree": -0.3972366239283561, "log10_eta": -1.8204672680124125, "log10_lambda": -2.458071203966572, "log10_min_child_weight": 3.2294705653332807, "log10_subsample": -0.5624127887373075, "max_depth": 9.0, "num_boost_round": 48.0}, "datetime": {"datetime": "2024-01-19 00:12:27", "elapsed": 0.028897, "delta": 0.000199}}
