{"target": -13.758538008008564, "params": {"gamma": 869.7615871710161, "log10_alpha": -4.338038412484077, "log10_colsample_bytree": -0.4116625022069299, "log10_eta": -3.8162937926180907, "log10_lambda": -4.995913009574402, "log10_min_child_weight": 4.71898881196142, "log10_subsample": -0.21884946653876935, "max_depth": 9.0, "num_boost_round": 0.0}, "datetime": {"datetime": "2024-01-19 02:42:02", "elapsed": 9042.049984, "delta": 112.530375}}
{"target": -13.758537015243643, "params": {"gamma": 869.7615871710161, "log10_alpha": -4.338038412484077, "log10_colsample_bytree": -0.4116625022069299, "log10_eta": -3.8162937926180907, "log10_lambda": -4.995913009574402, "log10_min_child_weight": 4.71898881196142, "log10_subsample": -0.21884946653876935, "max_depth": 9.0, "num_boost_round": 1.0}, "datetime": {"datetime": "2024-01-19 02:42:02", "elapsed": 9042.057504, "delta": 0.00752}}
{"target": -13.758537291660062, "params": {"gamma": 869.7615871710161, "log10_alpha": -4.338038412484077, "log10_colsample_bytree": -0.4116625022069299, "log10_eta": -3.8162937926180907, "log10_lambda": -4.995913009574402, "log10_min_child_weight": 4.71898881196142, "log10_subsample": -0.21884946653876935, "max_depth": 9.0, "num_boost_round": 2.0}, "datetime": {"datetime": "2024-01-19 02:42:02", "elapsed": 9042.063649, "delta": 0.006145}}
{"target": -13.758537521418845, "params": {"gamma": 869.7615871710161, "log10_alpha": -4.338038412484077, "log10_colsample_bytree": -0.4116625022069299, "log10_eta": -3.8162937926180907, "log10_lambda": -4.995913009574402, "log10_min_child_weight": 4.71898881196142, "log10_subsample": -0.21884946653876935, "max_depth": 9.0, "num_boost_round": 3.0}, "datetime": {"datetime": "2024-01-19 02:42:02", "elapsed": 9042.069995, "delta": 0.006346}}
{"target": -13.758536596916045, "params": {"gamma": 869.7615871710161, "log10_alpha": -4.338038412484077, "log10_colsample_bytree": -0.4116625022069299, "log10_eta": -3.8162937926180907, "log10_lambda": -4.995913009574402, "log10_min_child_weight": 4.71898881196142, "log10_subsample": -0.21884946653876935, "max_depth": 9.0, "num_boost_round": 4.0}, "datetime": {"datetime": "2024-01-19 02:42:02", "elapsed": 9042.076409, "delta": 0.006414}}
{"target": -13.758535979572898, "params": {"gamma": 869.7615871710161, "log10_alpha": -4.338038412484077, "log10_colsample_bytree": -0.4116625022069299, "log10_eta": -3.8162937926180907, "log10_lambda": -4.995913009574402, "log10_min_child_weight": 4.71898881196142, "log10_subsample": -0.21884946653876935, "max_depth": 9.0, "num_boost_round": 5.0}, "datetime": {"datetime": "2024-01-19 02:42:02", "elapsed": 9042.082499, "delta": 0.00609}}
{"target": -13.758536120891463, "params": {"gamma": 869.7615871710161, "log10_alpha": -4.338038412484077, "log10_colsample_bytree": -0.4116625022069299, "log10_eta": -3.8162937926180907, "log10_lambda": -4.995913009574402, "log10_min_child_weight": 4.71898881196142, "log10_subsample": -0.21884946653876935, "max_depth": 9.0, "num_boost_round": 6.0}, "datetime": {"datetime": "2024-01-19 02:42:02", "elapsed": 9042.088749, "delta": 0.00625}}
{"target": -13.758535337454289, "params": {"gamma": 869.7615871710161, "log10_alpha": -4.338038412484077, "log10_colsample_bytree": -0.4116625022069299, "log10_eta": -3.8162937926180907, "log10_lambda": -4.995913009574402, "log10_min_child_weight": 4.71898881196142, "log10_subsample": -0.21884946653876935, "max_depth": 9.0, "num_boost_round": 7.0}, "datetime": {"datetime": "2024-01-19 02:42:02", "elapsed": 9042.095093, "delta": 0.006344}}
{"target": -13.758536247079244, "params": {"gamma": 869.7615871710161, "log10_alpha": -4.338038412484077, "log10_colsample_bytree": -0.4116625022069299, "log10_eta": -3.8162937926180907, "log10_lambda": -4.995913009574402, "log10_min_child_weight": 4.71898881196142, "log10_subsample": -0.21884946653876935, "max_depth": 9.0, "num_boost_round": 8.0}, "datetime": {"datetime": "2024-01-19 02:42:02", "elapsed": 9042.101136, "delta": 0.006043}}
{"target": -13.758536009949477, "params": {"gamma": 869.7615871710161, "log10_alpha": -4.338038412484077, "log10_colsample_bytree": -0.4116625022069299, "log10_eta": -3.8162937926180907, "log10_lambda": -4.995913009574402, "log10_min_child_weight": 4.71898881196142, "log10_subsample": -0.21884946653876935, "max_depth": 9.0, "num_boost_round": 9.0}, "datetime": {"datetime": "2024-01-19 02:42:02", "elapsed": 9042.107156, "delta": 0.00602}}
{"target": -13.758535451226379, "params": {"gamma": 869.7615871710161, "log10_alpha": -4.338038412484077, "log10_colsample_bytree": -0.4116625022069299, "log10_eta": -3.8162937926180907, "log10_lambda": -4.995913009574402, "log10_min_child_weight": 4.71898881196142, "log10_subsample": -0.21884946653876935, "max_depth": 9.0, "num_boost_round": 10.0}, "datetime": {"datetime": "2024-01-19 02:42:02", "elapsed": 9042.113205, "delta": 0.006049}}
{"target": -13.758535253736989, "params": {"gamma": 869.7615871710161, "log10_alpha": -4.338038412484077, "log10_colsample_bytree": -0.4116625022069299, "log10_eta": -3.8162937926180907, "log10_lambda": -4.995913009574402, "log10_min_child_weight": 4.71898881196142, "log10_subsample": -0.21884946653876935, "max_depth": 9.0, "num_boost_round": 11.0}, "datetime": {"datetime": "2024-01-19 02:42:02", "elapsed": 9042.119334, "delta": 0.006129}}
{"target": -13.758535943213728, "params": {"gamma": 869.7615871710161, "log10_alpha": -4.338038412484077, "log10_colsample_bytree": -0.4116625022069299, "log10_eta": -3.8162937926180907, "log10_lambda": -4.995913009574402, "log10_min_child_weight": 4.71898881196142, "log10_subsample": -0.21884946653876935, "max_depth": 9.0, "num_boost_round": 12.0}, "datetime": {"datetime": "2024-01-19 02:42:02", "elapsed": 9042.125499, "delta": 0.006165}}
{"target": -13.758535869638518, "params": {"gamma": 869.7615871710161, "log10_alpha": -4.338038412484077, "log10_colsample_bytree": -0.4116625022069299, "log10_eta": -3.8162937926180907, "log10_lambda": -4.995913009574402, "log10_min_child_weight": 4.71898881196142, "log10_subsample": -0.21884946653876935, "max_depth": 9.0, "num_boost_round": 13.0}, "datetime": {"datetime": "2024-01-19 02:42:02", "elapsed": 9042.131734, "delta": 0.006235}}
{"target": -13.758535225018953, "params": {"gamma": 869.7615871710161, "log10_alpha": -4.338038412484077, "log10_colsample_bytree": -0.4116625022069299, "log10_eta": -3.8162937926180907, "log10_lambda": -4.995913009574402, "log10_min_child_weight": 4.71898881196142, "log10_subsample": -0.21884946653876935, "max_depth": 9.0, "num_boost_round": 14.0}, "datetime": {"datetime": "2024-01-19 02:42:02", "elapsed": 9042.137836, "delta": 0.006102}}
{"target": -13.75853355686293, "params": {"gamma": 869.7615871710161, "log10_alpha": -4.338038412484077, "log10_colsample_bytree": -0.4116625022069299, "log10_eta": -3.8162937926180907, "log10_lambda": -4.995913009574402, "log10_min_child_weight": 4.71898881196142, "log10_subsample": -0.21884946653876935, "max_depth": 9.0, "num_boost_round": 15.0}, "datetime": {"datetime": "2024-01-19 02:42:02", "elapsed": 9042.148094, "delta": 0.010258}}
{"target": -13.758541280839614, "params": {"gamma": 79.48101490696502, "log10_alpha": -0.7242055773858658, "log10_colsample_bytree": -0.21364036695096, "log10_eta": -2.1369603444406264, "log10_lambda": -3.9604327566646127, "log10_min_child_weight": 4.904443634135525, "log10_subsample": -0.3836521739711781, "max_depth": 2.0, "num_boost_round": 0.0}, "datetime": {"datetime": "2024-01-19 02:43:21", "elapsed": 9121.643453, "delta": 79.495359}}
{"target": -13.758545773994612, "params": {"gamma": 79.48101490696502, "log10_alpha": -0.7242055773858658, "log10_colsample_bytree": -0.21364036695096, "log10_eta": -2.1369603444406264, "log10_lambda": -3.9604327566646127, "log10_min_child_weight": 4.904443634135525, "log10_subsample": -0.3836521739711781, "max_depth": 2.0, "num_boost_round": 1.0}, "datetime": {"datetime": "2024-01-19 02:43:21", "elapsed": 9121.650012, "delta": 0.006559}}
{"target": -13.75851413095469, "params": {"gamma": 79.48101490696502, "log10_alpha": -0.7242055773858658, "log10_colsample_bytree": -0.21364036695096, "log10_eta": -2.1369603444406264, "log10_lambda": -3.9604327566646127, "log10_min_child_weight": 4.904443634135525, "log10_subsample": -0.3836521739711781, "max_depth": 2.0, "num_boost_round": 2.0}, "datetime": {"datetime": "2024-01-19 02:43:21", "elapsed": 9121.656086, "delta": 0.006074}}
{"target": -13.758518793669236, "params": {"gamma": 79.48101490696502, "log10_alpha": -0.7242055773858658, "log10_colsample_bytree": -0.21364036695096, "log10_eta": -2.1369603444406264, "log10_lambda": -3.9604327566646127, "log10_min_child_weight": 4.904443634135525, "log10_subsample": -0.3836521739711781, "max_depth": 2.0, "num_boost_round": 3.0}, "datetime": {"datetime": "2024-01-19 02:43:21", "elapsed": 9121.662345, "delta": 0.006259}}
{"target": -13.758488341559762, "params": {"gamma": 79.48101490696502, "log10_alpha": -0.7242055773858658, "log10_colsample_bytree": -0.21364036695096, "log10_eta": -2.1369603444406264, "log10_lambda": -3.9604327566646127, "log10_min_child_weight": 4.904443634135525, "log10_subsample": -0.3836521739711781, "max_depth": 2.0, "num_boost_round": 4.0}, "datetime": {"datetime": "2024-01-19 02:43:21", "elapsed": 9121.668458, "delta": 0.006113}}
{"target": -13.75847910519525, "params": {"gamma": 79.48101490696502, "log10_alpha": -0.7242055773858658, "log10_colsample_bytree": -0.21364036695096, "log10_eta": -2.1369603444406264, "log10_lambda": -3.9604327566646127, "log10_min_child_weight": 4.904443634135525, "log10_subsample": -0.3836521739711781, "max_depth": 2.0, "num_boost_round": 5.0}, "datetime": {"datetime": "2024-01-19 02:43:21", "elapsed": 9121.674719, "delta": 0.006261}}
{"target": -13.758487578211334, "params": {"gamma": 79.48101490696502, "log10_alpha": -0.7242055773858658, "log10_colsample_bytree": -0.21364036695096, "log10_eta": -2.1369603444406264, "log10_lambda": -3.9604327566646127, "log10_min_child_weight": 4.904443634135525, "log10_subsample": -0.3836521739711781, "max_depth": 2.0, "num_boost_round": 6.0}, "datetime": {"datetime": "2024-01-19 02:43:21", "elapsed": 9121.681105, "delta": 0.006386}}
{"target": -13.758497328130314, "params": {"gamma": 79.48101490696502, "log10_alpha": -0.7242055773858658, "log10_colsample_bytree": -0.21364036695096, "log10_eta": -2.1369603444406264, "log10_lambda": -3.9604327566646127, "log10_min_child_weight": 4.904443634135525, "log10_subsample": -0.3836521739711781, "max_depth": 2.0, "num_boost_round": 7.0}, "datetime": {"datetime": "2024-01-19 02:43:21", "elapsed": 9121.687223, "delta": 0.006118}}
{"target": -13.75850884499138, "params": {"gamma": 79.48101490696502, "log10_alpha": -0.7242055773858658, "log10_colsample_bytree": -0.21364036695096, "log10_eta": -2.1369603444406264, "log10_lambda": -3.9604327566646127, "log10_min_child_weight": 4.904443634135525, "log10_subsample": -0.3836521739711781, "max_depth": 2.0, "num_boost_round": 8.0}, "datetime": {"datetime": "2024-01-19 02:43:21", "elapsed": 9121.693284, "delta": 0.006061}}
{"target": -13.758522752751842, "params": {"gamma": 79.48101490696502, "log10_alpha": -0.7242055773858658, "log10_colsample_bytree": -0.21364036695096, "log10_eta": -2.1369603444406264, "log10_lambda": -3.9604327566646127, "log10_min_child_weight": 4.904443634135525, "log10_subsample": -0.3836521739711781, "max_depth": 2.0, "num_boost_round": 9.0}, "datetime": {"datetime": "2024-01-19 02:43:21", "elapsed": 9121.69955, "delta": 0.006266}}
{"target": -13.758518113916448, "params": {"gamma": 79.48101490696502, "log10_alpha": -0.7242055773858658, "log10_colsample_bytree": -0.21364036695096, "log10_eta": -2.1369603444406264, "log10_lambda": -3.9604327566646127, "log10_min_child_weight": 4.904443634135525, "log10_subsample": -0.3836521739711781, "max_depth": 2.0, "num_boost_round": 10.0}, "datetime": {"datetime": "2024-01-19 02:43:21", "elapsed": 9121.705601, "delta": 0.006051}}
{"target": -13.758510237810867, "params": {"gamma": 79.48101490696502, "log10_alpha": -0.7242055773858658, "log10_colsample_bytree": -0.21364036695096, "log10_eta": -2.1369603444406264, "log10_lambda": -3.9604327566646127, "log10_min_child_weight": 4.904443634135525, "log10_subsample": -0.3836521739711781, "max_depth": 2.0, "num_boost_round": 11.0}, "datetime": {"datetime": "2024-01-19 02:43:21", "elapsed": 9121.712143, "delta": 0.006542}}
{"target": -13.758514320524027, "params": {"gamma": 79.48101490696502, "log10_alpha": -0.7242055773858658, "log10_colsample_bytree": -0.21364036695096, "log10_eta": -2.1369603444406264, "log10_lambda": -3.9604327566646127, "log10_min_child_weight": 4.904443634135525, "log10_subsample": -0.3836521739711781, "max_depth": 2.0, "num_boost_round": 12.0}, "datetime": {"datetime": "2024-01-19 02:43:21", "elapsed": 9121.718372, "delta": 0.006229}}
{"target": -13.75852945714805, "params": {"gamma": 79.48101490696502, "log10_alpha": -0.7242055773858658, "log10_colsample_bytree": -0.21364036695096, "log10_eta": -2.1369603444406264, "log10_lambda": -3.9604327566646127, "log10_min_child_weight": 4.904443634135525, "log10_subsample": -0.3836521739711781, "max_depth": 2.0, "num_boost_round": 13.0}, "datetime": {"datetime": "2024-01-19 02:43:21", "elapsed": 9121.7246, "delta": 0.006228}}
{"target": -13.758544429527602, "params": {"gamma": 79.48101490696502, "log10_alpha": -0.7242055773858658, "log10_colsample_bytree": -0.21364036695096, "log10_eta": -2.1369603444406264, "log10_lambda": -3.9604327566646127, "log10_min_child_weight": 4.904443634135525, "log10_subsample": -0.3836521739711781, "max_depth": 2.0, "num_boost_round": 14.0}, "datetime": {"datetime": "2024-01-19 02:43:21", "elapsed": 9121.73073, "delta": 0.00613}}
{"target": -13.75852111897142, "params": {"gamma": 79.48101490696502, "log10_alpha": -0.7242055773858658, "log10_colsample_bytree": -0.21364036695096, "log10_eta": -2.1369603444406264, "log10_lambda": -3.9604327566646127, "log10_min_child_weight": 4.904443634135525, "log10_subsample": -0.3836521739711781, "max_depth": 2.0, "num_boost_round": 15.0}, "datetime": {"datetime": "2024-01-19 02:43:21", "elapsed": 9121.736857, "delta": 0.006127}}
{"target": -13.758492976412763, "params": {"gamma": 79.48101490696502, "log10_alpha": -0.7242055773858658, "log10_colsample_bytree": -0.21364036695096, "log10_eta": -2.1369603444406264, "log10_lambda": -3.9604327566646127, "log10_min_child_weight": 4.904443634135525, "log10_subsample": -0.3836521739711781, "max_depth": 2.0, "num_boost_round": 16.0}, "datetime": {"datetime": "2024-01-19 02:43:21", "elapsed": 9121.743084, "delta": 0.006227}}
{"target": -13.758510439359767, "params": {"gamma": 79.48101490696502, "log10_alpha": -0.7242055773858658, "log10_colsample_bytree": -0.21364036695096, "log10_eta": -2.1369603444406264, "log10_lambda": -3.9604327566646127, "log10_min_child_weight": 4.904443634135525, "log10_subsample": -0.3836521739711781, "max_depth": 2.0, "num_boost_round": 17.0}, "datetime": {"datetime": "2024-01-19 02:43:21", "elapsed": 9121.749149, "delta": 0.006065}}
{"target": -13.75850890364558, "params": {"gamma": 79.48101490696502, "log10_alpha": -0.7242055773858658, "log10_colsample_bytree": -0.21364036695096, "log10_eta": -2.1369603444406264, "log10_lambda": -3.9604327566646127, "log10_min_child_weight": 4.904443634135525, "log10_subsample": -0.3836521739711781, "max_depth": 2.0, "num_boost_round": 18.0}, "datetime": {"datetime": "2024-01-19 02:43:21", "elapsed": 9121.755307, "delta": 0.006158}}
{"target": -13.758474445778075, "params": {"gamma": 79.48101490696502, "log10_alpha": -0.7242055773858658, "log10_colsample_bytree": -0.21364036695096, "log10_eta": -2.1369603444406264, "log10_lambda": -3.9604327566646127, "log10_min_child_weight": 4.904443634135525, "log10_subsample": -0.3836521739711781, "max_depth": 2.0, "num_boost_round": 19.0}, "datetime": {"datetime": "2024-01-19 02:43:21", "elapsed": 9121.761508, "delta": 0.006201}}
{"target": -13.758474714500169, "params": {"gamma": 79.48101490696502, "log10_alpha": -0.7242055773858658, "log10_colsample_bytree": -0.21364036695096, "log10_eta": -2.1369603444406264, "log10_lambda": -3.9604327566646127, "log10_min_child_weight": 4.904443634135525, "log10_subsample": -0.3836521739711781, "max_depth": 2.0, "num_boost_round": 20.0}, "datetime": {"datetime": "2024-01-19 02:43:21", "elapsed": 9121.767538, "delta": 0.00603}}
{"target": -13.758495057707943, "params": {"gamma": 79.48101490696502, "log10_alpha": -0.7242055773858658, "log10_colsample_bytree": -0.21364036695096, "log10_eta": -2.1369603444406264, "log10_lambda": -3.9604327566646127, "log10_min_child_weight": 4.904443634135525, "log10_subsample": -0.3836521739711781, "max_depth": 2.0, "num_boost_round": 21.0}, "datetime": {"datetime": "2024-01-19 02:43:21", "elapsed": 9121.773855, "delta": 0.006317}}
{"target": -13.758462107065986, "params": {"gamma": 79.48101490696502, "log10_alpha": -0.7242055773858658, "log10_colsample_bytree": -0.21364036695096, "log10_eta": -2.1369603444406264, "log10_lambda": -3.9604327566646127, "log10_min_child_weight": 4.904443634135525, "log10_subsample": -0.3836521739711781, "max_depth": 2.0, "num_boost_round": 22.0}, "datetime": {"datetime": "2024-01-19 02:43:21", "elapsed": 9121.7803, "delta": 0.006445}}
{"target": -13.758450537142838, "params": {"gamma": 79.48101490696502, "log10_alpha": -0.7242055773858658, "log10_colsample_bytree": -0.21364036695096, "log10_eta": -2.1369603444406264, "log10_lambda": -3.9604327566646127, "log10_min_child_weight": 4.904443634135525, "log10_subsample": -0.3836521739711781, "max_depth": 2.0, "num_boost_round": 23.0}, "datetime": {"datetime": "2024-01-19 02:43:21", "elapsed": 9121.786632, "delta": 0.006332}}
{"target": -13.758453770867348, "params": {"gamma": 79.48101490696502, "log10_alpha": -0.7242055773858658, "log10_colsample_bytree": -0.21364036695096, "log10_eta": -2.1369603444406264, "log10_lambda": -3.9604327566646127, "log10_min_child_weight": 4.904443634135525, "log10_subsample": -0.3836521739711781, "max_depth": 2.0, "num_boost_round": 24.0}, "datetime": {"datetime": "2024-01-19 02:43:21", "elapsed": 9121.793113, "delta": 0.006481}}
{"target": -13.75844451044432, "params": {"gamma": 79.48101490696502, "log10_alpha": -0.7242055773858658, "log10_colsample_bytree": -0.21364036695096, "log10_eta": -2.1369603444406264, "log10_lambda": -3.9604327566646127, "log10_min_child_weight": 4.904443634135525, "log10_subsample": -0.3836521739711781, "max_depth": 2.0, "num_boost_round": 25.0}, "datetime": {"datetime": "2024-01-19 02:43:21", "elapsed": 9121.799244, "delta": 0.006131}}
{"target": -13.758447045438595, "params": {"gamma": 79.48101490696502, "log10_alpha": -0.7242055773858658, "log10_colsample_bytree": -0.21364036695096, "log10_eta": -2.1369603444406264, "log10_lambda": -3.9604327566646127, "log10_min_child_weight": 4.904443634135525, "log10_subsample": -0.3836521739711781, "max_depth": 2.0, "num_boost_round": 26.0}, "datetime": {"datetime": "2024-01-19 02:43:21", "elapsed": 9121.805241, "delta": 0.005997}}
{"target": -13.758442326137507, "params": {"gamma": 79.48101490696502, "log10_alpha": -0.7242055773858658, "log10_colsample_bytree": -0.21364036695096, "log10_eta": -2.1369603444406264, "log10_lambda": -3.9604327566646127, "log10_min_child_weight": 4.904443634135525, "log10_subsample": -0.3836521739711781, "max_depth": 2.0, "num_boost_round": 27.0}, "datetime": {"datetime": "2024-01-19 02:43:21", "elapsed": 9121.811474, "delta": 0.006233}}
{"target": -13.758439406366048, "params": {"gamma": 79.48101490696502, "log10_alpha": -0.7242055773858658, "log10_colsample_bytree": -0.21364036695096, "log10_eta": -2.1369603444406264, "log10_lambda": -3.9604327566646127, "log10_min_child_weight": 4.904443634135525, "log10_subsample": -0.3836521739711781, "max_depth": 2.0, "num_boost_round": 28.0}, "datetime": {"datetime": "2024-01-19 02:43:21", "elapsed": 9121.817594, "delta": 0.00612}}
{"target": -13.758417268959315, "params": {"gamma": 79.48101490696502, "log10_alpha": -0.7242055773858658, "log10_colsample_bytree": -0.21364036695096, "log10_eta": -2.1369603444406264, "log10_lambda": -3.9604327566646127, "log10_min_child_weight": 4.904443634135525, "log10_subsample": -0.3836521739711781, "max_depth": 2.0, "num_boost_round": 29.0}, "datetime": {"datetime": "2024-01-19 02:43:21", "elapsed": 9121.823882, "delta": 0.006288}}
{"target": -13.758401951663686, "params": {"gamma": 79.48101490696502, "log10_alpha": -0.7242055773858658, "log10_colsample_bytree": -0.21364036695096, "log10_eta": -2.1369603444406264, "log10_lambda": -3.9604327566646127, "log10_min_child_weight": 4.904443634135525, "log10_subsample": -0.3836521739711781, "max_depth": 2.0, "num_boost_round": 30.0}, "datetime": {"datetime": "2024-01-19 02:43:21", "elapsed": 9121.83073, "delta": 0.006848}}
{"target": -13.758401624526524, "params": {"gamma": 79.48101490696502, "log10_alpha": -0.7242055773858658, "log10_colsample_bytree": -0.21364036695096, "log10_eta": -2.1369603444406264, "log10_lambda": -3.9604327566646127, "log10_min_child_weight": 4.904443634135525, "log10_subsample": -0.3836521739711781, "max_depth": 2.0, "num_boost_round": 31.0}, "datetime": {"datetime": "2024-01-19 02:43:21", "elapsed": 9121.837769, "delta": 0.007039}}
{"target": -13.75842635088533, "params": {"gamma": 79.48101490696502, "log10_alpha": -0.7242055773858658, "log10_colsample_bytree": -0.21364036695096, "log10_eta": -2.1369603444406264, "log10_lambda": -3.9604327566646127, "log10_min_child_weight": 4.904443634135525, "log10_subsample": -0.3836521739711781, "max_depth": 2.0, "num_boost_round": 32.0}, "datetime": {"datetime": "2024-01-19 02:43:21", "elapsed": 9121.844205, "delta": 0.006436}}
