{"target": -17.676973813824397, "params": {"gamma": 6.34515702970273, "log10_alpha": -2.561138370957358, "log10_colsample_bytree": -0.6954123869713462, "log10_eta": -3.681607828808041, "log10_lambda": -0.9766999320946184, "log10_min_child_weight": 0.126681180540959, "log10_subsample": -0.4836255989300844, "max_depth": 8.0, "num_boost_round": 23.0}, "datetime": {"datetime": "2024-01-19 00:13:23", "elapsed": 157.259572, "delta": 0.000304}}
{"target": -17.676973720729922, "params": {"gamma": 6.34515702970273, "log10_alpha": -2.561138370957358, "log10_colsample_bytree": -0.6954123869713462, "log10_eta": -3.681607828808041, "log10_lambda": -0.9766999320946184, "log10_min_child_weight": 0.126681180540959, "log10_subsample": -0.4836255989300844, "max_depth": 8.0, "num_boost_round": 24.0}, "datetime": {"datetime": "2024-01-19 00:13:23", "elapsed": 157.259869, "delta": 0.000297}}
{"target": -17.67717178537776, "params": {"gamma": 9.198662942771051, "log10_alpha": -0.4546098710024298, "log10_colsample_bytree": -0.6877705626059581, "log10_eta": -2.6621682919979834, "log10_lambda": -2.946629840668132, "log10_min_child_weight": 2.9024176860532847, "log10_subsample": -0.9809963841043554, "max_depth": 9.0, "num_boost_round": 0.0}, "datetime": {"datetime": "2024-01-19 00:13:56", "elapsed": 189.70845, "delta": 32.448581}}
{"target": -17.677064849374556, "params": {"gamma": 9.198662942771051, "log10_alpha": -0.4546098710024298, "log10_colsample_bytree": -0.6877705626059581, "log10_eta": -2.6621682919979834, "log10_lambda": -2.946629840668132, "log10_min_child_weight": 2.9024176860532847, "log10_subsample": -0.9809963841043554, "max_depth": 9.0, "num_boost_round": 1.0}, "datetime": {"datetime": "2024-01-19 00:13:56", "elapsed": 189.71048, "delta": 0.00203}}
{"target": -17.676983412391934, "params": {"gamma": 9.198662942771051, "log10_alpha": -0.4546098710024298, "log10_colsample_bytree": -0.6877705626059581, "log10_eta": -2.6621682919979834, "log10_lambda": -2.946629840668132, "log10_min_child_weight": 2.9024176860532847, "log10_subsample": -0.9809963841043554, "max_depth": 9.0, "num_boost_round": 2.0}, "datetime": {"datetime": "2024-01-19 00:13:56", "elapsed": 189.710846, "delta": 0.000366}}
{"target": -17.67699440220009, "params": {"gamma": 9.198662942771051, "log10_alpha": -0.4546098710024298, "log10_colsample_bytree": -0.6877705626059581, "log10_eta": -2.6621682919979834, "log10_lambda": -2.946629840668132, "log10_min_child_weight": 2.9024176860532847, "log10_subsample": -0.9809963841043554, "max_depth": 9.0, "num_boost_round": 3.0}, "datetime": {"datetime": "2024-01-19 00:13:56", "elapsed": 189.711243, "delta": 0.000397}}
{"target": -17.676871121696635, "params": {"gamma": 9.198662942771051, "log10_alpha": -0.4546098710024298, "log10_colsample_bytree": -0.6877705626059581, "log10_eta": -2.6621682919979834, "log10_lambda": -2.946629840668132, "log10_min_child_weight": 2.9024176860532847, "log10_subsample": -0.9809963841043554, "max_depth": 9.0, "num_boost_round": 4.0}, "datetime": {"datetime": "2024-01-19 00:13:56", "elapsed": 189.711563, "delta": 0.00032}}
{"target": -17.6768588551934, "params": {"gamma": 9.198662942771051, "log10_alpha": -0.4546098710024298, "log10_colsample_bytree": -0.6877705626059581, "log10_eta": -2.6621682919979834, "log10_lambda": -2.946629840668132, "log10_min_child_weight": 2.9024176860532847, "log10_subsample": -0.9809963841043554, "max_depth": 9.0, "num_boost_round": 5.0}, "datetime": {"datetime": "2024-01-19 00:13:56", "elapsed": 189.711872, "delta": 0.000309}}
{"target": -17.676845087115453, "params": {"gamma": 9.198662942771051, "log10_alpha": -0.4546098710024298, "log10_colsample_bytree": -0.6877705626059581, "log10_eta": -2.6621682919979834, "log10_lambda": -2.946629840668132, "log10_min_child_weight": 2.9024176860532847, "log10_subsample": -0.9809963841043554, "max_depth": 9.0, "num_boost_round": 6.0}, "datetime": {"datetime": "2024-01-19 00:13:56", "elapsed": 189.712179, "delta": 0.000307}}
{"target": -17.676740143149285, "params": {"gamma": 9.198662942771051, "log10_alpha": -0.4546098710024298, "log10_colsample_bytree": -0.6877705626059581, "log10_eta": -2.6621682919979834, "log10_lambda": -2.946629840668132, "log10_min_child_weight": 2.9024176860532847, "log10_subsample": -0.9809963841043554, "max_depth": 9.0, "num_boost_round": 7.0}, "datetime": {"datetime": "2024-01-19 00:13:56", "elapsed": 189.712501, "delta": 0.000322}}
{"target": -17.6766480652875, "params": {"gamma": 9.198662942771051, "log10_alpha": -0.4546098710024298, "log10_colsample_bytree": -0.6877705626059581, "log10_eta": -2.6621682919979834, "log10_lambda": -2.946629840668132, "log10_min_child_weight": 2.9024176860532847, "log10_subsample": -0.9809963841043554, "max_depth": 9.0, "num_boost_round": 8.0}, "datetime": {"datetime": "2024-01-19 00:13:56", "elapsed": 189.71281, "delta": 0.000309}}
{"target": -17.67661063435208, "params": {"gamma": 9.198662942771051, "log10_alpha": -0.4546098710024298, "log10_colsample_bytree": -0.6877705626059581, "log10_eta": -2.6621682919979834, "log10_lambda": -2.946629840668132, "log10_min_child_weight": 2.9024176860532847, "log10_subsample": -0.9809963841043554, "max_depth": 9.0, "num_boost_round": 9.0}, "datetime": {"datetime": "2024-01-19 00:13:56", "elapsed": 189.713117, "delta": 0.000307}}
{"target": -17.676534388163436, "params": {"gamma": 9.198662942771051, "log10_alpha": -0.4546098710024298, "log10_colsample_bytree": -0.6877705626059581, "log10_eta": -2.6621682919979834, "log10_lambda": -2.946629840668132, "log10_min_child_weight": 2.9024176860532847, "log10_subsample": -0.9809963841043554, "max_depth": 9.0, "num_boost_round": 10.0}, "datetime": {"datetime": "2024-01-19 00:13:56", "elapsed": 189.713545, "delta": 0.000428}}
{"target": -17.676534718417795, "params": {"gamma": 9.198662942771051, "log10_alpha": -0.4546098710024298, "log10_colsample_bytree": -0.6877705626059581, "log10_eta": -2.6621682919979834, "log10_lambda": -2.946629840668132, "log10_min_child_weight": 2.9024176860532847, "log10_subsample": -0.9809963841043554, "max_depth": 9.0, "num_boost_round": 11.0}, "datetime": {"datetime": "2024-01-19 00:13:56", "elapsed": 189.713865, "delta": 0.00032}}
{"target": -17.67645367950484, "params": {"gamma": 9.198662942771051, "log10_alpha": -0.4546098710024298, "log10_colsample_bytree": -0.6877705626059581, "log10_eta": -2.6621682919979834, "log10_lambda": -2.946629840668132, "log10_min_child_weight": 2.9024176860532847, "log10_subsample": -0.9809963841043554, "max_depth": 9.0, "num_boost_round": 12.0}, "datetime": {"datetime": "2024-01-19 00:13:56", "elapsed": 189.714184, "delta": 0.000319}}
{"target": -17.676351254618087, "params": {"gamma": 9.198662942771051, "log10_alpha": -0.4546098710024298, "log10_colsample_bytree": -0.6877705626059581, "log10_eta": -2.6621682919979834, "log10_lambda": -2.946629840668132, "log10_min_child_weight": 2.9024176860532847, "log10_subsample": -0.9809963841043554, "max_depth": 9.0, "num_boost_round": 13.0}, "datetime": {"datetime": "2024-01-19 00:13:56", "elapsed": 189.714514, "delta": 0.00033}}
{"target": -17.676377986233284, "params": {"gamma": 9.198662942771051, "log10_alpha": -0.4546098710024298, "log10_colsample_bytree": -0.6877705626059581, "log10_eta": -2.6621682919979834, "log10_lambda": -2.946629840668132, "log10_min_child_weight": 2.9024176860532847, "log10_subsample": -0.9809963841043554, "max_depth": 9.0, "num_boost_round": 14.0}, "datetime": {"datetime": "2024-01-19 00:13:56", "elapsed": 189.714833, "delta": 0.000319}}
{"target": -17.676366073781846, "params": {"gamma": 9.198662942771051, "log10_alpha": -0.4546098710024298, "log10_colsample_bytree": -0.6877705626059581, "log10_eta": -2.6621682919979834, "log10_lambda": -2.946629840668132, "log10_min_child_weight": 2.9024176860532847, "log10_subsample": -0.9809963841043554, "max_depth": 9.0, "num_boost_round": 15.0}, "datetime": {"datetime": "2024-01-19 00:13:56", "elapsed": 189.71515, "delta": 0.000317}}
{"target": -17.676246018577228, "params": {"gamma": 9.198662942771051, "log10_alpha": -0.4546098710024298, "log10_colsample_bytree": -0.6877705626059581, "log10_eta": -2.6621682919979834, "log10_lambda": -2.946629840668132, "log10_min_child_weight": 2.9024176860532847, "log10_subsample": -0.9809963841043554, "max_depth": 9.0, "num_boost_round": 16.0}, "datetime": {"datetime": "2024-01-19 00:13:56", "elapsed": 189.715471, "delta": 0.000321}}
{"target": -17.676206510717265, "params": {"gamma": 9.198662942771051, "log10_alpha": -0.4546098710024298, "log10_colsample_bytree": -0.6877705626059581, "log10_eta": -2.6621682919979834, "log10_lambda": -2.946629840668132, "log10_min_child_weight": 2.9024176860532847, "log10_subsample": -0.9809963841043554, "max_depth": 9.0, "num_boost_round": 17.0}, "datetime": {"datetime": "2024-01-19 00:13:56", "elapsed": 189.71588, "delta": 0.000409}}
{"target": -17.676242665132158, "params": {"gamma": 9.198662942771051, "log10_alpha": -0.4546098710024298, "log10_colsample_bytree": -0.6877705626059581, "log10_eta": -2.6621682919979834, "log10_lambda": -2.946629840668132, "log10_min_child_weight": 2.9024176860532847, "log10_subsample": -0.9809963841043554, "max_depth": 9.0, "num_boost_round": 18.0}, "datetime": {"datetime": "2024-01-19 00:13:56", "elapsed": 189.716278, "delta": 0.000398}}
{"target": -17.676105538556932, "params": {"gamma": 9.198662942771051, "log10_alpha": -0.4546098710024298, "log10_colsample_bytree": -0.6877705626059581, "log10_eta": -2.6621682919979834, "log10_lambda": -2.946629840668132, "log10_min_child_weight": 2.9024176860532847, "log10_subsample": -0.9809963841043554, "max_depth": 9.0, "num_boost_round": 19.0}, "datetime": {"datetime": "2024-01-19 00:13:56", "elapsed": 189.716608, "delta": 0.00033}}
{"target": -17.675985669545437, "params": {"gamma": 9.198662942771051, "log10_alpha": -0.4546098710024298, "log10_colsample_bytree": -0.6877705626059581, "log10_eta": -2.6621682919979834, "log10_lambda": -2.946629840668132, "log10_min_child_weight": 2.9024176860532847, "log10_subsample": -0.9809963841043554, "max_depth": 9.0, "num_boost_round": 20.0}, "datetime": {"datetime": "2024-01-19 00:13:56", "elapsed": 189.716934, "delta": 0.000326}}
{"target": -17.675952409165962, "params": {"gamma": 9.198662942771051, "log10_alpha": -0.4546098710024298, "log10_colsample_bytree": -0.6877705626059581, "log10_eta": -2.6621682919979834, "log10_lambda": -2.946629840668132, "log10_min_child_weight": 2.9024176860532847, "log10_subsample": -0.9809963841043554, "max_depth": 9.0, "num_boost_round": 21.0}, "datetime": {"datetime": "2024-01-19 00:13:56", "elapsed": 189.717264, "delta": 0.00033}}
{"target": -17.675738499124073, "params": {"gamma": 9.198662942771051, "log10_alpha": -0.4546098710024298, "log10_colsample_bytree": -0.6877705626059581, "log10_eta": -2.6621682919979834, "log10_lambda": -2.946629840668132, "log10_min_child_weight": 2.9024176860532847, "log10_subsample": -0.9809963841043554, "max_depth": 9.0, "num_boost_round": 22.0}, "datetime": {"datetime": "2024-01-19 00:13:56", "elapsed": 189.717637, "delta": 0.000373}}
{"target": -17.675710916458815, "params": {"gamma": 9.198662942771051, "log10_alpha": -0.4546098710024298, "log10_colsample_bytree": -0.6877705626059581, "log10_eta": -2.6621682919979834, "log10_lambda": -2.946629840668132, "log10_min_child_weight": 2.9024176860532847, "log10_subsample": -0.9809963841043554, "max_depth": 9.0, "num_boost_round": 23.0}, "datetime": {"datetime": "2024-01-19 00:13:56", "elapsed": 189.717968, "delta": 0.000331}}
{"target": -17.675692064889816, "params": {"gamma": 9.198662942771051, "log10_alpha": -0.4546098710024298, "log10_colsample_bytree": -0.6877705626059581, "log10_eta": -2.6621682919979834, "log10_lambda": -2.946629840668132, "log10_min_child_weight": 2.9024176860532847, "log10_subsample": -0.9809963841043554, "max_depth": 9.0, "num_boost_round": 24.0}, "datetime": {"datetime": "2024-01-19 00:13:56", "elapsed": 189.718301, "delta": 0.000333}}
{"target": -17.675683042177535, "params": {"gamma": 9.198662942771051, "log10_alpha": -0.4546098710024298, "log10_colsample_bytree": -0.6877705626059581, "log10_eta": -2.6621682919979834, "log10_lambda": -2.946629840668132, "log10_min_child_weight": 2.9024176860532847, "log10_subsample": -0.9809963841043554, "max_depth": 9.0, "num_boost_round": 25.0}, "datetime": {"datetime": "2024-01-19 00:13:56", "elapsed": 189.718631, "delta": 0.00033}}
{"target": -17.673934147223317, "params": {"gamma": 12.639676843468784, "log10_alpha": 0.2570788316384718, "log10_colsample_bytree": -0.7487185817427623, "log10_eta": -0.9858503155097345, "log10_lambda": -0.5733603522820729, "log10_min_child_weight": 0.1906776542007388, "log10_subsample": -0.1595720288419782, "max_depth": 5.0, "num_boost_round": 0.0}, "datetime": {"datetime": "2024-01-19 00:14:20", "elapsed": 214.280466, "delta": 24.561835}}
{"target": -17.67508838920373, "params": {"gamma": 12.639676843468784, "log10_alpha": 0.2570788316384718, "log10_colsample_bytree": -0.7487185817427623, "log10_eta": -0.9858503155097345, "log10_lambda": -0.5733603522820729, "log10_min_child_weight": 0.1906776542007388, "log10_subsample": -0.1595720288419782, "max_depth": 5.0, "num_boost_round": 1.0}, "datetime": {"datetime": "2024-01-19 00:14:20", "elapsed": 214.282894, "delta": 0.002428}}
{"target": -17.675616957154556, "params": {"gamma": 12.639676843468784, "log10_alpha": 0.2570788316384718, "log10_colsample_bytree": -0.7487185817427623, "log10_eta": -0.9858503155097345, "log10_lambda": -0.5733603522820729, "log10_min_child_weight": 0.1906776542007388, "log10_subsample": -0.1595720288419782, "max_depth": 5.0, "num_boost_round": 2.0}, "datetime": {"datetime": "2024-01-19 00:14:20", "elapsed": 214.283295, "delta": 0.000401}}
{"target": -17.677580081416338, "params": {"gamma": 12.639676843468784, "log10_alpha": 0.2570788316384718, "log10_colsample_bytree": -0.7487185817427623, "log10_eta": -0.9858503155097345, "log10_lambda": -0.5733603522820729, "log10_min_child_weight": 0.1906776542007388, "log10_subsample": -0.1595720288419782, "max_depth": 5.0, "num_boost_round": 3.0}, "datetime": {"datetime": "2024-01-19 00:14:20", "elapsed": 214.283673, "delta": 0.000378}}
{"target": -17.67815081030801, "params": {"gamma": 12.639676843468784, "log10_alpha": 0.2570788316384718, "log10_colsample_bytree": -0.7487185817427623, "log10_eta": -0.9858503155097345, "log10_lambda": -0.5733603522820729, "log10_min_child_weight": 0.1906776542007388, "log10_subsample": -0.1595720288419782, "max_depth": 5.0, "num_boost_round": 4.0}, "datetime": {"datetime": "2024-01-19 00:14:20", "elapsed": 214.28402, "delta": 0.000347}}
{"target": -17.679028715854578, "params": {"gamma": 12.639676843468784, "log10_alpha": 0.2570788316384718, "log10_colsample_bytree": -0.7487185817427623, "log10_eta": -0.9858503155097345, "log10_lambda": -0.5733603522820729, "log10_min_child_weight": 0.1906776542007388, "log10_subsample": -0.1595720288419782, "max_depth": 5.0, "num_boost_round": 5.0}, "datetime": {"datetime": "2024-01-19 00:14:20", "elapsed": 214.284361, "delta": 0.000341}}
{"target": -17.683811472525438, "params": {"gamma": 12.639676843468784, "log10_alpha": 0.2570788316384718, "log10_colsample_bytree": -0.7487185817427623, "log10_eta": -0.9858503155097345, "log10_lambda": -0.5733603522820729, "log10_min_child_weight": 0.1906776542007388, "log10_subsample": -0.1595720288419782, "max_depth": 5.0, "num_boost_round": 6.0}, "datetime": {"datetime": "2024-01-19 00:14:20", "elapsed": 214.284716, "delta": 0.000355}}
{"target": -17.689874493577555, "params": {"gamma": 12.639676843468784, "log10_alpha": 0.2570788316384718, "log10_colsample_bytree": -0.7487185817427623, "log10_eta": -0.9858503155097345, "log10_lambda": -0.5733603522820729, "log10_min_child_weight": 0.1906776542007388, "log10_subsample": -0.1595720288419782, "max_depth": 5.0, "num_boost_round": 7.0}, "datetime": {"datetime": "2024-01-19 00:14:20", "elapsed": 214.285386, "delta": 0.00067}}
{"target": -17.695705803939138, "params": {"gamma": 12.639676843468784, "log10_alpha": 0.2570788316384718, "log10_colsample_bytree": -0.7487185817427623, "log10_eta": -0.9858503155097345, "log10_lambda": -0.5733603522820729, "log10_min_child_weight": 0.1906776542007388, "log10_subsample": -0.1595720288419782, "max_depth": 5.0, "num_boost_round": 8.0}, "datetime": {"datetime": "2024-01-19 00:14:20", "elapsed": 214.285738, "delta": 0.000352}}
{"target": -17.69868349676682, "params": {"gamma": 12.639676843468784, "log10_alpha": 0.2570788316384718, "log10_colsample_bytree": -0.7487185817427623, "log10_eta": -0.9858503155097345, "log10_lambda": -0.5733603522820729, "log10_min_child_weight": 0.1906776542007388, "log10_subsample": -0.1595720288419782, "max_depth": 5.0, "num_boost_round": 9.0}, "datetime": {"datetime": "2024-01-19 00:14:20", "elapsed": 214.286091, "delta": 0.000353}}
{"target": -17.70352616173186, "params": {"gamma": 12.639676843468784, "log10_alpha": 0.2570788316384718, "log10_colsample_bytree": -0.7487185817427623, "log10_eta": -0.9858503155097345, "log10_lambda": -0.5733603522820729, "log10_min_child_weight": 0.1906776542007388, "log10_subsample": -0.1595720288419782, "max_depth": 5.0, "num_boost_round": 10.0}, "datetime": {"datetime": "2024-01-19 00:14:20", "elapsed": 214.286878, "delta": 0.000787}}
{"target": -17.707340355238046, "params": {"gamma": 12.639676843468784, "log10_alpha": 0.2570788316384718, "log10_colsample_bytree": -0.7487185817427623, "log10_eta": -0.9858503155097345, "log10_lambda": -0.5733603522820729, "log10_min_child_weight": 0.1906776542007388, "log10_subsample": -0.1595720288419782, "max_depth": 5.0, "num_boost_round": 11.0}, "datetime": {"datetime": "2024-01-19 00:14:20", "elapsed": 214.287258, "delta": 0.00038}}
{"target": -17.709742010060413, "params": {"gamma": 12.639676843468784, "log10_alpha": 0.2570788316384718, "log10_colsample_bytree": -0.7487185817427623, "log10_eta": -0.9858503155097345, "log10_lambda": -0.5733603522820729, "log10_min_child_weight": 0.1906776542007388, "log10_subsample": -0.1595720288419782, "max_depth": 5.0, "num_boost_round": 12.0}, "datetime": {"datetime": "2024-01-19 00:14:20", "elapsed": 214.287617, "delta": 0.000359}}
{"target": -17.708944500739985, "params": {"gamma": 12.639676843468784, "log10_alpha": 0.2570788316384718, "log10_colsample_bytree": -0.7487185817427623, "log10_eta": -0.9858503155097345, "log10_lambda": -0.5733603522820729, "log10_min_child_weight": 0.1906776542007388, "log10_subsample": -0.1595720288419782, "max_depth": 5.0, "num_boost_round": 13.0}, "datetime": {"datetime": "2024-01-19 00:14:20", "elapsed": 214.288377, "delta": 0.00076}}
{"target": -17.713012594627575, "params": {"gamma": 12.639676843468784, "log10_alpha": 0.2570788316384718, "log10_colsample_bytree": -0.7487185817427623, "log10_eta": -0.9858503155097345, "log10_lambda": -0.5733603522820729, "log10_min_child_weight": 0.1906776542007388, "log10_subsample": -0.1595720288419782, "max_depth": 5.0, "num_boost_round": 14.0}, "datetime": {"datetime": "2024-01-19 00:14:20", "elapsed": 214.289142, "delta": 0.000765}}
{"target": -17.721555143464933, "params": {"gamma": 12.639676843468784, "log10_alpha": 0.2570788316384718, "log10_colsample_bytree": -0.7487185817427623, "log10_eta": -0.9858503155097345, "log10_lambda": -0.5733603522820729, "log10_min_child_weight": 0.1906776542007388, "log10_subsample": -0.1595720288419782, "max_depth": 5.0, "num_boost_round": 15.0}, "datetime": {"datetime": "2024-01-19 00:14:20", "elapsed": 214.289512, "delta": 0.00037}}
{"target": -17.673441992995922, "params": {"gamma": 7.396539484591291, "log10_alpha": -0.11950766505167731, "log10_colsample_bytree": -0.737769549636906, "log10_eta": -1.0931720828738514, "log10_lambda": -4.478619789973798, "log10_min_child_weight": 1.7757424924622716, "log10_subsample": -0.35616520727215617, "max_depth": 4.0, "num_boost_round": 0.0}, "datetime": {"datetime": "2024-01-19 00:14:45", "elapsed": 239.313227, "delta": 25.023715}}
{"target": -17.67066431105469, "params": {"gamma": 7.396539484591291, "log10_alpha": -0.11950766505167731, "log10_colsample_bytree": -0.737769549636906, "log10_eta": -1.0931720828738514, "log10_lambda": -4.478619789973798, "log10_min_child_weight": 1.7757424924622716, "log10_subsample": -0.35616520727215617, "max_depth": 4.0, "num_boost_round": 1.0}, "datetime": {"datetime": "2024-01-19 00:14:45", "elapsed": 239.314344, "delta": 0.001117}}
{"target": -17.671319133699498, "params": {"gamma": 7.396539484591291, "log10_alpha": -0.11950766505167731, "log10_colsample_bytree": -0.737769549636906, "log10_eta": -1.0931720828738514, "log10_lambda": -4.478619789973798, "log10_min_child_weight": 1.7757424924622716, "log10_subsample": -0.35616520727215617, "max_depth": 4.0, "num_boost_round": 2.0}, "datetime": {"datetime": "2024-01-19 00:14:45", "elapsed": 239.314759, "delta": 0.000415}}
{"target": -17.670971006373605, "params": {"gamma": 7.396539484591291, "log10_alpha": -0.11950766505167731, "log10_colsample_bytree": -0.737769549636906, "log10_eta": -1.0931720828738514, "log10_lambda": -4.478619789973798, "log10_min_child_weight": 1.7757424924622716, "log10_subsample": -0.35616520727215617, "max_depth": 4.0, "num_boost_round": 3.0}, "datetime": {"datetime": "2024-01-19 00:14:45", "elapsed": 239.315121, "delta": 0.000362}}
{"target": -17.669405450901834, "params": {"gamma": 7.396539484591291, "log10_alpha": -0.11950766505167731, "log10_colsample_bytree": -0.737769549636906, "log10_eta": -1.0931720828738514, "log10_lambda": -4.478619789973798, "log10_min_child_weight": 1.7757424924622716, "log10_subsample": -0.35616520727215617, "max_depth": 4.0, "num_boost_round": 4.0}, "datetime": {"datetime": "2024-01-19 00:14:45", "elapsed": 239.315582, "delta": 0.000461}}
