{"target": -13.758520712953652, "params": {"gamma": 571.7046739154617, "log10_alpha": -1.6003417131857427, "log10_colsample_bytree": -0.3168616467281593, "log10_eta": -3.7285977819221885, "log10_lambda": 0.8625280231641019, "log10_min_child_weight": 0.459290613106737, "log10_subsample": -0.35519252617541996, "max_depth": 5.0, "num_boost_round": 3.0}, "datetime": {"datetime": "2024-01-19 01:25:01", "elapsed": 4433.40902, "delta": 0.00502}}
{"target": -13.758517228902045, "params": {"gamma": 571.7046739154617, "log10_alpha": -1.6003417131857427, "log10_colsample_bytree": -0.3168616467281593, "log10_eta": -3.7285977819221885, "log10_lambda": 0.8625280231641019, "log10_min_child_weight": 0.459290613106737, "log10_subsample": -0.35519252617541996, "max_depth": 5.0, "num_boost_round": 4.0}, "datetime": {"datetime": "2024-01-19 01:25:01", "elapsed": 4433.413697, "delta": 0.004677}}
{"target": -13.75851579464992, "params": {"gamma": 571.7046739154617, "log10_alpha": -1.6003417131857427, "log10_colsample_bytree": -0.3168616467281593, "log10_eta": -3.7285977819221885, "log10_lambda": 0.8625280231641019, "log10_min_child_weight": 0.459290613106737, "log10_subsample": -0.35519252617541996, "max_depth": 5.0, "num_boost_round": 5.0}, "datetime": {"datetime": "2024-01-19 01:25:01", "elapsed": 4433.418481, "delta": 0.004784}}
{"target": -13.758513652169905, "params": {"gamma": 571.7046739154617, "log10_alpha": -1.6003417131857427, "log10_colsample_bytree": -0.3168616467281593, "log10_eta": -3.7285977819221885, "log10_lambda": 0.8625280231641019, "log10_min_child_weight": 0.459290613106737, "log10_subsample": -0.35519252617541996, "max_depth": 5.0, "num_boost_round": 6.0}, "datetime": {"datetime": "2024-01-19 01:25:01", "elapsed": 4433.42318, "delta": 0.004699}}
{"target": -13.75851705834621, "params": {"gamma": 571.7046739154617, "log10_alpha": -1.6003417131857427, "log10_colsample_bytree": -0.3168616467281593, "log10_eta": -3.7285977819221885, "log10_lambda": 0.8625280231641019, "log10_min_child_weight": 0.459290613106737, "log10_subsample": -0.35519252617541996, "max_depth": 5.0, "num_boost_round": 7.0}, "datetime": {"datetime": "2024-01-19 01:25:01", "elapsed": 4433.42816, "delta": 0.00498}}
{"target": -13.758512782519038, "params": {"gamma": 571.7046739154617, "log10_alpha": -1.6003417131857427, "log10_colsample_bytree": -0.3168616467281593, "log10_eta": -3.7285977819221885, "log10_lambda": 0.8625280231641019, "log10_min_child_weight": 0.459290613106737, "log10_subsample": -0.35519252617541996, "max_depth": 5.0, "num_boost_round": 8.0}, "datetime": {"datetime": "2024-01-19 01:25:01", "elapsed": 4433.432823, "delta": 0.004663}}
{"target": -13.758509894547219, "params": {"gamma": 571.7046739154617, "log10_alpha": -1.6003417131857427, "log10_colsample_bytree": -0.3168616467281593, "log10_eta": -3.7285977819221885, "log10_lambda": 0.8625280231641019, "log10_min_child_weight": 0.459290613106737, "log10_subsample": -0.35519252617541996, "max_depth": 5.0, "num_boost_round": 9.0}, "datetime": {"datetime": "2024-01-19 01:25:01", "elapsed": 4433.437543, "delta": 0.00472}}
{"target": -13.758502003452945, "params": {"gamma": 571.7046739154617, "log10_alpha": -1.6003417131857427, "log10_colsample_bytree": -0.3168616467281593, "log10_eta": -3.7285977819221885, "log10_lambda": 0.8625280231641019, "log10_min_child_weight": 0.459290613106737, "log10_subsample": -0.35519252617541996, "max_depth": 5.0, "num_boost_round": 10.0}, "datetime": {"datetime": "2024-01-19 01:25:01", "elapsed": 4433.442244, "delta": 0.004701}}
{"target": -13.75849676103714, "params": {"gamma": 571.7046739154617, "log10_alpha": -1.6003417131857427, "log10_colsample_bytree": -0.3168616467281593, "log10_eta": -3.7285977819221885, "log10_lambda": 0.8625280231641019, "log10_min_child_weight": 0.459290613106737, "log10_subsample": -0.35519252617541996, "max_depth": 5.0, "num_boost_round": 11.0}, "datetime": {"datetime": "2024-01-19 01:25:01", "elapsed": 4433.447345, "delta": 0.005101}}
{"target": -13.75849846351603, "params": {"gamma": 571.7046739154617, "log10_alpha": -1.6003417131857427, "log10_colsample_bytree": -0.3168616467281593, "log10_eta": -3.7285977819221885, "log10_lambda": 0.8625280231641019, "log10_min_child_weight": 0.459290613106737, "log10_subsample": -0.35519252617541996, "max_depth": 5.0, "num_boost_round": 12.0}, "datetime": {"datetime": "2024-01-19 01:25:01", "elapsed": 4433.452366, "delta": 0.005021}}
{"target": -13.758498786979041, "params": {"gamma": 571.7046739154617, "log10_alpha": -1.6003417131857427, "log10_colsample_bytree": -0.3168616467281593, "log10_eta": -3.7285977819221885, "log10_lambda": 0.8625280231641019, "log10_min_child_weight": 0.459290613106737, "log10_subsample": -0.35519252617541996, "max_depth": 5.0, "num_boost_round": 13.0}, "datetime": {"datetime": "2024-01-19 01:25:01", "elapsed": 4433.457224, "delta": 0.004858}}
{"target": -13.75849213386856, "params": {"gamma": 571.7046739154617, "log10_alpha": -1.6003417131857427, "log10_colsample_bytree": -0.3168616467281593, "log10_eta": -3.7285977819221885, "log10_lambda": 0.8625280231641019, "log10_min_child_weight": 0.459290613106737, "log10_subsample": -0.35519252617541996, "max_depth": 5.0, "num_boost_round": 14.0}, "datetime": {"datetime": "2024-01-19 01:25:01", "elapsed": 4433.46193, "delta": 0.004706}}
{"target": -13.758488196931648, "params": {"gamma": 571.7046739154617, "log10_alpha": -1.6003417131857427, "log10_colsample_bytree": -0.3168616467281593, "log10_eta": -3.7285977819221885, "log10_lambda": 0.8625280231641019, "log10_min_child_weight": 0.459290613106737, "log10_subsample": -0.35519252617541996, "max_depth": 5.0, "num_boost_round": 15.0}, "datetime": {"datetime": "2024-01-19 01:25:01", "elapsed": 4433.466941, "delta": 0.005011}}
{"target": -13.758481391239235, "params": {"gamma": 571.7046739154617, "log10_alpha": -1.6003417131857427, "log10_colsample_bytree": -0.3168616467281593, "log10_eta": -3.7285977819221885, "log10_lambda": 0.8625280231641019, "log10_min_child_weight": 0.459290613106737, "log10_subsample": -0.35519252617541996, "max_depth": 5.0, "num_boost_round": 16.0}, "datetime": {"datetime": "2024-01-19 01:25:01", "elapsed": 4433.471799, "delta": 0.004858}}
{"target": -13.758538186649103, "params": {"gamma": 512.3428140134241, "log10_alpha": -3.2577124574259324, "log10_colsample_bytree": -0.901532844392443, "log10_eta": -4.0, "log10_lambda": 1.0, "log10_min_child_weight": 5.0, "log10_subsample": -0.8451694829792542, "max_depth": 2.0, "num_boost_round": 0.0}, "datetime": {"datetime": "2024-01-19 01:25:41", "elapsed": 4473.688919, "delta": 40.21712}}
{"target": -13.758537925179596, "params": {"gamma": 512.3428140134241, "log10_alpha": -3.2577124574259324, "log10_colsample_bytree": -0.901532844392443, "log10_eta": -4.0, "log10_lambda": 1.0, "log10_min_child_weight": 5.0, "log10_subsample": -0.8451694829792542, "max_depth": 2.0, "num_boost_round": 1.0}, "datetime": {"datetime": "2024-01-19 01:25:41", "elapsed": 4473.695351, "delta": 0.006432}}
{"target": -13.758537981222728, "params": {"gamma": 512.3428140134241, "log10_alpha": -3.2577124574259324, "log10_colsample_bytree": -0.901532844392443, "log10_eta": -4.0, "log10_lambda": 1.0, "log10_min_child_weight": 5.0, "log10_subsample": -0.8451694829792542, "max_depth": 2.0, "num_boost_round": 2.0}, "datetime": {"datetime": "2024-01-19 01:25:41", "elapsed": 4473.700259, "delta": 0.004908}}
{"target": -13.758538018019646, "params": {"gamma": 512.3428140134241, "log10_alpha": -3.2577124574259324, "log10_colsample_bytree": -0.901532844392443, "log10_eta": -4.0, "log10_lambda": 1.0, "log10_min_child_weight": 5.0, "log10_subsample": -0.8451694829792542, "max_depth": 2.0, "num_boost_round": 3.0}, "datetime": {"datetime": "2024-01-19 01:25:42", "elapsed": 4473.829911, "delta": 0.129652}}
{"target": -13.758538082173338, "params": {"gamma": 512.3428140134241, "log10_alpha": -3.2577124574259324, "log10_colsample_bytree": -0.901532844392443, "log10_eta": -4.0, "log10_lambda": 1.0, "log10_min_child_weight": 5.0, "log10_subsample": -0.8451694829792542, "max_depth": 2.0, "num_boost_round": 4.0}, "datetime": {"datetime": "2024-01-19 01:25:42", "elapsed": 4473.835336, "delta": 0.005425}}
{"target": -13.75853827965506, "params": {"gamma": 512.3428140134241, "log10_alpha": -3.2577124574259324, "log10_colsample_bytree": -0.901532844392443, "log10_eta": -4.0, "log10_lambda": 1.0, "log10_min_child_weight": 5.0, "log10_subsample": -0.8451694829792542, "max_depth": 2.0, "num_boost_round": 5.0}, "datetime": {"datetime": "2024-01-19 01:25:42", "elapsed": 4473.84073, "delta": 0.005394}}
{"target": -13.758538174142222, "params": {"gamma": 512.3428140134241, "log10_alpha": -3.2577124574259324, "log10_colsample_bytree": -0.901532844392443, "log10_eta": -4.0, "log10_lambda": 1.0, "log10_min_child_weight": 5.0, "log10_subsample": -0.8451694829792542, "max_depth": 2.0, "num_boost_round": 6.0}, "datetime": {"datetime": "2024-01-19 01:25:42", "elapsed": 4473.84653, "delta": 0.0058}}
{"target": -13.758537819732254, "params": {"gamma": 512.3428140134241, "log10_alpha": -3.2577124574259324, "log10_colsample_bytree": -0.901532844392443, "log10_eta": -4.0, "log10_lambda": 1.0, "log10_min_child_weight": 5.0, "log10_subsample": -0.8451694829792542, "max_depth": 2.0, "num_boost_round": 7.0}, "datetime": {"datetime": "2024-01-19 01:25:42", "elapsed": 4473.852582, "delta": 0.006052}}
{"target": -13.758537728707559, "params": {"gamma": 512.3428140134241, "log10_alpha": -3.2577124574259324, "log10_colsample_bytree": -0.901532844392443, "log10_eta": -4.0, "log10_lambda": 1.0, "log10_min_child_weight": 5.0, "log10_subsample": -0.8451694829792542, "max_depth": 2.0, "num_boost_round": 8.0}, "datetime": {"datetime": "2024-01-19 01:25:42", "elapsed": 4473.857601, "delta": 0.005019}}
{"target": -13.758537915870212, "params": {"gamma": 512.3428140134241, "log10_alpha": -3.2577124574259324, "log10_colsample_bytree": -0.901532844392443, "log10_eta": -4.0, "log10_lambda": 1.0, "log10_min_child_weight": 5.0, "log10_subsample": -0.8451694829792542, "max_depth": 2.0, "num_boost_round": 9.0}, "datetime": {"datetime": "2024-01-19 01:25:42", "elapsed": 4473.862652, "delta": 0.005051}}
{"target": -13.758537828806524, "params": {"gamma": 512.3428140134241, "log10_alpha": -3.2577124574259324, "log10_colsample_bytree": -0.901532844392443, "log10_eta": -4.0, "log10_lambda": 1.0, "log10_min_child_weight": 5.0, "log10_subsample": -0.8451694829792542, "max_depth": 2.0, "num_boost_round": 10.0}, "datetime": {"datetime": "2024-01-19 01:25:42", "elapsed": 4473.868164, "delta": 0.005512}}
{"target": -13.758535534771639, "params": {"gamma": 568.3685968126881, "log10_alpha": 0.26254813015185974, "log10_colsample_bytree": -0.5018601702167436, "log10_eta": -3.73076064638452, "log10_lambda": -2.02909580195431, "log10_min_child_weight": 2.8012620618502337, "log10_subsample": -0.48565106335150887, "max_depth": 5.0, "num_boost_round": 0.0}, "datetime": {"datetime": "2024-01-19 01:27:00", "elapsed": 4552.63772, "delta": 78.769556}}
{"target": -13.758528822304848, "params": {"gamma": 568.3685968126881, "log10_alpha": 0.26254813015185974, "log10_colsample_bytree": -0.5018601702167436, "log10_eta": -3.73076064638452, "log10_lambda": -2.02909580195431, "log10_min_child_weight": 2.8012620618502337, "log10_subsample": -0.48565106335150887, "max_depth": 5.0, "num_boost_round": 1.0}, "datetime": {"datetime": "2024-01-19 01:27:00", "elapsed": 4552.643569, "delta": 0.005849}}
{"target": -13.7585250092878, "params": {"gamma": 568.3685968126881, "log10_alpha": 0.26254813015185974, "log10_colsample_bytree": -0.5018601702167436, "log10_eta": -3.73076064638452, "log10_lambda": -2.02909580195431, "log10_min_child_weight": 2.8012620618502337, "log10_subsample": -0.48565106335150887, "max_depth": 5.0, "num_boost_round": 2.0}, "datetime": {"datetime": "2024-01-19 01:27:00", "elapsed": 4552.648736, "delta": 0.005167}}
{"target": -13.7585217903236, "params": {"gamma": 568.3685968126881, "log10_alpha": 0.26254813015185974, "log10_colsample_bytree": -0.5018601702167436, "log10_eta": -3.73076064638452, "log10_lambda": -2.02909580195431, "log10_min_child_weight": 2.8012620618502337, "log10_subsample": -0.48565106335150887, "max_depth": 5.0, "num_boost_round": 3.0}, "datetime": {"datetime": "2024-01-19 01:27:00", "elapsed": 4552.653748, "delta": 0.005012}}
{"target": -13.758518100247539, "params": {"gamma": 568.3685968126881, "log10_alpha": 0.26254813015185974, "log10_colsample_bytree": -0.5018601702167436, "log10_eta": -3.73076064638452, "log10_lambda": -2.02909580195431, "log10_min_child_weight": 2.8012620618502337, "log10_subsample": -0.48565106335150887, "max_depth": 5.0, "num_boost_round": 4.0}, "datetime": {"datetime": "2024-01-19 01:27:00", "elapsed": 4552.658678, "delta": 0.00493}}
{"target": -13.758510380849621, "params": {"gamma": 568.3685968126881, "log10_alpha": 0.26254813015185974, "log10_colsample_bytree": -0.5018601702167436, "log10_eta": -3.73076064638452, "log10_lambda": -2.02909580195431, "log10_min_child_weight": 2.8012620618502337, "log10_subsample": -0.48565106335150887, "max_depth": 5.0, "num_boost_round": 5.0}, "datetime": {"datetime": "2024-01-19 01:27:00", "elapsed": 4552.663675, "delta": 0.004997}}
{"target": -13.75850590266385, "params": {"gamma": 568.3685968126881, "log10_alpha": 0.26254813015185974, "log10_colsample_bytree": -0.5018601702167436, "log10_eta": -3.73076064638452, "log10_lambda": -2.02909580195431, "log10_min_child_weight": 2.8012620618502337, "log10_subsample": -0.48565106335150887, "max_depth": 5.0, "num_boost_round": 6.0}, "datetime": {"datetime": "2024-01-19 01:27:00", "elapsed": 4552.668611, "delta": 0.004936}}
{"target": -13.758499925457278, "params": {"gamma": 568.3685968126881, "log10_alpha": 0.26254813015185974, "log10_colsample_bytree": -0.5018601702167436, "log10_eta": -3.73076064638452, "log10_lambda": -2.02909580195431, "log10_min_child_weight": 2.8012620618502337, "log10_subsample": -0.48565106335150887, "max_depth": 5.0, "num_boost_round": 7.0}, "datetime": {"datetime": "2024-01-19 01:27:00", "elapsed": 4552.673449, "delta": 0.004838}}
{"target": -13.758499576675574, "params": {"gamma": 568.3685968126881, "log10_alpha": 0.26254813015185974, "log10_colsample_bytree": -0.5018601702167436, "log10_eta": -3.73076064638452, "log10_lambda": -2.02909580195431, "log10_min_child_weight": 2.8012620618502337, "log10_subsample": -0.48565106335150887, "max_depth": 5.0, "num_boost_round": 8.0}, "datetime": {"datetime": "2024-01-19 01:27:00", "elapsed": 4552.678315, "delta": 0.004866}}
{"target": -13.758495009830499, "params": {"gamma": 568.3685968126881, "log10_alpha": 0.26254813015185974, "log10_colsample_bytree": -0.5018601702167436, "log10_eta": -3.73076064638452, "log10_lambda": -2.02909580195431, "log10_min_child_weight": 2.8012620618502337, "log10_subsample": -0.48565106335150887, "max_depth": 5.0, "num_boost_round": 9.0}, "datetime": {"datetime": "2024-01-19 01:27:00", "elapsed": 4552.683168, "delta": 0.004853}}
{"target": -13.758495588772568, "params": {"gamma": 568.3685968126881, "log10_alpha": 0.26254813015185974, "log10_colsample_bytree": -0.5018601702167436, "log10_eta": -3.73076064638452, "log10_lambda": -2.02909580195431, "log10_min_child_weight": 2.8012620618502337, "log10_subsample": -0.48565106335150887, "max_depth": 5.0, "num_boost_round": 10.0}, "datetime": {"datetime": "2024-01-19 01:27:00", "elapsed": 4552.687954, "delta": 0.004786}}
{"target": -13.758493051398588, "params": {"gamma": 568.3685968126881, "log10_alpha": 0.26254813015185974, "log10_colsample_bytree": -0.5018601702167436, "log10_eta": -3.73076064638452, "log10_lambda": -2.02909580195431, "log10_min_child_weight": 2.8012620618502337, "log10_subsample": -0.48565106335150887, "max_depth": 5.0, "num_boost_round": 11.0}, "datetime": {"datetime": "2024-01-19 01:27:00", "elapsed": 4552.692769, "delta": 0.004815}}
{"target": -13.758496037062752, "params": {"gamma": 568.3685968126881, "log10_alpha": 0.26254813015185974, "log10_colsample_bytree": -0.5018601702167436, "log10_eta": -3.73076064638452, "log10_lambda": -2.02909580195431, "log10_min_child_weight": 2.8012620618502337, "log10_subsample": -0.48565106335150887, "max_depth": 5.0, "num_boost_round": 12.0}, "datetime": {"datetime": "2024-01-19 01:27:00", "elapsed": 4552.697683, "delta": 0.004914}}
{"target": -13.75849899298661, "params": {"gamma": 568.3685968126881, "log10_alpha": 0.26254813015185974, "log10_colsample_bytree": -0.5018601702167436, "log10_eta": -3.73076064638452, "log10_lambda": -2.02909580195431, "log10_min_child_weight": 2.8012620618502337, "log10_subsample": -0.48565106335150887, "max_depth": 5.0, "num_boost_round": 13.0}, "datetime": {"datetime": "2024-01-19 01:27:00", "elapsed": 4552.702483, "delta": 0.0048}}
{"target": -13.758493592713567, "params": {"gamma": 568.3685968126881, "log10_alpha": 0.26254813015185974, "log10_colsample_bytree": -0.5018601702167436, "log10_eta": -3.73076064638452, "log10_lambda": -2.02909580195431, "log10_min_child_weight": 2.8012620618502337, "log10_subsample": -0.48565106335150887, "max_depth": 5.0, "num_boost_round": 14.0}, "datetime": {"datetime": "2024-01-19 01:27:00", "elapsed": 4552.707358, "delta": 0.004875}}
{"target": -13.758486586898648, "params": {"gamma": 568.3685968126881, "log10_alpha": 0.26254813015185974, "log10_colsample_bytree": -0.5018601702167436, "log10_eta": -3.73076064638452, "log10_lambda": -2.02909580195431, "log10_min_child_weight": 2.8012620618502337, "log10_subsample": -0.48565106335150887, "max_depth": 5.0, "num_boost_round": 15.0}, "datetime": {"datetime": "2024-01-19 01:27:00", "elapsed": 4552.712129, "delta": 0.004771}}
{"target": -13.758488382463321, "params": {"gamma": 568.3685968126881, "log10_alpha": 0.26254813015185974, "log10_colsample_bytree": -0.5018601702167436, "log10_eta": -3.73076064638452, "log10_lambda": -2.02909580195431, "log10_min_child_weight": 2.8012620618502337, "log10_subsample": -0.48565106335150887, "max_depth": 5.0, "num_boost_round": 16.0}, "datetime": {"datetime": "2024-01-19 01:27:00", "elapsed": 4552.717003, "delta": 0.004874}}
{"target": -13.75849018454141, "params": {"gamma": 568.3685968126881, "log10_alpha": 0.26254813015185974, "log10_colsample_bytree": -0.5018601702167436, "log10_eta": -3.73076064638452, "log10_lambda": -2.02909580195431, "log10_min_child_weight": 2.8012620618502337, "log10_subsample": -0.48565106335150887, "max_depth": 5.0, "num_boost_round": 17.0}, "datetime": {"datetime": "2024-01-19 01:27:00", "elapsed": 4552.721732, "delta": 0.004729}}
{"target": -13.758488733043661, "params": {"gamma": 568.3685968126881, "log10_alpha": 0.26254813015185974, "log10_colsample_bytree": -0.5018601702167436, "log10_eta": -3.73076064638452, "log10_lambda": -2.02909580195431, "log10_min_child_weight": 2.8012620618502337, "log10_subsample": -0.48565106335150887, "max_depth": 5.0, "num_boost_round": 18.0}, "datetime": {"datetime": "2024-01-19 01:27:00", "elapsed": 4552.726631, "delta": 0.004899}}
{"target": -13.75848484313551, "params": {"gamma": 568.3685968126881, "log10_alpha": 0.26254813015185974, "log10_colsample_bytree": -0.5018601702167436, "log10_eta": -3.73076064638452, "log10_lambda": -2.02909580195431, "log10_min_child_weight": 2.8012620618502337, "log10_subsample": -0.48565106335150887, "max_depth": 5.0, "num_boost_round": 19.0}, "datetime": {"datetime": "2024-01-19 01:27:00", "elapsed": 4552.731375, "delta": 0.004744}}
{"target": -13.758482830381922, "params": {"gamma": 568.3685968126881, "log10_alpha": 0.26254813015185974, "log10_colsample_bytree": -0.5018601702167436, "log10_eta": -3.73076064638452, "log10_lambda": -2.02909580195431, "log10_min_child_weight": 2.8012620618502337, "log10_subsample": -0.48565106335150887, "max_depth": 5.0, "num_boost_round": 20.0}, "datetime": {"datetime": "2024-01-19 01:27:00", "elapsed": 4552.736178, "delta": 0.004803}}
{"target": -13.758482030161906, "params": {"gamma": 568.3685968126881, "log10_alpha": 0.26254813015185974, "log10_colsample_bytree": -0.5018601702167436, "log10_eta": -3.73076064638452, "log10_lambda": -2.02909580195431, "log10_min_child_weight": 2.8012620618502337, "log10_subsample": -0.48565106335150887, "max_depth": 5.0, "num_boost_round": 21.0}, "datetime": {"datetime": "2024-01-19 01:27:00", "elapsed": 4552.740915, "delta": 0.004737}}
{"target": -13.75848250441196, "params": {"gamma": 568.3685968126881, "log10_alpha": 0.26254813015185974, "log10_colsample_bytree": -0.5018601702167436, "log10_eta": -3.73076064638452, "log10_lambda": -2.02909580195431, "log10_min_child_weight": 2.8012620618502337, "log10_subsample": -0.48565106335150887, "max_depth": 5.0, "num_boost_round": 22.0}, "datetime": {"datetime": "2024-01-19 01:27:00", "elapsed": 4552.745873, "delta": 0.004958}}
{"target": -13.758483142054335, "params": {"gamma": 568.3685968126881, "log10_alpha": 0.26254813015185974, "log10_colsample_bytree": -0.5018601702167436, "log10_eta": -3.73076064638452, "log10_lambda": -2.02909580195431, "log10_min_child_weight": 2.8012620618502337, "log10_subsample": -0.48565106335150887, "max_depth": 5.0, "num_boost_round": 23.0}, "datetime": {"datetime": "2024-01-19 01:27:00", "elapsed": 4552.750887, "delta": 0.005014}}
{"target": -13.758559553606634, "params": {"gamma": 562.399861118413, "log10_alpha": 0.10764946039698486, "log10_colsample_bytree": -0.8728259536287902, "log10_eta": -1.9283873745925888, "log10_lambda": 0.6937893346055128, "log10_min_child_weight": 4.586329956429322, "log10_subsample": -0.049243985309861515, "max_depth": 6.0, "num_boost_round": 0.0}, "datetime": {"datetime": "2024-01-19 01:28:01", "elapsed": 4613.483984, "delta": 60.733097}}
