{"target": -13.758567799612443, "params": {"gamma": 124.20645904995087, "log10_alpha": 0.4602422013487528, "log10_colsample_bytree": -0.7121327680736411, "log10_eta": -2.283127736135581, "log10_lambda": 0.9421052387581188, "log10_min_child_weight": 3.937240344095426, "log10_subsample": -0.7903828990241493, "max_depth": 5.0, "num_boost_round": 12.0}, "datetime": {"datetime": "2024-01-19 00:51:10", "elapsed": 2378.561152, "delta": 0.002603}}
{"target": -13.758583682034251, "params": {"gamma": 124.20645904995087, "log10_alpha": 0.4602422013487528, "log10_colsample_bytree": -0.7121327680736411, "log10_eta": -2.283127736135581, "log10_lambda": 0.9421052387581188, "log10_min_child_weight": 3.937240344095426, "log10_subsample": -0.7903828990241493, "max_depth": 5.0, "num_boost_round": 13.0}, "datetime": {"datetime": "2024-01-19 00:51:10", "elapsed": 2378.563588, "delta": 0.002436}}
{"target": -13.758582144155412, "params": {"gamma": 124.20645904995087, "log10_alpha": 0.4602422013487528, "log10_colsample_bytree": -0.7121327680736411, "log10_eta": -2.283127736135581, "log10_lambda": 0.9421052387581188, "log10_min_child_weight": 3.937240344095426, "log10_subsample": -0.7903828990241493, "max_depth": 5.0, "num_boost_round": 14.0}, "datetime": {"datetime": "2024-01-19 00:51:10", "elapsed": 2378.566083, "delta": 0.002495}}
{"target": -13.758567769005403, "params": {"gamma": 124.20645904995087, "log10_alpha": 0.4602422013487528, "log10_colsample_bytree": -0.7121327680736411, "log10_eta": -2.283127736135581, "log10_lambda": 0.9421052387581188, "log10_min_child_weight": 3.937240344095426, "log10_subsample": -0.7903828990241493, "max_depth": 5.0, "num_boost_round": 15.0}, "datetime": {"datetime": "2024-01-19 00:51:10", "elapsed": 2378.568538, "delta": 0.002455}}
{"target": -13.758528602603871, "params": {"gamma": 124.20645904995087, "log10_alpha": 0.4602422013487528, "log10_colsample_bytree": -0.7121327680736411, "log10_eta": -2.283127736135581, "log10_lambda": 0.9421052387581188, "log10_min_child_weight": 3.937240344095426, "log10_subsample": -0.7903828990241493, "max_depth": 5.0, "num_boost_round": 16.0}, "datetime": {"datetime": "2024-01-19 00:51:10", "elapsed": 2378.570988, "delta": 0.00245}}
{"target": -13.758456913439813, "params": {"gamma": 124.20645904995087, "log10_alpha": 0.4602422013487528, "log10_colsample_bytree": -0.7121327680736411, "log10_eta": -2.283127736135581, "log10_lambda": 0.9421052387581188, "log10_min_child_weight": 3.937240344095426, "log10_subsample": -0.7903828990241493, "max_depth": 5.0, "num_boost_round": 17.0}, "datetime": {"datetime": "2024-01-19 00:51:11", "elapsed": 2378.573523, "delta": 0.002535}}
{"target": -13.758462482594819, "params": {"gamma": 124.20645904995087, "log10_alpha": 0.4602422013487528, "log10_colsample_bytree": -0.7121327680736411, "log10_eta": -2.283127736135581, "log10_lambda": 0.9421052387581188, "log10_min_child_weight": 3.937240344095426, "log10_subsample": -0.7903828990241493, "max_depth": 5.0, "num_boost_round": 18.0}, "datetime": {"datetime": "2024-01-19 00:51:11", "elapsed": 2378.575972, "delta": 0.002449}}
{"target": -13.758472822604453, "params": {"gamma": 124.20645904995087, "log10_alpha": 0.4602422013487528, "log10_colsample_bytree": -0.7121327680736411, "log10_eta": -2.283127736135581, "log10_lambda": 0.9421052387581188, "log10_min_child_weight": 3.937240344095426, "log10_subsample": -0.7903828990241493, "max_depth": 5.0, "num_boost_round": 19.0}, "datetime": {"datetime": "2024-01-19 00:51:11", "elapsed": 2378.578506, "delta": 0.002534}}
{"target": -13.758504674870435, "params": {"gamma": 124.20645904995087, "log10_alpha": 0.4602422013487528, "log10_colsample_bytree": -0.7121327680736411, "log10_eta": -2.283127736135581, "log10_lambda": 0.9421052387581188, "log10_min_child_weight": 3.937240344095426, "log10_subsample": -0.7903828990241493, "max_depth": 5.0, "num_boost_round": 20.0}, "datetime": {"datetime": "2024-01-19 00:51:11", "elapsed": 2378.581137, "delta": 0.002631}}
{"target": -13.758530238427173, "params": {"gamma": 124.20645904995087, "log10_alpha": 0.4602422013487528, "log10_colsample_bytree": -0.7121327680736411, "log10_eta": -2.283127736135581, "log10_lambda": 0.9421052387581188, "log10_min_child_weight": 3.937240344095426, "log10_subsample": -0.7903828990241493, "max_depth": 5.0, "num_boost_round": 21.0}, "datetime": {"datetime": "2024-01-19 00:51:11", "elapsed": 2378.583583, "delta": 0.002446}}
{"target": -13.758549376051478, "params": {"gamma": 124.20645904995087, "log10_alpha": 0.4602422013487528, "log10_colsample_bytree": -0.7121327680736411, "log10_eta": -2.283127736135581, "log10_lambda": 0.9421052387581188, "log10_min_child_weight": 3.937240344095426, "log10_subsample": -0.7903828990241493, "max_depth": 5.0, "num_boost_round": 22.0}, "datetime": {"datetime": "2024-01-19 00:51:11", "elapsed": 2378.586065, "delta": 0.002482}}
{"target": -13.758543210252109, "params": {"gamma": 124.20645904995087, "log10_alpha": 0.4602422013487528, "log10_colsample_bytree": -0.7121327680736411, "log10_eta": -2.283127736135581, "log10_lambda": 0.9421052387581188, "log10_min_child_weight": 3.937240344095426, "log10_subsample": -0.7903828990241493, "max_depth": 5.0, "num_boost_round": 23.0}, "datetime": {"datetime": "2024-01-19 00:51:11", "elapsed": 2378.588561, "delta": 0.002496}}
{"target": -13.758570389461907, "params": {"gamma": 124.20645904995087, "log10_alpha": 0.4602422013487528, "log10_colsample_bytree": -0.7121327680736411, "log10_eta": -2.283127736135581, "log10_lambda": 0.9421052387581188, "log10_min_child_weight": 3.937240344095426, "log10_subsample": -0.7903828990241493, "max_depth": 5.0, "num_boost_round": 24.0}, "datetime": {"datetime": "2024-01-19 00:51:11", "elapsed": 2378.591133, "delta": 0.002572}}
{"target": -13.758499031547766, "params": {"gamma": 126.51647425874835, "log10_alpha": -1.1113883776828812, "log10_colsample_bytree": -0.9462814089883682, "log10_eta": -2.6532720798890144, "log10_lambda": -2.8716732349825356, "log10_min_child_weight": 0.11041014048234599, "log10_subsample": -0.05126166373294894, "max_depth": 7.0, "num_boost_round": 0.0}, "datetime": {"datetime": "2024-01-19 00:51:46", "elapsed": 2413.914714, "delta": 35.323581}}
{"target": -13.758575441492566, "params": {"gamma": 126.51647425874835, "log10_alpha": -1.1113883776828812, "log10_colsample_bytree": -0.9462814089883682, "log10_eta": -2.6532720798890144, "log10_lambda": -2.8716732349825356, "log10_min_child_weight": 0.11041014048234599, "log10_subsample": -0.05126166373294894, "max_depth": 7.0, "num_boost_round": 1.0}, "datetime": {"datetime": "2024-01-19 00:51:46", "elapsed": 2413.918497, "delta": 0.003783}}
{"target": -13.758532759774072, "params": {"gamma": 126.51647425874835, "log10_alpha": -1.1113883776828812, "log10_colsample_bytree": -0.9462814089883682, "log10_eta": -2.6532720798890144, "log10_lambda": -2.8716732349825356, "log10_min_child_weight": 0.11041014048234599, "log10_subsample": -0.05126166373294894, "max_depth": 7.0, "num_boost_round": 2.0}, "datetime": {"datetime": "2024-01-19 00:51:46", "elapsed": 2413.921247, "delta": 0.00275}}
{"target": -13.758483221802514, "params": {"gamma": 126.51647425874835, "log10_alpha": -1.1113883776828812, "log10_colsample_bytree": -0.9462814089883682, "log10_eta": -2.6532720798890144, "log10_lambda": -2.8716732349825356, "log10_min_child_weight": 0.11041014048234599, "log10_subsample": -0.05126166373294894, "max_depth": 7.0, "num_boost_round": 3.0}, "datetime": {"datetime": "2024-01-19 00:51:46", "elapsed": 2413.923914, "delta": 0.002667}}
{"target": -13.758466996102188, "params": {"gamma": 126.51647425874835, "log10_alpha": -1.1113883776828812, "log10_colsample_bytree": -0.9462814089883682, "log10_eta": -2.6532720798890144, "log10_lambda": -2.8716732349825356, "log10_min_child_weight": 0.11041014048234599, "log10_subsample": -0.05126166373294894, "max_depth": 7.0, "num_boost_round": 4.0}, "datetime": {"datetime": "2024-01-19 00:51:46", "elapsed": 2413.926509, "delta": 0.002595}}
{"target": -13.75844798504373, "params": {"gamma": 126.51647425874835, "log10_alpha": -1.1113883776828812, "log10_colsample_bytree": -0.9462814089883682, "log10_eta": -2.6532720798890144, "log10_lambda": -2.8716732349825356, "log10_min_child_weight": 0.11041014048234599, "log10_subsample": -0.05126166373294894, "max_depth": 7.0, "num_boost_round": 5.0}, "datetime": {"datetime": "2024-01-19 00:51:46", "elapsed": 2413.929023, "delta": 0.002514}}
{"target": -13.758504133057182, "params": {"gamma": 126.51647425874835, "log10_alpha": -1.1113883776828812, "log10_colsample_bytree": -0.9462814089883682, "log10_eta": -2.6532720798890144, "log10_lambda": -2.8716732349825356, "log10_min_child_weight": 0.11041014048234599, "log10_subsample": -0.05126166373294894, "max_depth": 7.0, "num_boost_round": 6.0}, "datetime": {"datetime": "2024-01-19 00:51:46", "elapsed": 2413.93155, "delta": 0.002527}}
{"target": -13.758451828413277, "params": {"gamma": 126.51647425874835, "log10_alpha": -1.1113883776828812, "log10_colsample_bytree": -0.9462814089883682, "log10_eta": -2.6532720798890144, "log10_lambda": -2.8716732349825356, "log10_min_child_weight": 0.11041014048234599, "log10_subsample": -0.05126166373294894, "max_depth": 7.0, "num_boost_round": 7.0}, "datetime": {"datetime": "2024-01-19 00:51:46", "elapsed": 2413.934053, "delta": 0.002503}}
{"target": -13.758443970470042, "params": {"gamma": 126.51647425874835, "log10_alpha": -1.1113883776828812, "log10_colsample_bytree": -0.9462814089883682, "log10_eta": -2.6532720798890144, "log10_lambda": -2.8716732349825356, "log10_min_child_weight": 0.11041014048234599, "log10_subsample": -0.05126166373294894, "max_depth": 7.0, "num_boost_round": 8.0}, "datetime": {"datetime": "2024-01-19 00:51:46", "elapsed": 2413.936529, "delta": 0.002476}}
{"target": -13.758417383886831, "params": {"gamma": 126.51647425874835, "log10_alpha": -1.1113883776828812, "log10_colsample_bytree": -0.9462814089883682, "log10_eta": -2.6532720798890144, "log10_lambda": -2.8716732349825356, "log10_min_child_weight": 0.11041014048234599, "log10_subsample": -0.05126166373294894, "max_depth": 7.0, "num_boost_round": 9.0}, "datetime": {"datetime": "2024-01-19 00:51:46", "elapsed": 2413.939044, "delta": 0.002515}}
{"target": -13.758432041549105, "params": {"gamma": 126.51647425874835, "log10_alpha": -1.1113883776828812, "log10_colsample_bytree": -0.9462814089883682, "log10_eta": -2.6532720798890144, "log10_lambda": -2.8716732349825356, "log10_min_child_weight": 0.11041014048234599, "log10_subsample": -0.05126166373294894, "max_depth": 7.0, "num_boost_round": 10.0}, "datetime": {"datetime": "2024-01-19 00:51:46", "elapsed": 2413.941538, "delta": 0.002494}}
{"target": -13.758415003251882, "params": {"gamma": 126.51647425874835, "log10_alpha": -1.1113883776828812, "log10_colsample_bytree": -0.9462814089883682, "log10_eta": -2.6532720798890144, "log10_lambda": -2.8716732349825356, "log10_min_child_weight": 0.11041014048234599, "log10_subsample": -0.05126166373294894, "max_depth": 7.0, "num_boost_round": 11.0}, "datetime": {"datetime": "2024-01-19 00:51:46", "elapsed": 2413.944071, "delta": 0.002533}}
{"target": -13.75841685682548, "params": {"gamma": 126.51647425874835, "log10_alpha": -1.1113883776828812, "log10_colsample_bytree": -0.9462814089883682, "log10_eta": -2.6532720798890144, "log10_lambda": -2.8716732349825356, "log10_min_child_weight": 0.11041014048234599, "log10_subsample": -0.05126166373294894, "max_depth": 7.0, "num_boost_round": 12.0}, "datetime": {"datetime": "2024-01-19 00:51:46", "elapsed": 2413.946587, "delta": 0.002516}}
{"target": -13.758348494154305, "params": {"gamma": 126.51647425874835, "log10_alpha": -1.1113883776828812, "log10_colsample_bytree": -0.9462814089883682, "log10_eta": -2.6532720798890144, "log10_lambda": -2.8716732349825356, "log10_min_child_weight": 0.11041014048234599, "log10_subsample": -0.05126166373294894, "max_depth": 7.0, "num_boost_round": 13.0}, "datetime": {"datetime": "2024-01-19 00:51:46", "elapsed": 2413.949134, "delta": 0.002547}}
{"target": -13.758391443433318, "params": {"gamma": 126.51647425874835, "log10_alpha": -1.1113883776828812, "log10_colsample_bytree": -0.9462814089883682, "log10_eta": -2.6532720798890144, "log10_lambda": -2.8716732349825356, "log10_min_child_weight": 0.11041014048234599, "log10_subsample": -0.05126166373294894, "max_depth": 7.0, "num_boost_round": 14.0}, "datetime": {"datetime": "2024-01-19 00:51:46", "elapsed": 2413.95166, "delta": 0.002526}}
{"target": -13.758345787432802, "params": {"gamma": 126.51647425874835, "log10_alpha": -1.1113883776828812, "log10_colsample_bytree": -0.9462814089883682, "log10_eta": -2.6532720798890144, "log10_lambda": -2.8716732349825356, "log10_min_child_weight": 0.11041014048234599, "log10_subsample": -0.05126166373294894, "max_depth": 7.0, "num_boost_round": 15.0}, "datetime": {"datetime": "2024-01-19 00:51:46", "elapsed": 2413.954148, "delta": 0.002488}}
{"target": -13.75835205721691, "params": {"gamma": 126.51647425874835, "log10_alpha": -1.1113883776828812, "log10_colsample_bytree": -0.9462814089883682, "log10_eta": -2.6532720798890144, "log10_lambda": -2.8716732349825356, "log10_min_child_weight": 0.11041014048234599, "log10_subsample": -0.05126166373294894, "max_depth": 7.0, "num_boost_round": 16.0}, "datetime": {"datetime": "2024-01-19 00:51:46", "elapsed": 2413.956632, "delta": 0.002484}}
{"target": -13.758259895278883, "params": {"gamma": 126.51647425874835, "log10_alpha": -1.1113883776828812, "log10_colsample_bytree": -0.9462814089883682, "log10_eta": -2.6532720798890144, "log10_lambda": -2.8716732349825356, "log10_min_child_weight": 0.11041014048234599, "log10_subsample": -0.05126166373294894, "max_depth": 7.0, "num_boost_round": 17.0}, "datetime": {"datetime": "2024-01-19 00:51:46", "elapsed": 2413.959123, "delta": 0.002491}}
{"target": -13.758212886582537, "params": {"gamma": 126.51647425874835, "log10_alpha": -1.1113883776828812, "log10_colsample_bytree": -0.9462814089883682, "log10_eta": -2.6532720798890144, "log10_lambda": -2.8716732349825356, "log10_min_child_weight": 0.11041014048234599, "log10_subsample": -0.05126166373294894, "max_depth": 7.0, "num_boost_round": 18.0}, "datetime": {"datetime": "2024-01-19 00:51:46", "elapsed": 2413.961662, "delta": 0.002539}}
{"target": -13.758246713786546, "params": {"gamma": 126.51647425874835, "log10_alpha": -1.1113883776828812, "log10_colsample_bytree": -0.9462814089883682, "log10_eta": -2.6532720798890144, "log10_lambda": -2.8716732349825356, "log10_min_child_weight": 0.11041014048234599, "log10_subsample": -0.05126166373294894, "max_depth": 7.0, "num_boost_round": 19.0}, "datetime": {"datetime": "2024-01-19 00:51:46", "elapsed": 2413.964205, "delta": 0.002543}}
{"target": -13.758155866760362, "params": {"gamma": 126.51647425874835, "log10_alpha": -1.1113883776828812, "log10_colsample_bytree": -0.9462814089883682, "log10_eta": -2.6532720798890144, "log10_lambda": -2.8716732349825356, "log10_min_child_weight": 0.11041014048234599, "log10_subsample": -0.05126166373294894, "max_depth": 7.0, "num_boost_round": 20.0}, "datetime": {"datetime": "2024-01-19 00:51:46", "elapsed": 2413.966731, "delta": 0.002526}}
{"target": -13.757927469239497, "params": {"gamma": 126.51647425874835, "log10_alpha": -1.1113883776828812, "log10_colsample_bytree": -0.9462814089883682, "log10_eta": -2.6532720798890144, "log10_lambda": -2.8716732349825356, "log10_min_child_weight": 0.11041014048234599, "log10_subsample": -0.05126166373294894, "max_depth": 7.0, "num_boost_round": 21.0}, "datetime": {"datetime": "2024-01-19 00:51:46", "elapsed": 2413.969266, "delta": 0.002535}}
{"target": -13.757874722795677, "params": {"gamma": 126.51647425874835, "log10_alpha": -1.1113883776828812, "log10_colsample_bytree": -0.9462814089883682, "log10_eta": -2.6532720798890144, "log10_lambda": -2.8716732349825356, "log10_min_child_weight": 0.11041014048234599, "log10_subsample": -0.05126166373294894, "max_depth": 7.0, "num_boost_round": 22.0}, "datetime": {"datetime": "2024-01-19 00:51:46", "elapsed": 2413.972304, "delta": 0.003038}}
{"target": -13.757774756571004, "params": {"gamma": 126.51647425874835, "log10_alpha": -1.1113883776828812, "log10_colsample_bytree": -0.9462814089883682, "log10_eta": -2.6532720798890144, "log10_lambda": -2.8716732349825356, "log10_min_child_weight": 0.11041014048234599, "log10_subsample": -0.05126166373294894, "max_depth": 7.0, "num_boost_round": 23.0}, "datetime": {"datetime": "2024-01-19 00:51:46", "elapsed": 2413.975141, "delta": 0.002837}}
{"target": -13.757784164357432, "params": {"gamma": 126.51647425874835, "log10_alpha": -1.1113883776828812, "log10_colsample_bytree": -0.9462814089883682, "log10_eta": -2.6532720798890144, "log10_lambda": -2.8716732349825356, "log10_min_child_weight": 0.11041014048234599, "log10_subsample": -0.05126166373294894, "max_depth": 7.0, "num_boost_round": 24.0}, "datetime": {"datetime": "2024-01-19 00:51:46", "elapsed": 2413.977841, "delta": 0.0027}}
{"target": -13.757557533599465, "params": {"gamma": 117.92874587640523, "log10_alpha": -0.5213422114179673, "log10_colsample_bytree": -0.2974463162394392, "log10_eta": -1.2179056871609446, "log10_lambda": -0.6103014378770002, "log10_min_child_weight": 1.1409658650940675, "log10_subsample": -0.7267534389181187, "max_depth": 9.0, "num_boost_round": 0.0}, "datetime": {"datetime": "2024-01-19 00:52:23", "elapsed": 2450.637472, "delta": 36.659631}}
{"target": -13.75926535883357, "params": {"gamma": 117.92874587640523, "log10_alpha": -0.5213422114179673, "log10_colsample_bytree": -0.2974463162394392, "log10_eta": -1.2179056871609446, "log10_lambda": -0.6103014378770002, "log10_min_child_weight": 1.1409658650940675, "log10_subsample": -0.7267534389181187, "max_depth": 9.0, "num_boost_round": 1.0}, "datetime": {"datetime": "2024-01-19 00:52:23", "elapsed": 2450.640996, "delta": 0.003524}}
{"target": -13.758824685760914, "params": {"gamma": 117.92874587640523, "log10_alpha": -0.5213422114179673, "log10_colsample_bytree": -0.2974463162394392, "log10_eta": -1.2179056871609446, "log10_lambda": -0.6103014378770002, "log10_min_child_weight": 1.1409658650940675, "log10_subsample": -0.7267534389181187, "max_depth": 9.0, "num_boost_round": 2.0}, "datetime": {"datetime": "2024-01-19 00:52:23", "elapsed": 2450.644186, "delta": 0.00319}}
{"target": -13.760234083581688, "params": {"gamma": 117.92874587640523, "log10_alpha": -0.5213422114179673, "log10_colsample_bytree": -0.2974463162394392, "log10_eta": -1.2179056871609446, "log10_lambda": -0.6103014378770002, "log10_min_child_weight": 1.1409658650940675, "log10_subsample": -0.7267534389181187, "max_depth": 9.0, "num_boost_round": 3.0}, "datetime": {"datetime": "2024-01-19 00:52:23", "elapsed": 2450.646749, "delta": 0.002563}}
{"target": -13.763846846804888, "params": {"gamma": 117.92874587640523, "log10_alpha": -0.5213422114179673, "log10_colsample_bytree": -0.2974463162394392, "log10_eta": -1.2179056871609446, "log10_lambda": -0.6103014378770002, "log10_min_child_weight": 1.1409658650940675, "log10_subsample": -0.7267534389181187, "max_depth": 9.0, "num_boost_round": 4.0}, "datetime": {"datetime": "2024-01-19 00:52:23", "elapsed": 2450.649297, "delta": 0.002548}}
{"target": -13.767196160886447, "params": {"gamma": 117.92874587640523, "log10_alpha": -0.5213422114179673, "log10_colsample_bytree": -0.2974463162394392, "log10_eta": -1.2179056871609446, "log10_lambda": -0.6103014378770002, "log10_min_child_weight": 1.1409658650940675, "log10_subsample": -0.7267534389181187, "max_depth": 9.0, "num_boost_round": 5.0}, "datetime": {"datetime": "2024-01-19 00:52:23", "elapsed": 2450.651841, "delta": 0.002544}}
{"target": -13.77245486084725, "params": {"gamma": 117.92874587640523, "log10_alpha": -0.5213422114179673, "log10_colsample_bytree": -0.2974463162394392, "log10_eta": -1.2179056871609446, "log10_lambda": -0.6103014378770002, "log10_min_child_weight": 1.1409658650940675, "log10_subsample": -0.7267534389181187, "max_depth": 9.0, "num_boost_round": 6.0}, "datetime": {"datetime": "2024-01-19 00:52:23", "elapsed": 2450.65431, "delta": 0.002469}}
{"target": -13.773793885150473, "params": {"gamma": 117.92874587640523, "log10_alpha": -0.5213422114179673, "log10_colsample_bytree": -0.2974463162394392, "log10_eta": -1.2179056871609446, "log10_lambda": -0.6103014378770002, "log10_min_child_weight": 1.1409658650940675, "log10_subsample": -0.7267534389181187, "max_depth": 9.0, "num_boost_round": 7.0}, "datetime": {"datetime": "2024-01-19 00:52:23", "elapsed": 2450.656874, "delta": 0.002564}}
{"target": -13.77280536107497, "params": {"gamma": 117.92874587640523, "log10_alpha": -0.5213422114179673, "log10_colsample_bytree": -0.2974463162394392, "log10_eta": -1.2179056871609446, "log10_lambda": -0.6103014378770002, "log10_min_child_weight": 1.1409658650940675, "log10_subsample": -0.7267534389181187, "max_depth": 9.0, "num_boost_round": 8.0}, "datetime": {"datetime": "2024-01-19 00:52:23", "elapsed": 2450.659424, "delta": 0.00255}}
{"target": -13.77578034374649, "params": {"gamma": 117.92874587640523, "log10_alpha": -0.5213422114179673, "log10_colsample_bytree": -0.2974463162394392, "log10_eta": -1.2179056871609446, "log10_lambda": -0.6103014378770002, "log10_min_child_weight": 1.1409658650940675, "log10_subsample": -0.7267534389181187, "max_depth": 9.0, "num_boost_round": 9.0}, "datetime": {"datetime": "2024-01-19 00:52:23", "elapsed": 2450.661932, "delta": 0.002508}}
{"target": -13.781345334525545, "params": {"gamma": 117.92874587640523, "log10_alpha": -0.5213422114179673, "log10_colsample_bytree": -0.2974463162394392, "log10_eta": -1.2179056871609446, "log10_lambda": -0.6103014378770002, "log10_min_child_weight": 1.1409658650940675, "log10_subsample": -0.7267534389181187, "max_depth": 9.0, "num_boost_round": 10.0}, "datetime": {"datetime": "2024-01-19 00:52:23", "elapsed": 2450.664425, "delta": 0.002493}}
