{"target": -17.67691940959749, "params": {"gamma": 55.606450627482594, "log10_alpha": -4.754652313211407, "log10_colsample_bytree": -0.49466189326265564, "log10_eta": -2.8626386805675548, "log10_lambda": -4.344486365305317, "log10_min_child_weight": 3.2610162084303678, "log10_subsample": -0.17491377361035132, "max_depth": 2.0, "num_boost_round": 11.0}, "datetime": {"datetime": "2024-01-19 01:21:58", "elapsed": 4271.849554, "delta": 0.00373}}
{"target": -17.676887720911065, "params": {"gamma": 55.606450627482594, "log10_alpha": -4.754652313211407, "log10_colsample_bytree": -0.49466189326265564, "log10_eta": -2.8626386805675548, "log10_lambda": -4.344486365305317, "log10_min_child_weight": 3.2610162084303678, "log10_subsample": -0.17491377361035132, "max_depth": 2.0, "num_boost_round": 12.0}, "datetime": {"datetime": "2024-01-19 01:21:58", "elapsed": 4271.853398, "delta": 0.003844}}
{"target": -17.67685722803593, "params": {"gamma": 55.606450627482594, "log10_alpha": -4.754652313211407, "log10_colsample_bytree": -0.49466189326265564, "log10_eta": -2.8626386805675548, "log10_lambda": -4.344486365305317, "log10_min_child_weight": 3.2610162084303678, "log10_subsample": -0.17491377361035132, "max_depth": 2.0, "num_boost_round": 13.0}, "datetime": {"datetime": "2024-01-19 01:21:58", "elapsed": 4271.857181, "delta": 0.003783}}
{"target": -17.676846951095776, "params": {"gamma": 55.606450627482594, "log10_alpha": -4.754652313211407, "log10_colsample_bytree": -0.49466189326265564, "log10_eta": -2.8626386805675548, "log10_lambda": -4.344486365305317, "log10_min_child_weight": 3.2610162084303678, "log10_subsample": -0.17491377361035132, "max_depth": 2.0, "num_boost_round": 14.0}, "datetime": {"datetime": "2024-01-19 01:21:58", "elapsed": 4271.860955, "delta": 0.003774}}
{"target": -17.67683046648108, "params": {"gamma": 55.606450627482594, "log10_alpha": -4.754652313211407, "log10_colsample_bytree": -0.49466189326265564, "log10_eta": -2.8626386805675548, "log10_lambda": -4.344486365305317, "log10_min_child_weight": 3.2610162084303678, "log10_subsample": -0.17491377361035132, "max_depth": 2.0, "num_boost_round": 15.0}, "datetime": {"datetime": "2024-01-19 01:21:58", "elapsed": 4271.864773, "delta": 0.003818}}
{"target": -17.676794623457106, "params": {"gamma": 55.606450627482594, "log10_alpha": -4.754652313211407, "log10_colsample_bytree": -0.49466189326265564, "log10_eta": -2.8626386805675548, "log10_lambda": -4.344486365305317, "log10_min_child_weight": 3.2610162084303678, "log10_subsample": -0.17491377361035132, "max_depth": 2.0, "num_boost_round": 16.0}, "datetime": {"datetime": "2024-01-19 01:21:58", "elapsed": 4271.86849, "delta": 0.003717}}
{"target": -17.676786796706363, "params": {"gamma": 55.606450627482594, "log10_alpha": -4.754652313211407, "log10_colsample_bytree": -0.49466189326265564, "log10_eta": -2.8626386805675548, "log10_lambda": -4.344486365305317, "log10_min_child_weight": 3.2610162084303678, "log10_subsample": -0.17491377361035132, "max_depth": 2.0, "num_boost_round": 17.0}, "datetime": {"datetime": "2024-01-19 01:21:58", "elapsed": 4271.872161, "delta": 0.003671}}
{"target": -17.67679084249643, "params": {"gamma": 55.606450627482594, "log10_alpha": -4.754652313211407, "log10_colsample_bytree": -0.49466189326265564, "log10_eta": -2.8626386805675548, "log10_lambda": -4.344486365305317, "log10_min_child_weight": 3.2610162084303678, "log10_subsample": -0.17491377361035132, "max_depth": 2.0, "num_boost_round": 18.0}, "datetime": {"datetime": "2024-01-19 01:21:58", "elapsed": 4271.875983, "delta": 0.003822}}
{"target": -17.676786835601067, "params": {"gamma": 55.606450627482594, "log10_alpha": -4.754652313211407, "log10_colsample_bytree": -0.49466189326265564, "log10_eta": -2.8626386805675548, "log10_lambda": -4.344486365305317, "log10_min_child_weight": 3.2610162084303678, "log10_subsample": -0.17491377361035132, "max_depth": 2.0, "num_boost_round": 19.0}, "datetime": {"datetime": "2024-01-19 01:21:58", "elapsed": 4271.879681, "delta": 0.003698}}
{"target": -17.676756575257635, "params": {"gamma": 55.606450627482594, "log10_alpha": -4.754652313211407, "log10_colsample_bytree": -0.49466189326265564, "log10_eta": -2.8626386805675548, "log10_lambda": -4.344486365305317, "log10_min_child_weight": 3.2610162084303678, "log10_subsample": -0.17491377361035132, "max_depth": 2.0, "num_boost_round": 20.0}, "datetime": {"datetime": "2024-01-19 01:21:58", "elapsed": 4271.883433, "delta": 0.003752}}
{"target": -17.676712143038777, "params": {"gamma": 55.606450627482594, "log10_alpha": -4.754652313211407, "log10_colsample_bytree": -0.49466189326265564, "log10_eta": -2.8626386805675548, "log10_lambda": -4.344486365305317, "log10_min_child_weight": 3.2610162084303678, "log10_subsample": -0.17491377361035132, "max_depth": 2.0, "num_boost_round": 21.0}, "datetime": {"datetime": "2024-01-19 01:21:58", "elapsed": 4271.88719, "delta": 0.003757}}
{"target": -17.676695856855225, "params": {"gamma": 55.606450627482594, "log10_alpha": -4.754652313211407, "log10_colsample_bytree": -0.49466189326265564, "log10_eta": -2.8626386805675548, "log10_lambda": -4.344486365305317, "log10_min_child_weight": 3.2610162084303678, "log10_subsample": -0.17491377361035132, "max_depth": 2.0, "num_boost_round": 22.0}, "datetime": {"datetime": "2024-01-19 01:21:58", "elapsed": 4271.890862, "delta": 0.003672}}
{"target": -17.676650928309186, "params": {"gamma": 55.606450627482594, "log10_alpha": -4.754652313211407, "log10_colsample_bytree": -0.49466189326265564, "log10_eta": -2.8626386805675548, "log10_lambda": -4.344486365305317, "log10_min_child_weight": 3.2610162084303678, "log10_subsample": -0.17491377361035132, "max_depth": 2.0, "num_boost_round": 23.0}, "datetime": {"datetime": "2024-01-19 01:21:58", "elapsed": 4271.89473, "delta": 0.003868}}
{"target": -17.6766366692742, "params": {"gamma": 55.606450627482594, "log10_alpha": -4.754652313211407, "log10_colsample_bytree": -0.49466189326265564, "log10_eta": -2.8626386805675548, "log10_lambda": -4.344486365305317, "log10_min_child_weight": 3.2610162084303678, "log10_subsample": -0.17491377361035132, "max_depth": 2.0, "num_boost_round": 24.0}, "datetime": {"datetime": "2024-01-19 01:21:58", "elapsed": 4271.898733, "delta": 0.004003}}
{"target": -17.67723031509491, "params": {"gamma": 9.565146695218111, "log10_alpha": -2.5738569382284306, "log10_colsample_bytree": -0.48524456811248384, "log10_eta": -4.0, "log10_lambda": -2.526550976634366, "log10_min_child_weight": 1.106519271158847, "log10_subsample": -0.037413229620386394, "max_depth": 9.0, "num_boost_round": 0.0}, "datetime": {"datetime": "2024-01-19 01:23:07", "elapsed": 4341.359437, "delta": 69.460704}}
{"target": -17.67722808613603, "params": {"gamma": 9.565146695218111, "log10_alpha": -2.5738569382284306, "log10_colsample_bytree": -0.48524456811248384, "log10_eta": -4.0, "log10_lambda": -2.526550976634366, "log10_min_child_weight": 1.106519271158847, "log10_subsample": -0.037413229620386394, "max_depth": 9.0, "num_boost_round": 1.0}, "datetime": {"datetime": "2024-01-19 01:23:07", "elapsed": 4341.364564, "delta": 0.005127}}
{"target": -17.67722530133257, "params": {"gamma": 9.565146695218111, "log10_alpha": -2.5738569382284306, "log10_colsample_bytree": -0.48524456811248384, "log10_eta": -4.0, "log10_lambda": -2.526550976634366, "log10_min_child_weight": 1.106519271158847, "log10_subsample": -0.037413229620386394, "max_depth": 9.0, "num_boost_round": 2.0}, "datetime": {"datetime": "2024-01-19 01:23:07", "elapsed": 4341.368612, "delta": 0.004048}}
{"target": -17.67722554942463, "params": {"gamma": 9.565146695218111, "log10_alpha": -2.5738569382284306, "log10_colsample_bytree": -0.48524456811248384, "log10_eta": -4.0, "log10_lambda": -2.526550976634366, "log10_min_child_weight": 1.106519271158847, "log10_subsample": -0.037413229620386394, "max_depth": 9.0, "num_boost_round": 3.0}, "datetime": {"datetime": "2024-01-19 01:23:07", "elapsed": 4341.372713, "delta": 0.004101}}
{"target": -17.67721781711555, "params": {"gamma": 9.565146695218111, "log10_alpha": -2.5738569382284306, "log10_colsample_bytree": -0.48524456811248384, "log10_eta": -4.0, "log10_lambda": -2.526550976634366, "log10_min_child_weight": 1.106519271158847, "log10_subsample": -0.037413229620386394, "max_depth": 9.0, "num_boost_round": 4.0}, "datetime": {"datetime": "2024-01-19 01:23:07", "elapsed": 4341.376605, "delta": 0.003892}}
{"target": -17.677211585028925, "params": {"gamma": 9.565146695218111, "log10_alpha": -2.5738569382284306, "log10_colsample_bytree": -0.48524456811248384, "log10_eta": -4.0, "log10_lambda": -2.526550976634366, "log10_min_child_weight": 1.106519271158847, "log10_subsample": -0.037413229620386394, "max_depth": 9.0, "num_boost_round": 5.0}, "datetime": {"datetime": "2024-01-19 01:23:07", "elapsed": 4341.380501, "delta": 0.003896}}
{"target": -17.677202384984952, "params": {"gamma": 9.565146695218111, "log10_alpha": -2.5738569382284306, "log10_colsample_bytree": -0.48524456811248384, "log10_eta": -4.0, "log10_lambda": -2.526550976634366, "log10_min_child_weight": 1.106519271158847, "log10_subsample": -0.037413229620386394, "max_depth": 9.0, "num_boost_round": 6.0}, "datetime": {"datetime": "2024-01-19 01:23:07", "elapsed": 4341.384387, "delta": 0.003886}}
{"target": -17.677202577006263, "params": {"gamma": 9.565146695218111, "log10_alpha": -2.5738569382284306, "log10_colsample_bytree": -0.48524456811248384, "log10_eta": -4.0, "log10_lambda": -2.526550976634366, "log10_min_child_weight": 1.106519271158847, "log10_subsample": -0.037413229620386394, "max_depth": 9.0, "num_boost_round": 7.0}, "datetime": {"datetime": "2024-01-19 01:23:07", "elapsed": 4341.388232, "delta": 0.003845}}
{"target": -17.67720340183824, "params": {"gamma": 9.565146695218111, "log10_alpha": -2.5738569382284306, "log10_colsample_bytree": -0.48524456811248384, "log10_eta": -4.0, "log10_lambda": -2.526550976634366, "log10_min_child_weight": 1.106519271158847, "log10_subsample": -0.037413229620386394, "max_depth": 9.0, "num_boost_round": 8.0}, "datetime": {"datetime": "2024-01-19 01:23:07", "elapsed": 4341.3921, "delta": 0.003868}}
{"target": -17.677196837688793, "params": {"gamma": 9.565146695218111, "log10_alpha": -2.5738569382284306, "log10_colsample_bytree": -0.48524456811248384, "log10_eta": -4.0, "log10_lambda": -2.526550976634366, "log10_min_child_weight": 1.106519271158847, "log10_subsample": -0.037413229620386394, "max_depth": 9.0, "num_boost_round": 9.0}, "datetime": {"datetime": "2024-01-19 01:23:07", "elapsed": 4341.396049, "delta": 0.003949}}
{"target": -17.677188138762425, "params": {"gamma": 9.565146695218111, "log10_alpha": -2.5738569382284306, "log10_colsample_bytree": -0.48524456811248384, "log10_eta": -4.0, "log10_lambda": -2.526550976634366, "log10_min_child_weight": 1.106519271158847, "log10_subsample": -0.037413229620386394, "max_depth": 9.0, "num_boost_round": 10.0}, "datetime": {"datetime": "2024-01-19 01:23:07", "elapsed": 4341.399759, "delta": 0.00371}}
{"target": -17.677181789469948, "params": {"gamma": 9.565146695218111, "log10_alpha": -2.5738569382284306, "log10_colsample_bytree": -0.48524456811248384, "log10_eta": -4.0, "log10_lambda": -2.526550976634366, "log10_min_child_weight": 1.106519271158847, "log10_subsample": -0.037413229620386394, "max_depth": 9.0, "num_boost_round": 11.0}, "datetime": {"datetime": "2024-01-19 01:23:07", "elapsed": 4341.40357, "delta": 0.003811}}
{"target": -17.677184384403045, "params": {"gamma": 9.565146695218111, "log10_alpha": -2.5738569382284306, "log10_colsample_bytree": -0.48524456811248384, "log10_eta": -4.0, "log10_lambda": -2.526550976634366, "log10_min_child_weight": 1.106519271158847, "log10_subsample": -0.037413229620386394, "max_depth": 9.0, "num_boost_round": 12.0}, "datetime": {"datetime": "2024-01-19 01:23:07", "elapsed": 4341.407679, "delta": 0.004109}}
{"target": -17.677181087008098, "params": {"gamma": 9.565146695218111, "log10_alpha": -2.5738569382284306, "log10_colsample_bytree": -0.48524456811248384, "log10_eta": -4.0, "log10_lambda": -2.526550976634366, "log10_min_child_weight": 1.106519271158847, "log10_subsample": -0.037413229620386394, "max_depth": 9.0, "num_boost_round": 13.0}, "datetime": {"datetime": "2024-01-19 01:23:07", "elapsed": 4341.41167, "delta": 0.003991}}
{"target": -17.67718242616602, "params": {"gamma": 9.565146695218111, "log10_alpha": -2.5738569382284306, "log10_colsample_bytree": -0.48524456811248384, "log10_eta": -4.0, "log10_lambda": -2.526550976634366, "log10_min_child_weight": 1.106519271158847, "log10_subsample": -0.037413229620386394, "max_depth": 9.0, "num_boost_round": 14.0}, "datetime": {"datetime": "2024-01-19 01:23:07", "elapsed": 4341.415564, "delta": 0.003894}}
{"target": -17.67717644008736, "params": {"gamma": 9.565146695218111, "log10_alpha": -2.5738569382284306, "log10_colsample_bytree": -0.48524456811248384, "log10_eta": -4.0, "log10_lambda": -2.526550976634366, "log10_min_child_weight": 1.106519271158847, "log10_subsample": -0.037413229620386394, "max_depth": 9.0, "num_boost_round": 15.0}, "datetime": {"datetime": "2024-01-19 01:23:07", "elapsed": 4341.419558, "delta": 0.003994}}
{"target": -17.677179368155393, "params": {"gamma": 9.565146695218111, "log10_alpha": -2.5738569382284306, "log10_colsample_bytree": -0.48524456811248384, "log10_eta": -4.0, "log10_lambda": -2.526550976634366, "log10_min_child_weight": 1.106519271158847, "log10_subsample": -0.037413229620386394, "max_depth": 9.0, "num_boost_round": 16.0}, "datetime": {"datetime": "2024-01-19 01:23:07", "elapsed": 4341.423358, "delta": 0.0038}}
{"target": -17.67717831870618, "params": {"gamma": 9.565146695218111, "log10_alpha": -2.5738569382284306, "log10_colsample_bytree": -0.48524456811248384, "log10_eta": -4.0, "log10_lambda": -2.526550976634366, "log10_min_child_weight": 1.106519271158847, "log10_subsample": -0.037413229620386394, "max_depth": 9.0, "num_boost_round": 17.0}, "datetime": {"datetime": "2024-01-19 01:23:07", "elapsed": 4341.427232, "delta": 0.003874}}
{"target": -17.677183644894495, "params": {"gamma": 9.565146695218111, "log10_alpha": -2.5738569382284306, "log10_colsample_bytree": -0.48524456811248384, "log10_eta": -4.0, "log10_lambda": -2.526550976634366, "log10_min_child_weight": 1.106519271158847, "log10_subsample": -0.037413229620386394, "max_depth": 9.0, "num_boost_round": 18.0}, "datetime": {"datetime": "2024-01-19 01:23:07", "elapsed": 4341.431287, "delta": 0.004055}}
{"target": -17.67717574172607, "params": {"gamma": 9.565146695218111, "log10_alpha": -2.5738569382284306, "log10_colsample_bytree": -0.48524456811248384, "log10_eta": -4.0, "log10_lambda": -2.526550976634366, "log10_min_child_weight": 1.106519271158847, "log10_subsample": -0.037413229620386394, "max_depth": 9.0, "num_boost_round": 19.0}, "datetime": {"datetime": "2024-01-19 01:23:07", "elapsed": 4341.435085, "delta": 0.003798}}
{"target": -17.67716649231445, "params": {"gamma": 9.565146695218111, "log10_alpha": -2.5738569382284306, "log10_colsample_bytree": -0.48524456811248384, "log10_eta": -4.0, "log10_lambda": -2.526550976634366, "log10_min_child_weight": 1.106519271158847, "log10_subsample": -0.037413229620386394, "max_depth": 9.0, "num_boost_round": 20.0}, "datetime": {"datetime": "2024-01-19 01:23:07", "elapsed": 4341.438887, "delta": 0.003802}}
{"target": -17.677157854890222, "params": {"gamma": 9.565146695218111, "log10_alpha": -2.5738569382284306, "log10_colsample_bytree": -0.48524456811248384, "log10_eta": -4.0, "log10_lambda": -2.526550976634366, "log10_min_child_weight": 1.106519271158847, "log10_subsample": -0.037413229620386394, "max_depth": 9.0, "num_boost_round": 21.0}, "datetime": {"datetime": "2024-01-19 01:23:07", "elapsed": 4341.442795, "delta": 0.003908}}
{"target": -17.67715186048688, "params": {"gamma": 9.565146695218111, "log10_alpha": -2.5738569382284306, "log10_colsample_bytree": -0.48524456811248384, "log10_eta": -4.0, "log10_lambda": -2.526550976634366, "log10_min_child_weight": 1.106519271158847, "log10_subsample": -0.037413229620386394, "max_depth": 9.0, "num_boost_round": 22.0}, "datetime": {"datetime": "2024-01-19 01:23:07", "elapsed": 4341.446703, "delta": 0.003908}}
{"target": -17.677144331585396, "params": {"gamma": 9.565146695218111, "log10_alpha": -2.5738569382284306, "log10_colsample_bytree": -0.48524456811248384, "log10_eta": -4.0, "log10_lambda": -2.526550976634366, "log10_min_child_weight": 1.106519271158847, "log10_subsample": -0.037413229620386394, "max_depth": 9.0, "num_boost_round": 23.0}, "datetime": {"datetime": "2024-01-19 01:23:07", "elapsed": 4341.450468, "delta": 0.003765}}
{"target": -17.67714471891564, "params": {"gamma": 9.565146695218111, "log10_alpha": -2.5738569382284306, "log10_colsample_bytree": -0.48524456811248384, "log10_eta": -4.0, "log10_lambda": -2.526550976634366, "log10_min_child_weight": 1.106519271158847, "log10_subsample": -0.037413229620386394, "max_depth": 9.0, "num_boost_round": 24.0}, "datetime": {"datetime": "2024-01-19 01:23:07", "elapsed": 4341.45454, "delta": 0.004072}}
{"target": -17.676821262338514, "params": {"gamma": 48.81981129896851, "log10_alpha": -1.8539564523933558, "log10_colsample_bytree": -0.35874352058402914, "log10_eta": -2.3523474284953894, "log10_lambda": -2.775231926407474, "log10_min_child_weight": 2.3177911217227543, "log10_subsample": -0.7020319171995072, "max_depth": 7.0, "num_boost_round": 0.0}, "datetime": {"datetime": "2024-01-19 01:24:10", "elapsed": 4404.554597, "delta": 63.100057}}
{"target": -17.67660234962275, "params": {"gamma": 48.81981129896851, "log10_alpha": -1.8539564523933558, "log10_colsample_bytree": -0.35874352058402914, "log10_eta": -2.3523474284953894, "log10_lambda": -2.775231926407474, "log10_min_child_weight": 2.3177911217227543, "log10_subsample": -0.7020319171995072, "max_depth": 7.0, "num_boost_round": 1.0}, "datetime": {"datetime": "2024-01-19 01:24:10", "elapsed": 4404.5599, "delta": 0.005303}}
{"target": -17.676627327643303, "params": {"gamma": 48.81981129896851, "log10_alpha": -1.8539564523933558, "log10_colsample_bytree": -0.35874352058402914, "log10_eta": -2.3523474284953894, "log10_lambda": -2.775231926407474, "log10_min_child_weight": 2.3177911217227543, "log10_subsample": -0.7020319171995072, "max_depth": 7.0, "num_boost_round": 2.0}, "datetime": {"datetime": "2024-01-19 01:24:10", "elapsed": 4404.563986, "delta": 0.004086}}
{"target": -17.676510814698528, "params": {"gamma": 48.81981129896851, "log10_alpha": -1.8539564523933558, "log10_colsample_bytree": -0.35874352058402914, "log10_eta": -2.3523474284953894, "log10_lambda": -2.775231926407474, "log10_min_child_weight": 2.3177911217227543, "log10_subsample": -0.7020319171995072, "max_depth": 7.0, "num_boost_round": 3.0}, "datetime": {"datetime": "2024-01-19 01:24:10", "elapsed": 4404.568099, "delta": 0.004113}}
{"target": -17.676049559972405, "params": {"gamma": 48.81981129896851, "log10_alpha": -1.8539564523933558, "log10_colsample_bytree": -0.35874352058402914, "log10_eta": -2.3523474284953894, "log10_lambda": -2.775231926407474, "log10_min_child_weight": 2.3177911217227543, "log10_subsample": -0.7020319171995072, "max_depth": 7.0, "num_boost_round": 4.0}, "datetime": {"datetime": "2024-01-19 01:24:10", "elapsed": 4404.572304, "delta": 0.004205}}
{"target": -17.675707561845485, "params": {"gamma": 48.81981129896851, "log10_alpha": -1.8539564523933558, "log10_colsample_bytree": -0.35874352058402914, "log10_eta": -2.3523474284953894, "log10_lambda": -2.775231926407474, "log10_min_child_weight": 2.3177911217227543, "log10_subsample": -0.7020319171995072, "max_depth": 7.0, "num_boost_round": 5.0}, "datetime": {"datetime": "2024-01-19 01:24:10", "elapsed": 4404.57636, "delta": 0.004056}}
{"target": -17.67576861424828, "params": {"gamma": 48.81981129896851, "log10_alpha": -1.8539564523933558, "log10_colsample_bytree": -0.35874352058402914, "log10_eta": -2.3523474284953894, "log10_lambda": -2.775231926407474, "log10_min_child_weight": 2.3177911217227543, "log10_subsample": -0.7020319171995072, "max_depth": 7.0, "num_boost_round": 6.0}, "datetime": {"datetime": "2024-01-19 01:24:10", "elapsed": 4404.581735, "delta": 0.005375}}
{"target": -17.675528543306584, "params": {"gamma": 48.81981129896851, "log10_alpha": -1.8539564523933558, "log10_colsample_bytree": -0.35874352058402914, "log10_eta": -2.3523474284953894, "log10_lambda": -2.775231926407474, "log10_min_child_weight": 2.3177911217227543, "log10_subsample": -0.7020319171995072, "max_depth": 7.0, "num_boost_round": 7.0}, "datetime": {"datetime": "2024-01-19 01:24:10", "elapsed": 4404.585694, "delta": 0.003959}}
{"target": -17.67522682049675, "params": {"gamma": 48.81981129896851, "log10_alpha": -1.8539564523933558, "log10_colsample_bytree": -0.35874352058402914, "log10_eta": -2.3523474284953894, "log10_lambda": -2.775231926407474, "log10_min_child_weight": 2.3177911217227543, "log10_subsample": -0.7020319171995072, "max_depth": 7.0, "num_boost_round": 8.0}, "datetime": {"datetime": "2024-01-19 01:24:10", "elapsed": 4404.589624, "delta": 0.00393}}
{"target": -17.67495220180219, "params": {"gamma": 48.81981129896851, "log10_alpha": -1.8539564523933558, "log10_colsample_bytree": -0.35874352058402914, "log10_eta": -2.3523474284953894, "log10_lambda": -2.775231926407474, "log10_min_child_weight": 2.3177911217227543, "log10_subsample": -0.7020319171995072, "max_depth": 7.0, "num_boost_round": 9.0}, "datetime": {"datetime": "2024-01-19 01:24:10", "elapsed": 4404.593519, "delta": 0.003895}}
{"target": -17.675004636812726, "params": {"gamma": 48.81981129896851, "log10_alpha": -1.8539564523933558, "log10_colsample_bytree": -0.35874352058402914, "log10_eta": -2.3523474284953894, "log10_lambda": -2.775231926407474, "log10_min_child_weight": 2.3177911217227543, "log10_subsample": -0.7020319171995072, "max_depth": 7.0, "num_boost_round": 10.0}, "datetime": {"datetime": "2024-01-19 01:24:10", "elapsed": 4404.597329, "delta": 0.00381}}
