{"target": -13.758501190244036, "params": {"gamma": 867.5161157350311, "log10_alpha": -0.32478153196693427, "log10_colsample_bytree": -0.4550907135840121, "log10_eta": -3.7712412441629084, "log10_lambda": -0.3864522778860682, "log10_min_child_weight": 4.227058944110145, "log10_subsample": -0.0028566186325004184, "max_depth": 8.0, "num_boost_round": 24.0}, "datetime": {"datetime": "2024-01-19 00:41:03", "elapsed": 1767.962088, "delta": 0.002747}}
{"target": -13.758499008945224, "params": {"gamma": 867.5161157350311, "log10_alpha": -0.32478153196693427, "log10_colsample_bytree": -0.4550907135840121, "log10_eta": -3.7712412441629084, "log10_lambda": -0.3864522778860682, "log10_min_child_weight": 4.227058944110145, "log10_subsample": -0.0028566186325004184, "max_depth": 8.0, "num_boost_round": 25.0}, "datetime": {"datetime": "2024-01-19 00:41:03", "elapsed": 1767.96492, "delta": 0.002832}}
{"target": -13.758502303428731, "params": {"gamma": 867.5161157350311, "log10_alpha": -0.32478153196693427, "log10_colsample_bytree": -0.4550907135840121, "log10_eta": -3.7712412441629084, "log10_lambda": -0.3864522778860682, "log10_min_child_weight": 4.227058944110145, "log10_subsample": -0.0028566186325004184, "max_depth": 8.0, "num_boost_round": 26.0}, "datetime": {"datetime": "2024-01-19 00:41:03", "elapsed": 1767.967741, "delta": 0.002821}}
{"target": -13.758537080098542, "params": {"gamma": 879.9823618881218, "log10_alpha": -4.256875615946097, "log10_colsample_bytree": -0.35896278905451473, "log10_eta": -3.742256354207712, "log10_lambda": -0.4901314122828673, "log10_min_child_weight": 4.881043650881712, "log10_subsample": -0.6995012631876417, "max_depth": 4.0, "num_boost_round": 0.0}, "datetime": {"datetime": "2024-01-19 00:41:34", "elapsed": 1798.813044, "delta": 30.845303}}
{"target": -13.75853663359172, "params": {"gamma": 879.9823618881218, "log10_alpha": -4.256875615946097, "log10_colsample_bytree": -0.35896278905451473, "log10_eta": -3.742256354207712, "log10_lambda": -0.4901314122828673, "log10_min_child_weight": 4.881043650881712, "log10_subsample": -0.6995012631876417, "max_depth": 4.0, "num_boost_round": 1.0}, "datetime": {"datetime": "2024-01-19 00:41:34", "elapsed": 1798.81664, "delta": 0.003596}}
{"target": -13.758536485783683, "params": {"gamma": 879.9823618881218, "log10_alpha": -4.256875615946097, "log10_colsample_bytree": -0.35896278905451473, "log10_eta": -3.742256354207712, "log10_lambda": -0.4901314122828673, "log10_min_child_weight": 4.881043650881712, "log10_subsample": -0.6995012631876417, "max_depth": 4.0, "num_boost_round": 2.0}, "datetime": {"datetime": "2024-01-19 00:41:34", "elapsed": 1798.819657, "delta": 0.003017}}
{"target": -13.758535674826678, "params": {"gamma": 879.9823618881218, "log10_alpha": -4.256875615946097, "log10_colsample_bytree": -0.35896278905451473, "log10_eta": -3.742256354207712, "log10_lambda": -0.4901314122828673, "log10_min_child_weight": 4.881043650881712, "log10_subsample": -0.6995012631876417, "max_depth": 4.0, "num_boost_round": 3.0}, "datetime": {"datetime": "2024-01-19 00:41:34", "elapsed": 1798.822396, "delta": 0.002739}}
{"target": -13.758535403528468, "params": {"gamma": 879.9823618881218, "log10_alpha": -4.256875615946097, "log10_colsample_bytree": -0.35896278905451473, "log10_eta": -3.742256354207712, "log10_lambda": -0.4901314122828673, "log10_min_child_weight": 4.881043650881712, "log10_subsample": -0.6995012631876417, "max_depth": 4.0, "num_boost_round": 4.0}, "datetime": {"datetime": "2024-01-19 00:41:34", "elapsed": 1798.825106, "delta": 0.00271}}
{"target": -13.758534675546755, "params": {"gamma": 879.9823618881218, "log10_alpha": -4.256875615946097, "log10_colsample_bytree": -0.35896278905451473, "log10_eta": -3.742256354207712, "log10_lambda": -0.4901314122828673, "log10_min_child_weight": 4.881043650881712, "log10_subsample": -0.6995012631876417, "max_depth": 4.0, "num_boost_round": 5.0}, "datetime": {"datetime": "2024-01-19 00:41:34", "elapsed": 1798.827806, "delta": 0.0027}}
{"target": -13.758533841552595, "params": {"gamma": 879.9823618881218, "log10_alpha": -4.256875615946097, "log10_colsample_bytree": -0.35896278905451473, "log10_eta": -3.742256354207712, "log10_lambda": -0.4901314122828673, "log10_min_child_weight": 4.881043650881712, "log10_subsample": -0.6995012631876417, "max_depth": 4.0, "num_boost_round": 6.0}, "datetime": {"datetime": "2024-01-19 00:41:34", "elapsed": 1798.830598, "delta": 0.002792}}
{"target": -13.758533757507042, "params": {"gamma": 879.9823618881218, "log10_alpha": -4.256875615946097, "log10_colsample_bytree": -0.35896278905451473, "log10_eta": -3.742256354207712, "log10_lambda": -0.4901314122828673, "log10_min_child_weight": 4.881043650881712, "log10_subsample": -0.6995012631876417, "max_depth": 4.0, "num_boost_round": 7.0}, "datetime": {"datetime": "2024-01-19 00:41:34", "elapsed": 1798.833545, "delta": 0.002947}}
{"target": -13.758533194276927, "params": {"gamma": 879.9823618881218, "log10_alpha": -4.256875615946097, "log10_colsample_bytree": -0.35896278905451473, "log10_eta": -3.742256354207712, "log10_lambda": -0.4901314122828673, "log10_min_child_weight": 4.881043650881712, "log10_subsample": -0.6995012631876417, "max_depth": 4.0, "num_boost_round": 8.0}, "datetime": {"datetime": "2024-01-19 00:41:34", "elapsed": 1798.836435, "delta": 0.00289}}
{"target": -13.758532475382705, "params": {"gamma": 879.9823618881218, "log10_alpha": -4.256875615946097, "log10_colsample_bytree": -0.35896278905451473, "log10_eta": -3.742256354207712, "log10_lambda": -0.4901314122828673, "log10_min_child_weight": 4.881043650881712, "log10_subsample": -0.6995012631876417, "max_depth": 4.0, "num_boost_round": 9.0}, "datetime": {"datetime": "2024-01-19 00:41:34", "elapsed": 1798.839313, "delta": 0.002878}}
{"target": -13.758532099071184, "params": {"gamma": 879.9823618881218, "log10_alpha": -4.256875615946097, "log10_colsample_bytree": -0.35896278905451473, "log10_eta": -3.742256354207712, "log10_lambda": -0.4901314122828673, "log10_min_child_weight": 4.881043650881712, "log10_subsample": -0.6995012631876417, "max_depth": 4.0, "num_boost_round": 10.0}, "datetime": {"datetime": "2024-01-19 00:41:34", "elapsed": 1798.842051, "delta": 0.002738}}
{"target": -13.758531323445842, "params": {"gamma": 879.9823618881218, "log10_alpha": -4.256875615946097, "log10_colsample_bytree": -0.35896278905451473, "log10_eta": -3.742256354207712, "log10_lambda": -0.4901314122828673, "log10_min_child_weight": 4.881043650881712, "log10_subsample": -0.6995012631876417, "max_depth": 4.0, "num_boost_round": 11.0}, "datetime": {"datetime": "2024-01-19 00:41:34", "elapsed": 1798.84477, "delta": 0.002719}}
{"target": -13.758530542272888, "params": {"gamma": 879.9823618881218, "log10_alpha": -4.256875615946097, "log10_colsample_bytree": -0.35896278905451473, "log10_eta": -3.742256354207712, "log10_lambda": -0.4901314122828673, "log10_min_child_weight": 4.881043650881712, "log10_subsample": -0.6995012631876417, "max_depth": 4.0, "num_boost_round": 12.0}, "datetime": {"datetime": "2024-01-19 00:41:34", "elapsed": 1798.847496, "delta": 0.002726}}
{"target": -13.758529834166158, "params": {"gamma": 879.9823618881218, "log10_alpha": -4.256875615946097, "log10_colsample_bytree": -0.35896278905451473, "log10_eta": -3.742256354207712, "log10_lambda": -0.4901314122828673, "log10_min_child_weight": 4.881043650881712, "log10_subsample": -0.6995012631876417, "max_depth": 4.0, "num_boost_round": 13.0}, "datetime": {"datetime": "2024-01-19 00:41:34", "elapsed": 1798.850221, "delta": 0.002725}}
{"target": -13.758529120759674, "params": {"gamma": 879.9823618881218, "log10_alpha": -4.256875615946097, "log10_colsample_bytree": -0.35896278905451473, "log10_eta": -3.742256354207712, "log10_lambda": -0.4901314122828673, "log10_min_child_weight": 4.881043650881712, "log10_subsample": -0.6995012631876417, "max_depth": 4.0, "num_boost_round": 14.0}, "datetime": {"datetime": "2024-01-19 00:41:34", "elapsed": 1798.853209, "delta": 0.002988}}
{"target": -13.7585274567659, "params": {"gamma": 879.9823618881218, "log10_alpha": -4.256875615946097, "log10_colsample_bytree": -0.35896278905451473, "log10_eta": -3.742256354207712, "log10_lambda": -0.4901314122828673, "log10_min_child_weight": 4.881043650881712, "log10_subsample": -0.6995012631876417, "max_depth": 4.0, "num_boost_round": 15.0}, "datetime": {"datetime": "2024-01-19 00:41:34", "elapsed": 1798.855967, "delta": 0.002758}}
{"target": -13.758527177083783, "params": {"gamma": 879.9823618881218, "log10_alpha": -4.256875615946097, "log10_colsample_bytree": -0.35896278905451473, "log10_eta": -3.742256354207712, "log10_lambda": -0.4901314122828673, "log10_min_child_weight": 4.881043650881712, "log10_subsample": -0.6995012631876417, "max_depth": 4.0, "num_boost_round": 16.0}, "datetime": {"datetime": "2024-01-19 00:41:34", "elapsed": 1798.858695, "delta": 0.002728}}
{"target": -13.758526539169921, "params": {"gamma": 879.9823618881218, "log10_alpha": -4.256875615946097, "log10_colsample_bytree": -0.35896278905451473, "log10_eta": -3.742256354207712, "log10_lambda": -0.4901314122828673, "log10_min_child_weight": 4.881043650881712, "log10_subsample": -0.6995012631876417, "max_depth": 4.0, "num_boost_round": 17.0}, "datetime": {"datetime": "2024-01-19 00:41:34", "elapsed": 1798.861417, "delta": 0.002722}}
{"target": -13.758526084132653, "params": {"gamma": 879.9823618881218, "log10_alpha": -4.256875615946097, "log10_colsample_bytree": -0.35896278905451473, "log10_eta": -3.742256354207712, "log10_lambda": -0.4901314122828673, "log10_min_child_weight": 4.881043650881712, "log10_subsample": -0.6995012631876417, "max_depth": 4.0, "num_boost_round": 18.0}, "datetime": {"datetime": "2024-01-19 00:41:34", "elapsed": 1798.864144, "delta": 0.002727}}
{"target": -13.758524785746072, "params": {"gamma": 879.9823618881218, "log10_alpha": -4.256875615946097, "log10_colsample_bytree": -0.35896278905451473, "log10_eta": -3.742256354207712, "log10_lambda": -0.4901314122828673, "log10_min_child_weight": 4.881043650881712, "log10_subsample": -0.6995012631876417, "max_depth": 4.0, "num_boost_round": 19.0}, "datetime": {"datetime": "2024-01-19 00:41:34", "elapsed": 1798.866898, "delta": 0.002754}}
{"target": -13.758523303076513, "params": {"gamma": 879.9823618881218, "log10_alpha": -4.256875615946097, "log10_colsample_bytree": -0.35896278905451473, "log10_eta": -3.742256354207712, "log10_lambda": -0.4901314122828673, "log10_min_child_weight": 4.881043650881712, "log10_subsample": -0.6995012631876417, "max_depth": 4.0, "num_boost_round": 20.0}, "datetime": {"datetime": "2024-01-19 00:41:34", "elapsed": 1798.869641, "delta": 0.002743}}
{"target": -13.758522015060144, "params": {"gamma": 879.9823618881218, "log10_alpha": -4.256875615946097, "log10_colsample_bytree": -0.35896278905451473, "log10_eta": -3.742256354207712, "log10_lambda": -0.4901314122828673, "log10_min_child_weight": 4.881043650881712, "log10_subsample": -0.6995012631876417, "max_depth": 4.0, "num_boost_round": 21.0}, "datetime": {"datetime": "2024-01-19 00:41:34", "elapsed": 1798.87249, "delta": 0.002849}}
{"target": -13.758522368121671, "params": {"gamma": 879.9823618881218, "log10_alpha": -4.256875615946097, "log10_colsample_bytree": -0.35896278905451473, "log10_eta": -3.742256354207712, "log10_lambda": -0.4901314122828673, "log10_min_child_weight": 4.881043650881712, "log10_subsample": -0.6995012631876417, "max_depth": 4.0, "num_boost_round": 22.0}, "datetime": {"datetime": "2024-01-19 00:41:34", "elapsed": 1798.875197, "delta": 0.002707}}
{"target": -13.758521952605985, "params": {"gamma": 879.9823618881218, "log10_alpha": -4.256875615946097, "log10_colsample_bytree": -0.35896278905451473, "log10_eta": -3.742256354207712, "log10_lambda": -0.4901314122828673, "log10_min_child_weight": 4.881043650881712, "log10_subsample": -0.6995012631876417, "max_depth": 4.0, "num_boost_round": 23.0}, "datetime": {"datetime": "2024-01-19 00:41:34", "elapsed": 1798.877908, "delta": 0.002711}}
{"target": -13.758535180868023, "params": {"gamma": 879.0672239226619, "log10_alpha": 0.2549081064231675, "log10_colsample_bytree": -0.03523843853980402, "log10_eta": -3.871789454083482, "log10_lambda": -4.446123700177403, "log10_min_child_weight": 1.3336700533682304, "log10_subsample": -0.49851039695823396, "max_depth": 6.0, "num_boost_round": 0.0}, "datetime": {"datetime": "2024-01-19 00:42:07", "elapsed": 1832.185013, "delta": 33.307105}}
{"target": -13.758533831356488, "params": {"gamma": 879.0672239226619, "log10_alpha": 0.2549081064231675, "log10_colsample_bytree": -0.03523843853980402, "log10_eta": -3.871789454083482, "log10_lambda": -4.446123700177403, "log10_min_child_weight": 1.3336700533682304, "log10_subsample": -0.49851039695823396, "max_depth": 6.0, "num_boost_round": 1.0}, "datetime": {"datetime": "2024-01-19 00:42:07", "elapsed": 1832.188196, "delta": 0.003183}}
{"target": -13.758535447413989, "params": {"gamma": 879.0672239226619, "log10_alpha": 0.2549081064231675, "log10_colsample_bytree": -0.03523843853980402, "log10_eta": -3.871789454083482, "log10_lambda": -4.446123700177403, "log10_min_child_weight": 1.3336700533682304, "log10_subsample": -0.49851039695823396, "max_depth": 6.0, "num_boost_round": 2.0}, "datetime": {"datetime": "2024-01-19 00:42:07", "elapsed": 1832.190989, "delta": 0.002793}}
{"target": -13.758529633120014, "params": {"gamma": 879.0672239226619, "log10_alpha": 0.2549081064231675, "log10_colsample_bytree": -0.03523843853980402, "log10_eta": -3.871789454083482, "log10_lambda": -4.446123700177403, "log10_min_child_weight": 1.3336700533682304, "log10_subsample": -0.49851039695823396, "max_depth": 6.0, "num_boost_round": 3.0}, "datetime": {"datetime": "2024-01-19 00:42:07", "elapsed": 1832.19384, "delta": 0.002851}}
{"target": -13.758526760936693, "params": {"gamma": 879.0672239226619, "log10_alpha": 0.2549081064231675, "log10_colsample_bytree": -0.03523843853980402, "log10_eta": -3.871789454083482, "log10_lambda": -4.446123700177403, "log10_min_child_weight": 1.3336700533682304, "log10_subsample": -0.49851039695823396, "max_depth": 6.0, "num_boost_round": 4.0}, "datetime": {"datetime": "2024-01-19 00:42:07", "elapsed": 1832.196499, "delta": 0.002659}}
{"target": -13.758525268787599, "params": {"gamma": 879.0672239226619, "log10_alpha": 0.2549081064231675, "log10_colsample_bytree": -0.03523843853980402, "log10_eta": -3.871789454083482, "log10_lambda": -4.446123700177403, "log10_min_child_weight": 1.3336700533682304, "log10_subsample": -0.49851039695823396, "max_depth": 6.0, "num_boost_round": 5.0}, "datetime": {"datetime": "2024-01-19 00:42:07", "elapsed": 1832.199156, "delta": 0.002657}}
{"target": -13.758524051749422, "params": {"gamma": 879.0672239226619, "log10_alpha": 0.2549081064231675, "log10_colsample_bytree": -0.03523843853980402, "log10_eta": -3.871789454083482, "log10_lambda": -4.446123700177403, "log10_min_child_weight": 1.3336700533682304, "log10_subsample": -0.49851039695823396, "max_depth": 6.0, "num_boost_round": 6.0}, "datetime": {"datetime": "2024-01-19 00:42:07", "elapsed": 1832.201821, "delta": 0.002665}}
{"target": -13.758521129497268, "params": {"gamma": 879.0672239226619, "log10_alpha": 0.2549081064231675, "log10_colsample_bytree": -0.03523843853980402, "log10_eta": -3.871789454083482, "log10_lambda": -4.446123700177403, "log10_min_child_weight": 1.3336700533682304, "log10_subsample": -0.49851039695823396, "max_depth": 6.0, "num_boost_round": 7.0}, "datetime": {"datetime": "2024-01-19 00:42:07", "elapsed": 1832.204548, "delta": 0.002727}}
{"target": -13.758521328047234, "params": {"gamma": 879.0672239226619, "log10_alpha": 0.2549081064231675, "log10_colsample_bytree": -0.03523843853980402, "log10_eta": -3.871789454083482, "log10_lambda": -4.446123700177403, "log10_min_child_weight": 1.3336700533682304, "log10_subsample": -0.49851039695823396, "max_depth": 6.0, "num_boost_round": 8.0}, "datetime": {"datetime": "2024-01-19 00:42:07", "elapsed": 1832.207239, "delta": 0.002691}}
{"target": -13.75851863698262, "params": {"gamma": 879.0672239226619, "log10_alpha": 0.2549081064231675, "log10_colsample_bytree": -0.03523843853980402, "log10_eta": -3.871789454083482, "log10_lambda": -4.446123700177403, "log10_min_child_weight": 1.3336700533682304, "log10_subsample": -0.49851039695823396, "max_depth": 6.0, "num_boost_round": 9.0}, "datetime": {"datetime": "2024-01-19 00:42:07", "elapsed": 1832.210495, "delta": 0.003256}}
{"target": -13.758518642349411, "params": {"gamma": 879.0672239226619, "log10_alpha": 0.2549081064231675, "log10_colsample_bytree": -0.03523843853980402, "log10_eta": -3.871789454083482, "log10_lambda": -4.446123700177403, "log10_min_child_weight": 1.3336700533682304, "log10_subsample": -0.49851039695823396, "max_depth": 6.0, "num_boost_round": 10.0}, "datetime": {"datetime": "2024-01-19 00:42:07", "elapsed": 1832.213799, "delta": 0.003304}}
{"target": -13.758521255570008, "params": {"gamma": 879.0672239226619, "log10_alpha": 0.2549081064231675, "log10_colsample_bytree": -0.03523843853980402, "log10_eta": -3.871789454083482, "log10_lambda": -4.446123700177403, "log10_min_child_weight": 1.3336700533682304, "log10_subsample": -0.49851039695823396, "max_depth": 6.0, "num_boost_round": 11.0}, "datetime": {"datetime": "2024-01-19 00:42:07", "elapsed": 1832.216472, "delta": 0.002673}}
{"target": -13.758518137957271, "params": {"gamma": 879.0672239226619, "log10_alpha": 0.2549081064231675, "log10_colsample_bytree": -0.03523843853980402, "log10_eta": -3.871789454083482, "log10_lambda": -4.446123700177403, "log10_min_child_weight": 1.3336700533682304, "log10_subsample": -0.49851039695823396, "max_depth": 6.0, "num_boost_round": 12.0}, "datetime": {"datetime": "2024-01-19 00:42:07", "elapsed": 1832.219148, "delta": 0.002676}}
{"target": -13.758518550920298, "params": {"gamma": 879.0672239226619, "log10_alpha": 0.2549081064231675, "log10_colsample_bytree": -0.03523843853980402, "log10_eta": -3.871789454083482, "log10_lambda": -4.446123700177403, "log10_min_child_weight": 1.3336700533682304, "log10_subsample": -0.49851039695823396, "max_depth": 6.0, "num_boost_round": 13.0}, "datetime": {"datetime": "2024-01-19 00:42:07", "elapsed": 1832.221835, "delta": 0.002687}}
{"target": -13.758516579673024, "params": {"gamma": 879.0672239226619, "log10_alpha": 0.2549081064231675, "log10_colsample_bytree": -0.03523843853980402, "log10_eta": -3.871789454083482, "log10_lambda": -4.446123700177403, "log10_min_child_weight": 1.3336700533682304, "log10_subsample": -0.49851039695823396, "max_depth": 6.0, "num_boost_round": 14.0}, "datetime": {"datetime": "2024-01-19 00:42:07", "elapsed": 1832.224496, "delta": 0.002661}}
{"target": -13.758520159025032, "params": {"gamma": 879.0672239226619, "log10_alpha": 0.2549081064231675, "log10_colsample_bytree": -0.03523843853980402, "log10_eta": -3.871789454083482, "log10_lambda": -4.446123700177403, "log10_min_child_weight": 1.3336700533682304, "log10_subsample": -0.49851039695823396, "max_depth": 6.0, "num_boost_round": 15.0}, "datetime": {"datetime": "2024-01-19 00:42:07", "elapsed": 1832.22723, "delta": 0.002734}}
{"target": -13.75851673338157, "params": {"gamma": 879.0672239226619, "log10_alpha": 0.2549081064231675, "log10_colsample_bytree": -0.03523843853980402, "log10_eta": -3.871789454083482, "log10_lambda": -4.446123700177403, "log10_min_child_weight": 1.3336700533682304, "log10_subsample": -0.49851039695823396, "max_depth": 6.0, "num_boost_round": 16.0}, "datetime": {"datetime": "2024-01-19 00:42:07", "elapsed": 1832.229923, "delta": 0.002693}}
{"target": -13.758511679857264, "params": {"gamma": 879.0672239226619, "log10_alpha": 0.2549081064231675, "log10_colsample_bytree": -0.03523843853980402, "log10_eta": -3.871789454083482, "log10_lambda": -4.446123700177403, "log10_min_child_weight": 1.3336700533682304, "log10_subsample": -0.49851039695823396, "max_depth": 6.0, "num_boost_round": 17.0}, "datetime": {"datetime": "2024-01-19 00:42:07", "elapsed": 1832.232906, "delta": 0.002983}}
{"target": -13.758508202452674, "params": {"gamma": 879.0672239226619, "log10_alpha": 0.2549081064231675, "log10_colsample_bytree": -0.03523843853980402, "log10_eta": -3.871789454083482, "log10_lambda": -4.446123700177403, "log10_min_child_weight": 1.3336700533682304, "log10_subsample": -0.49851039695823396, "max_depth": 6.0, "num_boost_round": 18.0}, "datetime": {"datetime": "2024-01-19 00:42:07", "elapsed": 1832.235716, "delta": 0.00281}}
{"target": -13.758507058315585, "params": {"gamma": 879.0672239226619, "log10_alpha": 0.2549081064231675, "log10_colsample_bytree": -0.03523843853980402, "log10_eta": -3.871789454083482, "log10_lambda": -4.446123700177403, "log10_min_child_weight": 1.3336700533682304, "log10_subsample": -0.49851039695823396, "max_depth": 6.0, "num_boost_round": 19.0}, "datetime": {"datetime": "2024-01-19 00:42:07", "elapsed": 1832.238484, "delta": 0.002768}}
{"target": -13.758502262477075, "params": {"gamma": 879.0672239226619, "log10_alpha": 0.2549081064231675, "log10_colsample_bytree": -0.03523843853980402, "log10_eta": -3.871789454083482, "log10_lambda": -4.446123700177403, "log10_min_child_weight": 1.3336700533682304, "log10_subsample": -0.49851039695823396, "max_depth": 6.0, "num_boost_round": 20.0}, "datetime": {"datetime": "2024-01-19 00:42:07", "elapsed": 1832.241271, "delta": 0.002787}}
{"target": -13.758497209483968, "params": {"gamma": 879.0672239226619, "log10_alpha": 0.2549081064231675, "log10_colsample_bytree": -0.03523843853980402, "log10_eta": -3.871789454083482, "log10_lambda": -4.446123700177403, "log10_min_child_weight": 1.3336700533682304, "log10_subsample": -0.49851039695823396, "max_depth": 6.0, "num_boost_round": 21.0}, "datetime": {"datetime": "2024-01-19 00:42:07", "elapsed": 1832.243961, "delta": 0.00269}}
