{"target": -13.758410963688508, "params": {"gamma": 876.5346459269896, "log10_alpha": -1.412796986565814, "log10_colsample_bytree": -0.9193765921144316, "log10_eta": -3.6316932072469115, "log10_lambda": -3.249149386594285, "log10_min_child_weight": 1.5111927871650255, "log10_subsample": -0.43465547439673824, "max_depth": 5.0, "num_boost_round": 32.0}, "datetime": {"datetime": "2024-01-19 01:04:07", "elapsed": 3151.564201, "delta": 0.004001}}
{"target": -13.758406527057002, "params": {"gamma": 876.5346459269896, "log10_alpha": -1.412796986565814, "log10_colsample_bytree": -0.9193765921144316, "log10_eta": -3.6316932072469115, "log10_lambda": -3.249149386594285, "log10_min_child_weight": 1.5111927871650255, "log10_subsample": -0.43465547439673824, "max_depth": 5.0, "num_boost_round": 33.0}, "datetime": {"datetime": "2024-01-19 01:04:07", "elapsed": 3151.568214, "delta": 0.004013}}
{"target": -13.758401649504416, "params": {"gamma": 876.5346459269896, "log10_alpha": -1.412796986565814, "log10_colsample_bytree": -0.9193765921144316, "log10_eta": -3.6316932072469115, "log10_lambda": -3.249149386594285, "log10_min_child_weight": 1.5111927871650255, "log10_subsample": -0.43465547439673824, "max_depth": 5.0, "num_boost_round": 34.0}, "datetime": {"datetime": "2024-01-19 01:04:07", "elapsed": 3151.572334, "delta": 0.00412}}
{"target": -13.758532359910264, "params": {"gamma": 877.249801276564, "log10_alpha": -4.428547126276628, "log10_colsample_bytree": -0.00396759033505556, "log10_eta": -3.8548157171743314, "log10_lambda": -0.717213483663464, "log10_min_child_weight": 0.7573102427544037, "log10_subsample": -0.653656607992753, "max_depth": 5.0, "num_boost_round": 0.0}, "datetime": {"datetime": "2024-01-19 01:04:58", "elapsed": 3202.712445, "delta": 51.140111}}
{"target": -13.758529942422216, "params": {"gamma": 877.249801276564, "log10_alpha": -4.428547126276628, "log10_colsample_bytree": -0.00396759033505556, "log10_eta": -3.8548157171743314, "log10_lambda": -0.717213483663464, "log10_min_child_weight": 0.7573102427544037, "log10_subsample": -0.653656607992753, "max_depth": 5.0, "num_boost_round": 1.0}, "datetime": {"datetime": "2024-01-19 01:04:58", "elapsed": 3202.717337, "delta": 0.004892}}
{"target": -13.75852529071718, "params": {"gamma": 877.249801276564, "log10_alpha": -4.428547126276628, "log10_colsample_bytree": -0.00396759033505556, "log10_eta": -3.8548157171743314, "log10_lambda": -0.717213483663464, "log10_min_child_weight": 0.7573102427544037, "log10_subsample": -0.653656607992753, "max_depth": 5.0, "num_boost_round": 2.0}, "datetime": {"datetime": "2024-01-19 01:04:58", "elapsed": 3202.721371, "delta": 0.004034}}
{"target": -13.758520098169434, "params": {"gamma": 877.249801276564, "log10_alpha": -4.428547126276628, "log10_colsample_bytree": -0.00396759033505556, "log10_eta": -3.8548157171743314, "log10_lambda": -0.717213483663464, "log10_min_child_weight": 0.7573102427544037, "log10_subsample": -0.653656607992753, "max_depth": 5.0, "num_boost_round": 3.0}, "datetime": {"datetime": "2024-01-19 01:04:58", "elapsed": 3202.725271, "delta": 0.0039}}
{"target": -13.758516726781462, "params": {"gamma": 877.249801276564, "log10_alpha": -4.428547126276628, "log10_colsample_bytree": -0.00396759033505556, "log10_eta": -3.8548157171743314, "log10_lambda": -0.717213483663464, "log10_min_child_weight": 0.7573102427544037, "log10_subsample": -0.653656607992753, "max_depth": 5.0, "num_boost_round": 4.0}, "datetime": {"datetime": "2024-01-19 01:04:58", "elapsed": 3202.729133, "delta": 0.003862}}
{"target": -13.75851205998592, "params": {"gamma": 877.249801276564, "log10_alpha": -4.428547126276628, "log10_colsample_bytree": -0.00396759033505556, "log10_eta": -3.8548157171743314, "log10_lambda": -0.717213483663464, "log10_min_child_weight": 0.7573102427544037, "log10_subsample": -0.653656607992753, "max_depth": 5.0, "num_boost_round": 5.0}, "datetime": {"datetime": "2024-01-19 01:04:58", "elapsed": 3202.733249, "delta": 0.004116}}
{"target": -13.758510715691495, "params": {"gamma": 877.249801276564, "log10_alpha": -4.428547126276628, "log10_colsample_bytree": -0.00396759033505556, "log10_eta": -3.8548157171743314, "log10_lambda": -0.717213483663464, "log10_min_child_weight": 0.7573102427544037, "log10_subsample": -0.653656607992753, "max_depth": 5.0, "num_boost_round": 6.0}, "datetime": {"datetime": "2024-01-19 01:04:58", "elapsed": 3202.737424, "delta": 0.004175}}
{"target": -13.758510316190678, "params": {"gamma": 877.249801276564, "log10_alpha": -4.428547126276628, "log10_colsample_bytree": -0.00396759033505556, "log10_eta": -3.8548157171743314, "log10_lambda": -0.717213483663464, "log10_min_child_weight": 0.7573102427544037, "log10_subsample": -0.653656607992753, "max_depth": 5.0, "num_boost_round": 7.0}, "datetime": {"datetime": "2024-01-19 01:04:58", "elapsed": 3202.741447, "delta": 0.004023}}
{"target": -13.758507286080825, "params": {"gamma": 877.249801276564, "log10_alpha": -4.428547126276628, "log10_colsample_bytree": -0.00396759033505556, "log10_eta": -3.8548157171743314, "log10_lambda": -0.717213483663464, "log10_min_child_weight": 0.7573102427544037, "log10_subsample": -0.653656607992753, "max_depth": 5.0, "num_boost_round": 8.0}, "datetime": {"datetime": "2024-01-19 01:04:58", "elapsed": 3202.745347, "delta": 0.0039}}
{"target": -13.758505184565232, "params": {"gamma": 877.249801276564, "log10_alpha": -4.428547126276628, "log10_colsample_bytree": -0.00396759033505556, "log10_eta": -3.8548157171743314, "log10_lambda": -0.717213483663464, "log10_min_child_weight": 0.7573102427544037, "log10_subsample": -0.653656607992753, "max_depth": 5.0, "num_boost_round": 9.0}, "datetime": {"datetime": "2024-01-19 01:04:58", "elapsed": 3202.749213, "delta": 0.003866}}
{"target": -13.758508391488702, "params": {"gamma": 877.249801276564, "log10_alpha": -4.428547126276628, "log10_colsample_bytree": -0.00396759033505556, "log10_eta": -3.8548157171743314, "log10_lambda": -0.717213483663464, "log10_min_child_weight": 0.7573102427544037, "log10_subsample": -0.653656607992753, "max_depth": 5.0, "num_boost_round": 10.0}, "datetime": {"datetime": "2024-01-19 01:04:58", "elapsed": 3202.753294, "delta": 0.004081}}
{"target": -13.758507626480297, "params": {"gamma": 877.249801276564, "log10_alpha": -4.428547126276628, "log10_colsample_bytree": -0.00396759033505556, "log10_eta": -3.8548157171743314, "log10_lambda": -0.717213483663464, "log10_min_child_weight": 0.7573102427544037, "log10_subsample": -0.653656607992753, "max_depth": 5.0, "num_boost_round": 11.0}, "datetime": {"datetime": "2024-01-19 01:04:58", "elapsed": 3202.757168, "delta": 0.003874}}
{"target": -13.75851098864622, "params": {"gamma": 877.249801276564, "log10_alpha": -4.428547126276628, "log10_colsample_bytree": -0.00396759033505556, "log10_eta": -3.8548157171743314, "log10_lambda": -0.717213483663464, "log10_min_child_weight": 0.7573102427544037, "log10_subsample": -0.653656607992753, "max_depth": 5.0, "num_boost_round": 12.0}, "datetime": {"datetime": "2024-01-19 01:04:58", "elapsed": 3202.761118, "delta": 0.00395}}
{"target": -13.758511769347482, "params": {"gamma": 877.249801276564, "log10_alpha": -4.428547126276628, "log10_colsample_bytree": -0.00396759033505556, "log10_eta": -3.8548157171743314, "log10_lambda": -0.717213483663464, "log10_min_child_weight": 0.7573102427544037, "log10_subsample": -0.653656607992753, "max_depth": 5.0, "num_boost_round": 13.0}, "datetime": {"datetime": "2024-01-19 01:04:58", "elapsed": 3202.765034, "delta": 0.003916}}
{"target": -13.758507077066973, "params": {"gamma": 877.249801276564, "log10_alpha": -4.428547126276628, "log10_colsample_bytree": -0.00396759033505556, "log10_eta": -3.8548157171743314, "log10_lambda": -0.717213483663464, "log10_min_child_weight": 0.7573102427544037, "log10_subsample": -0.653656607992753, "max_depth": 5.0, "num_boost_round": 14.0}, "datetime": {"datetime": "2024-01-19 01:04:58", "elapsed": 3202.768931, "delta": 0.003897}}
{"target": -13.758505565684041, "params": {"gamma": 877.249801276564, "log10_alpha": -4.428547126276628, "log10_colsample_bytree": -0.00396759033505556, "log10_eta": -3.8548157171743314, "log10_lambda": -0.717213483663464, "log10_min_child_weight": 0.7573102427544037, "log10_subsample": -0.653656607992753, "max_depth": 5.0, "num_boost_round": 15.0}, "datetime": {"datetime": "2024-01-19 01:04:58", "elapsed": 3202.77299, "delta": 0.004059}}
{"target": -13.758504290579591, "params": {"gamma": 877.249801276564, "log10_alpha": -4.428547126276628, "log10_colsample_bytree": -0.00396759033505556, "log10_eta": -3.8548157171743314, "log10_lambda": -0.717213483663464, "log10_min_child_weight": 0.7573102427544037, "log10_subsample": -0.653656607992753, "max_depth": 5.0, "num_boost_round": 16.0}, "datetime": {"datetime": "2024-01-19 01:04:58", "elapsed": 3202.776962, "delta": 0.003972}}
{"target": -13.758497515063725, "params": {"gamma": 877.249801276564, "log10_alpha": -4.428547126276628, "log10_colsample_bytree": -0.00396759033505556, "log10_eta": -3.8548157171743314, "log10_lambda": -0.717213483663464, "log10_min_child_weight": 0.7573102427544037, "log10_subsample": -0.653656607992753, "max_depth": 5.0, "num_boost_round": 17.0}, "datetime": {"datetime": "2024-01-19 01:04:58", "elapsed": 3202.781153, "delta": 0.004191}}
{"target": -13.758494171833519, "params": {"gamma": 877.249801276564, "log10_alpha": -4.428547126276628, "log10_colsample_bytree": -0.00396759033505556, "log10_eta": -3.8548157171743314, "log10_lambda": -0.717213483663464, "log10_min_child_weight": 0.7573102427544037, "log10_subsample": -0.653656607992753, "max_depth": 5.0, "num_boost_round": 18.0}, "datetime": {"datetime": "2024-01-19 01:04:58", "elapsed": 3202.785143, "delta": 0.00399}}
{"target": -13.758492360997371, "params": {"gamma": 877.249801276564, "log10_alpha": -4.428547126276628, "log10_colsample_bytree": -0.00396759033505556, "log10_eta": -3.8548157171743314, "log10_lambda": -0.717213483663464, "log10_min_child_weight": 0.7573102427544037, "log10_subsample": -0.653656607992753, "max_depth": 5.0, "num_boost_round": 19.0}, "datetime": {"datetime": "2024-01-19 01:04:58", "elapsed": 3202.789014, "delta": 0.003871}}
{"target": -13.758486219240519, "params": {"gamma": 877.249801276564, "log10_alpha": -4.428547126276628, "log10_colsample_bytree": -0.00396759033505556, "log10_eta": -3.8548157171743314, "log10_lambda": -0.717213483663464, "log10_min_child_weight": 0.7573102427544037, "log10_subsample": -0.653656607992753, "max_depth": 5.0, "num_boost_round": 20.0}, "datetime": {"datetime": "2024-01-19 01:04:58", "elapsed": 3202.79305, "delta": 0.004036}}
{"target": -13.758481343148615, "params": {"gamma": 877.249801276564, "log10_alpha": -4.428547126276628, "log10_colsample_bytree": -0.00396759033505556, "log10_eta": -3.8548157171743314, "log10_lambda": -0.717213483663464, "log10_min_child_weight": 0.7573102427544037, "log10_subsample": -0.653656607992753, "max_depth": 5.0, "num_boost_round": 21.0}, "datetime": {"datetime": "2024-01-19 01:04:58", "elapsed": 3202.796969, "delta": 0.003919}}
{"target": -13.758470809045892, "params": {"gamma": 877.249801276564, "log10_alpha": -4.428547126276628, "log10_colsample_bytree": -0.00396759033505556, "log10_eta": -3.8548157171743314, "log10_lambda": -0.717213483663464, "log10_min_child_weight": 0.7573102427544037, "log10_subsample": -0.653656607992753, "max_depth": 5.0, "num_boost_round": 22.0}, "datetime": {"datetime": "2024-01-19 01:04:58", "elapsed": 3202.800947, "delta": 0.003978}}
{"target": -13.758471136333219, "params": {"gamma": 877.249801276564, "log10_alpha": -4.428547126276628, "log10_colsample_bytree": -0.00396759033505556, "log10_eta": -3.8548157171743314, "log10_lambda": -0.717213483663464, "log10_min_child_weight": 0.7573102427544037, "log10_subsample": -0.653656607992753, "max_depth": 5.0, "num_boost_round": 23.0}, "datetime": {"datetime": "2024-01-19 01:04:58", "elapsed": 3202.804867, "delta": 0.00392}}
{"target": -13.75846914717718, "params": {"gamma": 877.249801276564, "log10_alpha": -4.428547126276628, "log10_colsample_bytree": -0.00396759033505556, "log10_eta": -3.8548157171743314, "log10_lambda": -0.717213483663464, "log10_min_child_weight": 0.7573102427544037, "log10_subsample": -0.653656607992753, "max_depth": 5.0, "num_boost_round": 24.0}, "datetime": {"datetime": "2024-01-19 01:04:58", "elapsed": 3202.808771, "delta": 0.003904}}
{"target": -13.758465334207699, "params": {"gamma": 877.249801276564, "log10_alpha": -4.428547126276628, "log10_colsample_bytree": -0.00396759033505556, "log10_eta": -3.8548157171743314, "log10_lambda": -0.717213483663464, "log10_min_child_weight": 0.7573102427544037, "log10_subsample": -0.653656607992753, "max_depth": 5.0, "num_boost_round": 25.0}, "datetime": {"datetime": "2024-01-19 01:04:58", "elapsed": 3202.812894, "delta": 0.004123}}
{"target": -13.758463070540643, "params": {"gamma": 877.249801276564, "log10_alpha": -4.428547126276628, "log10_colsample_bytree": -0.00396759033505556, "log10_eta": -3.8548157171743314, "log10_lambda": -0.717213483663464, "log10_min_child_weight": 0.7573102427544037, "log10_subsample": -0.653656607992753, "max_depth": 5.0, "num_boost_round": 26.0}, "datetime": {"datetime": "2024-01-19 01:04:58", "elapsed": 3202.816857, "delta": 0.003963}}
{"target": -13.758462378740505, "params": {"gamma": 877.249801276564, "log10_alpha": -4.428547126276628, "log10_colsample_bytree": -0.00396759033505556, "log10_eta": -3.8548157171743314, "log10_lambda": -0.717213483663464, "log10_min_child_weight": 0.7573102427544037, "log10_subsample": -0.653656607992753, "max_depth": 5.0, "num_boost_round": 27.0}, "datetime": {"datetime": "2024-01-19 01:04:58", "elapsed": 3202.820802, "delta": 0.003945}}
{"target": -13.758456467422977, "params": {"gamma": 877.249801276564, "log10_alpha": -4.428547126276628, "log10_colsample_bytree": -0.00396759033505556, "log10_eta": -3.8548157171743314, "log10_lambda": -0.717213483663464, "log10_min_child_weight": 0.7573102427544037, "log10_subsample": -0.653656607992753, "max_depth": 5.0, "num_boost_round": 28.0}, "datetime": {"datetime": "2024-01-19 01:04:58", "elapsed": 3202.824731, "delta": 0.003929}}
{"target": -13.758451698986288, "params": {"gamma": 877.249801276564, "log10_alpha": -4.428547126276628, "log10_colsample_bytree": -0.00396759033505556, "log10_eta": -3.8548157171743314, "log10_lambda": -0.717213483663464, "log10_min_child_weight": 0.7573102427544037, "log10_subsample": -0.653656607992753, "max_depth": 5.0, "num_boost_round": 29.0}, "datetime": {"datetime": "2024-01-19 01:04:58", "elapsed": 3202.828719, "delta": 0.003988}}
{"target": -13.758450266950996, "params": {"gamma": 877.249801276564, "log10_alpha": -4.428547126276628, "log10_colsample_bytree": -0.00396759033505556, "log10_eta": -3.8548157171743314, "log10_lambda": -0.717213483663464, "log10_min_child_weight": 0.7573102427544037, "log10_subsample": -0.653656607992753, "max_depth": 5.0, "num_boost_round": 30.0}, "datetime": {"datetime": "2024-01-19 01:04:58", "elapsed": 3202.833007, "delta": 0.004288}}
{"target": -13.758444968756143, "params": {"gamma": 877.249801276564, "log10_alpha": -4.428547126276628, "log10_colsample_bytree": -0.00396759033505556, "log10_eta": -3.8548157171743314, "log10_lambda": -0.717213483663464, "log10_min_child_weight": 0.7573102427544037, "log10_subsample": -0.653656607992753, "max_depth": 5.0, "num_boost_round": 31.0}, "datetime": {"datetime": "2024-01-19 01:04:58", "elapsed": 3202.837051, "delta": 0.004044}}
{"target": -13.758450436988689, "params": {"gamma": 877.249801276564, "log10_alpha": -4.428547126276628, "log10_colsample_bytree": -0.00396759033505556, "log10_eta": -3.8548157171743314, "log10_lambda": -0.717213483663464, "log10_min_child_weight": 0.7573102427544037, "log10_subsample": -0.653656607992753, "max_depth": 5.0, "num_boost_round": 32.0}, "datetime": {"datetime": "2024-01-19 01:04:58", "elapsed": 3202.841146, "delta": 0.004095}}
{"target": -13.75845107892006, "params": {"gamma": 877.249801276564, "log10_alpha": -4.428547126276628, "log10_colsample_bytree": -0.00396759033505556, "log10_eta": -3.8548157171743314, "log10_lambda": -0.717213483663464, "log10_min_child_weight": 0.7573102427544037, "log10_subsample": -0.653656607992753, "max_depth": 5.0, "num_boost_round": 33.0}, "datetime": {"datetime": "2024-01-19 01:04:58", "elapsed": 3202.845126, "delta": 0.00398}}
{"target": -13.758450077274773, "params": {"gamma": 877.249801276564, "log10_alpha": -4.428547126276628, "log10_colsample_bytree": -0.00396759033505556, "log10_eta": -3.8548157171743314, "log10_lambda": -0.717213483663464, "log10_min_child_weight": 0.7573102427544037, "log10_subsample": -0.653656607992753, "max_depth": 5.0, "num_boost_round": 34.0}, "datetime": {"datetime": "2024-01-19 01:04:58", "elapsed": 3202.849065, "delta": 0.003939}}
{"target": -13.758450209651487, "params": {"gamma": 877.249801276564, "log10_alpha": -4.428547126276628, "log10_colsample_bytree": -0.00396759033505556, "log10_eta": -3.8548157171743314, "log10_lambda": -0.717213483663464, "log10_min_child_weight": 0.7573102427544037, "log10_subsample": -0.653656607992753, "max_depth": 5.0, "num_boost_round": 35.0}, "datetime": {"datetime": "2024-01-19 01:04:58", "elapsed": 3202.853205, "delta": 0.00414}}
{"target": -13.758448940424868, "params": {"gamma": 877.249801276564, "log10_alpha": -4.428547126276628, "log10_colsample_bytree": -0.00396759033505556, "log10_eta": -3.8548157171743314, "log10_lambda": -0.717213483663464, "log10_min_child_weight": 0.7573102427544037, "log10_subsample": -0.653656607992753, "max_depth": 5.0, "num_boost_round": 36.0}, "datetime": {"datetime": "2024-01-19 01:04:58", "elapsed": 3202.857091, "delta": 0.003886}}
{"target": -13.758449834526829, "params": {"gamma": 877.249801276564, "log10_alpha": -4.428547126276628, "log10_colsample_bytree": -0.00396759033505556, "log10_eta": -3.8548157171743314, "log10_lambda": -0.717213483663464, "log10_min_child_weight": 0.7573102427544037, "log10_subsample": -0.653656607992753, "max_depth": 5.0, "num_boost_round": 37.0}, "datetime": {"datetime": "2024-01-19 01:04:58", "elapsed": 3202.861071, "delta": 0.00398}}
{"target": -13.758447344945141, "params": {"gamma": 877.249801276564, "log10_alpha": -4.428547126276628, "log10_colsample_bytree": -0.00396759033505556, "log10_eta": -3.8548157171743314, "log10_lambda": -0.717213483663464, "log10_min_child_weight": 0.7573102427544037, "log10_subsample": -0.653656607992753, "max_depth": 5.0, "num_boost_round": 38.0}, "datetime": {"datetime": "2024-01-19 01:04:58", "elapsed": 3202.865008, "delta": 0.003937}}
{"target": -13.758447442886421, "params": {"gamma": 877.249801276564, "log10_alpha": -4.428547126276628, "log10_colsample_bytree": -0.00396759033505556, "log10_eta": -3.8548157171743314, "log10_lambda": -0.717213483663464, "log10_min_child_weight": 0.7573102427544037, "log10_subsample": -0.653656607992753, "max_depth": 5.0, "num_boost_round": 39.0}, "datetime": {"datetime": "2024-01-19 01:04:58", "elapsed": 3202.868973, "delta": 0.003965}}
{"target": -13.75844829123827, "params": {"gamma": 877.249801276564, "log10_alpha": -4.428547126276628, "log10_colsample_bytree": -0.00396759033505556, "log10_eta": -3.8548157171743314, "log10_lambda": -0.717213483663464, "log10_min_child_weight": 0.7573102427544037, "log10_subsample": -0.653656607992753, "max_depth": 5.0, "num_boost_round": 40.0}, "datetime": {"datetime": "2024-01-19 01:04:58", "elapsed": 3202.873095, "delta": 0.004122}}
{"target": -13.88076630322438, "params": {"gamma": 878.5258424595673, "log10_alpha": -4.578935456810866, "log10_colsample_bytree": -0.3389999372206147, "log10_eta": -0.2446400105693356, "log10_lambda": 0.7730602185844955, "log10_min_child_weight": 0.6108681186798653, "log10_subsample": -0.142549468127266, "max_depth": 7.0, "num_boost_round": 0.0}, "datetime": {"datetime": "2024-01-19 01:05:59", "elapsed": 3263.597852, "delta": 60.724757}}
{"target": -13.926203541770585, "params": {"gamma": 878.5258424595673, "log10_alpha": -4.578935456810866, "log10_colsample_bytree": -0.3389999372206147, "log10_eta": -0.2446400105693356, "log10_lambda": 0.7730602185844955, "log10_min_child_weight": 0.6108681186798653, "log10_subsample": -0.142549468127266, "max_depth": 7.0, "num_boost_round": 1.0}, "datetime": {"datetime": "2024-01-19 01:05:59", "elapsed": 3263.60238, "delta": 0.004528}}
{"target": -13.988011816944177, "params": {"gamma": 878.5258424595673, "log10_alpha": -4.578935456810866, "log10_colsample_bytree": -0.3389999372206147, "log10_eta": -0.2446400105693356, "log10_lambda": 0.7730602185844955, "log10_min_child_weight": 0.6108681186798653, "log10_subsample": -0.142549468127266, "max_depth": 7.0, "num_boost_round": 2.0}, "datetime": {"datetime": "2024-01-19 01:05:59", "elapsed": 3263.60665, "delta": 0.00427}}
{"target": -14.024619371312063, "params": {"gamma": 878.5258424595673, "log10_alpha": -4.578935456810866, "log10_colsample_bytree": -0.3389999372206147, "log10_eta": -0.2446400105693356, "log10_lambda": 0.7730602185844955, "log10_min_child_weight": 0.6108681186798653, "log10_subsample": -0.142549468127266, "max_depth": 7.0, "num_boost_round": 3.0}, "datetime": {"datetime": "2024-01-19 01:05:59", "elapsed": 3263.610695, "delta": 0.004045}}
{"target": -14.057650585211062, "params": {"gamma": 878.5258424595673, "log10_alpha": -4.578935456810866, "log10_colsample_bytree": -0.3389999372206147, "log10_eta": -0.2446400105693356, "log10_lambda": 0.7730602185844955, "log10_min_child_weight": 0.6108681186798653, "log10_subsample": -0.142549468127266, "max_depth": 7.0, "num_boost_round": 4.0}, "datetime": {"datetime": "2024-01-19 01:05:59", "elapsed": 3263.614749, "delta": 0.004054}}
