{"target": -17.677194352580845, "params": {"gamma": 427.09455407454743, "log10_alpha": 0.09547438082459703, "log10_colsample_bytree": -0.3792787485196839, "log10_eta": -3.8298646638833516, "log10_lambda": 0.78964024456302, "log10_min_child_weight": 4.238524999798463, "log10_subsample": -0.04601219044077909, "max_depth": 8.0, "num_boost_round": 10.0}, "datetime": {"datetime": "2024-01-19 00:24:57", "elapsed": 790.137955, "delta": 0.001602}}
{"target": -17.677219858380536, "params": {"gamma": 432.0035698978862, "log10_alpha": -4.7823186116112115, "log10_colsample_bytree": -0.11965399178643943, "log10_eta": -3.538742881104907, "log10_lambda": -3.933907055707963, "log10_min_child_weight": 1.8213163983483955, "log10_subsample": -0.7605204991215443, "max_depth": 9.0, "num_boost_round": 0.0}, "datetime": {"datetime": "2024-01-19 00:25:33", "elapsed": 826.394597, "delta": 36.256642}}
{"target": -17.677202649482307, "params": {"gamma": 432.0035698978862, "log10_alpha": -4.7823186116112115, "log10_colsample_bytree": -0.11965399178643943, "log10_eta": -3.538742881104907, "log10_lambda": -3.933907055707963, "log10_min_child_weight": 1.8213163983483955, "log10_subsample": -0.7605204991215443, "max_depth": 9.0, "num_boost_round": 1.0}, "datetime": {"datetime": "2024-01-19 00:25:33", "elapsed": 826.396956, "delta": 0.002359}}
{"target": -17.677190330020466, "params": {"gamma": 432.0035698978862, "log10_alpha": -4.7823186116112115, "log10_colsample_bytree": -0.11965399178643943, "log10_eta": -3.538742881104907, "log10_lambda": -3.933907055707963, "log10_min_child_weight": 1.8213163983483955, "log10_subsample": -0.7605204991215443, "max_depth": 9.0, "num_boost_round": 2.0}, "datetime": {"datetime": "2024-01-19 00:25:33", "elapsed": 826.398889, "delta": 0.001933}}
{"target": -17.677189464503307, "params": {"gamma": 432.0035698978862, "log10_alpha": -4.7823186116112115, "log10_colsample_bytree": -0.11965399178643943, "log10_eta": -3.538742881104907, "log10_lambda": -3.933907055707963, "log10_min_child_weight": 1.8213163983483955, "log10_subsample": -0.7605204991215443, "max_depth": 9.0, "num_boost_round": 3.0}, "datetime": {"datetime": "2024-01-19 00:25:33", "elapsed": 826.400909, "delta": 0.00202}}
{"target": -17.67718525770523, "params": {"gamma": 432.0035698978862, "log10_alpha": -4.7823186116112115, "log10_colsample_bytree": -0.11965399178643943, "log10_eta": -3.538742881104907, "log10_lambda": -3.933907055707963, "log10_min_child_weight": 1.8213163983483955, "log10_subsample": -0.7605204991215443, "max_depth": 9.0, "num_boost_round": 4.0}, "datetime": {"datetime": "2024-01-19 00:25:33", "elapsed": 826.402741, "delta": 0.001832}}
{"target": -17.67717880048499, "params": {"gamma": 432.0035698978862, "log10_alpha": -4.7823186116112115, "log10_colsample_bytree": -0.11965399178643943, "log10_eta": -3.538742881104907, "log10_lambda": -3.933907055707963, "log10_min_child_weight": 1.8213163983483955, "log10_subsample": -0.7605204991215443, "max_depth": 9.0, "num_boost_round": 5.0}, "datetime": {"datetime": "2024-01-19 00:25:33", "elapsed": 826.404507, "delta": 0.001766}}
{"target": -17.677198276223557, "params": {"gamma": 432.0035698978862, "log10_alpha": -4.7823186116112115, "log10_colsample_bytree": -0.11965399178643943, "log10_eta": -3.538742881104907, "log10_lambda": -3.933907055707963, "log10_min_child_weight": 1.8213163983483955, "log10_subsample": -0.7605204991215443, "max_depth": 9.0, "num_boost_round": 6.0}, "datetime": {"datetime": "2024-01-19 00:25:33", "elapsed": 826.406257, "delta": 0.00175}}
{"target": -17.677178661513416, "params": {"gamma": 432.0035698978862, "log10_alpha": -4.7823186116112115, "log10_colsample_bytree": -0.11965399178643943, "log10_eta": -3.538742881104907, "log10_lambda": -3.933907055707963, "log10_min_child_weight": 1.8213163983483955, "log10_subsample": -0.7605204991215443, "max_depth": 9.0, "num_boost_round": 7.0}, "datetime": {"datetime": "2024-01-19 00:25:33", "elapsed": 826.407925, "delta": 0.001668}}
{"target": -17.677152909424937, "params": {"gamma": 432.0035698978862, "log10_alpha": -4.7823186116112115, "log10_colsample_bytree": -0.11965399178643943, "log10_eta": -3.538742881104907, "log10_lambda": -3.933907055707963, "log10_min_child_weight": 1.8213163983483955, "log10_subsample": -0.7605204991215443, "max_depth": 9.0, "num_boost_round": 8.0}, "datetime": {"datetime": "2024-01-19 00:25:33", "elapsed": 826.40954, "delta": 0.001615}}
{"target": -17.677144049098438, "params": {"gamma": 432.0035698978862, "log10_alpha": -4.7823186116112115, "log10_colsample_bytree": -0.11965399178643943, "log10_eta": -3.538742881104907, "log10_lambda": -3.933907055707963, "log10_min_child_weight": 1.8213163983483955, "log10_subsample": -0.7605204991215443, "max_depth": 9.0, "num_boost_round": 9.0}, "datetime": {"datetime": "2024-01-19 00:25:33", "elapsed": 826.411243, "delta": 0.001703}}
{"target": -17.67714716997865, "params": {"gamma": 432.0035698978862, "log10_alpha": -4.7823186116112115, "log10_colsample_bytree": -0.11965399178643943, "log10_eta": -3.538742881104907, "log10_lambda": -3.933907055707963, "log10_min_child_weight": 1.8213163983483955, "log10_subsample": -0.7605204991215443, "max_depth": 9.0, "num_boost_round": 10.0}, "datetime": {"datetime": "2024-01-19 00:25:33", "elapsed": 826.412861, "delta": 0.001618}}
{"target": -17.67711799170232, "params": {"gamma": 432.0035698978862, "log10_alpha": -4.7823186116112115, "log10_colsample_bytree": -0.11965399178643943, "log10_eta": -3.538742881104907, "log10_lambda": -3.933907055707963, "log10_min_child_weight": 1.8213163983483955, "log10_subsample": -0.7605204991215443, "max_depth": 9.0, "num_boost_round": 11.0}, "datetime": {"datetime": "2024-01-19 00:25:33", "elapsed": 826.414468, "delta": 0.001607}}
{"target": -17.67711067885669, "params": {"gamma": 432.0035698978862, "log10_alpha": -4.7823186116112115, "log10_colsample_bytree": -0.11965399178643943, "log10_eta": -3.538742881104907, "log10_lambda": -3.933907055707963, "log10_min_child_weight": 1.8213163983483955, "log10_subsample": -0.7605204991215443, "max_depth": 9.0, "num_boost_round": 12.0}, "datetime": {"datetime": "2024-01-19 00:25:33", "elapsed": 826.416074, "delta": 0.001606}}
{"target": -17.67707830915543, "params": {"gamma": 432.0035698978862, "log10_alpha": -4.7823186116112115, "log10_colsample_bytree": -0.11965399178643943, "log10_eta": -3.538742881104907, "log10_lambda": -3.933907055707963, "log10_min_child_weight": 1.8213163983483955, "log10_subsample": -0.7605204991215443, "max_depth": 9.0, "num_boost_round": 13.0}, "datetime": {"datetime": "2024-01-19 00:25:33", "elapsed": 826.417697, "delta": 0.001623}}
{"target": -17.67708448053836, "params": {"gamma": 432.0035698978862, "log10_alpha": -4.7823186116112115, "log10_colsample_bytree": -0.11965399178643943, "log10_eta": -3.538742881104907, "log10_lambda": -3.933907055707963, "log10_min_child_weight": 1.8213163983483955, "log10_subsample": -0.7605204991215443, "max_depth": 9.0, "num_boost_round": 14.0}, "datetime": {"datetime": "2024-01-19 00:25:33", "elapsed": 826.419312, "delta": 0.001615}}
{"target": -17.677068559181087, "params": {"gamma": 432.0035698978862, "log10_alpha": -4.7823186116112115, "log10_colsample_bytree": -0.11965399178643943, "log10_eta": -3.538742881104907, "log10_lambda": -3.933907055707963, "log10_min_child_weight": 1.8213163983483955, "log10_subsample": -0.7605204991215443, "max_depth": 9.0, "num_boost_round": 15.0}, "datetime": {"datetime": "2024-01-19 00:25:33", "elapsed": 826.420938, "delta": 0.001626}}
{"target": -17.677063062791905, "params": {"gamma": 432.0035698978862, "log10_alpha": -4.7823186116112115, "log10_colsample_bytree": -0.11965399178643943, "log10_eta": -3.538742881104907, "log10_lambda": -3.933907055707963, "log10_min_child_weight": 1.8213163983483955, "log10_subsample": -0.7605204991215443, "max_depth": 9.0, "num_boost_round": 16.0}, "datetime": {"datetime": "2024-01-19 00:25:33", "elapsed": 826.422651, "delta": 0.001713}}
{"target": -17.677026203181306, "params": {"gamma": 432.0035698978862, "log10_alpha": -4.7823186116112115, "log10_colsample_bytree": -0.11965399178643943, "log10_eta": -3.538742881104907, "log10_lambda": -3.933907055707963, "log10_min_child_weight": 1.8213163983483955, "log10_subsample": -0.7605204991215443, "max_depth": 9.0, "num_boost_round": 17.0}, "datetime": {"datetime": "2024-01-19 00:25:33", "elapsed": 826.4243, "delta": 0.001649}}
{"target": -17.677016508989244, "params": {"gamma": 432.0035698978862, "log10_alpha": -4.7823186116112115, "log10_colsample_bytree": -0.11965399178643943, "log10_eta": -3.538742881104907, "log10_lambda": -3.933907055707963, "log10_min_child_weight": 1.8213163983483955, "log10_subsample": -0.7605204991215443, "max_depth": 9.0, "num_boost_round": 18.0}, "datetime": {"datetime": "2024-01-19 00:25:33", "elapsed": 826.425936, "delta": 0.001636}}
{"target": -17.677015755928032, "params": {"gamma": 432.0035698978862, "log10_alpha": -4.7823186116112115, "log10_colsample_bytree": -0.11965399178643943, "log10_eta": -3.538742881104907, "log10_lambda": -3.933907055707963, "log10_min_child_weight": 1.8213163983483955, "log10_subsample": -0.7605204991215443, "max_depth": 9.0, "num_boost_round": 19.0}, "datetime": {"datetime": "2024-01-19 00:25:33", "elapsed": 826.427672, "delta": 0.001736}}
{"target": -17.677004531907272, "params": {"gamma": 432.0035698978862, "log10_alpha": -4.7823186116112115, "log10_colsample_bytree": -0.11965399178643943, "log10_eta": -3.538742881104907, "log10_lambda": -3.933907055707963, "log10_min_child_weight": 1.8213163983483955, "log10_subsample": -0.7605204991215443, "max_depth": 9.0, "num_boost_round": 20.0}, "datetime": {"datetime": "2024-01-19 00:25:33", "elapsed": 826.429315, "delta": 0.001643}}
{"target": -17.676977697402634, "params": {"gamma": 432.0035698978862, "log10_alpha": -4.7823186116112115, "log10_colsample_bytree": -0.11965399178643943, "log10_eta": -3.538742881104907, "log10_lambda": -3.933907055707963, "log10_min_child_weight": 1.8213163983483955, "log10_subsample": -0.7605204991215443, "max_depth": 9.0, "num_boost_round": 21.0}, "datetime": {"datetime": "2024-01-19 00:25:33", "elapsed": 826.431022, "delta": 0.001707}}
{"target": -17.676978753636735, "params": {"gamma": 432.0035698978862, "log10_alpha": -4.7823186116112115, "log10_colsample_bytree": -0.11965399178643943, "log10_eta": -3.538742881104907, "log10_lambda": -3.933907055707963, "log10_min_child_weight": 1.8213163983483955, "log10_subsample": -0.7605204991215443, "max_depth": 9.0, "num_boost_round": 22.0}, "datetime": {"datetime": "2024-01-19 00:25:33", "elapsed": 826.432665, "delta": 0.001643}}
{"target": -17.6769786983484, "params": {"gamma": 432.0035698978862, "log10_alpha": -4.7823186116112115, "log10_colsample_bytree": -0.11965399178643943, "log10_eta": -3.538742881104907, "log10_lambda": -3.933907055707963, "log10_min_child_weight": 1.8213163983483955, "log10_subsample": -0.7605204991215443, "max_depth": 9.0, "num_boost_round": 23.0}, "datetime": {"datetime": "2024-01-19 00:25:33", "elapsed": 826.434292, "delta": 0.001627}}
{"target": -17.676967847468323, "params": {"gamma": 432.0035698978862, "log10_alpha": -4.7823186116112115, "log10_colsample_bytree": -0.11965399178643943, "log10_eta": -3.538742881104907, "log10_lambda": -3.933907055707963, "log10_min_child_weight": 1.8213163983483955, "log10_subsample": -0.7605204991215443, "max_depth": 9.0, "num_boost_round": 24.0}, "datetime": {"datetime": "2024-01-19 00:25:33", "elapsed": 826.43593, "delta": 0.001638}}
{"target": -17.676937924743235, "params": {"gamma": 432.0035698978862, "log10_alpha": -4.7823186116112115, "log10_colsample_bytree": -0.11965399178643943, "log10_eta": -3.538742881104907, "log10_lambda": -3.933907055707963, "log10_min_child_weight": 1.8213163983483955, "log10_subsample": -0.7605204991215443, "max_depth": 9.0, "num_boost_round": 25.0}, "datetime": {"datetime": "2024-01-19 00:25:33", "elapsed": 826.437575, "delta": 0.001645}}
{"target": -17.67693086726245, "params": {"gamma": 432.0035698978862, "log10_alpha": -4.7823186116112115, "log10_colsample_bytree": -0.11965399178643943, "log10_eta": -3.538742881104907, "log10_lambda": -3.933907055707963, "log10_min_child_weight": 1.8213163983483955, "log10_subsample": -0.7605204991215443, "max_depth": 9.0, "num_boost_round": 26.0}, "datetime": {"datetime": "2024-01-19 00:25:33", "elapsed": 826.439203, "delta": 0.001628}}
{"target": -17.676928275484425, "params": {"gamma": 432.0035698978862, "log10_alpha": -4.7823186116112115, "log10_colsample_bytree": -0.11965399178643943, "log10_eta": -3.538742881104907, "log10_lambda": -3.933907055707963, "log10_min_child_weight": 1.8213163983483955, "log10_subsample": -0.7605204991215443, "max_depth": 9.0, "num_boost_round": 27.0}, "datetime": {"datetime": "2024-01-19 00:25:33", "elapsed": 826.440831, "delta": 0.001628}}
{"target": -17.676917737629477, "params": {"gamma": 432.0035698978862, "log10_alpha": -4.7823186116112115, "log10_colsample_bytree": -0.11965399178643943, "log10_eta": -3.538742881104907, "log10_lambda": -3.933907055707963, "log10_min_child_weight": 1.8213163983483955, "log10_subsample": -0.7605204991215443, "max_depth": 9.0, "num_boost_round": 28.0}, "datetime": {"datetime": "2024-01-19 00:25:33", "elapsed": 826.442549, "delta": 0.001718}}
{"target": -17.676917240191546, "params": {"gamma": 432.0035698978862, "log10_alpha": -4.7823186116112115, "log10_colsample_bytree": -0.11965399178643943, "log10_eta": -3.538742881104907, "log10_lambda": -3.933907055707963, "log10_min_child_weight": 1.8213163983483955, "log10_subsample": -0.7605204991215443, "max_depth": 9.0, "num_boost_round": 29.0}, "datetime": {"datetime": "2024-01-19 00:25:33", "elapsed": 826.4442, "delta": 0.001651}}
{"target": -17.67689274015159, "params": {"gamma": 432.0035698978862, "log10_alpha": -4.7823186116112115, "log10_colsample_bytree": -0.11965399178643943, "log10_eta": -3.538742881104907, "log10_lambda": -3.933907055707963, "log10_min_child_weight": 1.8213163983483955, "log10_subsample": -0.7605204991215443, "max_depth": 9.0, "num_boost_round": 30.0}, "datetime": {"datetime": "2024-01-19 00:25:33", "elapsed": 826.445843, "delta": 0.001643}}
{"target": -17.676870581226687, "params": {"gamma": 432.0035698978862, "log10_alpha": -4.7823186116112115, "log10_colsample_bytree": -0.11965399178643943, "log10_eta": -3.538742881104907, "log10_lambda": -3.933907055707963, "log10_min_child_weight": 1.8213163983483955, "log10_subsample": -0.7605204991215443, "max_depth": 9.0, "num_boost_round": 31.0}, "datetime": {"datetime": "2024-01-19 00:25:33", "elapsed": 826.44754, "delta": 0.001697}}
{"target": -17.67684564819541, "params": {"gamma": 432.0035698978862, "log10_alpha": -4.7823186116112115, "log10_colsample_bytree": -0.11965399178643943, "log10_eta": -3.538742881104907, "log10_lambda": -3.933907055707963, "log10_min_child_weight": 1.8213163983483955, "log10_subsample": -0.7605204991215443, "max_depth": 9.0, "num_boost_round": 32.0}, "datetime": {"datetime": "2024-01-19 00:25:33", "elapsed": 826.449206, "delta": 0.001666}}
{"target": -17.67683521843513, "params": {"gamma": 432.0035698978862, "log10_alpha": -4.7823186116112115, "log10_colsample_bytree": -0.11965399178643943, "log10_eta": -3.538742881104907, "log10_lambda": -3.933907055707963, "log10_min_child_weight": 1.8213163983483955, "log10_subsample": -0.7605204991215443, "max_depth": 9.0, "num_boost_round": 33.0}, "datetime": {"datetime": "2024-01-19 00:25:33", "elapsed": 826.450999, "delta": 0.001793}}
{"target": -17.676826707658652, "params": {"gamma": 432.0035698978862, "log10_alpha": -4.7823186116112115, "log10_colsample_bytree": -0.11965399178643943, "log10_eta": -3.538742881104907, "log10_lambda": -3.933907055707963, "log10_min_child_weight": 1.8213163983483955, "log10_subsample": -0.7605204991215443, "max_depth": 9.0, "num_boost_round": 34.0}, "datetime": {"datetime": "2024-01-19 00:25:33", "elapsed": 826.452836, "delta": 0.001837}}
{"target": -17.676799922864237, "params": {"gamma": 432.0035698978862, "log10_alpha": -4.7823186116112115, "log10_colsample_bytree": -0.11965399178643943, "log10_eta": -3.538742881104907, "log10_lambda": -3.933907055707963, "log10_min_child_weight": 1.8213163983483955, "log10_subsample": -0.7605204991215443, "max_depth": 9.0, "num_boost_round": 35.0}, "datetime": {"datetime": "2024-01-19 00:25:33", "elapsed": 826.454489, "delta": 0.001653}}
{"target": -17.676781311008316, "params": {"gamma": 432.0035698978862, "log10_alpha": -4.7823186116112115, "log10_colsample_bytree": -0.11965399178643943, "log10_eta": -3.538742881104907, "log10_lambda": -3.933907055707963, "log10_min_child_weight": 1.8213163983483955, "log10_subsample": -0.7605204991215443, "max_depth": 9.0, "num_boost_round": 36.0}, "datetime": {"datetime": "2024-01-19 00:25:33", "elapsed": 826.456141, "delta": 0.001652}}
{"target": -17.677230205103058, "params": {"gamma": 430.23881031612655, "log10_alpha": -2.532559558457508, "log10_colsample_bytree": -0.8318230047198368, "log10_eta": -3.9836596164829827, "log10_lambda": -0.24246216093972173, "log10_min_child_weight": 2.21840923890153, "log10_subsample": -0.7296941009418116, "max_depth": 8.0, "num_boost_round": 0.0}, "datetime": {"datetime": "2024-01-19 00:26:01", "elapsed": 853.67998, "delta": 27.223839}}
{"target": -17.677224098659675, "params": {"gamma": 430.23881031612655, "log10_alpha": -2.532559558457508, "log10_colsample_bytree": -0.8318230047198368, "log10_eta": -3.9836596164829827, "log10_lambda": -0.24246216093972173, "log10_min_child_weight": 2.21840923890153, "log10_subsample": -0.7296941009418116, "max_depth": 8.0, "num_boost_round": 1.0}, "datetime": {"datetime": "2024-01-19 00:26:01", "elapsed": 853.681844, "delta": 0.001864}}
{"target": -17.677212052933474, "params": {"gamma": 430.23881031612655, "log10_alpha": -2.532559558457508, "log10_colsample_bytree": -0.8318230047198368, "log10_eta": -3.9836596164829827, "log10_lambda": -0.24246216093972173, "log10_min_child_weight": 2.21840923890153, "log10_subsample": -0.7296941009418116, "max_depth": 8.0, "num_boost_round": 2.0}, "datetime": {"datetime": "2024-01-19 00:26:01", "elapsed": 853.683548, "delta": 0.001704}}
{"target": -17.677215639658193, "params": {"gamma": 430.23881031612655, "log10_alpha": -2.532559558457508, "log10_colsample_bytree": -0.8318230047198368, "log10_eta": -3.9836596164829827, "log10_lambda": -0.24246216093972173, "log10_min_child_weight": 2.21840923890153, "log10_subsample": -0.7296941009418116, "max_depth": 8.0, "num_boost_round": 3.0}, "datetime": {"datetime": "2024-01-19 00:26:01", "elapsed": 853.685234, "delta": 0.001686}}
{"target": -17.677209129659033, "params": {"gamma": 430.23881031612655, "log10_alpha": -2.532559558457508, "log10_colsample_bytree": -0.8318230047198368, "log10_eta": -3.9836596164829827, "log10_lambda": -0.24246216093972173, "log10_min_child_weight": 2.21840923890153, "log10_subsample": -0.7296941009418116, "max_depth": 8.0, "num_boost_round": 4.0}, "datetime": {"datetime": "2024-01-19 00:26:01", "elapsed": 853.686891, "delta": 0.001657}}
{"target": -17.677206751611006, "params": {"gamma": 430.23881031612655, "log10_alpha": -2.532559558457508, "log10_colsample_bytree": -0.8318230047198368, "log10_eta": -3.9836596164829827, "log10_lambda": -0.24246216093972173, "log10_min_child_weight": 2.21840923890153, "log10_subsample": -0.7296941009418116, "max_depth": 8.0, "num_boost_round": 5.0}, "datetime": {"datetime": "2024-01-19 00:26:01", "elapsed": 853.690422, "delta": 0.003531}}
{"target": -17.677207889038918, "params": {"gamma": 430.23881031612655, "log10_alpha": -2.532559558457508, "log10_colsample_bytree": -0.8318230047198368, "log10_eta": -3.9836596164829827, "log10_lambda": -0.24246216093972173, "log10_min_child_weight": 2.21840923890153, "log10_subsample": -0.7296941009418116, "max_depth": 8.0, "num_boost_round": 6.0}, "datetime": {"datetime": "2024-01-19 00:26:01", "elapsed": 853.692135, "delta": 0.001713}}
{"target": -17.677196835258286, "params": {"gamma": 430.23881031612655, "log10_alpha": -2.532559558457508, "log10_colsample_bytree": -0.8318230047198368, "log10_eta": -3.9836596164829827, "log10_lambda": -0.24246216093972173, "log10_min_child_weight": 2.21840923890153, "log10_subsample": -0.7296941009418116, "max_depth": 8.0, "num_boost_round": 7.0}, "datetime": {"datetime": "2024-01-19 00:26:01", "elapsed": 853.693797, "delta": 0.001662}}
{"target": -17.67719900930214, "params": {"gamma": 430.23881031612655, "log10_alpha": -2.532559558457508, "log10_colsample_bytree": -0.8318230047198368, "log10_eta": -3.9836596164829827, "log10_lambda": -0.24246216093972173, "log10_min_child_weight": 2.21840923890153, "log10_subsample": -0.7296941009418116, "max_depth": 8.0, "num_boost_round": 8.0}, "datetime": {"datetime": "2024-01-19 00:26:01", "elapsed": 853.695459, "delta": 0.001662}}
{"target": -17.67719637231452, "params": {"gamma": 430.23881031612655, "log10_alpha": -2.532559558457508, "log10_colsample_bytree": -0.8318230047198368, "log10_eta": -3.9836596164829827, "log10_lambda": -0.24246216093972173, "log10_min_child_weight": 2.21840923890153, "log10_subsample": -0.7296941009418116, "max_depth": 8.0, "num_boost_round": 9.0}, "datetime": {"datetime": "2024-01-19 00:26:01", "elapsed": 853.697137, "delta": 0.001678}}
{"target": -17.677187953856116, "params": {"gamma": 430.23881031612655, "log10_alpha": -2.532559558457508, "log10_colsample_bytree": -0.8318230047198368, "log10_eta": -3.9836596164829827, "log10_lambda": -0.24246216093972173, "log10_min_child_weight": 2.21840923890153, "log10_subsample": -0.7296941009418116, "max_depth": 8.0, "num_boost_round": 10.0}, "datetime": {"datetime": "2024-01-19 00:26:01", "elapsed": 853.698812, "delta": 0.001675}}
