{"target": -13.758425627009162, "params": {"gamma": 875.7872337180369, "log10_alpha": -3.6204310533316275, "log10_colsample_bytree": -0.09423427321337541, "log10_eta": -3.0650909239749655, "log10_lambda": -2.800811466629824, "log10_min_child_weight": 2.243083691810008, "log10_subsample": -0.14334558626106464, "max_depth": 9.0, "num_boost_round": 21.0}, "datetime": {"datetime": "2024-01-19 00:44:46", "elapsed": 1991.261646, "delta": 0.002964}}
{"target": -13.758437625325135, "params": {"gamma": 875.7872337180369, "log10_alpha": -3.6204310533316275, "log10_colsample_bytree": -0.09423427321337541, "log10_eta": -3.0650909239749655, "log10_lambda": -2.800811466629824, "log10_min_child_weight": 2.243083691810008, "log10_subsample": -0.14334558626106464, "max_depth": 9.0, "num_boost_round": 22.0}, "datetime": {"datetime": "2024-01-19 00:44:46", "elapsed": 1991.264576, "delta": 0.00293}}
{"target": -13.75844468450091, "params": {"gamma": 875.7872337180369, "log10_alpha": -3.6204310533316275, "log10_colsample_bytree": -0.09423427321337541, "log10_eta": -3.0650909239749655, "log10_lambda": -2.800811466629824, "log10_min_child_weight": 2.243083691810008, "log10_subsample": -0.14334558626106464, "max_depth": 9.0, "num_boost_round": 23.0}, "datetime": {"datetime": "2024-01-19 00:44:46", "elapsed": 1991.267513, "delta": 0.002937}}
{"target": -13.758458152273787, "params": {"gamma": 875.7872337180369, "log10_alpha": -3.6204310533316275, "log10_colsample_bytree": -0.09423427321337541, "log10_eta": -3.0650909239749655, "log10_lambda": -2.800811466629824, "log10_min_child_weight": 2.243083691810008, "log10_subsample": -0.14334558626106464, "max_depth": 9.0, "num_boost_round": 24.0}, "datetime": {"datetime": "2024-01-19 00:44:46", "elapsed": 1991.270418, "delta": 0.002905}}
{"target": -13.75843620173912, "params": {"gamma": 875.7872337180369, "log10_alpha": -3.6204310533316275, "log10_colsample_bytree": -0.09423427321337541, "log10_eta": -3.0650909239749655, "log10_lambda": -2.800811466629824, "log10_min_child_weight": 2.243083691810008, "log10_subsample": -0.14334558626106464, "max_depth": 9.0, "num_boost_round": 25.0}, "datetime": {"datetime": "2024-01-19 00:44:46", "elapsed": 1991.273489, "delta": 0.003071}}
{"target": -13.780842533073203, "params": {"gamma": 873.1486196712983, "log10_alpha": 0.025162112610075837, "log10_colsample_bytree": -0.6632189403949158, "log10_eta": -0.4808576339113624, "log10_lambda": -1.6150462801876313, "log10_min_child_weight": 1.8419685854239383, "log10_subsample": -0.6447958735391544, "max_depth": 9.0, "num_boost_round": 0.0}, "datetime": {"datetime": "2024-01-19 00:45:27", "elapsed": 2032.077933, "delta": 40.804444}}
{"target": -13.810056338003248, "params": {"gamma": 873.1486196712983, "log10_alpha": 0.025162112610075837, "log10_colsample_bytree": -0.6632189403949158, "log10_eta": -0.4808576339113624, "log10_lambda": -1.6150462801876313, "log10_min_child_weight": 1.8419685854239383, "log10_subsample": -0.6447958735391544, "max_depth": 9.0, "num_boost_round": 1.0}, "datetime": {"datetime": "2024-01-19 00:45:27", "elapsed": 2032.081626, "delta": 0.003693}}
{"target": -13.830947995658594, "params": {"gamma": 873.1486196712983, "log10_alpha": 0.025162112610075837, "log10_colsample_bytree": -0.6632189403949158, "log10_eta": -0.4808576339113624, "log10_lambda": -1.6150462801876313, "log10_min_child_weight": 1.8419685854239383, "log10_subsample": -0.6447958735391544, "max_depth": 9.0, "num_boost_round": 2.0}, "datetime": {"datetime": "2024-01-19 00:45:27", "elapsed": 2032.084552, "delta": 0.002926}}
{"target": -13.865480582343066, "params": {"gamma": 873.1486196712983, "log10_alpha": 0.025162112610075837, "log10_colsample_bytree": -0.6632189403949158, "log10_eta": -0.4808576339113624, "log10_lambda": -1.6150462801876313, "log10_min_child_weight": 1.8419685854239383, "log10_subsample": -0.6447958735391544, "max_depth": 9.0, "num_boost_round": 3.0}, "datetime": {"datetime": "2024-01-19 00:45:27", "elapsed": 2032.08749, "delta": 0.002938}}
{"target": -13.889012550870982, "params": {"gamma": 873.1486196712983, "log10_alpha": 0.025162112610075837, "log10_colsample_bytree": -0.6632189403949158, "log10_eta": -0.4808576339113624, "log10_lambda": -1.6150462801876313, "log10_min_child_weight": 1.8419685854239383, "log10_subsample": -0.6447958735391544, "max_depth": 9.0, "num_boost_round": 4.0}, "datetime": {"datetime": "2024-01-19 00:45:27", "elapsed": 2032.090423, "delta": 0.002933}}
{"target": -13.936875384613572, "params": {"gamma": 873.1486196712983, "log10_alpha": 0.025162112610075837, "log10_colsample_bytree": -0.6632189403949158, "log10_eta": -0.4808576339113624, "log10_lambda": -1.6150462801876313, "log10_min_child_weight": 1.8419685854239383, "log10_subsample": -0.6447958735391544, "max_depth": 9.0, "num_boost_round": 5.0}, "datetime": {"datetime": "2024-01-19 00:45:27", "elapsed": 2032.093451, "delta": 0.003028}}
{"target": -13.953555296571068, "params": {"gamma": 873.1486196712983, "log10_alpha": 0.025162112610075837, "log10_colsample_bytree": -0.6632189403949158, "log10_eta": -0.4808576339113624, "log10_lambda": -1.6150462801876313, "log10_min_child_weight": 1.8419685854239383, "log10_subsample": -0.6447958735391544, "max_depth": 9.0, "num_boost_round": 6.0}, "datetime": {"datetime": "2024-01-19 00:45:27", "elapsed": 2032.096317, "delta": 0.002866}}
{"target": -14.024894904205507, "params": {"gamma": 873.1486196712983, "log10_alpha": 0.025162112610075837, "log10_colsample_bytree": -0.6632189403949158, "log10_eta": -0.4808576339113624, "log10_lambda": -1.6150462801876313, "log10_min_child_weight": 1.8419685854239383, "log10_subsample": -0.6447958735391544, "max_depth": 9.0, "num_boost_round": 7.0}, "datetime": {"datetime": "2024-01-19 00:45:27", "elapsed": 2032.099184, "delta": 0.002867}}
{"target": -14.053349428048907, "params": {"gamma": 873.1486196712983, "log10_alpha": 0.025162112610075837, "log10_colsample_bytree": -0.6632189403949158, "log10_eta": -0.4808576339113624, "log10_lambda": -1.6150462801876313, "log10_min_child_weight": 1.8419685854239383, "log10_subsample": -0.6447958735391544, "max_depth": 9.0, "num_boost_round": 8.0}, "datetime": {"datetime": "2024-01-19 00:45:27", "elapsed": 2032.102018, "delta": 0.002834}}
{"target": -14.071386989072241, "params": {"gamma": 873.1486196712983, "log10_alpha": 0.025162112610075837, "log10_colsample_bytree": -0.6632189403949158, "log10_eta": -0.4808576339113624, "log10_lambda": -1.6150462801876313, "log10_min_child_weight": 1.8419685854239383, "log10_subsample": -0.6447958735391544, "max_depth": 9.0, "num_boost_round": 9.0}, "datetime": {"datetime": "2024-01-19 00:45:27", "elapsed": 2032.104888, "delta": 0.00287}}
{"target": -14.113546191763074, "params": {"gamma": 873.1486196712983, "log10_alpha": 0.025162112610075837, "log10_colsample_bytree": -0.6632189403949158, "log10_eta": -0.4808576339113624, "log10_lambda": -1.6150462801876313, "log10_min_child_weight": 1.8419685854239383, "log10_subsample": -0.6447958735391544, "max_depth": 9.0, "num_boost_round": 10.0}, "datetime": {"datetime": "2024-01-19 00:45:27", "elapsed": 2032.107803, "delta": 0.002915}}
{"target": -14.13428670037568, "params": {"gamma": 873.1486196712983, "log10_alpha": 0.025162112610075837, "log10_colsample_bytree": -0.6632189403949158, "log10_eta": -0.4808576339113624, "log10_lambda": -1.6150462801876313, "log10_min_child_weight": 1.8419685854239383, "log10_subsample": -0.6447958735391544, "max_depth": 9.0, "num_boost_round": 11.0}, "datetime": {"datetime": "2024-01-19 00:45:27", "elapsed": 2032.110726, "delta": 0.002923}}
{"target": -14.15041741516527, "params": {"gamma": 873.1486196712983, "log10_alpha": 0.025162112610075837, "log10_colsample_bytree": -0.6632189403949158, "log10_eta": -0.4808576339113624, "log10_lambda": -1.6150462801876313, "log10_min_child_weight": 1.8419685854239383, "log10_subsample": -0.6447958735391544, "max_depth": 9.0, "num_boost_round": 12.0}, "datetime": {"datetime": "2024-01-19 00:45:27", "elapsed": 2032.113668, "delta": 0.002942}}
{"target": -14.167414149604856, "params": {"gamma": 873.1486196712983, "log10_alpha": 0.025162112610075837, "log10_colsample_bytree": -0.6632189403949158, "log10_eta": -0.4808576339113624, "log10_lambda": -1.6150462801876313, "log10_min_child_weight": 1.8419685854239383, "log10_subsample": -0.6447958735391544, "max_depth": 9.0, "num_boost_round": 13.0}, "datetime": {"datetime": "2024-01-19 00:45:27", "elapsed": 2032.116574, "delta": 0.002906}}
{"target": -14.191445807567057, "params": {"gamma": 873.1486196712983, "log10_alpha": 0.025162112610075837, "log10_colsample_bytree": -0.6632189403949158, "log10_eta": -0.4808576339113624, "log10_lambda": -1.6150462801876313, "log10_min_child_weight": 1.8419685854239383, "log10_subsample": -0.6447958735391544, "max_depth": 9.0, "num_boost_round": 14.0}, "datetime": {"datetime": "2024-01-19 00:45:27", "elapsed": 2032.119391, "delta": 0.002817}}
{"target": -14.208052207785338, "params": {"gamma": 873.1486196712983, "log10_alpha": 0.025162112610075837, "log10_colsample_bytree": -0.6632189403949158, "log10_eta": -0.4808576339113624, "log10_lambda": -1.6150462801876313, "log10_min_child_weight": 1.8419685854239383, "log10_subsample": -0.6447958735391544, "max_depth": 9.0, "num_boost_round": 15.0}, "datetime": {"datetime": "2024-01-19 00:45:27", "elapsed": 2032.122276, "delta": 0.002885}}
{"target": -14.22125043501126, "params": {"gamma": 873.1486196712983, "log10_alpha": 0.025162112610075837, "log10_colsample_bytree": -0.6632189403949158, "log10_eta": -0.4808576339113624, "log10_lambda": -1.6150462801876313, "log10_min_child_weight": 1.8419685854239383, "log10_subsample": -0.6447958735391544, "max_depth": 9.0, "num_boost_round": 16.0}, "datetime": {"datetime": "2024-01-19 00:45:27", "elapsed": 2032.125104, "delta": 0.002828}}
{"target": -14.236878537802074, "params": {"gamma": 873.1486196712983, "log10_alpha": 0.025162112610075837, "log10_colsample_bytree": -0.6632189403949158, "log10_eta": -0.4808576339113624, "log10_lambda": -1.6150462801876313, "log10_min_child_weight": 1.8419685854239383, "log10_subsample": -0.6447958735391544, "max_depth": 9.0, "num_boost_round": 17.0}, "datetime": {"datetime": "2024-01-19 00:45:27", "elapsed": 2032.127962, "delta": 0.002858}}
{"target": -14.251875215543183, "params": {"gamma": 873.1486196712983, "log10_alpha": 0.025162112610075837, "log10_colsample_bytree": -0.6632189403949158, "log10_eta": -0.4808576339113624, "log10_lambda": -1.6150462801876313, "log10_min_child_weight": 1.8419685854239383, "log10_subsample": -0.6447958735391544, "max_depth": 9.0, "num_boost_round": 18.0}, "datetime": {"datetime": "2024-01-19 00:45:27", "elapsed": 2032.130879, "delta": 0.002917}}
{"target": -14.28347904709862, "params": {"gamma": 873.1486196712983, "log10_alpha": 0.025162112610075837, "log10_colsample_bytree": -0.6632189403949158, "log10_eta": -0.4808576339113624, "log10_lambda": -1.6150462801876313, "log10_min_child_weight": 1.8419685854239383, "log10_subsample": -0.6447958735391544, "max_depth": 9.0, "num_boost_round": 19.0}, "datetime": {"datetime": "2024-01-19 00:45:27", "elapsed": 2032.133954, "delta": 0.003075}}
{"target": -14.295336069926474, "params": {"gamma": 873.1486196712983, "log10_alpha": 0.025162112610075837, "log10_colsample_bytree": -0.6632189403949158, "log10_eta": -0.4808576339113624, "log10_lambda": -1.6150462801876313, "log10_min_child_weight": 1.8419685854239383, "log10_subsample": -0.6447958735391544, "max_depth": 9.0, "num_boost_round": 20.0}, "datetime": {"datetime": "2024-01-19 00:45:27", "elapsed": 2032.137034, "delta": 0.00308}}
{"target": -14.315814593384708, "params": {"gamma": 873.1486196712983, "log10_alpha": 0.025162112610075837, "log10_colsample_bytree": -0.6632189403949158, "log10_eta": -0.4808576339113624, "log10_lambda": -1.6150462801876313, "log10_min_child_weight": 1.8419685854239383, "log10_subsample": -0.6447958735391544, "max_depth": 9.0, "num_boost_round": 21.0}, "datetime": {"datetime": "2024-01-19 00:45:27", "elapsed": 2032.140128, "delta": 0.003094}}
{"target": -14.320467245188333, "params": {"gamma": 873.1486196712983, "log10_alpha": 0.025162112610075837, "log10_colsample_bytree": -0.6632189403949158, "log10_eta": -0.4808576339113624, "log10_lambda": -1.6150462801876313, "log10_min_child_weight": 1.8419685854239383, "log10_subsample": -0.6447958735391544, "max_depth": 9.0, "num_boost_round": 22.0}, "datetime": {"datetime": "2024-01-19 00:45:27", "elapsed": 2032.143089, "delta": 0.002961}}
{"target": -14.399108788404558, "params": {"gamma": 873.1486196712983, "log10_alpha": 0.025162112610075837, "log10_colsample_bytree": -0.6632189403949158, "log10_eta": -0.4808576339113624, "log10_lambda": -1.6150462801876313, "log10_min_child_weight": 1.8419685854239383, "log10_subsample": -0.6447958735391544, "max_depth": 9.0, "num_boost_round": 23.0}, "datetime": {"datetime": "2024-01-19 00:45:27", "elapsed": 2032.145985, "delta": 0.002896}}
{"target": -14.440371512551195, "params": {"gamma": 873.1486196712983, "log10_alpha": 0.025162112610075837, "log10_colsample_bytree": -0.6632189403949158, "log10_eta": -0.4808576339113624, "log10_lambda": -1.6150462801876313, "log10_min_child_weight": 1.8419685854239383, "log10_subsample": -0.6447958735391544, "max_depth": 9.0, "num_boost_round": 24.0}, "datetime": {"datetime": "2024-01-19 00:45:27", "elapsed": 2032.148882, "delta": 0.002897}}
{"target": -14.490355334778164, "params": {"gamma": 873.1486196712983, "log10_alpha": 0.025162112610075837, "log10_colsample_bytree": -0.6632189403949158, "log10_eta": -0.4808576339113624, "log10_lambda": -1.6150462801876313, "log10_min_child_weight": 1.8419685854239383, "log10_subsample": -0.6447958735391544, "max_depth": 9.0, "num_boost_round": 25.0}, "datetime": {"datetime": "2024-01-19 00:45:27", "elapsed": 2032.151916, "delta": 0.003034}}
{"target": -14.504379345923642, "params": {"gamma": 873.1486196712983, "log10_alpha": 0.025162112610075837, "log10_colsample_bytree": -0.6632189403949158, "log10_eta": -0.4808576339113624, "log10_lambda": -1.6150462801876313, "log10_min_child_weight": 1.8419685854239383, "log10_subsample": -0.6447958735391544, "max_depth": 9.0, "num_boost_round": 26.0}, "datetime": {"datetime": "2024-01-19 00:45:27", "elapsed": 2032.154855, "delta": 0.002939}}
{"target": -14.522806526014309, "params": {"gamma": 873.1486196712983, "log10_alpha": 0.025162112610075837, "log10_colsample_bytree": -0.6632189403949158, "log10_eta": -0.4808576339113624, "log10_lambda": -1.6150462801876313, "log10_min_child_weight": 1.8419685854239383, "log10_subsample": -0.6447958735391544, "max_depth": 9.0, "num_boost_round": 27.0}, "datetime": {"datetime": "2024-01-19 00:45:27", "elapsed": 2032.157752, "delta": 0.002897}}
{"target": -14.529720677119979, "params": {"gamma": 873.1486196712983, "log10_alpha": 0.025162112610075837, "log10_colsample_bytree": -0.6632189403949158, "log10_eta": -0.4808576339113624, "log10_lambda": -1.6150462801876313, "log10_min_child_weight": 1.8419685854239383, "log10_subsample": -0.6447958735391544, "max_depth": 9.0, "num_boost_round": 28.0}, "datetime": {"datetime": "2024-01-19 00:45:27", "elapsed": 2032.160652, "delta": 0.0029}}
{"target": -14.53306579545728, "params": {"gamma": 873.1486196712983, "log10_alpha": 0.025162112610075837, "log10_colsample_bytree": -0.6632189403949158, "log10_eta": -0.4808576339113624, "log10_lambda": -1.6150462801876313, "log10_min_child_weight": 1.8419685854239383, "log10_subsample": -0.6447958735391544, "max_depth": 9.0, "num_boost_round": 29.0}, "datetime": {"datetime": "2024-01-19 00:45:27", "elapsed": 2032.163542, "delta": 0.00289}}
{"target": -14.545468857878099, "params": {"gamma": 873.1486196712983, "log10_alpha": 0.025162112610075837, "log10_colsample_bytree": -0.6632189403949158, "log10_eta": -0.4808576339113624, "log10_lambda": -1.6150462801876313, "log10_min_child_weight": 1.8419685854239383, "log10_subsample": -0.6447958735391544, "max_depth": 9.0, "num_boost_round": 30.0}, "datetime": {"datetime": "2024-01-19 00:45:27", "elapsed": 2032.16642, "delta": 0.002878}}
{"target": -14.562505421996482, "params": {"gamma": 873.1486196712983, "log10_alpha": 0.025162112610075837, "log10_colsample_bytree": -0.6632189403949158, "log10_eta": -0.4808576339113624, "log10_lambda": -1.6150462801876313, "log10_min_child_weight": 1.8419685854239383, "log10_subsample": -0.6447958735391544, "max_depth": 9.0, "num_boost_round": 31.0}, "datetime": {"datetime": "2024-01-19 00:45:27", "elapsed": 2032.169328, "delta": 0.002908}}
{"target": -14.577023894900092, "params": {"gamma": 873.1486196712983, "log10_alpha": 0.025162112610075837, "log10_colsample_bytree": -0.6632189403949158, "log10_eta": -0.4808576339113624, "log10_lambda": -1.6150462801876313, "log10_min_child_weight": 1.8419685854239383, "log10_subsample": -0.6447958735391544, "max_depth": 9.0, "num_boost_round": 32.0}, "datetime": {"datetime": "2024-01-19 00:45:27", "elapsed": 2032.172356, "delta": 0.003028}}
{"target": -14.583494948362562, "params": {"gamma": 873.1486196712983, "log10_alpha": 0.025162112610075837, "log10_colsample_bytree": -0.6632189403949158, "log10_eta": -0.4808576339113624, "log10_lambda": -1.6150462801876313, "log10_min_child_weight": 1.8419685854239383, "log10_subsample": -0.6447958735391544, "max_depth": 9.0, "num_boost_round": 33.0}, "datetime": {"datetime": "2024-01-19 00:45:27", "elapsed": 2032.17528, "delta": 0.002924}}
{"target": -14.58919164210411, "params": {"gamma": 873.1486196712983, "log10_alpha": 0.025162112610075837, "log10_colsample_bytree": -0.6632189403949158, "log10_eta": -0.4808576339113624, "log10_lambda": -1.6150462801876313, "log10_min_child_weight": 1.8419685854239383, "log10_subsample": -0.6447958735391544, "max_depth": 9.0, "num_boost_round": 34.0}, "datetime": {"datetime": "2024-01-19 00:45:27", "elapsed": 2032.178232, "delta": 0.002952}}
{"target": -13.75851573966751, "params": {"gamma": 871.3692088098886, "log10_alpha": -3.9365158537230176, "log10_colsample_bytree": -0.10108629760785104, "log10_eta": -3.382981787660684, "log10_lambda": -4.671521371058559, "log10_min_child_weight": 0.9607433592355114, "log10_subsample": -0.9892716093646161, "max_depth": 4.0, "num_boost_round": 0.0}, "datetime": {"datetime": "2024-01-19 00:46:08", "elapsed": 2072.931698, "delta": 40.753466}}
{"target": -13.758501561778615, "params": {"gamma": 871.3692088098886, "log10_alpha": -3.9365158537230176, "log10_colsample_bytree": -0.10108629760785104, "log10_eta": -3.382981787660684, "log10_lambda": -4.671521371058559, "log10_min_child_weight": 0.9607433592355114, "log10_subsample": -0.9892716093646161, "max_depth": 4.0, "num_boost_round": 1.0}, "datetime": {"datetime": "2024-01-19 00:46:08", "elapsed": 2072.935088, "delta": 0.00339}}
{"target": -13.758474939262845, "params": {"gamma": 871.3692088098886, "log10_alpha": -3.9365158537230176, "log10_colsample_bytree": -0.10108629760785104, "log10_eta": -3.382981787660684, "log10_lambda": -4.671521371058559, "log10_min_child_weight": 0.9607433592355114, "log10_subsample": -0.9892716093646161, "max_depth": 4.0, "num_boost_round": 2.0}, "datetime": {"datetime": "2024-01-19 00:46:08", "elapsed": 2072.938154, "delta": 0.003066}}
{"target": -13.758459494314254, "params": {"gamma": 871.3692088098886, "log10_alpha": -3.9365158537230176, "log10_colsample_bytree": -0.10108629760785104, "log10_eta": -3.382981787660684, "log10_lambda": -4.671521371058559, "log10_min_child_weight": 0.9607433592355114, "log10_subsample": -0.9892716093646161, "max_depth": 4.0, "num_boost_round": 3.0}, "datetime": {"datetime": "2024-01-19 00:46:08", "elapsed": 2072.941129, "delta": 0.002975}}
{"target": -13.758454942027642, "params": {"gamma": 871.3692088098886, "log10_alpha": -3.9365158537230176, "log10_colsample_bytree": -0.10108629760785104, "log10_eta": -3.382981787660684, "log10_lambda": -4.671521371058559, "log10_min_child_weight": 0.9607433592355114, "log10_subsample": -0.9892716093646161, "max_depth": 4.0, "num_boost_round": 4.0}, "datetime": {"datetime": "2024-01-19 00:46:08", "elapsed": 2072.944038, "delta": 0.002909}}
{"target": -13.758448554227204, "params": {"gamma": 871.3692088098886, "log10_alpha": -3.9365158537230176, "log10_colsample_bytree": -0.10108629760785104, "log10_eta": -3.382981787660684, "log10_lambda": -4.671521371058559, "log10_min_child_weight": 0.9607433592355114, "log10_subsample": -0.9892716093646161, "max_depth": 4.0, "num_boost_round": 5.0}, "datetime": {"datetime": "2024-01-19 00:46:08", "elapsed": 2072.946997, "delta": 0.002959}}
{"target": -13.758443983352588, "params": {"gamma": 871.3692088098886, "log10_alpha": -3.9365158537230176, "log10_colsample_bytree": -0.10108629760785104, "log10_eta": -3.382981787660684, "log10_lambda": -4.671521371058559, "log10_min_child_weight": 0.9607433592355114, "log10_subsample": -0.9892716093646161, "max_depth": 4.0, "num_boost_round": 6.0}, "datetime": {"datetime": "2024-01-19 00:46:08", "elapsed": 2072.949859, "delta": 0.002862}}
{"target": -13.758429342707208, "params": {"gamma": 871.3692088098886, "log10_alpha": -3.9365158537230176, "log10_colsample_bytree": -0.10108629760785104, "log10_eta": -3.382981787660684, "log10_lambda": -4.671521371058559, "log10_min_child_weight": 0.9607433592355114, "log10_subsample": -0.9892716093646161, "max_depth": 4.0, "num_boost_round": 7.0}, "datetime": {"datetime": "2024-01-19 00:46:08", "elapsed": 2072.952745, "delta": 0.002886}}
{"target": -13.758416607805824, "params": {"gamma": 871.3692088098886, "log10_alpha": -3.9365158537230176, "log10_colsample_bytree": -0.10108629760785104, "log10_eta": -3.382981787660684, "log10_lambda": -4.671521371058559, "log10_min_child_weight": 0.9607433592355114, "log10_subsample": -0.9892716093646161, "max_depth": 4.0, "num_boost_round": 8.0}, "datetime": {"datetime": "2024-01-19 00:46:08", "elapsed": 2072.955598, "delta": 0.002853}}
