{"target": -13.758537752264077, "params": {"gamma": 560.7839982218312, "log10_alpha": -2.471100063886799, "log10_colsample_bytree": -0.9445419339055666, "log10_eta": -3.8023923892396825, "log10_lambda": -1.0538620274331683, "log10_min_child_weight": 4.130920475208504, "log10_subsample": -0.6605070706176381, "max_depth": 4.0, "num_boost_round": 9.0}, "datetime": {"datetime": "2024-01-19 00:13:06", "elapsed": 118.760267, "delta": 0.000545}}
{"target": -13.758536641112052, "params": {"gamma": 560.7839982218312, "log10_alpha": -2.471100063886799, "log10_colsample_bytree": -0.9445419339055666, "log10_eta": -3.8023923892396825, "log10_lambda": -1.0538620274331683, "log10_min_child_weight": 4.130920475208504, "log10_subsample": -0.6605070706176381, "max_depth": 4.0, "num_boost_round": 10.0}, "datetime": {"datetime": "2024-01-19 00:13:06", "elapsed": 118.760578, "delta": 0.000311}}
{"target": -13.758536916868946, "params": {"gamma": 560.7839982218312, "log10_alpha": -2.471100063886799, "log10_colsample_bytree": -0.9445419339055666, "log10_eta": -3.8023923892396825, "log10_lambda": -1.0538620274331683, "log10_min_child_weight": 4.130920475208504, "log10_subsample": -0.6605070706176381, "max_depth": 4.0, "num_boost_round": 11.0}, "datetime": {"datetime": "2024-01-19 00:13:06", "elapsed": 118.760867, "delta": 0.000289}}
{"target": -13.758536786109858, "params": {"gamma": 560.7839982218312, "log10_alpha": -2.471100063886799, "log10_colsample_bytree": -0.9445419339055666, "log10_eta": -3.8023923892396825, "log10_lambda": -1.0538620274331683, "log10_min_child_weight": 4.130920475208504, "log10_subsample": -0.6605070706176381, "max_depth": 4.0, "num_boost_round": 12.0}, "datetime": {"datetime": "2024-01-19 00:13:06", "elapsed": 118.761153, "delta": 0.000286}}
{"target": -13.758535053074683, "params": {"gamma": 560.7839982218312, "log10_alpha": -2.471100063886799, "log10_colsample_bytree": -0.9445419339055666, "log10_eta": -3.8023923892396825, "log10_lambda": -1.0538620274331683, "log10_min_child_weight": 4.130920475208504, "log10_subsample": -0.6605070706176381, "max_depth": 4.0, "num_boost_round": 13.0}, "datetime": {"datetime": "2024-01-19 00:13:06", "elapsed": 118.761435, "delta": 0.000282}}
{"target": -13.758534290644349, "params": {"gamma": 560.7839982218312, "log10_alpha": -2.471100063886799, "log10_colsample_bytree": -0.9445419339055666, "log10_eta": -3.8023923892396825, "log10_lambda": -1.0538620274331683, "log10_min_child_weight": 4.130920475208504, "log10_subsample": -0.6605070706176381, "max_depth": 4.0, "num_boost_round": 14.0}, "datetime": {"datetime": "2024-01-19 00:13:06", "elapsed": 118.761723, "delta": 0.000288}}
{"target": -13.758533366541945, "params": {"gamma": 560.7839982218312, "log10_alpha": -2.471100063886799, "log10_colsample_bytree": -0.9445419339055666, "log10_eta": -3.8023923892396825, "log10_lambda": -1.0538620274331683, "log10_min_child_weight": 4.130920475208504, "log10_subsample": -0.6605070706176381, "max_depth": 4.0, "num_boost_round": 15.0}, "datetime": {"datetime": "2024-01-19 00:13:06", "elapsed": 118.762019, "delta": 0.000296}}
{"target": -13.75853310606445, "params": {"gamma": 560.7839982218312, "log10_alpha": -2.471100063886799, "log10_colsample_bytree": -0.9445419339055666, "log10_eta": -3.8023923892396825, "log10_lambda": -1.0538620274331683, "log10_min_child_weight": 4.130920475208504, "log10_subsample": -0.6605070706176381, "max_depth": 4.0, "num_boost_round": 16.0}, "datetime": {"datetime": "2024-01-19 00:13:06", "elapsed": 118.762407, "delta": 0.000388}}
{"target": -13.758533519163059, "params": {"gamma": 560.7839982218312, "log10_alpha": -2.471100063886799, "log10_colsample_bytree": -0.9445419339055666, "log10_eta": -3.8023923892396825, "log10_lambda": -1.0538620274331683, "log10_min_child_weight": 4.130920475208504, "log10_subsample": -0.6605070706176381, "max_depth": 4.0, "num_boost_round": 17.0}, "datetime": {"datetime": "2024-01-19 00:13:06", "elapsed": 118.762694, "delta": 0.000287}}
{"target": -13.758532353602881, "params": {"gamma": 560.7839982218312, "log10_alpha": -2.471100063886799, "log10_colsample_bytree": -0.9445419339055666, "log10_eta": -3.8023923892396825, "log10_lambda": -1.0538620274331683, "log10_min_child_weight": 4.130920475208504, "log10_subsample": -0.6605070706176381, "max_depth": 4.0, "num_boost_round": 18.0}, "datetime": {"datetime": "2024-01-19 00:13:06", "elapsed": 118.762982, "delta": 0.000288}}
{"target": -13.758531305707603, "params": {"gamma": 560.7839982218312, "log10_alpha": -2.471100063886799, "log10_colsample_bytree": -0.9445419339055666, "log10_eta": -3.8023923892396825, "log10_lambda": -1.0538620274331683, "log10_min_child_weight": 4.130920475208504, "log10_subsample": -0.6605070706176381, "max_depth": 4.0, "num_boost_round": 19.0}, "datetime": {"datetime": "2024-01-19 00:13:06", "elapsed": 118.763275, "delta": 0.000293}}
{"target": -13.758535027272824, "params": {"gamma": 557.8268241260905, "log10_alpha": -2.4832262048877665, "log10_colsample_bytree": -0.005149342722182926, "log10_eta": -3.4709112806740956, "log10_lambda": -2.3286525104386184, "log10_min_child_weight": 1.7992866239408674, "log10_subsample": -0.7047247373917135, "max_depth": 2.0, "num_boost_round": 0.0}, "datetime": {"datetime": "2024-01-19 00:13:25", "elapsed": 137.471698, "delta": 18.708423}}
{"target": -13.758531564090614, "params": {"gamma": 557.8268241260905, "log10_alpha": -2.4832262048877665, "log10_colsample_bytree": -0.005149342722182926, "log10_eta": -3.4709112806740956, "log10_lambda": -2.3286525104386184, "log10_min_child_weight": 1.7992866239408674, "log10_subsample": -0.7047247373917135, "max_depth": 2.0, "num_boost_round": 1.0}, "datetime": {"datetime": "2024-01-19 00:13:25", "elapsed": 137.472503, "delta": 0.000805}}
{"target": -13.758521457441544, "params": {"gamma": 557.8268241260905, "log10_alpha": -2.4832262048877665, "log10_colsample_bytree": -0.005149342722182926, "log10_eta": -3.4709112806740956, "log10_lambda": -2.3286525104386184, "log10_min_child_weight": 1.7992866239408674, "log10_subsample": -0.7047247373917135, "max_depth": 2.0, "num_boost_round": 2.0}, "datetime": {"datetime": "2024-01-19 00:13:25", "elapsed": 137.472938, "delta": 0.000435}}
{"target": -13.758518139147183, "params": {"gamma": 557.8268241260905, "log10_alpha": -2.4832262048877665, "log10_colsample_bytree": -0.005149342722182926, "log10_eta": -3.4709112806740956, "log10_lambda": -2.3286525104386184, "log10_min_child_weight": 1.7992866239408674, "log10_subsample": -0.7047247373917135, "max_depth": 2.0, "num_boost_round": 3.0}, "datetime": {"datetime": "2024-01-19 00:13:25", "elapsed": 137.473258, "delta": 0.00032}}
{"target": -13.758514842566505, "params": {"gamma": 557.8268241260905, "log10_alpha": -2.4832262048877665, "log10_colsample_bytree": -0.005149342722182926, "log10_eta": -3.4709112806740956, "log10_lambda": -2.3286525104386184, "log10_min_child_weight": 1.7992866239408674, "log10_subsample": -0.7047247373917135, "max_depth": 2.0, "num_boost_round": 4.0}, "datetime": {"datetime": "2024-01-19 00:13:25", "elapsed": 137.473564, "delta": 0.000306}}
{"target": -13.75851164375464, "params": {"gamma": 557.8268241260905, "log10_alpha": -2.4832262048877665, "log10_colsample_bytree": -0.005149342722182926, "log10_eta": -3.4709112806740956, "log10_lambda": -2.3286525104386184, "log10_min_child_weight": 1.7992866239408674, "log10_subsample": -0.7047247373917135, "max_depth": 2.0, "num_boost_round": 5.0}, "datetime": {"datetime": "2024-01-19 00:13:25", "elapsed": 137.473869, "delta": 0.000305}}
{"target": -13.758507852122948, "params": {"gamma": 557.8268241260905, "log10_alpha": -2.4832262048877665, "log10_colsample_bytree": -0.005149342722182926, "log10_eta": -3.4709112806740956, "log10_lambda": -2.3286525104386184, "log10_min_child_weight": 1.7992866239408674, "log10_subsample": -0.7047247373917135, "max_depth": 2.0, "num_boost_round": 6.0}, "datetime": {"datetime": "2024-01-19 00:13:25", "elapsed": 137.474181, "delta": 0.000312}}
{"target": -13.758506403689665, "params": {"gamma": 557.8268241260905, "log10_alpha": -2.4832262048877665, "log10_colsample_bytree": -0.005149342722182926, "log10_eta": -3.4709112806740956, "log10_lambda": -2.3286525104386184, "log10_min_child_weight": 1.7992866239408674, "log10_subsample": -0.7047247373917135, "max_depth": 2.0, "num_boost_round": 7.0}, "datetime": {"datetime": "2024-01-19 00:13:25", "elapsed": 137.474485, "delta": 0.000304}}
{"target": -13.758503188684859, "params": {"gamma": 557.8268241260905, "log10_alpha": -2.4832262048877665, "log10_colsample_bytree": -0.005149342722182926, "log10_eta": -3.4709112806740956, "log10_lambda": -2.3286525104386184, "log10_min_child_weight": 1.7992866239408674, "log10_subsample": -0.7047247373917135, "max_depth": 2.0, "num_boost_round": 8.0}, "datetime": {"datetime": "2024-01-19 00:13:25", "elapsed": 137.474786, "delta": 0.000301}}
{"target": -13.758500555598951, "params": {"gamma": 557.8268241260905, "log10_alpha": -2.4832262048877665, "log10_colsample_bytree": -0.005149342722182926, "log10_eta": -3.4709112806740956, "log10_lambda": -2.3286525104386184, "log10_min_child_weight": 1.7992866239408674, "log10_subsample": -0.7047247373917135, "max_depth": 2.0, "num_boost_round": 9.0}, "datetime": {"datetime": "2024-01-19 00:13:25", "elapsed": 137.47521, "delta": 0.000424}}
{"target": -13.75849769525443, "params": {"gamma": 557.8268241260905, "log10_alpha": -2.4832262048877665, "log10_colsample_bytree": -0.005149342722182926, "log10_eta": -3.4709112806740956, "log10_lambda": -2.3286525104386184, "log10_min_child_weight": 1.7992866239408674, "log10_subsample": -0.7047247373917135, "max_depth": 2.0, "num_boost_round": 10.0}, "datetime": {"datetime": "2024-01-19 00:13:25", "elapsed": 137.475527, "delta": 0.000317}}
{"target": -13.758494498300646, "params": {"gamma": 557.8268241260905, "log10_alpha": -2.4832262048877665, "log10_colsample_bytree": -0.005149342722182926, "log10_eta": -3.4709112806740956, "log10_lambda": -2.3286525104386184, "log10_min_child_weight": 1.7992866239408674, "log10_subsample": -0.7047247373917135, "max_depth": 2.0, "num_boost_round": 11.0}, "datetime": {"datetime": "2024-01-19 00:13:25", "elapsed": 137.475843, "delta": 0.000316}}
{"target": -13.758489426572746, "params": {"gamma": 557.8268241260905, "log10_alpha": -2.4832262048877665, "log10_colsample_bytree": -0.005149342722182926, "log10_eta": -3.4709112806740956, "log10_lambda": -2.3286525104386184, "log10_min_child_weight": 1.7992866239408674, "log10_subsample": -0.7047247373917135, "max_depth": 2.0, "num_boost_round": 12.0}, "datetime": {"datetime": "2024-01-19 00:13:25", "elapsed": 137.476159, "delta": 0.000316}}
{"target": -13.758490309776192, "params": {"gamma": 557.8268241260905, "log10_alpha": -2.4832262048877665, "log10_colsample_bytree": -0.005149342722182926, "log10_eta": -3.4709112806740956, "log10_lambda": -2.3286525104386184, "log10_min_child_weight": 1.7992866239408674, "log10_subsample": -0.7047247373917135, "max_depth": 2.0, "num_boost_round": 13.0}, "datetime": {"datetime": "2024-01-19 00:13:25", "elapsed": 137.476478, "delta": 0.000319}}
{"target": -13.759327531281272, "params": {"gamma": 559.0381716067822, "log10_alpha": -0.13076080874974227, "log10_colsample_bytree": -0.4407880745359738, "log10_eta": -0.7478396080171166, "log10_lambda": -0.28610555776668534, "log10_min_child_weight": 2.531937127079037, "log10_subsample": -0.4413013921357858, "max_depth": 2.0, "num_boost_round": 0.0}, "datetime": {"datetime": "2024-01-19 00:13:46", "elapsed": 157.913854, "delta": 20.437376}}
{"target": -13.762241220073946, "params": {"gamma": 559.0381716067822, "log10_alpha": -0.13076080874974227, "log10_colsample_bytree": -0.4407880745359738, "log10_eta": -0.7478396080171166, "log10_lambda": -0.28610555776668534, "log10_min_child_weight": 2.531937127079037, "log10_subsample": -0.4413013921357858, "max_depth": 2.0, "num_boost_round": 1.0}, "datetime": {"datetime": "2024-01-19 00:13:46", "elapsed": 157.91469, "delta": 0.000836}}
{"target": -13.763981114411845, "params": {"gamma": 559.0381716067822, "log10_alpha": -0.13076080874974227, "log10_colsample_bytree": -0.4407880745359738, "log10_eta": -0.7478396080171166, "log10_lambda": -0.28610555776668534, "log10_min_child_weight": 2.531937127079037, "log10_subsample": -0.4413013921357858, "max_depth": 2.0, "num_boost_round": 2.0}, "datetime": {"datetime": "2024-01-19 00:13:46", "elapsed": 157.91509, "delta": 0.0004}}
{"target": -13.763293765326454, "params": {"gamma": 559.0381716067822, "log10_alpha": -0.13076080874974227, "log10_colsample_bytree": -0.4407880745359738, "log10_eta": -0.7478396080171166, "log10_lambda": -0.28610555776668534, "log10_min_child_weight": 2.531937127079037, "log10_subsample": -0.4413013921357858, "max_depth": 2.0, "num_boost_round": 3.0}, "datetime": {"datetime": "2024-01-19 00:13:46", "elapsed": 157.915442, "delta": 0.000352}}
{"target": -13.762961163426477, "params": {"gamma": 559.0381716067822, "log10_alpha": -0.13076080874974227, "log10_colsample_bytree": -0.4407880745359738, "log10_eta": -0.7478396080171166, "log10_lambda": -0.28610555776668534, "log10_min_child_weight": 2.531937127079037, "log10_subsample": -0.4413013921357858, "max_depth": 2.0, "num_boost_round": 4.0}, "datetime": {"datetime": "2024-01-19 00:13:46", "elapsed": 157.915779, "delta": 0.000337}}
{"target": -13.766459165685113, "params": {"gamma": 559.0381716067822, "log10_alpha": -0.13076080874974227, "log10_colsample_bytree": -0.4407880745359738, "log10_eta": -0.7478396080171166, "log10_lambda": -0.28610555776668534, "log10_min_child_weight": 2.531937127079037, "log10_subsample": -0.4413013921357858, "max_depth": 2.0, "num_boost_round": 5.0}, "datetime": {"datetime": "2024-01-19 00:13:46", "elapsed": 157.916121, "delta": 0.000342}}
{"target": -13.76710164262836, "params": {"gamma": 559.0381716067822, "log10_alpha": -0.13076080874974227, "log10_colsample_bytree": -0.4407880745359738, "log10_eta": -0.7478396080171166, "log10_lambda": -0.28610555776668534, "log10_min_child_weight": 2.531937127079037, "log10_subsample": -0.4413013921357858, "max_depth": 2.0, "num_boost_round": 6.0}, "datetime": {"datetime": "2024-01-19 00:13:46", "elapsed": 157.916455, "delta": 0.000334}}
{"target": -13.766760486376507, "params": {"gamma": 559.0381716067822, "log10_alpha": -0.13076080874974227, "log10_colsample_bytree": -0.4407880745359738, "log10_eta": -0.7478396080171166, "log10_lambda": -0.28610555776668534, "log10_min_child_weight": 2.531937127079037, "log10_subsample": -0.4413013921357858, "max_depth": 2.0, "num_boost_round": 7.0}, "datetime": {"datetime": "2024-01-19 00:13:46", "elapsed": 157.916903, "delta": 0.000448}}
{"target": -13.768567385549765, "params": {"gamma": 559.0381716067822, "log10_alpha": -0.13076080874974227, "log10_colsample_bytree": -0.4407880745359738, "log10_eta": -0.7478396080171166, "log10_lambda": -0.28610555776668534, "log10_min_child_weight": 2.531937127079037, "log10_subsample": -0.4413013921357858, "max_depth": 2.0, "num_boost_round": 8.0}, "datetime": {"datetime": "2024-01-19 00:13:46", "elapsed": 157.917241, "delta": 0.000338}}
{"target": -13.766840730670548, "params": {"gamma": 559.0381716067822, "log10_alpha": -0.13076080874974227, "log10_colsample_bytree": -0.4407880745359738, "log10_eta": -0.7478396080171166, "log10_lambda": -0.28610555776668534, "log10_min_child_weight": 2.531937127079037, "log10_subsample": -0.4413013921357858, "max_depth": 2.0, "num_boost_round": 9.0}, "datetime": {"datetime": "2024-01-19 00:13:46", "elapsed": 157.917574, "delta": 0.000333}}
{"target": -13.768439523089347, "params": {"gamma": 559.0381716067822, "log10_alpha": -0.13076080874974227, "log10_colsample_bytree": -0.4407880745359738, "log10_eta": -0.7478396080171166, "log10_lambda": -0.28610555776668534, "log10_min_child_weight": 2.531937127079037, "log10_subsample": -0.4413013921357858, "max_depth": 2.0, "num_boost_round": 10.0}, "datetime": {"datetime": "2024-01-19 00:13:46", "elapsed": 157.917901, "delta": 0.000327}}
{"target": -13.76866268144411, "params": {"gamma": 559.0381716067822, "log10_alpha": -0.13076080874974227, "log10_colsample_bytree": -0.4407880745359738, "log10_eta": -0.7478396080171166, "log10_lambda": -0.28610555776668534, "log10_min_child_weight": 2.531937127079037, "log10_subsample": -0.4413013921357858, "max_depth": 2.0, "num_boost_round": 11.0}, "datetime": {"datetime": "2024-01-19 00:13:46", "elapsed": 157.918237, "delta": 0.000336}}
{"target": -13.768869646631284, "params": {"gamma": 559.0381716067822, "log10_alpha": -0.13076080874974227, "log10_colsample_bytree": -0.4407880745359738, "log10_eta": -0.7478396080171166, "log10_lambda": -0.28610555776668534, "log10_min_child_weight": 2.531937127079037, "log10_subsample": -0.4413013921357858, "max_depth": 2.0, "num_boost_round": 12.0}, "datetime": {"datetime": "2024-01-19 00:13:46", "elapsed": 157.918568, "delta": 0.000331}}
{"target": -13.778247233447074, "params": {"gamma": 559.0381716067822, "log10_alpha": -0.13076080874974227, "log10_colsample_bytree": -0.4407880745359738, "log10_eta": -0.7478396080171166, "log10_lambda": -0.28610555776668534, "log10_min_child_weight": 2.531937127079037, "log10_subsample": -0.4413013921357858, "max_depth": 2.0, "num_boost_round": 13.0}, "datetime": {"datetime": "2024-01-19 00:13:46", "elapsed": 157.918901, "delta": 0.000333}}
{"target": -13.78016751483503, "params": {"gamma": 559.0381716067822, "log10_alpha": -0.13076080874974227, "log10_colsample_bytree": -0.4407880745359738, "log10_eta": -0.7478396080171166, "log10_lambda": -0.28610555776668534, "log10_min_child_weight": 2.531937127079037, "log10_subsample": -0.4413013921357858, "max_depth": 2.0, "num_boost_round": 14.0}, "datetime": {"datetime": "2024-01-19 00:13:46", "elapsed": 157.919238, "delta": 0.000337}}
{"target": -13.779794765945962, "params": {"gamma": 559.0381716067822, "log10_alpha": -0.13076080874974227, "log10_colsample_bytree": -0.4407880745359738, "log10_eta": -0.7478396080171166, "log10_lambda": -0.28610555776668534, "log10_min_child_weight": 2.531937127079037, "log10_subsample": -0.4413013921357858, "max_depth": 2.0, "num_boost_round": 15.0}, "datetime": {"datetime": "2024-01-19 00:13:46", "elapsed": 157.919574, "delta": 0.000336}}
{"target": -13.780566571363877, "params": {"gamma": 559.0381716067822, "log10_alpha": -0.13076080874974227, "log10_colsample_bytree": -0.4407880745359738, "log10_eta": -0.7478396080171166, "log10_lambda": -0.28610555776668534, "log10_min_child_weight": 2.531937127079037, "log10_subsample": -0.4413013921357858, "max_depth": 2.0, "num_boost_round": 16.0}, "datetime": {"datetime": "2024-01-19 00:13:46", "elapsed": 157.919913, "delta": 0.000339}}
{"target": -13.781212136995446, "params": {"gamma": 559.0381716067822, "log10_alpha": -0.13076080874974227, "log10_colsample_bytree": -0.4407880745359738, "log10_eta": -0.7478396080171166, "log10_lambda": -0.28610555776668534, "log10_min_child_weight": 2.531937127079037, "log10_subsample": -0.4413013921357858, "max_depth": 2.0, "num_boost_round": 17.0}, "datetime": {"datetime": "2024-01-19 00:13:46", "elapsed": 157.920268, "delta": 0.000355}}
{"target": -13.781483166394917, "params": {"gamma": 559.0381716067822, "log10_alpha": -0.13076080874974227, "log10_colsample_bytree": -0.4407880745359738, "log10_eta": -0.7478396080171166, "log10_lambda": -0.28610555776668534, "log10_min_child_weight": 2.531937127079037, "log10_subsample": -0.4413013921357858, "max_depth": 2.0, "num_boost_round": 18.0}, "datetime": {"datetime": "2024-01-19 00:13:46", "elapsed": 157.920617, "delta": 0.000349}}
{"target": -13.758521310258306, "params": {"gamma": 561.8499152483303, "log10_alpha": -2.4309354701666344, "log10_colsample_bytree": -0.7992739721828944, "log10_eta": -2.663141026919704, "log10_lambda": -3.0657345534117626, "log10_min_child_weight": 3.514279188919783, "log10_subsample": -0.8515422590835796, "max_depth": 9.0, "num_boost_round": 0.0}, "datetime": {"datetime": "2024-01-19 00:14:08", "elapsed": 179.872209, "delta": 21.951592}}
{"target": -13.758503561527366, "params": {"gamma": 561.8499152483303, "log10_alpha": -2.4309354701666344, "log10_colsample_bytree": -0.7992739721828944, "log10_eta": -2.663141026919704, "log10_lambda": -3.0657345534117626, "log10_min_child_weight": 3.514279188919783, "log10_subsample": -0.8515422590835796, "max_depth": 9.0, "num_boost_round": 1.0}, "datetime": {"datetime": "2024-01-19 00:14:08", "elapsed": 179.872935, "delta": 0.000726}}
{"target": -13.758502129445263, "params": {"gamma": 561.8499152483303, "log10_alpha": -2.4309354701666344, "log10_colsample_bytree": -0.7992739721828944, "log10_eta": -2.663141026919704, "log10_lambda": -3.0657345534117626, "log10_min_child_weight": 3.514279188919783, "log10_subsample": -0.8515422590835796, "max_depth": 9.0, "num_boost_round": 2.0}, "datetime": {"datetime": "2024-01-19 00:14:08", "elapsed": 179.873444, "delta": 0.000509}}
{"target": -13.758466641502128, "params": {"gamma": 561.8499152483303, "log10_alpha": -2.4309354701666344, "log10_colsample_bytree": -0.7992739721828944, "log10_eta": -2.663141026919704, "log10_lambda": -3.0657345534117626, "log10_min_child_weight": 3.514279188919783, "log10_subsample": -0.8515422590835796, "max_depth": 9.0, "num_boost_round": 3.0}, "datetime": {"datetime": "2024-01-19 00:14:08", "elapsed": 179.873826, "delta": 0.000382}}
{"target": -13.758435008847382, "params": {"gamma": 561.8499152483303, "log10_alpha": -2.4309354701666344, "log10_colsample_bytree": -0.7992739721828944, "log10_eta": -2.663141026919704, "log10_lambda": -3.0657345534117626, "log10_min_child_weight": 3.514279188919783, "log10_subsample": -0.8515422590835796, "max_depth": 9.0, "num_boost_round": 4.0}, "datetime": {"datetime": "2024-01-19 00:14:08", "elapsed": 179.874194, "delta": 0.000368}}
