{"target": -17.725985378553922, "params": {"gamma": 16.60198506473154, "log10_alpha": 0.7988933651851724, "log10_colsample_bytree": -0.6970125680016903, "log10_eta": -1.1223694743632775, "log10_lambda": -3.766118581230903, "log10_min_child_weight": 0.6725552273558144, "log10_subsample": -0.7009907231999042, "max_depth": 7.0, "num_boost_round": 21.0}, "datetime": {"datetime": "2024-01-19 00:48:41", "elapsed": 2275.519024, "delta": 0.002517}}
{"target": -17.72686072469348, "params": {"gamma": 16.60198506473154, "log10_alpha": 0.7988933651851724, "log10_colsample_bytree": -0.6970125680016903, "log10_eta": -1.1223694743632775, "log10_lambda": -3.766118581230903, "log10_min_child_weight": 0.6725552273558144, "log10_subsample": -0.7009907231999042, "max_depth": 7.0, "num_boost_round": 22.0}, "datetime": {"datetime": "2024-01-19 00:48:41", "elapsed": 2275.522097, "delta": 0.003073}}
{"target": -17.745435361027507, "params": {"gamma": 16.60198506473154, "log10_alpha": 0.7988933651851724, "log10_colsample_bytree": -0.6970125680016903, "log10_eta": -1.1223694743632775, "log10_lambda": -3.766118581230903, "log10_min_child_weight": 0.6725552273558144, "log10_subsample": -0.7009907231999042, "max_depth": 7.0, "num_boost_round": 23.0}, "datetime": {"datetime": "2024-01-19 00:48:41", "elapsed": 2275.525233, "delta": 0.003136}}
{"target": -17.753215256642452, "params": {"gamma": 16.60198506473154, "log10_alpha": 0.7988933651851724, "log10_colsample_bytree": -0.6970125680016903, "log10_eta": -1.1223694743632775, "log10_lambda": -3.766118581230903, "log10_min_child_weight": 0.6725552273558144, "log10_subsample": -0.7009907231999042, "max_depth": 7.0, "num_boost_round": 24.0}, "datetime": {"datetime": "2024-01-19 00:48:41", "elapsed": 2275.527843, "delta": 0.00261}}
{"target": -17.766176143703866, "params": {"gamma": 16.60198506473154, "log10_alpha": 0.7988933651851724, "log10_colsample_bytree": -0.6970125680016903, "log10_eta": -1.1223694743632775, "log10_lambda": -3.766118581230903, "log10_min_child_weight": 0.6725552273558144, "log10_subsample": -0.7009907231999042, "max_depth": 7.0, "num_boost_round": 25.0}, "datetime": {"datetime": "2024-01-19 00:48:41", "elapsed": 2275.530434, "delta": 0.002591}}
{"target": -17.775458498242777, "params": {"gamma": 16.60198506473154, "log10_alpha": 0.7988933651851724, "log10_colsample_bytree": -0.6970125680016903, "log10_eta": -1.1223694743632775, "log10_lambda": -3.766118581230903, "log10_min_child_weight": 0.6725552273558144, "log10_subsample": -0.7009907231999042, "max_depth": 7.0, "num_boost_round": 26.0}, "datetime": {"datetime": "2024-01-19 00:48:41", "elapsed": 2275.537347, "delta": 0.006913}}
{"target": -17.77546455961858, "params": {"gamma": 16.60198506473154, "log10_alpha": 0.7988933651851724, "log10_colsample_bytree": -0.6970125680016903, "log10_eta": -1.1223694743632775, "log10_lambda": -3.766118581230903, "log10_min_child_weight": 0.6725552273558144, "log10_subsample": -0.7009907231999042, "max_depth": 7.0, "num_boost_round": 27.0}, "datetime": {"datetime": "2024-01-19 00:48:41", "elapsed": 2275.539853, "delta": 0.002506}}
{"target": -17.780105541327334, "params": {"gamma": 16.60198506473154, "log10_alpha": 0.7988933651851724, "log10_colsample_bytree": -0.6970125680016903, "log10_eta": -1.1223694743632775, "log10_lambda": -3.766118581230903, "log10_min_child_weight": 0.6725552273558144, "log10_subsample": -0.7009907231999042, "max_depth": 7.0, "num_boost_round": 28.0}, "datetime": {"datetime": "2024-01-19 00:48:41", "elapsed": 2275.542339, "delta": 0.002486}}
{"target": -17.782426853546813, "params": {"gamma": 16.60198506473154, "log10_alpha": 0.7988933651851724, "log10_colsample_bytree": -0.6970125680016903, "log10_eta": -1.1223694743632775, "log10_lambda": -3.766118581230903, "log10_min_child_weight": 0.6725552273558144, "log10_subsample": -0.7009907231999042, "max_depth": 7.0, "num_boost_round": 29.0}, "datetime": {"datetime": "2024-01-19 00:48:41", "elapsed": 2275.544855, "delta": 0.002516}}
{"target": -17.785497712542995, "params": {"gamma": 16.60198506473154, "log10_alpha": 0.7988933651851724, "log10_colsample_bytree": -0.6970125680016903, "log10_eta": -1.1223694743632775, "log10_lambda": -3.766118581230903, "log10_min_child_weight": 0.6725552273558144, "log10_subsample": -0.7009907231999042, "max_depth": 7.0, "num_boost_round": 30.0}, "datetime": {"datetime": "2024-01-19 00:48:41", "elapsed": 2275.547287, "delta": 0.002432}}
{"target": -17.78586776267639, "params": {"gamma": 16.60198506473154, "log10_alpha": 0.7988933651851724, "log10_colsample_bytree": -0.6970125680016903, "log10_eta": -1.1223694743632775, "log10_lambda": -3.766118581230903, "log10_min_child_weight": 0.6725552273558144, "log10_subsample": -0.7009907231999042, "max_depth": 7.0, "num_boost_round": 31.0}, "datetime": {"datetime": "2024-01-19 00:48:41", "elapsed": 2275.550485, "delta": 0.003198}}
{"target": -17.791665461373196, "params": {"gamma": 16.60198506473154, "log10_alpha": 0.7988933651851724, "log10_colsample_bytree": -0.6970125680016903, "log10_eta": -1.1223694743632775, "log10_lambda": -3.766118581230903, "log10_min_child_weight": 0.6725552273558144, "log10_subsample": -0.7009907231999042, "max_depth": 7.0, "num_boost_round": 32.0}, "datetime": {"datetime": "2024-01-19 00:48:41", "elapsed": 2275.553178, "delta": 0.002693}}
{"target": -17.795754246660646, "params": {"gamma": 16.60198506473154, "log10_alpha": 0.7988933651851724, "log10_colsample_bytree": -0.6970125680016903, "log10_eta": -1.1223694743632775, "log10_lambda": -3.766118581230903, "log10_min_child_weight": 0.6725552273558144, "log10_subsample": -0.7009907231999042, "max_depth": 7.0, "num_boost_round": 33.0}, "datetime": {"datetime": "2024-01-19 00:48:41", "elapsed": 2275.555672, "delta": 0.002494}}
{"target": -17.799567271203696, "params": {"gamma": 16.60198506473154, "log10_alpha": 0.7988933651851724, "log10_colsample_bytree": -0.6970125680016903, "log10_eta": -1.1223694743632775, "log10_lambda": -3.766118581230903, "log10_min_child_weight": 0.6725552273558144, "log10_subsample": -0.7009907231999042, "max_depth": 7.0, "num_boost_round": 34.0}, "datetime": {"datetime": "2024-01-19 00:48:41", "elapsed": 2275.558154, "delta": 0.002482}}
{"target": -17.8049618371898, "params": {"gamma": 16.60198506473154, "log10_alpha": 0.7988933651851724, "log10_colsample_bytree": -0.6970125680016903, "log10_eta": -1.1223694743632775, "log10_lambda": -3.766118581230903, "log10_min_child_weight": 0.6725552273558144, "log10_subsample": -0.7009907231999042, "max_depth": 7.0, "num_boost_round": 35.0}, "datetime": {"datetime": "2024-01-19 00:48:41", "elapsed": 2275.560735, "delta": 0.002581}}
{"target": -17.807094023789503, "params": {"gamma": 16.60198506473154, "log10_alpha": 0.7988933651851724, "log10_colsample_bytree": -0.6970125680016903, "log10_eta": -1.1223694743632775, "log10_lambda": -3.766118581230903, "log10_min_child_weight": 0.6725552273558144, "log10_subsample": -0.7009907231999042, "max_depth": 7.0, "num_boost_round": 36.0}, "datetime": {"datetime": "2024-01-19 00:48:41", "elapsed": 2275.563267, "delta": 0.002532}}
{"target": -17.809170900580163, "params": {"gamma": 16.60198506473154, "log10_alpha": 0.7988933651851724, "log10_colsample_bytree": -0.6970125680016903, "log10_eta": -1.1223694743632775, "log10_lambda": -3.766118581230903, "log10_min_child_weight": 0.6725552273558144, "log10_subsample": -0.7009907231999042, "max_depth": 7.0, "num_boost_round": 37.0}, "datetime": {"datetime": "2024-01-19 00:48:41", "elapsed": 2275.565811, "delta": 0.002544}}
{"target": -17.809691629011297, "params": {"gamma": 16.60198506473154, "log10_alpha": 0.7988933651851724, "log10_colsample_bytree": -0.6970125680016903, "log10_eta": -1.1223694743632775, "log10_lambda": -3.766118581230903, "log10_min_child_weight": 0.6725552273558144, "log10_subsample": -0.7009907231999042, "max_depth": 7.0, "num_boost_round": 38.0}, "datetime": {"datetime": "2024-01-19 00:48:41", "elapsed": 2275.56836, "delta": 0.002549}}
{"target": -17.81163369399994, "params": {"gamma": 16.60198506473154, "log10_alpha": 0.7988933651851724, "log10_colsample_bytree": -0.6970125680016903, "log10_eta": -1.1223694743632775, "log10_lambda": -3.766118581230903, "log10_min_child_weight": 0.6725552273558144, "log10_subsample": -0.7009907231999042, "max_depth": 7.0, "num_boost_round": 39.0}, "datetime": {"datetime": "2024-01-19 00:48:41", "elapsed": 2275.571067, "delta": 0.002707}}
{"target": -17.811529202067902, "params": {"gamma": 16.60198506473154, "log10_alpha": 0.7988933651851724, "log10_colsample_bytree": -0.6970125680016903, "log10_eta": -1.1223694743632775, "log10_lambda": -3.766118581230903, "log10_min_child_weight": 0.6725552273558144, "log10_subsample": -0.7009907231999042, "max_depth": 7.0, "num_boost_round": 40.0}, "datetime": {"datetime": "2024-01-19 00:48:41", "elapsed": 2275.573595, "delta": 0.002528}}
{"target": -17.814454409787896, "params": {"gamma": 16.60198506473154, "log10_alpha": 0.7988933651851724, "log10_colsample_bytree": -0.6970125680016903, "log10_eta": -1.1223694743632775, "log10_lambda": -3.766118581230903, "log10_min_child_weight": 0.6725552273558144, "log10_subsample": -0.7009907231999042, "max_depth": 7.0, "num_boost_round": 41.0}, "datetime": {"datetime": "2024-01-19 00:48:41", "elapsed": 2275.576194, "delta": 0.002599}}
{"target": -17.81716423498523, "params": {"gamma": 16.60198506473154, "log10_alpha": 0.7988933651851724, "log10_colsample_bytree": -0.6970125680016903, "log10_eta": -1.1223694743632775, "log10_lambda": -3.766118581230903, "log10_min_child_weight": 0.6725552273558144, "log10_subsample": -0.7009907231999042, "max_depth": 7.0, "num_boost_round": 42.0}, "datetime": {"datetime": "2024-01-19 00:48:41", "elapsed": 2275.578675, "delta": 0.002481}}
{"target": -17.817262283567725, "params": {"gamma": 16.60198506473154, "log10_alpha": 0.7988933651851724, "log10_colsample_bytree": -0.6970125680016903, "log10_eta": -1.1223694743632775, "log10_lambda": -3.766118581230903, "log10_min_child_weight": 0.6725552273558144, "log10_subsample": -0.7009907231999042, "max_depth": 7.0, "num_boost_round": 43.0}, "datetime": {"datetime": "2024-01-19 00:48:41", "elapsed": 2275.581226, "delta": 0.002551}}
{"target": -17.81945236633872, "params": {"gamma": 16.60198506473154, "log10_alpha": 0.7988933651851724, "log10_colsample_bytree": -0.6970125680016903, "log10_eta": -1.1223694743632775, "log10_lambda": -3.766118581230903, "log10_min_child_weight": 0.6725552273558144, "log10_subsample": -0.7009907231999042, "max_depth": 7.0, "num_boost_round": 44.0}, "datetime": {"datetime": "2024-01-19 00:48:41", "elapsed": 2275.583743, "delta": 0.002517}}
{"target": -17.82148290486773, "params": {"gamma": 16.60198506473154, "log10_alpha": 0.7988933651851724, "log10_colsample_bytree": -0.6970125680016903, "log10_eta": -1.1223694743632775, "log10_lambda": -3.766118581230903, "log10_min_child_weight": 0.6725552273558144, "log10_subsample": -0.7009907231999042, "max_depth": 7.0, "num_boost_round": 45.0}, "datetime": {"datetime": "2024-01-19 00:48:41", "elapsed": 2275.58623, "delta": 0.002487}}
{"target": -17.825284972921693, "params": {"gamma": 16.60198506473154, "log10_alpha": 0.7988933651851724, "log10_colsample_bytree": -0.6970125680016903, "log10_eta": -1.1223694743632775, "log10_lambda": -3.766118581230903, "log10_min_child_weight": 0.6725552273558144, "log10_subsample": -0.7009907231999042, "max_depth": 7.0, "num_boost_round": 46.0}, "datetime": {"datetime": "2024-01-19 00:48:41", "elapsed": 2275.588687, "delta": 0.002457}}
{"target": -17.829653120797833, "params": {"gamma": 16.60198506473154, "log10_alpha": 0.7988933651851724, "log10_colsample_bytree": -0.6970125680016903, "log10_eta": -1.1223694743632775, "log10_lambda": -3.766118581230903, "log10_min_child_weight": 0.6725552273558144, "log10_subsample": -0.7009907231999042, "max_depth": 7.0, "num_boost_round": 47.0}, "datetime": {"datetime": "2024-01-19 00:48:41", "elapsed": 2275.59123, "delta": 0.002543}}
{"target": -17.845515119601572, "params": {"gamma": 16.60198506473154, "log10_alpha": 0.7988933651851724, "log10_colsample_bytree": -0.6970125680016903, "log10_eta": -1.1223694743632775, "log10_lambda": -3.766118581230903, "log10_min_child_weight": 0.6725552273558144, "log10_subsample": -0.7009907231999042, "max_depth": 7.0, "num_boost_round": 48.0}, "datetime": {"datetime": "2024-01-19 00:48:41", "elapsed": 2275.593739, "delta": 0.002509}}
{"target": -17.846833289598315, "params": {"gamma": 16.60198506473154, "log10_alpha": 0.7988933651851724, "log10_colsample_bytree": -0.6970125680016903, "log10_eta": -1.1223694743632775, "log10_lambda": -3.766118581230903, "log10_min_child_weight": 0.6725552273558144, "log10_subsample": -0.7009907231999042, "max_depth": 7.0, "num_boost_round": 49.0}, "datetime": {"datetime": "2024-01-19 00:48:41", "elapsed": 2275.596256, "delta": 0.002517}}
{"target": -17.863167597091035, "params": {"gamma": 16.60198506473154, "log10_alpha": 0.7988933651851724, "log10_colsample_bytree": -0.6970125680016903, "log10_eta": -1.1223694743632775, "log10_lambda": -3.766118581230903, "log10_min_child_weight": 0.6725552273558144, "log10_subsample": -0.7009907231999042, "max_depth": 7.0, "num_boost_round": 50.0}, "datetime": {"datetime": "2024-01-19 00:48:41", "elapsed": 2275.598751, "delta": 0.002495}}
{"target": -17.869675376182396, "params": {"gamma": 16.60198506473154, "log10_alpha": 0.7988933651851724, "log10_colsample_bytree": -0.6970125680016903, "log10_eta": -1.1223694743632775, "log10_lambda": -3.766118581230903, "log10_min_child_weight": 0.6725552273558144, "log10_subsample": -0.7009907231999042, "max_depth": 7.0, "num_boost_round": 51.0}, "datetime": {"datetime": "2024-01-19 00:48:41", "elapsed": 2275.601316, "delta": 0.002565}}
{"target": -17.677233749172345, "params": {"gamma": 44.226962632260445, "log10_alpha": -3.7802572561117476, "log10_colsample_bytree": -0.7097227018579584, "log10_eta": -3.011896805140746, "log10_lambda": 0.20141481742091738, "log10_min_child_weight": 4.708946836804897, "log10_subsample": -0.9911976730452801, "max_depth": 6.0, "num_boost_round": 0.0}, "datetime": {"datetime": "2024-01-19 00:49:16", "elapsed": 2310.243133, "delta": 34.641817}}
{"target": -17.67722366506378, "params": {"gamma": 44.226962632260445, "log10_alpha": -3.7802572561117476, "log10_colsample_bytree": -0.7097227018579584, "log10_eta": -3.011896805140746, "log10_lambda": 0.20141481742091738, "log10_min_child_weight": 4.708946836804897, "log10_subsample": -0.9911976730452801, "max_depth": 6.0, "num_boost_round": 1.0}, "datetime": {"datetime": "2024-01-19 00:49:16", "elapsed": 2310.246821, "delta": 0.003688}}
{"target": -17.677225443963202, "params": {"gamma": 44.226962632260445, "log10_alpha": -3.7802572561117476, "log10_colsample_bytree": -0.7097227018579584, "log10_eta": -3.011896805140746, "log10_lambda": 0.20141481742091738, "log10_min_child_weight": 4.708946836804897, "log10_subsample": -0.9911976730452801, "max_depth": 6.0, "num_boost_round": 2.0}, "datetime": {"datetime": "2024-01-19 00:49:16", "elapsed": 2310.249447, "delta": 0.002626}}
{"target": -17.677222466136286, "params": {"gamma": 44.226962632260445, "log10_alpha": -3.7802572561117476, "log10_colsample_bytree": -0.7097227018579584, "log10_eta": -3.011896805140746, "log10_lambda": 0.20141481742091738, "log10_min_child_weight": 4.708946836804897, "log10_subsample": -0.9911976730452801, "max_depth": 6.0, "num_boost_round": 3.0}, "datetime": {"datetime": "2024-01-19 00:49:16", "elapsed": 2310.252011, "delta": 0.002564}}
{"target": -17.67722332591246, "params": {"gamma": 44.226962632260445, "log10_alpha": -3.7802572561117476, "log10_colsample_bytree": -0.7097227018579584, "log10_eta": -3.011896805140746, "log10_lambda": 0.20141481742091738, "log10_min_child_weight": 4.708946836804897, "log10_subsample": -0.9911976730452801, "max_depth": 6.0, "num_boost_round": 4.0}, "datetime": {"datetime": "2024-01-19 00:49:16", "elapsed": 2310.254531, "delta": 0.00252}}
{"target": -17.677222928251762, "params": {"gamma": 44.226962632260445, "log10_alpha": -3.7802572561117476, "log10_colsample_bytree": -0.7097227018579584, "log10_eta": -3.011896805140746, "log10_lambda": 0.20141481742091738, "log10_min_child_weight": 4.708946836804897, "log10_subsample": -0.9911976730452801, "max_depth": 6.0, "num_boost_round": 5.0}, "datetime": {"datetime": "2024-01-19 00:49:16", "elapsed": 2310.2571, "delta": 0.002569}}
{"target": -17.67722227326937, "params": {"gamma": 44.226962632260445, "log10_alpha": -3.7802572561117476, "log10_colsample_bytree": -0.7097227018579584, "log10_eta": -3.011896805140746, "log10_lambda": 0.20141481742091738, "log10_min_child_weight": 4.708946836804897, "log10_subsample": -0.9911976730452801, "max_depth": 6.0, "num_boost_round": 6.0}, "datetime": {"datetime": "2024-01-19 00:49:16", "elapsed": 2310.259592, "delta": 0.002492}}
{"target": -17.67721536759116, "params": {"gamma": 44.226962632260445, "log10_alpha": -3.7802572561117476, "log10_colsample_bytree": -0.7097227018579584, "log10_eta": -3.011896805140746, "log10_lambda": 0.20141481742091738, "log10_min_child_weight": 4.708946836804897, "log10_subsample": -0.9911976730452801, "max_depth": 6.0, "num_boost_round": 7.0}, "datetime": {"datetime": "2024-01-19 00:49:16", "elapsed": 2310.262032, "delta": 0.00244}}
{"target": -17.677216303469724, "params": {"gamma": 44.226962632260445, "log10_alpha": -3.7802572561117476, "log10_colsample_bytree": -0.7097227018579584, "log10_eta": -3.011896805140746, "log10_lambda": 0.20141481742091738, "log10_min_child_weight": 4.708946836804897, "log10_subsample": -0.9911976730452801, "max_depth": 6.0, "num_boost_round": 8.0}, "datetime": {"datetime": "2024-01-19 00:49:16", "elapsed": 2310.264517, "delta": 0.002485}}
{"target": -17.677215584170483, "params": {"gamma": 44.226962632260445, "log10_alpha": -3.7802572561117476, "log10_colsample_bytree": -0.7097227018579584, "log10_eta": -3.011896805140746, "log10_lambda": 0.20141481742091738, "log10_min_child_weight": 4.708946836804897, "log10_subsample": -0.9911976730452801, "max_depth": 6.0, "num_boost_round": 9.0}, "datetime": {"datetime": "2024-01-19 00:49:16", "elapsed": 2310.267237, "delta": 0.00272}}
{"target": -17.677217772141315, "params": {"gamma": 38.079790090776775, "log10_alpha": -1.1698767334328712, "log10_colsample_bytree": -0.7190554489150646, "log10_eta": -3.5440114726518153, "log10_lambda": -4.77428858377895, "log10_min_child_weight": 1.4163071606600874, "log10_subsample": -0.5561420209042424, "max_depth": 9.0, "num_boost_round": 0.0}, "datetime": {"datetime": "2024-01-19 00:50:01", "elapsed": 2355.394408, "delta": 45.127171}}
{"target": -17.677208282001185, "params": {"gamma": 38.079790090776775, "log10_alpha": -1.1698767334328712, "log10_colsample_bytree": -0.7190554489150646, "log10_eta": -3.5440114726518153, "log10_lambda": -4.77428858377895, "log10_min_child_weight": 1.4163071606600874, "log10_subsample": -0.5561420209042424, "max_depth": 9.0, "num_boost_round": 1.0}, "datetime": {"datetime": "2024-01-19 00:50:01", "elapsed": 2355.397601, "delta": 0.003193}}
{"target": -17.677188294192568, "params": {"gamma": 38.079790090776775, "log10_alpha": -1.1698767334328712, "log10_colsample_bytree": -0.7190554489150646, "log10_eta": -3.5440114726518153, "log10_lambda": -4.77428858377895, "log10_min_child_weight": 1.4163071606600874, "log10_subsample": -0.5561420209042424, "max_depth": 9.0, "num_boost_round": 2.0}, "datetime": {"datetime": "2024-01-19 00:50:01", "elapsed": 2355.400324, "delta": 0.002723}}
{"target": -17.677186976477806, "params": {"gamma": 38.079790090776775, "log10_alpha": -1.1698767334328712, "log10_colsample_bytree": -0.7190554489150646, "log10_eta": -3.5440114726518153, "log10_lambda": -4.77428858377895, "log10_min_child_weight": 1.4163071606600874, "log10_subsample": -0.5561420209042424, "max_depth": 9.0, "num_boost_round": 3.0}, "datetime": {"datetime": "2024-01-19 00:50:01", "elapsed": 2355.402931, "delta": 0.002607}}
{"target": -17.67716186904471, "params": {"gamma": 38.079790090776775, "log10_alpha": -1.1698767334328712, "log10_colsample_bytree": -0.7190554489150646, "log10_eta": -3.5440114726518153, "log10_lambda": -4.77428858377895, "log10_min_child_weight": 1.4163071606600874, "log10_subsample": -0.5561420209042424, "max_depth": 9.0, "num_boost_round": 4.0}, "datetime": {"datetime": "2024-01-19 00:50:01", "elapsed": 2355.405473, "delta": 0.002542}}
{"target": -17.677137610198823, "params": {"gamma": 38.079790090776775, "log10_alpha": -1.1698767334328712, "log10_colsample_bytree": -0.7190554489150646, "log10_eta": -3.5440114726518153, "log10_lambda": -4.77428858377895, "log10_min_child_weight": 1.4163071606600874, "log10_subsample": -0.5561420209042424, "max_depth": 9.0, "num_boost_round": 5.0}, "datetime": {"datetime": "2024-01-19 00:50:01", "elapsed": 2355.408426, "delta": 0.002953}}
{"target": -17.677137656332405, "params": {"gamma": 38.079790090776775, "log10_alpha": -1.1698767334328712, "log10_colsample_bytree": -0.7190554489150646, "log10_eta": -3.5440114726518153, "log10_lambda": -4.77428858377895, "log10_min_child_weight": 1.4163071606600874, "log10_subsample": -0.5561420209042424, "max_depth": 9.0, "num_boost_round": 6.0}, "datetime": {"datetime": "2024-01-19 00:50:01", "elapsed": 2355.410931, "delta": 0.002505}}
{"target": -17.677106995731663, "params": {"gamma": 38.079790090776775, "log10_alpha": -1.1698767334328712, "log10_colsample_bytree": -0.7190554489150646, "log10_eta": -3.5440114726518153, "log10_lambda": -4.77428858377895, "log10_min_child_weight": 1.4163071606600874, "log10_subsample": -0.5561420209042424, "max_depth": 9.0, "num_boost_round": 7.0}, "datetime": {"datetime": "2024-01-19 00:50:01", "elapsed": 2355.413492, "delta": 0.002561}}
