{"target": -13.758481870683154, "params": {"gamma": 449.518824086646, "log10_alpha": -2.948947048728003, "log10_colsample_bytree": -0.40730150182696345, "log10_eta": -3.6918686785852137, "log10_lambda": 0.1426080003953416, "log10_min_child_weight": 0.13562220562442162, "log10_subsample": -0.1415381185759118, "max_depth": 4.0, "num_boost_round": 14.0}, "datetime": {"datetime": "2024-01-19 00:21:41", "elapsed": 605.26571, "delta": 0.001301}}
{"target": -13.758475257904834, "params": {"gamma": 449.518824086646, "log10_alpha": -2.948947048728003, "log10_colsample_bytree": -0.40730150182696345, "log10_eta": -3.6918686785852137, "log10_lambda": 0.1426080003953416, "log10_min_child_weight": 0.13562220562442162, "log10_subsample": -0.1415381185759118, "max_depth": 4.0, "num_boost_round": 15.0}, "datetime": {"datetime": "2024-01-19 00:21:41", "elapsed": 605.26701, "delta": 0.0013}}
{"target": -13.758471768710356, "params": {"gamma": 449.518824086646, "log10_alpha": -2.948947048728003, "log10_colsample_bytree": -0.40730150182696345, "log10_eta": -3.6918686785852137, "log10_lambda": 0.1426080003953416, "log10_min_child_weight": 0.13562220562442162, "log10_subsample": -0.1415381185759118, "max_depth": 4.0, "num_boost_round": 16.0}, "datetime": {"datetime": "2024-01-19 00:21:41", "elapsed": 605.268347, "delta": 0.001337}}
{"target": -13.758471106730674, "params": {"gamma": 449.518824086646, "log10_alpha": -2.948947048728003, "log10_colsample_bytree": -0.40730150182696345, "log10_eta": -3.6918686785852137, "log10_lambda": 0.1426080003953416, "log10_min_child_weight": 0.13562220562442162, "log10_subsample": -0.1415381185759118, "max_depth": 4.0, "num_boost_round": 17.0}, "datetime": {"datetime": "2024-01-19 00:21:41", "elapsed": 605.270382, "delta": 0.002035}}
{"target": -13.758470069744307, "params": {"gamma": 449.518824086646, "log10_alpha": -2.948947048728003, "log10_colsample_bytree": -0.40730150182696345, "log10_eta": -3.6918686785852137, "log10_lambda": 0.1426080003953416, "log10_min_child_weight": 0.13562220562442162, "log10_subsample": -0.1415381185759118, "max_depth": 4.0, "num_boost_round": 18.0}, "datetime": {"datetime": "2024-01-19 00:21:41", "elapsed": 605.271706, "delta": 0.001324}}
{"target": -13.758470171666774, "params": {"gamma": 449.518824086646, "log10_alpha": -2.948947048728003, "log10_colsample_bytree": -0.40730150182696345, "log10_eta": -3.6918686785852137, "log10_lambda": 0.1426080003953416, "log10_min_child_weight": 0.13562220562442162, "log10_subsample": -0.1415381185759118, "max_depth": 4.0, "num_boost_round": 19.0}, "datetime": {"datetime": "2024-01-19 00:21:41", "elapsed": 605.273013, "delta": 0.001307}}
{"target": -13.758465668085483, "params": {"gamma": 449.518824086646, "log10_alpha": -2.948947048728003, "log10_colsample_bytree": -0.40730150182696345, "log10_eta": -3.6918686785852137, "log10_lambda": 0.1426080003953416, "log10_min_child_weight": 0.13562220562442162, "log10_subsample": -0.1415381185759118, "max_depth": 4.0, "num_boost_round": 20.0}, "datetime": {"datetime": "2024-01-19 00:21:41", "elapsed": 605.274453, "delta": 0.00144}}
{"target": -13.75846094666546, "params": {"gamma": 449.518824086646, "log10_alpha": -2.948947048728003, "log10_colsample_bytree": -0.40730150182696345, "log10_eta": -3.6918686785852137, "log10_lambda": 0.1426080003953416, "log10_min_child_weight": 0.13562220562442162, "log10_subsample": -0.1415381185759118, "max_depth": 4.0, "num_boost_round": 21.0}, "datetime": {"datetime": "2024-01-19 00:21:41", "elapsed": 605.275902, "delta": 0.001449}}
{"target": -13.758461829989132, "params": {"gamma": 449.518824086646, "log10_alpha": -2.948947048728003, "log10_colsample_bytree": -0.40730150182696345, "log10_eta": -3.6918686785852137, "log10_lambda": 0.1426080003953416, "log10_min_child_weight": 0.13562220562442162, "log10_subsample": -0.1415381185759118, "max_depth": 4.0, "num_boost_round": 22.0}, "datetime": {"datetime": "2024-01-19 00:21:41", "elapsed": 605.277323, "delta": 0.001421}}
{"target": -13.758463650897104, "params": {"gamma": 449.518824086646, "log10_alpha": -2.948947048728003, "log10_colsample_bytree": -0.40730150182696345, "log10_eta": -3.6918686785852137, "log10_lambda": 0.1426080003953416, "log10_min_child_weight": 0.13562220562442162, "log10_subsample": -0.1415381185759118, "max_depth": 4.0, "num_boost_round": 23.0}, "datetime": {"datetime": "2024-01-19 00:21:41", "elapsed": 605.278727, "delta": 0.001404}}
{"target": -13.758461262060301, "params": {"gamma": 449.518824086646, "log10_alpha": -2.948947048728003, "log10_colsample_bytree": -0.40730150182696345, "log10_eta": -3.6918686785852137, "log10_lambda": 0.1426080003953416, "log10_min_child_weight": 0.13562220562442162, "log10_subsample": -0.1415381185759118, "max_depth": 4.0, "num_boost_round": 24.0}, "datetime": {"datetime": "2024-01-19 00:21:41", "elapsed": 605.280056, "delta": 0.001329}}
{"target": -13.758456038052113, "params": {"gamma": 449.518824086646, "log10_alpha": -2.948947048728003, "log10_colsample_bytree": -0.40730150182696345, "log10_eta": -3.6918686785852137, "log10_lambda": 0.1426080003953416, "log10_min_child_weight": 0.13562220562442162, "log10_subsample": -0.1415381185759118, "max_depth": 4.0, "num_boost_round": 25.0}, "datetime": {"datetime": "2024-01-19 00:21:41", "elapsed": 605.281387, "delta": 0.001331}}
{"target": -13.758451084010858, "params": {"gamma": 449.518824086646, "log10_alpha": -2.948947048728003, "log10_colsample_bytree": -0.40730150182696345, "log10_eta": -3.6918686785852137, "log10_lambda": 0.1426080003953416, "log10_min_child_weight": 0.13562220562442162, "log10_subsample": -0.1415381185759118, "max_depth": 4.0, "num_boost_round": 26.0}, "datetime": {"datetime": "2024-01-19 00:21:41", "elapsed": 605.282706, "delta": 0.001319}}
{"target": -13.758449300752591, "params": {"gamma": 449.518824086646, "log10_alpha": -2.948947048728003, "log10_colsample_bytree": -0.40730150182696345, "log10_eta": -3.6918686785852137, "log10_lambda": 0.1426080003953416, "log10_min_child_weight": 0.13562220562442162, "log10_subsample": -0.1415381185759118, "max_depth": 4.0, "num_boost_round": 27.0}, "datetime": {"datetime": "2024-01-19 00:21:41", "elapsed": 605.284084, "delta": 0.001378}}
{"target": -13.7584426137081, "params": {"gamma": 449.518824086646, "log10_alpha": -2.948947048728003, "log10_colsample_bytree": -0.40730150182696345, "log10_eta": -3.6918686785852137, "log10_lambda": 0.1426080003953416, "log10_min_child_weight": 0.13562220562442162, "log10_subsample": -0.1415381185759118, "max_depth": 4.0, "num_boost_round": 28.0}, "datetime": {"datetime": "2024-01-19 00:21:41", "elapsed": 605.285441, "delta": 0.001357}}
{"target": -13.7584374868813, "params": {"gamma": 449.518824086646, "log10_alpha": -2.948947048728003, "log10_colsample_bytree": -0.40730150182696345, "log10_eta": -3.6918686785852137, "log10_lambda": 0.1426080003953416, "log10_min_child_weight": 0.13562220562442162, "log10_subsample": -0.1415381185759118, "max_depth": 4.0, "num_boost_round": 29.0}, "datetime": {"datetime": "2024-01-19 00:21:41", "elapsed": 605.286799, "delta": 0.001358}}
{"target": -13.758433873963165, "params": {"gamma": 449.518824086646, "log10_alpha": -2.948947048728003, "log10_colsample_bytree": -0.40730150182696345, "log10_eta": -3.6918686785852137, "log10_lambda": 0.1426080003953416, "log10_min_child_weight": 0.13562220562442162, "log10_subsample": -0.1415381185759118, "max_depth": 4.0, "num_boost_round": 30.0}, "datetime": {"datetime": "2024-01-19 00:21:41", "elapsed": 605.288146, "delta": 0.001347}}
{"target": -13.758427388774132, "params": {"gamma": 449.518824086646, "log10_alpha": -2.948947048728003, "log10_colsample_bytree": -0.40730150182696345, "log10_eta": -3.6918686785852137, "log10_lambda": 0.1426080003953416, "log10_min_child_weight": 0.13562220562442162, "log10_subsample": -0.1415381185759118, "max_depth": 4.0, "num_boost_round": 31.0}, "datetime": {"datetime": "2024-01-19 00:21:41", "elapsed": 605.289554, "delta": 0.001408}}
{"target": -13.75842171606933, "params": {"gamma": 449.518824086646, "log10_alpha": -2.948947048728003, "log10_colsample_bytree": -0.40730150182696345, "log10_eta": -3.6918686785852137, "log10_lambda": 0.1426080003953416, "log10_min_child_weight": 0.13562220562442162, "log10_subsample": -0.1415381185759118, "max_depth": 4.0, "num_boost_round": 32.0}, "datetime": {"datetime": "2024-01-19 00:21:41", "elapsed": 605.290909, "delta": 0.001355}}
{"target": -13.758419946598629, "params": {"gamma": 449.518824086646, "log10_alpha": -2.948947048728003, "log10_colsample_bytree": -0.40730150182696345, "log10_eta": -3.6918686785852137, "log10_lambda": 0.1426080003953416, "log10_min_child_weight": 0.13562220562442162, "log10_subsample": -0.1415381185759118, "max_depth": 4.0, "num_boost_round": 33.0}, "datetime": {"datetime": "2024-01-19 00:21:41", "elapsed": 605.292248, "delta": 0.001339}}
{"target": -13.758418589852358, "params": {"gamma": 449.518824086646, "log10_alpha": -2.948947048728003, "log10_colsample_bytree": -0.40730150182696345, "log10_eta": -3.6918686785852137, "log10_lambda": 0.1426080003953416, "log10_min_child_weight": 0.13562220562442162, "log10_subsample": -0.1415381185759118, "max_depth": 4.0, "num_boost_round": 34.0}, "datetime": {"datetime": "2024-01-19 00:21:41", "elapsed": 605.293653, "delta": 0.001405}}
{"target": -13.75841563311707, "params": {"gamma": 449.518824086646, "log10_alpha": -2.948947048728003, "log10_colsample_bytree": -0.40730150182696345, "log10_eta": -3.6918686785852137, "log10_lambda": 0.1426080003953416, "log10_min_child_weight": 0.13562220562442162, "log10_subsample": -0.1415381185759118, "max_depth": 4.0, "num_boost_round": 35.0}, "datetime": {"datetime": "2024-01-19 00:21:41", "elapsed": 605.295046, "delta": 0.001393}}
{"target": -13.758419276304975, "params": {"gamma": 449.518824086646, "log10_alpha": -2.948947048728003, "log10_colsample_bytree": -0.40730150182696345, "log10_eta": -3.6918686785852137, "log10_lambda": 0.1426080003953416, "log10_min_child_weight": 0.13562220562442162, "log10_subsample": -0.1415381185759118, "max_depth": 4.0, "num_boost_round": 36.0}, "datetime": {"datetime": "2024-01-19 00:21:41", "elapsed": 605.296399, "delta": 0.001353}}
{"target": -13.75841729848681, "params": {"gamma": 449.518824086646, "log10_alpha": -2.948947048728003, "log10_colsample_bytree": -0.40730150182696345, "log10_eta": -3.6918686785852137, "log10_lambda": 0.1426080003953416, "log10_min_child_weight": 0.13562220562442162, "log10_subsample": -0.1415381185759118, "max_depth": 4.0, "num_boost_round": 37.0}, "datetime": {"datetime": "2024-01-19 00:21:41", "elapsed": 605.297742, "delta": 0.001343}}
{"target": -13.758416627811492, "params": {"gamma": 449.518824086646, "log10_alpha": -2.948947048728003, "log10_colsample_bytree": -0.40730150182696345, "log10_eta": -3.6918686785852137, "log10_lambda": 0.1426080003953416, "log10_min_child_weight": 0.13562220562442162, "log10_subsample": -0.1415381185759118, "max_depth": 4.0, "num_boost_round": 38.0}, "datetime": {"datetime": "2024-01-19 00:21:41", "elapsed": 605.29908, "delta": 0.001338}}
{"target": -13.758407163387826, "params": {"gamma": 449.518824086646, "log10_alpha": -2.948947048728003, "log10_colsample_bytree": -0.40730150182696345, "log10_eta": -3.6918686785852137, "log10_lambda": 0.1426080003953416, "log10_min_child_weight": 0.13562220562442162, "log10_subsample": -0.1415381185759118, "max_depth": 4.0, "num_boost_round": 39.0}, "datetime": {"datetime": "2024-01-19 00:21:41", "elapsed": 605.300435, "delta": 0.001355}}
{"target": -13.758407529825602, "params": {"gamma": 449.518824086646, "log10_alpha": -2.948947048728003, "log10_colsample_bytree": -0.40730150182696345, "log10_eta": -3.6918686785852137, "log10_lambda": 0.1426080003953416, "log10_min_child_weight": 0.13562220562442162, "log10_subsample": -0.1415381185759118, "max_depth": 4.0, "num_boost_round": 40.0}, "datetime": {"datetime": "2024-01-19 00:21:41", "elapsed": 605.301791, "delta": 0.001356}}
{"target": -13.758398090316971, "params": {"gamma": 449.518824086646, "log10_alpha": -2.948947048728003, "log10_colsample_bytree": -0.40730150182696345, "log10_eta": -3.6918686785852137, "log10_lambda": 0.1426080003953416, "log10_min_child_weight": 0.13562220562442162, "log10_subsample": -0.1415381185759118, "max_depth": 4.0, "num_boost_round": 41.0}, "datetime": {"datetime": "2024-01-19 00:21:41", "elapsed": 605.303182, "delta": 0.001391}}
{"target": -13.75839476576176, "params": {"gamma": 449.518824086646, "log10_alpha": -2.948947048728003, "log10_colsample_bytree": -0.40730150182696345, "log10_eta": -3.6918686785852137, "log10_lambda": 0.1426080003953416, "log10_min_child_weight": 0.13562220562442162, "log10_subsample": -0.1415381185759118, "max_depth": 4.0, "num_boost_round": 42.0}, "datetime": {"datetime": "2024-01-19 00:21:41", "elapsed": 605.304531, "delta": 0.001349}}
{"target": -13.758392248905173, "params": {"gamma": 449.518824086646, "log10_alpha": -2.948947048728003, "log10_colsample_bytree": -0.40730150182696345, "log10_eta": -3.6918686785852137, "log10_lambda": 0.1426080003953416, "log10_min_child_weight": 0.13562220562442162, "log10_subsample": -0.1415381185759118, "max_depth": 4.0, "num_boost_round": 43.0}, "datetime": {"datetime": "2024-01-19 00:21:41", "elapsed": 605.305871, "delta": 0.00134}}
{"target": -13.758388941505327, "params": {"gamma": 449.518824086646, "log10_alpha": -2.948947048728003, "log10_colsample_bytree": -0.40730150182696345, "log10_eta": -3.6918686785852137, "log10_lambda": 0.1426080003953416, "log10_min_child_weight": 0.13562220562442162, "log10_subsample": -0.1415381185759118, "max_depth": 4.0, "num_boost_round": 44.0}, "datetime": {"datetime": "2024-01-19 00:21:41", "elapsed": 605.307233, "delta": 0.001362}}
{"target": -13.758387584666632, "params": {"gamma": 449.518824086646, "log10_alpha": -2.948947048728003, "log10_colsample_bytree": -0.40730150182696345, "log10_eta": -3.6918686785852137, "log10_lambda": 0.1426080003953416, "log10_min_child_weight": 0.13562220562442162, "log10_subsample": -0.1415381185759118, "max_depth": 4.0, "num_boost_round": 45.0}, "datetime": {"datetime": "2024-01-19 00:21:41", "elapsed": 605.30858, "delta": 0.001347}}
{"target": -13.75838603472724, "params": {"gamma": 449.518824086646, "log10_alpha": -2.948947048728003, "log10_colsample_bytree": -0.40730150182696345, "log10_eta": -3.6918686785852137, "log10_lambda": 0.1426080003953416, "log10_min_child_weight": 0.13562220562442162, "log10_subsample": -0.1415381185759118, "max_depth": 4.0, "num_boost_round": 46.0}, "datetime": {"datetime": "2024-01-19 00:21:41", "elapsed": 605.310006, "delta": 0.001426}}
{"target": -13.758383766947874, "params": {"gamma": 449.518824086646, "log10_alpha": -2.948947048728003, "log10_colsample_bytree": -0.40730150182696345, "log10_eta": -3.6918686785852137, "log10_lambda": 0.1426080003953416, "log10_min_child_weight": 0.13562220562442162, "log10_subsample": -0.1415381185759118, "max_depth": 4.0, "num_boost_round": 47.0}, "datetime": {"datetime": "2024-01-19 00:21:41", "elapsed": 605.311385, "delta": 0.001379}}
{"target": -13.758381198125651, "params": {"gamma": 449.518824086646, "log10_alpha": -2.948947048728003, "log10_colsample_bytree": -0.40730150182696345, "log10_eta": -3.6918686785852137, "log10_lambda": 0.1426080003953416, "log10_min_child_weight": 0.13562220562442162, "log10_subsample": -0.1415381185759118, "max_depth": 4.0, "num_boost_round": 48.0}, "datetime": {"datetime": "2024-01-19 00:21:41", "elapsed": 605.312732, "delta": 0.001347}}
{"target": -13.758376319742723, "params": {"gamma": 449.518824086646, "log10_alpha": -2.948947048728003, "log10_colsample_bytree": -0.40730150182696345, "log10_eta": -3.6918686785852137, "log10_lambda": 0.1426080003953416, "log10_min_child_weight": 0.13562220562442162, "log10_subsample": -0.1415381185759118, "max_depth": 4.0, "num_boost_round": 49.0}, "datetime": {"datetime": "2024-01-19 00:21:41", "elapsed": 605.314153, "delta": 0.001421}}
{"target": -13.75837111319503, "params": {"gamma": 449.518824086646, "log10_alpha": -2.948947048728003, "log10_colsample_bytree": -0.40730150182696345, "log10_eta": -3.6918686785852137, "log10_lambda": 0.1426080003953416, "log10_min_child_weight": 0.13562220562442162, "log10_subsample": -0.1415381185759118, "max_depth": 4.0, "num_boost_round": 50.0}, "datetime": {"datetime": "2024-01-19 00:21:41", "elapsed": 605.31552, "delta": 0.001367}}
{"target": -13.758370285070814, "params": {"gamma": 449.518824086646, "log10_alpha": -2.948947048728003, "log10_colsample_bytree": -0.40730150182696345, "log10_eta": -3.6918686785852137, "log10_lambda": 0.1426080003953416, "log10_min_child_weight": 0.13562220562442162, "log10_subsample": -0.1415381185759118, "max_depth": 4.0, "num_boost_round": 51.0}, "datetime": {"datetime": "2024-01-19 00:21:41", "elapsed": 605.316883, "delta": 0.001363}}
{"target": -13.758365640553727, "params": {"gamma": 449.518824086646, "log10_alpha": -2.948947048728003, "log10_colsample_bytree": -0.40730150182696345, "log10_eta": -3.6918686785852137, "log10_lambda": 0.1426080003953416, "log10_min_child_weight": 0.13562220562442162, "log10_subsample": -0.1415381185759118, "max_depth": 4.0, "num_boost_round": 52.0}, "datetime": {"datetime": "2024-01-19 00:21:41", "elapsed": 605.318239, "delta": 0.001356}}
{"target": -13.758363314304395, "params": {"gamma": 449.518824086646, "log10_alpha": -2.948947048728003, "log10_colsample_bytree": -0.40730150182696345, "log10_eta": -3.6918686785852137, "log10_lambda": 0.1426080003953416, "log10_min_child_weight": 0.13562220562442162, "log10_subsample": -0.1415381185759118, "max_depth": 4.0, "num_boost_round": 53.0}, "datetime": {"datetime": "2024-01-19 00:21:41", "elapsed": 605.319594, "delta": 0.001355}}
{"target": -13.758355691944331, "params": {"gamma": 449.518824086646, "log10_alpha": -2.948947048728003, "log10_colsample_bytree": -0.40730150182696345, "log10_eta": -3.6918686785852137, "log10_lambda": 0.1426080003953416, "log10_min_child_weight": 0.13562220562442162, "log10_subsample": -0.1415381185759118, "max_depth": 4.0, "num_boost_round": 54.0}, "datetime": {"datetime": "2024-01-19 00:21:41", "elapsed": 605.320952, "delta": 0.001358}}
{"target": -13.758351181323537, "params": {"gamma": 449.518824086646, "log10_alpha": -2.948947048728003, "log10_colsample_bytree": -0.40730150182696345, "log10_eta": -3.6918686785852137, "log10_lambda": 0.1426080003953416, "log10_min_child_weight": 0.13562220562442162, "log10_subsample": -0.1415381185759118, "max_depth": 4.0, "num_boost_round": 55.0}, "datetime": {"datetime": "2024-01-19 00:21:41", "elapsed": 605.322319, "delta": 0.001367}}
{"target": -13.758345349050071, "params": {"gamma": 449.518824086646, "log10_alpha": -2.948947048728003, "log10_colsample_bytree": -0.40730150182696345, "log10_eta": -3.6918686785852137, "log10_lambda": 0.1426080003953416, "log10_min_child_weight": 0.13562220562442162, "log10_subsample": -0.1415381185759118, "max_depth": 4.0, "num_boost_round": 56.0}, "datetime": {"datetime": "2024-01-19 00:21:41", "elapsed": 605.323682, "delta": 0.001363}}
{"target": -13.75834278426741, "params": {"gamma": 449.518824086646, "log10_alpha": -2.948947048728003, "log10_colsample_bytree": -0.40730150182696345, "log10_eta": -3.6918686785852137, "log10_lambda": 0.1426080003953416, "log10_min_child_weight": 0.13562220562442162, "log10_subsample": -0.1415381185759118, "max_depth": 4.0, "num_boost_round": 57.0}, "datetime": {"datetime": "2024-01-19 00:21:41", "elapsed": 605.325167, "delta": 0.001485}}
{"target": -13.758341314337647, "params": {"gamma": 449.518824086646, "log10_alpha": -2.948947048728003, "log10_colsample_bytree": -0.40730150182696345, "log10_eta": -3.6918686785852137, "log10_lambda": 0.1426080003953416, "log10_min_child_weight": 0.13562220562442162, "log10_subsample": -0.1415381185759118, "max_depth": 4.0, "num_boost_round": 58.0}, "datetime": {"datetime": "2024-01-19 00:21:41", "elapsed": 605.326587, "delta": 0.00142}}
{"target": -13.758334577392466, "params": {"gamma": 449.518824086646, "log10_alpha": -2.948947048728003, "log10_colsample_bytree": -0.40730150182696345, "log10_eta": -3.6918686785852137, "log10_lambda": 0.1426080003953416, "log10_min_child_weight": 0.13562220562442162, "log10_subsample": -0.1415381185759118, "max_depth": 4.0, "num_boost_round": 59.0}, "datetime": {"datetime": "2024-01-19 00:21:41", "elapsed": 605.327961, "delta": 0.001374}}
{"target": -13.758332924483708, "params": {"gamma": 449.518824086646, "log10_alpha": -2.948947048728003, "log10_colsample_bytree": -0.40730150182696345, "log10_eta": -3.6918686785852137, "log10_lambda": 0.1426080003953416, "log10_min_child_weight": 0.13562220562442162, "log10_subsample": -0.1415381185759118, "max_depth": 4.0, "num_boost_round": 60.0}, "datetime": {"datetime": "2024-01-19 00:21:41", "elapsed": 605.329384, "delta": 0.001423}}
{"target": -13.7583300487206, "params": {"gamma": 449.518824086646, "log10_alpha": -2.948947048728003, "log10_colsample_bytree": -0.40730150182696345, "log10_eta": -3.6918686785852137, "log10_lambda": 0.1426080003953416, "log10_min_child_weight": 0.13562220562442162, "log10_subsample": -0.1415381185759118, "max_depth": 4.0, "num_boost_round": 61.0}, "datetime": {"datetime": "2024-01-19 00:21:41", "elapsed": 605.331406, "delta": 0.002022}}
{"target": -13.758326761686655, "params": {"gamma": 449.518824086646, "log10_alpha": -2.948947048728003, "log10_colsample_bytree": -0.40730150182696345, "log10_eta": -3.6918686785852137, "log10_lambda": 0.1426080003953416, "log10_min_child_weight": 0.13562220562442162, "log10_subsample": -0.1415381185759118, "max_depth": 4.0, "num_boost_round": 62.0}, "datetime": {"datetime": "2024-01-19 00:21:41", "elapsed": 605.332955, "delta": 0.001549}}
