{"target": -17.67706344626172, "params": {"gamma": 50.23922187020813, "log10_alpha": -2.095173761935082, "log10_colsample_bytree": -0.7415111939248022, "log10_eta": -3.7658312612936844, "log10_lambda": -4.271520126277338, "log10_min_child_weight": 3.9029313323442545, "log10_subsample": -0.29032589832427, "max_depth": 9.0, "num_boost_round": 43.0}, "datetime": {"datetime": "2024-01-19 01:50:48", "elapsed": 6002.151761, "delta": 0.00457}}
{"target": -17.677056867897555, "params": {"gamma": 50.23922187020813, "log10_alpha": -2.095173761935082, "log10_colsample_bytree": -0.7415111939248022, "log10_eta": -3.7658312612936844, "log10_lambda": -4.271520126277338, "log10_min_child_weight": 3.9029313323442545, "log10_subsample": -0.29032589832427, "max_depth": 9.0, "num_boost_round": 44.0}, "datetime": {"datetime": "2024-01-19 01:50:48", "elapsed": 6002.156393, "delta": 0.004632}}
{"target": -17.67705327768207, "params": {"gamma": 50.23922187020813, "log10_alpha": -2.095173761935082, "log10_colsample_bytree": -0.7415111939248022, "log10_eta": -3.7658312612936844, "log10_lambda": -4.271520126277338, "log10_min_child_weight": 3.9029313323442545, "log10_subsample": -0.29032589832427, "max_depth": 9.0, "num_boost_round": 45.0}, "datetime": {"datetime": "2024-01-19 01:50:48", "elapsed": 6002.160989, "delta": 0.004596}}
{"target": -17.677049297330612, "params": {"gamma": 50.23922187020813, "log10_alpha": -2.095173761935082, "log10_colsample_bytree": -0.7415111939248022, "log10_eta": -3.7658312612936844, "log10_lambda": -4.271520126277338, "log10_min_child_weight": 3.9029313323442545, "log10_subsample": -0.29032589832427, "max_depth": 9.0, "num_boost_round": 46.0}, "datetime": {"datetime": "2024-01-19 01:50:48", "elapsed": 6002.165689, "delta": 0.0047}}
{"target": -17.677043860443444, "params": {"gamma": 50.23922187020813, "log10_alpha": -2.095173761935082, "log10_colsample_bytree": -0.7415111939248022, "log10_eta": -3.7658312612936844, "log10_lambda": -4.271520126277338, "log10_min_child_weight": 3.9029313323442545, "log10_subsample": -0.29032589832427, "max_depth": 9.0, "num_boost_round": 47.0}, "datetime": {"datetime": "2024-01-19 01:50:48", "elapsed": 6002.170401, "delta": 0.004712}}
{"target": -17.677045482846413, "params": {"gamma": 50.23922187020813, "log10_alpha": -2.095173761935082, "log10_colsample_bytree": -0.7415111939248022, "log10_eta": -3.7658312612936844, "log10_lambda": -4.271520126277338, "log10_min_child_weight": 3.9029313323442545, "log10_subsample": -0.29032589832427, "max_depth": 9.0, "num_boost_round": 48.0}, "datetime": {"datetime": "2024-01-19 01:50:48", "elapsed": 6002.17491, "delta": 0.004509}}
{"target": -17.67704736178594, "params": {"gamma": 50.23922187020813, "log10_alpha": -2.095173761935082, "log10_colsample_bytree": -0.7415111939248022, "log10_eta": -3.7658312612936844, "log10_lambda": -4.271520126277338, "log10_min_child_weight": 3.9029313323442545, "log10_subsample": -0.29032589832427, "max_depth": 9.0, "num_boost_round": 49.0}, "datetime": {"datetime": "2024-01-19 01:50:48", "elapsed": 6002.179366, "delta": 0.004456}}
{"target": -17.67704526666255, "params": {"gamma": 50.23922187020813, "log10_alpha": -2.095173761935082, "log10_colsample_bytree": -0.7415111939248022, "log10_eta": -3.7658312612936844, "log10_lambda": -4.271520126277338, "log10_min_child_weight": 3.9029313323442545, "log10_subsample": -0.29032589832427, "max_depth": 9.0, "num_boost_round": 50.0}, "datetime": {"datetime": "2024-01-19 01:50:48", "elapsed": 6002.184079, "delta": 0.004713}}
{"target": -17.677039293385228, "params": {"gamma": 50.23922187020813, "log10_alpha": -2.095173761935082, "log10_colsample_bytree": -0.7415111939248022, "log10_eta": -3.7658312612936844, "log10_lambda": -4.271520126277338, "log10_min_child_weight": 3.9029313323442545, "log10_subsample": -0.29032589832427, "max_depth": 9.0, "num_boost_round": 51.0}, "datetime": {"datetime": "2024-01-19 01:50:48", "elapsed": 6002.188648, "delta": 0.004569}}
{"target": -17.677031977326745, "params": {"gamma": 50.23922187020813, "log10_alpha": -2.095173761935082, "log10_colsample_bytree": -0.7415111939248022, "log10_eta": -3.7658312612936844, "log10_lambda": -4.271520126277338, "log10_min_child_weight": 3.9029313323442545, "log10_subsample": -0.29032589832427, "max_depth": 9.0, "num_boost_round": 52.0}, "datetime": {"datetime": "2024-01-19 01:50:48", "elapsed": 6002.193364, "delta": 0.004716}}
{"target": -17.677027902472766, "params": {"gamma": 50.23922187020813, "log10_alpha": -2.095173761935082, "log10_colsample_bytree": -0.7415111939248022, "log10_eta": -3.7658312612936844, "log10_lambda": -4.271520126277338, "log10_min_child_weight": 3.9029313323442545, "log10_subsample": -0.29032589832427, "max_depth": 9.0, "num_boost_round": 53.0}, "datetime": {"datetime": "2024-01-19 01:50:48", "elapsed": 6002.201655, "delta": 0.008291}}
{"target": -17.67691458242426, "params": {"gamma": 10.971791649976078, "log10_alpha": 0.11294878050177339, "log10_colsample_bytree": -1.0, "log10_eta": -2.217391869674057, "log10_lambda": -3.2817992695336957, "log10_min_child_weight": 2.575214139877581, "log10_subsample": -1.0, "max_depth": 10.0, "num_boost_round": 0.0}, "datetime": {"datetime": "2024-01-19 01:52:21", "elapsed": 6095.265231, "delta": 93.063576}}
{"target": -17.676728342345992, "params": {"gamma": 10.971791649976078, "log10_alpha": 0.11294878050177339, "log10_colsample_bytree": -1.0, "log10_eta": -2.217391869674057, "log10_lambda": -3.2817992695336957, "log10_min_child_weight": 2.575214139877581, "log10_subsample": -1.0, "max_depth": 10.0, "num_boost_round": 1.0}, "datetime": {"datetime": "2024-01-19 01:52:21", "elapsed": 6095.270907, "delta": 0.005676}}
{"target": -17.67662144534056, "params": {"gamma": 10.971791649976078, "log10_alpha": 0.11294878050177339, "log10_colsample_bytree": -1.0, "log10_eta": -2.217391869674057, "log10_lambda": -3.2817992695336957, "log10_min_child_weight": 2.575214139877581, "log10_subsample": -1.0, "max_depth": 10.0, "num_boost_round": 2.0}, "datetime": {"datetime": "2024-01-19 01:52:21", "elapsed": 6095.275719, "delta": 0.004812}}
{"target": -17.676526803375282, "params": {"gamma": 10.971791649976078, "log10_alpha": 0.11294878050177339, "log10_colsample_bytree": -1.0, "log10_eta": -2.217391869674057, "log10_lambda": -3.2817992695336957, "log10_min_child_weight": 2.575214139877581, "log10_subsample": -1.0, "max_depth": 10.0, "num_boost_round": 3.0}, "datetime": {"datetime": "2024-01-19 01:52:21", "elapsed": 6095.280509, "delta": 0.00479}}
{"target": -17.676287355273455, "params": {"gamma": 10.971791649976078, "log10_alpha": 0.11294878050177339, "log10_colsample_bytree": -1.0, "log10_eta": -2.217391869674057, "log10_lambda": -3.2817992695336957, "log10_min_child_weight": 2.575214139877581, "log10_subsample": -1.0, "max_depth": 10.0, "num_boost_round": 4.0}, "datetime": {"datetime": "2024-01-19 01:52:21", "elapsed": 6095.28543, "delta": 0.004921}}
{"target": -17.676240802267387, "params": {"gamma": 10.971791649976078, "log10_alpha": 0.11294878050177339, "log10_colsample_bytree": -1.0, "log10_eta": -2.217391869674057, "log10_lambda": -3.2817992695336957, "log10_min_child_weight": 2.575214139877581, "log10_subsample": -1.0, "max_depth": 10.0, "num_boost_round": 5.0}, "datetime": {"datetime": "2024-01-19 01:52:21", "elapsed": 6095.290249, "delta": 0.004819}}
{"target": -17.67625476317287, "params": {"gamma": 10.971791649976078, "log10_alpha": 0.11294878050177339, "log10_colsample_bytree": -1.0, "log10_eta": -2.217391869674057, "log10_lambda": -3.2817992695336957, "log10_min_child_weight": 2.575214139877581, "log10_subsample": -1.0, "max_depth": 10.0, "num_boost_round": 6.0}, "datetime": {"datetime": "2024-01-19 01:52:21", "elapsed": 6095.294993, "delta": 0.004744}}
{"target": -17.67607878716593, "params": {"gamma": 10.971791649976078, "log10_alpha": 0.11294878050177339, "log10_colsample_bytree": -1.0, "log10_eta": -2.217391869674057, "log10_lambda": -3.2817992695336957, "log10_min_child_weight": 2.575214139877581, "log10_subsample": -1.0, "max_depth": 10.0, "num_boost_round": 7.0}, "datetime": {"datetime": "2024-01-19 01:52:21", "elapsed": 6095.299641, "delta": 0.004648}}
{"target": -17.67591466663742, "params": {"gamma": 10.971791649976078, "log10_alpha": 0.11294878050177339, "log10_colsample_bytree": -1.0, "log10_eta": -2.217391869674057, "log10_lambda": -3.2817992695336957, "log10_min_child_weight": 2.575214139877581, "log10_subsample": -1.0, "max_depth": 10.0, "num_boost_round": 8.0}, "datetime": {"datetime": "2024-01-19 01:52:21", "elapsed": 6095.304258, "delta": 0.004617}}
{"target": -17.67591824988878, "params": {"gamma": 10.971791649976078, "log10_alpha": 0.11294878050177339, "log10_colsample_bytree": -1.0, "log10_eta": -2.217391869674057, "log10_lambda": -3.2817992695336957, "log10_min_child_weight": 2.575214139877581, "log10_subsample": -1.0, "max_depth": 10.0, "num_boost_round": 9.0}, "datetime": {"datetime": "2024-01-19 01:52:21", "elapsed": 6095.309241, "delta": 0.004983}}
{"target": -17.675429976584738, "params": {"gamma": 10.971791649976078, "log10_alpha": 0.11294878050177339, "log10_colsample_bytree": -1.0, "log10_eta": -2.217391869674057, "log10_lambda": -3.2817992695336957, "log10_min_child_weight": 2.575214139877581, "log10_subsample": -1.0, "max_depth": 10.0, "num_boost_round": 10.0}, "datetime": {"datetime": "2024-01-19 01:52:21", "elapsed": 6095.314265, "delta": 0.005024}}
{"target": -17.675447051780626, "params": {"gamma": 10.971791649976078, "log10_alpha": 0.11294878050177339, "log10_colsample_bytree": -1.0, "log10_eta": -2.217391869674057, "log10_lambda": -3.2817992695336957, "log10_min_child_weight": 2.575214139877581, "log10_subsample": -1.0, "max_depth": 10.0, "num_boost_round": 11.0}, "datetime": {"datetime": "2024-01-19 01:52:21", "elapsed": 6095.319073, "delta": 0.004808}}
{"target": -17.675322189799584, "params": {"gamma": 10.971791649976078, "log10_alpha": 0.11294878050177339, "log10_colsample_bytree": -1.0, "log10_eta": -2.217391869674057, "log10_lambda": -3.2817992695336957, "log10_min_child_weight": 2.575214139877581, "log10_subsample": -1.0, "max_depth": 10.0, "num_boost_round": 12.0}, "datetime": {"datetime": "2024-01-19 01:52:21", "elapsed": 6095.323775, "delta": 0.004702}}
{"target": -17.675129821931694, "params": {"gamma": 10.971791649976078, "log10_alpha": 0.11294878050177339, "log10_colsample_bytree": -1.0, "log10_eta": -2.217391869674057, "log10_lambda": -3.2817992695336957, "log10_min_child_weight": 2.575214139877581, "log10_subsample": -1.0, "max_depth": 10.0, "num_boost_round": 13.0}, "datetime": {"datetime": "2024-01-19 01:52:21", "elapsed": 6095.328487, "delta": 0.004712}}
{"target": -17.6750867271027, "params": {"gamma": 10.971791649976078, "log10_alpha": 0.11294878050177339, "log10_colsample_bytree": -1.0, "log10_eta": -2.217391869674057, "log10_lambda": -3.2817992695336957, "log10_min_child_weight": 2.575214139877581, "log10_subsample": -1.0, "max_depth": 10.0, "num_boost_round": 14.0}, "datetime": {"datetime": "2024-01-19 01:52:21", "elapsed": 6095.333068, "delta": 0.004581}}
{"target": -17.674953563222612, "params": {"gamma": 10.971791649976078, "log10_alpha": 0.11294878050177339, "log10_colsample_bytree": -1.0, "log10_eta": -2.217391869674057, "log10_lambda": -3.2817992695336957, "log10_min_child_weight": 2.575214139877581, "log10_subsample": -1.0, "max_depth": 10.0, "num_boost_round": 15.0}, "datetime": {"datetime": "2024-01-19 01:52:21", "elapsed": 6095.337744, "delta": 0.004676}}
{"target": -17.674650250264712, "params": {"gamma": 10.971791649976078, "log10_alpha": 0.11294878050177339, "log10_colsample_bytree": -1.0, "log10_eta": -2.217391869674057, "log10_lambda": -3.2817992695336957, "log10_min_child_weight": 2.575214139877581, "log10_subsample": -1.0, "max_depth": 10.0, "num_boost_round": 16.0}, "datetime": {"datetime": "2024-01-19 01:52:21", "elapsed": 6095.342573, "delta": 0.004829}}
{"target": -17.674597517564383, "params": {"gamma": 10.971791649976078, "log10_alpha": 0.11294878050177339, "log10_colsample_bytree": -1.0, "log10_eta": -2.217391869674057, "log10_lambda": -3.2817992695336957, "log10_min_child_weight": 2.575214139877581, "log10_subsample": -1.0, "max_depth": 10.0, "num_boost_round": 17.0}, "datetime": {"datetime": "2024-01-19 01:52:21", "elapsed": 6095.347214, "delta": 0.004641}}
{"target": -17.674389067239204, "params": {"gamma": 10.971791649976078, "log10_alpha": 0.11294878050177339, "log10_colsample_bytree": -1.0, "log10_eta": -2.217391869674057, "log10_lambda": -3.2817992695336957, "log10_min_child_weight": 2.575214139877581, "log10_subsample": -1.0, "max_depth": 10.0, "num_boost_round": 18.0}, "datetime": {"datetime": "2024-01-19 01:52:21", "elapsed": 6095.352159, "delta": 0.004945}}
{"target": -17.674149504238397, "params": {"gamma": 10.971791649976078, "log10_alpha": 0.11294878050177339, "log10_colsample_bytree": -1.0, "log10_eta": -2.217391869674057, "log10_lambda": -3.2817992695336957, "log10_min_child_weight": 2.575214139877581, "log10_subsample": -1.0, "max_depth": 10.0, "num_boost_round": 19.0}, "datetime": {"datetime": "2024-01-19 01:52:21", "elapsed": 6095.356794, "delta": 0.004635}}
{"target": -17.67410403463929, "params": {"gamma": 10.971791649976078, "log10_alpha": 0.11294878050177339, "log10_colsample_bytree": -1.0, "log10_eta": -2.217391869674057, "log10_lambda": -3.2817992695336957, "log10_min_child_weight": 2.575214139877581, "log10_subsample": -1.0, "max_depth": 10.0, "num_boost_round": 20.0}, "datetime": {"datetime": "2024-01-19 01:52:21", "elapsed": 6095.361495, "delta": 0.004701}}
{"target": -17.673953567682524, "params": {"gamma": 10.971791649976078, "log10_alpha": 0.11294878050177339, "log10_colsample_bytree": -1.0, "log10_eta": -2.217391869674057, "log10_lambda": -3.2817992695336957, "log10_min_child_weight": 2.575214139877581, "log10_subsample": -1.0, "max_depth": 10.0, "num_boost_round": 21.0}, "datetime": {"datetime": "2024-01-19 01:52:21", "elapsed": 6095.366235, "delta": 0.00474}}
{"target": -17.673539748794106, "params": {"gamma": 10.971791649976078, "log10_alpha": 0.11294878050177339, "log10_colsample_bytree": -1.0, "log10_eta": -2.217391869674057, "log10_lambda": -3.2817992695336957, "log10_min_child_weight": 2.575214139877581, "log10_subsample": -1.0, "max_depth": 10.0, "num_boost_round": 22.0}, "datetime": {"datetime": "2024-01-19 01:52:21", "elapsed": 6095.37106, "delta": 0.004825}}
{"target": -17.673186695092824, "params": {"gamma": 10.971791649976078, "log10_alpha": 0.11294878050177339, "log10_colsample_bytree": -1.0, "log10_eta": -2.217391869674057, "log10_lambda": -3.2817992695336957, "log10_min_child_weight": 2.575214139877581, "log10_subsample": -1.0, "max_depth": 10.0, "num_boost_round": 23.0}, "datetime": {"datetime": "2024-01-19 01:52:21", "elapsed": 6095.375704, "delta": 0.004644}}
{"target": -17.673153738937895, "params": {"gamma": 10.971791649976078, "log10_alpha": 0.11294878050177339, "log10_colsample_bytree": -1.0, "log10_eta": -2.217391869674057, "log10_lambda": -3.2817992695336957, "log10_min_child_weight": 2.575214139877581, "log10_subsample": -1.0, "max_depth": 10.0, "num_boost_round": 24.0}, "datetime": {"datetime": "2024-01-19 01:52:21", "elapsed": 6095.38058, "delta": 0.004876}}
{"target": -17.67291702951572, "params": {"gamma": 10.971791649976078, "log10_alpha": 0.11294878050177339, "log10_colsample_bytree": -1.0, "log10_eta": -2.217391869674057, "log10_lambda": -3.2817992695336957, "log10_min_child_weight": 2.575214139877581, "log10_subsample": -1.0, "max_depth": 10.0, "num_boost_round": 25.0}, "datetime": {"datetime": "2024-01-19 01:52:21", "elapsed": 6095.385247, "delta": 0.004667}}
{"target": -17.67291227326214, "params": {"gamma": 10.971791649976078, "log10_alpha": 0.11294878050177339, "log10_colsample_bytree": -1.0, "log10_eta": -2.217391869674057, "log10_lambda": -3.2817992695336957, "log10_min_child_weight": 2.575214139877581, "log10_subsample": -1.0, "max_depth": 10.0, "num_boost_round": 26.0}, "datetime": {"datetime": "2024-01-19 01:52:21", "elapsed": 6095.389949, "delta": 0.004702}}
{"target": -17.672770224790415, "params": {"gamma": 10.971791649976078, "log10_alpha": 0.11294878050177339, "log10_colsample_bytree": -1.0, "log10_eta": -2.217391869674057, "log10_lambda": -3.2817992695336957, "log10_min_child_weight": 2.575214139877581, "log10_subsample": -1.0, "max_depth": 10.0, "num_boost_round": 27.0}, "datetime": {"datetime": "2024-01-19 01:52:21", "elapsed": 6095.394671, "delta": 0.004722}}
{"target": -17.67259637172228, "params": {"gamma": 10.971791649976078, "log10_alpha": 0.11294878050177339, "log10_colsample_bytree": -1.0, "log10_eta": -2.217391869674057, "log10_lambda": -3.2817992695336957, "log10_min_child_weight": 2.575214139877581, "log10_subsample": -1.0, "max_depth": 10.0, "num_boost_round": 28.0}, "datetime": {"datetime": "2024-01-19 01:52:21", "elapsed": 6095.399464, "delta": 0.004793}}
{"target": -17.672678282137348, "params": {"gamma": 10.971791649976078, "log10_alpha": 0.11294878050177339, "log10_colsample_bytree": -1.0, "log10_eta": -2.217391869674057, "log10_lambda": -3.2817992695336957, "log10_min_child_weight": 2.575214139877581, "log10_subsample": -1.0, "max_depth": 10.0, "num_boost_round": 29.0}, "datetime": {"datetime": "2024-01-19 01:52:21", "elapsed": 6095.404143, "delta": 0.004679}}
{"target": -17.67245009458438, "params": {"gamma": 10.971791649976078, "log10_alpha": 0.11294878050177339, "log10_colsample_bytree": -1.0, "log10_eta": -2.217391869674057, "log10_lambda": -3.2817992695336957, "log10_min_child_weight": 2.575214139877581, "log10_subsample": -1.0, "max_depth": 10.0, "num_boost_round": 30.0}, "datetime": {"datetime": "2024-01-19 01:52:21", "elapsed": 6095.408986, "delta": 0.004843}}
{"target": -17.672115323034035, "params": {"gamma": 10.971791649976078, "log10_alpha": 0.11294878050177339, "log10_colsample_bytree": -1.0, "log10_eta": -2.217391869674057, "log10_lambda": -3.2817992695336957, "log10_min_child_weight": 2.575214139877581, "log10_subsample": -1.0, "max_depth": 10.0, "num_boost_round": 31.0}, "datetime": {"datetime": "2024-01-19 01:52:21", "elapsed": 6095.413716, "delta": 0.00473}}
{"target": -17.675813996709767, "params": {"gamma": 45.4995746049206, "log10_alpha": -2.7114888987656593, "log10_colsample_bytree": -0.9039649524224127, "log10_eta": -0.9011542730039319, "log10_lambda": -2.279680714881586, "log10_min_child_weight": 3.3854936555529873, "log10_subsample": -0.868647390013656, "max_depth": 9.0, "num_boost_round": 0.0}, "datetime": {"datetime": "2024-01-19 01:53:56", "elapsed": 6190.565844, "delta": 95.152128}}
{"target": -17.67562338612918, "params": {"gamma": 45.4995746049206, "log10_alpha": -2.7114888987656593, "log10_colsample_bytree": -0.9039649524224127, "log10_eta": -0.9011542730039319, "log10_lambda": -2.279680714881586, "log10_min_child_weight": 3.3854936555529873, "log10_subsample": -0.868647390013656, "max_depth": 9.0, "num_boost_round": 1.0}, "datetime": {"datetime": "2024-01-19 01:53:56", "elapsed": 6190.571361, "delta": 0.005517}}
{"target": -17.675496726261937, "params": {"gamma": 45.4995746049206, "log10_alpha": -2.7114888987656593, "log10_colsample_bytree": -0.9039649524224127, "log10_eta": -0.9011542730039319, "log10_lambda": -2.279680714881586, "log10_min_child_weight": 3.3854936555529873, "log10_subsample": -0.868647390013656, "max_depth": 9.0, "num_boost_round": 2.0}, "datetime": {"datetime": "2024-01-19 01:53:56", "elapsed": 6190.576298, "delta": 0.004937}}
{"target": -17.678199383571577, "params": {"gamma": 45.4995746049206, "log10_alpha": -2.7114888987656593, "log10_colsample_bytree": -0.9039649524224127, "log10_eta": -0.9011542730039319, "log10_lambda": -2.279680714881586, "log10_min_child_weight": 3.3854936555529873, "log10_subsample": -0.868647390013656, "max_depth": 9.0, "num_boost_round": 3.0}, "datetime": {"datetime": "2024-01-19 01:53:56", "elapsed": 6190.581067, "delta": 0.004769}}
{"target": -17.676568763257254, "params": {"gamma": 45.4995746049206, "log10_alpha": -2.7114888987656593, "log10_colsample_bytree": -0.9039649524224127, "log10_eta": -0.9011542730039319, "log10_lambda": -2.279680714881586, "log10_min_child_weight": 3.3854936555529873, "log10_subsample": -0.868647390013656, "max_depth": 9.0, "num_boost_round": 4.0}, "datetime": {"datetime": "2024-01-19 01:53:56", "elapsed": 6190.585798, "delta": 0.004731}}
{"target": -17.677690472639856, "params": {"gamma": 45.4995746049206, "log10_alpha": -2.7114888987656593, "log10_colsample_bytree": -0.9039649524224127, "log10_eta": -0.9011542730039319, "log10_lambda": -2.279680714881586, "log10_min_child_weight": 3.3854936555529873, "log10_subsample": -0.868647390013656, "max_depth": 9.0, "num_boost_round": 5.0}, "datetime": {"datetime": "2024-01-19 01:53:56", "elapsed": 6190.590645, "delta": 0.004847}}
{"target": -17.680346438311208, "params": {"gamma": 45.4995746049206, "log10_alpha": -2.7114888987656593, "log10_colsample_bytree": -0.9039649524224127, "log10_eta": -0.9011542730039319, "log10_lambda": -2.279680714881586, "log10_min_child_weight": 3.3854936555529873, "log10_subsample": -0.868647390013656, "max_depth": 9.0, "num_boost_round": 6.0}, "datetime": {"datetime": "2024-01-19 01:53:56", "elapsed": 6190.595443, "delta": 0.004798}}
{"target": -17.67963955517253, "params": {"gamma": 45.4995746049206, "log10_alpha": -2.7114888987656593, "log10_colsample_bytree": -0.9039649524224127, "log10_eta": -0.9011542730039319, "log10_lambda": -2.279680714881586, "log10_min_child_weight": 3.3854936555529873, "log10_subsample": -0.868647390013656, "max_depth": 9.0, "num_boost_round": 7.0}, "datetime": {"datetime": "2024-01-19 01:53:56", "elapsed": 6190.600123, "delta": 0.00468}}
