{"target": -17.673221879562956, "params": {"gamma": 423.45042828303525, "log10_alpha": -1.0228990878828519, "log10_colsample_bytree": -0.557988816786497, "log10_eta": -0.9857012992124838, "log10_lambda": -4.949675780277236, "log10_min_child_weight": 1.0395670828088561, "log10_subsample": -0.5091575740699764, "max_depth": 2.0, "num_boost_round": 12.0}, "datetime": {"datetime": "2024-01-19 00:29:22", "elapsed": 1055.483109, "delta": 0.002116}}
{"target": -17.67384317754657, "params": {"gamma": 423.45042828303525, "log10_alpha": -1.0228990878828519, "log10_colsample_bytree": -0.557988816786497, "log10_eta": -0.9857012992124838, "log10_lambda": -4.949675780277236, "log10_min_child_weight": 1.0395670828088561, "log10_subsample": -0.5091575740699764, "max_depth": 2.0, "num_boost_round": 13.0}, "datetime": {"datetime": "2024-01-19 00:29:22", "elapsed": 1055.485184, "delta": 0.002075}}
{"target": -17.674837414065976, "params": {"gamma": 423.45042828303525, "log10_alpha": -1.0228990878828519, "log10_colsample_bytree": -0.557988816786497, "log10_eta": -0.9857012992124838, "log10_lambda": -4.949675780277236, "log10_min_child_weight": 1.0395670828088561, "log10_subsample": -0.5091575740699764, "max_depth": 2.0, "num_boost_round": 14.0}, "datetime": {"datetime": "2024-01-19 00:29:22", "elapsed": 1055.487334, "delta": 0.00215}}
{"target": -17.67598444688354, "params": {"gamma": 423.45042828303525, "log10_alpha": -1.0228990878828519, "log10_colsample_bytree": -0.557988816786497, "log10_eta": -0.9857012992124838, "log10_lambda": -4.949675780277236, "log10_min_child_weight": 1.0395670828088561, "log10_subsample": -0.5091575740699764, "max_depth": 2.0, "num_boost_round": 15.0}, "datetime": {"datetime": "2024-01-19 00:29:22", "elapsed": 1055.489395, "delta": 0.002061}}
{"target": -17.675998523559162, "params": {"gamma": 423.45042828303525, "log10_alpha": -1.0228990878828519, "log10_colsample_bytree": -0.557988816786497, "log10_eta": -0.9857012992124838, "log10_lambda": -4.949675780277236, "log10_min_child_weight": 1.0395670828088561, "log10_subsample": -0.5091575740699764, "max_depth": 2.0, "num_boost_round": 16.0}, "datetime": {"datetime": "2024-01-19 00:29:22", "elapsed": 1055.491545, "delta": 0.00215}}
{"target": -17.6767015461409, "params": {"gamma": 423.45042828303525, "log10_alpha": -1.0228990878828519, "log10_colsample_bytree": -0.557988816786497, "log10_eta": -0.9857012992124838, "log10_lambda": -4.949675780277236, "log10_min_child_weight": 1.0395670828088561, "log10_subsample": -0.5091575740699764, "max_depth": 2.0, "num_boost_round": 17.0}, "datetime": {"datetime": "2024-01-19 00:29:22", "elapsed": 1055.49368, "delta": 0.002135}}
{"target": -17.677222267618053, "params": {"gamma": 440.3773378287535, "log10_alpha": -4.988561894301668, "log10_colsample_bytree": -0.3105821596960554, "log10_eta": -3.465917194250544, "log10_lambda": -4.334782651725008, "log10_min_child_weight": 0.9839535514616976, "log10_subsample": -0.21831061710988775, "max_depth": 7.0, "num_boost_round": 0.0}, "datetime": {"datetime": "2024-01-19 00:30:02", "elapsed": 1095.58271, "delta": 40.08903}}
{"target": -17.67719054310195, "params": {"gamma": 440.3773378287535, "log10_alpha": -4.988561894301668, "log10_colsample_bytree": -0.3105821596960554, "log10_eta": -3.465917194250544, "log10_lambda": -4.334782651725008, "log10_min_child_weight": 0.9839535514616976, "log10_subsample": -0.21831061710988775, "max_depth": 7.0, "num_boost_round": 1.0}, "datetime": {"datetime": "2024-01-19 00:30:02", "elapsed": 1095.585489, "delta": 0.002779}}
{"target": -17.677175853291008, "params": {"gamma": 440.3773378287535, "log10_alpha": -4.988561894301668, "log10_colsample_bytree": -0.3105821596960554, "log10_eta": -3.465917194250544, "log10_lambda": -4.334782651725008, "log10_min_child_weight": 0.9839535514616976, "log10_subsample": -0.21831061710988775, "max_depth": 7.0, "num_boost_round": 2.0}, "datetime": {"datetime": "2024-01-19 00:30:02", "elapsed": 1095.587843, "delta": 0.002354}}
{"target": -17.677182419041113, "params": {"gamma": 440.3773378287535, "log10_alpha": -4.988561894301668, "log10_colsample_bytree": -0.3105821596960554, "log10_eta": -3.465917194250544, "log10_lambda": -4.334782651725008, "log10_min_child_weight": 0.9839535514616976, "log10_subsample": -0.21831061710988775, "max_depth": 7.0, "num_boost_round": 3.0}, "datetime": {"datetime": "2024-01-19 00:30:02", "elapsed": 1095.589943, "delta": 0.0021}}
{"target": -17.677194082130583, "params": {"gamma": 440.3773378287535, "log10_alpha": -4.988561894301668, "log10_colsample_bytree": -0.3105821596960554, "log10_eta": -3.465917194250544, "log10_lambda": -4.334782651725008, "log10_min_child_weight": 0.9839535514616976, "log10_subsample": -0.21831061710988775, "max_depth": 7.0, "num_boost_round": 4.0}, "datetime": {"datetime": "2024-01-19 00:30:02", "elapsed": 1095.592021, "delta": 0.002078}}
{"target": -17.677185659325566, "params": {"gamma": 440.3773378287535, "log10_alpha": -4.988561894301668, "log10_colsample_bytree": -0.3105821596960554, "log10_eta": -3.465917194250544, "log10_lambda": -4.334782651725008, "log10_min_child_weight": 0.9839535514616976, "log10_subsample": -0.21831061710988775, "max_depth": 7.0, "num_boost_round": 5.0}, "datetime": {"datetime": "2024-01-19 00:30:02", "elapsed": 1095.594008, "delta": 0.001987}}
{"target": -17.677176117432072, "params": {"gamma": 440.3773378287535, "log10_alpha": -4.988561894301668, "log10_colsample_bytree": -0.3105821596960554, "log10_eta": -3.465917194250544, "log10_lambda": -4.334782651725008, "log10_min_child_weight": 0.9839535514616976, "log10_subsample": -0.21831061710988775, "max_depth": 7.0, "num_boost_round": 6.0}, "datetime": {"datetime": "2024-01-19 00:30:02", "elapsed": 1095.596055, "delta": 0.002047}}
{"target": -17.67715388477255, "params": {"gamma": 440.3773378287535, "log10_alpha": -4.988561894301668, "log10_colsample_bytree": -0.3105821596960554, "log10_eta": -3.465917194250544, "log10_lambda": -4.334782651725008, "log10_min_child_weight": 0.9839535514616976, "log10_subsample": -0.21831061710988775, "max_depth": 7.0, "num_boost_round": 7.0}, "datetime": {"datetime": "2024-01-19 00:30:02", "elapsed": 1095.598052, "delta": 0.001997}}
{"target": -17.677125676543902, "params": {"gamma": 440.3773378287535, "log10_alpha": -4.988561894301668, "log10_colsample_bytree": -0.3105821596960554, "log10_eta": -3.465917194250544, "log10_lambda": -4.334782651725008, "log10_min_child_weight": 0.9839535514616976, "log10_subsample": -0.21831061710988775, "max_depth": 7.0, "num_boost_round": 8.0}, "datetime": {"datetime": "2024-01-19 00:30:02", "elapsed": 1095.600029, "delta": 0.001977}}
{"target": -17.6771111117135, "params": {"gamma": 440.3773378287535, "log10_alpha": -4.988561894301668, "log10_colsample_bytree": -0.3105821596960554, "log10_eta": -3.465917194250544, "log10_lambda": -4.334782651725008, "log10_min_child_weight": 0.9839535514616976, "log10_subsample": -0.21831061710988775, "max_depth": 7.0, "num_boost_round": 9.0}, "datetime": {"datetime": "2024-01-19 00:30:02", "elapsed": 1095.60218, "delta": 0.002151}}
{"target": -17.67709712355839, "params": {"gamma": 440.3773378287535, "log10_alpha": -4.988561894301668, "log10_colsample_bytree": -0.3105821596960554, "log10_eta": -3.465917194250544, "log10_lambda": -4.334782651725008, "log10_min_child_weight": 0.9839535514616976, "log10_subsample": -0.21831061710988775, "max_depth": 7.0, "num_boost_round": 10.0}, "datetime": {"datetime": "2024-01-19 00:30:02", "elapsed": 1095.604328, "delta": 0.002148}}
{"target": -17.677042680869604, "params": {"gamma": 440.3773378287535, "log10_alpha": -4.988561894301668, "log10_colsample_bytree": -0.3105821596960554, "log10_eta": -3.465917194250544, "log10_lambda": -4.334782651725008, "log10_min_child_weight": 0.9839535514616976, "log10_subsample": -0.21831061710988775, "max_depth": 7.0, "num_boost_round": 11.0}, "datetime": {"datetime": "2024-01-19 00:30:02", "elapsed": 1095.606521, "delta": 0.002193}}
{"target": -17.677026598627922, "params": {"gamma": 440.3773378287535, "log10_alpha": -4.988561894301668, "log10_colsample_bytree": -0.3105821596960554, "log10_eta": -3.465917194250544, "log10_lambda": -4.334782651725008, "log10_min_child_weight": 0.9839535514616976, "log10_subsample": -0.21831061710988775, "max_depth": 7.0, "num_boost_round": 12.0}, "datetime": {"datetime": "2024-01-19 00:30:02", "elapsed": 1095.608657, "delta": 0.002136}}
{"target": -17.676997702685103, "params": {"gamma": 440.3773378287535, "log10_alpha": -4.988561894301668, "log10_colsample_bytree": -0.3105821596960554, "log10_eta": -3.465917194250544, "log10_lambda": -4.334782651725008, "log10_min_child_weight": 0.9839535514616976, "log10_subsample": -0.21831061710988775, "max_depth": 7.0, "num_boost_round": 13.0}, "datetime": {"datetime": "2024-01-19 00:30:02", "elapsed": 1095.610687, "delta": 0.00203}}
{"target": -17.67698623721647, "params": {"gamma": 440.3773378287535, "log10_alpha": -4.988561894301668, "log10_colsample_bytree": -0.3105821596960554, "log10_eta": -3.465917194250544, "log10_lambda": -4.334782651725008, "log10_min_child_weight": 0.9839535514616976, "log10_subsample": -0.21831061710988775, "max_depth": 7.0, "num_boost_round": 14.0}, "datetime": {"datetime": "2024-01-19 00:30:02", "elapsed": 1095.612701, "delta": 0.002014}}
{"target": -17.67699268880259, "params": {"gamma": 440.3773378287535, "log10_alpha": -4.988561894301668, "log10_colsample_bytree": -0.3105821596960554, "log10_eta": -3.465917194250544, "log10_lambda": -4.334782651725008, "log10_min_child_weight": 0.9839535514616976, "log10_subsample": -0.21831061710988775, "max_depth": 7.0, "num_boost_round": 15.0}, "datetime": {"datetime": "2024-01-19 00:30:02", "elapsed": 1095.614695, "delta": 0.001994}}
{"target": -17.676975561967947, "params": {"gamma": 440.3773378287535, "log10_alpha": -4.988561894301668, "log10_colsample_bytree": -0.3105821596960554, "log10_eta": -3.465917194250544, "log10_lambda": -4.334782651725008, "log10_min_child_weight": 0.9839535514616976, "log10_subsample": -0.21831061710988775, "max_depth": 7.0, "num_boost_round": 16.0}, "datetime": {"datetime": "2024-01-19 00:30:02", "elapsed": 1095.616712, "delta": 0.002017}}
{"target": -17.676960223653843, "params": {"gamma": 440.3773378287535, "log10_alpha": -4.988561894301668, "log10_colsample_bytree": -0.3105821596960554, "log10_eta": -3.465917194250544, "log10_lambda": -4.334782651725008, "log10_min_child_weight": 0.9839535514616976, "log10_subsample": -0.21831061710988775, "max_depth": 7.0, "num_boost_round": 17.0}, "datetime": {"datetime": "2024-01-19 00:30:02", "elapsed": 1095.618797, "delta": 0.002085}}
{"target": -17.67693154962515, "params": {"gamma": 440.3773378287535, "log10_alpha": -4.988561894301668, "log10_colsample_bytree": -0.3105821596960554, "log10_eta": -3.465917194250544, "log10_lambda": -4.334782651725008, "log10_min_child_weight": 0.9839535514616976, "log10_subsample": -0.21831061710988775, "max_depth": 7.0, "num_boost_round": 18.0}, "datetime": {"datetime": "2024-01-19 00:30:02", "elapsed": 1095.620855, "delta": 0.002058}}
{"target": -17.676929251955865, "params": {"gamma": 440.3773378287535, "log10_alpha": -4.988561894301668, "log10_colsample_bytree": -0.3105821596960554, "log10_eta": -3.465917194250544, "log10_lambda": -4.334782651725008, "log10_min_child_weight": 0.9839535514616976, "log10_subsample": -0.21831061710988775, "max_depth": 7.0, "num_boost_round": 19.0}, "datetime": {"datetime": "2024-01-19 00:30:02", "elapsed": 1095.622941, "delta": 0.002086}}
{"target": -17.67690733741295, "params": {"gamma": 440.3773378287535, "log10_alpha": -4.988561894301668, "log10_colsample_bytree": -0.3105821596960554, "log10_eta": -3.465917194250544, "log10_lambda": -4.334782651725008, "log10_min_child_weight": 0.9839535514616976, "log10_subsample": -0.21831061710988775, "max_depth": 7.0, "num_boost_round": 20.0}, "datetime": {"datetime": "2024-01-19 00:30:02", "elapsed": 1095.625023, "delta": 0.002082}}
{"target": -17.676886808289215, "params": {"gamma": 440.3773378287535, "log10_alpha": -4.988561894301668, "log10_colsample_bytree": -0.3105821596960554, "log10_eta": -3.465917194250544, "log10_lambda": -4.334782651725008, "log10_min_child_weight": 0.9839535514616976, "log10_subsample": -0.21831061710988775, "max_depth": 7.0, "num_boost_round": 21.0}, "datetime": {"datetime": "2024-01-19 00:30:02", "elapsed": 1095.627095, "delta": 0.002072}}
{"target": -17.67686520181978, "params": {"gamma": 440.3773378287535, "log10_alpha": -4.988561894301668, "log10_colsample_bytree": -0.3105821596960554, "log10_eta": -3.465917194250544, "log10_lambda": -4.334782651725008, "log10_min_child_weight": 0.9839535514616976, "log10_subsample": -0.21831061710988775, "max_depth": 7.0, "num_boost_round": 22.0}, "datetime": {"datetime": "2024-01-19 00:30:02", "elapsed": 1095.629183, "delta": 0.002088}}
{"target": -17.676836504872735, "params": {"gamma": 440.3773378287535, "log10_alpha": -4.988561894301668, "log10_colsample_bytree": -0.3105821596960554, "log10_eta": -3.465917194250544, "log10_lambda": -4.334782651725008, "log10_min_child_weight": 0.9839535514616976, "log10_subsample": -0.21831061710988775, "max_depth": 7.0, "num_boost_round": 23.0}, "datetime": {"datetime": "2024-01-19 00:30:02", "elapsed": 1095.631247, "delta": 0.002064}}
{"target": -17.676818232055325, "params": {"gamma": 440.3773378287535, "log10_alpha": -4.988561894301668, "log10_colsample_bytree": -0.3105821596960554, "log10_eta": -3.465917194250544, "log10_lambda": -4.334782651725008, "log10_min_child_weight": 0.9839535514616976, "log10_subsample": -0.21831061710988775, "max_depth": 7.0, "num_boost_round": 24.0}, "datetime": {"datetime": "2024-01-19 00:30:02", "elapsed": 1095.633296, "delta": 0.002049}}
{"target": -17.676803656350515, "params": {"gamma": 440.3773378287535, "log10_alpha": -4.988561894301668, "log10_colsample_bytree": -0.3105821596960554, "log10_eta": -3.465917194250544, "log10_lambda": -4.334782651725008, "log10_min_child_weight": 0.9839535514616976, "log10_subsample": -0.21831061710988775, "max_depth": 7.0, "num_boost_round": 25.0}, "datetime": {"datetime": "2024-01-19 00:30:02", "elapsed": 1095.635373, "delta": 0.002077}}
{"target": -17.676781383812273, "params": {"gamma": 440.3773378287535, "log10_alpha": -4.988561894301668, "log10_colsample_bytree": -0.3105821596960554, "log10_eta": -3.465917194250544, "log10_lambda": -4.334782651725008, "log10_min_child_weight": 0.9839535514616976, "log10_subsample": -0.21831061710988775, "max_depth": 7.0, "num_boost_round": 26.0}, "datetime": {"datetime": "2024-01-19 00:30:02", "elapsed": 1095.637476, "delta": 0.002103}}
{"target": -17.676775396821906, "params": {"gamma": 440.3773378287535, "log10_alpha": -4.988561894301668, "log10_colsample_bytree": -0.3105821596960554, "log10_eta": -3.465917194250544, "log10_lambda": -4.334782651725008, "log10_min_child_weight": 0.9839535514616976, "log10_subsample": -0.21831061710988775, "max_depth": 7.0, "num_boost_round": 27.0}, "datetime": {"datetime": "2024-01-19 00:30:02", "elapsed": 1095.639563, "delta": 0.002087}}
{"target": -17.676773553962505, "params": {"gamma": 440.3773378287535, "log10_alpha": -4.988561894301668, "log10_colsample_bytree": -0.3105821596960554, "log10_eta": -3.465917194250544, "log10_lambda": -4.334782651725008, "log10_min_child_weight": 0.9839535514616976, "log10_subsample": -0.21831061710988775, "max_depth": 7.0, "num_boost_round": 28.0}, "datetime": {"datetime": "2024-01-19 00:30:02", "elapsed": 1095.64164, "delta": 0.002077}}
{"target": -17.67674095577559, "params": {"gamma": 440.3773378287535, "log10_alpha": -4.988561894301668, "log10_colsample_bytree": -0.3105821596960554, "log10_eta": -3.465917194250544, "log10_lambda": -4.334782651725008, "log10_min_child_weight": 0.9839535514616976, "log10_subsample": -0.21831061710988775, "max_depth": 7.0, "num_boost_round": 29.0}, "datetime": {"datetime": "2024-01-19 00:30:02", "elapsed": 1095.6437, "delta": 0.00206}}
{"target": -17.67675356871935, "params": {"gamma": 440.3773378287535, "log10_alpha": -4.988561894301668, "log10_colsample_bytree": -0.3105821596960554, "log10_eta": -3.465917194250544, "log10_lambda": -4.334782651725008, "log10_min_child_weight": 0.9839535514616976, "log10_subsample": -0.21831061710988775, "max_depth": 7.0, "num_boost_round": 30.0}, "datetime": {"datetime": "2024-01-19 00:30:02", "elapsed": 1095.645777, "delta": 0.002077}}
{"target": -17.676726753724417, "params": {"gamma": 440.3773378287535, "log10_alpha": -4.988561894301668, "log10_colsample_bytree": -0.3105821596960554, "log10_eta": -3.465917194250544, "log10_lambda": -4.334782651725008, "log10_min_child_weight": 0.9839535514616976, "log10_subsample": -0.21831061710988775, "max_depth": 7.0, "num_boost_round": 31.0}, "datetime": {"datetime": "2024-01-19 00:30:02", "elapsed": 1095.647837, "delta": 0.00206}}
{"target": -17.676709357318796, "params": {"gamma": 440.3773378287535, "log10_alpha": -4.988561894301668, "log10_colsample_bytree": -0.3105821596960554, "log10_eta": -3.465917194250544, "log10_lambda": -4.334782651725008, "log10_min_child_weight": 0.9839535514616976, "log10_subsample": -0.21831061710988775, "max_depth": 7.0, "num_boost_round": 32.0}, "datetime": {"datetime": "2024-01-19 00:30:03", "elapsed": 1095.649915, "delta": 0.002078}}
{"target": -17.676686796974725, "params": {"gamma": 440.3773378287535, "log10_alpha": -4.988561894301668, "log10_colsample_bytree": -0.3105821596960554, "log10_eta": -3.465917194250544, "log10_lambda": -4.334782651725008, "log10_min_child_weight": 0.9839535514616976, "log10_subsample": -0.21831061710988775, "max_depth": 7.0, "num_boost_round": 33.0}, "datetime": {"datetime": "2024-01-19 00:30:03", "elapsed": 1095.651998, "delta": 0.002083}}
{"target": -17.676669507945043, "params": {"gamma": 440.3773378287535, "log10_alpha": -4.988561894301668, "log10_colsample_bytree": -0.3105821596960554, "log10_eta": -3.465917194250544, "log10_lambda": -4.334782651725008, "log10_min_child_weight": 0.9839535514616976, "log10_subsample": -0.21831061710988775, "max_depth": 7.0, "num_boost_round": 34.0}, "datetime": {"datetime": "2024-01-19 00:30:03", "elapsed": 1095.654071, "delta": 0.002073}}
{"target": -17.676662255500254, "params": {"gamma": 440.3773378287535, "log10_alpha": -4.988561894301668, "log10_colsample_bytree": -0.3105821596960554, "log10_eta": -3.465917194250544, "log10_lambda": -4.334782651725008, "log10_min_child_weight": 0.9839535514616976, "log10_subsample": -0.21831061710988775, "max_depth": 7.0, "num_boost_round": 35.0}, "datetime": {"datetime": "2024-01-19 00:30:03", "elapsed": 1095.656182, "delta": 0.002111}}
{"target": -17.676650815548495, "params": {"gamma": 440.3773378287535, "log10_alpha": -4.988561894301668, "log10_colsample_bytree": -0.3105821596960554, "log10_eta": -3.465917194250544, "log10_lambda": -4.334782651725008, "log10_min_child_weight": 0.9839535514616976, "log10_subsample": -0.21831061710988775, "max_depth": 7.0, "num_boost_round": 36.0}, "datetime": {"datetime": "2024-01-19 00:30:03", "elapsed": 1095.658248, "delta": 0.002066}}
{"target": -17.676653270217233, "params": {"gamma": 440.3773378287535, "log10_alpha": -4.988561894301668, "log10_colsample_bytree": -0.3105821596960554, "log10_eta": -3.465917194250544, "log10_lambda": -4.334782651725008, "log10_min_child_weight": 0.9839535514616976, "log10_subsample": -0.21831061710988775, "max_depth": 7.0, "num_boost_round": 37.0}, "datetime": {"datetime": "2024-01-19 00:30:03", "elapsed": 1095.660326, "delta": 0.002078}}
{"target": -17.67662528966604, "params": {"gamma": 440.3773378287535, "log10_alpha": -4.988561894301668, "log10_colsample_bytree": -0.3105821596960554, "log10_eta": -3.465917194250544, "log10_lambda": -4.334782651725008, "log10_min_child_weight": 0.9839535514616976, "log10_subsample": -0.21831061710988775, "max_depth": 7.0, "num_boost_round": 38.0}, "datetime": {"datetime": "2024-01-19 00:30:03", "elapsed": 1095.662437, "delta": 0.002111}}
{"target": -17.676606336398397, "params": {"gamma": 440.3773378287535, "log10_alpha": -4.988561894301668, "log10_colsample_bytree": -0.3105821596960554, "log10_eta": -3.465917194250544, "log10_lambda": -4.334782651725008, "log10_min_child_weight": 0.9839535514616976, "log10_subsample": -0.21831061710988775, "max_depth": 7.0, "num_boost_round": 39.0}, "datetime": {"datetime": "2024-01-19 00:30:03", "elapsed": 1095.664541, "delta": 0.002104}}
{"target": -17.676596828911286, "params": {"gamma": 440.3773378287535, "log10_alpha": -4.988561894301668, "log10_colsample_bytree": -0.3105821596960554, "log10_eta": -3.465917194250544, "log10_lambda": -4.334782651725008, "log10_min_child_weight": 0.9839535514616976, "log10_subsample": -0.21831061710988775, "max_depth": 7.0, "num_boost_round": 40.0}, "datetime": {"datetime": "2024-01-19 00:30:03", "elapsed": 1095.666628, "delta": 0.002087}}
{"target": -17.67658675112532, "params": {"gamma": 440.3773378287535, "log10_alpha": -4.988561894301668, "log10_colsample_bytree": -0.3105821596960554, "log10_eta": -3.465917194250544, "log10_lambda": -4.334782651725008, "log10_min_child_weight": 0.9839535514616976, "log10_subsample": -0.21831061710988775, "max_depth": 7.0, "num_boost_round": 41.0}, "datetime": {"datetime": "2024-01-19 00:30:03", "elapsed": 1095.668707, "delta": 0.002079}}
{"target": -17.67655765732089, "params": {"gamma": 440.3773378287535, "log10_alpha": -4.988561894301668, "log10_colsample_bytree": -0.3105821596960554, "log10_eta": -3.465917194250544, "log10_lambda": -4.334782651725008, "log10_min_child_weight": 0.9839535514616976, "log10_subsample": -0.21831061710988775, "max_depth": 7.0, "num_boost_round": 42.0}, "datetime": {"datetime": "2024-01-19 00:30:03", "elapsed": 1095.671365, "delta": 0.002658}}
