{"target": -13.758161521533015, "params": {"gamma": 558.294761059627, "log10_alpha": 0.9656138490395545, "log10_colsample_bytree": -0.6087483998929691, "log10_eta": -2.920201443618366, "log10_lambda": -0.3692323010748648, "log10_min_child_weight": 2.333728032071651, "log10_subsample": -0.78590137327586, "max_depth": 5.0, "num_boost_round": 15.0}, "datetime": {"datetime": "2024-01-19 00:27:00", "elapsed": 873.006748, "delta": 0.001517}}
{"target": -13.758112637113163, "params": {"gamma": 558.294761059627, "log10_alpha": 0.9656138490395545, "log10_colsample_bytree": -0.6087483998929691, "log10_eta": -2.920201443618366, "log10_lambda": -0.3692323010748648, "log10_min_child_weight": 2.333728032071651, "log10_subsample": -0.78590137327586, "max_depth": 5.0, "num_boost_round": 16.0}, "datetime": {"datetime": "2024-01-19 00:27:00", "elapsed": 873.008258, "delta": 0.00151}}
{"target": -13.758079294006345, "params": {"gamma": 558.294761059627, "log10_alpha": 0.9656138490395545, "log10_colsample_bytree": -0.6087483998929691, "log10_eta": -2.920201443618366, "log10_lambda": -0.3692323010748648, "log10_min_child_weight": 2.333728032071651, "log10_subsample": -0.78590137327586, "max_depth": 5.0, "num_boost_round": 17.0}, "datetime": {"datetime": "2024-01-19 00:27:00", "elapsed": 873.009784, "delta": 0.001526}}
{"target": -13.758116209034709, "params": {"gamma": 558.294761059627, "log10_alpha": 0.9656138490395545, "log10_colsample_bytree": -0.6087483998929691, "log10_eta": -2.920201443618366, "log10_lambda": -0.3692323010748648, "log10_min_child_weight": 2.333728032071651, "log10_subsample": -0.78590137327586, "max_depth": 5.0, "num_boost_round": 18.0}, "datetime": {"datetime": "2024-01-19 00:27:00", "elapsed": 873.011301, "delta": 0.001517}}
{"target": -13.758097463349944, "params": {"gamma": 558.294761059627, "log10_alpha": 0.9656138490395545, "log10_colsample_bytree": -0.6087483998929691, "log10_eta": -2.920201443618366, "log10_lambda": -0.3692323010748648, "log10_min_child_weight": 2.333728032071651, "log10_subsample": -0.78590137327586, "max_depth": 5.0, "num_boost_round": 19.0}, "datetime": {"datetime": "2024-01-19 00:27:00", "elapsed": 873.012774, "delta": 0.001473}}
{"target": -13.758037242672941, "params": {"gamma": 558.294761059627, "log10_alpha": 0.9656138490395545, "log10_colsample_bytree": -0.6087483998929691, "log10_eta": -2.920201443618366, "log10_lambda": -0.3692323010748648, "log10_min_child_weight": 2.333728032071651, "log10_subsample": -0.78590137327586, "max_depth": 5.0, "num_boost_round": 20.0}, "datetime": {"datetime": "2024-01-19 00:27:00", "elapsed": 873.014387, "delta": 0.001613}}
{"target": -13.758031128580935, "params": {"gamma": 558.294761059627, "log10_alpha": 0.9656138490395545, "log10_colsample_bytree": -0.6087483998929691, "log10_eta": -2.920201443618366, "log10_lambda": -0.3692323010748648, "log10_min_child_weight": 2.333728032071651, "log10_subsample": -0.78590137327586, "max_depth": 5.0, "num_boost_round": 21.0}, "datetime": {"datetime": "2024-01-19 00:27:00", "elapsed": 873.015924, "delta": 0.001537}}
{"target": -13.758038455663117, "params": {"gamma": 558.294761059627, "log10_alpha": 0.9656138490395545, "log10_colsample_bytree": -0.6087483998929691, "log10_eta": -2.920201443618366, "log10_lambda": -0.3692323010748648, "log10_min_child_weight": 2.333728032071651, "log10_subsample": -0.78590137327586, "max_depth": 5.0, "num_boost_round": 22.0}, "datetime": {"datetime": "2024-01-19 00:27:00", "elapsed": 873.017477, "delta": 0.001553}}
{"target": -13.758006698893652, "params": {"gamma": 558.294761059627, "log10_alpha": 0.9656138490395545, "log10_colsample_bytree": -0.6087483998929691, "log10_eta": -2.920201443618366, "log10_lambda": -0.3692323010748648, "log10_min_child_weight": 2.333728032071651, "log10_subsample": -0.78590137327586, "max_depth": 5.0, "num_boost_round": 23.0}, "datetime": {"datetime": "2024-01-19 00:27:00", "elapsed": 873.018975, "delta": 0.001498}}
{"target": -13.758537976436285, "params": {"gamma": 558.2618243303273, "log10_alpha": 1.0, "log10_colsample_bytree": -0.8578173393273039, "log10_eta": -1.099366680809452, "log10_lambda": 1.0, "log10_min_child_weight": 5.0, "log10_subsample": -1.0, "max_depth": 7.0, "num_boost_round": 0.0}, "datetime": {"datetime": "2024-01-19 00:27:23", "elapsed": 896.123875, "delta": 23.1049}}
{"target": -13.758537591164883, "params": {"gamma": 558.2618243303273, "log10_alpha": 1.0, "log10_colsample_bytree": -0.8578173393273039, "log10_eta": -1.099366680809452, "log10_lambda": 1.0, "log10_min_child_weight": 5.0, "log10_subsample": -1.0, "max_depth": 7.0, "num_boost_round": 1.0}, "datetime": {"datetime": "2024-01-19 00:27:23", "elapsed": 896.125712, "delta": 0.001837}}
{"target": -13.758541119471902, "params": {"gamma": 558.2618243303273, "log10_alpha": 1.0, "log10_colsample_bytree": -0.8578173393273039, "log10_eta": -1.099366680809452, "log10_lambda": 1.0, "log10_min_child_weight": 5.0, "log10_subsample": -1.0, "max_depth": 7.0, "num_boost_round": 2.0}, "datetime": {"datetime": "2024-01-19 00:27:23", "elapsed": 896.127878, "delta": 0.002166}}
{"target": -13.758538991984224, "params": {"gamma": 558.2618243303273, "log10_alpha": 1.0, "log10_colsample_bytree": -0.8578173393273039, "log10_eta": -1.099366680809452, "log10_lambda": 1.0, "log10_min_child_weight": 5.0, "log10_subsample": -1.0, "max_depth": 7.0, "num_boost_round": 3.0}, "datetime": {"datetime": "2024-01-19 00:27:23", "elapsed": 896.129951, "delta": 0.002073}}
{"target": -13.758538808559413, "params": {"gamma": 558.2618243303273, "log10_alpha": 1.0, "log10_colsample_bytree": -0.8578173393273039, "log10_eta": -1.099366680809452, "log10_lambda": 1.0, "log10_min_child_weight": 5.0, "log10_subsample": -1.0, "max_depth": 7.0, "num_boost_round": 4.0}, "datetime": {"datetime": "2024-01-19 00:27:23", "elapsed": 896.131561, "delta": 0.00161}}
{"target": -13.758540599890125, "params": {"gamma": 558.2618243303273, "log10_alpha": 1.0, "log10_colsample_bytree": -0.8578173393273039, "log10_eta": -1.099366680809452, "log10_lambda": 1.0, "log10_min_child_weight": 5.0, "log10_subsample": -1.0, "max_depth": 7.0, "num_boost_round": 5.0}, "datetime": {"datetime": "2024-01-19 00:27:23", "elapsed": 896.133401, "delta": 0.00184}}
{"target": -13.758540386989422, "params": {"gamma": 558.2618243303273, "log10_alpha": 1.0, "log10_colsample_bytree": -0.8578173393273039, "log10_eta": -1.099366680809452, "log10_lambda": 1.0, "log10_min_child_weight": 5.0, "log10_subsample": -1.0, "max_depth": 7.0, "num_boost_round": 6.0}, "datetime": {"datetime": "2024-01-19 00:27:23", "elapsed": 896.134967, "delta": 0.001566}}
{"target": -13.758538617122086, "params": {"gamma": 558.2618243303273, "log10_alpha": 1.0, "log10_colsample_bytree": -0.8578173393273039, "log10_eta": -1.099366680809452, "log10_lambda": 1.0, "log10_min_child_weight": 5.0, "log10_subsample": -1.0, "max_depth": 7.0, "num_boost_round": 7.0}, "datetime": {"datetime": "2024-01-19 00:27:23", "elapsed": 896.136537, "delta": 0.00157}}
{"target": -13.758537619563155, "params": {"gamma": 558.2618243303273, "log10_alpha": 1.0, "log10_colsample_bytree": -0.8578173393273039, "log10_eta": -1.099366680809452, "log10_lambda": 1.0, "log10_min_child_weight": 5.0, "log10_subsample": -1.0, "max_depth": 7.0, "num_boost_round": 8.0}, "datetime": {"datetime": "2024-01-19 00:27:23", "elapsed": 896.138086, "delta": 0.001549}}
{"target": -13.758536708155276, "params": {"gamma": 558.2618243303273, "log10_alpha": 1.0, "log10_colsample_bytree": -0.8578173393273039, "log10_eta": -1.099366680809452, "log10_lambda": 1.0, "log10_min_child_weight": 5.0, "log10_subsample": -1.0, "max_depth": 7.0, "num_boost_round": 9.0}, "datetime": {"datetime": "2024-01-19 00:27:23", "elapsed": 896.139665, "delta": 0.001579}}
{"target": -13.758540187810581, "params": {"gamma": 558.2618243303273, "log10_alpha": 1.0, "log10_colsample_bytree": -0.8578173393273039, "log10_eta": -1.099366680809452, "log10_lambda": 1.0, "log10_min_child_weight": 5.0, "log10_subsample": -1.0, "max_depth": 7.0, "num_boost_round": 10.0}, "datetime": {"datetime": "2024-01-19 00:27:23", "elapsed": 896.141203, "delta": 0.001538}}
{"target": -13.75854186498326, "params": {"gamma": 558.2618243303273, "log10_alpha": 1.0, "log10_colsample_bytree": -0.8578173393273039, "log10_eta": -1.099366680809452, "log10_lambda": 1.0, "log10_min_child_weight": 5.0, "log10_subsample": -1.0, "max_depth": 7.0, "num_boost_round": 11.0}, "datetime": {"datetime": "2024-01-19 00:27:23", "elapsed": 896.142742, "delta": 0.001539}}
{"target": -13.758544197234073, "params": {"gamma": 558.2618243303273, "log10_alpha": 1.0, "log10_colsample_bytree": -0.8578173393273039, "log10_eta": -1.099366680809452, "log10_lambda": 1.0, "log10_min_child_weight": 5.0, "log10_subsample": -1.0, "max_depth": 7.0, "num_boost_round": 12.0}, "datetime": {"datetime": "2024-01-19 00:27:23", "elapsed": 896.144271, "delta": 0.001529}}
{"target": -13.758540041513532, "params": {"gamma": 558.2618243303273, "log10_alpha": 1.0, "log10_colsample_bytree": -0.8578173393273039, "log10_eta": -1.099366680809452, "log10_lambda": 1.0, "log10_min_child_weight": 5.0, "log10_subsample": -1.0, "max_depth": 7.0, "num_boost_round": 13.0}, "datetime": {"datetime": "2024-01-19 00:27:23", "elapsed": 896.145839, "delta": 0.001568}}
{"target": -13.758541065644465, "params": {"gamma": 558.2618243303273, "log10_alpha": 1.0, "log10_colsample_bytree": -0.8578173393273039, "log10_eta": -1.099366680809452, "log10_lambda": 1.0, "log10_min_child_weight": 5.0, "log10_subsample": -1.0, "max_depth": 7.0, "num_boost_round": 14.0}, "datetime": {"datetime": "2024-01-19 00:27:23", "elapsed": 896.147399, "delta": 0.00156}}
{"target": -13.75853926931189, "params": {"gamma": 558.2618243303273, "log10_alpha": 1.0, "log10_colsample_bytree": -0.8578173393273039, "log10_eta": -1.099366680809452, "log10_lambda": 1.0, "log10_min_child_weight": 5.0, "log10_subsample": -1.0, "max_depth": 7.0, "num_boost_round": 15.0}, "datetime": {"datetime": "2024-01-19 00:27:23", "elapsed": 896.148961, "delta": 0.001562}}
{"target": -13.758537178553652, "params": {"gamma": 558.2618243303273, "log10_alpha": 1.0, "log10_colsample_bytree": -0.8578173393273039, "log10_eta": -1.099366680809452, "log10_lambda": 1.0, "log10_min_child_weight": 5.0, "log10_subsample": -1.0, "max_depth": 7.0, "num_boost_round": 16.0}, "datetime": {"datetime": "2024-01-19 00:27:23", "elapsed": 896.150527, "delta": 0.001566}}
{"target": -13.758536936587634, "params": {"gamma": 558.2618243303273, "log10_alpha": 1.0, "log10_colsample_bytree": -0.8578173393273039, "log10_eta": -1.099366680809452, "log10_lambda": 1.0, "log10_min_child_weight": 5.0, "log10_subsample": -1.0, "max_depth": 7.0, "num_boost_round": 17.0}, "datetime": {"datetime": "2024-01-19 00:27:23", "elapsed": 896.152079, "delta": 0.001552}}
{"target": -13.75853708155843, "params": {"gamma": 558.2618243303273, "log10_alpha": 1.0, "log10_colsample_bytree": -0.8578173393273039, "log10_eta": -1.099366680809452, "log10_lambda": 1.0, "log10_min_child_weight": 5.0, "log10_subsample": -1.0, "max_depth": 7.0, "num_boost_round": 18.0}, "datetime": {"datetime": "2024-01-19 00:27:23", "elapsed": 896.153804, "delta": 0.001725}}
{"target": -13.75856106891074, "params": {"gamma": 549.8825112153966, "log10_alpha": -2.595840521530194, "log10_colsample_bytree": -0.23512130683867827, "log10_eta": -1.4981677873357118, "log10_lambda": -1.504082700999771, "log10_min_child_weight": 4.612435485613404, "log10_subsample": -0.5977230099096447, "max_depth": 9.0, "num_boost_round": 0.0}, "datetime": {"datetime": "2024-01-19 00:27:58", "elapsed": 931.337448, "delta": 35.183644}}
{"target": -13.758377117511014, "params": {"gamma": 549.8825112153966, "log10_alpha": -2.595840521530194, "log10_colsample_bytree": -0.23512130683867827, "log10_eta": -1.4981677873357118, "log10_lambda": -1.504082700999771, "log10_min_child_weight": 4.612435485613404, "log10_subsample": -0.5977230099096447, "max_depth": 9.0, "num_boost_round": 1.0}, "datetime": {"datetime": "2024-01-19 00:27:58", "elapsed": 931.340066, "delta": 0.002618}}
{"target": -13.758372472279198, "params": {"gamma": 549.8825112153966, "log10_alpha": -2.595840521530194, "log10_colsample_bytree": -0.23512130683867827, "log10_eta": -1.4981677873357118, "log10_lambda": -1.504082700999771, "log10_min_child_weight": 4.612435485613404, "log10_subsample": -0.5977230099096447, "max_depth": 9.0, "num_boost_round": 2.0}, "datetime": {"datetime": "2024-01-19 00:27:58", "elapsed": 931.341846, "delta": 0.00178}}
{"target": -13.758461205976374, "params": {"gamma": 549.8825112153966, "log10_alpha": -2.595840521530194, "log10_colsample_bytree": -0.23512130683867827, "log10_eta": -1.4981677873357118, "log10_lambda": -1.504082700999771, "log10_min_child_weight": 4.612435485613404, "log10_subsample": -0.5977230099096447, "max_depth": 9.0, "num_boost_round": 3.0}, "datetime": {"datetime": "2024-01-19 00:27:58", "elapsed": 931.343406, "delta": 0.00156}}
{"target": -13.75860911653236, "params": {"gamma": 549.8825112153966, "log10_alpha": -2.595840521530194, "log10_colsample_bytree": -0.23512130683867827, "log10_eta": -1.4981677873357118, "log10_lambda": -1.504082700999771, "log10_min_child_weight": 4.612435485613404, "log10_subsample": -0.5977230099096447, "max_depth": 9.0, "num_boost_round": 4.0}, "datetime": {"datetime": "2024-01-19 00:27:58", "elapsed": 931.344942, "delta": 0.001536}}
{"target": -13.758371978332256, "params": {"gamma": 549.8825112153966, "log10_alpha": -2.595840521530194, "log10_colsample_bytree": -0.23512130683867827, "log10_eta": -1.4981677873357118, "log10_lambda": -1.504082700999771, "log10_min_child_weight": 4.612435485613404, "log10_subsample": -0.5977230099096447, "max_depth": 9.0, "num_boost_round": 5.0}, "datetime": {"datetime": "2024-01-19 00:27:58", "elapsed": 931.346503, "delta": 0.001561}}
{"target": -13.758452448718717, "params": {"gamma": 549.8825112153966, "log10_alpha": -2.595840521530194, "log10_colsample_bytree": -0.23512130683867827, "log10_eta": -1.4981677873357118, "log10_lambda": -1.504082700999771, "log10_min_child_weight": 4.612435485613404, "log10_subsample": -0.5977230099096447, "max_depth": 9.0, "num_boost_round": 6.0}, "datetime": {"datetime": "2024-01-19 00:27:58", "elapsed": 931.348023, "delta": 0.00152}}
{"target": -13.758498813514661, "params": {"gamma": 549.8825112153966, "log10_alpha": -2.595840521530194, "log10_colsample_bytree": -0.23512130683867827, "log10_eta": -1.4981677873357118, "log10_lambda": -1.504082700999771, "log10_min_child_weight": 4.612435485613404, "log10_subsample": -0.5977230099096447, "max_depth": 9.0, "num_boost_round": 7.0}, "datetime": {"datetime": "2024-01-19 00:27:58", "elapsed": 931.349571, "delta": 0.001548}}
{"target": -13.758546048272603, "params": {"gamma": 549.8825112153966, "log10_alpha": -2.595840521530194, "log10_colsample_bytree": -0.23512130683867827, "log10_eta": -1.4981677873357118, "log10_lambda": -1.504082700999771, "log10_min_child_weight": 4.612435485613404, "log10_subsample": -0.5977230099096447, "max_depth": 9.0, "num_boost_round": 8.0}, "datetime": {"datetime": "2024-01-19 00:27:58", "elapsed": 931.351089, "delta": 0.001518}}
{"target": -13.758386848999844, "params": {"gamma": 549.8825112153966, "log10_alpha": -2.595840521530194, "log10_colsample_bytree": -0.23512130683867827, "log10_eta": -1.4981677873357118, "log10_lambda": -1.504082700999771, "log10_min_child_weight": 4.612435485613404, "log10_subsample": -0.5977230099096447, "max_depth": 9.0, "num_boost_round": 9.0}, "datetime": {"datetime": "2024-01-19 00:27:58", "elapsed": 931.352812, "delta": 0.001723}}
{"target": -13.758497107097709, "params": {"gamma": 549.8825112153966, "log10_alpha": -2.595840521530194, "log10_colsample_bytree": -0.23512130683867827, "log10_eta": -1.4981677873357118, "log10_lambda": -1.504082700999771, "log10_min_child_weight": 4.612435485613404, "log10_subsample": -0.5977230099096447, "max_depth": 9.0, "num_boost_round": 10.0}, "datetime": {"datetime": "2024-01-19 00:27:58", "elapsed": 931.354356, "delta": 0.001544}}
{"target": -13.758557997780715, "params": {"gamma": 549.8825112153966, "log10_alpha": -2.595840521530194, "log10_colsample_bytree": -0.23512130683867827, "log10_eta": -1.4981677873357118, "log10_lambda": -1.504082700999771, "log10_min_child_weight": 4.612435485613404, "log10_subsample": -0.5977230099096447, "max_depth": 9.0, "num_boost_round": 11.0}, "datetime": {"datetime": "2024-01-19 00:27:58", "elapsed": 931.355897, "delta": 0.001541}}
{"target": -13.758709638311757, "params": {"gamma": 549.8825112153966, "log10_alpha": -2.595840521530194, "log10_colsample_bytree": -0.23512130683867827, "log10_eta": -1.4981677873357118, "log10_lambda": -1.504082700999771, "log10_min_child_weight": 4.612435485613404, "log10_subsample": -0.5977230099096447, "max_depth": 9.0, "num_boost_round": 12.0}, "datetime": {"datetime": "2024-01-19 00:27:58", "elapsed": 931.35741, "delta": 0.001513}}
{"target": -13.758718809659785, "params": {"gamma": 549.8825112153966, "log10_alpha": -2.595840521530194, "log10_colsample_bytree": -0.23512130683867827, "log10_eta": -1.4981677873357118, "log10_lambda": -1.504082700999771, "log10_min_child_weight": 4.612435485613404, "log10_subsample": -0.5977230099096447, "max_depth": 9.0, "num_boost_round": 13.0}, "datetime": {"datetime": "2024-01-19 00:27:58", "elapsed": 931.358941, "delta": 0.001531}}
{"target": -13.75889061703963, "params": {"gamma": 549.8825112153966, "log10_alpha": -2.595840521530194, "log10_colsample_bytree": -0.23512130683867827, "log10_eta": -1.4981677873357118, "log10_lambda": -1.504082700999771, "log10_min_child_weight": 4.612435485613404, "log10_subsample": -0.5977230099096447, "max_depth": 9.0, "num_boost_round": 14.0}, "datetime": {"datetime": "2024-01-19 00:27:58", "elapsed": 931.360477, "delta": 0.001536}}
{"target": -13.758838684508696, "params": {"gamma": 549.8825112153966, "log10_alpha": -2.595840521530194, "log10_colsample_bytree": -0.23512130683867827, "log10_eta": -1.4981677873357118, "log10_lambda": -1.504082700999771, "log10_min_child_weight": 4.612435485613404, "log10_subsample": -0.5977230099096447, "max_depth": 9.0, "num_boost_round": 15.0}, "datetime": {"datetime": "2024-01-19 00:27:58", "elapsed": 931.362, "delta": 0.001523}}
{"target": -13.758844959993208, "params": {"gamma": 549.8825112153966, "log10_alpha": -2.595840521530194, "log10_colsample_bytree": -0.23512130683867827, "log10_eta": -1.4981677873357118, "log10_lambda": -1.504082700999771, "log10_min_child_weight": 4.612435485613404, "log10_subsample": -0.5977230099096447, "max_depth": 9.0, "num_boost_round": 16.0}, "datetime": {"datetime": "2024-01-19 00:27:58", "elapsed": 931.363521, "delta": 0.001521}}
{"target": -13.758875588158205, "params": {"gamma": 549.8825112153966, "log10_alpha": -2.595840521530194, "log10_colsample_bytree": -0.23512130683867827, "log10_eta": -1.4981677873357118, "log10_lambda": -1.504082700999771, "log10_min_child_weight": 4.612435485613404, "log10_subsample": -0.5977230099096447, "max_depth": 9.0, "num_boost_round": 17.0}, "datetime": {"datetime": "2024-01-19 00:27:58", "elapsed": 931.365048, "delta": 0.001527}}
{"target": -13.759218438409626, "params": {"gamma": 549.8825112153966, "log10_alpha": -2.595840521530194, "log10_colsample_bytree": -0.23512130683867827, "log10_eta": -1.4981677873357118, "log10_lambda": -1.504082700999771, "log10_min_child_weight": 4.612435485613404, "log10_subsample": -0.5977230099096447, "max_depth": 9.0, "num_boost_round": 18.0}, "datetime": {"datetime": "2024-01-19 00:27:58", "elapsed": 931.366588, "delta": 0.00154}}
{"target": -13.759062886025479, "params": {"gamma": 549.8825112153966, "log10_alpha": -2.595840521530194, "log10_colsample_bytree": -0.23512130683867827, "log10_eta": -1.4981677873357118, "log10_lambda": -1.504082700999771, "log10_min_child_weight": 4.612435485613404, "log10_subsample": -0.5977230099096447, "max_depth": 9.0, "num_boost_round": 19.0}, "datetime": {"datetime": "2024-01-19 00:27:58", "elapsed": 931.368118, "delta": 0.00153}}
{"target": -13.759042011723535, "params": {"gamma": 549.8825112153966, "log10_alpha": -2.595840521530194, "log10_colsample_bytree": -0.23512130683867827, "log10_eta": -1.4981677873357118, "log10_lambda": -1.504082700999771, "log10_min_child_weight": 4.612435485613404, "log10_subsample": -0.5977230099096447, "max_depth": 9.0, "num_boost_round": 20.0}, "datetime": {"datetime": "2024-01-19 00:27:58", "elapsed": 931.369642, "delta": 0.001524}}
{"target": -13.759257485296356, "params": {"gamma": 549.8825112153966, "log10_alpha": -2.595840521530194, "log10_colsample_bytree": -0.23512130683867827, "log10_eta": -1.4981677873357118, "log10_lambda": -1.504082700999771, "log10_min_child_weight": 4.612435485613404, "log10_subsample": -0.5977230099096447, "max_depth": 9.0, "num_boost_round": 21.0}, "datetime": {"datetime": "2024-01-19 00:27:58", "elapsed": 931.371173, "delta": 0.001531}}
{"target": -13.759370102099902, "params": {"gamma": 549.8825112153966, "log10_alpha": -2.595840521530194, "log10_colsample_bytree": -0.23512130683867827, "log10_eta": -1.4981677873357118, "log10_lambda": -1.504082700999771, "log10_min_child_weight": 4.612435485613404, "log10_subsample": -0.5977230099096447, "max_depth": 9.0, "num_boost_round": 22.0}, "datetime": {"datetime": "2024-01-19 00:27:58", "elapsed": 931.372702, "delta": 0.001529}}
{"target": -13.759324789198969, "params": {"gamma": 549.8825112153966, "log10_alpha": -2.595840521530194, "log10_colsample_bytree": -0.23512130683867827, "log10_eta": -1.4981677873357118, "log10_lambda": -1.504082700999771, "log10_min_child_weight": 4.612435485613404, "log10_subsample": -0.5977230099096447, "max_depth": 9.0, "num_boost_round": 23.0}, "datetime": {"datetime": "2024-01-19 00:27:58", "elapsed": 931.374475, "delta": 0.001773}}
