{"target": -17.677163720274283, "params": {"gamma": 557.1611472693335, "log10_alpha": 0.4317534215209493, "log10_colsample_bytree": -0.34770473266824475, "log10_eta": -3.6853896179770578, "log10_lambda": -3.712272524155564, "log10_min_child_weight": 3.1296370189294387, "log10_subsample": -0.21343459956068989, "max_depth": 2.0, "num_boost_round": 17.0}, "datetime": {"datetime": "2024-01-19 00:33:46", "elapsed": 1323.924665, "delta": 0.001845}}
{"target": -17.677160395494717, "params": {"gamma": 557.1611472693335, "log10_alpha": 0.4317534215209493, "log10_colsample_bytree": -0.34770473266824475, "log10_eta": -3.6853896179770578, "log10_lambda": -3.712272524155564, "log10_min_child_weight": 3.1296370189294387, "log10_subsample": -0.21343459956068989, "max_depth": 2.0, "num_boost_round": 18.0}, "datetime": {"datetime": "2024-01-19 00:33:46", "elapsed": 1323.926526, "delta": 0.001861}}
{"target": -17.677159551486472, "params": {"gamma": 557.1611472693335, "log10_alpha": 0.4317534215209493, "log10_colsample_bytree": -0.34770473266824475, "log10_eta": -3.6853896179770578, "log10_lambda": -3.712272524155564, "log10_min_child_weight": 3.1296370189294387, "log10_subsample": -0.21343459956068989, "max_depth": 2.0, "num_boost_round": 19.0}, "datetime": {"datetime": "2024-01-19 00:33:46", "elapsed": 1323.928397, "delta": 0.001871}}
{"target": -17.677153773840114, "params": {"gamma": 557.1611472693335, "log10_alpha": 0.4317534215209493, "log10_colsample_bytree": -0.34770473266824475, "log10_eta": -3.6853896179770578, "log10_lambda": -3.712272524155564, "log10_min_child_weight": 3.1296370189294387, "log10_subsample": -0.21343459956068989, "max_depth": 2.0, "num_boost_round": 20.0}, "datetime": {"datetime": "2024-01-19 00:33:46", "elapsed": 1323.930415, "delta": 0.002018}}
{"target": -17.677146435143563, "params": {"gamma": 557.1611472693335, "log10_alpha": 0.4317534215209493, "log10_colsample_bytree": -0.34770473266824475, "log10_eta": -3.6853896179770578, "log10_lambda": -3.712272524155564, "log10_min_child_weight": 3.1296370189294387, "log10_subsample": -0.21343459956068989, "max_depth": 2.0, "num_boost_round": 21.0}, "datetime": {"datetime": "2024-01-19 00:33:46", "elapsed": 1323.932404, "delta": 0.001989}}
{"target": -17.677142484276544, "params": {"gamma": 557.1611472693335, "log10_alpha": 0.4317534215209493, "log10_colsample_bytree": -0.34770473266824475, "log10_eta": -3.6853896179770578, "log10_lambda": -3.712272524155564, "log10_min_child_weight": 3.1296370189294387, "log10_subsample": -0.21343459956068989, "max_depth": 2.0, "num_boost_round": 22.0}, "datetime": {"datetime": "2024-01-19 00:33:46", "elapsed": 1323.934357, "delta": 0.001953}}
{"target": -17.677138011256186, "params": {"gamma": 557.1611472693335, "log10_alpha": 0.4317534215209493, "log10_colsample_bytree": -0.34770473266824475, "log10_eta": -3.6853896179770578, "log10_lambda": -3.712272524155564, "log10_min_child_weight": 3.1296370189294387, "log10_subsample": -0.21343459956068989, "max_depth": 2.0, "num_boost_round": 23.0}, "datetime": {"datetime": "2024-01-19 00:33:46", "elapsed": 1323.936338, "delta": 0.001981}}
{"target": -17.67713401985421, "params": {"gamma": 557.1611472693335, "log10_alpha": 0.4317534215209493, "log10_colsample_bytree": -0.34770473266824475, "log10_eta": -3.6853896179770578, "log10_lambda": -3.712272524155564, "log10_min_child_weight": 3.1296370189294387, "log10_subsample": -0.21343459956068989, "max_depth": 2.0, "num_boost_round": 24.0}, "datetime": {"datetime": "2024-01-19 00:33:46", "elapsed": 1323.938209, "delta": 0.001871}}
{"target": -17.67717798866832, "params": {"gamma": 591.1674292965309, "log10_alpha": 0.20240719681059183, "log10_colsample_bytree": -0.4678275559284525, "log10_eta": -2.7145579087182865, "log10_lambda": -1.9028694450542725, "log10_min_child_weight": 4.423854924303205, "log10_subsample": -0.0012321413034439566, "max_depth": 4.0, "num_boost_round": 0.0}, "datetime": {"datetime": "2024-01-19 00:34:10", "elapsed": 1347.407258, "delta": 23.469049}}
{"target": -17.677173470346023, "params": {"gamma": 591.1674292965309, "log10_alpha": 0.20240719681059183, "log10_colsample_bytree": -0.4678275559284525, "log10_eta": -2.7145579087182865, "log10_lambda": -1.9028694450542725, "log10_min_child_weight": 4.423854924303205, "log10_subsample": -0.0012321413034439566, "max_depth": 4.0, "num_boost_round": 1.0}, "datetime": {"datetime": "2024-01-19 00:34:10", "elapsed": 1347.409469, "delta": 0.002211}}
{"target": -17.677169175824446, "params": {"gamma": 591.1674292965309, "log10_alpha": 0.20240719681059183, "log10_colsample_bytree": -0.4678275559284525, "log10_eta": -2.7145579087182865, "log10_lambda": -1.9028694450542725, "log10_min_child_weight": 4.423854924303205, "log10_subsample": -0.0012321413034439566, "max_depth": 4.0, "num_boost_round": 2.0}, "datetime": {"datetime": "2024-01-19 00:34:10", "elapsed": 1347.496883, "delta": 0.087414}}
{"target": -17.677161355537717, "params": {"gamma": 591.1674292965309, "log10_alpha": 0.20240719681059183, "log10_colsample_bytree": -0.4678275559284525, "log10_eta": -2.7145579087182865, "log10_lambda": -1.9028694450542725, "log10_min_child_weight": 4.423854924303205, "log10_subsample": -0.0012321413034439566, "max_depth": 4.0, "num_boost_round": 3.0}, "datetime": {"datetime": "2024-01-19 00:34:10", "elapsed": 1347.499255, "delta": 0.002372}}
{"target": -17.677174143881107, "params": {"gamma": 591.1674292965309, "log10_alpha": 0.20240719681059183, "log10_colsample_bytree": -0.4678275559284525, "log10_eta": -2.7145579087182865, "log10_lambda": -1.9028694450542725, "log10_min_child_weight": 4.423854924303205, "log10_subsample": -0.0012321413034439566, "max_depth": 4.0, "num_boost_round": 4.0}, "datetime": {"datetime": "2024-01-19 00:34:10", "elapsed": 1347.501491, "delta": 0.002236}}
{"target": -17.67715978878734, "params": {"gamma": 591.1674292965309, "log10_alpha": 0.20240719681059183, "log10_colsample_bytree": -0.4678275559284525, "log10_eta": -2.7145579087182865, "log10_lambda": -1.9028694450542725, "log10_min_child_weight": 4.423854924303205, "log10_subsample": -0.0012321413034439566, "max_depth": 4.0, "num_boost_round": 5.0}, "datetime": {"datetime": "2024-01-19 00:34:10", "elapsed": 1347.503472, "delta": 0.001981}}
{"target": -17.677170395243166, "params": {"gamma": 591.1674292965309, "log10_alpha": 0.20240719681059183, "log10_colsample_bytree": -0.4678275559284525, "log10_eta": -2.7145579087182865, "log10_lambda": -1.9028694450542725, "log10_min_child_weight": 4.423854924303205, "log10_subsample": -0.0012321413034439566, "max_depth": 4.0, "num_boost_round": 6.0}, "datetime": {"datetime": "2024-01-19 00:34:10", "elapsed": 1347.505492, "delta": 0.00202}}
{"target": -17.677197520117314, "params": {"gamma": 591.1674292965309, "log10_alpha": 0.20240719681059183, "log10_colsample_bytree": -0.4678275559284525, "log10_eta": -2.7145579087182865, "log10_lambda": -1.9028694450542725, "log10_min_child_weight": 4.423854924303205, "log10_subsample": -0.0012321413034439566, "max_depth": 4.0, "num_boost_round": 7.0}, "datetime": {"datetime": "2024-01-19 00:34:10", "elapsed": 1347.50748, "delta": 0.001988}}
{"target": -17.677207187227108, "params": {"gamma": 591.1674292965309, "log10_alpha": 0.20240719681059183, "log10_colsample_bytree": -0.4678275559284525, "log10_eta": -2.7145579087182865, "log10_lambda": -1.9028694450542725, "log10_min_child_weight": 4.423854924303205, "log10_subsample": -0.0012321413034439566, "max_depth": 4.0, "num_boost_round": 8.0}, "datetime": {"datetime": "2024-01-19 00:34:10", "elapsed": 1347.509561, "delta": 0.002081}}
{"target": -17.67719311336507, "params": {"gamma": 591.1674292965309, "log10_alpha": 0.20240719681059183, "log10_colsample_bytree": -0.4678275559284525, "log10_eta": -2.7145579087182865, "log10_lambda": -1.9028694450542725, "log10_min_child_weight": 4.423854924303205, "log10_subsample": -0.0012321413034439566, "max_depth": 4.0, "num_boost_round": 9.0}, "datetime": {"datetime": "2024-01-19 00:34:10", "elapsed": 1347.511552, "delta": 0.001991}}
{"target": -17.6771642074197, "params": {"gamma": 591.1674292965309, "log10_alpha": 0.20240719681059183, "log10_colsample_bytree": -0.4678275559284525, "log10_eta": -2.7145579087182865, "log10_lambda": -1.9028694450542725, "log10_min_child_weight": 4.423854924303205, "log10_subsample": -0.0012321413034439566, "max_depth": 4.0, "num_boost_round": 10.0}, "datetime": {"datetime": "2024-01-19 00:34:10", "elapsed": 1347.513592, "delta": 0.00204}}
{"target": -17.67710778715927, "params": {"gamma": 591.1674292965309, "log10_alpha": 0.20240719681059183, "log10_colsample_bytree": -0.4678275559284525, "log10_eta": -2.7145579087182865, "log10_lambda": -1.9028694450542725, "log10_min_child_weight": 4.423854924303205, "log10_subsample": -0.0012321413034439566, "max_depth": 4.0, "num_boost_round": 11.0}, "datetime": {"datetime": "2024-01-19 00:34:10", "elapsed": 1347.515584, "delta": 0.001992}}
{"target": -17.67458358506969, "params": {"gamma": 591.5260358699519, "log10_alpha": -3.68323249320692, "log10_colsample_bytree": -0.5228133544833258, "log10_eta": -0.9910367920062981, "log10_lambda": -2.8576080926193512, "log10_min_child_weight": 3.8629760351813354, "log10_subsample": -0.4883889982423588, "max_depth": 9.0, "num_boost_round": 0.0}, "datetime": {"datetime": "2024-01-19 00:34:35", "elapsed": 1373.259564, "delta": 25.74398}}
{"target": -17.672344300116787, "params": {"gamma": 591.5260358699519, "log10_alpha": -3.68323249320692, "log10_colsample_bytree": -0.5228133544833258, "log10_eta": -0.9910367920062981, "log10_lambda": -2.8576080926193512, "log10_min_child_weight": 3.8629760351813354, "log10_subsample": -0.4883889982423588, "max_depth": 9.0, "num_boost_round": 1.0}, "datetime": {"datetime": "2024-01-19 00:34:35", "elapsed": 1373.261674, "delta": 0.00211}}
{"target": -17.67664505562685, "params": {"gamma": 591.5260358699519, "log10_alpha": -3.68323249320692, "log10_colsample_bytree": -0.5228133544833258, "log10_eta": -0.9910367920062981, "log10_lambda": -2.8576080926193512, "log10_min_child_weight": 3.8629760351813354, "log10_subsample": -0.4883889982423588, "max_depth": 9.0, "num_boost_round": 2.0}, "datetime": {"datetime": "2024-01-19 00:34:35", "elapsed": 1373.263662, "delta": 0.001988}}
{"target": -17.67747773962179, "params": {"gamma": 591.5260358699519, "log10_alpha": -3.68323249320692, "log10_colsample_bytree": -0.5228133544833258, "log10_eta": -0.9910367920062981, "log10_lambda": -2.8576080926193512, "log10_min_child_weight": 3.8629760351813354, "log10_subsample": -0.4883889982423588, "max_depth": 9.0, "num_boost_round": 3.0}, "datetime": {"datetime": "2024-01-19 00:34:35", "elapsed": 1373.266493, "delta": 0.002831}}
{"target": -17.677024993993452, "params": {"gamma": 591.5260358699519, "log10_alpha": -3.68323249320692, "log10_colsample_bytree": -0.5228133544833258, "log10_eta": -0.9910367920062981, "log10_lambda": -2.8576080926193512, "log10_min_child_weight": 3.8629760351813354, "log10_subsample": -0.4883889982423588, "max_depth": 9.0, "num_boost_round": 4.0}, "datetime": {"datetime": "2024-01-19 00:34:35", "elapsed": 1373.268652, "delta": 0.002159}}
{"target": -17.678263559512956, "params": {"gamma": 591.5260358699519, "log10_alpha": -3.68323249320692, "log10_colsample_bytree": -0.5228133544833258, "log10_eta": -0.9910367920062981, "log10_lambda": -2.8576080926193512, "log10_min_child_weight": 3.8629760351813354, "log10_subsample": -0.4883889982423588, "max_depth": 9.0, "num_boost_round": 5.0}, "datetime": {"datetime": "2024-01-19 00:34:35", "elapsed": 1373.270676, "delta": 0.002024}}
{"target": -17.68246182943358, "params": {"gamma": 591.5260358699519, "log10_alpha": -3.68323249320692, "log10_colsample_bytree": -0.5228133544833258, "log10_eta": -0.9910367920062981, "log10_lambda": -2.8576080926193512, "log10_min_child_weight": 3.8629760351813354, "log10_subsample": -0.4883889982423588, "max_depth": 9.0, "num_boost_round": 6.0}, "datetime": {"datetime": "2024-01-19 00:34:35", "elapsed": 1373.272689, "delta": 0.002013}}
{"target": -17.685208929254255, "params": {"gamma": 591.5260358699519, "log10_alpha": -3.68323249320692, "log10_colsample_bytree": -0.5228133544833258, "log10_eta": -0.9910367920062981, "log10_lambda": -2.8576080926193512, "log10_min_child_weight": 3.8629760351813354, "log10_subsample": -0.4883889982423588, "max_depth": 9.0, "num_boost_round": 7.0}, "datetime": {"datetime": "2024-01-19 00:34:35", "elapsed": 1373.27469, "delta": 0.002001}}
{"target": -17.68733905048484, "params": {"gamma": 591.5260358699519, "log10_alpha": -3.68323249320692, "log10_colsample_bytree": -0.5228133544833258, "log10_eta": -0.9910367920062981, "log10_lambda": -2.8576080926193512, "log10_min_child_weight": 3.8629760351813354, "log10_subsample": -0.4883889982423588, "max_depth": 9.0, "num_boost_round": 8.0}, "datetime": {"datetime": "2024-01-19 00:34:35", "elapsed": 1373.27711, "delta": 0.00242}}
{"target": -17.688411194241624, "params": {"gamma": 591.5260358699519, "log10_alpha": -3.68323249320692, "log10_colsample_bytree": -0.5228133544833258, "log10_eta": -0.9910367920062981, "log10_lambda": -2.8576080926193512, "log10_min_child_weight": 3.8629760351813354, "log10_subsample": -0.4883889982423588, "max_depth": 9.0, "num_boost_round": 9.0}, "datetime": {"datetime": "2024-01-19 00:34:35", "elapsed": 1373.279084, "delta": 0.001974}}
{"target": -17.69060991545929, "params": {"gamma": 591.5260358699519, "log10_alpha": -3.68323249320692, "log10_colsample_bytree": -0.5228133544833258, "log10_eta": -0.9910367920062981, "log10_lambda": -2.8576080926193512, "log10_min_child_weight": 3.8629760351813354, "log10_subsample": -0.4883889982423588, "max_depth": 9.0, "num_boost_round": 10.0}, "datetime": {"datetime": "2024-01-19 00:34:35", "elapsed": 1373.281163, "delta": 0.002079}}
{"target": -17.67722969909649, "params": {"gamma": 549.6469906812617, "log10_alpha": -5.0, "log10_colsample_bytree": -1.0, "log10_eta": -4.0, "log10_lambda": -5.0, "log10_min_child_weight": 0.0, "log10_subsample": 0.0, "max_depth": 2.0, "num_boost_round": 0.0}, "datetime": {"datetime": "2024-01-19 00:35:02", "elapsed": 1399.731245, "delta": 26.450082}}
{"target": -17.677225458674176, "params": {"gamma": 549.6469906812617, "log10_alpha": -5.0, "log10_colsample_bytree": -1.0, "log10_eta": -4.0, "log10_lambda": -5.0, "log10_min_child_weight": 0.0, "log10_subsample": 0.0, "max_depth": 2.0, "num_boost_round": 1.0}, "datetime": {"datetime": "2024-01-19 00:35:02", "elapsed": 1399.73381, "delta": 0.002565}}
{"target": -17.677224800147748, "params": {"gamma": 549.6469906812617, "log10_alpha": -5.0, "log10_colsample_bytree": -1.0, "log10_eta": -4.0, "log10_lambda": -5.0, "log10_min_child_weight": 0.0, "log10_subsample": 0.0, "max_depth": 2.0, "num_boost_round": 2.0}, "datetime": {"datetime": "2024-01-19 00:35:02", "elapsed": 1399.736049, "delta": 0.002239}}
{"target": -17.677223768194732, "params": {"gamma": 549.6469906812617, "log10_alpha": -5.0, "log10_colsample_bytree": -1.0, "log10_eta": -4.0, "log10_lambda": -5.0, "log10_min_child_weight": 0.0, "log10_subsample": 0.0, "max_depth": 2.0, "num_boost_round": 3.0}, "datetime": {"datetime": "2024-01-19 00:35:02", "elapsed": 1399.738018, "delta": 0.001969}}
{"target": -17.677222133907094, "params": {"gamma": 549.6469906812617, "log10_alpha": -5.0, "log10_colsample_bytree": -1.0, "log10_eta": -4.0, "log10_lambda": -5.0, "log10_min_child_weight": 0.0, "log10_subsample": 0.0, "max_depth": 2.0, "num_boost_round": 4.0}, "datetime": {"datetime": "2024-01-19 00:35:02", "elapsed": 1399.740068, "delta": 0.00205}}
{"target": -17.677221611537274, "params": {"gamma": 549.6469906812617, "log10_alpha": -5.0, "log10_colsample_bytree": -1.0, "log10_eta": -4.0, "log10_lambda": -5.0, "log10_min_child_weight": 0.0, "log10_subsample": 0.0, "max_depth": 2.0, "num_boost_round": 5.0}, "datetime": {"datetime": "2024-01-19 00:35:02", "elapsed": 1399.742047, "delta": 0.001979}}
{"target": -17.67721977304133, "params": {"gamma": 549.6469906812617, "log10_alpha": -5.0, "log10_colsample_bytree": -1.0, "log10_eta": -4.0, "log10_lambda": -5.0, "log10_min_child_weight": 0.0, "log10_subsample": 0.0, "max_depth": 2.0, "num_boost_round": 6.0}, "datetime": {"datetime": "2024-01-19 00:35:02", "elapsed": 1399.744015, "delta": 0.001968}}
{"target": -17.677217354699543, "params": {"gamma": 549.6469906812617, "log10_alpha": -5.0, "log10_colsample_bytree": -1.0, "log10_eta": -4.0, "log10_lambda": -5.0, "log10_min_child_weight": 0.0, "log10_subsample": 0.0, "max_depth": 2.0, "num_boost_round": 7.0}, "datetime": {"datetime": "2024-01-19 00:35:02", "elapsed": 1399.745963, "delta": 0.001948}}
{"target": -17.67721812270741, "params": {"gamma": 549.6469906812617, "log10_alpha": -5.0, "log10_colsample_bytree": -1.0, "log10_eta": -4.0, "log10_lambda": -5.0, "log10_min_child_weight": 0.0, "log10_subsample": 0.0, "max_depth": 2.0, "num_boost_round": 8.0}, "datetime": {"datetime": "2024-01-19 00:35:02", "elapsed": 1399.747914, "delta": 0.001951}}
{"target": -17.67721650803537, "params": {"gamma": 549.6469906812617, "log10_alpha": -5.0, "log10_colsample_bytree": -1.0, "log10_eta": -4.0, "log10_lambda": -5.0, "log10_min_child_weight": 0.0, "log10_subsample": 0.0, "max_depth": 2.0, "num_boost_round": 9.0}, "datetime": {"datetime": "2024-01-19 00:35:02", "elapsed": 1399.749868, "delta": 0.001954}}
{"target": -17.677214130743707, "params": {"gamma": 549.6469906812617, "log10_alpha": -5.0, "log10_colsample_bytree": -1.0, "log10_eta": -4.0, "log10_lambda": -5.0, "log10_min_child_weight": 0.0, "log10_subsample": 0.0, "max_depth": 2.0, "num_boost_round": 10.0}, "datetime": {"datetime": "2024-01-19 00:35:02", "elapsed": 1399.751925, "delta": 0.002057}}
{"target": -17.677211812697475, "params": {"gamma": 549.6469906812617, "log10_alpha": -5.0, "log10_colsample_bytree": -1.0, "log10_eta": -4.0, "log10_lambda": -5.0, "log10_min_child_weight": 0.0, "log10_subsample": 0.0, "max_depth": 2.0, "num_boost_round": 11.0}, "datetime": {"datetime": "2024-01-19 00:35:02", "elapsed": 1399.753947, "delta": 0.002022}}
{"target": -17.677210950495567, "params": {"gamma": 549.6469906812617, "log10_alpha": -5.0, "log10_colsample_bytree": -1.0, "log10_eta": -4.0, "log10_lambda": -5.0, "log10_min_child_weight": 0.0, "log10_subsample": 0.0, "max_depth": 2.0, "num_boost_round": 12.0}, "datetime": {"datetime": "2024-01-19 00:35:02", "elapsed": 1399.755881, "delta": 0.001934}}
{"target": -17.677210186001794, "params": {"gamma": 549.6469906812617, "log10_alpha": -5.0, "log10_colsample_bytree": -1.0, "log10_eta": -4.0, "log10_lambda": -5.0, "log10_min_child_weight": 0.0, "log10_subsample": 0.0, "max_depth": 2.0, "num_boost_round": 13.0}, "datetime": {"datetime": "2024-01-19 00:35:02", "elapsed": 1399.757815, "delta": 0.001934}}
{"target": -17.677209048481778, "params": {"gamma": 549.6469906812617, "log10_alpha": -5.0, "log10_colsample_bytree": -1.0, "log10_eta": -4.0, "log10_lambda": -5.0, "log10_min_child_weight": 0.0, "log10_subsample": 0.0, "max_depth": 2.0, "num_boost_round": 14.0}, "datetime": {"datetime": "2024-01-19 00:35:02", "elapsed": 1399.75977, "delta": 0.001955}}
{"target": -17.67720619513819, "params": {"gamma": 549.6469906812617, "log10_alpha": -5.0, "log10_colsample_bytree": -1.0, "log10_eta": -4.0, "log10_lambda": -5.0, "log10_min_child_weight": 0.0, "log10_subsample": 0.0, "max_depth": 2.0, "num_boost_round": 15.0}, "datetime": {"datetime": "2024-01-19 00:35:02", "elapsed": 1399.76176, "delta": 0.00199}}
{"target": -17.677204751965814, "params": {"gamma": 549.6469906812617, "log10_alpha": -5.0, "log10_colsample_bytree": -1.0, "log10_eta": -4.0, "log10_lambda": -5.0, "log10_min_child_weight": 0.0, "log10_subsample": 0.0, "max_depth": 2.0, "num_boost_round": 16.0}, "datetime": {"datetime": "2024-01-19 00:35:02", "elapsed": 1399.763695, "delta": 0.001935}}
{"target": -17.677201749540767, "params": {"gamma": 549.6469906812617, "log10_alpha": -5.0, "log10_colsample_bytree": -1.0, "log10_eta": -4.0, "log10_lambda": -5.0, "log10_min_child_weight": 0.0, "log10_subsample": 0.0, "max_depth": 2.0, "num_boost_round": 17.0}, "datetime": {"datetime": "2024-01-19 00:35:02", "elapsed": 1399.765632, "delta": 0.001937}}
{"target": -17.677200047665906, "params": {"gamma": 549.6469906812617, "log10_alpha": -5.0, "log10_colsample_bytree": -1.0, "log10_eta": -4.0, "log10_lambda": -5.0, "log10_min_child_weight": 0.0, "log10_subsample": 0.0, "max_depth": 2.0, "num_boost_round": 18.0}, "datetime": {"datetime": "2024-01-19 00:35:02", "elapsed": 1399.767582, "delta": 0.00195}}
{"target": -17.677199439683385, "params": {"gamma": 549.6469906812617, "log10_alpha": -5.0, "log10_colsample_bytree": -1.0, "log10_eta": -4.0, "log10_lambda": -5.0, "log10_min_child_weight": 0.0, "log10_subsample": 0.0, "max_depth": 2.0, "num_boost_round": 19.0}, "datetime": {"datetime": "2024-01-19 00:35:02", "elapsed": 1399.769604, "delta": 0.002022}}
{"target": -17.6771986976909, "params": {"gamma": 549.6469906812617, "log10_alpha": -5.0, "log10_colsample_bytree": -1.0, "log10_eta": -4.0, "log10_lambda": -5.0, "log10_min_child_weight": 0.0, "log10_subsample": 0.0, "max_depth": 2.0, "num_boost_round": 20.0}, "datetime": {"datetime": "2024-01-19 00:35:02", "elapsed": 1399.771541, "delta": 0.001937}}
{"target": -17.677195465324797, "params": {"gamma": 549.6469906812617, "log10_alpha": -5.0, "log10_colsample_bytree": -1.0, "log10_eta": -4.0, "log10_lambda": -5.0, "log10_min_child_weight": 0.0, "log10_subsample": 0.0, "max_depth": 2.0, "num_boost_round": 21.0}, "datetime": {"datetime": "2024-01-19 00:35:02", "elapsed": 1399.773536, "delta": 0.001995}}
{"target": -17.677193706093945, "params": {"gamma": 549.6469906812617, "log10_alpha": -5.0, "log10_colsample_bytree": -1.0, "log10_eta": -4.0, "log10_lambda": -5.0, "log10_min_child_weight": 0.0, "log10_subsample": 0.0, "max_depth": 2.0, "num_boost_round": 22.0}, "datetime": {"datetime": "2024-01-19 00:35:02", "elapsed": 1399.775504, "delta": 0.001968}}
