{"target": -17.673786483417633, "params": {"gamma": 530.1378012592975, "log10_alpha": -0.1339913383017688, "log10_colsample_bytree": -0.06224979471165859, "log10_eta": -1.4360278267580284, "log10_lambda": -1.7923671012448068, "log10_min_child_weight": 0.8689135188388153, "log10_subsample": -0.374715233125424, "max_depth": 6.0, "num_boost_round": 3.0}, "datetime": {"datetime": "2024-01-19 00:18:06", "elapsed": 383.849677, "delta": 0.000603}}
{"target": -17.6724203310434, "params": {"gamma": 530.1378012592975, "log10_alpha": -0.1339913383017688, "log10_colsample_bytree": -0.06224979471165859, "log10_eta": -1.4360278267580284, "log10_lambda": -1.7923671012448068, "log10_min_child_weight": 0.8689135188388153, "log10_subsample": -0.374715233125424, "max_depth": 6.0, "num_boost_round": 4.0}, "datetime": {"datetime": "2024-01-19 00:18:06", "elapsed": 383.850273, "delta": 0.000596}}
{"target": -17.672439507278618, "params": {"gamma": 530.1378012592975, "log10_alpha": -0.1339913383017688, "log10_colsample_bytree": -0.06224979471165859, "log10_eta": -1.4360278267580284, "log10_lambda": -1.7923671012448068, "log10_min_child_weight": 0.8689135188388153, "log10_subsample": -0.374715233125424, "max_depth": 6.0, "num_boost_round": 5.0}, "datetime": {"datetime": "2024-01-19 00:18:06", "elapsed": 383.854443, "delta": 0.00417}}
{"target": -17.673963399379915, "params": {"gamma": 530.1378012592975, "log10_alpha": -0.1339913383017688, "log10_colsample_bytree": -0.06224979471165859, "log10_eta": -1.4360278267580284, "log10_lambda": -1.7923671012448068, "log10_min_child_weight": 0.8689135188388153, "log10_subsample": -0.374715233125424, "max_depth": 6.0, "num_boost_round": 6.0}, "datetime": {"datetime": "2024-01-19 00:18:06", "elapsed": 383.855044, "delta": 0.000601}}
{"target": -17.675806024204686, "params": {"gamma": 530.1378012592975, "log10_alpha": -0.1339913383017688, "log10_colsample_bytree": -0.06224979471165859, "log10_eta": -1.4360278267580284, "log10_lambda": -1.7923671012448068, "log10_min_child_weight": 0.8689135188388153, "log10_subsample": -0.374715233125424, "max_depth": 6.0, "num_boost_round": 7.0}, "datetime": {"datetime": "2024-01-19 00:18:06", "elapsed": 383.855625, "delta": 0.000581}}
{"target": -17.67907648982122, "params": {"gamma": 530.1378012592975, "log10_alpha": -0.1339913383017688, "log10_colsample_bytree": -0.06224979471165859, "log10_eta": -1.4360278267580284, "log10_lambda": -1.7923671012448068, "log10_min_child_weight": 0.8689135188388153, "log10_subsample": -0.374715233125424, "max_depth": 6.0, "num_boost_round": 8.0}, "datetime": {"datetime": "2024-01-19 00:18:06", "elapsed": 383.856251, "delta": 0.000626}}
{"target": -17.68052347331178, "params": {"gamma": 530.1378012592975, "log10_alpha": -0.1339913383017688, "log10_colsample_bytree": -0.06224979471165859, "log10_eta": -1.4360278267580284, "log10_lambda": -1.7923671012448068, "log10_min_child_weight": 0.8689135188388153, "log10_subsample": -0.374715233125424, "max_depth": 6.0, "num_boost_round": 9.0}, "datetime": {"datetime": "2024-01-19 00:18:06", "elapsed": 383.856843, "delta": 0.000592}}
{"target": -17.6771587429765, "params": {"gamma": 534.3070100475622, "log10_alpha": -1.0265074383643618, "log10_colsample_bytree": -0.2346974637628787, "log10_eta": -2.3261954355828767, "log10_lambda": -3.378534824865193, "log10_min_child_weight": 3.963372646728642, "log10_subsample": -0.7776284496861049, "max_depth": 5.0, "num_boost_round": 0.0}, "datetime": {"datetime": "2024-01-19 00:18:26", "elapsed": 404.04235, "delta": 20.185507}}
{"target": -17.677062355795012, "params": {"gamma": 534.3070100475622, "log10_alpha": -1.0265074383643618, "log10_colsample_bytree": -0.2346974637628787, "log10_eta": -2.3261954355828767, "log10_lambda": -3.378534824865193, "log10_min_child_weight": 3.963372646728642, "log10_subsample": -0.7776284496861049, "max_depth": 5.0, "num_boost_round": 1.0}, "datetime": {"datetime": "2024-01-19 00:18:26", "elapsed": 404.043145, "delta": 0.000795}}
{"target": -17.677131704219978, "params": {"gamma": 534.3070100475622, "log10_alpha": -1.0265074383643618, "log10_colsample_bytree": -0.2346974637628787, "log10_eta": -2.3261954355828767, "log10_lambda": -3.378534824865193, "log10_min_child_weight": 3.963372646728642, "log10_subsample": -0.7776284496861049, "max_depth": 5.0, "num_boost_round": 2.0}, "datetime": {"datetime": "2024-01-19 00:18:26", "elapsed": 404.04373, "delta": 0.000585}}
{"target": -17.677148113390885, "params": {"gamma": 534.3070100475622, "log10_alpha": -1.0265074383643618, "log10_colsample_bytree": -0.2346974637628787, "log10_eta": -2.3261954355828767, "log10_lambda": -3.378534824865193, "log10_min_child_weight": 3.963372646728642, "log10_subsample": -0.7776284496861049, "max_depth": 5.0, "num_boost_round": 3.0}, "datetime": {"datetime": "2024-01-19 00:18:26", "elapsed": 404.044743, "delta": 0.001013}}
{"target": -17.677169233599454, "params": {"gamma": 534.3070100475622, "log10_alpha": -1.0265074383643618, "log10_colsample_bytree": -0.2346974637628787, "log10_eta": -2.3261954355828767, "log10_lambda": -3.378534824865193, "log10_min_child_weight": 3.963372646728642, "log10_subsample": -0.7776284496861049, "max_depth": 5.0, "num_boost_round": 4.0}, "datetime": {"datetime": "2024-01-19 00:18:26", "elapsed": 404.045567, "delta": 0.000824}}
{"target": -17.677145959938375, "params": {"gamma": 534.3070100475622, "log10_alpha": -1.0265074383643618, "log10_colsample_bytree": -0.2346974637628787, "log10_eta": -2.3261954355828767, "log10_lambda": -3.378534824865193, "log10_min_child_weight": 3.963372646728642, "log10_subsample": -0.7776284496861049, "max_depth": 5.0, "num_boost_round": 5.0}, "datetime": {"datetime": "2024-01-19 00:18:26", "elapsed": 404.046171, "delta": 0.000604}}
{"target": -17.67716821888471, "params": {"gamma": 534.3070100475622, "log10_alpha": -1.0265074383643618, "log10_colsample_bytree": -0.2346974637628787, "log10_eta": -2.3261954355828767, "log10_lambda": -3.378534824865193, "log10_min_child_weight": 3.963372646728642, "log10_subsample": -0.7776284496861049, "max_depth": 5.0, "num_boost_round": 6.0}, "datetime": {"datetime": "2024-01-19 00:18:26", "elapsed": 404.046775, "delta": 0.000604}}
{"target": -17.677238701173597, "params": {"gamma": 534.3070100475622, "log10_alpha": -1.0265074383643618, "log10_colsample_bytree": -0.2346974637628787, "log10_eta": -2.3261954355828767, "log10_lambda": -3.378534824865193, "log10_min_child_weight": 3.963372646728642, "log10_subsample": -0.7776284496861049, "max_depth": 5.0, "num_boost_round": 7.0}, "datetime": {"datetime": "2024-01-19 00:18:26", "elapsed": 404.047377, "delta": 0.000602}}
{"target": -17.67723129155679, "params": {"gamma": 534.3070100475622, "log10_alpha": -1.0265074383643618, "log10_colsample_bytree": -0.2346974637628787, "log10_eta": -2.3261954355828767, "log10_lambda": -3.378534824865193, "log10_min_child_weight": 3.963372646728642, "log10_subsample": -0.7776284496861049, "max_depth": 5.0, "num_boost_round": 8.0}, "datetime": {"datetime": "2024-01-19 00:18:26", "elapsed": 404.048107, "delta": 0.00073}}
{"target": -17.677209628213664, "params": {"gamma": 534.3070100475622, "log10_alpha": -1.0265074383643618, "log10_colsample_bytree": -0.2346974637628787, "log10_eta": -2.3261954355828767, "log10_lambda": -3.378534824865193, "log10_min_child_weight": 3.963372646728642, "log10_subsample": -0.7776284496861049, "max_depth": 5.0, "num_boost_round": 9.0}, "datetime": {"datetime": "2024-01-19 00:18:26", "elapsed": 404.048704, "delta": 0.000597}}
{"target": -17.67706363819296, "params": {"gamma": 534.3070100475622, "log10_alpha": -1.0265074383643618, "log10_colsample_bytree": -0.2346974637628787, "log10_eta": -2.3261954355828767, "log10_lambda": -3.378534824865193, "log10_min_child_weight": 3.963372646728642, "log10_subsample": -0.7776284496861049, "max_depth": 5.0, "num_boost_round": 10.0}, "datetime": {"datetime": "2024-01-19 00:18:26", "elapsed": 404.049416, "delta": 0.000712}}
{"target": -17.676988077568033, "params": {"gamma": 534.3070100475622, "log10_alpha": -1.0265074383643618, "log10_colsample_bytree": -0.2346974637628787, "log10_eta": -2.3261954355828767, "log10_lambda": -3.378534824865193, "log10_min_child_weight": 3.963372646728642, "log10_subsample": -0.7776284496861049, "max_depth": 5.0, "num_boost_round": 11.0}, "datetime": {"datetime": "2024-01-19 00:18:26", "elapsed": 404.050029, "delta": 0.000613}}
{"target": -17.677026046675238, "params": {"gamma": 534.3070100475622, "log10_alpha": -1.0265074383643618, "log10_colsample_bytree": -0.2346974637628787, "log10_eta": -2.3261954355828767, "log10_lambda": -3.378534824865193, "log10_min_child_weight": 3.963372646728642, "log10_subsample": -0.7776284496861049, "max_depth": 5.0, "num_boost_round": 12.0}, "datetime": {"datetime": "2024-01-19 00:18:26", "elapsed": 404.050634, "delta": 0.000605}}
{"target": -17.67700089126973, "params": {"gamma": 534.3070100475622, "log10_alpha": -1.0265074383643618, "log10_colsample_bytree": -0.2346974637628787, "log10_eta": -2.3261954355828767, "log10_lambda": -3.378534824865193, "log10_min_child_weight": 3.963372646728642, "log10_subsample": -0.7776284496861049, "max_depth": 5.0, "num_boost_round": 13.0}, "datetime": {"datetime": "2024-01-19 00:18:26", "elapsed": 404.051241, "delta": 0.000607}}
{"target": -17.67721823399984, "params": {"gamma": 544.1248760657836, "log10_alpha": -3.9732211326834195, "log10_colsample_bytree": -0.5701460115620826, "log10_eta": -3.3101542185820696, "log10_lambda": -3.6538436664879206, "log10_min_child_weight": 0.27203910200372106, "log10_subsample": -0.09179881262789613, "max_depth": 2.0, "num_boost_round": 0.0}, "datetime": {"datetime": "2024-01-19 00:18:51", "elapsed": 428.819111, "delta": 24.76787}}
{"target": -17.677206429785496, "params": {"gamma": 544.1248760657836, "log10_alpha": -3.9732211326834195, "log10_colsample_bytree": -0.5701460115620826, "log10_eta": -3.3101542185820696, "log10_lambda": -3.6538436664879206, "log10_min_child_weight": 0.27203910200372106, "log10_subsample": -0.09179881262789613, "max_depth": 2.0, "num_boost_round": 1.0}, "datetime": {"datetime": "2024-01-19 00:18:51", "elapsed": 428.820258, "delta": 0.001147}}
{"target": -17.67719190752417, "params": {"gamma": 544.1248760657836, "log10_alpha": -3.9732211326834195, "log10_colsample_bytree": -0.5701460115620826, "log10_eta": -3.3101542185820696, "log10_lambda": -3.6538436664879206, "log10_min_child_weight": 0.27203910200372106, "log10_subsample": -0.09179881262789613, "max_depth": 2.0, "num_boost_round": 2.0}, "datetime": {"datetime": "2024-01-19 00:18:51", "elapsed": 428.820935, "delta": 0.000677}}
{"target": -17.67718804588179, "params": {"gamma": 544.1248760657836, "log10_alpha": -3.9732211326834195, "log10_colsample_bytree": -0.5701460115620826, "log10_eta": -3.3101542185820696, "log10_lambda": -3.6538436664879206, "log10_min_child_weight": 0.27203910200372106, "log10_subsample": -0.09179881262789613, "max_depth": 2.0, "num_boost_round": 3.0}, "datetime": {"datetime": "2024-01-19 00:18:51", "elapsed": 428.821556, "delta": 0.000621}}
{"target": -17.677180065600822, "params": {"gamma": 544.1248760657836, "log10_alpha": -3.9732211326834195, "log10_colsample_bytree": -0.5701460115620826, "log10_eta": -3.3101542185820696, "log10_lambda": -3.6538436664879206, "log10_min_child_weight": 0.27203910200372106, "log10_subsample": -0.09179881262789613, "max_depth": 2.0, "num_boost_round": 4.0}, "datetime": {"datetime": "2024-01-19 00:18:51", "elapsed": 428.822302, "delta": 0.000746}}
{"target": -17.677170279360908, "params": {"gamma": 544.1248760657836, "log10_alpha": -3.9732211326834195, "log10_colsample_bytree": -0.5701460115620826, "log10_eta": -3.3101542185820696, "log10_lambda": -3.6538436664879206, "log10_min_child_weight": 0.27203910200372106, "log10_subsample": -0.09179881262789613, "max_depth": 2.0, "num_boost_round": 5.0}, "datetime": {"datetime": "2024-01-19 00:18:51", "elapsed": 428.822929, "delta": 0.000627}}
{"target": -17.677156530774006, "params": {"gamma": 544.1248760657836, "log10_alpha": -3.9732211326834195, "log10_colsample_bytree": -0.5701460115620826, "log10_eta": -3.3101542185820696, "log10_lambda": -3.6538436664879206, "log10_min_child_weight": 0.27203910200372106, "log10_subsample": -0.09179881262789613, "max_depth": 2.0, "num_boost_round": 6.0}, "datetime": {"datetime": "2024-01-19 00:18:51", "elapsed": 428.823545, "delta": 0.000616}}
{"target": -17.67714625658746, "params": {"gamma": 544.1248760657836, "log10_alpha": -3.9732211326834195, "log10_colsample_bytree": -0.5701460115620826, "log10_eta": -3.3101542185820696, "log10_lambda": -3.6538436664879206, "log10_min_child_weight": 0.27203910200372106, "log10_subsample": -0.09179881262789613, "max_depth": 2.0, "num_boost_round": 7.0}, "datetime": {"datetime": "2024-01-19 00:18:51", "elapsed": 428.824162, "delta": 0.000617}}
{"target": -17.677134943307973, "params": {"gamma": 544.1248760657836, "log10_alpha": -3.9732211326834195, "log10_colsample_bytree": -0.5701460115620826, "log10_eta": -3.3101542185820696, "log10_lambda": -3.6538436664879206, "log10_min_child_weight": 0.27203910200372106, "log10_subsample": -0.09179881262789613, "max_depth": 2.0, "num_boost_round": 8.0}, "datetime": {"datetime": "2024-01-19 00:18:51", "elapsed": 428.82478, "delta": 0.000618}}
{"target": -17.677117004169773, "params": {"gamma": 544.1248760657836, "log10_alpha": -3.9732211326834195, "log10_colsample_bytree": -0.5701460115620826, "log10_eta": -3.3101542185820696, "log10_lambda": -3.6538436664879206, "log10_min_child_weight": 0.27203910200372106, "log10_subsample": -0.09179881262789613, "max_depth": 2.0, "num_boost_round": 9.0}, "datetime": {"datetime": "2024-01-19 00:18:51", "elapsed": 428.8254, "delta": 0.00062}}
{"target": -17.67710970530602, "params": {"gamma": 544.1248760657836, "log10_alpha": -3.9732211326834195, "log10_colsample_bytree": -0.5701460115620826, "log10_eta": -3.3101542185820696, "log10_lambda": -3.6538436664879206, "log10_min_child_weight": 0.27203910200372106, "log10_subsample": -0.09179881262789613, "max_depth": 2.0, "num_boost_round": 10.0}, "datetime": {"datetime": "2024-01-19 00:18:51", "elapsed": 428.826024, "delta": 0.000624}}
{"target": -17.67709673358332, "params": {"gamma": 544.1248760657836, "log10_alpha": -3.9732211326834195, "log10_colsample_bytree": -0.5701460115620826, "log10_eta": -3.3101542185820696, "log10_lambda": -3.6538436664879206, "log10_min_child_weight": 0.27203910200372106, "log10_subsample": -0.09179881262789613, "max_depth": 2.0, "num_boost_round": 11.0}, "datetime": {"datetime": "2024-01-19 00:18:51", "elapsed": 428.826675, "delta": 0.000651}}
{"target": -17.67708509178345, "params": {"gamma": 544.1248760657836, "log10_alpha": -3.9732211326834195, "log10_colsample_bytree": -0.5701460115620826, "log10_eta": -3.3101542185820696, "log10_lambda": -3.6538436664879206, "log10_min_child_weight": 0.27203910200372106, "log10_subsample": -0.09179881262789613, "max_depth": 2.0, "num_boost_round": 12.0}, "datetime": {"datetime": "2024-01-19 00:18:51", "elapsed": 428.827301, "delta": 0.000626}}
{"target": -17.67706917097532, "params": {"gamma": 544.1248760657836, "log10_alpha": -3.9732211326834195, "log10_colsample_bytree": -0.5701460115620826, "log10_eta": -3.3101542185820696, "log10_lambda": -3.6538436664879206, "log10_min_child_weight": 0.27203910200372106, "log10_subsample": -0.09179881262789613, "max_depth": 2.0, "num_boost_round": 13.0}, "datetime": {"datetime": "2024-01-19 00:18:51", "elapsed": 428.828247, "delta": 0.000946}}
{"target": -17.677066636312553, "params": {"gamma": 544.1248760657836, "log10_alpha": -3.9732211326834195, "log10_colsample_bytree": -0.5701460115620826, "log10_eta": -3.3101542185820696, "log10_lambda": -3.6538436664879206, "log10_min_child_weight": 0.27203910200372106, "log10_subsample": -0.09179881262789613, "max_depth": 2.0, "num_boost_round": 14.0}, "datetime": {"datetime": "2024-01-19 00:18:51", "elapsed": 428.829299, "delta": 0.001052}}
{"target": -17.677050965973436, "params": {"gamma": 544.1248760657836, "log10_alpha": -3.9732211326834195, "log10_colsample_bytree": -0.5701460115620826, "log10_eta": -3.3101542185820696, "log10_lambda": -3.6538436664879206, "log10_min_child_weight": 0.27203910200372106, "log10_subsample": -0.09179881262789613, "max_depth": 2.0, "num_boost_round": 15.0}, "datetime": {"datetime": "2024-01-19 00:18:51", "elapsed": 428.830091, "delta": 0.000792}}
{"target": -17.677036582383952, "params": {"gamma": 544.1248760657836, "log10_alpha": -3.9732211326834195, "log10_colsample_bytree": -0.5701460115620826, "log10_eta": -3.3101542185820696, "log10_lambda": -3.6538436664879206, "log10_min_child_weight": 0.27203910200372106, "log10_subsample": -0.09179881262789613, "max_depth": 2.0, "num_boost_round": 16.0}, "datetime": {"datetime": "2024-01-19 00:18:51", "elapsed": 428.830852, "delta": 0.000761}}
{"target": -17.67702971183157, "params": {"gamma": 544.1248760657836, "log10_alpha": -3.9732211326834195, "log10_colsample_bytree": -0.5701460115620826, "log10_eta": -3.3101542185820696, "log10_lambda": -3.6538436664879206, "log10_min_child_weight": 0.27203910200372106, "log10_subsample": -0.09179881262789613, "max_depth": 2.0, "num_boost_round": 17.0}, "datetime": {"datetime": "2024-01-19 00:18:51", "elapsed": 428.831842, "delta": 0.00099}}
{"target": -17.677020308098022, "params": {"gamma": 544.1248760657836, "log10_alpha": -3.9732211326834195, "log10_colsample_bytree": -0.5701460115620826, "log10_eta": -3.3101542185820696, "log10_lambda": -3.6538436664879206, "log10_min_child_weight": 0.27203910200372106, "log10_subsample": -0.09179881262789613, "max_depth": 2.0, "num_boost_round": 18.0}, "datetime": {"datetime": "2024-01-19 00:18:51", "elapsed": 428.833096, "delta": 0.001254}}
{"target": -17.67701150648458, "params": {"gamma": 544.1248760657836, "log10_alpha": -3.9732211326834195, "log10_colsample_bytree": -0.5701460115620826, "log10_eta": -3.3101542185820696, "log10_lambda": -3.6538436664879206, "log10_min_child_weight": 0.27203910200372106, "log10_subsample": -0.09179881262789613, "max_depth": 2.0, "num_boost_round": 19.0}, "datetime": {"datetime": "2024-01-19 00:18:51", "elapsed": 428.833825, "delta": 0.000729}}
{"target": -17.676998205763546, "params": {"gamma": 544.1248760657836, "log10_alpha": -3.9732211326834195, "log10_colsample_bytree": -0.5701460115620826, "log10_eta": -3.3101542185820696, "log10_lambda": -3.6538436664879206, "log10_min_child_weight": 0.27203910200372106, "log10_subsample": -0.09179881262789613, "max_depth": 2.0, "num_boost_round": 20.0}, "datetime": {"datetime": "2024-01-19 00:18:51", "elapsed": 428.834575, "delta": 0.00075}}
{"target": -17.67698196501192, "params": {"gamma": 544.1248760657836, "log10_alpha": -3.9732211326834195, "log10_colsample_bytree": -0.5701460115620826, "log10_eta": -3.3101542185820696, "log10_lambda": -3.6538436664879206, "log10_min_child_weight": 0.27203910200372106, "log10_subsample": -0.09179881262789613, "max_depth": 2.0, "num_boost_round": 21.0}, "datetime": {"datetime": "2024-01-19 00:18:51", "elapsed": 428.835324, "delta": 0.000749}}
{"target": -17.676973614173438, "params": {"gamma": 544.1248760657836, "log10_alpha": -3.9732211326834195, "log10_colsample_bytree": -0.5701460115620826, "log10_eta": -3.3101542185820696, "log10_lambda": -3.6538436664879206, "log10_min_child_weight": 0.27203910200372106, "log10_subsample": -0.09179881262789613, "max_depth": 2.0, "num_boost_round": 22.0}, "datetime": {"datetime": "2024-01-19 00:18:51", "elapsed": 428.836048, "delta": 0.000724}}
{"target": -17.676961021341086, "params": {"gamma": 544.1248760657836, "log10_alpha": -3.9732211326834195, "log10_colsample_bytree": -0.5701460115620826, "log10_eta": -3.3101542185820696, "log10_lambda": -3.6538436664879206, "log10_min_child_weight": 0.27203910200372106, "log10_subsample": -0.09179881262789613, "max_depth": 2.0, "num_boost_round": 23.0}, "datetime": {"datetime": "2024-01-19 00:18:51", "elapsed": 428.836715, "delta": 0.000667}}
{"target": -17.676960185903866, "params": {"gamma": 544.1248760657836, "log10_alpha": -3.9732211326834195, "log10_colsample_bytree": -0.5701460115620826, "log10_eta": -3.3101542185820696, "log10_lambda": -3.6538436664879206, "log10_min_child_weight": 0.27203910200372106, "log10_subsample": -0.09179881262789613, "max_depth": 2.0, "num_boost_round": 24.0}, "datetime": {"datetime": "2024-01-19 00:18:51", "elapsed": 428.837371, "delta": 0.000656}}
{"target": -17.676945195882777, "params": {"gamma": 544.1248760657836, "log10_alpha": -3.9732211326834195, "log10_colsample_bytree": -0.5701460115620826, "log10_eta": -3.3101542185820696, "log10_lambda": -3.6538436664879206, "log10_min_child_weight": 0.27203910200372106, "log10_subsample": -0.09179881262789613, "max_depth": 2.0, "num_boost_round": 25.0}, "datetime": {"datetime": "2024-01-19 00:18:51", "elapsed": 428.838006, "delta": 0.000635}}
{"target": -17.676939660513643, "params": {"gamma": 544.1248760657836, "log10_alpha": -3.9732211326834195, "log10_colsample_bytree": -0.5701460115620826, "log10_eta": -3.3101542185820696, "log10_lambda": -3.6538436664879206, "log10_min_child_weight": 0.27203910200372106, "log10_subsample": -0.09179881262789613, "max_depth": 2.0, "num_boost_round": 26.0}, "datetime": {"datetime": "2024-01-19 00:18:51", "elapsed": 428.838726, "delta": 0.00072}}
{"target": -17.676930332966016, "params": {"gamma": 544.1248760657836, "log10_alpha": -3.9732211326834195, "log10_colsample_bytree": -0.5701460115620826, "log10_eta": -3.3101542185820696, "log10_lambda": -3.6538436664879206, "log10_min_child_weight": 0.27203910200372106, "log10_subsample": -0.09179881262789613, "max_depth": 2.0, "num_boost_round": 27.0}, "datetime": {"datetime": "2024-01-19 00:18:51", "elapsed": 428.83944, "delta": 0.000714}}
