{"target": -17.674981051293386, "params": {"gamma": 414.3846823674564, "log10_alpha": 0.3112158984662834, "log10_colsample_bytree": -0.5628300295670953, "log10_eta": -2.9445284514620482, "log10_lambda": -3.0471911011713804, "log10_min_child_weight": 0.044999754557620286, "log10_subsample": -0.35225023974891745, "max_depth": 9.0, "num_boost_round": 40.0}, "datetime": {"datetime": "2024-01-19 01:11:28", "elapsed": 3578.478826, "delta": 0.004357}}
{"target": -17.675021271119615, "params": {"gamma": 414.3846823674564, "log10_alpha": 0.3112158984662834, "log10_colsample_bytree": -0.5628300295670953, "log10_eta": -2.9445284514620482, "log10_lambda": -3.0471911011713804, "log10_min_child_weight": 0.044999754557620286, "log10_subsample": -0.35225023974891745, "max_depth": 9.0, "num_boost_round": 41.0}, "datetime": {"datetime": "2024-01-19 01:11:28", "elapsed": 3578.483052, "delta": 0.004226}}
{"target": -17.674927172514423, "params": {"gamma": 414.3846823674564, "log10_alpha": 0.3112158984662834, "log10_colsample_bytree": -0.5628300295670953, "log10_eta": -2.9445284514620482, "log10_lambda": -3.0471911011713804, "log10_min_child_weight": 0.044999754557620286, "log10_subsample": -0.35225023974891745, "max_depth": 9.0, "num_boost_round": 42.0}, "datetime": {"datetime": "2024-01-19 01:11:28", "elapsed": 3578.487281, "delta": 0.004229}}
{"target": -17.67494938200424, "params": {"gamma": 414.3846823674564, "log10_alpha": 0.3112158984662834, "log10_colsample_bytree": -0.5628300295670953, "log10_eta": -2.9445284514620482, "log10_lambda": -3.0471911011713804, "log10_min_child_weight": 0.044999754557620286, "log10_subsample": -0.35225023974891745, "max_depth": 9.0, "num_boost_round": 43.0}, "datetime": {"datetime": "2024-01-19 01:11:28", "elapsed": 3578.491623, "delta": 0.004342}}
{"target": -17.6749291275254, "params": {"gamma": 414.3846823674564, "log10_alpha": 0.3112158984662834, "log10_colsample_bytree": -0.5628300295670953, "log10_eta": -2.9445284514620482, "log10_lambda": -3.0471911011713804, "log10_min_child_weight": 0.044999754557620286, "log10_subsample": -0.35225023974891745, "max_depth": 9.0, "num_boost_round": 44.0}, "datetime": {"datetime": "2024-01-19 01:11:28", "elapsed": 3578.499886, "delta": 0.008263}}
{"target": -17.674774313699075, "params": {"gamma": 414.3846823674564, "log10_alpha": 0.3112158984662834, "log10_colsample_bytree": -0.5628300295670953, "log10_eta": -2.9445284514620482, "log10_lambda": -3.0471911011713804, "log10_min_child_weight": 0.044999754557620286, "log10_subsample": -0.35225023974891745, "max_depth": 9.0, "num_boost_round": 45.0}, "datetime": {"datetime": "2024-01-19 01:11:28", "elapsed": 3578.504201, "delta": 0.004315}}
{"target": -17.67475336759834, "params": {"gamma": 414.3846823674564, "log10_alpha": 0.3112158984662834, "log10_colsample_bytree": -0.5628300295670953, "log10_eta": -2.9445284514620482, "log10_lambda": -3.0471911011713804, "log10_min_child_weight": 0.044999754557620286, "log10_subsample": -0.35225023974891745, "max_depth": 9.0, "num_boost_round": 46.0}, "datetime": {"datetime": "2024-01-19 01:11:28", "elapsed": 3578.508579, "delta": 0.004378}}
{"target": -17.674784203704625, "params": {"gamma": 414.3846823674564, "log10_alpha": 0.3112158984662834, "log10_colsample_bytree": -0.5628300295670953, "log10_eta": -2.9445284514620482, "log10_lambda": -3.0471911011713804, "log10_min_child_weight": 0.044999754557620286, "log10_subsample": -0.35225023974891745, "max_depth": 9.0, "num_boost_round": 47.0}, "datetime": {"datetime": "2024-01-19 01:11:28", "elapsed": 3578.512792, "delta": 0.004213}}
{"target": -17.674733959400527, "params": {"gamma": 414.3846823674564, "log10_alpha": 0.3112158984662834, "log10_colsample_bytree": -0.5628300295670953, "log10_eta": -2.9445284514620482, "log10_lambda": -3.0471911011713804, "log10_min_child_weight": 0.044999754557620286, "log10_subsample": -0.35225023974891745, "max_depth": 9.0, "num_boost_round": 48.0}, "datetime": {"datetime": "2024-01-19 01:11:28", "elapsed": 3578.517001, "delta": 0.004209}}
{"target": -17.674763421399536, "params": {"gamma": 414.3846823674564, "log10_alpha": 0.3112158984662834, "log10_colsample_bytree": -0.5628300295670953, "log10_eta": -2.9445284514620482, "log10_lambda": -3.0471911011713804, "log10_min_child_weight": 0.044999754557620286, "log10_subsample": -0.35225023974891745, "max_depth": 9.0, "num_boost_round": 49.0}, "datetime": {"datetime": "2024-01-19 01:11:28", "elapsed": 3578.521315, "delta": 0.004314}}
{"target": -17.674679332514238, "params": {"gamma": 414.3846823674564, "log10_alpha": 0.3112158984662834, "log10_colsample_bytree": -0.5628300295670953, "log10_eta": -2.9445284514620482, "log10_lambda": -3.0471911011713804, "log10_min_child_weight": 0.044999754557620286, "log10_subsample": -0.35225023974891745, "max_depth": 9.0, "num_boost_round": 50.0}, "datetime": {"datetime": "2024-01-19 01:11:28", "elapsed": 3578.525524, "delta": 0.004209}}
{"target": -17.67465092030704, "params": {"gamma": 414.3846823674564, "log10_alpha": 0.3112158984662834, "log10_colsample_bytree": -0.5628300295670953, "log10_eta": -2.9445284514620482, "log10_lambda": -3.0471911011713804, "log10_min_child_weight": 0.044999754557620286, "log10_subsample": -0.35225023974891745, "max_depth": 9.0, "num_boost_round": 51.0}, "datetime": {"datetime": "2024-01-19 01:11:28", "elapsed": 3578.529715, "delta": 0.004191}}
{"target": -17.674510220732394, "params": {"gamma": 414.3846823674564, "log10_alpha": 0.3112158984662834, "log10_colsample_bytree": -0.5628300295670953, "log10_eta": -2.9445284514620482, "log10_lambda": -3.0471911011713804, "log10_min_child_weight": 0.044999754557620286, "log10_subsample": -0.35225023974891745, "max_depth": 9.0, "num_boost_round": 52.0}, "datetime": {"datetime": "2024-01-19 01:11:28", "elapsed": 3578.534046, "delta": 0.004331}}
{"target": -17.674407006598006, "params": {"gamma": 414.3846823674564, "log10_alpha": 0.3112158984662834, "log10_colsample_bytree": -0.5628300295670953, "log10_eta": -2.9445284514620482, "log10_lambda": -3.0471911011713804, "log10_min_child_weight": 0.044999754557620286, "log10_subsample": -0.35225023974891745, "max_depth": 9.0, "num_boost_round": 53.0}, "datetime": {"datetime": "2024-01-19 01:11:28", "elapsed": 3578.538219, "delta": 0.004173}}
{"target": -17.674364307454372, "params": {"gamma": 414.3846823674564, "log10_alpha": 0.3112158984662834, "log10_colsample_bytree": -0.5628300295670953, "log10_eta": -2.9445284514620482, "log10_lambda": -3.0471911011713804, "log10_min_child_weight": 0.044999754557620286, "log10_subsample": -0.35225023974891745, "max_depth": 9.0, "num_boost_round": 54.0}, "datetime": {"datetime": "2024-01-19 01:11:28", "elapsed": 3578.542462, "delta": 0.004243}}
{"target": -17.674333322710147, "params": {"gamma": 414.3846823674564, "log10_alpha": 0.3112158984662834, "log10_colsample_bytree": -0.5628300295670953, "log10_eta": -2.9445284514620482, "log10_lambda": -3.0471911011713804, "log10_min_child_weight": 0.044999754557620286, "log10_subsample": -0.35225023974891745, "max_depth": 9.0, "num_boost_round": 55.0}, "datetime": {"datetime": "2024-01-19 01:11:28", "elapsed": 3578.546788, "delta": 0.004326}}
{"target": -17.674331544739108, "params": {"gamma": 414.3846823674564, "log10_alpha": 0.3112158984662834, "log10_colsample_bytree": -0.5628300295670953, "log10_eta": -2.9445284514620482, "log10_lambda": -3.0471911011713804, "log10_min_child_weight": 0.044999754557620286, "log10_subsample": -0.35225023974891745, "max_depth": 9.0, "num_boost_round": 56.0}, "datetime": {"datetime": "2024-01-19 01:11:28", "elapsed": 3578.551482, "delta": 0.004694}}
{"target": -17.674210067734553, "params": {"gamma": 414.3846823674564, "log10_alpha": 0.3112158984662834, "log10_colsample_bytree": -0.5628300295670953, "log10_eta": -2.9445284514620482, "log10_lambda": -3.0471911011713804, "log10_min_child_weight": 0.044999754557620286, "log10_subsample": -0.35225023974891745, "max_depth": 9.0, "num_boost_round": 57.0}, "datetime": {"datetime": "2024-01-19 01:11:28", "elapsed": 3578.555906, "delta": 0.004424}}
{"target": -17.674020290300998, "params": {"gamma": 414.3846823674564, "log10_alpha": 0.3112158984662834, "log10_colsample_bytree": -0.5628300295670953, "log10_eta": -2.9445284514620482, "log10_lambda": -3.0471911011713804, "log10_min_child_weight": 0.044999754557620286, "log10_subsample": -0.35225023974891745, "max_depth": 9.0, "num_boost_round": 58.0}, "datetime": {"datetime": "2024-01-19 01:11:28", "elapsed": 3578.560543, "delta": 0.004637}}
{"target": -17.673950280402863, "params": {"gamma": 414.3846823674564, "log10_alpha": 0.3112158984662834, "log10_colsample_bytree": -0.5628300295670953, "log10_eta": -2.9445284514620482, "log10_lambda": -3.0471911011713804, "log10_min_child_weight": 0.044999754557620286, "log10_subsample": -0.35225023974891745, "max_depth": 9.0, "num_boost_round": 59.0}, "datetime": {"datetime": "2024-01-19 01:11:28", "elapsed": 3578.565515, "delta": 0.004972}}
{"target": -17.674035519314625, "params": {"gamma": 414.3846823674564, "log10_alpha": 0.3112158984662834, "log10_colsample_bytree": -0.5628300295670953, "log10_eta": -2.9445284514620482, "log10_lambda": -3.0471911011713804, "log10_min_child_weight": 0.044999754557620286, "log10_subsample": -0.35225023974891745, "max_depth": 9.0, "num_boost_round": 60.0}, "datetime": {"datetime": "2024-01-19 01:11:28", "elapsed": 3578.570254, "delta": 0.004739}}
{"target": -17.673961446498524, "params": {"gamma": 414.3846823674564, "log10_alpha": 0.3112158984662834, "log10_colsample_bytree": -0.5628300295670953, "log10_eta": -2.9445284514620482, "log10_lambda": -3.0471911011713804, "log10_min_child_weight": 0.044999754557620286, "log10_subsample": -0.35225023974891745, "max_depth": 9.0, "num_boost_round": 61.0}, "datetime": {"datetime": "2024-01-19 01:11:28", "elapsed": 3578.574921, "delta": 0.004667}}
{"target": -17.673940480951863, "params": {"gamma": 414.3846823674564, "log10_alpha": 0.3112158984662834, "log10_colsample_bytree": -0.5628300295670953, "log10_eta": -2.9445284514620482, "log10_lambda": -3.0471911011713804, "log10_min_child_weight": 0.044999754557620286, "log10_subsample": -0.35225023974891745, "max_depth": 9.0, "num_boost_round": 62.0}, "datetime": {"datetime": "2024-01-19 01:11:28", "elapsed": 3578.579233, "delta": 0.004312}}
{"target": -17.673897168907235, "params": {"gamma": 414.3846823674564, "log10_alpha": 0.3112158984662834, "log10_colsample_bytree": -0.5628300295670953, "log10_eta": -2.9445284514620482, "log10_lambda": -3.0471911011713804, "log10_min_child_weight": 0.044999754557620286, "log10_subsample": -0.35225023974891745, "max_depth": 9.0, "num_boost_round": 63.0}, "datetime": {"datetime": "2024-01-19 01:11:28", "elapsed": 3578.583743, "delta": 0.00451}}
{"target": -17.67378243134077, "params": {"gamma": 414.3846823674564, "log10_alpha": 0.3112158984662834, "log10_colsample_bytree": -0.5628300295670953, "log10_eta": -2.9445284514620482, "log10_lambda": -3.0471911011713804, "log10_min_child_weight": 0.044999754557620286, "log10_subsample": -0.35225023974891745, "max_depth": 9.0, "num_boost_round": 64.0}, "datetime": {"datetime": "2024-01-19 01:11:28", "elapsed": 3578.588294, "delta": 0.004551}}
{"target": -17.67374784120346, "params": {"gamma": 414.3846823674564, "log10_alpha": 0.3112158984662834, "log10_colsample_bytree": -0.5628300295670953, "log10_eta": -2.9445284514620482, "log10_lambda": -3.0471911011713804, "log10_min_child_weight": 0.044999754557620286, "log10_subsample": -0.35225023974891745, "max_depth": 9.0, "num_boost_round": 65.0}, "datetime": {"datetime": "2024-01-19 01:11:28", "elapsed": 3578.592718, "delta": 0.004424}}
{"target": -17.673691488330743, "params": {"gamma": 414.3846823674564, "log10_alpha": 0.3112158984662834, "log10_colsample_bytree": -0.5628300295670953, "log10_eta": -2.9445284514620482, "log10_lambda": -3.0471911011713804, "log10_min_child_weight": 0.044999754557620286, "log10_subsample": -0.35225023974891745, "max_depth": 9.0, "num_boost_round": 66.0}, "datetime": {"datetime": "2024-01-19 01:11:28", "elapsed": 3578.597037, "delta": 0.004319}}
{"target": -17.673547642855244, "params": {"gamma": 414.3846823674564, "log10_alpha": 0.3112158984662834, "log10_colsample_bytree": -0.5628300295670953, "log10_eta": -2.9445284514620482, "log10_lambda": -3.0471911011713804, "log10_min_child_weight": 0.044999754557620286, "log10_subsample": -0.35225023974891745, "max_depth": 9.0, "num_boost_round": 67.0}, "datetime": {"datetime": "2024-01-19 01:11:28", "elapsed": 3578.601465, "delta": 0.004428}}
{"target": -17.673482964838872, "params": {"gamma": 414.3846823674564, "log10_alpha": 0.3112158984662834, "log10_colsample_bytree": -0.5628300295670953, "log10_eta": -2.9445284514620482, "log10_lambda": -3.0471911011713804, "log10_min_child_weight": 0.044999754557620286, "log10_subsample": -0.35225023974891745, "max_depth": 9.0, "num_boost_round": 68.0}, "datetime": {"datetime": "2024-01-19 01:11:28", "elapsed": 3578.605758, "delta": 0.004293}}
{"target": -17.673464834060493, "params": {"gamma": 414.3846823674564, "log10_alpha": 0.3112158984662834, "log10_colsample_bytree": -0.5628300295670953, "log10_eta": -2.9445284514620482, "log10_lambda": -3.0471911011713804, "log10_min_child_weight": 0.044999754557620286, "log10_subsample": -0.35225023974891745, "max_depth": 9.0, "num_boost_round": 69.0}, "datetime": {"datetime": "2024-01-19 01:11:28", "elapsed": 3578.610066, "delta": 0.004308}}
{"target": -17.67345482487644, "params": {"gamma": 414.3846823674564, "log10_alpha": 0.3112158984662834, "log10_colsample_bytree": -0.5628300295670953, "log10_eta": -2.9445284514620482, "log10_lambda": -3.0471911011713804, "log10_min_child_weight": 0.044999754557620286, "log10_subsample": -0.35225023974891745, "max_depth": 9.0, "num_boost_round": 70.0}, "datetime": {"datetime": "2024-01-19 01:11:28", "elapsed": 3578.614516, "delta": 0.00445}}
{"target": -17.673437555110844, "params": {"gamma": 414.3846823674564, "log10_alpha": 0.3112158984662834, "log10_colsample_bytree": -0.5628300295670953, "log10_eta": -2.9445284514620482, "log10_lambda": -3.0471911011713804, "log10_min_child_weight": 0.044999754557620286, "log10_subsample": -0.35225023974891745, "max_depth": 9.0, "num_boost_round": 71.0}, "datetime": {"datetime": "2024-01-19 01:11:28", "elapsed": 3578.618851, "delta": 0.004335}}
{"target": -17.673435575289364, "params": {"gamma": 414.3846823674564, "log10_alpha": 0.3112158984662834, "log10_colsample_bytree": -0.5628300295670953, "log10_eta": -2.9445284514620482, "log10_lambda": -3.0471911011713804, "log10_min_child_weight": 0.044999754557620286, "log10_subsample": -0.35225023974891745, "max_depth": 9.0, "num_boost_round": 72.0}, "datetime": {"datetime": "2024-01-19 01:11:28", "elapsed": 3578.623158, "delta": 0.004307}}
{"target": -17.673410891978822, "params": {"gamma": 414.3846823674564, "log10_alpha": 0.3112158984662834, "log10_colsample_bytree": -0.5628300295670953, "log10_eta": -2.9445284514620482, "log10_lambda": -3.0471911011713804, "log10_min_child_weight": 0.044999754557620286, "log10_subsample": -0.35225023974891745, "max_depth": 9.0, "num_boost_round": 73.0}, "datetime": {"datetime": "2024-01-19 01:11:28", "elapsed": 3578.627621, "delta": 0.004463}}
{"target": -17.673476621026943, "params": {"gamma": 414.3846823674564, "log10_alpha": 0.3112158984662834, "log10_colsample_bytree": -0.5628300295670953, "log10_eta": -2.9445284514620482, "log10_lambda": -3.0471911011713804, "log10_min_child_weight": 0.044999754557620286, "log10_subsample": -0.35225023974891745, "max_depth": 9.0, "num_boost_round": 74.0}, "datetime": {"datetime": "2024-01-19 01:11:28", "elapsed": 3578.631932, "delta": 0.004311}}
{"target": -17.673366575141454, "params": {"gamma": 414.3846823674564, "log10_alpha": 0.3112158984662834, "log10_colsample_bytree": -0.5628300295670953, "log10_eta": -2.9445284514620482, "log10_lambda": -3.0471911011713804, "log10_min_child_weight": 0.044999754557620286, "log10_subsample": -0.35225023974891745, "max_depth": 9.0, "num_boost_round": 75.0}, "datetime": {"datetime": "2024-01-19 01:11:28", "elapsed": 3578.636233, "delta": 0.004301}}
{"target": -17.67334643437807, "params": {"gamma": 414.3846823674564, "log10_alpha": 0.3112158984662834, "log10_colsample_bytree": -0.5628300295670953, "log10_eta": -2.9445284514620482, "log10_lambda": -3.0471911011713804, "log10_min_child_weight": 0.044999754557620286, "log10_subsample": -0.35225023974891745, "max_depth": 9.0, "num_boost_round": 76.0}, "datetime": {"datetime": "2024-01-19 01:11:28", "elapsed": 3578.640671, "delta": 0.004438}}
{"target": -17.673272319358546, "params": {"gamma": 414.3846823674564, "log10_alpha": 0.3112158984662834, "log10_colsample_bytree": -0.5628300295670953, "log10_eta": -2.9445284514620482, "log10_lambda": -3.0471911011713804, "log10_min_child_weight": 0.044999754557620286, "log10_subsample": -0.35225023974891745, "max_depth": 9.0, "num_boost_round": 77.0}, "datetime": {"datetime": "2024-01-19 01:11:28", "elapsed": 3578.644986, "delta": 0.004315}}
{"target": -17.673255280561268, "params": {"gamma": 414.3846823674564, "log10_alpha": 0.3112158984662834, "log10_colsample_bytree": -0.5628300295670953, "log10_eta": -2.9445284514620482, "log10_lambda": -3.0471911011713804, "log10_min_child_weight": 0.044999754557620286, "log10_subsample": -0.35225023974891745, "max_depth": 9.0, "num_boost_round": 78.0}, "datetime": {"datetime": "2024-01-19 01:11:28", "elapsed": 3578.64935, "delta": 0.004364}}
{"target": -17.673161934518163, "params": {"gamma": 414.3846823674564, "log10_alpha": 0.3112158984662834, "log10_colsample_bytree": -0.5628300295670953, "log10_eta": -2.9445284514620482, "log10_lambda": -3.0471911011713804, "log10_min_child_weight": 0.044999754557620286, "log10_subsample": -0.35225023974891745, "max_depth": 9.0, "num_boost_round": 79.0}, "datetime": {"datetime": "2024-01-19 01:11:28", "elapsed": 3578.654519, "delta": 0.005169}}
{"target": -17.67311825831577, "params": {"gamma": 414.3846823674564, "log10_alpha": 0.3112158984662834, "log10_colsample_bytree": -0.5628300295670953, "log10_eta": -2.9445284514620482, "log10_lambda": -3.0471911011713804, "log10_min_child_weight": 0.044999754557620286, "log10_subsample": -0.35225023974891745, "max_depth": 9.0, "num_boost_round": 80.0}, "datetime": {"datetime": "2024-01-19 01:11:28", "elapsed": 3578.659915, "delta": 0.005396}}
{"target": -17.673050848887268, "params": {"gamma": 414.3846823674564, "log10_alpha": 0.3112158984662834, "log10_colsample_bytree": -0.5628300295670953, "log10_eta": -2.9445284514620482, "log10_lambda": -3.0471911011713804, "log10_min_child_weight": 0.044999754557620286, "log10_subsample": -0.35225023974891745, "max_depth": 9.0, "num_boost_round": 81.0}, "datetime": {"datetime": "2024-01-19 01:11:28", "elapsed": 3578.664766, "delta": 0.004851}}
{"target": -17.673006773903033, "params": {"gamma": 414.3846823674564, "log10_alpha": 0.3112158984662834, "log10_colsample_bytree": -0.5628300295670953, "log10_eta": -2.9445284514620482, "log10_lambda": -3.0471911011713804, "log10_min_child_weight": 0.044999754557620286, "log10_subsample": -0.35225023974891745, "max_depth": 9.0, "num_boost_round": 82.0}, "datetime": {"datetime": "2024-01-19 01:11:28", "elapsed": 3578.669672, "delta": 0.004906}}
{"target": -17.672966774668946, "params": {"gamma": 414.3846823674564, "log10_alpha": 0.3112158984662834, "log10_colsample_bytree": -0.5628300295670953, "log10_eta": -2.9445284514620482, "log10_lambda": -3.0471911011713804, "log10_min_child_weight": 0.044999754557620286, "log10_subsample": -0.35225023974891745, "max_depth": 9.0, "num_boost_round": 83.0}, "datetime": {"datetime": "2024-01-19 01:11:28", "elapsed": 3578.674238, "delta": 0.004566}}
{"target": -17.672847324260246, "params": {"gamma": 414.3846823674564, "log10_alpha": 0.3112158984662834, "log10_colsample_bytree": -0.5628300295670953, "log10_eta": -2.9445284514620482, "log10_lambda": -3.0471911011713804, "log10_min_child_weight": 0.044999754557620286, "log10_subsample": -0.35225023974891745, "max_depth": 9.0, "num_boost_round": 84.0}, "datetime": {"datetime": "2024-01-19 01:11:28", "elapsed": 3578.678643, "delta": 0.004405}}
{"target": -17.67273956486782, "params": {"gamma": 414.3846823674564, "log10_alpha": 0.3112158984662834, "log10_colsample_bytree": -0.5628300295670953, "log10_eta": -2.9445284514620482, "log10_lambda": -3.0471911011713804, "log10_min_child_weight": 0.044999754557620286, "log10_subsample": -0.35225023974891745, "max_depth": 9.0, "num_boost_round": 85.0}, "datetime": {"datetime": "2024-01-19 01:11:28", "elapsed": 3578.683286, "delta": 0.004643}}
{"target": -17.672714627446897, "params": {"gamma": 414.3846823674564, "log10_alpha": 0.3112158984662834, "log10_colsample_bytree": -0.5628300295670953, "log10_eta": -2.9445284514620482, "log10_lambda": -3.0471911011713804, "log10_min_child_weight": 0.044999754557620286, "log10_subsample": -0.35225023974891745, "max_depth": 9.0, "num_boost_round": 86.0}, "datetime": {"datetime": "2024-01-19 01:11:28", "elapsed": 3578.787846, "delta": 0.10456}}
{"target": -17.672659607909765, "params": {"gamma": 414.3846823674564, "log10_alpha": 0.3112158984662834, "log10_colsample_bytree": -0.5628300295670953, "log10_eta": -2.9445284514620482, "log10_lambda": -3.0471911011713804, "log10_min_child_weight": 0.044999754557620286, "log10_subsample": -0.35225023974891745, "max_depth": 9.0, "num_boost_round": 87.0}, "datetime": {"datetime": "2024-01-19 01:11:28", "elapsed": 3578.793089, "delta": 0.005243}}
{"target": -17.672523747635434, "params": {"gamma": 414.3846823674564, "log10_alpha": 0.3112158984662834, "log10_colsample_bytree": -0.5628300295670953, "log10_eta": -2.9445284514620482, "log10_lambda": -3.0471911011713804, "log10_min_child_weight": 0.044999754557620286, "log10_subsample": -0.35225023974891745, "max_depth": 9.0, "num_boost_round": 88.0}, "datetime": {"datetime": "2024-01-19 01:11:28", "elapsed": 3578.797796, "delta": 0.004707}}
