{"target": -13.758092056208033, "params": {"gamma": 429.0665305845105, "log10_alpha": -0.18817540007254863, "log10_colsample_bytree": -0.5160359698903184, "log10_eta": -2.0797565644515825, "log10_lambda": -1.3087545284323374, "log10_min_child_weight": 0.31157433886825847, "log10_subsample": -0.46055902007821214, "max_depth": 4.0, "num_boost_round": 56.0}, "datetime": {"datetime": "2024-01-19 00:26:24", "elapsed": 887.384182, "delta": 0.001881}}
{"target": -13.758098465031411, "params": {"gamma": 429.0665305845105, "log10_alpha": -0.18817540007254863, "log10_colsample_bytree": -0.5160359698903184, "log10_eta": -2.0797565644515825, "log10_lambda": -1.3087545284323374, "log10_min_child_weight": 0.31157433886825847, "log10_subsample": -0.46055902007821214, "max_depth": 4.0, "num_boost_round": 57.0}, "datetime": {"datetime": "2024-01-19 00:26:24", "elapsed": 887.38606, "delta": 0.001878}}
{"target": -13.758005529227377, "params": {"gamma": 429.0665305845105, "log10_alpha": -0.18817540007254863, "log10_colsample_bytree": -0.5160359698903184, "log10_eta": -2.0797565644515825, "log10_lambda": -1.3087545284323374, "log10_min_child_weight": 0.31157433886825847, "log10_subsample": -0.46055902007821214, "max_depth": 4.0, "num_boost_round": 58.0}, "datetime": {"datetime": "2024-01-19 00:26:24", "elapsed": 887.388044, "delta": 0.001984}}
{"target": -13.758139206403543, "params": {"gamma": 429.0665305845105, "log10_alpha": -0.18817540007254863, "log10_colsample_bytree": -0.5160359698903184, "log10_eta": -2.0797565644515825, "log10_lambda": -1.3087545284323374, "log10_min_child_weight": 0.31157433886825847, "log10_subsample": -0.46055902007821214, "max_depth": 4.0, "num_boost_round": 59.0}, "datetime": {"datetime": "2024-01-19 00:26:24", "elapsed": 887.390166, "delta": 0.002122}}
{"target": -13.758151004236531, "params": {"gamma": 429.0665305845105, "log10_alpha": -0.18817540007254863, "log10_colsample_bytree": -0.5160359698903184, "log10_eta": -2.0797565644515825, "log10_lambda": -1.3087545284323374, "log10_min_child_weight": 0.31157433886825847, "log10_subsample": -0.46055902007821214, "max_depth": 4.0, "num_boost_round": 60.0}, "datetime": {"datetime": "2024-01-19 00:26:24", "elapsed": 887.392225, "delta": 0.002059}}
{"target": -13.758122638970471, "params": {"gamma": 429.0665305845105, "log10_alpha": -0.18817540007254863, "log10_colsample_bytree": -0.5160359698903184, "log10_eta": -2.0797565644515825, "log10_lambda": -1.3087545284323374, "log10_min_child_weight": 0.31157433886825847, "log10_subsample": -0.46055902007821214, "max_depth": 4.0, "num_boost_round": 61.0}, "datetime": {"datetime": "2024-01-19 00:26:24", "elapsed": 887.394186, "delta": 0.001961}}
{"target": -13.758281587644527, "params": {"gamma": 429.0665305845105, "log10_alpha": -0.18817540007254863, "log10_colsample_bytree": -0.5160359698903184, "log10_eta": -2.0797565644515825, "log10_lambda": -1.3087545284323374, "log10_min_child_weight": 0.31157433886825847, "log10_subsample": -0.46055902007821214, "max_depth": 4.0, "num_boost_round": 62.0}, "datetime": {"datetime": "2024-01-19 00:26:24", "elapsed": 887.396089, "delta": 0.001903}}
{"target": -13.758352396108222, "params": {"gamma": 429.0665305845105, "log10_alpha": -0.18817540007254863, "log10_colsample_bytree": -0.5160359698903184, "log10_eta": -2.0797565644515825, "log10_lambda": -1.3087545284323374, "log10_min_child_weight": 0.31157433886825847, "log10_subsample": -0.46055902007821214, "max_depth": 4.0, "num_boost_round": 63.0}, "datetime": {"datetime": "2024-01-19 00:26:24", "elapsed": 887.39797, "delta": 0.001881}}
{"target": -13.758345567283316, "params": {"gamma": 429.0665305845105, "log10_alpha": -0.18817540007254863, "log10_colsample_bytree": -0.5160359698903184, "log10_eta": -2.0797565644515825, "log10_lambda": -1.3087545284323374, "log10_min_child_weight": 0.31157433886825847, "log10_subsample": -0.46055902007821214, "max_depth": 4.0, "num_boost_round": 64.0}, "datetime": {"datetime": "2024-01-19 00:26:24", "elapsed": 887.399854, "delta": 0.001884}}
{"target": -13.758520499824483, "params": {"gamma": 429.0665305845105, "log10_alpha": -0.18817540007254863, "log10_colsample_bytree": -0.5160359698903184, "log10_eta": -2.0797565644515825, "log10_lambda": -1.3087545284323374, "log10_min_child_weight": 0.31157433886825847, "log10_subsample": -0.46055902007821214, "max_depth": 4.0, "num_boost_round": 65.0}, "datetime": {"datetime": "2024-01-19 00:26:24", "elapsed": 887.401749, "delta": 0.001895}}
{"target": -13.75827144912179, "params": {"gamma": 429.0665305845105, "log10_alpha": -0.18817540007254863, "log10_colsample_bytree": -0.5160359698903184, "log10_eta": -2.0797565644515825, "log10_lambda": -1.3087545284323374, "log10_min_child_weight": 0.31157433886825847, "log10_subsample": -0.46055902007821214, "max_depth": 4.0, "num_boost_round": 66.0}, "datetime": {"datetime": "2024-01-19 00:26:24", "elapsed": 887.40366, "delta": 0.001911}}
{"target": -13.758535374479935, "params": {"gamma": 429.0665305845105, "log10_alpha": -0.18817540007254863, "log10_colsample_bytree": -0.5160359698903184, "log10_eta": -2.0797565644515825, "log10_lambda": -1.3087545284323374, "log10_min_child_weight": 0.31157433886825847, "log10_subsample": -0.46055902007821214, "max_depth": 4.0, "num_boost_round": 67.0}, "datetime": {"datetime": "2024-01-19 00:26:24", "elapsed": 887.405542, "delta": 0.001882}}
{"target": -13.75860874145449, "params": {"gamma": 429.0665305845105, "log10_alpha": -0.18817540007254863, "log10_colsample_bytree": -0.5160359698903184, "log10_eta": -2.0797565644515825, "log10_lambda": -1.3087545284323374, "log10_min_child_weight": 0.31157433886825847, "log10_subsample": -0.46055902007821214, "max_depth": 4.0, "num_boost_round": 68.0}, "datetime": {"datetime": "2024-01-19 00:26:24", "elapsed": 887.40742, "delta": 0.001878}}
{"target": -13.758429585390848, "params": {"gamma": 429.0665305845105, "log10_alpha": -0.18817540007254863, "log10_colsample_bytree": -0.5160359698903184, "log10_eta": -2.0797565644515825, "log10_lambda": -1.3087545284323374, "log10_min_child_weight": 0.31157433886825847, "log10_subsample": -0.46055902007821214, "max_depth": 4.0, "num_boost_round": 69.0}, "datetime": {"datetime": "2024-01-19 00:26:24", "elapsed": 887.409426, "delta": 0.002006}}
{"target": -13.758330041259912, "params": {"gamma": 429.0665305845105, "log10_alpha": -0.18817540007254863, "log10_colsample_bytree": -0.5160359698903184, "log10_eta": -2.0797565644515825, "log10_lambda": -1.3087545284323374, "log10_min_child_weight": 0.31157433886825847, "log10_subsample": -0.46055902007821214, "max_depth": 4.0, "num_boost_round": 70.0}, "datetime": {"datetime": "2024-01-19 00:26:24", "elapsed": 887.411299, "delta": 0.001873}}
{"target": -13.758842507272183, "params": {"gamma": 429.0665305845105, "log10_alpha": -0.18817540007254863, "log10_colsample_bytree": -0.5160359698903184, "log10_eta": -2.0797565644515825, "log10_lambda": -1.3087545284323374, "log10_min_child_weight": 0.31157433886825847, "log10_subsample": -0.46055902007821214, "max_depth": 4.0, "num_boost_round": 71.0}, "datetime": {"datetime": "2024-01-19 00:26:24", "elapsed": 887.413177, "delta": 0.001878}}
{"target": -13.75910304706887, "params": {"gamma": 429.0665305845105, "log10_alpha": -0.18817540007254863, "log10_colsample_bytree": -0.5160359698903184, "log10_eta": -2.0797565644515825, "log10_lambda": -1.3087545284323374, "log10_min_child_weight": 0.31157433886825847, "log10_subsample": -0.46055902007821214, "max_depth": 4.0, "num_boost_round": 72.0}, "datetime": {"datetime": "2024-01-19 00:26:24", "elapsed": 887.415057, "delta": 0.00188}}
{"target": -13.759528539041535, "params": {"gamma": 429.0665305845105, "log10_alpha": -0.18817540007254863, "log10_colsample_bytree": -0.5160359698903184, "log10_eta": -2.0797565644515825, "log10_lambda": -1.3087545284323374, "log10_min_child_weight": 0.31157433886825847, "log10_subsample": -0.46055902007821214, "max_depth": 4.0, "num_boost_round": 73.0}, "datetime": {"datetime": "2024-01-19 00:26:24", "elapsed": 887.416934, "delta": 0.001877}}
{"target": -13.759597837614503, "params": {"gamma": 429.0665305845105, "log10_alpha": -0.18817540007254863, "log10_colsample_bytree": -0.5160359698903184, "log10_eta": -2.0797565644515825, "log10_lambda": -1.3087545284323374, "log10_min_child_weight": 0.31157433886825847, "log10_subsample": -0.46055902007821214, "max_depth": 4.0, "num_boost_round": 74.0}, "datetime": {"datetime": "2024-01-19 00:26:24", "elapsed": 887.418806, "delta": 0.001872}}
{"target": -13.759816427422654, "params": {"gamma": 429.0665305845105, "log10_alpha": -0.18817540007254863, "log10_colsample_bytree": -0.5160359698903184, "log10_eta": -2.0797565644515825, "log10_lambda": -1.3087545284323374, "log10_min_child_weight": 0.31157433886825847, "log10_subsample": -0.46055902007821214, "max_depth": 4.0, "num_boost_round": 75.0}, "datetime": {"datetime": "2024-01-19 00:26:24", "elapsed": 887.420698, "delta": 0.001892}}
{"target": -13.75997830141334, "params": {"gamma": 429.0665305845105, "log10_alpha": -0.18817540007254863, "log10_colsample_bytree": -0.5160359698903184, "log10_eta": -2.0797565644515825, "log10_lambda": -1.3087545284323374, "log10_min_child_weight": 0.31157433886825847, "log10_subsample": -0.46055902007821214, "max_depth": 4.0, "num_boost_round": 76.0}, "datetime": {"datetime": "2024-01-19 00:26:24", "elapsed": 887.422585, "delta": 0.001887}}
{"target": -13.758401987247282, "params": {"gamma": 430.46378249063224, "log10_alpha": 0.856657463564706, "log10_colsample_bytree": -0.05923501921995744, "log10_eta": -2.004664066304804, "log10_lambda": 0.490525859135726, "log10_min_child_weight": 3.983752715731221, "log10_subsample": -0.24942472702333907, "max_depth": 7.0, "num_boost_round": 0.0}, "datetime": {"datetime": "2024-01-19 00:26:56", "elapsed": 919.417436, "delta": 31.994851}}
{"target": -13.758356589311926, "params": {"gamma": 430.46378249063224, "log10_alpha": 0.856657463564706, "log10_colsample_bytree": -0.05923501921995744, "log10_eta": -2.004664066304804, "log10_lambda": 0.490525859135726, "log10_min_child_weight": 3.983752715731221, "log10_subsample": -0.24942472702333907, "max_depth": 7.0, "num_boost_round": 1.0}, "datetime": {"datetime": "2024-01-19 00:26:56", "elapsed": 919.419783, "delta": 0.002347}}
{"target": -13.758357624085162, "params": {"gamma": 430.46378249063224, "log10_alpha": 0.856657463564706, "log10_colsample_bytree": -0.05923501921995744, "log10_eta": -2.004664066304804, "log10_lambda": 0.490525859135726, "log10_min_child_weight": 3.983752715731221, "log10_subsample": -0.24942472702333907, "max_depth": 7.0, "num_boost_round": 2.0}, "datetime": {"datetime": "2024-01-19 00:26:56", "elapsed": 919.422155, "delta": 0.002372}}
{"target": -13.758431477444597, "params": {"gamma": 430.46378249063224, "log10_alpha": 0.856657463564706, "log10_colsample_bytree": -0.05923501921995744, "log10_eta": -2.004664066304804, "log10_lambda": 0.490525859135726, "log10_min_child_weight": 3.983752715731221, "log10_subsample": -0.24942472702333907, "max_depth": 7.0, "num_boost_round": 3.0}, "datetime": {"datetime": "2024-01-19 00:26:56", "elapsed": 919.424309, "delta": 0.002154}}
{"target": -13.758410486909877, "params": {"gamma": 430.46378249063224, "log10_alpha": 0.856657463564706, "log10_colsample_bytree": -0.05923501921995744, "log10_eta": -2.004664066304804, "log10_lambda": 0.490525859135726, "log10_min_child_weight": 3.983752715731221, "log10_subsample": -0.24942472702333907, "max_depth": 7.0, "num_boost_round": 4.0}, "datetime": {"datetime": "2024-01-19 00:26:56", "elapsed": 919.426264, "delta": 0.001955}}
{"target": -13.758459908098, "params": {"gamma": 430.46378249063224, "log10_alpha": 0.856657463564706, "log10_colsample_bytree": -0.05923501921995744, "log10_eta": -2.004664066304804, "log10_lambda": 0.490525859135726, "log10_min_child_weight": 3.983752715731221, "log10_subsample": -0.24942472702333907, "max_depth": 7.0, "num_boost_round": 5.0}, "datetime": {"datetime": "2024-01-19 00:26:56", "elapsed": 919.428302, "delta": 0.002038}}
{"target": -13.758445415236533, "params": {"gamma": 430.46378249063224, "log10_alpha": 0.856657463564706, "log10_colsample_bytree": -0.05923501921995744, "log10_eta": -2.004664066304804, "log10_lambda": 0.490525859135726, "log10_min_child_weight": 3.983752715731221, "log10_subsample": -0.24942472702333907, "max_depth": 7.0, "num_boost_round": 6.0}, "datetime": {"datetime": "2024-01-19 00:26:56", "elapsed": 919.430211, "delta": 0.001909}}
{"target": -13.758242867052337, "params": {"gamma": 430.46378249063224, "log10_alpha": 0.856657463564706, "log10_colsample_bytree": -0.05923501921995744, "log10_eta": -2.004664066304804, "log10_lambda": 0.490525859135726, "log10_min_child_weight": 3.983752715731221, "log10_subsample": -0.24942472702333907, "max_depth": 7.0, "num_boost_round": 7.0}, "datetime": {"datetime": "2024-01-19 00:26:56", "elapsed": 919.432131, "delta": 0.00192}}
{"target": -13.758224851857767, "params": {"gamma": 430.46378249063224, "log10_alpha": 0.856657463564706, "log10_colsample_bytree": -0.05923501921995744, "log10_eta": -2.004664066304804, "log10_lambda": 0.490525859135726, "log10_min_child_weight": 3.983752715731221, "log10_subsample": -0.24942472702333907, "max_depth": 7.0, "num_boost_round": 8.0}, "datetime": {"datetime": "2024-01-19 00:26:56", "elapsed": 919.434037, "delta": 0.001906}}
{"target": -13.758124709331085, "params": {"gamma": 430.46378249063224, "log10_alpha": 0.856657463564706, "log10_colsample_bytree": -0.05923501921995744, "log10_eta": -2.004664066304804, "log10_lambda": 0.490525859135726, "log10_min_child_weight": 3.983752715731221, "log10_subsample": -0.24942472702333907, "max_depth": 7.0, "num_boost_round": 9.0}, "datetime": {"datetime": "2024-01-19 00:26:56", "elapsed": 919.435942, "delta": 0.001905}}
{"target": -13.758060542314592, "params": {"gamma": 430.46378249063224, "log10_alpha": 0.856657463564706, "log10_colsample_bytree": -0.05923501921995744, "log10_eta": -2.004664066304804, "log10_lambda": 0.490525859135726, "log10_min_child_weight": 3.983752715731221, "log10_subsample": -0.24942472702333907, "max_depth": 7.0, "num_boost_round": 10.0}, "datetime": {"datetime": "2024-01-19 00:26:56", "elapsed": 919.437852, "delta": 0.00191}}
{"target": -13.758083118054747, "params": {"gamma": 430.46378249063224, "log10_alpha": 0.856657463564706, "log10_colsample_bytree": -0.05923501921995744, "log10_eta": -2.004664066304804, "log10_lambda": 0.490525859135726, "log10_min_child_weight": 3.983752715731221, "log10_subsample": -0.24942472702333907, "max_depth": 7.0, "num_boost_round": 11.0}, "datetime": {"datetime": "2024-01-19 00:26:56", "elapsed": 919.439781, "delta": 0.001929}}
{"target": -13.758110906064893, "params": {"gamma": 430.46378249063224, "log10_alpha": 0.856657463564706, "log10_colsample_bytree": -0.05923501921995744, "log10_eta": -2.004664066304804, "log10_lambda": 0.490525859135726, "log10_min_child_weight": 3.983752715731221, "log10_subsample": -0.24942472702333907, "max_depth": 7.0, "num_boost_round": 12.0}, "datetime": {"datetime": "2024-01-19 00:26:56", "elapsed": 919.441685, "delta": 0.001904}}
{"target": -13.758223672888853, "params": {"gamma": 430.46378249063224, "log10_alpha": 0.856657463564706, "log10_colsample_bytree": -0.05923501921995744, "log10_eta": -2.004664066304804, "log10_lambda": 0.490525859135726, "log10_min_child_weight": 3.983752715731221, "log10_subsample": -0.24942472702333907, "max_depth": 7.0, "num_boost_round": 13.0}, "datetime": {"datetime": "2024-01-19 00:26:56", "elapsed": 919.443592, "delta": 0.001907}}
{"target": -13.75807153839449, "params": {"gamma": 430.46378249063224, "log10_alpha": 0.856657463564706, "log10_colsample_bytree": -0.05923501921995744, "log10_eta": -2.004664066304804, "log10_lambda": 0.490525859135726, "log10_min_child_weight": 3.983752715731221, "log10_subsample": -0.24942472702333907, "max_depth": 7.0, "num_boost_round": 14.0}, "datetime": {"datetime": "2024-01-19 00:26:56", "elapsed": 919.445507, "delta": 0.001915}}
{"target": -13.758182079070057, "params": {"gamma": 430.46378249063224, "log10_alpha": 0.856657463564706, "log10_colsample_bytree": -0.05923501921995744, "log10_eta": -2.004664066304804, "log10_lambda": 0.490525859135726, "log10_min_child_weight": 3.983752715731221, "log10_subsample": -0.24942472702333907, "max_depth": 7.0, "num_boost_round": 15.0}, "datetime": {"datetime": "2024-01-19 00:26:56", "elapsed": 919.447581, "delta": 0.002074}}
{"target": -13.758124887632745, "params": {"gamma": 430.46378249063224, "log10_alpha": 0.856657463564706, "log10_colsample_bytree": -0.05923501921995744, "log10_eta": -2.004664066304804, "log10_lambda": 0.490525859135726, "log10_min_child_weight": 3.983752715731221, "log10_subsample": -0.24942472702333907, "max_depth": 7.0, "num_boost_round": 16.0}, "datetime": {"datetime": "2024-01-19 00:26:56", "elapsed": 919.449622, "delta": 0.002041}}
{"target": -13.758047597799646, "params": {"gamma": 430.46378249063224, "log10_alpha": 0.856657463564706, "log10_colsample_bytree": -0.05923501921995744, "log10_eta": -2.004664066304804, "log10_lambda": 0.490525859135726, "log10_min_child_weight": 3.983752715731221, "log10_subsample": -0.24942472702333907, "max_depth": 7.0, "num_boost_round": 17.0}, "datetime": {"datetime": "2024-01-19 00:26:56", "elapsed": 919.451528, "delta": 0.001906}}
{"target": -13.758032847260125, "params": {"gamma": 430.46378249063224, "log10_alpha": 0.856657463564706, "log10_colsample_bytree": -0.05923501921995744, "log10_eta": -2.004664066304804, "log10_lambda": 0.490525859135726, "log10_min_child_weight": 3.983752715731221, "log10_subsample": -0.24942472702333907, "max_depth": 7.0, "num_boost_round": 18.0}, "datetime": {"datetime": "2024-01-19 00:26:56", "elapsed": 919.453441, "delta": 0.001913}}
{"target": -13.758033447978221, "params": {"gamma": 430.46378249063224, "log10_alpha": 0.856657463564706, "log10_colsample_bytree": -0.05923501921995744, "log10_eta": -2.004664066304804, "log10_lambda": 0.490525859135726, "log10_min_child_weight": 3.983752715731221, "log10_subsample": -0.24942472702333907, "max_depth": 7.0, "num_boost_round": 19.0}, "datetime": {"datetime": "2024-01-19 00:26:56", "elapsed": 919.455363, "delta": 0.001922}}
{"target": -13.757912417119124, "params": {"gamma": 430.46378249063224, "log10_alpha": 0.856657463564706, "log10_colsample_bytree": -0.05923501921995744, "log10_eta": -2.004664066304804, "log10_lambda": 0.490525859135726, "log10_min_child_weight": 3.983752715731221, "log10_subsample": -0.24942472702333907, "max_depth": 7.0, "num_boost_round": 20.0}, "datetime": {"datetime": "2024-01-19 00:26:56", "elapsed": 919.45728, "delta": 0.001917}}
{"target": -13.757969552328188, "params": {"gamma": 430.46378249063224, "log10_alpha": 0.856657463564706, "log10_colsample_bytree": -0.05923501921995744, "log10_eta": -2.004664066304804, "log10_lambda": 0.490525859135726, "log10_min_child_weight": 3.983752715731221, "log10_subsample": -0.24942472702333907, "max_depth": 7.0, "num_boost_round": 21.0}, "datetime": {"datetime": "2024-01-19 00:26:56", "elapsed": 919.459199, "delta": 0.001919}}
{"target": -13.757720148459871, "params": {"gamma": 430.46378249063224, "log10_alpha": 0.856657463564706, "log10_colsample_bytree": -0.05923501921995744, "log10_eta": -2.004664066304804, "log10_lambda": 0.490525859135726, "log10_min_child_weight": 3.983752715731221, "log10_subsample": -0.24942472702333907, "max_depth": 7.0, "num_boost_round": 22.0}, "datetime": {"datetime": "2024-01-19 00:26:56", "elapsed": 919.461107, "delta": 0.001908}}
{"target": -13.757937673493558, "params": {"gamma": 430.46378249063224, "log10_alpha": 0.856657463564706, "log10_colsample_bytree": -0.05923501921995744, "log10_eta": -2.004664066304804, "log10_lambda": 0.490525859135726, "log10_min_child_weight": 3.983752715731221, "log10_subsample": -0.24942472702333907, "max_depth": 7.0, "num_boost_round": 23.0}, "datetime": {"datetime": "2024-01-19 00:26:56", "elapsed": 919.463035, "delta": 0.001928}}
{"target": -13.75787846305438, "params": {"gamma": 430.46378249063224, "log10_alpha": 0.856657463564706, "log10_colsample_bytree": -0.05923501921995744, "log10_eta": -2.004664066304804, "log10_lambda": 0.490525859135726, "log10_min_child_weight": 3.983752715731221, "log10_subsample": -0.24942472702333907, "max_depth": 7.0, "num_boost_round": 24.0}, "datetime": {"datetime": "2024-01-19 00:26:56", "elapsed": 919.464957, "delta": 0.001922}}
{"target": -13.757843913116087, "params": {"gamma": 430.46378249063224, "log10_alpha": 0.856657463564706, "log10_colsample_bytree": -0.05923501921995744, "log10_eta": -2.004664066304804, "log10_lambda": 0.490525859135726, "log10_min_child_weight": 3.983752715731221, "log10_subsample": -0.24942472702333907, "max_depth": 7.0, "num_boost_round": 25.0}, "datetime": {"datetime": "2024-01-19 00:26:56", "elapsed": 919.466873, "delta": 0.001916}}
{"target": -13.758048187744633, "params": {"gamma": 430.46378249063224, "log10_alpha": 0.856657463564706, "log10_colsample_bytree": -0.05923501921995744, "log10_eta": -2.004664066304804, "log10_lambda": 0.490525859135726, "log10_min_child_weight": 3.983752715731221, "log10_subsample": -0.24942472702333907, "max_depth": 7.0, "num_boost_round": 26.0}, "datetime": {"datetime": "2024-01-19 00:26:56", "elapsed": 919.468908, "delta": 0.002035}}
{"target": -13.758165825353794, "params": {"gamma": 430.46378249063224, "log10_alpha": 0.856657463564706, "log10_colsample_bytree": -0.05923501921995744, "log10_eta": -2.004664066304804, "log10_lambda": 0.490525859135726, "log10_min_child_weight": 3.983752715731221, "log10_subsample": -0.24942472702333907, "max_depth": 7.0, "num_boost_round": 27.0}, "datetime": {"datetime": "2024-01-19 00:26:56", "elapsed": 919.470844, "delta": 0.001936}}
