{"target": -17.677222756275, "params": {"gamma": 429.8087008247005, "log10_alpha": 0.7247157873053718, "log10_colsample_bytree": -1.0, "log10_eta": -3.868658336983709, "log10_lambda": -1.8270109438267548, "log10_min_child_weight": 2.5200351128196563, "log10_subsample": -1.0, "max_depth": 2.0, "num_boost_round": 3.0}, "datetime": {"datetime": "2024-01-19 00:26:57", "elapsed": 907.24886, "delta": 0.002034}}
{"target": -17.677220979024067, "params": {"gamma": 429.8087008247005, "log10_alpha": 0.7247157873053718, "log10_colsample_bytree": -1.0, "log10_eta": -3.868658336983709, "log10_lambda": -1.8270109438267548, "log10_min_child_weight": 2.5200351128196563, "log10_subsample": -1.0, "max_depth": 2.0, "num_boost_round": 4.0}, "datetime": {"datetime": "2024-01-19 00:26:57", "elapsed": 907.250749, "delta": 0.001889}}
{"target": -17.67722037597776, "params": {"gamma": 429.8087008247005, "log10_alpha": 0.7247157873053718, "log10_colsample_bytree": -1.0, "log10_eta": -3.868658336983709, "log10_lambda": -1.8270109438267548, "log10_min_child_weight": 2.5200351128196563, "log10_subsample": -1.0, "max_depth": 2.0, "num_boost_round": 5.0}, "datetime": {"datetime": "2024-01-19 00:26:57", "elapsed": 907.254187, "delta": 0.003438}}
{"target": -17.67722161969648, "params": {"gamma": 429.8087008247005, "log10_alpha": 0.7247157873053718, "log10_colsample_bytree": -1.0, "log10_eta": -3.868658336983709, "log10_lambda": -1.8270109438267548, "log10_min_child_weight": 2.5200351128196563, "log10_subsample": -1.0, "max_depth": 2.0, "num_boost_round": 6.0}, "datetime": {"datetime": "2024-01-19 00:26:57", "elapsed": 907.256106, "delta": 0.001919}}
{"target": -17.677219328423757, "params": {"gamma": 429.8087008247005, "log10_alpha": 0.7247157873053718, "log10_colsample_bytree": -1.0, "log10_eta": -3.868658336983709, "log10_lambda": -1.8270109438267548, "log10_min_child_weight": 2.5200351128196563, "log10_subsample": -1.0, "max_depth": 2.0, "num_boost_round": 7.0}, "datetime": {"datetime": "2024-01-19 00:26:57", "elapsed": 907.258003, "delta": 0.001897}}
{"target": -17.677218567157094, "params": {"gamma": 429.8087008247005, "log10_alpha": 0.7247157873053718, "log10_colsample_bytree": -1.0, "log10_eta": -3.868658336983709, "log10_lambda": -1.8270109438267548, "log10_min_child_weight": 2.5200351128196563, "log10_subsample": -1.0, "max_depth": 2.0, "num_boost_round": 8.0}, "datetime": {"datetime": "2024-01-19 00:26:57", "elapsed": 907.259902, "delta": 0.001899}}
{"target": -17.677218010209206, "params": {"gamma": 429.8087008247005, "log10_alpha": 0.7247157873053718, "log10_colsample_bytree": -1.0, "log10_eta": -3.868658336983709, "log10_lambda": -1.8270109438267548, "log10_min_child_weight": 2.5200351128196563, "log10_subsample": -1.0, "max_depth": 2.0, "num_boost_round": 9.0}, "datetime": {"datetime": "2024-01-19 00:26:57", "elapsed": 907.261785, "delta": 0.001883}}
{"target": -17.67723105447643, "params": {"gamma": 420.11643461150453, "log10_alpha": -1.8164523460481965, "log10_colsample_bytree": -0.8305793209340404, "log10_eta": -4.0, "log10_lambda": -5.0, "log10_min_child_weight": 0.0, "log10_subsample": -0.22161625915960237, "max_depth": 4.0, "num_boost_round": 0.0}, "datetime": {"datetime": "2024-01-19 00:27:38", "elapsed": 948.500923, "delta": 41.239138}}
{"target": -17.677229199891197, "params": {"gamma": 420.11643461150453, "log10_alpha": -1.8164523460481965, "log10_colsample_bytree": -0.8305793209340404, "log10_eta": -4.0, "log10_lambda": -5.0, "log10_min_child_weight": 0.0, "log10_subsample": -0.22161625915960237, "max_depth": 4.0, "num_boost_round": 1.0}, "datetime": {"datetime": "2024-01-19 00:27:38", "elapsed": 948.595805, "delta": 0.094882}}
{"target": -17.67722571999968, "params": {"gamma": 420.11643461150453, "log10_alpha": -1.8164523460481965, "log10_colsample_bytree": -0.8305793209340404, "log10_eta": -4.0, "log10_lambda": -5.0, "log10_min_child_weight": 0.0, "log10_subsample": -0.22161625915960237, "max_depth": 4.0, "num_boost_round": 2.0}, "datetime": {"datetime": "2024-01-19 00:27:38", "elapsed": 948.598105, "delta": 0.0023}}
{"target": -17.6772216246227, "params": {"gamma": 420.11643461150453, "log10_alpha": -1.8164523460481965, "log10_colsample_bytree": -0.8305793209340404, "log10_eta": -4.0, "log10_lambda": -5.0, "log10_min_child_weight": 0.0, "log10_subsample": -0.22161625915960237, "max_depth": 4.0, "num_boost_round": 3.0}, "datetime": {"datetime": "2024-01-19 00:27:38", "elapsed": 948.60015, "delta": 0.002045}}
{"target": -17.677216822335733, "params": {"gamma": 420.11643461150453, "log10_alpha": -1.8164523460481965, "log10_colsample_bytree": -0.8305793209340404, "log10_eta": -4.0, "log10_lambda": -5.0, "log10_min_child_weight": 0.0, "log10_subsample": -0.22161625915960237, "max_depth": 4.0, "num_boost_round": 4.0}, "datetime": {"datetime": "2024-01-19 00:27:38", "elapsed": 948.60245, "delta": 0.0023}}
{"target": -17.677214478130132, "params": {"gamma": 420.11643461150453, "log10_alpha": -1.8164523460481965, "log10_colsample_bytree": -0.8305793209340404, "log10_eta": -4.0, "log10_lambda": -5.0, "log10_min_child_weight": 0.0, "log10_subsample": -0.22161625915960237, "max_depth": 4.0, "num_boost_round": 5.0}, "datetime": {"datetime": "2024-01-19 00:27:38", "elapsed": 948.60443, "delta": 0.00198}}
{"target": -17.67721777545742, "params": {"gamma": 420.11643461150453, "log10_alpha": -1.8164523460481965, "log10_colsample_bytree": -0.8305793209340404, "log10_eta": -4.0, "log10_lambda": -5.0, "log10_min_child_weight": 0.0, "log10_subsample": -0.22161625915960237, "max_depth": 4.0, "num_boost_round": 6.0}, "datetime": {"datetime": "2024-01-19 00:27:38", "elapsed": 948.606417, "delta": 0.001987}}
{"target": -17.677210100052335, "params": {"gamma": 420.11643461150453, "log10_alpha": -1.8164523460481965, "log10_colsample_bytree": -0.8305793209340404, "log10_eta": -4.0, "log10_lambda": -5.0, "log10_min_child_weight": 0.0, "log10_subsample": -0.22161625915960237, "max_depth": 4.0, "num_boost_round": 7.0}, "datetime": {"datetime": "2024-01-19 00:27:38", "elapsed": 948.608401, "delta": 0.001984}}
{"target": -17.67721009493025, "params": {"gamma": 420.11643461150453, "log10_alpha": -1.8164523460481965, "log10_colsample_bytree": -0.8305793209340404, "log10_eta": -4.0, "log10_lambda": -5.0, "log10_min_child_weight": 0.0, "log10_subsample": -0.22161625915960237, "max_depth": 4.0, "num_boost_round": 8.0}, "datetime": {"datetime": "2024-01-19 00:27:38", "elapsed": 948.610391, "delta": 0.00199}}
{"target": -17.677208657848603, "params": {"gamma": 420.11643461150453, "log10_alpha": -1.8164523460481965, "log10_colsample_bytree": -0.8305793209340404, "log10_eta": -4.0, "log10_lambda": -5.0, "log10_min_child_weight": 0.0, "log10_subsample": -0.22161625915960237, "max_depth": 4.0, "num_boost_round": 9.0}, "datetime": {"datetime": "2024-01-19 00:27:38", "elapsed": 948.612409, "delta": 0.002018}}
{"target": -17.677205650390864, "params": {"gamma": 420.11643461150453, "log10_alpha": -1.8164523460481965, "log10_colsample_bytree": -0.8305793209340404, "log10_eta": -4.0, "log10_lambda": -5.0, "log10_min_child_weight": 0.0, "log10_subsample": -0.22161625915960237, "max_depth": 4.0, "num_boost_round": 10.0}, "datetime": {"datetime": "2024-01-19 00:27:38", "elapsed": 948.614392, "delta": 0.001983}}
{"target": -17.677203895202084, "params": {"gamma": 420.11643461150453, "log10_alpha": -1.8164523460481965, "log10_colsample_bytree": -0.8305793209340404, "log10_eta": -4.0, "log10_lambda": -5.0, "log10_min_child_weight": 0.0, "log10_subsample": -0.22161625915960237, "max_depth": 4.0, "num_boost_round": 11.0}, "datetime": {"datetime": "2024-01-19 00:27:38", "elapsed": 948.616374, "delta": 0.001982}}
{"target": -17.677198212478558, "params": {"gamma": 420.11643461150453, "log10_alpha": -1.8164523460481965, "log10_colsample_bytree": -0.8305793209340404, "log10_eta": -4.0, "log10_lambda": -5.0, "log10_min_child_weight": 0.0, "log10_subsample": -0.22161625915960237, "max_depth": 4.0, "num_boost_round": 12.0}, "datetime": {"datetime": "2024-01-19 00:27:38", "elapsed": 948.61837, "delta": 0.001996}}
{"target": -17.67719036079004, "params": {"gamma": 420.11643461150453, "log10_alpha": -1.8164523460481965, "log10_colsample_bytree": -0.8305793209340404, "log10_eta": -4.0, "log10_lambda": -5.0, "log10_min_child_weight": 0.0, "log10_subsample": -0.22161625915960237, "max_depth": 4.0, "num_boost_round": 13.0}, "datetime": {"datetime": "2024-01-19 00:27:38", "elapsed": 948.62034, "delta": 0.00197}}
{"target": -17.677189981817918, "params": {"gamma": 420.11643461150453, "log10_alpha": -1.8164523460481965, "log10_colsample_bytree": -0.8305793209340404, "log10_eta": -4.0, "log10_lambda": -5.0, "log10_min_child_weight": 0.0, "log10_subsample": -0.22161625915960237, "max_depth": 4.0, "num_boost_round": 14.0}, "datetime": {"datetime": "2024-01-19 00:27:38", "elapsed": 948.622308, "delta": 0.001968}}
{"target": -17.677187037017564, "params": {"gamma": 420.11643461150453, "log10_alpha": -1.8164523460481965, "log10_colsample_bytree": -0.8305793209340404, "log10_eta": -4.0, "log10_lambda": -5.0, "log10_min_child_weight": 0.0, "log10_subsample": -0.22161625915960237, "max_depth": 4.0, "num_boost_round": 15.0}, "datetime": {"datetime": "2024-01-19 00:27:38", "elapsed": 948.624412, "delta": 0.002104}}
{"target": -17.677184798021813, "params": {"gamma": 420.11643461150453, "log10_alpha": -1.8164523460481965, "log10_colsample_bytree": -0.8305793209340404, "log10_eta": -4.0, "log10_lambda": -5.0, "log10_min_child_weight": 0.0, "log10_subsample": -0.22161625915960237, "max_depth": 4.0, "num_boost_round": 16.0}, "datetime": {"datetime": "2024-01-19 00:27:38", "elapsed": 948.626421, "delta": 0.002009}}
{"target": -17.677180490445636, "params": {"gamma": 420.11643461150453, "log10_alpha": -1.8164523460481965, "log10_colsample_bytree": -0.8305793209340404, "log10_eta": -4.0, "log10_lambda": -5.0, "log10_min_child_weight": 0.0, "log10_subsample": -0.22161625915960237, "max_depth": 4.0, "num_boost_round": 17.0}, "datetime": {"datetime": "2024-01-19 00:27:38", "elapsed": 948.628419, "delta": 0.001998}}
{"target": -17.67717888611469, "params": {"gamma": 420.11643461150453, "log10_alpha": -1.8164523460481965, "log10_colsample_bytree": -0.8305793209340404, "log10_eta": -4.0, "log10_lambda": -5.0, "log10_min_child_weight": 0.0, "log10_subsample": -0.22161625915960237, "max_depth": 4.0, "num_boost_round": 18.0}, "datetime": {"datetime": "2024-01-19 00:27:38", "elapsed": 948.630414, "delta": 0.001995}}
{"target": -17.67717720222923, "params": {"gamma": 420.11643461150453, "log10_alpha": -1.8164523460481965, "log10_colsample_bytree": -0.8305793209340404, "log10_eta": -4.0, "log10_lambda": -5.0, "log10_min_child_weight": 0.0, "log10_subsample": -0.22161625915960237, "max_depth": 4.0, "num_boost_round": 19.0}, "datetime": {"datetime": "2024-01-19 00:27:38", "elapsed": 948.632434, "delta": 0.00202}}
{"target": -17.677173018850606, "params": {"gamma": 420.11643461150453, "log10_alpha": -1.8164523460481965, "log10_colsample_bytree": -0.8305793209340404, "log10_eta": -4.0, "log10_lambda": -5.0, "log10_min_child_weight": 0.0, "log10_subsample": -0.22161625915960237, "max_depth": 4.0, "num_boost_round": 20.0}, "datetime": {"datetime": "2024-01-19 00:27:38", "elapsed": 948.634442, "delta": 0.002008}}
{"target": -17.677164109134235, "params": {"gamma": 420.11643461150453, "log10_alpha": -1.8164523460481965, "log10_colsample_bytree": -0.8305793209340404, "log10_eta": -4.0, "log10_lambda": -5.0, "log10_min_child_weight": 0.0, "log10_subsample": -0.22161625915960237, "max_depth": 4.0, "num_boost_round": 21.0}, "datetime": {"datetime": "2024-01-19 00:27:38", "elapsed": 948.636436, "delta": 0.001994}}
{"target": -17.67716050554509, "params": {"gamma": 420.11643461150453, "log10_alpha": -1.8164523460481965, "log10_colsample_bytree": -0.8305793209340404, "log10_eta": -4.0, "log10_lambda": -5.0, "log10_min_child_weight": 0.0, "log10_subsample": -0.22161625915960237, "max_depth": 4.0, "num_boost_round": 22.0}, "datetime": {"datetime": "2024-01-19 00:27:38", "elapsed": 948.638433, "delta": 0.001997}}
{"target": -17.67715372549417, "params": {"gamma": 420.11643461150453, "log10_alpha": -1.8164523460481965, "log10_colsample_bytree": -0.8305793209340404, "log10_eta": -4.0, "log10_lambda": -5.0, "log10_min_child_weight": 0.0, "log10_subsample": -0.22161625915960237, "max_depth": 4.0, "num_boost_round": 23.0}, "datetime": {"datetime": "2024-01-19 00:27:38", "elapsed": 948.640434, "delta": 0.002001}}
{"target": -17.67715367829347, "params": {"gamma": 420.11643461150453, "log10_alpha": -1.8164523460481965, "log10_colsample_bytree": -0.8305793209340404, "log10_eta": -4.0, "log10_lambda": -5.0, "log10_min_child_weight": 0.0, "log10_subsample": -0.22161625915960237, "max_depth": 4.0, "num_boost_round": 24.0}, "datetime": {"datetime": "2024-01-19 00:27:38", "elapsed": 948.642569, "delta": 0.002135}}
{"target": -17.677147409318568, "params": {"gamma": 420.11643461150453, "log10_alpha": -1.8164523460481965, "log10_colsample_bytree": -0.8305793209340404, "log10_eta": -4.0, "log10_lambda": -5.0, "log10_min_child_weight": 0.0, "log10_subsample": -0.22161625915960237, "max_depth": 4.0, "num_boost_round": 25.0}, "datetime": {"datetime": "2024-01-19 00:27:38", "elapsed": 948.644673, "delta": 0.002104}}
{"target": -17.677143703246976, "params": {"gamma": 420.11643461150453, "log10_alpha": -1.8164523460481965, "log10_colsample_bytree": -0.8305793209340404, "log10_eta": -4.0, "log10_lambda": -5.0, "log10_min_child_weight": 0.0, "log10_subsample": -0.22161625915960237, "max_depth": 4.0, "num_boost_round": 26.0}, "datetime": {"datetime": "2024-01-19 00:27:38", "elapsed": 948.646837, "delta": 0.002164}}
{"target": -17.67713796654174, "params": {"gamma": 420.11643461150453, "log10_alpha": -1.8164523460481965, "log10_colsample_bytree": -0.8305793209340404, "log10_eta": -4.0, "log10_lambda": -5.0, "log10_min_child_weight": 0.0, "log10_subsample": -0.22161625915960237, "max_depth": 4.0, "num_boost_round": 27.0}, "datetime": {"datetime": "2024-01-19 00:27:38", "elapsed": 948.648959, "delta": 0.002122}}
{"target": -17.677134978352075, "params": {"gamma": 420.11643461150453, "log10_alpha": -1.8164523460481965, "log10_colsample_bytree": -0.8305793209340404, "log10_eta": -4.0, "log10_lambda": -5.0, "log10_min_child_weight": 0.0, "log10_subsample": -0.22161625915960237, "max_depth": 4.0, "num_boost_round": 28.0}, "datetime": {"datetime": "2024-01-19 00:27:38", "elapsed": 948.651, "delta": 0.002041}}
{"target": -17.677129350110732, "params": {"gamma": 420.11643461150453, "log10_alpha": -1.8164523460481965, "log10_colsample_bytree": -0.8305793209340404, "log10_eta": -4.0, "log10_lambda": -5.0, "log10_min_child_weight": 0.0, "log10_subsample": -0.22161625915960237, "max_depth": 4.0, "num_boost_round": 29.0}, "datetime": {"datetime": "2024-01-19 00:27:38", "elapsed": 948.653087, "delta": 0.002087}}
{"target": -17.677123878363837, "params": {"gamma": 420.11643461150453, "log10_alpha": -1.8164523460481965, "log10_colsample_bytree": -0.8305793209340404, "log10_eta": -4.0, "log10_lambda": -5.0, "log10_min_child_weight": 0.0, "log10_subsample": -0.22161625915960237, "max_depth": 4.0, "num_boost_round": 30.0}, "datetime": {"datetime": "2024-01-19 00:27:38", "elapsed": 948.65509, "delta": 0.002003}}
{"target": -17.67712250227018, "params": {"gamma": 420.11643461150453, "log10_alpha": -1.8164523460481965, "log10_colsample_bytree": -0.8305793209340404, "log10_eta": -4.0, "log10_lambda": -5.0, "log10_min_child_weight": 0.0, "log10_subsample": -0.22161625915960237, "max_depth": 4.0, "num_boost_round": 31.0}, "datetime": {"datetime": "2024-01-19 00:27:38", "elapsed": 948.6571, "delta": 0.00201}}
{"target": -17.677118443883742, "params": {"gamma": 420.11643461150453, "log10_alpha": -1.8164523460481965, "log10_colsample_bytree": -0.8305793209340404, "log10_eta": -4.0, "log10_lambda": -5.0, "log10_min_child_weight": 0.0, "log10_subsample": -0.22161625915960237, "max_depth": 4.0, "num_boost_round": 32.0}, "datetime": {"datetime": "2024-01-19 00:27:38", "elapsed": 948.65913, "delta": 0.00203}}
{"target": -17.67711375832034, "params": {"gamma": 420.11643461150453, "log10_alpha": -1.8164523460481965, "log10_colsample_bytree": -0.8305793209340404, "log10_eta": -4.0, "log10_lambda": -5.0, "log10_min_child_weight": 0.0, "log10_subsample": -0.22161625915960237, "max_depth": 4.0, "num_boost_round": 33.0}, "datetime": {"datetime": "2024-01-19 00:27:38", "elapsed": 948.661141, "delta": 0.002011}}
{"target": -17.677107447463936, "params": {"gamma": 420.11643461150453, "log10_alpha": -1.8164523460481965, "log10_colsample_bytree": -0.8305793209340404, "log10_eta": -4.0, "log10_lambda": -5.0, "log10_min_child_weight": 0.0, "log10_subsample": -0.22161625915960237, "max_depth": 4.0, "num_boost_round": 34.0}, "datetime": {"datetime": "2024-01-19 00:27:38", "elapsed": 948.663261, "delta": 0.00212}}
{"target": -17.677106989966937, "params": {"gamma": 420.11643461150453, "log10_alpha": -1.8164523460481965, "log10_colsample_bytree": -0.8305793209340404, "log10_eta": -4.0, "log10_lambda": -5.0, "log10_min_child_weight": 0.0, "log10_subsample": -0.22161625915960237, "max_depth": 4.0, "num_boost_round": 35.0}, "datetime": {"datetime": "2024-01-19 00:27:38", "elapsed": 948.665267, "delta": 0.002006}}
{"target": -17.67710338302572, "params": {"gamma": 420.11643461150453, "log10_alpha": -1.8164523460481965, "log10_colsample_bytree": -0.8305793209340404, "log10_eta": -4.0, "log10_lambda": -5.0, "log10_min_child_weight": 0.0, "log10_subsample": -0.22161625915960237, "max_depth": 4.0, "num_boost_round": 36.0}, "datetime": {"datetime": "2024-01-19 00:27:38", "elapsed": 948.667304, "delta": 0.002037}}
{"target": -17.677101746804983, "params": {"gamma": 420.11643461150453, "log10_alpha": -1.8164523460481965, "log10_colsample_bytree": -0.8305793209340404, "log10_eta": -4.0, "log10_lambda": -5.0, "log10_min_child_weight": 0.0, "log10_subsample": -0.22161625915960237, "max_depth": 4.0, "num_boost_round": 37.0}, "datetime": {"datetime": "2024-01-19 00:27:38", "elapsed": 948.669321, "delta": 0.002017}}
{"target": -17.6770985037399, "params": {"gamma": 420.11643461150453, "log10_alpha": -1.8164523460481965, "log10_colsample_bytree": -0.8305793209340404, "log10_eta": -4.0, "log10_lambda": -5.0, "log10_min_child_weight": 0.0, "log10_subsample": -0.22161625915960237, "max_depth": 4.0, "num_boost_round": 38.0}, "datetime": {"datetime": "2024-01-19 00:27:38", "elapsed": 948.671364, "delta": 0.002043}}
{"target": -17.67709737686392, "params": {"gamma": 420.11643461150453, "log10_alpha": -1.8164523460481965, "log10_colsample_bytree": -0.8305793209340404, "log10_eta": -4.0, "log10_lambda": -5.0, "log10_min_child_weight": 0.0, "log10_subsample": -0.22161625915960237, "max_depth": 4.0, "num_boost_round": 39.0}, "datetime": {"datetime": "2024-01-19 00:27:38", "elapsed": 948.673361, "delta": 0.001997}}
{"target": -17.67709518034421, "params": {"gamma": 420.11643461150453, "log10_alpha": -1.8164523460481965, "log10_colsample_bytree": -0.8305793209340404, "log10_eta": -4.0, "log10_lambda": -5.0, "log10_min_child_weight": 0.0, "log10_subsample": -0.22161625915960237, "max_depth": 4.0, "num_boost_round": 40.0}, "datetime": {"datetime": "2024-01-19 00:27:38", "elapsed": 948.675532, "delta": 0.002171}}
{"target": -17.67709297813405, "params": {"gamma": 420.11643461150453, "log10_alpha": -1.8164523460481965, "log10_colsample_bytree": -0.8305793209340404, "log10_eta": -4.0, "log10_lambda": -5.0, "log10_min_child_weight": 0.0, "log10_subsample": -0.22161625915960237, "max_depth": 4.0, "num_boost_round": 41.0}, "datetime": {"datetime": "2024-01-19 00:27:38", "elapsed": 948.67799, "delta": 0.002458}}
{"target": -17.677086979643537, "params": {"gamma": 420.11643461150453, "log10_alpha": -1.8164523460481965, "log10_colsample_bytree": -0.8305793209340404, "log10_eta": -4.0, "log10_lambda": -5.0, "log10_min_child_weight": 0.0, "log10_subsample": -0.22161625915960237, "max_depth": 4.0, "num_boost_round": 42.0}, "datetime": {"datetime": "2024-01-19 00:27:38", "elapsed": 948.680013, "delta": 0.002023}}
{"target": -17.67708494424103, "params": {"gamma": 420.11643461150453, "log10_alpha": -1.8164523460481965, "log10_colsample_bytree": -0.8305793209340404, "log10_eta": -4.0, "log10_lambda": -5.0, "log10_min_child_weight": 0.0, "log10_subsample": -0.22161625915960237, "max_depth": 4.0, "num_boost_round": 43.0}, "datetime": {"datetime": "2024-01-19 00:27:38", "elapsed": 948.682195, "delta": 0.002182}}
{"target": -17.677081117859398, "params": {"gamma": 420.11643461150453, "log10_alpha": -1.8164523460481965, "log10_colsample_bytree": -0.8305793209340404, "log10_eta": -4.0, "log10_lambda": -5.0, "log10_min_child_weight": 0.0, "log10_subsample": -0.22161625915960237, "max_depth": 4.0, "num_boost_round": 44.0}, "datetime": {"datetime": "2024-01-19 00:27:38", "elapsed": 948.684242, "delta": 0.002047}}
{"target": -17.677081522030512, "params": {"gamma": 420.11643461150453, "log10_alpha": -1.8164523460481965, "log10_colsample_bytree": -0.8305793209340404, "log10_eta": -4.0, "log10_lambda": -5.0, "log10_min_child_weight": 0.0, "log10_subsample": -0.22161625915960237, "max_depth": 4.0, "num_boost_round": 45.0}, "datetime": {"datetime": "2024-01-19 00:27:38", "elapsed": 948.686274, "delta": 0.002032}}
{"target": -17.67708105666645, "params": {"gamma": 420.11643461150453, "log10_alpha": -1.8164523460481965, "log10_colsample_bytree": -0.8305793209340404, "log10_eta": -4.0, "log10_lambda": -5.0, "log10_min_child_weight": 0.0, "log10_subsample": -0.22161625915960237, "max_depth": 4.0, "num_boost_round": 46.0}, "datetime": {"datetime": "2024-01-19 00:27:38", "elapsed": 948.688294, "delta": 0.00202}}
