{"target": -17.675535841846013, "params": {"gamma": 842.8989031575971, "log10_alpha": -0.12857260193735787, "log10_colsample_bytree": -0.8660733617307446, "log10_eta": -2.2457108217168344, "log10_lambda": 0.9320669947461351, "log10_min_child_weight": 0.2734104953117594, "log10_subsample": -0.9034842447203607, "max_depth": 3.0, "num_boost_round": 14.0}, "datetime": {"datetime": "2024-01-19 01:50:53", "elapsed": 5938.492045, "delta": 0.006298}}
{"target": -17.67524497974937, "params": {"gamma": 842.8989031575971, "log10_alpha": -0.12857260193735787, "log10_colsample_bytree": -0.8660733617307446, "log10_eta": -2.2457108217168344, "log10_lambda": 0.9320669947461351, "log10_min_child_weight": 0.2734104953117594, "log10_subsample": -0.9034842447203607, "max_depth": 3.0, "num_boost_round": 15.0}, "datetime": {"datetime": "2024-01-19 01:50:53", "elapsed": 5938.498279, "delta": 0.006234}}
{"target": -17.67504260459851, "params": {"gamma": 842.8989031575971, "log10_alpha": -0.12857260193735787, "log10_colsample_bytree": -0.8660733617307446, "log10_eta": -2.2457108217168344, "log10_lambda": 0.9320669947461351, "log10_min_child_weight": 0.2734104953117594, "log10_subsample": -0.9034842447203607, "max_depth": 3.0, "num_boost_round": 16.0}, "datetime": {"datetime": "2024-01-19 01:50:53", "elapsed": 5938.504458, "delta": 0.006179}}
{"target": -17.67495643724085, "params": {"gamma": 842.8989031575971, "log10_alpha": -0.12857260193735787, "log10_colsample_bytree": -0.8660733617307446, "log10_eta": -2.2457108217168344, "log10_lambda": 0.9320669947461351, "log10_min_child_weight": 0.2734104953117594, "log10_subsample": -0.9034842447203607, "max_depth": 3.0, "num_boost_round": 17.0}, "datetime": {"datetime": "2024-01-19 01:50:53", "elapsed": 5938.510514, "delta": 0.006056}}
{"target": -17.674740089254794, "params": {"gamma": 842.8989031575971, "log10_alpha": -0.12857260193735787, "log10_colsample_bytree": -0.8660733617307446, "log10_eta": -2.2457108217168344, "log10_lambda": 0.9320669947461351, "log10_min_child_weight": 0.2734104953117594, "log10_subsample": -0.9034842447203607, "max_depth": 3.0, "num_boost_round": 18.0}, "datetime": {"datetime": "2024-01-19 01:50:53", "elapsed": 5938.516536, "delta": 0.006022}}
{"target": -17.674697793174595, "params": {"gamma": 842.8989031575971, "log10_alpha": -0.12857260193735787, "log10_colsample_bytree": -0.8660733617307446, "log10_eta": -2.2457108217168344, "log10_lambda": 0.9320669947461351, "log10_min_child_weight": 0.2734104953117594, "log10_subsample": -0.9034842447203607, "max_depth": 3.0, "num_boost_round": 19.0}, "datetime": {"datetime": "2024-01-19 01:50:53", "elapsed": 5938.522684, "delta": 0.006148}}
{"target": -17.6745489763467, "params": {"gamma": 842.8989031575971, "log10_alpha": -0.12857260193735787, "log10_colsample_bytree": -0.8660733617307446, "log10_eta": -2.2457108217168344, "log10_lambda": 0.9320669947461351, "log10_min_child_weight": 0.2734104953117594, "log10_subsample": -0.9034842447203607, "max_depth": 3.0, "num_boost_round": 20.0}, "datetime": {"datetime": "2024-01-19 01:50:54", "elapsed": 5938.661455, "delta": 0.138771}}
{"target": -17.674273637797363, "params": {"gamma": 842.8989031575971, "log10_alpha": -0.12857260193735787, "log10_colsample_bytree": -0.8660733617307446, "log10_eta": -2.2457108217168344, "log10_lambda": 0.9320669947461351, "log10_min_child_weight": 0.2734104953117594, "log10_subsample": -0.9034842447203607, "max_depth": 3.0, "num_boost_round": 21.0}, "datetime": {"datetime": "2024-01-19 01:50:54", "elapsed": 5938.669255, "delta": 0.0078}}
{"target": -17.674102475533875, "params": {"gamma": 842.8989031575971, "log10_alpha": -0.12857260193735787, "log10_colsample_bytree": -0.8660733617307446, "log10_eta": -2.2457108217168344, "log10_lambda": 0.9320669947461351, "log10_min_child_weight": 0.2734104953117594, "log10_subsample": -0.9034842447203607, "max_depth": 3.0, "num_boost_round": 22.0}, "datetime": {"datetime": "2024-01-19 01:50:54", "elapsed": 5938.675658, "delta": 0.006403}}
{"target": -17.67402065954488, "params": {"gamma": 842.8989031575971, "log10_alpha": -0.12857260193735787, "log10_colsample_bytree": -0.8660733617307446, "log10_eta": -2.2457108217168344, "log10_lambda": 0.9320669947461351, "log10_min_child_weight": 0.2734104953117594, "log10_subsample": -0.9034842447203607, "max_depth": 3.0, "num_boost_round": 23.0}, "datetime": {"datetime": "2024-01-19 01:50:54", "elapsed": 5938.682174, "delta": 0.006516}}
{"target": -17.67399101305414, "params": {"gamma": 842.8989031575971, "log10_alpha": -0.12857260193735787, "log10_colsample_bytree": -0.8660733617307446, "log10_eta": -2.2457108217168344, "log10_lambda": 0.9320669947461351, "log10_min_child_weight": 0.2734104953117594, "log10_subsample": -0.9034842447203607, "max_depth": 3.0, "num_boost_round": 24.0}, "datetime": {"datetime": "2024-01-19 01:50:54", "elapsed": 5938.688799, "delta": 0.006625}}
{"target": -17.673766446941492, "params": {"gamma": 842.8989031575971, "log10_alpha": -0.12857260193735787, "log10_colsample_bytree": -0.8660733617307446, "log10_eta": -2.2457108217168344, "log10_lambda": 0.9320669947461351, "log10_min_child_weight": 0.2734104953117594, "log10_subsample": -0.9034842447203607, "max_depth": 3.0, "num_boost_round": 25.0}, "datetime": {"datetime": "2024-01-19 01:50:54", "elapsed": 5938.696501, "delta": 0.007702}}
{"target": -17.673722298762613, "params": {"gamma": 842.8989031575971, "log10_alpha": -0.12857260193735787, "log10_colsample_bytree": -0.8660733617307446, "log10_eta": -2.2457108217168344, "log10_lambda": 0.9320669947461351, "log10_min_child_weight": 0.2734104953117594, "log10_subsample": -0.9034842447203607, "max_depth": 3.0, "num_boost_round": 26.0}, "datetime": {"datetime": "2024-01-19 01:50:54", "elapsed": 5938.70371, "delta": 0.007209}}
{"target": -17.67362407709592, "params": {"gamma": 842.8989031575971, "log10_alpha": -0.12857260193735787, "log10_colsample_bytree": -0.8660733617307446, "log10_eta": -2.2457108217168344, "log10_lambda": 0.9320669947461351, "log10_min_child_weight": 0.2734104953117594, "log10_subsample": -0.9034842447203607, "max_depth": 3.0, "num_boost_round": 27.0}, "datetime": {"datetime": "2024-01-19 01:50:54", "elapsed": 5938.710254, "delta": 0.006544}}
{"target": -17.673437333256366, "params": {"gamma": 842.8989031575971, "log10_alpha": -0.12857260193735787, "log10_colsample_bytree": -0.8660733617307446, "log10_eta": -2.2457108217168344, "log10_lambda": 0.9320669947461351, "log10_min_child_weight": 0.2734104953117594, "log10_subsample": -0.9034842447203607, "max_depth": 3.0, "num_boost_round": 28.0}, "datetime": {"datetime": "2024-01-19 01:50:54", "elapsed": 5938.716636, "delta": 0.006382}}
{"target": -17.673270113998587, "params": {"gamma": 842.8989031575971, "log10_alpha": -0.12857260193735787, "log10_colsample_bytree": -0.8660733617307446, "log10_eta": -2.2457108217168344, "log10_lambda": 0.9320669947461351, "log10_min_child_weight": 0.2734104953117594, "log10_subsample": -0.9034842447203607, "max_depth": 3.0, "num_boost_round": 29.0}, "datetime": {"datetime": "2024-01-19 01:50:54", "elapsed": 5938.722835, "delta": 0.006199}}
{"target": -17.673142477487094, "params": {"gamma": 842.8989031575971, "log10_alpha": -0.12857260193735787, "log10_colsample_bytree": -0.8660733617307446, "log10_eta": -2.2457108217168344, "log10_lambda": 0.9320669947461351, "log10_min_child_weight": 0.2734104953117594, "log10_subsample": -0.9034842447203607, "max_depth": 3.0, "num_boost_round": 30.0}, "datetime": {"datetime": "2024-01-19 01:50:54", "elapsed": 5938.72919, "delta": 0.006355}}
{"target": -17.673028656826897, "params": {"gamma": 842.8989031575971, "log10_alpha": -0.12857260193735787, "log10_colsample_bytree": -0.8660733617307446, "log10_eta": -2.2457108217168344, "log10_lambda": 0.9320669947461351, "log10_min_child_weight": 0.2734104953117594, "log10_subsample": -0.9034842447203607, "max_depth": 3.0, "num_boost_round": 31.0}, "datetime": {"datetime": "2024-01-19 01:50:54", "elapsed": 5938.735872, "delta": 0.006682}}
{"target": -17.67303162173047, "params": {"gamma": 842.8989031575971, "log10_alpha": -0.12857260193735787, "log10_colsample_bytree": -0.8660733617307446, "log10_eta": -2.2457108217168344, "log10_lambda": 0.9320669947461351, "log10_min_child_weight": 0.2734104953117594, "log10_subsample": -0.9034842447203607, "max_depth": 3.0, "num_boost_round": 32.0}, "datetime": {"datetime": "2024-01-19 01:50:54", "elapsed": 5938.742387, "delta": 0.006515}}
{"target": -17.67277232870882, "params": {"gamma": 842.8989031575971, "log10_alpha": -0.12857260193735787, "log10_colsample_bytree": -0.8660733617307446, "log10_eta": -2.2457108217168344, "log10_lambda": 0.9320669947461351, "log10_min_child_weight": 0.2734104953117594, "log10_subsample": -0.9034842447203607, "max_depth": 3.0, "num_boost_round": 33.0}, "datetime": {"datetime": "2024-01-19 01:50:54", "elapsed": 5938.748832, "delta": 0.006445}}
{"target": -17.677229462205855, "params": {"gamma": 825.9222669362397, "log10_alpha": -0.4259119479807838, "log10_colsample_bytree": -0.11845435982022323, "log10_eta": -3.5248849000116116, "log10_lambda": -0.42191908906561615, "log10_min_child_weight": 2.656514331225457, "log10_subsample": -0.6422605428038265, "max_depth": 9.0, "num_boost_round": 0.0}, "datetime": {"datetime": "2024-01-19 01:53:04", "elapsed": 6068.605147, "delta": 129.856315}}
{"target": -17.677216357982676, "params": {"gamma": 825.9222669362397, "log10_alpha": -0.4259119479807838, "log10_colsample_bytree": -0.11845435982022323, "log10_eta": -3.5248849000116116, "log10_lambda": -0.42191908906561615, "log10_min_child_weight": 2.656514331225457, "log10_subsample": -0.6422605428038265, "max_depth": 9.0, "num_boost_round": 1.0}, "datetime": {"datetime": "2024-01-19 01:53:04", "elapsed": 6068.613343, "delta": 0.008196}}
{"target": -17.67720223182012, "params": {"gamma": 825.9222669362397, "log10_alpha": -0.4259119479807838, "log10_colsample_bytree": -0.11845435982022323, "log10_eta": -3.5248849000116116, "log10_lambda": -0.42191908906561615, "log10_min_child_weight": 2.656514331225457, "log10_subsample": -0.6422605428038265, "max_depth": 9.0, "num_boost_round": 2.0}, "datetime": {"datetime": "2024-01-19 01:53:04", "elapsed": 6068.620244, "delta": 0.006901}}
{"target": -17.67720074713824, "params": {"gamma": 825.9222669362397, "log10_alpha": -0.4259119479807838, "log10_colsample_bytree": -0.11845435982022323, "log10_eta": -3.5248849000116116, "log10_lambda": -0.42191908906561615, "log10_min_child_weight": 2.656514331225457, "log10_subsample": -0.6422605428038265, "max_depth": 9.0, "num_boost_round": 3.0}, "datetime": {"datetime": "2024-01-19 01:53:04", "elapsed": 6068.626999, "delta": 0.006755}}
{"target": -17.67719428324375, "params": {"gamma": 825.9222669362397, "log10_alpha": -0.4259119479807838, "log10_colsample_bytree": -0.11845435982022323, "log10_eta": -3.5248849000116116, "log10_lambda": -0.42191908906561615, "log10_min_child_weight": 2.656514331225457, "log10_subsample": -0.6422605428038265, "max_depth": 9.0, "num_boost_round": 4.0}, "datetime": {"datetime": "2024-01-19 01:53:04", "elapsed": 6068.633935, "delta": 0.006936}}
{"target": -17.677186418611146, "params": {"gamma": 825.9222669362397, "log10_alpha": -0.4259119479807838, "log10_colsample_bytree": -0.11845435982022323, "log10_eta": -3.5248849000116116, "log10_lambda": -0.42191908906561615, "log10_min_child_weight": 2.656514331225457, "log10_subsample": -0.6422605428038265, "max_depth": 9.0, "num_boost_round": 5.0}, "datetime": {"datetime": "2024-01-19 01:53:04", "elapsed": 6068.640908, "delta": 0.006973}}
{"target": -17.67717095311012, "params": {"gamma": 825.9222669362397, "log10_alpha": -0.4259119479807838, "log10_colsample_bytree": -0.11845435982022323, "log10_eta": -3.5248849000116116, "log10_lambda": -0.42191908906561615, "log10_min_child_weight": 2.656514331225457, "log10_subsample": -0.6422605428038265, "max_depth": 9.0, "num_boost_round": 6.0}, "datetime": {"datetime": "2024-01-19 01:53:04", "elapsed": 6068.647809, "delta": 0.006901}}
{"target": -17.677150576345564, "params": {"gamma": 825.9222669362397, "log10_alpha": -0.4259119479807838, "log10_colsample_bytree": -0.11845435982022323, "log10_eta": -3.5248849000116116, "log10_lambda": -0.42191908906561615, "log10_min_child_weight": 2.656514331225457, "log10_subsample": -0.6422605428038265, "max_depth": 9.0, "num_boost_round": 7.0}, "datetime": {"datetime": "2024-01-19 01:53:04", "elapsed": 6068.654615, "delta": 0.006806}}
{"target": -17.67714585677116, "params": {"gamma": 825.9222669362397, "log10_alpha": -0.4259119479807838, "log10_colsample_bytree": -0.11845435982022323, "log10_eta": -3.5248849000116116, "log10_lambda": -0.42191908906561615, "log10_min_child_weight": 2.656514331225457, "log10_subsample": -0.6422605428038265, "max_depth": 9.0, "num_boost_round": 8.0}, "datetime": {"datetime": "2024-01-19 01:53:04", "elapsed": 6068.661376, "delta": 0.006761}}
{"target": -17.67712984684573, "params": {"gamma": 825.9222669362397, "log10_alpha": -0.4259119479807838, "log10_colsample_bytree": -0.11845435982022323, "log10_eta": -3.5248849000116116, "log10_lambda": -0.42191908906561615, "log10_min_child_weight": 2.656514331225457, "log10_subsample": -0.6422605428038265, "max_depth": 9.0, "num_boost_round": 9.0}, "datetime": {"datetime": "2024-01-19 01:53:04", "elapsed": 6068.668224, "delta": 0.006848}}
{"target": -17.677129728693853, "params": {"gamma": 825.9222669362397, "log10_alpha": -0.4259119479807838, "log10_colsample_bytree": -0.11845435982022323, "log10_eta": -3.5248849000116116, "log10_lambda": -0.42191908906561615, "log10_min_child_weight": 2.656514331225457, "log10_subsample": -0.6422605428038265, "max_depth": 9.0, "num_boost_round": 10.0}, "datetime": {"datetime": "2024-01-19 01:53:04", "elapsed": 6068.674873, "delta": 0.006649}}
{"target": -17.677124627102213, "params": {"gamma": 825.9222669362397, "log10_alpha": -0.4259119479807838, "log10_colsample_bytree": -0.11845435982022323, "log10_eta": -3.5248849000116116, "log10_lambda": -0.42191908906561615, "log10_min_child_weight": 2.656514331225457, "log10_subsample": -0.6422605428038265, "max_depth": 9.0, "num_boost_round": 11.0}, "datetime": {"datetime": "2024-01-19 01:53:04", "elapsed": 6068.681721, "delta": 0.006848}}
{"target": -17.677113959961314, "params": {"gamma": 825.9222669362397, "log10_alpha": -0.4259119479807838, "log10_colsample_bytree": -0.11845435982022323, "log10_eta": -3.5248849000116116, "log10_lambda": -0.42191908906561615, "log10_min_child_weight": 2.656514331225457, "log10_subsample": -0.6422605428038265, "max_depth": 9.0, "num_boost_round": 12.0}, "datetime": {"datetime": "2024-01-19 01:53:04", "elapsed": 6068.689006, "delta": 0.007285}}
{"target": -17.677075816343788, "params": {"gamma": 825.9222669362397, "log10_alpha": -0.4259119479807838, "log10_colsample_bytree": -0.11845435982022323, "log10_eta": -3.5248849000116116, "log10_lambda": -0.42191908906561615, "log10_min_child_weight": 2.656514331225457, "log10_subsample": -0.6422605428038265, "max_depth": 9.0, "num_boost_round": 13.0}, "datetime": {"datetime": "2024-01-19 01:53:04", "elapsed": 6068.69688, "delta": 0.007874}}
{"target": -17.677056790533662, "params": {"gamma": 825.9222669362397, "log10_alpha": -0.4259119479807838, "log10_colsample_bytree": -0.11845435982022323, "log10_eta": -3.5248849000116116, "log10_lambda": -0.42191908906561615, "log10_min_child_weight": 2.656514331225457, "log10_subsample": -0.6422605428038265, "max_depth": 9.0, "num_boost_round": 14.0}, "datetime": {"datetime": "2024-01-19 01:53:04", "elapsed": 6068.704566, "delta": 0.007686}}
{"target": -17.677059036551185, "params": {"gamma": 825.9222669362397, "log10_alpha": -0.4259119479807838, "log10_colsample_bytree": -0.11845435982022323, "log10_eta": -3.5248849000116116, "log10_lambda": -0.42191908906561615, "log10_min_child_weight": 2.656514331225457, "log10_subsample": -0.6422605428038265, "max_depth": 9.0, "num_boost_round": 15.0}, "datetime": {"datetime": "2024-01-19 01:53:04", "elapsed": 6068.711777, "delta": 0.007211}}
{"target": -17.67703695943534, "params": {"gamma": 825.9222669362397, "log10_alpha": -0.4259119479807838, "log10_colsample_bytree": -0.11845435982022323, "log10_eta": -3.5248849000116116, "log10_lambda": -0.42191908906561615, "log10_min_child_weight": 2.656514331225457, "log10_subsample": -0.6422605428038265, "max_depth": 9.0, "num_boost_round": 16.0}, "datetime": {"datetime": "2024-01-19 01:53:04", "elapsed": 6068.718735, "delta": 0.006958}}
{"target": -17.677026007801743, "params": {"gamma": 825.9222669362397, "log10_alpha": -0.4259119479807838, "log10_colsample_bytree": -0.11845435982022323, "log10_eta": -3.5248849000116116, "log10_lambda": -0.42191908906561615, "log10_min_child_weight": 2.656514331225457, "log10_subsample": -0.6422605428038265, "max_depth": 9.0, "num_boost_round": 17.0}, "datetime": {"datetime": "2024-01-19 01:53:04", "elapsed": 6068.725748, "delta": 0.007013}}
{"target": -17.67703262432227, "params": {"gamma": 825.9222669362397, "log10_alpha": -0.4259119479807838, "log10_colsample_bytree": -0.11845435982022323, "log10_eta": -3.5248849000116116, "log10_lambda": -0.42191908906561615, "log10_min_child_weight": 2.656514331225457, "log10_subsample": -0.6422605428038265, "max_depth": 9.0, "num_boost_round": 18.0}, "datetime": {"datetime": "2024-01-19 01:53:04", "elapsed": 6068.732702, "delta": 0.006954}}
{"target": -17.67700489588169, "params": {"gamma": 825.9222669362397, "log10_alpha": -0.4259119479807838, "log10_colsample_bytree": -0.11845435982022323, "log10_eta": -3.5248849000116116, "log10_lambda": -0.42191908906561615, "log10_min_child_weight": 2.656514331225457, "log10_subsample": -0.6422605428038265, "max_depth": 9.0, "num_boost_round": 19.0}, "datetime": {"datetime": "2024-01-19 01:53:04", "elapsed": 6068.739565, "delta": 0.006863}}
{"target": -17.676998756573038, "params": {"gamma": 825.9222669362397, "log10_alpha": -0.4259119479807838, "log10_colsample_bytree": -0.11845435982022323, "log10_eta": -3.5248849000116116, "log10_lambda": -0.42191908906561615, "log10_min_child_weight": 2.656514331225457, "log10_subsample": -0.6422605428038265, "max_depth": 9.0, "num_boost_round": 20.0}, "datetime": {"datetime": "2024-01-19 01:53:04", "elapsed": 6068.746409, "delta": 0.006844}}
{"target": -17.67699284249397, "params": {"gamma": 825.9222669362397, "log10_alpha": -0.4259119479807838, "log10_colsample_bytree": -0.11845435982022323, "log10_eta": -3.5248849000116116, "log10_lambda": -0.42191908906561615, "log10_min_child_weight": 2.656514331225457, "log10_subsample": -0.6422605428038265, "max_depth": 9.0, "num_boost_round": 21.0}, "datetime": {"datetime": "2024-01-19 01:53:04", "elapsed": 6068.753243, "delta": 0.006834}}
{"target": -17.67696992078658, "params": {"gamma": 825.9222669362397, "log10_alpha": -0.4259119479807838, "log10_colsample_bytree": -0.11845435982022323, "log10_eta": -3.5248849000116116, "log10_lambda": -0.42191908906561615, "log10_min_child_weight": 2.656514331225457, "log10_subsample": -0.6422605428038265, "max_depth": 9.0, "num_boost_round": 22.0}, "datetime": {"datetime": "2024-01-19 01:53:04", "elapsed": 6068.760014, "delta": 0.006771}}
{"target": -17.67694016427505, "params": {"gamma": 825.9222669362397, "log10_alpha": -0.4259119479807838, "log10_colsample_bytree": -0.11845435982022323, "log10_eta": -3.5248849000116116, "log10_lambda": -0.42191908906561615, "log10_min_child_weight": 2.656514331225457, "log10_subsample": -0.6422605428038265, "max_depth": 9.0, "num_boost_round": 23.0}, "datetime": {"datetime": "2024-01-19 01:53:04", "elapsed": 6068.766913, "delta": 0.006899}}
{"target": -17.676916607187295, "params": {"gamma": 825.9222669362397, "log10_alpha": -0.4259119479807838, "log10_colsample_bytree": -0.11845435982022323, "log10_eta": -3.5248849000116116, "log10_lambda": -0.42191908906561615, "log10_min_child_weight": 2.656514331225457, "log10_subsample": -0.6422605428038265, "max_depth": 9.0, "num_boost_round": 24.0}, "datetime": {"datetime": "2024-01-19 01:53:04", "elapsed": 6068.77487, "delta": 0.007957}}
{"target": -17.67690969650004, "params": {"gamma": 825.9222669362397, "log10_alpha": -0.4259119479807838, "log10_colsample_bytree": -0.11845435982022323, "log10_eta": -3.5248849000116116, "log10_lambda": -0.42191908906561615, "log10_min_child_weight": 2.656514331225457, "log10_subsample": -0.6422605428038265, "max_depth": 9.0, "num_boost_round": 25.0}, "datetime": {"datetime": "2024-01-19 01:53:04", "elapsed": 6068.782257, "delta": 0.007387}}
{"target": -17.676909198854535, "params": {"gamma": 825.9222669362397, "log10_alpha": -0.4259119479807838, "log10_colsample_bytree": -0.11845435982022323, "log10_eta": -3.5248849000116116, "log10_lambda": -0.42191908906561615, "log10_min_child_weight": 2.656514331225457, "log10_subsample": -0.6422605428038265, "max_depth": 9.0, "num_boost_round": 26.0}, "datetime": {"datetime": "2024-01-19 01:53:04", "elapsed": 6068.788987, "delta": 0.00673}}
{"target": -17.676911391132354, "params": {"gamma": 825.9222669362397, "log10_alpha": -0.4259119479807838, "log10_colsample_bytree": -0.11845435982022323, "log10_eta": -3.5248849000116116, "log10_lambda": -0.42191908906561615, "log10_min_child_weight": 2.656514331225457, "log10_subsample": -0.6422605428038265, "max_depth": 9.0, "num_boost_round": 27.0}, "datetime": {"datetime": "2024-01-19 01:53:04", "elapsed": 6068.795803, "delta": 0.006816}}
{"target": -17.676913863439374, "params": {"gamma": 825.9222669362397, "log10_alpha": -0.4259119479807838, "log10_colsample_bytree": -0.11845435982022323, "log10_eta": -3.5248849000116116, "log10_lambda": -0.42191908906561615, "log10_min_child_weight": 2.656514331225457, "log10_subsample": -0.6422605428038265, "max_depth": 9.0, "num_boost_round": 28.0}, "datetime": {"datetime": "2024-01-19 01:53:04", "elapsed": 6068.80277, "delta": 0.006967}}
