{"target": -17.676919778942455, "params": {"gamma": 888.9100494218276, "log10_alpha": -2.462569612022919, "log10_colsample_bytree": -0.8522460042581395, "log10_eta": -2.318233157464902, "log10_lambda": 0.2169134356036464, "log10_min_child_weight": 0.3104290391686432, "log10_subsample": -0.966027854541259, "max_depth": 3.0, "num_boost_round": 4.0}, "datetime": {"datetime": "2024-01-19 02:00:28", "elapsed": 6508.989647, "delta": 0.006036}}
{"target": -17.676824966079707, "params": {"gamma": 888.9100494218276, "log10_alpha": -2.462569612022919, "log10_colsample_bytree": -0.8522460042581395, "log10_eta": -2.318233157464902, "log10_lambda": 0.2169134356036464, "log10_min_child_weight": 0.3104290391686432, "log10_subsample": -0.966027854541259, "max_depth": 3.0, "num_boost_round": 5.0}, "datetime": {"datetime": "2024-01-19 02:00:28", "elapsed": 6508.995875, "delta": 0.006228}}
{"target": -17.676838146987652, "params": {"gamma": 888.9100494218276, "log10_alpha": -2.462569612022919, "log10_colsample_bytree": -0.8522460042581395, "log10_eta": -2.318233157464902, "log10_lambda": 0.2169134356036464, "log10_min_child_weight": 0.3104290391686432, "log10_subsample": -0.966027854541259, "max_depth": 3.0, "num_boost_round": 6.0}, "datetime": {"datetime": "2024-01-19 02:00:28", "elapsed": 6509.002017, "delta": 0.006142}}
{"target": -17.67665084219155, "params": {"gamma": 888.9100494218276, "log10_alpha": -2.462569612022919, "log10_colsample_bytree": -0.8522460042581395, "log10_eta": -2.318233157464902, "log10_lambda": 0.2169134356036464, "log10_min_child_weight": 0.3104290391686432, "log10_subsample": -0.966027854541259, "max_depth": 3.0, "num_boost_round": 7.0}, "datetime": {"datetime": "2024-01-19 02:00:28", "elapsed": 6509.007955, "delta": 0.005938}}
{"target": -17.67653718058347, "params": {"gamma": 888.9100494218276, "log10_alpha": -2.462569612022919, "log10_colsample_bytree": -0.8522460042581395, "log10_eta": -2.318233157464902, "log10_lambda": 0.2169134356036464, "log10_min_child_weight": 0.3104290391686432, "log10_subsample": -0.966027854541259, "max_depth": 3.0, "num_boost_round": 8.0}, "datetime": {"datetime": "2024-01-19 02:00:28", "elapsed": 6509.013841, "delta": 0.005886}}
{"target": -17.676404333820205, "params": {"gamma": 888.9100494218276, "log10_alpha": -2.462569612022919, "log10_colsample_bytree": -0.8522460042581395, "log10_eta": -2.318233157464902, "log10_lambda": 0.2169134356036464, "log10_min_child_weight": 0.3104290391686432, "log10_subsample": -0.966027854541259, "max_depth": 3.0, "num_boost_round": 9.0}, "datetime": {"datetime": "2024-01-19 02:00:28", "elapsed": 6509.01995, "delta": 0.006109}}
{"target": -17.676158082683823, "params": {"gamma": 888.9100494218276, "log10_alpha": -2.462569612022919, "log10_colsample_bytree": -0.8522460042581395, "log10_eta": -2.318233157464902, "log10_lambda": 0.2169134356036464, "log10_min_child_weight": 0.3104290391686432, "log10_subsample": -0.966027854541259, "max_depth": 3.0, "num_boost_round": 10.0}, "datetime": {"datetime": "2024-01-19 02:00:28", "elapsed": 6509.025843, "delta": 0.005893}}
{"target": -17.676084752457484, "params": {"gamma": 888.9100494218276, "log10_alpha": -2.462569612022919, "log10_colsample_bytree": -0.8522460042581395, "log10_eta": -2.318233157464902, "log10_lambda": 0.2169134356036464, "log10_min_child_weight": 0.3104290391686432, "log10_subsample": -0.966027854541259, "max_depth": 3.0, "num_boost_round": 11.0}, "datetime": {"datetime": "2024-01-19 02:00:28", "elapsed": 6509.032609, "delta": 0.006766}}
{"target": -17.67595162368129, "params": {"gamma": 888.9100494218276, "log10_alpha": -2.462569612022919, "log10_colsample_bytree": -0.8522460042581395, "log10_eta": -2.318233157464902, "log10_lambda": 0.2169134356036464, "log10_min_child_weight": 0.3104290391686432, "log10_subsample": -0.966027854541259, "max_depth": 3.0, "num_boost_round": 12.0}, "datetime": {"datetime": "2024-01-19 02:00:28", "elapsed": 6509.038959, "delta": 0.00635}}
{"target": -17.67570218258526, "params": {"gamma": 888.9100494218276, "log10_alpha": -2.462569612022919, "log10_colsample_bytree": -0.8522460042581395, "log10_eta": -2.318233157464902, "log10_lambda": 0.2169134356036464, "log10_min_child_weight": 0.3104290391686432, "log10_subsample": -0.966027854541259, "max_depth": 3.0, "num_boost_round": 13.0}, "datetime": {"datetime": "2024-01-19 02:00:28", "elapsed": 6509.044821, "delta": 0.005862}}
{"target": -17.675573050391282, "params": {"gamma": 888.9100494218276, "log10_alpha": -2.462569612022919, "log10_colsample_bytree": -0.8522460042581395, "log10_eta": -2.318233157464902, "log10_lambda": 0.2169134356036464, "log10_min_child_weight": 0.3104290391686432, "log10_subsample": -0.966027854541259, "max_depth": 3.0, "num_boost_round": 14.0}, "datetime": {"datetime": "2024-01-19 02:00:28", "elapsed": 6509.050471, "delta": 0.00565}}
{"target": -17.675420921236704, "params": {"gamma": 888.9100494218276, "log10_alpha": -2.462569612022919, "log10_colsample_bytree": -0.8522460042581395, "log10_eta": -2.318233157464902, "log10_lambda": 0.2169134356036464, "log10_min_child_weight": 0.3104290391686432, "log10_subsample": -0.966027854541259, "max_depth": 3.0, "num_boost_round": 15.0}, "datetime": {"datetime": "2024-01-19 02:00:28", "elapsed": 6509.056181, "delta": 0.00571}}
{"target": -17.675205931531078, "params": {"gamma": 888.9100494218276, "log10_alpha": -2.462569612022919, "log10_colsample_bytree": -0.8522460042581395, "log10_eta": -2.318233157464902, "log10_lambda": 0.2169134356036464, "log10_min_child_weight": 0.3104290391686432, "log10_subsample": -0.966027854541259, "max_depth": 3.0, "num_boost_round": 16.0}, "datetime": {"datetime": "2024-01-19 02:00:28", "elapsed": 6509.061936, "delta": 0.005755}}
{"target": -17.675101608356098, "params": {"gamma": 888.9100494218276, "log10_alpha": -2.462569612022919, "log10_colsample_bytree": -0.8522460042581395, "log10_eta": -2.318233157464902, "log10_lambda": 0.2169134356036464, "log10_min_child_weight": 0.3104290391686432, "log10_subsample": -0.966027854541259, "max_depth": 3.0, "num_boost_round": 17.0}, "datetime": {"datetime": "2024-01-19 02:00:28", "elapsed": 6509.067844, "delta": 0.005908}}
{"target": -17.67502181855801, "params": {"gamma": 888.9100494218276, "log10_alpha": -2.462569612022919, "log10_colsample_bytree": -0.8522460042581395, "log10_eta": -2.318233157464902, "log10_lambda": 0.2169134356036464, "log10_min_child_weight": 0.3104290391686432, "log10_subsample": -0.966027854541259, "max_depth": 3.0, "num_boost_round": 18.0}, "datetime": {"datetime": "2024-01-19 02:00:28", "elapsed": 6509.078988, "delta": 0.011144}}
{"target": -17.67500724205029, "params": {"gamma": 888.9100494218276, "log10_alpha": -2.462569612022919, "log10_colsample_bytree": -0.8522460042581395, "log10_eta": -2.318233157464902, "log10_lambda": 0.2169134356036464, "log10_min_child_weight": 0.3104290391686432, "log10_subsample": -0.966027854541259, "max_depth": 3.0, "num_boost_round": 19.0}, "datetime": {"datetime": "2024-01-19 02:00:28", "elapsed": 6509.08516, "delta": 0.006172}}
{"target": -17.674842532772523, "params": {"gamma": 888.9100494218276, "log10_alpha": -2.462569612022919, "log10_colsample_bytree": -0.8522460042581395, "log10_eta": -2.318233157464902, "log10_lambda": 0.2169134356036464, "log10_min_child_weight": 0.3104290391686432, "log10_subsample": -0.966027854541259, "max_depth": 3.0, "num_boost_round": 20.0}, "datetime": {"datetime": "2024-01-19 02:00:28", "elapsed": 6509.090987, "delta": 0.005827}}
{"target": -17.674703344700088, "params": {"gamma": 888.9100494218276, "log10_alpha": -2.462569612022919, "log10_colsample_bytree": -0.8522460042581395, "log10_eta": -2.318233157464902, "log10_lambda": 0.2169134356036464, "log10_min_child_weight": 0.3104290391686432, "log10_subsample": -0.966027854541259, "max_depth": 3.0, "num_boost_round": 21.0}, "datetime": {"datetime": "2024-01-19 02:00:28", "elapsed": 6509.096961, "delta": 0.005974}}
{"target": -17.674586091142373, "params": {"gamma": 888.9100494218276, "log10_alpha": -2.462569612022919, "log10_colsample_bytree": -0.8522460042581395, "log10_eta": -2.318233157464902, "log10_lambda": 0.2169134356036464, "log10_min_child_weight": 0.3104290391686432, "log10_subsample": -0.966027854541259, "max_depth": 3.0, "num_boost_round": 22.0}, "datetime": {"datetime": "2024-01-19 02:00:28", "elapsed": 6509.102839, "delta": 0.005878}}
{"target": -17.67446415877004, "params": {"gamma": 888.9100494218276, "log10_alpha": -2.462569612022919, "log10_colsample_bytree": -0.8522460042581395, "log10_eta": -2.318233157464902, "log10_lambda": 0.2169134356036464, "log10_min_child_weight": 0.3104290391686432, "log10_subsample": -0.966027854541259, "max_depth": 3.0, "num_boost_round": 23.0}, "datetime": {"datetime": "2024-01-19 02:00:28", "elapsed": 6509.108605, "delta": 0.005766}}
{"target": -17.67448565469512, "params": {"gamma": 888.9100494218276, "log10_alpha": -2.462569612022919, "log10_colsample_bytree": -0.8522460042581395, "log10_eta": -2.318233157464902, "log10_lambda": 0.2169134356036464, "log10_min_child_weight": 0.3104290391686432, "log10_subsample": -0.966027854541259, "max_depth": 3.0, "num_boost_round": 24.0}, "datetime": {"datetime": "2024-01-19 02:00:28", "elapsed": 6509.114581, "delta": 0.005976}}
{"target": -17.677224906890842, "params": {"gamma": 868.7338162975102, "log10_alpha": 0.16863277384144482, "log10_colsample_bytree": -0.61271251719221, "log10_eta": -3.8149766837553223, "log10_lambda": -2.701150809184008, "log10_min_child_weight": 3.157719211015335, "log10_subsample": -0.2348560929887359, "max_depth": 5.0, "num_boost_round": 0.0}, "datetime": {"datetime": "2024-01-19 02:02:48", "elapsed": 6648.928199, "delta": 139.813618}}
{"target": -17.67721613466481, "params": {"gamma": 868.7338162975102, "log10_alpha": 0.16863277384144482, "log10_colsample_bytree": -0.61271251719221, "log10_eta": -3.8149766837553223, "log10_lambda": -2.701150809184008, "log10_min_child_weight": 3.157719211015335, "log10_subsample": -0.2348560929887359, "max_depth": 5.0, "num_boost_round": 1.0}, "datetime": {"datetime": "2024-01-19 02:02:48", "elapsed": 6648.936103, "delta": 0.007904}}
{"target": -17.6772102081082, "params": {"gamma": 868.7338162975102, "log10_alpha": 0.16863277384144482, "log10_colsample_bytree": -0.61271251719221, "log10_eta": -3.8149766837553223, "log10_lambda": -2.701150809184008, "log10_min_child_weight": 3.157719211015335, "log10_subsample": -0.2348560929887359, "max_depth": 5.0, "num_boost_round": 2.0}, "datetime": {"datetime": "2024-01-19 02:02:48", "elapsed": 6648.942235, "delta": 0.006132}}
{"target": -17.677210789136993, "params": {"gamma": 868.7338162975102, "log10_alpha": 0.16863277384144482, "log10_colsample_bytree": -0.61271251719221, "log10_eta": -3.8149766837553223, "log10_lambda": -2.701150809184008, "log10_min_child_weight": 3.157719211015335, "log10_subsample": -0.2348560929887359, "max_depth": 5.0, "num_boost_round": 3.0}, "datetime": {"datetime": "2024-01-19 02:02:48", "elapsed": 6648.948364, "delta": 0.006129}}
{"target": -17.677205171451728, "params": {"gamma": 868.7338162975102, "log10_alpha": 0.16863277384144482, "log10_colsample_bytree": -0.61271251719221, "log10_eta": -3.8149766837553223, "log10_lambda": -2.701150809184008, "log10_min_child_weight": 3.157719211015335, "log10_subsample": -0.2348560929887359, "max_depth": 5.0, "num_boost_round": 4.0}, "datetime": {"datetime": "2024-01-19 02:02:48", "elapsed": 6648.954627, "delta": 0.006263}}
{"target": -17.677202074902198, "params": {"gamma": 868.7338162975102, "log10_alpha": 0.16863277384144482, "log10_colsample_bytree": -0.61271251719221, "log10_eta": -3.8149766837553223, "log10_lambda": -2.701150809184008, "log10_min_child_weight": 3.157719211015335, "log10_subsample": -0.2348560929887359, "max_depth": 5.0, "num_boost_round": 5.0}, "datetime": {"datetime": "2024-01-19 02:02:48", "elapsed": 6648.960646, "delta": 0.006019}}
{"target": -17.677199052674545, "params": {"gamma": 868.7338162975102, "log10_alpha": 0.16863277384144482, "log10_colsample_bytree": -0.61271251719221, "log10_eta": -3.8149766837553223, "log10_lambda": -2.701150809184008, "log10_min_child_weight": 3.157719211015335, "log10_subsample": -0.2348560929887359, "max_depth": 5.0, "num_boost_round": 6.0}, "datetime": {"datetime": "2024-01-19 02:02:48", "elapsed": 6648.966631, "delta": 0.005985}}
{"target": -17.677189681803036, "params": {"gamma": 868.7338162975102, "log10_alpha": 0.16863277384144482, "log10_colsample_bytree": -0.61271251719221, "log10_eta": -3.8149766837553223, "log10_lambda": -2.701150809184008, "log10_min_child_weight": 3.157719211015335, "log10_subsample": -0.2348560929887359, "max_depth": 5.0, "num_boost_round": 7.0}, "datetime": {"datetime": "2024-01-19 02:02:48", "elapsed": 6648.972842, "delta": 0.006211}}
{"target": -17.67718495425006, "params": {"gamma": 868.7338162975102, "log10_alpha": 0.16863277384144482, "log10_colsample_bytree": -0.61271251719221, "log10_eta": -3.8149766837553223, "log10_lambda": -2.701150809184008, "log10_min_child_weight": 3.157719211015335, "log10_subsample": -0.2348560929887359, "max_depth": 5.0, "num_boost_round": 8.0}, "datetime": {"datetime": "2024-01-19 02:02:48", "elapsed": 6648.978951, "delta": 0.006109}}
{"target": -17.677180959363888, "params": {"gamma": 868.7338162975102, "log10_alpha": 0.16863277384144482, "log10_colsample_bytree": -0.61271251719221, "log10_eta": -3.8149766837553223, "log10_lambda": -2.701150809184008, "log10_min_child_weight": 3.157719211015335, "log10_subsample": -0.2348560929887359, "max_depth": 5.0, "num_boost_round": 9.0}, "datetime": {"datetime": "2024-01-19 02:02:48", "elapsed": 6648.984966, "delta": 0.006015}}
{"target": -17.677177201522078, "params": {"gamma": 868.7338162975102, "log10_alpha": 0.16863277384144482, "log10_colsample_bytree": -0.61271251719221, "log10_eta": -3.8149766837553223, "log10_lambda": -2.701150809184008, "log10_min_child_weight": 3.157719211015335, "log10_subsample": -0.2348560929887359, "max_depth": 5.0, "num_boost_round": 10.0}, "datetime": {"datetime": "2024-01-19 02:02:48", "elapsed": 6648.991089, "delta": 0.006123}}
{"target": -17.67717274603189, "params": {"gamma": 868.7338162975102, "log10_alpha": 0.16863277384144482, "log10_colsample_bytree": -0.61271251719221, "log10_eta": -3.8149766837553223, "log10_lambda": -2.701150809184008, "log10_min_child_weight": 3.157719211015335, "log10_subsample": -0.2348560929887359, "max_depth": 5.0, "num_boost_round": 11.0}, "datetime": {"datetime": "2024-01-19 02:02:48", "elapsed": 6648.997047, "delta": 0.005958}}
{"target": -17.677169001341024, "params": {"gamma": 868.7338162975102, "log10_alpha": 0.16863277384144482, "log10_colsample_bytree": -0.61271251719221, "log10_eta": -3.8149766837553223, "log10_lambda": -2.701150809184008, "log10_min_child_weight": 3.157719211015335, "log10_subsample": -0.2348560929887359, "max_depth": 5.0, "num_boost_round": 12.0}, "datetime": {"datetime": "2024-01-19 02:02:48", "elapsed": 6649.002934, "delta": 0.005887}}
{"target": -17.677162399782226, "params": {"gamma": 868.7338162975102, "log10_alpha": 0.16863277384144482, "log10_colsample_bytree": -0.61271251719221, "log10_eta": -3.8149766837553223, "log10_lambda": -2.701150809184008, "log10_min_child_weight": 3.157719211015335, "log10_subsample": -0.2348560929887359, "max_depth": 5.0, "num_boost_round": 13.0}, "datetime": {"datetime": "2024-01-19 02:02:48", "elapsed": 6649.008691, "delta": 0.005757}}
{"target": -17.677160720263384, "params": {"gamma": 868.7338162975102, "log10_alpha": 0.16863277384144482, "log10_colsample_bytree": -0.61271251719221, "log10_eta": -3.8149766837553223, "log10_lambda": -2.701150809184008, "log10_min_child_weight": 3.157719211015335, "log10_subsample": -0.2348560929887359, "max_depth": 5.0, "num_boost_round": 14.0}, "datetime": {"datetime": "2024-01-19 02:02:48", "elapsed": 6649.014608, "delta": 0.005917}}
{"target": -17.67715567811334, "params": {"gamma": 868.7338162975102, "log10_alpha": 0.16863277384144482, "log10_colsample_bytree": -0.61271251719221, "log10_eta": -3.8149766837553223, "log10_lambda": -2.701150809184008, "log10_min_child_weight": 3.157719211015335, "log10_subsample": -0.2348560929887359, "max_depth": 5.0, "num_boost_round": 15.0}, "datetime": {"datetime": "2024-01-19 02:02:48", "elapsed": 6649.0207, "delta": 0.006092}}
{"target": -17.677152460374284, "params": {"gamma": 868.7338162975102, "log10_alpha": 0.16863277384144482, "log10_colsample_bytree": -0.61271251719221, "log10_eta": -3.8149766837553223, "log10_lambda": -2.701150809184008, "log10_min_child_weight": 3.157719211015335, "log10_subsample": -0.2348560929887359, "max_depth": 5.0, "num_boost_round": 16.0}, "datetime": {"datetime": "2024-01-19 02:02:48", "elapsed": 6649.026619, "delta": 0.005919}}
{"target": -17.677153240518383, "params": {"gamma": 868.7338162975102, "log10_alpha": 0.16863277384144482, "log10_colsample_bytree": -0.61271251719221, "log10_eta": -3.8149766837553223, "log10_lambda": -2.701150809184008, "log10_min_child_weight": 3.157719211015335, "log10_subsample": -0.2348560929887359, "max_depth": 5.0, "num_boost_round": 17.0}, "datetime": {"datetime": "2024-01-19 02:02:48", "elapsed": 6649.032383, "delta": 0.005764}}
{"target": -17.677155504184256, "params": {"gamma": 868.7338162975102, "log10_alpha": 0.16863277384144482, "log10_colsample_bytree": -0.61271251719221, "log10_eta": -3.8149766837553223, "log10_lambda": -2.701150809184008, "log10_min_child_weight": 3.157719211015335, "log10_subsample": -0.2348560929887359, "max_depth": 5.0, "num_boost_round": 18.0}, "datetime": {"datetime": "2024-01-19 02:02:48", "elapsed": 6649.038286, "delta": 0.005903}}
{"target": -17.677155987292064, "params": {"gamma": 868.7338162975102, "log10_alpha": 0.16863277384144482, "log10_colsample_bytree": -0.61271251719221, "log10_eta": -3.8149766837553223, "log10_lambda": -2.701150809184008, "log10_min_child_weight": 3.157719211015335, "log10_subsample": -0.2348560929887359, "max_depth": 5.0, "num_boost_round": 19.0}, "datetime": {"datetime": "2024-01-19 02:02:48", "elapsed": 6649.044253, "delta": 0.005967}}
{"target": -17.677149213281233, "params": {"gamma": 868.7338162975102, "log10_alpha": 0.16863277384144482, "log10_colsample_bytree": -0.61271251719221, "log10_eta": -3.8149766837553223, "log10_lambda": -2.701150809184008, "log10_min_child_weight": 3.157719211015335, "log10_subsample": -0.2348560929887359, "max_depth": 5.0, "num_boost_round": 20.0}, "datetime": {"datetime": "2024-01-19 02:02:48", "elapsed": 6649.050143, "delta": 0.00589}}
{"target": -17.67722608080756, "params": {"gamma": 879.5875888313178, "log10_alpha": -4.595327129978999, "log10_colsample_bytree": -0.864931627431195, "log10_eta": -3.7820209104780163, "log10_lambda": -4.824233227937748, "log10_min_child_weight": 1.8403792484303938, "log10_subsample": -0.3328320672551901, "max_depth": 7.0, "num_boost_round": 0.0}, "datetime": {"datetime": "2024-01-19 02:04:37", "elapsed": 6757.916157, "delta": 108.866014}}
{"target": -17.67721610431664, "params": {"gamma": 879.5875888313178, "log10_alpha": -4.595327129978999, "log10_colsample_bytree": -0.864931627431195, "log10_eta": -3.7820209104780163, "log10_lambda": -4.824233227937748, "log10_min_child_weight": 1.8403792484303938, "log10_subsample": -0.3328320672551901, "max_depth": 7.0, "num_boost_round": 1.0}, "datetime": {"datetime": "2024-01-19 02:04:37", "elapsed": 6757.923262, "delta": 0.007105}}
{"target": -17.677194993262326, "params": {"gamma": 879.5875888313178, "log10_alpha": -4.595327129978999, "log10_colsample_bytree": -0.864931627431195, "log10_eta": -3.7820209104780163, "log10_lambda": -4.824233227937748, "log10_min_child_weight": 1.8403792484303938, "log10_subsample": -0.3328320672551901, "max_depth": 7.0, "num_boost_round": 2.0}, "datetime": {"datetime": "2024-01-19 02:04:37", "elapsed": 6757.929555, "delta": 0.006293}}
{"target": -17.67719582539129, "params": {"gamma": 879.5875888313178, "log10_alpha": -4.595327129978999, "log10_colsample_bytree": -0.864931627431195, "log10_eta": -3.7820209104780163, "log10_lambda": -4.824233227937748, "log10_min_child_weight": 1.8403792484303938, "log10_subsample": -0.3328320672551901, "max_depth": 7.0, "num_boost_round": 3.0}, "datetime": {"datetime": "2024-01-19 02:04:37", "elapsed": 6757.935521, "delta": 0.005966}}
{"target": -17.677184352327416, "params": {"gamma": 879.5875888313178, "log10_alpha": -4.595327129978999, "log10_colsample_bytree": -0.864931627431195, "log10_eta": -3.7820209104780163, "log10_lambda": -4.824233227937748, "log10_min_child_weight": 1.8403792484303938, "log10_subsample": -0.3328320672551901, "max_depth": 7.0, "num_boost_round": 4.0}, "datetime": {"datetime": "2024-01-19 02:04:37", "elapsed": 6757.94156, "delta": 0.006039}}
{"target": -17.677178042001643, "params": {"gamma": 879.5875888313178, "log10_alpha": -4.595327129978999, "log10_colsample_bytree": -0.864931627431195, "log10_eta": -3.7820209104780163, "log10_lambda": -4.824233227937748, "log10_min_child_weight": 1.8403792484303938, "log10_subsample": -0.3328320672551901, "max_depth": 7.0, "num_boost_round": 5.0}, "datetime": {"datetime": "2024-01-19 02:04:37", "elapsed": 6757.947429, "delta": 0.005869}}
{"target": -17.677182474526532, "params": {"gamma": 879.5875888313178, "log10_alpha": -4.595327129978999, "log10_colsample_bytree": -0.864931627431195, "log10_eta": -3.7820209104780163, "log10_lambda": -4.824233227937748, "log10_min_child_weight": 1.8403792484303938, "log10_subsample": -0.3328320672551901, "max_depth": 7.0, "num_boost_round": 6.0}, "datetime": {"datetime": "2024-01-19 02:04:37", "elapsed": 6757.95339, "delta": 0.005961}}
