{"target": -13.758510194424543, "params": {"gamma": 945.6328258878393, "log10_alpha": -1.4928005711068035, "log10_colsample_bytree": -0.9952409505515359, "log10_eta": -3.843970384719658, "log10_lambda": -1.9989515889422504, "log10_min_child_weight": 3.805710024327786, "log10_subsample": -0.10722317740128284, "max_depth": 6.0, "num_boost_round": 21.0}, "datetime": {"datetime": "2024-01-19 01:04:19", "elapsed": 3160.219136, "delta": 0.003916}}
{"target": -13.75850814245915, "params": {"gamma": 945.6328258878393, "log10_alpha": -1.4928005711068035, "log10_colsample_bytree": -0.9952409505515359, "log10_eta": -3.843970384719658, "log10_lambda": -1.9989515889422504, "log10_min_child_weight": 3.805710024327786, "log10_subsample": -0.10722317740128284, "max_depth": 6.0, "num_boost_round": 22.0}, "datetime": {"datetime": "2024-01-19 01:04:19", "elapsed": 3160.223106, "delta": 0.00397}}
{"target": -13.758505101534942, "params": {"gamma": 945.6328258878393, "log10_alpha": -1.4928005711068035, "log10_colsample_bytree": -0.9952409505515359, "log10_eta": -3.843970384719658, "log10_lambda": -1.9989515889422504, "log10_min_child_weight": 3.805710024327786, "log10_subsample": -0.10722317740128284, "max_depth": 6.0, "num_boost_round": 23.0}, "datetime": {"datetime": "2024-01-19 01:04:19", "elapsed": 3160.227064, "delta": 0.003958}}
{"target": -13.75850541802651, "params": {"gamma": 945.6328258878393, "log10_alpha": -1.4928005711068035, "log10_colsample_bytree": -0.9952409505515359, "log10_eta": -3.843970384719658, "log10_lambda": -1.9989515889422504, "log10_min_child_weight": 3.805710024327786, "log10_subsample": -0.10722317740128284, "max_depth": 6.0, "num_boost_round": 24.0}, "datetime": {"datetime": "2024-01-19 01:04:19", "elapsed": 3160.230952, "delta": 0.003888}}
{"target": -13.758504942201501, "params": {"gamma": 945.6328258878393, "log10_alpha": -1.4928005711068035, "log10_colsample_bytree": -0.9952409505515359, "log10_eta": -3.843970384719658, "log10_lambda": -1.9989515889422504, "log10_min_child_weight": 3.805710024327786, "log10_subsample": -0.10722317740128284, "max_depth": 6.0, "num_boost_round": 25.0}, "datetime": {"datetime": "2024-01-19 01:04:19", "elapsed": 3160.234897, "delta": 0.003945}}
{"target": -13.758502804679244, "params": {"gamma": 945.6328258878393, "log10_alpha": -1.4928005711068035, "log10_colsample_bytree": -0.9952409505515359, "log10_eta": -3.843970384719658, "log10_lambda": -1.9989515889422504, "log10_min_child_weight": 3.805710024327786, "log10_subsample": -0.10722317740128284, "max_depth": 6.0, "num_boost_round": 26.0}, "datetime": {"datetime": "2024-01-19 01:04:19", "elapsed": 3160.238803, "delta": 0.003906}}
{"target": -13.758501197064748, "params": {"gamma": 945.6328258878393, "log10_alpha": -1.4928005711068035, "log10_colsample_bytree": -0.9952409505515359, "log10_eta": -3.843970384719658, "log10_lambda": -1.9989515889422504, "log10_min_child_weight": 3.805710024327786, "log10_subsample": -0.10722317740128284, "max_depth": 6.0, "num_boost_round": 27.0}, "datetime": {"datetime": "2024-01-19 01:04:19", "elapsed": 3160.24276, "delta": 0.003957}}
{"target": -13.758498637924708, "params": {"gamma": 945.6328258878393, "log10_alpha": -1.4928005711068035, "log10_colsample_bytree": -0.9952409505515359, "log10_eta": -3.843970384719658, "log10_lambda": -1.9989515889422504, "log10_min_child_weight": 3.805710024327786, "log10_subsample": -0.10722317740128284, "max_depth": 6.0, "num_boost_round": 28.0}, "datetime": {"datetime": "2024-01-19 01:04:19", "elapsed": 3160.246777, "delta": 0.004017}}
{"target": -13.758497908596302, "params": {"gamma": 945.6328258878393, "log10_alpha": -1.4928005711068035, "log10_colsample_bytree": -0.9952409505515359, "log10_eta": -3.843970384719658, "log10_lambda": -1.9989515889422504, "log10_min_child_weight": 3.805710024327786, "log10_subsample": -0.10722317740128284, "max_depth": 6.0, "num_boost_round": 29.0}, "datetime": {"datetime": "2024-01-19 01:04:19", "elapsed": 3160.250695, "delta": 0.003918}}
{"target": -13.758497666064052, "params": {"gamma": 945.6328258878393, "log10_alpha": -1.4928005711068035, "log10_colsample_bytree": -0.9952409505515359, "log10_eta": -3.843970384719658, "log10_lambda": -1.9989515889422504, "log10_min_child_weight": 3.805710024327786, "log10_subsample": -0.10722317740128284, "max_depth": 6.0, "num_boost_round": 30.0}, "datetime": {"datetime": "2024-01-19 01:04:19", "elapsed": 3160.254654, "delta": 0.003959}}
{"target": -13.758494187348735, "params": {"gamma": 945.6328258878393, "log10_alpha": -1.4928005711068035, "log10_colsample_bytree": -0.9952409505515359, "log10_eta": -3.843970384719658, "log10_lambda": -1.9989515889422504, "log10_min_child_weight": 3.805710024327786, "log10_subsample": -0.10722317740128284, "max_depth": 6.0, "num_boost_round": 31.0}, "datetime": {"datetime": "2024-01-19 01:04:19", "elapsed": 3160.258562, "delta": 0.003908}}
{"target": -13.75849120911811, "params": {"gamma": 945.6328258878393, "log10_alpha": -1.4928005711068035, "log10_colsample_bytree": -0.9952409505515359, "log10_eta": -3.843970384719658, "log10_lambda": -1.9989515889422504, "log10_min_child_weight": 3.805710024327786, "log10_subsample": -0.10722317740128284, "max_depth": 6.0, "num_boost_round": 32.0}, "datetime": {"datetime": "2024-01-19 01:04:19", "elapsed": 3160.2625, "delta": 0.003938}}
{"target": -13.758487990996647, "params": {"gamma": 945.6328258878393, "log10_alpha": -1.4928005711068035, "log10_colsample_bytree": -0.9952409505515359, "log10_eta": -3.843970384719658, "log10_lambda": -1.9989515889422504, "log10_min_child_weight": 3.805710024327786, "log10_subsample": -0.10722317740128284, "max_depth": 6.0, "num_boost_round": 33.0}, "datetime": {"datetime": "2024-01-19 01:04:19", "elapsed": 3160.267213, "delta": 0.004713}}
{"target": -13.758485769185505, "params": {"gamma": 945.6328258878393, "log10_alpha": -1.4928005711068035, "log10_colsample_bytree": -0.9952409505515359, "log10_eta": -3.843970384719658, "log10_lambda": -1.9989515889422504, "log10_min_child_weight": 3.805710024327786, "log10_subsample": -0.10722317740128284, "max_depth": 6.0, "num_boost_round": 34.0}, "datetime": {"datetime": "2024-01-19 01:04:19", "elapsed": 3160.271467, "delta": 0.004254}}
{"target": -13.758484701200317, "params": {"gamma": 945.6328258878393, "log10_alpha": -1.4928005711068035, "log10_colsample_bytree": -0.9952409505515359, "log10_eta": -3.843970384719658, "log10_lambda": -1.9989515889422504, "log10_min_child_weight": 3.805710024327786, "log10_subsample": -0.10722317740128284, "max_depth": 6.0, "num_boost_round": 35.0}, "datetime": {"datetime": "2024-01-19 01:04:19", "elapsed": 3160.275505, "delta": 0.004038}}
{"target": -13.75792693850213, "params": {"gamma": 947.1418378844153, "log10_alpha": -3.887747968532655, "log10_colsample_bytree": -0.5121655583464665, "log10_eta": -1.8577779424700078, "log10_lambda": -3.422780061981195, "log10_min_child_weight": 0.24260331676571656, "log10_subsample": -0.00770875444519703, "max_depth": 5.0, "num_boost_round": 0.0}, "datetime": {"datetime": "2024-01-19 01:05:28", "elapsed": 3229.896164, "delta": 69.620659}}
{"target": -13.757668519734189, "params": {"gamma": 947.1418378844153, "log10_alpha": -3.887747968532655, "log10_colsample_bytree": -0.5121655583464665, "log10_eta": -1.8577779424700078, "log10_lambda": -3.422780061981195, "log10_min_child_weight": 0.24260331676571656, "log10_subsample": -0.00770875444519703, "max_depth": 5.0, "num_boost_round": 1.0}, "datetime": {"datetime": "2024-01-19 01:05:28", "elapsed": 3229.900606, "delta": 0.004442}}
{"target": -13.757573383116835, "params": {"gamma": 947.1418378844153, "log10_alpha": -3.887747968532655, "log10_colsample_bytree": -0.5121655583464665, "log10_eta": -1.8577779424700078, "log10_lambda": -3.422780061981195, "log10_min_child_weight": 0.24260331676571656, "log10_subsample": -0.00770875444519703, "max_depth": 5.0, "num_boost_round": 2.0}, "datetime": {"datetime": "2024-01-19 01:05:28", "elapsed": 3229.904699, "delta": 0.004093}}
{"target": -13.757431485485178, "params": {"gamma": 947.1418378844153, "log10_alpha": -3.887747968532655, "log10_colsample_bytree": -0.5121655583464665, "log10_eta": -1.8577779424700078, "log10_lambda": -3.422780061981195, "log10_min_child_weight": 0.24260331676571656, "log10_subsample": -0.00770875444519703, "max_depth": 5.0, "num_boost_round": 3.0}, "datetime": {"datetime": "2024-01-19 01:05:28", "elapsed": 3229.908872, "delta": 0.004173}}
{"target": -13.756991391932603, "params": {"gamma": 947.1418378844153, "log10_alpha": -3.887747968532655, "log10_colsample_bytree": -0.5121655583464665, "log10_eta": -1.8577779424700078, "log10_lambda": -3.422780061981195, "log10_min_child_weight": 0.24260331676571656, "log10_subsample": -0.00770875444519703, "max_depth": 5.0, "num_boost_round": 4.0}, "datetime": {"datetime": "2024-01-19 01:05:28", "elapsed": 3229.912945, "delta": 0.004073}}
{"target": -13.757061547786133, "params": {"gamma": 947.1418378844153, "log10_alpha": -3.887747968532655, "log10_colsample_bytree": -0.5121655583464665, "log10_eta": -1.8577779424700078, "log10_lambda": -3.422780061981195, "log10_min_child_weight": 0.24260331676571656, "log10_subsample": -0.00770875444519703, "max_depth": 5.0, "num_boost_round": 5.0}, "datetime": {"datetime": "2024-01-19 01:05:28", "elapsed": 3229.91705, "delta": 0.004105}}
{"target": -13.75705287045895, "params": {"gamma": 947.1418378844153, "log10_alpha": -3.887747968532655, "log10_colsample_bytree": -0.5121655583464665, "log10_eta": -1.8577779424700078, "log10_lambda": -3.422780061981195, "log10_min_child_weight": 0.24260331676571656, "log10_subsample": -0.00770875444519703, "max_depth": 5.0, "num_boost_round": 6.0}, "datetime": {"datetime": "2024-01-19 01:05:28", "elapsed": 3229.921064, "delta": 0.004014}}
{"target": -13.756912322696177, "params": {"gamma": 947.1418378844153, "log10_alpha": -3.887747968532655, "log10_colsample_bytree": -0.5121655583464665, "log10_eta": -1.8577779424700078, "log10_lambda": -3.422780061981195, "log10_min_child_weight": 0.24260331676571656, "log10_subsample": -0.00770875444519703, "max_depth": 5.0, "num_boost_round": 7.0}, "datetime": {"datetime": "2024-01-19 01:05:28", "elapsed": 3229.924975, "delta": 0.003911}}
{"target": -13.756885227992226, "params": {"gamma": 947.1418378844153, "log10_alpha": -3.887747968532655, "log10_colsample_bytree": -0.5121655583464665, "log10_eta": -1.8577779424700078, "log10_lambda": -3.422780061981195, "log10_min_child_weight": 0.24260331676571656, "log10_subsample": -0.00770875444519703, "max_depth": 5.0, "num_boost_round": 8.0}, "datetime": {"datetime": "2024-01-19 01:05:28", "elapsed": 3229.928979, "delta": 0.004004}}
{"target": -13.756836465563085, "params": {"gamma": 947.1418378844153, "log10_alpha": -3.887747968532655, "log10_colsample_bytree": -0.5121655583464665, "log10_eta": -1.8577779424700078, "log10_lambda": -3.422780061981195, "log10_min_child_weight": 0.24260331676571656, "log10_subsample": -0.00770875444519703, "max_depth": 5.0, "num_boost_round": 9.0}, "datetime": {"datetime": "2024-01-19 01:05:28", "elapsed": 3229.932866, "delta": 0.003887}}
{"target": -13.756770398784456, "params": {"gamma": 947.1418378844153, "log10_alpha": -3.887747968532655, "log10_colsample_bytree": -0.5121655583464665, "log10_eta": -1.8577779424700078, "log10_lambda": -3.422780061981195, "log10_min_child_weight": 0.24260331676571656, "log10_subsample": -0.00770875444519703, "max_depth": 5.0, "num_boost_round": 10.0}, "datetime": {"datetime": "2024-01-19 01:05:28", "elapsed": 3229.936872, "delta": 0.004006}}
{"target": -13.756568802905145, "params": {"gamma": 947.1418378844153, "log10_alpha": -3.887747968532655, "log10_colsample_bytree": -0.5121655583464665, "log10_eta": -1.8577779424700078, "log10_lambda": -3.422780061981195, "log10_min_child_weight": 0.24260331676571656, "log10_subsample": -0.00770875444519703, "max_depth": 5.0, "num_boost_round": 11.0}, "datetime": {"datetime": "2024-01-19 01:05:28", "elapsed": 3229.940925, "delta": 0.004053}}
{"target": -13.756860608200464, "params": {"gamma": 947.1418378844153, "log10_alpha": -3.887747968532655, "log10_colsample_bytree": -0.5121655583464665, "log10_eta": -1.8577779424700078, "log10_lambda": -3.422780061981195, "log10_min_child_weight": 0.24260331676571656, "log10_subsample": -0.00770875444519703, "max_depth": 5.0, "num_boost_round": 12.0}, "datetime": {"datetime": "2024-01-19 01:05:28", "elapsed": 3229.944888, "delta": 0.003963}}
{"target": -13.757482986937594, "params": {"gamma": 947.1418378844153, "log10_alpha": -3.887747968532655, "log10_colsample_bytree": -0.5121655583464665, "log10_eta": -1.8577779424700078, "log10_lambda": -3.422780061981195, "log10_min_child_weight": 0.24260331676571656, "log10_subsample": -0.00770875444519703, "max_depth": 5.0, "num_boost_round": 13.0}, "datetime": {"datetime": "2024-01-19 01:05:28", "elapsed": 3229.948859, "delta": 0.003971}}
{"target": -13.757716181884255, "params": {"gamma": 947.1418378844153, "log10_alpha": -3.887747968532655, "log10_colsample_bytree": -0.5121655583464665, "log10_eta": -1.8577779424700078, "log10_lambda": -3.422780061981195, "log10_min_child_weight": 0.24260331676571656, "log10_subsample": -0.00770875444519703, "max_depth": 5.0, "num_boost_round": 14.0}, "datetime": {"datetime": "2024-01-19 01:05:28", "elapsed": 3229.95295, "delta": 0.004091}}
{"target": -13.757451164877853, "params": {"gamma": 947.1418378844153, "log10_alpha": -3.887747968532655, "log10_colsample_bytree": -0.5121655583464665, "log10_eta": -1.8577779424700078, "log10_lambda": -3.422780061981195, "log10_min_child_weight": 0.24260331676571656, "log10_subsample": -0.00770875444519703, "max_depth": 5.0, "num_boost_round": 15.0}, "datetime": {"datetime": "2024-01-19 01:05:28", "elapsed": 3229.956892, "delta": 0.003942}}
{"target": -13.757761558380766, "params": {"gamma": 947.1418378844153, "log10_alpha": -3.887747968532655, "log10_colsample_bytree": -0.5121655583464665, "log10_eta": -1.8577779424700078, "log10_lambda": -3.422780061981195, "log10_min_child_weight": 0.24260331676571656, "log10_subsample": -0.00770875444519703, "max_depth": 5.0, "num_boost_round": 16.0}, "datetime": {"datetime": "2024-01-19 01:05:28", "elapsed": 3229.960887, "delta": 0.003995}}
{"target": -13.757879954445938, "params": {"gamma": 947.1418378844153, "log10_alpha": -3.887747968532655, "log10_colsample_bytree": -0.5121655583464665, "log10_eta": -1.8577779424700078, "log10_lambda": -3.422780061981195, "log10_min_child_weight": 0.24260331676571656, "log10_subsample": -0.00770875444519703, "max_depth": 5.0, "num_boost_round": 17.0}, "datetime": {"datetime": "2024-01-19 01:05:28", "elapsed": 3229.964907, "delta": 0.00402}}
{"target": -13.758269645185152, "params": {"gamma": 947.1418378844153, "log10_alpha": -3.887747968532655, "log10_colsample_bytree": -0.5121655583464665, "log10_eta": -1.8577779424700078, "log10_lambda": -3.422780061981195, "log10_min_child_weight": 0.24260331676571656, "log10_subsample": -0.00770875444519703, "max_depth": 5.0, "num_boost_round": 18.0}, "datetime": {"datetime": "2024-01-19 01:05:28", "elapsed": 3229.968892, "delta": 0.003985}}
{"target": -13.758143433777626, "params": {"gamma": 947.1418378844153, "log10_alpha": -3.887747968532655, "log10_colsample_bytree": -0.5121655583464665, "log10_eta": -1.8577779424700078, "log10_lambda": -3.422780061981195, "log10_min_child_weight": 0.24260331676571656, "log10_subsample": -0.00770875444519703, "max_depth": 5.0, "num_boost_round": 19.0}, "datetime": {"datetime": "2024-01-19 01:05:28", "elapsed": 3229.972839, "delta": 0.003947}}
{"target": -13.75727255229089, "params": {"gamma": 947.1418378844153, "log10_alpha": -3.887747968532655, "log10_colsample_bytree": -0.5121655583464665, "log10_eta": -1.8577779424700078, "log10_lambda": -3.422780061981195, "log10_min_child_weight": 0.24260331676571656, "log10_subsample": -0.00770875444519703, "max_depth": 5.0, "num_boost_round": 20.0}, "datetime": {"datetime": "2024-01-19 01:05:28", "elapsed": 3229.976883, "delta": 0.004044}}
{"target": -13.757045214507139, "params": {"gamma": 947.1418378844153, "log10_alpha": -3.887747968532655, "log10_colsample_bytree": -0.5121655583464665, "log10_eta": -1.8577779424700078, "log10_lambda": -3.422780061981195, "log10_min_child_weight": 0.24260331676571656, "log10_subsample": -0.00770875444519703, "max_depth": 5.0, "num_boost_round": 21.0}, "datetime": {"datetime": "2024-01-19 01:05:29", "elapsed": 3230.078201, "delta": 0.101318}}
{"target": -13.757266975611065, "params": {"gamma": 947.1418378844153, "log10_alpha": -3.887747968532655, "log10_colsample_bytree": -0.5121655583464665, "log10_eta": -1.8577779424700078, "log10_lambda": -3.422780061981195, "log10_min_child_weight": 0.24260331676571656, "log10_subsample": -0.00770875444519703, "max_depth": 5.0, "num_boost_round": 22.0}, "datetime": {"datetime": "2024-01-19 01:05:29", "elapsed": 3230.08269, "delta": 0.004489}}
{"target": -13.757250503038867, "params": {"gamma": 947.1418378844153, "log10_alpha": -3.887747968532655, "log10_colsample_bytree": -0.5121655583464665, "log10_eta": -1.8577779424700078, "log10_lambda": -3.422780061981195, "log10_min_child_weight": 0.24260331676571656, "log10_subsample": -0.00770875444519703, "max_depth": 5.0, "num_boost_round": 23.0}, "datetime": {"datetime": "2024-01-19 01:05:29", "elapsed": 3230.086834, "delta": 0.004144}}
{"target": -13.757636759639485, "params": {"gamma": 947.1418378844153, "log10_alpha": -3.887747968532655, "log10_colsample_bytree": -0.5121655583464665, "log10_eta": -1.8577779424700078, "log10_lambda": -3.422780061981195, "log10_min_child_weight": 0.24260331676571656, "log10_subsample": -0.00770875444519703, "max_depth": 5.0, "num_boost_round": 24.0}, "datetime": {"datetime": "2024-01-19 01:05:29", "elapsed": 3230.090906, "delta": 0.004072}}
{"target": -13.757685691188692, "params": {"gamma": 947.1418378844153, "log10_alpha": -3.887747968532655, "log10_colsample_bytree": -0.5121655583464665, "log10_eta": -1.8577779424700078, "log10_lambda": -3.422780061981195, "log10_min_child_weight": 0.24260331676571656, "log10_subsample": -0.00770875444519703, "max_depth": 5.0, "num_boost_round": 25.0}, "datetime": {"datetime": "2024-01-19 01:05:29", "elapsed": 3230.095014, "delta": 0.004108}}
{"target": -13.758248861916918, "params": {"gamma": 947.1418378844153, "log10_alpha": -3.887747968532655, "log10_colsample_bytree": -0.5121655583464665, "log10_eta": -1.8577779424700078, "log10_lambda": -3.422780061981195, "log10_min_child_weight": 0.24260331676571656, "log10_subsample": -0.00770875444519703, "max_depth": 5.0, "num_boost_round": 26.0}, "datetime": {"datetime": "2024-01-19 01:05:29", "elapsed": 3230.099097, "delta": 0.004083}}
{"target": -13.758530112433398, "params": {"gamma": 947.1418378844153, "log10_alpha": -3.887747968532655, "log10_colsample_bytree": -0.5121655583464665, "log10_eta": -1.8577779424700078, "log10_lambda": -3.422780061981195, "log10_min_child_weight": 0.24260331676571656, "log10_subsample": -0.00770875444519703, "max_depth": 5.0, "num_boost_round": 27.0}, "datetime": {"datetime": "2024-01-19 01:05:29", "elapsed": 3230.103202, "delta": 0.004105}}
{"target": -13.758490262896695, "params": {"gamma": 947.1418378844153, "log10_alpha": -3.887747968532655, "log10_colsample_bytree": -0.5121655583464665, "log10_eta": -1.8577779424700078, "log10_lambda": -3.422780061981195, "log10_min_child_weight": 0.24260331676571656, "log10_subsample": -0.00770875444519703, "max_depth": 5.0, "num_boost_round": 28.0}, "datetime": {"datetime": "2024-01-19 01:05:29", "elapsed": 3230.107292, "delta": 0.00409}}
{"target": -13.7587274545964, "params": {"gamma": 947.1418378844153, "log10_alpha": -3.887747968532655, "log10_colsample_bytree": -0.5121655583464665, "log10_eta": -1.8577779424700078, "log10_lambda": -3.422780061981195, "log10_min_child_weight": 0.24260331676571656, "log10_subsample": -0.00770875444519703, "max_depth": 5.0, "num_boost_round": 29.0}, "datetime": {"datetime": "2024-01-19 01:05:29", "elapsed": 3230.111382, "delta": 0.00409}}
{"target": -13.75901028878154, "params": {"gamma": 947.1418378844153, "log10_alpha": -3.887747968532655, "log10_colsample_bytree": -0.5121655583464665, "log10_eta": -1.8577779424700078, "log10_lambda": -3.422780061981195, "log10_min_child_weight": 0.24260331676571656, "log10_subsample": -0.00770875444519703, "max_depth": 5.0, "num_boost_round": 30.0}, "datetime": {"datetime": "2024-01-19 01:05:29", "elapsed": 3230.116172, "delta": 0.00479}}
{"target": -13.759000281389119, "params": {"gamma": 947.1418378844153, "log10_alpha": -3.887747968532655, "log10_colsample_bytree": -0.5121655583464665, "log10_eta": -1.8577779424700078, "log10_lambda": -3.422780061981195, "log10_min_child_weight": 0.24260331676571656, "log10_subsample": -0.00770875444519703, "max_depth": 5.0, "num_boost_round": 31.0}, "datetime": {"datetime": "2024-01-19 01:05:29", "elapsed": 3230.120699, "delta": 0.004527}}
{"target": -13.758699713334135, "params": {"gamma": 947.1418378844153, "log10_alpha": -3.887747968532655, "log10_colsample_bytree": -0.5121655583464665, "log10_eta": -1.8577779424700078, "log10_lambda": -3.422780061981195, "log10_min_child_weight": 0.24260331676571656, "log10_subsample": -0.00770875444519703, "max_depth": 5.0, "num_boost_round": 32.0}, "datetime": {"datetime": "2024-01-19 01:05:29", "elapsed": 3230.124881, "delta": 0.004182}}
{"target": -13.759450049358131, "params": {"gamma": 947.1418378844153, "log10_alpha": -3.887747968532655, "log10_colsample_bytree": -0.5121655583464665, "log10_eta": -1.8577779424700078, "log10_lambda": -3.422780061981195, "log10_min_child_weight": 0.24260331676571656, "log10_subsample": -0.00770875444519703, "max_depth": 5.0, "num_boost_round": 33.0}, "datetime": {"datetime": "2024-01-19 01:05:29", "elapsed": 3230.129146, "delta": 0.004265}}
