{"target": -13.758508529817139, "params": {"gamma": 870.201017744692, "log10_alpha": -1.6001225545401523, "log10_colsample_bytree": -0.03620140637284697, "log10_eta": -3.0297732541637203, "log10_lambda": -4.538267170442722, "log10_min_child_weight": 4.758921713387215, "log10_subsample": -0.832600412790862, "max_depth": 6.0, "num_boost_round": 10.0}, "datetime": {"datetime": "2024-01-19 01:29:16", "elapsed": 4660.541193, "delta": 0.005643}}
{"target": -13.75850446491469, "params": {"gamma": 870.201017744692, "log10_alpha": -1.6001225545401523, "log10_colsample_bytree": -0.03620140637284697, "log10_eta": -3.0297732541637203, "log10_lambda": -4.538267170442722, "log10_min_child_weight": 4.758921713387215, "log10_subsample": -0.832600412790862, "max_depth": 6.0, "num_boost_round": 11.0}, "datetime": {"datetime": "2024-01-19 01:29:16", "elapsed": 4660.546753, "delta": 0.00556}}
{"target": -13.758501789734886, "params": {"gamma": 870.201017744692, "log10_alpha": -1.6001225545401523, "log10_colsample_bytree": -0.03620140637284697, "log10_eta": -3.0297732541637203, "log10_lambda": -4.538267170442722, "log10_min_child_weight": 4.758921713387215, "log10_subsample": -0.832600412790862, "max_depth": 6.0, "num_boost_round": 12.0}, "datetime": {"datetime": "2024-01-19 01:29:16", "elapsed": 4660.552361, "delta": 0.005608}}
{"target": -13.758501485278721, "params": {"gamma": 870.201017744692, "log10_alpha": -1.6001225545401523, "log10_colsample_bytree": -0.03620140637284697, "log10_eta": -3.0297732541637203, "log10_lambda": -4.538267170442722, "log10_min_child_weight": 4.758921713387215, "log10_subsample": -0.832600412790862, "max_depth": 6.0, "num_boost_round": 13.0}, "datetime": {"datetime": "2024-01-19 01:29:16", "elapsed": 4660.557714, "delta": 0.005353}}
{"target": -13.758499544822586, "params": {"gamma": 870.201017744692, "log10_alpha": -1.6001225545401523, "log10_colsample_bytree": -0.03620140637284697, "log10_eta": -3.0297732541637203, "log10_lambda": -4.538267170442722, "log10_min_child_weight": 4.758921713387215, "log10_subsample": -0.832600412790862, "max_depth": 6.0, "num_boost_round": 14.0}, "datetime": {"datetime": "2024-01-19 01:29:16", "elapsed": 4660.562987, "delta": 0.005273}}
{"target": -13.758495048633627, "params": {"gamma": 870.201017744692, "log10_alpha": -1.6001225545401523, "log10_colsample_bytree": -0.03620140637284697, "log10_eta": -3.0297732541637203, "log10_lambda": -4.538267170442722, "log10_min_child_weight": 4.758921713387215, "log10_subsample": -0.832600412790862, "max_depth": 6.0, "num_boost_round": 15.0}, "datetime": {"datetime": "2024-01-19 01:29:16", "elapsed": 4660.568373, "delta": 0.005386}}
{"target": -13.758491656464743, "params": {"gamma": 870.201017744692, "log10_alpha": -1.6001225545401523, "log10_colsample_bytree": -0.03620140637284697, "log10_eta": -3.0297732541637203, "log10_lambda": -4.538267170442722, "log10_min_child_weight": 4.758921713387215, "log10_subsample": -0.832600412790862, "max_depth": 6.0, "num_boost_round": 16.0}, "datetime": {"datetime": "2024-01-19 01:29:16", "elapsed": 4660.573887, "delta": 0.005514}}
{"target": -13.758488992646404, "params": {"gamma": 870.201017744692, "log10_alpha": -1.6001225545401523, "log10_colsample_bytree": -0.03620140637284697, "log10_eta": -3.0297732541637203, "log10_lambda": -4.538267170442722, "log10_min_child_weight": 4.758921713387215, "log10_subsample": -0.832600412790862, "max_depth": 6.0, "num_boost_round": 17.0}, "datetime": {"datetime": "2024-01-19 01:29:16", "elapsed": 4660.579433, "delta": 0.005546}}
{"target": -13.758486212795681, "params": {"gamma": 870.201017744692, "log10_alpha": -1.6001225545401523, "log10_colsample_bytree": -0.03620140637284697, "log10_eta": -3.0297732541637203, "log10_lambda": -4.538267170442722, "log10_min_child_weight": 4.758921713387215, "log10_subsample": -0.832600412790862, "max_depth": 6.0, "num_boost_round": 18.0}, "datetime": {"datetime": "2024-01-19 01:29:16", "elapsed": 4660.584736, "delta": 0.005303}}
{"target": -13.75848595566476, "params": {"gamma": 870.201017744692, "log10_alpha": -1.6001225545401523, "log10_colsample_bytree": -0.03620140637284697, "log10_eta": -3.0297732541637203, "log10_lambda": -4.538267170442722, "log10_min_child_weight": 4.758921713387215, "log10_subsample": -0.832600412790862, "max_depth": 6.0, "num_boost_round": 19.0}, "datetime": {"datetime": "2024-01-19 01:29:16", "elapsed": 4660.589986, "delta": 0.00525}}
{"target": -13.75848374953843, "params": {"gamma": 870.201017744692, "log10_alpha": -1.6001225545401523, "log10_colsample_bytree": -0.03620140637284697, "log10_eta": -3.0297732541637203, "log10_lambda": -4.538267170442722, "log10_min_child_weight": 4.758921713387215, "log10_subsample": -0.832600412790862, "max_depth": 6.0, "num_boost_round": 20.0}, "datetime": {"datetime": "2024-01-19 01:29:16", "elapsed": 4660.595484, "delta": 0.005498}}
{"target": -13.758481194423002, "params": {"gamma": 870.201017744692, "log10_alpha": -1.6001225545401523, "log10_colsample_bytree": -0.03620140637284697, "log10_eta": -3.0297732541637203, "log10_lambda": -4.538267170442722, "log10_min_child_weight": 4.758921713387215, "log10_subsample": -0.832600412790862, "max_depth": 6.0, "num_boost_round": 21.0}, "datetime": {"datetime": "2024-01-19 01:29:16", "elapsed": 4660.600744, "delta": 0.00526}}
{"target": -13.758476963164565, "params": {"gamma": 870.201017744692, "log10_alpha": -1.6001225545401523, "log10_colsample_bytree": -0.03620140637284697, "log10_eta": -3.0297732541637203, "log10_lambda": -4.538267170442722, "log10_min_child_weight": 4.758921713387215, "log10_subsample": -0.832600412790862, "max_depth": 6.0, "num_boost_round": 22.0}, "datetime": {"datetime": "2024-01-19 01:29:16", "elapsed": 4660.606304, "delta": 0.00556}}
{"target": -13.758473999565442, "params": {"gamma": 870.201017744692, "log10_alpha": -1.6001225545401523, "log10_colsample_bytree": -0.03620140637284697, "log10_eta": -3.0297732541637203, "log10_lambda": -4.538267170442722, "log10_min_child_weight": 4.758921713387215, "log10_subsample": -0.832600412790862, "max_depth": 6.0, "num_boost_round": 23.0}, "datetime": {"datetime": "2024-01-19 01:29:16", "elapsed": 4660.611863, "delta": 0.005559}}
{"target": -13.758471689379457, "params": {"gamma": 870.201017744692, "log10_alpha": -1.6001225545401523, "log10_colsample_bytree": -0.03620140637284697, "log10_eta": -3.0297732541637203, "log10_lambda": -4.538267170442722, "log10_min_child_weight": 4.758921713387215, "log10_subsample": -0.832600412790862, "max_depth": 6.0, "num_boost_round": 24.0}, "datetime": {"datetime": "2024-01-19 01:29:16", "elapsed": 4660.74171, "delta": 0.129847}}
{"target": -13.7584683416608, "params": {"gamma": 870.201017744692, "log10_alpha": -1.6001225545401523, "log10_colsample_bytree": -0.03620140637284697, "log10_eta": -3.0297732541637203, "log10_lambda": -4.538267170442722, "log10_min_child_weight": 4.758921713387215, "log10_subsample": -0.832600412790862, "max_depth": 6.0, "num_boost_round": 25.0}, "datetime": {"datetime": "2024-01-19 01:29:16", "elapsed": 4660.748355, "delta": 0.006645}}
{"target": -13.758468193882361, "params": {"gamma": 870.201017744692, "log10_alpha": -1.6001225545401523, "log10_colsample_bytree": -0.03620140637284697, "log10_eta": -3.0297732541637203, "log10_lambda": -4.538267170442722, "log10_min_child_weight": 4.758921713387215, "log10_subsample": -0.832600412790862, "max_depth": 6.0, "num_boost_round": 26.0}, "datetime": {"datetime": "2024-01-19 01:29:16", "elapsed": 4660.754467, "delta": 0.006112}}
{"target": -13.758463217652945, "params": {"gamma": 870.201017744692, "log10_alpha": -1.6001225545401523, "log10_colsample_bytree": -0.03620140637284697, "log10_eta": -3.0297732541637203, "log10_lambda": -4.538267170442722, "log10_min_child_weight": 4.758921713387215, "log10_subsample": -0.832600412790862, "max_depth": 6.0, "num_boost_round": 27.0}, "datetime": {"datetime": "2024-01-19 01:29:16", "elapsed": 4660.760107, "delta": 0.00564}}
{"target": -13.7584616242832, "params": {"gamma": 870.201017744692, "log10_alpha": -1.6001225545401523, "log10_colsample_bytree": -0.03620140637284697, "log10_eta": -3.0297732541637203, "log10_lambda": -4.538267170442722, "log10_min_child_weight": 4.758921713387215, "log10_subsample": -0.832600412790862, "max_depth": 6.0, "num_boost_round": 28.0}, "datetime": {"datetime": "2024-01-19 01:29:16", "elapsed": 4660.765799, "delta": 0.005692}}
{"target": -13.758458510790456, "params": {"gamma": 870.201017744692, "log10_alpha": -1.6001225545401523, "log10_colsample_bytree": -0.03620140637284697, "log10_eta": -3.0297732541637203, "log10_lambda": -4.538267170442722, "log10_min_child_weight": 4.758921713387215, "log10_subsample": -0.832600412790862, "max_depth": 6.0, "num_boost_round": 29.0}, "datetime": {"datetime": "2024-01-19 01:29:16", "elapsed": 4660.771818, "delta": 0.006019}}
{"target": -13.758456475844728, "params": {"gamma": 870.201017744692, "log10_alpha": -1.6001225545401523, "log10_colsample_bytree": -0.03620140637284697, "log10_eta": -3.0297732541637203, "log10_lambda": -4.538267170442722, "log10_min_child_weight": 4.758921713387215, "log10_subsample": -0.832600412790862, "max_depth": 6.0, "num_boost_round": 30.0}, "datetime": {"datetime": "2024-01-19 01:29:16", "elapsed": 4660.777501, "delta": 0.005683}}
{"target": -13.758452338759103, "params": {"gamma": 870.201017744692, "log10_alpha": -1.6001225545401523, "log10_colsample_bytree": -0.03620140637284697, "log10_eta": -3.0297732541637203, "log10_lambda": -4.538267170442722, "log10_min_child_weight": 4.758921713387215, "log10_subsample": -0.832600412790862, "max_depth": 6.0, "num_boost_round": 31.0}, "datetime": {"datetime": "2024-01-19 01:29:16", "elapsed": 4660.782985, "delta": 0.005484}}
{"target": -13.758449625858798, "params": {"gamma": 870.201017744692, "log10_alpha": -1.6001225545401523, "log10_colsample_bytree": -0.03620140637284697, "log10_eta": -3.0297732541637203, "log10_lambda": -4.538267170442722, "log10_min_child_weight": 4.758921713387215, "log10_subsample": -0.832600412790862, "max_depth": 6.0, "num_boost_round": 32.0}, "datetime": {"datetime": "2024-01-19 01:29:16", "elapsed": 4660.78852, "delta": 0.005535}}
{"target": -13.758448238340973, "params": {"gamma": 870.201017744692, "log10_alpha": -1.6001225545401523, "log10_colsample_bytree": -0.03620140637284697, "log10_eta": -3.0297732541637203, "log10_lambda": -4.538267170442722, "log10_min_child_weight": 4.758921713387215, "log10_subsample": -0.832600412790862, "max_depth": 6.0, "num_boost_round": 33.0}, "datetime": {"datetime": "2024-01-19 01:29:16", "elapsed": 4660.794162, "delta": 0.005642}}
{"target": -13.758447018605802, "params": {"gamma": 870.201017744692, "log10_alpha": -1.6001225545401523, "log10_colsample_bytree": -0.03620140637284697, "log10_eta": -3.0297732541637203, "log10_lambda": -4.538267170442722, "log10_min_child_weight": 4.758921713387215, "log10_subsample": -0.832600412790862, "max_depth": 6.0, "num_boost_round": 34.0}, "datetime": {"datetime": "2024-01-19 01:29:16", "elapsed": 4660.799824, "delta": 0.005662}}
{"target": -13.758446985821942, "params": {"gamma": 870.201017744692, "log10_alpha": -1.6001225545401523, "log10_colsample_bytree": -0.03620140637284697, "log10_eta": -3.0297732541637203, "log10_lambda": -4.538267170442722, "log10_min_child_weight": 4.758921713387215, "log10_subsample": -0.832600412790862, "max_depth": 6.0, "num_boost_round": 35.0}, "datetime": {"datetime": "2024-01-19 01:29:16", "elapsed": 4660.805306, "delta": 0.005482}}
{"target": -13.758443908231678, "params": {"gamma": 870.201017744692, "log10_alpha": -1.6001225545401523, "log10_colsample_bytree": -0.03620140637284697, "log10_eta": -3.0297732541637203, "log10_lambda": -4.538267170442722, "log10_min_child_weight": 4.758921713387215, "log10_subsample": -0.832600412790862, "max_depth": 6.0, "num_boost_round": 36.0}, "datetime": {"datetime": "2024-01-19 01:29:16", "elapsed": 4660.810756, "delta": 0.00545}}
{"target": -13.75844388559511, "params": {"gamma": 870.201017744692, "log10_alpha": -1.6001225545401523, "log10_colsample_bytree": -0.03620140637284697, "log10_eta": -3.0297732541637203, "log10_lambda": -4.538267170442722, "log10_min_child_weight": 4.758921713387215, "log10_subsample": -0.832600412790862, "max_depth": 6.0, "num_boost_round": 37.0}, "datetime": {"datetime": "2024-01-19 01:29:16", "elapsed": 4660.816393, "delta": 0.005637}}
{"target": -13.758439869239824, "params": {"gamma": 870.201017744692, "log10_alpha": -1.6001225545401523, "log10_colsample_bytree": -0.03620140637284697, "log10_eta": -3.0297732541637203, "log10_lambda": -4.538267170442722, "log10_min_child_weight": 4.758921713387215, "log10_subsample": -0.832600412790862, "max_depth": 6.0, "num_boost_round": 38.0}, "datetime": {"datetime": "2024-01-19 01:29:16", "elapsed": 4660.821841, "delta": 0.005448}}
{"target": -13.758435546438546, "params": {"gamma": 870.201017744692, "log10_alpha": -1.6001225545401523, "log10_colsample_bytree": -0.03620140637284697, "log10_eta": -3.0297732541637203, "log10_lambda": -4.538267170442722, "log10_min_child_weight": 4.758921713387215, "log10_subsample": -0.832600412790862, "max_depth": 6.0, "num_boost_round": 39.0}, "datetime": {"datetime": "2024-01-19 01:29:16", "elapsed": 4660.827307, "delta": 0.005466}}
{"target": -13.75843301565562, "params": {"gamma": 870.201017744692, "log10_alpha": -1.6001225545401523, "log10_colsample_bytree": -0.03620140637284697, "log10_eta": -3.0297732541637203, "log10_lambda": -4.538267170442722, "log10_min_child_weight": 4.758921713387215, "log10_subsample": -0.832600412790862, "max_depth": 6.0, "num_boost_round": 40.0}, "datetime": {"datetime": "2024-01-19 01:29:16", "elapsed": 4660.833394, "delta": 0.006087}}
{"target": -13.758430997417614, "params": {"gamma": 870.201017744692, "log10_alpha": -1.6001225545401523, "log10_colsample_bytree": -0.03620140637284697, "log10_eta": -3.0297732541637203, "log10_lambda": -4.538267170442722, "log10_min_child_weight": 4.758921713387215, "log10_subsample": -0.832600412790862, "max_depth": 6.0, "num_boost_round": 41.0}, "datetime": {"datetime": "2024-01-19 01:29:16", "elapsed": 4660.839003, "delta": 0.005609}}
{"target": -13.758428087454185, "params": {"gamma": 870.201017744692, "log10_alpha": -1.6001225545401523, "log10_colsample_bytree": -0.03620140637284697, "log10_eta": -3.0297732541637203, "log10_lambda": -4.538267170442722, "log10_min_child_weight": 4.758921713387215, "log10_subsample": -0.832600412790862, "max_depth": 6.0, "num_boost_round": 42.0}, "datetime": {"datetime": "2024-01-19 01:29:16", "elapsed": 4660.84448, "delta": 0.005477}}
{"target": -13.75842815697662, "params": {"gamma": 870.201017744692, "log10_alpha": -1.6001225545401523, "log10_colsample_bytree": -0.03620140637284697, "log10_eta": -3.0297732541637203, "log10_lambda": -4.538267170442722, "log10_min_child_weight": 4.758921713387215, "log10_subsample": -0.832600412790862, "max_depth": 6.0, "num_boost_round": 43.0}, "datetime": {"datetime": "2024-01-19 01:29:16", "elapsed": 4660.849885, "delta": 0.005405}}
{"target": -13.75842440027821, "params": {"gamma": 870.201017744692, "log10_alpha": -1.6001225545401523, "log10_colsample_bytree": -0.03620140637284697, "log10_eta": -3.0297732541637203, "log10_lambda": -4.538267170442722, "log10_min_child_weight": 4.758921713387215, "log10_subsample": -0.832600412790862, "max_depth": 6.0, "num_boost_round": 44.0}, "datetime": {"datetime": "2024-01-19 01:29:16", "elapsed": 4660.855523, "delta": 0.005638}}
{"target": -13.758422338086476, "params": {"gamma": 870.201017744692, "log10_alpha": -1.6001225545401523, "log10_colsample_bytree": -0.03620140637284697, "log10_eta": -3.0297732541637203, "log10_lambda": -4.538267170442722, "log10_min_child_weight": 4.758921713387215, "log10_subsample": -0.832600412790862, "max_depth": 6.0, "num_boost_round": 45.0}, "datetime": {"datetime": "2024-01-19 01:29:16", "elapsed": 4660.861032, "delta": 0.005509}}
{"target": -13.758420379212765, "params": {"gamma": 870.201017744692, "log10_alpha": -1.6001225545401523, "log10_colsample_bytree": -0.03620140637284697, "log10_eta": -3.0297732541637203, "log10_lambda": -4.538267170442722, "log10_min_child_weight": 4.758921713387215, "log10_subsample": -0.832600412790862, "max_depth": 6.0, "num_boost_round": 46.0}, "datetime": {"datetime": "2024-01-19 01:29:16", "elapsed": 4660.866636, "delta": 0.005604}}
{"target": -13.758417714399945, "params": {"gamma": 870.201017744692, "log10_alpha": -1.6001225545401523, "log10_colsample_bytree": -0.03620140637284697, "log10_eta": -3.0297732541637203, "log10_lambda": -4.538267170442722, "log10_min_child_weight": 4.758921713387215, "log10_subsample": -0.832600412790862, "max_depth": 6.0, "num_boost_round": 47.0}, "datetime": {"datetime": "2024-01-19 01:29:16", "elapsed": 4660.872138, "delta": 0.005502}}
{"target": -13.758417849333197, "params": {"gamma": 870.201017744692, "log10_alpha": -1.6001225545401523, "log10_colsample_bytree": -0.03620140637284697, "log10_eta": -3.0297732541637203, "log10_lambda": -4.538267170442722, "log10_min_child_weight": 4.758921713387215, "log10_subsample": -0.832600412790862, "max_depth": 6.0, "num_boost_round": 48.0}, "datetime": {"datetime": "2024-01-19 01:29:16", "elapsed": 4660.877747, "delta": 0.005609}}
{"target": -13.758417706488363, "params": {"gamma": 870.201017744692, "log10_alpha": -1.6001225545401523, "log10_colsample_bytree": -0.03620140637284697, "log10_eta": -3.0297732541637203, "log10_lambda": -4.538267170442722, "log10_min_child_weight": 4.758921713387215, "log10_subsample": -0.832600412790862, "max_depth": 6.0, "num_boost_round": 49.0}, "datetime": {"datetime": "2024-01-19 01:29:16", "elapsed": 4660.883237, "delta": 0.00549}}
{"target": -13.758413629128292, "params": {"gamma": 870.201017744692, "log10_alpha": -1.6001225545401523, "log10_colsample_bytree": -0.03620140637284697, "log10_eta": -3.0297732541637203, "log10_lambda": -4.538267170442722, "log10_min_child_weight": 4.758921713387215, "log10_subsample": -0.832600412790862, "max_depth": 6.0, "num_boost_round": 50.0}, "datetime": {"datetime": "2024-01-19 01:29:16", "elapsed": 4660.888833, "delta": 0.005596}}
{"target": -13.758411832840055, "params": {"gamma": 870.201017744692, "log10_alpha": -1.6001225545401523, "log10_colsample_bytree": -0.03620140637284697, "log10_eta": -3.0297732541637203, "log10_lambda": -4.538267170442722, "log10_min_child_weight": 4.758921713387215, "log10_subsample": -0.832600412790862, "max_depth": 6.0, "num_boost_round": 51.0}, "datetime": {"datetime": "2024-01-19 01:29:16", "elapsed": 4660.894549, "delta": 0.005716}}
{"target": -13.7584082428134, "params": {"gamma": 870.201017744692, "log10_alpha": -1.6001225545401523, "log10_colsample_bytree": -0.03620140637284697, "log10_eta": -3.0297732541637203, "log10_lambda": -4.538267170442722, "log10_min_child_weight": 4.758921713387215, "log10_subsample": -0.832600412790862, "max_depth": 6.0, "num_boost_round": 52.0}, "datetime": {"datetime": "2024-01-19 01:29:16", "elapsed": 4660.90028, "delta": 0.005731}}
{"target": -13.758511614328093, "params": {"gamma": 894.8430422747673, "log10_alpha": 0.09835080898846371, "log10_colsample_bytree": -0.8375395845854636, "log10_eta": -1.0416888016446118, "log10_lambda": -3.20833749016654, "log10_min_child_weight": 4.927464509176493, "log10_subsample": -0.28370864938904594, "max_depth": 8.0, "num_boost_round": 0.0}, "datetime": {"datetime": "2024-01-19 01:31:51", "elapsed": 4815.772989, "delta": 154.872709}}
{"target": -13.75797067105607, "params": {"gamma": 894.8430422747673, "log10_alpha": 0.09835080898846371, "log10_colsample_bytree": -0.8375395845854636, "log10_eta": -1.0416888016446118, "log10_lambda": -3.20833749016654, "log10_min_child_weight": 4.927464509176493, "log10_subsample": -0.28370864938904594, "max_depth": 8.0, "num_boost_round": 1.0}, "datetime": {"datetime": "2024-01-19 01:31:51", "elapsed": 4815.779169, "delta": 0.00618}}
{"target": -13.75799251150488, "params": {"gamma": 894.8430422747673, "log10_alpha": 0.09835080898846371, "log10_colsample_bytree": -0.8375395845854636, "log10_eta": -1.0416888016446118, "log10_lambda": -3.20833749016654, "log10_min_child_weight": 4.927464509176493, "log10_subsample": -0.28370864938904594, "max_depth": 8.0, "num_boost_round": 2.0}, "datetime": {"datetime": "2024-01-19 01:31:51", "elapsed": 4815.784502, "delta": 0.005333}}
{"target": -13.757839369938269, "params": {"gamma": 894.8430422747673, "log10_alpha": 0.09835080898846371, "log10_colsample_bytree": -0.8375395845854636, "log10_eta": -1.0416888016446118, "log10_lambda": -3.20833749016654, "log10_min_child_weight": 4.927464509176493, "log10_subsample": -0.28370864938904594, "max_depth": 8.0, "num_boost_round": 3.0}, "datetime": {"datetime": "2024-01-19 01:31:51", "elapsed": 4815.789853, "delta": 0.005351}}
{"target": -13.758174584866584, "params": {"gamma": 894.8430422747673, "log10_alpha": 0.09835080898846371, "log10_colsample_bytree": -0.8375395845854636, "log10_eta": -1.0416888016446118, "log10_lambda": -3.20833749016654, "log10_min_child_weight": 4.927464509176493, "log10_subsample": -0.28370864938904594, "max_depth": 8.0, "num_boost_round": 4.0}, "datetime": {"datetime": "2024-01-19 01:31:51", "elapsed": 4815.795292, "delta": 0.005439}}
{"target": -13.758265926141533, "params": {"gamma": 894.8430422747673, "log10_alpha": 0.09835080898846371, "log10_colsample_bytree": -0.8375395845854636, "log10_eta": -1.0416888016446118, "log10_lambda": -3.20833749016654, "log10_min_child_weight": 4.927464509176493, "log10_subsample": -0.28370864938904594, "max_depth": 8.0, "num_boost_round": 5.0}, "datetime": {"datetime": "2024-01-19 01:31:51", "elapsed": 4815.800566, "delta": 0.005274}}
