{"target": -13.758279441119704, "params": {"gamma": 948.1935337807652, "log10_alpha": -4.48095088818941, "log10_colsample_bytree": -0.1384099763346024, "log10_eta": -1.8219399987434723, "log10_lambda": -0.8182773871363338, "log10_min_child_weight": 4.992557416694439, "log10_subsample": -0.39777378631469706, "max_depth": 3.0, "num_boost_round": 19.0}, "datetime": {"datetime": "2024-01-19 00:50:25", "elapsed": 2326.875516, "delta": 0.003209}}
{"target": -13.758347876740155, "params": {"gamma": 948.1935337807652, "log10_alpha": -4.48095088818941, "log10_colsample_bytree": -0.1384099763346024, "log10_eta": -1.8219399987434723, "log10_lambda": -0.8182773871363338, "log10_min_child_weight": 4.992557416694439, "log10_subsample": -0.39777378631469706, "max_depth": 3.0, "num_boost_round": 20.0}, "datetime": {"datetime": "2024-01-19 00:50:25", "elapsed": 2326.878736, "delta": 0.00322}}
{"target": -13.758366096127252, "params": {"gamma": 948.1935337807652, "log10_alpha": -4.48095088818941, "log10_colsample_bytree": -0.1384099763346024, "log10_eta": -1.8219399987434723, "log10_lambda": -0.8182773871363338, "log10_min_child_weight": 4.992557416694439, "log10_subsample": -0.39777378631469706, "max_depth": 3.0, "num_boost_round": 21.0}, "datetime": {"datetime": "2024-01-19 00:50:25", "elapsed": 2326.881982, "delta": 0.003246}}
{"target": -13.758313680952043, "params": {"gamma": 948.1935337807652, "log10_alpha": -4.48095088818941, "log10_colsample_bytree": -0.1384099763346024, "log10_eta": -1.8219399987434723, "log10_lambda": -0.8182773871363338, "log10_min_child_weight": 4.992557416694439, "log10_subsample": -0.39777378631469706, "max_depth": 3.0, "num_boost_round": 22.0}, "datetime": {"datetime": "2024-01-19 00:50:25", "elapsed": 2326.885208, "delta": 0.003226}}
{"target": -13.758342846980705, "params": {"gamma": 948.1935337807652, "log10_alpha": -4.48095088818941, "log10_colsample_bytree": -0.1384099763346024, "log10_eta": -1.8219399987434723, "log10_lambda": -0.8182773871363338, "log10_min_child_weight": 4.992557416694439, "log10_subsample": -0.39777378631469706, "max_depth": 3.0, "num_boost_round": 23.0}, "datetime": {"datetime": "2024-01-19 00:50:25", "elapsed": 2326.888442, "delta": 0.003234}}
{"target": -13.758350557003798, "params": {"gamma": 948.1935337807652, "log10_alpha": -4.48095088818941, "log10_colsample_bytree": -0.1384099763346024, "log10_eta": -1.8219399987434723, "log10_lambda": -0.8182773871363338, "log10_min_child_weight": 4.992557416694439, "log10_subsample": -0.39777378631469706, "max_depth": 3.0, "num_boost_round": 24.0}, "datetime": {"datetime": "2024-01-19 00:50:25", "elapsed": 2326.891669, "delta": 0.003227}}
{"target": -13.75839514882171, "params": {"gamma": 948.1935337807652, "log10_alpha": -4.48095088818941, "log10_colsample_bytree": -0.1384099763346024, "log10_eta": -1.8219399987434723, "log10_lambda": -0.8182773871363338, "log10_min_child_weight": 4.992557416694439, "log10_subsample": -0.39777378631469706, "max_depth": 3.0, "num_boost_round": 25.0}, "datetime": {"datetime": "2024-01-19 00:50:25", "elapsed": 2326.894907, "delta": 0.003238}}
{"target": -13.758430180146714, "params": {"gamma": 948.1935337807652, "log10_alpha": -4.48095088818941, "log10_colsample_bytree": -0.1384099763346024, "log10_eta": -1.8219399987434723, "log10_lambda": -0.8182773871363338, "log10_min_child_weight": 4.992557416694439, "log10_subsample": -0.39777378631469706, "max_depth": 3.0, "num_boost_round": 26.0}, "datetime": {"datetime": "2024-01-19 00:50:25", "elapsed": 2326.898134, "delta": 0.003227}}
{"target": -13.758510595171469, "params": {"gamma": 948.1935337807652, "log10_alpha": -4.48095088818941, "log10_colsample_bytree": -0.1384099763346024, "log10_eta": -1.8219399987434723, "log10_lambda": -0.8182773871363338, "log10_min_child_weight": 4.992557416694439, "log10_subsample": -0.39777378631469706, "max_depth": 3.0, "num_boost_round": 27.0}, "datetime": {"datetime": "2024-01-19 00:50:25", "elapsed": 2326.901362, "delta": 0.003228}}
{"target": -13.758595345328407, "params": {"gamma": 948.1935337807652, "log10_alpha": -4.48095088818941, "log10_colsample_bytree": -0.1384099763346024, "log10_eta": -1.8219399987434723, "log10_lambda": -0.8182773871363338, "log10_min_child_weight": 4.992557416694439, "log10_subsample": -0.39777378631469706, "max_depth": 3.0, "num_boost_round": 28.0}, "datetime": {"datetime": "2024-01-19 00:50:25", "elapsed": 2326.9046, "delta": 0.003238}}
{"target": -13.758603268298607, "params": {"gamma": 948.1935337807652, "log10_alpha": -4.48095088818941, "log10_colsample_bytree": -0.1384099763346024, "log10_eta": -1.8219399987434723, "log10_lambda": -0.8182773871363338, "log10_min_child_weight": 4.992557416694439, "log10_subsample": -0.39777378631469706, "max_depth": 3.0, "num_boost_round": 29.0}, "datetime": {"datetime": "2024-01-19 00:50:25", "elapsed": 2326.90781, "delta": 0.00321}}
{"target": -13.75867742671519, "params": {"gamma": 948.1935337807652, "log10_alpha": -4.48095088818941, "log10_colsample_bytree": -0.1384099763346024, "log10_eta": -1.8219399987434723, "log10_lambda": -0.8182773871363338, "log10_min_child_weight": 4.992557416694439, "log10_subsample": -0.39777378631469706, "max_depth": 3.0, "num_boost_round": 30.0}, "datetime": {"datetime": "2024-01-19 00:50:25", "elapsed": 2326.911002, "delta": 0.003192}}
{"target": -13.758762720371612, "params": {"gamma": 948.1935337807652, "log10_alpha": -4.48095088818941, "log10_colsample_bytree": -0.1384099763346024, "log10_eta": -1.8219399987434723, "log10_lambda": -0.8182773871363338, "log10_min_child_weight": 4.992557416694439, "log10_subsample": -0.39777378631469706, "max_depth": 3.0, "num_boost_round": 31.0}, "datetime": {"datetime": "2024-01-19 00:50:25", "elapsed": 2326.914229, "delta": 0.003227}}
{"target": -13.758848336381757, "params": {"gamma": 948.1935337807652, "log10_alpha": -4.48095088818941, "log10_colsample_bytree": -0.1384099763346024, "log10_eta": -1.8219399987434723, "log10_lambda": -0.8182773871363338, "log10_min_child_weight": 4.992557416694439, "log10_subsample": -0.39777378631469706, "max_depth": 3.0, "num_boost_round": 32.0}, "datetime": {"datetime": "2024-01-19 00:50:25", "elapsed": 2326.917448, "delta": 0.003219}}
{"target": -13.758937457876046, "params": {"gamma": 948.1935337807652, "log10_alpha": -4.48095088818941, "log10_colsample_bytree": -0.1384099763346024, "log10_eta": -1.8219399987434723, "log10_lambda": -0.8182773871363338, "log10_min_child_weight": 4.992557416694439, "log10_subsample": -0.39777378631469706, "max_depth": 3.0, "num_boost_round": 33.0}, "datetime": {"datetime": "2024-01-19 00:50:25", "elapsed": 2326.92067, "delta": 0.003222}}
{"target": -13.758907872422572, "params": {"gamma": 948.1935337807652, "log10_alpha": -4.48095088818941, "log10_colsample_bytree": -0.1384099763346024, "log10_eta": -1.8219399987434723, "log10_lambda": -0.8182773871363338, "log10_min_child_weight": 4.992557416694439, "log10_subsample": -0.39777378631469706, "max_depth": 3.0, "num_boost_round": 34.0}, "datetime": {"datetime": "2024-01-19 00:50:25", "elapsed": 2326.92392, "delta": 0.00325}}
{"target": -13.758996609581386, "params": {"gamma": 948.1935337807652, "log10_alpha": -4.48095088818941, "log10_colsample_bytree": -0.1384099763346024, "log10_eta": -1.8219399987434723, "log10_lambda": -0.8182773871363338, "log10_min_child_weight": 4.992557416694439, "log10_subsample": -0.39777378631469706, "max_depth": 3.0, "num_boost_round": 35.0}, "datetime": {"datetime": "2024-01-19 00:50:25", "elapsed": 2326.927123, "delta": 0.003203}}
{"target": -13.759042750159116, "params": {"gamma": 948.1935337807652, "log10_alpha": -4.48095088818941, "log10_colsample_bytree": -0.1384099763346024, "log10_eta": -1.8219399987434723, "log10_lambda": -0.8182773871363338, "log10_min_child_weight": 4.992557416694439, "log10_subsample": -0.39777378631469706, "max_depth": 3.0, "num_boost_round": 36.0}, "datetime": {"datetime": "2024-01-19 00:50:25", "elapsed": 2326.930948, "delta": 0.003825}}
{"target": -13.75913481696849, "params": {"gamma": 948.1935337807652, "log10_alpha": -4.48095088818941, "log10_colsample_bytree": -0.1384099763346024, "log10_eta": -1.8219399987434723, "log10_lambda": -0.8182773871363338, "log10_min_child_weight": 4.992557416694439, "log10_subsample": -0.39777378631469706, "max_depth": 3.0, "num_boost_round": 37.0}, "datetime": {"datetime": "2024-01-19 00:50:25", "elapsed": 2326.934688, "delta": 0.00374}}
{"target": -13.75917574808545, "params": {"gamma": 948.1935337807652, "log10_alpha": -4.48095088818941, "log10_colsample_bytree": -0.1384099763346024, "log10_eta": -1.8219399987434723, "log10_lambda": -0.8182773871363338, "log10_min_child_weight": 4.992557416694439, "log10_subsample": -0.39777378631469706, "max_depth": 3.0, "num_boost_round": 38.0}, "datetime": {"datetime": "2024-01-19 00:50:25", "elapsed": 2326.938824, "delta": 0.004136}}
{"target": -13.759235698054857, "params": {"gamma": 948.1935337807652, "log10_alpha": -4.48095088818941, "log10_colsample_bytree": -0.1384099763346024, "log10_eta": -1.8219399987434723, "log10_lambda": -0.8182773871363338, "log10_min_child_weight": 4.992557416694439, "log10_subsample": -0.39777378631469706, "max_depth": 3.0, "num_boost_round": 39.0}, "datetime": {"datetime": "2024-01-19 00:50:25", "elapsed": 2326.942345, "delta": 0.003521}}
{"target": -13.759264126309265, "params": {"gamma": 948.1935337807652, "log10_alpha": -4.48095088818941, "log10_colsample_bytree": -0.1384099763346024, "log10_eta": -1.8219399987434723, "log10_lambda": -0.8182773871363338, "log10_min_child_weight": 4.992557416694439, "log10_subsample": -0.39777378631469706, "max_depth": 3.0, "num_boost_round": 40.0}, "datetime": {"datetime": "2024-01-19 00:50:25", "elapsed": 2326.945732, "delta": 0.003387}}
{"target": -13.758304706767854, "params": {"gamma": 942.4580068042183, "log10_alpha": -0.3137784066922533, "log10_colsample_bytree": -0.7610157196710249, "log10_eta": -1.6992596667394402, "log10_lambda": -3.9106250661558737, "log10_min_child_weight": 3.747840581202727, "log10_subsample": -0.7993975186526973, "max_depth": 8.0, "num_boost_round": 0.0}, "datetime": {"datetime": "2024-01-19 00:51:09", "elapsed": 2370.307599, "delta": 43.361867}}
{"target": -13.758264094264305, "params": {"gamma": 942.4580068042183, "log10_alpha": -0.3137784066922533, "log10_colsample_bytree": -0.7610157196710249, "log10_eta": -1.6992596667394402, "log10_lambda": -3.9106250661558737, "log10_min_child_weight": 3.747840581202727, "log10_subsample": -0.7993975186526973, "max_depth": 8.0, "num_boost_round": 1.0}, "datetime": {"datetime": "2024-01-19 00:51:09", "elapsed": 2370.311324, "delta": 0.003725}}
{"target": -13.758221652861714, "params": {"gamma": 942.4580068042183, "log10_alpha": -0.3137784066922533, "log10_colsample_bytree": -0.7610157196710249, "log10_eta": -1.6992596667394402, "log10_lambda": -3.9106250661558737, "log10_min_child_weight": 3.747840581202727, "log10_subsample": -0.7993975186526973, "max_depth": 8.0, "num_boost_round": 2.0}, "datetime": {"datetime": "2024-01-19 00:51:09", "elapsed": 2370.314751, "delta": 0.003427}}
{"target": -13.75817836243895, "params": {"gamma": 942.4580068042183, "log10_alpha": -0.3137784066922533, "log10_colsample_bytree": -0.7610157196710249, "log10_eta": -1.6992596667394402, "log10_lambda": -3.9106250661558737, "log10_min_child_weight": 3.747840581202727, "log10_subsample": -0.7993975186526973, "max_depth": 8.0, "num_boost_round": 3.0}, "datetime": {"datetime": "2024-01-19 00:51:09", "elapsed": 2370.317958, "delta": 0.003207}}
{"target": -13.758198457558064, "params": {"gamma": 942.4580068042183, "log10_alpha": -0.3137784066922533, "log10_colsample_bytree": -0.7610157196710249, "log10_eta": -1.6992596667394402, "log10_lambda": -3.9106250661558737, "log10_min_child_weight": 3.747840581202727, "log10_subsample": -0.7993975186526973, "max_depth": 8.0, "num_boost_round": 4.0}, "datetime": {"datetime": "2024-01-19 00:51:09", "elapsed": 2370.32121, "delta": 0.003252}}
{"target": -13.758157384957704, "params": {"gamma": 942.4580068042183, "log10_alpha": -0.3137784066922533, "log10_colsample_bytree": -0.7610157196710249, "log10_eta": -1.6992596667394402, "log10_lambda": -3.9106250661558737, "log10_min_child_weight": 3.747840581202727, "log10_subsample": -0.7993975186526973, "max_depth": 8.0, "num_boost_round": 5.0}, "datetime": {"datetime": "2024-01-19 00:51:09", "elapsed": 2370.324326, "delta": 0.003116}}
{"target": -13.758466005803053, "params": {"gamma": 942.4580068042183, "log10_alpha": -0.3137784066922533, "log10_colsample_bytree": -0.7610157196710249, "log10_eta": -1.6992596667394402, "log10_lambda": -3.9106250661558737, "log10_min_child_weight": 3.747840581202727, "log10_subsample": -0.7993975186526973, "max_depth": 8.0, "num_boost_round": 6.0}, "datetime": {"datetime": "2024-01-19 00:51:09", "elapsed": 2370.32748, "delta": 0.003154}}
{"target": -13.758412004872937, "params": {"gamma": 942.4580068042183, "log10_alpha": -0.3137784066922533, "log10_colsample_bytree": -0.7610157196710249, "log10_eta": -1.6992596667394402, "log10_lambda": -3.9106250661558737, "log10_min_child_weight": 3.747840581202727, "log10_subsample": -0.7993975186526973, "max_depth": 8.0, "num_boost_round": 7.0}, "datetime": {"datetime": "2024-01-19 00:51:09", "elapsed": 2370.332511, "delta": 0.005031}}
{"target": -13.75846172610605, "params": {"gamma": 942.4580068042183, "log10_alpha": -0.3137784066922533, "log10_colsample_bytree": -0.7610157196710249, "log10_eta": -1.6992596667394402, "log10_lambda": -3.9106250661558737, "log10_min_child_weight": 3.747840581202727, "log10_subsample": -0.7993975186526973, "max_depth": 8.0, "num_boost_round": 8.0}, "datetime": {"datetime": "2024-01-19 00:51:09", "elapsed": 2370.335906, "delta": 0.003395}}
{"target": -13.758424921227567, "params": {"gamma": 942.4580068042183, "log10_alpha": -0.3137784066922533, "log10_colsample_bytree": -0.7610157196710249, "log10_eta": -1.6992596667394402, "log10_lambda": -3.9106250661558737, "log10_min_child_weight": 3.747840581202727, "log10_subsample": -0.7993975186526973, "max_depth": 8.0, "num_boost_round": 9.0}, "datetime": {"datetime": "2024-01-19 00:51:09", "elapsed": 2370.339103, "delta": 0.003197}}
{"target": -13.758227002507706, "params": {"gamma": 942.4580068042183, "log10_alpha": -0.3137784066922533, "log10_colsample_bytree": -0.7610157196710249, "log10_eta": -1.6992596667394402, "log10_lambda": -3.9106250661558737, "log10_min_child_weight": 3.747840581202727, "log10_subsample": -0.7993975186526973, "max_depth": 8.0, "num_boost_round": 10.0}, "datetime": {"datetime": "2024-01-19 00:51:09", "elapsed": 2370.342316, "delta": 0.003213}}
{"target": -13.758471192320895, "params": {"gamma": 942.4580068042183, "log10_alpha": -0.3137784066922533, "log10_colsample_bytree": -0.7610157196710249, "log10_eta": -1.6992596667394402, "log10_lambda": -3.9106250661558737, "log10_min_child_weight": 3.747840581202727, "log10_subsample": -0.7993975186526973, "max_depth": 8.0, "num_boost_round": 11.0}, "datetime": {"datetime": "2024-01-19 00:51:09", "elapsed": 2370.345499, "delta": 0.003183}}
{"target": -13.758485415107108, "params": {"gamma": 942.4580068042183, "log10_alpha": -0.3137784066922533, "log10_colsample_bytree": -0.7610157196710249, "log10_eta": -1.6992596667394402, "log10_lambda": -3.9106250661558737, "log10_min_child_weight": 3.747840581202727, "log10_subsample": -0.7993975186526973, "max_depth": 8.0, "num_boost_round": 12.0}, "datetime": {"datetime": "2024-01-19 00:51:09", "elapsed": 2370.348751, "delta": 0.003252}}
{"target": -13.758361124825377, "params": {"gamma": 942.4580068042183, "log10_alpha": -0.3137784066922533, "log10_colsample_bytree": -0.7610157196710249, "log10_eta": -1.6992596667394402, "log10_lambda": -3.9106250661558737, "log10_min_child_weight": 3.747840581202727, "log10_subsample": -0.7993975186526973, "max_depth": 8.0, "num_boost_round": 13.0}, "datetime": {"datetime": "2024-01-19 00:51:09", "elapsed": 2370.351917, "delta": 0.003166}}
{"target": -13.758395899420664, "params": {"gamma": 942.4580068042183, "log10_alpha": -0.3137784066922533, "log10_colsample_bytree": -0.7610157196710249, "log10_eta": -1.6992596667394402, "log10_lambda": -3.9106250661558737, "log10_min_child_weight": 3.747840581202727, "log10_subsample": -0.7993975186526973, "max_depth": 8.0, "num_boost_round": 14.0}, "datetime": {"datetime": "2024-01-19 00:51:09", "elapsed": 2370.35516, "delta": 0.003243}}
{"target": -13.758318282098214, "params": {"gamma": 942.4580068042183, "log10_alpha": -0.3137784066922533, "log10_colsample_bytree": -0.7610157196710249, "log10_eta": -1.6992596667394402, "log10_lambda": -3.9106250661558737, "log10_min_child_weight": 3.747840581202727, "log10_subsample": -0.7993975186526973, "max_depth": 8.0, "num_boost_round": 15.0}, "datetime": {"datetime": "2024-01-19 00:51:09", "elapsed": 2370.35835, "delta": 0.00319}}
{"target": -13.758134092014526, "params": {"gamma": 942.4580068042183, "log10_alpha": -0.3137784066922533, "log10_colsample_bytree": -0.7610157196710249, "log10_eta": -1.6992596667394402, "log10_lambda": -3.9106250661558737, "log10_min_child_weight": 3.747840581202727, "log10_subsample": -0.7993975186526973, "max_depth": 8.0, "num_boost_round": 16.0}, "datetime": {"datetime": "2024-01-19 00:51:09", "elapsed": 2370.361559, "delta": 0.003209}}
{"target": -13.757822287395713, "params": {"gamma": 942.4580068042183, "log10_alpha": -0.3137784066922533, "log10_colsample_bytree": -0.7610157196710249, "log10_eta": -1.6992596667394402, "log10_lambda": -3.9106250661558737, "log10_min_child_weight": 3.747840581202727, "log10_subsample": -0.7993975186526973, "max_depth": 8.0, "num_boost_round": 17.0}, "datetime": {"datetime": "2024-01-19 00:51:09", "elapsed": 2370.364737, "delta": 0.003178}}
{"target": -13.758081794119848, "params": {"gamma": 942.4580068042183, "log10_alpha": -0.3137784066922533, "log10_colsample_bytree": -0.7610157196710249, "log10_eta": -1.6992596667394402, "log10_lambda": -3.9106250661558737, "log10_min_child_weight": 3.747840581202727, "log10_subsample": -0.7993975186526973, "max_depth": 8.0, "num_boost_round": 18.0}, "datetime": {"datetime": "2024-01-19 00:51:09", "elapsed": 2370.367976, "delta": 0.003239}}
{"target": -13.758002332747726, "params": {"gamma": 942.4580068042183, "log10_alpha": -0.3137784066922533, "log10_colsample_bytree": -0.7610157196710249, "log10_eta": -1.6992596667394402, "log10_lambda": -3.9106250661558737, "log10_min_child_weight": 3.747840581202727, "log10_subsample": -0.7993975186526973, "max_depth": 8.0, "num_boost_round": 19.0}, "datetime": {"datetime": "2024-01-19 00:51:09", "elapsed": 2370.371133, "delta": 0.003157}}
{"target": -13.758101920600234, "params": {"gamma": 942.4580068042183, "log10_alpha": -0.3137784066922533, "log10_colsample_bytree": -0.7610157196710249, "log10_eta": -1.6992596667394402, "log10_lambda": -3.9106250661558737, "log10_min_child_weight": 3.747840581202727, "log10_subsample": -0.7993975186526973, "max_depth": 8.0, "num_boost_round": 20.0}, "datetime": {"datetime": "2024-01-19 00:51:09", "elapsed": 2370.374371, "delta": 0.003238}}
{"target": -13.758034960405928, "params": {"gamma": 942.4580068042183, "log10_alpha": -0.3137784066922533, "log10_colsample_bytree": -0.7610157196710249, "log10_eta": -1.6992596667394402, "log10_lambda": -3.9106250661558737, "log10_min_child_weight": 3.747840581202727, "log10_subsample": -0.7993975186526973, "max_depth": 8.0, "num_boost_round": 21.0}, "datetime": {"datetime": "2024-01-19 00:51:09", "elapsed": 2370.377563, "delta": 0.003192}}
{"target": -13.75808144709485, "params": {"gamma": 942.4580068042183, "log10_alpha": -0.3137784066922533, "log10_colsample_bytree": -0.7610157196710249, "log10_eta": -1.6992596667394402, "log10_lambda": -3.9106250661558737, "log10_min_child_weight": 3.747840581202727, "log10_subsample": -0.7993975186526973, "max_depth": 8.0, "num_boost_round": 22.0}, "datetime": {"datetime": "2024-01-19 00:51:09", "elapsed": 2370.380808, "delta": 0.003245}}
{"target": -13.758004725132018, "params": {"gamma": 942.4580068042183, "log10_alpha": -0.3137784066922533, "log10_colsample_bytree": -0.7610157196710249, "log10_eta": -1.6992596667394402, "log10_lambda": -3.9106250661558737, "log10_min_child_weight": 3.747840581202727, "log10_subsample": -0.7993975186526973, "max_depth": 8.0, "num_boost_round": 23.0}, "datetime": {"datetime": "2024-01-19 00:51:09", "elapsed": 2370.384024, "delta": 0.003216}}
{"target": -13.758010540035379, "params": {"gamma": 942.4580068042183, "log10_alpha": -0.3137784066922533, "log10_colsample_bytree": -0.7610157196710249, "log10_eta": -1.6992596667394402, "log10_lambda": -3.9106250661558737, "log10_min_child_weight": 3.747840581202727, "log10_subsample": -0.7993975186526973, "max_depth": 8.0, "num_boost_round": 24.0}, "datetime": {"datetime": "2024-01-19 00:51:09", "elapsed": 2370.387285, "delta": 0.003261}}
{"target": -13.758084884619862, "params": {"gamma": 942.4580068042183, "log10_alpha": -0.3137784066922533, "log10_colsample_bytree": -0.7610157196710249, "log10_eta": -1.6992596667394402, "log10_lambda": -3.9106250661558737, "log10_min_child_weight": 3.747840581202727, "log10_subsample": -0.7993975186526973, "max_depth": 8.0, "num_boost_round": 25.0}, "datetime": {"datetime": "2024-01-19 00:51:09", "elapsed": 2370.390478, "delta": 0.003193}}
{"target": -13.758376727603514, "params": {"gamma": 942.4580068042183, "log10_alpha": -0.3137784066922533, "log10_colsample_bytree": -0.7610157196710249, "log10_eta": -1.6992596667394402, "log10_lambda": -3.9106250661558737, "log10_min_child_weight": 3.747840581202727, "log10_subsample": -0.7993975186526973, "max_depth": 8.0, "num_boost_round": 26.0}, "datetime": {"datetime": "2024-01-19 00:51:09", "elapsed": 2370.393726, "delta": 0.003248}}
