{"target": -17.676865107070252, "params": {"gamma": 875.886022204344, "log10_alpha": -3.6770135867479663, "log10_colsample_bytree": -0.5049568458479912, "log10_eta": -3.3390401860675176, "log10_lambda": -0.06817674417789732, "log10_min_child_weight": 2.824060052123442, "log10_subsample": -0.7316449782334196, "max_depth": 6.0, "num_boost_round": 35.0}, "datetime": {"datetime": "2024-01-19 00:48:26", "elapsed": 2187.382846, "delta": 0.002668}}
{"target": -17.676871038237444, "params": {"gamma": 875.886022204344, "log10_alpha": -3.6770135867479663, "log10_colsample_bytree": -0.5049568458479912, "log10_eta": -3.3390401860675176, "log10_lambda": -0.06817674417789732, "log10_min_child_weight": 2.824060052123442, "log10_subsample": -0.7316449782334196, "max_depth": 6.0, "num_boost_round": 36.0}, "datetime": {"datetime": "2024-01-19 00:48:26", "elapsed": 2187.385445, "delta": 0.002599}}
{"target": -17.676873413880408, "params": {"gamma": 875.886022204344, "log10_alpha": -3.6770135867479663, "log10_colsample_bytree": -0.5049568458479912, "log10_eta": -3.3390401860675176, "log10_lambda": -0.06817674417789732, "log10_min_child_weight": 2.824060052123442, "log10_subsample": -0.7316449782334196, "max_depth": 6.0, "num_boost_round": 37.0}, "datetime": {"datetime": "2024-01-19 00:48:26", "elapsed": 2187.388045, "delta": 0.0026}}
{"target": -17.67685590595131, "params": {"gamma": 875.886022204344, "log10_alpha": -3.6770135867479663, "log10_colsample_bytree": -0.5049568458479912, "log10_eta": -3.3390401860675176, "log10_lambda": -0.06817674417789732, "log10_min_child_weight": 2.824060052123442, "log10_subsample": -0.7316449782334196, "max_depth": 6.0, "num_boost_round": 38.0}, "datetime": {"datetime": "2024-01-19 00:48:26", "elapsed": 2187.390639, "delta": 0.002594}}
{"target": -17.676827160081565, "params": {"gamma": 875.886022204344, "log10_alpha": -3.6770135867479663, "log10_colsample_bytree": -0.5049568458479912, "log10_eta": -3.3390401860675176, "log10_lambda": -0.06817674417789732, "log10_min_child_weight": 2.824060052123442, "log10_subsample": -0.7316449782334196, "max_depth": 6.0, "num_boost_round": 39.0}, "datetime": {"datetime": "2024-01-19 00:48:26", "elapsed": 2187.393292, "delta": 0.002653}}
{"target": -17.67682265710434, "params": {"gamma": 875.886022204344, "log10_alpha": -3.6770135867479663, "log10_colsample_bytree": -0.5049568458479912, "log10_eta": -3.3390401860675176, "log10_lambda": -0.06817674417789732, "log10_min_child_weight": 2.824060052123442, "log10_subsample": -0.7316449782334196, "max_depth": 6.0, "num_boost_round": 40.0}, "datetime": {"datetime": "2024-01-19 00:48:26", "elapsed": 2187.395912, "delta": 0.00262}}
{"target": -17.67681070141304, "params": {"gamma": 875.886022204344, "log10_alpha": -3.6770135867479663, "log10_colsample_bytree": -0.5049568458479912, "log10_eta": -3.3390401860675176, "log10_lambda": -0.06817674417789732, "log10_min_child_weight": 2.824060052123442, "log10_subsample": -0.7316449782334196, "max_depth": 6.0, "num_boost_round": 41.0}, "datetime": {"datetime": "2024-01-19 00:48:26", "elapsed": 2187.39871, "delta": 0.002798}}
{"target": -17.67680279548153, "params": {"gamma": 875.886022204344, "log10_alpha": -3.6770135867479663, "log10_colsample_bytree": -0.5049568458479912, "log10_eta": -3.3390401860675176, "log10_lambda": -0.06817674417789732, "log10_min_child_weight": 2.824060052123442, "log10_subsample": -0.7316449782334196, "max_depth": 6.0, "num_boost_round": 42.0}, "datetime": {"datetime": "2024-01-19 00:48:26", "elapsed": 2187.401362, "delta": 0.002652}}
{"target": -17.676784154234543, "params": {"gamma": 875.886022204344, "log10_alpha": -3.6770135867479663, "log10_colsample_bytree": -0.5049568458479912, "log10_eta": -3.3390401860675176, "log10_lambda": -0.06817674417789732, "log10_min_child_weight": 2.824060052123442, "log10_subsample": -0.7316449782334196, "max_depth": 6.0, "num_boost_round": 43.0}, "datetime": {"datetime": "2024-01-19 00:48:26", "elapsed": 2187.404058, "delta": 0.002696}}
{"target": -17.677221282885185, "params": {"gamma": 887.880834785802, "log10_alpha": -4.80768526141392, "log10_colsample_bytree": -0.38076530360602534, "log10_eta": -3.734736844436229, "log10_lambda": 0.17787507100217237, "log10_min_child_weight": 2.6883814120114984, "log10_subsample": -0.984803460702149, "max_depth": 4.0, "num_boost_round": 0.0}, "datetime": {"datetime": "2024-01-19 00:48:52", "elapsed": 2213.270347, "delta": 25.866289}}
{"target": -17.677212339594288, "params": {"gamma": 887.880834785802, "log10_alpha": -4.80768526141392, "log10_colsample_bytree": -0.38076530360602534, "log10_eta": -3.734736844436229, "log10_lambda": 0.17787507100217237, "log10_min_child_weight": 2.6883814120114984, "log10_subsample": -0.984803460702149, "max_depth": 4.0, "num_boost_round": 1.0}, "datetime": {"datetime": "2024-01-19 00:48:52", "elapsed": 2213.27323, "delta": 0.002883}}
{"target": -17.67720833252107, "params": {"gamma": 887.880834785802, "log10_alpha": -4.80768526141392, "log10_colsample_bytree": -0.38076530360602534, "log10_eta": -3.734736844436229, "log10_lambda": 0.17787507100217237, "log10_min_child_weight": 2.6883814120114984, "log10_subsample": -0.984803460702149, "max_depth": 4.0, "num_boost_round": 2.0}, "datetime": {"datetime": "2024-01-19 00:48:52", "elapsed": 2213.275911, "delta": 0.002681}}
{"target": -17.67720926870006, "params": {"gamma": 887.880834785802, "log10_alpha": -4.80768526141392, "log10_colsample_bytree": -0.38076530360602534, "log10_eta": -3.734736844436229, "log10_lambda": 0.17787507100217237, "log10_min_child_weight": 2.6883814120114984, "log10_subsample": -0.984803460702149, "max_depth": 4.0, "num_boost_round": 3.0}, "datetime": {"datetime": "2024-01-19 00:48:52", "elapsed": 2213.279099, "delta": 0.003188}}
{"target": -17.677203274990838, "params": {"gamma": 887.880834785802, "log10_alpha": -4.80768526141392, "log10_colsample_bytree": -0.38076530360602534, "log10_eta": -3.734736844436229, "log10_lambda": 0.17787507100217237, "log10_min_child_weight": 2.6883814120114984, "log10_subsample": -0.984803460702149, "max_depth": 4.0, "num_boost_round": 4.0}, "datetime": {"datetime": "2024-01-19 00:48:52", "elapsed": 2213.282133, "delta": 0.003034}}
{"target": -17.677205767678043, "params": {"gamma": 887.880834785802, "log10_alpha": -4.80768526141392, "log10_colsample_bytree": -0.38076530360602534, "log10_eta": -3.734736844436229, "log10_lambda": 0.17787507100217237, "log10_min_child_weight": 2.6883814120114984, "log10_subsample": -0.984803460702149, "max_depth": 4.0, "num_boost_round": 5.0}, "datetime": {"datetime": "2024-01-19 00:48:52", "elapsed": 2213.284982, "delta": 0.002849}}
{"target": -17.677202467159862, "params": {"gamma": 887.880834785802, "log10_alpha": -4.80768526141392, "log10_colsample_bytree": -0.38076530360602534, "log10_eta": -3.734736844436229, "log10_lambda": 0.17787507100217237, "log10_min_child_weight": 2.6883814120114984, "log10_subsample": -0.984803460702149, "max_depth": 4.0, "num_boost_round": 6.0}, "datetime": {"datetime": "2024-01-19 00:48:52", "elapsed": 2213.287626, "delta": 0.002644}}
{"target": -17.677192431689424, "params": {"gamma": 887.880834785802, "log10_alpha": -4.80768526141392, "log10_colsample_bytree": -0.38076530360602534, "log10_eta": -3.734736844436229, "log10_lambda": 0.17787507100217237, "log10_min_child_weight": 2.6883814120114984, "log10_subsample": -0.984803460702149, "max_depth": 4.0, "num_boost_round": 7.0}, "datetime": {"datetime": "2024-01-19 00:48:52", "elapsed": 2213.290365, "delta": 0.002739}}
{"target": -17.67718620189151, "params": {"gamma": 887.880834785802, "log10_alpha": -4.80768526141392, "log10_colsample_bytree": -0.38076530360602534, "log10_eta": -3.734736844436229, "log10_lambda": 0.17787507100217237, "log10_min_child_weight": 2.6883814120114984, "log10_subsample": -0.984803460702149, "max_depth": 4.0, "num_boost_round": 8.0}, "datetime": {"datetime": "2024-01-19 00:48:52", "elapsed": 2213.292962, "delta": 0.002597}}
{"target": -17.677183460200855, "params": {"gamma": 887.880834785802, "log10_alpha": -4.80768526141392, "log10_colsample_bytree": -0.38076530360602534, "log10_eta": -3.734736844436229, "log10_lambda": 0.17787507100217237, "log10_min_child_weight": 2.6883814120114984, "log10_subsample": -0.984803460702149, "max_depth": 4.0, "num_boost_round": 9.0}, "datetime": {"datetime": "2024-01-19 00:48:52", "elapsed": 2213.295595, "delta": 0.002633}}
{"target": -17.677525117152175, "params": {"gamma": 890.2612203879621, "log10_alpha": -3.879425285919802, "log10_colsample_bytree": -0.01499261327206014, "log10_eta": -0.941996411114022, "log10_lambda": -0.20260731211056981, "log10_min_child_weight": 4.6532858183759265, "log10_subsample": -0.39089930517542326, "max_depth": 4.0, "num_boost_round": 0.0}, "datetime": {"datetime": "2024-01-19 00:49:32", "elapsed": 2253.202469, "delta": 39.906874}}
{"target": -17.675728790405934, "params": {"gamma": 890.2612203879621, "log10_alpha": -3.879425285919802, "log10_colsample_bytree": -0.01499261327206014, "log10_eta": -0.941996411114022, "log10_lambda": -0.20260731211056981, "log10_min_child_weight": 4.6532858183759265, "log10_subsample": -0.39089930517542326, "max_depth": 4.0, "num_boost_round": 1.0}, "datetime": {"datetime": "2024-01-19 00:49:32", "elapsed": 2253.206116, "delta": 0.003647}}
{"target": -17.676067587855574, "params": {"gamma": 890.2612203879621, "log10_alpha": -3.879425285919802, "log10_colsample_bytree": -0.01499261327206014, "log10_eta": -0.941996411114022, "log10_lambda": -0.20260731211056981, "log10_min_child_weight": 4.6532858183759265, "log10_subsample": -0.39089930517542326, "max_depth": 4.0, "num_boost_round": 2.0}, "datetime": {"datetime": "2024-01-19 00:49:32", "elapsed": 2253.208947, "delta": 0.002831}}
{"target": -17.67697292943407, "params": {"gamma": 890.2612203879621, "log10_alpha": -3.879425285919802, "log10_colsample_bytree": -0.01499261327206014, "log10_eta": -0.941996411114022, "log10_lambda": -0.20260731211056981, "log10_min_child_weight": 4.6532858183759265, "log10_subsample": -0.39089930517542326, "max_depth": 4.0, "num_boost_round": 3.0}, "datetime": {"datetime": "2024-01-19 00:49:32", "elapsed": 2253.211785, "delta": 0.002838}}
{"target": -17.677318572644204, "params": {"gamma": 890.2612203879621, "log10_alpha": -3.879425285919802, "log10_colsample_bytree": -0.01499261327206014, "log10_eta": -0.941996411114022, "log10_lambda": -0.20260731211056981, "log10_min_child_weight": 4.6532858183759265, "log10_subsample": -0.39089930517542326, "max_depth": 4.0, "num_boost_round": 4.0}, "datetime": {"datetime": "2024-01-19 00:49:32", "elapsed": 2253.214415, "delta": 0.00263}}
{"target": -17.677224328931697, "params": {"gamma": 890.2612203879621, "log10_alpha": -3.879425285919802, "log10_colsample_bytree": -0.01499261327206014, "log10_eta": -0.941996411114022, "log10_lambda": -0.20260731211056981, "log10_min_child_weight": 4.6532858183759265, "log10_subsample": -0.39089930517542326, "max_depth": 4.0, "num_boost_round": 5.0}, "datetime": {"datetime": "2024-01-19 00:49:32", "elapsed": 2253.217101, "delta": 0.002686}}
{"target": -17.67792181271301, "params": {"gamma": 890.2612203879621, "log10_alpha": -3.879425285919802, "log10_colsample_bytree": -0.01499261327206014, "log10_eta": -0.941996411114022, "log10_lambda": -0.20260731211056981, "log10_min_child_weight": 4.6532858183759265, "log10_subsample": -0.39089930517542326, "max_depth": 4.0, "num_boost_round": 6.0}, "datetime": {"datetime": "2024-01-19 00:49:32", "elapsed": 2253.219718, "delta": 0.002617}}
{"target": -17.67911510307666, "params": {"gamma": 890.2612203879621, "log10_alpha": -3.879425285919802, "log10_colsample_bytree": -0.01499261327206014, "log10_eta": -0.941996411114022, "log10_lambda": -0.20260731211056981, "log10_min_child_weight": 4.6532858183759265, "log10_subsample": -0.39089930517542326, "max_depth": 4.0, "num_boost_round": 7.0}, "datetime": {"datetime": "2024-01-19 00:49:32", "elapsed": 2253.222715, "delta": 0.002997}}
{"target": -17.67956561724791, "params": {"gamma": 890.2612203879621, "log10_alpha": -3.879425285919802, "log10_colsample_bytree": -0.01499261327206014, "log10_eta": -0.941996411114022, "log10_lambda": -0.20260731211056981, "log10_min_child_weight": 4.6532858183759265, "log10_subsample": -0.39089930517542326, "max_depth": 4.0, "num_boost_round": 8.0}, "datetime": {"datetime": "2024-01-19 00:49:32", "elapsed": 2253.225864, "delta": 0.003149}}
{"target": -17.680015335495646, "params": {"gamma": 890.2612203879621, "log10_alpha": -3.879425285919802, "log10_colsample_bytree": -0.01499261327206014, "log10_eta": -0.941996411114022, "log10_lambda": -0.20260731211056981, "log10_min_child_weight": 4.6532858183759265, "log10_subsample": -0.39089930517542326, "max_depth": 4.0, "num_boost_round": 9.0}, "datetime": {"datetime": "2024-01-19 00:49:32", "elapsed": 2253.229206, "delta": 0.003342}}
{"target": -17.68214908035022, "params": {"gamma": 890.2612203879621, "log10_alpha": -3.879425285919802, "log10_colsample_bytree": -0.01499261327206014, "log10_eta": -0.941996411114022, "log10_lambda": -0.20260731211056981, "log10_min_child_weight": 4.6532858183759265, "log10_subsample": -0.39089930517542326, "max_depth": 4.0, "num_boost_round": 10.0}, "datetime": {"datetime": "2024-01-19 00:49:32", "elapsed": 2253.232203, "delta": 0.002997}}
{"target": -17.68276334126479, "params": {"gamma": 890.2612203879621, "log10_alpha": -3.879425285919802, "log10_colsample_bytree": -0.01499261327206014, "log10_eta": -0.941996411114022, "log10_lambda": -0.20260731211056981, "log10_min_child_weight": 4.6532858183759265, "log10_subsample": -0.39089930517542326, "max_depth": 4.0, "num_boost_round": 11.0}, "datetime": {"datetime": "2024-01-19 00:49:32", "elapsed": 2253.234994, "delta": 0.002791}}
{"target": -17.683991541163294, "params": {"gamma": 890.2612203879621, "log10_alpha": -3.879425285919802, "log10_colsample_bytree": -0.01499261327206014, "log10_eta": -0.941996411114022, "log10_lambda": -0.20260731211056981, "log10_min_child_weight": 4.6532858183759265, "log10_subsample": -0.39089930517542326, "max_depth": 4.0, "num_boost_round": 12.0}, "datetime": {"datetime": "2024-01-19 00:49:32", "elapsed": 2253.237595, "delta": 0.002601}}
{"target": -17.68512254584463, "params": {"gamma": 890.2612203879621, "log10_alpha": -3.879425285919802, "log10_colsample_bytree": -0.01499261327206014, "log10_eta": -0.941996411114022, "log10_lambda": -0.20260731211056981, "log10_min_child_weight": 4.6532858183759265, "log10_subsample": -0.39089930517542326, "max_depth": 4.0, "num_boost_round": 13.0}, "datetime": {"datetime": "2024-01-19 00:49:32", "elapsed": 2253.240168, "delta": 0.002573}}
{"target": -17.685298818707867, "params": {"gamma": 890.2612203879621, "log10_alpha": -3.879425285919802, "log10_colsample_bytree": -0.01499261327206014, "log10_eta": -0.941996411114022, "log10_lambda": -0.20260731211056981, "log10_min_child_weight": 4.6532858183759265, "log10_subsample": -0.39089930517542326, "max_depth": 4.0, "num_boost_round": 14.0}, "datetime": {"datetime": "2024-01-19 00:49:32", "elapsed": 2253.242757, "delta": 0.002589}}
{"target": -17.68533124522784, "params": {"gamma": 890.2612203879621, "log10_alpha": -3.879425285919802, "log10_colsample_bytree": -0.01499261327206014, "log10_eta": -0.941996411114022, "log10_lambda": -0.20260731211056981, "log10_min_child_weight": 4.6532858183759265, "log10_subsample": -0.39089930517542326, "max_depth": 4.0, "num_boost_round": 15.0}, "datetime": {"datetime": "2024-01-19 00:49:32", "elapsed": 2253.245396, "delta": 0.002639}}
{"target": -17.677227218039302, "params": {"gamma": 868.8610751251787, "log10_alpha": -1.5705392117079384, "log10_colsample_bytree": -0.5871570828210338, "log10_eta": -3.4913381098608323, "log10_lambda": -1.0090855164382533, "log10_min_child_weight": 4.6710784651664286, "log10_subsample": -0.06521636726948488, "max_depth": 8.0, "num_boost_round": 0.0}, "datetime": {"datetime": "2024-01-19 00:50:06", "elapsed": 2287.213157, "delta": 33.967761}}
{"target": -17.67722452957698, "params": {"gamma": 868.8610751251787, "log10_alpha": -1.5705392117079384, "log10_colsample_bytree": -0.5871570828210338, "log10_eta": -3.4913381098608323, "log10_lambda": -1.0090855164382533, "log10_min_child_weight": 4.6710784651664286, "log10_subsample": -0.06521636726948488, "max_depth": 8.0, "num_boost_round": 1.0}, "datetime": {"datetime": "2024-01-19 00:50:06", "elapsed": 2287.216971, "delta": 0.003814}}
{"target": -17.677228670890486, "params": {"gamma": 868.8610751251787, "log10_alpha": -1.5705392117079384, "log10_colsample_bytree": -0.5871570828210338, "log10_eta": -3.4913381098608323, "log10_lambda": -1.0090855164382533, "log10_min_child_weight": 4.6710784651664286, "log10_subsample": -0.06521636726948488, "max_depth": 8.0, "num_boost_round": 2.0}, "datetime": {"datetime": "2024-01-19 00:50:06", "elapsed": 2287.219819, "delta": 0.002848}}
{"target": -17.6772254636806, "params": {"gamma": 868.8610751251787, "log10_alpha": -1.5705392117079384, "log10_colsample_bytree": -0.5871570828210338, "log10_eta": -3.4913381098608323, "log10_lambda": -1.0090855164382533, "log10_min_child_weight": 4.6710784651664286, "log10_subsample": -0.06521636726948488, "max_depth": 8.0, "num_boost_round": 3.0}, "datetime": {"datetime": "2024-01-19 00:50:06", "elapsed": 2287.222928, "delta": 0.003109}}
{"target": -17.677222762022932, "params": {"gamma": 868.8610751251787, "log10_alpha": -1.5705392117079384, "log10_colsample_bytree": -0.5871570828210338, "log10_eta": -3.4913381098608323, "log10_lambda": -1.0090855164382533, "log10_min_child_weight": 4.6710784651664286, "log10_subsample": -0.06521636726948488, "max_depth": 8.0, "num_boost_round": 4.0}, "datetime": {"datetime": "2024-01-19 00:50:06", "elapsed": 2287.226167, "delta": 0.003239}}
{"target": -17.677221363774315, "params": {"gamma": 868.8610751251787, "log10_alpha": -1.5705392117079384, "log10_colsample_bytree": -0.5871570828210338, "log10_eta": -3.4913381098608323, "log10_lambda": -1.0090855164382533, "log10_min_child_weight": 4.6710784651664286, "log10_subsample": -0.06521636726948488, "max_depth": 8.0, "num_boost_round": 5.0}, "datetime": {"datetime": "2024-01-19 00:50:06", "elapsed": 2287.228994, "delta": 0.002827}}
{"target": -17.67722228202348, "params": {"gamma": 868.8610751251787, "log10_alpha": -1.5705392117079384, "log10_colsample_bytree": -0.5871570828210338, "log10_eta": -3.4913381098608323, "log10_lambda": -1.0090855164382533, "log10_min_child_weight": 4.6710784651664286, "log10_subsample": -0.06521636726948488, "max_depth": 8.0, "num_boost_round": 6.0}, "datetime": {"datetime": "2024-01-19 00:50:06", "elapsed": 2287.231968, "delta": 0.002974}}
{"target": -17.67721849838527, "params": {"gamma": 868.8610751251787, "log10_alpha": -1.5705392117079384, "log10_colsample_bytree": -0.5871570828210338, "log10_eta": -3.4913381098608323, "log10_lambda": -1.0090855164382533, "log10_min_child_weight": 4.6710784651664286, "log10_subsample": -0.06521636726948488, "max_depth": 8.0, "num_boost_round": 7.0}, "datetime": {"datetime": "2024-01-19 00:50:06", "elapsed": 2287.234657, "delta": 0.002689}}
{"target": -17.677218802914837, "params": {"gamma": 868.8610751251787, "log10_alpha": -1.5705392117079384, "log10_colsample_bytree": -0.5871570828210338, "log10_eta": -3.4913381098608323, "log10_lambda": -1.0090855164382533, "log10_min_child_weight": 4.6710784651664286, "log10_subsample": -0.06521636726948488, "max_depth": 8.0, "num_boost_round": 8.0}, "datetime": {"datetime": "2024-01-19 00:50:06", "elapsed": 2287.237346, "delta": 0.002689}}
{"target": -17.677216527689335, "params": {"gamma": 868.8610751251787, "log10_alpha": -1.5705392117079384, "log10_colsample_bytree": -0.5871570828210338, "log10_eta": -3.4913381098608323, "log10_lambda": -1.0090855164382533, "log10_min_child_weight": 4.6710784651664286, "log10_subsample": -0.06521636726948488, "max_depth": 8.0, "num_boost_round": 9.0}, "datetime": {"datetime": "2024-01-19 00:50:06", "elapsed": 2287.239974, "delta": 0.002628}}
{"target": -17.677212006396825, "params": {"gamma": 868.8610751251787, "log10_alpha": -1.5705392117079384, "log10_colsample_bytree": -0.5871570828210338, "log10_eta": -3.4913381098608323, "log10_lambda": -1.0090855164382533, "log10_min_child_weight": 4.6710784651664286, "log10_subsample": -0.06521636726948488, "max_depth": 8.0, "num_boost_round": 10.0}, "datetime": {"datetime": "2024-01-19 00:50:06", "elapsed": 2287.242635, "delta": 0.002661}}
{"target": -17.677208681924316, "params": {"gamma": 868.8610751251787, "log10_alpha": -1.5705392117079384, "log10_colsample_bytree": -0.5871570828210338, "log10_eta": -3.4913381098608323, "log10_lambda": -1.0090855164382533, "log10_min_child_weight": 4.6710784651664286, "log10_subsample": -0.06521636726948488, "max_depth": 8.0, "num_boost_round": 11.0}, "datetime": {"datetime": "2024-01-19 00:50:06", "elapsed": 2287.245339, "delta": 0.002704}}
{"target": -17.67720491825507, "params": {"gamma": 868.8610751251787, "log10_alpha": -1.5705392117079384, "log10_colsample_bytree": -0.5871570828210338, "log10_eta": -3.4913381098608323, "log10_lambda": -1.0090855164382533, "log10_min_child_weight": 4.6710784651664286, "log10_subsample": -0.06521636726948488, "max_depth": 8.0, "num_boost_round": 12.0}, "datetime": {"datetime": "2024-01-19 00:50:06", "elapsed": 2287.248025, "delta": 0.002686}}
{"target": -17.677206184880173, "params": {"gamma": 868.8610751251787, "log10_alpha": -1.5705392117079384, "log10_colsample_bytree": -0.5871570828210338, "log10_eta": -3.4913381098608323, "log10_lambda": -1.0090855164382533, "log10_min_child_weight": 4.6710784651664286, "log10_subsample": -0.06521636726948488, "max_depth": 8.0, "num_boost_round": 13.0}, "datetime": {"datetime": "2024-01-19 00:50:06", "elapsed": 2287.250742, "delta": 0.002717}}
