{"target": -17.676983435553684, "params": {"gamma": 614.3295560955926, "log10_alpha": 0.7956199572752087, "log10_colsample_bytree": -0.9903820760288454, "log10_eta": -2.918431507076785, "log10_lambda": 0.3870396601785604, "log10_min_child_weight": 2.2106931960556238, "log10_subsample": -0.40110094934738394, "max_depth": 8.0, "num_boost_round": 6.0}, "datetime": {"datetime": "2024-01-19 01:41:19", "elapsed": 5376.724038, "delta": 0.004596}}
{"target": -17.67692877468017, "params": {"gamma": 614.3295560955926, "log10_alpha": 0.7956199572752087, "log10_colsample_bytree": -0.9903820760288454, "log10_eta": -2.918431507076785, "log10_lambda": 0.3870396601785604, "log10_min_child_weight": 2.2106931960556238, "log10_subsample": -0.40110094934738394, "max_depth": 8.0, "num_boost_round": 7.0}, "datetime": {"datetime": "2024-01-19 01:41:19", "elapsed": 5376.728596, "delta": 0.004558}}
{"target": -17.67692129237289, "params": {"gamma": 614.3295560955926, "log10_alpha": 0.7956199572752087, "log10_colsample_bytree": -0.9903820760288454, "log10_eta": -2.918431507076785, "log10_lambda": 0.3870396601785604, "log10_min_child_weight": 2.2106931960556238, "log10_subsample": -0.40110094934738394, "max_depth": 8.0, "num_boost_round": 8.0}, "datetime": {"datetime": "2024-01-19 01:41:19", "elapsed": 5376.733357, "delta": 0.004761}}
{"target": -17.676863401789156, "params": {"gamma": 614.3295560955926, "log10_alpha": 0.7956199572752087, "log10_colsample_bytree": -0.9903820760288454, "log10_eta": -2.918431507076785, "log10_lambda": 0.3870396601785604, "log10_min_child_weight": 2.2106931960556238, "log10_subsample": -0.40110094934738394, "max_depth": 8.0, "num_boost_round": 9.0}, "datetime": {"datetime": "2024-01-19 01:41:19", "elapsed": 5376.738209, "delta": 0.004852}}
{"target": -17.676826178954077, "params": {"gamma": 614.3295560955926, "log10_alpha": 0.7956199572752087, "log10_colsample_bytree": -0.9903820760288454, "log10_eta": -2.918431507076785, "log10_lambda": 0.3870396601785604, "log10_min_child_weight": 2.2106931960556238, "log10_subsample": -0.40110094934738394, "max_depth": 8.0, "num_boost_round": 10.0}, "datetime": {"datetime": "2024-01-19 01:41:19", "elapsed": 5376.742974, "delta": 0.004765}}
{"target": -17.676771405537878, "params": {"gamma": 614.3295560955926, "log10_alpha": 0.7956199572752087, "log10_colsample_bytree": -0.9903820760288454, "log10_eta": -2.918431507076785, "log10_lambda": 0.3870396601785604, "log10_min_child_weight": 2.2106931960556238, "log10_subsample": -0.40110094934738394, "max_depth": 8.0, "num_boost_round": 11.0}, "datetime": {"datetime": "2024-01-19 01:41:19", "elapsed": 5376.747578, "delta": 0.004604}}
{"target": -17.67672045013111, "params": {"gamma": 614.3295560955926, "log10_alpha": 0.7956199572752087, "log10_colsample_bytree": -0.9903820760288454, "log10_eta": -2.918431507076785, "log10_lambda": 0.3870396601785604, "log10_min_child_weight": 2.2106931960556238, "log10_subsample": -0.40110094934738394, "max_depth": 8.0, "num_boost_round": 12.0}, "datetime": {"datetime": "2024-01-19 01:41:19", "elapsed": 5376.75234, "delta": 0.004762}}
{"target": -17.67667367542931, "params": {"gamma": 614.3295560955926, "log10_alpha": 0.7956199572752087, "log10_colsample_bytree": -0.9903820760288454, "log10_eta": -2.918431507076785, "log10_lambda": 0.3870396601785604, "log10_min_child_weight": 2.2106931960556238, "log10_subsample": -0.40110094934738394, "max_depth": 8.0, "num_boost_round": 13.0}, "datetime": {"datetime": "2024-01-19 01:41:19", "elapsed": 5376.757034, "delta": 0.004694}}
{"target": -17.676628833270204, "params": {"gamma": 614.3295560955926, "log10_alpha": 0.7956199572752087, "log10_colsample_bytree": -0.9903820760288454, "log10_eta": -2.918431507076785, "log10_lambda": 0.3870396601785604, "log10_min_child_weight": 2.2106931960556238, "log10_subsample": -0.40110094934738394, "max_depth": 8.0, "num_boost_round": 14.0}, "datetime": {"datetime": "2024-01-19 01:41:19", "elapsed": 5376.761691, "delta": 0.004657}}
{"target": -17.67657211510858, "params": {"gamma": 614.3295560955926, "log10_alpha": 0.7956199572752087, "log10_colsample_bytree": -0.9903820760288454, "log10_eta": -2.918431507076785, "log10_lambda": 0.3870396601785604, "log10_min_child_weight": 2.2106931960556238, "log10_subsample": -0.40110094934738394, "max_depth": 8.0, "num_boost_round": 15.0}, "datetime": {"datetime": "2024-01-19 01:41:19", "elapsed": 5376.766305, "delta": 0.004614}}
{"target": -17.6765734713859, "params": {"gamma": 614.3295560955926, "log10_alpha": 0.7956199572752087, "log10_colsample_bytree": -0.9903820760288454, "log10_eta": -2.918431507076785, "log10_lambda": 0.3870396601785604, "log10_min_child_weight": 2.2106931960556238, "log10_subsample": -0.40110094934738394, "max_depth": 8.0, "num_boost_round": 16.0}, "datetime": {"datetime": "2024-01-19 01:41:19", "elapsed": 5376.771, "delta": 0.004695}}
{"target": -17.676529307919427, "params": {"gamma": 614.3295560955926, "log10_alpha": 0.7956199572752087, "log10_colsample_bytree": -0.9903820760288454, "log10_eta": -2.918431507076785, "log10_lambda": 0.3870396601785604, "log10_min_child_weight": 2.2106931960556238, "log10_subsample": -0.40110094934738394, "max_depth": 8.0, "num_boost_round": 17.0}, "datetime": {"datetime": "2024-01-19 01:41:19", "elapsed": 5376.779794, "delta": 0.008794}}
{"target": -17.676513505336338, "params": {"gamma": 614.3295560955926, "log10_alpha": 0.7956199572752087, "log10_colsample_bytree": -0.9903820760288454, "log10_eta": -2.918431507076785, "log10_lambda": 0.3870396601785604, "log10_min_child_weight": 2.2106931960556238, "log10_subsample": -0.40110094934738394, "max_depth": 8.0, "num_boost_round": 18.0}, "datetime": {"datetime": "2024-01-19 01:41:19", "elapsed": 5376.78464, "delta": 0.004846}}
{"target": -17.676454357954963, "params": {"gamma": 614.3295560955926, "log10_alpha": 0.7956199572752087, "log10_colsample_bytree": -0.9903820760288454, "log10_eta": -2.918431507076785, "log10_lambda": 0.3870396601785604, "log10_min_child_weight": 2.2106931960556238, "log10_subsample": -0.40110094934738394, "max_depth": 8.0, "num_boost_round": 19.0}, "datetime": {"datetime": "2024-01-19 01:41:19", "elapsed": 5376.789421, "delta": 0.004781}}
{"target": -17.676450483074664, "params": {"gamma": 614.3295560955926, "log10_alpha": 0.7956199572752087, "log10_colsample_bytree": -0.9903820760288454, "log10_eta": -2.918431507076785, "log10_lambda": 0.3870396601785604, "log10_min_child_weight": 2.2106931960556238, "log10_subsample": -0.40110094934738394, "max_depth": 8.0, "num_boost_round": 20.0}, "datetime": {"datetime": "2024-01-19 01:41:19", "elapsed": 5376.794078, "delta": 0.004657}}
{"target": -17.676434849602927, "params": {"gamma": 614.3295560955926, "log10_alpha": 0.7956199572752087, "log10_colsample_bytree": -0.9903820760288454, "log10_eta": -2.918431507076785, "log10_lambda": 0.3870396601785604, "log10_min_child_weight": 2.2106931960556238, "log10_subsample": -0.40110094934738394, "max_depth": 8.0, "num_boost_round": 21.0}, "datetime": {"datetime": "2024-01-19 01:41:19", "elapsed": 5376.798722, "delta": 0.004644}}
{"target": -17.67638346802725, "params": {"gamma": 614.3295560955926, "log10_alpha": 0.7956199572752087, "log10_colsample_bytree": -0.9903820760288454, "log10_eta": -2.918431507076785, "log10_lambda": 0.3870396601785604, "log10_min_child_weight": 2.2106931960556238, "log10_subsample": -0.40110094934738394, "max_depth": 8.0, "num_boost_round": 22.0}, "datetime": {"datetime": "2024-01-19 01:41:19", "elapsed": 5376.803409, "delta": 0.004687}}
{"target": -17.67638038275512, "params": {"gamma": 614.3295560955926, "log10_alpha": 0.7956199572752087, "log10_colsample_bytree": -0.9903820760288454, "log10_eta": -2.918431507076785, "log10_lambda": 0.3870396601785604, "log10_min_child_weight": 2.2106931960556238, "log10_subsample": -0.40110094934738394, "max_depth": 8.0, "num_boost_round": 23.0}, "datetime": {"datetime": "2024-01-19 01:41:19", "elapsed": 5376.807986, "delta": 0.004577}}
{"target": -17.67640703970427, "params": {"gamma": 614.3295560955926, "log10_alpha": 0.7956199572752087, "log10_colsample_bytree": -0.9903820760288454, "log10_eta": -2.918431507076785, "log10_lambda": 0.3870396601785604, "log10_min_child_weight": 2.2106931960556238, "log10_subsample": -0.40110094934738394, "max_depth": 8.0, "num_boost_round": 24.0}, "datetime": {"datetime": "2024-01-19 01:41:19", "elapsed": 5376.812749, "delta": 0.004763}}
{"target": -17.67630202288826, "params": {"gamma": 614.3295560955926, "log10_alpha": 0.7956199572752087, "log10_colsample_bytree": -0.9903820760288454, "log10_eta": -2.918431507076785, "log10_lambda": 0.3870396601785604, "log10_min_child_weight": 2.2106931960556238, "log10_subsample": -0.40110094934738394, "max_depth": 8.0, "num_boost_round": 25.0}, "datetime": {"datetime": "2024-01-19 01:41:19", "elapsed": 5376.817451, "delta": 0.004702}}
{"target": -17.676275536426626, "params": {"gamma": 614.3295560955926, "log10_alpha": 0.7956199572752087, "log10_colsample_bytree": -0.9903820760288454, "log10_eta": -2.918431507076785, "log10_lambda": 0.3870396601785604, "log10_min_child_weight": 2.2106931960556238, "log10_subsample": -0.40110094934738394, "max_depth": 8.0, "num_boost_round": 26.0}, "datetime": {"datetime": "2024-01-19 01:41:19", "elapsed": 5376.822107, "delta": 0.004656}}
{"target": -17.676289878789287, "params": {"gamma": 614.3295560955926, "log10_alpha": 0.7956199572752087, "log10_colsample_bytree": -0.9903820760288454, "log10_eta": -2.918431507076785, "log10_lambda": 0.3870396601785604, "log10_min_child_weight": 2.2106931960556238, "log10_subsample": -0.40110094934738394, "max_depth": 8.0, "num_boost_round": 27.0}, "datetime": {"datetime": "2024-01-19 01:41:19", "elapsed": 5376.826711, "delta": 0.004604}}
{"target": -17.676237050560736, "params": {"gamma": 614.3295560955926, "log10_alpha": 0.7956199572752087, "log10_colsample_bytree": -0.9903820760288454, "log10_eta": -2.918431507076785, "log10_lambda": 0.3870396601785604, "log10_min_child_weight": 2.2106931960556238, "log10_subsample": -0.40110094934738394, "max_depth": 8.0, "num_boost_round": 28.0}, "datetime": {"datetime": "2024-01-19 01:41:19", "elapsed": 5376.831546, "delta": 0.004835}}
{"target": -17.67617320043812, "params": {"gamma": 614.3295560955926, "log10_alpha": 0.7956199572752087, "log10_colsample_bytree": -0.9903820760288454, "log10_eta": -2.918431507076785, "log10_lambda": 0.3870396601785604, "log10_min_child_weight": 2.2106931960556238, "log10_subsample": -0.40110094934738394, "max_depth": 8.0, "num_boost_round": 29.0}, "datetime": {"datetime": "2024-01-19 01:41:19", "elapsed": 5376.836437, "delta": 0.004891}}
{"target": -17.676145810732887, "params": {"gamma": 614.3295560955926, "log10_alpha": 0.7956199572752087, "log10_colsample_bytree": -0.9903820760288454, "log10_eta": -2.918431507076785, "log10_lambda": 0.3870396601785604, "log10_min_child_weight": 2.2106931960556238, "log10_subsample": -0.40110094934738394, "max_depth": 8.0, "num_boost_round": 30.0}, "datetime": {"datetime": "2024-01-19 01:41:19", "elapsed": 5376.842265, "delta": 0.005828}}
{"target": -17.676085422372104, "params": {"gamma": 614.3295560955926, "log10_alpha": 0.7956199572752087, "log10_colsample_bytree": -0.9903820760288454, "log10_eta": -2.918431507076785, "log10_lambda": 0.3870396601785604, "log10_min_child_weight": 2.2106931960556238, "log10_subsample": -0.40110094934738394, "max_depth": 8.0, "num_boost_round": 31.0}, "datetime": {"datetime": "2024-01-19 01:41:19", "elapsed": 5376.847282, "delta": 0.005017}}
{"target": -17.676054730304013, "params": {"gamma": 614.3295560955926, "log10_alpha": 0.7956199572752087, "log10_colsample_bytree": -0.9903820760288454, "log10_eta": -2.918431507076785, "log10_lambda": 0.3870396601785604, "log10_min_child_weight": 2.2106931960556238, "log10_subsample": -0.40110094934738394, "max_depth": 8.0, "num_boost_round": 32.0}, "datetime": {"datetime": "2024-01-19 01:41:19", "elapsed": 5376.851976, "delta": 0.004694}}
{"target": -17.675964945125216, "params": {"gamma": 614.3295560955926, "log10_alpha": 0.7956199572752087, "log10_colsample_bytree": -0.9903820760288454, "log10_eta": -2.918431507076785, "log10_lambda": 0.3870396601785604, "log10_min_child_weight": 2.2106931960556238, "log10_subsample": -0.40110094934738394, "max_depth": 8.0, "num_boost_round": 33.0}, "datetime": {"datetime": "2024-01-19 01:41:19", "elapsed": 5376.961137, "delta": 0.109161}}
{"target": -17.67588780952753, "params": {"gamma": 614.3295560955926, "log10_alpha": 0.7956199572752087, "log10_colsample_bytree": -0.9903820760288454, "log10_eta": -2.918431507076785, "log10_lambda": 0.3870396601785604, "log10_min_child_weight": 2.2106931960556238, "log10_subsample": -0.40110094934738394, "max_depth": 8.0, "num_boost_round": 34.0}, "datetime": {"datetime": "2024-01-19 01:41:19", "elapsed": 5376.966428, "delta": 0.005291}}
{"target": -17.675832785086637, "params": {"gamma": 614.3295560955926, "log10_alpha": 0.7956199572752087, "log10_colsample_bytree": -0.9903820760288454, "log10_eta": -2.918431507076785, "log10_lambda": 0.3870396601785604, "log10_min_child_weight": 2.2106931960556238, "log10_subsample": -0.40110094934738394, "max_depth": 8.0, "num_boost_round": 35.0}, "datetime": {"datetime": "2024-01-19 01:41:19", "elapsed": 5376.971357, "delta": 0.004929}}
{"target": -17.675827369228788, "params": {"gamma": 614.3295560955926, "log10_alpha": 0.7956199572752087, "log10_colsample_bytree": -0.9903820760288454, "log10_eta": -2.918431507076785, "log10_lambda": 0.3870396601785604, "log10_min_child_weight": 2.2106931960556238, "log10_subsample": -0.40110094934738394, "max_depth": 8.0, "num_boost_round": 36.0}, "datetime": {"datetime": "2024-01-19 01:41:19", "elapsed": 5376.97607, "delta": 0.004713}}
{"target": -17.675748939354918, "params": {"gamma": 614.3295560955926, "log10_alpha": 0.7956199572752087, "log10_colsample_bytree": -0.9903820760288454, "log10_eta": -2.918431507076785, "log10_lambda": 0.3870396601785604, "log10_min_child_weight": 2.2106931960556238, "log10_subsample": -0.40110094934738394, "max_depth": 8.0, "num_boost_round": 37.0}, "datetime": {"datetime": "2024-01-19 01:41:19", "elapsed": 5376.980991, "delta": 0.004921}}
{"target": -17.675724651356635, "params": {"gamma": 614.3295560955926, "log10_alpha": 0.7956199572752087, "log10_colsample_bytree": -0.9903820760288454, "log10_eta": -2.918431507076785, "log10_lambda": 0.3870396601785604, "log10_min_child_weight": 2.2106931960556238, "log10_subsample": -0.40110094934738394, "max_depth": 8.0, "num_boost_round": 38.0}, "datetime": {"datetime": "2024-01-19 01:41:19", "elapsed": 5376.985714, "delta": 0.004723}}
{"target": -17.675673177667704, "params": {"gamma": 614.3295560955926, "log10_alpha": 0.7956199572752087, "log10_colsample_bytree": -0.9903820760288454, "log10_eta": -2.918431507076785, "log10_lambda": 0.3870396601785604, "log10_min_child_weight": 2.2106931960556238, "log10_subsample": -0.40110094934738394, "max_depth": 8.0, "num_boost_round": 39.0}, "datetime": {"datetime": "2024-01-19 01:41:19", "elapsed": 5376.990449, "delta": 0.004735}}
{"target": -17.677229699185446, "params": {"gamma": 547.6143360729834, "log10_alpha": 1.0, "log10_colsample_bytree": -1.0, "log10_eta": -4.0, "log10_lambda": -0.5074668996865507, "log10_min_child_weight": 2.93137526908409, "log10_subsample": 0.0, "max_depth": 2.0, "num_boost_round": 0.0}, "datetime": {"datetime": "2024-01-19 01:42:28", "elapsed": 5445.537805, "delta": 68.547356}}
{"target": -17.677226262022927, "params": {"gamma": 547.6143360729834, "log10_alpha": 1.0, "log10_colsample_bytree": -1.0, "log10_eta": -4.0, "log10_lambda": -0.5074668996865507, "log10_min_child_weight": 2.93137526908409, "log10_subsample": 0.0, "max_depth": 2.0, "num_boost_round": 1.0}, "datetime": {"datetime": "2024-01-19 01:42:28", "elapsed": 5445.54264, "delta": 0.004835}}
{"target": -17.67722560192494, "params": {"gamma": 547.6143360729834, "log10_alpha": 1.0, "log10_colsample_bytree": -1.0, "log10_eta": -4.0, "log10_lambda": -0.5074668996865507, "log10_min_child_weight": 2.93137526908409, "log10_subsample": 0.0, "max_depth": 2.0, "num_boost_round": 2.0}, "datetime": {"datetime": "2024-01-19 01:42:28", "elapsed": 5445.547353, "delta": 0.004713}}
{"target": -17.677224571597165, "params": {"gamma": 547.6143360729834, "log10_alpha": 1.0, "log10_colsample_bytree": -1.0, "log10_eta": -4.0, "log10_lambda": -0.5074668996865507, "log10_min_child_weight": 2.93137526908409, "log10_subsample": 0.0, "max_depth": 2.0, "num_boost_round": 3.0}, "datetime": {"datetime": "2024-01-19 01:42:28", "elapsed": 5445.552147, "delta": 0.004794}}
{"target": -17.67722293653908, "params": {"gamma": 547.6143360729834, "log10_alpha": 1.0, "log10_colsample_bytree": -1.0, "log10_eta": -4.0, "log10_lambda": -0.5074668996865507, "log10_min_child_weight": 2.93137526908409, "log10_subsample": 0.0, "max_depth": 2.0, "num_boost_round": 4.0}, "datetime": {"datetime": "2024-01-19 01:42:28", "elapsed": 5445.556856, "delta": 0.004709}}
{"target": -17.677222411212703, "params": {"gamma": 547.6143360729834, "log10_alpha": 1.0, "log10_colsample_bytree": -1.0, "log10_eta": -4.0, "log10_lambda": -0.5074668996865507, "log10_min_child_weight": 2.93137526908409, "log10_subsample": 0.0, "max_depth": 2.0, "num_boost_round": 5.0}, "datetime": {"datetime": "2024-01-19 01:42:28", "elapsed": 5445.561529, "delta": 0.004673}}
{"target": -17.677220579908404, "params": {"gamma": 547.6143360729834, "log10_alpha": 1.0, "log10_colsample_bytree": -1.0, "log10_eta": -4.0, "log10_lambda": -0.5074668996865507, "log10_min_child_weight": 2.93137526908409, "log10_subsample": 0.0, "max_depth": 2.0, "num_boost_round": 6.0}, "datetime": {"datetime": "2024-01-19 01:42:28", "elapsed": 5445.566318, "delta": 0.004789}}
{"target": -17.677218160333606, "params": {"gamma": 547.6143360729834, "log10_alpha": 1.0, "log10_colsample_bytree": -1.0, "log10_eta": -4.0, "log10_lambda": -0.5074668996865507, "log10_min_child_weight": 2.93137526908409, "log10_subsample": 0.0, "max_depth": 2.0, "num_boost_round": 7.0}, "datetime": {"datetime": "2024-01-19 01:42:28", "elapsed": 5445.571082, "delta": 0.004764}}
{"target": -17.677218927882123, "params": {"gamma": 547.6143360729834, "log10_alpha": 1.0, "log10_colsample_bytree": -1.0, "log10_eta": -4.0, "log10_lambda": -0.5074668996865507, "log10_min_child_weight": 2.93137526908409, "log10_subsample": 0.0, "max_depth": 2.0, "num_boost_round": 8.0}, "datetime": {"datetime": "2024-01-19 01:42:28", "elapsed": 5445.575891, "delta": 0.004809}}
{"target": -17.677217312640735, "params": {"gamma": 547.6143360729834, "log10_alpha": 1.0, "log10_colsample_bytree": -1.0, "log10_eta": -4.0, "log10_lambda": -0.5074668996865507, "log10_min_child_weight": 2.93137526908409, "log10_subsample": 0.0, "max_depth": 2.0, "num_boost_round": 9.0}, "datetime": {"datetime": "2024-01-19 01:42:28", "elapsed": 5445.580639, "delta": 0.004748}}
{"target": -17.677214938186186, "params": {"gamma": 547.6143360729834, "log10_alpha": 1.0, "log10_colsample_bytree": -1.0, "log10_eta": -4.0, "log10_lambda": -0.5074668996865507, "log10_min_child_weight": 2.93137526908409, "log10_subsample": 0.0, "max_depth": 2.0, "num_boost_round": 10.0}, "datetime": {"datetime": "2024-01-19 01:42:28", "elapsed": 5445.585361, "delta": 0.004722}}
{"target": -17.677211965868654, "params": {"gamma": 547.6143360729834, "log10_alpha": 1.0, "log10_colsample_bytree": -1.0, "log10_eta": -4.0, "log10_lambda": -0.5074668996865507, "log10_min_child_weight": 2.93137526908409, "log10_subsample": 0.0, "max_depth": 2.0, "num_boost_round": 11.0}, "datetime": {"datetime": "2024-01-19 01:42:28", "elapsed": 5445.59015, "delta": 0.004789}}
{"target": -17.67720955707846, "params": {"gamma": 547.6143360729834, "log10_alpha": 1.0, "log10_colsample_bytree": -1.0, "log10_eta": -4.0, "log10_lambda": -0.5074668996865507, "log10_min_child_weight": 2.93137526908409, "log10_subsample": 0.0, "max_depth": 2.0, "num_boost_round": 12.0}, "datetime": {"datetime": "2024-01-19 01:42:28", "elapsed": 5445.594957, "delta": 0.004807}}
{"target": -17.677208758852764, "params": {"gamma": 547.6143360729834, "log10_alpha": 1.0, "log10_colsample_bytree": -1.0, "log10_eta": -4.0, "log10_lambda": -0.5074668996865507, "log10_min_child_weight": 2.93137526908409, "log10_subsample": 0.0, "max_depth": 2.0, "num_boost_round": 13.0}, "datetime": {"datetime": "2024-01-19 01:42:28", "elapsed": 5445.599642, "delta": 0.004685}}
{"target": -17.677207618247664, "params": {"gamma": 547.6143360729834, "log10_alpha": 1.0, "log10_colsample_bytree": -1.0, "log10_eta": -4.0, "log10_lambda": -0.5074668996865507, "log10_min_child_weight": 2.93137526908409, "log10_subsample": 0.0, "max_depth": 2.0, "num_boost_round": 14.0}, "datetime": {"datetime": "2024-01-19 01:42:28", "elapsed": 5445.604342, "delta": 0.0047}}
{"target": -17.677204768150382, "params": {"gamma": 547.6143360729834, "log10_alpha": 1.0, "log10_colsample_bytree": -1.0, "log10_eta": -4.0, "log10_lambda": -0.5074668996865507, "log10_min_child_weight": 2.93137526908409, "log10_subsample": 0.0, "max_depth": 2.0, "num_boost_round": 15.0}, "datetime": {"datetime": "2024-01-19 01:42:28", "elapsed": 5445.609041, "delta": 0.004699}}
{"target": -17.677203505407896, "params": {"gamma": 547.6143360729834, "log10_alpha": 1.0, "log10_colsample_bytree": -1.0, "log10_eta": -4.0, "log10_lambda": -0.5074668996865507, "log10_min_child_weight": 2.93137526908409, "log10_subsample": 0.0, "max_depth": 2.0, "num_boost_round": 16.0}, "datetime": {"datetime": "2024-01-19 01:42:28", "elapsed": 5445.613841, "delta": 0.0048}}
{"target": -17.6772005047007, "params": {"gamma": 547.6143360729834, "log10_alpha": 1.0, "log10_colsample_bytree": -1.0, "log10_eta": -4.0, "log10_lambda": -0.5074668996865507, "log10_min_child_weight": 2.93137526908409, "log10_subsample": 0.0, "max_depth": 2.0, "num_boost_round": 17.0}, "datetime": {"datetime": "2024-01-19 01:42:28", "elapsed": 5445.618524, "delta": 0.004683}}
