{"target": -17.67669449237048, "params": {"gamma": 620.9615201950373, "log10_alpha": -1.6449036917996565, "log10_colsample_bytree": -0.9738277562760069, "log10_eta": -2.9029327727184477, "log10_lambda": -4.7211602555488525, "log10_min_child_weight": 0.8312341927319689, "log10_subsample": -0.7093729488286395, "max_depth": 7.0, "num_boost_round": 18.0}, "datetime": {"datetime": "2024-01-19 01:06:58", "elapsed": 3315.514915, "delta": 0.0033}}
{"target": -17.676639959404504, "params": {"gamma": 620.9615201950373, "log10_alpha": -1.6449036917996565, "log10_colsample_bytree": -0.9738277562760069, "log10_eta": -2.9029327727184477, "log10_lambda": -4.7211602555488525, "log10_min_child_weight": 0.8312341927319689, "log10_subsample": -0.7093729488286395, "max_depth": 7.0, "num_boost_round": 19.0}, "datetime": {"datetime": "2024-01-19 01:06:58", "elapsed": 3315.518187, "delta": 0.003272}}
{"target": -17.67663252469995, "params": {"gamma": 620.9615201950373, "log10_alpha": -1.6449036917996565, "log10_colsample_bytree": -0.9738277562760069, "log10_eta": -2.9029327727184477, "log10_lambda": -4.7211602555488525, "log10_min_child_weight": 0.8312341927319689, "log10_subsample": -0.7093729488286395, "max_depth": 7.0, "num_boost_round": 20.0}, "datetime": {"datetime": "2024-01-19 01:06:58", "elapsed": 3315.521519, "delta": 0.003332}}
{"target": -17.676584513671312, "params": {"gamma": 620.9615201950373, "log10_alpha": -1.6449036917996565, "log10_colsample_bytree": -0.9738277562760069, "log10_eta": -2.9029327727184477, "log10_lambda": -4.7211602555488525, "log10_min_child_weight": 0.8312341927319689, "log10_subsample": -0.7093729488286395, "max_depth": 7.0, "num_boost_round": 21.0}, "datetime": {"datetime": "2024-01-19 01:06:58", "elapsed": 3315.524825, "delta": 0.003306}}
{"target": -17.676544412294575, "params": {"gamma": 620.9615201950373, "log10_alpha": -1.6449036917996565, "log10_colsample_bytree": -0.9738277562760069, "log10_eta": -2.9029327727184477, "log10_lambda": -4.7211602555488525, "log10_min_child_weight": 0.8312341927319689, "log10_subsample": -0.7093729488286395, "max_depth": 7.0, "num_boost_round": 22.0}, "datetime": {"datetime": "2024-01-19 01:06:58", "elapsed": 3315.528125, "delta": 0.0033}}
{"target": -17.67650146684564, "params": {"gamma": 620.9615201950373, "log10_alpha": -1.6449036917996565, "log10_colsample_bytree": -0.9738277562760069, "log10_eta": -2.9029327727184477, "log10_lambda": -4.7211602555488525, "log10_min_child_weight": 0.8312341927319689, "log10_subsample": -0.7093729488286395, "max_depth": 7.0, "num_boost_round": 23.0}, "datetime": {"datetime": "2024-01-19 01:06:58", "elapsed": 3315.531558, "delta": 0.003433}}
{"target": -17.676497538358333, "params": {"gamma": 620.9615201950373, "log10_alpha": -1.6449036917996565, "log10_colsample_bytree": -0.9738277562760069, "log10_eta": -2.9029327727184477, "log10_lambda": -4.7211602555488525, "log10_min_child_weight": 0.8312341927319689, "log10_subsample": -0.7093729488286395, "max_depth": 7.0, "num_boost_round": 24.0}, "datetime": {"datetime": "2024-01-19 01:06:58", "elapsed": 3315.535091, "delta": 0.003533}}
{"target": -17.676428529198155, "params": {"gamma": 620.9615201950373, "log10_alpha": -1.6449036917996565, "log10_colsample_bytree": -0.9738277562760069, "log10_eta": -2.9029327727184477, "log10_lambda": -4.7211602555488525, "log10_min_child_weight": 0.8312341927319689, "log10_subsample": -0.7093729488286395, "max_depth": 7.0, "num_boost_round": 25.0}, "datetime": {"datetime": "2024-01-19 01:06:58", "elapsed": 3315.538509, "delta": 0.003418}}
{"target": -17.676427547846657, "params": {"gamma": 620.9615201950373, "log10_alpha": -1.6449036917996565, "log10_colsample_bytree": -0.9738277562760069, "log10_eta": -2.9029327727184477, "log10_lambda": -4.7211602555488525, "log10_min_child_weight": 0.8312341927319689, "log10_subsample": -0.7093729488286395, "max_depth": 7.0, "num_boost_round": 26.0}, "datetime": {"datetime": "2024-01-19 01:06:58", "elapsed": 3315.541841, "delta": 0.003332}}
{"target": -17.67639747449447, "params": {"gamma": 620.9615201950373, "log10_alpha": -1.6449036917996565, "log10_colsample_bytree": -0.9738277562760069, "log10_eta": -2.9029327727184477, "log10_lambda": -4.7211602555488525, "log10_min_child_weight": 0.8312341927319689, "log10_subsample": -0.7093729488286395, "max_depth": 7.0, "num_boost_round": 27.0}, "datetime": {"datetime": "2024-01-19 01:06:58", "elapsed": 3315.549715, "delta": 0.007874}}
{"target": -17.67704105393875, "params": {"gamma": 620.9989591580194, "log10_alpha": -4.962288083889153, "log10_colsample_bytree": -0.9914212874187187, "log10_eta": -1.5440399546999553, "log10_lambda": -2.7595646203107327, "log10_min_child_weight": 4.3534833775913775, "log10_subsample": -0.9692756317456813, "max_depth": 9.0, "num_boost_round": 0.0}, "datetime": {"datetime": "2024-01-19 01:07:47", "elapsed": 3365.012221, "delta": 49.462506}}
{"target": -17.676662238662594, "params": {"gamma": 620.9989591580194, "log10_alpha": -4.962288083889153, "log10_colsample_bytree": -0.9914212874187187, "log10_eta": -1.5440399546999553, "log10_lambda": -2.7595646203107327, "log10_min_child_weight": 4.3534833775913775, "log10_subsample": -0.9692756317456813, "max_depth": 9.0, "num_boost_round": 1.0}, "datetime": {"datetime": "2024-01-19 01:07:47", "elapsed": 3365.016062, "delta": 0.003841}}
{"target": -17.676736668230085, "params": {"gamma": 620.9989591580194, "log10_alpha": -4.962288083889153, "log10_colsample_bytree": -0.9914212874187187, "log10_eta": -1.5440399546999553, "log10_lambda": -2.7595646203107327, "log10_min_child_weight": 4.3534833775913775, "log10_subsample": -0.9692756317456813, "max_depth": 9.0, "num_boost_round": 2.0}, "datetime": {"datetime": "2024-01-19 01:07:47", "elapsed": 3365.020402, "delta": 0.00434}}
{"target": -17.676661733632972, "params": {"gamma": 620.9989591580194, "log10_alpha": -4.962288083889153, "log10_colsample_bytree": -0.9914212874187187, "log10_eta": -1.5440399546999553, "log10_lambda": -2.7595646203107327, "log10_min_child_weight": 4.3534833775913775, "log10_subsample": -0.9692756317456813, "max_depth": 9.0, "num_boost_round": 3.0}, "datetime": {"datetime": "2024-01-19 01:07:47", "elapsed": 3365.023871, "delta": 0.003469}}
{"target": -17.67637946617642, "params": {"gamma": 620.9989591580194, "log10_alpha": -4.962288083889153, "log10_colsample_bytree": -0.9914212874187187, "log10_eta": -1.5440399546999553, "log10_lambda": -2.7595646203107327, "log10_min_child_weight": 4.3534833775913775, "log10_subsample": -0.9692756317456813, "max_depth": 9.0, "num_boost_round": 4.0}, "datetime": {"datetime": "2024-01-19 01:07:47", "elapsed": 3365.027252, "delta": 0.003381}}
{"target": -17.676253411293214, "params": {"gamma": 620.9989591580194, "log10_alpha": -4.962288083889153, "log10_colsample_bytree": -0.9914212874187187, "log10_eta": -1.5440399546999553, "log10_lambda": -2.7595646203107327, "log10_min_child_weight": 4.3534833775913775, "log10_subsample": -0.9692756317456813, "max_depth": 9.0, "num_boost_round": 5.0}, "datetime": {"datetime": "2024-01-19 01:07:47", "elapsed": 3365.030878, "delta": 0.003626}}
{"target": -17.67598315674889, "params": {"gamma": 620.9989591580194, "log10_alpha": -4.962288083889153, "log10_colsample_bytree": -0.9914212874187187, "log10_eta": -1.5440399546999553, "log10_lambda": -2.7595646203107327, "log10_min_child_weight": 4.3534833775913775, "log10_subsample": -0.9692756317456813, "max_depth": 9.0, "num_boost_round": 6.0}, "datetime": {"datetime": "2024-01-19 01:07:47", "elapsed": 3365.034348, "delta": 0.00347}}
{"target": -17.67606250727967, "params": {"gamma": 620.9989591580194, "log10_alpha": -4.962288083889153, "log10_colsample_bytree": -0.9914212874187187, "log10_eta": -1.5440399546999553, "log10_lambda": -2.7595646203107327, "log10_min_child_weight": 4.3534833775913775, "log10_subsample": -0.9692756317456813, "max_depth": 9.0, "num_boost_round": 7.0}, "datetime": {"datetime": "2024-01-19 01:07:47", "elapsed": 3365.037836, "delta": 0.003488}}
{"target": -17.675915686514802, "params": {"gamma": 620.9989591580194, "log10_alpha": -4.962288083889153, "log10_colsample_bytree": -0.9914212874187187, "log10_eta": -1.5440399546999553, "log10_lambda": -2.7595646203107327, "log10_min_child_weight": 4.3534833775913775, "log10_subsample": -0.9692756317456813, "max_depth": 9.0, "num_boost_round": 8.0}, "datetime": {"datetime": "2024-01-19 01:07:47", "elapsed": 3365.041225, "delta": 0.003389}}
{"target": -17.67598569356536, "params": {"gamma": 620.9989591580194, "log10_alpha": -4.962288083889153, "log10_colsample_bytree": -0.9914212874187187, "log10_eta": -1.5440399546999553, "log10_lambda": -2.7595646203107327, "log10_min_child_weight": 4.3534833775913775, "log10_subsample": -0.9692756317456813, "max_depth": 9.0, "num_boost_round": 9.0}, "datetime": {"datetime": "2024-01-19 01:07:47", "elapsed": 3365.044595, "delta": 0.00337}}
{"target": -17.676234876587188, "params": {"gamma": 620.9989591580194, "log10_alpha": -4.962288083889153, "log10_colsample_bytree": -0.9914212874187187, "log10_eta": -1.5440399546999553, "log10_lambda": -2.7595646203107327, "log10_min_child_weight": 4.3534833775913775, "log10_subsample": -0.9692756317456813, "max_depth": 9.0, "num_boost_round": 10.0}, "datetime": {"datetime": "2024-01-19 01:07:47", "elapsed": 3365.047936, "delta": 0.003341}}
{"target": -17.67605810820346, "params": {"gamma": 620.9989591580194, "log10_alpha": -4.962288083889153, "log10_colsample_bytree": -0.9914212874187187, "log10_eta": -1.5440399546999553, "log10_lambda": -2.7595646203107327, "log10_min_child_weight": 4.3534833775913775, "log10_subsample": -0.9692756317456813, "max_depth": 9.0, "num_boost_round": 11.0}, "datetime": {"datetime": "2024-01-19 01:07:47", "elapsed": 3365.051379, "delta": 0.003443}}
{"target": -17.675783708227744, "params": {"gamma": 620.9989591580194, "log10_alpha": -4.962288083889153, "log10_colsample_bytree": -0.9914212874187187, "log10_eta": -1.5440399546999553, "log10_lambda": -2.7595646203107327, "log10_min_child_weight": 4.3534833775913775, "log10_subsample": -0.9692756317456813, "max_depth": 9.0, "num_boost_round": 12.0}, "datetime": {"datetime": "2024-01-19 01:07:47", "elapsed": 3365.054813, "delta": 0.003434}}
{"target": -17.675614929010933, "params": {"gamma": 620.9989591580194, "log10_alpha": -4.962288083889153, "log10_colsample_bytree": -0.9914212874187187, "log10_eta": -1.5440399546999553, "log10_lambda": -2.7595646203107327, "log10_min_child_weight": 4.3534833775913775, "log10_subsample": -0.9692756317456813, "max_depth": 9.0, "num_boost_round": 13.0}, "datetime": {"datetime": "2024-01-19 01:07:47", "elapsed": 3365.05815, "delta": 0.003337}}
{"target": -17.67567542587958, "params": {"gamma": 620.9989591580194, "log10_alpha": -4.962288083889153, "log10_colsample_bytree": -0.9914212874187187, "log10_eta": -1.5440399546999553, "log10_lambda": -2.7595646203107327, "log10_min_child_weight": 4.3534833775913775, "log10_subsample": -0.9692756317456813, "max_depth": 9.0, "num_boost_round": 14.0}, "datetime": {"datetime": "2024-01-19 01:07:47", "elapsed": 3365.06154, "delta": 0.00339}}
{"target": -17.675518645273996, "params": {"gamma": 620.9989591580194, "log10_alpha": -4.962288083889153, "log10_colsample_bytree": -0.9914212874187187, "log10_eta": -1.5440399546999553, "log10_lambda": -2.7595646203107327, "log10_min_child_weight": 4.3534833775913775, "log10_subsample": -0.9692756317456813, "max_depth": 9.0, "num_boost_round": 15.0}, "datetime": {"datetime": "2024-01-19 01:07:47", "elapsed": 3365.064886, "delta": 0.003346}}
{"target": -17.675454159947506, "params": {"gamma": 620.9989591580194, "log10_alpha": -4.962288083889153, "log10_colsample_bytree": -0.9914212874187187, "log10_eta": -1.5440399546999553, "log10_lambda": -2.7595646203107327, "log10_min_child_weight": 4.3534833775913775, "log10_subsample": -0.9692756317456813, "max_depth": 9.0, "num_boost_round": 16.0}, "datetime": {"datetime": "2024-01-19 01:07:47", "elapsed": 3365.068232, "delta": 0.003346}}
{"target": -17.67552148843864, "params": {"gamma": 620.9989591580194, "log10_alpha": -4.962288083889153, "log10_colsample_bytree": -0.9914212874187187, "log10_eta": -1.5440399546999553, "log10_lambda": -2.7595646203107327, "log10_min_child_weight": 4.3534833775913775, "log10_subsample": -0.9692756317456813, "max_depth": 9.0, "num_boost_round": 17.0}, "datetime": {"datetime": "2024-01-19 01:07:47", "elapsed": 3365.071721, "delta": 0.003489}}
{"target": -17.675331088587072, "params": {"gamma": 620.9989591580194, "log10_alpha": -4.962288083889153, "log10_colsample_bytree": -0.9914212874187187, "log10_eta": -1.5440399546999553, "log10_lambda": -2.7595646203107327, "log10_min_child_weight": 4.3534833775913775, "log10_subsample": -0.9692756317456813, "max_depth": 9.0, "num_boost_round": 18.0}, "datetime": {"datetime": "2024-01-19 01:07:47", "elapsed": 3365.075071, "delta": 0.00335}}
{"target": -17.675030730169915, "params": {"gamma": 620.9989591580194, "log10_alpha": -4.962288083889153, "log10_colsample_bytree": -0.9914212874187187, "log10_eta": -1.5440399546999553, "log10_lambda": -2.7595646203107327, "log10_min_child_weight": 4.3534833775913775, "log10_subsample": -0.9692756317456813, "max_depth": 9.0, "num_boost_round": 19.0}, "datetime": {"datetime": "2024-01-19 01:07:47", "elapsed": 3365.078402, "delta": 0.003331}}
{"target": -17.67505859895581, "params": {"gamma": 620.9989591580194, "log10_alpha": -4.962288083889153, "log10_colsample_bytree": -0.9914212874187187, "log10_eta": -1.5440399546999553, "log10_lambda": -2.7595646203107327, "log10_min_child_weight": 4.3534833775913775, "log10_subsample": -0.9692756317456813, "max_depth": 9.0, "num_boost_round": 20.0}, "datetime": {"datetime": "2024-01-19 01:07:47", "elapsed": 3365.195238, "delta": 0.116836}}
{"target": -17.674680389315235, "params": {"gamma": 620.9989591580194, "log10_alpha": -4.962288083889153, "log10_colsample_bytree": -0.9914212874187187, "log10_eta": -1.5440399546999553, "log10_lambda": -2.7595646203107327, "log10_min_child_weight": 4.3534833775913775, "log10_subsample": -0.9692756317456813, "max_depth": 9.0, "num_boost_round": 21.0}, "datetime": {"datetime": "2024-01-19 01:07:47", "elapsed": 3365.19938, "delta": 0.004142}}
{"target": -17.674805066334862, "params": {"gamma": 620.9989591580194, "log10_alpha": -4.962288083889153, "log10_colsample_bytree": -0.9914212874187187, "log10_eta": -1.5440399546999553, "log10_lambda": -2.7595646203107327, "log10_min_child_weight": 4.3534833775913775, "log10_subsample": -0.9692756317456813, "max_depth": 9.0, "num_boost_round": 22.0}, "datetime": {"datetime": "2024-01-19 01:07:47", "elapsed": 3365.203223, "delta": 0.003843}}
{"target": -17.674744098185965, "params": {"gamma": 620.9989591580194, "log10_alpha": -4.962288083889153, "log10_colsample_bytree": -0.9914212874187187, "log10_eta": -1.5440399546999553, "log10_lambda": -2.7595646203107327, "log10_min_child_weight": 4.3534833775913775, "log10_subsample": -0.9692756317456813, "max_depth": 9.0, "num_boost_round": 23.0}, "datetime": {"datetime": "2024-01-19 01:07:47", "elapsed": 3365.206728, "delta": 0.003505}}
{"target": -17.674932644499357, "params": {"gamma": 620.9989591580194, "log10_alpha": -4.962288083889153, "log10_colsample_bytree": -0.9914212874187187, "log10_eta": -1.5440399546999553, "log10_lambda": -2.7595646203107327, "log10_min_child_weight": 4.3534833775913775, "log10_subsample": -0.9692756317456813, "max_depth": 9.0, "num_boost_round": 24.0}, "datetime": {"datetime": "2024-01-19 01:07:47", "elapsed": 3365.210226, "delta": 0.003498}}
{"target": -17.674838293846495, "params": {"gamma": 620.9989591580194, "log10_alpha": -4.962288083889153, "log10_colsample_bytree": -0.9914212874187187, "log10_eta": -1.5440399546999553, "log10_lambda": -2.7595646203107327, "log10_min_child_weight": 4.3534833775913775, "log10_subsample": -0.9692756317456813, "max_depth": 9.0, "num_boost_round": 25.0}, "datetime": {"datetime": "2024-01-19 01:07:47", "elapsed": 3365.21372, "delta": 0.003494}}
{"target": -17.677231289908487, "params": {"gamma": 629.0131330198, "log10_alpha": -1.6548791003231842, "log10_colsample_bytree": -0.2585276247613316, "log10_eta": -3.416392874682638, "log10_lambda": -3.2112083588523843, "log10_min_child_weight": 4.766925226434652, "log10_subsample": -0.8445424536846626, "max_depth": 9.0, "num_boost_round": 0.0}, "datetime": {"datetime": "2024-01-19 01:08:29", "elapsed": 3407.166111, "delta": 41.952391}}
{"target": -17.677230141347913, "params": {"gamma": 629.0131330198, "log10_alpha": -1.6548791003231842, "log10_colsample_bytree": -0.2585276247613316, "log10_eta": -3.416392874682638, "log10_lambda": -3.2112083588523843, "log10_min_child_weight": 4.766925226434652, "log10_subsample": -0.8445424536846626, "max_depth": 9.0, "num_boost_round": 1.0}, "datetime": {"datetime": "2024-01-19 01:08:29", "elapsed": 3407.170218, "delta": 0.004107}}
{"target": -17.677230502785754, "params": {"gamma": 629.0131330198, "log10_alpha": -1.6548791003231842, "log10_colsample_bytree": -0.2585276247613316, "log10_eta": -3.416392874682638, "log10_lambda": -3.2112083588523843, "log10_min_child_weight": 4.766925226434652, "log10_subsample": -0.8445424536846626, "max_depth": 9.0, "num_boost_round": 2.0}, "datetime": {"datetime": "2024-01-19 01:08:29", "elapsed": 3407.173812, "delta": 0.003594}}
{"target": -17.677226998174906, "params": {"gamma": 629.0131330198, "log10_alpha": -1.6548791003231842, "log10_colsample_bytree": -0.2585276247613316, "log10_eta": -3.416392874682638, "log10_lambda": -3.2112083588523843, "log10_min_child_weight": 4.766925226434652, "log10_subsample": -0.8445424536846626, "max_depth": 9.0, "num_boost_round": 3.0}, "datetime": {"datetime": "2024-01-19 01:08:29", "elapsed": 3407.177402, "delta": 0.00359}}
{"target": -17.6772271399361, "params": {"gamma": 629.0131330198, "log10_alpha": -1.6548791003231842, "log10_colsample_bytree": -0.2585276247613316, "log10_eta": -3.416392874682638, "log10_lambda": -3.2112083588523843, "log10_min_child_weight": 4.766925226434652, "log10_subsample": -0.8445424536846626, "max_depth": 9.0, "num_boost_round": 4.0}, "datetime": {"datetime": "2024-01-19 01:08:29", "elapsed": 3407.181075, "delta": 0.003673}}
{"target": -17.677223717475876, "params": {"gamma": 629.0131330198, "log10_alpha": -1.6548791003231842, "log10_colsample_bytree": -0.2585276247613316, "log10_eta": -3.416392874682638, "log10_lambda": -3.2112083588523843, "log10_min_child_weight": 4.766925226434652, "log10_subsample": -0.8445424536846626, "max_depth": 9.0, "num_boost_round": 5.0}, "datetime": {"datetime": "2024-01-19 01:08:29", "elapsed": 3407.184647, "delta": 0.003572}}
{"target": -17.677222475462663, "params": {"gamma": 629.0131330198, "log10_alpha": -1.6548791003231842, "log10_colsample_bytree": -0.2585276247613316, "log10_eta": -3.416392874682638, "log10_lambda": -3.2112083588523843, "log10_min_child_weight": 4.766925226434652, "log10_subsample": -0.8445424536846626, "max_depth": 9.0, "num_boost_round": 6.0}, "datetime": {"datetime": "2024-01-19 01:08:29", "elapsed": 3407.188128, "delta": 0.003481}}
{"target": -17.67722112679575, "params": {"gamma": 629.0131330198, "log10_alpha": -1.6548791003231842, "log10_colsample_bytree": -0.2585276247613316, "log10_eta": -3.416392874682638, "log10_lambda": -3.2112083588523843, "log10_min_child_weight": 4.766925226434652, "log10_subsample": -0.8445424536846626, "max_depth": 9.0, "num_boost_round": 7.0}, "datetime": {"datetime": "2024-01-19 01:08:29", "elapsed": 3407.19173, "delta": 0.003602}}
{"target": -17.67721772633629, "params": {"gamma": 629.0131330198, "log10_alpha": -1.6548791003231842, "log10_colsample_bytree": -0.2585276247613316, "log10_eta": -3.416392874682638, "log10_lambda": -3.2112083588523843, "log10_min_child_weight": 4.766925226434652, "log10_subsample": -0.8445424536846626, "max_depth": 9.0, "num_boost_round": 8.0}, "datetime": {"datetime": "2024-01-19 01:08:29", "elapsed": 3407.19521, "delta": 0.00348}}
{"target": -17.677217677131193, "params": {"gamma": 629.0131330198, "log10_alpha": -1.6548791003231842, "log10_colsample_bytree": -0.2585276247613316, "log10_eta": -3.416392874682638, "log10_lambda": -3.2112083588523843, "log10_min_child_weight": 4.766925226434652, "log10_subsample": -0.8445424536846626, "max_depth": 9.0, "num_boost_round": 9.0}, "datetime": {"datetime": "2024-01-19 01:08:29", "elapsed": 3407.198663, "delta": 0.003453}}
{"target": -17.67721406507404, "params": {"gamma": 629.0131330198, "log10_alpha": -1.6548791003231842, "log10_colsample_bytree": -0.2585276247613316, "log10_eta": -3.416392874682638, "log10_lambda": -3.2112083588523843, "log10_min_child_weight": 4.766925226434652, "log10_subsample": -0.8445424536846626, "max_depth": 9.0, "num_boost_round": 10.0}, "datetime": {"datetime": "2024-01-19 01:08:29", "elapsed": 3407.202189, "delta": 0.003526}}
{"target": -17.67721235418056, "params": {"gamma": 629.0131330198, "log10_alpha": -1.6548791003231842, "log10_colsample_bytree": -0.2585276247613316, "log10_eta": -3.416392874682638, "log10_lambda": -3.2112083588523843, "log10_min_child_weight": 4.766925226434652, "log10_subsample": -0.8445424536846626, "max_depth": 9.0, "num_boost_round": 11.0}, "datetime": {"datetime": "2024-01-19 01:08:29", "elapsed": 3407.205655, "delta": 0.003466}}
{"target": -17.67721058471393, "params": {"gamma": 629.0131330198, "log10_alpha": -1.6548791003231842, "log10_colsample_bytree": -0.2585276247613316, "log10_eta": -3.416392874682638, "log10_lambda": -3.2112083588523843, "log10_min_child_weight": 4.766925226434652, "log10_subsample": -0.8445424536846626, "max_depth": 9.0, "num_boost_round": 12.0}, "datetime": {"datetime": "2024-01-19 01:08:29", "elapsed": 3407.209213, "delta": 0.003558}}
