{"target": -17.67713897403136, "params": {"gamma": 980.6450012886993, "log10_alpha": 0.5595021479581108, "log10_colsample_bytree": -0.2425060816890383, "log10_eta": -3.2892693150832124, "log10_lambda": -3.209609240487339, "log10_min_child_weight": 4.421322957269686, "log10_subsample": -0.027661414603378787, "max_depth": 3.0, "num_boost_round": 29.0}, "datetime": {"datetime": "2024-01-19 01:42:58", "elapsed": 5472.615282, "delta": 0.005468}}
{"target": -17.67713458951608, "params": {"gamma": 980.6450012886993, "log10_alpha": 0.5595021479581108, "log10_colsample_bytree": -0.2425060816890383, "log10_eta": -3.2892693150832124, "log10_lambda": -3.209609240487339, "log10_min_child_weight": 4.421322957269686, "log10_subsample": -0.027661414603378787, "max_depth": 3.0, "num_boost_round": 30.0}, "datetime": {"datetime": "2024-01-19 01:42:58", "elapsed": 5472.621143, "delta": 0.005861}}
{"target": -17.677126172256838, "params": {"gamma": 980.6450012886993, "log10_alpha": 0.5595021479581108, "log10_colsample_bytree": -0.2425060816890383, "log10_eta": -3.2892693150832124, "log10_lambda": -3.209609240487339, "log10_min_child_weight": 4.421322957269686, "log10_subsample": -0.027661414603378787, "max_depth": 3.0, "num_boost_round": 31.0}, "datetime": {"datetime": "2024-01-19 01:42:58", "elapsed": 5472.627402, "delta": 0.006259}}
{"target": -17.677126501799787, "params": {"gamma": 980.6450012886993, "log10_alpha": 0.5595021479581108, "log10_colsample_bytree": -0.2425060816890383, "log10_eta": -3.2892693150832124, "log10_lambda": -3.209609240487339, "log10_min_child_weight": 4.421322957269686, "log10_subsample": -0.027661414603378787, "max_depth": 3.0, "num_boost_round": 32.0}, "datetime": {"datetime": "2024-01-19 01:42:58", "elapsed": 5472.632807, "delta": 0.005405}}
{"target": -17.677128238005125, "params": {"gamma": 980.6450012886993, "log10_alpha": 0.5595021479581108, "log10_colsample_bytree": -0.2425060816890383, "log10_eta": -3.2892693150832124, "log10_lambda": -3.209609240487339, "log10_min_child_weight": 4.421322957269686, "log10_subsample": -0.027661414603378787, "max_depth": 3.0, "num_boost_round": 33.0}, "datetime": {"datetime": "2024-01-19 01:42:58", "elapsed": 5472.638296, "delta": 0.005489}}
{"target": -17.677128562450605, "params": {"gamma": 980.6450012886993, "log10_alpha": 0.5595021479581108, "log10_colsample_bytree": -0.2425060816890383, "log10_eta": -3.2892693150832124, "log10_lambda": -3.209609240487339, "log10_min_child_weight": 4.421322957269686, "log10_subsample": -0.027661414603378787, "max_depth": 3.0, "num_boost_round": 34.0}, "datetime": {"datetime": "2024-01-19 01:42:58", "elapsed": 5472.643564, "delta": 0.005268}}
{"target": -17.677133873231153, "params": {"gamma": 980.6450012886993, "log10_alpha": 0.5595021479581108, "log10_colsample_bytree": -0.2425060816890383, "log10_eta": -3.2892693150832124, "log10_lambda": -3.209609240487339, "log10_min_child_weight": 4.421322957269686, "log10_subsample": -0.027661414603378787, "max_depth": 3.0, "num_boost_round": 35.0}, "datetime": {"datetime": "2024-01-19 01:42:58", "elapsed": 5472.648782, "delta": 0.005218}}
{"target": -17.6771362273625, "params": {"gamma": 980.6450012886993, "log10_alpha": 0.5595021479581108, "log10_colsample_bytree": -0.2425060816890383, "log10_eta": -3.2892693150832124, "log10_lambda": -3.209609240487339, "log10_min_child_weight": 4.421322957269686, "log10_subsample": -0.027661414603378787, "max_depth": 3.0, "num_boost_round": 36.0}, "datetime": {"datetime": "2024-01-19 01:42:58", "elapsed": 5472.654187, "delta": 0.005405}}
{"target": -17.677132565411963, "params": {"gamma": 980.6450012886993, "log10_alpha": 0.5595021479581108, "log10_colsample_bytree": -0.2425060816890383, "log10_eta": -3.2892693150832124, "log10_lambda": -3.209609240487339, "log10_min_child_weight": 4.421322957269686, "log10_subsample": -0.027661414603378787, "max_depth": 3.0, "num_boost_round": 37.0}, "datetime": {"datetime": "2024-01-19 01:42:58", "elapsed": 5472.659454, "delta": 0.005267}}
{"target": -17.677134315219117, "params": {"gamma": 980.6450012886993, "log10_alpha": 0.5595021479581108, "log10_colsample_bytree": -0.2425060816890383, "log10_eta": -3.2892693150832124, "log10_lambda": -3.209609240487339, "log10_min_child_weight": 4.421322957269686, "log10_subsample": -0.027661414603378787, "max_depth": 3.0, "num_boost_round": 38.0}, "datetime": {"datetime": "2024-01-19 01:42:58", "elapsed": 5472.664759, "delta": 0.005305}}
{"target": -17.67713118056604, "params": {"gamma": 980.6450012886993, "log10_alpha": 0.5595021479581108, "log10_colsample_bytree": -0.2425060816890383, "log10_eta": -3.2892693150832124, "log10_lambda": -3.209609240487339, "log10_min_child_weight": 4.421322957269686, "log10_subsample": -0.027661414603378787, "max_depth": 3.0, "num_boost_round": 39.0}, "datetime": {"datetime": "2024-01-19 01:42:58", "elapsed": 5472.670296, "delta": 0.005537}}
{"target": -17.677126474000747, "params": {"gamma": 980.6450012886993, "log10_alpha": 0.5595021479581108, "log10_colsample_bytree": -0.2425060816890383, "log10_eta": -3.2892693150832124, "log10_lambda": -3.209609240487339, "log10_min_child_weight": 4.421322957269686, "log10_subsample": -0.027661414603378787, "max_depth": 3.0, "num_boost_round": 40.0}, "datetime": {"datetime": "2024-01-19 01:42:58", "elapsed": 5472.675687, "delta": 0.005391}}
{"target": -17.6771282705011, "params": {"gamma": 980.6450012886993, "log10_alpha": 0.5595021479581108, "log10_colsample_bytree": -0.2425060816890383, "log10_eta": -3.2892693150832124, "log10_lambda": -3.209609240487339, "log10_min_child_weight": 4.421322957269686, "log10_subsample": -0.027661414603378787, "max_depth": 3.0, "num_boost_round": 41.0}, "datetime": {"datetime": "2024-01-19 01:42:58", "elapsed": 5472.68101, "delta": 0.005323}}
{"target": -17.677129930647702, "params": {"gamma": 980.6450012886993, "log10_alpha": 0.5595021479581108, "log10_colsample_bytree": -0.2425060816890383, "log10_eta": -3.2892693150832124, "log10_lambda": -3.209609240487339, "log10_min_child_weight": 4.421322957269686, "log10_subsample": -0.027661414603378787, "max_depth": 3.0, "num_boost_round": 42.0}, "datetime": {"datetime": "2024-01-19 01:42:58", "elapsed": 5472.686288, "delta": 0.005278}}
{"target": -17.677135205309508, "params": {"gamma": 980.6450012886993, "log10_alpha": 0.5595021479581108, "log10_colsample_bytree": -0.2425060816890383, "log10_eta": -3.2892693150832124, "log10_lambda": -3.209609240487339, "log10_min_child_weight": 4.421322957269686, "log10_subsample": -0.027661414603378787, "max_depth": 3.0, "num_boost_round": 43.0}, "datetime": {"datetime": "2024-01-19 01:42:58", "elapsed": 5472.691549, "delta": 0.005261}}
{"target": -17.677132654325625, "params": {"gamma": 980.6450012886993, "log10_alpha": 0.5595021479581108, "log10_colsample_bytree": -0.2425060816890383, "log10_eta": -3.2892693150832124, "log10_lambda": -3.209609240487339, "log10_min_child_weight": 4.421322957269686, "log10_subsample": -0.027661414603378787, "max_depth": 3.0, "num_boost_round": 44.0}, "datetime": {"datetime": "2024-01-19 01:42:58", "elapsed": 5472.696801, "delta": 0.005252}}
{"target": -17.677124287311756, "params": {"gamma": 980.6450012886993, "log10_alpha": 0.5595021479581108, "log10_colsample_bytree": -0.2425060816890383, "log10_eta": -3.2892693150832124, "log10_lambda": -3.209609240487339, "log10_min_child_weight": 4.421322957269686, "log10_subsample": -0.027661414603378787, "max_depth": 3.0, "num_boost_round": 45.0}, "datetime": {"datetime": "2024-01-19 01:42:58", "elapsed": 5472.702201, "delta": 0.0054}}
{"target": -17.677122296037478, "params": {"gamma": 980.6450012886993, "log10_alpha": 0.5595021479581108, "log10_colsample_bytree": -0.2425060816890383, "log10_eta": -3.2892693150832124, "log10_lambda": -3.209609240487339, "log10_min_child_weight": 4.421322957269686, "log10_subsample": -0.027661414603378787, "max_depth": 3.0, "num_boost_round": 46.0}, "datetime": {"datetime": "2024-01-19 01:42:58", "elapsed": 5472.707428, "delta": 0.005227}}
{"target": -17.67711900224671, "params": {"gamma": 980.6450012886993, "log10_alpha": 0.5595021479581108, "log10_colsample_bytree": -0.2425060816890383, "log10_eta": -3.2892693150832124, "log10_lambda": -3.209609240487339, "log10_min_child_weight": 4.421322957269686, "log10_subsample": -0.027661414603378787, "max_depth": 3.0, "num_boost_round": 47.0}, "datetime": {"datetime": "2024-01-19 01:42:58", "elapsed": 5472.712702, "delta": 0.005274}}
{"target": -17.67720229601024, "params": {"gamma": 972.8176382341745, "log10_alpha": -4.098161496617014, "log10_colsample_bytree": -0.36446006532424813, "log10_eta": -3.2011789226814975, "log10_lambda": -2.7895557217597675, "log10_min_child_weight": 3.530598497001919, "log10_subsample": -0.9475321531670011, "max_depth": 9.0, "num_boost_round": 0.0}, "datetime": {"datetime": "2024-01-19 01:44:39", "elapsed": 5573.001038, "delta": 100.288336}}
{"target": -17.677214698299963, "params": {"gamma": 972.8176382341745, "log10_alpha": -4.098161496617014, "log10_colsample_bytree": -0.36446006532424813, "log10_eta": -3.2011789226814975, "log10_lambda": -2.7895557217597675, "log10_min_child_weight": 3.530598497001919, "log10_subsample": -0.9475321531670011, "max_depth": 9.0, "num_boost_round": 1.0}, "datetime": {"datetime": "2024-01-19 01:44:39", "elapsed": 5573.007259, "delta": 0.006221}}
{"target": -17.67720637581455, "params": {"gamma": 972.8176382341745, "log10_alpha": -4.098161496617014, "log10_colsample_bytree": -0.36446006532424813, "log10_eta": -3.2011789226814975, "log10_lambda": -2.7895557217597675, "log10_min_child_weight": 3.530598497001919, "log10_subsample": -0.9475321531670011, "max_depth": 9.0, "num_boost_round": 2.0}, "datetime": {"datetime": "2024-01-19 01:44:39", "elapsed": 5573.012778, "delta": 0.005519}}
{"target": -17.67719914936379, "params": {"gamma": 972.8176382341745, "log10_alpha": -4.098161496617014, "log10_colsample_bytree": -0.36446006532424813, "log10_eta": -3.2011789226814975, "log10_lambda": -2.7895557217597675, "log10_min_child_weight": 3.530598497001919, "log10_subsample": -0.9475321531670011, "max_depth": 9.0, "num_boost_round": 3.0}, "datetime": {"datetime": "2024-01-19 01:44:39", "elapsed": 5573.018172, "delta": 0.005394}}
{"target": -17.6771948734681, "params": {"gamma": 972.8176382341745, "log10_alpha": -4.098161496617014, "log10_colsample_bytree": -0.36446006532424813, "log10_eta": -3.2011789226814975, "log10_lambda": -2.7895557217597675, "log10_min_child_weight": 3.530598497001919, "log10_subsample": -0.9475321531670011, "max_depth": 9.0, "num_boost_round": 4.0}, "datetime": {"datetime": "2024-01-19 01:44:39", "elapsed": 5573.02344, "delta": 0.005268}}
{"target": -17.677199418898333, "params": {"gamma": 972.8176382341745, "log10_alpha": -4.098161496617014, "log10_colsample_bytree": -0.36446006532424813, "log10_eta": -3.2011789226814975, "log10_lambda": -2.7895557217597675, "log10_min_child_weight": 3.530598497001919, "log10_subsample": -0.9475321531670011, "max_depth": 9.0, "num_boost_round": 5.0}, "datetime": {"datetime": "2024-01-19 01:44:39", "elapsed": 5573.028728, "delta": 0.005288}}
{"target": -17.677177968904363, "params": {"gamma": 972.8176382341745, "log10_alpha": -4.098161496617014, "log10_colsample_bytree": -0.36446006532424813, "log10_eta": -3.2011789226814975, "log10_lambda": -2.7895557217597675, "log10_min_child_weight": 3.530598497001919, "log10_subsample": -0.9475321531670011, "max_depth": 9.0, "num_boost_round": 6.0}, "datetime": {"datetime": "2024-01-19 01:44:39", "elapsed": 5573.034222, "delta": 0.005494}}
{"target": -17.67717919229891, "params": {"gamma": 972.8176382341745, "log10_alpha": -4.098161496617014, "log10_colsample_bytree": -0.36446006532424813, "log10_eta": -3.2011789226814975, "log10_lambda": -2.7895557217597675, "log10_min_child_weight": 3.530598497001919, "log10_subsample": -0.9475321531670011, "max_depth": 9.0, "num_boost_round": 7.0}, "datetime": {"datetime": "2024-01-19 01:44:39", "elapsed": 5573.039552, "delta": 0.00533}}
{"target": -17.67716737784764, "params": {"gamma": 972.8176382341745, "log10_alpha": -4.098161496617014, "log10_colsample_bytree": -0.36446006532424813, "log10_eta": -3.2011789226814975, "log10_lambda": -2.7895557217597675, "log10_min_child_weight": 3.530598497001919, "log10_subsample": -0.9475321531670011, "max_depth": 9.0, "num_boost_round": 8.0}, "datetime": {"datetime": "2024-01-19 01:44:39", "elapsed": 5573.044792, "delta": 0.00524}}
{"target": -17.677163951890485, "params": {"gamma": 972.8176382341745, "log10_alpha": -4.098161496617014, "log10_colsample_bytree": -0.36446006532424813, "log10_eta": -3.2011789226814975, "log10_lambda": -2.7895557217597675, "log10_min_child_weight": 3.530598497001919, "log10_subsample": -0.9475321531670011, "max_depth": 9.0, "num_boost_round": 9.0}, "datetime": {"datetime": "2024-01-19 01:44:39", "elapsed": 5573.050068, "delta": 0.005276}}
{"target": -17.67715157206962, "params": {"gamma": 972.8176382341745, "log10_alpha": -4.098161496617014, "log10_colsample_bytree": -0.36446006532424813, "log10_eta": -3.2011789226814975, "log10_lambda": -2.7895557217597675, "log10_min_child_weight": 3.530598497001919, "log10_subsample": -0.9475321531670011, "max_depth": 9.0, "num_boost_round": 10.0}, "datetime": {"datetime": "2024-01-19 01:44:39", "elapsed": 5573.055287, "delta": 0.005219}}
{"target": -17.677132804541273, "params": {"gamma": 972.8176382341745, "log10_alpha": -4.098161496617014, "log10_colsample_bytree": -0.36446006532424813, "log10_eta": -3.2011789226814975, "log10_lambda": -2.7895557217597675, "log10_min_child_weight": 3.530598497001919, "log10_subsample": -0.9475321531670011, "max_depth": 9.0, "num_boost_round": 11.0}, "datetime": {"datetime": "2024-01-19 01:44:39", "elapsed": 5573.060561, "delta": 0.005274}}
{"target": -17.67712951321687, "params": {"gamma": 972.8176382341745, "log10_alpha": -4.098161496617014, "log10_colsample_bytree": -0.36446006532424813, "log10_eta": -3.2011789226814975, "log10_lambda": -2.7895557217597675, "log10_min_child_weight": 3.530598497001919, "log10_subsample": -0.9475321531670011, "max_depth": 9.0, "num_boost_round": 12.0}, "datetime": {"datetime": "2024-01-19 01:44:39", "elapsed": 5573.066116, "delta": 0.005555}}
{"target": -17.677117118469504, "params": {"gamma": 972.8176382341745, "log10_alpha": -4.098161496617014, "log10_colsample_bytree": -0.36446006532424813, "log10_eta": -3.2011789226814975, "log10_lambda": -2.7895557217597675, "log10_min_child_weight": 3.530598497001919, "log10_subsample": -0.9475321531670011, "max_depth": 9.0, "num_boost_round": 13.0}, "datetime": {"datetime": "2024-01-19 01:44:39", "elapsed": 5573.071568, "delta": 0.005452}}
{"target": -17.677114980231167, "params": {"gamma": 972.8176382341745, "log10_alpha": -4.098161496617014, "log10_colsample_bytree": -0.36446006532424813, "log10_eta": -3.2011789226814975, "log10_lambda": -2.7895557217597675, "log10_min_child_weight": 3.530598497001919, "log10_subsample": -0.9475321531670011, "max_depth": 9.0, "num_boost_round": 14.0}, "datetime": {"datetime": "2024-01-19 01:44:39", "elapsed": 5573.077071, "delta": 0.005503}}
{"target": -17.677110170007115, "params": {"gamma": 972.8176382341745, "log10_alpha": -4.098161496617014, "log10_colsample_bytree": -0.36446006532424813, "log10_eta": -3.2011789226814975, "log10_lambda": -2.7895557217597675, "log10_min_child_weight": 3.530598497001919, "log10_subsample": -0.9475321531670011, "max_depth": 9.0, "num_boost_round": 15.0}, "datetime": {"datetime": "2024-01-19 01:44:39", "elapsed": 5573.082503, "delta": 0.005432}}
{"target": -17.677109537099916, "params": {"gamma": 972.8176382341745, "log10_alpha": -4.098161496617014, "log10_colsample_bytree": -0.36446006532424813, "log10_eta": -3.2011789226814975, "log10_lambda": -2.7895557217597675, "log10_min_child_weight": 3.530598497001919, "log10_subsample": -0.9475321531670011, "max_depth": 9.0, "num_boost_round": 16.0}, "datetime": {"datetime": "2024-01-19 01:44:39", "elapsed": 5573.088005, "delta": 0.005502}}
{"target": -17.677102344478413, "params": {"gamma": 972.8176382341745, "log10_alpha": -4.098161496617014, "log10_colsample_bytree": -0.36446006532424813, "log10_eta": -3.2011789226814975, "log10_lambda": -2.7895557217597675, "log10_min_child_weight": 3.530598497001919, "log10_subsample": -0.9475321531670011, "max_depth": 9.0, "num_boost_round": 17.0}, "datetime": {"datetime": "2024-01-19 01:44:39", "elapsed": 5573.093636, "delta": 0.005631}}
{"target": -17.67707589288488, "params": {"gamma": 972.8176382341745, "log10_alpha": -4.098161496617014, "log10_colsample_bytree": -0.36446006532424813, "log10_eta": -3.2011789226814975, "log10_lambda": -2.7895557217597675, "log10_min_child_weight": 3.530598497001919, "log10_subsample": -0.9475321531670011, "max_depth": 9.0, "num_boost_round": 18.0}, "datetime": {"datetime": "2024-01-19 01:44:39", "elapsed": 5573.09936, "delta": 0.005724}}
{"target": -17.67705507928483, "params": {"gamma": 972.8176382341745, "log10_alpha": -4.098161496617014, "log10_colsample_bytree": -0.36446006532424813, "log10_eta": -3.2011789226814975, "log10_lambda": -2.7895557217597675, "log10_min_child_weight": 3.530598497001919, "log10_subsample": -0.9475321531670011, "max_depth": 9.0, "num_boost_round": 19.0}, "datetime": {"datetime": "2024-01-19 01:44:39", "elapsed": 5573.104856, "delta": 0.005496}}
{"target": -17.677035447566173, "params": {"gamma": 972.8176382341745, "log10_alpha": -4.098161496617014, "log10_colsample_bytree": -0.36446006532424813, "log10_eta": -3.2011789226814975, "log10_lambda": -2.7895557217597675, "log10_min_child_weight": 3.530598497001919, "log10_subsample": -0.9475321531670011, "max_depth": 9.0, "num_boost_round": 20.0}, "datetime": {"datetime": "2024-01-19 01:44:39", "elapsed": 5573.110307, "delta": 0.005451}}
{"target": -17.677019111835936, "params": {"gamma": 972.8176382341745, "log10_alpha": -4.098161496617014, "log10_colsample_bytree": -0.36446006532424813, "log10_eta": -3.2011789226814975, "log10_lambda": -2.7895557217597675, "log10_min_child_weight": 3.530598497001919, "log10_subsample": -0.9475321531670011, "max_depth": 9.0, "num_boost_round": 21.0}, "datetime": {"datetime": "2024-01-19 01:44:39", "elapsed": 5573.116283, "delta": 0.005976}}
{"target": -17.67701417460747, "params": {"gamma": 972.8176382341745, "log10_alpha": -4.098161496617014, "log10_colsample_bytree": -0.36446006532424813, "log10_eta": -3.2011789226814975, "log10_lambda": -2.7895557217597675, "log10_min_child_weight": 3.530598497001919, "log10_subsample": -0.9475321531670011, "max_depth": 9.0, "num_boost_round": 22.0}, "datetime": {"datetime": "2024-01-19 01:44:39", "elapsed": 5573.122188, "delta": 0.005905}}
{"target": -17.677020277621683, "params": {"gamma": 972.8176382341745, "log10_alpha": -4.098161496617014, "log10_colsample_bytree": -0.36446006532424813, "log10_eta": -3.2011789226814975, "log10_lambda": -2.7895557217597675, "log10_min_child_weight": 3.530598497001919, "log10_subsample": -0.9475321531670011, "max_depth": 9.0, "num_boost_round": 23.0}, "datetime": {"datetime": "2024-01-19 01:44:39", "elapsed": 5573.127931, "delta": 0.005743}}
{"target": -17.67701782989986, "params": {"gamma": 972.8176382341745, "log10_alpha": -4.098161496617014, "log10_colsample_bytree": -0.36446006532424813, "log10_eta": -3.2011789226814975, "log10_lambda": -2.7895557217597675, "log10_min_child_weight": 3.530598497001919, "log10_subsample": -0.9475321531670011, "max_depth": 9.0, "num_boost_round": 24.0}, "datetime": {"datetime": "2024-01-19 01:44:39", "elapsed": 5573.133703, "delta": 0.005772}}
{"target": -17.67723064385961, "params": {"gamma": 980.1852834120521, "log10_alpha": -1.868606840062335, "log10_colsample_bytree": -0.48666900699642823, "log10_eta": -3.415915655777354, "log10_lambda": -4.700536051758158, "log10_min_child_weight": 4.4626551658122775, "log10_subsample": -0.9489187573934288, "max_depth": 3.0, "num_boost_round": 0.0}, "datetime": {"datetime": "2024-01-19 01:46:19", "elapsed": 5673.10973, "delta": 99.976027}}
{"target": -17.677225884859073, "params": {"gamma": 980.1852834120521, "log10_alpha": -1.868606840062335, "log10_colsample_bytree": -0.48666900699642823, "log10_eta": -3.415915655777354, "log10_lambda": -4.700536051758158, "log10_min_child_weight": 4.4626551658122775, "log10_subsample": -0.9489187573934288, "max_depth": 3.0, "num_boost_round": 1.0}, "datetime": {"datetime": "2024-01-19 01:46:19", "elapsed": 5673.226045, "delta": 0.116315}}
{"target": -17.67722439325122, "params": {"gamma": 980.1852834120521, "log10_alpha": -1.868606840062335, "log10_colsample_bytree": -0.48666900699642823, "log10_eta": -3.415915655777354, "log10_lambda": -4.700536051758158, "log10_min_child_weight": 4.4626551658122775, "log10_subsample": -0.9489187573934288, "max_depth": 3.0, "num_boost_round": 2.0}, "datetime": {"datetime": "2024-01-19 01:46:19", "elapsed": 5673.233991, "delta": 0.007946}}
{"target": -17.677222787475355, "params": {"gamma": 980.1852834120521, "log10_alpha": -1.868606840062335, "log10_colsample_bytree": -0.48666900699642823, "log10_eta": -3.415915655777354, "log10_lambda": -4.700536051758158, "log10_min_child_weight": 4.4626551658122775, "log10_subsample": -0.9489187573934288, "max_depth": 3.0, "num_boost_round": 3.0}, "datetime": {"datetime": "2024-01-19 01:46:19", "elapsed": 5673.240079, "delta": 0.006088}}
{"target": -17.67721944542606, "params": {"gamma": 980.1852834120521, "log10_alpha": -1.868606840062335, "log10_colsample_bytree": -0.48666900699642823, "log10_eta": -3.415915655777354, "log10_lambda": -4.700536051758158, "log10_min_child_weight": 4.4626551658122775, "log10_subsample": -0.9489187573934288, "max_depth": 3.0, "num_boost_round": 4.0}, "datetime": {"datetime": "2024-01-19 01:46:19", "elapsed": 5673.245907, "delta": 0.005828}}
