{"target": -17.673891107091393, "params": {"gamma": 711.0662486457875, "log10_alpha": -3.2858169121631335, "log10_colsample_bytree": -0.49177780554822115, "log10_eta": -2.034029003346559, "log10_lambda": -3.9805160059091445, "log10_min_child_weight": 0.3652461953433478, "log10_subsample": -0.6533224132052746, "max_depth": 4.0, "num_boost_round": 22.0}, "datetime": {"datetime": "2024-01-19 00:34:54", "elapsed": 1402.046476, "delta": 0.001979}}
{"target": -17.673693347092556, "params": {"gamma": 711.0662486457875, "log10_alpha": -3.2858169121631335, "log10_colsample_bytree": -0.49177780554822115, "log10_eta": -2.034029003346559, "log10_lambda": -3.9805160059091445, "log10_min_child_weight": 0.3652461953433478, "log10_subsample": -0.6533224132052746, "max_depth": 4.0, "num_boost_round": 23.0}, "datetime": {"datetime": "2024-01-19 00:34:54", "elapsed": 1402.048366, "delta": 0.00189}}
{"target": -17.673535025451617, "params": {"gamma": 711.0662486457875, "log10_alpha": -3.2858169121631335, "log10_colsample_bytree": -0.49177780554822115, "log10_eta": -2.034029003346559, "log10_lambda": -3.9805160059091445, "log10_min_child_weight": 0.3652461953433478, "log10_subsample": -0.6533224132052746, "max_depth": 4.0, "num_boost_round": 24.0}, "datetime": {"datetime": "2024-01-19 00:34:54", "elapsed": 1402.050286, "delta": 0.00192}}
{"target": -17.673479599415444, "params": {"gamma": 711.0662486457875, "log10_alpha": -3.2858169121631335, "log10_colsample_bytree": -0.49177780554822115, "log10_eta": -2.034029003346559, "log10_lambda": -3.9805160059091445, "log10_min_child_weight": 0.3652461953433478, "log10_subsample": -0.6533224132052746, "max_depth": 4.0, "num_boost_round": 25.0}, "datetime": {"datetime": "2024-01-19 00:34:54", "elapsed": 1402.052211, "delta": 0.001925}}
{"target": -17.67375840245062, "params": {"gamma": 711.0662486457875, "log10_alpha": -3.2858169121631335, "log10_colsample_bytree": -0.49177780554822115, "log10_eta": -2.034029003346559, "log10_lambda": -3.9805160059091445, "log10_min_child_weight": 0.3652461953433478, "log10_subsample": -0.6533224132052746, "max_depth": 4.0, "num_boost_round": 26.0}, "datetime": {"datetime": "2024-01-19 00:34:54", "elapsed": 1402.054111, "delta": 0.0019}}
{"target": -17.673790288347394, "params": {"gamma": 711.0662486457875, "log10_alpha": -3.2858169121631335, "log10_colsample_bytree": -0.49177780554822115, "log10_eta": -2.034029003346559, "log10_lambda": -3.9805160059091445, "log10_min_child_weight": 0.3652461953433478, "log10_subsample": -0.6533224132052746, "max_depth": 4.0, "num_boost_round": 27.0}, "datetime": {"datetime": "2024-01-19 00:34:54", "elapsed": 1402.056014, "delta": 0.001903}}
{"target": -17.67350331960606, "params": {"gamma": 711.0662486457875, "log10_alpha": -3.2858169121631335, "log10_colsample_bytree": -0.49177780554822115, "log10_eta": -2.034029003346559, "log10_lambda": -3.9805160059091445, "log10_min_child_weight": 0.3652461953433478, "log10_subsample": -0.6533224132052746, "max_depth": 4.0, "num_boost_round": 28.0}, "datetime": {"datetime": "2024-01-19 00:34:54", "elapsed": 1402.057914, "delta": 0.0019}}
{"target": -17.67339229793366, "params": {"gamma": 711.0662486457875, "log10_alpha": -3.2858169121631335, "log10_colsample_bytree": -0.49177780554822115, "log10_eta": -2.034029003346559, "log10_lambda": -3.9805160059091445, "log10_min_child_weight": 0.3652461953433478, "log10_subsample": -0.6533224132052746, "max_depth": 4.0, "num_boost_round": 29.0}, "datetime": {"datetime": "2024-01-19 00:34:54", "elapsed": 1402.059867, "delta": 0.001953}}
{"target": -17.67354199764797, "params": {"gamma": 711.0662486457875, "log10_alpha": -3.2858169121631335, "log10_colsample_bytree": -0.49177780554822115, "log10_eta": -2.034029003346559, "log10_lambda": -3.9805160059091445, "log10_min_child_weight": 0.3652461953433478, "log10_subsample": -0.6533224132052746, "max_depth": 4.0, "num_boost_round": 30.0}, "datetime": {"datetime": "2024-01-19 00:34:54", "elapsed": 1402.061784, "delta": 0.001917}}
{"target": -17.67354005038603, "params": {"gamma": 711.0662486457875, "log10_alpha": -3.2858169121631335, "log10_colsample_bytree": -0.49177780554822115, "log10_eta": -2.034029003346559, "log10_lambda": -3.9805160059091445, "log10_min_child_weight": 0.3652461953433478, "log10_subsample": -0.6533224132052746, "max_depth": 4.0, "num_boost_round": 31.0}, "datetime": {"datetime": "2024-01-19 00:34:54", "elapsed": 1402.063702, "delta": 0.001918}}
{"target": -17.673423603540247, "params": {"gamma": 711.0662486457875, "log10_alpha": -3.2858169121631335, "log10_colsample_bytree": -0.49177780554822115, "log10_eta": -2.034029003346559, "log10_lambda": -3.9805160059091445, "log10_min_child_weight": 0.3652461953433478, "log10_subsample": -0.6533224132052746, "max_depth": 4.0, "num_boost_round": 32.0}, "datetime": {"datetime": "2024-01-19 00:34:54", "elapsed": 1402.065603, "delta": 0.001901}}
{"target": -17.673597082782504, "params": {"gamma": 711.0662486457875, "log10_alpha": -3.2858169121631335, "log10_colsample_bytree": -0.49177780554822115, "log10_eta": -2.034029003346559, "log10_lambda": -3.9805160059091445, "log10_min_child_weight": 0.3652461953433478, "log10_subsample": -0.6533224132052746, "max_depth": 4.0, "num_boost_round": 33.0}, "datetime": {"datetime": "2024-01-19 00:34:54", "elapsed": 1402.067522, "delta": 0.001919}}
{"target": -17.673492098565642, "params": {"gamma": 711.0662486457875, "log10_alpha": -3.2858169121631335, "log10_colsample_bytree": -0.49177780554822115, "log10_eta": -2.034029003346559, "log10_lambda": -3.9805160059091445, "log10_min_child_weight": 0.3652461953433478, "log10_subsample": -0.6533224132052746, "max_depth": 4.0, "num_boost_round": 34.0}, "datetime": {"datetime": "2024-01-19 00:34:54", "elapsed": 1402.069454, "delta": 0.001932}}
{"target": -17.673551800236474, "params": {"gamma": 711.0662486457875, "log10_alpha": -3.2858169121631335, "log10_colsample_bytree": -0.49177780554822115, "log10_eta": -2.034029003346559, "log10_lambda": -3.9805160059091445, "log10_min_child_weight": 0.3652461953433478, "log10_subsample": -0.6533224132052746, "max_depth": 4.0, "num_boost_round": 35.0}, "datetime": {"datetime": "2024-01-19 00:34:54", "elapsed": 1402.071383, "delta": 0.001929}}
{"target": -17.67382094304165, "params": {"gamma": 711.0662486457875, "log10_alpha": -3.2858169121631335, "log10_colsample_bytree": -0.49177780554822115, "log10_eta": -2.034029003346559, "log10_lambda": -3.9805160059091445, "log10_min_child_weight": 0.3652461953433478, "log10_subsample": -0.6533224132052746, "max_depth": 4.0, "num_boost_round": 36.0}, "datetime": {"datetime": "2024-01-19 00:34:54", "elapsed": 1402.073271, "delta": 0.001888}}
{"target": -17.673815530424122, "params": {"gamma": 711.0662486457875, "log10_alpha": -3.2858169121631335, "log10_colsample_bytree": -0.49177780554822115, "log10_eta": -2.034029003346559, "log10_lambda": -3.9805160059091445, "log10_min_child_weight": 0.3652461953433478, "log10_subsample": -0.6533224132052746, "max_depth": 4.0, "num_boost_round": 37.0}, "datetime": {"datetime": "2024-01-19 00:34:54", "elapsed": 1402.075173, "delta": 0.001902}}
{"target": -17.673903217520067, "params": {"gamma": 711.0662486457875, "log10_alpha": -3.2858169121631335, "log10_colsample_bytree": -0.49177780554822115, "log10_eta": -2.034029003346559, "log10_lambda": -3.9805160059091445, "log10_min_child_weight": 0.3652461953433478, "log10_subsample": -0.6533224132052746, "max_depth": 4.0, "num_boost_round": 38.0}, "datetime": {"datetime": "2024-01-19 00:34:54", "elapsed": 1402.07711, "delta": 0.001937}}
{"target": -17.673734029674932, "params": {"gamma": 711.0662486457875, "log10_alpha": -3.2858169121631335, "log10_colsample_bytree": -0.49177780554822115, "log10_eta": -2.034029003346559, "log10_lambda": -3.9805160059091445, "log10_min_child_weight": 0.3652461953433478, "log10_subsample": -0.6533224132052746, "max_depth": 4.0, "num_boost_round": 39.0}, "datetime": {"datetime": "2024-01-19 00:34:54", "elapsed": 1402.079022, "delta": 0.001912}}
{"target": -17.673894078602377, "params": {"gamma": 711.0662486457875, "log10_alpha": -3.2858169121631335, "log10_colsample_bytree": -0.49177780554822115, "log10_eta": -2.034029003346559, "log10_lambda": -3.9805160059091445, "log10_min_child_weight": 0.3652461953433478, "log10_subsample": -0.6533224132052746, "max_depth": 4.0, "num_boost_round": 40.0}, "datetime": {"datetime": "2024-01-19 00:34:54", "elapsed": 1402.080942, "delta": 0.00192}}
{"target": -17.674034150546262, "params": {"gamma": 711.0662486457875, "log10_alpha": -3.2858169121631335, "log10_colsample_bytree": -0.49177780554822115, "log10_eta": -2.034029003346559, "log10_lambda": -3.9805160059091445, "log10_min_child_weight": 0.3652461953433478, "log10_subsample": -0.6533224132052746, "max_depth": 4.0, "num_boost_round": 41.0}, "datetime": {"datetime": "2024-01-19 00:34:54", "elapsed": 1402.08288, "delta": 0.001938}}
{"target": -17.67403989327787, "params": {"gamma": 711.0662486457875, "log10_alpha": -3.2858169121631335, "log10_colsample_bytree": -0.49177780554822115, "log10_eta": -2.034029003346559, "log10_lambda": -3.9805160059091445, "log10_min_child_weight": 0.3652461953433478, "log10_subsample": -0.6533224132052746, "max_depth": 4.0, "num_boost_round": 42.0}, "datetime": {"datetime": "2024-01-19 00:34:54", "elapsed": 1402.084805, "delta": 0.001925}}
{"target": -17.67392729677248, "params": {"gamma": 711.0662486457875, "log10_alpha": -3.2858169121631335, "log10_colsample_bytree": -0.49177780554822115, "log10_eta": -2.034029003346559, "log10_lambda": -3.9805160059091445, "log10_min_child_weight": 0.3652461953433478, "log10_subsample": -0.6533224132052746, "max_depth": 4.0, "num_boost_round": 43.0}, "datetime": {"datetime": "2024-01-19 00:34:54", "elapsed": 1402.086761, "delta": 0.001956}}
{"target": -17.6738252327911, "params": {"gamma": 711.0662486457875, "log10_alpha": -3.2858169121631335, "log10_colsample_bytree": -0.49177780554822115, "log10_eta": -2.034029003346559, "log10_lambda": -3.9805160059091445, "log10_min_child_weight": 0.3652461953433478, "log10_subsample": -0.6533224132052746, "max_depth": 4.0, "num_boost_round": 44.0}, "datetime": {"datetime": "2024-01-19 00:34:54", "elapsed": 1402.088678, "delta": 0.001917}}
{"target": -17.673793970569147, "params": {"gamma": 711.0662486457875, "log10_alpha": -3.2858169121631335, "log10_colsample_bytree": -0.49177780554822115, "log10_eta": -2.034029003346559, "log10_lambda": -3.9805160059091445, "log10_min_child_weight": 0.3652461953433478, "log10_subsample": -0.6533224132052746, "max_depth": 4.0, "num_boost_round": 45.0}, "datetime": {"datetime": "2024-01-19 00:34:54", "elapsed": 1402.090634, "delta": 0.001956}}
{"target": -17.673950630008374, "params": {"gamma": 711.0662486457875, "log10_alpha": -3.2858169121631335, "log10_colsample_bytree": -0.49177780554822115, "log10_eta": -2.034029003346559, "log10_lambda": -3.9805160059091445, "log10_min_child_weight": 0.3652461953433478, "log10_subsample": -0.6533224132052746, "max_depth": 4.0, "num_boost_round": 46.0}, "datetime": {"datetime": "2024-01-19 00:34:54", "elapsed": 1402.092568, "delta": 0.001934}}
{"target": -17.674178187382683, "params": {"gamma": 711.0662486457875, "log10_alpha": -3.2858169121631335, "log10_colsample_bytree": -0.49177780554822115, "log10_eta": -2.034029003346559, "log10_lambda": -3.9805160059091445, "log10_min_child_weight": 0.3652461953433478, "log10_subsample": -0.6533224132052746, "max_depth": 4.0, "num_boost_round": 47.0}, "datetime": {"datetime": "2024-01-19 00:34:54", "elapsed": 1402.09451, "delta": 0.001942}}
{"target": -17.674184588104065, "params": {"gamma": 711.0662486457875, "log10_alpha": -3.2858169121631335, "log10_colsample_bytree": -0.49177780554822115, "log10_eta": -2.034029003346559, "log10_lambda": -3.9805160059091445, "log10_min_child_weight": 0.3652461953433478, "log10_subsample": -0.6533224132052746, "max_depth": 4.0, "num_boost_round": 48.0}, "datetime": {"datetime": "2024-01-19 00:34:54", "elapsed": 1402.096422, "delta": 0.001912}}
{"target": -17.67412606685561, "params": {"gamma": 711.0662486457875, "log10_alpha": -3.2858169121631335, "log10_colsample_bytree": -0.49177780554822115, "log10_eta": -2.034029003346559, "log10_lambda": -3.9805160059091445, "log10_min_child_weight": 0.3652461953433478, "log10_subsample": -0.6533224132052746, "max_depth": 4.0, "num_boost_round": 49.0}, "datetime": {"datetime": "2024-01-19 00:34:54", "elapsed": 1402.099235, "delta": 0.002813}}
{"target": -17.67417382238198, "params": {"gamma": 711.0662486457875, "log10_alpha": -3.2858169121631335, "log10_colsample_bytree": -0.49177780554822115, "log10_eta": -2.034029003346559, "log10_lambda": -3.9805160059091445, "log10_min_child_weight": 0.3652461953433478, "log10_subsample": -0.6533224132052746, "max_depth": 4.0, "num_boost_round": 50.0}, "datetime": {"datetime": "2024-01-19 00:34:54", "elapsed": 1402.101296, "delta": 0.002061}}
{"target": -17.674644394122332, "params": {"gamma": 711.0662486457875, "log10_alpha": -3.2858169121631335, "log10_colsample_bytree": -0.49177780554822115, "log10_eta": -2.034029003346559, "log10_lambda": -3.9805160059091445, "log10_min_child_weight": 0.3652461953433478, "log10_subsample": -0.6533224132052746, "max_depth": 4.0, "num_boost_round": 51.0}, "datetime": {"datetime": "2024-01-19 00:34:54", "elapsed": 1402.103316, "delta": 0.00202}}
{"target": -17.67512020095048, "params": {"gamma": 711.0662486457875, "log10_alpha": -3.2858169121631335, "log10_colsample_bytree": -0.49177780554822115, "log10_eta": -2.034029003346559, "log10_lambda": -3.9805160059091445, "log10_min_child_weight": 0.3652461953433478, "log10_subsample": -0.6533224132052746, "max_depth": 4.0, "num_boost_round": 52.0}, "datetime": {"datetime": "2024-01-19 00:34:54", "elapsed": 1402.10534, "delta": 0.002024}}
{"target": -17.67510074679073, "params": {"gamma": 711.0662486457875, "log10_alpha": -3.2858169121631335, "log10_colsample_bytree": -0.49177780554822115, "log10_eta": -2.034029003346559, "log10_lambda": -3.9805160059091445, "log10_min_child_weight": 0.3652461953433478, "log10_subsample": -0.6533224132052746, "max_depth": 4.0, "num_boost_round": 53.0}, "datetime": {"datetime": "2024-01-19 00:34:54", "elapsed": 1402.107242, "delta": 0.001902}}
{"target": -17.674861918517127, "params": {"gamma": 711.0662486457875, "log10_alpha": -3.2858169121631335, "log10_colsample_bytree": -0.49177780554822115, "log10_eta": -2.034029003346559, "log10_lambda": -3.9805160059091445, "log10_min_child_weight": 0.3652461953433478, "log10_subsample": -0.6533224132052746, "max_depth": 4.0, "num_boost_round": 54.0}, "datetime": {"datetime": "2024-01-19 00:34:54", "elapsed": 1402.109105, "delta": 0.001863}}
{"target": -17.675047275055046, "params": {"gamma": 711.0662486457875, "log10_alpha": -3.2858169121631335, "log10_colsample_bytree": -0.49177780554822115, "log10_eta": -2.034029003346559, "log10_lambda": -3.9805160059091445, "log10_min_child_weight": 0.3652461953433478, "log10_subsample": -0.6533224132052746, "max_depth": 4.0, "num_boost_round": 55.0}, "datetime": {"datetime": "2024-01-19 00:34:54", "elapsed": 1402.110991, "delta": 0.001886}}
{"target": -17.675173983804914, "params": {"gamma": 711.0662486457875, "log10_alpha": -3.2858169121631335, "log10_colsample_bytree": -0.49177780554822115, "log10_eta": -2.034029003346559, "log10_lambda": -3.9805160059091445, "log10_min_child_weight": 0.3652461953433478, "log10_subsample": -0.6533224132052746, "max_depth": 4.0, "num_boost_round": 56.0}, "datetime": {"datetime": "2024-01-19 00:34:54", "elapsed": 1402.112874, "delta": 0.001883}}
{"target": -17.675495120708792, "params": {"gamma": 711.0662486457875, "log10_alpha": -3.2858169121631335, "log10_colsample_bytree": -0.49177780554822115, "log10_eta": -2.034029003346559, "log10_lambda": -3.9805160059091445, "log10_min_child_weight": 0.3652461953433478, "log10_subsample": -0.6533224132052746, "max_depth": 4.0, "num_boost_round": 57.0}, "datetime": {"datetime": "2024-01-19 00:34:54", "elapsed": 1402.114846, "delta": 0.001972}}
{"target": -17.675576808416782, "params": {"gamma": 711.0662486457875, "log10_alpha": -3.2858169121631335, "log10_colsample_bytree": -0.49177780554822115, "log10_eta": -2.034029003346559, "log10_lambda": -3.9805160059091445, "log10_min_child_weight": 0.3652461953433478, "log10_subsample": -0.6533224132052746, "max_depth": 4.0, "num_boost_round": 58.0}, "datetime": {"datetime": "2024-01-19 00:34:54", "elapsed": 1402.116791, "delta": 0.001945}}
{"target": -17.67552117558627, "params": {"gamma": 711.0662486457875, "log10_alpha": -3.2858169121631335, "log10_colsample_bytree": -0.49177780554822115, "log10_eta": -2.034029003346559, "log10_lambda": -3.9805160059091445, "log10_min_child_weight": 0.3652461953433478, "log10_subsample": -0.6533224132052746, "max_depth": 4.0, "num_boost_round": 59.0}, "datetime": {"datetime": "2024-01-19 00:34:54", "elapsed": 1402.118741, "delta": 0.00195}}
{"target": -17.675132054500533, "params": {"gamma": 711.0662486457875, "log10_alpha": -3.2858169121631335, "log10_colsample_bytree": -0.49177780554822115, "log10_eta": -2.034029003346559, "log10_lambda": -3.9805160059091445, "log10_min_child_weight": 0.3652461953433478, "log10_subsample": -0.6533224132052746, "max_depth": 4.0, "num_boost_round": 60.0}, "datetime": {"datetime": "2024-01-19 00:34:54", "elapsed": 1402.120669, "delta": 0.001928}}
{"target": -17.674783733572667, "params": {"gamma": 711.0662486457875, "log10_alpha": -3.2858169121631335, "log10_colsample_bytree": -0.49177780554822115, "log10_eta": -2.034029003346559, "log10_lambda": -3.9805160059091445, "log10_min_child_weight": 0.3652461953433478, "log10_subsample": -0.6533224132052746, "max_depth": 4.0, "num_boost_round": 61.0}, "datetime": {"datetime": "2024-01-19 00:34:54", "elapsed": 1402.122601, "delta": 0.001932}}
{"target": -17.67485417309641, "params": {"gamma": 711.0662486457875, "log10_alpha": -3.2858169121631335, "log10_colsample_bytree": -0.49177780554822115, "log10_eta": -2.034029003346559, "log10_lambda": -3.9805160059091445, "log10_min_child_weight": 0.3652461953433478, "log10_subsample": -0.6533224132052746, "max_depth": 4.0, "num_boost_round": 62.0}, "datetime": {"datetime": "2024-01-19 00:34:54", "elapsed": 1402.124532, "delta": 0.001931}}
{"target": -17.675012845730134, "params": {"gamma": 711.0662486457875, "log10_alpha": -3.2858169121631335, "log10_colsample_bytree": -0.49177780554822115, "log10_eta": -2.034029003346559, "log10_lambda": -3.9805160059091445, "log10_min_child_weight": 0.3652461953433478, "log10_subsample": -0.6533224132052746, "max_depth": 4.0, "num_boost_round": 63.0}, "datetime": {"datetime": "2024-01-19 00:34:54", "elapsed": 1402.126481, "delta": 0.001949}}
{"target": -17.67722182552205, "params": {"gamma": 710.5169470134391, "log10_alpha": -0.7303509534800172, "log10_colsample_bytree": -0.05194398720052218, "log10_eta": -3.865580478482704, "log10_lambda": -2.9846007463193285, "log10_min_child_weight": 1.2453609433908897, "log10_subsample": -0.13316474956951252, "max_depth": 5.0, "num_boost_round": 0.0}, "datetime": {"datetime": "2024-01-19 00:35:40", "elapsed": 1447.38525, "delta": 45.258769}}
{"target": -17.677214984550986, "params": {"gamma": 710.5169470134391, "log10_alpha": -0.7303509534800172, "log10_colsample_bytree": -0.05194398720052218, "log10_eta": -3.865580478482704, "log10_lambda": -2.9846007463193285, "log10_min_child_weight": 1.2453609433908897, "log10_subsample": -0.13316474956951252, "max_depth": 5.0, "num_boost_round": 1.0}, "datetime": {"datetime": "2024-01-19 00:35:40", "elapsed": 1447.387763, "delta": 0.002513}}
{"target": -17.67720802143933, "params": {"gamma": 710.5169470134391, "log10_alpha": -0.7303509534800172, "log10_colsample_bytree": -0.05194398720052218, "log10_eta": -3.865580478482704, "log10_lambda": -2.9846007463193285, "log10_min_child_weight": 1.2453609433908897, "log10_subsample": -0.13316474956951252, "max_depth": 5.0, "num_boost_round": 2.0}, "datetime": {"datetime": "2024-01-19 00:35:40", "elapsed": 1447.389843, "delta": 0.00208}}
{"target": -17.67719812241521, "params": {"gamma": 710.5169470134391, "log10_alpha": -0.7303509534800172, "log10_colsample_bytree": -0.05194398720052218, "log10_eta": -3.865580478482704, "log10_lambda": -2.9846007463193285, "log10_min_child_weight": 1.2453609433908897, "log10_subsample": -0.13316474956951252, "max_depth": 5.0, "num_boost_round": 3.0}, "datetime": {"datetime": "2024-01-19 00:35:40", "elapsed": 1447.392095, "delta": 0.002252}}
{"target": -17.67718797711169, "params": {"gamma": 710.5169470134391, "log10_alpha": -0.7303509534800172, "log10_colsample_bytree": -0.05194398720052218, "log10_eta": -3.865580478482704, "log10_lambda": -2.9846007463193285, "log10_min_child_weight": 1.2453609433908897, "log10_subsample": -0.13316474956951252, "max_depth": 5.0, "num_boost_round": 4.0}, "datetime": {"datetime": "2024-01-19 00:35:40", "elapsed": 1447.39403, "delta": 0.001935}}
{"target": -17.677178943612034, "params": {"gamma": 710.5169470134391, "log10_alpha": -0.7303509534800172, "log10_colsample_bytree": -0.05194398720052218, "log10_eta": -3.865580478482704, "log10_lambda": -2.9846007463193285, "log10_min_child_weight": 1.2453609433908897, "log10_subsample": -0.13316474956951252, "max_depth": 5.0, "num_boost_round": 5.0}, "datetime": {"datetime": "2024-01-19 00:35:40", "elapsed": 1447.396045, "delta": 0.002015}}
{"target": -17.67716746225095, "params": {"gamma": 710.5169470134391, "log10_alpha": -0.7303509534800172, "log10_colsample_bytree": -0.05194398720052218, "log10_eta": -3.865580478482704, "log10_lambda": -2.9846007463193285, "log10_min_child_weight": 1.2453609433908897, "log10_subsample": -0.13316474956951252, "max_depth": 5.0, "num_boost_round": 6.0}, "datetime": {"datetime": "2024-01-19 00:35:40", "elapsed": 1447.397957, "delta": 0.001912}}
