{"target": -17.677189122167, "params": {"gamma": 420.8239480716961, "log10_alpha": -4.955845157019026, "log10_colsample_bytree": 0.0, "log10_eta": -4.0, "log10_lambda": -2.2200272888500177, "log10_min_child_weight": 1.6175570686282816, "log10_subsample": -1.0, "max_depth": 4.0, "num_boost_round": 12.0}, "datetime": {"datetime": "2024-01-19 00:51:08", "elapsed": 2373.130312, "delta": 0.00212}}
{"target": -17.67718353317319, "params": {"gamma": 420.8239480716961, "log10_alpha": -4.955845157019026, "log10_colsample_bytree": 0.0, "log10_eta": -4.0, "log10_lambda": -2.2200272888500177, "log10_min_child_weight": 1.6175570686282816, "log10_subsample": -1.0, "max_depth": 4.0, "num_boost_round": 13.0}, "datetime": {"datetime": "2024-01-19 00:51:08", "elapsed": 2373.132378, "delta": 0.002066}}
{"target": -17.67676846202339, "params": {"gamma": 421.0476347958313, "log10_alpha": -4.423972849830683, "log10_colsample_bytree": -0.72521716895709, "log10_eta": -1.8402552953685647, "log10_lambda": -3.841687308580393, "log10_min_child_weight": 3.8189523573825213, "log10_subsample": -0.6669507502491689, "max_depth": 7.0, "num_boost_round": 0.0}, "datetime": {"datetime": "2024-01-19 00:51:40", "elapsed": 2405.057904, "delta": 31.925526}}
{"target": -17.676625598923426, "params": {"gamma": 421.0476347958313, "log10_alpha": -4.423972849830683, "log10_colsample_bytree": -0.72521716895709, "log10_eta": -1.8402552953685647, "log10_lambda": -3.841687308580393, "log10_min_child_weight": 3.8189523573825213, "log10_subsample": -0.6669507502491689, "max_depth": 7.0, "num_boost_round": 1.0}, "datetime": {"datetime": "2024-01-19 00:51:40", "elapsed": 2405.060634, "delta": 0.00273}}
{"target": -17.676878026078196, "params": {"gamma": 421.0476347958313, "log10_alpha": -4.423972849830683, "log10_colsample_bytree": -0.72521716895709, "log10_eta": -1.8402552953685647, "log10_lambda": -3.841687308580393, "log10_min_child_weight": 3.8189523573825213, "log10_subsample": -0.6669507502491689, "max_depth": 7.0, "num_boost_round": 2.0}, "datetime": {"datetime": "2024-01-19 00:51:40", "elapsed": 2405.062976, "delta": 0.002342}}
{"target": -17.67689286850882, "params": {"gamma": 421.0476347958313, "log10_alpha": -4.423972849830683, "log10_colsample_bytree": -0.72521716895709, "log10_eta": -1.8402552953685647, "log10_lambda": -3.841687308580393, "log10_min_child_weight": 3.8189523573825213, "log10_subsample": -0.6669507502491689, "max_depth": 7.0, "num_boost_round": 3.0}, "datetime": {"datetime": "2024-01-19 00:51:40", "elapsed": 2405.065075, "delta": 0.002099}}
{"target": -17.676721497752453, "params": {"gamma": 421.0476347958313, "log10_alpha": -4.423972849830683, "log10_colsample_bytree": -0.72521716895709, "log10_eta": -1.8402552953685647, "log10_lambda": -3.841687308580393, "log10_min_child_weight": 3.8189523573825213, "log10_subsample": -0.6669507502491689, "max_depth": 7.0, "num_boost_round": 4.0}, "datetime": {"datetime": "2024-01-19 00:51:40", "elapsed": 2405.067206, "delta": 0.002131}}
{"target": -17.676839566117565, "params": {"gamma": 421.0476347958313, "log10_alpha": -4.423972849830683, "log10_colsample_bytree": -0.72521716895709, "log10_eta": -1.8402552953685647, "log10_lambda": -3.841687308580393, "log10_min_child_weight": 3.8189523573825213, "log10_subsample": -0.6669507502491689, "max_depth": 7.0, "num_boost_round": 5.0}, "datetime": {"datetime": "2024-01-19 00:51:40", "elapsed": 2405.069301, "delta": 0.002095}}
{"target": -17.677128781784326, "params": {"gamma": 421.0476347958313, "log10_alpha": -4.423972849830683, "log10_colsample_bytree": -0.72521716895709, "log10_eta": -1.8402552953685647, "log10_lambda": -3.841687308580393, "log10_min_child_weight": 3.8189523573825213, "log10_subsample": -0.6669507502491689, "max_depth": 7.0, "num_boost_round": 6.0}, "datetime": {"datetime": "2024-01-19 00:51:40", "elapsed": 2405.071456, "delta": 0.002155}}
{"target": -17.676790137155002, "params": {"gamma": 421.0476347958313, "log10_alpha": -4.423972849830683, "log10_colsample_bytree": -0.72521716895709, "log10_eta": -1.8402552953685647, "log10_lambda": -3.841687308580393, "log10_min_child_weight": 3.8189523573825213, "log10_subsample": -0.6669507502491689, "max_depth": 7.0, "num_boost_round": 7.0}, "datetime": {"datetime": "2024-01-19 00:51:40", "elapsed": 2405.073723, "delta": 0.002267}}
{"target": -17.676850367409614, "params": {"gamma": 421.0476347958313, "log10_alpha": -4.423972849830683, "log10_colsample_bytree": -0.72521716895709, "log10_eta": -1.8402552953685647, "log10_lambda": -3.841687308580393, "log10_min_child_weight": 3.8189523573825213, "log10_subsample": -0.6669507502491689, "max_depth": 7.0, "num_boost_round": 8.0}, "datetime": {"datetime": "2024-01-19 00:51:40", "elapsed": 2405.07597, "delta": 0.002247}}
{"target": -17.676831932455794, "params": {"gamma": 421.0476347958313, "log10_alpha": -4.423972849830683, "log10_colsample_bytree": -0.72521716895709, "log10_eta": -1.8402552953685647, "log10_lambda": -3.841687308580393, "log10_min_child_weight": 3.8189523573825213, "log10_subsample": -0.6669507502491689, "max_depth": 7.0, "num_boost_round": 9.0}, "datetime": {"datetime": "2024-01-19 00:51:40", "elapsed": 2405.078232, "delta": 0.002262}}
{"target": -17.677213794044434, "params": {"gamma": 464.69258253294873, "log10_alpha": -3.486247521368786, "log10_colsample_bytree": -0.33656293717900776, "log10_eta": -1.6648217585685758, "log10_lambda": -3.9384515551738533, "log10_min_child_weight": 3.975466519339742, "log10_subsample": -0.9076576972986357, "max_depth": 2.0, "num_boost_round": 0.0}, "datetime": {"datetime": "2024-01-19 00:52:09", "elapsed": 2434.007351, "delta": 28.929119}}
{"target": -17.67721435940754, "params": {"gamma": 464.69258253294873, "log10_alpha": -3.486247521368786, "log10_colsample_bytree": -0.33656293717900776, "log10_eta": -1.6648217585685758, "log10_lambda": -3.9384515551738533, "log10_min_child_weight": 3.975466519339742, "log10_subsample": -0.9076576972986357, "max_depth": 2.0, "num_boost_round": 1.0}, "datetime": {"datetime": "2024-01-19 00:52:09", "elapsed": 2434.010135, "delta": 0.002784}}
{"target": -17.677503685238243, "params": {"gamma": 464.69258253294873, "log10_alpha": -3.486247521368786, "log10_colsample_bytree": -0.33656293717900776, "log10_eta": -1.6648217585685758, "log10_lambda": -3.9384515551738533, "log10_min_child_weight": 3.975466519339742, "log10_subsample": -0.9076576972986357, "max_depth": 2.0, "num_boost_round": 2.0}, "datetime": {"datetime": "2024-01-19 00:52:09", "elapsed": 2434.012448, "delta": 0.002313}}
{"target": -17.677517811673813, "params": {"gamma": 464.69258253294873, "log10_alpha": -3.486247521368786, "log10_colsample_bytree": -0.33656293717900776, "log10_eta": -1.6648217585685758, "log10_lambda": -3.9384515551738533, "log10_min_child_weight": 3.975466519339742, "log10_subsample": -0.9076576972986357, "max_depth": 2.0, "num_boost_round": 3.0}, "datetime": {"datetime": "2024-01-19 00:52:09", "elapsed": 2434.01473, "delta": 0.002282}}
{"target": -17.677559310189174, "params": {"gamma": 464.69258253294873, "log10_alpha": -3.486247521368786, "log10_colsample_bytree": -0.33656293717900776, "log10_eta": -1.6648217585685758, "log10_lambda": -3.9384515551738533, "log10_min_child_weight": 3.975466519339742, "log10_subsample": -0.9076576972986357, "max_depth": 2.0, "num_boost_round": 4.0}, "datetime": {"datetime": "2024-01-19 00:52:09", "elapsed": 2434.016887, "delta": 0.002157}}
{"target": -17.67759842838091, "params": {"gamma": 464.69258253294873, "log10_alpha": -3.486247521368786, "log10_colsample_bytree": -0.33656293717900776, "log10_eta": -1.6648217585685758, "log10_lambda": -3.9384515551738533, "log10_min_child_weight": 3.975466519339742, "log10_subsample": -0.9076576972986357, "max_depth": 2.0, "num_boost_round": 5.0}, "datetime": {"datetime": "2024-01-19 00:52:09", "elapsed": 2434.018998, "delta": 0.002111}}
{"target": -17.67758475757193, "params": {"gamma": 464.69258253294873, "log10_alpha": -3.486247521368786, "log10_colsample_bytree": -0.33656293717900776, "log10_eta": -1.6648217585685758, "log10_lambda": -3.9384515551738533, "log10_min_child_weight": 3.975466519339742, "log10_subsample": -0.9076576972986357, "max_depth": 2.0, "num_boost_round": 6.0}, "datetime": {"datetime": "2024-01-19 00:52:09", "elapsed": 2434.021133, "delta": 0.002135}}
{"target": -17.677551255220187, "params": {"gamma": 464.69258253294873, "log10_alpha": -3.486247521368786, "log10_colsample_bytree": -0.33656293717900776, "log10_eta": -1.6648217585685758, "log10_lambda": -3.9384515551738533, "log10_min_child_weight": 3.975466519339742, "log10_subsample": -0.9076576972986357, "max_depth": 2.0, "num_boost_round": 7.0}, "datetime": {"datetime": "2024-01-19 00:52:09", "elapsed": 2434.023266, "delta": 0.002133}}
{"target": -17.67754255467276, "params": {"gamma": 464.69258253294873, "log10_alpha": -3.486247521368786, "log10_colsample_bytree": -0.33656293717900776, "log10_eta": -1.6648217585685758, "log10_lambda": -3.9384515551738533, "log10_min_child_weight": 3.975466519339742, "log10_subsample": -0.9076576972986357, "max_depth": 2.0, "num_boost_round": 8.0}, "datetime": {"datetime": "2024-01-19 00:52:09", "elapsed": 2434.025362, "delta": 0.002096}}
{"target": -17.677584063340163, "params": {"gamma": 464.69258253294873, "log10_alpha": -3.486247521368786, "log10_colsample_bytree": -0.33656293717900776, "log10_eta": -1.6648217585685758, "log10_lambda": -3.9384515551738533, "log10_min_child_weight": 3.975466519339742, "log10_subsample": -0.9076576972986357, "max_depth": 2.0, "num_boost_round": 9.0}, "datetime": {"datetime": "2024-01-19 00:52:09", "elapsed": 2434.027469, "delta": 0.002107}}
{"target": -17.68078429149731, "params": {"gamma": 445.43136609476386, "log10_alpha": -5.0, "log10_colsample_bytree": -1.0, "log10_eta": -0.4570210655170718, "log10_lambda": -0.12323869706029252, "log10_min_child_weight": 0.0, "log10_subsample": -1.0, "max_depth": 4.0, "num_boost_round": 0.0}, "datetime": {"datetime": "2024-01-19 00:52:41", "elapsed": 2465.624373, "delta": 31.596904}}
{"target": -17.68849923705842, "params": {"gamma": 445.43136609476386, "log10_alpha": -5.0, "log10_colsample_bytree": -1.0, "log10_eta": -0.4570210655170718, "log10_lambda": -0.12323869706029252, "log10_min_child_weight": 0.0, "log10_subsample": -1.0, "max_depth": 4.0, "num_boost_round": 1.0}, "datetime": {"datetime": "2024-01-19 00:52:41", "elapsed": 2465.627519, "delta": 0.003146}}
{"target": -17.705258432700116, "params": {"gamma": 445.43136609476386, "log10_alpha": -5.0, "log10_colsample_bytree": -1.0, "log10_eta": -0.4570210655170718, "log10_lambda": -0.12323869706029252, "log10_min_child_weight": 0.0, "log10_subsample": -1.0, "max_depth": 4.0, "num_boost_round": 2.0}, "datetime": {"datetime": "2024-01-19 00:52:41", "elapsed": 2465.629929, "delta": 0.00241}}
{"target": -17.718654981443017, "params": {"gamma": 445.43136609476386, "log10_alpha": -5.0, "log10_colsample_bytree": -1.0, "log10_eta": -0.4570210655170718, "log10_lambda": -0.12323869706029252, "log10_min_child_weight": 0.0, "log10_subsample": -1.0, "max_depth": 4.0, "num_boost_round": 3.0}, "datetime": {"datetime": "2024-01-19 00:52:41", "elapsed": 2465.632068, "delta": 0.002139}}
{"target": -17.73322947198354, "params": {"gamma": 445.43136609476386, "log10_alpha": -5.0, "log10_colsample_bytree": -1.0, "log10_eta": -0.4570210655170718, "log10_lambda": -0.12323869706029252, "log10_min_child_weight": 0.0, "log10_subsample": -1.0, "max_depth": 4.0, "num_boost_round": 4.0}, "datetime": {"datetime": "2024-01-19 00:52:41", "elapsed": 2465.634364, "delta": 0.002296}}
{"target": -17.749902297596748, "params": {"gamma": 445.43136609476386, "log10_alpha": -5.0, "log10_colsample_bytree": -1.0, "log10_eta": -0.4570210655170718, "log10_lambda": -0.12323869706029252, "log10_min_child_weight": 0.0, "log10_subsample": -1.0, "max_depth": 4.0, "num_boost_round": 5.0}, "datetime": {"datetime": "2024-01-19 00:52:41", "elapsed": 2465.636497, "delta": 0.002133}}
{"target": -17.763407729273414, "params": {"gamma": 445.43136609476386, "log10_alpha": -5.0, "log10_colsample_bytree": -1.0, "log10_eta": -0.4570210655170718, "log10_lambda": -0.12323869706029252, "log10_min_child_weight": 0.0, "log10_subsample": -1.0, "max_depth": 4.0, "num_boost_round": 6.0}, "datetime": {"datetime": "2024-01-19 00:52:41", "elapsed": 2465.638682, "delta": 0.002185}}
{"target": -17.76601857825076, "params": {"gamma": 445.43136609476386, "log10_alpha": -5.0, "log10_colsample_bytree": -1.0, "log10_eta": -0.4570210655170718, "log10_lambda": -0.12323869706029252, "log10_min_child_weight": 0.0, "log10_subsample": -1.0, "max_depth": 4.0, "num_boost_round": 7.0}, "datetime": {"datetime": "2024-01-19 00:52:41", "elapsed": 2465.640825, "delta": 0.002143}}
{"target": -17.7795462080606, "params": {"gamma": 445.43136609476386, "log10_alpha": -5.0, "log10_colsample_bytree": -1.0, "log10_eta": -0.4570210655170718, "log10_lambda": -0.12323869706029252, "log10_min_child_weight": 0.0, "log10_subsample": -1.0, "max_depth": 4.0, "num_boost_round": 8.0}, "datetime": {"datetime": "2024-01-19 00:52:41", "elapsed": 2465.642954, "delta": 0.002129}}
{"target": -17.783670568619254, "params": {"gamma": 445.43136609476386, "log10_alpha": -5.0, "log10_colsample_bytree": -1.0, "log10_eta": -0.4570210655170718, "log10_lambda": -0.12323869706029252, "log10_min_child_weight": 0.0, "log10_subsample": -1.0, "max_depth": 4.0, "num_boost_round": 9.0}, "datetime": {"datetime": "2024-01-19 00:52:41", "elapsed": 2465.645078, "delta": 0.002124}}
{"target": -17.870652511264755, "params": {"gamma": 445.43136609476386, "log10_alpha": -5.0, "log10_colsample_bytree": -1.0, "log10_eta": -0.4570210655170718, "log10_lambda": -0.12323869706029252, "log10_min_child_weight": 0.0, "log10_subsample": -1.0, "max_depth": 4.0, "num_boost_round": 10.0}, "datetime": {"datetime": "2024-01-19 00:52:41", "elapsed": 2465.647215, "delta": 0.002137}}
{"target": -17.878482031057896, "params": {"gamma": 445.43136609476386, "log10_alpha": -5.0, "log10_colsample_bytree": -1.0, "log10_eta": -0.4570210655170718, "log10_lambda": -0.12323869706029252, "log10_min_child_weight": 0.0, "log10_subsample": -1.0, "max_depth": 4.0, "num_boost_round": 11.0}, "datetime": {"datetime": "2024-01-19 00:52:41", "elapsed": 2465.649339, "delta": 0.002124}}
{"target": -17.878194319111387, "params": {"gamma": 445.43136609476386, "log10_alpha": -5.0, "log10_colsample_bytree": -1.0, "log10_eta": -0.4570210655170718, "log10_lambda": -0.12323869706029252, "log10_min_child_weight": 0.0, "log10_subsample": -1.0, "max_depth": 4.0, "num_boost_round": 12.0}, "datetime": {"datetime": "2024-01-19 00:52:41", "elapsed": 2465.651934, "delta": 0.002595}}
{"target": -17.88125321680888, "params": {"gamma": 445.43136609476386, "log10_alpha": -5.0, "log10_colsample_bytree": -1.0, "log10_eta": -0.4570210655170718, "log10_lambda": -0.12323869706029252, "log10_min_child_weight": 0.0, "log10_subsample": -1.0, "max_depth": 4.0, "num_boost_round": 13.0}, "datetime": {"datetime": "2024-01-19 00:52:41", "elapsed": 2465.654183, "delta": 0.002249}}
{"target": -17.892574512604405, "params": {"gamma": 445.43136609476386, "log10_alpha": -5.0, "log10_colsample_bytree": -1.0, "log10_eta": -0.4570210655170718, "log10_lambda": -0.12323869706029252, "log10_min_child_weight": 0.0, "log10_subsample": -1.0, "max_depth": 4.0, "num_boost_round": 14.0}, "datetime": {"datetime": "2024-01-19 00:52:41", "elapsed": 2465.656306, "delta": 0.002123}}
{"target": -17.894245197416588, "params": {"gamma": 445.43136609476386, "log10_alpha": -5.0, "log10_colsample_bytree": -1.0, "log10_eta": -0.4570210655170718, "log10_lambda": -0.12323869706029252, "log10_min_child_weight": 0.0, "log10_subsample": -1.0, "max_depth": 4.0, "num_boost_round": 15.0}, "datetime": {"datetime": "2024-01-19 00:52:41", "elapsed": 2465.658437, "delta": 0.002131}}
{"target": -17.6769757757186, "params": {"gamma": 438.99200326957845, "log10_alpha": -1.0586170592131552, "log10_colsample_bytree": -0.6975144058255384, "log10_eta": -1.7398169475318808, "log10_lambda": 0.4398123088448802, "log10_min_child_weight": 0.7568464702572331, "log10_subsample": -0.05481302476499994, "max_depth": 5.0, "num_boost_round": 0.0}, "datetime": {"datetime": "2024-01-19 00:53:09", "elapsed": 2494.376123, "delta": 28.717686}}
{"target": -17.67625598469444, "params": {"gamma": 438.99200326957845, "log10_alpha": -1.0586170592131552, "log10_colsample_bytree": -0.6975144058255384, "log10_eta": -1.7398169475318808, "log10_lambda": 0.4398123088448802, "log10_min_child_weight": 0.7568464702572331, "log10_subsample": -0.05481302476499994, "max_depth": 5.0, "num_boost_round": 1.0}, "datetime": {"datetime": "2024-01-19 00:53:09", "elapsed": 2494.378933, "delta": 0.00281}}
{"target": -17.675675389814984, "params": {"gamma": 438.99200326957845, "log10_alpha": -1.0586170592131552, "log10_colsample_bytree": -0.6975144058255384, "log10_eta": -1.7398169475318808, "log10_lambda": 0.4398123088448802, "log10_min_child_weight": 0.7568464702572331, "log10_subsample": -0.05481302476499994, "max_depth": 5.0, "num_boost_round": 2.0}, "datetime": {"datetime": "2024-01-19 00:53:09", "elapsed": 2494.381386, "delta": 0.002453}}
{"target": -17.6761299544262, "params": {"gamma": 438.99200326957845, "log10_alpha": -1.0586170592131552, "log10_colsample_bytree": -0.6975144058255384, "log10_eta": -1.7398169475318808, "log10_lambda": 0.4398123088448802, "log10_min_child_weight": 0.7568464702572331, "log10_subsample": -0.05481302476499994, "max_depth": 5.0, "num_boost_round": 3.0}, "datetime": {"datetime": "2024-01-19 00:53:09", "elapsed": 2494.383576, "delta": 0.00219}}
{"target": -17.67506780585853, "params": {"gamma": 438.99200326957845, "log10_alpha": -1.0586170592131552, "log10_colsample_bytree": -0.6975144058255384, "log10_eta": -1.7398169475318808, "log10_lambda": 0.4398123088448802, "log10_min_child_weight": 0.7568464702572331, "log10_subsample": -0.05481302476499994, "max_depth": 5.0, "num_boost_round": 4.0}, "datetime": {"datetime": "2024-01-19 00:53:09", "elapsed": 2494.385772, "delta": 0.002196}}
{"target": -17.67473773710792, "params": {"gamma": 438.99200326957845, "log10_alpha": -1.0586170592131552, "log10_colsample_bytree": -0.6975144058255384, "log10_eta": -1.7398169475318808, "log10_lambda": 0.4398123088448802, "log10_min_child_weight": 0.7568464702572331, "log10_subsample": -0.05481302476499994, "max_depth": 5.0, "num_boost_round": 5.0}, "datetime": {"datetime": "2024-01-19 00:53:09", "elapsed": 2494.387943, "delta": 0.002171}}
{"target": -17.67438921943913, "params": {"gamma": 438.99200326957845, "log10_alpha": -1.0586170592131552, "log10_colsample_bytree": -0.6975144058255384, "log10_eta": -1.7398169475318808, "log10_lambda": 0.4398123088448802, "log10_min_child_weight": 0.7568464702572331, "log10_subsample": -0.05481302476499994, "max_depth": 5.0, "num_boost_round": 6.0}, "datetime": {"datetime": "2024-01-19 00:53:09", "elapsed": 2494.390136, "delta": 0.002193}}
{"target": -17.673678098848786, "params": {"gamma": 438.99200326957845, "log10_alpha": -1.0586170592131552, "log10_colsample_bytree": -0.6975144058255384, "log10_eta": -1.7398169475318808, "log10_lambda": 0.4398123088448802, "log10_min_child_weight": 0.7568464702572331, "log10_subsample": -0.05481302476499994, "max_depth": 5.0, "num_boost_round": 7.0}, "datetime": {"datetime": "2024-01-19 00:53:09", "elapsed": 2494.392285, "delta": 0.002149}}
{"target": -17.673177403425424, "params": {"gamma": 438.99200326957845, "log10_alpha": -1.0586170592131552, "log10_colsample_bytree": -0.6975144058255384, "log10_eta": -1.7398169475318808, "log10_lambda": 0.4398123088448802, "log10_min_child_weight": 0.7568464702572331, "log10_subsample": -0.05481302476499994, "max_depth": 5.0, "num_boost_round": 8.0}, "datetime": {"datetime": "2024-01-19 00:53:09", "elapsed": 2494.39456, "delta": 0.002275}}
{"target": -17.672654624429427, "params": {"gamma": 438.99200326957845, "log10_alpha": -1.0586170592131552, "log10_colsample_bytree": -0.6975144058255384, "log10_eta": -1.7398169475318808, "log10_lambda": 0.4398123088448802, "log10_min_child_weight": 0.7568464702572331, "log10_subsample": -0.05481302476499994, "max_depth": 5.0, "num_boost_round": 9.0}, "datetime": {"datetime": "2024-01-19 00:53:09", "elapsed": 2494.39672, "delta": 0.00216}}
{"target": -17.677226872971847, "params": {"gamma": 444.6742742115257, "log10_alpha": -4.066763850642431, "log10_colsample_bytree": -0.7570850034653401, "log10_eta": -3.8880414036531517, "log10_lambda": -3.4547068144408577, "log10_min_child_weight": 2.669940575916518, "log10_subsample": -0.8263027216892466, "max_depth": 4.0, "num_boost_round": 0.0}, "datetime": {"datetime": "2024-01-19 00:53:44", "elapsed": 2528.733403, "delta": 34.336683}}
{"target": -17.677223595555247, "params": {"gamma": 444.6742742115257, "log10_alpha": -4.066763850642431, "log10_colsample_bytree": -0.7570850034653401, "log10_eta": -3.8880414036531517, "log10_lambda": -3.4547068144408577, "log10_min_child_weight": 2.669940575916518, "log10_subsample": -0.8263027216892466, "max_depth": 4.0, "num_boost_round": 1.0}, "datetime": {"datetime": "2024-01-19 00:53:44", "elapsed": 2528.735748, "delta": 0.002345}}
{"target": -17.67721987464691, "params": {"gamma": 444.6742742115257, "log10_alpha": -4.066763850642431, "log10_colsample_bytree": -0.7570850034653401, "log10_eta": -3.8880414036531517, "log10_lambda": -3.4547068144408577, "log10_min_child_weight": 2.669940575916518, "log10_subsample": -0.8263027216892466, "max_depth": 4.0, "num_boost_round": 2.0}, "datetime": {"datetime": "2024-01-19 00:53:44", "elapsed": 2528.737933, "delta": 0.002185}}
