{"target": -13.759280258718956, "params": {"gamma": 843.7781621551534, "log10_alpha": -2.211396770170538, "log10_colsample_bytree": -0.14730577713005966, "log10_eta": -1.5949217547782975, "log10_lambda": -4.366538165185151, "log10_min_child_weight": 3.881349465764053, "log10_subsample": -0.39144164498057754, "max_depth": 5.0, "num_boost_round": 3.0}, "datetime": {"datetime": "2024-01-19 00:42:34", "elapsed": 1874.222187, "delta": 0.002391}}
{"target": -13.759437988504367, "params": {"gamma": 843.7781621551534, "log10_alpha": -2.211396770170538, "log10_colsample_bytree": -0.14730577713005966, "log10_eta": -1.5949217547782975, "log10_lambda": -4.366538165185151, "log10_min_child_weight": 3.881349465764053, "log10_subsample": -0.39144164498057754, "max_depth": 5.0, "num_boost_round": 4.0}, "datetime": {"datetime": "2024-01-19 00:42:34", "elapsed": 1874.224263, "delta": 0.002076}}
{"target": -13.759576846193871, "params": {"gamma": 843.7781621551534, "log10_alpha": -2.211396770170538, "log10_colsample_bytree": -0.14730577713005966, "log10_eta": -1.5949217547782975, "log10_lambda": -4.366538165185151, "log10_min_child_weight": 3.881349465764053, "log10_subsample": -0.39144164498057754, "max_depth": 5.0, "num_boost_round": 5.0}, "datetime": {"datetime": "2024-01-19 00:42:34", "elapsed": 1874.226314, "delta": 0.002051}}
{"target": -13.759950133034785, "params": {"gamma": 843.7781621551534, "log10_alpha": -2.211396770170538, "log10_colsample_bytree": -0.14730577713005966, "log10_eta": -1.5949217547782975, "log10_lambda": -4.366538165185151, "log10_min_child_weight": 3.881349465764053, "log10_subsample": -0.39144164498057754, "max_depth": 5.0, "num_boost_round": 6.0}, "datetime": {"datetime": "2024-01-19 00:42:34", "elapsed": 1874.228299, "delta": 0.001985}}
{"target": -13.759903965679657, "params": {"gamma": 843.7781621551534, "log10_alpha": -2.211396770170538, "log10_colsample_bytree": -0.14730577713005966, "log10_eta": -1.5949217547782975, "log10_lambda": -4.366538165185151, "log10_min_child_weight": 3.881349465764053, "log10_subsample": -0.39144164498057754, "max_depth": 5.0, "num_boost_round": 7.0}, "datetime": {"datetime": "2024-01-19 00:42:34", "elapsed": 1874.230271, "delta": 0.001972}}
{"target": -13.76012575371089, "params": {"gamma": 843.7781621551534, "log10_alpha": -2.211396770170538, "log10_colsample_bytree": -0.14730577713005966, "log10_eta": -1.5949217547782975, "log10_lambda": -4.366538165185151, "log10_min_child_weight": 3.881349465764053, "log10_subsample": -0.39144164498057754, "max_depth": 5.0, "num_boost_round": 8.0}, "datetime": {"datetime": "2024-01-19 00:42:34", "elapsed": 1874.232234, "delta": 0.001963}}
{"target": -13.760186031538193, "params": {"gamma": 843.7781621551534, "log10_alpha": -2.211396770170538, "log10_colsample_bytree": -0.14730577713005966, "log10_eta": -1.5949217547782975, "log10_lambda": -4.366538165185151, "log10_min_child_weight": 3.881349465764053, "log10_subsample": -0.39144164498057754, "max_depth": 5.0, "num_boost_round": 9.0}, "datetime": {"datetime": "2024-01-19 00:42:34", "elapsed": 1874.234261, "delta": 0.002027}}
{"target": -13.760181690972802, "params": {"gamma": 843.7781621551534, "log10_alpha": -2.211396770170538, "log10_colsample_bytree": -0.14730577713005966, "log10_eta": -1.5949217547782975, "log10_lambda": -4.366538165185151, "log10_min_child_weight": 3.881349465764053, "log10_subsample": -0.39144164498057754, "max_depth": 5.0, "num_boost_round": 10.0}, "datetime": {"datetime": "2024-01-19 00:42:34", "elapsed": 1874.236211, "delta": 0.00195}}
{"target": -13.75964438263246, "params": {"gamma": 843.7781621551534, "log10_alpha": -2.211396770170538, "log10_colsample_bytree": -0.14730577713005966, "log10_eta": -1.5949217547782975, "log10_lambda": -4.366538165185151, "log10_min_child_weight": 3.881349465764053, "log10_subsample": -0.39144164498057754, "max_depth": 5.0, "num_boost_round": 11.0}, "datetime": {"datetime": "2024-01-19 00:42:34", "elapsed": 1874.238149, "delta": 0.001938}}
{"target": -13.76020863437229, "params": {"gamma": 843.7781621551534, "log10_alpha": -2.211396770170538, "log10_colsample_bytree": -0.14730577713005966, "log10_eta": -1.5949217547782975, "log10_lambda": -4.366538165185151, "log10_min_child_weight": 3.881349465764053, "log10_subsample": -0.39144164498057754, "max_depth": 5.0, "num_boost_round": 12.0}, "datetime": {"datetime": "2024-01-19 00:42:34", "elapsed": 1874.240318, "delta": 0.002169}}
{"target": -13.7604550464254, "params": {"gamma": 843.7781621551534, "log10_alpha": -2.211396770170538, "log10_colsample_bytree": -0.14730577713005966, "log10_eta": -1.5949217547782975, "log10_lambda": -4.366538165185151, "log10_min_child_weight": 3.881349465764053, "log10_subsample": -0.39144164498057754, "max_depth": 5.0, "num_boost_round": 13.0}, "datetime": {"datetime": "2024-01-19 00:42:34", "elapsed": 1874.242306, "delta": 0.001988}}
{"target": -13.760722209269403, "params": {"gamma": 843.7781621551534, "log10_alpha": -2.211396770170538, "log10_colsample_bytree": -0.14730577713005966, "log10_eta": -1.5949217547782975, "log10_lambda": -4.366538165185151, "log10_min_child_weight": 3.881349465764053, "log10_subsample": -0.39144164498057754, "max_depth": 5.0, "num_boost_round": 14.0}, "datetime": {"datetime": "2024-01-19 00:42:34", "elapsed": 1874.244259, "delta": 0.001953}}
{"target": -13.758527519869176, "params": {"gamma": 840.8540499139768, "log10_alpha": -2.9941637638780296, "log10_colsample_bytree": -0.8358778517780795, "log10_eta": -2.54346030642313, "log10_lambda": -3.132015261181249, "log10_min_child_weight": 4.433786391732496, "log10_subsample": -0.07780120375540267, "max_depth": 7.0, "num_boost_round": 0.0}, "datetime": {"datetime": "2024-01-19 00:43:01", "elapsed": 1901.820549, "delta": 27.57629}}
{"target": -13.758516698243064, "params": {"gamma": 840.8540499139768, "log10_alpha": -2.9941637638780296, "log10_colsample_bytree": -0.8358778517780795, "log10_eta": -2.54346030642313, "log10_lambda": -3.132015261181249, "log10_min_child_weight": 4.433786391732496, "log10_subsample": -0.07780120375540267, "max_depth": 7.0, "num_boost_round": 1.0}, "datetime": {"datetime": "2024-01-19 00:43:01", "elapsed": 1901.823066, "delta": 0.002517}}
{"target": -13.758495527749917, "params": {"gamma": 840.8540499139768, "log10_alpha": -2.9941637638780296, "log10_colsample_bytree": -0.8358778517780795, "log10_eta": -2.54346030642313, "log10_lambda": -3.132015261181249, "log10_min_child_weight": 4.433786391732496, "log10_subsample": -0.07780120375540267, "max_depth": 7.0, "num_boost_round": 2.0}, "datetime": {"datetime": "2024-01-19 00:43:01", "elapsed": 1901.825069, "delta": 0.002003}}
{"target": -13.758476359538179, "params": {"gamma": 840.8540499139768, "log10_alpha": -2.9941637638780296, "log10_colsample_bytree": -0.8358778517780795, "log10_eta": -2.54346030642313, "log10_lambda": -3.132015261181249, "log10_min_child_weight": 4.433786391732496, "log10_subsample": -0.07780120375540267, "max_depth": 7.0, "num_boost_round": 3.0}, "datetime": {"datetime": "2024-01-19 00:43:01", "elapsed": 1901.827062, "delta": 0.001993}}
{"target": -13.758466525980348, "params": {"gamma": 840.8540499139768, "log10_alpha": -2.9941637638780296, "log10_colsample_bytree": -0.8358778517780795, "log10_eta": -2.54346030642313, "log10_lambda": -3.132015261181249, "log10_min_child_weight": 4.433786391732496, "log10_subsample": -0.07780120375540267, "max_depth": 7.0, "num_boost_round": 4.0}, "datetime": {"datetime": "2024-01-19 00:43:01", "elapsed": 1901.829045, "delta": 0.001983}}
{"target": -13.758467362830611, "params": {"gamma": 840.8540499139768, "log10_alpha": -2.9941637638780296, "log10_colsample_bytree": -0.8358778517780795, "log10_eta": -2.54346030642313, "log10_lambda": -3.132015261181249, "log10_min_child_weight": 4.433786391732496, "log10_subsample": -0.07780120375540267, "max_depth": 7.0, "num_boost_round": 5.0}, "datetime": {"datetime": "2024-01-19 00:43:01", "elapsed": 1901.831033, "delta": 0.001988}}
{"target": -13.758480329784941, "params": {"gamma": 840.8540499139768, "log10_alpha": -2.9941637638780296, "log10_colsample_bytree": -0.8358778517780795, "log10_eta": -2.54346030642313, "log10_lambda": -3.132015261181249, "log10_min_child_weight": 4.433786391732496, "log10_subsample": -0.07780120375540267, "max_depth": 7.0, "num_boost_round": 6.0}, "datetime": {"datetime": "2024-01-19 00:43:01", "elapsed": 1901.833228, "delta": 0.002195}}
{"target": -13.758435650359376, "params": {"gamma": 840.8540499139768, "log10_alpha": -2.9941637638780296, "log10_colsample_bytree": -0.8358778517780795, "log10_eta": -2.54346030642313, "log10_lambda": -3.132015261181249, "log10_min_child_weight": 4.433786391732496, "log10_subsample": -0.07780120375540267, "max_depth": 7.0, "num_boost_round": 7.0}, "datetime": {"datetime": "2024-01-19 00:43:01", "elapsed": 1901.836283, "delta": 0.003055}}
{"target": -13.758445624391786, "params": {"gamma": 840.8540499139768, "log10_alpha": -2.9941637638780296, "log10_colsample_bytree": -0.8358778517780795, "log10_eta": -2.54346030642313, "log10_lambda": -3.132015261181249, "log10_min_child_weight": 4.433786391732496, "log10_subsample": -0.07780120375540267, "max_depth": 7.0, "num_boost_round": 8.0}, "datetime": {"datetime": "2024-01-19 00:43:01", "elapsed": 1901.838814, "delta": 0.002531}}
{"target": -13.758466987604168, "params": {"gamma": 840.8540499139768, "log10_alpha": -2.9941637638780296, "log10_colsample_bytree": -0.8358778517780795, "log10_eta": -2.54346030642313, "log10_lambda": -3.132015261181249, "log10_min_child_weight": 4.433786391732496, "log10_subsample": -0.07780120375540267, "max_depth": 7.0, "num_boost_round": 9.0}, "datetime": {"datetime": "2024-01-19 00:43:01", "elapsed": 1901.840891, "delta": 0.002077}}
{"target": -13.758412925640807, "params": {"gamma": 840.8540499139768, "log10_alpha": -2.9941637638780296, "log10_colsample_bytree": -0.8358778517780795, "log10_eta": -2.54346030642313, "log10_lambda": -3.132015261181249, "log10_min_child_weight": 4.433786391732496, "log10_subsample": -0.07780120375540267, "max_depth": 7.0, "num_boost_round": 10.0}, "datetime": {"datetime": "2024-01-19 00:43:01", "elapsed": 1901.843034, "delta": 0.002143}}
{"target": -13.758425136642392, "params": {"gamma": 840.8540499139768, "log10_alpha": -2.9941637638780296, "log10_colsample_bytree": -0.8358778517780795, "log10_eta": -2.54346030642313, "log10_lambda": -3.132015261181249, "log10_min_child_weight": 4.433786391732496, "log10_subsample": -0.07780120375540267, "max_depth": 7.0, "num_boost_round": 11.0}, "datetime": {"datetime": "2024-01-19 00:43:01", "elapsed": 1901.845137, "delta": 0.002103}}
{"target": -13.758454946750321, "params": {"gamma": 840.8540499139768, "log10_alpha": -2.9941637638780296, "log10_colsample_bytree": -0.8358778517780795, "log10_eta": -2.54346030642313, "log10_lambda": -3.132015261181249, "log10_min_child_weight": 4.433786391732496, "log10_subsample": -0.07780120375540267, "max_depth": 7.0, "num_boost_round": 12.0}, "datetime": {"datetime": "2024-01-19 00:43:01", "elapsed": 1901.847215, "delta": 0.002078}}
{"target": -13.758428829548171, "params": {"gamma": 840.8540499139768, "log10_alpha": -2.9941637638780296, "log10_colsample_bytree": -0.8358778517780795, "log10_eta": -2.54346030642313, "log10_lambda": -3.132015261181249, "log10_min_child_weight": 4.433786391732496, "log10_subsample": -0.07780120375540267, "max_depth": 7.0, "num_boost_round": 13.0}, "datetime": {"datetime": "2024-01-19 00:43:01", "elapsed": 1901.84922, "delta": 0.002005}}
{"target": -13.758413193853812, "params": {"gamma": 840.8540499139768, "log10_alpha": -2.9941637638780296, "log10_colsample_bytree": -0.8358778517780795, "log10_eta": -2.54346030642313, "log10_lambda": -3.132015261181249, "log10_min_child_weight": 4.433786391732496, "log10_subsample": -0.07780120375540267, "max_depth": 7.0, "num_boost_round": 14.0}, "datetime": {"datetime": "2024-01-19 00:43:01", "elapsed": 1901.851179, "delta": 0.001959}}
{"target": -13.758393029096734, "params": {"gamma": 840.8540499139768, "log10_alpha": -2.9941637638780296, "log10_colsample_bytree": -0.8358778517780795, "log10_eta": -2.54346030642313, "log10_lambda": -3.132015261181249, "log10_min_child_weight": 4.433786391732496, "log10_subsample": -0.07780120375540267, "max_depth": 7.0, "num_boost_round": 15.0}, "datetime": {"datetime": "2024-01-19 00:43:01", "elapsed": 1901.853212, "delta": 0.002033}}
{"target": -13.758502662722242, "params": {"gamma": 842.6461770630524, "log10_alpha": -1.3108287830605008, "log10_colsample_bytree": -0.7397130290446075, "log10_eta": -3.01399368436467, "log10_lambda": -4.569042900900076, "log10_min_child_weight": 2.125625931707544, "log10_subsample": -0.2822955382439587, "max_depth": 7.0, "num_boost_round": 0.0}, "datetime": {"datetime": "2024-01-19 00:43:28", "elapsed": 1928.0742, "delta": 26.220988}}
{"target": -13.758452060839724, "params": {"gamma": 842.6461770630524, "log10_alpha": -1.3108287830605008, "log10_colsample_bytree": -0.7397130290446075, "log10_eta": -3.01399368436467, "log10_lambda": -4.569042900900076, "log10_min_child_weight": 2.125625931707544, "log10_subsample": -0.2822955382439587, "max_depth": 7.0, "num_boost_round": 1.0}, "datetime": {"datetime": "2024-01-19 00:43:28", "elapsed": 1928.076712, "delta": 0.002512}}
{"target": -13.758423419040763, "params": {"gamma": 842.6461770630524, "log10_alpha": -1.3108287830605008, "log10_colsample_bytree": -0.7397130290446075, "log10_eta": -3.01399368436467, "log10_lambda": -4.569042900900076, "log10_min_child_weight": 2.125625931707544, "log10_subsample": -0.2822955382439587, "max_depth": 7.0, "num_boost_round": 2.0}, "datetime": {"datetime": "2024-01-19 00:43:28", "elapsed": 1928.078948, "delta": 0.002236}}
{"target": -13.758337111441135, "params": {"gamma": 842.6461770630524, "log10_alpha": -1.3108287830605008, "log10_colsample_bytree": -0.7397130290446075, "log10_eta": -3.01399368436467, "log10_lambda": -4.569042900900076, "log10_min_child_weight": 2.125625931707544, "log10_subsample": -0.2822955382439587, "max_depth": 7.0, "num_boost_round": 3.0}, "datetime": {"datetime": "2024-01-19 00:43:28", "elapsed": 1928.081197, "delta": 0.002249}}
{"target": -13.758304984094188, "params": {"gamma": 842.6461770630524, "log10_alpha": -1.3108287830605008, "log10_colsample_bytree": -0.7397130290446075, "log10_eta": -3.01399368436467, "log10_lambda": -4.569042900900076, "log10_min_child_weight": 2.125625931707544, "log10_subsample": -0.2822955382439587, "max_depth": 7.0, "num_boost_round": 4.0}, "datetime": {"datetime": "2024-01-19 00:43:28", "elapsed": 1928.083263, "delta": 0.002066}}
{"target": -13.758291367228939, "params": {"gamma": 842.6461770630524, "log10_alpha": -1.3108287830605008, "log10_colsample_bytree": -0.7397130290446075, "log10_eta": -3.01399368436467, "log10_lambda": -4.569042900900076, "log10_min_child_weight": 2.125625931707544, "log10_subsample": -0.2822955382439587, "max_depth": 7.0, "num_boost_round": 5.0}, "datetime": {"datetime": "2024-01-19 00:43:28", "elapsed": 1928.085371, "delta": 0.002108}}
{"target": -13.758288326951861, "params": {"gamma": 842.6461770630524, "log10_alpha": -1.3108287830605008, "log10_colsample_bytree": -0.7397130290446075, "log10_eta": -3.01399368436467, "log10_lambda": -4.569042900900076, "log10_min_child_weight": 2.125625931707544, "log10_subsample": -0.2822955382439587, "max_depth": 7.0, "num_boost_round": 6.0}, "datetime": {"datetime": "2024-01-19 00:43:28", "elapsed": 1928.087348, "delta": 0.001977}}
{"target": -13.758239881336065, "params": {"gamma": 842.6461770630524, "log10_alpha": -1.3108287830605008, "log10_colsample_bytree": -0.7397130290446075, "log10_eta": -3.01399368436467, "log10_lambda": -4.569042900900076, "log10_min_child_weight": 2.125625931707544, "log10_subsample": -0.2822955382439587, "max_depth": 7.0, "num_boost_round": 7.0}, "datetime": {"datetime": "2024-01-19 00:43:28", "elapsed": 1928.089362, "delta": 0.002014}}
{"target": -13.758218621442683, "params": {"gamma": 842.6461770630524, "log10_alpha": -1.3108287830605008, "log10_colsample_bytree": -0.7397130290446075, "log10_eta": -3.01399368436467, "log10_lambda": -4.569042900900076, "log10_min_child_weight": 2.125625931707544, "log10_subsample": -0.2822955382439587, "max_depth": 7.0, "num_boost_round": 8.0}, "datetime": {"datetime": "2024-01-19 00:43:28", "elapsed": 1928.091337, "delta": 0.001975}}
{"target": -13.758220265809383, "params": {"gamma": 842.6461770630524, "log10_alpha": -1.3108287830605008, "log10_colsample_bytree": -0.7397130290446075, "log10_eta": -3.01399368436467, "log10_lambda": -4.569042900900076, "log10_min_child_weight": 2.125625931707544, "log10_subsample": -0.2822955382439587, "max_depth": 7.0, "num_boost_round": 9.0}, "datetime": {"datetime": "2024-01-19 00:43:28", "elapsed": 1928.093315, "delta": 0.001978}}
{"target": -13.758213757497408, "params": {"gamma": 842.6461770630524, "log10_alpha": -1.3108287830605008, "log10_colsample_bytree": -0.7397130290446075, "log10_eta": -3.01399368436467, "log10_lambda": -4.569042900900076, "log10_min_child_weight": 2.125625931707544, "log10_subsample": -0.2822955382439587, "max_depth": 7.0, "num_boost_round": 10.0}, "datetime": {"datetime": "2024-01-19 00:43:28", "elapsed": 1928.095329, "delta": 0.002014}}
{"target": -13.758198000466397, "params": {"gamma": 842.6461770630524, "log10_alpha": -1.3108287830605008, "log10_colsample_bytree": -0.7397130290446075, "log10_eta": -3.01399368436467, "log10_lambda": -4.569042900900076, "log10_min_child_weight": 2.125625931707544, "log10_subsample": -0.2822955382439587, "max_depth": 7.0, "num_boost_round": 11.0}, "datetime": {"datetime": "2024-01-19 00:43:28", "elapsed": 1928.097345, "delta": 0.002016}}
{"target": -13.75823544476941, "params": {"gamma": 842.6461770630524, "log10_alpha": -1.3108287830605008, "log10_colsample_bytree": -0.7397130290446075, "log10_eta": -3.01399368436467, "log10_lambda": -4.569042900900076, "log10_min_child_weight": 2.125625931707544, "log10_subsample": -0.2822955382439587, "max_depth": 7.0, "num_boost_round": 12.0}, "datetime": {"datetime": "2024-01-19 00:43:28", "elapsed": 1928.099369, "delta": 0.002024}}
{"target": -13.758182673068449, "params": {"gamma": 842.6461770630524, "log10_alpha": -1.3108287830605008, "log10_colsample_bytree": -0.7397130290446075, "log10_eta": -3.01399368436467, "log10_lambda": -4.569042900900076, "log10_min_child_weight": 2.125625931707544, "log10_subsample": -0.2822955382439587, "max_depth": 7.0, "num_boost_round": 13.0}, "datetime": {"datetime": "2024-01-19 00:43:28", "elapsed": 1928.101389, "delta": 0.00202}}
{"target": -13.758174158932633, "params": {"gamma": 842.6461770630524, "log10_alpha": -1.3108287830605008, "log10_colsample_bytree": -0.7397130290446075, "log10_eta": -3.01399368436467, "log10_lambda": -4.569042900900076, "log10_min_child_weight": 2.125625931707544, "log10_subsample": -0.2822955382439587, "max_depth": 7.0, "num_boost_round": 14.0}, "datetime": {"datetime": "2024-01-19 00:43:28", "elapsed": 1928.10344, "delta": 0.002051}}
{"target": -13.758106734544779, "params": {"gamma": 842.6461770630524, "log10_alpha": -1.3108287830605008, "log10_colsample_bytree": -0.7397130290446075, "log10_eta": -3.01399368436467, "log10_lambda": -4.569042900900076, "log10_min_child_weight": 2.125625931707544, "log10_subsample": -0.2822955382439587, "max_depth": 7.0, "num_boost_round": 15.0}, "datetime": {"datetime": "2024-01-19 00:43:28", "elapsed": 1928.105477, "delta": 0.002037}}
{"target": -13.758105357188393, "params": {"gamma": 842.6461770630524, "log10_alpha": -1.3108287830605008, "log10_colsample_bytree": -0.7397130290446075, "log10_eta": -3.01399368436467, "log10_lambda": -4.569042900900076, "log10_min_child_weight": 2.125625931707544, "log10_subsample": -0.2822955382439587, "max_depth": 7.0, "num_boost_round": 16.0}, "datetime": {"datetime": "2024-01-19 00:43:28", "elapsed": 1928.107509, "delta": 0.002032}}
{"target": -13.758987332786026, "params": {"gamma": 839.8607892390653, "log10_alpha": -4.760119450616822, "log10_colsample_bytree": -0.4936573229899247, "log10_eta": -1.1370251169841392, "log10_lambda": -1.8000416573439644, "log10_min_child_weight": 1.4755490612733584, "log10_subsample": -0.9341595270302082, "max_depth": 7.0, "num_boost_round": 0.0}, "datetime": {"datetime": "2024-01-19 00:43:50", "elapsed": 1950.511518, "delta": 22.404009}}
{"target": -13.753584837758138, "params": {"gamma": 839.8607892390653, "log10_alpha": -4.760119450616822, "log10_colsample_bytree": -0.4936573229899247, "log10_eta": -1.1370251169841392, "log10_lambda": -1.8000416573439644, "log10_min_child_weight": 1.4755490612733584, "log10_subsample": -0.9341595270302082, "max_depth": 7.0, "num_boost_round": 1.0}, "datetime": {"datetime": "2024-01-19 00:43:50", "elapsed": 1950.514237, "delta": 0.002719}}
{"target": -13.754380631547754, "params": {"gamma": 839.8607892390653, "log10_alpha": -4.760119450616822, "log10_colsample_bytree": -0.4936573229899247, "log10_eta": -1.1370251169841392, "log10_lambda": -1.8000416573439644, "log10_min_child_weight": 1.4755490612733584, "log10_subsample": -0.9341595270302082, "max_depth": 7.0, "num_boost_round": 2.0}, "datetime": {"datetime": "2024-01-19 00:43:50", "elapsed": 1950.516486, "delta": 0.002249}}
{"target": -13.755194967100095, "params": {"gamma": 839.8607892390653, "log10_alpha": -4.760119450616822, "log10_colsample_bytree": -0.4936573229899247, "log10_eta": -1.1370251169841392, "log10_lambda": -1.8000416573439644, "log10_min_child_weight": 1.4755490612733584, "log10_subsample": -0.9341595270302082, "max_depth": 7.0, "num_boost_round": 3.0}, "datetime": {"datetime": "2024-01-19 00:43:50", "elapsed": 1950.518583, "delta": 0.002097}}
