{"target": -17.674644307077696, "params": {"gamma": 411.79767987412464, "log10_alpha": -2.5710305353266683, "log10_colsample_bytree": -0.692555820348648, "log10_eta": -2.415341434311918, "log10_lambda": -4.442802922133353, "log10_min_child_weight": 0.017644311289207182, "log10_subsample": -0.9008180160271035, "max_depth": 7.0, "num_boost_round": 20.0}, "datetime": {"datetime": "2024-01-19 00:39:32", "elapsed": 1662.165424, "delta": 0.002486}}
{"target": -17.674284546836805, "params": {"gamma": 411.79767987412464, "log10_alpha": -2.5710305353266683, "log10_colsample_bytree": -0.692555820348648, "log10_eta": -2.415341434311918, "log10_lambda": -4.442802922133353, "log10_min_child_weight": 0.017644311289207182, "log10_subsample": -0.9008180160271035, "max_depth": 7.0, "num_boost_round": 21.0}, "datetime": {"datetime": "2024-01-19 00:39:32", "elapsed": 1662.16792, "delta": 0.002496}}
{"target": -17.673960038061768, "params": {"gamma": 411.79767987412464, "log10_alpha": -2.5710305353266683, "log10_colsample_bytree": -0.692555820348648, "log10_eta": -2.415341434311918, "log10_lambda": -4.442802922133353, "log10_min_child_weight": 0.017644311289207182, "log10_subsample": -0.9008180160271035, "max_depth": 7.0, "num_boost_round": 22.0}, "datetime": {"datetime": "2024-01-19 00:39:32", "elapsed": 1662.170404, "delta": 0.002484}}
{"target": -17.674069771608924, "params": {"gamma": 411.79767987412464, "log10_alpha": -2.5710305353266683, "log10_colsample_bytree": -0.692555820348648, "log10_eta": -2.415341434311918, "log10_lambda": -4.442802922133353, "log10_min_child_weight": 0.017644311289207182, "log10_subsample": -0.9008180160271035, "max_depth": 7.0, "num_boost_round": 23.0}, "datetime": {"datetime": "2024-01-19 00:39:32", "elapsed": 1662.172938, "delta": 0.002534}}
{"target": -17.674104679767428, "params": {"gamma": 411.79767987412464, "log10_alpha": -2.5710305353266683, "log10_colsample_bytree": -0.692555820348648, "log10_eta": -2.415341434311918, "log10_lambda": -4.442802922133353, "log10_min_child_weight": 0.017644311289207182, "log10_subsample": -0.9008180160271035, "max_depth": 7.0, "num_boost_round": 24.0}, "datetime": {"datetime": "2024-01-19 00:39:32", "elapsed": 1662.175438, "delta": 0.0025}}
{"target": -17.673911092202037, "params": {"gamma": 411.79767987412464, "log10_alpha": -2.5710305353266683, "log10_colsample_bytree": -0.692555820348648, "log10_eta": -2.415341434311918, "log10_lambda": -4.442802922133353, "log10_min_child_weight": 0.017644311289207182, "log10_subsample": -0.9008180160271035, "max_depth": 7.0, "num_boost_round": 25.0}, "datetime": {"datetime": "2024-01-19 00:39:32", "elapsed": 1662.177957, "delta": 0.002519}}
{"target": -17.673590188045118, "params": {"gamma": 411.79767987412464, "log10_alpha": -2.5710305353266683, "log10_colsample_bytree": -0.692555820348648, "log10_eta": -2.415341434311918, "log10_lambda": -4.442802922133353, "log10_min_child_weight": 0.017644311289207182, "log10_subsample": -0.9008180160271035, "max_depth": 7.0, "num_boost_round": 26.0}, "datetime": {"datetime": "2024-01-19 00:39:32", "elapsed": 1662.180445, "delta": 0.002488}}
{"target": -17.673318328218826, "params": {"gamma": 411.79767987412464, "log10_alpha": -2.5710305353266683, "log10_colsample_bytree": -0.692555820348648, "log10_eta": -2.415341434311918, "log10_lambda": -4.442802922133353, "log10_min_child_weight": 0.017644311289207182, "log10_subsample": -0.9008180160271035, "max_depth": 7.0, "num_boost_round": 27.0}, "datetime": {"datetime": "2024-01-19 00:39:32", "elapsed": 1662.183046, "delta": 0.002601}}
{"target": -17.67306616497062, "params": {"gamma": 411.79767987412464, "log10_alpha": -2.5710305353266683, "log10_colsample_bytree": -0.692555820348648, "log10_eta": -2.415341434311918, "log10_lambda": -4.442802922133353, "log10_min_child_weight": 0.017644311289207182, "log10_subsample": -0.9008180160271035, "max_depth": 7.0, "num_boost_round": 28.0}, "datetime": {"datetime": "2024-01-19 00:39:32", "elapsed": 1662.185549, "delta": 0.002503}}
{"target": -17.67273975747038, "params": {"gamma": 411.79767987412464, "log10_alpha": -2.5710305353266683, "log10_colsample_bytree": -0.692555820348648, "log10_eta": -2.415341434311918, "log10_lambda": -4.442802922133353, "log10_min_child_weight": 0.017644311289207182, "log10_subsample": -0.9008180160271035, "max_depth": 7.0, "num_boost_round": 29.0}, "datetime": {"datetime": "2024-01-19 00:39:32", "elapsed": 1662.188048, "delta": 0.002499}}
{"target": -17.6728059661595, "params": {"gamma": 411.79767987412464, "log10_alpha": -2.5710305353266683, "log10_colsample_bytree": -0.692555820348648, "log10_eta": -2.415341434311918, "log10_lambda": -4.442802922133353, "log10_min_child_weight": 0.017644311289207182, "log10_subsample": -0.9008180160271035, "max_depth": 7.0, "num_boost_round": 30.0}, "datetime": {"datetime": "2024-01-19 00:39:32", "elapsed": 1662.190541, "delta": 0.002493}}
{"target": -17.672480576503627, "params": {"gamma": 411.79767987412464, "log10_alpha": -2.5710305353266683, "log10_colsample_bytree": -0.692555820348648, "log10_eta": -2.415341434311918, "log10_lambda": -4.442802922133353, "log10_min_child_weight": 0.017644311289207182, "log10_subsample": -0.9008180160271035, "max_depth": 7.0, "num_boost_round": 31.0}, "datetime": {"datetime": "2024-01-19 00:39:32", "elapsed": 1662.193123, "delta": 0.002582}}
{"target": -17.672445575173047, "params": {"gamma": 411.79767987412464, "log10_alpha": -2.5710305353266683, "log10_colsample_bytree": -0.692555820348648, "log10_eta": -2.415341434311918, "log10_lambda": -4.442802922133353, "log10_min_child_weight": 0.017644311289207182, "log10_subsample": -0.9008180160271035, "max_depth": 7.0, "num_boost_round": 32.0}, "datetime": {"datetime": "2024-01-19 00:39:32", "elapsed": 1662.19564, "delta": 0.002517}}
{"target": -17.672381041742522, "params": {"gamma": 411.79767987412464, "log10_alpha": -2.5710305353266683, "log10_colsample_bytree": -0.692555820348648, "log10_eta": -2.415341434311918, "log10_lambda": -4.442802922133353, "log10_min_child_weight": 0.017644311289207182, "log10_subsample": -0.9008180160271035, "max_depth": 7.0, "num_boost_round": 33.0}, "datetime": {"datetime": "2024-01-19 00:39:32", "elapsed": 1662.198152, "delta": 0.002512}}
{"target": -17.672217929536423, "params": {"gamma": 411.79767987412464, "log10_alpha": -2.5710305353266683, "log10_colsample_bytree": -0.692555820348648, "log10_eta": -2.415341434311918, "log10_lambda": -4.442802922133353, "log10_min_child_weight": 0.017644311289207182, "log10_subsample": -0.9008180160271035, "max_depth": 7.0, "num_boost_round": 34.0}, "datetime": {"datetime": "2024-01-19 00:39:32", "elapsed": 1662.200669, "delta": 0.002517}}
{"target": -17.671968916998043, "params": {"gamma": 411.79767987412464, "log10_alpha": -2.5710305353266683, "log10_colsample_bytree": -0.692555820348648, "log10_eta": -2.415341434311918, "log10_lambda": -4.442802922133353, "log10_min_child_weight": 0.017644311289207182, "log10_subsample": -0.9008180160271035, "max_depth": 7.0, "num_boost_round": 35.0}, "datetime": {"datetime": "2024-01-19 00:39:32", "elapsed": 1662.203284, "delta": 0.002615}}
{"target": -17.671976929379476, "params": {"gamma": 411.79767987412464, "log10_alpha": -2.5710305353266683, "log10_colsample_bytree": -0.692555820348648, "log10_eta": -2.415341434311918, "log10_lambda": -4.442802922133353, "log10_min_child_weight": 0.017644311289207182, "log10_subsample": -0.9008180160271035, "max_depth": 7.0, "num_boost_round": 36.0}, "datetime": {"datetime": "2024-01-19 00:39:32", "elapsed": 1662.205784, "delta": 0.0025}}
{"target": -17.672038028754343, "params": {"gamma": 411.79767987412464, "log10_alpha": -2.5710305353266683, "log10_colsample_bytree": -0.692555820348648, "log10_eta": -2.415341434311918, "log10_lambda": -4.442802922133353, "log10_min_child_weight": 0.017644311289207182, "log10_subsample": -0.9008180160271035, "max_depth": 7.0, "num_boost_round": 37.0}, "datetime": {"datetime": "2024-01-19 00:39:32", "elapsed": 1662.208229, "delta": 0.002445}}
{"target": -17.67190194386019, "params": {"gamma": 411.79767987412464, "log10_alpha": -2.5710305353266683, "log10_colsample_bytree": -0.692555820348648, "log10_eta": -2.415341434311918, "log10_lambda": -4.442802922133353, "log10_min_child_weight": 0.017644311289207182, "log10_subsample": -0.9008180160271035, "max_depth": 7.0, "num_boost_round": 38.0}, "datetime": {"datetime": "2024-01-19 00:39:32", "elapsed": 1662.2107, "delta": 0.002471}}
{"target": -17.67194427426811, "params": {"gamma": 411.79767987412464, "log10_alpha": -2.5710305353266683, "log10_colsample_bytree": -0.692555820348648, "log10_eta": -2.415341434311918, "log10_lambda": -4.442802922133353, "log10_min_child_weight": 0.017644311289207182, "log10_subsample": -0.9008180160271035, "max_depth": 7.0, "num_boost_round": 39.0}, "datetime": {"datetime": "2024-01-19 00:39:32", "elapsed": 1662.213184, "delta": 0.002484}}
{"target": -17.67201333085848, "params": {"gamma": 411.79767987412464, "log10_alpha": -2.5710305353266683, "log10_colsample_bytree": -0.692555820348648, "log10_eta": -2.415341434311918, "log10_lambda": -4.442802922133353, "log10_min_child_weight": 0.017644311289207182, "log10_subsample": -0.9008180160271035, "max_depth": 7.0, "num_boost_round": 40.0}, "datetime": {"datetime": "2024-01-19 00:39:32", "elapsed": 1662.215632, "delta": 0.002448}}
{"target": -17.671797991530674, "params": {"gamma": 411.79767987412464, "log10_alpha": -2.5710305353266683, "log10_colsample_bytree": -0.692555820348648, "log10_eta": -2.415341434311918, "log10_lambda": -4.442802922133353, "log10_min_child_weight": 0.017644311289207182, "log10_subsample": -0.9008180160271035, "max_depth": 7.0, "num_boost_round": 41.0}, "datetime": {"datetime": "2024-01-19 00:39:32", "elapsed": 1662.218109, "delta": 0.002477}}
{"target": -17.67146048628816, "params": {"gamma": 411.79767987412464, "log10_alpha": -2.5710305353266683, "log10_colsample_bytree": -0.692555820348648, "log10_eta": -2.415341434311918, "log10_lambda": -4.442802922133353, "log10_min_child_weight": 0.017644311289207182, "log10_subsample": -0.9008180160271035, "max_depth": 7.0, "num_boost_round": 42.0}, "datetime": {"datetime": "2024-01-19 00:39:32", "elapsed": 1662.220604, "delta": 0.002495}}
{"target": -17.671367837832836, "params": {"gamma": 411.79767987412464, "log10_alpha": -2.5710305353266683, "log10_colsample_bytree": -0.692555820348648, "log10_eta": -2.415341434311918, "log10_lambda": -4.442802922133353, "log10_min_child_weight": 0.017644311289207182, "log10_subsample": -0.9008180160271035, "max_depth": 7.0, "num_boost_round": 43.0}, "datetime": {"datetime": "2024-01-19 00:39:32", "elapsed": 1662.223214, "delta": 0.00261}}
{"target": -17.671276176313803, "params": {"gamma": 411.79767987412464, "log10_alpha": -2.5710305353266683, "log10_colsample_bytree": -0.692555820348648, "log10_eta": -2.415341434311918, "log10_lambda": -4.442802922133353, "log10_min_child_weight": 0.017644311289207182, "log10_subsample": -0.9008180160271035, "max_depth": 7.0, "num_boost_round": 44.0}, "datetime": {"datetime": "2024-01-19 00:39:32", "elapsed": 1662.225728, "delta": 0.002514}}
{"target": -17.67099212892102, "params": {"gamma": 411.79767987412464, "log10_alpha": -2.5710305353266683, "log10_colsample_bytree": -0.692555820348648, "log10_eta": -2.415341434311918, "log10_lambda": -4.442802922133353, "log10_min_child_weight": 0.017644311289207182, "log10_subsample": -0.9008180160271035, "max_depth": 7.0, "num_boost_round": 45.0}, "datetime": {"datetime": "2024-01-19 00:39:32", "elapsed": 1662.228252, "delta": 0.002524}}
{"target": -17.67096284418552, "params": {"gamma": 411.79767987412464, "log10_alpha": -2.5710305353266683, "log10_colsample_bytree": -0.692555820348648, "log10_eta": -2.415341434311918, "log10_lambda": -4.442802922133353, "log10_min_child_weight": 0.017644311289207182, "log10_subsample": -0.9008180160271035, "max_depth": 7.0, "num_boost_round": 46.0}, "datetime": {"datetime": "2024-01-19 00:39:32", "elapsed": 1662.230774, "delta": 0.002522}}
{"target": -17.670730108956107, "params": {"gamma": 411.79767987412464, "log10_alpha": -2.5710305353266683, "log10_colsample_bytree": -0.692555820348648, "log10_eta": -2.415341434311918, "log10_lambda": -4.442802922133353, "log10_min_child_weight": 0.017644311289207182, "log10_subsample": -0.9008180160271035, "max_depth": 7.0, "num_boost_round": 47.0}, "datetime": {"datetime": "2024-01-19 00:39:32", "elapsed": 1662.233322, "delta": 0.002548}}
{"target": -17.670670438540988, "params": {"gamma": 411.79767987412464, "log10_alpha": -2.5710305353266683, "log10_colsample_bytree": -0.692555820348648, "log10_eta": -2.415341434311918, "log10_lambda": -4.442802922133353, "log10_min_child_weight": 0.017644311289207182, "log10_subsample": -0.9008180160271035, "max_depth": 7.0, "num_boost_round": 48.0}, "datetime": {"datetime": "2024-01-19 00:39:32", "elapsed": 1662.235834, "delta": 0.002512}}
{"target": -17.670806161304764, "params": {"gamma": 411.79767987412464, "log10_alpha": -2.5710305353266683, "log10_colsample_bytree": -0.692555820348648, "log10_eta": -2.415341434311918, "log10_lambda": -4.442802922133353, "log10_min_child_weight": 0.017644311289207182, "log10_subsample": -0.9008180160271035, "max_depth": 7.0, "num_boost_round": 49.0}, "datetime": {"datetime": "2024-01-19 00:39:32", "elapsed": 1662.23834, "delta": 0.002506}}
{"target": -17.670707930103948, "params": {"gamma": 411.79767987412464, "log10_alpha": -2.5710305353266683, "log10_colsample_bytree": -0.692555820348648, "log10_eta": -2.415341434311918, "log10_lambda": -4.442802922133353, "log10_min_child_weight": 0.017644311289207182, "log10_subsample": -0.9008180160271035, "max_depth": 7.0, "num_boost_round": 50.0}, "datetime": {"datetime": "2024-01-19 00:39:32", "elapsed": 1662.240862, "delta": 0.002522}}
{"target": -17.670477763973725, "params": {"gamma": 411.79767987412464, "log10_alpha": -2.5710305353266683, "log10_colsample_bytree": -0.692555820348648, "log10_eta": -2.415341434311918, "log10_lambda": -4.442802922133353, "log10_min_child_weight": 0.017644311289207182, "log10_subsample": -0.9008180160271035, "max_depth": 7.0, "num_boost_round": 51.0}, "datetime": {"datetime": "2024-01-19 00:39:32", "elapsed": 1662.243623, "delta": 0.002761}}
{"target": -17.670665756544768, "params": {"gamma": 411.79767987412464, "log10_alpha": -2.5710305353266683, "log10_colsample_bytree": -0.692555820348648, "log10_eta": -2.415341434311918, "log10_lambda": -4.442802922133353, "log10_min_child_weight": 0.017644311289207182, "log10_subsample": -0.9008180160271035, "max_depth": 7.0, "num_boost_round": 52.0}, "datetime": {"datetime": "2024-01-19 00:39:32", "elapsed": 1662.246305, "delta": 0.002682}}
{"target": -17.670456730196772, "params": {"gamma": 411.79767987412464, "log10_alpha": -2.5710305353266683, "log10_colsample_bytree": -0.692555820348648, "log10_eta": -2.415341434311918, "log10_lambda": -4.442802922133353, "log10_min_child_weight": 0.017644311289207182, "log10_subsample": -0.9008180160271035, "max_depth": 7.0, "num_boost_round": 53.0}, "datetime": {"datetime": "2024-01-19 00:39:32", "elapsed": 1662.249022, "delta": 0.002717}}
{"target": -17.670532456755243, "params": {"gamma": 411.79767987412464, "log10_alpha": -2.5710305353266683, "log10_colsample_bytree": -0.692555820348648, "log10_eta": -2.415341434311918, "log10_lambda": -4.442802922133353, "log10_min_child_weight": 0.017644311289207182, "log10_subsample": -0.9008180160271035, "max_depth": 7.0, "num_boost_round": 54.0}, "datetime": {"datetime": "2024-01-19 00:39:32", "elapsed": 1662.25162, "delta": 0.002598}}
{"target": -17.670532335212357, "params": {"gamma": 411.79767987412464, "log10_alpha": -2.5710305353266683, "log10_colsample_bytree": -0.692555820348648, "log10_eta": -2.415341434311918, "log10_lambda": -4.442802922133353, "log10_min_child_weight": 0.017644311289207182, "log10_subsample": -0.9008180160271035, "max_depth": 7.0, "num_boost_round": 55.0}, "datetime": {"datetime": "2024-01-19 00:39:32", "elapsed": 1662.254161, "delta": 0.002541}}
{"target": -17.670491750105278, "params": {"gamma": 411.79767987412464, "log10_alpha": -2.5710305353266683, "log10_colsample_bytree": -0.692555820348648, "log10_eta": -2.415341434311918, "log10_lambda": -4.442802922133353, "log10_min_child_weight": 0.017644311289207182, "log10_subsample": -0.9008180160271035, "max_depth": 7.0, "num_boost_round": 56.0}, "datetime": {"datetime": "2024-01-19 00:39:32", "elapsed": 1662.256709, "delta": 0.002548}}
{"target": -17.670244524787883, "params": {"gamma": 411.79767987412464, "log10_alpha": -2.5710305353266683, "log10_colsample_bytree": -0.692555820348648, "log10_eta": -2.415341434311918, "log10_lambda": -4.442802922133353, "log10_min_child_weight": 0.017644311289207182, "log10_subsample": -0.9008180160271035, "max_depth": 7.0, "num_boost_round": 57.0}, "datetime": {"datetime": "2024-01-19 00:39:32", "elapsed": 1662.259235, "delta": 0.002526}}
{"target": -17.670024891884935, "params": {"gamma": 411.79767987412464, "log10_alpha": -2.5710305353266683, "log10_colsample_bytree": -0.692555820348648, "log10_eta": -2.415341434311918, "log10_lambda": -4.442802922133353, "log10_min_child_weight": 0.017644311289207182, "log10_subsample": -0.9008180160271035, "max_depth": 7.0, "num_boost_round": 58.0}, "datetime": {"datetime": "2024-01-19 00:39:32", "elapsed": 1662.26192, "delta": 0.002685}}
{"target": -17.66989499602502, "params": {"gamma": 411.79767987412464, "log10_alpha": -2.5710305353266683, "log10_colsample_bytree": -0.692555820348648, "log10_eta": -2.415341434311918, "log10_lambda": -4.442802922133353, "log10_min_child_weight": 0.017644311289207182, "log10_subsample": -0.9008180160271035, "max_depth": 7.0, "num_boost_round": 59.0}, "datetime": {"datetime": "2024-01-19 00:39:32", "elapsed": 1662.264476, "delta": 0.002556}}
{"target": -17.66980285709583, "params": {"gamma": 411.79767987412464, "log10_alpha": -2.5710305353266683, "log10_colsample_bytree": -0.692555820348648, "log10_eta": -2.415341434311918, "log10_lambda": -4.442802922133353, "log10_min_child_weight": 0.017644311289207182, "log10_subsample": -0.9008180160271035, "max_depth": 7.0, "num_boost_round": 60.0}, "datetime": {"datetime": "2024-01-19 00:39:32", "elapsed": 1662.267033, "delta": 0.002557}}
{"target": -17.66980729105378, "params": {"gamma": 411.79767987412464, "log10_alpha": -2.5710305353266683, "log10_colsample_bytree": -0.692555820348648, "log10_eta": -2.415341434311918, "log10_lambda": -4.442802922133353, "log10_min_child_weight": 0.017644311289207182, "log10_subsample": -0.9008180160271035, "max_depth": 7.0, "num_boost_round": 61.0}, "datetime": {"datetime": "2024-01-19 00:39:32", "elapsed": 1662.269583, "delta": 0.00255}}
{"target": -17.66976663924035, "params": {"gamma": 411.79767987412464, "log10_alpha": -2.5710305353266683, "log10_colsample_bytree": -0.692555820348648, "log10_eta": -2.415341434311918, "log10_lambda": -4.442802922133353, "log10_min_child_weight": 0.017644311289207182, "log10_subsample": -0.9008180160271035, "max_depth": 7.0, "num_boost_round": 62.0}, "datetime": {"datetime": "2024-01-19 00:39:32", "elapsed": 1662.272183, "delta": 0.0026}}
{"target": -17.669829158639835, "params": {"gamma": 411.79767987412464, "log10_alpha": -2.5710305353266683, "log10_colsample_bytree": -0.692555820348648, "log10_eta": -2.415341434311918, "log10_lambda": -4.442802922133353, "log10_min_child_weight": 0.017644311289207182, "log10_subsample": -0.9008180160271035, "max_depth": 7.0, "num_boost_round": 63.0}, "datetime": {"datetime": "2024-01-19 00:39:32", "elapsed": 1662.274731, "delta": 0.002548}}
{"target": -17.66986674354523, "params": {"gamma": 411.79767987412464, "log10_alpha": -2.5710305353266683, "log10_colsample_bytree": -0.692555820348648, "log10_eta": -2.415341434311918, "log10_lambda": -4.442802922133353, "log10_min_child_weight": 0.017644311289207182, "log10_subsample": -0.9008180160271035, "max_depth": 7.0, "num_boost_round": 64.0}, "datetime": {"datetime": "2024-01-19 00:39:32", "elapsed": 1662.277293, "delta": 0.002562}}
{"target": -17.66994597753695, "params": {"gamma": 411.79767987412464, "log10_alpha": -2.5710305353266683, "log10_colsample_bytree": -0.692555820348648, "log10_eta": -2.415341434311918, "log10_lambda": -4.442802922133353, "log10_min_child_weight": 0.017644311289207182, "log10_subsample": -0.9008180160271035, "max_depth": 7.0, "num_boost_round": 65.0}, "datetime": {"datetime": "2024-01-19 00:39:32", "elapsed": 1662.279845, "delta": 0.002552}}
{"target": -17.669793045484084, "params": {"gamma": 411.79767987412464, "log10_alpha": -2.5710305353266683, "log10_colsample_bytree": -0.692555820348648, "log10_eta": -2.415341434311918, "log10_lambda": -4.442802922133353, "log10_min_child_weight": 0.017644311289207182, "log10_subsample": -0.9008180160271035, "max_depth": 7.0, "num_boost_round": 66.0}, "datetime": {"datetime": "2024-01-19 00:39:32", "elapsed": 1662.282528, "delta": 0.002683}}
{"target": -17.6697479380769, "params": {"gamma": 411.79767987412464, "log10_alpha": -2.5710305353266683, "log10_colsample_bytree": -0.692555820348648, "log10_eta": -2.415341434311918, "log10_lambda": -4.442802922133353, "log10_min_child_weight": 0.017644311289207182, "log10_subsample": -0.9008180160271035, "max_depth": 7.0, "num_boost_round": 67.0}, "datetime": {"datetime": "2024-01-19 00:39:32", "elapsed": 1662.285087, "delta": 0.002559}}
{"target": -17.669726585880785, "params": {"gamma": 411.79767987412464, "log10_alpha": -2.5710305353266683, "log10_colsample_bytree": -0.692555820348648, "log10_eta": -2.415341434311918, "log10_lambda": -4.442802922133353, "log10_min_child_weight": 0.017644311289207182, "log10_subsample": -0.9008180160271035, "max_depth": 7.0, "num_boost_round": 68.0}, "datetime": {"datetime": "2024-01-19 00:39:32", "elapsed": 1662.287652, "delta": 0.002565}}
