{"target": -17.677117923044527, "params": {"gamma": 550.040982596417, "log10_alpha": -3.656237875897152, "log10_colsample_bytree": -0.10219905605049917, "log10_eta": -3.795138290067555, "log10_lambda": -0.14442727246774822, "log10_min_child_weight": 1.426767495075734, "log10_subsample": -0.583622711052573, "max_depth": 3.0, "num_boost_round": 17.0}, "datetime": {"datetime": "2024-01-19 00:26:58", "elapsed": 915.848467, "delta": 0.00145}}
{"target": -17.677113960672106, "params": {"gamma": 550.040982596417, "log10_alpha": -3.656237875897152, "log10_colsample_bytree": -0.10219905605049917, "log10_eta": -3.795138290067555, "log10_lambda": -0.14442727246774822, "log10_min_child_weight": 1.426767495075734, "log10_subsample": -0.583622711052573, "max_depth": 3.0, "num_boost_round": 18.0}, "datetime": {"datetime": "2024-01-19 00:26:58", "elapsed": 915.849972, "delta": 0.001505}}
{"target": -17.67710470685267, "params": {"gamma": 550.040982596417, "log10_alpha": -3.656237875897152, "log10_colsample_bytree": -0.10219905605049917, "log10_eta": -3.795138290067555, "log10_lambda": -0.14442727246774822, "log10_min_child_weight": 1.426767495075734, "log10_subsample": -0.583622711052573, "max_depth": 3.0, "num_boost_round": 19.0}, "datetime": {"datetime": "2024-01-19 00:26:58", "elapsed": 915.851427, "delta": 0.001455}}
{"target": -17.677095813020223, "params": {"gamma": 550.040982596417, "log10_alpha": -3.656237875897152, "log10_colsample_bytree": -0.10219905605049917, "log10_eta": -3.795138290067555, "log10_lambda": -0.14442727246774822, "log10_min_child_weight": 1.426767495075734, "log10_subsample": -0.583622711052573, "max_depth": 3.0, "num_boost_round": 20.0}, "datetime": {"datetime": "2024-01-19 00:26:58", "elapsed": 915.852893, "delta": 0.001466}}
{"target": -17.67709186741928, "params": {"gamma": 550.040982596417, "log10_alpha": -3.656237875897152, "log10_colsample_bytree": -0.10219905605049917, "log10_eta": -3.795138290067555, "log10_lambda": -0.14442727246774822, "log10_min_child_weight": 1.426767495075734, "log10_subsample": -0.583622711052573, "max_depth": 3.0, "num_boost_round": 21.0}, "datetime": {"datetime": "2024-01-19 00:26:58", "elapsed": 915.854338, "delta": 0.001445}}
{"target": -17.677081058083587, "params": {"gamma": 550.040982596417, "log10_alpha": -3.656237875897152, "log10_colsample_bytree": -0.10219905605049917, "log10_eta": -3.795138290067555, "log10_lambda": -0.14442727246774822, "log10_min_child_weight": 1.426767495075734, "log10_subsample": -0.583622711052573, "max_depth": 3.0, "num_boost_round": 22.0}, "datetime": {"datetime": "2024-01-19 00:26:58", "elapsed": 915.860233, "delta": 0.005895}}
{"target": -17.67707064310761, "params": {"gamma": 550.040982596417, "log10_alpha": -3.656237875897152, "log10_colsample_bytree": -0.10219905605049917, "log10_eta": -3.795138290067555, "log10_lambda": -0.14442727246774822, "log10_min_child_weight": 1.426767495075734, "log10_subsample": -0.583622711052573, "max_depth": 3.0, "num_boost_round": 23.0}, "datetime": {"datetime": "2024-01-19 00:26:58", "elapsed": 915.861685, "delta": 0.001452}}
{"target": -17.67706674767142, "params": {"gamma": 550.040982596417, "log10_alpha": -3.656237875897152, "log10_colsample_bytree": -0.10219905605049917, "log10_eta": -3.795138290067555, "log10_lambda": -0.14442727246774822, "log10_min_child_weight": 1.426767495075734, "log10_subsample": -0.583622711052573, "max_depth": 3.0, "num_boost_round": 24.0}, "datetime": {"datetime": "2024-01-19 00:26:58", "elapsed": 915.863157, "delta": 0.001472}}
{"target": -17.677059454319092, "params": {"gamma": 550.040982596417, "log10_alpha": -3.656237875897152, "log10_colsample_bytree": -0.10219905605049917, "log10_eta": -3.795138290067555, "log10_lambda": -0.14442727246774822, "log10_min_child_weight": 1.426767495075734, "log10_subsample": -0.583622711052573, "max_depth": 3.0, "num_boost_round": 25.0}, "datetime": {"datetime": "2024-01-19 00:26:58", "elapsed": 915.864609, "delta": 0.001452}}
{"target": -17.67705340504482, "params": {"gamma": 550.040982596417, "log10_alpha": -3.656237875897152, "log10_colsample_bytree": -0.10219905605049917, "log10_eta": -3.795138290067555, "log10_lambda": -0.14442727246774822, "log10_min_child_weight": 1.426767495075734, "log10_subsample": -0.583622711052573, "max_depth": 3.0, "num_boost_round": 26.0}, "datetime": {"datetime": "2024-01-19 00:26:58", "elapsed": 915.866074, "delta": 0.001465}}
{"target": -17.677054997494018, "params": {"gamma": 550.040982596417, "log10_alpha": -3.656237875897152, "log10_colsample_bytree": -0.10219905605049917, "log10_eta": -3.795138290067555, "log10_lambda": -0.14442727246774822, "log10_min_child_weight": 1.426767495075734, "log10_subsample": -0.583622711052573, "max_depth": 3.0, "num_boost_round": 27.0}, "datetime": {"datetime": "2024-01-19 00:26:58", "elapsed": 915.868175, "delta": 0.002101}}
{"target": -17.67704783424511, "params": {"gamma": 550.040982596417, "log10_alpha": -3.656237875897152, "log10_colsample_bytree": -0.10219905605049917, "log10_eta": -3.795138290067555, "log10_lambda": -0.14442727246774822, "log10_min_child_weight": 1.426767495075734, "log10_subsample": -0.583622711052573, "max_depth": 3.0, "num_boost_round": 28.0}, "datetime": {"datetime": "2024-01-19 00:26:58", "elapsed": 915.869799, "delta": 0.001624}}
{"target": -17.677039280216132, "params": {"gamma": 550.040982596417, "log10_alpha": -3.656237875897152, "log10_colsample_bytree": -0.10219905605049917, "log10_eta": -3.795138290067555, "log10_lambda": -0.14442727246774822, "log10_min_child_weight": 1.426767495075734, "log10_subsample": -0.583622711052573, "max_depth": 3.0, "num_boost_round": 29.0}, "datetime": {"datetime": "2024-01-19 00:26:58", "elapsed": 915.871307, "delta": 0.001508}}
{"target": -17.677035205365673, "params": {"gamma": 550.040982596417, "log10_alpha": -3.656237875897152, "log10_colsample_bytree": -0.10219905605049917, "log10_eta": -3.795138290067555, "log10_lambda": -0.14442727246774822, "log10_min_child_weight": 1.426767495075734, "log10_subsample": -0.583622711052573, "max_depth": 3.0, "num_boost_round": 30.0}, "datetime": {"datetime": "2024-01-19 00:26:58", "elapsed": 915.87272, "delta": 0.001413}}
{"target": -17.677030345458054, "params": {"gamma": 550.040982596417, "log10_alpha": -3.656237875897152, "log10_colsample_bytree": -0.10219905605049917, "log10_eta": -3.795138290067555, "log10_lambda": -0.14442727246774822, "log10_min_child_weight": 1.426767495075734, "log10_subsample": -0.583622711052573, "max_depth": 3.0, "num_boost_round": 31.0}, "datetime": {"datetime": "2024-01-19 00:26:58", "elapsed": 915.874136, "delta": 0.001416}}
{"target": -17.67707184580389, "params": {"gamma": 549.105901800683, "log10_alpha": 1.0, "log10_colsample_bytree": -1.0, "log10_eta": -2.314862914077133, "log10_lambda": 0.31389798336488817, "log10_min_child_weight": 2.66376439513625, "log10_subsample": -0.15743295400431725, "max_depth": 2.0, "num_boost_round": 0.0}, "datetime": {"datetime": "2024-01-19 00:27:23", "elapsed": 940.716925, "delta": 24.842789}}
{"target": -17.676900480954, "params": {"gamma": 549.105901800683, "log10_alpha": 1.0, "log10_colsample_bytree": -1.0, "log10_eta": -2.314862914077133, "log10_lambda": 0.31389798336488817, "log10_min_child_weight": 2.66376439513625, "log10_subsample": -0.15743295400431725, "max_depth": 2.0, "num_boost_round": 1.0}, "datetime": {"datetime": "2024-01-19 00:27:23", "elapsed": 940.718458, "delta": 0.001533}}
{"target": -17.676870046918733, "params": {"gamma": 549.105901800683, "log10_alpha": 1.0, "log10_colsample_bytree": -1.0, "log10_eta": -2.314862914077133, "log10_lambda": 0.31389798336488817, "log10_min_child_weight": 2.66376439513625, "log10_subsample": -0.15743295400431725, "max_depth": 2.0, "num_boost_round": 2.0}, "datetime": {"datetime": "2024-01-19 00:27:23", "elapsed": 940.719878, "delta": 0.00142}}
{"target": -17.676816373129295, "params": {"gamma": 549.105901800683, "log10_alpha": 1.0, "log10_colsample_bytree": -1.0, "log10_eta": -2.314862914077133, "log10_lambda": 0.31389798336488817, "log10_min_child_weight": 2.66376439513625, "log10_subsample": -0.15743295400431725, "max_depth": 2.0, "num_boost_round": 3.0}, "datetime": {"datetime": "2024-01-19 00:27:23", "elapsed": 940.721432, "delta": 0.001554}}
{"target": -17.676739646653704, "params": {"gamma": 549.105901800683, "log10_alpha": 1.0, "log10_colsample_bytree": -1.0, "log10_eta": -2.314862914077133, "log10_lambda": 0.31389798336488817, "log10_min_child_weight": 2.66376439513625, "log10_subsample": -0.15743295400431725, "max_depth": 2.0, "num_boost_round": 4.0}, "datetime": {"datetime": "2024-01-19 00:27:23", "elapsed": 940.723499, "delta": 0.002067}}
{"target": -17.67672088457914, "params": {"gamma": 549.105901800683, "log10_alpha": 1.0, "log10_colsample_bytree": -1.0, "log10_eta": -2.314862914077133, "log10_lambda": 0.31389798336488817, "log10_min_child_weight": 2.66376439513625, "log10_subsample": -0.15743295400431725, "max_depth": 2.0, "num_boost_round": 5.0}, "datetime": {"datetime": "2024-01-19 00:27:23", "elapsed": 940.724951, "delta": 0.001452}}
{"target": -17.676629756525678, "params": {"gamma": 549.105901800683, "log10_alpha": 1.0, "log10_colsample_bytree": -1.0, "log10_eta": -2.314862914077133, "log10_lambda": 0.31389798336488817, "log10_min_child_weight": 2.66376439513625, "log10_subsample": -0.15743295400431725, "max_depth": 2.0, "num_boost_round": 6.0}, "datetime": {"datetime": "2024-01-19 00:27:23", "elapsed": 940.726432, "delta": 0.001481}}
{"target": -17.676511435699865, "params": {"gamma": 549.105901800683, "log10_alpha": 1.0, "log10_colsample_bytree": -1.0, "log10_eta": -2.314862914077133, "log10_lambda": 0.31389798336488817, "log10_min_child_weight": 2.66376439513625, "log10_subsample": -0.15743295400431725, "max_depth": 2.0, "num_boost_round": 7.0}, "datetime": {"datetime": "2024-01-19 00:27:23", "elapsed": 940.727842, "delta": 0.00141}}
{"target": -17.6765499917705, "params": {"gamma": 549.105901800683, "log10_alpha": 1.0, "log10_colsample_bytree": -1.0, "log10_eta": -2.314862914077133, "log10_lambda": 0.31389798336488817, "log10_min_child_weight": 2.66376439513625, "log10_subsample": -0.15743295400431725, "max_depth": 2.0, "num_boost_round": 8.0}, "datetime": {"datetime": "2024-01-19 00:27:23", "elapsed": 940.729253, "delta": 0.001411}}
{"target": -17.67646935218679, "params": {"gamma": 549.105901800683, "log10_alpha": 1.0, "log10_colsample_bytree": -1.0, "log10_eta": -2.314862914077133, "log10_lambda": 0.31389798336488817, "log10_min_child_weight": 2.66376439513625, "log10_subsample": -0.15743295400431725, "max_depth": 2.0, "num_boost_round": 9.0}, "datetime": {"datetime": "2024-01-19 00:27:23", "elapsed": 940.730883, "delta": 0.00163}}
{"target": -17.6764206326467, "params": {"gamma": 549.105901800683, "log10_alpha": 1.0, "log10_colsample_bytree": -1.0, "log10_eta": -2.314862914077133, "log10_lambda": 0.31389798336488817, "log10_min_child_weight": 2.66376439513625, "log10_subsample": -0.15743295400431725, "max_depth": 2.0, "num_boost_round": 10.0}, "datetime": {"datetime": "2024-01-19 00:27:23", "elapsed": 940.732397, "delta": 0.001514}}
{"target": -17.67629590835679, "params": {"gamma": 549.105901800683, "log10_alpha": 1.0, "log10_colsample_bytree": -1.0, "log10_eta": -2.314862914077133, "log10_lambda": 0.31389798336488817, "log10_min_child_weight": 2.66376439513625, "log10_subsample": -0.15743295400431725, "max_depth": 2.0, "num_boost_round": 11.0}, "datetime": {"datetime": "2024-01-19 00:27:23", "elapsed": 940.733992, "delta": 0.001595}}
{"target": -17.676184653647738, "params": {"gamma": 549.105901800683, "log10_alpha": 1.0, "log10_colsample_bytree": -1.0, "log10_eta": -2.314862914077133, "log10_lambda": 0.31389798336488817, "log10_min_child_weight": 2.66376439513625, "log10_subsample": -0.15743295400431725, "max_depth": 2.0, "num_boost_round": 12.0}, "datetime": {"datetime": "2024-01-19 00:27:23", "elapsed": 940.735426, "delta": 0.001434}}
{"target": -17.67610480870505, "params": {"gamma": 549.105901800683, "log10_alpha": 1.0, "log10_colsample_bytree": -1.0, "log10_eta": -2.314862914077133, "log10_lambda": 0.31389798336488817, "log10_min_child_weight": 2.66376439513625, "log10_subsample": -0.15743295400431725, "max_depth": 2.0, "num_boost_round": 13.0}, "datetime": {"datetime": "2024-01-19 00:27:23", "elapsed": 940.736848, "delta": 0.001422}}
{"target": -17.675973780207315, "params": {"gamma": 549.105901800683, "log10_alpha": 1.0, "log10_colsample_bytree": -1.0, "log10_eta": -2.314862914077133, "log10_lambda": 0.31389798336488817, "log10_min_child_weight": 2.66376439513625, "log10_subsample": -0.15743295400431725, "max_depth": 2.0, "num_boost_round": 14.0}, "datetime": {"datetime": "2024-01-19 00:27:23", "elapsed": 940.738263, "delta": 0.001415}}
{"target": -17.67591759259705, "params": {"gamma": 549.105901800683, "log10_alpha": 1.0, "log10_colsample_bytree": -1.0, "log10_eta": -2.314862914077133, "log10_lambda": 0.31389798336488817, "log10_min_child_weight": 2.66376439513625, "log10_subsample": -0.15743295400431725, "max_depth": 2.0, "num_boost_round": 15.0}, "datetime": {"datetime": "2024-01-19 00:27:23", "elapsed": 940.739674, "delta": 0.001411}}
{"target": -17.675817454229872, "params": {"gamma": 549.105901800683, "log10_alpha": 1.0, "log10_colsample_bytree": -1.0, "log10_eta": -2.314862914077133, "log10_lambda": 0.31389798336488817, "log10_min_child_weight": 2.66376439513625, "log10_subsample": -0.15743295400431725, "max_depth": 2.0, "num_boost_round": 16.0}, "datetime": {"datetime": "2024-01-19 00:27:23", "elapsed": 940.741143, "delta": 0.001469}}
{"target": -17.67568222593256, "params": {"gamma": 549.105901800683, "log10_alpha": 1.0, "log10_colsample_bytree": -1.0, "log10_eta": -2.314862914077133, "log10_lambda": 0.31389798336488817, "log10_min_child_weight": 2.66376439513625, "log10_subsample": -0.15743295400431725, "max_depth": 2.0, "num_boost_round": 17.0}, "datetime": {"datetime": "2024-01-19 00:27:23", "elapsed": 940.74256, "delta": 0.001417}}
{"target": -17.67558199867387, "params": {"gamma": 549.105901800683, "log10_alpha": 1.0, "log10_colsample_bytree": -1.0, "log10_eta": -2.314862914077133, "log10_lambda": 0.31389798336488817, "log10_min_child_weight": 2.66376439513625, "log10_subsample": -0.15743295400431725, "max_depth": 2.0, "num_boost_round": 18.0}, "datetime": {"datetime": "2024-01-19 00:27:23", "elapsed": 940.743981, "delta": 0.001421}}
{"target": -17.675551672412478, "params": {"gamma": 549.105901800683, "log10_alpha": 1.0, "log10_colsample_bytree": -1.0, "log10_eta": -2.314862914077133, "log10_lambda": 0.31389798336488817, "log10_min_child_weight": 2.66376439513625, "log10_subsample": -0.15743295400431725, "max_depth": 2.0, "num_boost_round": 19.0}, "datetime": {"datetime": "2024-01-19 00:27:23", "elapsed": 940.745408, "delta": 0.001427}}
{"target": -17.675524515977852, "params": {"gamma": 549.105901800683, "log10_alpha": 1.0, "log10_colsample_bytree": -1.0, "log10_eta": -2.314862914077133, "log10_lambda": 0.31389798336488817, "log10_min_child_weight": 2.66376439513625, "log10_subsample": -0.15743295400431725, "max_depth": 2.0, "num_boost_round": 20.0}, "datetime": {"datetime": "2024-01-19 00:27:23", "elapsed": 940.746824, "delta": 0.001416}}
{"target": -17.675384325444313, "params": {"gamma": 549.105901800683, "log10_alpha": 1.0, "log10_colsample_bytree": -1.0, "log10_eta": -2.314862914077133, "log10_lambda": 0.31389798336488817, "log10_min_child_weight": 2.66376439513625, "log10_subsample": -0.15743295400431725, "max_depth": 2.0, "num_boost_round": 21.0}, "datetime": {"datetime": "2024-01-19 00:27:23", "elapsed": 940.748248, "delta": 0.001424}}
{"target": -17.67530930190057, "params": {"gamma": 549.105901800683, "log10_alpha": 1.0, "log10_colsample_bytree": -1.0, "log10_eta": -2.314862914077133, "log10_lambda": 0.31389798336488817, "log10_min_child_weight": 2.66376439513625, "log10_subsample": -0.15743295400431725, "max_depth": 2.0, "num_boost_round": 22.0}, "datetime": {"datetime": "2024-01-19 00:27:23", "elapsed": 940.749753, "delta": 0.001505}}
{"target": -17.675111890703146, "params": {"gamma": 549.105901800683, "log10_alpha": 1.0, "log10_colsample_bytree": -1.0, "log10_eta": -2.314862914077133, "log10_lambda": 0.31389798336488817, "log10_min_child_weight": 2.66376439513625, "log10_subsample": -0.15743295400431725, "max_depth": 2.0, "num_boost_round": 23.0}, "datetime": {"datetime": "2024-01-19 00:27:23", "elapsed": 940.751175, "delta": 0.001422}}
{"target": -17.675139440543372, "params": {"gamma": 549.105901800683, "log10_alpha": 1.0, "log10_colsample_bytree": -1.0, "log10_eta": -2.314862914077133, "log10_lambda": 0.31389798336488817, "log10_min_child_weight": 2.66376439513625, "log10_subsample": -0.15743295400431725, "max_depth": 2.0, "num_boost_round": 24.0}, "datetime": {"datetime": "2024-01-19 00:27:23", "elapsed": 940.752598, "delta": 0.001423}}
{"target": -17.675031919672854, "params": {"gamma": 549.105901800683, "log10_alpha": 1.0, "log10_colsample_bytree": -1.0, "log10_eta": -2.314862914077133, "log10_lambda": 0.31389798336488817, "log10_min_child_weight": 2.66376439513625, "log10_subsample": -0.15743295400431725, "max_depth": 2.0, "num_boost_round": 25.0}, "datetime": {"datetime": "2024-01-19 00:27:23", "elapsed": 940.754112, "delta": 0.001514}}
{"target": -17.67499429931951, "params": {"gamma": 549.105901800683, "log10_alpha": 1.0, "log10_colsample_bytree": -1.0, "log10_eta": -2.314862914077133, "log10_lambda": 0.31389798336488817, "log10_min_child_weight": 2.66376439513625, "log10_subsample": -0.15743295400431725, "max_depth": 2.0, "num_boost_round": 26.0}, "datetime": {"datetime": "2024-01-19 00:27:23", "elapsed": 940.755553, "delta": 0.001441}}
{"target": -17.67490663813085, "params": {"gamma": 549.105901800683, "log10_alpha": 1.0, "log10_colsample_bytree": -1.0, "log10_eta": -2.314862914077133, "log10_lambda": 0.31389798336488817, "log10_min_child_weight": 2.66376439513625, "log10_subsample": -0.15743295400431725, "max_depth": 2.0, "num_boost_round": 27.0}, "datetime": {"datetime": "2024-01-19 00:27:23", "elapsed": 940.75699, "delta": 0.001437}}
{"target": -17.674818968528047, "params": {"gamma": 549.105901800683, "log10_alpha": 1.0, "log10_colsample_bytree": -1.0, "log10_eta": -2.314862914077133, "log10_lambda": 0.31389798336488817, "log10_min_child_weight": 2.66376439513625, "log10_subsample": -0.15743295400431725, "max_depth": 2.0, "num_boost_round": 28.0}, "datetime": {"datetime": "2024-01-19 00:27:23", "elapsed": 940.758419, "delta": 0.001429}}
{"target": -17.67463857625855, "params": {"gamma": 549.105901800683, "log10_alpha": 1.0, "log10_colsample_bytree": -1.0, "log10_eta": -2.314862914077133, "log10_lambda": 0.31389798336488817, "log10_min_child_weight": 2.66376439513625, "log10_subsample": -0.15743295400431725, "max_depth": 2.0, "num_boost_round": 29.0}, "datetime": {"datetime": "2024-01-19 00:27:23", "elapsed": 940.759877, "delta": 0.001458}}
{"target": -17.677224347043044, "params": {"gamma": 539.2831008886546, "log10_alpha": -4.9618144113908045, "log10_colsample_bytree": -0.5339893415139181, "log10_eta": -3.495949899346483, "log10_lambda": -2.8604687286025956, "log10_min_child_weight": 3.848612546117667, "log10_subsample": -0.23009688387355975, "max_depth": 5.0, "num_boost_round": 0.0}, "datetime": {"datetime": "2024-01-19 00:27:48", "elapsed": 966.037325, "delta": 25.277448}}
{"target": -17.677218178691028, "params": {"gamma": 539.2831008886546, "log10_alpha": -4.9618144113908045, "log10_colsample_bytree": -0.5339893415139181, "log10_eta": -3.495949899346483, "log10_lambda": -2.8604687286025956, "log10_min_child_weight": 3.848612546117667, "log10_subsample": -0.23009688387355975, "max_depth": 5.0, "num_boost_round": 1.0}, "datetime": {"datetime": "2024-01-19 00:27:48", "elapsed": 966.039348, "delta": 0.002023}}
{"target": -17.67720183023938, "params": {"gamma": 539.2831008886546, "log10_alpha": -4.9618144113908045, "log10_colsample_bytree": -0.5339893415139181, "log10_eta": -3.495949899346483, "log10_lambda": -2.8604687286025956, "log10_min_child_weight": 3.848612546117667, "log10_subsample": -0.23009688387355975, "max_depth": 5.0, "num_boost_round": 2.0}, "datetime": {"datetime": "2024-01-19 00:27:48", "elapsed": 966.041162, "delta": 0.001814}}
{"target": -17.67719999570599, "params": {"gamma": 539.2831008886546, "log10_alpha": -4.9618144113908045, "log10_colsample_bytree": -0.5339893415139181, "log10_eta": -3.495949899346483, "log10_lambda": -2.8604687286025956, "log10_min_child_weight": 3.848612546117667, "log10_subsample": -0.23009688387355975, "max_depth": 5.0, "num_boost_round": 3.0}, "datetime": {"datetime": "2024-01-19 00:27:48", "elapsed": 966.04271, "delta": 0.001548}}
{"target": -17.6771919831911, "params": {"gamma": 539.2831008886546, "log10_alpha": -4.9618144113908045, "log10_colsample_bytree": -0.5339893415139181, "log10_eta": -3.495949899346483, "log10_lambda": -2.8604687286025956, "log10_min_child_weight": 3.848612546117667, "log10_subsample": -0.23009688387355975, "max_depth": 5.0, "num_boost_round": 4.0}, "datetime": {"datetime": "2024-01-19 00:27:48", "elapsed": 966.044154, "delta": 0.001444}}
{"target": -17.677185280524345, "params": {"gamma": 539.2831008886546, "log10_alpha": -4.9618144113908045, "log10_colsample_bytree": -0.5339893415139181, "log10_eta": -3.495949899346483, "log10_lambda": -2.8604687286025956, "log10_min_child_weight": 3.848612546117667, "log10_subsample": -0.23009688387355975, "max_depth": 5.0, "num_boost_round": 5.0}, "datetime": {"datetime": "2024-01-19 00:27:48", "elapsed": 966.045817, "delta": 0.001663}}
