{"target": -13.765211188385017, "params": {"gamma": 548.8135039273247, "log10_alpha": -0.7088638017654834, "log10_colsample_bytree": -0.3972366239283561, "log10_eta": -1.8204672680124125, "log10_lambda": -2.458071203966572, "log10_min_child_weight": 3.2294705653332807, "log10_subsample": -0.5624127887373075, "max_depth": 9.0, "num_boost_round": 49.0}, "datetime": {"datetime": "2024-01-19 00:12:27", "elapsed": 0.029093, "delta": 0.000196}}
{"target": -13.765936365000286, "params": {"gamma": 548.8135039273247, "log10_alpha": -0.7088638017654834, "log10_colsample_bytree": -0.3972366239283561, "log10_eta": -1.8204672680124125, "log10_lambda": -2.458071203966572, "log10_min_child_weight": 3.2294705653332807, "log10_subsample": -0.5624127887373075, "max_depth": 9.0, "num_boost_round": 50.0}, "datetime": {"datetime": "2024-01-19 00:12:27", "elapsed": 0.029293, "delta": 0.0002}}
{"target": -13.765998913265534, "params": {"gamma": 548.8135039273247, "log10_alpha": -0.7088638017654834, "log10_colsample_bytree": -0.3972366239283561, "log10_eta": -1.8204672680124125, "log10_lambda": -2.458071203966572, "log10_min_child_weight": 3.2294705653332807, "log10_subsample": -0.5624127887373075, "max_depth": 9.0, "num_boost_round": 51.0}, "datetime": {"datetime": "2024-01-19 00:12:27", "elapsed": 0.02949, "delta": 0.000197}}
{"target": -13.766241358992211, "params": {"gamma": 548.8135039273247, "log10_alpha": -0.7088638017654834, "log10_colsample_bytree": -0.3972366239283561, "log10_eta": -1.8204672680124125, "log10_lambda": -2.458071203966572, "log10_min_child_weight": 3.2294705653332807, "log10_subsample": -0.5624127887373075, "max_depth": 9.0, "num_boost_round": 52.0}, "datetime": {"datetime": "2024-01-19 00:12:27", "elapsed": 0.029693, "delta": 0.000203}}
{"target": -13.766574954558175, "params": {"gamma": 548.8135039273247, "log10_alpha": -0.7088638017654834, "log10_colsample_bytree": -0.3972366239283561, "log10_eta": -1.8204672680124125, "log10_lambda": -2.458071203966572, "log10_min_child_weight": 3.2294705653332807, "log10_subsample": -0.5624127887373075, "max_depth": 9.0, "num_boost_round": 53.0}, "datetime": {"datetime": "2024-01-19 00:12:27", "elapsed": 0.029903, "delta": 0.00021}}
{"target": -13.766761684983926, "params": {"gamma": 548.8135039273247, "log10_alpha": -0.7088638017654834, "log10_colsample_bytree": -0.3972366239283561, "log10_eta": -1.8204672680124125, "log10_lambda": -2.458071203966572, "log10_min_child_weight": 3.2294705653332807, "log10_subsample": -0.5624127887373075, "max_depth": 9.0, "num_boost_round": 54.0}, "datetime": {"datetime": "2024-01-19 00:12:27", "elapsed": 0.030109, "delta": 0.000206}}
{"target": -13.766587828331156, "params": {"gamma": 548.8135039273247, "log10_alpha": -0.7088638017654834, "log10_colsample_bytree": -0.3972366239283561, "log10_eta": -1.8204672680124125, "log10_lambda": -2.458071203966572, "log10_min_child_weight": 3.2294705653332807, "log10_subsample": -0.5624127887373075, "max_depth": 9.0, "num_boost_round": 55.0}, "datetime": {"datetime": "2024-01-19 00:12:27", "elapsed": 0.03032, "delta": 0.000211}}
{"target": -13.766866463594788, "params": {"gamma": 548.8135039273247, "log10_alpha": -0.7088638017654834, "log10_colsample_bytree": -0.3972366239283561, "log10_eta": -1.8204672680124125, "log10_lambda": -2.458071203966572, "log10_min_child_weight": 3.2294705653332807, "log10_subsample": -0.5624127887373075, "max_depth": 9.0, "num_boost_round": 56.0}, "datetime": {"datetime": "2024-01-19 00:12:27", "elapsed": 0.030528, "delta": 0.000208}}
{"target": -13.766734360488876, "params": {"gamma": 548.8135039273247, "log10_alpha": -0.7088638017654834, "log10_colsample_bytree": -0.3972366239283561, "log10_eta": -1.8204672680124125, "log10_lambda": -2.458071203966572, "log10_min_child_weight": 3.2294705653332807, "log10_subsample": -0.5624127887373075, "max_depth": 9.0, "num_boost_round": 57.0}, "datetime": {"datetime": "2024-01-19 00:12:27", "elapsed": 0.030732, "delta": 0.000204}}
{"target": -13.767056878297323, "params": {"gamma": 548.8135039273247, "log10_alpha": -0.7088638017654834, "log10_colsample_bytree": -0.3972366239283561, "log10_eta": -1.8204672680124125, "log10_lambda": -2.458071203966572, "log10_min_child_weight": 3.2294705653332807, "log10_subsample": -0.5624127887373075, "max_depth": 9.0, "num_boost_round": 58.0}, "datetime": {"datetime": "2024-01-19 00:12:27", "elapsed": 0.030941, "delta": 0.000209}}
{"target": -13.767007015279916, "params": {"gamma": 548.8135039273247, "log10_alpha": -0.7088638017654834, "log10_colsample_bytree": -0.3972366239283561, "log10_eta": -1.8204672680124125, "log10_lambda": -2.458071203966572, "log10_min_child_weight": 3.2294705653332807, "log10_subsample": -0.5624127887373075, "max_depth": 9.0, "num_boost_round": 59.0}, "datetime": {"datetime": "2024-01-19 00:12:27", "elapsed": 0.031164, "delta": 0.000223}}
{"target": -13.767485115098436, "params": {"gamma": 548.8135039273247, "log10_alpha": -0.7088638017654834, "log10_colsample_bytree": -0.3972366239283561, "log10_eta": -1.8204672680124125, "log10_lambda": -2.458071203966572, "log10_min_child_weight": 3.2294705653332807, "log10_subsample": -0.5624127887373075, "max_depth": 9.0, "num_boost_round": 60.0}, "datetime": {"datetime": "2024-01-19 00:12:27", "elapsed": 0.031385, "delta": 0.000221}}
{"target": -13.767617230708826, "params": {"gamma": 548.8135039273247, "log10_alpha": -0.7088638017654834, "log10_colsample_bytree": -0.3972366239283561, "log10_eta": -1.8204672680124125, "log10_lambda": -2.458071203966572, "log10_min_child_weight": 3.2294705653332807, "log10_subsample": -0.5624127887373075, "max_depth": 9.0, "num_boost_round": 61.0}, "datetime": {"datetime": "2024-01-19 00:12:27", "elapsed": 0.031604, "delta": 0.000219}}
{"target": -13.767956242264066, "params": {"gamma": 548.8135039273247, "log10_alpha": -0.7088638017654834, "log10_colsample_bytree": -0.3972366239283561, "log10_eta": -1.8204672680124125, "log10_lambda": -2.458071203966572, "log10_min_child_weight": 3.2294705653332807, "log10_subsample": -0.5624127887373075, "max_depth": 9.0, "num_boost_round": 62.0}, "datetime": {"datetime": "2024-01-19 00:12:27", "elapsed": 0.031949, "delta": 0.000345}}
{"target": -13.768238761501214, "params": {"gamma": 548.8135039273247, "log10_alpha": -0.7088638017654834, "log10_colsample_bytree": -0.3972366239283561, "log10_eta": -1.8204672680124125, "log10_lambda": -2.458071203966572, "log10_min_child_weight": 3.2294705653332807, "log10_subsample": -0.5624127887373075, "max_depth": 9.0, "num_boost_round": 63.0}, "datetime": {"datetime": "2024-01-19 00:12:27", "elapsed": 0.032174, "delta": 0.000225}}
{"target": -13.768426108979899, "params": {"gamma": 548.8135039273247, "log10_alpha": -0.7088638017654834, "log10_colsample_bytree": -0.3972366239283561, "log10_eta": -1.8204672680124125, "log10_lambda": -2.458071203966572, "log10_min_child_weight": 3.2294705653332807, "log10_subsample": -0.5624127887373075, "max_depth": 9.0, "num_boost_round": 64.0}, "datetime": {"datetime": "2024-01-19 00:12:27", "elapsed": 0.032406, "delta": 0.000232}}
{"target": -13.769102078965943, "params": {"gamma": 548.8135039273247, "log10_alpha": -0.7088638017654834, "log10_colsample_bytree": -0.3972366239283561, "log10_eta": -1.8204672680124125, "log10_lambda": -2.458071203966572, "log10_min_child_weight": 3.2294705653332807, "log10_subsample": -0.5624127887373075, "max_depth": 9.0, "num_boost_round": 65.0}, "datetime": {"datetime": "2024-01-19 00:12:27", "elapsed": 0.032631, "delta": 0.000225}}
{"target": -13.769457563279074, "params": {"gamma": 548.8135039273247, "log10_alpha": -0.7088638017654834, "log10_colsample_bytree": -0.3972366239283561, "log10_eta": -1.8204672680124125, "log10_lambda": -2.458071203966572, "log10_min_child_weight": 3.2294705653332807, "log10_subsample": -0.5624127887373075, "max_depth": 9.0, "num_boost_round": 66.0}, "datetime": {"datetime": "2024-01-19 00:12:27", "elapsed": 0.032853, "delta": 0.000222}}
{"target": -13.769774445596429, "params": {"gamma": 548.8135039273247, "log10_alpha": -0.7088638017654834, "log10_colsample_bytree": -0.3972366239283561, "log10_eta": -1.8204672680124125, "log10_lambda": -2.458071203966572, "log10_min_child_weight": 3.2294705653332807, "log10_subsample": -0.5624127887373075, "max_depth": 9.0, "num_boost_round": 67.0}, "datetime": {"datetime": "2024-01-19 00:12:27", "elapsed": 0.033154, "delta": 0.000301}}
{"target": -13.77028829124908, "params": {"gamma": 548.8135039273247, "log10_alpha": -0.7088638017654834, "log10_colsample_bytree": -0.3972366239283561, "log10_eta": -1.8204672680124125, "log10_lambda": -2.458071203966572, "log10_min_child_weight": 3.2294705653332807, "log10_subsample": -0.5624127887373075, "max_depth": 9.0, "num_boost_round": 68.0}, "datetime": {"datetime": "2024-01-19 00:12:27", "elapsed": 0.033419, "delta": 0.000265}}
{"target": -13.770410670715524, "params": {"gamma": 548.8135039273247, "log10_alpha": -0.7088638017654834, "log10_colsample_bytree": -0.3972366239283561, "log10_eta": -1.8204672680124125, "log10_lambda": -2.458071203966572, "log10_min_child_weight": 3.2294705653332807, "log10_subsample": -0.5624127887373075, "max_depth": 9.0, "num_boost_round": 69.0}, "datetime": {"datetime": "2024-01-19 00:12:27", "elapsed": 0.033658, "delta": 0.000239}}
{"target": -13.770448636194288, "params": {"gamma": 548.8135039273247, "log10_alpha": -0.7088638017654834, "log10_colsample_bytree": -0.3972366239283561, "log10_eta": -1.8204672680124125, "log10_lambda": -2.458071203966572, "log10_min_child_weight": 3.2294705653332807, "log10_subsample": -0.5624127887373075, "max_depth": 9.0, "num_boost_round": 70.0}, "datetime": {"datetime": "2024-01-19 00:12:27", "elapsed": 0.03389, "delta": 0.000232}}
{"target": -13.771051324015966, "params": {"gamma": 548.8135039273247, "log10_alpha": -0.7088638017654834, "log10_colsample_bytree": -0.3972366239283561, "log10_eta": -1.8204672680124125, "log10_lambda": -2.458071203966572, "log10_min_child_weight": 3.2294705653332807, "log10_subsample": -0.5624127887373075, "max_depth": 9.0, "num_boost_round": 71.0}, "datetime": {"datetime": "2024-01-19 00:12:27", "elapsed": 0.034117, "delta": 0.000227}}
{"target": -13.771817917086414, "params": {"gamma": 548.8135039273247, "log10_alpha": -0.7088638017654834, "log10_colsample_bytree": -0.3972366239283561, "log10_eta": -1.8204672680124125, "log10_lambda": -2.458071203966572, "log10_min_child_weight": 3.2294705653332807, "log10_subsample": -0.5624127887373075, "max_depth": 9.0, "num_boost_round": 72.0}, "datetime": {"datetime": "2024-01-19 00:12:27", "elapsed": 0.03436, "delta": 0.000243}}
{"target": -13.772078935524805, "params": {"gamma": 548.8135039273247, "log10_alpha": -0.7088638017654834, "log10_colsample_bytree": -0.3972366239283561, "log10_eta": -1.8204672680124125, "log10_lambda": -2.458071203966572, "log10_min_child_weight": 3.2294705653332807, "log10_subsample": -0.5624127887373075, "max_depth": 9.0, "num_boost_round": 73.0}, "datetime": {"datetime": "2024-01-19 00:12:27", "elapsed": 0.034593, "delta": 0.000233}}
{"target": -13.772137032578733, "params": {"gamma": 548.8135039273247, "log10_alpha": -0.7088638017654834, "log10_colsample_bytree": -0.3972366239283561, "log10_eta": -1.8204672680124125, "log10_lambda": -2.458071203966572, "log10_min_child_weight": 3.2294705653332807, "log10_subsample": -0.5624127887373075, "max_depth": 9.0, "num_boost_round": 74.0}, "datetime": {"datetime": "2024-01-19 00:12:27", "elapsed": 0.034824, "delta": 0.000231}}
{"target": -13.772682661134457, "params": {"gamma": 548.8135039273247, "log10_alpha": -0.7088638017654834, "log10_colsample_bytree": -0.3972366239283561, "log10_eta": -1.8204672680124125, "log10_lambda": -2.458071203966572, "log10_min_child_weight": 3.2294705653332807, "log10_subsample": -0.5624127887373075, "max_depth": 9.0, "num_boost_round": 75.0}, "datetime": {"datetime": "2024-01-19 00:12:27", "elapsed": 0.035061, "delta": 0.000237}}
{"target": -13.773072609256749, "params": {"gamma": 548.8135039273247, "log10_alpha": -0.7088638017654834, "log10_colsample_bytree": -0.3972366239283561, "log10_eta": -1.8204672680124125, "log10_lambda": -2.458071203966572, "log10_min_child_weight": 3.2294705653332807, "log10_subsample": -0.5624127887373075, "max_depth": 9.0, "num_boost_round": 76.0}, "datetime": {"datetime": "2024-01-19 00:12:27", "elapsed": 0.035305, "delta": 0.000244}}
{"target": -13.773571142854255, "params": {"gamma": 548.8135039273247, "log10_alpha": -0.7088638017654834, "log10_colsample_bytree": -0.3972366239283561, "log10_eta": -1.8204672680124125, "log10_lambda": -2.458071203966572, "log10_min_child_weight": 3.2294705653332807, "log10_subsample": -0.5624127887373075, "max_depth": 9.0, "num_boost_round": 77.0}, "datetime": {"datetime": "2024-01-19 00:12:27", "elapsed": 0.035549, "delta": 0.000244}}
{"target": -13.774095245166308, "params": {"gamma": 548.8135039273247, "log10_alpha": -0.7088638017654834, "log10_colsample_bytree": -0.3972366239283561, "log10_eta": -1.8204672680124125, "log10_lambda": -2.458071203966572, "log10_min_child_weight": 3.2294705653332807, "log10_subsample": -0.5624127887373075, "max_depth": 9.0, "num_boost_round": 78.0}, "datetime": {"datetime": "2024-01-19 00:12:27", "elapsed": 0.035793, "delta": 0.000244}}
{"target": -13.774416303717944, "params": {"gamma": 548.8135039273247, "log10_alpha": -0.7088638017654834, "log10_colsample_bytree": -0.3972366239283561, "log10_eta": -1.8204672680124125, "log10_lambda": -2.458071203966572, "log10_min_child_weight": 3.2294705653332807, "log10_subsample": -0.5624127887373075, "max_depth": 9.0, "num_boost_round": 79.0}, "datetime": {"datetime": "2024-01-19 00:12:27", "elapsed": 0.036039, "delta": 0.000246}}
{"target": -13.77485289936351, "params": {"gamma": 548.8135039273247, "log10_alpha": -0.7088638017654834, "log10_colsample_bytree": -0.3972366239283561, "log10_eta": -1.8204672680124125, "log10_lambda": -2.458071203966572, "log10_min_child_weight": 3.2294705653332807, "log10_subsample": -0.5624127887373075, "max_depth": 9.0, "num_boost_round": 80.0}, "datetime": {"datetime": "2024-01-19 00:12:27", "elapsed": 0.036287, "delta": 0.000248}}
{"target": -13.774967745891272, "params": {"gamma": 548.8135039273247, "log10_alpha": -0.7088638017654834, "log10_colsample_bytree": -0.3972366239283561, "log10_eta": -1.8204672680124125, "log10_lambda": -2.458071203966572, "log10_min_child_weight": 3.2294705653332807, "log10_subsample": -0.5624127887373075, "max_depth": 9.0, "num_boost_round": 81.0}, "datetime": {"datetime": "2024-01-19 00:12:27", "elapsed": 0.036535, "delta": 0.000248}}
{"target": -13.775283013223893, "params": {"gamma": 548.8135039273247, "log10_alpha": -0.7088638017654834, "log10_colsample_bytree": -0.3972366239283561, "log10_eta": -1.8204672680124125, "log10_lambda": -2.458071203966572, "log10_min_child_weight": 3.2294705653332807, "log10_subsample": -0.5624127887373075, "max_depth": 9.0, "num_boost_round": 82.0}, "datetime": {"datetime": "2024-01-19 00:12:27", "elapsed": 0.036784, "delta": 0.000249}}
{"target": -13.775436531540903, "params": {"gamma": 548.8135039273247, "log10_alpha": -0.7088638017654834, "log10_colsample_bytree": -0.3972366239283561, "log10_eta": -1.8204672680124125, "log10_lambda": -2.458071203966572, "log10_min_child_weight": 3.2294705653332807, "log10_subsample": -0.5624127887373075, "max_depth": 9.0, "num_boost_round": 83.0}, "datetime": {"datetime": "2024-01-19 00:12:27", "elapsed": 0.037036, "delta": 0.000252}}
{"target": -13.775704851107228, "params": {"gamma": 548.8135039273247, "log10_alpha": -0.7088638017654834, "log10_colsample_bytree": -0.3972366239283561, "log10_eta": -1.8204672680124125, "log10_lambda": -2.458071203966572, "log10_min_child_weight": 3.2294705653332807, "log10_subsample": -0.5624127887373075, "max_depth": 9.0, "num_boost_round": 84.0}, "datetime": {"datetime": "2024-01-19 00:12:27", "elapsed": 0.037295, "delta": 0.000259}}
{"target": -13.775666280022135, "params": {"gamma": 548.8135039273247, "log10_alpha": -0.7088638017654834, "log10_colsample_bytree": -0.3972366239283561, "log10_eta": -1.8204672680124125, "log10_lambda": -2.458071203966572, "log10_min_child_weight": 3.2294705653332807, "log10_subsample": -0.5624127887373075, "max_depth": 9.0, "num_boost_round": 85.0}, "datetime": {"datetime": "2024-01-19 00:12:27", "elapsed": 0.037549, "delta": 0.000254}}
{"target": -13.776017784145775, "params": {"gamma": 548.8135039273247, "log10_alpha": -0.7088638017654834, "log10_colsample_bytree": -0.3972366239283561, "log10_eta": -1.8204672680124125, "log10_lambda": -2.458071203966572, "log10_min_child_weight": 3.2294705653332807, "log10_subsample": -0.5624127887373075, "max_depth": 9.0, "num_boost_round": 86.0}, "datetime": {"datetime": "2024-01-19 00:12:27", "elapsed": 0.037803, "delta": 0.000254}}
{"target": -13.776353595639566, "params": {"gamma": 548.8135039273247, "log10_alpha": -0.7088638017654834, "log10_colsample_bytree": -0.3972366239283561, "log10_eta": -1.8204672680124125, "log10_lambda": -2.458071203966572, "log10_min_child_weight": 3.2294705653332807, "log10_subsample": -0.5624127887373075, "max_depth": 9.0, "num_boost_round": 87.0}, "datetime": {"datetime": "2024-01-19 00:12:27", "elapsed": 0.038062, "delta": 0.000259}}
{"target": -13.776723470517092, "params": {"gamma": 548.8135039273247, "log10_alpha": -0.7088638017654834, "log10_colsample_bytree": -0.3972366239283561, "log10_eta": -1.8204672680124125, "log10_lambda": -2.458071203966572, "log10_min_child_weight": 3.2294705653332807, "log10_subsample": -0.5624127887373075, "max_depth": 9.0, "num_boost_round": 88.0}, "datetime": {"datetime": "2024-01-19 00:12:27", "elapsed": 0.038327, "delta": 0.000265}}
{"target": -13.777137658835654, "params": {"gamma": 548.8135039273247, "log10_alpha": -0.7088638017654834, "log10_colsample_bytree": -0.3972366239283561, "log10_eta": -1.8204672680124125, "log10_lambda": -2.458071203966572, "log10_min_child_weight": 3.2294705653332807, "log10_subsample": -0.5624127887373075, "max_depth": 9.0, "num_boost_round": 89.0}, "datetime": {"datetime": "2024-01-19 00:12:27", "elapsed": 0.038592, "delta": 0.000265}}
{"target": -13.777852175809329, "params": {"gamma": 548.8135039273247, "log10_alpha": -0.7088638017654834, "log10_colsample_bytree": -0.3972366239283561, "log10_eta": -1.8204672680124125, "log10_lambda": -2.458071203966572, "log10_min_child_weight": 3.2294705653332807, "log10_subsample": -0.5624127887373075, "max_depth": 9.0, "num_boost_round": 90.0}, "datetime": {"datetime": "2024-01-19 00:12:27", "elapsed": 0.038853, "delta": 0.000261}}
{"target": -13.778155734525761, "params": {"gamma": 548.8135039273247, "log10_alpha": -0.7088638017654834, "log10_colsample_bytree": -0.3972366239283561, "log10_eta": -1.8204672680124125, "log10_lambda": -2.458071203966572, "log10_min_child_weight": 3.2294705653332807, "log10_subsample": -0.5624127887373075, "max_depth": 9.0, "num_boost_round": 91.0}, "datetime": {"datetime": "2024-01-19 00:12:27", "elapsed": 0.03912, "delta": 0.000267}}
{"target": -13.778510661548655, "params": {"gamma": 548.8135039273247, "log10_alpha": -0.7088638017654834, "log10_colsample_bytree": -0.3972366239283561, "log10_eta": -1.8204672680124125, "log10_lambda": -2.458071203966572, "log10_min_child_weight": 3.2294705653332807, "log10_subsample": -0.5624127887373075, "max_depth": 9.0, "num_boost_round": 92.0}, "datetime": {"datetime": "2024-01-19 00:12:27", "elapsed": 0.039389, "delta": 0.000269}}
{"target": -13.779047881328685, "params": {"gamma": 548.8135039273247, "log10_alpha": -0.7088638017654834, "log10_colsample_bytree": -0.3972366239283561, "log10_eta": -1.8204672680124125, "log10_lambda": -2.458071203966572, "log10_min_child_weight": 3.2294705653332807, "log10_subsample": -0.5624127887373075, "max_depth": 9.0, "num_boost_round": 93.0}, "datetime": {"datetime": "2024-01-19 00:12:27", "elapsed": 0.039655, "delta": 0.000266}}
{"target": -13.779179688638976, "params": {"gamma": 548.8135039273247, "log10_alpha": -0.7088638017654834, "log10_colsample_bytree": -0.3972366239283561, "log10_eta": -1.8204672680124125, "log10_lambda": -2.458071203966572, "log10_min_child_weight": 3.2294705653332807, "log10_subsample": -0.5624127887373075, "max_depth": 9.0, "num_boost_round": 94.0}, "datetime": {"datetime": "2024-01-19 00:12:27", "elapsed": 0.03992, "delta": 0.000265}}
{"target": -13.779304472820767, "params": {"gamma": 548.8135039273247, "log10_alpha": -0.7088638017654834, "log10_colsample_bytree": -0.3972366239283561, "log10_eta": -1.8204672680124125, "log10_lambda": -2.458071203966572, "log10_min_child_weight": 3.2294705653332807, "log10_subsample": -0.5624127887373075, "max_depth": 9.0, "num_boost_round": 95.0}, "datetime": {"datetime": "2024-01-19 00:12:27", "elapsed": 0.040186, "delta": 0.000266}}
{"target": -13.779810287374795, "params": {"gamma": 548.8135039273247, "log10_alpha": -0.7088638017654834, "log10_colsample_bytree": -0.3972366239283561, "log10_eta": -1.8204672680124125, "log10_lambda": -2.458071203966572, "log10_min_child_weight": 3.2294705653332807, "log10_subsample": -0.5624127887373075, "max_depth": 9.0, "num_boost_round": 96.0}, "datetime": {"datetime": "2024-01-19 00:12:27", "elapsed": 0.04046, "delta": 0.000274}}
{"target": -13.780210783177845, "params": {"gamma": 548.8135039273247, "log10_alpha": -0.7088638017654834, "log10_colsample_bytree": -0.3972366239283561, "log10_eta": -1.8204672680124125, "log10_lambda": -2.458071203966572, "log10_min_child_weight": 3.2294705653332807, "log10_subsample": -0.5624127887373075, "max_depth": 9.0, "num_boost_round": 97.0}, "datetime": {"datetime": "2024-01-19 00:12:27", "elapsed": 0.040729, "delta": 0.000269}}
