{"target": -13.763156856505406, "params": {"gamma": 440.9997570842031, "log10_alpha": -4.638510032646969, "log10_colsample_bytree": -0.6817932467059954, "log10_eta": -1.3933277087661136, "log10_lambda": 0.6358175512650996, "log10_min_child_weight": 4.910050831320661, "log10_subsample": -0.008988876963317405, "max_depth": 2.0, "num_boost_round": 47.0}, "datetime": {"datetime": "2024-01-19 00:23:22", "elapsed": 706.74553, "delta": 0.001606}}
{"target": -13.763508005841777, "params": {"gamma": 440.9997570842031, "log10_alpha": -4.638510032646969, "log10_colsample_bytree": -0.6817932467059954, "log10_eta": -1.3933277087661136, "log10_lambda": 0.6358175512650996, "log10_min_child_weight": 4.910050831320661, "log10_subsample": -0.008988876963317405, "max_depth": 2.0, "num_boost_round": 48.0}, "datetime": {"datetime": "2024-01-19 00:23:22", "elapsed": 706.747117, "delta": 0.001587}}
{"target": -13.763739264453141, "params": {"gamma": 440.9997570842031, "log10_alpha": -4.638510032646969, "log10_colsample_bytree": -0.6817932467059954, "log10_eta": -1.3933277087661136, "log10_lambda": 0.6358175512650996, "log10_min_child_weight": 4.910050831320661, "log10_subsample": -0.008988876963317405, "max_depth": 2.0, "num_boost_round": 49.0}, "datetime": {"datetime": "2024-01-19 00:23:22", "elapsed": 706.748719, "delta": 0.001602}}
{"target": -13.764244501621135, "params": {"gamma": 440.9997570842031, "log10_alpha": -4.638510032646969, "log10_colsample_bytree": -0.6817932467059954, "log10_eta": -1.3933277087661136, "log10_lambda": 0.6358175512650996, "log10_min_child_weight": 4.910050831320661, "log10_subsample": -0.008988876963317405, "max_depth": 2.0, "num_boost_round": 50.0}, "datetime": {"datetime": "2024-01-19 00:23:22", "elapsed": 706.750331, "delta": 0.001612}}
{"target": -13.764596892234662, "params": {"gamma": 440.9997570842031, "log10_alpha": -4.638510032646969, "log10_colsample_bytree": -0.6817932467059954, "log10_eta": -1.3933277087661136, "log10_lambda": 0.6358175512650996, "log10_min_child_weight": 4.910050831320661, "log10_subsample": -0.008988876963317405, "max_depth": 2.0, "num_boost_round": 51.0}, "datetime": {"datetime": "2024-01-19 00:23:22", "elapsed": 706.751924, "delta": 0.001593}}
{"target": -13.76461311827293, "params": {"gamma": 440.9997570842031, "log10_alpha": -4.638510032646969, "log10_colsample_bytree": -0.6817932467059954, "log10_eta": -1.3933277087661136, "log10_lambda": 0.6358175512650996, "log10_min_child_weight": 4.910050831320661, "log10_subsample": -0.008988876963317405, "max_depth": 2.0, "num_boost_round": 52.0}, "datetime": {"datetime": "2024-01-19 00:23:22", "elapsed": 706.753525, "delta": 0.001601}}
{"target": -13.76455896009113, "params": {"gamma": 440.9997570842031, "log10_alpha": -4.638510032646969, "log10_colsample_bytree": -0.6817932467059954, "log10_eta": -1.3933277087661136, "log10_lambda": 0.6358175512650996, "log10_min_child_weight": 4.910050831320661, "log10_subsample": -0.008988876963317405, "max_depth": 2.0, "num_boost_round": 53.0}, "datetime": {"datetime": "2024-01-19 00:23:22", "elapsed": 706.755117, "delta": 0.001592}}
{"target": -13.764611795636496, "params": {"gamma": 440.9997570842031, "log10_alpha": -4.638510032646969, "log10_colsample_bytree": -0.6817932467059954, "log10_eta": -1.3933277087661136, "log10_lambda": 0.6358175512650996, "log10_min_child_weight": 4.910050831320661, "log10_subsample": -0.008988876963317405, "max_depth": 2.0, "num_boost_round": 54.0}, "datetime": {"datetime": "2024-01-19 00:23:22", "elapsed": 706.756738, "delta": 0.001621}}
{"target": -13.764932053181548, "params": {"gamma": 440.9997570842031, "log10_alpha": -4.638510032646969, "log10_colsample_bytree": -0.6817932467059954, "log10_eta": -1.3933277087661136, "log10_lambda": 0.6358175512650996, "log10_min_child_weight": 4.910050831320661, "log10_subsample": -0.008988876963317405, "max_depth": 2.0, "num_boost_round": 55.0}, "datetime": {"datetime": "2024-01-19 00:23:22", "elapsed": 706.758363, "delta": 0.001625}}
{"target": -13.764908682133829, "params": {"gamma": 440.9997570842031, "log10_alpha": -4.638510032646969, "log10_colsample_bytree": -0.6817932467059954, "log10_eta": -1.3933277087661136, "log10_lambda": 0.6358175512650996, "log10_min_child_weight": 4.910050831320661, "log10_subsample": -0.008988876963317405, "max_depth": 2.0, "num_boost_round": 56.0}, "datetime": {"datetime": "2024-01-19 00:23:22", "elapsed": 706.760533, "delta": 0.00217}}
{"target": -13.764813200222674, "params": {"gamma": 440.9997570842031, "log10_alpha": -4.638510032646969, "log10_colsample_bytree": -0.6817932467059954, "log10_eta": -1.3933277087661136, "log10_lambda": 0.6358175512650996, "log10_min_child_weight": 4.910050831320661, "log10_subsample": -0.008988876963317405, "max_depth": 2.0, "num_boost_round": 57.0}, "datetime": {"datetime": "2024-01-19 00:23:22", "elapsed": 706.762126, "delta": 0.001593}}
{"target": -13.764842343586782, "params": {"gamma": 440.9997570842031, "log10_alpha": -4.638510032646969, "log10_colsample_bytree": -0.6817932467059954, "log10_eta": -1.3933277087661136, "log10_lambda": 0.6358175512650996, "log10_min_child_weight": 4.910050831320661, "log10_subsample": -0.008988876963317405, "max_depth": 2.0, "num_boost_round": 58.0}, "datetime": {"datetime": "2024-01-19 00:23:22", "elapsed": 706.764013, "delta": 0.001887}}
{"target": -13.765042128657658, "params": {"gamma": 440.9997570842031, "log10_alpha": -4.638510032646969, "log10_colsample_bytree": -0.6817932467059954, "log10_eta": -1.3933277087661136, "log10_lambda": 0.6358175512650996, "log10_min_child_weight": 4.910050831320661, "log10_subsample": -0.008988876963317405, "max_depth": 2.0, "num_boost_round": 59.0}, "datetime": {"datetime": "2024-01-19 00:23:22", "elapsed": 706.765667, "delta": 0.001654}}
{"target": -13.764948970919239, "params": {"gamma": 440.9997570842031, "log10_alpha": -4.638510032646969, "log10_colsample_bytree": -0.6817932467059954, "log10_eta": -1.3933277087661136, "log10_lambda": 0.6358175512650996, "log10_min_child_weight": 4.910050831320661, "log10_subsample": -0.008988876963317405, "max_depth": 2.0, "num_boost_round": 60.0}, "datetime": {"datetime": "2024-01-19 00:23:22", "elapsed": 706.767241, "delta": 0.001574}}
{"target": -13.765101161754675, "params": {"gamma": 440.9997570842031, "log10_alpha": -4.638510032646969, "log10_colsample_bytree": -0.6817932467059954, "log10_eta": -1.3933277087661136, "log10_lambda": 0.6358175512650996, "log10_min_child_weight": 4.910050831320661, "log10_subsample": -0.008988876963317405, "max_depth": 2.0, "num_boost_round": 61.0}, "datetime": {"datetime": "2024-01-19 00:23:22", "elapsed": 706.768815, "delta": 0.001574}}
{"target": -13.765130929436218, "params": {"gamma": 440.9997570842031, "log10_alpha": -4.638510032646969, "log10_colsample_bytree": -0.6817932467059954, "log10_eta": -1.3933277087661136, "log10_lambda": 0.6358175512650996, "log10_min_child_weight": 4.910050831320661, "log10_subsample": -0.008988876963317405, "max_depth": 2.0, "num_boost_round": 62.0}, "datetime": {"datetime": "2024-01-19 00:23:22", "elapsed": 706.770428, "delta": 0.001613}}
{"target": -13.765173096191932, "params": {"gamma": 440.9997570842031, "log10_alpha": -4.638510032646969, "log10_colsample_bytree": -0.6817932467059954, "log10_eta": -1.3933277087661136, "log10_lambda": 0.6358175512650996, "log10_min_child_weight": 4.910050831320661, "log10_subsample": -0.008988876963317405, "max_depth": 2.0, "num_boost_round": 63.0}, "datetime": {"datetime": "2024-01-19 00:23:22", "elapsed": 706.772015, "delta": 0.001587}}
{"target": -13.765095745407896, "params": {"gamma": 440.9997570842031, "log10_alpha": -4.638510032646969, "log10_colsample_bytree": -0.6817932467059954, "log10_eta": -1.3933277087661136, "log10_lambda": 0.6358175512650996, "log10_min_child_weight": 4.910050831320661, "log10_subsample": -0.008988876963317405, "max_depth": 2.0, "num_boost_round": 64.0}, "datetime": {"datetime": "2024-01-19 00:23:22", "elapsed": 706.773601, "delta": 0.001586}}
{"target": -13.76543737960691, "params": {"gamma": 440.9997570842031, "log10_alpha": -4.638510032646969, "log10_colsample_bytree": -0.6817932467059954, "log10_eta": -1.3933277087661136, "log10_lambda": 0.6358175512650996, "log10_min_child_weight": 4.910050831320661, "log10_subsample": -0.008988876963317405, "max_depth": 2.0, "num_boost_round": 65.0}, "datetime": {"datetime": "2024-01-19 00:23:22", "elapsed": 706.775316, "delta": 0.001715}}
{"target": -13.76545319339104, "params": {"gamma": 440.9997570842031, "log10_alpha": -4.638510032646969, "log10_colsample_bytree": -0.6817932467059954, "log10_eta": -1.3933277087661136, "log10_lambda": 0.6358175512650996, "log10_min_child_weight": 4.910050831320661, "log10_subsample": -0.008988876963317405, "max_depth": 2.0, "num_boost_round": 66.0}, "datetime": {"datetime": "2024-01-19 00:23:22", "elapsed": 706.777032, "delta": 0.001716}}
{"target": -13.765396271017472, "params": {"gamma": 440.9997570842031, "log10_alpha": -4.638510032646969, "log10_colsample_bytree": -0.6817932467059954, "log10_eta": -1.3933277087661136, "log10_lambda": 0.6358175512650996, "log10_min_child_weight": 4.910050831320661, "log10_subsample": -0.008988876963317405, "max_depth": 2.0, "num_boost_round": 67.0}, "datetime": {"datetime": "2024-01-19 00:23:22", "elapsed": 706.778683, "delta": 0.001651}}
{"target": -13.765507109558186, "params": {"gamma": 440.9997570842031, "log10_alpha": -4.638510032646969, "log10_colsample_bytree": -0.6817932467059954, "log10_eta": -1.3933277087661136, "log10_lambda": 0.6358175512650996, "log10_min_child_weight": 4.910050831320661, "log10_subsample": -0.008988876963317405, "max_depth": 2.0, "num_boost_round": 68.0}, "datetime": {"datetime": "2024-01-19 00:23:22", "elapsed": 706.780254, "delta": 0.001571}}
{"target": -13.76603338557767, "params": {"gamma": 440.9997570842031, "log10_alpha": -4.638510032646969, "log10_colsample_bytree": -0.6817932467059954, "log10_eta": -1.3933277087661136, "log10_lambda": 0.6358175512650996, "log10_min_child_weight": 4.910050831320661, "log10_subsample": -0.008988876963317405, "max_depth": 2.0, "num_boost_round": 69.0}, "datetime": {"datetime": "2024-01-19 00:23:22", "elapsed": 706.781811, "delta": 0.001557}}
{"target": -13.76601462406311, "params": {"gamma": 440.9997570842031, "log10_alpha": -4.638510032646969, "log10_colsample_bytree": -0.6817932467059954, "log10_eta": -1.3933277087661136, "log10_lambda": 0.6358175512650996, "log10_min_child_weight": 4.910050831320661, "log10_subsample": -0.008988876963317405, "max_depth": 2.0, "num_boost_round": 70.0}, "datetime": {"datetime": "2024-01-19 00:23:22", "elapsed": 706.783388, "delta": 0.001577}}
{"target": -13.835988025030732, "params": {"gamma": 450.3239114467675, "log10_alpha": -4.332830022973912, "log10_colsample_bytree": -0.4559095491170354, "log10_eta": -0.2072743377736126, "log10_lambda": -3.938561632596447, "log10_min_child_weight": 2.265740295139409, "log10_subsample": -0.4605062705240226, "max_depth": 9.0, "num_boost_round": 0.0}, "datetime": {"datetime": "2024-01-19 00:24:18", "elapsed": 762.791885, "delta": 56.008497}}
{"target": -13.937128653609037, "params": {"gamma": 450.3239114467675, "log10_alpha": -4.332830022973912, "log10_colsample_bytree": -0.4559095491170354, "log10_eta": -0.2072743377736126, "log10_lambda": -3.938561632596447, "log10_min_child_weight": 2.265740295139409, "log10_subsample": -0.4605062705240226, "max_depth": 9.0, "num_boost_round": 1.0}, "datetime": {"datetime": "2024-01-19 00:24:18", "elapsed": 762.793814, "delta": 0.001929}}
{"target": -14.02796092903242, "params": {"gamma": 450.3239114467675, "log10_alpha": -4.332830022973912, "log10_colsample_bytree": -0.4559095491170354, "log10_eta": -0.2072743377736126, "log10_lambda": -3.938561632596447, "log10_min_child_weight": 2.265740295139409, "log10_subsample": -0.4605062705240226, "max_depth": 9.0, "num_boost_round": 2.0}, "datetime": {"datetime": "2024-01-19 00:24:18", "elapsed": 762.795487, "delta": 0.001673}}
{"target": -14.120738872148834, "params": {"gamma": 450.3239114467675, "log10_alpha": -4.332830022973912, "log10_colsample_bytree": -0.4559095491170354, "log10_eta": -0.2072743377736126, "log10_lambda": -3.938561632596447, "log10_min_child_weight": 2.265740295139409, "log10_subsample": -0.4605062705240226, "max_depth": 9.0, "num_boost_round": 3.0}, "datetime": {"datetime": "2024-01-19 00:24:18", "elapsed": 762.797099, "delta": 0.001612}}
{"target": -14.184618353563662, "params": {"gamma": 450.3239114467675, "log10_alpha": -4.332830022973912, "log10_colsample_bytree": -0.4559095491170354, "log10_eta": -0.2072743377736126, "log10_lambda": -3.938561632596447, "log10_min_child_weight": 2.265740295139409, "log10_subsample": -0.4605062705240226, "max_depth": 9.0, "num_boost_round": 4.0}, "datetime": {"datetime": "2024-01-19 00:24:18", "elapsed": 762.798974, "delta": 0.001875}}
{"target": -14.21986883713917, "params": {"gamma": 450.3239114467675, "log10_alpha": -4.332830022973912, "log10_colsample_bytree": -0.4559095491170354, "log10_eta": -0.2072743377736126, "log10_lambda": -3.938561632596447, "log10_min_child_weight": 2.265740295139409, "log10_subsample": -0.4605062705240226, "max_depth": 9.0, "num_boost_round": 5.0}, "datetime": {"datetime": "2024-01-19 00:24:18", "elapsed": 762.800554, "delta": 0.00158}}
{"target": -14.28266622071348, "params": {"gamma": 450.3239114467675, "log10_alpha": -4.332830022973912, "log10_colsample_bytree": -0.4559095491170354, "log10_eta": -0.2072743377736126, "log10_lambda": -3.938561632596447, "log10_min_child_weight": 2.265740295139409, "log10_subsample": -0.4605062705240226, "max_depth": 9.0, "num_boost_round": 6.0}, "datetime": {"datetime": "2024-01-19 00:24:18", "elapsed": 762.802132, "delta": 0.001578}}
{"target": -14.393564928529328, "params": {"gamma": 450.3239114467675, "log10_alpha": -4.332830022973912, "log10_colsample_bytree": -0.4559095491170354, "log10_eta": -0.2072743377736126, "log10_lambda": -3.938561632596447, "log10_min_child_weight": 2.265740295139409, "log10_subsample": -0.4605062705240226, "max_depth": 9.0, "num_boost_round": 7.0}, "datetime": {"datetime": "2024-01-19 00:24:18", "elapsed": 762.80378, "delta": 0.001648}}
{"target": -14.459196139711997, "params": {"gamma": 450.3239114467675, "log10_alpha": -4.332830022973912, "log10_colsample_bytree": -0.4559095491170354, "log10_eta": -0.2072743377736126, "log10_lambda": -3.938561632596447, "log10_min_child_weight": 2.265740295139409, "log10_subsample": -0.4605062705240226, "max_depth": 9.0, "num_boost_round": 8.0}, "datetime": {"datetime": "2024-01-19 00:24:18", "elapsed": 762.805373, "delta": 0.001593}}
{"target": -14.525035802960224, "params": {"gamma": 450.3239114467675, "log10_alpha": -4.332830022973912, "log10_colsample_bytree": -0.4559095491170354, "log10_eta": -0.2072743377736126, "log10_lambda": -3.938561632596447, "log10_min_child_weight": 2.265740295139409, "log10_subsample": -0.4605062705240226, "max_depth": 9.0, "num_boost_round": 9.0}, "datetime": {"datetime": "2024-01-19 00:24:18", "elapsed": 762.806939, "delta": 0.001566}}
{"target": -14.578279028290227, "params": {"gamma": 450.3239114467675, "log10_alpha": -4.332830022973912, "log10_colsample_bytree": -0.4559095491170354, "log10_eta": -0.2072743377736126, "log10_lambda": -3.938561632596447, "log10_min_child_weight": 2.265740295139409, "log10_subsample": -0.4605062705240226, "max_depth": 9.0, "num_boost_round": 10.0}, "datetime": {"datetime": "2024-01-19 00:24:18", "elapsed": 762.808504, "delta": 0.001565}}
{"target": -14.64147464175972, "params": {"gamma": 450.3239114467675, "log10_alpha": -4.332830022973912, "log10_colsample_bytree": -0.4559095491170354, "log10_eta": -0.2072743377736126, "log10_lambda": -3.938561632596447, "log10_min_child_weight": 2.265740295139409, "log10_subsample": -0.4605062705240226, "max_depth": 9.0, "num_boost_round": 11.0}, "datetime": {"datetime": "2024-01-19 00:24:18", "elapsed": 762.81016, "delta": 0.001656}}
{"target": -14.693188764971161, "params": {"gamma": 450.3239114467675, "log10_alpha": -4.332830022973912, "log10_colsample_bytree": -0.4559095491170354, "log10_eta": -0.2072743377736126, "log10_lambda": -3.938561632596447, "log10_min_child_weight": 2.265740295139409, "log10_subsample": -0.4605062705240226, "max_depth": 9.0, "num_boost_round": 12.0}, "datetime": {"datetime": "2024-01-19 00:24:18", "elapsed": 762.811738, "delta": 0.001578}}
{"target": -14.744255419017001, "params": {"gamma": 450.3239114467675, "log10_alpha": -4.332830022973912, "log10_colsample_bytree": -0.4559095491170354, "log10_eta": -0.2072743377736126, "log10_lambda": -3.938561632596447, "log10_min_child_weight": 2.265740295139409, "log10_subsample": -0.4605062705240226, "max_depth": 9.0, "num_boost_round": 13.0}, "datetime": {"datetime": "2024-01-19 00:24:18", "elapsed": 762.813317, "delta": 0.001579}}
{"target": -14.768067963901075, "params": {"gamma": 450.3239114467675, "log10_alpha": -4.332830022973912, "log10_colsample_bytree": -0.4559095491170354, "log10_eta": -0.2072743377736126, "log10_lambda": -3.938561632596447, "log10_min_child_weight": 2.265740295139409, "log10_subsample": -0.4605062705240226, "max_depth": 9.0, "num_boost_round": 14.0}, "datetime": {"datetime": "2024-01-19 00:24:18", "elapsed": 762.814993, "delta": 0.001676}}
{"target": -14.800881450651499, "params": {"gamma": 450.3239114467675, "log10_alpha": -4.332830022973912, "log10_colsample_bytree": -0.4559095491170354, "log10_eta": -0.2072743377736126, "log10_lambda": -3.938561632596447, "log10_min_child_weight": 2.265740295139409, "log10_subsample": -0.4605062705240226, "max_depth": 9.0, "num_boost_round": 15.0}, "datetime": {"datetime": "2024-01-19 00:24:18", "elapsed": 762.816584, "delta": 0.001591}}
{"target": -14.824412795766065, "params": {"gamma": 450.3239114467675, "log10_alpha": -4.332830022973912, "log10_colsample_bytree": -0.4559095491170354, "log10_eta": -0.2072743377736126, "log10_lambda": -3.938561632596447, "log10_min_child_weight": 2.265740295139409, "log10_subsample": -0.4605062705240226, "max_depth": 9.0, "num_boost_round": 16.0}, "datetime": {"datetime": "2024-01-19 00:24:18", "elapsed": 762.818179, "delta": 0.001595}}
{"target": -15.114409838463452, "params": {"gamma": 450.3239114467675, "log10_alpha": -4.332830022973912, "log10_colsample_bytree": -0.4559095491170354, "log10_eta": -0.2072743377736126, "log10_lambda": -3.938561632596447, "log10_min_child_weight": 2.265740295139409, "log10_subsample": -0.4605062705240226, "max_depth": 9.0, "num_boost_round": 17.0}, "datetime": {"datetime": "2024-01-19 00:24:18", "elapsed": 762.819782, "delta": 0.001603}}
{"target": -15.162552528542871, "params": {"gamma": 450.3239114467675, "log10_alpha": -4.332830022973912, "log10_colsample_bytree": -0.4559095491170354, "log10_eta": -0.2072743377736126, "log10_lambda": -3.938561632596447, "log10_min_child_weight": 2.265740295139409, "log10_subsample": -0.4605062705240226, "max_depth": 9.0, "num_boost_round": 18.0}, "datetime": {"datetime": "2024-01-19 00:24:18", "elapsed": 762.82138, "delta": 0.001598}}
{"target": -15.196335772934672, "params": {"gamma": 450.3239114467675, "log10_alpha": -4.332830022973912, "log10_colsample_bytree": -0.4559095491170354, "log10_eta": -0.2072743377736126, "log10_lambda": -3.938561632596447, "log10_min_child_weight": 2.265740295139409, "log10_subsample": -0.4605062705240226, "max_depth": 9.0, "num_boost_round": 19.0}, "datetime": {"datetime": "2024-01-19 00:24:18", "elapsed": 762.823067, "delta": 0.001687}}
{"target": -15.217565827013503, "params": {"gamma": 450.3239114467675, "log10_alpha": -4.332830022973912, "log10_colsample_bytree": -0.4559095491170354, "log10_eta": -0.2072743377736126, "log10_lambda": -3.938561632596447, "log10_min_child_weight": 2.265740295139409, "log10_subsample": -0.4605062705240226, "max_depth": 9.0, "num_boost_round": 20.0}, "datetime": {"datetime": "2024-01-19 00:24:18", "elapsed": 762.824747, "delta": 0.00168}}
{"target": -15.216821303945085, "params": {"gamma": 450.3239114467675, "log10_alpha": -4.332830022973912, "log10_colsample_bytree": -0.4559095491170354, "log10_eta": -0.2072743377736126, "log10_lambda": -3.938561632596447, "log10_min_child_weight": 2.265740295139409, "log10_subsample": -0.4605062705240226, "max_depth": 9.0, "num_boost_round": 21.0}, "datetime": {"datetime": "2024-01-19 00:24:18", "elapsed": 762.826342, "delta": 0.001595}}
{"target": -15.228710850386149, "params": {"gamma": 450.3239114467675, "log10_alpha": -4.332830022973912, "log10_colsample_bytree": -0.4559095491170354, "log10_eta": -0.2072743377736126, "log10_lambda": -3.938561632596447, "log10_min_child_weight": 2.265740295139409, "log10_subsample": -0.4605062705240226, "max_depth": 9.0, "num_boost_round": 22.0}, "datetime": {"datetime": "2024-01-19 00:24:18", "elapsed": 762.827941, "delta": 0.001599}}
{"target": -15.268218833482113, "params": {"gamma": 450.3239114467675, "log10_alpha": -4.332830022973912, "log10_colsample_bytree": -0.4559095491170354, "log10_eta": -0.2072743377736126, "log10_lambda": -3.938561632596447, "log10_min_child_weight": 2.265740295139409, "log10_subsample": -0.4605062705240226, "max_depth": 9.0, "num_boost_round": 23.0}, "datetime": {"datetime": "2024-01-19 00:24:18", "elapsed": 762.829542, "delta": 0.001601}}
{"target": -15.317761695517046, "params": {"gamma": 450.3239114467675, "log10_alpha": -4.332830022973912, "log10_colsample_bytree": -0.4559095491170354, "log10_eta": -0.2072743377736126, "log10_lambda": -3.938561632596447, "log10_min_child_weight": 2.265740295139409, "log10_subsample": -0.4605062705240226, "max_depth": 9.0, "num_boost_round": 24.0}, "datetime": {"datetime": "2024-01-19 00:24:18", "elapsed": 762.831194, "delta": 0.001652}}
