{"target": -13.757409988868964, "params": {"gamma": 889.0894710959453, "log10_alpha": -3.2760677435544805, "log10_colsample_bytree": -0.3577058515082807, "log10_eta": -2.4212547536168976, "log10_lambda": -4.561958997327302, "log10_min_child_weight": 1.2020976853643233, "log10_subsample": -0.49033650563951026, "max_depth": 9.0, "num_boost_round": 16.0}, "datetime": {"datetime": "2024-01-19 00:20:13", "elapsed": 517.891767, "delta": 0.001165}}
{"target": -13.75743874762907, "params": {"gamma": 889.0894710959453, "log10_alpha": -3.2760677435544805, "log10_colsample_bytree": -0.3577058515082807, "log10_eta": -2.4212547536168976, "log10_lambda": -4.561958997327302, "log10_min_child_weight": 1.2020976853643233, "log10_subsample": -0.49033650563951026, "max_depth": 9.0, "num_boost_round": 17.0}, "datetime": {"datetime": "2024-01-19 00:20:13", "elapsed": 517.892769, "delta": 0.001002}}
{"target": -13.757341184743561, "params": {"gamma": 889.0894710959453, "log10_alpha": -3.2760677435544805, "log10_colsample_bytree": -0.3577058515082807, "log10_eta": -2.4212547536168976, "log10_lambda": -4.561958997327302, "log10_min_child_weight": 1.2020976853643233, "log10_subsample": -0.49033650563951026, "max_depth": 9.0, "num_boost_round": 18.0}, "datetime": {"datetime": "2024-01-19 00:20:13", "elapsed": 517.89378, "delta": 0.001011}}
{"target": -13.757337587075725, "params": {"gamma": 889.0894710959453, "log10_alpha": -3.2760677435544805, "log10_colsample_bytree": -0.3577058515082807, "log10_eta": -2.4212547536168976, "log10_lambda": -4.561958997327302, "log10_min_child_weight": 1.2020976853643233, "log10_subsample": -0.49033650563951026, "max_depth": 9.0, "num_boost_round": 19.0}, "datetime": {"datetime": "2024-01-19 00:20:13", "elapsed": 517.898582, "delta": 0.004802}}
{"target": -13.757359204575272, "params": {"gamma": 889.0894710959453, "log10_alpha": -3.2760677435544805, "log10_colsample_bytree": -0.3577058515082807, "log10_eta": -2.4212547536168976, "log10_lambda": -4.561958997327302, "log10_min_child_weight": 1.2020976853643233, "log10_subsample": -0.49033650563951026, "max_depth": 9.0, "num_boost_round": 20.0}, "datetime": {"datetime": "2024-01-19 00:20:13", "elapsed": 517.899622, "delta": 0.00104}}
{"target": -13.757357525482783, "params": {"gamma": 889.0894710959453, "log10_alpha": -3.2760677435544805, "log10_colsample_bytree": -0.3577058515082807, "log10_eta": -2.4212547536168976, "log10_lambda": -4.561958997327302, "log10_min_child_weight": 1.2020976853643233, "log10_subsample": -0.49033650563951026, "max_depth": 9.0, "num_boost_round": 21.0}, "datetime": {"datetime": "2024-01-19 00:20:13", "elapsed": 517.900638, "delta": 0.001016}}
{"target": -13.757268861908688, "params": {"gamma": 889.0894710959453, "log10_alpha": -3.2760677435544805, "log10_colsample_bytree": -0.3577058515082807, "log10_eta": -2.4212547536168976, "log10_lambda": -4.561958997327302, "log10_min_child_weight": 1.2020976853643233, "log10_subsample": -0.49033650563951026, "max_depth": 9.0, "num_boost_round": 22.0}, "datetime": {"datetime": "2024-01-19 00:20:13", "elapsed": 517.901647, "delta": 0.001009}}
{"target": -13.757304126866224, "params": {"gamma": 889.0894710959453, "log10_alpha": -3.2760677435544805, "log10_colsample_bytree": -0.3577058515082807, "log10_eta": -2.4212547536168976, "log10_lambda": -4.561958997327302, "log10_min_child_weight": 1.2020976853643233, "log10_subsample": -0.49033650563951026, "max_depth": 9.0, "num_boost_round": 23.0}, "datetime": {"datetime": "2024-01-19 00:20:13", "elapsed": 517.902665, "delta": 0.001018}}
{"target": -13.757382471319852, "params": {"gamma": 889.0894710959453, "log10_alpha": -3.2760677435544805, "log10_colsample_bytree": -0.3577058515082807, "log10_eta": -2.4212547536168976, "log10_lambda": -4.561958997327302, "log10_min_child_weight": 1.2020976853643233, "log10_subsample": -0.49033650563951026, "max_depth": 9.0, "num_boost_round": 24.0}, "datetime": {"datetime": "2024-01-19 00:20:13", "elapsed": 517.903682, "delta": 0.001017}}
{"target": -13.757240040334347, "params": {"gamma": 889.0894710959453, "log10_alpha": -3.2760677435544805, "log10_colsample_bytree": -0.3577058515082807, "log10_eta": -2.4212547536168976, "log10_lambda": -4.561958997327302, "log10_min_child_weight": 1.2020976853643233, "log10_subsample": -0.49033650563951026, "max_depth": 9.0, "num_boost_round": 25.0}, "datetime": {"datetime": "2024-01-19 00:20:13", "elapsed": 517.904697, "delta": 0.001015}}
{"target": -13.75711544487971, "params": {"gamma": 889.0894710959453, "log10_alpha": -3.2760677435544805, "log10_colsample_bytree": -0.3577058515082807, "log10_eta": -2.4212547536168976, "log10_lambda": -4.561958997327302, "log10_min_child_weight": 1.2020976853643233, "log10_subsample": -0.49033650563951026, "max_depth": 9.0, "num_boost_round": 26.0}, "datetime": {"datetime": "2024-01-19 00:20:13", "elapsed": 517.905719, "delta": 0.001022}}
{"target": -13.757135268735059, "params": {"gamma": 889.0894710959453, "log10_alpha": -3.2760677435544805, "log10_colsample_bytree": -0.3577058515082807, "log10_eta": -2.4212547536168976, "log10_lambda": -4.561958997327302, "log10_min_child_weight": 1.2020976853643233, "log10_subsample": -0.49033650563951026, "max_depth": 9.0, "num_boost_round": 27.0}, "datetime": {"datetime": "2024-01-19 00:20:13", "elapsed": 517.906721, "delta": 0.001002}}
{"target": -13.757146259614505, "params": {"gamma": 889.0894710959453, "log10_alpha": -3.2760677435544805, "log10_colsample_bytree": -0.3577058515082807, "log10_eta": -2.4212547536168976, "log10_lambda": -4.561958997327302, "log10_min_child_weight": 1.2020976853643233, "log10_subsample": -0.49033650563951026, "max_depth": 9.0, "num_boost_round": 28.0}, "datetime": {"datetime": "2024-01-19 00:20:13", "elapsed": 517.907739, "delta": 0.001018}}
{"target": -13.757174333706374, "params": {"gamma": 889.0894710959453, "log10_alpha": -3.2760677435544805, "log10_colsample_bytree": -0.3577058515082807, "log10_eta": -2.4212547536168976, "log10_lambda": -4.561958997327302, "log10_min_child_weight": 1.2020976853643233, "log10_subsample": -0.49033650563951026, "max_depth": 9.0, "num_boost_round": 29.0}, "datetime": {"datetime": "2024-01-19 00:20:13", "elapsed": 517.908754, "delta": 0.001015}}
{"target": -13.75746112134827, "params": {"gamma": 889.0894710959453, "log10_alpha": -3.2760677435544805, "log10_colsample_bytree": -0.3577058515082807, "log10_eta": -2.4212547536168976, "log10_lambda": -4.561958997327302, "log10_min_child_weight": 1.2020976853643233, "log10_subsample": -0.49033650563951026, "max_depth": 9.0, "num_boost_round": 30.0}, "datetime": {"datetime": "2024-01-19 00:20:13", "elapsed": 517.909774, "delta": 0.00102}}
{"target": -13.757457264018942, "params": {"gamma": 889.0894710959453, "log10_alpha": -3.2760677435544805, "log10_colsample_bytree": -0.3577058515082807, "log10_eta": -2.4212547536168976, "log10_lambda": -4.561958997327302, "log10_min_child_weight": 1.2020976853643233, "log10_subsample": -0.49033650563951026, "max_depth": 9.0, "num_boost_round": 31.0}, "datetime": {"datetime": "2024-01-19 00:20:13", "elapsed": 517.910872, "delta": 0.001098}}
{"target": -13.757683930448708, "params": {"gamma": 889.0894710959453, "log10_alpha": -3.2760677435544805, "log10_colsample_bytree": -0.3577058515082807, "log10_eta": -2.4212547536168976, "log10_lambda": -4.561958997327302, "log10_min_child_weight": 1.2020976853643233, "log10_subsample": -0.49033650563951026, "max_depth": 9.0, "num_boost_round": 32.0}, "datetime": {"datetime": "2024-01-19 00:20:13", "elapsed": 517.911899, "delta": 0.001027}}
{"target": -13.757653026970203, "params": {"gamma": 889.0894710959453, "log10_alpha": -3.2760677435544805, "log10_colsample_bytree": -0.3577058515082807, "log10_eta": -2.4212547536168976, "log10_lambda": -4.561958997327302, "log10_min_child_weight": 1.2020976853643233, "log10_subsample": -0.49033650563951026, "max_depth": 9.0, "num_boost_round": 33.0}, "datetime": {"datetime": "2024-01-19 00:20:13", "elapsed": 517.913035, "delta": 0.001136}}
{"target": -13.757695570492794, "params": {"gamma": 889.0894710959453, "log10_alpha": -3.2760677435544805, "log10_colsample_bytree": -0.3577058515082807, "log10_eta": -2.4212547536168976, "log10_lambda": -4.561958997327302, "log10_min_child_weight": 1.2020976853643233, "log10_subsample": -0.49033650563951026, "max_depth": 9.0, "num_boost_round": 34.0}, "datetime": {"datetime": "2024-01-19 00:20:13", "elapsed": 517.914068, "delta": 0.001033}}
{"target": -13.757736986406288, "params": {"gamma": 889.0894710959453, "log10_alpha": -3.2760677435544805, "log10_colsample_bytree": -0.3577058515082807, "log10_eta": -2.4212547536168976, "log10_lambda": -4.561958997327302, "log10_min_child_weight": 1.2020976853643233, "log10_subsample": -0.49033650563951026, "max_depth": 9.0, "num_boost_round": 35.0}, "datetime": {"datetime": "2024-01-19 00:20:13", "elapsed": 517.915088, "delta": 0.00102}}
{"target": -13.757747329570364, "params": {"gamma": 889.0894710959453, "log10_alpha": -3.2760677435544805, "log10_colsample_bytree": -0.3577058515082807, "log10_eta": -2.4212547536168976, "log10_lambda": -4.561958997327302, "log10_min_child_weight": 1.2020976853643233, "log10_subsample": -0.49033650563951026, "max_depth": 9.0, "num_boost_round": 36.0}, "datetime": {"datetime": "2024-01-19 00:20:13", "elapsed": 517.916122, "delta": 0.001034}}
{"target": -13.757712198328354, "params": {"gamma": 889.0894710959453, "log10_alpha": -3.2760677435544805, "log10_colsample_bytree": -0.3577058515082807, "log10_eta": -2.4212547536168976, "log10_lambda": -4.561958997327302, "log10_min_child_weight": 1.2020976853643233, "log10_subsample": -0.49033650563951026, "max_depth": 9.0, "num_boost_round": 37.0}, "datetime": {"datetime": "2024-01-19 00:20:13", "elapsed": 517.917155, "delta": 0.001033}}
{"target": -13.757537275324259, "params": {"gamma": 889.0894710959453, "log10_alpha": -3.2760677435544805, "log10_colsample_bytree": -0.3577058515082807, "log10_eta": -2.4212547536168976, "log10_lambda": -4.561958997327302, "log10_min_child_weight": 1.2020976853643233, "log10_subsample": -0.49033650563951026, "max_depth": 9.0, "num_boost_round": 38.0}, "datetime": {"datetime": "2024-01-19 00:20:13", "elapsed": 517.918198, "delta": 0.001043}}
{"target": -13.757577069080869, "params": {"gamma": 889.0894710959453, "log10_alpha": -3.2760677435544805, "log10_colsample_bytree": -0.3577058515082807, "log10_eta": -2.4212547536168976, "log10_lambda": -4.561958997327302, "log10_min_child_weight": 1.2020976853643233, "log10_subsample": -0.49033650563951026, "max_depth": 9.0, "num_boost_round": 39.0}, "datetime": {"datetime": "2024-01-19 00:20:13", "elapsed": 517.919232, "delta": 0.001034}}
{"target": -13.757851280849025, "params": {"gamma": 889.0894710959453, "log10_alpha": -3.2760677435544805, "log10_colsample_bytree": -0.3577058515082807, "log10_eta": -2.4212547536168976, "log10_lambda": -4.561958997327302, "log10_min_child_weight": 1.2020976853643233, "log10_subsample": -0.49033650563951026, "max_depth": 9.0, "num_boost_round": 40.0}, "datetime": {"datetime": "2024-01-19 00:20:13", "elapsed": 517.920259, "delta": 0.001027}}
{"target": -13.757903278364738, "params": {"gamma": 889.0894710959453, "log10_alpha": -3.2760677435544805, "log10_colsample_bytree": -0.3577058515082807, "log10_eta": -2.4212547536168976, "log10_lambda": -4.561958997327302, "log10_min_child_weight": 1.2020976853643233, "log10_subsample": -0.49033650563951026, "max_depth": 9.0, "num_boost_round": 41.0}, "datetime": {"datetime": "2024-01-19 00:20:13", "elapsed": 517.92129, "delta": 0.001031}}
{"target": -13.757957060368364, "params": {"gamma": 889.0894710959453, "log10_alpha": -3.2760677435544805, "log10_colsample_bytree": -0.3577058515082807, "log10_eta": -2.4212547536168976, "log10_lambda": -4.561958997327302, "log10_min_child_weight": 1.2020976853643233, "log10_subsample": -0.49033650563951026, "max_depth": 9.0, "num_boost_round": 42.0}, "datetime": {"datetime": "2024-01-19 00:20:13", "elapsed": 517.922336, "delta": 0.001046}}
{"target": -13.75810180832944, "params": {"gamma": 889.0894710959453, "log10_alpha": -3.2760677435544805, "log10_colsample_bytree": -0.3577058515082807, "log10_eta": -2.4212547536168976, "log10_lambda": -4.561958997327302, "log10_min_child_weight": 1.2020976853643233, "log10_subsample": -0.49033650563951026, "max_depth": 9.0, "num_boost_round": 43.0}, "datetime": {"datetime": "2024-01-19 00:20:13", "elapsed": 517.923381, "delta": 0.001045}}
{"target": -13.758107068818116, "params": {"gamma": 889.0894710959453, "log10_alpha": -3.2760677435544805, "log10_colsample_bytree": -0.3577058515082807, "log10_eta": -2.4212547536168976, "log10_lambda": -4.561958997327302, "log10_min_child_weight": 1.2020976853643233, "log10_subsample": -0.49033650563951026, "max_depth": 9.0, "num_boost_round": 44.0}, "datetime": {"datetime": "2024-01-19 00:20:13", "elapsed": 517.924433, "delta": 0.001052}}
{"target": -13.75822990130403, "params": {"gamma": 889.0894710959453, "log10_alpha": -3.2760677435544805, "log10_colsample_bytree": -0.3577058515082807, "log10_eta": -2.4212547536168976, "log10_lambda": -4.561958997327302, "log10_min_child_weight": 1.2020976853643233, "log10_subsample": -0.49033650563951026, "max_depth": 9.0, "num_boost_round": 45.0}, "datetime": {"datetime": "2024-01-19 00:20:13", "elapsed": 517.925471, "delta": 0.001038}}
{"target": -13.758370382157592, "params": {"gamma": 889.0894710959453, "log10_alpha": -3.2760677435544805, "log10_colsample_bytree": -0.3577058515082807, "log10_eta": -2.4212547536168976, "log10_lambda": -4.561958997327302, "log10_min_child_weight": 1.2020976853643233, "log10_subsample": -0.49033650563951026, "max_depth": 9.0, "num_boost_round": 46.0}, "datetime": {"datetime": "2024-01-19 00:20:13", "elapsed": 517.926511, "delta": 0.00104}}
{"target": -13.758344499813385, "params": {"gamma": 889.0894710959453, "log10_alpha": -3.2760677435544805, "log10_colsample_bytree": -0.3577058515082807, "log10_eta": -2.4212547536168976, "log10_lambda": -4.561958997327302, "log10_min_child_weight": 1.2020976853643233, "log10_subsample": -0.49033650563951026, "max_depth": 9.0, "num_boost_round": 47.0}, "datetime": {"datetime": "2024-01-19 00:20:13", "elapsed": 517.927557, "delta": 0.001046}}
{"target": -13.758356802642254, "params": {"gamma": 889.0894710959453, "log10_alpha": -3.2760677435544805, "log10_colsample_bytree": -0.3577058515082807, "log10_eta": -2.4212547536168976, "log10_lambda": -4.561958997327302, "log10_min_child_weight": 1.2020976853643233, "log10_subsample": -0.49033650563951026, "max_depth": 9.0, "num_boost_round": 48.0}, "datetime": {"datetime": "2024-01-19 00:20:13", "elapsed": 517.9293, "delta": 0.001743}}
{"target": -13.758484837681175, "params": {"gamma": 889.0894710959453, "log10_alpha": -3.2760677435544805, "log10_colsample_bytree": -0.3577058515082807, "log10_eta": -2.4212547536168976, "log10_lambda": -4.561958997327302, "log10_min_child_weight": 1.2020976853643233, "log10_subsample": -0.49033650563951026, "max_depth": 9.0, "num_boost_round": 49.0}, "datetime": {"datetime": "2024-01-19 00:20:13", "elapsed": 517.93076, "delta": 0.00146}}
{"target": -13.758539466570484, "params": {"gamma": 888.7451688317215, "log10_alpha": 0.2372979328158662, "log10_colsample_bytree": -0.39350608277937493, "log10_eta": -3.271496132166119, "log10_lambda": -3.5544614759943984, "log10_min_child_weight": 3.1763390886225578, "log10_subsample": -0.09834549969902429, "max_depth": 5.0, "num_boost_round": 0.0}, "datetime": {"datetime": "2024-01-19 00:20:45", "elapsed": 549.953665, "delta": 32.022905}}
{"target": -13.758539564382431, "params": {"gamma": 888.7451688317215, "log10_alpha": 0.2372979328158662, "log10_colsample_bytree": -0.39350608277937493, "log10_eta": -3.271496132166119, "log10_lambda": -3.5544614759943984, "log10_min_child_weight": 3.1763390886225578, "log10_subsample": -0.09834549969902429, "max_depth": 5.0, "num_boost_round": 1.0}, "datetime": {"datetime": "2024-01-19 00:20:45", "elapsed": 549.95497, "delta": 0.001305}}
{"target": -13.758529612624134, "params": {"gamma": 888.7451688317215, "log10_alpha": 0.2372979328158662, "log10_colsample_bytree": -0.39350608277937493, "log10_eta": -3.271496132166119, "log10_lambda": -3.5544614759943984, "log10_min_child_weight": 3.1763390886225578, "log10_subsample": -0.09834549969902429, "max_depth": 5.0, "num_boost_round": 2.0}, "datetime": {"datetime": "2024-01-19 00:20:45", "elapsed": 549.956065, "delta": 0.001095}}
{"target": -13.758518344246994, "params": {"gamma": 888.7451688317215, "log10_alpha": 0.2372979328158662, "log10_colsample_bytree": -0.39350608277937493, "log10_eta": -3.271496132166119, "log10_lambda": -3.5544614759943984, "log10_min_child_weight": 3.1763390886225578, "log10_subsample": -0.09834549969902429, "max_depth": 5.0, "num_boost_round": 3.0}, "datetime": {"datetime": "2024-01-19 00:20:45", "elapsed": 549.957441, "delta": 0.001376}}
{"target": -13.758514168842515, "params": {"gamma": 888.7451688317215, "log10_alpha": 0.2372979328158662, "log10_colsample_bytree": -0.39350608277937493, "log10_eta": -3.271496132166119, "log10_lambda": -3.5544614759943984, "log10_min_child_weight": 3.1763390886225578, "log10_subsample": -0.09834549969902429, "max_depth": 5.0, "num_boost_round": 4.0}, "datetime": {"datetime": "2024-01-19 00:20:45", "elapsed": 549.958555, "delta": 0.001114}}
{"target": -13.758506580021699, "params": {"gamma": 888.7451688317215, "log10_alpha": 0.2372979328158662, "log10_colsample_bytree": -0.39350608277937493, "log10_eta": -3.271496132166119, "log10_lambda": -3.5544614759943984, "log10_min_child_weight": 3.1763390886225578, "log10_subsample": -0.09834549969902429, "max_depth": 5.0, "num_boost_round": 5.0}, "datetime": {"datetime": "2024-01-19 00:20:45", "elapsed": 549.959691, "delta": 0.001136}}
{"target": -13.758500838049008, "params": {"gamma": 888.7451688317215, "log10_alpha": 0.2372979328158662, "log10_colsample_bytree": -0.39350608277937493, "log10_eta": -3.271496132166119, "log10_lambda": -3.5544614759943984, "log10_min_child_weight": 3.1763390886225578, "log10_subsample": -0.09834549969902429, "max_depth": 5.0, "num_boost_round": 6.0}, "datetime": {"datetime": "2024-01-19 00:20:45", "elapsed": 549.96082, "delta": 0.001129}}
{"target": -13.7584965155774, "params": {"gamma": 888.7451688317215, "log10_alpha": 0.2372979328158662, "log10_colsample_bytree": -0.39350608277937493, "log10_eta": -3.271496132166119, "log10_lambda": -3.5544614759943984, "log10_min_child_weight": 3.1763390886225578, "log10_subsample": -0.09834549969902429, "max_depth": 5.0, "num_boost_round": 7.0}, "datetime": {"datetime": "2024-01-19 00:20:45", "elapsed": 549.962024, "delta": 0.001204}}
{"target": -13.758492435017427, "params": {"gamma": 888.7451688317215, "log10_alpha": 0.2372979328158662, "log10_colsample_bytree": -0.39350608277937493, "log10_eta": -3.271496132166119, "log10_lambda": -3.5544614759943984, "log10_min_child_weight": 3.1763390886225578, "log10_subsample": -0.09834549969902429, "max_depth": 5.0, "num_boost_round": 8.0}, "datetime": {"datetime": "2024-01-19 00:20:45", "elapsed": 549.963152, "delta": 0.001128}}
{"target": -13.758481222982002, "params": {"gamma": 888.7451688317215, "log10_alpha": 0.2372979328158662, "log10_colsample_bytree": -0.39350608277937493, "log10_eta": -3.271496132166119, "log10_lambda": -3.5544614759943984, "log10_min_child_weight": 3.1763390886225578, "log10_subsample": -0.09834549969902429, "max_depth": 5.0, "num_boost_round": 9.0}, "datetime": {"datetime": "2024-01-19 00:20:45", "elapsed": 549.964278, "delta": 0.001126}}
{"target": -13.758479681318285, "params": {"gamma": 888.7451688317215, "log10_alpha": 0.2372979328158662, "log10_colsample_bytree": -0.39350608277937493, "log10_eta": -3.271496132166119, "log10_lambda": -3.5544614759943984, "log10_min_child_weight": 3.1763390886225578, "log10_subsample": -0.09834549969902429, "max_depth": 5.0, "num_boost_round": 10.0}, "datetime": {"datetime": "2024-01-19 00:20:45", "elapsed": 549.965391, "delta": 0.001113}}
{"target": -13.758466604519223, "params": {"gamma": 888.7451688317215, "log10_alpha": 0.2372979328158662, "log10_colsample_bytree": -0.39350608277937493, "log10_eta": -3.271496132166119, "log10_lambda": -3.5544614759943984, "log10_min_child_weight": 3.1763390886225578, "log10_subsample": -0.09834549969902429, "max_depth": 5.0, "num_boost_round": 11.0}, "datetime": {"datetime": "2024-01-19 00:20:45", "elapsed": 549.966508, "delta": 0.001117}}
{"target": -13.758463420347795, "params": {"gamma": 888.7451688317215, "log10_alpha": 0.2372979328158662, "log10_colsample_bytree": -0.39350608277937493, "log10_eta": -3.271496132166119, "log10_lambda": -3.5544614759943984, "log10_min_child_weight": 3.1763390886225578, "log10_subsample": -0.09834549969902429, "max_depth": 5.0, "num_boost_round": 12.0}, "datetime": {"datetime": "2024-01-19 00:20:45", "elapsed": 549.967623, "delta": 0.001115}}
{"target": -13.75846782262373, "params": {"gamma": 888.7451688317215, "log10_alpha": 0.2372979328158662, "log10_colsample_bytree": -0.39350608277937493, "log10_eta": -3.271496132166119, "log10_lambda": -3.5544614759943984, "log10_min_child_weight": 3.1763390886225578, "log10_subsample": -0.09834549969902429, "max_depth": 5.0, "num_boost_round": 13.0}, "datetime": {"datetime": "2024-01-19 00:20:45", "elapsed": 549.968737, "delta": 0.001114}}
{"target": -13.758454305731556, "params": {"gamma": 888.7451688317215, "log10_alpha": 0.2372979328158662, "log10_colsample_bytree": -0.39350608277937493, "log10_eta": -3.271496132166119, "log10_lambda": -3.5544614759943984, "log10_min_child_weight": 3.1763390886225578, "log10_subsample": -0.09834549969902429, "max_depth": 5.0, "num_boost_round": 14.0}, "datetime": {"datetime": "2024-01-19 00:20:45", "elapsed": 549.969874, "delta": 0.001137}}
