{"target": -17.68012557695955, "params": {"gamma": 964.7272581938676, "log10_alpha": -3.932973015136618, "log10_colsample_bytree": -0.2089466902343815, "log10_eta": -0.925325092752002, "log10_lambda": 0.8646559902717232, "log10_min_child_weight": 4.445390145526918, "log10_subsample": -0.8753408489556381, "max_depth": 2.0, "num_boost_round": 14.0}, "datetime": {"datetime": "2024-01-19 00:12:53", "elapsed": 67.638484, "delta": 0.00028}}
{"target": -17.679656601615456, "params": {"gamma": 964.7272581938676, "log10_alpha": -3.932973015136618, "log10_colsample_bytree": -0.2089466902343815, "log10_eta": -0.925325092752002, "log10_lambda": 0.8646559902717232, "log10_min_child_weight": 4.445390145526918, "log10_subsample": -0.8753408489556381, "max_depth": 2.0, "num_boost_round": 15.0}, "datetime": {"datetime": "2024-01-19 00:12:53", "elapsed": 67.638759, "delta": 0.000275}}
{"target": -17.679311682249388, "params": {"gamma": 964.7272581938676, "log10_alpha": -3.932973015136618, "log10_colsample_bytree": -0.2089466902343815, "log10_eta": -0.925325092752002, "log10_lambda": 0.8646559902717232, "log10_min_child_weight": 4.445390145526918, "log10_subsample": -0.8753408489556381, "max_depth": 2.0, "num_boost_round": 16.0}, "datetime": {"datetime": "2024-01-19 00:12:53", "elapsed": 67.639044, "delta": 0.000285}}
{"target": -17.680325247002695, "params": {"gamma": 964.7272581938676, "log10_alpha": -3.932973015136618, "log10_colsample_bytree": -0.2089466902343815, "log10_eta": -0.925325092752002, "log10_lambda": 0.8646559902717232, "log10_min_child_weight": 4.445390145526918, "log10_subsample": -0.8753408489556381, "max_depth": 2.0, "num_boost_round": 17.0}, "datetime": {"datetime": "2024-01-19 00:12:53", "elapsed": 67.639438, "delta": 0.000394}}
{"target": -17.679713497879458, "params": {"gamma": 964.7272581938676, "log10_alpha": -3.932973015136618, "log10_colsample_bytree": -0.2089466902343815, "log10_eta": -0.925325092752002, "log10_lambda": 0.8646559902717232, "log10_min_child_weight": 4.445390145526918, "log10_subsample": -0.8753408489556381, "max_depth": 2.0, "num_boost_round": 18.0}, "datetime": {"datetime": "2024-01-19 00:12:53", "elapsed": 67.639731, "delta": 0.000293}}
{"target": -17.679155622029576, "params": {"gamma": 964.7272581938676, "log10_alpha": -3.932973015136618, "log10_colsample_bytree": -0.2089466902343815, "log10_eta": -0.925325092752002, "log10_lambda": 0.8646559902717232, "log10_min_child_weight": 4.445390145526918, "log10_subsample": -0.8753408489556381, "max_depth": 2.0, "num_boost_round": 19.0}, "datetime": {"datetime": "2024-01-19 00:12:53", "elapsed": 67.640014, "delta": 0.000283}}
{"target": -17.67905066831516, "params": {"gamma": 964.7272581938676, "log10_alpha": -3.932973015136618, "log10_colsample_bytree": -0.2089466902343815, "log10_eta": -0.925325092752002, "log10_lambda": 0.8646559902717232, "log10_min_child_weight": 4.445390145526918, "log10_subsample": -0.8753408489556381, "max_depth": 2.0, "num_boost_round": 20.0}, "datetime": {"datetime": "2024-01-19 00:12:53", "elapsed": 67.640293, "delta": 0.000279}}
{"target": -17.680009047021116, "params": {"gamma": 964.7272581938676, "log10_alpha": -3.932973015136618, "log10_colsample_bytree": -0.2089466902343815, "log10_eta": -0.925325092752002, "log10_lambda": 0.8646559902717232, "log10_min_child_weight": 4.445390145526918, "log10_subsample": -0.8753408489556381, "max_depth": 2.0, "num_boost_round": 21.0}, "datetime": {"datetime": "2024-01-19 00:12:53", "elapsed": 67.640582, "delta": 0.000289}}
{"target": -17.676169613081218, "params": {"gamma": 968.5754560719909, "log10_alpha": -1.7879907792272558, "log10_colsample_bytree": -0.7080743747711016, "log10_eta": -1.4934339935616423, "log10_lambda": -3.0620339551868767, "log10_min_child_weight": 1.5047041729145723, "log10_subsample": -0.3316459126366992, "max_depth": 4.0, "num_boost_round": 0.0}, "datetime": {"datetime": "2024-01-19 00:13:13", "elapsed": 87.407181, "delta": 19.766599}}
{"target": -17.674113495183732, "params": {"gamma": 968.5754560719909, "log10_alpha": -1.7879907792272558, "log10_colsample_bytree": -0.7080743747711016, "log10_eta": -1.4934339935616423, "log10_lambda": -3.0620339551868767, "log10_min_child_weight": 1.5047041729145723, "log10_subsample": -0.3316459126366992, "max_depth": 4.0, "num_boost_round": 1.0}, "datetime": {"datetime": "2024-01-19 00:13:13", "elapsed": 87.409058, "delta": 0.001877}}
{"target": -17.67196431432316, "params": {"gamma": 968.5754560719909, "log10_alpha": -1.7879907792272558, "log10_colsample_bytree": -0.7080743747711016, "log10_eta": -1.4934339935616423, "log10_lambda": -3.0620339551868767, "log10_min_child_weight": 1.5047041729145723, "log10_subsample": -0.3316459126366992, "max_depth": 4.0, "num_boost_round": 2.0}, "datetime": {"datetime": "2024-01-19 00:13:13", "elapsed": 87.409479, "delta": 0.000421}}
{"target": -17.671699378511587, "params": {"gamma": 968.5754560719909, "log10_alpha": -1.7879907792272558, "log10_colsample_bytree": -0.7080743747711016, "log10_eta": -1.4934339935616423, "log10_lambda": -3.0620339551868767, "log10_min_child_weight": 1.5047041729145723, "log10_subsample": -0.3316459126366992, "max_depth": 4.0, "num_boost_round": 3.0}, "datetime": {"datetime": "2024-01-19 00:13:13", "elapsed": 87.410047, "delta": 0.000568}}
{"target": -17.670794516135807, "params": {"gamma": 968.5754560719909, "log10_alpha": -1.7879907792272558, "log10_colsample_bytree": -0.7080743747711016, "log10_eta": -1.4934339935616423, "log10_lambda": -3.0620339551868767, "log10_min_child_weight": 1.5047041729145723, "log10_subsample": -0.3316459126366992, "max_depth": 4.0, "num_boost_round": 4.0}, "datetime": {"datetime": "2024-01-19 00:13:13", "elapsed": 87.410548, "delta": 0.000501}}
{"target": -17.67003731905324, "params": {"gamma": 968.5754560719909, "log10_alpha": -1.7879907792272558, "log10_colsample_bytree": -0.7080743747711016, "log10_eta": -1.4934339935616423, "log10_lambda": -3.0620339551868767, "log10_min_child_weight": 1.5047041729145723, "log10_subsample": -0.3316459126366992, "max_depth": 4.0, "num_boost_round": 5.0}, "datetime": {"datetime": "2024-01-19 00:13:13", "elapsed": 87.410976, "delta": 0.000428}}
{"target": -17.670803077241644, "params": {"gamma": 968.5754560719909, "log10_alpha": -1.7879907792272558, "log10_colsample_bytree": -0.7080743747711016, "log10_eta": -1.4934339935616423, "log10_lambda": -3.0620339551868767, "log10_min_child_weight": 1.5047041729145723, "log10_subsample": -0.3316459126366992, "max_depth": 4.0, "num_boost_round": 6.0}, "datetime": {"datetime": "2024-01-19 00:13:13", "elapsed": 87.411388, "delta": 0.000412}}
{"target": -17.67036932920792, "params": {"gamma": 968.5754560719909, "log10_alpha": -1.7879907792272558, "log10_colsample_bytree": -0.7080743747711016, "log10_eta": -1.4934339935616423, "log10_lambda": -3.0620339551868767, "log10_min_child_weight": 1.5047041729145723, "log10_subsample": -0.3316459126366992, "max_depth": 4.0, "num_boost_round": 7.0}, "datetime": {"datetime": "2024-01-19 00:13:13", "elapsed": 87.411694, "delta": 0.000306}}
{"target": -17.669579592665386, "params": {"gamma": 968.5754560719909, "log10_alpha": -1.7879907792272558, "log10_colsample_bytree": -0.7080743747711016, "log10_eta": -1.4934339935616423, "log10_lambda": -3.0620339551868767, "log10_min_child_weight": 1.5047041729145723, "log10_subsample": -0.3316459126366992, "max_depth": 4.0, "num_boost_round": 8.0}, "datetime": {"datetime": "2024-01-19 00:13:13", "elapsed": 87.411993, "delta": 0.000299}}
{"target": -17.66968180039804, "params": {"gamma": 968.5754560719909, "log10_alpha": -1.7879907792272558, "log10_colsample_bytree": -0.7080743747711016, "log10_eta": -1.4934339935616423, "log10_lambda": -3.0620339551868767, "log10_min_child_weight": 1.5047041729145723, "log10_subsample": -0.3316459126366992, "max_depth": 4.0, "num_boost_round": 9.0}, "datetime": {"datetime": "2024-01-19 00:13:13", "elapsed": 87.412291, "delta": 0.000298}}
{"target": -17.669325569054454, "params": {"gamma": 968.5754560719909, "log10_alpha": -1.7879907792272558, "log10_colsample_bytree": -0.7080743747711016, "log10_eta": -1.4934339935616423, "log10_lambda": -3.0620339551868767, "log10_min_child_weight": 1.5047041729145723, "log10_subsample": -0.3316459126366992, "max_depth": 4.0, "num_boost_round": 10.0}, "datetime": {"datetime": "2024-01-19 00:13:13", "elapsed": 87.412707, "delta": 0.000416}}
{"target": -17.668347241616555, "params": {"gamma": 968.5754560719909, "log10_alpha": -1.7879907792272558, "log10_colsample_bytree": -0.7080743747711016, "log10_eta": -1.4934339935616423, "log10_lambda": -3.0620339551868767, "log10_min_child_weight": 1.5047041729145723, "log10_subsample": -0.3316459126366992, "max_depth": 4.0, "num_boost_round": 11.0}, "datetime": {"datetime": "2024-01-19 00:13:13", "elapsed": 87.413021, "delta": 0.000314}}
{"target": -17.668318200828654, "params": {"gamma": 968.5754560719909, "log10_alpha": -1.7879907792272558, "log10_colsample_bytree": -0.7080743747711016, "log10_eta": -1.4934339935616423, "log10_lambda": -3.0620339551868767, "log10_min_child_weight": 1.5047041729145723, "log10_subsample": -0.3316459126366992, "max_depth": 4.0, "num_boost_round": 12.0}, "datetime": {"datetime": "2024-01-19 00:13:13", "elapsed": 87.413329, "delta": 0.000308}}
{"target": -17.668365000249757, "params": {"gamma": 968.5754560719909, "log10_alpha": -1.7879907792272558, "log10_colsample_bytree": -0.7080743747711016, "log10_eta": -1.4934339935616423, "log10_lambda": -3.0620339551868767, "log10_min_child_weight": 1.5047041729145723, "log10_subsample": -0.3316459126366992, "max_depth": 4.0, "num_boost_round": 13.0}, "datetime": {"datetime": "2024-01-19 00:13:13", "elapsed": 87.413641, "delta": 0.000312}}
{"target": -17.66918494461421, "params": {"gamma": 968.5754560719909, "log10_alpha": -1.7879907792272558, "log10_colsample_bytree": -0.7080743747711016, "log10_eta": -1.4934339935616423, "log10_lambda": -3.0620339551868767, "log10_min_child_weight": 1.5047041729145723, "log10_subsample": -0.3316459126366992, "max_depth": 4.0, "num_boost_round": 14.0}, "datetime": {"datetime": "2024-01-19 00:13:13", "elapsed": 87.413948, "delta": 0.000307}}
{"target": -17.68746146856954, "params": {"gamma": 969.9770989634072, "log10_alpha": 0.2790010694404934, "log10_colsample_bytree": -0.20181126689030704, "log10_eta": -0.2848324696350817, "log10_lambda": -2.5989425201601506, "log10_min_child_weight": 4.519625375505152, "log10_subsample": -0.3474520942948779, "max_depth": 2.0, "num_boost_round": 0.0}, "datetime": {"datetime": "2024-01-19 00:13:31", "elapsed": 105.476301, "delta": 18.062353}}
{"target": -17.69331562039966, "params": {"gamma": 969.9770989634072, "log10_alpha": 0.2790010694404934, "log10_colsample_bytree": -0.20181126689030704, "log10_eta": -0.2848324696350817, "log10_lambda": -2.5989425201601506, "log10_min_child_weight": 4.519625375505152, "log10_subsample": -0.3474520942948779, "max_depth": 2.0, "num_boost_round": 1.0}, "datetime": {"datetime": "2024-01-19 00:13:31", "elapsed": 105.476833, "delta": 0.000532}}
{"target": -17.69524373160458, "params": {"gamma": 969.9770989634072, "log10_alpha": 0.2790010694404934, "log10_colsample_bytree": -0.20181126689030704, "log10_eta": -0.2848324696350817, "log10_lambda": -2.5989425201601506, "log10_min_child_weight": 4.519625375505152, "log10_subsample": -0.3474520942948779, "max_depth": 2.0, "num_boost_round": 2.0}, "datetime": {"datetime": "2024-01-19 00:13:31", "elapsed": 105.477194, "delta": 0.000361}}
{"target": -17.700060451966433, "params": {"gamma": 969.9770989634072, "log10_alpha": 0.2790010694404934, "log10_colsample_bytree": -0.20181126689030704, "log10_eta": -0.2848324696350817, "log10_lambda": -2.5989425201601506, "log10_min_child_weight": 4.519625375505152, "log10_subsample": -0.3474520942948779, "max_depth": 2.0, "num_boost_round": 3.0}, "datetime": {"datetime": "2024-01-19 00:13:31", "elapsed": 105.477542, "delta": 0.000348}}
{"target": -17.700799690418606, "params": {"gamma": 969.9770989634072, "log10_alpha": 0.2790010694404934, "log10_colsample_bytree": -0.20181126689030704, "log10_eta": -0.2848324696350817, "log10_lambda": -2.5989425201601506, "log10_min_child_weight": 4.519625375505152, "log10_subsample": -0.3474520942948779, "max_depth": 2.0, "num_boost_round": 4.0}, "datetime": {"datetime": "2024-01-19 00:13:31", "elapsed": 105.477874, "delta": 0.000332}}
{"target": -17.698908749408677, "params": {"gamma": 969.9770989634072, "log10_alpha": 0.2790010694404934, "log10_colsample_bytree": -0.20181126689030704, "log10_eta": -0.2848324696350817, "log10_lambda": -2.5989425201601506, "log10_min_child_weight": 4.519625375505152, "log10_subsample": -0.3474520942948779, "max_depth": 2.0, "num_boost_round": 5.0}, "datetime": {"datetime": "2024-01-19 00:13:31", "elapsed": 105.478196, "delta": 0.000322}}
{"target": -17.69230964289781, "params": {"gamma": 969.9770989634072, "log10_alpha": 0.2790010694404934, "log10_colsample_bytree": -0.20181126689030704, "log10_eta": -0.2848324696350817, "log10_lambda": -2.5989425201601506, "log10_min_child_weight": 4.519625375505152, "log10_subsample": -0.3474520942948779, "max_depth": 2.0, "num_boost_round": 6.0}, "datetime": {"datetime": "2024-01-19 00:13:31", "elapsed": 105.478531, "delta": 0.000335}}
{"target": -17.696541828145055, "params": {"gamma": 969.9770989634072, "log10_alpha": 0.2790010694404934, "log10_colsample_bytree": -0.20181126689030704, "log10_eta": -0.2848324696350817, "log10_lambda": -2.5989425201601506, "log10_min_child_weight": 4.519625375505152, "log10_subsample": -0.3474520942948779, "max_depth": 2.0, "num_boost_round": 7.0}, "datetime": {"datetime": "2024-01-19 00:13:31", "elapsed": 105.478864, "delta": 0.000333}}
{"target": -17.69712044269969, "params": {"gamma": 969.9770989634072, "log10_alpha": 0.2790010694404934, "log10_colsample_bytree": -0.20181126689030704, "log10_eta": -0.2848324696350817, "log10_lambda": -2.5989425201601506, "log10_min_child_weight": 4.519625375505152, "log10_subsample": -0.3474520942948779, "max_depth": 2.0, "num_boost_round": 8.0}, "datetime": {"datetime": "2024-01-19 00:13:31", "elapsed": 105.479196, "delta": 0.000332}}
{"target": -17.699345574095204, "params": {"gamma": 969.9770989634072, "log10_alpha": 0.2790010694404934, "log10_colsample_bytree": -0.20181126689030704, "log10_eta": -0.2848324696350817, "log10_lambda": -2.5989425201601506, "log10_min_child_weight": 4.519625375505152, "log10_subsample": -0.3474520942948779, "max_depth": 2.0, "num_boost_round": 9.0}, "datetime": {"datetime": "2024-01-19 00:13:31", "elapsed": 105.479536, "delta": 0.00034}}
{"target": -17.695653037208434, "params": {"gamma": 969.9770989634072, "log10_alpha": 0.2790010694404934, "log10_colsample_bytree": -0.20181126689030704, "log10_eta": -0.2848324696350817, "log10_lambda": -2.5989425201601506, "log10_min_child_weight": 4.519625375505152, "log10_subsample": -0.3474520942948779, "max_depth": 2.0, "num_boost_round": 10.0}, "datetime": {"datetime": "2024-01-19 00:13:31", "elapsed": 105.479869, "delta": 0.000333}}
{"target": -17.6770507669727, "params": {"gamma": 970.2034207569194, "log10_alpha": -4.07701107220388, "log10_colsample_bytree": -0.1401082872731303, "log10_eta": -2.4202884249999164, "log10_lambda": -3.8569291684024707, "log10_min_child_weight": 1.373464171439801, "log10_subsample": -0.9248525417685933, "max_depth": 3.0, "num_boost_round": 0.0}, "datetime": {"datetime": "2024-01-19 00:13:49", "elapsed": 123.752391, "delta": 18.272522}}
{"target": -17.676932303734045, "params": {"gamma": 970.2034207569194, "log10_alpha": -4.07701107220388, "log10_colsample_bytree": -0.1401082872731303, "log10_eta": -2.4202884249999164, "log10_lambda": -3.8569291684024707, "log10_min_child_weight": 1.373464171439801, "log10_subsample": -0.9248525417685933, "max_depth": 3.0, "num_boost_round": 1.0}, "datetime": {"datetime": "2024-01-19 00:13:49", "elapsed": 123.753622, "delta": 0.001231}}
{"target": -17.676710885652298, "params": {"gamma": 970.2034207569194, "log10_alpha": -4.07701107220388, "log10_colsample_bytree": -0.1401082872731303, "log10_eta": -2.4202884249999164, "log10_lambda": -3.8569291684024707, "log10_min_child_weight": 1.373464171439801, "log10_subsample": -0.9248525417685933, "max_depth": 3.0, "num_boost_round": 2.0}, "datetime": {"datetime": "2024-01-19 00:13:49", "elapsed": 123.75402, "delta": 0.000398}}
{"target": -17.67651185329558, "params": {"gamma": 970.2034207569194, "log10_alpha": -4.07701107220388, "log10_colsample_bytree": -0.1401082872731303, "log10_eta": -2.4202884249999164, "log10_lambda": -3.8569291684024707, "log10_min_child_weight": 1.373464171439801, "log10_subsample": -0.9248525417685933, "max_depth": 3.0, "num_boost_round": 3.0}, "datetime": {"datetime": "2024-01-19 00:13:49", "elapsed": 123.754372, "delta": 0.000352}}
{"target": -17.676352729637042, "params": {"gamma": 970.2034207569194, "log10_alpha": -4.07701107220388, "log10_colsample_bytree": -0.1401082872731303, "log10_eta": -2.4202884249999164, "log10_lambda": -3.8569291684024707, "log10_min_child_weight": 1.373464171439801, "log10_subsample": -0.9248525417685933, "max_depth": 3.0, "num_boost_round": 4.0}, "datetime": {"datetime": "2024-01-19 00:13:49", "elapsed": 123.754727, "delta": 0.000355}}
{"target": -17.676232712993237, "params": {"gamma": 970.2034207569194, "log10_alpha": -4.07701107220388, "log10_colsample_bytree": -0.1401082872731303, "log10_eta": -2.4202884249999164, "log10_lambda": -3.8569291684024707, "log10_min_child_weight": 1.373464171439801, "log10_subsample": -0.9248525417685933, "max_depth": 3.0, "num_boost_round": 5.0}, "datetime": {"datetime": "2024-01-19 00:13:49", "elapsed": 123.755201, "delta": 0.000474}}
{"target": -17.6760632284927, "params": {"gamma": 970.2034207569194, "log10_alpha": -4.07701107220388, "log10_colsample_bytree": -0.1401082872731303, "log10_eta": -2.4202884249999164, "log10_lambda": -3.8569291684024707, "log10_min_child_weight": 1.373464171439801, "log10_subsample": -0.9248525417685933, "max_depth": 3.0, "num_boost_round": 6.0}, "datetime": {"datetime": "2024-01-19 00:13:49", "elapsed": 123.755558, "delta": 0.000357}}
{"target": -17.67596093723094, "params": {"gamma": 970.2034207569194, "log10_alpha": -4.07701107220388, "log10_colsample_bytree": -0.1401082872731303, "log10_eta": -2.4202884249999164, "log10_lambda": -3.8569291684024707, "log10_min_child_weight": 1.373464171439801, "log10_subsample": -0.9248525417685933, "max_depth": 3.0, "num_boost_round": 7.0}, "datetime": {"datetime": "2024-01-19 00:13:49", "elapsed": 123.755911, "delta": 0.000353}}
{"target": -17.6759271684603, "params": {"gamma": 970.2034207569194, "log10_alpha": -4.07701107220388, "log10_colsample_bytree": -0.1401082872731303, "log10_eta": -2.4202884249999164, "log10_lambda": -3.8569291684024707, "log10_min_child_weight": 1.373464171439801, "log10_subsample": -0.9248525417685933, "max_depth": 3.0, "num_boost_round": 8.0}, "datetime": {"datetime": "2024-01-19 00:13:49", "elapsed": 123.756256, "delta": 0.000345}}
{"target": -17.675823976798732, "params": {"gamma": 970.2034207569194, "log10_alpha": -4.07701107220388, "log10_colsample_bytree": -0.1401082872731303, "log10_eta": -2.4202884249999164, "log10_lambda": -3.8569291684024707, "log10_min_child_weight": 1.373464171439801, "log10_subsample": -0.9248525417685933, "max_depth": 3.0, "num_boost_round": 9.0}, "datetime": {"datetime": "2024-01-19 00:13:49", "elapsed": 123.756613, "delta": 0.000357}}
{"target": -17.675719684751012, "params": {"gamma": 970.2034207569194, "log10_alpha": -4.07701107220388, "log10_colsample_bytree": -0.1401082872731303, "log10_eta": -2.4202884249999164, "log10_lambda": -3.8569291684024707, "log10_min_child_weight": 1.373464171439801, "log10_subsample": -0.9248525417685933, "max_depth": 3.0, "num_boost_round": 10.0}, "datetime": {"datetime": "2024-01-19 00:13:49", "elapsed": 123.756964, "delta": 0.000351}}
{"target": -17.675622109186087, "params": {"gamma": 970.2034207569194, "log10_alpha": -4.07701107220388, "log10_colsample_bytree": -0.1401082872731303, "log10_eta": -2.4202884249999164, "log10_lambda": -3.8569291684024707, "log10_min_child_weight": 1.373464171439801, "log10_subsample": -0.9248525417685933, "max_depth": 3.0, "num_boost_round": 11.0}, "datetime": {"datetime": "2024-01-19 00:13:49", "elapsed": 123.757308, "delta": 0.000344}}
{"target": -17.676379209092826, "params": {"gamma": 971.0364403760497, "log10_alpha": -2.076798520060759, "log10_colsample_bytree": -0.1824519661150671, "log10_eta": -1.486302139360741, "log10_lambda": -3.4595020343349017, "log10_min_child_weight": 0.2643187032809291, "log10_subsample": -0.04901399638919157, "max_depth": 4.0, "num_boost_round": 0.0}, "datetime": {"datetime": "2024-01-19 00:14:07", "elapsed": 141.623839, "delta": 17.866531}}
{"target": -17.67576593583402, "params": {"gamma": 971.0364403760497, "log10_alpha": -2.076798520060759, "log10_colsample_bytree": -0.1824519661150671, "log10_eta": -1.486302139360741, "log10_lambda": -3.4595020343349017, "log10_min_child_weight": 0.2643187032809291, "log10_subsample": -0.04901399638919157, "max_depth": 4.0, "num_boost_round": 1.0}, "datetime": {"datetime": "2024-01-19 00:14:07", "elapsed": 141.624868, "delta": 0.001029}}
{"target": -17.6740065758609, "params": {"gamma": 971.0364403760497, "log10_alpha": -2.076798520060759, "log10_colsample_bytree": -0.1824519661150671, "log10_eta": -1.486302139360741, "log10_lambda": -3.4595020343349017, "log10_min_child_weight": 0.2643187032809291, "log10_subsample": -0.04901399638919157, "max_depth": 4.0, "num_boost_round": 2.0}, "datetime": {"datetime": "2024-01-19 00:14:07", "elapsed": 141.625269, "delta": 0.000401}}
