{"target": -13.759131364736767, "params": {"gamma": 87.00827399101196, "log10_alpha": -0.702849342942697, "log10_colsample_bytree": -0.31603325861385945, "log10_eta": -1.2700286082525198, "log10_lambda": -2.7113868647828077, "log10_min_child_weight": 4.676698935642893, "log10_subsample": -0.36652589769847665, "max_depth": 2.0, "num_boost_round": 8.0}, "datetime": {"datetime": "2024-01-19 00:28:18", "elapsed": 997.505972, "delta": 0.001266}}
{"target": -13.759200712987534, "params": {"gamma": 87.00827399101196, "log10_alpha": -0.702849342942697, "log10_colsample_bytree": -0.31603325861385945, "log10_eta": -1.2700286082525198, "log10_lambda": -2.7113868647828077, "log10_min_child_weight": 4.676698935642893, "log10_subsample": -0.36652589769847665, "max_depth": 2.0, "num_boost_round": 9.0}, "datetime": {"datetime": "2024-01-19 00:28:18", "elapsed": 997.507301, "delta": 0.001329}}
{"target": -13.759308540161838, "params": {"gamma": 87.00827399101196, "log10_alpha": -0.702849342942697, "log10_colsample_bytree": -0.31603325861385945, "log10_eta": -1.2700286082525198, "log10_lambda": -2.7113868647828077, "log10_min_child_weight": 4.676698935642893, "log10_subsample": -0.36652589769847665, "max_depth": 2.0, "num_boost_round": 10.0}, "datetime": {"datetime": "2024-01-19 00:28:18", "elapsed": 997.50859, "delta": 0.001289}}
{"target": -13.75922093208047, "params": {"gamma": 87.00827399101196, "log10_alpha": -0.702849342942697, "log10_colsample_bytree": -0.31603325861385945, "log10_eta": -1.2700286082525198, "log10_lambda": -2.7113868647828077, "log10_min_child_weight": 4.676698935642893, "log10_subsample": -0.36652589769847665, "max_depth": 2.0, "num_boost_round": 11.0}, "datetime": {"datetime": "2024-01-19 00:28:18", "elapsed": 997.509837, "delta": 0.001247}}
{"target": -13.759410849751049, "params": {"gamma": 87.00827399101196, "log10_alpha": -0.702849342942697, "log10_colsample_bytree": -0.31603325861385945, "log10_eta": -1.2700286082525198, "log10_lambda": -2.7113868647828077, "log10_min_child_weight": 4.676698935642893, "log10_subsample": -0.36652589769847665, "max_depth": 2.0, "num_boost_round": 12.0}, "datetime": {"datetime": "2024-01-19 00:28:18", "elapsed": 997.511104, "delta": 0.001267}}
{"target": -13.759550665091295, "params": {"gamma": 87.00827399101196, "log10_alpha": -0.702849342942697, "log10_colsample_bytree": -0.31603325861385945, "log10_eta": -1.2700286082525198, "log10_lambda": -2.7113868647828077, "log10_min_child_weight": 4.676698935642893, "log10_subsample": -0.36652589769847665, "max_depth": 2.0, "num_boost_round": 13.0}, "datetime": {"datetime": "2024-01-19 00:28:18", "elapsed": 997.512494, "delta": 0.00139}}
{"target": -13.759591316898504, "params": {"gamma": 87.00827399101196, "log10_alpha": -0.702849342942697, "log10_colsample_bytree": -0.31603325861385945, "log10_eta": -1.2700286082525198, "log10_lambda": -2.7113868647828077, "log10_min_child_weight": 4.676698935642893, "log10_subsample": -0.36652589769847665, "max_depth": 2.0, "num_boost_round": 14.0}, "datetime": {"datetime": "2024-01-19 00:28:18", "elapsed": 997.513814, "delta": 0.00132}}
{"target": -13.759482993552723, "params": {"gamma": 87.00827399101196, "log10_alpha": -0.702849342942697, "log10_colsample_bytree": -0.31603325861385945, "log10_eta": -1.2700286082525198, "log10_lambda": -2.7113868647828077, "log10_min_child_weight": 4.676698935642893, "log10_subsample": -0.36652589769847665, "max_depth": 2.0, "num_boost_round": 15.0}, "datetime": {"datetime": "2024-01-19 00:28:18", "elapsed": 997.515104, "delta": 0.00129}}
{"target": -13.759513368384287, "params": {"gamma": 87.00827399101196, "log10_alpha": -0.702849342942697, "log10_colsample_bytree": -0.31603325861385945, "log10_eta": -1.2700286082525198, "log10_lambda": -2.7113868647828077, "log10_min_child_weight": 4.676698935642893, "log10_subsample": -0.36652589769847665, "max_depth": 2.0, "num_boost_round": 16.0}, "datetime": {"datetime": "2024-01-19 00:28:18", "elapsed": 997.516354, "delta": 0.00125}}
{"target": -13.759691815995133, "params": {"gamma": 87.00827399101196, "log10_alpha": -0.702849342942697, "log10_colsample_bytree": -0.31603325861385945, "log10_eta": -1.2700286082525198, "log10_lambda": -2.7113868647828077, "log10_min_child_weight": 4.676698935642893, "log10_subsample": -0.36652589769847665, "max_depth": 2.0, "num_boost_round": 17.0}, "datetime": {"datetime": "2024-01-19 00:28:18", "elapsed": 997.517633, "delta": 0.001279}}
{"target": -13.759901452687773, "params": {"gamma": 87.00827399101196, "log10_alpha": -0.702849342942697, "log10_colsample_bytree": -0.31603325861385945, "log10_eta": -1.2700286082525198, "log10_lambda": -2.7113868647828077, "log10_min_child_weight": 4.676698935642893, "log10_subsample": -0.36652589769847665, "max_depth": 2.0, "num_boost_round": 18.0}, "datetime": {"datetime": "2024-01-19 00:28:18", "elapsed": 997.519041, "delta": 0.001408}}
{"target": -13.759946025527707, "params": {"gamma": 87.00827399101196, "log10_alpha": -0.702849342942697, "log10_colsample_bytree": -0.31603325861385945, "log10_eta": -1.2700286082525198, "log10_lambda": -2.7113868647828077, "log10_min_child_weight": 4.676698935642893, "log10_subsample": -0.36652589769847665, "max_depth": 2.0, "num_boost_round": 19.0}, "datetime": {"datetime": "2024-01-19 00:28:18", "elapsed": 997.520294, "delta": 0.001253}}
{"target": -13.759894933634945, "params": {"gamma": 87.00827399101196, "log10_alpha": -0.702849342942697, "log10_colsample_bytree": -0.31603325861385945, "log10_eta": -1.2700286082525198, "log10_lambda": -2.7113868647828077, "log10_min_child_weight": 4.676698935642893, "log10_subsample": -0.36652589769847665, "max_depth": 2.0, "num_boost_round": 20.0}, "datetime": {"datetime": "2024-01-19 00:28:18", "elapsed": 997.521578, "delta": 0.001284}}
{"target": -13.76002890566897, "params": {"gamma": 87.00827399101196, "log10_alpha": -0.702849342942697, "log10_colsample_bytree": -0.31603325861385945, "log10_eta": -1.2700286082525198, "log10_lambda": -2.7113868647828077, "log10_min_child_weight": 4.676698935642893, "log10_subsample": -0.36652589769847665, "max_depth": 2.0, "num_boost_round": 21.0}, "datetime": {"datetime": "2024-01-19 00:28:18", "elapsed": 997.522961, "delta": 0.001383}}
{"target": -13.760495158934646, "params": {"gamma": 87.00827399101196, "log10_alpha": -0.702849342942697, "log10_colsample_bytree": -0.31603325861385945, "log10_eta": -1.2700286082525198, "log10_lambda": -2.7113868647828077, "log10_min_child_weight": 4.676698935642893, "log10_subsample": -0.36652589769847665, "max_depth": 2.0, "num_boost_round": 22.0}, "datetime": {"datetime": "2024-01-19 00:28:18", "elapsed": 997.524232, "delta": 0.001271}}
{"target": -13.76053537372185, "params": {"gamma": 87.00827399101196, "log10_alpha": -0.702849342942697, "log10_colsample_bytree": -0.31603325861385945, "log10_eta": -1.2700286082525198, "log10_lambda": -2.7113868647828077, "log10_min_child_weight": 4.676698935642893, "log10_subsample": -0.36652589769847665, "max_depth": 2.0, "num_boost_round": 23.0}, "datetime": {"datetime": "2024-01-19 00:28:18", "elapsed": 997.526589, "delta": 0.002357}}
{"target": -13.760594900300303, "params": {"gamma": 87.00827399101196, "log10_alpha": -0.702849342942697, "log10_colsample_bytree": -0.31603325861385945, "log10_eta": -1.2700286082525198, "log10_lambda": -2.7113868647828077, "log10_min_child_weight": 4.676698935642893, "log10_subsample": -0.36652589769847665, "max_depth": 2.0, "num_boost_round": 24.0}, "datetime": {"datetime": "2024-01-19 00:28:18", "elapsed": 997.52798, "delta": 0.001391}}
{"target": -13.758537544424648, "params": {"gamma": 84.49958125962476, "log10_alpha": -3.3649728557263696, "log10_colsample_bytree": -0.6418761783357703, "log10_eta": -3.7055477293085977, "log10_lambda": -4.615033898932493, "log10_min_child_weight": 4.053234386677145, "log10_subsample": -0.16399864814923315, "max_depth": 4.0, "num_boost_round": 0.0}, "datetime": {"datetime": "2024-01-19 00:28:39", "elapsed": 1018.465223, "delta": 20.937243}}
{"target": -13.758534282894766, "params": {"gamma": 84.49958125962476, "log10_alpha": -3.3649728557263696, "log10_colsample_bytree": -0.6418761783357703, "log10_eta": -3.7055477293085977, "log10_lambda": -4.615033898932493, "log10_min_child_weight": 4.053234386677145, "log10_subsample": -0.16399864814923315, "max_depth": 4.0, "num_boost_round": 1.0}, "datetime": {"datetime": "2024-01-19 00:28:39", "elapsed": 1018.46702, "delta": 0.001797}}
{"target": -13.758534269158924, "params": {"gamma": 84.49958125962476, "log10_alpha": -3.3649728557263696, "log10_colsample_bytree": -0.6418761783357703, "log10_eta": -3.7055477293085977, "log10_lambda": -4.615033898932493, "log10_min_child_weight": 4.053234386677145, "log10_subsample": -0.16399864814923315, "max_depth": 4.0, "num_boost_round": 2.0}, "datetime": {"datetime": "2024-01-19 00:28:39", "elapsed": 1018.468478, "delta": 0.001458}}
{"target": -13.75853380284294, "params": {"gamma": 84.49958125962476, "log10_alpha": -3.3649728557263696, "log10_colsample_bytree": -0.6418761783357703, "log10_eta": -3.7055477293085977, "log10_lambda": -4.615033898932493, "log10_min_child_weight": 4.053234386677145, "log10_subsample": -0.16399864814923315, "max_depth": 4.0, "num_boost_round": 3.0}, "datetime": {"datetime": "2024-01-19 00:28:39", "elapsed": 1018.4701, "delta": 0.001622}}
{"target": -13.75853192855971, "params": {"gamma": 84.49958125962476, "log10_alpha": -3.3649728557263696, "log10_colsample_bytree": -0.6418761783357703, "log10_eta": -3.7055477293085977, "log10_lambda": -4.615033898932493, "log10_min_child_weight": 4.053234386677145, "log10_subsample": -0.16399864814923315, "max_depth": 4.0, "num_boost_round": 4.0}, "datetime": {"datetime": "2024-01-19 00:28:39", "elapsed": 1018.47142, "delta": 0.00132}}
{"target": -13.758529811621159, "params": {"gamma": 84.49958125962476, "log10_alpha": -3.3649728557263696, "log10_colsample_bytree": -0.6418761783357703, "log10_eta": -3.7055477293085977, "log10_lambda": -4.615033898932493, "log10_min_child_weight": 4.053234386677145, "log10_subsample": -0.16399864814923315, "max_depth": 4.0, "num_boost_round": 5.0}, "datetime": {"datetime": "2024-01-19 00:28:39", "elapsed": 1018.473252, "delta": 0.001832}}
{"target": -13.75852919416315, "params": {"gamma": 84.49958125962476, "log10_alpha": -3.3649728557263696, "log10_colsample_bytree": -0.6418761783357703, "log10_eta": -3.7055477293085977, "log10_lambda": -4.615033898932493, "log10_min_child_weight": 4.053234386677145, "log10_subsample": -0.16399864814923315, "max_depth": 4.0, "num_boost_round": 6.0}, "datetime": {"datetime": "2024-01-19 00:28:39", "elapsed": 1018.474554, "delta": 0.001302}}
{"target": -13.758526317314564, "params": {"gamma": 84.49958125962476, "log10_alpha": -3.3649728557263696, "log10_colsample_bytree": -0.6418761783357703, "log10_eta": -3.7055477293085977, "log10_lambda": -4.615033898932493, "log10_min_child_weight": 4.053234386677145, "log10_subsample": -0.16399864814923315, "max_depth": 4.0, "num_boost_round": 7.0}, "datetime": {"datetime": "2024-01-19 00:28:39", "elapsed": 1018.475842, "delta": 0.001288}}
{"target": -13.758522646062408, "params": {"gamma": 84.49958125962476, "log10_alpha": -3.3649728557263696, "log10_colsample_bytree": -0.6418761783357703, "log10_eta": -3.7055477293085977, "log10_lambda": -4.615033898932493, "log10_min_child_weight": 4.053234386677145, "log10_subsample": -0.16399864814923315, "max_depth": 4.0, "num_boost_round": 8.0}, "datetime": {"datetime": "2024-01-19 00:28:39", "elapsed": 1018.477113, "delta": 0.001271}}
{"target": -13.758520302398507, "params": {"gamma": 84.49958125962476, "log10_alpha": -3.3649728557263696, "log10_colsample_bytree": -0.6418761783357703, "log10_eta": -3.7055477293085977, "log10_lambda": -4.615033898932493, "log10_min_child_weight": 4.053234386677145, "log10_subsample": -0.16399864814923315, "max_depth": 4.0, "num_boost_round": 9.0}, "datetime": {"datetime": "2024-01-19 00:28:39", "elapsed": 1018.478412, "delta": 0.001299}}
{"target": -13.758535909779898, "params": {"gamma": 87.76600439508687, "log10_alpha": 0.22678038895991204, "log10_colsample_bytree": -0.16946795416600613, "log10_eta": -3.3717130476512787, "log10_lambda": -0.28139848224749997, "log10_min_child_weight": 4.8721345423851, "log10_subsample": -0.5240166078439258, "max_depth": 6.0, "num_boost_round": 0.0}, "datetime": {"datetime": "2024-01-19 00:29:01", "elapsed": 1040.8647, "delta": 22.386288}}
{"target": -13.758533343685064, "params": {"gamma": 87.76600439508687, "log10_alpha": 0.22678038895991204, "log10_colsample_bytree": -0.16946795416600613, "log10_eta": -3.3717130476512787, "log10_lambda": -0.28139848224749997, "log10_min_child_weight": 4.8721345423851, "log10_subsample": -0.5240166078439258, "max_depth": 6.0, "num_boost_round": 1.0}, "datetime": {"datetime": "2024-01-19 00:29:01", "elapsed": 1040.866222, "delta": 0.001522}}
{"target": -13.758533787057615, "params": {"gamma": 87.76600439508687, "log10_alpha": 0.22678038895991204, "log10_colsample_bytree": -0.16946795416600613, "log10_eta": -3.3717130476512787, "log10_lambda": -0.28139848224749997, "log10_min_child_weight": 4.8721345423851, "log10_subsample": -0.5240166078439258, "max_depth": 6.0, "num_boost_round": 2.0}, "datetime": {"datetime": "2024-01-19 00:29:01", "elapsed": 1040.867885, "delta": 0.001663}}
{"target": -13.7585318854893, "params": {"gamma": 87.76600439508687, "log10_alpha": 0.22678038895991204, "log10_colsample_bytree": -0.16946795416600613, "log10_eta": -3.3717130476512787, "log10_lambda": -0.28139848224749997, "log10_min_child_weight": 4.8721345423851, "log10_subsample": -0.5240166078439258, "max_depth": 6.0, "num_boost_round": 3.0}, "datetime": {"datetime": "2024-01-19 00:29:01", "elapsed": 1040.869859, "delta": 0.001974}}
{"target": -13.758530181943915, "params": {"gamma": 87.76600439508687, "log10_alpha": 0.22678038895991204, "log10_colsample_bytree": -0.16946795416600613, "log10_eta": -3.3717130476512787, "log10_lambda": -0.28139848224749997, "log10_min_child_weight": 4.8721345423851, "log10_subsample": -0.5240166078439258, "max_depth": 6.0, "num_boost_round": 4.0}, "datetime": {"datetime": "2024-01-19 00:29:01", "elapsed": 1040.973768, "delta": 0.103909}}
{"target": -13.7585282436152, "params": {"gamma": 87.76600439508687, "log10_alpha": 0.22678038895991204, "log10_colsample_bytree": -0.16946795416600613, "log10_eta": -3.3717130476512787, "log10_lambda": -0.28139848224749997, "log10_min_child_weight": 4.8721345423851, "log10_subsample": -0.5240166078439258, "max_depth": 6.0, "num_boost_round": 5.0}, "datetime": {"datetime": "2024-01-19 00:29:01", "elapsed": 1040.975469, "delta": 0.001701}}
{"target": -13.758526769562653, "params": {"gamma": 87.76600439508687, "log10_alpha": 0.22678038895991204, "log10_colsample_bytree": -0.16946795416600613, "log10_eta": -3.3717130476512787, "log10_lambda": -0.28139848224749997, "log10_min_child_weight": 4.8721345423851, "log10_subsample": -0.5240166078439258, "max_depth": 6.0, "num_boost_round": 6.0}, "datetime": {"datetime": "2024-01-19 00:29:01", "elapsed": 1040.976916, "delta": 0.001447}}
{"target": -13.758524871908412, "params": {"gamma": 87.76600439508687, "log10_alpha": 0.22678038895991204, "log10_colsample_bytree": -0.16946795416600613, "log10_eta": -3.3717130476512787, "log10_lambda": -0.28139848224749997, "log10_min_child_weight": 4.8721345423851, "log10_subsample": -0.5240166078439258, "max_depth": 6.0, "num_boost_round": 7.0}, "datetime": {"datetime": "2024-01-19 00:29:01", "elapsed": 1040.978817, "delta": 0.001901}}
{"target": -13.758523116987467, "params": {"gamma": 87.76600439508687, "log10_alpha": 0.22678038895991204, "log10_colsample_bytree": -0.16946795416600613, "log10_eta": -3.3717130476512787, "log10_lambda": -0.28139848224749997, "log10_min_child_weight": 4.8721345423851, "log10_subsample": -0.5240166078439258, "max_depth": 6.0, "num_boost_round": 8.0}, "datetime": {"datetime": "2024-01-19 00:29:01", "elapsed": 1040.98017, "delta": 0.001353}}
{"target": -13.758524272599377, "params": {"gamma": 87.76600439508687, "log10_alpha": 0.22678038895991204, "log10_colsample_bytree": -0.16946795416600613, "log10_eta": -3.3717130476512787, "log10_lambda": -0.28139848224749997, "log10_min_child_weight": 4.8721345423851, "log10_subsample": -0.5240166078439258, "max_depth": 6.0, "num_boost_round": 9.0}, "datetime": {"datetime": "2024-01-19 00:29:01", "elapsed": 1040.981516, "delta": 0.001346}}
{"target": -13.758522156691853, "params": {"gamma": 87.76600439508687, "log10_alpha": 0.22678038895991204, "log10_colsample_bytree": -0.16946795416600613, "log10_eta": -3.3717130476512787, "log10_lambda": -0.28139848224749997, "log10_min_child_weight": 4.8721345423851, "log10_subsample": -0.5240166078439258, "max_depth": 6.0, "num_boost_round": 10.0}, "datetime": {"datetime": "2024-01-19 00:29:01", "elapsed": 1040.983088, "delta": 0.001572}}
{"target": -13.758520463841721, "params": {"gamma": 87.76600439508687, "log10_alpha": 0.22678038895991204, "log10_colsample_bytree": -0.16946795416600613, "log10_eta": -3.3717130476512787, "log10_lambda": -0.28139848224749997, "log10_min_child_weight": 4.8721345423851, "log10_subsample": -0.5240166078439258, "max_depth": 6.0, "num_boost_round": 11.0}, "datetime": {"datetime": "2024-01-19 00:29:01", "elapsed": 1040.984596, "delta": 0.001508}}
{"target": -13.758521320909768, "params": {"gamma": 87.76600439508687, "log10_alpha": 0.22678038895991204, "log10_colsample_bytree": -0.16946795416600613, "log10_eta": -3.3717130476512787, "log10_lambda": -0.28139848224749997, "log10_min_child_weight": 4.8721345423851, "log10_subsample": -0.5240166078439258, "max_depth": 6.0, "num_boost_round": 12.0}, "datetime": {"datetime": "2024-01-19 00:29:01", "elapsed": 1040.986063, "delta": 0.001467}}
{"target": -13.758535504822108, "params": {"gamma": 84.09198377125726, "log10_alpha": -3.382283988937032, "log10_colsample_bytree": -0.8999245755549893, "log10_eta": -3.6523047250001324, "log10_lambda": 0.07094880899617717, "log10_min_child_weight": 3.389151318657672, "log10_subsample": -0.36035206649085727, "max_depth": 6.0, "num_boost_round": 0.0}, "datetime": {"datetime": "2024-01-19 00:29:23", "elapsed": 1062.324456, "delta": 21.338393}}
{"target": -13.758532397078774, "params": {"gamma": 84.09198377125726, "log10_alpha": -3.382283988937032, "log10_colsample_bytree": -0.8999245755549893, "log10_eta": -3.6523047250001324, "log10_lambda": 0.07094880899617717, "log10_min_child_weight": 3.389151318657672, "log10_subsample": -0.36035206649085727, "max_depth": 6.0, "num_boost_round": 1.0}, "datetime": {"datetime": "2024-01-19 00:29:23", "elapsed": 1062.326039, "delta": 0.001583}}
{"target": -13.758533064133404, "params": {"gamma": 84.09198377125726, "log10_alpha": -3.382283988937032, "log10_colsample_bytree": -0.8999245755549893, "log10_eta": -3.6523047250001324, "log10_lambda": 0.07094880899617717, "log10_min_child_weight": 3.389151318657672, "log10_subsample": -0.36035206649085727, "max_depth": 6.0, "num_boost_round": 2.0}, "datetime": {"datetime": "2024-01-19 00:29:23", "elapsed": 1062.327932, "delta": 0.001893}}
{"target": -13.758532499954992, "params": {"gamma": 84.09198377125726, "log10_alpha": -3.382283988937032, "log10_colsample_bytree": -0.8999245755549893, "log10_eta": -3.6523047250001324, "log10_lambda": 0.07094880899617717, "log10_min_child_weight": 3.389151318657672, "log10_subsample": -0.36035206649085727, "max_depth": 6.0, "num_boost_round": 3.0}, "datetime": {"datetime": "2024-01-19 00:29:23", "elapsed": 1062.329409, "delta": 0.001477}}
{"target": -13.758528908863095, "params": {"gamma": 84.09198377125726, "log10_alpha": -3.382283988937032, "log10_colsample_bytree": -0.8999245755549893, "log10_eta": -3.6523047250001324, "log10_lambda": 0.07094880899617717, "log10_min_child_weight": 3.389151318657672, "log10_subsample": -0.36035206649085727, "max_depth": 6.0, "num_boost_round": 4.0}, "datetime": {"datetime": "2024-01-19 00:29:23", "elapsed": 1062.330791, "delta": 0.001382}}
{"target": -13.758524684202339, "params": {"gamma": 84.09198377125726, "log10_alpha": -3.382283988937032, "log10_colsample_bytree": -0.8999245755549893, "log10_eta": -3.6523047250001324, "log10_lambda": 0.07094880899617717, "log10_min_child_weight": 3.389151318657672, "log10_subsample": -0.36035206649085727, "max_depth": 6.0, "num_boost_round": 5.0}, "datetime": {"datetime": "2024-01-19 00:29:23", "elapsed": 1062.332179, "delta": 0.001388}}
{"target": -13.758528650596297, "params": {"gamma": 84.09198377125726, "log10_alpha": -3.382283988937032, "log10_colsample_bytree": -0.8999245755549893, "log10_eta": -3.6523047250001324, "log10_lambda": 0.07094880899617717, "log10_min_child_weight": 3.389151318657672, "log10_subsample": -0.36035206649085727, "max_depth": 6.0, "num_boost_round": 6.0}, "datetime": {"datetime": "2024-01-19 00:29:23", "elapsed": 1062.333745, "delta": 0.001566}}
{"target": -13.758521443865122, "params": {"gamma": 84.09198377125726, "log10_alpha": -3.382283988937032, "log10_colsample_bytree": -0.8999245755549893, "log10_eta": -3.6523047250001324, "log10_lambda": 0.07094880899617717, "log10_min_child_weight": 3.389151318657672, "log10_subsample": -0.36035206649085727, "max_depth": 6.0, "num_boost_round": 7.0}, "datetime": {"datetime": "2024-01-19 00:29:23", "elapsed": 1062.335235, "delta": 0.00149}}
{"target": -13.75851757528438, "params": {"gamma": 84.09198377125726, "log10_alpha": -3.382283988937032, "log10_colsample_bytree": -0.8999245755549893, "log10_eta": -3.6523047250001324, "log10_lambda": 0.07094880899617717, "log10_min_child_weight": 3.389151318657672, "log10_subsample": -0.36035206649085727, "max_depth": 6.0, "num_boost_round": 8.0}, "datetime": {"datetime": "2024-01-19 00:29:23", "elapsed": 1062.336788, "delta": 0.001553}}
