{"target": -17.67714181086192, "params": {"gamma": 867.0506277694898, "log10_alpha": -2.957684965448359, "log10_colsample_bytree": -0.09151931232557901, "log10_eta": -3.373301632822359, "log10_lambda": 1.0, "log10_min_child_weight": 3.166311909901948, "log10_subsample": -1.0, "max_depth": 8.0, "num_boost_round": 4.0}, "datetime": {"datetime": "2024-01-19 01:21:14", "elapsed": 4155.340022, "delta": 0.004178}}
{"target": -17.67711800896519, "params": {"gamma": 867.0506277694898, "log10_alpha": -2.957684965448359, "log10_colsample_bytree": -0.09151931232557901, "log10_eta": -3.373301632822359, "log10_lambda": 1.0, "log10_min_child_weight": 3.166311909901948, "log10_subsample": -1.0, "max_depth": 8.0, "num_boost_round": 5.0}, "datetime": {"datetime": "2024-01-19 01:21:14", "elapsed": 4155.345309, "delta": 0.005287}}
{"target": -17.677103565812793, "params": {"gamma": 867.0506277694898, "log10_alpha": -2.957684965448359, "log10_colsample_bytree": -0.09151931232557901, "log10_eta": -3.373301632822359, "log10_lambda": 1.0, "log10_min_child_weight": 3.166311909901948, "log10_subsample": -1.0, "max_depth": 8.0, "num_boost_round": 6.0}, "datetime": {"datetime": "2024-01-19 01:21:14", "elapsed": 4155.349495, "delta": 0.004186}}
{"target": -17.677083834919415, "params": {"gamma": 867.0506277694898, "log10_alpha": -2.957684965448359, "log10_colsample_bytree": -0.09151931232557901, "log10_eta": -3.373301632822359, "log10_lambda": 1.0, "log10_min_child_weight": 3.166311909901948, "log10_subsample": -1.0, "max_depth": 8.0, "num_boost_round": 7.0}, "datetime": {"datetime": "2024-01-19 01:21:14", "elapsed": 4155.353769, "delta": 0.004274}}
{"target": -17.677062643708155, "params": {"gamma": 867.0506277694898, "log10_alpha": -2.957684965448359, "log10_colsample_bytree": -0.09151931232557901, "log10_eta": -3.373301632822359, "log10_lambda": 1.0, "log10_min_child_weight": 3.166311909901948, "log10_subsample": -1.0, "max_depth": 8.0, "num_boost_round": 8.0}, "datetime": {"datetime": "2024-01-19 01:21:14", "elapsed": 4155.35807, "delta": 0.004301}}
{"target": -17.67704702425928, "params": {"gamma": 867.0506277694898, "log10_alpha": -2.957684965448359, "log10_colsample_bytree": -0.09151931232557901, "log10_eta": -3.373301632822359, "log10_lambda": 1.0, "log10_min_child_weight": 3.166311909901948, "log10_subsample": -1.0, "max_depth": 8.0, "num_boost_round": 9.0}, "datetime": {"datetime": "2024-01-19 01:21:14", "elapsed": 4155.362257, "delta": 0.004187}}
{"target": -17.67703618840971, "params": {"gamma": 867.0506277694898, "log10_alpha": -2.957684965448359, "log10_colsample_bytree": -0.09151931232557901, "log10_eta": -3.373301632822359, "log10_lambda": 1.0, "log10_min_child_weight": 3.166311909901948, "log10_subsample": -1.0, "max_depth": 8.0, "num_boost_round": 10.0}, "datetime": {"datetime": "2024-01-19 01:21:14", "elapsed": 4155.366416, "delta": 0.004159}}
{"target": -17.677029508650904, "params": {"gamma": 867.0506277694898, "log10_alpha": -2.957684965448359, "log10_colsample_bytree": -0.09151931232557901, "log10_eta": -3.373301632822359, "log10_lambda": 1.0, "log10_min_child_weight": 3.166311909901948, "log10_subsample": -1.0, "max_depth": 8.0, "num_boost_round": 11.0}, "datetime": {"datetime": "2024-01-19 01:21:14", "elapsed": 4155.370689, "delta": 0.004273}}
{"target": -17.677020780789565, "params": {"gamma": 867.0506277694898, "log10_alpha": -2.957684965448359, "log10_colsample_bytree": -0.09151931232557901, "log10_eta": -3.373301632822359, "log10_lambda": 1.0, "log10_min_child_weight": 3.166311909901948, "log10_subsample": -1.0, "max_depth": 8.0, "num_boost_round": 12.0}, "datetime": {"datetime": "2024-01-19 01:21:14", "elapsed": 4155.374934, "delta": 0.004245}}
{"target": -17.676998850260556, "params": {"gamma": 867.0506277694898, "log10_alpha": -2.957684965448359, "log10_colsample_bytree": -0.09151931232557901, "log10_eta": -3.373301632822359, "log10_lambda": 1.0, "log10_min_child_weight": 3.166311909901948, "log10_subsample": -1.0, "max_depth": 8.0, "num_boost_round": 13.0}, "datetime": {"datetime": "2024-01-19 01:21:14", "elapsed": 4155.379336, "delta": 0.004402}}
{"target": -17.676978959717747, "params": {"gamma": 867.0506277694898, "log10_alpha": -2.957684965448359, "log10_colsample_bytree": -0.09151931232557901, "log10_eta": -3.373301632822359, "log10_lambda": 1.0, "log10_min_child_weight": 3.166311909901948, "log10_subsample": -1.0, "max_depth": 8.0, "num_boost_round": 14.0}, "datetime": {"datetime": "2024-01-19 01:21:14", "elapsed": 4155.383649, "delta": 0.004313}}
{"target": -17.676957909504363, "params": {"gamma": 867.0506277694898, "log10_alpha": -2.957684965448359, "log10_colsample_bytree": -0.09151931232557901, "log10_eta": -3.373301632822359, "log10_lambda": 1.0, "log10_min_child_weight": 3.166311909901948, "log10_subsample": -1.0, "max_depth": 8.0, "num_boost_round": 15.0}, "datetime": {"datetime": "2024-01-19 01:21:14", "elapsed": 4155.38779, "delta": 0.004141}}
{"target": -17.676939031428237, "params": {"gamma": 867.0506277694898, "log10_alpha": -2.957684965448359, "log10_colsample_bytree": -0.09151931232557901, "log10_eta": -3.373301632822359, "log10_lambda": 1.0, "log10_min_child_weight": 3.166311909901948, "log10_subsample": -1.0, "max_depth": 8.0, "num_boost_round": 16.0}, "datetime": {"datetime": "2024-01-19 01:21:14", "elapsed": 4155.39194, "delta": 0.00415}}
{"target": -17.676926542592437, "params": {"gamma": 867.0506277694898, "log10_alpha": -2.957684965448359, "log10_colsample_bytree": -0.09151931232557901, "log10_eta": -3.373301632822359, "log10_lambda": 1.0, "log10_min_child_weight": 3.166311909901948, "log10_subsample": -1.0, "max_depth": 8.0, "num_boost_round": 17.0}, "datetime": {"datetime": "2024-01-19 01:21:14", "elapsed": 4155.396272, "delta": 0.004332}}
{"target": -17.676914468454598, "params": {"gamma": 867.0506277694898, "log10_alpha": -2.957684965448359, "log10_colsample_bytree": -0.09151931232557901, "log10_eta": -3.373301632822359, "log10_lambda": 1.0, "log10_min_child_weight": 3.166311909901948, "log10_subsample": -1.0, "max_depth": 8.0, "num_boost_round": 18.0}, "datetime": {"datetime": "2024-01-19 01:21:14", "elapsed": 4155.400554, "delta": 0.004282}}
{"target": -17.676896856915498, "params": {"gamma": 867.0506277694898, "log10_alpha": -2.957684965448359, "log10_colsample_bytree": -0.09151931232557901, "log10_eta": -3.373301632822359, "log10_lambda": 1.0, "log10_min_child_weight": 3.166311909901948, "log10_subsample": -1.0, "max_depth": 8.0, "num_boost_round": 19.0}, "datetime": {"datetime": "2024-01-19 01:21:14", "elapsed": 4155.404823, "delta": 0.004269}}
{"target": -17.676885312449492, "params": {"gamma": 867.0506277694898, "log10_alpha": -2.957684965448359, "log10_colsample_bytree": -0.09151931232557901, "log10_eta": -3.373301632822359, "log10_lambda": 1.0, "log10_min_child_weight": 3.166311909901948, "log10_subsample": -1.0, "max_depth": 8.0, "num_boost_round": 20.0}, "datetime": {"datetime": "2024-01-19 01:21:14", "elapsed": 4155.409007, "delta": 0.004184}}
{"target": -17.67686568679437, "params": {"gamma": 867.0506277694898, "log10_alpha": -2.957684965448359, "log10_colsample_bytree": -0.09151931232557901, "log10_eta": -3.373301632822359, "log10_lambda": 1.0, "log10_min_child_weight": 3.166311909901948, "log10_subsample": -1.0, "max_depth": 8.0, "num_boost_round": 21.0}, "datetime": {"datetime": "2024-01-19 01:21:14", "elapsed": 4155.413146, "delta": 0.004139}}
{"target": -17.67684947626046, "params": {"gamma": 867.0506277694898, "log10_alpha": -2.957684965448359, "log10_colsample_bytree": -0.09151931232557901, "log10_eta": -3.373301632822359, "log10_lambda": 1.0, "log10_min_child_weight": 3.166311909901948, "log10_subsample": -1.0, "max_depth": 8.0, "num_boost_round": 22.0}, "datetime": {"datetime": "2024-01-19 01:21:14", "elapsed": 4155.417196, "delta": 0.00405}}
{"target": -17.676824435816982, "params": {"gamma": 867.0506277694898, "log10_alpha": -2.957684965448359, "log10_colsample_bytree": -0.09151931232557901, "log10_eta": -3.373301632822359, "log10_lambda": 1.0, "log10_min_child_weight": 3.166311909901948, "log10_subsample": -1.0, "max_depth": 8.0, "num_boost_round": 23.0}, "datetime": {"datetime": "2024-01-19 01:21:14", "elapsed": 4155.421268, "delta": 0.004072}}
{"target": -17.67680572891044, "params": {"gamma": 867.0506277694898, "log10_alpha": -2.957684965448359, "log10_colsample_bytree": -0.09151931232557901, "log10_eta": -3.373301632822359, "log10_lambda": 1.0, "log10_min_child_weight": 3.166311909901948, "log10_subsample": -1.0, "max_depth": 8.0, "num_boost_round": 24.0}, "datetime": {"datetime": "2024-01-19 01:21:14", "elapsed": 4155.425282, "delta": 0.004014}}
{"target": -17.676795174609275, "params": {"gamma": 867.0506277694898, "log10_alpha": -2.957684965448359, "log10_colsample_bytree": -0.09151931232557901, "log10_eta": -3.373301632822359, "log10_lambda": 1.0, "log10_min_child_weight": 3.166311909901948, "log10_subsample": -1.0, "max_depth": 8.0, "num_boost_round": 25.0}, "datetime": {"datetime": "2024-01-19 01:21:14", "elapsed": 4155.429397, "delta": 0.004115}}
{"target": -17.67676743012761, "params": {"gamma": 867.0506277694898, "log10_alpha": -2.957684965448359, "log10_colsample_bytree": -0.09151931232557901, "log10_eta": -3.373301632822359, "log10_lambda": 1.0, "log10_min_child_weight": 3.166311909901948, "log10_subsample": -1.0, "max_depth": 8.0, "num_boost_round": 26.0}, "datetime": {"datetime": "2024-01-19 01:21:14", "elapsed": 4155.433622, "delta": 0.004225}}
{"target": -17.676760624801165, "params": {"gamma": 867.0506277694898, "log10_alpha": -2.957684965448359, "log10_colsample_bytree": -0.09151931232557901, "log10_eta": -3.373301632822359, "log10_lambda": 1.0, "log10_min_child_weight": 3.166311909901948, "log10_subsample": -1.0, "max_depth": 8.0, "num_boost_round": 27.0}, "datetime": {"datetime": "2024-01-19 01:21:14", "elapsed": 4155.437775, "delta": 0.004153}}
{"target": -17.677160970637072, "params": {"gamma": 864.4664713449552, "log10_alpha": -1.6434885763382336, "log10_colsample_bytree": -0.647543427643939, "log10_eta": -2.366471891505504, "log10_lambda": 0.6242348673435814, "log10_min_child_weight": 0.16765577023975076, "log10_subsample": -0.27852230833729286, "max_depth": 9.0, "num_boost_round": 0.0}, "datetime": {"datetime": "2024-01-19 01:22:21", "elapsed": 4222.128382, "delta": 66.690607}}
{"target": -17.676816814822928, "params": {"gamma": 864.4664713449552, "log10_alpha": -1.6434885763382336, "log10_colsample_bytree": -0.647543427643939, "log10_eta": -2.366471891505504, "log10_lambda": 0.6242348673435814, "log10_min_child_weight": 0.16765577023975076, "log10_subsample": -0.27852230833729286, "max_depth": 9.0, "num_boost_round": 1.0}, "datetime": {"datetime": "2024-01-19 01:22:21", "elapsed": 4222.134274, "delta": 0.005892}}
{"target": -17.676379554420844, "params": {"gamma": 864.4664713449552, "log10_alpha": -1.6434885763382336, "log10_colsample_bytree": -0.647543427643939, "log10_eta": -2.366471891505504, "log10_lambda": 0.6242348673435814, "log10_min_child_weight": 0.16765577023975076, "log10_subsample": -0.27852230833729286, "max_depth": 9.0, "num_boost_round": 2.0}, "datetime": {"datetime": "2024-01-19 01:22:21", "elapsed": 4222.138777, "delta": 0.004503}}
{"target": -17.676163272786418, "params": {"gamma": 864.4664713449552, "log10_alpha": -1.6434885763382336, "log10_colsample_bytree": -0.647543427643939, "log10_eta": -2.366471891505504, "log10_lambda": 0.6242348673435814, "log10_min_child_weight": 0.16765577023975076, "log10_subsample": -0.27852230833729286, "max_depth": 9.0, "num_boost_round": 3.0}, "datetime": {"datetime": "2024-01-19 01:22:21", "elapsed": 4222.143047, "delta": 0.00427}}
{"target": -17.67616074086724, "params": {"gamma": 864.4664713449552, "log10_alpha": -1.6434885763382336, "log10_colsample_bytree": -0.647543427643939, "log10_eta": -2.366471891505504, "log10_lambda": 0.6242348673435814, "log10_min_child_weight": 0.16765577023975076, "log10_subsample": -0.27852230833729286, "max_depth": 9.0, "num_boost_round": 4.0}, "datetime": {"datetime": "2024-01-19 01:22:21", "elapsed": 4222.147209, "delta": 0.004162}}
{"target": -17.67582584029455, "params": {"gamma": 864.4664713449552, "log10_alpha": -1.6434885763382336, "log10_colsample_bytree": -0.647543427643939, "log10_eta": -2.366471891505504, "log10_lambda": 0.6242348673435814, "log10_min_child_weight": 0.16765577023975076, "log10_subsample": -0.27852230833729286, "max_depth": 9.0, "num_boost_round": 5.0}, "datetime": {"datetime": "2024-01-19 01:22:21", "elapsed": 4222.15165, "delta": 0.004441}}
{"target": -17.67590695773285, "params": {"gamma": 864.4664713449552, "log10_alpha": -1.6434885763382336, "log10_colsample_bytree": -0.647543427643939, "log10_eta": -2.366471891505504, "log10_lambda": 0.6242348673435814, "log10_min_child_weight": 0.16765577023975076, "log10_subsample": -0.27852230833729286, "max_depth": 9.0, "num_boost_round": 6.0}, "datetime": {"datetime": "2024-01-19 01:22:21", "elapsed": 4222.15585, "delta": 0.0042}}
{"target": -17.67565249152831, "params": {"gamma": 864.4664713449552, "log10_alpha": -1.6434885763382336, "log10_colsample_bytree": -0.647543427643939, "log10_eta": -2.366471891505504, "log10_lambda": 0.6242348673435814, "log10_min_child_weight": 0.16765577023975076, "log10_subsample": -0.27852230833729286, "max_depth": 9.0, "num_boost_round": 7.0}, "datetime": {"datetime": "2024-01-19 01:22:21", "elapsed": 4222.160046, "delta": 0.004196}}
{"target": -17.67565804928759, "params": {"gamma": 864.4664713449552, "log10_alpha": -1.6434885763382336, "log10_colsample_bytree": -0.647543427643939, "log10_eta": -2.366471891505504, "log10_lambda": 0.6242348673435814, "log10_min_child_weight": 0.16765577023975076, "log10_subsample": -0.27852230833729286, "max_depth": 9.0, "num_boost_round": 8.0}, "datetime": {"datetime": "2024-01-19 01:22:21", "elapsed": 4222.164226, "delta": 0.00418}}
{"target": -17.6753293151988, "params": {"gamma": 864.4664713449552, "log10_alpha": -1.6434885763382336, "log10_colsample_bytree": -0.647543427643939, "log10_eta": -2.366471891505504, "log10_lambda": 0.6242348673435814, "log10_min_child_weight": 0.16765577023975076, "log10_subsample": -0.27852230833729286, "max_depth": 9.0, "num_boost_round": 9.0}, "datetime": {"datetime": "2024-01-19 01:22:21", "elapsed": 4222.168273, "delta": 0.004047}}
{"target": -17.67490607872213, "params": {"gamma": 864.4664713449552, "log10_alpha": -1.6434885763382336, "log10_colsample_bytree": -0.647543427643939, "log10_eta": -2.366471891505504, "log10_lambda": 0.6242348673435814, "log10_min_child_weight": 0.16765577023975076, "log10_subsample": -0.27852230833729286, "max_depth": 9.0, "num_boost_round": 10.0}, "datetime": {"datetime": "2024-01-19 01:22:21", "elapsed": 4222.172533, "delta": 0.00426}}
{"target": -17.674849838931017, "params": {"gamma": 864.4664713449552, "log10_alpha": -1.6434885763382336, "log10_colsample_bytree": -0.647543427643939, "log10_eta": -2.366471891505504, "log10_lambda": 0.6242348673435814, "log10_min_child_weight": 0.16765577023975076, "log10_subsample": -0.27852230833729286, "max_depth": 9.0, "num_boost_round": 11.0}, "datetime": {"datetime": "2024-01-19 01:22:21", "elapsed": 4222.176883, "delta": 0.00435}}
{"target": -17.674619511789295, "params": {"gamma": 864.4664713449552, "log10_alpha": -1.6434885763382336, "log10_colsample_bytree": -0.647543427643939, "log10_eta": -2.366471891505504, "log10_lambda": 0.6242348673435814, "log10_min_child_weight": 0.16765577023975076, "log10_subsample": -0.27852230833729286, "max_depth": 9.0, "num_boost_round": 12.0}, "datetime": {"datetime": "2024-01-19 01:22:21", "elapsed": 4222.30676, "delta": 0.129877}}
{"target": -17.674534509242065, "params": {"gamma": 864.4664713449552, "log10_alpha": -1.6434885763382336, "log10_colsample_bytree": -0.647543427643939, "log10_eta": -2.366471891505504, "log10_lambda": 0.6242348673435814, "log10_min_child_weight": 0.16765577023975076, "log10_subsample": -0.27852230833729286, "max_depth": 9.0, "num_boost_round": 13.0}, "datetime": {"datetime": "2024-01-19 01:22:21", "elapsed": 4222.311839, "delta": 0.005079}}
{"target": -17.674759516002318, "params": {"gamma": 864.4664713449552, "log10_alpha": -1.6434885763382336, "log10_colsample_bytree": -0.647543427643939, "log10_eta": -2.366471891505504, "log10_lambda": 0.6242348673435814, "log10_min_child_weight": 0.16765577023975076, "log10_subsample": -0.27852230833729286, "max_depth": 9.0, "num_boost_round": 14.0}, "datetime": {"datetime": "2024-01-19 01:22:21", "elapsed": 4222.316637, "delta": 0.004798}}
{"target": -17.67465869845842, "params": {"gamma": 864.4664713449552, "log10_alpha": -1.6434885763382336, "log10_colsample_bytree": -0.647543427643939, "log10_eta": -2.366471891505504, "log10_lambda": 0.6242348673435814, "log10_min_child_weight": 0.16765577023975076, "log10_subsample": -0.27852230833729286, "max_depth": 9.0, "num_boost_round": 15.0}, "datetime": {"datetime": "2024-01-19 01:22:21", "elapsed": 4222.320991, "delta": 0.004354}}
{"target": -17.674697054516457, "params": {"gamma": 864.4664713449552, "log10_alpha": -1.6434885763382336, "log10_colsample_bytree": -0.647543427643939, "log10_eta": -2.366471891505504, "log10_lambda": 0.6242348673435814, "log10_min_child_weight": 0.16765577023975076, "log10_subsample": -0.27852230833729286, "max_depth": 9.0, "num_boost_round": 16.0}, "datetime": {"datetime": "2024-01-19 01:22:21", "elapsed": 4222.325307, "delta": 0.004316}}
{"target": -17.67450382536525, "params": {"gamma": 864.4664713449552, "log10_alpha": -1.6434885763382336, "log10_colsample_bytree": -0.647543427643939, "log10_eta": -2.366471891505504, "log10_lambda": 0.6242348673435814, "log10_min_child_weight": 0.16765577023975076, "log10_subsample": -0.27852230833729286, "max_depth": 9.0, "num_boost_round": 17.0}, "datetime": {"datetime": "2024-01-19 01:22:21", "elapsed": 4222.329949, "delta": 0.004642}}
{"target": -17.67477243009495, "params": {"gamma": 864.4664713449552, "log10_alpha": -1.6434885763382336, "log10_colsample_bytree": -0.647543427643939, "log10_eta": -2.366471891505504, "log10_lambda": 0.6242348673435814, "log10_min_child_weight": 0.16765577023975076, "log10_subsample": -0.27852230833729286, "max_depth": 9.0, "num_boost_round": 18.0}, "datetime": {"datetime": "2024-01-19 01:22:21", "elapsed": 4222.334359, "delta": 0.00441}}
{"target": -17.67465207420226, "params": {"gamma": 864.4664713449552, "log10_alpha": -1.6434885763382336, "log10_colsample_bytree": -0.647543427643939, "log10_eta": -2.366471891505504, "log10_lambda": 0.6242348673435814, "log10_min_child_weight": 0.16765577023975076, "log10_subsample": -0.27852230833729286, "max_depth": 9.0, "num_boost_round": 19.0}, "datetime": {"datetime": "2024-01-19 01:22:21", "elapsed": 4222.338796, "delta": 0.004437}}
{"target": -17.674444302232402, "params": {"gamma": 864.4664713449552, "log10_alpha": -1.6434885763382336, "log10_colsample_bytree": -0.647543427643939, "log10_eta": -2.366471891505504, "log10_lambda": 0.6242348673435814, "log10_min_child_weight": 0.16765577023975076, "log10_subsample": -0.27852230833729286, "max_depth": 9.0, "num_boost_round": 20.0}, "datetime": {"datetime": "2024-01-19 01:22:21", "elapsed": 4222.343417, "delta": 0.004621}}
{"target": -17.674105863092258, "params": {"gamma": 864.4664713449552, "log10_alpha": -1.6434885763382336, "log10_colsample_bytree": -0.647543427643939, "log10_eta": -2.366471891505504, "log10_lambda": 0.6242348673435814, "log10_min_child_weight": 0.16765577023975076, "log10_subsample": -0.27852230833729286, "max_depth": 9.0, "num_boost_round": 21.0}, "datetime": {"datetime": "2024-01-19 01:22:21", "elapsed": 4222.347767, "delta": 0.00435}}
{"target": -17.673534039047865, "params": {"gamma": 864.4664713449552, "log10_alpha": -1.6434885763382336, "log10_colsample_bytree": -0.647543427643939, "log10_eta": -2.366471891505504, "log10_lambda": 0.6242348673435814, "log10_min_child_weight": 0.16765577023975076, "log10_subsample": -0.27852230833729286, "max_depth": 9.0, "num_boost_round": 22.0}, "datetime": {"datetime": "2024-01-19 01:22:21", "elapsed": 4222.352218, "delta": 0.004451}}
{"target": -17.673555880920084, "params": {"gamma": 864.4664713449552, "log10_alpha": -1.6434885763382336, "log10_colsample_bytree": -0.647543427643939, "log10_eta": -2.366471891505504, "log10_lambda": 0.6242348673435814, "log10_min_child_weight": 0.16765577023975076, "log10_subsample": -0.27852230833729286, "max_depth": 9.0, "num_boost_round": 23.0}, "datetime": {"datetime": "2024-01-19 01:22:21", "elapsed": 4222.356834, "delta": 0.004616}}
{"target": -17.673684699672112, "params": {"gamma": 864.4664713449552, "log10_alpha": -1.6434885763382336, "log10_colsample_bytree": -0.647543427643939, "log10_eta": -2.366471891505504, "log10_lambda": 0.6242348673435814, "log10_min_child_weight": 0.16765577023975076, "log10_subsample": -0.27852230833729286, "max_depth": 9.0, "num_boost_round": 24.0}, "datetime": {"datetime": "2024-01-19 01:22:21", "elapsed": 4222.361305, "delta": 0.004471}}
{"target": -17.67367486509493, "params": {"gamma": 864.4664713449552, "log10_alpha": -1.6434885763382336, "log10_colsample_bytree": -0.647543427643939, "log10_eta": -2.366471891505504, "log10_lambda": 0.6242348673435814, "log10_min_child_weight": 0.16765577023975076, "log10_subsample": -0.27852230833729286, "max_depth": 9.0, "num_boost_round": 25.0}, "datetime": {"datetime": "2024-01-19 01:22:21", "elapsed": 4222.365719, "delta": 0.004414}}
{"target": -17.673366038443046, "params": {"gamma": 864.4664713449552, "log10_alpha": -1.6434885763382336, "log10_colsample_bytree": -0.647543427643939, "log10_eta": -2.366471891505504, "log10_lambda": 0.6242348673435814, "log10_min_child_weight": 0.16765577023975076, "log10_subsample": -0.27852230833729286, "max_depth": 9.0, "num_boost_round": 26.0}, "datetime": {"datetime": "2024-01-19 01:22:21", "elapsed": 4222.3703, "delta": 0.004581}}
