{"target": -17.677111802782964, "params": {"gamma": 878.8968301340469, "log10_alpha": -1.8760761158772374, "log10_colsample_bytree": -0.8121948536950703, "log10_eta": -3.3757369426655135, "log10_lambda": -2.317950150162771, "log10_min_child_weight": 1.7433185755659364, "log10_subsample": -0.1620343125426248, "max_depth": 6.0, "num_boost_round": 5.0}, "datetime": {"datetime": "2024-01-19 00:51:37", "elapsed": 2377.936564, "delta": 0.003243}}
{"target": -17.677099292313624, "params": {"gamma": 878.8968301340469, "log10_alpha": -1.8760761158772374, "log10_colsample_bytree": -0.8121948536950703, "log10_eta": -3.3757369426655135, "log10_lambda": -2.317950150162771, "log10_min_child_weight": 1.7433185755659364, "log10_subsample": -0.1620343125426248, "max_depth": 6.0, "num_boost_round": 6.0}, "datetime": {"datetime": "2024-01-19 00:51:37", "elapsed": 2377.939715, "delta": 0.003151}}
{"target": -17.677082276238874, "params": {"gamma": 878.8968301340469, "log10_alpha": -1.8760761158772374, "log10_colsample_bytree": -0.8121948536950703, "log10_eta": -3.3757369426655135, "log10_lambda": -2.317950150162771, "log10_min_child_weight": 1.7433185755659364, "log10_subsample": -0.1620343125426248, "max_depth": 6.0, "num_boost_round": 7.0}, "datetime": {"datetime": "2024-01-19 00:51:37", "elapsed": 2377.942725, "delta": 0.00301}}
{"target": -17.677084511327287, "params": {"gamma": 878.8968301340469, "log10_alpha": -1.8760761158772374, "log10_colsample_bytree": -0.8121948536950703, "log10_eta": -3.3757369426655135, "log10_lambda": -2.317950150162771, "log10_min_child_weight": 1.7433185755659364, "log10_subsample": -0.1620343125426248, "max_depth": 6.0, "num_boost_round": 8.0}, "datetime": {"datetime": "2024-01-19 00:51:37", "elapsed": 2377.945667, "delta": 0.002942}}
{"target": -17.677092714700336, "params": {"gamma": 878.8968301340469, "log10_alpha": -1.8760761158772374, "log10_colsample_bytree": -0.8121948536950703, "log10_eta": -3.3757369426655135, "log10_lambda": -2.317950150162771, "log10_min_child_weight": 1.7433185755659364, "log10_subsample": -0.1620343125426248, "max_depth": 6.0, "num_boost_round": 9.0}, "datetime": {"datetime": "2024-01-19 00:51:37", "elapsed": 2377.948746, "delta": 0.003079}}
{"target": -17.67706716431401, "params": {"gamma": 878.8968301340469, "log10_alpha": -1.8760761158772374, "log10_colsample_bytree": -0.8121948536950703, "log10_eta": -3.3757369426655135, "log10_lambda": -2.317950150162771, "log10_min_child_weight": 1.7433185755659364, "log10_subsample": -0.1620343125426248, "max_depth": 6.0, "num_boost_round": 10.0}, "datetime": {"datetime": "2024-01-19 00:51:37", "elapsed": 2377.951731, "delta": 0.002985}}
{"target": -17.67706375957296, "params": {"gamma": 878.8968301340469, "log10_alpha": -1.8760761158772374, "log10_colsample_bytree": -0.8121948536950703, "log10_eta": -3.3757369426655135, "log10_lambda": -2.317950150162771, "log10_min_child_weight": 1.7433185755659364, "log10_subsample": -0.1620343125426248, "max_depth": 6.0, "num_boost_round": 11.0}, "datetime": {"datetime": "2024-01-19 00:51:37", "elapsed": 2377.954697, "delta": 0.002966}}
{"target": -17.677037721634008, "params": {"gamma": 878.8968301340469, "log10_alpha": -1.8760761158772374, "log10_colsample_bytree": -0.8121948536950703, "log10_eta": -3.3757369426655135, "log10_lambda": -2.317950150162771, "log10_min_child_weight": 1.7433185755659364, "log10_subsample": -0.1620343125426248, "max_depth": 6.0, "num_boost_round": 12.0}, "datetime": {"datetime": "2024-01-19 00:51:37", "elapsed": 2377.957702, "delta": 0.003005}}
{"target": -17.67699958769829, "params": {"gamma": 878.8968301340469, "log10_alpha": -1.8760761158772374, "log10_colsample_bytree": -0.8121948536950703, "log10_eta": -3.3757369426655135, "log10_lambda": -2.317950150162771, "log10_min_child_weight": 1.7433185755659364, "log10_subsample": -0.1620343125426248, "max_depth": 6.0, "num_boost_round": 13.0}, "datetime": {"datetime": "2024-01-19 00:51:37", "elapsed": 2377.960638, "delta": 0.002936}}
{"target": -17.676999274356564, "params": {"gamma": 878.8968301340469, "log10_alpha": -1.8760761158772374, "log10_colsample_bytree": -0.8121948536950703, "log10_eta": -3.3757369426655135, "log10_lambda": -2.317950150162771, "log10_min_child_weight": 1.7433185755659364, "log10_subsample": -0.1620343125426248, "max_depth": 6.0, "num_boost_round": 14.0}, "datetime": {"datetime": "2024-01-19 00:51:37", "elapsed": 2377.96355, "delta": 0.002912}}
{"target": -17.676980007957955, "params": {"gamma": 878.8968301340469, "log10_alpha": -1.8760761158772374, "log10_colsample_bytree": -0.8121948536950703, "log10_eta": -3.3757369426655135, "log10_lambda": -2.317950150162771, "log10_min_child_weight": 1.7433185755659364, "log10_subsample": -0.1620343125426248, "max_depth": 6.0, "num_boost_round": 15.0}, "datetime": {"datetime": "2024-01-19 00:51:37", "elapsed": 2377.966436, "delta": 0.002886}}
{"target": -17.67695919201422, "params": {"gamma": 878.8968301340469, "log10_alpha": -1.8760761158772374, "log10_colsample_bytree": -0.8121948536950703, "log10_eta": -3.3757369426655135, "log10_lambda": -2.317950150162771, "log10_min_child_weight": 1.7433185755659364, "log10_subsample": -0.1620343125426248, "max_depth": 6.0, "num_boost_round": 16.0}, "datetime": {"datetime": "2024-01-19 00:51:37", "elapsed": 2377.969338, "delta": 0.002902}}
{"target": -17.67693292189321, "params": {"gamma": 878.8968301340469, "log10_alpha": -1.8760761158772374, "log10_colsample_bytree": -0.8121948536950703, "log10_eta": -3.3757369426655135, "log10_lambda": -2.317950150162771, "log10_min_child_weight": 1.7433185755659364, "log10_subsample": -0.1620343125426248, "max_depth": 6.0, "num_boost_round": 17.0}, "datetime": {"datetime": "2024-01-19 00:51:37", "elapsed": 2377.972228, "delta": 0.00289}}
{"target": -17.676916046918535, "params": {"gamma": 878.8968301340469, "log10_alpha": -1.8760761158772374, "log10_colsample_bytree": -0.8121948536950703, "log10_eta": -3.3757369426655135, "log10_lambda": -2.317950150162771, "log10_min_child_weight": 1.7433185755659364, "log10_subsample": -0.1620343125426248, "max_depth": 6.0, "num_boost_round": 18.0}, "datetime": {"datetime": "2024-01-19 00:51:37", "elapsed": 2377.975198, "delta": 0.00297}}
{"target": -17.676904394055647, "params": {"gamma": 878.8968301340469, "log10_alpha": -1.8760761158772374, "log10_colsample_bytree": -0.8121948536950703, "log10_eta": -3.3757369426655135, "log10_lambda": -2.317950150162771, "log10_min_child_weight": 1.7433185755659364, "log10_subsample": -0.1620343125426248, "max_depth": 6.0, "num_boost_round": 19.0}, "datetime": {"datetime": "2024-01-19 00:51:37", "elapsed": 2377.978093, "delta": 0.002895}}
{"target": -17.67688413470954, "params": {"gamma": 878.8968301340469, "log10_alpha": -1.8760761158772374, "log10_colsample_bytree": -0.8121948536950703, "log10_eta": -3.3757369426655135, "log10_lambda": -2.317950150162771, "log10_min_child_weight": 1.7433185755659364, "log10_subsample": -0.1620343125426248, "max_depth": 6.0, "num_boost_round": 20.0}, "datetime": {"datetime": "2024-01-19 00:51:37", "elapsed": 2377.981, "delta": 0.002907}}
{"target": -17.676861825713022, "params": {"gamma": 878.8968301340469, "log10_alpha": -1.8760761158772374, "log10_colsample_bytree": -0.8121948536950703, "log10_eta": -3.3757369426655135, "log10_lambda": -2.317950150162771, "log10_min_child_weight": 1.7433185755659364, "log10_subsample": -0.1620343125426248, "max_depth": 6.0, "num_boost_round": 21.0}, "datetime": {"datetime": "2024-01-19 00:51:37", "elapsed": 2377.983974, "delta": 0.002974}}
{"target": -17.676859225168602, "params": {"gamma": 878.8968301340469, "log10_alpha": -1.8760761158772374, "log10_colsample_bytree": -0.8121948536950703, "log10_eta": -3.3757369426655135, "log10_lambda": -2.317950150162771, "log10_min_child_weight": 1.7433185755659364, "log10_subsample": -0.1620343125426248, "max_depth": 6.0, "num_boost_round": 22.0}, "datetime": {"datetime": "2024-01-19 00:51:37", "elapsed": 2377.986847, "delta": 0.002873}}
{"target": -17.676821960961117, "params": {"gamma": 878.8968301340469, "log10_alpha": -1.8760761158772374, "log10_colsample_bytree": -0.8121948536950703, "log10_eta": -3.3757369426655135, "log10_lambda": -2.317950150162771, "log10_min_child_weight": 1.7433185755659364, "log10_subsample": -0.1620343125426248, "max_depth": 6.0, "num_boost_round": 23.0}, "datetime": {"datetime": "2024-01-19 00:51:37", "elapsed": 2377.989781, "delta": 0.002934}}
{"target": -17.676820849087864, "params": {"gamma": 878.8968301340469, "log10_alpha": -1.8760761158772374, "log10_colsample_bytree": -0.8121948536950703, "log10_eta": -3.3757369426655135, "log10_lambda": -2.317950150162771, "log10_min_child_weight": 1.7433185755659364, "log10_subsample": -0.1620343125426248, "max_depth": 6.0, "num_boost_round": 24.0}, "datetime": {"datetime": "2024-01-19 00:51:37", "elapsed": 2377.992656, "delta": 0.002875}}
{"target": -17.67678516175684, "params": {"gamma": 878.8968301340469, "log10_alpha": -1.8760761158772374, "log10_colsample_bytree": -0.8121948536950703, "log10_eta": -3.3757369426655135, "log10_lambda": -2.317950150162771, "log10_min_child_weight": 1.7433185755659364, "log10_subsample": -0.1620343125426248, "max_depth": 6.0, "num_boost_round": 25.0}, "datetime": {"datetime": "2024-01-19 00:51:37", "elapsed": 2377.995572, "delta": 0.002916}}
{"target": -17.676768417268306, "params": {"gamma": 878.8968301340469, "log10_alpha": -1.8760761158772374, "log10_colsample_bytree": -0.8121948536950703, "log10_eta": -3.3757369426655135, "log10_lambda": -2.317950150162771, "log10_min_child_weight": 1.7433185755659364, "log10_subsample": -0.1620343125426248, "max_depth": 6.0, "num_boost_round": 26.0}, "datetime": {"datetime": "2024-01-19 00:51:37", "elapsed": 2377.998459, "delta": 0.002887}}
{"target": -17.676743683562304, "params": {"gamma": 878.8968301340469, "log10_alpha": -1.8760761158772374, "log10_colsample_bytree": -0.8121948536950703, "log10_eta": -3.3757369426655135, "log10_lambda": -2.317950150162771, "log10_min_child_weight": 1.7433185755659364, "log10_subsample": -0.1620343125426248, "max_depth": 6.0, "num_boost_round": 27.0}, "datetime": {"datetime": "2024-01-19 00:51:37", "elapsed": 2378.001348, "delta": 0.002889}}
{"target": -17.67720439517606, "params": {"gamma": 877.1895339139902, "log10_alpha": 0.7775125495836797, "log10_colsample_bytree": -0.07024308532376733, "log10_eta": -3.1096400043438077, "log10_lambda": -1.4566702044149373, "log10_min_child_weight": 0.2697981196025251, "log10_subsample": -0.8566328415805671, "max_depth": 4.0, "num_boost_round": 0.0}, "datetime": {"datetime": "2024-01-19 00:52:13", "elapsed": 2413.790081, "delta": 35.788733}}
{"target": -17.677158775124717, "params": {"gamma": 877.1895339139902, "log10_alpha": 0.7775125495836797, "log10_colsample_bytree": -0.07024308532376733, "log10_eta": -3.1096400043438077, "log10_lambda": -1.4566702044149373, "log10_min_child_weight": 0.2697981196025251, "log10_subsample": -0.8566328415805671, "max_depth": 4.0, "num_boost_round": 1.0}, "datetime": {"datetime": "2024-01-19 00:52:13", "elapsed": 2413.794024, "delta": 0.003943}}
{"target": -17.677123448384528, "params": {"gamma": 877.1895339139902, "log10_alpha": 0.7775125495836797, "log10_colsample_bytree": -0.07024308532376733, "log10_eta": -3.1096400043438077, "log10_lambda": -1.4566702044149373, "log10_min_child_weight": 0.2697981196025251, "log10_subsample": -0.8566328415805671, "max_depth": 4.0, "num_boost_round": 2.0}, "datetime": {"datetime": "2024-01-19 00:52:13", "elapsed": 2413.796997, "delta": 0.002973}}
{"target": -17.67707927131427, "params": {"gamma": 877.1895339139902, "log10_alpha": 0.7775125495836797, "log10_colsample_bytree": -0.07024308532376733, "log10_eta": -3.1096400043438077, "log10_lambda": -1.4566702044149373, "log10_min_child_weight": 0.2697981196025251, "log10_subsample": -0.8566328415805671, "max_depth": 4.0, "num_boost_round": 3.0}, "datetime": {"datetime": "2024-01-19 00:52:13", "elapsed": 2413.800035, "delta": 0.003038}}
{"target": -17.677052638780147, "params": {"gamma": 877.1895339139902, "log10_alpha": 0.7775125495836797, "log10_colsample_bytree": -0.07024308532376733, "log10_eta": -3.1096400043438077, "log10_lambda": -1.4566702044149373, "log10_min_child_weight": 0.2697981196025251, "log10_subsample": -0.8566328415805671, "max_depth": 4.0, "num_boost_round": 4.0}, "datetime": {"datetime": "2024-01-19 00:52:13", "elapsed": 2413.802889, "delta": 0.002854}}
{"target": -17.677033345946775, "params": {"gamma": 877.1895339139902, "log10_alpha": 0.7775125495836797, "log10_colsample_bytree": -0.07024308532376733, "log10_eta": -3.1096400043438077, "log10_lambda": -1.4566702044149373, "log10_min_child_weight": 0.2697981196025251, "log10_subsample": -0.8566328415805671, "max_depth": 4.0, "num_boost_round": 5.0}, "datetime": {"datetime": "2024-01-19 00:52:13", "elapsed": 2413.805715, "delta": 0.002826}}
{"target": -17.67701579315087, "params": {"gamma": 877.1895339139902, "log10_alpha": 0.7775125495836797, "log10_colsample_bytree": -0.07024308532376733, "log10_eta": -3.1096400043438077, "log10_lambda": -1.4566702044149373, "log10_min_child_weight": 0.2697981196025251, "log10_subsample": -0.8566328415805671, "max_depth": 4.0, "num_boost_round": 6.0}, "datetime": {"datetime": "2024-01-19 00:52:13", "elapsed": 2413.80852, "delta": 0.002805}}
{"target": -17.677005836356496, "params": {"gamma": 877.1895339139902, "log10_alpha": 0.7775125495836797, "log10_colsample_bytree": -0.07024308532376733, "log10_eta": -3.1096400043438077, "log10_lambda": -1.4566702044149373, "log10_min_child_weight": 0.2697981196025251, "log10_subsample": -0.8566328415805671, "max_depth": 4.0, "num_boost_round": 7.0}, "datetime": {"datetime": "2024-01-19 00:52:13", "elapsed": 2413.811406, "delta": 0.002886}}
{"target": -17.6769410334992, "params": {"gamma": 877.1895339139902, "log10_alpha": 0.7775125495836797, "log10_colsample_bytree": -0.07024308532376733, "log10_eta": -3.1096400043438077, "log10_lambda": -1.4566702044149373, "log10_min_child_weight": 0.2697981196025251, "log10_subsample": -0.8566328415805671, "max_depth": 4.0, "num_boost_round": 8.0}, "datetime": {"datetime": "2024-01-19 00:52:13", "elapsed": 2413.814229, "delta": 0.002823}}
{"target": -17.676908611168955, "params": {"gamma": 877.1895339139902, "log10_alpha": 0.7775125495836797, "log10_colsample_bytree": -0.07024308532376733, "log10_eta": -3.1096400043438077, "log10_lambda": -1.4566702044149373, "log10_min_child_weight": 0.2697981196025251, "log10_subsample": -0.8566328415805671, "max_depth": 4.0, "num_boost_round": 9.0}, "datetime": {"datetime": "2024-01-19 00:52:13", "elapsed": 2413.817064, "delta": 0.002835}}
{"target": -17.67688980090571, "params": {"gamma": 877.1895339139902, "log10_alpha": 0.7775125495836797, "log10_colsample_bytree": -0.07024308532376733, "log10_eta": -3.1096400043438077, "log10_lambda": -1.4566702044149373, "log10_min_child_weight": 0.2697981196025251, "log10_subsample": -0.8566328415805671, "max_depth": 4.0, "num_boost_round": 10.0}, "datetime": {"datetime": "2024-01-19 00:52:13", "elapsed": 2413.81987, "delta": 0.002806}}
{"target": -17.67685587935287, "params": {"gamma": 877.1895339139902, "log10_alpha": 0.7775125495836797, "log10_colsample_bytree": -0.07024308532376733, "log10_eta": -3.1096400043438077, "log10_lambda": -1.4566702044149373, "log10_min_child_weight": 0.2697981196025251, "log10_subsample": -0.8566328415805671, "max_depth": 4.0, "num_boost_round": 11.0}, "datetime": {"datetime": "2024-01-19 00:52:13", "elapsed": 2413.82289, "delta": 0.00302}}
{"target": -17.676840989950684, "params": {"gamma": 877.1895339139902, "log10_alpha": 0.7775125495836797, "log10_colsample_bytree": -0.07024308532376733, "log10_eta": -3.1096400043438077, "log10_lambda": -1.4566702044149373, "log10_min_child_weight": 0.2697981196025251, "log10_subsample": -0.8566328415805671, "max_depth": 4.0, "num_boost_round": 12.0}, "datetime": {"datetime": "2024-01-19 00:52:13", "elapsed": 2413.825792, "delta": 0.002902}}
{"target": -17.676836511489974, "params": {"gamma": 877.1895339139902, "log10_alpha": 0.7775125495836797, "log10_colsample_bytree": -0.07024308532376733, "log10_eta": -3.1096400043438077, "log10_lambda": -1.4566702044149373, "log10_min_child_weight": 0.2697981196025251, "log10_subsample": -0.8566328415805671, "max_depth": 4.0, "num_boost_round": 13.0}, "datetime": {"datetime": "2024-01-19 00:52:13", "elapsed": 2413.828655, "delta": 0.002863}}
{"target": -17.676807832468562, "params": {"gamma": 877.1895339139902, "log10_alpha": 0.7775125495836797, "log10_colsample_bytree": -0.07024308532376733, "log10_eta": -3.1096400043438077, "log10_lambda": -1.4566702044149373, "log10_min_child_weight": 0.2697981196025251, "log10_subsample": -0.8566328415805671, "max_depth": 4.0, "num_boost_round": 14.0}, "datetime": {"datetime": "2024-01-19 00:52:13", "elapsed": 2413.831403, "delta": 0.002748}}
{"target": -17.67678922281535, "params": {"gamma": 877.1895339139902, "log10_alpha": 0.7775125495836797, "log10_colsample_bytree": -0.07024308532376733, "log10_eta": -3.1096400043438077, "log10_lambda": -1.4566702044149373, "log10_min_child_weight": 0.2697981196025251, "log10_subsample": -0.8566328415805671, "max_depth": 4.0, "num_boost_round": 15.0}, "datetime": {"datetime": "2024-01-19 00:52:13", "elapsed": 2413.834363, "delta": 0.00296}}
{"target": -17.676765447206392, "params": {"gamma": 877.1895339139902, "log10_alpha": 0.7775125495836797, "log10_colsample_bytree": -0.07024308532376733, "log10_eta": -3.1096400043438077, "log10_lambda": -1.4566702044149373, "log10_min_child_weight": 0.2697981196025251, "log10_subsample": -0.8566328415805671, "max_depth": 4.0, "num_boost_round": 16.0}, "datetime": {"datetime": "2024-01-19 00:52:13", "elapsed": 2413.837158, "delta": 0.002795}}
{"target": -17.676777116006168, "params": {"gamma": 877.1895339139902, "log10_alpha": 0.7775125495836797, "log10_colsample_bytree": -0.07024308532376733, "log10_eta": -3.1096400043438077, "log10_lambda": -1.4566702044149373, "log10_min_child_weight": 0.2697981196025251, "log10_subsample": -0.8566328415805671, "max_depth": 4.0, "num_boost_round": 17.0}, "datetime": {"datetime": "2024-01-19 00:52:13", "elapsed": 2413.839976, "delta": 0.002818}}
{"target": -17.676748702940078, "params": {"gamma": 877.1895339139902, "log10_alpha": 0.7775125495836797, "log10_colsample_bytree": -0.07024308532376733, "log10_eta": -3.1096400043438077, "log10_lambda": -1.4566702044149373, "log10_min_child_weight": 0.2697981196025251, "log10_subsample": -0.8566328415805671, "max_depth": 4.0, "num_boost_round": 18.0}, "datetime": {"datetime": "2024-01-19 00:52:13", "elapsed": 2413.842846, "delta": 0.00287}}
{"target": -17.676720748593542, "params": {"gamma": 877.1895339139902, "log10_alpha": 0.7775125495836797, "log10_colsample_bytree": -0.07024308532376733, "log10_eta": -3.1096400043438077, "log10_lambda": -1.4566702044149373, "log10_min_child_weight": 0.2697981196025251, "log10_subsample": -0.8566328415805671, "max_depth": 4.0, "num_boost_round": 19.0}, "datetime": {"datetime": "2024-01-19 00:52:13", "elapsed": 2413.845675, "delta": 0.002829}}
{"target": -17.676675298088856, "params": {"gamma": 877.1895339139902, "log10_alpha": 0.7775125495836797, "log10_colsample_bytree": -0.07024308532376733, "log10_eta": -3.1096400043438077, "log10_lambda": -1.4566702044149373, "log10_min_child_weight": 0.2697981196025251, "log10_subsample": -0.8566328415805671, "max_depth": 4.0, "num_boost_round": 20.0}, "datetime": {"datetime": "2024-01-19 00:52:13", "elapsed": 2413.84851, "delta": 0.002835}}
{"target": -17.676658761005566, "params": {"gamma": 877.1895339139902, "log10_alpha": 0.7775125495836797, "log10_colsample_bytree": -0.07024308532376733, "log10_eta": -3.1096400043438077, "log10_lambda": -1.4566702044149373, "log10_min_child_weight": 0.2697981196025251, "log10_subsample": -0.8566328415805671, "max_depth": 4.0, "num_boost_round": 21.0}, "datetime": {"datetime": "2024-01-19 00:52:13", "elapsed": 2413.851378, "delta": 0.002868}}
{"target": -17.67662758924941, "params": {"gamma": 877.1895339139902, "log10_alpha": 0.7775125495836797, "log10_colsample_bytree": -0.07024308532376733, "log10_eta": -3.1096400043438077, "log10_lambda": -1.4566702044149373, "log10_min_child_weight": 0.2697981196025251, "log10_subsample": -0.8566328415805671, "max_depth": 4.0, "num_boost_round": 22.0}, "datetime": {"datetime": "2024-01-19 00:52:13", "elapsed": 2413.854143, "delta": 0.002765}}
{"target": -17.676600247622584, "params": {"gamma": 877.1895339139902, "log10_alpha": 0.7775125495836797, "log10_colsample_bytree": -0.07024308532376733, "log10_eta": -3.1096400043438077, "log10_lambda": -1.4566702044149373, "log10_min_child_weight": 0.2697981196025251, "log10_subsample": -0.8566328415805671, "max_depth": 4.0, "num_boost_round": 23.0}, "datetime": {"datetime": "2024-01-19 00:52:13", "elapsed": 2413.857013, "delta": 0.00287}}
{"target": -17.676571916012197, "params": {"gamma": 877.1895339139902, "log10_alpha": 0.7775125495836797, "log10_colsample_bytree": -0.07024308532376733, "log10_eta": -3.1096400043438077, "log10_lambda": -1.4566702044149373, "log10_min_child_weight": 0.2697981196025251, "log10_subsample": -0.8566328415805671, "max_depth": 4.0, "num_boost_round": 24.0}, "datetime": {"datetime": "2024-01-19 00:52:13", "elapsed": 2413.859786, "delta": 0.002773}}
{"target": -17.676545993482534, "params": {"gamma": 877.1895339139902, "log10_alpha": 0.7775125495836797, "log10_colsample_bytree": -0.07024308532376733, "log10_eta": -3.1096400043438077, "log10_lambda": -1.4566702044149373, "log10_min_child_weight": 0.2697981196025251, "log10_subsample": -0.8566328415805671, "max_depth": 4.0, "num_boost_round": 25.0}, "datetime": {"datetime": "2024-01-19 00:52:13", "elapsed": 2413.862674, "delta": 0.002888}}
