{"target": -13.758509168104004, "params": {"gamma": 899.9821827467313, "log10_alpha": -0.08249766037056716, "log10_colsample_bytree": -0.05147696861622808, "log10_eta": -3.434160692030062, "log10_lambda": -0.22784585885616426, "log10_min_child_weight": 1.05040551442164, "log10_subsample": -0.4478602498616404, "max_depth": 8.0, "num_boost_round": 5.0}, "datetime": {"datetime": "2024-01-19 01:31:53", "elapsed": 4833.96563, "delta": 0.003849}}
{"target": -13.758505234862502, "params": {"gamma": 899.9821827467313, "log10_alpha": -0.08249766037056716, "log10_colsample_bytree": -0.05147696861622808, "log10_eta": -3.434160692030062, "log10_lambda": -0.22784585885616426, "log10_min_child_weight": 1.05040551442164, "log10_subsample": -0.4478602498616404, "max_depth": 8.0, "num_boost_round": 6.0}, "datetime": {"datetime": "2024-01-19 01:31:53", "elapsed": 4833.969451, "delta": 0.003821}}
{"target": -13.75848799377369, "params": {"gamma": 899.9821827467313, "log10_alpha": -0.08249766037056716, "log10_colsample_bytree": -0.05147696861622808, "log10_eta": -3.434160692030062, "log10_lambda": -0.22784585885616426, "log10_min_child_weight": 1.05040551442164, "log10_subsample": -0.4478602498616404, "max_depth": 8.0, "num_boost_round": 7.0}, "datetime": {"datetime": "2024-01-19 01:31:53", "elapsed": 4833.973426, "delta": 0.003975}}
{"target": -13.758488427478772, "params": {"gamma": 899.9821827467313, "log10_alpha": -0.08249766037056716, "log10_colsample_bytree": -0.05147696861622808, "log10_eta": -3.434160692030062, "log10_lambda": -0.22784585885616426, "log10_min_child_weight": 1.05040551442164, "log10_subsample": -0.4478602498616404, "max_depth": 8.0, "num_boost_round": 8.0}, "datetime": {"datetime": "2024-01-19 01:31:53", "elapsed": 4833.977293, "delta": 0.003867}}
{"target": -13.75848816485234, "params": {"gamma": 899.9821827467313, "log10_alpha": -0.08249766037056716, "log10_colsample_bytree": -0.05147696861622808, "log10_eta": -3.434160692030062, "log10_lambda": -0.22784585885616426, "log10_min_child_weight": 1.05040551442164, "log10_subsample": -0.4478602498616404, "max_depth": 8.0, "num_boost_round": 9.0}, "datetime": {"datetime": "2024-01-19 01:31:53", "elapsed": 4833.981221, "delta": 0.003928}}
{"target": -13.758493096882553, "params": {"gamma": 899.9821827467313, "log10_alpha": -0.08249766037056716, "log10_colsample_bytree": -0.05147696861622808, "log10_eta": -3.434160692030062, "log10_lambda": -0.22784585885616426, "log10_min_child_weight": 1.05040551442164, "log10_subsample": -0.4478602498616404, "max_depth": 8.0, "num_boost_round": 10.0}, "datetime": {"datetime": "2024-01-19 01:31:53", "elapsed": 4833.985218, "delta": 0.003997}}
{"target": -13.758500828147037, "params": {"gamma": 899.9821827467313, "log10_alpha": -0.08249766037056716, "log10_colsample_bytree": -0.05147696861622808, "log10_eta": -3.434160692030062, "log10_lambda": -0.22784585885616426, "log10_min_child_weight": 1.05040551442164, "log10_subsample": -0.4478602498616404, "max_depth": 8.0, "num_boost_round": 11.0}, "datetime": {"datetime": "2024-01-19 01:31:53", "elapsed": 4833.989058, "delta": 0.00384}}
{"target": -13.758484595331609, "params": {"gamma": 899.9821827467313, "log10_alpha": -0.08249766037056716, "log10_colsample_bytree": -0.05147696861622808, "log10_eta": -3.434160692030062, "log10_lambda": -0.22784585885616426, "log10_min_child_weight": 1.05040551442164, "log10_subsample": -0.4478602498616404, "max_depth": 8.0, "num_boost_round": 12.0}, "datetime": {"datetime": "2024-01-19 01:31:53", "elapsed": 4833.993025, "delta": 0.003967}}
{"target": -13.758475432730515, "params": {"gamma": 899.9821827467313, "log10_alpha": -0.08249766037056716, "log10_colsample_bytree": -0.05147696861622808, "log10_eta": -3.434160692030062, "log10_lambda": -0.22784585885616426, "log10_min_child_weight": 1.05040551442164, "log10_subsample": -0.4478602498616404, "max_depth": 8.0, "num_boost_round": 13.0}, "datetime": {"datetime": "2024-01-19 01:31:54", "elapsed": 4834.108049, "delta": 0.115024}}
{"target": -13.75848150832852, "params": {"gamma": 899.9821827467313, "log10_alpha": -0.08249766037056716, "log10_colsample_bytree": -0.05147696861622808, "log10_eta": -3.434160692030062, "log10_lambda": -0.22784585885616426, "log10_min_child_weight": 1.05040551442164, "log10_subsample": -0.4478602498616404, "max_depth": 8.0, "num_boost_round": 14.0}, "datetime": {"datetime": "2024-01-19 01:31:54", "elapsed": 4834.112614, "delta": 0.004565}}
{"target": -13.758537899154543, "params": {"gamma": 896.4865686698546, "log10_alpha": -4.7601378144837065, "log10_colsample_bytree": -0.36819552545902545, "log10_eta": -3.855814074860435, "log10_lambda": -3.5070877226962587, "log10_min_child_weight": 4.619107418521261, "log10_subsample": -0.7717170137791336, "max_depth": 6.0, "num_boost_round": 0.0}, "datetime": {"datetime": "2024-01-19 01:32:37", "elapsed": 4877.105654, "delta": 42.99304}}
{"target": -13.758537423696625, "params": {"gamma": 896.4865686698546, "log10_alpha": -4.7601378144837065, "log10_colsample_bytree": -0.36819552545902545, "log10_eta": -3.855814074860435, "log10_lambda": -3.5070877226962587, "log10_min_child_weight": 4.619107418521261, "log10_subsample": -0.7717170137791336, "max_depth": 6.0, "num_boost_round": 1.0}, "datetime": {"datetime": "2024-01-19 01:32:37", "elapsed": 4877.110586, "delta": 0.004932}}
{"target": -13.758537579968145, "params": {"gamma": 896.4865686698546, "log10_alpha": -4.7601378144837065, "log10_colsample_bytree": -0.36819552545902545, "log10_eta": -3.855814074860435, "log10_lambda": -3.5070877226962587, "log10_min_child_weight": 4.619107418521261, "log10_subsample": -0.7717170137791336, "max_depth": 6.0, "num_boost_round": 2.0}, "datetime": {"datetime": "2024-01-19 01:32:37", "elapsed": 4877.114926, "delta": 0.00434}}
{"target": -13.758536985479282, "params": {"gamma": 896.4865686698546, "log10_alpha": -4.7601378144837065, "log10_colsample_bytree": -0.36819552545902545, "log10_eta": -3.855814074860435, "log10_lambda": -3.5070877226962587, "log10_min_child_weight": 4.619107418521261, "log10_subsample": -0.7717170137791336, "max_depth": 6.0, "num_boost_round": 3.0}, "datetime": {"datetime": "2024-01-19 01:32:37", "elapsed": 4877.119103, "delta": 0.004177}}
{"target": -13.758537093481598, "params": {"gamma": 896.4865686698546, "log10_alpha": -4.7601378144837065, "log10_colsample_bytree": -0.36819552545902545, "log10_eta": -3.855814074860435, "log10_lambda": -3.5070877226962587, "log10_min_child_weight": 4.619107418521261, "log10_subsample": -0.7717170137791336, "max_depth": 6.0, "num_boost_round": 4.0}, "datetime": {"datetime": "2024-01-19 01:32:37", "elapsed": 4877.123303, "delta": 0.0042}}
{"target": -13.758536390833568, "params": {"gamma": 896.4865686698546, "log10_alpha": -4.7601378144837065, "log10_colsample_bytree": -0.36819552545902545, "log10_eta": -3.855814074860435, "log10_lambda": -3.5070877226962587, "log10_min_child_weight": 4.619107418521261, "log10_subsample": -0.7717170137791336, "max_depth": 6.0, "num_boost_round": 5.0}, "datetime": {"datetime": "2024-01-19 01:32:37", "elapsed": 4877.127456, "delta": 0.004153}}
{"target": -13.758536199749098, "params": {"gamma": 896.4865686698546, "log10_alpha": -4.7601378144837065, "log10_colsample_bytree": -0.36819552545902545, "log10_eta": -3.855814074860435, "log10_lambda": -3.5070877226962587, "log10_min_child_weight": 4.619107418521261, "log10_subsample": -0.7717170137791336, "max_depth": 6.0, "num_boost_round": 6.0}, "datetime": {"datetime": "2024-01-19 01:32:37", "elapsed": 4877.131599, "delta": 0.004143}}
{"target": -13.758536497089967, "params": {"gamma": 896.4865686698546, "log10_alpha": -4.7601378144837065, "log10_colsample_bytree": -0.36819552545902545, "log10_eta": -3.855814074860435, "log10_lambda": -3.5070877226962587, "log10_min_child_weight": 4.619107418521261, "log10_subsample": -0.7717170137791336, "max_depth": 6.0, "num_boost_round": 7.0}, "datetime": {"datetime": "2024-01-19 01:32:37", "elapsed": 4877.135691, "delta": 0.004092}}
{"target": -13.75853585181019, "params": {"gamma": 896.4865686698546, "log10_alpha": -4.7601378144837065, "log10_colsample_bytree": -0.36819552545902545, "log10_eta": -3.855814074860435, "log10_lambda": -3.5070877226962587, "log10_min_child_weight": 4.619107418521261, "log10_subsample": -0.7717170137791336, "max_depth": 6.0, "num_boost_round": 8.0}, "datetime": {"datetime": "2024-01-19 01:32:37", "elapsed": 4877.139902, "delta": 0.004211}}
{"target": -13.75853600947619, "params": {"gamma": 896.4865686698546, "log10_alpha": -4.7601378144837065, "log10_colsample_bytree": -0.36819552545902545, "log10_eta": -3.855814074860435, "log10_lambda": -3.5070877226962587, "log10_min_child_weight": 4.619107418521261, "log10_subsample": -0.7717170137791336, "max_depth": 6.0, "num_boost_round": 9.0}, "datetime": {"datetime": "2024-01-19 01:32:37", "elapsed": 4877.143993, "delta": 0.004091}}
{"target": -13.75853625609423, "params": {"gamma": 896.4865686698546, "log10_alpha": -4.7601378144837065, "log10_colsample_bytree": -0.36819552545902545, "log10_eta": -3.855814074860435, "log10_lambda": -3.5070877226962587, "log10_min_child_weight": 4.619107418521261, "log10_subsample": -0.7717170137791336, "max_depth": 6.0, "num_boost_round": 10.0}, "datetime": {"datetime": "2024-01-19 01:32:37", "elapsed": 4877.147939, "delta": 0.003946}}
{"target": -13.75853547293259, "params": {"gamma": 896.4865686698546, "log10_alpha": -4.7601378144837065, "log10_colsample_bytree": -0.36819552545902545, "log10_eta": -3.855814074860435, "log10_lambda": -3.5070877226962587, "log10_min_child_weight": 4.619107418521261, "log10_subsample": -0.7717170137791336, "max_depth": 6.0, "num_boost_round": 11.0}, "datetime": {"datetime": "2024-01-19 01:32:37", "elapsed": 4877.152043, "delta": 0.004104}}
{"target": -13.75853582928162, "params": {"gamma": 896.4865686698546, "log10_alpha": -4.7601378144837065, "log10_colsample_bytree": -0.36819552545902545, "log10_eta": -3.855814074860435, "log10_lambda": -3.5070877226962587, "log10_min_child_weight": 4.619107418521261, "log10_subsample": -0.7717170137791336, "max_depth": 6.0, "num_boost_round": 12.0}, "datetime": {"datetime": "2024-01-19 01:32:37", "elapsed": 4877.156227, "delta": 0.004184}}
{"target": -13.75843634261861, "params": {"gamma": 900.3539425645665, "log10_alpha": -0.8916713989100993, "log10_colsample_bytree": -0.9216418491276076, "log10_eta": -2.500757933377399, "log10_lambda": -3.755136610401837, "log10_min_child_weight": 0.3872745819988621, "log10_subsample": -0.1286768201408539, "max_depth": 6.0, "num_boost_round": 0.0}, "datetime": {"datetime": "2024-01-19 01:33:14", "elapsed": 4914.620339, "delta": 37.464112}}
{"target": -13.75832829660548, "params": {"gamma": 900.3539425645665, "log10_alpha": -0.8916713989100993, "log10_colsample_bytree": -0.9216418491276076, "log10_eta": -2.500757933377399, "log10_lambda": -3.755136610401837, "log10_min_child_weight": 0.3872745819988621, "log10_subsample": -0.1286768201408539, "max_depth": 6.0, "num_boost_round": 1.0}, "datetime": {"datetime": "2024-01-19 01:33:14", "elapsed": 4914.625155, "delta": 0.004816}}
{"target": -13.75829719707184, "params": {"gamma": 900.3539425645665, "log10_alpha": -0.8916713989100993, "log10_colsample_bytree": -0.9216418491276076, "log10_eta": -2.500757933377399, "log10_lambda": -3.755136610401837, "log10_min_child_weight": 0.3872745819988621, "log10_subsample": -0.1286768201408539, "max_depth": 6.0, "num_boost_round": 2.0}, "datetime": {"datetime": "2024-01-19 01:33:14", "elapsed": 4914.62982, "delta": 0.004665}}
{"target": -13.75824377876453, "params": {"gamma": 900.3539425645665, "log10_alpha": -0.8916713989100993, "log10_colsample_bytree": -0.9216418491276076, "log10_eta": -2.500757933377399, "log10_lambda": -3.755136610401837, "log10_min_child_weight": 0.3872745819988621, "log10_subsample": -0.1286768201408539, "max_depth": 6.0, "num_boost_round": 3.0}, "datetime": {"datetime": "2024-01-19 01:33:14", "elapsed": 4914.633951, "delta": 0.004131}}
{"target": -13.758179381204101, "params": {"gamma": 900.3539425645665, "log10_alpha": -0.8916713989100993, "log10_colsample_bytree": -0.9216418491276076, "log10_eta": -2.500757933377399, "log10_lambda": -3.755136610401837, "log10_min_child_weight": 0.3872745819988621, "log10_subsample": -0.1286768201408539, "max_depth": 6.0, "num_boost_round": 4.0}, "datetime": {"datetime": "2024-01-19 01:33:14", "elapsed": 4914.63807, "delta": 0.004119}}
{"target": -13.758135502924848, "params": {"gamma": 900.3539425645665, "log10_alpha": -0.8916713989100993, "log10_colsample_bytree": -0.9216418491276076, "log10_eta": -2.500757933377399, "log10_lambda": -3.755136610401837, "log10_min_child_weight": 0.3872745819988621, "log10_subsample": -0.1286768201408539, "max_depth": 6.0, "num_boost_round": 5.0}, "datetime": {"datetime": "2024-01-19 01:33:14", "elapsed": 4914.642181, "delta": 0.004111}}
{"target": -13.758171469796785, "params": {"gamma": 900.3539425645665, "log10_alpha": -0.8916713989100993, "log10_colsample_bytree": -0.9216418491276076, "log10_eta": -2.500757933377399, "log10_lambda": -3.755136610401837, "log10_min_child_weight": 0.3872745819988621, "log10_subsample": -0.1286768201408539, "max_depth": 6.0, "num_boost_round": 6.0}, "datetime": {"datetime": "2024-01-19 01:33:14", "elapsed": 4914.646336, "delta": 0.004155}}
{"target": -13.758090394558655, "params": {"gamma": 900.3539425645665, "log10_alpha": -0.8916713989100993, "log10_colsample_bytree": -0.9216418491276076, "log10_eta": -2.500757933377399, "log10_lambda": -3.755136610401837, "log10_min_child_weight": 0.3872745819988621, "log10_subsample": -0.1286768201408539, "max_depth": 6.0, "num_boost_round": 7.0}, "datetime": {"datetime": "2024-01-19 01:33:14", "elapsed": 4914.650424, "delta": 0.004088}}
{"target": -13.757993238196336, "params": {"gamma": 900.3539425645665, "log10_alpha": -0.8916713989100993, "log10_colsample_bytree": -0.9216418491276076, "log10_eta": -2.500757933377399, "log10_lambda": -3.755136610401837, "log10_min_child_weight": 0.3872745819988621, "log10_subsample": -0.1286768201408539, "max_depth": 6.0, "num_boost_round": 8.0}, "datetime": {"datetime": "2024-01-19 01:33:14", "elapsed": 4914.654639, "delta": 0.004215}}
{"target": -13.757958791174318, "params": {"gamma": 900.3539425645665, "log10_alpha": -0.8916713989100993, "log10_colsample_bytree": -0.9216418491276076, "log10_eta": -2.500757933377399, "log10_lambda": -3.755136610401837, "log10_min_child_weight": 0.3872745819988621, "log10_subsample": -0.1286768201408539, "max_depth": 6.0, "num_boost_round": 9.0}, "datetime": {"datetime": "2024-01-19 01:33:14", "elapsed": 4914.658742, "delta": 0.004103}}
{"target": -13.75793191868744, "params": {"gamma": 900.3539425645665, "log10_alpha": -0.8916713989100993, "log10_colsample_bytree": -0.9216418491276076, "log10_eta": -2.500757933377399, "log10_lambda": -3.755136610401837, "log10_min_child_weight": 0.3872745819988621, "log10_subsample": -0.1286768201408539, "max_depth": 6.0, "num_boost_round": 10.0}, "datetime": {"datetime": "2024-01-19 01:33:14", "elapsed": 4914.662937, "delta": 0.004195}}
{"target": -13.757914433642858, "params": {"gamma": 900.3539425645665, "log10_alpha": -0.8916713989100993, "log10_colsample_bytree": -0.9216418491276076, "log10_eta": -2.500757933377399, "log10_lambda": -3.755136610401837, "log10_min_child_weight": 0.3872745819988621, "log10_subsample": -0.1286768201408539, "max_depth": 6.0, "num_boost_round": 11.0}, "datetime": {"datetime": "2024-01-19 01:33:14", "elapsed": 4914.666996, "delta": 0.004059}}
{"target": -13.757953081343627, "params": {"gamma": 900.3539425645665, "log10_alpha": -0.8916713989100993, "log10_colsample_bytree": -0.9216418491276076, "log10_eta": -2.500757933377399, "log10_lambda": -3.755136610401837, "log10_min_child_weight": 0.3872745819988621, "log10_subsample": -0.1286768201408539, "max_depth": 6.0, "num_boost_round": 12.0}, "datetime": {"datetime": "2024-01-19 01:33:14", "elapsed": 4914.67116, "delta": 0.004164}}
{"target": -13.757797109785564, "params": {"gamma": 900.3539425645665, "log10_alpha": -0.8916713989100993, "log10_colsample_bytree": -0.9216418491276076, "log10_eta": -2.500757933377399, "log10_lambda": -3.755136610401837, "log10_min_child_weight": 0.3872745819988621, "log10_subsample": -0.1286768201408539, "max_depth": 6.0, "num_boost_round": 13.0}, "datetime": {"datetime": "2024-01-19 01:33:14", "elapsed": 4914.675411, "delta": 0.004251}}
{"target": -13.757856150800611, "params": {"gamma": 900.3539425645665, "log10_alpha": -0.8916713989100993, "log10_colsample_bytree": -0.9216418491276076, "log10_eta": -2.500757933377399, "log10_lambda": -3.755136610401837, "log10_min_child_weight": 0.3872745819988621, "log10_subsample": -0.1286768201408539, "max_depth": 6.0, "num_boost_round": 14.0}, "datetime": {"datetime": "2024-01-19 01:33:14", "elapsed": 4914.679613, "delta": 0.004202}}
{"target": -13.757789398842872, "params": {"gamma": 900.3539425645665, "log10_alpha": -0.8916713989100993, "log10_colsample_bytree": -0.9216418491276076, "log10_eta": -2.500757933377399, "log10_lambda": -3.755136610401837, "log10_min_child_weight": 0.3872745819988621, "log10_subsample": -0.1286768201408539, "max_depth": 6.0, "num_boost_round": 15.0}, "datetime": {"datetime": "2024-01-19 01:33:14", "elapsed": 4914.683907, "delta": 0.004294}}
{"target": -13.757760202008715, "params": {"gamma": 900.3539425645665, "log10_alpha": -0.8916713989100993, "log10_colsample_bytree": -0.9216418491276076, "log10_eta": -2.500757933377399, "log10_lambda": -3.755136610401837, "log10_min_child_weight": 0.3872745819988621, "log10_subsample": -0.1286768201408539, "max_depth": 6.0, "num_boost_round": 16.0}, "datetime": {"datetime": "2024-01-19 01:33:14", "elapsed": 4914.687976, "delta": 0.004069}}
{"target": -13.757529736873346, "params": {"gamma": 900.3539425645665, "log10_alpha": -0.8916713989100993, "log10_colsample_bytree": -0.9216418491276076, "log10_eta": -2.500757933377399, "log10_lambda": -3.755136610401837, "log10_min_child_weight": 0.3872745819988621, "log10_subsample": -0.1286768201408539, "max_depth": 6.0, "num_boost_round": 17.0}, "datetime": {"datetime": "2024-01-19 01:33:14", "elapsed": 4914.692164, "delta": 0.004188}}
{"target": -13.758536929568814, "params": {"gamma": 891.0370972103641, "log10_alpha": -3.6833624902342947, "log10_colsample_bytree": -0.13140867937627332, "log10_eta": -3.7617907329434668, "log10_lambda": -0.41928434226267086, "log10_min_child_weight": 1.3943370780832443, "log10_subsample": -0.36149393234501837, "max_depth": 9.0, "num_boost_round": 0.0}, "datetime": {"datetime": "2024-01-19 01:33:56", "elapsed": 4956.043454, "delta": 41.35129}}
{"target": -13.758541465907882, "params": {"gamma": 891.0370972103641, "log10_alpha": -3.6833624902342947, "log10_colsample_bytree": -0.13140867937627332, "log10_eta": -3.7617907329434668, "log10_lambda": -0.41928434226267086, "log10_min_child_weight": 1.3943370780832443, "log10_subsample": -0.36149393234501837, "max_depth": 9.0, "num_boost_round": 1.0}, "datetime": {"datetime": "2024-01-19 01:33:56", "elapsed": 4956.048292, "delta": 0.004838}}
{"target": -13.758535139003154, "params": {"gamma": 891.0370972103641, "log10_alpha": -3.6833624902342947, "log10_colsample_bytree": -0.13140867937627332, "log10_eta": -3.7617907329434668, "log10_lambda": -0.41928434226267086, "log10_min_child_weight": 1.3943370780832443, "log10_subsample": -0.36149393234501837, "max_depth": 9.0, "num_boost_round": 2.0}, "datetime": {"datetime": "2024-01-19 01:33:56", "elapsed": 4956.052683, "delta": 0.004391}}
{"target": -13.758529634766399, "params": {"gamma": 891.0370972103641, "log10_alpha": -3.6833624902342947, "log10_colsample_bytree": -0.13140867937627332, "log10_eta": -3.7617907329434668, "log10_lambda": -0.41928434226267086, "log10_min_child_weight": 1.3943370780832443, "log10_subsample": -0.36149393234501837, "max_depth": 9.0, "num_boost_round": 3.0}, "datetime": {"datetime": "2024-01-19 01:33:56", "elapsed": 4956.0567, "delta": 0.004017}}
{"target": -13.758524156222053, "params": {"gamma": 891.0370972103641, "log10_alpha": -3.6833624902342947, "log10_colsample_bytree": -0.13140867937627332, "log10_eta": -3.7617907329434668, "log10_lambda": -0.41928434226267086, "log10_min_child_weight": 1.3943370780832443, "log10_subsample": -0.36149393234501837, "max_depth": 9.0, "num_boost_round": 4.0}, "datetime": {"datetime": "2024-01-19 01:33:56", "elapsed": 4956.060858, "delta": 0.004158}}
{"target": -13.758519333357462, "params": {"gamma": 891.0370972103641, "log10_alpha": -3.6833624902342947, "log10_colsample_bytree": -0.13140867937627332, "log10_eta": -3.7617907329434668, "log10_lambda": -0.41928434226267086, "log10_min_child_weight": 1.3943370780832443, "log10_subsample": -0.36149393234501837, "max_depth": 9.0, "num_boost_round": 5.0}, "datetime": {"datetime": "2024-01-19 01:33:56", "elapsed": 4956.064816, "delta": 0.003958}}
{"target": -13.758517287913604, "params": {"gamma": 891.0370972103641, "log10_alpha": -3.6833624902342947, "log10_colsample_bytree": -0.13140867937627332, "log10_eta": -3.7617907329434668, "log10_lambda": -0.41928434226267086, "log10_min_child_weight": 1.3943370780832443, "log10_subsample": -0.36149393234501837, "max_depth": 9.0, "num_boost_round": 6.0}, "datetime": {"datetime": "2024-01-19 01:33:56", "elapsed": 4956.068803, "delta": 0.003987}}
{"target": -13.75851575930395, "params": {"gamma": 891.0370972103641, "log10_alpha": -3.6833624902342947, "log10_colsample_bytree": -0.13140867937627332, "log10_eta": -3.7617907329434668, "log10_lambda": -0.41928434226267086, "log10_min_child_weight": 1.3943370780832443, "log10_subsample": -0.36149393234501837, "max_depth": 9.0, "num_boost_round": 7.0}, "datetime": {"datetime": "2024-01-19 01:33:56", "elapsed": 4956.073078, "delta": 0.004275}}
