{"target": -13.758531759866731, "params": {"gamma": 958.8009840801732, "log10_alpha": -0.4034075245876867, "log10_colsample_bytree": -0.6674355839208765, "log10_eta": -3.3953243529914174, "log10_lambda": -4.299076273382647, "log10_min_child_weight": 4.236561705533274, "log10_subsample": -0.9558941424216488, "max_depth": 3.0, "num_boost_round": 6.0}, "datetime": {"datetime": "2024-01-19 00:31:15", "elapsed": 1176.388995, "delta": 0.001937}}
{"target": -13.758528064608981, "params": {"gamma": 958.8009840801732, "log10_alpha": -0.4034075245876867, "log10_colsample_bytree": -0.6674355839208765, "log10_eta": -3.3953243529914174, "log10_lambda": -4.299076273382647, "log10_min_child_weight": 4.236561705533274, "log10_subsample": -0.9558941424216488, "max_depth": 3.0, "num_boost_round": 7.0}, "datetime": {"datetime": "2024-01-19 00:31:15", "elapsed": 1176.390877, "delta": 0.001882}}
{"target": -13.75852742247498, "params": {"gamma": 958.8009840801732, "log10_alpha": -0.4034075245876867, "log10_colsample_bytree": -0.6674355839208765, "log10_eta": -3.3953243529914174, "log10_lambda": -4.299076273382647, "log10_min_child_weight": 4.236561705533274, "log10_subsample": -0.9558941424216488, "max_depth": 3.0, "num_boost_round": 8.0}, "datetime": {"datetime": "2024-01-19 00:31:15", "elapsed": 1176.392748, "delta": 0.001871}}
{"target": -13.758527505627315, "params": {"gamma": 958.8009840801732, "log10_alpha": -0.4034075245876867, "log10_colsample_bytree": -0.6674355839208765, "log10_eta": -3.3953243529914174, "log10_lambda": -4.299076273382647, "log10_min_child_weight": 4.236561705533274, "log10_subsample": -0.9558941424216488, "max_depth": 3.0, "num_boost_round": 9.0}, "datetime": {"datetime": "2024-01-19 00:31:15", "elapsed": 1176.394635, "delta": 0.001887}}
{"target": -13.758526763236139, "params": {"gamma": 958.8009840801732, "log10_alpha": -0.4034075245876867, "log10_colsample_bytree": -0.6674355839208765, "log10_eta": -3.3953243529914174, "log10_lambda": -4.299076273382647, "log10_min_child_weight": 4.236561705533274, "log10_subsample": -0.9558941424216488, "max_depth": 3.0, "num_boost_round": 10.0}, "datetime": {"datetime": "2024-01-19 00:31:15", "elapsed": 1176.396519, "delta": 0.001884}}
{"target": -13.75852713180833, "params": {"gamma": 958.8009840801732, "log10_alpha": -0.4034075245876867, "log10_colsample_bytree": -0.6674355839208765, "log10_eta": -3.3953243529914174, "log10_lambda": -4.299076273382647, "log10_min_child_weight": 4.236561705533274, "log10_subsample": -0.9558941424216488, "max_depth": 3.0, "num_boost_round": 11.0}, "datetime": {"datetime": "2024-01-19 00:31:15", "elapsed": 1176.398395, "delta": 0.001876}}
{"target": -13.758527392637468, "params": {"gamma": 958.8009840801732, "log10_alpha": -0.4034075245876867, "log10_colsample_bytree": -0.6674355839208765, "log10_eta": -3.3953243529914174, "log10_lambda": -4.299076273382647, "log10_min_child_weight": 4.236561705533274, "log10_subsample": -0.9558941424216488, "max_depth": 3.0, "num_boost_round": 12.0}, "datetime": {"datetime": "2024-01-19 00:31:15", "elapsed": 1176.400408, "delta": 0.002013}}
{"target": -13.758526450731805, "params": {"gamma": 958.8009840801732, "log10_alpha": -0.4034075245876867, "log10_colsample_bytree": -0.6674355839208765, "log10_eta": -3.3953243529914174, "log10_lambda": -4.299076273382647, "log10_min_child_weight": 4.236561705533274, "log10_subsample": -0.9558941424216488, "max_depth": 3.0, "num_boost_round": 13.0}, "datetime": {"datetime": "2024-01-19 00:31:15", "elapsed": 1176.402306, "delta": 0.001898}}
{"target": -13.75852628325562, "params": {"gamma": 958.8009840801732, "log10_alpha": -0.4034075245876867, "log10_colsample_bytree": -0.6674355839208765, "log10_eta": -3.3953243529914174, "log10_lambda": -4.299076273382647, "log10_min_child_weight": 4.236561705533274, "log10_subsample": -0.9558941424216488, "max_depth": 3.0, "num_boost_round": 14.0}, "datetime": {"datetime": "2024-01-19 00:31:15", "elapsed": 1176.40419, "delta": 0.001884}}
{"target": -13.758521059042536, "params": {"gamma": 958.8009840801732, "log10_alpha": -0.4034075245876867, "log10_colsample_bytree": -0.6674355839208765, "log10_eta": -3.3953243529914174, "log10_lambda": -4.299076273382647, "log10_min_child_weight": 4.236561705533274, "log10_subsample": -0.9558941424216488, "max_depth": 3.0, "num_boost_round": 15.0}, "datetime": {"datetime": "2024-01-19 00:31:15", "elapsed": 1176.406084, "delta": 0.001894}}
{"target": -13.758519747309643, "params": {"gamma": 958.8009840801732, "log10_alpha": -0.4034075245876867, "log10_colsample_bytree": -0.6674355839208765, "log10_eta": -3.3953243529914174, "log10_lambda": -4.299076273382647, "log10_min_child_weight": 4.236561705533274, "log10_subsample": -0.9558941424216488, "max_depth": 3.0, "num_boost_round": 16.0}, "datetime": {"datetime": "2024-01-19 00:31:15", "elapsed": 1176.408196, "delta": 0.002112}}
{"target": -13.758535787661113, "params": {"gamma": 977.5655618602254, "log10_alpha": -3.672847894476618, "log10_colsample_bytree": -0.32219961611187076, "log10_eta": -3.5859363844129724, "log10_lambda": 0.6982751155981006, "log10_min_child_weight": 1.2532651914521897, "log10_subsample": -0.591960168862728, "max_depth": 2.0, "num_boost_round": 0.0}, "datetime": {"datetime": "2024-01-19 00:31:45", "elapsed": 1206.511975, "delta": 30.103779}}
{"target": -13.758532676177436, "params": {"gamma": 977.5655618602254, "log10_alpha": -3.672847894476618, "log10_colsample_bytree": -0.32219961611187076, "log10_eta": -3.5859363844129724, "log10_lambda": 0.6982751155981006, "log10_min_child_weight": 1.2532651914521897, "log10_subsample": -0.591960168862728, "max_depth": 2.0, "num_boost_round": 1.0}, "datetime": {"datetime": "2024-01-19 00:31:45", "elapsed": 1206.514078, "delta": 0.002103}}
{"target": -13.758532538001848, "params": {"gamma": 977.5655618602254, "log10_alpha": -3.672847894476618, "log10_colsample_bytree": -0.32219961611187076, "log10_eta": -3.5859363844129724, "log10_lambda": 0.6982751155981006, "log10_min_child_weight": 1.2532651914521897, "log10_subsample": -0.591960168862728, "max_depth": 2.0, "num_boost_round": 2.0}, "datetime": {"datetime": "2024-01-19 00:31:45", "elapsed": 1206.515958, "delta": 0.00188}}
{"target": -13.75853225833989, "params": {"gamma": 977.5655618602254, "log10_alpha": -3.672847894476618, "log10_colsample_bytree": -0.32219961611187076, "log10_eta": -3.5859363844129724, "log10_lambda": 0.6982751155981006, "log10_min_child_weight": 1.2532651914521897, "log10_subsample": -0.591960168862728, "max_depth": 2.0, "num_boost_round": 3.0}, "datetime": {"datetime": "2024-01-19 00:31:45", "elapsed": 1206.518587, "delta": 0.002629}}
{"target": -13.75852860574225, "params": {"gamma": 977.5655618602254, "log10_alpha": -3.672847894476618, "log10_colsample_bytree": -0.32219961611187076, "log10_eta": -3.5859363844129724, "log10_lambda": 0.6982751155981006, "log10_min_child_weight": 1.2532651914521897, "log10_subsample": -0.591960168862728, "max_depth": 2.0, "num_boost_round": 4.0}, "datetime": {"datetime": "2024-01-19 00:31:45", "elapsed": 1206.520508, "delta": 0.001921}}
{"target": -13.758526950362398, "params": {"gamma": 977.5655618602254, "log10_alpha": -3.672847894476618, "log10_colsample_bytree": -0.32219961611187076, "log10_eta": -3.5859363844129724, "log10_lambda": 0.6982751155981006, "log10_min_child_weight": 1.2532651914521897, "log10_subsample": -0.591960168862728, "max_depth": 2.0, "num_boost_round": 5.0}, "datetime": {"datetime": "2024-01-19 00:31:45", "elapsed": 1206.522385, "delta": 0.001877}}
{"target": -13.758527006249642, "params": {"gamma": 977.5655618602254, "log10_alpha": -3.672847894476618, "log10_colsample_bytree": -0.32219961611187076, "log10_eta": -3.5859363844129724, "log10_lambda": 0.6982751155981006, "log10_min_child_weight": 1.2532651914521897, "log10_subsample": -0.591960168862728, "max_depth": 2.0, "num_boost_round": 6.0}, "datetime": {"datetime": "2024-01-19 00:31:45", "elapsed": 1206.524238, "delta": 0.001853}}
{"target": -13.758524249593107, "params": {"gamma": 977.5655618602254, "log10_alpha": -3.672847894476618, "log10_colsample_bytree": -0.32219961611187076, "log10_eta": -3.5859363844129724, "log10_lambda": 0.6982751155981006, "log10_min_child_weight": 1.2532651914521897, "log10_subsample": -0.591960168862728, "max_depth": 2.0, "num_boost_round": 7.0}, "datetime": {"datetime": "2024-01-19 00:31:45", "elapsed": 1206.526165, "delta": 0.001927}}
{"target": -13.758520465970122, "params": {"gamma": 977.5655618602254, "log10_alpha": -3.672847894476618, "log10_colsample_bytree": -0.32219961611187076, "log10_eta": -3.5859363844129724, "log10_lambda": 0.6982751155981006, "log10_min_child_weight": 1.2532651914521897, "log10_subsample": -0.591960168862728, "max_depth": 2.0, "num_boost_round": 8.0}, "datetime": {"datetime": "2024-01-19 00:31:45", "elapsed": 1206.528078, "delta": 0.001913}}
{"target": -13.758519805892117, "params": {"gamma": 977.5655618602254, "log10_alpha": -3.672847894476618, "log10_colsample_bytree": -0.32219961611187076, "log10_eta": -3.5859363844129724, "log10_lambda": 0.6982751155981006, "log10_min_child_weight": 1.2532651914521897, "log10_subsample": -0.591960168862728, "max_depth": 2.0, "num_boost_round": 9.0}, "datetime": {"datetime": "2024-01-19 00:31:45", "elapsed": 1206.529961, "delta": 0.001883}}
{"target": -13.758517551585339, "params": {"gamma": 977.5655618602254, "log10_alpha": -3.672847894476618, "log10_colsample_bytree": -0.32219961611187076, "log10_eta": -3.5859363844129724, "log10_lambda": 0.6982751155981006, "log10_min_child_weight": 1.2532651914521897, "log10_subsample": -0.591960168862728, "max_depth": 2.0, "num_boost_round": 10.0}, "datetime": {"datetime": "2024-01-19 00:31:45", "elapsed": 1206.531808, "delta": 0.001847}}
{"target": -13.75851346526149, "params": {"gamma": 977.5655618602254, "log10_alpha": -3.672847894476618, "log10_colsample_bytree": -0.32219961611187076, "log10_eta": -3.5859363844129724, "log10_lambda": 0.6982751155981006, "log10_min_child_weight": 1.2532651914521897, "log10_subsample": -0.591960168862728, "max_depth": 2.0, "num_boost_round": 11.0}, "datetime": {"datetime": "2024-01-19 00:31:45", "elapsed": 1206.533658, "delta": 0.00185}}
{"target": -13.758510865632193, "params": {"gamma": 977.5655618602254, "log10_alpha": -3.672847894476618, "log10_colsample_bytree": -0.32219961611187076, "log10_eta": -3.5859363844129724, "log10_lambda": 0.6982751155981006, "log10_min_child_weight": 1.2532651914521897, "log10_subsample": -0.591960168862728, "max_depth": 2.0, "num_boost_round": 12.0}, "datetime": {"datetime": "2024-01-19 00:31:45", "elapsed": 1206.535502, "delta": 0.001844}}
{"target": -13.758508222904378, "params": {"gamma": 977.5655618602254, "log10_alpha": -3.672847894476618, "log10_colsample_bytree": -0.32219961611187076, "log10_eta": -3.5859363844129724, "log10_lambda": 0.6982751155981006, "log10_min_child_weight": 1.2532651914521897, "log10_subsample": -0.591960168862728, "max_depth": 2.0, "num_boost_round": 13.0}, "datetime": {"datetime": "2024-01-19 00:31:45", "elapsed": 1206.537357, "delta": 0.001855}}
{"target": -13.758506904207009, "params": {"gamma": 977.5655618602254, "log10_alpha": -3.672847894476618, "log10_colsample_bytree": -0.32219961611187076, "log10_eta": -3.5859363844129724, "log10_lambda": 0.6982751155981006, "log10_min_child_weight": 1.2532651914521897, "log10_subsample": -0.591960168862728, "max_depth": 2.0, "num_boost_round": 14.0}, "datetime": {"datetime": "2024-01-19 00:31:45", "elapsed": 1206.539303, "delta": 0.001946}}
{"target": -13.758503345497646, "params": {"gamma": 977.5655618602254, "log10_alpha": -3.672847894476618, "log10_colsample_bytree": -0.32219961611187076, "log10_eta": -3.5859363844129724, "log10_lambda": 0.6982751155981006, "log10_min_child_weight": 1.2532651914521897, "log10_subsample": -0.591960168862728, "max_depth": 2.0, "num_boost_round": 15.0}, "datetime": {"datetime": "2024-01-19 00:31:45", "elapsed": 1206.541179, "delta": 0.001876}}
{"target": -13.758501051928281, "params": {"gamma": 977.5655618602254, "log10_alpha": -3.672847894476618, "log10_colsample_bytree": -0.32219961611187076, "log10_eta": -3.5859363844129724, "log10_lambda": 0.6982751155981006, "log10_min_child_weight": 1.2532651914521897, "log10_subsample": -0.591960168862728, "max_depth": 2.0, "num_boost_round": 16.0}, "datetime": {"datetime": "2024-01-19 00:31:45", "elapsed": 1206.543085, "delta": 0.001906}}
{"target": -13.758500728257252, "params": {"gamma": 977.5655618602254, "log10_alpha": -3.672847894476618, "log10_colsample_bytree": -0.32219961611187076, "log10_eta": -3.5859363844129724, "log10_lambda": 0.6982751155981006, "log10_min_child_weight": 1.2532651914521897, "log10_subsample": -0.591960168862728, "max_depth": 2.0, "num_boost_round": 17.0}, "datetime": {"datetime": "2024-01-19 00:31:45", "elapsed": 1206.544979, "delta": 0.001894}}
{"target": -13.758500008677455, "params": {"gamma": 977.5655618602254, "log10_alpha": -3.672847894476618, "log10_colsample_bytree": -0.32219961611187076, "log10_eta": -3.5859363844129724, "log10_lambda": 0.6982751155981006, "log10_min_child_weight": 1.2532651914521897, "log10_subsample": -0.591960168862728, "max_depth": 2.0, "num_boost_round": 18.0}, "datetime": {"datetime": "2024-01-19 00:31:45", "elapsed": 1206.546934, "delta": 0.001955}}
{"target": -13.758496931202412, "params": {"gamma": 977.5655618602254, "log10_alpha": -3.672847894476618, "log10_colsample_bytree": -0.32219961611187076, "log10_eta": -3.5859363844129724, "log10_lambda": 0.6982751155981006, "log10_min_child_weight": 1.2532651914521897, "log10_subsample": -0.591960168862728, "max_depth": 2.0, "num_boost_round": 19.0}, "datetime": {"datetime": "2024-01-19 00:31:45", "elapsed": 1206.548846, "delta": 0.001912}}
{"target": -13.758492491024564, "params": {"gamma": 977.5655618602254, "log10_alpha": -3.672847894476618, "log10_colsample_bytree": -0.32219961611187076, "log10_eta": -3.5859363844129724, "log10_lambda": 0.6982751155981006, "log10_min_child_weight": 1.2532651914521897, "log10_subsample": -0.591960168862728, "max_depth": 2.0, "num_boost_round": 20.0}, "datetime": {"datetime": "2024-01-19 00:31:45", "elapsed": 1206.550713, "delta": 0.001867}}
{"target": -13.758491259348759, "params": {"gamma": 977.5655618602254, "log10_alpha": -3.672847894476618, "log10_colsample_bytree": -0.32219961611187076, "log10_eta": -3.5859363844129724, "log10_lambda": 0.6982751155981006, "log10_min_child_weight": 1.2532651914521897, "log10_subsample": -0.591960168862728, "max_depth": 2.0, "num_boost_round": 21.0}, "datetime": {"datetime": "2024-01-19 00:31:45", "elapsed": 1206.552588, "delta": 0.001875}}
{"target": -13.758488797499734, "params": {"gamma": 977.5655618602254, "log10_alpha": -3.672847894476618, "log10_colsample_bytree": -0.32219961611187076, "log10_eta": -3.5859363844129724, "log10_lambda": 0.6982751155981006, "log10_min_child_weight": 1.2532651914521897, "log10_subsample": -0.591960168862728, "max_depth": 2.0, "num_boost_round": 22.0}, "datetime": {"datetime": "2024-01-19 00:31:45", "elapsed": 1206.554459, "delta": 0.001871}}
{"target": -13.758485387496794, "params": {"gamma": 977.5655618602254, "log10_alpha": -3.672847894476618, "log10_colsample_bytree": -0.32219961611187076, "log10_eta": -3.5859363844129724, "log10_lambda": 0.6982751155981006, "log10_min_child_weight": 1.2532651914521897, "log10_subsample": -0.591960168862728, "max_depth": 2.0, "num_boost_round": 23.0}, "datetime": {"datetime": "2024-01-19 00:31:45", "elapsed": 1206.556352, "delta": 0.001893}}
{"target": -13.75848498020297, "params": {"gamma": 977.5655618602254, "log10_alpha": -3.672847894476618, "log10_colsample_bytree": -0.32219961611187076, "log10_eta": -3.5859363844129724, "log10_lambda": 0.6982751155981006, "log10_min_child_weight": 1.2532651914521897, "log10_subsample": -0.591960168862728, "max_depth": 2.0, "num_boost_round": 24.0}, "datetime": {"datetime": "2024-01-19 00:31:45", "elapsed": 1206.558226, "delta": 0.001874}}
{"target": -13.758480630588586, "params": {"gamma": 977.5655618602254, "log10_alpha": -3.672847894476618, "log10_colsample_bytree": -0.32219961611187076, "log10_eta": -3.5859363844129724, "log10_lambda": 0.6982751155981006, "log10_min_child_weight": 1.2532651914521897, "log10_subsample": -0.591960168862728, "max_depth": 2.0, "num_boost_round": 25.0}, "datetime": {"datetime": "2024-01-19 00:31:45", "elapsed": 1206.560195, "delta": 0.001969}}
{"target": -13.758479357432984, "params": {"gamma": 977.5655618602254, "log10_alpha": -3.672847894476618, "log10_colsample_bytree": -0.32219961611187076, "log10_eta": -3.5859363844129724, "log10_lambda": 0.6982751155981006, "log10_min_child_weight": 1.2532651914521897, "log10_subsample": -0.591960168862728, "max_depth": 2.0, "num_boost_round": 26.0}, "datetime": {"datetime": "2024-01-19 00:31:45", "elapsed": 1206.562189, "delta": 0.001994}}
{"target": -13.758478651819384, "params": {"gamma": 977.5655618602254, "log10_alpha": -3.672847894476618, "log10_colsample_bytree": -0.32219961611187076, "log10_eta": -3.5859363844129724, "log10_lambda": 0.6982751155981006, "log10_min_child_weight": 1.2532651914521897, "log10_subsample": -0.591960168862728, "max_depth": 2.0, "num_boost_round": 27.0}, "datetime": {"datetime": "2024-01-19 00:31:45", "elapsed": 1206.564125, "delta": 0.001936}}
{"target": -13.758477449512363, "params": {"gamma": 977.5655618602254, "log10_alpha": -3.672847894476618, "log10_colsample_bytree": -0.32219961611187076, "log10_eta": -3.5859363844129724, "log10_lambda": 0.6982751155981006, "log10_min_child_weight": 1.2532651914521897, "log10_subsample": -0.591960168862728, "max_depth": 2.0, "num_boost_round": 28.0}, "datetime": {"datetime": "2024-01-19 00:31:45", "elapsed": 1206.566008, "delta": 0.001883}}
{"target": -13.758475574140324, "params": {"gamma": 977.5655618602254, "log10_alpha": -3.672847894476618, "log10_colsample_bytree": -0.32219961611187076, "log10_eta": -3.5859363844129724, "log10_lambda": 0.6982751155981006, "log10_min_child_weight": 1.2532651914521897, "log10_subsample": -0.591960168862728, "max_depth": 2.0, "num_boost_round": 29.0}, "datetime": {"datetime": "2024-01-19 00:31:45", "elapsed": 1206.567967, "delta": 0.001959}}
{"target": -13.758471520501553, "params": {"gamma": 977.5655618602254, "log10_alpha": -3.672847894476618, "log10_colsample_bytree": -0.32219961611187076, "log10_eta": -3.5859363844129724, "log10_lambda": 0.6982751155981006, "log10_min_child_weight": 1.2532651914521897, "log10_subsample": -0.591960168862728, "max_depth": 2.0, "num_boost_round": 30.0}, "datetime": {"datetime": "2024-01-19 00:31:45", "elapsed": 1206.569866, "delta": 0.001899}}
{"target": -13.75846977782553, "params": {"gamma": 977.5655618602254, "log10_alpha": -3.672847894476618, "log10_colsample_bytree": -0.32219961611187076, "log10_eta": -3.5859363844129724, "log10_lambda": 0.6982751155981006, "log10_min_child_weight": 1.2532651914521897, "log10_subsample": -0.591960168862728, "max_depth": 2.0, "num_boost_round": 31.0}, "datetime": {"datetime": "2024-01-19 00:31:45", "elapsed": 1206.571747, "delta": 0.001881}}
{"target": -13.75846971544687, "params": {"gamma": 977.5655618602254, "log10_alpha": -3.672847894476618, "log10_colsample_bytree": -0.32219961611187076, "log10_eta": -3.5859363844129724, "log10_lambda": 0.6982751155981006, "log10_min_child_weight": 1.2532651914521897, "log10_subsample": -0.591960168862728, "max_depth": 2.0, "num_boost_round": 32.0}, "datetime": {"datetime": "2024-01-19 00:31:45", "elapsed": 1206.573629, "delta": 0.001882}}
{"target": -13.758469663979652, "params": {"gamma": 977.5655618602254, "log10_alpha": -3.672847894476618, "log10_colsample_bytree": -0.32219961611187076, "log10_eta": -3.5859363844129724, "log10_lambda": 0.6982751155981006, "log10_min_child_weight": 1.2532651914521897, "log10_subsample": -0.591960168862728, "max_depth": 2.0, "num_boost_round": 33.0}, "datetime": {"datetime": "2024-01-19 00:31:45", "elapsed": 1206.575507, "delta": 0.001878}}
{"target": -13.758467850149046, "params": {"gamma": 977.5655618602254, "log10_alpha": -3.672847894476618, "log10_colsample_bytree": -0.32219961611187076, "log10_eta": -3.5859363844129724, "log10_lambda": 0.6982751155981006, "log10_min_child_weight": 1.2532651914521897, "log10_subsample": -0.591960168862728, "max_depth": 2.0, "num_boost_round": 34.0}, "datetime": {"datetime": "2024-01-19 00:31:45", "elapsed": 1206.577376, "delta": 0.001869}}
{"target": -13.758467873998045, "params": {"gamma": 977.5655618602254, "log10_alpha": -3.672847894476618, "log10_colsample_bytree": -0.32219961611187076, "log10_eta": -3.5859363844129724, "log10_lambda": 0.6982751155981006, "log10_min_child_weight": 1.2532651914521897, "log10_subsample": -0.591960168862728, "max_depth": 2.0, "num_boost_round": 35.0}, "datetime": {"datetime": "2024-01-19 00:31:45", "elapsed": 1206.579329, "delta": 0.001953}}
{"target": -13.758468202041142, "params": {"gamma": 977.5655618602254, "log10_alpha": -3.672847894476618, "log10_colsample_bytree": -0.32219961611187076, "log10_eta": -3.5859363844129724, "log10_lambda": 0.6982751155981006, "log10_min_child_weight": 1.2532651914521897, "log10_subsample": -0.591960168862728, "max_depth": 2.0, "num_boost_round": 36.0}, "datetime": {"datetime": "2024-01-19 00:31:45", "elapsed": 1206.581216, "delta": 0.001887}}
{"target": -13.758466117088487, "params": {"gamma": 977.5655618602254, "log10_alpha": -3.672847894476618, "log10_colsample_bytree": -0.32219961611187076, "log10_eta": -3.5859363844129724, "log10_lambda": 0.6982751155981006, "log10_min_child_weight": 1.2532651914521897, "log10_subsample": -0.591960168862728, "max_depth": 2.0, "num_boost_round": 37.0}, "datetime": {"datetime": "2024-01-19 00:31:45", "elapsed": 1206.583107, "delta": 0.001891}}
