{"target": -13.758337969933205, "params": {"gamma": 841.9356046814709, "log10_alpha": -4.610028637054144, "log10_colsample_bytree": -0.5022115830249496, "log10_eta": -3.191120289314551, "log10_lambda": -0.029980974060975996, "log10_min_child_weight": 2.5598459890767793, "log10_subsample": -0.3604173521863767, "max_depth": 7.0, "num_boost_round": 12.0}, "datetime": {"datetime": "2024-01-19 00:40:50", "elapsed": 1770.908569, "delta": 0.001927}}
{"target": -13.75834852104391, "params": {"gamma": 841.9356046814709, "log10_alpha": -4.610028637054144, "log10_colsample_bytree": -0.5022115830249496, "log10_eta": -3.191120289314551, "log10_lambda": -0.029980974060975996, "log10_min_child_weight": 2.5598459890767793, "log10_subsample": -0.3604173521863767, "max_depth": 7.0, "num_boost_round": 13.0}, "datetime": {"datetime": "2024-01-19 00:40:50", "elapsed": 1770.910508, "delta": 0.001939}}
{"target": -13.758350058299925, "params": {"gamma": 841.9356046814709, "log10_alpha": -4.610028637054144, "log10_colsample_bytree": -0.5022115830249496, "log10_eta": -3.191120289314551, "log10_lambda": -0.029980974060975996, "log10_min_child_weight": 2.5598459890767793, "log10_subsample": -0.3604173521863767, "max_depth": 7.0, "num_boost_round": 14.0}, "datetime": {"datetime": "2024-01-19 00:40:50", "elapsed": 1770.912454, "delta": 0.001946}}
{"target": -13.758547237271879, "params": {"gamma": 845.4475729639564, "log10_alpha": -4.37816162873712, "log10_colsample_bytree": -0.6857202427116066, "log10_eta": -2.9492735975836726, "log10_lambda": -1.3185410923283731, "log10_min_child_weight": 1.8002604116820509, "log10_subsample": -0.9701789418135823, "max_depth": 9.0, "num_boost_round": 0.0}, "datetime": {"datetime": "2024-01-19 00:41:20", "elapsed": 1800.374196, "delta": 29.461742}}
{"target": -13.758493630657336, "params": {"gamma": 845.4475729639564, "log10_alpha": -4.37816162873712, "log10_colsample_bytree": -0.6857202427116066, "log10_eta": -2.9492735975836726, "log10_lambda": -1.3185410923283731, "log10_min_child_weight": 1.8002604116820509, "log10_subsample": -0.9701789418135823, "max_depth": 9.0, "num_boost_round": 1.0}, "datetime": {"datetime": "2024-01-19 00:41:20", "elapsed": 1800.376796, "delta": 0.0026}}
{"target": -13.75845564226418, "params": {"gamma": 845.4475729639564, "log10_alpha": -4.37816162873712, "log10_colsample_bytree": -0.6857202427116066, "log10_eta": -2.9492735975836726, "log10_lambda": -1.3185410923283731, "log10_min_child_weight": 1.8002604116820509, "log10_subsample": -0.9701789418135823, "max_depth": 9.0, "num_boost_round": 2.0}, "datetime": {"datetime": "2024-01-19 00:41:20", "elapsed": 1800.378881, "delta": 0.002085}}
{"target": -13.758432987123154, "params": {"gamma": 845.4475729639564, "log10_alpha": -4.37816162873712, "log10_colsample_bytree": -0.6857202427116066, "log10_eta": -2.9492735975836726, "log10_lambda": -1.3185410923283731, "log10_min_child_weight": 1.8002604116820509, "log10_subsample": -0.9701789418135823, "max_depth": 9.0, "num_boost_round": 3.0}, "datetime": {"datetime": "2024-01-19 00:41:20", "elapsed": 1800.380963, "delta": 0.002082}}
{"target": -13.7583712274609, "params": {"gamma": 845.4475729639564, "log10_alpha": -4.37816162873712, "log10_colsample_bytree": -0.6857202427116066, "log10_eta": -2.9492735975836726, "log10_lambda": -1.3185410923283731, "log10_min_child_weight": 1.8002604116820509, "log10_subsample": -0.9701789418135823, "max_depth": 9.0, "num_boost_round": 4.0}, "datetime": {"datetime": "2024-01-19 00:41:20", "elapsed": 1800.382951, "delta": 0.001988}}
{"target": -13.75833624429689, "params": {"gamma": 845.4475729639564, "log10_alpha": -4.37816162873712, "log10_colsample_bytree": -0.6857202427116066, "log10_eta": -2.9492735975836726, "log10_lambda": -1.3185410923283731, "log10_min_child_weight": 1.8002604116820509, "log10_subsample": -0.9701789418135823, "max_depth": 9.0, "num_boost_round": 5.0}, "datetime": {"datetime": "2024-01-19 00:41:20", "elapsed": 1800.384938, "delta": 0.001987}}
{"target": -13.758329097692826, "params": {"gamma": 845.4475729639564, "log10_alpha": -4.37816162873712, "log10_colsample_bytree": -0.6857202427116066, "log10_eta": -2.9492735975836726, "log10_lambda": -1.3185410923283731, "log10_min_child_weight": 1.8002604116820509, "log10_subsample": -0.9701789418135823, "max_depth": 9.0, "num_boost_round": 6.0}, "datetime": {"datetime": "2024-01-19 00:41:20", "elapsed": 1800.386943, "delta": 0.002005}}
{"target": -13.758312029978914, "params": {"gamma": 845.4475729639564, "log10_alpha": -4.37816162873712, "log10_colsample_bytree": -0.6857202427116066, "log10_eta": -2.9492735975836726, "log10_lambda": -1.3185410923283731, "log10_min_child_weight": 1.8002604116820509, "log10_subsample": -0.9701789418135823, "max_depth": 9.0, "num_boost_round": 7.0}, "datetime": {"datetime": "2024-01-19 00:41:20", "elapsed": 1800.388982, "delta": 0.002039}}
{"target": -13.75827763772674, "params": {"gamma": 845.4475729639564, "log10_alpha": -4.37816162873712, "log10_colsample_bytree": -0.6857202427116066, "log10_eta": -2.9492735975836726, "log10_lambda": -1.3185410923283731, "log10_min_child_weight": 1.8002604116820509, "log10_subsample": -0.9701789418135823, "max_depth": 9.0, "num_boost_round": 8.0}, "datetime": {"datetime": "2024-01-19 00:41:20", "elapsed": 1800.391021, "delta": 0.002039}}
{"target": -13.758281509219719, "params": {"gamma": 845.4475729639564, "log10_alpha": -4.37816162873712, "log10_colsample_bytree": -0.6857202427116066, "log10_eta": -2.9492735975836726, "log10_lambda": -1.3185410923283731, "log10_min_child_weight": 1.8002604116820509, "log10_subsample": -0.9701789418135823, "max_depth": 9.0, "num_boost_round": 9.0}, "datetime": {"datetime": "2024-01-19 00:41:20", "elapsed": 1800.393015, "delta": 0.001994}}
{"target": -13.758231417313622, "params": {"gamma": 845.4475729639564, "log10_alpha": -4.37816162873712, "log10_colsample_bytree": -0.6857202427116066, "log10_eta": -2.9492735975836726, "log10_lambda": -1.3185410923283731, "log10_min_child_weight": 1.8002604116820509, "log10_subsample": -0.9701789418135823, "max_depth": 9.0, "num_boost_round": 10.0}, "datetime": {"datetime": "2024-01-19 00:41:20", "elapsed": 1800.39504, "delta": 0.002025}}
{"target": -13.758202928988243, "params": {"gamma": 845.4475729639564, "log10_alpha": -4.37816162873712, "log10_colsample_bytree": -0.6857202427116066, "log10_eta": -2.9492735975836726, "log10_lambda": -1.3185410923283731, "log10_min_child_weight": 1.8002604116820509, "log10_subsample": -0.9701789418135823, "max_depth": 9.0, "num_boost_round": 11.0}, "datetime": {"datetime": "2024-01-19 00:41:20", "elapsed": 1800.397069, "delta": 0.002029}}
{"target": -13.758172021454637, "params": {"gamma": 845.4475729639564, "log10_alpha": -4.37816162873712, "log10_colsample_bytree": -0.6857202427116066, "log10_eta": -2.9492735975836726, "log10_lambda": -1.3185410923283731, "log10_min_child_weight": 1.8002604116820509, "log10_subsample": -0.9701789418135823, "max_depth": 9.0, "num_boost_round": 12.0}, "datetime": {"datetime": "2024-01-19 00:41:20", "elapsed": 1800.399037, "delta": 0.001968}}
{"target": -13.75810944376736, "params": {"gamma": 845.4475729639564, "log10_alpha": -4.37816162873712, "log10_colsample_bytree": -0.6857202427116066, "log10_eta": -2.9492735975836726, "log10_lambda": -1.3185410923283731, "log10_min_child_weight": 1.8002604116820509, "log10_subsample": -0.9701789418135823, "max_depth": 9.0, "num_boost_round": 13.0}, "datetime": {"datetime": "2024-01-19 00:41:20", "elapsed": 1800.400996, "delta": 0.001959}}
{"target": -13.758097607718758, "params": {"gamma": 845.4475729639564, "log10_alpha": -4.37816162873712, "log10_colsample_bytree": -0.6857202427116066, "log10_eta": -2.9492735975836726, "log10_lambda": -1.3185410923283731, "log10_min_child_weight": 1.8002604116820509, "log10_subsample": -0.9701789418135823, "max_depth": 9.0, "num_boost_round": 14.0}, "datetime": {"datetime": "2024-01-19 00:41:20", "elapsed": 1800.403034, "delta": 0.002038}}
{"target": -13.758036906546371, "params": {"gamma": 845.4475729639564, "log10_alpha": -4.37816162873712, "log10_colsample_bytree": -0.6857202427116066, "log10_eta": -2.9492735975836726, "log10_lambda": -1.3185410923283731, "log10_min_child_weight": 1.8002604116820509, "log10_subsample": -0.9701789418135823, "max_depth": 9.0, "num_boost_round": 15.0}, "datetime": {"datetime": "2024-01-19 00:41:20", "elapsed": 1800.404991, "delta": 0.001957}}
{"target": -13.758671735596938, "params": {"gamma": 850.1552145823534, "log10_alpha": -1.32470202175959, "log10_colsample_bytree": -0.7355320713203432, "log10_eta": -0.7682672927307839, "log10_lambda": 0.268109714919877, "log10_min_child_weight": 2.235450604693792, "log10_subsample": -0.5735859420634724, "max_depth": 9.0, "num_boost_round": 0.0}, "datetime": {"datetime": "2024-01-19 00:41:43", "elapsed": 1823.192491, "delta": 22.7875}}
{"target": -13.7655834380847, "params": {"gamma": 850.1552145823534, "log10_alpha": -1.32470202175959, "log10_colsample_bytree": -0.7355320713203432, "log10_eta": -0.7682672927307839, "log10_lambda": 0.268109714919877, "log10_min_child_weight": 2.235450604693792, "log10_subsample": -0.5735859420634724, "max_depth": 9.0, "num_boost_round": 1.0}, "datetime": {"datetime": "2024-01-19 00:41:43", "elapsed": 1823.195122, "delta": 0.002631}}
{"target": -13.774064972298428, "params": {"gamma": 850.1552145823534, "log10_alpha": -1.32470202175959, "log10_colsample_bytree": -0.7355320713203432, "log10_eta": -0.7682672927307839, "log10_lambda": 0.268109714919877, "log10_min_child_weight": 2.235450604693792, "log10_subsample": -0.5735859420634724, "max_depth": 9.0, "num_boost_round": 2.0}, "datetime": {"datetime": "2024-01-19 00:41:43", "elapsed": 1823.197218, "delta": 0.002096}}
{"target": -13.781168136237147, "params": {"gamma": 850.1552145823534, "log10_alpha": -1.32470202175959, "log10_colsample_bytree": -0.7355320713203432, "log10_eta": -0.7682672927307839, "log10_lambda": 0.268109714919877, "log10_min_child_weight": 2.235450604693792, "log10_subsample": -0.5735859420634724, "max_depth": 9.0, "num_boost_round": 3.0}, "datetime": {"datetime": "2024-01-19 00:41:43", "elapsed": 1823.199359, "delta": 0.002141}}
{"target": -13.785139079183972, "params": {"gamma": 850.1552145823534, "log10_alpha": -1.32470202175959, "log10_colsample_bytree": -0.7355320713203432, "log10_eta": -0.7682672927307839, "log10_lambda": 0.268109714919877, "log10_min_child_weight": 2.235450604693792, "log10_subsample": -0.5735859420634724, "max_depth": 9.0, "num_boost_round": 4.0}, "datetime": {"datetime": "2024-01-19 00:41:43", "elapsed": 1823.201464, "delta": 0.002105}}
{"target": -13.789272466388942, "params": {"gamma": 850.1552145823534, "log10_alpha": -1.32470202175959, "log10_colsample_bytree": -0.7355320713203432, "log10_eta": -0.7682672927307839, "log10_lambda": 0.268109714919877, "log10_min_child_weight": 2.235450604693792, "log10_subsample": -0.5735859420634724, "max_depth": 9.0, "num_boost_round": 5.0}, "datetime": {"datetime": "2024-01-19 00:41:43", "elapsed": 1823.203436, "delta": 0.001972}}
{"target": -13.805164906830477, "params": {"gamma": 850.1552145823534, "log10_alpha": -1.32470202175959, "log10_colsample_bytree": -0.7355320713203432, "log10_eta": -0.7682672927307839, "log10_lambda": 0.268109714919877, "log10_min_child_weight": 2.235450604693792, "log10_subsample": -0.5735859420634724, "max_depth": 9.0, "num_boost_round": 6.0}, "datetime": {"datetime": "2024-01-19 00:41:43", "elapsed": 1823.205419, "delta": 0.001983}}
{"target": -13.816272480189257, "params": {"gamma": 850.1552145823534, "log10_alpha": -1.32470202175959, "log10_colsample_bytree": -0.7355320713203432, "log10_eta": -0.7682672927307839, "log10_lambda": 0.268109714919877, "log10_min_child_weight": 2.235450604693792, "log10_subsample": -0.5735859420634724, "max_depth": 9.0, "num_boost_round": 7.0}, "datetime": {"datetime": "2024-01-19 00:41:43", "elapsed": 1823.207397, "delta": 0.001978}}
{"target": -13.824520998833984, "params": {"gamma": 850.1552145823534, "log10_alpha": -1.32470202175959, "log10_colsample_bytree": -0.7355320713203432, "log10_eta": -0.7682672927307839, "log10_lambda": 0.268109714919877, "log10_min_child_weight": 2.235450604693792, "log10_subsample": -0.5735859420634724, "max_depth": 9.0, "num_boost_round": 8.0}, "datetime": {"datetime": "2024-01-19 00:41:43", "elapsed": 1823.209383, "delta": 0.001986}}
{"target": -13.831291763474063, "params": {"gamma": 850.1552145823534, "log10_alpha": -1.32470202175959, "log10_colsample_bytree": -0.7355320713203432, "log10_eta": -0.7682672927307839, "log10_lambda": 0.268109714919877, "log10_min_child_weight": 2.235450604693792, "log10_subsample": -0.5735859420634724, "max_depth": 9.0, "num_boost_round": 9.0}, "datetime": {"datetime": "2024-01-19 00:41:43", "elapsed": 1823.211382, "delta": 0.001999}}
{"target": -13.758519974958721, "params": {"gamma": 864.7064682392595, "log10_alpha": 0.7020914520792942, "log10_colsample_bytree": -0.611046058071377, "log10_eta": -3.5396730435985235, "log10_lambda": -2.2343694153336147, "log10_min_child_weight": 1.5165439950895139, "log10_subsample": -0.9175637330884234, "max_depth": 9.0, "num_boost_round": 0.0}, "datetime": {"datetime": "2024-01-19 00:42:11", "elapsed": 1851.067197, "delta": 27.855815}}
{"target": -13.758503993159895, "params": {"gamma": 864.7064682392595, "log10_alpha": 0.7020914520792942, "log10_colsample_bytree": -0.611046058071377, "log10_eta": -3.5396730435985235, "log10_lambda": -2.2343694153336147, "log10_min_child_weight": 1.5165439950895139, "log10_subsample": -0.9175637330884234, "max_depth": 9.0, "num_boost_round": 1.0}, "datetime": {"datetime": "2024-01-19 00:42:11", "elapsed": 1851.070177, "delta": 0.00298}}
{"target": -13.758488802312643, "params": {"gamma": 864.7064682392595, "log10_alpha": 0.7020914520792942, "log10_colsample_bytree": -0.611046058071377, "log10_eta": -3.5396730435985235, "log10_lambda": -2.2343694153336147, "log10_min_child_weight": 1.5165439950895139, "log10_subsample": -0.9175637330884234, "max_depth": 9.0, "num_boost_round": 2.0}, "datetime": {"datetime": "2024-01-19 00:42:11", "elapsed": 1851.072199, "delta": 0.002022}}
{"target": -13.758469353062878, "params": {"gamma": 864.7064682392595, "log10_alpha": 0.7020914520792942, "log10_colsample_bytree": -0.611046058071377, "log10_eta": -3.5396730435985235, "log10_lambda": -2.2343694153336147, "log10_min_child_weight": 1.5165439950895139, "log10_subsample": -0.9175637330884234, "max_depth": 9.0, "num_boost_round": 3.0}, "datetime": {"datetime": "2024-01-19 00:42:11", "elapsed": 1851.074362, "delta": 0.002163}}
{"target": -13.7584574905119, "params": {"gamma": 864.7064682392595, "log10_alpha": 0.7020914520792942, "log10_colsample_bytree": -0.611046058071377, "log10_eta": -3.5396730435985235, "log10_lambda": -2.2343694153336147, "log10_min_child_weight": 1.5165439950895139, "log10_subsample": -0.9175637330884234, "max_depth": 9.0, "num_boost_round": 4.0}, "datetime": {"datetime": "2024-01-19 00:42:11", "elapsed": 1851.076489, "delta": 0.002127}}
{"target": -13.758439270818336, "params": {"gamma": 864.7064682392595, "log10_alpha": 0.7020914520792942, "log10_colsample_bytree": -0.611046058071377, "log10_eta": -3.5396730435985235, "log10_lambda": -2.2343694153336147, "log10_min_child_weight": 1.5165439950895139, "log10_subsample": -0.9175637330884234, "max_depth": 9.0, "num_boost_round": 5.0}, "datetime": {"datetime": "2024-01-19 00:42:11", "elapsed": 1851.07872, "delta": 0.002231}}
{"target": -13.75844043685437, "params": {"gamma": 864.7064682392595, "log10_alpha": 0.7020914520792942, "log10_colsample_bytree": -0.611046058071377, "log10_eta": -3.5396730435985235, "log10_lambda": -2.2343694153336147, "log10_min_child_weight": 1.5165439950895139, "log10_subsample": -0.9175637330884234, "max_depth": 9.0, "num_boost_round": 6.0}, "datetime": {"datetime": "2024-01-19 00:42:11", "elapsed": 1851.081046, "delta": 0.002326}}
{"target": -13.758427650738719, "params": {"gamma": 864.7064682392595, "log10_alpha": 0.7020914520792942, "log10_colsample_bytree": -0.611046058071377, "log10_eta": -3.5396730435985235, "log10_lambda": -2.2343694153336147, "log10_min_child_weight": 1.5165439950895139, "log10_subsample": -0.9175637330884234, "max_depth": 9.0, "num_boost_round": 7.0}, "datetime": {"datetime": "2024-01-19 00:42:11", "elapsed": 1851.083123, "delta": 0.002077}}
{"target": -13.758416407730268, "params": {"gamma": 864.7064682392595, "log10_alpha": 0.7020914520792942, "log10_colsample_bytree": -0.611046058071377, "log10_eta": -3.5396730435985235, "log10_lambda": -2.2343694153336147, "log10_min_child_weight": 1.5165439950895139, "log10_subsample": -0.9175637330884234, "max_depth": 9.0, "num_boost_round": 8.0}, "datetime": {"datetime": "2024-01-19 00:42:11", "elapsed": 1851.085089, "delta": 0.001966}}
{"target": -13.758396084324197, "params": {"gamma": 864.7064682392595, "log10_alpha": 0.7020914520792942, "log10_colsample_bytree": -0.611046058071377, "log10_eta": -3.5396730435985235, "log10_lambda": -2.2343694153336147, "log10_min_child_weight": 1.5165439950895139, "log10_subsample": -0.9175637330884234, "max_depth": 9.0, "num_boost_round": 9.0}, "datetime": {"datetime": "2024-01-19 00:42:11", "elapsed": 1851.087066, "delta": 0.001977}}
{"target": -13.758376213558913, "params": {"gamma": 864.7064682392595, "log10_alpha": 0.7020914520792942, "log10_colsample_bytree": -0.611046058071377, "log10_eta": -3.5396730435985235, "log10_lambda": -2.2343694153336147, "log10_min_child_weight": 1.5165439950895139, "log10_subsample": -0.9175637330884234, "max_depth": 9.0, "num_boost_round": 10.0}, "datetime": {"datetime": "2024-01-19 00:42:11", "elapsed": 1851.089023, "delta": 0.001957}}
{"target": -13.758377697963764, "params": {"gamma": 864.7064682392595, "log10_alpha": 0.7020914520792942, "log10_colsample_bytree": -0.611046058071377, "log10_eta": -3.5396730435985235, "log10_lambda": -2.2343694153336147, "log10_min_child_weight": 1.5165439950895139, "log10_subsample": -0.9175637330884234, "max_depth": 9.0, "num_boost_round": 11.0}, "datetime": {"datetime": "2024-01-19 00:42:11", "elapsed": 1851.091059, "delta": 0.002036}}
{"target": -13.75837631804904, "params": {"gamma": 864.7064682392595, "log10_alpha": 0.7020914520792942, "log10_colsample_bytree": -0.611046058071377, "log10_eta": -3.5396730435985235, "log10_lambda": -2.2343694153336147, "log10_min_child_weight": 1.5165439950895139, "log10_subsample": -0.9175637330884234, "max_depth": 9.0, "num_boost_round": 12.0}, "datetime": {"datetime": "2024-01-19 00:42:11", "elapsed": 1851.093104, "delta": 0.002045}}
{"target": -13.758354839363562, "params": {"gamma": 864.7064682392595, "log10_alpha": 0.7020914520792942, "log10_colsample_bytree": -0.611046058071377, "log10_eta": -3.5396730435985235, "log10_lambda": -2.2343694153336147, "log10_min_child_weight": 1.5165439950895139, "log10_subsample": -0.9175637330884234, "max_depth": 9.0, "num_boost_round": 13.0}, "datetime": {"datetime": "2024-01-19 00:42:11", "elapsed": 1851.095167, "delta": 0.002063}}
{"target": -13.758357366517922, "params": {"gamma": 864.7064682392595, "log10_alpha": 0.7020914520792942, "log10_colsample_bytree": -0.611046058071377, "log10_eta": -3.5396730435985235, "log10_lambda": -2.2343694153336147, "log10_min_child_weight": 1.5165439950895139, "log10_subsample": -0.9175637330884234, "max_depth": 9.0, "num_boost_round": 14.0}, "datetime": {"datetime": "2024-01-19 00:42:11", "elapsed": 1851.097168, "delta": 0.002001}}
{"target": -13.75833255728387, "params": {"gamma": 864.7064682392595, "log10_alpha": 0.7020914520792942, "log10_colsample_bytree": -0.611046058071377, "log10_eta": -3.5396730435985235, "log10_lambda": -2.2343694153336147, "log10_min_child_weight": 1.5165439950895139, "log10_subsample": -0.9175637330884234, "max_depth": 9.0, "num_boost_round": 15.0}, "datetime": {"datetime": "2024-01-19 00:42:11", "elapsed": 1851.099179, "delta": 0.002011}}
{"target": -13.758330713659047, "params": {"gamma": 864.7064682392595, "log10_alpha": 0.7020914520792942, "log10_colsample_bytree": -0.611046058071377, "log10_eta": -3.5396730435985235, "log10_lambda": -2.2343694153336147, "log10_min_child_weight": 1.5165439950895139, "log10_subsample": -0.9175637330884234, "max_depth": 9.0, "num_boost_round": 16.0}, "datetime": {"datetime": "2024-01-19 00:42:11", "elapsed": 1851.101154, "delta": 0.001975}}
{"target": -13.758565612497494, "params": {"gamma": 843.7781621551534, "log10_alpha": -2.211396770170538, "log10_colsample_bytree": -0.14730577713005966, "log10_eta": -1.5949217547782975, "log10_lambda": -4.366538165185151, "log10_min_child_weight": 3.881349465764053, "log10_subsample": -0.39144164498057754, "max_depth": 5.0, "num_boost_round": 0.0}, "datetime": {"datetime": "2024-01-19 00:42:34", "elapsed": 1874.214955, "delta": 23.113801}}
{"target": -13.758897541973983, "params": {"gamma": 843.7781621551534, "log10_alpha": -2.211396770170538, "log10_colsample_bytree": -0.14730577713005966, "log10_eta": -1.5949217547782975, "log10_lambda": -4.366538165185151, "log10_min_child_weight": 3.881349465764053, "log10_subsample": -0.39144164498057754, "max_depth": 5.0, "num_boost_round": 1.0}, "datetime": {"datetime": "2024-01-19 00:42:34", "elapsed": 1874.217498, "delta": 0.002543}}
{"target": -13.759087987357539, "params": {"gamma": 843.7781621551534, "log10_alpha": -2.211396770170538, "log10_colsample_bytree": -0.14730577713005966, "log10_eta": -1.5949217547782975, "log10_lambda": -4.366538165185151, "log10_min_child_weight": 3.881349465764053, "log10_subsample": -0.39144164498057754, "max_depth": 5.0, "num_boost_round": 2.0}, "datetime": {"datetime": "2024-01-19 00:42:34", "elapsed": 1874.219796, "delta": 0.002298}}
