{"target": -17.677119493810576, "params": {"gamma": 971.8438674641477, "log10_alpha": -1.1297844818595726, "log10_colsample_bytree": -0.8708468991345497, "log10_eta": -3.711970039574621, "log10_lambda": 0.5094533340818836, "log10_min_child_weight": 0.3975757265485036, "log10_subsample": -0.015291465692473971, "max_depth": 8.0, "num_boost_round": 12.0}, "datetime": {"datetime": "2024-01-19 01:26:16", "elapsed": 4470.364869, "delta": 0.004576}}
{"target": -17.67712121405587, "params": {"gamma": 971.8438674641477, "log10_alpha": -1.1297844818595726, "log10_colsample_bytree": -0.8708468991345497, "log10_eta": -3.711970039574621, "log10_lambda": 0.5094533340818836, "log10_min_child_weight": 0.3975757265485036, "log10_subsample": -0.015291465692473971, "max_depth": 8.0, "num_boost_round": 13.0}, "datetime": {"datetime": "2024-01-19 01:26:16", "elapsed": 4470.369336, "delta": 0.004467}}
{"target": -17.67711386291083, "params": {"gamma": 971.8438674641477, "log10_alpha": -1.1297844818595726, "log10_colsample_bytree": -0.8708468991345497, "log10_eta": -3.711970039574621, "log10_lambda": 0.5094533340818836, "log10_min_child_weight": 0.3975757265485036, "log10_subsample": -0.015291465692473971, "max_depth": 8.0, "num_boost_round": 14.0}, "datetime": {"datetime": "2024-01-19 01:26:16", "elapsed": 4470.373814, "delta": 0.004478}}
{"target": -17.677093221753875, "params": {"gamma": 971.8438674641477, "log10_alpha": -1.1297844818595726, "log10_colsample_bytree": -0.8708468991345497, "log10_eta": -3.711970039574621, "log10_lambda": 0.5094533340818836, "log10_min_child_weight": 0.3975757265485036, "log10_subsample": -0.015291465692473971, "max_depth": 8.0, "num_boost_round": 15.0}, "datetime": {"datetime": "2024-01-19 01:26:16", "elapsed": 4470.378333, "delta": 0.004519}}
{"target": -17.67708752570868, "params": {"gamma": 971.8438674641477, "log10_alpha": -1.1297844818595726, "log10_colsample_bytree": -0.8708468991345497, "log10_eta": -3.711970039574621, "log10_lambda": 0.5094533340818836, "log10_min_child_weight": 0.3975757265485036, "log10_subsample": -0.015291465692473971, "max_depth": 8.0, "num_boost_round": 16.0}, "datetime": {"datetime": "2024-01-19 01:26:16", "elapsed": 4470.382887, "delta": 0.004554}}
{"target": -17.67706254881197, "params": {"gamma": 971.8438674641477, "log10_alpha": -1.1297844818595726, "log10_colsample_bytree": -0.8708468991345497, "log10_eta": -3.711970039574621, "log10_lambda": 0.5094533340818836, "log10_min_child_weight": 0.3975757265485036, "log10_subsample": -0.015291465692473971, "max_depth": 8.0, "num_boost_round": 17.0}, "datetime": {"datetime": "2024-01-19 01:26:16", "elapsed": 4470.387357, "delta": 0.00447}}
{"target": -17.67705828462394, "params": {"gamma": 971.8438674641477, "log10_alpha": -1.1297844818595726, "log10_colsample_bytree": -0.8708468991345497, "log10_eta": -3.711970039574621, "log10_lambda": 0.5094533340818836, "log10_min_child_weight": 0.3975757265485036, "log10_subsample": -0.015291465692473971, "max_depth": 8.0, "num_boost_round": 18.0}, "datetime": {"datetime": "2024-01-19 01:26:16", "elapsed": 4470.391854, "delta": 0.004497}}
{"target": -17.677041074950253, "params": {"gamma": 971.8438674641477, "log10_alpha": -1.1297844818595726, "log10_colsample_bytree": -0.8708468991345497, "log10_eta": -3.711970039574621, "log10_lambda": 0.5094533340818836, "log10_min_child_weight": 0.3975757265485036, "log10_subsample": -0.015291465692473971, "max_depth": 8.0, "num_boost_round": 19.0}, "datetime": {"datetime": "2024-01-19 01:26:16", "elapsed": 4470.396367, "delta": 0.004513}}
{"target": -17.677032097365483, "params": {"gamma": 971.8438674641477, "log10_alpha": -1.1297844818595726, "log10_colsample_bytree": -0.8708468991345497, "log10_eta": -3.711970039574621, "log10_lambda": 0.5094533340818836, "log10_min_child_weight": 0.3975757265485036, "log10_subsample": -0.015291465692473971, "max_depth": 8.0, "num_boost_round": 20.0}, "datetime": {"datetime": "2024-01-19 01:26:16", "elapsed": 4470.400946, "delta": 0.004579}}
{"target": -17.677009390268534, "params": {"gamma": 971.8438674641477, "log10_alpha": -1.1297844818595726, "log10_colsample_bytree": -0.8708468991345497, "log10_eta": -3.711970039574621, "log10_lambda": 0.5094533340818836, "log10_min_child_weight": 0.3975757265485036, "log10_subsample": -0.015291465692473971, "max_depth": 8.0, "num_boost_round": 21.0}, "datetime": {"datetime": "2024-01-19 01:26:16", "elapsed": 4470.405463, "delta": 0.004517}}
{"target": -17.676996002426204, "params": {"gamma": 971.8438674641477, "log10_alpha": -1.1297844818595726, "log10_colsample_bytree": -0.8708468991345497, "log10_eta": -3.711970039574621, "log10_lambda": 0.5094533340818836, "log10_min_child_weight": 0.3975757265485036, "log10_subsample": -0.015291465692473971, "max_depth": 8.0, "num_boost_round": 22.0}, "datetime": {"datetime": "2024-01-19 01:26:16", "elapsed": 4470.409954, "delta": 0.004491}}
{"target": -17.676986281645586, "params": {"gamma": 971.8438674641477, "log10_alpha": -1.1297844818595726, "log10_colsample_bytree": -0.8708468991345497, "log10_eta": -3.711970039574621, "log10_lambda": 0.5094533340818836, "log10_min_child_weight": 0.3975757265485036, "log10_subsample": -0.015291465692473971, "max_depth": 8.0, "num_boost_round": 23.0}, "datetime": {"datetime": "2024-01-19 01:26:16", "elapsed": 4470.414426, "delta": 0.004472}}
{"target": -17.676993923428217, "params": {"gamma": 971.8438674641477, "log10_alpha": -1.1297844818595726, "log10_colsample_bytree": -0.8708468991345497, "log10_eta": -3.711970039574621, "log10_lambda": 0.5094533340818836, "log10_min_child_weight": 0.3975757265485036, "log10_subsample": -0.015291465692473971, "max_depth": 8.0, "num_boost_round": 24.0}, "datetime": {"datetime": "2024-01-19 01:26:16", "elapsed": 4470.418992, "delta": 0.004566}}
{"target": -17.676977249075605, "params": {"gamma": 971.8438674641477, "log10_alpha": -1.1297844818595726, "log10_colsample_bytree": -0.8708468991345497, "log10_eta": -3.711970039574621, "log10_lambda": 0.5094533340818836, "log10_min_child_weight": 0.3975757265485036, "log10_subsample": -0.015291465692473971, "max_depth": 8.0, "num_boost_round": 25.0}, "datetime": {"datetime": "2024-01-19 01:26:16", "elapsed": 4470.423504, "delta": 0.004512}}
{"target": -17.67696960288092, "params": {"gamma": 971.8438674641477, "log10_alpha": -1.1297844818595726, "log10_colsample_bytree": -0.8708468991345497, "log10_eta": -3.711970039574621, "log10_lambda": 0.5094533340818836, "log10_min_child_weight": 0.3975757265485036, "log10_subsample": -0.015291465692473971, "max_depth": 8.0, "num_boost_round": 26.0}, "datetime": {"datetime": "2024-01-19 01:26:16", "elapsed": 4470.427993, "delta": 0.004489}}
{"target": -17.67696401577757, "params": {"gamma": 971.8438674641477, "log10_alpha": -1.1297844818595726, "log10_colsample_bytree": -0.8708468991345497, "log10_eta": -3.711970039574621, "log10_lambda": 0.5094533340818836, "log10_min_child_weight": 0.3975757265485036, "log10_subsample": -0.015291465692473971, "max_depth": 8.0, "num_boost_round": 27.0}, "datetime": {"datetime": "2024-01-19 01:26:16", "elapsed": 4470.432522, "delta": 0.004529}}
{"target": -17.67695261757328, "params": {"gamma": 971.8438674641477, "log10_alpha": -1.1297844818595726, "log10_colsample_bytree": -0.8708468991345497, "log10_eta": -3.711970039574621, "log10_lambda": 0.5094533340818836, "log10_min_child_weight": 0.3975757265485036, "log10_subsample": -0.015291465692473971, "max_depth": 8.0, "num_boost_round": 28.0}, "datetime": {"datetime": "2024-01-19 01:26:16", "elapsed": 4470.437182, "delta": 0.00466}}
{"target": -17.676939526048002, "params": {"gamma": 971.8438674641477, "log10_alpha": -1.1297844818595726, "log10_colsample_bytree": -0.8708468991345497, "log10_eta": -3.711970039574621, "log10_lambda": 0.5094533340818836, "log10_min_child_weight": 0.3975757265485036, "log10_subsample": -0.015291465692473971, "max_depth": 8.0, "num_boost_round": 29.0}, "datetime": {"datetime": "2024-01-19 01:26:16", "elapsed": 4470.441751, "delta": 0.004569}}
{"target": -17.677214119775538, "params": {"gamma": 972.5208267060146, "log10_alpha": -0.48585635476814204, "log10_colsample_bytree": -0.14787475832548935, "log10_eta": -3.293698041670821, "log10_lambda": -4.846477062251833, "log10_min_child_weight": 2.6351275531606735, "log10_subsample": -0.5721910567968259, "max_depth": 7.0, "num_boost_round": 0.0}, "datetime": {"datetime": "2024-01-19 01:27:25", "elapsed": 4539.387792, "delta": 68.946041}}
{"target": -17.677215020288674, "params": {"gamma": 972.5208267060146, "log10_alpha": -0.48585635476814204, "log10_colsample_bytree": -0.14787475832548935, "log10_eta": -3.293698041670821, "log10_lambda": -4.846477062251833, "log10_min_child_weight": 2.6351275531606735, "log10_subsample": -0.5721910567968259, "max_depth": 7.0, "num_boost_round": 1.0}, "datetime": {"datetime": "2024-01-19 01:27:25", "elapsed": 4539.517062, "delta": 0.12927}}
{"target": -17.67718679016107, "params": {"gamma": 972.5208267060146, "log10_alpha": -0.48585635476814204, "log10_colsample_bytree": -0.14787475832548935, "log10_eta": -3.293698041670821, "log10_lambda": -4.846477062251833, "log10_min_child_weight": 2.6351275531606735, "log10_subsample": -0.5721910567968259, "max_depth": 7.0, "num_boost_round": 2.0}, "datetime": {"datetime": "2024-01-19 01:27:25", "elapsed": 4539.522973, "delta": 0.005911}}
{"target": -17.67715686926268, "params": {"gamma": 972.5208267060146, "log10_alpha": -0.48585635476814204, "log10_colsample_bytree": -0.14787475832548935, "log10_eta": -3.293698041670821, "log10_lambda": -4.846477062251833, "log10_min_child_weight": 2.6351275531606735, "log10_subsample": -0.5721910567968259, "max_depth": 7.0, "num_boost_round": 3.0}, "datetime": {"datetime": "2024-01-19 01:27:25", "elapsed": 4539.528648, "delta": 0.005675}}
{"target": -17.6771388482737, "params": {"gamma": 972.5208267060146, "log10_alpha": -0.48585635476814204, "log10_colsample_bytree": -0.14787475832548935, "log10_eta": -3.293698041670821, "log10_lambda": -4.846477062251833, "log10_min_child_weight": 2.6351275531606735, "log10_subsample": -0.5721910567968259, "max_depth": 7.0, "num_boost_round": 4.0}, "datetime": {"datetime": "2024-01-19 01:27:25", "elapsed": 4539.533741, "delta": 0.005093}}
{"target": -17.67715195588405, "params": {"gamma": 972.5208267060146, "log10_alpha": -0.48585635476814204, "log10_colsample_bytree": -0.14787475832548935, "log10_eta": -3.293698041670821, "log10_lambda": -4.846477062251833, "log10_min_child_weight": 2.6351275531606735, "log10_subsample": -0.5721910567968259, "max_depth": 7.0, "num_boost_round": 5.0}, "datetime": {"datetime": "2024-01-19 01:27:25", "elapsed": 4539.538464, "delta": 0.004723}}
{"target": -17.677144238141903, "params": {"gamma": 972.5208267060146, "log10_alpha": -0.48585635476814204, "log10_colsample_bytree": -0.14787475832548935, "log10_eta": -3.293698041670821, "log10_lambda": -4.846477062251833, "log10_min_child_weight": 2.6351275531606735, "log10_subsample": -0.5721910567968259, "max_depth": 7.0, "num_boost_round": 6.0}, "datetime": {"datetime": "2024-01-19 01:27:25", "elapsed": 4539.54324, "delta": 0.004776}}
{"target": -17.677130203027946, "params": {"gamma": 972.5208267060146, "log10_alpha": -0.48585635476814204, "log10_colsample_bytree": -0.14787475832548935, "log10_eta": -3.293698041670821, "log10_lambda": -4.846477062251833, "log10_min_child_weight": 2.6351275531606735, "log10_subsample": -0.5721910567968259, "max_depth": 7.0, "num_boost_round": 7.0}, "datetime": {"datetime": "2024-01-19 01:27:25", "elapsed": 4539.548114, "delta": 0.004874}}
{"target": -17.677106559902686, "params": {"gamma": 972.5208267060146, "log10_alpha": -0.48585635476814204, "log10_colsample_bytree": -0.14787475832548935, "log10_eta": -3.293698041670821, "log10_lambda": -4.846477062251833, "log10_min_child_weight": 2.6351275531606735, "log10_subsample": -0.5721910567968259, "max_depth": 7.0, "num_boost_round": 8.0}, "datetime": {"datetime": "2024-01-19 01:27:25", "elapsed": 4539.552899, "delta": 0.004785}}
{"target": -17.677089402555563, "params": {"gamma": 972.5208267060146, "log10_alpha": -0.48585635476814204, "log10_colsample_bytree": -0.14787475832548935, "log10_eta": -3.293698041670821, "log10_lambda": -4.846477062251833, "log10_min_child_weight": 2.6351275531606735, "log10_subsample": -0.5721910567968259, "max_depth": 7.0, "num_boost_round": 9.0}, "datetime": {"datetime": "2024-01-19 01:27:25", "elapsed": 4539.55751, "delta": 0.004611}}
{"target": -17.67706994178273, "params": {"gamma": 972.5208267060146, "log10_alpha": -0.48585635476814204, "log10_colsample_bytree": -0.14787475832548935, "log10_eta": -3.293698041670821, "log10_lambda": -4.846477062251833, "log10_min_child_weight": 2.6351275531606735, "log10_subsample": -0.5721910567968259, "max_depth": 7.0, "num_boost_round": 10.0}, "datetime": {"datetime": "2024-01-19 01:27:25", "elapsed": 4539.562128, "delta": 0.004618}}
{"target": -17.67706465194473, "params": {"gamma": 972.5208267060146, "log10_alpha": -0.48585635476814204, "log10_colsample_bytree": -0.14787475832548935, "log10_eta": -3.293698041670821, "log10_lambda": -4.846477062251833, "log10_min_child_weight": 2.6351275531606735, "log10_subsample": -0.5721910567968259, "max_depth": 7.0, "num_boost_round": 11.0}, "datetime": {"datetime": "2024-01-19 01:27:25", "elapsed": 4539.566979, "delta": 0.004851}}
{"target": -17.677049605561802, "params": {"gamma": 972.5208267060146, "log10_alpha": -0.48585635476814204, "log10_colsample_bytree": -0.14787475832548935, "log10_eta": -3.293698041670821, "log10_lambda": -4.846477062251833, "log10_min_child_weight": 2.6351275531606735, "log10_subsample": -0.5721910567968259, "max_depth": 7.0, "num_boost_round": 12.0}, "datetime": {"datetime": "2024-01-19 01:27:25", "elapsed": 4539.571718, "delta": 0.004739}}
{"target": -17.677019313721928, "params": {"gamma": 972.5208267060146, "log10_alpha": -0.48585635476814204, "log10_colsample_bytree": -0.14787475832548935, "log10_eta": -3.293698041670821, "log10_lambda": -4.846477062251833, "log10_min_child_weight": 2.6351275531606735, "log10_subsample": -0.5721910567968259, "max_depth": 7.0, "num_boost_round": 13.0}, "datetime": {"datetime": "2024-01-19 01:27:25", "elapsed": 4539.57622, "delta": 0.004502}}
{"target": -17.676976968164606, "params": {"gamma": 972.5208267060146, "log10_alpha": -0.48585635476814204, "log10_colsample_bytree": -0.14787475832548935, "log10_eta": -3.293698041670821, "log10_lambda": -4.846477062251833, "log10_min_child_weight": 2.6351275531606735, "log10_subsample": -0.5721910567968259, "max_depth": 7.0, "num_boost_round": 14.0}, "datetime": {"datetime": "2024-01-19 01:27:25", "elapsed": 4539.580749, "delta": 0.004529}}
{"target": -17.676971209000847, "params": {"gamma": 972.5208267060146, "log10_alpha": -0.48585635476814204, "log10_colsample_bytree": -0.14787475832548935, "log10_eta": -3.293698041670821, "log10_lambda": -4.846477062251833, "log10_min_child_weight": 2.6351275531606735, "log10_subsample": -0.5721910567968259, "max_depth": 7.0, "num_boost_round": 15.0}, "datetime": {"datetime": "2024-01-19 01:27:25", "elapsed": 4539.585403, "delta": 0.004654}}
{"target": -17.676954571094047, "params": {"gamma": 972.5208267060146, "log10_alpha": -0.48585635476814204, "log10_colsample_bytree": -0.14787475832548935, "log10_eta": -3.293698041670821, "log10_lambda": -4.846477062251833, "log10_min_child_weight": 2.6351275531606735, "log10_subsample": -0.5721910567968259, "max_depth": 7.0, "num_boost_round": 16.0}, "datetime": {"datetime": "2024-01-19 01:27:25", "elapsed": 4539.590041, "delta": 0.004638}}
{"target": -17.67692009701364, "params": {"gamma": 972.5208267060146, "log10_alpha": -0.48585635476814204, "log10_colsample_bytree": -0.14787475832548935, "log10_eta": -3.293698041670821, "log10_lambda": -4.846477062251833, "log10_min_child_weight": 2.6351275531606735, "log10_subsample": -0.5721910567968259, "max_depth": 7.0, "num_boost_round": 17.0}, "datetime": {"datetime": "2024-01-19 01:27:25", "elapsed": 4539.594668, "delta": 0.004627}}
{"target": -17.676905105417603, "params": {"gamma": 972.5208267060146, "log10_alpha": -0.48585635476814204, "log10_colsample_bytree": -0.14787475832548935, "log10_eta": -3.293698041670821, "log10_lambda": -4.846477062251833, "log10_min_child_weight": 2.6351275531606735, "log10_subsample": -0.5721910567968259, "max_depth": 7.0, "num_boost_round": 18.0}, "datetime": {"datetime": "2024-01-19 01:27:25", "elapsed": 4539.599249, "delta": 0.004581}}
{"target": -17.67690581429761, "params": {"gamma": 972.5208267060146, "log10_alpha": -0.48585635476814204, "log10_colsample_bytree": -0.14787475832548935, "log10_eta": -3.293698041670821, "log10_lambda": -4.846477062251833, "log10_min_child_weight": 2.6351275531606735, "log10_subsample": -0.5721910567968259, "max_depth": 7.0, "num_boost_round": 19.0}, "datetime": {"datetime": "2024-01-19 01:27:25", "elapsed": 4539.603995, "delta": 0.004746}}
{"target": -17.67687496365455, "params": {"gamma": 972.5208267060146, "log10_alpha": -0.48585635476814204, "log10_colsample_bytree": -0.14787475832548935, "log10_eta": -3.293698041670821, "log10_lambda": -4.846477062251833, "log10_min_child_weight": 2.6351275531606735, "log10_subsample": -0.5721910567968259, "max_depth": 7.0, "num_boost_round": 20.0}, "datetime": {"datetime": "2024-01-19 01:27:25", "elapsed": 4539.608569, "delta": 0.004574}}
{"target": -17.676889712622838, "params": {"gamma": 972.5208267060146, "log10_alpha": -0.48585635476814204, "log10_colsample_bytree": -0.14787475832548935, "log10_eta": -3.293698041670821, "log10_lambda": -4.846477062251833, "log10_min_child_weight": 2.6351275531606735, "log10_subsample": -0.5721910567968259, "max_depth": 7.0, "num_boost_round": 21.0}, "datetime": {"datetime": "2024-01-19 01:27:25", "elapsed": 4539.613417, "delta": 0.004848}}
{"target": -17.676882223265817, "params": {"gamma": 972.5208267060146, "log10_alpha": -0.48585635476814204, "log10_colsample_bytree": -0.14787475832548935, "log10_eta": -3.293698041670821, "log10_lambda": -4.846477062251833, "log10_min_child_weight": 2.6351275531606735, "log10_subsample": -0.5721910567968259, "max_depth": 7.0, "num_boost_round": 22.0}, "datetime": {"datetime": "2024-01-19 01:27:25", "elapsed": 4539.618127, "delta": 0.00471}}
{"target": -17.67684745098084, "params": {"gamma": 972.5208267060146, "log10_alpha": -0.48585635476814204, "log10_colsample_bytree": -0.14787475832548935, "log10_eta": -3.293698041670821, "log10_lambda": -4.846477062251833, "log10_min_child_weight": 2.6351275531606735, "log10_subsample": -0.5721910567968259, "max_depth": 7.0, "num_boost_round": 23.0}, "datetime": {"datetime": "2024-01-19 01:27:25", "elapsed": 4539.623436, "delta": 0.005309}}
{"target": -17.67682100557204, "params": {"gamma": 972.5208267060146, "log10_alpha": -0.48585635476814204, "log10_colsample_bytree": -0.14787475832548935, "log10_eta": -3.293698041670821, "log10_lambda": -4.846477062251833, "log10_min_child_weight": 2.6351275531606735, "log10_subsample": -0.5721910567968259, "max_depth": 7.0, "num_boost_round": 24.0}, "datetime": {"datetime": "2024-01-19 01:27:25", "elapsed": 4539.628848, "delta": 0.005412}}
{"target": -17.676831157158734, "params": {"gamma": 972.5208267060146, "log10_alpha": -0.48585635476814204, "log10_colsample_bytree": -0.14787475832548935, "log10_eta": -3.293698041670821, "log10_lambda": -4.846477062251833, "log10_min_child_weight": 2.6351275531606735, "log10_subsample": -0.5721910567968259, "max_depth": 7.0, "num_boost_round": 25.0}, "datetime": {"datetime": "2024-01-19 01:27:25", "elapsed": 4539.633521, "delta": 0.004673}}
{"target": -17.676814469167685, "params": {"gamma": 972.5208267060146, "log10_alpha": -0.48585635476814204, "log10_colsample_bytree": -0.14787475832548935, "log10_eta": -3.293698041670821, "log10_lambda": -4.846477062251833, "log10_min_child_weight": 2.6351275531606735, "log10_subsample": -0.5721910567968259, "max_depth": 7.0, "num_boost_round": 26.0}, "datetime": {"datetime": "2024-01-19 01:27:25", "elapsed": 4539.638213, "delta": 0.004692}}
{"target": -17.67679394607765, "params": {"gamma": 972.5208267060146, "log10_alpha": -0.48585635476814204, "log10_colsample_bytree": -0.14787475832548935, "log10_eta": -3.293698041670821, "log10_lambda": -4.846477062251833, "log10_min_child_weight": 2.6351275531606735, "log10_subsample": -0.5721910567968259, "max_depth": 7.0, "num_boost_round": 27.0}, "datetime": {"datetime": "2024-01-19 01:27:25", "elapsed": 4539.642852, "delta": 0.004639}}
{"target": -17.676778800518587, "params": {"gamma": 972.5208267060146, "log10_alpha": -0.48585635476814204, "log10_colsample_bytree": -0.14787475832548935, "log10_eta": -3.293698041670821, "log10_lambda": -4.846477062251833, "log10_min_child_weight": 2.6351275531606735, "log10_subsample": -0.5721910567968259, "max_depth": 7.0, "num_boost_round": 28.0}, "datetime": {"datetime": "2024-01-19 01:27:25", "elapsed": 4539.647429, "delta": 0.004577}}
{"target": -17.676759339376858, "params": {"gamma": 972.5208267060146, "log10_alpha": -0.48585635476814204, "log10_colsample_bytree": -0.14787475832548935, "log10_eta": -3.293698041670821, "log10_lambda": -4.846477062251833, "log10_min_child_weight": 2.6351275531606735, "log10_subsample": -0.5721910567968259, "max_depth": 7.0, "num_boost_round": 29.0}, "datetime": {"datetime": "2024-01-19 01:27:25", "elapsed": 4539.652084, "delta": 0.004655}}
{"target": -17.676714609822067, "params": {"gamma": 972.5208267060146, "log10_alpha": -0.48585635476814204, "log10_colsample_bytree": -0.14787475832548935, "log10_eta": -3.293698041670821, "log10_lambda": -4.846477062251833, "log10_min_child_weight": 2.6351275531606735, "log10_subsample": -0.5721910567968259, "max_depth": 7.0, "num_boost_round": 30.0}, "datetime": {"datetime": "2024-01-19 01:27:25", "elapsed": 4539.656671, "delta": 0.004587}}
