{"target": -13.758538407817305, "params": {"gamma": 315.2632650020915, "log10_alpha": -5.0, "log10_colsample_bytree": 0.0, "log10_eta": -1.9026612920245922, "log10_lambda": 1.0, "log10_min_child_weight": 5.0, "log10_subsample": -1.0, "max_depth": 6.0, "num_boost_round": 20.0}, "datetime": {"datetime": "2024-01-19 02:06:10", "elapsed": 6823.062676, "delta": 0.006795}}
{"target": -13.758538487297116, "params": {"gamma": 315.2632650020915, "log10_alpha": -5.0, "log10_colsample_bytree": 0.0, "log10_eta": -1.9026612920245922, "log10_lambda": 1.0, "log10_min_child_weight": 5.0, "log10_subsample": -1.0, "max_depth": 6.0, "num_boost_round": 21.0}, "datetime": {"datetime": "2024-01-19 02:06:10", "elapsed": 6823.069486, "delta": 0.00681}}
{"target": -13.758538542589305, "params": {"gamma": 315.2632650020915, "log10_alpha": -5.0, "log10_colsample_bytree": 0.0, "log10_eta": -1.9026612920245922, "log10_lambda": 1.0, "log10_min_child_weight": 5.0, "log10_subsample": -1.0, "max_depth": 6.0, "num_boost_round": 22.0}, "datetime": {"datetime": "2024-01-19 02:06:10", "elapsed": 6823.075947, "delta": 0.006461}}
{"target": -13.758538215396035, "params": {"gamma": 315.2632650020915, "log10_alpha": -5.0, "log10_colsample_bytree": 0.0, "log10_eta": -1.9026612920245922, "log10_lambda": 1.0, "log10_min_child_weight": 5.0, "log10_subsample": -1.0, "max_depth": 6.0, "num_boost_round": 23.0}, "datetime": {"datetime": "2024-01-19 02:06:10", "elapsed": 6823.082516, "delta": 0.006569}}
{"target": -13.758537993301935, "params": {"gamma": 315.2632650020915, "log10_alpha": -5.0, "log10_colsample_bytree": 0.0, "log10_eta": -1.9026612920245922, "log10_lambda": 1.0, "log10_min_child_weight": 5.0, "log10_subsample": -1.0, "max_depth": 6.0, "num_boost_round": 24.0}, "datetime": {"datetime": "2024-01-19 02:06:10", "elapsed": 6823.089622, "delta": 0.007106}}
{"target": -13.758538105753935, "params": {"gamma": 315.2632650020915, "log10_alpha": -5.0, "log10_colsample_bytree": 0.0, "log10_eta": -1.9026612920245922, "log10_lambda": 1.0, "log10_min_child_weight": 5.0, "log10_subsample": -1.0, "max_depth": 6.0, "num_boost_round": 25.0}, "datetime": {"datetime": "2024-01-19 02:06:10", "elapsed": 6823.097351, "delta": 0.007729}}
{"target": -13.758538093320768, "params": {"gamma": 315.2632650020915, "log10_alpha": -5.0, "log10_colsample_bytree": 0.0, "log10_eta": -1.9026612920245922, "log10_lambda": 1.0, "log10_min_child_weight": 5.0, "log10_subsample": -1.0, "max_depth": 6.0, "num_boost_round": 26.0}, "datetime": {"datetime": "2024-01-19 02:06:10", "elapsed": 6823.103573, "delta": 0.006222}}
{"target": -13.758538025162864, "params": {"gamma": 315.2632650020915, "log10_alpha": -5.0, "log10_colsample_bytree": 0.0, "log10_eta": -1.9026612920245922, "log10_lambda": 1.0, "log10_min_child_weight": 5.0, "log10_subsample": -1.0, "max_depth": 6.0, "num_boost_round": 27.0}, "datetime": {"datetime": "2024-01-19 02:06:10", "elapsed": 6823.110368, "delta": 0.006795}}
{"target": -13.758537742265094, "params": {"gamma": 315.2632650020915, "log10_alpha": -5.0, "log10_colsample_bytree": 0.0, "log10_eta": -1.9026612920245922, "log10_lambda": 1.0, "log10_min_child_weight": 5.0, "log10_subsample": -1.0, "max_depth": 6.0, "num_boost_round": 28.0}, "datetime": {"datetime": "2024-01-19 02:06:10", "elapsed": 6823.117606, "delta": 0.007238}}
{"target": -13.758537751391325, "params": {"gamma": 315.2632650020915, "log10_alpha": -5.0, "log10_colsample_bytree": 0.0, "log10_eta": -1.9026612920245922, "log10_lambda": 1.0, "log10_min_child_weight": 5.0, "log10_subsample": -1.0, "max_depth": 6.0, "num_boost_round": 29.0}, "datetime": {"datetime": "2024-01-19 02:06:10", "elapsed": 6823.124402, "delta": 0.006796}}
{"target": -13.758537787691633, "params": {"gamma": 315.2632650020915, "log10_alpha": -5.0, "log10_colsample_bytree": 0.0, "log10_eta": -1.9026612920245922, "log10_lambda": 1.0, "log10_min_child_weight": 5.0, "log10_subsample": -1.0, "max_depth": 6.0, "num_boost_round": 30.0}, "datetime": {"datetime": "2024-01-19 02:06:10", "elapsed": 6823.131002, "delta": 0.0066}}
{"target": -13.758537769159934, "params": {"gamma": 315.2632650020915, "log10_alpha": -5.0, "log10_colsample_bytree": 0.0, "log10_eta": -1.9026612920245922, "log10_lambda": 1.0, "log10_min_child_weight": 5.0, "log10_subsample": -1.0, "max_depth": 6.0, "num_boost_round": 31.0}, "datetime": {"datetime": "2024-01-19 02:06:10", "elapsed": 6823.138139, "delta": 0.007137}}
{"target": -13.758537674549276, "params": {"gamma": 315.2632650020915, "log10_alpha": -5.0, "log10_colsample_bytree": 0.0, "log10_eta": -1.9026612920245922, "log10_lambda": 1.0, "log10_min_child_weight": 5.0, "log10_subsample": -1.0, "max_depth": 6.0, "num_boost_round": 32.0}, "datetime": {"datetime": "2024-01-19 02:06:10", "elapsed": 6823.144904, "delta": 0.006765}}
{"target": -13.758537542712862, "params": {"gamma": 315.2632650020915, "log10_alpha": -5.0, "log10_colsample_bytree": 0.0, "log10_eta": -1.9026612920245922, "log10_lambda": 1.0, "log10_min_child_weight": 5.0, "log10_subsample": -1.0, "max_depth": 6.0, "num_boost_round": 33.0}, "datetime": {"datetime": "2024-01-19 02:06:10", "elapsed": 6823.151059, "delta": 0.006155}}
{"target": -13.758537964508673, "params": {"gamma": 315.2632650020915, "log10_alpha": -5.0, "log10_colsample_bytree": 0.0, "log10_eta": -1.9026612920245922, "log10_lambda": 1.0, "log10_min_child_weight": 5.0, "log10_subsample": -1.0, "max_depth": 6.0, "num_boost_round": 34.0}, "datetime": {"datetime": "2024-01-19 02:06:10", "elapsed": 6823.156971, "delta": 0.005912}}
{"target": -13.758538660229613, "params": {"gamma": 315.08117363067214, "log10_alpha": -0.2776791421022393, "log10_colsample_bytree": -0.954608432268869, "log10_eta": -3.0207480081428084, "log10_lambda": -2.5181678952289266, "log10_min_child_weight": 4.4405047231540715, "log10_subsample": -0.5881926093811524, "max_depth": 9.0, "num_boost_round": 0.0}, "datetime": {"datetime": "2024-01-19 02:07:44", "elapsed": 6916.710898, "delta": 93.553927}}
{"target": -13.75852702661072, "params": {"gamma": 315.08117363067214, "log10_alpha": -0.2776791421022393, "log10_colsample_bytree": -0.954608432268869, "log10_eta": -3.0207480081428084, "log10_lambda": -2.5181678952289266, "log10_min_child_weight": 4.4405047231540715, "log10_subsample": -0.5881926093811524, "max_depth": 9.0, "num_boost_round": 1.0}, "datetime": {"datetime": "2024-01-19 02:07:44", "elapsed": 6916.718159, "delta": 0.007261}}
{"target": -13.758528335056265, "params": {"gamma": 315.08117363067214, "log10_alpha": -0.2776791421022393, "log10_colsample_bytree": -0.954608432268869, "log10_eta": -3.0207480081428084, "log10_lambda": -2.5181678952289266, "log10_min_child_weight": 4.4405047231540715, "log10_subsample": -0.5881926093811524, "max_depth": 9.0, "num_boost_round": 2.0}, "datetime": {"datetime": "2024-01-19 02:07:44", "elapsed": 6916.724398, "delta": 0.006239}}
{"target": -13.758530447819163, "params": {"gamma": 315.08117363067214, "log10_alpha": -0.2776791421022393, "log10_colsample_bytree": -0.954608432268869, "log10_eta": -3.0207480081428084, "log10_lambda": -2.5181678952289266, "log10_min_child_weight": 4.4405047231540715, "log10_subsample": -0.5881926093811524, "max_depth": 9.0, "num_boost_round": 3.0}, "datetime": {"datetime": "2024-01-19 02:07:44", "elapsed": 6916.730296, "delta": 0.005898}}
{"target": -13.758531427931668, "params": {"gamma": 315.08117363067214, "log10_alpha": -0.2776791421022393, "log10_colsample_bytree": -0.954608432268869, "log10_eta": -3.0207480081428084, "log10_lambda": -2.5181678952289266, "log10_min_child_weight": 4.4405047231540715, "log10_subsample": -0.5881926093811524, "max_depth": 9.0, "num_boost_round": 4.0}, "datetime": {"datetime": "2024-01-19 02:07:44", "elapsed": 6916.736435, "delta": 0.006139}}
{"target": -13.758532844752757, "params": {"gamma": 315.08117363067214, "log10_alpha": -0.2776791421022393, "log10_colsample_bytree": -0.954608432268869, "log10_eta": -3.0207480081428084, "log10_lambda": -2.5181678952289266, "log10_min_child_weight": 4.4405047231540715, "log10_subsample": -0.5881926093811524, "max_depth": 9.0, "num_boost_round": 5.0}, "datetime": {"datetime": "2024-01-19 02:07:44", "elapsed": 6916.742561, "delta": 0.006126}}
{"target": -13.758532310155648, "params": {"gamma": 315.08117363067214, "log10_alpha": -0.2776791421022393, "log10_colsample_bytree": -0.954608432268869, "log10_eta": -3.0207480081428084, "log10_lambda": -2.5181678952289266, "log10_min_child_weight": 4.4405047231540715, "log10_subsample": -0.5881926093811524, "max_depth": 9.0, "num_boost_round": 6.0}, "datetime": {"datetime": "2024-01-19 02:07:44", "elapsed": 6916.748451, "delta": 0.00589}}
{"target": -13.758530087534186, "params": {"gamma": 315.08117363067214, "log10_alpha": -0.2776791421022393, "log10_colsample_bytree": -0.954608432268869, "log10_eta": -3.0207480081428084, "log10_lambda": -2.5181678952289266, "log10_min_child_weight": 4.4405047231540715, "log10_subsample": -0.5881926093811524, "max_depth": 9.0, "num_boost_round": 7.0}, "datetime": {"datetime": "2024-01-19 02:07:44", "elapsed": 6916.754419, "delta": 0.005968}}
{"target": -13.758528494706066, "params": {"gamma": 315.08117363067214, "log10_alpha": -0.2776791421022393, "log10_colsample_bytree": -0.954608432268869, "log10_eta": -3.0207480081428084, "log10_lambda": -2.5181678952289266, "log10_min_child_weight": 4.4405047231540715, "log10_subsample": -0.5881926093811524, "max_depth": 9.0, "num_boost_round": 8.0}, "datetime": {"datetime": "2024-01-19 02:07:44", "elapsed": 6916.760327, "delta": 0.005908}}
{"target": -13.75852818842848, "params": {"gamma": 315.08117363067214, "log10_alpha": -0.2776791421022393, "log10_colsample_bytree": -0.954608432268869, "log10_eta": -3.0207480081428084, "log10_lambda": -2.5181678952289266, "log10_min_child_weight": 4.4405047231540715, "log10_subsample": -0.5881926093811524, "max_depth": 9.0, "num_boost_round": 9.0}, "datetime": {"datetime": "2024-01-19 02:07:44", "elapsed": 6916.766692, "delta": 0.006365}}
{"target": -13.75852784215831, "params": {"gamma": 315.08117363067214, "log10_alpha": -0.2776791421022393, "log10_colsample_bytree": -0.954608432268869, "log10_eta": -3.0207480081428084, "log10_lambda": -2.5181678952289266, "log10_min_child_weight": 4.4405047231540715, "log10_subsample": -0.5881926093811524, "max_depth": 9.0, "num_boost_round": 10.0}, "datetime": {"datetime": "2024-01-19 02:07:44", "elapsed": 6916.772945, "delta": 0.006253}}
{"target": -13.758524858276095, "params": {"gamma": 315.08117363067214, "log10_alpha": -0.2776791421022393, "log10_colsample_bytree": -0.954608432268869, "log10_eta": -3.0207480081428084, "log10_lambda": -2.5181678952289266, "log10_min_child_weight": 4.4405047231540715, "log10_subsample": -0.5881926093811524, "max_depth": 9.0, "num_boost_round": 11.0}, "datetime": {"datetime": "2024-01-19 02:07:44", "elapsed": 6916.7788, "delta": 0.005855}}
{"target": -13.758524513685108, "params": {"gamma": 315.08117363067214, "log10_alpha": -0.2776791421022393, "log10_colsample_bytree": -0.954608432268869, "log10_eta": -3.0207480081428084, "log10_lambda": -2.5181678952289266, "log10_min_child_weight": 4.4405047231540715, "log10_subsample": -0.5881926093811524, "max_depth": 9.0, "num_boost_round": 12.0}, "datetime": {"datetime": "2024-01-19 02:07:44", "elapsed": 6916.784825, "delta": 0.006025}}
{"target": -13.758516362497678, "params": {"gamma": 315.08117363067214, "log10_alpha": -0.2776791421022393, "log10_colsample_bytree": -0.954608432268869, "log10_eta": -3.0207480081428084, "log10_lambda": -2.5181678952289266, "log10_min_child_weight": 4.4405047231540715, "log10_subsample": -0.5881926093811524, "max_depth": 9.0, "num_boost_round": 13.0}, "datetime": {"datetime": "2024-01-19 02:07:44", "elapsed": 6916.913524, "delta": 0.128699}}
{"target": -13.758513630816541, "params": {"gamma": 315.08117363067214, "log10_alpha": -0.2776791421022393, "log10_colsample_bytree": -0.954608432268869, "log10_eta": -3.0207480081428084, "log10_lambda": -2.5181678952289266, "log10_min_child_weight": 4.4405047231540715, "log10_subsample": -0.5881926093811524, "max_depth": 9.0, "num_boost_round": 14.0}, "datetime": {"datetime": "2024-01-19 02:07:44", "elapsed": 6916.920937, "delta": 0.007413}}
{"target": -13.758501964679066, "params": {"gamma": 315.08117363067214, "log10_alpha": -0.2776791421022393, "log10_colsample_bytree": -0.954608432268869, "log10_eta": -3.0207480081428084, "log10_lambda": -2.5181678952289266, "log10_min_child_weight": 4.4405047231540715, "log10_subsample": -0.5881926093811524, "max_depth": 9.0, "num_boost_round": 15.0}, "datetime": {"datetime": "2024-01-19 02:07:44", "elapsed": 6916.927751, "delta": 0.006814}}
{"target": -13.758496320233562, "params": {"gamma": 315.08117363067214, "log10_alpha": -0.2776791421022393, "log10_colsample_bytree": -0.954608432268869, "log10_eta": -3.0207480081428084, "log10_lambda": -2.5181678952289266, "log10_min_child_weight": 4.4405047231540715, "log10_subsample": -0.5881926093811524, "max_depth": 9.0, "num_boost_round": 16.0}, "datetime": {"datetime": "2024-01-19 02:07:44", "elapsed": 6916.933629, "delta": 0.005878}}
{"target": -13.758500639308705, "params": {"gamma": 315.08117363067214, "log10_alpha": -0.2776791421022393, "log10_colsample_bytree": -0.954608432268869, "log10_eta": -3.0207480081428084, "log10_lambda": -2.5181678952289266, "log10_min_child_weight": 4.4405047231540715, "log10_subsample": -0.5881926093811524, "max_depth": 9.0, "num_boost_round": 17.0}, "datetime": {"datetime": "2024-01-19 02:07:44", "elapsed": 6916.939615, "delta": 0.005986}}
{"target": -13.7584937706272, "params": {"gamma": 315.08117363067214, "log10_alpha": -0.2776791421022393, "log10_colsample_bytree": -0.954608432268869, "log10_eta": -3.0207480081428084, "log10_lambda": -2.5181678952289266, "log10_min_child_weight": 4.4405047231540715, "log10_subsample": -0.5881926093811524, "max_depth": 9.0, "num_boost_round": 18.0}, "datetime": {"datetime": "2024-01-19 02:07:44", "elapsed": 6916.945654, "delta": 0.006039}}
{"target": -13.758488477952355, "params": {"gamma": 315.08117363067214, "log10_alpha": -0.2776791421022393, "log10_colsample_bytree": -0.954608432268869, "log10_eta": -3.0207480081428084, "log10_lambda": -2.5181678952289266, "log10_min_child_weight": 4.4405047231540715, "log10_subsample": -0.5881926093811524, "max_depth": 9.0, "num_boost_round": 19.0}, "datetime": {"datetime": "2024-01-19 02:07:44", "elapsed": 6916.951835, "delta": 0.006181}}
{"target": -13.758488157424207, "params": {"gamma": 315.08117363067214, "log10_alpha": -0.2776791421022393, "log10_colsample_bytree": -0.954608432268869, "log10_eta": -3.0207480081428084, "log10_lambda": -2.5181678952289266, "log10_min_child_weight": 4.4405047231540715, "log10_subsample": -0.5881926093811524, "max_depth": 9.0, "num_boost_round": 20.0}, "datetime": {"datetime": "2024-01-19 02:07:44", "elapsed": 6916.957948, "delta": 0.006113}}
{"target": -13.75848401863483, "params": {"gamma": 315.08117363067214, "log10_alpha": -0.2776791421022393, "log10_colsample_bytree": -0.954608432268869, "log10_eta": -3.0207480081428084, "log10_lambda": -2.5181678952289266, "log10_min_child_weight": 4.4405047231540715, "log10_subsample": -0.5881926093811524, "max_depth": 9.0, "num_boost_round": 21.0}, "datetime": {"datetime": "2024-01-19 02:07:44", "elapsed": 6916.964063, "delta": 0.006115}}
{"target": -13.758485145104133, "params": {"gamma": 315.08117363067214, "log10_alpha": -0.2776791421022393, "log10_colsample_bytree": -0.954608432268869, "log10_eta": -3.0207480081428084, "log10_lambda": -2.5181678952289266, "log10_min_child_weight": 4.4405047231540715, "log10_subsample": -0.5881926093811524, "max_depth": 9.0, "num_boost_round": 22.0}, "datetime": {"datetime": "2024-01-19 02:07:44", "elapsed": 6916.97024, "delta": 0.006177}}
{"target": -13.758481234881945, "params": {"gamma": 315.08117363067214, "log10_alpha": -0.2776791421022393, "log10_colsample_bytree": -0.954608432268869, "log10_eta": -3.0207480081428084, "log10_lambda": -2.5181678952289266, "log10_min_child_weight": 4.4405047231540715, "log10_subsample": -0.5881926093811524, "max_depth": 9.0, "num_boost_round": 23.0}, "datetime": {"datetime": "2024-01-19 02:07:44", "elapsed": 6916.977098, "delta": 0.006858}}
{"target": -13.758479483398077, "params": {"gamma": 315.08117363067214, "log10_alpha": -0.2776791421022393, "log10_colsample_bytree": -0.954608432268869, "log10_eta": -3.0207480081428084, "log10_lambda": -2.5181678952289266, "log10_min_child_weight": 4.4405047231540715, "log10_subsample": -0.5881926093811524, "max_depth": 9.0, "num_boost_round": 24.0}, "datetime": {"datetime": "2024-01-19 02:07:44", "elapsed": 6916.983526, "delta": 0.006428}}
{"target": -13.75847913371003, "params": {"gamma": 315.08117363067214, "log10_alpha": -0.2776791421022393, "log10_colsample_bytree": -0.954608432268869, "log10_eta": -3.0207480081428084, "log10_lambda": -2.5181678952289266, "log10_min_child_weight": 4.4405047231540715, "log10_subsample": -0.5881926093811524, "max_depth": 9.0, "num_boost_round": 25.0}, "datetime": {"datetime": "2024-01-19 02:07:44", "elapsed": 6916.990528, "delta": 0.007002}}
{"target": -13.758475378258835, "params": {"gamma": 315.08117363067214, "log10_alpha": -0.2776791421022393, "log10_colsample_bytree": -0.954608432268869, "log10_eta": -3.0207480081428084, "log10_lambda": -2.5181678952289266, "log10_min_child_weight": 4.4405047231540715, "log10_subsample": -0.5881926093811524, "max_depth": 9.0, "num_boost_round": 26.0}, "datetime": {"datetime": "2024-01-19 02:07:44", "elapsed": 6916.997224, "delta": 0.006696}}
{"target": -13.75846633541501, "params": {"gamma": 315.08117363067214, "log10_alpha": -0.2776791421022393, "log10_colsample_bytree": -0.954608432268869, "log10_eta": -3.0207480081428084, "log10_lambda": -2.5181678952289266, "log10_min_child_weight": 4.4405047231540715, "log10_subsample": -0.5881926093811524, "max_depth": 9.0, "num_boost_round": 27.0}, "datetime": {"datetime": "2024-01-19 02:07:44", "elapsed": 6917.003511, "delta": 0.006287}}
{"target": -13.758460594024545, "params": {"gamma": 315.08117363067214, "log10_alpha": -0.2776791421022393, "log10_colsample_bytree": -0.954608432268869, "log10_eta": -3.0207480081428084, "log10_lambda": -2.5181678952289266, "log10_min_child_weight": 4.4405047231540715, "log10_subsample": -0.5881926093811524, "max_depth": 9.0, "num_boost_round": 28.0}, "datetime": {"datetime": "2024-01-19 02:07:44", "elapsed": 6917.009717, "delta": 0.006206}}
{"target": -13.758456855998118, "params": {"gamma": 315.08117363067214, "log10_alpha": -0.2776791421022393, "log10_colsample_bytree": -0.954608432268869, "log10_eta": -3.0207480081428084, "log10_lambda": -2.5181678952289266, "log10_min_child_weight": 4.4405047231540715, "log10_subsample": -0.5881926093811524, "max_depth": 9.0, "num_boost_round": 29.0}, "datetime": {"datetime": "2024-01-19 02:07:44", "elapsed": 6917.015657, "delta": 0.00594}}
{"target": -13.758454903607936, "params": {"gamma": 315.08117363067214, "log10_alpha": -0.2776791421022393, "log10_colsample_bytree": -0.954608432268869, "log10_eta": -3.0207480081428084, "log10_lambda": -2.5181678952289266, "log10_min_child_weight": 4.4405047231540715, "log10_subsample": -0.5881926093811524, "max_depth": 9.0, "num_boost_round": 30.0}, "datetime": {"datetime": "2024-01-19 02:07:44", "elapsed": 6917.021503, "delta": 0.005846}}
{"target": -13.758458468779148, "params": {"gamma": 315.08117363067214, "log10_alpha": -0.2776791421022393, "log10_colsample_bytree": -0.954608432268869, "log10_eta": -3.0207480081428084, "log10_lambda": -2.5181678952289266, "log10_min_child_weight": 4.4405047231540715, "log10_subsample": -0.5881926093811524, "max_depth": 9.0, "num_boost_round": 31.0}, "datetime": {"datetime": "2024-01-19 02:07:44", "elapsed": 6917.027398, "delta": 0.005895}}
{"target": -13.758454344685191, "params": {"gamma": 315.08117363067214, "log10_alpha": -0.2776791421022393, "log10_colsample_bytree": -0.954608432268869, "log10_eta": -3.0207480081428084, "log10_lambda": -2.5181678952289266, "log10_min_child_weight": 4.4405047231540715, "log10_subsample": -0.5881926093811524, "max_depth": 9.0, "num_boost_round": 32.0}, "datetime": {"datetime": "2024-01-19 02:07:44", "elapsed": 6917.03349, "delta": 0.006092}}
{"target": -13.758452237447099, "params": {"gamma": 315.08117363067214, "log10_alpha": -0.2776791421022393, "log10_colsample_bytree": -0.954608432268869, "log10_eta": -3.0207480081428084, "log10_lambda": -2.5181678952289266, "log10_min_child_weight": 4.4405047231540715, "log10_subsample": -0.5881926093811524, "max_depth": 9.0, "num_boost_round": 33.0}, "datetime": {"datetime": "2024-01-19 02:07:44", "elapsed": 6917.039505, "delta": 0.006015}}
{"target": -13.758448020925409, "params": {"gamma": 315.08117363067214, "log10_alpha": -0.2776791421022393, "log10_colsample_bytree": -0.954608432268869, "log10_eta": -3.0207480081428084, "log10_lambda": -2.5181678952289266, "log10_min_child_weight": 4.4405047231540715, "log10_subsample": -0.5881926093811524, "max_depth": 9.0, "num_boost_round": 34.0}, "datetime": {"datetime": "2024-01-19 02:07:44", "elapsed": 6917.045912, "delta": 0.006407}}
{"target": -13.758443375993219, "params": {"gamma": 315.08117363067214, "log10_alpha": -0.2776791421022393, "log10_colsample_bytree": -0.954608432268869, "log10_eta": -3.0207480081428084, "log10_lambda": -2.5181678952289266, "log10_min_child_weight": 4.4405047231540715, "log10_subsample": -0.5881926093811524, "max_depth": 9.0, "num_boost_round": 35.0}, "datetime": {"datetime": "2024-01-19 02:07:44", "elapsed": 6917.052314, "delta": 0.006402}}
