{"target": -13.758468226309644, "params": {"gamma": 941.983883249857, "log10_alpha": 0.8859988482292422, "log10_colsample_bytree": -0.6905287909761696, "log10_eta": -3.1439265688732685, "log10_lambda": -4.355467508009091, "log10_min_child_weight": 3.572175283527704, "log10_subsample": -0.7953805122370449, "max_depth": 3.0, "num_boost_round": 31.0}, "datetime": {"datetime": "2024-01-19 01:13:25", "elapsed": 3706.066878, "delta": 0.004793}}
{"target": -13.758476455869001, "params": {"gamma": 941.983883249857, "log10_alpha": 0.8859988482292422, "log10_colsample_bytree": -0.6905287909761696, "log10_eta": -3.1439265688732685, "log10_lambda": -4.355467508009091, "log10_min_child_weight": 3.572175283527704, "log10_subsample": -0.7953805122370449, "max_depth": 3.0, "num_boost_round": 32.0}, "datetime": {"datetime": "2024-01-19 01:13:25", "elapsed": 3706.071376, "delta": 0.004498}}
{"target": -13.758474113347267, "params": {"gamma": 941.983883249857, "log10_alpha": 0.8859988482292422, "log10_colsample_bytree": -0.6905287909761696, "log10_eta": -3.1439265688732685, "log10_lambda": -4.355467508009091, "log10_min_child_weight": 3.572175283527704, "log10_subsample": -0.7953805122370449, "max_depth": 3.0, "num_boost_round": 33.0}, "datetime": {"datetime": "2024-01-19 01:13:25", "elapsed": 3706.075787, "delta": 0.004411}}
{"target": -13.758469411597064, "params": {"gamma": 941.983883249857, "log10_alpha": 0.8859988482292422, "log10_colsample_bytree": -0.6905287909761696, "log10_eta": -3.1439265688732685, "log10_lambda": -4.355467508009091, "log10_min_child_weight": 3.572175283527704, "log10_subsample": -0.7953805122370449, "max_depth": 3.0, "num_boost_round": 34.0}, "datetime": {"datetime": "2024-01-19 01:13:25", "elapsed": 3706.080371, "delta": 0.004584}}
{"target": -13.758469050454893, "params": {"gamma": 941.983883249857, "log10_alpha": 0.8859988482292422, "log10_colsample_bytree": -0.6905287909761696, "log10_eta": -3.1439265688732685, "log10_lambda": -4.355467508009091, "log10_min_child_weight": 3.572175283527704, "log10_subsample": -0.7953805122370449, "max_depth": 3.0, "num_boost_round": 35.0}, "datetime": {"datetime": "2024-01-19 01:13:25", "elapsed": 3706.084775, "delta": 0.004404}}
{"target": -13.7584661612489, "params": {"gamma": 941.983883249857, "log10_alpha": 0.8859988482292422, "log10_colsample_bytree": -0.6905287909761696, "log10_eta": -3.1439265688732685, "log10_lambda": -4.355467508009091, "log10_min_child_weight": 3.572175283527704, "log10_subsample": -0.7953805122370449, "max_depth": 3.0, "num_boost_round": 36.0}, "datetime": {"datetime": "2024-01-19 01:13:25", "elapsed": 3706.089289, "delta": 0.004514}}
{"target": -13.758461109306964, "params": {"gamma": 941.983883249857, "log10_alpha": 0.8859988482292422, "log10_colsample_bytree": -0.6905287909761696, "log10_eta": -3.1439265688732685, "log10_lambda": -4.355467508009091, "log10_min_child_weight": 3.572175283527704, "log10_subsample": -0.7953805122370449, "max_depth": 3.0, "num_boost_round": 37.0}, "datetime": {"datetime": "2024-01-19 01:13:25", "elapsed": 3706.093828, "delta": 0.004539}}
{"target": -13.758451099382595, "params": {"gamma": 941.983883249857, "log10_alpha": 0.8859988482292422, "log10_colsample_bytree": -0.6905287909761696, "log10_eta": -3.1439265688732685, "log10_lambda": -4.355467508009091, "log10_min_child_weight": 3.572175283527704, "log10_subsample": -0.7953805122370449, "max_depth": 3.0, "num_boost_round": 38.0}, "datetime": {"datetime": "2024-01-19 01:13:25", "elapsed": 3706.098317, "delta": 0.004489}}
{"target": -13.758448573958525, "params": {"gamma": 941.983883249857, "log10_alpha": 0.8859988482292422, "log10_colsample_bytree": -0.6905287909761696, "log10_eta": -3.1439265688732685, "log10_lambda": -4.355467508009091, "log10_min_child_weight": 3.572175283527704, "log10_subsample": -0.7953805122370449, "max_depth": 3.0, "num_boost_round": 39.0}, "datetime": {"datetime": "2024-01-19 01:13:25", "elapsed": 3706.102734, "delta": 0.004417}}
{"target": -13.758446925142136, "params": {"gamma": 941.983883249857, "log10_alpha": 0.8859988482292422, "log10_colsample_bytree": -0.6905287909761696, "log10_eta": -3.1439265688732685, "log10_lambda": -4.355467508009091, "log10_min_child_weight": 3.572175283527704, "log10_subsample": -0.7953805122370449, "max_depth": 3.0, "num_boost_round": 40.0}, "datetime": {"datetime": "2024-01-19 01:13:25", "elapsed": 3706.107565, "delta": 0.004831}}
{"target": -13.758444386158509, "params": {"gamma": 941.983883249857, "log10_alpha": 0.8859988482292422, "log10_colsample_bytree": -0.6905287909761696, "log10_eta": -3.1439265688732685, "log10_lambda": -4.355467508009091, "log10_min_child_weight": 3.572175283527704, "log10_subsample": -0.7953805122370449, "max_depth": 3.0, "num_boost_round": 41.0}, "datetime": {"datetime": "2024-01-19 01:13:25", "elapsed": 3706.112032, "delta": 0.004467}}
{"target": -13.758454385465924, "params": {"gamma": 941.983883249857, "log10_alpha": 0.8859988482292422, "log10_colsample_bytree": -0.6905287909761696, "log10_eta": -3.1439265688732685, "log10_lambda": -4.355467508009091, "log10_min_child_weight": 3.572175283527704, "log10_subsample": -0.7953805122370449, "max_depth": 3.0, "num_boost_round": 42.0}, "datetime": {"datetime": "2024-01-19 01:13:25", "elapsed": 3706.116469, "delta": 0.004437}}
{"target": -13.758451441548416, "params": {"gamma": 941.983883249857, "log10_alpha": 0.8859988482292422, "log10_colsample_bytree": -0.6905287909761696, "log10_eta": -3.1439265688732685, "log10_lambda": -4.355467508009091, "log10_min_child_weight": 3.572175283527704, "log10_subsample": -0.7953805122370449, "max_depth": 3.0, "num_boost_round": 43.0}, "datetime": {"datetime": "2024-01-19 01:13:25", "elapsed": 3706.121019, "delta": 0.00455}}
{"target": -13.758449534192094, "params": {"gamma": 941.983883249857, "log10_alpha": 0.8859988482292422, "log10_colsample_bytree": -0.6905287909761696, "log10_eta": -3.1439265688732685, "log10_lambda": -4.355467508009091, "log10_min_child_weight": 3.572175283527704, "log10_subsample": -0.7953805122370449, "max_depth": 3.0, "num_boost_round": 44.0}, "datetime": {"datetime": "2024-01-19 01:13:25", "elapsed": 3706.125473, "delta": 0.004454}}
{"target": -13.75844921498298, "params": {"gamma": 941.983883249857, "log10_alpha": 0.8859988482292422, "log10_colsample_bytree": -0.6905287909761696, "log10_eta": -3.1439265688732685, "log10_lambda": -4.355467508009091, "log10_min_child_weight": 3.572175283527704, "log10_subsample": -0.7953805122370449, "max_depth": 3.0, "num_boost_round": 45.0}, "datetime": {"datetime": "2024-01-19 01:13:25", "elapsed": 3706.130535, "delta": 0.005062}}
{"target": -13.758439690208531, "params": {"gamma": 941.983883249857, "log10_alpha": 0.8859988482292422, "log10_colsample_bytree": -0.6905287909761696, "log10_eta": -3.1439265688732685, "log10_lambda": -4.355467508009091, "log10_min_child_weight": 3.572175283527704, "log10_subsample": -0.7953805122370449, "max_depth": 3.0, "num_boost_round": 46.0}, "datetime": {"datetime": "2024-01-19 01:13:25", "elapsed": 3706.135078, "delta": 0.004543}}
{"target": -13.75843937167787, "params": {"gamma": 941.983883249857, "log10_alpha": 0.8859988482292422, "log10_colsample_bytree": -0.6905287909761696, "log10_eta": -3.1439265688732685, "log10_lambda": -4.355467508009091, "log10_min_child_weight": 3.572175283527704, "log10_subsample": -0.7953805122370449, "max_depth": 3.0, "num_boost_round": 47.0}, "datetime": {"datetime": "2024-01-19 01:13:25", "elapsed": 3706.139655, "delta": 0.004577}}
{"target": -13.758429184373497, "params": {"gamma": 941.983883249857, "log10_alpha": 0.8859988482292422, "log10_colsample_bytree": -0.6905287909761696, "log10_eta": -3.1439265688732685, "log10_lambda": -4.355467508009091, "log10_min_child_weight": 3.572175283527704, "log10_subsample": -0.7953805122370449, "max_depth": 3.0, "num_boost_round": 48.0}, "datetime": {"datetime": "2024-01-19 01:13:25", "elapsed": 3706.144099, "delta": 0.004444}}
{"target": -13.758424581680831, "params": {"gamma": 941.983883249857, "log10_alpha": 0.8859988482292422, "log10_colsample_bytree": -0.6905287909761696, "log10_eta": -3.1439265688732685, "log10_lambda": -4.355467508009091, "log10_min_child_weight": 3.572175283527704, "log10_subsample": -0.7953805122370449, "max_depth": 3.0, "num_boost_round": 49.0}, "datetime": {"datetime": "2024-01-19 01:13:25", "elapsed": 3706.148692, "delta": 0.004593}}
{"target": -13.758433816930483, "params": {"gamma": 941.983883249857, "log10_alpha": 0.8859988482292422, "log10_colsample_bytree": -0.6905287909761696, "log10_eta": -3.1439265688732685, "log10_lambda": -4.355467508009091, "log10_min_child_weight": 3.572175283527704, "log10_subsample": -0.7953805122370449, "max_depth": 3.0, "num_boost_round": 50.0}, "datetime": {"datetime": "2024-01-19 01:13:25", "elapsed": 3706.153499, "delta": 0.004807}}
{"target": -13.758432700949538, "params": {"gamma": 941.983883249857, "log10_alpha": 0.8859988482292422, "log10_colsample_bytree": -0.6905287909761696, "log10_eta": -3.1439265688732685, "log10_lambda": -4.355467508009091, "log10_min_child_weight": 3.572175283527704, "log10_subsample": -0.7953805122370449, "max_depth": 3.0, "num_boost_round": 51.0}, "datetime": {"datetime": "2024-01-19 01:13:25", "elapsed": 3706.157975, "delta": 0.004476}}
{"target": -13.758428817972934, "params": {"gamma": 941.983883249857, "log10_alpha": 0.8859988482292422, "log10_colsample_bytree": -0.6905287909761696, "log10_eta": -3.1439265688732685, "log10_lambda": -4.355467508009091, "log10_min_child_weight": 3.572175283527704, "log10_subsample": -0.7953805122370449, "max_depth": 3.0, "num_boost_round": 52.0}, "datetime": {"datetime": "2024-01-19 01:13:25", "elapsed": 3706.162585, "delta": 0.00461}}
{"target": -13.758419990177995, "params": {"gamma": 941.983883249857, "log10_alpha": 0.8859988482292422, "log10_colsample_bytree": -0.6905287909761696, "log10_eta": -3.1439265688732685, "log10_lambda": -4.355467508009091, "log10_min_child_weight": 3.572175283527704, "log10_subsample": -0.7953805122370449, "max_depth": 3.0, "num_boost_round": 53.0}, "datetime": {"datetime": "2024-01-19 01:13:25", "elapsed": 3706.167104, "delta": 0.004519}}
{"target": -13.758415170967023, "params": {"gamma": 941.983883249857, "log10_alpha": 0.8859988482292422, "log10_colsample_bytree": -0.6905287909761696, "log10_eta": -3.1439265688732685, "log10_lambda": -4.355467508009091, "log10_min_child_weight": 3.572175283527704, "log10_subsample": -0.7953805122370449, "max_depth": 3.0, "num_boost_round": 54.0}, "datetime": {"datetime": "2024-01-19 01:13:25", "elapsed": 3706.17172, "delta": 0.004616}}
{"target": -13.758419784372432, "params": {"gamma": 941.983883249857, "log10_alpha": 0.8859988482292422, "log10_colsample_bytree": -0.6905287909761696, "log10_eta": -3.1439265688732685, "log10_lambda": -4.355467508009091, "log10_min_child_weight": 3.572175283527704, "log10_subsample": -0.7953805122370449, "max_depth": 3.0, "num_boost_round": 55.0}, "datetime": {"datetime": "2024-01-19 01:13:25", "elapsed": 3706.176135, "delta": 0.004415}}
{"target": -13.75842623004902, "params": {"gamma": 941.983883249857, "log10_alpha": 0.8859988482292422, "log10_colsample_bytree": -0.6905287909761696, "log10_eta": -3.1439265688732685, "log10_lambda": -4.355467508009091, "log10_min_child_weight": 3.572175283527704, "log10_subsample": -0.7953805122370449, "max_depth": 3.0, "num_boost_round": 56.0}, "datetime": {"datetime": "2024-01-19 01:13:25", "elapsed": 3706.1806, "delta": 0.004465}}
{"target": -13.758436354725523, "params": {"gamma": 941.983883249857, "log10_alpha": 0.8859988482292422, "log10_colsample_bytree": -0.6905287909761696, "log10_eta": -3.1439265688732685, "log10_lambda": -4.355467508009091, "log10_min_child_weight": 3.572175283527704, "log10_subsample": -0.7953805122370449, "max_depth": 3.0, "num_boost_round": 57.0}, "datetime": {"datetime": "2024-01-19 01:13:25", "elapsed": 3706.18511, "delta": 0.00451}}
{"target": -13.758426912460354, "params": {"gamma": 941.983883249857, "log10_alpha": 0.8859988482292422, "log10_colsample_bytree": -0.6905287909761696, "log10_eta": -3.1439265688732685, "log10_lambda": -4.355467508009091, "log10_min_child_weight": 3.572175283527704, "log10_subsample": -0.7953805122370449, "max_depth": 3.0, "num_boost_round": 58.0}, "datetime": {"datetime": "2024-01-19 01:13:25", "elapsed": 3706.189777, "delta": 0.004667}}
{"target": -13.758422094623441, "params": {"gamma": 941.983883249857, "log10_alpha": 0.8859988482292422, "log10_colsample_bytree": -0.6905287909761696, "log10_eta": -3.1439265688732685, "log10_lambda": -4.355467508009091, "log10_min_child_weight": 3.572175283527704, "log10_subsample": -0.7953805122370449, "max_depth": 3.0, "num_boost_round": 59.0}, "datetime": {"datetime": "2024-01-19 01:13:25", "elapsed": 3706.194229, "delta": 0.004452}}
{"target": -13.761769363760932, "params": {"gamma": 944.7662823760037, "log10_alpha": -0.03513564635556232, "log10_colsample_bytree": -0.028585486299723017, "log10_eta": -0.37207592227402353, "log10_lambda": -1.6858375913209196, "log10_min_child_weight": 4.726335944142697, "log10_subsample": -0.6330507795838425, "max_depth": 9.0, "num_boost_round": 0.0}, "datetime": {"datetime": "2024-01-19 01:14:21", "elapsed": 3762.562756, "delta": 56.368527}}
{"target": -13.764609068661585, "params": {"gamma": 944.7662823760037, "log10_alpha": -0.03513564635556232, "log10_colsample_bytree": -0.028585486299723017, "log10_eta": -0.37207592227402353, "log10_lambda": -1.6858375913209196, "log10_min_child_weight": 4.726335944142697, "log10_subsample": -0.6330507795838425, "max_depth": 9.0, "num_boost_round": 1.0}, "datetime": {"datetime": "2024-01-19 01:14:21", "elapsed": 3762.567988, "delta": 0.005232}}
{"target": -13.76911118661421, "params": {"gamma": 944.7662823760037, "log10_alpha": -0.03513564635556232, "log10_colsample_bytree": -0.028585486299723017, "log10_eta": -0.37207592227402353, "log10_lambda": -1.6858375913209196, "log10_min_child_weight": 4.726335944142697, "log10_subsample": -0.6330507795838425, "max_depth": 9.0, "num_boost_round": 2.0}, "datetime": {"datetime": "2024-01-19 01:14:21", "elapsed": 3762.572564, "delta": 0.004576}}
{"target": -13.76800479080269, "params": {"gamma": 944.7662823760037, "log10_alpha": -0.03513564635556232, "log10_colsample_bytree": -0.028585486299723017, "log10_eta": -0.37207592227402353, "log10_lambda": -1.6858375913209196, "log10_min_child_weight": 4.726335944142697, "log10_subsample": -0.6330507795838425, "max_depth": 9.0, "num_boost_round": 3.0}, "datetime": {"datetime": "2024-01-19 01:14:21", "elapsed": 3762.57701, "delta": 0.004446}}
{"target": -13.771362959079717, "params": {"gamma": 944.7662823760037, "log10_alpha": -0.03513564635556232, "log10_colsample_bytree": -0.028585486299723017, "log10_eta": -0.37207592227402353, "log10_lambda": -1.6858375913209196, "log10_min_child_weight": 4.726335944142697, "log10_subsample": -0.6330507795838425, "max_depth": 9.0, "num_boost_round": 4.0}, "datetime": {"datetime": "2024-01-19 01:14:21", "elapsed": 3762.581732, "delta": 0.004722}}
{"target": -13.772829955237565, "params": {"gamma": 944.7662823760037, "log10_alpha": -0.03513564635556232, "log10_colsample_bytree": -0.028585486299723017, "log10_eta": -0.37207592227402353, "log10_lambda": -1.6858375913209196, "log10_min_child_weight": 4.726335944142697, "log10_subsample": -0.6330507795838425, "max_depth": 9.0, "num_boost_round": 5.0}, "datetime": {"datetime": "2024-01-19 01:14:21", "elapsed": 3762.689066, "delta": 0.107334}}
{"target": -13.774132956011812, "params": {"gamma": 944.7662823760037, "log10_alpha": -0.03513564635556232, "log10_colsample_bytree": -0.028585486299723017, "log10_eta": -0.37207592227402353, "log10_lambda": -1.6858375913209196, "log10_min_child_weight": 4.726335944142697, "log10_subsample": -0.6330507795838425, "max_depth": 9.0, "num_boost_round": 6.0}, "datetime": {"datetime": "2024-01-19 01:14:21", "elapsed": 3762.694398, "delta": 0.005332}}
{"target": -13.77723269292593, "params": {"gamma": 944.7662823760037, "log10_alpha": -0.03513564635556232, "log10_colsample_bytree": -0.028585486299723017, "log10_eta": -0.37207592227402353, "log10_lambda": -1.6858375913209196, "log10_min_child_weight": 4.726335944142697, "log10_subsample": -0.6330507795838425, "max_depth": 9.0, "num_boost_round": 7.0}, "datetime": {"datetime": "2024-01-19 01:14:21", "elapsed": 3762.699275, "delta": 0.004877}}
{"target": -13.77743299182336, "params": {"gamma": 944.7662823760037, "log10_alpha": -0.03513564635556232, "log10_colsample_bytree": -0.028585486299723017, "log10_eta": -0.37207592227402353, "log10_lambda": -1.6858375913209196, "log10_min_child_weight": 4.726335944142697, "log10_subsample": -0.6330507795838425, "max_depth": 9.0, "num_boost_round": 8.0}, "datetime": {"datetime": "2024-01-19 01:14:21", "elapsed": 3762.703807, "delta": 0.004532}}
{"target": -13.784107529775097, "params": {"gamma": 944.7662823760037, "log10_alpha": -0.03513564635556232, "log10_colsample_bytree": -0.028585486299723017, "log10_eta": -0.37207592227402353, "log10_lambda": -1.6858375913209196, "log10_min_child_weight": 4.726335944142697, "log10_subsample": -0.6330507795838425, "max_depth": 9.0, "num_boost_round": 9.0}, "datetime": {"datetime": "2024-01-19 01:14:21", "elapsed": 3762.708346, "delta": 0.004539}}
{"target": -13.78334909567326, "params": {"gamma": 944.7662823760037, "log10_alpha": -0.03513564635556232, "log10_colsample_bytree": -0.028585486299723017, "log10_eta": -0.37207592227402353, "log10_lambda": -1.6858375913209196, "log10_min_child_weight": 4.726335944142697, "log10_subsample": -0.6330507795838425, "max_depth": 9.0, "num_boost_round": 10.0}, "datetime": {"datetime": "2024-01-19 01:14:21", "elapsed": 3762.71291, "delta": 0.004564}}
{"target": -13.78359330194419, "params": {"gamma": 944.7662823760037, "log10_alpha": -0.03513564635556232, "log10_colsample_bytree": -0.028585486299723017, "log10_eta": -0.37207592227402353, "log10_lambda": -1.6858375913209196, "log10_min_child_weight": 4.726335944142697, "log10_subsample": -0.6330507795838425, "max_depth": 9.0, "num_boost_round": 11.0}, "datetime": {"datetime": "2024-01-19 01:14:21", "elapsed": 3762.717567, "delta": 0.004657}}
{"target": -13.784965010055451, "params": {"gamma": 944.7662823760037, "log10_alpha": -0.03513564635556232, "log10_colsample_bytree": -0.028585486299723017, "log10_eta": -0.37207592227402353, "log10_lambda": -1.6858375913209196, "log10_min_child_weight": 4.726335944142697, "log10_subsample": -0.6330507795838425, "max_depth": 9.0, "num_boost_round": 12.0}, "datetime": {"datetime": "2024-01-19 01:14:21", "elapsed": 3762.722148, "delta": 0.004581}}
{"target": -13.784409842172208, "params": {"gamma": 944.7662823760037, "log10_alpha": -0.03513564635556232, "log10_colsample_bytree": -0.028585486299723017, "log10_eta": -0.37207592227402353, "log10_lambda": -1.6858375913209196, "log10_min_child_weight": 4.726335944142697, "log10_subsample": -0.6330507795838425, "max_depth": 9.0, "num_boost_round": 13.0}, "datetime": {"datetime": "2024-01-19 01:14:21", "elapsed": 3762.726743, "delta": 0.004595}}
{"target": -13.784830040521475, "params": {"gamma": 944.7662823760037, "log10_alpha": -0.03513564635556232, "log10_colsample_bytree": -0.028585486299723017, "log10_eta": -0.37207592227402353, "log10_lambda": -1.6858375913209196, "log10_min_child_weight": 4.726335944142697, "log10_subsample": -0.6330507795838425, "max_depth": 9.0, "num_boost_round": 14.0}, "datetime": {"datetime": "2024-01-19 01:14:21", "elapsed": 3762.7313, "delta": 0.004557}}
{"target": -13.784566362429532, "params": {"gamma": 944.7662823760037, "log10_alpha": -0.03513564635556232, "log10_colsample_bytree": -0.028585486299723017, "log10_eta": -0.37207592227402353, "log10_lambda": -1.6858375913209196, "log10_min_child_weight": 4.726335944142697, "log10_subsample": -0.6330507795838425, "max_depth": 9.0, "num_boost_round": 15.0}, "datetime": {"datetime": "2024-01-19 01:14:21", "elapsed": 3762.735956, "delta": 0.004656}}
{"target": -13.78344774666016, "params": {"gamma": 944.7662823760037, "log10_alpha": -0.03513564635556232, "log10_colsample_bytree": -0.028585486299723017, "log10_eta": -0.37207592227402353, "log10_lambda": -1.6858375913209196, "log10_min_child_weight": 4.726335944142697, "log10_subsample": -0.6330507795838425, "max_depth": 9.0, "num_boost_round": 16.0}, "datetime": {"datetime": "2024-01-19 01:14:21", "elapsed": 3762.740499, "delta": 0.004543}}
{"target": -13.785171026173133, "params": {"gamma": 944.7662823760037, "log10_alpha": -0.03513564635556232, "log10_colsample_bytree": -0.028585486299723017, "log10_eta": -0.37207592227402353, "log10_lambda": -1.6858375913209196, "log10_min_child_weight": 4.726335944142697, "log10_subsample": -0.6330507795838425, "max_depth": 9.0, "num_boost_round": 17.0}, "datetime": {"datetime": "2024-01-19 01:14:21", "elapsed": 3762.745058, "delta": 0.004559}}
{"target": -13.786231761709002, "params": {"gamma": 944.7662823760037, "log10_alpha": -0.03513564635556232, "log10_colsample_bytree": -0.028585486299723017, "log10_eta": -0.37207592227402353, "log10_lambda": -1.6858375913209196, "log10_min_child_weight": 4.726335944142697, "log10_subsample": -0.6330507795838425, "max_depth": 9.0, "num_boost_round": 18.0}, "datetime": {"datetime": "2024-01-19 01:14:21", "elapsed": 3762.749645, "delta": 0.004587}}
{"target": -13.788844506591467, "params": {"gamma": 944.7662823760037, "log10_alpha": -0.03513564635556232, "log10_colsample_bytree": -0.028585486299723017, "log10_eta": -0.37207592227402353, "log10_lambda": -1.6858375913209196, "log10_min_child_weight": 4.726335944142697, "log10_subsample": -0.6330507795838425, "max_depth": 9.0, "num_boost_round": 19.0}, "datetime": {"datetime": "2024-01-19 01:14:21", "elapsed": 3762.754313, "delta": 0.004668}}
