{"target": -17.677158347618942, "params": {"gamma": 164.92304422917314, "log10_alpha": -3.0889847342304737, "log10_colsample_bytree": -0.1409547855247908, "log10_eta": -3.8370069567570386, "log10_lambda": -4.928371448121203, "log10_min_child_weight": 1.4890050377177872, "log10_subsample": -0.2489564678369829, "max_depth": 2.0, "num_boost_round": 19.0}, "datetime": {"datetime": "2024-01-19 00:28:02", "elapsed": 967.23442, "delta": 0.001464}}
{"target": -17.677153792239135, "params": {"gamma": 164.92304422917314, "log10_alpha": -3.0889847342304737, "log10_colsample_bytree": -0.1409547855247908, "log10_eta": -3.8370069567570386, "log10_lambda": -4.928371448121203, "log10_min_child_weight": 1.4890050377177872, "log10_subsample": -0.2489564678369829, "max_depth": 2.0, "num_boost_round": 20.0}, "datetime": {"datetime": "2024-01-19 00:28:02", "elapsed": 967.235883, "delta": 0.001463}}
{"target": -17.67714938035109, "params": {"gamma": 164.92304422917314, "log10_alpha": -3.0889847342304737, "log10_colsample_bytree": -0.1409547855247908, "log10_eta": -3.8370069567570386, "log10_lambda": -4.928371448121203, "log10_min_child_weight": 1.4890050377177872, "log10_subsample": -0.2489564678369829, "max_depth": 2.0, "num_boost_round": 21.0}, "datetime": {"datetime": "2024-01-19 00:28:02", "elapsed": 967.237332, "delta": 0.001449}}
{"target": -17.677145318518708, "params": {"gamma": 164.92304422917314, "log10_alpha": -3.0889847342304737, "log10_colsample_bytree": -0.1409547855247908, "log10_eta": -3.8370069567570386, "log10_lambda": -4.928371448121203, "log10_min_child_weight": 1.4890050377177872, "log10_subsample": -0.2489564678369829, "max_depth": 2.0, "num_boost_round": 22.0}, "datetime": {"datetime": "2024-01-19 00:28:02", "elapsed": 967.238938, "delta": 0.001606}}
{"target": -17.67714216795341, "params": {"gamma": 164.92304422917314, "log10_alpha": -3.0889847342304737, "log10_colsample_bytree": -0.1409547855247908, "log10_eta": -3.8370069567570386, "log10_lambda": -4.928371448121203, "log10_min_child_weight": 1.4890050377177872, "log10_subsample": -0.2489564678369829, "max_depth": 2.0, "num_boost_round": 23.0}, "datetime": {"datetime": "2024-01-19 00:28:02", "elapsed": 967.240645, "delta": 0.001707}}
{"target": -17.677139269537903, "params": {"gamma": 164.92304422917314, "log10_alpha": -3.0889847342304737, "log10_colsample_bytree": -0.1409547855247908, "log10_eta": -3.8370069567570386, "log10_lambda": -4.928371448121203, "log10_min_child_weight": 1.4890050377177872, "log10_subsample": -0.2489564678369829, "max_depth": 2.0, "num_boost_round": 24.0}, "datetime": {"datetime": "2024-01-19 00:28:02", "elapsed": 967.242222, "delta": 0.001577}}
{"target": -17.677135272282317, "params": {"gamma": 164.92304422917314, "log10_alpha": -3.0889847342304737, "log10_colsample_bytree": -0.1409547855247908, "log10_eta": -3.8370069567570386, "log10_lambda": -4.928371448121203, "log10_min_child_weight": 1.4890050377177872, "log10_subsample": -0.2489564678369829, "max_depth": 2.0, "num_boost_round": 25.0}, "datetime": {"datetime": "2024-01-19 00:28:02", "elapsed": 967.243687, "delta": 0.001465}}
{"target": -17.677131715761195, "params": {"gamma": 164.92304422917314, "log10_alpha": -3.0889847342304737, "log10_colsample_bytree": -0.1409547855247908, "log10_eta": -3.8370069567570386, "log10_lambda": -4.928371448121203, "log10_min_child_weight": 1.4890050377177872, "log10_subsample": -0.2489564678369829, "max_depth": 2.0, "num_boost_round": 26.0}, "datetime": {"datetime": "2024-01-19 00:28:02", "elapsed": 967.245149, "delta": 0.001462}}
{"target": -17.677128278114722, "params": {"gamma": 164.92304422917314, "log10_alpha": -3.0889847342304737, "log10_colsample_bytree": -0.1409547855247908, "log10_eta": -3.8370069567570386, "log10_lambda": -4.928371448121203, "log10_min_child_weight": 1.4890050377177872, "log10_subsample": -0.2489564678369829, "max_depth": 2.0, "num_boost_round": 27.0}, "datetime": {"datetime": "2024-01-19 00:28:02", "elapsed": 967.246616, "delta": 0.001467}}
{"target": -17.67712376105584, "params": {"gamma": 164.92304422917314, "log10_alpha": -3.0889847342304737, "log10_colsample_bytree": -0.1409547855247908, "log10_eta": -3.8370069567570386, "log10_lambda": -4.928371448121203, "log10_min_child_weight": 1.4890050377177872, "log10_subsample": -0.2489564678369829, "max_depth": 2.0, "num_boost_round": 28.0}, "datetime": {"datetime": "2024-01-19 00:28:02", "elapsed": 967.24811, "delta": 0.001494}}
{"target": -17.67712010940022, "params": {"gamma": 164.92304422917314, "log10_alpha": -3.0889847342304737, "log10_colsample_bytree": -0.1409547855247908, "log10_eta": -3.8370069567570386, "log10_lambda": -4.928371448121203, "log10_min_child_weight": 1.4890050377177872, "log10_subsample": -0.2489564678369829, "max_depth": 2.0, "num_boost_round": 29.0}, "datetime": {"datetime": "2024-01-19 00:28:02", "elapsed": 967.249634, "delta": 0.001524}}
{"target": -17.677116443994837, "params": {"gamma": 164.92304422917314, "log10_alpha": -3.0889847342304737, "log10_colsample_bytree": -0.1409547855247908, "log10_eta": -3.8370069567570386, "log10_lambda": -4.928371448121203, "log10_min_child_weight": 1.4890050377177872, "log10_subsample": -0.2489564678369829, "max_depth": 2.0, "num_boost_round": 30.0}, "datetime": {"datetime": "2024-01-19 00:28:02", "elapsed": 967.251145, "delta": 0.001511}}
{"target": -17.677112523182934, "params": {"gamma": 164.92304422917314, "log10_alpha": -3.0889847342304737, "log10_colsample_bytree": -0.1409547855247908, "log10_eta": -3.8370069567570386, "log10_lambda": -4.928371448121203, "log10_min_child_weight": 1.4890050377177872, "log10_subsample": -0.2489564678369829, "max_depth": 2.0, "num_boost_round": 31.0}, "datetime": {"datetime": "2024-01-19 00:28:02", "elapsed": 967.252661, "delta": 0.001516}}
{"target": -17.67710978074925, "params": {"gamma": 164.92304422917314, "log10_alpha": -3.0889847342304737, "log10_colsample_bytree": -0.1409547855247908, "log10_eta": -3.8370069567570386, "log10_lambda": -4.928371448121203, "log10_min_child_weight": 1.4890050377177872, "log10_subsample": -0.2489564678369829, "max_depth": 2.0, "num_boost_round": 32.0}, "datetime": {"datetime": "2024-01-19 00:28:02", "elapsed": 967.254182, "delta": 0.001521}}
{"target": -17.677105844741753, "params": {"gamma": 164.92304422917314, "log10_alpha": -3.0889847342304737, "log10_colsample_bytree": -0.1409547855247908, "log10_eta": -3.8370069567570386, "log10_lambda": -4.928371448121203, "log10_min_child_weight": 1.4890050377177872, "log10_subsample": -0.2489564678369829, "max_depth": 2.0, "num_boost_round": 33.0}, "datetime": {"datetime": "2024-01-19 00:28:02", "elapsed": 967.255724, "delta": 0.001542}}
{"target": -17.677219113050782, "params": {"gamma": 152.5329827434384, "log10_alpha": -3.7159199698010763, "log10_colsample_bytree": -0.5330899013676991, "log10_eta": -3.7095609677377936, "log10_lambda": 0.19659745697517472, "log10_min_child_weight": 0.837179535414963, "log10_subsample": -0.30116040087450646, "max_depth": 4.0, "num_boost_round": 0.0}, "datetime": {"datetime": "2024-01-19 00:28:30", "elapsed": 994.818943, "delta": 27.563219}}
{"target": -17.677215301524633, "params": {"gamma": 152.5329827434384, "log10_alpha": -3.7159199698010763, "log10_colsample_bytree": -0.5330899013676991, "log10_eta": -3.7095609677377936, "log10_lambda": 0.19659745697517472, "log10_min_child_weight": 0.837179535414963, "log10_subsample": -0.30116040087450646, "max_depth": 4.0, "num_boost_round": 1.0}, "datetime": {"datetime": "2024-01-19 00:28:30", "elapsed": 994.821226, "delta": 0.002283}}
{"target": -17.67720428639536, "params": {"gamma": 152.5329827434384, "log10_alpha": -3.7159199698010763, "log10_colsample_bytree": -0.5330899013676991, "log10_eta": -3.7095609677377936, "log10_lambda": 0.19659745697517472, "log10_min_child_weight": 0.837179535414963, "log10_subsample": -0.30116040087450646, "max_depth": 4.0, "num_boost_round": 2.0}, "datetime": {"datetime": "2024-01-19 00:28:30", "elapsed": 994.823296, "delta": 0.00207}}
{"target": -17.677195282960014, "params": {"gamma": 152.5329827434384, "log10_alpha": -3.7159199698010763, "log10_colsample_bytree": -0.5330899013676991, "log10_eta": -3.7095609677377936, "log10_lambda": 0.19659745697517472, "log10_min_child_weight": 0.837179535414963, "log10_subsample": -0.30116040087450646, "max_depth": 4.0, "num_boost_round": 3.0}, "datetime": {"datetime": "2024-01-19 00:28:30", "elapsed": 994.8249, "delta": 0.001604}}
{"target": -17.677185361081825, "params": {"gamma": 152.5329827434384, "log10_alpha": -3.7159199698010763, "log10_colsample_bytree": -0.5330899013676991, "log10_eta": -3.7095609677377936, "log10_lambda": 0.19659745697517472, "log10_min_child_weight": 0.837179535414963, "log10_subsample": -0.30116040087450646, "max_depth": 4.0, "num_boost_round": 4.0}, "datetime": {"datetime": "2024-01-19 00:28:30", "elapsed": 994.826492, "delta": 0.001592}}
{"target": -17.677179859676514, "params": {"gamma": 152.5329827434384, "log10_alpha": -3.7159199698010763, "log10_colsample_bytree": -0.5330899013676991, "log10_eta": -3.7095609677377936, "log10_lambda": 0.19659745697517472, "log10_min_child_weight": 0.837179535414963, "log10_subsample": -0.30116040087450646, "max_depth": 4.0, "num_boost_round": 5.0}, "datetime": {"datetime": "2024-01-19 00:28:30", "elapsed": 994.82806, "delta": 0.001568}}
{"target": -17.677174854796352, "params": {"gamma": 152.5329827434384, "log10_alpha": -3.7159199698010763, "log10_colsample_bytree": -0.5330899013676991, "log10_eta": -3.7095609677377936, "log10_lambda": 0.19659745697517472, "log10_min_child_weight": 0.837179535414963, "log10_subsample": -0.30116040087450646, "max_depth": 4.0, "num_boost_round": 6.0}, "datetime": {"datetime": "2024-01-19 00:28:30", "elapsed": 994.829542, "delta": 0.001482}}
{"target": -17.67716883806304, "params": {"gamma": 152.5329827434384, "log10_alpha": -3.7159199698010763, "log10_colsample_bytree": -0.5330899013676991, "log10_eta": -3.7095609677377936, "log10_lambda": 0.19659745697517472, "log10_min_child_weight": 0.837179535414963, "log10_subsample": -0.30116040087450646, "max_depth": 4.0, "num_boost_round": 7.0}, "datetime": {"datetime": "2024-01-19 00:28:30", "elapsed": 994.83103, "delta": 0.001488}}
{"target": -17.6771640663254, "params": {"gamma": 152.5329827434384, "log10_alpha": -3.7159199698010763, "log10_colsample_bytree": -0.5330899013676991, "log10_eta": -3.7095609677377936, "log10_lambda": 0.19659745697517472, "log10_min_child_weight": 0.837179535414963, "log10_subsample": -0.30116040087450646, "max_depth": 4.0, "num_boost_round": 8.0}, "datetime": {"datetime": "2024-01-19 00:28:30", "elapsed": 994.832534, "delta": 0.001504}}
{"target": -17.677156943962157, "params": {"gamma": 152.5329827434384, "log10_alpha": -3.7159199698010763, "log10_colsample_bytree": -0.5330899013676991, "log10_eta": -3.7095609677377936, "log10_lambda": 0.19659745697517472, "log10_min_child_weight": 0.837179535414963, "log10_subsample": -0.30116040087450646, "max_depth": 4.0, "num_boost_round": 9.0}, "datetime": {"datetime": "2024-01-19 00:28:30", "elapsed": 994.834001, "delta": 0.001467}}
{"target": -17.677145561012516, "params": {"gamma": 152.5329827434384, "log10_alpha": -3.7159199698010763, "log10_colsample_bytree": -0.5330899013676991, "log10_eta": -3.7095609677377936, "log10_lambda": 0.19659745697517472, "log10_min_child_weight": 0.837179535414963, "log10_subsample": -0.30116040087450646, "max_depth": 4.0, "num_boost_round": 10.0}, "datetime": {"datetime": "2024-01-19 00:28:30", "elapsed": 994.835478, "delta": 0.001477}}
{"target": -17.67714214922517, "params": {"gamma": 152.5329827434384, "log10_alpha": -3.7159199698010763, "log10_colsample_bytree": -0.5330899013676991, "log10_eta": -3.7095609677377936, "log10_lambda": 0.19659745697517472, "log10_min_child_weight": 0.837179535414963, "log10_subsample": -0.30116040087450646, "max_depth": 4.0, "num_boost_round": 11.0}, "datetime": {"datetime": "2024-01-19 00:28:30", "elapsed": 994.836954, "delta": 0.001476}}
{"target": -17.677131747148078, "params": {"gamma": 152.5329827434384, "log10_alpha": -3.7159199698010763, "log10_colsample_bytree": -0.5330899013676991, "log10_eta": -3.7095609677377936, "log10_lambda": 0.19659745697517472, "log10_min_child_weight": 0.837179535414963, "log10_subsample": -0.30116040087450646, "max_depth": 4.0, "num_boost_round": 12.0}, "datetime": {"datetime": "2024-01-19 00:28:30", "elapsed": 994.838581, "delta": 0.001627}}
{"target": -17.677121468284472, "params": {"gamma": 152.5329827434384, "log10_alpha": -3.7159199698010763, "log10_colsample_bytree": -0.5330899013676991, "log10_eta": -3.7095609677377936, "log10_lambda": 0.19659745697517472, "log10_min_child_weight": 0.837179535414963, "log10_subsample": -0.30116040087450646, "max_depth": 4.0, "num_boost_round": 13.0}, "datetime": {"datetime": "2024-01-19 00:28:30", "elapsed": 994.840223, "delta": 0.001642}}
{"target": -17.67712400408026, "params": {"gamma": 152.5329827434384, "log10_alpha": -3.7159199698010763, "log10_colsample_bytree": -0.5330899013676991, "log10_eta": -3.7095609677377936, "log10_lambda": 0.19659745697517472, "log10_min_child_weight": 0.837179535414963, "log10_subsample": -0.30116040087450646, "max_depth": 4.0, "num_boost_round": 14.0}, "datetime": {"datetime": "2024-01-19 00:28:30", "elapsed": 994.841741, "delta": 0.001518}}
{"target": -17.677110419940767, "params": {"gamma": 152.5329827434384, "log10_alpha": -3.7159199698010763, "log10_colsample_bytree": -0.5330899013676991, "log10_eta": -3.7095609677377936, "log10_lambda": 0.19659745697517472, "log10_min_child_weight": 0.837179535414963, "log10_subsample": -0.30116040087450646, "max_depth": 4.0, "num_boost_round": 15.0}, "datetime": {"datetime": "2024-01-19 00:28:30", "elapsed": 994.843241, "delta": 0.0015}}
{"target": -17.677100402966897, "params": {"gamma": 152.5329827434384, "log10_alpha": -3.7159199698010763, "log10_colsample_bytree": -0.5330899013676991, "log10_eta": -3.7095609677377936, "log10_lambda": 0.19659745697517472, "log10_min_child_weight": 0.837179535414963, "log10_subsample": -0.30116040087450646, "max_depth": 4.0, "num_boost_round": 16.0}, "datetime": {"datetime": "2024-01-19 00:28:30", "elapsed": 994.844732, "delta": 0.001491}}
{"target": -17.67709605972281, "params": {"gamma": 152.5329827434384, "log10_alpha": -3.7159199698010763, "log10_colsample_bytree": -0.5330899013676991, "log10_eta": -3.7095609677377936, "log10_lambda": 0.19659745697517472, "log10_min_child_weight": 0.837179535414963, "log10_subsample": -0.30116040087450646, "max_depth": 4.0, "num_boost_round": 17.0}, "datetime": {"datetime": "2024-01-19 00:28:30", "elapsed": 994.846225, "delta": 0.001493}}
{"target": -17.67709117650947, "params": {"gamma": 152.5329827434384, "log10_alpha": -3.7159199698010763, "log10_colsample_bytree": -0.5330899013676991, "log10_eta": -3.7095609677377936, "log10_lambda": 0.19659745697517472, "log10_min_child_weight": 0.837179535414963, "log10_subsample": -0.30116040087450646, "max_depth": 4.0, "num_boost_round": 18.0}, "datetime": {"datetime": "2024-01-19 00:28:30", "elapsed": 994.847819, "delta": 0.001594}}
{"target": -17.677086822290992, "params": {"gamma": 152.5329827434384, "log10_alpha": -3.7159199698010763, "log10_colsample_bytree": -0.5330899013676991, "log10_eta": -3.7095609677377936, "log10_lambda": 0.19659745697517472, "log10_min_child_weight": 0.837179535414963, "log10_subsample": -0.30116040087450646, "max_depth": 4.0, "num_boost_round": 19.0}, "datetime": {"datetime": "2024-01-19 00:28:30", "elapsed": 994.849296, "delta": 0.001477}}
{"target": -17.67708250273691, "params": {"gamma": 152.5329827434384, "log10_alpha": -3.7159199698010763, "log10_colsample_bytree": -0.5330899013676991, "log10_eta": -3.7095609677377936, "log10_lambda": 0.19659745697517472, "log10_min_child_weight": 0.837179535414963, "log10_subsample": -0.30116040087450646, "max_depth": 4.0, "num_boost_round": 20.0}, "datetime": {"datetime": "2024-01-19 00:28:30", "elapsed": 994.850798, "delta": 0.001502}}
{"target": -17.677074211899015, "params": {"gamma": 152.5329827434384, "log10_alpha": -3.7159199698010763, "log10_colsample_bytree": -0.5330899013676991, "log10_eta": -3.7095609677377936, "log10_lambda": 0.19659745697517472, "log10_min_child_weight": 0.837179535414963, "log10_subsample": -0.30116040087450646, "max_depth": 4.0, "num_boost_round": 21.0}, "datetime": {"datetime": "2024-01-19 00:28:30", "elapsed": 994.8523, "delta": 0.001502}}
{"target": -17.677060845766125, "params": {"gamma": 152.5329827434384, "log10_alpha": -3.7159199698010763, "log10_colsample_bytree": -0.5330899013676991, "log10_eta": -3.7095609677377936, "log10_lambda": 0.19659745697517472, "log10_min_child_weight": 0.837179535414963, "log10_subsample": -0.30116040087450646, "max_depth": 4.0, "num_boost_round": 22.0}, "datetime": {"datetime": "2024-01-19 00:28:30", "elapsed": 994.853838, "delta": 0.001538}}
{"target": -17.677169573957393, "params": {"gamma": 158.63218965263292, "log10_alpha": -0.40899745343463856, "log10_colsample_bytree": -0.17367342740408898, "log10_eta": -2.660213271860916, "log10_lambda": -4.720398706056338, "log10_min_child_weight": 0.05991151272974227, "log10_subsample": -0.361862653860762, "max_depth": 2.0, "num_boost_round": 0.0}, "datetime": {"datetime": "2024-01-19 00:29:01", "elapsed": 1025.778165, "delta": 30.924327}}
{"target": -17.677109706940502, "params": {"gamma": 158.63218965263292, "log10_alpha": -0.40899745343463856, "log10_colsample_bytree": -0.17367342740408898, "log10_eta": -2.660213271860916, "log10_lambda": -4.720398706056338, "log10_min_child_weight": 0.05991151272974227, "log10_subsample": -0.361862653860762, "max_depth": 2.0, "num_boost_round": 1.0}, "datetime": {"datetime": "2024-01-19 00:29:01", "elapsed": 1025.780851, "delta": 0.002686}}
{"target": -17.677048985485598, "params": {"gamma": 158.63218965263292, "log10_alpha": -0.40899745343463856, "log10_colsample_bytree": -0.17367342740408898, "log10_eta": -2.660213271860916, "log10_lambda": -4.720398706056338, "log10_min_child_weight": 0.05991151272974227, "log10_subsample": -0.361862653860762, "max_depth": 2.0, "num_boost_round": 2.0}, "datetime": {"datetime": "2024-01-19 00:29:01", "elapsed": 1025.782644, "delta": 0.001793}}
{"target": -17.677014147072118, "params": {"gamma": 158.63218965263292, "log10_alpha": -0.40899745343463856, "log10_colsample_bytree": -0.17367342740408898, "log10_eta": -2.660213271860916, "log10_lambda": -4.720398706056338, "log10_min_child_weight": 0.05991151272974227, "log10_subsample": -0.361862653860762, "max_depth": 2.0, "num_boost_round": 3.0}, "datetime": {"datetime": "2024-01-19 00:29:01", "elapsed": 1025.784227, "delta": 0.001583}}
{"target": -17.676972387521445, "params": {"gamma": 158.63218965263292, "log10_alpha": -0.40899745343463856, "log10_colsample_bytree": -0.17367342740408898, "log10_eta": -2.660213271860916, "log10_lambda": -4.720398706056338, "log10_min_child_weight": 0.05991151272974227, "log10_subsample": -0.361862653860762, "max_depth": 2.0, "num_boost_round": 4.0}, "datetime": {"datetime": "2024-01-19 00:29:01", "elapsed": 1025.785762, "delta": 0.001535}}
{"target": -17.676916558798624, "params": {"gamma": 158.63218965263292, "log10_alpha": -0.40899745343463856, "log10_colsample_bytree": -0.17367342740408898, "log10_eta": -2.660213271860916, "log10_lambda": -4.720398706056338, "log10_min_child_weight": 0.05991151272974227, "log10_subsample": -0.361862653860762, "max_depth": 2.0, "num_boost_round": 5.0}, "datetime": {"datetime": "2024-01-19 00:29:01", "elapsed": 1025.787543, "delta": 0.001781}}
{"target": -17.676862597718767, "params": {"gamma": 158.63218965263292, "log10_alpha": -0.40899745343463856, "log10_colsample_bytree": -0.17367342740408898, "log10_eta": -2.660213271860916, "log10_lambda": -4.720398706056338, "log10_min_child_weight": 0.05991151272974227, "log10_subsample": -0.361862653860762, "max_depth": 2.0, "num_boost_round": 6.0}, "datetime": {"datetime": "2024-01-19 00:29:01", "elapsed": 1025.789326, "delta": 0.001783}}
{"target": -17.676807487717667, "params": {"gamma": 158.63218965263292, "log10_alpha": -0.40899745343463856, "log10_colsample_bytree": -0.17367342740408898, "log10_eta": -2.660213271860916, "log10_lambda": -4.720398706056338, "log10_min_child_weight": 0.05991151272974227, "log10_subsample": -0.361862653860762, "max_depth": 2.0, "num_boost_round": 7.0}, "datetime": {"datetime": "2024-01-19 00:29:01", "elapsed": 1025.791063, "delta": 0.001737}}
{"target": -17.6767519138379, "params": {"gamma": 158.63218965263292, "log10_alpha": -0.40899745343463856, "log10_colsample_bytree": -0.17367342740408898, "log10_eta": -2.660213271860916, "log10_lambda": -4.720398706056338, "log10_min_child_weight": 0.05991151272974227, "log10_subsample": -0.361862653860762, "max_depth": 2.0, "num_boost_round": 8.0}, "datetime": {"datetime": "2024-01-19 00:29:01", "elapsed": 1025.792616, "delta": 0.001553}}
{"target": -17.67670129223204, "params": {"gamma": 158.63218965263292, "log10_alpha": -0.40899745343463856, "log10_colsample_bytree": -0.17367342740408898, "log10_eta": -2.660213271860916, "log10_lambda": -4.720398706056338, "log10_min_child_weight": 0.05991151272974227, "log10_subsample": -0.361862653860762, "max_depth": 2.0, "num_boost_round": 9.0}, "datetime": {"datetime": "2024-01-19 00:29:01", "elapsed": 1025.794134, "delta": 0.001518}}
{"target": -17.676654172471128, "params": {"gamma": 158.63218965263292, "log10_alpha": -0.40899745343463856, "log10_colsample_bytree": -0.17367342740408898, "log10_eta": -2.660213271860916, "log10_lambda": -4.720398706056338, "log10_min_child_weight": 0.05991151272974227, "log10_subsample": -0.361862653860762, "max_depth": 2.0, "num_boost_round": 10.0}, "datetime": {"datetime": "2024-01-19 00:29:01", "elapsed": 1025.795655, "delta": 0.001521}}
