{"target": -13.758534990686597, "params": {"gamma": 843.022857212788, "log10_alpha": -4.689206032559812, "log10_colsample_bytree": -0.288388880331062, "log10_eta": -3.1897494848108856, "log10_lambda": -1.9117105647135562, "log10_min_child_weight": 4.9312090829146324, "log10_subsample": -0.3646389918718337, "max_depth": 5.0, "num_boost_round": 1.0}, "datetime": {"datetime": "2024-01-19 01:08:31", "elapsed": 3431.404205, "delta": 0.003955}}
{"target": -13.758533946204214, "params": {"gamma": 843.022857212788, "log10_alpha": -4.689206032559812, "log10_colsample_bytree": -0.288388880331062, "log10_eta": -3.1897494848108856, "log10_lambda": -1.9117105647135562, "log10_min_child_weight": 4.9312090829146324, "log10_subsample": -0.3646389918718337, "max_depth": 5.0, "num_boost_round": 2.0}, "datetime": {"datetime": "2024-01-19 01:08:31", "elapsed": 3431.407461, "delta": 0.003256}}
{"target": -13.758533325455135, "params": {"gamma": 843.022857212788, "log10_alpha": -4.689206032559812, "log10_colsample_bytree": -0.288388880331062, "log10_eta": -3.1897494848108856, "log10_lambda": -1.9117105647135562, "log10_min_child_weight": 4.9312090829146324, "log10_subsample": -0.3646389918718337, "max_depth": 5.0, "num_boost_round": 3.0}, "datetime": {"datetime": "2024-01-19 01:08:31", "elapsed": 3431.41059, "delta": 0.003129}}
{"target": -13.758529987424472, "params": {"gamma": 843.022857212788, "log10_alpha": -4.689206032559812, "log10_colsample_bytree": -0.288388880331062, "log10_eta": -3.1897494848108856, "log10_lambda": -1.9117105647135562, "log10_min_child_weight": 4.9312090829146324, "log10_subsample": -0.3646389918718337, "max_depth": 5.0, "num_boost_round": 4.0}, "datetime": {"datetime": "2024-01-19 01:08:31", "elapsed": 3431.524486, "delta": 0.113896}}
{"target": -13.758527907801662, "params": {"gamma": 843.022857212788, "log10_alpha": -4.689206032559812, "log10_colsample_bytree": -0.288388880331062, "log10_eta": -3.1897494848108856, "log10_lambda": -1.9117105647135562, "log10_min_child_weight": 4.9312090829146324, "log10_subsample": -0.3646389918718337, "max_depth": 5.0, "num_boost_round": 5.0}, "datetime": {"datetime": "2024-01-19 01:08:31", "elapsed": 3431.528424, "delta": 0.003938}}
{"target": -13.758525424924063, "params": {"gamma": 843.022857212788, "log10_alpha": -4.689206032559812, "log10_colsample_bytree": -0.288388880331062, "log10_eta": -3.1897494848108856, "log10_lambda": -1.9117105647135562, "log10_min_child_weight": 4.9312090829146324, "log10_subsample": -0.3646389918718337, "max_depth": 5.0, "num_boost_round": 6.0}, "datetime": {"datetime": "2024-01-19 01:08:31", "elapsed": 3431.53199, "delta": 0.003566}}
{"target": -13.758524485693199, "params": {"gamma": 843.022857212788, "log10_alpha": -4.689206032559812, "log10_colsample_bytree": -0.288388880331062, "log10_eta": -3.1897494848108856, "log10_lambda": -1.9117105647135562, "log10_min_child_weight": 4.9312090829146324, "log10_subsample": -0.3646389918718337, "max_depth": 5.0, "num_boost_round": 7.0}, "datetime": {"datetime": "2024-01-19 01:08:31", "elapsed": 3431.535215, "delta": 0.003225}}
{"target": -13.758523286953135, "params": {"gamma": 843.022857212788, "log10_alpha": -4.689206032559812, "log10_colsample_bytree": -0.288388880331062, "log10_eta": -3.1897494848108856, "log10_lambda": -1.9117105647135562, "log10_min_child_weight": 4.9312090829146324, "log10_subsample": -0.3646389918718337, "max_depth": 5.0, "num_boost_round": 8.0}, "datetime": {"datetime": "2024-01-19 01:08:31", "elapsed": 3431.538535, "delta": 0.00332}}
{"target": -13.75852376080087, "params": {"gamma": 843.022857212788, "log10_alpha": -4.689206032559812, "log10_colsample_bytree": -0.288388880331062, "log10_eta": -3.1897494848108856, "log10_lambda": -1.9117105647135562, "log10_min_child_weight": 4.9312090829146324, "log10_subsample": -0.3646389918718337, "max_depth": 5.0, "num_boost_round": 9.0}, "datetime": {"datetime": "2024-01-19 01:08:31", "elapsed": 3431.541826, "delta": 0.003291}}
{"target": -13.758522698347878, "params": {"gamma": 843.022857212788, "log10_alpha": -4.689206032559812, "log10_colsample_bytree": -0.288388880331062, "log10_eta": -3.1897494848108856, "log10_lambda": -1.9117105647135562, "log10_min_child_weight": 4.9312090829146324, "log10_subsample": -0.3646389918718337, "max_depth": 5.0, "num_boost_round": 10.0}, "datetime": {"datetime": "2024-01-19 01:08:31", "elapsed": 3431.545039, "delta": 0.003213}}
{"target": -13.75852327050756, "params": {"gamma": 843.022857212788, "log10_alpha": -4.689206032559812, "log10_colsample_bytree": -0.288388880331062, "log10_eta": -3.1897494848108856, "log10_lambda": -1.9117105647135562, "log10_min_child_weight": 4.9312090829146324, "log10_subsample": -0.3646389918718337, "max_depth": 5.0, "num_boost_round": 11.0}, "datetime": {"datetime": "2024-01-19 01:08:31", "elapsed": 3431.548227, "delta": 0.003188}}
{"target": -13.75852214866821, "params": {"gamma": 843.022857212788, "log10_alpha": -4.689206032559812, "log10_colsample_bytree": -0.288388880331062, "log10_eta": -3.1897494848108856, "log10_lambda": -1.9117105647135562, "log10_min_child_weight": 4.9312090829146324, "log10_subsample": -0.3646389918718337, "max_depth": 5.0, "num_boost_round": 12.0}, "datetime": {"datetime": "2024-01-19 01:08:31", "elapsed": 3431.551456, "delta": 0.003229}}
{"target": -13.758520364765769, "params": {"gamma": 843.022857212788, "log10_alpha": -4.689206032559812, "log10_colsample_bytree": -0.288388880331062, "log10_eta": -3.1897494848108856, "log10_lambda": -1.9117105647135562, "log10_min_child_weight": 4.9312090829146324, "log10_subsample": -0.3646389918718337, "max_depth": 5.0, "num_boost_round": 13.0}, "datetime": {"datetime": "2024-01-19 01:08:31", "elapsed": 3431.554822, "delta": 0.003366}}
{"target": -13.758518010632464, "params": {"gamma": 843.022857212788, "log10_alpha": -4.689206032559812, "log10_colsample_bytree": -0.288388880331062, "log10_eta": -3.1897494848108856, "log10_lambda": -1.9117105647135562, "log10_min_child_weight": 4.9312090829146324, "log10_subsample": -0.3646389918718337, "max_depth": 5.0, "num_boost_round": 14.0}, "datetime": {"datetime": "2024-01-19 01:08:31", "elapsed": 3431.558152, "delta": 0.00333}}
{"target": -13.758515028612061, "params": {"gamma": 843.022857212788, "log10_alpha": -4.689206032559812, "log10_colsample_bytree": -0.288388880331062, "log10_eta": -3.1897494848108856, "log10_lambda": -1.9117105647135562, "log10_min_child_weight": 4.9312090829146324, "log10_subsample": -0.3646389918718337, "max_depth": 5.0, "num_boost_round": 15.0}, "datetime": {"datetime": "2024-01-19 01:08:31", "elapsed": 3431.561423, "delta": 0.003271}}
{"target": -13.758510495241467, "params": {"gamma": 843.022857212788, "log10_alpha": -4.689206032559812, "log10_colsample_bytree": -0.288388880331062, "log10_eta": -3.1897494848108856, "log10_lambda": -1.9117105647135562, "log10_min_child_weight": 4.9312090829146324, "log10_subsample": -0.3646389918718337, "max_depth": 5.0, "num_boost_round": 16.0}, "datetime": {"datetime": "2024-01-19 01:08:31", "elapsed": 3431.564667, "delta": 0.003244}}
{"target": -13.758508882644424, "params": {"gamma": 843.022857212788, "log10_alpha": -4.689206032559812, "log10_colsample_bytree": -0.288388880331062, "log10_eta": -3.1897494848108856, "log10_lambda": -1.9117105647135562, "log10_min_child_weight": 4.9312090829146324, "log10_subsample": -0.3646389918718337, "max_depth": 5.0, "num_boost_round": 17.0}, "datetime": {"datetime": "2024-01-19 01:08:31", "elapsed": 3431.567865, "delta": 0.003198}}
{"target": -13.758508783348281, "params": {"gamma": 843.022857212788, "log10_alpha": -4.689206032559812, "log10_colsample_bytree": -0.288388880331062, "log10_eta": -3.1897494848108856, "log10_lambda": -1.9117105647135562, "log10_min_child_weight": 4.9312090829146324, "log10_subsample": -0.3646389918718337, "max_depth": 5.0, "num_boost_round": 18.0}, "datetime": {"datetime": "2024-01-19 01:08:31", "elapsed": 3431.571086, "delta": 0.003221}}
{"target": -13.758505925334738, "params": {"gamma": 843.022857212788, "log10_alpha": -4.689206032559812, "log10_colsample_bytree": -0.288388880331062, "log10_eta": -3.1897494848108856, "log10_lambda": -1.9117105647135562, "log10_min_child_weight": 4.9312090829146324, "log10_subsample": -0.3646389918718337, "max_depth": 5.0, "num_boost_round": 19.0}, "datetime": {"datetime": "2024-01-19 01:08:31", "elapsed": 3431.574448, "delta": 0.003362}}
{"target": -13.758502778384772, "params": {"gamma": 843.022857212788, "log10_alpha": -4.689206032559812, "log10_colsample_bytree": -0.288388880331062, "log10_eta": -3.1897494848108856, "log10_lambda": -1.9117105647135562, "log10_min_child_weight": 4.9312090829146324, "log10_subsample": -0.3646389918718337, "max_depth": 5.0, "num_boost_round": 20.0}, "datetime": {"datetime": "2024-01-19 01:08:31", "elapsed": 3431.577866, "delta": 0.003418}}
{"target": -13.758501534511918, "params": {"gamma": 843.022857212788, "log10_alpha": -4.689206032559812, "log10_colsample_bytree": -0.288388880331062, "log10_eta": -3.1897494848108856, "log10_lambda": -1.9117105647135562, "log10_min_child_weight": 4.9312090829146324, "log10_subsample": -0.3646389918718337, "max_depth": 5.0, "num_boost_round": 21.0}, "datetime": {"datetime": "2024-01-19 01:08:31", "elapsed": 3431.581421, "delta": 0.003555}}
{"target": -13.758498531979164, "params": {"gamma": 843.022857212788, "log10_alpha": -4.689206032559812, "log10_colsample_bytree": -0.288388880331062, "log10_eta": -3.1897494848108856, "log10_lambda": -1.9117105647135562, "log10_min_child_weight": 4.9312090829146324, "log10_subsample": -0.3646389918718337, "max_depth": 5.0, "num_boost_round": 22.0}, "datetime": {"datetime": "2024-01-19 01:08:31", "elapsed": 3431.584753, "delta": 0.003332}}
{"target": -13.758496870965063, "params": {"gamma": 843.022857212788, "log10_alpha": -4.689206032559812, "log10_colsample_bytree": -0.288388880331062, "log10_eta": -3.1897494848108856, "log10_lambda": -1.9117105647135562, "log10_min_child_weight": 4.9312090829146324, "log10_subsample": -0.3646389918718337, "max_depth": 5.0, "num_boost_round": 23.0}, "datetime": {"datetime": "2024-01-19 01:08:31", "elapsed": 3431.588138, "delta": 0.003385}}
{"target": -13.758494785153797, "params": {"gamma": 843.022857212788, "log10_alpha": -4.689206032559812, "log10_colsample_bytree": -0.288388880331062, "log10_eta": -3.1897494848108856, "log10_lambda": -1.9117105647135562, "log10_min_child_weight": 4.9312090829146324, "log10_subsample": -0.3646389918718337, "max_depth": 5.0, "num_boost_round": 24.0}, "datetime": {"datetime": "2024-01-19 01:08:31", "elapsed": 3431.591472, "delta": 0.003334}}
{"target": -13.758538469229958, "params": {"gamma": 845.5430191433786, "log10_alpha": -3.1832605190685905, "log10_colsample_bytree": -0.34026500249421887, "log10_eta": -3.893992870637179, "log10_lambda": 0.962079220396566, "log10_min_child_weight": 0.7335143053918369, "log10_subsample": -0.635195709796745, "max_depth": 5.0, "num_boost_round": 0.0}, "datetime": {"datetime": "2024-01-19 01:09:15", "elapsed": 3475.292599, "delta": 43.701127}}
{"target": -13.758536932098611, "params": {"gamma": 845.5430191433786, "log10_alpha": -3.1832605190685905, "log10_colsample_bytree": -0.34026500249421887, "log10_eta": -3.893992870637179, "log10_lambda": 0.962079220396566, "log10_min_child_weight": 0.7335143053918369, "log10_subsample": -0.635195709796745, "max_depth": 5.0, "num_boost_round": 1.0}, "datetime": {"datetime": "2024-01-19 01:09:15", "elapsed": 3475.296834, "delta": 0.004235}}
{"target": -13.758535276249631, "params": {"gamma": 845.5430191433786, "log10_alpha": -3.1832605190685905, "log10_colsample_bytree": -0.34026500249421887, "log10_eta": -3.893992870637179, "log10_lambda": 0.962079220396566, "log10_min_child_weight": 0.7335143053918369, "log10_subsample": -0.635195709796745, "max_depth": 5.0, "num_boost_round": 2.0}, "datetime": {"datetime": "2024-01-19 01:09:15", "elapsed": 3475.300372, "delta": 0.003538}}
{"target": -13.75853474596262, "params": {"gamma": 845.5430191433786, "log10_alpha": -3.1832605190685905, "log10_colsample_bytree": -0.34026500249421887, "log10_eta": -3.893992870637179, "log10_lambda": 0.962079220396566, "log10_min_child_weight": 0.7335143053918369, "log10_subsample": -0.635195709796745, "max_depth": 5.0, "num_boost_round": 3.0}, "datetime": {"datetime": "2024-01-19 01:09:15", "elapsed": 3475.303672, "delta": 0.0033}}
{"target": -13.758529893143894, "params": {"gamma": 845.5430191433786, "log10_alpha": -3.1832605190685905, "log10_colsample_bytree": -0.34026500249421887, "log10_eta": -3.893992870637179, "log10_lambda": 0.962079220396566, "log10_min_child_weight": 0.7335143053918369, "log10_subsample": -0.635195709796745, "max_depth": 5.0, "num_boost_round": 4.0}, "datetime": {"datetime": "2024-01-19 01:09:15", "elapsed": 3475.30696, "delta": 0.003288}}
{"target": -13.758529632604182, "params": {"gamma": 845.5430191433786, "log10_alpha": -3.1832605190685905, "log10_colsample_bytree": -0.34026500249421887, "log10_eta": -3.893992870637179, "log10_lambda": 0.962079220396566, "log10_min_child_weight": 0.7335143053918369, "log10_subsample": -0.635195709796745, "max_depth": 5.0, "num_boost_round": 5.0}, "datetime": {"datetime": "2024-01-19 01:09:15", "elapsed": 3475.31021, "delta": 0.00325}}
{"target": -13.758526713189864, "params": {"gamma": 845.5430191433786, "log10_alpha": -3.1832605190685905, "log10_colsample_bytree": -0.34026500249421887, "log10_eta": -3.893992870637179, "log10_lambda": 0.962079220396566, "log10_min_child_weight": 0.7335143053918369, "log10_subsample": -0.635195709796745, "max_depth": 5.0, "num_boost_round": 6.0}, "datetime": {"datetime": "2024-01-19 01:09:15", "elapsed": 3475.313484, "delta": 0.003274}}
{"target": -13.758522574292666, "params": {"gamma": 845.5430191433786, "log10_alpha": -3.1832605190685905, "log10_colsample_bytree": -0.34026500249421887, "log10_eta": -3.893992870637179, "log10_lambda": 0.962079220396566, "log10_min_child_weight": 0.7335143053918369, "log10_subsample": -0.635195709796745, "max_depth": 5.0, "num_boost_round": 7.0}, "datetime": {"datetime": "2024-01-19 01:09:15", "elapsed": 3475.316928, "delta": 0.003444}}
{"target": -13.758518282467966, "params": {"gamma": 845.5430191433786, "log10_alpha": -3.1832605190685905, "log10_colsample_bytree": -0.34026500249421887, "log10_eta": -3.893992870637179, "log10_lambda": 0.962079220396566, "log10_min_child_weight": 0.7335143053918369, "log10_subsample": -0.635195709796745, "max_depth": 5.0, "num_boost_round": 8.0}, "datetime": {"datetime": "2024-01-19 01:09:15", "elapsed": 3475.320427, "delta": 0.003499}}
{"target": -13.758515707643037, "params": {"gamma": 845.5430191433786, "log10_alpha": -3.1832605190685905, "log10_colsample_bytree": -0.34026500249421887, "log10_eta": -3.893992870637179, "log10_lambda": 0.962079220396566, "log10_min_child_weight": 0.7335143053918369, "log10_subsample": -0.635195709796745, "max_depth": 5.0, "num_boost_round": 9.0}, "datetime": {"datetime": "2024-01-19 01:09:15", "elapsed": 3475.32451, "delta": 0.004083}}
{"target": -13.758509640982659, "params": {"gamma": 845.5430191433786, "log10_alpha": -3.1832605190685905, "log10_colsample_bytree": -0.34026500249421887, "log10_eta": -3.893992870637179, "log10_lambda": 0.962079220396566, "log10_min_child_weight": 0.7335143053918369, "log10_subsample": -0.635195709796745, "max_depth": 5.0, "num_boost_round": 10.0}, "datetime": {"datetime": "2024-01-19 01:09:15", "elapsed": 3475.328346, "delta": 0.003836}}
{"target": -13.758504059363267, "params": {"gamma": 845.5430191433786, "log10_alpha": -3.1832605190685905, "log10_colsample_bytree": -0.34026500249421887, "log10_eta": -3.893992870637179, "log10_lambda": 0.962079220396566, "log10_min_child_weight": 0.7335143053918369, "log10_subsample": -0.635195709796745, "max_depth": 5.0, "num_boost_round": 11.0}, "datetime": {"datetime": "2024-01-19 01:09:15", "elapsed": 3475.331905, "delta": 0.003559}}
{"target": -13.75850032013531, "params": {"gamma": 845.5430191433786, "log10_alpha": -3.1832605190685905, "log10_colsample_bytree": -0.34026500249421887, "log10_eta": -3.893992870637179, "log10_lambda": 0.962079220396566, "log10_min_child_weight": 0.7335143053918369, "log10_subsample": -0.635195709796745, "max_depth": 5.0, "num_boost_round": 12.0}, "datetime": {"datetime": "2024-01-19 01:09:15", "elapsed": 3475.335407, "delta": 0.003502}}
{"target": -13.758500262658707, "params": {"gamma": 845.5430191433786, "log10_alpha": -3.1832605190685905, "log10_colsample_bytree": -0.34026500249421887, "log10_eta": -3.893992870637179, "log10_lambda": 0.962079220396566, "log10_min_child_weight": 0.7335143053918369, "log10_subsample": -0.635195709796745, "max_depth": 5.0, "num_boost_round": 13.0}, "datetime": {"datetime": "2024-01-19 01:09:15", "elapsed": 3475.338765, "delta": 0.003358}}
{"target": -13.758503975932381, "params": {"gamma": 845.5430191433786, "log10_alpha": -3.1832605190685905, "log10_colsample_bytree": -0.34026500249421887, "log10_eta": -3.893992870637179, "log10_lambda": 0.962079220396566, "log10_min_child_weight": 0.7335143053918369, "log10_subsample": -0.635195709796745, "max_depth": 5.0, "num_boost_round": 14.0}, "datetime": {"datetime": "2024-01-19 01:09:15", "elapsed": 3475.34211, "delta": 0.003345}}
{"target": -13.758499078307883, "params": {"gamma": 845.5430191433786, "log10_alpha": -3.1832605190685905, "log10_colsample_bytree": -0.34026500249421887, "log10_eta": -3.893992870637179, "log10_lambda": 0.962079220396566, "log10_min_child_weight": 0.7335143053918369, "log10_subsample": -0.635195709796745, "max_depth": 5.0, "num_boost_round": 15.0}, "datetime": {"datetime": "2024-01-19 01:09:15", "elapsed": 3475.345411, "delta": 0.003301}}
{"target": -13.758495671323427, "params": {"gamma": 845.5430191433786, "log10_alpha": -3.1832605190685905, "log10_colsample_bytree": -0.34026500249421887, "log10_eta": -3.893992870637179, "log10_lambda": 0.962079220396566, "log10_min_child_weight": 0.7335143053918369, "log10_subsample": -0.635195709796745, "max_depth": 5.0, "num_boost_round": 16.0}, "datetime": {"datetime": "2024-01-19 01:09:15", "elapsed": 3475.348791, "delta": 0.00338}}
{"target": -13.758494598125187, "params": {"gamma": 845.5430191433786, "log10_alpha": -3.1832605190685905, "log10_colsample_bytree": -0.34026500249421887, "log10_eta": -3.893992870637179, "log10_lambda": 0.962079220396566, "log10_min_child_weight": 0.7335143053918369, "log10_subsample": -0.635195709796745, "max_depth": 5.0, "num_boost_round": 17.0}, "datetime": {"datetime": "2024-01-19 01:09:15", "elapsed": 3475.352211, "delta": 0.00342}}
{"target": -13.758493783541747, "params": {"gamma": 845.5430191433786, "log10_alpha": -3.1832605190685905, "log10_colsample_bytree": -0.34026500249421887, "log10_eta": -3.893992870637179, "log10_lambda": 0.962079220396566, "log10_min_child_weight": 0.7335143053918369, "log10_subsample": -0.635195709796745, "max_depth": 5.0, "num_boost_round": 18.0}, "datetime": {"datetime": "2024-01-19 01:09:15", "elapsed": 3475.355618, "delta": 0.003407}}
{"target": -13.758489541631905, "params": {"gamma": 845.5430191433786, "log10_alpha": -3.1832605190685905, "log10_colsample_bytree": -0.34026500249421887, "log10_eta": -3.893992870637179, "log10_lambda": 0.962079220396566, "log10_min_child_weight": 0.7335143053918369, "log10_subsample": -0.635195709796745, "max_depth": 5.0, "num_boost_round": 19.0}, "datetime": {"datetime": "2024-01-19 01:09:15", "elapsed": 3475.359137, "delta": 0.003519}}
{"target": -13.758480119959295, "params": {"gamma": 845.5430191433786, "log10_alpha": -3.1832605190685905, "log10_colsample_bytree": -0.34026500249421887, "log10_eta": -3.893992870637179, "log10_lambda": 0.962079220396566, "log10_min_child_weight": 0.7335143053918369, "log10_subsample": -0.635195709796745, "max_depth": 5.0, "num_boost_round": 20.0}, "datetime": {"datetime": "2024-01-19 01:09:15", "elapsed": 3475.362549, "delta": 0.003412}}
{"target": -13.758535624622942, "params": {"gamma": 850.9995581213116, "log10_alpha": -1.2476607581710955, "log10_colsample_bytree": -0.20522099023639595, "log10_eta": -2.439379410560608, "log10_lambda": 0.6024820589563893, "log10_min_child_weight": 3.9998848990434555, "log10_subsample": -0.46186986751302295, "max_depth": 7.0, "num_boost_round": 0.0}, "datetime": {"datetime": "2024-01-19 01:09:49", "elapsed": 3509.653894, "delta": 34.291345}}
{"target": -13.758488758055645, "params": {"gamma": 850.9995581213116, "log10_alpha": -1.2476607581710955, "log10_colsample_bytree": -0.20522099023639595, "log10_eta": -2.439379410560608, "log10_lambda": 0.6024820589563893, "log10_min_child_weight": 3.9998848990434555, "log10_subsample": -0.46186986751302295, "max_depth": 7.0, "num_boost_round": 1.0}, "datetime": {"datetime": "2024-01-19 01:09:49", "elapsed": 3509.657833, "delta": 0.003939}}
{"target": -13.75853976965225, "params": {"gamma": 850.9995581213116, "log10_alpha": -1.2476607581710955, "log10_colsample_bytree": -0.20522099023639595, "log10_eta": -2.439379410560608, "log10_lambda": 0.6024820589563893, "log10_min_child_weight": 3.9998848990434555, "log10_subsample": -0.46186986751302295, "max_depth": 7.0, "num_boost_round": 2.0}, "datetime": {"datetime": "2024-01-19 01:09:49", "elapsed": 3509.661599, "delta": 0.003766}}
{"target": -13.758511284936596, "params": {"gamma": 850.9995581213116, "log10_alpha": -1.2476607581710955, "log10_colsample_bytree": -0.20522099023639595, "log10_eta": -2.439379410560608, "log10_lambda": 0.6024820589563893, "log10_min_child_weight": 3.9998848990434555, "log10_subsample": -0.46186986751302295, "max_depth": 7.0, "num_boost_round": 3.0}, "datetime": {"datetime": "2024-01-19 01:09:49", "elapsed": 3509.664957, "delta": 0.003358}}
