{"target": -17.677222500614658, "params": {"gamma": 81.09395651182315, "log10_alpha": 0.4764932152959012, "log10_colsample_bytree": -1.0, "log10_eta": -4.0, "log10_lambda": 1.0, "log10_min_child_weight": 4.273499315244462, "log10_subsample": -0.5895729744925009, "max_depth": 2.0, "num_boost_round": 24.0}, "datetime": {"datetime": "2024-01-19 01:19:13", "elapsed": 4060.890944, "delta": 0.005529}}
{"target": -17.67722185283381, "params": {"gamma": 81.09395651182315, "log10_alpha": 0.4764932152959012, "log10_colsample_bytree": -1.0, "log10_eta": -4.0, "log10_lambda": 1.0, "log10_min_child_weight": 4.273499315244462, "log10_subsample": -0.5895729744925009, "max_depth": 2.0, "num_boost_round": 25.0}, "datetime": {"datetime": "2024-01-19 01:19:13", "elapsed": 4060.896425, "delta": 0.005481}}
{"target": -17.67722245793994, "params": {"gamma": 81.09395651182315, "log10_alpha": 0.4764932152959012, "log10_colsample_bytree": -1.0, "log10_eta": -4.0, "log10_lambda": 1.0, "log10_min_child_weight": 4.273499315244462, "log10_subsample": -0.5895729744925009, "max_depth": 2.0, "num_boost_round": 26.0}, "datetime": {"datetime": "2024-01-19 01:19:13", "elapsed": 4060.901696, "delta": 0.005271}}
{"target": -17.677220853212265, "params": {"gamma": 81.09395651182315, "log10_alpha": 0.4764932152959012, "log10_colsample_bytree": -1.0, "log10_eta": -4.0, "log10_lambda": 1.0, "log10_min_child_weight": 4.273499315244462, "log10_subsample": -0.5895729744925009, "max_depth": 2.0, "num_boost_round": 27.0}, "datetime": {"datetime": "2024-01-19 01:19:13", "elapsed": 4060.906826, "delta": 0.00513}}
{"target": -17.67722001336062, "params": {"gamma": 81.09395651182315, "log10_alpha": 0.4764932152959012, "log10_colsample_bytree": -1.0, "log10_eta": -4.0, "log10_lambda": 1.0, "log10_min_child_weight": 4.273499315244462, "log10_subsample": -0.5895729744925009, "max_depth": 2.0, "num_boost_round": 28.0}, "datetime": {"datetime": "2024-01-19 01:19:13", "elapsed": 4060.911943, "delta": 0.005117}}
{"target": -17.677219415177152, "params": {"gamma": 81.09395651182315, "log10_alpha": 0.4764932152959012, "log10_colsample_bytree": -1.0, "log10_eta": -4.0, "log10_lambda": 1.0, "log10_min_child_weight": 4.273499315244462, "log10_subsample": -0.5895729744925009, "max_depth": 2.0, "num_boost_round": 29.0}, "datetime": {"datetime": "2024-01-19 01:19:13", "elapsed": 4060.917254, "delta": 0.005311}}
{"target": -17.67721797566959, "params": {"gamma": 81.09395651182315, "log10_alpha": 0.4764932152959012, "log10_colsample_bytree": -1.0, "log10_eta": -4.0, "log10_lambda": 1.0, "log10_min_child_weight": 4.273499315244462, "log10_subsample": -0.5895729744925009, "max_depth": 2.0, "num_boost_round": 30.0}, "datetime": {"datetime": "2024-01-19 01:19:13", "elapsed": 4060.922221, "delta": 0.004967}}
{"target": -17.67721759902191, "params": {"gamma": 81.09395651182315, "log10_alpha": 0.4764932152959012, "log10_colsample_bytree": -1.0, "log10_eta": -4.0, "log10_lambda": 1.0, "log10_min_child_weight": 4.273499315244462, "log10_subsample": -0.5895729744925009, "max_depth": 2.0, "num_boost_round": 31.0}, "datetime": {"datetime": "2024-01-19 01:19:13", "elapsed": 4060.927317, "delta": 0.005096}}
{"target": -17.677217704493213, "params": {"gamma": 81.09395651182315, "log10_alpha": 0.4764932152959012, "log10_colsample_bytree": -1.0, "log10_eta": -4.0, "log10_lambda": 1.0, "log10_min_child_weight": 4.273499315244462, "log10_subsample": -0.5895729744925009, "max_depth": 2.0, "num_boost_round": 32.0}, "datetime": {"datetime": "2024-01-19 01:19:13", "elapsed": 4060.932572, "delta": 0.005255}}
{"target": -17.67721764053528, "params": {"gamma": 81.09395651182315, "log10_alpha": 0.4764932152959012, "log10_colsample_bytree": -1.0, "log10_eta": -4.0, "log10_lambda": 1.0, "log10_min_child_weight": 4.273499315244462, "log10_subsample": -0.5895729744925009, "max_depth": 2.0, "num_boost_round": 33.0}, "datetime": {"datetime": "2024-01-19 01:19:13", "elapsed": 4060.937915, "delta": 0.005343}}
{"target": -17.677216902558058, "params": {"gamma": 81.09395651182315, "log10_alpha": 0.4764932152959012, "log10_colsample_bytree": -1.0, "log10_eta": -4.0, "log10_lambda": 1.0, "log10_min_child_weight": 4.273499315244462, "log10_subsample": -0.5895729744925009, "max_depth": 2.0, "num_boost_round": 34.0}, "datetime": {"datetime": "2024-01-19 01:19:13", "elapsed": 4060.942993, "delta": 0.005078}}
{"target": -17.67721686737338, "params": {"gamma": 81.09395651182315, "log10_alpha": 0.4764932152959012, "log10_colsample_bytree": -1.0, "log10_eta": -4.0, "log10_lambda": 1.0, "log10_min_child_weight": 4.273499315244462, "log10_subsample": -0.5895729744925009, "max_depth": 2.0, "num_boost_round": 35.0}, "datetime": {"datetime": "2024-01-19 01:19:13", "elapsed": 4060.948149, "delta": 0.005156}}
{"target": -17.677216465875148, "params": {"gamma": 81.09395651182315, "log10_alpha": 0.4764932152959012, "log10_colsample_bytree": -1.0, "log10_eta": -4.0, "log10_lambda": 1.0, "log10_min_child_weight": 4.273499315244462, "log10_subsample": -0.5895729744925009, "max_depth": 2.0, "num_boost_round": 36.0}, "datetime": {"datetime": "2024-01-19 01:19:13", "elapsed": 4060.95322, "delta": 0.005071}}
{"target": -17.677216233417653, "params": {"gamma": 81.09395651182315, "log10_alpha": 0.4764932152959012, "log10_colsample_bytree": -1.0, "log10_eta": -4.0, "log10_lambda": 1.0, "log10_min_child_weight": 4.273499315244462, "log10_subsample": -0.5895729744925009, "max_depth": 2.0, "num_boost_round": 37.0}, "datetime": {"datetime": "2024-01-19 01:19:13", "elapsed": 4060.958436, "delta": 0.005216}}
{"target": -17.677216180525555, "params": {"gamma": 81.09395651182315, "log10_alpha": 0.4764932152959012, "log10_colsample_bytree": -1.0, "log10_eta": -4.0, "log10_lambda": 1.0, "log10_min_child_weight": 4.273499315244462, "log10_subsample": -0.5895729744925009, "max_depth": 2.0, "num_boost_round": 38.0}, "datetime": {"datetime": "2024-01-19 01:19:13", "elapsed": 4060.963612, "delta": 0.005176}}
{"target": -17.677215788694507, "params": {"gamma": 81.09395651182315, "log10_alpha": 0.4764932152959012, "log10_colsample_bytree": -1.0, "log10_eta": -4.0, "log10_lambda": 1.0, "log10_min_child_weight": 4.273499315244462, "log10_subsample": -0.5895729744925009, "max_depth": 2.0, "num_boost_round": 39.0}, "datetime": {"datetime": "2024-01-19 01:19:13", "elapsed": 4060.968783, "delta": 0.005171}}
{"target": -17.677215896635953, "params": {"gamma": 81.09395651182315, "log10_alpha": 0.4764932152959012, "log10_colsample_bytree": -1.0, "log10_eta": -4.0, "log10_lambda": 1.0, "log10_min_child_weight": 4.273499315244462, "log10_subsample": -0.5895729744925009, "max_depth": 2.0, "num_boost_round": 40.0}, "datetime": {"datetime": "2024-01-19 01:19:13", "elapsed": 4060.973869, "delta": 0.005086}}
{"target": -17.67721552320976, "params": {"gamma": 81.09395651182315, "log10_alpha": 0.4764932152959012, "log10_colsample_bytree": -1.0, "log10_eta": -4.0, "log10_lambda": 1.0, "log10_min_child_weight": 4.273499315244462, "log10_subsample": -0.5895729744925009, "max_depth": 2.0, "num_boost_round": 41.0}, "datetime": {"datetime": "2024-01-19 01:19:13", "elapsed": 4060.979405, "delta": 0.005536}}
{"target": -17.677215734651938, "params": {"gamma": 81.09395651182315, "log10_alpha": 0.4764932152959012, "log10_colsample_bytree": -1.0, "log10_eta": -4.0, "log10_lambda": 1.0, "log10_min_child_weight": 4.273499315244462, "log10_subsample": -0.5895729744925009, "max_depth": 2.0, "num_boost_round": 42.0}, "datetime": {"datetime": "2024-01-19 01:19:13", "elapsed": 4060.985467, "delta": 0.006062}}
{"target": -17.677215075166334, "params": {"gamma": 81.09395651182315, "log10_alpha": 0.4764932152959012, "log10_colsample_bytree": -1.0, "log10_eta": -4.0, "log10_lambda": 1.0, "log10_min_child_weight": 4.273499315244462, "log10_subsample": -0.5895729744925009, "max_depth": 2.0, "num_boost_round": 43.0}, "datetime": {"datetime": "2024-01-19 01:19:13", "elapsed": 4060.991343, "delta": 0.005876}}
{"target": -17.677214399959563, "params": {"gamma": 81.09395651182315, "log10_alpha": 0.4764932152959012, "log10_colsample_bytree": -1.0, "log10_eta": -4.0, "log10_lambda": 1.0, "log10_min_child_weight": 4.273499315244462, "log10_subsample": -0.5895729744925009, "max_depth": 2.0, "num_boost_round": 44.0}, "datetime": {"datetime": "2024-01-19 01:19:13", "elapsed": 4060.996542, "delta": 0.005199}}
{"target": -17.677214111197493, "params": {"gamma": 81.09395651182315, "log10_alpha": 0.4764932152959012, "log10_colsample_bytree": -1.0, "log10_eta": -4.0, "log10_lambda": 1.0, "log10_min_child_weight": 4.273499315244462, "log10_subsample": -0.5895729744925009, "max_depth": 2.0, "num_boost_round": 45.0}, "datetime": {"datetime": "2024-01-19 01:19:13", "elapsed": 4061.001718, "delta": 0.005176}}
{"target": -17.677213492833857, "params": {"gamma": 81.09395651182315, "log10_alpha": 0.4764932152959012, "log10_colsample_bytree": -1.0, "log10_eta": -4.0, "log10_lambda": 1.0, "log10_min_child_weight": 4.273499315244462, "log10_subsample": -0.5895729744925009, "max_depth": 2.0, "num_boost_round": 46.0}, "datetime": {"datetime": "2024-01-19 01:19:13", "elapsed": 4061.006711, "delta": 0.004993}}
{"target": -17.677212405542807, "params": {"gamma": 81.09395651182315, "log10_alpha": 0.4764932152959012, "log10_colsample_bytree": -1.0, "log10_eta": -4.0, "log10_lambda": 1.0, "log10_min_child_weight": 4.273499315244462, "log10_subsample": -0.5895729744925009, "max_depth": 2.0, "num_boost_round": 47.0}, "datetime": {"datetime": "2024-01-19 01:19:13", "elapsed": 4061.011684, "delta": 0.004973}}
{"target": -17.677212566545368, "params": {"gamma": 81.09395651182315, "log10_alpha": 0.4764932152959012, "log10_colsample_bytree": -1.0, "log10_eta": -4.0, "log10_lambda": 1.0, "log10_min_child_weight": 4.273499315244462, "log10_subsample": -0.5895729744925009, "max_depth": 2.0, "num_boost_round": 48.0}, "datetime": {"datetime": "2024-01-19 01:19:13", "elapsed": 4061.016895, "delta": 0.005211}}
{"target": -17.677212362068413, "params": {"gamma": 81.09395651182315, "log10_alpha": 0.4764932152959012, "log10_colsample_bytree": -1.0, "log10_eta": -4.0, "log10_lambda": 1.0, "log10_min_child_weight": 4.273499315244462, "log10_subsample": -0.5895729744925009, "max_depth": 2.0, "num_boost_round": 49.0}, "datetime": {"datetime": "2024-01-19 01:19:13", "elapsed": 4061.022107, "delta": 0.005212}}
{"target": -17.677211844489264, "params": {"gamma": 81.09395651182315, "log10_alpha": 0.4764932152959012, "log10_colsample_bytree": -1.0, "log10_eta": -4.0, "log10_lambda": 1.0, "log10_min_child_weight": 4.273499315244462, "log10_subsample": -0.5895729744925009, "max_depth": 2.0, "num_boost_round": 50.0}, "datetime": {"datetime": "2024-01-19 01:19:13", "elapsed": 4061.027193, "delta": 0.005086}}
{"target": -17.67721219634529, "params": {"gamma": 81.09395651182315, "log10_alpha": 0.4764932152959012, "log10_colsample_bytree": -1.0, "log10_eta": -4.0, "log10_lambda": 1.0, "log10_min_child_weight": 4.273499315244462, "log10_subsample": -0.5895729744925009, "max_depth": 2.0, "num_boost_round": 51.0}, "datetime": {"datetime": "2024-01-19 01:19:13", "elapsed": 4061.032283, "delta": 0.00509}}
{"target": -17.67722987509161, "params": {"gamma": 59.53248957473345, "log10_alpha": -2.8118898482344274, "log10_colsample_bytree": -0.36769131197647276, "log10_eta": -3.904901360433557, "log10_lambda": -1.60538210706269, "log10_min_child_weight": 1.1852215244695379, "log10_subsample": -0.7735153504985391, "max_depth": 2.0, "num_boost_round": 0.0}, "datetime": {"datetime": "2024-01-19 01:20:24", "elapsed": 4132.117378, "delta": 71.085095}}
{"target": -17.677226680381715, "params": {"gamma": 59.53248957473345, "log10_alpha": -2.8118898482344274, "log10_colsample_bytree": -0.36769131197647276, "log10_eta": -3.904901360433557, "log10_lambda": -1.60538210706269, "log10_min_child_weight": 1.1852215244695379, "log10_subsample": -0.7735153504985391, "max_depth": 2.0, "num_boost_round": 1.0}, "datetime": {"datetime": "2024-01-19 01:20:24", "elapsed": 4132.123575, "delta": 0.006197}}
{"target": -17.67722305445658, "params": {"gamma": 59.53248957473345, "log10_alpha": -2.8118898482344274, "log10_colsample_bytree": -0.36769131197647276, "log10_eta": -3.904901360433557, "log10_lambda": -1.60538210706269, "log10_min_child_weight": 1.1852215244695379, "log10_subsample": -0.7735153504985391, "max_depth": 2.0, "num_boost_round": 2.0}, "datetime": {"datetime": "2024-01-19 01:20:24", "elapsed": 4132.128961, "delta": 0.005386}}
{"target": -17.677222091517145, "params": {"gamma": 59.53248957473345, "log10_alpha": -2.8118898482344274, "log10_colsample_bytree": -0.36769131197647276, "log10_eta": -3.904901360433557, "log10_lambda": -1.60538210706269, "log10_min_child_weight": 1.1852215244695379, "log10_subsample": -0.7735153504985391, "max_depth": 2.0, "num_boost_round": 3.0}, "datetime": {"datetime": "2024-01-19 01:20:24", "elapsed": 4132.134249, "delta": 0.005288}}
{"target": -17.67721917400408, "params": {"gamma": 59.53248957473345, "log10_alpha": -2.8118898482344274, "log10_colsample_bytree": -0.36769131197647276, "log10_eta": -3.904901360433557, "log10_lambda": -1.60538210706269, "log10_min_child_weight": 1.1852215244695379, "log10_subsample": -0.7735153504985391, "max_depth": 2.0, "num_boost_round": 4.0}, "datetime": {"datetime": "2024-01-19 01:20:24", "elapsed": 4132.139431, "delta": 0.005182}}
{"target": -17.67721688542179, "params": {"gamma": 59.53248957473345, "log10_alpha": -2.8118898482344274, "log10_colsample_bytree": -0.36769131197647276, "log10_eta": -3.904901360433557, "log10_lambda": -1.60538210706269, "log10_min_child_weight": 1.1852215244695379, "log10_subsample": -0.7735153504985391, "max_depth": 2.0, "num_boost_round": 5.0}, "datetime": {"datetime": "2024-01-19 01:20:24", "elapsed": 4132.144599, "delta": 0.005168}}
{"target": -17.67721231118669, "params": {"gamma": 59.53248957473345, "log10_alpha": -2.8118898482344274, "log10_colsample_bytree": -0.36769131197647276, "log10_eta": -3.904901360433557, "log10_lambda": -1.60538210706269, "log10_min_child_weight": 1.1852215244695379, "log10_subsample": -0.7735153504985391, "max_depth": 2.0, "num_boost_round": 6.0}, "datetime": {"datetime": "2024-01-19 01:20:24", "elapsed": 4132.14977, "delta": 0.005171}}
{"target": -17.677208245066574, "params": {"gamma": 59.53248957473345, "log10_alpha": -2.8118898482344274, "log10_colsample_bytree": -0.36769131197647276, "log10_eta": -3.904901360433557, "log10_lambda": -1.60538210706269, "log10_min_child_weight": 1.1852215244695379, "log10_subsample": -0.7735153504985391, "max_depth": 2.0, "num_boost_round": 7.0}, "datetime": {"datetime": "2024-01-19 01:20:24", "elapsed": 4132.154879, "delta": 0.005109}}
{"target": -17.677205889613184, "params": {"gamma": 59.53248957473345, "log10_alpha": -2.8118898482344274, "log10_colsample_bytree": -0.36769131197647276, "log10_eta": -3.904901360433557, "log10_lambda": -1.60538210706269, "log10_min_child_weight": 1.1852215244695379, "log10_subsample": -0.7735153504985391, "max_depth": 2.0, "num_boost_round": 8.0}, "datetime": {"datetime": "2024-01-19 01:20:24", "elapsed": 4132.160124, "delta": 0.005245}}
{"target": -17.677200649615465, "params": {"gamma": 59.53248957473345, "log10_alpha": -2.8118898482344274, "log10_colsample_bytree": -0.36769131197647276, "log10_eta": -3.904901360433557, "log10_lambda": -1.60538210706269, "log10_min_child_weight": 1.1852215244695379, "log10_subsample": -0.7735153504985391, "max_depth": 2.0, "num_boost_round": 9.0}, "datetime": {"datetime": "2024-01-19 01:20:24", "elapsed": 4132.16527, "delta": 0.005146}}
{"target": -17.67719699315785, "params": {"gamma": 59.53248957473345, "log10_alpha": -2.8118898482344274, "log10_colsample_bytree": -0.36769131197647276, "log10_eta": -3.904901360433557, "log10_lambda": -1.60538210706269, "log10_min_child_weight": 1.1852215244695379, "log10_subsample": -0.7735153504985391, "max_depth": 2.0, "num_boost_round": 10.0}, "datetime": {"datetime": "2024-01-19 01:20:24", "elapsed": 4132.170416, "delta": 0.005146}}
{"target": -17.677193892279004, "params": {"gamma": 59.53248957473345, "log10_alpha": -2.8118898482344274, "log10_colsample_bytree": -0.36769131197647276, "log10_eta": -3.904901360433557, "log10_lambda": -1.60538210706269, "log10_min_child_weight": 1.1852215244695379, "log10_subsample": -0.7735153504985391, "max_depth": 2.0, "num_boost_round": 11.0}, "datetime": {"datetime": "2024-01-19 01:20:24", "elapsed": 4132.17558, "delta": 0.005164}}
{"target": -17.677190118713288, "params": {"gamma": 59.53248957473345, "log10_alpha": -2.8118898482344274, "log10_colsample_bytree": -0.36769131197647276, "log10_eta": -3.904901360433557, "log10_lambda": -1.60538210706269, "log10_min_child_weight": 1.1852215244695379, "log10_subsample": -0.7735153504985391, "max_depth": 2.0, "num_boost_round": 12.0}, "datetime": {"datetime": "2024-01-19 01:20:24", "elapsed": 4132.180897, "delta": 0.005317}}
{"target": -17.677186677657925, "params": {"gamma": 59.53248957473345, "log10_alpha": -2.8118898482344274, "log10_colsample_bytree": -0.36769131197647276, "log10_eta": -3.904901360433557, "log10_lambda": -1.60538210706269, "log10_min_child_weight": 1.1852215244695379, "log10_subsample": -0.7735153504985391, "max_depth": 2.0, "num_boost_round": 13.0}, "datetime": {"datetime": "2024-01-19 01:20:24", "elapsed": 4132.186085, "delta": 0.005188}}
{"target": -17.677185378079557, "params": {"gamma": 59.53248957473345, "log10_alpha": -2.8118898482344274, "log10_colsample_bytree": -0.36769131197647276, "log10_eta": -3.904901360433557, "log10_lambda": -1.60538210706269, "log10_min_child_weight": 1.1852215244695379, "log10_subsample": -0.7735153504985391, "max_depth": 2.0, "num_boost_round": 14.0}, "datetime": {"datetime": "2024-01-19 01:20:24", "elapsed": 4132.191324, "delta": 0.005239}}
{"target": -17.67718311468929, "params": {"gamma": 59.53248957473345, "log10_alpha": -2.8118898482344274, "log10_colsample_bytree": -0.36769131197647276, "log10_eta": -3.904901360433557, "log10_lambda": -1.60538210706269, "log10_min_child_weight": 1.1852215244695379, "log10_subsample": -0.7735153504985391, "max_depth": 2.0, "num_boost_round": 15.0}, "datetime": {"datetime": "2024-01-19 01:20:24", "elapsed": 4132.196532, "delta": 0.005208}}
{"target": -17.67717834193464, "params": {"gamma": 59.53248957473345, "log10_alpha": -2.8118898482344274, "log10_colsample_bytree": -0.36769131197647276, "log10_eta": -3.904901360433557, "log10_lambda": -1.60538210706269, "log10_min_child_weight": 1.1852215244695379, "log10_subsample": -0.7735153504985391, "max_depth": 2.0, "num_boost_round": 16.0}, "datetime": {"datetime": "2024-01-19 01:20:24", "elapsed": 4132.201656, "delta": 0.005124}}
{"target": -17.67717683265887, "params": {"gamma": 59.53248957473345, "log10_alpha": -2.8118898482344274, "log10_colsample_bytree": -0.36769131197647276, "log10_eta": -3.904901360433557, "log10_lambda": -1.60538210706269, "log10_min_child_weight": 1.1852215244695379, "log10_subsample": -0.7735153504985391, "max_depth": 2.0, "num_boost_round": 17.0}, "datetime": {"datetime": "2024-01-19 01:20:24", "elapsed": 4132.206825, "delta": 0.005169}}
{"target": -17.677237571193846, "params": {"gamma": 50.79572022665324, "log10_alpha": -0.2705252450748823, "log10_colsample_bytree": -0.051133014280833056, "log10_eta": -3.5731511929310837, "log10_lambda": 0.20691016615635238, "log10_min_child_weight": 4.0192062021341055, "log10_subsample": -0.39872507428024406, "max_depth": 7.0, "num_boost_round": 0.0}, "datetime": {"datetime": "2024-01-19 01:21:52", "elapsed": 4219.661341, "delta": 87.454516}}
{"target": -17.677241604768923, "params": {"gamma": 50.79572022665324, "log10_alpha": -0.2705252450748823, "log10_colsample_bytree": -0.051133014280833056, "log10_eta": -3.5731511929310837, "log10_lambda": 0.20691016615635238, "log10_min_child_weight": 4.0192062021341055, "log10_subsample": -0.39872507428024406, "max_depth": 7.0, "num_boost_round": 1.0}, "datetime": {"datetime": "2024-01-19 01:21:52", "elapsed": 4219.667557, "delta": 0.006216}}
{"target": -17.67723853198348, "params": {"gamma": 50.79572022665324, "log10_alpha": -0.2705252450748823, "log10_colsample_bytree": -0.051133014280833056, "log10_eta": -3.5731511929310837, "log10_lambda": 0.20691016615635238, "log10_min_child_weight": 4.0192062021341055, "log10_subsample": -0.39872507428024406, "max_depth": 7.0, "num_boost_round": 2.0}, "datetime": {"datetime": "2024-01-19 01:21:52", "elapsed": 4219.673254, "delta": 0.005697}}
{"target": -17.677239088879833, "params": {"gamma": 50.79572022665324, "log10_alpha": -0.2705252450748823, "log10_colsample_bytree": -0.051133014280833056, "log10_eta": -3.5731511929310837, "log10_lambda": 0.20691016615635238, "log10_min_child_weight": 4.0192062021341055, "log10_subsample": -0.39872507428024406, "max_depth": 7.0, "num_boost_round": 3.0}, "datetime": {"datetime": "2024-01-19 01:21:52", "elapsed": 4219.67878, "delta": 0.005526}}
{"target": -17.677237920262414, "params": {"gamma": 50.79572022665324, "log10_alpha": -0.2705252450748823, "log10_colsample_bytree": -0.051133014280833056, "log10_eta": -3.5731511929310837, "log10_lambda": 0.20691016615635238, "log10_min_child_weight": 4.0192062021341055, "log10_subsample": -0.39872507428024406, "max_depth": 7.0, "num_boost_round": 4.0}, "datetime": {"datetime": "2024-01-19 01:21:52", "elapsed": 4219.684323, "delta": 0.005543}}
{"target": -17.677236667167328, "params": {"gamma": 50.79572022665324, "log10_alpha": -0.2705252450748823, "log10_colsample_bytree": -0.051133014280833056, "log10_eta": -3.5731511929310837, "log10_lambda": 0.20691016615635238, "log10_min_child_weight": 4.0192062021341055, "log10_subsample": -0.39872507428024406, "max_depth": 7.0, "num_boost_round": 5.0}, "datetime": {"datetime": "2024-01-19 01:21:52", "elapsed": 4219.689943, "delta": 0.00562}}
