{"target": -17.675273818604886, "params": {"gamma": 742.4069651374396, "log10_alpha": 0.5343466450350141, "log10_colsample_bytree": -0.5463979196499208, "log10_eta": -2.4163363990650812, "log10_lambda": -2.2391261016993442, "log10_min_child_weight": 3.712020648410645, "log10_subsample": -0.31709116755311206, "max_depth": 9.0, "num_boost_round": 25.0}, "datetime": {"datetime": "2024-01-19 01:05:36", "elapsed": 3243.967659, "delta": 0.004404}}
{"target": -17.675224405050393, "params": {"gamma": 742.4069651374396, "log10_alpha": 0.5343466450350141, "log10_colsample_bytree": -0.5463979196499208, "log10_eta": -2.4163363990650812, "log10_lambda": -2.2391261016993442, "log10_min_child_weight": 3.712020648410645, "log10_subsample": -0.31709116755311206, "max_depth": 9.0, "num_boost_round": 26.0}, "datetime": {"datetime": "2024-01-19 01:05:36", "elapsed": 3243.972253, "delta": 0.004594}}
{"target": -17.675192114783197, "params": {"gamma": 742.4069651374396, "log10_alpha": 0.5343466450350141, "log10_colsample_bytree": -0.5463979196499208, "log10_eta": -2.4163363990650812, "log10_lambda": -2.2391261016993442, "log10_min_child_weight": 3.712020648410645, "log10_subsample": -0.31709116755311206, "max_depth": 9.0, "num_boost_round": 27.0}, "datetime": {"datetime": "2024-01-19 01:05:36", "elapsed": 3243.976571, "delta": 0.004318}}
{"target": -17.676595437558728, "params": {"gamma": 86.5782498837141, "log10_alpha": -0.39199961565706243, "log10_colsample_bytree": -0.9994706568024718, "log10_eta": -1.0387865837412806, "log10_lambda": -0.9400999288880696, "log10_min_child_weight": 1.2717682158936676, "log10_subsample": -0.5525268900579109, "max_depth": 9.0, "num_boost_round": 0.0}, "datetime": {"datetime": "2024-01-19 01:06:57", "elapsed": 3325.249338, "delta": 81.272767}}
{"target": -17.681249173433127, "params": {"gamma": 86.5782498837141, "log10_alpha": -0.39199961565706243, "log10_colsample_bytree": -0.9994706568024718, "log10_eta": -1.0387865837412806, "log10_lambda": -0.9400999288880696, "log10_min_child_weight": 1.2717682158936676, "log10_subsample": -0.5525268900579109, "max_depth": 9.0, "num_boost_round": 1.0}, "datetime": {"datetime": "2024-01-19 01:06:57", "elapsed": 3325.253981, "delta": 0.004643}}
{"target": -17.686621219462253, "params": {"gamma": 86.5782498837141, "log10_alpha": -0.39199961565706243, "log10_colsample_bytree": -0.9994706568024718, "log10_eta": -1.0387865837412806, "log10_lambda": -0.9400999288880696, "log10_min_child_weight": 1.2717682158936676, "log10_subsample": -0.5525268900579109, "max_depth": 9.0, "num_boost_round": 2.0}, "datetime": {"datetime": "2024-01-19 01:06:57", "elapsed": 3325.258196, "delta": 0.004215}}
{"target": -17.687699770045437, "params": {"gamma": 86.5782498837141, "log10_alpha": -0.39199961565706243, "log10_colsample_bytree": -0.9994706568024718, "log10_eta": -1.0387865837412806, "log10_lambda": -0.9400999288880696, "log10_min_child_weight": 1.2717682158936676, "log10_subsample": -0.5525268900579109, "max_depth": 9.0, "num_boost_round": 3.0}, "datetime": {"datetime": "2024-01-19 01:06:57", "elapsed": 3325.262395, "delta": 0.004199}}
{"target": -17.688188465480675, "params": {"gamma": 86.5782498837141, "log10_alpha": -0.39199961565706243, "log10_colsample_bytree": -0.9994706568024718, "log10_eta": -1.0387865837412806, "log10_lambda": -0.9400999288880696, "log10_min_child_weight": 1.2717682158936676, "log10_subsample": -0.5525268900579109, "max_depth": 9.0, "num_boost_round": 4.0}, "datetime": {"datetime": "2024-01-19 01:06:57", "elapsed": 3325.266703, "delta": 0.004308}}
{"target": -17.69014677610886, "params": {"gamma": 86.5782498837141, "log10_alpha": -0.39199961565706243, "log10_colsample_bytree": -0.9994706568024718, "log10_eta": -1.0387865837412806, "log10_lambda": -0.9400999288880696, "log10_min_child_weight": 1.2717682158936676, "log10_subsample": -0.5525268900579109, "max_depth": 9.0, "num_boost_round": 5.0}, "datetime": {"datetime": "2024-01-19 01:06:57", "elapsed": 3325.271765, "delta": 0.005062}}
{"target": -17.695892560897622, "params": {"gamma": 86.5782498837141, "log10_alpha": -0.39199961565706243, "log10_colsample_bytree": -0.9994706568024718, "log10_eta": -1.0387865837412806, "log10_lambda": -0.9400999288880696, "log10_min_child_weight": 1.2717682158936676, "log10_subsample": -0.5525268900579109, "max_depth": 9.0, "num_boost_round": 6.0}, "datetime": {"datetime": "2024-01-19 01:06:57", "elapsed": 3325.276143, "delta": 0.004378}}
{"target": -17.699819611709263, "params": {"gamma": 86.5782498837141, "log10_alpha": -0.39199961565706243, "log10_colsample_bytree": -0.9994706568024718, "log10_eta": -1.0387865837412806, "log10_lambda": -0.9400999288880696, "log10_min_child_weight": 1.2717682158936676, "log10_subsample": -0.5525268900579109, "max_depth": 9.0, "num_boost_round": 7.0}, "datetime": {"datetime": "2024-01-19 01:06:57", "elapsed": 3325.280793, "delta": 0.00465}}
{"target": -17.704180655453236, "params": {"gamma": 86.5782498837141, "log10_alpha": -0.39199961565706243, "log10_colsample_bytree": -0.9994706568024718, "log10_eta": -1.0387865837412806, "log10_lambda": -0.9400999288880696, "log10_min_child_weight": 1.2717682158936676, "log10_subsample": -0.5525268900579109, "max_depth": 9.0, "num_boost_round": 8.0}, "datetime": {"datetime": "2024-01-19 01:06:57", "elapsed": 3325.285035, "delta": 0.004242}}
{"target": -17.70722037994434, "params": {"gamma": 86.5782498837141, "log10_alpha": -0.39199961565706243, "log10_colsample_bytree": -0.9994706568024718, "log10_eta": -1.0387865837412806, "log10_lambda": -0.9400999288880696, "log10_min_child_weight": 1.2717682158936676, "log10_subsample": -0.5525268900579109, "max_depth": 9.0, "num_boost_round": 9.0}, "datetime": {"datetime": "2024-01-19 01:06:57", "elapsed": 3325.289438, "delta": 0.004403}}
{"target": -17.71252260453093, "params": {"gamma": 86.5782498837141, "log10_alpha": -0.39199961565706243, "log10_colsample_bytree": -0.9994706568024718, "log10_eta": -1.0387865837412806, "log10_lambda": -0.9400999288880696, "log10_min_child_weight": 1.2717682158936676, "log10_subsample": -0.5525268900579109, "max_depth": 9.0, "num_boost_round": 10.0}, "datetime": {"datetime": "2024-01-19 01:06:57", "elapsed": 3325.293787, "delta": 0.004349}}
{"target": -17.71532079202417, "params": {"gamma": 86.5782498837141, "log10_alpha": -0.39199961565706243, "log10_colsample_bytree": -0.9994706568024718, "log10_eta": -1.0387865837412806, "log10_lambda": -0.9400999288880696, "log10_min_child_weight": 1.2717682158936676, "log10_subsample": -0.5525268900579109, "max_depth": 9.0, "num_boost_round": 11.0}, "datetime": {"datetime": "2024-01-19 01:06:57", "elapsed": 3325.298026, "delta": 0.004239}}
{"target": -17.715217200171587, "params": {"gamma": 86.5782498837141, "log10_alpha": -0.39199961565706243, "log10_colsample_bytree": -0.9994706568024718, "log10_eta": -1.0387865837412806, "log10_lambda": -0.9400999288880696, "log10_min_child_weight": 1.2717682158936676, "log10_subsample": -0.5525268900579109, "max_depth": 9.0, "num_boost_round": 12.0}, "datetime": {"datetime": "2024-01-19 01:06:57", "elapsed": 3325.302271, "delta": 0.004245}}
{"target": -17.718698946317332, "params": {"gamma": 86.5782498837141, "log10_alpha": -0.39199961565706243, "log10_colsample_bytree": -0.9994706568024718, "log10_eta": -1.0387865837412806, "log10_lambda": -0.9400999288880696, "log10_min_child_weight": 1.2717682158936676, "log10_subsample": -0.5525268900579109, "max_depth": 9.0, "num_boost_round": 13.0}, "datetime": {"datetime": "2024-01-19 01:06:57", "elapsed": 3325.306607, "delta": 0.004336}}
{"target": -17.717950843006886, "params": {"gamma": 86.5782498837141, "log10_alpha": -0.39199961565706243, "log10_colsample_bytree": -0.9994706568024718, "log10_eta": -1.0387865837412806, "log10_lambda": -0.9400999288880696, "log10_min_child_weight": 1.2717682158936676, "log10_subsample": -0.5525268900579109, "max_depth": 9.0, "num_boost_round": 14.0}, "datetime": {"datetime": "2024-01-19 01:06:57", "elapsed": 3325.311043, "delta": 0.004436}}
{"target": -17.72446427255007, "params": {"gamma": 86.5782498837141, "log10_alpha": -0.39199961565706243, "log10_colsample_bytree": -0.9994706568024718, "log10_eta": -1.0387865837412806, "log10_lambda": -0.9400999288880696, "log10_min_child_weight": 1.2717682158936676, "log10_subsample": -0.5525268900579109, "max_depth": 9.0, "num_boost_round": 15.0}, "datetime": {"datetime": "2024-01-19 01:06:57", "elapsed": 3325.315299, "delta": 0.004256}}
{"target": -17.72987388087973, "params": {"gamma": 86.5782498837141, "log10_alpha": -0.39199961565706243, "log10_colsample_bytree": -0.9994706568024718, "log10_eta": -1.0387865837412806, "log10_lambda": -0.9400999288880696, "log10_min_child_weight": 1.2717682158936676, "log10_subsample": -0.5525268900579109, "max_depth": 9.0, "num_boost_round": 16.0}, "datetime": {"datetime": "2024-01-19 01:06:57", "elapsed": 3325.319694, "delta": 0.004395}}
{"target": -17.734100368532346, "params": {"gamma": 86.5782498837141, "log10_alpha": -0.39199961565706243, "log10_colsample_bytree": -0.9994706568024718, "log10_eta": -1.0387865837412806, "log10_lambda": -0.9400999288880696, "log10_min_child_weight": 1.2717682158936676, "log10_subsample": -0.5525268900579109, "max_depth": 9.0, "num_boost_round": 17.0}, "datetime": {"datetime": "2024-01-19 01:06:57", "elapsed": 3325.323963, "delta": 0.004269}}
{"target": -17.737856244178484, "params": {"gamma": 86.5782498837141, "log10_alpha": -0.39199961565706243, "log10_colsample_bytree": -0.9994706568024718, "log10_eta": -1.0387865837412806, "log10_lambda": -0.9400999288880696, "log10_min_child_weight": 1.2717682158936676, "log10_subsample": -0.5525268900579109, "max_depth": 9.0, "num_boost_round": 18.0}, "datetime": {"datetime": "2024-01-19 01:06:57", "elapsed": 3325.328296, "delta": 0.004333}}
{"target": -17.74013804333352, "params": {"gamma": 86.5782498837141, "log10_alpha": -0.39199961565706243, "log10_colsample_bytree": -0.9994706568024718, "log10_eta": -1.0387865837412806, "log10_lambda": -0.9400999288880696, "log10_min_child_weight": 1.2717682158936676, "log10_subsample": -0.5525268900579109, "max_depth": 9.0, "num_boost_round": 19.0}, "datetime": {"datetime": "2024-01-19 01:06:57", "elapsed": 3325.332926, "delta": 0.00463}}
{"target": -17.740014658864435, "params": {"gamma": 86.5782498837141, "log10_alpha": -0.39199961565706243, "log10_colsample_bytree": -0.9994706568024718, "log10_eta": -1.0387865837412806, "log10_lambda": -0.9400999288880696, "log10_min_child_weight": 1.2717682158936676, "log10_subsample": -0.5525268900579109, "max_depth": 9.0, "num_boost_round": 20.0}, "datetime": {"datetime": "2024-01-19 01:06:57", "elapsed": 3325.337767, "delta": 0.004841}}
{"target": -17.749320823980224, "params": {"gamma": 86.5782498837141, "log10_alpha": -0.39199961565706243, "log10_colsample_bytree": -0.9994706568024718, "log10_eta": -1.0387865837412806, "log10_lambda": -0.9400999288880696, "log10_min_child_weight": 1.2717682158936676, "log10_subsample": -0.5525268900579109, "max_depth": 9.0, "num_boost_round": 21.0}, "datetime": {"datetime": "2024-01-19 01:06:58", "elapsed": 3325.342714, "delta": 0.004947}}
{"target": -17.756213160230732, "params": {"gamma": 86.5782498837141, "log10_alpha": -0.39199961565706243, "log10_colsample_bytree": -0.9994706568024718, "log10_eta": -1.0387865837412806, "log10_lambda": -0.9400999288880696, "log10_min_child_weight": 1.2717682158936676, "log10_subsample": -0.5525268900579109, "max_depth": 9.0, "num_boost_round": 22.0}, "datetime": {"datetime": "2024-01-19 01:06:58", "elapsed": 3325.347047, "delta": 0.004333}}
{"target": -17.77209502202792, "params": {"gamma": 86.5782498837141, "log10_alpha": -0.39199961565706243, "log10_colsample_bytree": -0.9994706568024718, "log10_eta": -1.0387865837412806, "log10_lambda": -0.9400999288880696, "log10_min_child_weight": 1.2717682158936676, "log10_subsample": -0.5525268900579109, "max_depth": 9.0, "num_boost_round": 23.0}, "datetime": {"datetime": "2024-01-19 01:06:58", "elapsed": 3325.351362, "delta": 0.004315}}
{"target": -17.77567255925826, "params": {"gamma": 86.5782498837141, "log10_alpha": -0.39199961565706243, "log10_colsample_bytree": -0.9994706568024718, "log10_eta": -1.0387865837412806, "log10_lambda": -0.9400999288880696, "log10_min_child_weight": 1.2717682158936676, "log10_subsample": -0.5525268900579109, "max_depth": 9.0, "num_boost_round": 24.0}, "datetime": {"datetime": "2024-01-19 01:06:58", "elapsed": 3325.355602, "delta": 0.00424}}
{"target": -17.775926153389662, "params": {"gamma": 86.5782498837141, "log10_alpha": -0.39199961565706243, "log10_colsample_bytree": -0.9994706568024718, "log10_eta": -1.0387865837412806, "log10_lambda": -0.9400999288880696, "log10_min_child_weight": 1.2717682158936676, "log10_subsample": -0.5525268900579109, "max_depth": 9.0, "num_boost_round": 25.0}, "datetime": {"datetime": "2024-01-19 01:06:58", "elapsed": 3325.359982, "delta": 0.00438}}
{"target": -17.780163391093353, "params": {"gamma": 86.5782498837141, "log10_alpha": -0.39199961565706243, "log10_colsample_bytree": -0.9994706568024718, "log10_eta": -1.0387865837412806, "log10_lambda": -0.9400999288880696, "log10_min_child_weight": 1.2717682158936676, "log10_subsample": -0.5525268900579109, "max_depth": 9.0, "num_boost_round": 26.0}, "datetime": {"datetime": "2024-01-19 01:06:58", "elapsed": 3325.364206, "delta": 0.004224}}
{"target": -17.784991842950188, "params": {"gamma": 86.5782498837141, "log10_alpha": -0.39199961565706243, "log10_colsample_bytree": -0.9994706568024718, "log10_eta": -1.0387865837412806, "log10_lambda": -0.9400999288880696, "log10_min_child_weight": 1.2717682158936676, "log10_subsample": -0.5525268900579109, "max_depth": 9.0, "num_boost_round": 27.0}, "datetime": {"datetime": "2024-01-19 01:06:58", "elapsed": 3325.368505, "delta": 0.004299}}
{"target": -17.789489681947373, "params": {"gamma": 86.5782498837141, "log10_alpha": -0.39199961565706243, "log10_colsample_bytree": -0.9994706568024718, "log10_eta": -1.0387865837412806, "log10_lambda": -0.9400999288880696, "log10_min_child_weight": 1.2717682158936676, "log10_subsample": -0.5525268900579109, "max_depth": 9.0, "num_boost_round": 28.0}, "datetime": {"datetime": "2024-01-19 01:06:58", "elapsed": 3325.372827, "delta": 0.004322}}
{"target": -17.815589427595064, "params": {"gamma": 86.5782498837141, "log10_alpha": -0.39199961565706243, "log10_colsample_bytree": -0.9994706568024718, "log10_eta": -1.0387865837412806, "log10_lambda": -0.9400999288880696, "log10_min_child_weight": 1.2717682158936676, "log10_subsample": -0.5525268900579109, "max_depth": 9.0, "num_boost_round": 29.0}, "datetime": {"datetime": "2024-01-19 01:06:58", "elapsed": 3325.377146, "delta": 0.004319}}
{"target": -17.81891323181013, "params": {"gamma": 86.5782498837141, "log10_alpha": -0.39199961565706243, "log10_colsample_bytree": -0.9994706568024718, "log10_eta": -1.0387865837412806, "log10_lambda": -0.9400999288880696, "log10_min_child_weight": 1.2717682158936676, "log10_subsample": -0.5525268900579109, "max_depth": 9.0, "num_boost_round": 30.0}, "datetime": {"datetime": "2024-01-19 01:06:58", "elapsed": 3325.381607, "delta": 0.004461}}
{"target": -17.824995097300835, "params": {"gamma": 86.5782498837141, "log10_alpha": -0.39199961565706243, "log10_colsample_bytree": -0.9994706568024718, "log10_eta": -1.0387865837412806, "log10_lambda": -0.9400999288880696, "log10_min_child_weight": 1.2717682158936676, "log10_subsample": -0.5525268900579109, "max_depth": 9.0, "num_boost_round": 31.0}, "datetime": {"datetime": "2024-01-19 01:06:58", "elapsed": 3325.386493, "delta": 0.004886}}
{"target": -17.83133418120171, "params": {"gamma": 86.5782498837141, "log10_alpha": -0.39199961565706243, "log10_colsample_bytree": -0.9994706568024718, "log10_eta": -1.0387865837412806, "log10_lambda": -0.9400999288880696, "log10_min_child_weight": 1.2717682158936676, "log10_subsample": -0.5525268900579109, "max_depth": 9.0, "num_boost_round": 32.0}, "datetime": {"datetime": "2024-01-19 01:06:58", "elapsed": 3325.390943, "delta": 0.00445}}
{"target": -17.84044833375851, "params": {"gamma": 86.5782498837141, "log10_alpha": -0.39199961565706243, "log10_colsample_bytree": -0.9994706568024718, "log10_eta": -1.0387865837412806, "log10_lambda": -0.9400999288880696, "log10_min_child_weight": 1.2717682158936676, "log10_subsample": -0.5525268900579109, "max_depth": 9.0, "num_boost_round": 33.0}, "datetime": {"datetime": "2024-01-19 01:06:58", "elapsed": 3325.39519, "delta": 0.004247}}
{"target": -17.842630294435804, "params": {"gamma": 86.5782498837141, "log10_alpha": -0.39199961565706243, "log10_colsample_bytree": -0.9994706568024718, "log10_eta": -1.0387865837412806, "log10_lambda": -0.9400999288880696, "log10_min_child_weight": 1.2717682158936676, "log10_subsample": -0.5525268900579109, "max_depth": 9.0, "num_boost_round": 34.0}, "datetime": {"datetime": "2024-01-19 01:06:58", "elapsed": 3325.39964, "delta": 0.00445}}
{"target": -17.846624950144054, "params": {"gamma": 86.5782498837141, "log10_alpha": -0.39199961565706243, "log10_colsample_bytree": -0.9994706568024718, "log10_eta": -1.0387865837412806, "log10_lambda": -0.9400999288880696, "log10_min_child_weight": 1.2717682158936676, "log10_subsample": -0.5525268900579109, "max_depth": 9.0, "num_boost_round": 35.0}, "datetime": {"datetime": "2024-01-19 01:06:58", "elapsed": 3325.403828, "delta": 0.004188}}
{"target": -17.84942206205454, "params": {"gamma": 86.5782498837141, "log10_alpha": -0.39199961565706243, "log10_colsample_bytree": -0.9994706568024718, "log10_eta": -1.0387865837412806, "log10_lambda": -0.9400999288880696, "log10_min_child_weight": 1.2717682158936676, "log10_subsample": -0.5525268900579109, "max_depth": 9.0, "num_boost_round": 36.0}, "datetime": {"datetime": "2024-01-19 01:06:58", "elapsed": 3325.408153, "delta": 0.004325}}
{"target": -17.854412461933368, "params": {"gamma": 86.5782498837141, "log10_alpha": -0.39199961565706243, "log10_colsample_bytree": -0.9994706568024718, "log10_eta": -1.0387865837412806, "log10_lambda": -0.9400999288880696, "log10_min_child_weight": 1.2717682158936676, "log10_subsample": -0.5525268900579109, "max_depth": 9.0, "num_boost_round": 37.0}, "datetime": {"datetime": "2024-01-19 01:06:58", "elapsed": 3325.412541, "delta": 0.004388}}
{"target": -17.85659100852749, "params": {"gamma": 86.5782498837141, "log10_alpha": -0.39199961565706243, "log10_colsample_bytree": -0.9994706568024718, "log10_eta": -1.0387865837412806, "log10_lambda": -0.9400999288880696, "log10_min_child_weight": 1.2717682158936676, "log10_subsample": -0.5525268900579109, "max_depth": 9.0, "num_boost_round": 38.0}, "datetime": {"datetime": "2024-01-19 01:06:58", "elapsed": 3325.41676, "delta": 0.004219}}
{"target": -17.859533587951393, "params": {"gamma": 86.5782498837141, "log10_alpha": -0.39199961565706243, "log10_colsample_bytree": -0.9994706568024718, "log10_eta": -1.0387865837412806, "log10_lambda": -0.9400999288880696, "log10_min_child_weight": 1.2717682158936676, "log10_subsample": -0.5525268900579109, "max_depth": 9.0, "num_boost_round": 39.0}, "datetime": {"datetime": "2024-01-19 01:06:58", "elapsed": 3325.421021, "delta": 0.004261}}
{"target": -17.872748384756253, "params": {"gamma": 86.5782498837141, "log10_alpha": -0.39199961565706243, "log10_colsample_bytree": -0.9994706568024718, "log10_eta": -1.0387865837412806, "log10_lambda": -0.9400999288880696, "log10_min_child_weight": 1.2717682158936676, "log10_subsample": -0.5525268900579109, "max_depth": 9.0, "num_boost_round": 40.0}, "datetime": {"datetime": "2024-01-19 01:06:58", "elapsed": 3325.425366, "delta": 0.004345}}
{"target": -17.878542912612925, "params": {"gamma": 86.5782498837141, "log10_alpha": -0.39199961565706243, "log10_colsample_bytree": -0.9994706568024718, "log10_eta": -1.0387865837412806, "log10_lambda": -0.9400999288880696, "log10_min_child_weight": 1.2717682158936676, "log10_subsample": -0.5525268900579109, "max_depth": 9.0, "num_boost_round": 41.0}, "datetime": {"datetime": "2024-01-19 01:06:58", "elapsed": 3325.429726, "delta": 0.00436}}
{"target": -17.884072601522078, "params": {"gamma": 86.5782498837141, "log10_alpha": -0.39199961565706243, "log10_colsample_bytree": -0.9994706568024718, "log10_eta": -1.0387865837412806, "log10_lambda": -0.9400999288880696, "log10_min_child_weight": 1.2717682158936676, "log10_subsample": -0.5525268900579109, "max_depth": 9.0, "num_boost_round": 42.0}, "datetime": {"datetime": "2024-01-19 01:06:58", "elapsed": 3325.434182, "delta": 0.004456}}
{"target": -17.677230542535174, "params": {"gamma": 68.10652884503813, "log10_alpha": -5.0, "log10_colsample_bytree": -1.0, "log10_eta": -4.0, "log10_lambda": -5.0, "log10_min_child_weight": 0.0, "log10_subsample": -0.9405138249839288, "max_depth": 2.0, "num_boost_round": 0.0}, "datetime": {"datetime": "2024-01-19 01:08:39", "elapsed": 3426.74027, "delta": 101.306088}}
{"target": -17.677227045504804, "params": {"gamma": 68.10652884503813, "log10_alpha": -5.0, "log10_colsample_bytree": -1.0, "log10_eta": -4.0, "log10_lambda": -5.0, "log10_min_child_weight": 0.0, "log10_subsample": -0.9405138249839288, "max_depth": 2.0, "num_boost_round": 1.0}, "datetime": {"datetime": "2024-01-19 01:08:39", "elapsed": 3426.745375, "delta": 0.005105}}
{"target": -17.677226661131915, "params": {"gamma": 68.10652884503813, "log10_alpha": -5.0, "log10_colsample_bytree": -1.0, "log10_eta": -4.0, "log10_lambda": -5.0, "log10_min_child_weight": 0.0, "log10_subsample": -0.9405138249839288, "max_depth": 2.0, "num_boost_round": 2.0}, "datetime": {"datetime": "2024-01-19 01:08:39", "elapsed": 3426.749799, "delta": 0.004424}}
