{"target": -13.758532606853494, "params": {"gamma": 987.7347504057644, "log10_alpha": -1.1505278215994235, "log10_colsample_bytree": -0.4704413582244771, "log10_eta": -3.6712672345370807, "log10_lambda": 0.6719909494108451, "log10_min_child_weight": 3.4290893585157707, "log10_subsample": -0.09042309696393647, "max_depth": 2.0, "num_boost_round": 3.0}, "datetime": {"datetime": "2024-01-19 00:40:28", "elapsed": 1729.98754, "delta": 0.002625}}
{"target": -13.75853139359042, "params": {"gamma": 987.7347504057644, "log10_alpha": -1.1505278215994235, "log10_colsample_bytree": -0.4704413582244771, "log10_eta": -3.6712672345370807, "log10_lambda": 0.6719909494108451, "log10_min_child_weight": 3.4290893585157707, "log10_subsample": -0.09042309696393647, "max_depth": 2.0, "num_boost_round": 4.0}, "datetime": {"datetime": "2024-01-19 00:40:28", "elapsed": 1729.990018, "delta": 0.002478}}
{"target": -13.758530950303724, "params": {"gamma": 987.7347504057644, "log10_alpha": -1.1505278215994235, "log10_colsample_bytree": -0.4704413582244771, "log10_eta": -3.6712672345370807, "log10_lambda": 0.6719909494108451, "log10_min_child_weight": 3.4290893585157707, "log10_subsample": -0.09042309696393647, "max_depth": 2.0, "num_boost_round": 5.0}, "datetime": {"datetime": "2024-01-19 00:40:28", "elapsed": 1729.992509, "delta": 0.002491}}
{"target": -13.758529784800173, "params": {"gamma": 987.7347504057644, "log10_alpha": -1.1505278215994235, "log10_colsample_bytree": -0.4704413582244771, "log10_eta": -3.6712672345370807, "log10_lambda": 0.6719909494108451, "log10_min_child_weight": 3.4290893585157707, "log10_subsample": -0.09042309696393647, "max_depth": 2.0, "num_boost_round": 6.0}, "datetime": {"datetime": "2024-01-19 00:40:28", "elapsed": 1729.995013, "delta": 0.002504}}
{"target": -13.75853046968913, "params": {"gamma": 987.7347504057644, "log10_alpha": -1.1505278215994235, "log10_colsample_bytree": -0.4704413582244771, "log10_eta": -3.6712672345370807, "log10_lambda": 0.6719909494108451, "log10_min_child_weight": 3.4290893585157707, "log10_subsample": -0.09042309696393647, "max_depth": 2.0, "num_boost_round": 7.0}, "datetime": {"datetime": "2024-01-19 00:40:28", "elapsed": 1729.997549, "delta": 0.002536}}
{"target": -13.758528317629597, "params": {"gamma": 987.7347504057644, "log10_alpha": -1.1505278215994235, "log10_colsample_bytree": -0.4704413582244771, "log10_eta": -3.6712672345370807, "log10_lambda": 0.6719909494108451, "log10_min_child_weight": 3.4290893585157707, "log10_subsample": -0.09042309696393647, "max_depth": 2.0, "num_boost_round": 8.0}, "datetime": {"datetime": "2024-01-19 00:40:28", "elapsed": 1730.000034, "delta": 0.002485}}
{"target": -13.758524382527975, "params": {"gamma": 987.7347504057644, "log10_alpha": -1.1505278215994235, "log10_colsample_bytree": -0.4704413582244771, "log10_eta": -3.6712672345370807, "log10_lambda": 0.6719909494108451, "log10_min_child_weight": 3.4290893585157707, "log10_subsample": -0.09042309696393647, "max_depth": 2.0, "num_boost_round": 9.0}, "datetime": {"datetime": "2024-01-19 00:40:28", "elapsed": 1730.002502, "delta": 0.002468}}
{"target": -13.758522943904346, "params": {"gamma": 987.7347504057644, "log10_alpha": -1.1505278215994235, "log10_colsample_bytree": -0.4704413582244771, "log10_eta": -3.6712672345370807, "log10_lambda": 0.6719909494108451, "log10_min_child_weight": 3.4290893585157707, "log10_subsample": -0.09042309696393647, "max_depth": 2.0, "num_boost_round": 10.0}, "datetime": {"datetime": "2024-01-19 00:40:28", "elapsed": 1730.004965, "delta": 0.002463}}
{"target": -13.758518559576787, "params": {"gamma": 987.7347504057644, "log10_alpha": -1.1505278215994235, "log10_colsample_bytree": -0.4704413582244771, "log10_eta": -3.6712672345370807, "log10_lambda": 0.6719909494108451, "log10_min_child_weight": 3.4290893585157707, "log10_subsample": -0.09042309696393647, "max_depth": 2.0, "num_boost_round": 11.0}, "datetime": {"datetime": "2024-01-19 00:40:28", "elapsed": 1730.007582, "delta": 0.002617}}
{"target": -13.75851742898124, "params": {"gamma": 987.7347504057644, "log10_alpha": -1.1505278215994235, "log10_colsample_bytree": -0.4704413582244771, "log10_eta": -3.6712672345370807, "log10_lambda": 0.6719909494108451, "log10_min_child_weight": 3.4290893585157707, "log10_subsample": -0.09042309696393647, "max_depth": 2.0, "num_boost_round": 12.0}, "datetime": {"datetime": "2024-01-19 00:40:29", "elapsed": 1730.010225, "delta": 0.002643}}
{"target": -13.758516079199559, "params": {"gamma": 987.7347504057644, "log10_alpha": -1.1505278215994235, "log10_colsample_bytree": -0.4704413582244771, "log10_eta": -3.6712672345370807, "log10_lambda": 0.6719909494108451, "log10_min_child_weight": 3.4290893585157707, "log10_subsample": -0.09042309696393647, "max_depth": 2.0, "num_boost_round": 13.0}, "datetime": {"datetime": "2024-01-19 00:40:29", "elapsed": 1730.012718, "delta": 0.002493}}
{"target": -13.758515090991052, "params": {"gamma": 987.7347504057644, "log10_alpha": -1.1505278215994235, "log10_colsample_bytree": -0.4704413582244771, "log10_eta": -3.6712672345370807, "log10_lambda": 0.6719909494108451, "log10_min_child_weight": 3.4290893585157707, "log10_subsample": -0.09042309696393647, "max_depth": 2.0, "num_boost_round": 14.0}, "datetime": {"datetime": "2024-01-19 00:40:29", "elapsed": 1730.01519, "delta": 0.002472}}
{"target": -13.75851080878653, "params": {"gamma": 987.7347504057644, "log10_alpha": -1.1505278215994235, "log10_colsample_bytree": -0.4704413582244771, "log10_eta": -3.6712672345370807, "log10_lambda": 0.6719909494108451, "log10_min_child_weight": 3.4290893585157707, "log10_subsample": -0.09042309696393647, "max_depth": 2.0, "num_boost_round": 15.0}, "datetime": {"datetime": "2024-01-19 00:40:29", "elapsed": 1730.017717, "delta": 0.002527}}
{"target": -13.75850989284162, "params": {"gamma": 987.7347504057644, "log10_alpha": -1.1505278215994235, "log10_colsample_bytree": -0.4704413582244771, "log10_eta": -3.6712672345370807, "log10_lambda": 0.6719909494108451, "log10_min_child_weight": 3.4290893585157707, "log10_subsample": -0.09042309696393647, "max_depth": 2.0, "num_boost_round": 16.0}, "datetime": {"datetime": "2024-01-19 00:40:29", "elapsed": 1730.020166, "delta": 0.002449}}
{"target": -13.758509815118757, "params": {"gamma": 987.7347504057644, "log10_alpha": -1.1505278215994235, "log10_colsample_bytree": -0.4704413582244771, "log10_eta": -3.6712672345370807, "log10_lambda": 0.6719909494108451, "log10_min_child_weight": 3.4290893585157707, "log10_subsample": -0.09042309696393647, "max_depth": 2.0, "num_boost_round": 17.0}, "datetime": {"datetime": "2024-01-19 00:40:29", "elapsed": 1730.022635, "delta": 0.002469}}
{"target": -13.758509181751915, "params": {"gamma": 987.7347504057644, "log10_alpha": -1.1505278215994235, "log10_colsample_bytree": -0.4704413582244771, "log10_eta": -3.6712672345370807, "log10_lambda": 0.6719909494108451, "log10_min_child_weight": 3.4290893585157707, "log10_subsample": -0.09042309696393647, "max_depth": 2.0, "num_boost_round": 18.0}, "datetime": {"datetime": "2024-01-19 00:40:29", "elapsed": 1730.025073, "delta": 0.002438}}
{"target": -13.758506127961232, "params": {"gamma": 987.7347504057644, "log10_alpha": -1.1505278215994235, "log10_colsample_bytree": -0.4704413582244771, "log10_eta": -3.6712672345370807, "log10_lambda": 0.6719909494108451, "log10_min_child_weight": 3.4290893585157707, "log10_subsample": -0.09042309696393647, "max_depth": 2.0, "num_boost_round": 19.0}, "datetime": {"datetime": "2024-01-19 00:40:29", "elapsed": 1730.027618, "delta": 0.002545}}
{"target": -13.75850334299454, "params": {"gamma": 987.7347504057644, "log10_alpha": -1.1505278215994235, "log10_colsample_bytree": -0.4704413582244771, "log10_eta": -3.6712672345370807, "log10_lambda": 0.6719909494108451, "log10_min_child_weight": 3.4290893585157707, "log10_subsample": -0.09042309696393647, "max_depth": 2.0, "num_boost_round": 20.0}, "datetime": {"datetime": "2024-01-19 00:40:29", "elapsed": 1730.030094, "delta": 0.002476}}
{"target": -13.75850297349982, "params": {"gamma": 987.7347504057644, "log10_alpha": -1.1505278215994235, "log10_colsample_bytree": -0.4704413582244771, "log10_eta": -3.6712672345370807, "log10_lambda": 0.6719909494108451, "log10_min_child_weight": 3.4290893585157707, "log10_subsample": -0.09042309696393647, "max_depth": 2.0, "num_boost_round": 21.0}, "datetime": {"datetime": "2024-01-19 00:40:29", "elapsed": 1730.032554, "delta": 0.00246}}
{"target": -13.75850340886335, "params": {"gamma": 987.7347504057644, "log10_alpha": -1.1505278215994235, "log10_colsample_bytree": -0.4704413582244771, "log10_eta": -3.6712672345370807, "log10_lambda": 0.6719909494108451, "log10_min_child_weight": 3.4290893585157707, "log10_subsample": -0.09042309696393647, "max_depth": 2.0, "num_boost_round": 22.0}, "datetime": {"datetime": "2024-01-19 00:40:29", "elapsed": 1730.035034, "delta": 0.00248}}
{"target": -13.758499409528008, "params": {"gamma": 987.7347504057644, "log10_alpha": -1.1505278215994235, "log10_colsample_bytree": -0.4704413582244771, "log10_eta": -3.6712672345370807, "log10_lambda": 0.6719909494108451, "log10_min_child_weight": 3.4290893585157707, "log10_subsample": -0.09042309696393647, "max_depth": 2.0, "num_boost_round": 23.0}, "datetime": {"datetime": "2024-01-19 00:40:29", "elapsed": 1730.037514, "delta": 0.00248}}
{"target": -13.758499199106739, "params": {"gamma": 987.7347504057644, "log10_alpha": -1.1505278215994235, "log10_colsample_bytree": -0.4704413582244771, "log10_eta": -3.6712672345370807, "log10_lambda": 0.6719909494108451, "log10_min_child_weight": 3.4290893585157707, "log10_subsample": -0.09042309696393647, "max_depth": 2.0, "num_boost_round": 24.0}, "datetime": {"datetime": "2024-01-19 00:40:29", "elapsed": 1730.040072, "delta": 0.002558}}
{"target": -13.758495734307836, "params": {"gamma": 987.7347504057644, "log10_alpha": -1.1505278215994235, "log10_colsample_bytree": -0.4704413582244771, "log10_eta": -3.6712672345370807, "log10_lambda": 0.6719909494108451, "log10_min_child_weight": 3.4290893585157707, "log10_subsample": -0.09042309696393647, "max_depth": 2.0, "num_boost_round": 25.0}, "datetime": {"datetime": "2024-01-19 00:40:29", "elapsed": 1730.042538, "delta": 0.002466}}
{"target": -13.758494648578722, "params": {"gamma": 987.7347504057644, "log10_alpha": -1.1505278215994235, "log10_colsample_bytree": -0.4704413582244771, "log10_eta": -3.6712672345370807, "log10_lambda": 0.6719909494108451, "log10_min_child_weight": 3.4290893585157707, "log10_subsample": -0.09042309696393647, "max_depth": 2.0, "num_boost_round": 26.0}, "datetime": {"datetime": "2024-01-19 00:40:29", "elapsed": 1730.045017, "delta": 0.002479}}
{"target": -13.758490618536406, "params": {"gamma": 987.7347504057644, "log10_alpha": -1.1505278215994235, "log10_colsample_bytree": -0.4704413582244771, "log10_eta": -3.6712672345370807, "log10_lambda": 0.6719909494108451, "log10_min_child_weight": 3.4290893585157707, "log10_subsample": -0.09042309696393647, "max_depth": 2.0, "num_boost_round": 27.0}, "datetime": {"datetime": "2024-01-19 00:40:29", "elapsed": 1730.047661, "delta": 0.002644}}
{"target": -13.758490272089244, "params": {"gamma": 987.7347504057644, "log10_alpha": -1.1505278215994235, "log10_colsample_bytree": -0.4704413582244771, "log10_eta": -3.6712672345370807, "log10_lambda": 0.6719909494108451, "log10_min_child_weight": 3.4290893585157707, "log10_subsample": -0.09042309696393647, "max_depth": 2.0, "num_boost_round": 28.0}, "datetime": {"datetime": "2024-01-19 00:40:29", "elapsed": 1730.050127, "delta": 0.002466}}
{"target": -13.758485943464812, "params": {"gamma": 987.7347504057644, "log10_alpha": -1.1505278215994235, "log10_colsample_bytree": -0.4704413582244771, "log10_eta": -3.6712672345370807, "log10_lambda": 0.6719909494108451, "log10_min_child_weight": 3.4290893585157707, "log10_subsample": -0.09042309696393647, "max_depth": 2.0, "num_boost_round": 29.0}, "datetime": {"datetime": "2024-01-19 00:40:29", "elapsed": 1730.052599, "delta": 0.002472}}
{"target": -13.758484935877727, "params": {"gamma": 987.7347504057644, "log10_alpha": -1.1505278215994235, "log10_colsample_bytree": -0.4704413582244771, "log10_eta": -3.6712672345370807, "log10_lambda": 0.6719909494108451, "log10_min_child_weight": 3.4290893585157707, "log10_subsample": -0.09042309696393647, "max_depth": 2.0, "num_boost_round": 30.0}, "datetime": {"datetime": "2024-01-19 00:40:29", "elapsed": 1730.055062, "delta": 0.002463}}
{"target": -13.758481562876504, "params": {"gamma": 987.7347504057644, "log10_alpha": -1.1505278215994235, "log10_colsample_bytree": -0.4704413582244771, "log10_eta": -3.6712672345370807, "log10_lambda": 0.6719909494108451, "log10_min_child_weight": 3.4290893585157707, "log10_subsample": -0.09042309696393647, "max_depth": 2.0, "num_boost_round": 31.0}, "datetime": {"datetime": "2024-01-19 00:40:29", "elapsed": 1730.057544, "delta": 0.002482}}
{"target": -13.758479299996027, "params": {"gamma": 987.7347504057644, "log10_alpha": -1.1505278215994235, "log10_colsample_bytree": -0.4704413582244771, "log10_eta": -3.6712672345370807, "log10_lambda": 0.6719909494108451, "log10_min_child_weight": 3.4290893585157707, "log10_subsample": -0.09042309696393647, "max_depth": 2.0, "num_boost_round": 32.0}, "datetime": {"datetime": "2024-01-19 00:40:29", "elapsed": 1730.060146, "delta": 0.002602}}
{"target": -13.758479734932981, "params": {"gamma": 987.7347504057644, "log10_alpha": -1.1505278215994235, "log10_colsample_bytree": -0.4704413582244771, "log10_eta": -3.6712672345370807, "log10_lambda": 0.6719909494108451, "log10_min_child_weight": 3.4290893585157707, "log10_subsample": -0.09042309696393647, "max_depth": 2.0, "num_boost_round": 33.0}, "datetime": {"datetime": "2024-01-19 00:40:29", "elapsed": 1730.062715, "delta": 0.002569}}
{"target": -13.75847927686556, "params": {"gamma": 987.7347504057644, "log10_alpha": -1.1505278215994235, "log10_colsample_bytree": -0.4704413582244771, "log10_eta": -3.6712672345370807, "log10_lambda": 0.6719909494108451, "log10_min_child_weight": 3.4290893585157707, "log10_subsample": -0.09042309696393647, "max_depth": 2.0, "num_boost_round": 34.0}, "datetime": {"datetime": "2024-01-19 00:40:29", "elapsed": 1730.065296, "delta": 0.002581}}
{"target": -13.75848002518836, "params": {"gamma": 987.7347504057644, "log10_alpha": -1.1505278215994235, "log10_colsample_bytree": -0.4704413582244771, "log10_eta": -3.6712672345370807, "log10_lambda": 0.6719909494108451, "log10_min_child_weight": 3.4290893585157707, "log10_subsample": -0.09042309696393647, "max_depth": 2.0, "num_boost_round": 35.0}, "datetime": {"datetime": "2024-01-19 00:40:29", "elapsed": 1730.06786, "delta": 0.002564}}
{"target": -13.758479198544443, "params": {"gamma": 987.7347504057644, "log10_alpha": -1.1505278215994235, "log10_colsample_bytree": -0.4704413582244771, "log10_eta": -3.6712672345370807, "log10_lambda": 0.6719909494108451, "log10_min_child_weight": 3.4290893585157707, "log10_subsample": -0.09042309696393647, "max_depth": 2.0, "num_boost_round": 36.0}, "datetime": {"datetime": "2024-01-19 00:40:29", "elapsed": 1730.070339, "delta": 0.002479}}
{"target": -13.758478131199617, "params": {"gamma": 987.7347504057644, "log10_alpha": -1.1505278215994235, "log10_colsample_bytree": -0.4704413582244771, "log10_eta": -3.6712672345370807, "log10_lambda": 0.6719909494108451, "log10_min_child_weight": 3.4290893585157707, "log10_subsample": -0.09042309696393647, "max_depth": 2.0, "num_boost_round": 37.0}, "datetime": {"datetime": "2024-01-19 00:40:29", "elapsed": 1730.072837, "delta": 0.002498}}
{"target": -13.758475953280302, "params": {"gamma": 987.7347504057644, "log10_alpha": -1.1505278215994235, "log10_colsample_bytree": -0.4704413582244771, "log10_eta": -3.6712672345370807, "log10_lambda": 0.6719909494108451, "log10_min_child_weight": 3.4290893585157707, "log10_subsample": -0.09042309696393647, "max_depth": 2.0, "num_boost_round": 38.0}, "datetime": {"datetime": "2024-01-19 00:40:29", "elapsed": 1730.07532, "delta": 0.002483}}
{"target": -13.75847197438606, "params": {"gamma": 987.7347504057644, "log10_alpha": -1.1505278215994235, "log10_colsample_bytree": -0.4704413582244771, "log10_eta": -3.6712672345370807, "log10_lambda": 0.6719909494108451, "log10_min_child_weight": 3.4290893585157707, "log10_subsample": -0.09042309696393647, "max_depth": 2.0, "num_boost_round": 39.0}, "datetime": {"datetime": "2024-01-19 00:40:29", "elapsed": 1730.077856, "delta": 0.002536}}
{"target": -13.758469545853382, "params": {"gamma": 987.7347504057644, "log10_alpha": -1.1505278215994235, "log10_colsample_bytree": -0.4704413582244771, "log10_eta": -3.6712672345370807, "log10_lambda": 0.6719909494108451, "log10_min_child_weight": 3.4290893585157707, "log10_subsample": -0.09042309696393647, "max_depth": 2.0, "num_boost_round": 40.0}, "datetime": {"datetime": "2024-01-19 00:40:29", "elapsed": 1730.080369, "delta": 0.002513}}
{"target": -13.75901766291887, "params": {"gamma": 950.178858494277, "log10_alpha": -0.6066071838648304, "log10_colsample_bytree": -0.8737629888336299, "log10_eta": -0.6042030202780477, "log10_lambda": 0.4015201525162606, "log10_min_child_weight": 4.5618870482235625, "log10_subsample": -0.6062724413367118, "max_depth": 9.0, "num_boost_round": 0.0}, "datetime": {"datetime": "2024-01-19 00:41:04", "elapsed": 1765.605111, "delta": 35.524742}}
{"target": -13.757873739001738, "params": {"gamma": 950.178858494277, "log10_alpha": -0.6066071838648304, "log10_colsample_bytree": -0.8737629888336299, "log10_eta": -0.6042030202780477, "log10_lambda": 0.4015201525162606, "log10_min_child_weight": 4.5618870482235625, "log10_subsample": -0.6062724413367118, "max_depth": 9.0, "num_boost_round": 1.0}, "datetime": {"datetime": "2024-01-19 00:41:04", "elapsed": 1765.608399, "delta": 0.003288}}
{"target": -13.759144268008994, "params": {"gamma": 950.178858494277, "log10_alpha": -0.6066071838648304, "log10_colsample_bytree": -0.8737629888336299, "log10_eta": -0.6042030202780477, "log10_lambda": 0.4015201525162606, "log10_min_child_weight": 4.5618870482235625, "log10_subsample": -0.6062724413367118, "max_depth": 9.0, "num_boost_round": 2.0}, "datetime": {"datetime": "2024-01-19 00:41:04", "elapsed": 1765.61115, "delta": 0.002751}}
{"target": -13.760163194642201, "params": {"gamma": 950.178858494277, "log10_alpha": -0.6066071838648304, "log10_colsample_bytree": -0.8737629888336299, "log10_eta": -0.6042030202780477, "log10_lambda": 0.4015201525162606, "log10_min_child_weight": 4.5618870482235625, "log10_subsample": -0.6062724413367118, "max_depth": 9.0, "num_boost_round": 3.0}, "datetime": {"datetime": "2024-01-19 00:41:04", "elapsed": 1765.613684, "delta": 0.002534}}
{"target": -13.762476061332968, "params": {"gamma": 950.178858494277, "log10_alpha": -0.6066071838648304, "log10_colsample_bytree": -0.8737629888336299, "log10_eta": -0.6042030202780477, "log10_lambda": 0.4015201525162606, "log10_min_child_weight": 4.5618870482235625, "log10_subsample": -0.6062724413367118, "max_depth": 9.0, "num_boost_round": 4.0}, "datetime": {"datetime": "2024-01-19 00:41:04", "elapsed": 1765.616231, "delta": 0.002547}}
{"target": -13.763399231088354, "params": {"gamma": 950.178858494277, "log10_alpha": -0.6066071838648304, "log10_colsample_bytree": -0.8737629888336299, "log10_eta": -0.6042030202780477, "log10_lambda": 0.4015201525162606, "log10_min_child_weight": 4.5618870482235625, "log10_subsample": -0.6062724413367118, "max_depth": 9.0, "num_boost_round": 5.0}, "datetime": {"datetime": "2024-01-19 00:41:04", "elapsed": 1765.618844, "delta": 0.002613}}
{"target": -13.763677728325261, "params": {"gamma": 950.178858494277, "log10_alpha": -0.6066071838648304, "log10_colsample_bytree": -0.8737629888336299, "log10_eta": -0.6042030202780477, "log10_lambda": 0.4015201525162606, "log10_min_child_weight": 4.5618870482235625, "log10_subsample": -0.6062724413367118, "max_depth": 9.0, "num_boost_round": 6.0}, "datetime": {"datetime": "2024-01-19 00:41:04", "elapsed": 1765.621379, "delta": 0.002535}}
{"target": -13.76353081651593, "params": {"gamma": 950.178858494277, "log10_alpha": -0.6066071838648304, "log10_colsample_bytree": -0.8737629888336299, "log10_eta": -0.6042030202780477, "log10_lambda": 0.4015201525162606, "log10_min_child_weight": 4.5618870482235625, "log10_subsample": -0.6062724413367118, "max_depth": 9.0, "num_boost_round": 7.0}, "datetime": {"datetime": "2024-01-19 00:41:04", "elapsed": 1765.62391, "delta": 0.002531}}
{"target": -13.765290738600727, "params": {"gamma": 950.178858494277, "log10_alpha": -0.6066071838648304, "log10_colsample_bytree": -0.8737629888336299, "log10_eta": -0.6042030202780477, "log10_lambda": 0.4015201525162606, "log10_min_child_weight": 4.5618870482235625, "log10_subsample": -0.6062724413367118, "max_depth": 9.0, "num_boost_round": 8.0}, "datetime": {"datetime": "2024-01-19 00:41:04", "elapsed": 1765.626461, "delta": 0.002551}}
{"target": -13.767292964793453, "params": {"gamma": 950.178858494277, "log10_alpha": -0.6066071838648304, "log10_colsample_bytree": -0.8737629888336299, "log10_eta": -0.6042030202780477, "log10_lambda": 0.4015201525162606, "log10_min_child_weight": 4.5618870482235625, "log10_subsample": -0.6062724413367118, "max_depth": 9.0, "num_boost_round": 9.0}, "datetime": {"datetime": "2024-01-19 00:41:04", "elapsed": 1765.629042, "delta": 0.002581}}
{"target": -13.769213235857746, "params": {"gamma": 950.178858494277, "log10_alpha": -0.6066071838648304, "log10_colsample_bytree": -0.8737629888336299, "log10_eta": -0.6042030202780477, "log10_lambda": 0.4015201525162606, "log10_min_child_weight": 4.5618870482235625, "log10_subsample": -0.6062724413367118, "max_depth": 9.0, "num_boost_round": 10.0}, "datetime": {"datetime": "2024-01-19 00:41:04", "elapsed": 1765.631571, "delta": 0.002529}}
