{"target": -13.75853043873866, "params": {"gamma": 550.1152717787685, "log10_alpha": 0.8543838338017755, "log10_colsample_bytree": -0.17159318494464826, "log10_eta": -3.5637012122342395, "log10_lambda": -4.494651722501757, "log10_min_child_weight": 4.430543126454704, "log10_subsample": -0.21638644415627417, "max_depth": 8.0, "num_boost_round": 33.0}, "datetime": {"datetime": "2024-01-19 00:28:35", "elapsed": 967.592681, "delta": 0.001592}}
{"target": -13.75852886354176, "params": {"gamma": 550.6083326501181, "log10_alpha": -2.2556673927926534, "log10_colsample_bytree": -0.8031303888882326, "log10_eta": -3.504470852210451, "log10_lambda": -4.624496526657206, "log10_min_child_weight": 2.38308749497028, "log10_subsample": -0.5709636685564989, "max_depth": 8.0, "num_boost_round": 0.0}, "datetime": {"datetime": "2024-01-19 00:29:09", "elapsed": 1001.685638, "delta": 34.092957}}
{"target": -13.758521712511783, "params": {"gamma": 550.6083326501181, "log10_alpha": -2.2556673927926534, "log10_colsample_bytree": -0.8031303888882326, "log10_eta": -3.504470852210451, "log10_lambda": -4.624496526657206, "log10_min_child_weight": 2.38308749497028, "log10_subsample": -0.5709636685564989, "max_depth": 8.0, "num_boost_round": 1.0}, "datetime": {"datetime": "2024-01-19 00:29:09", "elapsed": 1001.687841, "delta": 0.002203}}
{"target": -13.758518752243592, "params": {"gamma": 550.6083326501181, "log10_alpha": -2.2556673927926534, "log10_colsample_bytree": -0.8031303888882326, "log10_eta": -3.504470852210451, "log10_lambda": -4.624496526657206, "log10_min_child_weight": 2.38308749497028, "log10_subsample": -0.5709636685564989, "max_depth": 8.0, "num_boost_round": 2.0}, "datetime": {"datetime": "2024-01-19 00:29:09", "elapsed": 1001.689853, "delta": 0.002012}}
{"target": -13.758514308973181, "params": {"gamma": 550.6083326501181, "log10_alpha": -2.2556673927926534, "log10_colsample_bytree": -0.8031303888882326, "log10_eta": -3.504470852210451, "log10_lambda": -4.624496526657206, "log10_min_child_weight": 2.38308749497028, "log10_subsample": -0.5709636685564989, "max_depth": 8.0, "num_boost_round": 3.0}, "datetime": {"datetime": "2024-01-19 00:29:09", "elapsed": 1001.691618, "delta": 0.001765}}
{"target": -13.758500680847044, "params": {"gamma": 550.6083326501181, "log10_alpha": -2.2556673927926534, "log10_colsample_bytree": -0.8031303888882326, "log10_eta": -3.504470852210451, "log10_lambda": -4.624496526657206, "log10_min_child_weight": 2.38308749497028, "log10_subsample": -0.5709636685564989, "max_depth": 8.0, "num_boost_round": 4.0}, "datetime": {"datetime": "2024-01-19 00:29:09", "elapsed": 1001.693452, "delta": 0.001834}}
{"target": -13.758494590109963, "params": {"gamma": 550.6083326501181, "log10_alpha": -2.2556673927926534, "log10_colsample_bytree": -0.8031303888882326, "log10_eta": -3.504470852210451, "log10_lambda": -4.624496526657206, "log10_min_child_weight": 2.38308749497028, "log10_subsample": -0.5709636685564989, "max_depth": 8.0, "num_boost_round": 5.0}, "datetime": {"datetime": "2024-01-19 00:29:09", "elapsed": 1001.695213, "delta": 0.001761}}
{"target": -13.758492055266812, "params": {"gamma": 550.6083326501181, "log10_alpha": -2.2556673927926534, "log10_colsample_bytree": -0.8031303888882326, "log10_eta": -3.504470852210451, "log10_lambda": -4.624496526657206, "log10_min_child_weight": 2.38308749497028, "log10_subsample": -0.5709636685564989, "max_depth": 8.0, "num_boost_round": 6.0}, "datetime": {"datetime": "2024-01-19 00:29:09", "elapsed": 1001.696898, "delta": 0.001685}}
{"target": -13.75847974726032, "params": {"gamma": 550.6083326501181, "log10_alpha": -2.2556673927926534, "log10_colsample_bytree": -0.8031303888882326, "log10_eta": -3.504470852210451, "log10_lambda": -4.624496526657206, "log10_min_child_weight": 2.38308749497028, "log10_subsample": -0.5709636685564989, "max_depth": 8.0, "num_boost_round": 7.0}, "datetime": {"datetime": "2024-01-19 00:29:09", "elapsed": 1001.698654, "delta": 0.001756}}
{"target": -13.758470165595972, "params": {"gamma": 550.6083326501181, "log10_alpha": -2.2556673927926534, "log10_colsample_bytree": -0.8031303888882326, "log10_eta": -3.504470852210451, "log10_lambda": -4.624496526657206, "log10_min_child_weight": 2.38308749497028, "log10_subsample": -0.5709636685564989, "max_depth": 8.0, "num_boost_round": 8.0}, "datetime": {"datetime": "2024-01-19 00:29:09", "elapsed": 1001.700239, "delta": 0.001585}}
{"target": -13.7584708898306, "params": {"gamma": 550.6083326501181, "log10_alpha": -2.2556673927926534, "log10_colsample_bytree": -0.8031303888882326, "log10_eta": -3.504470852210451, "log10_lambda": -4.624496526657206, "log10_min_child_weight": 2.38308749497028, "log10_subsample": -0.5709636685564989, "max_depth": 8.0, "num_boost_round": 9.0}, "datetime": {"datetime": "2024-01-19 00:29:09", "elapsed": 1001.701808, "delta": 0.001569}}
{"target": -13.758458432516283, "params": {"gamma": 550.6083326501181, "log10_alpha": -2.2556673927926534, "log10_colsample_bytree": -0.8031303888882326, "log10_eta": -3.504470852210451, "log10_lambda": -4.624496526657206, "log10_min_child_weight": 2.38308749497028, "log10_subsample": -0.5709636685564989, "max_depth": 8.0, "num_boost_round": 10.0}, "datetime": {"datetime": "2024-01-19 00:29:09", "elapsed": 1001.703378, "delta": 0.00157}}
{"target": -13.75845564417242, "params": {"gamma": 550.6083326501181, "log10_alpha": -2.2556673927926534, "log10_colsample_bytree": -0.8031303888882326, "log10_eta": -3.504470852210451, "log10_lambda": -4.624496526657206, "log10_min_child_weight": 2.38308749497028, "log10_subsample": -0.5709636685564989, "max_depth": 8.0, "num_boost_round": 11.0}, "datetime": {"datetime": "2024-01-19 00:29:09", "elapsed": 1001.704936, "delta": 0.001558}}
{"target": -13.758456323846353, "params": {"gamma": 550.6083326501181, "log10_alpha": -2.2556673927926534, "log10_colsample_bytree": -0.8031303888882326, "log10_eta": -3.504470852210451, "log10_lambda": -4.624496526657206, "log10_min_child_weight": 2.38308749497028, "log10_subsample": -0.5709636685564989, "max_depth": 8.0, "num_boost_round": 12.0}, "datetime": {"datetime": "2024-01-19 00:29:09", "elapsed": 1001.706521, "delta": 0.001585}}
{"target": -13.758440964677876, "params": {"gamma": 550.6083326501181, "log10_alpha": -2.2556673927926534, "log10_colsample_bytree": -0.8031303888882326, "log10_eta": -3.504470852210451, "log10_lambda": -4.624496526657206, "log10_min_child_weight": 2.38308749497028, "log10_subsample": -0.5709636685564989, "max_depth": 8.0, "num_boost_round": 13.0}, "datetime": {"datetime": "2024-01-19 00:29:09", "elapsed": 1001.708096, "delta": 0.001575}}
{"target": -13.758434847327523, "params": {"gamma": 550.6083326501181, "log10_alpha": -2.2556673927926534, "log10_colsample_bytree": -0.8031303888882326, "log10_eta": -3.504470852210451, "log10_lambda": -4.624496526657206, "log10_min_child_weight": 2.38308749497028, "log10_subsample": -0.5709636685564989, "max_depth": 8.0, "num_boost_round": 14.0}, "datetime": {"datetime": "2024-01-19 00:29:09", "elapsed": 1001.709679, "delta": 0.001583}}
{"target": -13.758426325339554, "params": {"gamma": 550.6083326501181, "log10_alpha": -2.2556673927926534, "log10_colsample_bytree": -0.8031303888882326, "log10_eta": -3.504470852210451, "log10_lambda": -4.624496526657206, "log10_min_child_weight": 2.38308749497028, "log10_subsample": -0.5709636685564989, "max_depth": 8.0, "num_boost_round": 15.0}, "datetime": {"datetime": "2024-01-19 00:29:09", "elapsed": 1001.711263, "delta": 0.001584}}
{"target": -13.758421351056732, "params": {"gamma": 550.6083326501181, "log10_alpha": -2.2556673927926534, "log10_colsample_bytree": -0.8031303888882326, "log10_eta": -3.504470852210451, "log10_lambda": -4.624496526657206, "log10_min_child_weight": 2.38308749497028, "log10_subsample": -0.5709636685564989, "max_depth": 8.0, "num_boost_round": 16.0}, "datetime": {"datetime": "2024-01-19 00:29:09", "elapsed": 1001.71303, "delta": 0.001767}}
{"target": -13.75840996051693, "params": {"gamma": 550.6083326501181, "log10_alpha": -2.2556673927926534, "log10_colsample_bytree": -0.8031303888882326, "log10_eta": -3.504470852210451, "log10_lambda": -4.624496526657206, "log10_min_child_weight": 2.38308749497028, "log10_subsample": -0.5709636685564989, "max_depth": 8.0, "num_boost_round": 17.0}, "datetime": {"datetime": "2024-01-19 00:29:09", "elapsed": 1001.714636, "delta": 0.001606}}
{"target": -13.758403109201996, "params": {"gamma": 550.6083326501181, "log10_alpha": -2.2556673927926534, "log10_colsample_bytree": -0.8031303888882326, "log10_eta": -3.504470852210451, "log10_lambda": -4.624496526657206, "log10_min_child_weight": 2.38308749497028, "log10_subsample": -0.5709636685564989, "max_depth": 8.0, "num_boost_round": 18.0}, "datetime": {"datetime": "2024-01-19 00:29:09", "elapsed": 1001.716661, "delta": 0.002025}}
{"target": -13.75839607462895, "params": {"gamma": 550.6083326501181, "log10_alpha": -2.2556673927926534, "log10_colsample_bytree": -0.8031303888882326, "log10_eta": -3.504470852210451, "log10_lambda": -4.624496526657206, "log10_min_child_weight": 2.38308749497028, "log10_subsample": -0.5709636685564989, "max_depth": 8.0, "num_boost_round": 19.0}, "datetime": {"datetime": "2024-01-19 00:29:09", "elapsed": 1001.718284, "delta": 0.001623}}
{"target": -13.75838339806506, "params": {"gamma": 550.6083326501181, "log10_alpha": -2.2556673927926534, "log10_colsample_bytree": -0.8031303888882326, "log10_eta": -3.504470852210451, "log10_lambda": -4.624496526657206, "log10_min_child_weight": 2.38308749497028, "log10_subsample": -0.5709636685564989, "max_depth": 8.0, "num_boost_round": 20.0}, "datetime": {"datetime": "2024-01-19 00:29:09", "elapsed": 1001.720183, "delta": 0.001899}}
{"target": -13.758362952045763, "params": {"gamma": 550.6083326501181, "log10_alpha": -2.2556673927926534, "log10_colsample_bytree": -0.8031303888882326, "log10_eta": -3.504470852210451, "log10_lambda": -4.624496526657206, "log10_min_child_weight": 2.38308749497028, "log10_subsample": -0.5709636685564989, "max_depth": 8.0, "num_boost_round": 21.0}, "datetime": {"datetime": "2024-01-19 00:29:09", "elapsed": 1001.721783, "delta": 0.0016}}
{"target": -13.758347555442693, "params": {"gamma": 550.6083326501181, "log10_alpha": -2.2556673927926534, "log10_colsample_bytree": -0.8031303888882326, "log10_eta": -3.504470852210451, "log10_lambda": -4.624496526657206, "log10_min_child_weight": 2.38308749497028, "log10_subsample": -0.5709636685564989, "max_depth": 8.0, "num_boost_round": 22.0}, "datetime": {"datetime": "2024-01-19 00:29:09", "elapsed": 1001.723387, "delta": 0.001604}}
{"target": -13.758331068249673, "params": {"gamma": 550.6083326501181, "log10_alpha": -2.2556673927926534, "log10_colsample_bytree": -0.8031303888882326, "log10_eta": -3.504470852210451, "log10_lambda": -4.624496526657206, "log10_min_child_weight": 2.38308749497028, "log10_subsample": -0.5709636685564989, "max_depth": 8.0, "num_boost_round": 23.0}, "datetime": {"datetime": "2024-01-19 00:29:09", "elapsed": 1001.724988, "delta": 0.001601}}
{"target": -13.758326452216522, "params": {"gamma": 550.6083326501181, "log10_alpha": -2.2556673927926534, "log10_colsample_bytree": -0.8031303888882326, "log10_eta": -3.504470852210451, "log10_lambda": -4.624496526657206, "log10_min_child_weight": 2.38308749497028, "log10_subsample": -0.5709636685564989, "max_depth": 8.0, "num_boost_round": 24.0}, "datetime": {"datetime": "2024-01-19 00:29:09", "elapsed": 1001.726575, "delta": 0.001587}}
{"target": -13.7583127205849, "params": {"gamma": 550.6083326501181, "log10_alpha": -2.2556673927926534, "log10_colsample_bytree": -0.8031303888882326, "log10_eta": -3.504470852210451, "log10_lambda": -4.624496526657206, "log10_min_child_weight": 2.38308749497028, "log10_subsample": -0.5709636685564989, "max_depth": 8.0, "num_boost_round": 25.0}, "datetime": {"datetime": "2024-01-19 00:29:09", "elapsed": 1001.728171, "delta": 0.001596}}
{"target": -13.758306525846962, "params": {"gamma": 550.6083326501181, "log10_alpha": -2.2556673927926534, "log10_colsample_bytree": -0.8031303888882326, "log10_eta": -3.504470852210451, "log10_lambda": -4.624496526657206, "log10_min_child_weight": 2.38308749497028, "log10_subsample": -0.5709636685564989, "max_depth": 8.0, "num_boost_round": 26.0}, "datetime": {"datetime": "2024-01-19 00:29:09", "elapsed": 1001.729769, "delta": 0.001598}}
{"target": -13.75830011606667, "params": {"gamma": 550.6083326501181, "log10_alpha": -2.2556673927926534, "log10_colsample_bytree": -0.8031303888882326, "log10_eta": -3.504470852210451, "log10_lambda": -4.624496526657206, "log10_min_child_weight": 2.38308749497028, "log10_subsample": -0.5709636685564989, "max_depth": 8.0, "num_boost_round": 27.0}, "datetime": {"datetime": "2024-01-19 00:29:09", "elapsed": 1001.731373, "delta": 0.001604}}
{"target": -13.75828985979007, "params": {"gamma": 550.6083326501181, "log10_alpha": -2.2556673927926534, "log10_colsample_bytree": -0.8031303888882326, "log10_eta": -3.504470852210451, "log10_lambda": -4.624496526657206, "log10_min_child_weight": 2.38308749497028, "log10_subsample": -0.5709636685564989, "max_depth": 8.0, "num_boost_round": 28.0}, "datetime": {"datetime": "2024-01-19 00:29:09", "elapsed": 1001.733153, "delta": 0.00178}}
{"target": -13.758272036168492, "params": {"gamma": 550.6083326501181, "log10_alpha": -2.2556673927926534, "log10_colsample_bytree": -0.8031303888882326, "log10_eta": -3.504470852210451, "log10_lambda": -4.624496526657206, "log10_min_child_weight": 2.38308749497028, "log10_subsample": -0.5709636685564989, "max_depth": 8.0, "num_boost_round": 29.0}, "datetime": {"datetime": "2024-01-19 00:29:09", "elapsed": 1001.734757, "delta": 0.001604}}
{"target": -13.75825983425121, "params": {"gamma": 550.6083326501181, "log10_alpha": -2.2556673927926534, "log10_colsample_bytree": -0.8031303888882326, "log10_eta": -3.504470852210451, "log10_lambda": -4.624496526657206, "log10_min_child_weight": 2.38308749497028, "log10_subsample": -0.5709636685564989, "max_depth": 8.0, "num_boost_round": 30.0}, "datetime": {"datetime": "2024-01-19 00:29:09", "elapsed": 1001.736893, "delta": 0.002136}}
{"target": -13.758253761736205, "params": {"gamma": 550.6083326501181, "log10_alpha": -2.2556673927926534, "log10_colsample_bytree": -0.8031303888882326, "log10_eta": -3.504470852210451, "log10_lambda": -4.624496526657206, "log10_min_child_weight": 2.38308749497028, "log10_subsample": -0.5709636685564989, "max_depth": 8.0, "num_boost_round": 31.0}, "datetime": {"datetime": "2024-01-19 00:29:09", "elapsed": 1001.738573, "delta": 0.00168}}
{"target": -13.758249073075817, "params": {"gamma": 550.6083326501181, "log10_alpha": -2.2556673927926534, "log10_colsample_bytree": -0.8031303888882326, "log10_eta": -3.504470852210451, "log10_lambda": -4.624496526657206, "log10_min_child_weight": 2.38308749497028, "log10_subsample": -0.5709636685564989, "max_depth": 8.0, "num_boost_round": 32.0}, "datetime": {"datetime": "2024-01-19 00:29:09", "elapsed": 1001.740179, "delta": 0.001606}}
{"target": -13.758233882186248, "params": {"gamma": 550.6083326501181, "log10_alpha": -2.2556673927926534, "log10_colsample_bytree": -0.8031303888882326, "log10_eta": -3.504470852210451, "log10_lambda": -4.624496526657206, "log10_min_child_weight": 2.38308749497028, "log10_subsample": -0.5709636685564989, "max_depth": 8.0, "num_boost_round": 33.0}, "datetime": {"datetime": "2024-01-19 00:29:09", "elapsed": 1001.741798, "delta": 0.001619}}
{"target": -13.758227544049703, "params": {"gamma": 550.6083326501181, "log10_alpha": -2.2556673927926534, "log10_colsample_bytree": -0.8031303888882326, "log10_eta": -3.504470852210451, "log10_lambda": -4.624496526657206, "log10_min_child_weight": 2.38308749497028, "log10_subsample": -0.5709636685564989, "max_depth": 8.0, "num_boost_round": 34.0}, "datetime": {"datetime": "2024-01-19 00:29:09", "elapsed": 1001.74343, "delta": 0.001632}}
{"target": -13.758218736420208, "params": {"gamma": 550.6083326501181, "log10_alpha": -2.2556673927926534, "log10_colsample_bytree": -0.8031303888882326, "log10_eta": -3.504470852210451, "log10_lambda": -4.624496526657206, "log10_min_child_weight": 2.38308749497028, "log10_subsample": -0.5709636685564989, "max_depth": 8.0, "num_boost_round": 35.0}, "datetime": {"datetime": "2024-01-19 00:29:09", "elapsed": 1001.745042, "delta": 0.001612}}
{"target": -13.758220623128848, "params": {"gamma": 550.6083326501181, "log10_alpha": -2.2556673927926534, "log10_colsample_bytree": -0.8031303888882326, "log10_eta": -3.504470852210451, "log10_lambda": -4.624496526657206, "log10_min_child_weight": 2.38308749497028, "log10_subsample": -0.5709636685564989, "max_depth": 8.0, "num_boost_round": 36.0}, "datetime": {"datetime": "2024-01-19 00:29:09", "elapsed": 1001.746688, "delta": 0.001646}}
{"target": -13.758537984237925, "params": {"gamma": 554.9720758153851, "log10_alpha": -3.6641039570067546, "log10_colsample_bytree": -0.1609959517794235, "log10_eta": -3.9395311477423034, "log10_lambda": 0.5011938842041213, "log10_min_child_weight": 3.4508126975424407, "log10_subsample": -0.8067636492196204, "max_depth": 2.0, "num_boost_round": 0.0}, "datetime": {"datetime": "2024-01-19 00:29:38", "elapsed": 1030.957659, "delta": 29.210971}}
{"target": -13.758537537501729, "params": {"gamma": 554.9720758153851, "log10_alpha": -3.6641039570067546, "log10_colsample_bytree": -0.1609959517794235, "log10_eta": -3.9395311477423034, "log10_lambda": 0.5011938842041213, "log10_min_child_weight": 3.4508126975424407, "log10_subsample": -0.8067636492196204, "max_depth": 2.0, "num_boost_round": 1.0}, "datetime": {"datetime": "2024-01-19 00:29:38", "elapsed": 1030.95975, "delta": 0.002091}}
{"target": -13.75853789572931, "params": {"gamma": 554.9720758153851, "log10_alpha": -3.6641039570067546, "log10_colsample_bytree": -0.1609959517794235, "log10_eta": -3.9395311477423034, "log10_lambda": 0.5011938842041213, "log10_min_child_weight": 3.4508126975424407, "log10_subsample": -0.8067636492196204, "max_depth": 2.0, "num_boost_round": 2.0}, "datetime": {"datetime": "2024-01-19 00:29:38", "elapsed": 1030.961913, "delta": 0.002163}}
{"target": -13.758537913445721, "params": {"gamma": 554.9720758153851, "log10_alpha": -3.6641039570067546, "log10_colsample_bytree": -0.1609959517794235, "log10_eta": -3.9395311477423034, "log10_lambda": 0.5011938842041213, "log10_min_child_weight": 3.4508126975424407, "log10_subsample": -0.8067636492196204, "max_depth": 2.0, "num_boost_round": 3.0}, "datetime": {"datetime": "2024-01-19 00:29:38", "elapsed": 1030.96354, "delta": 0.001627}}
{"target": -13.758537927380434, "params": {"gamma": 554.9720758153851, "log10_alpha": -3.6641039570067546, "log10_colsample_bytree": -0.1609959517794235, "log10_eta": -3.9395311477423034, "log10_lambda": 0.5011938842041213, "log10_min_child_weight": 3.4508126975424407, "log10_subsample": -0.8067636492196204, "max_depth": 2.0, "num_boost_round": 4.0}, "datetime": {"datetime": "2024-01-19 00:29:38", "elapsed": 1030.965386, "delta": 0.001846}}
{"target": -13.758537250329828, "params": {"gamma": 554.9720758153851, "log10_alpha": -3.6641039570067546, "log10_colsample_bytree": -0.1609959517794235, "log10_eta": -3.9395311477423034, "log10_lambda": 0.5011938842041213, "log10_min_child_weight": 3.4508126975424407, "log10_subsample": -0.8067636492196204, "max_depth": 2.0, "num_boost_round": 5.0}, "datetime": {"datetime": "2024-01-19 00:29:38", "elapsed": 1030.967057, "delta": 0.001671}}
{"target": -13.75853705765505, "params": {"gamma": 554.9720758153851, "log10_alpha": -3.6641039570067546, "log10_colsample_bytree": -0.1609959517794235, "log10_eta": -3.9395311477423034, "log10_lambda": 0.5011938842041213, "log10_min_child_weight": 3.4508126975424407, "log10_subsample": -0.8067636492196204, "max_depth": 2.0, "num_boost_round": 6.0}, "datetime": {"datetime": "2024-01-19 00:29:38", "elapsed": 1030.968698, "delta": 0.001641}}
{"target": -13.758538393281018, "params": {"gamma": 554.9720758153851, "log10_alpha": -3.6641039570067546, "log10_colsample_bytree": -0.1609959517794235, "log10_eta": -3.9395311477423034, "log10_lambda": 0.5011938842041213, "log10_min_child_weight": 3.4508126975424407, "log10_subsample": -0.8067636492196204, "max_depth": 2.0, "num_boost_round": 7.0}, "datetime": {"datetime": "2024-01-19 00:29:38", "elapsed": 1030.970365, "delta": 0.001667}}
{"target": -13.758538096003003, "params": {"gamma": 554.9720758153851, "log10_alpha": -3.6641039570067546, "log10_colsample_bytree": -0.1609959517794235, "log10_eta": -3.9395311477423034, "log10_lambda": 0.5011938842041213, "log10_min_child_weight": 3.4508126975424407, "log10_subsample": -0.8067636492196204, "max_depth": 2.0, "num_boost_round": 8.0}, "datetime": {"datetime": "2024-01-19 00:29:38", "elapsed": 1030.972147, "delta": 0.001782}}
{"target": -13.758537553000695, "params": {"gamma": 554.9720758153851, "log10_alpha": -3.6641039570067546, "log10_colsample_bytree": -0.1609959517794235, "log10_eta": -3.9395311477423034, "log10_lambda": 0.5011938842041213, "log10_min_child_weight": 3.4508126975424407, "log10_subsample": -0.8067636492196204, "max_depth": 2.0, "num_boost_round": 9.0}, "datetime": {"datetime": "2024-01-19 00:29:38", "elapsed": 1030.973925, "delta": 0.001778}}
{"target": -13.758537477630625, "params": {"gamma": 554.9720758153851, "log10_alpha": -3.6641039570067546, "log10_colsample_bytree": -0.1609959517794235, "log10_eta": -3.9395311477423034, "log10_lambda": 0.5011938842041213, "log10_min_child_weight": 3.4508126975424407, "log10_subsample": -0.8067636492196204, "max_depth": 2.0, "num_boost_round": 10.0}, "datetime": {"datetime": "2024-01-19 00:29:38", "elapsed": 1030.975584, "delta": 0.001659}}
