{"target": -13.758471556187459, "params": {"gamma": 40.83065110704054, "log10_alpha": -2.5782332705766433, "log10_colsample_bytree": -0.09140917887254829, "log10_eta": -3.2621732277491615, "log10_lambda": -4.473285763424649, "log10_min_child_weight": 1.3566400310831783, "log10_subsample": -0.4050095325350862, "max_depth": 9.0, "num_boost_round": 5.0}, "datetime": {"datetime": "2024-01-19 01:37:13", "elapsed": 5141.49304, "delta": 0.004777}}
{"target": -13.758450309891268, "params": {"gamma": 40.83065110704054, "log10_alpha": -2.5782332705766433, "log10_colsample_bytree": -0.09140917887254829, "log10_eta": -3.2621732277491615, "log10_lambda": -4.473285763424649, "log10_min_child_weight": 1.3566400310831783, "log10_subsample": -0.4050095325350862, "max_depth": 9.0, "num_boost_round": 6.0}, "datetime": {"datetime": "2024-01-19 01:37:13", "elapsed": 5141.497711, "delta": 0.004671}}
{"target": -13.75845980974287, "params": {"gamma": 40.83065110704054, "log10_alpha": -2.5782332705766433, "log10_colsample_bytree": -0.09140917887254829, "log10_eta": -3.2621732277491615, "log10_lambda": -4.473285763424649, "log10_min_child_weight": 1.3566400310831783, "log10_subsample": -0.4050095325350862, "max_depth": 9.0, "num_boost_round": 7.0}, "datetime": {"datetime": "2024-01-19 01:37:13", "elapsed": 5141.502527, "delta": 0.004816}}
{"target": -13.75843679012431, "params": {"gamma": 40.83065110704054, "log10_alpha": -2.5782332705766433, "log10_colsample_bytree": -0.09140917887254829, "log10_eta": -3.2621732277491615, "log10_lambda": -4.473285763424649, "log10_min_child_weight": 1.3566400310831783, "log10_subsample": -0.4050095325350862, "max_depth": 9.0, "num_boost_round": 8.0}, "datetime": {"datetime": "2024-01-19 01:37:13", "elapsed": 5141.50706, "delta": 0.004533}}
{"target": -13.758415183344804, "params": {"gamma": 40.83065110704054, "log10_alpha": -2.5782332705766433, "log10_colsample_bytree": -0.09140917887254829, "log10_eta": -3.2621732277491615, "log10_lambda": -4.473285763424649, "log10_min_child_weight": 1.3566400310831783, "log10_subsample": -0.4050095325350862, "max_depth": 9.0, "num_boost_round": 9.0}, "datetime": {"datetime": "2024-01-19 01:37:13", "elapsed": 5141.511696, "delta": 0.004636}}
{"target": -13.758398376821889, "params": {"gamma": 40.83065110704054, "log10_alpha": -2.5782332705766433, "log10_colsample_bytree": -0.09140917887254829, "log10_eta": -3.2621732277491615, "log10_lambda": -4.473285763424649, "log10_min_child_weight": 1.3566400310831783, "log10_subsample": -0.4050095325350862, "max_depth": 9.0, "num_boost_round": 10.0}, "datetime": {"datetime": "2024-01-19 01:37:13", "elapsed": 5141.516164, "delta": 0.004468}}
{"target": -13.758383973731018, "params": {"gamma": 40.83065110704054, "log10_alpha": -2.5782332705766433, "log10_colsample_bytree": -0.09140917887254829, "log10_eta": -3.2621732277491615, "log10_lambda": -4.473285763424649, "log10_min_child_weight": 1.3566400310831783, "log10_subsample": -0.4050095325350862, "max_depth": 9.0, "num_boost_round": 11.0}, "datetime": {"datetime": "2024-01-19 01:37:13", "elapsed": 5141.5208, "delta": 0.004636}}
{"target": -13.75837957358826, "params": {"gamma": 40.83065110704054, "log10_alpha": -2.5782332705766433, "log10_colsample_bytree": -0.09140917887254829, "log10_eta": -3.2621732277491615, "log10_lambda": -4.473285763424649, "log10_min_child_weight": 1.3566400310831783, "log10_subsample": -0.4050095325350862, "max_depth": 9.0, "num_boost_round": 12.0}, "datetime": {"datetime": "2024-01-19 01:37:13", "elapsed": 5141.525263, "delta": 0.004463}}
{"target": -13.758335157415308, "params": {"gamma": 40.83065110704054, "log10_alpha": -2.5782332705766433, "log10_colsample_bytree": -0.09140917887254829, "log10_eta": -3.2621732277491615, "log10_lambda": -4.473285763424649, "log10_min_child_weight": 1.3566400310831783, "log10_subsample": -0.4050095325350862, "max_depth": 9.0, "num_boost_round": 13.0}, "datetime": {"datetime": "2024-01-19 01:37:13", "elapsed": 5141.529906, "delta": 0.004643}}
{"target": -13.75832804091178, "params": {"gamma": 40.83065110704054, "log10_alpha": -2.5782332705766433, "log10_colsample_bytree": -0.09140917887254829, "log10_eta": -3.2621732277491615, "log10_lambda": -4.473285763424649, "log10_min_child_weight": 1.3566400310831783, "log10_subsample": -0.4050095325350862, "max_depth": 9.0, "num_boost_round": 14.0}, "datetime": {"datetime": "2024-01-19 01:37:13", "elapsed": 5141.534389, "delta": 0.004483}}
{"target": -13.758339841130166, "params": {"gamma": 40.83065110704054, "log10_alpha": -2.5782332705766433, "log10_colsample_bytree": -0.09140917887254829, "log10_eta": -3.2621732277491615, "log10_lambda": -4.473285763424649, "log10_min_child_weight": 1.3566400310831783, "log10_subsample": -0.4050095325350862, "max_depth": 9.0, "num_boost_round": 15.0}, "datetime": {"datetime": "2024-01-19 01:37:13", "elapsed": 5141.539134, "delta": 0.004745}}
{"target": -13.758315308220414, "params": {"gamma": 40.83065110704054, "log10_alpha": -2.5782332705766433, "log10_colsample_bytree": -0.09140917887254829, "log10_eta": -3.2621732277491615, "log10_lambda": -4.473285763424649, "log10_min_child_weight": 1.3566400310831783, "log10_subsample": -0.4050095325350862, "max_depth": 9.0, "num_boost_round": 16.0}, "datetime": {"datetime": "2024-01-19 01:37:13", "elapsed": 5141.543687, "delta": 0.004553}}
{"target": -13.758312263961207, "params": {"gamma": 40.83065110704054, "log10_alpha": -2.5782332705766433, "log10_colsample_bytree": -0.09140917887254829, "log10_eta": -3.2621732277491615, "log10_lambda": -4.473285763424649, "log10_min_child_weight": 1.3566400310831783, "log10_subsample": -0.4050095325350862, "max_depth": 9.0, "num_boost_round": 17.0}, "datetime": {"datetime": "2024-01-19 01:37:13", "elapsed": 5141.54825, "delta": 0.004563}}
{"target": -13.75830962569974, "params": {"gamma": 40.83065110704054, "log10_alpha": -2.5782332705766433, "log10_colsample_bytree": -0.09140917887254829, "log10_eta": -3.2621732277491615, "log10_lambda": -4.473285763424649, "log10_min_child_weight": 1.3566400310831783, "log10_subsample": -0.4050095325350862, "max_depth": 9.0, "num_boost_round": 18.0}, "datetime": {"datetime": "2024-01-19 01:37:13", "elapsed": 5141.552842, "delta": 0.004592}}
{"target": -13.758292068996134, "params": {"gamma": 40.83065110704054, "log10_alpha": -2.5782332705766433, "log10_colsample_bytree": -0.09140917887254829, "log10_eta": -3.2621732277491615, "log10_lambda": -4.473285763424649, "log10_min_child_weight": 1.3566400310831783, "log10_subsample": -0.4050095325350862, "max_depth": 9.0, "num_boost_round": 19.0}, "datetime": {"datetime": "2024-01-19 01:37:13", "elapsed": 5141.557499, "delta": 0.004657}}
{"target": -13.75828017026074, "params": {"gamma": 40.83065110704054, "log10_alpha": -2.5782332705766433, "log10_colsample_bytree": -0.09140917887254829, "log10_eta": -3.2621732277491615, "log10_lambda": -4.473285763424649, "log10_min_child_weight": 1.3566400310831783, "log10_subsample": -0.4050095325350862, "max_depth": 9.0, "num_boost_round": 20.0}, "datetime": {"datetime": "2024-01-19 01:37:13", "elapsed": 5141.561931, "delta": 0.004432}}
{"target": -13.758253561014376, "params": {"gamma": 40.83065110704054, "log10_alpha": -2.5782332705766433, "log10_colsample_bytree": -0.09140917887254829, "log10_eta": -3.2621732277491615, "log10_lambda": -4.473285763424649, "log10_min_child_weight": 1.3566400310831783, "log10_subsample": -0.4050095325350862, "max_depth": 9.0, "num_boost_round": 21.0}, "datetime": {"datetime": "2024-01-19 01:37:13", "elapsed": 5141.566457, "delta": 0.004526}}
{"target": -13.758265613948868, "params": {"gamma": 40.83065110704054, "log10_alpha": -2.5782332705766433, "log10_colsample_bytree": -0.09140917887254829, "log10_eta": -3.2621732277491615, "log10_lambda": -4.473285763424649, "log10_min_child_weight": 1.3566400310831783, "log10_subsample": -0.4050095325350862, "max_depth": 9.0, "num_boost_round": 22.0}, "datetime": {"datetime": "2024-01-19 01:37:13", "elapsed": 5141.571107, "delta": 0.00465}}
{"target": -13.758265194835763, "params": {"gamma": 40.83065110704054, "log10_alpha": -2.5782332705766433, "log10_colsample_bytree": -0.09140917887254829, "log10_eta": -3.2621732277491615, "log10_lambda": -4.473285763424649, "log10_min_child_weight": 1.3566400310831783, "log10_subsample": -0.4050095325350862, "max_depth": 9.0, "num_boost_round": 23.0}, "datetime": {"datetime": "2024-01-19 01:37:13", "elapsed": 5141.57595, "delta": 0.004843}}
{"target": -13.758276148701244, "params": {"gamma": 40.83065110704054, "log10_alpha": -2.5782332705766433, "log10_colsample_bytree": -0.09140917887254829, "log10_eta": -3.2621732277491615, "log10_lambda": -4.473285763424649, "log10_min_child_weight": 1.3566400310831783, "log10_subsample": -0.4050095325350862, "max_depth": 9.0, "num_boost_round": 24.0}, "datetime": {"datetime": "2024-01-19 01:37:13", "elapsed": 5141.580615, "delta": 0.004665}}
{"target": -13.758264617157245, "params": {"gamma": 40.83065110704054, "log10_alpha": -2.5782332705766433, "log10_colsample_bytree": -0.09140917887254829, "log10_eta": -3.2621732277491615, "log10_lambda": -4.473285763424649, "log10_min_child_weight": 1.3566400310831783, "log10_subsample": -0.4050095325350862, "max_depth": 9.0, "num_boost_round": 25.0}, "datetime": {"datetime": "2024-01-19 01:37:13", "elapsed": 5141.585266, "delta": 0.004651}}
{"target": -13.7582589764963, "params": {"gamma": 40.83065110704054, "log10_alpha": -2.5782332705766433, "log10_colsample_bytree": -0.09140917887254829, "log10_eta": -3.2621732277491615, "log10_lambda": -4.473285763424649, "log10_min_child_weight": 1.3566400310831783, "log10_subsample": -0.4050095325350862, "max_depth": 9.0, "num_boost_round": 26.0}, "datetime": {"datetime": "2024-01-19 01:37:13", "elapsed": 5141.589857, "delta": 0.004591}}
{"target": -13.75826844129246, "params": {"gamma": 22.762945804412293, "log10_alpha": 0.6866499257853622, "log10_colsample_bytree": -0.3330043662753951, "log10_eta": -1.9367449363451805, "log10_lambda": 0.19277282008348084, "log10_min_child_weight": 1.3935232221497174, "log10_subsample": -0.6420528007850904, "max_depth": 9.0, "num_boost_round": 0.0}, "datetime": {"datetime": "2024-01-19 01:38:06", "elapsed": 5194.924576, "delta": 53.334719}}
{"target": -13.757861083652239, "params": {"gamma": 22.762945804412293, "log10_alpha": 0.6866499257853622, "log10_colsample_bytree": -0.3330043662753951, "log10_eta": -1.9367449363451805, "log10_lambda": 0.19277282008348084, "log10_min_child_weight": 1.3935232221497174, "log10_subsample": -0.6420528007850904, "max_depth": 9.0, "num_boost_round": 1.0}, "datetime": {"datetime": "2024-01-19 01:38:06", "elapsed": 5194.929946, "delta": 0.00537}}
{"target": -13.757673194564841, "params": {"gamma": 22.762945804412293, "log10_alpha": 0.6866499257853622, "log10_colsample_bytree": -0.3330043662753951, "log10_eta": -1.9367449363451805, "log10_lambda": 0.19277282008348084, "log10_min_child_weight": 1.3935232221497174, "log10_subsample": -0.6420528007850904, "max_depth": 9.0, "num_boost_round": 2.0}, "datetime": {"datetime": "2024-01-19 01:38:06", "elapsed": 5194.934614, "delta": 0.004668}}
{"target": -13.757312060377604, "params": {"gamma": 22.762945804412293, "log10_alpha": 0.6866499257853622, "log10_colsample_bytree": -0.3330043662753951, "log10_eta": -1.9367449363451805, "log10_lambda": 0.19277282008348084, "log10_min_child_weight": 1.3935232221497174, "log10_subsample": -0.6420528007850904, "max_depth": 9.0, "num_boost_round": 3.0}, "datetime": {"datetime": "2024-01-19 01:38:06", "elapsed": 5194.939204, "delta": 0.00459}}
{"target": -13.757214774527013, "params": {"gamma": 22.762945804412293, "log10_alpha": 0.6866499257853622, "log10_colsample_bytree": -0.3330043662753951, "log10_eta": -1.9367449363451805, "log10_lambda": 0.19277282008348084, "log10_min_child_weight": 1.3935232221497174, "log10_subsample": -0.6420528007850904, "max_depth": 9.0, "num_boost_round": 4.0}, "datetime": {"datetime": "2024-01-19 01:38:06", "elapsed": 5194.943821, "delta": 0.004617}}
{"target": -13.756898412701094, "params": {"gamma": 22.762945804412293, "log10_alpha": 0.6866499257853622, "log10_colsample_bytree": -0.3330043662753951, "log10_eta": -1.9367449363451805, "log10_lambda": 0.19277282008348084, "log10_min_child_weight": 1.3935232221497174, "log10_subsample": -0.6420528007850904, "max_depth": 9.0, "num_boost_round": 5.0}, "datetime": {"datetime": "2024-01-19 01:38:06", "elapsed": 5194.948529, "delta": 0.004708}}
{"target": -13.757471969231654, "params": {"gamma": 22.762945804412293, "log10_alpha": 0.6866499257853622, "log10_colsample_bytree": -0.3330043662753951, "log10_eta": -1.9367449363451805, "log10_lambda": 0.19277282008348084, "log10_min_child_weight": 1.3935232221497174, "log10_subsample": -0.6420528007850904, "max_depth": 9.0, "num_boost_round": 6.0}, "datetime": {"datetime": "2024-01-19 01:38:06", "elapsed": 5194.953245, "delta": 0.004716}}
{"target": -13.758077883532865, "params": {"gamma": 22.762945804412293, "log10_alpha": 0.6866499257853622, "log10_colsample_bytree": -0.3330043662753951, "log10_eta": -1.9367449363451805, "log10_lambda": 0.19277282008348084, "log10_min_child_weight": 1.3935232221497174, "log10_subsample": -0.6420528007850904, "max_depth": 9.0, "num_boost_round": 7.0}, "datetime": {"datetime": "2024-01-19 01:38:06", "elapsed": 5194.957907, "delta": 0.004662}}
{"target": -13.758361318365711, "params": {"gamma": 22.762945804412293, "log10_alpha": 0.6866499257853622, "log10_colsample_bytree": -0.3330043662753951, "log10_eta": -1.9367449363451805, "log10_lambda": 0.19277282008348084, "log10_min_child_weight": 1.3935232221497174, "log10_subsample": -0.6420528007850904, "max_depth": 9.0, "num_boost_round": 8.0}, "datetime": {"datetime": "2024-01-19 01:38:06", "elapsed": 5194.962439, "delta": 0.004532}}
{"target": -13.758530609040847, "params": {"gamma": 22.762945804412293, "log10_alpha": 0.6866499257853622, "log10_colsample_bytree": -0.3330043662753951, "log10_eta": -1.9367449363451805, "log10_lambda": 0.19277282008348084, "log10_min_child_weight": 1.3935232221497174, "log10_subsample": -0.6420528007850904, "max_depth": 9.0, "num_boost_round": 9.0}, "datetime": {"datetime": "2024-01-19 01:38:06", "elapsed": 5194.967045, "delta": 0.004606}}
{"target": -13.758668321994847, "params": {"gamma": 22.762945804412293, "log10_alpha": 0.6866499257853622, "log10_colsample_bytree": -0.3330043662753951, "log10_eta": -1.9367449363451805, "log10_lambda": 0.19277282008348084, "log10_min_child_weight": 1.3935232221497174, "log10_subsample": -0.6420528007850904, "max_depth": 9.0, "num_boost_round": 10.0}, "datetime": {"datetime": "2024-01-19 01:38:06", "elapsed": 5194.971764, "delta": 0.004719}}
{"target": -13.758568895277257, "params": {"gamma": 22.762945804412293, "log10_alpha": 0.6866499257853622, "log10_colsample_bytree": -0.3330043662753951, "log10_eta": -1.9367449363451805, "log10_lambda": 0.19277282008348084, "log10_min_child_weight": 1.3935232221497174, "log10_subsample": -0.6420528007850904, "max_depth": 9.0, "num_boost_round": 11.0}, "datetime": {"datetime": "2024-01-19 01:38:06", "elapsed": 5194.976447, "delta": 0.004683}}
{"target": -13.75896767630058, "params": {"gamma": 22.762945804412293, "log10_alpha": 0.6866499257853622, "log10_colsample_bytree": -0.3330043662753951, "log10_eta": -1.9367449363451805, "log10_lambda": 0.19277282008348084, "log10_min_child_weight": 1.3935232221497174, "log10_subsample": -0.6420528007850904, "max_depth": 9.0, "num_boost_round": 12.0}, "datetime": {"datetime": "2024-01-19 01:38:06", "elapsed": 5194.981002, "delta": 0.004555}}
{"target": -13.759061741852939, "params": {"gamma": 22.762945804412293, "log10_alpha": 0.6866499257853622, "log10_colsample_bytree": -0.3330043662753951, "log10_eta": -1.9367449363451805, "log10_lambda": 0.19277282008348084, "log10_min_child_weight": 1.3935232221497174, "log10_subsample": -0.6420528007850904, "max_depth": 9.0, "num_boost_round": 13.0}, "datetime": {"datetime": "2024-01-19 01:38:06", "elapsed": 5194.985639, "delta": 0.004637}}
{"target": -13.759392183742866, "params": {"gamma": 22.762945804412293, "log10_alpha": 0.6866499257853622, "log10_colsample_bytree": -0.3330043662753951, "log10_eta": -1.9367449363451805, "log10_lambda": 0.19277282008348084, "log10_min_child_weight": 1.3935232221497174, "log10_subsample": -0.6420528007850904, "max_depth": 9.0, "num_boost_round": 14.0}, "datetime": {"datetime": "2024-01-19 01:38:06", "elapsed": 5194.990485, "delta": 0.004846}}
{"target": -13.758809225434375, "params": {"gamma": 22.762945804412293, "log10_alpha": 0.6866499257853622, "log10_colsample_bytree": -0.3330043662753951, "log10_eta": -1.9367449363451805, "log10_lambda": 0.19277282008348084, "log10_min_child_weight": 1.3935232221497174, "log10_subsample": -0.6420528007850904, "max_depth": 9.0, "num_boost_round": 15.0}, "datetime": {"datetime": "2024-01-19 01:38:06", "elapsed": 5194.995118, "delta": 0.004633}}
{"target": -13.758850044550032, "params": {"gamma": 22.762945804412293, "log10_alpha": 0.6866499257853622, "log10_colsample_bytree": -0.3330043662753951, "log10_eta": -1.9367449363451805, "log10_lambda": 0.19277282008348084, "log10_min_child_weight": 1.3935232221497174, "log10_subsample": -0.6420528007850904, "max_depth": 9.0, "num_boost_round": 16.0}, "datetime": {"datetime": "2024-01-19 01:38:06", "elapsed": 5194.999877, "delta": 0.004759}}
{"target": -13.759244180631297, "params": {"gamma": 22.762945804412293, "log10_alpha": 0.6866499257853622, "log10_colsample_bytree": -0.3330043662753951, "log10_eta": -1.9367449363451805, "log10_lambda": 0.19277282008348084, "log10_min_child_weight": 1.3935232221497174, "log10_subsample": -0.6420528007850904, "max_depth": 9.0, "num_boost_round": 17.0}, "datetime": {"datetime": "2024-01-19 01:38:06", "elapsed": 5195.004492, "delta": 0.004615}}
{"target": -13.759613686053726, "params": {"gamma": 22.762945804412293, "log10_alpha": 0.6866499257853622, "log10_colsample_bytree": -0.3330043662753951, "log10_eta": -1.9367449363451805, "log10_lambda": 0.19277282008348084, "log10_min_child_weight": 1.3935232221497174, "log10_subsample": -0.6420528007850904, "max_depth": 9.0, "num_boost_round": 18.0}, "datetime": {"datetime": "2024-01-19 01:38:06", "elapsed": 5195.009105, "delta": 0.004613}}
{"target": -13.759827563995, "params": {"gamma": 22.762945804412293, "log10_alpha": 0.6866499257853622, "log10_colsample_bytree": -0.3330043662753951, "log10_eta": -1.9367449363451805, "log10_lambda": 0.19277282008348084, "log10_min_child_weight": 1.3935232221497174, "log10_subsample": -0.6420528007850904, "max_depth": 9.0, "num_boost_round": 19.0}, "datetime": {"datetime": "2024-01-19 01:38:06", "elapsed": 5195.013644, "delta": 0.004539}}
{"target": -13.760074228838683, "params": {"gamma": 22.762945804412293, "log10_alpha": 0.6866499257853622, "log10_colsample_bytree": -0.3330043662753951, "log10_eta": -1.9367449363451805, "log10_lambda": 0.19277282008348084, "log10_min_child_weight": 1.3935232221497174, "log10_subsample": -0.6420528007850904, "max_depth": 9.0, "num_boost_round": 20.0}, "datetime": {"datetime": "2024-01-19 01:38:06", "elapsed": 5195.018266, "delta": 0.004622}}
{"target": -13.7605778101548, "params": {"gamma": 22.762945804412293, "log10_alpha": 0.6866499257853622, "log10_colsample_bytree": -0.3330043662753951, "log10_eta": -1.9367449363451805, "log10_lambda": 0.19277282008348084, "log10_min_child_weight": 1.3935232221497174, "log10_subsample": -0.6420528007850904, "max_depth": 9.0, "num_boost_round": 21.0}, "datetime": {"datetime": "2024-01-19 01:38:06", "elapsed": 5195.022876, "delta": 0.00461}}
{"target": -13.760658452924895, "params": {"gamma": 22.762945804412293, "log10_alpha": 0.6866499257853622, "log10_colsample_bytree": -0.3330043662753951, "log10_eta": -1.9367449363451805, "log10_lambda": 0.19277282008348084, "log10_min_child_weight": 1.3935232221497174, "log10_subsample": -0.6420528007850904, "max_depth": 9.0, "num_boost_round": 22.0}, "datetime": {"datetime": "2024-01-19 01:38:06", "elapsed": 5195.027379, "delta": 0.004503}}
{"target": -13.760674575588773, "params": {"gamma": 22.762945804412293, "log10_alpha": 0.6866499257853622, "log10_colsample_bytree": -0.3330043662753951, "log10_eta": -1.9367449363451805, "log10_lambda": 0.19277282008348084, "log10_min_child_weight": 1.3935232221497174, "log10_subsample": -0.6420528007850904, "max_depth": 9.0, "num_boost_round": 23.0}, "datetime": {"datetime": "2024-01-19 01:38:06", "elapsed": 5195.032008, "delta": 0.004629}}
{"target": -13.76064777424852, "params": {"gamma": 22.762945804412293, "log10_alpha": 0.6866499257853622, "log10_colsample_bytree": -0.3330043662753951, "log10_eta": -1.9367449363451805, "log10_lambda": 0.19277282008348084, "log10_min_child_weight": 1.3935232221497174, "log10_subsample": -0.6420528007850904, "max_depth": 9.0, "num_boost_round": 24.0}, "datetime": {"datetime": "2024-01-19 01:38:06", "elapsed": 5195.036653, "delta": 0.004645}}
{"target": -13.760454326475683, "params": {"gamma": 22.762945804412293, "log10_alpha": 0.6866499257853622, "log10_colsample_bytree": -0.3330043662753951, "log10_eta": -1.9367449363451805, "log10_lambda": 0.19277282008348084, "log10_min_child_weight": 1.3935232221497174, "log10_subsample": -0.6420528007850904, "max_depth": 9.0, "num_boost_round": 25.0}, "datetime": {"datetime": "2024-01-19 01:38:06", "elapsed": 5195.041288, "delta": 0.004635}}
{"target": -13.760954751489537, "params": {"gamma": 22.762945804412293, "log10_alpha": 0.6866499257853622, "log10_colsample_bytree": -0.3330043662753951, "log10_eta": -1.9367449363451805, "log10_lambda": 0.19277282008348084, "log10_min_child_weight": 1.3935232221497174, "log10_subsample": -0.6420528007850904, "max_depth": 9.0, "num_boost_round": 26.0}, "datetime": {"datetime": "2024-01-19 01:38:06", "elapsed": 5195.04586, "delta": 0.004572}}
