{"target": -13.754761804952347, "params": {"gamma": 314.22313029843673, "log10_alpha": -0.8893805526882614, "log10_colsample_bytree": -0.920670662053472, "log10_eta": -1.5476179259136846, "log10_lambda": 0.3812292109449036, "log10_min_child_weight": 1.728756522924857, "log10_subsample": -0.3299401003783854, "max_depth": 4.0, "num_boost_round": 40.0}, "datetime": {"datetime": "2024-01-19 02:09:22", "elapsed": 7014.664257, "delta": 0.006301}}
{"target": -13.754996634123525, "params": {"gamma": 314.22313029843673, "log10_alpha": -0.8893805526882614, "log10_colsample_bytree": -0.920670662053472, "log10_eta": -1.5476179259136846, "log10_lambda": 0.3812292109449036, "log10_min_child_weight": 1.728756522924857, "log10_subsample": -0.3299401003783854, "max_depth": 4.0, "num_boost_round": 41.0}, "datetime": {"datetime": "2024-01-19 02:09:22", "elapsed": 7014.670251, "delta": 0.005994}}
{"target": -13.755462499783148, "params": {"gamma": 314.22313029843673, "log10_alpha": -0.8893805526882614, "log10_colsample_bytree": -0.920670662053472, "log10_eta": -1.5476179259136846, "log10_lambda": 0.3812292109449036, "log10_min_child_weight": 1.728756522924857, "log10_subsample": -0.3299401003783854, "max_depth": 4.0, "num_boost_round": 42.0}, "datetime": {"datetime": "2024-01-19 02:09:22", "elapsed": 7014.676215, "delta": 0.005964}}
{"target": -13.755568842666273, "params": {"gamma": 314.22313029843673, "log10_alpha": -0.8893805526882614, "log10_colsample_bytree": -0.920670662053472, "log10_eta": -1.5476179259136846, "log10_lambda": 0.3812292109449036, "log10_min_child_weight": 1.728756522924857, "log10_subsample": -0.3299401003783854, "max_depth": 4.0, "num_boost_round": 43.0}, "datetime": {"datetime": "2024-01-19 02:09:22", "elapsed": 7014.682302, "delta": 0.006087}}
{"target": -13.755831783655957, "params": {"gamma": 314.22313029843673, "log10_alpha": -0.8893805526882614, "log10_colsample_bytree": -0.920670662053472, "log10_eta": -1.5476179259136846, "log10_lambda": 0.3812292109449036, "log10_min_child_weight": 1.728756522924857, "log10_subsample": -0.3299401003783854, "max_depth": 4.0, "num_boost_round": 44.0}, "datetime": {"datetime": "2024-01-19 02:09:22", "elapsed": 7014.688822, "delta": 0.00652}}
{"target": -13.755630723252803, "params": {"gamma": 314.22313029843673, "log10_alpha": -0.8893805526882614, "log10_colsample_bytree": -0.920670662053472, "log10_eta": -1.5476179259136846, "log10_lambda": 0.3812292109449036, "log10_min_child_weight": 1.728756522924857, "log10_subsample": -0.3299401003783854, "max_depth": 4.0, "num_boost_round": 45.0}, "datetime": {"datetime": "2024-01-19 02:09:22", "elapsed": 7014.695167, "delta": 0.006345}}
{"target": -13.755794779335487, "params": {"gamma": 314.22313029843673, "log10_alpha": -0.8893805526882614, "log10_colsample_bytree": -0.920670662053472, "log10_eta": -1.5476179259136846, "log10_lambda": 0.3812292109449036, "log10_min_child_weight": 1.728756522924857, "log10_subsample": -0.3299401003783854, "max_depth": 4.0, "num_boost_round": 46.0}, "datetime": {"datetime": "2024-01-19 02:09:22", "elapsed": 7014.701584, "delta": 0.006417}}
{"target": -13.756243582149887, "params": {"gamma": 314.22313029843673, "log10_alpha": -0.8893805526882614, "log10_colsample_bytree": -0.920670662053472, "log10_eta": -1.5476179259136846, "log10_lambda": 0.3812292109449036, "log10_min_child_weight": 1.728756522924857, "log10_subsample": -0.3299401003783854, "max_depth": 4.0, "num_boost_round": 47.0}, "datetime": {"datetime": "2024-01-19 02:09:22", "elapsed": 7014.708053, "delta": 0.006469}}
{"target": -13.75655268974033, "params": {"gamma": 314.22313029843673, "log10_alpha": -0.8893805526882614, "log10_colsample_bytree": -0.920670662053472, "log10_eta": -1.5476179259136846, "log10_lambda": 0.3812292109449036, "log10_min_child_weight": 1.728756522924857, "log10_subsample": -0.3299401003783854, "max_depth": 4.0, "num_boost_round": 48.0}, "datetime": {"datetime": "2024-01-19 02:09:22", "elapsed": 7014.71418, "delta": 0.006127}}
{"target": -13.75679880542837, "params": {"gamma": 314.22313029843673, "log10_alpha": -0.8893805526882614, "log10_colsample_bytree": -0.920670662053472, "log10_eta": -1.5476179259136846, "log10_lambda": 0.3812292109449036, "log10_min_child_weight": 1.728756522924857, "log10_subsample": -0.3299401003783854, "max_depth": 4.0, "num_boost_round": 49.0}, "datetime": {"datetime": "2024-01-19 02:09:22", "elapsed": 7014.720241, "delta": 0.006061}}
{"target": -13.75734885831189, "params": {"gamma": 314.22313029843673, "log10_alpha": -0.8893805526882614, "log10_colsample_bytree": -0.920670662053472, "log10_eta": -1.5476179259136846, "log10_lambda": 0.3812292109449036, "log10_min_child_weight": 1.728756522924857, "log10_subsample": -0.3299401003783854, "max_depth": 4.0, "num_boost_round": 50.0}, "datetime": {"datetime": "2024-01-19 02:09:22", "elapsed": 7014.731135, "delta": 0.010894}}
{"target": -13.757914839912564, "params": {"gamma": 314.22313029843673, "log10_alpha": -0.8893805526882614, "log10_colsample_bytree": -0.920670662053472, "log10_eta": -1.5476179259136846, "log10_lambda": 0.3812292109449036, "log10_min_child_weight": 1.728756522924857, "log10_subsample": -0.3299401003783854, "max_depth": 4.0, "num_boost_round": 51.0}, "datetime": {"datetime": "2024-01-19 02:09:22", "elapsed": 7014.737743, "delta": 0.006608}}
{"target": -13.75848646618039, "params": {"gamma": 314.22313029843673, "log10_alpha": -0.8893805526882614, "log10_colsample_bytree": -0.920670662053472, "log10_eta": -1.5476179259136846, "log10_lambda": 0.3812292109449036, "log10_min_child_weight": 1.728756522924857, "log10_subsample": -0.3299401003783854, "max_depth": 4.0, "num_boost_round": 52.0}, "datetime": {"datetime": "2024-01-19 02:09:22", "elapsed": 7014.744262, "delta": 0.006519}}
{"target": -13.758709763829938, "params": {"gamma": 314.22313029843673, "log10_alpha": -0.8893805526882614, "log10_colsample_bytree": -0.920670662053472, "log10_eta": -1.5476179259136846, "log10_lambda": 0.3812292109449036, "log10_min_child_weight": 1.728756522924857, "log10_subsample": -0.3299401003783854, "max_depth": 4.0, "num_boost_round": 53.0}, "datetime": {"datetime": "2024-01-19 02:09:22", "elapsed": 7014.750697, "delta": 0.006435}}
{"target": -13.758534313900313, "params": {"gamma": 556.0490342811628, "log10_alpha": -5.0, "log10_colsample_bytree": -1.0, "log10_eta": -4.0, "log10_lambda": -1.5423008609284155, "log10_min_child_weight": 0.0, "log10_subsample": -0.4794680424864402, "max_depth": 5.0, "num_boost_round": 0.0}, "datetime": {"datetime": "2024-01-19 02:10:58", "elapsed": 7111.276085, "delta": 96.525388}}
{"target": -13.758531506845912, "params": {"gamma": 556.0490342811628, "log10_alpha": -5.0, "log10_colsample_bytree": -1.0, "log10_eta": -4.0, "log10_lambda": -1.5423008609284155, "log10_min_child_weight": 0.0, "log10_subsample": -0.4794680424864402, "max_depth": 5.0, "num_boost_round": 1.0}, "datetime": {"datetime": "2024-01-19 02:10:58", "elapsed": 7111.283089, "delta": 0.007004}}
{"target": -13.758531152355156, "params": {"gamma": 556.0490342811628, "log10_alpha": -5.0, "log10_colsample_bytree": -1.0, "log10_eta": -4.0, "log10_lambda": -1.5423008609284155, "log10_min_child_weight": 0.0, "log10_subsample": -0.4794680424864402, "max_depth": 5.0, "num_boost_round": 2.0}, "datetime": {"datetime": "2024-01-19 02:10:58", "elapsed": 7111.289529, "delta": 0.00644}}
{"target": -13.758530226185295, "params": {"gamma": 556.0490342811628, "log10_alpha": -5.0, "log10_colsample_bytree": -1.0, "log10_eta": -4.0, "log10_lambda": -1.5423008609284155, "log10_min_child_weight": 0.0, "log10_subsample": -0.4794680424864402, "max_depth": 5.0, "num_boost_round": 3.0}, "datetime": {"datetime": "2024-01-19 02:10:58", "elapsed": 7111.296221, "delta": 0.006692}}
{"target": -13.758529471798258, "params": {"gamma": 556.0490342811628, "log10_alpha": -5.0, "log10_colsample_bytree": -1.0, "log10_eta": -4.0, "log10_lambda": -1.5423008609284155, "log10_min_child_weight": 0.0, "log10_subsample": -0.4794680424864402, "max_depth": 5.0, "num_boost_round": 4.0}, "datetime": {"datetime": "2024-01-19 02:10:58", "elapsed": 7111.302591, "delta": 0.00637}}
{"target": -13.758528712708546, "params": {"gamma": 556.0490342811628, "log10_alpha": -5.0, "log10_colsample_bytree": -1.0, "log10_eta": -4.0, "log10_lambda": -1.5423008609284155, "log10_min_child_weight": 0.0, "log10_subsample": -0.4794680424864402, "max_depth": 5.0, "num_boost_round": 5.0}, "datetime": {"datetime": "2024-01-19 02:10:58", "elapsed": 7111.308851, "delta": 0.00626}}
{"target": -13.758527738756703, "params": {"gamma": 556.0490342811628, "log10_alpha": -5.0, "log10_colsample_bytree": -1.0, "log10_eta": -4.0, "log10_lambda": -1.5423008609284155, "log10_min_child_weight": 0.0, "log10_subsample": -0.4794680424864402, "max_depth": 5.0, "num_boost_round": 6.0}, "datetime": {"datetime": "2024-01-19 02:10:58", "elapsed": 7111.315208, "delta": 0.006357}}
{"target": -13.758526405568407, "params": {"gamma": 556.0490342811628, "log10_alpha": -5.0, "log10_colsample_bytree": -1.0, "log10_eta": -4.0, "log10_lambda": -1.5423008609284155, "log10_min_child_weight": 0.0, "log10_subsample": -0.4794680424864402, "max_depth": 5.0, "num_boost_round": 7.0}, "datetime": {"datetime": "2024-01-19 02:10:58", "elapsed": 7111.321337, "delta": 0.006129}}
{"target": -13.758526674177075, "params": {"gamma": 556.0490342811628, "log10_alpha": -5.0, "log10_colsample_bytree": -1.0, "log10_eta": -4.0, "log10_lambda": -1.5423008609284155, "log10_min_child_weight": 0.0, "log10_subsample": -0.4794680424864402, "max_depth": 5.0, "num_boost_round": 8.0}, "datetime": {"datetime": "2024-01-19 02:10:58", "elapsed": 7111.327643, "delta": 0.006306}}
{"target": -13.758526498589578, "params": {"gamma": 556.0490342811628, "log10_alpha": -5.0, "log10_colsample_bytree": -1.0, "log10_eta": -4.0, "log10_lambda": -1.5423008609284155, "log10_min_child_weight": 0.0, "log10_subsample": -0.4794680424864402, "max_depth": 5.0, "num_boost_round": 9.0}, "datetime": {"datetime": "2024-01-19 02:10:58", "elapsed": 7111.334199, "delta": 0.006556}}
{"target": -13.75852652559985, "params": {"gamma": 556.0490342811628, "log10_alpha": -5.0, "log10_colsample_bytree": -1.0, "log10_eta": -4.0, "log10_lambda": -1.5423008609284155, "log10_min_child_weight": 0.0, "log10_subsample": -0.4794680424864402, "max_depth": 5.0, "num_boost_round": 10.0}, "datetime": {"datetime": "2024-01-19 02:10:58", "elapsed": 7111.340505, "delta": 0.006306}}
{"target": -13.758526707962464, "params": {"gamma": 556.0490342811628, "log10_alpha": -5.0, "log10_colsample_bytree": -1.0, "log10_eta": -4.0, "log10_lambda": -1.5423008609284155, "log10_min_child_weight": 0.0, "log10_subsample": -0.4794680424864402, "max_depth": 5.0, "num_boost_round": 11.0}, "datetime": {"datetime": "2024-01-19 02:10:58", "elapsed": 7111.347074, "delta": 0.006569}}
{"target": -13.758524388385586, "params": {"gamma": 556.0490342811628, "log10_alpha": -5.0, "log10_colsample_bytree": -1.0, "log10_eta": -4.0, "log10_lambda": -1.5423008609284155, "log10_min_child_weight": 0.0, "log10_subsample": -0.4794680424864402, "max_depth": 5.0, "num_boost_round": 12.0}, "datetime": {"datetime": "2024-01-19 02:10:58", "elapsed": 7111.353782, "delta": 0.006708}}
{"target": -13.758521155776497, "params": {"gamma": 556.0490342811628, "log10_alpha": -5.0, "log10_colsample_bytree": -1.0, "log10_eta": -4.0, "log10_lambda": -1.5423008609284155, "log10_min_child_weight": 0.0, "log10_subsample": -0.4794680424864402, "max_depth": 5.0, "num_boost_round": 13.0}, "datetime": {"datetime": "2024-01-19 02:10:58", "elapsed": 7111.360441, "delta": 0.006659}}
{"target": -13.758520069925773, "params": {"gamma": 556.0490342811628, "log10_alpha": -5.0, "log10_colsample_bytree": -1.0, "log10_eta": -4.0, "log10_lambda": -1.5423008609284155, "log10_min_child_weight": 0.0, "log10_subsample": -0.4794680424864402, "max_depth": 5.0, "num_boost_round": 14.0}, "datetime": {"datetime": "2024-01-19 02:10:58", "elapsed": 7111.366871, "delta": 0.00643}}
{"target": -13.758518397054662, "params": {"gamma": 556.0490342811628, "log10_alpha": -5.0, "log10_colsample_bytree": -1.0, "log10_eta": -4.0, "log10_lambda": -1.5423008609284155, "log10_min_child_weight": 0.0, "log10_subsample": -0.4794680424864402, "max_depth": 5.0, "num_boost_round": 15.0}, "datetime": {"datetime": "2024-01-19 02:10:58", "elapsed": 7111.373376, "delta": 0.006505}}
{"target": -13.758519439595403, "params": {"gamma": 556.0490342811628, "log10_alpha": -5.0, "log10_colsample_bytree": -1.0, "log10_eta": -4.0, "log10_lambda": -1.5423008609284155, "log10_min_child_weight": 0.0, "log10_subsample": -0.4794680424864402, "max_depth": 5.0, "num_boost_round": 16.0}, "datetime": {"datetime": "2024-01-19 02:10:58", "elapsed": 7111.379539, "delta": 0.006163}}
{"target": -13.758519887398492, "params": {"gamma": 556.0490342811628, "log10_alpha": -5.0, "log10_colsample_bytree": -1.0, "log10_eta": -4.0, "log10_lambda": -1.5423008609284155, "log10_min_child_weight": 0.0, "log10_subsample": -0.4794680424864402, "max_depth": 5.0, "num_boost_round": 17.0}, "datetime": {"datetime": "2024-01-19 02:10:58", "elapsed": 7111.385784, "delta": 0.006245}}
{"target": -13.758518886270107, "params": {"gamma": 556.0490342811628, "log10_alpha": -5.0, "log10_colsample_bytree": -1.0, "log10_eta": -4.0, "log10_lambda": -1.5423008609284155, "log10_min_child_weight": 0.0, "log10_subsample": -0.4794680424864402, "max_depth": 5.0, "num_boost_round": 18.0}, "datetime": {"datetime": "2024-01-19 02:10:58", "elapsed": 7111.392062, "delta": 0.006278}}
{"target": -13.758529094017357, "params": {"gamma": 556.0490342811628, "log10_alpha": -5.0, "log10_colsample_bytree": -1.0, "log10_eta": -4.0, "log10_lambda": -1.5423008609284155, "log10_min_child_weight": 0.0, "log10_subsample": -0.4794680424864402, "max_depth": 5.0, "num_boost_round": 19.0}, "datetime": {"datetime": "2024-01-19 02:10:58", "elapsed": 7111.398696, "delta": 0.006634}}
{"target": -13.758528694689607, "params": {"gamma": 556.0490342811628, "log10_alpha": -5.0, "log10_colsample_bytree": -1.0, "log10_eta": -4.0, "log10_lambda": -1.5423008609284155, "log10_min_child_weight": 0.0, "log10_subsample": -0.4794680424864402, "max_depth": 5.0, "num_boost_round": 20.0}, "datetime": {"datetime": "2024-01-19 02:10:58", "elapsed": 7111.405137, "delta": 0.006441}}
{"target": -13.75852643823685, "params": {"gamma": 556.0490342811628, "log10_alpha": -5.0, "log10_colsample_bytree": -1.0, "log10_eta": -4.0, "log10_lambda": -1.5423008609284155, "log10_min_child_weight": 0.0, "log10_subsample": -0.4794680424864402, "max_depth": 5.0, "num_boost_round": 21.0}, "datetime": {"datetime": "2024-01-19 02:10:58", "elapsed": 7111.411657, "delta": 0.00652}}
{"target": -13.758522842641986, "params": {"gamma": 556.0490342811628, "log10_alpha": -5.0, "log10_colsample_bytree": -1.0, "log10_eta": -4.0, "log10_lambda": -1.5423008609284155, "log10_min_child_weight": 0.0, "log10_subsample": -0.4794680424864402, "max_depth": 5.0, "num_boost_round": 22.0}, "datetime": {"datetime": "2024-01-19 02:10:58", "elapsed": 7111.417887, "delta": 0.00623}}
{"target": -13.758519978417446, "params": {"gamma": 556.0490342811628, "log10_alpha": -5.0, "log10_colsample_bytree": -1.0, "log10_eta": -4.0, "log10_lambda": -1.5423008609284155, "log10_min_child_weight": 0.0, "log10_subsample": -0.4794680424864402, "max_depth": 5.0, "num_boost_round": 23.0}, "datetime": {"datetime": "2024-01-19 02:10:58", "elapsed": 7111.424052, "delta": 0.006165}}
{"target": -13.758519576015818, "params": {"gamma": 556.0490342811628, "log10_alpha": -5.0, "log10_colsample_bytree": -1.0, "log10_eta": -4.0, "log10_lambda": -1.5423008609284155, "log10_min_child_weight": 0.0, "log10_subsample": -0.4794680424864402, "max_depth": 5.0, "num_boost_round": 24.0}, "datetime": {"datetime": "2024-01-19 02:10:58", "elapsed": 7111.430611, "delta": 0.006559}}
{"target": -13.758516733168806, "params": {"gamma": 556.0490342811628, "log10_alpha": -5.0, "log10_colsample_bytree": -1.0, "log10_eta": -4.0, "log10_lambda": -1.5423008609284155, "log10_min_child_weight": 0.0, "log10_subsample": -0.4794680424864402, "max_depth": 5.0, "num_boost_round": 25.0}, "datetime": {"datetime": "2024-01-19 02:10:58", "elapsed": 7111.437092, "delta": 0.006481}}
{"target": -13.75851644707141, "params": {"gamma": 556.0490342811628, "log10_alpha": -5.0, "log10_colsample_bytree": -1.0, "log10_eta": -4.0, "log10_lambda": -1.5423008609284155, "log10_min_child_weight": 0.0, "log10_subsample": -0.4794680424864402, "max_depth": 5.0, "num_boost_round": 26.0}, "datetime": {"datetime": "2024-01-19 02:10:58", "elapsed": 7111.443471, "delta": 0.006379}}
{"target": -13.75830066224507, "params": {"gamma": 305.20499463877593, "log10_alpha": -1.7232508186680802, "log10_colsample_bytree": -0.6083697191305765, "log10_eta": -1.919942879786706, "log10_lambda": -0.47225253509273823, "log10_min_child_weight": 3.6542393704467098, "log10_subsample": -0.08363653003016891, "max_depth": 8.0, "num_boost_round": 0.0}, "datetime": {"datetime": "2024-01-19 02:12:26", "elapsed": 7198.645333, "delta": 87.201862}}
{"target": -13.758014522852262, "params": {"gamma": 305.20499463877593, "log10_alpha": -1.7232508186680802, "log10_colsample_bytree": -0.6083697191305765, "log10_eta": -1.919942879786706, "log10_lambda": -0.47225253509273823, "log10_min_child_weight": 3.6542393704467098, "log10_subsample": -0.08363653003016891, "max_depth": 8.0, "num_boost_round": 1.0}, "datetime": {"datetime": "2024-01-19 02:12:26", "elapsed": 7198.767288, "delta": 0.121955}}
{"target": -13.757657172419082, "params": {"gamma": 305.20499463877593, "log10_alpha": -1.7232508186680802, "log10_colsample_bytree": -0.6083697191305765, "log10_eta": -1.919942879786706, "log10_lambda": -0.47225253509273823, "log10_min_child_weight": 3.6542393704467098, "log10_subsample": -0.08363653003016891, "max_depth": 8.0, "num_boost_round": 2.0}, "datetime": {"datetime": "2024-01-19 02:12:26", "elapsed": 7198.774541, "delta": 0.007253}}
{"target": -13.757747507633713, "params": {"gamma": 305.20499463877593, "log10_alpha": -1.7232508186680802, "log10_colsample_bytree": -0.6083697191305765, "log10_eta": -1.919942879786706, "log10_lambda": -0.47225253509273823, "log10_min_child_weight": 3.6542393704467098, "log10_subsample": -0.08363653003016891, "max_depth": 8.0, "num_boost_round": 3.0}, "datetime": {"datetime": "2024-01-19 02:12:26", "elapsed": 7198.780845, "delta": 0.006304}}
{"target": -13.757454712545115, "params": {"gamma": 305.20499463877593, "log10_alpha": -1.7232508186680802, "log10_colsample_bytree": -0.6083697191305765, "log10_eta": -1.919942879786706, "log10_lambda": -0.47225253509273823, "log10_min_child_weight": 3.6542393704467098, "log10_subsample": -0.08363653003016891, "max_depth": 8.0, "num_boost_round": 4.0}, "datetime": {"datetime": "2024-01-19 02:12:26", "elapsed": 7198.78719, "delta": 0.006345}}
{"target": -13.757359194352516, "params": {"gamma": 305.20499463877593, "log10_alpha": -1.7232508186680802, "log10_colsample_bytree": -0.6083697191305765, "log10_eta": -1.919942879786706, "log10_lambda": -0.47225253509273823, "log10_min_child_weight": 3.6542393704467098, "log10_subsample": -0.08363653003016891, "max_depth": 8.0, "num_boost_round": 5.0}, "datetime": {"datetime": "2024-01-19 02:12:26", "elapsed": 7198.79316, "delta": 0.00597}}
{"target": -13.757231803126992, "params": {"gamma": 305.20499463877593, "log10_alpha": -1.7232508186680802, "log10_colsample_bytree": -0.6083697191305765, "log10_eta": -1.919942879786706, "log10_lambda": -0.47225253509273823, "log10_min_child_weight": 3.6542393704467098, "log10_subsample": -0.08363653003016891, "max_depth": 8.0, "num_boost_round": 6.0}, "datetime": {"datetime": "2024-01-19 02:12:26", "elapsed": 7198.799244, "delta": 0.006084}}
{"target": -13.756907669765534, "params": {"gamma": 305.20499463877593, "log10_alpha": -1.7232508186680802, "log10_colsample_bytree": -0.6083697191305765, "log10_eta": -1.919942879786706, "log10_lambda": -0.47225253509273823, "log10_min_child_weight": 3.6542393704467098, "log10_subsample": -0.08363653003016891, "max_depth": 8.0, "num_boost_round": 7.0}, "datetime": {"datetime": "2024-01-19 02:12:26", "elapsed": 7198.805355, "delta": 0.006111}}
{"target": -13.756767802706838, "params": {"gamma": 305.20499463877593, "log10_alpha": -1.7232508186680802, "log10_colsample_bytree": -0.6083697191305765, "log10_eta": -1.919942879786706, "log10_lambda": -0.47225253509273823, "log10_min_child_weight": 3.6542393704467098, "log10_subsample": -0.08363653003016891, "max_depth": 8.0, "num_boost_round": 8.0}, "datetime": {"datetime": "2024-01-19 02:12:26", "elapsed": 7198.81134, "delta": 0.005985}}
{"target": -13.756876725018339, "params": {"gamma": 305.20499463877593, "log10_alpha": -1.7232508186680802, "log10_colsample_bytree": -0.6083697191305765, "log10_eta": -1.919942879786706, "log10_lambda": -0.47225253509273823, "log10_min_child_weight": 3.6542393704467098, "log10_subsample": -0.08363653003016891, "max_depth": 8.0, "num_boost_round": 9.0}, "datetime": {"datetime": "2024-01-19 02:12:26", "elapsed": 7198.817316, "delta": 0.005976}}
{"target": -13.756571494818331, "params": {"gamma": 305.20499463877593, "log10_alpha": -1.7232508186680802, "log10_colsample_bytree": -0.6083697191305765, "log10_eta": -1.919942879786706, "log10_lambda": -0.47225253509273823, "log10_min_child_weight": 3.6542393704467098, "log10_subsample": -0.08363653003016891, "max_depth": 8.0, "num_boost_round": 10.0}, "datetime": {"datetime": "2024-01-19 02:12:26", "elapsed": 7198.823309, "delta": 0.005993}}
