{"target": -17.743582113226182, "params": {"gamma": 422.26063316351593, "log10_alpha": -4.026782286776519, "log10_colsample_bytree": -0.12936152032440473, "log10_eta": -1.7375121728631924, "log10_lambda": -4.651446146804643, "log10_min_child_weight": 0.9199977786081459, "log10_subsample": -0.06852004689642344, "max_depth": 9.0, "num_boost_round": 53.0}, "datetime": {"datetime": "2024-01-19 00:19:54", "elapsed": 484.384004, "delta": 0.001427}}
{"target": -17.74407890454495, "params": {"gamma": 422.26063316351593, "log10_alpha": -4.026782286776519, "log10_colsample_bytree": -0.12936152032440473, "log10_eta": -1.7375121728631924, "log10_lambda": -4.651446146804643, "log10_min_child_weight": 0.9199977786081459, "log10_subsample": -0.06852004689642344, "max_depth": 9.0, "num_boost_round": 54.0}, "datetime": {"datetime": "2024-01-19 00:19:54", "elapsed": 484.385442, "delta": 0.001438}}
{"target": -17.746194025440584, "params": {"gamma": 422.26063316351593, "log10_alpha": -4.026782286776519, "log10_colsample_bytree": -0.12936152032440473, "log10_eta": -1.7375121728631924, "log10_lambda": -4.651446146804643, "log10_min_child_weight": 0.9199977786081459, "log10_subsample": -0.06852004689642344, "max_depth": 9.0, "num_boost_round": 55.0}, "datetime": {"datetime": "2024-01-19 00:19:54", "elapsed": 484.386863, "delta": 0.001421}}
{"target": -17.748694219982305, "params": {"gamma": 422.26063316351593, "log10_alpha": -4.026782286776519, "log10_colsample_bytree": -0.12936152032440473, "log10_eta": -1.7375121728631924, "log10_lambda": -4.651446146804643, "log10_min_child_weight": 0.9199977786081459, "log10_subsample": -0.06852004689642344, "max_depth": 9.0, "num_boost_round": 56.0}, "datetime": {"datetime": "2024-01-19 00:19:54", "elapsed": 484.392065, "delta": 0.005202}}
{"target": -17.751322741100036, "params": {"gamma": 422.26063316351593, "log10_alpha": -4.026782286776519, "log10_colsample_bytree": -0.12936152032440473, "log10_eta": -1.7375121728631924, "log10_lambda": -4.651446146804643, "log10_min_child_weight": 0.9199977786081459, "log10_subsample": -0.06852004689642344, "max_depth": 9.0, "num_boost_round": 57.0}, "datetime": {"datetime": "2024-01-19 00:19:54", "elapsed": 484.393554, "delta": 0.001489}}
{"target": -17.752967415295885, "params": {"gamma": 422.26063316351593, "log10_alpha": -4.026782286776519, "log10_colsample_bytree": -0.12936152032440473, "log10_eta": -1.7375121728631924, "log10_lambda": -4.651446146804643, "log10_min_child_weight": 0.9199977786081459, "log10_subsample": -0.06852004689642344, "max_depth": 9.0, "num_boost_round": 58.0}, "datetime": {"datetime": "2024-01-19 00:19:54", "elapsed": 484.394999, "delta": 0.001445}}
{"target": -17.75739614866087, "params": {"gamma": 422.26063316351593, "log10_alpha": -4.026782286776519, "log10_colsample_bytree": -0.12936152032440473, "log10_eta": -1.7375121728631924, "log10_lambda": -4.651446146804643, "log10_min_child_weight": 0.9199977786081459, "log10_subsample": -0.06852004689642344, "max_depth": 9.0, "num_boost_round": 59.0}, "datetime": {"datetime": "2024-01-19 00:19:54", "elapsed": 484.39645, "delta": 0.001451}}
{"target": -17.758978808343812, "params": {"gamma": 422.26063316351593, "log10_alpha": -4.026782286776519, "log10_colsample_bytree": -0.12936152032440473, "log10_eta": -1.7375121728631924, "log10_lambda": -4.651446146804643, "log10_min_child_weight": 0.9199977786081459, "log10_subsample": -0.06852004689642344, "max_depth": 9.0, "num_boost_round": 60.0}, "datetime": {"datetime": "2024-01-19 00:19:54", "elapsed": 484.397903, "delta": 0.001453}}
{"target": -17.76027181376423, "params": {"gamma": 422.26063316351593, "log10_alpha": -4.026782286776519, "log10_colsample_bytree": -0.12936152032440473, "log10_eta": -1.7375121728631924, "log10_lambda": -4.651446146804643, "log10_min_child_weight": 0.9199977786081459, "log10_subsample": -0.06852004689642344, "max_depth": 9.0, "num_boost_round": 61.0}, "datetime": {"datetime": "2024-01-19 00:19:54", "elapsed": 484.399349, "delta": 0.001446}}
{"target": -17.76442108931567, "params": {"gamma": 422.26063316351593, "log10_alpha": -4.026782286776519, "log10_colsample_bytree": -0.12936152032440473, "log10_eta": -1.7375121728631924, "log10_lambda": -4.651446146804643, "log10_min_child_weight": 0.9199977786081459, "log10_subsample": -0.06852004689642344, "max_depth": 9.0, "num_boost_round": 62.0}, "datetime": {"datetime": "2024-01-19 00:19:54", "elapsed": 484.400786, "delta": 0.001437}}
{"target": -17.770089180541802, "params": {"gamma": 422.26063316351593, "log10_alpha": -4.026782286776519, "log10_colsample_bytree": -0.12936152032440473, "log10_eta": -1.7375121728631924, "log10_lambda": -4.651446146804643, "log10_min_child_weight": 0.9199977786081459, "log10_subsample": -0.06852004689642344, "max_depth": 9.0, "num_boost_round": 63.0}, "datetime": {"datetime": "2024-01-19 00:19:54", "elapsed": 484.402234, "delta": 0.001448}}
{"target": -17.772454433637577, "params": {"gamma": 422.26063316351593, "log10_alpha": -4.026782286776519, "log10_colsample_bytree": -0.12936152032440473, "log10_eta": -1.7375121728631924, "log10_lambda": -4.651446146804643, "log10_min_child_weight": 0.9199977786081459, "log10_subsample": -0.06852004689642344, "max_depth": 9.0, "num_boost_round": 64.0}, "datetime": {"datetime": "2024-01-19 00:19:54", "elapsed": 484.403669, "delta": 0.001435}}
{"target": -17.77878651440278, "params": {"gamma": 422.26063316351593, "log10_alpha": -4.026782286776519, "log10_colsample_bytree": -0.12936152032440473, "log10_eta": -1.7375121728631924, "log10_lambda": -4.651446146804643, "log10_min_child_weight": 0.9199977786081459, "log10_subsample": -0.06852004689642344, "max_depth": 9.0, "num_boost_round": 65.0}, "datetime": {"datetime": "2024-01-19 00:19:54", "elapsed": 484.405102, "delta": 0.001433}}
{"target": -17.784556500351766, "params": {"gamma": 422.26063316351593, "log10_alpha": -4.026782286776519, "log10_colsample_bytree": -0.12936152032440473, "log10_eta": -1.7375121728631924, "log10_lambda": -4.651446146804643, "log10_min_child_weight": 0.9199977786081459, "log10_subsample": -0.06852004689642344, "max_depth": 9.0, "num_boost_round": 66.0}, "datetime": {"datetime": "2024-01-19 00:19:54", "elapsed": 484.406563, "delta": 0.001461}}
{"target": -17.78942906133704, "params": {"gamma": 422.26063316351593, "log10_alpha": -4.026782286776519, "log10_colsample_bytree": -0.12936152032440473, "log10_eta": -1.7375121728631924, "log10_lambda": -4.651446146804643, "log10_min_child_weight": 0.9199977786081459, "log10_subsample": -0.06852004689642344, "max_depth": 9.0, "num_boost_round": 67.0}, "datetime": {"datetime": "2024-01-19 00:19:54", "elapsed": 484.408005, "delta": 0.001442}}
{"target": -17.79013603178174, "params": {"gamma": 422.26063316351593, "log10_alpha": -4.026782286776519, "log10_colsample_bytree": -0.12936152032440473, "log10_eta": -1.7375121728631924, "log10_lambda": -4.651446146804643, "log10_min_child_weight": 0.9199977786081459, "log10_subsample": -0.06852004689642344, "max_depth": 9.0, "num_boost_round": 68.0}, "datetime": {"datetime": "2024-01-19 00:19:54", "elapsed": 484.409801, "delta": 0.001796}}
{"target": -17.791427489803567, "params": {"gamma": 422.26063316351593, "log10_alpha": -4.026782286776519, "log10_colsample_bytree": -0.12936152032440473, "log10_eta": -1.7375121728631924, "log10_lambda": -4.651446146804643, "log10_min_child_weight": 0.9199977786081459, "log10_subsample": -0.06852004689642344, "max_depth": 9.0, "num_boost_round": 69.0}, "datetime": {"datetime": "2024-01-19 00:19:54", "elapsed": 484.411931, "delta": 0.00213}}
{"target": -17.79382548738612, "params": {"gamma": 422.26063316351593, "log10_alpha": -4.026782286776519, "log10_colsample_bytree": -0.12936152032440473, "log10_eta": -1.7375121728631924, "log10_lambda": -4.651446146804643, "log10_min_child_weight": 0.9199977786081459, "log10_subsample": -0.06852004689642344, "max_depth": 9.0, "num_boost_round": 70.0}, "datetime": {"datetime": "2024-01-19 00:19:54", "elapsed": 484.414131, "delta": 0.0022}}
{"target": -17.801105360610546, "params": {"gamma": 422.26063316351593, "log10_alpha": -4.026782286776519, "log10_colsample_bytree": -0.12936152032440473, "log10_eta": -1.7375121728631924, "log10_lambda": -4.651446146804643, "log10_min_child_weight": 0.9199977786081459, "log10_subsample": -0.06852004689642344, "max_depth": 9.0, "num_boost_round": 71.0}, "datetime": {"datetime": "2024-01-19 00:19:54", "elapsed": 484.415546, "delta": 0.001415}}
{"target": -17.80516101157332, "params": {"gamma": 422.26063316351593, "log10_alpha": -4.026782286776519, "log10_colsample_bytree": -0.12936152032440473, "log10_eta": -1.7375121728631924, "log10_lambda": -4.651446146804643, "log10_min_child_weight": 0.9199977786081459, "log10_subsample": -0.06852004689642344, "max_depth": 9.0, "num_boost_round": 72.0}, "datetime": {"datetime": "2024-01-19 00:19:54", "elapsed": 484.416948, "delta": 0.001402}}
{"target": -17.6769156842321, "params": {"gamma": 419.04023886544815, "log10_alpha": -1.2875096571209843, "log10_colsample_bytree": -0.5937840799284885, "log10_eta": -1.9783640342849793, "log10_lambda": -4.888880392619903, "log10_min_child_weight": 0.27193194034198787, "log10_subsample": -0.8392798250773772, "max_depth": 2.0, "num_boost_round": 0.0}, "datetime": {"datetime": "2024-01-19 00:20:36", "elapsed": 526.081845, "delta": 41.664897}}
{"target": -17.676432396915274, "params": {"gamma": 419.04023886544815, "log10_alpha": -1.2875096571209843, "log10_colsample_bytree": -0.5937840799284885, "log10_eta": -1.9783640342849793, "log10_lambda": -4.888880392619903, "log10_min_child_weight": 0.27193194034198787, "log10_subsample": -0.8392798250773772, "max_depth": 2.0, "num_boost_round": 1.0}, "datetime": {"datetime": "2024-01-19 00:20:36", "elapsed": 526.083757, "delta": 0.001912}}
{"target": -17.676126493293765, "params": {"gamma": 419.04023886544815, "log10_alpha": -1.2875096571209843, "log10_colsample_bytree": -0.5937840799284885, "log10_eta": -1.9783640342849793, "log10_lambda": -4.888880392619903, "log10_min_child_weight": 0.27193194034198787, "log10_subsample": -0.8392798250773772, "max_depth": 2.0, "num_boost_round": 2.0}, "datetime": {"datetime": "2024-01-19 00:20:36", "elapsed": 526.085206, "delta": 0.001449}}
{"target": -17.675855699283993, "params": {"gamma": 419.04023886544815, "log10_alpha": -1.2875096571209843, "log10_colsample_bytree": -0.5937840799284885, "log10_eta": -1.9783640342849793, "log10_lambda": -4.888880392619903, "log10_min_child_weight": 0.27193194034198787, "log10_subsample": -0.8392798250773772, "max_depth": 2.0, "num_boost_round": 3.0}, "datetime": {"datetime": "2024-01-19 00:20:36", "elapsed": 526.086635, "delta": 0.001429}}
{"target": -17.67580308974419, "params": {"gamma": 419.04023886544815, "log10_alpha": -1.2875096571209843, "log10_colsample_bytree": -0.5937840799284885, "log10_eta": -1.9783640342849793, "log10_lambda": -4.888880392619903, "log10_min_child_weight": 0.27193194034198787, "log10_subsample": -0.8392798250773772, "max_depth": 2.0, "num_boost_round": 4.0}, "datetime": {"datetime": "2024-01-19 00:20:36", "elapsed": 526.08806, "delta": 0.001425}}
{"target": -17.67566595001185, "params": {"gamma": 419.04023886544815, "log10_alpha": -1.2875096571209843, "log10_colsample_bytree": -0.5937840799284885, "log10_eta": -1.9783640342849793, "log10_lambda": -4.888880392619903, "log10_min_child_weight": 0.27193194034198787, "log10_subsample": -0.8392798250773772, "max_depth": 2.0, "num_boost_round": 5.0}, "datetime": {"datetime": "2024-01-19 00:20:36", "elapsed": 526.089495, "delta": 0.001435}}
{"target": -17.67553412935746, "params": {"gamma": 419.04023886544815, "log10_alpha": -1.2875096571209843, "log10_colsample_bytree": -0.5937840799284885, "log10_eta": -1.9783640342849793, "log10_lambda": -4.888880392619903, "log10_min_child_weight": 0.27193194034198787, "log10_subsample": -0.8392798250773772, "max_depth": 2.0, "num_boost_round": 6.0}, "datetime": {"datetime": "2024-01-19 00:20:36", "elapsed": 526.090925, "delta": 0.00143}}
{"target": -17.67522870086415, "params": {"gamma": 419.04023886544815, "log10_alpha": -1.2875096571209843, "log10_colsample_bytree": -0.5937840799284885, "log10_eta": -1.9783640342849793, "log10_lambda": -4.888880392619903, "log10_min_child_weight": 0.27193194034198787, "log10_subsample": -0.8392798250773772, "max_depth": 2.0, "num_boost_round": 7.0}, "datetime": {"datetime": "2024-01-19 00:20:36", "elapsed": 526.092346, "delta": 0.001421}}
{"target": -17.675068932135574, "params": {"gamma": 419.04023886544815, "log10_alpha": -1.2875096571209843, "log10_colsample_bytree": -0.5937840799284885, "log10_eta": -1.9783640342849793, "log10_lambda": -4.888880392619903, "log10_min_child_weight": 0.27193194034198787, "log10_subsample": -0.8392798250773772, "max_depth": 2.0, "num_boost_round": 8.0}, "datetime": {"datetime": "2024-01-19 00:20:36", "elapsed": 526.093769, "delta": 0.001423}}
{"target": -17.674962108597292, "params": {"gamma": 419.04023886544815, "log10_alpha": -1.2875096571209843, "log10_colsample_bytree": -0.5937840799284885, "log10_eta": -1.9783640342849793, "log10_lambda": -4.888880392619903, "log10_min_child_weight": 0.27193194034198787, "log10_subsample": -0.8392798250773772, "max_depth": 2.0, "num_boost_round": 9.0}, "datetime": {"datetime": "2024-01-19 00:20:36", "elapsed": 526.095193, "delta": 0.001424}}
{"target": -17.674726693176844, "params": {"gamma": 419.04023886544815, "log10_alpha": -1.2875096571209843, "log10_colsample_bytree": -0.5937840799284885, "log10_eta": -1.9783640342849793, "log10_lambda": -4.888880392619903, "log10_min_child_weight": 0.27193194034198787, "log10_subsample": -0.8392798250773772, "max_depth": 2.0, "num_boost_round": 10.0}, "datetime": {"datetime": "2024-01-19 00:20:36", "elapsed": 526.096624, "delta": 0.001431}}
{"target": -17.674442067552192, "params": {"gamma": 419.04023886544815, "log10_alpha": -1.2875096571209843, "log10_colsample_bytree": -0.5937840799284885, "log10_eta": -1.9783640342849793, "log10_lambda": -4.888880392619903, "log10_min_child_weight": 0.27193194034198787, "log10_subsample": -0.8392798250773772, "max_depth": 2.0, "num_boost_round": 11.0}, "datetime": {"datetime": "2024-01-19 00:20:36", "elapsed": 526.098059, "delta": 0.001435}}
{"target": -17.674236091077088, "params": {"gamma": 419.04023886544815, "log10_alpha": -1.2875096571209843, "log10_colsample_bytree": -0.5937840799284885, "log10_eta": -1.9783640342849793, "log10_lambda": -4.888880392619903, "log10_min_child_weight": 0.27193194034198787, "log10_subsample": -0.8392798250773772, "max_depth": 2.0, "num_boost_round": 12.0}, "datetime": {"datetime": "2024-01-19 00:20:36", "elapsed": 526.099503, "delta": 0.001444}}
{"target": -17.67400240320734, "params": {"gamma": 419.04023886544815, "log10_alpha": -1.2875096571209843, "log10_colsample_bytree": -0.5937840799284885, "log10_eta": -1.9783640342849793, "log10_lambda": -4.888880392619903, "log10_min_child_weight": 0.27193194034198787, "log10_subsample": -0.8392798250773772, "max_depth": 2.0, "num_boost_round": 13.0}, "datetime": {"datetime": "2024-01-19 00:20:36", "elapsed": 526.100933, "delta": 0.00143}}
{"target": -17.67398737558615, "params": {"gamma": 419.04023886544815, "log10_alpha": -1.2875096571209843, "log10_colsample_bytree": -0.5937840799284885, "log10_eta": -1.9783640342849793, "log10_lambda": -4.888880392619903, "log10_min_child_weight": 0.27193194034198787, "log10_subsample": -0.8392798250773772, "max_depth": 2.0, "num_boost_round": 14.0}, "datetime": {"datetime": "2024-01-19 00:20:36", "elapsed": 526.102371, "delta": 0.001438}}
{"target": -17.67379422711899, "params": {"gamma": 419.04023886544815, "log10_alpha": -1.2875096571209843, "log10_colsample_bytree": -0.5937840799284885, "log10_eta": -1.9783640342849793, "log10_lambda": -4.888880392619903, "log10_min_child_weight": 0.27193194034198787, "log10_subsample": -0.8392798250773772, "max_depth": 2.0, "num_boost_round": 15.0}, "datetime": {"datetime": "2024-01-19 00:20:36", "elapsed": 526.104539, "delta": 0.002168}}
{"target": -17.673435934703868, "params": {"gamma": 419.04023886544815, "log10_alpha": -1.2875096571209843, "log10_colsample_bytree": -0.5937840799284885, "log10_eta": -1.9783640342849793, "log10_lambda": -4.888880392619903, "log10_min_child_weight": 0.27193194034198787, "log10_subsample": -0.8392798250773772, "max_depth": 2.0, "num_boost_round": 16.0}, "datetime": {"datetime": "2024-01-19 00:20:36", "elapsed": 526.105987, "delta": 0.001448}}
{"target": -17.673270426564677, "params": {"gamma": 419.04023886544815, "log10_alpha": -1.2875096571209843, "log10_colsample_bytree": -0.5937840799284885, "log10_eta": -1.9783640342849793, "log10_lambda": -4.888880392619903, "log10_min_child_weight": 0.27193194034198787, "log10_subsample": -0.8392798250773772, "max_depth": 2.0, "num_boost_round": 17.0}, "datetime": {"datetime": "2024-01-19 00:20:36", "elapsed": 526.107424, "delta": 0.001437}}
{"target": -17.673226247940423, "params": {"gamma": 419.04023886544815, "log10_alpha": -1.2875096571209843, "log10_colsample_bytree": -0.5937840799284885, "log10_eta": -1.9783640342849793, "log10_lambda": -4.888880392619903, "log10_min_child_weight": 0.27193194034198787, "log10_subsample": -0.8392798250773772, "max_depth": 2.0, "num_boost_round": 18.0}, "datetime": {"datetime": "2024-01-19 00:20:36", "elapsed": 526.108853, "delta": 0.001429}}
{"target": -17.673106770075115, "params": {"gamma": 419.04023886544815, "log10_alpha": -1.2875096571209843, "log10_colsample_bytree": -0.5937840799284885, "log10_eta": -1.9783640342849793, "log10_lambda": -4.888880392619903, "log10_min_child_weight": 0.27193194034198787, "log10_subsample": -0.8392798250773772, "max_depth": 2.0, "num_boost_round": 19.0}, "datetime": {"datetime": "2024-01-19 00:20:36", "elapsed": 526.110331, "delta": 0.001478}}
{"target": -17.67304124821505, "params": {"gamma": 419.04023886544815, "log10_alpha": -1.2875096571209843, "log10_colsample_bytree": -0.5937840799284885, "log10_eta": -1.9783640342849793, "log10_lambda": -4.888880392619903, "log10_min_child_weight": 0.27193194034198787, "log10_subsample": -0.8392798250773772, "max_depth": 2.0, "num_boost_round": 20.0}, "datetime": {"datetime": "2024-01-19 00:20:36", "elapsed": 526.111874, "delta": 0.001543}}
{"target": -17.672932430337255, "params": {"gamma": 419.04023886544815, "log10_alpha": -1.2875096571209843, "log10_colsample_bytree": -0.5937840799284885, "log10_eta": -1.9783640342849793, "log10_lambda": -4.888880392619903, "log10_min_child_weight": 0.27193194034198787, "log10_subsample": -0.8392798250773772, "max_depth": 2.0, "num_boost_round": 21.0}, "datetime": {"datetime": "2024-01-19 00:20:36", "elapsed": 526.113296, "delta": 0.001422}}
{"target": -17.672872510128272, "params": {"gamma": 419.04023886544815, "log10_alpha": -1.2875096571209843, "log10_colsample_bytree": -0.5937840799284885, "log10_eta": -1.9783640342849793, "log10_lambda": -4.888880392619903, "log10_min_child_weight": 0.27193194034198787, "log10_subsample": -0.8392798250773772, "max_depth": 2.0, "num_boost_round": 22.0}, "datetime": {"datetime": "2024-01-19 00:20:36", "elapsed": 526.114741, "delta": 0.001445}}
{"target": -17.67253452724845, "params": {"gamma": 419.04023886544815, "log10_alpha": -1.2875096571209843, "log10_colsample_bytree": -0.5937840799284885, "log10_eta": -1.9783640342849793, "log10_lambda": -4.888880392619903, "log10_min_child_weight": 0.27193194034198787, "log10_subsample": -0.8392798250773772, "max_depth": 2.0, "num_boost_round": 23.0}, "datetime": {"datetime": "2024-01-19 00:20:36", "elapsed": 526.116169, "delta": 0.001428}}
{"target": -17.67237702964781, "params": {"gamma": 419.04023886544815, "log10_alpha": -1.2875096571209843, "log10_colsample_bytree": -0.5937840799284885, "log10_eta": -1.9783640342849793, "log10_lambda": -4.888880392619903, "log10_min_child_weight": 0.27193194034198787, "log10_subsample": -0.8392798250773772, "max_depth": 2.0, "num_boost_round": 24.0}, "datetime": {"datetime": "2024-01-19 00:20:36", "elapsed": 526.117608, "delta": 0.001439}}
{"target": -17.672172313043664, "params": {"gamma": 419.04023886544815, "log10_alpha": -1.2875096571209843, "log10_colsample_bytree": -0.5937840799284885, "log10_eta": -1.9783640342849793, "log10_lambda": -4.888880392619903, "log10_min_child_weight": 0.27193194034198787, "log10_subsample": -0.8392798250773772, "max_depth": 2.0, "num_boost_round": 25.0}, "datetime": {"datetime": "2024-01-19 00:20:36", "elapsed": 526.119056, "delta": 0.001448}}
{"target": -17.672118876321736, "params": {"gamma": 419.04023886544815, "log10_alpha": -1.2875096571209843, "log10_colsample_bytree": -0.5937840799284885, "log10_eta": -1.9783640342849793, "log10_lambda": -4.888880392619903, "log10_min_child_weight": 0.27193194034198787, "log10_subsample": -0.8392798250773772, "max_depth": 2.0, "num_boost_round": 26.0}, "datetime": {"datetime": "2024-01-19 00:20:36", "elapsed": 526.120504, "delta": 0.001448}}
{"target": -17.671789849279765, "params": {"gamma": 419.04023886544815, "log10_alpha": -1.2875096571209843, "log10_colsample_bytree": -0.5937840799284885, "log10_eta": -1.9783640342849793, "log10_lambda": -4.888880392619903, "log10_min_child_weight": 0.27193194034198787, "log10_subsample": -0.8392798250773772, "max_depth": 2.0, "num_boost_round": 27.0}, "datetime": {"datetime": "2024-01-19 00:20:36", "elapsed": 526.122067, "delta": 0.001563}}
{"target": -17.67170105852956, "params": {"gamma": 419.04023886544815, "log10_alpha": -1.2875096571209843, "log10_colsample_bytree": -0.5937840799284885, "log10_eta": -1.9783640342849793, "log10_lambda": -4.888880392619903, "log10_min_child_weight": 0.27193194034198787, "log10_subsample": -0.8392798250773772, "max_depth": 2.0, "num_boost_round": 28.0}, "datetime": {"datetime": "2024-01-19 00:20:36", "elapsed": 526.123508, "delta": 0.001441}}
