{"target": -17.67600109647234, "params": {"gamma": 564.7261823302388, "log10_alpha": 0.3809115372507561, "log10_colsample_bytree": -0.2810342797035178, "log10_eta": -1.9071061692299538, "log10_lambda": -2.667099108967479, "log10_min_child_weight": 3.176315757852522, "log10_subsample": -0.6254507138593668, "max_depth": 5.0, "num_boost_round": 10.0}, "datetime": {"datetime": "2024-01-19 00:16:00", "elapsed": 257.370242, "delta": 0.00044}}
{"target": -17.675601833621343, "params": {"gamma": 564.7261823302388, "log10_alpha": 0.3809115372507561, "log10_colsample_bytree": -0.2810342797035178, "log10_eta": -1.9071061692299538, "log10_lambda": -2.667099108967479, "log10_min_child_weight": 3.176315757852522, "log10_subsample": -0.6254507138593668, "max_depth": 5.0, "num_boost_round": 11.0}, "datetime": {"datetime": "2024-01-19 00:16:00", "elapsed": 257.370785, "delta": 0.000543}}
{"target": -17.677188696470296, "params": {"gamma": 539.856613914626, "log10_alpha": -1.8208801139496984, "log10_colsample_bytree": -0.34001200934992437, "log10_eta": -2.4630671477728585, "log10_lambda": 0.7553478976525865, "log10_min_child_weight": 4.81271036471946, "log10_subsample": -0.18336020410336806, "max_depth": 4.0, "num_boost_round": 0.0}, "datetime": {"datetime": "2024-01-19 00:16:26", "elapsed": 284.121309, "delta": 26.750524}}
{"target": -17.67715942212551, "params": {"gamma": 539.856613914626, "log10_alpha": -1.8208801139496984, "log10_colsample_bytree": -0.34001200934992437, "log10_eta": -2.4630671477728585, "log10_lambda": 0.7553478976525865, "log10_min_child_weight": 4.81271036471946, "log10_subsample": -0.18336020410336806, "max_depth": 4.0, "num_boost_round": 1.0}, "datetime": {"datetime": "2024-01-19 00:16:26", "elapsed": 284.121955, "delta": 0.000646}}
{"target": -17.677166686945185, "params": {"gamma": 539.856613914626, "log10_alpha": -1.8208801139496984, "log10_colsample_bytree": -0.34001200934992437, "log10_eta": -2.4630671477728585, "log10_lambda": 0.7553478976525865, "log10_min_child_weight": 4.81271036471946, "log10_subsample": -0.18336020410336806, "max_depth": 4.0, "num_boost_round": 2.0}, "datetime": {"datetime": "2024-01-19 00:16:26", "elapsed": 284.122436, "delta": 0.000481}}
{"target": -17.677150157682096, "params": {"gamma": 539.856613914626, "log10_alpha": -1.8208801139496984, "log10_colsample_bytree": -0.34001200934992437, "log10_eta": -2.4630671477728585, "log10_lambda": 0.7553478976525865, "log10_min_child_weight": 4.81271036471946, "log10_subsample": -0.18336020410336806, "max_depth": 4.0, "num_boost_round": 3.0}, "datetime": {"datetime": "2024-01-19 00:16:26", "elapsed": 284.123353, "delta": 0.000917}}
{"target": -17.677129911567906, "params": {"gamma": 539.856613914626, "log10_alpha": -1.8208801139496984, "log10_colsample_bytree": -0.34001200934992437, "log10_eta": -2.4630671477728585, "log10_lambda": 0.7553478976525865, "log10_min_child_weight": 4.81271036471946, "log10_subsample": -0.18336020410336806, "max_depth": 4.0, "num_boost_round": 4.0}, "datetime": {"datetime": "2024-01-19 00:16:26", "elapsed": 284.123932, "delta": 0.000579}}
{"target": -17.6771323876464, "params": {"gamma": 539.856613914626, "log10_alpha": -1.8208801139496984, "log10_colsample_bytree": -0.34001200934992437, "log10_eta": -2.4630671477728585, "log10_lambda": 0.7553478976525865, "log10_min_child_weight": 4.81271036471946, "log10_subsample": -0.18336020410336806, "max_depth": 4.0, "num_boost_round": 5.0}, "datetime": {"datetime": "2024-01-19 00:16:26", "elapsed": 284.124387, "delta": 0.000455}}
{"target": -17.67713283016405, "params": {"gamma": 539.856613914626, "log10_alpha": -1.8208801139496984, "log10_colsample_bytree": -0.34001200934992437, "log10_eta": -2.4630671477728585, "log10_lambda": 0.7553478976525865, "log10_min_child_weight": 4.81271036471946, "log10_subsample": -0.18336020410336806, "max_depth": 4.0, "num_boost_round": 6.0}, "datetime": {"datetime": "2024-01-19 00:16:26", "elapsed": 284.124844, "delta": 0.000457}}
{"target": -17.67714633551506, "params": {"gamma": 539.856613914626, "log10_alpha": -1.8208801139496984, "log10_colsample_bytree": -0.34001200934992437, "log10_eta": -2.4630671477728585, "log10_lambda": 0.7553478976525865, "log10_min_child_weight": 4.81271036471946, "log10_subsample": -0.18336020410336806, "max_depth": 4.0, "num_boost_round": 7.0}, "datetime": {"datetime": "2024-01-19 00:16:26", "elapsed": 284.12529, "delta": 0.000446}}
{"target": -17.67712076891743, "params": {"gamma": 539.856613914626, "log10_alpha": -1.8208801139496984, "log10_colsample_bytree": -0.34001200934992437, "log10_eta": -2.4630671477728585, "log10_lambda": 0.7553478976525865, "log10_min_child_weight": 4.81271036471946, "log10_subsample": -0.18336020410336806, "max_depth": 4.0, "num_boost_round": 8.0}, "datetime": {"datetime": "2024-01-19 00:16:26", "elapsed": 284.125749, "delta": 0.000459}}
{"target": -17.67709516585631, "params": {"gamma": 539.856613914626, "log10_alpha": -1.8208801139496984, "log10_colsample_bytree": -0.34001200934992437, "log10_eta": -2.4630671477728585, "log10_lambda": 0.7553478976525865, "log10_min_child_weight": 4.81271036471946, "log10_subsample": -0.18336020410336806, "max_depth": 4.0, "num_boost_round": 9.0}, "datetime": {"datetime": "2024-01-19 00:16:26", "elapsed": 284.12632, "delta": 0.000571}}
{"target": -17.67707102576565, "params": {"gamma": 539.856613914626, "log10_alpha": -1.8208801139496984, "log10_colsample_bytree": -0.34001200934992437, "log10_eta": -2.4630671477728585, "log10_lambda": 0.7553478976525865, "log10_min_child_weight": 4.81271036471946, "log10_subsample": -0.18336020410336806, "max_depth": 4.0, "num_boost_round": 10.0}, "datetime": {"datetime": "2024-01-19 00:16:26", "elapsed": 284.126774, "delta": 0.000454}}
{"target": -17.67702720461465, "params": {"gamma": 539.856613914626, "log10_alpha": -1.8208801139496984, "log10_colsample_bytree": -0.34001200934992437, "log10_eta": -2.4630671477728585, "log10_lambda": 0.7553478976525865, "log10_min_child_weight": 4.81271036471946, "log10_subsample": -0.18336020410336806, "max_depth": 4.0, "num_boost_round": 11.0}, "datetime": {"datetime": "2024-01-19 00:16:26", "elapsed": 284.127238, "delta": 0.000464}}
{"target": -17.677031856955296, "params": {"gamma": 539.856613914626, "log10_alpha": -1.8208801139496984, "log10_colsample_bytree": -0.34001200934992437, "log10_eta": -2.4630671477728585, "log10_lambda": 0.7553478976525865, "log10_min_child_weight": 4.81271036471946, "log10_subsample": -0.18336020410336806, "max_depth": 4.0, "num_boost_round": 12.0}, "datetime": {"datetime": "2024-01-19 00:16:26", "elapsed": 284.127686, "delta": 0.000448}}
{"target": -17.676991274638976, "params": {"gamma": 539.856613914626, "log10_alpha": -1.8208801139496984, "log10_colsample_bytree": -0.34001200934992437, "log10_eta": -2.4630671477728585, "log10_lambda": 0.7553478976525865, "log10_min_child_weight": 4.81271036471946, "log10_subsample": -0.18336020410336806, "max_depth": 4.0, "num_boost_round": 13.0}, "datetime": {"datetime": "2024-01-19 00:16:26", "elapsed": 284.128144, "delta": 0.000458}}
{"target": -17.67697930920533, "params": {"gamma": 539.856613914626, "log10_alpha": -1.8208801139496984, "log10_colsample_bytree": -0.34001200934992437, "log10_eta": -2.4630671477728585, "log10_lambda": 0.7553478976525865, "log10_min_child_weight": 4.81271036471946, "log10_subsample": -0.18336020410336806, "max_depth": 4.0, "num_boost_round": 14.0}, "datetime": {"datetime": "2024-01-19 00:16:26", "elapsed": 284.128732, "delta": 0.000588}}
{"target": -17.67693335830157, "params": {"gamma": 539.856613914626, "log10_alpha": -1.8208801139496984, "log10_colsample_bytree": -0.34001200934992437, "log10_eta": -2.4630671477728585, "log10_lambda": 0.7553478976525865, "log10_min_child_weight": 4.81271036471946, "log10_subsample": -0.18336020410336806, "max_depth": 4.0, "num_boost_round": 15.0}, "datetime": {"datetime": "2024-01-19 00:16:26", "elapsed": 284.129316, "delta": 0.000584}}
{"target": -17.67691008218186, "params": {"gamma": 539.856613914626, "log10_alpha": -1.8208801139496984, "log10_colsample_bytree": -0.34001200934992437, "log10_eta": -2.4630671477728585, "log10_lambda": 0.7553478976525865, "log10_min_child_weight": 4.81271036471946, "log10_subsample": -0.18336020410336806, "max_depth": 4.0, "num_boost_round": 16.0}, "datetime": {"datetime": "2024-01-19 00:16:26", "elapsed": 284.129862, "delta": 0.000546}}
{"target": -17.67690923019187, "params": {"gamma": 539.856613914626, "log10_alpha": -1.8208801139496984, "log10_colsample_bytree": -0.34001200934992437, "log10_eta": -2.4630671477728585, "log10_lambda": 0.7553478976525865, "log10_min_child_weight": 4.81271036471946, "log10_subsample": -0.18336020410336806, "max_depth": 4.0, "num_boost_round": 17.0}, "datetime": {"datetime": "2024-01-19 00:16:26", "elapsed": 284.130414, "delta": 0.000552}}
{"target": -17.67687871968743, "params": {"gamma": 539.856613914626, "log10_alpha": -1.8208801139496984, "log10_colsample_bytree": -0.34001200934992437, "log10_eta": -2.4630671477728585, "log10_lambda": 0.7553478976525865, "log10_min_child_weight": 4.81271036471946, "log10_subsample": -0.18336020410336806, "max_depth": 4.0, "num_boost_round": 18.0}, "datetime": {"datetime": "2024-01-19 00:16:26", "elapsed": 284.130888, "delta": 0.000474}}
{"target": -17.676841349012523, "params": {"gamma": 539.856613914626, "log10_alpha": -1.8208801139496984, "log10_colsample_bytree": -0.34001200934992437, "log10_eta": -2.4630671477728585, "log10_lambda": 0.7553478976525865, "log10_min_child_weight": 4.81271036471946, "log10_subsample": -0.18336020410336806, "max_depth": 4.0, "num_boost_round": 19.0}, "datetime": {"datetime": "2024-01-19 00:16:26", "elapsed": 284.131348, "delta": 0.00046}}
{"target": -17.676824221194057, "params": {"gamma": 539.856613914626, "log10_alpha": -1.8208801139496984, "log10_colsample_bytree": -0.34001200934992437, "log10_eta": -2.4630671477728585, "log10_lambda": 0.7553478976525865, "log10_min_child_weight": 4.81271036471946, "log10_subsample": -0.18336020410336806, "max_depth": 4.0, "num_boost_round": 20.0}, "datetime": {"datetime": "2024-01-19 00:16:26", "elapsed": 284.131815, "delta": 0.000467}}
{"target": -17.676789380796414, "params": {"gamma": 539.856613914626, "log10_alpha": -1.8208801139496984, "log10_colsample_bytree": -0.34001200934992437, "log10_eta": -2.4630671477728585, "log10_lambda": 0.7553478976525865, "log10_min_child_weight": 4.81271036471946, "log10_subsample": -0.18336020410336806, "max_depth": 4.0, "num_boost_round": 21.0}, "datetime": {"datetime": "2024-01-19 00:16:26", "elapsed": 284.132285, "delta": 0.00047}}
{"target": -17.67678226315027, "params": {"gamma": 539.856613914626, "log10_alpha": -1.8208801139496984, "log10_colsample_bytree": -0.34001200934992437, "log10_eta": -2.4630671477728585, "log10_lambda": 0.7553478976525865, "log10_min_child_weight": 4.81271036471946, "log10_subsample": -0.18336020410336806, "max_depth": 4.0, "num_boost_round": 22.0}, "datetime": {"datetime": "2024-01-19 00:16:26", "elapsed": 284.132804, "delta": 0.000519}}
{"target": -17.67677121839231, "params": {"gamma": 539.856613914626, "log10_alpha": -1.8208801139496984, "log10_colsample_bytree": -0.34001200934992437, "log10_eta": -2.4630671477728585, "log10_lambda": 0.7553478976525865, "log10_min_child_weight": 4.81271036471946, "log10_subsample": -0.18336020410336806, "max_depth": 4.0, "num_boost_round": 23.0}, "datetime": {"datetime": "2024-01-19 00:16:26", "elapsed": 284.133267, "delta": 0.000463}}
{"target": -17.67677873476568, "params": {"gamma": 539.856613914626, "log10_alpha": -1.8208801139496984, "log10_colsample_bytree": -0.34001200934992437, "log10_eta": -2.4630671477728585, "log10_lambda": 0.7553478976525865, "log10_min_child_weight": 4.81271036471946, "log10_subsample": -0.18336020410336806, "max_depth": 4.0, "num_boost_round": 24.0}, "datetime": {"datetime": "2024-01-19 00:16:26", "elapsed": 284.133729, "delta": 0.000462}}
{"target": -17.676735964812078, "params": {"gamma": 539.856613914626, "log10_alpha": -1.8208801139496984, "log10_colsample_bytree": -0.34001200934992437, "log10_eta": -2.4630671477728585, "log10_lambda": 0.7553478976525865, "log10_min_child_weight": 4.81271036471946, "log10_subsample": -0.18336020410336806, "max_depth": 4.0, "num_boost_round": 25.0}, "datetime": {"datetime": "2024-01-19 00:16:26", "elapsed": 284.134207, "delta": 0.000478}}
{"target": -17.676755972337617, "params": {"gamma": 539.856613914626, "log10_alpha": -1.8208801139496984, "log10_colsample_bytree": -0.34001200934992437, "log10_eta": -2.4630671477728585, "log10_lambda": 0.7553478976525865, "log10_min_child_weight": 4.81271036471946, "log10_subsample": -0.18336020410336806, "max_depth": 4.0, "num_boost_round": 26.0}, "datetime": {"datetime": "2024-01-19 00:16:26", "elapsed": 284.134672, "delta": 0.000465}}
{"target": -17.67672271457764, "params": {"gamma": 539.856613914626, "log10_alpha": -1.8208801139496984, "log10_colsample_bytree": -0.34001200934992437, "log10_eta": -2.4630671477728585, "log10_lambda": 0.7553478976525865, "log10_min_child_weight": 4.81271036471946, "log10_subsample": -0.18336020410336806, "max_depth": 4.0, "num_boost_round": 27.0}, "datetime": {"datetime": "2024-01-19 00:16:26", "elapsed": 284.135151, "delta": 0.000479}}
{"target": -17.676717600713417, "params": {"gamma": 539.856613914626, "log10_alpha": -1.8208801139496984, "log10_colsample_bytree": -0.34001200934992437, "log10_eta": -2.4630671477728585, "log10_lambda": 0.7553478976525865, "log10_min_child_weight": 4.81271036471946, "log10_subsample": -0.18336020410336806, "max_depth": 4.0, "num_boost_round": 28.0}, "datetime": {"datetime": "2024-01-19 00:16:26", "elapsed": 284.135629, "delta": 0.000478}}
{"target": -17.676725848311364, "params": {"gamma": 539.856613914626, "log10_alpha": -1.8208801139496984, "log10_colsample_bytree": -0.34001200934992437, "log10_eta": -2.4630671477728585, "log10_lambda": 0.7553478976525865, "log10_min_child_weight": 4.81271036471946, "log10_subsample": -0.18336020410336806, "max_depth": 4.0, "num_boost_round": 29.0}, "datetime": {"datetime": "2024-01-19 00:16:26", "elapsed": 284.136105, "delta": 0.000476}}
{"target": -17.676710423740296, "params": {"gamma": 539.856613914626, "log10_alpha": -1.8208801139496984, "log10_colsample_bytree": -0.34001200934992437, "log10_eta": -2.4630671477728585, "log10_lambda": 0.7553478976525865, "log10_min_child_weight": 4.81271036471946, "log10_subsample": -0.18336020410336806, "max_depth": 4.0, "num_boost_round": 30.0}, "datetime": {"datetime": "2024-01-19 00:16:26", "elapsed": 284.136589, "delta": 0.000484}}
{"target": -17.676728218781253, "params": {"gamma": 539.856613914626, "log10_alpha": -1.8208801139496984, "log10_colsample_bytree": -0.34001200934992437, "log10_eta": -2.4630671477728585, "log10_lambda": 0.7553478976525865, "log10_min_child_weight": 4.81271036471946, "log10_subsample": -0.18336020410336806, "max_depth": 4.0, "num_boost_round": 31.0}, "datetime": {"datetime": "2024-01-19 00:16:26", "elapsed": 284.137071, "delta": 0.000482}}
{"target": -17.676761901158375, "params": {"gamma": 539.856613914626, "log10_alpha": -1.8208801139496984, "log10_colsample_bytree": -0.34001200934992437, "log10_eta": -2.4630671477728585, "log10_lambda": 0.7553478976525865, "log10_min_child_weight": 4.81271036471946, "log10_subsample": -0.18336020410336806, "max_depth": 4.0, "num_boost_round": 32.0}, "datetime": {"datetime": "2024-01-19 00:16:26", "elapsed": 284.137539, "delta": 0.000468}}
{"target": -17.677211472830027, "params": {"gamma": 555.7287356742112, "log10_alpha": -0.23326765578718245, "log10_colsample_bytree": -0.3438327309170588, "log10_eta": -2.6861938031189765, "log10_lambda": -2.768845361251275, "log10_min_child_weight": 4.89690428974534, "log10_subsample": -0.2906294635740936, "max_depth": 2.0, "num_boost_round": 0.0}, "datetime": {"datetime": "2024-01-19 00:16:45", "elapsed": 302.819861, "delta": 18.682322}}
{"target": -17.677205522677326, "params": {"gamma": 555.7287356742112, "log10_alpha": -0.23326765578718245, "log10_colsample_bytree": -0.3438327309170588, "log10_eta": -2.6861938031189765, "log10_lambda": -2.768845361251275, "log10_min_child_weight": 4.89690428974534, "log10_subsample": -0.2906294635740936, "max_depth": 2.0, "num_boost_round": 1.0}, "datetime": {"datetime": "2024-01-19 00:16:45", "elapsed": 302.820902, "delta": 0.001041}}
{"target": -17.677209316999708, "params": {"gamma": 555.7287356742112, "log10_alpha": -0.23326765578718245, "log10_colsample_bytree": -0.3438327309170588, "log10_eta": -2.6861938031189765, "log10_lambda": -2.768845361251275, "log10_min_child_weight": 4.89690428974534, "log10_subsample": -0.2906294635740936, "max_depth": 2.0, "num_boost_round": 2.0}, "datetime": {"datetime": "2024-01-19 00:16:45", "elapsed": 302.821555, "delta": 0.000653}}
{"target": -17.677189630566946, "params": {"gamma": 555.7287356742112, "log10_alpha": -0.23326765578718245, "log10_colsample_bytree": -0.3438327309170588, "log10_eta": -2.6861938031189765, "log10_lambda": -2.768845361251275, "log10_min_child_weight": 4.89690428974534, "log10_subsample": -0.2906294635740936, "max_depth": 2.0, "num_boost_round": 3.0}, "datetime": {"datetime": "2024-01-19 00:16:45", "elapsed": 302.822066, "delta": 0.000511}}
{"target": -17.677183949824897, "params": {"gamma": 555.7287356742112, "log10_alpha": -0.23326765578718245, "log10_colsample_bytree": -0.3438327309170588, "log10_eta": -2.6861938031189765, "log10_lambda": -2.768845361251275, "log10_min_child_weight": 4.89690428974534, "log10_subsample": -0.2906294635740936, "max_depth": 2.0, "num_boost_round": 4.0}, "datetime": {"datetime": "2024-01-19 00:16:45", "elapsed": 302.822677, "delta": 0.000611}}
{"target": -17.677184949510067, "params": {"gamma": 555.7287356742112, "log10_alpha": -0.23326765578718245, "log10_colsample_bytree": -0.3438327309170588, "log10_eta": -2.6861938031189765, "log10_lambda": -2.768845361251275, "log10_min_child_weight": 4.89690428974534, "log10_subsample": -0.2906294635740936, "max_depth": 2.0, "num_boost_round": 5.0}, "datetime": {"datetime": "2024-01-19 00:16:45", "elapsed": 302.823171, "delta": 0.000494}}
{"target": -17.677190015939782, "params": {"gamma": 555.7287356742112, "log10_alpha": -0.23326765578718245, "log10_colsample_bytree": -0.3438327309170588, "log10_eta": -2.6861938031189765, "log10_lambda": -2.768845361251275, "log10_min_child_weight": 4.89690428974534, "log10_subsample": -0.2906294635740936, "max_depth": 2.0, "num_boost_round": 6.0}, "datetime": {"datetime": "2024-01-19 00:16:45", "elapsed": 302.823657, "delta": 0.000486}}
{"target": -17.67719358146079, "params": {"gamma": 555.7287356742112, "log10_alpha": -0.23326765578718245, "log10_colsample_bytree": -0.3438327309170588, "log10_eta": -2.6861938031189765, "log10_lambda": -2.768845361251275, "log10_min_child_weight": 4.89690428974534, "log10_subsample": -0.2906294635740936, "max_depth": 2.0, "num_boost_round": 7.0}, "datetime": {"datetime": "2024-01-19 00:16:45", "elapsed": 302.824152, "delta": 0.000495}}
{"target": -17.677174191744754, "params": {"gamma": 555.7287356742112, "log10_alpha": -0.23326765578718245, "log10_colsample_bytree": -0.3438327309170588, "log10_eta": -2.6861938031189765, "log10_lambda": -2.768845361251275, "log10_min_child_weight": 4.89690428974534, "log10_subsample": -0.2906294635740936, "max_depth": 2.0, "num_boost_round": 8.0}, "datetime": {"datetime": "2024-01-19 00:16:45", "elapsed": 302.82464, "delta": 0.000488}}
{"target": -17.677158165210855, "params": {"gamma": 555.7287356742112, "log10_alpha": -0.23326765578718245, "log10_colsample_bytree": -0.3438327309170588, "log10_eta": -2.6861938031189765, "log10_lambda": -2.768845361251275, "log10_min_child_weight": 4.89690428974534, "log10_subsample": -0.2906294635740936, "max_depth": 2.0, "num_boost_round": 9.0}, "datetime": {"datetime": "2024-01-19 00:16:45", "elapsed": 302.825134, "delta": 0.000494}}
{"target": -17.677138412302284, "params": {"gamma": 555.7287356742112, "log10_alpha": -0.23326765578718245, "log10_colsample_bytree": -0.3438327309170588, "log10_eta": -2.6861938031189765, "log10_lambda": -2.768845361251275, "log10_min_child_weight": 4.89690428974534, "log10_subsample": -0.2906294635740936, "max_depth": 2.0, "num_boost_round": 10.0}, "datetime": {"datetime": "2024-01-19 00:16:45", "elapsed": 302.825628, "delta": 0.000494}}
{"target": -17.67711808148454, "params": {"gamma": 555.7287356742112, "log10_alpha": -0.23326765578718245, "log10_colsample_bytree": -0.3438327309170588, "log10_eta": -2.6861938031189765, "log10_lambda": -2.768845361251275, "log10_min_child_weight": 4.89690428974534, "log10_subsample": -0.2906294635740936, "max_depth": 2.0, "num_boost_round": 11.0}, "datetime": {"datetime": "2024-01-19 00:16:45", "elapsed": 302.826135, "delta": 0.000507}}
{"target": -17.677232788125025, "params": {"gamma": 536.2627091413318, "log10_alpha": -1.5109989987268069, "log10_colsample_bytree": -0.6408631432863506, "log10_eta": -4.0, "log10_lambda": 0.6846487479203754, "log10_min_child_weight": 5.0, "log10_subsample": -0.3419988081836695, "max_depth": 3.0, "num_boost_round": 0.0}, "datetime": {"datetime": "2024-01-19 00:17:04", "elapsed": 321.839825, "delta": 19.01369}}
{"target": -17.677232045169525, "params": {"gamma": 536.2627091413318, "log10_alpha": -1.5109989987268069, "log10_colsample_bytree": -0.6408631432863506, "log10_eta": -4.0, "log10_lambda": 0.6846487479203754, "log10_min_child_weight": 5.0, "log10_subsample": -0.3419988081836695, "max_depth": 3.0, "num_boost_round": 1.0}, "datetime": {"datetime": "2024-01-19 00:17:04", "elapsed": 321.841367, "delta": 0.001542}}
