{"target": -17.676505113154935, "params": {"gamma": 431.8713606057596, "log10_alpha": -3.999047668606471, "log10_colsample_bytree": -0.17869883682744792, "log10_eta": -2.468938667427967, "log10_lambda": -1.8317217501476302, "log10_min_child_weight": 3.308773123527027, "log10_subsample": -0.7765453699940269, "max_depth": 8.0, "num_boost_round": 7.0}, "datetime": {"datetime": "2024-01-19 01:18:31", "elapsed": 4015.784194, "delta": 0.003119}}
{"target": -17.67639810886261, "params": {"gamma": 431.8713606057596, "log10_alpha": -3.999047668606471, "log10_colsample_bytree": -0.17869883682744792, "log10_eta": -2.468938667427967, "log10_lambda": -1.8317217501476302, "log10_min_child_weight": 3.308773123527027, "log10_subsample": -0.7765453699940269, "max_depth": 8.0, "num_boost_round": 8.0}, "datetime": {"datetime": "2024-01-19 01:18:31", "elapsed": 4015.78727, "delta": 0.003076}}
{"target": -17.676434277450085, "params": {"gamma": 431.8713606057596, "log10_alpha": -3.999047668606471, "log10_colsample_bytree": -0.17869883682744792, "log10_eta": -2.468938667427967, "log10_lambda": -1.8317217501476302, "log10_min_child_weight": 3.308773123527027, "log10_subsample": -0.7765453699940269, "max_depth": 8.0, "num_boost_round": 9.0}, "datetime": {"datetime": "2024-01-19 01:18:31", "elapsed": 4015.790395, "delta": 0.003125}}
{"target": -17.676337495628164, "params": {"gamma": 431.8713606057596, "log10_alpha": -3.999047668606471, "log10_colsample_bytree": -0.17869883682744792, "log10_eta": -2.468938667427967, "log10_lambda": -1.8317217501476302, "log10_min_child_weight": 3.308773123527027, "log10_subsample": -0.7765453699940269, "max_depth": 8.0, "num_boost_round": 10.0}, "datetime": {"datetime": "2024-01-19 01:18:31", "elapsed": 4015.79354, "delta": 0.003145}}
{"target": -17.67625609960171, "params": {"gamma": 431.8713606057596, "log10_alpha": -3.999047668606471, "log10_colsample_bytree": -0.17869883682744792, "log10_eta": -2.468938667427967, "log10_lambda": -1.8317217501476302, "log10_min_child_weight": 3.308773123527027, "log10_subsample": -0.7765453699940269, "max_depth": 8.0, "num_boost_round": 11.0}, "datetime": {"datetime": "2024-01-19 01:18:31", "elapsed": 4015.796585, "delta": 0.003045}}
{"target": -17.67698502921138, "params": {"gamma": 431.80061399709126, "log10_alpha": -2.5894204499535904, "log10_colsample_bytree": -0.26706434992497985, "log10_eta": -2.3142701567983033, "log10_lambda": -1.3044187129400195, "log10_min_child_weight": 1.0924965008096872, "log10_subsample": -0.16522807701426379, "max_depth": 6.0, "num_boost_round": 0.0}, "datetime": {"datetime": "2024-01-19 01:19:24", "elapsed": 4069.504907, "delta": 53.708322}}
{"target": -17.67667997680808, "params": {"gamma": 431.80061399709126, "log10_alpha": -2.5894204499535904, "log10_colsample_bytree": -0.26706434992497985, "log10_eta": -2.3142701567983033, "log10_lambda": -1.3044187129400195, "log10_min_child_weight": 1.0924965008096872, "log10_subsample": -0.16522807701426379, "max_depth": 6.0, "num_boost_round": 1.0}, "datetime": {"datetime": "2024-01-19 01:19:24", "elapsed": 4069.508972, "delta": 0.004065}}
{"target": -17.676661318366534, "params": {"gamma": 431.80061399709126, "log10_alpha": -2.5894204499535904, "log10_colsample_bytree": -0.26706434992497985, "log10_eta": -2.3142701567983033, "log10_lambda": -1.3044187129400195, "log10_min_child_weight": 1.0924965008096872, "log10_subsample": -0.16522807701426379, "max_depth": 6.0, "num_boost_round": 2.0}, "datetime": {"datetime": "2024-01-19 01:19:25", "elapsed": 4069.512312, "delta": 0.00334}}
{"target": -17.676705624823935, "params": {"gamma": 431.80061399709126, "log10_alpha": -2.5894204499535904, "log10_colsample_bytree": -0.26706434992497985, "log10_eta": -2.3142701567983033, "log10_lambda": -1.3044187129400195, "log10_min_child_weight": 1.0924965008096872, "log10_subsample": -0.16522807701426379, "max_depth": 6.0, "num_boost_round": 3.0}, "datetime": {"datetime": "2024-01-19 01:19:25", "elapsed": 4069.515508, "delta": 0.003196}}
{"target": -17.676967214976774, "params": {"gamma": 431.80061399709126, "log10_alpha": -2.5894204499535904, "log10_colsample_bytree": -0.26706434992497985, "log10_eta": -2.3142701567983033, "log10_lambda": -1.3044187129400195, "log10_min_child_weight": 1.0924965008096872, "log10_subsample": -0.16522807701426379, "max_depth": 6.0, "num_boost_round": 4.0}, "datetime": {"datetime": "2024-01-19 01:19:25", "elapsed": 4069.518579, "delta": 0.003071}}
{"target": -17.67687328941623, "params": {"gamma": 431.80061399709126, "log10_alpha": -2.5894204499535904, "log10_colsample_bytree": -0.26706434992497985, "log10_eta": -2.3142701567983033, "log10_lambda": -1.3044187129400195, "log10_min_child_weight": 1.0924965008096872, "log10_subsample": -0.16522807701426379, "max_depth": 6.0, "num_boost_round": 5.0}, "datetime": {"datetime": "2024-01-19 01:19:25", "elapsed": 4069.521641, "delta": 0.003062}}
{"target": -17.67675125258401, "params": {"gamma": 431.80061399709126, "log10_alpha": -2.5894204499535904, "log10_colsample_bytree": -0.26706434992497985, "log10_eta": -2.3142701567983033, "log10_lambda": -1.3044187129400195, "log10_min_child_weight": 1.0924965008096872, "log10_subsample": -0.16522807701426379, "max_depth": 6.0, "num_boost_round": 6.0}, "datetime": {"datetime": "2024-01-19 01:19:25", "elapsed": 4069.524717, "delta": 0.003076}}
{"target": -17.67634611002898, "params": {"gamma": 431.80061399709126, "log10_alpha": -2.5894204499535904, "log10_colsample_bytree": -0.26706434992497985, "log10_eta": -2.3142701567983033, "log10_lambda": -1.3044187129400195, "log10_min_child_weight": 1.0924965008096872, "log10_subsample": -0.16522807701426379, "max_depth": 6.0, "num_boost_round": 7.0}, "datetime": {"datetime": "2024-01-19 01:19:25", "elapsed": 4069.527777, "delta": 0.00306}}
{"target": -17.676084866366097, "params": {"gamma": 431.80061399709126, "log10_alpha": -2.5894204499535904, "log10_colsample_bytree": -0.26706434992497985, "log10_eta": -2.3142701567983033, "log10_lambda": -1.3044187129400195, "log10_min_child_weight": 1.0924965008096872, "log10_subsample": -0.16522807701426379, "max_depth": 6.0, "num_boost_round": 8.0}, "datetime": {"datetime": "2024-01-19 01:19:25", "elapsed": 4069.530922, "delta": 0.003145}}
{"target": -17.676074567116597, "params": {"gamma": 431.80061399709126, "log10_alpha": -2.5894204499535904, "log10_colsample_bytree": -0.26706434992497985, "log10_eta": -2.3142701567983033, "log10_lambda": -1.3044187129400195, "log10_min_child_weight": 1.0924965008096872, "log10_subsample": -0.16522807701426379, "max_depth": 6.0, "num_boost_round": 9.0}, "datetime": {"datetime": "2024-01-19 01:19:25", "elapsed": 4069.53413, "delta": 0.003208}}
{"target": -17.67592811006202, "params": {"gamma": 431.80061399709126, "log10_alpha": -2.5894204499535904, "log10_colsample_bytree": -0.26706434992497985, "log10_eta": -2.3142701567983033, "log10_lambda": -1.3044187129400195, "log10_min_child_weight": 1.0924965008096872, "log10_subsample": -0.16522807701426379, "max_depth": 6.0, "num_boost_round": 10.0}, "datetime": {"datetime": "2024-01-19 01:19:25", "elapsed": 4069.537216, "delta": 0.003086}}
{"target": -17.675689284782813, "params": {"gamma": 431.80061399709126, "log10_alpha": -2.5894204499535904, "log10_colsample_bytree": -0.26706434992497985, "log10_eta": -2.3142701567983033, "log10_lambda": -1.3044187129400195, "log10_min_child_weight": 1.0924965008096872, "log10_subsample": -0.16522807701426379, "max_depth": 6.0, "num_boost_round": 11.0}, "datetime": {"datetime": "2024-01-19 01:19:25", "elapsed": 4069.540286, "delta": 0.00307}}
{"target": -17.67547004260212, "params": {"gamma": 431.80061399709126, "log10_alpha": -2.5894204499535904, "log10_colsample_bytree": -0.26706434992497985, "log10_eta": -2.3142701567983033, "log10_lambda": -1.3044187129400195, "log10_min_child_weight": 1.0924965008096872, "log10_subsample": -0.16522807701426379, "max_depth": 6.0, "num_boost_round": 12.0}, "datetime": {"datetime": "2024-01-19 01:19:25", "elapsed": 4069.543359, "delta": 0.003073}}
{"target": -17.675411744492592, "params": {"gamma": 431.80061399709126, "log10_alpha": -2.5894204499535904, "log10_colsample_bytree": -0.26706434992497985, "log10_eta": -2.3142701567983033, "log10_lambda": -1.3044187129400195, "log10_min_child_weight": 1.0924965008096872, "log10_subsample": -0.16522807701426379, "max_depth": 6.0, "num_boost_round": 13.0}, "datetime": {"datetime": "2024-01-19 01:19:25", "elapsed": 4069.54644, "delta": 0.003081}}
{"target": -17.675816655292476, "params": {"gamma": 431.80061399709126, "log10_alpha": -2.5894204499535904, "log10_colsample_bytree": -0.26706434992497985, "log10_eta": -2.3142701567983033, "log10_lambda": -1.3044187129400195, "log10_min_child_weight": 1.0924965008096872, "log10_subsample": -0.16522807701426379, "max_depth": 6.0, "num_boost_round": 14.0}, "datetime": {"datetime": "2024-01-19 01:19:25", "elapsed": 4069.549519, "delta": 0.003079}}
{"target": -17.675872827605136, "params": {"gamma": 431.80061399709126, "log10_alpha": -2.5894204499535904, "log10_colsample_bytree": -0.26706434992497985, "log10_eta": -2.3142701567983033, "log10_lambda": -1.3044187129400195, "log10_min_child_weight": 1.0924965008096872, "log10_subsample": -0.16522807701426379, "max_depth": 6.0, "num_boost_round": 15.0}, "datetime": {"datetime": "2024-01-19 01:19:25", "elapsed": 4069.552703, "delta": 0.003184}}
{"target": -17.677217963561887, "params": {"gamma": 424.3473855666826, "log10_alpha": -1.639324432089996, "log10_colsample_bytree": -0.5317131466541463, "log10_eta": -3.58485977340059, "log10_lambda": -3.4277288455369503, "log10_min_child_weight": 1.0501080053366278, "log10_subsample": -0.2172277949743303, "max_depth": 4.0, "num_boost_round": 0.0}, "datetime": {"datetime": "2024-01-19 01:20:24", "elapsed": 4129.2477, "delta": 59.694997}}
{"target": -17.677217370684478, "params": {"gamma": 424.3473855666826, "log10_alpha": -1.639324432089996, "log10_colsample_bytree": -0.5317131466541463, "log10_eta": -3.58485977340059, "log10_lambda": -3.4277288455369503, "log10_min_child_weight": 1.0501080053366278, "log10_subsample": -0.2172277949743303, "max_depth": 4.0, "num_boost_round": 1.0}, "datetime": {"datetime": "2024-01-19 01:20:24", "elapsed": 4129.251495, "delta": 0.003795}}
{"target": -17.677205911910868, "params": {"gamma": 424.3473855666826, "log10_alpha": -1.639324432089996, "log10_colsample_bytree": -0.5317131466541463, "log10_eta": -3.58485977340059, "log10_lambda": -3.4277288455369503, "log10_min_child_weight": 1.0501080053366278, "log10_subsample": -0.2172277949743303, "max_depth": 4.0, "num_boost_round": 2.0}, "datetime": {"datetime": "2024-01-19 01:20:24", "elapsed": 4129.254817, "delta": 0.003322}}
{"target": -17.677201127218147, "params": {"gamma": 424.3473855666826, "log10_alpha": -1.639324432089996, "log10_colsample_bytree": -0.5317131466541463, "log10_eta": -3.58485977340059, "log10_lambda": -3.4277288455369503, "log10_min_child_weight": 1.0501080053366278, "log10_subsample": -0.2172277949743303, "max_depth": 4.0, "num_boost_round": 3.0}, "datetime": {"datetime": "2024-01-19 01:20:24", "elapsed": 4129.257963, "delta": 0.003146}}
{"target": -17.677192755619995, "params": {"gamma": 424.3473855666826, "log10_alpha": -1.639324432089996, "log10_colsample_bytree": -0.5317131466541463, "log10_eta": -3.58485977340059, "log10_lambda": -3.4277288455369503, "log10_min_child_weight": 1.0501080053366278, "log10_subsample": -0.2172277949743303, "max_depth": 4.0, "num_boost_round": 4.0}, "datetime": {"datetime": "2024-01-19 01:20:24", "elapsed": 4129.367519, "delta": 0.109556}}
{"target": -17.67718498379289, "params": {"gamma": 424.3473855666826, "log10_alpha": -1.639324432089996, "log10_colsample_bytree": -0.5317131466541463, "log10_eta": -3.58485977340059, "log10_lambda": -3.4277288455369503, "log10_min_child_weight": 1.0501080053366278, "log10_subsample": -0.2172277949743303, "max_depth": 4.0, "num_boost_round": 5.0}, "datetime": {"datetime": "2024-01-19 01:20:24", "elapsed": 4129.371264, "delta": 0.003745}}
{"target": -17.67717952319594, "params": {"gamma": 424.3473855666826, "log10_alpha": -1.639324432089996, "log10_colsample_bytree": -0.5317131466541463, "log10_eta": -3.58485977340059, "log10_lambda": -3.4277288455369503, "log10_min_child_weight": 1.0501080053366278, "log10_subsample": -0.2172277949743303, "max_depth": 4.0, "num_boost_round": 6.0}, "datetime": {"datetime": "2024-01-19 01:20:24", "elapsed": 4129.374935, "delta": 0.003671}}
{"target": -17.677169930383318, "params": {"gamma": 424.3473855666826, "log10_alpha": -1.639324432089996, "log10_colsample_bytree": -0.5317131466541463, "log10_eta": -3.58485977340059, "log10_lambda": -3.4277288455369503, "log10_min_child_weight": 1.0501080053366278, "log10_subsample": -0.2172277949743303, "max_depth": 4.0, "num_boost_round": 7.0}, "datetime": {"datetime": "2024-01-19 01:20:24", "elapsed": 4129.378213, "delta": 0.003278}}
{"target": -17.677163739936717, "params": {"gamma": 424.3473855666826, "log10_alpha": -1.639324432089996, "log10_colsample_bytree": -0.5317131466541463, "log10_eta": -3.58485977340059, "log10_lambda": -3.4277288455369503, "log10_min_child_weight": 1.0501080053366278, "log10_subsample": -0.2172277949743303, "max_depth": 4.0, "num_boost_round": 8.0}, "datetime": {"datetime": "2024-01-19 01:20:24", "elapsed": 4129.381576, "delta": 0.003363}}
{"target": -17.677153405233327, "params": {"gamma": 424.3473855666826, "log10_alpha": -1.639324432089996, "log10_colsample_bytree": -0.5317131466541463, "log10_eta": -3.58485977340059, "log10_lambda": -3.4277288455369503, "log10_min_child_weight": 1.0501080053366278, "log10_subsample": -0.2172277949743303, "max_depth": 4.0, "num_boost_round": 9.0}, "datetime": {"datetime": "2024-01-19 01:20:24", "elapsed": 4129.384731, "delta": 0.003155}}
{"target": -17.677136893545427, "params": {"gamma": 424.3473855666826, "log10_alpha": -1.639324432089996, "log10_colsample_bytree": -0.5317131466541463, "log10_eta": -3.58485977340059, "log10_lambda": -3.4277288455369503, "log10_min_child_weight": 1.0501080053366278, "log10_subsample": -0.2172277949743303, "max_depth": 4.0, "num_boost_round": 10.0}, "datetime": {"datetime": "2024-01-19 01:20:24", "elapsed": 4129.387997, "delta": 0.003266}}
{"target": -17.67713421545692, "params": {"gamma": 424.3473855666826, "log10_alpha": -1.639324432089996, "log10_colsample_bytree": -0.5317131466541463, "log10_eta": -3.58485977340059, "log10_lambda": -3.4277288455369503, "log10_min_child_weight": 1.0501080053366278, "log10_subsample": -0.2172277949743303, "max_depth": 4.0, "num_boost_round": 11.0}, "datetime": {"datetime": "2024-01-19 01:20:24", "elapsed": 4129.391185, "delta": 0.003188}}
{"target": -17.677118537955554, "params": {"gamma": 424.3473855666826, "log10_alpha": -1.639324432089996, "log10_colsample_bytree": -0.5317131466541463, "log10_eta": -3.58485977340059, "log10_lambda": -3.4277288455369503, "log10_min_child_weight": 1.0501080053366278, "log10_subsample": -0.2172277949743303, "max_depth": 4.0, "num_boost_round": 12.0}, "datetime": {"datetime": "2024-01-19 01:20:24", "elapsed": 4129.394575, "delta": 0.00339}}
{"target": -17.67710483716621, "params": {"gamma": 424.3473855666826, "log10_alpha": -1.639324432089996, "log10_colsample_bytree": -0.5317131466541463, "log10_eta": -3.58485977340059, "log10_lambda": -3.4277288455369503, "log10_min_child_weight": 1.0501080053366278, "log10_subsample": -0.2172277949743303, "max_depth": 4.0, "num_boost_round": 13.0}, "datetime": {"datetime": "2024-01-19 01:20:24", "elapsed": 4129.397749, "delta": 0.003174}}
{"target": -17.677103921085166, "params": {"gamma": 424.3473855666826, "log10_alpha": -1.639324432089996, "log10_colsample_bytree": -0.5317131466541463, "log10_eta": -3.58485977340059, "log10_lambda": -3.4277288455369503, "log10_min_child_weight": 1.0501080053366278, "log10_subsample": -0.2172277949743303, "max_depth": 4.0, "num_boost_round": 14.0}, "datetime": {"datetime": "2024-01-19 01:20:24", "elapsed": 4129.401046, "delta": 0.003297}}
{"target": -17.67709596507687, "params": {"gamma": 424.3473855666826, "log10_alpha": -1.639324432089996, "log10_colsample_bytree": -0.5317131466541463, "log10_eta": -3.58485977340059, "log10_lambda": -3.4277288455369503, "log10_min_child_weight": 1.0501080053366278, "log10_subsample": -0.2172277949743303, "max_depth": 4.0, "num_boost_round": 15.0}, "datetime": {"datetime": "2024-01-19 01:20:24", "elapsed": 4129.404348, "delta": 0.003302}}
{"target": -17.67709039288894, "params": {"gamma": 424.3473855666826, "log10_alpha": -1.639324432089996, "log10_colsample_bytree": -0.5317131466541463, "log10_eta": -3.58485977340059, "log10_lambda": -3.4277288455369503, "log10_min_child_weight": 1.0501080053366278, "log10_subsample": -0.2172277949743303, "max_depth": 4.0, "num_boost_round": 16.0}, "datetime": {"datetime": "2024-01-19 01:20:24", "elapsed": 4129.407646, "delta": 0.003298}}
{"target": -17.677084533220707, "params": {"gamma": 424.3473855666826, "log10_alpha": -1.639324432089996, "log10_colsample_bytree": -0.5317131466541463, "log10_eta": -3.58485977340059, "log10_lambda": -3.4277288455369503, "log10_min_child_weight": 1.0501080053366278, "log10_subsample": -0.2172277949743303, "max_depth": 4.0, "num_boost_round": 17.0}, "datetime": {"datetime": "2024-01-19 01:20:24", "elapsed": 4129.410889, "delta": 0.003243}}
{"target": -17.67708547156377, "params": {"gamma": 424.3473855666826, "log10_alpha": -1.639324432089996, "log10_colsample_bytree": -0.5317131466541463, "log10_eta": -3.58485977340059, "log10_lambda": -3.4277288455369503, "log10_min_child_weight": 1.0501080053366278, "log10_subsample": -0.2172277949743303, "max_depth": 4.0, "num_boost_round": 18.0}, "datetime": {"datetime": "2024-01-19 01:20:24", "elapsed": 4129.414235, "delta": 0.003346}}
{"target": -17.67708142098841, "params": {"gamma": 424.3473855666826, "log10_alpha": -1.639324432089996, "log10_colsample_bytree": -0.5317131466541463, "log10_eta": -3.58485977340059, "log10_lambda": -3.4277288455369503, "log10_min_child_weight": 1.0501080053366278, "log10_subsample": -0.2172277949743303, "max_depth": 4.0, "num_boost_round": 19.0}, "datetime": {"datetime": "2024-01-19 01:20:24", "elapsed": 4129.417362, "delta": 0.003127}}
{"target": -17.677072303701998, "params": {"gamma": 424.3473855666826, "log10_alpha": -1.639324432089996, "log10_colsample_bytree": -0.5317131466541463, "log10_eta": -3.58485977340059, "log10_lambda": -3.4277288455369503, "log10_min_child_weight": 1.0501080053366278, "log10_subsample": -0.2172277949743303, "max_depth": 4.0, "num_boost_round": 20.0}, "datetime": {"datetime": "2024-01-19 01:20:24", "elapsed": 4129.420624, "delta": 0.003262}}
{"target": -17.67706291358828, "params": {"gamma": 424.3473855666826, "log10_alpha": -1.639324432089996, "log10_colsample_bytree": -0.5317131466541463, "log10_eta": -3.58485977340059, "log10_lambda": -3.4277288455369503, "log10_min_child_weight": 1.0501080053366278, "log10_subsample": -0.2172277949743303, "max_depth": 4.0, "num_boost_round": 21.0}, "datetime": {"datetime": "2024-01-19 01:20:24", "elapsed": 4129.423773, "delta": 0.003149}}
{"target": -17.67722845337061, "params": {"gamma": 429.77797439781784, "log10_alpha": -3.8686964828782004, "log10_colsample_bytree": -0.9312497153241941, "log10_eta": -3.93438800960666, "log10_lambda": -2.919968423235807, "log10_min_child_weight": 0.27931071123773465, "log10_subsample": -0.10859143977123953, "max_depth": 8.0, "num_boost_round": 0.0}, "datetime": {"datetime": "2024-01-19 01:21:18", "elapsed": 4182.991121, "delta": 53.567348}}
{"target": -17.677229799937724, "params": {"gamma": 429.77797439781784, "log10_alpha": -3.8686964828782004, "log10_colsample_bytree": -0.9312497153241941, "log10_eta": -3.93438800960666, "log10_lambda": -2.919968423235807, "log10_min_child_weight": 0.27931071123773465, "log10_subsample": -0.10859143977123953, "max_depth": 8.0, "num_boost_round": 1.0}, "datetime": {"datetime": "2024-01-19 01:21:18", "elapsed": 4182.995561, "delta": 0.00444}}
{"target": -17.677232886898704, "params": {"gamma": 429.77797439781784, "log10_alpha": -3.8686964828782004, "log10_colsample_bytree": -0.9312497153241941, "log10_eta": -3.93438800960666, "log10_lambda": -2.919968423235807, "log10_min_child_weight": 0.27931071123773465, "log10_subsample": -0.10859143977123953, "max_depth": 8.0, "num_boost_round": 2.0}, "datetime": {"datetime": "2024-01-19 01:21:18", "elapsed": 4182.998746, "delta": 0.003185}}
{"target": -17.677228700217828, "params": {"gamma": 429.77797439781784, "log10_alpha": -3.8686964828782004, "log10_colsample_bytree": -0.9312497153241941, "log10_eta": -3.93438800960666, "log10_lambda": -2.919968423235807, "log10_min_child_weight": 0.27931071123773465, "log10_subsample": -0.10859143977123953, "max_depth": 8.0, "num_boost_round": 3.0}, "datetime": {"datetime": "2024-01-19 01:21:18", "elapsed": 4183.001894, "delta": 0.003148}}
{"target": -17.677226657900487, "params": {"gamma": 429.77797439781784, "log10_alpha": -3.8686964828782004, "log10_colsample_bytree": -0.9312497153241941, "log10_eta": -3.93438800960666, "log10_lambda": -2.919968423235807, "log10_min_child_weight": 0.27931071123773465, "log10_subsample": -0.10859143977123953, "max_depth": 8.0, "num_boost_round": 4.0}, "datetime": {"datetime": "2024-01-19 01:21:18", "elapsed": 4183.005037, "delta": 0.003143}}
{"target": -17.677225876412226, "params": {"gamma": 429.77797439781784, "log10_alpha": -3.8686964828782004, "log10_colsample_bytree": -0.9312497153241941, "log10_eta": -3.93438800960666, "log10_lambda": -2.919968423235807, "log10_min_child_weight": 0.27931071123773465, "log10_subsample": -0.10859143977123953, "max_depth": 8.0, "num_boost_round": 5.0}, "datetime": {"datetime": "2024-01-19 01:21:18", "elapsed": 4183.008192, "delta": 0.003155}}
