{"target": -13.757503851972096, "params": {"gamma": 551.1694130879371, "log10_alpha": 0.4026693301623103, "log10_colsample_bytree": -0.8179831069670275, "log10_eta": -2.8550394033651285, "log10_lambda": -2.4596472686219037, "log10_min_child_weight": 1.2345338742434437, "log10_subsample": -0.7843835623398625, "max_depth": 9.0, "num_boost_round": 24.0}, "datetime": {"datetime": "2024-01-19 01:11:43", "elapsed": 3555.734449, "delta": 0.003767}}
{"target": -13.757503264736096, "params": {"gamma": 551.1694130879371, "log10_alpha": 0.4026693301623103, "log10_colsample_bytree": -0.8179831069670275, "log10_eta": -2.8550394033651285, "log10_lambda": -2.4596472686219037, "log10_min_child_weight": 1.2345338742434437, "log10_subsample": -0.7843835623398625, "max_depth": 9.0, "num_boost_round": 25.0}, "datetime": {"datetime": "2024-01-19 01:11:43", "elapsed": 3555.738224, "delta": 0.003775}}
{"target": -13.75744828047884, "params": {"gamma": 551.1694130879371, "log10_alpha": 0.4026693301623103, "log10_colsample_bytree": -0.8179831069670275, "log10_eta": -2.8550394033651285, "log10_lambda": -2.4596472686219037, "log10_min_child_weight": 1.2345338742434437, "log10_subsample": -0.7843835623398625, "max_depth": 9.0, "num_boost_round": 26.0}, "datetime": {"datetime": "2024-01-19 01:11:43", "elapsed": 3555.741964, "delta": 0.00374}}
{"target": -13.757362399441377, "params": {"gamma": 551.1694130879371, "log10_alpha": 0.4026693301623103, "log10_colsample_bytree": -0.8179831069670275, "log10_eta": -2.8550394033651285, "log10_lambda": -2.4596472686219037, "log10_min_child_weight": 1.2345338742434437, "log10_subsample": -0.7843835623398625, "max_depth": 9.0, "num_boost_round": 27.0}, "datetime": {"datetime": "2024-01-19 01:11:43", "elapsed": 3555.745783, "delta": 0.003819}}
{"target": -13.757312851412197, "params": {"gamma": 551.1694130879371, "log10_alpha": 0.4026693301623103, "log10_colsample_bytree": -0.8179831069670275, "log10_eta": -2.8550394033651285, "log10_lambda": -2.4596472686219037, "log10_min_child_weight": 1.2345338742434437, "log10_subsample": -0.7843835623398625, "max_depth": 9.0, "num_boost_round": 28.0}, "datetime": {"datetime": "2024-01-19 01:11:43", "elapsed": 3555.749592, "delta": 0.003809}}
{"target": -13.757250866302643, "params": {"gamma": 551.1694130879371, "log10_alpha": 0.4026693301623103, "log10_colsample_bytree": -0.8179831069670275, "log10_eta": -2.8550394033651285, "log10_lambda": -2.4596472686219037, "log10_min_child_weight": 1.2345338742434437, "log10_subsample": -0.7843835623398625, "max_depth": 9.0, "num_boost_round": 29.0}, "datetime": {"datetime": "2024-01-19 01:11:43", "elapsed": 3555.753389, "delta": 0.003797}}
{"target": -13.75727489173774, "params": {"gamma": 551.1694130879371, "log10_alpha": 0.4026693301623103, "log10_colsample_bytree": -0.8179831069670275, "log10_eta": -2.8550394033651285, "log10_lambda": -2.4596472686219037, "log10_min_child_weight": 1.2345338742434437, "log10_subsample": -0.7843835623398625, "max_depth": 9.0, "num_boost_round": 30.0}, "datetime": {"datetime": "2024-01-19 01:11:43", "elapsed": 3555.757211, "delta": 0.003822}}
{"target": -13.757212218111128, "params": {"gamma": 551.1694130879371, "log10_alpha": 0.4026693301623103, "log10_colsample_bytree": -0.8179831069670275, "log10_eta": -2.8550394033651285, "log10_lambda": -2.4596472686219037, "log10_min_child_weight": 1.2345338742434437, "log10_subsample": -0.7843835623398625, "max_depth": 9.0, "num_boost_round": 31.0}, "datetime": {"datetime": "2024-01-19 01:11:43", "elapsed": 3555.761094, "delta": 0.003883}}
{"target": -13.757139351530196, "params": {"gamma": 551.1694130879371, "log10_alpha": 0.4026693301623103, "log10_colsample_bytree": -0.8179831069670275, "log10_eta": -2.8550394033651285, "log10_lambda": -2.4596472686219037, "log10_min_child_weight": 1.2345338742434437, "log10_subsample": -0.7843835623398625, "max_depth": 9.0, "num_boost_round": 32.0}, "datetime": {"datetime": "2024-01-19 01:11:43", "elapsed": 3555.764889, "delta": 0.003795}}
{"target": -13.757152124836244, "params": {"gamma": 551.1694130879371, "log10_alpha": 0.4026693301623103, "log10_colsample_bytree": -0.8179831069670275, "log10_eta": -2.8550394033651285, "log10_lambda": -2.4596472686219037, "log10_min_child_weight": 1.2345338742434437, "log10_subsample": -0.7843835623398625, "max_depth": 9.0, "num_boost_round": 33.0}, "datetime": {"datetime": "2024-01-19 01:11:43", "elapsed": 3555.768635, "delta": 0.003746}}
{"target": -13.75710756423722, "params": {"gamma": 551.1694130879371, "log10_alpha": 0.4026693301623103, "log10_colsample_bytree": -0.8179831069670275, "log10_eta": -2.8550394033651285, "log10_lambda": -2.4596472686219037, "log10_min_child_weight": 1.2345338742434437, "log10_subsample": -0.7843835623398625, "max_depth": 9.0, "num_boost_round": 34.0}, "datetime": {"datetime": "2024-01-19 01:11:43", "elapsed": 3555.77242, "delta": 0.003785}}
{"target": -13.757054223365689, "params": {"gamma": 551.1694130879371, "log10_alpha": 0.4026693301623103, "log10_colsample_bytree": -0.8179831069670275, "log10_eta": -2.8550394033651285, "log10_lambda": -2.4596472686219037, "log10_min_child_weight": 1.2345338742434437, "log10_subsample": -0.7843835623398625, "max_depth": 9.0, "num_boost_round": 35.0}, "datetime": {"datetime": "2024-01-19 01:11:43", "elapsed": 3555.776249, "delta": 0.003829}}
{"target": -13.757062331400808, "params": {"gamma": 551.1694130879371, "log10_alpha": 0.4026693301623103, "log10_colsample_bytree": -0.8179831069670275, "log10_eta": -2.8550394033651285, "log10_lambda": -2.4596472686219037, "log10_min_child_weight": 1.2345338742434437, "log10_subsample": -0.7843835623398625, "max_depth": 9.0, "num_boost_round": 36.0}, "datetime": {"datetime": "2024-01-19 01:11:43", "elapsed": 3555.891844, "delta": 0.115595}}
{"target": -13.75703137548276, "params": {"gamma": 551.1694130879371, "log10_alpha": 0.4026693301623103, "log10_colsample_bytree": -0.8179831069670275, "log10_eta": -2.8550394033651285, "log10_lambda": -2.4596472686219037, "log10_min_child_weight": 1.2345338742434437, "log10_subsample": -0.7843835623398625, "max_depth": 9.0, "num_boost_round": 37.0}, "datetime": {"datetime": "2024-01-19 01:11:43", "elapsed": 3555.896501, "delta": 0.004657}}
{"target": -13.756994183533413, "params": {"gamma": 551.1694130879371, "log10_alpha": 0.4026693301623103, "log10_colsample_bytree": -0.8179831069670275, "log10_eta": -2.8550394033651285, "log10_lambda": -2.4596472686219037, "log10_min_child_weight": 1.2345338742434437, "log10_subsample": -0.7843835623398625, "max_depth": 9.0, "num_boost_round": 38.0}, "datetime": {"datetime": "2024-01-19 01:11:43", "elapsed": 3555.901379, "delta": 0.004878}}
{"target": -13.756993467460013, "params": {"gamma": 551.1694130879371, "log10_alpha": 0.4026693301623103, "log10_colsample_bytree": -0.8179831069670275, "log10_eta": -2.8550394033651285, "log10_lambda": -2.4596472686219037, "log10_min_child_weight": 1.2345338742434437, "log10_subsample": -0.7843835623398625, "max_depth": 9.0, "num_boost_round": 39.0}, "datetime": {"datetime": "2024-01-19 01:11:43", "elapsed": 3555.905824, "delta": 0.004445}}
{"target": -13.756900626403876, "params": {"gamma": 551.1694130879371, "log10_alpha": 0.4026693301623103, "log10_colsample_bytree": -0.8179831069670275, "log10_eta": -2.8550394033651285, "log10_lambda": -2.4596472686219037, "log10_min_child_weight": 1.2345338742434437, "log10_subsample": -0.7843835623398625, "max_depth": 9.0, "num_boost_round": 40.0}, "datetime": {"datetime": "2024-01-19 01:11:43", "elapsed": 3555.910146, "delta": 0.004322}}
{"target": -13.756893558335232, "params": {"gamma": 551.1694130879371, "log10_alpha": 0.4026693301623103, "log10_colsample_bytree": -0.8179831069670275, "log10_eta": -2.8550394033651285, "log10_lambda": -2.4596472686219037, "log10_min_child_weight": 1.2345338742434437, "log10_subsample": -0.7843835623398625, "max_depth": 9.0, "num_boost_round": 41.0}, "datetime": {"datetime": "2024-01-19 01:11:43", "elapsed": 3555.914226, "delta": 0.00408}}
{"target": -13.75676577559397, "params": {"gamma": 551.1694130879371, "log10_alpha": 0.4026693301623103, "log10_colsample_bytree": -0.8179831069670275, "log10_eta": -2.8550394033651285, "log10_lambda": -2.4596472686219037, "log10_min_child_weight": 1.2345338742434437, "log10_subsample": -0.7843835623398625, "max_depth": 9.0, "num_boost_round": 42.0}, "datetime": {"datetime": "2024-01-19 01:11:43", "elapsed": 3555.918448, "delta": 0.004222}}
{"target": -13.756704283571777, "params": {"gamma": 551.1694130879371, "log10_alpha": 0.4026693301623103, "log10_colsample_bytree": -0.8179831069670275, "log10_eta": -2.8550394033651285, "log10_lambda": -2.4596472686219037, "log10_min_child_weight": 1.2345338742434437, "log10_subsample": -0.7843835623398625, "max_depth": 9.0, "num_boost_round": 43.0}, "datetime": {"datetime": "2024-01-19 01:11:43", "elapsed": 3555.922825, "delta": 0.004377}}
{"target": -13.756656872404163, "params": {"gamma": 551.1694130879371, "log10_alpha": 0.4026693301623103, "log10_colsample_bytree": -0.8179831069670275, "log10_eta": -2.8550394033651285, "log10_lambda": -2.4596472686219037, "log10_min_child_weight": 1.2345338742434437, "log10_subsample": -0.7843835623398625, "max_depth": 9.0, "num_boost_round": 44.0}, "datetime": {"datetime": "2024-01-19 01:11:43", "elapsed": 3555.926872, "delta": 0.004047}}
{"target": -13.756637631264306, "params": {"gamma": 551.1694130879371, "log10_alpha": 0.4026693301623103, "log10_colsample_bytree": -0.8179831069670275, "log10_eta": -2.8550394033651285, "log10_lambda": -2.4596472686219037, "log10_min_child_weight": 1.2345338742434437, "log10_subsample": -0.7843835623398625, "max_depth": 9.0, "num_boost_round": 45.0}, "datetime": {"datetime": "2024-01-19 01:11:43", "elapsed": 3555.930778, "delta": 0.003906}}
{"target": -13.75853400073179, "params": {"gamma": 651.8699807783167, "log10_alpha": -2.2905749700216456, "log10_colsample_bytree": -0.6307547209631679, "log10_eta": -3.7297084163760896, "log10_lambda": -2.955913168404737, "log10_min_child_weight": 0.13216577199067492, "log10_subsample": -0.49143935341803924, "max_depth": 2.0, "num_boost_round": 0.0}, "datetime": {"datetime": "2024-01-19 01:12:18", "elapsed": 3591.233418, "delta": 35.30264}}
{"target": -13.758531057277333, "params": {"gamma": 651.8699807783167, "log10_alpha": -2.2905749700216456, "log10_colsample_bytree": -0.6307547209631679, "log10_eta": -3.7297084163760896, "log10_lambda": -2.955913168404737, "log10_min_child_weight": 0.13216577199067492, "log10_subsample": -0.49143935341803924, "max_depth": 2.0, "num_boost_round": 1.0}, "datetime": {"datetime": "2024-01-19 01:12:18", "elapsed": 3591.237543, "delta": 0.004125}}
{"target": -13.758529453958165, "params": {"gamma": 651.8699807783167, "log10_alpha": -2.2905749700216456, "log10_colsample_bytree": -0.6307547209631679, "log10_eta": -3.7297084163760896, "log10_lambda": -2.955913168404737, "log10_min_child_weight": 0.13216577199067492, "log10_subsample": -0.49143935341803924, "max_depth": 2.0, "num_boost_round": 2.0}, "datetime": {"datetime": "2024-01-19 01:12:18", "elapsed": 3591.242218, "delta": 0.004675}}
{"target": -13.758527724702438, "params": {"gamma": 651.8699807783167, "log10_alpha": -2.2905749700216456, "log10_colsample_bytree": -0.6307547209631679, "log10_eta": -3.7297084163760896, "log10_lambda": -2.955913168404737, "log10_min_child_weight": 0.13216577199067492, "log10_subsample": -0.49143935341803924, "max_depth": 2.0, "num_boost_round": 3.0}, "datetime": {"datetime": "2024-01-19 01:12:18", "elapsed": 3591.246893, "delta": 0.004675}}
{"target": -13.758525627537106, "params": {"gamma": 651.8699807783167, "log10_alpha": -2.2905749700216456, "log10_colsample_bytree": -0.6307547209631679, "log10_eta": -3.7297084163760896, "log10_lambda": -2.955913168404737, "log10_min_child_weight": 0.13216577199067492, "log10_subsample": -0.49143935341803924, "max_depth": 2.0, "num_boost_round": 4.0}, "datetime": {"datetime": "2024-01-19 01:12:18", "elapsed": 3591.250781, "delta": 0.003888}}
{"target": -13.758525583627154, "params": {"gamma": 651.8699807783167, "log10_alpha": -2.2905749700216456, "log10_colsample_bytree": -0.6307547209631679, "log10_eta": -3.7297084163760896, "log10_lambda": -2.955913168404737, "log10_min_child_weight": 0.13216577199067492, "log10_subsample": -0.49143935341803924, "max_depth": 2.0, "num_boost_round": 5.0}, "datetime": {"datetime": "2024-01-19 01:12:18", "elapsed": 3591.254803, "delta": 0.004022}}
{"target": -13.758523525883435, "params": {"gamma": 651.8699807783167, "log10_alpha": -2.2905749700216456, "log10_colsample_bytree": -0.6307547209631679, "log10_eta": -3.7297084163760896, "log10_lambda": -2.955913168404737, "log10_min_child_weight": 0.13216577199067492, "log10_subsample": -0.49143935341803924, "max_depth": 2.0, "num_boost_round": 6.0}, "datetime": {"datetime": "2024-01-19 01:12:18", "elapsed": 3591.258732, "delta": 0.003929}}
{"target": -13.758522023504153, "params": {"gamma": 651.8699807783167, "log10_alpha": -2.2905749700216456, "log10_colsample_bytree": -0.6307547209631679, "log10_eta": -3.7297084163760896, "log10_lambda": -2.955913168404737, "log10_min_child_weight": 0.13216577199067492, "log10_subsample": -0.49143935341803924, "max_depth": 2.0, "num_boost_round": 7.0}, "datetime": {"datetime": "2024-01-19 01:12:18", "elapsed": 3591.262779, "delta": 0.004047}}
{"target": -13.75851934228396, "params": {"gamma": 651.8699807783167, "log10_alpha": -2.2905749700216456, "log10_colsample_bytree": -0.6307547209631679, "log10_eta": -3.7297084163760896, "log10_lambda": -2.955913168404737, "log10_min_child_weight": 0.13216577199067492, "log10_subsample": -0.49143935341803924, "max_depth": 2.0, "num_boost_round": 8.0}, "datetime": {"datetime": "2024-01-19 01:12:18", "elapsed": 3591.266742, "delta": 0.003963}}
{"target": -13.758517184584743, "params": {"gamma": 651.8699807783167, "log10_alpha": -2.2905749700216456, "log10_colsample_bytree": -0.6307547209631679, "log10_eta": -3.7297084163760896, "log10_lambda": -2.955913168404737, "log10_min_child_weight": 0.13216577199067492, "log10_subsample": -0.49143935341803924, "max_depth": 2.0, "num_boost_round": 9.0}, "datetime": {"datetime": "2024-01-19 01:12:18", "elapsed": 3591.27063, "delta": 0.003888}}
{"target": -13.758515991672883, "params": {"gamma": 651.8699807783167, "log10_alpha": -2.2905749700216456, "log10_colsample_bytree": -0.6307547209631679, "log10_eta": -3.7297084163760896, "log10_lambda": -2.955913168404737, "log10_min_child_weight": 0.13216577199067492, "log10_subsample": -0.49143935341803924, "max_depth": 2.0, "num_boost_round": 10.0}, "datetime": {"datetime": "2024-01-19 01:12:18", "elapsed": 3591.2748, "delta": 0.00417}}
{"target": -13.758512272861292, "params": {"gamma": 651.8699807783167, "log10_alpha": -2.2905749700216456, "log10_colsample_bytree": -0.6307547209631679, "log10_eta": -3.7297084163760896, "log10_lambda": -2.955913168404737, "log10_min_child_weight": 0.13216577199067492, "log10_subsample": -0.49143935341803924, "max_depth": 2.0, "num_boost_round": 11.0}, "datetime": {"datetime": "2024-01-19 01:12:18", "elapsed": 3591.278825, "delta": 0.004025}}
{"target": -13.758508963396858, "params": {"gamma": 651.8699807783167, "log10_alpha": -2.2905749700216456, "log10_colsample_bytree": -0.6307547209631679, "log10_eta": -3.7297084163760896, "log10_lambda": -2.955913168404737, "log10_min_child_weight": 0.13216577199067492, "log10_subsample": -0.49143935341803924, "max_depth": 2.0, "num_boost_round": 12.0}, "datetime": {"datetime": "2024-01-19 01:12:18", "elapsed": 3591.282869, "delta": 0.004044}}
{"target": -13.758506980509713, "params": {"gamma": 651.8699807783167, "log10_alpha": -2.2905749700216456, "log10_colsample_bytree": -0.6307547209631679, "log10_eta": -3.7297084163760896, "log10_lambda": -2.955913168404737, "log10_min_child_weight": 0.13216577199067492, "log10_subsample": -0.49143935341803924, "max_depth": 2.0, "num_boost_round": 13.0}, "datetime": {"datetime": "2024-01-19 01:12:18", "elapsed": 3591.286764, "delta": 0.003895}}
{"target": -13.758546302453004, "params": {"gamma": 550.3883753303701, "log10_alpha": -4.690785826095702, "log10_colsample_bytree": -0.07355885152513553, "log10_eta": -3.1908197403776013, "log10_lambda": -3.6730193860722222, "log10_min_child_weight": 0.17423916007153983, "log10_subsample": -0.3063810880788934, "max_depth": 5.0, "num_boost_round": 0.0}, "datetime": {"datetime": "2024-01-19 01:13:00", "elapsed": 3633.345428, "delta": 42.058664}}
{"target": -13.758554807908373, "params": {"gamma": 550.3883753303701, "log10_alpha": -4.690785826095702, "log10_colsample_bytree": -0.07355885152513553, "log10_eta": -3.1908197403776013, "log10_lambda": -3.6730193860722222, "log10_min_child_weight": 0.17423916007153983, "log10_subsample": -0.3063810880788934, "max_depth": 5.0, "num_boost_round": 1.0}, "datetime": {"datetime": "2024-01-19 01:13:00", "elapsed": 3633.350112, "delta": 0.004684}}
{"target": -13.758549052999122, "params": {"gamma": 550.3883753303701, "log10_alpha": -4.690785826095702, "log10_colsample_bytree": -0.07355885152513553, "log10_eta": -3.1908197403776013, "log10_lambda": -3.6730193860722222, "log10_min_child_weight": 0.17423916007153983, "log10_subsample": -0.3063810880788934, "max_depth": 5.0, "num_boost_round": 2.0}, "datetime": {"datetime": "2024-01-19 01:13:00", "elapsed": 3633.354513, "delta": 0.004401}}
{"target": -13.758531487487693, "params": {"gamma": 550.3883753303701, "log10_alpha": -4.690785826095702, "log10_colsample_bytree": -0.07355885152513553, "log10_eta": -3.1908197403776013, "log10_lambda": -3.6730193860722222, "log10_min_child_weight": 0.17423916007153983, "log10_subsample": -0.3063810880788934, "max_depth": 5.0, "num_boost_round": 3.0}, "datetime": {"datetime": "2024-01-19 01:13:00", "elapsed": 3633.358466, "delta": 0.003953}}
{"target": -13.758521432330289, "params": {"gamma": 550.3883753303701, "log10_alpha": -4.690785826095702, "log10_colsample_bytree": -0.07355885152513553, "log10_eta": -3.1908197403776013, "log10_lambda": -3.6730193860722222, "log10_min_child_weight": 0.17423916007153983, "log10_subsample": -0.3063810880788934, "max_depth": 5.0, "num_boost_round": 4.0}, "datetime": {"datetime": "2024-01-19 01:13:00", "elapsed": 3633.362387, "delta": 0.003921}}
{"target": -13.75851579307913, "params": {"gamma": 550.3883753303701, "log10_alpha": -4.690785826095702, "log10_colsample_bytree": -0.07355885152513553, "log10_eta": -3.1908197403776013, "log10_lambda": -3.6730193860722222, "log10_min_child_weight": 0.17423916007153983, "log10_subsample": -0.3063810880788934, "max_depth": 5.0, "num_boost_round": 5.0}, "datetime": {"datetime": "2024-01-19 01:13:00", "elapsed": 3633.366221, "delta": 0.003834}}
{"target": -13.75850560576006, "params": {"gamma": 550.3883753303701, "log10_alpha": -4.690785826095702, "log10_colsample_bytree": -0.07355885152513553, "log10_eta": -3.1908197403776013, "log10_lambda": -3.6730193860722222, "log10_min_child_weight": 0.17423916007153983, "log10_subsample": -0.3063810880788934, "max_depth": 5.0, "num_boost_round": 6.0}, "datetime": {"datetime": "2024-01-19 01:13:00", "elapsed": 3633.370057, "delta": 0.003836}}
{"target": -13.758489744285363, "params": {"gamma": 550.3883753303701, "log10_alpha": -4.690785826095702, "log10_colsample_bytree": -0.07355885152513553, "log10_eta": -3.1908197403776013, "log10_lambda": -3.6730193860722222, "log10_min_child_weight": 0.17423916007153983, "log10_subsample": -0.3063810880788934, "max_depth": 5.0, "num_boost_round": 7.0}, "datetime": {"datetime": "2024-01-19 01:13:00", "elapsed": 3633.37413, "delta": 0.004073}}
{"target": -13.758487939736147, "params": {"gamma": 550.3883753303701, "log10_alpha": -4.690785826095702, "log10_colsample_bytree": -0.07355885152513553, "log10_eta": -3.1908197403776013, "log10_lambda": -3.6730193860722222, "log10_min_child_weight": 0.17423916007153983, "log10_subsample": -0.3063810880788934, "max_depth": 5.0, "num_boost_round": 8.0}, "datetime": {"datetime": "2024-01-19 01:13:00", "elapsed": 3633.378038, "delta": 0.003908}}
{"target": -13.758482108474242, "params": {"gamma": 550.3883753303701, "log10_alpha": -4.690785826095702, "log10_colsample_bytree": -0.07355885152513553, "log10_eta": -3.1908197403776013, "log10_lambda": -3.6730193860722222, "log10_min_child_weight": 0.17423916007153983, "log10_subsample": -0.3063810880788934, "max_depth": 5.0, "num_boost_round": 9.0}, "datetime": {"datetime": "2024-01-19 01:13:00", "elapsed": 3633.381944, "delta": 0.003906}}
{"target": -13.75847912039393, "params": {"gamma": 550.3883753303701, "log10_alpha": -4.690785826095702, "log10_colsample_bytree": -0.07355885152513553, "log10_eta": -3.1908197403776013, "log10_lambda": -3.6730193860722222, "log10_min_child_weight": 0.17423916007153983, "log10_subsample": -0.3063810880788934, "max_depth": 5.0, "num_boost_round": 10.0}, "datetime": {"datetime": "2024-01-19 01:13:00", "elapsed": 3633.385788, "delta": 0.003844}}
{"target": -13.758487822426446, "params": {"gamma": 550.3883753303701, "log10_alpha": -4.690785826095702, "log10_colsample_bytree": -0.07355885152513553, "log10_eta": -3.1908197403776013, "log10_lambda": -3.6730193860722222, "log10_min_child_weight": 0.17423916007153983, "log10_subsample": -0.3063810880788934, "max_depth": 5.0, "num_boost_round": 11.0}, "datetime": {"datetime": "2024-01-19 01:13:00", "elapsed": 3633.389666, "delta": 0.003878}}
{"target": -13.758477424371618, "params": {"gamma": 550.3883753303701, "log10_alpha": -4.690785826095702, "log10_colsample_bytree": -0.07355885152513553, "log10_eta": -3.1908197403776013, "log10_lambda": -3.6730193860722222, "log10_min_child_weight": 0.17423916007153983, "log10_subsample": -0.3063810880788934, "max_depth": 5.0, "num_boost_round": 12.0}, "datetime": {"datetime": "2024-01-19 01:13:00", "elapsed": 3633.393672, "delta": 0.004006}}
