{"target": -13.757390614113056, "params": {"gamma": 195.89517892397456, "log10_alpha": -1.6108098039569123, "log10_colsample_bytree": -0.47364457659944903, "log10_eta": -2.6471536253031305, "log10_lambda": -0.3675119847651924, "log10_min_child_weight": 1.4781540945198386, "log10_subsample": -0.35161845301915196, "max_depth": 9.0, "num_boost_round": 8.0}, "datetime": {"datetime": "2024-01-19 00:23:44", "elapsed": 731.986246, "delta": 0.000983}}
{"target": -13.757324538401646, "params": {"gamma": 195.89517892397456, "log10_alpha": -1.6108098039569123, "log10_colsample_bytree": -0.47364457659944903, "log10_eta": -2.6471536253031305, "log10_lambda": -0.3675119847651924, "log10_min_child_weight": 1.4781540945198386, "log10_subsample": -0.35161845301915196, "max_depth": 9.0, "num_boost_round": 9.0}, "datetime": {"datetime": "2024-01-19 00:23:44", "elapsed": 731.987228, "delta": 0.000982}}
{"target": -13.757159602121469, "params": {"gamma": 195.89517892397456, "log10_alpha": -1.6108098039569123, "log10_colsample_bytree": -0.47364457659944903, "log10_eta": -2.6471536253031305, "log10_lambda": -0.3675119847651924, "log10_min_child_weight": 1.4781540945198386, "log10_subsample": -0.35161845301915196, "max_depth": 9.0, "num_boost_round": 10.0}, "datetime": {"datetime": "2024-01-19 00:23:44", "elapsed": 731.992628, "delta": 0.0054}}
{"target": -13.75704834196795, "params": {"gamma": 195.89517892397456, "log10_alpha": -1.6108098039569123, "log10_colsample_bytree": -0.47364457659944903, "log10_eta": -2.6471536253031305, "log10_lambda": -0.3675119847651924, "log10_min_child_weight": 1.4781540945198386, "log10_subsample": -0.35161845301915196, "max_depth": 9.0, "num_boost_round": 11.0}, "datetime": {"datetime": "2024-01-19 00:23:44", "elapsed": 731.993698, "delta": 0.00107}}
{"target": -13.757008856065763, "params": {"gamma": 195.89517892397456, "log10_alpha": -1.6108098039569123, "log10_colsample_bytree": -0.47364457659944903, "log10_eta": -2.6471536253031305, "log10_lambda": -0.3675119847651924, "log10_min_child_weight": 1.4781540945198386, "log10_subsample": -0.35161845301915196, "max_depth": 9.0, "num_boost_round": 12.0}, "datetime": {"datetime": "2024-01-19 00:23:44", "elapsed": 731.994705, "delta": 0.001007}}
{"target": -13.756927826094392, "params": {"gamma": 195.89517892397456, "log10_alpha": -1.6108098039569123, "log10_colsample_bytree": -0.47364457659944903, "log10_eta": -2.6471536253031305, "log10_lambda": -0.3675119847651924, "log10_min_child_weight": 1.4781540945198386, "log10_subsample": -0.35161845301915196, "max_depth": 9.0, "num_boost_round": 13.0}, "datetime": {"datetime": "2024-01-19 00:23:44", "elapsed": 731.995704, "delta": 0.000999}}
{"target": -13.756901955682507, "params": {"gamma": 195.89517892397456, "log10_alpha": -1.6108098039569123, "log10_colsample_bytree": -0.47364457659944903, "log10_eta": -2.6471536253031305, "log10_lambda": -0.3675119847651924, "log10_min_child_weight": 1.4781540945198386, "log10_subsample": -0.35161845301915196, "max_depth": 9.0, "num_boost_round": 14.0}, "datetime": {"datetime": "2024-01-19 00:23:44", "elapsed": 731.996717, "delta": 0.001013}}
{"target": -13.756758507362004, "params": {"gamma": 195.89517892397456, "log10_alpha": -1.6108098039569123, "log10_colsample_bytree": -0.47364457659944903, "log10_eta": -2.6471536253031305, "log10_lambda": -0.3675119847651924, "log10_min_child_weight": 1.4781540945198386, "log10_subsample": -0.35161845301915196, "max_depth": 9.0, "num_boost_round": 15.0}, "datetime": {"datetime": "2024-01-19 00:23:44", "elapsed": 731.997797, "delta": 0.00108}}
{"target": -13.756652996146467, "params": {"gamma": 195.89517892397456, "log10_alpha": -1.6108098039569123, "log10_colsample_bytree": -0.47364457659944903, "log10_eta": -2.6471536253031305, "log10_lambda": -0.3675119847651924, "log10_min_child_weight": 1.4781540945198386, "log10_subsample": -0.35161845301915196, "max_depth": 9.0, "num_boost_round": 16.0}, "datetime": {"datetime": "2024-01-19 00:23:44", "elapsed": 731.998807, "delta": 0.00101}}
{"target": -13.756610220643072, "params": {"gamma": 195.89517892397456, "log10_alpha": -1.6108098039569123, "log10_colsample_bytree": -0.47364457659944903, "log10_eta": -2.6471536253031305, "log10_lambda": -0.3675119847651924, "log10_min_child_weight": 1.4781540945198386, "log10_subsample": -0.35161845301915196, "max_depth": 9.0, "num_boost_round": 17.0}, "datetime": {"datetime": "2024-01-19 00:23:44", "elapsed": 731.999933, "delta": 0.001126}}
{"target": -13.75671081175727, "params": {"gamma": 195.89517892397456, "log10_alpha": -1.6108098039569123, "log10_colsample_bytree": -0.47364457659944903, "log10_eta": -2.6471536253031305, "log10_lambda": -0.3675119847651924, "log10_min_child_weight": 1.4781540945198386, "log10_subsample": -0.35161845301915196, "max_depth": 9.0, "num_boost_round": 18.0}, "datetime": {"datetime": "2024-01-19 00:23:44", "elapsed": 732.000945, "delta": 0.001012}}
{"target": -13.75661265605583, "params": {"gamma": 195.89517892397456, "log10_alpha": -1.6108098039569123, "log10_colsample_bytree": -0.47364457659944903, "log10_eta": -2.6471536253031305, "log10_lambda": -0.3675119847651924, "log10_min_child_weight": 1.4781540945198386, "log10_subsample": -0.35161845301915196, "max_depth": 9.0, "num_boost_round": 19.0}, "datetime": {"datetime": "2024-01-19 00:23:44", "elapsed": 732.001958, "delta": 0.001013}}
{"target": -13.756379228943793, "params": {"gamma": 195.89517892397456, "log10_alpha": -1.6108098039569123, "log10_colsample_bytree": -0.47364457659944903, "log10_eta": -2.6471536253031305, "log10_lambda": -0.3675119847651924, "log10_min_child_weight": 1.4781540945198386, "log10_subsample": -0.35161845301915196, "max_depth": 9.0, "num_boost_round": 20.0}, "datetime": {"datetime": "2024-01-19 00:23:44", "elapsed": 732.002958, "delta": 0.001}}
{"target": -13.756359287589492, "params": {"gamma": 195.89517892397456, "log10_alpha": -1.6108098039569123, "log10_colsample_bytree": -0.47364457659944903, "log10_eta": -2.6471536253031305, "log10_lambda": -0.3675119847651924, "log10_min_child_weight": 1.4781540945198386, "log10_subsample": -0.35161845301915196, "max_depth": 9.0, "num_boost_round": 21.0}, "datetime": {"datetime": "2024-01-19 00:23:44", "elapsed": 732.003967, "delta": 0.001009}}
{"target": -13.756301411697423, "params": {"gamma": 195.89517892397456, "log10_alpha": -1.6108098039569123, "log10_colsample_bytree": -0.47364457659944903, "log10_eta": -2.6471536253031305, "log10_lambda": -0.3675119847651924, "log10_min_child_weight": 1.4781540945198386, "log10_subsample": -0.35161845301915196, "max_depth": 9.0, "num_boost_round": 22.0}, "datetime": {"datetime": "2024-01-19 00:23:44", "elapsed": 732.004974, "delta": 0.001007}}
{"target": -13.756276669924802, "params": {"gamma": 195.89517892397456, "log10_alpha": -1.6108098039569123, "log10_colsample_bytree": -0.47364457659944903, "log10_eta": -2.6471536253031305, "log10_lambda": -0.3675119847651924, "log10_min_child_weight": 1.4781540945198386, "log10_subsample": -0.35161845301915196, "max_depth": 9.0, "num_boost_round": 23.0}, "datetime": {"datetime": "2024-01-19 00:23:44", "elapsed": 732.005998, "delta": 0.001024}}
{"target": -13.756248621505945, "params": {"gamma": 195.89517892397456, "log10_alpha": -1.6108098039569123, "log10_colsample_bytree": -0.47364457659944903, "log10_eta": -2.6471536253031305, "log10_lambda": -0.3675119847651924, "log10_min_child_weight": 1.4781540945198386, "log10_subsample": -0.35161845301915196, "max_depth": 9.0, "num_boost_round": 24.0}, "datetime": {"datetime": "2024-01-19 00:23:44", "elapsed": 732.007064, "delta": 0.001066}}
{"target": -13.756222772391856, "params": {"gamma": 195.89517892397456, "log10_alpha": -1.6108098039569123, "log10_colsample_bytree": -0.47364457659944903, "log10_eta": -2.6471536253031305, "log10_lambda": -0.3675119847651924, "log10_min_child_weight": 1.4781540945198386, "log10_subsample": -0.35161845301915196, "max_depth": 9.0, "num_boost_round": 25.0}, "datetime": {"datetime": "2024-01-19 00:23:44", "elapsed": 732.008067, "delta": 0.001003}}
{"target": -13.756162679675386, "params": {"gamma": 195.89517892397456, "log10_alpha": -1.6108098039569123, "log10_colsample_bytree": -0.47364457659944903, "log10_eta": -2.6471536253031305, "log10_lambda": -0.3675119847651924, "log10_min_child_weight": 1.4781540945198386, "log10_subsample": -0.35161845301915196, "max_depth": 9.0, "num_boost_round": 26.0}, "datetime": {"datetime": "2024-01-19 00:23:44", "elapsed": 732.009084, "delta": 0.001017}}
{"target": -13.756162159989664, "params": {"gamma": 195.89517892397456, "log10_alpha": -1.6108098039569123, "log10_colsample_bytree": -0.47364457659944903, "log10_eta": -2.6471536253031305, "log10_lambda": -0.3675119847651924, "log10_min_child_weight": 1.4781540945198386, "log10_subsample": -0.35161845301915196, "max_depth": 9.0, "num_boost_round": 27.0}, "datetime": {"datetime": "2024-01-19 00:23:44", "elapsed": 732.010099, "delta": 0.001015}}
{"target": -13.756087175969315, "params": {"gamma": 195.89517892397456, "log10_alpha": -1.6108098039569123, "log10_colsample_bytree": -0.47364457659944903, "log10_eta": -2.6471536253031305, "log10_lambda": -0.3675119847651924, "log10_min_child_weight": 1.4781540945198386, "log10_subsample": -0.35161845301915196, "max_depth": 9.0, "num_boost_round": 28.0}, "datetime": {"datetime": "2024-01-19 00:23:44", "elapsed": 732.011206, "delta": 0.001107}}
{"target": -13.757863298696325, "params": {"gamma": 196.19603541237018, "log10_alpha": -0.572052057167503, "log10_colsample_bytree": -0.30480580492663245, "log10_eta": -1.362852137328638, "log10_lambda": 0.04950527895082768, "log10_min_child_weight": 2.137556395360212, "log10_subsample": -0.5779956522411192, "max_depth": 3.0, "num_boost_round": 0.0}, "datetime": {"datetime": "2024-01-19 00:24:09", "elapsed": 757.308733, "delta": 25.297527}}
{"target": -13.75777505871861, "params": {"gamma": 196.19603541237018, "log10_alpha": -0.572052057167503, "log10_colsample_bytree": -0.30480580492663245, "log10_eta": -1.362852137328638, "log10_lambda": 0.04950527895082768, "log10_min_child_weight": 2.137556395360212, "log10_subsample": -0.5779956522411192, "max_depth": 3.0, "num_boost_round": 1.0}, "datetime": {"datetime": "2024-01-19 00:24:09", "elapsed": 757.309956, "delta": 0.001223}}
{"target": -13.75801763550403, "params": {"gamma": 196.19603541237018, "log10_alpha": -0.572052057167503, "log10_colsample_bytree": -0.30480580492663245, "log10_eta": -1.362852137328638, "log10_lambda": 0.04950527895082768, "log10_min_child_weight": 2.137556395360212, "log10_subsample": -0.5779956522411192, "max_depth": 3.0, "num_boost_round": 2.0}, "datetime": {"datetime": "2024-01-19 00:24:09", "elapsed": 757.31156, "delta": 0.001604}}
{"target": -13.758269196187328, "params": {"gamma": 196.19603541237018, "log10_alpha": -0.572052057167503, "log10_colsample_bytree": -0.30480580492663245, "log10_eta": -1.362852137328638, "log10_lambda": 0.04950527895082768, "log10_min_child_weight": 2.137556395360212, "log10_subsample": -0.5779956522411192, "max_depth": 3.0, "num_boost_round": 3.0}, "datetime": {"datetime": "2024-01-19 00:24:09", "elapsed": 757.312867, "delta": 0.001307}}
{"target": -13.757820210651403, "params": {"gamma": 196.19603541237018, "log10_alpha": -0.572052057167503, "log10_colsample_bytree": -0.30480580492663245, "log10_eta": -1.362852137328638, "log10_lambda": 0.04950527895082768, "log10_min_child_weight": 2.137556395360212, "log10_subsample": -0.5779956522411192, "max_depth": 3.0, "num_boost_round": 4.0}, "datetime": {"datetime": "2024-01-19 00:24:09", "elapsed": 757.313902, "delta": 0.001035}}
{"target": -13.758821195423518, "params": {"gamma": 196.19603541237018, "log10_alpha": -0.572052057167503, "log10_colsample_bytree": -0.30480580492663245, "log10_eta": -1.362852137328638, "log10_lambda": 0.04950527895082768, "log10_min_child_weight": 2.137556395360212, "log10_subsample": -0.5779956522411192, "max_depth": 3.0, "num_boost_round": 5.0}, "datetime": {"datetime": "2024-01-19 00:24:09", "elapsed": 757.314932, "delta": 0.00103}}
{"target": -13.760103630211074, "params": {"gamma": 196.19603541237018, "log10_alpha": -0.572052057167503, "log10_colsample_bytree": -0.30480580492663245, "log10_eta": -1.362852137328638, "log10_lambda": 0.04950527895082768, "log10_min_child_weight": 2.137556395360212, "log10_subsample": -0.5779956522411192, "max_depth": 3.0, "num_boost_round": 6.0}, "datetime": {"datetime": "2024-01-19 00:24:09", "elapsed": 757.316286, "delta": 0.001354}}
{"target": -13.760566986617134, "params": {"gamma": 196.19603541237018, "log10_alpha": -0.572052057167503, "log10_colsample_bytree": -0.30480580492663245, "log10_eta": -1.362852137328638, "log10_lambda": 0.04950527895082768, "log10_min_child_weight": 2.137556395360212, "log10_subsample": -0.5779956522411192, "max_depth": 3.0, "num_boost_round": 7.0}, "datetime": {"datetime": "2024-01-19 00:24:09", "elapsed": 757.317489, "delta": 0.001203}}
{"target": -13.761340026436802, "params": {"gamma": 196.19603541237018, "log10_alpha": -0.572052057167503, "log10_colsample_bytree": -0.30480580492663245, "log10_eta": -1.362852137328638, "log10_lambda": 0.04950527895082768, "log10_min_child_weight": 2.137556395360212, "log10_subsample": -0.5779956522411192, "max_depth": 3.0, "num_boost_round": 8.0}, "datetime": {"datetime": "2024-01-19 00:24:09", "elapsed": 757.318518, "delta": 0.001029}}
{"target": -13.761853026172208, "params": {"gamma": 196.19603541237018, "log10_alpha": -0.572052057167503, "log10_colsample_bytree": -0.30480580492663245, "log10_eta": -1.362852137328638, "log10_lambda": 0.04950527895082768, "log10_min_child_weight": 2.137556395360212, "log10_subsample": -0.5779956522411192, "max_depth": 3.0, "num_boost_round": 9.0}, "datetime": {"datetime": "2024-01-19 00:24:09", "elapsed": 757.319651, "delta": 0.001133}}
{"target": -13.761661375434183, "params": {"gamma": 196.19603541237018, "log10_alpha": -0.572052057167503, "log10_colsample_bytree": -0.30480580492663245, "log10_eta": -1.362852137328638, "log10_lambda": 0.04950527895082768, "log10_min_child_weight": 2.137556395360212, "log10_subsample": -0.5779956522411192, "max_depth": 3.0, "num_boost_round": 10.0}, "datetime": {"datetime": "2024-01-19 00:24:09", "elapsed": 757.320688, "delta": 0.001037}}
{"target": -13.761690280139053, "params": {"gamma": 196.19603541237018, "log10_alpha": -0.572052057167503, "log10_colsample_bytree": -0.30480580492663245, "log10_eta": -1.362852137328638, "log10_lambda": 0.04950527895082768, "log10_min_child_weight": 2.137556395360212, "log10_subsample": -0.5779956522411192, "max_depth": 3.0, "num_boost_round": 11.0}, "datetime": {"datetime": "2024-01-19 00:24:09", "elapsed": 757.321727, "delta": 0.001039}}
{"target": -13.763017233002078, "params": {"gamma": 196.19603541237018, "log10_alpha": -0.572052057167503, "log10_colsample_bytree": -0.30480580492663245, "log10_eta": -1.362852137328638, "log10_lambda": 0.04950527895082768, "log10_min_child_weight": 2.137556395360212, "log10_subsample": -0.5779956522411192, "max_depth": 3.0, "num_boost_round": 12.0}, "datetime": {"datetime": "2024-01-19 00:24:09", "elapsed": 757.322762, "delta": 0.001035}}
{"target": -13.763395957248292, "params": {"gamma": 196.19603541237018, "log10_alpha": -0.572052057167503, "log10_colsample_bytree": -0.30480580492663245, "log10_eta": -1.362852137328638, "log10_lambda": 0.04950527895082768, "log10_min_child_weight": 2.137556395360212, "log10_subsample": -0.5779956522411192, "max_depth": 3.0, "num_boost_round": 13.0}, "datetime": {"datetime": "2024-01-19 00:24:09", "elapsed": 757.32381, "delta": 0.001048}}
{"target": -13.763679993873588, "params": {"gamma": 196.19603541237018, "log10_alpha": -0.572052057167503, "log10_colsample_bytree": -0.30480580492663245, "log10_eta": -1.362852137328638, "log10_lambda": 0.04950527895082768, "log10_min_child_weight": 2.137556395360212, "log10_subsample": -0.5779956522411192, "max_depth": 3.0, "num_boost_round": 14.0}, "datetime": {"datetime": "2024-01-19 00:24:09", "elapsed": 757.32485, "delta": 0.00104}}
{"target": -13.764009760840173, "params": {"gamma": 196.19603541237018, "log10_alpha": -0.572052057167503, "log10_colsample_bytree": -0.30480580492663245, "log10_eta": -1.362852137328638, "log10_lambda": 0.04950527895082768, "log10_min_child_weight": 2.137556395360212, "log10_subsample": -0.5779956522411192, "max_depth": 3.0, "num_boost_round": 15.0}, "datetime": {"datetime": "2024-01-19 00:24:09", "elapsed": 757.32589, "delta": 0.00104}}
{"target": -13.76474985209296, "params": {"gamma": 196.19603541237018, "log10_alpha": -0.572052057167503, "log10_colsample_bytree": -0.30480580492663245, "log10_eta": -1.362852137328638, "log10_lambda": 0.04950527895082768, "log10_min_child_weight": 2.137556395360212, "log10_subsample": -0.5779956522411192, "max_depth": 3.0, "num_boost_round": 16.0}, "datetime": {"datetime": "2024-01-19 00:24:09", "elapsed": 757.326927, "delta": 0.001037}}
{"target": -13.765244697044633, "params": {"gamma": 196.19603541237018, "log10_alpha": -0.572052057167503, "log10_colsample_bytree": -0.30480580492663245, "log10_eta": -1.362852137328638, "log10_lambda": 0.04950527895082768, "log10_min_child_weight": 2.137556395360212, "log10_subsample": -0.5779956522411192, "max_depth": 3.0, "num_boost_round": 17.0}, "datetime": {"datetime": "2024-01-19 00:24:09", "elapsed": 757.327972, "delta": 0.001045}}
{"target": -13.765799018220354, "params": {"gamma": 196.19603541237018, "log10_alpha": -0.572052057167503, "log10_colsample_bytree": -0.30480580492663245, "log10_eta": -1.362852137328638, "log10_lambda": 0.04950527895082768, "log10_min_child_weight": 2.137556395360212, "log10_subsample": -0.5779956522411192, "max_depth": 3.0, "num_boost_round": 18.0}, "datetime": {"datetime": "2024-01-19 00:24:09", "elapsed": 757.329036, "delta": 0.001064}}
{"target": -13.766497106808492, "params": {"gamma": 196.19603541237018, "log10_alpha": -0.572052057167503, "log10_colsample_bytree": -0.30480580492663245, "log10_eta": -1.362852137328638, "log10_lambda": 0.04950527895082768, "log10_min_child_weight": 2.137556395360212, "log10_subsample": -0.5779956522411192, "max_depth": 3.0, "num_boost_round": 19.0}, "datetime": {"datetime": "2024-01-19 00:24:09", "elapsed": 757.330097, "delta": 0.001061}}
{"target": -13.766991297569893, "params": {"gamma": 196.19603541237018, "log10_alpha": -0.572052057167503, "log10_colsample_bytree": -0.30480580492663245, "log10_eta": -1.362852137328638, "log10_lambda": 0.04950527895082768, "log10_min_child_weight": 2.137556395360212, "log10_subsample": -0.5779956522411192, "max_depth": 3.0, "num_boost_round": 20.0}, "datetime": {"datetime": "2024-01-19 00:24:09", "elapsed": 757.331202, "delta": 0.001105}}
{"target": -13.767174693933041, "params": {"gamma": 196.19603541237018, "log10_alpha": -0.572052057167503, "log10_colsample_bytree": -0.30480580492663245, "log10_eta": -1.362852137328638, "log10_lambda": 0.04950527895082768, "log10_min_child_weight": 2.137556395360212, "log10_subsample": -0.5779956522411192, "max_depth": 3.0, "num_boost_round": 21.0}, "datetime": {"datetime": "2024-01-19 00:24:09", "elapsed": 757.33225, "delta": 0.001048}}
{"target": -13.768162428697995, "params": {"gamma": 196.19603541237018, "log10_alpha": -0.572052057167503, "log10_colsample_bytree": -0.30480580492663245, "log10_eta": -1.362852137328638, "log10_lambda": 0.04950527895082768, "log10_min_child_weight": 2.137556395360212, "log10_subsample": -0.5779956522411192, "max_depth": 3.0, "num_boost_round": 22.0}, "datetime": {"datetime": "2024-01-19 00:24:09", "elapsed": 757.333299, "delta": 0.001049}}
{"target": -13.768376559615053, "params": {"gamma": 196.19603541237018, "log10_alpha": -0.572052057167503, "log10_colsample_bytree": -0.30480580492663245, "log10_eta": -1.362852137328638, "log10_lambda": 0.04950527895082768, "log10_min_child_weight": 2.137556395360212, "log10_subsample": -0.5779956522411192, "max_depth": 3.0, "num_boost_round": 23.0}, "datetime": {"datetime": "2024-01-19 00:24:09", "elapsed": 757.334351, "delta": 0.001052}}
{"target": -13.76926861231064, "params": {"gamma": 196.19603541237018, "log10_alpha": -0.572052057167503, "log10_colsample_bytree": -0.30480580492663245, "log10_eta": -1.362852137328638, "log10_lambda": 0.04950527895082768, "log10_min_child_weight": 2.137556395360212, "log10_subsample": -0.5779956522411192, "max_depth": 3.0, "num_boost_round": 24.0}, "datetime": {"datetime": "2024-01-19 00:24:09", "elapsed": 757.335399, "delta": 0.001048}}
{"target": -13.769844113268498, "params": {"gamma": 196.19603541237018, "log10_alpha": -0.572052057167503, "log10_colsample_bytree": -0.30480580492663245, "log10_eta": -1.362852137328638, "log10_lambda": 0.04950527895082768, "log10_min_child_weight": 2.137556395360212, "log10_subsample": -0.5779956522411192, "max_depth": 3.0, "num_boost_round": 25.0}, "datetime": {"datetime": "2024-01-19 00:24:09", "elapsed": 757.336464, "delta": 0.001065}}
{"target": -13.769601842827985, "params": {"gamma": 196.19603541237018, "log10_alpha": -0.572052057167503, "log10_colsample_bytree": -0.30480580492663245, "log10_eta": -1.362852137328638, "log10_lambda": 0.04950527895082768, "log10_min_child_weight": 2.137556395360212, "log10_subsample": -0.5779956522411192, "max_depth": 3.0, "num_boost_round": 26.0}, "datetime": {"datetime": "2024-01-19 00:24:09", "elapsed": 757.337629, "delta": 0.001165}}
{"target": -13.769376769556889, "params": {"gamma": 196.19603541237018, "log10_alpha": -0.572052057167503, "log10_colsample_bytree": -0.30480580492663245, "log10_eta": -1.362852137328638, "log10_lambda": 0.04950527895082768, "log10_min_child_weight": 2.137556395360212, "log10_subsample": -0.5779956522411192, "max_depth": 3.0, "num_boost_round": 27.0}, "datetime": {"datetime": "2024-01-19 00:24:09", "elapsed": 757.338682, "delta": 0.001053}}
