{"target": -17.67892990946382, "params": {"gamma": 982.4438824071399, "log10_alpha": -3.7309929504268293, "log10_colsample_bytree": -0.5798767059622669, "log10_eta": -1.3555895058621386, "log10_lambda": -0.41467167100896596, "log10_min_child_weight": 0.6353450800256766, "log10_subsample": -0.7194248778309283, "max_depth": 4.0, "num_boost_round": 9.0}, "datetime": {"datetime": "2024-01-19 01:00:51", "elapsed": 2945.361726, "delta": 0.003252}}
{"target": -17.677597057086945, "params": {"gamma": 982.4438824071399, "log10_alpha": -3.7309929504268293, "log10_colsample_bytree": -0.5798767059622669, "log10_eta": -1.3555895058621386, "log10_lambda": -0.41467167100896596, "log10_min_child_weight": 0.6353450800256766, "log10_subsample": -0.7194248778309283, "max_depth": 4.0, "num_boost_round": 10.0}, "datetime": {"datetime": "2024-01-19 01:00:51", "elapsed": 2945.36493, "delta": 0.003204}}
{"target": -17.676388094567336, "params": {"gamma": 982.4438824071399, "log10_alpha": -3.7309929504268293, "log10_colsample_bytree": -0.5798767059622669, "log10_eta": -1.3555895058621386, "log10_lambda": -0.41467167100896596, "log10_min_child_weight": 0.6353450800256766, "log10_subsample": -0.7194248778309283, "max_depth": 4.0, "num_boost_round": 11.0}, "datetime": {"datetime": "2024-01-19 01:00:51", "elapsed": 2945.368132, "delta": 0.003202}}
{"target": -17.676238523002908, "params": {"gamma": 982.4438824071399, "log10_alpha": -3.7309929504268293, "log10_colsample_bytree": -0.5798767059622669, "log10_eta": -1.3555895058621386, "log10_lambda": -0.41467167100896596, "log10_min_child_weight": 0.6353450800256766, "log10_subsample": -0.7194248778309283, "max_depth": 4.0, "num_boost_round": 12.0}, "datetime": {"datetime": "2024-01-19 01:00:51", "elapsed": 2945.371386, "delta": 0.003254}}
{"target": -17.676381595538174, "params": {"gamma": 982.4438824071399, "log10_alpha": -3.7309929504268293, "log10_colsample_bytree": -0.5798767059622669, "log10_eta": -1.3555895058621386, "log10_lambda": -0.41467167100896596, "log10_min_child_weight": 0.6353450800256766, "log10_subsample": -0.7194248778309283, "max_depth": 4.0, "num_boost_round": 13.0}, "datetime": {"datetime": "2024-01-19 01:00:51", "elapsed": 2945.37468, "delta": 0.003294}}
{"target": -17.67644116566202, "params": {"gamma": 982.4438824071399, "log10_alpha": -3.7309929504268293, "log10_colsample_bytree": -0.5798767059622669, "log10_eta": -1.3555895058621386, "log10_lambda": -0.41467167100896596, "log10_min_child_weight": 0.6353450800256766, "log10_subsample": -0.7194248778309283, "max_depth": 4.0, "num_boost_round": 14.0}, "datetime": {"datetime": "2024-01-19 01:00:51", "elapsed": 2945.37794, "delta": 0.00326}}
{"target": -17.67633111456674, "params": {"gamma": 982.4438824071399, "log10_alpha": -3.7309929504268293, "log10_colsample_bytree": -0.5798767059622669, "log10_eta": -1.3555895058621386, "log10_lambda": -0.41467167100896596, "log10_min_child_weight": 0.6353450800256766, "log10_subsample": -0.7194248778309283, "max_depth": 4.0, "num_boost_round": 15.0}, "datetime": {"datetime": "2024-01-19 01:00:51", "elapsed": 2945.381174, "delta": 0.003234}}
{"target": -17.67714470208051, "params": {"gamma": 982.4438824071399, "log10_alpha": -3.7309929504268293, "log10_colsample_bytree": -0.5798767059622669, "log10_eta": -1.3555895058621386, "log10_lambda": -0.41467167100896596, "log10_min_child_weight": 0.6353450800256766, "log10_subsample": -0.7194248778309283, "max_depth": 4.0, "num_boost_round": 16.0}, "datetime": {"datetime": "2024-01-19 01:00:51", "elapsed": 2945.384411, "delta": 0.003237}}
{"target": -17.678989510330034, "params": {"gamma": 982.4438824071399, "log10_alpha": -3.7309929504268293, "log10_colsample_bytree": -0.5798767059622669, "log10_eta": -1.3555895058621386, "log10_lambda": -0.41467167100896596, "log10_min_child_weight": 0.6353450800256766, "log10_subsample": -0.7194248778309283, "max_depth": 4.0, "num_boost_round": 17.0}, "datetime": {"datetime": "2024-01-19 01:00:51", "elapsed": 2945.387656, "delta": 0.003245}}
{"target": -17.679689957015036, "params": {"gamma": 982.4438824071399, "log10_alpha": -3.7309929504268293, "log10_colsample_bytree": -0.5798767059622669, "log10_eta": -1.3555895058621386, "log10_lambda": -0.41467167100896596, "log10_min_child_weight": 0.6353450800256766, "log10_subsample": -0.7194248778309283, "max_depth": 4.0, "num_boost_round": 18.0}, "datetime": {"datetime": "2024-01-19 01:00:51", "elapsed": 2945.390882, "delta": 0.003226}}
{"target": -17.6800015383767, "params": {"gamma": 982.4438824071399, "log10_alpha": -3.7309929504268293, "log10_colsample_bytree": -0.5798767059622669, "log10_eta": -1.3555895058621386, "log10_lambda": -0.41467167100896596, "log10_min_child_weight": 0.6353450800256766, "log10_subsample": -0.7194248778309283, "max_depth": 4.0, "num_boost_round": 19.0}, "datetime": {"datetime": "2024-01-19 01:00:51", "elapsed": 2945.394117, "delta": 0.003235}}
{"target": -17.681566520357446, "params": {"gamma": 982.4438824071399, "log10_alpha": -3.7309929504268293, "log10_colsample_bytree": -0.5798767059622669, "log10_eta": -1.3555895058621386, "log10_lambda": -0.41467167100896596, "log10_min_child_weight": 0.6353450800256766, "log10_subsample": -0.7194248778309283, "max_depth": 4.0, "num_boost_round": 20.0}, "datetime": {"datetime": "2024-01-19 01:00:51", "elapsed": 2945.397321, "delta": 0.003204}}
{"target": -17.68208462540849, "params": {"gamma": 982.4438824071399, "log10_alpha": -3.7309929504268293, "log10_colsample_bytree": -0.5798767059622669, "log10_eta": -1.3555895058621386, "log10_lambda": -0.41467167100896596, "log10_min_child_weight": 0.6353450800256766, "log10_subsample": -0.7194248778309283, "max_depth": 4.0, "num_boost_round": 21.0}, "datetime": {"datetime": "2024-01-19 01:00:51", "elapsed": 2945.400554, "delta": 0.003233}}
{"target": -17.696028824867756, "params": {"gamma": 984.4307032372138, "log10_alpha": 0.7396246479391166, "log10_colsample_bytree": -0.9531134770330566, "log10_eta": -0.43553815147872665, "log10_lambda": -0.9773164436040576, "log10_min_child_weight": 1.9189770993392026, "log10_subsample": -0.36873216552873844, "max_depth": 4.0, "num_boost_round": 0.0}, "datetime": {"datetime": "2024-01-19 01:01:46", "elapsed": 3000.416787, "delta": 55.016233}}
{"target": -17.711127140185578, "params": {"gamma": 984.4307032372138, "log10_alpha": 0.7396246479391166, "log10_colsample_bytree": -0.9531134770330566, "log10_eta": -0.43553815147872665, "log10_lambda": -0.9773164436040576, "log10_min_child_weight": 1.9189770993392026, "log10_subsample": -0.36873216552873844, "max_depth": 4.0, "num_boost_round": 1.0}, "datetime": {"datetime": "2024-01-19 01:01:46", "elapsed": 3000.420892, "delta": 0.004105}}
{"target": -17.718042011077177, "params": {"gamma": 984.4307032372138, "log10_alpha": 0.7396246479391166, "log10_colsample_bytree": -0.9531134770330566, "log10_eta": -0.43553815147872665, "log10_lambda": -0.9773164436040576, "log10_min_child_weight": 1.9189770993392026, "log10_subsample": -0.36873216552873844, "max_depth": 4.0, "num_boost_round": 2.0}, "datetime": {"datetime": "2024-01-19 01:01:46", "elapsed": 3000.424381, "delta": 0.003489}}
{"target": -17.718855985322445, "params": {"gamma": 984.4307032372138, "log10_alpha": 0.7396246479391166, "log10_colsample_bytree": -0.9531134770330566, "log10_eta": -0.43553815147872665, "log10_lambda": -0.9773164436040576, "log10_min_child_weight": 1.9189770993392026, "log10_subsample": -0.36873216552873844, "max_depth": 4.0, "num_boost_round": 3.0}, "datetime": {"datetime": "2024-01-19 01:01:46", "elapsed": 3000.427684, "delta": 0.003303}}
{"target": -17.71974073147669, "params": {"gamma": 984.4307032372138, "log10_alpha": 0.7396246479391166, "log10_colsample_bytree": -0.9531134770330566, "log10_eta": -0.43553815147872665, "log10_lambda": -0.9773164436040576, "log10_min_child_weight": 1.9189770993392026, "log10_subsample": -0.36873216552873844, "max_depth": 4.0, "num_boost_round": 4.0}, "datetime": {"datetime": "2024-01-19 01:01:46", "elapsed": 3000.431139, "delta": 0.003455}}
{"target": -17.74412360242314, "params": {"gamma": 984.4307032372138, "log10_alpha": 0.7396246479391166, "log10_colsample_bytree": -0.9531134770330566, "log10_eta": -0.43553815147872665, "log10_lambda": -0.9773164436040576, "log10_min_child_weight": 1.9189770993392026, "log10_subsample": -0.36873216552873844, "max_depth": 4.0, "num_boost_round": 5.0}, "datetime": {"datetime": "2024-01-19 01:01:46", "elapsed": 3000.434385, "delta": 0.003246}}
{"target": -17.753536057206478, "params": {"gamma": 984.4307032372138, "log10_alpha": 0.7396246479391166, "log10_colsample_bytree": -0.9531134770330566, "log10_eta": -0.43553815147872665, "log10_lambda": -0.9773164436040576, "log10_min_child_weight": 1.9189770993392026, "log10_subsample": -0.36873216552873844, "max_depth": 4.0, "num_boost_round": 6.0}, "datetime": {"datetime": "2024-01-19 01:01:46", "elapsed": 3000.437583, "delta": 0.003198}}
{"target": -17.753685937254662, "params": {"gamma": 984.4307032372138, "log10_alpha": 0.7396246479391166, "log10_colsample_bytree": -0.9531134770330566, "log10_eta": -0.43553815147872665, "log10_lambda": -0.9773164436040576, "log10_min_child_weight": 1.9189770993392026, "log10_subsample": -0.36873216552873844, "max_depth": 4.0, "num_boost_round": 7.0}, "datetime": {"datetime": "2024-01-19 01:01:46", "elapsed": 3000.440836, "delta": 0.003253}}
{"target": -17.76581285811755, "params": {"gamma": 984.4307032372138, "log10_alpha": 0.7396246479391166, "log10_colsample_bytree": -0.9531134770330566, "log10_eta": -0.43553815147872665, "log10_lambda": -0.9773164436040576, "log10_min_child_weight": 1.9189770993392026, "log10_subsample": -0.36873216552873844, "max_depth": 4.0, "num_boost_round": 8.0}, "datetime": {"datetime": "2024-01-19 01:01:46", "elapsed": 3000.44414, "delta": 0.003304}}
{"target": -17.768541630867848, "params": {"gamma": 984.4307032372138, "log10_alpha": 0.7396246479391166, "log10_colsample_bytree": -0.9531134770330566, "log10_eta": -0.43553815147872665, "log10_lambda": -0.9773164436040576, "log10_min_child_weight": 1.9189770993392026, "log10_subsample": -0.36873216552873844, "max_depth": 4.0, "num_boost_round": 9.0}, "datetime": {"datetime": "2024-01-19 01:01:46", "elapsed": 3000.44737, "delta": 0.00323}}
{"target": -17.824335870621724, "params": {"gamma": 984.4307032372138, "log10_alpha": 0.7396246479391166, "log10_colsample_bytree": -0.9531134770330566, "log10_eta": -0.43553815147872665, "log10_lambda": -0.9773164436040576, "log10_min_child_weight": 1.9189770993392026, "log10_subsample": -0.36873216552873844, "max_depth": 4.0, "num_boost_round": 10.0}, "datetime": {"datetime": "2024-01-19 01:01:46", "elapsed": 3000.450673, "delta": 0.003303}}
{"target": -17.828406945644268, "params": {"gamma": 984.4307032372138, "log10_alpha": 0.7396246479391166, "log10_colsample_bytree": -0.9531134770330566, "log10_eta": -0.43553815147872665, "log10_lambda": -0.9773164436040576, "log10_min_child_weight": 1.9189770993392026, "log10_subsample": -0.36873216552873844, "max_depth": 4.0, "num_boost_round": 11.0}, "datetime": {"datetime": "2024-01-19 01:01:46", "elapsed": 3000.453928, "delta": 0.003255}}
{"target": -17.838086854375863, "params": {"gamma": 984.4307032372138, "log10_alpha": 0.7396246479391166, "log10_colsample_bytree": -0.9531134770330566, "log10_eta": -0.43553815147872665, "log10_lambda": -0.9773164436040576, "log10_min_child_weight": 1.9189770993392026, "log10_subsample": -0.36873216552873844, "max_depth": 4.0, "num_boost_round": 12.0}, "datetime": {"datetime": "2024-01-19 01:01:46", "elapsed": 3000.457131, "delta": 0.003203}}
{"target": -17.849945722813427, "params": {"gamma": 984.4307032372138, "log10_alpha": 0.7396246479391166, "log10_colsample_bytree": -0.9531134770330566, "log10_eta": -0.43553815147872665, "log10_lambda": -0.9773164436040576, "log10_min_child_weight": 1.9189770993392026, "log10_subsample": -0.36873216552873844, "max_depth": 4.0, "num_boost_round": 13.0}, "datetime": {"datetime": "2024-01-19 01:01:46", "elapsed": 3000.460328, "delta": 0.003197}}
{"target": -17.86269227154466, "params": {"gamma": 984.4307032372138, "log10_alpha": 0.7396246479391166, "log10_colsample_bytree": -0.9531134770330566, "log10_eta": -0.43553815147872665, "log10_lambda": -0.9773164436040576, "log10_min_child_weight": 1.9189770993392026, "log10_subsample": -0.36873216552873844, "max_depth": 4.0, "num_boost_round": 14.0}, "datetime": {"datetime": "2024-01-19 01:01:46", "elapsed": 3000.463704, "delta": 0.003376}}
{"target": -17.86983006170274, "params": {"gamma": 984.4307032372138, "log10_alpha": 0.7396246479391166, "log10_colsample_bytree": -0.9531134770330566, "log10_eta": -0.43553815147872665, "log10_lambda": -0.9773164436040576, "log10_min_child_weight": 1.9189770993392026, "log10_subsample": -0.36873216552873844, "max_depth": 4.0, "num_boost_round": 15.0}, "datetime": {"datetime": "2024-01-19 01:01:46", "elapsed": 3000.466959, "delta": 0.003255}}
{"target": -17.886350884101432, "params": {"gamma": 984.4307032372138, "log10_alpha": 0.7396246479391166, "log10_colsample_bytree": -0.9531134770330566, "log10_eta": -0.43553815147872665, "log10_lambda": -0.9773164436040576, "log10_min_child_weight": 1.9189770993392026, "log10_subsample": -0.36873216552873844, "max_depth": 4.0, "num_boost_round": 16.0}, "datetime": {"datetime": "2024-01-19 01:01:46", "elapsed": 3000.470287, "delta": 0.003328}}
{"target": -17.89241269086682, "params": {"gamma": 984.4307032372138, "log10_alpha": 0.7396246479391166, "log10_colsample_bytree": -0.9531134770330566, "log10_eta": -0.43553815147872665, "log10_lambda": -0.9773164436040576, "log10_min_child_weight": 1.9189770993392026, "log10_subsample": -0.36873216552873844, "max_depth": 4.0, "num_boost_round": 17.0}, "datetime": {"datetime": "2024-01-19 01:01:46", "elapsed": 3000.473521, "delta": 0.003234}}
{"target": -17.898684945187767, "params": {"gamma": 984.4307032372138, "log10_alpha": 0.7396246479391166, "log10_colsample_bytree": -0.9531134770330566, "log10_eta": -0.43553815147872665, "log10_lambda": -0.9773164436040576, "log10_min_child_weight": 1.9189770993392026, "log10_subsample": -0.36873216552873844, "max_depth": 4.0, "num_boost_round": 18.0}, "datetime": {"datetime": "2024-01-19 01:01:46", "elapsed": 3000.476708, "delta": 0.003187}}
{"target": -17.90265855269283, "params": {"gamma": 984.4307032372138, "log10_alpha": 0.7396246479391166, "log10_colsample_bytree": -0.9531134770330566, "log10_eta": -0.43553815147872665, "log10_lambda": -0.9773164436040576, "log10_min_child_weight": 1.9189770993392026, "log10_subsample": -0.36873216552873844, "max_depth": 4.0, "num_boost_round": 19.0}, "datetime": {"datetime": "2024-01-19 01:01:46", "elapsed": 3000.479898, "delta": 0.00319}}
{"target": -17.91588690199688, "params": {"gamma": 984.4307032372138, "log10_alpha": 0.7396246479391166, "log10_colsample_bytree": -0.9531134770330566, "log10_eta": -0.43553815147872665, "log10_lambda": -0.9773164436040576, "log10_min_child_weight": 1.9189770993392026, "log10_subsample": -0.36873216552873844, "max_depth": 4.0, "num_boost_round": 20.0}, "datetime": {"datetime": "2024-01-19 01:01:46", "elapsed": 3000.483131, "delta": 0.003233}}
{"target": -17.932543235276018, "params": {"gamma": 984.4307032372138, "log10_alpha": 0.7396246479391166, "log10_colsample_bytree": -0.9531134770330566, "log10_eta": -0.43553815147872665, "log10_lambda": -0.9773164436040576, "log10_min_child_weight": 1.9189770993392026, "log10_subsample": -0.36873216552873844, "max_depth": 4.0, "num_boost_round": 21.0}, "datetime": {"datetime": "2024-01-19 01:01:46", "elapsed": 3000.486404, "delta": 0.003273}}
{"target": -17.934543527522596, "params": {"gamma": 984.4307032372138, "log10_alpha": 0.7396246479391166, "log10_colsample_bytree": -0.9531134770330566, "log10_eta": -0.43553815147872665, "log10_lambda": -0.9773164436040576, "log10_min_child_weight": 1.9189770993392026, "log10_subsample": -0.36873216552873844, "max_depth": 4.0, "num_boost_round": 22.0}, "datetime": {"datetime": "2024-01-19 01:01:46", "elapsed": 3000.48963, "delta": 0.003226}}
{"target": -18.01604936913435, "params": {"gamma": 984.4307032372138, "log10_alpha": 0.7396246479391166, "log10_colsample_bytree": -0.9531134770330566, "log10_eta": -0.43553815147872665, "log10_lambda": -0.9773164436040576, "log10_min_child_weight": 1.9189770993392026, "log10_subsample": -0.36873216552873844, "max_depth": 4.0, "num_boost_round": 23.0}, "datetime": {"datetime": "2024-01-19 01:01:46", "elapsed": 3000.492935, "delta": 0.003305}}
{"target": -18.032026447051393, "params": {"gamma": 984.4307032372138, "log10_alpha": 0.7396246479391166, "log10_colsample_bytree": -0.9531134770330566, "log10_eta": -0.43553815147872665, "log10_lambda": -0.9773164436040576, "log10_min_child_weight": 1.9189770993392026, "log10_subsample": -0.36873216552873844, "max_depth": 4.0, "num_boost_round": 24.0}, "datetime": {"datetime": "2024-01-19 01:01:46", "elapsed": 3000.496187, "delta": 0.003252}}
{"target": -18.121827591709714, "params": {"gamma": 984.4307032372138, "log10_alpha": 0.7396246479391166, "log10_colsample_bytree": -0.9531134770330566, "log10_eta": -0.43553815147872665, "log10_lambda": -0.9773164436040576, "log10_min_child_weight": 1.9189770993392026, "log10_subsample": -0.36873216552873844, "max_depth": 4.0, "num_boost_round": 25.0}, "datetime": {"datetime": "2024-01-19 01:01:46", "elapsed": 3000.499395, "delta": 0.003208}}
{"target": -18.140740685558804, "params": {"gamma": 984.4307032372138, "log10_alpha": 0.7396246479391166, "log10_colsample_bytree": -0.9531134770330566, "log10_eta": -0.43553815147872665, "log10_lambda": -0.9773164436040576, "log10_min_child_weight": 1.9189770993392026, "log10_subsample": -0.36873216552873844, "max_depth": 4.0, "num_boost_round": 26.0}, "datetime": {"datetime": "2024-01-19 01:01:46", "elapsed": 3000.502619, "delta": 0.003224}}
{"target": -18.139724611879583, "params": {"gamma": 984.4307032372138, "log10_alpha": 0.7396246479391166, "log10_colsample_bytree": -0.9531134770330566, "log10_eta": -0.43553815147872665, "log10_lambda": -0.9773164436040576, "log10_min_child_weight": 1.9189770993392026, "log10_subsample": -0.36873216552873844, "max_depth": 4.0, "num_boost_round": 27.0}, "datetime": {"datetime": "2024-01-19 01:01:46", "elapsed": 3000.505914, "delta": 0.003295}}
{"target": -18.15194229586936, "params": {"gamma": 984.4307032372138, "log10_alpha": 0.7396246479391166, "log10_colsample_bytree": -0.9531134770330566, "log10_eta": -0.43553815147872665, "log10_lambda": -0.9773164436040576, "log10_min_child_weight": 1.9189770993392026, "log10_subsample": -0.36873216552873844, "max_depth": 4.0, "num_boost_round": 28.0}, "datetime": {"datetime": "2024-01-19 01:01:46", "elapsed": 3000.509115, "delta": 0.003201}}
{"target": -18.15735044028584, "params": {"gamma": 984.4307032372138, "log10_alpha": 0.7396246479391166, "log10_colsample_bytree": -0.9531134770330566, "log10_eta": -0.43553815147872665, "log10_lambda": -0.9773164436040576, "log10_min_child_weight": 1.9189770993392026, "log10_subsample": -0.36873216552873844, "max_depth": 4.0, "num_boost_round": 29.0}, "datetime": {"datetime": "2024-01-19 01:01:46", "elapsed": 3000.512494, "delta": 0.003379}}
{"target": -18.15290380102412, "params": {"gamma": 984.4307032372138, "log10_alpha": 0.7396246479391166, "log10_colsample_bytree": -0.9531134770330566, "log10_eta": -0.43553815147872665, "log10_lambda": -0.9773164436040576, "log10_min_child_weight": 1.9189770993392026, "log10_subsample": -0.36873216552873844, "max_depth": 4.0, "num_boost_round": 30.0}, "datetime": {"datetime": "2024-01-19 01:01:46", "elapsed": 3000.515856, "delta": 0.003362}}
{"target": -18.159338568137816, "params": {"gamma": 984.4307032372138, "log10_alpha": 0.7396246479391166, "log10_colsample_bytree": -0.9531134770330566, "log10_eta": -0.43553815147872665, "log10_lambda": -0.9773164436040576, "log10_min_child_weight": 1.9189770993392026, "log10_subsample": -0.36873216552873844, "max_depth": 4.0, "num_boost_round": 31.0}, "datetime": {"datetime": "2024-01-19 01:01:46", "elapsed": 3000.519161, "delta": 0.003305}}
{"target": -18.18428888971781, "params": {"gamma": 984.4307032372138, "log10_alpha": 0.7396246479391166, "log10_colsample_bytree": -0.9531134770330566, "log10_eta": -0.43553815147872665, "log10_lambda": -0.9773164436040576, "log10_min_child_weight": 1.9189770993392026, "log10_subsample": -0.36873216552873844, "max_depth": 4.0, "num_boost_round": 32.0}, "datetime": {"datetime": "2024-01-19 01:01:46", "elapsed": 3000.522431, "delta": 0.00327}}
{"target": -18.207457642812436, "params": {"gamma": 984.4307032372138, "log10_alpha": 0.7396246479391166, "log10_colsample_bytree": -0.9531134770330566, "log10_eta": -0.43553815147872665, "log10_lambda": -0.9773164436040576, "log10_min_child_weight": 1.9189770993392026, "log10_subsample": -0.36873216552873844, "max_depth": 4.0, "num_boost_round": 33.0}, "datetime": {"datetime": "2024-01-19 01:01:46", "elapsed": 3000.525646, "delta": 0.003215}}
{"target": -18.221463805788037, "params": {"gamma": 984.4307032372138, "log10_alpha": 0.7396246479391166, "log10_colsample_bytree": -0.9531134770330566, "log10_eta": -0.43553815147872665, "log10_lambda": -0.9773164436040576, "log10_min_child_weight": 1.9189770993392026, "log10_subsample": -0.36873216552873844, "max_depth": 4.0, "num_boost_round": 34.0}, "datetime": {"datetime": "2024-01-19 01:01:46", "elapsed": 3000.52884, "delta": 0.003194}}
{"target": -18.231945840594523, "params": {"gamma": 984.4307032372138, "log10_alpha": 0.7396246479391166, "log10_colsample_bytree": -0.9531134770330566, "log10_eta": -0.43553815147872665, "log10_lambda": -0.9773164436040576, "log10_min_child_weight": 1.9189770993392026, "log10_subsample": -0.36873216552873844, "max_depth": 4.0, "num_boost_round": 35.0}, "datetime": {"datetime": "2024-01-19 01:01:46", "elapsed": 3000.532262, "delta": 0.003422}}
