{"target": -17.677231610403798, "params": {"gamma": 430.4589257990157, "log10_alpha": -3.493934271786351, "log10_colsample_bytree": -0.09759548215428804, "log10_eta": -3.898809882801914, "log10_lambda": -3.803061920944725, "log10_min_child_weight": 4.597634040349982, "log10_subsample": -0.8457534477412779, "max_depth": 7.0, "num_boost_round": 5.0}, "datetime": {"datetime": "2024-01-19 01:50:28", "elapsed": 5933.286826, "delta": 0.004055}}
{"target": -17.677230823028758, "params": {"gamma": 430.4589257990157, "log10_alpha": -3.493934271786351, "log10_colsample_bytree": -0.09759548215428804, "log10_eta": -3.898809882801914, "log10_lambda": -3.803061920944725, "log10_min_child_weight": 4.597634040349982, "log10_subsample": -0.8457534477412779, "max_depth": 7.0, "num_boost_round": 6.0}, "datetime": {"datetime": "2024-01-19 01:50:28", "elapsed": 5933.290741, "delta": 0.003915}}
{"target": -17.67722951919815, "params": {"gamma": 430.4589257990157, "log10_alpha": -3.493934271786351, "log10_colsample_bytree": -0.09759548215428804, "log10_eta": -3.898809882801914, "log10_lambda": -3.803061920944725, "log10_min_child_weight": 4.597634040349982, "log10_subsample": -0.8457534477412779, "max_depth": 7.0, "num_boost_round": 7.0}, "datetime": {"datetime": "2024-01-19 01:50:28", "elapsed": 5933.294732, "delta": 0.003991}}
{"target": -17.677229731304934, "params": {"gamma": 430.4589257990157, "log10_alpha": -3.493934271786351, "log10_colsample_bytree": -0.09759548215428804, "log10_eta": -3.898809882801914, "log10_lambda": -3.803061920944725, "log10_min_child_weight": 4.597634040349982, "log10_subsample": -0.8457534477412779, "max_depth": 7.0, "num_boost_round": 8.0}, "datetime": {"datetime": "2024-01-19 01:50:28", "elapsed": 5933.298583, "delta": 0.003851}}
{"target": -17.677229076845705, "params": {"gamma": 430.4589257990157, "log10_alpha": -3.493934271786351, "log10_colsample_bytree": -0.09759548215428804, "log10_eta": -3.898809882801914, "log10_lambda": -3.803061920944725, "log10_min_child_weight": 4.597634040349982, "log10_subsample": -0.8457534477412779, "max_depth": 7.0, "num_boost_round": 9.0}, "datetime": {"datetime": "2024-01-19 01:50:28", "elapsed": 5933.302414, "delta": 0.003831}}
{"target": -17.677228982803634, "params": {"gamma": 430.4589257990157, "log10_alpha": -3.493934271786351, "log10_colsample_bytree": -0.09759548215428804, "log10_eta": -3.898809882801914, "log10_lambda": -3.803061920944725, "log10_min_child_weight": 4.597634040349982, "log10_subsample": -0.8457534477412779, "max_depth": 7.0, "num_boost_round": 10.0}, "datetime": {"datetime": "2024-01-19 01:50:28", "elapsed": 5933.306262, "delta": 0.003848}}
{"target": -17.67722786903576, "params": {"gamma": 430.4589257990157, "log10_alpha": -3.493934271786351, "log10_colsample_bytree": -0.09759548215428804, "log10_eta": -3.898809882801914, "log10_lambda": -3.803061920944725, "log10_min_child_weight": 4.597634040349982, "log10_subsample": -0.8457534477412779, "max_depth": 7.0, "num_boost_round": 11.0}, "datetime": {"datetime": "2024-01-19 01:50:28", "elapsed": 5933.31024, "delta": 0.003978}}
{"target": -17.677227145371283, "params": {"gamma": 430.4589257990157, "log10_alpha": -3.493934271786351, "log10_colsample_bytree": -0.09759548215428804, "log10_eta": -3.898809882801914, "log10_lambda": -3.803061920944725, "log10_min_child_weight": 4.597634040349982, "log10_subsample": -0.8457534477412779, "max_depth": 7.0, "num_boost_round": 12.0}, "datetime": {"datetime": "2024-01-19 01:50:28", "elapsed": 5933.314217, "delta": 0.003977}}
{"target": -17.67722656133337, "params": {"gamma": 430.4589257990157, "log10_alpha": -3.493934271786351, "log10_colsample_bytree": -0.09759548215428804, "log10_eta": -3.898809882801914, "log10_lambda": -3.803061920944725, "log10_min_child_weight": 4.597634040349982, "log10_subsample": -0.8457534477412779, "max_depth": 7.0, "num_boost_round": 13.0}, "datetime": {"datetime": "2024-01-19 01:50:28", "elapsed": 5933.31809, "delta": 0.003873}}
{"target": -17.677226663889883, "params": {"gamma": 430.4589257990157, "log10_alpha": -3.493934271786351, "log10_colsample_bytree": -0.09759548215428804, "log10_eta": -3.898809882801914, "log10_lambda": -3.803061920944725, "log10_min_child_weight": 4.597634040349982, "log10_subsample": -0.8457534477412779, "max_depth": 7.0, "num_boost_round": 14.0}, "datetime": {"datetime": "2024-01-19 01:50:28", "elapsed": 5933.321974, "delta": 0.003884}}
{"target": -17.677226281102925, "params": {"gamma": 430.4589257990157, "log10_alpha": -3.493934271786351, "log10_colsample_bytree": -0.09759548215428804, "log10_eta": -3.898809882801914, "log10_lambda": -3.803061920944725, "log10_min_child_weight": 4.597634040349982, "log10_subsample": -0.8457534477412779, "max_depth": 7.0, "num_boost_round": 15.0}, "datetime": {"datetime": "2024-01-19 01:50:28", "elapsed": 5933.325849, "delta": 0.003875}}
{"target": -17.677225928494167, "params": {"gamma": 430.4589257990157, "log10_alpha": -3.493934271786351, "log10_colsample_bytree": -0.09759548215428804, "log10_eta": -3.898809882801914, "log10_lambda": -3.803061920944725, "log10_min_child_weight": 4.597634040349982, "log10_subsample": -0.8457534477412779, "max_depth": 7.0, "num_boost_round": 16.0}, "datetime": {"datetime": "2024-01-19 01:50:28", "elapsed": 5933.329805, "delta": 0.003956}}
{"target": -17.677226064253485, "params": {"gamma": 430.4589257990157, "log10_alpha": -3.493934271786351, "log10_colsample_bytree": -0.09759548215428804, "log10_eta": -3.898809882801914, "log10_lambda": -3.803061920944725, "log10_min_child_weight": 4.597634040349982, "log10_subsample": -0.8457534477412779, "max_depth": 7.0, "num_boost_round": 17.0}, "datetime": {"datetime": "2024-01-19 01:50:28", "elapsed": 5933.333778, "delta": 0.003973}}
{"target": -17.6772262003883, "params": {"gamma": 430.4589257990157, "log10_alpha": -3.493934271786351, "log10_colsample_bytree": -0.09759548215428804, "log10_eta": -3.898809882801914, "log10_lambda": -3.803061920944725, "log10_min_child_weight": 4.597634040349982, "log10_subsample": -0.8457534477412779, "max_depth": 7.0, "num_boost_round": 18.0}, "datetime": {"datetime": "2024-01-19 01:50:28", "elapsed": 5933.337654, "delta": 0.003876}}
{"target": -17.67722469563065, "params": {"gamma": 430.4589257990157, "log10_alpha": -3.493934271786351, "log10_colsample_bytree": -0.09759548215428804, "log10_eta": -3.898809882801914, "log10_lambda": -3.803061920944725, "log10_min_child_weight": 4.597634040349982, "log10_subsample": -0.8457534477412779, "max_depth": 7.0, "num_boost_round": 19.0}, "datetime": {"datetime": "2024-01-19 01:50:28", "elapsed": 5933.341534, "delta": 0.00388}}
{"target": -17.677224061989865, "params": {"gamma": 430.4589257990157, "log10_alpha": -3.493934271786351, "log10_colsample_bytree": -0.09759548215428804, "log10_eta": -3.898809882801914, "log10_lambda": -3.803061920944725, "log10_min_child_weight": 4.597634040349982, "log10_subsample": -0.8457534477412779, "max_depth": 7.0, "num_boost_round": 20.0}, "datetime": {"datetime": "2024-01-19 01:50:28", "elapsed": 5933.345402, "delta": 0.003868}}
{"target": -17.677222757530938, "params": {"gamma": 430.4589257990157, "log10_alpha": -3.493934271786351, "log10_colsample_bytree": -0.09759548215428804, "log10_eta": -3.898809882801914, "log10_lambda": -3.803061920944725, "log10_min_child_weight": 4.597634040349982, "log10_subsample": -0.8457534477412779, "max_depth": 7.0, "num_boost_round": 21.0}, "datetime": {"datetime": "2024-01-19 01:50:28", "elapsed": 5933.349327, "delta": 0.003925}}
{"target": -17.677226276303987, "params": {"gamma": 427.67066360139125, "log10_alpha": -4.4652432654159355, "log10_colsample_bytree": -0.16819932839103846, "log10_eta": -3.585064465110119, "log10_lambda": -4.317775040557001, "log10_min_child_weight": 3.1573767607999113, "log10_subsample": -0.8916405245605978, "max_depth": 8.0, "num_boost_round": 0.0}, "datetime": {"datetime": "2024-01-19 01:51:32", "elapsed": 5996.534657, "delta": 63.18533}}
{"target": -17.677216831186335, "params": {"gamma": 427.67066360139125, "log10_alpha": -4.4652432654159355, "log10_colsample_bytree": -0.16819932839103846, "log10_eta": -3.585064465110119, "log10_lambda": -4.317775040557001, "log10_min_child_weight": 3.1573767607999113, "log10_subsample": -0.8916405245605978, "max_depth": 8.0, "num_boost_round": 1.0}, "datetime": {"datetime": "2024-01-19 01:51:32", "elapsed": 5996.538905, "delta": 0.004248}}
{"target": -17.677208916063957, "params": {"gamma": 427.67066360139125, "log10_alpha": -4.4652432654159355, "log10_colsample_bytree": -0.16819932839103846, "log10_eta": -3.585064465110119, "log10_lambda": -4.317775040557001, "log10_min_child_weight": 3.1573767607999113, "log10_subsample": -0.8916405245605978, "max_depth": 8.0, "num_boost_round": 2.0}, "datetime": {"datetime": "2024-01-19 01:51:32", "elapsed": 5996.543028, "delta": 0.004123}}
{"target": -17.67720898828811, "params": {"gamma": 427.67066360139125, "log10_alpha": -4.4652432654159355, "log10_colsample_bytree": -0.16819932839103846, "log10_eta": -3.585064465110119, "log10_lambda": -4.317775040557001, "log10_min_child_weight": 3.1573767607999113, "log10_subsample": -0.8916405245605978, "max_depth": 8.0, "num_boost_round": 3.0}, "datetime": {"datetime": "2024-01-19 01:51:32", "elapsed": 5996.547011, "delta": 0.003983}}
{"target": -17.677201001320377, "params": {"gamma": 427.67066360139125, "log10_alpha": -4.4652432654159355, "log10_colsample_bytree": -0.16819932839103846, "log10_eta": -3.585064465110119, "log10_lambda": -4.317775040557001, "log10_min_child_weight": 3.1573767607999113, "log10_subsample": -0.8916405245605978, "max_depth": 8.0, "num_boost_round": 4.0}, "datetime": {"datetime": "2024-01-19 01:51:32", "elapsed": 5996.551, "delta": 0.003989}}
{"target": -17.677191251668845, "params": {"gamma": 427.67066360139125, "log10_alpha": -4.4652432654159355, "log10_colsample_bytree": -0.16819932839103846, "log10_eta": -3.585064465110119, "log10_lambda": -4.317775040557001, "log10_min_child_weight": 3.1573767607999113, "log10_subsample": -0.8916405245605978, "max_depth": 8.0, "num_boost_round": 5.0}, "datetime": {"datetime": "2024-01-19 01:51:32", "elapsed": 5996.555023, "delta": 0.004023}}
{"target": -17.677172089090337, "params": {"gamma": 427.67066360139125, "log10_alpha": -4.4652432654159355, "log10_colsample_bytree": -0.16819932839103846, "log10_eta": -3.585064465110119, "log10_lambda": -4.317775040557001, "log10_min_child_weight": 3.1573767607999113, "log10_subsample": -0.8916405245605978, "max_depth": 8.0, "num_boost_round": 6.0}, "datetime": {"datetime": "2024-01-19 01:51:32", "elapsed": 5996.559019, "delta": 0.003996}}
{"target": -17.677160430998, "params": {"gamma": 427.67066360139125, "log10_alpha": -4.4652432654159355, "log10_colsample_bytree": -0.16819932839103846, "log10_eta": -3.585064465110119, "log10_lambda": -4.317775040557001, "log10_min_child_weight": 3.1573767607999113, "log10_subsample": -0.8916405245605978, "max_depth": 8.0, "num_boost_round": 7.0}, "datetime": {"datetime": "2024-01-19 01:51:32", "elapsed": 5996.562941, "delta": 0.003922}}
{"target": -17.67714643493725, "params": {"gamma": 427.67066360139125, "log10_alpha": -4.4652432654159355, "log10_colsample_bytree": -0.16819932839103846, "log10_eta": -3.585064465110119, "log10_lambda": -4.317775040557001, "log10_min_child_weight": 3.1573767607999113, "log10_subsample": -0.8916405245605978, "max_depth": 8.0, "num_boost_round": 8.0}, "datetime": {"datetime": "2024-01-19 01:51:32", "elapsed": 5996.566898, "delta": 0.003957}}
{"target": -17.677142453895353, "params": {"gamma": 427.67066360139125, "log10_alpha": -4.4652432654159355, "log10_colsample_bytree": -0.16819932839103846, "log10_eta": -3.585064465110119, "log10_lambda": -4.317775040557001, "log10_min_child_weight": 3.1573767607999113, "log10_subsample": -0.8916405245605978, "max_depth": 8.0, "num_boost_round": 9.0}, "datetime": {"datetime": "2024-01-19 01:51:32", "elapsed": 5996.570901, "delta": 0.004003}}
{"target": -17.67713961775671, "params": {"gamma": 427.67066360139125, "log10_alpha": -4.4652432654159355, "log10_colsample_bytree": -0.16819932839103846, "log10_eta": -3.585064465110119, "log10_lambda": -4.317775040557001, "log10_min_child_weight": 3.1573767607999113, "log10_subsample": -0.8916405245605978, "max_depth": 8.0, "num_boost_round": 10.0}, "datetime": {"datetime": "2024-01-19 01:51:32", "elapsed": 5996.575021, "delta": 0.00412}}
{"target": -17.67713027432009, "params": {"gamma": 427.67066360139125, "log10_alpha": -4.4652432654159355, "log10_colsample_bytree": -0.16819932839103846, "log10_eta": -3.585064465110119, "log10_lambda": -4.317775040557001, "log10_min_child_weight": 3.1573767607999113, "log10_subsample": -0.8916405245605978, "max_depth": 8.0, "num_boost_round": 11.0}, "datetime": {"datetime": "2024-01-19 01:51:32", "elapsed": 5996.579093, "delta": 0.004072}}
{"target": -17.677127036026388, "params": {"gamma": 427.67066360139125, "log10_alpha": -4.4652432654159355, "log10_colsample_bytree": -0.16819932839103846, "log10_eta": -3.585064465110119, "log10_lambda": -4.317775040557001, "log10_min_child_weight": 3.1573767607999113, "log10_subsample": -0.8916405245605978, "max_depth": 8.0, "num_boost_round": 12.0}, "datetime": {"datetime": "2024-01-19 01:51:32", "elapsed": 5996.583203, "delta": 0.00411}}
{"target": -17.677118869321628, "params": {"gamma": 427.67066360139125, "log10_alpha": -4.4652432654159355, "log10_colsample_bytree": -0.16819932839103846, "log10_eta": -3.585064465110119, "log10_lambda": -4.317775040557001, "log10_min_child_weight": 3.1573767607999113, "log10_subsample": -0.8916405245605978, "max_depth": 8.0, "num_boost_round": 13.0}, "datetime": {"datetime": "2024-01-19 01:51:32", "elapsed": 5996.587206, "delta": 0.004003}}
{"target": -17.67722749720891, "params": {"gamma": 421.9645892528895, "log10_alpha": -3.2354582423461897, "log10_colsample_bytree": -0.2941627634791619, "log10_eta": -3.7730588748533007, "log10_lambda": -3.425742315123192, "log10_min_child_weight": 3.696101785950659, "log10_subsample": -0.6585795042536869, "max_depth": 6.0, "num_boost_round": 0.0}, "datetime": {"datetime": "2024-01-19 01:52:35", "elapsed": 6060.150171, "delta": 63.562965}}
{"target": -17.67722930770887, "params": {"gamma": 421.9645892528895, "log10_alpha": -3.2354582423461897, "log10_colsample_bytree": -0.2941627634791619, "log10_eta": -3.7730588748533007, "log10_lambda": -3.425742315123192, "log10_min_child_weight": 3.696101785950659, "log10_subsample": -0.6585795042536869, "max_depth": 6.0, "num_boost_round": 1.0}, "datetime": {"datetime": "2024-01-19 01:52:35", "elapsed": 6060.155323, "delta": 0.005152}}
{"target": -17.677227366395286, "params": {"gamma": 421.9645892528895, "log10_alpha": -3.2354582423461897, "log10_colsample_bytree": -0.2941627634791619, "log10_eta": -3.7730588748533007, "log10_lambda": -3.425742315123192, "log10_min_child_weight": 3.696101785950659, "log10_subsample": -0.6585795042536869, "max_depth": 6.0, "num_boost_round": 2.0}, "datetime": {"datetime": "2024-01-19 01:52:35", "elapsed": 6060.159332, "delta": 0.004009}}
{"target": -17.67722691430028, "params": {"gamma": 421.9645892528895, "log10_alpha": -3.2354582423461897, "log10_colsample_bytree": -0.2941627634791619, "log10_eta": -3.7730588748533007, "log10_lambda": -3.425742315123192, "log10_min_child_weight": 3.696101785950659, "log10_subsample": -0.6585795042536869, "max_depth": 6.0, "num_boost_round": 3.0}, "datetime": {"datetime": "2024-01-19 01:52:35", "elapsed": 6060.163228, "delta": 0.003896}}
{"target": -17.677223482960468, "params": {"gamma": 421.9645892528895, "log10_alpha": -3.2354582423461897, "log10_colsample_bytree": -0.2941627634791619, "log10_eta": -3.7730588748533007, "log10_lambda": -3.425742315123192, "log10_min_child_weight": 3.696101785950659, "log10_subsample": -0.6585795042536869, "max_depth": 6.0, "num_boost_round": 4.0}, "datetime": {"datetime": "2024-01-19 01:52:35", "elapsed": 6060.167123, "delta": 0.003895}}
{"target": -17.67722387495513, "params": {"gamma": 421.9645892528895, "log10_alpha": -3.2354582423461897, "log10_colsample_bytree": -0.2941627634791619, "log10_eta": -3.7730588748533007, "log10_lambda": -3.425742315123192, "log10_min_child_weight": 3.696101785950659, "log10_subsample": -0.6585795042536869, "max_depth": 6.0, "num_boost_round": 5.0}, "datetime": {"datetime": "2024-01-19 01:52:35", "elapsed": 6060.171115, "delta": 0.003992}}
{"target": -17.67722097929725, "params": {"gamma": 421.9645892528895, "log10_alpha": -3.2354582423461897, "log10_colsample_bytree": -0.2941627634791619, "log10_eta": -3.7730588748533007, "log10_lambda": -3.425742315123192, "log10_min_child_weight": 3.696101785950659, "log10_subsample": -0.6585795042536869, "max_depth": 6.0, "num_boost_round": 6.0}, "datetime": {"datetime": "2024-01-19 01:52:35", "elapsed": 6060.175169, "delta": 0.004054}}
{"target": -17.677223946503325, "params": {"gamma": 421.9645892528895, "log10_alpha": -3.2354582423461897, "log10_colsample_bytree": -0.2941627634791619, "log10_eta": -3.7730588748533007, "log10_lambda": -3.425742315123192, "log10_min_child_weight": 3.696101785950659, "log10_subsample": -0.6585795042536869, "max_depth": 6.0, "num_boost_round": 7.0}, "datetime": {"datetime": "2024-01-19 01:52:35", "elapsed": 6060.179178, "delta": 0.004009}}
{"target": -17.677223414303754, "params": {"gamma": 421.9645892528895, "log10_alpha": -3.2354582423461897, "log10_colsample_bytree": -0.2941627634791619, "log10_eta": -3.7730588748533007, "log10_lambda": -3.425742315123192, "log10_min_child_weight": 3.696101785950659, "log10_subsample": -0.6585795042536869, "max_depth": 6.0, "num_boost_round": 8.0}, "datetime": {"datetime": "2024-01-19 01:52:35", "elapsed": 6060.18327, "delta": 0.004092}}
{"target": -17.67722026599861, "params": {"gamma": 421.9645892528895, "log10_alpha": -3.2354582423461897, "log10_colsample_bytree": -0.2941627634791619, "log10_eta": -3.7730588748533007, "log10_lambda": -3.425742315123192, "log10_min_child_weight": 3.696101785950659, "log10_subsample": -0.6585795042536869, "max_depth": 6.0, "num_boost_round": 9.0}, "datetime": {"datetime": "2024-01-19 01:52:35", "elapsed": 6060.187212, "delta": 0.003942}}
{"target": -17.677218032442383, "params": {"gamma": 421.9645892528895, "log10_alpha": -3.2354582423461897, "log10_colsample_bytree": -0.2941627634791619, "log10_eta": -3.7730588748533007, "log10_lambda": -3.425742315123192, "log10_min_child_weight": 3.696101785950659, "log10_subsample": -0.6585795042536869, "max_depth": 6.0, "num_boost_round": 10.0}, "datetime": {"datetime": "2024-01-19 01:52:35", "elapsed": 6060.191192, "delta": 0.00398}}
{"target": -17.677212959663184, "params": {"gamma": 421.9645892528895, "log10_alpha": -3.2354582423461897, "log10_colsample_bytree": -0.2941627634791619, "log10_eta": -3.7730588748533007, "log10_lambda": -3.425742315123192, "log10_min_child_weight": 3.696101785950659, "log10_subsample": -0.6585795042536869, "max_depth": 6.0, "num_boost_round": 11.0}, "datetime": {"datetime": "2024-01-19 01:52:35", "elapsed": 6060.195231, "delta": 0.004039}}
{"target": -17.677213979928567, "params": {"gamma": 421.9645892528895, "log10_alpha": -3.2354582423461897, "log10_colsample_bytree": -0.2941627634791619, "log10_eta": -3.7730588748533007, "log10_lambda": -3.425742315123192, "log10_min_child_weight": 3.696101785950659, "log10_subsample": -0.6585795042536869, "max_depth": 6.0, "num_boost_round": 12.0}, "datetime": {"datetime": "2024-01-19 01:52:35", "elapsed": 6060.199167, "delta": 0.003936}}
{"target": -17.677214791518036, "params": {"gamma": 421.9645892528895, "log10_alpha": -3.2354582423461897, "log10_colsample_bytree": -0.2941627634791619, "log10_eta": -3.7730588748533007, "log10_lambda": -3.425742315123192, "log10_min_child_weight": 3.696101785950659, "log10_subsample": -0.6585795042536869, "max_depth": 6.0, "num_boost_round": 13.0}, "datetime": {"datetime": "2024-01-19 01:52:35", "elapsed": 6060.203131, "delta": 0.003964}}
{"target": -17.67721979306992, "params": {"gamma": 421.9645892528895, "log10_alpha": -3.2354582423461897, "log10_colsample_bytree": -0.2941627634791619, "log10_eta": -3.7730588748533007, "log10_lambda": -3.425742315123192, "log10_min_child_weight": 3.696101785950659, "log10_subsample": -0.6585795042536869, "max_depth": 6.0, "num_boost_round": 14.0}, "datetime": {"datetime": "2024-01-19 01:52:35", "elapsed": 6060.207109, "delta": 0.003978}}
{"target": -17.677224494841756, "params": {"gamma": 431.4303297957597, "log10_alpha": -0.4041625409328624, "log10_colsample_bytree": -0.15876559535149104, "log10_eta": -3.5251668875312743, "log10_lambda": -0.4606083824570124, "log10_min_child_weight": 3.141010358918996, "log10_subsample": -0.40882918943805224, "max_depth": 6.0, "num_boost_round": 0.0}, "datetime": {"datetime": "2024-01-19 01:53:51", "elapsed": 6136.327847, "delta": 76.120738}}
{"target": -17.67721515841979, "params": {"gamma": 431.4303297957597, "log10_alpha": -0.4041625409328624, "log10_colsample_bytree": -0.15876559535149104, "log10_eta": -3.5251668875312743, "log10_lambda": -0.4606083824570124, "log10_min_child_weight": 3.141010358918996, "log10_subsample": -0.40882918943805224, "max_depth": 6.0, "num_boost_round": 1.0}, "datetime": {"datetime": "2024-01-19 01:53:51", "elapsed": 6136.332599, "delta": 0.004752}}
{"target": -17.67720494238231, "params": {"gamma": 431.4303297957597, "log10_alpha": -0.4041625409328624, "log10_colsample_bytree": -0.15876559535149104, "log10_eta": -3.5251668875312743, "log10_lambda": -0.4606083824570124, "log10_min_child_weight": 3.141010358918996, "log10_subsample": -0.40882918943805224, "max_depth": 6.0, "num_boost_round": 2.0}, "datetime": {"datetime": "2024-01-19 01:53:51", "elapsed": 6136.336625, "delta": 0.004026}}
