{"target": -17.677168572390702, "params": {"gamma": 971.2687462764344, "log10_alpha": 0.9509419840129283, "log10_colsample_bytree": -0.7671064059910748, "log10_eta": -3.240926837789877, "log10_lambda": -0.9371796152795318, "log10_min_child_weight": 2.4565948646194204, "log10_subsample": -0.15571517363652299, "max_depth": 2.0, "num_boost_round": 5.0}, "datetime": {"datetime": "2024-01-19 02:05:53", "elapsed": 6847.344317, "delta": 0.006701}}
{"target": -17.677156315986295, "params": {"gamma": 971.2687462764344, "log10_alpha": 0.9509419840129283, "log10_colsample_bytree": -0.7671064059910748, "log10_eta": -3.240926837789877, "log10_lambda": -0.9371796152795318, "log10_min_child_weight": 2.4565948646194204, "log10_subsample": -0.15571517363652299, "max_depth": 2.0, "num_boost_round": 6.0}, "datetime": {"datetime": "2024-01-19 02:05:53", "elapsed": 6847.350682, "delta": 0.006365}}
{"target": -17.677136149296334, "params": {"gamma": 971.2687462764344, "log10_alpha": 0.9509419840129283, "log10_colsample_bytree": -0.7671064059910748, "log10_eta": -3.240926837789877, "log10_lambda": -0.9371796152795318, "log10_min_child_weight": 2.4565948646194204, "log10_subsample": -0.15571517363652299, "max_depth": 2.0, "num_boost_round": 7.0}, "datetime": {"datetime": "2024-01-19 02:05:53", "elapsed": 6847.356731, "delta": 0.006049}}
{"target": -17.677140504483976, "params": {"gamma": 971.2687462764344, "log10_alpha": 0.9509419840129283, "log10_colsample_bytree": -0.7671064059910748, "log10_eta": -3.240926837789877, "log10_lambda": -0.9371796152795318, "log10_min_child_weight": 2.4565948646194204, "log10_subsample": -0.15571517363652299, "max_depth": 2.0, "num_boost_round": 8.0}, "datetime": {"datetime": "2024-01-19 02:05:53", "elapsed": 6847.362748, "delta": 0.006017}}
{"target": -17.677130838084985, "params": {"gamma": 971.2687462764344, "log10_alpha": 0.9509419840129283, "log10_colsample_bytree": -0.7671064059910748, "log10_eta": -3.240926837789877, "log10_lambda": -0.9371796152795318, "log10_min_child_weight": 2.4565948646194204, "log10_subsample": -0.15571517363652299, "max_depth": 2.0, "num_boost_round": 9.0}, "datetime": {"datetime": "2024-01-19 02:05:53", "elapsed": 6847.368731, "delta": 0.005983}}
{"target": -17.677113884998082, "params": {"gamma": 971.2687462764344, "log10_alpha": 0.9509419840129283, "log10_colsample_bytree": -0.7671064059910748, "log10_eta": -3.240926837789877, "log10_lambda": -0.9371796152795318, "log10_min_child_weight": 2.4565948646194204, "log10_subsample": -0.15571517363652299, "max_depth": 2.0, "num_boost_round": 10.0}, "datetime": {"datetime": "2024-01-19 02:05:53", "elapsed": 6847.374647, "delta": 0.005916}}
{"target": -17.67709879584138, "params": {"gamma": 971.2687462764344, "log10_alpha": 0.9509419840129283, "log10_colsample_bytree": -0.7671064059910748, "log10_eta": -3.240926837789877, "log10_lambda": -0.9371796152795318, "log10_min_child_weight": 2.4565948646194204, "log10_subsample": -0.15571517363652299, "max_depth": 2.0, "num_boost_round": 11.0}, "datetime": {"datetime": "2024-01-19 02:05:53", "elapsed": 6847.380665, "delta": 0.006018}}
{"target": -17.677085383745748, "params": {"gamma": 971.2687462764344, "log10_alpha": 0.9509419840129283, "log10_colsample_bytree": -0.7671064059910748, "log10_eta": -3.240926837789877, "log10_lambda": -0.9371796152795318, "log10_min_child_weight": 2.4565948646194204, "log10_subsample": -0.15571517363652299, "max_depth": 2.0, "num_boost_round": 12.0}, "datetime": {"datetime": "2024-01-19 02:05:53", "elapsed": 6847.386646, "delta": 0.005981}}
{"target": -17.677069136875648, "params": {"gamma": 971.2687462764344, "log10_alpha": 0.9509419840129283, "log10_colsample_bytree": -0.7671064059910748, "log10_eta": -3.240926837789877, "log10_lambda": -0.9371796152795318, "log10_min_child_weight": 2.4565948646194204, "log10_subsample": -0.15571517363652299, "max_depth": 2.0, "num_boost_round": 13.0}, "datetime": {"datetime": "2024-01-19 02:05:53", "elapsed": 6847.392647, "delta": 0.006001}}
{"target": -17.67706606958853, "params": {"gamma": 971.2687462764344, "log10_alpha": 0.9509419840129283, "log10_colsample_bytree": -0.7671064059910748, "log10_eta": -3.240926837789877, "log10_lambda": -0.9371796152795318, "log10_min_child_weight": 2.4565948646194204, "log10_subsample": -0.15571517363652299, "max_depth": 2.0, "num_boost_round": 14.0}, "datetime": {"datetime": "2024-01-19 02:05:53", "elapsed": 6847.398658, "delta": 0.006011}}
{"target": -17.67704754530629, "params": {"gamma": 971.2687462764344, "log10_alpha": 0.9509419840129283, "log10_colsample_bytree": -0.7671064059910748, "log10_eta": -3.240926837789877, "log10_lambda": -0.9371796152795318, "log10_min_child_weight": 2.4565948646194204, "log10_subsample": -0.15571517363652299, "max_depth": 2.0, "num_boost_round": 15.0}, "datetime": {"datetime": "2024-01-19 02:05:53", "elapsed": 6847.404652, "delta": 0.005994}}
{"target": -17.67703775015818, "params": {"gamma": 971.2687462764344, "log10_alpha": 0.9509419840129283, "log10_colsample_bytree": -0.7671064059910748, "log10_eta": -3.240926837789877, "log10_lambda": -0.9371796152795318, "log10_min_child_weight": 2.4565948646194204, "log10_subsample": -0.15571517363652299, "max_depth": 2.0, "num_boost_round": 16.0}, "datetime": {"datetime": "2024-01-19 02:05:53", "elapsed": 6847.410643, "delta": 0.005991}}
{"target": -17.67701977191641, "params": {"gamma": 971.2687462764344, "log10_alpha": 0.9509419840129283, "log10_colsample_bytree": -0.7671064059910748, "log10_eta": -3.240926837789877, "log10_lambda": -0.9371796152795318, "log10_min_child_weight": 2.4565948646194204, "log10_subsample": -0.15571517363652299, "max_depth": 2.0, "num_boost_round": 17.0}, "datetime": {"datetime": "2024-01-19 02:05:53", "elapsed": 6847.416678, "delta": 0.006035}}
{"target": -17.677009837083254, "params": {"gamma": 971.2687462764344, "log10_alpha": 0.9509419840129283, "log10_colsample_bytree": -0.7671064059910748, "log10_eta": -3.240926837789877, "log10_lambda": -0.9371796152795318, "log10_min_child_weight": 2.4565948646194204, "log10_subsample": -0.15571517363652299, "max_depth": 2.0, "num_boost_round": 18.0}, "datetime": {"datetime": "2024-01-19 02:05:53", "elapsed": 6847.422599, "delta": 0.005921}}
{"target": -17.67700798803553, "params": {"gamma": 971.2687462764344, "log10_alpha": 0.9509419840129283, "log10_colsample_bytree": -0.7671064059910748, "log10_eta": -3.240926837789877, "log10_lambda": -0.9371796152795318, "log10_min_child_weight": 2.4565948646194204, "log10_subsample": -0.15571517363652299, "max_depth": 2.0, "num_boost_round": 19.0}, "datetime": {"datetime": "2024-01-19 02:05:53", "elapsed": 6847.428614, "delta": 0.006015}}
{"target": -17.67699949477601, "params": {"gamma": 971.2687462764344, "log10_alpha": 0.9509419840129283, "log10_colsample_bytree": -0.7671064059910748, "log10_eta": -3.240926837789877, "log10_lambda": -0.9371796152795318, "log10_min_child_weight": 2.4565948646194204, "log10_subsample": -0.15571517363652299, "max_depth": 2.0, "num_boost_round": 20.0}, "datetime": {"datetime": "2024-01-19 02:05:53", "elapsed": 6847.43462, "delta": 0.006006}}
{"target": -17.67698092615635, "params": {"gamma": 971.2687462764344, "log10_alpha": 0.9509419840129283, "log10_colsample_bytree": -0.7671064059910748, "log10_eta": -3.240926837789877, "log10_lambda": -0.9371796152795318, "log10_min_child_weight": 2.4565948646194204, "log10_subsample": -0.15571517363652299, "max_depth": 2.0, "num_boost_round": 21.0}, "datetime": {"datetime": "2024-01-19 02:05:53", "elapsed": 6847.440571, "delta": 0.005951}}
{"target": -17.676971240558508, "params": {"gamma": 971.2687462764344, "log10_alpha": 0.9509419840129283, "log10_colsample_bytree": -0.7671064059910748, "log10_eta": -3.240926837789877, "log10_lambda": -0.9371796152795318, "log10_min_child_weight": 2.4565948646194204, "log10_subsample": -0.15571517363652299, "max_depth": 2.0, "num_boost_round": 22.0}, "datetime": {"datetime": "2024-01-19 02:05:53", "elapsed": 6847.446545, "delta": 0.005974}}
{"target": -17.67695431187779, "params": {"gamma": 971.2687462764344, "log10_alpha": 0.9509419840129283, "log10_colsample_bytree": -0.7671064059910748, "log10_eta": -3.240926837789877, "log10_lambda": -0.9371796152795318, "log10_min_child_weight": 2.4565948646194204, "log10_subsample": -0.15571517363652299, "max_depth": 2.0, "num_boost_round": 23.0}, "datetime": {"datetime": "2024-01-19 02:05:53", "elapsed": 6847.452496, "delta": 0.005951}}
{"target": -17.67694758445449, "params": {"gamma": 971.2687462764344, "log10_alpha": 0.9509419840129283, "log10_colsample_bytree": -0.7671064059910748, "log10_eta": -3.240926837789877, "log10_lambda": -0.9371796152795318, "log10_min_child_weight": 2.4565948646194204, "log10_subsample": -0.15571517363652299, "max_depth": 2.0, "num_boost_round": 24.0}, "datetime": {"datetime": "2024-01-19 02:05:53", "elapsed": 6847.458438, "delta": 0.005942}}
{"target": -17.676923890183595, "params": {"gamma": 971.2687462764344, "log10_alpha": 0.9509419840129283, "log10_colsample_bytree": -0.7671064059910748, "log10_eta": -3.240926837789877, "log10_lambda": -0.9371796152795318, "log10_min_child_weight": 2.4565948646194204, "log10_subsample": -0.15571517363652299, "max_depth": 2.0, "num_boost_round": 25.0}, "datetime": {"datetime": "2024-01-19 02:05:53", "elapsed": 6847.464383, "delta": 0.005945}}
{"target": -17.676917445487963, "params": {"gamma": 971.2687462764344, "log10_alpha": 0.9509419840129283, "log10_colsample_bytree": -0.7671064059910748, "log10_eta": -3.240926837789877, "log10_lambda": -0.9371796152795318, "log10_min_child_weight": 2.4565948646194204, "log10_subsample": -0.15571517363652299, "max_depth": 2.0, "num_boost_round": 26.0}, "datetime": {"datetime": "2024-01-19 02:05:53", "elapsed": 6847.470303, "delta": 0.00592}}
{"target": -17.676906253572565, "params": {"gamma": 971.2687462764344, "log10_alpha": 0.9509419840129283, "log10_colsample_bytree": -0.7671064059910748, "log10_eta": -3.240926837789877, "log10_lambda": -0.9371796152795318, "log10_min_child_weight": 2.4565948646194204, "log10_subsample": -0.15571517363652299, "max_depth": 2.0, "num_boost_round": 27.0}, "datetime": {"datetime": "2024-01-19 02:05:53", "elapsed": 6847.476297, "delta": 0.005994}}
{"target": -17.676882751147122, "params": {"gamma": 971.2687462764344, "log10_alpha": 0.9509419840129283, "log10_colsample_bytree": -0.7671064059910748, "log10_eta": -3.240926837789877, "log10_lambda": -0.9371796152795318, "log10_min_child_weight": 2.4565948646194204, "log10_subsample": -0.15571517363652299, "max_depth": 2.0, "num_boost_round": 28.0}, "datetime": {"datetime": "2024-01-19 02:05:53", "elapsed": 6847.483167, "delta": 0.00687}}
{"target": -17.676868621839592, "params": {"gamma": 971.2687462764344, "log10_alpha": 0.9509419840129283, "log10_colsample_bytree": -0.7671064059910748, "log10_eta": -3.240926837789877, "log10_lambda": -0.9371796152795318, "log10_min_child_weight": 2.4565948646194204, "log10_subsample": -0.15571517363652299, "max_depth": 2.0, "num_boost_round": 29.0}, "datetime": {"datetime": "2024-01-19 02:05:53", "elapsed": 6847.489451, "delta": 0.006284}}
{"target": -17.676863580198507, "params": {"gamma": 971.2687462764344, "log10_alpha": 0.9509419840129283, "log10_colsample_bytree": -0.7671064059910748, "log10_eta": -3.240926837789877, "log10_lambda": -0.9371796152795318, "log10_min_child_weight": 2.4565948646194204, "log10_subsample": -0.15571517363652299, "max_depth": 2.0, "num_boost_round": 30.0}, "datetime": {"datetime": "2024-01-19 02:05:53", "elapsed": 6847.495544, "delta": 0.006093}}
{"target": -17.676848845624654, "params": {"gamma": 971.2687462764344, "log10_alpha": 0.9509419840129283, "log10_colsample_bytree": -0.7671064059910748, "log10_eta": -3.240926837789877, "log10_lambda": -0.9371796152795318, "log10_min_child_weight": 2.4565948646194204, "log10_subsample": -0.15571517363652299, "max_depth": 2.0, "num_boost_round": 31.0}, "datetime": {"datetime": "2024-01-19 02:05:53", "elapsed": 6847.501731, "delta": 0.006187}}
{"target": -17.676839045794875, "params": {"gamma": 971.2687462764344, "log10_alpha": 0.9509419840129283, "log10_colsample_bytree": -0.7671064059910748, "log10_eta": -3.240926837789877, "log10_lambda": -0.9371796152795318, "log10_min_child_weight": 2.4565948646194204, "log10_subsample": -0.15571517363652299, "max_depth": 2.0, "num_boost_round": 32.0}, "datetime": {"datetime": "2024-01-19 02:05:53", "elapsed": 6847.507589, "delta": 0.005858}}
{"target": -17.676822725149098, "params": {"gamma": 971.2687462764344, "log10_alpha": 0.9509419840129283, "log10_colsample_bytree": -0.7671064059910748, "log10_eta": -3.240926837789877, "log10_lambda": -0.9371796152795318, "log10_min_child_weight": 2.4565948646194204, "log10_subsample": -0.15571517363652299, "max_depth": 2.0, "num_boost_round": 33.0}, "datetime": {"datetime": "2024-01-19 02:05:53", "elapsed": 6847.513661, "delta": 0.006072}}
{"target": -17.67680398256114, "params": {"gamma": 971.2687462764344, "log10_alpha": 0.9509419840129283, "log10_colsample_bytree": -0.7671064059910748, "log10_eta": -3.240926837789877, "log10_lambda": -0.9371796152795318, "log10_min_child_weight": 2.4565948646194204, "log10_subsample": -0.15571517363652299, "max_depth": 2.0, "num_boost_round": 34.0}, "datetime": {"datetime": "2024-01-19 02:05:53", "elapsed": 6847.519782, "delta": 0.006121}}
{"target": -17.676793457946054, "params": {"gamma": 971.2687462764344, "log10_alpha": 0.9509419840129283, "log10_colsample_bytree": -0.7671064059910748, "log10_eta": -3.240926837789877, "log10_lambda": -0.9371796152795318, "log10_min_child_weight": 2.4565948646194204, "log10_subsample": -0.15571517363652299, "max_depth": 2.0, "num_boost_round": 35.0}, "datetime": {"datetime": "2024-01-19 02:05:53", "elapsed": 6847.525727, "delta": 0.005945}}
{"target": -17.67677559131611, "params": {"gamma": 971.2687462764344, "log10_alpha": 0.9509419840129283, "log10_colsample_bytree": -0.7671064059910748, "log10_eta": -3.240926837789877, "log10_lambda": -0.9371796152795318, "log10_min_child_weight": 2.4565948646194204, "log10_subsample": -0.15571517363652299, "max_depth": 2.0, "num_boost_round": 36.0}, "datetime": {"datetime": "2024-01-19 02:05:53", "elapsed": 6847.531724, "delta": 0.005997}}
{"target": -17.6767723250359, "params": {"gamma": 971.2687462764344, "log10_alpha": 0.9509419840129283, "log10_colsample_bytree": -0.7671064059910748, "log10_eta": -3.240926837789877, "log10_lambda": -0.9371796152795318, "log10_min_child_weight": 2.4565948646194204, "log10_subsample": -0.15571517363652299, "max_depth": 2.0, "num_boost_round": 37.0}, "datetime": {"datetime": "2024-01-19 02:05:53", "elapsed": 6847.537607, "delta": 0.005883}}
{"target": -17.67675673523981, "params": {"gamma": 971.2687462764344, "log10_alpha": 0.9509419840129283, "log10_colsample_bytree": -0.7671064059910748, "log10_eta": -3.240926837789877, "log10_lambda": -0.9371796152795318, "log10_min_child_weight": 2.4565948646194204, "log10_subsample": -0.15571517363652299, "max_depth": 2.0, "num_boost_round": 38.0}, "datetime": {"datetime": "2024-01-19 02:05:53", "elapsed": 6847.543493, "delta": 0.005886}}
{"target": -17.67674776975218, "params": {"gamma": 971.2687462764344, "log10_alpha": 0.9509419840129283, "log10_colsample_bytree": -0.7671064059910748, "log10_eta": -3.240926837789877, "log10_lambda": -0.9371796152795318, "log10_min_child_weight": 2.4565948646194204, "log10_subsample": -0.15571517363652299, "max_depth": 2.0, "num_boost_round": 39.0}, "datetime": {"datetime": "2024-01-19 02:05:53", "elapsed": 6847.549487, "delta": 0.005994}}
{"target": -17.676737036981624, "params": {"gamma": 971.2687462764344, "log10_alpha": 0.9509419840129283, "log10_colsample_bytree": -0.7671064059910748, "log10_eta": -3.240926837789877, "log10_lambda": -0.9371796152795318, "log10_min_child_weight": 2.4565948646194204, "log10_subsample": -0.15571517363652299, "max_depth": 2.0, "num_boost_round": 40.0}, "datetime": {"datetime": "2024-01-19 02:05:53", "elapsed": 6847.55534, "delta": 0.005853}}
{"target": -17.676737270450882, "params": {"gamma": 971.2687462764344, "log10_alpha": 0.9509419840129283, "log10_colsample_bytree": -0.7671064059910748, "log10_eta": -3.240926837789877, "log10_lambda": -0.9371796152795318, "log10_min_child_weight": 2.4565948646194204, "log10_subsample": -0.15571517363652299, "max_depth": 2.0, "num_boost_round": 41.0}, "datetime": {"datetime": "2024-01-19 02:05:53", "elapsed": 6847.561193, "delta": 0.005853}}
{"target": -17.676725712072543, "params": {"gamma": 971.2687462764344, "log10_alpha": 0.9509419840129283, "log10_colsample_bytree": -0.7671064059910748, "log10_eta": -3.240926837789877, "log10_lambda": -0.9371796152795318, "log10_min_child_weight": 2.4565948646194204, "log10_subsample": -0.15571517363652299, "max_depth": 2.0, "num_boost_round": 42.0}, "datetime": {"datetime": "2024-01-19 02:05:53", "elapsed": 6847.567244, "delta": 0.006051}}
{"target": -17.676713740387935, "params": {"gamma": 971.2687462764344, "log10_alpha": 0.9509419840129283, "log10_colsample_bytree": -0.7671064059910748, "log10_eta": -3.240926837789877, "log10_lambda": -0.9371796152795318, "log10_min_child_weight": 2.4565948646194204, "log10_subsample": -0.15571517363652299, "max_depth": 2.0, "num_boost_round": 43.0}, "datetime": {"datetime": "2024-01-19 02:05:53", "elapsed": 6847.573317, "delta": 0.006073}}
{"target": -17.67670223801682, "params": {"gamma": 971.2687462764344, "log10_alpha": 0.9509419840129283, "log10_colsample_bytree": -0.7671064059910748, "log10_eta": -3.240926837789877, "log10_lambda": -0.9371796152795318, "log10_min_child_weight": 2.4565948646194204, "log10_subsample": -0.15571517363652299, "max_depth": 2.0, "num_boost_round": 44.0}, "datetime": {"datetime": "2024-01-19 02:05:53", "elapsed": 6847.579175, "delta": 0.005858}}
{"target": -17.676686459369506, "params": {"gamma": 971.2687462764344, "log10_alpha": 0.9509419840129283, "log10_colsample_bytree": -0.7671064059910748, "log10_eta": -3.240926837789877, "log10_lambda": -0.9371796152795318, "log10_min_child_weight": 2.4565948646194204, "log10_subsample": -0.15571517363652299, "max_depth": 2.0, "num_boost_round": 45.0}, "datetime": {"datetime": "2024-01-19 02:05:53", "elapsed": 6847.585052, "delta": 0.005877}}
{"target": -17.67721640427001, "params": {"gamma": 954.1345608089389, "log10_alpha": -3.4917914057157686, "log10_colsample_bytree": -0.13961596205171223, "log10_eta": -3.7227208915920404, "log10_lambda": -3.7185789696283287, "log10_min_child_weight": 1.0958850987922104, "log10_subsample": -0.9816849487423296, "max_depth": 5.0, "num_boost_round": 0.0}, "datetime": {"datetime": "2024-01-19 02:07:44", "elapsed": 6958.248016, "delta": 110.662964}}
{"target": -17.677205215741644, "params": {"gamma": 954.1345608089389, "log10_alpha": -3.4917914057157686, "log10_colsample_bytree": -0.13961596205171223, "log10_eta": -3.7227208915920404, "log10_lambda": -3.7185789696283287, "log10_min_child_weight": 1.0958850987922104, "log10_subsample": -0.9816849487423296, "max_depth": 5.0, "num_boost_round": 1.0}, "datetime": {"datetime": "2024-01-19 02:07:44", "elapsed": 6958.254466, "delta": 0.00645}}
{"target": -17.677196010642483, "params": {"gamma": 954.1345608089389, "log10_alpha": -3.4917914057157686, "log10_colsample_bytree": -0.13961596205171223, "log10_eta": -3.7227208915920404, "log10_lambda": -3.7185789696283287, "log10_min_child_weight": 1.0958850987922104, "log10_subsample": -0.9816849487423296, "max_depth": 5.0, "num_boost_round": 2.0}, "datetime": {"datetime": "2024-01-19 02:07:44", "elapsed": 6958.260598, "delta": 0.006132}}
{"target": -17.677186883317884, "params": {"gamma": 954.1345608089389, "log10_alpha": -3.4917914057157686, "log10_colsample_bytree": -0.13961596205171223, "log10_eta": -3.7227208915920404, "log10_lambda": -3.7185789696283287, "log10_min_child_weight": 1.0958850987922104, "log10_subsample": -0.9816849487423296, "max_depth": 5.0, "num_boost_round": 3.0}, "datetime": {"datetime": "2024-01-19 02:07:44", "elapsed": 6958.26682, "delta": 0.006222}}
{"target": -17.6771753729492, "params": {"gamma": 954.1345608089389, "log10_alpha": -3.4917914057157686, "log10_colsample_bytree": -0.13961596205171223, "log10_eta": -3.7227208915920404, "log10_lambda": -3.7185789696283287, "log10_min_child_weight": 1.0958850987922104, "log10_subsample": -0.9816849487423296, "max_depth": 5.0, "num_boost_round": 4.0}, "datetime": {"datetime": "2024-01-19 02:07:44", "elapsed": 6958.273038, "delta": 0.006218}}
{"target": -17.677174267489, "params": {"gamma": 954.1345608089389, "log10_alpha": -3.4917914057157686, "log10_colsample_bytree": -0.13961596205171223, "log10_eta": -3.7227208915920404, "log10_lambda": -3.7185789696283287, "log10_min_child_weight": 1.0958850987922104, "log10_subsample": -0.9816849487423296, "max_depth": 5.0, "num_boost_round": 5.0}, "datetime": {"datetime": "2024-01-19 02:07:44", "elapsed": 6958.279115, "delta": 0.006077}}
{"target": -17.677171088763444, "params": {"gamma": 954.1345608089389, "log10_alpha": -3.4917914057157686, "log10_colsample_bytree": -0.13961596205171223, "log10_eta": -3.7227208915920404, "log10_lambda": -3.7185789696283287, "log10_min_child_weight": 1.0958850987922104, "log10_subsample": -0.9816849487423296, "max_depth": 5.0, "num_boost_round": 6.0}, "datetime": {"datetime": "2024-01-19 02:07:44", "elapsed": 6958.416927, "delta": 0.137812}}
{"target": -17.677156017740263, "params": {"gamma": 954.1345608089389, "log10_alpha": -3.4917914057157686, "log10_colsample_bytree": -0.13961596205171223, "log10_eta": -3.7227208915920404, "log10_lambda": -3.7185789696283287, "log10_min_child_weight": 1.0958850987922104, "log10_subsample": -0.9816849487423296, "max_depth": 5.0, "num_boost_round": 7.0}, "datetime": {"datetime": "2024-01-19 02:07:44", "elapsed": 6958.424609, "delta": 0.007682}}
