{"target": -17.675463647363337, "params": {"gamma": 836.2360324751938, "log10_alpha": -3.4607850118986763, "log10_colsample_bytree": -0.677776989283333, "log10_eta": -2.9054686337240927, "log10_lambda": 0.026857601484786997, "log10_min_child_weight": 2.61838944696819, "log10_subsample": -0.0296684301472262, "max_depth": 8.0, "num_boost_round": 29.0}, "datetime": {"datetime": "2024-01-19 01:39:09", "elapsed": 5234.345583, "delta": 0.006482}}
{"target": -17.675444122575538, "params": {"gamma": 836.2360324751938, "log10_alpha": -3.4607850118986763, "log10_colsample_bytree": -0.677776989283333, "log10_eta": -2.9054686337240927, "log10_lambda": 0.026857601484786997, "log10_min_child_weight": 2.61838944696819, "log10_subsample": -0.0296684301472262, "max_depth": 8.0, "num_boost_round": 30.0}, "datetime": {"datetime": "2024-01-19 01:39:09", "elapsed": 5234.351618, "delta": 0.006035}}
{"target": -17.675315065817777, "params": {"gamma": 836.2360324751938, "log10_alpha": -3.4607850118986763, "log10_colsample_bytree": -0.677776989283333, "log10_eta": -2.9054686337240927, "log10_lambda": 0.026857601484786997, "log10_min_child_weight": 2.61838944696819, "log10_subsample": -0.0296684301472262, "max_depth": 8.0, "num_boost_round": 31.0}, "datetime": {"datetime": "2024-01-19 01:39:09", "elapsed": 5234.357575, "delta": 0.005957}}
{"target": -17.675265699789744, "params": {"gamma": 836.2360324751938, "log10_alpha": -3.4607850118986763, "log10_colsample_bytree": -0.677776989283333, "log10_eta": -2.9054686337240927, "log10_lambda": 0.026857601484786997, "log10_min_child_weight": 2.61838944696819, "log10_subsample": -0.0296684301472262, "max_depth": 8.0, "num_boost_round": 32.0}, "datetime": {"datetime": "2024-01-19 01:39:09", "elapsed": 5234.363309, "delta": 0.005734}}
{"target": -17.675218116439275, "params": {"gamma": 836.2360324751938, "log10_alpha": -3.4607850118986763, "log10_colsample_bytree": -0.677776989283333, "log10_eta": -2.9054686337240927, "log10_lambda": 0.026857601484786997, "log10_min_child_weight": 2.61838944696819, "log10_subsample": -0.0296684301472262, "max_depth": 8.0, "num_boost_round": 33.0}, "datetime": {"datetime": "2024-01-19 01:39:09", "elapsed": 5234.369013, "delta": 0.005704}}
{"target": -17.675145017199473, "params": {"gamma": 836.2360324751938, "log10_alpha": -3.4607850118986763, "log10_colsample_bytree": -0.677776989283333, "log10_eta": -2.9054686337240927, "log10_lambda": 0.026857601484786997, "log10_min_child_weight": 2.61838944696819, "log10_subsample": -0.0296684301472262, "max_depth": 8.0, "num_boost_round": 34.0}, "datetime": {"datetime": "2024-01-19 01:39:09", "elapsed": 5234.374704, "delta": 0.005691}}
{"target": -17.675087379898216, "params": {"gamma": 836.2360324751938, "log10_alpha": -3.4607850118986763, "log10_colsample_bytree": -0.677776989283333, "log10_eta": -2.9054686337240927, "log10_lambda": 0.026857601484786997, "log10_min_child_weight": 2.61838944696819, "log10_subsample": -0.0296684301472262, "max_depth": 8.0, "num_boost_round": 35.0}, "datetime": {"datetime": "2024-01-19 01:39:09", "elapsed": 5234.380426, "delta": 0.005722}}
{"target": -17.67718485368628, "params": {"gamma": 840.8418709073107, "log10_alpha": -2.6966740659253308, "log10_colsample_bytree": -0.1644850796123808, "log10_eta": -3.0651584098325353, "log10_lambda": -4.11706324290559, "log10_min_child_weight": 0.8087661089320214, "log10_subsample": -0.025064177182257064, "max_depth": 9.0, "num_boost_round": 0.0}, "datetime": {"datetime": "2024-01-19 01:41:45", "elapsed": 5390.244996, "delta": 155.86457}}
{"target": -17.677148839215583, "params": {"gamma": 840.8418709073107, "log10_alpha": -2.6966740659253308, "log10_colsample_bytree": -0.1644850796123808, "log10_eta": -3.0651584098325353, "log10_lambda": -4.11706324290559, "log10_min_child_weight": 0.8087661089320214, "log10_subsample": -0.025064177182257064, "max_depth": 9.0, "num_boost_round": 1.0}, "datetime": {"datetime": "2024-01-19 01:41:45", "elapsed": 5390.25172, "delta": 0.006724}}
{"target": -17.677076444141104, "params": {"gamma": 840.8418709073107, "log10_alpha": -2.6966740659253308, "log10_colsample_bytree": -0.1644850796123808, "log10_eta": -3.0651584098325353, "log10_lambda": -4.11706324290559, "log10_min_child_weight": 0.8087661089320214, "log10_subsample": -0.025064177182257064, "max_depth": 9.0, "num_boost_round": 2.0}, "datetime": {"datetime": "2024-01-19 01:41:45", "elapsed": 5390.257948, "delta": 0.006228}}
{"target": -17.67704151164906, "params": {"gamma": 840.8418709073107, "log10_alpha": -2.6966740659253308, "log10_colsample_bytree": -0.1644850796123808, "log10_eta": -3.0651584098325353, "log10_lambda": -4.11706324290559, "log10_min_child_weight": 0.8087661089320214, "log10_subsample": -0.025064177182257064, "max_depth": 9.0, "num_boost_round": 3.0}, "datetime": {"datetime": "2024-01-19 01:41:45", "elapsed": 5390.26397, "delta": 0.006022}}
{"target": -17.677019094542125, "params": {"gamma": 840.8418709073107, "log10_alpha": -2.6966740659253308, "log10_colsample_bytree": -0.1644850796123808, "log10_eta": -3.0651584098325353, "log10_lambda": -4.11706324290559, "log10_min_child_weight": 0.8087661089320214, "log10_subsample": -0.025064177182257064, "max_depth": 9.0, "num_boost_round": 4.0}, "datetime": {"datetime": "2024-01-19 01:41:45", "elapsed": 5390.270246, "delta": 0.006276}}
{"target": -17.677009876781185, "params": {"gamma": 840.8418709073107, "log10_alpha": -2.6966740659253308, "log10_colsample_bytree": -0.1644850796123808, "log10_eta": -3.0651584098325353, "log10_lambda": -4.11706324290559, "log10_min_child_weight": 0.8087661089320214, "log10_subsample": -0.025064177182257064, "max_depth": 9.0, "num_boost_round": 5.0}, "datetime": {"datetime": "2024-01-19 01:41:45", "elapsed": 5390.276303, "delta": 0.006057}}
{"target": -17.676985066581775, "params": {"gamma": 840.8418709073107, "log10_alpha": -2.6966740659253308, "log10_colsample_bytree": -0.1644850796123808, "log10_eta": -3.0651584098325353, "log10_lambda": -4.11706324290559, "log10_min_child_weight": 0.8087661089320214, "log10_subsample": -0.025064177182257064, "max_depth": 9.0, "num_boost_round": 6.0}, "datetime": {"datetime": "2024-01-19 01:41:45", "elapsed": 5390.282393, "delta": 0.00609}}
{"target": -17.676917784656823, "params": {"gamma": 840.8418709073107, "log10_alpha": -2.6966740659253308, "log10_colsample_bytree": -0.1644850796123808, "log10_eta": -3.0651584098325353, "log10_lambda": -4.11706324290559, "log10_min_child_weight": 0.8087661089320214, "log10_subsample": -0.025064177182257064, "max_depth": 9.0, "num_boost_round": 7.0}, "datetime": {"datetime": "2024-01-19 01:41:45", "elapsed": 5390.288358, "delta": 0.005965}}
{"target": -17.676819070328005, "params": {"gamma": 840.8418709073107, "log10_alpha": -2.6966740659253308, "log10_colsample_bytree": -0.1644850796123808, "log10_eta": -3.0651584098325353, "log10_lambda": -4.11706324290559, "log10_min_child_weight": 0.8087661089320214, "log10_subsample": -0.025064177182257064, "max_depth": 9.0, "num_boost_round": 8.0}, "datetime": {"datetime": "2024-01-19 01:41:45", "elapsed": 5390.294326, "delta": 0.005968}}
{"target": -17.676780874196645, "params": {"gamma": 840.8418709073107, "log10_alpha": -2.6966740659253308, "log10_colsample_bytree": -0.1644850796123808, "log10_eta": -3.0651584098325353, "log10_lambda": -4.11706324290559, "log10_min_child_weight": 0.8087661089320214, "log10_subsample": -0.025064177182257064, "max_depth": 9.0, "num_boost_round": 9.0}, "datetime": {"datetime": "2024-01-19 01:41:45", "elapsed": 5390.300361, "delta": 0.006035}}
{"target": -17.67673253164547, "params": {"gamma": 840.8418709073107, "log10_alpha": -2.6966740659253308, "log10_colsample_bytree": -0.1644850796123808, "log10_eta": -3.0651584098325353, "log10_lambda": -4.11706324290559, "log10_min_child_weight": 0.8087661089320214, "log10_subsample": -0.025064177182257064, "max_depth": 9.0, "num_boost_round": 10.0}, "datetime": {"datetime": "2024-01-19 01:41:45", "elapsed": 5390.306475, "delta": 0.006114}}
{"target": -17.67656935017001, "params": {"gamma": 840.8418709073107, "log10_alpha": -2.6966740659253308, "log10_colsample_bytree": -0.1644850796123808, "log10_eta": -3.0651584098325353, "log10_lambda": -4.11706324290559, "log10_min_child_weight": 0.8087661089320214, "log10_subsample": -0.025064177182257064, "max_depth": 9.0, "num_boost_round": 11.0}, "datetime": {"datetime": "2024-01-19 01:41:45", "elapsed": 5390.313356, "delta": 0.006881}}
{"target": -17.676592953676078, "params": {"gamma": 840.8418709073107, "log10_alpha": -2.6966740659253308, "log10_colsample_bytree": -0.1644850796123808, "log10_eta": -3.0651584098325353, "log10_lambda": -4.11706324290559, "log10_min_child_weight": 0.8087661089320214, "log10_subsample": -0.025064177182257064, "max_depth": 9.0, "num_boost_round": 12.0}, "datetime": {"datetime": "2024-01-19 01:41:45", "elapsed": 5390.320193, "delta": 0.006837}}
{"target": -17.676553562153966, "params": {"gamma": 840.8418709073107, "log10_alpha": -2.6966740659253308, "log10_colsample_bytree": -0.1644850796123808, "log10_eta": -3.0651584098325353, "log10_lambda": -4.11706324290559, "log10_min_child_weight": 0.8087661089320214, "log10_subsample": -0.025064177182257064, "max_depth": 9.0, "num_boost_round": 13.0}, "datetime": {"datetime": "2024-01-19 01:41:45", "elapsed": 5390.326296, "delta": 0.006103}}
{"target": -17.676492796215417, "params": {"gamma": 840.8418709073107, "log10_alpha": -2.6966740659253308, "log10_colsample_bytree": -0.1644850796123808, "log10_eta": -3.0651584098325353, "log10_lambda": -4.11706324290559, "log10_min_child_weight": 0.8087661089320214, "log10_subsample": -0.025064177182257064, "max_depth": 9.0, "num_boost_round": 14.0}, "datetime": {"datetime": "2024-01-19 01:41:45", "elapsed": 5390.332416, "delta": 0.00612}}
{"target": -17.67643946419401, "params": {"gamma": 840.8418709073107, "log10_alpha": -2.6966740659253308, "log10_colsample_bytree": -0.1644850796123808, "log10_eta": -3.0651584098325353, "log10_lambda": -4.11706324290559, "log10_min_child_weight": 0.8087661089320214, "log10_subsample": -0.025064177182257064, "max_depth": 9.0, "num_boost_round": 15.0}, "datetime": {"datetime": "2024-01-19 01:41:45", "elapsed": 5390.470437, "delta": 0.138021}}
{"target": -17.676357476321062, "params": {"gamma": 840.8418709073107, "log10_alpha": -2.6966740659253308, "log10_colsample_bytree": -0.1644850796123808, "log10_eta": -3.0651584098325353, "log10_lambda": -4.11706324290559, "log10_min_child_weight": 0.8087661089320214, "log10_subsample": -0.025064177182257064, "max_depth": 9.0, "num_boost_round": 16.0}, "datetime": {"datetime": "2024-01-19 01:41:45", "elapsed": 5390.47735, "delta": 0.006913}}
{"target": -17.676296008744508, "params": {"gamma": 840.8418709073107, "log10_alpha": -2.6966740659253308, "log10_colsample_bytree": -0.1644850796123808, "log10_eta": -3.0651584098325353, "log10_lambda": -4.11706324290559, "log10_min_child_weight": 0.8087661089320214, "log10_subsample": -0.025064177182257064, "max_depth": 9.0, "num_boost_round": 17.0}, "datetime": {"datetime": "2024-01-19 01:41:45", "elapsed": 5390.484241, "delta": 0.006891}}
{"target": -17.676270932164385, "params": {"gamma": 840.8418709073107, "log10_alpha": -2.6966740659253308, "log10_colsample_bytree": -0.1644850796123808, "log10_eta": -3.0651584098325353, "log10_lambda": -4.11706324290559, "log10_min_child_weight": 0.8087661089320214, "log10_subsample": -0.025064177182257064, "max_depth": 9.0, "num_boost_round": 18.0}, "datetime": {"datetime": "2024-01-19 01:41:45", "elapsed": 5390.490734, "delta": 0.006493}}
{"target": -17.676279648643884, "params": {"gamma": 840.8418709073107, "log10_alpha": -2.6966740659253308, "log10_colsample_bytree": -0.1644850796123808, "log10_eta": -3.0651584098325353, "log10_lambda": -4.11706324290559, "log10_min_child_weight": 0.8087661089320214, "log10_subsample": -0.025064177182257064, "max_depth": 9.0, "num_boost_round": 19.0}, "datetime": {"datetime": "2024-01-19 01:41:45", "elapsed": 5390.497166, "delta": 0.006432}}
{"target": -17.67632532952367, "params": {"gamma": 840.8418709073107, "log10_alpha": -2.6966740659253308, "log10_colsample_bytree": -0.1644850796123808, "log10_eta": -3.0651584098325353, "log10_lambda": -4.11706324290559, "log10_min_child_weight": 0.8087661089320214, "log10_subsample": -0.025064177182257064, "max_depth": 9.0, "num_boost_round": 20.0}, "datetime": {"datetime": "2024-01-19 01:41:45", "elapsed": 5390.503749, "delta": 0.006583}}
{"target": -17.676323503314716, "params": {"gamma": 840.8418709073107, "log10_alpha": -2.6966740659253308, "log10_colsample_bytree": -0.1644850796123808, "log10_eta": -3.0651584098325353, "log10_lambda": -4.11706324290559, "log10_min_child_weight": 0.8087661089320214, "log10_subsample": -0.025064177182257064, "max_depth": 9.0, "num_boost_round": 21.0}, "datetime": {"datetime": "2024-01-19 01:41:45", "elapsed": 5390.510288, "delta": 0.006539}}
{"target": -17.676284217649247, "params": {"gamma": 840.8418709073107, "log10_alpha": -2.6966740659253308, "log10_colsample_bytree": -0.1644850796123808, "log10_eta": -3.0651584098325353, "log10_lambda": -4.11706324290559, "log10_min_child_weight": 0.8087661089320214, "log10_subsample": -0.025064177182257064, "max_depth": 9.0, "num_boost_round": 22.0}, "datetime": {"datetime": "2024-01-19 01:41:45", "elapsed": 5390.516839, "delta": 0.006551}}
{"target": -17.676277289638733, "params": {"gamma": 840.8418709073107, "log10_alpha": -2.6966740659253308, "log10_colsample_bytree": -0.1644850796123808, "log10_eta": -3.0651584098325353, "log10_lambda": -4.11706324290559, "log10_min_child_weight": 0.8087661089320214, "log10_subsample": -0.025064177182257064, "max_depth": 9.0, "num_boost_round": 23.0}, "datetime": {"datetime": "2024-01-19 01:41:45", "elapsed": 5390.523481, "delta": 0.006642}}
{"target": -17.676182371994837, "params": {"gamma": 840.8418709073107, "log10_alpha": -2.6966740659253308, "log10_colsample_bytree": -0.1644850796123808, "log10_eta": -3.0651584098325353, "log10_lambda": -4.11706324290559, "log10_min_child_weight": 0.8087661089320214, "log10_subsample": -0.025064177182257064, "max_depth": 9.0, "num_boost_round": 24.0}, "datetime": {"datetime": "2024-01-19 01:41:46", "elapsed": 5390.531337, "delta": 0.007856}}
{"target": -17.67609366372355, "params": {"gamma": 840.8418709073107, "log10_alpha": -2.6966740659253308, "log10_colsample_bytree": -0.1644850796123808, "log10_eta": -3.0651584098325353, "log10_lambda": -4.11706324290559, "log10_min_child_weight": 0.8087661089320214, "log10_subsample": -0.025064177182257064, "max_depth": 9.0, "num_boost_round": 25.0}, "datetime": {"datetime": "2024-01-19 01:41:46", "elapsed": 5390.539029, "delta": 0.007692}}
{"target": -17.676096333131706, "params": {"gamma": 840.8418709073107, "log10_alpha": -2.6966740659253308, "log10_colsample_bytree": -0.1644850796123808, "log10_eta": -3.0651584098325353, "log10_lambda": -4.11706324290559, "log10_min_child_weight": 0.8087661089320214, "log10_subsample": -0.025064177182257064, "max_depth": 9.0, "num_boost_round": 26.0}, "datetime": {"datetime": "2024-01-19 01:41:46", "elapsed": 5390.54641, "delta": 0.007381}}
{"target": -17.676040956885423, "params": {"gamma": 840.8418709073107, "log10_alpha": -2.6966740659253308, "log10_colsample_bytree": -0.1644850796123808, "log10_eta": -3.0651584098325353, "log10_lambda": -4.11706324290559, "log10_min_child_weight": 0.8087661089320214, "log10_subsample": -0.025064177182257064, "max_depth": 9.0, "num_boost_round": 27.0}, "datetime": {"datetime": "2024-01-19 01:41:46", "elapsed": 5390.553195, "delta": 0.006785}}
{"target": -17.6760181116715, "params": {"gamma": 840.8418709073107, "log10_alpha": -2.6966740659253308, "log10_colsample_bytree": -0.1644850796123808, "log10_eta": -3.0651584098325353, "log10_lambda": -4.11706324290559, "log10_min_child_weight": 0.8087661089320214, "log10_subsample": -0.025064177182257064, "max_depth": 9.0, "num_boost_round": 28.0}, "datetime": {"datetime": "2024-01-19 01:41:46", "elapsed": 5390.560846, "delta": 0.007651}}
{"target": -17.67597263653024, "params": {"gamma": 840.8418709073107, "log10_alpha": -2.6966740659253308, "log10_colsample_bytree": -0.1644850796123808, "log10_eta": -3.0651584098325353, "log10_lambda": -4.11706324290559, "log10_min_child_weight": 0.8087661089320214, "log10_subsample": -0.025064177182257064, "max_depth": 9.0, "num_boost_round": 29.0}, "datetime": {"datetime": "2024-01-19 01:41:46", "elapsed": 5390.567374, "delta": 0.006528}}
{"target": -17.675909556850673, "params": {"gamma": 840.8418709073107, "log10_alpha": -2.6966740659253308, "log10_colsample_bytree": -0.1644850796123808, "log10_eta": -3.0651584098325353, "log10_lambda": -4.11706324290559, "log10_min_child_weight": 0.8087661089320214, "log10_subsample": -0.025064177182257064, "max_depth": 9.0, "num_boost_round": 30.0}, "datetime": {"datetime": "2024-01-19 01:41:46", "elapsed": 5390.573922, "delta": 0.006548}}
{"target": -17.67582571484422, "params": {"gamma": 840.8418709073107, "log10_alpha": -2.6966740659253308, "log10_colsample_bytree": -0.1644850796123808, "log10_eta": -3.0651584098325353, "log10_lambda": -4.11706324290559, "log10_min_child_weight": 0.8087661089320214, "log10_subsample": -0.025064177182257064, "max_depth": 9.0, "num_boost_round": 31.0}, "datetime": {"datetime": "2024-01-19 01:41:46", "elapsed": 5390.580533, "delta": 0.006611}}
{"target": -17.675818291461656, "params": {"gamma": 840.8418709073107, "log10_alpha": -2.6966740659253308, "log10_colsample_bytree": -0.1644850796123808, "log10_eta": -3.0651584098325353, "log10_lambda": -4.11706324290559, "log10_min_child_weight": 0.8087661089320214, "log10_subsample": -0.025064177182257064, "max_depth": 9.0, "num_boost_round": 32.0}, "datetime": {"datetime": "2024-01-19 01:41:46", "elapsed": 5390.58701, "delta": 0.006477}}
{"target": -17.675749165237704, "params": {"gamma": 840.8418709073107, "log10_alpha": -2.6966740659253308, "log10_colsample_bytree": -0.1644850796123808, "log10_eta": -3.0651584098325353, "log10_lambda": -4.11706324290559, "log10_min_child_weight": 0.8087661089320214, "log10_subsample": -0.025064177182257064, "max_depth": 9.0, "num_boost_round": 33.0}, "datetime": {"datetime": "2024-01-19 01:41:46", "elapsed": 5390.593914, "delta": 0.006904}}
{"target": -17.675662712091484, "params": {"gamma": 840.8418709073107, "log10_alpha": -2.6966740659253308, "log10_colsample_bytree": -0.1644850796123808, "log10_eta": -3.0651584098325353, "log10_lambda": -4.11706324290559, "log10_min_child_weight": 0.8087661089320214, "log10_subsample": -0.025064177182257064, "max_depth": 9.0, "num_boost_round": 34.0}, "datetime": {"datetime": "2024-01-19 01:41:46", "elapsed": 5390.600809, "delta": 0.006895}}
{"target": -17.675694303013234, "params": {"gamma": 840.8418709073107, "log10_alpha": -2.6966740659253308, "log10_colsample_bytree": -0.1644850796123808, "log10_eta": -3.0651584098325353, "log10_lambda": -4.11706324290559, "log10_min_child_weight": 0.8087661089320214, "log10_subsample": -0.025064177182257064, "max_depth": 9.0, "num_boost_round": 35.0}, "datetime": {"datetime": "2024-01-19 01:41:46", "elapsed": 5390.607201, "delta": 0.006392}}
{"target": -17.675691034931646, "params": {"gamma": 840.8418709073107, "log10_alpha": -2.6966740659253308, "log10_colsample_bytree": -0.1644850796123808, "log10_eta": -3.0651584098325353, "log10_lambda": -4.11706324290559, "log10_min_child_weight": 0.8087661089320214, "log10_subsample": -0.025064177182257064, "max_depth": 9.0, "num_boost_round": 36.0}, "datetime": {"datetime": "2024-01-19 01:41:46", "elapsed": 5390.61391, "delta": 0.006709}}
{"target": -17.673382072510986, "params": {"gamma": 841.7240547287128, "log10_alpha": -2.067311564981498, "log10_colsample_bytree": -0.7960844341886567, "log10_eta": -0.7662953364859413, "log10_lambda": -1.4074197509064348, "log10_min_child_weight": 0.7122557127906476, "log10_subsample": -0.27141153504127435, "max_depth": 2.0, "num_boost_round": 0.0}, "datetime": {"datetime": "2024-01-19 01:43:26", "elapsed": 5491.192304, "delta": 100.578394}}
{"target": -17.674634876339777, "params": {"gamma": 841.7240547287128, "log10_alpha": -2.067311564981498, "log10_colsample_bytree": -0.7960844341886567, "log10_eta": -0.7662953364859413, "log10_lambda": -1.4074197509064348, "log10_min_child_weight": 0.7122557127906476, "log10_subsample": -0.27141153504127435, "max_depth": 2.0, "num_boost_round": 1.0}, "datetime": {"datetime": "2024-01-19 01:43:26", "elapsed": 5491.199138, "delta": 0.006834}}
{"target": -17.673190371942624, "params": {"gamma": 841.7240547287128, "log10_alpha": -2.067311564981498, "log10_colsample_bytree": -0.7960844341886567, "log10_eta": -0.7662953364859413, "log10_lambda": -1.4074197509064348, "log10_min_child_weight": 0.7122557127906476, "log10_subsample": -0.27141153504127435, "max_depth": 2.0, "num_boost_round": 2.0}, "datetime": {"datetime": "2024-01-19 01:43:26", "elapsed": 5491.205365, "delta": 0.006227}}
{"target": -17.671483129106093, "params": {"gamma": 841.7240547287128, "log10_alpha": -2.067311564981498, "log10_colsample_bytree": -0.7960844341886567, "log10_eta": -0.7662953364859413, "log10_lambda": -1.4074197509064348, "log10_min_child_weight": 0.7122557127906476, "log10_subsample": -0.27141153504127435, "max_depth": 2.0, "num_boost_round": 3.0}, "datetime": {"datetime": "2024-01-19 01:43:26", "elapsed": 5491.211114, "delta": 0.005749}}
{"target": -17.671603176213004, "params": {"gamma": 841.7240547287128, "log10_alpha": -2.067311564981498, "log10_colsample_bytree": -0.7960844341886567, "log10_eta": -0.7662953364859413, "log10_lambda": -1.4074197509064348, "log10_min_child_weight": 0.7122557127906476, "log10_subsample": -0.27141153504127435, "max_depth": 2.0, "num_boost_round": 4.0}, "datetime": {"datetime": "2024-01-19 01:43:26", "elapsed": 5491.216818, "delta": 0.005704}}
