{"target": -13.758481193923089, "params": {"gamma": 37.2603666345458, "log10_alpha": -0.22478937955985323, "log10_colsample_bytree": -0.9388301372360226, "log10_eta": -2.38186603280193, "log10_lambda": -0.5806053761286902, "log10_min_child_weight": 4.260349626729073, "log10_subsample": -0.07300823442617532, "max_depth": 7.0, "num_boost_round": 2.0}, "datetime": {"datetime": "2024-01-19 00:44:58", "elapsed": 2006.729442, "delta": 0.00232}}
{"target": -13.758474576549254, "params": {"gamma": 37.2603666345458, "log10_alpha": -0.22478937955985323, "log10_colsample_bytree": -0.9388301372360226, "log10_eta": -2.38186603280193, "log10_lambda": -0.5806053761286902, "log10_min_child_weight": 4.260349626729073, "log10_subsample": -0.07300823442617532, "max_depth": 7.0, "num_boost_round": 3.0}, "datetime": {"datetime": "2024-01-19 00:44:58", "elapsed": 2006.731524, "delta": 0.002082}}
{"target": -13.758451293351182, "params": {"gamma": 37.2603666345458, "log10_alpha": -0.22478937955985323, "log10_colsample_bytree": -0.9388301372360226, "log10_eta": -2.38186603280193, "log10_lambda": -0.5806053761286902, "log10_min_child_weight": 4.260349626729073, "log10_subsample": -0.07300823442617532, "max_depth": 7.0, "num_boost_round": 4.0}, "datetime": {"datetime": "2024-01-19 00:44:58", "elapsed": 2006.733697, "delta": 0.002173}}
{"target": -13.758422999391488, "params": {"gamma": 37.2603666345458, "log10_alpha": -0.22478937955985323, "log10_colsample_bytree": -0.9388301372360226, "log10_eta": -2.38186603280193, "log10_lambda": -0.5806053761286902, "log10_min_child_weight": 4.260349626729073, "log10_subsample": -0.07300823442617532, "max_depth": 7.0, "num_boost_round": 5.0}, "datetime": {"datetime": "2024-01-19 00:44:58", "elapsed": 2006.735803, "delta": 0.002106}}
{"target": -13.758434869262063, "params": {"gamma": 37.2603666345458, "log10_alpha": -0.22478937955985323, "log10_colsample_bytree": -0.9388301372360226, "log10_eta": -2.38186603280193, "log10_lambda": -0.5806053761286902, "log10_min_child_weight": 4.260349626729073, "log10_subsample": -0.07300823442617532, "max_depth": 7.0, "num_boost_round": 6.0}, "datetime": {"datetime": "2024-01-19 00:44:58", "elapsed": 2006.737902, "delta": 0.002099}}
{"target": -13.758365141659342, "params": {"gamma": 37.2603666345458, "log10_alpha": -0.22478937955985323, "log10_colsample_bytree": -0.9388301372360226, "log10_eta": -2.38186603280193, "log10_lambda": -0.5806053761286902, "log10_min_child_weight": 4.260349626729073, "log10_subsample": -0.07300823442617532, "max_depth": 7.0, "num_boost_round": 7.0}, "datetime": {"datetime": "2024-01-19 00:44:58", "elapsed": 2006.739977, "delta": 0.002075}}
{"target": -13.758346580219488, "params": {"gamma": 37.2603666345458, "log10_alpha": -0.22478937955985323, "log10_colsample_bytree": -0.9388301372360226, "log10_eta": -2.38186603280193, "log10_lambda": -0.5806053761286902, "log10_min_child_weight": 4.260349626729073, "log10_subsample": -0.07300823442617532, "max_depth": 7.0, "num_boost_round": 8.0}, "datetime": {"datetime": "2024-01-19 00:44:58", "elapsed": 2006.742054, "delta": 0.002077}}
{"target": -13.758324521390634, "params": {"gamma": 37.2603666345458, "log10_alpha": -0.22478937955985323, "log10_colsample_bytree": -0.9388301372360226, "log10_eta": -2.38186603280193, "log10_lambda": -0.5806053761286902, "log10_min_child_weight": 4.260349626729073, "log10_subsample": -0.07300823442617532, "max_depth": 7.0, "num_boost_round": 9.0}, "datetime": {"datetime": "2024-01-19 00:44:58", "elapsed": 2006.744156, "delta": 0.002102}}
{"target": -13.7583230511097, "params": {"gamma": 37.2603666345458, "log10_alpha": -0.22478937955985323, "log10_colsample_bytree": -0.9388301372360226, "log10_eta": -2.38186603280193, "log10_lambda": -0.5806053761286902, "log10_min_child_weight": 4.260349626729073, "log10_subsample": -0.07300823442617532, "max_depth": 7.0, "num_boost_round": 10.0}, "datetime": {"datetime": "2024-01-19 00:44:58", "elapsed": 2006.746243, "delta": 0.002087}}
{"target": -13.758304950192718, "params": {"gamma": 37.2603666345458, "log10_alpha": -0.22478937955985323, "log10_colsample_bytree": -0.9388301372360226, "log10_eta": -2.38186603280193, "log10_lambda": -0.5806053761286902, "log10_min_child_weight": 4.260349626729073, "log10_subsample": -0.07300823442617532, "max_depth": 7.0, "num_boost_round": 11.0}, "datetime": {"datetime": "2024-01-19 00:44:58", "elapsed": 2006.748455, "delta": 0.002212}}
{"target": -13.758230198561508, "params": {"gamma": 37.2603666345458, "log10_alpha": -0.22478937955985323, "log10_colsample_bytree": -0.9388301372360226, "log10_eta": -2.38186603280193, "log10_lambda": -0.5806053761286902, "log10_min_child_weight": 4.260349626729073, "log10_subsample": -0.07300823442617532, "max_depth": 7.0, "num_boost_round": 12.0}, "datetime": {"datetime": "2024-01-19 00:44:58", "elapsed": 2006.750571, "delta": 0.002116}}
{"target": -13.758220186651988, "params": {"gamma": 37.2603666345458, "log10_alpha": -0.22478937955985323, "log10_colsample_bytree": -0.9388301372360226, "log10_eta": -2.38186603280193, "log10_lambda": -0.5806053761286902, "log10_min_child_weight": 4.260349626729073, "log10_subsample": -0.07300823442617532, "max_depth": 7.0, "num_boost_round": 13.0}, "datetime": {"datetime": "2024-01-19 00:44:58", "elapsed": 2006.752674, "delta": 0.002103}}
{"target": -13.758164085190574, "params": {"gamma": 37.2603666345458, "log10_alpha": -0.22478937955985323, "log10_colsample_bytree": -0.9388301372360226, "log10_eta": -2.38186603280193, "log10_lambda": -0.5806053761286902, "log10_min_child_weight": 4.260349626729073, "log10_subsample": -0.07300823442617532, "max_depth": 7.0, "num_boost_round": 14.0}, "datetime": {"datetime": "2024-01-19 00:44:58", "elapsed": 2006.754807, "delta": 0.002133}}
{"target": -13.758099948154983, "params": {"gamma": 37.2603666345458, "log10_alpha": -0.22478937955985323, "log10_colsample_bytree": -0.9388301372360226, "log10_eta": -2.38186603280193, "log10_lambda": -0.5806053761286902, "log10_min_child_weight": 4.260349626729073, "log10_subsample": -0.07300823442617532, "max_depth": 7.0, "num_boost_round": 15.0}, "datetime": {"datetime": "2024-01-19 00:44:58", "elapsed": 2006.756938, "delta": 0.002131}}
{"target": -13.75811193493524, "params": {"gamma": 37.2603666345458, "log10_alpha": -0.22478937955985323, "log10_colsample_bytree": -0.9388301372360226, "log10_eta": -2.38186603280193, "log10_lambda": -0.5806053761286902, "log10_min_child_weight": 4.260349626729073, "log10_subsample": -0.07300823442617532, "max_depth": 7.0, "num_boost_round": 16.0}, "datetime": {"datetime": "2024-01-19 00:44:58", "elapsed": 2006.759034, "delta": 0.002096}}
{"target": -13.75960671982004, "params": {"gamma": 33.892332148320214, "log10_alpha": -4.559321363359399, "log10_colsample_bytree": -0.5061495841139712, "log10_eta": -0.17294291803696238, "log10_lambda": 0.7513928558305496, "log10_min_child_weight": 4.371547530011888, "log10_subsample": -0.19291948696072392, "max_depth": 2.0, "num_boost_round": 0.0}, "datetime": {"datetime": "2024-01-19 00:45:20", "elapsed": 2029.033413, "delta": 22.274379}}
{"target": -13.773019272956704, "params": {"gamma": 33.892332148320214, "log10_alpha": -4.559321363359399, "log10_colsample_bytree": -0.5061495841139712, "log10_eta": -0.17294291803696238, "log10_lambda": 0.7513928558305496, "log10_min_child_weight": 4.371547530011888, "log10_subsample": -0.19291948696072392, "max_depth": 2.0, "num_boost_round": 1.0}, "datetime": {"datetime": "2024-01-19 00:45:20", "elapsed": 2029.036076, "delta": 0.002663}}
{"target": -13.77455632238673, "params": {"gamma": 33.892332148320214, "log10_alpha": -4.559321363359399, "log10_colsample_bytree": -0.5061495841139712, "log10_eta": -0.17294291803696238, "log10_lambda": 0.7513928558305496, "log10_min_child_weight": 4.371547530011888, "log10_subsample": -0.19291948696072392, "max_depth": 2.0, "num_boost_round": 2.0}, "datetime": {"datetime": "2024-01-19 00:45:20", "elapsed": 2029.038215, "delta": 0.002139}}
{"target": -13.784998947650866, "params": {"gamma": 33.892332148320214, "log10_alpha": -4.559321363359399, "log10_colsample_bytree": -0.5061495841139712, "log10_eta": -0.17294291803696238, "log10_lambda": 0.7513928558305496, "log10_min_child_weight": 4.371547530011888, "log10_subsample": -0.19291948696072392, "max_depth": 2.0, "num_boost_round": 3.0}, "datetime": {"datetime": "2024-01-19 00:45:20", "elapsed": 2029.040397, "delta": 0.002182}}
{"target": -13.783204128727094, "params": {"gamma": 33.892332148320214, "log10_alpha": -4.559321363359399, "log10_colsample_bytree": -0.5061495841139712, "log10_eta": -0.17294291803696238, "log10_lambda": 0.7513928558305496, "log10_min_child_weight": 4.371547530011888, "log10_subsample": -0.19291948696072392, "max_depth": 2.0, "num_boost_round": 4.0}, "datetime": {"datetime": "2024-01-19 00:45:20", "elapsed": 2029.042497, "delta": 0.0021}}
{"target": -13.780677968090194, "params": {"gamma": 33.892332148320214, "log10_alpha": -4.559321363359399, "log10_colsample_bytree": -0.5061495841139712, "log10_eta": -0.17294291803696238, "log10_lambda": 0.7513928558305496, "log10_min_child_weight": 4.371547530011888, "log10_subsample": -0.19291948696072392, "max_depth": 2.0, "num_boost_round": 5.0}, "datetime": {"datetime": "2024-01-19 00:45:20", "elapsed": 2029.044588, "delta": 0.002091}}
{"target": -13.787846088142953, "params": {"gamma": 33.892332148320214, "log10_alpha": -4.559321363359399, "log10_colsample_bytree": -0.5061495841139712, "log10_eta": -0.17294291803696238, "log10_lambda": 0.7513928558305496, "log10_min_child_weight": 4.371547530011888, "log10_subsample": -0.19291948696072392, "max_depth": 2.0, "num_boost_round": 6.0}, "datetime": {"datetime": "2024-01-19 00:45:20", "elapsed": 2029.046679, "delta": 0.002091}}
{"target": -13.788886480116654, "params": {"gamma": 33.892332148320214, "log10_alpha": -4.559321363359399, "log10_colsample_bytree": -0.5061495841139712, "log10_eta": -0.17294291803696238, "log10_lambda": 0.7513928558305496, "log10_min_child_weight": 4.371547530011888, "log10_subsample": -0.19291948696072392, "max_depth": 2.0, "num_boost_round": 7.0}, "datetime": {"datetime": "2024-01-19 00:45:20", "elapsed": 2029.048872, "delta": 0.002193}}
{"target": -13.79276084430256, "params": {"gamma": 33.892332148320214, "log10_alpha": -4.559321363359399, "log10_colsample_bytree": -0.5061495841139712, "log10_eta": -0.17294291803696238, "log10_lambda": 0.7513928558305496, "log10_min_child_weight": 4.371547530011888, "log10_subsample": -0.19291948696072392, "max_depth": 2.0, "num_boost_round": 8.0}, "datetime": {"datetime": "2024-01-19 00:45:20", "elapsed": 2029.050986, "delta": 0.002114}}
{"target": -13.794457708828784, "params": {"gamma": 33.892332148320214, "log10_alpha": -4.559321363359399, "log10_colsample_bytree": -0.5061495841139712, "log10_eta": -0.17294291803696238, "log10_lambda": 0.7513928558305496, "log10_min_child_weight": 4.371547530011888, "log10_subsample": -0.19291948696072392, "max_depth": 2.0, "num_boost_round": 9.0}, "datetime": {"datetime": "2024-01-19 00:45:20", "elapsed": 2029.053112, "delta": 0.002126}}
{"target": -13.793341019118577, "params": {"gamma": 33.892332148320214, "log10_alpha": -4.559321363359399, "log10_colsample_bytree": -0.5061495841139712, "log10_eta": -0.17294291803696238, "log10_lambda": 0.7513928558305496, "log10_min_child_weight": 4.371547530011888, "log10_subsample": -0.19291948696072392, "max_depth": 2.0, "num_boost_round": 10.0}, "datetime": {"datetime": "2024-01-19 00:45:20", "elapsed": 2029.055231, "delta": 0.002119}}
{"target": -13.799354678727822, "params": {"gamma": 33.892332148320214, "log10_alpha": -4.559321363359399, "log10_colsample_bytree": -0.5061495841139712, "log10_eta": -0.17294291803696238, "log10_lambda": 0.7513928558305496, "log10_min_child_weight": 4.371547530011888, "log10_subsample": -0.19291948696072392, "max_depth": 2.0, "num_boost_round": 11.0}, "datetime": {"datetime": "2024-01-19 00:45:20", "elapsed": 2029.057327, "delta": 0.002096}}
{"target": -13.801758838902298, "params": {"gamma": 33.892332148320214, "log10_alpha": -4.559321363359399, "log10_colsample_bytree": -0.5061495841139712, "log10_eta": -0.17294291803696238, "log10_lambda": 0.7513928558305496, "log10_min_child_weight": 4.371547530011888, "log10_subsample": -0.19291948696072392, "max_depth": 2.0, "num_boost_round": 12.0}, "datetime": {"datetime": "2024-01-19 00:45:20", "elapsed": 2029.059428, "delta": 0.002101}}
{"target": -13.80465755654798, "params": {"gamma": 33.892332148320214, "log10_alpha": -4.559321363359399, "log10_colsample_bytree": -0.5061495841139712, "log10_eta": -0.17294291803696238, "log10_lambda": 0.7513928558305496, "log10_min_child_weight": 4.371547530011888, "log10_subsample": -0.19291948696072392, "max_depth": 2.0, "num_boost_round": 13.0}, "datetime": {"datetime": "2024-01-19 00:45:20", "elapsed": 2029.061541, "delta": 0.002113}}
{"target": -13.806358551069238, "params": {"gamma": 33.892332148320214, "log10_alpha": -4.559321363359399, "log10_colsample_bytree": -0.5061495841139712, "log10_eta": -0.17294291803696238, "log10_lambda": 0.7513928558305496, "log10_min_child_weight": 4.371547530011888, "log10_subsample": -0.19291948696072392, "max_depth": 2.0, "num_boost_round": 14.0}, "datetime": {"datetime": "2024-01-19 00:45:20", "elapsed": 2029.063636, "delta": 0.002095}}
{"target": -13.806313184438975, "params": {"gamma": 33.892332148320214, "log10_alpha": -4.559321363359399, "log10_colsample_bytree": -0.5061495841139712, "log10_eta": -0.17294291803696238, "log10_lambda": 0.7513928558305496, "log10_min_child_weight": 4.371547530011888, "log10_subsample": -0.19291948696072392, "max_depth": 2.0, "num_boost_round": 15.0}, "datetime": {"datetime": "2024-01-19 00:45:20", "elapsed": 2029.065729, "delta": 0.002093}}
{"target": -13.758533732689752, "params": {"gamma": 38.513263884903616, "log10_alpha": -4.512985385548064, "log10_colsample_bytree": -0.408322384848526, "log10_eta": -1.653704881314329, "log10_lambda": -3.954364090515795, "log10_min_child_weight": 4.788293774996208, "log10_subsample": -0.28045289028646636, "max_depth": 5.0, "num_boost_round": 0.0}, "datetime": {"datetime": "2024-01-19 00:45:56", "elapsed": 2065.023127, "delta": 35.957398}}
{"target": -13.758552397039734, "params": {"gamma": 38.513263884903616, "log10_alpha": -4.512985385548064, "log10_colsample_bytree": -0.408322384848526, "log10_eta": -1.653704881314329, "log10_lambda": -3.954364090515795, "log10_min_child_weight": 4.788293774996208, "log10_subsample": -0.28045289028646636, "max_depth": 5.0, "num_boost_round": 1.0}, "datetime": {"datetime": "2024-01-19 00:45:56", "elapsed": 2065.025929, "delta": 0.002802}}
{"target": -13.758541377771936, "params": {"gamma": 38.513263884903616, "log10_alpha": -4.512985385548064, "log10_colsample_bytree": -0.408322384848526, "log10_eta": -1.653704881314329, "log10_lambda": -3.954364090515795, "log10_min_child_weight": 4.788293774996208, "log10_subsample": -0.28045289028646636, "max_depth": 5.0, "num_boost_round": 2.0}, "datetime": {"datetime": "2024-01-19 00:45:56", "elapsed": 2065.028082, "delta": 0.002153}}
{"target": -13.758497397579768, "params": {"gamma": 38.513263884903616, "log10_alpha": -4.512985385548064, "log10_colsample_bytree": -0.408322384848526, "log10_eta": -1.653704881314329, "log10_lambda": -3.954364090515795, "log10_min_child_weight": 4.788293774996208, "log10_subsample": -0.28045289028646636, "max_depth": 5.0, "num_boost_round": 3.0}, "datetime": {"datetime": "2024-01-19 00:45:56", "elapsed": 2065.030392, "delta": 0.00231}}
{"target": -13.758415110522542, "params": {"gamma": 38.513263884903616, "log10_alpha": -4.512985385548064, "log10_colsample_bytree": -0.408322384848526, "log10_eta": -1.653704881314329, "log10_lambda": -3.954364090515795, "log10_min_child_weight": 4.788293774996208, "log10_subsample": -0.28045289028646636, "max_depth": 5.0, "num_boost_round": 4.0}, "datetime": {"datetime": "2024-01-19 00:45:56", "elapsed": 2065.032559, "delta": 0.002167}}
{"target": -13.758360367516694, "params": {"gamma": 38.513263884903616, "log10_alpha": -4.512985385548064, "log10_colsample_bytree": -0.408322384848526, "log10_eta": -1.653704881314329, "log10_lambda": -3.954364090515795, "log10_min_child_weight": 4.788293774996208, "log10_subsample": -0.28045289028646636, "max_depth": 5.0, "num_boost_round": 5.0}, "datetime": {"datetime": "2024-01-19 00:45:56", "elapsed": 2065.034734, "delta": 0.002175}}
{"target": -13.758373796799317, "params": {"gamma": 38.513263884903616, "log10_alpha": -4.512985385548064, "log10_colsample_bytree": -0.408322384848526, "log10_eta": -1.653704881314329, "log10_lambda": -3.954364090515795, "log10_min_child_weight": 4.788293774996208, "log10_subsample": -0.28045289028646636, "max_depth": 5.0, "num_boost_round": 6.0}, "datetime": {"datetime": "2024-01-19 00:45:56", "elapsed": 2065.036887, "delta": 0.002153}}
{"target": -13.758523917391154, "params": {"gamma": 38.513263884903616, "log10_alpha": -4.512985385548064, "log10_colsample_bytree": -0.408322384848526, "log10_eta": -1.653704881314329, "log10_lambda": -3.954364090515795, "log10_min_child_weight": 4.788293774996208, "log10_subsample": -0.28045289028646636, "max_depth": 5.0, "num_boost_round": 7.0}, "datetime": {"datetime": "2024-01-19 00:45:56", "elapsed": 2065.039051, "delta": 0.002164}}
{"target": -13.758620043872185, "params": {"gamma": 38.513263884903616, "log10_alpha": -4.512985385548064, "log10_colsample_bytree": -0.408322384848526, "log10_eta": -1.653704881314329, "log10_lambda": -3.954364090515795, "log10_min_child_weight": 4.788293774996208, "log10_subsample": -0.28045289028646636, "max_depth": 5.0, "num_boost_round": 8.0}, "datetime": {"datetime": "2024-01-19 00:45:56", "elapsed": 2065.041206, "delta": 0.002155}}
{"target": -13.758423106324331, "params": {"gamma": 38.513263884903616, "log10_alpha": -4.512985385548064, "log10_colsample_bytree": -0.408322384848526, "log10_eta": -1.653704881314329, "log10_lambda": -3.954364090515795, "log10_min_child_weight": 4.788293774996208, "log10_subsample": -0.28045289028646636, "max_depth": 5.0, "num_boost_round": 9.0}, "datetime": {"datetime": "2024-01-19 00:45:56", "elapsed": 2065.043325, "delta": 0.002119}}
{"target": -13.758424660868299, "params": {"gamma": 38.513263884903616, "log10_alpha": -4.512985385548064, "log10_colsample_bytree": -0.408322384848526, "log10_eta": -1.653704881314329, "log10_lambda": -3.954364090515795, "log10_min_child_weight": 4.788293774996208, "log10_subsample": -0.28045289028646636, "max_depth": 5.0, "num_boost_round": 10.0}, "datetime": {"datetime": "2024-01-19 00:45:56", "elapsed": 2065.045466, "delta": 0.002141}}
{"target": -13.758291377432325, "params": {"gamma": 38.513263884903616, "log10_alpha": -4.512985385548064, "log10_colsample_bytree": -0.408322384848526, "log10_eta": -1.653704881314329, "log10_lambda": -3.954364090515795, "log10_min_child_weight": 4.788293774996208, "log10_subsample": -0.28045289028646636, "max_depth": 5.0, "num_boost_round": 11.0}, "datetime": {"datetime": "2024-01-19 00:45:56", "elapsed": 2065.047607, "delta": 0.002141}}
{"target": -13.758356388921062, "params": {"gamma": 38.513263884903616, "log10_alpha": -4.512985385548064, "log10_colsample_bytree": -0.408322384848526, "log10_eta": -1.653704881314329, "log10_lambda": -3.954364090515795, "log10_min_child_weight": 4.788293774996208, "log10_subsample": -0.28045289028646636, "max_depth": 5.0, "num_boost_round": 12.0}, "datetime": {"datetime": "2024-01-19 00:45:56", "elapsed": 2065.049843, "delta": 0.002236}}
{"target": -13.758350545319045, "params": {"gamma": 38.513263884903616, "log10_alpha": -4.512985385548064, "log10_colsample_bytree": -0.408322384848526, "log10_eta": -1.653704881314329, "log10_lambda": -3.954364090515795, "log10_min_child_weight": 4.788293774996208, "log10_subsample": -0.28045289028646636, "max_depth": 5.0, "num_boost_round": 13.0}, "datetime": {"datetime": "2024-01-19 00:45:56", "elapsed": 2065.051981, "delta": 0.002138}}
{"target": -13.758292718877776, "params": {"gamma": 38.513263884903616, "log10_alpha": -4.512985385548064, "log10_colsample_bytree": -0.408322384848526, "log10_eta": -1.653704881314329, "log10_lambda": -3.954364090515795, "log10_min_child_weight": 4.788293774996208, "log10_subsample": -0.28045289028646636, "max_depth": 5.0, "num_boost_round": 14.0}, "datetime": {"datetime": "2024-01-19 00:45:56", "elapsed": 2065.054114, "delta": 0.002133}}
{"target": -13.758316302719283, "params": {"gamma": 38.513263884903616, "log10_alpha": -4.512985385548064, "log10_colsample_bytree": -0.408322384848526, "log10_eta": -1.653704881314329, "log10_lambda": -3.954364090515795, "log10_min_child_weight": 4.788293774996208, "log10_subsample": -0.28045289028646636, "max_depth": 5.0, "num_boost_round": 15.0}, "datetime": {"datetime": "2024-01-19 00:45:56", "elapsed": 2065.056462, "delta": 0.002348}}
{"target": -13.758438661177987, "params": {"gamma": 38.513263884903616, "log10_alpha": -4.512985385548064, "log10_colsample_bytree": -0.408322384848526, "log10_eta": -1.653704881314329, "log10_lambda": -3.954364090515795, "log10_min_child_weight": 4.788293774996208, "log10_subsample": -0.28045289028646636, "max_depth": 5.0, "num_boost_round": 16.0}, "datetime": {"datetime": "2024-01-19 00:45:56", "elapsed": 2065.058617, "delta": 0.002155}}
{"target": -13.758535801754551, "params": {"gamma": 38.513263884903616, "log10_alpha": -4.512985385548064, "log10_colsample_bytree": -0.408322384848526, "log10_eta": -1.653704881314329, "log10_lambda": -3.954364090515795, "log10_min_child_weight": 4.788293774996208, "log10_subsample": -0.28045289028646636, "max_depth": 5.0, "num_boost_round": 17.0}, "datetime": {"datetime": "2024-01-19 00:45:56", "elapsed": 2065.060754, "delta": 0.002137}}
