{"target": -18.600717805021436, "params": {"gamma": 456.8599058207033, "log10_alpha": -4.280155729594782, "log10_colsample_bytree": -1.0, "log10_eta": 0.0, "log10_lambda": 1.0, "log10_min_child_weight": 0.0, "log10_subsample": 0.0, "max_depth": 2.0, "num_boost_round": 34.0}, "datetime": {"datetime": "2024-01-19 02:03:17", "elapsed": 6702.074975, "delta": 0.004176}}
{"target": -18.60589387799644, "params": {"gamma": 456.8599058207033, "log10_alpha": -4.280155729594782, "log10_colsample_bytree": -1.0, "log10_eta": 0.0, "log10_lambda": 1.0, "log10_min_child_weight": 0.0, "log10_subsample": 0.0, "max_depth": 2.0, "num_boost_round": 35.0}, "datetime": {"datetime": "2024-01-19 02:03:17", "elapsed": 6702.07913, "delta": 0.004155}}
{"target": -18.625380261511182, "params": {"gamma": 456.8599058207033, "log10_alpha": -4.280155729594782, "log10_colsample_bytree": -1.0, "log10_eta": 0.0, "log10_lambda": 1.0, "log10_min_child_weight": 0.0, "log10_subsample": 0.0, "max_depth": 2.0, "num_boost_round": 36.0}, "datetime": {"datetime": "2024-01-19 02:03:17", "elapsed": 6702.083371, "delta": 0.004241}}
{"target": -18.62979089584958, "params": {"gamma": 456.8599058207033, "log10_alpha": -4.280155729594782, "log10_colsample_bytree": -1.0, "log10_eta": 0.0, "log10_lambda": 1.0, "log10_min_child_weight": 0.0, "log10_subsample": 0.0, "max_depth": 2.0, "num_boost_round": 37.0}, "datetime": {"datetime": "2024-01-19 02:03:17", "elapsed": 6702.087517, "delta": 0.004146}}
{"target": -18.62870522871751, "params": {"gamma": 456.8599058207033, "log10_alpha": -4.280155729594782, "log10_colsample_bytree": -1.0, "log10_eta": 0.0, "log10_lambda": 1.0, "log10_min_child_weight": 0.0, "log10_subsample": 0.0, "max_depth": 2.0, "num_boost_round": 38.0}, "datetime": {"datetime": "2024-01-19 02:03:17", "elapsed": 6702.091699, "delta": 0.004182}}
{"target": -18.63978759623889, "params": {"gamma": 456.8599058207033, "log10_alpha": -4.280155729594782, "log10_colsample_bytree": -1.0, "log10_eta": 0.0, "log10_lambda": 1.0, "log10_min_child_weight": 0.0, "log10_subsample": 0.0, "max_depth": 2.0, "num_boost_round": 39.0}, "datetime": {"datetime": "2024-01-19 02:03:17", "elapsed": 6702.095881, "delta": 0.004182}}
{"target": -17.677172775314286, "params": {"gamma": 444.47430416666447, "log10_alpha": -2.238869012457569, "log10_colsample_bytree": -0.05103262629777827, "log10_eta": -2.7094028324463215, "log10_lambda": 0.13162181817138396, "log10_min_child_weight": 1.932877006996581, "log10_subsample": -0.03182615350157225, "max_depth": 3.0, "num_boost_round": 0.0}, "datetime": {"datetime": "2024-01-19 02:04:48", "elapsed": 6793.344147, "delta": 91.248266}}
{"target": -17.677109617274525, "params": {"gamma": 444.47430416666447, "log10_alpha": -2.238869012457569, "log10_colsample_bytree": -0.05103262629777827, "log10_eta": -2.7094028324463215, "log10_lambda": 0.13162181817138396, "log10_min_child_weight": 1.932877006996581, "log10_subsample": -0.03182615350157225, "max_depth": 3.0, "num_boost_round": 1.0}, "datetime": {"datetime": "2024-01-19 02:04:48", "elapsed": 6793.349086, "delta": 0.004939}}
{"target": -17.677050761620503, "params": {"gamma": 444.47430416666447, "log10_alpha": -2.238869012457569, "log10_colsample_bytree": -0.05103262629777827, "log10_eta": -2.7094028324463215, "log10_lambda": 0.13162181817138396, "log10_min_child_weight": 1.932877006996581, "log10_subsample": -0.03182615350157225, "max_depth": 3.0, "num_boost_round": 2.0}, "datetime": {"datetime": "2024-01-19 02:04:48", "elapsed": 6793.353467, "delta": 0.004381}}
{"target": -17.6769892203665, "params": {"gamma": 444.47430416666447, "log10_alpha": -2.238869012457569, "log10_colsample_bytree": -0.05103262629777827, "log10_eta": -2.7094028324463215, "log10_lambda": 0.13162181817138396, "log10_min_child_weight": 1.932877006996581, "log10_subsample": -0.03182615350157225, "max_depth": 3.0, "num_boost_round": 3.0}, "datetime": {"datetime": "2024-01-19 02:04:48", "elapsed": 6793.360472, "delta": 0.007005}}
{"target": -17.676926598208386, "params": {"gamma": 444.47430416666447, "log10_alpha": -2.238869012457569, "log10_colsample_bytree": -0.05103262629777827, "log10_eta": -2.7094028324463215, "log10_lambda": 0.13162181817138396, "log10_min_child_weight": 1.932877006996581, "log10_subsample": -0.03182615350157225, "max_depth": 3.0, "num_boost_round": 4.0}, "datetime": {"datetime": "2024-01-19 02:04:48", "elapsed": 6793.365556, "delta": 0.005084}}
{"target": -17.676869759587984, "params": {"gamma": 444.47430416666447, "log10_alpha": -2.238869012457569, "log10_colsample_bytree": -0.05103262629777827, "log10_eta": -2.7094028324463215, "log10_lambda": 0.13162181817138396, "log10_min_child_weight": 1.932877006996581, "log10_subsample": -0.03182615350157225, "max_depth": 3.0, "num_boost_round": 5.0}, "datetime": {"datetime": "2024-01-19 02:04:48", "elapsed": 6793.370136, "delta": 0.00458}}
{"target": -17.676799512503468, "params": {"gamma": 444.47430416666447, "log10_alpha": -2.238869012457569, "log10_colsample_bytree": -0.05103262629777827, "log10_eta": -2.7094028324463215, "log10_lambda": 0.13162181817138396, "log10_min_child_weight": 1.932877006996581, "log10_subsample": -0.03182615350157225, "max_depth": 3.0, "num_boost_round": 6.0}, "datetime": {"datetime": "2024-01-19 02:04:48", "elapsed": 6793.374648, "delta": 0.004512}}
{"target": -17.676744188504408, "params": {"gamma": 444.47430416666447, "log10_alpha": -2.238869012457569, "log10_colsample_bytree": -0.05103262629777827, "log10_eta": -2.7094028324463215, "log10_lambda": 0.13162181817138396, "log10_min_child_weight": 1.932877006996581, "log10_subsample": -0.03182615350157225, "max_depth": 3.0, "num_boost_round": 7.0}, "datetime": {"datetime": "2024-01-19 02:04:48", "elapsed": 6793.378997, "delta": 0.004349}}
{"target": -17.676687747967208, "params": {"gamma": 444.47430416666447, "log10_alpha": -2.238869012457569, "log10_colsample_bytree": -0.05103262629777827, "log10_eta": -2.7094028324463215, "log10_lambda": 0.13162181817138396, "log10_min_child_weight": 1.932877006996581, "log10_subsample": -0.03182615350157225, "max_depth": 3.0, "num_boost_round": 8.0}, "datetime": {"datetime": "2024-01-19 02:04:48", "elapsed": 6793.383338, "delta": 0.004341}}
{"target": -17.6766421833944, "params": {"gamma": 444.47430416666447, "log10_alpha": -2.238869012457569, "log10_colsample_bytree": -0.05103262629777827, "log10_eta": -2.7094028324463215, "log10_lambda": 0.13162181817138396, "log10_min_child_weight": 1.932877006996581, "log10_subsample": -0.03182615350157225, "max_depth": 3.0, "num_boost_round": 9.0}, "datetime": {"datetime": "2024-01-19 02:04:48", "elapsed": 6793.387557, "delta": 0.004219}}
{"target": -17.67658998848484, "params": {"gamma": 444.47430416666447, "log10_alpha": -2.238869012457569, "log10_colsample_bytree": -0.05103262629777827, "log10_eta": -2.7094028324463215, "log10_lambda": 0.13162181817138396, "log10_min_child_weight": 1.932877006996581, "log10_subsample": -0.03182615350157225, "max_depth": 3.0, "num_boost_round": 10.0}, "datetime": {"datetime": "2024-01-19 02:04:48", "elapsed": 6793.39179, "delta": 0.004233}}
{"target": -17.67653779764161, "params": {"gamma": 444.47430416666447, "log10_alpha": -2.238869012457569, "log10_colsample_bytree": -0.05103262629777827, "log10_eta": -2.7094028324463215, "log10_lambda": 0.13162181817138396, "log10_min_child_weight": 1.932877006996581, "log10_subsample": -0.03182615350157225, "max_depth": 3.0, "num_boost_round": 11.0}, "datetime": {"datetime": "2024-01-19 02:04:48", "elapsed": 6793.396088, "delta": 0.004298}}
{"target": -17.67648421417449, "params": {"gamma": 444.47430416666447, "log10_alpha": -2.238869012457569, "log10_colsample_bytree": -0.05103262629777827, "log10_eta": -2.7094028324463215, "log10_lambda": 0.13162181817138396, "log10_min_child_weight": 1.932877006996581, "log10_subsample": -0.03182615350157225, "max_depth": 3.0, "num_boost_round": 12.0}, "datetime": {"datetime": "2024-01-19 02:04:48", "elapsed": 6793.508812, "delta": 0.112724}}
{"target": -17.67643829151085, "params": {"gamma": 444.47430416666447, "log10_alpha": -2.238869012457569, "log10_colsample_bytree": -0.05103262629777827, "log10_eta": -2.7094028324463215, "log10_lambda": 0.13162181817138396, "log10_min_child_weight": 1.932877006996581, "log10_subsample": -0.03182615350157225, "max_depth": 3.0, "num_boost_round": 13.0}, "datetime": {"datetime": "2024-01-19 02:04:49", "elapsed": 6793.513598, "delta": 0.004786}}
{"target": -17.676385998067726, "params": {"gamma": 444.47430416666447, "log10_alpha": -2.238869012457569, "log10_colsample_bytree": -0.05103262629777827, "log10_eta": -2.7094028324463215, "log10_lambda": 0.13162181817138396, "log10_min_child_weight": 1.932877006996581, "log10_subsample": -0.03182615350157225, "max_depth": 3.0, "num_boost_round": 14.0}, "datetime": {"datetime": "2024-01-19 02:04:49", "elapsed": 6793.518113, "delta": 0.004515}}
{"target": -17.67633773841277, "params": {"gamma": 444.47430416666447, "log10_alpha": -2.238869012457569, "log10_colsample_bytree": -0.05103262629777827, "log10_eta": -2.7094028324463215, "log10_lambda": 0.13162181817138396, "log10_min_child_weight": 1.932877006996581, "log10_subsample": -0.03182615350157225, "max_depth": 3.0, "num_boost_round": 15.0}, "datetime": {"datetime": "2024-01-19 02:04:49", "elapsed": 6793.522502, "delta": 0.004389}}
{"target": -17.676269322321655, "params": {"gamma": 444.47430416666447, "log10_alpha": -2.238869012457569, "log10_colsample_bytree": -0.05103262629777827, "log10_eta": -2.7094028324463215, "log10_lambda": 0.13162181817138396, "log10_min_child_weight": 1.932877006996581, "log10_subsample": -0.03182615350157225, "max_depth": 3.0, "num_boost_round": 16.0}, "datetime": {"datetime": "2024-01-19 02:04:49", "elapsed": 6793.526735, "delta": 0.004233}}
{"target": -17.676266728702593, "params": {"gamma": 444.47430416666447, "log10_alpha": -2.238869012457569, "log10_colsample_bytree": -0.05103262629777827, "log10_eta": -2.7094028324463215, "log10_lambda": 0.13162181817138396, "log10_min_child_weight": 1.932877006996581, "log10_subsample": -0.03182615350157225, "max_depth": 3.0, "num_boost_round": 17.0}, "datetime": {"datetime": "2024-01-19 02:04:49", "elapsed": 6793.530974, "delta": 0.004239}}
{"target": -17.676220683365017, "params": {"gamma": 444.47430416666447, "log10_alpha": -2.238869012457569, "log10_colsample_bytree": -0.05103262629777827, "log10_eta": -2.7094028324463215, "log10_lambda": 0.13162181817138396, "log10_min_child_weight": 1.932877006996581, "log10_subsample": -0.03182615350157225, "max_depth": 3.0, "num_boost_round": 18.0}, "datetime": {"datetime": "2024-01-19 02:04:49", "elapsed": 6793.535234, "delta": 0.00426}}
{"target": -17.676219308235247, "params": {"gamma": 444.47430416666447, "log10_alpha": -2.238869012457569, "log10_colsample_bytree": -0.05103262629777827, "log10_eta": -2.7094028324463215, "log10_lambda": 0.13162181817138396, "log10_min_child_weight": 1.932877006996581, "log10_subsample": -0.03182615350157225, "max_depth": 3.0, "num_boost_round": 19.0}, "datetime": {"datetime": "2024-01-19 02:04:49", "elapsed": 6793.539482, "delta": 0.004248}}
{"target": -17.676171784476367, "params": {"gamma": 444.47430416666447, "log10_alpha": -2.238869012457569, "log10_colsample_bytree": -0.05103262629777827, "log10_eta": -2.7094028324463215, "log10_lambda": 0.13162181817138396, "log10_min_child_weight": 1.932877006996581, "log10_subsample": -0.03182615350157225, "max_depth": 3.0, "num_boost_round": 20.0}, "datetime": {"datetime": "2024-01-19 02:04:49", "elapsed": 6793.543758, "delta": 0.004276}}
{"target": -17.67612524721327, "params": {"gamma": 444.47430416666447, "log10_alpha": -2.238869012457569, "log10_colsample_bytree": -0.05103262629777827, "log10_eta": -2.7094028324463215, "log10_lambda": 0.13162181817138396, "log10_min_child_weight": 1.932877006996581, "log10_subsample": -0.03182615350157225, "max_depth": 3.0, "num_boost_round": 21.0}, "datetime": {"datetime": "2024-01-19 02:04:49", "elapsed": 6793.548047, "delta": 0.004289}}
{"target": -17.676054011078094, "params": {"gamma": 444.47430416666447, "log10_alpha": -2.238869012457569, "log10_colsample_bytree": -0.05103262629777827, "log10_eta": -2.7094028324463215, "log10_lambda": 0.13162181817138396, "log10_min_child_weight": 1.932877006996581, "log10_subsample": -0.03182615350157225, "max_depth": 3.0, "num_boost_round": 22.0}, "datetime": {"datetime": "2024-01-19 02:04:49", "elapsed": 6793.552324, "delta": 0.004277}}
{"target": -17.6759947911259, "params": {"gamma": 444.47430416666447, "log10_alpha": -2.238869012457569, "log10_colsample_bytree": -0.05103262629777827, "log10_eta": -2.7094028324463215, "log10_lambda": 0.13162181817138396, "log10_min_child_weight": 1.932877006996581, "log10_subsample": -0.03182615350157225, "max_depth": 3.0, "num_boost_round": 23.0}, "datetime": {"datetime": "2024-01-19 02:04:49", "elapsed": 6793.556607, "delta": 0.004283}}
{"target": -17.675951950789507, "params": {"gamma": 444.47430416666447, "log10_alpha": -2.238869012457569, "log10_colsample_bytree": -0.05103262629777827, "log10_eta": -2.7094028324463215, "log10_lambda": 0.13162181817138396, "log10_min_child_weight": 1.932877006996581, "log10_subsample": -0.03182615350157225, "max_depth": 3.0, "num_boost_round": 24.0}, "datetime": {"datetime": "2024-01-19 02:04:49", "elapsed": 6793.560916, "delta": 0.004309}}
{"target": -17.67590810660667, "params": {"gamma": 444.47430416666447, "log10_alpha": -2.238869012457569, "log10_colsample_bytree": -0.05103262629777827, "log10_eta": -2.7094028324463215, "log10_lambda": 0.13162181817138396, "log10_min_child_weight": 1.932877006996581, "log10_subsample": -0.03182615350157225, "max_depth": 3.0, "num_boost_round": 25.0}, "datetime": {"datetime": "2024-01-19 02:04:49", "elapsed": 6793.56518, "delta": 0.004264}}
{"target": -17.67586890171955, "params": {"gamma": 444.47430416666447, "log10_alpha": -2.238869012457569, "log10_colsample_bytree": -0.05103262629777827, "log10_eta": -2.7094028324463215, "log10_lambda": 0.13162181817138396, "log10_min_child_weight": 1.932877006996581, "log10_subsample": -0.03182615350157225, "max_depth": 3.0, "num_boost_round": 26.0}, "datetime": {"datetime": "2024-01-19 02:04:49", "elapsed": 6793.569468, "delta": 0.004288}}
{"target": -17.675840844580247, "params": {"gamma": 444.47430416666447, "log10_alpha": -2.238869012457569, "log10_colsample_bytree": -0.05103262629777827, "log10_eta": -2.7094028324463215, "log10_lambda": 0.13162181817138396, "log10_min_child_weight": 1.932877006996581, "log10_subsample": -0.03182615350157225, "max_depth": 3.0, "num_boost_round": 27.0}, "datetime": {"datetime": "2024-01-19 02:04:49", "elapsed": 6793.573764, "delta": 0.004296}}
{"target": -17.67580280042191, "params": {"gamma": 444.47430416666447, "log10_alpha": -2.238869012457569, "log10_colsample_bytree": -0.05103262629777827, "log10_eta": -2.7094028324463215, "log10_lambda": 0.13162181817138396, "log10_min_child_weight": 1.932877006996581, "log10_subsample": -0.03182615350157225, "max_depth": 3.0, "num_boost_round": 28.0}, "datetime": {"datetime": "2024-01-19 02:04:49", "elapsed": 6793.578032, "delta": 0.004268}}
{"target": -17.675727297754406, "params": {"gamma": 444.47430416666447, "log10_alpha": -2.238869012457569, "log10_colsample_bytree": -0.05103262629777827, "log10_eta": -2.7094028324463215, "log10_lambda": 0.13162181817138396, "log10_min_child_weight": 1.932877006996581, "log10_subsample": -0.03182615350157225, "max_depth": 3.0, "num_boost_round": 29.0}, "datetime": {"datetime": "2024-01-19 02:04:49", "elapsed": 6793.582313, "delta": 0.004281}}
{"target": -17.675690324546455, "params": {"gamma": 444.47430416666447, "log10_alpha": -2.238869012457569, "log10_colsample_bytree": -0.05103262629777827, "log10_eta": -2.7094028324463215, "log10_lambda": 0.13162181817138396, "log10_min_child_weight": 1.932877006996581, "log10_subsample": -0.03182615350157225, "max_depth": 3.0, "num_boost_round": 30.0}, "datetime": {"datetime": "2024-01-19 02:04:49", "elapsed": 6793.58661, "delta": 0.004297}}
{"target": -17.675636865356655, "params": {"gamma": 444.47430416666447, "log10_alpha": -2.238869012457569, "log10_colsample_bytree": -0.05103262629777827, "log10_eta": -2.7094028324463215, "log10_lambda": 0.13162181817138396, "log10_min_child_weight": 1.932877006996581, "log10_subsample": -0.03182615350157225, "max_depth": 3.0, "num_boost_round": 31.0}, "datetime": {"datetime": "2024-01-19 02:04:49", "elapsed": 6793.590906, "delta": 0.004296}}
{"target": -17.675593163327093, "params": {"gamma": 444.47430416666447, "log10_alpha": -2.238869012457569, "log10_colsample_bytree": -0.05103262629777827, "log10_eta": -2.7094028324463215, "log10_lambda": 0.13162181817138396, "log10_min_child_weight": 1.932877006996581, "log10_subsample": -0.03182615350157225, "max_depth": 3.0, "num_boost_round": 32.0}, "datetime": {"datetime": "2024-01-19 02:04:49", "elapsed": 6793.595186, "delta": 0.00428}}
{"target": -17.675557961723587, "params": {"gamma": 444.47430416666447, "log10_alpha": -2.238869012457569, "log10_colsample_bytree": -0.05103262629777827, "log10_eta": -2.7094028324463215, "log10_lambda": 0.13162181817138396, "log10_min_child_weight": 1.932877006996581, "log10_subsample": -0.03182615350157225, "max_depth": 3.0, "num_boost_round": 33.0}, "datetime": {"datetime": "2024-01-19 02:04:49", "elapsed": 6793.599464, "delta": 0.004278}}
{"target": -17.675513594134465, "params": {"gamma": 444.47430416666447, "log10_alpha": -2.238869012457569, "log10_colsample_bytree": -0.05103262629777827, "log10_eta": -2.7094028324463215, "log10_lambda": 0.13162181817138396, "log10_min_child_weight": 1.932877006996581, "log10_subsample": -0.03182615350157225, "max_depth": 3.0, "num_boost_round": 34.0}, "datetime": {"datetime": "2024-01-19 02:04:49", "elapsed": 6793.603752, "delta": 0.004288}}
{"target": -17.675476605624965, "params": {"gamma": 444.47430416666447, "log10_alpha": -2.238869012457569, "log10_colsample_bytree": -0.05103262629777827, "log10_eta": -2.7094028324463215, "log10_lambda": 0.13162181817138396, "log10_min_child_weight": 1.932877006996581, "log10_subsample": -0.03182615350157225, "max_depth": 3.0, "num_boost_round": 35.0}, "datetime": {"datetime": "2024-01-19 02:04:49", "elapsed": 6793.608017, "delta": 0.004265}}
{"target": -17.67544386415843, "params": {"gamma": 444.47430416666447, "log10_alpha": -2.238869012457569, "log10_colsample_bytree": -0.05103262629777827, "log10_eta": -2.7094028324463215, "log10_lambda": 0.13162181817138396, "log10_min_child_weight": 1.932877006996581, "log10_subsample": -0.03182615350157225, "max_depth": 3.0, "num_boost_round": 36.0}, "datetime": {"datetime": "2024-01-19 02:04:49", "elapsed": 6793.612329, "delta": 0.004312}}
{"target": -17.675403616530797, "params": {"gamma": 444.47430416666447, "log10_alpha": -2.238869012457569, "log10_colsample_bytree": -0.05103262629777827, "log10_eta": -2.7094028324463215, "log10_lambda": 0.13162181817138396, "log10_min_child_weight": 1.932877006996581, "log10_subsample": -0.03182615350157225, "max_depth": 3.0, "num_boost_round": 37.0}, "datetime": {"datetime": "2024-01-19 02:04:49", "elapsed": 6793.616593, "delta": 0.004264}}
{"target": -17.675372384885033, "params": {"gamma": 444.47430416666447, "log10_alpha": -2.238869012457569, "log10_colsample_bytree": -0.05103262629777827, "log10_eta": -2.7094028324463215, "log10_lambda": 0.13162181817138396, "log10_min_child_weight": 1.932877006996581, "log10_subsample": -0.03182615350157225, "max_depth": 3.0, "num_boost_round": 38.0}, "datetime": {"datetime": "2024-01-19 02:04:49", "elapsed": 6793.62092, "delta": 0.004327}}
{"target": -17.677218805623898, "params": {"gamma": 426.3101221670282, "log10_alpha": -1.7256877079336839, "log10_colsample_bytree": -0.18568199461982926, "log10_eta": -3.6465414376318233, "log10_lambda": -4.371082991490276, "log10_min_child_weight": 0.7358778884039002, "log10_subsample": -0.4860173069389343, "max_depth": 4.0, "num_boost_round": 0.0}, "datetime": {"datetime": "2024-01-19 02:06:02", "elapsed": 6866.695975, "delta": 73.075055}}
{"target": -17.67721394948331, "params": {"gamma": 426.3101221670282, "log10_alpha": -1.7256877079336839, "log10_colsample_bytree": -0.18568199461982926, "log10_eta": -3.6465414376318233, "log10_lambda": -4.371082991490276, "log10_min_child_weight": 0.7358778884039002, "log10_subsample": -0.4860173069389343, "max_depth": 4.0, "num_boost_round": 1.0}, "datetime": {"datetime": "2024-01-19 02:06:02", "elapsed": 6866.701427, "delta": 0.005452}}
{"target": -17.677199031966836, "params": {"gamma": 426.3101221670282, "log10_alpha": -1.7256877079336839, "log10_colsample_bytree": -0.18568199461982926, "log10_eta": -3.6465414376318233, "log10_lambda": -4.371082991490276, "log10_min_child_weight": 0.7358778884039002, "log10_subsample": -0.4860173069389343, "max_depth": 4.0, "num_boost_round": 2.0}, "datetime": {"datetime": "2024-01-19 02:06:02", "elapsed": 6866.705791, "delta": 0.004364}}
{"target": -17.67719447385302, "params": {"gamma": 426.3101221670282, "log10_alpha": -1.7256877079336839, "log10_colsample_bytree": -0.18568199461982926, "log10_eta": -3.6465414376318233, "log10_lambda": -4.371082991490276, "log10_min_child_weight": 0.7358778884039002, "log10_subsample": -0.4860173069389343, "max_depth": 4.0, "num_boost_round": 3.0}, "datetime": {"datetime": "2024-01-19 02:06:02", "elapsed": 6866.710138, "delta": 0.004347}}
{"target": -17.67717640729781, "params": {"gamma": 426.3101221670282, "log10_alpha": -1.7256877079336839, "log10_colsample_bytree": -0.18568199461982926, "log10_eta": -3.6465414376318233, "log10_lambda": -4.371082991490276, "log10_min_child_weight": 0.7358778884039002, "log10_subsample": -0.4860173069389343, "max_depth": 4.0, "num_boost_round": 4.0}, "datetime": {"datetime": "2024-01-19 02:06:02", "elapsed": 6866.714651, "delta": 0.004513}}
