{"target": -17.677209319354883, "params": {"gamma": 878.5703649842372, "log10_alpha": -3.5290597706033546, "log10_colsample_bytree": -0.3655502506961137, "log10_eta": -3.8337822018620042, "log10_lambda": -4.767731111125496, "log10_min_child_weight": 4.838545001087818, "log10_subsample": -0.3893541319652496, "max_depth": 7.0, "num_boost_round": 22.0}, "datetime": {"datetime": "2024-01-19 00:42:55", "elapsed": 1856.419517, "delta": 0.00225}}
{"target": -17.67720816274833, "params": {"gamma": 878.5703649842372, "log10_alpha": -3.5290597706033546, "log10_colsample_bytree": -0.3655502506961137, "log10_eta": -3.8337822018620042, "log10_lambda": -4.767731111125496, "log10_min_child_weight": 4.838545001087818, "log10_subsample": -0.3893541319652496, "max_depth": 7.0, "num_boost_round": 23.0}, "datetime": {"datetime": "2024-01-19 00:42:55", "elapsed": 1856.421763, "delta": 0.002246}}
{"target": -17.677207857483424, "params": {"gamma": 878.5703649842372, "log10_alpha": -3.5290597706033546, "log10_colsample_bytree": -0.3655502506961137, "log10_eta": -3.8337822018620042, "log10_lambda": -4.767731111125496, "log10_min_child_weight": 4.838545001087818, "log10_subsample": -0.3893541319652496, "max_depth": 7.0, "num_boost_round": 24.0}, "datetime": {"datetime": "2024-01-19 00:42:55", "elapsed": 1856.424023, "delta": 0.00226}}
{"target": -17.677207177478373, "params": {"gamma": 878.5703649842372, "log10_alpha": -3.5290597706033546, "log10_colsample_bytree": -0.3655502506961137, "log10_eta": -3.8337822018620042, "log10_lambda": -4.767731111125496, "log10_min_child_weight": 4.838545001087818, "log10_subsample": -0.3893541319652496, "max_depth": 7.0, "num_boost_round": 25.0}, "datetime": {"datetime": "2024-01-19 00:42:55", "elapsed": 1856.426276, "delta": 0.002253}}
{"target": -17.677207110773196, "params": {"gamma": 878.5703649842372, "log10_alpha": -3.5290597706033546, "log10_colsample_bytree": -0.3655502506961137, "log10_eta": -3.8337822018620042, "log10_lambda": -4.767731111125496, "log10_min_child_weight": 4.838545001087818, "log10_subsample": -0.3893541319652496, "max_depth": 7.0, "num_boost_round": 26.0}, "datetime": {"datetime": "2024-01-19 00:42:55", "elapsed": 1856.428564, "delta": 0.002288}}
{"target": -17.67720516126177, "params": {"gamma": 878.5703649842372, "log10_alpha": -3.5290597706033546, "log10_colsample_bytree": -0.3655502506961137, "log10_eta": -3.8337822018620042, "log10_lambda": -4.767731111125496, "log10_min_child_weight": 4.838545001087818, "log10_subsample": -0.3893541319652496, "max_depth": 7.0, "num_boost_round": 27.0}, "datetime": {"datetime": "2024-01-19 00:42:55", "elapsed": 1856.430821, "delta": 0.002257}}
{"target": -17.67720360901821, "params": {"gamma": 878.5703649842372, "log10_alpha": -3.5290597706033546, "log10_colsample_bytree": -0.3655502506961137, "log10_eta": -3.8337822018620042, "log10_lambda": -4.767731111125496, "log10_min_child_weight": 4.838545001087818, "log10_subsample": -0.3893541319652496, "max_depth": 7.0, "num_boost_round": 28.0}, "datetime": {"datetime": "2024-01-19 00:42:55", "elapsed": 1856.43307, "delta": 0.002249}}
{"target": -17.677202227330994, "params": {"gamma": 878.5703649842372, "log10_alpha": -3.5290597706033546, "log10_colsample_bytree": -0.3655502506961137, "log10_eta": -3.8337822018620042, "log10_lambda": -4.767731111125496, "log10_min_child_weight": 4.838545001087818, "log10_subsample": -0.3893541319652496, "max_depth": 7.0, "num_boost_round": 29.0}, "datetime": {"datetime": "2024-01-19 00:42:55", "elapsed": 1856.435323, "delta": 0.002253}}
{"target": -17.677200041306566, "params": {"gamma": 878.5703649842372, "log10_alpha": -3.5290597706033546, "log10_colsample_bytree": -0.3655502506961137, "log10_eta": -3.8337822018620042, "log10_lambda": -4.767731111125496, "log10_min_child_weight": 4.838545001087818, "log10_subsample": -0.3893541319652496, "max_depth": 7.0, "num_boost_round": 30.0}, "datetime": {"datetime": "2024-01-19 00:42:55", "elapsed": 1856.437607, "delta": 0.002284}}
{"target": -17.67720002890343, "params": {"gamma": 878.5703649842372, "log10_alpha": -3.5290597706033546, "log10_colsample_bytree": -0.3655502506961137, "log10_eta": -3.8337822018620042, "log10_lambda": -4.767731111125496, "log10_min_child_weight": 4.838545001087818, "log10_subsample": -0.3893541319652496, "max_depth": 7.0, "num_boost_round": 31.0}, "datetime": {"datetime": "2024-01-19 00:42:55", "elapsed": 1856.43987, "delta": 0.002263}}
{"target": -17.677129069787135, "params": {"gamma": 890.9439832096144, "log10_alpha": -2.3130860218349776, "log10_colsample_bytree": -0.46459999512401295, "log10_eta": -1.939816988839739, "log10_lambda": -0.4118471403152739, "log10_min_child_weight": 4.499010267333617, "log10_subsample": -0.4086104050435828, "max_depth": 2.0, "num_boost_round": 0.0}, "datetime": {"datetime": "2024-01-19 00:43:24", "elapsed": 1885.29926, "delta": 28.85939}}
{"target": -17.67712173725018, "params": {"gamma": 890.9439832096144, "log10_alpha": -2.3130860218349776, "log10_colsample_bytree": -0.46459999512401295, "log10_eta": -1.939816988839739, "log10_lambda": -0.4118471403152739, "log10_min_child_weight": 4.499010267333617, "log10_subsample": -0.4086104050435828, "max_depth": 2.0, "num_boost_round": 1.0}, "datetime": {"datetime": "2024-01-19 00:43:24", "elapsed": 1885.302177, "delta": 0.002917}}
{"target": -17.67720508376015, "params": {"gamma": 890.9439832096144, "log10_alpha": -2.3130860218349776, "log10_colsample_bytree": -0.46459999512401295, "log10_eta": -1.939816988839739, "log10_lambda": -0.4118471403152739, "log10_min_child_weight": 4.499010267333617, "log10_subsample": -0.4086104050435828, "max_depth": 2.0, "num_boost_round": 2.0}, "datetime": {"datetime": "2024-01-19 00:43:24", "elapsed": 1885.304608, "delta": 0.002431}}
{"target": -17.677165468531882, "params": {"gamma": 890.9439832096144, "log10_alpha": -2.3130860218349776, "log10_colsample_bytree": -0.46459999512401295, "log10_eta": -1.939816988839739, "log10_lambda": -0.4118471403152739, "log10_min_child_weight": 4.499010267333617, "log10_subsample": -0.4086104050435828, "max_depth": 2.0, "num_boost_round": 3.0}, "datetime": {"datetime": "2024-01-19 00:43:24", "elapsed": 1885.306883, "delta": 0.002275}}
{"target": -17.67716614547888, "params": {"gamma": 890.9439832096144, "log10_alpha": -2.3130860218349776, "log10_colsample_bytree": -0.46459999512401295, "log10_eta": -1.939816988839739, "log10_lambda": -0.4118471403152739, "log10_min_child_weight": 4.499010267333617, "log10_subsample": -0.4086104050435828, "max_depth": 2.0, "num_boost_round": 4.0}, "datetime": {"datetime": "2024-01-19 00:43:24", "elapsed": 1885.309377, "delta": 0.002494}}
{"target": -17.677131858543248, "params": {"gamma": 890.9439832096144, "log10_alpha": -2.3130860218349776, "log10_colsample_bytree": -0.46459999512401295, "log10_eta": -1.939816988839739, "log10_lambda": -0.4118471403152739, "log10_min_child_weight": 4.499010267333617, "log10_subsample": -0.4086104050435828, "max_depth": 2.0, "num_boost_round": 5.0}, "datetime": {"datetime": "2024-01-19 00:43:24", "elapsed": 1885.311733, "delta": 0.002356}}
{"target": -17.67721628104691, "params": {"gamma": 890.9439832096144, "log10_alpha": -2.3130860218349776, "log10_colsample_bytree": -0.46459999512401295, "log10_eta": -1.939816988839739, "log10_lambda": -0.4118471403152739, "log10_min_child_weight": 4.499010267333617, "log10_subsample": -0.4086104050435828, "max_depth": 2.0, "num_boost_round": 6.0}, "datetime": {"datetime": "2024-01-19 00:43:24", "elapsed": 1885.313953, "delta": 0.00222}}
{"target": -17.677327814997387, "params": {"gamma": 890.9439832096144, "log10_alpha": -2.3130860218349776, "log10_colsample_bytree": -0.46459999512401295, "log10_eta": -1.939816988839739, "log10_lambda": -0.4118471403152739, "log10_min_child_weight": 4.499010267333617, "log10_subsample": -0.4086104050435828, "max_depth": 2.0, "num_boost_round": 7.0}, "datetime": {"datetime": "2024-01-19 00:43:24", "elapsed": 1885.316209, "delta": 0.002256}}
{"target": -17.677329529149898, "params": {"gamma": 890.9439832096144, "log10_alpha": -2.3130860218349776, "log10_colsample_bytree": -0.46459999512401295, "log10_eta": -1.939816988839739, "log10_lambda": -0.4118471403152739, "log10_min_child_weight": 4.499010267333617, "log10_subsample": -0.4086104050435828, "max_depth": 2.0, "num_boost_round": 8.0}, "datetime": {"datetime": "2024-01-19 00:43:24", "elapsed": 1885.318518, "delta": 0.002309}}
{"target": -17.677225314420216, "params": {"gamma": 890.9439832096144, "log10_alpha": -2.3130860218349776, "log10_colsample_bytree": -0.46459999512401295, "log10_eta": -1.939816988839739, "log10_lambda": -0.4118471403152739, "log10_min_child_weight": 4.499010267333617, "log10_subsample": -0.4086104050435828, "max_depth": 2.0, "num_boost_round": 9.0}, "datetime": {"datetime": "2024-01-19 00:43:24", "elapsed": 1885.320923, "delta": 0.002405}}
{"target": -17.677272689957068, "params": {"gamma": 890.9439832096144, "log10_alpha": -2.3130860218349776, "log10_colsample_bytree": -0.46459999512401295, "log10_eta": -1.939816988839739, "log10_lambda": -0.4118471403152739, "log10_min_child_weight": 4.499010267333617, "log10_subsample": -0.4086104050435828, "max_depth": 2.0, "num_boost_round": 10.0}, "datetime": {"datetime": "2024-01-19 00:43:24", "elapsed": 1885.323325, "delta": 0.002402}}
{"target": -17.677228654049465, "params": {"gamma": 885.5139177421363, "log10_alpha": -0.45463626591802075, "log10_colsample_bytree": -0.14646015080636376, "log10_eta": -3.9303570494099027, "log10_lambda": -4.669217507923941, "log10_min_child_weight": 0.32879493336462784, "log10_subsample": -0.9396143480093635, "max_depth": 3.0, "num_boost_round": 0.0}, "datetime": {"datetime": "2024-01-19 00:43:54", "elapsed": 1915.493145, "delta": 30.16982}}
{"target": -17.6772219973331, "params": {"gamma": 885.5139177421363, "log10_alpha": -0.45463626591802075, "log10_colsample_bytree": -0.14646015080636376, "log10_eta": -3.9303570494099027, "log10_lambda": -4.669217507923941, "log10_min_child_weight": 0.32879493336462784, "log10_subsample": -0.9396143480093635, "max_depth": 3.0, "num_boost_round": 1.0}, "datetime": {"datetime": "2024-01-19 00:43:54", "elapsed": 1915.49656, "delta": 0.003415}}
{"target": -17.677216157629168, "params": {"gamma": 885.5139177421363, "log10_alpha": -0.45463626591802075, "log10_colsample_bytree": -0.14646015080636376, "log10_eta": -3.9303570494099027, "log10_lambda": -4.669217507923941, "log10_min_child_weight": 0.32879493336462784, "log10_subsample": -0.9396143480093635, "max_depth": 3.0, "num_boost_round": 2.0}, "datetime": {"datetime": "2024-01-19 00:43:54", "elapsed": 1915.49903, "delta": 0.00247}}
{"target": -17.677213760079116, "params": {"gamma": 885.5139177421363, "log10_alpha": -0.45463626591802075, "log10_colsample_bytree": -0.14646015080636376, "log10_eta": -3.9303570494099027, "log10_lambda": -4.669217507923941, "log10_min_child_weight": 0.32879493336462784, "log10_subsample": -0.9396143480093635, "max_depth": 3.0, "num_boost_round": 3.0}, "datetime": {"datetime": "2024-01-19 00:43:54", "elapsed": 1915.501389, "delta": 0.002359}}
{"target": -17.67720953258325, "params": {"gamma": 885.5139177421363, "log10_alpha": -0.45463626591802075, "log10_colsample_bytree": -0.14646015080636376, "log10_eta": -3.9303570494099027, "log10_lambda": -4.669217507923941, "log10_min_child_weight": 0.32879493336462784, "log10_subsample": -0.9396143480093635, "max_depth": 3.0, "num_boost_round": 4.0}, "datetime": {"datetime": "2024-01-19 00:43:54", "elapsed": 1915.503753, "delta": 0.002364}}
{"target": -17.6772057848822, "params": {"gamma": 885.5139177421363, "log10_alpha": -0.45463626591802075, "log10_colsample_bytree": -0.14646015080636376, "log10_eta": -3.9303570494099027, "log10_lambda": -4.669217507923941, "log10_min_child_weight": 0.32879493336462784, "log10_subsample": -0.9396143480093635, "max_depth": 3.0, "num_boost_round": 5.0}, "datetime": {"datetime": "2024-01-19 00:43:54", "elapsed": 1915.506025, "delta": 0.002272}}
{"target": -17.677200356735117, "params": {"gamma": 885.5139177421363, "log10_alpha": -0.45463626591802075, "log10_colsample_bytree": -0.14646015080636376, "log10_eta": -3.9303570494099027, "log10_lambda": -4.669217507923941, "log10_min_child_weight": 0.32879493336462784, "log10_subsample": -0.9396143480093635, "max_depth": 3.0, "num_boost_round": 6.0}, "datetime": {"datetime": "2024-01-19 00:43:54", "elapsed": 1915.508281, "delta": 0.002256}}
{"target": -17.677195645243085, "params": {"gamma": 885.5139177421363, "log10_alpha": -0.45463626591802075, "log10_colsample_bytree": -0.14646015080636376, "log10_eta": -3.9303570494099027, "log10_lambda": -4.669217507923941, "log10_min_child_weight": 0.32879493336462784, "log10_subsample": -0.9396143480093635, "max_depth": 3.0, "num_boost_round": 7.0}, "datetime": {"datetime": "2024-01-19 00:43:54", "elapsed": 1915.510562, "delta": 0.002281}}
{"target": -17.67719062407159, "params": {"gamma": 885.5139177421363, "log10_alpha": -0.45463626591802075, "log10_colsample_bytree": -0.14646015080636376, "log10_eta": -3.9303570494099027, "log10_lambda": -4.669217507923941, "log10_min_child_weight": 0.32879493336462784, "log10_subsample": -0.9396143480093635, "max_depth": 3.0, "num_boost_round": 8.0}, "datetime": {"datetime": "2024-01-19 00:43:54", "elapsed": 1915.512927, "delta": 0.002365}}
{"target": -17.67718469467764, "params": {"gamma": 885.5139177421363, "log10_alpha": -0.45463626591802075, "log10_colsample_bytree": -0.14646015080636376, "log10_eta": -3.9303570494099027, "log10_lambda": -4.669217507923941, "log10_min_child_weight": 0.32879493336462784, "log10_subsample": -0.9396143480093635, "max_depth": 3.0, "num_boost_round": 9.0}, "datetime": {"datetime": "2024-01-19 00:43:54", "elapsed": 1915.515173, "delta": 0.002246}}
{"target": -17.677178765260965, "params": {"gamma": 885.5139177421363, "log10_alpha": -0.45463626591802075, "log10_colsample_bytree": -0.14646015080636376, "log10_eta": -3.9303570494099027, "log10_lambda": -4.669217507923941, "log10_min_child_weight": 0.32879493336462784, "log10_subsample": -0.9396143480093635, "max_depth": 3.0, "num_boost_round": 10.0}, "datetime": {"datetime": "2024-01-19 00:43:54", "elapsed": 1915.517517, "delta": 0.002344}}
{"target": -17.677175825012633, "params": {"gamma": 885.5139177421363, "log10_alpha": -0.45463626591802075, "log10_colsample_bytree": -0.14646015080636376, "log10_eta": -3.9303570494099027, "log10_lambda": -4.669217507923941, "log10_min_child_weight": 0.32879493336462784, "log10_subsample": -0.9396143480093635, "max_depth": 3.0, "num_boost_round": 11.0}, "datetime": {"datetime": "2024-01-19 00:43:54", "elapsed": 1915.519794, "delta": 0.002277}}
{"target": -17.67717294753562, "params": {"gamma": 885.5139177421363, "log10_alpha": -0.45463626591802075, "log10_colsample_bytree": -0.14646015080636376, "log10_eta": -3.9303570494099027, "log10_lambda": -4.669217507923941, "log10_min_child_weight": 0.32879493336462784, "log10_subsample": -0.9396143480093635, "max_depth": 3.0, "num_boost_round": 12.0}, "datetime": {"datetime": "2024-01-19 00:43:54", "elapsed": 1915.522183, "delta": 0.002389}}
{"target": -17.67716931597564, "params": {"gamma": 885.5139177421363, "log10_alpha": -0.45463626591802075, "log10_colsample_bytree": -0.14646015080636376, "log10_eta": -3.9303570494099027, "log10_lambda": -4.669217507923941, "log10_min_child_weight": 0.32879493336462784, "log10_subsample": -0.9396143480093635, "max_depth": 3.0, "num_boost_round": 13.0}, "datetime": {"datetime": "2024-01-19 00:43:54", "elapsed": 1915.524649, "delta": 0.002466}}
{"target": -17.677164845697625, "params": {"gamma": 885.5139177421363, "log10_alpha": -0.45463626591802075, "log10_colsample_bytree": -0.14646015080636376, "log10_eta": -3.9303570494099027, "log10_lambda": -4.669217507923941, "log10_min_child_weight": 0.32879493336462784, "log10_subsample": -0.9396143480093635, "max_depth": 3.0, "num_boost_round": 14.0}, "datetime": {"datetime": "2024-01-19 00:43:54", "elapsed": 1915.526922, "delta": 0.002273}}
{"target": -17.677159360709464, "params": {"gamma": 885.5139177421363, "log10_alpha": -0.45463626591802075, "log10_colsample_bytree": -0.14646015080636376, "log10_eta": -3.9303570494099027, "log10_lambda": -4.669217507923941, "log10_min_child_weight": 0.32879493336462784, "log10_subsample": -0.9396143480093635, "max_depth": 3.0, "num_boost_round": 15.0}, "datetime": {"datetime": "2024-01-19 00:43:54", "elapsed": 1915.529182, "delta": 0.00226}}
{"target": -17.677154302577186, "params": {"gamma": 885.5139177421363, "log10_alpha": -0.45463626591802075, "log10_colsample_bytree": -0.14646015080636376, "log10_eta": -3.9303570494099027, "log10_lambda": -4.669217507923941, "log10_min_child_weight": 0.32879493336462784, "log10_subsample": -0.9396143480093635, "max_depth": 3.0, "num_boost_round": 16.0}, "datetime": {"datetime": "2024-01-19 00:43:54", "elapsed": 1915.531467, "delta": 0.002285}}
{"target": -17.677231319800434, "params": {"gamma": 883.2508460003099, "log10_alpha": -2.662357321153163, "log10_colsample_bytree": -0.6905363112731508, "log10_eta": -3.9491001307772557, "log10_lambda": -2.5035971957246224, "log10_min_child_weight": 4.199788014880869, "log10_subsample": -0.5713862053735091, "max_depth": 7.0, "num_boost_round": 0.0}, "datetime": {"datetime": "2024-01-19 00:44:25", "elapsed": 1945.693154, "delta": 30.161687}}
{"target": -17.677229547168995, "params": {"gamma": 883.2508460003099, "log10_alpha": -2.662357321153163, "log10_colsample_bytree": -0.6905363112731508, "log10_eta": -3.9491001307772557, "log10_lambda": -2.5035971957246224, "log10_min_child_weight": 4.199788014880869, "log10_subsample": -0.5713862053735091, "max_depth": 7.0, "num_boost_round": 1.0}, "datetime": {"datetime": "2024-01-19 00:44:25", "elapsed": 1945.696608, "delta": 0.003454}}
{"target": -17.677230646895605, "params": {"gamma": 883.2508460003099, "log10_alpha": -2.662357321153163, "log10_colsample_bytree": -0.6905363112731508, "log10_eta": -3.9491001307772557, "log10_lambda": -2.5035971957246224, "log10_min_child_weight": 4.199788014880869, "log10_subsample": -0.5713862053735091, "max_depth": 7.0, "num_boost_round": 2.0}, "datetime": {"datetime": "2024-01-19 00:44:25", "elapsed": 1945.699125, "delta": 0.002517}}
{"target": -17.67722980604715, "params": {"gamma": 883.2508460003099, "log10_alpha": -2.662357321153163, "log10_colsample_bytree": -0.6905363112731508, "log10_eta": -3.9491001307772557, "log10_lambda": -2.5035971957246224, "log10_min_child_weight": 4.199788014880869, "log10_subsample": -0.5713862053735091, "max_depth": 7.0, "num_boost_round": 3.0}, "datetime": {"datetime": "2024-01-19 00:44:25", "elapsed": 1945.701536, "delta": 0.002411}}
{"target": -17.677228668332276, "params": {"gamma": 883.2508460003099, "log10_alpha": -2.662357321153163, "log10_colsample_bytree": -0.6905363112731508, "log10_eta": -3.9491001307772557, "log10_lambda": -2.5035971957246224, "log10_min_child_weight": 4.199788014880869, "log10_subsample": -0.5713862053735091, "max_depth": 7.0, "num_boost_round": 4.0}, "datetime": {"datetime": "2024-01-19 00:44:25", "elapsed": 1945.703846, "delta": 0.00231}}
{"target": -17.677227959476724, "params": {"gamma": 883.2508460003099, "log10_alpha": -2.662357321153163, "log10_colsample_bytree": -0.6905363112731508, "log10_eta": -3.9491001307772557, "log10_lambda": -2.5035971957246224, "log10_min_child_weight": 4.199788014880869, "log10_subsample": -0.5713862053735091, "max_depth": 7.0, "num_boost_round": 5.0}, "datetime": {"datetime": "2024-01-19 00:44:25", "elapsed": 1945.706093, "delta": 0.002247}}
{"target": -17.677229671620378, "params": {"gamma": 883.2508460003099, "log10_alpha": -2.662357321153163, "log10_colsample_bytree": -0.6905363112731508, "log10_eta": -3.9491001307772557, "log10_lambda": -2.5035971957246224, "log10_min_child_weight": 4.199788014880869, "log10_subsample": -0.5713862053735091, "max_depth": 7.0, "num_boost_round": 6.0}, "datetime": {"datetime": "2024-01-19 00:44:25", "elapsed": 1945.708353, "delta": 0.00226}}
{"target": -17.677228787439144, "params": {"gamma": 883.2508460003099, "log10_alpha": -2.662357321153163, "log10_colsample_bytree": -0.6905363112731508, "log10_eta": -3.9491001307772557, "log10_lambda": -2.5035971957246224, "log10_min_child_weight": 4.199788014880869, "log10_subsample": -0.5713862053735091, "max_depth": 7.0, "num_boost_round": 7.0}, "datetime": {"datetime": "2024-01-19 00:44:25", "elapsed": 1945.71064, "delta": 0.002287}}
{"target": -17.677228017807103, "params": {"gamma": 883.2508460003099, "log10_alpha": -2.662357321153163, "log10_colsample_bytree": -0.6905363112731508, "log10_eta": -3.9491001307772557, "log10_lambda": -2.5035971957246224, "log10_min_child_weight": 4.199788014880869, "log10_subsample": -0.5713862053735091, "max_depth": 7.0, "num_boost_round": 8.0}, "datetime": {"datetime": "2024-01-19 00:44:25", "elapsed": 1945.713, "delta": 0.00236}}
{"target": -17.67722774161422, "params": {"gamma": 883.2508460003099, "log10_alpha": -2.662357321153163, "log10_colsample_bytree": -0.6905363112731508, "log10_eta": -3.9491001307772557, "log10_lambda": -2.5035971957246224, "log10_min_child_weight": 4.199788014880869, "log10_subsample": -0.5713862053735091, "max_depth": 7.0, "num_boost_round": 9.0}, "datetime": {"datetime": "2024-01-19 00:44:25", "elapsed": 1945.715266, "delta": 0.002266}}
{"target": -17.677226952317667, "params": {"gamma": 883.2508460003099, "log10_alpha": -2.662357321153163, "log10_colsample_bytree": -0.6905363112731508, "log10_eta": -3.9491001307772557, "log10_lambda": -2.5035971957246224, "log10_min_child_weight": 4.199788014880869, "log10_subsample": -0.5713862053735091, "max_depth": 7.0, "num_boost_round": 10.0}, "datetime": {"datetime": "2024-01-19 00:44:25", "elapsed": 1945.717634, "delta": 0.002368}}
