{"target": -13.75781062415894, "params": {"gamma": 194.8023981712007, "log10_alpha": 0.6818791779676925, "log10_colsample_bytree": -0.912499055039344, "log10_eta": -2.173924678277513, "log10_lambda": 0.44682909666859594, "log10_min_child_weight": 2.891686781606839, "log10_subsample": -0.1631912637250299, "max_depth": 5.0, "num_boost_round": 9.0}, "datetime": {"datetime": "2024-01-19 00:22:29", "elapsed": 657.518351, "delta": 0.001074}}
{"target": -13.757579227579111, "params": {"gamma": 194.8023981712007, "log10_alpha": 0.6818791779676925, "log10_colsample_bytree": -0.912499055039344, "log10_eta": -2.173924678277513, "log10_lambda": 0.44682909666859594, "log10_min_child_weight": 2.891686781606839, "log10_subsample": -0.1631912637250299, "max_depth": 5.0, "num_boost_round": 10.0}, "datetime": {"datetime": "2024-01-19 00:22:29", "elapsed": 657.51937, "delta": 0.001019}}
{"target": -13.75743861848671, "params": {"gamma": 194.8023981712007, "log10_alpha": 0.6818791779676925, "log10_colsample_bytree": -0.912499055039344, "log10_eta": -2.173924678277513, "log10_lambda": 0.44682909666859594, "log10_min_child_weight": 2.891686781606839, "log10_subsample": -0.1631912637250299, "max_depth": 5.0, "num_boost_round": 11.0}, "datetime": {"datetime": "2024-01-19 00:22:29", "elapsed": 657.520305, "delta": 0.000935}}
{"target": -13.757443484831583, "params": {"gamma": 194.8023981712007, "log10_alpha": 0.6818791779676925, "log10_colsample_bytree": -0.912499055039344, "log10_eta": -2.173924678277513, "log10_lambda": 0.44682909666859594, "log10_min_child_weight": 2.891686781606839, "log10_subsample": -0.1631912637250299, "max_depth": 5.0, "num_boost_round": 12.0}, "datetime": {"datetime": "2024-01-19 00:22:29", "elapsed": 657.521243, "delta": 0.000938}}
{"target": -13.757219266959245, "params": {"gamma": 194.8023981712007, "log10_alpha": 0.6818791779676925, "log10_colsample_bytree": -0.912499055039344, "log10_eta": -2.173924678277513, "log10_lambda": 0.44682909666859594, "log10_min_child_weight": 2.891686781606839, "log10_subsample": -0.1631912637250299, "max_depth": 5.0, "num_boost_round": 13.0}, "datetime": {"datetime": "2024-01-19 00:22:29", "elapsed": 657.522224, "delta": 0.000981}}
{"target": -13.757142774960156, "params": {"gamma": 194.8023981712007, "log10_alpha": 0.6818791779676925, "log10_colsample_bytree": -0.912499055039344, "log10_eta": -2.173924678277513, "log10_lambda": 0.44682909666859594, "log10_min_child_weight": 2.891686781606839, "log10_subsample": -0.1631912637250299, "max_depth": 5.0, "num_boost_round": 14.0}, "datetime": {"datetime": "2024-01-19 00:22:29", "elapsed": 657.523169, "delta": 0.000945}}
{"target": -13.757029605060398, "params": {"gamma": 194.8023981712007, "log10_alpha": 0.6818791779676925, "log10_colsample_bytree": -0.912499055039344, "log10_eta": -2.173924678277513, "log10_lambda": 0.44682909666859594, "log10_min_child_weight": 2.891686781606839, "log10_subsample": -0.1631912637250299, "max_depth": 5.0, "num_boost_round": 15.0}, "datetime": {"datetime": "2024-01-19 00:22:29", "elapsed": 657.524111, "delta": 0.000942}}
{"target": -13.756975302309197, "params": {"gamma": 194.8023981712007, "log10_alpha": 0.6818791779676925, "log10_colsample_bytree": -0.912499055039344, "log10_eta": -2.173924678277513, "log10_lambda": 0.44682909666859594, "log10_min_child_weight": 2.891686781606839, "log10_subsample": -0.1631912637250299, "max_depth": 5.0, "num_boost_round": 16.0}, "datetime": {"datetime": "2024-01-19 00:22:29", "elapsed": 657.525041, "delta": 0.00093}}
{"target": -13.756841343831589, "params": {"gamma": 194.8023981712007, "log10_alpha": 0.6818791779676925, "log10_colsample_bytree": -0.912499055039344, "log10_eta": -2.173924678277513, "log10_lambda": 0.44682909666859594, "log10_min_child_weight": 2.891686781606839, "log10_subsample": -0.1631912637250299, "max_depth": 5.0, "num_boost_round": 17.0}, "datetime": {"datetime": "2024-01-19 00:22:29", "elapsed": 657.525988, "delta": 0.000947}}
{"target": -13.756761477648828, "params": {"gamma": 194.8023981712007, "log10_alpha": 0.6818791779676925, "log10_colsample_bytree": -0.912499055039344, "log10_eta": -2.173924678277513, "log10_lambda": 0.44682909666859594, "log10_min_child_weight": 2.891686781606839, "log10_subsample": -0.1631912637250299, "max_depth": 5.0, "num_boost_round": 18.0}, "datetime": {"datetime": "2024-01-19 00:22:29", "elapsed": 657.526951, "delta": 0.000963}}
{"target": -13.758385318657384, "params": {"gamma": 195.76230137206474, "log10_alpha": -3.153035620579514, "log10_colsample_bytree": -0.58099926597853, "log10_eta": -1.9644907241999143, "log10_lambda": -3.3957629597113907, "log10_min_child_weight": 1.0983309795056428, "log10_subsample": -0.6863477594899655, "max_depth": 3.0, "num_boost_round": 0.0}, "datetime": {"datetime": "2024-01-19 00:22:51", "elapsed": 679.061723, "delta": 21.534772}}
{"target": -13.758147435708109, "params": {"gamma": 195.76230137206474, "log10_alpha": -3.153035620579514, "log10_colsample_bytree": -0.58099926597853, "log10_eta": -1.9644907241999143, "log10_lambda": -3.3957629597113907, "log10_min_child_weight": 1.0983309795056428, "log10_subsample": -0.6863477594899655, "max_depth": 3.0, "num_boost_round": 1.0}, "datetime": {"datetime": "2024-01-19 00:22:51", "elapsed": 679.062893, "delta": 0.00117}}
{"target": -13.758052788036466, "params": {"gamma": 195.76230137206474, "log10_alpha": -3.153035620579514, "log10_colsample_bytree": -0.58099926597853, "log10_eta": -1.9644907241999143, "log10_lambda": -3.3957629597113907, "log10_min_child_weight": 1.0983309795056428, "log10_subsample": -0.6863477594899655, "max_depth": 3.0, "num_boost_round": 2.0}, "datetime": {"datetime": "2024-01-19 00:22:51", "elapsed": 679.064322, "delta": 0.001429}}
{"target": -13.758004769920936, "params": {"gamma": 195.76230137206474, "log10_alpha": -3.153035620579514, "log10_colsample_bytree": -0.58099926597853, "log10_eta": -1.9644907241999143, "log10_lambda": -3.3957629597113907, "log10_min_child_weight": 1.0983309795056428, "log10_subsample": -0.6863477594899655, "max_depth": 3.0, "num_boost_round": 3.0}, "datetime": {"datetime": "2024-01-19 00:22:51", "elapsed": 679.065714, "delta": 0.001392}}
{"target": -13.757966815384668, "params": {"gamma": 195.76230137206474, "log10_alpha": -3.153035620579514, "log10_colsample_bytree": -0.58099926597853, "log10_eta": -1.9644907241999143, "log10_lambda": -3.3957629597113907, "log10_min_child_weight": 1.0983309795056428, "log10_subsample": -0.6863477594899655, "max_depth": 3.0, "num_boost_round": 4.0}, "datetime": {"datetime": "2024-01-19 00:22:51", "elapsed": 679.066825, "delta": 0.001111}}
{"target": -13.757872782558435, "params": {"gamma": 195.76230137206474, "log10_alpha": -3.153035620579514, "log10_colsample_bytree": -0.58099926597853, "log10_eta": -1.9644907241999143, "log10_lambda": -3.3957629597113907, "log10_min_child_weight": 1.0983309795056428, "log10_subsample": -0.6863477594899655, "max_depth": 3.0, "num_boost_round": 5.0}, "datetime": {"datetime": "2024-01-19 00:22:51", "elapsed": 679.067784, "delta": 0.000959}}
{"target": -13.757744042364786, "params": {"gamma": 195.76230137206474, "log10_alpha": -3.153035620579514, "log10_colsample_bytree": -0.58099926597853, "log10_eta": -1.9644907241999143, "log10_lambda": -3.3957629597113907, "log10_min_child_weight": 1.0983309795056428, "log10_subsample": -0.6863477594899655, "max_depth": 3.0, "num_boost_round": 6.0}, "datetime": {"datetime": "2024-01-19 00:22:51", "elapsed": 679.068736, "delta": 0.000952}}
{"target": -13.757588019809637, "params": {"gamma": 195.76230137206474, "log10_alpha": -3.153035620579514, "log10_colsample_bytree": -0.58099926597853, "log10_eta": -1.9644907241999143, "log10_lambda": -3.3957629597113907, "log10_min_child_weight": 1.0983309795056428, "log10_subsample": -0.6863477594899655, "max_depth": 3.0, "num_boost_round": 7.0}, "datetime": {"datetime": "2024-01-19 00:22:51", "elapsed": 679.06968, "delta": 0.000944}}
{"target": -13.757605568237484, "params": {"gamma": 195.76230137206474, "log10_alpha": -3.153035620579514, "log10_colsample_bytree": -0.58099926597853, "log10_eta": -1.9644907241999143, "log10_lambda": -3.3957629597113907, "log10_min_child_weight": 1.0983309795056428, "log10_subsample": -0.6863477594899655, "max_depth": 3.0, "num_boost_round": 8.0}, "datetime": {"datetime": "2024-01-19 00:22:51", "elapsed": 679.070636, "delta": 0.000956}}
{"target": -13.757527676633707, "params": {"gamma": 195.76230137206474, "log10_alpha": -3.153035620579514, "log10_colsample_bytree": -0.58099926597853, "log10_eta": -1.9644907241999143, "log10_lambda": -3.3957629597113907, "log10_min_child_weight": 1.0983309795056428, "log10_subsample": -0.6863477594899655, "max_depth": 3.0, "num_boost_round": 9.0}, "datetime": {"datetime": "2024-01-19 00:22:51", "elapsed": 679.071729, "delta": 0.001093}}
{"target": -13.757330032067703, "params": {"gamma": 195.76230137206474, "log10_alpha": -3.153035620579514, "log10_colsample_bytree": -0.58099926597853, "log10_eta": -1.9644907241999143, "log10_lambda": -3.3957629597113907, "log10_min_child_weight": 1.0983309795056428, "log10_subsample": -0.6863477594899655, "max_depth": 3.0, "num_boost_round": 10.0}, "datetime": {"datetime": "2024-01-19 00:22:51", "elapsed": 679.072717, "delta": 0.000988}}
{"target": -13.757237469726718, "params": {"gamma": 195.76230137206474, "log10_alpha": -3.153035620579514, "log10_colsample_bytree": -0.58099926597853, "log10_eta": -1.9644907241999143, "log10_lambda": -3.3957629597113907, "log10_min_child_weight": 1.0983309795056428, "log10_subsample": -0.6863477594899655, "max_depth": 3.0, "num_boost_round": 11.0}, "datetime": {"datetime": "2024-01-19 00:22:51", "elapsed": 679.073677, "delta": 0.00096}}
{"target": -13.757009976038583, "params": {"gamma": 195.76230137206474, "log10_alpha": -3.153035620579514, "log10_colsample_bytree": -0.58099926597853, "log10_eta": -1.9644907241999143, "log10_lambda": -3.3957629597113907, "log10_min_child_weight": 1.0983309795056428, "log10_subsample": -0.6863477594899655, "max_depth": 3.0, "num_boost_round": 12.0}, "datetime": {"datetime": "2024-01-19 00:22:51", "elapsed": 679.074648, "delta": 0.000971}}
{"target": -13.757044214527447, "params": {"gamma": 195.76230137206474, "log10_alpha": -3.153035620579514, "log10_colsample_bytree": -0.58099926597853, "log10_eta": -1.9644907241999143, "log10_lambda": -3.3957629597113907, "log10_min_child_weight": 1.0983309795056428, "log10_subsample": -0.6863477594899655, "max_depth": 3.0, "num_boost_round": 13.0}, "datetime": {"datetime": "2024-01-19 00:22:51", "elapsed": 679.075607, "delta": 0.000959}}
{"target": -13.757088203484015, "params": {"gamma": 195.76230137206474, "log10_alpha": -3.153035620579514, "log10_colsample_bytree": -0.58099926597853, "log10_eta": -1.9644907241999143, "log10_lambda": -3.3957629597113907, "log10_min_child_weight": 1.0983309795056428, "log10_subsample": -0.6863477594899655, "max_depth": 3.0, "num_boost_round": 14.0}, "datetime": {"datetime": "2024-01-19 00:22:51", "elapsed": 679.076566, "delta": 0.000959}}
{"target": -13.756930376562199, "params": {"gamma": 195.76230137206474, "log10_alpha": -3.153035620579514, "log10_colsample_bytree": -0.58099926597853, "log10_eta": -1.9644907241999143, "log10_lambda": -3.3957629597113907, "log10_min_child_weight": 1.0983309795056428, "log10_subsample": -0.6863477594899655, "max_depth": 3.0, "num_boost_round": 15.0}, "datetime": {"datetime": "2024-01-19 00:22:51", "elapsed": 679.077672, "delta": 0.001106}}
{"target": -13.756898037624445, "params": {"gamma": 195.76230137206474, "log10_alpha": -3.153035620579514, "log10_colsample_bytree": -0.58099926597853, "log10_eta": -1.9644907241999143, "log10_lambda": -3.3957629597113907, "log10_min_child_weight": 1.0983309795056428, "log10_subsample": -0.6863477594899655, "max_depth": 3.0, "num_boost_round": 16.0}, "datetime": {"datetime": "2024-01-19 00:22:51", "elapsed": 679.078672, "delta": 0.001}}
{"target": -13.757070028837068, "params": {"gamma": 195.76230137206474, "log10_alpha": -3.153035620579514, "log10_colsample_bytree": -0.58099926597853, "log10_eta": -1.9644907241999143, "log10_lambda": -3.3957629597113907, "log10_min_child_weight": 1.0983309795056428, "log10_subsample": -0.6863477594899655, "max_depth": 3.0, "num_boost_round": 17.0}, "datetime": {"datetime": "2024-01-19 00:22:51", "elapsed": 679.079765, "delta": 0.001093}}
{"target": -13.757000634038903, "params": {"gamma": 195.76230137206474, "log10_alpha": -3.153035620579514, "log10_colsample_bytree": -0.58099926597853, "log10_eta": -1.9644907241999143, "log10_lambda": -3.3957629597113907, "log10_min_child_weight": 1.0983309795056428, "log10_subsample": -0.6863477594899655, "max_depth": 3.0, "num_boost_round": 18.0}, "datetime": {"datetime": "2024-01-19 00:22:51", "elapsed": 679.080728, "delta": 0.000963}}
{"target": -13.757009506414521, "params": {"gamma": 195.76230137206474, "log10_alpha": -3.153035620579514, "log10_colsample_bytree": -0.58099926597853, "log10_eta": -1.9644907241999143, "log10_lambda": -3.3957629597113907, "log10_min_child_weight": 1.0983309795056428, "log10_subsample": -0.6863477594899655, "max_depth": 3.0, "num_boost_round": 19.0}, "datetime": {"datetime": "2024-01-19 00:22:51", "elapsed": 679.081721, "delta": 0.000993}}
{"target": -13.75857734835677, "params": {"gamma": 199.64248880633463, "log10_alpha": -3.3335111976394067, "log10_colsample_bytree": -0.411463752732632, "log10_eta": -2.477663452015373, "log10_lambda": -4.635452531135466, "log10_min_child_weight": 2.0084006804156513, "log10_subsample": -0.6686789015231104, "max_depth": 9.0, "num_boost_round": 0.0}, "datetime": {"datetime": "2024-01-19 00:23:11", "elapsed": 699.490403, "delta": 20.408682}}
{"target": -13.758457196952472, "params": {"gamma": 199.64248880633463, "log10_alpha": -3.3335111976394067, "log10_colsample_bytree": -0.411463752732632, "log10_eta": -2.477663452015373, "log10_lambda": -4.635452531135466, "log10_min_child_weight": 2.0084006804156513, "log10_subsample": -0.6686789015231104, "max_depth": 9.0, "num_boost_round": 1.0}, "datetime": {"datetime": "2024-01-19 00:23:11", "elapsed": 699.491893, "delta": 0.00149}}
{"target": -13.758227619483275, "params": {"gamma": 199.64248880633463, "log10_alpha": -3.3335111976394067, "log10_colsample_bytree": -0.411463752732632, "log10_eta": -2.477663452015373, "log10_lambda": -4.635452531135466, "log10_min_child_weight": 2.0084006804156513, "log10_subsample": -0.6686789015231104, "max_depth": 9.0, "num_boost_round": 2.0}, "datetime": {"datetime": "2024-01-19 00:23:11", "elapsed": 699.493161, "delta": 0.001268}}
{"target": -13.758029597579696, "params": {"gamma": 199.64248880633463, "log10_alpha": -3.3335111976394067, "log10_colsample_bytree": -0.411463752732632, "log10_eta": -2.477663452015373, "log10_lambda": -4.635452531135466, "log10_min_child_weight": 2.0084006804156513, "log10_subsample": -0.6686789015231104, "max_depth": 9.0, "num_boost_round": 3.0}, "datetime": {"datetime": "2024-01-19 00:23:11", "elapsed": 699.494147, "delta": 0.000986}}
{"target": -13.75785704542447, "params": {"gamma": 199.64248880633463, "log10_alpha": -3.3335111976394067, "log10_colsample_bytree": -0.411463752732632, "log10_eta": -2.477663452015373, "log10_lambda": -4.635452531135466, "log10_min_child_weight": 2.0084006804156513, "log10_subsample": -0.6686789015231104, "max_depth": 9.0, "num_boost_round": 4.0}, "datetime": {"datetime": "2024-01-19 00:23:11", "elapsed": 699.495417, "delta": 0.00127}}
{"target": -13.757789481028906, "params": {"gamma": 199.64248880633463, "log10_alpha": -3.3335111976394067, "log10_colsample_bytree": -0.411463752732632, "log10_eta": -2.477663452015373, "log10_lambda": -4.635452531135466, "log10_min_child_weight": 2.0084006804156513, "log10_subsample": -0.6686789015231104, "max_depth": 9.0, "num_boost_round": 5.0}, "datetime": {"datetime": "2024-01-19 00:23:11", "elapsed": 699.496412, "delta": 0.000995}}
{"target": -13.7578933951939, "params": {"gamma": 199.64248880633463, "log10_alpha": -3.3335111976394067, "log10_colsample_bytree": -0.411463752732632, "log10_eta": -2.477663452015373, "log10_lambda": -4.635452531135466, "log10_min_child_weight": 2.0084006804156513, "log10_subsample": -0.6686789015231104, "max_depth": 9.0, "num_boost_round": 6.0}, "datetime": {"datetime": "2024-01-19 00:23:11", "elapsed": 699.497525, "delta": 0.001113}}
{"target": -13.757735073758923, "params": {"gamma": 199.64248880633463, "log10_alpha": -3.3335111976394067, "log10_colsample_bytree": -0.411463752732632, "log10_eta": -2.477663452015373, "log10_lambda": -4.635452531135466, "log10_min_child_weight": 2.0084006804156513, "log10_subsample": -0.6686789015231104, "max_depth": 9.0, "num_boost_round": 7.0}, "datetime": {"datetime": "2024-01-19 00:23:11", "elapsed": 699.498512, "delta": 0.000987}}
{"target": -13.757624283611658, "params": {"gamma": 199.64248880633463, "log10_alpha": -3.3335111976394067, "log10_colsample_bytree": -0.411463752732632, "log10_eta": -2.477663452015373, "log10_lambda": -4.635452531135466, "log10_min_child_weight": 2.0084006804156513, "log10_subsample": -0.6686789015231104, "max_depth": 9.0, "num_boost_round": 8.0}, "datetime": {"datetime": "2024-01-19 00:23:11", "elapsed": 699.499604, "delta": 0.001092}}
{"target": -13.757526916163242, "params": {"gamma": 199.64248880633463, "log10_alpha": -3.3335111976394067, "log10_colsample_bytree": -0.411463752732632, "log10_eta": -2.477663452015373, "log10_lambda": -4.635452531135466, "log10_min_child_weight": 2.0084006804156513, "log10_subsample": -0.6686789015231104, "max_depth": 9.0, "num_boost_round": 9.0}, "datetime": {"datetime": "2024-01-19 00:23:11", "elapsed": 699.500586, "delta": 0.000982}}
{"target": -13.757465480484669, "params": {"gamma": 199.64248880633463, "log10_alpha": -3.3335111976394067, "log10_colsample_bytree": -0.411463752732632, "log10_eta": -2.477663452015373, "log10_lambda": -4.635452531135466, "log10_min_child_weight": 2.0084006804156513, "log10_subsample": -0.6686789015231104, "max_depth": 9.0, "num_boost_round": 10.0}, "datetime": {"datetime": "2024-01-19 00:23:11", "elapsed": 699.501567, "delta": 0.000981}}
{"target": -13.758431635693798, "params": {"gamma": 195.89517892397456, "log10_alpha": -1.6108098039569123, "log10_colsample_bytree": -0.47364457659944903, "log10_eta": -2.6471536253031305, "log10_lambda": -0.3675119847651924, "log10_min_child_weight": 1.4781540945198386, "log10_subsample": -0.35161845301915196, "max_depth": 9.0, "num_boost_round": 0.0}, "datetime": {"datetime": "2024-01-19 00:23:44", "elapsed": 731.976941, "delta": 32.475374}}
{"target": -13.758209082269008, "params": {"gamma": 195.89517892397456, "log10_alpha": -1.6108098039569123, "log10_colsample_bytree": -0.47364457659944903, "log10_eta": -2.6471536253031305, "log10_lambda": -0.3675119847651924, "log10_min_child_weight": 1.4781540945198386, "log10_subsample": -0.35161845301915196, "max_depth": 9.0, "num_boost_round": 1.0}, "datetime": {"datetime": "2024-01-19 00:23:44", "elapsed": 731.978571, "delta": 0.00163}}
{"target": -13.758126280045197, "params": {"gamma": 195.89517892397456, "log10_alpha": -1.6108098039569123, "log10_colsample_bytree": -0.47364457659944903, "log10_eta": -2.6471536253031305, "log10_lambda": -0.3675119847651924, "log10_min_child_weight": 1.4781540945198386, "log10_subsample": -0.35161845301915196, "max_depth": 9.0, "num_boost_round": 2.0}, "datetime": {"datetime": "2024-01-19 00:23:44", "elapsed": 731.980241, "delta": 0.00167}}
{"target": -13.757999818240222, "params": {"gamma": 195.89517892397456, "log10_alpha": -1.6108098039569123, "log10_colsample_bytree": -0.47364457659944903, "log10_eta": -2.6471536253031305, "log10_lambda": -0.3675119847651924, "log10_min_child_weight": 1.4781540945198386, "log10_subsample": -0.35161845301915196, "max_depth": 9.0, "num_boost_round": 3.0}, "datetime": {"datetime": "2024-01-19 00:23:44", "elapsed": 731.981268, "delta": 0.001027}}
{"target": -13.757871132762075, "params": {"gamma": 195.89517892397456, "log10_alpha": -1.6108098039569123, "log10_colsample_bytree": -0.47364457659944903, "log10_eta": -2.6471536253031305, "log10_lambda": -0.3675119847651924, "log10_min_child_weight": 1.4781540945198386, "log10_subsample": -0.35161845301915196, "max_depth": 9.0, "num_boost_round": 4.0}, "datetime": {"datetime": "2024-01-19 00:23:44", "elapsed": 731.982257, "delta": 0.000989}}
{"target": -13.75780567331773, "params": {"gamma": 195.89517892397456, "log10_alpha": -1.6108098039569123, "log10_colsample_bytree": -0.47364457659944903, "log10_eta": -2.6471536253031305, "log10_lambda": -0.3675119847651924, "log10_min_child_weight": 1.4781540945198386, "log10_subsample": -0.35161845301915196, "max_depth": 9.0, "num_boost_round": 5.0}, "datetime": {"datetime": "2024-01-19 00:23:44", "elapsed": 731.983237, "delta": 0.00098}}
{"target": -13.7577975064748, "params": {"gamma": 195.89517892397456, "log10_alpha": -1.6108098039569123, "log10_colsample_bytree": -0.47364457659944903, "log10_eta": -2.6471536253031305, "log10_lambda": -0.3675119847651924, "log10_min_child_weight": 1.4781540945198386, "log10_subsample": -0.35161845301915196, "max_depth": 9.0, "num_boost_round": 6.0}, "datetime": {"datetime": "2024-01-19 00:23:44", "elapsed": 731.984262, "delta": 0.001025}}
{"target": -13.757544586945173, "params": {"gamma": 195.89517892397456, "log10_alpha": -1.6108098039569123, "log10_colsample_bytree": -0.47364457659944903, "log10_eta": -2.6471536253031305, "log10_lambda": -0.3675119847651924, "log10_min_child_weight": 1.4781540945198386, "log10_subsample": -0.35161845301915196, "max_depth": 9.0, "num_boost_round": 7.0}, "datetime": {"datetime": "2024-01-19 00:23:44", "elapsed": 731.985263, "delta": 0.001001}}
