{"target": -14.65245874327217, "params": {"gamma": 568.2532638497934, "log10_alpha": -2.6495335595115836, "log10_colsample_bytree": -0.7494340622624429, "log10_eta": -0.35090795312493706, "log10_lambda": -2.5500488708009303, "log10_min_child_weight": 1.2587462681067396, "log10_subsample": -0.6951549741601131, "max_depth": 9.0, "num_boost_round": 13.0}, "datetime": {"datetime": "2024-01-19 00:17:26", "elapsed": 378.065361, "delta": 0.000567}}
{"target": -14.692283286191271, "params": {"gamma": 568.2532638497934, "log10_alpha": -2.6495335595115836, "log10_colsample_bytree": -0.7494340622624429, "log10_eta": -0.35090795312493706, "log10_lambda": -2.5500488708009303, "log10_min_child_weight": 1.2587462681067396, "log10_subsample": -0.6951549741601131, "max_depth": 9.0, "num_boost_round": 14.0}, "datetime": {"datetime": "2024-01-19 00:17:26", "elapsed": 378.065926, "delta": 0.000565}}
{"target": -14.715297359817567, "params": {"gamma": 568.2532638497934, "log10_alpha": -2.6495335595115836, "log10_colsample_bytree": -0.7494340622624429, "log10_eta": -0.35090795312493706, "log10_lambda": -2.5500488708009303, "log10_min_child_weight": 1.2587462681067396, "log10_subsample": -0.6951549741601131, "max_depth": 9.0, "num_boost_round": 15.0}, "datetime": {"datetime": "2024-01-19 00:17:26", "elapsed": 378.070198, "delta": 0.004272}}
{"target": -14.737475876655143, "params": {"gamma": 568.2532638497934, "log10_alpha": -2.6495335595115836, "log10_colsample_bytree": -0.7494340622624429, "log10_eta": -0.35090795312493706, "log10_lambda": -2.5500488708009303, "log10_min_child_weight": 1.2587462681067396, "log10_subsample": -0.6951549741601131, "max_depth": 9.0, "num_boost_round": 16.0}, "datetime": {"datetime": "2024-01-19 00:17:26", "elapsed": 378.070755, "delta": 0.000557}}
{"target": -14.750993158292594, "params": {"gamma": 568.2532638497934, "log10_alpha": -2.6495335595115836, "log10_colsample_bytree": -0.7494340622624429, "log10_eta": -0.35090795312493706, "log10_lambda": -2.5500488708009303, "log10_min_child_weight": 1.2587462681067396, "log10_subsample": -0.6951549741601131, "max_depth": 9.0, "num_boost_round": 17.0}, "datetime": {"datetime": "2024-01-19 00:17:26", "elapsed": 378.071339, "delta": 0.000584}}
{"target": -14.775567547394155, "params": {"gamma": 568.2532638497934, "log10_alpha": -2.6495335595115836, "log10_colsample_bytree": -0.7494340622624429, "log10_eta": -0.35090795312493706, "log10_lambda": -2.5500488708009303, "log10_min_child_weight": 1.2587462681067396, "log10_subsample": -0.6951549741601131, "max_depth": 9.0, "num_boost_round": 18.0}, "datetime": {"datetime": "2024-01-19 00:17:26", "elapsed": 378.071937, "delta": 0.000598}}
{"target": -14.807424800950693, "params": {"gamma": 568.2532638497934, "log10_alpha": -2.6495335595115836, "log10_colsample_bytree": -0.7494340622624429, "log10_eta": -0.35090795312493706, "log10_lambda": -2.5500488708009303, "log10_min_child_weight": 1.2587462681067396, "log10_subsample": -0.6951549741601131, "max_depth": 9.0, "num_boost_round": 19.0}, "datetime": {"datetime": "2024-01-19 00:17:26", "elapsed": 378.072521, "delta": 0.000584}}
{"target": -14.831740133953668, "params": {"gamma": 568.2532638497934, "log10_alpha": -2.6495335595115836, "log10_colsample_bytree": -0.7494340622624429, "log10_eta": -0.35090795312493706, "log10_lambda": -2.5500488708009303, "log10_min_child_weight": 1.2587462681067396, "log10_subsample": -0.6951549741601131, "max_depth": 9.0, "num_boost_round": 20.0}, "datetime": {"datetime": "2024-01-19 00:17:26", "elapsed": 378.073104, "delta": 0.000583}}
{"target": -14.857684534360407, "params": {"gamma": 568.2532638497934, "log10_alpha": -2.6495335595115836, "log10_colsample_bytree": -0.7494340622624429, "log10_eta": -0.35090795312493706, "log10_lambda": -2.5500488708009303, "log10_min_child_weight": 1.2587462681067396, "log10_subsample": -0.6951549741601131, "max_depth": 9.0, "num_boost_round": 21.0}, "datetime": {"datetime": "2024-01-19 00:17:26", "elapsed": 378.07368, "delta": 0.000576}}
{"target": -13.758536696805846, "params": {"gamma": 572.0974307388913, "log10_alpha": 0.9817881732630154, "log10_colsample_bytree": -0.13997477987559226, "log10_eta": -3.8529286867432897, "log10_lambda": -2.659403209103321, "log10_min_child_weight": 2.7058225064192194, "log10_subsample": -0.7204197159312847, "max_depth": 2.0, "num_boost_round": 0.0}, "datetime": {"datetime": "2024-01-19 00:17:44", "elapsed": 396.7349, "delta": 18.66122}}
{"target": -13.758534971281057, "params": {"gamma": 572.0974307388913, "log10_alpha": 0.9817881732630154, "log10_colsample_bytree": -0.13997477987559226, "log10_eta": -3.8529286867432897, "log10_lambda": -2.659403209103321, "log10_min_child_weight": 2.7058225064192194, "log10_subsample": -0.7204197159312847, "max_depth": 2.0, "num_boost_round": 1.0}, "datetime": {"datetime": "2024-01-19 00:17:44", "elapsed": 396.735767, "delta": 0.000867}}
{"target": -13.758531965882666, "params": {"gamma": 572.0974307388913, "log10_alpha": 0.9817881732630154, "log10_colsample_bytree": -0.13997477987559226, "log10_eta": -3.8529286867432897, "log10_lambda": -2.659403209103321, "log10_min_child_weight": 2.7058225064192194, "log10_subsample": -0.7204197159312847, "max_depth": 2.0, "num_boost_round": 2.0}, "datetime": {"datetime": "2024-01-19 00:17:44", "elapsed": 396.736354, "delta": 0.000587}}
{"target": -13.758530624805283, "params": {"gamma": 572.0974307388913, "log10_alpha": 0.9817881732630154, "log10_colsample_bytree": -0.13997477987559226, "log10_eta": -3.8529286867432897, "log10_lambda": -2.659403209103321, "log10_min_child_weight": 2.7058225064192194, "log10_subsample": -0.7204197159312847, "max_depth": 2.0, "num_boost_round": 3.0}, "datetime": {"datetime": "2024-01-19 00:17:44", "elapsed": 396.737137, "delta": 0.000783}}
{"target": -13.758528680878252, "params": {"gamma": 572.0974307388913, "log10_alpha": 0.9817881732630154, "log10_colsample_bytree": -0.13997477987559226, "log10_eta": -3.8529286867432897, "log10_lambda": -2.659403209103321, "log10_min_child_weight": 2.7058225064192194, "log10_subsample": -0.7204197159312847, "max_depth": 2.0, "num_boost_round": 4.0}, "datetime": {"datetime": "2024-01-19 00:17:44", "elapsed": 396.737694, "delta": 0.000557}}
{"target": -13.758527832468673, "params": {"gamma": 572.0974307388913, "log10_alpha": 0.9817881732630154, "log10_colsample_bytree": -0.13997477987559226, "log10_eta": -3.8529286867432897, "log10_lambda": -2.659403209103321, "log10_min_child_weight": 2.7058225064192194, "log10_subsample": -0.7204197159312847, "max_depth": 2.0, "num_boost_round": 5.0}, "datetime": {"datetime": "2024-01-19 00:17:44", "elapsed": 396.738283, "delta": 0.000589}}
{"target": -13.758527270226136, "params": {"gamma": 572.0974307388913, "log10_alpha": 0.9817881732630154, "log10_colsample_bytree": -0.13997477987559226, "log10_eta": -3.8529286867432897, "log10_lambda": -2.659403209103321, "log10_min_child_weight": 2.7058225064192194, "log10_subsample": -0.7204197159312847, "max_depth": 2.0, "num_boost_round": 6.0}, "datetime": {"datetime": "2024-01-19 00:17:44", "elapsed": 396.738869, "delta": 0.000586}}
{"target": -13.758526738054213, "params": {"gamma": 572.0974307388913, "log10_alpha": 0.9817881732630154, "log10_colsample_bytree": -0.13997477987559226, "log10_eta": -3.8529286867432897, "log10_lambda": -2.659403209103321, "log10_min_child_weight": 2.7058225064192194, "log10_subsample": -0.7204197159312847, "max_depth": 2.0, "num_boost_round": 7.0}, "datetime": {"datetime": "2024-01-19 00:17:44", "elapsed": 396.739532, "delta": 0.000663}}
{"target": -13.758525085668024, "params": {"gamma": 572.0974307388913, "log10_alpha": 0.9817881732630154, "log10_colsample_bytree": -0.13997477987559226, "log10_eta": -3.8529286867432897, "log10_lambda": -2.659403209103321, "log10_min_child_weight": 2.7058225064192194, "log10_subsample": -0.7204197159312847, "max_depth": 2.0, "num_boost_round": 8.0}, "datetime": {"datetime": "2024-01-19 00:17:44", "elapsed": 396.740122, "delta": 0.00059}}
{"target": -13.758523690867344, "params": {"gamma": 572.0974307388913, "log10_alpha": 0.9817881732630154, "log10_colsample_bytree": -0.13997477987559226, "log10_eta": -3.8529286867432897, "log10_lambda": -2.659403209103321, "log10_min_child_weight": 2.7058225064192194, "log10_subsample": -0.7204197159312847, "max_depth": 2.0, "num_boost_round": 9.0}, "datetime": {"datetime": "2024-01-19 00:17:44", "elapsed": 396.740708, "delta": 0.000586}}
{"target": -13.758521941915806, "params": {"gamma": 572.0974307388913, "log10_alpha": 0.9817881732630154, "log10_colsample_bytree": -0.13997477987559226, "log10_eta": -3.8529286867432897, "log10_lambda": -2.659403209103321, "log10_min_child_weight": 2.7058225064192194, "log10_subsample": -0.7204197159312847, "max_depth": 2.0, "num_boost_round": 10.0}, "datetime": {"datetime": "2024-01-19 00:17:44", "elapsed": 396.741308, "delta": 0.0006}}
{"target": -13.758518382144379, "params": {"gamma": 572.0974307388913, "log10_alpha": 0.9817881732630154, "log10_colsample_bytree": -0.13997477987559226, "log10_eta": -3.8529286867432897, "log10_lambda": -2.659403209103321, "log10_min_child_weight": 2.7058225064192194, "log10_subsample": -0.7204197159312847, "max_depth": 2.0, "num_boost_round": 11.0}, "datetime": {"datetime": "2024-01-19 00:17:44", "elapsed": 396.741907, "delta": 0.000599}}
{"target": -13.758515875849584, "params": {"gamma": 572.0974307388913, "log10_alpha": 0.9817881732630154, "log10_colsample_bytree": -0.13997477987559226, "log10_eta": -3.8529286867432897, "log10_lambda": -2.659403209103321, "log10_min_child_weight": 2.7058225064192194, "log10_subsample": -0.7204197159312847, "max_depth": 2.0, "num_boost_round": 12.0}, "datetime": {"datetime": "2024-01-19 00:17:44", "elapsed": 396.742612, "delta": 0.000705}}
{"target": -13.758516203669906, "params": {"gamma": 572.0974307388913, "log10_alpha": 0.9817881732630154, "log10_colsample_bytree": -0.13997477987559226, "log10_eta": -3.8529286867432897, "log10_lambda": -2.659403209103321, "log10_min_child_weight": 2.7058225064192194, "log10_subsample": -0.7204197159312847, "max_depth": 2.0, "num_boost_round": 13.0}, "datetime": {"datetime": "2024-01-19 00:17:44", "elapsed": 396.74323, "delta": 0.000618}}
{"target": -13.758531043477872, "params": {"gamma": 569.24290249428, "log10_alpha": -0.08836369424359436, "log10_colsample_bytree": -0.31364915972540774, "log10_eta": -3.1254329998134898, "log10_lambda": -3.4717252536317478, "log10_min_child_weight": 1.1384488756549338, "log10_subsample": -0.029417416935611507, "max_depth": 2.0, "num_boost_round": 0.0}, "datetime": {"datetime": "2024-01-19 00:18:02", "elapsed": 414.687545, "delta": 17.944315}}
{"target": -13.75851756081955, "params": {"gamma": 569.24290249428, "log10_alpha": -0.08836369424359436, "log10_colsample_bytree": -0.31364915972540774, "log10_eta": -3.1254329998134898, "log10_lambda": -3.4717252536317478, "log10_min_child_weight": 1.1384488756549338, "log10_subsample": -0.029417416935611507, "max_depth": 2.0, "num_boost_round": 1.0}, "datetime": {"datetime": "2024-01-19 00:18:02", "elapsed": 414.688465, "delta": 0.00092}}
{"target": -13.758517677562432, "params": {"gamma": 569.24290249428, "log10_alpha": -0.08836369424359436, "log10_colsample_bytree": -0.31364915972540774, "log10_eta": -3.1254329998134898, "log10_lambda": -3.4717252536317478, "log10_min_child_weight": 1.1384488756549338, "log10_subsample": -0.029417416935611507, "max_depth": 2.0, "num_boost_round": 2.0}, "datetime": {"datetime": "2024-01-19 00:18:02", "elapsed": 414.68922, "delta": 0.000755}}
{"target": -13.758512636354752, "params": {"gamma": 569.24290249428, "log10_alpha": -0.08836369424359436, "log10_colsample_bytree": -0.31364915972540774, "log10_eta": -3.1254329998134898, "log10_lambda": -3.4717252536317478, "log10_min_child_weight": 1.1384488756549338, "log10_subsample": -0.029417416935611507, "max_depth": 2.0, "num_boost_round": 3.0}, "datetime": {"datetime": "2024-01-19 00:18:02", "elapsed": 414.689842, "delta": 0.000622}}
{"target": -13.758502402141076, "params": {"gamma": 569.24290249428, "log10_alpha": -0.08836369424359436, "log10_colsample_bytree": -0.31364915972540774, "log10_eta": -3.1254329998134898, "log10_lambda": -3.4717252536317478, "log10_min_child_weight": 1.1384488756549338, "log10_subsample": -0.029417416935611507, "max_depth": 2.0, "num_boost_round": 4.0}, "datetime": {"datetime": "2024-01-19 00:18:02", "elapsed": 414.690569, "delta": 0.000727}}
{"target": -13.758499702710584, "params": {"gamma": 569.24290249428, "log10_alpha": -0.08836369424359436, "log10_colsample_bytree": -0.31364915972540774, "log10_eta": -3.1254329998134898, "log10_lambda": -3.4717252536317478, "log10_min_child_weight": 1.1384488756549338, "log10_subsample": -0.029417416935611507, "max_depth": 2.0, "num_boost_round": 5.0}, "datetime": {"datetime": "2024-01-19 00:18:02", "elapsed": 414.691183, "delta": 0.000614}}
{"target": -13.758499901436657, "params": {"gamma": 569.24290249428, "log10_alpha": -0.08836369424359436, "log10_colsample_bytree": -0.31364915972540774, "log10_eta": -3.1254329998134898, "log10_lambda": -3.4717252536317478, "log10_min_child_weight": 1.1384488756549338, "log10_subsample": -0.029417416935611507, "max_depth": 2.0, "num_boost_round": 6.0}, "datetime": {"datetime": "2024-01-19 00:18:02", "elapsed": 414.691792, "delta": 0.000609}}
{"target": -13.75849282280855, "params": {"gamma": 569.24290249428, "log10_alpha": -0.08836369424359436, "log10_colsample_bytree": -0.31364915972540774, "log10_eta": -3.1254329998134898, "log10_lambda": -3.4717252536317478, "log10_min_child_weight": 1.1384488756549338, "log10_subsample": -0.029417416935611507, "max_depth": 2.0, "num_boost_round": 7.0}, "datetime": {"datetime": "2024-01-19 00:18:02", "elapsed": 414.692405, "delta": 0.000613}}
{"target": -13.758482765000265, "params": {"gamma": 569.24290249428, "log10_alpha": -0.08836369424359436, "log10_colsample_bytree": -0.31364915972540774, "log10_eta": -3.1254329998134898, "log10_lambda": -3.4717252536317478, "log10_min_child_weight": 1.1384488756549338, "log10_subsample": -0.029417416935611507, "max_depth": 2.0, "num_boost_round": 8.0}, "datetime": {"datetime": "2024-01-19 00:18:02", "elapsed": 414.693023, "delta": 0.000618}}
{"target": -13.758476108988583, "params": {"gamma": 569.24290249428, "log10_alpha": -0.08836369424359436, "log10_colsample_bytree": -0.31364915972540774, "log10_eta": -3.1254329998134898, "log10_lambda": -3.4717252536317478, "log10_min_child_weight": 1.1384488756549338, "log10_subsample": -0.029417416935611507, "max_depth": 2.0, "num_boost_round": 9.0}, "datetime": {"datetime": "2024-01-19 00:18:02", "elapsed": 414.69363, "delta": 0.000607}}
{"target": -13.758536528270795, "params": {"gamma": 562.8378825543263, "log10_alpha": 0.5799193551225361, "log10_colsample_bytree": -0.8853750401733418, "log10_eta": -3.543111289172251, "log10_lambda": -4.374633972707443, "log10_min_child_weight": 3.779523353051528, "log10_subsample": -0.6166763078510649, "max_depth": 6.0, "num_boost_round": 0.0}, "datetime": {"datetime": "2024-01-19 00:18:22", "elapsed": 434.051237, "delta": 19.357607}}
{"target": -13.758536851469813, "params": {"gamma": 562.8378825543263, "log10_alpha": 0.5799193551225361, "log10_colsample_bytree": -0.8853750401733418, "log10_eta": -3.543111289172251, "log10_lambda": -4.374633972707443, "log10_min_child_weight": 3.779523353051528, "log10_subsample": -0.6166763078510649, "max_depth": 6.0, "num_boost_round": 1.0}, "datetime": {"datetime": "2024-01-19 00:18:22", "elapsed": 434.052294, "delta": 0.001057}}
{"target": -13.758537922938666, "params": {"gamma": 562.8378825543263, "log10_alpha": 0.5799193551225361, "log10_colsample_bytree": -0.8853750401733418, "log10_eta": -3.543111289172251, "log10_lambda": -4.374633972707443, "log10_min_child_weight": 3.779523353051528, "log10_subsample": -0.6166763078510649, "max_depth": 6.0, "num_boost_round": 2.0}, "datetime": {"datetime": "2024-01-19 00:18:22", "elapsed": 434.052966, "delta": 0.000672}}
{"target": -13.758537958092493, "params": {"gamma": 562.8378825543263, "log10_alpha": 0.5799193551225361, "log10_colsample_bytree": -0.8853750401733418, "log10_eta": -3.543111289172251, "log10_lambda": -4.374633972707443, "log10_min_child_weight": 3.779523353051528, "log10_subsample": -0.6166763078510649, "max_depth": 6.0, "num_boost_round": 3.0}, "datetime": {"datetime": "2024-01-19 00:18:22", "elapsed": 434.053598, "delta": 0.000632}}
{"target": -13.75853717312848, "params": {"gamma": 562.8378825543263, "log10_alpha": 0.5799193551225361, "log10_colsample_bytree": -0.8853750401733418, "log10_eta": -3.543111289172251, "log10_lambda": -4.374633972707443, "log10_min_child_weight": 3.779523353051528, "log10_subsample": -0.6166763078510649, "max_depth": 6.0, "num_boost_round": 4.0}, "datetime": {"datetime": "2024-01-19 00:18:22", "elapsed": 434.054218, "delta": 0.00062}}
{"target": -13.758535531391388, "params": {"gamma": 562.8378825543263, "log10_alpha": 0.5799193551225361, "log10_colsample_bytree": -0.8853750401733418, "log10_eta": -3.543111289172251, "log10_lambda": -4.374633972707443, "log10_min_child_weight": 3.779523353051528, "log10_subsample": -0.6166763078510649, "max_depth": 6.0, "num_boost_round": 5.0}, "datetime": {"datetime": "2024-01-19 00:18:22", "elapsed": 434.054835, "delta": 0.000617}}
{"target": -13.75853741672372, "params": {"gamma": 562.8378825543263, "log10_alpha": 0.5799193551225361, "log10_colsample_bytree": -0.8853750401733418, "log10_eta": -3.543111289172251, "log10_lambda": -4.374633972707443, "log10_min_child_weight": 3.779523353051528, "log10_subsample": -0.6166763078510649, "max_depth": 6.0, "num_boost_round": 6.0}, "datetime": {"datetime": "2024-01-19 00:18:22", "elapsed": 434.055463, "delta": 0.000628}}
{"target": -13.758535377848947, "params": {"gamma": 562.8378825543263, "log10_alpha": 0.5799193551225361, "log10_colsample_bytree": -0.8853750401733418, "log10_eta": -3.543111289172251, "log10_lambda": -4.374633972707443, "log10_min_child_weight": 3.779523353051528, "log10_subsample": -0.6166763078510649, "max_depth": 6.0, "num_boost_round": 7.0}, "datetime": {"datetime": "2024-01-19 00:18:22", "elapsed": 434.05609, "delta": 0.000627}}
{"target": -13.758535201835242, "params": {"gamma": 562.8378825543263, "log10_alpha": 0.5799193551225361, "log10_colsample_bytree": -0.8853750401733418, "log10_eta": -3.543111289172251, "log10_lambda": -4.374633972707443, "log10_min_child_weight": 3.779523353051528, "log10_subsample": -0.6166763078510649, "max_depth": 6.0, "num_boost_round": 8.0}, "datetime": {"datetime": "2024-01-19 00:18:22", "elapsed": 434.056881, "delta": 0.000791}}
{"target": -13.758535267302127, "params": {"gamma": 562.8378825543263, "log10_alpha": 0.5799193551225361, "log10_colsample_bytree": -0.8853750401733418, "log10_eta": -3.543111289172251, "log10_lambda": -4.374633972707443, "log10_min_child_weight": 3.779523353051528, "log10_subsample": -0.6166763078510649, "max_depth": 6.0, "num_boost_round": 9.0}, "datetime": {"datetime": "2024-01-19 00:18:22", "elapsed": 434.057833, "delta": 0.000952}}
{"target": -13.758530100290537, "params": {"gamma": 562.8378825543263, "log10_alpha": 0.5799193551225361, "log10_colsample_bytree": -0.8853750401733418, "log10_eta": -3.543111289172251, "log10_lambda": -4.374633972707443, "log10_min_child_weight": 3.779523353051528, "log10_subsample": -0.6166763078510649, "max_depth": 6.0, "num_boost_round": 10.0}, "datetime": {"datetime": "2024-01-19 00:18:22", "elapsed": 434.05852, "delta": 0.000687}}
{"target": -13.758523770708182, "params": {"gamma": 554.3707300204441, "log10_alpha": -3.921062290146602, "log10_colsample_bytree": -0.7654263779569807, "log10_eta": -2.5512111540825155, "log10_lambda": -0.14038050197215846, "log10_min_child_weight": 3.4389626015812587, "log10_subsample": -0.4174183266110798, "max_depth": 8.0, "num_boost_round": 0.0}, "datetime": {"datetime": "2024-01-19 00:18:46", "elapsed": 458.062388, "delta": 24.003868}}
{"target": -13.758546581066152, "params": {"gamma": 554.3707300204441, "log10_alpha": -3.921062290146602, "log10_colsample_bytree": -0.7654263779569807, "log10_eta": -2.5512111540825155, "log10_lambda": -0.14038050197215846, "log10_min_child_weight": 3.4389626015812587, "log10_subsample": -0.4174183266110798, "max_depth": 8.0, "num_boost_round": 1.0}, "datetime": {"datetime": "2024-01-19 00:18:46", "elapsed": 458.063583, "delta": 0.001195}}
{"target": -13.758450047567074, "params": {"gamma": 554.3707300204441, "log10_alpha": -3.921062290146602, "log10_colsample_bytree": -0.7654263779569807, "log10_eta": -2.5512111540825155, "log10_lambda": -0.14038050197215846, "log10_min_child_weight": 3.4389626015812587, "log10_subsample": -0.4174183266110798, "max_depth": 8.0, "num_boost_round": 2.0}, "datetime": {"datetime": "2024-01-19 00:18:46", "elapsed": 458.064221, "delta": 0.000638}}
{"target": -13.758424977377443, "params": {"gamma": 554.3707300204441, "log10_alpha": -3.921062290146602, "log10_colsample_bytree": -0.7654263779569807, "log10_eta": -2.5512111540825155, "log10_lambda": -0.14038050197215846, "log10_min_child_weight": 3.4389626015812587, "log10_subsample": -0.4174183266110798, "max_depth": 8.0, "num_boost_round": 3.0}, "datetime": {"datetime": "2024-01-19 00:18:46", "elapsed": 458.064871, "delta": 0.00065}}
{"target": -13.758388449938275, "params": {"gamma": 554.3707300204441, "log10_alpha": -3.921062290146602, "log10_colsample_bytree": -0.7654263779569807, "log10_eta": -2.5512111540825155, "log10_lambda": -0.14038050197215846, "log10_min_child_weight": 3.4389626015812587, "log10_subsample": -0.4174183266110798, "max_depth": 8.0, "num_boost_round": 4.0}, "datetime": {"datetime": "2024-01-19 00:18:46", "elapsed": 458.065748, "delta": 0.000877}}
