{"target": -13.758322025358831, "params": {"gamma": 449.518824086646, "log10_alpha": -2.948947048728003, "log10_colsample_bytree": -0.40730150182696345, "log10_eta": -3.6918686785852137, "log10_lambda": 0.1426080003953416, "log10_min_child_weight": 0.13562220562442162, "log10_subsample": -0.1415381185759118, "max_depth": 4.0, "num_boost_round": 63.0}, "datetime": {"datetime": "2024-01-19 00:21:41", "elapsed": 605.334725, "delta": 0.00177}}
{"target": -13.758321339935076, "params": {"gamma": 449.518824086646, "log10_alpha": -2.948947048728003, "log10_colsample_bytree": -0.40730150182696345, "log10_eta": -3.6918686785852137, "log10_lambda": 0.1426080003953416, "log10_min_child_weight": 0.13562220562442162, "log10_subsample": -0.1415381185759118, "max_depth": 4.0, "num_boost_round": 64.0}, "datetime": {"datetime": "2024-01-19 00:21:41", "elapsed": 605.336109, "delta": 0.001384}}
{"target": -13.758315488412679, "params": {"gamma": 449.518824086646, "log10_alpha": -2.948947048728003, "log10_colsample_bytree": -0.40730150182696345, "log10_eta": -3.6918686785852137, "log10_lambda": 0.1426080003953416, "log10_min_child_weight": 0.13562220562442162, "log10_subsample": -0.1415381185759118, "max_depth": 4.0, "num_boost_round": 65.0}, "datetime": {"datetime": "2024-01-19 00:21:41", "elapsed": 605.337522, "delta": 0.001413}}
{"target": -13.758317477270957, "params": {"gamma": 449.518824086646, "log10_alpha": -2.948947048728003, "log10_colsample_bytree": -0.40730150182696345, "log10_eta": -3.6918686785852137, "log10_lambda": 0.1426080003953416, "log10_min_child_weight": 0.13562220562442162, "log10_subsample": -0.1415381185759118, "max_depth": 4.0, "num_boost_round": 66.0}, "datetime": {"datetime": "2024-01-19 00:21:41", "elapsed": 605.338918, "delta": 0.001396}}
{"target": -13.75831301726314, "params": {"gamma": 449.518824086646, "log10_alpha": -2.948947048728003, "log10_colsample_bytree": -0.40730150182696345, "log10_eta": -3.6918686785852137, "log10_lambda": 0.1426080003953416, "log10_min_child_weight": 0.13562220562442162, "log10_subsample": -0.1415381185759118, "max_depth": 4.0, "num_boost_round": 67.0}, "datetime": {"datetime": "2024-01-19 00:21:41", "elapsed": 605.340312, "delta": 0.001394}}
{"target": -13.758313549030674, "params": {"gamma": 449.518824086646, "log10_alpha": -2.948947048728003, "log10_colsample_bytree": -0.40730150182696345, "log10_eta": -3.6918686785852137, "log10_lambda": 0.1426080003953416, "log10_min_child_weight": 0.13562220562442162, "log10_subsample": -0.1415381185759118, "max_depth": 4.0, "num_boost_round": 68.0}, "datetime": {"datetime": "2024-01-19 00:21:41", "elapsed": 605.345283, "delta": 0.004971}}
{"target": -13.758310620307581, "params": {"gamma": 449.518824086646, "log10_alpha": -2.948947048728003, "log10_colsample_bytree": -0.40730150182696345, "log10_eta": -3.6918686785852137, "log10_lambda": 0.1426080003953416, "log10_min_child_weight": 0.13562220562442162, "log10_subsample": -0.1415381185759118, "max_depth": 4.0, "num_boost_round": 69.0}, "datetime": {"datetime": "2024-01-19 00:21:41", "elapsed": 605.346668, "delta": 0.001385}}
{"target": -13.758310231549347, "params": {"gamma": 449.518824086646, "log10_alpha": -2.948947048728003, "log10_colsample_bytree": -0.40730150182696345, "log10_eta": -3.6918686785852137, "log10_lambda": 0.1426080003953416, "log10_min_child_weight": 0.13562220562442162, "log10_subsample": -0.1415381185759118, "max_depth": 4.0, "num_boost_round": 70.0}, "datetime": {"datetime": "2024-01-19 00:21:41", "elapsed": 605.348049, "delta": 0.001381}}
{"target": -13.758306687542262, "params": {"gamma": 449.518824086646, "log10_alpha": -2.948947048728003, "log10_colsample_bytree": -0.40730150182696345, "log10_eta": -3.6918686785852137, "log10_lambda": 0.1426080003953416, "log10_min_child_weight": 0.13562220562442162, "log10_subsample": -0.1415381185759118, "max_depth": 4.0, "num_boost_round": 71.0}, "datetime": {"datetime": "2024-01-19 00:21:41", "elapsed": 605.349439, "delta": 0.00139}}
{"target": -13.758303522771117, "params": {"gamma": 449.518824086646, "log10_alpha": -2.948947048728003, "log10_colsample_bytree": -0.40730150182696345, "log10_eta": -3.6918686785852137, "log10_lambda": 0.1426080003953416, "log10_min_child_weight": 0.13562220562442162, "log10_subsample": -0.1415381185759118, "max_depth": 4.0, "num_boost_round": 72.0}, "datetime": {"datetime": "2024-01-19 00:21:41", "elapsed": 605.350866, "delta": 0.001427}}
{"target": -13.758300950072814, "params": {"gamma": 449.518824086646, "log10_alpha": -2.948947048728003, "log10_colsample_bytree": -0.40730150182696345, "log10_eta": -3.6918686785852137, "log10_lambda": 0.1426080003953416, "log10_min_child_weight": 0.13562220562442162, "log10_subsample": -0.1415381185759118, "max_depth": 4.0, "num_boost_round": 73.0}, "datetime": {"datetime": "2024-01-19 00:21:41", "elapsed": 605.352248, "delta": 0.001382}}
{"target": -13.75829815514898, "params": {"gamma": 449.518824086646, "log10_alpha": -2.948947048728003, "log10_colsample_bytree": -0.40730150182696345, "log10_eta": -3.6918686785852137, "log10_lambda": 0.1426080003953416, "log10_min_child_weight": 0.13562220562442162, "log10_subsample": -0.1415381185759118, "max_depth": 4.0, "num_boost_round": 74.0}, "datetime": {"datetime": "2024-01-19 00:21:41", "elapsed": 605.353638, "delta": 0.00139}}
{"target": -13.758294018801616, "params": {"gamma": 449.518824086646, "log10_alpha": -2.948947048728003, "log10_colsample_bytree": -0.40730150182696345, "log10_eta": -3.6918686785852137, "log10_lambda": 0.1426080003953416, "log10_min_child_weight": 0.13562220562442162, "log10_subsample": -0.1415381185759118, "max_depth": 4.0, "num_boost_round": 75.0}, "datetime": {"datetime": "2024-01-19 00:21:41", "elapsed": 605.355097, "delta": 0.001459}}
{"target": -13.758287868431342, "params": {"gamma": 449.518824086646, "log10_alpha": -2.948947048728003, "log10_colsample_bytree": -0.40730150182696345, "log10_eta": -3.6918686785852137, "log10_lambda": 0.1426080003953416, "log10_min_child_weight": 0.13562220562442162, "log10_subsample": -0.1415381185759118, "max_depth": 4.0, "num_boost_round": 76.0}, "datetime": {"datetime": "2024-01-19 00:21:41", "elapsed": 605.35697, "delta": 0.001873}}
{"target": -13.758287113314932, "params": {"gamma": 449.518824086646, "log10_alpha": -2.948947048728003, "log10_colsample_bytree": -0.40730150182696345, "log10_eta": -3.6918686785852137, "log10_lambda": 0.1426080003953416, "log10_min_child_weight": 0.13562220562442162, "log10_subsample": -0.1415381185759118, "max_depth": 4.0, "num_boost_round": 77.0}, "datetime": {"datetime": "2024-01-19 00:21:41", "elapsed": 605.358377, "delta": 0.001407}}
{"target": -13.758429323389095, "params": {"gamma": 435.3821940933764, "log10_alpha": -0.6178885962460754, "log10_colsample_bytree": -0.9540062312305284, "log10_eta": -2.326247397443963, "log10_lambda": -0.38382129427254696, "log10_min_child_weight": 2.846986103434188, "log10_subsample": -0.07753236627742477, "max_depth": 7.0, "num_boost_round": 0.0}, "datetime": {"datetime": "2024-01-19 00:22:13", "elapsed": 637.097268, "delta": 31.738891}}
{"target": -13.75845062222009, "params": {"gamma": 435.3821940933764, "log10_alpha": -0.6178885962460754, "log10_colsample_bytree": -0.9540062312305284, "log10_eta": -2.326247397443963, "log10_lambda": -0.38382129427254696, "log10_min_child_weight": 2.846986103434188, "log10_subsample": -0.07753236627742477, "max_depth": 7.0, "num_boost_round": 1.0}, "datetime": {"datetime": "2024-01-19 00:22:13", "elapsed": 637.099026, "delta": 0.001758}}
{"target": -13.758319475088785, "params": {"gamma": 435.3821940933764, "log10_alpha": -0.6178885962460754, "log10_colsample_bytree": -0.9540062312305284, "log10_eta": -2.326247397443963, "log10_lambda": -0.38382129427254696, "log10_min_child_weight": 2.846986103434188, "log10_subsample": -0.07753236627742477, "max_depth": 7.0, "num_boost_round": 2.0}, "datetime": {"datetime": "2024-01-19 00:22:13", "elapsed": 637.100568, "delta": 0.001542}}
{"target": -13.758294204959745, "params": {"gamma": 435.3821940933764, "log10_alpha": -0.6178885962460754, "log10_colsample_bytree": -0.9540062312305284, "log10_eta": -2.326247397443963, "log10_lambda": -0.38382129427254696, "log10_min_child_weight": 2.846986103434188, "log10_subsample": -0.07753236627742477, "max_depth": 7.0, "num_boost_round": 3.0}, "datetime": {"datetime": "2024-01-19 00:22:13", "elapsed": 637.102231, "delta": 0.001663}}
{"target": -13.758202070191224, "params": {"gamma": 435.3821940933764, "log10_alpha": -0.6178885962460754, "log10_colsample_bytree": -0.9540062312305284, "log10_eta": -2.326247397443963, "log10_lambda": -0.38382129427254696, "log10_min_child_weight": 2.846986103434188, "log10_subsample": -0.07753236627742477, "max_depth": 7.0, "num_boost_round": 4.0}, "datetime": {"datetime": "2024-01-19 00:22:13", "elapsed": 637.103689, "delta": 0.001458}}
{"target": -13.758129742023847, "params": {"gamma": 435.3821940933764, "log10_alpha": -0.6178885962460754, "log10_colsample_bytree": -0.9540062312305284, "log10_eta": -2.326247397443963, "log10_lambda": -0.38382129427254696, "log10_min_child_weight": 2.846986103434188, "log10_subsample": -0.07753236627742477, "max_depth": 7.0, "num_boost_round": 5.0}, "datetime": {"datetime": "2024-01-19 00:22:13", "elapsed": 637.105167, "delta": 0.001478}}
{"target": -13.758201112419416, "params": {"gamma": 435.3821940933764, "log10_alpha": -0.6178885962460754, "log10_colsample_bytree": -0.9540062312305284, "log10_eta": -2.326247397443963, "log10_lambda": -0.38382129427254696, "log10_min_child_weight": 2.846986103434188, "log10_subsample": -0.07753236627742477, "max_depth": 7.0, "num_boost_round": 6.0}, "datetime": {"datetime": "2024-01-19 00:22:13", "elapsed": 637.106562, "delta": 0.001395}}
{"target": -13.757998957537216, "params": {"gamma": 435.3821940933764, "log10_alpha": -0.6178885962460754, "log10_colsample_bytree": -0.9540062312305284, "log10_eta": -2.326247397443963, "log10_lambda": -0.38382129427254696, "log10_min_child_weight": 2.846986103434188, "log10_subsample": -0.07753236627742477, "max_depth": 7.0, "num_boost_round": 7.0}, "datetime": {"datetime": "2024-01-19 00:22:13", "elapsed": 637.10796, "delta": 0.001398}}
{"target": -13.757920711657432, "params": {"gamma": 435.3821940933764, "log10_alpha": -0.6178885962460754, "log10_colsample_bytree": -0.9540062312305284, "log10_eta": -2.326247397443963, "log10_lambda": -0.38382129427254696, "log10_min_child_weight": 2.846986103434188, "log10_subsample": -0.07753236627742477, "max_depth": 7.0, "num_boost_round": 8.0}, "datetime": {"datetime": "2024-01-19 00:22:13", "elapsed": 637.109477, "delta": 0.001517}}
{"target": -13.75791068702854, "params": {"gamma": 435.3821940933764, "log10_alpha": -0.6178885962460754, "log10_colsample_bytree": -0.9540062312305284, "log10_eta": -2.326247397443963, "log10_lambda": -0.38382129427254696, "log10_min_child_weight": 2.846986103434188, "log10_subsample": -0.07753236627742477, "max_depth": 7.0, "num_boost_round": 9.0}, "datetime": {"datetime": "2024-01-19 00:22:13", "elapsed": 637.110894, "delta": 0.001417}}
{"target": -13.757915321828657, "params": {"gamma": 435.3821940933764, "log10_alpha": -0.6178885962460754, "log10_colsample_bytree": -0.9540062312305284, "log10_eta": -2.326247397443963, "log10_lambda": -0.38382129427254696, "log10_min_child_weight": 2.846986103434188, "log10_subsample": -0.07753236627742477, "max_depth": 7.0, "num_boost_round": 10.0}, "datetime": {"datetime": "2024-01-19 00:22:13", "elapsed": 637.112292, "delta": 0.001398}}
{"target": -13.75788478958744, "params": {"gamma": 435.3821940933764, "log10_alpha": -0.6178885962460754, "log10_colsample_bytree": -0.9540062312305284, "log10_eta": -2.326247397443963, "log10_lambda": -0.38382129427254696, "log10_min_child_weight": 2.846986103434188, "log10_subsample": -0.07753236627742477, "max_depth": 7.0, "num_boost_round": 11.0}, "datetime": {"datetime": "2024-01-19 00:22:13", "elapsed": 637.11371, "delta": 0.001418}}
{"target": -13.757778521946866, "params": {"gamma": 435.3821940933764, "log10_alpha": -0.6178885962460754, "log10_colsample_bytree": -0.9540062312305284, "log10_eta": -2.326247397443963, "log10_lambda": -0.38382129427254696, "log10_min_child_weight": 2.846986103434188, "log10_subsample": -0.07753236627742477, "max_depth": 7.0, "num_boost_round": 12.0}, "datetime": {"datetime": "2024-01-19 00:22:13", "elapsed": 637.11519, "delta": 0.00148}}
{"target": -13.757665833801084, "params": {"gamma": 435.3821940933764, "log10_alpha": -0.6178885962460754, "log10_colsample_bytree": -0.9540062312305284, "log10_eta": -2.326247397443963, "log10_lambda": -0.38382129427254696, "log10_min_child_weight": 2.846986103434188, "log10_subsample": -0.07753236627742477, "max_depth": 7.0, "num_boost_round": 13.0}, "datetime": {"datetime": "2024-01-19 00:22:13", "elapsed": 637.116585, "delta": 0.001395}}
{"target": -13.757657334880891, "params": {"gamma": 435.3821940933764, "log10_alpha": -0.6178885962460754, "log10_colsample_bytree": -0.9540062312305284, "log10_eta": -2.326247397443963, "log10_lambda": -0.38382129427254696, "log10_min_child_weight": 2.846986103434188, "log10_subsample": -0.07753236627742477, "max_depth": 7.0, "num_boost_round": 14.0}, "datetime": {"datetime": "2024-01-19 00:22:13", "elapsed": 637.117983, "delta": 0.001398}}
{"target": -13.757547622771103, "params": {"gamma": 435.3821940933764, "log10_alpha": -0.6178885962460754, "log10_colsample_bytree": -0.9540062312305284, "log10_eta": -2.326247397443963, "log10_lambda": -0.38382129427254696, "log10_min_child_weight": 2.846986103434188, "log10_subsample": -0.07753236627742477, "max_depth": 7.0, "num_boost_round": 15.0}, "datetime": {"datetime": "2024-01-19 00:22:13", "elapsed": 637.119392, "delta": 0.001409}}
{"target": -13.75749399264357, "params": {"gamma": 435.3821940933764, "log10_alpha": -0.6178885962460754, "log10_colsample_bytree": -0.9540062312305284, "log10_eta": -2.326247397443963, "log10_lambda": -0.38382129427254696, "log10_min_child_weight": 2.846986103434188, "log10_subsample": -0.07753236627742477, "max_depth": 7.0, "num_boost_round": 16.0}, "datetime": {"datetime": "2024-01-19 00:22:13", "elapsed": 637.120791, "delta": 0.001399}}
{"target": -13.757392564131191, "params": {"gamma": 435.3821940933764, "log10_alpha": -0.6178885962460754, "log10_colsample_bytree": -0.9540062312305284, "log10_eta": -2.326247397443963, "log10_lambda": -0.38382129427254696, "log10_min_child_weight": 2.846986103434188, "log10_subsample": -0.07753236627742477, "max_depth": 7.0, "num_boost_round": 17.0}, "datetime": {"datetime": "2024-01-19 00:22:13", "elapsed": 637.122198, "delta": 0.001407}}
{"target": -13.757312570672461, "params": {"gamma": 435.3821940933764, "log10_alpha": -0.6178885962460754, "log10_colsample_bytree": -0.9540062312305284, "log10_eta": -2.326247397443963, "log10_lambda": -0.38382129427254696, "log10_min_child_weight": 2.846986103434188, "log10_subsample": -0.07753236627742477, "max_depth": 7.0, "num_boost_round": 18.0}, "datetime": {"datetime": "2024-01-19 00:22:13", "elapsed": 637.123744, "delta": 0.001546}}
{"target": -13.757190840635806, "params": {"gamma": 435.3821940933764, "log10_alpha": -0.6178885962460754, "log10_colsample_bytree": -0.9540062312305284, "log10_eta": -2.326247397443963, "log10_lambda": -0.38382129427254696, "log10_min_child_weight": 2.846986103434188, "log10_subsample": -0.07753236627742477, "max_depth": 7.0, "num_boost_round": 19.0}, "datetime": {"datetime": "2024-01-19 00:22:13", "elapsed": 637.125212, "delta": 0.001468}}
{"target": -13.757067791083132, "params": {"gamma": 435.3821940933764, "log10_alpha": -0.6178885962460754, "log10_colsample_bytree": -0.9540062312305284, "log10_eta": -2.326247397443963, "log10_lambda": -0.38382129427254696, "log10_min_child_weight": 2.846986103434188, "log10_subsample": -0.07753236627742477, "max_depth": 7.0, "num_boost_round": 20.0}, "datetime": {"datetime": "2024-01-19 00:22:13", "elapsed": 637.126615, "delta": 0.001403}}
{"target": -13.756971169788969, "params": {"gamma": 435.3821940933764, "log10_alpha": -0.6178885962460754, "log10_colsample_bytree": -0.9540062312305284, "log10_eta": -2.326247397443963, "log10_lambda": -0.38382129427254696, "log10_min_child_weight": 2.846986103434188, "log10_subsample": -0.07753236627742477, "max_depth": 7.0, "num_boost_round": 21.0}, "datetime": {"datetime": "2024-01-19 00:22:13", "elapsed": 637.12803, "delta": 0.001415}}
{"target": -13.756821259398214, "params": {"gamma": 435.3821940933764, "log10_alpha": -0.6178885962460754, "log10_colsample_bytree": -0.9540062312305284, "log10_eta": -2.326247397443963, "log10_lambda": -0.38382129427254696, "log10_min_child_weight": 2.846986103434188, "log10_subsample": -0.07753236627742477, "max_depth": 7.0, "num_boost_round": 22.0}, "datetime": {"datetime": "2024-01-19 00:22:13", "elapsed": 637.129501, "delta": 0.001471}}
{"target": -13.75670781419411, "params": {"gamma": 435.3821940933764, "log10_alpha": -0.6178885962460754, "log10_colsample_bytree": -0.9540062312305284, "log10_eta": -2.326247397443963, "log10_lambda": -0.38382129427254696, "log10_min_child_weight": 2.846986103434188, "log10_subsample": -0.07753236627742477, "max_depth": 7.0, "num_boost_round": 23.0}, "datetime": {"datetime": "2024-01-19 00:22:13", "elapsed": 637.130912, "delta": 0.001411}}
{"target": -13.756763954636753, "params": {"gamma": 435.3821940933764, "log10_alpha": -0.6178885962460754, "log10_colsample_bytree": -0.9540062312305284, "log10_eta": -2.326247397443963, "log10_lambda": -0.38382129427254696, "log10_min_child_weight": 2.846986103434188, "log10_subsample": -0.07753236627742477, "max_depth": 7.0, "num_boost_round": 24.0}, "datetime": {"datetime": "2024-01-19 00:22:13", "elapsed": 637.132321, "delta": 0.001409}}
{"target": -13.756660800632378, "params": {"gamma": 435.3821940933764, "log10_alpha": -0.6178885962460754, "log10_colsample_bytree": -0.9540062312305284, "log10_eta": -2.326247397443963, "log10_lambda": -0.38382129427254696, "log10_min_child_weight": 2.846986103434188, "log10_subsample": -0.07753236627742477, "max_depth": 7.0, "num_boost_round": 25.0}, "datetime": {"datetime": "2024-01-19 00:22:13", "elapsed": 637.13374, "delta": 0.001419}}
{"target": -13.756576853176007, "params": {"gamma": 435.3821940933764, "log10_alpha": -0.6178885962460754, "log10_colsample_bytree": -0.9540062312305284, "log10_eta": -2.326247397443963, "log10_lambda": -0.38382129427254696, "log10_min_child_weight": 2.846986103434188, "log10_subsample": -0.07753236627742477, "max_depth": 7.0, "num_boost_round": 26.0}, "datetime": {"datetime": "2024-01-19 00:22:13", "elapsed": 637.135274, "delta": 0.001534}}
{"target": -13.75640085389135, "params": {"gamma": 435.3821940933764, "log10_alpha": -0.6178885962460754, "log10_colsample_bytree": -0.9540062312305284, "log10_eta": -2.326247397443963, "log10_lambda": -0.38382129427254696, "log10_min_child_weight": 2.846986103434188, "log10_subsample": -0.07753236627742477, "max_depth": 7.0, "num_boost_round": 27.0}, "datetime": {"datetime": "2024-01-19 00:22:13", "elapsed": 637.136707, "delta": 0.001433}}
{"target": -13.75621646429391, "params": {"gamma": 435.3821940933764, "log10_alpha": -0.6178885962460754, "log10_colsample_bytree": -0.9540062312305284, "log10_eta": -2.326247397443963, "log10_lambda": -0.38382129427254696, "log10_min_child_weight": 2.846986103434188, "log10_subsample": -0.07753236627742477, "max_depth": 7.0, "num_boost_round": 28.0}, "datetime": {"datetime": "2024-01-19 00:22:13", "elapsed": 637.138128, "delta": 0.001421}}
{"target": -13.756230823665618, "params": {"gamma": 435.3821940933764, "log10_alpha": -0.6178885962460754, "log10_colsample_bytree": -0.9540062312305284, "log10_eta": -2.326247397443963, "log10_lambda": -0.38382129427254696, "log10_min_child_weight": 2.846986103434188, "log10_subsample": -0.07753236627742477, "max_depth": 7.0, "num_boost_round": 29.0}, "datetime": {"datetime": "2024-01-19 00:22:13", "elapsed": 637.139553, "delta": 0.001425}}
{"target": -13.756167877887448, "params": {"gamma": 435.3821940933764, "log10_alpha": -0.6178885962460754, "log10_colsample_bytree": -0.9540062312305284, "log10_eta": -2.326247397443963, "log10_lambda": -0.38382129427254696, "log10_min_child_weight": 2.846986103434188, "log10_subsample": -0.07753236627742477, "max_depth": 7.0, "num_boost_round": 30.0}, "datetime": {"datetime": "2024-01-19 00:22:13", "elapsed": 637.140964, "delta": 0.001411}}
{"target": -13.755998895062142, "params": {"gamma": 435.3821940933764, "log10_alpha": -0.6178885962460754, "log10_colsample_bytree": -0.9540062312305284, "log10_eta": -2.326247397443963, "log10_lambda": -0.38382129427254696, "log10_min_child_weight": 2.846986103434188, "log10_subsample": -0.07753236627742477, "max_depth": 7.0, "num_boost_round": 31.0}, "datetime": {"datetime": "2024-01-19 00:22:13", "elapsed": 637.142375, "delta": 0.001411}}
{"target": -13.756116616926114, "params": {"gamma": 435.3821940933764, "log10_alpha": -0.6178885962460754, "log10_colsample_bytree": -0.9540062312305284, "log10_eta": -2.326247397443963, "log10_lambda": -0.38382129427254696, "log10_min_child_weight": 2.846986103434188, "log10_subsample": -0.07753236627742477, "max_depth": 7.0, "num_boost_round": 32.0}, "datetime": {"datetime": "2024-01-19 00:22:13", "elapsed": 637.143865, "delta": 0.00149}}
{"target": -13.756037659930389, "params": {"gamma": 435.3821940933764, "log10_alpha": -0.6178885962460754, "log10_colsample_bytree": -0.9540062312305284, "log10_eta": -2.326247397443963, "log10_lambda": -0.38382129427254696, "log10_min_child_weight": 2.846986103434188, "log10_subsample": -0.07753236627742477, "max_depth": 7.0, "num_boost_round": 33.0}, "datetime": {"datetime": "2024-01-19 00:22:13", "elapsed": 637.145306, "delta": 0.001441}}
