{"target": -13.76415265151228, "params": {"gamma": 856.9162850257787, "log10_alpha": 0.742309376438981, "log10_colsample_bytree": -0.10024993551658246, "log10_eta": -0.7154442951074844, "log10_lambda": 0.6383826699463322, "log10_min_child_weight": 4.721179529403975, "log10_subsample": -0.6076331142613712, "max_depth": 5.0, "num_boost_round": 7.0}, "datetime": {"datetime": "2024-01-19 00:45:09", "elapsed": 2029.112818, "delta": 0.002199}}
{"target": -13.765778522234923, "params": {"gamma": 856.9162850257787, "log10_alpha": 0.742309376438981, "log10_colsample_bytree": -0.10024993551658246, "log10_eta": -0.7154442951074844, "log10_lambda": 0.6383826699463322, "log10_min_child_weight": 4.721179529403975, "log10_subsample": -0.6076331142613712, "max_depth": 5.0, "num_boost_round": 8.0}, "datetime": {"datetime": "2024-01-19 00:45:09", "elapsed": 2029.114948, "delta": 0.00213}}
{"target": -13.76663605787611, "params": {"gamma": 856.9162850257787, "log10_alpha": 0.742309376438981, "log10_colsample_bytree": -0.10024993551658246, "log10_eta": -0.7154442951074844, "log10_lambda": 0.6383826699463322, "log10_min_child_weight": 4.721179529403975, "log10_subsample": -0.6076331142613712, "max_depth": 5.0, "num_boost_round": 9.0}, "datetime": {"datetime": "2024-01-19 00:45:09", "elapsed": 2029.117042, "delta": 0.002094}}
{"target": -13.76680196130397, "params": {"gamma": 856.9162850257787, "log10_alpha": 0.742309376438981, "log10_colsample_bytree": -0.10024993551658246, "log10_eta": -0.7154442951074844, "log10_lambda": 0.6383826699463322, "log10_min_child_weight": 4.721179529403975, "log10_subsample": -0.6076331142613712, "max_depth": 5.0, "num_boost_round": 10.0}, "datetime": {"datetime": "2024-01-19 00:45:09", "elapsed": 2029.119271, "delta": 0.002229}}
{"target": -13.76727683350685, "params": {"gamma": 856.9162850257787, "log10_alpha": 0.742309376438981, "log10_colsample_bytree": -0.10024993551658246, "log10_eta": -0.7154442951074844, "log10_lambda": 0.6383826699463322, "log10_min_child_weight": 4.721179529403975, "log10_subsample": -0.6076331142613712, "max_depth": 5.0, "num_boost_round": 11.0}, "datetime": {"datetime": "2024-01-19 00:45:09", "elapsed": 2029.121642, "delta": 0.002371}}
{"target": -13.758539663009802, "params": {"gamma": 858.5966653523543, "log10_alpha": 0.5480051074029166, "log10_colsample_bytree": -0.21780007352501674, "log10_eta": -2.715672963908792, "log10_lambda": -2.2211049159000478, "log10_min_child_weight": 4.331570944122525, "log10_subsample": -0.7721675613994478, "max_depth": 3.0, "num_boost_round": 0.0}, "datetime": {"datetime": "2024-01-19 00:45:34", "elapsed": 2054.34381, "delta": 25.222168}}
{"target": -13.75853162309467, "params": {"gamma": 858.5966653523543, "log10_alpha": 0.5480051074029166, "log10_colsample_bytree": -0.21780007352501674, "log10_eta": -2.715672963908792, "log10_lambda": -2.2211049159000478, "log10_min_child_weight": 4.331570944122525, "log10_subsample": -0.7721675613994478, "max_depth": 3.0, "num_boost_round": 1.0}, "datetime": {"datetime": "2024-01-19 00:45:34", "elapsed": 2054.346838, "delta": 0.003028}}
{"target": -13.758522661568703, "params": {"gamma": 858.5966653523543, "log10_alpha": 0.5480051074029166, "log10_colsample_bytree": -0.21780007352501674, "log10_eta": -2.715672963908792, "log10_lambda": -2.2211049159000478, "log10_min_child_weight": 4.331570944122525, "log10_subsample": -0.7721675613994478, "max_depth": 3.0, "num_boost_round": 2.0}, "datetime": {"datetime": "2024-01-19 00:45:34", "elapsed": 2054.348922, "delta": 0.002084}}
{"target": -13.758523714317313, "params": {"gamma": 858.5966653523543, "log10_alpha": 0.5480051074029166, "log10_colsample_bytree": -0.21780007352501674, "log10_eta": -2.715672963908792, "log10_lambda": -2.2211049159000478, "log10_min_child_weight": 4.331570944122525, "log10_subsample": -0.7721675613994478, "max_depth": 3.0, "num_boost_round": 3.0}, "datetime": {"datetime": "2024-01-19 00:45:34", "elapsed": 2054.351038, "delta": 0.002116}}
{"target": -13.758521851726233, "params": {"gamma": 858.5966653523543, "log10_alpha": 0.5480051074029166, "log10_colsample_bytree": -0.21780007352501674, "log10_eta": -2.715672963908792, "log10_lambda": -2.2211049159000478, "log10_min_child_weight": 4.331570944122525, "log10_subsample": -0.7721675613994478, "max_depth": 3.0, "num_boost_round": 4.0}, "datetime": {"datetime": "2024-01-19 00:45:34", "elapsed": 2054.353265, "delta": 0.002227}}
{"target": -13.758509450584706, "params": {"gamma": 858.5966653523543, "log10_alpha": 0.5480051074029166, "log10_colsample_bytree": -0.21780007352501674, "log10_eta": -2.715672963908792, "log10_lambda": -2.2211049159000478, "log10_min_child_weight": 4.331570944122525, "log10_subsample": -0.7721675613994478, "max_depth": 3.0, "num_boost_round": 5.0}, "datetime": {"datetime": "2024-01-19 00:45:34", "elapsed": 2054.355407, "delta": 0.002142}}
{"target": -13.758508394190557, "params": {"gamma": 858.5966653523543, "log10_alpha": 0.5480051074029166, "log10_colsample_bytree": -0.21780007352501674, "log10_eta": -2.715672963908792, "log10_lambda": -2.2211049159000478, "log10_min_child_weight": 4.331570944122525, "log10_subsample": -0.7721675613994478, "max_depth": 3.0, "num_boost_round": 6.0}, "datetime": {"datetime": "2024-01-19 00:45:34", "elapsed": 2054.357504, "delta": 0.002097}}
{"target": -13.758501321489272, "params": {"gamma": 858.5966653523543, "log10_alpha": 0.5480051074029166, "log10_colsample_bytree": -0.21780007352501674, "log10_eta": -2.715672963908792, "log10_lambda": -2.2211049159000478, "log10_min_child_weight": 4.331570944122525, "log10_subsample": -0.7721675613994478, "max_depth": 3.0, "num_boost_round": 7.0}, "datetime": {"datetime": "2024-01-19 00:45:34", "elapsed": 2054.359657, "delta": 0.002153}}
{"target": -13.758493036360951, "params": {"gamma": 858.5966653523543, "log10_alpha": 0.5480051074029166, "log10_colsample_bytree": -0.21780007352501674, "log10_eta": -2.715672963908792, "log10_lambda": -2.2211049159000478, "log10_min_child_weight": 4.331570944122525, "log10_subsample": -0.7721675613994478, "max_depth": 3.0, "num_boost_round": 8.0}, "datetime": {"datetime": "2024-01-19 00:45:34", "elapsed": 2054.361808, "delta": 0.002151}}
{"target": -13.758495036190718, "params": {"gamma": 858.5966653523543, "log10_alpha": 0.5480051074029166, "log10_colsample_bytree": -0.21780007352501674, "log10_eta": -2.715672963908792, "log10_lambda": -2.2211049159000478, "log10_min_child_weight": 4.331570944122525, "log10_subsample": -0.7721675613994478, "max_depth": 3.0, "num_boost_round": 9.0}, "datetime": {"datetime": "2024-01-19 00:45:34", "elapsed": 2054.363907, "delta": 0.002099}}
{"target": -13.758486551620084, "params": {"gamma": 858.5966653523543, "log10_alpha": 0.5480051074029166, "log10_colsample_bytree": -0.21780007352501674, "log10_eta": -2.715672963908792, "log10_lambda": -2.2211049159000478, "log10_min_child_weight": 4.331570944122525, "log10_subsample": -0.7721675613994478, "max_depth": 3.0, "num_boost_round": 10.0}, "datetime": {"datetime": "2024-01-19 00:45:34", "elapsed": 2054.365994, "delta": 0.002087}}
{"target": -13.758482306811349, "params": {"gamma": 858.5966653523543, "log10_alpha": 0.5480051074029166, "log10_colsample_bytree": -0.21780007352501674, "log10_eta": -2.715672963908792, "log10_lambda": -2.2211049159000478, "log10_min_child_weight": 4.331570944122525, "log10_subsample": -0.7721675613994478, "max_depth": 3.0, "num_boost_round": 11.0}, "datetime": {"datetime": "2024-01-19 00:45:34", "elapsed": 2054.368085, "delta": 0.002091}}
{"target": -13.75847778539256, "params": {"gamma": 858.5966653523543, "log10_alpha": 0.5480051074029166, "log10_colsample_bytree": -0.21780007352501674, "log10_eta": -2.715672963908792, "log10_lambda": -2.2211049159000478, "log10_min_child_weight": 4.331570944122525, "log10_subsample": -0.7721675613994478, "max_depth": 3.0, "num_boost_round": 12.0}, "datetime": {"datetime": "2024-01-19 00:45:34", "elapsed": 2054.370199, "delta": 0.002114}}
{"target": -13.758473106157284, "params": {"gamma": 858.5966653523543, "log10_alpha": 0.5480051074029166, "log10_colsample_bytree": -0.21780007352501674, "log10_eta": -2.715672963908792, "log10_lambda": -2.2211049159000478, "log10_min_child_weight": 4.331570944122525, "log10_subsample": -0.7721675613994478, "max_depth": 3.0, "num_boost_round": 13.0}, "datetime": {"datetime": "2024-01-19 00:45:34", "elapsed": 2054.372301, "delta": 0.002102}}
{"target": -13.758474984165359, "params": {"gamma": 858.5966653523543, "log10_alpha": 0.5480051074029166, "log10_colsample_bytree": -0.21780007352501674, "log10_eta": -2.715672963908792, "log10_lambda": -2.2211049159000478, "log10_min_child_weight": 4.331570944122525, "log10_subsample": -0.7721675613994478, "max_depth": 3.0, "num_boost_round": 14.0}, "datetime": {"datetime": "2024-01-19 00:45:34", "elapsed": 2054.374648, "delta": 0.002347}}
{"target": -13.758868313691412, "params": {"gamma": 844.3867821144103, "log10_alpha": -0.3010417057586432, "log10_colsample_bytree": -0.9956791940858548, "log10_eta": -0.6214178713346965, "log10_lambda": -3.442288919885528, "log10_min_child_weight": 2.4320119162525122, "log10_subsample": -0.8735816081829445, "max_depth": 4.0, "num_boost_round": 0.0}, "datetime": {"datetime": "2024-01-19 00:46:01", "elapsed": 2081.091422, "delta": 26.716774}}
{"target": -13.76212729409568, "params": {"gamma": 844.3867821144103, "log10_alpha": -0.3010417057586432, "log10_colsample_bytree": -0.9956791940858548, "log10_eta": -0.6214178713346965, "log10_lambda": -3.442288919885528, "log10_min_child_weight": 2.4320119162525122, "log10_subsample": -0.8735816081829445, "max_depth": 4.0, "num_boost_round": 1.0}, "datetime": {"datetime": "2024-01-19 00:46:01", "elapsed": 2081.094175, "delta": 0.002753}}
{"target": -13.76354915349807, "params": {"gamma": 844.3867821144103, "log10_alpha": -0.3010417057586432, "log10_colsample_bytree": -0.9956791940858548, "log10_eta": -0.6214178713346965, "log10_lambda": -3.442288919885528, "log10_min_child_weight": 2.4320119162525122, "log10_subsample": -0.8735816081829445, "max_depth": 4.0, "num_boost_round": 2.0}, "datetime": {"datetime": "2024-01-19 00:46:01", "elapsed": 2081.096268, "delta": 0.002093}}
{"target": -13.763196491746413, "params": {"gamma": 844.3867821144103, "log10_alpha": -0.3010417057586432, "log10_colsample_bytree": -0.9956791940858548, "log10_eta": -0.6214178713346965, "log10_lambda": -3.442288919885528, "log10_min_child_weight": 2.4320119162525122, "log10_subsample": -0.8735816081829445, "max_depth": 4.0, "num_boost_round": 3.0}, "datetime": {"datetime": "2024-01-19 00:46:01", "elapsed": 2081.09843, "delta": 0.002162}}
{"target": -13.765402706932838, "params": {"gamma": 844.3867821144103, "log10_alpha": -0.3010417057586432, "log10_colsample_bytree": -0.9956791940858548, "log10_eta": -0.6214178713346965, "log10_lambda": -3.442288919885528, "log10_min_child_weight": 2.4320119162525122, "log10_subsample": -0.8735816081829445, "max_depth": 4.0, "num_boost_round": 4.0}, "datetime": {"datetime": "2024-01-19 00:46:01", "elapsed": 2081.100577, "delta": 0.002147}}
{"target": -13.767866825766818, "params": {"gamma": 844.3867821144103, "log10_alpha": -0.3010417057586432, "log10_colsample_bytree": -0.9956791940858548, "log10_eta": -0.6214178713346965, "log10_lambda": -3.442288919885528, "log10_min_child_weight": 2.4320119162525122, "log10_subsample": -0.8735816081829445, "max_depth": 4.0, "num_boost_round": 5.0}, "datetime": {"datetime": "2024-01-19 00:46:01", "elapsed": 2081.102651, "delta": 0.002074}}
{"target": -13.76808248407495, "params": {"gamma": 844.3867821144103, "log10_alpha": -0.3010417057586432, "log10_colsample_bytree": -0.9956791940858548, "log10_eta": -0.6214178713346965, "log10_lambda": -3.442288919885528, "log10_min_child_weight": 2.4320119162525122, "log10_subsample": -0.8735816081829445, "max_depth": 4.0, "num_boost_round": 6.0}, "datetime": {"datetime": "2024-01-19 00:46:01", "elapsed": 2081.104734, "delta": 0.002083}}
{"target": -13.766912738793735, "params": {"gamma": 844.3867821144103, "log10_alpha": -0.3010417057586432, "log10_colsample_bytree": -0.9956791940858548, "log10_eta": -0.6214178713346965, "log10_lambda": -3.442288919885528, "log10_min_child_weight": 2.4320119162525122, "log10_subsample": -0.8735816081829445, "max_depth": 4.0, "num_boost_round": 7.0}, "datetime": {"datetime": "2024-01-19 00:46:01", "elapsed": 2081.106809, "delta": 0.002075}}
{"target": -13.773290019674887, "params": {"gamma": 844.3867821144103, "log10_alpha": -0.3010417057586432, "log10_colsample_bytree": -0.9956791940858548, "log10_eta": -0.6214178713346965, "log10_lambda": -3.442288919885528, "log10_min_child_weight": 2.4320119162525122, "log10_subsample": -0.8735816081829445, "max_depth": 4.0, "num_boost_round": 8.0}, "datetime": {"datetime": "2024-01-19 00:46:01", "elapsed": 2081.10887, "delta": 0.002061}}
{"target": -13.778438123318177, "params": {"gamma": 844.3867821144103, "log10_alpha": -0.3010417057586432, "log10_colsample_bytree": -0.9956791940858548, "log10_eta": -0.6214178713346965, "log10_lambda": -3.442288919885528, "log10_min_child_weight": 2.4320119162525122, "log10_subsample": -0.8735816081829445, "max_depth": 4.0, "num_boost_round": 9.0}, "datetime": {"datetime": "2024-01-19 00:46:01", "elapsed": 2081.110939, "delta": 0.002069}}
{"target": -13.780143542023689, "params": {"gamma": 844.3867821144103, "log10_alpha": -0.3010417057586432, "log10_colsample_bytree": -0.9956791940858548, "log10_eta": -0.6214178713346965, "log10_lambda": -3.442288919885528, "log10_min_child_weight": 2.4320119162525122, "log10_subsample": -0.8735816081829445, "max_depth": 4.0, "num_boost_round": 10.0}, "datetime": {"datetime": "2024-01-19 00:46:01", "elapsed": 2081.113065, "delta": 0.002126}}
{"target": -13.780734235243218, "params": {"gamma": 844.3867821144103, "log10_alpha": -0.3010417057586432, "log10_colsample_bytree": -0.9956791940858548, "log10_eta": -0.6214178713346965, "log10_lambda": -3.442288919885528, "log10_min_child_weight": 2.4320119162525122, "log10_subsample": -0.8735816081829445, "max_depth": 4.0, "num_boost_round": 11.0}, "datetime": {"datetime": "2024-01-19 00:46:01", "elapsed": 2081.115162, "delta": 0.002097}}
{"target": -13.782769285102653, "params": {"gamma": 844.3867821144103, "log10_alpha": -0.3010417057586432, "log10_colsample_bytree": -0.9956791940858548, "log10_eta": -0.6214178713346965, "log10_lambda": -3.442288919885528, "log10_min_child_weight": 2.4320119162525122, "log10_subsample": -0.8735816081829445, "max_depth": 4.0, "num_boost_round": 12.0}, "datetime": {"datetime": "2024-01-19 00:46:01", "elapsed": 2081.11724, "delta": 0.002078}}
{"target": -13.784606016111832, "params": {"gamma": 844.3867821144103, "log10_alpha": -0.3010417057586432, "log10_colsample_bytree": -0.9956791940858548, "log10_eta": -0.6214178713346965, "log10_lambda": -3.442288919885528, "log10_min_child_weight": 2.4320119162525122, "log10_subsample": -0.8735816081829445, "max_depth": 4.0, "num_boost_round": 13.0}, "datetime": {"datetime": "2024-01-19 00:46:01", "elapsed": 2081.119398, "delta": 0.002158}}
{"target": -13.78487392696454, "params": {"gamma": 844.3867821144103, "log10_alpha": -0.3010417057586432, "log10_colsample_bytree": -0.9956791940858548, "log10_eta": -0.6214178713346965, "log10_lambda": -3.442288919885528, "log10_min_child_weight": 2.4320119162525122, "log10_subsample": -0.8735816081829445, "max_depth": 4.0, "num_boost_round": 14.0}, "datetime": {"datetime": "2024-01-19 00:46:01", "elapsed": 2081.121658, "delta": 0.00226}}
{"target": -13.786958508569827, "params": {"gamma": 844.3867821144103, "log10_alpha": -0.3010417057586432, "log10_colsample_bytree": -0.9956791940858548, "log10_eta": -0.6214178713346965, "log10_lambda": -3.442288919885528, "log10_min_child_weight": 2.4320119162525122, "log10_subsample": -0.8735816081829445, "max_depth": 4.0, "num_boost_round": 15.0}, "datetime": {"datetime": "2024-01-19 00:46:01", "elapsed": 2081.123869, "delta": 0.002211}}
{"target": -13.787992899020846, "params": {"gamma": 844.3867821144103, "log10_alpha": -0.3010417057586432, "log10_colsample_bytree": -0.9956791940858548, "log10_eta": -0.6214178713346965, "log10_lambda": -3.442288919885528, "log10_min_child_weight": 2.4320119162525122, "log10_subsample": -0.8735816081829445, "max_depth": 4.0, "num_boost_round": 16.0}, "datetime": {"datetime": "2024-01-19 00:46:01", "elapsed": 2081.126029, "delta": 0.00216}}
{"target": -13.790523691260777, "params": {"gamma": 844.3867821144103, "log10_alpha": -0.3010417057586432, "log10_colsample_bytree": -0.9956791940858548, "log10_eta": -0.6214178713346965, "log10_lambda": -3.442288919885528, "log10_min_child_weight": 2.4320119162525122, "log10_subsample": -0.8735816081829445, "max_depth": 4.0, "num_boost_round": 17.0}, "datetime": {"datetime": "2024-01-19 00:46:01", "elapsed": 2081.128124, "delta": 0.002095}}
{"target": -13.792376659714195, "params": {"gamma": 844.3867821144103, "log10_alpha": -0.3010417057586432, "log10_colsample_bytree": -0.9956791940858548, "log10_eta": -0.6214178713346965, "log10_lambda": -3.442288919885528, "log10_min_child_weight": 2.4320119162525122, "log10_subsample": -0.8735816081829445, "max_depth": 4.0, "num_boost_round": 18.0}, "datetime": {"datetime": "2024-01-19 00:46:01", "elapsed": 2081.130222, "delta": 0.002098}}
{"target": -13.758532826646666, "params": {"gamma": 870.9962983510029, "log10_alpha": -0.45117255040986937, "log10_colsample_bytree": -0.6168854172157255, "log10_eta": -3.5689750767399886, "log10_lambda": -4.753685027990956, "log10_min_child_weight": 0.8331634446971681, "log10_subsample": -0.21915306776776022, "max_depth": 7.0, "num_boost_round": 0.0}, "datetime": {"datetime": "2024-01-19 00:46:29", "elapsed": 2109.517006, "delta": 28.386784}}
{"target": -13.758508411316042, "params": {"gamma": 870.9962983510029, "log10_alpha": -0.45117255040986937, "log10_colsample_bytree": -0.6168854172157255, "log10_eta": -3.5689750767399886, "log10_lambda": -4.753685027990956, "log10_min_child_weight": 0.8331634446971681, "log10_subsample": -0.21915306776776022, "max_depth": 7.0, "num_boost_round": 1.0}, "datetime": {"datetime": "2024-01-19 00:46:29", "elapsed": 2109.519586, "delta": 0.00258}}
{"target": -13.758498568778835, "params": {"gamma": 870.9962983510029, "log10_alpha": -0.45117255040986937, "log10_colsample_bytree": -0.6168854172157255, "log10_eta": -3.5689750767399886, "log10_lambda": -4.753685027990956, "log10_min_child_weight": 0.8331634446971681, "log10_subsample": -0.21915306776776022, "max_depth": 7.0, "num_boost_round": 2.0}, "datetime": {"datetime": "2024-01-19 00:46:29", "elapsed": 2109.521747, "delta": 0.002161}}
{"target": -13.758481367294092, "params": {"gamma": 870.9962983510029, "log10_alpha": -0.45117255040986937, "log10_colsample_bytree": -0.6168854172157255, "log10_eta": -3.5689750767399886, "log10_lambda": -4.753685027990956, "log10_min_child_weight": 0.8331634446971681, "log10_subsample": -0.21915306776776022, "max_depth": 7.0, "num_boost_round": 3.0}, "datetime": {"datetime": "2024-01-19 00:46:29", "elapsed": 2109.524232, "delta": 0.002485}}
{"target": -13.758471972528012, "params": {"gamma": 870.9962983510029, "log10_alpha": -0.45117255040986937, "log10_colsample_bytree": -0.6168854172157255, "log10_eta": -3.5689750767399886, "log10_lambda": -4.753685027990956, "log10_min_child_weight": 0.8331634446971681, "log10_subsample": -0.21915306776776022, "max_depth": 7.0, "num_boost_round": 4.0}, "datetime": {"datetime": "2024-01-19 00:46:29", "elapsed": 2109.526631, "delta": 0.002399}}
{"target": -13.758464237521352, "params": {"gamma": 870.9962983510029, "log10_alpha": -0.45117255040986937, "log10_colsample_bytree": -0.6168854172157255, "log10_eta": -3.5689750767399886, "log10_lambda": -4.753685027990956, "log10_min_child_weight": 0.8331634446971681, "log10_subsample": -0.21915306776776022, "max_depth": 7.0, "num_boost_round": 5.0}, "datetime": {"datetime": "2024-01-19 00:46:29", "elapsed": 2109.528868, "delta": 0.002237}}
{"target": -13.75845730950713, "params": {"gamma": 870.9962983510029, "log10_alpha": -0.45117255040986937, "log10_colsample_bytree": -0.6168854172157255, "log10_eta": -3.5689750767399886, "log10_lambda": -4.753685027990956, "log10_min_child_weight": 0.8331634446971681, "log10_subsample": -0.21915306776776022, "max_depth": 7.0, "num_boost_round": 6.0}, "datetime": {"datetime": "2024-01-19 00:46:29", "elapsed": 2109.531507, "delta": 0.002639}}
{"target": -13.758454048082786, "params": {"gamma": 870.9962983510029, "log10_alpha": -0.45117255040986937, "log10_colsample_bytree": -0.6168854172157255, "log10_eta": -3.5689750767399886, "log10_lambda": -4.753685027990956, "log10_min_child_weight": 0.8331634446971681, "log10_subsample": -0.21915306776776022, "max_depth": 7.0, "num_boost_round": 7.0}, "datetime": {"datetime": "2024-01-19 00:46:29", "elapsed": 2109.533772, "delta": 0.002265}}
{"target": -13.758443978904955, "params": {"gamma": 870.9962983510029, "log10_alpha": -0.45117255040986937, "log10_colsample_bytree": -0.6168854172157255, "log10_eta": -3.5689750767399886, "log10_lambda": -4.753685027990956, "log10_min_child_weight": 0.8331634446971681, "log10_subsample": -0.21915306776776022, "max_depth": 7.0, "num_boost_round": 8.0}, "datetime": {"datetime": "2024-01-19 00:46:29", "elapsed": 2109.535906, "delta": 0.002134}}
{"target": -13.758438593959722, "params": {"gamma": 870.9962983510029, "log10_alpha": -0.45117255040986937, "log10_colsample_bytree": -0.6168854172157255, "log10_eta": -3.5689750767399886, "log10_lambda": -4.753685027990956, "log10_min_child_weight": 0.8331634446971681, "log10_subsample": -0.21915306776776022, "max_depth": 7.0, "num_boost_round": 9.0}, "datetime": {"datetime": "2024-01-19 00:46:29", "elapsed": 2109.538081, "delta": 0.002175}}
