{"target": -17.674913362895925, "params": {"gamma": 407.288006763423, "log10_alpha": -2.3255038678547133, "log10_colsample_bytree": -0.33049632945397556, "log10_eta": -1.2245617677267364, "log10_lambda": -4.923057504865728, "log10_min_child_weight": 1.5663000576871577, "log10_subsample": -0.06519577490470307, "max_depth": 2.0, "num_boost_round": 2.0}, "datetime": {"datetime": "2024-01-19 00:42:21", "elapsed": 1831.15882, "delta": 0.002799}}
{"target": -17.674216047921263, "params": {"gamma": 407.288006763423, "log10_alpha": -2.3255038678547133, "log10_colsample_bytree": -0.33049632945397556, "log10_eta": -1.2245617677267364, "log10_lambda": -4.923057504865728, "log10_min_child_weight": 1.5663000576871577, "log10_subsample": -0.06519577490470307, "max_depth": 2.0, "num_boost_round": 3.0}, "datetime": {"datetime": "2024-01-19 00:42:21", "elapsed": 1831.161745, "delta": 0.002925}}
{"target": -17.673989546620998, "params": {"gamma": 407.288006763423, "log10_alpha": -2.3255038678547133, "log10_colsample_bytree": -0.33049632945397556, "log10_eta": -1.2245617677267364, "log10_lambda": -4.923057504865728, "log10_min_child_weight": 1.5663000576871577, "log10_subsample": -0.06519577490470307, "max_depth": 2.0, "num_boost_round": 4.0}, "datetime": {"datetime": "2024-01-19 00:42:21", "elapsed": 1831.164521, "delta": 0.002776}}
{"target": -17.674285464831083, "params": {"gamma": 407.288006763423, "log10_alpha": -2.3255038678547133, "log10_colsample_bytree": -0.33049632945397556, "log10_eta": -1.2245617677267364, "log10_lambda": -4.923057504865728, "log10_min_child_weight": 1.5663000576871577, "log10_subsample": -0.06519577490470307, "max_depth": 2.0, "num_boost_round": 5.0}, "datetime": {"datetime": "2024-01-19 00:42:21", "elapsed": 1831.167265, "delta": 0.002744}}
{"target": -17.674295030710166, "params": {"gamma": 407.288006763423, "log10_alpha": -2.3255038678547133, "log10_colsample_bytree": -0.33049632945397556, "log10_eta": -1.2245617677267364, "log10_lambda": -4.923057504865728, "log10_min_child_weight": 1.5663000576871577, "log10_subsample": -0.06519577490470307, "max_depth": 2.0, "num_boost_round": 6.0}, "datetime": {"datetime": "2024-01-19 00:42:21", "elapsed": 1831.169991, "delta": 0.002726}}
{"target": -17.674569486679875, "params": {"gamma": 407.288006763423, "log10_alpha": -2.3255038678547133, "log10_colsample_bytree": -0.33049632945397556, "log10_eta": -1.2245617677267364, "log10_lambda": -4.923057504865728, "log10_min_child_weight": 1.5663000576871577, "log10_subsample": -0.06519577490470307, "max_depth": 2.0, "num_boost_round": 7.0}, "datetime": {"datetime": "2024-01-19 00:42:21", "elapsed": 1831.172795, "delta": 0.002804}}
{"target": -17.675054949416598, "params": {"gamma": 407.288006763423, "log10_alpha": -2.3255038678547133, "log10_colsample_bytree": -0.33049632945397556, "log10_eta": -1.2245617677267364, "log10_lambda": -4.923057504865728, "log10_min_child_weight": 1.5663000576871577, "log10_subsample": -0.06519577490470307, "max_depth": 2.0, "num_boost_round": 8.0}, "datetime": {"datetime": "2024-01-19 00:42:21", "elapsed": 1831.17555, "delta": 0.002755}}
{"target": -17.67471624330568, "params": {"gamma": 407.288006763423, "log10_alpha": -2.3255038678547133, "log10_colsample_bytree": -0.33049632945397556, "log10_eta": -1.2245617677267364, "log10_lambda": -4.923057504865728, "log10_min_child_weight": 1.5663000576871577, "log10_subsample": -0.06519577490470307, "max_depth": 2.0, "num_boost_round": 9.0}, "datetime": {"datetime": "2024-01-19 00:42:21", "elapsed": 1831.178302, "delta": 0.002752}}
{"target": -17.672895239054622, "params": {"gamma": 407.288006763423, "log10_alpha": -2.3255038678547133, "log10_colsample_bytree": -0.33049632945397556, "log10_eta": -1.2245617677267364, "log10_lambda": -4.923057504865728, "log10_min_child_weight": 1.5663000576871577, "log10_subsample": -0.06519577490470307, "max_depth": 2.0, "num_boost_round": 10.0}, "datetime": {"datetime": "2024-01-19 00:42:21", "elapsed": 1831.18109, "delta": 0.002788}}
{"target": -17.671759100371872, "params": {"gamma": 407.288006763423, "log10_alpha": -2.3255038678547133, "log10_colsample_bytree": -0.33049632945397556, "log10_eta": -1.2245617677267364, "log10_lambda": -4.923057504865728, "log10_min_child_weight": 1.5663000576871577, "log10_subsample": -0.06519577490470307, "max_depth": 2.0, "num_boost_round": 11.0}, "datetime": {"datetime": "2024-01-19 00:42:21", "elapsed": 1831.183938, "delta": 0.002848}}
{"target": -17.672601088862518, "params": {"gamma": 407.288006763423, "log10_alpha": -2.3255038678547133, "log10_colsample_bytree": -0.33049632945397556, "log10_eta": -1.2245617677267364, "log10_lambda": -4.923057504865728, "log10_min_child_weight": 1.5663000576871577, "log10_subsample": -0.06519577490470307, "max_depth": 2.0, "num_boost_round": 12.0}, "datetime": {"datetime": "2024-01-19 00:42:21", "elapsed": 1831.186648, "delta": 0.00271}}
{"target": -17.673309783516533, "params": {"gamma": 407.288006763423, "log10_alpha": -2.3255038678547133, "log10_colsample_bytree": -0.33049632945397556, "log10_eta": -1.2245617677267364, "log10_lambda": -4.923057504865728, "log10_min_child_weight": 1.5663000576871577, "log10_subsample": -0.06519577490470307, "max_depth": 2.0, "num_boost_round": 13.0}, "datetime": {"datetime": "2024-01-19 00:42:21", "elapsed": 1831.189399, "delta": 0.002751}}
{"target": -17.67338448577893, "params": {"gamma": 407.288006763423, "log10_alpha": -2.3255038678547133, "log10_colsample_bytree": -0.33049632945397556, "log10_eta": -1.2245617677267364, "log10_lambda": -4.923057504865728, "log10_min_child_weight": 1.5663000576871577, "log10_subsample": -0.06519577490470307, "max_depth": 2.0, "num_boost_round": 14.0}, "datetime": {"datetime": "2024-01-19 00:42:21", "elapsed": 1831.192211, "delta": 0.002812}}
{"target": -17.67324581728343, "params": {"gamma": 407.288006763423, "log10_alpha": -2.3255038678547133, "log10_colsample_bytree": -0.33049632945397556, "log10_eta": -1.2245617677267364, "log10_lambda": -4.923057504865728, "log10_min_child_weight": 1.5663000576871577, "log10_subsample": -0.06519577490470307, "max_depth": 2.0, "num_boost_round": 15.0}, "datetime": {"datetime": "2024-01-19 00:42:21", "elapsed": 1831.194972, "delta": 0.002761}}
{"target": -17.673286362267472, "params": {"gamma": 407.288006763423, "log10_alpha": -2.3255038678547133, "log10_colsample_bytree": -0.33049632945397556, "log10_eta": -1.2245617677267364, "log10_lambda": -4.923057504865728, "log10_min_child_weight": 1.5663000576871577, "log10_subsample": -0.06519577490470307, "max_depth": 2.0, "num_boost_round": 16.0}, "datetime": {"datetime": "2024-01-19 00:42:21", "elapsed": 1831.197701, "delta": 0.002729}}
{"target": -17.67374891567959, "params": {"gamma": 407.288006763423, "log10_alpha": -2.3255038678547133, "log10_colsample_bytree": -0.33049632945397556, "log10_eta": -1.2245617677267364, "log10_lambda": -4.923057504865728, "log10_min_child_weight": 1.5663000576871577, "log10_subsample": -0.06519577490470307, "max_depth": 2.0, "num_boost_round": 17.0}, "datetime": {"datetime": "2024-01-19 00:42:21", "elapsed": 1831.200435, "delta": 0.002734}}
{"target": -17.67390615991822, "params": {"gamma": 407.288006763423, "log10_alpha": -2.3255038678547133, "log10_colsample_bytree": -0.33049632945397556, "log10_eta": -1.2245617677267364, "log10_lambda": -4.923057504865728, "log10_min_child_weight": 1.5663000576871577, "log10_subsample": -0.06519577490470307, "max_depth": 2.0, "num_boost_round": 18.0}, "datetime": {"datetime": "2024-01-19 00:42:21", "elapsed": 1831.203283, "delta": 0.002848}}
{"target": -17.673914179465996, "params": {"gamma": 407.288006763423, "log10_alpha": -2.3255038678547133, "log10_colsample_bytree": -0.33049632945397556, "log10_eta": -1.2245617677267364, "log10_lambda": -4.923057504865728, "log10_min_child_weight": 1.5663000576871577, "log10_subsample": -0.06519577490470307, "max_depth": 2.0, "num_boost_round": 19.0}, "datetime": {"datetime": "2024-01-19 00:42:21", "elapsed": 1831.206052, "delta": 0.002769}}
{"target": -17.67481739273933, "params": {"gamma": 407.288006763423, "log10_alpha": -2.3255038678547133, "log10_colsample_bytree": -0.33049632945397556, "log10_eta": -1.2245617677267364, "log10_lambda": -4.923057504865728, "log10_min_child_weight": 1.5663000576871577, "log10_subsample": -0.06519577490470307, "max_depth": 2.0, "num_boost_round": 20.0}, "datetime": {"datetime": "2024-01-19 00:42:21", "elapsed": 1831.208796, "delta": 0.002744}}
{"target": -17.674363621307226, "params": {"gamma": 407.288006763423, "log10_alpha": -2.3255038678547133, "log10_colsample_bytree": -0.33049632945397556, "log10_eta": -1.2245617677267364, "log10_lambda": -4.923057504865728, "log10_min_child_weight": 1.5663000576871577, "log10_subsample": -0.06519577490470307, "max_depth": 2.0, "num_boost_round": 21.0}, "datetime": {"datetime": "2024-01-19 00:42:21", "elapsed": 1831.211587, "delta": 0.002791}}
{"target": -17.67464964049899, "params": {"gamma": 407.288006763423, "log10_alpha": -2.3255038678547133, "log10_colsample_bytree": -0.33049632945397556, "log10_eta": -1.2245617677267364, "log10_lambda": -4.923057504865728, "log10_min_child_weight": 1.5663000576871577, "log10_subsample": -0.06519577490470307, "max_depth": 2.0, "num_boost_round": 22.0}, "datetime": {"datetime": "2024-01-19 00:42:21", "elapsed": 1831.214421, "delta": 0.002834}}
{"target": -17.67451657124337, "params": {"gamma": 407.288006763423, "log10_alpha": -2.3255038678547133, "log10_colsample_bytree": -0.33049632945397556, "log10_eta": -1.2245617677267364, "log10_lambda": -4.923057504865728, "log10_min_child_weight": 1.5663000576871577, "log10_subsample": -0.06519577490470307, "max_depth": 2.0, "num_boost_round": 23.0}, "datetime": {"datetime": "2024-01-19 00:42:21", "elapsed": 1831.217178, "delta": 0.002757}}
{"target": -17.67491367618906, "params": {"gamma": 407.288006763423, "log10_alpha": -2.3255038678547133, "log10_colsample_bytree": -0.33049632945397556, "log10_eta": -1.2245617677267364, "log10_lambda": -4.923057504865728, "log10_min_child_weight": 1.5663000576871577, "log10_subsample": -0.06519577490470307, "max_depth": 2.0, "num_boost_round": 24.0}, "datetime": {"datetime": "2024-01-19 00:42:21", "elapsed": 1831.219941, "delta": 0.002763}}
{"target": -17.676993170482756, "params": {"gamma": 407.288006763423, "log10_alpha": -2.3255038678547133, "log10_colsample_bytree": -0.33049632945397556, "log10_eta": -1.2245617677267364, "log10_lambda": -4.923057504865728, "log10_min_child_weight": 1.5663000576871577, "log10_subsample": -0.06519577490470307, "max_depth": 2.0, "num_boost_round": 25.0}, "datetime": {"datetime": "2024-01-19 00:42:21", "elapsed": 1831.22279, "delta": 0.002849}}
{"target": -17.677395421627292, "params": {"gamma": 407.288006763423, "log10_alpha": -2.3255038678547133, "log10_colsample_bytree": -0.33049632945397556, "log10_eta": -1.2245617677267364, "log10_lambda": -4.923057504865728, "log10_min_child_weight": 1.5663000576871577, "log10_subsample": -0.06519577490470307, "max_depth": 2.0, "num_boost_round": 26.0}, "datetime": {"datetime": "2024-01-19 00:42:21", "elapsed": 1831.225515, "delta": 0.002725}}
{"target": -17.678192252162226, "params": {"gamma": 407.288006763423, "log10_alpha": -2.3255038678547133, "log10_colsample_bytree": -0.33049632945397556, "log10_eta": -1.2245617677267364, "log10_lambda": -4.923057504865728, "log10_min_child_weight": 1.5663000576871577, "log10_subsample": -0.06519577490470307, "max_depth": 2.0, "num_boost_round": 27.0}, "datetime": {"datetime": "2024-01-19 00:42:21", "elapsed": 1831.228269, "delta": 0.002754}}
{"target": -17.676913260146158, "params": {"gamma": 407.288006763423, "log10_alpha": -2.3255038678547133, "log10_colsample_bytree": -0.33049632945397556, "log10_eta": -1.2245617677267364, "log10_lambda": -4.923057504865728, "log10_min_child_weight": 1.5663000576871577, "log10_subsample": -0.06519577490470307, "max_depth": 2.0, "num_boost_round": 28.0}, "datetime": {"datetime": "2024-01-19 00:42:21", "elapsed": 1831.230996, "delta": 0.002727}}
{"target": -17.67800338243147, "params": {"gamma": 407.288006763423, "log10_alpha": -2.3255038678547133, "log10_colsample_bytree": -0.33049632945397556, "log10_eta": -1.2245617677267364, "log10_lambda": -4.923057504865728, "log10_min_child_weight": 1.5663000576871577, "log10_subsample": -0.06519577490470307, "max_depth": 2.0, "num_boost_round": 29.0}, "datetime": {"datetime": "2024-01-19 00:42:21", "elapsed": 1831.233801, "delta": 0.002805}}
{"target": -17.676798491329453, "params": {"gamma": 407.288006763423, "log10_alpha": -2.3255038678547133, "log10_colsample_bytree": -0.33049632945397556, "log10_eta": -1.2245617677267364, "log10_lambda": -4.923057504865728, "log10_min_child_weight": 1.5663000576871577, "log10_subsample": -0.06519577490470307, "max_depth": 2.0, "num_boost_round": 30.0}, "datetime": {"datetime": "2024-01-19 00:42:21", "elapsed": 1831.236539, "delta": 0.002738}}
{"target": -17.67641961347051, "params": {"gamma": 407.288006763423, "log10_alpha": -2.3255038678547133, "log10_colsample_bytree": -0.33049632945397556, "log10_eta": -1.2245617677267364, "log10_lambda": -4.923057504865728, "log10_min_child_weight": 1.5663000576871577, "log10_subsample": -0.06519577490470307, "max_depth": 2.0, "num_boost_round": 31.0}, "datetime": {"datetime": "2024-01-19 00:42:21", "elapsed": 1831.239282, "delta": 0.002743}}
{"target": -17.67726743573109, "params": {"gamma": 407.288006763423, "log10_alpha": -2.3255038678547133, "log10_colsample_bytree": -0.33049632945397556, "log10_eta": -1.2245617677267364, "log10_lambda": -4.923057504865728, "log10_min_child_weight": 1.5663000576871577, "log10_subsample": -0.06519577490470307, "max_depth": 2.0, "num_boost_round": 32.0}, "datetime": {"datetime": "2024-01-19 00:42:21", "elapsed": 1831.242251, "delta": 0.002969}}
{"target": -17.677362528521066, "params": {"gamma": 407.288006763423, "log10_alpha": -2.3255038678547133, "log10_colsample_bytree": -0.33049632945397556, "log10_eta": -1.2245617677267364, "log10_lambda": -4.923057504865728, "log10_min_child_weight": 1.5663000576871577, "log10_subsample": -0.06519577490470307, "max_depth": 2.0, "num_boost_round": 33.0}, "datetime": {"datetime": "2024-01-19 00:42:21", "elapsed": 1831.245147, "delta": 0.002896}}
{"target": -17.678573890601037, "params": {"gamma": 407.288006763423, "log10_alpha": -2.3255038678547133, "log10_colsample_bytree": -0.33049632945397556, "log10_eta": -1.2245617677267364, "log10_lambda": -4.923057504865728, "log10_min_child_weight": 1.5663000576871577, "log10_subsample": -0.06519577490470307, "max_depth": 2.0, "num_boost_round": 34.0}, "datetime": {"datetime": "2024-01-19 00:42:21", "elapsed": 1831.248048, "delta": 0.002901}}
{"target": -17.678035286472017, "params": {"gamma": 407.288006763423, "log10_alpha": -2.3255038678547133, "log10_colsample_bytree": -0.33049632945397556, "log10_eta": -1.2245617677267364, "log10_lambda": -4.923057504865728, "log10_min_child_weight": 1.5663000576871577, "log10_subsample": -0.06519577490470307, "max_depth": 2.0, "num_boost_round": 35.0}, "datetime": {"datetime": "2024-01-19 00:42:21", "elapsed": 1831.250985, "delta": 0.002937}}
{"target": -17.678903883193225, "params": {"gamma": 407.288006763423, "log10_alpha": -2.3255038678547133, "log10_colsample_bytree": -0.33049632945397556, "log10_eta": -1.2245617677267364, "log10_lambda": -4.923057504865728, "log10_min_child_weight": 1.5663000576871577, "log10_subsample": -0.06519577490470307, "max_depth": 2.0, "num_boost_round": 36.0}, "datetime": {"datetime": "2024-01-19 00:42:21", "elapsed": 1831.253722, "delta": 0.002737}}
{"target": -17.679399594587426, "params": {"gamma": 407.288006763423, "log10_alpha": -2.3255038678547133, "log10_colsample_bytree": -0.33049632945397556, "log10_eta": -1.2245617677267364, "log10_lambda": -4.923057504865728, "log10_min_child_weight": 1.5663000576871577, "log10_subsample": -0.06519577490470307, "max_depth": 2.0, "num_boost_round": 37.0}, "datetime": {"datetime": "2024-01-19 00:42:21", "elapsed": 1831.256615, "delta": 0.002893}}
{"target": -17.685681111532567, "params": {"gamma": 407.288006763423, "log10_alpha": -2.3255038678547133, "log10_colsample_bytree": -0.33049632945397556, "log10_eta": -1.2245617677267364, "log10_lambda": -4.923057504865728, "log10_min_child_weight": 1.5663000576871577, "log10_subsample": -0.06519577490470307, "max_depth": 2.0, "num_boost_round": 38.0}, "datetime": {"datetime": "2024-01-19 00:42:21", "elapsed": 1831.259378, "delta": 0.002763}}
{"target": -17.688125205383166, "params": {"gamma": 407.288006763423, "log10_alpha": -2.3255038678547133, "log10_colsample_bytree": -0.33049632945397556, "log10_eta": -1.2245617677267364, "log10_lambda": -4.923057504865728, "log10_min_child_weight": 1.5663000576871577, "log10_subsample": -0.06519577490470307, "max_depth": 2.0, "num_boost_round": 39.0}, "datetime": {"datetime": "2024-01-19 00:42:21", "elapsed": 1831.262245, "delta": 0.002867}}
{"target": -17.687945547550207, "params": {"gamma": 407.288006763423, "log10_alpha": -2.3255038678547133, "log10_colsample_bytree": -0.33049632945397556, "log10_eta": -1.2245617677267364, "log10_lambda": -4.923057504865728, "log10_min_child_weight": 1.5663000576871577, "log10_subsample": -0.06519577490470307, "max_depth": 2.0, "num_boost_round": 40.0}, "datetime": {"datetime": "2024-01-19 00:42:21", "elapsed": 1831.264997, "delta": 0.002752}}
{"target": -17.68818620864406, "params": {"gamma": 407.288006763423, "log10_alpha": -2.3255038678547133, "log10_colsample_bytree": -0.33049632945397556, "log10_eta": -1.2245617677267364, "log10_lambda": -4.923057504865728, "log10_min_child_weight": 1.5663000576871577, "log10_subsample": -0.06519577490470307, "max_depth": 2.0, "num_boost_round": 41.0}, "datetime": {"datetime": "2024-01-19 00:42:21", "elapsed": 1831.267775, "delta": 0.002778}}
{"target": -17.688633198115863, "params": {"gamma": 407.288006763423, "log10_alpha": -2.3255038678547133, "log10_colsample_bytree": -0.33049632945397556, "log10_eta": -1.2245617677267364, "log10_lambda": -4.923057504865728, "log10_min_child_weight": 1.5663000576871577, "log10_subsample": -0.06519577490470307, "max_depth": 2.0, "num_boost_round": 42.0}, "datetime": {"datetime": "2024-01-19 00:42:21", "elapsed": 1831.270538, "delta": 0.002763}}
{"target": -17.688732302366272, "params": {"gamma": 407.288006763423, "log10_alpha": -2.3255038678547133, "log10_colsample_bytree": -0.33049632945397556, "log10_eta": -1.2245617677267364, "log10_lambda": -4.923057504865728, "log10_min_child_weight": 1.5663000576871577, "log10_subsample": -0.06519577490470307, "max_depth": 2.0, "num_boost_round": 43.0}, "datetime": {"datetime": "2024-01-19 00:42:21", "elapsed": 1831.273371, "delta": 0.002833}}
{"target": -17.688768466372395, "params": {"gamma": 407.288006763423, "log10_alpha": -2.3255038678547133, "log10_colsample_bytree": -0.33049632945397556, "log10_eta": -1.2245617677267364, "log10_lambda": -4.923057504865728, "log10_min_child_weight": 1.5663000576871577, "log10_subsample": -0.06519577490470307, "max_depth": 2.0, "num_boost_round": 44.0}, "datetime": {"datetime": "2024-01-19 00:42:21", "elapsed": 1831.276147, "delta": 0.002776}}
{"target": -17.68732185281805, "params": {"gamma": 407.288006763423, "log10_alpha": -2.3255038678547133, "log10_colsample_bytree": -0.33049632945397556, "log10_eta": -1.2245617677267364, "log10_lambda": -4.923057504865728, "log10_min_child_weight": 1.5663000576871577, "log10_subsample": -0.06519577490470307, "max_depth": 2.0, "num_boost_round": 45.0}, "datetime": {"datetime": "2024-01-19 00:42:21", "elapsed": 1831.278931, "delta": 0.002784}}
{"target": -17.688031750427484, "params": {"gamma": 407.288006763423, "log10_alpha": -2.3255038678547133, "log10_colsample_bytree": -0.33049632945397556, "log10_eta": -1.2245617677267364, "log10_lambda": -4.923057504865728, "log10_min_child_weight": 1.5663000576871577, "log10_subsample": -0.06519577490470307, "max_depth": 2.0, "num_boost_round": 46.0}, "datetime": {"datetime": "2024-01-19 00:42:21", "elapsed": 1831.281835, "delta": 0.002904}}
{"target": -17.688434556760356, "params": {"gamma": 407.288006763423, "log10_alpha": -2.3255038678547133, "log10_colsample_bytree": -0.33049632945397556, "log10_eta": -1.2245617677267364, "log10_lambda": -4.923057504865728, "log10_min_child_weight": 1.5663000576871577, "log10_subsample": -0.06519577490470307, "max_depth": 2.0, "num_boost_round": 47.0}, "datetime": {"datetime": "2024-01-19 00:42:21", "elapsed": 1831.284658, "delta": 0.002823}}
{"target": -17.688791902359124, "params": {"gamma": 407.288006763423, "log10_alpha": -2.3255038678547133, "log10_colsample_bytree": -0.33049632945397556, "log10_eta": -1.2245617677267364, "log10_lambda": -4.923057504865728, "log10_min_child_weight": 1.5663000576871577, "log10_subsample": -0.06519577490470307, "max_depth": 2.0, "num_boost_round": 48.0}, "datetime": {"datetime": "2024-01-19 00:42:21", "elapsed": 1831.287439, "delta": 0.002781}}
{"target": -17.68947315733987, "params": {"gamma": 407.288006763423, "log10_alpha": -2.3255038678547133, "log10_colsample_bytree": -0.33049632945397556, "log10_eta": -1.2245617677267364, "log10_lambda": -4.923057504865728, "log10_min_child_weight": 1.5663000576871577, "log10_subsample": -0.06519577490470307, "max_depth": 2.0, "num_boost_round": 49.0}, "datetime": {"datetime": "2024-01-19 00:42:21", "elapsed": 1831.290224, "delta": 0.002785}}
{"target": -17.689291604185943, "params": {"gamma": 407.288006763423, "log10_alpha": -2.3255038678547133, "log10_colsample_bytree": -0.33049632945397556, "log10_eta": -1.2245617677267364, "log10_lambda": -4.923057504865728, "log10_min_child_weight": 1.5663000576871577, "log10_subsample": -0.06519577490470307, "max_depth": 2.0, "num_boost_round": 50.0}, "datetime": {"datetime": "2024-01-19 00:42:21", "elapsed": 1831.293108, "delta": 0.002884}}
