{"target": -17.677208780434615, "params": {"gamma": 421.386052400475, "log10_alpha": -1.2151653097910757, "log10_colsample_bytree": -0.5324245299935214, "log10_eta": -3.899521674330889, "log10_lambda": -2.844892835825995, "log10_min_child_weight": 3.7864734815799523, "log10_subsample": -0.4931767057444604, "max_depth": 3.0, "num_boost_round": 22.0}, "datetime": {"datetime": "2024-01-19 01:21:46", "elapsed": 4198.760474, "delta": 0.004502}}
{"target": -17.677206763490144, "params": {"gamma": 421.386052400475, "log10_alpha": -1.2151653097910757, "log10_colsample_bytree": -0.5324245299935214, "log10_eta": -3.899521674330889, "log10_lambda": -2.844892835825995, "log10_min_child_weight": 3.7864734815799523, "log10_subsample": -0.4931767057444604, "max_depth": 3.0, "num_boost_round": 23.0}, "datetime": {"datetime": "2024-01-19 01:21:46", "elapsed": 4198.764911, "delta": 0.004437}}
{"target": -17.677165826900676, "params": {"gamma": 452.3715904055157, "log10_alpha": -0.5831867521644716, "log10_colsample_bytree": -0.5451846636790815, "log10_eta": -2.640167067607155, "log10_lambda": -2.9878215960349, "log10_min_child_weight": 2.416298707235174, "log10_subsample": -0.428776179254164, "max_depth": 2.0, "num_boost_round": 0.0}, "datetime": {"datetime": "2024-01-19 01:23:07", "elapsed": 4279.981024, "delta": 81.216113}}
{"target": -17.677112891527685, "params": {"gamma": 452.3715904055157, "log10_alpha": -0.5831867521644716, "log10_colsample_bytree": -0.5451846636790815, "log10_eta": -2.640167067607155, "log10_lambda": -2.9878215960349, "log10_min_child_weight": 2.416298707235174, "log10_subsample": -0.428776179254164, "max_depth": 2.0, "num_boost_round": 1.0}, "datetime": {"datetime": "2024-01-19 01:23:07", "elapsed": 4279.986836, "delta": 0.005812}}
{"target": -17.67704876751564, "params": {"gamma": 452.3715904055157, "log10_alpha": -0.5831867521644716, "log10_colsample_bytree": -0.5451846636790815, "log10_eta": -2.640167067607155, "log10_lambda": -2.9878215960349, "log10_min_child_weight": 2.416298707235174, "log10_subsample": -0.428776179254164, "max_depth": 2.0, "num_boost_round": 2.0}, "datetime": {"datetime": "2024-01-19 01:23:07", "elapsed": 4279.991175, "delta": 0.004339}}
{"target": -17.677011685985978, "params": {"gamma": 452.3715904055157, "log10_alpha": -0.5831867521644716, "log10_colsample_bytree": -0.5451846636790815, "log10_eta": -2.640167067607155, "log10_lambda": -2.9878215960349, "log10_min_child_weight": 2.416298707235174, "log10_subsample": -0.428776179254164, "max_depth": 2.0, "num_boost_round": 3.0}, "datetime": {"datetime": "2024-01-19 01:23:07", "elapsed": 4279.995351, "delta": 0.004176}}
{"target": -17.67698202160885, "params": {"gamma": 452.3715904055157, "log10_alpha": -0.5831867521644716, "log10_colsample_bytree": -0.5451846636790815, "log10_eta": -2.640167067607155, "log10_lambda": -2.9878215960349, "log10_min_child_weight": 2.416298707235174, "log10_subsample": -0.428776179254164, "max_depth": 2.0, "num_boost_round": 4.0}, "datetime": {"datetime": "2024-01-19 01:23:07", "elapsed": 4279.999528, "delta": 0.004177}}
{"target": -17.67694450778075, "params": {"gamma": 452.3715904055157, "log10_alpha": -0.5831867521644716, "log10_colsample_bytree": -0.5451846636790815, "log10_eta": -2.640167067607155, "log10_lambda": -2.9878215960349, "log10_min_child_weight": 2.416298707235174, "log10_subsample": -0.428776179254164, "max_depth": 2.0, "num_boost_round": 5.0}, "datetime": {"datetime": "2024-01-19 01:23:07", "elapsed": 4280.004641, "delta": 0.005113}}
{"target": -17.6768826615372, "params": {"gamma": 452.3715904055157, "log10_alpha": -0.5831867521644716, "log10_colsample_bytree": -0.5451846636790815, "log10_eta": -2.640167067607155, "log10_lambda": -2.9878215960349, "log10_min_child_weight": 2.416298707235174, "log10_subsample": -0.428776179254164, "max_depth": 2.0, "num_boost_round": 6.0}, "datetime": {"datetime": "2024-01-19 01:23:07", "elapsed": 4280.008892, "delta": 0.004251}}
{"target": -17.67684639533201, "params": {"gamma": 452.3715904055157, "log10_alpha": -0.5831867521644716, "log10_colsample_bytree": -0.5451846636790815, "log10_eta": -2.640167067607155, "log10_lambda": -2.9878215960349, "log10_min_child_weight": 2.416298707235174, "log10_subsample": -0.428776179254164, "max_depth": 2.0, "num_boost_round": 7.0}, "datetime": {"datetime": "2024-01-19 01:23:07", "elapsed": 4280.013301, "delta": 0.004409}}
{"target": -17.6767980293641, "params": {"gamma": 452.3715904055157, "log10_alpha": -0.5831867521644716, "log10_colsample_bytree": -0.5451846636790815, "log10_eta": -2.640167067607155, "log10_lambda": -2.9878215960349, "log10_min_child_weight": 2.416298707235174, "log10_subsample": -0.428776179254164, "max_depth": 2.0, "num_boost_round": 8.0}, "datetime": {"datetime": "2024-01-19 01:23:07", "elapsed": 4280.021269, "delta": 0.007968}}
{"target": -17.67672380626441, "params": {"gamma": 452.3715904055157, "log10_alpha": -0.5831867521644716, "log10_colsample_bytree": -0.5451846636790815, "log10_eta": -2.640167067607155, "log10_lambda": -2.9878215960349, "log10_min_child_weight": 2.416298707235174, "log10_subsample": -0.428776179254164, "max_depth": 2.0, "num_boost_round": 9.0}, "datetime": {"datetime": "2024-01-19 01:23:07", "elapsed": 4280.025486, "delta": 0.004217}}
{"target": -17.67666635003086, "params": {"gamma": 452.3715904055157, "log10_alpha": -0.5831867521644716, "log10_colsample_bytree": -0.5451846636790815, "log10_eta": -2.640167067607155, "log10_lambda": -2.9878215960349, "log10_min_child_weight": 2.416298707235174, "log10_subsample": -0.428776179254164, "max_depth": 2.0, "num_boost_round": 10.0}, "datetime": {"datetime": "2024-01-19 01:23:07", "elapsed": 4280.029799, "delta": 0.004313}}
{"target": -17.676626761921423, "params": {"gamma": 452.3715904055157, "log10_alpha": -0.5831867521644716, "log10_colsample_bytree": -0.5451846636790815, "log10_eta": -2.640167067607155, "log10_lambda": -2.9878215960349, "log10_min_child_weight": 2.416298707235174, "log10_subsample": -0.428776179254164, "max_depth": 2.0, "num_boost_round": 11.0}, "datetime": {"datetime": "2024-01-19 01:23:07", "elapsed": 4280.034002, "delta": 0.004203}}
{"target": -17.676581693561214, "params": {"gamma": 452.3715904055157, "log10_alpha": -0.5831867521644716, "log10_colsample_bytree": -0.5451846636790815, "log10_eta": -2.640167067607155, "log10_lambda": -2.9878215960349, "log10_min_child_weight": 2.416298707235174, "log10_subsample": -0.428776179254164, "max_depth": 2.0, "num_boost_round": 12.0}, "datetime": {"datetime": "2024-01-19 01:23:07", "elapsed": 4280.038169, "delta": 0.004167}}
{"target": -17.67651422043945, "params": {"gamma": 452.3715904055157, "log10_alpha": -0.5831867521644716, "log10_colsample_bytree": -0.5451846636790815, "log10_eta": -2.640167067607155, "log10_lambda": -2.9878215960349, "log10_min_child_weight": 2.416298707235174, "log10_subsample": -0.428776179254164, "max_depth": 2.0, "num_boost_round": 13.0}, "datetime": {"datetime": "2024-01-19 01:23:07", "elapsed": 4280.042442, "delta": 0.004273}}
{"target": -17.676502275848023, "params": {"gamma": 452.3715904055157, "log10_alpha": -0.5831867521644716, "log10_colsample_bytree": -0.5451846636790815, "log10_eta": -2.640167067607155, "log10_lambda": -2.9878215960349, "log10_min_child_weight": 2.416298707235174, "log10_subsample": -0.428776179254164, "max_depth": 2.0, "num_boost_round": 14.0}, "datetime": {"datetime": "2024-01-19 01:23:07", "elapsed": 4280.046685, "delta": 0.004243}}
{"target": -17.67645693295183, "params": {"gamma": 452.3715904055157, "log10_alpha": -0.5831867521644716, "log10_colsample_bytree": -0.5451846636790815, "log10_eta": -2.640167067607155, "log10_lambda": -2.9878215960349, "log10_min_child_weight": 2.416298707235174, "log10_subsample": -0.428776179254164, "max_depth": 2.0, "num_boost_round": 15.0}, "datetime": {"datetime": "2024-01-19 01:23:07", "elapsed": 4280.050967, "delta": 0.004282}}
{"target": -17.676416917540696, "params": {"gamma": 452.3715904055157, "log10_alpha": -0.5831867521644716, "log10_colsample_bytree": -0.5451846636790815, "log10_eta": -2.640167067607155, "log10_lambda": -2.9878215960349, "log10_min_child_weight": 2.416298707235174, "log10_subsample": -0.428776179254164, "max_depth": 2.0, "num_boost_round": 16.0}, "datetime": {"datetime": "2024-01-19 01:23:07", "elapsed": 4280.055329, "delta": 0.004362}}
{"target": -17.67639151738138, "params": {"gamma": 452.3715904055157, "log10_alpha": -0.5831867521644716, "log10_colsample_bytree": -0.5451846636790815, "log10_eta": -2.640167067607155, "log10_lambda": -2.9878215960349, "log10_min_child_weight": 2.416298707235174, "log10_subsample": -0.428776179254164, "max_depth": 2.0, "num_boost_round": 17.0}, "datetime": {"datetime": "2024-01-19 01:23:07", "elapsed": 4280.060469, "delta": 0.00514}}
{"target": -17.676380430029525, "params": {"gamma": 452.3715904055157, "log10_alpha": -0.5831867521644716, "log10_colsample_bytree": -0.5451846636790815, "log10_eta": -2.640167067607155, "log10_lambda": -2.9878215960349, "log10_min_child_weight": 2.416298707235174, "log10_subsample": -0.428776179254164, "max_depth": 2.0, "num_boost_round": 18.0}, "datetime": {"datetime": "2024-01-19 01:23:07", "elapsed": 4280.065202, "delta": 0.004733}}
{"target": -17.676353796536088, "params": {"gamma": 452.3715904055157, "log10_alpha": -0.5831867521644716, "log10_colsample_bytree": -0.5451846636790815, "log10_eta": -2.640167067607155, "log10_lambda": -2.9878215960349, "log10_min_child_weight": 2.416298707235174, "log10_subsample": -0.428776179254164, "max_depth": 2.0, "num_boost_round": 19.0}, "datetime": {"datetime": "2024-01-19 01:23:07", "elapsed": 4280.069458, "delta": 0.004256}}
{"target": -17.676322337237302, "params": {"gamma": 452.3715904055157, "log10_alpha": -0.5831867521644716, "log10_colsample_bytree": -0.5451846636790815, "log10_eta": -2.640167067607155, "log10_lambda": -2.9878215960349, "log10_min_child_weight": 2.416298707235174, "log10_subsample": -0.428776179254164, "max_depth": 2.0, "num_boost_round": 20.0}, "datetime": {"datetime": "2024-01-19 01:23:07", "elapsed": 4280.073748, "delta": 0.00429}}
{"target": -17.676265923170075, "params": {"gamma": 452.3715904055157, "log10_alpha": -0.5831867521644716, "log10_colsample_bytree": -0.5451846636790815, "log10_eta": -2.640167067607155, "log10_lambda": -2.9878215960349, "log10_min_child_weight": 2.416298707235174, "log10_subsample": -0.428776179254164, "max_depth": 2.0, "num_boost_round": 21.0}, "datetime": {"datetime": "2024-01-19 01:23:07", "elapsed": 4280.078067, "delta": 0.004319}}
{"target": -17.676231664935226, "params": {"gamma": 452.3715904055157, "log10_alpha": -0.5831867521644716, "log10_colsample_bytree": -0.5451846636790815, "log10_eta": -2.640167067607155, "log10_lambda": -2.9878215960349, "log10_min_child_weight": 2.416298707235174, "log10_subsample": -0.428776179254164, "max_depth": 2.0, "num_boost_round": 22.0}, "datetime": {"datetime": "2024-01-19 01:23:07", "elapsed": 4280.082242, "delta": 0.004175}}
{"target": -17.676165073635406, "params": {"gamma": 452.3715904055157, "log10_alpha": -0.5831867521644716, "log10_colsample_bytree": -0.5451846636790815, "log10_eta": -2.640167067607155, "log10_lambda": -2.9878215960349, "log10_min_child_weight": 2.416298707235174, "log10_subsample": -0.428776179254164, "max_depth": 2.0, "num_boost_round": 23.0}, "datetime": {"datetime": "2024-01-19 01:23:07", "elapsed": 4280.193463, "delta": 0.111221}}
{"target": -17.67612997295636, "params": {"gamma": 452.3715904055157, "log10_alpha": -0.5831867521644716, "log10_colsample_bytree": -0.5451846636790815, "log10_eta": -2.640167067607155, "log10_lambda": -2.9878215960349, "log10_min_child_weight": 2.416298707235174, "log10_subsample": -0.428776179254164, "max_depth": 2.0, "num_boost_round": 24.0}, "datetime": {"datetime": "2024-01-19 01:23:07", "elapsed": 4280.198579, "delta": 0.005116}}
{"target": -17.676069545365834, "params": {"gamma": 452.3715904055157, "log10_alpha": -0.5831867521644716, "log10_colsample_bytree": -0.5451846636790815, "log10_eta": -2.640167067607155, "log10_lambda": -2.9878215960349, "log10_min_child_weight": 2.416298707235174, "log10_subsample": -0.428776179254164, "max_depth": 2.0, "num_boost_round": 25.0}, "datetime": {"datetime": "2024-01-19 01:23:07", "elapsed": 4280.203294, "delta": 0.004715}}
{"target": -17.676032305385718, "params": {"gamma": 452.3715904055157, "log10_alpha": -0.5831867521644716, "log10_colsample_bytree": -0.5451846636790815, "log10_eta": -2.640167067607155, "log10_lambda": -2.9878215960349, "log10_min_child_weight": 2.416298707235174, "log10_subsample": -0.428776179254164, "max_depth": 2.0, "num_boost_round": 26.0}, "datetime": {"datetime": "2024-01-19 01:23:07", "elapsed": 4280.207858, "delta": 0.004564}}
{"target": -17.675992866985556, "params": {"gamma": 452.3715904055157, "log10_alpha": -0.5831867521644716, "log10_colsample_bytree": -0.5451846636790815, "log10_eta": -2.640167067607155, "log10_lambda": -2.9878215960349, "log10_min_child_weight": 2.416298707235174, "log10_subsample": -0.428776179254164, "max_depth": 2.0, "num_boost_round": 27.0}, "datetime": {"datetime": "2024-01-19 01:23:07", "elapsed": 4280.212198, "delta": 0.00434}}
{"target": -17.675952787087603, "params": {"gamma": 452.3715904055157, "log10_alpha": -0.5831867521644716, "log10_colsample_bytree": -0.5451846636790815, "log10_eta": -2.640167067607155, "log10_lambda": -2.9878215960349, "log10_min_child_weight": 2.416298707235174, "log10_subsample": -0.428776179254164, "max_depth": 2.0, "num_boost_round": 28.0}, "datetime": {"datetime": "2024-01-19 01:23:07", "elapsed": 4280.216567, "delta": 0.004369}}
{"target": -17.675874443153674, "params": {"gamma": 452.3715904055157, "log10_alpha": -0.5831867521644716, "log10_colsample_bytree": -0.5451846636790815, "log10_eta": -2.640167067607155, "log10_lambda": -2.9878215960349, "log10_min_child_weight": 2.416298707235174, "log10_subsample": -0.428776179254164, "max_depth": 2.0, "num_boost_round": 29.0}, "datetime": {"datetime": "2024-01-19 01:23:07", "elapsed": 4280.220994, "delta": 0.004427}}
{"target": -17.67584356261545, "params": {"gamma": 452.3715904055157, "log10_alpha": -0.5831867521644716, "log10_colsample_bytree": -0.5451846636790815, "log10_eta": -2.640167067607155, "log10_lambda": -2.9878215960349, "log10_min_child_weight": 2.416298707235174, "log10_subsample": -0.428776179254164, "max_depth": 2.0, "num_boost_round": 30.0}, "datetime": {"datetime": "2024-01-19 01:23:07", "elapsed": 4280.225379, "delta": 0.004385}}
{"target": -17.675802412691265, "params": {"gamma": 452.3715904055157, "log10_alpha": -0.5831867521644716, "log10_colsample_bytree": -0.5451846636790815, "log10_eta": -2.640167067607155, "log10_lambda": -2.9878215960349, "log10_min_child_weight": 2.416298707235174, "log10_subsample": -0.428776179254164, "max_depth": 2.0, "num_boost_round": 31.0}, "datetime": {"datetime": "2024-01-19 01:23:07", "elapsed": 4280.229732, "delta": 0.004353}}
{"target": -17.675764407804145, "params": {"gamma": 452.3715904055157, "log10_alpha": -0.5831867521644716, "log10_colsample_bytree": -0.5451846636790815, "log10_eta": -2.640167067607155, "log10_lambda": -2.9878215960349, "log10_min_child_weight": 2.416298707235174, "log10_subsample": -0.428776179254164, "max_depth": 2.0, "num_boost_round": 32.0}, "datetime": {"datetime": "2024-01-19 01:23:07", "elapsed": 4280.234223, "delta": 0.004491}}
{"target": -17.675711281942878, "params": {"gamma": 452.3715904055157, "log10_alpha": -0.5831867521644716, "log10_colsample_bytree": -0.5451846636790815, "log10_eta": -2.640167067607155, "log10_lambda": -2.9878215960349, "log10_min_child_weight": 2.416298707235174, "log10_subsample": -0.428776179254164, "max_depth": 2.0, "num_boost_round": 33.0}, "datetime": {"datetime": "2024-01-19 01:23:07", "elapsed": 4280.23857, "delta": 0.004347}}
{"target": -17.675660634974392, "params": {"gamma": 452.3715904055157, "log10_alpha": -0.5831867521644716, "log10_colsample_bytree": -0.5451846636790815, "log10_eta": -2.640167067607155, "log10_lambda": -2.9878215960349, "log10_min_child_weight": 2.416298707235174, "log10_subsample": -0.428776179254164, "max_depth": 2.0, "num_boost_round": 34.0}, "datetime": {"datetime": "2024-01-19 01:23:07", "elapsed": 4280.243109, "delta": 0.004539}}
{"target": -17.675635111672555, "params": {"gamma": 452.3715904055157, "log10_alpha": -0.5831867521644716, "log10_colsample_bytree": -0.5451846636790815, "log10_eta": -2.640167067607155, "log10_lambda": -2.9878215960349, "log10_min_child_weight": 2.416298707235174, "log10_subsample": -0.428776179254164, "max_depth": 2.0, "num_boost_round": 35.0}, "datetime": {"datetime": "2024-01-19 01:23:07", "elapsed": 4280.247773, "delta": 0.004664}}
{"target": -17.67560247466942, "params": {"gamma": 452.3715904055157, "log10_alpha": -0.5831867521644716, "log10_colsample_bytree": -0.5451846636790815, "log10_eta": -2.640167067607155, "log10_lambda": -2.9878215960349, "log10_min_child_weight": 2.416298707235174, "log10_subsample": -0.428776179254164, "max_depth": 2.0, "num_boost_round": 36.0}, "datetime": {"datetime": "2024-01-19 01:23:07", "elapsed": 4280.252272, "delta": 0.004499}}
{"target": -17.675579094917634, "params": {"gamma": 452.3715904055157, "log10_alpha": -0.5831867521644716, "log10_colsample_bytree": -0.5451846636790815, "log10_eta": -2.640167067607155, "log10_lambda": -2.9878215960349, "log10_min_child_weight": 2.416298707235174, "log10_subsample": -0.428776179254164, "max_depth": 2.0, "num_boost_round": 37.0}, "datetime": {"datetime": "2024-01-19 01:23:07", "elapsed": 4280.256872, "delta": 0.0046}}
{"target": -17.67551148601514, "params": {"gamma": 452.3715904055157, "log10_alpha": -0.5831867521644716, "log10_colsample_bytree": -0.5451846636790815, "log10_eta": -2.640167067607155, "log10_lambda": -2.9878215960349, "log10_min_child_weight": 2.416298707235174, "log10_subsample": -0.428776179254164, "max_depth": 2.0, "num_boost_round": 38.0}, "datetime": {"datetime": "2024-01-19 01:23:07", "elapsed": 4280.26155, "delta": 0.004678}}
{"target": -17.675480611020486, "params": {"gamma": 452.3715904055157, "log10_alpha": -0.5831867521644716, "log10_colsample_bytree": -0.5451846636790815, "log10_eta": -2.640167067607155, "log10_lambda": -2.9878215960349, "log10_min_child_weight": 2.416298707235174, "log10_subsample": -0.428776179254164, "max_depth": 2.0, "num_boost_round": 39.0}, "datetime": {"datetime": "2024-01-19 01:23:07", "elapsed": 4280.266149, "delta": 0.004599}}
{"target": -17.675425641253607, "params": {"gamma": 452.3715904055157, "log10_alpha": -0.5831867521644716, "log10_colsample_bytree": -0.5451846636790815, "log10_eta": -2.640167067607155, "log10_lambda": -2.9878215960349, "log10_min_child_weight": 2.416298707235174, "log10_subsample": -0.428776179254164, "max_depth": 2.0, "num_boost_round": 40.0}, "datetime": {"datetime": "2024-01-19 01:23:07", "elapsed": 4280.271576, "delta": 0.005427}}
{"target": -17.675393004840263, "params": {"gamma": 452.3715904055157, "log10_alpha": -0.5831867521644716, "log10_colsample_bytree": -0.5451846636790815, "log10_eta": -2.640167067607155, "log10_lambda": -2.9878215960349, "log10_min_child_weight": 2.416298707235174, "log10_subsample": -0.428776179254164, "max_depth": 2.0, "num_boost_round": 41.0}, "datetime": {"datetime": "2024-01-19 01:23:07", "elapsed": 4280.276275, "delta": 0.004699}}
{"target": -17.675328460774406, "params": {"gamma": 452.3715904055157, "log10_alpha": -0.5831867521644716, "log10_colsample_bytree": -0.5451846636790815, "log10_eta": -2.640167067607155, "log10_lambda": -2.9878215960349, "log10_min_child_weight": 2.416298707235174, "log10_subsample": -0.428776179254164, "max_depth": 2.0, "num_boost_round": 42.0}, "datetime": {"datetime": "2024-01-19 01:23:07", "elapsed": 4280.280886, "delta": 0.004611}}
{"target": -17.675301899253895, "params": {"gamma": 452.3715904055157, "log10_alpha": -0.5831867521644716, "log10_colsample_bytree": -0.5451846636790815, "log10_eta": -2.640167067607155, "log10_lambda": -2.9878215960349, "log10_min_child_weight": 2.416298707235174, "log10_subsample": -0.428776179254164, "max_depth": 2.0, "num_boost_round": 43.0}, "datetime": {"datetime": "2024-01-19 01:23:07", "elapsed": 4280.28534, "delta": 0.004454}}
{"target": -17.675268143479748, "params": {"gamma": 452.3715904055157, "log10_alpha": -0.5831867521644716, "log10_colsample_bytree": -0.5451846636790815, "log10_eta": -2.640167067607155, "log10_lambda": -2.9878215960349, "log10_min_child_weight": 2.416298707235174, "log10_subsample": -0.428776179254164, "max_depth": 2.0, "num_boost_round": 44.0}, "datetime": {"datetime": "2024-01-19 01:23:07", "elapsed": 4280.28979, "delta": 0.00445}}
{"target": -17.67522804660658, "params": {"gamma": 452.3715904055157, "log10_alpha": -0.5831867521644716, "log10_colsample_bytree": -0.5451846636790815, "log10_eta": -2.640167067607155, "log10_lambda": -2.9878215960349, "log10_min_child_weight": 2.416298707235174, "log10_subsample": -0.428776179254164, "max_depth": 2.0, "num_boost_round": 45.0}, "datetime": {"datetime": "2024-01-19 01:23:07", "elapsed": 4280.294093, "delta": 0.004303}}
{"target": -17.675206868205066, "params": {"gamma": 452.3715904055157, "log10_alpha": -0.5831867521644716, "log10_colsample_bytree": -0.5451846636790815, "log10_eta": -2.640167067607155, "log10_lambda": -2.9878215960349, "log10_min_child_weight": 2.416298707235174, "log10_subsample": -0.428776179254164, "max_depth": 2.0, "num_boost_round": 46.0}, "datetime": {"datetime": "2024-01-19 01:23:07", "elapsed": 4280.298529, "delta": 0.004436}}
