{"target": -17.677224499814546, "params": {"gamma": 186.66542500319215, "log10_alpha": -0.9455185080549908, "log10_colsample_bytree": -0.9693807263350267, "log10_eta": -3.4875058691743397, "log10_lambda": 0.6629173977597684, "log10_min_child_weight": 3.310930058612851, "log10_subsample": -0.11563931074394673, "max_depth": 3.0, "num_boost_round": 0.0}, "datetime": {"datetime": "2024-01-19 00:21:31", "elapsed": 575.730291, "delta": 27.964932}}
{"target": -17.677218112332845, "params": {"gamma": 186.66542500319215, "log10_alpha": -0.9455185080549908, "log10_colsample_bytree": -0.9693807263350267, "log10_eta": -3.4875058691743397, "log10_lambda": 0.6629173977597684, "log10_min_child_weight": 3.310930058612851, "log10_subsample": -0.11563931074394673, "max_depth": 3.0, "num_boost_round": 1.0}, "datetime": {"datetime": "2024-01-19 00:21:31", "elapsed": 575.731399, "delta": 0.001108}}
{"target": -17.67721548047884, "params": {"gamma": 186.66542500319215, "log10_alpha": -0.9455185080549908, "log10_colsample_bytree": -0.9693807263350267, "log10_eta": -3.4875058691743397, "log10_lambda": 0.6629173977597684, "log10_min_child_weight": 3.310930058612851, "log10_subsample": -0.11563931074394673, "max_depth": 3.0, "num_boost_round": 2.0}, "datetime": {"datetime": "2024-01-19 00:21:31", "elapsed": 575.732654, "delta": 0.001255}}
{"target": -17.6772091334634, "params": {"gamma": 186.66542500319215, "log10_alpha": -0.9455185080549908, "log10_colsample_bytree": -0.9693807263350267, "log10_eta": -3.4875058691743397, "log10_lambda": 0.6629173977597684, "log10_min_child_weight": 3.310930058612851, "log10_subsample": -0.11563931074394673, "max_depth": 3.0, "num_boost_round": 3.0}, "datetime": {"datetime": "2024-01-19 00:21:31", "elapsed": 575.733683, "delta": 0.001029}}
{"target": -17.677194566540127, "params": {"gamma": 186.66542500319215, "log10_alpha": -0.9455185080549908, "log10_colsample_bytree": -0.9693807263350267, "log10_eta": -3.4875058691743397, "log10_lambda": 0.6629173977597684, "log10_min_child_weight": 3.310930058612851, "log10_subsample": -0.11563931074394673, "max_depth": 3.0, "num_boost_round": 4.0}, "datetime": {"datetime": "2024-01-19 00:21:31", "elapsed": 575.734578, "delta": 0.000895}}
{"target": -17.677195006204613, "params": {"gamma": 186.66542500319215, "log10_alpha": -0.9455185080549908, "log10_colsample_bytree": -0.9693807263350267, "log10_eta": -3.4875058691743397, "log10_lambda": 0.6629173977597684, "log10_min_child_weight": 3.310930058612851, "log10_subsample": -0.11563931074394673, "max_depth": 3.0, "num_boost_round": 5.0}, "datetime": {"datetime": "2024-01-19 00:21:31", "elapsed": 575.735465, "delta": 0.000887}}
{"target": -17.67719339408524, "params": {"gamma": 186.66542500319215, "log10_alpha": -0.9455185080549908, "log10_colsample_bytree": -0.9693807263350267, "log10_eta": -3.4875058691743397, "log10_lambda": 0.6629173977597684, "log10_min_child_weight": 3.310930058612851, "log10_subsample": -0.11563931074394673, "max_depth": 3.0, "num_boost_round": 6.0}, "datetime": {"datetime": "2024-01-19 00:21:31", "elapsed": 575.736331, "delta": 0.000866}}
{"target": -17.67718270362984, "params": {"gamma": 186.66542500319215, "log10_alpha": -0.9455185080549908, "log10_colsample_bytree": -0.9693807263350267, "log10_eta": -3.4875058691743397, "log10_lambda": 0.6629173977597684, "log10_min_child_weight": 3.310930058612851, "log10_subsample": -0.11563931074394673, "max_depth": 3.0, "num_boost_round": 7.0}, "datetime": {"datetime": "2024-01-19 00:21:31", "elapsed": 575.737254, "delta": 0.000923}}
{"target": -17.67718394228796, "params": {"gamma": 186.66542500319215, "log10_alpha": -0.9455185080549908, "log10_colsample_bytree": -0.9693807263350267, "log10_eta": -3.4875058691743397, "log10_lambda": 0.6629173977597684, "log10_min_child_weight": 3.310930058612851, "log10_subsample": -0.11563931074394673, "max_depth": 3.0, "num_boost_round": 8.0}, "datetime": {"datetime": "2024-01-19 00:21:31", "elapsed": 575.738136, "delta": 0.000882}}
{"target": -17.677180958602076, "params": {"gamma": 186.66542500319215, "log10_alpha": -0.9455185080549908, "log10_colsample_bytree": -0.9693807263350267, "log10_eta": -3.4875058691743397, "log10_lambda": 0.6629173977597684, "log10_min_child_weight": 3.310930058612851, "log10_subsample": -0.11563931074394673, "max_depth": 3.0, "num_boost_round": 9.0}, "datetime": {"datetime": "2024-01-19 00:21:31", "elapsed": 575.739187, "delta": 0.001051}}
{"target": -17.67717301805006, "params": {"gamma": 186.66542500319215, "log10_alpha": -0.9455185080549908, "log10_colsample_bytree": -0.9693807263350267, "log10_eta": -3.4875058691743397, "log10_lambda": 0.6629173977597684, "log10_min_child_weight": 3.310930058612851, "log10_subsample": -0.11563931074394673, "max_depth": 3.0, "num_boost_round": 10.0}, "datetime": {"datetime": "2024-01-19 00:21:31", "elapsed": 575.740234, "delta": 0.001047}}
{"target": -17.677160584035537, "params": {"gamma": 186.66542500319215, "log10_alpha": -0.9455185080549908, "log10_colsample_bytree": -0.9693807263350267, "log10_eta": -3.4875058691743397, "log10_lambda": 0.6629173977597684, "log10_min_child_weight": 3.310930058612851, "log10_subsample": -0.11563931074394673, "max_depth": 3.0, "num_boost_round": 11.0}, "datetime": {"datetime": "2024-01-19 00:21:31", "elapsed": 575.741195, "delta": 0.000961}}
{"target": -17.67715253992762, "params": {"gamma": 186.66542500319215, "log10_alpha": -0.9455185080549908, "log10_colsample_bytree": -0.9693807263350267, "log10_eta": -3.4875058691743397, "log10_lambda": 0.6629173977597684, "log10_min_child_weight": 3.310930058612851, "log10_subsample": -0.11563931074394673, "max_depth": 3.0, "num_boost_round": 12.0}, "datetime": {"datetime": "2024-01-19 00:21:31", "elapsed": 575.742213, "delta": 0.001018}}
{"target": -17.67714536435163, "params": {"gamma": 186.66542500319215, "log10_alpha": -0.9455185080549908, "log10_colsample_bytree": -0.9693807263350267, "log10_eta": -3.4875058691743397, "log10_lambda": 0.6629173977597684, "log10_min_child_weight": 3.310930058612851, "log10_subsample": -0.11563931074394673, "max_depth": 3.0, "num_boost_round": 13.0}, "datetime": {"datetime": "2024-01-19 00:21:31", "elapsed": 575.743127, "delta": 0.000914}}
{"target": -17.677138612670944, "params": {"gamma": 186.66542500319215, "log10_alpha": -0.9455185080549908, "log10_colsample_bytree": -0.9693807263350267, "log10_eta": -3.4875058691743397, "log10_lambda": 0.6629173977597684, "log10_min_child_weight": 3.310930058612851, "log10_subsample": -0.11563931074394673, "max_depth": 3.0, "num_boost_round": 14.0}, "datetime": {"datetime": "2024-01-19 00:21:31", "elapsed": 575.744069, "delta": 0.000942}}
{"target": -17.677129542710198, "params": {"gamma": 186.66542500319215, "log10_alpha": -0.9455185080549908, "log10_colsample_bytree": -0.9693807263350267, "log10_eta": -3.4875058691743397, "log10_lambda": 0.6629173977597684, "log10_min_child_weight": 3.310930058612851, "log10_subsample": -0.11563931074394673, "max_depth": 3.0, "num_boost_round": 15.0}, "datetime": {"datetime": "2024-01-19 00:21:31", "elapsed": 575.745139, "delta": 0.00107}}
{"target": -17.677128451738223, "params": {"gamma": 186.66542500319215, "log10_alpha": -0.9455185080549908, "log10_colsample_bytree": -0.9693807263350267, "log10_eta": -3.4875058691743397, "log10_lambda": 0.6629173977597684, "log10_min_child_weight": 3.310930058612851, "log10_subsample": -0.11563931074394673, "max_depth": 3.0, "num_boost_round": 16.0}, "datetime": {"datetime": "2024-01-19 00:21:31", "elapsed": 575.746053, "delta": 0.000914}}
{"target": -17.677118333604035, "params": {"gamma": 186.66542500319215, "log10_alpha": -0.9455185080549908, "log10_colsample_bytree": -0.9693807263350267, "log10_eta": -3.4875058691743397, "log10_lambda": 0.6629173977597684, "log10_min_child_weight": 3.310930058612851, "log10_subsample": -0.11563931074394673, "max_depth": 3.0, "num_boost_round": 17.0}, "datetime": {"datetime": "2024-01-19 00:21:31", "elapsed": 575.746976, "delta": 0.000923}}
{"target": -17.677111390705402, "params": {"gamma": 186.66542500319215, "log10_alpha": -0.9455185080549908, "log10_colsample_bytree": -0.9693807263350267, "log10_eta": -3.4875058691743397, "log10_lambda": 0.6629173977597684, "log10_min_child_weight": 3.310930058612851, "log10_subsample": -0.11563931074394673, "max_depth": 3.0, "num_boost_round": 18.0}, "datetime": {"datetime": "2024-01-19 00:21:31", "elapsed": 575.74794, "delta": 0.000964}}
{"target": -17.677106139520955, "params": {"gamma": 186.66542500319215, "log10_alpha": -0.9455185080549908, "log10_colsample_bytree": -0.9693807263350267, "log10_eta": -3.4875058691743397, "log10_lambda": 0.6629173977597684, "log10_min_child_weight": 3.310930058612851, "log10_subsample": -0.11563931074394673, "max_depth": 3.0, "num_boost_round": 19.0}, "datetime": {"datetime": "2024-01-19 00:21:31", "elapsed": 575.748918, "delta": 0.000978}}
{"target": -17.677104435341235, "params": {"gamma": 186.66542500319215, "log10_alpha": -0.9455185080549908, "log10_colsample_bytree": -0.9693807263350267, "log10_eta": -3.4875058691743397, "log10_lambda": 0.6629173977597684, "log10_min_child_weight": 3.310930058612851, "log10_subsample": -0.11563931074394673, "max_depth": 3.0, "num_boost_round": 20.0}, "datetime": {"datetime": "2024-01-19 00:21:31", "elapsed": 575.749901, "delta": 0.000983}}
{"target": -17.677091527055445, "params": {"gamma": 186.66542500319215, "log10_alpha": -0.9455185080549908, "log10_colsample_bytree": -0.9693807263350267, "log10_eta": -3.4875058691743397, "log10_lambda": 0.6629173977597684, "log10_min_child_weight": 3.310930058612851, "log10_subsample": -0.11563931074394673, "max_depth": 3.0, "num_boost_round": 21.0}, "datetime": {"datetime": "2024-01-19 00:21:31", "elapsed": 575.750852, "delta": 0.000951}}
{"target": -17.677084724599776, "params": {"gamma": 186.66542500319215, "log10_alpha": -0.9455185080549908, "log10_colsample_bytree": -0.9693807263350267, "log10_eta": -3.4875058691743397, "log10_lambda": 0.6629173977597684, "log10_min_child_weight": 3.310930058612851, "log10_subsample": -0.11563931074394673, "max_depth": 3.0, "num_boost_round": 22.0}, "datetime": {"datetime": "2024-01-19 00:21:31", "elapsed": 575.751799, "delta": 0.000947}}
{"target": -17.677070940109026, "params": {"gamma": 186.66542500319215, "log10_alpha": -0.9455185080549908, "log10_colsample_bytree": -0.9693807263350267, "log10_eta": -3.4875058691743397, "log10_lambda": 0.6629173977597684, "log10_min_child_weight": 3.310930058612851, "log10_subsample": -0.11563931074394673, "max_depth": 3.0, "num_boost_round": 23.0}, "datetime": {"datetime": "2024-01-19 00:21:31", "elapsed": 575.752759, "delta": 0.00096}}
{"target": -17.677070882931982, "params": {"gamma": 186.66542500319215, "log10_alpha": -0.9455185080549908, "log10_colsample_bytree": -0.9693807263350267, "log10_eta": -3.4875058691743397, "log10_lambda": 0.6629173977597684, "log10_min_child_weight": 3.310930058612851, "log10_subsample": -0.11563931074394673, "max_depth": 3.0, "num_boost_round": 24.0}, "datetime": {"datetime": "2024-01-19 00:21:31", "elapsed": 575.753713, "delta": 0.000954}}
{"target": -17.677051664961063, "params": {"gamma": 186.66542500319215, "log10_alpha": -0.9455185080549908, "log10_colsample_bytree": -0.9693807263350267, "log10_eta": -3.4875058691743397, "log10_lambda": 0.6629173977597684, "log10_min_child_weight": 3.310930058612851, "log10_subsample": -0.11563931074394673, "max_depth": 3.0, "num_boost_round": 25.0}, "datetime": {"datetime": "2024-01-19 00:21:31", "elapsed": 575.754668, "delta": 0.000955}}
{"target": -17.677044455270675, "params": {"gamma": 186.66542500319215, "log10_alpha": -0.9455185080549908, "log10_colsample_bytree": -0.9693807263350267, "log10_eta": -3.4875058691743397, "log10_lambda": 0.6629173977597684, "log10_min_child_weight": 3.310930058612851, "log10_subsample": -0.11563931074394673, "max_depth": 3.0, "num_boost_round": 26.0}, "datetime": {"datetime": "2024-01-19 00:21:31", "elapsed": 575.755648, "delta": 0.00098}}
{"target": -17.67703264811094, "params": {"gamma": 186.66542500319215, "log10_alpha": -0.9455185080549908, "log10_colsample_bytree": -0.9693807263350267, "log10_eta": -3.4875058691743397, "log10_lambda": 0.6629173977597684, "log10_min_child_weight": 3.310930058612851, "log10_subsample": -0.11563931074394673, "max_depth": 3.0, "num_boost_round": 27.0}, "datetime": {"datetime": "2024-01-19 00:21:31", "elapsed": 575.756604, "delta": 0.000956}}
{"target": -17.67702341713569, "params": {"gamma": 186.66542500319215, "log10_alpha": -0.9455185080549908, "log10_colsample_bytree": -0.9693807263350267, "log10_eta": -3.4875058691743397, "log10_lambda": 0.6629173977597684, "log10_min_child_weight": 3.310930058612851, "log10_subsample": -0.11563931074394673, "max_depth": 3.0, "num_boost_round": 28.0}, "datetime": {"datetime": "2024-01-19 00:21:31", "elapsed": 575.757567, "delta": 0.000963}}
{"target": -17.677018320347553, "params": {"gamma": 186.66542500319215, "log10_alpha": -0.9455185080549908, "log10_colsample_bytree": -0.9693807263350267, "log10_eta": -3.4875058691743397, "log10_lambda": 0.6629173977597684, "log10_min_child_weight": 3.310930058612851, "log10_subsample": -0.11563931074394673, "max_depth": 3.0, "num_boost_round": 29.0}, "datetime": {"datetime": "2024-01-19 00:21:31", "elapsed": 575.758534, "delta": 0.000967}}
{"target": -17.677005047721163, "params": {"gamma": 186.66542500319215, "log10_alpha": -0.9455185080549908, "log10_colsample_bytree": -0.9693807263350267, "log10_eta": -3.4875058691743397, "log10_lambda": 0.6629173977597684, "log10_min_child_weight": 3.310930058612851, "log10_subsample": -0.11563931074394673, "max_depth": 3.0, "num_boost_round": 30.0}, "datetime": {"datetime": "2024-01-19 00:21:31", "elapsed": 575.759496, "delta": 0.000962}}
{"target": -17.677001454247783, "params": {"gamma": 186.66542500319215, "log10_alpha": -0.9455185080549908, "log10_colsample_bytree": -0.9693807263350267, "log10_eta": -3.4875058691743397, "log10_lambda": 0.6629173977597684, "log10_min_child_weight": 3.310930058612851, "log10_subsample": -0.11563931074394673, "max_depth": 3.0, "num_boost_round": 31.0}, "datetime": {"datetime": "2024-01-19 00:21:31", "elapsed": 575.760477, "delta": 0.000981}}
{"target": -17.676992752433975, "params": {"gamma": 186.66542500319215, "log10_alpha": -0.9455185080549908, "log10_colsample_bytree": -0.9693807263350267, "log10_eta": -3.4875058691743397, "log10_lambda": 0.6629173977597684, "log10_min_child_weight": 3.310930058612851, "log10_subsample": -0.11563931074394673, "max_depth": 3.0, "num_boost_round": 32.0}, "datetime": {"datetime": "2024-01-19 00:21:31", "elapsed": 575.76146, "delta": 0.000983}}
{"target": -17.676987944834924, "params": {"gamma": 186.66542500319215, "log10_alpha": -0.9455185080549908, "log10_colsample_bytree": -0.9693807263350267, "log10_eta": -3.4875058691743397, "log10_lambda": 0.6629173977597684, "log10_min_child_weight": 3.310930058612851, "log10_subsample": -0.11563931074394673, "max_depth": 3.0, "num_boost_round": 33.0}, "datetime": {"datetime": "2024-01-19 00:21:31", "elapsed": 575.762408, "delta": 0.000948}}
{"target": -17.676974596469925, "params": {"gamma": 186.66542500319215, "log10_alpha": -0.9455185080549908, "log10_colsample_bytree": -0.9693807263350267, "log10_eta": -3.4875058691743397, "log10_lambda": 0.6629173977597684, "log10_min_child_weight": 3.310930058612851, "log10_subsample": -0.11563931074394673, "max_depth": 3.0, "num_boost_round": 34.0}, "datetime": {"datetime": "2024-01-19 00:21:31", "elapsed": 575.763376, "delta": 0.000968}}
{"target": -17.67696990982764, "params": {"gamma": 186.66542500319215, "log10_alpha": -0.9455185080549908, "log10_colsample_bytree": -0.9693807263350267, "log10_eta": -3.4875058691743397, "log10_lambda": 0.6629173977597684, "log10_min_child_weight": 3.310930058612851, "log10_subsample": -0.11563931074394673, "max_depth": 3.0, "num_boost_round": 35.0}, "datetime": {"datetime": "2024-01-19 00:21:31", "elapsed": 575.764322, "delta": 0.000946}}
{"target": -17.67695829333116, "params": {"gamma": 186.66542500319215, "log10_alpha": -0.9455185080549908, "log10_colsample_bytree": -0.9693807263350267, "log10_eta": -3.4875058691743397, "log10_lambda": 0.6629173977597684, "log10_min_child_weight": 3.310930058612851, "log10_subsample": -0.11563931074394673, "max_depth": 3.0, "num_boost_round": 36.0}, "datetime": {"datetime": "2024-01-19 00:21:31", "elapsed": 575.765272, "delta": 0.00095}}
{"target": -17.676955574967597, "params": {"gamma": 186.66542500319215, "log10_alpha": -0.9455185080549908, "log10_colsample_bytree": -0.9693807263350267, "log10_eta": -3.4875058691743397, "log10_lambda": 0.6629173977597684, "log10_min_child_weight": 3.310930058612851, "log10_subsample": -0.11563931074394673, "max_depth": 3.0, "num_boost_round": 37.0}, "datetime": {"datetime": "2024-01-19 00:21:31", "elapsed": 575.76622, "delta": 0.000948}}
{"target": -17.67711637234949, "params": {"gamma": 180.7455609680684, "log10_alpha": -2.718605688233927, "log10_colsample_bytree": -0.9423823130087536, "log10_eta": -1.8347175413219285, "log10_lambda": -3.6169402655566625, "log10_min_child_weight": 4.291139973965209, "log10_subsample": -0.8620258341841962, "max_depth": 8.0, "num_boost_round": 0.0}, "datetime": {"datetime": "2024-01-19 00:22:03", "elapsed": 607.745623, "delta": 31.979403}}
{"target": -17.676939032764924, "params": {"gamma": 180.7455609680684, "log10_alpha": -2.718605688233927, "log10_colsample_bytree": -0.9423823130087536, "log10_eta": -1.8347175413219285, "log10_lambda": -3.6169402655566625, "log10_min_child_weight": 4.291139973965209, "log10_subsample": -0.8620258341841962, "max_depth": 8.0, "num_boost_round": 1.0}, "datetime": {"datetime": "2024-01-19 00:22:03", "elapsed": 607.747333, "delta": 0.00171}}
{"target": -17.676994487712772, "params": {"gamma": 180.7455609680684, "log10_alpha": -2.718605688233927, "log10_colsample_bytree": -0.9423823130087536, "log10_eta": -1.8347175413219285, "log10_lambda": -3.6169402655566625, "log10_min_child_weight": 4.291139973965209, "log10_subsample": -0.8620258341841962, "max_depth": 8.0, "num_boost_round": 2.0}, "datetime": {"datetime": "2024-01-19 00:22:03", "elapsed": 607.74839, "delta": 0.001057}}
{"target": -17.676934368673052, "params": {"gamma": 180.7455609680684, "log10_alpha": -2.718605688233927, "log10_colsample_bytree": -0.9423823130087536, "log10_eta": -1.8347175413219285, "log10_lambda": -3.6169402655566625, "log10_min_child_weight": 4.291139973965209, "log10_subsample": -0.8620258341841962, "max_depth": 8.0, "num_boost_round": 3.0}, "datetime": {"datetime": "2024-01-19 00:22:03", "elapsed": 607.749335, "delta": 0.000945}}
{"target": -17.676890992760445, "params": {"gamma": 180.7455609680684, "log10_alpha": -2.718605688233927, "log10_colsample_bytree": -0.9423823130087536, "log10_eta": -1.8347175413219285, "log10_lambda": -3.6169402655566625, "log10_min_child_weight": 4.291139973965209, "log10_subsample": -0.8620258341841962, "max_depth": 8.0, "num_boost_round": 4.0}, "datetime": {"datetime": "2024-01-19 00:22:03", "elapsed": 607.750389, "delta": 0.001054}}
{"target": -17.676865139892854, "params": {"gamma": 180.7455609680684, "log10_alpha": -2.718605688233927, "log10_colsample_bytree": -0.9423823130087536, "log10_eta": -1.8347175413219285, "log10_lambda": -3.6169402655566625, "log10_min_child_weight": 4.291139973965209, "log10_subsample": -0.8620258341841962, "max_depth": 8.0, "num_boost_round": 5.0}, "datetime": {"datetime": "2024-01-19 00:22:03", "elapsed": 607.751309, "delta": 0.00092}}
{"target": -17.67679211772772, "params": {"gamma": 180.7455609680684, "log10_alpha": -2.718605688233927, "log10_colsample_bytree": -0.9423823130087536, "log10_eta": -1.8347175413219285, "log10_lambda": -3.6169402655566625, "log10_min_child_weight": 4.291139973965209, "log10_subsample": -0.8620258341841962, "max_depth": 8.0, "num_boost_round": 6.0}, "datetime": {"datetime": "2024-01-19 00:22:03", "elapsed": 607.75224, "delta": 0.000931}}
{"target": -17.67673775784832, "params": {"gamma": 180.7455609680684, "log10_alpha": -2.718605688233927, "log10_colsample_bytree": -0.9423823130087536, "log10_eta": -1.8347175413219285, "log10_lambda": -3.6169402655566625, "log10_min_child_weight": 4.291139973965209, "log10_subsample": -0.8620258341841962, "max_depth": 8.0, "num_boost_round": 7.0}, "datetime": {"datetime": "2024-01-19 00:22:03", "elapsed": 607.753174, "delta": 0.000934}}
{"target": -17.676733215491847, "params": {"gamma": 180.7455609680684, "log10_alpha": -2.718605688233927, "log10_colsample_bytree": -0.9423823130087536, "log10_eta": -1.8347175413219285, "log10_lambda": -3.6169402655566625, "log10_min_child_weight": 4.291139973965209, "log10_subsample": -0.8620258341841962, "max_depth": 8.0, "num_boost_round": 8.0}, "datetime": {"datetime": "2024-01-19 00:22:03", "elapsed": 607.754101, "delta": 0.000927}}
{"target": -17.676783644592266, "params": {"gamma": 180.7455609680684, "log10_alpha": -2.718605688233927, "log10_colsample_bytree": -0.9423823130087536, "log10_eta": -1.8347175413219285, "log10_lambda": -3.6169402655566625, "log10_min_child_weight": 4.291139973965209, "log10_subsample": -0.8620258341841962, "max_depth": 8.0, "num_boost_round": 9.0}, "datetime": {"datetime": "2024-01-19 00:22:03", "elapsed": 607.75543, "delta": 0.001329}}
{"target": -17.67685214075869, "params": {"gamma": 180.7455609680684, "log10_alpha": -2.718605688233927, "log10_colsample_bytree": -0.9423823130087536, "log10_eta": -1.8347175413219285, "log10_lambda": -3.6169402655566625, "log10_min_child_weight": 4.291139973965209, "log10_subsample": -0.8620258341841962, "max_depth": 8.0, "num_boost_round": 10.0}, "datetime": {"datetime": "2024-01-19 00:22:03", "elapsed": 607.756412, "delta": 0.000982}}
