{"target": -17.676813187966403, "params": {"gamma": 969.3610727439434, "log10_alpha": 0.44485557781960416, "log10_colsample_bytree": -0.3868230917585971, "log10_eta": -3.0968536078154796, "log10_lambda": -3.5074591639417125, "log10_min_child_weight": 2.3702553635032526, "log10_subsample": -0.29940462367865983, "max_depth": 3.0, "num_boost_round": 14.0}, "datetime": {"datetime": "2024-01-19 00:27:29", "elapsed": 942.833474, "delta": 0.001612}}
{"target": -17.677224939599984, "params": {"gamma": 967.324813999587, "log10_alpha": -1.869582696684923, "log10_colsample_bytree": -0.712345975112428, "log10_eta": -3.6639358851932884, "log10_lambda": 0.7777639005342136, "log10_min_child_weight": 1.1443940572250977, "log10_subsample": -0.4480281235647279, "max_depth": 9.0, "num_boost_round": 0.0}, "datetime": {"datetime": "2024-01-19 00:27:58", "elapsed": 972.34909, "delta": 29.515616}}
{"target": -17.677192988203682, "params": {"gamma": 967.324813999587, "log10_alpha": -1.869582696684923, "log10_colsample_bytree": -0.712345975112428, "log10_eta": -3.6639358851932884, "log10_lambda": 0.7777639005342136, "log10_min_child_weight": 1.1443940572250977, "log10_subsample": -0.4480281235647279, "max_depth": 9.0, "num_boost_round": 1.0}, "datetime": {"datetime": "2024-01-19 00:27:58", "elapsed": 972.351292, "delta": 0.002202}}
{"target": -17.6771648490947, "params": {"gamma": 967.324813999587, "log10_alpha": -1.869582696684923, "log10_colsample_bytree": -0.712345975112428, "log10_eta": -3.6639358851932884, "log10_lambda": 0.7777639005342136, "log10_min_child_weight": 1.1443940572250977, "log10_subsample": -0.4480281235647279, "max_depth": 9.0, "num_boost_round": 2.0}, "datetime": {"datetime": "2024-01-19 00:27:58", "elapsed": 972.352829, "delta": 0.001537}}
{"target": -17.677162223024563, "params": {"gamma": 967.324813999587, "log10_alpha": -1.869582696684923, "log10_colsample_bytree": -0.712345975112428, "log10_eta": -3.6639358851932884, "log10_lambda": 0.7777639005342136, "log10_min_child_weight": 1.1443940572250977, "log10_subsample": -0.4480281235647279, "max_depth": 9.0, "num_boost_round": 3.0}, "datetime": {"datetime": "2024-01-19 00:27:58", "elapsed": 972.354218, "delta": 0.001389}}
{"target": -17.677149379491148, "params": {"gamma": 967.324813999587, "log10_alpha": -1.869582696684923, "log10_colsample_bytree": -0.712345975112428, "log10_eta": -3.6639358851932884, "log10_lambda": 0.7777639005342136, "log10_min_child_weight": 1.1443940572250977, "log10_subsample": -0.4480281235647279, "max_depth": 9.0, "num_boost_round": 4.0}, "datetime": {"datetime": "2024-01-19 00:27:58", "elapsed": 972.360042, "delta": 0.005824}}
{"target": -17.67713582134903, "params": {"gamma": 967.324813999587, "log10_alpha": -1.869582696684923, "log10_colsample_bytree": -0.712345975112428, "log10_eta": -3.6639358851932884, "log10_lambda": 0.7777639005342136, "log10_min_child_weight": 1.1443940572250977, "log10_subsample": -0.4480281235647279, "max_depth": 9.0, "num_boost_round": 5.0}, "datetime": {"datetime": "2024-01-19 00:27:58", "elapsed": 972.361443, "delta": 0.001401}}
{"target": -17.67712830233695, "params": {"gamma": 967.324813999587, "log10_alpha": -1.869582696684923, "log10_colsample_bytree": -0.712345975112428, "log10_eta": -3.6639358851932884, "log10_lambda": 0.7777639005342136, "log10_min_child_weight": 1.1443940572250977, "log10_subsample": -0.4480281235647279, "max_depth": 9.0, "num_boost_round": 6.0}, "datetime": {"datetime": "2024-01-19 00:27:58", "elapsed": 972.362937, "delta": 0.001494}}
{"target": -17.67710719316775, "params": {"gamma": 967.324813999587, "log10_alpha": -1.869582696684923, "log10_colsample_bytree": -0.712345975112428, "log10_eta": -3.6639358851932884, "log10_lambda": 0.7777639005342136, "log10_min_child_weight": 1.1443940572250977, "log10_subsample": -0.4480281235647279, "max_depth": 9.0, "num_boost_round": 7.0}, "datetime": {"datetime": "2024-01-19 00:27:58", "elapsed": 972.364429, "delta": 0.001492}}
{"target": -17.67710187282461, "params": {"gamma": 967.324813999587, "log10_alpha": -1.869582696684923, "log10_colsample_bytree": -0.712345975112428, "log10_eta": -3.6639358851932884, "log10_lambda": 0.7777639005342136, "log10_min_child_weight": 1.1443940572250977, "log10_subsample": -0.4480281235647279, "max_depth": 9.0, "num_boost_round": 8.0}, "datetime": {"datetime": "2024-01-19 00:27:58", "elapsed": 972.365835, "delta": 0.001406}}
{"target": -17.677101781417537, "params": {"gamma": 967.324813999587, "log10_alpha": -1.869582696684923, "log10_colsample_bytree": -0.712345975112428, "log10_eta": -3.6639358851932884, "log10_lambda": 0.7777639005342136, "log10_min_child_weight": 1.1443940572250977, "log10_subsample": -0.4480281235647279, "max_depth": 9.0, "num_boost_round": 9.0}, "datetime": {"datetime": "2024-01-19 00:27:58", "elapsed": 972.367225, "delta": 0.00139}}
{"target": -17.677072433589796, "params": {"gamma": 967.324813999587, "log10_alpha": -1.869582696684923, "log10_colsample_bytree": -0.712345975112428, "log10_eta": -3.6639358851932884, "log10_lambda": 0.7777639005342136, "log10_min_child_weight": 1.1443940572250977, "log10_subsample": -0.4480281235647279, "max_depth": 9.0, "num_boost_round": 10.0}, "datetime": {"datetime": "2024-01-19 00:27:58", "elapsed": 972.368915, "delta": 0.00169}}
{"target": -17.677064754165347, "params": {"gamma": 967.324813999587, "log10_alpha": -1.869582696684923, "log10_colsample_bytree": -0.712345975112428, "log10_eta": -3.6639358851932884, "log10_lambda": 0.7777639005342136, "log10_min_child_weight": 1.1443940572250977, "log10_subsample": -0.4480281235647279, "max_depth": 9.0, "num_boost_round": 11.0}, "datetime": {"datetime": "2024-01-19 00:27:58", "elapsed": 972.370714, "delta": 0.001799}}
{"target": -17.67705608561091, "params": {"gamma": 967.324813999587, "log10_alpha": -1.869582696684923, "log10_colsample_bytree": -0.712345975112428, "log10_eta": -3.6639358851932884, "log10_lambda": 0.7777639005342136, "log10_min_child_weight": 1.1443940572250977, "log10_subsample": -0.4480281235647279, "max_depth": 9.0, "num_boost_round": 12.0}, "datetime": {"datetime": "2024-01-19 00:27:58", "elapsed": 972.372157, "delta": 0.001443}}
{"target": -17.677044392589885, "params": {"gamma": 967.324813999587, "log10_alpha": -1.869582696684923, "log10_colsample_bytree": -0.712345975112428, "log10_eta": -3.6639358851932884, "log10_lambda": 0.7777639005342136, "log10_min_child_weight": 1.1443940572250977, "log10_subsample": -0.4480281235647279, "max_depth": 9.0, "num_boost_round": 13.0}, "datetime": {"datetime": "2024-01-19 00:27:58", "elapsed": 972.373557, "delta": 0.0014}}
{"target": -17.677039519938575, "params": {"gamma": 967.324813999587, "log10_alpha": -1.869582696684923, "log10_colsample_bytree": -0.712345975112428, "log10_eta": -3.6639358851932884, "log10_lambda": 0.7777639005342136, "log10_min_child_weight": 1.1443940572250977, "log10_subsample": -0.4480281235647279, "max_depth": 9.0, "num_boost_round": 14.0}, "datetime": {"datetime": "2024-01-19 00:27:58", "elapsed": 972.374949, "delta": 0.001392}}
{"target": -17.67703702766332, "params": {"gamma": 967.324813999587, "log10_alpha": -1.869582696684923, "log10_colsample_bytree": -0.712345975112428, "log10_eta": -3.6639358851932884, "log10_lambda": 0.7777639005342136, "log10_min_child_weight": 1.1443940572250977, "log10_subsample": -0.4480281235647279, "max_depth": 9.0, "num_boost_round": 15.0}, "datetime": {"datetime": "2024-01-19 00:27:58", "elapsed": 972.376345, "delta": 0.001396}}
{"target": -17.677027130501486, "params": {"gamma": 967.324813999587, "log10_alpha": -1.869582696684923, "log10_colsample_bytree": -0.712345975112428, "log10_eta": -3.6639358851932884, "log10_lambda": 0.7777639005342136, "log10_min_child_weight": 1.1443940572250977, "log10_subsample": -0.4480281235647279, "max_depth": 9.0, "num_boost_round": 16.0}, "datetime": {"datetime": "2024-01-19 00:27:58", "elapsed": 972.377762, "delta": 0.001417}}
{"target": -17.677002475424963, "params": {"gamma": 967.324813999587, "log10_alpha": -1.869582696684923, "log10_colsample_bytree": -0.712345975112428, "log10_eta": -3.6639358851932884, "log10_lambda": 0.7777639005342136, "log10_min_child_weight": 1.1443940572250977, "log10_subsample": -0.4480281235647279, "max_depth": 9.0, "num_boost_round": 17.0}, "datetime": {"datetime": "2024-01-19 00:27:58", "elapsed": 972.379158, "delta": 0.001396}}
{"target": -17.677000212855333, "params": {"gamma": 967.324813999587, "log10_alpha": -1.869582696684923, "log10_colsample_bytree": -0.712345975112428, "log10_eta": -3.6639358851932884, "log10_lambda": 0.7777639005342136, "log10_min_child_weight": 1.1443940572250977, "log10_subsample": -0.4480281235647279, "max_depth": 9.0, "num_boost_round": 18.0}, "datetime": {"datetime": "2024-01-19 00:27:58", "elapsed": 972.380548, "delta": 0.00139}}
{"target": -17.676999548415786, "params": {"gamma": 967.324813999587, "log10_alpha": -1.869582696684923, "log10_colsample_bytree": -0.712345975112428, "log10_eta": -3.6639358851932884, "log10_lambda": 0.7777639005342136, "log10_min_child_weight": 1.1443940572250977, "log10_subsample": -0.4480281235647279, "max_depth": 9.0, "num_boost_round": 19.0}, "datetime": {"datetime": "2024-01-19 00:27:58", "elapsed": 972.381943, "delta": 0.001395}}
{"target": -17.676989873051845, "params": {"gamma": 967.324813999587, "log10_alpha": -1.869582696684923, "log10_colsample_bytree": -0.712345975112428, "log10_eta": -3.6639358851932884, "log10_lambda": 0.7777639005342136, "log10_min_child_weight": 1.1443940572250977, "log10_subsample": -0.4480281235647279, "max_depth": 9.0, "num_boost_round": 20.0}, "datetime": {"datetime": "2024-01-19 00:27:58", "elapsed": 972.383386, "delta": 0.001443}}
{"target": -17.676980573504395, "params": {"gamma": 967.324813999587, "log10_alpha": -1.869582696684923, "log10_colsample_bytree": -0.712345975112428, "log10_eta": -3.6639358851932884, "log10_lambda": 0.7777639005342136, "log10_min_child_weight": 1.1443940572250977, "log10_subsample": -0.4480281235647279, "max_depth": 9.0, "num_boost_round": 21.0}, "datetime": {"datetime": "2024-01-19 00:27:58", "elapsed": 972.384788, "delta": 0.001402}}
{"target": -17.67696644522895, "params": {"gamma": 967.324813999587, "log10_alpha": -1.869582696684923, "log10_colsample_bytree": -0.712345975112428, "log10_eta": -3.6639358851932884, "log10_lambda": 0.7777639005342136, "log10_min_child_weight": 1.1443940572250977, "log10_subsample": -0.4480281235647279, "max_depth": 9.0, "num_boost_round": 22.0}, "datetime": {"datetime": "2024-01-19 00:27:58", "elapsed": 972.386203, "delta": 0.001415}}
{"target": -17.676950555449853, "params": {"gamma": 967.324813999587, "log10_alpha": -1.869582696684923, "log10_colsample_bytree": -0.712345975112428, "log10_eta": -3.6639358851932884, "log10_lambda": 0.7777639005342136, "log10_min_child_weight": 1.1443940572250977, "log10_subsample": -0.4480281235647279, "max_depth": 9.0, "num_boost_round": 23.0}, "datetime": {"datetime": "2024-01-19 00:27:58", "elapsed": 972.387599, "delta": 0.001396}}
{"target": -17.676946873536068, "params": {"gamma": 967.324813999587, "log10_alpha": -1.869582696684923, "log10_colsample_bytree": -0.712345975112428, "log10_eta": -3.6639358851932884, "log10_lambda": 0.7777639005342136, "log10_min_child_weight": 1.1443940572250977, "log10_subsample": -0.4480281235647279, "max_depth": 9.0, "num_boost_round": 24.0}, "datetime": {"datetime": "2024-01-19 00:27:58", "elapsed": 972.388997, "delta": 0.001398}}
{"target": -17.677218262378346, "params": {"gamma": 956.3314801006186, "log10_alpha": -0.13393498147603466, "log10_colsample_bytree": -0.8123242163244733, "log10_eta": -3.3037219689344273, "log10_lambda": -1.9908266499573446, "log10_min_child_weight": 0.7244163378791607, "log10_subsample": -0.0551290800898081, "max_depth": 2.0, "num_boost_round": 0.0}, "datetime": {"datetime": "2024-01-19 00:28:22", "elapsed": 996.671211, "delta": 24.282214}}
{"target": -17.677201824110213, "params": {"gamma": 956.3314801006186, "log10_alpha": -0.13393498147603466, "log10_colsample_bytree": -0.8123242163244733, "log10_eta": -3.3037219689344273, "log10_lambda": -1.9908266499573446, "log10_min_child_weight": 0.7244163378791607, "log10_subsample": -0.0551290800898081, "max_depth": 2.0, "num_boost_round": 1.0}, "datetime": {"datetime": "2024-01-19 00:28:22", "elapsed": 996.674281, "delta": 0.00307}}
{"target": -17.67719316556585, "params": {"gamma": 956.3314801006186, "log10_alpha": -0.13393498147603466, "log10_colsample_bytree": -0.8123242163244733, "log10_eta": -3.3037219689344273, "log10_lambda": -1.9908266499573446, "log10_min_child_weight": 0.7244163378791607, "log10_subsample": -0.0551290800898081, "max_depth": 2.0, "num_boost_round": 2.0}, "datetime": {"datetime": "2024-01-19 00:28:22", "elapsed": 996.676175, "delta": 0.001894}}
{"target": -17.677187764315228, "params": {"gamma": 956.3314801006186, "log10_alpha": -0.13393498147603466, "log10_colsample_bytree": -0.8123242163244733, "log10_eta": -3.3037219689344273, "log10_lambda": -1.9908266499573446, "log10_min_child_weight": 0.7244163378791607, "log10_subsample": -0.0551290800898081, "max_depth": 2.0, "num_boost_round": 3.0}, "datetime": {"datetime": "2024-01-19 00:28:22", "elapsed": 996.678023, "delta": 0.001848}}
{"target": -17.677179017767404, "params": {"gamma": 956.3314801006186, "log10_alpha": -0.13393498147603466, "log10_colsample_bytree": -0.8123242163244733, "log10_eta": -3.3037219689344273, "log10_lambda": -1.9908266499573446, "log10_min_child_weight": 0.7244163378791607, "log10_subsample": -0.0551290800898081, "max_depth": 2.0, "num_boost_round": 4.0}, "datetime": {"datetime": "2024-01-19 00:28:22", "elapsed": 996.679434, "delta": 0.001411}}
{"target": -17.67716536795656, "params": {"gamma": 956.3314801006186, "log10_alpha": -0.13393498147603466, "log10_colsample_bytree": -0.8123242163244733, "log10_eta": -3.3037219689344273, "log10_lambda": -1.9908266499573446, "log10_min_child_weight": 0.7244163378791607, "log10_subsample": -0.0551290800898081, "max_depth": 2.0, "num_boost_round": 5.0}, "datetime": {"datetime": "2024-01-19 00:28:22", "elapsed": 996.680861, "delta": 0.001427}}
{"target": -17.67716402308441, "params": {"gamma": 956.3314801006186, "log10_alpha": -0.13393498147603466, "log10_colsample_bytree": -0.8123242163244733, "log10_eta": -3.3037219689344273, "log10_lambda": -1.9908266499573446, "log10_min_child_weight": 0.7244163378791607, "log10_subsample": -0.0551290800898081, "max_depth": 2.0, "num_boost_round": 6.0}, "datetime": {"datetime": "2024-01-19 00:28:22", "elapsed": 996.682299, "delta": 0.001438}}
{"target": -17.677146740094663, "params": {"gamma": 956.3314801006186, "log10_alpha": -0.13393498147603466, "log10_colsample_bytree": -0.8123242163244733, "log10_eta": -3.3037219689344273, "log10_lambda": -1.9908266499573446, "log10_min_child_weight": 0.7244163378791607, "log10_subsample": -0.0551290800898081, "max_depth": 2.0, "num_boost_round": 7.0}, "datetime": {"datetime": "2024-01-19 00:28:22", "elapsed": 996.683748, "delta": 0.001449}}
{"target": -17.677150871385034, "params": {"gamma": 956.3314801006186, "log10_alpha": -0.13393498147603466, "log10_colsample_bytree": -0.8123242163244733, "log10_eta": -3.3037219689344273, "log10_lambda": -1.9908266499573446, "log10_min_child_weight": 0.7244163378791607, "log10_subsample": -0.0551290800898081, "max_depth": 2.0, "num_boost_round": 8.0}, "datetime": {"datetime": "2024-01-19 00:28:22", "elapsed": 996.685138, "delta": 0.00139}}
{"target": -17.677142811225654, "params": {"gamma": 956.3314801006186, "log10_alpha": -0.13393498147603466, "log10_colsample_bytree": -0.8123242163244733, "log10_eta": -3.3037219689344273, "log10_lambda": -1.9908266499573446, "log10_min_child_weight": 0.7244163378791607, "log10_subsample": -0.0551290800898081, "max_depth": 2.0, "num_boost_round": 9.0}, "datetime": {"datetime": "2024-01-19 00:28:22", "elapsed": 996.686529, "delta": 0.001391}}
{"target": -17.67712773868923, "params": {"gamma": 956.3314801006186, "log10_alpha": -0.13393498147603466, "log10_colsample_bytree": -0.8123242163244733, "log10_eta": -3.3037219689344273, "log10_lambda": -1.9908266499573446, "log10_min_child_weight": 0.7244163378791607, "log10_subsample": -0.0551290800898081, "max_depth": 2.0, "num_boost_round": 10.0}, "datetime": {"datetime": "2024-01-19 00:28:22", "elapsed": 996.687925, "delta": 0.001396}}
{"target": -17.6771185160669, "params": {"gamma": 956.3314801006186, "log10_alpha": -0.13393498147603466, "log10_colsample_bytree": -0.8123242163244733, "log10_eta": -3.3037219689344273, "log10_lambda": -1.9908266499573446, "log10_min_child_weight": 0.7244163378791607, "log10_subsample": -0.0551290800898081, "max_depth": 2.0, "num_boost_round": 11.0}, "datetime": {"datetime": "2024-01-19 00:28:22", "elapsed": 996.689316, "delta": 0.001391}}
{"target": -17.677106977089046, "params": {"gamma": 956.3314801006186, "log10_alpha": -0.13393498147603466, "log10_colsample_bytree": -0.8123242163244733, "log10_eta": -3.3037219689344273, "log10_lambda": -1.9908266499573446, "log10_min_child_weight": 0.7244163378791607, "log10_subsample": -0.0551290800898081, "max_depth": 2.0, "num_boost_round": 12.0}, "datetime": {"datetime": "2024-01-19 00:28:22", "elapsed": 996.690797, "delta": 0.001481}}
{"target": -17.67709178345784, "params": {"gamma": 956.3314801006186, "log10_alpha": -0.13393498147603466, "log10_colsample_bytree": -0.8123242163244733, "log10_eta": -3.3037219689344273, "log10_lambda": -1.9908266499573446, "log10_min_child_weight": 0.7244163378791607, "log10_subsample": -0.0551290800898081, "max_depth": 2.0, "num_boost_round": 13.0}, "datetime": {"datetime": "2024-01-19 00:28:22", "elapsed": 996.69223, "delta": 0.001433}}
{"target": -17.67708963893789, "params": {"gamma": 956.3314801006186, "log10_alpha": -0.13393498147603466, "log10_colsample_bytree": -0.8123242163244733, "log10_eta": -3.3037219689344273, "log10_lambda": -1.9908266499573446, "log10_min_child_weight": 0.7244163378791607, "log10_subsample": -0.0551290800898081, "max_depth": 2.0, "num_boost_round": 14.0}, "datetime": {"datetime": "2024-01-19 00:28:22", "elapsed": 996.693616, "delta": 0.001386}}
{"target": -17.67707280270215, "params": {"gamma": 956.3314801006186, "log10_alpha": -0.13393498147603466, "log10_colsample_bytree": -0.8123242163244733, "log10_eta": -3.3037219689344273, "log10_lambda": -1.9908266499573446, "log10_min_child_weight": 0.7244163378791607, "log10_subsample": -0.0551290800898081, "max_depth": 2.0, "num_boost_round": 15.0}, "datetime": {"datetime": "2024-01-19 00:28:22", "elapsed": 996.694988, "delta": 0.001372}}
{"target": -17.677063954635205, "params": {"gamma": 956.3314801006186, "log10_alpha": -0.13393498147603466, "log10_colsample_bytree": -0.8123242163244733, "log10_eta": -3.3037219689344273, "log10_lambda": -1.9908266499573446, "log10_min_child_weight": 0.7244163378791607, "log10_subsample": -0.0551290800898081, "max_depth": 2.0, "num_boost_round": 16.0}, "datetime": {"datetime": "2024-01-19 00:28:22", "elapsed": 996.696369, "delta": 0.001381}}
{"target": -17.677053506801965, "params": {"gamma": 956.3314801006186, "log10_alpha": -0.13393498147603466, "log10_colsample_bytree": -0.8123242163244733, "log10_eta": -3.3037219689344273, "log10_lambda": -1.9908266499573446, "log10_min_child_weight": 0.7244163378791607, "log10_subsample": -0.0551290800898081, "max_depth": 2.0, "num_boost_round": 17.0}, "datetime": {"datetime": "2024-01-19 00:28:22", "elapsed": 996.697754, "delta": 0.001385}}
{"target": -17.677047383132496, "params": {"gamma": 956.3314801006186, "log10_alpha": -0.13393498147603466, "log10_colsample_bytree": -0.8123242163244733, "log10_eta": -3.3037219689344273, "log10_lambda": -1.9908266499573446, "log10_min_child_weight": 0.7244163378791607, "log10_subsample": -0.0551290800898081, "max_depth": 2.0, "num_boost_round": 18.0}, "datetime": {"datetime": "2024-01-19 00:28:22", "elapsed": 996.699133, "delta": 0.001379}}
{"target": -17.677038019096905, "params": {"gamma": 956.3314801006186, "log10_alpha": -0.13393498147603466, "log10_colsample_bytree": -0.8123242163244733, "log10_eta": -3.3037219689344273, "log10_lambda": -1.9908266499573446, "log10_min_child_weight": 0.7244163378791607, "log10_subsample": -0.0551290800898081, "max_depth": 2.0, "num_boost_round": 19.0}, "datetime": {"datetime": "2024-01-19 00:28:22", "elapsed": 996.700523, "delta": 0.00139}}
{"target": -17.67703046637246, "params": {"gamma": 956.3314801006186, "log10_alpha": -0.13393498147603466, "log10_colsample_bytree": -0.8123242163244733, "log10_eta": -3.3037219689344273, "log10_lambda": -1.9908266499573446, "log10_min_child_weight": 0.7244163378791607, "log10_subsample": -0.0551290800898081, "max_depth": 2.0, "num_boost_round": 20.0}, "datetime": {"datetime": "2024-01-19 00:28:22", "elapsed": 996.701911, "delta": 0.001388}}
{"target": -17.67701408478246, "params": {"gamma": 956.3314801006186, "log10_alpha": -0.13393498147603466, "log10_colsample_bytree": -0.8123242163244733, "log10_eta": -3.3037219689344273, "log10_lambda": -1.9908266499573446, "log10_min_child_weight": 0.7244163378791607, "log10_subsample": -0.0551290800898081, "max_depth": 2.0, "num_boost_round": 21.0}, "datetime": {"datetime": "2024-01-19 00:28:22", "elapsed": 996.703336, "delta": 0.001425}}
{"target": -17.67700562538226, "params": {"gamma": 956.3314801006186, "log10_alpha": -0.13393498147603466, "log10_colsample_bytree": -0.8123242163244733, "log10_eta": -3.3037219689344273, "log10_lambda": -1.9908266499573446, "log10_min_child_weight": 0.7244163378791607, "log10_subsample": -0.0551290800898081, "max_depth": 2.0, "num_boost_round": 22.0}, "datetime": {"datetime": "2024-01-19 00:28:22", "elapsed": 996.704735, "delta": 0.001399}}
