{"target": -13.760328174823137, "params": {"gamma": 937.7468713128598, "log10_alpha": -2.7316035312614653, "log10_colsample_bytree": -0.2665920766050244, "log10_eta": -1.9233125465884875, "log10_lambda": -1.3453419879860729, "log10_min_child_weight": 2.0123668271402573, "log10_subsample": -0.5005197213389345, "max_depth": 2.0, "num_boost_round": 63.0}, "datetime": {"datetime": "2024-01-19 01:15:31", "elapsed": 3832.891527, "delta": 0.005239}}
{"target": -13.760432470351017, "params": {"gamma": 937.7468713128598, "log10_alpha": -2.7316035312614653, "log10_colsample_bytree": -0.2665920766050244, "log10_eta": -1.9233125465884875, "log10_lambda": -1.3453419879860729, "log10_min_child_weight": 2.0123668271402573, "log10_subsample": -0.5005197213389345, "max_depth": 2.0, "num_boost_round": 64.0}, "datetime": {"datetime": "2024-01-19 01:15:31", "elapsed": 3832.896649, "delta": 0.005122}}
{"target": -13.758525128687692, "params": {"gamma": 939.1895909631615, "log10_alpha": -2.1693480537464804, "log10_colsample_bytree": -0.4484266986887683, "log10_eta": -3.0111648391598367, "log10_lambda": 0.22137429526006525, "log10_min_child_weight": 2.396746272363686, "log10_subsample": -0.9321438461574476, "max_depth": 4.0, "num_boost_round": 0.0}, "datetime": {"datetime": "2024-01-19 01:17:21", "elapsed": 3942.795843, "delta": 109.899194}}
{"target": -13.758515353491228, "params": {"gamma": 939.1895909631615, "log10_alpha": -2.1693480537464804, "log10_colsample_bytree": -0.4484266986887683, "log10_eta": -3.0111648391598367, "log10_lambda": 0.22137429526006525, "log10_min_child_weight": 2.396746272363686, "log10_subsample": -0.9321438461574476, "max_depth": 4.0, "num_boost_round": 1.0}, "datetime": {"datetime": "2024-01-19 01:17:21", "elapsed": 3942.801288, "delta": 0.005445}}
{"target": -13.758509141436788, "params": {"gamma": 939.1895909631615, "log10_alpha": -2.1693480537464804, "log10_colsample_bytree": -0.4484266986887683, "log10_eta": -3.0111648391598367, "log10_lambda": 0.22137429526006525, "log10_min_child_weight": 2.396746272363686, "log10_subsample": -0.9321438461574476, "max_depth": 4.0, "num_boost_round": 2.0}, "datetime": {"datetime": "2024-01-19 01:17:21", "elapsed": 3942.80641, "delta": 0.005122}}
{"target": -13.758499089531625, "params": {"gamma": 939.1895909631615, "log10_alpha": -2.1693480537464804, "log10_colsample_bytree": -0.4484266986887683, "log10_eta": -3.0111648391598367, "log10_lambda": 0.22137429526006525, "log10_min_child_weight": 2.396746272363686, "log10_subsample": -0.9321438461574476, "max_depth": 4.0, "num_boost_round": 3.0}, "datetime": {"datetime": "2024-01-19 01:17:21", "elapsed": 3942.811258, "delta": 0.004848}}
{"target": -13.75848547045503, "params": {"gamma": 939.1895909631615, "log10_alpha": -2.1693480537464804, "log10_colsample_bytree": -0.4484266986887683, "log10_eta": -3.0111648391598367, "log10_lambda": 0.22137429526006525, "log10_min_child_weight": 2.396746272363686, "log10_subsample": -0.9321438461574476, "max_depth": 4.0, "num_boost_round": 4.0}, "datetime": {"datetime": "2024-01-19 01:17:21", "elapsed": 3942.815999, "delta": 0.004741}}
{"target": -13.758514146493523, "params": {"gamma": 939.1895909631615, "log10_alpha": -2.1693480537464804, "log10_colsample_bytree": -0.4484266986887683, "log10_eta": -3.0111648391598367, "log10_lambda": 0.22137429526006525, "log10_min_child_weight": 2.396746272363686, "log10_subsample": -0.9321438461574476, "max_depth": 4.0, "num_boost_round": 5.0}, "datetime": {"datetime": "2024-01-19 01:17:21", "elapsed": 3942.820772, "delta": 0.004773}}
{"target": -13.758493366703423, "params": {"gamma": 939.1895909631615, "log10_alpha": -2.1693480537464804, "log10_colsample_bytree": -0.4484266986887683, "log10_eta": -3.0111648391598367, "log10_lambda": 0.22137429526006525, "log10_min_child_weight": 2.396746272363686, "log10_subsample": -0.9321438461574476, "max_depth": 4.0, "num_boost_round": 6.0}, "datetime": {"datetime": "2024-01-19 01:17:21", "elapsed": 3942.825595, "delta": 0.004823}}
{"target": -13.758489610944524, "params": {"gamma": 939.1895909631615, "log10_alpha": -2.1693480537464804, "log10_colsample_bytree": -0.4484266986887683, "log10_eta": -3.0111648391598367, "log10_lambda": 0.22137429526006525, "log10_min_child_weight": 2.396746272363686, "log10_subsample": -0.9321438461574476, "max_depth": 4.0, "num_boost_round": 7.0}, "datetime": {"datetime": "2024-01-19 01:17:21", "elapsed": 3942.830243, "delta": 0.004648}}
{"target": -13.758494962431243, "params": {"gamma": 939.1895909631615, "log10_alpha": -2.1693480537464804, "log10_colsample_bytree": -0.4484266986887683, "log10_eta": -3.0111648391598367, "log10_lambda": 0.22137429526006525, "log10_min_child_weight": 2.396746272363686, "log10_subsample": -0.9321438461574476, "max_depth": 4.0, "num_boost_round": 8.0}, "datetime": {"datetime": "2024-01-19 01:17:21", "elapsed": 3942.834909, "delta": 0.004666}}
{"target": -13.758475567736076, "params": {"gamma": 939.1895909631615, "log10_alpha": -2.1693480537464804, "log10_colsample_bytree": -0.4484266986887683, "log10_eta": -3.0111648391598367, "log10_lambda": 0.22137429526006525, "log10_min_child_weight": 2.396746272363686, "log10_subsample": -0.9321438461574476, "max_depth": 4.0, "num_boost_round": 9.0}, "datetime": {"datetime": "2024-01-19 01:17:21", "elapsed": 3942.839591, "delta": 0.004682}}
{"target": -13.758465662656088, "params": {"gamma": 939.1895909631615, "log10_alpha": -2.1693480537464804, "log10_colsample_bytree": -0.4484266986887683, "log10_eta": -3.0111648391598367, "log10_lambda": 0.22137429526006525, "log10_min_child_weight": 2.396746272363686, "log10_subsample": -0.9321438461574476, "max_depth": 4.0, "num_boost_round": 10.0}, "datetime": {"datetime": "2024-01-19 01:17:21", "elapsed": 3942.844317, "delta": 0.004726}}
{"target": -13.758433114151636, "params": {"gamma": 939.1895909631615, "log10_alpha": -2.1693480537464804, "log10_colsample_bytree": -0.4484266986887683, "log10_eta": -3.0111648391598367, "log10_lambda": 0.22137429526006525, "log10_min_child_weight": 2.396746272363686, "log10_subsample": -0.9321438461574476, "max_depth": 4.0, "num_boost_round": 11.0}, "datetime": {"datetime": "2024-01-19 01:17:21", "elapsed": 3942.848988, "delta": 0.004671}}
{"target": -13.758530990811217, "params": {"gamma": 932.8834372133831, "log10_alpha": -4.102085426967793, "log10_colsample_bytree": -0.18270756521320497, "log10_eta": -2.569222383628417, "log10_lambda": -0.16959401362885274, "log10_min_child_weight": 4.124849417914155, "log10_subsample": -0.326267285237943, "max_depth": 5.0, "num_boost_round": 0.0}, "datetime": {"datetime": "2024-01-19 01:18:02", "elapsed": 3983.795452, "delta": 40.946464}}
{"target": -13.758520800836557, "params": {"gamma": 932.8834372133831, "log10_alpha": -4.102085426967793, "log10_colsample_bytree": -0.18270756521320497, "log10_eta": -2.569222383628417, "log10_lambda": -0.16959401362885274, "log10_min_child_weight": 4.124849417914155, "log10_subsample": -0.326267285237943, "max_depth": 5.0, "num_boost_round": 1.0}, "datetime": {"datetime": "2024-01-19 01:18:02", "elapsed": 3983.80092, "delta": 0.005468}}
{"target": -13.758558046873386, "params": {"gamma": 932.8834372133831, "log10_alpha": -4.102085426967793, "log10_colsample_bytree": -0.18270756521320497, "log10_eta": -2.569222383628417, "log10_lambda": -0.16959401362885274, "log10_min_child_weight": 4.124849417914155, "log10_subsample": -0.326267285237943, "max_depth": 5.0, "num_boost_round": 2.0}, "datetime": {"datetime": "2024-01-19 01:18:02", "elapsed": 3983.806104, "delta": 0.005184}}
{"target": -13.75856568993087, "params": {"gamma": 932.8834372133831, "log10_alpha": -4.102085426967793, "log10_colsample_bytree": -0.18270756521320497, "log10_eta": -2.569222383628417, "log10_lambda": -0.16959401362885274, "log10_min_child_weight": 4.124849417914155, "log10_subsample": -0.326267285237943, "max_depth": 5.0, "num_boost_round": 3.0}, "datetime": {"datetime": "2024-01-19 01:18:02", "elapsed": 3983.810848, "delta": 0.004744}}
{"target": -13.7585883889927, "params": {"gamma": 932.8834372133831, "log10_alpha": -4.102085426967793, "log10_colsample_bytree": -0.18270756521320497, "log10_eta": -2.569222383628417, "log10_lambda": -0.16959401362885274, "log10_min_child_weight": 4.124849417914155, "log10_subsample": -0.326267285237943, "max_depth": 5.0, "num_boost_round": 4.0}, "datetime": {"datetime": "2024-01-19 01:18:02", "elapsed": 3983.815888, "delta": 0.00504}}
{"target": -13.75859043380079, "params": {"gamma": 932.8834372133831, "log10_alpha": -4.102085426967793, "log10_colsample_bytree": -0.18270756521320497, "log10_eta": -2.569222383628417, "log10_lambda": -0.16959401362885274, "log10_min_child_weight": 4.124849417914155, "log10_subsample": -0.326267285237943, "max_depth": 5.0, "num_boost_round": 5.0}, "datetime": {"datetime": "2024-01-19 01:18:02", "elapsed": 3983.82063, "delta": 0.004742}}
{"target": -13.758592282475295, "params": {"gamma": 932.8834372133831, "log10_alpha": -4.102085426967793, "log10_colsample_bytree": -0.18270756521320497, "log10_eta": -2.569222383628417, "log10_lambda": -0.16959401362885274, "log10_min_child_weight": 4.124849417914155, "log10_subsample": -0.326267285237943, "max_depth": 5.0, "num_boost_round": 6.0}, "datetime": {"datetime": "2024-01-19 01:18:02", "elapsed": 3983.825367, "delta": 0.004737}}
{"target": -13.758586084576033, "params": {"gamma": 932.8834372133831, "log10_alpha": -4.102085426967793, "log10_colsample_bytree": -0.18270756521320497, "log10_eta": -2.569222383628417, "log10_lambda": -0.16959401362885274, "log10_min_child_weight": 4.124849417914155, "log10_subsample": -0.326267285237943, "max_depth": 5.0, "num_boost_round": 7.0}, "datetime": {"datetime": "2024-01-19 01:18:02", "elapsed": 3983.830053, "delta": 0.004686}}
{"target": -13.758574909435444, "params": {"gamma": 932.8834372133831, "log10_alpha": -4.102085426967793, "log10_colsample_bytree": -0.18270756521320497, "log10_eta": -2.569222383628417, "log10_lambda": -0.16959401362885274, "log10_min_child_weight": 4.124849417914155, "log10_subsample": -0.326267285237943, "max_depth": 5.0, "num_boost_round": 8.0}, "datetime": {"datetime": "2024-01-19 01:18:02", "elapsed": 3983.834825, "delta": 0.004772}}
{"target": -13.758581576875741, "params": {"gamma": 932.8834372133831, "log10_alpha": -4.102085426967793, "log10_colsample_bytree": -0.18270756521320497, "log10_eta": -2.569222383628417, "log10_lambda": -0.16959401362885274, "log10_min_child_weight": 4.124849417914155, "log10_subsample": -0.326267285237943, "max_depth": 5.0, "num_boost_round": 9.0}, "datetime": {"datetime": "2024-01-19 01:18:02", "elapsed": 3983.839463, "delta": 0.004638}}
{"target": -13.758574794578328, "params": {"gamma": 932.8834372133831, "log10_alpha": -4.102085426967793, "log10_colsample_bytree": -0.18270756521320497, "log10_eta": -2.569222383628417, "log10_lambda": -0.16959401362885274, "log10_min_child_weight": 4.124849417914155, "log10_subsample": -0.326267285237943, "max_depth": 5.0, "num_boost_round": 10.0}, "datetime": {"datetime": "2024-01-19 01:18:02", "elapsed": 3983.844216, "delta": 0.004753}}
{"target": -13.758537894153724, "params": {"gamma": 937.7370302152108, "log10_alpha": -0.8317143485830547, "log10_colsample_bytree": -0.44106714253311263, "log10_eta": -3.569024684910029, "log10_lambda": 0.1653642989066766, "log10_min_child_weight": 3.451285568499858, "log10_subsample": -0.41885301535904373, "max_depth": 3.0, "num_boost_round": 0.0}, "datetime": {"datetime": "2024-01-19 01:19:00", "elapsed": 4041.267692, "delta": 57.423476}}
{"target": -13.75853356717929, "params": {"gamma": 937.7370302152108, "log10_alpha": -0.8317143485830547, "log10_colsample_bytree": -0.44106714253311263, "log10_eta": -3.569024684910029, "log10_lambda": 0.1653642989066766, "log10_min_child_weight": 3.451285568499858, "log10_subsample": -0.41885301535904373, "max_depth": 3.0, "num_boost_round": 1.0}, "datetime": {"datetime": "2024-01-19 01:19:00", "elapsed": 4041.273286, "delta": 0.005594}}
{"target": -13.758530379517945, "params": {"gamma": 937.7370302152108, "log10_alpha": -0.8317143485830547, "log10_colsample_bytree": -0.44106714253311263, "log10_eta": -3.569024684910029, "log10_lambda": 0.1653642989066766, "log10_min_child_weight": 3.451285568499858, "log10_subsample": -0.41885301535904373, "max_depth": 3.0, "num_boost_round": 2.0}, "datetime": {"datetime": "2024-01-19 01:19:00", "elapsed": 4041.278104, "delta": 0.004818}}
{"target": -13.758530118443897, "params": {"gamma": 937.7370302152108, "log10_alpha": -0.8317143485830547, "log10_colsample_bytree": -0.44106714253311263, "log10_eta": -3.569024684910029, "log10_lambda": 0.1653642989066766, "log10_min_child_weight": 3.451285568499858, "log10_subsample": -0.41885301535904373, "max_depth": 3.0, "num_boost_round": 3.0}, "datetime": {"datetime": "2024-01-19 01:19:00", "elapsed": 4041.282701, "delta": 0.004597}}
{"target": -13.75852514025115, "params": {"gamma": 937.7370302152108, "log10_alpha": -0.8317143485830547, "log10_colsample_bytree": -0.44106714253311263, "log10_eta": -3.569024684910029, "log10_lambda": 0.1653642989066766, "log10_min_child_weight": 3.451285568499858, "log10_subsample": -0.41885301535904373, "max_depth": 3.0, "num_boost_round": 4.0}, "datetime": {"datetime": "2024-01-19 01:19:00", "elapsed": 4041.287405, "delta": 0.004704}}
{"target": -13.758521536722023, "params": {"gamma": 937.7370302152108, "log10_alpha": -0.8317143485830547, "log10_colsample_bytree": -0.44106714253311263, "log10_eta": -3.569024684910029, "log10_lambda": 0.1653642989066766, "log10_min_child_weight": 3.451285568499858, "log10_subsample": -0.41885301535904373, "max_depth": 3.0, "num_boost_round": 5.0}, "datetime": {"datetime": "2024-01-19 01:19:00", "elapsed": 4041.29202, "delta": 0.004615}}
{"target": -13.758520348475013, "params": {"gamma": 937.7370302152108, "log10_alpha": -0.8317143485830547, "log10_colsample_bytree": -0.44106714253311263, "log10_eta": -3.569024684910029, "log10_lambda": 0.1653642989066766, "log10_min_child_weight": 3.451285568499858, "log10_subsample": -0.41885301535904373, "max_depth": 3.0, "num_boost_round": 6.0}, "datetime": {"datetime": "2024-01-19 01:19:00", "elapsed": 4041.296715, "delta": 0.004695}}
{"target": -13.75851969259917, "params": {"gamma": 937.7370302152108, "log10_alpha": -0.8317143485830547, "log10_colsample_bytree": -0.44106714253311263, "log10_eta": -3.569024684910029, "log10_lambda": 0.1653642989066766, "log10_min_child_weight": 3.451285568499858, "log10_subsample": -0.41885301535904373, "max_depth": 3.0, "num_boost_round": 7.0}, "datetime": {"datetime": "2024-01-19 01:19:00", "elapsed": 4041.30135, "delta": 0.004635}}
{"target": -13.758514682336294, "params": {"gamma": 937.7370302152108, "log10_alpha": -0.8317143485830547, "log10_colsample_bytree": -0.44106714253311263, "log10_eta": -3.569024684910029, "log10_lambda": 0.1653642989066766, "log10_min_child_weight": 3.451285568499858, "log10_subsample": -0.41885301535904373, "max_depth": 3.0, "num_boost_round": 8.0}, "datetime": {"datetime": "2024-01-19 01:19:00", "elapsed": 4041.306382, "delta": 0.005032}}
{"target": -13.758510398484507, "params": {"gamma": 937.7370302152108, "log10_alpha": -0.8317143485830547, "log10_colsample_bytree": -0.44106714253311263, "log10_eta": -3.569024684910029, "log10_lambda": 0.1653642989066766, "log10_min_child_weight": 3.451285568499858, "log10_subsample": -0.41885301535904373, "max_depth": 3.0, "num_boost_round": 9.0}, "datetime": {"datetime": "2024-01-19 01:19:00", "elapsed": 4041.311166, "delta": 0.004784}}
{"target": -13.7585067412997, "params": {"gamma": 937.7370302152108, "log10_alpha": -0.8317143485830547, "log10_colsample_bytree": -0.44106714253311263, "log10_eta": -3.569024684910029, "log10_lambda": 0.1653642989066766, "log10_min_child_weight": 3.451285568499858, "log10_subsample": -0.41885301535904373, "max_depth": 3.0, "num_boost_round": 10.0}, "datetime": {"datetime": "2024-01-19 01:19:00", "elapsed": 4041.316016, "delta": 0.00485}}
{"target": -13.758502958815056, "params": {"gamma": 937.7370302152108, "log10_alpha": -0.8317143485830547, "log10_colsample_bytree": -0.44106714253311263, "log10_eta": -3.569024684910029, "log10_lambda": 0.1653642989066766, "log10_min_child_weight": 3.451285568499858, "log10_subsample": -0.41885301535904373, "max_depth": 3.0, "num_boost_round": 11.0}, "datetime": {"datetime": "2024-01-19 01:19:00", "elapsed": 4041.320652, "delta": 0.004636}}
{"target": -13.75849996277772, "params": {"gamma": 937.7370302152108, "log10_alpha": -0.8317143485830547, "log10_colsample_bytree": -0.44106714253311263, "log10_eta": -3.569024684910029, "log10_lambda": 0.1653642989066766, "log10_min_child_weight": 3.451285568499858, "log10_subsample": -0.41885301535904373, "max_depth": 3.0, "num_boost_round": 12.0}, "datetime": {"datetime": "2024-01-19 01:19:00", "elapsed": 4041.325336, "delta": 0.004684}}
{"target": -13.758497663669688, "params": {"gamma": 937.7370302152108, "log10_alpha": -0.8317143485830547, "log10_colsample_bytree": -0.44106714253311263, "log10_eta": -3.569024684910029, "log10_lambda": 0.1653642989066766, "log10_min_child_weight": 3.451285568499858, "log10_subsample": -0.41885301535904373, "max_depth": 3.0, "num_boost_round": 13.0}, "datetime": {"datetime": "2024-01-19 01:19:00", "elapsed": 4041.329905, "delta": 0.004569}}
{"target": -13.758494675070851, "params": {"gamma": 937.7370302152108, "log10_alpha": -0.8317143485830547, "log10_colsample_bytree": -0.44106714253311263, "log10_eta": -3.569024684910029, "log10_lambda": 0.1653642989066766, "log10_min_child_weight": 3.451285568499858, "log10_subsample": -0.41885301535904373, "max_depth": 3.0, "num_boost_round": 14.0}, "datetime": {"datetime": "2024-01-19 01:19:00", "elapsed": 4041.334539, "delta": 0.004634}}
{"target": -13.75849072177547, "params": {"gamma": 937.7370302152108, "log10_alpha": -0.8317143485830547, "log10_colsample_bytree": -0.44106714253311263, "log10_eta": -3.569024684910029, "log10_lambda": 0.1653642989066766, "log10_min_child_weight": 3.451285568499858, "log10_subsample": -0.41885301535904373, "max_depth": 3.0, "num_boost_round": 15.0}, "datetime": {"datetime": "2024-01-19 01:19:00", "elapsed": 4041.339108, "delta": 0.004569}}
{"target": -13.758490329798029, "params": {"gamma": 937.7370302152108, "log10_alpha": -0.8317143485830547, "log10_colsample_bytree": -0.44106714253311263, "log10_eta": -3.569024684910029, "log10_lambda": 0.1653642989066766, "log10_min_child_weight": 3.451285568499858, "log10_subsample": -0.41885301535904373, "max_depth": 3.0, "num_boost_round": 16.0}, "datetime": {"datetime": "2024-01-19 01:19:00", "elapsed": 4041.343685, "delta": 0.004577}}
{"target": -13.758490466744437, "params": {"gamma": 937.7370302152108, "log10_alpha": -0.8317143485830547, "log10_colsample_bytree": -0.44106714253311263, "log10_eta": -3.569024684910029, "log10_lambda": 0.1653642989066766, "log10_min_child_weight": 3.451285568499858, "log10_subsample": -0.41885301535904373, "max_depth": 3.0, "num_boost_round": 17.0}, "datetime": {"datetime": "2024-01-19 01:19:00", "elapsed": 4041.34829, "delta": 0.004605}}
{"target": -13.758488643323126, "params": {"gamma": 937.7370302152108, "log10_alpha": -0.8317143485830547, "log10_colsample_bytree": -0.44106714253311263, "log10_eta": -3.569024684910029, "log10_lambda": 0.1653642989066766, "log10_min_child_weight": 3.451285568499858, "log10_subsample": -0.41885301535904373, "max_depth": 3.0, "num_boost_round": 18.0}, "datetime": {"datetime": "2024-01-19 01:19:00", "elapsed": 4041.352941, "delta": 0.004651}}
{"target": -13.758484887023014, "params": {"gamma": 937.7370302152108, "log10_alpha": -0.8317143485830547, "log10_colsample_bytree": -0.44106714253311263, "log10_eta": -3.569024684910029, "log10_lambda": 0.1653642989066766, "log10_min_child_weight": 3.451285568499858, "log10_subsample": -0.41885301535904373, "max_depth": 3.0, "num_boost_round": 19.0}, "datetime": {"datetime": "2024-01-19 01:19:00", "elapsed": 4041.357543, "delta": 0.004602}}
{"target": -13.758479795148272, "params": {"gamma": 937.7370302152108, "log10_alpha": -0.8317143485830547, "log10_colsample_bytree": -0.44106714253311263, "log10_eta": -3.569024684910029, "log10_lambda": 0.1653642989066766, "log10_min_child_weight": 3.451285568499858, "log10_subsample": -0.41885301535904373, "max_depth": 3.0, "num_boost_round": 20.0}, "datetime": {"datetime": "2024-01-19 01:19:00", "elapsed": 4041.362166, "delta": 0.004623}}
{"target": -13.758523458678368, "params": {"gamma": 938.3710570506106, "log10_alpha": -3.4249118536892595, "log10_colsample_bytree": -0.5564623687833403, "log10_eta": -2.409657131727726, "log10_lambda": 0.052101816788445277, "log10_min_child_weight": 4.760349203796283, "log10_subsample": -0.5368177415696765, "max_depth": 4.0, "num_boost_round": 0.0}, "datetime": {"datetime": "2024-01-19 01:20:26", "elapsed": 4127.464131, "delta": 86.101965}}
{"target": -13.758510497263241, "params": {"gamma": 938.3710570506106, "log10_alpha": -3.4249118536892595, "log10_colsample_bytree": -0.5564623687833403, "log10_eta": -2.409657131727726, "log10_lambda": 0.052101816788445277, "log10_min_child_weight": 4.760349203796283, "log10_subsample": -0.5368177415696765, "max_depth": 4.0, "num_boost_round": 1.0}, "datetime": {"datetime": "2024-01-19 01:20:26", "elapsed": 4127.469684, "delta": 0.005553}}
{"target": -13.758498322321417, "params": {"gamma": 938.3710570506106, "log10_alpha": -3.4249118536892595, "log10_colsample_bytree": -0.5564623687833403, "log10_eta": -2.409657131727726, "log10_lambda": 0.052101816788445277, "log10_min_child_weight": 4.760349203796283, "log10_subsample": -0.5368177415696765, "max_depth": 4.0, "num_boost_round": 2.0}, "datetime": {"datetime": "2024-01-19 01:20:26", "elapsed": 4127.474537, "delta": 0.004853}}
