{"target": -17.67707735772746, "params": {"gamma": 537.9421534634185, "log10_alpha": -3.6352244903997453, "log10_colsample_bytree": -0.006064592404337099, "log10_eta": -3.9132754456372365, "log10_lambda": 0.5883758208157008, "log10_min_child_weight": 2.044642144235362, "log10_subsample": -0.8265896195348885, "max_depth": 7.0, "num_boost_round": 30.0}, "datetime": {"datetime": "2024-01-19 00:26:07", "elapsed": 864.718019, "delta": 0.001409}}
{"target": -17.67707655931992, "params": {"gamma": 537.9421534634185, "log10_alpha": -3.6352244903997453, "log10_colsample_bytree": -0.006064592404337099, "log10_eta": -3.9132754456372365, "log10_lambda": 0.5883758208157008, "log10_min_child_weight": 2.044642144235362, "log10_subsample": -0.8265896195348885, "max_depth": 7.0, "num_boost_round": 31.0}, "datetime": {"datetime": "2024-01-19 00:26:07", "elapsed": 864.719397, "delta": 0.001378}}
{"target": -17.67593502744647, "params": {"gamma": 555.5850490235837, "log10_alpha": 0.6145822962504832, "log10_colsample_bytree": -0.9914626110233613, "log10_eta": -1.3457171221831232, "log10_lambda": 0.7010535509601832, "log10_min_child_weight": 2.063732051755307, "log10_subsample": -0.30350256213183147, "max_depth": 4.0, "num_boost_round": 0.0}, "datetime": {"datetime": "2024-01-19 00:26:33", "elapsed": 890.521057, "delta": 25.80166}}
{"target": -17.674227533082803, "params": {"gamma": 555.5850490235837, "log10_alpha": 0.6145822962504832, "log10_colsample_bytree": -0.9914626110233613, "log10_eta": -1.3457171221831232, "log10_lambda": 0.7010535509601832, "log10_min_child_weight": 2.063732051755307, "log10_subsample": -0.30350256213183147, "max_depth": 4.0, "num_boost_round": 1.0}, "datetime": {"datetime": "2024-01-19 00:26:33", "elapsed": 890.523432, "delta": 0.002375}}
{"target": -17.674546115319888, "params": {"gamma": 555.5850490235837, "log10_alpha": 0.6145822962504832, "log10_colsample_bytree": -0.9914626110233613, "log10_eta": -1.3457171221831232, "log10_lambda": 0.7010535509601832, "log10_min_child_weight": 2.063732051755307, "log10_subsample": -0.30350256213183147, "max_depth": 4.0, "num_boost_round": 2.0}, "datetime": {"datetime": "2024-01-19 00:26:33", "elapsed": 890.524997, "delta": 0.001565}}
{"target": -17.67365077875938, "params": {"gamma": 555.5850490235837, "log10_alpha": 0.6145822962504832, "log10_colsample_bytree": -0.9914626110233613, "log10_eta": -1.3457171221831232, "log10_lambda": 0.7010535509601832, "log10_min_child_weight": 2.063732051755307, "log10_subsample": -0.30350256213183147, "max_depth": 4.0, "num_boost_round": 3.0}, "datetime": {"datetime": "2024-01-19 00:26:33", "elapsed": 890.526388, "delta": 0.001391}}
{"target": -17.671973988553646, "params": {"gamma": 555.5850490235837, "log10_alpha": 0.6145822962504832, "log10_colsample_bytree": -0.9914626110233613, "log10_eta": -1.3457171221831232, "log10_lambda": 0.7010535509601832, "log10_min_child_weight": 2.063732051755307, "log10_subsample": -0.30350256213183147, "max_depth": 4.0, "num_boost_round": 4.0}, "datetime": {"datetime": "2024-01-19 00:26:33", "elapsed": 890.527764, "delta": 0.001376}}
{"target": -17.67208050531217, "params": {"gamma": 555.5850490235837, "log10_alpha": 0.6145822962504832, "log10_colsample_bytree": -0.9914626110233613, "log10_eta": -1.3457171221831232, "log10_lambda": 0.7010535509601832, "log10_min_child_weight": 2.063732051755307, "log10_subsample": -0.30350256213183147, "max_depth": 4.0, "num_boost_round": 5.0}, "datetime": {"datetime": "2024-01-19 00:26:33", "elapsed": 890.529303, "delta": 0.001539}}
{"target": -17.672029896722186, "params": {"gamma": 555.5850490235837, "log10_alpha": 0.6145822962504832, "log10_colsample_bytree": -0.9914626110233613, "log10_eta": -1.3457171221831232, "log10_lambda": 0.7010535509601832, "log10_min_child_weight": 2.063732051755307, "log10_subsample": -0.30350256213183147, "max_depth": 4.0, "num_boost_round": 6.0}, "datetime": {"datetime": "2024-01-19 00:26:33", "elapsed": 890.530841, "delta": 0.001538}}
{"target": -17.670540268492445, "params": {"gamma": 555.5850490235837, "log10_alpha": 0.6145822962504832, "log10_colsample_bytree": -0.9914626110233613, "log10_eta": -1.3457171221831232, "log10_lambda": 0.7010535509601832, "log10_min_child_weight": 2.063732051755307, "log10_subsample": -0.30350256213183147, "max_depth": 4.0, "num_boost_round": 7.0}, "datetime": {"datetime": "2024-01-19 00:26:33", "elapsed": 890.532412, "delta": 0.001571}}
{"target": -17.672068144502777, "params": {"gamma": 555.5850490235837, "log10_alpha": 0.6145822962504832, "log10_colsample_bytree": -0.9914626110233613, "log10_eta": -1.3457171221831232, "log10_lambda": 0.7010535509601832, "log10_min_child_weight": 2.063732051755307, "log10_subsample": -0.30350256213183147, "max_depth": 4.0, "num_boost_round": 8.0}, "datetime": {"datetime": "2024-01-19 00:26:33", "elapsed": 890.533798, "delta": 0.001386}}
{"target": -17.67180930319392, "params": {"gamma": 555.5850490235837, "log10_alpha": 0.6145822962504832, "log10_colsample_bytree": -0.9914626110233613, "log10_eta": -1.3457171221831232, "log10_lambda": 0.7010535509601832, "log10_min_child_weight": 2.063732051755307, "log10_subsample": -0.30350256213183147, "max_depth": 4.0, "num_boost_round": 9.0}, "datetime": {"datetime": "2024-01-19 00:26:33", "elapsed": 890.535212, "delta": 0.001414}}
{"target": -17.67190499690957, "params": {"gamma": 555.5850490235837, "log10_alpha": 0.6145822962504832, "log10_colsample_bytree": -0.9914626110233613, "log10_eta": -1.3457171221831232, "log10_lambda": 0.7010535509601832, "log10_min_child_weight": 2.063732051755307, "log10_subsample": -0.30350256213183147, "max_depth": 4.0, "num_boost_round": 10.0}, "datetime": {"datetime": "2024-01-19 00:26:33", "elapsed": 890.536619, "delta": 0.001407}}
{"target": -17.671827915052933, "params": {"gamma": 555.5850490235837, "log10_alpha": 0.6145822962504832, "log10_colsample_bytree": -0.9914626110233613, "log10_eta": -1.3457171221831232, "log10_lambda": 0.7010535509601832, "log10_min_child_weight": 2.063732051755307, "log10_subsample": -0.30350256213183147, "max_depth": 4.0, "num_boost_round": 11.0}, "datetime": {"datetime": "2024-01-19 00:26:33", "elapsed": 890.538001, "delta": 0.001382}}
{"target": -17.66990038378142, "params": {"gamma": 555.5850490235837, "log10_alpha": 0.6145822962504832, "log10_colsample_bytree": -0.9914626110233613, "log10_eta": -1.3457171221831232, "log10_lambda": 0.7010535509601832, "log10_min_child_weight": 2.063732051755307, "log10_subsample": -0.30350256213183147, "max_depth": 4.0, "num_boost_round": 12.0}, "datetime": {"datetime": "2024-01-19 00:26:33", "elapsed": 890.539379, "delta": 0.001378}}
{"target": -17.669782036713354, "params": {"gamma": 555.5850490235837, "log10_alpha": 0.6145822962504832, "log10_colsample_bytree": -0.9914626110233613, "log10_eta": -1.3457171221831232, "log10_lambda": 0.7010535509601832, "log10_min_child_weight": 2.063732051755307, "log10_subsample": -0.30350256213183147, "max_depth": 4.0, "num_boost_round": 13.0}, "datetime": {"datetime": "2024-01-19 00:26:33", "elapsed": 890.540818, "delta": 0.001439}}
{"target": -17.669848972449095, "params": {"gamma": 555.5850490235837, "log10_alpha": 0.6145822962504832, "log10_colsample_bytree": -0.9914626110233613, "log10_eta": -1.3457171221831232, "log10_lambda": 0.7010535509601832, "log10_min_child_weight": 2.063732051755307, "log10_subsample": -0.30350256213183147, "max_depth": 4.0, "num_boost_round": 14.0}, "datetime": {"datetime": "2024-01-19 00:26:33", "elapsed": 890.542191, "delta": 0.001373}}
{"target": -17.66976708769722, "params": {"gamma": 555.5850490235837, "log10_alpha": 0.6145822962504832, "log10_colsample_bytree": -0.9914626110233613, "log10_eta": -1.3457171221831232, "log10_lambda": 0.7010535509601832, "log10_min_child_weight": 2.063732051755307, "log10_subsample": -0.30350256213183147, "max_depth": 4.0, "num_boost_round": 15.0}, "datetime": {"datetime": "2024-01-19 00:26:33", "elapsed": 890.543567, "delta": 0.001376}}
{"target": -17.66984987109335, "params": {"gamma": 555.5850490235837, "log10_alpha": 0.6145822962504832, "log10_colsample_bytree": -0.9914626110233613, "log10_eta": -1.3457171221831232, "log10_lambda": 0.7010535509601832, "log10_min_child_weight": 2.063732051755307, "log10_subsample": -0.30350256213183147, "max_depth": 4.0, "num_boost_round": 16.0}, "datetime": {"datetime": "2024-01-19 00:26:33", "elapsed": 890.544952, "delta": 0.001385}}
{"target": -17.669007129860592, "params": {"gamma": 555.5850490235837, "log10_alpha": 0.6145822962504832, "log10_colsample_bytree": -0.9914626110233613, "log10_eta": -1.3457171221831232, "log10_lambda": 0.7010535509601832, "log10_min_child_weight": 2.063732051755307, "log10_subsample": -0.30350256213183147, "max_depth": 4.0, "num_boost_round": 17.0}, "datetime": {"datetime": "2024-01-19 00:26:33", "elapsed": 890.546319, "delta": 0.001367}}
{"target": -17.66841040993941, "params": {"gamma": 555.5850490235837, "log10_alpha": 0.6145822962504832, "log10_colsample_bytree": -0.9914626110233613, "log10_eta": -1.3457171221831232, "log10_lambda": 0.7010535509601832, "log10_min_child_weight": 2.063732051755307, "log10_subsample": -0.30350256213183147, "max_depth": 4.0, "num_boost_round": 18.0}, "datetime": {"datetime": "2024-01-19 00:26:33", "elapsed": 890.547694, "delta": 0.001375}}
{"target": -17.667030585185326, "params": {"gamma": 555.5850490235837, "log10_alpha": 0.6145822962504832, "log10_colsample_bytree": -0.9914626110233613, "log10_eta": -1.3457171221831232, "log10_lambda": 0.7010535509601832, "log10_min_child_weight": 2.063732051755307, "log10_subsample": -0.30350256213183147, "max_depth": 4.0, "num_boost_round": 19.0}, "datetime": {"datetime": "2024-01-19 00:26:33", "elapsed": 890.549169, "delta": 0.001475}}
{"target": -17.66728554214728, "params": {"gamma": 555.5850490235837, "log10_alpha": 0.6145822962504832, "log10_colsample_bytree": -0.9914626110233613, "log10_eta": -1.3457171221831232, "log10_lambda": 0.7010535509601832, "log10_min_child_weight": 2.063732051755307, "log10_subsample": -0.30350256213183147, "max_depth": 4.0, "num_boost_round": 20.0}, "datetime": {"datetime": "2024-01-19 00:26:33", "elapsed": 890.550551, "delta": 0.001382}}
{"target": -17.666830528537243, "params": {"gamma": 555.5850490235837, "log10_alpha": 0.6145822962504832, "log10_colsample_bytree": -0.9914626110233613, "log10_eta": -1.3457171221831232, "log10_lambda": 0.7010535509601832, "log10_min_child_weight": 2.063732051755307, "log10_subsample": -0.30350256213183147, "max_depth": 4.0, "num_boost_round": 21.0}, "datetime": {"datetime": "2024-01-19 00:26:33", "elapsed": 890.55193, "delta": 0.001379}}
{"target": -17.666639900521243, "params": {"gamma": 555.5850490235837, "log10_alpha": 0.6145822962504832, "log10_colsample_bytree": -0.9914626110233613, "log10_eta": -1.3457171221831232, "log10_lambda": 0.7010535509601832, "log10_min_child_weight": 2.063732051755307, "log10_subsample": -0.30350256213183147, "max_depth": 4.0, "num_boost_round": 22.0}, "datetime": {"datetime": "2024-01-19 00:26:33", "elapsed": 890.553403, "delta": 0.001473}}
{"target": -17.667578435038116, "params": {"gamma": 555.5850490235837, "log10_alpha": 0.6145822962504832, "log10_colsample_bytree": -0.9914626110233613, "log10_eta": -1.3457171221831232, "log10_lambda": 0.7010535509601832, "log10_min_child_weight": 2.063732051755307, "log10_subsample": -0.30350256213183147, "max_depth": 4.0, "num_boost_round": 23.0}, "datetime": {"datetime": "2024-01-19 00:26:33", "elapsed": 890.554798, "delta": 0.001395}}
{"target": -17.66879740061764, "params": {"gamma": 555.5850490235837, "log10_alpha": 0.6145822962504832, "log10_colsample_bytree": -0.9914626110233613, "log10_eta": -1.3457171221831232, "log10_lambda": 0.7010535509601832, "log10_min_child_weight": 2.063732051755307, "log10_subsample": -0.30350256213183147, "max_depth": 4.0, "num_boost_round": 24.0}, "datetime": {"datetime": "2024-01-19 00:26:33", "elapsed": 890.556191, "delta": 0.001393}}
{"target": -17.669554406793544, "params": {"gamma": 555.5850490235837, "log10_alpha": 0.6145822962504832, "log10_colsample_bytree": -0.9914626110233613, "log10_eta": -1.3457171221831232, "log10_lambda": 0.7010535509601832, "log10_min_child_weight": 2.063732051755307, "log10_subsample": -0.30350256213183147, "max_depth": 4.0, "num_boost_round": 25.0}, "datetime": {"datetime": "2024-01-19 00:26:33", "elapsed": 890.557581, "delta": 0.00139}}
{"target": -17.668626976551113, "params": {"gamma": 555.5850490235837, "log10_alpha": 0.6145822962504832, "log10_colsample_bytree": -0.9914626110233613, "log10_eta": -1.3457171221831232, "log10_lambda": 0.7010535509601832, "log10_min_child_weight": 2.063732051755307, "log10_subsample": -0.30350256213183147, "max_depth": 4.0, "num_boost_round": 26.0}, "datetime": {"datetime": "2024-01-19 00:26:33", "elapsed": 890.55898, "delta": 0.001399}}
{"target": -17.669326223045225, "params": {"gamma": 555.5850490235837, "log10_alpha": 0.6145822962504832, "log10_colsample_bytree": -0.9914626110233613, "log10_eta": -1.3457171221831232, "log10_lambda": 0.7010535509601832, "log10_min_child_weight": 2.063732051755307, "log10_subsample": -0.30350256213183147, "max_depth": 4.0, "num_boost_round": 27.0}, "datetime": {"datetime": "2024-01-19 00:26:33", "elapsed": 890.560424, "delta": 0.001444}}
{"target": -17.669104459738236, "params": {"gamma": 555.5850490235837, "log10_alpha": 0.6145822962504832, "log10_colsample_bytree": -0.9914626110233613, "log10_eta": -1.3457171221831232, "log10_lambda": 0.7010535509601832, "log10_min_child_weight": 2.063732051755307, "log10_subsample": -0.30350256213183147, "max_depth": 4.0, "num_boost_round": 28.0}, "datetime": {"datetime": "2024-01-19 00:26:33", "elapsed": 890.561822, "delta": 0.001398}}
{"target": -17.667793843940622, "params": {"gamma": 555.5850490235837, "log10_alpha": 0.6145822962504832, "log10_colsample_bytree": -0.9914626110233613, "log10_eta": -1.3457171221831232, "log10_lambda": 0.7010535509601832, "log10_min_child_weight": 2.063732051755307, "log10_subsample": -0.30350256213183147, "max_depth": 4.0, "num_boost_round": 29.0}, "datetime": {"datetime": "2024-01-19 00:26:33", "elapsed": 890.563217, "delta": 0.001395}}
{"target": -17.67722738084396, "params": {"gamma": 550.040982596417, "log10_alpha": -3.656237875897152, "log10_colsample_bytree": -0.10219905605049917, "log10_eta": -3.795138290067555, "log10_lambda": -0.14442727246774822, "log10_min_child_weight": 1.426767495075734, "log10_subsample": -0.583622711052573, "max_depth": 3.0, "num_boost_round": 0.0}, "datetime": {"datetime": "2024-01-19 00:26:58", "elapsed": 915.821865, "delta": 25.258648}}
{"target": -17.677218140559855, "params": {"gamma": 550.040982596417, "log10_alpha": -3.656237875897152, "log10_colsample_bytree": -0.10219905605049917, "log10_eta": -3.795138290067555, "log10_lambda": -0.14442727246774822, "log10_min_child_weight": 1.426767495075734, "log10_subsample": -0.583622711052573, "max_depth": 3.0, "num_boost_round": 1.0}, "datetime": {"datetime": "2024-01-19 00:26:58", "elapsed": 915.823829, "delta": 0.001964}}
{"target": -17.677210851177655, "params": {"gamma": 550.040982596417, "log10_alpha": -3.656237875897152, "log10_colsample_bytree": -0.10219905605049917, "log10_eta": -3.795138290067555, "log10_lambda": -0.14442727246774822, "log10_min_child_weight": 1.426767495075734, "log10_subsample": -0.583622711052573, "max_depth": 3.0, "num_boost_round": 2.0}, "datetime": {"datetime": "2024-01-19 00:26:58", "elapsed": 915.825239, "delta": 0.00141}}
{"target": -17.67720886878283, "params": {"gamma": 550.040982596417, "log10_alpha": -3.656237875897152, "log10_colsample_bytree": -0.10219905605049917, "log10_eta": -3.795138290067555, "log10_lambda": -0.14442727246774822, "log10_min_child_weight": 1.426767495075734, "log10_subsample": -0.583622711052573, "max_depth": 3.0, "num_boost_round": 3.0}, "datetime": {"datetime": "2024-01-19 00:26:58", "elapsed": 915.826749, "delta": 0.00151}}
{"target": -17.677200852028292, "params": {"gamma": 550.040982596417, "log10_alpha": -3.656237875897152, "log10_colsample_bytree": -0.10219905605049917, "log10_eta": -3.795138290067555, "log10_lambda": -0.14442727246774822, "log10_min_child_weight": 1.426767495075734, "log10_subsample": -0.583622711052573, "max_depth": 3.0, "num_boost_round": 4.0}, "datetime": {"datetime": "2024-01-19 00:26:58", "elapsed": 915.828273, "delta": 0.001524}}
{"target": -17.67719635823278, "params": {"gamma": 550.040982596417, "log10_alpha": -3.656237875897152, "log10_colsample_bytree": -0.10219905605049917, "log10_eta": -3.795138290067555, "log10_lambda": -0.14442727246774822, "log10_min_child_weight": 1.426767495075734, "log10_subsample": -0.583622711052573, "max_depth": 3.0, "num_boost_round": 5.0}, "datetime": {"datetime": "2024-01-19 00:26:58", "elapsed": 915.830167, "delta": 0.001894}}
{"target": -17.677187772083137, "params": {"gamma": 550.040982596417, "log10_alpha": -3.656237875897152, "log10_colsample_bytree": -0.10219905605049917, "log10_eta": -3.795138290067555, "log10_lambda": -0.14442727246774822, "log10_min_child_weight": 1.426767495075734, "log10_subsample": -0.583622711052573, "max_depth": 3.0, "num_boost_round": 6.0}, "datetime": {"datetime": "2024-01-19 00:26:58", "elapsed": 915.831662, "delta": 0.001495}}
{"target": -17.67718202311848, "params": {"gamma": 550.040982596417, "log10_alpha": -3.656237875897152, "log10_colsample_bytree": -0.10219905605049917, "log10_eta": -3.795138290067555, "log10_lambda": -0.14442727246774822, "log10_min_child_weight": 1.426767495075734, "log10_subsample": -0.583622711052573, "max_depth": 3.0, "num_boost_round": 7.0}, "datetime": {"datetime": "2024-01-19 00:26:58", "elapsed": 915.833208, "delta": 0.001546}}
{"target": -17.67717413847303, "params": {"gamma": 550.040982596417, "log10_alpha": -3.656237875897152, "log10_colsample_bytree": -0.10219905605049917, "log10_eta": -3.795138290067555, "log10_lambda": -0.14442727246774822, "log10_min_child_weight": 1.426767495075734, "log10_subsample": -0.583622711052573, "max_depth": 3.0, "num_boost_round": 8.0}, "datetime": {"datetime": "2024-01-19 00:26:58", "elapsed": 915.835521, "delta": 0.002313}}
{"target": -17.677168391456032, "params": {"gamma": 550.040982596417, "log10_alpha": -3.656237875897152, "log10_colsample_bytree": -0.10219905605049917, "log10_eta": -3.795138290067555, "log10_lambda": -0.14442727246774822, "log10_min_child_weight": 1.426767495075734, "log10_subsample": -0.583622711052573, "max_depth": 3.0, "num_boost_round": 9.0}, "datetime": {"datetime": "2024-01-19 00:26:58", "elapsed": 915.837008, "delta": 0.001487}}
{"target": -17.677163061164244, "params": {"gamma": 550.040982596417, "log10_alpha": -3.656237875897152, "log10_colsample_bytree": -0.10219905605049917, "log10_eta": -3.795138290067555, "log10_lambda": -0.14442727246774822, "log10_min_child_weight": 1.426767495075734, "log10_subsample": -0.583622711052573, "max_depth": 3.0, "num_boost_round": 10.0}, "datetime": {"datetime": "2024-01-19 00:26:58", "elapsed": 915.838495, "delta": 0.001487}}
{"target": -17.67715702243232, "params": {"gamma": 550.040982596417, "log10_alpha": -3.656237875897152, "log10_colsample_bytree": -0.10219905605049917, "log10_eta": -3.795138290067555, "log10_lambda": -0.14442727246774822, "log10_min_child_weight": 1.426767495075734, "log10_subsample": -0.583622711052573, "max_depth": 3.0, "num_boost_round": 11.0}, "datetime": {"datetime": "2024-01-19 00:26:58", "elapsed": 915.839965, "delta": 0.00147}}
{"target": -17.677151673675947, "params": {"gamma": 550.040982596417, "log10_alpha": -3.656237875897152, "log10_colsample_bytree": -0.10219905605049917, "log10_eta": -3.795138290067555, "log10_lambda": -0.14442727246774822, "log10_min_child_weight": 1.426767495075734, "log10_subsample": -0.583622711052573, "max_depth": 3.0, "num_boost_round": 12.0}, "datetime": {"datetime": "2024-01-19 00:26:58", "elapsed": 915.84135, "delta": 0.001385}}
{"target": -17.677147437480677, "params": {"gamma": 550.040982596417, "log10_alpha": -3.656237875897152, "log10_colsample_bytree": -0.10219905605049917, "log10_eta": -3.795138290067555, "log10_lambda": -0.14442727246774822, "log10_min_child_weight": 1.426767495075734, "log10_subsample": -0.583622711052573, "max_depth": 3.0, "num_boost_round": 13.0}, "datetime": {"datetime": "2024-01-19 00:26:58", "elapsed": 915.842733, "delta": 0.001383}}
{"target": -17.67713933260695, "params": {"gamma": 550.040982596417, "log10_alpha": -3.656237875897152, "log10_colsample_bytree": -0.10219905605049917, "log10_eta": -3.795138290067555, "log10_lambda": -0.14442727246774822, "log10_min_child_weight": 1.426767495075734, "log10_subsample": -0.583622711052573, "max_depth": 3.0, "num_boost_round": 14.0}, "datetime": {"datetime": "2024-01-19 00:26:58", "elapsed": 915.844121, "delta": 0.001388}}
{"target": -17.67713419230638, "params": {"gamma": 550.040982596417, "log10_alpha": -3.656237875897152, "log10_colsample_bytree": -0.10219905605049917, "log10_eta": -3.795138290067555, "log10_lambda": -0.14442727246774822, "log10_min_child_weight": 1.426767495075734, "log10_subsample": -0.583622711052573, "max_depth": 3.0, "num_boost_round": 15.0}, "datetime": {"datetime": "2024-01-19 00:26:58", "elapsed": 915.845555, "delta": 0.001434}}
{"target": -17.67712618822778, "params": {"gamma": 550.040982596417, "log10_alpha": -3.656237875897152, "log10_colsample_bytree": -0.10219905605049917, "log10_eta": -3.795138290067555, "log10_lambda": -0.14442727246774822, "log10_min_child_weight": 1.426767495075734, "log10_subsample": -0.583622711052573, "max_depth": 3.0, "num_boost_round": 16.0}, "datetime": {"datetime": "2024-01-19 00:26:58", "elapsed": 915.847017, "delta": 0.001462}}
