{"target": -13.758526950284676, "params": {"gamma": 56.17711929297864, "log10_alpha": -0.2797577983453703, "log10_colsample_bytree": -0.2860542124450177, "log10_eta": -3.647355276453351, "log10_lambda": -4.583633339820271, "log10_min_child_weight": 4.958638895477118, "log10_subsample": -0.2909989294000481, "max_depth": 7.0, "num_boost_round": 21.0}, "datetime": {"datetime": "2024-01-19 01:32:59", "elapsed": 4887.159442, "delta": 0.00444}}
{"target": -13.758526733775781, "params": {"gamma": 56.17711929297864, "log10_alpha": -0.2797577983453703, "log10_colsample_bytree": -0.2860542124450177, "log10_eta": -3.647355276453351, "log10_lambda": -4.583633339820271, "log10_min_child_weight": 4.958638895477118, "log10_subsample": -0.2909989294000481, "max_depth": 7.0, "num_boost_round": 22.0}, "datetime": {"datetime": "2024-01-19 01:32:59", "elapsed": 4887.163968, "delta": 0.004526}}
{"target": -13.758525718156244, "params": {"gamma": 56.17711929297864, "log10_alpha": -0.2797577983453703, "log10_colsample_bytree": -0.2860542124450177, "log10_eta": -3.647355276453351, "log10_lambda": -4.583633339820271, "log10_min_child_weight": 4.958638895477118, "log10_subsample": -0.2909989294000481, "max_depth": 7.0, "num_boost_round": 23.0}, "datetime": {"datetime": "2024-01-19 01:32:59", "elapsed": 4887.16853, "delta": 0.004562}}
{"target": -13.758524825212541, "params": {"gamma": 56.17711929297864, "log10_alpha": -0.2797577983453703, "log10_colsample_bytree": -0.2860542124450177, "log10_eta": -3.647355276453351, "log10_lambda": -4.583633339820271, "log10_min_child_weight": 4.958638895477118, "log10_subsample": -0.2909989294000481, "max_depth": 7.0, "num_boost_round": 24.0}, "datetime": {"datetime": "2024-01-19 01:32:59", "elapsed": 4887.172932, "delta": 0.004402}}
{"target": -13.758523308839031, "params": {"gamma": 56.17711929297864, "log10_alpha": -0.2797577983453703, "log10_colsample_bytree": -0.2860542124450177, "log10_eta": -3.647355276453351, "log10_lambda": -4.583633339820271, "log10_min_child_weight": 4.958638895477118, "log10_subsample": -0.2909989294000481, "max_depth": 7.0, "num_boost_round": 25.0}, "datetime": {"datetime": "2024-01-19 01:32:59", "elapsed": 4887.177488, "delta": 0.004556}}
{"target": -13.758533913754354, "params": {"gamma": 61.774157224930406, "log10_alpha": -2.357034281344015, "log10_colsample_bytree": -0.2260508391980871, "log10_eta": -3.512891948803607, "log10_lambda": -4.685853069154353, "log10_min_child_weight": 0.05708205946323042, "log10_subsample": -0.5563631513606483, "max_depth": 5.0, "num_boost_round": 0.0}, "datetime": {"datetime": "2024-01-19 01:34:14", "elapsed": 4962.783614, "delta": 75.606126}}
{"target": -13.758522043733137, "params": {"gamma": 61.774157224930406, "log10_alpha": -2.357034281344015, "log10_colsample_bytree": -0.2260508391980871, "log10_eta": -3.512891948803607, "log10_lambda": -4.685853069154353, "log10_min_child_weight": 0.05708205946323042, "log10_subsample": -0.5563631513606483, "max_depth": 5.0, "num_boost_round": 1.0}, "datetime": {"datetime": "2024-01-19 01:34:14", "elapsed": 4962.789446, "delta": 0.005832}}
{"target": -13.758523800317656, "params": {"gamma": 61.774157224930406, "log10_alpha": -2.357034281344015, "log10_colsample_bytree": -0.2260508391980871, "log10_eta": -3.512891948803607, "log10_lambda": -4.685853069154353, "log10_min_child_weight": 0.05708205946323042, "log10_subsample": -0.5563631513606483, "max_depth": 5.0, "num_boost_round": 2.0}, "datetime": {"datetime": "2024-01-19 01:34:14", "elapsed": 4962.794446, "delta": 0.005}}
{"target": -13.758524440532556, "params": {"gamma": 61.774157224930406, "log10_alpha": -2.357034281344015, "log10_colsample_bytree": -0.2260508391980871, "log10_eta": -3.512891948803607, "log10_lambda": -4.685853069154353, "log10_min_child_weight": 0.05708205946323042, "log10_subsample": -0.5563631513606483, "max_depth": 5.0, "num_boost_round": 3.0}, "datetime": {"datetime": "2024-01-19 01:34:14", "elapsed": 4962.799155, "delta": 0.004709}}
{"target": -13.758505433644466, "params": {"gamma": 61.774157224930406, "log10_alpha": -2.357034281344015, "log10_colsample_bytree": -0.2260508391980871, "log10_eta": -3.512891948803607, "log10_lambda": -4.685853069154353, "log10_min_child_weight": 0.05708205946323042, "log10_subsample": -0.5563631513606483, "max_depth": 5.0, "num_boost_round": 4.0}, "datetime": {"datetime": "2024-01-19 01:34:14", "elapsed": 4962.80378, "delta": 0.004625}}
{"target": -13.75850134371021, "params": {"gamma": 61.774157224930406, "log10_alpha": -2.357034281344015, "log10_colsample_bytree": -0.2260508391980871, "log10_eta": -3.512891948803607, "log10_lambda": -4.685853069154353, "log10_min_child_weight": 0.05708205946323042, "log10_subsample": -0.5563631513606483, "max_depth": 5.0, "num_boost_round": 5.0}, "datetime": {"datetime": "2024-01-19 01:34:14", "elapsed": 4962.808809, "delta": 0.005029}}
{"target": -13.758495947735154, "params": {"gamma": 61.774157224930406, "log10_alpha": -2.357034281344015, "log10_colsample_bytree": -0.2260508391980871, "log10_eta": -3.512891948803607, "log10_lambda": -4.685853069154353, "log10_min_child_weight": 0.05708205946323042, "log10_subsample": -0.5563631513606483, "max_depth": 5.0, "num_boost_round": 6.0}, "datetime": {"datetime": "2024-01-19 01:34:14", "elapsed": 4962.813293, "delta": 0.004484}}
{"target": -13.758498035860747, "params": {"gamma": 61.774157224930406, "log10_alpha": -2.357034281344015, "log10_colsample_bytree": -0.2260508391980871, "log10_eta": -3.512891948803607, "log10_lambda": -4.685853069154353, "log10_min_child_weight": 0.05708205946323042, "log10_subsample": -0.5563631513606483, "max_depth": 5.0, "num_boost_round": 7.0}, "datetime": {"datetime": "2024-01-19 01:34:14", "elapsed": 4962.817819, "delta": 0.004526}}
{"target": -13.75850313617639, "params": {"gamma": 61.774157224930406, "log10_alpha": -2.357034281344015, "log10_colsample_bytree": -0.2260508391980871, "log10_eta": -3.512891948803607, "log10_lambda": -4.685853069154353, "log10_min_child_weight": 0.05708205946323042, "log10_subsample": -0.5563631513606483, "max_depth": 5.0, "num_boost_round": 8.0}, "datetime": {"datetime": "2024-01-19 01:34:14", "elapsed": 4962.822231, "delta": 0.004412}}
{"target": -13.75851257993665, "params": {"gamma": 61.774157224930406, "log10_alpha": -2.357034281344015, "log10_colsample_bytree": -0.2260508391980871, "log10_eta": -3.512891948803607, "log10_lambda": -4.685853069154353, "log10_min_child_weight": 0.05708205946323042, "log10_subsample": -0.5563631513606483, "max_depth": 5.0, "num_boost_round": 9.0}, "datetime": {"datetime": "2024-01-19 01:34:14", "elapsed": 4962.826635, "delta": 0.004404}}
{"target": -13.758504538891566, "params": {"gamma": 61.774157224930406, "log10_alpha": -2.357034281344015, "log10_colsample_bytree": -0.2260508391980871, "log10_eta": -3.512891948803607, "log10_lambda": -4.685853069154353, "log10_min_child_weight": 0.05708205946323042, "log10_subsample": -0.5563631513606483, "max_depth": 5.0, "num_boost_round": 10.0}, "datetime": {"datetime": "2024-01-19 01:34:14", "elapsed": 4962.831124, "delta": 0.004489}}
{"target": -13.78046083078724, "params": {"gamma": 35.77451760600703, "log10_alpha": -0.041409077845083075, "log10_colsample_bytree": -0.5437402013864066, "log10_eta": -0.291132427830219, "log10_lambda": -1.1984404202039824, "log10_min_child_weight": 3.586447361523218, "log10_subsample": -0.09602748956945051, "max_depth": 7.0, "num_boost_round": 0.0}, "datetime": {"datetime": "2024-01-19 01:35:12", "elapsed": 5020.351653, "delta": 57.520529}}
{"target": -13.781760958795056, "params": {"gamma": 35.77451760600703, "log10_alpha": -0.041409077845083075, "log10_colsample_bytree": -0.5437402013864066, "log10_eta": -0.291132427830219, "log10_lambda": -1.1984404202039824, "log10_min_child_weight": 3.586447361523218, "log10_subsample": -0.09602748956945051, "max_depth": 7.0, "num_boost_round": 1.0}, "datetime": {"datetime": "2024-01-19 01:35:12", "elapsed": 5020.356539, "delta": 0.004886}}
{"target": -13.79991358881211, "params": {"gamma": 35.77451760600703, "log10_alpha": -0.041409077845083075, "log10_colsample_bytree": -0.5437402013864066, "log10_eta": -0.291132427830219, "log10_lambda": -1.1984404202039824, "log10_min_child_weight": 3.586447361523218, "log10_subsample": -0.09602748956945051, "max_depth": 7.0, "num_boost_round": 2.0}, "datetime": {"datetime": "2024-01-19 01:35:12", "elapsed": 5020.361116, "delta": 0.004577}}
{"target": -13.813638558111746, "params": {"gamma": 35.77451760600703, "log10_alpha": -0.041409077845083075, "log10_colsample_bytree": -0.5437402013864066, "log10_eta": -0.291132427830219, "log10_lambda": -1.1984404202039824, "log10_min_child_weight": 3.586447361523218, "log10_subsample": -0.09602748956945051, "max_depth": 7.0, "num_boost_round": 3.0}, "datetime": {"datetime": "2024-01-19 01:35:12", "elapsed": 5020.365609, "delta": 0.004493}}
{"target": -13.826158000907647, "params": {"gamma": 35.77451760600703, "log10_alpha": -0.041409077845083075, "log10_colsample_bytree": -0.5437402013864066, "log10_eta": -0.291132427830219, "log10_lambda": -1.1984404202039824, "log10_min_child_weight": 3.586447361523218, "log10_subsample": -0.09602748956945051, "max_depth": 7.0, "num_boost_round": 4.0}, "datetime": {"datetime": "2024-01-19 01:35:12", "elapsed": 5020.370167, "delta": 0.004558}}
{"target": -13.857600795656246, "params": {"gamma": 35.77451760600703, "log10_alpha": -0.041409077845083075, "log10_colsample_bytree": -0.5437402013864066, "log10_eta": -0.291132427830219, "log10_lambda": -1.1984404202039824, "log10_min_child_weight": 3.586447361523218, "log10_subsample": -0.09602748956945051, "max_depth": 7.0, "num_boost_round": 5.0}, "datetime": {"datetime": "2024-01-19 01:35:12", "elapsed": 5020.374596, "delta": 0.004429}}
{"target": -13.873293946262622, "params": {"gamma": 35.77451760600703, "log10_alpha": -0.041409077845083075, "log10_colsample_bytree": -0.5437402013864066, "log10_eta": -0.291132427830219, "log10_lambda": -1.1984404202039824, "log10_min_child_weight": 3.586447361523218, "log10_subsample": -0.09602748956945051, "max_depth": 7.0, "num_boost_round": 6.0}, "datetime": {"datetime": "2024-01-19 01:35:12", "elapsed": 5020.379141, "delta": 0.004545}}
{"target": -13.944180265128642, "params": {"gamma": 35.77451760600703, "log10_alpha": -0.041409077845083075, "log10_colsample_bytree": -0.5437402013864066, "log10_eta": -0.291132427830219, "log10_lambda": -1.1984404202039824, "log10_min_child_weight": 3.586447361523218, "log10_subsample": -0.09602748956945051, "max_depth": 7.0, "num_boost_round": 7.0}, "datetime": {"datetime": "2024-01-19 01:35:12", "elapsed": 5020.383603, "delta": 0.004462}}
{"target": -13.972106906310165, "params": {"gamma": 35.77451760600703, "log10_alpha": -0.041409077845083075, "log10_colsample_bytree": -0.5437402013864066, "log10_eta": -0.291132427830219, "log10_lambda": -1.1984404202039824, "log10_min_child_weight": 3.586447361523218, "log10_subsample": -0.09602748956945051, "max_depth": 7.0, "num_boost_round": 8.0}, "datetime": {"datetime": "2024-01-19 01:35:12", "elapsed": 5020.38805, "delta": 0.004447}}
{"target": -13.987138619099584, "params": {"gamma": 35.77451760600703, "log10_alpha": -0.041409077845083075, "log10_colsample_bytree": -0.5437402013864066, "log10_eta": -0.291132427830219, "log10_lambda": -1.1984404202039824, "log10_min_child_weight": 3.586447361523218, "log10_subsample": -0.09602748956945051, "max_depth": 7.0, "num_boost_round": 9.0}, "datetime": {"datetime": "2024-01-19 01:35:12", "elapsed": 5020.392815, "delta": 0.004765}}
{"target": -14.009298943599248, "params": {"gamma": 35.77451760600703, "log10_alpha": -0.041409077845083075, "log10_colsample_bytree": -0.5437402013864066, "log10_eta": -0.291132427830219, "log10_lambda": -1.1984404202039824, "log10_min_child_weight": 3.586447361523218, "log10_subsample": -0.09602748956945051, "max_depth": 7.0, "num_boost_round": 10.0}, "datetime": {"datetime": "2024-01-19 01:35:12", "elapsed": 5020.397332, "delta": 0.004517}}
{"target": -14.027686124733238, "params": {"gamma": 35.77451760600703, "log10_alpha": -0.041409077845083075, "log10_colsample_bytree": -0.5437402013864066, "log10_eta": -0.291132427830219, "log10_lambda": -1.1984404202039824, "log10_min_child_weight": 3.586447361523218, "log10_subsample": -0.09602748956945051, "max_depth": 7.0, "num_boost_round": 11.0}, "datetime": {"datetime": "2024-01-19 01:35:12", "elapsed": 5020.401915, "delta": 0.004583}}
{"target": -14.034261268723107, "params": {"gamma": 35.77451760600703, "log10_alpha": -0.041409077845083075, "log10_colsample_bytree": -0.5437402013864066, "log10_eta": -0.291132427830219, "log10_lambda": -1.1984404202039824, "log10_min_child_weight": 3.586447361523218, "log10_subsample": -0.09602748956945051, "max_depth": 7.0, "num_boost_round": 12.0}, "datetime": {"datetime": "2024-01-19 01:35:12", "elapsed": 5020.406533, "delta": 0.004618}}
{"target": -14.053208300604519, "params": {"gamma": 35.77451760600703, "log10_alpha": -0.041409077845083075, "log10_colsample_bytree": -0.5437402013864066, "log10_eta": -0.291132427830219, "log10_lambda": -1.1984404202039824, "log10_min_child_weight": 3.586447361523218, "log10_subsample": -0.09602748956945051, "max_depth": 7.0, "num_boost_round": 13.0}, "datetime": {"datetime": "2024-01-19 01:35:12", "elapsed": 5020.411127, "delta": 0.004594}}
{"target": -14.059853163289148, "params": {"gamma": 35.77451760600703, "log10_alpha": -0.041409077845083075, "log10_colsample_bytree": -0.5437402013864066, "log10_eta": -0.291132427830219, "log10_lambda": -1.1984404202039824, "log10_min_child_weight": 3.586447361523218, "log10_subsample": -0.09602748956945051, "max_depth": 7.0, "num_boost_round": 14.0}, "datetime": {"datetime": "2024-01-19 01:35:12", "elapsed": 5020.415672, "delta": 0.004545}}
{"target": -14.068780571494703, "params": {"gamma": 35.77451760600703, "log10_alpha": -0.041409077845083075, "log10_colsample_bytree": -0.5437402013864066, "log10_eta": -0.291132427830219, "log10_lambda": -1.1984404202039824, "log10_min_child_weight": 3.586447361523218, "log10_subsample": -0.09602748956945051, "max_depth": 7.0, "num_boost_round": 15.0}, "datetime": {"datetime": "2024-01-19 01:35:12", "elapsed": 5020.420177, "delta": 0.004505}}
{"target": -14.07354077074647, "params": {"gamma": 35.77451760600703, "log10_alpha": -0.041409077845083075, "log10_colsample_bytree": -0.5437402013864066, "log10_eta": -0.291132427830219, "log10_lambda": -1.1984404202039824, "log10_min_child_weight": 3.586447361523218, "log10_subsample": -0.09602748956945051, "max_depth": 7.0, "num_boost_round": 16.0}, "datetime": {"datetime": "2024-01-19 01:35:12", "elapsed": 5020.424677, "delta": 0.0045}}
{"target": -14.08033528766778, "params": {"gamma": 35.77451760600703, "log10_alpha": -0.041409077845083075, "log10_colsample_bytree": -0.5437402013864066, "log10_eta": -0.291132427830219, "log10_lambda": -1.1984404202039824, "log10_min_child_weight": 3.586447361523218, "log10_subsample": -0.09602748956945051, "max_depth": 7.0, "num_boost_round": 17.0}, "datetime": {"datetime": "2024-01-19 01:35:12", "elapsed": 5020.429323, "delta": 0.004646}}
{"target": -14.093409807943365, "params": {"gamma": 35.77451760600703, "log10_alpha": -0.041409077845083075, "log10_colsample_bytree": -0.5437402013864066, "log10_eta": -0.291132427830219, "log10_lambda": -1.1984404202039824, "log10_min_child_weight": 3.586447361523218, "log10_subsample": -0.09602748956945051, "max_depth": 7.0, "num_boost_round": 18.0}, "datetime": {"datetime": "2024-01-19 01:35:12", "elapsed": 5020.433847, "delta": 0.004524}}
{"target": -14.105122322169942, "params": {"gamma": 35.77451760600703, "log10_alpha": -0.041409077845083075, "log10_colsample_bytree": -0.5437402013864066, "log10_eta": -0.291132427830219, "log10_lambda": -1.1984404202039824, "log10_min_child_weight": 3.586447361523218, "log10_subsample": -0.09602748956945051, "max_depth": 7.0, "num_boost_round": 19.0}, "datetime": {"datetime": "2024-01-19 01:35:12", "elapsed": 5020.438686, "delta": 0.004839}}
{"target": -14.113903232205883, "params": {"gamma": 35.77451760600703, "log10_alpha": -0.041409077845083075, "log10_colsample_bytree": -0.5437402013864066, "log10_eta": -0.291132427830219, "log10_lambda": -1.1984404202039824, "log10_min_child_weight": 3.586447361523218, "log10_subsample": -0.09602748956945051, "max_depth": 7.0, "num_boost_round": 20.0}, "datetime": {"datetime": "2024-01-19 01:35:12", "elapsed": 5020.443277, "delta": 0.004591}}
{"target": -14.128826193778007, "params": {"gamma": 35.77451760600703, "log10_alpha": -0.041409077845083075, "log10_colsample_bytree": -0.5437402013864066, "log10_eta": -0.291132427830219, "log10_lambda": -1.1984404202039824, "log10_min_child_weight": 3.586447361523218, "log10_subsample": -0.09602748956945051, "max_depth": 7.0, "num_boost_round": 21.0}, "datetime": {"datetime": "2024-01-19 01:35:12", "elapsed": 5020.447732, "delta": 0.004455}}
{"target": -14.130261964124477, "params": {"gamma": 35.77451760600703, "log10_alpha": -0.041409077845083075, "log10_colsample_bytree": -0.5437402013864066, "log10_eta": -0.291132427830219, "log10_lambda": -1.1984404202039824, "log10_min_child_weight": 3.586447361523218, "log10_subsample": -0.09602748956945051, "max_depth": 7.0, "num_boost_round": 22.0}, "datetime": {"datetime": "2024-01-19 01:35:12", "elapsed": 5020.452287, "delta": 0.004555}}
{"target": -14.176087840861257, "params": {"gamma": 35.77451760600703, "log10_alpha": -0.041409077845083075, "log10_colsample_bytree": -0.5437402013864066, "log10_eta": -0.291132427830219, "log10_lambda": -1.1984404202039824, "log10_min_child_weight": 3.586447361523218, "log10_subsample": -0.09602748956945051, "max_depth": 7.0, "num_boost_round": 23.0}, "datetime": {"datetime": "2024-01-19 01:35:12", "elapsed": 5020.456807, "delta": 0.00452}}
{"target": -14.177351620586643, "params": {"gamma": 35.77451760600703, "log10_alpha": -0.041409077845083075, "log10_colsample_bytree": -0.5437402013864066, "log10_eta": -0.291132427830219, "log10_lambda": -1.1984404202039824, "log10_min_child_weight": 3.586447361523218, "log10_subsample": -0.09602748956945051, "max_depth": 7.0, "num_boost_round": 24.0}, "datetime": {"datetime": "2024-01-19 01:35:12", "elapsed": 5020.461249, "delta": 0.004442}}
{"target": -14.211550384828806, "params": {"gamma": 35.77451760600703, "log10_alpha": -0.041409077845083075, "log10_colsample_bytree": -0.5437402013864066, "log10_eta": -0.291132427830219, "log10_lambda": -1.1984404202039824, "log10_min_child_weight": 3.586447361523218, "log10_subsample": -0.09602748956945051, "max_depth": 7.0, "num_boost_round": 25.0}, "datetime": {"datetime": "2024-01-19 01:35:12", "elapsed": 5020.46571, "delta": 0.004461}}
{"target": -14.218266991078515, "params": {"gamma": 35.77451760600703, "log10_alpha": -0.041409077845083075, "log10_colsample_bytree": -0.5437402013864066, "log10_eta": -0.291132427830219, "log10_lambda": -1.1984404202039824, "log10_min_child_weight": 3.586447361523218, "log10_subsample": -0.09602748956945051, "max_depth": 7.0, "num_boost_round": 26.0}, "datetime": {"datetime": "2024-01-19 01:35:12", "elapsed": 5020.470235, "delta": 0.004525}}
{"target": -14.22973575009501, "params": {"gamma": 35.77451760600703, "log10_alpha": -0.041409077845083075, "log10_colsample_bytree": -0.5437402013864066, "log10_eta": -0.291132427830219, "log10_lambda": -1.1984404202039824, "log10_min_child_weight": 3.586447361523218, "log10_subsample": -0.09602748956945051, "max_depth": 7.0, "num_boost_round": 27.0}, "datetime": {"datetime": "2024-01-19 01:35:12", "elapsed": 5020.474826, "delta": 0.004591}}
{"target": -14.22950328353324, "params": {"gamma": 35.77451760600703, "log10_alpha": -0.041409077845083075, "log10_colsample_bytree": -0.5437402013864066, "log10_eta": -0.291132427830219, "log10_lambda": -1.1984404202039824, "log10_min_child_weight": 3.586447361523218, "log10_subsample": -0.09602748956945051, "max_depth": 7.0, "num_boost_round": 28.0}, "datetime": {"datetime": "2024-01-19 01:35:12", "elapsed": 5020.479287, "delta": 0.004461}}
{"target": -14.247271083406279, "params": {"gamma": 35.77451760600703, "log10_alpha": -0.041409077845083075, "log10_colsample_bytree": -0.5437402013864066, "log10_eta": -0.291132427830219, "log10_lambda": -1.1984404202039824, "log10_min_child_weight": 3.586447361523218, "log10_subsample": -0.09602748956945051, "max_depth": 7.0, "num_boost_round": 29.0}, "datetime": {"datetime": "2024-01-19 01:35:12", "elapsed": 5020.483736, "delta": 0.004449}}
{"target": -14.25142616037368, "params": {"gamma": 35.77451760600703, "log10_alpha": -0.041409077845083075, "log10_colsample_bytree": -0.5437402013864066, "log10_eta": -0.291132427830219, "log10_lambda": -1.1984404202039824, "log10_min_child_weight": 3.586447361523218, "log10_subsample": -0.09602748956945051, "max_depth": 7.0, "num_boost_round": 30.0}, "datetime": {"datetime": "2024-01-19 01:35:12", "elapsed": 5020.488245, "delta": 0.004509}}
{"target": -14.244321117077005, "params": {"gamma": 35.77451760600703, "log10_alpha": -0.041409077845083075, "log10_colsample_bytree": -0.5437402013864066, "log10_eta": -0.291132427830219, "log10_lambda": -1.1984404202039824, "log10_min_child_weight": 3.586447361523218, "log10_subsample": -0.09602748956945051, "max_depth": 7.0, "num_boost_round": 31.0}, "datetime": {"datetime": "2024-01-19 01:35:12", "elapsed": 5020.492949, "delta": 0.004704}}
{"target": -14.250770304836115, "params": {"gamma": 35.77451760600703, "log10_alpha": -0.041409077845083075, "log10_colsample_bytree": -0.5437402013864066, "log10_eta": -0.291132427830219, "log10_lambda": -1.1984404202039824, "log10_min_child_weight": 3.586447361523218, "log10_subsample": -0.09602748956945051, "max_depth": 7.0, "num_boost_round": 32.0}, "datetime": {"datetime": "2024-01-19 01:35:12", "elapsed": 5020.497697, "delta": 0.004748}}
