{"target": -17.67677849584555, "params": {"gamma": 423.5631654764845, "log10_alpha": -3.5267923467575857, "log10_colsample_bytree": -0.39754856928010696, "log10_eta": -2.7403957194073643, "log10_lambda": -4.154741679423896, "log10_min_child_weight": 0.16141215568332867, "log10_subsample": -0.5181189986122959, "max_depth": 4.0, "num_boost_round": 5.0}, "datetime": {"datetime": "2024-01-19 02:42:40", "elapsed": 9064.712436, "delta": 0.00506}}
{"target": -17.676750248737882, "params": {"gamma": 423.5631654764845, "log10_alpha": -3.5267923467575857, "log10_colsample_bytree": -0.39754856928010696, "log10_eta": -2.7403957194073643, "log10_lambda": -4.154741679423896, "log10_min_child_weight": 0.16141215568332867, "log10_subsample": -0.5181189986122959, "max_depth": 4.0, "num_boost_round": 6.0}, "datetime": {"datetime": "2024-01-19 02:42:40", "elapsed": 9064.71758, "delta": 0.005144}}
{"target": -17.67667744717734, "params": {"gamma": 423.5631654764845, "log10_alpha": -3.5267923467575857, "log10_colsample_bytree": -0.39754856928010696, "log10_eta": -2.7403957194073643, "log10_lambda": -4.154741679423896, "log10_min_child_weight": 0.16141215568332867, "log10_subsample": -0.5181189986122959, "max_depth": 4.0, "num_boost_round": 7.0}, "datetime": {"datetime": "2024-01-19 02:42:40", "elapsed": 9064.722625, "delta": 0.005045}}
{"target": -17.676635990134574, "params": {"gamma": 423.5631654764845, "log10_alpha": -3.5267923467575857, "log10_colsample_bytree": -0.39754856928010696, "log10_eta": -2.7403957194073643, "log10_lambda": -4.154741679423896, "log10_min_child_weight": 0.16141215568332867, "log10_subsample": -0.5181189986122959, "max_depth": 4.0, "num_boost_round": 8.0}, "datetime": {"datetime": "2024-01-19 02:42:40", "elapsed": 9064.727549, "delta": 0.004924}}
{"target": -17.67658681610113, "params": {"gamma": 423.5631654764845, "log10_alpha": -3.5267923467575857, "log10_colsample_bytree": -0.39754856928010696, "log10_eta": -2.7403957194073643, "log10_lambda": -4.154741679423896, "log10_min_child_weight": 0.16141215568332867, "log10_subsample": -0.5181189986122959, "max_depth": 4.0, "num_boost_round": 9.0}, "datetime": {"datetime": "2024-01-19 02:42:40", "elapsed": 9064.732579, "delta": 0.00503}}
{"target": -17.676494092788197, "params": {"gamma": 423.5631654764845, "log10_alpha": -3.5267923467575857, "log10_colsample_bytree": -0.39754856928010696, "log10_eta": -2.7403957194073643, "log10_lambda": -4.154741679423896, "log10_min_child_weight": 0.16141215568332867, "log10_subsample": -0.5181189986122959, "max_depth": 4.0, "num_boost_round": 10.0}, "datetime": {"datetime": "2024-01-19 02:42:40", "elapsed": 9064.737762, "delta": 0.005183}}
{"target": -17.67646279479779, "params": {"gamma": 423.5631654764845, "log10_alpha": -3.5267923467575857, "log10_colsample_bytree": -0.39754856928010696, "log10_eta": -2.7403957194073643, "log10_lambda": -4.154741679423896, "log10_min_child_weight": 0.16141215568332867, "log10_subsample": -0.5181189986122959, "max_depth": 4.0, "num_boost_round": 11.0}, "datetime": {"datetime": "2024-01-19 02:42:40", "elapsed": 9064.742694, "delta": 0.004932}}
{"target": -17.676375259037247, "params": {"gamma": 423.5631654764845, "log10_alpha": -3.5267923467575857, "log10_colsample_bytree": -0.39754856928010696, "log10_eta": -2.7403957194073643, "log10_lambda": -4.154741679423896, "log10_min_child_weight": 0.16141215568332867, "log10_subsample": -0.5181189986122959, "max_depth": 4.0, "num_boost_round": 12.0}, "datetime": {"datetime": "2024-01-19 02:42:40", "elapsed": 9064.747696, "delta": 0.005002}}
{"target": -17.67631351172657, "params": {"gamma": 423.5631654764845, "log10_alpha": -3.5267923467575857, "log10_colsample_bytree": -0.39754856928010696, "log10_eta": -2.7403957194073643, "log10_lambda": -4.154741679423896, "log10_min_child_weight": 0.16141215568332867, "log10_subsample": -0.5181189986122959, "max_depth": 4.0, "num_boost_round": 13.0}, "datetime": {"datetime": "2024-01-19 02:42:40", "elapsed": 9064.752724, "delta": 0.005028}}
{"target": -17.676310273591156, "params": {"gamma": 423.5631654764845, "log10_alpha": -3.5267923467575857, "log10_colsample_bytree": -0.39754856928010696, "log10_eta": -2.7403957194073643, "log10_lambda": -4.154741679423896, "log10_min_child_weight": 0.16141215568332867, "log10_subsample": -0.5181189986122959, "max_depth": 4.0, "num_boost_round": 14.0}, "datetime": {"datetime": "2024-01-19 02:42:40", "elapsed": 9064.757732, "delta": 0.005008}}
{"target": -17.676323934054253, "params": {"gamma": 423.5631654764845, "log10_alpha": -3.5267923467575857, "log10_colsample_bytree": -0.39754856928010696, "log10_eta": -2.7403957194073643, "log10_lambda": -4.154741679423896, "log10_min_child_weight": 0.16141215568332867, "log10_subsample": -0.5181189986122959, "max_depth": 4.0, "num_boost_round": 15.0}, "datetime": {"datetime": "2024-01-19 02:42:40", "elapsed": 9064.762811, "delta": 0.005079}}
{"target": -17.67626553707964, "params": {"gamma": 423.5631654764845, "log10_alpha": -3.5267923467575857, "log10_colsample_bytree": -0.39754856928010696, "log10_eta": -2.7403957194073643, "log10_lambda": -4.154741679423896, "log10_min_child_weight": 0.16141215568332867, "log10_subsample": -0.5181189986122959, "max_depth": 4.0, "num_boost_round": 16.0}, "datetime": {"datetime": "2024-01-19 02:42:40", "elapsed": 9064.768036, "delta": 0.005225}}
{"target": -17.676263024935917, "params": {"gamma": 423.5631654764845, "log10_alpha": -3.5267923467575857, "log10_colsample_bytree": -0.39754856928010696, "log10_eta": -2.7403957194073643, "log10_lambda": -4.154741679423896, "log10_min_child_weight": 0.16141215568332867, "log10_subsample": -0.5181189986122959, "max_depth": 4.0, "num_boost_round": 17.0}, "datetime": {"datetime": "2024-01-19 02:42:40", "elapsed": 9064.772993, "delta": 0.004957}}
{"target": -17.677229946491885, "params": {"gamma": 426.3064584568169, "log10_alpha": -3.755339062574402, "log10_colsample_bytree": -0.3273005302628905, "log10_eta": -3.1495457648441954, "log10_lambda": -1.0418183486449784, "log10_min_child_weight": 4.230552127660912, "log10_subsample": -0.612467618624371, "max_depth": 5.0, "num_boost_round": 0.0}, "datetime": {"datetime": "2024-01-19 02:44:16", "elapsed": 9160.979741, "delta": 96.206748}}
{"target": -17.677225330827444, "params": {"gamma": 426.3064584568169, "log10_alpha": -3.755339062574402, "log10_colsample_bytree": -0.3273005302628905, "log10_eta": -3.1495457648441954, "log10_lambda": -1.0418183486449784, "log10_min_child_weight": 4.230552127660912, "log10_subsample": -0.612467618624371, "max_depth": 5.0, "num_boost_round": 1.0}, "datetime": {"datetime": "2024-01-19 02:44:16", "elapsed": 9160.985285, "delta": 0.005544}}
{"target": -17.677227601228317, "params": {"gamma": 426.3064584568169, "log10_alpha": -3.755339062574402, "log10_colsample_bytree": -0.3273005302628905, "log10_eta": -3.1495457648441954, "log10_lambda": -1.0418183486449784, "log10_min_child_weight": 4.230552127660912, "log10_subsample": -0.612467618624371, "max_depth": 5.0, "num_boost_round": 2.0}, "datetime": {"datetime": "2024-01-19 02:44:16", "elapsed": 9160.990352, "delta": 0.005067}}
{"target": -17.6772302953685, "params": {"gamma": 426.3064584568169, "log10_alpha": -3.755339062574402, "log10_colsample_bytree": -0.3273005302628905, "log10_eta": -3.1495457648441954, "log10_lambda": -1.0418183486449784, "log10_min_child_weight": 4.230552127660912, "log10_subsample": -0.612467618624371, "max_depth": 5.0, "num_boost_round": 3.0}, "datetime": {"datetime": "2024-01-19 02:44:16", "elapsed": 9160.995383, "delta": 0.005031}}
{"target": -17.67722685660173, "params": {"gamma": 426.3064584568169, "log10_alpha": -3.755339062574402, "log10_colsample_bytree": -0.3273005302628905, "log10_eta": -3.1495457648441954, "log10_lambda": -1.0418183486449784, "log10_min_child_weight": 4.230552127660912, "log10_subsample": -0.612467618624371, "max_depth": 5.0, "num_boost_round": 4.0}, "datetime": {"datetime": "2024-01-19 02:44:16", "elapsed": 9161.000377, "delta": 0.004994}}
{"target": -17.67722178885903, "params": {"gamma": 426.3064584568169, "log10_alpha": -3.755339062574402, "log10_colsample_bytree": -0.3273005302628905, "log10_eta": -3.1495457648441954, "log10_lambda": -1.0418183486449784, "log10_min_child_weight": 4.230552127660912, "log10_subsample": -0.612467618624371, "max_depth": 5.0, "num_boost_round": 5.0}, "datetime": {"datetime": "2024-01-19 02:44:16", "elapsed": 9161.005554, "delta": 0.005177}}
{"target": -17.677216048977588, "params": {"gamma": 426.3064584568169, "log10_alpha": -3.755339062574402, "log10_colsample_bytree": -0.3273005302628905, "log10_eta": -3.1495457648441954, "log10_lambda": -1.0418183486449784, "log10_min_child_weight": 4.230552127660912, "log10_subsample": -0.612467618624371, "max_depth": 5.0, "num_boost_round": 6.0}, "datetime": {"datetime": "2024-01-19 02:44:16", "elapsed": 9161.010815, "delta": 0.005261}}
{"target": -17.67720849673391, "params": {"gamma": 426.3064584568169, "log10_alpha": -3.755339062574402, "log10_colsample_bytree": -0.3273005302628905, "log10_eta": -3.1495457648441954, "log10_lambda": -1.0418183486449784, "log10_min_child_weight": 4.230552127660912, "log10_subsample": -0.612467618624371, "max_depth": 5.0, "num_boost_round": 7.0}, "datetime": {"datetime": "2024-01-19 02:44:16", "elapsed": 9161.015816, "delta": 0.005001}}
{"target": -17.677205224585173, "params": {"gamma": 426.3064584568169, "log10_alpha": -3.755339062574402, "log10_colsample_bytree": -0.3273005302628905, "log10_eta": -3.1495457648441954, "log10_lambda": -1.0418183486449784, "log10_min_child_weight": 4.230552127660912, "log10_subsample": -0.612467618624371, "max_depth": 5.0, "num_boost_round": 8.0}, "datetime": {"datetime": "2024-01-19 02:44:16", "elapsed": 9161.020816, "delta": 0.005}}
{"target": -17.677200380821258, "params": {"gamma": 426.3064584568169, "log10_alpha": -3.755339062574402, "log10_colsample_bytree": -0.3273005302628905, "log10_eta": -3.1495457648441954, "log10_lambda": -1.0418183486449784, "log10_min_child_weight": 4.230552127660912, "log10_subsample": -0.612467618624371, "max_depth": 5.0, "num_boost_round": 9.0}, "datetime": {"datetime": "2024-01-19 02:44:16", "elapsed": 9161.025819, "delta": 0.005003}}
{"target": -17.67719014893674, "params": {"gamma": 426.3064584568169, "log10_alpha": -3.755339062574402, "log10_colsample_bytree": -0.3273005302628905, "log10_eta": -3.1495457648441954, "log10_lambda": -1.0418183486449784, "log10_min_child_weight": 4.230552127660912, "log10_subsample": -0.612467618624371, "max_depth": 5.0, "num_boost_round": 10.0}, "datetime": {"datetime": "2024-01-19 02:44:16", "elapsed": 9161.030808, "delta": 0.004989}}
{"target": -17.677179387966408, "params": {"gamma": 426.3064584568169, "log10_alpha": -3.755339062574402, "log10_colsample_bytree": -0.3273005302628905, "log10_eta": -3.1495457648441954, "log10_lambda": -1.0418183486449784, "log10_min_child_weight": 4.230552127660912, "log10_subsample": -0.612467618624371, "max_depth": 5.0, "num_boost_round": 11.0}, "datetime": {"datetime": "2024-01-19 02:44:16", "elapsed": 9161.035924, "delta": 0.005116}}
{"target": -17.677183141051987, "params": {"gamma": 426.3064584568169, "log10_alpha": -3.755339062574402, "log10_colsample_bytree": -0.3273005302628905, "log10_eta": -3.1495457648441954, "log10_lambda": -1.0418183486449784, "log10_min_child_weight": 4.230552127660912, "log10_subsample": -0.612467618624371, "max_depth": 5.0, "num_boost_round": 12.0}, "datetime": {"datetime": "2024-01-19 02:44:16", "elapsed": 9161.041175, "delta": 0.005251}}
{"target": -17.67719364259089, "params": {"gamma": 426.3064584568169, "log10_alpha": -3.755339062574402, "log10_colsample_bytree": -0.3273005302628905, "log10_eta": -3.1495457648441954, "log10_lambda": -1.0418183486449784, "log10_min_child_weight": 4.230552127660912, "log10_subsample": -0.612467618624371, "max_depth": 5.0, "num_boost_round": 13.0}, "datetime": {"datetime": "2024-01-19 02:44:16", "elapsed": 9161.046286, "delta": 0.005111}}
{"target": -17.677181894036718, "params": {"gamma": 426.3064584568169, "log10_alpha": -3.755339062574402, "log10_colsample_bytree": -0.3273005302628905, "log10_eta": -3.1495457648441954, "log10_lambda": -1.0418183486449784, "log10_min_child_weight": 4.230552127660912, "log10_subsample": -0.612467618624371, "max_depth": 5.0, "num_boost_round": 14.0}, "datetime": {"datetime": "2024-01-19 02:44:16", "elapsed": 9161.051227, "delta": 0.004941}}
{"target": -17.67716986732446, "params": {"gamma": 426.3064584568169, "log10_alpha": -3.755339062574402, "log10_colsample_bytree": -0.3273005302628905, "log10_eta": -3.1495457648441954, "log10_lambda": -1.0418183486449784, "log10_min_child_weight": 4.230552127660912, "log10_subsample": -0.612467618624371, "max_depth": 5.0, "num_boost_round": 15.0}, "datetime": {"datetime": "2024-01-19 02:44:16", "elapsed": 9161.056236, "delta": 0.005009}}
{"target": -17.67717080257673, "params": {"gamma": 426.3064584568169, "log10_alpha": -3.755339062574402, "log10_colsample_bytree": -0.3273005302628905, "log10_eta": -3.1495457648441954, "log10_lambda": -1.0418183486449784, "log10_min_child_weight": 4.230552127660912, "log10_subsample": -0.612467618624371, "max_depth": 5.0, "num_boost_round": 16.0}, "datetime": {"datetime": "2024-01-19 02:44:16", "elapsed": 9161.061233, "delta": 0.004997}}
{"target": -17.677173066563, "params": {"gamma": 426.3064584568169, "log10_alpha": -3.755339062574402, "log10_colsample_bytree": -0.3273005302628905, "log10_eta": -3.1495457648441954, "log10_lambda": -1.0418183486449784, "log10_min_child_weight": 4.230552127660912, "log10_subsample": -0.612467618624371, "max_depth": 5.0, "num_boost_round": 17.0}, "datetime": {"datetime": "2024-01-19 02:44:16", "elapsed": 9161.066326, "delta": 0.005093}}
{"target": -17.677166655092122, "params": {"gamma": 426.3064584568169, "log10_alpha": -3.755339062574402, "log10_colsample_bytree": -0.3273005302628905, "log10_eta": -3.1495457648441954, "log10_lambda": -1.0418183486449784, "log10_min_child_weight": 4.230552127660912, "log10_subsample": -0.612467618624371, "max_depth": 5.0, "num_boost_round": 18.0}, "datetime": {"datetime": "2024-01-19 02:44:16", "elapsed": 9161.071572, "delta": 0.005246}}
{"target": -17.67715184569331, "params": {"gamma": 426.3064584568169, "log10_alpha": -3.755339062574402, "log10_colsample_bytree": -0.3273005302628905, "log10_eta": -3.1495457648441954, "log10_lambda": -1.0418183486449784, "log10_min_child_weight": 4.230552127660912, "log10_subsample": -0.612467618624371, "max_depth": 5.0, "num_boost_round": 19.0}, "datetime": {"datetime": "2024-01-19 02:44:16", "elapsed": 9161.076557, "delta": 0.004985}}
{"target": -17.677139168335465, "params": {"gamma": 426.3064584568169, "log10_alpha": -3.755339062574402, "log10_colsample_bytree": -0.3273005302628905, "log10_eta": -3.1495457648441954, "log10_lambda": -1.0418183486449784, "log10_min_child_weight": 4.230552127660912, "log10_subsample": -0.612467618624371, "max_depth": 5.0, "num_boost_round": 20.0}, "datetime": {"datetime": "2024-01-19 02:44:16", "elapsed": 9161.081558, "delta": 0.005001}}
{"target": -17.677243548318533, "params": {"gamma": 412.15419360335846, "log10_alpha": -0.08967262148927446, "log10_colsample_bytree": -0.34046922640633304, "log10_eta": -3.1620248303853207, "log10_lambda": -3.4217152085913964, "log10_min_child_weight": 0.20998884926703043, "log10_subsample": -0.27932033087427466, "max_depth": 8.0, "num_boost_round": 0.0}, "datetime": {"datetime": "2024-01-19 02:46:12", "elapsed": 9277.001858, "delta": 115.9203}}
{"target": -17.67719962540098, "params": {"gamma": 412.15419360335846, "log10_alpha": -0.08967262148927446, "log10_colsample_bytree": -0.34046922640633304, "log10_eta": -3.1620248303853207, "log10_lambda": -3.4217152085913964, "log10_min_child_weight": 0.20998884926703043, "log10_subsample": -0.27932033087427466, "max_depth": 8.0, "num_boost_round": 1.0}, "datetime": {"datetime": "2024-01-19 02:46:12", "elapsed": 9277.007677, "delta": 0.005819}}
{"target": -17.677159348333113, "params": {"gamma": 412.15419360335846, "log10_alpha": -0.08967262148927446, "log10_colsample_bytree": -0.34046922640633304, "log10_eta": -3.1620248303853207, "log10_lambda": -3.4217152085913964, "log10_min_child_weight": 0.20998884926703043, "log10_subsample": -0.27932033087427466, "max_depth": 8.0, "num_boost_round": 2.0}, "datetime": {"datetime": "2024-01-19 02:46:12", "elapsed": 9277.012821, "delta": 0.005144}}
{"target": -17.677143942124854, "params": {"gamma": 412.15419360335846, "log10_alpha": -0.08967262148927446, "log10_colsample_bytree": -0.34046922640633304, "log10_eta": -3.1620248303853207, "log10_lambda": -3.4217152085913964, "log10_min_child_weight": 0.20998884926703043, "log10_subsample": -0.27932033087427466, "max_depth": 8.0, "num_boost_round": 3.0}, "datetime": {"datetime": "2024-01-19 02:46:12", "elapsed": 9277.017848, "delta": 0.005027}}
{"target": -17.677143392880808, "params": {"gamma": 412.15419360335846, "log10_alpha": -0.08967262148927446, "log10_colsample_bytree": -0.34046922640633304, "log10_eta": -3.1620248303853207, "log10_lambda": -3.4217152085913964, "log10_min_child_weight": 0.20998884926703043, "log10_subsample": -0.27932033087427466, "max_depth": 8.0, "num_boost_round": 4.0}, "datetime": {"datetime": "2024-01-19 02:46:12", "elapsed": 9277.022933, "delta": 0.005085}}
{"target": -17.67708095525898, "params": {"gamma": 412.15419360335846, "log10_alpha": -0.08967262148927446, "log10_colsample_bytree": -0.34046922640633304, "log10_eta": -3.1620248303853207, "log10_lambda": -3.4217152085913964, "log10_min_child_weight": 0.20998884926703043, "log10_subsample": -0.27932033087427466, "max_depth": 8.0, "num_boost_round": 5.0}, "datetime": {"datetime": "2024-01-19 02:46:12", "elapsed": 9277.028185, "delta": 0.005252}}
{"target": -17.677056525719266, "params": {"gamma": 412.15419360335846, "log10_alpha": -0.08967262148927446, "log10_colsample_bytree": -0.34046922640633304, "log10_eta": -3.1620248303853207, "log10_lambda": -3.4217152085913964, "log10_min_child_weight": 0.20998884926703043, "log10_subsample": -0.27932033087427466, "max_depth": 8.0, "num_boost_round": 6.0}, "datetime": {"datetime": "2024-01-19 02:46:12", "elapsed": 9277.033162, "delta": 0.004977}}
{"target": -17.676989579552696, "params": {"gamma": 412.15419360335846, "log10_alpha": -0.08967262148927446, "log10_colsample_bytree": -0.34046922640633304, "log10_eta": -3.1620248303853207, "log10_lambda": -3.4217152085913964, "log10_min_child_weight": 0.20998884926703043, "log10_subsample": -0.27932033087427466, "max_depth": 8.0, "num_boost_round": 7.0}, "datetime": {"datetime": "2024-01-19 02:46:12", "elapsed": 9277.038233, "delta": 0.005071}}
{"target": -17.67701061425813, "params": {"gamma": 412.15419360335846, "log10_alpha": -0.08967262148927446, "log10_colsample_bytree": -0.34046922640633304, "log10_eta": -3.1620248303853207, "log10_lambda": -3.4217152085913964, "log10_min_child_weight": 0.20998884926703043, "log10_subsample": -0.27932033087427466, "max_depth": 8.0, "num_boost_round": 8.0}, "datetime": {"datetime": "2024-01-19 02:46:12", "elapsed": 9277.043292, "delta": 0.005059}}
{"target": -17.67697687004897, "params": {"gamma": 412.15419360335846, "log10_alpha": -0.08967262148927446, "log10_colsample_bytree": -0.34046922640633304, "log10_eta": -3.1620248303853207, "log10_lambda": -3.4217152085913964, "log10_min_child_weight": 0.20998884926703043, "log10_subsample": -0.27932033087427466, "max_depth": 8.0, "num_boost_round": 9.0}, "datetime": {"datetime": "2024-01-19 02:46:12", "elapsed": 9277.048379, "delta": 0.005087}}
{"target": -17.67695038465567, "params": {"gamma": 412.15419360335846, "log10_alpha": -0.08967262148927446, "log10_colsample_bytree": -0.34046922640633304, "log10_eta": -3.1620248303853207, "log10_lambda": -3.4217152085913964, "log10_min_child_weight": 0.20998884926703043, "log10_subsample": -0.27932033087427466, "max_depth": 8.0, "num_boost_round": 10.0}, "datetime": {"datetime": "2024-01-19 02:46:12", "elapsed": 9277.053556, "delta": 0.005177}}
{"target": -17.676913864572995, "params": {"gamma": 412.15419360335846, "log10_alpha": -0.08967262148927446, "log10_colsample_bytree": -0.34046922640633304, "log10_eta": -3.1620248303853207, "log10_lambda": -3.4217152085913964, "log10_min_child_weight": 0.20998884926703043, "log10_subsample": -0.27932033087427466, "max_depth": 8.0, "num_boost_round": 11.0}, "datetime": {"datetime": "2024-01-19 02:46:12", "elapsed": 9277.058897, "delta": 0.005341}}
{"target": -17.67688142803489, "params": {"gamma": 412.15419360335846, "log10_alpha": -0.08967262148927446, "log10_colsample_bytree": -0.34046922640633304, "log10_eta": -3.1620248303853207, "log10_lambda": -3.4217152085913964, "log10_min_child_weight": 0.20998884926703043, "log10_subsample": -0.27932033087427466, "max_depth": 8.0, "num_boost_round": 12.0}, "datetime": {"datetime": "2024-01-19 02:46:12", "elapsed": 9277.06394, "delta": 0.005043}}
{"target": -17.676814750001437, "params": {"gamma": 412.15419360335846, "log10_alpha": -0.08967262148927446, "log10_colsample_bytree": -0.34046922640633304, "log10_eta": -3.1620248303853207, "log10_lambda": -3.4217152085913964, "log10_min_child_weight": 0.20998884926703043, "log10_subsample": -0.27932033087427466, "max_depth": 8.0, "num_boost_round": 13.0}, "datetime": {"datetime": "2024-01-19 02:46:12", "elapsed": 9277.06899, "delta": 0.00505}}
{"target": -17.676839499365933, "params": {"gamma": 412.15419360335846, "log10_alpha": -0.08967262148927446, "log10_colsample_bytree": -0.34046922640633304, "log10_eta": -3.1620248303853207, "log10_lambda": -3.4217152085913964, "log10_min_child_weight": 0.20998884926703043, "log10_subsample": -0.27932033087427466, "max_depth": 8.0, "num_boost_round": 14.0}, "datetime": {"datetime": "2024-01-19 02:46:12", "elapsed": 9277.074054, "delta": 0.005064}}
