{"target": -13.75825304690484, "params": {"gamma": 555.4351493423422, "log10_alpha": -0.14393736488629738, "log10_colsample_bytree": -0.26910080213784116, "log10_eta": -2.9651332908663, "log10_lambda": 0.7964390631727092, "log10_min_child_weight": 0.958950799582885, "log10_subsample": -0.9778009798959736, "max_depth": 2.0, "num_boost_round": 25.0}, "datetime": {"datetime": "2024-01-19 00:34:12", "elapsed": 1305.564385, "delta": 0.002031}}
{"target": -13.758239909511422, "params": {"gamma": 555.4351493423422, "log10_alpha": -0.14393736488629738, "log10_colsample_bytree": -0.26910080213784116, "log10_eta": -2.9651332908663, "log10_lambda": 0.7964390631727092, "log10_min_child_weight": 0.958950799582885, "log10_subsample": -0.9778009798959736, "max_depth": 2.0, "num_boost_round": 26.0}, "datetime": {"datetime": "2024-01-19 00:34:12", "elapsed": 1305.566437, "delta": 0.002052}}
{"target": -13.758226657334513, "params": {"gamma": 555.4351493423422, "log10_alpha": -0.14393736488629738, "log10_colsample_bytree": -0.26910080213784116, "log10_eta": -2.9651332908663, "log10_lambda": 0.7964390631727092, "log10_min_child_weight": 0.958950799582885, "log10_subsample": -0.9778009798959736, "max_depth": 2.0, "num_boost_round": 27.0}, "datetime": {"datetime": "2024-01-19 00:34:12", "elapsed": 1305.568446, "delta": 0.002009}}
{"target": -13.758225305471024, "params": {"gamma": 555.4351493423422, "log10_alpha": -0.14393736488629738, "log10_colsample_bytree": -0.26910080213784116, "log10_eta": -2.9651332908663, "log10_lambda": 0.7964390631727092, "log10_min_child_weight": 0.958950799582885, "log10_subsample": -0.9778009798959736, "max_depth": 2.0, "num_boost_round": 28.0}, "datetime": {"datetime": "2024-01-19 00:34:12", "elapsed": 1305.570418, "delta": 0.001972}}
{"target": -13.75821524250383, "params": {"gamma": 555.4351493423422, "log10_alpha": -0.14393736488629738, "log10_colsample_bytree": -0.26910080213784116, "log10_eta": -2.9651332908663, "log10_lambda": 0.7964390631727092, "log10_min_child_weight": 0.958950799582885, "log10_subsample": -0.9778009798959736, "max_depth": 2.0, "num_boost_round": 29.0}, "datetime": {"datetime": "2024-01-19 00:34:12", "elapsed": 1305.572377, "delta": 0.001959}}
{"target": -13.758199474977173, "params": {"gamma": 555.4351493423422, "log10_alpha": -0.14393736488629738, "log10_colsample_bytree": -0.26910080213784116, "log10_eta": -2.9651332908663, "log10_lambda": 0.7964390631727092, "log10_min_child_weight": 0.958950799582885, "log10_subsample": -0.9778009798959736, "max_depth": 2.0, "num_boost_round": 30.0}, "datetime": {"datetime": "2024-01-19 00:34:13", "elapsed": 1305.574519, "delta": 0.002142}}
{"target": -13.758191511550901, "params": {"gamma": 555.4351493423422, "log10_alpha": -0.14393736488629738, "log10_colsample_bytree": -0.26910080213784116, "log10_eta": -2.9651332908663, "log10_lambda": 0.7964390631727092, "log10_min_child_weight": 0.958950799582885, "log10_subsample": -0.9778009798959736, "max_depth": 2.0, "num_boost_round": 31.0}, "datetime": {"datetime": "2024-01-19 00:34:13", "elapsed": 1305.576473, "delta": 0.001954}}
{"target": -13.758520115111743, "params": {"gamma": 560.489393510035, "log10_alpha": -3.4562803761343317, "log10_colsample_bytree": -0.8541767730714729, "log10_eta": -3.0680950726689247, "log10_lambda": -0.12015764368748894, "log10_min_child_weight": 0.19882720444067803, "log10_subsample": -0.3092012391102671, "max_depth": 2.0, "num_boost_round": 0.0}, "datetime": {"datetime": "2024-01-19 00:34:47", "elapsed": 1339.656434, "delta": 34.079961}}
{"target": -13.758510805786837, "params": {"gamma": 560.489393510035, "log10_alpha": -3.4562803761343317, "log10_colsample_bytree": -0.8541767730714729, "log10_eta": -3.0680950726689247, "log10_lambda": -0.12015764368748894, "log10_min_child_weight": 0.19882720444067803, "log10_subsample": -0.3092012391102671, "max_depth": 2.0, "num_boost_round": 1.0}, "datetime": {"datetime": "2024-01-19 00:34:47", "elapsed": 1339.658555, "delta": 0.002121}}
{"target": -13.758507133562524, "params": {"gamma": 560.489393510035, "log10_alpha": -3.4562803761343317, "log10_colsample_bytree": -0.8541767730714729, "log10_eta": -3.0680950726689247, "log10_lambda": -0.12015764368748894, "log10_min_child_weight": 0.19882720444067803, "log10_subsample": -0.3092012391102671, "max_depth": 2.0, "num_boost_round": 2.0}, "datetime": {"datetime": "2024-01-19 00:34:47", "elapsed": 1339.660541, "delta": 0.001986}}
{"target": -13.758501347882731, "params": {"gamma": 560.489393510035, "log10_alpha": -3.4562803761343317, "log10_colsample_bytree": -0.8541767730714729, "log10_eta": -3.0680950726689247, "log10_lambda": -0.12015764368748894, "log10_min_child_weight": 0.19882720444067803, "log10_subsample": -0.3092012391102671, "max_depth": 2.0, "num_boost_round": 3.0}, "datetime": {"datetime": "2024-01-19 00:34:47", "elapsed": 1339.662724, "delta": 0.002183}}
{"target": -13.75849301543789, "params": {"gamma": 560.489393510035, "log10_alpha": -3.4562803761343317, "log10_colsample_bytree": -0.8541767730714729, "log10_eta": -3.0680950726689247, "log10_lambda": -0.12015764368748894, "log10_min_child_weight": 0.19882720444067803, "log10_subsample": -0.3092012391102671, "max_depth": 2.0, "num_boost_round": 4.0}, "datetime": {"datetime": "2024-01-19 00:34:47", "elapsed": 1339.664691, "delta": 0.001967}}
{"target": -13.758484023027643, "params": {"gamma": 560.489393510035, "log10_alpha": -3.4562803761343317, "log10_colsample_bytree": -0.8541767730714729, "log10_eta": -3.0680950726689247, "log10_lambda": -0.12015764368748894, "log10_min_child_weight": 0.19882720444067803, "log10_subsample": -0.3092012391102671, "max_depth": 2.0, "num_boost_round": 5.0}, "datetime": {"datetime": "2024-01-19 00:34:47", "elapsed": 1339.66665, "delta": 0.001959}}
{"target": -13.75848237991327, "params": {"gamma": 560.489393510035, "log10_alpha": -3.4562803761343317, "log10_colsample_bytree": -0.8541767730714729, "log10_eta": -3.0680950726689247, "log10_lambda": -0.12015764368748894, "log10_min_child_weight": 0.19882720444067803, "log10_subsample": -0.3092012391102671, "max_depth": 2.0, "num_boost_round": 6.0}, "datetime": {"datetime": "2024-01-19 00:34:47", "elapsed": 1339.668594, "delta": 0.001944}}
{"target": -13.758471623854772, "params": {"gamma": 560.489393510035, "log10_alpha": -3.4562803761343317, "log10_colsample_bytree": -0.8541767730714729, "log10_eta": -3.0680950726689247, "log10_lambda": -0.12015764368748894, "log10_min_child_weight": 0.19882720444067803, "log10_subsample": -0.3092012391102671, "max_depth": 2.0, "num_boost_round": 7.0}, "datetime": {"datetime": "2024-01-19 00:34:47", "elapsed": 1339.670546, "delta": 0.001952}}
{"target": -13.758478816449777, "params": {"gamma": 560.489393510035, "log10_alpha": -3.4562803761343317, "log10_colsample_bytree": -0.8541767730714729, "log10_eta": -3.0680950726689247, "log10_lambda": -0.12015764368748894, "log10_min_child_weight": 0.19882720444067803, "log10_subsample": -0.3092012391102671, "max_depth": 2.0, "num_boost_round": 8.0}, "datetime": {"datetime": "2024-01-19 00:34:47", "elapsed": 1339.67249, "delta": 0.001944}}
{"target": -13.758474902517925, "params": {"gamma": 560.489393510035, "log10_alpha": -3.4562803761343317, "log10_colsample_bytree": -0.8541767730714729, "log10_eta": -3.0680950726689247, "log10_lambda": -0.12015764368748894, "log10_min_child_weight": 0.19882720444067803, "log10_subsample": -0.3092012391102671, "max_depth": 2.0, "num_boost_round": 9.0}, "datetime": {"datetime": "2024-01-19 00:34:47", "elapsed": 1339.674441, "delta": 0.001951}}
{"target": -13.758460220393552, "params": {"gamma": 560.489393510035, "log10_alpha": -3.4562803761343317, "log10_colsample_bytree": -0.8541767730714729, "log10_eta": -3.0680950726689247, "log10_lambda": -0.12015764368748894, "log10_min_child_weight": 0.19882720444067803, "log10_subsample": -0.3092012391102671, "max_depth": 2.0, "num_boost_round": 10.0}, "datetime": {"datetime": "2024-01-19 00:34:47", "elapsed": 1339.676402, "delta": 0.001961}}
{"target": -13.758443920820996, "params": {"gamma": 560.489393510035, "log10_alpha": -3.4562803761343317, "log10_colsample_bytree": -0.8541767730714729, "log10_eta": -3.0680950726689247, "log10_lambda": -0.12015764368748894, "log10_min_child_weight": 0.19882720444067803, "log10_subsample": -0.3092012391102671, "max_depth": 2.0, "num_boost_round": 11.0}, "datetime": {"datetime": "2024-01-19 00:34:47", "elapsed": 1339.679191, "delta": 0.002789}}
{"target": -13.758436810664374, "params": {"gamma": 560.489393510035, "log10_alpha": -3.4562803761343317, "log10_colsample_bytree": -0.8541767730714729, "log10_eta": -3.0680950726689247, "log10_lambda": -0.12015764368748894, "log10_min_child_weight": 0.19882720444067803, "log10_subsample": -0.3092012391102671, "max_depth": 2.0, "num_boost_round": 12.0}, "datetime": {"datetime": "2024-01-19 00:34:47", "elapsed": 1339.681302, "delta": 0.002111}}
{"target": -13.758420463363457, "params": {"gamma": 560.489393510035, "log10_alpha": -3.4562803761343317, "log10_colsample_bytree": -0.8541767730714729, "log10_eta": -3.0680950726689247, "log10_lambda": -0.12015764368748894, "log10_min_child_weight": 0.19882720444067803, "log10_subsample": -0.3092012391102671, "max_depth": 2.0, "num_boost_round": 13.0}, "datetime": {"datetime": "2024-01-19 00:34:47", "elapsed": 1339.683266, "delta": 0.001964}}
{"target": -13.758417201809111, "params": {"gamma": 560.489393510035, "log10_alpha": -3.4562803761343317, "log10_colsample_bytree": -0.8541767730714729, "log10_eta": -3.0680950726689247, "log10_lambda": -0.12015764368748894, "log10_min_child_weight": 0.19882720444067803, "log10_subsample": -0.3092012391102671, "max_depth": 2.0, "num_boost_round": 14.0}, "datetime": {"datetime": "2024-01-19 00:34:47", "elapsed": 1339.685256, "delta": 0.00199}}
{"target": -13.758404428398345, "params": {"gamma": 560.489393510035, "log10_alpha": -3.4562803761343317, "log10_colsample_bytree": -0.8541767730714729, "log10_eta": -3.0680950726689247, "log10_lambda": -0.12015764368748894, "log10_min_child_weight": 0.19882720444067803, "log10_subsample": -0.3092012391102671, "max_depth": 2.0, "num_boost_round": 15.0}, "datetime": {"datetime": "2024-01-19 00:34:47", "elapsed": 1339.687238, "delta": 0.001982}}
{"target": -13.758398904644544, "params": {"gamma": 560.489393510035, "log10_alpha": -3.4562803761343317, "log10_colsample_bytree": -0.8541767730714729, "log10_eta": -3.0680950726689247, "log10_lambda": -0.12015764368748894, "log10_min_child_weight": 0.19882720444067803, "log10_subsample": -0.3092012391102671, "max_depth": 2.0, "num_boost_round": 16.0}, "datetime": {"datetime": "2024-01-19 00:34:47", "elapsed": 1339.689227, "delta": 0.001989}}
{"target": -13.758391105520895, "params": {"gamma": 560.489393510035, "log10_alpha": -3.4562803761343317, "log10_colsample_bytree": -0.8541767730714729, "log10_eta": -3.0680950726689247, "log10_lambda": -0.12015764368748894, "log10_min_child_weight": 0.19882720444067803, "log10_subsample": -0.3092012391102671, "max_depth": 2.0, "num_boost_round": 17.0}, "datetime": {"datetime": "2024-01-19 00:34:47", "elapsed": 1339.691243, "delta": 0.002016}}
{"target": -13.75838222956031, "params": {"gamma": 560.489393510035, "log10_alpha": -3.4562803761343317, "log10_colsample_bytree": -0.8541767730714729, "log10_eta": -3.0680950726689247, "log10_lambda": -0.12015764368748894, "log10_min_child_weight": 0.19882720444067803, "log10_subsample": -0.3092012391102671, "max_depth": 2.0, "num_boost_round": 18.0}, "datetime": {"datetime": "2024-01-19 00:34:47", "elapsed": 1339.693259, "delta": 0.002016}}
{"target": -13.758373048374198, "params": {"gamma": 560.489393510035, "log10_alpha": -3.4562803761343317, "log10_colsample_bytree": -0.8541767730714729, "log10_eta": -3.0680950726689247, "log10_lambda": -0.12015764368748894, "log10_min_child_weight": 0.19882720444067803, "log10_subsample": -0.3092012391102671, "max_depth": 2.0, "num_boost_round": 19.0}, "datetime": {"datetime": "2024-01-19 00:34:47", "elapsed": 1339.695313, "delta": 0.002054}}
{"target": -13.75836015172937, "params": {"gamma": 560.489393510035, "log10_alpha": -3.4562803761343317, "log10_colsample_bytree": -0.8541767730714729, "log10_eta": -3.0680950726689247, "log10_lambda": -0.12015764368748894, "log10_min_child_weight": 0.19882720444067803, "log10_subsample": -0.3092012391102671, "max_depth": 2.0, "num_boost_round": 20.0}, "datetime": {"datetime": "2024-01-19 00:34:47", "elapsed": 1339.697319, "delta": 0.002006}}
{"target": -13.758341772821819, "params": {"gamma": 560.489393510035, "log10_alpha": -3.4562803761343317, "log10_colsample_bytree": -0.8541767730714729, "log10_eta": -3.0680950726689247, "log10_lambda": -0.12015764368748894, "log10_min_child_weight": 0.19882720444067803, "log10_subsample": -0.3092012391102671, "max_depth": 2.0, "num_boost_round": 21.0}, "datetime": {"datetime": "2024-01-19 00:34:47", "elapsed": 1339.699301, "delta": 0.001982}}
{"target": -13.758338789450978, "params": {"gamma": 560.489393510035, "log10_alpha": -3.4562803761343317, "log10_colsample_bytree": -0.8541767730714729, "log10_eta": -3.0680950726689247, "log10_lambda": -0.12015764368748894, "log10_min_child_weight": 0.19882720444067803, "log10_subsample": -0.3092012391102671, "max_depth": 2.0, "num_boost_round": 22.0}, "datetime": {"datetime": "2024-01-19 00:34:47", "elapsed": 1339.701313, "delta": 0.002012}}
{"target": -13.758331430348038, "params": {"gamma": 560.489393510035, "log10_alpha": -3.4562803761343317, "log10_colsample_bytree": -0.8541767730714729, "log10_eta": -3.0680950726689247, "log10_lambda": -0.12015764368748894, "log10_min_child_weight": 0.19882720444067803, "log10_subsample": -0.3092012391102671, "max_depth": 2.0, "num_boost_round": 23.0}, "datetime": {"datetime": "2024-01-19 00:34:47", "elapsed": 1339.70332, "delta": 0.002007}}
{"target": -13.75832932048186, "params": {"gamma": 560.489393510035, "log10_alpha": -3.4562803761343317, "log10_colsample_bytree": -0.8541767730714729, "log10_eta": -3.0680950726689247, "log10_lambda": -0.12015764368748894, "log10_min_child_weight": 0.19882720444067803, "log10_subsample": -0.3092012391102671, "max_depth": 2.0, "num_boost_round": 24.0}, "datetime": {"datetime": "2024-01-19 00:34:47", "elapsed": 1339.705319, "delta": 0.001999}}
{"target": -13.758317610224369, "params": {"gamma": 560.489393510035, "log10_alpha": -3.4562803761343317, "log10_colsample_bytree": -0.8541767730714729, "log10_eta": -3.0680950726689247, "log10_lambda": -0.12015764368748894, "log10_min_child_weight": 0.19882720444067803, "log10_subsample": -0.3092012391102671, "max_depth": 2.0, "num_boost_round": 25.0}, "datetime": {"datetime": "2024-01-19 00:34:47", "elapsed": 1339.707299, "delta": 0.00198}}
{"target": -13.758314968865012, "params": {"gamma": 560.489393510035, "log10_alpha": -3.4562803761343317, "log10_colsample_bytree": -0.8541767730714729, "log10_eta": -3.0680950726689247, "log10_lambda": -0.12015764368748894, "log10_min_child_weight": 0.19882720444067803, "log10_subsample": -0.3092012391102671, "max_depth": 2.0, "num_boost_round": 26.0}, "datetime": {"datetime": "2024-01-19 00:34:47", "elapsed": 1339.70934, "delta": 0.002041}}
{"target": -13.758304731627117, "params": {"gamma": 560.489393510035, "log10_alpha": -3.4562803761343317, "log10_colsample_bytree": -0.8541767730714729, "log10_eta": -3.0680950726689247, "log10_lambda": -0.12015764368748894, "log10_min_child_weight": 0.19882720444067803, "log10_subsample": -0.3092012391102671, "max_depth": 2.0, "num_boost_round": 27.0}, "datetime": {"datetime": "2024-01-19 00:34:47", "elapsed": 1339.711353, "delta": 0.002013}}
{"target": -13.75829234765715, "params": {"gamma": 560.489393510035, "log10_alpha": -3.4562803761343317, "log10_colsample_bytree": -0.8541767730714729, "log10_eta": -3.0680950726689247, "log10_lambda": -0.12015764368748894, "log10_min_child_weight": 0.19882720444067803, "log10_subsample": -0.3092012391102671, "max_depth": 2.0, "num_boost_round": 28.0}, "datetime": {"datetime": "2024-01-19 00:34:47", "elapsed": 1339.713355, "delta": 0.002002}}
{"target": -13.75827670807588, "params": {"gamma": 560.489393510035, "log10_alpha": -3.4562803761343317, "log10_colsample_bytree": -0.8541767730714729, "log10_eta": -3.0680950726689247, "log10_lambda": -0.12015764368748894, "log10_min_child_weight": 0.19882720444067803, "log10_subsample": -0.3092012391102671, "max_depth": 2.0, "num_boost_round": 29.0}, "datetime": {"datetime": "2024-01-19 00:34:47", "elapsed": 1339.715376, "delta": 0.002021}}
{"target": -13.758271098017088, "params": {"gamma": 560.489393510035, "log10_alpha": -3.4562803761343317, "log10_colsample_bytree": -0.8541767730714729, "log10_eta": -3.0680950726689247, "log10_lambda": -0.12015764368748894, "log10_min_child_weight": 0.19882720444067803, "log10_subsample": -0.3092012391102671, "max_depth": 2.0, "num_boost_round": 30.0}, "datetime": {"datetime": "2024-01-19 00:34:47", "elapsed": 1339.717388, "delta": 0.002012}}
{"target": -13.75825757674649, "params": {"gamma": 560.489393510035, "log10_alpha": -3.4562803761343317, "log10_colsample_bytree": -0.8541767730714729, "log10_eta": -3.0680950726689247, "log10_lambda": -0.12015764368748894, "log10_min_child_weight": 0.19882720444067803, "log10_subsample": -0.3092012391102671, "max_depth": 2.0, "num_boost_round": 31.0}, "datetime": {"datetime": "2024-01-19 00:34:47", "elapsed": 1339.719397, "delta": 0.002009}}
{"target": -13.758249381121708, "params": {"gamma": 560.489393510035, "log10_alpha": -3.4562803761343317, "log10_colsample_bytree": -0.8541767730714729, "log10_eta": -3.0680950726689247, "log10_lambda": -0.12015764368748894, "log10_min_child_weight": 0.19882720444067803, "log10_subsample": -0.3092012391102671, "max_depth": 2.0, "num_boost_round": 32.0}, "datetime": {"datetime": "2024-01-19 00:34:47", "elapsed": 1339.721381, "delta": 0.001984}}
{"target": -13.758241199193101, "params": {"gamma": 560.489393510035, "log10_alpha": -3.4562803761343317, "log10_colsample_bytree": -0.8541767730714729, "log10_eta": -3.0680950726689247, "log10_lambda": -0.12015764368748894, "log10_min_child_weight": 0.19882720444067803, "log10_subsample": -0.3092012391102671, "max_depth": 2.0, "num_boost_round": 33.0}, "datetime": {"datetime": "2024-01-19 00:34:47", "elapsed": 1339.723383, "delta": 0.002002}}
{"target": -13.758448683291011, "params": {"gamma": 584.5479771105557, "log10_alpha": -0.30825516957780863, "log10_colsample_bytree": -0.5834403063344775, "log10_eta": -2.4518290303487618, "log10_lambda": -4.3205507194969295, "log10_min_child_weight": 2.3845347573603966, "log10_subsample": -0.05867473938332057, "max_depth": 7.0, "num_boost_round": 0.0}, "datetime": {"datetime": "2024-01-19 00:35:11", "elapsed": 1364.193362, "delta": 24.469979}}
{"target": -13.758334566152202, "params": {"gamma": 584.5479771105557, "log10_alpha": -0.30825516957780863, "log10_colsample_bytree": -0.5834403063344775, "log10_eta": -2.4518290303487618, "log10_lambda": -4.3205507194969295, "log10_min_child_weight": 2.3845347573603966, "log10_subsample": -0.05867473938332057, "max_depth": 7.0, "num_boost_round": 1.0}, "datetime": {"datetime": "2024-01-19 00:35:11", "elapsed": 1364.195603, "delta": 0.002241}}
{"target": -13.758261566147112, "params": {"gamma": 584.5479771105557, "log10_alpha": -0.30825516957780863, "log10_colsample_bytree": -0.5834403063344775, "log10_eta": -2.4518290303487618, "log10_lambda": -4.3205507194969295, "log10_min_child_weight": 2.3845347573603966, "log10_subsample": -0.05867473938332057, "max_depth": 7.0, "num_boost_round": 2.0}, "datetime": {"datetime": "2024-01-19 00:35:11", "elapsed": 1364.197706, "delta": 0.002103}}
{"target": -13.758138887359303, "params": {"gamma": 584.5479771105557, "log10_alpha": -0.30825516957780863, "log10_colsample_bytree": -0.5834403063344775, "log10_eta": -2.4518290303487618, "log10_lambda": -4.3205507194969295, "log10_min_child_weight": 2.3845347573603966, "log10_subsample": -0.05867473938332057, "max_depth": 7.0, "num_boost_round": 3.0}, "datetime": {"datetime": "2024-01-19 00:35:11", "elapsed": 1364.20017, "delta": 0.002464}}
{"target": -13.75791194798851, "params": {"gamma": 584.5479771105557, "log10_alpha": -0.30825516957780863, "log10_colsample_bytree": -0.5834403063344775, "log10_eta": -2.4518290303487618, "log10_lambda": -4.3205507194969295, "log10_min_child_weight": 2.3845347573603966, "log10_subsample": -0.05867473938332057, "max_depth": 7.0, "num_boost_round": 4.0}, "datetime": {"datetime": "2024-01-19 00:35:11", "elapsed": 1364.202889, "delta": 0.002719}}
{"target": -13.757751294893014, "params": {"gamma": 584.5479771105557, "log10_alpha": -0.30825516957780863, "log10_colsample_bytree": -0.5834403063344775, "log10_eta": -2.4518290303487618, "log10_lambda": -4.3205507194969295, "log10_min_child_weight": 2.3845347573603966, "log10_subsample": -0.05867473938332057, "max_depth": 7.0, "num_boost_round": 5.0}, "datetime": {"datetime": "2024-01-19 00:35:11", "elapsed": 1364.204954, "delta": 0.002065}}
{"target": -13.757698992952145, "params": {"gamma": 584.5479771105557, "log10_alpha": -0.30825516957780863, "log10_colsample_bytree": -0.5834403063344775, "log10_eta": -2.4518290303487618, "log10_lambda": -4.3205507194969295, "log10_min_child_weight": 2.3845347573603966, "log10_subsample": -0.05867473938332057, "max_depth": 7.0, "num_boost_round": 6.0}, "datetime": {"datetime": "2024-01-19 00:35:11", "elapsed": 1364.206953, "delta": 0.001999}}
{"target": -13.757693305036915, "params": {"gamma": 584.5479771105557, "log10_alpha": -0.30825516957780863, "log10_colsample_bytree": -0.5834403063344775, "log10_eta": -2.4518290303487618, "log10_lambda": -4.3205507194969295, "log10_min_child_weight": 2.3845347573603966, "log10_subsample": -0.05867473938332057, "max_depth": 7.0, "num_boost_round": 7.0}, "datetime": {"datetime": "2024-01-19 00:35:11", "elapsed": 1364.208996, "delta": 0.002043}}
