{"target": -17.6754947142419, "params": {"gamma": 432.4136695688262, "log10_alpha": -3.784166724193208, "log10_colsample_bytree": -0.6991789174999772, "log10_eta": -2.427089714231618, "log10_lambda": 0.16995284681806844, "log10_min_child_weight": 2.550666905158571, "log10_subsample": -0.7813693155210896, "max_depth": 5.0, "num_boost_round": 18.0}, "datetime": {"datetime": "2024-01-19 00:13:25", "elapsed": 98.280458, "delta": 0.000358}}
{"target": -17.67547991074032, "params": {"gamma": 432.4136695688262, "log10_alpha": -3.784166724193208, "log10_colsample_bytree": -0.6991789174999772, "log10_eta": -2.427089714231618, "log10_lambda": 0.16995284681806844, "log10_min_child_weight": 2.550666905158571, "log10_subsample": -0.7813693155210896, "max_depth": 5.0, "num_boost_round": 19.0}, "datetime": {"datetime": "2024-01-19 00:13:25", "elapsed": 98.280815, "delta": 0.000357}}
{"target": -17.67540641869546, "params": {"gamma": 432.4136695688262, "log10_alpha": -3.784166724193208, "log10_colsample_bytree": -0.6991789174999772, "log10_eta": -2.427089714231618, "log10_lambda": 0.16995284681806844, "log10_min_child_weight": 2.550666905158571, "log10_subsample": -0.7813693155210896, "max_depth": 5.0, "num_boost_round": 20.0}, "datetime": {"datetime": "2024-01-19 00:13:25", "elapsed": 98.28135, "delta": 0.000535}}
{"target": -17.675344591741254, "params": {"gamma": 432.4136695688262, "log10_alpha": -3.784166724193208, "log10_colsample_bytree": -0.6991789174999772, "log10_eta": -2.427089714231618, "log10_lambda": 0.16995284681806844, "log10_min_child_weight": 2.550666905158571, "log10_subsample": -0.7813693155210896, "max_depth": 5.0, "num_boost_round": 21.0}, "datetime": {"datetime": "2024-01-19 00:13:25", "elapsed": 98.281718, "delta": 0.000368}}
{"target": -17.675108123845174, "params": {"gamma": 432.4136695688262, "log10_alpha": -3.784166724193208, "log10_colsample_bytree": -0.6991789174999772, "log10_eta": -2.427089714231618, "log10_lambda": 0.16995284681806844, "log10_min_child_weight": 2.550666905158571, "log10_subsample": -0.7813693155210896, "max_depth": 5.0, "num_boost_round": 22.0}, "datetime": {"datetime": "2024-01-19 00:13:25", "elapsed": 98.282081, "delta": 0.000363}}
{"target": -17.67488721218974, "params": {"gamma": 432.4136695688262, "log10_alpha": -3.784166724193208, "log10_colsample_bytree": -0.6991789174999772, "log10_eta": -2.427089714231618, "log10_lambda": 0.16995284681806844, "log10_min_child_weight": 2.550666905158571, "log10_subsample": -0.7813693155210896, "max_depth": 5.0, "num_boost_round": 23.0}, "datetime": {"datetime": "2024-01-19 00:13:25", "elapsed": 98.282464, "delta": 0.000383}}
{"target": -17.67481139762209, "params": {"gamma": 432.4136695688262, "log10_alpha": -3.784166724193208, "log10_colsample_bytree": -0.6991789174999772, "log10_eta": -2.427089714231618, "log10_lambda": 0.16995284681806844, "log10_min_child_weight": 2.550666905158571, "log10_subsample": -0.7813693155210896, "max_depth": 5.0, "num_boost_round": 24.0}, "datetime": {"datetime": "2024-01-19 00:13:25", "elapsed": 98.28284, "delta": 0.000376}}
{"target": -17.67457843347372, "params": {"gamma": 432.4136695688262, "log10_alpha": -3.784166724193208, "log10_colsample_bytree": -0.6991789174999772, "log10_eta": -2.427089714231618, "log10_lambda": 0.16995284681806844, "log10_min_child_weight": 2.550666905158571, "log10_subsample": -0.7813693155210896, "max_depth": 5.0, "num_boost_round": 25.0}, "datetime": {"datetime": "2024-01-19 00:13:25", "elapsed": 98.283217, "delta": 0.000377}}
{"target": -17.674449359639528, "params": {"gamma": 432.4136695688262, "log10_alpha": -3.784166724193208, "log10_colsample_bytree": -0.6991789174999772, "log10_eta": -2.427089714231618, "log10_lambda": 0.16995284681806844, "log10_min_child_weight": 2.550666905158571, "log10_subsample": -0.7813693155210896, "max_depth": 5.0, "num_boost_round": 26.0}, "datetime": {"datetime": "2024-01-19 00:13:25", "elapsed": 98.283582, "delta": 0.000365}}
{"target": -17.674308685073406, "params": {"gamma": 432.4136695688262, "log10_alpha": -3.784166724193208, "log10_colsample_bytree": -0.6991789174999772, "log10_eta": -2.427089714231618, "log10_lambda": 0.16995284681806844, "log10_min_child_weight": 2.550666905158571, "log10_subsample": -0.7813693155210896, "max_depth": 5.0, "num_boost_round": 27.0}, "datetime": {"datetime": "2024-01-19 00:13:25", "elapsed": 98.283951, "delta": 0.000369}}
{"target": -17.674140430288016, "params": {"gamma": 432.4136695688262, "log10_alpha": -3.784166724193208, "log10_colsample_bytree": -0.6991789174999772, "log10_eta": -2.427089714231618, "log10_lambda": 0.16995284681806844, "log10_min_child_weight": 2.550666905158571, "log10_subsample": -0.7813693155210896, "max_depth": 5.0, "num_boost_round": 28.0}, "datetime": {"datetime": "2024-01-19 00:13:25", "elapsed": 98.284334, "delta": 0.000383}}
{"target": -17.67401393803054, "params": {"gamma": 432.4136695688262, "log10_alpha": -3.784166724193208, "log10_colsample_bytree": -0.6991789174999772, "log10_eta": -2.427089714231618, "log10_lambda": 0.16995284681806844, "log10_min_child_weight": 2.550666905158571, "log10_subsample": -0.7813693155210896, "max_depth": 5.0, "num_boost_round": 29.0}, "datetime": {"datetime": "2024-01-19 00:13:25", "elapsed": 98.284709, "delta": 0.000375}}
{"target": -17.67382588321367, "params": {"gamma": 432.4136695688262, "log10_alpha": -3.784166724193208, "log10_colsample_bytree": -0.6991789174999772, "log10_eta": -2.427089714231618, "log10_lambda": 0.16995284681806844, "log10_min_child_weight": 2.550666905158571, "log10_subsample": -0.7813693155210896, "max_depth": 5.0, "num_boost_round": 30.0}, "datetime": {"datetime": "2024-01-19 00:13:25", "elapsed": 98.285081, "delta": 0.000372}}
{"target": -17.67375185308347, "params": {"gamma": 432.4136695688262, "log10_alpha": -3.784166724193208, "log10_colsample_bytree": -0.6991789174999772, "log10_eta": -2.427089714231618, "log10_lambda": 0.16995284681806844, "log10_min_child_weight": 2.550666905158571, "log10_subsample": -0.7813693155210896, "max_depth": 5.0, "num_boost_round": 31.0}, "datetime": {"datetime": "2024-01-19 00:13:25", "elapsed": 98.285459, "delta": 0.000378}}
{"target": -17.67368561320533, "params": {"gamma": 432.4136695688262, "log10_alpha": -3.784166724193208, "log10_colsample_bytree": -0.6991789174999772, "log10_eta": -2.427089714231618, "log10_lambda": 0.16995284681806844, "log10_min_child_weight": 2.550666905158571, "log10_subsample": -0.7813693155210896, "max_depth": 5.0, "num_boost_round": 32.0}, "datetime": {"datetime": "2024-01-19 00:13:25", "elapsed": 98.28583, "delta": 0.000371}}
{"target": -17.67357400767036, "params": {"gamma": 432.4136695688262, "log10_alpha": -3.784166724193208, "log10_colsample_bytree": -0.6991789174999772, "log10_eta": -2.427089714231618, "log10_lambda": 0.16995284681806844, "log10_min_child_weight": 2.550666905158571, "log10_subsample": -0.7813693155210896, "max_depth": 5.0, "num_boost_round": 33.0}, "datetime": {"datetime": "2024-01-19 00:13:25", "elapsed": 98.286209, "delta": 0.000379}}
{"target": -17.673568338648447, "params": {"gamma": 432.4136695688262, "log10_alpha": -3.784166724193208, "log10_colsample_bytree": -0.6991789174999772, "log10_eta": -2.427089714231618, "log10_lambda": 0.16995284681806844, "log10_min_child_weight": 2.550666905158571, "log10_subsample": -0.7813693155210896, "max_depth": 5.0, "num_boost_round": 34.0}, "datetime": {"datetime": "2024-01-19 00:13:25", "elapsed": 98.28667, "delta": 0.000461}}
{"target": -17.673517538519295, "params": {"gamma": 432.4136695688262, "log10_alpha": -3.784166724193208, "log10_colsample_bytree": -0.6991789174999772, "log10_eta": -2.427089714231618, "log10_lambda": 0.16995284681806844, "log10_min_child_weight": 2.550666905158571, "log10_subsample": -0.7813693155210896, "max_depth": 5.0, "num_boost_round": 35.0}, "datetime": {"datetime": "2024-01-19 00:13:25", "elapsed": 98.287053, "delta": 0.000383}}
{"target": -17.673480995347596, "params": {"gamma": 432.4136695688262, "log10_alpha": -3.784166724193208, "log10_colsample_bytree": -0.6991789174999772, "log10_eta": -2.427089714231618, "log10_lambda": 0.16995284681806844, "log10_min_child_weight": 2.550666905158571, "log10_subsample": -0.7813693155210896, "max_depth": 5.0, "num_boost_round": 36.0}, "datetime": {"datetime": "2024-01-19 00:13:25", "elapsed": 98.287445, "delta": 0.000392}}
{"target": -17.673522632131046, "params": {"gamma": 432.4136695688262, "log10_alpha": -3.784166724193208, "log10_colsample_bytree": -0.6991789174999772, "log10_eta": -2.427089714231618, "log10_lambda": 0.16995284681806844, "log10_min_child_weight": 2.550666905158571, "log10_subsample": -0.7813693155210896, "max_depth": 5.0, "num_boost_round": 37.0}, "datetime": {"datetime": "2024-01-19 00:13:25", "elapsed": 98.287825, "delta": 0.00038}}
{"target": -17.673372773132584, "params": {"gamma": 432.4136695688262, "log10_alpha": -3.784166724193208, "log10_colsample_bytree": -0.6991789174999772, "log10_eta": -2.427089714231618, "log10_lambda": 0.16995284681806844, "log10_min_child_weight": 2.550666905158571, "log10_subsample": -0.7813693155210896, "max_depth": 5.0, "num_boost_round": 38.0}, "datetime": {"datetime": "2024-01-19 00:13:25", "elapsed": 98.28822, "delta": 0.000395}}
{"target": -17.67344390202892, "params": {"gamma": 432.4136695688262, "log10_alpha": -3.784166724193208, "log10_colsample_bytree": -0.6991789174999772, "log10_eta": -2.427089714231618, "log10_lambda": 0.16995284681806844, "log10_min_child_weight": 2.550666905158571, "log10_subsample": -0.7813693155210896, "max_depth": 5.0, "num_boost_round": 39.0}, "datetime": {"datetime": "2024-01-19 00:13:25", "elapsed": 98.288605, "delta": 0.000385}}
{"target": -17.673318344597128, "params": {"gamma": 432.4136695688262, "log10_alpha": -3.784166724193208, "log10_colsample_bytree": -0.6991789174999772, "log10_eta": -2.427089714231618, "log10_lambda": 0.16995284681806844, "log10_min_child_weight": 2.550666905158571, "log10_subsample": -0.7813693155210896, "max_depth": 5.0, "num_boost_round": 40.0}, "datetime": {"datetime": "2024-01-19 00:13:25", "elapsed": 98.288988, "delta": 0.000383}}
{"target": -17.67326249354305, "params": {"gamma": 432.4136695688262, "log10_alpha": -3.784166724193208, "log10_colsample_bytree": -0.6991789174999772, "log10_eta": -2.427089714231618, "log10_lambda": 0.16995284681806844, "log10_min_child_weight": 2.550666905158571, "log10_subsample": -0.7813693155210896, "max_depth": 5.0, "num_boost_round": 41.0}, "datetime": {"datetime": "2024-01-19 00:13:25", "elapsed": 98.289391, "delta": 0.000403}}
{"target": -17.672990573715232, "params": {"gamma": 432.4136695688262, "log10_alpha": -3.784166724193208, "log10_colsample_bytree": -0.6991789174999772, "log10_eta": -2.427089714231618, "log10_lambda": 0.16995284681806844, "log10_min_child_weight": 2.550666905158571, "log10_subsample": -0.7813693155210896, "max_depth": 5.0, "num_boost_round": 42.0}, "datetime": {"datetime": "2024-01-19 00:13:25", "elapsed": 98.289875, "delta": 0.000484}}
{"target": -17.672841660947746, "params": {"gamma": 432.4136695688262, "log10_alpha": -3.784166724193208, "log10_colsample_bytree": -0.6991789174999772, "log10_eta": -2.427089714231618, "log10_lambda": 0.16995284681806844, "log10_min_child_weight": 2.550666905158571, "log10_subsample": -0.7813693155210896, "max_depth": 5.0, "num_boost_round": 43.0}, "datetime": {"datetime": "2024-01-19 00:13:25", "elapsed": 98.29029, "delta": 0.000415}}
{"target": -17.672725267519663, "params": {"gamma": 432.4136695688262, "log10_alpha": -3.784166724193208, "log10_colsample_bytree": -0.6991789174999772, "log10_eta": -2.427089714231618, "log10_lambda": 0.16995284681806844, "log10_min_child_weight": 2.550666905158571, "log10_subsample": -0.7813693155210896, "max_depth": 5.0, "num_boost_round": 44.0}, "datetime": {"datetime": "2024-01-19 00:13:25", "elapsed": 98.290687, "delta": 0.000397}}
{"target": -17.672668054442322, "params": {"gamma": 432.4136695688262, "log10_alpha": -3.784166724193208, "log10_colsample_bytree": -0.6991789174999772, "log10_eta": -2.427089714231618, "log10_lambda": 0.16995284681806844, "log10_min_child_weight": 2.550666905158571, "log10_subsample": -0.7813693155210896, "max_depth": 5.0, "num_boost_round": 45.0}, "datetime": {"datetime": "2024-01-19 00:13:25", "elapsed": 98.291093, "delta": 0.000406}}
{"target": -17.672661093529488, "params": {"gamma": 432.4136695688262, "log10_alpha": -3.784166724193208, "log10_colsample_bytree": -0.6991789174999772, "log10_eta": -2.427089714231618, "log10_lambda": 0.16995284681806844, "log10_min_child_weight": 2.550666905158571, "log10_subsample": -0.7813693155210896, "max_depth": 5.0, "num_boost_round": 46.0}, "datetime": {"datetime": "2024-01-19 00:13:25", "elapsed": 98.291495, "delta": 0.000402}}
{"target": -17.672506656456928, "params": {"gamma": 432.4136695688262, "log10_alpha": -3.784166724193208, "log10_colsample_bytree": -0.6991789174999772, "log10_eta": -2.427089714231618, "log10_lambda": 0.16995284681806844, "log10_min_child_weight": 2.550666905158571, "log10_subsample": -0.7813693155210896, "max_depth": 5.0, "num_boost_round": 47.0}, "datetime": {"datetime": "2024-01-19 00:13:25", "elapsed": 98.291893, "delta": 0.000398}}
{"target": -17.67248910363363, "params": {"gamma": 432.4136695688262, "log10_alpha": -3.784166724193208, "log10_colsample_bytree": -0.6991789174999772, "log10_eta": -2.427089714231618, "log10_lambda": 0.16995284681806844, "log10_min_child_weight": 2.550666905158571, "log10_subsample": -0.7813693155210896, "max_depth": 5.0, "num_boost_round": 48.0}, "datetime": {"datetime": "2024-01-19 00:13:25", "elapsed": 98.2923, "delta": 0.000407}}
{"target": -17.672381397563903, "params": {"gamma": 432.4136695688262, "log10_alpha": -3.784166724193208, "log10_colsample_bytree": -0.6991789174999772, "log10_eta": -2.427089714231618, "log10_lambda": 0.16995284681806844, "log10_min_child_weight": 2.550666905158571, "log10_subsample": -0.7813693155210896, "max_depth": 5.0, "num_boost_round": 49.0}, "datetime": {"datetime": "2024-01-19 00:13:25", "elapsed": 98.292705, "delta": 0.000405}}
{"target": -17.672270846999954, "params": {"gamma": 432.4136695688262, "log10_alpha": -3.784166724193208, "log10_colsample_bytree": -0.6991789174999772, "log10_eta": -2.427089714231618, "log10_lambda": 0.16995284681806844, "log10_min_child_weight": 2.550666905158571, "log10_subsample": -0.7813693155210896, "max_depth": 5.0, "num_boost_round": 50.0}, "datetime": {"datetime": "2024-01-19 00:13:25", "elapsed": 98.293123, "delta": 0.000418}}
{"target": -17.672261767789045, "params": {"gamma": 432.4136695688262, "log10_alpha": -3.784166724193208, "log10_colsample_bytree": -0.6991789174999772, "log10_eta": -2.427089714231618, "log10_lambda": 0.16995284681806844, "log10_min_child_weight": 2.550666905158571, "log10_subsample": -0.7813693155210896, "max_depth": 5.0, "num_boost_round": 51.0}, "datetime": {"datetime": "2024-01-19 00:13:25", "elapsed": 98.293532, "delta": 0.000409}}
{"target": -17.672299505450553, "params": {"gamma": 432.4136695688262, "log10_alpha": -3.784166724193208, "log10_colsample_bytree": -0.6991789174999772, "log10_eta": -2.427089714231618, "log10_lambda": 0.16995284681806844, "log10_min_child_weight": 2.550666905158571, "log10_subsample": -0.7813693155210896, "max_depth": 5.0, "num_boost_round": 52.0}, "datetime": {"datetime": "2024-01-19 00:13:25", "elapsed": 98.293938, "delta": 0.000406}}
{"target": -17.67221513256609, "params": {"gamma": 432.4136695688262, "log10_alpha": -3.784166724193208, "log10_colsample_bytree": -0.6991789174999772, "log10_eta": -2.427089714231618, "log10_lambda": 0.16995284681806844, "log10_min_child_weight": 2.550666905158571, "log10_subsample": -0.7813693155210896, "max_depth": 5.0, "num_boost_round": 53.0}, "datetime": {"datetime": "2024-01-19 00:13:25", "elapsed": 98.294353, "delta": 0.000415}}
{"target": -17.67236311694856, "params": {"gamma": 432.4136695688262, "log10_alpha": -3.784166724193208, "log10_colsample_bytree": -0.6991789174999772, "log10_eta": -2.427089714231618, "log10_lambda": 0.16995284681806844, "log10_min_child_weight": 2.550666905158571, "log10_subsample": -0.7813693155210896, "max_depth": 5.0, "num_boost_round": 54.0}, "datetime": {"datetime": "2024-01-19 00:13:25", "elapsed": 98.294763, "delta": 0.00041}}
{"target": -17.672269019816024, "params": {"gamma": 432.4136695688262, "log10_alpha": -3.784166724193208, "log10_colsample_bytree": -0.6991789174999772, "log10_eta": -2.427089714231618, "log10_lambda": 0.16995284681806844, "log10_min_child_weight": 2.550666905158571, "log10_subsample": -0.7813693155210896, "max_depth": 5.0, "num_boost_round": 55.0}, "datetime": {"datetime": "2024-01-19 00:13:25", "elapsed": 98.295188, "delta": 0.000425}}
{"target": -17.672195233442427, "params": {"gamma": 432.4136695688262, "log10_alpha": -3.784166724193208, "log10_colsample_bytree": -0.6991789174999772, "log10_eta": -2.427089714231618, "log10_lambda": 0.16995284681806844, "log10_min_child_weight": 2.550666905158571, "log10_subsample": -0.7813693155210896, "max_depth": 5.0, "num_boost_round": 56.0}, "datetime": {"datetime": "2024-01-19 00:13:25", "elapsed": 98.295608, "delta": 0.00042}}
{"target": -17.67621550614788, "params": {"gamma": 438.6402168693743, "log10_alpha": -2.8374699869538382, "log10_colsample_bytree": -0.45632657273534516, "log10_eta": -1.097469400162495, "log10_lambda": -1.0013455354748881, "log10_min_child_weight": 1.0165930572064434, "log10_subsample": -0.6459541855290732, "max_depth": 2.0, "num_boost_round": 0.0}, "datetime": {"datetime": "2024-01-19 00:13:55", "elapsed": 128.073468, "delta": 29.77786}}
{"target": -17.675452590407552, "params": {"gamma": 438.6402168693743, "log10_alpha": -2.8374699869538382, "log10_colsample_bytree": -0.45632657273534516, "log10_eta": -1.097469400162495, "log10_lambda": -1.0013455354748881, "log10_min_child_weight": 1.0165930572064434, "log10_subsample": -0.6459541855290732, "max_depth": 2.0, "num_boost_round": 1.0}, "datetime": {"datetime": "2024-01-19 00:13:55", "elapsed": 128.075262, "delta": 0.001794}}
{"target": -17.67446334506488, "params": {"gamma": 438.6402168693743, "log10_alpha": -2.8374699869538382, "log10_colsample_bytree": -0.45632657273534516, "log10_eta": -1.097469400162495, "log10_lambda": -1.0013455354748881, "log10_min_child_weight": 1.0165930572064434, "log10_subsample": -0.6459541855290732, "max_depth": 2.0, "num_boost_round": 2.0}, "datetime": {"datetime": "2024-01-19 00:13:55", "elapsed": 128.075787, "delta": 0.000525}}
{"target": -17.673763815709492, "params": {"gamma": 438.6402168693743, "log10_alpha": -2.8374699869538382, "log10_colsample_bytree": -0.45632657273534516, "log10_eta": -1.097469400162495, "log10_lambda": -1.0013455354748881, "log10_min_child_weight": 1.0165930572064434, "log10_subsample": -0.6459541855290732, "max_depth": 2.0, "num_boost_round": 3.0}, "datetime": {"datetime": "2024-01-19 00:13:55", "elapsed": 128.076279, "delta": 0.000492}}
{"target": -17.673971677756494, "params": {"gamma": 438.6402168693743, "log10_alpha": -2.8374699869538382, "log10_colsample_bytree": -0.45632657273534516, "log10_eta": -1.097469400162495, "log10_lambda": -1.0013455354748881, "log10_min_child_weight": 1.0165930572064434, "log10_subsample": -0.6459541855290732, "max_depth": 2.0, "num_boost_round": 4.0}, "datetime": {"datetime": "2024-01-19 00:13:55", "elapsed": 128.076728, "delta": 0.000449}}
{"target": -17.67477345730936, "params": {"gamma": 438.6402168693743, "log10_alpha": -2.8374699869538382, "log10_colsample_bytree": -0.45632657273534516, "log10_eta": -1.097469400162495, "log10_lambda": -1.0013455354748881, "log10_min_child_weight": 1.0165930572064434, "log10_subsample": -0.6459541855290732, "max_depth": 2.0, "num_boost_round": 5.0}, "datetime": {"datetime": "2024-01-19 00:13:55", "elapsed": 128.077183, "delta": 0.000455}}
{"target": -17.67400640079708, "params": {"gamma": 438.6402168693743, "log10_alpha": -2.8374699869538382, "log10_colsample_bytree": -0.45632657273534516, "log10_eta": -1.097469400162495, "log10_lambda": -1.0013455354748881, "log10_min_child_weight": 1.0165930572064434, "log10_subsample": -0.6459541855290732, "max_depth": 2.0, "num_boost_round": 6.0}, "datetime": {"datetime": "2024-01-19 00:13:55", "elapsed": 128.077626, "delta": 0.000443}}
{"target": -17.67295991034835, "params": {"gamma": 438.6402168693743, "log10_alpha": -2.8374699869538382, "log10_colsample_bytree": -0.45632657273534516, "log10_eta": -1.097469400162495, "log10_lambda": -1.0013455354748881, "log10_min_child_weight": 1.0165930572064434, "log10_subsample": -0.6459541855290732, "max_depth": 2.0, "num_boost_round": 7.0}, "datetime": {"datetime": "2024-01-19 00:13:55", "elapsed": 128.07823, "delta": 0.000604}}
{"target": -17.671982718674215, "params": {"gamma": 438.6402168693743, "log10_alpha": -2.8374699869538382, "log10_colsample_bytree": -0.45632657273534516, "log10_eta": -1.097469400162495, "log10_lambda": -1.0013455354748881, "log10_min_child_weight": 1.0165930572064434, "log10_subsample": -0.6459541855290732, "max_depth": 2.0, "num_boost_round": 8.0}, "datetime": {"datetime": "2024-01-19 00:13:55", "elapsed": 128.078684, "delta": 0.000454}}
{"target": -17.671885759628847, "params": {"gamma": 438.6402168693743, "log10_alpha": -2.8374699869538382, "log10_colsample_bytree": -0.45632657273534516, "log10_eta": -1.097469400162495, "log10_lambda": -1.0013455354748881, "log10_min_child_weight": 1.0165930572064434, "log10_subsample": -0.6459541855290732, "max_depth": 2.0, "num_boost_round": 9.0}, "datetime": {"datetime": "2024-01-19 00:13:55", "elapsed": 128.079136, "delta": 0.000452}}
