{"target": -13.777028662756342, "params": {"gamma": 709.3734255772694, "log10_alpha": -1.6068007431678386, "log10_colsample_bytree": -0.03237570344802043, "log10_eta": -0.9672141366455569, "log10_lambda": 0.030803691152867962, "log10_min_child_weight": 2.7085476376868582, "log10_subsample": -0.4519780804697011, "max_depth": 3.0, "num_boost_round": 13.0}, "datetime": {"datetime": "2024-01-19 00:48:02", "elapsed": 2181.097065, "delta": 0.002387}}
{"target": -13.777154760062684, "params": {"gamma": 709.3734255772694, "log10_alpha": -1.6068007431678386, "log10_colsample_bytree": -0.03237570344802043, "log10_eta": -0.9672141366455569, "log10_lambda": 0.030803691152867962, "log10_min_child_weight": 2.7085476376868582, "log10_subsample": -0.4519780804697011, "max_depth": 3.0, "num_boost_round": 14.0}, "datetime": {"datetime": "2024-01-19 00:48:02", "elapsed": 2181.099481, "delta": 0.002416}}
{"target": -13.77934389099948, "params": {"gamma": 709.3734255772694, "log10_alpha": -1.6068007431678386, "log10_colsample_bytree": -0.03237570344802043, "log10_eta": -0.9672141366455569, "log10_lambda": 0.030803691152867962, "log10_min_child_weight": 2.7085476376868582, "log10_subsample": -0.4519780804697011, "max_depth": 3.0, "num_boost_round": 15.0}, "datetime": {"datetime": "2024-01-19 00:48:02", "elapsed": 2181.101869, "delta": 0.002388}}
{"target": -13.783181659157353, "params": {"gamma": 709.3734255772694, "log10_alpha": -1.6068007431678386, "log10_colsample_bytree": -0.03237570344802043, "log10_eta": -0.9672141366455569, "log10_lambda": 0.030803691152867962, "log10_min_child_weight": 2.7085476376868582, "log10_subsample": -0.4519780804697011, "max_depth": 3.0, "num_boost_round": 16.0}, "datetime": {"datetime": "2024-01-19 00:48:02", "elapsed": 2181.104359, "delta": 0.00249}}
{"target": -13.788847654154027, "params": {"gamma": 709.3734255772694, "log10_alpha": -1.6068007431678386, "log10_colsample_bytree": -0.03237570344802043, "log10_eta": -0.9672141366455569, "log10_lambda": 0.030803691152867962, "log10_min_child_weight": 2.7085476376868582, "log10_subsample": -0.4519780804697011, "max_depth": 3.0, "num_boost_round": 17.0}, "datetime": {"datetime": "2024-01-19 00:48:02", "elapsed": 2181.106766, "delta": 0.002407}}
{"target": -13.790620548912239, "params": {"gamma": 709.3734255772694, "log10_alpha": -1.6068007431678386, "log10_colsample_bytree": -0.03237570344802043, "log10_eta": -0.9672141366455569, "log10_lambda": 0.030803691152867962, "log10_min_child_weight": 2.7085476376868582, "log10_subsample": -0.4519780804697011, "max_depth": 3.0, "num_boost_round": 18.0}, "datetime": {"datetime": "2024-01-19 00:48:02", "elapsed": 2181.109212, "delta": 0.002446}}
{"target": -13.792101170582223, "params": {"gamma": 709.3734255772694, "log10_alpha": -1.6068007431678386, "log10_colsample_bytree": -0.03237570344802043, "log10_eta": -0.9672141366455569, "log10_lambda": 0.030803691152867962, "log10_min_child_weight": 2.7085476376868582, "log10_subsample": -0.4519780804697011, "max_depth": 3.0, "num_boost_round": 19.0}, "datetime": {"datetime": "2024-01-19 00:48:02", "elapsed": 2181.11165, "delta": 0.002438}}
{"target": -13.791879823108442, "params": {"gamma": 709.3734255772694, "log10_alpha": -1.6068007431678386, "log10_colsample_bytree": -0.03237570344802043, "log10_eta": -0.9672141366455569, "log10_lambda": 0.030803691152867962, "log10_min_child_weight": 2.7085476376868582, "log10_subsample": -0.4519780804697011, "max_depth": 3.0, "num_boost_round": 20.0}, "datetime": {"datetime": "2024-01-19 00:48:02", "elapsed": 2181.114119, "delta": 0.002469}}
{"target": -13.792636238781578, "params": {"gamma": 709.3734255772694, "log10_alpha": -1.6068007431678386, "log10_colsample_bytree": -0.03237570344802043, "log10_eta": -0.9672141366455569, "log10_lambda": 0.030803691152867962, "log10_min_child_weight": 2.7085476376868582, "log10_subsample": -0.4519780804697011, "max_depth": 3.0, "num_boost_round": 21.0}, "datetime": {"datetime": "2024-01-19 00:48:02", "elapsed": 2181.116512, "delta": 0.002393}}
{"target": -13.804794221757426, "params": {"gamma": 709.3734255772694, "log10_alpha": -1.6068007431678386, "log10_colsample_bytree": -0.03237570344802043, "log10_eta": -0.9672141366455569, "log10_lambda": 0.030803691152867962, "log10_min_child_weight": 2.7085476376868582, "log10_subsample": -0.4519780804697011, "max_depth": 3.0, "num_boost_round": 22.0}, "datetime": {"datetime": "2024-01-19 00:48:02", "elapsed": 2181.118984, "delta": 0.002472}}
{"target": -13.80509722056936, "params": {"gamma": 709.3734255772694, "log10_alpha": -1.6068007431678386, "log10_colsample_bytree": -0.03237570344802043, "log10_eta": -0.9672141366455569, "log10_lambda": 0.030803691152867962, "log10_min_child_weight": 2.7085476376868582, "log10_subsample": -0.4519780804697011, "max_depth": 3.0, "num_boost_round": 23.0}, "datetime": {"datetime": "2024-01-19 00:48:02", "elapsed": 2181.234795, "delta": 0.115811}}
{"target": -13.805930144849464, "params": {"gamma": 709.3734255772694, "log10_alpha": -1.6068007431678386, "log10_colsample_bytree": -0.03237570344802043, "log10_eta": -0.9672141366455569, "log10_lambda": 0.030803691152867962, "log10_min_child_weight": 2.7085476376868582, "log10_subsample": -0.4519780804697011, "max_depth": 3.0, "num_boost_round": 24.0}, "datetime": {"datetime": "2024-01-19 00:48:02", "elapsed": 2181.237943, "delta": 0.003148}}
{"target": -13.805978317885522, "params": {"gamma": 709.3734255772694, "log10_alpha": -1.6068007431678386, "log10_colsample_bytree": -0.03237570344802043, "log10_eta": -0.9672141366455569, "log10_lambda": 0.030803691152867962, "log10_min_child_weight": 2.7085476376868582, "log10_subsample": -0.4519780804697011, "max_depth": 3.0, "num_boost_round": 25.0}, "datetime": {"datetime": "2024-01-19 00:48:02", "elapsed": 2181.240936, "delta": 0.002993}}
{"target": -13.804646783173972, "params": {"gamma": 709.3734255772694, "log10_alpha": -1.6068007431678386, "log10_colsample_bytree": -0.03237570344802043, "log10_eta": -0.9672141366455569, "log10_lambda": 0.030803691152867962, "log10_min_child_weight": 2.7085476376868582, "log10_subsample": -0.4519780804697011, "max_depth": 3.0, "num_boost_round": 26.0}, "datetime": {"datetime": "2024-01-19 00:48:02", "elapsed": 2181.243576, "delta": 0.00264}}
{"target": -13.806140853121498, "params": {"gamma": 709.3734255772694, "log10_alpha": -1.6068007431678386, "log10_colsample_bytree": -0.03237570344802043, "log10_eta": -0.9672141366455569, "log10_lambda": 0.030803691152867962, "log10_min_child_weight": 2.7085476376868582, "log10_subsample": -0.4519780804697011, "max_depth": 3.0, "num_boost_round": 27.0}, "datetime": {"datetime": "2024-01-19 00:48:02", "elapsed": 2181.246161, "delta": 0.002585}}
{"target": -13.806998674817999, "params": {"gamma": 709.3734255772694, "log10_alpha": -1.6068007431678386, "log10_colsample_bytree": -0.03237570344802043, "log10_eta": -0.9672141366455569, "log10_lambda": 0.030803691152867962, "log10_min_child_weight": 2.7085476376868582, "log10_subsample": -0.4519780804697011, "max_depth": 3.0, "num_boost_round": 28.0}, "datetime": {"datetime": "2024-01-19 00:48:02", "elapsed": 2181.24879, "delta": 0.002629}}
{"target": -13.810056094679334, "params": {"gamma": 709.3734255772694, "log10_alpha": -1.6068007431678386, "log10_colsample_bytree": -0.03237570344802043, "log10_eta": -0.9672141366455569, "log10_lambda": 0.030803691152867962, "log10_min_child_weight": 2.7085476376868582, "log10_subsample": -0.4519780804697011, "max_depth": 3.0, "num_boost_round": 29.0}, "datetime": {"datetime": "2024-01-19 00:48:02", "elapsed": 2181.251367, "delta": 0.002577}}
{"target": -13.810619438116255, "params": {"gamma": 709.3734255772694, "log10_alpha": -1.6068007431678386, "log10_colsample_bytree": -0.03237570344802043, "log10_eta": -0.9672141366455569, "log10_lambda": 0.030803691152867962, "log10_min_child_weight": 2.7085476376868582, "log10_subsample": -0.4519780804697011, "max_depth": 3.0, "num_boost_round": 30.0}, "datetime": {"datetime": "2024-01-19 00:48:02", "elapsed": 2181.254102, "delta": 0.002735}}
{"target": -13.81097918639494, "params": {"gamma": 709.3734255772694, "log10_alpha": -1.6068007431678386, "log10_colsample_bytree": -0.03237570344802043, "log10_eta": -0.9672141366455569, "log10_lambda": 0.030803691152867962, "log10_min_child_weight": 2.7085476376868582, "log10_subsample": -0.4519780804697011, "max_depth": 3.0, "num_boost_round": 31.0}, "datetime": {"datetime": "2024-01-19 00:48:02", "elapsed": 2181.256656, "delta": 0.002554}}
{"target": -13.814433917001754, "params": {"gamma": 709.3734255772694, "log10_alpha": -1.6068007431678386, "log10_colsample_bytree": -0.03237570344802043, "log10_eta": -0.9672141366455569, "log10_lambda": 0.030803691152867962, "log10_min_child_weight": 2.7085476376868582, "log10_subsample": -0.4519780804697011, "max_depth": 3.0, "num_boost_round": 32.0}, "datetime": {"datetime": "2024-01-19 00:48:02", "elapsed": 2181.259147, "delta": 0.002491}}
{"target": -13.837258431151152, "params": {"gamma": 709.3734255772694, "log10_alpha": -1.6068007431678386, "log10_colsample_bytree": -0.03237570344802043, "log10_eta": -0.9672141366455569, "log10_lambda": 0.030803691152867962, "log10_min_child_weight": 2.7085476376868582, "log10_subsample": -0.4519780804697011, "max_depth": 3.0, "num_boost_round": 33.0}, "datetime": {"datetime": "2024-01-19 00:48:02", "elapsed": 2181.26174, "delta": 0.002593}}
{"target": -13.840676690118663, "params": {"gamma": 709.3734255772694, "log10_alpha": -1.6068007431678386, "log10_colsample_bytree": -0.03237570344802043, "log10_eta": -0.9672141366455569, "log10_lambda": 0.030803691152867962, "log10_min_child_weight": 2.7085476376868582, "log10_subsample": -0.4519780804697011, "max_depth": 3.0, "num_boost_round": 34.0}, "datetime": {"datetime": "2024-01-19 00:48:02", "elapsed": 2181.264345, "delta": 0.002605}}
{"target": -13.842094314250081, "params": {"gamma": 709.3734255772694, "log10_alpha": -1.6068007431678386, "log10_colsample_bytree": -0.03237570344802043, "log10_eta": -0.9672141366455569, "log10_lambda": 0.030803691152867962, "log10_min_child_weight": 2.7085476376868582, "log10_subsample": -0.4519780804697011, "max_depth": 3.0, "num_boost_round": 35.0}, "datetime": {"datetime": "2024-01-19 00:48:02", "elapsed": 2181.266864, "delta": 0.002519}}
{"target": -13.84223661024748, "params": {"gamma": 709.3734255772694, "log10_alpha": -1.6068007431678386, "log10_colsample_bytree": -0.03237570344802043, "log10_eta": -0.9672141366455569, "log10_lambda": 0.030803691152867962, "log10_min_child_weight": 2.7085476376868582, "log10_subsample": -0.4519780804697011, "max_depth": 3.0, "num_boost_round": 36.0}, "datetime": {"datetime": "2024-01-19 00:48:02", "elapsed": 2181.269687, "delta": 0.002823}}
{"target": -13.84551189850822, "params": {"gamma": 709.3734255772694, "log10_alpha": -1.6068007431678386, "log10_colsample_bytree": -0.03237570344802043, "log10_eta": -0.9672141366455569, "log10_lambda": 0.030803691152867962, "log10_min_child_weight": 2.7085476376868582, "log10_subsample": -0.4519780804697011, "max_depth": 3.0, "num_boost_round": 37.0}, "datetime": {"datetime": "2024-01-19 00:48:02", "elapsed": 2181.272444, "delta": 0.002757}}
{"target": -13.844533776453758, "params": {"gamma": 709.3734255772694, "log10_alpha": -1.6068007431678386, "log10_colsample_bytree": -0.03237570344802043, "log10_eta": -0.9672141366455569, "log10_lambda": 0.030803691152867962, "log10_min_child_weight": 2.7085476376868582, "log10_subsample": -0.4519780804697011, "max_depth": 3.0, "num_boost_round": 38.0}, "datetime": {"datetime": "2024-01-19 00:48:02", "elapsed": 2181.275048, "delta": 0.002604}}
{"target": -13.848987270064212, "params": {"gamma": 709.3734255772694, "log10_alpha": -1.6068007431678386, "log10_colsample_bytree": -0.03237570344802043, "log10_eta": -0.9672141366455569, "log10_lambda": 0.030803691152867962, "log10_min_child_weight": 2.7085476376868582, "log10_subsample": -0.4519780804697011, "max_depth": 3.0, "num_boost_round": 39.0}, "datetime": {"datetime": "2024-01-19 00:48:02", "elapsed": 2181.277614, "delta": 0.002566}}
{"target": -13.850313530779491, "params": {"gamma": 709.3734255772694, "log10_alpha": -1.6068007431678386, "log10_colsample_bytree": -0.03237570344802043, "log10_eta": -0.9672141366455569, "log10_lambda": 0.030803691152867962, "log10_min_child_weight": 2.7085476376868582, "log10_subsample": -0.4519780804697011, "max_depth": 3.0, "num_boost_round": 40.0}, "datetime": {"datetime": "2024-01-19 00:48:02", "elapsed": 2181.280262, "delta": 0.002648}}
{"target": -13.850235856892144, "params": {"gamma": 709.3734255772694, "log10_alpha": -1.6068007431678386, "log10_colsample_bytree": -0.03237570344802043, "log10_eta": -0.9672141366455569, "log10_lambda": 0.030803691152867962, "log10_min_child_weight": 2.7085476376868582, "log10_subsample": -0.4519780804697011, "max_depth": 3.0, "num_boost_round": 41.0}, "datetime": {"datetime": "2024-01-19 00:48:02", "elapsed": 2181.282842, "delta": 0.00258}}
{"target": -13.85046294056544, "params": {"gamma": 709.3734255772694, "log10_alpha": -1.6068007431678386, "log10_colsample_bytree": -0.03237570344802043, "log10_eta": -0.9672141366455569, "log10_lambda": 0.030803691152867962, "log10_min_child_weight": 2.7085476376868582, "log10_subsample": -0.4519780804697011, "max_depth": 3.0, "num_boost_round": 42.0}, "datetime": {"datetime": "2024-01-19 00:48:02", "elapsed": 2181.285433, "delta": 0.002591}}
{"target": -13.850298299510166, "params": {"gamma": 709.3734255772694, "log10_alpha": -1.6068007431678386, "log10_colsample_bytree": -0.03237570344802043, "log10_eta": -0.9672141366455569, "log10_lambda": 0.030803691152867962, "log10_min_child_weight": 2.7085476376868582, "log10_subsample": -0.4519780804697011, "max_depth": 3.0, "num_boost_round": 43.0}, "datetime": {"datetime": "2024-01-19 00:48:02", "elapsed": 2181.288111, "delta": 0.002678}}
{"target": -13.854950444656827, "params": {"gamma": 709.3734255772694, "log10_alpha": -1.6068007431678386, "log10_colsample_bytree": -0.03237570344802043, "log10_eta": -0.9672141366455569, "log10_lambda": 0.030803691152867962, "log10_min_child_weight": 2.7085476376868582, "log10_subsample": -0.4519780804697011, "max_depth": 3.0, "num_boost_round": 44.0}, "datetime": {"datetime": "2024-01-19 00:48:02", "elapsed": 2181.29071, "delta": 0.002599}}
{"target": -13.85480821479546, "params": {"gamma": 709.3734255772694, "log10_alpha": -1.6068007431678386, "log10_colsample_bytree": -0.03237570344802043, "log10_eta": -0.9672141366455569, "log10_lambda": 0.030803691152867962, "log10_min_child_weight": 2.7085476376868582, "log10_subsample": -0.4519780804697011, "max_depth": 3.0, "num_boost_round": 45.0}, "datetime": {"datetime": "2024-01-19 00:48:02", "elapsed": 2181.293363, "delta": 0.002653}}
{"target": -13.858552144947994, "params": {"gamma": 709.3734255772694, "log10_alpha": -1.6068007431678386, "log10_colsample_bytree": -0.03237570344802043, "log10_eta": -0.9672141366455569, "log10_lambda": 0.030803691152867962, "log10_min_child_weight": 2.7085476376868582, "log10_subsample": -0.4519780804697011, "max_depth": 3.0, "num_boost_round": 46.0}, "datetime": {"datetime": "2024-01-19 00:48:02", "elapsed": 2181.296008, "delta": 0.002645}}
{"target": -13.858950692193039, "params": {"gamma": 709.3734255772694, "log10_alpha": -1.6068007431678386, "log10_colsample_bytree": -0.03237570344802043, "log10_eta": -0.9672141366455569, "log10_lambda": 0.030803691152867962, "log10_min_child_weight": 2.7085476376868582, "log10_subsample": -0.4519780804697011, "max_depth": 3.0, "num_boost_round": 47.0}, "datetime": {"datetime": "2024-01-19 00:48:02", "elapsed": 2181.298617, "delta": 0.002609}}
{"target": -13.758543521631042, "params": {"gamma": 722.4056175556103, "log10_alpha": 0.2910418136107005, "log10_colsample_bytree": -0.10921700248685329, "log10_eta": -3.7741118019645783, "log10_lambda": -0.24859547512039537, "log10_min_child_weight": 0.8358026054769574, "log10_subsample": -0.34522468493830605, "max_depth": 8.0, "num_boost_round": 0.0}, "datetime": {"datetime": "2024-01-19 00:48:35", "elapsed": 2215.032158, "delta": 33.733541}}
{"target": -13.758545504335162, "params": {"gamma": 722.4056175556103, "log10_alpha": 0.2910418136107005, "log10_colsample_bytree": -0.10921700248685329, "log10_eta": -3.7741118019645783, "log10_lambda": -0.24859547512039537, "log10_min_child_weight": 0.8358026054769574, "log10_subsample": -0.34522468493830605, "max_depth": 8.0, "num_boost_round": 1.0}, "datetime": {"datetime": "2024-01-19 00:48:35", "elapsed": 2215.03498, "delta": 0.002822}}
{"target": -13.758538850043692, "params": {"gamma": 722.4056175556103, "log10_alpha": 0.2910418136107005, "log10_colsample_bytree": -0.10921700248685329, "log10_eta": -3.7741118019645783, "log10_lambda": -0.24859547512039537, "log10_min_child_weight": 0.8358026054769574, "log10_subsample": -0.34522468493830605, "max_depth": 8.0, "num_boost_round": 2.0}, "datetime": {"datetime": "2024-01-19 00:48:35", "elapsed": 2215.037824, "delta": 0.002844}}
{"target": -13.75853710178802, "params": {"gamma": 722.4056175556103, "log10_alpha": 0.2910418136107005, "log10_colsample_bytree": -0.10921700248685329, "log10_eta": -3.7741118019645783, "log10_lambda": -0.24859547512039537, "log10_min_child_weight": 0.8358026054769574, "log10_subsample": -0.34522468493830605, "max_depth": 8.0, "num_boost_round": 3.0}, "datetime": {"datetime": "2024-01-19 00:48:35", "elapsed": 2215.040374, "delta": 0.00255}}
{"target": -13.758532981340176, "params": {"gamma": 722.4056175556103, "log10_alpha": 0.2910418136107005, "log10_colsample_bytree": -0.10921700248685329, "log10_eta": -3.7741118019645783, "log10_lambda": -0.24859547512039537, "log10_min_child_weight": 0.8358026054769574, "log10_subsample": -0.34522468493830605, "max_depth": 8.0, "num_boost_round": 4.0}, "datetime": {"datetime": "2024-01-19 00:48:35", "elapsed": 2215.04335, "delta": 0.002976}}
{"target": -13.758524102715754, "params": {"gamma": 722.4056175556103, "log10_alpha": 0.2910418136107005, "log10_colsample_bytree": -0.10921700248685329, "log10_eta": -3.7741118019645783, "log10_lambda": -0.24859547512039537, "log10_min_child_weight": 0.8358026054769574, "log10_subsample": -0.34522468493830605, "max_depth": 8.0, "num_boost_round": 5.0}, "datetime": {"datetime": "2024-01-19 00:48:35", "elapsed": 2215.046808, "delta": 0.003458}}
{"target": -13.758522329356694, "params": {"gamma": 722.4056175556103, "log10_alpha": 0.2910418136107005, "log10_colsample_bytree": -0.10921700248685329, "log10_eta": -3.7741118019645783, "log10_lambda": -0.24859547512039537, "log10_min_child_weight": 0.8358026054769574, "log10_subsample": -0.34522468493830605, "max_depth": 8.0, "num_boost_round": 6.0}, "datetime": {"datetime": "2024-01-19 00:48:35", "elapsed": 2215.049449, "delta": 0.002641}}
{"target": -13.758526338660715, "params": {"gamma": 722.4056175556103, "log10_alpha": 0.2910418136107005, "log10_colsample_bytree": -0.10921700248685329, "log10_eta": -3.7741118019645783, "log10_lambda": -0.24859547512039537, "log10_min_child_weight": 0.8358026054769574, "log10_subsample": -0.34522468493830605, "max_depth": 8.0, "num_boost_round": 7.0}, "datetime": {"datetime": "2024-01-19 00:48:35", "elapsed": 2215.052089, "delta": 0.00264}}
{"target": -13.758512794820696, "params": {"gamma": 722.4056175556103, "log10_alpha": 0.2910418136107005, "log10_colsample_bytree": -0.10921700248685329, "log10_eta": -3.7741118019645783, "log10_lambda": -0.24859547512039537, "log10_min_child_weight": 0.8358026054769574, "log10_subsample": -0.34522468493830605, "max_depth": 8.0, "num_boost_round": 8.0}, "datetime": {"datetime": "2024-01-19 00:48:35", "elapsed": 2215.054762, "delta": 0.002673}}
{"target": -13.758507946319886, "params": {"gamma": 722.4056175556103, "log10_alpha": 0.2910418136107005, "log10_colsample_bytree": -0.10921700248685329, "log10_eta": -3.7741118019645783, "log10_lambda": -0.24859547512039537, "log10_min_child_weight": 0.8358026054769574, "log10_subsample": -0.34522468493830605, "max_depth": 8.0, "num_boost_round": 9.0}, "datetime": {"datetime": "2024-01-19 00:48:35", "elapsed": 2215.057373, "delta": 0.002611}}
{"target": -13.758505228236308, "params": {"gamma": 722.4056175556103, "log10_alpha": 0.2910418136107005, "log10_colsample_bytree": -0.10921700248685329, "log10_eta": -3.7741118019645783, "log10_lambda": -0.24859547512039537, "log10_min_child_weight": 0.8358026054769574, "log10_subsample": -0.34522468493830605, "max_depth": 8.0, "num_boost_round": 10.0}, "datetime": {"datetime": "2024-01-19 00:48:35", "elapsed": 2215.059951, "delta": 0.002578}}
{"target": -13.758500886076291, "params": {"gamma": 722.4056175556103, "log10_alpha": 0.2910418136107005, "log10_colsample_bytree": -0.10921700248685329, "log10_eta": -3.7741118019645783, "log10_lambda": -0.24859547512039537, "log10_min_child_weight": 0.8358026054769574, "log10_subsample": -0.34522468493830605, "max_depth": 8.0, "num_boost_round": 11.0}, "datetime": {"datetime": "2024-01-19 00:48:35", "elapsed": 2215.062475, "delta": 0.002524}}
{"target": -13.758505532174462, "params": {"gamma": 722.4056175556103, "log10_alpha": 0.2910418136107005, "log10_colsample_bytree": -0.10921700248685329, "log10_eta": -3.7741118019645783, "log10_lambda": -0.24859547512039537, "log10_min_child_weight": 0.8358026054769574, "log10_subsample": -0.34522468493830605, "max_depth": 8.0, "num_boost_round": 12.0}, "datetime": {"datetime": "2024-01-19 00:48:35", "elapsed": 2215.064943, "delta": 0.002468}}
{"target": -13.758495089845225, "params": {"gamma": 722.4056175556103, "log10_alpha": 0.2910418136107005, "log10_colsample_bytree": -0.10921700248685329, "log10_eta": -3.7741118019645783, "log10_lambda": -0.24859547512039537, "log10_min_child_weight": 0.8358026054769574, "log10_subsample": -0.34522468493830605, "max_depth": 8.0, "num_boost_round": 13.0}, "datetime": {"datetime": "2024-01-19 00:48:35", "elapsed": 2215.067435, "delta": 0.002492}}
