{"target": -17.67716265089396, "params": {"gamma": 973.9749787028696, "log10_alpha": -4.636794553204879, "log10_colsample_bytree": -0.7316595656547603, "log10_eta": -3.4119782021921234, "log10_lambda": -2.7248904968750223, "log10_min_child_weight": 4.534006962263853, "log10_subsample": -0.4942663627318048, "max_depth": 5.0, "num_boost_round": 25.0}, "datetime": {"datetime": "2024-01-19 00:50:13", "elapsed": 2307.297429, "delta": 0.002635}}
{"target": -17.67716586861811, "params": {"gamma": 973.9749787028696, "log10_alpha": -4.636794553204879, "log10_colsample_bytree": -0.7316595656547603, "log10_eta": -3.4119782021921234, "log10_lambda": -2.7248904968750223, "log10_min_child_weight": 4.534006962263853, "log10_subsample": -0.4942663627318048, "max_depth": 5.0, "num_boost_round": 26.0}, "datetime": {"datetime": "2024-01-19 00:50:13", "elapsed": 2307.300067, "delta": 0.002638}}
{"target": -17.677161436482375, "params": {"gamma": 973.9749787028696, "log10_alpha": -4.636794553204879, "log10_colsample_bytree": -0.7316595656547603, "log10_eta": -3.4119782021921234, "log10_lambda": -2.7248904968750223, "log10_min_child_weight": 4.534006962263853, "log10_subsample": -0.4942663627318048, "max_depth": 5.0, "num_boost_round": 27.0}, "datetime": {"datetime": "2024-01-19 00:50:13", "elapsed": 2307.302727, "delta": 0.00266}}
{"target": -17.677158187593314, "params": {"gamma": 973.9749787028696, "log10_alpha": -4.636794553204879, "log10_colsample_bytree": -0.7316595656547603, "log10_eta": -3.4119782021921234, "log10_lambda": -2.7248904968750223, "log10_min_child_weight": 4.534006962263853, "log10_subsample": -0.4942663627318048, "max_depth": 5.0, "num_boost_round": 28.0}, "datetime": {"datetime": "2024-01-19 00:50:13", "elapsed": 2307.305375, "delta": 0.002648}}
{"target": -17.677156281699656, "params": {"gamma": 973.9749787028696, "log10_alpha": -4.636794553204879, "log10_colsample_bytree": -0.7316595656547603, "log10_eta": -3.4119782021921234, "log10_lambda": -2.7248904968750223, "log10_min_child_weight": 4.534006962263853, "log10_subsample": -0.4942663627318048, "max_depth": 5.0, "num_boost_round": 29.0}, "datetime": {"datetime": "2024-01-19 00:50:13", "elapsed": 2307.308017, "delta": 0.002642}}
{"target": -17.67715283262409, "params": {"gamma": 973.9749787028696, "log10_alpha": -4.636794553204879, "log10_colsample_bytree": -0.7316595656547603, "log10_eta": -3.4119782021921234, "log10_lambda": -2.7248904968750223, "log10_min_child_weight": 4.534006962263853, "log10_subsample": -0.4942663627318048, "max_depth": 5.0, "num_boost_round": 30.0}, "datetime": {"datetime": "2024-01-19 00:50:13", "elapsed": 2307.310694, "delta": 0.002677}}
{"target": -17.67722028926892, "params": {"gamma": 977.0366907168976, "log10_alpha": -3.0607889294379453, "log10_colsample_bytree": -0.9523103364879, "log10_eta": -3.2980078976232985, "log10_lambda": -4.285346730481541, "log10_min_child_weight": 0.06967863353551151, "log10_subsample": -0.9149246381475091, "max_depth": 9.0, "num_boost_round": 0.0}, "datetime": {"datetime": "2024-01-19 00:50:48", "elapsed": 2342.786742, "delta": 35.476048}}
{"target": -17.677209528379944, "params": {"gamma": 977.0366907168976, "log10_alpha": -3.0607889294379453, "log10_colsample_bytree": -0.9523103364879, "log10_eta": -3.2980078976232985, "log10_lambda": -4.285346730481541, "log10_min_child_weight": 0.06967863353551151, "log10_subsample": -0.9149246381475091, "max_depth": 9.0, "num_boost_round": 1.0}, "datetime": {"datetime": "2024-01-19 00:50:48", "elapsed": 2342.789911, "delta": 0.003169}}
{"target": -17.67718252675993, "params": {"gamma": 977.0366907168976, "log10_alpha": -3.0607889294379453, "log10_colsample_bytree": -0.9523103364879, "log10_eta": -3.2980078976232985, "log10_lambda": -4.285346730481541, "log10_min_child_weight": 0.06967863353551151, "log10_subsample": -0.9149246381475091, "max_depth": 9.0, "num_boost_round": 2.0}, "datetime": {"datetime": "2024-01-19 00:50:48", "elapsed": 2342.793371, "delta": 0.00346}}
{"target": -17.67716176060757, "params": {"gamma": 977.0366907168976, "log10_alpha": -3.0607889294379453, "log10_colsample_bytree": -0.9523103364879, "log10_eta": -3.2980078976232985, "log10_lambda": -4.285346730481541, "log10_min_child_weight": 0.06967863353551151, "log10_subsample": -0.9149246381475091, "max_depth": 9.0, "num_boost_round": 3.0}, "datetime": {"datetime": "2024-01-19 00:50:48", "elapsed": 2342.796122, "delta": 0.002751}}
{"target": -17.67709806559035, "params": {"gamma": 977.0366907168976, "log10_alpha": -3.0607889294379453, "log10_colsample_bytree": -0.9523103364879, "log10_eta": -3.2980078976232985, "log10_lambda": -4.285346730481541, "log10_min_child_weight": 0.06967863353551151, "log10_subsample": -0.9149246381475091, "max_depth": 9.0, "num_boost_round": 4.0}, "datetime": {"datetime": "2024-01-19 00:50:48", "elapsed": 2342.798801, "delta": 0.002679}}
{"target": -17.677105082584845, "params": {"gamma": 977.0366907168976, "log10_alpha": -3.0607889294379453, "log10_colsample_bytree": -0.9523103364879, "log10_eta": -3.2980078976232985, "log10_lambda": -4.285346730481541, "log10_min_child_weight": 0.06967863353551151, "log10_subsample": -0.9149246381475091, "max_depth": 9.0, "num_boost_round": 5.0}, "datetime": {"datetime": "2024-01-19 00:50:49", "elapsed": 2342.801443, "delta": 0.002642}}
{"target": -17.677114604790614, "params": {"gamma": 977.0366907168976, "log10_alpha": -3.0607889294379453, "log10_colsample_bytree": -0.9523103364879, "log10_eta": -3.2980078976232985, "log10_lambda": -4.285346730481541, "log10_min_child_weight": 0.06967863353551151, "log10_subsample": -0.9149246381475091, "max_depth": 9.0, "num_boost_round": 6.0}, "datetime": {"datetime": "2024-01-19 00:50:49", "elapsed": 2342.804174, "delta": 0.002731}}
{"target": -17.677078347596115, "params": {"gamma": 977.0366907168976, "log10_alpha": -3.0607889294379453, "log10_colsample_bytree": -0.9523103364879, "log10_eta": -3.2980078976232985, "log10_lambda": -4.285346730481541, "log10_min_child_weight": 0.06967863353551151, "log10_subsample": -0.9149246381475091, "max_depth": 9.0, "num_boost_round": 7.0}, "datetime": {"datetime": "2024-01-19 00:50:49", "elapsed": 2342.806796, "delta": 0.002622}}
{"target": -17.67706320091392, "params": {"gamma": 977.0366907168976, "log10_alpha": -3.0607889294379453, "log10_colsample_bytree": -0.9523103364879, "log10_eta": -3.2980078976232985, "log10_lambda": -4.285346730481541, "log10_min_child_weight": 0.06967863353551151, "log10_subsample": -0.9149246381475091, "max_depth": 9.0, "num_boost_round": 8.0}, "datetime": {"datetime": "2024-01-19 00:50:49", "elapsed": 2342.809411, "delta": 0.002615}}
{"target": -17.67704123668008, "params": {"gamma": 977.0366907168976, "log10_alpha": -3.0607889294379453, "log10_colsample_bytree": -0.9523103364879, "log10_eta": -3.2980078976232985, "log10_lambda": -4.285346730481541, "log10_min_child_weight": 0.06967863353551151, "log10_subsample": -0.9149246381475091, "max_depth": 9.0, "num_boost_round": 9.0}, "datetime": {"datetime": "2024-01-19 00:50:49", "elapsed": 2342.812253, "delta": 0.002842}}
{"target": -17.67701367595296, "params": {"gamma": 977.0366907168976, "log10_alpha": -3.0607889294379453, "log10_colsample_bytree": -0.9523103364879, "log10_eta": -3.2980078976232985, "log10_lambda": -4.285346730481541, "log10_min_child_weight": 0.06967863353551151, "log10_subsample": -0.9149246381475091, "max_depth": 9.0, "num_boost_round": 10.0}, "datetime": {"datetime": "2024-01-19 00:50:49", "elapsed": 2342.81505, "delta": 0.002797}}
{"target": -17.676971658861085, "params": {"gamma": 977.0366907168976, "log10_alpha": -3.0607889294379453, "log10_colsample_bytree": -0.9523103364879, "log10_eta": -3.2980078976232985, "log10_lambda": -4.285346730481541, "log10_min_child_weight": 0.06967863353551151, "log10_subsample": -0.9149246381475091, "max_depth": 9.0, "num_boost_round": 11.0}, "datetime": {"datetime": "2024-01-19 00:50:49", "elapsed": 2342.817806, "delta": 0.002756}}
{"target": -17.676955994071747, "params": {"gamma": 977.0366907168976, "log10_alpha": -3.0607889294379453, "log10_colsample_bytree": -0.9523103364879, "log10_eta": -3.2980078976232985, "log10_lambda": -4.285346730481541, "log10_min_child_weight": 0.06967863353551151, "log10_subsample": -0.9149246381475091, "max_depth": 9.0, "num_boost_round": 12.0}, "datetime": {"datetime": "2024-01-19 00:50:49", "elapsed": 2342.820561, "delta": 0.002755}}
{"target": -17.676939505465768, "params": {"gamma": 977.0366907168976, "log10_alpha": -3.0607889294379453, "log10_colsample_bytree": -0.9523103364879, "log10_eta": -3.2980078976232985, "log10_lambda": -4.285346730481541, "log10_min_child_weight": 0.06967863353551151, "log10_subsample": -0.9149246381475091, "max_depth": 9.0, "num_boost_round": 13.0}, "datetime": {"datetime": "2024-01-19 00:50:49", "elapsed": 2342.823238, "delta": 0.002677}}
{"target": -17.67692806030483, "params": {"gamma": 977.0366907168976, "log10_alpha": -3.0607889294379453, "log10_colsample_bytree": -0.9523103364879, "log10_eta": -3.2980078976232985, "log10_lambda": -4.285346730481541, "log10_min_child_weight": 0.06967863353551151, "log10_subsample": -0.9149246381475091, "max_depth": 9.0, "num_boost_round": 14.0}, "datetime": {"datetime": "2024-01-19 00:50:49", "elapsed": 2342.825878, "delta": 0.00264}}
{"target": -17.676905977893355, "params": {"gamma": 977.0366907168976, "log10_alpha": -3.0607889294379453, "log10_colsample_bytree": -0.9523103364879, "log10_eta": -3.2980078976232985, "log10_lambda": -4.285346730481541, "log10_min_child_weight": 0.06967863353551151, "log10_subsample": -0.9149246381475091, "max_depth": 9.0, "num_boost_round": 15.0}, "datetime": {"datetime": "2024-01-19 00:50:49", "elapsed": 2342.828513, "delta": 0.002635}}
{"target": -17.67771384904646, "params": {"gamma": 978.9769795747832, "log10_alpha": -1.9050443700607556, "log10_colsample_bytree": -0.1485596498287044, "log10_eta": -1.9481718052425996, "log10_lambda": -4.251475518841533, "log10_min_child_weight": 0.06757548266682845, "log10_subsample": -0.6350613043690498, "max_depth": 7.0, "num_boost_round": 0.0}, "datetime": {"datetime": "2024-01-19 00:51:29", "elapsed": 2383.313573, "delta": 40.48506}}
{"target": -17.677650280081615, "params": {"gamma": 978.9769795747832, "log10_alpha": -1.9050443700607556, "log10_colsample_bytree": -0.1485596498287044, "log10_eta": -1.9481718052425996, "log10_lambda": -4.251475518841533, "log10_min_child_weight": 0.06757548266682845, "log10_subsample": -0.6350613043690498, "max_depth": 7.0, "num_boost_round": 1.0}, "datetime": {"datetime": "2024-01-19 00:51:29", "elapsed": 2383.316738, "delta": 0.003165}}
{"target": -17.676757783679673, "params": {"gamma": 978.9769795747832, "log10_alpha": -1.9050443700607556, "log10_colsample_bytree": -0.1485596498287044, "log10_eta": -1.9481718052425996, "log10_lambda": -4.251475518841533, "log10_min_child_weight": 0.06757548266682845, "log10_subsample": -0.6350613043690498, "max_depth": 7.0, "num_boost_round": 2.0}, "datetime": {"datetime": "2024-01-19 00:51:29", "elapsed": 2383.31976, "delta": 0.003022}}
{"target": -17.676083223313302, "params": {"gamma": 978.9769795747832, "log10_alpha": -1.9050443700607556, "log10_colsample_bytree": -0.1485596498287044, "log10_eta": -1.9481718052425996, "log10_lambda": -4.251475518841533, "log10_min_child_weight": 0.06757548266682845, "log10_subsample": -0.6350613043690498, "max_depth": 7.0, "num_boost_round": 3.0}, "datetime": {"datetime": "2024-01-19 00:51:29", "elapsed": 2383.322411, "delta": 0.002651}}
{"target": -17.676436352797772, "params": {"gamma": 978.9769795747832, "log10_alpha": -1.9050443700607556, "log10_colsample_bytree": -0.1485596498287044, "log10_eta": -1.9481718052425996, "log10_lambda": -4.251475518841533, "log10_min_child_weight": 0.06757548266682845, "log10_subsample": -0.6350613043690498, "max_depth": 7.0, "num_boost_round": 4.0}, "datetime": {"datetime": "2024-01-19 00:51:29", "elapsed": 2383.325162, "delta": 0.002751}}
{"target": -17.675893371049234, "params": {"gamma": 978.9769795747832, "log10_alpha": -1.9050443700607556, "log10_colsample_bytree": -0.1485596498287044, "log10_eta": -1.9481718052425996, "log10_lambda": -4.251475518841533, "log10_min_child_weight": 0.06757548266682845, "log10_subsample": -0.6350613043690498, "max_depth": 7.0, "num_boost_round": 5.0}, "datetime": {"datetime": "2024-01-19 00:51:29", "elapsed": 2383.327809, "delta": 0.002647}}
{"target": -17.676029258515136, "params": {"gamma": 978.9769795747832, "log10_alpha": -1.9050443700607556, "log10_colsample_bytree": -0.1485596498287044, "log10_eta": -1.9481718052425996, "log10_lambda": -4.251475518841533, "log10_min_child_weight": 0.06757548266682845, "log10_subsample": -0.6350613043690498, "max_depth": 7.0, "num_boost_round": 6.0}, "datetime": {"datetime": "2024-01-19 00:51:29", "elapsed": 2383.330574, "delta": 0.002765}}
{"target": -17.6757252195732, "params": {"gamma": 978.9769795747832, "log10_alpha": -1.9050443700607556, "log10_colsample_bytree": -0.1485596498287044, "log10_eta": -1.9481718052425996, "log10_lambda": -4.251475518841533, "log10_min_child_weight": 0.06757548266682845, "log10_subsample": -0.6350613043690498, "max_depth": 7.0, "num_boost_round": 7.0}, "datetime": {"datetime": "2024-01-19 00:51:29", "elapsed": 2383.333295, "delta": 0.002721}}
{"target": -17.67527136962305, "params": {"gamma": 978.9769795747832, "log10_alpha": -1.9050443700607556, "log10_colsample_bytree": -0.1485596498287044, "log10_eta": -1.9481718052425996, "log10_lambda": -4.251475518841533, "log10_min_child_weight": 0.06757548266682845, "log10_subsample": -0.6350613043690498, "max_depth": 7.0, "num_boost_round": 8.0}, "datetime": {"datetime": "2024-01-19 00:51:29", "elapsed": 2383.33606, "delta": 0.002765}}
{"target": -17.674734897163372, "params": {"gamma": 978.9769795747832, "log10_alpha": -1.9050443700607556, "log10_colsample_bytree": -0.1485596498287044, "log10_eta": -1.9481718052425996, "log10_lambda": -4.251475518841533, "log10_min_child_weight": 0.06757548266682845, "log10_subsample": -0.6350613043690498, "max_depth": 7.0, "num_boost_round": 9.0}, "datetime": {"datetime": "2024-01-19 00:51:29", "elapsed": 2383.338866, "delta": 0.002806}}
{"target": -17.67519110509901, "params": {"gamma": 978.9769795747832, "log10_alpha": -1.9050443700607556, "log10_colsample_bytree": -0.1485596498287044, "log10_eta": -1.9481718052425996, "log10_lambda": -4.251475518841533, "log10_min_child_weight": 0.06757548266682845, "log10_subsample": -0.6350613043690498, "max_depth": 7.0, "num_boost_round": 10.0}, "datetime": {"datetime": "2024-01-19 00:51:29", "elapsed": 2383.341511, "delta": 0.002645}}
{"target": -17.67550648878362, "params": {"gamma": 978.9769795747832, "log10_alpha": -1.9050443700607556, "log10_colsample_bytree": -0.1485596498287044, "log10_eta": -1.9481718052425996, "log10_lambda": -4.251475518841533, "log10_min_child_weight": 0.06757548266682845, "log10_subsample": -0.6350613043690498, "max_depth": 7.0, "num_boost_round": 11.0}, "datetime": {"datetime": "2024-01-19 00:51:29", "elapsed": 2383.344203, "delta": 0.002692}}
{"target": -17.67587651164197, "params": {"gamma": 978.9769795747832, "log10_alpha": -1.9050443700607556, "log10_colsample_bytree": -0.1485596498287044, "log10_eta": -1.9481718052425996, "log10_lambda": -4.251475518841533, "log10_min_child_weight": 0.06757548266682845, "log10_subsample": -0.6350613043690498, "max_depth": 7.0, "num_boost_round": 12.0}, "datetime": {"datetime": "2024-01-19 00:51:29", "elapsed": 2383.346846, "delta": 0.002643}}
{"target": -17.676456027841887, "params": {"gamma": 978.9769795747832, "log10_alpha": -1.9050443700607556, "log10_colsample_bytree": -0.1485596498287044, "log10_eta": -1.9481718052425996, "log10_lambda": -4.251475518841533, "log10_min_child_weight": 0.06757548266682845, "log10_subsample": -0.6350613043690498, "max_depth": 7.0, "num_boost_round": 13.0}, "datetime": {"datetime": "2024-01-19 00:51:29", "elapsed": 2383.349482, "delta": 0.002636}}
{"target": -17.67568356648541, "params": {"gamma": 978.9769795747832, "log10_alpha": -1.9050443700607556, "log10_colsample_bytree": -0.1485596498287044, "log10_eta": -1.9481718052425996, "log10_lambda": -4.251475518841533, "log10_min_child_weight": 0.06757548266682845, "log10_subsample": -0.6350613043690498, "max_depth": 7.0, "num_boost_round": 14.0}, "datetime": {"datetime": "2024-01-19 00:51:29", "elapsed": 2383.35213, "delta": 0.002648}}
{"target": -17.676062219894842, "params": {"gamma": 978.9769795747832, "log10_alpha": -1.9050443700607556, "log10_colsample_bytree": -0.1485596498287044, "log10_eta": -1.9481718052425996, "log10_lambda": -4.251475518841533, "log10_min_child_weight": 0.06757548266682845, "log10_subsample": -0.6350613043690498, "max_depth": 7.0, "num_boost_round": 15.0}, "datetime": {"datetime": "2024-01-19 00:51:29", "elapsed": 2383.354798, "delta": 0.002668}}
{"target": -17.67589651829683, "params": {"gamma": 978.9769795747832, "log10_alpha": -1.9050443700607556, "log10_colsample_bytree": -0.1485596498287044, "log10_eta": -1.9481718052425996, "log10_lambda": -4.251475518841533, "log10_min_child_weight": 0.06757548266682845, "log10_subsample": -0.6350613043690498, "max_depth": 7.0, "num_boost_round": 16.0}, "datetime": {"datetime": "2024-01-19 00:51:29", "elapsed": 2383.357544, "delta": 0.002746}}
{"target": -17.67551589188682, "params": {"gamma": 978.9769795747832, "log10_alpha": -1.9050443700607556, "log10_colsample_bytree": -0.1485596498287044, "log10_eta": -1.9481718052425996, "log10_lambda": -4.251475518841533, "log10_min_child_weight": 0.06757548266682845, "log10_subsample": -0.6350613043690498, "max_depth": 7.0, "num_boost_round": 17.0}, "datetime": {"datetime": "2024-01-19 00:51:29", "elapsed": 2383.360229, "delta": 0.002685}}
{"target": -17.676121655569435, "params": {"gamma": 978.9769795747832, "log10_alpha": -1.9050443700607556, "log10_colsample_bytree": -0.1485596498287044, "log10_eta": -1.9481718052425996, "log10_lambda": -4.251475518841533, "log10_min_child_weight": 0.06757548266682845, "log10_subsample": -0.6350613043690498, "max_depth": 7.0, "num_boost_round": 18.0}, "datetime": {"datetime": "2024-01-19 00:51:29", "elapsed": 2383.3629, "delta": 0.002671}}
{"target": -17.67694196122672, "params": {"gamma": 978.9769795747832, "log10_alpha": -1.9050443700607556, "log10_colsample_bytree": -0.1485596498287044, "log10_eta": -1.9481718052425996, "log10_lambda": -4.251475518841533, "log10_min_child_weight": 0.06757548266682845, "log10_subsample": -0.6350613043690498, "max_depth": 7.0, "num_boost_round": 19.0}, "datetime": {"datetime": "2024-01-19 00:51:29", "elapsed": 2383.365588, "delta": 0.002688}}
{"target": -17.677098693485114, "params": {"gamma": 978.9769795747832, "log10_alpha": -1.9050443700607556, "log10_colsample_bytree": -0.1485596498287044, "log10_eta": -1.9481718052425996, "log10_lambda": -4.251475518841533, "log10_min_child_weight": 0.06757548266682845, "log10_subsample": -0.6350613043690498, "max_depth": 7.0, "num_boost_round": 20.0}, "datetime": {"datetime": "2024-01-19 00:51:29", "elapsed": 2383.368299, "delta": 0.002711}}
{"target": -17.6775380345657, "params": {"gamma": 978.9769795747832, "log10_alpha": -1.9050443700607556, "log10_colsample_bytree": -0.1485596498287044, "log10_eta": -1.9481718052425996, "log10_lambda": -4.251475518841533, "log10_min_child_weight": 0.06757548266682845, "log10_subsample": -0.6350613043690498, "max_depth": 7.0, "num_boost_round": 21.0}, "datetime": {"datetime": "2024-01-19 00:51:29", "elapsed": 2383.371005, "delta": 0.002706}}
{"target": -17.677613414988144, "params": {"gamma": 978.9769795747832, "log10_alpha": -1.9050443700607556, "log10_colsample_bytree": -0.1485596498287044, "log10_eta": -1.9481718052425996, "log10_lambda": -4.251475518841533, "log10_min_child_weight": 0.06757548266682845, "log10_subsample": -0.6350613043690498, "max_depth": 7.0, "num_boost_round": 22.0}, "datetime": {"datetime": "2024-01-19 00:51:29", "elapsed": 2383.373693, "delta": 0.002688}}
{"target": -17.676928031094647, "params": {"gamma": 978.9769795747832, "log10_alpha": -1.9050443700607556, "log10_colsample_bytree": -0.1485596498287044, "log10_eta": -1.9481718052425996, "log10_lambda": -4.251475518841533, "log10_min_child_weight": 0.06757548266682845, "log10_subsample": -0.6350613043690498, "max_depth": 7.0, "num_boost_round": 23.0}, "datetime": {"datetime": "2024-01-19 00:51:29", "elapsed": 2383.37644, "delta": 0.002747}}
{"target": -17.676973212548493, "params": {"gamma": 978.9769795747832, "log10_alpha": -1.9050443700607556, "log10_colsample_bytree": -0.1485596498287044, "log10_eta": -1.9481718052425996, "log10_lambda": -4.251475518841533, "log10_min_child_weight": 0.06757548266682845, "log10_subsample": -0.6350613043690498, "max_depth": 7.0, "num_boost_round": 24.0}, "datetime": {"datetime": "2024-01-19 00:51:29", "elapsed": 2383.494664, "delta": 0.118224}}
{"target": -17.677586041361987, "params": {"gamma": 978.9769795747832, "log10_alpha": -1.9050443700607556, "log10_colsample_bytree": -0.1485596498287044, "log10_eta": -1.9481718052425996, "log10_lambda": -4.251475518841533, "log10_min_child_weight": 0.06757548266682845, "log10_subsample": -0.6350613043690498, "max_depth": 7.0, "num_boost_round": 25.0}, "datetime": {"datetime": "2024-01-19 00:51:29", "elapsed": 2383.497827, "delta": 0.003163}}
{"target": -17.678100514257626, "params": {"gamma": 978.9769795747832, "log10_alpha": -1.9050443700607556, "log10_colsample_bytree": -0.1485596498287044, "log10_eta": -1.9481718052425996, "log10_lambda": -4.251475518841533, "log10_min_child_weight": 0.06757548266682845, "log10_subsample": -0.6350613043690498, "max_depth": 7.0, "num_boost_round": 26.0}, "datetime": {"datetime": "2024-01-19 00:51:29", "elapsed": 2383.500903, "delta": 0.003076}}
