{"target": -13.758373244256216, "params": {"gamma": 859.8399563989444, "log10_alpha": -4.550696745428733, "log10_colsample_bytree": -0.6566335027745797, "log10_eta": -3.79094316487058, "log10_lambda": -3.988868508396772, "log10_min_child_weight": 2.2384499542867733, "log10_subsample": -0.6131365754715085, "max_depth": 6.0, "num_boost_round": 48.0}, "datetime": {"datetime": "2024-01-19 01:10:58", "elapsed": 3563.040843, "delta": 0.004433}}
{"target": -13.75836645317078, "params": {"gamma": 859.8399563989444, "log10_alpha": -4.550696745428733, "log10_colsample_bytree": -0.6566335027745797, "log10_eta": -3.79094316487058, "log10_lambda": -3.988868508396772, "log10_min_child_weight": 2.2384499542867733, "log10_subsample": -0.6131365754715085, "max_depth": 6.0, "num_boost_round": 49.0}, "datetime": {"datetime": "2024-01-19 01:10:58", "elapsed": 3563.04535, "delta": 0.004507}}
{"target": -13.758362852463152, "params": {"gamma": 859.8399563989444, "log10_alpha": -4.550696745428733, "log10_colsample_bytree": -0.6566335027745797, "log10_eta": -3.79094316487058, "log10_lambda": -3.988868508396772, "log10_min_child_weight": 2.2384499542867733, "log10_subsample": -0.6131365754715085, "max_depth": 6.0, "num_boost_round": 50.0}, "datetime": {"datetime": "2024-01-19 01:10:58", "elapsed": 3563.049789, "delta": 0.004439}}
{"target": -13.758357768870303, "params": {"gamma": 859.8399563989444, "log10_alpha": -4.550696745428733, "log10_colsample_bytree": -0.6566335027745797, "log10_eta": -3.79094316487058, "log10_lambda": -3.988868508396772, "log10_min_child_weight": 2.2384499542867733, "log10_subsample": -0.6131365754715085, "max_depth": 6.0, "num_boost_round": 51.0}, "datetime": {"datetime": "2024-01-19 01:10:58", "elapsed": 3563.054235, "delta": 0.004446}}
{"target": -13.758357700321415, "params": {"gamma": 859.8399563989444, "log10_alpha": -4.550696745428733, "log10_colsample_bytree": -0.6566335027745797, "log10_eta": -3.79094316487058, "log10_lambda": -3.988868508396772, "log10_min_child_weight": 2.2384499542867733, "log10_subsample": -0.6131365754715085, "max_depth": 6.0, "num_boost_round": 52.0}, "datetime": {"datetime": "2024-01-19 01:10:58", "elapsed": 3563.058668, "delta": 0.004433}}
{"target": -13.75835367562947, "params": {"gamma": 859.8399563989444, "log10_alpha": -4.550696745428733, "log10_colsample_bytree": -0.6566335027745797, "log10_eta": -3.79094316487058, "log10_lambda": -3.988868508396772, "log10_min_child_weight": 2.2384499542867733, "log10_subsample": -0.6131365754715085, "max_depth": 6.0, "num_boost_round": 53.0}, "datetime": {"datetime": "2024-01-19 01:10:58", "elapsed": 3563.06307, "delta": 0.004402}}
{"target": -13.758348142300054, "params": {"gamma": 859.8399563989444, "log10_alpha": -4.550696745428733, "log10_colsample_bytree": -0.6566335027745797, "log10_eta": -3.79094316487058, "log10_lambda": -3.988868508396772, "log10_min_child_weight": 2.2384499542867733, "log10_subsample": -0.6131365754715085, "max_depth": 6.0, "num_boost_round": 54.0}, "datetime": {"datetime": "2024-01-19 01:10:58", "elapsed": 3563.06739, "delta": 0.00432}}
{"target": -13.75833990041114, "params": {"gamma": 859.8399563989444, "log10_alpha": -4.550696745428733, "log10_colsample_bytree": -0.6566335027745797, "log10_eta": -3.79094316487058, "log10_lambda": -3.988868508396772, "log10_min_child_weight": 2.2384499542867733, "log10_subsample": -0.6131365754715085, "max_depth": 6.0, "num_boost_round": 55.0}, "datetime": {"datetime": "2024-01-19 01:10:58", "elapsed": 3563.07178, "delta": 0.00439}}
{"target": -13.758535462018695, "params": {"gamma": 864.4196074287538, "log10_alpha": -4.582683306885199, "log10_colsample_bytree": -0.10664972248023608, "log10_eta": -3.9535616125421598, "log10_lambda": -3.8013202173945855, "log10_min_child_weight": 2.3312824083056682, "log10_subsample": -0.14689468833330177, "max_depth": 9.0, "num_boost_round": 0.0}, "datetime": {"datetime": "2024-01-19 01:12:13", "elapsed": 3637.478015, "delta": 74.406235}}
{"target": -13.75853827766209, "params": {"gamma": 864.4196074287538, "log10_alpha": -4.582683306885199, "log10_colsample_bytree": -0.10664972248023608, "log10_eta": -3.9535616125421598, "log10_lambda": -3.8013202173945855, "log10_min_child_weight": 2.3312824083056682, "log10_subsample": -0.14689468833330177, "max_depth": 9.0, "num_boost_round": 1.0}, "datetime": {"datetime": "2024-01-19 01:12:13", "elapsed": 3637.483312, "delta": 0.005297}}
{"target": -13.758534629373141, "params": {"gamma": 864.4196074287538, "log10_alpha": -4.582683306885199, "log10_colsample_bytree": -0.10664972248023608, "log10_eta": -3.9535616125421598, "log10_lambda": -3.8013202173945855, "log10_min_child_weight": 2.3312824083056682, "log10_subsample": -0.14689468833330177, "max_depth": 9.0, "num_boost_round": 2.0}, "datetime": {"datetime": "2024-01-19 01:12:13", "elapsed": 3637.488104, "delta": 0.004792}}
{"target": -13.758530336328663, "params": {"gamma": 864.4196074287538, "log10_alpha": -4.582683306885199, "log10_colsample_bytree": -0.10664972248023608, "log10_eta": -3.9535616125421598, "log10_lambda": -3.8013202173945855, "log10_min_child_weight": 2.3312824083056682, "log10_subsample": -0.14689468833330177, "max_depth": 9.0, "num_boost_round": 3.0}, "datetime": {"datetime": "2024-01-19 01:12:13", "elapsed": 3637.492635, "delta": 0.004531}}
{"target": -13.758526321499325, "params": {"gamma": 864.4196074287538, "log10_alpha": -4.582683306885199, "log10_colsample_bytree": -0.10664972248023608, "log10_eta": -3.9535616125421598, "log10_lambda": -3.8013202173945855, "log10_min_child_weight": 2.3312824083056682, "log10_subsample": -0.14689468833330177, "max_depth": 9.0, "num_boost_round": 4.0}, "datetime": {"datetime": "2024-01-19 01:12:13", "elapsed": 3637.497022, "delta": 0.004387}}
{"target": -13.75852490591821, "params": {"gamma": 864.4196074287538, "log10_alpha": -4.582683306885199, "log10_colsample_bytree": -0.10664972248023608, "log10_eta": -3.9535616125421598, "log10_lambda": -3.8013202173945855, "log10_min_child_weight": 2.3312824083056682, "log10_subsample": -0.14689468833330177, "max_depth": 9.0, "num_boost_round": 5.0}, "datetime": {"datetime": "2024-01-19 01:12:13", "elapsed": 3637.501519, "delta": 0.004497}}
{"target": -13.758528409799204, "params": {"gamma": 864.4196074287538, "log10_alpha": -4.582683306885199, "log10_colsample_bytree": -0.10664972248023608, "log10_eta": -3.9535616125421598, "log10_lambda": -3.8013202173945855, "log10_min_child_weight": 2.3312824083056682, "log10_subsample": -0.14689468833330177, "max_depth": 9.0, "num_boost_round": 6.0}, "datetime": {"datetime": "2024-01-19 01:12:13", "elapsed": 3637.505905, "delta": 0.004386}}
{"target": -13.758527942710003, "params": {"gamma": 864.4196074287538, "log10_alpha": -4.582683306885199, "log10_colsample_bytree": -0.10664972248023608, "log10_eta": -3.9535616125421598, "log10_lambda": -3.8013202173945855, "log10_min_child_weight": 2.3312824083056682, "log10_subsample": -0.14689468833330177, "max_depth": 9.0, "num_boost_round": 7.0}, "datetime": {"datetime": "2024-01-19 01:12:13", "elapsed": 3637.510278, "delta": 0.004373}}
{"target": -13.758525719343107, "params": {"gamma": 864.4196074287538, "log10_alpha": -4.582683306885199, "log10_colsample_bytree": -0.10664972248023608, "log10_eta": -3.9535616125421598, "log10_lambda": -3.8013202173945855, "log10_min_child_weight": 2.3312824083056682, "log10_subsample": -0.14689468833330177, "max_depth": 9.0, "num_boost_round": 8.0}, "datetime": {"datetime": "2024-01-19 01:12:13", "elapsed": 3637.514817, "delta": 0.004539}}
{"target": -13.758524307042057, "params": {"gamma": 864.4196074287538, "log10_alpha": -4.582683306885199, "log10_colsample_bytree": -0.10664972248023608, "log10_eta": -3.9535616125421598, "log10_lambda": -3.8013202173945855, "log10_min_child_weight": 2.3312824083056682, "log10_subsample": -0.14689468833330177, "max_depth": 9.0, "num_boost_round": 9.0}, "datetime": {"datetime": "2024-01-19 01:12:13", "elapsed": 3637.519247, "delta": 0.00443}}
{"target": -13.758522461229372, "params": {"gamma": 864.4196074287538, "log10_alpha": -4.582683306885199, "log10_colsample_bytree": -0.10664972248023608, "log10_eta": -3.9535616125421598, "log10_lambda": -3.8013202173945855, "log10_min_child_weight": 2.3312824083056682, "log10_subsample": -0.14689468833330177, "max_depth": 9.0, "num_boost_round": 10.0}, "datetime": {"datetime": "2024-01-19 01:12:13", "elapsed": 3637.523626, "delta": 0.004379}}
{"target": -13.758515889512944, "params": {"gamma": 864.4196074287538, "log10_alpha": -4.582683306885199, "log10_colsample_bytree": -0.10664972248023608, "log10_eta": -3.9535616125421598, "log10_lambda": -3.8013202173945855, "log10_min_child_weight": 2.3312824083056682, "log10_subsample": -0.14689468833330177, "max_depth": 9.0, "num_boost_round": 11.0}, "datetime": {"datetime": "2024-01-19 01:12:13", "elapsed": 3637.528011, "delta": 0.004385}}
{"target": -13.758515609804702, "params": {"gamma": 864.4196074287538, "log10_alpha": -4.582683306885199, "log10_colsample_bytree": -0.10664972248023608, "log10_eta": -3.9535616125421598, "log10_lambda": -3.8013202173945855, "log10_min_child_weight": 2.3312824083056682, "log10_subsample": -0.14689468833330177, "max_depth": 9.0, "num_boost_round": 12.0}, "datetime": {"datetime": "2024-01-19 01:12:13", "elapsed": 3637.532709, "delta": 0.004698}}
{"target": -13.75851547408817, "params": {"gamma": 864.4196074287538, "log10_alpha": -4.582683306885199, "log10_colsample_bytree": -0.10664972248023608, "log10_eta": -3.9535616125421598, "log10_lambda": -3.8013202173945855, "log10_min_child_weight": 2.3312824083056682, "log10_subsample": -0.14689468833330177, "max_depth": 9.0, "num_boost_round": 13.0}, "datetime": {"datetime": "2024-01-19 01:12:13", "elapsed": 3637.537282, "delta": 0.004573}}
{"target": -13.758516667766, "params": {"gamma": 864.4196074287538, "log10_alpha": -4.582683306885199, "log10_colsample_bytree": -0.10664972248023608, "log10_eta": -3.9535616125421598, "log10_lambda": -3.8013202173945855, "log10_min_child_weight": 2.3312824083056682, "log10_subsample": -0.14689468833330177, "max_depth": 9.0, "num_boost_round": 14.0}, "datetime": {"datetime": "2024-01-19 01:12:13", "elapsed": 3637.541877, "delta": 0.004595}}
{"target": -13.758515630638799, "params": {"gamma": 864.4196074287538, "log10_alpha": -4.582683306885199, "log10_colsample_bytree": -0.10664972248023608, "log10_eta": -3.9535616125421598, "log10_lambda": -3.8013202173945855, "log10_min_child_weight": 2.3312824083056682, "log10_subsample": -0.14689468833330177, "max_depth": 9.0, "num_boost_round": 15.0}, "datetime": {"datetime": "2024-01-19 01:12:13", "elapsed": 3637.546653, "delta": 0.004776}}
{"target": -13.75851183397554, "params": {"gamma": 864.4196074287538, "log10_alpha": -4.582683306885199, "log10_colsample_bytree": -0.10664972248023608, "log10_eta": -3.9535616125421598, "log10_lambda": -3.8013202173945855, "log10_min_child_weight": 2.3312824083056682, "log10_subsample": -0.14689468833330177, "max_depth": 9.0, "num_boost_round": 16.0}, "datetime": {"datetime": "2024-01-19 01:12:13", "elapsed": 3637.55136, "delta": 0.004707}}
{"target": -13.758514835015585, "params": {"gamma": 864.4196074287538, "log10_alpha": -4.582683306885199, "log10_colsample_bytree": -0.10664972248023608, "log10_eta": -3.9535616125421598, "log10_lambda": -3.8013202173945855, "log10_min_child_weight": 2.3312824083056682, "log10_subsample": -0.14689468833330177, "max_depth": 9.0, "num_boost_round": 17.0}, "datetime": {"datetime": "2024-01-19 01:12:13", "elapsed": 3637.555875, "delta": 0.004515}}
{"target": -13.758511118885595, "params": {"gamma": 864.4196074287538, "log10_alpha": -4.582683306885199, "log10_colsample_bytree": -0.10664972248023608, "log10_eta": -3.9535616125421598, "log10_lambda": -3.8013202173945855, "log10_min_child_weight": 2.3312824083056682, "log10_subsample": -0.14689468833330177, "max_depth": 9.0, "num_boost_round": 18.0}, "datetime": {"datetime": "2024-01-19 01:12:13", "elapsed": 3637.560326, "delta": 0.004451}}
{"target": -13.758506010376374, "params": {"gamma": 864.4196074287538, "log10_alpha": -4.582683306885199, "log10_colsample_bytree": -0.10664972248023608, "log10_eta": -3.9535616125421598, "log10_lambda": -3.8013202173945855, "log10_min_child_weight": 2.3312824083056682, "log10_subsample": -0.14689468833330177, "max_depth": 9.0, "num_boost_round": 19.0}, "datetime": {"datetime": "2024-01-19 01:12:13", "elapsed": 3637.564748, "delta": 0.004422}}
{"target": -13.758507533073876, "params": {"gamma": 864.4196074287538, "log10_alpha": -4.582683306885199, "log10_colsample_bytree": -0.10664972248023608, "log10_eta": -3.9535616125421598, "log10_lambda": -3.8013202173945855, "log10_min_child_weight": 2.3312824083056682, "log10_subsample": -0.14689468833330177, "max_depth": 9.0, "num_boost_round": 20.0}, "datetime": {"datetime": "2024-01-19 01:12:13", "elapsed": 3637.569147, "delta": 0.004399}}
{"target": -13.758501093317319, "params": {"gamma": 864.4196074287538, "log10_alpha": -4.582683306885199, "log10_colsample_bytree": -0.10664972248023608, "log10_eta": -3.9535616125421598, "log10_lambda": -3.8013202173945855, "log10_min_child_weight": 2.3312824083056682, "log10_subsample": -0.14689468833330177, "max_depth": 9.0, "num_boost_round": 21.0}, "datetime": {"datetime": "2024-01-19 01:12:13", "elapsed": 3637.573684, "delta": 0.004537}}
{"target": -13.758495189061575, "params": {"gamma": 864.4196074287538, "log10_alpha": -4.582683306885199, "log10_colsample_bytree": -0.10664972248023608, "log10_eta": -3.9535616125421598, "log10_lambda": -3.8013202173945855, "log10_min_child_weight": 2.3312824083056682, "log10_subsample": -0.14689468833330177, "max_depth": 9.0, "num_boost_round": 22.0}, "datetime": {"datetime": "2024-01-19 01:12:13", "elapsed": 3637.578133, "delta": 0.004449}}
{"target": -13.758495494992802, "params": {"gamma": 864.4196074287538, "log10_alpha": -4.582683306885199, "log10_colsample_bytree": -0.10664972248023608, "log10_eta": -3.9535616125421598, "log10_lambda": -3.8013202173945855, "log10_min_child_weight": 2.3312824083056682, "log10_subsample": -0.14689468833330177, "max_depth": 9.0, "num_boost_round": 23.0}, "datetime": {"datetime": "2024-01-19 01:12:13", "elapsed": 3637.582482, "delta": 0.004349}}
{"target": -13.758495926526589, "params": {"gamma": 864.4196074287538, "log10_alpha": -4.582683306885199, "log10_colsample_bytree": -0.10664972248023608, "log10_eta": -3.9535616125421598, "log10_lambda": -3.8013202173945855, "log10_min_child_weight": 2.3312824083056682, "log10_subsample": -0.14689468833330177, "max_depth": 9.0, "num_boost_round": 24.0}, "datetime": {"datetime": "2024-01-19 01:12:13", "elapsed": 3637.586896, "delta": 0.004414}}
{"target": -13.75849233284881, "params": {"gamma": 864.4196074287538, "log10_alpha": -4.582683306885199, "log10_colsample_bytree": -0.10664972248023608, "log10_eta": -3.9535616125421598, "log10_lambda": -3.8013202173945855, "log10_min_child_weight": 2.3312824083056682, "log10_subsample": -0.14689468833330177, "max_depth": 9.0, "num_boost_round": 25.0}, "datetime": {"datetime": "2024-01-19 01:12:13", "elapsed": 3637.591333, "delta": 0.004437}}
{"target": -13.758489798510144, "params": {"gamma": 864.4196074287538, "log10_alpha": -4.582683306885199, "log10_colsample_bytree": -0.10664972248023608, "log10_eta": -3.9535616125421598, "log10_lambda": -3.8013202173945855, "log10_min_child_weight": 2.3312824083056682, "log10_subsample": -0.14689468833330177, "max_depth": 9.0, "num_boost_round": 26.0}, "datetime": {"datetime": "2024-01-19 01:12:13", "elapsed": 3637.595786, "delta": 0.004453}}
{"target": -13.758486941188602, "params": {"gamma": 864.4196074287538, "log10_alpha": -4.582683306885199, "log10_colsample_bytree": -0.10664972248023608, "log10_eta": -3.9535616125421598, "log10_lambda": -3.8013202173945855, "log10_min_child_weight": 2.3312824083056682, "log10_subsample": -0.14689468833330177, "max_depth": 9.0, "num_boost_round": 27.0}, "datetime": {"datetime": "2024-01-19 01:12:13", "elapsed": 3637.600173, "delta": 0.004387}}
{"target": -13.75848393492909, "params": {"gamma": 864.4196074287538, "log10_alpha": -4.582683306885199, "log10_colsample_bytree": -0.10664972248023608, "log10_eta": -3.9535616125421598, "log10_lambda": -3.8013202173945855, "log10_min_child_weight": 2.3312824083056682, "log10_subsample": -0.14689468833330177, "max_depth": 9.0, "num_boost_round": 28.0}, "datetime": {"datetime": "2024-01-19 01:12:13", "elapsed": 3637.604568, "delta": 0.004395}}
{"target": -13.758480367266422, "params": {"gamma": 864.4196074287538, "log10_alpha": -4.582683306885199, "log10_colsample_bytree": -0.10664972248023608, "log10_eta": -3.9535616125421598, "log10_lambda": -3.8013202173945855, "log10_min_child_weight": 2.3312824083056682, "log10_subsample": -0.14689468833330177, "max_depth": 9.0, "num_boost_round": 29.0}, "datetime": {"datetime": "2024-01-19 01:12:13", "elapsed": 3637.608962, "delta": 0.004394}}
{"target": -13.758482035082732, "params": {"gamma": 864.4196074287538, "log10_alpha": -4.582683306885199, "log10_colsample_bytree": -0.10664972248023608, "log10_eta": -3.9535616125421598, "log10_lambda": -3.8013202173945855, "log10_min_child_weight": 2.3312824083056682, "log10_subsample": -0.14689468833330177, "max_depth": 9.0, "num_boost_round": 30.0}, "datetime": {"datetime": "2024-01-19 01:12:13", "elapsed": 3637.613459, "delta": 0.004497}}
{"target": -13.758483485159257, "params": {"gamma": 864.4196074287538, "log10_alpha": -4.582683306885199, "log10_colsample_bytree": -0.10664972248023608, "log10_eta": -3.9535616125421598, "log10_lambda": -3.8013202173945855, "log10_min_child_weight": 2.3312824083056682, "log10_subsample": -0.14689468833330177, "max_depth": 9.0, "num_boost_round": 31.0}, "datetime": {"datetime": "2024-01-19 01:12:13", "elapsed": 3637.617852, "delta": 0.004393}}
{"target": -13.758482064775512, "params": {"gamma": 864.4196074287538, "log10_alpha": -4.582683306885199, "log10_colsample_bytree": -0.10664972248023608, "log10_eta": -3.9535616125421598, "log10_lambda": -3.8013202173945855, "log10_min_child_weight": 2.3312824083056682, "log10_subsample": -0.14689468833330177, "max_depth": 9.0, "num_boost_round": 32.0}, "datetime": {"datetime": "2024-01-19 01:12:13", "elapsed": 3637.622258, "delta": 0.004406}}
{"target": -13.758476024877664, "params": {"gamma": 864.4196074287538, "log10_alpha": -4.582683306885199, "log10_colsample_bytree": -0.10664972248023608, "log10_eta": -3.9535616125421598, "log10_lambda": -3.8013202173945855, "log10_min_child_weight": 2.3312824083056682, "log10_subsample": -0.14689468833330177, "max_depth": 9.0, "num_boost_round": 33.0}, "datetime": {"datetime": "2024-01-19 01:12:13", "elapsed": 3637.626691, "delta": 0.004433}}
{"target": -13.758471214815359, "params": {"gamma": 864.4196074287538, "log10_alpha": -4.582683306885199, "log10_colsample_bytree": -0.10664972248023608, "log10_eta": -3.9535616125421598, "log10_lambda": -3.8013202173945855, "log10_min_child_weight": 2.3312824083056682, "log10_subsample": -0.14689468833330177, "max_depth": 9.0, "num_boost_round": 34.0}, "datetime": {"datetime": "2024-01-19 01:12:13", "elapsed": 3637.631144, "delta": 0.004453}}
{"target": -13.758466859430019, "params": {"gamma": 864.4196074287538, "log10_alpha": -4.582683306885199, "log10_colsample_bytree": -0.10664972248023608, "log10_eta": -3.9535616125421598, "log10_lambda": -3.8013202173945855, "log10_min_child_weight": 2.3312824083056682, "log10_subsample": -0.14689468833330177, "max_depth": 9.0, "num_boost_round": 35.0}, "datetime": {"datetime": "2024-01-19 01:12:13", "elapsed": 3637.635796, "delta": 0.004652}}
{"target": -13.758465567518153, "params": {"gamma": 864.4196074287538, "log10_alpha": -4.582683306885199, "log10_colsample_bytree": -0.10664972248023608, "log10_eta": -3.9535616125421598, "log10_lambda": -3.8013202173945855, "log10_min_child_weight": 2.3312824083056682, "log10_subsample": -0.14689468833330177, "max_depth": 9.0, "num_boost_round": 36.0}, "datetime": {"datetime": "2024-01-19 01:12:13", "elapsed": 3637.640398, "delta": 0.004602}}
{"target": -13.758466691935181, "params": {"gamma": 864.4196074287538, "log10_alpha": -4.582683306885199, "log10_colsample_bytree": -0.10664972248023608, "log10_eta": -3.9535616125421598, "log10_lambda": -3.8013202173945855, "log10_min_child_weight": 2.3312824083056682, "log10_subsample": -0.14689468833330177, "max_depth": 9.0, "num_boost_round": 37.0}, "datetime": {"datetime": "2024-01-19 01:12:13", "elapsed": 3637.644941, "delta": 0.004543}}
{"target": -13.758458865514998, "params": {"gamma": 864.4196074287538, "log10_alpha": -4.582683306885199, "log10_colsample_bytree": -0.10664972248023608, "log10_eta": -3.9535616125421598, "log10_lambda": -3.8013202173945855, "log10_min_child_weight": 2.3312824083056682, "log10_subsample": -0.14689468833330177, "max_depth": 9.0, "num_boost_round": 38.0}, "datetime": {"datetime": "2024-01-19 01:12:13", "elapsed": 3637.649345, "delta": 0.004404}}
{"target": -13.758455003651958, "params": {"gamma": 864.4196074287538, "log10_alpha": -4.582683306885199, "log10_colsample_bytree": -0.10664972248023608, "log10_eta": -3.9535616125421598, "log10_lambda": -3.8013202173945855, "log10_min_child_weight": 2.3312824083056682, "log10_subsample": -0.14689468833330177, "max_depth": 9.0, "num_boost_round": 39.0}, "datetime": {"datetime": "2024-01-19 01:12:13", "elapsed": 3637.65402, "delta": 0.004675}}
{"target": -13.758453838102032, "params": {"gamma": 864.4196074287538, "log10_alpha": -4.582683306885199, "log10_colsample_bytree": -0.10664972248023608, "log10_eta": -3.9535616125421598, "log10_lambda": -3.8013202173945855, "log10_min_child_weight": 2.3312824083056682, "log10_subsample": -0.14689468833330177, "max_depth": 9.0, "num_boost_round": 40.0}, "datetime": {"datetime": "2024-01-19 01:12:13", "elapsed": 3637.658483, "delta": 0.004463}}
