{"target": -13.758534415356417, "params": {"gamma": 590.8134858132564, "log10_alpha": -5.0, "log10_colsample_bytree": -1.0, "log10_eta": -4.0, "log10_lambda": -2.0157540068938906, "log10_min_child_weight": 5.0, "log10_subsample": 0.0, "max_depth": 3.0, "num_boost_round": 14.0}, "datetime": {"datetime": "2024-01-19 01:18:38", "elapsed": 4050.567005, "delta": 0.004425}}
{"target": -13.75853304391404, "params": {"gamma": 590.8134858132564, "log10_alpha": -5.0, "log10_colsample_bytree": -1.0, "log10_eta": -4.0, "log10_lambda": -2.0157540068938906, "log10_min_child_weight": 5.0, "log10_subsample": 0.0, "max_depth": 3.0, "num_boost_round": 15.0}, "datetime": {"datetime": "2024-01-19 01:18:38", "elapsed": 4050.571302, "delta": 0.004297}}
{"target": -13.758532512875494, "params": {"gamma": 590.8134858132564, "log10_alpha": -5.0, "log10_colsample_bytree": -1.0, "log10_eta": -4.0, "log10_lambda": -2.0157540068938906, "log10_min_child_weight": 5.0, "log10_subsample": 0.0, "max_depth": 3.0, "num_boost_round": 16.0}, "datetime": {"datetime": "2024-01-19 01:18:38", "elapsed": 4050.575647, "delta": 0.004345}}
{"target": -13.75853255056525, "params": {"gamma": 590.8134858132564, "log10_alpha": -5.0, "log10_colsample_bytree": -1.0, "log10_eta": -4.0, "log10_lambda": -2.0157540068938906, "log10_min_child_weight": 5.0, "log10_subsample": 0.0, "max_depth": 3.0, "num_boost_round": 17.0}, "datetime": {"datetime": "2024-01-19 01:18:38", "elapsed": 4050.579936, "delta": 0.004289}}
{"target": -13.75853836668771, "params": {"gamma": 569.4207558390177, "log10_alpha": -5.0, "log10_colsample_bytree": -1.0, "log10_eta": -4.0, "log10_lambda": -5.0, "log10_min_child_weight": 4.20165608201259, "log10_subsample": -1.0, "max_depth": 9.0, "num_boost_round": 0.0}, "datetime": {"datetime": "2024-01-19 01:19:45", "elapsed": 4116.831813, "delta": 66.251877}}
{"target": -13.758538106625517, "params": {"gamma": 569.4207558390177, "log10_alpha": -5.0, "log10_colsample_bytree": -1.0, "log10_eta": -4.0, "log10_lambda": -5.0, "log10_min_child_weight": 4.20165608201259, "log10_subsample": -1.0, "max_depth": 9.0, "num_boost_round": 1.0}, "datetime": {"datetime": "2024-01-19 01:19:45", "elapsed": 4116.836711, "delta": 0.004898}}
{"target": -13.758537830110276, "params": {"gamma": 569.4207558390177, "log10_alpha": -5.0, "log10_colsample_bytree": -1.0, "log10_eta": -4.0, "log10_lambda": -5.0, "log10_min_child_weight": 4.20165608201259, "log10_subsample": -1.0, "max_depth": 9.0, "num_boost_round": 2.0}, "datetime": {"datetime": "2024-01-19 01:19:45", "elapsed": 4116.841407, "delta": 0.004696}}
{"target": -13.758537719799813, "params": {"gamma": 569.4207558390177, "log10_alpha": -5.0, "log10_colsample_bytree": -1.0, "log10_eta": -4.0, "log10_lambda": -5.0, "log10_min_child_weight": 4.20165608201259, "log10_subsample": -1.0, "max_depth": 9.0, "num_boost_round": 3.0}, "datetime": {"datetime": "2024-01-19 01:19:45", "elapsed": 4116.846501, "delta": 0.005094}}
{"target": -13.758537566615281, "params": {"gamma": 569.4207558390177, "log10_alpha": -5.0, "log10_colsample_bytree": -1.0, "log10_eta": -4.0, "log10_lambda": -5.0, "log10_min_child_weight": 4.20165608201259, "log10_subsample": -1.0, "max_depth": 9.0, "num_boost_round": 4.0}, "datetime": {"datetime": "2024-01-19 01:19:45", "elapsed": 4116.851836, "delta": 0.005335}}
{"target": -13.758537610012393, "params": {"gamma": 569.4207558390177, "log10_alpha": -5.0, "log10_colsample_bytree": -1.0, "log10_eta": -4.0, "log10_lambda": -5.0, "log10_min_child_weight": 4.20165608201259, "log10_subsample": -1.0, "max_depth": 9.0, "num_boost_round": 5.0}, "datetime": {"datetime": "2024-01-19 01:19:45", "elapsed": 4116.856543, "delta": 0.004707}}
{"target": -13.758537445970626, "params": {"gamma": 569.4207558390177, "log10_alpha": -5.0, "log10_colsample_bytree": -1.0, "log10_eta": -4.0, "log10_lambda": -5.0, "log10_min_child_weight": 4.20165608201259, "log10_subsample": -1.0, "max_depth": 9.0, "num_boost_round": 6.0}, "datetime": {"datetime": "2024-01-19 01:19:45", "elapsed": 4116.861194, "delta": 0.004651}}
{"target": -13.75853738534019, "params": {"gamma": 569.4207558390177, "log10_alpha": -5.0, "log10_colsample_bytree": -1.0, "log10_eta": -4.0, "log10_lambda": -5.0, "log10_min_child_weight": 4.20165608201259, "log10_subsample": -1.0, "max_depth": 9.0, "num_boost_round": 7.0}, "datetime": {"datetime": "2024-01-19 01:19:45", "elapsed": 4116.865816, "delta": 0.004622}}
{"target": -13.75853720748829, "params": {"gamma": 569.4207558390177, "log10_alpha": -5.0, "log10_colsample_bytree": -1.0, "log10_eta": -4.0, "log10_lambda": -5.0, "log10_min_child_weight": 4.20165608201259, "log10_subsample": -1.0, "max_depth": 9.0, "num_boost_round": 8.0}, "datetime": {"datetime": "2024-01-19 01:19:45", "elapsed": 4116.870321, "delta": 0.004505}}
{"target": -13.7585371763137, "params": {"gamma": 569.4207558390177, "log10_alpha": -5.0, "log10_colsample_bytree": -1.0, "log10_eta": -4.0, "log10_lambda": -5.0, "log10_min_child_weight": 4.20165608201259, "log10_subsample": -1.0, "max_depth": 9.0, "num_boost_round": 9.0}, "datetime": {"datetime": "2024-01-19 01:19:45", "elapsed": 4116.874733, "delta": 0.004412}}
{"target": -13.758537496362633, "params": {"gamma": 569.4207558390177, "log10_alpha": -5.0, "log10_colsample_bytree": -1.0, "log10_eta": -4.0, "log10_lambda": -5.0, "log10_min_child_weight": 4.20165608201259, "log10_subsample": -1.0, "max_depth": 9.0, "num_boost_round": 10.0}, "datetime": {"datetime": "2024-01-19 01:19:45", "elapsed": 4116.879166, "delta": 0.004433}}
{"target": -13.758537548721893, "params": {"gamma": 569.4207558390177, "log10_alpha": -5.0, "log10_colsample_bytree": -1.0, "log10_eta": -4.0, "log10_lambda": -5.0, "log10_min_child_weight": 4.20165608201259, "log10_subsample": -1.0, "max_depth": 9.0, "num_boost_round": 11.0}, "datetime": {"datetime": "2024-01-19 01:19:45", "elapsed": 4116.883522, "delta": 0.004356}}
{"target": -13.758537175161132, "params": {"gamma": 569.4207558390177, "log10_alpha": -5.0, "log10_colsample_bytree": -1.0, "log10_eta": -4.0, "log10_lambda": -5.0, "log10_min_child_weight": 4.20165608201259, "log10_subsample": -1.0, "max_depth": 9.0, "num_boost_round": 12.0}, "datetime": {"datetime": "2024-01-19 01:19:45", "elapsed": 4116.887933, "delta": 0.004411}}
{"target": -13.758536521490582, "params": {"gamma": 569.4207558390177, "log10_alpha": -5.0, "log10_colsample_bytree": -1.0, "log10_eta": -4.0, "log10_lambda": -5.0, "log10_min_child_weight": 4.20165608201259, "log10_subsample": -1.0, "max_depth": 9.0, "num_boost_round": 13.0}, "datetime": {"datetime": "2024-01-19 01:19:45", "elapsed": 4116.892369, "delta": 0.004436}}
{"target": -13.758536143614554, "params": {"gamma": 569.4207558390177, "log10_alpha": -5.0, "log10_colsample_bytree": -1.0, "log10_eta": -4.0, "log10_lambda": -5.0, "log10_min_child_weight": 4.20165608201259, "log10_subsample": -1.0, "max_depth": 9.0, "num_boost_round": 14.0}, "datetime": {"datetime": "2024-01-19 01:19:45", "elapsed": 4116.896755, "delta": 0.004386}}
{"target": -13.758535415058688, "params": {"gamma": 569.4207558390177, "log10_alpha": -5.0, "log10_colsample_bytree": -1.0, "log10_eta": -4.0, "log10_lambda": -5.0, "log10_min_child_weight": 4.20165608201259, "log10_subsample": -1.0, "max_depth": 9.0, "num_boost_round": 15.0}, "datetime": {"datetime": "2024-01-19 01:19:45", "elapsed": 4116.901171, "delta": 0.004416}}
{"target": -13.758534946836201, "params": {"gamma": 569.4207558390177, "log10_alpha": -5.0, "log10_colsample_bytree": -1.0, "log10_eta": -4.0, "log10_lambda": -5.0, "log10_min_child_weight": 4.20165608201259, "log10_subsample": -1.0, "max_depth": 9.0, "num_boost_round": 16.0}, "datetime": {"datetime": "2024-01-19 01:19:45", "elapsed": 4116.90555, "delta": 0.004379}}
{"target": -13.758535041756957, "params": {"gamma": 569.4207558390177, "log10_alpha": -5.0, "log10_colsample_bytree": -1.0, "log10_eta": -4.0, "log10_lambda": -5.0, "log10_min_child_weight": 4.20165608201259, "log10_subsample": -1.0, "max_depth": 9.0, "num_boost_round": 17.0}, "datetime": {"datetime": "2024-01-19 01:19:45", "elapsed": 4116.909946, "delta": 0.004396}}
{"target": -13.758535055743796, "params": {"gamma": 569.4207558390177, "log10_alpha": -5.0, "log10_colsample_bytree": -1.0, "log10_eta": -4.0, "log10_lambda": -5.0, "log10_min_child_weight": 4.20165608201259, "log10_subsample": -1.0, "max_depth": 9.0, "num_boost_round": 18.0}, "datetime": {"datetime": "2024-01-19 01:19:45", "elapsed": 4116.914328, "delta": 0.004382}}
{"target": -13.758534471973528, "params": {"gamma": 569.4207558390177, "log10_alpha": -5.0, "log10_colsample_bytree": -1.0, "log10_eta": -4.0, "log10_lambda": -5.0, "log10_min_child_weight": 4.20165608201259, "log10_subsample": -1.0, "max_depth": 9.0, "num_boost_round": 19.0}, "datetime": {"datetime": "2024-01-19 01:19:45", "elapsed": 4116.918784, "delta": 0.004456}}
{"target": -13.758534859098749, "params": {"gamma": 569.4207558390177, "log10_alpha": -5.0, "log10_colsample_bytree": -1.0, "log10_eta": -4.0, "log10_lambda": -5.0, "log10_min_child_weight": 4.20165608201259, "log10_subsample": -1.0, "max_depth": 9.0, "num_boost_round": 20.0}, "datetime": {"datetime": "2024-01-19 01:19:45", "elapsed": 4116.92315, "delta": 0.004366}}
{"target": -13.758533905087878, "params": {"gamma": 569.4207558390177, "log10_alpha": -5.0, "log10_colsample_bytree": -1.0, "log10_eta": -4.0, "log10_lambda": -5.0, "log10_min_child_weight": 4.20165608201259, "log10_subsample": -1.0, "max_depth": 9.0, "num_boost_round": 21.0}, "datetime": {"datetime": "2024-01-19 01:19:45", "elapsed": 4116.927568, "delta": 0.004418}}
{"target": -13.758533950224434, "params": {"gamma": 569.4207558390177, "log10_alpha": -5.0, "log10_colsample_bytree": -1.0, "log10_eta": -4.0, "log10_lambda": -5.0, "log10_min_child_weight": 4.20165608201259, "log10_subsample": -1.0, "max_depth": 9.0, "num_boost_round": 22.0}, "datetime": {"datetime": "2024-01-19 01:19:45", "elapsed": 4116.932003, "delta": 0.004435}}
{"target": -13.758533527911183, "params": {"gamma": 569.4207558390177, "log10_alpha": -5.0, "log10_colsample_bytree": -1.0, "log10_eta": -4.0, "log10_lambda": -5.0, "log10_min_child_weight": 4.20165608201259, "log10_subsample": -1.0, "max_depth": 9.0, "num_boost_round": 23.0}, "datetime": {"datetime": "2024-01-19 01:19:45", "elapsed": 4116.936369, "delta": 0.004366}}
{"target": -13.758533543161592, "params": {"gamma": 569.4207558390177, "log10_alpha": -5.0, "log10_colsample_bytree": -1.0, "log10_eta": -4.0, "log10_lambda": -5.0, "log10_min_child_weight": 4.20165608201259, "log10_subsample": -1.0, "max_depth": 9.0, "num_boost_round": 24.0}, "datetime": {"datetime": "2024-01-19 01:19:45", "elapsed": 4116.940759, "delta": 0.00439}}
{"target": -13.758533419459305, "params": {"gamma": 569.4207558390177, "log10_alpha": -5.0, "log10_colsample_bytree": -1.0, "log10_eta": -4.0, "log10_lambda": -5.0, "log10_min_child_weight": 4.20165608201259, "log10_subsample": -1.0, "max_depth": 9.0, "num_boost_round": 25.0}, "datetime": {"datetime": "2024-01-19 01:19:45", "elapsed": 4116.945232, "delta": 0.004473}}
{"target": -13.758533621338714, "params": {"gamma": 569.4207558390177, "log10_alpha": -5.0, "log10_colsample_bytree": -1.0, "log10_eta": -4.0, "log10_lambda": -5.0, "log10_min_child_weight": 4.20165608201259, "log10_subsample": -1.0, "max_depth": 9.0, "num_boost_round": 26.0}, "datetime": {"datetime": "2024-01-19 01:19:45", "elapsed": 4116.949634, "delta": 0.004402}}
{"target": -13.758532717185842, "params": {"gamma": 569.4207558390177, "log10_alpha": -5.0, "log10_colsample_bytree": -1.0, "log10_eta": -4.0, "log10_lambda": -5.0, "log10_min_child_weight": 4.20165608201259, "log10_subsample": -1.0, "max_depth": 9.0, "num_boost_round": 27.0}, "datetime": {"datetime": "2024-01-19 01:19:45", "elapsed": 4116.954063, "delta": 0.004429}}
{"target": -13.758531813251944, "params": {"gamma": 569.4207558390177, "log10_alpha": -5.0, "log10_colsample_bytree": -1.0, "log10_eta": -4.0, "log10_lambda": -5.0, "log10_min_child_weight": 4.20165608201259, "log10_subsample": -1.0, "max_depth": 9.0, "num_boost_round": 28.0}, "datetime": {"datetime": "2024-01-19 01:19:45", "elapsed": 4116.958418, "delta": 0.004355}}
{"target": -13.758530816718794, "params": {"gamma": 569.4207558390177, "log10_alpha": -5.0, "log10_colsample_bytree": -1.0, "log10_eta": -4.0, "log10_lambda": -5.0, "log10_min_child_weight": 4.20165608201259, "log10_subsample": -1.0, "max_depth": 9.0, "num_boost_round": 29.0}, "datetime": {"datetime": "2024-01-19 01:19:45", "elapsed": 4116.962813, "delta": 0.004395}}
{"target": -13.758530591244474, "params": {"gamma": 569.4207558390177, "log10_alpha": -5.0, "log10_colsample_bytree": -1.0, "log10_eta": -4.0, "log10_lambda": -5.0, "log10_min_child_weight": 4.20165608201259, "log10_subsample": -1.0, "max_depth": 9.0, "num_boost_round": 30.0}, "datetime": {"datetime": "2024-01-19 01:19:45", "elapsed": 4116.967184, "delta": 0.004371}}
{"target": -13.758530540838601, "params": {"gamma": 569.4207558390177, "log10_alpha": -5.0, "log10_colsample_bytree": -1.0, "log10_eta": -4.0, "log10_lambda": -5.0, "log10_min_child_weight": 4.20165608201259, "log10_subsample": -1.0, "max_depth": 9.0, "num_boost_round": 31.0}, "datetime": {"datetime": "2024-01-19 01:19:45", "elapsed": 4116.971578, "delta": 0.004394}}
{"target": -13.758529931752959, "params": {"gamma": 569.4207558390177, "log10_alpha": -5.0, "log10_colsample_bytree": -1.0, "log10_eta": -4.0, "log10_lambda": -5.0, "log10_min_child_weight": 4.20165608201259, "log10_subsample": -1.0, "max_depth": 9.0, "num_boost_round": 32.0}, "datetime": {"datetime": "2024-01-19 01:19:45", "elapsed": 4116.975932, "delta": 0.004354}}
{"target": -13.758529396752408, "params": {"gamma": 569.4207558390177, "log10_alpha": -5.0, "log10_colsample_bytree": -1.0, "log10_eta": -4.0, "log10_lambda": -5.0, "log10_min_child_weight": 4.20165608201259, "log10_subsample": -1.0, "max_depth": 9.0, "num_boost_round": 33.0}, "datetime": {"datetime": "2024-01-19 01:19:45", "elapsed": 4116.980322, "delta": 0.00439}}
{"target": -13.75852877777769, "params": {"gamma": 569.4207558390177, "log10_alpha": -5.0, "log10_colsample_bytree": -1.0, "log10_eta": -4.0, "log10_lambda": -5.0, "log10_min_child_weight": 4.20165608201259, "log10_subsample": -1.0, "max_depth": 9.0, "num_boost_round": 34.0}, "datetime": {"datetime": "2024-01-19 01:19:45", "elapsed": 4116.984688, "delta": 0.004366}}
{"target": -13.758528536268244, "params": {"gamma": 569.4207558390177, "log10_alpha": -5.0, "log10_colsample_bytree": -1.0, "log10_eta": -4.0, "log10_lambda": -5.0, "log10_min_child_weight": 4.20165608201259, "log10_subsample": -1.0, "max_depth": 9.0, "num_boost_round": 35.0}, "datetime": {"datetime": "2024-01-19 01:19:45", "elapsed": 4116.989849, "delta": 0.005161}}
{"target": -13.758528203950394, "params": {"gamma": 569.4207558390177, "log10_alpha": -5.0, "log10_colsample_bytree": -1.0, "log10_eta": -4.0, "log10_lambda": -5.0, "log10_min_child_weight": 4.20165608201259, "log10_subsample": -1.0, "max_depth": 9.0, "num_boost_round": 36.0}, "datetime": {"datetime": "2024-01-19 01:19:45", "elapsed": 4116.994375, "delta": 0.004526}}
{"target": -13.758527479998206, "params": {"gamma": 569.4207558390177, "log10_alpha": -5.0, "log10_colsample_bytree": -1.0, "log10_eta": -4.0, "log10_lambda": -5.0, "log10_min_child_weight": 4.20165608201259, "log10_subsample": -1.0, "max_depth": 9.0, "num_boost_round": 37.0}, "datetime": {"datetime": "2024-01-19 01:19:45", "elapsed": 4116.998898, "delta": 0.004523}}
{"target": -13.758527224014827, "params": {"gamma": 569.4207558390177, "log10_alpha": -5.0, "log10_colsample_bytree": -1.0, "log10_eta": -4.0, "log10_lambda": -5.0, "log10_min_child_weight": 4.20165608201259, "log10_subsample": -1.0, "max_depth": 9.0, "num_boost_round": 38.0}, "datetime": {"datetime": "2024-01-19 01:19:45", "elapsed": 4117.003364, "delta": 0.004466}}
{"target": -13.758526626360425, "params": {"gamma": 569.4207558390177, "log10_alpha": -5.0, "log10_colsample_bytree": -1.0, "log10_eta": -4.0, "log10_lambda": -5.0, "log10_min_child_weight": 4.20165608201259, "log10_subsample": -1.0, "max_depth": 9.0, "num_boost_round": 39.0}, "datetime": {"datetime": "2024-01-19 01:19:45", "elapsed": 4117.007836, "delta": 0.004472}}
{"target": -13.758525587373176, "params": {"gamma": 569.4207558390177, "log10_alpha": -5.0, "log10_colsample_bytree": -1.0, "log10_eta": -4.0, "log10_lambda": -5.0, "log10_min_child_weight": 4.20165608201259, "log10_subsample": -1.0, "max_depth": 9.0, "num_boost_round": 40.0}, "datetime": {"datetime": "2024-01-19 01:19:45", "elapsed": 4117.01231, "delta": 0.004474}}
{"target": -13.75852530471094, "params": {"gamma": 569.4207558390177, "log10_alpha": -5.0, "log10_colsample_bytree": -1.0, "log10_eta": -4.0, "log10_lambda": -5.0, "log10_min_child_weight": 4.20165608201259, "log10_subsample": -1.0, "max_depth": 9.0, "num_boost_round": 41.0}, "datetime": {"datetime": "2024-01-19 01:19:45", "elapsed": 4117.016716, "delta": 0.004406}}
{"target": -13.758525360105349, "params": {"gamma": 569.4207558390177, "log10_alpha": -5.0, "log10_colsample_bytree": -1.0, "log10_eta": -4.0, "log10_lambda": -5.0, "log10_min_child_weight": 4.20165608201259, "log10_subsample": -1.0, "max_depth": 9.0, "num_boost_round": 42.0}, "datetime": {"datetime": "2024-01-19 01:19:45", "elapsed": 4117.021136, "delta": 0.00442}}
{"target": -13.758525073985888, "params": {"gamma": 569.4207558390177, "log10_alpha": -5.0, "log10_colsample_bytree": -1.0, "log10_eta": -4.0, "log10_lambda": -5.0, "log10_min_child_weight": 4.20165608201259, "log10_subsample": -1.0, "max_depth": 9.0, "num_boost_round": 43.0}, "datetime": {"datetime": "2024-01-19 01:19:45", "elapsed": 4117.025747, "delta": 0.004611}}
{"target": -13.758524489187703, "params": {"gamma": 569.4207558390177, "log10_alpha": -5.0, "log10_colsample_bytree": -1.0, "log10_eta": -4.0, "log10_lambda": -5.0, "log10_min_child_weight": 4.20165608201259, "log10_subsample": -1.0, "max_depth": 9.0, "num_boost_round": 44.0}, "datetime": {"datetime": "2024-01-19 01:19:45", "elapsed": 4117.030208, "delta": 0.004461}}
{"target": -13.75852339295417, "params": {"gamma": 569.4207558390177, "log10_alpha": -5.0, "log10_colsample_bytree": -1.0, "log10_eta": -4.0, "log10_lambda": -5.0, "log10_min_child_weight": 4.20165608201259, "log10_subsample": -1.0, "max_depth": 9.0, "num_boost_round": 45.0}, "datetime": {"datetime": "2024-01-19 01:19:45", "elapsed": 4117.034683, "delta": 0.004475}}
{"target": -13.758522944224461, "params": {"gamma": 569.4207558390177, "log10_alpha": -5.0, "log10_colsample_bytree": -1.0, "log10_eta": -4.0, "log10_lambda": -5.0, "log10_min_child_weight": 4.20165608201259, "log10_subsample": -1.0, "max_depth": 9.0, "num_boost_round": 46.0}, "datetime": {"datetime": "2024-01-19 01:19:45", "elapsed": 4117.039215, "delta": 0.004532}}
{"target": -13.758522858613047, "params": {"gamma": 569.4207558390177, "log10_alpha": -5.0, "log10_colsample_bytree": -1.0, "log10_eta": -4.0, "log10_lambda": -5.0, "log10_min_child_weight": 4.20165608201259, "log10_subsample": -1.0, "max_depth": 9.0, "num_boost_round": 47.0}, "datetime": {"datetime": "2024-01-19 01:19:45", "elapsed": 4117.043683, "delta": 0.004468}}
{"target": -13.758522450994509, "params": {"gamma": 569.4207558390177, "log10_alpha": -5.0, "log10_colsample_bytree": -1.0, "log10_eta": -4.0, "log10_lambda": -5.0, "log10_min_child_weight": 4.20165608201259, "log10_subsample": -1.0, "max_depth": 9.0, "num_boost_round": 48.0}, "datetime": {"datetime": "2024-01-19 01:19:45", "elapsed": 4117.048115, "delta": 0.004432}}
{"target": -13.758522566000567, "params": {"gamma": 569.4207558390177, "log10_alpha": -5.0, "log10_colsample_bytree": -1.0, "log10_eta": -4.0, "log10_lambda": -5.0, "log10_min_child_weight": 4.20165608201259, "log10_subsample": -1.0, "max_depth": 9.0, "num_boost_round": 49.0}, "datetime": {"datetime": "2024-01-19 01:19:45", "elapsed": 4117.052604, "delta": 0.004489}}
{"target": -13.75852240571319, "params": {"gamma": 569.4207558390177, "log10_alpha": -5.0, "log10_colsample_bytree": -1.0, "log10_eta": -4.0, "log10_lambda": -5.0, "log10_min_child_weight": 4.20165608201259, "log10_subsample": -1.0, "max_depth": 9.0, "num_boost_round": 50.0}, "datetime": {"datetime": "2024-01-19 01:19:45", "elapsed": 4117.056984, "delta": 0.00438}}
{"target": -13.758537837214487, "params": {"gamma": 573.3588309490259, "log10_alpha": -3.5404535788228526, "log10_colsample_bytree": -0.028765840173946455, "log10_eta": -3.9691973548922603, "log10_lambda": -3.6518321345641613, "log10_min_child_weight": 1.9773300253698967, "log10_subsample": -0.15326711503314816, "max_depth": 8.0, "num_boost_round": 0.0}, "datetime": {"datetime": "2024-01-19 01:20:46", "elapsed": 4178.688245, "delta": 61.631261}}
{"target": -13.758531775099305, "params": {"gamma": 573.3588309490259, "log10_alpha": -3.5404535788228526, "log10_colsample_bytree": -0.028765840173946455, "log10_eta": -3.9691973548922603, "log10_lambda": -3.6518321345641613, "log10_min_child_weight": 1.9773300253698967, "log10_subsample": -0.15326711503314816, "max_depth": 8.0, "num_boost_round": 1.0}, "datetime": {"datetime": "2024-01-19 01:20:46", "elapsed": 4178.693926, "delta": 0.005681}}
{"target": -13.758529975719073, "params": {"gamma": 573.3588309490259, "log10_alpha": -3.5404535788228526, "log10_colsample_bytree": -0.028765840173946455, "log10_eta": -3.9691973548922603, "log10_lambda": -3.6518321345641613, "log10_min_child_weight": 1.9773300253698967, "log10_subsample": -0.15326711503314816, "max_depth": 8.0, "num_boost_round": 2.0}, "datetime": {"datetime": "2024-01-19 01:20:46", "elapsed": 4178.698487, "delta": 0.004561}}
