{"target": -17.67641606056348, "params": {"gamma": 881.3600838808217, "log10_alpha": -2.1621465565697537, "log10_colsample_bytree": -0.6389714478473909, "log10_eta": -2.8117309574642264, "log10_lambda": -3.5588118487521436, "log10_min_child_weight": 2.31019882457475, "log10_subsample": -0.6983570292518528, "max_depth": 6.0, "num_boost_round": 9.0}, "datetime": {"datetime": "2024-01-19 00:32:48", "elapsed": 1249.566037, "delta": 0.001551}}
{"target": -17.676309570181196, "params": {"gamma": 881.3600838808217, "log10_alpha": -2.1621465565697537, "log10_colsample_bytree": -0.6389714478473909, "log10_eta": -2.8117309574642264, "log10_lambda": -3.5588118487521436, "log10_min_child_weight": 2.31019882457475, "log10_subsample": -0.6983570292518528, "max_depth": 6.0, "num_boost_round": 10.0}, "datetime": {"datetime": "2024-01-19 00:32:48", "elapsed": 1249.567588, "delta": 0.001551}}
{"target": -17.676316370763836, "params": {"gamma": 881.3600838808217, "log10_alpha": -2.1621465565697537, "log10_colsample_bytree": -0.6389714478473909, "log10_eta": -2.8117309574642264, "log10_lambda": -3.5588118487521436, "log10_min_child_weight": 2.31019882457475, "log10_subsample": -0.6983570292518528, "max_depth": 6.0, "num_boost_round": 11.0}, "datetime": {"datetime": "2024-01-19 00:32:48", "elapsed": 1249.569138, "delta": 0.00155}}
{"target": -17.6762393814315, "params": {"gamma": 881.3600838808217, "log10_alpha": -2.1621465565697537, "log10_colsample_bytree": -0.6389714478473909, "log10_eta": -2.8117309574642264, "log10_lambda": -3.5588118487521436, "log10_min_child_weight": 2.31019882457475, "log10_subsample": -0.6983570292518528, "max_depth": 6.0, "num_boost_round": 12.0}, "datetime": {"datetime": "2024-01-19 00:32:48", "elapsed": 1249.570724, "delta": 0.001586}}
{"target": -17.67616027233282, "params": {"gamma": 881.3600838808217, "log10_alpha": -2.1621465565697537, "log10_colsample_bytree": -0.6389714478473909, "log10_eta": -2.8117309574642264, "log10_lambda": -3.5588118487521436, "log10_min_child_weight": 2.31019882457475, "log10_subsample": -0.6983570292518528, "max_depth": 6.0, "num_boost_round": 13.0}, "datetime": {"datetime": "2024-01-19 00:32:48", "elapsed": 1249.572453, "delta": 0.001729}}
{"target": -17.67613597524818, "params": {"gamma": 881.3600838808217, "log10_alpha": -2.1621465565697537, "log10_colsample_bytree": -0.6389714478473909, "log10_eta": -2.8117309574642264, "log10_lambda": -3.5588118487521436, "log10_min_child_weight": 2.31019882457475, "log10_subsample": -0.6983570292518528, "max_depth": 6.0, "num_boost_round": 14.0}, "datetime": {"datetime": "2024-01-19 00:32:48", "elapsed": 1249.574203, "delta": 0.00175}}
{"target": -17.676085239370067, "params": {"gamma": 881.3600838808217, "log10_alpha": -2.1621465565697537, "log10_colsample_bytree": -0.6389714478473909, "log10_eta": -2.8117309574642264, "log10_lambda": -3.5588118487521436, "log10_min_child_weight": 2.31019882457475, "log10_subsample": -0.6983570292518528, "max_depth": 6.0, "num_boost_round": 15.0}, "datetime": {"datetime": "2024-01-19 00:32:48", "elapsed": 1249.575782, "delta": 0.001579}}
{"target": -17.676076392450625, "params": {"gamma": 881.3600838808217, "log10_alpha": -2.1621465565697537, "log10_colsample_bytree": -0.6389714478473909, "log10_eta": -2.8117309574642264, "log10_lambda": -3.5588118487521436, "log10_min_child_weight": 2.31019882457475, "log10_subsample": -0.6983570292518528, "max_depth": 6.0, "num_boost_round": 16.0}, "datetime": {"datetime": "2024-01-19 00:32:48", "elapsed": 1249.577428, "delta": 0.001646}}
{"target": -17.67602390997009, "params": {"gamma": 881.3600838808217, "log10_alpha": -2.1621465565697537, "log10_colsample_bytree": -0.6389714478473909, "log10_eta": -2.8117309574642264, "log10_lambda": -3.5588118487521436, "log10_min_child_weight": 2.31019882457475, "log10_subsample": -0.6983570292518528, "max_depth": 6.0, "num_boost_round": 17.0}, "datetime": {"datetime": "2024-01-19 00:32:48", "elapsed": 1249.579012, "delta": 0.001584}}
{"target": -17.676032561818985, "params": {"gamma": 881.3600838808217, "log10_alpha": -2.1621465565697537, "log10_colsample_bytree": -0.6389714478473909, "log10_eta": -2.8117309574642264, "log10_lambda": -3.5588118487521436, "log10_min_child_weight": 2.31019882457475, "log10_subsample": -0.6983570292518528, "max_depth": 6.0, "num_boost_round": 18.0}, "datetime": {"datetime": "2024-01-19 00:32:48", "elapsed": 1249.580672, "delta": 0.00166}}
{"target": -17.6760499692987, "params": {"gamma": 881.3600838808217, "log10_alpha": -2.1621465565697537, "log10_colsample_bytree": -0.6389714478473909, "log10_eta": -2.8117309574642264, "log10_lambda": -3.5588118487521436, "log10_min_child_weight": 2.31019882457475, "log10_subsample": -0.6983570292518528, "max_depth": 6.0, "num_boost_round": 19.0}, "datetime": {"datetime": "2024-01-19 00:32:48", "elapsed": 1249.582235, "delta": 0.001563}}
{"target": -17.67599696822778, "params": {"gamma": 881.3600838808217, "log10_alpha": -2.1621465565697537, "log10_colsample_bytree": -0.6389714478473909, "log10_eta": -2.8117309574642264, "log10_lambda": -3.5588118487521436, "log10_min_child_weight": 2.31019882457475, "log10_subsample": -0.6983570292518528, "max_depth": 6.0, "num_boost_round": 20.0}, "datetime": {"datetime": "2024-01-19 00:32:48", "elapsed": 1249.583809, "delta": 0.001574}}
{"target": -17.675935882255896, "params": {"gamma": 881.3600838808217, "log10_alpha": -2.1621465565697537, "log10_colsample_bytree": -0.6389714478473909, "log10_eta": -2.8117309574642264, "log10_lambda": -3.5588118487521436, "log10_min_child_weight": 2.31019882457475, "log10_subsample": -0.6983570292518528, "max_depth": 6.0, "num_boost_round": 21.0}, "datetime": {"datetime": "2024-01-19 00:32:48", "elapsed": 1249.58539, "delta": 0.001581}}
{"target": -17.675815791471816, "params": {"gamma": 881.3600838808217, "log10_alpha": -2.1621465565697537, "log10_colsample_bytree": -0.6389714478473909, "log10_eta": -2.8117309574642264, "log10_lambda": -3.5588118487521436, "log10_min_child_weight": 2.31019882457475, "log10_subsample": -0.6983570292518528, "max_depth": 6.0, "num_boost_round": 22.0}, "datetime": {"datetime": "2024-01-19 00:32:48", "elapsed": 1249.586966, "delta": 0.001576}}
{"target": -17.67572016135237, "params": {"gamma": 881.3600838808217, "log10_alpha": -2.1621465565697537, "log10_colsample_bytree": -0.6389714478473909, "log10_eta": -2.8117309574642264, "log10_lambda": -3.5588118487521436, "log10_min_child_weight": 2.31019882457475, "log10_subsample": -0.6983570292518528, "max_depth": 6.0, "num_boost_round": 23.0}, "datetime": {"datetime": "2024-01-19 00:32:48", "elapsed": 1249.588539, "delta": 0.001573}}
{"target": -17.67564460221333, "params": {"gamma": 881.3600838808217, "log10_alpha": -2.1621465565697537, "log10_colsample_bytree": -0.6389714478473909, "log10_eta": -2.8117309574642264, "log10_lambda": -3.5588118487521436, "log10_min_child_weight": 2.31019882457475, "log10_subsample": -0.6983570292518528, "max_depth": 6.0, "num_boost_round": 24.0}, "datetime": {"datetime": "2024-01-19 00:32:48", "elapsed": 1249.590125, "delta": 0.001586}}
{"target": -17.675608451187085, "params": {"gamma": 881.3600838808217, "log10_alpha": -2.1621465565697537, "log10_colsample_bytree": -0.6389714478473909, "log10_eta": -2.8117309574642264, "log10_lambda": -3.5588118487521436, "log10_min_child_weight": 2.31019882457475, "log10_subsample": -0.6983570292518528, "max_depth": 6.0, "num_boost_round": 25.0}, "datetime": {"datetime": "2024-01-19 00:32:48", "elapsed": 1249.591821, "delta": 0.001696}}
{"target": -17.675482153184223, "params": {"gamma": 881.3600838808217, "log10_alpha": -2.1621465565697537, "log10_colsample_bytree": -0.6389714478473909, "log10_eta": -2.8117309574642264, "log10_lambda": -3.5588118487521436, "log10_min_child_weight": 2.31019882457475, "log10_subsample": -0.6983570292518528, "max_depth": 6.0, "num_boost_round": 26.0}, "datetime": {"datetime": "2024-01-19 00:32:48", "elapsed": 1249.593393, "delta": 0.001572}}
{"target": -17.67544655744952, "params": {"gamma": 881.3600838808217, "log10_alpha": -2.1621465565697537, "log10_colsample_bytree": -0.6389714478473909, "log10_eta": -2.8117309574642264, "log10_lambda": -3.5588118487521436, "log10_min_child_weight": 2.31019882457475, "log10_subsample": -0.6983570292518528, "max_depth": 6.0, "num_boost_round": 27.0}, "datetime": {"datetime": "2024-01-19 00:32:48", "elapsed": 1249.594972, "delta": 0.001579}}
{"target": -17.67536619492482, "params": {"gamma": 881.3600838808217, "log10_alpha": -2.1621465565697537, "log10_colsample_bytree": -0.6389714478473909, "log10_eta": -2.8117309574642264, "log10_lambda": -3.5588118487521436, "log10_min_child_weight": 2.31019882457475, "log10_subsample": -0.6983570292518528, "max_depth": 6.0, "num_boost_round": 28.0}, "datetime": {"datetime": "2024-01-19 00:32:48", "elapsed": 1249.596656, "delta": 0.001684}}
{"target": -17.67538459403568, "params": {"gamma": 881.3600838808217, "log10_alpha": -2.1621465565697537, "log10_colsample_bytree": -0.6389714478473909, "log10_eta": -2.8117309574642264, "log10_lambda": -3.5588118487521436, "log10_min_child_weight": 2.31019882457475, "log10_subsample": -0.6983570292518528, "max_depth": 6.0, "num_boost_round": 29.0}, "datetime": {"datetime": "2024-01-19 00:32:48", "elapsed": 1249.59825, "delta": 0.001594}}
{"target": -17.67541266181279, "params": {"gamma": 881.3600838808217, "log10_alpha": -2.1621465565697537, "log10_colsample_bytree": -0.6389714478473909, "log10_eta": -2.8117309574642264, "log10_lambda": -3.5588118487521436, "log10_min_child_weight": 2.31019882457475, "log10_subsample": -0.6983570292518528, "max_depth": 6.0, "num_boost_round": 30.0}, "datetime": {"datetime": "2024-01-19 00:32:48", "elapsed": 1249.599836, "delta": 0.001586}}
{"target": -17.67532488010566, "params": {"gamma": 881.3600838808217, "log10_alpha": -2.1621465565697537, "log10_colsample_bytree": -0.6389714478473909, "log10_eta": -2.8117309574642264, "log10_lambda": -3.5588118487521436, "log10_min_child_weight": 2.31019882457475, "log10_subsample": -0.6983570292518528, "max_depth": 6.0, "num_boost_round": 31.0}, "datetime": {"datetime": "2024-01-19 00:32:48", "elapsed": 1249.601499, "delta": 0.001663}}
{"target": -17.67527719073702, "params": {"gamma": 881.3600838808217, "log10_alpha": -2.1621465565697537, "log10_colsample_bytree": -0.6389714478473909, "log10_eta": -2.8117309574642264, "log10_lambda": -3.5588118487521436, "log10_min_child_weight": 2.31019882457475, "log10_subsample": -0.6983570292518528, "max_depth": 6.0, "num_boost_round": 32.0}, "datetime": {"datetime": "2024-01-19 00:32:48", "elapsed": 1249.603091, "delta": 0.001592}}
{"target": -17.67520817499762, "params": {"gamma": 881.3600838808217, "log10_alpha": -2.1621465565697537, "log10_colsample_bytree": -0.6389714478473909, "log10_eta": -2.8117309574642264, "log10_lambda": -3.5588118487521436, "log10_min_child_weight": 2.31019882457475, "log10_subsample": -0.6983570292518528, "max_depth": 6.0, "num_boost_round": 33.0}, "datetime": {"datetime": "2024-01-19 00:32:48", "elapsed": 1249.604688, "delta": 0.001597}}
{"target": -17.675116084070968, "params": {"gamma": 881.3600838808217, "log10_alpha": -2.1621465565697537, "log10_colsample_bytree": -0.6389714478473909, "log10_eta": -2.8117309574642264, "log10_lambda": -3.5588118487521436, "log10_min_child_weight": 2.31019882457475, "log10_subsample": -0.6983570292518528, "max_depth": 6.0, "num_boost_round": 34.0}, "datetime": {"datetime": "2024-01-19 00:32:48", "elapsed": 1249.606273, "delta": 0.001585}}
{"target": -17.675067390188396, "params": {"gamma": 881.3600838808217, "log10_alpha": -2.1621465565697537, "log10_colsample_bytree": -0.6389714478473909, "log10_eta": -2.8117309574642264, "log10_lambda": -3.5588118487521436, "log10_min_child_weight": 2.31019882457475, "log10_subsample": -0.6983570292518528, "max_depth": 6.0, "num_boost_round": 35.0}, "datetime": {"datetime": "2024-01-19 00:32:48", "elapsed": 1249.607871, "delta": 0.001598}}
{"target": -17.675041886842813, "params": {"gamma": 881.3600838808217, "log10_alpha": -2.1621465565697537, "log10_colsample_bytree": -0.6389714478473909, "log10_eta": -2.8117309574642264, "log10_lambda": -3.5588118487521436, "log10_min_child_weight": 2.31019882457475, "log10_subsample": -0.6983570292518528, "max_depth": 6.0, "num_boost_round": 36.0}, "datetime": {"datetime": "2024-01-19 00:32:48", "elapsed": 1249.609458, "delta": 0.001587}}
{"target": -17.677225570794707, "params": {"gamma": 878.248492446623, "log10_alpha": -0.33387963623313777, "log10_colsample_bytree": -0.7148923636782102, "log10_eta": -3.662758966677846, "log10_lambda": 0.4585798744523837, "log10_min_child_weight": 2.301821489774141, "log10_subsample": -0.9875025854500934, "max_depth": 5.0, "num_boost_round": 0.0}, "datetime": {"datetime": "2024-01-19 00:33:21", "elapsed": 1282.184738, "delta": 32.57528}}
{"target": -17.677214925709897, "params": {"gamma": 878.248492446623, "log10_alpha": -0.33387963623313777, "log10_colsample_bytree": -0.7148923636782102, "log10_eta": -3.662758966677846, "log10_lambda": 0.4585798744523837, "log10_min_child_weight": 2.301821489774141, "log10_subsample": -0.9875025854500934, "max_depth": 5.0, "num_boost_round": 1.0}, "datetime": {"datetime": "2024-01-19 00:33:21", "elapsed": 1282.186983, "delta": 0.002245}}
{"target": -17.677206787976576, "params": {"gamma": 878.248492446623, "log10_alpha": -0.33387963623313777, "log10_colsample_bytree": -0.7148923636782102, "log10_eta": -3.662758966677846, "log10_lambda": 0.4585798744523837, "log10_min_child_weight": 2.301821489774141, "log10_subsample": -0.9875025854500934, "max_depth": 5.0, "num_boost_round": 2.0}, "datetime": {"datetime": "2024-01-19 00:33:21", "elapsed": 1282.188731, "delta": 0.001748}}
{"target": -17.67720389578373, "params": {"gamma": 878.248492446623, "log10_alpha": -0.33387963623313777, "log10_colsample_bytree": -0.7148923636782102, "log10_eta": -3.662758966677846, "log10_lambda": 0.4585798744523837, "log10_min_child_weight": 2.301821489774141, "log10_subsample": -0.9875025854500934, "max_depth": 5.0, "num_boost_round": 3.0}, "datetime": {"datetime": "2024-01-19 00:33:21", "elapsed": 1282.190355, "delta": 0.001624}}
{"target": -17.677192765222983, "params": {"gamma": 878.248492446623, "log10_alpha": -0.33387963623313777, "log10_colsample_bytree": -0.7148923636782102, "log10_eta": -3.662758966677846, "log10_lambda": 0.4585798744523837, "log10_min_child_weight": 2.301821489774141, "log10_subsample": -0.9875025854500934, "max_depth": 5.0, "num_boost_round": 4.0}, "datetime": {"datetime": "2024-01-19 00:33:21", "elapsed": 1282.192119, "delta": 0.001764}}
{"target": -17.677181710927734, "params": {"gamma": 878.248492446623, "log10_alpha": -0.33387963623313777, "log10_colsample_bytree": -0.7148923636782102, "log10_eta": -3.662758966677846, "log10_lambda": 0.4585798744523837, "log10_min_child_weight": 2.301821489774141, "log10_subsample": -0.9875025854500934, "max_depth": 5.0, "num_boost_round": 5.0}, "datetime": {"datetime": "2024-01-19 00:33:21", "elapsed": 1282.193719, "delta": 0.0016}}
{"target": -17.677176196977747, "params": {"gamma": 878.248492446623, "log10_alpha": -0.33387963623313777, "log10_colsample_bytree": -0.7148923636782102, "log10_eta": -3.662758966677846, "log10_lambda": 0.4585798744523837, "log10_min_child_weight": 2.301821489774141, "log10_subsample": -0.9875025854500934, "max_depth": 5.0, "num_boost_round": 6.0}, "datetime": {"datetime": "2024-01-19 00:33:21", "elapsed": 1282.195322, "delta": 0.001603}}
{"target": -17.67716328514202, "params": {"gamma": 878.248492446623, "log10_alpha": -0.33387963623313777, "log10_colsample_bytree": -0.7148923636782102, "log10_eta": -3.662758966677846, "log10_lambda": 0.4585798744523837, "log10_min_child_weight": 2.301821489774141, "log10_subsample": -0.9875025854500934, "max_depth": 5.0, "num_boost_round": 7.0}, "datetime": {"datetime": "2024-01-19 00:33:21", "elapsed": 1282.197033, "delta": 0.001711}}
{"target": -17.677154716226923, "params": {"gamma": 878.248492446623, "log10_alpha": -0.33387963623313777, "log10_colsample_bytree": -0.7148923636782102, "log10_eta": -3.662758966677846, "log10_lambda": 0.4585798744523837, "log10_min_child_weight": 2.301821489774141, "log10_subsample": -0.9875025854500934, "max_depth": 5.0, "num_boost_round": 8.0}, "datetime": {"datetime": "2024-01-19 00:33:21", "elapsed": 1282.198643, "delta": 0.00161}}
{"target": -17.67714660192599, "params": {"gamma": 878.248492446623, "log10_alpha": -0.33387963623313777, "log10_colsample_bytree": -0.7148923636782102, "log10_eta": -3.662758966677846, "log10_lambda": 0.4585798744523837, "log10_min_child_weight": 2.301821489774141, "log10_subsample": -0.9875025854500934, "max_depth": 5.0, "num_boost_round": 9.0}, "datetime": {"datetime": "2024-01-19 00:33:21", "elapsed": 1282.2003, "delta": 0.001657}}
{"target": -17.6771395745408, "params": {"gamma": 878.248492446623, "log10_alpha": -0.33387963623313777, "log10_colsample_bytree": -0.7148923636782102, "log10_eta": -3.662758966677846, "log10_lambda": 0.4585798744523837, "log10_min_child_weight": 2.301821489774141, "log10_subsample": -0.9875025854500934, "max_depth": 5.0, "num_boost_round": 10.0}, "datetime": {"datetime": "2024-01-19 00:33:21", "elapsed": 1282.201903, "delta": 0.001603}}
{"target": -17.677142545941432, "params": {"gamma": 878.248492446623, "log10_alpha": -0.33387963623313777, "log10_colsample_bytree": -0.7148923636782102, "log10_eta": -3.662758966677846, "log10_lambda": 0.4585798744523837, "log10_min_child_weight": 2.301821489774141, "log10_subsample": -0.9875025854500934, "max_depth": 5.0, "num_boost_round": 11.0}, "datetime": {"datetime": "2024-01-19 00:33:21", "elapsed": 1282.20351, "delta": 0.001607}}
{"target": -17.677136729503825, "params": {"gamma": 878.248492446623, "log10_alpha": -0.33387963623313777, "log10_colsample_bytree": -0.7148923636782102, "log10_eta": -3.662758966677846, "log10_lambda": 0.4585798744523837, "log10_min_child_weight": 2.301821489774141, "log10_subsample": -0.9875025854500934, "max_depth": 5.0, "num_boost_round": 12.0}, "datetime": {"datetime": "2024-01-19 00:33:21", "elapsed": 1282.205123, "delta": 0.001613}}
{"target": -17.677128590975222, "params": {"gamma": 878.248492446623, "log10_alpha": -0.33387963623313777, "log10_colsample_bytree": -0.7148923636782102, "log10_eta": -3.662758966677846, "log10_lambda": 0.4585798744523837, "log10_min_child_weight": 2.301821489774141, "log10_subsample": -0.9875025854500934, "max_depth": 5.0, "num_boost_round": 13.0}, "datetime": {"datetime": "2024-01-19 00:33:21", "elapsed": 1282.206732, "delta": 0.001609}}
{"target": -17.6771251480291, "params": {"gamma": 878.248492446623, "log10_alpha": -0.33387963623313777, "log10_colsample_bytree": -0.7148923636782102, "log10_eta": -3.662758966677846, "log10_lambda": 0.4585798744523837, "log10_min_child_weight": 2.301821489774141, "log10_subsample": -0.9875025854500934, "max_depth": 5.0, "num_boost_round": 14.0}, "datetime": {"datetime": "2024-01-19 00:33:21", "elapsed": 1282.208348, "delta": 0.001616}}
{"target": -17.67712344697442, "params": {"gamma": 878.248492446623, "log10_alpha": -0.33387963623313777, "log10_colsample_bytree": -0.7148923636782102, "log10_eta": -3.662758966677846, "log10_lambda": 0.4585798744523837, "log10_min_child_weight": 2.301821489774141, "log10_subsample": -0.9875025854500934, "max_depth": 5.0, "num_boost_round": 15.0}, "datetime": {"datetime": "2024-01-19 00:33:21", "elapsed": 1282.209974, "delta": 0.001626}}
{"target": -17.67711201059808, "params": {"gamma": 878.248492446623, "log10_alpha": -0.33387963623313777, "log10_colsample_bytree": -0.7148923636782102, "log10_eta": -3.662758966677846, "log10_lambda": 0.4585798744523837, "log10_min_child_weight": 2.301821489774141, "log10_subsample": -0.9875025854500934, "max_depth": 5.0, "num_boost_round": 16.0}, "datetime": {"datetime": "2024-01-19 00:33:21", "elapsed": 1282.21169, "delta": 0.001716}}
{"target": -17.67710917761141, "params": {"gamma": 878.248492446623, "log10_alpha": -0.33387963623313777, "log10_colsample_bytree": -0.7148923636782102, "log10_eta": -3.662758966677846, "log10_lambda": 0.4585798744523837, "log10_min_child_weight": 2.301821489774141, "log10_subsample": -0.9875025854500934, "max_depth": 5.0, "num_boost_round": 17.0}, "datetime": {"datetime": "2024-01-19 00:33:21", "elapsed": 1282.213302, "delta": 0.001612}}
{"target": -17.67710890115402, "params": {"gamma": 878.248492446623, "log10_alpha": -0.33387963623313777, "log10_colsample_bytree": -0.7148923636782102, "log10_eta": -3.662758966677846, "log10_lambda": 0.4585798744523837, "log10_min_child_weight": 2.301821489774141, "log10_subsample": -0.9875025854500934, "max_depth": 5.0, "num_boost_round": 18.0}, "datetime": {"datetime": "2024-01-19 00:33:21", "elapsed": 1282.214916, "delta": 0.001614}}
{"target": -17.677101385522082, "params": {"gamma": 878.248492446623, "log10_alpha": -0.33387963623313777, "log10_colsample_bytree": -0.7148923636782102, "log10_eta": -3.662758966677846, "log10_lambda": 0.4585798744523837, "log10_min_child_weight": 2.301821489774141, "log10_subsample": -0.9875025854500934, "max_depth": 5.0, "num_boost_round": 19.0}, "datetime": {"datetime": "2024-01-19 00:33:21", "elapsed": 1282.216522, "delta": 0.001606}}
{"target": -17.677089741386638, "params": {"gamma": 878.248492446623, "log10_alpha": -0.33387963623313777, "log10_colsample_bytree": -0.7148923636782102, "log10_eta": -3.662758966677846, "log10_lambda": 0.4585798744523837, "log10_min_child_weight": 2.301821489774141, "log10_subsample": -0.9875025854500934, "max_depth": 5.0, "num_boost_round": 20.0}, "datetime": {"datetime": "2024-01-19 00:33:21", "elapsed": 1282.218216, "delta": 0.001694}}
