{"target": -13.781914538954421, "params": {"gamma": 715.9638435921948, "log10_alpha": 0.7246828785895012, "log10_colsample_bytree": -0.19011855899019148, "log10_eta": -1.9413035155724758, "log10_lambda": -4.371565642170371, "log10_min_child_weight": 1.4029494871831845, "log10_subsample": -0.36397880395961424, "max_depth": 8.0, "num_boost_round": 49.0}, "datetime": {"datetime": "2024-01-19 01:13:17", "elapsed": 3696.090286, "delta": 0.004201}}
{"target": -13.783496995152099, "params": {"gamma": 715.9638435921948, "log10_alpha": 0.7246828785895012, "log10_colsample_bytree": -0.19011855899019148, "log10_eta": -1.9413035155724758, "log10_lambda": -4.371565642170371, "log10_min_child_weight": 1.4029494871831845, "log10_subsample": -0.36397880395961424, "max_depth": 8.0, "num_boost_round": 50.0}, "datetime": {"datetime": "2024-01-19 01:13:17", "elapsed": 3696.094375, "delta": 0.004089}}
{"target": -13.784213916582628, "params": {"gamma": 715.9638435921948, "log10_alpha": 0.7246828785895012, "log10_colsample_bytree": -0.19011855899019148, "log10_eta": -1.9413035155724758, "log10_lambda": -4.371565642170371, "log10_min_child_weight": 1.4029494871831845, "log10_subsample": -0.36397880395961424, "max_depth": 8.0, "num_boost_round": 51.0}, "datetime": {"datetime": "2024-01-19 01:13:17", "elapsed": 3696.098453, "delta": 0.004078}}
{"target": -13.785090041118984, "params": {"gamma": 715.9638435921948, "log10_alpha": 0.7246828785895012, "log10_colsample_bytree": -0.19011855899019148, "log10_eta": -1.9413035155724758, "log10_lambda": -4.371565642170371, "log10_min_child_weight": 1.4029494871831845, "log10_subsample": -0.36397880395961424, "max_depth": 8.0, "num_boost_round": 52.0}, "datetime": {"datetime": "2024-01-19 01:13:17", "elapsed": 3696.102496, "delta": 0.004043}}
{"target": -13.785593597706043, "params": {"gamma": 715.9638435921948, "log10_alpha": 0.7246828785895012, "log10_colsample_bytree": -0.19011855899019148, "log10_eta": -1.9413035155724758, "log10_lambda": -4.371565642170371, "log10_min_child_weight": 1.4029494871831845, "log10_subsample": -0.36397880395961424, "max_depth": 8.0, "num_boost_round": 53.0}, "datetime": {"datetime": "2024-01-19 01:13:17", "elapsed": 3696.106641, "delta": 0.004145}}
{"target": -13.785849955103016, "params": {"gamma": 715.9638435921948, "log10_alpha": 0.7246828785895012, "log10_colsample_bytree": -0.19011855899019148, "log10_eta": -1.9413035155724758, "log10_lambda": -4.371565642170371, "log10_min_child_weight": 1.4029494871831845, "log10_subsample": -0.36397880395961424, "max_depth": 8.0, "num_boost_round": 54.0}, "datetime": {"datetime": "2024-01-19 01:13:17", "elapsed": 3696.110831, "delta": 0.00419}}
{"target": -13.786548006969689, "params": {"gamma": 715.9638435921948, "log10_alpha": 0.7246828785895012, "log10_colsample_bytree": -0.19011855899019148, "log10_eta": -1.9413035155724758, "log10_lambda": -4.371565642170371, "log10_min_child_weight": 1.4029494871831845, "log10_subsample": -0.36397880395961424, "max_depth": 8.0, "num_boost_round": 55.0}, "datetime": {"datetime": "2024-01-19 01:13:17", "elapsed": 3696.115059, "delta": 0.004228}}
{"target": -13.78719327185764, "params": {"gamma": 715.9638435921948, "log10_alpha": 0.7246828785895012, "log10_colsample_bytree": -0.19011855899019148, "log10_eta": -1.9413035155724758, "log10_lambda": -4.371565642170371, "log10_min_child_weight": 1.4029494871831845, "log10_subsample": -0.36397880395961424, "max_depth": 8.0, "num_boost_round": 56.0}, "datetime": {"datetime": "2024-01-19 01:13:17", "elapsed": 3696.120227, "delta": 0.005168}}
{"target": -13.787140063183932, "params": {"gamma": 715.9638435921948, "log10_alpha": 0.7246828785895012, "log10_colsample_bytree": -0.19011855899019148, "log10_eta": -1.9413035155724758, "log10_lambda": -4.371565642170371, "log10_min_child_weight": 1.4029494871831845, "log10_subsample": -0.36397880395961424, "max_depth": 8.0, "num_boost_round": 57.0}, "datetime": {"datetime": "2024-01-19 01:13:17", "elapsed": 3696.125333, "delta": 0.005106}}
{"target": -13.786874407332542, "params": {"gamma": 715.9638435921948, "log10_alpha": 0.7246828785895012, "log10_colsample_bytree": -0.19011855899019148, "log10_eta": -1.9413035155724758, "log10_lambda": -4.371565642170371, "log10_min_child_weight": 1.4029494871831845, "log10_subsample": -0.36397880395961424, "max_depth": 8.0, "num_boost_round": 58.0}, "datetime": {"datetime": "2024-01-19 01:13:17", "elapsed": 3696.130596, "delta": 0.005263}}
{"target": -13.78746587134307, "params": {"gamma": 715.9638435921948, "log10_alpha": 0.7246828785895012, "log10_colsample_bytree": -0.19011855899019148, "log10_eta": -1.9413035155724758, "log10_lambda": -4.371565642170371, "log10_min_child_weight": 1.4029494871831845, "log10_subsample": -0.36397880395961424, "max_depth": 8.0, "num_boost_round": 59.0}, "datetime": {"datetime": "2024-01-19 01:13:17", "elapsed": 3696.134844, "delta": 0.004248}}
{"target": -13.788705772745052, "params": {"gamma": 715.9638435921948, "log10_alpha": 0.7246828785895012, "log10_colsample_bytree": -0.19011855899019148, "log10_eta": -1.9413035155724758, "log10_lambda": -4.371565642170371, "log10_min_child_weight": 1.4029494871831845, "log10_subsample": -0.36397880395961424, "max_depth": 8.0, "num_boost_round": 60.0}, "datetime": {"datetime": "2024-01-19 01:13:17", "elapsed": 3696.139137, "delta": 0.004293}}
{"target": -13.790175821787596, "params": {"gamma": 715.9638435921948, "log10_alpha": 0.7246828785895012, "log10_colsample_bytree": -0.19011855899019148, "log10_eta": -1.9413035155724758, "log10_lambda": -4.371565642170371, "log10_min_child_weight": 1.4029494871831845, "log10_subsample": -0.36397880395961424, "max_depth": 8.0, "num_boost_round": 61.0}, "datetime": {"datetime": "2024-01-19 01:13:17", "elapsed": 3696.143297, "delta": 0.00416}}
{"target": -13.790929651810826, "params": {"gamma": 715.9638435921948, "log10_alpha": 0.7246828785895012, "log10_colsample_bytree": -0.19011855899019148, "log10_eta": -1.9413035155724758, "log10_lambda": -4.371565642170371, "log10_min_child_weight": 1.4029494871831845, "log10_subsample": -0.36397880395961424, "max_depth": 8.0, "num_boost_round": 62.0}, "datetime": {"datetime": "2024-01-19 01:13:17", "elapsed": 3696.147535, "delta": 0.004238}}
{"target": -13.791137708773721, "params": {"gamma": 715.9638435921948, "log10_alpha": 0.7246828785895012, "log10_colsample_bytree": -0.19011855899019148, "log10_eta": -1.9413035155724758, "log10_lambda": -4.371565642170371, "log10_min_child_weight": 1.4029494871831845, "log10_subsample": -0.36397880395961424, "max_depth": 8.0, "num_boost_round": 63.0}, "datetime": {"datetime": "2024-01-19 01:13:17", "elapsed": 3696.151701, "delta": 0.004166}}
{"target": -13.75853770771577, "params": {"gamma": 712.4751277720837, "log10_alpha": -2.9089904736624375, "log10_colsample_bytree": -0.19713516257165242, "log10_eta": -3.973399529593051, "log10_lambda": 0.16132258016077206, "log10_min_child_weight": 2.1790830674046315, "log10_subsample": -0.6529158330832904, "max_depth": 5.0, "num_boost_round": 0.0}, "datetime": {"datetime": "2024-01-19 01:14:39", "elapsed": 3778.351231, "delta": 82.19953}}
{"target": -13.758539344543777, "params": {"gamma": 712.4751277720837, "log10_alpha": -2.9089904736624375, "log10_colsample_bytree": -0.19713516257165242, "log10_eta": -3.973399529593051, "log10_lambda": 0.16132258016077206, "log10_min_child_weight": 2.1790830674046315, "log10_subsample": -0.6529158330832904, "max_depth": 5.0, "num_boost_round": 1.0}, "datetime": {"datetime": "2024-01-19 01:14:39", "elapsed": 3778.35641, "delta": 0.005179}}
{"target": -13.758537811381824, "params": {"gamma": 712.4751277720837, "log10_alpha": -2.9089904736624375, "log10_colsample_bytree": -0.19713516257165242, "log10_eta": -3.973399529593051, "log10_lambda": 0.16132258016077206, "log10_min_child_weight": 2.1790830674046315, "log10_subsample": -0.6529158330832904, "max_depth": 5.0, "num_boost_round": 2.0}, "datetime": {"datetime": "2024-01-19 01:14:39", "elapsed": 3778.360518, "delta": 0.004108}}
{"target": -13.758536574962953, "params": {"gamma": 712.4751277720837, "log10_alpha": -2.9089904736624375, "log10_colsample_bytree": -0.19713516257165242, "log10_eta": -3.973399529593051, "log10_lambda": 0.16132258016077206, "log10_min_child_weight": 2.1790830674046315, "log10_subsample": -0.6529158330832904, "max_depth": 5.0, "num_boost_round": 3.0}, "datetime": {"datetime": "2024-01-19 01:14:39", "elapsed": 3778.364688, "delta": 0.00417}}
{"target": -13.758530843797075, "params": {"gamma": 712.4751277720837, "log10_alpha": -2.9089904736624375, "log10_colsample_bytree": -0.19713516257165242, "log10_eta": -3.973399529593051, "log10_lambda": 0.16132258016077206, "log10_min_child_weight": 2.1790830674046315, "log10_subsample": -0.6529158330832904, "max_depth": 5.0, "num_boost_round": 4.0}, "datetime": {"datetime": "2024-01-19 01:14:39", "elapsed": 3778.368759, "delta": 0.004071}}
{"target": -13.758531083096786, "params": {"gamma": 712.4751277720837, "log10_alpha": -2.9089904736624375, "log10_colsample_bytree": -0.19713516257165242, "log10_eta": -3.973399529593051, "log10_lambda": 0.16132258016077206, "log10_min_child_weight": 2.1790830674046315, "log10_subsample": -0.6529158330832904, "max_depth": 5.0, "num_boost_round": 5.0}, "datetime": {"datetime": "2024-01-19 01:14:39", "elapsed": 3778.37298, "delta": 0.004221}}
{"target": -13.758529374152712, "params": {"gamma": 712.4751277720837, "log10_alpha": -2.9089904736624375, "log10_colsample_bytree": -0.19713516257165242, "log10_eta": -3.973399529593051, "log10_lambda": 0.16132258016077206, "log10_min_child_weight": 2.1790830674046315, "log10_subsample": -0.6529158330832904, "max_depth": 5.0, "num_boost_round": 6.0}, "datetime": {"datetime": "2024-01-19 01:14:39", "elapsed": 3778.377181, "delta": 0.004201}}
{"target": -13.75852944143901, "params": {"gamma": 712.4751277720837, "log10_alpha": -2.9089904736624375, "log10_colsample_bytree": -0.19713516257165242, "log10_eta": -3.973399529593051, "log10_lambda": 0.16132258016077206, "log10_min_child_weight": 2.1790830674046315, "log10_subsample": -0.6529158330832904, "max_depth": 5.0, "num_boost_round": 7.0}, "datetime": {"datetime": "2024-01-19 01:14:39", "elapsed": 3778.381258, "delta": 0.004077}}
{"target": -13.758527468498862, "params": {"gamma": 712.4751277720837, "log10_alpha": -2.9089904736624375, "log10_colsample_bytree": -0.19713516257165242, "log10_eta": -3.973399529593051, "log10_lambda": 0.16132258016077206, "log10_min_child_weight": 2.1790830674046315, "log10_subsample": -0.6529158330832904, "max_depth": 5.0, "num_boost_round": 8.0}, "datetime": {"datetime": "2024-01-19 01:14:39", "elapsed": 3778.385528, "delta": 0.00427}}
{"target": -13.758528914262357, "params": {"gamma": 712.4751277720837, "log10_alpha": -2.9089904736624375, "log10_colsample_bytree": -0.19713516257165242, "log10_eta": -3.973399529593051, "log10_lambda": 0.16132258016077206, "log10_min_child_weight": 2.1790830674046315, "log10_subsample": -0.6529158330832904, "max_depth": 5.0, "num_boost_round": 9.0}, "datetime": {"datetime": "2024-01-19 01:14:39", "elapsed": 3778.389896, "delta": 0.004368}}
{"target": -13.75852617723725, "params": {"gamma": 712.4751277720837, "log10_alpha": -2.9089904736624375, "log10_colsample_bytree": -0.19713516257165242, "log10_eta": -3.973399529593051, "log10_lambda": 0.16132258016077206, "log10_min_child_weight": 2.1790830674046315, "log10_subsample": -0.6529158330832904, "max_depth": 5.0, "num_boost_round": 10.0}, "datetime": {"datetime": "2024-01-19 01:14:39", "elapsed": 3778.394041, "delta": 0.004145}}
{"target": -13.758523851799401, "params": {"gamma": 712.4751277720837, "log10_alpha": -2.9089904736624375, "log10_colsample_bytree": -0.19713516257165242, "log10_eta": -3.973399529593051, "log10_lambda": 0.16132258016077206, "log10_min_child_weight": 2.1790830674046315, "log10_subsample": -0.6529158330832904, "max_depth": 5.0, "num_boost_round": 11.0}, "datetime": {"datetime": "2024-01-19 01:14:39", "elapsed": 3778.398111, "delta": 0.00407}}
{"target": -13.758520920017103, "params": {"gamma": 712.4751277720837, "log10_alpha": -2.9089904736624375, "log10_colsample_bytree": -0.19713516257165242, "log10_eta": -3.973399529593051, "log10_lambda": 0.16132258016077206, "log10_min_child_weight": 2.1790830674046315, "log10_subsample": -0.6529158330832904, "max_depth": 5.0, "num_boost_round": 12.0}, "datetime": {"datetime": "2024-01-19 01:14:39", "elapsed": 3778.402297, "delta": 0.004186}}
{"target": -13.758524644879529, "params": {"gamma": 712.4751277720837, "log10_alpha": -2.9089904736624375, "log10_colsample_bytree": -0.19713516257165242, "log10_eta": -3.973399529593051, "log10_lambda": 0.16132258016077206, "log10_min_child_weight": 2.1790830674046315, "log10_subsample": -0.6529158330832904, "max_depth": 5.0, "num_boost_round": 13.0}, "datetime": {"datetime": "2024-01-19 01:14:39", "elapsed": 3778.406436, "delta": 0.004139}}
{"target": -13.758524549372886, "params": {"gamma": 712.4751277720837, "log10_alpha": -2.9089904736624375, "log10_colsample_bytree": -0.19713516257165242, "log10_eta": -3.973399529593051, "log10_lambda": 0.16132258016077206, "log10_min_child_weight": 2.1790830674046315, "log10_subsample": -0.6529158330832904, "max_depth": 5.0, "num_boost_round": 14.0}, "datetime": {"datetime": "2024-01-19 01:14:39", "elapsed": 3778.410524, "delta": 0.004088}}
{"target": -13.75852286621639, "params": {"gamma": 712.4751277720837, "log10_alpha": -2.9089904736624375, "log10_colsample_bytree": -0.19713516257165242, "log10_eta": -3.973399529593051, "log10_lambda": 0.16132258016077206, "log10_min_child_weight": 2.1790830674046315, "log10_subsample": -0.6529158330832904, "max_depth": 5.0, "num_boost_round": 15.0}, "datetime": {"datetime": "2024-01-19 01:14:39", "elapsed": 3778.414765, "delta": 0.004241}}
{"target": -13.758522110118705, "params": {"gamma": 712.4751277720837, "log10_alpha": -2.9089904736624375, "log10_colsample_bytree": -0.19713516257165242, "log10_eta": -3.973399529593051, "log10_lambda": 0.16132258016077206, "log10_min_child_weight": 2.1790830674046315, "log10_subsample": -0.6529158330832904, "max_depth": 5.0, "num_boost_round": 16.0}, "datetime": {"datetime": "2024-01-19 01:14:39", "elapsed": 3778.418838, "delta": 0.004073}}
{"target": -13.758520147188426, "params": {"gamma": 712.4751277720837, "log10_alpha": -2.9089904736624375, "log10_colsample_bytree": -0.19713516257165242, "log10_eta": -3.973399529593051, "log10_lambda": 0.16132258016077206, "log10_min_child_weight": 2.1790830674046315, "log10_subsample": -0.6529158330832904, "max_depth": 5.0, "num_boost_round": 17.0}, "datetime": {"datetime": "2024-01-19 01:14:39", "elapsed": 3778.422886, "delta": 0.004048}}
{"target": -13.75852190202879, "params": {"gamma": 712.4751277720837, "log10_alpha": -2.9089904736624375, "log10_colsample_bytree": -0.19713516257165242, "log10_eta": -3.973399529593051, "log10_lambda": 0.16132258016077206, "log10_min_child_weight": 2.1790830674046315, "log10_subsample": -0.6529158330832904, "max_depth": 5.0, "num_boost_round": 18.0}, "datetime": {"datetime": "2024-01-19 01:14:39", "elapsed": 3778.427128, "delta": 0.004242}}
{"target": -13.758521154975488, "params": {"gamma": 712.4751277720837, "log10_alpha": -2.9089904736624375, "log10_colsample_bytree": -0.19713516257165242, "log10_eta": -3.973399529593051, "log10_lambda": 0.16132258016077206, "log10_min_child_weight": 2.1790830674046315, "log10_subsample": -0.6529158330832904, "max_depth": 5.0, "num_boost_round": 19.0}, "datetime": {"datetime": "2024-01-19 01:14:39", "elapsed": 3778.431187, "delta": 0.004059}}
{"target": -13.758519915707994, "params": {"gamma": 712.4751277720837, "log10_alpha": -2.9089904736624375, "log10_colsample_bytree": -0.19713516257165242, "log10_eta": -3.973399529593051, "log10_lambda": 0.16132258016077206, "log10_min_child_weight": 2.1790830674046315, "log10_subsample": -0.6529158330832904, "max_depth": 5.0, "num_boost_round": 20.0}, "datetime": {"datetime": "2024-01-19 01:14:39", "elapsed": 3778.435346, "delta": 0.004159}}
{"target": -13.758513688768332, "params": {"gamma": 712.4751277720837, "log10_alpha": -2.9089904736624375, "log10_colsample_bytree": -0.19713516257165242, "log10_eta": -3.973399529593051, "log10_lambda": 0.16132258016077206, "log10_min_child_weight": 2.1790830674046315, "log10_subsample": -0.6529158330832904, "max_depth": 5.0, "num_boost_round": 21.0}, "datetime": {"datetime": "2024-01-19 01:14:39", "elapsed": 3778.439708, "delta": 0.004362}}
{"target": -13.75851157231859, "params": {"gamma": 712.4751277720837, "log10_alpha": -2.9089904736624375, "log10_colsample_bytree": -0.19713516257165242, "log10_eta": -3.973399529593051, "log10_lambda": 0.16132258016077206, "log10_min_child_weight": 2.1790830674046315, "log10_subsample": -0.6529158330832904, "max_depth": 5.0, "num_boost_round": 22.0}, "datetime": {"datetime": "2024-01-19 01:14:39", "elapsed": 3778.44393, "delta": 0.004222}}
{"target": -13.758511998653805, "params": {"gamma": 712.4751277720837, "log10_alpha": -2.9089904736624375, "log10_colsample_bytree": -0.19713516257165242, "log10_eta": -3.973399529593051, "log10_lambda": 0.16132258016077206, "log10_min_child_weight": 2.1790830674046315, "log10_subsample": -0.6529158330832904, "max_depth": 5.0, "num_boost_round": 23.0}, "datetime": {"datetime": "2024-01-19 01:14:39", "elapsed": 3778.447932, "delta": 0.004002}}
{"target": -13.758511204904563, "params": {"gamma": 712.4751277720837, "log10_alpha": -2.9089904736624375, "log10_colsample_bytree": -0.19713516257165242, "log10_eta": -3.973399529593051, "log10_lambda": 0.16132258016077206, "log10_min_child_weight": 2.1790830674046315, "log10_subsample": -0.6529158330832904, "max_depth": 5.0, "num_boost_round": 24.0}, "datetime": {"datetime": "2024-01-19 01:14:39", "elapsed": 3778.452107, "delta": 0.004175}}
{"target": -13.758511504790151, "params": {"gamma": 712.4751277720837, "log10_alpha": -2.9089904736624375, "log10_colsample_bytree": -0.19713516257165242, "log10_eta": -3.973399529593051, "log10_lambda": 0.16132258016077206, "log10_min_child_weight": 2.1790830674046315, "log10_subsample": -0.6529158330832904, "max_depth": 5.0, "num_boost_round": 25.0}, "datetime": {"datetime": "2024-01-19 01:14:39", "elapsed": 3778.456182, "delta": 0.004075}}
{"target": -13.758505562161135, "params": {"gamma": 712.4751277720837, "log10_alpha": -2.9089904736624375, "log10_colsample_bytree": -0.19713516257165242, "log10_eta": -3.973399529593051, "log10_lambda": 0.16132258016077206, "log10_min_child_weight": 2.1790830674046315, "log10_subsample": -0.6529158330832904, "max_depth": 5.0, "num_boost_round": 26.0}, "datetime": {"datetime": "2024-01-19 01:14:39", "elapsed": 3778.460259, "delta": 0.004077}}
{"target": -13.758504205863222, "params": {"gamma": 712.4751277720837, "log10_alpha": -2.9089904736624375, "log10_colsample_bytree": -0.19713516257165242, "log10_eta": -3.973399529593051, "log10_lambda": 0.16132258016077206, "log10_min_child_weight": 2.1790830674046315, "log10_subsample": -0.6529158330832904, "max_depth": 5.0, "num_boost_round": 27.0}, "datetime": {"datetime": "2024-01-19 01:14:39", "elapsed": 3778.464464, "delta": 0.004205}}
{"target": -13.758502448625277, "params": {"gamma": 712.4751277720837, "log10_alpha": -2.9089904736624375, "log10_colsample_bytree": -0.19713516257165242, "log10_eta": -3.973399529593051, "log10_lambda": 0.16132258016077206, "log10_min_child_weight": 2.1790830674046315, "log10_subsample": -0.6529158330832904, "max_depth": 5.0, "num_boost_round": 28.0}, "datetime": {"datetime": "2024-01-19 01:14:39", "elapsed": 3778.468635, "delta": 0.004171}}
{"target": -13.758502843873385, "params": {"gamma": 712.4751277720837, "log10_alpha": -2.9089904736624375, "log10_colsample_bytree": -0.19713516257165242, "log10_eta": -3.973399529593051, "log10_lambda": 0.16132258016077206, "log10_min_child_weight": 2.1790830674046315, "log10_subsample": -0.6529158330832904, "max_depth": 5.0, "num_boost_round": 29.0}, "datetime": {"datetime": "2024-01-19 01:14:39", "elapsed": 3778.472818, "delta": 0.004183}}
{"target": -13.758501797969103, "params": {"gamma": 712.4751277720837, "log10_alpha": -2.9089904736624375, "log10_colsample_bytree": -0.19713516257165242, "log10_eta": -3.973399529593051, "log10_lambda": 0.16132258016077206, "log10_min_child_weight": 2.1790830674046315, "log10_subsample": -0.6529158330832904, "max_depth": 5.0, "num_boost_round": 30.0}, "datetime": {"datetime": "2024-01-19 01:14:39", "elapsed": 3778.477463, "delta": 0.004645}}
{"target": -13.758501745564425, "params": {"gamma": 712.4751277720837, "log10_alpha": -2.9089904736624375, "log10_colsample_bytree": -0.19713516257165242, "log10_eta": -3.973399529593051, "log10_lambda": 0.16132258016077206, "log10_min_child_weight": 2.1790830674046315, "log10_subsample": -0.6529158330832904, "max_depth": 5.0, "num_boost_round": 31.0}, "datetime": {"datetime": "2024-01-19 01:14:39", "elapsed": 3778.481629, "delta": 0.004166}}
{"target": -13.758497109628909, "params": {"gamma": 712.4751277720837, "log10_alpha": -2.9089904736624375, "log10_colsample_bytree": -0.19713516257165242, "log10_eta": -3.973399529593051, "log10_lambda": 0.16132258016077206, "log10_min_child_weight": 2.1790830674046315, "log10_subsample": -0.6529158330832904, "max_depth": 5.0, "num_boost_round": 32.0}, "datetime": {"datetime": "2024-01-19 01:14:39", "elapsed": 3778.485914, "delta": 0.004285}}
{"target": -13.758496212585282, "params": {"gamma": 712.4751277720837, "log10_alpha": -2.9089904736624375, "log10_colsample_bytree": -0.19713516257165242, "log10_eta": -3.973399529593051, "log10_lambda": 0.16132258016077206, "log10_min_child_weight": 2.1790830674046315, "log10_subsample": -0.6529158330832904, "max_depth": 5.0, "num_boost_round": 33.0}, "datetime": {"datetime": "2024-01-19 01:14:39", "elapsed": 3778.490415, "delta": 0.004501}}
