{"target": -13.75852766364028, "params": {"gamma": 866.1602406388932, "log10_alpha": -0.5816741250831701, "log10_colsample_bytree": -0.20361337276122815, "log10_eta": -3.61271583363446, "log10_lambda": -2.2653186845112323, "log10_min_child_weight": 3.1077148230383056, "log10_subsample": -0.7739670970445035, "max_depth": 7.0, "num_boost_round": 1.0}, "datetime": {"datetime": "2024-01-19 00:38:44", "elapsed": 1644.788251, "delta": 0.002623}}
{"target": -13.758522718501247, "params": {"gamma": 866.1602406388932, "log10_alpha": -0.5816741250831701, "log10_colsample_bytree": -0.20361337276122815, "log10_eta": -3.61271583363446, "log10_lambda": -2.2653186845112323, "log10_min_child_weight": 3.1077148230383056, "log10_subsample": -0.7739670970445035, "max_depth": 7.0, "num_boost_round": 2.0}, "datetime": {"datetime": "2024-01-19 00:38:44", "elapsed": 1644.790425, "delta": 0.002174}}
{"target": -13.758521200846056, "params": {"gamma": 866.1602406388932, "log10_alpha": -0.5816741250831701, "log10_colsample_bytree": -0.20361337276122815, "log10_eta": -3.61271583363446, "log10_lambda": -2.2653186845112323, "log10_min_child_weight": 3.1077148230383056, "log10_subsample": -0.7739670970445035, "max_depth": 7.0, "num_boost_round": 3.0}, "datetime": {"datetime": "2024-01-19 00:38:44", "elapsed": 1644.792531, "delta": 0.002106}}
{"target": -13.758513038076769, "params": {"gamma": 866.1602406388932, "log10_alpha": -0.5816741250831701, "log10_colsample_bytree": -0.20361337276122815, "log10_eta": -3.61271583363446, "log10_lambda": -2.2653186845112323, "log10_min_child_weight": 3.1077148230383056, "log10_subsample": -0.7739670970445035, "max_depth": 7.0, "num_boost_round": 4.0}, "datetime": {"datetime": "2024-01-19 00:38:44", "elapsed": 1644.794406, "delta": 0.001875}}
{"target": -13.75850420295832, "params": {"gamma": 866.1602406388932, "log10_alpha": -0.5816741250831701, "log10_colsample_bytree": -0.20361337276122815, "log10_eta": -3.61271583363446, "log10_lambda": -2.2653186845112323, "log10_min_child_weight": 3.1077148230383056, "log10_subsample": -0.7739670970445035, "max_depth": 7.0, "num_boost_round": 5.0}, "datetime": {"datetime": "2024-01-19 00:38:44", "elapsed": 1644.796315, "delta": 0.001909}}
{"target": -13.758503661954645, "params": {"gamma": 866.1602406388932, "log10_alpha": -0.5816741250831701, "log10_colsample_bytree": -0.20361337276122815, "log10_eta": -3.61271583363446, "log10_lambda": -2.2653186845112323, "log10_min_child_weight": 3.1077148230383056, "log10_subsample": -0.7739670970445035, "max_depth": 7.0, "num_boost_round": 6.0}, "datetime": {"datetime": "2024-01-19 00:38:44", "elapsed": 1644.798173, "delta": 0.001858}}
{"target": -13.758501506792399, "params": {"gamma": 866.1602406388932, "log10_alpha": -0.5816741250831701, "log10_colsample_bytree": -0.20361337276122815, "log10_eta": -3.61271583363446, "log10_lambda": -2.2653186845112323, "log10_min_child_weight": 3.1077148230383056, "log10_subsample": -0.7739670970445035, "max_depth": 7.0, "num_boost_round": 7.0}, "datetime": {"datetime": "2024-01-19 00:38:44", "elapsed": 1644.800092, "delta": 0.001919}}
{"target": -13.758494605719404, "params": {"gamma": 866.1602406388932, "log10_alpha": -0.5816741250831701, "log10_colsample_bytree": -0.20361337276122815, "log10_eta": -3.61271583363446, "log10_lambda": -2.2653186845112323, "log10_min_child_weight": 3.1077148230383056, "log10_subsample": -0.7739670970445035, "max_depth": 7.0, "num_boost_round": 8.0}, "datetime": {"datetime": "2024-01-19 00:38:44", "elapsed": 1644.80197, "delta": 0.001878}}
{"target": -13.758493042698928, "params": {"gamma": 866.1602406388932, "log10_alpha": -0.5816741250831701, "log10_colsample_bytree": -0.20361337276122815, "log10_eta": -3.61271583363446, "log10_lambda": -2.2653186845112323, "log10_min_child_weight": 3.1077148230383056, "log10_subsample": -0.7739670970445035, "max_depth": 7.0, "num_boost_round": 9.0}, "datetime": {"datetime": "2024-01-19 00:38:44", "elapsed": 1644.803775, "delta": 0.001805}}
{"target": -13.758486717720068, "params": {"gamma": 866.1602406388932, "log10_alpha": -0.5816741250831701, "log10_colsample_bytree": -0.20361337276122815, "log10_eta": -3.61271583363446, "log10_lambda": -2.2653186845112323, "log10_min_child_weight": 3.1077148230383056, "log10_subsample": -0.7739670970445035, "max_depth": 7.0, "num_boost_round": 10.0}, "datetime": {"datetime": "2024-01-19 00:38:44", "elapsed": 1644.80551, "delta": 0.001735}}
{"target": -13.758485623966635, "params": {"gamma": 866.1602406388932, "log10_alpha": -0.5816741250831701, "log10_colsample_bytree": -0.20361337276122815, "log10_eta": -3.61271583363446, "log10_lambda": -2.2653186845112323, "log10_min_child_weight": 3.1077148230383056, "log10_subsample": -0.7739670970445035, "max_depth": 7.0, "num_boost_round": 11.0}, "datetime": {"datetime": "2024-01-19 00:38:44", "elapsed": 1644.807244, "delta": 0.001734}}
{"target": -13.75847761195222, "params": {"gamma": 866.1602406388932, "log10_alpha": -0.5816741250831701, "log10_colsample_bytree": -0.20361337276122815, "log10_eta": -3.61271583363446, "log10_lambda": -2.2653186845112323, "log10_min_child_weight": 3.1077148230383056, "log10_subsample": -0.7739670970445035, "max_depth": 7.0, "num_boost_round": 12.0}, "datetime": {"datetime": "2024-01-19 00:38:44", "elapsed": 1644.809012, "delta": 0.001768}}
{"target": -13.75847416171763, "params": {"gamma": 866.1602406388932, "log10_alpha": -0.5816741250831701, "log10_colsample_bytree": -0.20361337276122815, "log10_eta": -3.61271583363446, "log10_lambda": -2.2653186845112323, "log10_min_child_weight": 3.1077148230383056, "log10_subsample": -0.7739670970445035, "max_depth": 7.0, "num_boost_round": 13.0}, "datetime": {"datetime": "2024-01-19 00:38:44", "elapsed": 1644.810814, "delta": 0.001802}}
{"target": -13.75846819537257, "params": {"gamma": 866.1602406388932, "log10_alpha": -0.5816741250831701, "log10_colsample_bytree": -0.20361337276122815, "log10_eta": -3.61271583363446, "log10_lambda": -2.2653186845112323, "log10_min_child_weight": 3.1077148230383056, "log10_subsample": -0.7739670970445035, "max_depth": 7.0, "num_boost_round": 14.0}, "datetime": {"datetime": "2024-01-19 00:38:44", "elapsed": 1644.81261, "delta": 0.001796}}
{"target": -13.75846431626187, "params": {"gamma": 866.1602406388932, "log10_alpha": -0.5816741250831701, "log10_colsample_bytree": -0.20361337276122815, "log10_eta": -3.61271583363446, "log10_lambda": -2.2653186845112323, "log10_min_child_weight": 3.1077148230383056, "log10_subsample": -0.7739670970445035, "max_depth": 7.0, "num_boost_round": 15.0}, "datetime": {"datetime": "2024-01-19 00:38:44", "elapsed": 1644.814577, "delta": 0.001967}}
{"target": -13.758461425193536, "params": {"gamma": 866.1602406388932, "log10_alpha": -0.5816741250831701, "log10_colsample_bytree": -0.20361337276122815, "log10_eta": -3.61271583363446, "log10_lambda": -2.2653186845112323, "log10_min_child_weight": 3.1077148230383056, "log10_subsample": -0.7739670970445035, "max_depth": 7.0, "num_boost_round": 16.0}, "datetime": {"datetime": "2024-01-19 00:38:44", "elapsed": 1644.816392, "delta": 0.001815}}
{"target": -13.75845682415088, "params": {"gamma": 866.1602406388932, "log10_alpha": -0.5816741250831701, "log10_colsample_bytree": -0.20361337276122815, "log10_eta": -3.61271583363446, "log10_lambda": -2.2653186845112323, "log10_min_child_weight": 3.1077148230383056, "log10_subsample": -0.7739670970445035, "max_depth": 7.0, "num_boost_round": 17.0}, "datetime": {"datetime": "2024-01-19 00:38:44", "elapsed": 1644.818171, "delta": 0.001779}}
{"target": -13.758459773203345, "params": {"gamma": 866.1602406388932, "log10_alpha": -0.5816741250831701, "log10_colsample_bytree": -0.20361337276122815, "log10_eta": -3.61271583363446, "log10_lambda": -2.2653186845112323, "log10_min_child_weight": 3.1077148230383056, "log10_subsample": -0.7739670970445035, "max_depth": 7.0, "num_boost_round": 18.0}, "datetime": {"datetime": "2024-01-19 00:38:44", "elapsed": 1644.820101, "delta": 0.00193}}
{"target": -13.758529070376614, "params": {"gamma": 860.7698250927283, "log10_alpha": -3.7895843987709723, "log10_colsample_bytree": -0.5709568996585539, "log10_eta": -1.8021998296864075, "log10_lambda": -4.173292156412303, "log10_min_child_weight": 4.603621528478563, "log10_subsample": -0.20116655689693086, "max_depth": 2.0, "num_boost_round": 0.0}, "datetime": {"datetime": "2024-01-19 00:39:09", "elapsed": 1669.652461, "delta": 24.83236}}
{"target": -13.75857076779128, "params": {"gamma": 860.7698250927283, "log10_alpha": -3.7895843987709723, "log10_colsample_bytree": -0.5709568996585539, "log10_eta": -1.8021998296864075, "log10_lambda": -4.173292156412303, "log10_min_child_weight": 4.603621528478563, "log10_subsample": -0.20116655689693086, "max_depth": 2.0, "num_boost_round": 1.0}, "datetime": {"datetime": "2024-01-19 00:39:09", "elapsed": 1669.655224, "delta": 0.002763}}
{"target": -13.758613346205431, "params": {"gamma": 860.7698250927283, "log10_alpha": -3.7895843987709723, "log10_colsample_bytree": -0.5709568996585539, "log10_eta": -1.8021998296864075, "log10_lambda": -4.173292156412303, "log10_min_child_weight": 4.603621528478563, "log10_subsample": -0.20116655689693086, "max_depth": 2.0, "num_boost_round": 2.0}, "datetime": {"datetime": "2024-01-19 00:39:09", "elapsed": 1669.65747, "delta": 0.002246}}
{"target": -13.758597836470402, "params": {"gamma": 860.7698250927283, "log10_alpha": -3.7895843987709723, "log10_colsample_bytree": -0.5709568996585539, "log10_eta": -1.8021998296864075, "log10_lambda": -4.173292156412303, "log10_min_child_weight": 4.603621528478563, "log10_subsample": -0.20116655689693086, "max_depth": 2.0, "num_boost_round": 3.0}, "datetime": {"datetime": "2024-01-19 00:39:09", "elapsed": 1669.659534, "delta": 0.002064}}
{"target": -13.758509513567384, "params": {"gamma": 860.7698250927283, "log10_alpha": -3.7895843987709723, "log10_colsample_bytree": -0.5709568996585539, "log10_eta": -1.8021998296864075, "log10_lambda": -4.173292156412303, "log10_min_child_weight": 4.603621528478563, "log10_subsample": -0.20116655689693086, "max_depth": 2.0, "num_boost_round": 4.0}, "datetime": {"datetime": "2024-01-19 00:39:09", "elapsed": 1669.66163, "delta": 0.002096}}
{"target": -13.758544925069037, "params": {"gamma": 860.7698250927283, "log10_alpha": -3.7895843987709723, "log10_colsample_bytree": -0.5709568996585539, "log10_eta": -1.8021998296864075, "log10_lambda": -4.173292156412303, "log10_min_child_weight": 4.603621528478563, "log10_subsample": -0.20116655689693086, "max_depth": 2.0, "num_boost_round": 5.0}, "datetime": {"datetime": "2024-01-19 00:39:09", "elapsed": 1669.663546, "delta": 0.001916}}
{"target": -13.7586561480307, "params": {"gamma": 860.7698250927283, "log10_alpha": -3.7895843987709723, "log10_colsample_bytree": -0.5709568996585539, "log10_eta": -1.8021998296864075, "log10_lambda": -4.173292156412303, "log10_min_child_weight": 4.603621528478563, "log10_subsample": -0.20116655689693086, "max_depth": 2.0, "num_boost_round": 6.0}, "datetime": {"datetime": "2024-01-19 00:39:09", "elapsed": 1669.665432, "delta": 0.001886}}
{"target": -13.758607876653183, "params": {"gamma": 860.7698250927283, "log10_alpha": -3.7895843987709723, "log10_colsample_bytree": -0.5709568996585539, "log10_eta": -1.8021998296864075, "log10_lambda": -4.173292156412303, "log10_min_child_weight": 4.603621528478563, "log10_subsample": -0.20116655689693086, "max_depth": 2.0, "num_boost_round": 7.0}, "datetime": {"datetime": "2024-01-19 00:39:09", "elapsed": 1669.667291, "delta": 0.001859}}
{"target": -13.758657728135198, "params": {"gamma": 860.7698250927283, "log10_alpha": -3.7895843987709723, "log10_colsample_bytree": -0.5709568996585539, "log10_eta": -1.8021998296864075, "log10_lambda": -4.173292156412303, "log10_min_child_weight": 4.603621528478563, "log10_subsample": -0.20116655689693086, "max_depth": 2.0, "num_boost_round": 8.0}, "datetime": {"datetime": "2024-01-19 00:39:09", "elapsed": 1669.669254, "delta": 0.001963}}
{"target": -13.758560379825994, "params": {"gamma": 860.7698250927283, "log10_alpha": -3.7895843987709723, "log10_colsample_bytree": -0.5709568996585539, "log10_eta": -1.8021998296864075, "log10_lambda": -4.173292156412303, "log10_min_child_weight": 4.603621528478563, "log10_subsample": -0.20116655689693086, "max_depth": 2.0, "num_boost_round": 9.0}, "datetime": {"datetime": "2024-01-19 00:39:09", "elapsed": 1669.671162, "delta": 0.001908}}
{"target": -13.75852810785667, "params": {"gamma": 860.7698250927283, "log10_alpha": -3.7895843987709723, "log10_colsample_bytree": -0.5709568996585539, "log10_eta": -1.8021998296864075, "log10_lambda": -4.173292156412303, "log10_min_child_weight": 4.603621528478563, "log10_subsample": -0.20116655689693086, "max_depth": 2.0, "num_boost_round": 10.0}, "datetime": {"datetime": "2024-01-19 00:39:09", "elapsed": 1669.673183, "delta": 0.002021}}
{"target": -13.758362478627472, "params": {"gamma": 843.5501044380393, "log10_alpha": -1.9955695498392112, "log10_colsample_bytree": -0.8824349766697018, "log10_eta": -1.2333876396945294, "log10_lambda": 0.9831464795193057, "log10_min_child_weight": 4.371808835236263, "log10_subsample": -0.8942581407207938, "max_depth": 5.0, "num_boost_round": 0.0}, "datetime": {"datetime": "2024-01-19 00:39:33", "elapsed": 1693.356646, "delta": 23.683463}}
{"target": -13.757937631578702, "params": {"gamma": 843.5501044380393, "log10_alpha": -1.9955695498392112, "log10_colsample_bytree": -0.8824349766697018, "log10_eta": -1.2333876396945294, "log10_lambda": 0.9831464795193057, "log10_min_child_weight": 4.371808835236263, "log10_subsample": -0.8942581407207938, "max_depth": 5.0, "num_boost_round": 1.0}, "datetime": {"datetime": "2024-01-19 00:39:33", "elapsed": 1693.359016, "delta": 0.00237}}
{"target": -13.758008059786448, "params": {"gamma": 843.5501044380393, "log10_alpha": -1.9955695498392112, "log10_colsample_bytree": -0.8824349766697018, "log10_eta": -1.2333876396945294, "log10_lambda": 0.9831464795193057, "log10_min_child_weight": 4.371808835236263, "log10_subsample": -0.8942581407207938, "max_depth": 5.0, "num_boost_round": 2.0}, "datetime": {"datetime": "2024-01-19 00:39:33", "elapsed": 1693.361432, "delta": 0.002416}}
{"target": -13.757871989238307, "params": {"gamma": 843.5501044380393, "log10_alpha": -1.9955695498392112, "log10_colsample_bytree": -0.8824349766697018, "log10_eta": -1.2333876396945294, "log10_lambda": 0.9831464795193057, "log10_min_child_weight": 4.371808835236263, "log10_subsample": -0.8942581407207938, "max_depth": 5.0, "num_boost_round": 3.0}, "datetime": {"datetime": "2024-01-19 00:39:33", "elapsed": 1693.36328, "delta": 0.001848}}
{"target": -13.758174761090709, "params": {"gamma": 843.5501044380393, "log10_alpha": -1.9955695498392112, "log10_colsample_bytree": -0.8824349766697018, "log10_eta": -1.2333876396945294, "log10_lambda": 0.9831464795193057, "log10_min_child_weight": 4.371808835236263, "log10_subsample": -0.8942581407207938, "max_depth": 5.0, "num_boost_round": 4.0}, "datetime": {"datetime": "2024-01-19 00:39:33", "elapsed": 1693.365066, "delta": 0.001786}}
{"target": -13.758165220826397, "params": {"gamma": 843.5501044380393, "log10_alpha": -1.9955695498392112, "log10_colsample_bytree": -0.8824349766697018, "log10_eta": -1.2333876396945294, "log10_lambda": 0.9831464795193057, "log10_min_child_weight": 4.371808835236263, "log10_subsample": -0.8942581407207938, "max_depth": 5.0, "num_boost_round": 5.0}, "datetime": {"datetime": "2024-01-19 00:39:33", "elapsed": 1693.367066, "delta": 0.002}}
{"target": -13.758577997578127, "params": {"gamma": 843.5501044380393, "log10_alpha": -1.9955695498392112, "log10_colsample_bytree": -0.8824349766697018, "log10_eta": -1.2333876396945294, "log10_lambda": 0.9831464795193057, "log10_min_child_weight": 4.371808835236263, "log10_subsample": -0.8942581407207938, "max_depth": 5.0, "num_boost_round": 6.0}, "datetime": {"datetime": "2024-01-19 00:39:33", "elapsed": 1693.368967, "delta": 0.001901}}
{"target": -13.758553224488885, "params": {"gamma": 843.5501044380393, "log10_alpha": -1.9955695498392112, "log10_colsample_bytree": -0.8824349766697018, "log10_eta": -1.2333876396945294, "log10_lambda": 0.9831464795193057, "log10_min_child_weight": 4.371808835236263, "log10_subsample": -0.8942581407207938, "max_depth": 5.0, "num_boost_round": 7.0}, "datetime": {"datetime": "2024-01-19 00:39:33", "elapsed": 1693.370854, "delta": 0.001887}}
{"target": -13.758639245613026, "params": {"gamma": 843.5501044380393, "log10_alpha": -1.9955695498392112, "log10_colsample_bytree": -0.8824349766697018, "log10_eta": -1.2333876396945294, "log10_lambda": 0.9831464795193057, "log10_min_child_weight": 4.371808835236263, "log10_subsample": -0.8942581407207938, "max_depth": 5.0, "num_boost_round": 8.0}, "datetime": {"datetime": "2024-01-19 00:39:33", "elapsed": 1693.372704, "delta": 0.00185}}
{"target": -13.759028185396332, "params": {"gamma": 843.5501044380393, "log10_alpha": -1.9955695498392112, "log10_colsample_bytree": -0.8824349766697018, "log10_eta": -1.2333876396945294, "log10_lambda": 0.9831464795193057, "log10_min_child_weight": 4.371808835236263, "log10_subsample": -0.8942581407207938, "max_depth": 5.0, "num_boost_round": 9.0}, "datetime": {"datetime": "2024-01-19 00:39:33", "elapsed": 1693.374851, "delta": 0.002147}}
{"target": -13.758722724566542, "params": {"gamma": 843.5501044380393, "log10_alpha": -1.9955695498392112, "log10_colsample_bytree": -0.8824349766697018, "log10_eta": -1.2333876396945294, "log10_lambda": 0.9831464795193057, "log10_min_child_weight": 4.371808835236263, "log10_subsample": -0.8942581407207938, "max_depth": 5.0, "num_boost_round": 10.0}, "datetime": {"datetime": "2024-01-19 00:39:33", "elapsed": 1693.376839, "delta": 0.001988}}
{"target": -13.758673956025701, "params": {"gamma": 843.5501044380393, "log10_alpha": -1.9955695498392112, "log10_colsample_bytree": -0.8824349766697018, "log10_eta": -1.2333876396945294, "log10_lambda": 0.9831464795193057, "log10_min_child_weight": 4.371808835236263, "log10_subsample": -0.8942581407207938, "max_depth": 5.0, "num_boost_round": 11.0}, "datetime": {"datetime": "2024-01-19 00:39:33", "elapsed": 1693.378831, "delta": 0.001992}}
{"target": -13.758997188561708, "params": {"gamma": 843.5501044380393, "log10_alpha": -1.9955695498392112, "log10_colsample_bytree": -0.8824349766697018, "log10_eta": -1.2333876396945294, "log10_lambda": 0.9831464795193057, "log10_min_child_weight": 4.371808835236263, "log10_subsample": -0.8942581407207938, "max_depth": 5.0, "num_boost_round": 12.0}, "datetime": {"datetime": "2024-01-19 00:39:33", "elapsed": 1693.38076, "delta": 0.001929}}
{"target": -13.75882672065691, "params": {"gamma": 843.5501044380393, "log10_alpha": -1.9955695498392112, "log10_colsample_bytree": -0.8824349766697018, "log10_eta": -1.2333876396945294, "log10_lambda": 0.9831464795193057, "log10_min_child_weight": 4.371808835236263, "log10_subsample": -0.8942581407207938, "max_depth": 5.0, "num_boost_round": 13.0}, "datetime": {"datetime": "2024-01-19 00:39:33", "elapsed": 1693.382632, "delta": 0.001872}}
{"target": -13.75853311012924, "params": {"gamma": 868.9206165123105, "log10_alpha": 0.7109154220633638, "log10_colsample_bytree": -0.8997176204274844, "log10_eta": -3.191869097407485, "log10_lambda": -0.08278326966104288, "log10_min_child_weight": 3.930645536429056, "log10_subsample": -0.2823125707965416, "max_depth": 6.0, "num_boost_round": 0.0}, "datetime": {"datetime": "2024-01-19 00:40:02", "elapsed": 1722.260955, "delta": 28.878323}}
{"target": -13.758536457310615, "params": {"gamma": 868.9206165123105, "log10_alpha": 0.7109154220633638, "log10_colsample_bytree": -0.8997176204274844, "log10_eta": -3.191869097407485, "log10_lambda": -0.08278326966104288, "log10_min_child_weight": 3.930645536429056, "log10_subsample": -0.2823125707965416, "max_depth": 6.0, "num_boost_round": 1.0}, "datetime": {"datetime": "2024-01-19 00:40:02", "elapsed": 1722.263532, "delta": 0.002577}}
{"target": -13.758527945731817, "params": {"gamma": 868.9206165123105, "log10_alpha": 0.7109154220633638, "log10_colsample_bytree": -0.8997176204274844, "log10_eta": -3.191869097407485, "log10_lambda": -0.08278326966104288, "log10_min_child_weight": 3.930645536429056, "log10_subsample": -0.2823125707965416, "max_depth": 6.0, "num_boost_round": 2.0}, "datetime": {"datetime": "2024-01-19 00:40:02", "elapsed": 1722.265616, "delta": 0.002084}}
{"target": -13.758526511758067, "params": {"gamma": 868.9206165123105, "log10_alpha": 0.7109154220633638, "log10_colsample_bytree": -0.8997176204274844, "log10_eta": -3.191869097407485, "log10_lambda": -0.08278326966104288, "log10_min_child_weight": 3.930645536429056, "log10_subsample": -0.2823125707965416, "max_depth": 6.0, "num_boost_round": 3.0}, "datetime": {"datetime": "2024-01-19 00:40:02", "elapsed": 1722.267881, "delta": 0.002265}}
{"target": -13.758519835728407, "params": {"gamma": 868.9206165123105, "log10_alpha": 0.7109154220633638, "log10_colsample_bytree": -0.8997176204274844, "log10_eta": -3.191869097407485, "log10_lambda": -0.08278326966104288, "log10_min_child_weight": 3.930645536429056, "log10_subsample": -0.2823125707965416, "max_depth": 6.0, "num_boost_round": 4.0}, "datetime": {"datetime": "2024-01-19 00:40:02", "elapsed": 1722.269846, "delta": 0.001965}}
{"target": -13.758517428940108, "params": {"gamma": 868.9206165123105, "log10_alpha": 0.7109154220633638, "log10_colsample_bytree": -0.8997176204274844, "log10_eta": -3.191869097407485, "log10_lambda": -0.08278326966104288, "log10_min_child_weight": 3.930645536429056, "log10_subsample": -0.2823125707965416, "max_depth": 6.0, "num_boost_round": 5.0}, "datetime": {"datetime": "2024-01-19 00:40:02", "elapsed": 1722.27183, "delta": 0.001984}}
