{"target": -17.677236663988978, "params": {"gamma": 50.79572022665324, "log10_alpha": -0.2705252450748823, "log10_colsample_bytree": -0.051133014280833056, "log10_eta": -3.5731511929310837, "log10_lambda": 0.20691016615635238, "log10_min_child_weight": 4.0192062021341055, "log10_subsample": -0.39872507428024406, "max_depth": 7.0, "num_boost_round": 6.0}, "datetime": {"datetime": "2024-01-19 01:21:52", "elapsed": 4219.695546, "delta": 0.005603}}
{"target": -17.677232924359917, "params": {"gamma": 50.79572022665324, "log10_alpha": -0.2705252450748823, "log10_colsample_bytree": -0.051133014280833056, "log10_eta": -3.5731511929310837, "log10_lambda": 0.20691016615635238, "log10_min_child_weight": 4.0192062021341055, "log10_subsample": -0.39872507428024406, "max_depth": 7.0, "num_boost_round": 7.0}, "datetime": {"datetime": "2024-01-19 01:21:52", "elapsed": 4219.70101, "delta": 0.005464}}
{"target": -17.677229640994966, "params": {"gamma": 50.79572022665324, "log10_alpha": -0.2705252450748823, "log10_colsample_bytree": -0.051133014280833056, "log10_eta": -3.5731511929310837, "log10_lambda": 0.20691016615635238, "log10_min_child_weight": 4.0192062021341055, "log10_subsample": -0.39872507428024406, "max_depth": 7.0, "num_boost_round": 8.0}, "datetime": {"datetime": "2024-01-19 01:21:52", "elapsed": 4219.70648, "delta": 0.00547}}
{"target": -17.677228589997952, "params": {"gamma": 50.79572022665324, "log10_alpha": -0.2705252450748823, "log10_colsample_bytree": -0.051133014280833056, "log10_eta": -3.5731511929310837, "log10_lambda": 0.20691016615635238, "log10_min_child_weight": 4.0192062021341055, "log10_subsample": -0.39872507428024406, "max_depth": 7.0, "num_boost_round": 9.0}, "datetime": {"datetime": "2024-01-19 01:21:52", "elapsed": 4219.712964, "delta": 0.006484}}
{"target": -17.675521056422056, "params": {"gamma": 72.90177896762995, "log10_alpha": -4.55204427301757, "log10_colsample_bytree": -0.5365367434547941, "log10_eta": -0.6192222904173801, "log10_lambda": -4.118864685731613, "log10_min_child_weight": 4.579519712485927, "log10_subsample": -0.2476708383639754, "max_depth": 3.0, "num_boost_round": 0.0}, "datetime": {"datetime": "2024-01-19 01:22:45", "elapsed": 4272.554356, "delta": 52.841392}}
{"target": -17.67908412935369, "params": {"gamma": 72.90177896762995, "log10_alpha": -4.55204427301757, "log10_colsample_bytree": -0.5365367434547941, "log10_eta": -0.6192222904173801, "log10_lambda": -4.118864685731613, "log10_min_child_weight": 4.579519712485927, "log10_subsample": -0.2476708383639754, "max_depth": 3.0, "num_boost_round": 1.0}, "datetime": {"datetime": "2024-01-19 01:22:45", "elapsed": 4272.560834, "delta": 0.006478}}
{"target": -17.687173647656103, "params": {"gamma": 72.90177896762995, "log10_alpha": -4.55204427301757, "log10_colsample_bytree": -0.5365367434547941, "log10_eta": -0.6192222904173801, "log10_lambda": -4.118864685731613, "log10_min_child_weight": 4.579519712485927, "log10_subsample": -0.2476708383639754, "max_depth": 3.0, "num_boost_round": 2.0}, "datetime": {"datetime": "2024-01-19 01:22:45", "elapsed": 4272.566151, "delta": 0.005317}}
{"target": -17.685836550718648, "params": {"gamma": 72.90177896762995, "log10_alpha": -4.55204427301757, "log10_colsample_bytree": -0.5365367434547941, "log10_eta": -0.6192222904173801, "log10_lambda": -4.118864685731613, "log10_min_child_weight": 4.579519712485927, "log10_subsample": -0.2476708383639754, "max_depth": 3.0, "num_boost_round": 3.0}, "datetime": {"datetime": "2024-01-19 01:22:45", "elapsed": 4272.571535, "delta": 0.005384}}
{"target": -17.686560265654553, "params": {"gamma": 72.90177896762995, "log10_alpha": -4.55204427301757, "log10_colsample_bytree": -0.5365367434547941, "log10_eta": -0.6192222904173801, "log10_lambda": -4.118864685731613, "log10_min_child_weight": 4.579519712485927, "log10_subsample": -0.2476708383639754, "max_depth": 3.0, "num_boost_round": 4.0}, "datetime": {"datetime": "2024-01-19 01:22:45", "elapsed": 4272.576893, "delta": 0.005358}}
{"target": -17.689480036731464, "params": {"gamma": 72.90177896762995, "log10_alpha": -4.55204427301757, "log10_colsample_bytree": -0.5365367434547941, "log10_eta": -0.6192222904173801, "log10_lambda": -4.118864685731613, "log10_min_child_weight": 4.579519712485927, "log10_subsample": -0.2476708383639754, "max_depth": 3.0, "num_boost_round": 5.0}, "datetime": {"datetime": "2024-01-19 01:22:45", "elapsed": 4272.582074, "delta": 0.005181}}
{"target": -17.689534727930283, "params": {"gamma": 72.90177896762995, "log10_alpha": -4.55204427301757, "log10_colsample_bytree": -0.5365367434547941, "log10_eta": -0.6192222904173801, "log10_lambda": -4.118864685731613, "log10_min_child_weight": 4.579519712485927, "log10_subsample": -0.2476708383639754, "max_depth": 3.0, "num_boost_round": 6.0}, "datetime": {"datetime": "2024-01-19 01:22:45", "elapsed": 4272.587187, "delta": 0.005113}}
{"target": -17.69148060876326, "params": {"gamma": 72.90177896762995, "log10_alpha": -4.55204427301757, "log10_colsample_bytree": -0.5365367434547941, "log10_eta": -0.6192222904173801, "log10_lambda": -4.118864685731613, "log10_min_child_weight": 4.579519712485927, "log10_subsample": -0.2476708383639754, "max_depth": 3.0, "num_boost_round": 7.0}, "datetime": {"datetime": "2024-01-19 01:22:45", "elapsed": 4272.592519, "delta": 0.005332}}
{"target": -17.69064947588713, "params": {"gamma": 72.90177896762995, "log10_alpha": -4.55204427301757, "log10_colsample_bytree": -0.5365367434547941, "log10_eta": -0.6192222904173801, "log10_lambda": -4.118864685731613, "log10_min_child_weight": 4.579519712485927, "log10_subsample": -0.2476708383639754, "max_depth": 3.0, "num_boost_round": 8.0}, "datetime": {"datetime": "2024-01-19 01:22:45", "elapsed": 4272.597451, "delta": 0.004932}}
{"target": -17.691844943794717, "params": {"gamma": 72.90177896762995, "log10_alpha": -4.55204427301757, "log10_colsample_bytree": -0.5365367434547941, "log10_eta": -0.6192222904173801, "log10_lambda": -4.118864685731613, "log10_min_child_weight": 4.579519712485927, "log10_subsample": -0.2476708383639754, "max_depth": 3.0, "num_boost_round": 9.0}, "datetime": {"datetime": "2024-01-19 01:22:45", "elapsed": 4272.602246, "delta": 0.004795}}
{"target": -17.688780943505265, "params": {"gamma": 72.90177896762995, "log10_alpha": -4.55204427301757, "log10_colsample_bytree": -0.5365367434547941, "log10_eta": -0.6192222904173801, "log10_lambda": -4.118864685731613, "log10_min_child_weight": 4.579519712485927, "log10_subsample": -0.2476708383639754, "max_depth": 3.0, "num_boost_round": 10.0}, "datetime": {"datetime": "2024-01-19 01:22:45", "elapsed": 4272.606965, "delta": 0.004719}}
{"target": -17.691177621805746, "params": {"gamma": 72.90177896762995, "log10_alpha": -4.55204427301757, "log10_colsample_bytree": -0.5365367434547941, "log10_eta": -0.6192222904173801, "log10_lambda": -4.118864685731613, "log10_min_child_weight": 4.579519712485927, "log10_subsample": -0.2476708383639754, "max_depth": 3.0, "num_boost_round": 11.0}, "datetime": {"datetime": "2024-01-19 01:22:45", "elapsed": 4272.61209, "delta": 0.005125}}
{"target": -17.69109004965991, "params": {"gamma": 72.90177896762995, "log10_alpha": -4.55204427301757, "log10_colsample_bytree": -0.5365367434547941, "log10_eta": -0.6192222904173801, "log10_lambda": -4.118864685731613, "log10_min_child_weight": 4.579519712485927, "log10_subsample": -0.2476708383639754, "max_depth": 3.0, "num_boost_round": 12.0}, "datetime": {"datetime": "2024-01-19 01:22:45", "elapsed": 4272.617218, "delta": 0.005128}}
{"target": -17.692085155064234, "params": {"gamma": 72.90177896762995, "log10_alpha": -4.55204427301757, "log10_colsample_bytree": -0.5365367434547941, "log10_eta": -0.6192222904173801, "log10_lambda": -4.118864685731613, "log10_min_child_weight": 4.579519712485927, "log10_subsample": -0.2476708383639754, "max_depth": 3.0, "num_boost_round": 13.0}, "datetime": {"datetime": "2024-01-19 01:22:45", "elapsed": 4272.622312, "delta": 0.005094}}
{"target": -17.69481369316765, "params": {"gamma": 72.90177896762995, "log10_alpha": -4.55204427301757, "log10_colsample_bytree": -0.5365367434547941, "log10_eta": -0.6192222904173801, "log10_lambda": -4.118864685731613, "log10_min_child_weight": 4.579519712485927, "log10_subsample": -0.2476708383639754, "max_depth": 3.0, "num_boost_round": 14.0}, "datetime": {"datetime": "2024-01-19 01:22:45", "elapsed": 4272.627364, "delta": 0.005052}}
{"target": -17.69625473096133, "params": {"gamma": 72.90177896762995, "log10_alpha": -4.55204427301757, "log10_colsample_bytree": -0.5365367434547941, "log10_eta": -0.6192222904173801, "log10_lambda": -4.118864685731613, "log10_min_child_weight": 4.579519712485927, "log10_subsample": -0.2476708383639754, "max_depth": 3.0, "num_boost_round": 15.0}, "datetime": {"datetime": "2024-01-19 01:22:45", "elapsed": 4272.632755, "delta": 0.005391}}
{"target": -17.698159196058857, "params": {"gamma": 72.90177896762995, "log10_alpha": -4.55204427301757, "log10_colsample_bytree": -0.5365367434547941, "log10_eta": -0.6192222904173801, "log10_lambda": -4.118864685731613, "log10_min_child_weight": 4.579519712485927, "log10_subsample": -0.2476708383639754, "max_depth": 3.0, "num_boost_round": 16.0}, "datetime": {"datetime": "2024-01-19 01:22:45", "elapsed": 4272.638089, "delta": 0.005334}}
{"target": -17.6771570579642, "params": {"gamma": 71.9220556886887, "log10_alpha": -0.24149597240060494, "log10_colsample_bytree": -0.46099182317730714, "log10_eta": -2.545326839864263, "log10_lambda": 0.9449756949673205, "log10_min_child_weight": 2.876669470502729, "log10_subsample": -0.8866664367366932, "max_depth": 5.0, "num_boost_round": 0.0}, "datetime": {"datetime": "2024-01-19 01:23:37", "elapsed": 4324.668962, "delta": 52.030873}}
{"target": -17.676998263169786, "params": {"gamma": 71.9220556886887, "log10_alpha": -0.24149597240060494, "log10_colsample_bytree": -0.46099182317730714, "log10_eta": -2.545326839864263, "log10_lambda": 0.9449756949673205, "log10_min_child_weight": 2.876669470502729, "log10_subsample": -0.8866664367366932, "max_depth": 5.0, "num_boost_round": 1.0}, "datetime": {"datetime": "2024-01-19 01:23:37", "elapsed": 4324.675127, "delta": 0.006165}}
{"target": -17.67695197165236, "params": {"gamma": 71.9220556886887, "log10_alpha": -0.24149597240060494, "log10_colsample_bytree": -0.46099182317730714, "log10_eta": -2.545326839864263, "log10_lambda": 0.9449756949673205, "log10_min_child_weight": 2.876669470502729, "log10_subsample": -0.8866664367366932, "max_depth": 5.0, "num_boost_round": 2.0}, "datetime": {"datetime": "2024-01-19 01:23:37", "elapsed": 4324.680596, "delta": 0.005469}}
{"target": -17.676960374507193, "params": {"gamma": 71.9220556886887, "log10_alpha": -0.24149597240060494, "log10_colsample_bytree": -0.46099182317730714, "log10_eta": -2.545326839864263, "log10_lambda": 0.9449756949673205, "log10_min_child_weight": 2.876669470502729, "log10_subsample": -0.8866664367366932, "max_depth": 5.0, "num_boost_round": 3.0}, "datetime": {"datetime": "2024-01-19 01:23:37", "elapsed": 4324.685666, "delta": 0.00507}}
{"target": -17.6767841297494, "params": {"gamma": 71.9220556886887, "log10_alpha": -0.24149597240060494, "log10_colsample_bytree": -0.46099182317730714, "log10_eta": -2.545326839864263, "log10_lambda": 0.9449756949673205, "log10_min_child_weight": 2.876669470502729, "log10_subsample": -0.8866664367366932, "max_depth": 5.0, "num_boost_round": 4.0}, "datetime": {"datetime": "2024-01-19 01:23:37", "elapsed": 4324.690954, "delta": 0.005288}}
{"target": -17.676781944196247, "params": {"gamma": 71.9220556886887, "log10_alpha": -0.24149597240060494, "log10_colsample_bytree": -0.46099182317730714, "log10_eta": -2.545326839864263, "log10_lambda": 0.9449756949673205, "log10_min_child_weight": 2.876669470502729, "log10_subsample": -0.8866664367366932, "max_depth": 5.0, "num_boost_round": 5.0}, "datetime": {"datetime": "2024-01-19 01:23:37", "elapsed": 4324.696048, "delta": 0.005094}}
{"target": -17.676816020910117, "params": {"gamma": 71.9220556886887, "log10_alpha": -0.24149597240060494, "log10_colsample_bytree": -0.46099182317730714, "log10_eta": -2.545326839864263, "log10_lambda": 0.9449756949673205, "log10_min_child_weight": 2.876669470502729, "log10_subsample": -0.8866664367366932, "max_depth": 5.0, "num_boost_round": 6.0}, "datetime": {"datetime": "2024-01-19 01:23:37", "elapsed": 4324.701553, "delta": 0.005505}}
{"target": -17.67667711770789, "params": {"gamma": 71.9220556886887, "log10_alpha": -0.24149597240060494, "log10_colsample_bytree": -0.46099182317730714, "log10_eta": -2.545326839864263, "log10_lambda": 0.9449756949673205, "log10_min_child_weight": 2.876669470502729, "log10_subsample": -0.8866664367366932, "max_depth": 5.0, "num_boost_round": 7.0}, "datetime": {"datetime": "2024-01-19 01:23:37", "elapsed": 4324.706828, "delta": 0.005275}}
{"target": -17.676600351138777, "params": {"gamma": 71.9220556886887, "log10_alpha": -0.24149597240060494, "log10_colsample_bytree": -0.46099182317730714, "log10_eta": -2.545326839864263, "log10_lambda": 0.9449756949673205, "log10_min_child_weight": 2.876669470502729, "log10_subsample": -0.8866664367366932, "max_depth": 5.0, "num_boost_round": 8.0}, "datetime": {"datetime": "2024-01-19 01:23:37", "elapsed": 4324.712031, "delta": 0.005203}}
{"target": -17.676457499643035, "params": {"gamma": 71.9220556886887, "log10_alpha": -0.24149597240060494, "log10_colsample_bytree": -0.46099182317730714, "log10_eta": -2.545326839864263, "log10_lambda": 0.9449756949673205, "log10_min_child_weight": 2.876669470502729, "log10_subsample": -0.8866664367366932, "max_depth": 5.0, "num_boost_round": 9.0}, "datetime": {"datetime": "2024-01-19 01:23:37", "elapsed": 4324.717274, "delta": 0.005243}}
{"target": -17.676394456330478, "params": {"gamma": 71.9220556886887, "log10_alpha": -0.24149597240060494, "log10_colsample_bytree": -0.46099182317730714, "log10_eta": -2.545326839864263, "log10_lambda": 0.9449756949673205, "log10_min_child_weight": 2.876669470502729, "log10_subsample": -0.8866664367366932, "max_depth": 5.0, "num_boost_round": 10.0}, "datetime": {"datetime": "2024-01-19 01:23:37", "elapsed": 4324.72247, "delta": 0.005196}}
{"target": -17.67625313781117, "params": {"gamma": 71.9220556886887, "log10_alpha": -0.24149597240060494, "log10_colsample_bytree": -0.46099182317730714, "log10_eta": -2.545326839864263, "log10_lambda": 0.9449756949673205, "log10_min_child_weight": 2.876669470502729, "log10_subsample": -0.8866664367366932, "max_depth": 5.0, "num_boost_round": 11.0}, "datetime": {"datetime": "2024-01-19 01:23:37", "elapsed": 4324.72762, "delta": 0.00515}}
{"target": -17.67620567435656, "params": {"gamma": 71.9220556886887, "log10_alpha": -0.24149597240060494, "log10_colsample_bytree": -0.46099182317730714, "log10_eta": -2.545326839864263, "log10_lambda": 0.9449756949673205, "log10_min_child_weight": 2.876669470502729, "log10_subsample": -0.8866664367366932, "max_depth": 5.0, "num_boost_round": 12.0}, "datetime": {"datetime": "2024-01-19 01:23:37", "elapsed": 4324.732978, "delta": 0.005358}}
{"target": -17.676242382379822, "params": {"gamma": 71.9220556886887, "log10_alpha": -0.24149597240060494, "log10_colsample_bytree": -0.46099182317730714, "log10_eta": -2.545326839864263, "log10_lambda": 0.9449756949673205, "log10_min_child_weight": 2.876669470502729, "log10_subsample": -0.8866664367366932, "max_depth": 5.0, "num_boost_round": 13.0}, "datetime": {"datetime": "2024-01-19 01:23:37", "elapsed": 4324.738322, "delta": 0.005344}}
{"target": -17.676214975785204, "params": {"gamma": 71.9220556886887, "log10_alpha": -0.24149597240060494, "log10_colsample_bytree": -0.46099182317730714, "log10_eta": -2.545326839864263, "log10_lambda": 0.9449756949673205, "log10_min_child_weight": 2.876669470502729, "log10_subsample": -0.8866664367366932, "max_depth": 5.0, "num_boost_round": 14.0}, "datetime": {"datetime": "2024-01-19 01:23:37", "elapsed": 4324.743521, "delta": 0.005199}}
{"target": -17.67618143289347, "params": {"gamma": 71.9220556886887, "log10_alpha": -0.24149597240060494, "log10_colsample_bytree": -0.46099182317730714, "log10_eta": -2.545326839864263, "log10_lambda": 0.9449756949673205, "log10_min_child_weight": 2.876669470502729, "log10_subsample": -0.8866664367366932, "max_depth": 5.0, "num_boost_round": 15.0}, "datetime": {"datetime": "2024-01-19 01:23:37", "elapsed": 4324.748764, "delta": 0.005243}}
{"target": -17.676110242648342, "params": {"gamma": 71.9220556886887, "log10_alpha": -0.24149597240060494, "log10_colsample_bytree": -0.46099182317730714, "log10_eta": -2.545326839864263, "log10_lambda": 0.9449756949673205, "log10_min_child_weight": 2.876669470502729, "log10_subsample": -0.8866664367366932, "max_depth": 5.0, "num_boost_round": 16.0}, "datetime": {"datetime": "2024-01-19 01:23:37", "elapsed": 4324.753818, "delta": 0.005054}}
{"target": -17.6761058478395, "params": {"gamma": 71.9220556886887, "log10_alpha": -0.24149597240060494, "log10_colsample_bytree": -0.46099182317730714, "log10_eta": -2.545326839864263, "log10_lambda": 0.9449756949673205, "log10_min_child_weight": 2.876669470502729, "log10_subsample": -0.8866664367366932, "max_depth": 5.0, "num_boost_round": 17.0}, "datetime": {"datetime": "2024-01-19 01:23:37", "elapsed": 4324.758916, "delta": 0.005098}}
{"target": -17.676091720767957, "params": {"gamma": 71.9220556886887, "log10_alpha": -0.24149597240060494, "log10_colsample_bytree": -0.46099182317730714, "log10_eta": -2.545326839864263, "log10_lambda": 0.9449756949673205, "log10_min_child_weight": 2.876669470502729, "log10_subsample": -0.8866664367366932, "max_depth": 5.0, "num_boost_round": 18.0}, "datetime": {"datetime": "2024-01-19 01:23:37", "elapsed": 4324.763994, "delta": 0.005078}}
{"target": -17.675982785670577, "params": {"gamma": 71.9220556886887, "log10_alpha": -0.24149597240060494, "log10_colsample_bytree": -0.46099182317730714, "log10_eta": -2.545326839864263, "log10_lambda": 0.9449756949673205, "log10_min_child_weight": 2.876669470502729, "log10_subsample": -0.8866664367366932, "max_depth": 5.0, "num_boost_round": 19.0}, "datetime": {"datetime": "2024-01-19 01:23:37", "elapsed": 4324.769115, "delta": 0.005121}}
{"target": -17.675895476338077, "params": {"gamma": 71.9220556886887, "log10_alpha": -0.24149597240060494, "log10_colsample_bytree": -0.46099182317730714, "log10_eta": -2.545326839864263, "log10_lambda": 0.9449756949673205, "log10_min_child_weight": 2.876669470502729, "log10_subsample": -0.8866664367366932, "max_depth": 5.0, "num_boost_round": 20.0}, "datetime": {"datetime": "2024-01-19 01:23:37", "elapsed": 4324.774219, "delta": 0.005104}}
{"target": -17.6757595086586, "params": {"gamma": 71.9220556886887, "log10_alpha": -0.24149597240060494, "log10_colsample_bytree": -0.46099182317730714, "log10_eta": -2.545326839864263, "log10_lambda": 0.9449756949673205, "log10_min_child_weight": 2.876669470502729, "log10_subsample": -0.8866664367366932, "max_depth": 5.0, "num_boost_round": 21.0}, "datetime": {"datetime": "2024-01-19 01:23:37", "elapsed": 4324.77949, "delta": 0.005271}}
{"target": -17.675595978671236, "params": {"gamma": 71.9220556886887, "log10_alpha": -0.24149597240060494, "log10_colsample_bytree": -0.46099182317730714, "log10_eta": -2.545326839864263, "log10_lambda": 0.9449756949673205, "log10_min_child_weight": 2.876669470502729, "log10_subsample": -0.8866664367366932, "max_depth": 5.0, "num_boost_round": 22.0}, "datetime": {"datetime": "2024-01-19 01:23:37", "elapsed": 4324.78448, "delta": 0.00499}}
{"target": -17.675480983918675, "params": {"gamma": 71.9220556886887, "log10_alpha": -0.24149597240060494, "log10_colsample_bytree": -0.46099182317730714, "log10_eta": -2.545326839864263, "log10_lambda": 0.9449756949673205, "log10_min_child_weight": 2.876669470502729, "log10_subsample": -0.8866664367366932, "max_depth": 5.0, "num_boost_round": 23.0}, "datetime": {"datetime": "2024-01-19 01:23:37", "elapsed": 4324.789681, "delta": 0.005201}}
{"target": -17.675465542243384, "params": {"gamma": 71.9220556886887, "log10_alpha": -0.24149597240060494, "log10_colsample_bytree": -0.46099182317730714, "log10_eta": -2.545326839864263, "log10_lambda": 0.9449756949673205, "log10_min_child_weight": 2.876669470502729, "log10_subsample": -0.8866664367366932, "max_depth": 5.0, "num_boost_round": 24.0}, "datetime": {"datetime": "2024-01-19 01:23:37", "elapsed": 4324.794693, "delta": 0.005012}}
{"target": -17.67544558728348, "params": {"gamma": 71.9220556886887, "log10_alpha": -0.24149597240060494, "log10_colsample_bytree": -0.46099182317730714, "log10_eta": -2.545326839864263, "log10_lambda": 0.9449756949673205, "log10_min_child_weight": 2.876669470502729, "log10_subsample": -0.8866664367366932, "max_depth": 5.0, "num_boost_round": 25.0}, "datetime": {"datetime": "2024-01-19 01:23:37", "elapsed": 4324.799535, "delta": 0.004842}}
{"target": -17.67723203124351, "params": {"gamma": 59.69115045053041, "log10_alpha": 1.0, "log10_colsample_bytree": -1.0, "log10_eta": -4.0, "log10_lambda": 1.0, "log10_min_child_weight": 5.0, "log10_subsample": -0.38553019730532445, "max_depth": 2.0, "num_boost_round": 0.0}, "datetime": {"datetime": "2024-01-19 01:24:46", "elapsed": 4394.279552, "delta": 69.480017}}
{"target": -17.677230900274175, "params": {"gamma": 59.69115045053041, "log10_alpha": 1.0, "log10_colsample_bytree": -1.0, "log10_eta": -4.0, "log10_lambda": 1.0, "log10_min_child_weight": 5.0, "log10_subsample": -0.38553019730532445, "max_depth": 2.0, "num_boost_round": 1.0}, "datetime": {"datetime": "2024-01-19 01:24:46", "elapsed": 4394.285297, "delta": 0.005745}}
{"target": -17.67723020192063, "params": {"gamma": 59.69115045053041, "log10_alpha": 1.0, "log10_colsample_bytree": -1.0, "log10_eta": -4.0, "log10_lambda": 1.0, "log10_min_child_weight": 5.0, "log10_subsample": -0.38553019730532445, "max_depth": 2.0, "num_boost_round": 2.0}, "datetime": {"datetime": "2024-01-19 01:24:46", "elapsed": 4394.29108, "delta": 0.005783}}
