{"target": -13.758538336957502, "params": {"gamma": 937.8230131321452, "log10_alpha": -2.403793211546215, "log10_colsample_bytree": -0.14606873390014108, "log10_eta": -3.9546586288196335, "log10_lambda": -3.4418533556309283, "log10_min_child_weight": 4.973049669289554, "log10_subsample": -0.05776328537493225, "max_depth": 8.0, "num_boost_round": 9.0}, "datetime": {"datetime": "2024-01-19 01:08:20", "elapsed": 3401.956177, "delta": 0.004105}}
{"target": -13.758538515506292, "params": {"gamma": 937.8230131321452, "log10_alpha": -2.403793211546215, "log10_colsample_bytree": -0.14606873390014108, "log10_eta": -3.9546586288196335, "log10_lambda": -3.4418533556309283, "log10_min_child_weight": 4.973049669289554, "log10_subsample": -0.05776328537493225, "max_depth": 8.0, "num_boost_round": 10.0}, "datetime": {"datetime": "2024-01-19 01:08:20", "elapsed": 3401.960415, "delta": 0.004238}}
{"target": -13.758538479115714, "params": {"gamma": 937.8230131321452, "log10_alpha": -2.403793211546215, "log10_colsample_bytree": -0.14606873390014108, "log10_eta": -3.9546586288196335, "log10_lambda": -3.4418533556309283, "log10_min_child_weight": 4.973049669289554, "log10_subsample": -0.05776328537493225, "max_depth": 8.0, "num_boost_round": 11.0}, "datetime": {"datetime": "2024-01-19 01:08:20", "elapsed": 3401.964824, "delta": 0.004409}}
{"target": -13.758538075785186, "params": {"gamma": 937.8230131321452, "log10_alpha": -2.403793211546215, "log10_colsample_bytree": -0.14606873390014108, "log10_eta": -3.9546586288196335, "log10_lambda": -3.4418533556309283, "log10_min_child_weight": 4.973049669289554, "log10_subsample": -0.05776328537493225, "max_depth": 8.0, "num_boost_round": 12.0}, "datetime": {"datetime": "2024-01-19 01:08:20", "elapsed": 3401.969046, "delta": 0.004222}}
{"target": -13.758538398763392, "params": {"gamma": 937.8230131321452, "log10_alpha": -2.403793211546215, "log10_colsample_bytree": -0.14606873390014108, "log10_eta": -3.9546586288196335, "log10_lambda": -3.4418533556309283, "log10_min_child_weight": 4.973049669289554, "log10_subsample": -0.05776328537493225, "max_depth": 8.0, "num_boost_round": 13.0}, "datetime": {"datetime": "2024-01-19 01:08:20", "elapsed": 3401.973169, "delta": 0.004123}}
{"target": -13.758537953128002, "params": {"gamma": 937.8230131321452, "log10_alpha": -2.403793211546215, "log10_colsample_bytree": -0.14606873390014108, "log10_eta": -3.9546586288196335, "log10_lambda": -3.4418533556309283, "log10_min_child_weight": 4.973049669289554, "log10_subsample": -0.05776328537493225, "max_depth": 8.0, "num_boost_round": 14.0}, "datetime": {"datetime": "2024-01-19 01:08:20", "elapsed": 3401.977442, "delta": 0.004273}}
{"target": -13.758537637204117, "params": {"gamma": 937.8230131321452, "log10_alpha": -2.403793211546215, "log10_colsample_bytree": -0.14606873390014108, "log10_eta": -3.9546586288196335, "log10_lambda": -3.4418533556309283, "log10_min_child_weight": 4.973049669289554, "log10_subsample": -0.05776328537493225, "max_depth": 8.0, "num_boost_round": 15.0}, "datetime": {"datetime": "2024-01-19 01:08:20", "elapsed": 3401.981642, "delta": 0.0042}}
{"target": -13.758537412222298, "params": {"gamma": 937.8230131321452, "log10_alpha": -2.403793211546215, "log10_colsample_bytree": -0.14606873390014108, "log10_eta": -3.9546586288196335, "log10_lambda": -3.4418533556309283, "log10_min_child_weight": 4.973049669289554, "log10_subsample": -0.05776328537493225, "max_depth": 8.0, "num_boost_round": 16.0}, "datetime": {"datetime": "2024-01-19 01:08:20", "elapsed": 3401.989608, "delta": 0.007966}}
{"target": -13.758537576419435, "params": {"gamma": 937.8230131321452, "log10_alpha": -2.403793211546215, "log10_colsample_bytree": -0.14606873390014108, "log10_eta": -3.9546586288196335, "log10_lambda": -3.4418533556309283, "log10_min_child_weight": 4.973049669289554, "log10_subsample": -0.05776328537493225, "max_depth": 8.0, "num_boost_round": 17.0}, "datetime": {"datetime": "2024-01-19 01:08:20", "elapsed": 3401.993874, "delta": 0.004266}}
{"target": -13.75853756184471, "params": {"gamma": 937.8230131321452, "log10_alpha": -2.403793211546215, "log10_colsample_bytree": -0.14606873390014108, "log10_eta": -3.9546586288196335, "log10_lambda": -3.4418533556309283, "log10_min_child_weight": 4.973049669289554, "log10_subsample": -0.05776328537493225, "max_depth": 8.0, "num_boost_round": 18.0}, "datetime": {"datetime": "2024-01-19 01:08:20", "elapsed": 3401.998076, "delta": 0.004202}}
{"target": -13.758536947481199, "params": {"gamma": 937.8230131321452, "log10_alpha": -2.403793211546215, "log10_colsample_bytree": -0.14606873390014108, "log10_eta": -3.9546586288196335, "log10_lambda": -3.4418533556309283, "log10_min_child_weight": 4.973049669289554, "log10_subsample": -0.05776328537493225, "max_depth": 8.0, "num_boost_round": 19.0}, "datetime": {"datetime": "2024-01-19 01:08:20", "elapsed": 3402.002218, "delta": 0.004142}}
{"target": -13.758536767819473, "params": {"gamma": 937.8230131321452, "log10_alpha": -2.403793211546215, "log10_colsample_bytree": -0.14606873390014108, "log10_eta": -3.9546586288196335, "log10_lambda": -3.4418533556309283, "log10_min_child_weight": 4.973049669289554, "log10_subsample": -0.05776328537493225, "max_depth": 8.0, "num_boost_round": 20.0}, "datetime": {"datetime": "2024-01-19 01:08:20", "elapsed": 3402.006504, "delta": 0.004286}}
{"target": -13.75853619740649, "params": {"gamma": 937.8230131321452, "log10_alpha": -2.403793211546215, "log10_colsample_bytree": -0.14606873390014108, "log10_eta": -3.9546586288196335, "log10_lambda": -3.4418533556309283, "log10_min_child_weight": 4.973049669289554, "log10_subsample": -0.05776328537493225, "max_depth": 8.0, "num_boost_round": 21.0}, "datetime": {"datetime": "2024-01-19 01:08:21", "elapsed": 3402.010836, "delta": 0.004332}}
{"target": -13.75853645031805, "params": {"gamma": 937.8230131321452, "log10_alpha": -2.403793211546215, "log10_colsample_bytree": -0.14606873390014108, "log10_eta": -3.9546586288196335, "log10_lambda": -3.4418533556309283, "log10_min_child_weight": 4.973049669289554, "log10_subsample": -0.05776328537493225, "max_depth": 8.0, "num_boost_round": 22.0}, "datetime": {"datetime": "2024-01-19 01:08:21", "elapsed": 3402.015041, "delta": 0.004205}}
{"target": -13.758536288487266, "params": {"gamma": 937.8230131321452, "log10_alpha": -2.403793211546215, "log10_colsample_bytree": -0.14606873390014108, "log10_eta": -3.9546586288196335, "log10_lambda": -3.4418533556309283, "log10_min_child_weight": 4.973049669289554, "log10_subsample": -0.05776328537493225, "max_depth": 8.0, "num_boost_round": 23.0}, "datetime": {"datetime": "2024-01-19 01:08:21", "elapsed": 3402.019395, "delta": 0.004354}}
{"target": -13.758536329682018, "params": {"gamma": 937.8230131321452, "log10_alpha": -2.403793211546215, "log10_colsample_bytree": -0.14606873390014108, "log10_eta": -3.9546586288196335, "log10_lambda": -3.4418533556309283, "log10_min_child_weight": 4.973049669289554, "log10_subsample": -0.05776328537493225, "max_depth": 8.0, "num_boost_round": 24.0}, "datetime": {"datetime": "2024-01-19 01:08:21", "elapsed": 3402.023524, "delta": 0.004129}}
{"target": -13.758536012267246, "params": {"gamma": 937.8230131321452, "log10_alpha": -2.403793211546215, "log10_colsample_bytree": -0.14606873390014108, "log10_eta": -3.9546586288196335, "log10_lambda": -3.4418533556309283, "log10_min_child_weight": 4.973049669289554, "log10_subsample": -0.05776328537493225, "max_depth": 8.0, "num_boost_round": 25.0}, "datetime": {"datetime": "2024-01-19 01:08:21", "elapsed": 3402.027772, "delta": 0.004248}}
{"target": -13.758535672850913, "params": {"gamma": 937.8230131321452, "log10_alpha": -2.403793211546215, "log10_colsample_bytree": -0.14606873390014108, "log10_eta": -3.9546586288196335, "log10_lambda": -3.4418533556309283, "log10_min_child_weight": 4.973049669289554, "log10_subsample": -0.05776328537493225, "max_depth": 8.0, "num_boost_round": 26.0}, "datetime": {"datetime": "2024-01-19 01:08:21", "elapsed": 3402.032077, "delta": 0.004305}}
{"target": -13.760019283002617, "params": {"gamma": 950.6304127175124, "log10_alpha": -4.367007461287496, "log10_colsample_bytree": -0.5616242350110053, "log10_eta": -1.272685070482083, "log10_lambda": -2.8890412180448664, "log10_min_child_weight": 0.48699524847695685, "log10_subsample": -0.846054597350063, "max_depth": 6.0, "num_boost_round": 0.0}, "datetime": {"datetime": "2024-01-19 01:08:59", "elapsed": 3440.70926, "delta": 38.677183}}
{"target": -13.757470283876094, "params": {"gamma": 950.6304127175124, "log10_alpha": -4.367007461287496, "log10_colsample_bytree": -0.5616242350110053, "log10_eta": -1.272685070482083, "log10_lambda": -2.8890412180448664, "log10_min_child_weight": 0.48699524847695685, "log10_subsample": -0.846054597350063, "max_depth": 6.0, "num_boost_round": 1.0}, "datetime": {"datetime": "2024-01-19 01:08:59", "elapsed": 3440.71407, "delta": 0.00481}}
{"target": -13.757336096240259, "params": {"gamma": 950.6304127175124, "log10_alpha": -4.367007461287496, "log10_colsample_bytree": -0.5616242350110053, "log10_eta": -1.272685070482083, "log10_lambda": -2.8890412180448664, "log10_min_child_weight": 0.48699524847695685, "log10_subsample": -0.846054597350063, "max_depth": 6.0, "num_boost_round": 2.0}, "datetime": {"datetime": "2024-01-19 01:08:59", "elapsed": 3440.71836, "delta": 0.00429}}
{"target": -13.75664081749771, "params": {"gamma": 950.6304127175124, "log10_alpha": -4.367007461287496, "log10_colsample_bytree": -0.5616242350110053, "log10_eta": -1.272685070482083, "log10_lambda": -2.8890412180448664, "log10_min_child_weight": 0.48699524847695685, "log10_subsample": -0.846054597350063, "max_depth": 6.0, "num_boost_round": 3.0}, "datetime": {"datetime": "2024-01-19 01:08:59", "elapsed": 3440.722585, "delta": 0.004225}}
{"target": -13.757874353212188, "params": {"gamma": 950.6304127175124, "log10_alpha": -4.367007461287496, "log10_colsample_bytree": -0.5616242350110053, "log10_eta": -1.272685070482083, "log10_lambda": -2.8890412180448664, "log10_min_child_weight": 0.48699524847695685, "log10_subsample": -0.846054597350063, "max_depth": 6.0, "num_boost_round": 4.0}, "datetime": {"datetime": "2024-01-19 01:08:59", "elapsed": 3440.726806, "delta": 0.004221}}
{"target": -13.759712993718685, "params": {"gamma": 950.6304127175124, "log10_alpha": -4.367007461287496, "log10_colsample_bytree": -0.5616242350110053, "log10_eta": -1.272685070482083, "log10_lambda": -2.8890412180448664, "log10_min_child_weight": 0.48699524847695685, "log10_subsample": -0.846054597350063, "max_depth": 6.0, "num_boost_round": 5.0}, "datetime": {"datetime": "2024-01-19 01:08:59", "elapsed": 3440.730998, "delta": 0.004192}}
{"target": -13.759746325595295, "params": {"gamma": 950.6304127175124, "log10_alpha": -4.367007461287496, "log10_colsample_bytree": -0.5616242350110053, "log10_eta": -1.272685070482083, "log10_lambda": -2.8890412180448664, "log10_min_child_weight": 0.48699524847695685, "log10_subsample": -0.846054597350063, "max_depth": 6.0, "num_boost_round": 6.0}, "datetime": {"datetime": "2024-01-19 01:08:59", "elapsed": 3440.735192, "delta": 0.004194}}
{"target": -13.761388184771304, "params": {"gamma": 950.6304127175124, "log10_alpha": -4.367007461287496, "log10_colsample_bytree": -0.5616242350110053, "log10_eta": -1.272685070482083, "log10_lambda": -2.8890412180448664, "log10_min_child_weight": 0.48699524847695685, "log10_subsample": -0.846054597350063, "max_depth": 6.0, "num_boost_round": 7.0}, "datetime": {"datetime": "2024-01-19 01:08:59", "elapsed": 3440.739353, "delta": 0.004161}}
{"target": -13.76345357486125, "params": {"gamma": 950.6304127175124, "log10_alpha": -4.367007461287496, "log10_colsample_bytree": -0.5616242350110053, "log10_eta": -1.272685070482083, "log10_lambda": -2.8890412180448664, "log10_min_child_weight": 0.48699524847695685, "log10_subsample": -0.846054597350063, "max_depth": 6.0, "num_boost_round": 8.0}, "datetime": {"datetime": "2024-01-19 01:08:59", "elapsed": 3440.743481, "delta": 0.004128}}
{"target": -13.763809172648264, "params": {"gamma": 950.6304127175124, "log10_alpha": -4.367007461287496, "log10_colsample_bytree": -0.5616242350110053, "log10_eta": -1.272685070482083, "log10_lambda": -2.8890412180448664, "log10_min_child_weight": 0.48699524847695685, "log10_subsample": -0.846054597350063, "max_depth": 6.0, "num_boost_round": 9.0}, "datetime": {"datetime": "2024-01-19 01:08:59", "elapsed": 3440.747823, "delta": 0.004342}}
{"target": -13.765416623651872, "params": {"gamma": 950.6304127175124, "log10_alpha": -4.367007461287496, "log10_colsample_bytree": -0.5616242350110053, "log10_eta": -1.272685070482083, "log10_lambda": -2.8890412180448664, "log10_min_child_weight": 0.48699524847695685, "log10_subsample": -0.846054597350063, "max_depth": 6.0, "num_boost_round": 10.0}, "datetime": {"datetime": "2024-01-19 01:08:59", "elapsed": 3440.751969, "delta": 0.004146}}
{"target": -13.765271963308956, "params": {"gamma": 950.6304127175124, "log10_alpha": -4.367007461287496, "log10_colsample_bytree": -0.5616242350110053, "log10_eta": -1.272685070482083, "log10_lambda": -2.8890412180448664, "log10_min_child_weight": 0.48699524847695685, "log10_subsample": -0.846054597350063, "max_depth": 6.0, "num_boost_round": 11.0}, "datetime": {"datetime": "2024-01-19 01:08:59", "elapsed": 3440.756085, "delta": 0.004116}}
{"target": -13.767882201342625, "params": {"gamma": 950.6304127175124, "log10_alpha": -4.367007461287496, "log10_colsample_bytree": -0.5616242350110053, "log10_eta": -1.272685070482083, "log10_lambda": -2.8890412180448664, "log10_min_child_weight": 0.48699524847695685, "log10_subsample": -0.846054597350063, "max_depth": 6.0, "num_boost_round": 12.0}, "datetime": {"datetime": "2024-01-19 01:08:59", "elapsed": 3440.76042, "delta": 0.004335}}
{"target": -13.768779019735407, "params": {"gamma": 950.6304127175124, "log10_alpha": -4.367007461287496, "log10_colsample_bytree": -0.5616242350110053, "log10_eta": -1.272685070482083, "log10_lambda": -2.8890412180448664, "log10_min_child_weight": 0.48699524847695685, "log10_subsample": -0.846054597350063, "max_depth": 6.0, "num_boost_round": 13.0}, "datetime": {"datetime": "2024-01-19 01:08:59", "elapsed": 3440.764699, "delta": 0.004279}}
{"target": -13.770263107781911, "params": {"gamma": 950.6304127175124, "log10_alpha": -4.367007461287496, "log10_colsample_bytree": -0.5616242350110053, "log10_eta": -1.272685070482083, "log10_lambda": -2.8890412180448664, "log10_min_child_weight": 0.48699524847695685, "log10_subsample": -0.846054597350063, "max_depth": 6.0, "num_boost_round": 14.0}, "datetime": {"datetime": "2024-01-19 01:08:59", "elapsed": 3440.768985, "delta": 0.004286}}
{"target": -13.771210223379681, "params": {"gamma": 950.6304127175124, "log10_alpha": -4.367007461287496, "log10_colsample_bytree": -0.5616242350110053, "log10_eta": -1.272685070482083, "log10_lambda": -2.8890412180448664, "log10_min_child_weight": 0.48699524847695685, "log10_subsample": -0.846054597350063, "max_depth": 6.0, "num_boost_round": 15.0}, "datetime": {"datetime": "2024-01-19 01:08:59", "elapsed": 3440.77319, "delta": 0.004205}}
{"target": -13.771894924426414, "params": {"gamma": 950.6304127175124, "log10_alpha": -4.367007461287496, "log10_colsample_bytree": -0.5616242350110053, "log10_eta": -1.272685070482083, "log10_lambda": -2.8890412180448664, "log10_min_child_weight": 0.48699524847695685, "log10_subsample": -0.846054597350063, "max_depth": 6.0, "num_boost_round": 16.0}, "datetime": {"datetime": "2024-01-19 01:08:59", "elapsed": 3440.777372, "delta": 0.004182}}
{"target": -13.77404184610846, "params": {"gamma": 950.6304127175124, "log10_alpha": -4.367007461287496, "log10_colsample_bytree": -0.5616242350110053, "log10_eta": -1.272685070482083, "log10_lambda": -2.8890412180448664, "log10_min_child_weight": 0.48699524847695685, "log10_subsample": -0.846054597350063, "max_depth": 6.0, "num_boost_round": 17.0}, "datetime": {"datetime": "2024-01-19 01:08:59", "elapsed": 3440.78161, "delta": 0.004238}}
{"target": -13.77609958147064, "params": {"gamma": 950.6304127175124, "log10_alpha": -4.367007461287496, "log10_colsample_bytree": -0.5616242350110053, "log10_eta": -1.272685070482083, "log10_lambda": -2.8890412180448664, "log10_min_child_weight": 0.48699524847695685, "log10_subsample": -0.846054597350063, "max_depth": 6.0, "num_boost_round": 18.0}, "datetime": {"datetime": "2024-01-19 01:08:59", "elapsed": 3440.785822, "delta": 0.004212}}
{"target": -13.758536201316549, "params": {"gamma": 942.0926955750102, "log10_alpha": -3.3669487989877824, "log10_colsample_bytree": -0.9584027739154298, "log10_eta": -2.7407570633256153, "log10_lambda": -0.38351411457354256, "log10_min_child_weight": 4.665794078880131, "log10_subsample": -0.5484964623202533, "max_depth": 7.0, "num_boost_round": 0.0}, "datetime": {"datetime": "2024-01-19 01:09:48", "elapsed": 3489.614049, "delta": 48.828227}}
{"target": -13.7585184375359, "params": {"gamma": 942.0926955750102, "log10_alpha": -3.3669487989877824, "log10_colsample_bytree": -0.9584027739154298, "log10_eta": -2.7407570633256153, "log10_lambda": -0.38351411457354256, "log10_min_child_weight": 4.665794078880131, "log10_subsample": -0.5484964623202533, "max_depth": 7.0, "num_boost_round": 1.0}, "datetime": {"datetime": "2024-01-19 01:09:48", "elapsed": 3489.618982, "delta": 0.004933}}
{"target": -13.758522307170715, "params": {"gamma": 942.0926955750102, "log10_alpha": -3.3669487989877824, "log10_colsample_bytree": -0.9584027739154298, "log10_eta": -2.7407570633256153, "log10_lambda": -0.38351411457354256, "log10_min_child_weight": 4.665794078880131, "log10_subsample": -0.5484964623202533, "max_depth": 7.0, "num_boost_round": 2.0}, "datetime": {"datetime": "2024-01-19 01:09:48", "elapsed": 3489.623229, "delta": 0.004247}}
{"target": -13.758520790920109, "params": {"gamma": 942.0926955750102, "log10_alpha": -3.3669487989877824, "log10_colsample_bytree": -0.9584027739154298, "log10_eta": -2.7407570633256153, "log10_lambda": -0.38351411457354256, "log10_min_child_weight": 4.665794078880131, "log10_subsample": -0.5484964623202533, "max_depth": 7.0, "num_boost_round": 3.0}, "datetime": {"datetime": "2024-01-19 01:09:48", "elapsed": 3489.627546, "delta": 0.004317}}
{"target": -13.758524216070487, "params": {"gamma": 942.0926955750102, "log10_alpha": -3.3669487989877824, "log10_colsample_bytree": -0.9584027739154298, "log10_eta": -2.7407570633256153, "log10_lambda": -0.38351411457354256, "log10_min_child_weight": 4.665794078880131, "log10_subsample": -0.5484964623202533, "max_depth": 7.0, "num_boost_round": 4.0}, "datetime": {"datetime": "2024-01-19 01:09:48", "elapsed": 3489.631642, "delta": 0.004096}}
{"target": -13.75851468609732, "params": {"gamma": 942.0926955750102, "log10_alpha": -3.3669487989877824, "log10_colsample_bytree": -0.9584027739154298, "log10_eta": -2.7407570633256153, "log10_lambda": -0.38351411457354256, "log10_min_child_weight": 4.665794078880131, "log10_subsample": -0.5484964623202533, "max_depth": 7.0, "num_boost_round": 5.0}, "datetime": {"datetime": "2024-01-19 01:09:48", "elapsed": 3489.635747, "delta": 0.004105}}
{"target": -13.758501439703092, "params": {"gamma": 942.0926955750102, "log10_alpha": -3.3669487989877824, "log10_colsample_bytree": -0.9584027739154298, "log10_eta": -2.7407570633256153, "log10_lambda": -0.38351411457354256, "log10_min_child_weight": 4.665794078880131, "log10_subsample": -0.5484964623202533, "max_depth": 7.0, "num_boost_round": 6.0}, "datetime": {"datetime": "2024-01-19 01:09:48", "elapsed": 3489.640042, "delta": 0.004295}}
{"target": -13.758498972624, "params": {"gamma": 942.0926955750102, "log10_alpha": -3.3669487989877824, "log10_colsample_bytree": -0.9584027739154298, "log10_eta": -2.7407570633256153, "log10_lambda": -0.38351411457354256, "log10_min_child_weight": 4.665794078880131, "log10_subsample": -0.5484964623202533, "max_depth": 7.0, "num_boost_round": 7.0}, "datetime": {"datetime": "2024-01-19 01:09:48", "elapsed": 3489.644215, "delta": 0.004173}}
{"target": -13.758499217453469, "params": {"gamma": 942.0926955750102, "log10_alpha": -3.3669487989877824, "log10_colsample_bytree": -0.9584027739154298, "log10_eta": -2.7407570633256153, "log10_lambda": -0.38351411457354256, "log10_min_child_weight": 4.665794078880131, "log10_subsample": -0.5484964623202533, "max_depth": 7.0, "num_boost_round": 8.0}, "datetime": {"datetime": "2024-01-19 01:09:48", "elapsed": 3489.648448, "delta": 0.004233}}
{"target": -13.758496957808884, "params": {"gamma": 942.0926955750102, "log10_alpha": -3.3669487989877824, "log10_colsample_bytree": -0.9584027739154298, "log10_eta": -2.7407570633256153, "log10_lambda": -0.38351411457354256, "log10_min_child_weight": 4.665794078880131, "log10_subsample": -0.5484964623202533, "max_depth": 7.0, "num_boost_round": 9.0}, "datetime": {"datetime": "2024-01-19 01:09:48", "elapsed": 3489.652833, "delta": 0.004385}}
{"target": -13.758499566918687, "params": {"gamma": 942.0926955750102, "log10_alpha": -3.3669487989877824, "log10_colsample_bytree": -0.9584027739154298, "log10_eta": -2.7407570633256153, "log10_lambda": -0.38351411457354256, "log10_min_child_weight": 4.665794078880131, "log10_subsample": -0.5484964623202533, "max_depth": 7.0, "num_boost_round": 10.0}, "datetime": {"datetime": "2024-01-19 01:09:48", "elapsed": 3489.657035, "delta": 0.004202}}
{"target": -13.758493659041605, "params": {"gamma": 942.0926955750102, "log10_alpha": -3.3669487989877824, "log10_colsample_bytree": -0.9584027739154298, "log10_eta": -2.7407570633256153, "log10_lambda": -0.38351411457354256, "log10_min_child_weight": 4.665794078880131, "log10_subsample": -0.5484964623202533, "max_depth": 7.0, "num_boost_round": 11.0}, "datetime": {"datetime": "2024-01-19 01:09:48", "elapsed": 3489.661275, "delta": 0.00424}}
