{"target": -13.758515616992382, "params": {"gamma": 716.4051318005976, "log10_alpha": -4.134123903761351, "log10_colsample_bytree": -0.02763386618329866, "log10_eta": -3.7939556358013307, "log10_lambda": -3.1727832815061863, "log10_min_child_weight": 4.115329263250559, "log10_subsample": -0.18463291542130866, "max_depth": 5.0, "num_boost_round": 34.0}, "datetime": {"datetime": "2024-01-19 01:45:21", "elapsed": 5629.323779, "delta": 0.005435}}
{"target": -13.758513708780674, "params": {"gamma": 716.4051318005976, "log10_alpha": -4.134123903761351, "log10_colsample_bytree": -0.02763386618329866, "log10_eta": -3.7939556358013307, "log10_lambda": -3.1727832815061863, "log10_min_child_weight": 4.115329263250559, "log10_subsample": -0.18463291542130866, "max_depth": 5.0, "num_boost_round": 35.0}, "datetime": {"datetime": "2024-01-19 01:45:21", "elapsed": 5629.329107, "delta": 0.005328}}
{"target": -13.758514763107742, "params": {"gamma": 716.4051318005976, "log10_alpha": -4.134123903761351, "log10_colsample_bytree": -0.02763386618329866, "log10_eta": -3.7939556358013307, "log10_lambda": -3.1727832815061863, "log10_min_child_weight": 4.115329263250559, "log10_subsample": -0.18463291542130866, "max_depth": 5.0, "num_boost_round": 36.0}, "datetime": {"datetime": "2024-01-19 01:45:21", "elapsed": 5629.334737, "delta": 0.00563}}
{"target": -13.758513674321412, "params": {"gamma": 716.4051318005976, "log10_alpha": -4.134123903761351, "log10_colsample_bytree": -0.02763386618329866, "log10_eta": -3.7939556358013307, "log10_lambda": -3.1727832815061863, "log10_min_child_weight": 4.115329263250559, "log10_subsample": -0.18463291542130866, "max_depth": 5.0, "num_boost_round": 37.0}, "datetime": {"datetime": "2024-01-19 01:45:21", "elapsed": 5629.340449, "delta": 0.005712}}
{"target": -13.758542588366138, "params": {"gamma": 719.4849092356128, "log10_alpha": -1.5609803654343684, "log10_colsample_bytree": -0.22954549120338996, "log10_eta": -3.490351952820352, "log10_lambda": -0.6609054061627733, "log10_min_child_weight": 3.611590691652084, "log10_subsample": -0.10324120280852933, "max_depth": 8.0, "num_boost_round": 0.0}, "datetime": {"datetime": "2024-01-19 01:47:02", "elapsed": 5729.742866, "delta": 100.402417}}
{"target": -13.75853983494978, "params": {"gamma": 719.4849092356128, "log10_alpha": -1.5609803654343684, "log10_colsample_bytree": -0.22954549120338996, "log10_eta": -3.490351952820352, "log10_lambda": -0.6609054061627733, "log10_min_child_weight": 3.611590691652084, "log10_subsample": -0.10324120280852933, "max_depth": 8.0, "num_boost_round": 1.0}, "datetime": {"datetime": "2024-01-19 01:47:02", "elapsed": 5729.748744, "delta": 0.005878}}
{"target": -13.75852634666982, "params": {"gamma": 719.4849092356128, "log10_alpha": -1.5609803654343684, "log10_colsample_bytree": -0.22954549120338996, "log10_eta": -3.490351952820352, "log10_lambda": -0.6609054061627733, "log10_min_child_weight": 3.611590691652084, "log10_subsample": -0.10324120280852933, "max_depth": 8.0, "num_boost_round": 2.0}, "datetime": {"datetime": "2024-01-19 01:47:02", "elapsed": 5729.755385, "delta": 0.006641}}
{"target": -13.758527272289799, "params": {"gamma": 719.4849092356128, "log10_alpha": -1.5609803654343684, "log10_colsample_bytree": -0.22954549120338996, "log10_eta": -3.490351952820352, "log10_lambda": -0.6609054061627733, "log10_min_child_weight": 3.611590691652084, "log10_subsample": -0.10324120280852933, "max_depth": 8.0, "num_boost_round": 3.0}, "datetime": {"datetime": "2024-01-19 01:47:02", "elapsed": 5729.761625, "delta": 0.00624}}
{"target": -13.758523041810102, "params": {"gamma": 719.4849092356128, "log10_alpha": -1.5609803654343684, "log10_colsample_bytree": -0.22954549120338996, "log10_eta": -3.490351952820352, "log10_lambda": -0.6609054061627733, "log10_min_child_weight": 3.611590691652084, "log10_subsample": -0.10324120280852933, "max_depth": 8.0, "num_boost_round": 4.0}, "datetime": {"datetime": "2024-01-19 01:47:02", "elapsed": 5729.766936, "delta": 0.005311}}
{"target": -13.758519091279554, "params": {"gamma": 719.4849092356128, "log10_alpha": -1.5609803654343684, "log10_colsample_bytree": -0.22954549120338996, "log10_eta": -3.490351952820352, "log10_lambda": -0.6609054061627733, "log10_min_child_weight": 3.611590691652084, "log10_subsample": -0.10324120280852933, "max_depth": 8.0, "num_boost_round": 5.0}, "datetime": {"datetime": "2024-01-19 01:47:02", "elapsed": 5729.772362, "delta": 0.005426}}
{"target": -13.75851175265484, "params": {"gamma": 719.4849092356128, "log10_alpha": -1.5609803654343684, "log10_colsample_bytree": -0.22954549120338996, "log10_eta": -3.490351952820352, "log10_lambda": -0.6609054061627733, "log10_min_child_weight": 3.611590691652084, "log10_subsample": -0.10324120280852933, "max_depth": 8.0, "num_boost_round": 6.0}, "datetime": {"datetime": "2024-01-19 01:47:02", "elapsed": 5729.777741, "delta": 0.005379}}
{"target": -13.758510329529226, "params": {"gamma": 719.4849092356128, "log10_alpha": -1.5609803654343684, "log10_colsample_bytree": -0.22954549120338996, "log10_eta": -3.490351952820352, "log10_lambda": -0.6609054061627733, "log10_min_child_weight": 3.611590691652084, "log10_subsample": -0.10324120280852933, "max_depth": 8.0, "num_boost_round": 7.0}, "datetime": {"datetime": "2024-01-19 01:47:02", "elapsed": 5729.783318, "delta": 0.005577}}
{"target": -13.758505571149914, "params": {"gamma": 719.4849092356128, "log10_alpha": -1.5609803654343684, "log10_colsample_bytree": -0.22954549120338996, "log10_eta": -3.490351952820352, "log10_lambda": -0.6609054061627733, "log10_min_child_weight": 3.611590691652084, "log10_subsample": -0.10324120280852933, "max_depth": 8.0, "num_boost_round": 8.0}, "datetime": {"datetime": "2024-01-19 01:47:02", "elapsed": 5729.788855, "delta": 0.005537}}
{"target": -13.75850303111441, "params": {"gamma": 719.4849092356128, "log10_alpha": -1.5609803654343684, "log10_colsample_bytree": -0.22954549120338996, "log10_eta": -3.490351952820352, "log10_lambda": -0.6609054061627733, "log10_min_child_weight": 3.611590691652084, "log10_subsample": -0.10324120280852933, "max_depth": 8.0, "num_boost_round": 9.0}, "datetime": {"datetime": "2024-01-19 01:47:02", "elapsed": 5729.79435, "delta": 0.005495}}
{"target": -13.758495416803374, "params": {"gamma": 719.4849092356128, "log10_alpha": -1.5609803654343684, "log10_colsample_bytree": -0.22954549120338996, "log10_eta": -3.490351952820352, "log10_lambda": -0.6609054061627733, "log10_min_child_weight": 3.611590691652084, "log10_subsample": -0.10324120280852933, "max_depth": 8.0, "num_boost_round": 10.0}, "datetime": {"datetime": "2024-01-19 01:47:02", "elapsed": 5729.799887, "delta": 0.005537}}
{"target": -13.758488730512253, "params": {"gamma": 719.4849092356128, "log10_alpha": -1.5609803654343684, "log10_colsample_bytree": -0.22954549120338996, "log10_eta": -3.490351952820352, "log10_lambda": -0.6609054061627733, "log10_min_child_weight": 3.611590691652084, "log10_subsample": -0.10324120280852933, "max_depth": 8.0, "num_boost_round": 11.0}, "datetime": {"datetime": "2024-01-19 01:47:02", "elapsed": 5729.805653, "delta": 0.005766}}
{"target": -13.758485409080555, "params": {"gamma": 719.4849092356128, "log10_alpha": -1.5609803654343684, "log10_colsample_bytree": -0.22954549120338996, "log10_eta": -3.490351952820352, "log10_lambda": -0.6609054061627733, "log10_min_child_weight": 3.611590691652084, "log10_subsample": -0.10324120280852933, "max_depth": 8.0, "num_boost_round": 12.0}, "datetime": {"datetime": "2024-01-19 01:47:02", "elapsed": 5729.811955, "delta": 0.006302}}
{"target": -13.758485878365441, "params": {"gamma": 719.4849092356128, "log10_alpha": -1.5609803654343684, "log10_colsample_bytree": -0.22954549120338996, "log10_eta": -3.490351952820352, "log10_lambda": -0.6609054061627733, "log10_min_child_weight": 3.611590691652084, "log10_subsample": -0.10324120280852933, "max_depth": 8.0, "num_boost_round": 13.0}, "datetime": {"datetime": "2024-01-19 01:47:02", "elapsed": 5729.8179, "delta": 0.005945}}
{"target": -13.758476805405609, "params": {"gamma": 719.4849092356128, "log10_alpha": -1.5609803654343684, "log10_colsample_bytree": -0.22954549120338996, "log10_eta": -3.490351952820352, "log10_lambda": -0.6609054061627733, "log10_min_child_weight": 3.611590691652084, "log10_subsample": -0.10324120280852933, "max_depth": 8.0, "num_boost_round": 14.0}, "datetime": {"datetime": "2024-01-19 01:47:02", "elapsed": 5729.823349, "delta": 0.005449}}
{"target": -13.758473957719591, "params": {"gamma": 719.4849092356128, "log10_alpha": -1.5609803654343684, "log10_colsample_bytree": -0.22954549120338996, "log10_eta": -3.490351952820352, "log10_lambda": -0.6609054061627733, "log10_min_child_weight": 3.611590691652084, "log10_subsample": -0.10324120280852933, "max_depth": 8.0, "num_boost_round": 15.0}, "datetime": {"datetime": "2024-01-19 01:47:02", "elapsed": 5729.828801, "delta": 0.005452}}
{"target": -13.75847823565346, "params": {"gamma": 719.4849092356128, "log10_alpha": -1.5609803654343684, "log10_colsample_bytree": -0.22954549120338996, "log10_eta": -3.490351952820352, "log10_lambda": -0.6609054061627733, "log10_min_child_weight": 3.611590691652084, "log10_subsample": -0.10324120280852933, "max_depth": 8.0, "num_boost_round": 16.0}, "datetime": {"datetime": "2024-01-19 01:47:02", "elapsed": 5729.834467, "delta": 0.005666}}
{"target": -13.758474394205747, "params": {"gamma": 719.4849092356128, "log10_alpha": -1.5609803654343684, "log10_colsample_bytree": -0.22954549120338996, "log10_eta": -3.490351952820352, "log10_lambda": -0.6609054061627733, "log10_min_child_weight": 3.611590691652084, "log10_subsample": -0.10324120280852933, "max_depth": 8.0, "num_boost_round": 17.0}, "datetime": {"datetime": "2024-01-19 01:47:02", "elapsed": 5729.840224, "delta": 0.005757}}
{"target": -13.758473076703917, "params": {"gamma": 719.4849092356128, "log10_alpha": -1.5609803654343684, "log10_colsample_bytree": -0.22954549120338996, "log10_eta": -3.490351952820352, "log10_lambda": -0.6609054061627733, "log10_min_child_weight": 3.611590691652084, "log10_subsample": -0.10324120280852933, "max_depth": 8.0, "num_boost_round": 18.0}, "datetime": {"datetime": "2024-01-19 01:47:02", "elapsed": 5729.845791, "delta": 0.005567}}
{"target": -13.758470205509655, "params": {"gamma": 719.4849092356128, "log10_alpha": -1.5609803654343684, "log10_colsample_bytree": -0.22954549120338996, "log10_eta": -3.490351952820352, "log10_lambda": -0.6609054061627733, "log10_min_child_weight": 3.611590691652084, "log10_subsample": -0.10324120280852933, "max_depth": 8.0, "num_boost_round": 19.0}, "datetime": {"datetime": "2024-01-19 01:47:02", "elapsed": 5729.85126, "delta": 0.005469}}
{"target": -13.758458758432512, "params": {"gamma": 719.4849092356128, "log10_alpha": -1.5609803654343684, "log10_colsample_bytree": -0.22954549120338996, "log10_eta": -3.490351952820352, "log10_lambda": -0.6609054061627733, "log10_min_child_weight": 3.611590691652084, "log10_subsample": -0.10324120280852933, "max_depth": 8.0, "num_boost_round": 20.0}, "datetime": {"datetime": "2024-01-19 01:47:02", "elapsed": 5729.85685, "delta": 0.00559}}
{"target": -13.758447568242664, "params": {"gamma": 719.4849092356128, "log10_alpha": -1.5609803654343684, "log10_colsample_bytree": -0.22954549120338996, "log10_eta": -3.490351952820352, "log10_lambda": -0.6609054061627733, "log10_min_child_weight": 3.611590691652084, "log10_subsample": -0.10324120280852933, "max_depth": 8.0, "num_boost_round": 21.0}, "datetime": {"datetime": "2024-01-19 01:47:02", "elapsed": 5729.863266, "delta": 0.006416}}
{"target": -13.75843799274828, "params": {"gamma": 719.4849092356128, "log10_alpha": -1.5609803654343684, "log10_colsample_bytree": -0.22954549120338996, "log10_eta": -3.490351952820352, "log10_lambda": -0.6609054061627733, "log10_min_child_weight": 3.611590691652084, "log10_subsample": -0.10324120280852933, "max_depth": 8.0, "num_boost_round": 22.0}, "datetime": {"datetime": "2024-01-19 01:47:02", "elapsed": 5729.868757, "delta": 0.005491}}
{"target": -13.758438156967571, "params": {"gamma": 719.4849092356128, "log10_alpha": -1.5609803654343684, "log10_colsample_bytree": -0.22954549120338996, "log10_eta": -3.490351952820352, "log10_lambda": -0.6609054061627733, "log10_min_child_weight": 3.611590691652084, "log10_subsample": -0.10324120280852933, "max_depth": 8.0, "num_boost_round": 23.0}, "datetime": {"datetime": "2024-01-19 01:47:02", "elapsed": 5729.874307, "delta": 0.00555}}
{"target": -13.758435523241248, "params": {"gamma": 719.4849092356128, "log10_alpha": -1.5609803654343684, "log10_colsample_bytree": -0.22954549120338996, "log10_eta": -3.490351952820352, "log10_lambda": -0.6609054061627733, "log10_min_child_weight": 3.611590691652084, "log10_subsample": -0.10324120280852933, "max_depth": 8.0, "num_boost_round": 24.0}, "datetime": {"datetime": "2024-01-19 01:47:02", "elapsed": 5729.879895, "delta": 0.005588}}
{"target": -13.75843355095814, "params": {"gamma": 719.4849092356128, "log10_alpha": -1.5609803654343684, "log10_colsample_bytree": -0.22954549120338996, "log10_eta": -3.490351952820352, "log10_lambda": -0.6609054061627733, "log10_min_child_weight": 3.611590691652084, "log10_subsample": -0.10324120280852933, "max_depth": 8.0, "num_boost_round": 25.0}, "datetime": {"datetime": "2024-01-19 01:47:02", "elapsed": 5729.885786, "delta": 0.005891}}
{"target": -13.75843327923895, "params": {"gamma": 719.4849092356128, "log10_alpha": -1.5609803654343684, "log10_colsample_bytree": -0.22954549120338996, "log10_eta": -3.490351952820352, "log10_lambda": -0.6609054061627733, "log10_min_child_weight": 3.611590691652084, "log10_subsample": -0.10324120280852933, "max_depth": 8.0, "num_boost_round": 26.0}, "datetime": {"datetime": "2024-01-19 01:47:02", "elapsed": 5729.891377, "delta": 0.005591}}
{"target": -13.758426594269393, "params": {"gamma": 719.4849092356128, "log10_alpha": -1.5609803654343684, "log10_colsample_bytree": -0.22954549120338996, "log10_eta": -3.490351952820352, "log10_lambda": -0.6609054061627733, "log10_min_child_weight": 3.611590691652084, "log10_subsample": -0.10324120280852933, "max_depth": 8.0, "num_boost_round": 27.0}, "datetime": {"datetime": "2024-01-19 01:47:02", "elapsed": 5729.896863, "delta": 0.005486}}
{"target": -13.7584209889684, "params": {"gamma": 719.4849092356128, "log10_alpha": -1.5609803654343684, "log10_colsample_bytree": -0.22954549120338996, "log10_eta": -3.490351952820352, "log10_lambda": -0.6609054061627733, "log10_min_child_weight": 3.611590691652084, "log10_subsample": -0.10324120280852933, "max_depth": 8.0, "num_boost_round": 28.0}, "datetime": {"datetime": "2024-01-19 01:47:02", "elapsed": 5729.902573, "delta": 0.00571}}
{"target": -13.758415237495647, "params": {"gamma": 719.4849092356128, "log10_alpha": -1.5609803654343684, "log10_colsample_bytree": -0.22954549120338996, "log10_eta": -3.490351952820352, "log10_lambda": -0.6609054061627733, "log10_min_child_weight": 3.611590691652084, "log10_subsample": -0.10324120280852933, "max_depth": 8.0, "num_boost_round": 29.0}, "datetime": {"datetime": "2024-01-19 01:47:02", "elapsed": 5729.90836, "delta": 0.005787}}
{"target": -13.75841271962941, "params": {"gamma": 719.4849092356128, "log10_alpha": -1.5609803654343684, "log10_colsample_bytree": -0.22954549120338996, "log10_eta": -3.490351952820352, "log10_lambda": -0.6609054061627733, "log10_min_child_weight": 3.611590691652084, "log10_subsample": -0.10324120280852933, "max_depth": 8.0, "num_boost_round": 30.0}, "datetime": {"datetime": "2024-01-19 01:47:02", "elapsed": 5729.915092, "delta": 0.006732}}
{"target": -13.758407792206677, "params": {"gamma": 719.4849092356128, "log10_alpha": -1.5609803654343684, "log10_colsample_bytree": -0.22954549120338996, "log10_eta": -3.490351952820352, "log10_lambda": -0.6609054061627733, "log10_min_child_weight": 3.611590691652084, "log10_subsample": -0.10324120280852933, "max_depth": 8.0, "num_boost_round": 31.0}, "datetime": {"datetime": "2024-01-19 01:47:02", "elapsed": 5729.920924, "delta": 0.005832}}
{"target": -13.758411884236747, "params": {"gamma": 719.4849092356128, "log10_alpha": -1.5609803654343684, "log10_colsample_bytree": -0.22954549120338996, "log10_eta": -3.490351952820352, "log10_lambda": -0.6609054061627733, "log10_min_child_weight": 3.611590691652084, "log10_subsample": -0.10324120280852933, "max_depth": 8.0, "num_boost_round": 32.0}, "datetime": {"datetime": "2024-01-19 01:47:02", "elapsed": 5729.926408, "delta": 0.005484}}
{"target": -13.75841563775684, "params": {"gamma": 719.4849092356128, "log10_alpha": -1.5609803654343684, "log10_colsample_bytree": -0.22954549120338996, "log10_eta": -3.490351952820352, "log10_lambda": -0.6609054061627733, "log10_min_child_weight": 3.611590691652084, "log10_subsample": -0.10324120280852933, "max_depth": 8.0, "num_boost_round": 33.0}, "datetime": {"datetime": "2024-01-19 01:47:02", "elapsed": 5729.931807, "delta": 0.005399}}
{"target": -13.758415075153044, "params": {"gamma": 719.4849092356128, "log10_alpha": -1.5609803654343684, "log10_colsample_bytree": -0.22954549120338996, "log10_eta": -3.490351952820352, "log10_lambda": -0.6609054061627733, "log10_min_child_weight": 3.611590691652084, "log10_subsample": -0.10324120280852933, "max_depth": 8.0, "num_boost_round": 34.0}, "datetime": {"datetime": "2024-01-19 01:47:02", "elapsed": 5729.937354, "delta": 0.005547}}
{"target": -13.758419675152206, "params": {"gamma": 719.4849092356128, "log10_alpha": -1.5609803654343684, "log10_colsample_bytree": -0.22954549120338996, "log10_eta": -3.490351952820352, "log10_lambda": -0.6609054061627733, "log10_min_child_weight": 3.611590691652084, "log10_subsample": -0.10324120280852933, "max_depth": 8.0, "num_boost_round": 35.0}, "datetime": {"datetime": "2024-01-19 01:47:02", "elapsed": 5729.943, "delta": 0.005646}}
{"target": -13.758423189153143, "params": {"gamma": 719.4849092356128, "log10_alpha": -1.5609803654343684, "log10_colsample_bytree": -0.22954549120338996, "log10_eta": -3.490351952820352, "log10_lambda": -0.6609054061627733, "log10_min_child_weight": 3.611590691652084, "log10_subsample": -0.10324120280852933, "max_depth": 8.0, "num_boost_round": 36.0}, "datetime": {"datetime": "2024-01-19 01:47:02", "elapsed": 5729.94871, "delta": 0.00571}}
{"target": -13.758420596481582, "params": {"gamma": 719.4849092356128, "log10_alpha": -1.5609803654343684, "log10_colsample_bytree": -0.22954549120338996, "log10_eta": -3.490351952820352, "log10_lambda": -0.6609054061627733, "log10_min_child_weight": 3.611590691652084, "log10_subsample": -0.10324120280852933, "max_depth": 8.0, "num_boost_round": 37.0}, "datetime": {"datetime": "2024-01-19 01:47:02", "elapsed": 5729.954407, "delta": 0.005697}}
{"target": -13.758418598963337, "params": {"gamma": 719.4849092356128, "log10_alpha": -1.5609803654343684, "log10_colsample_bytree": -0.22954549120338996, "log10_eta": -3.490351952820352, "log10_lambda": -0.6609054061627733, "log10_min_child_weight": 3.611590691652084, "log10_subsample": -0.10324120280852933, "max_depth": 8.0, "num_boost_round": 38.0}, "datetime": {"datetime": "2024-01-19 01:47:02", "elapsed": 5729.960027, "delta": 0.00562}}
{"target": -13.75840624985777, "params": {"gamma": 719.4849092356128, "log10_alpha": -1.5609803654343684, "log10_colsample_bytree": -0.22954549120338996, "log10_eta": -3.490351952820352, "log10_lambda": -0.6609054061627733, "log10_min_child_weight": 3.611590691652084, "log10_subsample": -0.10324120280852933, "max_depth": 8.0, "num_boost_round": 39.0}, "datetime": {"datetime": "2024-01-19 01:47:02", "elapsed": 5729.966198, "delta": 0.006171}}
{"target": -13.758402729499279, "params": {"gamma": 719.4849092356128, "log10_alpha": -1.5609803654343684, "log10_colsample_bytree": -0.22954549120338996, "log10_eta": -3.490351952820352, "log10_lambda": -0.6609054061627733, "log10_min_child_weight": 3.611590691652084, "log10_subsample": -0.10324120280852933, "max_depth": 8.0, "num_boost_round": 40.0}, "datetime": {"datetime": "2024-01-19 01:47:02", "elapsed": 5729.972188, "delta": 0.00599}}
{"target": -13.758393039847942, "params": {"gamma": 719.4849092356128, "log10_alpha": -1.5609803654343684, "log10_colsample_bytree": -0.22954549120338996, "log10_eta": -3.490351952820352, "log10_lambda": -0.6609054061627733, "log10_min_child_weight": 3.611590691652084, "log10_subsample": -0.10324120280852933, "max_depth": 8.0, "num_boost_round": 41.0}, "datetime": {"datetime": "2024-01-19 01:47:02", "elapsed": 5729.97825, "delta": 0.006062}}
{"target": -13.758385483662575, "params": {"gamma": 719.4849092356128, "log10_alpha": -1.5609803654343684, "log10_colsample_bytree": -0.22954549120338996, "log10_eta": -3.490351952820352, "log10_lambda": -0.6609054061627733, "log10_min_child_weight": 3.611590691652084, "log10_subsample": -0.10324120280852933, "max_depth": 8.0, "num_boost_round": 42.0}, "datetime": {"datetime": "2024-01-19 01:47:02", "elapsed": 5729.983932, "delta": 0.005682}}
{"target": -13.758387458535458, "params": {"gamma": 719.4849092356128, "log10_alpha": -1.5609803654343684, "log10_colsample_bytree": -0.22954549120338996, "log10_eta": -3.490351952820352, "log10_lambda": -0.6609054061627733, "log10_min_child_weight": 3.611590691652084, "log10_subsample": -0.10324120280852933, "max_depth": 8.0, "num_boost_round": 43.0}, "datetime": {"datetime": "2024-01-19 01:47:02", "elapsed": 5729.989782, "delta": 0.00585}}
{"target": -13.758389804749031, "params": {"gamma": 719.4849092356128, "log10_alpha": -1.5609803654343684, "log10_colsample_bytree": -0.22954549120338996, "log10_eta": -3.490351952820352, "log10_lambda": -0.6609054061627733, "log10_min_child_weight": 3.611590691652084, "log10_subsample": -0.10324120280852933, "max_depth": 8.0, "num_boost_round": 44.0}, "datetime": {"datetime": "2024-01-19 01:47:02", "elapsed": 5729.99512, "delta": 0.005338}}
