{"target": -13.758625983210276, "params": {"gamma": 35.44738436928074, "log10_alpha": -3.638458693847646, "log10_colsample_bytree": -0.5111424604415942, "log10_eta": -1.5089749578592788, "log10_lambda": -4.873029996121204, "log10_min_child_weight": 4.081769779386782, "log10_subsample": -0.2162381177978847, "max_depth": 7.0, "num_boost_round": 7.0}, "datetime": {"datetime": "2024-01-19 00:32:56", "elapsed": 1284.543243, "delta": 0.001538}}
{"target": -13.758508115479492, "params": {"gamma": 35.44738436928074, "log10_alpha": -3.638458693847646, "log10_colsample_bytree": -0.5111424604415942, "log10_eta": -1.5089749578592788, "log10_lambda": -4.873029996121204, "log10_min_child_weight": 4.081769779386782, "log10_subsample": -0.2162381177978847, "max_depth": 7.0, "num_boost_round": 8.0}, "datetime": {"datetime": "2024-01-19 00:32:56", "elapsed": 1284.544804, "delta": 0.001561}}
{"target": -13.758109790660644, "params": {"gamma": 35.44738436928074, "log10_alpha": -3.638458693847646, "log10_colsample_bytree": -0.5111424604415942, "log10_eta": -1.5089749578592788, "log10_lambda": -4.873029996121204, "log10_min_child_weight": 4.081769779386782, "log10_subsample": -0.2162381177978847, "max_depth": 7.0, "num_boost_round": 9.0}, "datetime": {"datetime": "2024-01-19 00:32:56", "elapsed": 1284.546338, "delta": 0.001534}}
{"target": -13.757564987642956, "params": {"gamma": 35.44738436928074, "log10_alpha": -3.638458693847646, "log10_colsample_bytree": -0.5111424604415942, "log10_eta": -1.5089749578592788, "log10_lambda": -4.873029996121204, "log10_min_child_weight": 4.081769779386782, "log10_subsample": -0.2162381177978847, "max_depth": 7.0, "num_boost_round": 10.0}, "datetime": {"datetime": "2024-01-19 00:32:56", "elapsed": 1284.547886, "delta": 0.001548}}
{"target": -13.75714249905477, "params": {"gamma": 35.44738436928074, "log10_alpha": -3.638458693847646, "log10_colsample_bytree": -0.5111424604415942, "log10_eta": -1.5089749578592788, "log10_lambda": -4.873029996121204, "log10_min_child_weight": 4.081769779386782, "log10_subsample": -0.2162381177978847, "max_depth": 7.0, "num_boost_round": 11.0}, "datetime": {"datetime": "2024-01-19 00:32:56", "elapsed": 1284.549526, "delta": 0.00164}}
{"target": -13.75720778061704, "params": {"gamma": 35.44738436928074, "log10_alpha": -3.638458693847646, "log10_colsample_bytree": -0.5111424604415942, "log10_eta": -1.5089749578592788, "log10_lambda": -4.873029996121204, "log10_min_child_weight": 4.081769779386782, "log10_subsample": -0.2162381177978847, "max_depth": 7.0, "num_boost_round": 12.0}, "datetime": {"datetime": "2024-01-19 00:32:56", "elapsed": 1284.551064, "delta": 0.001538}}
{"target": -13.758071423411023, "params": {"gamma": 35.44738436928074, "log10_alpha": -3.638458693847646, "log10_colsample_bytree": -0.5111424604415942, "log10_eta": -1.5089749578592788, "log10_lambda": -4.873029996121204, "log10_min_child_weight": 4.081769779386782, "log10_subsample": -0.2162381177978847, "max_depth": 7.0, "num_boost_round": 13.0}, "datetime": {"datetime": "2024-01-19 00:32:56", "elapsed": 1284.552591, "delta": 0.001527}}
{"target": -13.75788304004011, "params": {"gamma": 35.44738436928074, "log10_alpha": -3.638458693847646, "log10_colsample_bytree": -0.5111424604415942, "log10_eta": -1.5089749578592788, "log10_lambda": -4.873029996121204, "log10_min_child_weight": 4.081769779386782, "log10_subsample": -0.2162381177978847, "max_depth": 7.0, "num_boost_round": 14.0}, "datetime": {"datetime": "2024-01-19 00:32:56", "elapsed": 1284.554137, "delta": 0.001546}}
{"target": -13.757645056754175, "params": {"gamma": 35.44738436928074, "log10_alpha": -3.638458693847646, "log10_colsample_bytree": -0.5111424604415942, "log10_eta": -1.5089749578592788, "log10_lambda": -4.873029996121204, "log10_min_child_weight": 4.081769779386782, "log10_subsample": -0.2162381177978847, "max_depth": 7.0, "num_boost_round": 15.0}, "datetime": {"datetime": "2024-01-19 00:32:56", "elapsed": 1284.555716, "delta": 0.001579}}
{"target": -13.757661185347962, "params": {"gamma": 35.44738436928074, "log10_alpha": -3.638458693847646, "log10_colsample_bytree": -0.5111424604415942, "log10_eta": -1.5089749578592788, "log10_lambda": -4.873029996121204, "log10_min_child_weight": 4.081769779386782, "log10_subsample": -0.2162381177978847, "max_depth": 7.0, "num_boost_round": 16.0}, "datetime": {"datetime": "2024-01-19 00:32:56", "elapsed": 1284.55725, "delta": 0.001534}}
{"target": -13.758488216878607, "params": {"gamma": 35.33404068846091, "log10_alpha": 0.04872395327065604, "log10_colsample_bytree": -0.839907644167235, "log10_eta": -2.6417277763741644, "log10_lambda": -0.3308024067943567, "log10_min_child_weight": 0.7941520658246326, "log10_subsample": -0.9707121852005363, "max_depth": 2.0, "num_boost_round": 0.0}, "datetime": {"datetime": "2024-01-19 00:33:16", "elapsed": 1305.087998, "delta": 20.530748}}
{"target": -13.758444041772131, "params": {"gamma": 35.33404068846091, "log10_alpha": 0.04872395327065604, "log10_colsample_bytree": -0.839907644167235, "log10_eta": -2.6417277763741644, "log10_lambda": -0.3308024067943567, "log10_min_child_weight": 0.7941520658246326, "log10_subsample": -0.9707121852005363, "max_depth": 2.0, "num_boost_round": 1.0}, "datetime": {"datetime": "2024-01-19 00:33:16", "elapsed": 1305.090023, "delta": 0.002025}}
{"target": -13.758365460778657, "params": {"gamma": 35.33404068846091, "log10_alpha": 0.04872395327065604, "log10_colsample_bytree": -0.839907644167235, "log10_eta": -2.6417277763741644, "log10_lambda": -0.3308024067943567, "log10_min_child_weight": 0.7941520658246326, "log10_subsample": -0.9707121852005363, "max_depth": 2.0, "num_boost_round": 2.0}, "datetime": {"datetime": "2024-01-19 00:33:16", "elapsed": 1305.091719, "delta": 0.001696}}
{"target": -13.758355329844324, "params": {"gamma": 35.33404068846091, "log10_alpha": 0.04872395327065604, "log10_colsample_bytree": -0.839907644167235, "log10_eta": -2.6417277763741644, "log10_lambda": -0.3308024067943567, "log10_min_child_weight": 0.7941520658246326, "log10_subsample": -0.9707121852005363, "max_depth": 2.0, "num_boost_round": 3.0}, "datetime": {"datetime": "2024-01-19 00:33:16", "elapsed": 1305.093792, "delta": 0.002073}}
{"target": -13.758341065944629, "params": {"gamma": 35.33404068846091, "log10_alpha": 0.04872395327065604, "log10_colsample_bytree": -0.839907644167235, "log10_eta": -2.6417277763741644, "log10_lambda": -0.3308024067943567, "log10_min_child_weight": 0.7941520658246326, "log10_subsample": -0.9707121852005363, "max_depth": 2.0, "num_boost_round": 4.0}, "datetime": {"datetime": "2024-01-19 00:33:16", "elapsed": 1305.095373, "delta": 0.001581}}
{"target": -13.75832597896865, "params": {"gamma": 35.33404068846091, "log10_alpha": 0.04872395327065604, "log10_colsample_bytree": -0.839907644167235, "log10_eta": -2.6417277763741644, "log10_lambda": -0.3308024067943567, "log10_min_child_weight": 0.7941520658246326, "log10_subsample": -0.9707121852005363, "max_depth": 2.0, "num_boost_round": 5.0}, "datetime": {"datetime": "2024-01-19 00:33:16", "elapsed": 1305.096941, "delta": 0.001568}}
{"target": -13.75831877145646, "params": {"gamma": 35.33404068846091, "log10_alpha": 0.04872395327065604, "log10_colsample_bytree": -0.839907644167235, "log10_eta": -2.6417277763741644, "log10_lambda": -0.3308024067943567, "log10_min_child_weight": 0.7941520658246326, "log10_subsample": -0.9707121852005363, "max_depth": 2.0, "num_boost_round": 6.0}, "datetime": {"datetime": "2024-01-19 00:33:16", "elapsed": 1305.098494, "delta": 0.001553}}
{"target": -13.758317954994695, "params": {"gamma": 35.33404068846091, "log10_alpha": 0.04872395327065604, "log10_colsample_bytree": -0.839907644167235, "log10_eta": -2.6417277763741644, "log10_lambda": -0.3308024067943567, "log10_min_child_weight": 0.7941520658246326, "log10_subsample": -0.9707121852005363, "max_depth": 2.0, "num_boost_round": 7.0}, "datetime": {"datetime": "2024-01-19 00:33:16", "elapsed": 1305.100035, "delta": 0.001541}}
{"target": -13.758320106987254, "params": {"gamma": 35.33404068846091, "log10_alpha": 0.04872395327065604, "log10_colsample_bytree": -0.839907644167235, "log10_eta": -2.6417277763741644, "log10_lambda": -0.3308024067943567, "log10_min_child_weight": 0.7941520658246326, "log10_subsample": -0.9707121852005363, "max_depth": 2.0, "num_boost_round": 8.0}, "datetime": {"datetime": "2024-01-19 00:33:16", "elapsed": 1305.101563, "delta": 0.001528}}
{"target": -13.758297625622815, "params": {"gamma": 35.33404068846091, "log10_alpha": 0.04872395327065604, "log10_colsample_bytree": -0.839907644167235, "log10_eta": -2.6417277763741644, "log10_lambda": -0.3308024067943567, "log10_min_child_weight": 0.7941520658246326, "log10_subsample": -0.9707121852005363, "max_depth": 2.0, "num_boost_round": 9.0}, "datetime": {"datetime": "2024-01-19 00:33:16", "elapsed": 1305.103096, "delta": 0.001533}}
{"target": -13.758261269156971, "params": {"gamma": 35.33404068846091, "log10_alpha": 0.04872395327065604, "log10_colsample_bytree": -0.839907644167235, "log10_eta": -2.6417277763741644, "log10_lambda": -0.3308024067943567, "log10_min_child_weight": 0.7941520658246326, "log10_subsample": -0.9707121852005363, "max_depth": 2.0, "num_boost_round": 10.0}, "datetime": {"datetime": "2024-01-19 00:33:16", "elapsed": 1305.104642, "delta": 0.001546}}
{"target": -13.758239831211988, "params": {"gamma": 35.33404068846091, "log10_alpha": 0.04872395327065604, "log10_colsample_bytree": -0.839907644167235, "log10_eta": -2.6417277763741644, "log10_lambda": -0.3308024067943567, "log10_min_child_weight": 0.7941520658246326, "log10_subsample": -0.9707121852005363, "max_depth": 2.0, "num_boost_round": 11.0}, "datetime": {"datetime": "2024-01-19 00:33:16", "elapsed": 1305.106162, "delta": 0.00152}}
{"target": -13.757628401186714, "params": {"gamma": 31.611994064908778, "log10_alpha": -4.260661102505773, "log10_colsample_bytree": -0.5037239837134498, "log10_eta": -1.6032317300945698, "log10_lambda": -0.01160605629079825, "log10_min_child_weight": 2.3810474118956364, "log10_subsample": -0.1993652713094447, "max_depth": 5.0, "num_boost_round": 0.0}, "datetime": {"datetime": "2024-01-19 00:33:39", "elapsed": 1327.588517, "delta": 22.482355}}
{"target": -13.756818955257325, "params": {"gamma": 31.611994064908778, "log10_alpha": -4.260661102505773, "log10_colsample_bytree": -0.5037239837134498, "log10_eta": -1.6032317300945698, "log10_lambda": -0.01160605629079825, "log10_min_child_weight": 2.3810474118956364, "log10_subsample": -0.1993652713094447, "max_depth": 5.0, "num_boost_round": 1.0}, "datetime": {"datetime": "2024-01-19 00:33:39", "elapsed": 1327.590766, "delta": 0.002249}}
{"target": -13.756381304033924, "params": {"gamma": 31.611994064908778, "log10_alpha": -4.260661102505773, "log10_colsample_bytree": -0.5037239837134498, "log10_eta": -1.6032317300945698, "log10_lambda": -0.01160605629079825, "log10_min_child_weight": 2.3810474118956364, "log10_subsample": -0.1993652713094447, "max_depth": 5.0, "num_boost_round": 2.0}, "datetime": {"datetime": "2024-01-19 00:33:39", "elapsed": 1327.592484, "delta": 0.001718}}
{"target": -13.756227735189869, "params": {"gamma": 31.611994064908778, "log10_alpha": -4.260661102505773, "log10_colsample_bytree": -0.5037239837134498, "log10_eta": -1.6032317300945698, "log10_lambda": -0.01160605629079825, "log10_min_child_weight": 2.3810474118956364, "log10_subsample": -0.1993652713094447, "max_depth": 5.0, "num_boost_round": 3.0}, "datetime": {"datetime": "2024-01-19 00:33:39", "elapsed": 1327.594305, "delta": 0.001821}}
{"target": -13.756295656440859, "params": {"gamma": 31.611994064908778, "log10_alpha": -4.260661102505773, "log10_colsample_bytree": -0.5037239837134498, "log10_eta": -1.6032317300945698, "log10_lambda": -0.01160605629079825, "log10_min_child_weight": 2.3810474118956364, "log10_subsample": -0.1993652713094447, "max_depth": 5.0, "num_boost_round": 4.0}, "datetime": {"datetime": "2024-01-19 00:33:39", "elapsed": 1327.596256, "delta": 0.001951}}
{"target": -13.755952032240883, "params": {"gamma": 31.611994064908778, "log10_alpha": -4.260661102505773, "log10_colsample_bytree": -0.5037239837134498, "log10_eta": -1.6032317300945698, "log10_lambda": -0.01160605629079825, "log10_min_child_weight": 2.3810474118956364, "log10_subsample": -0.1993652713094447, "max_depth": 5.0, "num_boost_round": 5.0}, "datetime": {"datetime": "2024-01-19 00:33:39", "elapsed": 1327.597854, "delta": 0.001598}}
{"target": -13.755791205378515, "params": {"gamma": 31.611994064908778, "log10_alpha": -4.260661102505773, "log10_colsample_bytree": -0.5037239837134498, "log10_eta": -1.6032317300945698, "log10_lambda": -0.01160605629079825, "log10_min_child_weight": 2.3810474118956364, "log10_subsample": -0.1993652713094447, "max_depth": 5.0, "num_boost_round": 6.0}, "datetime": {"datetime": "2024-01-19 00:33:39", "elapsed": 1327.59939, "delta": 0.001536}}
{"target": -13.755637839171007, "params": {"gamma": 31.611994064908778, "log10_alpha": -4.260661102505773, "log10_colsample_bytree": -0.5037239837134498, "log10_eta": -1.6032317300945698, "log10_lambda": -0.01160605629079825, "log10_min_child_weight": 2.3810474118956364, "log10_subsample": -0.1993652713094447, "max_depth": 5.0, "num_boost_round": 7.0}, "datetime": {"datetime": "2024-01-19 00:33:39", "elapsed": 1327.600925, "delta": 0.001535}}
{"target": -13.75604067428538, "params": {"gamma": 31.611994064908778, "log10_alpha": -4.260661102505773, "log10_colsample_bytree": -0.5037239837134498, "log10_eta": -1.6032317300945698, "log10_lambda": -0.01160605629079825, "log10_min_child_weight": 2.3810474118956364, "log10_subsample": -0.1993652713094447, "max_depth": 5.0, "num_boost_round": 8.0}, "datetime": {"datetime": "2024-01-19 00:33:39", "elapsed": 1327.602453, "delta": 0.001528}}
{"target": -13.755702304711015, "params": {"gamma": 31.611994064908778, "log10_alpha": -4.260661102505773, "log10_colsample_bytree": -0.5037239837134498, "log10_eta": -1.6032317300945698, "log10_lambda": -0.01160605629079825, "log10_min_child_weight": 2.3810474118956364, "log10_subsample": -0.1993652713094447, "max_depth": 5.0, "num_boost_round": 9.0}, "datetime": {"datetime": "2024-01-19 00:33:39", "elapsed": 1327.604009, "delta": 0.001556}}
{"target": -13.756155727994132, "params": {"gamma": 31.611994064908778, "log10_alpha": -4.260661102505773, "log10_colsample_bytree": -0.5037239837134498, "log10_eta": -1.6032317300945698, "log10_lambda": -0.01160605629079825, "log10_min_child_weight": 2.3810474118956364, "log10_subsample": -0.1993652713094447, "max_depth": 5.0, "num_boost_round": 10.0}, "datetime": {"datetime": "2024-01-19 00:33:39", "elapsed": 1327.605559, "delta": 0.00155}}
{"target": -13.75599880237742, "params": {"gamma": 31.611994064908778, "log10_alpha": -4.260661102505773, "log10_colsample_bytree": -0.5037239837134498, "log10_eta": -1.6032317300945698, "log10_lambda": -0.01160605629079825, "log10_min_child_weight": 2.3810474118956364, "log10_subsample": -0.1993652713094447, "max_depth": 5.0, "num_boost_round": 11.0}, "datetime": {"datetime": "2024-01-19 00:33:39", "elapsed": 1327.607092, "delta": 0.001533}}
{"target": -13.757423794491435, "params": {"gamma": 31.611994064908778, "log10_alpha": -4.260661102505773, "log10_colsample_bytree": -0.5037239837134498, "log10_eta": -1.6032317300945698, "log10_lambda": -0.01160605629079825, "log10_min_child_weight": 2.3810474118956364, "log10_subsample": -0.1993652713094447, "max_depth": 5.0, "num_boost_round": 12.0}, "datetime": {"datetime": "2024-01-19 00:33:39", "elapsed": 1327.608635, "delta": 0.001543}}
{"target": -13.759280014158655, "params": {"gamma": 31.611994064908778, "log10_alpha": -4.260661102505773, "log10_colsample_bytree": -0.5037239837134498, "log10_eta": -1.6032317300945698, "log10_lambda": -0.01160605629079825, "log10_min_child_weight": 2.3810474118956364, "log10_subsample": -0.1993652713094447, "max_depth": 5.0, "num_boost_round": 13.0}, "datetime": {"datetime": "2024-01-19 00:33:39", "elapsed": 1327.610284, "delta": 0.001649}}
{"target": -13.75962489707446, "params": {"gamma": 31.611994064908778, "log10_alpha": -4.260661102505773, "log10_colsample_bytree": -0.5037239837134498, "log10_eta": -1.6032317300945698, "log10_lambda": -0.01160605629079825, "log10_min_child_weight": 2.3810474118956364, "log10_subsample": -0.1993652713094447, "max_depth": 5.0, "num_boost_round": 14.0}, "datetime": {"datetime": "2024-01-19 00:33:39", "elapsed": 1327.611816, "delta": 0.001532}}
{"target": -13.75951686436945, "params": {"gamma": 31.611994064908778, "log10_alpha": -4.260661102505773, "log10_colsample_bytree": -0.5037239837134498, "log10_eta": -1.6032317300945698, "log10_lambda": -0.01160605629079825, "log10_min_child_weight": 2.3810474118956364, "log10_subsample": -0.1993652713094447, "max_depth": 5.0, "num_boost_round": 15.0}, "datetime": {"datetime": "2024-01-19 00:33:39", "elapsed": 1327.613361, "delta": 0.001545}}
{"target": -13.759747536473157, "params": {"gamma": 31.611994064908778, "log10_alpha": -4.260661102505773, "log10_colsample_bytree": -0.5037239837134498, "log10_eta": -1.6032317300945698, "log10_lambda": -0.01160605629079825, "log10_min_child_weight": 2.3810474118956364, "log10_subsample": -0.1993652713094447, "max_depth": 5.0, "num_boost_round": 16.0}, "datetime": {"datetime": "2024-01-19 00:33:39", "elapsed": 1327.614917, "delta": 0.001556}}
{"target": -13.760678697075104, "params": {"gamma": 31.611994064908778, "log10_alpha": -4.260661102505773, "log10_colsample_bytree": -0.5037239837134498, "log10_eta": -1.6032317300945698, "log10_lambda": -0.01160605629079825, "log10_min_child_weight": 2.3810474118956364, "log10_subsample": -0.1993652713094447, "max_depth": 5.0, "num_boost_round": 17.0}, "datetime": {"datetime": "2024-01-19 00:33:39", "elapsed": 1327.616505, "delta": 0.001588}}
{"target": -13.761161134418808, "params": {"gamma": 31.611994064908778, "log10_alpha": -4.260661102505773, "log10_colsample_bytree": -0.5037239837134498, "log10_eta": -1.6032317300945698, "log10_lambda": -0.01160605629079825, "log10_min_child_weight": 2.3810474118956364, "log10_subsample": -0.1993652713094447, "max_depth": 5.0, "num_boost_round": 18.0}, "datetime": {"datetime": "2024-01-19 00:33:39", "elapsed": 1327.618051, "delta": 0.001546}}
{"target": -13.7585367165863, "params": {"gamma": 8.593947105408283, "log10_alpha": 0.9061924509196952, "log10_colsample_bytree": -0.36024153219830235, "log10_eta": -3.771573595404683, "log10_lambda": -3.755268334114562, "log10_min_child_weight": 3.8032718114782167, "log10_subsample": -0.29749176219760876, "max_depth": 3.0, "num_boost_round": 0.0}, "datetime": {"datetime": "2024-01-19 00:34:03", "elapsed": 1352.076127, "delta": 24.458076}}
{"target": -13.758533708528104, "params": {"gamma": 8.593947105408283, "log10_alpha": 0.9061924509196952, "log10_colsample_bytree": -0.36024153219830235, "log10_eta": -3.771573595404683, "log10_lambda": -3.755268334114562, "log10_min_child_weight": 3.8032718114782167, "log10_subsample": -0.29749176219760876, "max_depth": 3.0, "num_boost_round": 1.0}, "datetime": {"datetime": "2024-01-19 00:34:03", "elapsed": 1352.078254, "delta": 0.002127}}
{"target": -13.758532534681521, "params": {"gamma": 8.593947105408283, "log10_alpha": 0.9061924509196952, "log10_colsample_bytree": -0.36024153219830235, "log10_eta": -3.771573595404683, "log10_lambda": -3.755268334114562, "log10_min_child_weight": 3.8032718114782167, "log10_subsample": -0.29749176219760876, "max_depth": 3.0, "num_boost_round": 2.0}, "datetime": {"datetime": "2024-01-19 00:34:03", "elapsed": 1352.080413, "delta": 0.002159}}
{"target": -13.75853232086845, "params": {"gamma": 8.593947105408283, "log10_alpha": 0.9061924509196952, "log10_colsample_bytree": -0.36024153219830235, "log10_eta": -3.771573595404683, "log10_lambda": -3.755268334114562, "log10_min_child_weight": 3.8032718114782167, "log10_subsample": -0.29749176219760876, "max_depth": 3.0, "num_boost_round": 3.0}, "datetime": {"datetime": "2024-01-19 00:34:03", "elapsed": 1352.082117, "delta": 0.001704}}
{"target": -13.75853133201371, "params": {"gamma": 8.593947105408283, "log10_alpha": 0.9061924509196952, "log10_colsample_bytree": -0.36024153219830235, "log10_eta": -3.771573595404683, "log10_lambda": -3.755268334114562, "log10_min_child_weight": 3.8032718114782167, "log10_subsample": -0.29749176219760876, "max_depth": 3.0, "num_boost_round": 4.0}, "datetime": {"datetime": "2024-01-19 00:34:03", "elapsed": 1352.083695, "delta": 0.001578}}
{"target": -13.758528286894778, "params": {"gamma": 8.593947105408283, "log10_alpha": 0.9061924509196952, "log10_colsample_bytree": -0.36024153219830235, "log10_eta": -3.771573595404683, "log10_lambda": -3.755268334114562, "log10_min_child_weight": 3.8032718114782167, "log10_subsample": -0.29749176219760876, "max_depth": 3.0, "num_boost_round": 5.0}, "datetime": {"datetime": "2024-01-19 00:34:03", "elapsed": 1352.085258, "delta": 0.001563}}
{"target": -13.758525736894434, "params": {"gamma": 8.593947105408283, "log10_alpha": 0.9061924509196952, "log10_colsample_bytree": -0.36024153219830235, "log10_eta": -3.771573595404683, "log10_lambda": -3.755268334114562, "log10_min_child_weight": 3.8032718114782167, "log10_subsample": -0.29749176219760876, "max_depth": 3.0, "num_boost_round": 6.0}, "datetime": {"datetime": "2024-01-19 00:34:03", "elapsed": 1352.086835, "delta": 0.001577}}
{"target": -13.758525035655952, "params": {"gamma": 8.593947105408283, "log10_alpha": 0.9061924509196952, "log10_colsample_bytree": -0.36024153219830235, "log10_eta": -3.771573595404683, "log10_lambda": -3.755268334114562, "log10_min_child_weight": 3.8032718114782167, "log10_subsample": -0.29749176219760876, "max_depth": 3.0, "num_boost_round": 7.0}, "datetime": {"datetime": "2024-01-19 00:34:03", "elapsed": 1352.088427, "delta": 0.001592}}
