{"target": -13.758438962029198, "params": {"gamma": 876.0879791249766, "log10_alpha": -3.1028800321663423, "log10_colsample_bytree": -0.8919280907373661, "log10_eta": -2.445434620911406, "log10_lambda": 0.38781129291953054, "log10_min_child_weight": 4.527060788657497, "log10_subsample": -0.3716659322779685, "max_depth": 9.0, "num_boost_round": 22.0}, "datetime": {"datetime": "2024-01-19 00:39:13", "elapsed": 1657.553152, "delta": 0.002565}}
{"target": -13.75842996059475, "params": {"gamma": 876.0879791249766, "log10_alpha": -3.1028800321663423, "log10_colsample_bytree": -0.8919280907373661, "log10_eta": -2.445434620911406, "log10_lambda": 0.38781129291953054, "log10_min_child_weight": 4.527060788657497, "log10_subsample": -0.3716659322779685, "max_depth": 9.0, "num_boost_round": 23.0}, "datetime": {"datetime": "2024-01-19 00:39:13", "elapsed": 1657.555648, "delta": 0.002496}}
{"target": -13.758445593301015, "params": {"gamma": 876.0879791249766, "log10_alpha": -3.1028800321663423, "log10_colsample_bytree": -0.8919280907373661, "log10_eta": -2.445434620911406, "log10_lambda": 0.38781129291953054, "log10_min_child_weight": 4.527060788657497, "log10_subsample": -0.3716659322779685, "max_depth": 9.0, "num_boost_round": 24.0}, "datetime": {"datetime": "2024-01-19 00:39:13", "elapsed": 1657.558121, "delta": 0.002473}}
{"target": -13.758447701753308, "params": {"gamma": 876.0879791249766, "log10_alpha": -3.1028800321663423, "log10_colsample_bytree": -0.8919280907373661, "log10_eta": -2.445434620911406, "log10_lambda": 0.38781129291953054, "log10_min_child_weight": 4.527060788657497, "log10_subsample": -0.3716659322779685, "max_depth": 9.0, "num_boost_round": 25.0}, "datetime": {"datetime": "2024-01-19 00:39:13", "elapsed": 1657.560578, "delta": 0.002457}}
{"target": -13.758435161650457, "params": {"gamma": 876.0879791249766, "log10_alpha": -3.1028800321663423, "log10_colsample_bytree": -0.8919280907373661, "log10_eta": -2.445434620911406, "log10_lambda": 0.38781129291953054, "log10_min_child_weight": 4.527060788657497, "log10_subsample": -0.3716659322779685, "max_depth": 9.0, "num_boost_round": 26.0}, "datetime": {"datetime": "2024-01-19 00:39:13", "elapsed": 1657.563081, "delta": 0.002503}}
{"target": -13.758423953860293, "params": {"gamma": 876.0879791249766, "log10_alpha": -3.1028800321663423, "log10_colsample_bytree": -0.8919280907373661, "log10_eta": -2.445434620911406, "log10_lambda": 0.38781129291953054, "log10_min_child_weight": 4.527060788657497, "log10_subsample": -0.3716659322779685, "max_depth": 9.0, "num_boost_round": 27.0}, "datetime": {"datetime": "2024-01-19 00:39:13", "elapsed": 1657.56555, "delta": 0.002469}}
{"target": -13.758385108892844, "params": {"gamma": 876.0879791249766, "log10_alpha": -3.1028800321663423, "log10_colsample_bytree": -0.8919280907373661, "log10_eta": -2.445434620911406, "log10_lambda": 0.38781129291953054, "log10_min_child_weight": 4.527060788657497, "log10_subsample": -0.3716659322779685, "max_depth": 9.0, "num_boost_round": 28.0}, "datetime": {"datetime": "2024-01-19 00:39:13", "elapsed": 1657.56802, "delta": 0.00247}}
{"target": -13.75835344067075, "params": {"gamma": 876.0879791249766, "log10_alpha": -3.1028800321663423, "log10_colsample_bytree": -0.8919280907373661, "log10_eta": -2.445434620911406, "log10_lambda": 0.38781129291953054, "log10_min_child_weight": 4.527060788657497, "log10_subsample": -0.3716659322779685, "max_depth": 9.0, "num_boost_round": 29.0}, "datetime": {"datetime": "2024-01-19 00:39:13", "elapsed": 1657.570507, "delta": 0.002487}}
{"target": -13.758341018439468, "params": {"gamma": 876.0879791249766, "log10_alpha": -3.1028800321663423, "log10_colsample_bytree": -0.8919280907373661, "log10_eta": -2.445434620911406, "log10_lambda": 0.38781129291953054, "log10_min_child_weight": 4.527060788657497, "log10_subsample": -0.3716659322779685, "max_depth": 9.0, "num_boost_round": 30.0}, "datetime": {"datetime": "2024-01-19 00:39:13", "elapsed": 1657.573091, "delta": 0.002584}}
{"target": -13.758370975190234, "params": {"gamma": 876.0879791249766, "log10_alpha": -3.1028800321663423, "log10_colsample_bytree": -0.8919280907373661, "log10_eta": -2.445434620911406, "log10_lambda": 0.38781129291953054, "log10_min_child_weight": 4.527060788657497, "log10_subsample": -0.3716659322779685, "max_depth": 9.0, "num_boost_round": 31.0}, "datetime": {"datetime": "2024-01-19 00:39:13", "elapsed": 1657.575596, "delta": 0.002505}}
{"target": -13.758353739078586, "params": {"gamma": 876.0879791249766, "log10_alpha": -3.1028800321663423, "log10_colsample_bytree": -0.8919280907373661, "log10_eta": -2.445434620911406, "log10_lambda": 0.38781129291953054, "log10_min_child_weight": 4.527060788657497, "log10_subsample": -0.3716659322779685, "max_depth": 9.0, "num_boost_round": 32.0}, "datetime": {"datetime": "2024-01-19 00:39:13", "elapsed": 1657.578079, "delta": 0.002483}}
{"target": -13.758356049933829, "params": {"gamma": 876.0879791249766, "log10_alpha": -3.1028800321663423, "log10_colsample_bytree": -0.8919280907373661, "log10_eta": -2.445434620911406, "log10_lambda": 0.38781129291953054, "log10_min_child_weight": 4.527060788657497, "log10_subsample": -0.3716659322779685, "max_depth": 9.0, "num_boost_round": 33.0}, "datetime": {"datetime": "2024-01-19 00:39:13", "elapsed": 1657.580559, "delta": 0.00248}}
{"target": -13.75836897734821, "params": {"gamma": 876.0879791249766, "log10_alpha": -3.1028800321663423, "log10_colsample_bytree": -0.8919280907373661, "log10_eta": -2.445434620911406, "log10_lambda": 0.38781129291953054, "log10_min_child_weight": 4.527060788657497, "log10_subsample": -0.3716659322779685, "max_depth": 9.0, "num_boost_round": 34.0}, "datetime": {"datetime": "2024-01-19 00:39:13", "elapsed": 1657.583051, "delta": 0.002492}}
{"target": -13.758544368749705, "params": {"gamma": 871.8628288644045, "log10_alpha": -4.523745836471747, "log10_colsample_bytree": -0.392695515721166, "log10_eta": -3.734670065018507, "log10_lambda": 0.44791592916894274, "log10_min_child_weight": 1.8515063521108739, "log10_subsample": -0.4503111137709559, "max_depth": 9.0, "num_boost_round": 0.0}, "datetime": {"datetime": "2024-01-19 00:39:50", "elapsed": 1694.669554, "delta": 37.086503}}
{"target": -13.75853978624386, "params": {"gamma": 871.8628288644045, "log10_alpha": -4.523745836471747, "log10_colsample_bytree": -0.392695515721166, "log10_eta": -3.734670065018507, "log10_lambda": 0.44791592916894274, "log10_min_child_weight": 1.8515063521108739, "log10_subsample": -0.4503111137709559, "max_depth": 9.0, "num_boost_round": 1.0}, "datetime": {"datetime": "2024-01-19 00:39:50", "elapsed": 1694.672249, "delta": 0.002695}}
{"target": -13.758535096456892, "params": {"gamma": 871.8628288644045, "log10_alpha": -4.523745836471747, "log10_colsample_bytree": -0.392695515721166, "log10_eta": -3.734670065018507, "log10_lambda": 0.44791592916894274, "log10_min_child_weight": 1.8515063521108739, "log10_subsample": -0.4503111137709559, "max_depth": 9.0, "num_boost_round": 2.0}, "datetime": {"datetime": "2024-01-19 00:39:50", "elapsed": 1694.675151, "delta": 0.002902}}
{"target": -13.758523105632383, "params": {"gamma": 871.8628288644045, "log10_alpha": -4.523745836471747, "log10_colsample_bytree": -0.392695515721166, "log10_eta": -3.734670065018507, "log10_lambda": 0.44791592916894274, "log10_min_child_weight": 1.8515063521108739, "log10_subsample": -0.4503111137709559, "max_depth": 9.0, "num_boost_round": 3.0}, "datetime": {"datetime": "2024-01-19 00:39:50", "elapsed": 1694.677876, "delta": 0.002725}}
{"target": -13.758514765321953, "params": {"gamma": 871.8628288644045, "log10_alpha": -4.523745836471747, "log10_colsample_bytree": -0.392695515721166, "log10_eta": -3.734670065018507, "log10_lambda": 0.44791592916894274, "log10_min_child_weight": 1.8515063521108739, "log10_subsample": -0.4503111137709559, "max_depth": 9.0, "num_boost_round": 4.0}, "datetime": {"datetime": "2024-01-19 00:39:50", "elapsed": 1694.680402, "delta": 0.002526}}
{"target": -13.75850129193367, "params": {"gamma": 871.8628288644045, "log10_alpha": -4.523745836471747, "log10_colsample_bytree": -0.392695515721166, "log10_eta": -3.734670065018507, "log10_lambda": 0.44791592916894274, "log10_min_child_weight": 1.8515063521108739, "log10_subsample": -0.4503111137709559, "max_depth": 9.0, "num_boost_round": 5.0}, "datetime": {"datetime": "2024-01-19 00:39:50", "elapsed": 1694.682948, "delta": 0.002546}}
{"target": -13.758504177033513, "params": {"gamma": 871.8628288644045, "log10_alpha": -4.523745836471747, "log10_colsample_bytree": -0.392695515721166, "log10_eta": -3.734670065018507, "log10_lambda": 0.44791592916894274, "log10_min_child_weight": 1.8515063521108739, "log10_subsample": -0.4503111137709559, "max_depth": 9.0, "num_boost_round": 6.0}, "datetime": {"datetime": "2024-01-19 00:39:50", "elapsed": 1694.685479, "delta": 0.002531}}
{"target": -13.758485670507422, "params": {"gamma": 871.8628288644045, "log10_alpha": -4.523745836471747, "log10_colsample_bytree": -0.392695515721166, "log10_eta": -3.734670065018507, "log10_lambda": 0.44791592916894274, "log10_min_child_weight": 1.8515063521108739, "log10_subsample": -0.4503111137709559, "max_depth": 9.0, "num_boost_round": 7.0}, "datetime": {"datetime": "2024-01-19 00:39:50", "elapsed": 1694.687977, "delta": 0.002498}}
{"target": -13.75847800238712, "params": {"gamma": 871.8628288644045, "log10_alpha": -4.523745836471747, "log10_colsample_bytree": -0.392695515721166, "log10_eta": -3.734670065018507, "log10_lambda": 0.44791592916894274, "log10_min_child_weight": 1.8515063521108739, "log10_subsample": -0.4503111137709559, "max_depth": 9.0, "num_boost_round": 8.0}, "datetime": {"datetime": "2024-01-19 00:39:50", "elapsed": 1694.690516, "delta": 0.002539}}
{"target": -13.758472417806118, "params": {"gamma": 871.8628288644045, "log10_alpha": -4.523745836471747, "log10_colsample_bytree": -0.392695515721166, "log10_eta": -3.734670065018507, "log10_lambda": 0.44791592916894274, "log10_min_child_weight": 1.8515063521108739, "log10_subsample": -0.4503111137709559, "max_depth": 9.0, "num_boost_round": 9.0}, "datetime": {"datetime": "2024-01-19 00:39:50", "elapsed": 1694.693911, "delta": 0.003395}}
{"target": -13.758467604391125, "params": {"gamma": 871.8628288644045, "log10_alpha": -4.523745836471747, "log10_colsample_bytree": -0.392695515721166, "log10_eta": -3.734670065018507, "log10_lambda": 0.44791592916894274, "log10_min_child_weight": 1.8515063521108739, "log10_subsample": -0.4503111137709559, "max_depth": 9.0, "num_boost_round": 10.0}, "datetime": {"datetime": "2024-01-19 00:39:50", "elapsed": 1694.696439, "delta": 0.002528}}
{"target": -13.758460610086644, "params": {"gamma": 871.8628288644045, "log10_alpha": -4.523745836471747, "log10_colsample_bytree": -0.392695515721166, "log10_eta": -3.734670065018507, "log10_lambda": 0.44791592916894274, "log10_min_child_weight": 1.8515063521108739, "log10_subsample": -0.4503111137709559, "max_depth": 9.0, "num_boost_round": 11.0}, "datetime": {"datetime": "2024-01-19 00:39:50", "elapsed": 1694.699015, "delta": 0.002576}}
{"target": -13.758455304397652, "params": {"gamma": 871.8628288644045, "log10_alpha": -4.523745836471747, "log10_colsample_bytree": -0.392695515721166, "log10_eta": -3.734670065018507, "log10_lambda": 0.44791592916894274, "log10_min_child_weight": 1.8515063521108739, "log10_subsample": -0.4503111137709559, "max_depth": 9.0, "num_boost_round": 12.0}, "datetime": {"datetime": "2024-01-19 00:39:50", "elapsed": 1694.701535, "delta": 0.00252}}
{"target": -13.758452102923515, "params": {"gamma": 871.8628288644045, "log10_alpha": -4.523745836471747, "log10_colsample_bytree": -0.392695515721166, "log10_eta": -3.734670065018507, "log10_lambda": 0.44791592916894274, "log10_min_child_weight": 1.8515063521108739, "log10_subsample": -0.4503111137709559, "max_depth": 9.0, "num_boost_round": 13.0}, "datetime": {"datetime": "2024-01-19 00:39:50", "elapsed": 1694.704148, "delta": 0.002613}}
{"target": -13.7584499720554, "params": {"gamma": 871.8628288644045, "log10_alpha": -4.523745836471747, "log10_colsample_bytree": -0.392695515721166, "log10_eta": -3.734670065018507, "log10_lambda": 0.44791592916894274, "log10_min_child_weight": 1.8515063521108739, "log10_subsample": -0.4503111137709559, "max_depth": 9.0, "num_boost_round": 14.0}, "datetime": {"datetime": "2024-01-19 00:39:50", "elapsed": 1694.706679, "delta": 0.002531}}
{"target": -13.75844716701343, "params": {"gamma": 871.8628288644045, "log10_alpha": -4.523745836471747, "log10_colsample_bytree": -0.392695515721166, "log10_eta": -3.734670065018507, "log10_lambda": 0.44791592916894274, "log10_min_child_weight": 1.8515063521108739, "log10_subsample": -0.4503111137709559, "max_depth": 9.0, "num_boost_round": 15.0}, "datetime": {"datetime": "2024-01-19 00:39:50", "elapsed": 1694.709232, "delta": 0.002553}}
{"target": -13.758441450669824, "params": {"gamma": 871.8628288644045, "log10_alpha": -4.523745836471747, "log10_colsample_bytree": -0.392695515721166, "log10_eta": -3.734670065018507, "log10_lambda": 0.44791592916894274, "log10_min_child_weight": 1.8515063521108739, "log10_subsample": -0.4503111137709559, "max_depth": 9.0, "num_boost_round": 16.0}, "datetime": {"datetime": "2024-01-19 00:39:50", "elapsed": 1694.71185, "delta": 0.002618}}
{"target": -13.758437202881952, "params": {"gamma": 871.8628288644045, "log10_alpha": -4.523745836471747, "log10_colsample_bytree": -0.392695515721166, "log10_eta": -3.734670065018507, "log10_lambda": 0.44791592916894274, "log10_min_child_weight": 1.8515063521108739, "log10_subsample": -0.4503111137709559, "max_depth": 9.0, "num_boost_round": 17.0}, "datetime": {"datetime": "2024-01-19 00:39:50", "elapsed": 1694.714459, "delta": 0.002609}}
{"target": -13.758427948389645, "params": {"gamma": 871.8628288644045, "log10_alpha": -4.523745836471747, "log10_colsample_bytree": -0.392695515721166, "log10_eta": -3.734670065018507, "log10_lambda": 0.44791592916894274, "log10_min_child_weight": 1.8515063521108739, "log10_subsample": -0.4503111137709559, "max_depth": 9.0, "num_boost_round": 18.0}, "datetime": {"datetime": "2024-01-19 00:39:50", "elapsed": 1694.717009, "delta": 0.00255}}
{"target": -13.758428222081813, "params": {"gamma": 871.8628288644045, "log10_alpha": -4.523745836471747, "log10_colsample_bytree": -0.392695515721166, "log10_eta": -3.734670065018507, "log10_lambda": 0.44791592916894274, "log10_min_child_weight": 1.8515063521108739, "log10_subsample": -0.4503111137709559, "max_depth": 9.0, "num_boost_round": 19.0}, "datetime": {"datetime": "2024-01-19 00:39:50", "elapsed": 1694.719563, "delta": 0.002554}}
{"target": -13.758418234769904, "params": {"gamma": 871.8628288644045, "log10_alpha": -4.523745836471747, "log10_colsample_bytree": -0.392695515721166, "log10_eta": -3.734670065018507, "log10_lambda": 0.44791592916894274, "log10_min_child_weight": 1.8515063521108739, "log10_subsample": -0.4503111137709559, "max_depth": 9.0, "num_boost_round": 20.0}, "datetime": {"datetime": "2024-01-19 00:39:50", "elapsed": 1694.722105, "delta": 0.002542}}
{"target": -13.758416535994769, "params": {"gamma": 871.8628288644045, "log10_alpha": -4.523745836471747, "log10_colsample_bytree": -0.392695515721166, "log10_eta": -3.734670065018507, "log10_lambda": 0.44791592916894274, "log10_min_child_weight": 1.8515063521108739, "log10_subsample": -0.4503111137709559, "max_depth": 9.0, "num_boost_round": 21.0}, "datetime": {"datetime": "2024-01-19 00:39:50", "elapsed": 1694.724654, "delta": 0.002549}}
{"target": -13.758402604263125, "params": {"gamma": 871.8628288644045, "log10_alpha": -4.523745836471747, "log10_colsample_bytree": -0.392695515721166, "log10_eta": -3.734670065018507, "log10_lambda": 0.44791592916894274, "log10_min_child_weight": 1.8515063521108739, "log10_subsample": -0.4503111137709559, "max_depth": 9.0, "num_boost_round": 22.0}, "datetime": {"datetime": "2024-01-19 00:39:50", "elapsed": 1694.727193, "delta": 0.002539}}
{"target": -13.758398764395553, "params": {"gamma": 871.8628288644045, "log10_alpha": -4.523745836471747, "log10_colsample_bytree": -0.392695515721166, "log10_eta": -3.734670065018507, "log10_lambda": 0.44791592916894274, "log10_min_child_weight": 1.8515063521108739, "log10_subsample": -0.4503111137709559, "max_depth": 9.0, "num_boost_round": 23.0}, "datetime": {"datetime": "2024-01-19 00:39:50", "elapsed": 1694.729746, "delta": 0.002553}}
{"target": -13.758392194602797, "params": {"gamma": 871.8628288644045, "log10_alpha": -4.523745836471747, "log10_colsample_bytree": -0.392695515721166, "log10_eta": -3.734670065018507, "log10_lambda": 0.44791592916894274, "log10_min_child_weight": 1.8515063521108739, "log10_subsample": -0.4503111137709559, "max_depth": 9.0, "num_boost_round": 24.0}, "datetime": {"datetime": "2024-01-19 00:39:50", "elapsed": 1694.732701, "delta": 0.002955}}
{"target": -13.758386157869271, "params": {"gamma": 871.8628288644045, "log10_alpha": -4.523745836471747, "log10_colsample_bytree": -0.392695515721166, "log10_eta": -3.734670065018507, "log10_lambda": 0.44791592916894274, "log10_min_child_weight": 1.8515063521108739, "log10_subsample": -0.4503111137709559, "max_depth": 9.0, "num_boost_round": 25.0}, "datetime": {"datetime": "2024-01-19 00:39:50", "elapsed": 1694.73544, "delta": 0.002739}}
{"target": -13.758379898730803, "params": {"gamma": 871.8628288644045, "log10_alpha": -4.523745836471747, "log10_colsample_bytree": -0.392695515721166, "log10_eta": -3.734670065018507, "log10_lambda": 0.44791592916894274, "log10_min_child_weight": 1.8515063521108739, "log10_subsample": -0.4503111137709559, "max_depth": 9.0, "num_boost_round": 26.0}, "datetime": {"datetime": "2024-01-19 00:39:50", "elapsed": 1694.738184, "delta": 0.002744}}
{"target": -13.758370465803049, "params": {"gamma": 871.8628288644045, "log10_alpha": -4.523745836471747, "log10_colsample_bytree": -0.392695515721166, "log10_eta": -3.734670065018507, "log10_lambda": 0.44791592916894274, "log10_min_child_weight": 1.8515063521108739, "log10_subsample": -0.4503111137709559, "max_depth": 9.0, "num_boost_round": 27.0}, "datetime": {"datetime": "2024-01-19 00:39:50", "elapsed": 1694.740768, "delta": 0.002584}}
{"target": -13.758368955452756, "params": {"gamma": 871.8628288644045, "log10_alpha": -4.523745836471747, "log10_colsample_bytree": -0.392695515721166, "log10_eta": -3.734670065018507, "log10_lambda": 0.44791592916894274, "log10_min_child_weight": 1.8515063521108739, "log10_subsample": -0.4503111137709559, "max_depth": 9.0, "num_boost_round": 28.0}, "datetime": {"datetime": "2024-01-19 00:39:50", "elapsed": 1694.743307, "delta": 0.002539}}
{"target": -13.758361820039351, "params": {"gamma": 871.8628288644045, "log10_alpha": -4.523745836471747, "log10_colsample_bytree": -0.392695515721166, "log10_eta": -3.734670065018507, "log10_lambda": 0.44791592916894274, "log10_min_child_weight": 1.8515063521108739, "log10_subsample": -0.4503111137709559, "max_depth": 9.0, "num_boost_round": 29.0}, "datetime": {"datetime": "2024-01-19 00:39:50", "elapsed": 1694.745852, "delta": 0.002545}}
{"target": -13.758362425000485, "params": {"gamma": 871.8628288644045, "log10_alpha": -4.523745836471747, "log10_colsample_bytree": -0.392695515721166, "log10_eta": -3.734670065018507, "log10_lambda": 0.44791592916894274, "log10_min_child_weight": 1.8515063521108739, "log10_subsample": -0.4503111137709559, "max_depth": 9.0, "num_boost_round": 30.0}, "datetime": {"datetime": "2024-01-19 00:39:50", "elapsed": 1694.748422, "delta": 0.00257}}
{"target": -13.758353210949396, "params": {"gamma": 871.8628288644045, "log10_alpha": -4.523745836471747, "log10_colsample_bytree": -0.392695515721166, "log10_eta": -3.734670065018507, "log10_lambda": 0.44791592916894274, "log10_min_child_weight": 1.8515063521108739, "log10_subsample": -0.4503111137709559, "max_depth": 9.0, "num_boost_round": 31.0}, "datetime": {"datetime": "2024-01-19 00:39:50", "elapsed": 1694.751126, "delta": 0.002704}}
{"target": -13.758342510186973, "params": {"gamma": 871.8628288644045, "log10_alpha": -4.523745836471747, "log10_colsample_bytree": -0.392695515721166, "log10_eta": -3.734670065018507, "log10_lambda": 0.44791592916894274, "log10_min_child_weight": 1.8515063521108739, "log10_subsample": -0.4503111137709559, "max_depth": 9.0, "num_boost_round": 32.0}, "datetime": {"datetime": "2024-01-19 00:39:50", "elapsed": 1694.753779, "delta": 0.002653}}
{"target": -13.755886212762702, "params": {"gamma": 875.2971856481892, "log10_alpha": -0.872710891314151, "log10_colsample_bytree": -0.14342979319668037, "log10_eta": -0.8756781789996428, "log10_lambda": 0.6305170092455832, "log10_min_child_weight": 0.7106456420631996, "log10_subsample": -0.9199151718786707, "max_depth": 5.0, "num_boost_round": 0.0}, "datetime": {"datetime": "2024-01-19 00:40:25", "elapsed": 1729.482255, "delta": 34.728476}}
{"target": -13.757035727984926, "params": {"gamma": 875.2971856481892, "log10_alpha": -0.872710891314151, "log10_colsample_bytree": -0.14342979319668037, "log10_eta": -0.8756781789996428, "log10_lambda": 0.6305170092455832, "log10_min_child_weight": 0.7106456420631996, "log10_subsample": -0.9199151718786707, "max_depth": 5.0, "num_boost_round": 1.0}, "datetime": {"datetime": "2024-01-19 00:40:25", "elapsed": 1729.485783, "delta": 0.003528}}
{"target": -13.753698877388144, "params": {"gamma": 875.2971856481892, "log10_alpha": -0.872710891314151, "log10_colsample_bytree": -0.14342979319668037, "log10_eta": -0.8756781789996428, "log10_lambda": 0.6305170092455832, "log10_min_child_weight": 0.7106456420631996, "log10_subsample": -0.9199151718786707, "max_depth": 5.0, "num_boost_round": 2.0}, "datetime": {"datetime": "2024-01-19 00:40:25", "elapsed": 1729.488422, "delta": 0.002639}}
