{"target": -13.75806763723367, "params": {"gamma": 125.19525828063038, "log10_alpha": 0.2453254961901763, "log10_colsample_bytree": -0.6027674648029063, "log10_eta": -2.8922129111647514, "log10_lambda": -3.6709622732481675, "log10_min_child_weight": 0.3514960890197183, "log10_subsample": -0.6635250956408986, "max_depth": 6.0, "num_boost_round": 9.0}, "datetime": {"datetime": "2024-01-19 01:15:56", "elapsed": 3864.195555, "delta": 0.004089}}
{"target": -13.758014632322308, "params": {"gamma": 125.19525828063038, "log10_alpha": 0.2453254961901763, "log10_colsample_bytree": -0.6027674648029063, "log10_eta": -2.8922129111647514, "log10_lambda": -3.6709622732481675, "log10_min_child_weight": 0.3514960890197183, "log10_subsample": -0.6635250956408986, "max_depth": 6.0, "num_boost_round": 10.0}, "datetime": {"datetime": "2024-01-19 01:15:56", "elapsed": 3864.199774, "delta": 0.004219}}
{"target": -13.757999261512085, "params": {"gamma": 125.19525828063038, "log10_alpha": 0.2453254961901763, "log10_colsample_bytree": -0.6027674648029063, "log10_eta": -2.8922129111647514, "log10_lambda": -3.6709622732481675, "log10_min_child_weight": 0.3514960890197183, "log10_subsample": -0.6635250956408986, "max_depth": 6.0, "num_boost_round": 11.0}, "datetime": {"datetime": "2024-01-19 01:15:56", "elapsed": 3864.203613, "delta": 0.003839}}
{"target": -13.757985355152977, "params": {"gamma": 125.19525828063038, "log10_alpha": 0.2453254961901763, "log10_colsample_bytree": -0.6027674648029063, "log10_eta": -2.8922129111647514, "log10_lambda": -3.6709622732481675, "log10_min_child_weight": 0.3514960890197183, "log10_subsample": -0.6635250956408986, "max_depth": 6.0, "num_boost_round": 12.0}, "datetime": {"datetime": "2024-01-19 01:15:56", "elapsed": 3864.211801, "delta": 0.008188}}
{"target": -13.75799339395581, "params": {"gamma": 125.19525828063038, "log10_alpha": 0.2453254961901763, "log10_colsample_bytree": -0.6027674648029063, "log10_eta": -2.8922129111647514, "log10_lambda": -3.6709622732481675, "log10_min_child_weight": 0.3514960890197183, "log10_subsample": -0.6635250956408986, "max_depth": 6.0, "num_boost_round": 13.0}, "datetime": {"datetime": "2024-01-19 01:15:56", "elapsed": 3864.21566, "delta": 0.003859}}
{"target": -13.757967275507037, "params": {"gamma": 125.19525828063038, "log10_alpha": 0.2453254961901763, "log10_colsample_bytree": -0.6027674648029063, "log10_eta": -2.8922129111647514, "log10_lambda": -3.6709622732481675, "log10_min_child_weight": 0.3514960890197183, "log10_subsample": -0.6635250956408986, "max_depth": 6.0, "num_boost_round": 14.0}, "datetime": {"datetime": "2024-01-19 01:15:56", "elapsed": 3864.219665, "delta": 0.004005}}
{"target": -13.757891911341313, "params": {"gamma": 125.19525828063038, "log10_alpha": 0.2453254961901763, "log10_colsample_bytree": -0.6027674648029063, "log10_eta": -2.8922129111647514, "log10_lambda": -3.6709622732481675, "log10_min_child_weight": 0.3514960890197183, "log10_subsample": -0.6635250956408986, "max_depth": 6.0, "num_boost_round": 15.0}, "datetime": {"datetime": "2024-01-19 01:15:56", "elapsed": 3864.223413, "delta": 0.003748}}
{"target": -13.757910255849367, "params": {"gamma": 125.19525828063038, "log10_alpha": 0.2453254961901763, "log10_colsample_bytree": -0.6027674648029063, "log10_eta": -2.8922129111647514, "log10_lambda": -3.6709622732481675, "log10_min_child_weight": 0.3514960890197183, "log10_subsample": -0.6635250956408986, "max_depth": 6.0, "num_boost_round": 16.0}, "datetime": {"datetime": "2024-01-19 01:15:56", "elapsed": 3864.227173, "delta": 0.00376}}
{"target": -13.7579503633898, "params": {"gamma": 125.19525828063038, "log10_alpha": 0.2453254961901763, "log10_colsample_bytree": -0.6027674648029063, "log10_eta": -2.8922129111647514, "log10_lambda": -3.6709622732481675, "log10_min_child_weight": 0.3514960890197183, "log10_subsample": -0.6635250956408986, "max_depth": 6.0, "num_boost_round": 17.0}, "datetime": {"datetime": "2024-01-19 01:15:56", "elapsed": 3864.231058, "delta": 0.003885}}
{"target": -13.757976446465614, "params": {"gamma": 125.19525828063038, "log10_alpha": 0.2453254961901763, "log10_colsample_bytree": -0.6027674648029063, "log10_eta": -2.8922129111647514, "log10_lambda": -3.6709622732481675, "log10_min_child_weight": 0.3514960890197183, "log10_subsample": -0.6635250956408986, "max_depth": 6.0, "num_boost_round": 18.0}, "datetime": {"datetime": "2024-01-19 01:15:56", "elapsed": 3864.234904, "delta": 0.003846}}
{"target": -13.757993299835944, "params": {"gamma": 125.19525828063038, "log10_alpha": 0.2453254961901763, "log10_colsample_bytree": -0.6027674648029063, "log10_eta": -2.8922129111647514, "log10_lambda": -3.6709622732481675, "log10_min_child_weight": 0.3514960890197183, "log10_subsample": -0.6635250956408986, "max_depth": 6.0, "num_boost_round": 19.0}, "datetime": {"datetime": "2024-01-19 01:15:56", "elapsed": 3864.238835, "delta": 0.003931}}
{"target": -13.75798468129775, "params": {"gamma": 125.19525828063038, "log10_alpha": 0.2453254961901763, "log10_colsample_bytree": -0.6027674648029063, "log10_eta": -2.8922129111647514, "log10_lambda": -3.6709622732481675, "log10_min_child_weight": 0.3514960890197183, "log10_subsample": -0.6635250956408986, "max_depth": 6.0, "num_boost_round": 20.0}, "datetime": {"datetime": "2024-01-19 01:15:56", "elapsed": 3864.24303, "delta": 0.004195}}
{"target": -13.75794958424945, "params": {"gamma": 125.19525828063038, "log10_alpha": 0.2453254961901763, "log10_colsample_bytree": -0.6027674648029063, "log10_eta": -2.8922129111647514, "log10_lambda": -3.6709622732481675, "log10_min_child_weight": 0.3514960890197183, "log10_subsample": -0.6635250956408986, "max_depth": 6.0, "num_boost_round": 21.0}, "datetime": {"datetime": "2024-01-19 01:15:56", "elapsed": 3864.247121, "delta": 0.004091}}
{"target": -13.758538258713111, "params": {"gamma": 124.65031576371902, "log10_alpha": -0.8055539511954393, "log10_colsample_bytree": -1.0, "log10_eta": -4.0, "log10_lambda": -1.7241686088430805, "log10_min_child_weight": 5.0, "log10_subsample": 0.0, "max_depth": 4.0, "num_boost_round": 0.0}, "datetime": {"datetime": "2024-01-19 01:16:38", "elapsed": 3905.974927, "delta": 41.727806}}
{"target": -13.758537425084471, "params": {"gamma": 124.65031576371902, "log10_alpha": -0.8055539511954393, "log10_colsample_bytree": -1.0, "log10_eta": -4.0, "log10_lambda": -1.7241686088430805, "log10_min_child_weight": 5.0, "log10_subsample": 0.0, "max_depth": 4.0, "num_boost_round": 1.0}, "datetime": {"datetime": "2024-01-19 01:16:38", "elapsed": 3905.979989, "delta": 0.005062}}
{"target": -13.758537073590295, "params": {"gamma": 124.65031576371902, "log10_alpha": -0.8055539511954393, "log10_colsample_bytree": -1.0, "log10_eta": -4.0, "log10_lambda": -1.7241686088430805, "log10_min_child_weight": 5.0, "log10_subsample": 0.0, "max_depth": 4.0, "num_boost_round": 2.0}, "datetime": {"datetime": "2024-01-19 01:16:38", "elapsed": 3905.984225, "delta": 0.004236}}
{"target": -13.758537365446413, "params": {"gamma": 124.65031576371902, "log10_alpha": -0.8055539511954393, "log10_colsample_bytree": -1.0, "log10_eta": -4.0, "log10_lambda": -1.7241686088430805, "log10_min_child_weight": 5.0, "log10_subsample": 0.0, "max_depth": 4.0, "num_boost_round": 3.0}, "datetime": {"datetime": "2024-01-19 01:16:38", "elapsed": 3905.988283, "delta": 0.004058}}
{"target": -13.758537308692336, "params": {"gamma": 124.65031576371902, "log10_alpha": -0.8055539511954393, "log10_colsample_bytree": -1.0, "log10_eta": -4.0, "log10_lambda": -1.7241686088430805, "log10_min_child_weight": 5.0, "log10_subsample": 0.0, "max_depth": 4.0, "num_boost_round": 4.0}, "datetime": {"datetime": "2024-01-19 01:16:38", "elapsed": 3905.992331, "delta": 0.004048}}
{"target": -13.758537239756924, "params": {"gamma": 124.65031576371902, "log10_alpha": -0.8055539511954393, "log10_colsample_bytree": -1.0, "log10_eta": -4.0, "log10_lambda": -1.7241686088430805, "log10_min_child_weight": 5.0, "log10_subsample": 0.0, "max_depth": 4.0, "num_boost_round": 5.0}, "datetime": {"datetime": "2024-01-19 01:16:38", "elapsed": 3905.996356, "delta": 0.004025}}
{"target": -13.758536924953845, "params": {"gamma": 124.65031576371902, "log10_alpha": -0.8055539511954393, "log10_colsample_bytree": -1.0, "log10_eta": -4.0, "log10_lambda": -1.7241686088430805, "log10_min_child_weight": 5.0, "log10_subsample": 0.0, "max_depth": 4.0, "num_boost_round": 6.0}, "datetime": {"datetime": "2024-01-19 01:16:38", "elapsed": 3906.000346, "delta": 0.00399}}
{"target": -13.758536442689083, "params": {"gamma": 124.65031576371902, "log10_alpha": -0.8055539511954393, "log10_colsample_bytree": -1.0, "log10_eta": -4.0, "log10_lambda": -1.7241686088430805, "log10_min_child_weight": 5.0, "log10_subsample": 0.0, "max_depth": 4.0, "num_boost_round": 7.0}, "datetime": {"datetime": "2024-01-19 01:16:38", "elapsed": 3906.004187, "delta": 0.003841}}
{"target": -13.758536463735297, "params": {"gamma": 124.65031576371902, "log10_alpha": -0.8055539511954393, "log10_colsample_bytree": -1.0, "log10_eta": -4.0, "log10_lambda": -1.7241686088430805, "log10_min_child_weight": 5.0, "log10_subsample": 0.0, "max_depth": 4.0, "num_boost_round": 8.0}, "datetime": {"datetime": "2024-01-19 01:16:38", "elapsed": 3906.008117, "delta": 0.00393}}
{"target": -13.75853628612135, "params": {"gamma": 124.65031576371902, "log10_alpha": -0.8055539511954393, "log10_colsample_bytree": -1.0, "log10_eta": -4.0, "log10_lambda": -1.7241686088430805, "log10_min_child_weight": 5.0, "log10_subsample": 0.0, "max_depth": 4.0, "num_boost_round": 9.0}, "datetime": {"datetime": "2024-01-19 01:16:38", "elapsed": 3906.01208, "delta": 0.003963}}
{"target": -13.758536414740908, "params": {"gamma": 124.65031576371902, "log10_alpha": -0.8055539511954393, "log10_colsample_bytree": -1.0, "log10_eta": -4.0, "log10_lambda": -1.7241686088430805, "log10_min_child_weight": 5.0, "log10_subsample": 0.0, "max_depth": 4.0, "num_boost_round": 10.0}, "datetime": {"datetime": "2024-01-19 01:16:38", "elapsed": 3906.016075, "delta": 0.003995}}
{"target": -13.758536134354904, "params": {"gamma": 124.65031576371902, "log10_alpha": -0.8055539511954393, "log10_colsample_bytree": -1.0, "log10_eta": -4.0, "log10_lambda": -1.7241686088430805, "log10_min_child_weight": 5.0, "log10_subsample": 0.0, "max_depth": 4.0, "num_boost_round": 11.0}, "datetime": {"datetime": "2024-01-19 01:16:38", "elapsed": 3906.020266, "delta": 0.004191}}
{"target": -13.75853548399846, "params": {"gamma": 124.65031576371902, "log10_alpha": -0.8055539511954393, "log10_colsample_bytree": -1.0, "log10_eta": -4.0, "log10_lambda": -1.7241686088430805, "log10_min_child_weight": 5.0, "log10_subsample": 0.0, "max_depth": 4.0, "num_boost_round": 12.0}, "datetime": {"datetime": "2024-01-19 01:16:38", "elapsed": 3906.024276, "delta": 0.00401}}
{"target": -13.758534550473152, "params": {"gamma": 124.65031576371902, "log10_alpha": -0.8055539511954393, "log10_colsample_bytree": -1.0, "log10_eta": -4.0, "log10_lambda": -1.7241686088430805, "log10_min_child_weight": 5.0, "log10_subsample": 0.0, "max_depth": 4.0, "num_boost_round": 13.0}, "datetime": {"datetime": "2024-01-19 01:16:38", "elapsed": 3906.028262, "delta": 0.003986}}
{"target": -13.758534095999584, "params": {"gamma": 124.65031576371902, "log10_alpha": -0.8055539511954393, "log10_colsample_bytree": -1.0, "log10_eta": -4.0, "log10_lambda": -1.7241686088430805, "log10_min_child_weight": 5.0, "log10_subsample": 0.0, "max_depth": 4.0, "num_boost_round": 14.0}, "datetime": {"datetime": "2024-01-19 01:16:38", "elapsed": 3906.032234, "delta": 0.003972}}
{"target": -13.758532839062864, "params": {"gamma": 124.65031576371902, "log10_alpha": -0.8055539511954393, "log10_colsample_bytree": -1.0, "log10_eta": -4.0, "log10_lambda": -1.7241686088430805, "log10_min_child_weight": 5.0, "log10_subsample": 0.0, "max_depth": 4.0, "num_boost_round": 15.0}, "datetime": {"datetime": "2024-01-19 01:16:38", "elapsed": 3906.036324, "delta": 0.00409}}
{"target": -13.75853186727462, "params": {"gamma": 124.65031576371902, "log10_alpha": -0.8055539511954393, "log10_colsample_bytree": -1.0, "log10_eta": -4.0, "log10_lambda": -1.7241686088430805, "log10_min_child_weight": 5.0, "log10_subsample": 0.0, "max_depth": 4.0, "num_boost_round": 16.0}, "datetime": {"datetime": "2024-01-19 01:16:38", "elapsed": 3906.040568, "delta": 0.004244}}
{"target": -13.758531928435966, "params": {"gamma": 124.65031576371902, "log10_alpha": -0.8055539511954393, "log10_colsample_bytree": -1.0, "log10_eta": -4.0, "log10_lambda": -1.7241686088430805, "log10_min_child_weight": 5.0, "log10_subsample": 0.0, "max_depth": 4.0, "num_boost_round": 17.0}, "datetime": {"datetime": "2024-01-19 01:16:38", "elapsed": 3906.044847, "delta": 0.004279}}
{"target": -13.758531427919634, "params": {"gamma": 124.65031576371902, "log10_alpha": -0.8055539511954393, "log10_colsample_bytree": -1.0, "log10_eta": -4.0, "log10_lambda": -1.7241686088430805, "log10_min_child_weight": 5.0, "log10_subsample": 0.0, "max_depth": 4.0, "num_boost_round": 18.0}, "datetime": {"datetime": "2024-01-19 01:16:38", "elapsed": 3906.048896, "delta": 0.004049}}
{"target": -13.758530808577781, "params": {"gamma": 124.65031576371902, "log10_alpha": -0.8055539511954393, "log10_colsample_bytree": -1.0, "log10_eta": -4.0, "log10_lambda": -1.7241686088430805, "log10_min_child_weight": 5.0, "log10_subsample": 0.0, "max_depth": 4.0, "num_boost_round": 19.0}, "datetime": {"datetime": "2024-01-19 01:16:38", "elapsed": 3906.053041, "delta": 0.004145}}
{"target": -13.758530961487724, "params": {"gamma": 124.65031576371902, "log10_alpha": -0.8055539511954393, "log10_colsample_bytree": -1.0, "log10_eta": -4.0, "log10_lambda": -1.7241686088430805, "log10_min_child_weight": 5.0, "log10_subsample": 0.0, "max_depth": 4.0, "num_boost_round": 20.0}, "datetime": {"datetime": "2024-01-19 01:16:38", "elapsed": 3906.057124, "delta": 0.004083}}
{"target": -13.758530435824158, "params": {"gamma": 124.65031576371902, "log10_alpha": -0.8055539511954393, "log10_colsample_bytree": -1.0, "log10_eta": -4.0, "log10_lambda": -1.7241686088430805, "log10_min_child_weight": 5.0, "log10_subsample": 0.0, "max_depth": 4.0, "num_boost_round": 21.0}, "datetime": {"datetime": "2024-01-19 01:16:38", "elapsed": 3906.061167, "delta": 0.004043}}
{"target": -13.758530614578783, "params": {"gamma": 124.65031576371902, "log10_alpha": -0.8055539511954393, "log10_colsample_bytree": -1.0, "log10_eta": -4.0, "log10_lambda": -1.7241686088430805, "log10_min_child_weight": 5.0, "log10_subsample": 0.0, "max_depth": 4.0, "num_boost_round": 22.0}, "datetime": {"datetime": "2024-01-19 01:16:38", "elapsed": 3906.065192, "delta": 0.004025}}
{"target": -13.75853021411052, "params": {"gamma": 124.65031576371902, "log10_alpha": -0.8055539511954393, "log10_colsample_bytree": -1.0, "log10_eta": -4.0, "log10_lambda": -1.7241686088430805, "log10_min_child_weight": 5.0, "log10_subsample": 0.0, "max_depth": 4.0, "num_boost_round": 23.0}, "datetime": {"datetime": "2024-01-19 01:16:38", "elapsed": 3906.069195, "delta": 0.004003}}
{"target": -13.75853038448043, "params": {"gamma": 124.65031576371902, "log10_alpha": -0.8055539511954393, "log10_colsample_bytree": -1.0, "log10_eta": -4.0, "log10_lambda": -1.7241686088430805, "log10_min_child_weight": 5.0, "log10_subsample": 0.0, "max_depth": 4.0, "num_boost_round": 24.0}, "datetime": {"datetime": "2024-01-19 01:16:38", "elapsed": 3906.073112, "delta": 0.003917}}
{"target": -13.758530300484047, "params": {"gamma": 124.65031576371902, "log10_alpha": -0.8055539511954393, "log10_colsample_bytree": -1.0, "log10_eta": -4.0, "log10_lambda": -1.7241686088430805, "log10_min_child_weight": 5.0, "log10_subsample": 0.0, "max_depth": 4.0, "num_boost_round": 25.0}, "datetime": {"datetime": "2024-01-19 01:16:38", "elapsed": 3906.077161, "delta": 0.004049}}
{"target": -13.758530866486636, "params": {"gamma": 124.65031576371902, "log10_alpha": -0.8055539511954393, "log10_colsample_bytree": -1.0, "log10_eta": -4.0, "log10_lambda": -1.7241686088430805, "log10_min_child_weight": 5.0, "log10_subsample": 0.0, "max_depth": 4.0, "num_boost_round": 26.0}, "datetime": {"datetime": "2024-01-19 01:16:38", "elapsed": 3906.081126, "delta": 0.003965}}
{"target": -13.758530171127104, "params": {"gamma": 124.65031576371902, "log10_alpha": -0.8055539511954393, "log10_colsample_bytree": -1.0, "log10_eta": -4.0, "log10_lambda": -1.7241686088430805, "log10_min_child_weight": 5.0, "log10_subsample": 0.0, "max_depth": 4.0, "num_boost_round": 27.0}, "datetime": {"datetime": "2024-01-19 01:16:38", "elapsed": 3906.085258, "delta": 0.004132}}
{"target": -13.758529137429855, "params": {"gamma": 124.65031576371902, "log10_alpha": -0.8055539511954393, "log10_colsample_bytree": -1.0, "log10_eta": -4.0, "log10_lambda": -1.7241686088430805, "log10_min_child_weight": 5.0, "log10_subsample": 0.0, "max_depth": 4.0, "num_boost_round": 28.0}, "datetime": {"datetime": "2024-01-19 01:16:38", "elapsed": 3906.089215, "delta": 0.003957}}
{"target": -13.758528416212242, "params": {"gamma": 124.65031576371902, "log10_alpha": -0.8055539511954393, "log10_colsample_bytree": -1.0, "log10_eta": -4.0, "log10_lambda": -1.7241686088430805, "log10_min_child_weight": 5.0, "log10_subsample": 0.0, "max_depth": 4.0, "num_boost_round": 29.0}, "datetime": {"datetime": "2024-01-19 01:16:38", "elapsed": 3906.093322, "delta": 0.004107}}
{"target": -13.75852796628161, "params": {"gamma": 124.65031576371902, "log10_alpha": -0.8055539511954393, "log10_colsample_bytree": -1.0, "log10_eta": -4.0, "log10_lambda": -1.7241686088430805, "log10_min_child_weight": 5.0, "log10_subsample": 0.0, "max_depth": 4.0, "num_boost_round": 30.0}, "datetime": {"datetime": "2024-01-19 01:16:38", "elapsed": 3906.097405, "delta": 0.004083}}
{"target": -13.758528215155472, "params": {"gamma": 124.65031576371902, "log10_alpha": -0.8055539511954393, "log10_colsample_bytree": -1.0, "log10_eta": -4.0, "log10_lambda": -1.7241686088430805, "log10_min_child_weight": 5.0, "log10_subsample": 0.0, "max_depth": 4.0, "num_boost_round": 31.0}, "datetime": {"datetime": "2024-01-19 01:16:38", "elapsed": 3906.101746, "delta": 0.004341}}
{"target": -13.758538305349576, "params": {"gamma": 716.9276081838314, "log10_alpha": -0.7515503692991458, "log10_colsample_bytree": 0.0, "log10_eta": -3.0237323083980545, "log10_lambda": 1.0, "log10_min_child_weight": 5.0, "log10_subsample": -1.0, "max_depth": 2.0, "num_boost_round": 0.0}, "datetime": {"datetime": "2024-01-19 01:17:12", "elapsed": 3940.39649, "delta": 34.294744}}
{"target": -13.758538325204475, "params": {"gamma": 716.9276081838314, "log10_alpha": -0.7515503692991458, "log10_colsample_bytree": 0.0, "log10_eta": -3.0237323083980545, "log10_lambda": 1.0, "log10_min_child_weight": 5.0, "log10_subsample": -1.0, "max_depth": 2.0, "num_boost_round": 1.0}, "datetime": {"datetime": "2024-01-19 01:17:12", "elapsed": 3940.401892, "delta": 0.005402}}
{"target": -13.758538311918759, "params": {"gamma": 716.9276081838314, "log10_alpha": -0.7515503692991458, "log10_colsample_bytree": 0.0, "log10_eta": -3.0237323083980545, "log10_lambda": 1.0, "log10_min_child_weight": 5.0, "log10_subsample": -1.0, "max_depth": 2.0, "num_boost_round": 2.0}, "datetime": {"datetime": "2024-01-19 01:17:12", "elapsed": 3940.406503, "delta": 0.004611}}
{"target": -13.758538333217054, "params": {"gamma": 716.9276081838314, "log10_alpha": -0.7515503692991458, "log10_colsample_bytree": 0.0, "log10_eta": -3.0237323083980545, "log10_lambda": 1.0, "log10_min_child_weight": 5.0, "log10_subsample": -1.0, "max_depth": 2.0, "num_boost_round": 3.0}, "datetime": {"datetime": "2024-01-19 01:17:12", "elapsed": 3940.410748, "delta": 0.004245}}
{"target": -13.758538355456837, "params": {"gamma": 716.9276081838314, "log10_alpha": -0.7515503692991458, "log10_colsample_bytree": 0.0, "log10_eta": -3.0237323083980545, "log10_lambda": 1.0, "log10_min_child_weight": 5.0, "log10_subsample": -1.0, "max_depth": 2.0, "num_boost_round": 4.0}, "datetime": {"datetime": "2024-01-19 01:17:12", "elapsed": 3940.414776, "delta": 0.004028}}
{"target": -13.758538322629033, "params": {"gamma": 716.9276081838314, "log10_alpha": -0.7515503692991458, "log10_colsample_bytree": 0.0, "log10_eta": -3.0237323083980545, "log10_lambda": 1.0, "log10_min_child_weight": 5.0, "log10_subsample": -1.0, "max_depth": 2.0, "num_boost_round": 5.0}, "datetime": {"datetime": "2024-01-19 01:17:12", "elapsed": 3940.419041, "delta": 0.004265}}
{"target": -13.758538300382078, "params": {"gamma": 716.9276081838314, "log10_alpha": -0.7515503692991458, "log10_colsample_bytree": 0.0, "log10_eta": -3.0237323083980545, "log10_lambda": 1.0, "log10_min_child_weight": 5.0, "log10_subsample": -1.0, "max_depth": 2.0, "num_boost_round": 6.0}, "datetime": {"datetime": "2024-01-19 01:17:12", "elapsed": 3940.423232, "delta": 0.004191}}
{"target": -13.75853834359938, "params": {"gamma": 716.9276081838314, "log10_alpha": -0.7515503692991458, "log10_colsample_bytree": 0.0, "log10_eta": -3.0237323083980545, "log10_lambda": 1.0, "log10_min_child_weight": 5.0, "log10_subsample": -1.0, "max_depth": 2.0, "num_boost_round": 7.0}, "datetime": {"datetime": "2024-01-19 01:17:12", "elapsed": 3940.427352, "delta": 0.00412}}
{"target": -13.75853836130871, "params": {"gamma": 716.9276081838314, "log10_alpha": -0.7515503692991458, "log10_colsample_bytree": 0.0, "log10_eta": -3.0237323083980545, "log10_lambda": 1.0, "log10_min_child_weight": 5.0, "log10_subsample": -1.0, "max_depth": 2.0, "num_boost_round": 8.0}, "datetime": {"datetime": "2024-01-19 01:17:12", "elapsed": 3940.431468, "delta": 0.004116}}
