{"target": -17.676877527055982, "params": {"gamma": 877.7718360594847, "log10_alpha": 0.9680471333167491, "log10_colsample_bytree": -0.9826366618952547, "log10_eta": -2.9836551033857517, "log10_lambda": -2.3363035776160066, "log10_min_child_weight": 0.6879306491613074, "log10_subsample": -0.9180040313816337, "max_depth": 4.0, "num_boost_round": 12.0}, "datetime": {"datetime": "2024-01-19 00:30:47", "elapsed": 1128.283228, "delta": 0.001431}}
{"target": -17.676864352441108, "params": {"gamma": 877.7718360594847, "log10_alpha": 0.9680471333167491, "log10_colsample_bytree": -0.9826366618952547, "log10_eta": -2.9836551033857517, "log10_lambda": -2.3363035776160066, "log10_min_child_weight": 0.6879306491613074, "log10_subsample": -0.9180040313816337, "max_depth": 4.0, "num_boost_round": 13.0}, "datetime": {"datetime": "2024-01-19 00:30:47", "elapsed": 1128.284654, "delta": 0.001426}}
{"target": -17.67683815977245, "params": {"gamma": 877.7718360594847, "log10_alpha": 0.9680471333167491, "log10_colsample_bytree": -0.9826366618952547, "log10_eta": -2.9836551033857517, "log10_lambda": -2.3363035776160066, "log10_min_child_weight": 0.6879306491613074, "log10_subsample": -0.9180040313816337, "max_depth": 4.0, "num_boost_round": 14.0}, "datetime": {"datetime": "2024-01-19 00:30:47", "elapsed": 1128.286087, "delta": 0.001433}}
{"target": -17.67681095291043, "params": {"gamma": 877.7718360594847, "log10_alpha": 0.9680471333167491, "log10_colsample_bytree": -0.9826366618952547, "log10_eta": -2.9836551033857517, "log10_lambda": -2.3363035776160066, "log10_min_child_weight": 0.6879306491613074, "log10_subsample": -0.9180040313816337, "max_depth": 4.0, "num_boost_round": 15.0}, "datetime": {"datetime": "2024-01-19 00:30:47", "elapsed": 1128.287593, "delta": 0.001506}}
{"target": -17.6767442233025, "params": {"gamma": 877.7718360594847, "log10_alpha": 0.9680471333167491, "log10_colsample_bytree": -0.9826366618952547, "log10_eta": -2.9836551033857517, "log10_lambda": -2.3363035776160066, "log10_min_child_weight": 0.6879306491613074, "log10_subsample": -0.9180040313816337, "max_depth": 4.0, "num_boost_round": 16.0}, "datetime": {"datetime": "2024-01-19 00:30:47", "elapsed": 1128.289084, "delta": 0.001491}}
{"target": -17.676725590658542, "params": {"gamma": 877.7718360594847, "log10_alpha": 0.9680471333167491, "log10_colsample_bytree": -0.9826366618952547, "log10_eta": -2.9836551033857517, "log10_lambda": -2.3363035776160066, "log10_min_child_weight": 0.6879306491613074, "log10_subsample": -0.9180040313816337, "max_depth": 4.0, "num_boost_round": 17.0}, "datetime": {"datetime": "2024-01-19 00:30:47", "elapsed": 1128.290559, "delta": 0.001475}}
{"target": -17.67671281928777, "params": {"gamma": 877.7718360594847, "log10_alpha": 0.9680471333167491, "log10_colsample_bytree": -0.9826366618952547, "log10_eta": -2.9836551033857517, "log10_lambda": -2.3363035776160066, "log10_min_child_weight": 0.6879306491613074, "log10_subsample": -0.9180040313816337, "max_depth": 4.0, "num_boost_round": 18.0}, "datetime": {"datetime": "2024-01-19 00:30:47", "elapsed": 1128.292035, "delta": 0.001476}}
{"target": -17.676676922692366, "params": {"gamma": 877.7718360594847, "log10_alpha": 0.9680471333167491, "log10_colsample_bytree": -0.9826366618952547, "log10_eta": -2.9836551033857517, "log10_lambda": -2.3363035776160066, "log10_min_child_weight": 0.6879306491613074, "log10_subsample": -0.9180040313816337, "max_depth": 4.0, "num_boost_round": 19.0}, "datetime": {"datetime": "2024-01-19 00:30:47", "elapsed": 1128.293516, "delta": 0.001481}}
{"target": -17.676666744984278, "params": {"gamma": 877.7718360594847, "log10_alpha": 0.9680471333167491, "log10_colsample_bytree": -0.9826366618952547, "log10_eta": -2.9836551033857517, "log10_lambda": -2.3363035776160066, "log10_min_child_weight": 0.6879306491613074, "log10_subsample": -0.9180040313816337, "max_depth": 4.0, "num_boost_round": 20.0}, "datetime": {"datetime": "2024-01-19 00:30:47", "elapsed": 1128.295003, "delta": 0.001487}}
{"target": -17.676608035579385, "params": {"gamma": 877.7718360594847, "log10_alpha": 0.9680471333167491, "log10_colsample_bytree": -0.9826366618952547, "log10_eta": -2.9836551033857517, "log10_lambda": -2.3363035776160066, "log10_min_child_weight": 0.6879306491613074, "log10_subsample": -0.9180040313816337, "max_depth": 4.0, "num_boost_round": 21.0}, "datetime": {"datetime": "2024-01-19 00:30:47", "elapsed": 1128.296486, "delta": 0.001483}}
{"target": -17.676581342096203, "params": {"gamma": 877.7718360594847, "log10_alpha": 0.9680471333167491, "log10_colsample_bytree": -0.9826366618952547, "log10_eta": -2.9836551033857517, "log10_lambda": -2.3363035776160066, "log10_min_child_weight": 0.6879306491613074, "log10_subsample": -0.9180040313816337, "max_depth": 4.0, "num_boost_round": 22.0}, "datetime": {"datetime": "2024-01-19 00:30:47", "elapsed": 1128.297995, "delta": 0.001509}}
{"target": -17.676553481148442, "params": {"gamma": 877.7718360594847, "log10_alpha": 0.9680471333167491, "log10_colsample_bytree": -0.9826366618952547, "log10_eta": -2.9836551033857517, "log10_lambda": -2.3363035776160066, "log10_min_child_weight": 0.6879306491613074, "log10_subsample": -0.9180040313816337, "max_depth": 4.0, "num_boost_round": 23.0}, "datetime": {"datetime": "2024-01-19 00:30:47", "elapsed": 1128.299472, "delta": 0.001477}}
{"target": -17.676534792156083, "params": {"gamma": 877.7718360594847, "log10_alpha": 0.9680471333167491, "log10_colsample_bytree": -0.9826366618952547, "log10_eta": -2.9836551033857517, "log10_lambda": -2.3363035776160066, "log10_min_child_weight": 0.6879306491613074, "log10_subsample": -0.9180040313816337, "max_depth": 4.0, "num_boost_round": 24.0}, "datetime": {"datetime": "2024-01-19 00:30:47", "elapsed": 1128.300958, "delta": 0.001486}}
{"target": -17.676479169494076, "params": {"gamma": 877.7718360594847, "log10_alpha": 0.9680471333167491, "log10_colsample_bytree": -0.9826366618952547, "log10_eta": -2.9836551033857517, "log10_lambda": -2.3363035776160066, "log10_min_child_weight": 0.6879306491613074, "log10_subsample": -0.9180040313816337, "max_depth": 4.0, "num_boost_round": 25.0}, "datetime": {"datetime": "2024-01-19 00:30:47", "elapsed": 1128.302445, "delta": 0.001487}}
{"target": -17.67644895841782, "params": {"gamma": 877.7718360594847, "log10_alpha": 0.9680471333167491, "log10_colsample_bytree": -0.9826366618952547, "log10_eta": -2.9836551033857517, "log10_lambda": -2.3363035776160066, "log10_min_child_weight": 0.6879306491613074, "log10_subsample": -0.9180040313816337, "max_depth": 4.0, "num_boost_round": 26.0}, "datetime": {"datetime": "2024-01-19 00:30:47", "elapsed": 1128.303934, "delta": 0.001489}}
{"target": -17.676405151729007, "params": {"gamma": 877.7718360594847, "log10_alpha": 0.9680471333167491, "log10_colsample_bytree": -0.9826366618952547, "log10_eta": -2.9836551033857517, "log10_lambda": -2.3363035776160066, "log10_min_child_weight": 0.6879306491613074, "log10_subsample": -0.9180040313816337, "max_depth": 4.0, "num_boost_round": 27.0}, "datetime": {"datetime": "2024-01-19 00:30:47", "elapsed": 1128.305433, "delta": 0.001499}}
{"target": -17.676407375345995, "params": {"gamma": 877.7718360594847, "log10_alpha": 0.9680471333167491, "log10_colsample_bytree": -0.9826366618952547, "log10_eta": -2.9836551033857517, "log10_lambda": -2.3363035776160066, "log10_min_child_weight": 0.6879306491613074, "log10_subsample": -0.9180040313816337, "max_depth": 4.0, "num_boost_round": 28.0}, "datetime": {"datetime": "2024-01-19 00:30:47", "elapsed": 1128.306948, "delta": 0.001515}}
{"target": -17.676313518450712, "params": {"gamma": 877.7718360594847, "log10_alpha": 0.9680471333167491, "log10_colsample_bytree": -0.9826366618952547, "log10_eta": -2.9836551033857517, "log10_lambda": -2.3363035776160066, "log10_min_child_weight": 0.6879306491613074, "log10_subsample": -0.9180040313816337, "max_depth": 4.0, "num_boost_round": 29.0}, "datetime": {"datetime": "2024-01-19 00:30:47", "elapsed": 1128.308457, "delta": 0.001509}}
{"target": -17.676223070639463, "params": {"gamma": 877.7718360594847, "log10_alpha": 0.9680471333167491, "log10_colsample_bytree": -0.9826366618952547, "log10_eta": -2.9836551033857517, "log10_lambda": -2.3363035776160066, "log10_min_child_weight": 0.6879306491613074, "log10_subsample": -0.9180040313816337, "max_depth": 4.0, "num_boost_round": 30.0}, "datetime": {"datetime": "2024-01-19 00:30:47", "elapsed": 1128.309967, "delta": 0.00151}}
{"target": -17.67721154523923, "params": {"gamma": 868.9718882369128, "log10_alpha": -1.7469430455124515, "log10_colsample_bytree": -0.8352460406616836, "log10_eta": -2.8784774851725756, "log10_lambda": -1.4571346033020838, "log10_min_child_weight": 3.2974636079955264, "log10_subsample": -0.5550218140955557, "max_depth": 9.0, "num_boost_round": 0.0}, "datetime": {"datetime": "2024-01-19 00:31:13", "elapsed": 1154.156622, "delta": 25.846655}}
{"target": -17.677208971826193, "params": {"gamma": 868.9718882369128, "log10_alpha": -1.7469430455124515, "log10_colsample_bytree": -0.8352460406616836, "log10_eta": -2.8784774851725756, "log10_lambda": -1.4571346033020838, "log10_min_child_weight": 3.2974636079955264, "log10_subsample": -0.5550218140955557, "max_depth": 9.0, "num_boost_round": 1.0}, "datetime": {"datetime": "2024-01-19 00:31:13", "elapsed": 1154.158969, "delta": 0.002347}}
{"target": -17.67718472066837, "params": {"gamma": 868.9718882369128, "log10_alpha": -1.7469430455124515, "log10_colsample_bytree": -0.8352460406616836, "log10_eta": -2.8784774851725756, "log10_lambda": -1.4571346033020838, "log10_min_child_weight": 3.2974636079955264, "log10_subsample": -0.5550218140955557, "max_depth": 9.0, "num_boost_round": 2.0}, "datetime": {"datetime": "2024-01-19 00:31:13", "elapsed": 1154.160536, "delta": 0.001567}}
{"target": -17.677205091267947, "params": {"gamma": 868.9718882369128, "log10_alpha": -1.7469430455124515, "log10_colsample_bytree": -0.8352460406616836, "log10_eta": -2.8784774851725756, "log10_lambda": -1.4571346033020838, "log10_min_child_weight": 3.2974636079955264, "log10_subsample": -0.5550218140955557, "max_depth": 9.0, "num_boost_round": 3.0}, "datetime": {"datetime": "2024-01-19 00:31:13", "elapsed": 1154.162116, "delta": 0.00158}}
{"target": -17.677164796544126, "params": {"gamma": 868.9718882369128, "log10_alpha": -1.7469430455124515, "log10_colsample_bytree": -0.8352460406616836, "log10_eta": -2.8784774851725756, "log10_lambda": -1.4571346033020838, "log10_min_child_weight": 3.2974636079955264, "log10_subsample": -0.5550218140955557, "max_depth": 9.0, "num_boost_round": 4.0}, "datetime": {"datetime": "2024-01-19 00:31:13", "elapsed": 1154.163582, "delta": 0.001466}}
{"target": -17.677164889142528, "params": {"gamma": 868.9718882369128, "log10_alpha": -1.7469430455124515, "log10_colsample_bytree": -0.8352460406616836, "log10_eta": -2.8784774851725756, "log10_lambda": -1.4571346033020838, "log10_min_child_weight": 3.2974636079955264, "log10_subsample": -0.5550218140955557, "max_depth": 9.0, "num_boost_round": 5.0}, "datetime": {"datetime": "2024-01-19 00:31:13", "elapsed": 1154.16505, "delta": 0.001468}}
{"target": -17.677182067055448, "params": {"gamma": 868.9718882369128, "log10_alpha": -1.7469430455124515, "log10_colsample_bytree": -0.8352460406616836, "log10_eta": -2.8784774851725756, "log10_lambda": -1.4571346033020838, "log10_min_child_weight": 3.2974636079955264, "log10_subsample": -0.5550218140955557, "max_depth": 9.0, "num_boost_round": 6.0}, "datetime": {"datetime": "2024-01-19 00:31:13", "elapsed": 1154.166625, "delta": 0.001575}}
{"target": -17.677155480175085, "params": {"gamma": 868.9718882369128, "log10_alpha": -1.7469430455124515, "log10_colsample_bytree": -0.8352460406616836, "log10_eta": -2.8784774851725756, "log10_lambda": -1.4571346033020838, "log10_min_child_weight": 3.2974636079955264, "log10_subsample": -0.5550218140955557, "max_depth": 9.0, "num_boost_round": 7.0}, "datetime": {"datetime": "2024-01-19 00:31:13", "elapsed": 1154.168086, "delta": 0.001461}}
{"target": -17.677134880169294, "params": {"gamma": 868.9718882369128, "log10_alpha": -1.7469430455124515, "log10_colsample_bytree": -0.8352460406616836, "log10_eta": -2.8784774851725756, "log10_lambda": -1.4571346033020838, "log10_min_child_weight": 3.2974636079955264, "log10_subsample": -0.5550218140955557, "max_depth": 9.0, "num_boost_round": 8.0}, "datetime": {"datetime": "2024-01-19 00:31:13", "elapsed": 1154.169564, "delta": 0.001478}}
{"target": -17.677164136845015, "params": {"gamma": 868.9718882369128, "log10_alpha": -1.7469430455124515, "log10_colsample_bytree": -0.8352460406616836, "log10_eta": -2.8784774851725756, "log10_lambda": -1.4571346033020838, "log10_min_child_weight": 3.2974636079955264, "log10_subsample": -0.5550218140955557, "max_depth": 9.0, "num_boost_round": 9.0}, "datetime": {"datetime": "2024-01-19 00:31:13", "elapsed": 1154.171017, "delta": 0.001453}}
{"target": -17.677098551607212, "params": {"gamma": 868.9718882369128, "log10_alpha": -1.7469430455124515, "log10_colsample_bytree": -0.8352460406616836, "log10_eta": -2.8784774851725756, "log10_lambda": -1.4571346033020838, "log10_min_child_weight": 3.2974636079955264, "log10_subsample": -0.5550218140955557, "max_depth": 9.0, "num_boost_round": 10.0}, "datetime": {"datetime": "2024-01-19 00:31:13", "elapsed": 1154.17265, "delta": 0.001633}}
{"target": -17.677117562855155, "params": {"gamma": 868.9718882369128, "log10_alpha": -1.7469430455124515, "log10_colsample_bytree": -0.8352460406616836, "log10_eta": -2.8784774851725756, "log10_lambda": -1.4571346033020838, "log10_min_child_weight": 3.2974636079955264, "log10_subsample": -0.5550218140955557, "max_depth": 9.0, "num_boost_round": 11.0}, "datetime": {"datetime": "2024-01-19 00:31:13", "elapsed": 1154.174234, "delta": 0.001584}}
{"target": -17.677081145423774, "params": {"gamma": 868.9718882369128, "log10_alpha": -1.7469430455124515, "log10_colsample_bytree": -0.8352460406616836, "log10_eta": -2.8784774851725756, "log10_lambda": -1.4571346033020838, "log10_min_child_weight": 3.2974636079955264, "log10_subsample": -0.5550218140955557, "max_depth": 9.0, "num_boost_round": 12.0}, "datetime": {"datetime": "2024-01-19 00:31:13", "elapsed": 1154.175773, "delta": 0.001539}}
{"target": -17.68449509341776, "params": {"gamma": 881.0672309093045, "log10_alpha": -1.406215743087075, "log10_colsample_bytree": -0.5807077588643255, "log10_eta": -0.9508823457033024, "log10_lambda": -2.9598819646426726, "log10_min_child_weight": 1.9129537876102443, "log10_subsample": -0.08164530691062777, "max_depth": 9.0, "num_boost_round": 0.0}, "datetime": {"datetime": "2024-01-19 00:31:45", "elapsed": 1186.354753, "delta": 32.17898}}
{"target": -17.689657804613685, "params": {"gamma": 881.0672309093045, "log10_alpha": -1.406215743087075, "log10_colsample_bytree": -0.5807077588643255, "log10_eta": -0.9508823457033024, "log10_lambda": -2.9598819646426726, "log10_min_child_weight": 1.9129537876102443, "log10_subsample": -0.08164530691062777, "max_depth": 9.0, "num_boost_round": 1.0}, "datetime": {"datetime": "2024-01-19 00:31:45", "elapsed": 1186.356821, "delta": 0.002068}}
{"target": -17.69141950141331, "params": {"gamma": 881.0672309093045, "log10_alpha": -1.406215743087075, "log10_colsample_bytree": -0.5807077588643255, "log10_eta": -0.9508823457033024, "log10_lambda": -2.9598819646426726, "log10_min_child_weight": 1.9129537876102443, "log10_subsample": -0.08164530691062777, "max_depth": 9.0, "num_boost_round": 2.0}, "datetime": {"datetime": "2024-01-19 00:31:45", "elapsed": 1186.358597, "delta": 0.001776}}
{"target": -17.69322423392972, "params": {"gamma": 881.0672309093045, "log10_alpha": -1.406215743087075, "log10_colsample_bytree": -0.5807077588643255, "log10_eta": -0.9508823457033024, "log10_lambda": -2.9598819646426726, "log10_min_child_weight": 1.9129537876102443, "log10_subsample": -0.08164530691062777, "max_depth": 9.0, "num_boost_round": 3.0}, "datetime": {"datetime": "2024-01-19 00:31:45", "elapsed": 1186.360324, "delta": 0.001727}}
{"target": -17.698732655748078, "params": {"gamma": 881.0672309093045, "log10_alpha": -1.406215743087075, "log10_colsample_bytree": -0.5807077588643255, "log10_eta": -0.9508823457033024, "log10_lambda": -2.9598819646426726, "log10_min_child_weight": 1.9129537876102443, "log10_subsample": -0.08164530691062777, "max_depth": 9.0, "num_boost_round": 4.0}, "datetime": {"datetime": "2024-01-19 00:31:45", "elapsed": 1186.362128, "delta": 0.001804}}
{"target": -17.705278886530103, "params": {"gamma": 881.0672309093045, "log10_alpha": -1.406215743087075, "log10_colsample_bytree": -0.5807077588643255, "log10_eta": -0.9508823457033024, "log10_lambda": -2.9598819646426726, "log10_min_child_weight": 1.9129537876102443, "log10_subsample": -0.08164530691062777, "max_depth": 9.0, "num_boost_round": 5.0}, "datetime": {"datetime": "2024-01-19 00:31:45", "elapsed": 1186.363683, "delta": 0.001555}}
{"target": -17.714912565327992, "params": {"gamma": 881.0672309093045, "log10_alpha": -1.406215743087075, "log10_colsample_bytree": -0.5807077588643255, "log10_eta": -0.9508823457033024, "log10_lambda": -2.9598819646426726, "log10_min_child_weight": 1.9129537876102443, "log10_subsample": -0.08164530691062777, "max_depth": 9.0, "num_boost_round": 6.0}, "datetime": {"datetime": "2024-01-19 00:31:45", "elapsed": 1186.365165, "delta": 0.001482}}
{"target": -17.725838956376275, "params": {"gamma": 881.0672309093045, "log10_alpha": -1.406215743087075, "log10_colsample_bytree": -0.5807077588643255, "log10_eta": -0.9508823457033024, "log10_lambda": -2.9598819646426726, "log10_min_child_weight": 1.9129537876102443, "log10_subsample": -0.08164530691062777, "max_depth": 9.0, "num_boost_round": 7.0}, "datetime": {"datetime": "2024-01-19 00:31:45", "elapsed": 1186.366657, "delta": 0.001492}}
{"target": -17.733470089539324, "params": {"gamma": 881.0672309093045, "log10_alpha": -1.406215743087075, "log10_colsample_bytree": -0.5807077588643255, "log10_eta": -0.9508823457033024, "log10_lambda": -2.9598819646426726, "log10_min_child_weight": 1.9129537876102443, "log10_subsample": -0.08164530691062777, "max_depth": 9.0, "num_boost_round": 8.0}, "datetime": {"datetime": "2024-01-19 00:31:45", "elapsed": 1186.368132, "delta": 0.001475}}
{"target": -17.74800798491256, "params": {"gamma": 881.0672309093045, "log10_alpha": -1.406215743087075, "log10_colsample_bytree": -0.5807077588643255, "log10_eta": -0.9508823457033024, "log10_lambda": -2.9598819646426726, "log10_min_child_weight": 1.9129537876102443, "log10_subsample": -0.08164530691062777, "max_depth": 9.0, "num_boost_round": 9.0}, "datetime": {"datetime": "2024-01-19 00:31:45", "elapsed": 1186.369631, "delta": 0.001499}}
{"target": -17.752540822643894, "params": {"gamma": 881.0672309093045, "log10_alpha": -1.406215743087075, "log10_colsample_bytree": -0.5807077588643255, "log10_eta": -0.9508823457033024, "log10_lambda": -2.9598819646426726, "log10_min_child_weight": 1.9129537876102443, "log10_subsample": -0.08164530691062777, "max_depth": 9.0, "num_boost_round": 10.0}, "datetime": {"datetime": "2024-01-19 00:31:45", "elapsed": 1186.371285, "delta": 0.001654}}
{"target": -17.756034936449407, "params": {"gamma": 881.0672309093045, "log10_alpha": -1.406215743087075, "log10_colsample_bytree": -0.5807077588643255, "log10_eta": -0.9508823457033024, "log10_lambda": -2.9598819646426726, "log10_min_child_weight": 1.9129537876102443, "log10_subsample": -0.08164530691062777, "max_depth": 9.0, "num_boost_round": 11.0}, "datetime": {"datetime": "2024-01-19 00:31:45", "elapsed": 1186.372893, "delta": 0.001608}}
{"target": -17.76573721865574, "params": {"gamma": 881.0672309093045, "log10_alpha": -1.406215743087075, "log10_colsample_bytree": -0.5807077588643255, "log10_eta": -0.9508823457033024, "log10_lambda": -2.9598819646426726, "log10_min_child_weight": 1.9129537876102443, "log10_subsample": -0.08164530691062777, "max_depth": 9.0, "num_boost_round": 12.0}, "datetime": {"datetime": "2024-01-19 00:31:45", "elapsed": 1186.374476, "delta": 0.001583}}
{"target": -17.77828408036219, "params": {"gamma": 881.0672309093045, "log10_alpha": -1.406215743087075, "log10_colsample_bytree": -0.5807077588643255, "log10_eta": -0.9508823457033024, "log10_lambda": -2.9598819646426726, "log10_min_child_weight": 1.9129537876102443, "log10_subsample": -0.08164530691062777, "max_depth": 9.0, "num_boost_round": 13.0}, "datetime": {"datetime": "2024-01-19 00:31:45", "elapsed": 1186.375975, "delta": 0.001499}}
{"target": -17.78574848456212, "params": {"gamma": 881.0672309093045, "log10_alpha": -1.406215743087075, "log10_colsample_bytree": -0.5807077588643255, "log10_eta": -0.9508823457033024, "log10_lambda": -2.9598819646426726, "log10_min_child_weight": 1.9129537876102443, "log10_subsample": -0.08164530691062777, "max_depth": 9.0, "num_boost_round": 14.0}, "datetime": {"datetime": "2024-01-19 00:31:45", "elapsed": 1186.377531, "delta": 0.001556}}
{"target": -17.792374273189385, "params": {"gamma": 881.0672309093045, "log10_alpha": -1.406215743087075, "log10_colsample_bytree": -0.5807077588643255, "log10_eta": -0.9508823457033024, "log10_lambda": -2.9598819646426726, "log10_min_child_weight": 1.9129537876102443, "log10_subsample": -0.08164530691062777, "max_depth": 9.0, "num_boost_round": 15.0}, "datetime": {"datetime": "2024-01-19 00:31:45", "elapsed": 1186.379026, "delta": 0.001495}}
{"target": -17.80242371861288, "params": {"gamma": 881.0672309093045, "log10_alpha": -1.406215743087075, "log10_colsample_bytree": -0.5807077588643255, "log10_eta": -0.9508823457033024, "log10_lambda": -2.9598819646426726, "log10_min_child_weight": 1.9129537876102443, "log10_subsample": -0.08164530691062777, "max_depth": 9.0, "num_boost_round": 16.0}, "datetime": {"datetime": "2024-01-19 00:31:45", "elapsed": 1186.380598, "delta": 0.001572}}
