{"target": -17.67718155134275, "params": {"gamma": 884.1701933666221, "log10_alpha": -4.9069245785177245, "log10_colsample_bytree": -0.3353187663514956, "log10_eta": -2.4604284624834922, "log10_lambda": -0.2274212035051324, "log10_min_child_weight": 0.4719649468889997, "log10_subsample": -0.08898188589854494, "max_depth": 5.0, "num_boost_round": 0.0}, "datetime": {"datetime": "2024-01-19 01:00:16", "elapsed": 2896.808633, "delta": 45.720741}}
{"target": -17.67688624584895, "params": {"gamma": 884.1701933666221, "log10_alpha": -4.9069245785177245, "log10_colsample_bytree": -0.3353187663514956, "log10_eta": -2.4604284624834922, "log10_lambda": -0.2274212035051324, "log10_min_child_weight": 0.4719649468889997, "log10_subsample": -0.08898188589854494, "max_depth": 5.0, "num_boost_round": 1.0}, "datetime": {"datetime": "2024-01-19 01:00:16", "elapsed": 2896.813182, "delta": 0.004549}}
{"target": -17.676704443660114, "params": {"gamma": 884.1701933666221, "log10_alpha": -4.9069245785177245, "log10_colsample_bytree": -0.3353187663514956, "log10_eta": -2.4604284624834922, "log10_lambda": -0.2274212035051324, "log10_min_child_weight": 0.4719649468889997, "log10_subsample": -0.08898188589854494, "max_depth": 5.0, "num_boost_round": 2.0}, "datetime": {"datetime": "2024-01-19 01:00:16", "elapsed": 2896.816407, "delta": 0.003225}}
{"target": -17.6766236614808, "params": {"gamma": 884.1701933666221, "log10_alpha": -4.9069245785177245, "log10_colsample_bytree": -0.3353187663514956, "log10_eta": -2.4604284624834922, "log10_lambda": -0.2274212035051324, "log10_min_child_weight": 0.4719649468889997, "log10_subsample": -0.08898188589854494, "max_depth": 5.0, "num_boost_round": 3.0}, "datetime": {"datetime": "2024-01-19 01:00:16", "elapsed": 2896.81972, "delta": 0.003313}}
{"target": -17.676568273116555, "params": {"gamma": 884.1701933666221, "log10_alpha": -4.9069245785177245, "log10_colsample_bytree": -0.3353187663514956, "log10_eta": -2.4604284624834922, "log10_lambda": -0.2274212035051324, "log10_min_child_weight": 0.4719649468889997, "log10_subsample": -0.08898188589854494, "max_depth": 5.0, "num_boost_round": 4.0}, "datetime": {"datetime": "2024-01-19 01:00:16", "elapsed": 2896.823116, "delta": 0.003396}}
{"target": -17.676417885348798, "params": {"gamma": 884.1701933666221, "log10_alpha": -4.9069245785177245, "log10_colsample_bytree": -0.3353187663514956, "log10_eta": -2.4604284624834922, "log10_lambda": -0.2274212035051324, "log10_min_child_weight": 0.4719649468889997, "log10_subsample": -0.08898188589854494, "max_depth": 5.0, "num_boost_round": 5.0}, "datetime": {"datetime": "2024-01-19 01:00:16", "elapsed": 2896.82631, "delta": 0.003194}}
{"target": -17.676189105014377, "params": {"gamma": 884.1701933666221, "log10_alpha": -4.9069245785177245, "log10_colsample_bytree": -0.3353187663514956, "log10_eta": -2.4604284624834922, "log10_lambda": -0.2274212035051324, "log10_min_child_weight": 0.4719649468889997, "log10_subsample": -0.08898188589854494, "max_depth": 5.0, "num_boost_round": 6.0}, "datetime": {"datetime": "2024-01-19 01:00:16", "elapsed": 2896.829449, "delta": 0.003139}}
{"target": -17.676049297717164, "params": {"gamma": 884.1701933666221, "log10_alpha": -4.9069245785177245, "log10_colsample_bytree": -0.3353187663514956, "log10_eta": -2.4604284624834922, "log10_lambda": -0.2274212035051324, "log10_min_child_weight": 0.4719649468889997, "log10_subsample": -0.08898188589854494, "max_depth": 5.0, "num_boost_round": 7.0}, "datetime": {"datetime": "2024-01-19 01:00:16", "elapsed": 2896.832688, "delta": 0.003239}}
{"target": -17.675984383552194, "params": {"gamma": 884.1701933666221, "log10_alpha": -4.9069245785177245, "log10_colsample_bytree": -0.3353187663514956, "log10_eta": -2.4604284624834922, "log10_lambda": -0.2274212035051324, "log10_min_child_weight": 0.4719649468889997, "log10_subsample": -0.08898188589854494, "max_depth": 5.0, "num_boost_round": 8.0}, "datetime": {"datetime": "2024-01-19 01:00:16", "elapsed": 2896.835838, "delta": 0.00315}}
{"target": -17.675853543311828, "params": {"gamma": 884.1701933666221, "log10_alpha": -4.9069245785177245, "log10_colsample_bytree": -0.3353187663514956, "log10_eta": -2.4604284624834922, "log10_lambda": -0.2274212035051324, "log10_min_child_weight": 0.4719649468889997, "log10_subsample": -0.08898188589854494, "max_depth": 5.0, "num_boost_round": 9.0}, "datetime": {"datetime": "2024-01-19 01:00:16", "elapsed": 2896.843049, "delta": 0.007211}}
{"target": -17.67563791524941, "params": {"gamma": 884.1701933666221, "log10_alpha": -4.9069245785177245, "log10_colsample_bytree": -0.3353187663514956, "log10_eta": -2.4604284624834922, "log10_lambda": -0.2274212035051324, "log10_min_child_weight": 0.4719649468889997, "log10_subsample": -0.08898188589854494, "max_depth": 5.0, "num_boost_round": 10.0}, "datetime": {"datetime": "2024-01-19 01:00:16", "elapsed": 2896.846236, "delta": 0.003187}}
{"target": -17.675559337516557, "params": {"gamma": 884.1701933666221, "log10_alpha": -4.9069245785177245, "log10_colsample_bytree": -0.3353187663514956, "log10_eta": -2.4604284624834922, "log10_lambda": -0.2274212035051324, "log10_min_child_weight": 0.4719649468889997, "log10_subsample": -0.08898188589854494, "max_depth": 5.0, "num_boost_round": 11.0}, "datetime": {"datetime": "2024-01-19 01:00:16", "elapsed": 2896.84945, "delta": 0.003214}}
{"target": -17.675434130655795, "params": {"gamma": 884.1701933666221, "log10_alpha": -4.9069245785177245, "log10_colsample_bytree": -0.3353187663514956, "log10_eta": -2.4604284624834922, "log10_lambda": -0.2274212035051324, "log10_min_child_weight": 0.4719649468889997, "log10_subsample": -0.08898188589854494, "max_depth": 5.0, "num_boost_round": 12.0}, "datetime": {"datetime": "2024-01-19 01:00:16", "elapsed": 2896.852661, "delta": 0.003211}}
{"target": -17.675318764417586, "params": {"gamma": 884.1701933666221, "log10_alpha": -4.9069245785177245, "log10_colsample_bytree": -0.3353187663514956, "log10_eta": -2.4604284624834922, "log10_lambda": -0.2274212035051324, "log10_min_child_weight": 0.4719649468889997, "log10_subsample": -0.08898188589854494, "max_depth": 5.0, "num_boost_round": 13.0}, "datetime": {"datetime": "2024-01-19 01:00:16", "elapsed": 2896.85588, "delta": 0.003219}}
{"target": -17.675336393273028, "params": {"gamma": 884.1701933666221, "log10_alpha": -4.9069245785177245, "log10_colsample_bytree": -0.3353187663514956, "log10_eta": -2.4604284624834922, "log10_lambda": -0.2274212035051324, "log10_min_child_weight": 0.4719649468889997, "log10_subsample": -0.08898188589854494, "max_depth": 5.0, "num_boost_round": 14.0}, "datetime": {"datetime": "2024-01-19 01:00:16", "elapsed": 2896.85908, "delta": 0.0032}}
{"target": -17.67544815104819, "params": {"gamma": 884.1701933666221, "log10_alpha": -4.9069245785177245, "log10_colsample_bytree": -0.3353187663514956, "log10_eta": -2.4604284624834922, "log10_lambda": -0.2274212035051324, "log10_min_child_weight": 0.4719649468889997, "log10_subsample": -0.08898188589854494, "max_depth": 5.0, "num_boost_round": 15.0}, "datetime": {"datetime": "2024-01-19 01:00:16", "elapsed": 2896.862272, "delta": 0.003192}}
{"target": -17.675415390080516, "params": {"gamma": 884.1701933666221, "log10_alpha": -4.9069245785177245, "log10_colsample_bytree": -0.3353187663514956, "log10_eta": -2.4604284624834922, "log10_lambda": -0.2274212035051324, "log10_min_child_weight": 0.4719649468889997, "log10_subsample": -0.08898188589854494, "max_depth": 5.0, "num_boost_round": 16.0}, "datetime": {"datetime": "2024-01-19 01:00:16", "elapsed": 2896.865379, "delta": 0.003107}}
{"target": -17.675269161531126, "params": {"gamma": 884.1701933666221, "log10_alpha": -4.9069245785177245, "log10_colsample_bytree": -0.3353187663514956, "log10_eta": -2.4604284624834922, "log10_lambda": -0.2274212035051324, "log10_min_child_weight": 0.4719649468889997, "log10_subsample": -0.08898188589854494, "max_depth": 5.0, "num_boost_round": 17.0}, "datetime": {"datetime": "2024-01-19 01:00:16", "elapsed": 2896.868521, "delta": 0.003142}}
{"target": -17.675213670434367, "params": {"gamma": 884.1701933666221, "log10_alpha": -4.9069245785177245, "log10_colsample_bytree": -0.3353187663514956, "log10_eta": -2.4604284624834922, "log10_lambda": -0.2274212035051324, "log10_min_child_weight": 0.4719649468889997, "log10_subsample": -0.08898188589854494, "max_depth": 5.0, "num_boost_round": 18.0}, "datetime": {"datetime": "2024-01-19 01:00:16", "elapsed": 2896.871638, "delta": 0.003117}}
{"target": -17.675300901855632, "params": {"gamma": 884.1701933666221, "log10_alpha": -4.9069245785177245, "log10_colsample_bytree": -0.3353187663514956, "log10_eta": -2.4604284624834922, "log10_lambda": -0.2274212035051324, "log10_min_child_weight": 0.4719649468889997, "log10_subsample": -0.08898188589854494, "max_depth": 5.0, "num_boost_round": 19.0}, "datetime": {"datetime": "2024-01-19 01:00:16", "elapsed": 2896.874936, "delta": 0.003298}}
{"target": -17.675210828187748, "params": {"gamma": 884.1701933666221, "log10_alpha": -4.9069245785177245, "log10_colsample_bytree": -0.3353187663514956, "log10_eta": -2.4604284624834922, "log10_lambda": -0.2274212035051324, "log10_min_child_weight": 0.4719649468889997, "log10_subsample": -0.08898188589854494, "max_depth": 5.0, "num_boost_round": 20.0}, "datetime": {"datetime": "2024-01-19 01:00:16", "elapsed": 2896.878253, "delta": 0.003317}}
{"target": -17.67498186500542, "params": {"gamma": 884.1701933666221, "log10_alpha": -4.9069245785177245, "log10_colsample_bytree": -0.3353187663514956, "log10_eta": -2.4604284624834922, "log10_lambda": -0.2274212035051324, "log10_min_child_weight": 0.4719649468889997, "log10_subsample": -0.08898188589854494, "max_depth": 5.0, "num_boost_round": 21.0}, "datetime": {"datetime": "2024-01-19 01:00:16", "elapsed": 2896.881516, "delta": 0.003263}}
{"target": -17.67483214215142, "params": {"gamma": 884.1701933666221, "log10_alpha": -4.9069245785177245, "log10_colsample_bytree": -0.3353187663514956, "log10_eta": -2.4604284624834922, "log10_lambda": -0.2274212035051324, "log10_min_child_weight": 0.4719649468889997, "log10_subsample": -0.08898188589854494, "max_depth": 5.0, "num_boost_round": 22.0}, "datetime": {"datetime": "2024-01-19 01:00:16", "elapsed": 2896.884676, "delta": 0.00316}}
{"target": -17.674751928512052, "params": {"gamma": 884.1701933666221, "log10_alpha": -4.9069245785177245, "log10_colsample_bytree": -0.3353187663514956, "log10_eta": -2.4604284624834922, "log10_lambda": -0.2274212035051324, "log10_min_child_weight": 0.4719649468889997, "log10_subsample": -0.08898188589854494, "max_depth": 5.0, "num_boost_round": 23.0}, "datetime": {"datetime": "2024-01-19 01:00:16", "elapsed": 2896.887869, "delta": 0.003193}}
{"target": -17.6747170768181, "params": {"gamma": 884.1701933666221, "log10_alpha": -4.9069245785177245, "log10_colsample_bytree": -0.3353187663514956, "log10_eta": -2.4604284624834922, "log10_lambda": -0.2274212035051324, "log10_min_child_weight": 0.4719649468889997, "log10_subsample": -0.08898188589854494, "max_depth": 5.0, "num_boost_round": 24.0}, "datetime": {"datetime": "2024-01-19 01:00:16", "elapsed": 2896.891018, "delta": 0.003149}}
{"target": -17.674736394593715, "params": {"gamma": 884.1701933666221, "log10_alpha": -4.9069245785177245, "log10_colsample_bytree": -0.3353187663514956, "log10_eta": -2.4604284624834922, "log10_lambda": -0.2274212035051324, "log10_min_child_weight": 0.4719649468889997, "log10_subsample": -0.08898188589854494, "max_depth": 5.0, "num_boost_round": 25.0}, "datetime": {"datetime": "2024-01-19 01:00:16", "elapsed": 2896.894251, "delta": 0.003233}}
{"target": -17.674836400496417, "params": {"gamma": 884.1701933666221, "log10_alpha": -4.9069245785177245, "log10_colsample_bytree": -0.3353187663514956, "log10_eta": -2.4604284624834922, "log10_lambda": -0.2274212035051324, "log10_min_child_weight": 0.4719649468889997, "log10_subsample": -0.08898188589854494, "max_depth": 5.0, "num_boost_round": 26.0}, "datetime": {"datetime": "2024-01-19 01:00:16", "elapsed": 2896.89748, "delta": 0.003229}}
{"target": -17.67478257952527, "params": {"gamma": 884.1701933666221, "log10_alpha": -4.9069245785177245, "log10_colsample_bytree": -0.3353187663514956, "log10_eta": -2.4604284624834922, "log10_lambda": -0.2274212035051324, "log10_min_child_weight": 0.4719649468889997, "log10_subsample": -0.08898188589854494, "max_depth": 5.0, "num_boost_round": 27.0}, "datetime": {"datetime": "2024-01-19 01:00:16", "elapsed": 2896.900797, "delta": 0.003317}}
{"target": -17.674743592591085, "params": {"gamma": 884.1701933666221, "log10_alpha": -4.9069245785177245, "log10_colsample_bytree": -0.3353187663514956, "log10_eta": -2.4604284624834922, "log10_lambda": -0.2274212035051324, "log10_min_child_weight": 0.4719649468889997, "log10_subsample": -0.08898188589854494, "max_depth": 5.0, "num_boost_round": 28.0}, "datetime": {"datetime": "2024-01-19 01:00:16", "elapsed": 2896.903989, "delta": 0.003192}}
{"target": -17.674661641246303, "params": {"gamma": 884.1701933666221, "log10_alpha": -4.9069245785177245, "log10_colsample_bytree": -0.3353187663514956, "log10_eta": -2.4604284624834922, "log10_lambda": -0.2274212035051324, "log10_min_child_weight": 0.4719649468889997, "log10_subsample": -0.08898188589854494, "max_depth": 5.0, "num_boost_round": 29.0}, "datetime": {"datetime": "2024-01-19 01:00:16", "elapsed": 2896.90725, "delta": 0.003261}}
{"target": -17.674599454236795, "params": {"gamma": 884.1701933666221, "log10_alpha": -4.9069245785177245, "log10_colsample_bytree": -0.3353187663514956, "log10_eta": -2.4604284624834922, "log10_lambda": -0.2274212035051324, "log10_min_child_weight": 0.4719649468889997, "log10_subsample": -0.08898188589854494, "max_depth": 5.0, "num_boost_round": 30.0}, "datetime": {"datetime": "2024-01-19 01:00:16", "elapsed": 2896.910388, "delta": 0.003138}}
{"target": -17.674468067536623, "params": {"gamma": 884.1701933666221, "log10_alpha": -4.9069245785177245, "log10_colsample_bytree": -0.3353187663514956, "log10_eta": -2.4604284624834922, "log10_lambda": -0.2274212035051324, "log10_min_child_weight": 0.4719649468889997, "log10_subsample": -0.08898188589854494, "max_depth": 5.0, "num_boost_round": 31.0}, "datetime": {"datetime": "2024-01-19 01:00:16", "elapsed": 2896.913576, "delta": 0.003188}}
{"target": -17.67452579085601, "params": {"gamma": 884.1701933666221, "log10_alpha": -4.9069245785177245, "log10_colsample_bytree": -0.3353187663514956, "log10_eta": -2.4604284624834922, "log10_lambda": -0.2274212035051324, "log10_min_child_weight": 0.4719649468889997, "log10_subsample": -0.08898188589854494, "max_depth": 5.0, "num_boost_round": 32.0}, "datetime": {"datetime": "2024-01-19 01:00:16", "elapsed": 2896.916727, "delta": 0.003151}}
{"target": -17.67437048208302, "params": {"gamma": 884.1701933666221, "log10_alpha": -4.9069245785177245, "log10_colsample_bytree": -0.3353187663514956, "log10_eta": -2.4604284624834922, "log10_lambda": -0.2274212035051324, "log10_min_child_weight": 0.4719649468889997, "log10_subsample": -0.08898188589854494, "max_depth": 5.0, "num_boost_round": 33.0}, "datetime": {"datetime": "2024-01-19 01:00:16", "elapsed": 2896.919902, "delta": 0.003175}}
{"target": -17.677224357454325, "params": {"gamma": 893.0958143996162, "log10_alpha": -2.656235917267492, "log10_colsample_bytree": -0.3999651151184771, "log10_eta": -3.3798160467815133, "log10_lambda": -4.414143195545222, "log10_min_child_weight": 0.3974241434402187, "log10_subsample": -0.1159757755723676, "max_depth": 2.0, "num_boost_round": 0.0}, "datetime": {"datetime": "2024-01-19 01:00:55", "elapsed": 2936.018062, "delta": 39.09816}}
{"target": -17.677213522376146, "params": {"gamma": 893.0958143996162, "log10_alpha": -2.656235917267492, "log10_colsample_bytree": -0.3999651151184771, "log10_eta": -3.3798160467815133, "log10_lambda": -4.414143195545222, "log10_min_child_weight": 0.3974241434402187, "log10_subsample": -0.1159757755723676, "max_depth": 2.0, "num_boost_round": 1.0}, "datetime": {"datetime": "2024-01-19 01:00:55", "elapsed": 2936.02187, "delta": 0.003808}}
{"target": -17.67720144708027, "params": {"gamma": 893.0958143996162, "log10_alpha": -2.656235917267492, "log10_colsample_bytree": -0.3999651151184771, "log10_eta": -3.3798160467815133, "log10_lambda": -4.414143195545222, "log10_min_child_weight": 0.3974241434402187, "log10_subsample": -0.1159757755723676, "max_depth": 2.0, "num_boost_round": 2.0}, "datetime": {"datetime": "2024-01-19 01:00:55", "elapsed": 2936.025611, "delta": 0.003741}}
{"target": -17.677193338761995, "params": {"gamma": 893.0958143996162, "log10_alpha": -2.656235917267492, "log10_colsample_bytree": -0.3999651151184771, "log10_eta": -3.3798160467815133, "log10_lambda": -4.414143195545222, "log10_min_child_weight": 0.3974241434402187, "log10_subsample": -0.1159757755723676, "max_depth": 2.0, "num_boost_round": 3.0}, "datetime": {"datetime": "2024-01-19 01:00:55", "elapsed": 2936.029062, "delta": 0.003451}}
{"target": -17.677187721467398, "params": {"gamma": 893.0958143996162, "log10_alpha": -2.656235917267492, "log10_colsample_bytree": -0.3999651151184771, "log10_eta": -3.3798160467815133, "log10_lambda": -4.414143195545222, "log10_min_child_weight": 0.3974241434402187, "log10_subsample": -0.1159757755723676, "max_depth": 2.0, "num_boost_round": 4.0}, "datetime": {"datetime": "2024-01-19 01:00:55", "elapsed": 2936.032917, "delta": 0.003855}}
{"target": -17.677179580433414, "params": {"gamma": 893.0958143996162, "log10_alpha": -2.656235917267492, "log10_colsample_bytree": -0.3999651151184771, "log10_eta": -3.3798160467815133, "log10_lambda": -4.414143195545222, "log10_min_child_weight": 0.3974241434402187, "log10_subsample": -0.1159757755723676, "max_depth": 2.0, "num_boost_round": 5.0}, "datetime": {"datetime": "2024-01-19 01:00:55", "elapsed": 2936.036171, "delta": 0.003254}}
{"target": -17.67717465746261, "params": {"gamma": 893.0958143996162, "log10_alpha": -2.656235917267492, "log10_colsample_bytree": -0.3999651151184771, "log10_eta": -3.3798160467815133, "log10_lambda": -4.414143195545222, "log10_min_child_weight": 0.3974241434402187, "log10_subsample": -0.1159757755723676, "max_depth": 2.0, "num_boost_round": 6.0}, "datetime": {"datetime": "2024-01-19 01:00:55", "elapsed": 2936.039405, "delta": 0.003234}}
{"target": -17.677161323543277, "params": {"gamma": 893.0958143996162, "log10_alpha": -2.656235917267492, "log10_colsample_bytree": -0.3999651151184771, "log10_eta": -3.3798160467815133, "log10_lambda": -4.414143195545222, "log10_min_child_weight": 0.3974241434402187, "log10_subsample": -0.1159757755723676, "max_depth": 2.0, "num_boost_round": 7.0}, "datetime": {"datetime": "2024-01-19 01:00:55", "elapsed": 2936.042681, "delta": 0.003276}}
{"target": -17.677153778204236, "params": {"gamma": 893.0958143996162, "log10_alpha": -2.656235917267492, "log10_colsample_bytree": -0.3999651151184771, "log10_eta": -3.3798160467815133, "log10_lambda": -4.414143195545222, "log10_min_child_weight": 0.3974241434402187, "log10_subsample": -0.1159757755723676, "max_depth": 2.0, "num_boost_round": 8.0}, "datetime": {"datetime": "2024-01-19 01:00:55", "elapsed": 2936.045911, "delta": 0.00323}}
{"target": -17.677144488871452, "params": {"gamma": 893.0958143996162, "log10_alpha": -2.656235917267492, "log10_colsample_bytree": -0.3999651151184771, "log10_eta": -3.3798160467815133, "log10_lambda": -4.414143195545222, "log10_min_child_weight": 0.3974241434402187, "log10_subsample": -0.1159757755723676, "max_depth": 2.0, "num_boost_round": 9.0}, "datetime": {"datetime": "2024-01-19 01:00:55", "elapsed": 2936.049078, "delta": 0.003167}}
{"target": -17.677132577754527, "params": {"gamma": 893.0958143996162, "log10_alpha": -2.656235917267492, "log10_colsample_bytree": -0.3999651151184771, "log10_eta": -3.3798160467815133, "log10_lambda": -4.414143195545222, "log10_min_child_weight": 0.3974241434402187, "log10_subsample": -0.1159757755723676, "max_depth": 2.0, "num_boost_round": 10.0}, "datetime": {"datetime": "2024-01-19 01:00:55", "elapsed": 2936.052279, "delta": 0.003201}}
{"target": -17.677125623304562, "params": {"gamma": 893.0958143996162, "log10_alpha": -2.656235917267492, "log10_colsample_bytree": -0.3999651151184771, "log10_eta": -3.3798160467815133, "log10_lambda": -4.414143195545222, "log10_min_child_weight": 0.3974241434402187, "log10_subsample": -0.1159757755723676, "max_depth": 2.0, "num_boost_round": 11.0}, "datetime": {"datetime": "2024-01-19 01:00:55", "elapsed": 2936.055528, "delta": 0.003249}}
{"target": -17.677112200341647, "params": {"gamma": 893.0958143996162, "log10_alpha": -2.656235917267492, "log10_colsample_bytree": -0.3999651151184771, "log10_eta": -3.3798160467815133, "log10_lambda": -4.414143195545222, "log10_min_child_weight": 0.3974241434402187, "log10_subsample": -0.1159757755723676, "max_depth": 2.0, "num_boost_round": 12.0}, "datetime": {"datetime": "2024-01-19 01:00:55", "elapsed": 2936.058807, "delta": 0.003279}}
{"target": -17.677231740032216, "params": {"gamma": 871.008681990431, "log10_alpha": 0.4587477761202621, "log10_colsample_bytree": -0.8004504113955618, "log10_eta": -3.9861439432409296, "log10_lambda": -3.270940614866392, "log10_min_child_weight": 3.3803315970229497, "log10_subsample": -0.9712428991814809, "max_depth": 2.0, "num_boost_round": 0.0}, "datetime": {"datetime": "2024-01-19 01:01:50", "elapsed": 2991.36164, "delta": 55.302833}}
{"target": -17.67723090083626, "params": {"gamma": 871.008681990431, "log10_alpha": 0.4587477761202621, "log10_colsample_bytree": -0.8004504113955618, "log10_eta": -3.9861439432409296, "log10_lambda": -3.270940614866392, "log10_min_child_weight": 3.3803315970229497, "log10_subsample": -0.9712428991814809, "max_depth": 2.0, "num_boost_round": 1.0}, "datetime": {"datetime": "2024-01-19 01:01:50", "elapsed": 2991.366203, "delta": 0.004563}}
