{"target": -13.758189319224924, "params": {"gamma": 418.01062139031797, "log10_alpha": -4.3040186180041085, "log10_colsample_bytree": -0.4485595872184861, "log10_eta": -3.5071692568532966, "log10_lambda": -2.69278192414378, "log10_min_child_weight": 0.8644361429982972, "log10_subsample": -0.13103506334942994, "max_depth": 4.0, "num_boost_round": 63.0}, "datetime": {"datetime": "2024-01-19 00:12:21", "elapsed": 44.167973, "delta": 0.000356}}
{"target": -13.758177404765624, "params": {"gamma": 418.01062139031797, "log10_alpha": -4.3040186180041085, "log10_colsample_bytree": -0.4485595872184861, "log10_eta": -3.5071692568532966, "log10_lambda": -2.69278192414378, "log10_min_child_weight": 0.8644361429982972, "log10_subsample": -0.13103506334942994, "max_depth": 4.0, "num_boost_round": 64.0}, "datetime": {"datetime": "2024-01-19 00:12:21", "elapsed": 44.168323, "delta": 0.00035}}
{"target": -13.758170000432319, "params": {"gamma": 418.01062139031797, "log10_alpha": -4.3040186180041085, "log10_colsample_bytree": -0.4485595872184861, "log10_eta": -3.5071692568532966, "log10_lambda": -2.69278192414378, "log10_min_child_weight": 0.8644361429982972, "log10_subsample": -0.13103506334942994, "max_depth": 4.0, "num_boost_round": 65.0}, "datetime": {"datetime": "2024-01-19 00:12:21", "elapsed": 44.168673, "delta": 0.00035}}
{"target": -13.758164846573415, "params": {"gamma": 418.01062139031797, "log10_alpha": -4.3040186180041085, "log10_colsample_bytree": -0.4485595872184861, "log10_eta": -3.5071692568532966, "log10_lambda": -2.69278192414378, "log10_min_child_weight": 0.8644361429982972, "log10_subsample": -0.13103506334942994, "max_depth": 4.0, "num_boost_round": 66.0}, "datetime": {"datetime": "2024-01-19 00:12:21", "elapsed": 44.169026, "delta": 0.000353}}
{"target": -13.758159610219895, "params": {"gamma": 418.01062139031797, "log10_alpha": -4.3040186180041085, "log10_colsample_bytree": -0.4485595872184861, "log10_eta": -3.5071692568532966, "log10_lambda": -2.69278192414378, "log10_min_child_weight": 0.8644361429982972, "log10_subsample": -0.13103506334942994, "max_depth": 4.0, "num_boost_round": 67.0}, "datetime": {"datetime": "2024-01-19 00:12:21", "elapsed": 44.169374, "delta": 0.000348}}
{"target": -13.758155590344078, "params": {"gamma": 418.01062139031797, "log10_alpha": -4.3040186180041085, "log10_colsample_bytree": -0.4485595872184861, "log10_eta": -3.5071692568532966, "log10_lambda": -2.69278192414378, "log10_min_child_weight": 0.8644361429982972, "log10_subsample": -0.13103506334942994, "max_depth": 4.0, "num_boost_round": 68.0}, "datetime": {"datetime": "2024-01-19 00:12:21", "elapsed": 44.169729, "delta": 0.000355}}
{"target": -13.758149427967703, "params": {"gamma": 418.01062139031797, "log10_alpha": -4.3040186180041085, "log10_colsample_bytree": -0.4485595872184861, "log10_eta": -3.5071692568532966, "log10_lambda": -2.69278192414378, "log10_min_child_weight": 0.8644361429982972, "log10_subsample": -0.13103506334942994, "max_depth": 4.0, "num_boost_round": 69.0}, "datetime": {"datetime": "2024-01-19 00:12:21", "elapsed": 44.170084, "delta": 0.000355}}
{"target": -13.758146065185748, "params": {"gamma": 418.01062139031797, "log10_alpha": -4.3040186180041085, "log10_colsample_bytree": -0.4485595872184861, "log10_eta": -3.5071692568532966, "log10_lambda": -2.69278192414378, "log10_min_child_weight": 0.8644361429982972, "log10_subsample": -0.13103506334942994, "max_depth": 4.0, "num_boost_round": 70.0}, "datetime": {"datetime": "2024-01-19 00:12:21", "elapsed": 44.170442, "delta": 0.000358}}
{"target": -13.758148097732251, "params": {"gamma": 418.01062139031797, "log10_alpha": -4.3040186180041085, "log10_colsample_bytree": -0.4485595872184861, "log10_eta": -3.5071692568532966, "log10_lambda": -2.69278192414378, "log10_min_child_weight": 0.8644361429982972, "log10_subsample": -0.13103506334942994, "max_depth": 4.0, "num_boost_round": 71.0}, "datetime": {"datetime": "2024-01-19 00:12:21", "elapsed": 44.170809, "delta": 0.000367}}
{"target": -13.758144362328093, "params": {"gamma": 418.01062139031797, "log10_alpha": -4.3040186180041085, "log10_colsample_bytree": -0.4485595872184861, "log10_eta": -3.5071692568532966, "log10_lambda": -2.69278192414378, "log10_min_child_weight": 0.8644361429982972, "log10_subsample": -0.13103506334942994, "max_depth": 4.0, "num_boost_round": 72.0}, "datetime": {"datetime": "2024-01-19 00:12:21", "elapsed": 44.171165, "delta": 0.000356}}
{"target": -13.758145047213226, "params": {"gamma": 418.01062139031797, "log10_alpha": -4.3040186180041085, "log10_colsample_bytree": -0.4485595872184861, "log10_eta": -3.5071692568532966, "log10_lambda": -2.69278192414378, "log10_min_child_weight": 0.8644361429982972, "log10_subsample": -0.13103506334942994, "max_depth": 4.0, "num_boost_round": 73.0}, "datetime": {"datetime": "2024-01-19 00:12:21", "elapsed": 44.171533, "delta": 0.000368}}
{"target": -13.758141431777602, "params": {"gamma": 418.01062139031797, "log10_alpha": -4.3040186180041085, "log10_colsample_bytree": -0.4485595872184861, "log10_eta": -3.5071692568532966, "log10_lambda": -2.69278192414378, "log10_min_child_weight": 0.8644361429982972, "log10_subsample": -0.13103506334942994, "max_depth": 4.0, "num_boost_round": 74.0}, "datetime": {"datetime": "2024-01-19 00:12:21", "elapsed": 44.171894, "delta": 0.000361}}
{"target": -13.758137009561812, "params": {"gamma": 418.01062139031797, "log10_alpha": -4.3040186180041085, "log10_colsample_bytree": -0.4485595872184861, "log10_eta": -3.5071692568532966, "log10_lambda": -2.69278192414378, "log10_min_child_weight": 0.8644361429982972, "log10_subsample": -0.13103506334942994, "max_depth": 4.0, "num_boost_round": 75.0}, "datetime": {"datetime": "2024-01-19 00:12:21", "elapsed": 44.172256, "delta": 0.000362}}
{"target": -13.758128832332263, "params": {"gamma": 418.01062139031797, "log10_alpha": -4.3040186180041085, "log10_colsample_bytree": -0.4485595872184861, "log10_eta": -3.5071692568532966, "log10_lambda": -2.69278192414378, "log10_min_child_weight": 0.8644361429982972, "log10_subsample": -0.13103506334942994, "max_depth": 4.0, "num_boost_round": 76.0}, "datetime": {"datetime": "2024-01-19 00:12:21", "elapsed": 44.172625, "delta": 0.000369}}
{"target": -13.758132215967633, "params": {"gamma": 418.01062139031797, "log10_alpha": -4.3040186180041085, "log10_colsample_bytree": -0.4485595872184861, "log10_eta": -3.5071692568532966, "log10_lambda": -2.69278192414378, "log10_min_child_weight": 0.8644361429982972, "log10_subsample": -0.13103506334942994, "max_depth": 4.0, "num_boost_round": 77.0}, "datetime": {"datetime": "2024-01-19 00:12:21", "elapsed": 44.172991, "delta": 0.000366}}
{"target": -13.758129771175948, "params": {"gamma": 418.01062139031797, "log10_alpha": -4.3040186180041085, "log10_colsample_bytree": -0.4485595872184861, "log10_eta": -3.5071692568532966, "log10_lambda": -2.69278192414378, "log10_min_child_weight": 0.8644361429982972, "log10_subsample": -0.13103506334942994, "max_depth": 4.0, "num_boost_round": 78.0}, "datetime": {"datetime": "2024-01-19 00:12:21", "elapsed": 44.173359, "delta": 0.000368}}
{"target": -13.758121969492127, "params": {"gamma": 418.01062139031797, "log10_alpha": -4.3040186180041085, "log10_colsample_bytree": -0.4485595872184861, "log10_eta": -3.5071692568532966, "log10_lambda": -2.69278192414378, "log10_min_child_weight": 0.8644361429982972, "log10_subsample": -0.13103506334942994, "max_depth": 4.0, "num_boost_round": 79.0}, "datetime": {"datetime": "2024-01-19 00:12:21", "elapsed": 44.173732, "delta": 0.000373}}
{"target": -13.75812339104411, "params": {"gamma": 418.01062139031797, "log10_alpha": -4.3040186180041085, "log10_colsample_bytree": -0.4485595872184861, "log10_eta": -3.5071692568532966, "log10_lambda": -2.69278192414378, "log10_min_child_weight": 0.8644361429982972, "log10_subsample": -0.13103506334942994, "max_depth": 4.0, "num_boost_round": 80.0}, "datetime": {"datetime": "2024-01-19 00:12:21", "elapsed": 44.174106, "delta": 0.000374}}
{"target": -13.758114938854634, "params": {"gamma": 418.01062139031797, "log10_alpha": -4.3040186180041085, "log10_colsample_bytree": -0.4485595872184861, "log10_eta": -3.5071692568532966, "log10_lambda": -2.69278192414378, "log10_min_child_weight": 0.8644361429982972, "log10_subsample": -0.13103506334942994, "max_depth": 4.0, "num_boost_round": 81.0}, "datetime": {"datetime": "2024-01-19 00:12:21", "elapsed": 44.174485, "delta": 0.000379}}
{"target": -13.758100612092536, "params": {"gamma": 418.01062139031797, "log10_alpha": -4.3040186180041085, "log10_colsample_bytree": -0.4485595872184861, "log10_eta": -3.5071692568532966, "log10_lambda": -2.69278192414378, "log10_min_child_weight": 0.8644361429982972, "log10_subsample": -0.13103506334942994, "max_depth": 4.0, "num_boost_round": 82.0}, "datetime": {"datetime": "2024-01-19 00:12:21", "elapsed": 44.17486, "delta": 0.000375}}
{"target": -13.758098744776408, "params": {"gamma": 418.01062139031797, "log10_alpha": -4.3040186180041085, "log10_colsample_bytree": -0.4485595872184861, "log10_eta": -3.5071692568532966, "log10_lambda": -2.69278192414378, "log10_min_child_weight": 0.8644361429982972, "log10_subsample": -0.13103506334942994, "max_depth": 4.0, "num_boost_round": 83.0}, "datetime": {"datetime": "2024-01-19 00:12:21", "elapsed": 44.175234, "delta": 0.000374}}
{"target": -13.758096002037721, "params": {"gamma": 418.01062139031797, "log10_alpha": -4.3040186180041085, "log10_colsample_bytree": -0.4485595872184861, "log10_eta": -3.5071692568532966, "log10_lambda": -2.69278192414378, "log10_min_child_weight": 0.8644361429982972, "log10_subsample": -0.13103506334942994, "max_depth": 4.0, "num_boost_round": 84.0}, "datetime": {"datetime": "2024-01-19 00:12:21", "elapsed": 44.175612, "delta": 0.000378}}
{"target": -13.758088939041041, "params": {"gamma": 418.01062139031797, "log10_alpha": -4.3040186180041085, "log10_colsample_bytree": -0.4485595872184861, "log10_eta": -3.5071692568532966, "log10_lambda": -2.69278192414378, "log10_min_child_weight": 0.8644361429982972, "log10_subsample": -0.13103506334942994, "max_depth": 4.0, "num_boost_round": 85.0}, "datetime": {"datetime": "2024-01-19 00:12:21", "elapsed": 44.175994, "delta": 0.000382}}
{"target": -13.758388946416757, "params": {"gamma": 418.0253256598596, "log10_alpha": 0.9682301645462825, "log10_colsample_bytree": -0.6287571324481847, "log10_eta": -2.103017147542216, "log10_lambda": -3.9441439666382667, "log10_min_child_weight": 1.4903625371993128, "log10_subsample": -0.4399756158969077, "max_depth": 4.0, "num_boost_round": 0.0}, "datetime": {"datetime": "2024-01-19 00:13:00", "elapsed": 83.521383, "delta": 39.345389}}
{"target": -13.758017008265945, "params": {"gamma": 418.0253256598596, "log10_alpha": 0.9682301645462825, "log10_colsample_bytree": -0.6287571324481847, "log10_eta": -2.103017147542216, "log10_lambda": -3.9441439666382667, "log10_min_child_weight": 1.4903625371993128, "log10_subsample": -0.4399756158969077, "max_depth": 4.0, "num_boost_round": 1.0}, "datetime": {"datetime": "2024-01-19 00:13:00", "elapsed": 83.521954, "delta": 0.000571}}
{"target": -13.757900229783779, "params": {"gamma": 418.0253256598596, "log10_alpha": 0.9682301645462825, "log10_colsample_bytree": -0.6287571324481847, "log10_eta": -2.103017147542216, "log10_lambda": -3.9441439666382667, "log10_min_child_weight": 1.4903625371993128, "log10_subsample": -0.4399756158969077, "max_depth": 4.0, "num_boost_round": 2.0}, "datetime": {"datetime": "2024-01-19 00:13:00", "elapsed": 83.52238, "delta": 0.000426}}
{"target": -13.757811067756128, "params": {"gamma": 418.0253256598596, "log10_alpha": 0.9682301645462825, "log10_colsample_bytree": -0.6287571324481847, "log10_eta": -2.103017147542216, "log10_lambda": -3.9441439666382667, "log10_min_child_weight": 1.4903625371993128, "log10_subsample": -0.4399756158969077, "max_depth": 4.0, "num_boost_round": 3.0}, "datetime": {"datetime": "2024-01-19 00:13:00", "elapsed": 83.522791, "delta": 0.000411}}
{"target": -13.757811629520491, "params": {"gamma": 418.0253256598596, "log10_alpha": 0.9682301645462825, "log10_colsample_bytree": -0.6287571324481847, "log10_eta": -2.103017147542216, "log10_lambda": -3.9441439666382667, "log10_min_child_weight": 1.4903625371993128, "log10_subsample": -0.4399756158969077, "max_depth": 4.0, "num_boost_round": 4.0}, "datetime": {"datetime": "2024-01-19 00:13:00", "elapsed": 83.523193, "delta": 0.000402}}
{"target": -13.757574018135006, "params": {"gamma": 418.0253256598596, "log10_alpha": 0.9682301645462825, "log10_colsample_bytree": -0.6287571324481847, "log10_eta": -2.103017147542216, "log10_lambda": -3.9441439666382667, "log10_min_child_weight": 1.4903625371993128, "log10_subsample": -0.4399756158969077, "max_depth": 4.0, "num_boost_round": 5.0}, "datetime": {"datetime": "2024-01-19 00:13:00", "elapsed": 83.523721, "delta": 0.000528}}
{"target": -13.75742406079856, "params": {"gamma": 418.0253256598596, "log10_alpha": 0.9682301645462825, "log10_colsample_bytree": -0.6287571324481847, "log10_eta": -2.103017147542216, "log10_lambda": -3.9441439666382667, "log10_min_child_weight": 1.4903625371993128, "log10_subsample": -0.4399756158969077, "max_depth": 4.0, "num_boost_round": 6.0}, "datetime": {"datetime": "2024-01-19 00:13:00", "elapsed": 83.524134, "delta": 0.000413}}
{"target": -13.757287576893086, "params": {"gamma": 418.0253256598596, "log10_alpha": 0.9682301645462825, "log10_colsample_bytree": -0.6287571324481847, "log10_eta": -2.103017147542216, "log10_lambda": -3.9441439666382667, "log10_min_child_weight": 1.4903625371993128, "log10_subsample": -0.4399756158969077, "max_depth": 4.0, "num_boost_round": 7.0}, "datetime": {"datetime": "2024-01-19 00:13:00", "elapsed": 83.524551, "delta": 0.000417}}
{"target": -13.757234101852399, "params": {"gamma": 418.0253256598596, "log10_alpha": 0.9682301645462825, "log10_colsample_bytree": -0.6287571324481847, "log10_eta": -2.103017147542216, "log10_lambda": -3.9441439666382667, "log10_min_child_weight": 1.4903625371993128, "log10_subsample": -0.4399756158969077, "max_depth": 4.0, "num_boost_round": 8.0}, "datetime": {"datetime": "2024-01-19 00:13:00", "elapsed": 83.524953, "delta": 0.000402}}
{"target": -13.757057655960512, "params": {"gamma": 418.0253256598596, "log10_alpha": 0.9682301645462825, "log10_colsample_bytree": -0.6287571324481847, "log10_eta": -2.103017147542216, "log10_lambda": -3.9441439666382667, "log10_min_child_weight": 1.4903625371993128, "log10_subsample": -0.4399756158969077, "max_depth": 4.0, "num_boost_round": 9.0}, "datetime": {"datetime": "2024-01-19 00:13:00", "elapsed": 83.525359, "delta": 0.000406}}
{"target": -13.75700790590224, "params": {"gamma": 418.0253256598596, "log10_alpha": 0.9682301645462825, "log10_colsample_bytree": -0.6287571324481847, "log10_eta": -2.103017147542216, "log10_lambda": -3.9441439666382667, "log10_min_child_weight": 1.4903625371993128, "log10_subsample": -0.4399756158969077, "max_depth": 4.0, "num_boost_round": 10.0}, "datetime": {"datetime": "2024-01-19 00:13:00", "elapsed": 83.52577, "delta": 0.000411}}
{"target": -13.756944164544615, "params": {"gamma": 418.0253256598596, "log10_alpha": 0.9682301645462825, "log10_colsample_bytree": -0.6287571324481847, "log10_eta": -2.103017147542216, "log10_lambda": -3.9441439666382667, "log10_min_child_weight": 1.4903625371993128, "log10_subsample": -0.4399756158969077, "max_depth": 4.0, "num_boost_round": 11.0}, "datetime": {"datetime": "2024-01-19 00:13:00", "elapsed": 83.526181, "delta": 0.000411}}
{"target": -13.75675808126131, "params": {"gamma": 418.0253256598596, "log10_alpha": 0.9682301645462825, "log10_colsample_bytree": -0.6287571324481847, "log10_eta": -2.103017147542216, "log10_lambda": -3.9441439666382667, "log10_min_child_weight": 1.4903625371993128, "log10_subsample": -0.4399756158969077, "max_depth": 4.0, "num_boost_round": 12.0}, "datetime": {"datetime": "2024-01-19 00:13:00", "elapsed": 83.526607, "delta": 0.000426}}
{"target": -13.756786089946894, "params": {"gamma": 418.0253256598596, "log10_alpha": 0.9682301645462825, "log10_colsample_bytree": -0.6287571324481847, "log10_eta": -2.103017147542216, "log10_lambda": -3.9441439666382667, "log10_min_child_weight": 1.4903625371993128, "log10_subsample": -0.4399756158969077, "max_depth": 4.0, "num_boost_round": 13.0}, "datetime": {"datetime": "2024-01-19 00:13:00", "elapsed": 83.527019, "delta": 0.000412}}
{"target": -13.756831560060581, "params": {"gamma": 418.0253256598596, "log10_alpha": 0.9682301645462825, "log10_colsample_bytree": -0.6287571324481847, "log10_eta": -2.103017147542216, "log10_lambda": -3.9441439666382667, "log10_min_child_weight": 1.4903625371993128, "log10_subsample": -0.4399756158969077, "max_depth": 4.0, "num_boost_round": 14.0}, "datetime": {"datetime": "2024-01-19 00:13:00", "elapsed": 83.52743, "delta": 0.000411}}
{"target": -13.756709056974694, "params": {"gamma": 418.0253256598596, "log10_alpha": 0.9682301645462825, "log10_colsample_bytree": -0.6287571324481847, "log10_eta": -2.103017147542216, "log10_lambda": -3.9441439666382667, "log10_min_child_weight": 1.4903625371993128, "log10_subsample": -0.4399756158969077, "max_depth": 4.0, "num_boost_round": 15.0}, "datetime": {"datetime": "2024-01-19 00:13:00", "elapsed": 83.528014, "delta": 0.000584}}
{"target": -13.756650800647522, "params": {"gamma": 418.0253256598596, "log10_alpha": 0.9682301645462825, "log10_colsample_bytree": -0.6287571324481847, "log10_eta": -2.103017147542216, "log10_lambda": -3.9441439666382667, "log10_min_child_weight": 1.4903625371993128, "log10_subsample": -0.4399756158969077, "max_depth": 4.0, "num_boost_round": 16.0}, "datetime": {"datetime": "2024-01-19 00:13:00", "elapsed": 83.528431, "delta": 0.000417}}
{"target": -13.756535511933784, "params": {"gamma": 418.0253256598596, "log10_alpha": 0.9682301645462825, "log10_colsample_bytree": -0.6287571324481847, "log10_eta": -2.103017147542216, "log10_lambda": -3.9441439666382667, "log10_min_child_weight": 1.4903625371993128, "log10_subsample": -0.4399756158969077, "max_depth": 4.0, "num_boost_round": 17.0}, "datetime": {"datetime": "2024-01-19 00:13:00", "elapsed": 83.528852, "delta": 0.000421}}
{"target": -13.75645480578979, "params": {"gamma": 418.0253256598596, "log10_alpha": 0.9682301645462825, "log10_colsample_bytree": -0.6287571324481847, "log10_eta": -2.103017147542216, "log10_lambda": -3.9441439666382667, "log10_min_child_weight": 1.4903625371993128, "log10_subsample": -0.4399756158969077, "max_depth": 4.0, "num_boost_round": 18.0}, "datetime": {"datetime": "2024-01-19 00:13:00", "elapsed": 83.529268, "delta": 0.000416}}
{"target": -13.756361684272246, "params": {"gamma": 418.0253256598596, "log10_alpha": 0.9682301645462825, "log10_colsample_bytree": -0.6287571324481847, "log10_eta": -2.103017147542216, "log10_lambda": -3.9441439666382667, "log10_min_child_weight": 1.4903625371993128, "log10_subsample": -0.4399756158969077, "max_depth": 4.0, "num_boost_round": 19.0}, "datetime": {"datetime": "2024-01-19 00:13:00", "elapsed": 83.529692, "delta": 0.000424}}
{"target": -13.75612365055155, "params": {"gamma": 418.0253256598596, "log10_alpha": 0.9682301645462825, "log10_colsample_bytree": -0.6287571324481847, "log10_eta": -2.103017147542216, "log10_lambda": -3.9441439666382667, "log10_min_child_weight": 1.4903625371993128, "log10_subsample": -0.4399756158969077, "max_depth": 4.0, "num_boost_round": 20.0}, "datetime": {"datetime": "2024-01-19 00:13:00", "elapsed": 83.530112, "delta": 0.00042}}
{"target": -13.755948013838966, "params": {"gamma": 418.0253256598596, "log10_alpha": 0.9682301645462825, "log10_colsample_bytree": -0.6287571324481847, "log10_eta": -2.103017147542216, "log10_lambda": -3.9441439666382667, "log10_min_child_weight": 1.4903625371993128, "log10_subsample": -0.4399756158969077, "max_depth": 4.0, "num_boost_round": 21.0}, "datetime": {"datetime": "2024-01-19 00:13:00", "elapsed": 83.53054, "delta": 0.000428}}
{"target": -13.756033730896766, "params": {"gamma": 418.0253256598596, "log10_alpha": 0.9682301645462825, "log10_colsample_bytree": -0.6287571324481847, "log10_eta": -2.103017147542216, "log10_lambda": -3.9441439666382667, "log10_min_child_weight": 1.4903625371993128, "log10_subsample": -0.4399756158969077, "max_depth": 4.0, "num_boost_round": 22.0}, "datetime": {"datetime": "2024-01-19 00:13:00", "elapsed": 83.530968, "delta": 0.000428}}
{"target": -13.755998092684441, "params": {"gamma": 418.0253256598596, "log10_alpha": 0.9682301645462825, "log10_colsample_bytree": -0.6287571324481847, "log10_eta": -2.103017147542216, "log10_lambda": -3.9441439666382667, "log10_min_child_weight": 1.4903625371993128, "log10_subsample": -0.4399756158969077, "max_depth": 4.0, "num_boost_round": 23.0}, "datetime": {"datetime": "2024-01-19 00:13:00", "elapsed": 83.531391, "delta": 0.000423}}
{"target": -13.755953605111367, "params": {"gamma": 418.0253256598596, "log10_alpha": 0.9682301645462825, "log10_colsample_bytree": -0.6287571324481847, "log10_eta": -2.103017147542216, "log10_lambda": -3.9441439666382667, "log10_min_child_weight": 1.4903625371993128, "log10_subsample": -0.4399756158969077, "max_depth": 4.0, "num_boost_round": 24.0}, "datetime": {"datetime": "2024-01-19 00:13:00", "elapsed": 83.53182, "delta": 0.000429}}
{"target": -13.755857370123355, "params": {"gamma": 418.0253256598596, "log10_alpha": 0.9682301645462825, "log10_colsample_bytree": -0.6287571324481847, "log10_eta": -2.103017147542216, "log10_lambda": -3.9441439666382667, "log10_min_child_weight": 1.4903625371993128, "log10_subsample": -0.4399756158969077, "max_depth": 4.0, "num_boost_round": 25.0}, "datetime": {"datetime": "2024-01-19 00:13:00", "elapsed": 83.532244, "delta": 0.000424}}
