{"target": -14.606047954114386, "params": {"gamma": 105.77248478776136, "log10_alpha": -1.3725228153640732, "log10_colsample_bytree": -0.39887659982869306, "log10_eta": -0.3506059209999828, "log10_lambda": -1.1752383911337585, "log10_min_child_weight": 1.248208862402989, "log10_subsample": -0.5647089724293711, "max_depth": 9.0, "num_boost_round": 11.0}, "datetime": {"datetime": "2024-01-19 01:08:50", "elapsed": 3438.566687, "delta": 0.003448}}
{"target": -14.67340421669545, "params": {"gamma": 105.77248478776136, "log10_alpha": -1.3725228153640732, "log10_colsample_bytree": -0.39887659982869306, "log10_eta": -0.3506059209999828, "log10_lambda": -1.1752383911337585, "log10_min_child_weight": 1.248208862402989, "log10_subsample": -0.5647089724293711, "max_depth": 9.0, "num_boost_round": 12.0}, "datetime": {"datetime": "2024-01-19 01:08:50", "elapsed": 3438.570075, "delta": 0.003388}}
{"target": -14.744187749593332, "params": {"gamma": 105.77248478776136, "log10_alpha": -1.3725228153640732, "log10_colsample_bytree": -0.39887659982869306, "log10_eta": -0.3506059209999828, "log10_lambda": -1.1752383911337585, "log10_min_child_weight": 1.248208862402989, "log10_subsample": -0.5647089724293711, "max_depth": 9.0, "num_boost_round": 13.0}, "datetime": {"datetime": "2024-01-19 01:08:51", "elapsed": 3438.573566, "delta": 0.003491}}
{"target": -14.76622611198066, "params": {"gamma": 105.77248478776136, "log10_alpha": -1.3725228153640732, "log10_colsample_bytree": -0.39887659982869306, "log10_eta": -0.3506059209999828, "log10_lambda": -1.1752383911337585, "log10_min_child_weight": 1.248208862402989, "log10_subsample": -0.5647089724293711, "max_depth": 9.0, "num_boost_round": 14.0}, "datetime": {"datetime": "2024-01-19 01:08:51", "elapsed": 3438.58207, "delta": 0.008504}}
{"target": -14.81014252270634, "params": {"gamma": 105.77248478776136, "log10_alpha": -1.3725228153640732, "log10_colsample_bytree": -0.39887659982869306, "log10_eta": -0.3506059209999828, "log10_lambda": -1.1752383911337585, "log10_min_child_weight": 1.248208862402989, "log10_subsample": -0.5647089724293711, "max_depth": 9.0, "num_boost_round": 15.0}, "datetime": {"datetime": "2024-01-19 01:08:51", "elapsed": 3438.585679, "delta": 0.003609}}
{"target": -14.853674192122524, "params": {"gamma": 105.77248478776136, "log10_alpha": -1.3725228153640732, "log10_colsample_bytree": -0.39887659982869306, "log10_eta": -0.3506059209999828, "log10_lambda": -1.1752383911337585, "log10_min_child_weight": 1.248208862402989, "log10_subsample": -0.5647089724293711, "max_depth": 9.0, "num_boost_round": 16.0}, "datetime": {"datetime": "2024-01-19 01:08:51", "elapsed": 3438.589136, "delta": 0.003457}}
{"target": -14.948835517029492, "params": {"gamma": 105.77248478776136, "log10_alpha": -1.3725228153640732, "log10_colsample_bytree": -0.39887659982869306, "log10_eta": -0.3506059209999828, "log10_lambda": -1.1752383911337585, "log10_min_child_weight": 1.248208862402989, "log10_subsample": -0.5647089724293711, "max_depth": 9.0, "num_boost_round": 17.0}, "datetime": {"datetime": "2024-01-19 01:08:51", "elapsed": 3438.592702, "delta": 0.003566}}
{"target": -14.991337599881348, "params": {"gamma": 105.77248478776136, "log10_alpha": -1.3725228153640732, "log10_colsample_bytree": -0.39887659982869306, "log10_eta": -0.3506059209999828, "log10_lambda": -1.1752383911337585, "log10_min_child_weight": 1.248208862402989, "log10_subsample": -0.5647089724293711, "max_depth": 9.0, "num_boost_round": 18.0}, "datetime": {"datetime": "2024-01-19 01:08:51", "elapsed": 3438.596161, "delta": 0.003459}}
{"target": -15.017970635916459, "params": {"gamma": 105.77248478776136, "log10_alpha": -1.3725228153640732, "log10_colsample_bytree": -0.39887659982869306, "log10_eta": -0.3506059209999828, "log10_lambda": -1.1752383911337585, "log10_min_child_weight": 1.248208862402989, "log10_subsample": -0.5647089724293711, "max_depth": 9.0, "num_boost_round": 19.0}, "datetime": {"datetime": "2024-01-19 01:08:51", "elapsed": 3438.599656, "delta": 0.003495}}
{"target": -15.043133745724008, "params": {"gamma": 105.77248478776136, "log10_alpha": -1.3725228153640732, "log10_colsample_bytree": -0.39887659982869306, "log10_eta": -0.3506059209999828, "log10_lambda": -1.1752383911337585, "log10_min_child_weight": 1.248208862402989, "log10_subsample": -0.5647089724293711, "max_depth": 9.0, "num_boost_round": 20.0}, "datetime": {"datetime": "2024-01-19 01:08:51", "elapsed": 3438.603037, "delta": 0.003381}}
{"target": -13.758530300649968, "params": {"gamma": 127.86906904183348, "log10_alpha": 0.36965194180622785, "log10_colsample_bytree": -0.9695241206737111, "log10_eta": -2.9206863875547167, "log10_lambda": -2.271741143392262, "log10_min_child_weight": 1.2756139189968412, "log10_subsample": -0.13458713607052775, "max_depth": 4.0, "num_boost_round": 0.0}, "datetime": {"datetime": "2024-01-19 01:09:32", "elapsed": 3480.274717, "delta": 41.67168}}
{"target": -13.758537127759682, "params": {"gamma": 127.86906904183348, "log10_alpha": 0.36965194180622785, "log10_colsample_bytree": -0.9695241206737111, "log10_eta": -2.9206863875547167, "log10_lambda": -2.271741143392262, "log10_min_child_weight": 1.2756139189968412, "log10_subsample": -0.13458713607052775, "max_depth": 4.0, "num_boost_round": 1.0}, "datetime": {"datetime": "2024-01-19 01:09:32", "elapsed": 3480.27937, "delta": 0.004653}}
{"target": -13.758525489351069, "params": {"gamma": 127.86906904183348, "log10_alpha": 0.36965194180622785, "log10_colsample_bytree": -0.9695241206737111, "log10_eta": -2.9206863875547167, "log10_lambda": -2.271741143392262, "log10_min_child_weight": 1.2756139189968412, "log10_subsample": -0.13458713607052775, "max_depth": 4.0, "num_boost_round": 2.0}, "datetime": {"datetime": "2024-01-19 01:09:32", "elapsed": 3480.283042, "delta": 0.003672}}
{"target": -13.758520077204974, "params": {"gamma": 127.86906904183348, "log10_alpha": 0.36965194180622785, "log10_colsample_bytree": -0.9695241206737111, "log10_eta": -2.9206863875547167, "log10_lambda": -2.271741143392262, "log10_min_child_weight": 1.2756139189968412, "log10_subsample": -0.13458713607052775, "max_depth": 4.0, "num_boost_round": 3.0}, "datetime": {"datetime": "2024-01-19 01:09:32", "elapsed": 3480.286552, "delta": 0.00351}}
{"target": -13.758512897326268, "params": {"gamma": 127.86906904183348, "log10_alpha": 0.36965194180622785, "log10_colsample_bytree": -0.9695241206737111, "log10_eta": -2.9206863875547167, "log10_lambda": -2.271741143392262, "log10_min_child_weight": 1.2756139189968412, "log10_subsample": -0.13458713607052775, "max_depth": 4.0, "num_boost_round": 4.0}, "datetime": {"datetime": "2024-01-19 01:09:32", "elapsed": 3480.290135, "delta": 0.003583}}
{"target": -13.758488835656218, "params": {"gamma": 127.86906904183348, "log10_alpha": 0.36965194180622785, "log10_colsample_bytree": -0.9695241206737111, "log10_eta": -2.9206863875547167, "log10_lambda": -2.271741143392262, "log10_min_child_weight": 1.2756139189968412, "log10_subsample": -0.13458713607052775, "max_depth": 4.0, "num_boost_round": 5.0}, "datetime": {"datetime": "2024-01-19 01:09:32", "elapsed": 3480.293624, "delta": 0.003489}}
{"target": -13.758487487204297, "params": {"gamma": 127.86906904183348, "log10_alpha": 0.36965194180622785, "log10_colsample_bytree": -0.9695241206737111, "log10_eta": -2.9206863875547167, "log10_lambda": -2.271741143392262, "log10_min_child_weight": 1.2756139189968412, "log10_subsample": -0.13458713607052775, "max_depth": 4.0, "num_boost_round": 6.0}, "datetime": {"datetime": "2024-01-19 01:09:32", "elapsed": 3480.297204, "delta": 0.00358}}
{"target": -13.758453767564331, "params": {"gamma": 127.86906904183348, "log10_alpha": 0.36965194180622785, "log10_colsample_bytree": -0.9695241206737111, "log10_eta": -2.9206863875547167, "log10_lambda": -2.271741143392262, "log10_min_child_weight": 1.2756139189968412, "log10_subsample": -0.13458713607052775, "max_depth": 4.0, "num_boost_round": 7.0}, "datetime": {"datetime": "2024-01-19 01:09:32", "elapsed": 3480.300755, "delta": 0.003551}}
{"target": -13.758440391421106, "params": {"gamma": 127.86906904183348, "log10_alpha": 0.36965194180622785, "log10_colsample_bytree": -0.9695241206737111, "log10_eta": -2.9206863875547167, "log10_lambda": -2.271741143392262, "log10_min_child_weight": 1.2756139189968412, "log10_subsample": -0.13458713607052775, "max_depth": 4.0, "num_boost_round": 8.0}, "datetime": {"datetime": "2024-01-19 01:09:32", "elapsed": 3480.304189, "delta": 0.003434}}
{"target": -13.758435551000789, "params": {"gamma": 127.86906904183348, "log10_alpha": 0.36965194180622785, "log10_colsample_bytree": -0.9695241206737111, "log10_eta": -2.9206863875547167, "log10_lambda": -2.271741143392262, "log10_min_child_weight": 1.2756139189968412, "log10_subsample": -0.13458713607052775, "max_depth": 4.0, "num_boost_round": 9.0}, "datetime": {"datetime": "2024-01-19 01:09:32", "elapsed": 3480.307587, "delta": 0.003398}}
{"target": -13.758434502417275, "params": {"gamma": 127.86906904183348, "log10_alpha": 0.36965194180622785, "log10_colsample_bytree": -0.9695241206737111, "log10_eta": -2.9206863875547167, "log10_lambda": -2.271741143392262, "log10_min_child_weight": 1.2756139189968412, "log10_subsample": -0.13458713607052775, "max_depth": 4.0, "num_boost_round": 10.0}, "datetime": {"datetime": "2024-01-19 01:09:32", "elapsed": 3480.311076, "delta": 0.003489}}
{"target": -13.758538004391282, "params": {"gamma": 117.34184903224309, "log10_alpha": -0.4963625755260175, "log10_colsample_bytree": -0.5075601018999516, "log10_eta": -3.987380292261027, "log10_lambda": -0.32002381955400416, "log10_min_child_weight": 4.62351809626916, "log10_subsample": -0.5095871732106646, "max_depth": 9.0, "num_boost_round": 0.0}, "datetime": {"datetime": "2024-01-19 01:10:06", "elapsed": 3513.700457, "delta": 33.389381}}
{"target": -13.758537629018859, "params": {"gamma": 117.34184903224309, "log10_alpha": -0.4963625755260175, "log10_colsample_bytree": -0.5075601018999516, "log10_eta": -3.987380292261027, "log10_lambda": -0.32002381955400416, "log10_min_child_weight": 4.62351809626916, "log10_subsample": -0.5095871732106646, "max_depth": 9.0, "num_boost_round": 1.0}, "datetime": {"datetime": "2024-01-19 01:10:06", "elapsed": 3513.705348, "delta": 0.004891}}
{"target": -13.758537449541468, "params": {"gamma": 117.34184903224309, "log10_alpha": -0.4963625755260175, "log10_colsample_bytree": -0.5075601018999516, "log10_eta": -3.987380292261027, "log10_lambda": -0.32002381955400416, "log10_min_child_weight": 4.62351809626916, "log10_subsample": -0.5095871732106646, "max_depth": 9.0, "num_boost_round": 2.0}, "datetime": {"datetime": "2024-01-19 01:10:06", "elapsed": 3513.708995, "delta": 0.003647}}
{"target": -13.758536940154572, "params": {"gamma": 117.34184903224309, "log10_alpha": -0.4963625755260175, "log10_colsample_bytree": -0.5075601018999516, "log10_eta": -3.987380292261027, "log10_lambda": -0.32002381955400416, "log10_min_child_weight": 4.62351809626916, "log10_subsample": -0.5095871732106646, "max_depth": 9.0, "num_boost_round": 3.0}, "datetime": {"datetime": "2024-01-19 01:10:06", "elapsed": 3513.712608, "delta": 0.003613}}
{"target": -13.758536690588661, "params": {"gamma": 117.34184903224309, "log10_alpha": -0.4963625755260175, "log10_colsample_bytree": -0.5075601018999516, "log10_eta": -3.987380292261027, "log10_lambda": -0.32002381955400416, "log10_min_child_weight": 4.62351809626916, "log10_subsample": -0.5095871732106646, "max_depth": 9.0, "num_boost_round": 4.0}, "datetime": {"datetime": "2024-01-19 01:10:06", "elapsed": 3513.716231, "delta": 0.003623}}
{"target": -13.75853638808096, "params": {"gamma": 117.34184903224309, "log10_alpha": -0.4963625755260175, "log10_colsample_bytree": -0.5075601018999516, "log10_eta": -3.987380292261027, "log10_lambda": -0.32002381955400416, "log10_min_child_weight": 4.62351809626916, "log10_subsample": -0.5095871732106646, "max_depth": 9.0, "num_boost_round": 5.0}, "datetime": {"datetime": "2024-01-19 01:10:06", "elapsed": 3513.719954, "delta": 0.003723}}
{"target": -13.758536138467077, "params": {"gamma": 117.34184903224309, "log10_alpha": -0.4963625755260175, "log10_colsample_bytree": -0.5075601018999516, "log10_eta": -3.987380292261027, "log10_lambda": -0.32002381955400416, "log10_min_child_weight": 4.62351809626916, "log10_subsample": -0.5095871732106646, "max_depth": 9.0, "num_boost_round": 6.0}, "datetime": {"datetime": "2024-01-19 01:10:06", "elapsed": 3513.723447, "delta": 0.003493}}
{"target": -13.758536131705279, "params": {"gamma": 117.34184903224309, "log10_alpha": -0.4963625755260175, "log10_colsample_bytree": -0.5075601018999516, "log10_eta": -3.987380292261027, "log10_lambda": -0.32002381955400416, "log10_min_child_weight": 4.62351809626916, "log10_subsample": -0.5095871732106646, "max_depth": 9.0, "num_boost_round": 7.0}, "datetime": {"datetime": "2024-01-19 01:10:06", "elapsed": 3513.726889, "delta": 0.003442}}
{"target": -13.758535851043938, "params": {"gamma": 117.34184903224309, "log10_alpha": -0.4963625755260175, "log10_colsample_bytree": -0.5075601018999516, "log10_eta": -3.987380292261027, "log10_lambda": -0.32002381955400416, "log10_min_child_weight": 4.62351809626916, "log10_subsample": -0.5095871732106646, "max_depth": 9.0, "num_boost_round": 8.0}, "datetime": {"datetime": "2024-01-19 01:10:06", "elapsed": 3513.730418, "delta": 0.003529}}
{"target": -13.758535655883053, "params": {"gamma": 117.34184903224309, "log10_alpha": -0.4963625755260175, "log10_colsample_bytree": -0.5075601018999516, "log10_eta": -3.987380292261027, "log10_lambda": -0.32002381955400416, "log10_min_child_weight": 4.62351809626916, "log10_subsample": -0.5095871732106646, "max_depth": 9.0, "num_boost_round": 9.0}, "datetime": {"datetime": "2024-01-19 01:10:06", "elapsed": 3513.734052, "delta": 0.003634}}
{"target": -13.758535234390779, "params": {"gamma": 117.34184903224309, "log10_alpha": -0.4963625755260175, "log10_colsample_bytree": -0.5075601018999516, "log10_eta": -3.987380292261027, "log10_lambda": -0.32002381955400416, "log10_min_child_weight": 4.62351809626916, "log10_subsample": -0.5095871732106646, "max_depth": 9.0, "num_boost_round": 10.0}, "datetime": {"datetime": "2024-01-19 01:10:06", "elapsed": 3513.737718, "delta": 0.003666}}
{"target": -13.758534757783504, "params": {"gamma": 117.34184903224309, "log10_alpha": -0.4963625755260175, "log10_colsample_bytree": -0.5075601018999516, "log10_eta": -3.987380292261027, "log10_lambda": -0.32002381955400416, "log10_min_child_weight": 4.62351809626916, "log10_subsample": -0.5095871732106646, "max_depth": 9.0, "num_boost_round": 11.0}, "datetime": {"datetime": "2024-01-19 01:10:06", "elapsed": 3513.741508, "delta": 0.00379}}
{"target": -13.75853518860357, "params": {"gamma": 117.34184903224309, "log10_alpha": -0.4963625755260175, "log10_colsample_bytree": -0.5075601018999516, "log10_eta": -3.987380292261027, "log10_lambda": -0.32002381955400416, "log10_min_child_weight": 4.62351809626916, "log10_subsample": -0.5095871732106646, "max_depth": 9.0, "num_boost_round": 12.0}, "datetime": {"datetime": "2024-01-19 01:10:06", "elapsed": 3513.745417, "delta": 0.003909}}
{"target": -13.758534811263281, "params": {"gamma": 117.34184903224309, "log10_alpha": -0.4963625755260175, "log10_colsample_bytree": -0.5075601018999516, "log10_eta": -3.987380292261027, "log10_lambda": -0.32002381955400416, "log10_min_child_weight": 4.62351809626916, "log10_subsample": -0.5095871732106646, "max_depth": 9.0, "num_boost_round": 13.0}, "datetime": {"datetime": "2024-01-19 01:10:06", "elapsed": 3513.749795, "delta": 0.004378}}
{"target": -13.75853458322445, "params": {"gamma": 117.34184903224309, "log10_alpha": -0.4963625755260175, "log10_colsample_bytree": -0.5075601018999516, "log10_eta": -3.987380292261027, "log10_lambda": -0.32002381955400416, "log10_min_child_weight": 4.62351809626916, "log10_subsample": -0.5095871732106646, "max_depth": 9.0, "num_boost_round": 14.0}, "datetime": {"datetime": "2024-01-19 01:10:06", "elapsed": 3513.754079, "delta": 0.004284}}
{"target": -13.758533541691332, "params": {"gamma": 117.34184903224309, "log10_alpha": -0.4963625755260175, "log10_colsample_bytree": -0.5075601018999516, "log10_eta": -3.987380292261027, "log10_lambda": -0.32002381955400416, "log10_min_child_weight": 4.62351809626916, "log10_subsample": -0.5095871732106646, "max_depth": 9.0, "num_boost_round": 15.0}, "datetime": {"datetime": "2024-01-19 01:10:06", "elapsed": 3513.75778, "delta": 0.003701}}
{"target": -13.758519170829306, "params": {"gamma": 116.2043390194103, "log10_alpha": -0.042534044042802144, "log10_colsample_bytree": -0.5879257359404236, "log10_eta": -2.9417660802380277, "log10_lambda": -4.158008316944219, "log10_min_child_weight": 2.9378667894750032, "log10_subsample": -0.4208048034635702, "max_depth": 7.0, "num_boost_round": 0.0}, "datetime": {"datetime": "2024-01-19 01:10:50", "elapsed": 3557.984407, "delta": 44.226627}}
{"target": -13.758507491444583, "params": {"gamma": 116.2043390194103, "log10_alpha": -0.042534044042802144, "log10_colsample_bytree": -0.5879257359404236, "log10_eta": -2.9417660802380277, "log10_lambda": -4.158008316944219, "log10_min_child_weight": 2.9378667894750032, "log10_subsample": -0.4208048034635702, "max_depth": 7.0, "num_boost_round": 1.0}, "datetime": {"datetime": "2024-01-19 01:10:50", "elapsed": 3557.989411, "delta": 0.005004}}
{"target": -13.758454409868131, "params": {"gamma": 116.2043390194103, "log10_alpha": -0.042534044042802144, "log10_colsample_bytree": -0.5879257359404236, "log10_eta": -2.9417660802380277, "log10_lambda": -4.158008316944219, "log10_min_child_weight": 2.9378667894750032, "log10_subsample": -0.4208048034635702, "max_depth": 7.0, "num_boost_round": 2.0}, "datetime": {"datetime": "2024-01-19 01:10:50", "elapsed": 3557.993419, "delta": 0.004008}}
{"target": -13.758436153054014, "params": {"gamma": 116.2043390194103, "log10_alpha": -0.042534044042802144, "log10_colsample_bytree": -0.5879257359404236, "log10_eta": -2.9417660802380277, "log10_lambda": -4.158008316944219, "log10_min_child_weight": 2.9378667894750032, "log10_subsample": -0.4208048034635702, "max_depth": 7.0, "num_boost_round": 3.0}, "datetime": {"datetime": "2024-01-19 01:10:50", "elapsed": 3557.997187, "delta": 0.003768}}
{"target": -13.758374323861197, "params": {"gamma": 116.2043390194103, "log10_alpha": -0.042534044042802144, "log10_colsample_bytree": -0.5879257359404236, "log10_eta": -2.9417660802380277, "log10_lambda": -4.158008316944219, "log10_min_child_weight": 2.9378667894750032, "log10_subsample": -0.4208048034635702, "max_depth": 7.0, "num_boost_round": 4.0}, "datetime": {"datetime": "2024-01-19 01:10:50", "elapsed": 3558.000857, "delta": 0.00367}}
{"target": -13.758364784499232, "params": {"gamma": 116.2043390194103, "log10_alpha": -0.042534044042802144, "log10_colsample_bytree": -0.5879257359404236, "log10_eta": -2.9417660802380277, "log10_lambda": -4.158008316944219, "log10_min_child_weight": 2.9378667894750032, "log10_subsample": -0.4208048034635702, "max_depth": 7.0, "num_boost_round": 5.0}, "datetime": {"datetime": "2024-01-19 01:10:50", "elapsed": 3558.004451, "delta": 0.003594}}
{"target": -13.758337741856256, "params": {"gamma": 116.2043390194103, "log10_alpha": -0.042534044042802144, "log10_colsample_bytree": -0.5879257359404236, "log10_eta": -2.9417660802380277, "log10_lambda": -4.158008316944219, "log10_min_child_weight": 2.9378667894750032, "log10_subsample": -0.4208048034635702, "max_depth": 7.0, "num_boost_round": 6.0}, "datetime": {"datetime": "2024-01-19 01:10:50", "elapsed": 3558.007977, "delta": 0.003526}}
{"target": -13.758276897697595, "params": {"gamma": 116.2043390194103, "log10_alpha": -0.042534044042802144, "log10_colsample_bytree": -0.5879257359404236, "log10_eta": -2.9417660802380277, "log10_lambda": -4.158008316944219, "log10_min_child_weight": 2.9378667894750032, "log10_subsample": -0.4208048034635702, "max_depth": 7.0, "num_boost_round": 7.0}, "datetime": {"datetime": "2024-01-19 01:10:50", "elapsed": 3558.011584, "delta": 0.003607}}
{"target": -13.758235693640039, "params": {"gamma": 116.2043390194103, "log10_alpha": -0.042534044042802144, "log10_colsample_bytree": -0.5879257359404236, "log10_eta": -2.9417660802380277, "log10_lambda": -4.158008316944219, "log10_min_child_weight": 2.9378667894750032, "log10_subsample": -0.4208048034635702, "max_depth": 7.0, "num_boost_round": 8.0}, "datetime": {"datetime": "2024-01-19 01:10:50", "elapsed": 3558.015131, "delta": 0.003547}}
{"target": -13.758203138484717, "params": {"gamma": 116.2043390194103, "log10_alpha": -0.042534044042802144, "log10_colsample_bytree": -0.5879257359404236, "log10_eta": -2.9417660802380277, "log10_lambda": -4.158008316944219, "log10_min_child_weight": 2.9378667894750032, "log10_subsample": -0.4208048034635702, "max_depth": 7.0, "num_boost_round": 9.0}, "datetime": {"datetime": "2024-01-19 01:10:50", "elapsed": 3558.018702, "delta": 0.003571}}
{"target": -13.75815979138971, "params": {"gamma": 116.2043390194103, "log10_alpha": -0.042534044042802144, "log10_colsample_bytree": -0.5879257359404236, "log10_eta": -2.9417660802380277, "log10_lambda": -4.158008316944219, "log10_min_child_weight": 2.9378667894750032, "log10_subsample": -0.4208048034635702, "max_depth": 7.0, "num_boost_round": 10.0}, "datetime": {"datetime": "2024-01-19 01:10:50", "elapsed": 3558.022226, "delta": 0.003524}}
{"target": -13.758140036566278, "params": {"gamma": 116.2043390194103, "log10_alpha": -0.042534044042802144, "log10_colsample_bytree": -0.5879257359404236, "log10_eta": -2.9417660802380277, "log10_lambda": -4.158008316944219, "log10_min_child_weight": 2.9378667894750032, "log10_subsample": -0.4208048034635702, "max_depth": 7.0, "num_boost_round": 11.0}, "datetime": {"datetime": "2024-01-19 01:10:50", "elapsed": 3558.025815, "delta": 0.003589}}
