{"target": -17.67701895637705, "params": {"gamma": 408.56372507611127, "log10_alpha": 0.6048210518111707, "log10_colsample_bytree": -0.36778244707968655, "log10_eta": -3.5571734783571984, "log10_lambda": -2.659401825596956, "log10_min_child_weight": 1.5991274841187952, "log10_subsample": -0.1299663650717816, "max_depth": 5.0, "num_boost_round": 15.0}, "datetime": {"datetime": "2024-01-19 00:56:55", "elapsed": 2705.197159, "delta": 0.003838}}
{"target": -17.677004099019133, "params": {"gamma": 408.56372507611127, "log10_alpha": 0.6048210518111707, "log10_colsample_bytree": -0.36778244707968655, "log10_eta": -3.5571734783571984, "log10_lambda": -2.659401825596956, "log10_min_child_weight": 1.5991274841187952, "log10_subsample": -0.1299663650717816, "max_depth": 5.0, "num_boost_round": 16.0}, "datetime": {"datetime": "2024-01-19 00:56:55", "elapsed": 2705.200607, "delta": 0.003448}}
{"target": -17.67700037576277, "params": {"gamma": 408.56372507611127, "log10_alpha": 0.6048210518111707, "log10_colsample_bytree": -0.36778244707968655, "log10_eta": -3.5571734783571984, "log10_lambda": -2.659401825596956, "log10_min_child_weight": 1.5991274841187952, "log10_subsample": -0.1299663650717816, "max_depth": 5.0, "num_boost_round": 17.0}, "datetime": {"datetime": "2024-01-19 00:56:55", "elapsed": 2705.204154, "delta": 0.003547}}
{"target": -17.676983260692268, "params": {"gamma": 408.56372507611127, "log10_alpha": 0.6048210518111707, "log10_colsample_bytree": -0.36778244707968655, "log10_eta": -3.5571734783571984, "log10_lambda": -2.659401825596956, "log10_min_child_weight": 1.5991274841187952, "log10_subsample": -0.1299663650717816, "max_depth": 5.0, "num_boost_round": 18.0}, "datetime": {"datetime": "2024-01-19 00:56:55", "elapsed": 2705.207596, "delta": 0.003442}}
{"target": -17.676980840021915, "params": {"gamma": 408.56372507611127, "log10_alpha": 0.6048210518111707, "log10_colsample_bytree": -0.36778244707968655, "log10_eta": -3.5571734783571984, "log10_lambda": -2.659401825596956, "log10_min_child_weight": 1.5991274841187952, "log10_subsample": -0.1299663650717816, "max_depth": 5.0, "num_boost_round": 19.0}, "datetime": {"datetime": "2024-01-19 00:56:55", "elapsed": 2705.211041, "delta": 0.003445}}
{"target": -17.676964641717976, "params": {"gamma": 408.56372507611127, "log10_alpha": 0.6048210518111707, "log10_colsample_bytree": -0.36778244707968655, "log10_eta": -3.5571734783571984, "log10_lambda": -2.659401825596956, "log10_min_child_weight": 1.5991274841187952, "log10_subsample": -0.1299663650717816, "max_depth": 5.0, "num_boost_round": 20.0}, "datetime": {"datetime": "2024-01-19 00:56:55", "elapsed": 2705.214559, "delta": 0.003518}}
{"target": -17.676947031206762, "params": {"gamma": 408.56372507611127, "log10_alpha": 0.6048210518111707, "log10_colsample_bytree": -0.36778244707968655, "log10_eta": -3.5571734783571984, "log10_lambda": -2.659401825596956, "log10_min_child_weight": 1.5991274841187952, "log10_subsample": -0.1299663650717816, "max_depth": 5.0, "num_boost_round": 21.0}, "datetime": {"datetime": "2024-01-19 00:56:55", "elapsed": 2705.218009, "delta": 0.00345}}
{"target": -17.676927210356272, "params": {"gamma": 408.56372507611127, "log10_alpha": 0.6048210518111707, "log10_colsample_bytree": -0.36778244707968655, "log10_eta": -3.5571734783571984, "log10_lambda": -2.659401825596956, "log10_min_child_weight": 1.5991274841187952, "log10_subsample": -0.1299663650717816, "max_depth": 5.0, "num_boost_round": 22.0}, "datetime": {"datetime": "2024-01-19 00:56:55", "elapsed": 2705.22156, "delta": 0.003551}}
{"target": -17.676906988359153, "params": {"gamma": 408.56372507611127, "log10_alpha": 0.6048210518111707, "log10_colsample_bytree": -0.36778244707968655, "log10_eta": -3.5571734783571984, "log10_lambda": -2.659401825596956, "log10_min_child_weight": 1.5991274841187952, "log10_subsample": -0.1299663650717816, "max_depth": 5.0, "num_boost_round": 23.0}, "datetime": {"datetime": "2024-01-19 00:56:55", "elapsed": 2705.225034, "delta": 0.003474}}
{"target": -17.676892221832016, "params": {"gamma": 408.56372507611127, "log10_alpha": 0.6048210518111707, "log10_colsample_bytree": -0.36778244707968655, "log10_eta": -3.5571734783571984, "log10_lambda": -2.659401825596956, "log10_min_child_weight": 1.5991274841187952, "log10_subsample": -0.1299663650717816, "max_depth": 5.0, "num_boost_round": 24.0}, "datetime": {"datetime": "2024-01-19 00:56:55", "elapsed": 2705.228465, "delta": 0.003431}}
{"target": -17.676883896021504, "params": {"gamma": 408.56372507611127, "log10_alpha": 0.6048210518111707, "log10_colsample_bytree": -0.36778244707968655, "log10_eta": -3.5571734783571984, "log10_lambda": -2.659401825596956, "log10_min_child_weight": 1.5991274841187952, "log10_subsample": -0.1299663650717816, "max_depth": 5.0, "num_boost_round": 25.0}, "datetime": {"datetime": "2024-01-19 00:56:55", "elapsed": 2705.232005, "delta": 0.00354}}
{"target": -17.67688147452818, "params": {"gamma": 408.56372507611127, "log10_alpha": 0.6048210518111707, "log10_colsample_bytree": -0.36778244707968655, "log10_eta": -3.5571734783571984, "log10_lambda": -2.659401825596956, "log10_min_child_weight": 1.5991274841187952, "log10_subsample": -0.1299663650717816, "max_depth": 5.0, "num_boost_round": 26.0}, "datetime": {"datetime": "2024-01-19 00:56:55", "elapsed": 2705.235444, "delta": 0.003439}}
{"target": -17.6768665149379, "params": {"gamma": 408.56372507611127, "log10_alpha": 0.6048210518111707, "log10_colsample_bytree": -0.36778244707968655, "log10_eta": -3.5571734783571984, "log10_lambda": -2.659401825596956, "log10_min_child_weight": 1.5991274841187952, "log10_subsample": -0.1299663650717816, "max_depth": 5.0, "num_boost_round": 27.0}, "datetime": {"datetime": "2024-01-19 00:56:55", "elapsed": 2705.238896, "delta": 0.003452}}
{"target": -17.67684636711681, "params": {"gamma": 408.56372507611127, "log10_alpha": 0.6048210518111707, "log10_colsample_bytree": -0.36778244707968655, "log10_eta": -3.5571734783571984, "log10_lambda": -2.659401825596956, "log10_min_child_weight": 1.5991274841187952, "log10_subsample": -0.1299663650717816, "max_depth": 5.0, "num_boost_round": 28.0}, "datetime": {"datetime": "2024-01-19 00:56:55", "elapsed": 2705.242671, "delta": 0.003775}}
{"target": -17.676822233995015, "params": {"gamma": 408.56372507611127, "log10_alpha": 0.6048210518111707, "log10_colsample_bytree": -0.36778244707968655, "log10_eta": -3.5571734783571984, "log10_lambda": -2.659401825596956, "log10_min_child_weight": 1.5991274841187952, "log10_subsample": -0.1299663650717816, "max_depth": 5.0, "num_boost_round": 29.0}, "datetime": {"datetime": "2024-01-19 00:56:55", "elapsed": 2705.246282, "delta": 0.003611}}
{"target": -17.676822670284874, "params": {"gamma": 408.56372507611127, "log10_alpha": 0.6048210518111707, "log10_colsample_bytree": -0.36778244707968655, "log10_eta": -3.5571734783571984, "log10_lambda": -2.659401825596956, "log10_min_child_weight": 1.5991274841187952, "log10_subsample": -0.1299663650717816, "max_depth": 5.0, "num_boost_round": 30.0}, "datetime": {"datetime": "2024-01-19 00:56:55", "elapsed": 2705.249818, "delta": 0.003536}}
{"target": -17.676799921243177, "params": {"gamma": 408.56372507611127, "log10_alpha": 0.6048210518111707, "log10_colsample_bytree": -0.36778244707968655, "log10_eta": -3.5571734783571984, "log10_lambda": -2.659401825596956, "log10_min_child_weight": 1.5991274841187952, "log10_subsample": -0.1299663650717816, "max_depth": 5.0, "num_boost_round": 31.0}, "datetime": {"datetime": "2024-01-19 00:56:55", "elapsed": 2705.253474, "delta": 0.003656}}
{"target": -17.676800698141378, "params": {"gamma": 408.56372507611127, "log10_alpha": 0.6048210518111707, "log10_colsample_bytree": -0.36778244707968655, "log10_eta": -3.5571734783571984, "log10_lambda": -2.659401825596956, "log10_min_child_weight": 1.5991274841187952, "log10_subsample": -0.1299663650717816, "max_depth": 5.0, "num_boost_round": 32.0}, "datetime": {"datetime": "2024-01-19 00:56:55", "elapsed": 2705.256924, "delta": 0.00345}}
{"target": -17.676783673081626, "params": {"gamma": 408.56372507611127, "log10_alpha": 0.6048210518111707, "log10_colsample_bytree": -0.36778244707968655, "log10_eta": -3.5571734783571984, "log10_lambda": -2.659401825596956, "log10_min_child_weight": 1.5991274841187952, "log10_subsample": -0.1299663650717816, "max_depth": 5.0, "num_boost_round": 33.0}, "datetime": {"datetime": "2024-01-19 00:56:55", "elapsed": 2705.260406, "delta": 0.003482}}
{"target": -17.67677368961864, "params": {"gamma": 408.56372507611127, "log10_alpha": 0.6048210518111707, "log10_colsample_bytree": -0.36778244707968655, "log10_eta": -3.5571734783571984, "log10_lambda": -2.659401825596956, "log10_min_child_weight": 1.5991274841187952, "log10_subsample": -0.1299663650717816, "max_depth": 5.0, "num_boost_round": 34.0}, "datetime": {"datetime": "2024-01-19 00:56:55", "elapsed": 2705.263968, "delta": 0.003562}}
{"target": -17.676762512648192, "params": {"gamma": 408.56372507611127, "log10_alpha": 0.6048210518111707, "log10_colsample_bytree": -0.36778244707968655, "log10_eta": -3.5571734783571984, "log10_lambda": -2.659401825596956, "log10_min_child_weight": 1.5991274841187952, "log10_subsample": -0.1299663650717816, "max_depth": 5.0, "num_boost_round": 35.0}, "datetime": {"datetime": "2024-01-19 00:56:55", "elapsed": 2705.267437, "delta": 0.003469}}
{"target": -17.67674324625779, "params": {"gamma": 408.56372507611127, "log10_alpha": 0.6048210518111707, "log10_colsample_bytree": -0.36778244707968655, "log10_eta": -3.5571734783571984, "log10_lambda": -2.659401825596956, "log10_min_child_weight": 1.5991274841187952, "log10_subsample": -0.1299663650717816, "max_depth": 5.0, "num_boost_round": 36.0}, "datetime": {"datetime": "2024-01-19 00:56:55", "elapsed": 2705.270938, "delta": 0.003501}}
{"target": -17.67672951295865, "params": {"gamma": 408.56372507611127, "log10_alpha": 0.6048210518111707, "log10_colsample_bytree": -0.36778244707968655, "log10_eta": -3.5571734783571984, "log10_lambda": -2.659401825596956, "log10_min_child_weight": 1.5991274841187952, "log10_subsample": -0.1299663650717816, "max_depth": 5.0, "num_boost_round": 37.0}, "datetime": {"datetime": "2024-01-19 00:56:55", "elapsed": 2705.274481, "delta": 0.003543}}
{"target": -17.67671695984624, "params": {"gamma": 408.56372507611127, "log10_alpha": 0.6048210518111707, "log10_colsample_bytree": -0.36778244707968655, "log10_eta": -3.5571734783571984, "log10_lambda": -2.659401825596956, "log10_min_child_weight": 1.5991274841187952, "log10_subsample": -0.1299663650717816, "max_depth": 5.0, "num_boost_round": 38.0}, "datetime": {"datetime": "2024-01-19 00:56:55", "elapsed": 2705.277944, "delta": 0.003463}}
{"target": -17.676701350816828, "params": {"gamma": 408.56372507611127, "log10_alpha": 0.6048210518111707, "log10_colsample_bytree": -0.36778244707968655, "log10_eta": -3.5571734783571984, "log10_lambda": -2.659401825596956, "log10_min_child_weight": 1.5991274841187952, "log10_subsample": -0.1299663650717816, "max_depth": 5.0, "num_boost_round": 39.0}, "datetime": {"datetime": "2024-01-19 00:56:55", "elapsed": 2705.281457, "delta": 0.003513}}
{"target": -17.677092322658147, "params": {"gamma": 409.4378045063354, "log10_alpha": -0.1019415011486533, "log10_colsample_bytree": -0.026181079470231516, "log10_eta": -2.5910849988677582, "log10_lambda": -2.4997397697219252, "log10_min_child_weight": 2.57249141180905, "log10_subsample": -0.2820277575490666, "max_depth": 8.0, "num_boost_round": 0.0}, "datetime": {"datetime": "2024-01-19 00:57:37", "elapsed": 2747.564163, "delta": 42.282706}}
{"target": -17.676930917957193, "params": {"gamma": 409.4378045063354, "log10_alpha": -0.1019415011486533, "log10_colsample_bytree": -0.026181079470231516, "log10_eta": -2.5910849988677582, "log10_lambda": -2.4997397697219252, "log10_min_child_weight": 2.57249141180905, "log10_subsample": -0.2820277575490666, "max_depth": 8.0, "num_boost_round": 1.0}, "datetime": {"datetime": "2024-01-19 00:57:37", "elapsed": 2747.568277, "delta": 0.004114}}
{"target": -17.676865333333303, "params": {"gamma": 409.4378045063354, "log10_alpha": -0.1019415011486533, "log10_colsample_bytree": -0.026181079470231516, "log10_eta": -2.5910849988677582, "log10_lambda": -2.4997397697219252, "log10_min_child_weight": 2.57249141180905, "log10_subsample": -0.2820277575490666, "max_depth": 8.0, "num_boost_round": 2.0}, "datetime": {"datetime": "2024-01-19 00:57:37", "elapsed": 2747.572052, "delta": 0.003775}}
{"target": -17.67663233633742, "params": {"gamma": 409.4378045063354, "log10_alpha": -0.1019415011486533, "log10_colsample_bytree": -0.026181079470231516, "log10_eta": -2.5910849988677582, "log10_lambda": -2.4997397697219252, "log10_min_child_weight": 2.57249141180905, "log10_subsample": -0.2820277575490666, "max_depth": 8.0, "num_boost_round": 3.0}, "datetime": {"datetime": "2024-01-19 00:57:37", "elapsed": 2747.575644, "delta": 0.003592}}
{"target": -17.676559407798695, "params": {"gamma": 409.4378045063354, "log10_alpha": -0.1019415011486533, "log10_colsample_bytree": -0.026181079470231516, "log10_eta": -2.5910849988677582, "log10_lambda": -2.4997397697219252, "log10_min_child_weight": 2.57249141180905, "log10_subsample": -0.2820277575490666, "max_depth": 8.0, "num_boost_round": 4.0}, "datetime": {"datetime": "2024-01-19 00:57:37", "elapsed": 2747.579188, "delta": 0.003544}}
{"target": -17.67648359755085, "params": {"gamma": 409.4378045063354, "log10_alpha": -0.1019415011486533, "log10_colsample_bytree": -0.026181079470231516, "log10_eta": -2.5910849988677582, "log10_lambda": -2.4997397697219252, "log10_min_child_weight": 2.57249141180905, "log10_subsample": -0.2820277575490666, "max_depth": 8.0, "num_boost_round": 5.0}, "datetime": {"datetime": "2024-01-19 00:57:37", "elapsed": 2747.582861, "delta": 0.003673}}
{"target": -17.67635053543331, "params": {"gamma": 409.4378045063354, "log10_alpha": -0.1019415011486533, "log10_colsample_bytree": -0.026181079470231516, "log10_eta": -2.5910849988677582, "log10_lambda": -2.4997397697219252, "log10_min_child_weight": 2.57249141180905, "log10_subsample": -0.2820277575490666, "max_depth": 8.0, "num_boost_round": 6.0}, "datetime": {"datetime": "2024-01-19 00:57:37", "elapsed": 2747.586362, "delta": 0.003501}}
{"target": -17.676415560860995, "params": {"gamma": 409.4378045063354, "log10_alpha": -0.1019415011486533, "log10_colsample_bytree": -0.026181079470231516, "log10_eta": -2.5910849988677582, "log10_lambda": -2.4997397697219252, "log10_min_child_weight": 2.57249141180905, "log10_subsample": -0.2820277575490666, "max_depth": 8.0, "num_boost_round": 7.0}, "datetime": {"datetime": "2024-01-19 00:57:37", "elapsed": 2747.589844, "delta": 0.003482}}
{"target": -17.67617731765567, "params": {"gamma": 409.4378045063354, "log10_alpha": -0.1019415011486533, "log10_colsample_bytree": -0.026181079470231516, "log10_eta": -2.5910849988677582, "log10_lambda": -2.4997397697219252, "log10_min_child_weight": 2.57249141180905, "log10_subsample": -0.2820277575490666, "max_depth": 8.0, "num_boost_round": 8.0}, "datetime": {"datetime": "2024-01-19 00:57:37", "elapsed": 2747.593408, "delta": 0.003564}}
{"target": -17.676003189651993, "params": {"gamma": 409.4378045063354, "log10_alpha": -0.1019415011486533, "log10_colsample_bytree": -0.026181079470231516, "log10_eta": -2.5910849988677582, "log10_lambda": -2.4997397697219252, "log10_min_child_weight": 2.57249141180905, "log10_subsample": -0.2820277575490666, "max_depth": 8.0, "num_boost_round": 9.0}, "datetime": {"datetime": "2024-01-19 00:57:37", "elapsed": 2747.596866, "delta": 0.003458}}
{"target": -17.676011134165044, "params": {"gamma": 409.4378045063354, "log10_alpha": -0.1019415011486533, "log10_colsample_bytree": -0.026181079470231516, "log10_eta": -2.5910849988677582, "log10_lambda": -2.4997397697219252, "log10_min_child_weight": 2.57249141180905, "log10_subsample": -0.2820277575490666, "max_depth": 8.0, "num_boost_round": 10.0}, "datetime": {"datetime": "2024-01-19 00:57:37", "elapsed": 2747.600377, "delta": 0.003511}}
{"target": -17.675937006535037, "params": {"gamma": 409.4378045063354, "log10_alpha": -0.1019415011486533, "log10_colsample_bytree": -0.026181079470231516, "log10_eta": -2.5910849988677582, "log10_lambda": -2.4997397697219252, "log10_min_child_weight": 2.57249141180905, "log10_subsample": -0.2820277575490666, "max_depth": 8.0, "num_boost_round": 11.0}, "datetime": {"datetime": "2024-01-19 00:57:37", "elapsed": 2747.603924, "delta": 0.003547}}
{"target": -17.675893129258977, "params": {"gamma": 409.4378045063354, "log10_alpha": -0.1019415011486533, "log10_colsample_bytree": -0.026181079470231516, "log10_eta": -2.5910849988677582, "log10_lambda": -2.4997397697219252, "log10_min_child_weight": 2.57249141180905, "log10_subsample": -0.2820277575490666, "max_depth": 8.0, "num_boost_round": 12.0}, "datetime": {"datetime": "2024-01-19 00:57:37", "elapsed": 2747.607377, "delta": 0.003453}}
{"target": -17.67586374691345, "params": {"gamma": 409.4378045063354, "log10_alpha": -0.1019415011486533, "log10_colsample_bytree": -0.026181079470231516, "log10_eta": -2.5910849988677582, "log10_lambda": -2.4997397697219252, "log10_min_child_weight": 2.57249141180905, "log10_subsample": -0.2820277575490666, "max_depth": 8.0, "num_boost_round": 13.0}, "datetime": {"datetime": "2024-01-19 00:57:37", "elapsed": 2747.610814, "delta": 0.003437}}
{"target": -17.675738338947014, "params": {"gamma": 409.4378045063354, "log10_alpha": -0.1019415011486533, "log10_colsample_bytree": -0.026181079470231516, "log10_eta": -2.5910849988677582, "log10_lambda": -2.4997397697219252, "log10_min_child_weight": 2.57249141180905, "log10_subsample": -0.2820277575490666, "max_depth": 8.0, "num_boost_round": 14.0}, "datetime": {"datetime": "2024-01-19 00:57:37", "elapsed": 2747.6143, "delta": 0.003486}}
{"target": -17.675821208437778, "params": {"gamma": 409.4378045063354, "log10_alpha": -0.1019415011486533, "log10_colsample_bytree": -0.026181079470231516, "log10_eta": -2.5910849988677582, "log10_lambda": -2.4997397697219252, "log10_min_child_weight": 2.57249141180905, "log10_subsample": -0.2820277575490666, "max_depth": 8.0, "num_boost_round": 15.0}, "datetime": {"datetime": "2024-01-19 00:57:37", "elapsed": 2747.617836, "delta": 0.003536}}
{"target": -17.675660530114452, "params": {"gamma": 409.4378045063354, "log10_alpha": -0.1019415011486533, "log10_colsample_bytree": -0.026181079470231516, "log10_eta": -2.5910849988677582, "log10_lambda": -2.4997397697219252, "log10_min_child_weight": 2.57249141180905, "log10_subsample": -0.2820277575490666, "max_depth": 8.0, "num_boost_round": 16.0}, "datetime": {"datetime": "2024-01-19 00:57:37", "elapsed": 2747.621354, "delta": 0.003518}}
{"target": -17.675532066896004, "params": {"gamma": 409.4378045063354, "log10_alpha": -0.1019415011486533, "log10_colsample_bytree": -0.026181079470231516, "log10_eta": -2.5910849988677582, "log10_lambda": -2.4997397697219252, "log10_min_child_weight": 2.57249141180905, "log10_subsample": -0.2820277575490666, "max_depth": 8.0, "num_boost_round": 17.0}, "datetime": {"datetime": "2024-01-19 00:57:37", "elapsed": 2747.624959, "delta": 0.003605}}
{"target": -17.675636101233227, "params": {"gamma": 409.4378045063354, "log10_alpha": -0.1019415011486533, "log10_colsample_bytree": -0.026181079470231516, "log10_eta": -2.5910849988677582, "log10_lambda": -2.4997397697219252, "log10_min_child_weight": 2.57249141180905, "log10_subsample": -0.2820277575490666, "max_depth": 8.0, "num_boost_round": 18.0}, "datetime": {"datetime": "2024-01-19 00:57:37", "elapsed": 2747.628442, "delta": 0.003483}}
{"target": -17.67557618845477, "params": {"gamma": 409.4378045063354, "log10_alpha": -0.1019415011486533, "log10_colsample_bytree": -0.026181079470231516, "log10_eta": -2.5910849988677582, "log10_lambda": -2.4997397697219252, "log10_min_child_weight": 2.57249141180905, "log10_subsample": -0.2820277575490666, "max_depth": 8.0, "num_boost_round": 19.0}, "datetime": {"datetime": "2024-01-19 00:57:37", "elapsed": 2747.631947, "delta": 0.003505}}
{"target": -17.67559019233582, "params": {"gamma": 409.4378045063354, "log10_alpha": -0.1019415011486533, "log10_colsample_bytree": -0.026181079470231516, "log10_eta": -2.5910849988677582, "log10_lambda": -2.4997397697219252, "log10_min_child_weight": 2.57249141180905, "log10_subsample": -0.2820277575490666, "max_depth": 8.0, "num_boost_round": 20.0}, "datetime": {"datetime": "2024-01-19 00:57:37", "elapsed": 2747.635416, "delta": 0.003469}}
{"target": -17.675538471568093, "params": {"gamma": 409.4378045063354, "log10_alpha": -0.1019415011486533, "log10_colsample_bytree": -0.026181079470231516, "log10_eta": -2.5910849988677582, "log10_lambda": -2.4997397697219252, "log10_min_child_weight": 2.57249141180905, "log10_subsample": -0.2820277575490666, "max_depth": 8.0, "num_boost_round": 21.0}, "datetime": {"datetime": "2024-01-19 00:57:37", "elapsed": 2747.638877, "delta": 0.003461}}
{"target": -17.675522826326624, "params": {"gamma": 409.4378045063354, "log10_alpha": -0.1019415011486533, "log10_colsample_bytree": -0.026181079470231516, "log10_eta": -2.5910849988677582, "log10_lambda": -2.4997397697219252, "log10_min_child_weight": 2.57249141180905, "log10_subsample": -0.2820277575490666, "max_depth": 8.0, "num_boost_round": 22.0}, "datetime": {"datetime": "2024-01-19 00:57:37", "elapsed": 2747.642588, "delta": 0.003711}}
{"target": -17.675406181284217, "params": {"gamma": 409.4378045063354, "log10_alpha": -0.1019415011486533, "log10_colsample_bytree": -0.026181079470231516, "log10_eta": -2.5910849988677582, "log10_lambda": -2.4997397697219252, "log10_min_child_weight": 2.57249141180905, "log10_subsample": -0.2820277575490666, "max_depth": 8.0, "num_boost_round": 23.0}, "datetime": {"datetime": "2024-01-19 00:57:37", "elapsed": 2747.646205, "delta": 0.003617}}
