{"target": -13.758390791027411, "params": {"gamma": 420.17826980416004, "log10_alpha": -2.4583775096642153, "log10_colsample_bytree": -0.861990036160944, "log10_eta": -3.3590553234061935, "log10_lambda": -1.842063540271567, "log10_min_child_weight": 0.31392529290695526, "log10_subsample": -0.7207922148966541, "max_depth": 2.0, "num_boost_round": 35.0}, "datetime": {"datetime": "2024-01-19 00:20:34", "elapsed": 537.658539, "delta": 0.001379}}
{"target": -13.758386888850865, "params": {"gamma": 420.17826980416004, "log10_alpha": -2.4583775096642153, "log10_colsample_bytree": -0.861990036160944, "log10_eta": -3.3590553234061935, "log10_lambda": -1.842063540271567, "log10_min_child_weight": 0.31392529290695526, "log10_subsample": -0.7207922148966541, "max_depth": 2.0, "num_boost_round": 36.0}, "datetime": {"datetime": "2024-01-19 00:20:34", "elapsed": 537.659851, "delta": 0.001312}}
{"target": -13.75838628055881, "params": {"gamma": 420.17826980416004, "log10_alpha": -2.4583775096642153, "log10_colsample_bytree": -0.861990036160944, "log10_eta": -3.3590553234061935, "log10_lambda": -1.842063540271567, "log10_min_child_weight": 0.31392529290695526, "log10_subsample": -0.7207922148966541, "max_depth": 2.0, "num_boost_round": 37.0}, "datetime": {"datetime": "2024-01-19 00:20:34", "elapsed": 537.661167, "delta": 0.001316}}
{"target": -13.758380827835017, "params": {"gamma": 420.17826980416004, "log10_alpha": -2.4583775096642153, "log10_colsample_bytree": -0.861990036160944, "log10_eta": -3.3590553234061935, "log10_lambda": -1.842063540271567, "log10_min_child_weight": 0.31392529290695526, "log10_subsample": -0.7207922148966541, "max_depth": 2.0, "num_boost_round": 38.0}, "datetime": {"datetime": "2024-01-19 00:20:34", "elapsed": 537.662479, "delta": 0.001312}}
{"target": -13.75837842015646, "params": {"gamma": 420.17826980416004, "log10_alpha": -2.4583775096642153, "log10_colsample_bytree": -0.861990036160944, "log10_eta": -3.3590553234061935, "log10_lambda": -1.842063540271567, "log10_min_child_weight": 0.31392529290695526, "log10_subsample": -0.7207922148966541, "max_depth": 2.0, "num_boost_round": 39.0}, "datetime": {"datetime": "2024-01-19 00:20:34", "elapsed": 537.663796, "delta": 0.001317}}
{"target": -13.758375794523465, "params": {"gamma": 420.17826980416004, "log10_alpha": -2.4583775096642153, "log10_colsample_bytree": -0.861990036160944, "log10_eta": -3.3590553234061935, "log10_lambda": -1.842063540271567, "log10_min_child_weight": 0.31392529290695526, "log10_subsample": -0.7207922148966541, "max_depth": 2.0, "num_boost_round": 40.0}, "datetime": {"datetime": "2024-01-19 00:20:34", "elapsed": 537.665115, "delta": 0.001319}}
{"target": -13.758376772341633, "params": {"gamma": 420.17826980416004, "log10_alpha": -2.4583775096642153, "log10_colsample_bytree": -0.861990036160944, "log10_eta": -3.3590553234061935, "log10_lambda": -1.842063540271567, "log10_min_child_weight": 0.31392529290695526, "log10_subsample": -0.7207922148966541, "max_depth": 2.0, "num_boost_round": 41.0}, "datetime": {"datetime": "2024-01-19 00:20:34", "elapsed": 537.66643, "delta": 0.001315}}
{"target": -13.758373277047571, "params": {"gamma": 420.17826980416004, "log10_alpha": -2.4583775096642153, "log10_colsample_bytree": -0.861990036160944, "log10_eta": -3.3590553234061935, "log10_lambda": -1.842063540271567, "log10_min_child_weight": 0.31392529290695526, "log10_subsample": -0.7207922148966541, "max_depth": 2.0, "num_boost_round": 42.0}, "datetime": {"datetime": "2024-01-19 00:20:34", "elapsed": 537.667748, "delta": 0.001318}}
{"target": -13.758368631135538, "params": {"gamma": 420.17826980416004, "log10_alpha": -2.4583775096642153, "log10_colsample_bytree": -0.861990036160944, "log10_eta": -3.3590553234061935, "log10_lambda": -1.842063540271567, "log10_min_child_weight": 0.31392529290695526, "log10_subsample": -0.7207922148966541, "max_depth": 2.0, "num_boost_round": 43.0}, "datetime": {"datetime": "2024-01-19 00:20:34", "elapsed": 537.669186, "delta": 0.001438}}
{"target": -13.758367303397293, "params": {"gamma": 420.17826980416004, "log10_alpha": -2.4583775096642153, "log10_colsample_bytree": -0.861990036160944, "log10_eta": -3.3590553234061935, "log10_lambda": -1.842063540271567, "log10_min_child_weight": 0.31392529290695526, "log10_subsample": -0.7207922148966541, "max_depth": 2.0, "num_boost_round": 44.0}, "datetime": {"datetime": "2024-01-19 00:20:34", "elapsed": 537.670513, "delta": 0.001327}}
{"target": -13.7583673106046, "params": {"gamma": 420.17826980416004, "log10_alpha": -2.4583775096642153, "log10_colsample_bytree": -0.861990036160944, "log10_eta": -3.3590553234061935, "log10_lambda": -1.842063540271567, "log10_min_child_weight": 0.31392529290695526, "log10_subsample": -0.7207922148966541, "max_depth": 2.0, "num_boost_round": 45.0}, "datetime": {"datetime": "2024-01-19 00:20:34", "elapsed": 537.671855, "delta": 0.001342}}
{"target": -13.758364083011136, "params": {"gamma": 420.17826980416004, "log10_alpha": -2.4583775096642153, "log10_colsample_bytree": -0.861990036160944, "log10_eta": -3.3590553234061935, "log10_lambda": -1.842063540271567, "log10_min_child_weight": 0.31392529290695526, "log10_subsample": -0.7207922148966541, "max_depth": 2.0, "num_boost_round": 46.0}, "datetime": {"datetime": "2024-01-19 00:20:34", "elapsed": 537.673192, "delta": 0.001337}}
{"target": -13.758357114590664, "params": {"gamma": 420.17826980416004, "log10_alpha": -2.4583775096642153, "log10_colsample_bytree": -0.861990036160944, "log10_eta": -3.3590553234061935, "log10_lambda": -1.842063540271567, "log10_min_child_weight": 0.31392529290695526, "log10_subsample": -0.7207922148966541, "max_depth": 2.0, "num_boost_round": 47.0}, "datetime": {"datetime": "2024-01-19 00:20:34", "elapsed": 537.674529, "delta": 0.001337}}
{"target": -13.758355790722318, "params": {"gamma": 420.17826980416004, "log10_alpha": -2.4583775096642153, "log10_colsample_bytree": -0.861990036160944, "log10_eta": -3.3590553234061935, "log10_lambda": -1.842063540271567, "log10_min_child_weight": 0.31392529290695526, "log10_subsample": -0.7207922148966541, "max_depth": 2.0, "num_boost_round": 48.0}, "datetime": {"datetime": "2024-01-19 00:20:34", "elapsed": 537.675857, "delta": 0.001328}}
{"target": -13.758353190182659, "params": {"gamma": 420.17826980416004, "log10_alpha": -2.4583775096642153, "log10_colsample_bytree": -0.861990036160944, "log10_eta": -3.3590553234061935, "log10_lambda": -1.842063540271567, "log10_min_child_weight": 0.31392529290695526, "log10_subsample": -0.7207922148966541, "max_depth": 2.0, "num_boost_round": 49.0}, "datetime": {"datetime": "2024-01-19 00:20:34", "elapsed": 537.677181, "delta": 0.001324}}
{"target": -13.758353072883372, "params": {"gamma": 420.17826980416004, "log10_alpha": -2.4583775096642153, "log10_colsample_bytree": -0.861990036160944, "log10_eta": -3.3590553234061935, "log10_lambda": -1.842063540271567, "log10_min_child_weight": 0.31392529290695526, "log10_subsample": -0.7207922148966541, "max_depth": 2.0, "num_boost_round": 50.0}, "datetime": {"datetime": "2024-01-19 00:20:34", "elapsed": 537.678511, "delta": 0.00133}}
{"target": -13.758348950682585, "params": {"gamma": 420.17826980416004, "log10_alpha": -2.4583775096642153, "log10_colsample_bytree": -0.861990036160944, "log10_eta": -3.3590553234061935, "log10_lambda": -1.842063540271567, "log10_min_child_weight": 0.31392529290695526, "log10_subsample": -0.7207922148966541, "max_depth": 2.0, "num_boost_round": 51.0}, "datetime": {"datetime": "2024-01-19 00:20:34", "elapsed": 537.679847, "delta": 0.001336}}
{"target": -13.758347282992348, "params": {"gamma": 420.17826980416004, "log10_alpha": -2.4583775096642153, "log10_colsample_bytree": -0.861990036160944, "log10_eta": -3.3590553234061935, "log10_lambda": -1.842063540271567, "log10_min_child_weight": 0.31392529290695526, "log10_subsample": -0.7207922148966541, "max_depth": 2.0, "num_boost_round": 52.0}, "datetime": {"datetime": "2024-01-19 00:20:34", "elapsed": 537.681175, "delta": 0.001328}}
{"target": -13.758340158839363, "params": {"gamma": 420.17826980416004, "log10_alpha": -2.4583775096642153, "log10_colsample_bytree": -0.861990036160944, "log10_eta": -3.3590553234061935, "log10_lambda": -1.842063540271567, "log10_min_child_weight": 0.31392529290695526, "log10_subsample": -0.7207922148966541, "max_depth": 2.0, "num_boost_round": 53.0}, "datetime": {"datetime": "2024-01-19 00:20:34", "elapsed": 537.682519, "delta": 0.001344}}
{"target": -13.75832847607494, "params": {"gamma": 420.17826980416004, "log10_alpha": -2.4583775096642153, "log10_colsample_bytree": -0.861990036160944, "log10_eta": -3.3590553234061935, "log10_lambda": -1.842063540271567, "log10_min_child_weight": 0.31392529290695526, "log10_subsample": -0.7207922148966541, "max_depth": 2.0, "num_boost_round": 54.0}, "datetime": {"datetime": "2024-01-19 00:20:34", "elapsed": 537.68385, "delta": 0.001331}}
{"target": -13.75832717461692, "params": {"gamma": 420.17826980416004, "log10_alpha": -2.4583775096642153, "log10_colsample_bytree": -0.861990036160944, "log10_eta": -3.3590553234061935, "log10_lambda": -1.842063540271567, "log10_min_child_weight": 0.31392529290695526, "log10_subsample": -0.7207922148966541, "max_depth": 2.0, "num_boost_round": 55.0}, "datetime": {"datetime": "2024-01-19 00:20:34", "elapsed": 537.685185, "delta": 0.001335}}
{"target": -13.758319107081332, "params": {"gamma": 420.17826980416004, "log10_alpha": -2.4583775096642153, "log10_colsample_bytree": -0.861990036160944, "log10_eta": -3.3590553234061935, "log10_lambda": -1.842063540271567, "log10_min_child_weight": 0.31392529290695526, "log10_subsample": -0.7207922148966541, "max_depth": 2.0, "num_boost_round": 56.0}, "datetime": {"datetime": "2024-01-19 00:20:34", "elapsed": 537.686521, "delta": 0.001336}}
{"target": -13.758310659680625, "params": {"gamma": 420.17826980416004, "log10_alpha": -2.4583775096642153, "log10_colsample_bytree": -0.861990036160944, "log10_eta": -3.3590553234061935, "log10_lambda": -1.842063540271567, "log10_min_child_weight": 0.31392529290695526, "log10_subsample": -0.7207922148966541, "max_depth": 2.0, "num_boost_round": 57.0}, "datetime": {"datetime": "2024-01-19 00:20:34", "elapsed": 537.687863, "delta": 0.001342}}
{"target": -13.758542503911446, "params": {"gamma": 428.57380408264703, "log10_alpha": 0.88916645298844, "log10_colsample_bytree": -0.0003656472298680935, "log10_eta": -3.287861884234703, "log10_lambda": -4.563254229909834, "log10_min_child_weight": 4.33756531286658, "log10_subsample": -0.3462366895522059, "max_depth": 9.0, "num_boost_round": 0.0}, "datetime": {"datetime": "2024-01-19 00:21:09", "elapsed": 572.430445, "delta": 34.742582}}
{"target": -13.75854112666766, "params": {"gamma": 428.57380408264703, "log10_alpha": 0.88916645298844, "log10_colsample_bytree": -0.0003656472298680935, "log10_eta": -3.287861884234703, "log10_lambda": -4.563254229909834, "log10_min_child_weight": 4.33756531286658, "log10_subsample": -0.3462366895522059, "max_depth": 9.0, "num_boost_round": 1.0}, "datetime": {"datetime": "2024-01-19 00:21:09", "elapsed": 572.432075, "delta": 0.00163}}
{"target": -13.758538822606239, "params": {"gamma": 428.57380408264703, "log10_alpha": 0.88916645298844, "log10_colsample_bytree": -0.0003656472298680935, "log10_eta": -3.287861884234703, "log10_lambda": -4.563254229909834, "log10_min_child_weight": 4.33756531286658, "log10_subsample": -0.3462366895522059, "max_depth": 9.0, "num_boost_round": 2.0}, "datetime": {"datetime": "2024-01-19 00:21:09", "elapsed": 572.433456, "delta": 0.001381}}
{"target": -13.758539715377172, "params": {"gamma": 428.57380408264703, "log10_alpha": 0.88916645298844, "log10_colsample_bytree": -0.0003656472298680935, "log10_eta": -3.287861884234703, "log10_lambda": -4.563254229909834, "log10_min_child_weight": 4.33756531286658, "log10_subsample": -0.3462366895522059, "max_depth": 9.0, "num_boost_round": 3.0}, "datetime": {"datetime": "2024-01-19 00:21:09", "elapsed": 572.434823, "delta": 0.001367}}
{"target": -13.758540727606265, "params": {"gamma": 428.57380408264703, "log10_alpha": 0.88916645298844, "log10_colsample_bytree": -0.0003656472298680935, "log10_eta": -3.287861884234703, "log10_lambda": -4.563254229909834, "log10_min_child_weight": 4.33756531286658, "log10_subsample": -0.3462366895522059, "max_depth": 9.0, "num_boost_round": 4.0}, "datetime": {"datetime": "2024-01-19 00:21:09", "elapsed": 572.436525, "delta": 0.001702}}
{"target": -13.758540776433586, "params": {"gamma": 428.57380408264703, "log10_alpha": 0.88916645298844, "log10_colsample_bytree": -0.0003656472298680935, "log10_eta": -3.287861884234703, "log10_lambda": -4.563254229909834, "log10_min_child_weight": 4.33756531286658, "log10_subsample": -0.3462366895522059, "max_depth": 9.0, "num_boost_round": 5.0}, "datetime": {"datetime": "2024-01-19 00:21:09", "elapsed": 572.437887, "delta": 0.001362}}
{"target": -13.758539337188783, "params": {"gamma": 428.57380408264703, "log10_alpha": 0.88916645298844, "log10_colsample_bytree": -0.0003656472298680935, "log10_eta": -3.287861884234703, "log10_lambda": -4.563254229909834, "log10_min_child_weight": 4.33756531286658, "log10_subsample": -0.3462366895522059, "max_depth": 9.0, "num_boost_round": 6.0}, "datetime": {"datetime": "2024-01-19 00:21:09", "elapsed": 572.439293, "delta": 0.001406}}
{"target": -13.75853820867089, "params": {"gamma": 428.57380408264703, "log10_alpha": 0.88916645298844, "log10_colsample_bytree": -0.0003656472298680935, "log10_eta": -3.287861884234703, "log10_lambda": -4.563254229909834, "log10_min_child_weight": 4.33756531286658, "log10_subsample": -0.3462366895522059, "max_depth": 9.0, "num_boost_round": 7.0}, "datetime": {"datetime": "2024-01-19 00:21:09", "elapsed": 572.440653, "delta": 0.00136}}
{"target": -13.758540528923197, "params": {"gamma": 428.57380408264703, "log10_alpha": 0.88916645298844, "log10_colsample_bytree": -0.0003656472298680935, "log10_eta": -3.287861884234703, "log10_lambda": -4.563254229909834, "log10_min_child_weight": 4.33756531286658, "log10_subsample": -0.3462366895522059, "max_depth": 9.0, "num_boost_round": 8.0}, "datetime": {"datetime": "2024-01-19 00:21:09", "elapsed": 572.442005, "delta": 0.001352}}
{"target": -13.758540760182669, "params": {"gamma": 428.57380408264703, "log10_alpha": 0.88916645298844, "log10_colsample_bytree": -0.0003656472298680935, "log10_eta": -3.287861884234703, "log10_lambda": -4.563254229909834, "log10_min_child_weight": 4.33756531286658, "log10_subsample": -0.3462366895522059, "max_depth": 9.0, "num_boost_round": 9.0}, "datetime": {"datetime": "2024-01-19 00:21:09", "elapsed": 572.443358, "delta": 0.001353}}
{"target": -13.758538226169485, "params": {"gamma": 428.57380408264703, "log10_alpha": 0.88916645298844, "log10_colsample_bytree": -0.0003656472298680935, "log10_eta": -3.287861884234703, "log10_lambda": -4.563254229909834, "log10_min_child_weight": 4.33756531286658, "log10_subsample": -0.3462366895522059, "max_depth": 9.0, "num_boost_round": 10.0}, "datetime": {"datetime": "2024-01-19 00:21:09", "elapsed": 572.444725, "delta": 0.001367}}
{"target": -13.758536870498077, "params": {"gamma": 428.57380408264703, "log10_alpha": 0.88916645298844, "log10_colsample_bytree": -0.0003656472298680935, "log10_eta": -3.287861884234703, "log10_lambda": -4.563254229909834, "log10_min_child_weight": 4.33756531286658, "log10_subsample": -0.3462366895522059, "max_depth": 9.0, "num_boost_round": 11.0}, "datetime": {"datetime": "2024-01-19 00:21:09", "elapsed": 572.446087, "delta": 0.001362}}
{"target": -13.758537775167877, "params": {"gamma": 428.57380408264703, "log10_alpha": 0.88916645298844, "log10_colsample_bytree": -0.0003656472298680935, "log10_eta": -3.287861884234703, "log10_lambda": -4.563254229909834, "log10_min_child_weight": 4.33756531286658, "log10_subsample": -0.3462366895522059, "max_depth": 9.0, "num_boost_round": 12.0}, "datetime": {"datetime": "2024-01-19 00:21:09", "elapsed": 572.447448, "delta": 0.001361}}
{"target": -13.758535964525313, "params": {"gamma": 428.57380408264703, "log10_alpha": 0.88916645298844, "log10_colsample_bytree": -0.0003656472298680935, "log10_eta": -3.287861884234703, "log10_lambda": -4.563254229909834, "log10_min_child_weight": 4.33756531286658, "log10_subsample": -0.3462366895522059, "max_depth": 9.0, "num_boost_round": 13.0}, "datetime": {"datetime": "2024-01-19 00:21:09", "elapsed": 572.448819, "delta": 0.001371}}
{"target": -13.758531666717415, "params": {"gamma": 428.57380408264703, "log10_alpha": 0.88916645298844, "log10_colsample_bytree": -0.0003656472298680935, "log10_eta": -3.287861884234703, "log10_lambda": -4.563254229909834, "log10_min_child_weight": 4.33756531286658, "log10_subsample": -0.3462366895522059, "max_depth": 9.0, "num_boost_round": 14.0}, "datetime": {"datetime": "2024-01-19 00:21:09", "elapsed": 572.450319, "delta": 0.0015}}
{"target": -13.758532776509536, "params": {"gamma": 428.57380408264703, "log10_alpha": 0.88916645298844, "log10_colsample_bytree": -0.0003656472298680935, "log10_eta": -3.287861884234703, "log10_lambda": -4.563254229909834, "log10_min_child_weight": 4.33756531286658, "log10_subsample": -0.3462366895522059, "max_depth": 9.0, "num_boost_round": 15.0}, "datetime": {"datetime": "2024-01-19 00:21:09", "elapsed": 572.451672, "delta": 0.001353}}
{"target": -13.758531540059213, "params": {"gamma": 428.57380408264703, "log10_alpha": 0.88916645298844, "log10_colsample_bytree": -0.0003656472298680935, "log10_eta": -3.287861884234703, "log10_lambda": -4.563254229909834, "log10_min_child_weight": 4.33756531286658, "log10_subsample": -0.3462366895522059, "max_depth": 9.0, "num_boost_round": 16.0}, "datetime": {"datetime": "2024-01-19 00:21:09", "elapsed": 572.45303, "delta": 0.001358}}
{"target": -13.758529935388946, "params": {"gamma": 428.57380408264703, "log10_alpha": 0.88916645298844, "log10_colsample_bytree": -0.0003656472298680935, "log10_eta": -3.287861884234703, "log10_lambda": -4.563254229909834, "log10_min_child_weight": 4.33756531286658, "log10_subsample": -0.3462366895522059, "max_depth": 9.0, "num_boost_round": 17.0}, "datetime": {"datetime": "2024-01-19 00:21:09", "elapsed": 572.454382, "delta": 0.001352}}
{"target": -13.758530806351459, "params": {"gamma": 428.57380408264703, "log10_alpha": 0.88916645298844, "log10_colsample_bytree": -0.0003656472298680935, "log10_eta": -3.287861884234703, "log10_lambda": -4.563254229909834, "log10_min_child_weight": 4.33756531286658, "log10_subsample": -0.3462366895522059, "max_depth": 9.0, "num_boost_round": 18.0}, "datetime": {"datetime": "2024-01-19 00:21:09", "elapsed": 572.455744, "delta": 0.001362}}
{"target": -13.758529588338307, "params": {"gamma": 428.57380408264703, "log10_alpha": 0.88916645298844, "log10_colsample_bytree": -0.0003656472298680935, "log10_eta": -3.287861884234703, "log10_lambda": -4.563254229909834, "log10_min_child_weight": 4.33756531286658, "log10_subsample": -0.3462366895522059, "max_depth": 9.0, "num_boost_round": 19.0}, "datetime": {"datetime": "2024-01-19 00:21:09", "elapsed": 572.45711, "delta": 0.001366}}
{"target": -13.758529633773508, "params": {"gamma": 428.57380408264703, "log10_alpha": 0.88916645298844, "log10_colsample_bytree": -0.0003656472298680935, "log10_eta": -3.287861884234703, "log10_lambda": -4.563254229909834, "log10_min_child_weight": 4.33756531286658, "log10_subsample": -0.3462366895522059, "max_depth": 9.0, "num_boost_round": 20.0}, "datetime": {"datetime": "2024-01-19 00:21:09", "elapsed": 572.458486, "delta": 0.001376}}
{"target": -13.758529066506389, "params": {"gamma": 428.57380408264703, "log10_alpha": 0.88916645298844, "log10_colsample_bytree": -0.0003656472298680935, "log10_eta": -3.287861884234703, "log10_lambda": -4.563254229909834, "log10_min_child_weight": 4.33756531286658, "log10_subsample": -0.3462366895522059, "max_depth": 9.0, "num_boost_round": 21.0}, "datetime": {"datetime": "2024-01-19 00:21:09", "elapsed": 572.459846, "delta": 0.00136}}
{"target": -13.758530271763888, "params": {"gamma": 428.57380408264703, "log10_alpha": 0.88916645298844, "log10_colsample_bytree": -0.0003656472298680935, "log10_eta": -3.287861884234703, "log10_lambda": -4.563254229909834, "log10_min_child_weight": 4.33756531286658, "log10_subsample": -0.3462366895522059, "max_depth": 9.0, "num_boost_round": 22.0}, "datetime": {"datetime": "2024-01-19 00:21:09", "elapsed": 572.461215, "delta": 0.001369}}
{"target": -13.75852745378309, "params": {"gamma": 428.57380408264703, "log10_alpha": 0.88916645298844, "log10_colsample_bytree": -0.0003656472298680935, "log10_eta": -3.287861884234703, "log10_lambda": -4.563254229909834, "log10_min_child_weight": 4.33756531286658, "log10_subsample": -0.3462366895522059, "max_depth": 9.0, "num_boost_round": 23.0}, "datetime": {"datetime": "2024-01-19 00:21:09", "elapsed": 572.462596, "delta": 0.001381}}
{"target": -13.758525221473601, "params": {"gamma": 428.57380408264703, "log10_alpha": 0.88916645298844, "log10_colsample_bytree": -0.0003656472298680935, "log10_eta": -3.287861884234703, "log10_lambda": -4.563254229909834, "log10_min_child_weight": 4.33756531286658, "log10_subsample": -0.3462366895522059, "max_depth": 9.0, "num_boost_round": 24.0}, "datetime": {"datetime": "2024-01-19 00:21:09", "elapsed": 572.463959, "delta": 0.001363}}
{"target": -13.758527996190082, "params": {"gamma": 428.57380408264703, "log10_alpha": 0.88916645298844, "log10_colsample_bytree": -0.0003656472298680935, "log10_eta": -3.287861884234703, "log10_lambda": -4.563254229909834, "log10_min_child_weight": 4.33756531286658, "log10_subsample": -0.3462366895522059, "max_depth": 9.0, "num_boost_round": 25.0}, "datetime": {"datetime": "2024-01-19 00:21:09", "elapsed": 572.465321, "delta": 0.001362}}
