{"target": -17.677224401179483, "params": {"gamma": 607.7909968957418, "log10_alpha": -0.509281184969284, "log10_colsample_bytree": -0.8575853507661603, "log10_eta": -3.896468770385947, "log10_lambda": -0.5178990678460824, "log10_min_child_weight": 4.503412794837167, "log10_subsample": -0.6200213273354845, "max_depth": 7.0, "num_boost_round": 11.0}, "datetime": {"datetime": "2024-01-19 02:17:01", "elapsed": 7518.875191, "delta": 0.00586}}
{"target": -17.67722299833952, "params": {"gamma": 607.7909968957418, "log10_alpha": -0.509281184969284, "log10_colsample_bytree": -0.8575853507661603, "log10_eta": -3.896468770385947, "log10_lambda": -0.5178990678460824, "log10_min_child_weight": 4.503412794837167, "log10_subsample": -0.6200213273354845, "max_depth": 7.0, "num_boost_round": 12.0}, "datetime": {"datetime": "2024-01-19 02:17:01", "elapsed": 7518.881134, "delta": 0.005943}}
{"target": -17.67722150522569, "params": {"gamma": 607.7909968957418, "log10_alpha": -0.509281184969284, "log10_colsample_bytree": -0.8575853507661603, "log10_eta": -3.896468770385947, "log10_lambda": -0.5178990678460824, "log10_min_child_weight": 4.503412794837167, "log10_subsample": -0.6200213273354845, "max_depth": 7.0, "num_boost_round": 13.0}, "datetime": {"datetime": "2024-01-19 02:17:01", "elapsed": 7518.887025, "delta": 0.005891}}
{"target": -17.67722140192942, "params": {"gamma": 607.7909968957418, "log10_alpha": -0.509281184969284, "log10_colsample_bytree": -0.8575853507661603, "log10_eta": -3.896468770385947, "log10_lambda": -0.5178990678460824, "log10_min_child_weight": 4.503412794837167, "log10_subsample": -0.6200213273354845, "max_depth": 7.0, "num_boost_round": 14.0}, "datetime": {"datetime": "2024-01-19 02:17:01", "elapsed": 7518.892966, "delta": 0.005941}}
{"target": -17.677219574259897, "params": {"gamma": 607.7909968957418, "log10_alpha": -0.509281184969284, "log10_colsample_bytree": -0.8575853507661603, "log10_eta": -3.896468770385947, "log10_lambda": -0.5178990678460824, "log10_min_child_weight": 4.503412794837167, "log10_subsample": -0.6200213273354845, "max_depth": 7.0, "num_boost_round": 15.0}, "datetime": {"datetime": "2024-01-19 02:17:01", "elapsed": 7518.898991, "delta": 0.006025}}
{"target": -17.67721801378155, "params": {"gamma": 607.7909968957418, "log10_alpha": -0.509281184969284, "log10_colsample_bytree": -0.8575853507661603, "log10_eta": -3.896468770385947, "log10_lambda": -0.5178990678460824, "log10_min_child_weight": 4.503412794837167, "log10_subsample": -0.6200213273354845, "max_depth": 7.0, "num_boost_round": 16.0}, "datetime": {"datetime": "2024-01-19 02:17:01", "elapsed": 7518.905116, "delta": 0.006125}}
{"target": -17.677217219451137, "params": {"gamma": 607.7909968957418, "log10_alpha": -0.509281184969284, "log10_colsample_bytree": -0.8575853507661603, "log10_eta": -3.896468770385947, "log10_lambda": -0.5178990678460824, "log10_min_child_weight": 4.503412794837167, "log10_subsample": -0.6200213273354845, "max_depth": 7.0, "num_boost_round": 17.0}, "datetime": {"datetime": "2024-01-19 02:17:01", "elapsed": 7518.911314, "delta": 0.006198}}
{"target": -17.6772156076392, "params": {"gamma": 607.7909968957418, "log10_alpha": -0.509281184969284, "log10_colsample_bytree": -0.8575853507661603, "log10_eta": -3.896468770385947, "log10_lambda": -0.5178990678460824, "log10_min_child_weight": 4.503412794837167, "log10_subsample": -0.6200213273354845, "max_depth": 7.0, "num_boost_round": 18.0}, "datetime": {"datetime": "2024-01-19 02:17:01", "elapsed": 7518.917198, "delta": 0.005884}}
{"target": -17.6772143362469, "params": {"gamma": 607.7909968957418, "log10_alpha": -0.509281184969284, "log10_colsample_bytree": -0.8575853507661603, "log10_eta": -3.896468770385947, "log10_lambda": -0.5178990678460824, "log10_min_child_weight": 4.503412794837167, "log10_subsample": -0.6200213273354845, "max_depth": 7.0, "num_boost_round": 19.0}, "datetime": {"datetime": "2024-01-19 02:17:01", "elapsed": 7518.923098, "delta": 0.0059}}
{"target": -17.677215236369655, "params": {"gamma": 607.7909968957418, "log10_alpha": -0.509281184969284, "log10_colsample_bytree": -0.8575853507661603, "log10_eta": -3.896468770385947, "log10_lambda": -0.5178990678460824, "log10_min_child_weight": 4.503412794837167, "log10_subsample": -0.6200213273354845, "max_depth": 7.0, "num_boost_round": 20.0}, "datetime": {"datetime": "2024-01-19 02:17:01", "elapsed": 7518.928959, "delta": 0.005861}}
{"target": -17.677214559246348, "params": {"gamma": 607.7909968957418, "log10_alpha": -0.509281184969284, "log10_colsample_bytree": -0.8575853507661603, "log10_eta": -3.896468770385947, "log10_lambda": -0.5178990678460824, "log10_min_child_weight": 4.503412794837167, "log10_subsample": -0.6200213273354845, "max_depth": 7.0, "num_boost_round": 21.0}, "datetime": {"datetime": "2024-01-19 02:17:01", "elapsed": 7518.935179, "delta": 0.00622}}
{"target": -17.677213773786807, "params": {"gamma": 607.7909968957418, "log10_alpha": -0.509281184969284, "log10_colsample_bytree": -0.8575853507661603, "log10_eta": -3.896468770385947, "log10_lambda": -0.5178990678460824, "log10_min_child_weight": 4.503412794837167, "log10_subsample": -0.6200213273354845, "max_depth": 7.0, "num_boost_round": 22.0}, "datetime": {"datetime": "2024-01-19 02:17:01", "elapsed": 7518.941294, "delta": 0.006115}}
{"target": -17.677212405504786, "params": {"gamma": 607.7909968957418, "log10_alpha": -0.509281184969284, "log10_colsample_bytree": -0.8575853507661603, "log10_eta": -3.896468770385947, "log10_lambda": -0.5178990678460824, "log10_min_child_weight": 4.503412794837167, "log10_subsample": -0.6200213273354845, "max_depth": 7.0, "num_boost_round": 23.0}, "datetime": {"datetime": "2024-01-19 02:17:01", "elapsed": 7518.947268, "delta": 0.005974}}
{"target": -17.67721110985834, "params": {"gamma": 607.7909968957418, "log10_alpha": -0.509281184969284, "log10_colsample_bytree": -0.8575853507661603, "log10_eta": -3.896468770385947, "log10_lambda": -0.5178990678460824, "log10_min_child_weight": 4.503412794837167, "log10_subsample": -0.6200213273354845, "max_depth": 7.0, "num_boost_round": 24.0}, "datetime": {"datetime": "2024-01-19 02:17:01", "elapsed": 7518.95318, "delta": 0.005912}}
{"target": -17.6772104495598, "params": {"gamma": 607.7909968957418, "log10_alpha": -0.509281184969284, "log10_colsample_bytree": -0.8575853507661603, "log10_eta": -3.896468770385947, "log10_lambda": -0.5178990678460824, "log10_min_child_weight": 4.503412794837167, "log10_subsample": -0.6200213273354845, "max_depth": 7.0, "num_boost_round": 25.0}, "datetime": {"datetime": "2024-01-19 02:17:01", "elapsed": 7518.959085, "delta": 0.005905}}
{"target": -17.677210134841655, "params": {"gamma": 607.7909968957418, "log10_alpha": -0.509281184969284, "log10_colsample_bytree": -0.8575853507661603, "log10_eta": -3.896468770385947, "log10_lambda": -0.5178990678460824, "log10_min_child_weight": 4.503412794837167, "log10_subsample": -0.6200213273354845, "max_depth": 7.0, "num_boost_round": 26.0}, "datetime": {"datetime": "2024-01-19 02:17:01", "elapsed": 7518.965046, "delta": 0.005961}}
{"target": -17.677209502856687, "params": {"gamma": 607.7909968957418, "log10_alpha": -0.509281184969284, "log10_colsample_bytree": -0.8575853507661603, "log10_eta": -3.896468770385947, "log10_lambda": -0.5178990678460824, "log10_min_child_weight": 4.503412794837167, "log10_subsample": -0.6200213273354845, "max_depth": 7.0, "num_boost_round": 27.0}, "datetime": {"datetime": "2024-01-19 02:17:01", "elapsed": 7518.971757, "delta": 0.006711}}
{"target": -17.677208116891734, "params": {"gamma": 607.7909968957418, "log10_alpha": -0.509281184969284, "log10_colsample_bytree": -0.8575853507661603, "log10_eta": -3.896468770385947, "log10_lambda": -0.5178990678460824, "log10_min_child_weight": 4.503412794837167, "log10_subsample": -0.6200213273354845, "max_depth": 7.0, "num_boost_round": 28.0}, "datetime": {"datetime": "2024-01-19 02:17:01", "elapsed": 7518.978039, "delta": 0.006282}}
{"target": -17.677205825057502, "params": {"gamma": 607.7909968957418, "log10_alpha": -0.509281184969284, "log10_colsample_bytree": -0.8575853507661603, "log10_eta": -3.896468770385947, "log10_lambda": -0.5178990678460824, "log10_min_child_weight": 4.503412794837167, "log10_subsample": -0.6200213273354845, "max_depth": 7.0, "num_boost_round": 29.0}, "datetime": {"datetime": "2024-01-19 02:17:01", "elapsed": 7518.984317, "delta": 0.006278}}
{"target": -17.677204554928295, "params": {"gamma": 607.7909968957418, "log10_alpha": -0.509281184969284, "log10_colsample_bytree": -0.8575853507661603, "log10_eta": -3.896468770385947, "log10_lambda": -0.5178990678460824, "log10_min_child_weight": 4.503412794837167, "log10_subsample": -0.6200213273354845, "max_depth": 7.0, "num_boost_round": 30.0}, "datetime": {"datetime": "2024-01-19 02:17:01", "elapsed": 7518.990414, "delta": 0.006097}}
{"target": -17.67720413854822, "params": {"gamma": 607.7909968957418, "log10_alpha": -0.509281184969284, "log10_colsample_bytree": -0.8575853507661603, "log10_eta": -3.896468770385947, "log10_lambda": -0.5178990678460824, "log10_min_child_weight": 4.503412794837167, "log10_subsample": -0.6200213273354845, "max_depth": 7.0, "num_boost_round": 31.0}, "datetime": {"datetime": "2024-01-19 02:17:01", "elapsed": 7518.996493, "delta": 0.006079}}
{"target": -17.67720288884293, "params": {"gamma": 607.7909968957418, "log10_alpha": -0.509281184969284, "log10_colsample_bytree": -0.8575853507661603, "log10_eta": -3.896468770385947, "log10_lambda": -0.5178990678460824, "log10_min_child_weight": 4.503412794837167, "log10_subsample": -0.6200213273354845, "max_depth": 7.0, "num_boost_round": 32.0}, "datetime": {"datetime": "2024-01-19 02:17:01", "elapsed": 7519.112469, "delta": 0.115976}}
{"target": -17.67720118561002, "params": {"gamma": 607.7909968957418, "log10_alpha": -0.509281184969284, "log10_colsample_bytree": -0.8575853507661603, "log10_eta": -3.896468770385947, "log10_lambda": -0.5178990678460824, "log10_min_child_weight": 4.503412794837167, "log10_subsample": -0.6200213273354845, "max_depth": 7.0, "num_boost_round": 33.0}, "datetime": {"datetime": "2024-01-19 02:17:01", "elapsed": 7519.119622, "delta": 0.007153}}
{"target": -17.67720000357182, "params": {"gamma": 607.7909968957418, "log10_alpha": -0.509281184969284, "log10_colsample_bytree": -0.8575853507661603, "log10_eta": -3.896468770385947, "log10_lambda": -0.5178990678460824, "log10_min_child_weight": 4.503412794837167, "log10_subsample": -0.6200213273354845, "max_depth": 7.0, "num_boost_round": 34.0}, "datetime": {"datetime": "2024-01-19 02:17:01", "elapsed": 7519.126019, "delta": 0.006397}}
{"target": -17.677199684708892, "params": {"gamma": 607.7909968957418, "log10_alpha": -0.509281184969284, "log10_colsample_bytree": -0.8575853507661603, "log10_eta": -3.896468770385947, "log10_lambda": -0.5178990678460824, "log10_min_child_weight": 4.503412794837167, "log10_subsample": -0.6200213273354845, "max_depth": 7.0, "num_boost_round": 35.0}, "datetime": {"datetime": "2024-01-19 02:17:01", "elapsed": 7519.132302, "delta": 0.006283}}
{"target": -17.6771995798517, "params": {"gamma": 607.7909968957418, "log10_alpha": -0.509281184969284, "log10_colsample_bytree": -0.8575853507661603, "log10_eta": -3.896468770385947, "log10_lambda": -0.5178990678460824, "log10_min_child_weight": 4.503412794837167, "log10_subsample": -0.6200213273354845, "max_depth": 7.0, "num_boost_round": 36.0}, "datetime": {"datetime": "2024-01-19 02:17:01", "elapsed": 7519.138609, "delta": 0.006307}}
{"target": -17.677198908892123, "params": {"gamma": 607.7909968957418, "log10_alpha": -0.509281184969284, "log10_colsample_bytree": -0.8575853507661603, "log10_eta": -3.896468770385947, "log10_lambda": -0.5178990678460824, "log10_min_child_weight": 4.503412794837167, "log10_subsample": -0.6200213273354845, "max_depth": 7.0, "num_boost_round": 37.0}, "datetime": {"datetime": "2024-01-19 02:17:01", "elapsed": 7519.14493, "delta": 0.006321}}
{"target": -17.677198127550977, "params": {"gamma": 607.7909968957418, "log10_alpha": -0.509281184969284, "log10_colsample_bytree": -0.8575853507661603, "log10_eta": -3.896468770385947, "log10_lambda": -0.5178990678460824, "log10_min_child_weight": 4.503412794837167, "log10_subsample": -0.6200213273354845, "max_depth": 7.0, "num_boost_round": 38.0}, "datetime": {"datetime": "2024-01-19 02:17:01", "elapsed": 7519.151215, "delta": 0.006285}}
{"target": -17.677196654151523, "params": {"gamma": 607.7909968957418, "log10_alpha": -0.509281184969284, "log10_colsample_bytree": -0.8575853507661603, "log10_eta": -3.896468770385947, "log10_lambda": -0.5178990678460824, "log10_min_child_weight": 4.503412794837167, "log10_subsample": -0.6200213273354845, "max_depth": 7.0, "num_boost_round": 39.0}, "datetime": {"datetime": "2024-01-19 02:17:01", "elapsed": 7519.157498, "delta": 0.006283}}
{"target": -17.677196091054878, "params": {"gamma": 607.7909968957418, "log10_alpha": -0.509281184969284, "log10_colsample_bytree": -0.8575853507661603, "log10_eta": -3.896468770385947, "log10_lambda": -0.5178990678460824, "log10_min_child_weight": 4.503412794837167, "log10_subsample": -0.6200213273354845, "max_depth": 7.0, "num_boost_round": 40.0}, "datetime": {"datetime": "2024-01-19 02:17:01", "elapsed": 7519.163802, "delta": 0.006304}}
{"target": -17.677194421974427, "params": {"gamma": 607.7909968957418, "log10_alpha": -0.509281184969284, "log10_colsample_bytree": -0.8575853507661603, "log10_eta": -3.896468770385947, "log10_lambda": -0.5178990678460824, "log10_min_child_weight": 4.503412794837167, "log10_subsample": -0.6200213273354845, "max_depth": 7.0, "num_boost_round": 41.0}, "datetime": {"datetime": "2024-01-19 02:17:01", "elapsed": 7519.170101, "delta": 0.006299}}
{"target": -17.67719302557029, "params": {"gamma": 607.7909968957418, "log10_alpha": -0.509281184969284, "log10_colsample_bytree": -0.8575853507661603, "log10_eta": -3.896468770385947, "log10_lambda": -0.5178990678460824, "log10_min_child_weight": 4.503412794837167, "log10_subsample": -0.6200213273354845, "max_depth": 7.0, "num_boost_round": 42.0}, "datetime": {"datetime": "2024-01-19 02:17:01", "elapsed": 7519.176436, "delta": 0.006335}}
{"target": -17.677191137993464, "params": {"gamma": 607.7909968957418, "log10_alpha": -0.509281184969284, "log10_colsample_bytree": -0.8575853507661603, "log10_eta": -3.896468770385947, "log10_lambda": -0.5178990678460824, "log10_min_child_weight": 4.503412794837167, "log10_subsample": -0.6200213273354845, "max_depth": 7.0, "num_boost_round": 43.0}, "datetime": {"datetime": "2024-01-19 02:17:01", "elapsed": 7519.182719, "delta": 0.006283}}
{"target": -17.67718995190741, "params": {"gamma": 607.7909968957418, "log10_alpha": -0.509281184969284, "log10_colsample_bytree": -0.8575853507661603, "log10_eta": -3.896468770385947, "log10_lambda": -0.5178990678460824, "log10_min_child_weight": 4.503412794837167, "log10_subsample": -0.6200213273354845, "max_depth": 7.0, "num_boost_round": 44.0}, "datetime": {"datetime": "2024-01-19 02:17:01", "elapsed": 7519.189031, "delta": 0.006312}}
{"target": -17.677188504398238, "params": {"gamma": 607.7909968957418, "log10_alpha": -0.509281184969284, "log10_colsample_bytree": -0.8575853507661603, "log10_eta": -3.896468770385947, "log10_lambda": -0.5178990678460824, "log10_min_child_weight": 4.503412794837167, "log10_subsample": -0.6200213273354845, "max_depth": 7.0, "num_boost_round": 45.0}, "datetime": {"datetime": "2024-01-19 02:17:01", "elapsed": 7519.195326, "delta": 0.006295}}
{"target": -17.677187969511493, "params": {"gamma": 607.7909968957418, "log10_alpha": -0.509281184969284, "log10_colsample_bytree": -0.8575853507661603, "log10_eta": -3.896468770385947, "log10_lambda": -0.5178990678460824, "log10_min_child_weight": 4.503412794837167, "log10_subsample": -0.6200213273354845, "max_depth": 7.0, "num_boost_round": 46.0}, "datetime": {"datetime": "2024-01-19 02:17:01", "elapsed": 7519.201608, "delta": 0.006282}}
{"target": -17.677185976624845, "params": {"gamma": 607.7909968957418, "log10_alpha": -0.509281184969284, "log10_colsample_bytree": -0.8575853507661603, "log10_eta": -3.896468770385947, "log10_lambda": -0.5178990678460824, "log10_min_child_weight": 4.503412794837167, "log10_subsample": -0.6200213273354845, "max_depth": 7.0, "num_boost_round": 47.0}, "datetime": {"datetime": "2024-01-19 02:17:01", "elapsed": 7519.208691, "delta": 0.007083}}
{"target": -17.677185721368765, "params": {"gamma": 607.7909968957418, "log10_alpha": -0.509281184969284, "log10_colsample_bytree": -0.8575853507661603, "log10_eta": -3.896468770385947, "log10_lambda": -0.5178990678460824, "log10_min_child_weight": 4.503412794837167, "log10_subsample": -0.6200213273354845, "max_depth": 7.0, "num_boost_round": 48.0}, "datetime": {"datetime": "2024-01-19 02:17:01", "elapsed": 7519.215085, "delta": 0.006394}}
{"target": -17.677185523184434, "params": {"gamma": 607.7909968957418, "log10_alpha": -0.509281184969284, "log10_colsample_bytree": -0.8575853507661603, "log10_eta": -3.896468770385947, "log10_lambda": -0.5178990678460824, "log10_min_child_weight": 4.503412794837167, "log10_subsample": -0.6200213273354845, "max_depth": 7.0, "num_boost_round": 49.0}, "datetime": {"datetime": "2024-01-19 02:17:01", "elapsed": 7519.22135, "delta": 0.006265}}
{"target": -17.677184354835575, "params": {"gamma": 607.7909968957418, "log10_alpha": -0.509281184969284, "log10_colsample_bytree": -0.8575853507661603, "log10_eta": -3.896468770385947, "log10_lambda": -0.5178990678460824, "log10_min_child_weight": 4.503412794837167, "log10_subsample": -0.6200213273354845, "max_depth": 7.0, "num_boost_round": 50.0}, "datetime": {"datetime": "2024-01-19 02:17:01", "elapsed": 7519.312874, "delta": 0.091524}}
{"target": -17.677184828830786, "params": {"gamma": 607.7909968957418, "log10_alpha": -0.509281184969284, "log10_colsample_bytree": -0.8575853507661603, "log10_eta": -3.896468770385947, "log10_lambda": -0.5178990678460824, "log10_min_child_weight": 4.503412794837167, "log10_subsample": -0.6200213273354845, "max_depth": 7.0, "num_boost_round": 51.0}, "datetime": {"datetime": "2024-01-19 02:17:01", "elapsed": 7519.320224, "delta": 0.00735}}
{"target": -17.677184552730765, "params": {"gamma": 607.7909968957418, "log10_alpha": -0.509281184969284, "log10_colsample_bytree": -0.8575853507661603, "log10_eta": -3.896468770385947, "log10_lambda": -0.5178990678460824, "log10_min_child_weight": 4.503412794837167, "log10_subsample": -0.6200213273354845, "max_depth": 7.0, "num_boost_round": 52.0}, "datetime": {"datetime": "2024-01-19 02:17:01", "elapsed": 7519.326742, "delta": 0.006518}}
{"target": -17.677183075570156, "params": {"gamma": 607.7909968957418, "log10_alpha": -0.509281184969284, "log10_colsample_bytree": -0.8575853507661603, "log10_eta": -3.896468770385947, "log10_lambda": -0.5178990678460824, "log10_min_child_weight": 4.503412794837167, "log10_subsample": -0.6200213273354845, "max_depth": 7.0, "num_boost_round": 53.0}, "datetime": {"datetime": "2024-01-19 02:17:01", "elapsed": 7519.333836, "delta": 0.007094}}
{"target": -17.677181608094454, "params": {"gamma": 607.7909968957418, "log10_alpha": -0.509281184969284, "log10_colsample_bytree": -0.8575853507661603, "log10_eta": -3.896468770385947, "log10_lambda": -0.5178990678460824, "log10_min_child_weight": 4.503412794837167, "log10_subsample": -0.6200213273354845, "max_depth": 7.0, "num_boost_round": 54.0}, "datetime": {"datetime": "2024-01-19 02:17:01", "elapsed": 7519.340442, "delta": 0.006606}}
{"target": -17.67718228399825, "params": {"gamma": 607.7909968957418, "log10_alpha": -0.509281184969284, "log10_colsample_bytree": -0.8575853507661603, "log10_eta": -3.896468770385947, "log10_lambda": -0.5178990678460824, "log10_min_child_weight": 4.503412794837167, "log10_subsample": -0.6200213273354845, "max_depth": 7.0, "num_boost_round": 55.0}, "datetime": {"datetime": "2024-01-19 02:17:02", "elapsed": 7519.346883, "delta": 0.006441}}
{"target": -17.677182922684754, "params": {"gamma": 607.7909968957418, "log10_alpha": -0.509281184969284, "log10_colsample_bytree": -0.8575853507661603, "log10_eta": -3.896468770385947, "log10_lambda": -0.5178990678460824, "log10_min_child_weight": 4.503412794837167, "log10_subsample": -0.6200213273354845, "max_depth": 7.0, "num_boost_round": 56.0}, "datetime": {"datetime": "2024-01-19 02:17:02", "elapsed": 7519.353534, "delta": 0.006651}}
{"target": -17.677181373274262, "params": {"gamma": 607.7909968957418, "log10_alpha": -0.509281184969284, "log10_colsample_bytree": -0.8575853507661603, "log10_eta": -3.896468770385947, "log10_lambda": -0.5178990678460824, "log10_min_child_weight": 4.503412794837167, "log10_subsample": -0.6200213273354845, "max_depth": 7.0, "num_boost_round": 57.0}, "datetime": {"datetime": "2024-01-19 02:17:02", "elapsed": 7519.359981, "delta": 0.006447}}
{"target": -17.67718168964676, "params": {"gamma": 607.7909968957418, "log10_alpha": -0.509281184969284, "log10_colsample_bytree": -0.8575853507661603, "log10_eta": -3.896468770385947, "log10_lambda": -0.5178990678460824, "log10_min_child_weight": 4.503412794837167, "log10_subsample": -0.6200213273354845, "max_depth": 7.0, "num_boost_round": 58.0}, "datetime": {"datetime": "2024-01-19 02:17:02", "elapsed": 7519.36642, "delta": 0.006439}}
{"target": -17.677180529074434, "params": {"gamma": 607.7909968957418, "log10_alpha": -0.509281184969284, "log10_colsample_bytree": -0.8575853507661603, "log10_eta": -3.896468770385947, "log10_lambda": -0.5178990678460824, "log10_min_child_weight": 4.503412794837167, "log10_subsample": -0.6200213273354845, "max_depth": 7.0, "num_boost_round": 59.0}, "datetime": {"datetime": "2024-01-19 02:17:02", "elapsed": 7519.372848, "delta": 0.006428}}
