{"target": -17.67684881292486, "params": {"gamma": 709.6246216082202, "log10_alpha": 0.34010392510123744, "log10_colsample_bytree": -0.5912724288633928, "log10_eta": -3.763424972179738, "log10_lambda": 0.24979346151472726, "log10_min_child_weight": 0.08390958246683122, "log10_subsample": -0.0364864933581337, "max_depth": 5.0, "num_boost_round": 62.0}, "datetime": {"datetime": "2024-01-19 00:42:27", "elapsed": 1854.470425, "delta": 0.002414}}
{"target": -17.676841380417365, "params": {"gamma": 709.6246216082202, "log10_alpha": 0.34010392510123744, "log10_colsample_bytree": -0.5912724288633928, "log10_eta": -3.763424972179738, "log10_lambda": 0.24979346151472726, "log10_min_child_weight": 0.08390958246683122, "log10_subsample": -0.0364864933581337, "max_depth": 5.0, "num_boost_round": 63.0}, "datetime": {"datetime": "2024-01-19 00:42:27", "elapsed": 1854.472801, "delta": 0.002376}}
{"target": -17.676830001640077, "params": {"gamma": 709.6246216082202, "log10_alpha": 0.34010392510123744, "log10_colsample_bytree": -0.5912724288633928, "log10_eta": -3.763424972179738, "log10_lambda": 0.24979346151472726, "log10_min_child_weight": 0.08390958246683122, "log10_subsample": -0.0364864933581337, "max_depth": 5.0, "num_boost_round": 64.0}, "datetime": {"datetime": "2024-01-19 00:42:27", "elapsed": 1854.475197, "delta": 0.002396}}
{"target": -17.676826254619264, "params": {"gamma": 709.6246216082202, "log10_alpha": 0.34010392510123744, "log10_colsample_bytree": -0.5912724288633928, "log10_eta": -3.763424972179738, "log10_lambda": 0.24979346151472726, "log10_min_child_weight": 0.08390958246683122, "log10_subsample": -0.0364864933581337, "max_depth": 5.0, "num_boost_round": 65.0}, "datetime": {"datetime": "2024-01-19 00:42:27", "elapsed": 1854.478204, "delta": 0.003007}}
{"target": -17.676815331856165, "params": {"gamma": 709.6246216082202, "log10_alpha": 0.34010392510123744, "log10_colsample_bytree": -0.5912724288633928, "log10_eta": -3.763424972179738, "log10_lambda": 0.24979346151472726, "log10_min_child_weight": 0.08390958246683122, "log10_subsample": -0.0364864933581337, "max_depth": 5.0, "num_boost_round": 66.0}, "datetime": {"datetime": "2024-01-19 00:42:27", "elapsed": 1854.480815, "delta": 0.002611}}
{"target": -17.67680200372321, "params": {"gamma": 709.6246216082202, "log10_alpha": 0.34010392510123744, "log10_colsample_bytree": -0.5912724288633928, "log10_eta": -3.763424972179738, "log10_lambda": 0.24979346151472726, "log10_min_child_weight": 0.08390958246683122, "log10_subsample": -0.0364864933581337, "max_depth": 5.0, "num_boost_round": 67.0}, "datetime": {"datetime": "2024-01-19 00:42:27", "elapsed": 1854.483734, "delta": 0.002919}}
{"target": -17.676799335749504, "params": {"gamma": 709.6246216082202, "log10_alpha": 0.34010392510123744, "log10_colsample_bytree": -0.5912724288633928, "log10_eta": -3.763424972179738, "log10_lambda": 0.24979346151472726, "log10_min_child_weight": 0.08390958246683122, "log10_subsample": -0.0364864933581337, "max_depth": 5.0, "num_boost_round": 68.0}, "datetime": {"datetime": "2024-01-19 00:42:27", "elapsed": 1854.48684, "delta": 0.003106}}
{"target": -17.676798365203034, "params": {"gamma": 709.6246216082202, "log10_alpha": 0.34010392510123744, "log10_colsample_bytree": -0.5912724288633928, "log10_eta": -3.763424972179738, "log10_lambda": 0.24979346151472726, "log10_min_child_weight": 0.08390958246683122, "log10_subsample": -0.0364864933581337, "max_depth": 5.0, "num_boost_round": 69.0}, "datetime": {"datetime": "2024-01-19 00:42:27", "elapsed": 1854.48946, "delta": 0.00262}}
{"target": -17.676796141234153, "params": {"gamma": 709.6246216082202, "log10_alpha": 0.34010392510123744, "log10_colsample_bytree": -0.5912724288633928, "log10_eta": -3.763424972179738, "log10_lambda": 0.24979346151472726, "log10_min_child_weight": 0.08390958246683122, "log10_subsample": -0.0364864933581337, "max_depth": 5.0, "num_boost_round": 70.0}, "datetime": {"datetime": "2024-01-19 00:42:27", "elapsed": 1854.491837, "delta": 0.002377}}
{"target": -17.67678897939919, "params": {"gamma": 709.6246216082202, "log10_alpha": 0.34010392510123744, "log10_colsample_bytree": -0.5912724288633928, "log10_eta": -3.763424972179738, "log10_lambda": 0.24979346151472726, "log10_min_child_weight": 0.08390958246683122, "log10_subsample": -0.0364864933581337, "max_depth": 5.0, "num_boost_round": 71.0}, "datetime": {"datetime": "2024-01-19 00:42:27", "elapsed": 1854.494232, "delta": 0.002395}}
{"target": -17.67678550425734, "params": {"gamma": 709.6246216082202, "log10_alpha": 0.34010392510123744, "log10_colsample_bytree": -0.5912724288633928, "log10_eta": -3.763424972179738, "log10_lambda": 0.24979346151472726, "log10_min_child_weight": 0.08390958246683122, "log10_subsample": -0.0364864933581337, "max_depth": 5.0, "num_boost_round": 72.0}, "datetime": {"datetime": "2024-01-19 00:42:27", "elapsed": 1854.496647, "delta": 0.002415}}
{"target": -17.92895772062496, "params": {"gamma": 705.4111932299306, "log10_alpha": 0.20703837531215719, "log10_colsample_bytree": -0.6401088925258565, "log10_eta": -0.15193999946441794, "log10_lambda": -4.903451221226514, "log10_min_child_weight": 1.0342943154457573, "log10_subsample": -0.6716915059872187, "max_depth": 9.0, "num_boost_round": 0.0}, "datetime": {"datetime": "2024-01-19 00:43:33", "elapsed": 1920.6738, "delta": 66.177153}}
{"target": -18.247195882538104, "params": {"gamma": 705.4111932299306, "log10_alpha": 0.20703837531215719, "log10_colsample_bytree": -0.6401088925258565, "log10_eta": -0.15193999946441794, "log10_lambda": -4.903451221226514, "log10_min_child_weight": 1.0342943154457573, "log10_subsample": -0.6716915059872187, "max_depth": 9.0, "num_boost_round": 1.0}, "datetime": {"datetime": "2024-01-19 00:43:33", "elapsed": 1920.786448, "delta": 0.112648}}
{"target": -18.49970489481192, "params": {"gamma": 705.4111932299306, "log10_alpha": 0.20703837531215719, "log10_colsample_bytree": -0.6401088925258565, "log10_eta": -0.15193999946441794, "log10_lambda": -4.903451221226514, "log10_min_child_weight": 1.0342943154457573, "log10_subsample": -0.6716915059872187, "max_depth": 9.0, "num_boost_round": 2.0}, "datetime": {"datetime": "2024-01-19 00:43:33", "elapsed": 1920.789559, "delta": 0.003111}}
{"target": -18.721919161158706, "params": {"gamma": 705.4111932299306, "log10_alpha": 0.20703837531215719, "log10_colsample_bytree": -0.6401088925258565, "log10_eta": -0.15193999946441794, "log10_lambda": -4.903451221226514, "log10_min_child_weight": 1.0342943154457573, "log10_subsample": -0.6716915059872187, "max_depth": 9.0, "num_boost_round": 3.0}, "datetime": {"datetime": "2024-01-19 00:43:33", "elapsed": 1920.792598, "delta": 0.003039}}
{"target": -18.884087560997386, "params": {"gamma": 705.4111932299306, "log10_alpha": 0.20703837531215719, "log10_colsample_bytree": -0.6401088925258565, "log10_eta": -0.15193999946441794, "log10_lambda": -4.903451221226514, "log10_min_child_weight": 1.0342943154457573, "log10_subsample": -0.6716915059872187, "max_depth": 9.0, "num_boost_round": 4.0}, "datetime": {"datetime": "2024-01-19 00:43:33", "elapsed": 1920.79526, "delta": 0.002662}}
{"target": -19.040344871758478, "params": {"gamma": 705.4111932299306, "log10_alpha": 0.20703837531215719, "log10_colsample_bytree": -0.6401088925258565, "log10_eta": -0.15193999946441794, "log10_lambda": -4.903451221226514, "log10_min_child_weight": 1.0342943154457573, "log10_subsample": -0.6716915059872187, "max_depth": 9.0, "num_boost_round": 5.0}, "datetime": {"datetime": "2024-01-19 00:43:33", "elapsed": 1920.797965, "delta": 0.002705}}
{"target": -19.269210813837066, "params": {"gamma": 705.4111932299306, "log10_alpha": 0.20703837531215719, "log10_colsample_bytree": -0.6401088925258565, "log10_eta": -0.15193999946441794, "log10_lambda": -4.903451221226514, "log10_min_child_weight": 1.0342943154457573, "log10_subsample": -0.6716915059872187, "max_depth": 9.0, "num_boost_round": 6.0}, "datetime": {"datetime": "2024-01-19 00:43:33", "elapsed": 1920.8006, "delta": 0.002635}}
{"target": -19.884618422760187, "params": {"gamma": 705.4111932299306, "log10_alpha": 0.20703837531215719, "log10_colsample_bytree": -0.6401088925258565, "log10_eta": -0.15193999946441794, "log10_lambda": -4.903451221226514, "log10_min_child_weight": 1.0342943154457573, "log10_subsample": -0.6716915059872187, "max_depth": 9.0, "num_boost_round": 7.0}, "datetime": {"datetime": "2024-01-19 00:43:33", "elapsed": 1920.8032, "delta": 0.0026}}
{"target": -19.99194965323633, "params": {"gamma": 705.4111932299306, "log10_alpha": 0.20703837531215719, "log10_colsample_bytree": -0.6401088925258565, "log10_eta": -0.15193999946441794, "log10_lambda": -4.903451221226514, "log10_min_child_weight": 1.0342943154457573, "log10_subsample": -0.6716915059872187, "max_depth": 9.0, "num_boost_round": 8.0}, "datetime": {"datetime": "2024-01-19 00:43:33", "elapsed": 1920.805747, "delta": 0.002547}}
{"target": -20.07889626770703, "params": {"gamma": 705.4111932299306, "log10_alpha": 0.20703837531215719, "log10_colsample_bytree": -0.6401088925258565, "log10_eta": -0.15193999946441794, "log10_lambda": -4.903451221226514, "log10_min_child_weight": 1.0342943154457573, "log10_subsample": -0.6716915059872187, "max_depth": 9.0, "num_boost_round": 9.0}, "datetime": {"datetime": "2024-01-19 00:43:33", "elapsed": 1920.808525, "delta": 0.002778}}
{"target": -20.164183146521403, "params": {"gamma": 705.4111932299306, "log10_alpha": 0.20703837531215719, "log10_colsample_bytree": -0.6401088925258565, "log10_eta": -0.15193999946441794, "log10_lambda": -4.903451221226514, "log10_min_child_weight": 1.0342943154457573, "log10_subsample": -0.6716915059872187, "max_depth": 9.0, "num_boost_round": 10.0}, "datetime": {"datetime": "2024-01-19 00:43:33", "elapsed": 1920.811146, "delta": 0.002621}}
{"target": -20.226318853829216, "params": {"gamma": 705.4111932299306, "log10_alpha": 0.20703837531215719, "log10_colsample_bytree": -0.6401088925258565, "log10_eta": -0.15193999946441794, "log10_lambda": -4.903451221226514, "log10_min_child_weight": 1.0342943154457573, "log10_subsample": -0.6716915059872187, "max_depth": 9.0, "num_boost_round": 11.0}, "datetime": {"datetime": "2024-01-19 00:43:33", "elapsed": 1920.813734, "delta": 0.002588}}
{"target": -20.333562767759055, "params": {"gamma": 705.4111932299306, "log10_alpha": 0.20703837531215719, "log10_colsample_bytree": -0.6401088925258565, "log10_eta": -0.15193999946441794, "log10_lambda": -4.903451221226514, "log10_min_child_weight": 1.0342943154457573, "log10_subsample": -0.6716915059872187, "max_depth": 9.0, "num_boost_round": 12.0}, "datetime": {"datetime": "2024-01-19 00:43:33", "elapsed": 1920.816411, "delta": 0.002677}}
{"target": -20.41608759804749, "params": {"gamma": 705.4111932299306, "log10_alpha": 0.20703837531215719, "log10_colsample_bytree": -0.6401088925258565, "log10_eta": -0.15193999946441794, "log10_lambda": -4.903451221226514, "log10_min_child_weight": 1.0342943154457573, "log10_subsample": -0.6716915059872187, "max_depth": 9.0, "num_boost_round": 13.0}, "datetime": {"datetime": "2024-01-19 00:43:33", "elapsed": 1920.819112, "delta": 0.002701}}
{"target": -20.514520448126444, "params": {"gamma": 705.4111932299306, "log10_alpha": 0.20703837531215719, "log10_colsample_bytree": -0.6401088925258565, "log10_eta": -0.15193999946441794, "log10_lambda": -4.903451221226514, "log10_min_child_weight": 1.0342943154457573, "log10_subsample": -0.6716915059872187, "max_depth": 9.0, "num_boost_round": 14.0}, "datetime": {"datetime": "2024-01-19 00:43:33", "elapsed": 1920.821659, "delta": 0.002547}}
{"target": -20.5579652813345, "params": {"gamma": 705.4111932299306, "log10_alpha": 0.20703837531215719, "log10_colsample_bytree": -0.6401088925258565, "log10_eta": -0.15193999946441794, "log10_lambda": -4.903451221226514, "log10_min_child_weight": 1.0342943154457573, "log10_subsample": -0.6716915059872187, "max_depth": 9.0, "num_boost_round": 15.0}, "datetime": {"datetime": "2024-01-19 00:43:33", "elapsed": 1920.824282, "delta": 0.002623}}
{"target": -20.645951188637003, "params": {"gamma": 705.4111932299306, "log10_alpha": 0.20703837531215719, "log10_colsample_bytree": -0.6401088925258565, "log10_eta": -0.15193999946441794, "log10_lambda": -4.903451221226514, "log10_min_child_weight": 1.0342943154457573, "log10_subsample": -0.6716915059872187, "max_depth": 9.0, "num_boost_round": 16.0}, "datetime": {"datetime": "2024-01-19 00:43:33", "elapsed": 1920.826839, "delta": 0.002557}}
{"target": -20.689602354623613, "params": {"gamma": 705.4111932299306, "log10_alpha": 0.20703837531215719, "log10_colsample_bytree": -0.6401088925258565, "log10_eta": -0.15193999946441794, "log10_lambda": -4.903451221226514, "log10_min_child_weight": 1.0342943154457573, "log10_subsample": -0.6716915059872187, "max_depth": 9.0, "num_boost_round": 17.0}, "datetime": {"datetime": "2024-01-19 00:43:33", "elapsed": 1920.82964, "delta": 0.002801}}
{"target": -20.765677159104047, "params": {"gamma": 705.4111932299306, "log10_alpha": 0.20703837531215719, "log10_colsample_bytree": -0.6401088925258565, "log10_eta": -0.15193999946441794, "log10_lambda": -4.903451221226514, "log10_min_child_weight": 1.0342943154457573, "log10_subsample": -0.6716915059872187, "max_depth": 9.0, "num_boost_round": 18.0}, "datetime": {"datetime": "2024-01-19 00:43:33", "elapsed": 1920.832437, "delta": 0.002797}}
{"target": -20.865612358722746, "params": {"gamma": 705.4111932299306, "log10_alpha": 0.20703837531215719, "log10_colsample_bytree": -0.6401088925258565, "log10_eta": -0.15193999946441794, "log10_lambda": -4.903451221226514, "log10_min_child_weight": 1.0342943154457573, "log10_subsample": -0.6716915059872187, "max_depth": 9.0, "num_boost_round": 19.0}, "datetime": {"datetime": "2024-01-19 00:43:33", "elapsed": 1920.835042, "delta": 0.002605}}
{"target": -20.906085961299084, "params": {"gamma": 705.4111932299306, "log10_alpha": 0.20703837531215719, "log10_colsample_bytree": -0.6401088925258565, "log10_eta": -0.15193999946441794, "log10_lambda": -4.903451221226514, "log10_min_child_weight": 1.0342943154457573, "log10_subsample": -0.6716915059872187, "max_depth": 9.0, "num_boost_round": 20.0}, "datetime": {"datetime": "2024-01-19 00:43:33", "elapsed": 1920.837776, "delta": 0.002734}}
{"target": -20.986882725074032, "params": {"gamma": 705.4111932299306, "log10_alpha": 0.20703837531215719, "log10_colsample_bytree": -0.6401088925258565, "log10_eta": -0.15193999946441794, "log10_lambda": -4.903451221226514, "log10_min_child_weight": 1.0342943154457573, "log10_subsample": -0.6716915059872187, "max_depth": 9.0, "num_boost_round": 21.0}, "datetime": {"datetime": "2024-01-19 00:43:33", "elapsed": 1920.840419, "delta": 0.002643}}
{"target": -21.032217398784255, "params": {"gamma": 705.4111932299306, "log10_alpha": 0.20703837531215719, "log10_colsample_bytree": -0.6401088925258565, "log10_eta": -0.15193999946441794, "log10_lambda": -4.903451221226514, "log10_min_child_weight": 1.0342943154457573, "log10_subsample": -0.6716915059872187, "max_depth": 9.0, "num_boost_round": 22.0}, "datetime": {"datetime": "2024-01-19 00:43:33", "elapsed": 1920.843052, "delta": 0.002633}}
{"target": -21.072596265217218, "params": {"gamma": 705.4111932299306, "log10_alpha": 0.20703837531215719, "log10_colsample_bytree": -0.6401088925258565, "log10_eta": -0.15193999946441794, "log10_lambda": -4.903451221226514, "log10_min_child_weight": 1.0342943154457573, "log10_subsample": -0.6716915059872187, "max_depth": 9.0, "num_boost_round": 23.0}, "datetime": {"datetime": "2024-01-19 00:43:33", "elapsed": 1920.84566, "delta": 0.002608}}
{"target": -21.24743054676163, "params": {"gamma": 705.4111932299306, "log10_alpha": 0.20703837531215719, "log10_colsample_bytree": -0.6401088925258565, "log10_eta": -0.15193999946441794, "log10_lambda": -4.903451221226514, "log10_min_child_weight": 1.0342943154457573, "log10_subsample": -0.6716915059872187, "max_depth": 9.0, "num_boost_round": 24.0}, "datetime": {"datetime": "2024-01-19 00:43:33", "elapsed": 1920.848415, "delta": 0.002755}}
{"target": -21.299127249404215, "params": {"gamma": 705.4111932299306, "log10_alpha": 0.20703837531215719, "log10_colsample_bytree": -0.6401088925258565, "log10_eta": -0.15193999946441794, "log10_lambda": -4.903451221226514, "log10_min_child_weight": 1.0342943154457573, "log10_subsample": -0.6716915059872187, "max_depth": 9.0, "num_boost_round": 25.0}, "datetime": {"datetime": "2024-01-19 00:43:33", "elapsed": 1920.851071, "delta": 0.002656}}
{"target": -21.333269219511436, "params": {"gamma": 705.4111932299306, "log10_alpha": 0.20703837531215719, "log10_colsample_bytree": -0.6401088925258565, "log10_eta": -0.15193999946441794, "log10_lambda": -4.903451221226514, "log10_min_child_weight": 1.0342943154457573, "log10_subsample": -0.6716915059872187, "max_depth": 9.0, "num_boost_round": 26.0}, "datetime": {"datetime": "2024-01-19 00:43:33", "elapsed": 1920.853661, "delta": 0.00259}}
{"target": -21.378469676641135, "params": {"gamma": 705.4111932299306, "log10_alpha": 0.20703837531215719, "log10_colsample_bytree": -0.6401088925258565, "log10_eta": -0.15193999946441794, "log10_lambda": -4.903451221226514, "log10_min_child_weight": 1.0342943154457573, "log10_subsample": -0.6716915059872187, "max_depth": 9.0, "num_boost_round": 27.0}, "datetime": {"datetime": "2024-01-19 00:43:33", "elapsed": 1920.856335, "delta": 0.002674}}
{"target": -21.43531415739423, "params": {"gamma": 705.4111932299306, "log10_alpha": 0.20703837531215719, "log10_colsample_bytree": -0.6401088925258565, "log10_eta": -0.15193999946441794, "log10_lambda": -4.903451221226514, "log10_min_child_weight": 1.0342943154457573, "log10_subsample": -0.6716915059872187, "max_depth": 9.0, "num_boost_round": 28.0}, "datetime": {"datetime": "2024-01-19 00:43:33", "elapsed": 1920.859021, "delta": 0.002686}}
{"target": -21.46695207724122, "params": {"gamma": 705.4111932299306, "log10_alpha": 0.20703837531215719, "log10_colsample_bytree": -0.6401088925258565, "log10_eta": -0.15193999946441794, "log10_lambda": -4.903451221226514, "log10_min_child_weight": 1.0342943154457573, "log10_subsample": -0.6716915059872187, "max_depth": 9.0, "num_boost_round": 29.0}, "datetime": {"datetime": "2024-01-19 00:43:33", "elapsed": 1920.861657, "delta": 0.002636}}
{"target": -21.504135529774906, "params": {"gamma": 705.4111932299306, "log10_alpha": 0.20703837531215719, "log10_colsample_bytree": -0.6401088925258565, "log10_eta": -0.15193999946441794, "log10_lambda": -4.903451221226514, "log10_min_child_weight": 1.0342943154457573, "log10_subsample": -0.6716915059872187, "max_depth": 9.0, "num_boost_round": 30.0}, "datetime": {"datetime": "2024-01-19 00:43:33", "elapsed": 1920.864324, "delta": 0.002667}}
{"target": -21.567860322186057, "params": {"gamma": 705.4111932299306, "log10_alpha": 0.20703837531215719, "log10_colsample_bytree": -0.6401088925258565, "log10_eta": -0.15193999946441794, "log10_lambda": -4.903451221226514, "log10_min_child_weight": 1.0342943154457573, "log10_subsample": -0.6716915059872187, "max_depth": 9.0, "num_boost_round": 31.0}, "datetime": {"datetime": "2024-01-19 00:43:33", "elapsed": 1920.867001, "delta": 0.002677}}
{"target": -21.64024618261097, "params": {"gamma": 705.4111932299306, "log10_alpha": 0.20703837531215719, "log10_colsample_bytree": -0.6401088925258565, "log10_eta": -0.15193999946441794, "log10_lambda": -4.903451221226514, "log10_min_child_weight": 1.0342943154457573, "log10_subsample": -0.6716915059872187, "max_depth": 9.0, "num_boost_round": 32.0}, "datetime": {"datetime": "2024-01-19 00:43:33", "elapsed": 1920.869673, "delta": 0.002672}}
{"target": -21.678590433632564, "params": {"gamma": 705.4111932299306, "log10_alpha": 0.20703837531215719, "log10_colsample_bytree": -0.6401088925258565, "log10_eta": -0.15193999946441794, "log10_lambda": -4.903451221226514, "log10_min_child_weight": 1.0342943154457573, "log10_subsample": -0.6716915059872187, "max_depth": 9.0, "num_boost_round": 33.0}, "datetime": {"datetime": "2024-01-19 00:43:33", "elapsed": 1920.872345, "delta": 0.002672}}
{"target": -21.715950181904596, "params": {"gamma": 705.4111932299306, "log10_alpha": 0.20703837531215719, "log10_colsample_bytree": -0.6401088925258565, "log10_eta": -0.15193999946441794, "log10_lambda": -4.903451221226514, "log10_min_child_weight": 1.0342943154457573, "log10_subsample": -0.6716915059872187, "max_depth": 9.0, "num_boost_round": 34.0}, "datetime": {"datetime": "2024-01-19 00:43:33", "elapsed": 1920.874951, "delta": 0.002606}}
{"target": -21.87067208181, "params": {"gamma": 705.4111932299306, "log10_alpha": 0.20703837531215719, "log10_colsample_bytree": -0.6401088925258565, "log10_eta": -0.15193999946441794, "log10_lambda": -4.903451221226514, "log10_min_child_weight": 1.0342943154457573, "log10_subsample": -0.6716915059872187, "max_depth": 9.0, "num_boost_round": 35.0}, "datetime": {"datetime": "2024-01-19 00:43:33", "elapsed": 1920.877805, "delta": 0.002854}}
{"target": -21.906246069333854, "params": {"gamma": 705.4111932299306, "log10_alpha": 0.20703837531215719, "log10_colsample_bytree": -0.6401088925258565, "log10_eta": -0.15193999946441794, "log10_lambda": -4.903451221226514, "log10_min_child_weight": 1.0342943154457573, "log10_subsample": -0.6716915059872187, "max_depth": 9.0, "num_boost_round": 36.0}, "datetime": {"datetime": "2024-01-19 00:43:33", "elapsed": 1920.880471, "delta": 0.002666}}
{"target": -21.969285537747435, "params": {"gamma": 705.4111932299306, "log10_alpha": 0.20703837531215719, "log10_colsample_bytree": -0.6401088925258565, "log10_eta": -0.15193999946441794, "log10_lambda": -4.903451221226514, "log10_min_child_weight": 1.0342943154457573, "log10_subsample": -0.6716915059872187, "max_depth": 9.0, "num_boost_round": 37.0}, "datetime": {"datetime": "2024-01-19 00:43:33", "elapsed": 1920.88314, "delta": 0.002669}}
