{"target": -17.677126054698235, "params": {"gamma": 424.37355318443116, "log10_alpha": -4.366850085890031, "log10_colsample_bytree": -0.677651492004365, "log10_eta": -3.883865823070528, "log10_lambda": -3.712000791755697, "log10_min_child_weight": 0.39698070408019315, "log10_subsample": -0.8809165772038215, "max_depth": 8.0, "num_boost_round": 12.0}, "datetime": {"datetime": "2024-01-19 00:40:54", "elapsed": 1747.618607, "delta": 0.002688}}
{"target": -17.67711790997928, "params": {"gamma": 424.37355318443116, "log10_alpha": -4.366850085890031, "log10_colsample_bytree": -0.677651492004365, "log10_eta": -3.883865823070528, "log10_lambda": -3.712000791755697, "log10_min_child_weight": 0.39698070408019315, "log10_subsample": -0.8809165772038215, "max_depth": 8.0, "num_boost_round": 13.0}, "datetime": {"datetime": "2024-01-19 00:40:54", "elapsed": 1747.621392, "delta": 0.002785}}
{"target": -17.677119325118444, "params": {"gamma": 424.37355318443116, "log10_alpha": -4.366850085890031, "log10_colsample_bytree": -0.677651492004365, "log10_eta": -3.883865823070528, "log10_lambda": -3.712000791755697, "log10_min_child_weight": 0.39698070408019315, "log10_subsample": -0.8809165772038215, "max_depth": 8.0, "num_boost_round": 14.0}, "datetime": {"datetime": "2024-01-19 00:40:54", "elapsed": 1747.624121, "delta": 0.002729}}
{"target": -17.677122267522815, "params": {"gamma": 424.37355318443116, "log10_alpha": -4.366850085890031, "log10_colsample_bytree": -0.677651492004365, "log10_eta": -3.883865823070528, "log10_lambda": -3.712000791755697, "log10_min_child_weight": 0.39698070408019315, "log10_subsample": -0.8809165772038215, "max_depth": 8.0, "num_boost_round": 15.0}, "datetime": {"datetime": "2024-01-19 00:40:54", "elapsed": 1747.626858, "delta": 0.002737}}
{"target": -17.677118702744796, "params": {"gamma": 424.37355318443116, "log10_alpha": -4.366850085890031, "log10_colsample_bytree": -0.677651492004365, "log10_eta": -3.883865823070528, "log10_lambda": -3.712000791755697, "log10_min_child_weight": 0.39698070408019315, "log10_subsample": -0.8809165772038215, "max_depth": 8.0, "num_boost_round": 16.0}, "datetime": {"datetime": "2024-01-19 00:40:54", "elapsed": 1747.629558, "delta": 0.0027}}
{"target": -17.677110402941093, "params": {"gamma": 424.37355318443116, "log10_alpha": -4.366850085890031, "log10_colsample_bytree": -0.677651492004365, "log10_eta": -3.883865823070528, "log10_lambda": -3.712000791755697, "log10_min_child_weight": 0.39698070408019315, "log10_subsample": -0.8809165772038215, "max_depth": 8.0, "num_boost_round": 17.0}, "datetime": {"datetime": "2024-01-19 00:40:54", "elapsed": 1747.632292, "delta": 0.002734}}
{"target": -17.677109404531176, "params": {"gamma": 424.37355318443116, "log10_alpha": -4.366850085890031, "log10_colsample_bytree": -0.677651492004365, "log10_eta": -3.883865823070528, "log10_lambda": -3.712000791755697, "log10_min_child_weight": 0.39698070408019315, "log10_subsample": -0.8809165772038215, "max_depth": 8.0, "num_boost_round": 18.0}, "datetime": {"datetime": "2024-01-19 00:40:54", "elapsed": 1747.634992, "delta": 0.0027}}
{"target": -17.67710270767422, "params": {"gamma": 424.37355318443116, "log10_alpha": -4.366850085890031, "log10_colsample_bytree": -0.677651492004365, "log10_eta": -3.883865823070528, "log10_lambda": -3.712000791755697, "log10_min_child_weight": 0.39698070408019315, "log10_subsample": -0.8809165772038215, "max_depth": 8.0, "num_boost_round": 19.0}, "datetime": {"datetime": "2024-01-19 00:40:54", "elapsed": 1747.637673, "delta": 0.002681}}
{"target": -17.676822635326882, "params": {"gamma": 455.6861334316088, "log10_alpha": 0.3952360359762803, "log10_colsample_bytree": -0.17413644261477645, "log10_eta": -1.998243173617169, "log10_lambda": 0.6746280966579281, "log10_min_child_weight": 1.8955421310329057, "log10_subsample": -0.6516107121747254, "max_depth": 7.0, "num_boost_round": 0.0}, "datetime": {"datetime": "2024-01-19 00:41:29", "elapsed": 1782.283125, "delta": 34.645452}}
{"target": -17.676229946312322, "params": {"gamma": 455.6861334316088, "log10_alpha": 0.3952360359762803, "log10_colsample_bytree": -0.17413644261477645, "log10_eta": -1.998243173617169, "log10_lambda": 0.6746280966579281, "log10_min_child_weight": 1.8955421310329057, "log10_subsample": -0.6516107121747254, "max_depth": 7.0, "num_boost_round": 1.0}, "datetime": {"datetime": "2024-01-19 00:41:29", "elapsed": 1782.286415, "delta": 0.00329}}
{"target": -17.676093461686957, "params": {"gamma": 455.6861334316088, "log10_alpha": 0.3952360359762803, "log10_colsample_bytree": -0.17413644261477645, "log10_eta": -1.998243173617169, "log10_lambda": 0.6746280966579281, "log10_min_child_weight": 1.8955421310329057, "log10_subsample": -0.6516107121747254, "max_depth": 7.0, "num_boost_round": 2.0}, "datetime": {"datetime": "2024-01-19 00:41:29", "elapsed": 1782.289711, "delta": 0.003296}}
{"target": -17.676028192351083, "params": {"gamma": 455.6861334316088, "log10_alpha": 0.3952360359762803, "log10_colsample_bytree": -0.17413644261477645, "log10_eta": -1.998243173617169, "log10_lambda": 0.6746280966579281, "log10_min_child_weight": 1.8955421310329057, "log10_subsample": -0.6516107121747254, "max_depth": 7.0, "num_boost_round": 3.0}, "datetime": {"datetime": "2024-01-19 00:41:29", "elapsed": 1782.292553, "delta": 0.002842}}
{"target": -17.67589534601265, "params": {"gamma": 455.6861334316088, "log10_alpha": 0.3952360359762803, "log10_colsample_bytree": -0.17413644261477645, "log10_eta": -1.998243173617169, "log10_lambda": 0.6746280966579281, "log10_min_child_weight": 1.8955421310329057, "log10_subsample": -0.6516107121747254, "max_depth": 7.0, "num_boost_round": 4.0}, "datetime": {"datetime": "2024-01-19 00:41:29", "elapsed": 1782.295302, "delta": 0.002749}}
{"target": -17.67559188437474, "params": {"gamma": 455.6861334316088, "log10_alpha": 0.3952360359762803, "log10_colsample_bytree": -0.17413644261477645, "log10_eta": -1.998243173617169, "log10_lambda": 0.6746280966579281, "log10_min_child_weight": 1.8955421310329057, "log10_subsample": -0.6516107121747254, "max_depth": 7.0, "num_boost_round": 5.0}, "datetime": {"datetime": "2024-01-19 00:41:29", "elapsed": 1782.297974, "delta": 0.002672}}
{"target": -17.675114443009477, "params": {"gamma": 455.6861334316088, "log10_alpha": 0.3952360359762803, "log10_colsample_bytree": -0.17413644261477645, "log10_eta": -1.998243173617169, "log10_lambda": 0.6746280966579281, "log10_min_child_weight": 1.8955421310329057, "log10_subsample": -0.6516107121747254, "max_depth": 7.0, "num_boost_round": 6.0}, "datetime": {"datetime": "2024-01-19 00:41:29", "elapsed": 1782.300622, "delta": 0.002648}}
{"target": -17.674454258132542, "params": {"gamma": 455.6861334316088, "log10_alpha": 0.3952360359762803, "log10_colsample_bytree": -0.17413644261477645, "log10_eta": -1.998243173617169, "log10_lambda": 0.6746280966579281, "log10_min_child_weight": 1.8955421310329057, "log10_subsample": -0.6516107121747254, "max_depth": 7.0, "num_boost_round": 7.0}, "datetime": {"datetime": "2024-01-19 00:41:29", "elapsed": 1782.303418, "delta": 0.002796}}
{"target": -17.674337751300065, "params": {"gamma": 455.6861334316088, "log10_alpha": 0.3952360359762803, "log10_colsample_bytree": -0.17413644261477645, "log10_eta": -1.998243173617169, "log10_lambda": 0.6746280966579281, "log10_min_child_weight": 1.8955421310329057, "log10_subsample": -0.6516107121747254, "max_depth": 7.0, "num_boost_round": 8.0}, "datetime": {"datetime": "2024-01-19 00:41:29", "elapsed": 1782.306235, "delta": 0.002817}}
{"target": -17.67365426376574, "params": {"gamma": 455.6861334316088, "log10_alpha": 0.3952360359762803, "log10_colsample_bytree": -0.17413644261477645, "log10_eta": -1.998243173617169, "log10_lambda": 0.6746280966579281, "log10_min_child_weight": 1.8955421310329057, "log10_subsample": -0.6516107121747254, "max_depth": 7.0, "num_boost_round": 9.0}, "datetime": {"datetime": "2024-01-19 00:41:29", "elapsed": 1782.308956, "delta": 0.002721}}
{"target": -17.67368542422817, "params": {"gamma": 455.6861334316088, "log10_alpha": 0.3952360359762803, "log10_colsample_bytree": -0.17413644261477645, "log10_eta": -1.998243173617169, "log10_lambda": 0.6746280966579281, "log10_min_child_weight": 1.8955421310329057, "log10_subsample": -0.6516107121747254, "max_depth": 7.0, "num_boost_round": 10.0}, "datetime": {"datetime": "2024-01-19 00:41:29", "elapsed": 1782.311695, "delta": 0.002739}}
{"target": -17.673277147131024, "params": {"gamma": 455.6861334316088, "log10_alpha": 0.3952360359762803, "log10_colsample_bytree": -0.17413644261477645, "log10_eta": -1.998243173617169, "log10_lambda": 0.6746280966579281, "log10_min_child_weight": 1.8955421310329057, "log10_subsample": -0.6516107121747254, "max_depth": 7.0, "num_boost_round": 11.0}, "datetime": {"datetime": "2024-01-19 00:41:29", "elapsed": 1782.314409, "delta": 0.002714}}
{"target": -17.672964575407885, "params": {"gamma": 455.6861334316088, "log10_alpha": 0.3952360359762803, "log10_colsample_bytree": -0.17413644261477645, "log10_eta": -1.998243173617169, "log10_lambda": 0.6746280966579281, "log10_min_child_weight": 1.8955421310329057, "log10_subsample": -0.6516107121747254, "max_depth": 7.0, "num_boost_round": 12.0}, "datetime": {"datetime": "2024-01-19 00:41:29", "elapsed": 1782.317087, "delta": 0.002678}}
{"target": -17.672878210481873, "params": {"gamma": 455.6861334316088, "log10_alpha": 0.3952360359762803, "log10_colsample_bytree": -0.17413644261477645, "log10_eta": -1.998243173617169, "log10_lambda": 0.6746280966579281, "log10_min_child_weight": 1.8955421310329057, "log10_subsample": -0.6516107121747254, "max_depth": 7.0, "num_boost_round": 13.0}, "datetime": {"datetime": "2024-01-19 00:41:29", "elapsed": 1782.319748, "delta": 0.002661}}
{"target": -17.67710423026411, "params": {"gamma": 444.15641900220237, "log10_alpha": 0.7293695141367627, "log10_colsample_bytree": -0.43526155573868053, "log10_eta": -2.838116973300587, "log10_lambda": -4.92284043342364, "log10_min_child_weight": 1.7476848134461842, "log10_subsample": -0.8461002505273433, "max_depth": 9.0, "num_boost_round": 0.0}, "datetime": {"datetime": "2024-01-19 00:42:15", "elapsed": 1828.341513, "delta": 46.021765}}
{"target": -17.67698563657816, "params": {"gamma": 444.15641900220237, "log10_alpha": 0.7293695141367627, "log10_colsample_bytree": -0.43526155573868053, "log10_eta": -2.838116973300587, "log10_lambda": -4.92284043342364, "log10_min_child_weight": 1.7476848134461842, "log10_subsample": -0.8461002505273433, "max_depth": 9.0, "num_boost_round": 1.0}, "datetime": {"datetime": "2024-01-19 00:42:15", "elapsed": 1828.344485, "delta": 0.002972}}
{"target": -17.676844282492947, "params": {"gamma": 444.15641900220237, "log10_alpha": 0.7293695141367627, "log10_colsample_bytree": -0.43526155573868053, "log10_eta": -2.838116973300587, "log10_lambda": -4.92284043342364, "log10_min_child_weight": 1.7476848134461842, "log10_subsample": -0.8461002505273433, "max_depth": 9.0, "num_boost_round": 2.0}, "datetime": {"datetime": "2024-01-19 00:42:15", "elapsed": 1828.3475, "delta": 0.003015}}
{"target": -17.676732070152617, "params": {"gamma": 444.15641900220237, "log10_alpha": 0.7293695141367627, "log10_colsample_bytree": -0.43526155573868053, "log10_eta": -2.838116973300587, "log10_lambda": -4.92284043342364, "log10_min_child_weight": 1.7476848134461842, "log10_subsample": -0.8461002505273433, "max_depth": 9.0, "num_boost_round": 3.0}, "datetime": {"datetime": "2024-01-19 00:42:15", "elapsed": 1828.351406, "delta": 0.003906}}
{"target": -17.676612052716802, "params": {"gamma": 444.15641900220237, "log10_alpha": 0.7293695141367627, "log10_colsample_bytree": -0.43526155573868053, "log10_eta": -2.838116973300587, "log10_lambda": -4.92284043342364, "log10_min_child_weight": 1.7476848134461842, "log10_subsample": -0.8461002505273433, "max_depth": 9.0, "num_boost_round": 4.0}, "datetime": {"datetime": "2024-01-19 00:42:15", "elapsed": 1828.35416, "delta": 0.002754}}
{"target": -17.67647745322267, "params": {"gamma": 444.15641900220237, "log10_alpha": 0.7293695141367627, "log10_colsample_bytree": -0.43526155573868053, "log10_eta": -2.838116973300587, "log10_lambda": -4.92284043342364, "log10_min_child_weight": 1.7476848134461842, "log10_subsample": -0.8461002505273433, "max_depth": 9.0, "num_boost_round": 5.0}, "datetime": {"datetime": "2024-01-19 00:42:15", "elapsed": 1828.356861, "delta": 0.002701}}
{"target": -17.676491796593822, "params": {"gamma": 444.15641900220237, "log10_alpha": 0.7293695141367627, "log10_colsample_bytree": -0.43526155573868053, "log10_eta": -2.838116973300587, "log10_lambda": -4.92284043342364, "log10_min_child_weight": 1.7476848134461842, "log10_subsample": -0.8461002505273433, "max_depth": 9.0, "num_boost_round": 6.0}, "datetime": {"datetime": "2024-01-19 00:42:15", "elapsed": 1828.35962, "delta": 0.002759}}
{"target": -17.676342083282577, "params": {"gamma": 444.15641900220237, "log10_alpha": 0.7293695141367627, "log10_colsample_bytree": -0.43526155573868053, "log10_eta": -2.838116973300587, "log10_lambda": -4.92284043342364, "log10_min_child_weight": 1.7476848134461842, "log10_subsample": -0.8461002505273433, "max_depth": 9.0, "num_boost_round": 7.0}, "datetime": {"datetime": "2024-01-19 00:42:15", "elapsed": 1828.36231, "delta": 0.00269}}
{"target": -17.676364743587893, "params": {"gamma": 444.15641900220237, "log10_alpha": 0.7293695141367627, "log10_colsample_bytree": -0.43526155573868053, "log10_eta": -2.838116973300587, "log10_lambda": -4.92284043342364, "log10_min_child_weight": 1.7476848134461842, "log10_subsample": -0.8461002505273433, "max_depth": 9.0, "num_boost_round": 8.0}, "datetime": {"datetime": "2024-01-19 00:42:15", "elapsed": 1828.365011, "delta": 0.002701}}
{"target": -17.676260366479212, "params": {"gamma": 444.15641900220237, "log10_alpha": 0.7293695141367627, "log10_colsample_bytree": -0.43526155573868053, "log10_eta": -2.838116973300587, "log10_lambda": -4.92284043342364, "log10_min_child_weight": 1.7476848134461842, "log10_subsample": -0.8461002505273433, "max_depth": 9.0, "num_boost_round": 9.0}, "datetime": {"datetime": "2024-01-19 00:42:15", "elapsed": 1828.368587, "delta": 0.003576}}
{"target": -17.676212714485803, "params": {"gamma": 444.15641900220237, "log10_alpha": 0.7293695141367627, "log10_colsample_bytree": -0.43526155573868053, "log10_eta": -2.838116973300587, "log10_lambda": -4.92284043342364, "log10_min_child_weight": 1.7476848134461842, "log10_subsample": -0.8461002505273433, "max_depth": 9.0, "num_boost_round": 10.0}, "datetime": {"datetime": "2024-01-19 00:42:15", "elapsed": 1828.371509, "delta": 0.002922}}
{"target": -17.67611839045151, "params": {"gamma": 444.15641900220237, "log10_alpha": 0.7293695141367627, "log10_colsample_bytree": -0.43526155573868053, "log10_eta": -2.838116973300587, "log10_lambda": -4.92284043342364, "log10_min_child_weight": 1.7476848134461842, "log10_subsample": -0.8461002505273433, "max_depth": 9.0, "num_boost_round": 11.0}, "datetime": {"datetime": "2024-01-19 00:42:15", "elapsed": 1828.374566, "delta": 0.003057}}
{"target": -17.67608504129025, "params": {"gamma": 444.15641900220237, "log10_alpha": 0.7293695141367627, "log10_colsample_bytree": -0.43526155573868053, "log10_eta": -2.838116973300587, "log10_lambda": -4.92284043342364, "log10_min_child_weight": 1.7476848134461842, "log10_subsample": -0.8461002505273433, "max_depth": 9.0, "num_boost_round": 12.0}, "datetime": {"datetime": "2024-01-19 00:42:15", "elapsed": 1828.377274, "delta": 0.002708}}
{"target": -17.676055489808526, "params": {"gamma": 444.15641900220237, "log10_alpha": 0.7293695141367627, "log10_colsample_bytree": -0.43526155573868053, "log10_eta": -2.838116973300587, "log10_lambda": -4.92284043342364, "log10_min_child_weight": 1.7476848134461842, "log10_subsample": -0.8461002505273433, "max_depth": 9.0, "num_boost_round": 13.0}, "datetime": {"datetime": "2024-01-19 00:42:15", "elapsed": 1828.380001, "delta": 0.002727}}
{"target": -17.675935695638827, "params": {"gamma": 444.15641900220237, "log10_alpha": 0.7293695141367627, "log10_colsample_bytree": -0.43526155573868053, "log10_eta": -2.838116973300587, "log10_lambda": -4.92284043342364, "log10_min_child_weight": 1.7476848134461842, "log10_subsample": -0.8461002505273433, "max_depth": 9.0, "num_boost_round": 14.0}, "datetime": {"datetime": "2024-01-19 00:42:15", "elapsed": 1828.382779, "delta": 0.002778}}
{"target": -17.675955583896094, "params": {"gamma": 444.15641900220237, "log10_alpha": 0.7293695141367627, "log10_colsample_bytree": -0.43526155573868053, "log10_eta": -2.838116973300587, "log10_lambda": -4.92284043342364, "log10_min_child_weight": 1.7476848134461842, "log10_subsample": -0.8461002505273433, "max_depth": 9.0, "num_boost_round": 15.0}, "datetime": {"datetime": "2024-01-19 00:42:15", "elapsed": 1828.385444, "delta": 0.002665}}
{"target": -17.676010526892956, "params": {"gamma": 444.15641900220237, "log10_alpha": 0.7293695141367627, "log10_colsample_bytree": -0.43526155573868053, "log10_eta": -2.838116973300587, "log10_lambda": -4.92284043342364, "log10_min_child_weight": 1.7476848134461842, "log10_subsample": -0.8461002505273433, "max_depth": 9.0, "num_boost_round": 16.0}, "datetime": {"datetime": "2024-01-19 00:42:15", "elapsed": 1828.388192, "delta": 0.002748}}
{"target": -17.67595809253414, "params": {"gamma": 444.15641900220237, "log10_alpha": 0.7293695141367627, "log10_colsample_bytree": -0.43526155573868053, "log10_eta": -2.838116973300587, "log10_lambda": -4.92284043342364, "log10_min_child_weight": 1.7476848134461842, "log10_subsample": -0.8461002505273433, "max_depth": 9.0, "num_boost_round": 17.0}, "datetime": {"datetime": "2024-01-19 00:42:15", "elapsed": 1828.390973, "delta": 0.002781}}
{"target": -17.675991097770517, "params": {"gamma": 444.15641900220237, "log10_alpha": 0.7293695141367627, "log10_colsample_bytree": -0.43526155573868053, "log10_eta": -2.838116973300587, "log10_lambda": -4.92284043342364, "log10_min_child_weight": 1.7476848134461842, "log10_subsample": -0.8461002505273433, "max_depth": 9.0, "num_boost_round": 18.0}, "datetime": {"datetime": "2024-01-19 00:42:15", "elapsed": 1828.393763, "delta": 0.00279}}
{"target": -17.67590272969278, "params": {"gamma": 444.15641900220237, "log10_alpha": 0.7293695141367627, "log10_colsample_bytree": -0.43526155573868053, "log10_eta": -2.838116973300587, "log10_lambda": -4.92284043342364, "log10_min_child_weight": 1.7476848134461842, "log10_subsample": -0.8461002505273433, "max_depth": 9.0, "num_boost_round": 19.0}, "datetime": {"datetime": "2024-01-19 00:42:15", "elapsed": 1828.39646, "delta": 0.002697}}
{"target": -17.675869002151316, "params": {"gamma": 444.15641900220237, "log10_alpha": 0.7293695141367627, "log10_colsample_bytree": -0.43526155573868053, "log10_eta": -2.838116973300587, "log10_lambda": -4.92284043342364, "log10_min_child_weight": 1.7476848134461842, "log10_subsample": -0.8461002505273433, "max_depth": 9.0, "num_boost_round": 20.0}, "datetime": {"datetime": "2024-01-19 00:42:15", "elapsed": 1828.39918, "delta": 0.00272}}
{"target": -17.675844175727327, "params": {"gamma": 444.15641900220237, "log10_alpha": 0.7293695141367627, "log10_colsample_bytree": -0.43526155573868053, "log10_eta": -2.838116973300587, "log10_lambda": -4.92284043342364, "log10_min_child_weight": 1.7476848134461842, "log10_subsample": -0.8461002505273433, "max_depth": 9.0, "num_boost_round": 21.0}, "datetime": {"datetime": "2024-01-19 00:42:15", "elapsed": 1828.402052, "delta": 0.002872}}
{"target": -17.67579113789, "params": {"gamma": 444.15641900220237, "log10_alpha": 0.7293695141367627, "log10_colsample_bytree": -0.43526155573868053, "log10_eta": -2.838116973300587, "log10_lambda": -4.92284043342364, "log10_min_child_weight": 1.7476848134461842, "log10_subsample": -0.8461002505273433, "max_depth": 9.0, "num_boost_round": 22.0}, "datetime": {"datetime": "2024-01-19 00:42:15", "elapsed": 1828.404949, "delta": 0.002897}}
{"target": -17.67573935305556, "params": {"gamma": 444.15641900220237, "log10_alpha": 0.7293695141367627, "log10_colsample_bytree": -0.43526155573868053, "log10_eta": -2.838116973300587, "log10_lambda": -4.92284043342364, "log10_min_child_weight": 1.7476848134461842, "log10_subsample": -0.8461002505273433, "max_depth": 9.0, "num_boost_round": 23.0}, "datetime": {"datetime": "2024-01-19 00:42:15", "elapsed": 1828.407745, "delta": 0.002796}}
{"target": -17.675671752547498, "params": {"gamma": 444.15641900220237, "log10_alpha": 0.7293695141367627, "log10_colsample_bytree": -0.43526155573868053, "log10_eta": -2.838116973300587, "log10_lambda": -4.92284043342364, "log10_min_child_weight": 1.7476848134461842, "log10_subsample": -0.8461002505273433, "max_depth": 9.0, "num_boost_round": 24.0}, "datetime": {"datetime": "2024-01-19 00:42:15", "elapsed": 1828.410483, "delta": 0.002738}}
{"target": -17.675535920281824, "params": {"gamma": 444.15641900220237, "log10_alpha": 0.7293695141367627, "log10_colsample_bytree": -0.43526155573868053, "log10_eta": -2.838116973300587, "log10_lambda": -4.92284043342364, "log10_min_child_weight": 1.7476848134461842, "log10_subsample": -0.8461002505273433, "max_depth": 9.0, "num_boost_round": 25.0}, "datetime": {"datetime": "2024-01-19 00:42:15", "elapsed": 1828.413252, "delta": 0.002769}}
{"target": -17.675448370555955, "params": {"gamma": 444.15641900220237, "log10_alpha": 0.7293695141367627, "log10_colsample_bytree": -0.43526155573868053, "log10_eta": -2.838116973300587, "log10_lambda": -4.92284043342364, "log10_min_child_weight": 1.7476848134461842, "log10_subsample": -0.8461002505273433, "max_depth": 9.0, "num_boost_round": 26.0}, "datetime": {"datetime": "2024-01-19 00:42:15", "elapsed": 1828.415973, "delta": 0.002721}}
