{"target": -13.75736925015522, "params": {"gamma": 551.4323578235312, "log10_alpha": 0.6034573904556897, "log10_colsample_bytree": -0.3057975114967383, "log10_eta": -2.037489917424794, "log10_lambda": -0.6688178685734183, "log10_min_child_weight": 2.6324048593235068, "log10_subsample": -0.5590755776647028, "max_depth": 9.0, "num_boost_round": 5.0}, "datetime": {"datetime": "2024-01-19 00:37:26", "elapsed": 1578.089237, "delta": 0.001766}}
{"target": -13.757262380081864, "params": {"gamma": 551.4323578235312, "log10_alpha": 0.6034573904556897, "log10_colsample_bytree": -0.3057975114967383, "log10_eta": -2.037489917424794, "log10_lambda": -0.6688178685734183, "log10_min_child_weight": 2.6324048593235068, "log10_subsample": -0.5590755776647028, "max_depth": 9.0, "num_boost_round": 6.0}, "datetime": {"datetime": "2024-01-19 00:37:26", "elapsed": 1578.090973, "delta": 0.001736}}
{"target": -13.757452415898424, "params": {"gamma": 551.4323578235312, "log10_alpha": 0.6034573904556897, "log10_colsample_bytree": -0.3057975114967383, "log10_eta": -2.037489917424794, "log10_lambda": -0.6688178685734183, "log10_min_child_weight": 2.6324048593235068, "log10_subsample": -0.5590755776647028, "max_depth": 9.0, "num_boost_round": 7.0}, "datetime": {"datetime": "2024-01-19 00:37:26", "elapsed": 1578.092713, "delta": 0.00174}}
{"target": -13.757262604436665, "params": {"gamma": 551.4323578235312, "log10_alpha": 0.6034573904556897, "log10_colsample_bytree": -0.3057975114967383, "log10_eta": -2.037489917424794, "log10_lambda": -0.6688178685734183, "log10_min_child_weight": 2.6324048593235068, "log10_subsample": -0.5590755776647028, "max_depth": 9.0, "num_boost_round": 8.0}, "datetime": {"datetime": "2024-01-19 00:37:26", "elapsed": 1578.094459, "delta": 0.001746}}
{"target": -13.757138074675046, "params": {"gamma": 551.4323578235312, "log10_alpha": 0.6034573904556897, "log10_colsample_bytree": -0.3057975114967383, "log10_eta": -2.037489917424794, "log10_lambda": -0.6688178685734183, "log10_min_child_weight": 2.6324048593235068, "log10_subsample": -0.5590755776647028, "max_depth": 9.0, "num_boost_round": 9.0}, "datetime": {"datetime": "2024-01-19 00:37:26", "elapsed": 1578.096205, "delta": 0.001746}}
{"target": -13.75728470683359, "params": {"gamma": 551.4323578235312, "log10_alpha": 0.6034573904556897, "log10_colsample_bytree": -0.3057975114967383, "log10_eta": -2.037489917424794, "log10_lambda": -0.6688178685734183, "log10_min_child_weight": 2.6324048593235068, "log10_subsample": -0.5590755776647028, "max_depth": 9.0, "num_boost_round": 10.0}, "datetime": {"datetime": "2024-01-19 00:37:26", "elapsed": 1578.102608, "delta": 0.006403}}
{"target": -13.757124811815642, "params": {"gamma": 551.4323578235312, "log10_alpha": 0.6034573904556897, "log10_colsample_bytree": -0.3057975114967383, "log10_eta": -2.037489917424794, "log10_lambda": -0.6688178685734183, "log10_min_child_weight": 2.6324048593235068, "log10_subsample": -0.5590755776647028, "max_depth": 9.0, "num_boost_round": 11.0}, "datetime": {"datetime": "2024-01-19 00:37:26", "elapsed": 1578.104368, "delta": 0.00176}}
{"target": -13.757382815963481, "params": {"gamma": 551.4323578235312, "log10_alpha": 0.6034573904556897, "log10_colsample_bytree": -0.3057975114967383, "log10_eta": -2.037489917424794, "log10_lambda": -0.6688178685734183, "log10_min_child_weight": 2.6324048593235068, "log10_subsample": -0.5590755776647028, "max_depth": 9.0, "num_boost_round": 12.0}, "datetime": {"datetime": "2024-01-19 00:37:26", "elapsed": 1578.106239, "delta": 0.001871}}
{"target": -13.75757814676507, "params": {"gamma": 551.4323578235312, "log10_alpha": 0.6034573904556897, "log10_colsample_bytree": -0.3057975114967383, "log10_eta": -2.037489917424794, "log10_lambda": -0.6688178685734183, "log10_min_child_weight": 2.6324048593235068, "log10_subsample": -0.5590755776647028, "max_depth": 9.0, "num_boost_round": 13.0}, "datetime": {"datetime": "2024-01-19 00:37:26", "elapsed": 1578.107982, "delta": 0.001743}}
{"target": -13.757623349458175, "params": {"gamma": 551.4323578235312, "log10_alpha": 0.6034573904556897, "log10_colsample_bytree": -0.3057975114967383, "log10_eta": -2.037489917424794, "log10_lambda": -0.6688178685734183, "log10_min_child_weight": 2.6324048593235068, "log10_subsample": -0.5590755776647028, "max_depth": 9.0, "num_boost_round": 14.0}, "datetime": {"datetime": "2024-01-19 00:37:26", "elapsed": 1578.109735, "delta": 0.001753}}
{"target": -13.757632762821464, "params": {"gamma": 551.4323578235312, "log10_alpha": 0.6034573904556897, "log10_colsample_bytree": -0.3057975114967383, "log10_eta": -2.037489917424794, "log10_lambda": -0.6688178685734183, "log10_min_child_weight": 2.6324048593235068, "log10_subsample": -0.5590755776647028, "max_depth": 9.0, "num_boost_round": 15.0}, "datetime": {"datetime": "2024-01-19 00:37:26", "elapsed": 1578.111531, "delta": 0.001796}}
{"target": -13.757625598226587, "params": {"gamma": 551.4323578235312, "log10_alpha": 0.6034573904556897, "log10_colsample_bytree": -0.3057975114967383, "log10_eta": -2.037489917424794, "log10_lambda": -0.6688178685734183, "log10_min_child_weight": 2.6324048593235068, "log10_subsample": -0.5590755776647028, "max_depth": 9.0, "num_boost_round": 16.0}, "datetime": {"datetime": "2024-01-19 00:37:26", "elapsed": 1578.113265, "delta": 0.001734}}
{"target": -13.757424788340785, "params": {"gamma": 551.4323578235312, "log10_alpha": 0.6034573904556897, "log10_colsample_bytree": -0.3057975114967383, "log10_eta": -2.037489917424794, "log10_lambda": -0.6688178685734183, "log10_min_child_weight": 2.6324048593235068, "log10_subsample": -0.5590755776647028, "max_depth": 9.0, "num_boost_round": 17.0}, "datetime": {"datetime": "2024-01-19 00:37:26", "elapsed": 1578.115038, "delta": 0.001773}}
{"target": -13.757179161505883, "params": {"gamma": 551.4323578235312, "log10_alpha": 0.6034573904556897, "log10_colsample_bytree": -0.3057975114967383, "log10_eta": -2.037489917424794, "log10_lambda": -0.6688178685734183, "log10_min_child_weight": 2.6324048593235068, "log10_subsample": -0.5590755776647028, "max_depth": 9.0, "num_boost_round": 18.0}, "datetime": {"datetime": "2024-01-19 00:37:26", "elapsed": 1578.116788, "delta": 0.00175}}
{"target": -13.757044405518744, "params": {"gamma": 551.4323578235312, "log10_alpha": 0.6034573904556897, "log10_colsample_bytree": -0.3057975114967383, "log10_eta": -2.037489917424794, "log10_lambda": -0.6688178685734183, "log10_min_child_weight": 2.6324048593235068, "log10_subsample": -0.5590755776647028, "max_depth": 9.0, "num_boost_round": 19.0}, "datetime": {"datetime": "2024-01-19 00:37:26", "elapsed": 1578.118545, "delta": 0.001757}}
{"target": -13.757101177017974, "params": {"gamma": 551.4323578235312, "log10_alpha": 0.6034573904556897, "log10_colsample_bytree": -0.3057975114967383, "log10_eta": -2.037489917424794, "log10_lambda": -0.6688178685734183, "log10_min_child_weight": 2.6324048593235068, "log10_subsample": -0.5590755776647028, "max_depth": 9.0, "num_boost_round": 20.0}, "datetime": {"datetime": "2024-01-19 00:37:26", "elapsed": 1578.120356, "delta": 0.001811}}
{"target": -13.756922936904688, "params": {"gamma": 551.4323578235312, "log10_alpha": 0.6034573904556897, "log10_colsample_bytree": -0.3057975114967383, "log10_eta": -2.037489917424794, "log10_lambda": -0.6688178685734183, "log10_min_child_weight": 2.6324048593235068, "log10_subsample": -0.5590755776647028, "max_depth": 9.0, "num_boost_round": 21.0}, "datetime": {"datetime": "2024-01-19 00:37:26", "elapsed": 1578.12212, "delta": 0.001764}}
{"target": -13.757022977365843, "params": {"gamma": 551.4323578235312, "log10_alpha": 0.6034573904556897, "log10_colsample_bytree": -0.3057975114967383, "log10_eta": -2.037489917424794, "log10_lambda": -0.6688178685734183, "log10_min_child_weight": 2.6324048593235068, "log10_subsample": -0.5590755776647028, "max_depth": 9.0, "num_boost_round": 22.0}, "datetime": {"datetime": "2024-01-19 00:37:26", "elapsed": 1578.123918, "delta": 0.001798}}
{"target": -13.756850495898039, "params": {"gamma": 551.4323578235312, "log10_alpha": 0.6034573904556897, "log10_colsample_bytree": -0.3057975114967383, "log10_eta": -2.037489917424794, "log10_lambda": -0.6688178685734183, "log10_min_child_weight": 2.6324048593235068, "log10_subsample": -0.5590755776647028, "max_depth": 9.0, "num_boost_round": 23.0}, "datetime": {"datetime": "2024-01-19 00:37:26", "elapsed": 1578.125712, "delta": 0.001794}}
{"target": -13.756918304926534, "params": {"gamma": 551.4323578235312, "log10_alpha": 0.6034573904556897, "log10_colsample_bytree": -0.3057975114967383, "log10_eta": -2.037489917424794, "log10_lambda": -0.6688178685734183, "log10_min_child_weight": 2.6324048593235068, "log10_subsample": -0.5590755776647028, "max_depth": 9.0, "num_boost_round": 24.0}, "datetime": {"datetime": "2024-01-19 00:37:26", "elapsed": 1578.12758, "delta": 0.001868}}
{"target": -13.756917179531378, "params": {"gamma": 551.4323578235312, "log10_alpha": 0.6034573904556897, "log10_colsample_bytree": -0.3057975114967383, "log10_eta": -2.037489917424794, "log10_lambda": -0.6688178685734183, "log10_min_child_weight": 2.6324048593235068, "log10_subsample": -0.5590755776647028, "max_depth": 9.0, "num_boost_round": 25.0}, "datetime": {"datetime": "2024-01-19 00:37:26", "elapsed": 1578.129373, "delta": 0.001793}}
{"target": -13.756495845702803, "params": {"gamma": 551.4323578235312, "log10_alpha": 0.6034573904556897, "log10_colsample_bytree": -0.3057975114967383, "log10_eta": -2.037489917424794, "log10_lambda": -0.6688178685734183, "log10_min_child_weight": 2.6324048593235068, "log10_subsample": -0.5590755776647028, "max_depth": 9.0, "num_boost_round": 26.0}, "datetime": {"datetime": "2024-01-19 00:37:26", "elapsed": 1578.131144, "delta": 0.001771}}
{"target": -13.75640688985466, "params": {"gamma": 551.4323578235312, "log10_alpha": 0.6034573904556897, "log10_colsample_bytree": -0.3057975114967383, "log10_eta": -2.037489917424794, "log10_lambda": -0.6688178685734183, "log10_min_child_weight": 2.6324048593235068, "log10_subsample": -0.5590755776647028, "max_depth": 9.0, "num_boost_round": 27.0}, "datetime": {"datetime": "2024-01-19 00:37:26", "elapsed": 1578.132963, "delta": 0.001819}}
{"target": -13.756746422877502, "params": {"gamma": 551.4323578235312, "log10_alpha": 0.6034573904556897, "log10_colsample_bytree": -0.3057975114967383, "log10_eta": -2.037489917424794, "log10_lambda": -0.6688178685734183, "log10_min_child_weight": 2.6324048593235068, "log10_subsample": -0.5590755776647028, "max_depth": 9.0, "num_boost_round": 28.0}, "datetime": {"datetime": "2024-01-19 00:37:26", "elapsed": 1578.134757, "delta": 0.001794}}
{"target": -13.756464214068481, "params": {"gamma": 551.4323578235312, "log10_alpha": 0.6034573904556897, "log10_colsample_bytree": -0.3057975114967383, "log10_eta": -2.037489917424794, "log10_lambda": -0.6688178685734183, "log10_min_child_weight": 2.6324048593235068, "log10_subsample": -0.5590755776647028, "max_depth": 9.0, "num_boost_round": 29.0}, "datetime": {"datetime": "2024-01-19 00:37:26", "elapsed": 1578.1366, "delta": 0.001843}}
{"target": -13.756956138630096, "params": {"gamma": 551.4323578235312, "log10_alpha": 0.6034573904556897, "log10_colsample_bytree": -0.3057975114967383, "log10_eta": -2.037489917424794, "log10_lambda": -0.6688178685734183, "log10_min_child_weight": 2.6324048593235068, "log10_subsample": -0.5590755776647028, "max_depth": 9.0, "num_boost_round": 30.0}, "datetime": {"datetime": "2024-01-19 00:37:26", "elapsed": 1578.138388, "delta": 0.001788}}
{"target": -13.75718109626831, "params": {"gamma": 551.4323578235312, "log10_alpha": 0.6034573904556897, "log10_colsample_bytree": -0.3057975114967383, "log10_eta": -2.037489917424794, "log10_lambda": -0.6688178685734183, "log10_min_child_weight": 2.6324048593235068, "log10_subsample": -0.5590755776647028, "max_depth": 9.0, "num_boost_round": 31.0}, "datetime": {"datetime": "2024-01-19 00:37:26", "elapsed": 1578.140166, "delta": 0.001778}}
{"target": -13.757361207780145, "params": {"gamma": 551.4323578235312, "log10_alpha": 0.6034573904556897, "log10_colsample_bytree": -0.3057975114967383, "log10_eta": -2.037489917424794, "log10_lambda": -0.6688178685734183, "log10_min_child_weight": 2.6324048593235068, "log10_subsample": -0.5590755776647028, "max_depth": 9.0, "num_boost_round": 32.0}, "datetime": {"datetime": "2024-01-19 00:37:26", "elapsed": 1578.141959, "delta": 0.001793}}
{"target": -13.75748900843575, "params": {"gamma": 551.4323578235312, "log10_alpha": 0.6034573904556897, "log10_colsample_bytree": -0.3057975114967383, "log10_eta": -2.037489917424794, "log10_lambda": -0.6688178685734183, "log10_min_child_weight": 2.6324048593235068, "log10_subsample": -0.5590755776647028, "max_depth": 9.0, "num_boost_round": 33.0}, "datetime": {"datetime": "2024-01-19 00:37:26", "elapsed": 1578.1438, "delta": 0.001841}}
{"target": -13.757563146489401, "params": {"gamma": 551.4323578235312, "log10_alpha": 0.6034573904556897, "log10_colsample_bytree": -0.3057975114967383, "log10_eta": -2.037489917424794, "log10_lambda": -0.6688178685734183, "log10_min_child_weight": 2.6324048593235068, "log10_subsample": -0.5590755776647028, "max_depth": 9.0, "num_boost_round": 34.0}, "datetime": {"datetime": "2024-01-19 00:37:26", "elapsed": 1578.145571, "delta": 0.001771}}
{"target": -13.75764530392666, "params": {"gamma": 551.4323578235312, "log10_alpha": 0.6034573904556897, "log10_colsample_bytree": -0.3057975114967383, "log10_eta": -2.037489917424794, "log10_lambda": -0.6688178685734183, "log10_min_child_weight": 2.6324048593235068, "log10_subsample": -0.5590755776647028, "max_depth": 9.0, "num_boost_round": 35.0}, "datetime": {"datetime": "2024-01-19 00:37:26", "elapsed": 1578.147614, "delta": 0.002043}}
{"target": -13.758129388622908, "params": {"gamma": 551.4323578235312, "log10_alpha": 0.6034573904556897, "log10_colsample_bytree": -0.3057975114967383, "log10_eta": -2.037489917424794, "log10_lambda": -0.6688178685734183, "log10_min_child_weight": 2.6324048593235068, "log10_subsample": -0.5590755776647028, "max_depth": 9.0, "num_boost_round": 36.0}, "datetime": {"datetime": "2024-01-19 00:37:26", "elapsed": 1578.149593, "delta": 0.001979}}
{"target": -13.758295880166312, "params": {"gamma": 551.4323578235312, "log10_alpha": 0.6034573904556897, "log10_colsample_bytree": -0.3057975114967383, "log10_eta": -2.037489917424794, "log10_lambda": -0.6688178685734183, "log10_min_child_weight": 2.6324048593235068, "log10_subsample": -0.5590755776647028, "max_depth": 9.0, "num_boost_round": 37.0}, "datetime": {"datetime": "2024-01-19 00:37:26", "elapsed": 1578.151465, "delta": 0.001872}}
{"target": -13.758458060331948, "params": {"gamma": 551.4323578235312, "log10_alpha": 0.6034573904556897, "log10_colsample_bytree": -0.3057975114967383, "log10_eta": -2.037489917424794, "log10_lambda": -0.6688178685734183, "log10_min_child_weight": 2.6324048593235068, "log10_subsample": -0.5590755776647028, "max_depth": 9.0, "num_boost_round": 38.0}, "datetime": {"datetime": "2024-01-19 00:37:26", "elapsed": 1578.153282, "delta": 0.001817}}
{"target": -13.758538805672062, "params": {"gamma": 559.2908422616101, "log10_alpha": -1.924340112035134, "log10_colsample_bytree": -0.8242681828586237, "log10_eta": -3.0400887747884378, "log10_lambda": -3.1109667085931187, "log10_min_child_weight": 4.609709166548581, "log10_subsample": -0.5770406628145481, "max_depth": 3.0, "num_boost_round": 0.0}, "datetime": {"datetime": "2024-01-19 00:37:59", "elapsed": 1611.479733, "delta": 33.326451}}
{"target": -13.758533469817863, "params": {"gamma": 559.2908422616101, "log10_alpha": -1.924340112035134, "log10_colsample_bytree": -0.8242681828586237, "log10_eta": -3.0400887747884378, "log10_lambda": -3.1109667085931187, "log10_min_child_weight": 4.609709166548581, "log10_subsample": -0.5770406628145481, "max_depth": 3.0, "num_boost_round": 1.0}, "datetime": {"datetime": "2024-01-19 00:37:59", "elapsed": 1611.482411, "delta": 0.002678}}
{"target": -13.758527646014544, "params": {"gamma": 559.2908422616101, "log10_alpha": -1.924340112035134, "log10_colsample_bytree": -0.8242681828586237, "log10_eta": -3.0400887747884378, "log10_lambda": -3.1109667085931187, "log10_min_child_weight": 4.609709166548581, "log10_subsample": -0.5770406628145481, "max_depth": 3.0, "num_boost_round": 2.0}, "datetime": {"datetime": "2024-01-19 00:37:59", "elapsed": 1611.484241, "delta": 0.00183}}
{"target": -13.75852339905943, "params": {"gamma": 559.2908422616101, "log10_alpha": -1.924340112035134, "log10_colsample_bytree": -0.8242681828586237, "log10_eta": -3.0400887747884378, "log10_lambda": -3.1109667085931187, "log10_min_child_weight": 4.609709166548581, "log10_subsample": -0.5770406628145481, "max_depth": 3.0, "num_boost_round": 3.0}, "datetime": {"datetime": "2024-01-19 00:37:59", "elapsed": 1611.486047, "delta": 0.001806}}
{"target": -13.758522616070854, "params": {"gamma": 559.2908422616101, "log10_alpha": -1.924340112035134, "log10_colsample_bytree": -0.8242681828586237, "log10_eta": -3.0400887747884378, "log10_lambda": -3.1109667085931187, "log10_min_child_weight": 4.609709166548581, "log10_subsample": -0.5770406628145481, "max_depth": 3.0, "num_boost_round": 4.0}, "datetime": {"datetime": "2024-01-19 00:37:59", "elapsed": 1611.488011, "delta": 0.001964}}
{"target": -13.758524446296413, "params": {"gamma": 559.2908422616101, "log10_alpha": -1.924340112035134, "log10_colsample_bytree": -0.8242681828586237, "log10_eta": -3.0400887747884378, "log10_lambda": -3.1109667085931187, "log10_min_child_weight": 4.609709166548581, "log10_subsample": -0.5770406628145481, "max_depth": 3.0, "num_boost_round": 5.0}, "datetime": {"datetime": "2024-01-19 00:37:59", "elapsed": 1611.489783, "delta": 0.001772}}
{"target": -13.758525813554867, "params": {"gamma": 559.2908422616101, "log10_alpha": -1.924340112035134, "log10_colsample_bytree": -0.8242681828586237, "log10_eta": -3.0400887747884378, "log10_lambda": -3.1109667085931187, "log10_min_child_weight": 4.609709166548581, "log10_subsample": -0.5770406628145481, "max_depth": 3.0, "num_boost_round": 6.0}, "datetime": {"datetime": "2024-01-19 00:37:59", "elapsed": 1611.491571, "delta": 0.001788}}
{"target": -13.75852302821015, "params": {"gamma": 559.2908422616101, "log10_alpha": -1.924340112035134, "log10_colsample_bytree": -0.8242681828586237, "log10_eta": -3.0400887747884378, "log10_lambda": -3.1109667085931187, "log10_min_child_weight": 4.609709166548581, "log10_subsample": -0.5770406628145481, "max_depth": 3.0, "num_boost_round": 7.0}, "datetime": {"datetime": "2024-01-19 00:37:59", "elapsed": 1611.493351, "delta": 0.00178}}
{"target": -13.758523499560653, "params": {"gamma": 559.2908422616101, "log10_alpha": -1.924340112035134, "log10_colsample_bytree": -0.8242681828586237, "log10_eta": -3.0400887747884378, "log10_lambda": -3.1109667085931187, "log10_min_child_weight": 4.609709166548581, "log10_subsample": -0.5770406628145481, "max_depth": 3.0, "num_boost_round": 8.0}, "datetime": {"datetime": "2024-01-19 00:37:59", "elapsed": 1611.495144, "delta": 0.001793}}
{"target": -13.758525857396506, "params": {"gamma": 559.2908422616101, "log10_alpha": -1.924340112035134, "log10_colsample_bytree": -0.8242681828586237, "log10_eta": -3.0400887747884378, "log10_lambda": -3.1109667085931187, "log10_min_child_weight": 4.609709166548581, "log10_subsample": -0.5770406628145481, "max_depth": 3.0, "num_boost_round": 9.0}, "datetime": {"datetime": "2024-01-19 00:37:59", "elapsed": 1611.497007, "delta": 0.001863}}
{"target": -13.75852055983679, "params": {"gamma": 559.2908422616101, "log10_alpha": -1.924340112035134, "log10_colsample_bytree": -0.8242681828586237, "log10_eta": -3.0400887747884378, "log10_lambda": -3.1109667085931187, "log10_min_child_weight": 4.609709166548581, "log10_subsample": -0.5770406628145481, "max_depth": 3.0, "num_boost_round": 10.0}, "datetime": {"datetime": "2024-01-19 00:37:59", "elapsed": 1611.49879, "delta": 0.001783}}
{"target": -13.758515443630682, "params": {"gamma": 559.2908422616101, "log10_alpha": -1.924340112035134, "log10_colsample_bytree": -0.8242681828586237, "log10_eta": -3.0400887747884378, "log10_lambda": -3.1109667085931187, "log10_min_child_weight": 4.609709166548581, "log10_subsample": -0.5770406628145481, "max_depth": 3.0, "num_boost_round": 11.0}, "datetime": {"datetime": "2024-01-19 00:37:59", "elapsed": 1611.500567, "delta": 0.001777}}
{"target": -13.758518015606434, "params": {"gamma": 559.2908422616101, "log10_alpha": -1.924340112035134, "log10_colsample_bytree": -0.8242681828586237, "log10_eta": -3.0400887747884378, "log10_lambda": -3.1109667085931187, "log10_min_child_weight": 4.609709166548581, "log10_subsample": -0.5770406628145481, "max_depth": 3.0, "num_boost_round": 12.0}, "datetime": {"datetime": "2024-01-19 00:37:59", "elapsed": 1611.502399, "delta": 0.001832}}
{"target": -13.758516167994697, "params": {"gamma": 559.2908422616101, "log10_alpha": -1.924340112035134, "log10_colsample_bytree": -0.8242681828586237, "log10_eta": -3.0400887747884378, "log10_lambda": -3.1109667085931187, "log10_min_child_weight": 4.609709166548581, "log10_subsample": -0.5770406628145481, "max_depth": 3.0, "num_boost_round": 13.0}, "datetime": {"datetime": "2024-01-19 00:37:59", "elapsed": 1611.5042, "delta": 0.001801}}
{"target": -13.75851672652227, "params": {"gamma": 559.2908422616101, "log10_alpha": -1.924340112035134, "log10_colsample_bytree": -0.8242681828586237, "log10_eta": -3.0400887747884378, "log10_lambda": -3.1109667085931187, "log10_min_child_weight": 4.609709166548581, "log10_subsample": -0.5770406628145481, "max_depth": 3.0, "num_boost_round": 14.0}, "datetime": {"datetime": "2024-01-19 00:37:59", "elapsed": 1611.50609, "delta": 0.00189}}
