{"target": -17.676825800369983, "params": {"gamma": 875.0639730074765, "log10_alpha": 1.0, "log10_colsample_bytree": 0.0, "log10_eta": -2.8472243860408213, "log10_lambda": -3.2989650826907138, "log10_min_child_weight": 0.2893255957358501, "log10_subsample": -0.9555380072622112, "max_depth": 6.0, "num_boost_round": 5.0}, "datetime": {"datetime": "2024-01-19 00:38:29", "elapsed": 1590.49627, "delta": 0.001996}}
{"target": -17.676769585133687, "params": {"gamma": 875.0639730074765, "log10_alpha": 1.0, "log10_colsample_bytree": 0.0, "log10_eta": -2.8472243860408213, "log10_lambda": -3.2989650826907138, "log10_min_child_weight": 0.2893255957358501, "log10_subsample": -0.9555380072622112, "max_depth": 6.0, "num_boost_round": 6.0}, "datetime": {"datetime": "2024-01-19 00:38:29", "elapsed": 1590.498175, "delta": 0.001905}}
{"target": -17.67673834753952, "params": {"gamma": 875.0639730074765, "log10_alpha": 1.0, "log10_colsample_bytree": 0.0, "log10_eta": -2.8472243860408213, "log10_lambda": -3.2989650826907138, "log10_min_child_weight": 0.2893255957358501, "log10_subsample": -0.9555380072622112, "max_depth": 6.0, "num_boost_round": 7.0}, "datetime": {"datetime": "2024-01-19 00:38:29", "elapsed": 1590.500075, "delta": 0.0019}}
{"target": -17.67670998450254, "params": {"gamma": 875.0639730074765, "log10_alpha": 1.0, "log10_colsample_bytree": 0.0, "log10_eta": -2.8472243860408213, "log10_lambda": -3.2989650826907138, "log10_min_child_weight": 0.2893255957358501, "log10_subsample": -0.9555380072622112, "max_depth": 6.0, "num_boost_round": 8.0}, "datetime": {"datetime": "2024-01-19 00:38:29", "elapsed": 1590.502074, "delta": 0.001999}}
{"target": -17.676653082703673, "params": {"gamma": 875.0639730074765, "log10_alpha": 1.0, "log10_colsample_bytree": 0.0, "log10_eta": -2.8472243860408213, "log10_lambda": -3.2989650826907138, "log10_min_child_weight": 0.2893255957358501, "log10_subsample": -0.9555380072622112, "max_depth": 6.0, "num_boost_round": 9.0}, "datetime": {"datetime": "2024-01-19 00:38:29", "elapsed": 1590.504012, "delta": 0.001938}}
{"target": -17.676708989487757, "params": {"gamma": 875.0639730074765, "log10_alpha": 1.0, "log10_colsample_bytree": 0.0, "log10_eta": -2.8472243860408213, "log10_lambda": -3.2989650826907138, "log10_min_child_weight": 0.2893255957358501, "log10_subsample": -0.9555380072622112, "max_depth": 6.0, "num_boost_round": 10.0}, "datetime": {"datetime": "2024-01-19 00:38:29", "elapsed": 1590.505943, "delta": 0.001931}}
{"target": -17.67660368729922, "params": {"gamma": 875.0639730074765, "log10_alpha": 1.0, "log10_colsample_bytree": 0.0, "log10_eta": -2.8472243860408213, "log10_lambda": -3.2989650826907138, "log10_min_child_weight": 0.2893255957358501, "log10_subsample": -0.9555380072622112, "max_depth": 6.0, "num_boost_round": 11.0}, "datetime": {"datetime": "2024-01-19 00:38:29", "elapsed": 1590.50787, "delta": 0.001927}}
{"target": -17.676465082590205, "params": {"gamma": 875.0639730074765, "log10_alpha": 1.0, "log10_colsample_bytree": 0.0, "log10_eta": -2.8472243860408213, "log10_lambda": -3.2989650826907138, "log10_min_child_weight": 0.2893255957358501, "log10_subsample": -0.9555380072622112, "max_depth": 6.0, "num_boost_round": 12.0}, "datetime": {"datetime": "2024-01-19 00:38:29", "elapsed": 1590.509803, "delta": 0.001933}}
{"target": -17.676443386335404, "params": {"gamma": 875.0639730074765, "log10_alpha": 1.0, "log10_colsample_bytree": 0.0, "log10_eta": -2.8472243860408213, "log10_lambda": -3.2989650826907138, "log10_min_child_weight": 0.2893255957358501, "log10_subsample": -0.9555380072622112, "max_depth": 6.0, "num_boost_round": 13.0}, "datetime": {"datetime": "2024-01-19 00:38:29", "elapsed": 1590.511738, "delta": 0.001935}}
{"target": -17.67646038221941, "params": {"gamma": 875.0639730074765, "log10_alpha": 1.0, "log10_colsample_bytree": 0.0, "log10_eta": -2.8472243860408213, "log10_lambda": -3.2989650826907138, "log10_min_child_weight": 0.2893255957358501, "log10_subsample": -0.9555380072622112, "max_depth": 6.0, "num_boost_round": 14.0}, "datetime": {"datetime": "2024-01-19 00:38:29", "elapsed": 1590.513748, "delta": 0.00201}}
{"target": -17.676388607156472, "params": {"gamma": 875.0639730074765, "log10_alpha": 1.0, "log10_colsample_bytree": 0.0, "log10_eta": -2.8472243860408213, "log10_lambda": -3.2989650826907138, "log10_min_child_weight": 0.2893255957358501, "log10_subsample": -0.9555380072622112, "max_depth": 6.0, "num_boost_round": 15.0}, "datetime": {"datetime": "2024-01-19 00:38:29", "elapsed": 1590.515689, "delta": 0.001941}}
{"target": -17.67629200876432, "params": {"gamma": 875.0639730074765, "log10_alpha": 1.0, "log10_colsample_bytree": 0.0, "log10_eta": -2.8472243860408213, "log10_lambda": -3.2989650826907138, "log10_min_child_weight": 0.2893255957358501, "log10_subsample": -0.9555380072622112, "max_depth": 6.0, "num_boost_round": 16.0}, "datetime": {"datetime": "2024-01-19 00:38:29", "elapsed": 1590.517697, "delta": 0.002008}}
{"target": -17.67622497233033, "params": {"gamma": 875.0639730074765, "log10_alpha": 1.0, "log10_colsample_bytree": 0.0, "log10_eta": -2.8472243860408213, "log10_lambda": -3.2989650826907138, "log10_min_child_weight": 0.2893255957358501, "log10_subsample": -0.9555380072622112, "max_depth": 6.0, "num_boost_round": 17.0}, "datetime": {"datetime": "2024-01-19 00:38:29", "elapsed": 1590.519638, "delta": 0.001941}}
{"target": -17.676123149463564, "params": {"gamma": 875.0639730074765, "log10_alpha": 1.0, "log10_colsample_bytree": 0.0, "log10_eta": -2.8472243860408213, "log10_lambda": -3.2989650826907138, "log10_min_child_weight": 0.2893255957358501, "log10_subsample": -0.9555380072622112, "max_depth": 6.0, "num_boost_round": 18.0}, "datetime": {"datetime": "2024-01-19 00:38:29", "elapsed": 1590.521711, "delta": 0.002073}}
{"target": -17.676004362808296, "params": {"gamma": 875.0639730074765, "log10_alpha": 1.0, "log10_colsample_bytree": 0.0, "log10_eta": -2.8472243860408213, "log10_lambda": -3.2989650826907138, "log10_min_child_weight": 0.2893255957358501, "log10_subsample": -0.9555380072622112, "max_depth": 6.0, "num_boost_round": 19.0}, "datetime": {"datetime": "2024-01-19 00:38:29", "elapsed": 1590.523773, "delta": 0.002062}}
{"target": -17.67594951813455, "params": {"gamma": 875.0639730074765, "log10_alpha": 1.0, "log10_colsample_bytree": 0.0, "log10_eta": -2.8472243860408213, "log10_lambda": -3.2989650826907138, "log10_min_child_weight": 0.2893255957358501, "log10_subsample": -0.9555380072622112, "max_depth": 6.0, "num_boost_round": 20.0}, "datetime": {"datetime": "2024-01-19 00:38:29", "elapsed": 1590.525768, "delta": 0.001995}}
{"target": -17.675836565336414, "params": {"gamma": 875.0639730074765, "log10_alpha": 1.0, "log10_colsample_bytree": 0.0, "log10_eta": -2.8472243860408213, "log10_lambda": -3.2989650826907138, "log10_min_child_weight": 0.2893255957358501, "log10_subsample": -0.9555380072622112, "max_depth": 6.0, "num_boost_round": 21.0}, "datetime": {"datetime": "2024-01-19 00:38:29", "elapsed": 1590.528121, "delta": 0.002353}}
{"target": -17.67580225554611, "params": {"gamma": 875.0639730074765, "log10_alpha": 1.0, "log10_colsample_bytree": 0.0, "log10_eta": -2.8472243860408213, "log10_lambda": -3.2989650826907138, "log10_min_child_weight": 0.2893255957358501, "log10_subsample": -0.9555380072622112, "max_depth": 6.0, "num_boost_round": 22.0}, "datetime": {"datetime": "2024-01-19 00:38:29", "elapsed": 1590.530665, "delta": 0.002544}}
{"target": -17.67579182610192, "params": {"gamma": 875.0639730074765, "log10_alpha": 1.0, "log10_colsample_bytree": 0.0, "log10_eta": -2.8472243860408213, "log10_lambda": -3.2989650826907138, "log10_min_child_weight": 0.2893255957358501, "log10_subsample": -0.9555380072622112, "max_depth": 6.0, "num_boost_round": 23.0}, "datetime": {"datetime": "2024-01-19 00:38:29", "elapsed": 1590.532773, "delta": 0.002108}}
{"target": -17.677156511372182, "params": {"gamma": 881.4549079269916, "log10_alpha": -3.5233055717875876, "log10_colsample_bytree": -0.9400521965485438, "log10_eta": -2.792645347842125, "log10_lambda": -2.730403699337322, "log10_min_child_weight": 2.8527166593839453, "log10_subsample": -0.6845242808181637, "max_depth": 9.0, "num_boost_round": 0.0}, "datetime": {"datetime": "2024-01-19 00:39:07", "elapsed": 1628.390502, "delta": 37.857729}}
{"target": -17.67712201685046, "params": {"gamma": 881.4549079269916, "log10_alpha": -3.5233055717875876, "log10_colsample_bytree": -0.9400521965485438, "log10_eta": -2.792645347842125, "log10_lambda": -2.730403699337322, "log10_min_child_weight": 2.8527166593839453, "log10_subsample": -0.6845242808181637, "max_depth": 9.0, "num_boost_round": 1.0}, "datetime": {"datetime": "2024-01-19 00:39:07", "elapsed": 1628.393173, "delta": 0.002671}}
{"target": -17.677058885193357, "params": {"gamma": 881.4549079269916, "log10_alpha": -3.5233055717875876, "log10_colsample_bytree": -0.9400521965485438, "log10_eta": -2.792645347842125, "log10_lambda": -2.730403699337322, "log10_min_child_weight": 2.8527166593839453, "log10_subsample": -0.6845242808181637, "max_depth": 9.0, "num_boost_round": 2.0}, "datetime": {"datetime": "2024-01-19 00:39:07", "elapsed": 1628.395596, "delta": 0.002423}}
{"target": -17.67702337392928, "params": {"gamma": 881.4549079269916, "log10_alpha": -3.5233055717875876, "log10_colsample_bytree": -0.9400521965485438, "log10_eta": -2.792645347842125, "log10_lambda": -2.730403699337322, "log10_min_child_weight": 2.8527166593839453, "log10_subsample": -0.6845242808181637, "max_depth": 9.0, "num_boost_round": 3.0}, "datetime": {"datetime": "2024-01-19 00:39:07", "elapsed": 1628.397964, "delta": 0.002368}}
{"target": -17.67696325655095, "params": {"gamma": 881.4549079269916, "log10_alpha": -3.5233055717875876, "log10_colsample_bytree": -0.9400521965485438, "log10_eta": -2.792645347842125, "log10_lambda": -2.730403699337322, "log10_min_child_weight": 2.8527166593839453, "log10_subsample": -0.6845242808181637, "max_depth": 9.0, "num_boost_round": 4.0}, "datetime": {"datetime": "2024-01-19 00:39:07", "elapsed": 1628.400034, "delta": 0.00207}}
{"target": -17.67687617272652, "params": {"gamma": 881.4549079269916, "log10_alpha": -3.5233055717875876, "log10_colsample_bytree": -0.9400521965485438, "log10_eta": -2.792645347842125, "log10_lambda": -2.730403699337322, "log10_min_child_weight": 2.8527166593839453, "log10_subsample": -0.6845242808181637, "max_depth": 9.0, "num_boost_round": 5.0}, "datetime": {"datetime": "2024-01-19 00:39:07", "elapsed": 1628.402103, "delta": 0.002069}}
{"target": -17.67689248951691, "params": {"gamma": 881.4549079269916, "log10_alpha": -3.5233055717875876, "log10_colsample_bytree": -0.9400521965485438, "log10_eta": -2.792645347842125, "log10_lambda": -2.730403699337322, "log10_min_child_weight": 2.8527166593839453, "log10_subsample": -0.6845242808181637, "max_depth": 9.0, "num_boost_round": 6.0}, "datetime": {"datetime": "2024-01-19 00:39:07", "elapsed": 1628.404186, "delta": 0.002083}}
{"target": -17.6767707487833, "params": {"gamma": 881.4549079269916, "log10_alpha": -3.5233055717875876, "log10_colsample_bytree": -0.9400521965485438, "log10_eta": -2.792645347842125, "log10_lambda": -2.730403699337322, "log10_min_child_weight": 2.8527166593839453, "log10_subsample": -0.6845242808181637, "max_depth": 9.0, "num_boost_round": 7.0}, "datetime": {"datetime": "2024-01-19 00:39:07", "elapsed": 1628.406164, "delta": 0.001978}}
{"target": -17.676741441897242, "params": {"gamma": 881.4549079269916, "log10_alpha": -3.5233055717875876, "log10_colsample_bytree": -0.9400521965485438, "log10_eta": -2.792645347842125, "log10_lambda": -2.730403699337322, "log10_min_child_weight": 2.8527166593839453, "log10_subsample": -0.6845242808181637, "max_depth": 9.0, "num_boost_round": 8.0}, "datetime": {"datetime": "2024-01-19 00:39:07", "elapsed": 1628.408129, "delta": 0.001965}}
{"target": -17.676697578171165, "params": {"gamma": 881.4549079269916, "log10_alpha": -3.5233055717875876, "log10_colsample_bytree": -0.9400521965485438, "log10_eta": -2.792645347842125, "log10_lambda": -2.730403699337322, "log10_min_child_weight": 2.8527166593839453, "log10_subsample": -0.6845242808181637, "max_depth": 9.0, "num_boost_round": 9.0}, "datetime": {"datetime": "2024-01-19 00:39:07", "elapsed": 1628.410084, "delta": 0.001955}}
{"target": -17.67659467794653, "params": {"gamma": 881.4549079269916, "log10_alpha": -3.5233055717875876, "log10_colsample_bytree": -0.9400521965485438, "log10_eta": -2.792645347842125, "log10_lambda": -2.730403699337322, "log10_min_child_weight": 2.8527166593839453, "log10_subsample": -0.6845242808181637, "max_depth": 9.0, "num_boost_round": 10.0}, "datetime": {"datetime": "2024-01-19 00:39:07", "elapsed": 1628.41204, "delta": 0.001956}}
{"target": -17.676496418293365, "params": {"gamma": 881.4549079269916, "log10_alpha": -3.5233055717875876, "log10_colsample_bytree": -0.9400521965485438, "log10_eta": -2.792645347842125, "log10_lambda": -2.730403699337322, "log10_min_child_weight": 2.8527166593839453, "log10_subsample": -0.6845242808181637, "max_depth": 9.0, "num_boost_round": 11.0}, "datetime": {"datetime": "2024-01-19 00:39:07", "elapsed": 1628.414093, "delta": 0.002053}}
{"target": -17.676423382020644, "params": {"gamma": 881.4549079269916, "log10_alpha": -3.5233055717875876, "log10_colsample_bytree": -0.9400521965485438, "log10_eta": -2.792645347842125, "log10_lambda": -2.730403699337322, "log10_min_child_weight": 2.8527166593839453, "log10_subsample": -0.6845242808181637, "max_depth": 9.0, "num_boost_round": 12.0}, "datetime": {"datetime": "2024-01-19 00:39:07", "elapsed": 1628.41611, "delta": 0.002017}}
{"target": -17.676390151723965, "params": {"gamma": 881.4549079269916, "log10_alpha": -3.5233055717875876, "log10_colsample_bytree": -0.9400521965485438, "log10_eta": -2.792645347842125, "log10_lambda": -2.730403699337322, "log10_min_child_weight": 2.8527166593839453, "log10_subsample": -0.6845242808181637, "max_depth": 9.0, "num_boost_round": 13.0}, "datetime": {"datetime": "2024-01-19 00:39:07", "elapsed": 1628.418194, "delta": 0.002084}}
{"target": -17.676285330430833, "params": {"gamma": 881.4549079269916, "log10_alpha": -3.5233055717875876, "log10_colsample_bytree": -0.9400521965485438, "log10_eta": -2.792645347842125, "log10_lambda": -2.730403699337322, "log10_min_child_weight": 2.8527166593839453, "log10_subsample": -0.6845242808181637, "max_depth": 9.0, "num_boost_round": 14.0}, "datetime": {"datetime": "2024-01-19 00:39:07", "elapsed": 1628.420294, "delta": 0.0021}}
{"target": -17.676261426831726, "params": {"gamma": 881.4549079269916, "log10_alpha": -3.5233055717875876, "log10_colsample_bytree": -0.9400521965485438, "log10_eta": -2.792645347842125, "log10_lambda": -2.730403699337322, "log10_min_child_weight": 2.8527166593839453, "log10_subsample": -0.6845242808181637, "max_depth": 9.0, "num_boost_round": 15.0}, "datetime": {"datetime": "2024-01-19 00:39:07", "elapsed": 1628.422334, "delta": 0.00204}}
{"target": -17.676219209187277, "params": {"gamma": 881.4549079269916, "log10_alpha": -3.5233055717875876, "log10_colsample_bytree": -0.9400521965485438, "log10_eta": -2.792645347842125, "log10_lambda": -2.730403699337322, "log10_min_child_weight": 2.8527166593839453, "log10_subsample": -0.6845242808181637, "max_depth": 9.0, "num_boost_round": 16.0}, "datetime": {"datetime": "2024-01-19 00:39:07", "elapsed": 1628.424419, "delta": 0.002085}}
{"target": -17.676205524831857, "params": {"gamma": 881.4549079269916, "log10_alpha": -3.5233055717875876, "log10_colsample_bytree": -0.9400521965485438, "log10_eta": -2.792645347842125, "log10_lambda": -2.730403699337322, "log10_min_child_weight": 2.8527166593839453, "log10_subsample": -0.6845242808181637, "max_depth": 9.0, "num_boost_round": 17.0}, "datetime": {"datetime": "2024-01-19 00:39:07", "elapsed": 1628.426462, "delta": 0.002043}}
{"target": -17.676182944404907, "params": {"gamma": 881.4549079269916, "log10_alpha": -3.5233055717875876, "log10_colsample_bytree": -0.9400521965485438, "log10_eta": -2.792645347842125, "log10_lambda": -2.730403699337322, "log10_min_child_weight": 2.8527166593839453, "log10_subsample": -0.6845242808181637, "max_depth": 9.0, "num_boost_round": 18.0}, "datetime": {"datetime": "2024-01-19 00:39:07", "elapsed": 1628.428454, "delta": 0.001992}}
{"target": -17.6760920857626, "params": {"gamma": 881.4549079269916, "log10_alpha": -3.5233055717875876, "log10_colsample_bytree": -0.9400521965485438, "log10_eta": -2.792645347842125, "log10_lambda": -2.730403699337322, "log10_min_child_weight": 2.8527166593839453, "log10_subsample": -0.6845242808181637, "max_depth": 9.0, "num_boost_round": 19.0}, "datetime": {"datetime": "2024-01-19 00:39:07", "elapsed": 1628.430501, "delta": 0.002047}}
{"target": -17.67601076316381, "params": {"gamma": 881.4549079269916, "log10_alpha": -3.5233055717875876, "log10_colsample_bytree": -0.9400521965485438, "log10_eta": -2.792645347842125, "log10_lambda": -2.730403699337322, "log10_min_child_weight": 2.8527166593839453, "log10_subsample": -0.6845242808181637, "max_depth": 9.0, "num_boost_round": 20.0}, "datetime": {"datetime": "2024-01-19 00:39:07", "elapsed": 1628.432513, "delta": 0.002012}}
{"target": -17.67585557165334, "params": {"gamma": 881.4549079269916, "log10_alpha": -3.5233055717875876, "log10_colsample_bytree": -0.9400521965485438, "log10_eta": -2.792645347842125, "log10_lambda": -2.730403699337322, "log10_min_child_weight": 2.8527166593839453, "log10_subsample": -0.6845242808181637, "max_depth": 9.0, "num_boost_round": 21.0}, "datetime": {"datetime": "2024-01-19 00:39:07", "elapsed": 1628.434525, "delta": 0.002012}}
{"target": -17.675759910570136, "params": {"gamma": 881.4549079269916, "log10_alpha": -3.5233055717875876, "log10_colsample_bytree": -0.9400521965485438, "log10_eta": -2.792645347842125, "log10_lambda": -2.730403699337322, "log10_min_child_weight": 2.8527166593839453, "log10_subsample": -0.6845242808181637, "max_depth": 9.0, "num_boost_round": 22.0}, "datetime": {"datetime": "2024-01-19 00:39:07", "elapsed": 1628.436565, "delta": 0.00204}}
{"target": -17.675627497633098, "params": {"gamma": 881.4549079269916, "log10_alpha": -3.5233055717875876, "log10_colsample_bytree": -0.9400521965485438, "log10_eta": -2.792645347842125, "log10_lambda": -2.730403699337322, "log10_min_child_weight": 2.8527166593839453, "log10_subsample": -0.6845242808181637, "max_depth": 9.0, "num_boost_round": 23.0}, "datetime": {"datetime": "2024-01-19 00:39:07", "elapsed": 1628.43859, "delta": 0.002025}}
{"target": -17.675605686606623, "params": {"gamma": 881.4549079269916, "log10_alpha": -3.5233055717875876, "log10_colsample_bytree": -0.9400521965485438, "log10_eta": -2.792645347842125, "log10_lambda": -2.730403699337322, "log10_min_child_weight": 2.8527166593839453, "log10_subsample": -0.6845242808181637, "max_depth": 9.0, "num_boost_round": 24.0}, "datetime": {"datetime": "2024-01-19 00:39:07", "elapsed": 1628.4406, "delta": 0.00201}}
{"target": -17.675489265400177, "params": {"gamma": 881.4549079269916, "log10_alpha": -3.5233055717875876, "log10_colsample_bytree": -0.9400521965485438, "log10_eta": -2.792645347842125, "log10_lambda": -2.730403699337322, "log10_min_child_weight": 2.8527166593839453, "log10_subsample": -0.6845242808181637, "max_depth": 9.0, "num_boost_round": 25.0}, "datetime": {"datetime": "2024-01-19 00:39:07", "elapsed": 1628.442623, "delta": 0.002023}}
{"target": -17.675505091828818, "params": {"gamma": 881.4549079269916, "log10_alpha": -3.5233055717875876, "log10_colsample_bytree": -0.9400521965485438, "log10_eta": -2.792645347842125, "log10_lambda": -2.730403699337322, "log10_min_child_weight": 2.8527166593839453, "log10_subsample": -0.6845242808181637, "max_depth": 9.0, "num_boost_round": 26.0}, "datetime": {"datetime": "2024-01-19 00:39:07", "elapsed": 1628.444662, "delta": 0.002039}}
{"target": -17.67548221843653, "params": {"gamma": 881.4549079269916, "log10_alpha": -3.5233055717875876, "log10_colsample_bytree": -0.9400521965485438, "log10_eta": -2.792645347842125, "log10_lambda": -2.730403699337322, "log10_min_child_weight": 2.8527166593839453, "log10_subsample": -0.6845242808181637, "max_depth": 9.0, "num_boost_round": 27.0}, "datetime": {"datetime": "2024-01-19 00:39:07", "elapsed": 1628.44668, "delta": 0.002018}}
{"target": -17.67544994923282, "params": {"gamma": 881.4549079269916, "log10_alpha": -3.5233055717875876, "log10_colsample_bytree": -0.9400521965485438, "log10_eta": -2.792645347842125, "log10_lambda": -2.730403699337322, "log10_min_child_weight": 2.8527166593839453, "log10_subsample": -0.6845242808181637, "max_depth": 9.0, "num_boost_round": 28.0}, "datetime": {"datetime": "2024-01-19 00:39:07", "elapsed": 1628.448719, "delta": 0.002039}}
{"target": -17.67536736846715, "params": {"gamma": 881.4549079269916, "log10_alpha": -3.5233055717875876, "log10_colsample_bytree": -0.9400521965485438, "log10_eta": -2.792645347842125, "log10_lambda": -2.730403699337322, "log10_min_child_weight": 2.8527166593839453, "log10_subsample": -0.6845242808181637, "max_depth": 9.0, "num_boost_round": 29.0}, "datetime": {"datetime": "2024-01-19 00:39:07", "elapsed": 1628.450728, "delta": 0.002009}}
{"target": -17.675343183442408, "params": {"gamma": 881.4549079269916, "log10_alpha": -3.5233055717875876, "log10_colsample_bytree": -0.9400521965485438, "log10_eta": -2.792645347842125, "log10_lambda": -2.730403699337322, "log10_min_child_weight": 2.8527166593839453, "log10_subsample": -0.6845242808181637, "max_depth": 9.0, "num_boost_round": 30.0}, "datetime": {"datetime": "2024-01-19 00:39:07", "elapsed": 1628.45276, "delta": 0.002032}}
