{"target": -13.75853126592522, "params": {"gamma": 124.7912148400403, "log10_alpha": -1.7672760186663048, "log10_colsample_bytree": -0.9697784950531547, "log10_eta": -2.9390060375501714, "log10_lambda": -1.1768851091939365, "log10_min_child_weight": 4.670969410491961, "log10_subsample": -0.09570502494629918, "max_depth": 6.0, "num_boost_round": 6.0}, "datetime": {"datetime": "2024-01-19 00:55:43", "elapsed": 2650.947966, "delta": 0.002652}}
{"target": -13.758526900840844, "params": {"gamma": 124.7912148400403, "log10_alpha": -1.7672760186663048, "log10_colsample_bytree": -0.9697784950531547, "log10_eta": -2.9390060375501714, "log10_lambda": -1.1768851091939365, "log10_min_child_weight": 4.670969410491961, "log10_subsample": -0.09570502494629918, "max_depth": 6.0, "num_boost_round": 7.0}, "datetime": {"datetime": "2024-01-19 00:55:43", "elapsed": 2650.950708, "delta": 0.002742}}
{"target": -13.758529364431569, "params": {"gamma": 124.7912148400403, "log10_alpha": -1.7672760186663048, "log10_colsample_bytree": -0.9697784950531547, "log10_eta": -2.9390060375501714, "log10_lambda": -1.1768851091939365, "log10_min_child_weight": 4.670969410491961, "log10_subsample": -0.09570502494629918, "max_depth": 6.0, "num_boost_round": 8.0}, "datetime": {"datetime": "2024-01-19 00:55:43", "elapsed": 2650.953332, "delta": 0.002624}}
{"target": -13.75853062227668, "params": {"gamma": 124.7912148400403, "log10_alpha": -1.7672760186663048, "log10_colsample_bytree": -0.9697784950531547, "log10_eta": -2.9390060375501714, "log10_lambda": -1.1768851091939365, "log10_min_child_weight": 4.670969410491961, "log10_subsample": -0.09570502494629918, "max_depth": 6.0, "num_boost_round": 9.0}, "datetime": {"datetime": "2024-01-19 00:55:43", "elapsed": 2650.955954, "delta": 0.002622}}
{"target": -13.75852600880574, "params": {"gamma": 124.7912148400403, "log10_alpha": -1.7672760186663048, "log10_colsample_bytree": -0.9697784950531547, "log10_eta": -2.9390060375501714, "log10_lambda": -1.1768851091939365, "log10_min_child_weight": 4.670969410491961, "log10_subsample": -0.09570502494629918, "max_depth": 6.0, "num_boost_round": 10.0}, "datetime": {"datetime": "2024-01-19 00:55:43", "elapsed": 2650.958679, "delta": 0.002725}}
{"target": -13.758517518669878, "params": {"gamma": 124.7912148400403, "log10_alpha": -1.7672760186663048, "log10_colsample_bytree": -0.9697784950531547, "log10_eta": -2.9390060375501714, "log10_lambda": -1.1768851091939365, "log10_min_child_weight": 4.670969410491961, "log10_subsample": -0.09570502494629918, "max_depth": 6.0, "num_boost_round": 11.0}, "datetime": {"datetime": "2024-01-19 00:55:43", "elapsed": 2650.961426, "delta": 0.002747}}
{"target": -13.758513515544996, "params": {"gamma": 124.7912148400403, "log10_alpha": -1.7672760186663048, "log10_colsample_bytree": -0.9697784950531547, "log10_eta": -2.9390060375501714, "log10_lambda": -1.1768851091939365, "log10_min_child_weight": 4.670969410491961, "log10_subsample": -0.09570502494629918, "max_depth": 6.0, "num_boost_round": 12.0}, "datetime": {"datetime": "2024-01-19 00:55:43", "elapsed": 2650.964084, "delta": 0.002658}}
{"target": -13.758499688905784, "params": {"gamma": 124.7912148400403, "log10_alpha": -1.7672760186663048, "log10_colsample_bytree": -0.9697784950531547, "log10_eta": -2.9390060375501714, "log10_lambda": -1.1768851091939365, "log10_min_child_weight": 4.670969410491961, "log10_subsample": -0.09570502494629918, "max_depth": 6.0, "num_boost_round": 13.0}, "datetime": {"datetime": "2024-01-19 00:55:43", "elapsed": 2650.96674, "delta": 0.002656}}
{"target": -13.758499855093476, "params": {"gamma": 124.7912148400403, "log10_alpha": -1.7672760186663048, "log10_colsample_bytree": -0.9697784950531547, "log10_eta": -2.9390060375501714, "log10_lambda": -1.1768851091939365, "log10_min_child_weight": 4.670969410491961, "log10_subsample": -0.09570502494629918, "max_depth": 6.0, "num_boost_round": 14.0}, "datetime": {"datetime": "2024-01-19 00:55:43", "elapsed": 2650.969376, "delta": 0.002636}}
{"target": -13.758487306225103, "params": {"gamma": 124.7912148400403, "log10_alpha": -1.7672760186663048, "log10_colsample_bytree": -0.9697784950531547, "log10_eta": -2.9390060375501714, "log10_lambda": -1.1768851091939365, "log10_min_child_weight": 4.670969410491961, "log10_subsample": -0.09570502494629918, "max_depth": 6.0, "num_boost_round": 15.0}, "datetime": {"datetime": "2024-01-19 00:55:43", "elapsed": 2650.972083, "delta": 0.002707}}
{"target": -13.758481951933254, "params": {"gamma": 124.7912148400403, "log10_alpha": -1.7672760186663048, "log10_colsample_bytree": -0.9697784950531547, "log10_eta": -2.9390060375501714, "log10_lambda": -1.1768851091939365, "log10_min_child_weight": 4.670969410491961, "log10_subsample": -0.09570502494629918, "max_depth": 6.0, "num_boost_round": 16.0}, "datetime": {"datetime": "2024-01-19 00:55:43", "elapsed": 2650.974764, "delta": 0.002681}}
{"target": -13.758485620314545, "params": {"gamma": 124.7912148400403, "log10_alpha": -1.7672760186663048, "log10_colsample_bytree": -0.9697784950531547, "log10_eta": -2.9390060375501714, "log10_lambda": -1.1768851091939365, "log10_min_child_weight": 4.670969410491961, "log10_subsample": -0.09570502494629918, "max_depth": 6.0, "num_boost_round": 17.0}, "datetime": {"datetime": "2024-01-19 00:55:43", "elapsed": 2650.977484, "delta": 0.00272}}
{"target": -13.758482577894375, "params": {"gamma": 124.7912148400403, "log10_alpha": -1.7672760186663048, "log10_colsample_bytree": -0.9697784950531547, "log10_eta": -2.9390060375501714, "log10_lambda": -1.1768851091939365, "log10_min_child_weight": 4.670969410491961, "log10_subsample": -0.09570502494629918, "max_depth": 6.0, "num_boost_round": 18.0}, "datetime": {"datetime": "2024-01-19 00:55:43", "elapsed": 2650.980264, "delta": 0.00278}}
{"target": -13.758475417622993, "params": {"gamma": 124.7912148400403, "log10_alpha": -1.7672760186663048, "log10_colsample_bytree": -0.9697784950531547, "log10_eta": -2.9390060375501714, "log10_lambda": -1.1768851091939365, "log10_min_child_weight": 4.670969410491961, "log10_subsample": -0.09570502494629918, "max_depth": 6.0, "num_boost_round": 19.0}, "datetime": {"datetime": "2024-01-19 00:55:43", "elapsed": 2650.982956, "delta": 0.002692}}
{"target": -13.75846736449891, "params": {"gamma": 124.7912148400403, "log10_alpha": -1.7672760186663048, "log10_colsample_bytree": -0.9697784950531547, "log10_eta": -2.9390060375501714, "log10_lambda": -1.1768851091939365, "log10_min_child_weight": 4.670969410491961, "log10_subsample": -0.09570502494629918, "max_depth": 6.0, "num_boost_round": 20.0}, "datetime": {"datetime": "2024-01-19 00:55:43", "elapsed": 2650.985598, "delta": 0.002642}}
{"target": -13.758468919520086, "params": {"gamma": 124.7912148400403, "log10_alpha": -1.7672760186663048, "log10_colsample_bytree": -0.9697784950531547, "log10_eta": -2.9390060375501714, "log10_lambda": -1.1768851091939365, "log10_min_child_weight": 4.670969410491961, "log10_subsample": -0.09570502494629918, "max_depth": 6.0, "num_boost_round": 21.0}, "datetime": {"datetime": "2024-01-19 00:55:43", "elapsed": 2650.988214, "delta": 0.002616}}
{"target": -13.758475459411997, "params": {"gamma": 124.7912148400403, "log10_alpha": -1.7672760186663048, "log10_colsample_bytree": -0.9697784950531547, "log10_eta": -2.9390060375501714, "log10_lambda": -1.1768851091939365, "log10_min_child_weight": 4.670969410491961, "log10_subsample": -0.09570502494629918, "max_depth": 6.0, "num_boost_round": 22.0}, "datetime": {"datetime": "2024-01-19 00:55:43", "elapsed": 2650.990994, "delta": 0.00278}}
{"target": -13.758474659182134, "params": {"gamma": 124.7912148400403, "log10_alpha": -1.7672760186663048, "log10_colsample_bytree": -0.9697784950531547, "log10_eta": -2.9390060375501714, "log10_lambda": -1.1768851091939365, "log10_min_child_weight": 4.670969410491961, "log10_subsample": -0.09570502494629918, "max_depth": 6.0, "num_boost_round": 23.0}, "datetime": {"datetime": "2024-01-19 00:55:43", "elapsed": 2650.993719, "delta": 0.002725}}
{"target": -13.758472982573675, "params": {"gamma": 124.7912148400403, "log10_alpha": -1.7672760186663048, "log10_colsample_bytree": -0.9697784950531547, "log10_eta": -2.9390060375501714, "log10_lambda": -1.1768851091939365, "log10_min_child_weight": 4.670969410491961, "log10_subsample": -0.09570502494629918, "max_depth": 6.0, "num_boost_round": 24.0}, "datetime": {"datetime": "2024-01-19 00:55:43", "elapsed": 2650.996391, "delta": 0.002672}}
{"target": -13.75847391537075, "params": {"gamma": 124.7912148400403, "log10_alpha": -1.7672760186663048, "log10_colsample_bytree": -0.9697784950531547, "log10_eta": -2.9390060375501714, "log10_lambda": -1.1768851091939365, "log10_min_child_weight": 4.670969410491961, "log10_subsample": -0.09570502494629918, "max_depth": 6.0, "num_boost_round": 25.0}, "datetime": {"datetime": "2024-01-19 00:55:43", "elapsed": 2650.999173, "delta": 0.002782}}
{"target": -13.758465968346657, "params": {"gamma": 124.7912148400403, "log10_alpha": -1.7672760186663048, "log10_colsample_bytree": -0.9697784950531547, "log10_eta": -2.9390060375501714, "log10_lambda": -1.1768851091939365, "log10_min_child_weight": 4.670969410491961, "log10_subsample": -0.09570502494629918, "max_depth": 6.0, "num_boost_round": 26.0}, "datetime": {"datetime": "2024-01-19 00:55:43", "elapsed": 2651.001827, "delta": 0.002654}}
{"target": -13.758461152845229, "params": {"gamma": 124.7912148400403, "log10_alpha": -1.7672760186663048, "log10_colsample_bytree": -0.9697784950531547, "log10_eta": -2.9390060375501714, "log10_lambda": -1.1768851091939365, "log10_min_child_weight": 4.670969410491961, "log10_subsample": -0.09570502494629918, "max_depth": 6.0, "num_boost_round": 27.0}, "datetime": {"datetime": "2024-01-19 00:55:43", "elapsed": 2651.004461, "delta": 0.002634}}
{"target": -13.758450148037294, "params": {"gamma": 124.7912148400403, "log10_alpha": -1.7672760186663048, "log10_colsample_bytree": -0.9697784950531547, "log10_eta": -2.9390060375501714, "log10_lambda": -1.1768851091939365, "log10_min_child_weight": 4.670969410491961, "log10_subsample": -0.09570502494629918, "max_depth": 6.0, "num_boost_round": 28.0}, "datetime": {"datetime": "2024-01-19 00:55:43", "elapsed": 2651.007121, "delta": 0.00266}}
{"target": -13.758439961987646, "params": {"gamma": 124.7912148400403, "log10_alpha": -1.7672760186663048, "log10_colsample_bytree": -0.9697784950531547, "log10_eta": -2.9390060375501714, "log10_lambda": -1.1768851091939365, "log10_min_child_weight": 4.670969410491961, "log10_subsample": -0.09570502494629918, "max_depth": 6.0, "num_boost_round": 29.0}, "datetime": {"datetime": "2024-01-19 00:55:43", "elapsed": 2651.009775, "delta": 0.002654}}
{"target": -13.758432769951476, "params": {"gamma": 124.7912148400403, "log10_alpha": -1.7672760186663048, "log10_colsample_bytree": -0.9697784950531547, "log10_eta": -2.9390060375501714, "log10_lambda": -1.1768851091939365, "log10_min_child_weight": 4.670969410491961, "log10_subsample": -0.09570502494629918, "max_depth": 6.0, "num_boost_round": 30.0}, "datetime": {"datetime": "2024-01-19 00:55:43", "elapsed": 2651.012507, "delta": 0.002732}}
{"target": -13.75842923408247, "params": {"gamma": 124.7912148400403, "log10_alpha": -1.7672760186663048, "log10_colsample_bytree": -0.9697784950531547, "log10_eta": -2.9390060375501714, "log10_lambda": -1.1768851091939365, "log10_min_child_weight": 4.670969410491961, "log10_subsample": -0.09570502494629918, "max_depth": 6.0, "num_boost_round": 31.0}, "datetime": {"datetime": "2024-01-19 00:55:43", "elapsed": 2651.015229, "delta": 0.002722}}
{"target": -13.758436143603953, "params": {"gamma": 124.7912148400403, "log10_alpha": -1.7672760186663048, "log10_colsample_bytree": -0.9697784950531547, "log10_eta": -2.9390060375501714, "log10_lambda": -1.1768851091939365, "log10_min_child_weight": 4.670969410491961, "log10_subsample": -0.09570502494629918, "max_depth": 6.0, "num_boost_round": 32.0}, "datetime": {"datetime": "2024-01-19 00:55:43", "elapsed": 2651.017974, "delta": 0.002745}}
{"target": -13.758434758844514, "params": {"gamma": 124.7912148400403, "log10_alpha": -1.7672760186663048, "log10_colsample_bytree": -0.9697784950531547, "log10_eta": -2.9390060375501714, "log10_lambda": -1.1768851091939365, "log10_min_child_weight": 4.670969410491961, "log10_subsample": -0.09570502494629918, "max_depth": 6.0, "num_boost_round": 33.0}, "datetime": {"datetime": "2024-01-19 00:55:43", "elapsed": 2651.020697, "delta": 0.002723}}
{"target": -14.053211371368306, "params": {"gamma": 125.49036906353517, "log10_alpha": -4.81875947361592, "log10_colsample_bytree": -0.08349410063494467, "log10_eta": -0.1499012606485075, "log10_lambda": 0.513204708675957, "log10_min_child_weight": 0.3790484876011252, "log10_subsample": -0.4687689179616016, "max_depth": 7.0, "num_boost_round": 0.0}, "datetime": {"datetime": "2024-01-19 00:56:30", "elapsed": 2698.078824, "delta": 47.058127}}
{"target": -14.355345372217728, "params": {"gamma": 125.49036906353517, "log10_alpha": -4.81875947361592, "log10_colsample_bytree": -0.08349410063494467, "log10_eta": -0.1499012606485075, "log10_lambda": 0.513204708675957, "log10_min_child_weight": 0.3790484876011252, "log10_subsample": -0.4687689179616016, "max_depth": 7.0, "num_boost_round": 1.0}, "datetime": {"datetime": "2024-01-19 00:56:30", "elapsed": 2698.082469, "delta": 0.003645}}
{"target": -14.527782648923031, "params": {"gamma": 125.49036906353517, "log10_alpha": -4.81875947361592, "log10_colsample_bytree": -0.08349410063494467, "log10_eta": -0.1499012606485075, "log10_lambda": 0.513204708675957, "log10_min_child_weight": 0.3790484876011252, "log10_subsample": -0.4687689179616016, "max_depth": 7.0, "num_boost_round": 2.0}, "datetime": {"datetime": "2024-01-19 00:56:30", "elapsed": 2698.085568, "delta": 0.003099}}
{"target": -14.642055982349412, "params": {"gamma": 125.49036906353517, "log10_alpha": -4.81875947361592, "log10_colsample_bytree": -0.08349410063494467, "log10_eta": -0.1499012606485075, "log10_lambda": 0.513204708675957, "log10_min_child_weight": 0.3790484876011252, "log10_subsample": -0.4687689179616016, "max_depth": 7.0, "num_boost_round": 3.0}, "datetime": {"datetime": "2024-01-19 00:56:30", "elapsed": 2698.088359, "delta": 0.002791}}
{"target": -14.718966384872825, "params": {"gamma": 125.49036906353517, "log10_alpha": -4.81875947361592, "log10_colsample_bytree": -0.08349410063494467, "log10_eta": -0.1499012606485075, "log10_lambda": 0.513204708675957, "log10_min_child_weight": 0.3790484876011252, "log10_subsample": -0.4687689179616016, "max_depth": 7.0, "num_boost_round": 4.0}, "datetime": {"datetime": "2024-01-19 00:56:30", "elapsed": 2698.09119, "delta": 0.002831}}
{"target": -14.816150215788296, "params": {"gamma": 125.49036906353517, "log10_alpha": -4.81875947361592, "log10_colsample_bytree": -0.08349410063494467, "log10_eta": -0.1499012606485075, "log10_lambda": 0.513204708675957, "log10_min_child_weight": 0.3790484876011252, "log10_subsample": -0.4687689179616016, "max_depth": 7.0, "num_boost_round": 5.0}, "datetime": {"datetime": "2024-01-19 00:56:30", "elapsed": 2698.093982, "delta": 0.002792}}
{"target": -14.85935497629717, "params": {"gamma": 125.49036906353517, "log10_alpha": -4.81875947361592, "log10_colsample_bytree": -0.08349410063494467, "log10_eta": -0.1499012606485075, "log10_lambda": 0.513204708675957, "log10_min_child_weight": 0.3790484876011252, "log10_subsample": -0.4687689179616016, "max_depth": 7.0, "num_boost_round": 6.0}, "datetime": {"datetime": "2024-01-19 00:56:30", "elapsed": 2698.096707, "delta": 0.002725}}
{"target": -14.923238689422119, "params": {"gamma": 125.49036906353517, "log10_alpha": -4.81875947361592, "log10_colsample_bytree": -0.08349410063494467, "log10_eta": -0.1499012606485075, "log10_lambda": 0.513204708675957, "log10_min_child_weight": 0.3790484876011252, "log10_subsample": -0.4687689179616016, "max_depth": 7.0, "num_boost_round": 7.0}, "datetime": {"datetime": "2024-01-19 00:56:30", "elapsed": 2698.099545, "delta": 0.002838}}
{"target": -14.974167999077542, "params": {"gamma": 125.49036906353517, "log10_alpha": -4.81875947361592, "log10_colsample_bytree": -0.08349410063494467, "log10_eta": -0.1499012606485075, "log10_lambda": 0.513204708675957, "log10_min_child_weight": 0.3790484876011252, "log10_subsample": -0.4687689179616016, "max_depth": 7.0, "num_boost_round": 8.0}, "datetime": {"datetime": "2024-01-19 00:56:30", "elapsed": 2698.102231, "delta": 0.002686}}
{"target": -14.989854764597816, "params": {"gamma": 125.49036906353517, "log10_alpha": -4.81875947361592, "log10_colsample_bytree": -0.08349410063494467, "log10_eta": -0.1499012606485075, "log10_lambda": 0.513204708675957, "log10_min_child_weight": 0.3790484876011252, "log10_subsample": -0.4687689179616016, "max_depth": 7.0, "num_boost_round": 9.0}, "datetime": {"datetime": "2024-01-19 00:56:30", "elapsed": 2698.104969, "delta": 0.002738}}
{"target": -15.020093424409644, "params": {"gamma": 125.49036906353517, "log10_alpha": -4.81875947361592, "log10_colsample_bytree": -0.08349410063494467, "log10_eta": -0.1499012606485075, "log10_lambda": 0.513204708675957, "log10_min_child_weight": 0.3790484876011252, "log10_subsample": -0.4687689179616016, "max_depth": 7.0, "num_boost_round": 10.0}, "datetime": {"datetime": "2024-01-19 00:56:30", "elapsed": 2698.107666, "delta": 0.002697}}
{"target": -15.060100899064125, "params": {"gamma": 125.49036906353517, "log10_alpha": -4.81875947361592, "log10_colsample_bytree": -0.08349410063494467, "log10_eta": -0.1499012606485075, "log10_lambda": 0.513204708675957, "log10_min_child_weight": 0.3790484876011252, "log10_subsample": -0.4687689179616016, "max_depth": 7.0, "num_boost_round": 11.0}, "datetime": {"datetime": "2024-01-19 00:56:30", "elapsed": 2698.110367, "delta": 0.002701}}
{"target": -15.092995844736285, "params": {"gamma": 125.49036906353517, "log10_alpha": -4.81875947361592, "log10_colsample_bytree": -0.08349410063494467, "log10_eta": -0.1499012606485075, "log10_lambda": 0.513204708675957, "log10_min_child_weight": 0.3790484876011252, "log10_subsample": -0.4687689179616016, "max_depth": 7.0, "num_boost_round": 12.0}, "datetime": {"datetime": "2024-01-19 00:56:30", "elapsed": 2698.113111, "delta": 0.002744}}
{"target": -15.11770289830359, "params": {"gamma": 125.49036906353517, "log10_alpha": -4.81875947361592, "log10_colsample_bytree": -0.08349410063494467, "log10_eta": -0.1499012606485075, "log10_lambda": 0.513204708675957, "log10_min_child_weight": 0.3790484876011252, "log10_subsample": -0.4687689179616016, "max_depth": 7.0, "num_boost_round": 13.0}, "datetime": {"datetime": "2024-01-19 00:56:30", "elapsed": 2698.115828, "delta": 0.002717}}
{"target": -15.177587374684176, "params": {"gamma": 125.49036906353517, "log10_alpha": -4.81875947361592, "log10_colsample_bytree": -0.08349410063494467, "log10_eta": -0.1499012606485075, "log10_lambda": 0.513204708675957, "log10_min_child_weight": 0.3790484876011252, "log10_subsample": -0.4687689179616016, "max_depth": 7.0, "num_boost_round": 14.0}, "datetime": {"datetime": "2024-01-19 00:56:30", "elapsed": 2698.118586, "delta": 0.002758}}
{"target": -15.265592499679292, "params": {"gamma": 125.49036906353517, "log10_alpha": -4.81875947361592, "log10_colsample_bytree": -0.08349410063494467, "log10_eta": -0.1499012606485075, "log10_lambda": 0.513204708675957, "log10_min_child_weight": 0.3790484876011252, "log10_subsample": -0.4687689179616016, "max_depth": 7.0, "num_boost_round": 15.0}, "datetime": {"datetime": "2024-01-19 00:56:30", "elapsed": 2698.12137, "delta": 0.002784}}
{"target": -15.276705390891784, "params": {"gamma": 125.49036906353517, "log10_alpha": -4.81875947361592, "log10_colsample_bytree": -0.08349410063494467, "log10_eta": -0.1499012606485075, "log10_lambda": 0.513204708675957, "log10_min_child_weight": 0.3790484876011252, "log10_subsample": -0.4687689179616016, "max_depth": 7.0, "num_boost_round": 16.0}, "datetime": {"datetime": "2024-01-19 00:56:30", "elapsed": 2698.124045, "delta": 0.002675}}
{"target": -15.37689699375183, "params": {"gamma": 125.49036906353517, "log10_alpha": -4.81875947361592, "log10_colsample_bytree": -0.08349410063494467, "log10_eta": -0.1499012606485075, "log10_lambda": 0.513204708675957, "log10_min_child_weight": 0.3790484876011252, "log10_subsample": -0.4687689179616016, "max_depth": 7.0, "num_boost_round": 17.0}, "datetime": {"datetime": "2024-01-19 00:56:30", "elapsed": 2698.126719, "delta": 0.002674}}
{"target": -15.424390341055538, "params": {"gamma": 125.49036906353517, "log10_alpha": -4.81875947361592, "log10_colsample_bytree": -0.08349410063494467, "log10_eta": -0.1499012606485075, "log10_lambda": 0.513204708675957, "log10_min_child_weight": 0.3790484876011252, "log10_subsample": -0.4687689179616016, "max_depth": 7.0, "num_boost_round": 18.0}, "datetime": {"datetime": "2024-01-19 00:56:30", "elapsed": 2698.129424, "delta": 0.002705}}
{"target": -15.452270502225941, "params": {"gamma": 125.49036906353517, "log10_alpha": -4.81875947361592, "log10_colsample_bytree": -0.08349410063494467, "log10_eta": -0.1499012606485075, "log10_lambda": 0.513204708675957, "log10_min_child_weight": 0.3790484876011252, "log10_subsample": -0.4687689179616016, "max_depth": 7.0, "num_boost_round": 19.0}, "datetime": {"datetime": "2024-01-19 00:56:30", "elapsed": 2698.132157, "delta": 0.002733}}
{"target": -15.481463395069987, "params": {"gamma": 125.49036906353517, "log10_alpha": -4.81875947361592, "log10_colsample_bytree": -0.08349410063494467, "log10_eta": -0.1499012606485075, "log10_lambda": 0.513204708675957, "log10_min_child_weight": 0.3790484876011252, "log10_subsample": -0.4687689179616016, "max_depth": 7.0, "num_boost_round": 20.0}, "datetime": {"datetime": "2024-01-19 00:56:30", "elapsed": 2698.134822, "delta": 0.002665}}
