{"target": -13.754179361438796, "params": {"gamma": 490.33755529027576, "log10_alpha": 0.19568974754847535, "log10_colsample_bytree": -0.9699775404904083, "log10_eta": -1.9059792570434988, "log10_lambda": 0.5842551102931637, "log10_min_child_weight": 2.2365061786654477, "log10_subsample": -0.8942374458863679, "max_depth": 8.0, "num_boost_round": 18.0}, "datetime": {"datetime": "2024-01-19 00:43:41", "elapsed": 1925.434037, "delta": 0.003054}}
{"target": -13.754033932813465, "params": {"gamma": 490.33755529027576, "log10_alpha": 0.19568974754847535, "log10_colsample_bytree": -0.9699775404904083, "log10_eta": -1.9059792570434988, "log10_lambda": 0.5842551102931637, "log10_min_child_weight": 2.2365061786654477, "log10_subsample": -0.8942374458863679, "max_depth": 8.0, "num_boost_round": 19.0}, "datetime": {"datetime": "2024-01-19 00:43:41", "elapsed": 1925.437088, "delta": 0.003051}}
{"target": -13.754047779941354, "params": {"gamma": 490.33755529027576, "log10_alpha": 0.19568974754847535, "log10_colsample_bytree": -0.9699775404904083, "log10_eta": -1.9059792570434988, "log10_lambda": 0.5842551102931637, "log10_min_child_weight": 2.2365061786654477, "log10_subsample": -0.8942374458863679, "max_depth": 8.0, "num_boost_round": 20.0}, "datetime": {"datetime": "2024-01-19 00:43:41", "elapsed": 1925.440104, "delta": 0.003016}}
{"target": -13.754125930101319, "params": {"gamma": 490.33755529027576, "log10_alpha": 0.19568974754847535, "log10_colsample_bytree": -0.9699775404904083, "log10_eta": -1.9059792570434988, "log10_lambda": 0.5842551102931637, "log10_min_child_weight": 2.2365061786654477, "log10_subsample": -0.8942374458863679, "max_depth": 8.0, "num_boost_round": 21.0}, "datetime": {"datetime": "2024-01-19 00:43:41", "elapsed": 1925.443322, "delta": 0.003218}}
{"target": -13.75401727320772, "params": {"gamma": 490.33755529027576, "log10_alpha": 0.19568974754847535, "log10_colsample_bytree": -0.9699775404904083, "log10_eta": -1.9059792570434988, "log10_lambda": 0.5842551102931637, "log10_min_child_weight": 2.2365061786654477, "log10_subsample": -0.8942374458863679, "max_depth": 8.0, "num_boost_round": 22.0}, "datetime": {"datetime": "2024-01-19 00:43:41", "elapsed": 1925.446416, "delta": 0.003094}}
{"target": -13.753689591380134, "params": {"gamma": 490.33755529027576, "log10_alpha": 0.19568974754847535, "log10_colsample_bytree": -0.9699775404904083, "log10_eta": -1.9059792570434988, "log10_lambda": 0.5842551102931637, "log10_min_child_weight": 2.2365061786654477, "log10_subsample": -0.8942374458863679, "max_depth": 8.0, "num_boost_round": 23.0}, "datetime": {"datetime": "2024-01-19 00:43:41", "elapsed": 1925.449511, "delta": 0.003095}}
{"target": -13.75358133868249, "params": {"gamma": 490.33755529027576, "log10_alpha": 0.19568974754847535, "log10_colsample_bytree": -0.9699775404904083, "log10_eta": -1.9059792570434988, "log10_lambda": 0.5842551102931637, "log10_min_child_weight": 2.2365061786654477, "log10_subsample": -0.8942374458863679, "max_depth": 8.0, "num_boost_round": 24.0}, "datetime": {"datetime": "2024-01-19 00:43:41", "elapsed": 1925.452581, "delta": 0.00307}}
{"target": -13.753454951435582, "params": {"gamma": 490.33755529027576, "log10_alpha": 0.19568974754847535, "log10_colsample_bytree": -0.9699775404904083, "log10_eta": -1.9059792570434988, "log10_lambda": 0.5842551102931637, "log10_min_child_weight": 2.2365061786654477, "log10_subsample": -0.8942374458863679, "max_depth": 8.0, "num_boost_round": 25.0}, "datetime": {"datetime": "2024-01-19 00:43:41", "elapsed": 1925.455667, "delta": 0.003086}}
{"target": -13.753516381345367, "params": {"gamma": 490.33755529027576, "log10_alpha": 0.19568974754847535, "log10_colsample_bytree": -0.9699775404904083, "log10_eta": -1.9059792570434988, "log10_lambda": 0.5842551102931637, "log10_min_child_weight": 2.2365061786654477, "log10_subsample": -0.8942374458863679, "max_depth": 8.0, "num_boost_round": 26.0}, "datetime": {"datetime": "2024-01-19 00:43:41", "elapsed": 1925.458741, "delta": 0.003074}}
{"target": -13.753206016870074, "params": {"gamma": 490.33755529027576, "log10_alpha": 0.19568974754847535, "log10_colsample_bytree": -0.9699775404904083, "log10_eta": -1.9059792570434988, "log10_lambda": 0.5842551102931637, "log10_min_child_weight": 2.2365061786654477, "log10_subsample": -0.8942374458863679, "max_depth": 8.0, "num_boost_round": 27.0}, "datetime": {"datetime": "2024-01-19 00:43:41", "elapsed": 1925.461817, "delta": 0.003076}}
{"target": -13.753215072064807, "params": {"gamma": 490.33755529027576, "log10_alpha": 0.19568974754847535, "log10_colsample_bytree": -0.9699775404904083, "log10_eta": -1.9059792570434988, "log10_lambda": 0.5842551102931637, "log10_min_child_weight": 2.2365061786654477, "log10_subsample": -0.8942374458863679, "max_depth": 8.0, "num_boost_round": 28.0}, "datetime": {"datetime": "2024-01-19 00:43:41", "elapsed": 1925.464923, "delta": 0.003106}}
{"target": -13.753382815343368, "params": {"gamma": 490.33755529027576, "log10_alpha": 0.19568974754847535, "log10_colsample_bytree": -0.9699775404904083, "log10_eta": -1.9059792570434988, "log10_lambda": 0.5842551102931637, "log10_min_child_weight": 2.2365061786654477, "log10_subsample": -0.8942374458863679, "max_depth": 8.0, "num_boost_round": 29.0}, "datetime": {"datetime": "2024-01-19 00:43:41", "elapsed": 1925.468065, "delta": 0.003142}}
{"target": -13.753337020279012, "params": {"gamma": 490.33755529027576, "log10_alpha": 0.19568974754847535, "log10_colsample_bytree": -0.9699775404904083, "log10_eta": -1.9059792570434988, "log10_lambda": 0.5842551102931637, "log10_min_child_weight": 2.2365061786654477, "log10_subsample": -0.8942374458863679, "max_depth": 8.0, "num_boost_round": 30.0}, "datetime": {"datetime": "2024-01-19 00:43:41", "elapsed": 1925.47114, "delta": 0.003075}}
{"target": -13.752832640994413, "params": {"gamma": 490.33755529027576, "log10_alpha": 0.19568974754847535, "log10_colsample_bytree": -0.9699775404904083, "log10_eta": -1.9059792570434988, "log10_lambda": 0.5842551102931637, "log10_min_child_weight": 2.2365061786654477, "log10_subsample": -0.8942374458863679, "max_depth": 8.0, "num_boost_round": 31.0}, "datetime": {"datetime": "2024-01-19 00:43:41", "elapsed": 1925.474173, "delta": 0.003033}}
{"target": -13.752964300511637, "params": {"gamma": 490.33755529027576, "log10_alpha": 0.19568974754847535, "log10_colsample_bytree": -0.9699775404904083, "log10_eta": -1.9059792570434988, "log10_lambda": 0.5842551102931637, "log10_min_child_weight": 2.2365061786654477, "log10_subsample": -0.8942374458863679, "max_depth": 8.0, "num_boost_round": 32.0}, "datetime": {"datetime": "2024-01-19 00:43:41", "elapsed": 1925.477203, "delta": 0.00303}}
{"target": -13.753089103005752, "params": {"gamma": 490.33755529027576, "log10_alpha": 0.19568974754847535, "log10_colsample_bytree": -0.9699775404904083, "log10_eta": -1.9059792570434988, "log10_lambda": 0.5842551102931637, "log10_min_child_weight": 2.2365061786654477, "log10_subsample": -0.8942374458863679, "max_depth": 8.0, "num_boost_round": 33.0}, "datetime": {"datetime": "2024-01-19 00:43:41", "elapsed": 1925.48026, "delta": 0.003057}}
{"target": -13.752839937151972, "params": {"gamma": 490.33755529027576, "log10_alpha": 0.19568974754847535, "log10_colsample_bytree": -0.9699775404904083, "log10_eta": -1.9059792570434988, "log10_lambda": 0.5842551102931637, "log10_min_child_weight": 2.2365061786654477, "log10_subsample": -0.8942374458863679, "max_depth": 8.0, "num_boost_round": 34.0}, "datetime": {"datetime": "2024-01-19 00:43:41", "elapsed": 1925.483334, "delta": 0.003074}}
{"target": -13.752623650660064, "params": {"gamma": 490.33755529027576, "log10_alpha": 0.19568974754847535, "log10_colsample_bytree": -0.9699775404904083, "log10_eta": -1.9059792570434988, "log10_lambda": 0.5842551102931637, "log10_min_child_weight": 2.2365061786654477, "log10_subsample": -0.8942374458863679, "max_depth": 8.0, "num_boost_round": 35.0}, "datetime": {"datetime": "2024-01-19 00:43:41", "elapsed": 1925.486386, "delta": 0.003052}}
{"target": -13.752723392649235, "params": {"gamma": 490.33755529027576, "log10_alpha": 0.19568974754847535, "log10_colsample_bytree": -0.9699775404904083, "log10_eta": -1.9059792570434988, "log10_lambda": 0.5842551102931637, "log10_min_child_weight": 2.2365061786654477, "log10_subsample": -0.8942374458863679, "max_depth": 8.0, "num_boost_round": 36.0}, "datetime": {"datetime": "2024-01-19 00:43:41", "elapsed": 1925.48947, "delta": 0.003084}}
{"target": -13.752759610650747, "params": {"gamma": 490.33755529027576, "log10_alpha": 0.19568974754847535, "log10_colsample_bytree": -0.9699775404904083, "log10_eta": -1.9059792570434988, "log10_lambda": 0.5842551102931637, "log10_min_child_weight": 2.2365061786654477, "log10_subsample": -0.8942374458863679, "max_depth": 8.0, "num_boost_round": 37.0}, "datetime": {"datetime": "2024-01-19 00:43:41", "elapsed": 1925.492517, "delta": 0.003047}}
{"target": -13.752911056582947, "params": {"gamma": 490.33755529027576, "log10_alpha": 0.19568974754847535, "log10_colsample_bytree": -0.9699775404904083, "log10_eta": -1.9059792570434988, "log10_lambda": 0.5842551102931637, "log10_min_child_weight": 2.2365061786654477, "log10_subsample": -0.8942374458863679, "max_depth": 8.0, "num_boost_round": 38.0}, "datetime": {"datetime": "2024-01-19 00:43:41", "elapsed": 1925.495576, "delta": 0.003059}}
{"target": -13.752927771237967, "params": {"gamma": 490.33755529027576, "log10_alpha": 0.19568974754847535, "log10_colsample_bytree": -0.9699775404904083, "log10_eta": -1.9059792570434988, "log10_lambda": 0.5842551102931637, "log10_min_child_weight": 2.2365061786654477, "log10_subsample": -0.8942374458863679, "max_depth": 8.0, "num_boost_round": 39.0}, "datetime": {"datetime": "2024-01-19 00:43:41", "elapsed": 1925.498635, "delta": 0.003059}}
{"target": -13.75853716555264, "params": {"gamma": 442.3876341113182, "log10_alpha": 0.935814026933719, "log10_colsample_bytree": -0.2943207356535372, "log10_eta": -3.665679323531481, "log10_lambda": 0.9186366299756417, "log10_min_child_weight": 1.028566850418962, "log10_subsample": -0.2016789246908004, "max_depth": 4.0, "num_boost_round": 0.0}, "datetime": {"datetime": "2024-01-19 00:44:44", "elapsed": 1988.978341, "delta": 63.479706}}
{"target": -13.758532317198476, "params": {"gamma": 442.3876341113182, "log10_alpha": 0.935814026933719, "log10_colsample_bytree": -0.2943207356535372, "log10_eta": -3.665679323531481, "log10_lambda": 0.9186366299756417, "log10_min_child_weight": 1.028566850418962, "log10_subsample": -0.2016789246908004, "max_depth": 4.0, "num_boost_round": 1.0}, "datetime": {"datetime": "2024-01-19 00:44:44", "elapsed": 1988.981835, "delta": 0.003494}}
{"target": -13.758533976833482, "params": {"gamma": 442.3876341113182, "log10_alpha": 0.935814026933719, "log10_colsample_bytree": -0.2943207356535372, "log10_eta": -3.665679323531481, "log10_lambda": 0.9186366299756417, "log10_min_child_weight": 1.028566850418962, "log10_subsample": -0.2016789246908004, "max_depth": 4.0, "num_boost_round": 2.0}, "datetime": {"datetime": "2024-01-19 00:44:44", "elapsed": 1988.985144, "delta": 0.003309}}
{"target": -13.758535999922191, "params": {"gamma": 442.3876341113182, "log10_alpha": 0.935814026933719, "log10_colsample_bytree": -0.2943207356535372, "log10_eta": -3.665679323531481, "log10_lambda": 0.9186366299756417, "log10_min_child_weight": 1.028566850418962, "log10_subsample": -0.2016789246908004, "max_depth": 4.0, "num_boost_round": 3.0}, "datetime": {"datetime": "2024-01-19 00:44:45", "elapsed": 1988.988305, "delta": 0.003161}}
{"target": -13.758532464456838, "params": {"gamma": 442.3876341113182, "log10_alpha": 0.935814026933719, "log10_colsample_bytree": -0.2943207356535372, "log10_eta": -3.665679323531481, "log10_lambda": 0.9186366299756417, "log10_min_child_weight": 1.028566850418962, "log10_subsample": -0.2016789246908004, "max_depth": 4.0, "num_boost_round": 4.0}, "datetime": {"datetime": "2024-01-19 00:44:45", "elapsed": 1988.991439, "delta": 0.003134}}
{"target": -13.758525253946601, "params": {"gamma": 442.3876341113182, "log10_alpha": 0.935814026933719, "log10_colsample_bytree": -0.2943207356535372, "log10_eta": -3.665679323531481, "log10_lambda": 0.9186366299756417, "log10_min_child_weight": 1.028566850418962, "log10_subsample": -0.2016789246908004, "max_depth": 4.0, "num_boost_round": 5.0}, "datetime": {"datetime": "2024-01-19 00:44:45", "elapsed": 1988.994547, "delta": 0.003108}}
{"target": -13.758521896474477, "params": {"gamma": 442.3876341113182, "log10_alpha": 0.935814026933719, "log10_colsample_bytree": -0.2943207356535372, "log10_eta": -3.665679323531481, "log10_lambda": 0.9186366299756417, "log10_min_child_weight": 1.028566850418962, "log10_subsample": -0.2016789246908004, "max_depth": 4.0, "num_boost_round": 6.0}, "datetime": {"datetime": "2024-01-19 00:44:45", "elapsed": 1988.997755, "delta": 0.003208}}
{"target": -13.758518665590902, "params": {"gamma": 442.3876341113182, "log10_alpha": 0.935814026933719, "log10_colsample_bytree": -0.2943207356535372, "log10_eta": -3.665679323531481, "log10_lambda": 0.9186366299756417, "log10_min_child_weight": 1.028566850418962, "log10_subsample": -0.2016789246908004, "max_depth": 4.0, "num_boost_round": 7.0}, "datetime": {"datetime": "2024-01-19 00:44:45", "elapsed": 1989.000976, "delta": 0.003221}}
{"target": -13.758515148079114, "params": {"gamma": 442.3876341113182, "log10_alpha": 0.935814026933719, "log10_colsample_bytree": -0.2943207356535372, "log10_eta": -3.665679323531481, "log10_lambda": 0.9186366299756417, "log10_min_child_weight": 1.028566850418962, "log10_subsample": -0.2016789246908004, "max_depth": 4.0, "num_boost_round": 8.0}, "datetime": {"datetime": "2024-01-19 00:44:45", "elapsed": 1989.004125, "delta": 0.003149}}
{"target": -13.75851360374203, "params": {"gamma": 442.3876341113182, "log10_alpha": 0.935814026933719, "log10_colsample_bytree": -0.2943207356535372, "log10_eta": -3.665679323531481, "log10_lambda": 0.9186366299756417, "log10_min_child_weight": 1.028566850418962, "log10_subsample": -0.2016789246908004, "max_depth": 4.0, "num_boost_round": 9.0}, "datetime": {"datetime": "2024-01-19 00:44:45", "elapsed": 1989.007319, "delta": 0.003194}}
{"target": -13.758506688195675, "params": {"gamma": 442.3876341113182, "log10_alpha": 0.935814026933719, "log10_colsample_bytree": -0.2943207356535372, "log10_eta": -3.665679323531481, "log10_lambda": 0.9186366299756417, "log10_min_child_weight": 1.028566850418962, "log10_subsample": -0.2016789246908004, "max_depth": 4.0, "num_boost_round": 10.0}, "datetime": {"datetime": "2024-01-19 00:44:45", "elapsed": 1989.010578, "delta": 0.003259}}
{"target": -13.758504082877442, "params": {"gamma": 442.3876341113182, "log10_alpha": 0.935814026933719, "log10_colsample_bytree": -0.2943207356535372, "log10_eta": -3.665679323531481, "log10_lambda": 0.9186366299756417, "log10_min_child_weight": 1.028566850418962, "log10_subsample": -0.2016789246908004, "max_depth": 4.0, "num_boost_round": 11.0}, "datetime": {"datetime": "2024-01-19 00:44:45", "elapsed": 1989.013745, "delta": 0.003167}}
{"target": -13.758502153765031, "params": {"gamma": 442.3876341113182, "log10_alpha": 0.935814026933719, "log10_colsample_bytree": -0.2943207356535372, "log10_eta": -3.665679323531481, "log10_lambda": 0.9186366299756417, "log10_min_child_weight": 1.028566850418962, "log10_subsample": -0.2016789246908004, "max_depth": 4.0, "num_boost_round": 12.0}, "datetime": {"datetime": "2024-01-19 00:44:45", "elapsed": 1989.016893, "delta": 0.003148}}
{"target": -13.75849905380247, "params": {"gamma": 442.3876341113182, "log10_alpha": 0.935814026933719, "log10_colsample_bytree": -0.2943207356535372, "log10_eta": -3.665679323531481, "log10_lambda": 0.9186366299756417, "log10_min_child_weight": 1.028566850418962, "log10_subsample": -0.2016789246908004, "max_depth": 4.0, "num_boost_round": 13.0}, "datetime": {"datetime": "2024-01-19 00:44:45", "elapsed": 1989.020131, "delta": 0.003238}}
{"target": -13.758494939869143, "params": {"gamma": 442.3876341113182, "log10_alpha": 0.935814026933719, "log10_colsample_bytree": -0.2943207356535372, "log10_eta": -3.665679323531481, "log10_lambda": 0.9186366299756417, "log10_min_child_weight": 1.028566850418962, "log10_subsample": -0.2016789246908004, "max_depth": 4.0, "num_boost_round": 14.0}, "datetime": {"datetime": "2024-01-19 00:44:45", "elapsed": 1989.023233, "delta": 0.003102}}
{"target": -13.758485317650871, "params": {"gamma": 442.3876341113182, "log10_alpha": 0.935814026933719, "log10_colsample_bytree": -0.2943207356535372, "log10_eta": -3.665679323531481, "log10_lambda": 0.9186366299756417, "log10_min_child_weight": 1.028566850418962, "log10_subsample": -0.2016789246908004, "max_depth": 4.0, "num_boost_round": 15.0}, "datetime": {"datetime": "2024-01-19 00:44:45", "elapsed": 1989.0264, "delta": 0.003167}}
{"target": -13.758480435923007, "params": {"gamma": 442.3876341113182, "log10_alpha": 0.935814026933719, "log10_colsample_bytree": -0.2943207356535372, "log10_eta": -3.665679323531481, "log10_lambda": 0.9186366299756417, "log10_min_child_weight": 1.028566850418962, "log10_subsample": -0.2016789246908004, "max_depth": 4.0, "num_boost_round": 16.0}, "datetime": {"datetime": "2024-01-19 00:44:45", "elapsed": 1989.02951, "delta": 0.00311}}
{"target": -13.758480134124234, "params": {"gamma": 442.3876341113182, "log10_alpha": 0.935814026933719, "log10_colsample_bytree": -0.2943207356535372, "log10_eta": -3.665679323531481, "log10_lambda": 0.9186366299756417, "log10_min_child_weight": 1.028566850418962, "log10_subsample": -0.2016789246908004, "max_depth": 4.0, "num_boost_round": 17.0}, "datetime": {"datetime": "2024-01-19 00:44:45", "elapsed": 1989.032628, "delta": 0.003118}}
{"target": -13.758478057449983, "params": {"gamma": 442.3876341113182, "log10_alpha": 0.935814026933719, "log10_colsample_bytree": -0.2943207356535372, "log10_eta": -3.665679323531481, "log10_lambda": 0.9186366299756417, "log10_min_child_weight": 1.028566850418962, "log10_subsample": -0.2016789246908004, "max_depth": 4.0, "num_boost_round": 18.0}, "datetime": {"datetime": "2024-01-19 00:44:45", "elapsed": 1989.035753, "delta": 0.003125}}
{"target": -13.758475342308076, "params": {"gamma": 442.3876341113182, "log10_alpha": 0.935814026933719, "log10_colsample_bytree": -0.2943207356535372, "log10_eta": -3.665679323531481, "log10_lambda": 0.9186366299756417, "log10_min_child_weight": 1.028566850418962, "log10_subsample": -0.2016789246908004, "max_depth": 4.0, "num_boost_round": 19.0}, "datetime": {"datetime": "2024-01-19 00:44:45", "elapsed": 1989.038898, "delta": 0.003145}}
{"target": -13.75847026438605, "params": {"gamma": 442.3876341113182, "log10_alpha": 0.935814026933719, "log10_colsample_bytree": -0.2943207356535372, "log10_eta": -3.665679323531481, "log10_lambda": 0.9186366299756417, "log10_min_child_weight": 1.028566850418962, "log10_subsample": -0.2016789246908004, "max_depth": 4.0, "num_boost_round": 20.0}, "datetime": {"datetime": "2024-01-19 00:44:45", "elapsed": 1989.042002, "delta": 0.003104}}
{"target": -13.758469664455374, "params": {"gamma": 442.3876341113182, "log10_alpha": 0.935814026933719, "log10_colsample_bytree": -0.2943207356535372, "log10_eta": -3.665679323531481, "log10_lambda": 0.9186366299756417, "log10_min_child_weight": 1.028566850418962, "log10_subsample": -0.2016789246908004, "max_depth": 4.0, "num_boost_round": 21.0}, "datetime": {"datetime": "2024-01-19 00:44:45", "elapsed": 1989.045136, "delta": 0.003134}}
{"target": -13.758468096370272, "params": {"gamma": 442.3876341113182, "log10_alpha": 0.935814026933719, "log10_colsample_bytree": -0.2943207356535372, "log10_eta": -3.665679323531481, "log10_lambda": 0.9186366299756417, "log10_min_child_weight": 1.028566850418962, "log10_subsample": -0.2016789246908004, "max_depth": 4.0, "num_boost_round": 22.0}, "datetime": {"datetime": "2024-01-19 00:44:45", "elapsed": 1989.048285, "delta": 0.003149}}
{"target": -13.758463216964252, "params": {"gamma": 442.3876341113182, "log10_alpha": 0.935814026933719, "log10_colsample_bytree": -0.2943207356535372, "log10_eta": -3.665679323531481, "log10_lambda": 0.9186366299756417, "log10_min_child_weight": 1.028566850418962, "log10_subsample": -0.2016789246908004, "max_depth": 4.0, "num_boost_round": 23.0}, "datetime": {"datetime": "2024-01-19 00:44:45", "elapsed": 1989.051444, "delta": 0.003159}}
{"target": -13.758458773360298, "params": {"gamma": 442.3876341113182, "log10_alpha": 0.935814026933719, "log10_colsample_bytree": -0.2943207356535372, "log10_eta": -3.665679323531481, "log10_lambda": 0.9186366299756417, "log10_min_child_weight": 1.028566850418962, "log10_subsample": -0.2016789246908004, "max_depth": 4.0, "num_boost_round": 24.0}, "datetime": {"datetime": "2024-01-19 00:44:45", "elapsed": 1989.054619, "delta": 0.003175}}
{"target": -13.758456200790212, "params": {"gamma": 442.3876341113182, "log10_alpha": 0.935814026933719, "log10_colsample_bytree": -0.2943207356535372, "log10_eta": -3.665679323531481, "log10_lambda": 0.9186366299756417, "log10_min_child_weight": 1.028566850418962, "log10_subsample": -0.2016789246908004, "max_depth": 4.0, "num_boost_round": 25.0}, "datetime": {"datetime": "2024-01-19 00:44:45", "elapsed": 1989.057752, "delta": 0.003133}}
{"target": -13.75845313736431, "params": {"gamma": 442.3876341113182, "log10_alpha": 0.935814026933719, "log10_colsample_bytree": -0.2943207356535372, "log10_eta": -3.665679323531481, "log10_lambda": 0.9186366299756417, "log10_min_child_weight": 1.028566850418962, "log10_subsample": -0.2016789246908004, "max_depth": 4.0, "num_boost_round": 26.0}, "datetime": {"datetime": "2024-01-19 00:44:45", "elapsed": 1989.060955, "delta": 0.003203}}
