{"target": -13.758502342733362, "params": {"gamma": 438.11720498208683, "log10_alpha": -1.0722061326436734, "log10_colsample_bytree": -0.5752388061849834, "log10_eta": -3.644598141489614, "log10_lambda": -4.164604432557178, "log10_min_child_weight": 3.5597971300382585, "log10_subsample": -0.8987627222506333, "max_depth": 7.0, "num_boost_round": 20.0}, "datetime": {"datetime": "2024-01-19 02:02:14", "elapsed": 6637.694252, "delta": 0.006296}}
{"target": -13.758504361870278, "params": {"gamma": 438.11720498208683, "log10_alpha": -1.0722061326436734, "log10_colsample_bytree": -0.5752388061849834, "log10_eta": -3.644598141489614, "log10_lambda": -4.164604432557178, "log10_min_child_weight": 3.5597971300382585, "log10_subsample": -0.8987627222506333, "max_depth": 7.0, "num_boost_round": 21.0}, "datetime": {"datetime": "2024-01-19 02:02:14", "elapsed": 6637.700523, "delta": 0.006271}}
{"target": -13.758505065321318, "params": {"gamma": 438.11720498208683, "log10_alpha": -1.0722061326436734, "log10_colsample_bytree": -0.5752388061849834, "log10_eta": -3.644598141489614, "log10_lambda": -4.164604432557178, "log10_min_child_weight": 3.5597971300382585, "log10_subsample": -0.8987627222506333, "max_depth": 7.0, "num_boost_round": 22.0}, "datetime": {"datetime": "2024-01-19 02:02:14", "elapsed": 6637.706729, "delta": 0.006206}}
{"target": -13.758503625910018, "params": {"gamma": 438.11720498208683, "log10_alpha": -1.0722061326436734, "log10_colsample_bytree": -0.5752388061849834, "log10_eta": -3.644598141489614, "log10_lambda": -4.164604432557178, "log10_min_child_weight": 3.5597971300382585, "log10_subsample": -0.8987627222506333, "max_depth": 7.0, "num_boost_round": 23.0}, "datetime": {"datetime": "2024-01-19 02:02:14", "elapsed": 6637.712905, "delta": 0.006176}}
{"target": -13.758502432285411, "params": {"gamma": 438.11720498208683, "log10_alpha": -1.0722061326436734, "log10_colsample_bytree": -0.5752388061849834, "log10_eta": -3.644598141489614, "log10_lambda": -4.164604432557178, "log10_min_child_weight": 3.5597971300382585, "log10_subsample": -0.8987627222506333, "max_depth": 7.0, "num_boost_round": 24.0}, "datetime": {"datetime": "2024-01-19 02:02:14", "elapsed": 6637.719089, "delta": 0.006184}}
{"target": -13.758502493076092, "params": {"gamma": 438.11720498208683, "log10_alpha": -1.0722061326436734, "log10_colsample_bytree": -0.5752388061849834, "log10_eta": -3.644598141489614, "log10_lambda": -4.164604432557178, "log10_min_child_weight": 3.5597971300382585, "log10_subsample": -0.8987627222506333, "max_depth": 7.0, "num_boost_round": 25.0}, "datetime": {"datetime": "2024-01-19 02:02:14", "elapsed": 6637.725289, "delta": 0.0062}}
{"target": -13.758503769159699, "params": {"gamma": 438.11720498208683, "log10_alpha": -1.0722061326436734, "log10_colsample_bytree": -0.5752388061849834, "log10_eta": -3.644598141489614, "log10_lambda": -4.164604432557178, "log10_min_child_weight": 3.5597971300382585, "log10_subsample": -0.8987627222506333, "max_depth": 7.0, "num_boost_round": 26.0}, "datetime": {"datetime": "2024-01-19 02:02:14", "elapsed": 6637.731547, "delta": 0.006258}}
{"target": -13.758500672675058, "params": {"gamma": 438.11720498208683, "log10_alpha": -1.0722061326436734, "log10_colsample_bytree": -0.5752388061849834, "log10_eta": -3.644598141489614, "log10_lambda": -4.164604432557178, "log10_min_child_weight": 3.5597971300382585, "log10_subsample": -0.8987627222506333, "max_depth": 7.0, "num_boost_round": 27.0}, "datetime": {"datetime": "2024-01-19 02:02:14", "elapsed": 6637.73774, "delta": 0.006193}}
{"target": -13.758496079871094, "params": {"gamma": 438.11720498208683, "log10_alpha": -1.0722061326436734, "log10_colsample_bytree": -0.5752388061849834, "log10_eta": -3.644598141489614, "log10_lambda": -4.164604432557178, "log10_min_child_weight": 3.5597971300382585, "log10_subsample": -0.8987627222506333, "max_depth": 7.0, "num_boost_round": 28.0}, "datetime": {"datetime": "2024-01-19 02:02:14", "elapsed": 6637.744421, "delta": 0.006681}}
{"target": -13.758492956562751, "params": {"gamma": 438.11720498208683, "log10_alpha": -1.0722061326436734, "log10_colsample_bytree": -0.5752388061849834, "log10_eta": -3.644598141489614, "log10_lambda": -4.164604432557178, "log10_min_child_weight": 3.5597971300382585, "log10_subsample": -0.8987627222506333, "max_depth": 7.0, "num_boost_round": 29.0}, "datetime": {"datetime": "2024-01-19 02:02:14", "elapsed": 6637.750776, "delta": 0.006355}}
{"target": -13.75848757039066, "params": {"gamma": 438.11720498208683, "log10_alpha": -1.0722061326436734, "log10_colsample_bytree": -0.5752388061849834, "log10_eta": -3.644598141489614, "log10_lambda": -4.164604432557178, "log10_min_child_weight": 3.5597971300382585, "log10_subsample": -0.8987627222506333, "max_depth": 7.0, "num_boost_round": 30.0}, "datetime": {"datetime": "2024-01-19 02:02:14", "elapsed": 6637.757028, "delta": 0.006252}}
{"target": -13.758491134949406, "params": {"gamma": 438.11720498208683, "log10_alpha": -1.0722061326436734, "log10_colsample_bytree": -0.5752388061849834, "log10_eta": -3.644598141489614, "log10_lambda": -4.164604432557178, "log10_min_child_weight": 3.5597971300382585, "log10_subsample": -0.8987627222506333, "max_depth": 7.0, "num_boost_round": 31.0}, "datetime": {"datetime": "2024-01-19 02:02:14", "elapsed": 6637.767494, "delta": 0.010466}}
{"target": -13.758491453864517, "params": {"gamma": 438.11720498208683, "log10_alpha": -1.0722061326436734, "log10_colsample_bytree": -0.5752388061849834, "log10_eta": -3.644598141489614, "log10_lambda": -4.164604432557178, "log10_min_child_weight": 3.5597971300382585, "log10_subsample": -0.8987627222506333, "max_depth": 7.0, "num_boost_round": 32.0}, "datetime": {"datetime": "2024-01-19 02:02:14", "elapsed": 6637.773706, "delta": 0.006212}}
{"target": -13.758489041855084, "params": {"gamma": 438.11720498208683, "log10_alpha": -1.0722061326436734, "log10_colsample_bytree": -0.5752388061849834, "log10_eta": -3.644598141489614, "log10_lambda": -4.164604432557178, "log10_min_child_weight": 3.5597971300382585, "log10_subsample": -0.8987627222506333, "max_depth": 7.0, "num_boost_round": 33.0}, "datetime": {"datetime": "2024-01-19 02:02:14", "elapsed": 6637.779938, "delta": 0.006232}}
{"target": -13.758482358533763, "params": {"gamma": 438.11720498208683, "log10_alpha": -1.0722061326436734, "log10_colsample_bytree": -0.5752388061849834, "log10_eta": -3.644598141489614, "log10_lambda": -4.164604432557178, "log10_min_child_weight": 3.5597971300382585, "log10_subsample": -0.8987627222506333, "max_depth": 7.0, "num_boost_round": 34.0}, "datetime": {"datetime": "2024-01-19 02:02:14", "elapsed": 6637.786106, "delta": 0.006168}}
{"target": -13.758484469739969, "params": {"gamma": 438.11720498208683, "log10_alpha": -1.0722061326436734, "log10_colsample_bytree": -0.5752388061849834, "log10_eta": -3.644598141489614, "log10_lambda": -4.164604432557178, "log10_min_child_weight": 3.5597971300382585, "log10_subsample": -0.8987627222506333, "max_depth": 7.0, "num_boost_round": 35.0}, "datetime": {"datetime": "2024-01-19 02:02:14", "elapsed": 6637.792525, "delta": 0.006419}}
{"target": -13.758486408724105, "params": {"gamma": 438.11720498208683, "log10_alpha": -1.0722061326436734, "log10_colsample_bytree": -0.5752388061849834, "log10_eta": -3.644598141489614, "log10_lambda": -4.164604432557178, "log10_min_child_weight": 3.5597971300382585, "log10_subsample": -0.8987627222506333, "max_depth": 7.0, "num_boost_round": 36.0}, "datetime": {"datetime": "2024-01-19 02:02:14", "elapsed": 6637.799076, "delta": 0.006551}}
{"target": -13.758486339679406, "params": {"gamma": 438.11720498208683, "log10_alpha": -1.0722061326436734, "log10_colsample_bytree": -0.5752388061849834, "log10_eta": -3.644598141489614, "log10_lambda": -4.164604432557178, "log10_min_child_weight": 3.5597971300382585, "log10_subsample": -0.8987627222506333, "max_depth": 7.0, "num_boost_round": 37.0}, "datetime": {"datetime": "2024-01-19 02:02:14", "elapsed": 6637.805494, "delta": 0.006418}}
{"target": -13.758483041190145, "params": {"gamma": 438.11720498208683, "log10_alpha": -1.0722061326436734, "log10_colsample_bytree": -0.5752388061849834, "log10_eta": -3.644598141489614, "log10_lambda": -4.164604432557178, "log10_min_child_weight": 3.5597971300382585, "log10_subsample": -0.8987627222506333, "max_depth": 7.0, "num_boost_round": 38.0}, "datetime": {"datetime": "2024-01-19 02:02:14", "elapsed": 6637.811785, "delta": 0.006291}}
{"target": -13.75847827926074, "params": {"gamma": 438.11720498208683, "log10_alpha": -1.0722061326436734, "log10_colsample_bytree": -0.5752388061849834, "log10_eta": -3.644598141489614, "log10_lambda": -4.164604432557178, "log10_min_child_weight": 3.5597971300382585, "log10_subsample": -0.8987627222506333, "max_depth": 7.0, "num_boost_round": 39.0}, "datetime": {"datetime": "2024-01-19 02:02:14", "elapsed": 6637.818081, "delta": 0.006296}}
{"target": -13.758477552130742, "params": {"gamma": 438.11720498208683, "log10_alpha": -1.0722061326436734, "log10_colsample_bytree": -0.5752388061849834, "log10_eta": -3.644598141489614, "log10_lambda": -4.164604432557178, "log10_min_child_weight": 3.5597971300382585, "log10_subsample": -0.8987627222506333, "max_depth": 7.0, "num_boost_round": 40.0}, "datetime": {"datetime": "2024-01-19 02:02:14", "elapsed": 6637.824368, "delta": 0.006287}}
{"target": -13.75847965546566, "params": {"gamma": 438.11720498208683, "log10_alpha": -1.0722061326436734, "log10_colsample_bytree": -0.5752388061849834, "log10_eta": -3.644598141489614, "log10_lambda": -4.164604432557178, "log10_min_child_weight": 3.5597971300382585, "log10_subsample": -0.8987627222506333, "max_depth": 7.0, "num_boost_round": 41.0}, "datetime": {"datetime": "2024-01-19 02:02:14", "elapsed": 6637.83066, "delta": 0.006292}}
{"target": -13.75848176355941, "params": {"gamma": 438.11720498208683, "log10_alpha": -1.0722061326436734, "log10_colsample_bytree": -0.5752388061849834, "log10_eta": -3.644598141489614, "log10_lambda": -4.164604432557178, "log10_min_child_weight": 3.5597971300382585, "log10_subsample": -0.8987627222506333, "max_depth": 7.0, "num_boost_round": 42.0}, "datetime": {"datetime": "2024-01-19 02:02:14", "elapsed": 6637.836954, "delta": 0.006294}}
{"target": -13.758484784077915, "params": {"gamma": 438.11720498208683, "log10_alpha": -1.0722061326436734, "log10_colsample_bytree": -0.5752388061849834, "log10_eta": -3.644598141489614, "log10_lambda": -4.164604432557178, "log10_min_child_weight": 3.5597971300382585, "log10_subsample": -0.8987627222506333, "max_depth": 7.0, "num_boost_round": 43.0}, "datetime": {"datetime": "2024-01-19 02:02:14", "elapsed": 6637.843214, "delta": 0.00626}}
{"target": -13.758485297696629, "params": {"gamma": 438.11720498208683, "log10_alpha": -1.0722061326436734, "log10_colsample_bytree": -0.5752388061849834, "log10_eta": -3.644598141489614, "log10_lambda": -4.164604432557178, "log10_min_child_weight": 3.5597971300382585, "log10_subsample": -0.8987627222506333, "max_depth": 7.0, "num_boost_round": 44.0}, "datetime": {"datetime": "2024-01-19 02:02:14", "elapsed": 6637.849501, "delta": 0.006287}}
{"target": -13.758482896117933, "params": {"gamma": 438.11720498208683, "log10_alpha": -1.0722061326436734, "log10_colsample_bytree": -0.5752388061849834, "log10_eta": -3.644598141489614, "log10_lambda": -4.164604432557178, "log10_min_child_weight": 3.5597971300382585, "log10_subsample": -0.8987627222506333, "max_depth": 7.0, "num_boost_round": 45.0}, "datetime": {"datetime": "2024-01-19 02:02:14", "elapsed": 6637.855848, "delta": 0.006347}}
{"target": -13.75848120118424, "params": {"gamma": 438.11720498208683, "log10_alpha": -1.0722061326436734, "log10_colsample_bytree": -0.5752388061849834, "log10_eta": -3.644598141489614, "log10_lambda": -4.164604432557178, "log10_min_child_weight": 3.5597971300382585, "log10_subsample": -0.8987627222506333, "max_depth": 7.0, "num_boost_round": 46.0}, "datetime": {"datetime": "2024-01-19 02:02:14", "elapsed": 6637.862427, "delta": 0.006579}}
{"target": -13.758481523811149, "params": {"gamma": 438.11720498208683, "log10_alpha": -1.0722061326436734, "log10_colsample_bytree": -0.5752388061849834, "log10_eta": -3.644598141489614, "log10_lambda": -4.164604432557178, "log10_min_child_weight": 3.5597971300382585, "log10_subsample": -0.8987627222506333, "max_depth": 7.0, "num_boost_round": 47.0}, "datetime": {"datetime": "2024-01-19 02:02:14", "elapsed": 6637.868898, "delta": 0.006471}}
{"target": -13.758480970205214, "params": {"gamma": 438.11720498208683, "log10_alpha": -1.0722061326436734, "log10_colsample_bytree": -0.5752388061849834, "log10_eta": -3.644598141489614, "log10_lambda": -4.164604432557178, "log10_min_child_weight": 3.5597971300382585, "log10_subsample": -0.8987627222506333, "max_depth": 7.0, "num_boost_round": 48.0}, "datetime": {"datetime": "2024-01-19 02:02:14", "elapsed": 6637.875119, "delta": 0.006221}}
{"target": -13.758481085560113, "params": {"gamma": 438.11720498208683, "log10_alpha": -1.0722061326436734, "log10_colsample_bytree": -0.5752388061849834, "log10_eta": -3.644598141489614, "log10_lambda": -4.164604432557178, "log10_min_child_weight": 3.5597971300382585, "log10_subsample": -0.8987627222506333, "max_depth": 7.0, "num_boost_round": 49.0}, "datetime": {"datetime": "2024-01-19 02:02:14", "elapsed": 6637.881355, "delta": 0.006236}}
{"target": -13.75848360415614, "params": {"gamma": 438.11720498208683, "log10_alpha": -1.0722061326436734, "log10_colsample_bytree": -0.5752388061849834, "log10_eta": -3.644598141489614, "log10_lambda": -4.164604432557178, "log10_min_child_weight": 3.5597971300382585, "log10_subsample": -0.8987627222506333, "max_depth": 7.0, "num_boost_round": 50.0}, "datetime": {"datetime": "2024-01-19 02:02:14", "elapsed": 6637.887559, "delta": 0.006204}}
{"target": -13.758484252497365, "params": {"gamma": 438.11720498208683, "log10_alpha": -1.0722061326436734, "log10_colsample_bytree": -0.5752388061849834, "log10_eta": -3.644598141489614, "log10_lambda": -4.164604432557178, "log10_min_child_weight": 3.5597971300382585, "log10_subsample": -0.8987627222506333, "max_depth": 7.0, "num_boost_round": 51.0}, "datetime": {"datetime": "2024-01-19 02:02:14", "elapsed": 6637.894084, "delta": 0.006525}}
{"target": -13.758483236195298, "params": {"gamma": 438.11720498208683, "log10_alpha": -1.0722061326436734, "log10_colsample_bytree": -0.5752388061849834, "log10_eta": -3.644598141489614, "log10_lambda": -4.164604432557178, "log10_min_child_weight": 3.5597971300382585, "log10_subsample": -0.8987627222506333, "max_depth": 7.0, "num_boost_round": 52.0}, "datetime": {"datetime": "2024-01-19 02:02:14", "elapsed": 6637.900547, "delta": 0.006463}}
{"target": -13.758483249682365, "params": {"gamma": 438.11720498208683, "log10_alpha": -1.0722061326436734, "log10_colsample_bytree": -0.5752388061849834, "log10_eta": -3.644598141489614, "log10_lambda": -4.164604432557178, "log10_min_child_weight": 3.5597971300382585, "log10_subsample": -0.8987627222506333, "max_depth": 7.0, "num_boost_round": 53.0}, "datetime": {"datetime": "2024-01-19 02:02:14", "elapsed": 6637.907059, "delta": 0.006512}}
{"target": -13.758480327773357, "params": {"gamma": 438.11720498208683, "log10_alpha": -1.0722061326436734, "log10_colsample_bytree": -0.5752388061849834, "log10_eta": -3.644598141489614, "log10_lambda": -4.164604432557178, "log10_min_child_weight": 3.5597971300382585, "log10_subsample": -0.8987627222506333, "max_depth": 7.0, "num_boost_round": 54.0}, "datetime": {"datetime": "2024-01-19 02:02:14", "elapsed": 6637.913696, "delta": 0.006637}}
{"target": -13.75848115056788, "params": {"gamma": 438.11720498208683, "log10_alpha": -1.0722061326436734, "log10_colsample_bytree": -0.5752388061849834, "log10_eta": -3.644598141489614, "log10_lambda": -4.164604432557178, "log10_min_child_weight": 3.5597971300382585, "log10_subsample": -0.8987627222506333, "max_depth": 7.0, "num_boost_round": 55.0}, "datetime": {"datetime": "2024-01-19 02:02:14", "elapsed": 6637.91991, "delta": 0.006214}}
{"target": -13.758477328603211, "params": {"gamma": 438.11720498208683, "log10_alpha": -1.0722061326436734, "log10_colsample_bytree": -0.5752388061849834, "log10_eta": -3.644598141489614, "log10_lambda": -4.164604432557178, "log10_min_child_weight": 3.5597971300382585, "log10_subsample": -0.8987627222506333, "max_depth": 7.0, "num_boost_round": 56.0}, "datetime": {"datetime": "2024-01-19 02:02:14", "elapsed": 6637.926125, "delta": 0.006215}}
{"target": -13.758476985654536, "params": {"gamma": 438.11720498208683, "log10_alpha": -1.0722061326436734, "log10_colsample_bytree": -0.5752388061849834, "log10_eta": -3.644598141489614, "log10_lambda": -4.164604432557178, "log10_min_child_weight": 3.5597971300382585, "log10_subsample": -0.8987627222506333, "max_depth": 7.0, "num_boost_round": 57.0}, "datetime": {"datetime": "2024-01-19 02:02:14", "elapsed": 6637.932463, "delta": 0.006338}}
{"target": -13.758473218331932, "params": {"gamma": 438.11720498208683, "log10_alpha": -1.0722061326436734, "log10_colsample_bytree": -0.5752388061849834, "log10_eta": -3.644598141489614, "log10_lambda": -4.164604432557178, "log10_min_child_weight": 3.5597971300382585, "log10_subsample": -0.8987627222506333, "max_depth": 7.0, "num_boost_round": 58.0}, "datetime": {"datetime": "2024-01-19 02:02:14", "elapsed": 6637.93867, "delta": 0.006207}}
{"target": -13.758472462050477, "params": {"gamma": 438.11720498208683, "log10_alpha": -1.0722061326436734, "log10_colsample_bytree": -0.5752388061849834, "log10_eta": -3.644598141489614, "log10_lambda": -4.164604432557178, "log10_min_child_weight": 3.5597971300382585, "log10_subsample": -0.8987627222506333, "max_depth": 7.0, "num_boost_round": 59.0}, "datetime": {"datetime": "2024-01-19 02:02:14", "elapsed": 6637.944873, "delta": 0.006203}}
{"target": -13.758471869921173, "params": {"gamma": 438.11720498208683, "log10_alpha": -1.0722061326436734, "log10_colsample_bytree": -0.5752388061849834, "log10_eta": -3.644598141489614, "log10_lambda": -4.164604432557178, "log10_min_child_weight": 3.5597971300382585, "log10_subsample": -0.8987627222506333, "max_depth": 7.0, "num_boost_round": 60.0}, "datetime": {"datetime": "2024-01-19 02:02:14", "elapsed": 6637.951239, "delta": 0.006366}}
{"target": -13.758469176525749, "params": {"gamma": 438.11720498208683, "log10_alpha": -1.0722061326436734, "log10_colsample_bytree": -0.5752388061849834, "log10_eta": -3.644598141489614, "log10_lambda": -4.164604432557178, "log10_min_child_weight": 3.5597971300382585, "log10_subsample": -0.8987627222506333, "max_depth": 7.0, "num_boost_round": 61.0}, "datetime": {"datetime": "2024-01-19 02:02:14", "elapsed": 6637.957436, "delta": 0.006197}}
{"target": -13.758470817367462, "params": {"gamma": 438.11720498208683, "log10_alpha": -1.0722061326436734, "log10_colsample_bytree": -0.5752388061849834, "log10_eta": -3.644598141489614, "log10_lambda": -4.164604432557178, "log10_min_child_weight": 3.5597971300382585, "log10_subsample": -0.8987627222506333, "max_depth": 7.0, "num_boost_round": 62.0}, "datetime": {"datetime": "2024-01-19 02:02:14", "elapsed": 6637.963673, "delta": 0.006237}}
{"target": -13.758469454424878, "params": {"gamma": 438.11720498208683, "log10_alpha": -1.0722061326436734, "log10_colsample_bytree": -0.5752388061849834, "log10_eta": -3.644598141489614, "log10_lambda": -4.164604432557178, "log10_min_child_weight": 3.5597971300382585, "log10_subsample": -0.8987627222506333, "max_depth": 7.0, "num_boost_round": 63.0}, "datetime": {"datetime": "2024-01-19 02:02:14", "elapsed": 6637.969994, "delta": 0.006321}}
{"target": -13.758464232283835, "params": {"gamma": 438.11720498208683, "log10_alpha": -1.0722061326436734, "log10_colsample_bytree": -0.5752388061849834, "log10_eta": -3.644598141489614, "log10_lambda": -4.164604432557178, "log10_min_child_weight": 3.5597971300382585, "log10_subsample": -0.8987627222506333, "max_depth": 7.0, "num_boost_round": 64.0}, "datetime": {"datetime": "2024-01-19 02:02:14", "elapsed": 6637.976201, "delta": 0.006207}}
{"target": -13.758464684267173, "params": {"gamma": 438.11720498208683, "log10_alpha": -1.0722061326436734, "log10_colsample_bytree": -0.5752388061849834, "log10_eta": -3.644598141489614, "log10_lambda": -4.164604432557178, "log10_min_child_weight": 3.5597971300382585, "log10_subsample": -0.8987627222506333, "max_depth": 7.0, "num_boost_round": 65.0}, "datetime": {"datetime": "2024-01-19 02:02:14", "elapsed": 6637.982449, "delta": 0.006248}}
{"target": -13.75846175658899, "params": {"gamma": 438.11720498208683, "log10_alpha": -1.0722061326436734, "log10_colsample_bytree": -0.5752388061849834, "log10_eta": -3.644598141489614, "log10_lambda": -4.164604432557178, "log10_min_child_weight": 3.5597971300382585, "log10_subsample": -0.8987627222506333, "max_depth": 7.0, "num_boost_round": 66.0}, "datetime": {"datetime": "2024-01-19 02:02:14", "elapsed": 6637.988806, "delta": 0.006357}}
{"target": -13.758459834290534, "params": {"gamma": 438.11720498208683, "log10_alpha": -1.0722061326436734, "log10_colsample_bytree": -0.5752388061849834, "log10_eta": -3.644598141489614, "log10_lambda": -4.164604432557178, "log10_min_child_weight": 3.5597971300382585, "log10_subsample": -0.8987627222506333, "max_depth": 7.0, "num_boost_round": 67.0}, "datetime": {"datetime": "2024-01-19 02:02:14", "elapsed": 6637.995313, "delta": 0.006507}}
{"target": -13.758457746076122, "params": {"gamma": 438.11720498208683, "log10_alpha": -1.0722061326436734, "log10_colsample_bytree": -0.5752388061849834, "log10_eta": -3.644598141489614, "log10_lambda": -4.164604432557178, "log10_min_child_weight": 3.5597971300382585, "log10_subsample": -0.8987627222506333, "max_depth": 7.0, "num_boost_round": 68.0}, "datetime": {"datetime": "2024-01-19 02:02:14", "elapsed": 6638.001725, "delta": 0.006412}}
