{"target": -17.677057488214473, "params": {"gamma": 20.920688169733246, "log10_alpha": -2.9417863471055266, "log10_colsample_bytree": -0.19962345424966077, "log10_eta": -3.6270866866385227, "log10_lambda": -1.0843035912822856, "log10_min_child_weight": 1.54958112876117, "log10_subsample": -0.9532611029377958, "max_depth": 9.0, "num_boost_round": 22.0}, "datetime": {"datetime": "2024-01-19 00:31:05", "elapsed": 1219.210923, "delta": 0.001505}}
{"target": -17.677049889181074, "params": {"gamma": 20.920688169733246, "log10_alpha": -2.9417863471055266, "log10_colsample_bytree": -0.19962345424966077, "log10_eta": -3.6270866866385227, "log10_lambda": -1.0843035912822856, "log10_min_child_weight": 1.54958112876117, "log10_subsample": -0.9532611029377958, "max_depth": 9.0, "num_boost_round": 23.0}, "datetime": {"datetime": "2024-01-19 00:31:05", "elapsed": 1219.212536, "delta": 0.001613}}
{"target": -17.677027991213258, "params": {"gamma": 20.920688169733246, "log10_alpha": -2.9417863471055266, "log10_colsample_bytree": -0.19962345424966077, "log10_eta": -3.6270866866385227, "log10_lambda": -1.0843035912822856, "log10_min_child_weight": 1.54958112876117, "log10_subsample": -0.9532611029377958, "max_depth": 9.0, "num_boost_round": 24.0}, "datetime": {"datetime": "2024-01-19 00:31:05", "elapsed": 1219.214066, "delta": 0.00153}}
{"target": -17.676996853441548, "params": {"gamma": 20.920688169733246, "log10_alpha": -2.9417863471055266, "log10_colsample_bytree": -0.19962345424966077, "log10_eta": -3.6270866866385227, "log10_lambda": -1.0843035912822856, "log10_min_child_weight": 1.54958112876117, "log10_subsample": -0.9532611029377958, "max_depth": 9.0, "num_boost_round": 25.0}, "datetime": {"datetime": "2024-01-19 00:31:05", "elapsed": 1219.215697, "delta": 0.001631}}
{"target": -17.676993061464326, "params": {"gamma": 20.920688169733246, "log10_alpha": -2.9417863471055266, "log10_colsample_bytree": -0.19962345424966077, "log10_eta": -3.6270866866385227, "log10_lambda": -1.0843035912822856, "log10_min_child_weight": 1.54958112876117, "log10_subsample": -0.9532611029377958, "max_depth": 9.0, "num_boost_round": 26.0}, "datetime": {"datetime": "2024-01-19 00:31:05", "elapsed": 1219.217413, "delta": 0.001716}}
{"target": -17.67699832769739, "params": {"gamma": 20.920688169733246, "log10_alpha": -2.9417863471055266, "log10_colsample_bytree": -0.19962345424966077, "log10_eta": -3.6270866866385227, "log10_lambda": -1.0843035912822856, "log10_min_child_weight": 1.54958112876117, "log10_subsample": -0.9532611029377958, "max_depth": 9.0, "num_boost_round": 27.0}, "datetime": {"datetime": "2024-01-19 00:31:05", "elapsed": 1219.218944, "delta": 0.001531}}
{"target": -17.677014919500312, "params": {"gamma": 20.920688169733246, "log10_alpha": -2.9417863471055266, "log10_colsample_bytree": -0.19962345424966077, "log10_eta": -3.6270866866385227, "log10_lambda": -1.0843035912822856, "log10_min_child_weight": 1.54958112876117, "log10_subsample": -0.9532611029377958, "max_depth": 9.0, "num_boost_round": 28.0}, "datetime": {"datetime": "2024-01-19 00:31:05", "elapsed": 1219.220466, "delta": 0.001522}}
{"target": -17.67700460835827, "params": {"gamma": 20.920688169733246, "log10_alpha": -2.9417863471055266, "log10_colsample_bytree": -0.19962345424966077, "log10_eta": -3.6270866866385227, "log10_lambda": -1.0843035912822856, "log10_min_child_weight": 1.54958112876117, "log10_subsample": -0.9532611029377958, "max_depth": 9.0, "num_boost_round": 29.0}, "datetime": {"datetime": "2024-01-19 00:31:05", "elapsed": 1219.222082, "delta": 0.001616}}
{"target": -17.6770130632579, "params": {"gamma": 20.920688169733246, "log10_alpha": -2.9417863471055266, "log10_colsample_bytree": -0.19962345424966077, "log10_eta": -3.6270866866385227, "log10_lambda": -1.0843035912822856, "log10_min_child_weight": 1.54958112876117, "log10_subsample": -0.9532611029377958, "max_depth": 9.0, "num_boost_round": 30.0}, "datetime": {"datetime": "2024-01-19 00:31:05", "elapsed": 1219.223604, "delta": 0.001522}}
{"target": -17.677002161293217, "params": {"gamma": 20.920688169733246, "log10_alpha": -2.9417863471055266, "log10_colsample_bytree": -0.19962345424966077, "log10_eta": -3.6270866866385227, "log10_lambda": -1.0843035912822856, "log10_min_child_weight": 1.54958112876117, "log10_subsample": -0.9532611029377958, "max_depth": 9.0, "num_boost_round": 31.0}, "datetime": {"datetime": "2024-01-19 00:31:05", "elapsed": 1219.225116, "delta": 0.001512}}
{"target": -17.676989508629713, "params": {"gamma": 20.920688169733246, "log10_alpha": -2.9417863471055266, "log10_colsample_bytree": -0.19962345424966077, "log10_eta": -3.6270866866385227, "log10_lambda": -1.0843035912822856, "log10_min_child_weight": 1.54958112876117, "log10_subsample": -0.9532611029377958, "max_depth": 9.0, "num_boost_round": 32.0}, "datetime": {"datetime": "2024-01-19 00:31:05", "elapsed": 1219.226737, "delta": 0.001621}}
{"target": -17.676975146590525, "params": {"gamma": 20.920688169733246, "log10_alpha": -2.9417863471055266, "log10_colsample_bytree": -0.19962345424966077, "log10_eta": -3.6270866866385227, "log10_lambda": -1.0843035912822856, "log10_min_child_weight": 1.54958112876117, "log10_subsample": -0.9532611029377958, "max_depth": 9.0, "num_boost_round": 33.0}, "datetime": {"datetime": "2024-01-19 00:31:05", "elapsed": 1219.228278, "delta": 0.001541}}
{"target": -17.67694579509099, "params": {"gamma": 20.920688169733246, "log10_alpha": -2.9417863471055266, "log10_colsample_bytree": -0.19962345424966077, "log10_eta": -3.6270866866385227, "log10_lambda": -1.0843035912822856, "log10_min_child_weight": 1.54958112876117, "log10_subsample": -0.9532611029377958, "max_depth": 9.0, "num_boost_round": 34.0}, "datetime": {"datetime": "2024-01-19 00:31:05", "elapsed": 1219.229851, "delta": 0.001573}}
{"target": -17.676936923618797, "params": {"gamma": 20.920688169733246, "log10_alpha": -2.9417863471055266, "log10_colsample_bytree": -0.19962345424966077, "log10_eta": -3.6270866866385227, "log10_lambda": -1.0843035912822856, "log10_min_child_weight": 1.54958112876117, "log10_subsample": -0.9532611029377958, "max_depth": 9.0, "num_boost_round": 35.0}, "datetime": {"datetime": "2024-01-19 00:31:05", "elapsed": 1219.2315, "delta": 0.001649}}
{"target": -17.67691313596786, "params": {"gamma": 20.920688169733246, "log10_alpha": -2.9417863471055266, "log10_colsample_bytree": -0.19962345424966077, "log10_eta": -3.6270866866385227, "log10_lambda": -1.0843035912822856, "log10_min_child_weight": 1.54958112876117, "log10_subsample": -0.9532611029377958, "max_depth": 9.0, "num_boost_round": 36.0}, "datetime": {"datetime": "2024-01-19 00:31:05", "elapsed": 1219.233019, "delta": 0.001519}}
{"target": -17.676899650003875, "params": {"gamma": 20.920688169733246, "log10_alpha": -2.9417863471055266, "log10_colsample_bytree": -0.19962345424966077, "log10_eta": -3.6270866866385227, "log10_lambda": -1.0843035912822856, "log10_min_child_weight": 1.54958112876117, "log10_subsample": -0.9532611029377958, "max_depth": 9.0, "num_boost_round": 37.0}, "datetime": {"datetime": "2024-01-19 00:31:05", "elapsed": 1219.234575, "delta": 0.001556}}
{"target": -17.67689121170903, "params": {"gamma": 20.920688169733246, "log10_alpha": -2.9417863471055266, "log10_colsample_bytree": -0.19962345424966077, "log10_eta": -3.6270866866385227, "log10_lambda": -1.0843035912822856, "log10_min_child_weight": 1.54958112876117, "log10_subsample": -0.9532611029377958, "max_depth": 9.0, "num_boost_round": 38.0}, "datetime": {"datetime": "2024-01-19 00:31:05", "elapsed": 1219.236138, "delta": 0.001563}}
{"target": -17.6768774436556, "params": {"gamma": 20.920688169733246, "log10_alpha": -2.9417863471055266, "log10_colsample_bytree": -0.19962345424966077, "log10_eta": -3.6270866866385227, "log10_lambda": -1.0843035912822856, "log10_min_child_weight": 1.54958112876117, "log10_subsample": -0.9532611029377958, "max_depth": 9.0, "num_boost_round": 39.0}, "datetime": {"datetime": "2024-01-19 00:31:05", "elapsed": 1219.23766, "delta": 0.001522}}
{"target": -17.676883501672137, "params": {"gamma": 20.920688169733246, "log10_alpha": -2.9417863471055266, "log10_colsample_bytree": -0.19962345424966077, "log10_eta": -3.6270866866385227, "log10_lambda": -1.0843035912822856, "log10_min_child_weight": 1.54958112876117, "log10_subsample": -0.9532611029377958, "max_depth": 9.0, "num_boost_round": 40.0}, "datetime": {"datetime": "2024-01-19 00:31:05", "elapsed": 1219.239217, "delta": 0.001557}}
{"target": -17.676878645383873, "params": {"gamma": 20.920688169733246, "log10_alpha": -2.9417863471055266, "log10_colsample_bytree": -0.19962345424966077, "log10_eta": -3.6270866866385227, "log10_lambda": -1.0843035912822856, "log10_min_child_weight": 1.54958112876117, "log10_subsample": -0.9532611029377958, "max_depth": 9.0, "num_boost_round": 41.0}, "datetime": {"datetime": "2024-01-19 00:31:05", "elapsed": 1219.240734, "delta": 0.001517}}
{"target": -17.67685077880248, "params": {"gamma": 20.920688169733246, "log10_alpha": -2.9417863471055266, "log10_colsample_bytree": -0.19962345424966077, "log10_eta": -3.6270866866385227, "log10_lambda": -1.0843035912822856, "log10_min_child_weight": 1.54958112876117, "log10_subsample": -0.9532611029377958, "max_depth": 9.0, "num_boost_round": 42.0}, "datetime": {"datetime": "2024-01-19 00:31:05", "elapsed": 1219.242252, "delta": 0.001518}}
{"target": -17.676830526233964, "params": {"gamma": 20.920688169733246, "log10_alpha": -2.9417863471055266, "log10_colsample_bytree": -0.19962345424966077, "log10_eta": -3.6270866866385227, "log10_lambda": -1.0843035912822856, "log10_min_child_weight": 1.54958112876117, "log10_subsample": -0.9532611029377958, "max_depth": 9.0, "num_boost_round": 43.0}, "datetime": {"datetime": "2024-01-19 00:31:05", "elapsed": 1219.243833, "delta": 0.001581}}
{"target": -17.676829526306037, "params": {"gamma": 20.920688169733246, "log10_alpha": -2.9417863471055266, "log10_colsample_bytree": -0.19962345424966077, "log10_eta": -3.6270866866385227, "log10_lambda": -1.0843035912822856, "log10_min_child_weight": 1.54958112876117, "log10_subsample": -0.9532611029377958, "max_depth": 9.0, "num_boost_round": 44.0}, "datetime": {"datetime": "2024-01-19 00:31:05", "elapsed": 1219.245384, "delta": 0.001551}}
{"target": -17.676826558484763, "params": {"gamma": 20.920688169733246, "log10_alpha": -2.9417863471055266, "log10_colsample_bytree": -0.19962345424966077, "log10_eta": -3.6270866866385227, "log10_lambda": -1.0843035912822856, "log10_min_child_weight": 1.54958112876117, "log10_subsample": -0.9532611029377958, "max_depth": 9.0, "num_boost_round": 45.0}, "datetime": {"datetime": "2024-01-19 00:31:05", "elapsed": 1219.246989, "delta": 0.001605}}
{"target": -17.676821745289992, "params": {"gamma": 20.920688169733246, "log10_alpha": -2.9417863471055266, "log10_colsample_bytree": -0.19962345424966077, "log10_eta": -3.6270866866385227, "log10_lambda": -1.0843035912822856, "log10_min_child_weight": 1.54958112876117, "log10_subsample": -0.9532611029377958, "max_depth": 9.0, "num_boost_round": 46.0}, "datetime": {"datetime": "2024-01-19 00:31:05", "elapsed": 1219.248635, "delta": 0.001646}}
{"target": -17.6771554395457, "params": {"gamma": 24.625079048864254, "log10_alpha": 1.0, "log10_colsample_bytree": -1.0, "log10_eta": 0.0, "log10_lambda": 1.0, "log10_min_child_weight": 5.0, "log10_subsample": -1.0, "max_depth": 10.0, "num_boost_round": 0.0}, "datetime": {"datetime": "2024-01-19 00:31:28", "elapsed": 1241.928002, "delta": 22.679367}}
{"target": -17.677168363939174, "params": {"gamma": 24.625079048864254, "log10_alpha": 1.0, "log10_colsample_bytree": -1.0, "log10_eta": 0.0, "log10_lambda": 1.0, "log10_min_child_weight": 5.0, "log10_subsample": -1.0, "max_depth": 10.0, "num_boost_round": 1.0}, "datetime": {"datetime": "2024-01-19 00:31:28", "elapsed": 1241.929806, "delta": 0.001804}}
{"target": -17.677188076025065, "params": {"gamma": 24.625079048864254, "log10_alpha": 1.0, "log10_colsample_bytree": -1.0, "log10_eta": 0.0, "log10_lambda": 1.0, "log10_min_child_weight": 5.0, "log10_subsample": -1.0, "max_depth": 10.0, "num_boost_round": 2.0}, "datetime": {"datetime": "2024-01-19 00:31:28", "elapsed": 1241.931777, "delta": 0.001971}}
{"target": -17.677265110608428, "params": {"gamma": 24.625079048864254, "log10_alpha": 1.0, "log10_colsample_bytree": -1.0, "log10_eta": 0.0, "log10_lambda": 1.0, "log10_min_child_weight": 5.0, "log10_subsample": -1.0, "max_depth": 10.0, "num_boost_round": 3.0}, "datetime": {"datetime": "2024-01-19 00:31:28", "elapsed": 1241.93336, "delta": 0.001583}}
{"target": -17.67719333066581, "params": {"gamma": 24.625079048864254, "log10_alpha": 1.0, "log10_colsample_bytree": -1.0, "log10_eta": 0.0, "log10_lambda": 1.0, "log10_min_child_weight": 5.0, "log10_subsample": -1.0, "max_depth": 10.0, "num_boost_round": 4.0}, "datetime": {"datetime": "2024-01-19 00:31:28", "elapsed": 1241.934934, "delta": 0.001574}}
{"target": -17.67710512363052, "params": {"gamma": 24.625079048864254, "log10_alpha": 1.0, "log10_colsample_bytree": -1.0, "log10_eta": 0.0, "log10_lambda": 1.0, "log10_min_child_weight": 5.0, "log10_subsample": -1.0, "max_depth": 10.0, "num_boost_round": 5.0}, "datetime": {"datetime": "2024-01-19 00:31:28", "elapsed": 1241.937343, "delta": 0.002409}}
{"target": -17.6770954219505, "params": {"gamma": 24.625079048864254, "log10_alpha": 1.0, "log10_colsample_bytree": -1.0, "log10_eta": 0.0, "log10_lambda": 1.0, "log10_min_child_weight": 5.0, "log10_subsample": -1.0, "max_depth": 10.0, "num_boost_round": 6.0}, "datetime": {"datetime": "2024-01-19 00:31:28", "elapsed": 1241.939317, "delta": 0.001974}}
{"target": -17.677095932243063, "params": {"gamma": 24.625079048864254, "log10_alpha": 1.0, "log10_colsample_bytree": -1.0, "log10_eta": 0.0, "log10_lambda": 1.0, "log10_min_child_weight": 5.0, "log10_subsample": -1.0, "max_depth": 10.0, "num_boost_round": 7.0}, "datetime": {"datetime": "2024-01-19 00:31:28", "elapsed": 1241.940874, "delta": 0.001557}}
{"target": -17.677137220594982, "params": {"gamma": 24.625079048864254, "log10_alpha": 1.0, "log10_colsample_bytree": -1.0, "log10_eta": 0.0, "log10_lambda": 1.0, "log10_min_child_weight": 5.0, "log10_subsample": -1.0, "max_depth": 10.0, "num_boost_round": 8.0}, "datetime": {"datetime": "2024-01-19 00:31:28", "elapsed": 1241.94244, "delta": 0.001566}}
{"target": -17.677094175856663, "params": {"gamma": 24.625079048864254, "log10_alpha": 1.0, "log10_colsample_bytree": -1.0, "log10_eta": 0.0, "log10_lambda": 1.0, "log10_min_child_weight": 5.0, "log10_subsample": -1.0, "max_depth": 10.0, "num_boost_round": 9.0}, "datetime": {"datetime": "2024-01-19 00:31:28", "elapsed": 1241.943957, "delta": 0.001517}}
{"target": -17.67722529152725, "params": {"gamma": 28.649295142378794, "log10_alpha": 0.5009921549314464, "log10_colsample_bytree": -0.3593799872438562, "log10_eta": -3.7341298926890896, "log10_lambda": -0.5024751648721413, "log10_min_child_weight": 3.7566279992603087, "log10_subsample": -0.07456125036915795, "max_depth": 4.0, "num_boost_round": 0.0}, "datetime": {"datetime": "2024-01-19 00:32:07", "elapsed": 1280.741123, "delta": 38.797166}}
{"target": -17.677216597872324, "params": {"gamma": 28.649295142378794, "log10_alpha": 0.5009921549314464, "log10_colsample_bytree": -0.3593799872438562, "log10_eta": -3.7341298926890896, "log10_lambda": -0.5024751648721413, "log10_min_child_weight": 3.7566279992603087, "log10_subsample": -0.07456125036915795, "max_depth": 4.0, "num_boost_round": 1.0}, "datetime": {"datetime": "2024-01-19 00:32:07", "elapsed": 1280.742839, "delta": 0.001716}}
{"target": -17.6772120396472, "params": {"gamma": 28.649295142378794, "log10_alpha": 0.5009921549314464, "log10_colsample_bytree": -0.3593799872438562, "log10_eta": -3.7341298926890896, "log10_lambda": -0.5024751648721413, "log10_min_child_weight": 3.7566279992603087, "log10_subsample": -0.07456125036915795, "max_depth": 4.0, "num_boost_round": 2.0}, "datetime": {"datetime": "2024-01-19 00:32:07", "elapsed": 1280.744833, "delta": 0.001994}}
{"target": -17.67721191773617, "params": {"gamma": 28.649295142378794, "log10_alpha": 0.5009921549314464, "log10_colsample_bytree": -0.3593799872438562, "log10_eta": -3.7341298926890896, "log10_lambda": -0.5024751648721413, "log10_min_child_weight": 3.7566279992603087, "log10_subsample": -0.07456125036915795, "max_depth": 4.0, "num_boost_round": 3.0}, "datetime": {"datetime": "2024-01-19 00:32:07", "elapsed": 1280.746451, "delta": 0.001618}}
{"target": -17.677206255307922, "params": {"gamma": 28.649295142378794, "log10_alpha": 0.5009921549314464, "log10_colsample_bytree": -0.3593799872438562, "log10_eta": -3.7341298926890896, "log10_lambda": -0.5024751648721413, "log10_min_child_weight": 3.7566279992603087, "log10_subsample": -0.07456125036915795, "max_depth": 4.0, "num_boost_round": 4.0}, "datetime": {"datetime": "2024-01-19 00:32:07", "elapsed": 1280.747956, "delta": 0.001505}}
{"target": -17.677202934461956, "params": {"gamma": 28.649295142378794, "log10_alpha": 0.5009921549314464, "log10_colsample_bytree": -0.3593799872438562, "log10_eta": -3.7341298926890896, "log10_lambda": -0.5024751648721413, "log10_min_child_weight": 3.7566279992603087, "log10_subsample": -0.07456125036915795, "max_depth": 4.0, "num_boost_round": 5.0}, "datetime": {"datetime": "2024-01-19 00:32:07", "elapsed": 1280.749471, "delta": 0.001515}}
{"target": -17.677199758743072, "params": {"gamma": 28.649295142378794, "log10_alpha": 0.5009921549314464, "log10_colsample_bytree": -0.3593799872438562, "log10_eta": -3.7341298926890896, "log10_lambda": -0.5024751648721413, "log10_min_child_weight": 3.7566279992603087, "log10_subsample": -0.07456125036915795, "max_depth": 4.0, "num_boost_round": 6.0}, "datetime": {"datetime": "2024-01-19 00:32:07", "elapsed": 1280.750932, "delta": 0.001461}}
{"target": -17.677192348858032, "params": {"gamma": 28.649295142378794, "log10_alpha": 0.5009921549314464, "log10_colsample_bytree": -0.3593799872438562, "log10_eta": -3.7341298926890896, "log10_lambda": -0.5024751648721413, "log10_min_child_weight": 3.7566279992603087, "log10_subsample": -0.07456125036915795, "max_depth": 4.0, "num_boost_round": 7.0}, "datetime": {"datetime": "2024-01-19 00:32:07", "elapsed": 1280.752458, "delta": 0.001526}}
{"target": -17.67718801034689, "params": {"gamma": 28.649295142378794, "log10_alpha": 0.5009921549314464, "log10_colsample_bytree": -0.3593799872438562, "log10_eta": -3.7341298926890896, "log10_lambda": -0.5024751648721413, "log10_min_child_weight": 3.7566279992603087, "log10_subsample": -0.07456125036915795, "max_depth": 4.0, "num_boost_round": 8.0}, "datetime": {"datetime": "2024-01-19 00:32:07", "elapsed": 1280.753941, "delta": 0.001483}}
{"target": -17.677185305801924, "params": {"gamma": 28.649295142378794, "log10_alpha": 0.5009921549314464, "log10_colsample_bytree": -0.3593799872438562, "log10_eta": -3.7341298926890896, "log10_lambda": -0.5024751648721413, "log10_min_child_weight": 3.7566279992603087, "log10_subsample": -0.07456125036915795, "max_depth": 4.0, "num_boost_round": 9.0}, "datetime": {"datetime": "2024-01-19 00:32:07", "elapsed": 1280.755475, "delta": 0.001534}}
{"target": -17.67717991494931, "params": {"gamma": 28.649295142378794, "log10_alpha": 0.5009921549314464, "log10_colsample_bytree": -0.3593799872438562, "log10_eta": -3.7341298926890896, "log10_lambda": -0.5024751648721413, "log10_min_child_weight": 3.7566279992603087, "log10_subsample": -0.07456125036915795, "max_depth": 4.0, "num_boost_round": 10.0}, "datetime": {"datetime": "2024-01-19 00:32:07", "elapsed": 1280.756952, "delta": 0.001477}}
{"target": -17.677176257537873, "params": {"gamma": 28.649295142378794, "log10_alpha": 0.5009921549314464, "log10_colsample_bytree": -0.3593799872438562, "log10_eta": -3.7341298926890896, "log10_lambda": -0.5024751648721413, "log10_min_child_weight": 3.7566279992603087, "log10_subsample": -0.07456125036915795, "max_depth": 4.0, "num_boost_round": 11.0}, "datetime": {"datetime": "2024-01-19 00:32:07", "elapsed": 1280.758409, "delta": 0.001457}}
{"target": -17.677168708609702, "params": {"gamma": 28.649295142378794, "log10_alpha": 0.5009921549314464, "log10_colsample_bytree": -0.3593799872438562, "log10_eta": -3.7341298926890896, "log10_lambda": -0.5024751648721413, "log10_min_child_weight": 3.7566279992603087, "log10_subsample": -0.07456125036915795, "max_depth": 4.0, "num_boost_round": 12.0}, "datetime": {"datetime": "2024-01-19 00:32:07", "elapsed": 1280.75986, "delta": 0.001451}}
{"target": -17.677163724056584, "params": {"gamma": 28.649295142378794, "log10_alpha": 0.5009921549314464, "log10_colsample_bytree": -0.3593799872438562, "log10_eta": -3.7341298926890896, "log10_lambda": -0.5024751648721413, "log10_min_child_weight": 3.7566279992603087, "log10_subsample": -0.07456125036915795, "max_depth": 4.0, "num_boost_round": 13.0}, "datetime": {"datetime": "2024-01-19 00:32:07", "elapsed": 1280.761317, "delta": 0.001457}}
{"target": -17.677163784963863, "params": {"gamma": 28.649295142378794, "log10_alpha": 0.5009921549314464, "log10_colsample_bytree": -0.3593799872438562, "log10_eta": -3.7341298926890896, "log10_lambda": -0.5024751648721413, "log10_min_child_weight": 3.7566279992603087, "log10_subsample": -0.07456125036915795, "max_depth": 4.0, "num_boost_round": 14.0}, "datetime": {"datetime": "2024-01-19 00:32:07", "elapsed": 1280.762816, "delta": 0.001499}}
{"target": -17.677159383229096, "params": {"gamma": 28.649295142378794, "log10_alpha": 0.5009921549314464, "log10_colsample_bytree": -0.3593799872438562, "log10_eta": -3.7341298926890896, "log10_lambda": -0.5024751648721413, "log10_min_child_weight": 3.7566279992603087, "log10_subsample": -0.07456125036915795, "max_depth": 4.0, "num_boost_round": 15.0}, "datetime": {"datetime": "2024-01-19 00:32:07", "elapsed": 1280.764299, "delta": 0.001483}}
