{"target": -13.75722559968469, "params": {"gamma": 866.3874234045915, "log10_alpha": -0.49482407785542115, "log10_colsample_bytree": -0.34868274352579187, "log10_eta": -2.431086350909082, "log10_lambda": -1.1311585554570796, "log10_min_child_weight": 1.7082018859712984, "log10_subsample": -0.7094910146661985, "max_depth": 6.0, "num_boost_round": 21.0}, "datetime": {"datetime": "2024-01-19 00:22:30", "elapsed": 670.600723, "delta": 0.001004}}
{"target": -13.757146612847222, "params": {"gamma": 866.3874234045915, "log10_alpha": -0.49482407785542115, "log10_colsample_bytree": -0.34868274352579187, "log10_eta": -2.431086350909082, "log10_lambda": -1.1311585554570796, "log10_min_child_weight": 1.7082018859712984, "log10_subsample": -0.7094910146661985, "max_depth": 6.0, "num_boost_round": 22.0}, "datetime": {"datetime": "2024-01-19 00:22:30", "elapsed": 670.601716, "delta": 0.000993}}
{"target": -13.758535951654528, "params": {"gamma": 867.6573673857993, "log10_alpha": 0.22218896342052835, "log10_colsample_bytree": -0.3516706494246093, "log10_eta": -3.855872077586282, "log10_lambda": -1.7249656985054043, "log10_min_child_weight": 2.116920334537869, "log10_subsample": -0.15883879967520836, "max_depth": 8.0, "num_boost_round": 0.0}, "datetime": {"datetime": "2024-01-19 00:22:50", "elapsed": 690.986129, "delta": 20.384413}}
{"target": -13.758527477105197, "params": {"gamma": 867.6573673857993, "log10_alpha": 0.22218896342052835, "log10_colsample_bytree": -0.3516706494246093, "log10_eta": -3.855872077586282, "log10_lambda": -1.7249656985054043, "log10_min_child_weight": 2.116920334537869, "log10_subsample": -0.15883879967520836, "max_depth": 8.0, "num_boost_round": 1.0}, "datetime": {"datetime": "2024-01-19 00:22:50", "elapsed": 690.987755, "delta": 0.001626}}
{"target": -13.758520278021576, "params": {"gamma": 867.6573673857993, "log10_alpha": 0.22218896342052835, "log10_colsample_bytree": -0.3516706494246093, "log10_eta": -3.855872077586282, "log10_lambda": -1.7249656985054043, "log10_min_child_weight": 2.116920334537869, "log10_subsample": -0.15883879967520836, "max_depth": 8.0, "num_boost_round": 2.0}, "datetime": {"datetime": "2024-01-19 00:22:50", "elapsed": 690.988801, "delta": 0.001046}}
{"target": -13.75851440649285, "params": {"gamma": 867.6573673857993, "log10_alpha": 0.22218896342052835, "log10_colsample_bytree": -0.3516706494246093, "log10_eta": -3.855872077586282, "log10_lambda": -1.7249656985054043, "log10_min_child_weight": 2.116920334537869, "log10_subsample": -0.15883879967520836, "max_depth": 8.0, "num_boost_round": 3.0}, "datetime": {"datetime": "2024-01-19 00:22:50", "elapsed": 690.989794, "delta": 0.000993}}
{"target": -13.758510653514277, "params": {"gamma": 867.6573673857993, "log10_alpha": 0.22218896342052835, "log10_colsample_bytree": -0.3516706494246093, "log10_eta": -3.855872077586282, "log10_lambda": -1.7249656985054043, "log10_min_child_weight": 2.116920334537869, "log10_subsample": -0.15883879967520836, "max_depth": 8.0, "num_boost_round": 4.0}, "datetime": {"datetime": "2024-01-19 00:22:50", "elapsed": 690.990891, "delta": 0.001097}}
{"target": -13.75851037165375, "params": {"gamma": 867.6573673857993, "log10_alpha": 0.22218896342052835, "log10_colsample_bytree": -0.3516706494246093, "log10_eta": -3.855872077586282, "log10_lambda": -1.7249656985054043, "log10_min_child_weight": 2.116920334537869, "log10_subsample": -0.15883879967520836, "max_depth": 8.0, "num_boost_round": 5.0}, "datetime": {"datetime": "2024-01-19 00:22:50", "elapsed": 690.991888, "delta": 0.000997}}
{"target": -13.758508904117075, "params": {"gamma": 867.6573673857993, "log10_alpha": 0.22218896342052835, "log10_colsample_bytree": -0.3516706494246093, "log10_eta": -3.855872077586282, "log10_lambda": -1.7249656985054043, "log10_min_child_weight": 2.116920334537869, "log10_subsample": -0.15883879967520836, "max_depth": 8.0, "num_boost_round": 6.0}, "datetime": {"datetime": "2024-01-19 00:22:50", "elapsed": 690.992973, "delta": 0.001085}}
{"target": -13.758511204732507, "params": {"gamma": 867.6573673857993, "log10_alpha": 0.22218896342052835, "log10_colsample_bytree": -0.3516706494246093, "log10_eta": -3.855872077586282, "log10_lambda": -1.7249656985054043, "log10_min_child_weight": 2.116920334537869, "log10_subsample": -0.15883879967520836, "max_depth": 8.0, "num_boost_round": 7.0}, "datetime": {"datetime": "2024-01-19 00:22:50", "elapsed": 690.993951, "delta": 0.000978}}
{"target": -13.758505108121875, "params": {"gamma": 867.6573673857993, "log10_alpha": 0.22218896342052835, "log10_colsample_bytree": -0.3516706494246093, "log10_eta": -3.855872077586282, "log10_lambda": -1.7249656985054043, "log10_min_child_weight": 2.116920334537869, "log10_subsample": -0.15883879967520836, "max_depth": 8.0, "num_boost_round": 8.0}, "datetime": {"datetime": "2024-01-19 00:22:50", "elapsed": 690.994931, "delta": 0.00098}}
{"target": -13.758497562382535, "params": {"gamma": 867.6573673857993, "log10_alpha": 0.22218896342052835, "log10_colsample_bytree": -0.3516706494246093, "log10_eta": -3.855872077586282, "log10_lambda": -1.7249656985054043, "log10_min_child_weight": 2.116920334537869, "log10_subsample": -0.15883879967520836, "max_depth": 8.0, "num_boost_round": 9.0}, "datetime": {"datetime": "2024-01-19 00:22:50", "elapsed": 690.995974, "delta": 0.001043}}
{"target": -13.75835971851466, "params": {"gamma": 860.9069443096403, "log10_alpha": -0.41062855064577697, "log10_colsample_bytree": -0.02868976785942512, "log10_eta": -2.01020951807179, "log10_lambda": -0.05589480730125551, "log10_min_child_weight": 3.7732822732272813, "log10_subsample": -0.40982533909328367, "max_depth": 7.0, "num_boost_round": 0.0}, "datetime": {"datetime": "2024-01-19 00:23:10", "elapsed": 710.54084, "delta": 19.544866}}
{"target": -13.758320172876836, "params": {"gamma": 860.9069443096403, "log10_alpha": -0.41062855064577697, "log10_colsample_bytree": -0.02868976785942512, "log10_eta": -2.01020951807179, "log10_lambda": -0.05589480730125551, "log10_min_child_weight": 3.7732822732272813, "log10_subsample": -0.40982533909328367, "max_depth": 7.0, "num_boost_round": 1.0}, "datetime": {"datetime": "2024-01-19 00:23:10", "elapsed": 710.541978, "delta": 0.001138}}
{"target": -13.758202664708472, "params": {"gamma": 860.9069443096403, "log10_alpha": -0.41062855064577697, "log10_colsample_bytree": -0.02868976785942512, "log10_eta": -2.01020951807179, "log10_lambda": -0.05589480730125551, "log10_min_child_weight": 3.7732822732272813, "log10_subsample": -0.40982533909328367, "max_depth": 7.0, "num_boost_round": 2.0}, "datetime": {"datetime": "2024-01-19 00:23:10", "elapsed": 710.543493, "delta": 0.001515}}
{"target": -13.758048711558224, "params": {"gamma": 860.9069443096403, "log10_alpha": -0.41062855064577697, "log10_colsample_bytree": -0.02868976785942512, "log10_eta": -2.01020951807179, "log10_lambda": -0.05589480730125551, "log10_min_child_weight": 3.7732822732272813, "log10_subsample": -0.40982533909328367, "max_depth": 7.0, "num_boost_round": 3.0}, "datetime": {"datetime": "2024-01-19 00:23:10", "elapsed": 710.54449, "delta": 0.000997}}
{"target": -13.758022072914468, "params": {"gamma": 860.9069443096403, "log10_alpha": -0.41062855064577697, "log10_colsample_bytree": -0.02868976785942512, "log10_eta": -2.01020951807179, "log10_lambda": -0.05589480730125551, "log10_min_child_weight": 3.7732822732272813, "log10_subsample": -0.40982533909328367, "max_depth": 7.0, "num_boost_round": 4.0}, "datetime": {"datetime": "2024-01-19 00:23:10", "elapsed": 710.545619, "delta": 0.001129}}
{"target": -13.757929572430408, "params": {"gamma": 860.9069443096403, "log10_alpha": -0.41062855064577697, "log10_colsample_bytree": -0.02868976785942512, "log10_eta": -2.01020951807179, "log10_lambda": -0.05589480730125551, "log10_min_child_weight": 3.7732822732272813, "log10_subsample": -0.40982533909328367, "max_depth": 7.0, "num_boost_round": 5.0}, "datetime": {"datetime": "2024-01-19 00:23:10", "elapsed": 710.546625, "delta": 0.001006}}
{"target": -13.757831718153646, "params": {"gamma": 860.9069443096403, "log10_alpha": -0.41062855064577697, "log10_colsample_bytree": -0.02868976785942512, "log10_eta": -2.01020951807179, "log10_lambda": -0.05589480730125551, "log10_min_child_weight": 3.7732822732272813, "log10_subsample": -0.40982533909328367, "max_depth": 7.0, "num_boost_round": 6.0}, "datetime": {"datetime": "2024-01-19 00:23:10", "elapsed": 710.547617, "delta": 0.000992}}
{"target": -13.757582403164706, "params": {"gamma": 860.9069443096403, "log10_alpha": -0.41062855064577697, "log10_colsample_bytree": -0.02868976785942512, "log10_eta": -2.01020951807179, "log10_lambda": -0.05589480730125551, "log10_min_child_weight": 3.7732822732272813, "log10_subsample": -0.40982533909328367, "max_depth": 7.0, "num_boost_round": 7.0}, "datetime": {"datetime": "2024-01-19 00:23:10", "elapsed": 710.548599, "delta": 0.000982}}
{"target": -13.757608605552221, "params": {"gamma": 860.9069443096403, "log10_alpha": -0.41062855064577697, "log10_colsample_bytree": -0.02868976785942512, "log10_eta": -2.01020951807179, "log10_lambda": -0.05589480730125551, "log10_min_child_weight": 3.7732822732272813, "log10_subsample": -0.40982533909328367, "max_depth": 7.0, "num_boost_round": 8.0}, "datetime": {"datetime": "2024-01-19 00:23:10", "elapsed": 710.549662, "delta": 0.001063}}
{"target": -13.757614540442086, "params": {"gamma": 860.9069443096403, "log10_alpha": -0.41062855064577697, "log10_colsample_bytree": -0.02868976785942512, "log10_eta": -2.01020951807179, "log10_lambda": -0.05589480730125551, "log10_min_child_weight": 3.7732822732272813, "log10_subsample": -0.40982533909328367, "max_depth": 7.0, "num_boost_round": 9.0}, "datetime": {"datetime": "2024-01-19 00:23:10", "elapsed": 710.550901, "delta": 0.001239}}
{"target": -13.75757155043881, "params": {"gamma": 860.9069443096403, "log10_alpha": -0.41062855064577697, "log10_colsample_bytree": -0.02868976785942512, "log10_eta": -2.01020951807179, "log10_lambda": -0.05589480730125551, "log10_min_child_weight": 3.7732822732272813, "log10_subsample": -0.40982533909328367, "max_depth": 7.0, "num_boost_round": 10.0}, "datetime": {"datetime": "2024-01-19 00:23:10", "elapsed": 710.551924, "delta": 0.001023}}
{"target": -13.757525684910911, "params": {"gamma": 860.9069443096403, "log10_alpha": -0.41062855064577697, "log10_colsample_bytree": -0.02868976785942512, "log10_eta": -2.01020951807179, "log10_lambda": -0.05589480730125551, "log10_min_child_weight": 3.7732822732272813, "log10_subsample": -0.40982533909328367, "max_depth": 7.0, "num_boost_round": 11.0}, "datetime": {"datetime": "2024-01-19 00:23:10", "elapsed": 710.552992, "delta": 0.001068}}
{"target": -13.758556130170117, "params": {"gamma": 862.3247330557992, "log10_alpha": -4.449581047188945, "log10_colsample_bytree": -0.767700575306868, "log10_eta": -1.0691756434876014, "log10_lambda": -3.1894555260308133, "log10_min_child_weight": 4.283212934649707, "log10_subsample": -0.3976280809887459, "max_depth": 6.0, "num_boost_round": 0.0}, "datetime": {"datetime": "2024-01-19 00:23:31", "elapsed": 731.471838, "delta": 20.918846}}
{"target": -13.758967465363574, "params": {"gamma": 862.3247330557992, "log10_alpha": -4.449581047188945, "log10_colsample_bytree": -0.767700575306868, "log10_eta": -1.0691756434876014, "log10_lambda": -3.1894555260308133, "log10_min_child_weight": 4.283212934649707, "log10_subsample": -0.3976280809887459, "max_depth": 6.0, "num_boost_round": 1.0}, "datetime": {"datetime": "2024-01-19 00:23:31", "elapsed": 731.473479, "delta": 0.001641}}
{"target": -13.759724660350843, "params": {"gamma": 862.3247330557992, "log10_alpha": -4.449581047188945, "log10_colsample_bytree": -0.767700575306868, "log10_eta": -1.0691756434876014, "log10_lambda": -3.1894555260308133, "log10_min_child_weight": 4.283212934649707, "log10_subsample": -0.3976280809887459, "max_depth": 6.0, "num_boost_round": 2.0}, "datetime": {"datetime": "2024-01-19 00:23:31", "elapsed": 731.474626, "delta": 0.001147}}
{"target": -13.758932385883373, "params": {"gamma": 862.3247330557992, "log10_alpha": -4.449581047188945, "log10_colsample_bytree": -0.767700575306868, "log10_eta": -1.0691756434876014, "log10_lambda": -3.1894555260308133, "log10_min_child_weight": 4.283212934649707, "log10_subsample": -0.3976280809887459, "max_depth": 6.0, "num_boost_round": 3.0}, "datetime": {"datetime": "2024-01-19 00:23:31", "elapsed": 731.475766, "delta": 0.00114}}
{"target": -13.759539782685602, "params": {"gamma": 862.3247330557992, "log10_alpha": -4.449581047188945, "log10_colsample_bytree": -0.767700575306868, "log10_eta": -1.0691756434876014, "log10_lambda": -3.1894555260308133, "log10_min_child_weight": 4.283212934649707, "log10_subsample": -0.3976280809887459, "max_depth": 6.0, "num_boost_round": 4.0}, "datetime": {"datetime": "2024-01-19 00:23:31", "elapsed": 731.47722, "delta": 0.001454}}
{"target": -13.759979544632474, "params": {"gamma": 862.3247330557992, "log10_alpha": -4.449581047188945, "log10_colsample_bytree": -0.767700575306868, "log10_eta": -1.0691756434876014, "log10_lambda": -3.1894555260308133, "log10_min_child_weight": 4.283212934649707, "log10_subsample": -0.3976280809887459, "max_depth": 6.0, "num_boost_round": 5.0}, "datetime": {"datetime": "2024-01-19 00:23:31", "elapsed": 731.478326, "delta": 0.001106}}
{"target": -13.761432735925947, "params": {"gamma": 862.3247330557992, "log10_alpha": -4.449581047188945, "log10_colsample_bytree": -0.767700575306868, "log10_eta": -1.0691756434876014, "log10_lambda": -3.1894555260308133, "log10_min_child_weight": 4.283212934649707, "log10_subsample": -0.3976280809887459, "max_depth": 6.0, "num_boost_round": 6.0}, "datetime": {"datetime": "2024-01-19 00:23:31", "elapsed": 731.479653, "delta": 0.001327}}
{"target": -13.76164322718715, "params": {"gamma": 862.3247330557992, "log10_alpha": -4.449581047188945, "log10_colsample_bytree": -0.767700575306868, "log10_eta": -1.0691756434876014, "log10_lambda": -3.1894555260308133, "log10_min_child_weight": 4.283212934649707, "log10_subsample": -0.3976280809887459, "max_depth": 6.0, "num_boost_round": 7.0}, "datetime": {"datetime": "2024-01-19 00:23:31", "elapsed": 731.480761, "delta": 0.001108}}
{"target": -13.76283926063176, "params": {"gamma": 862.3247330557992, "log10_alpha": -4.449581047188945, "log10_colsample_bytree": -0.767700575306868, "log10_eta": -1.0691756434876014, "log10_lambda": -3.1894555260308133, "log10_min_child_weight": 4.283212934649707, "log10_subsample": -0.3976280809887459, "max_depth": 6.0, "num_boost_round": 8.0}, "datetime": {"datetime": "2024-01-19 00:23:31", "elapsed": 731.481786, "delta": 0.001025}}
{"target": -13.763724741427026, "params": {"gamma": 862.3247330557992, "log10_alpha": -4.449581047188945, "log10_colsample_bytree": -0.767700575306868, "log10_eta": -1.0691756434876014, "log10_lambda": -3.1894555260308133, "log10_min_child_weight": 4.283212934649707, "log10_subsample": -0.3976280809887459, "max_depth": 6.0, "num_boost_round": 9.0}, "datetime": {"datetime": "2024-01-19 00:23:31", "elapsed": 731.482786, "delta": 0.001}}
{"target": -13.763968247233104, "params": {"gamma": 862.3247330557992, "log10_alpha": -4.449581047188945, "log10_colsample_bytree": -0.767700575306868, "log10_eta": -1.0691756434876014, "log10_lambda": -3.1894555260308133, "log10_min_child_weight": 4.283212934649707, "log10_subsample": -0.3976280809887459, "max_depth": 6.0, "num_boost_round": 10.0}, "datetime": {"datetime": "2024-01-19 00:23:31", "elapsed": 731.483804, "delta": 0.001018}}
{"target": -13.764473122176282, "params": {"gamma": 862.3247330557992, "log10_alpha": -4.449581047188945, "log10_colsample_bytree": -0.767700575306868, "log10_eta": -1.0691756434876014, "log10_lambda": -3.1894555260308133, "log10_min_child_weight": 4.283212934649707, "log10_subsample": -0.3976280809887459, "max_depth": 6.0, "num_boost_round": 11.0}, "datetime": {"datetime": "2024-01-19 00:23:31", "elapsed": 731.484819, "delta": 0.001015}}
{"target": -13.76595970591109, "params": {"gamma": 862.3247330557992, "log10_alpha": -4.449581047188945, "log10_colsample_bytree": -0.767700575306868, "log10_eta": -1.0691756434876014, "log10_lambda": -3.1894555260308133, "log10_min_child_weight": 4.283212934649707, "log10_subsample": -0.3976280809887459, "max_depth": 6.0, "num_boost_round": 12.0}, "datetime": {"datetime": "2024-01-19 00:23:31", "elapsed": 731.485839, "delta": 0.00102}}
{"target": -13.765258542237362, "params": {"gamma": 862.3247330557992, "log10_alpha": -4.449581047188945, "log10_colsample_bytree": -0.767700575306868, "log10_eta": -1.0691756434876014, "log10_lambda": -3.1894555260308133, "log10_min_child_weight": 4.283212934649707, "log10_subsample": -0.3976280809887459, "max_depth": 6.0, "num_boost_round": 13.0}, "datetime": {"datetime": "2024-01-19 00:23:31", "elapsed": 731.486863, "delta": 0.001024}}
{"target": -13.765164118496497, "params": {"gamma": 862.3247330557992, "log10_alpha": -4.449581047188945, "log10_colsample_bytree": -0.767700575306868, "log10_eta": -1.0691756434876014, "log10_lambda": -3.1894555260308133, "log10_min_child_weight": 4.283212934649707, "log10_subsample": -0.3976280809887459, "max_depth": 6.0, "num_boost_round": 14.0}, "datetime": {"datetime": "2024-01-19 00:23:31", "elapsed": 731.487868, "delta": 0.001005}}
{"target": -13.75852967951019, "params": {"gamma": 863.7308959240638, "log10_alpha": -2.946773137751165, "log10_colsample_bytree": -0.6350878977661373, "log10_eta": -3.2506036406330003, "log10_lambda": 0.6385407171638686, "log10_min_child_weight": 0.9572173734556844, "log10_subsample": -0.7563891783711422, "max_depth": 6.0, "num_boost_round": 0.0}, "datetime": {"datetime": "2024-01-19 00:23:55", "elapsed": 755.225267, "delta": 23.737399}}
{"target": -13.758520292190727, "params": {"gamma": 863.7308959240638, "log10_alpha": -2.946773137751165, "log10_colsample_bytree": -0.6350878977661373, "log10_eta": -3.2506036406330003, "log10_lambda": 0.6385407171638686, "log10_min_child_weight": 0.9572173734556844, "log10_subsample": -0.7563891783711422, "max_depth": 6.0, "num_boost_round": 1.0}, "datetime": {"datetime": "2024-01-19 00:23:55", "elapsed": 755.226465, "delta": 0.001198}}
{"target": -13.758504954925955, "params": {"gamma": 863.7308959240638, "log10_alpha": -2.946773137751165, "log10_colsample_bytree": -0.6350878977661373, "log10_eta": -3.2506036406330003, "log10_lambda": 0.6385407171638686, "log10_min_child_weight": 0.9572173734556844, "log10_subsample": -0.7563891783711422, "max_depth": 6.0, "num_boost_round": 2.0}, "datetime": {"datetime": "2024-01-19 00:23:55", "elapsed": 755.227489, "delta": 0.001024}}
{"target": -13.758476480806925, "params": {"gamma": 863.7308959240638, "log10_alpha": -2.946773137751165, "log10_colsample_bytree": -0.6350878977661373, "log10_eta": -3.2506036406330003, "log10_lambda": 0.6385407171638686, "log10_min_child_weight": 0.9572173734556844, "log10_subsample": -0.7563891783711422, "max_depth": 6.0, "num_boost_round": 3.0}, "datetime": {"datetime": "2024-01-19 00:23:55", "elapsed": 755.228517, "delta": 0.001028}}
{"target": -13.758462396777247, "params": {"gamma": 863.7308959240638, "log10_alpha": -2.946773137751165, "log10_colsample_bytree": -0.6350878977661373, "log10_eta": -3.2506036406330003, "log10_lambda": 0.6385407171638686, "log10_min_child_weight": 0.9572173734556844, "log10_subsample": -0.7563891783711422, "max_depth": 6.0, "num_boost_round": 4.0}, "datetime": {"datetime": "2024-01-19 00:23:55", "elapsed": 755.229522, "delta": 0.001005}}
{"target": -13.758443069971648, "params": {"gamma": 863.7308959240638, "log10_alpha": -2.946773137751165, "log10_colsample_bytree": -0.6350878977661373, "log10_eta": -3.2506036406330003, "log10_lambda": 0.6385407171638686, "log10_min_child_weight": 0.9572173734556844, "log10_subsample": -0.7563891783711422, "max_depth": 6.0, "num_boost_round": 5.0}, "datetime": {"datetime": "2024-01-19 00:23:55", "elapsed": 755.230741, "delta": 0.001219}}
{"target": -13.75842946653134, "params": {"gamma": 863.7308959240638, "log10_alpha": -2.946773137751165, "log10_colsample_bytree": -0.6350878977661373, "log10_eta": -3.2506036406330003, "log10_lambda": 0.6385407171638686, "log10_min_child_weight": 0.9572173734556844, "log10_subsample": -0.7563891783711422, "max_depth": 6.0, "num_boost_round": 6.0}, "datetime": {"datetime": "2024-01-19 00:23:55", "elapsed": 755.232429, "delta": 0.001688}}
{"target": -13.758414522027708, "params": {"gamma": 863.7308959240638, "log10_alpha": -2.946773137751165, "log10_colsample_bytree": -0.6350878977661373, "log10_eta": -3.2506036406330003, "log10_lambda": 0.6385407171638686, "log10_min_child_weight": 0.9572173734556844, "log10_subsample": -0.7563891783711422, "max_depth": 6.0, "num_boost_round": 7.0}, "datetime": {"datetime": "2024-01-19 00:23:55", "elapsed": 755.233447, "delta": 0.001018}}
{"target": -13.758398396287127, "params": {"gamma": 863.7308959240638, "log10_alpha": -2.946773137751165, "log10_colsample_bytree": -0.6350878977661373, "log10_eta": -3.2506036406330003, "log10_lambda": 0.6385407171638686, "log10_min_child_weight": 0.9572173734556844, "log10_subsample": -0.7563891783711422, "max_depth": 6.0, "num_boost_round": 8.0}, "datetime": {"datetime": "2024-01-19 00:23:55", "elapsed": 755.234504, "delta": 0.001057}}
{"target": -13.758400833778643, "params": {"gamma": 863.7308959240638, "log10_alpha": -2.946773137751165, "log10_colsample_bytree": -0.6350878977661373, "log10_eta": -3.2506036406330003, "log10_lambda": 0.6385407171638686, "log10_min_child_weight": 0.9572173734556844, "log10_subsample": -0.7563891783711422, "max_depth": 6.0, "num_boost_round": 9.0}, "datetime": {"datetime": "2024-01-19 00:23:55", "elapsed": 755.235518, "delta": 0.001014}}
