{"target": -13.756911314018645, "params": {"gamma": 822.3325766713864, "log10_alpha": 0.9906507152837634, "log10_colsample_bytree": -0.5781751592658769, "log10_eta": -2.4787846678432555, "log10_lambda": 0.8475700448032786, "log10_min_child_weight": 2.800134578524609, "log10_subsample": -0.13103346906638813, "max_depth": 7.0, "num_boost_round": 40.0}, "datetime": {"datetime": "2024-01-19 01:44:33", "elapsed": 5577.555464, "delta": 0.005931}}
{"target": -13.758538264165916, "params": {"gamma": 882.4120244006499, "log10_alpha": 1.0, "log10_colsample_bytree": -0.7725810182128513, "log10_eta": -4.0, "log10_lambda": 0.754823436471789, "log10_min_child_weight": 4.307426698333179, "log10_subsample": -1.0, "max_depth": 3.0, "num_boost_round": 0.0}, "datetime": {"datetime": "2024-01-19 01:45:44", "elapsed": 5648.457201, "delta": 70.901737}}
{"target": -13.758537924622217, "params": {"gamma": 882.4120244006499, "log10_alpha": 1.0, "log10_colsample_bytree": -0.7725810182128513, "log10_eta": -4.0, "log10_lambda": 0.754823436471789, "log10_min_child_weight": 4.307426698333179, "log10_subsample": -1.0, "max_depth": 3.0, "num_boost_round": 1.0}, "datetime": {"datetime": "2024-01-19 01:45:44", "elapsed": 5648.464384, "delta": 0.007183}}
{"target": -13.758538073095883, "params": {"gamma": 882.4120244006499, "log10_alpha": 1.0, "log10_colsample_bytree": -0.7725810182128513, "log10_eta": -4.0, "log10_lambda": 0.754823436471789, "log10_min_child_weight": 4.307426698333179, "log10_subsample": -1.0, "max_depth": 3.0, "num_boost_round": 2.0}, "datetime": {"datetime": "2024-01-19 01:45:44", "elapsed": 5648.470569, "delta": 0.006185}}
{"target": -13.758537765855039, "params": {"gamma": 882.4120244006499, "log10_alpha": 1.0, "log10_colsample_bytree": -0.7725810182128513, "log10_eta": -4.0, "log10_lambda": 0.754823436471789, "log10_min_child_weight": 4.307426698333179, "log10_subsample": -1.0, "max_depth": 3.0, "num_boost_round": 3.0}, "datetime": {"datetime": "2024-01-19 01:45:44", "elapsed": 5648.476726, "delta": 0.006157}}
{"target": -13.758538160845069, "params": {"gamma": 882.4120244006499, "log10_alpha": 1.0, "log10_colsample_bytree": -0.7725810182128513, "log10_eta": -4.0, "log10_lambda": 0.754823436471789, "log10_min_child_weight": 4.307426698333179, "log10_subsample": -1.0, "max_depth": 3.0, "num_boost_round": 4.0}, "datetime": {"datetime": "2024-01-19 01:45:44", "elapsed": 5648.482798, "delta": 0.006072}}
{"target": -13.758538260381421, "params": {"gamma": 882.4120244006499, "log10_alpha": 1.0, "log10_colsample_bytree": -0.7725810182128513, "log10_eta": -4.0, "log10_lambda": 0.754823436471789, "log10_min_child_weight": 4.307426698333179, "log10_subsample": -1.0, "max_depth": 3.0, "num_boost_round": 5.0}, "datetime": {"datetime": "2024-01-19 01:45:44", "elapsed": 5648.488701, "delta": 0.005903}}
{"target": -13.758538200934934, "params": {"gamma": 882.4120244006499, "log10_alpha": 1.0, "log10_colsample_bytree": -0.7725810182128513, "log10_eta": -4.0, "log10_lambda": 0.754823436471789, "log10_min_child_weight": 4.307426698333179, "log10_subsample": -1.0, "max_depth": 3.0, "num_boost_round": 6.0}, "datetime": {"datetime": "2024-01-19 01:45:44", "elapsed": 5648.494635, "delta": 0.005934}}
{"target": -13.758538177083858, "params": {"gamma": 882.4120244006499, "log10_alpha": 1.0, "log10_colsample_bytree": -0.7725810182128513, "log10_eta": -4.0, "log10_lambda": 0.754823436471789, "log10_min_child_weight": 4.307426698333179, "log10_subsample": -1.0, "max_depth": 3.0, "num_boost_round": 7.0}, "datetime": {"datetime": "2024-01-19 01:45:44", "elapsed": 5648.500554, "delta": 0.005919}}
{"target": -13.758537944716535, "params": {"gamma": 882.4120244006499, "log10_alpha": 1.0, "log10_colsample_bytree": -0.7725810182128513, "log10_eta": -4.0, "log10_lambda": 0.754823436471789, "log10_min_child_weight": 4.307426698333179, "log10_subsample": -1.0, "max_depth": 3.0, "num_boost_round": 8.0}, "datetime": {"datetime": "2024-01-19 01:45:44", "elapsed": 5648.506523, "delta": 0.005969}}
{"target": -13.758537862537235, "params": {"gamma": 882.4120244006499, "log10_alpha": 1.0, "log10_colsample_bytree": -0.7725810182128513, "log10_eta": -4.0, "log10_lambda": 0.754823436471789, "log10_min_child_weight": 4.307426698333179, "log10_subsample": -1.0, "max_depth": 3.0, "num_boost_round": 9.0}, "datetime": {"datetime": "2024-01-19 01:45:44", "elapsed": 5648.512476, "delta": 0.005953}}
{"target": -13.758537423395891, "params": {"gamma": 882.4120244006499, "log10_alpha": 1.0, "log10_colsample_bytree": -0.7725810182128513, "log10_eta": -4.0, "log10_lambda": 0.754823436471789, "log10_min_child_weight": 4.307426698333179, "log10_subsample": -1.0, "max_depth": 3.0, "num_boost_round": 10.0}, "datetime": {"datetime": "2024-01-19 01:45:44", "elapsed": 5648.51838, "delta": 0.005904}}
{"target": -13.758536948099048, "params": {"gamma": 882.4120244006499, "log10_alpha": 1.0, "log10_colsample_bytree": -0.7725810182128513, "log10_eta": -4.0, "log10_lambda": 0.754823436471789, "log10_min_child_weight": 4.307426698333179, "log10_subsample": -1.0, "max_depth": 3.0, "num_boost_round": 11.0}, "datetime": {"datetime": "2024-01-19 01:45:44", "elapsed": 5648.524285, "delta": 0.005905}}
{"target": -13.758536845282855, "params": {"gamma": 882.4120244006499, "log10_alpha": 1.0, "log10_colsample_bytree": -0.7725810182128513, "log10_eta": -4.0, "log10_lambda": 0.754823436471789, "log10_min_child_weight": 4.307426698333179, "log10_subsample": -1.0, "max_depth": 3.0, "num_boost_round": 12.0}, "datetime": {"datetime": "2024-01-19 01:45:44", "elapsed": 5648.530208, "delta": 0.005923}}
{"target": -13.75853654833171, "params": {"gamma": 882.4120244006499, "log10_alpha": 1.0, "log10_colsample_bytree": -0.7725810182128513, "log10_eta": -4.0, "log10_lambda": 0.754823436471789, "log10_min_child_weight": 4.307426698333179, "log10_subsample": -1.0, "max_depth": 3.0, "num_boost_round": 13.0}, "datetime": {"datetime": "2024-01-19 01:45:44", "elapsed": 5648.536191, "delta": 0.005983}}
{"target": -13.758536460359052, "params": {"gamma": 882.4120244006499, "log10_alpha": 1.0, "log10_colsample_bytree": -0.7725810182128513, "log10_eta": -4.0, "log10_lambda": 0.754823436471789, "log10_min_child_weight": 4.307426698333179, "log10_subsample": -1.0, "max_depth": 3.0, "num_boost_round": 14.0}, "datetime": {"datetime": "2024-01-19 01:45:44", "elapsed": 5648.542246, "delta": 0.006055}}
{"target": -13.758535878695698, "params": {"gamma": 882.4120244006499, "log10_alpha": 1.0, "log10_colsample_bytree": -0.7725810182128513, "log10_eta": -4.0, "log10_lambda": 0.754823436471789, "log10_min_child_weight": 4.307426698333179, "log10_subsample": -1.0, "max_depth": 3.0, "num_boost_round": 15.0}, "datetime": {"datetime": "2024-01-19 01:45:44", "elapsed": 5648.548376, "delta": 0.00613}}
{"target": -13.758535380435257, "params": {"gamma": 882.4120244006499, "log10_alpha": 1.0, "log10_colsample_bytree": -0.7725810182128513, "log10_eta": -4.0, "log10_lambda": 0.754823436471789, "log10_min_child_weight": 4.307426698333179, "log10_subsample": -1.0, "max_depth": 3.0, "num_boost_round": 16.0}, "datetime": {"datetime": "2024-01-19 01:45:44", "elapsed": 5648.554594, "delta": 0.006218}}
{"target": -13.758535471024858, "params": {"gamma": 882.4120244006499, "log10_alpha": 1.0, "log10_colsample_bytree": -0.7725810182128513, "log10_eta": -4.0, "log10_lambda": 0.754823436471789, "log10_min_child_weight": 4.307426698333179, "log10_subsample": -1.0, "max_depth": 3.0, "num_boost_round": 17.0}, "datetime": {"datetime": "2024-01-19 01:45:44", "elapsed": 5648.560497, "delta": 0.005903}}
{"target": -13.758535272814186, "params": {"gamma": 882.4120244006499, "log10_alpha": 1.0, "log10_colsample_bytree": -0.7725810182128513, "log10_eta": -4.0, "log10_lambda": 0.754823436471789, "log10_min_child_weight": 4.307426698333179, "log10_subsample": -1.0, "max_depth": 3.0, "num_boost_round": 18.0}, "datetime": {"datetime": "2024-01-19 01:45:44", "elapsed": 5648.56633, "delta": 0.005833}}
{"target": -13.758535305779214, "params": {"gamma": 882.4120244006499, "log10_alpha": 1.0, "log10_colsample_bytree": -0.7725810182128513, "log10_eta": -4.0, "log10_lambda": 0.754823436471789, "log10_min_child_weight": 4.307426698333179, "log10_subsample": -1.0, "max_depth": 3.0, "num_boost_round": 19.0}, "datetime": {"datetime": "2024-01-19 01:45:44", "elapsed": 5648.573264, "delta": 0.006934}}
{"target": -13.758535890216857, "params": {"gamma": 882.4120244006499, "log10_alpha": 1.0, "log10_colsample_bytree": -0.7725810182128513, "log10_eta": -4.0, "log10_lambda": 0.754823436471789, "log10_min_child_weight": 4.307426698333179, "log10_subsample": -1.0, "max_depth": 3.0, "num_boost_round": 20.0}, "datetime": {"datetime": "2024-01-19 01:45:44", "elapsed": 5648.579883, "delta": 0.006619}}
{"target": -13.75853561530797, "params": {"gamma": 882.4120244006499, "log10_alpha": 1.0, "log10_colsample_bytree": -0.7725810182128513, "log10_eta": -4.0, "log10_lambda": 0.754823436471789, "log10_min_child_weight": 4.307426698333179, "log10_subsample": -1.0, "max_depth": 3.0, "num_boost_round": 21.0}, "datetime": {"datetime": "2024-01-19 01:45:44", "elapsed": 5648.585868, "delta": 0.005985}}
{"target": -13.758535194221361, "params": {"gamma": 882.4120244006499, "log10_alpha": 1.0, "log10_colsample_bytree": -0.7725810182128513, "log10_eta": -4.0, "log10_lambda": 0.754823436471789, "log10_min_child_weight": 4.307426698333179, "log10_subsample": -1.0, "max_depth": 3.0, "num_boost_round": 22.0}, "datetime": {"datetime": "2024-01-19 01:45:44", "elapsed": 5648.592537, "delta": 0.006669}}
{"target": -13.758534964806481, "params": {"gamma": 882.4120244006499, "log10_alpha": 1.0, "log10_colsample_bytree": -0.7725810182128513, "log10_eta": -4.0, "log10_lambda": 0.754823436471789, "log10_min_child_weight": 4.307426698333179, "log10_subsample": -1.0, "max_depth": 3.0, "num_boost_round": 23.0}, "datetime": {"datetime": "2024-01-19 01:45:44", "elapsed": 5648.598422, "delta": 0.005885}}
{"target": -13.75853487613829, "params": {"gamma": 882.4120244006499, "log10_alpha": 1.0, "log10_colsample_bytree": -0.7725810182128513, "log10_eta": -4.0, "log10_lambda": 0.754823436471789, "log10_min_child_weight": 4.307426698333179, "log10_subsample": -1.0, "max_depth": 3.0, "num_boost_round": 24.0}, "datetime": {"datetime": "2024-01-19 01:45:44", "elapsed": 5648.604284, "delta": 0.005862}}
{"target": -13.758534723416483, "params": {"gamma": 882.4120244006499, "log10_alpha": 1.0, "log10_colsample_bytree": -0.7725810182128513, "log10_eta": -4.0, "log10_lambda": 0.754823436471789, "log10_min_child_weight": 4.307426698333179, "log10_subsample": -1.0, "max_depth": 3.0, "num_boost_round": 25.0}, "datetime": {"datetime": "2024-01-19 01:45:44", "elapsed": 5648.610264, "delta": 0.00598}}
{"target": -13.758534683248886, "params": {"gamma": 882.4120244006499, "log10_alpha": 1.0, "log10_colsample_bytree": -0.7725810182128513, "log10_eta": -4.0, "log10_lambda": 0.754823436471789, "log10_min_child_weight": 4.307426698333179, "log10_subsample": -1.0, "max_depth": 3.0, "num_boost_round": 26.0}, "datetime": {"datetime": "2024-01-19 01:45:44", "elapsed": 5648.616461, "delta": 0.006197}}
{"target": -13.758533614071046, "params": {"gamma": 882.4120244006499, "log10_alpha": 1.0, "log10_colsample_bytree": -0.7725810182128513, "log10_eta": -4.0, "log10_lambda": 0.754823436471789, "log10_min_child_weight": 4.307426698333179, "log10_subsample": -1.0, "max_depth": 3.0, "num_boost_round": 27.0}, "datetime": {"datetime": "2024-01-19 01:45:44", "elapsed": 5648.622539, "delta": 0.006078}}
{"target": -13.758532607494347, "params": {"gamma": 882.4120244006499, "log10_alpha": 1.0, "log10_colsample_bytree": -0.7725810182128513, "log10_eta": -4.0, "log10_lambda": 0.754823436471789, "log10_min_child_weight": 4.307426698333179, "log10_subsample": -1.0, "max_depth": 3.0, "num_boost_round": 28.0}, "datetime": {"datetime": "2024-01-19 01:45:44", "elapsed": 5648.628722, "delta": 0.006183}}
{"target": -13.758532849037717, "params": {"gamma": 882.4120244006499, "log10_alpha": 1.0, "log10_colsample_bytree": -0.7725810182128513, "log10_eta": -4.0, "log10_lambda": 0.754823436471789, "log10_min_child_weight": 4.307426698333179, "log10_subsample": -1.0, "max_depth": 3.0, "num_boost_round": 29.0}, "datetime": {"datetime": "2024-01-19 01:45:44", "elapsed": 5648.751719, "delta": 0.122997}}
{"target": -13.758532221476084, "params": {"gamma": 882.4120244006499, "log10_alpha": 1.0, "log10_colsample_bytree": -0.7725810182128513, "log10_eta": -4.0, "log10_lambda": 0.754823436471789, "log10_min_child_weight": 4.307426698333179, "log10_subsample": -1.0, "max_depth": 3.0, "num_boost_round": 30.0}, "datetime": {"datetime": "2024-01-19 01:45:44", "elapsed": 5648.759032, "delta": 0.007313}}
{"target": -13.758532528896172, "params": {"gamma": 882.4120244006499, "log10_alpha": 1.0, "log10_colsample_bytree": -0.7725810182128513, "log10_eta": -4.0, "log10_lambda": 0.754823436471789, "log10_min_child_weight": 4.307426698333179, "log10_subsample": -1.0, "max_depth": 3.0, "num_boost_round": 31.0}, "datetime": {"datetime": "2024-01-19 01:45:44", "elapsed": 5648.765246, "delta": 0.006214}}
{"target": -13.758531897689432, "params": {"gamma": 882.4120244006499, "log10_alpha": 1.0, "log10_colsample_bytree": -0.7725810182128513, "log10_eta": -4.0, "log10_lambda": 0.754823436471789, "log10_min_child_weight": 4.307426698333179, "log10_subsample": -1.0, "max_depth": 3.0, "num_boost_round": 32.0}, "datetime": {"datetime": "2024-01-19 01:45:44", "elapsed": 5648.771348, "delta": 0.006102}}
{"target": -13.758531191652395, "params": {"gamma": 882.4120244006499, "log10_alpha": 1.0, "log10_colsample_bytree": -0.7725810182128513, "log10_eta": -4.0, "log10_lambda": 0.754823436471789, "log10_min_child_weight": 4.307426698333179, "log10_subsample": -1.0, "max_depth": 3.0, "num_boost_round": 33.0}, "datetime": {"datetime": "2024-01-19 01:45:44", "elapsed": 5648.777462, "delta": 0.006114}}
{"target": -13.758531097983266, "params": {"gamma": 882.4120244006499, "log10_alpha": 1.0, "log10_colsample_bytree": -0.7725810182128513, "log10_eta": -4.0, "log10_lambda": 0.754823436471789, "log10_min_child_weight": 4.307426698333179, "log10_subsample": -1.0, "max_depth": 3.0, "num_boost_round": 34.0}, "datetime": {"datetime": "2024-01-19 01:45:44", "elapsed": 5648.783412, "delta": 0.00595}}
{"target": -13.758530954621467, "params": {"gamma": 882.4120244006499, "log10_alpha": 1.0, "log10_colsample_bytree": -0.7725810182128513, "log10_eta": -4.0, "log10_lambda": 0.754823436471789, "log10_min_child_weight": 4.307426698333179, "log10_subsample": -1.0, "max_depth": 3.0, "num_boost_round": 35.0}, "datetime": {"datetime": "2024-01-19 01:45:44", "elapsed": 5648.789309, "delta": 0.005897}}
{"target": -13.758530765874031, "params": {"gamma": 882.4120244006499, "log10_alpha": 1.0, "log10_colsample_bytree": -0.7725810182128513, "log10_eta": -4.0, "log10_lambda": 0.754823436471789, "log10_min_child_weight": 4.307426698333179, "log10_subsample": -1.0, "max_depth": 3.0, "num_boost_round": 36.0}, "datetime": {"datetime": "2024-01-19 01:45:44", "elapsed": 5648.795508, "delta": 0.006199}}
{"target": -13.758530748685304, "params": {"gamma": 882.4120244006499, "log10_alpha": 1.0, "log10_colsample_bytree": -0.7725810182128513, "log10_eta": -4.0, "log10_lambda": 0.754823436471789, "log10_min_child_weight": 4.307426698333179, "log10_subsample": -1.0, "max_depth": 3.0, "num_boost_round": 37.0}, "datetime": {"datetime": "2024-01-19 01:45:44", "elapsed": 5648.801626, "delta": 0.006118}}
{"target": -13.758530288666623, "params": {"gamma": 882.4120244006499, "log10_alpha": 1.0, "log10_colsample_bytree": -0.7725810182128513, "log10_eta": -4.0, "log10_lambda": 0.754823436471789, "log10_min_child_weight": 4.307426698333179, "log10_subsample": -1.0, "max_depth": 3.0, "num_boost_round": 38.0}, "datetime": {"datetime": "2024-01-19 01:45:44", "elapsed": 5648.807794, "delta": 0.006168}}
{"target": -13.758530112631222, "params": {"gamma": 882.4120244006499, "log10_alpha": 1.0, "log10_colsample_bytree": -0.7725810182128513, "log10_eta": -4.0, "log10_lambda": 0.754823436471789, "log10_min_child_weight": 4.307426698333179, "log10_subsample": -1.0, "max_depth": 3.0, "num_boost_round": 39.0}, "datetime": {"datetime": "2024-01-19 01:45:44", "elapsed": 5648.814205, "delta": 0.006411}}
{"target": -13.758530018998503, "params": {"gamma": 882.4120244006499, "log10_alpha": 1.0, "log10_colsample_bytree": -0.7725810182128513, "log10_eta": -4.0, "log10_lambda": 0.754823436471789, "log10_min_child_weight": 4.307426698333179, "log10_subsample": -1.0, "max_depth": 3.0, "num_boost_round": 40.0}, "datetime": {"datetime": "2024-01-19 01:45:44", "elapsed": 5648.820169, "delta": 0.005964}}
{"target": -13.758529406118011, "params": {"gamma": 882.4120244006499, "log10_alpha": 1.0, "log10_colsample_bytree": -0.7725810182128513, "log10_eta": -4.0, "log10_lambda": 0.754823436471789, "log10_min_child_weight": 4.307426698333179, "log10_subsample": -1.0, "max_depth": 3.0, "num_boost_round": 41.0}, "datetime": {"datetime": "2024-01-19 01:45:44", "elapsed": 5648.82625, "delta": 0.006081}}
{"target": -13.758529109790658, "params": {"gamma": 882.4120244006499, "log10_alpha": 1.0, "log10_colsample_bytree": -0.7725810182128513, "log10_eta": -4.0, "log10_lambda": 0.754823436471789, "log10_min_child_weight": 4.307426698333179, "log10_subsample": -1.0, "max_depth": 3.0, "num_boost_round": 42.0}, "datetime": {"datetime": "2024-01-19 01:45:44", "elapsed": 5648.832666, "delta": 0.006416}}
{"target": -13.758528765388675, "params": {"gamma": 882.4120244006499, "log10_alpha": 1.0, "log10_colsample_bytree": -0.7725810182128513, "log10_eta": -4.0, "log10_lambda": 0.754823436471789, "log10_min_child_weight": 4.307426698333179, "log10_subsample": -1.0, "max_depth": 3.0, "num_boost_round": 43.0}, "datetime": {"datetime": "2024-01-19 01:45:44", "elapsed": 5648.839043, "delta": 0.006377}}
{"target": -13.758527959061965, "params": {"gamma": 882.4120244006499, "log10_alpha": 1.0, "log10_colsample_bytree": -0.7725810182128513, "log10_eta": -4.0, "log10_lambda": 0.754823436471789, "log10_min_child_weight": 4.307426698333179, "log10_subsample": -1.0, "max_depth": 3.0, "num_boost_round": 44.0}, "datetime": {"datetime": "2024-01-19 01:45:44", "elapsed": 5648.844988, "delta": 0.005945}}
{"target": -13.7585272447892, "params": {"gamma": 882.4120244006499, "log10_alpha": 1.0, "log10_colsample_bytree": -0.7725810182128513, "log10_eta": -4.0, "log10_lambda": 0.754823436471789, "log10_min_child_weight": 4.307426698333179, "log10_subsample": -1.0, "max_depth": 3.0, "num_boost_round": 45.0}, "datetime": {"datetime": "2024-01-19 01:45:44", "elapsed": 5648.85099, "delta": 0.006002}}
{"target": -13.758526678310849, "params": {"gamma": 882.4120244006499, "log10_alpha": 1.0, "log10_colsample_bytree": -0.7725810182128513, "log10_eta": -4.0, "log10_lambda": 0.754823436471789, "log10_min_child_weight": 4.307426698333179, "log10_subsample": -1.0, "max_depth": 3.0, "num_boost_round": 46.0}, "datetime": {"datetime": "2024-01-19 01:45:44", "elapsed": 5648.856992, "delta": 0.006002}}
{"target": -13.75852660670016, "params": {"gamma": 882.4120244006499, "log10_alpha": 1.0, "log10_colsample_bytree": -0.7725810182128513, "log10_eta": -4.0, "log10_lambda": 0.754823436471789, "log10_min_child_weight": 4.307426698333179, "log10_subsample": -1.0, "max_depth": 3.0, "num_boost_round": 47.0}, "datetime": {"datetime": "2024-01-19 01:45:44", "elapsed": 5648.862957, "delta": 0.005965}}
{"target": -13.758415091376442, "params": {"gamma": 809.3589339761143, "log10_alpha": -3.6033750019173523, "log10_colsample_bytree": -0.587506163700315, "log10_eta": -2.3737293357846747, "log10_lambda": -0.21133833811826008, "log10_min_child_weight": 3.0329706680445483, "log10_subsample": -0.9224499540020484, "max_depth": 8.0, "num_boost_round": 0.0}, "datetime": {"datetime": "2024-01-19 01:47:05", "elapsed": 5729.764822, "delta": 80.901865}}
{"target": -13.758303751751626, "params": {"gamma": 809.3589339761143, "log10_alpha": -3.6033750019173523, "log10_colsample_bytree": -0.587506163700315, "log10_eta": -2.3737293357846747, "log10_lambda": -0.21133833811826008, "log10_min_child_weight": 3.0329706680445483, "log10_subsample": -0.9224499540020484, "max_depth": 8.0, "num_boost_round": 1.0}, "datetime": {"datetime": "2024-01-19 01:47:05", "elapsed": 5729.772447, "delta": 0.007625}}
{"target": -13.758236957984945, "params": {"gamma": 809.3589339761143, "log10_alpha": -3.6033750019173523, "log10_colsample_bytree": -0.587506163700315, "log10_eta": -2.3737293357846747, "log10_lambda": -0.21133833811826008, "log10_min_child_weight": 3.0329706680445483, "log10_subsample": -0.9224499540020484, "max_depth": 8.0, "num_boost_round": 2.0}, "datetime": {"datetime": "2024-01-19 01:47:05", "elapsed": 5729.77882, "delta": 0.006373}}
{"target": -13.75824832270522, "params": {"gamma": 809.3589339761143, "log10_alpha": -3.6033750019173523, "log10_colsample_bytree": -0.587506163700315, "log10_eta": -2.3737293357846747, "log10_lambda": -0.21133833811826008, "log10_min_child_weight": 3.0329706680445483, "log10_subsample": -0.9224499540020484, "max_depth": 8.0, "num_boost_round": 3.0}, "datetime": {"datetime": "2024-01-19 01:47:05", "elapsed": 5729.785202, "delta": 0.006382}}
{"target": -13.758187841888159, "params": {"gamma": 809.3589339761143, "log10_alpha": -3.6033750019173523, "log10_colsample_bytree": -0.587506163700315, "log10_eta": -2.3737293357846747, "log10_lambda": -0.21133833811826008, "log10_min_child_weight": 3.0329706680445483, "log10_subsample": -0.9224499540020484, "max_depth": 8.0, "num_boost_round": 4.0}, "datetime": {"datetime": "2024-01-19 01:47:05", "elapsed": 5729.791862, "delta": 0.00666}}
