{"target": -13.756856879868856, "params": {"gamma": 637.2209515034326, "log10_alpha": -4.730220988486484, "log10_colsample_bytree": -0.583859681200195, "log10_eta": -1.825994085229306, "log10_lambda": -3.4467943573846958, "log10_min_child_weight": 3.4695850881552914, "log10_subsample": -0.17261913492466585, "max_depth": 9.0, "num_boost_round": 4.0}, "datetime": {"datetime": "2024-01-19 01:27:31", "elapsed": 4503.866469, "delta": 0.004759}}
{"target": -13.756910448116926, "params": {"gamma": 637.2209515034326, "log10_alpha": -4.730220988486484, "log10_colsample_bytree": -0.583859681200195, "log10_eta": -1.825994085229306, "log10_lambda": -3.4467943573846958, "log10_min_child_weight": 3.4695850881552914, "log10_subsample": -0.17261913492466585, "max_depth": 9.0, "num_boost_round": 5.0}, "datetime": {"datetime": "2024-01-19 01:27:31", "elapsed": 4503.871352, "delta": 0.004883}}
{"target": -13.756904223987329, "params": {"gamma": 637.2209515034326, "log10_alpha": -4.730220988486484, "log10_colsample_bytree": -0.583859681200195, "log10_eta": -1.825994085229306, "log10_lambda": -3.4467943573846958, "log10_min_child_weight": 3.4695850881552914, "log10_subsample": -0.17261913492466585, "max_depth": 9.0, "num_boost_round": 6.0}, "datetime": {"datetime": "2024-01-19 01:27:31", "elapsed": 4503.876318, "delta": 0.004966}}
{"target": -13.756287427808145, "params": {"gamma": 637.2209515034326, "log10_alpha": -4.730220988486484, "log10_colsample_bytree": -0.583859681200195, "log10_eta": -1.825994085229306, "log10_lambda": -3.4467943573846958, "log10_min_child_weight": 3.4695850881552914, "log10_subsample": -0.17261913492466585, "max_depth": 9.0, "num_boost_round": 7.0}, "datetime": {"datetime": "2024-01-19 01:27:31", "elapsed": 4503.880855, "delta": 0.004537}}
{"target": -13.756188860666061, "params": {"gamma": 637.2209515034326, "log10_alpha": -4.730220988486484, "log10_colsample_bytree": -0.583859681200195, "log10_eta": -1.825994085229306, "log10_lambda": -3.4467943573846958, "log10_min_child_weight": 3.4695850881552914, "log10_subsample": -0.17261913492466585, "max_depth": 9.0, "num_boost_round": 8.0}, "datetime": {"datetime": "2024-01-19 01:27:31", "elapsed": 4503.885247, "delta": 0.004392}}
{"target": -13.75607261402076, "params": {"gamma": 637.2209515034326, "log10_alpha": -4.730220988486484, "log10_colsample_bytree": -0.583859681200195, "log10_eta": -1.825994085229306, "log10_lambda": -3.4467943573846958, "log10_min_child_weight": 3.4695850881552914, "log10_subsample": -0.17261913492466585, "max_depth": 9.0, "num_boost_round": 9.0}, "datetime": {"datetime": "2024-01-19 01:27:31", "elapsed": 4503.889737, "delta": 0.00449}}
{"target": -13.755655294911225, "params": {"gamma": 637.2209515034326, "log10_alpha": -4.730220988486484, "log10_colsample_bytree": -0.583859681200195, "log10_eta": -1.825994085229306, "log10_lambda": -3.4467943573846958, "log10_min_child_weight": 3.4695850881552914, "log10_subsample": -0.17261913492466585, "max_depth": 9.0, "num_boost_round": 10.0}, "datetime": {"datetime": "2024-01-19 01:27:31", "elapsed": 4503.894654, "delta": 0.004917}}
{"target": -13.75536900393185, "params": {"gamma": 637.2209515034326, "log10_alpha": -4.730220988486484, "log10_colsample_bytree": -0.583859681200195, "log10_eta": -1.825994085229306, "log10_lambda": -3.4467943573846958, "log10_min_child_weight": 3.4695850881552914, "log10_subsample": -0.17261913492466585, "max_depth": 9.0, "num_boost_round": 11.0}, "datetime": {"datetime": "2024-01-19 01:27:31", "elapsed": 4503.899312, "delta": 0.004658}}
{"target": -13.755160250193056, "params": {"gamma": 637.2209515034326, "log10_alpha": -4.730220988486484, "log10_colsample_bytree": -0.583859681200195, "log10_eta": -1.825994085229306, "log10_lambda": -3.4467943573846958, "log10_min_child_weight": 3.4695850881552914, "log10_subsample": -0.17261913492466585, "max_depth": 9.0, "num_boost_round": 12.0}, "datetime": {"datetime": "2024-01-19 01:27:31", "elapsed": 4503.903895, "delta": 0.004583}}
{"target": -13.75556137792636, "params": {"gamma": 637.2209515034326, "log10_alpha": -4.730220988486484, "log10_colsample_bytree": -0.583859681200195, "log10_eta": -1.825994085229306, "log10_lambda": -3.4467943573846958, "log10_min_child_weight": 3.4695850881552914, "log10_subsample": -0.17261913492466585, "max_depth": 9.0, "num_boost_round": 13.0}, "datetime": {"datetime": "2024-01-19 01:27:31", "elapsed": 4503.908459, "delta": 0.004564}}
{"target": -13.755672919757906, "params": {"gamma": 637.2209515034326, "log10_alpha": -4.730220988486484, "log10_colsample_bytree": -0.583859681200195, "log10_eta": -1.825994085229306, "log10_lambda": -3.4467943573846958, "log10_min_child_weight": 3.4695850881552914, "log10_subsample": -0.17261913492466585, "max_depth": 9.0, "num_boost_round": 14.0}, "datetime": {"datetime": "2024-01-19 01:27:31", "elapsed": 4503.912974, "delta": 0.004515}}
{"target": -13.75543266980533, "params": {"gamma": 637.2209515034326, "log10_alpha": -4.730220988486484, "log10_colsample_bytree": -0.583859681200195, "log10_eta": -1.825994085229306, "log10_lambda": -3.4467943573846958, "log10_min_child_weight": 3.4695850881552914, "log10_subsample": -0.17261913492466585, "max_depth": 9.0, "num_boost_round": 15.0}, "datetime": {"datetime": "2024-01-19 01:27:31", "elapsed": 4503.917482, "delta": 0.004508}}
{"target": -13.755592304809994, "params": {"gamma": 637.2209515034326, "log10_alpha": -4.730220988486484, "log10_colsample_bytree": -0.583859681200195, "log10_eta": -1.825994085229306, "log10_lambda": -3.4467943573846958, "log10_min_child_weight": 3.4695850881552914, "log10_subsample": -0.17261913492466585, "max_depth": 9.0, "num_boost_round": 16.0}, "datetime": {"datetime": "2024-01-19 01:27:31", "elapsed": 4503.921971, "delta": 0.004489}}
{"target": -13.75590911517761, "params": {"gamma": 637.2209515034326, "log10_alpha": -4.730220988486484, "log10_colsample_bytree": -0.583859681200195, "log10_eta": -1.825994085229306, "log10_lambda": -3.4467943573846958, "log10_min_child_weight": 3.4695850881552914, "log10_subsample": -0.17261913492466585, "max_depth": 9.0, "num_boost_round": 17.0}, "datetime": {"datetime": "2024-01-19 01:27:31", "elapsed": 4503.926505, "delta": 0.004534}}
{"target": -13.756036594860223, "params": {"gamma": 637.2209515034326, "log10_alpha": -4.730220988486484, "log10_colsample_bytree": -0.583859681200195, "log10_eta": -1.825994085229306, "log10_lambda": -3.4467943573846958, "log10_min_child_weight": 3.4695850881552914, "log10_subsample": -0.17261913492466585, "max_depth": 9.0, "num_boost_round": 18.0}, "datetime": {"datetime": "2024-01-19 01:27:31", "elapsed": 4503.931044, "delta": 0.004539}}
{"target": -13.755864413508597, "params": {"gamma": 637.2209515034326, "log10_alpha": -4.730220988486484, "log10_colsample_bytree": -0.583859681200195, "log10_eta": -1.825994085229306, "log10_lambda": -3.4467943573846958, "log10_min_child_weight": 3.4695850881552914, "log10_subsample": -0.17261913492466585, "max_depth": 9.0, "num_boost_round": 19.0}, "datetime": {"datetime": "2024-01-19 01:27:31", "elapsed": 4503.935569, "delta": 0.004525}}
{"target": -13.755946650069044, "params": {"gamma": 637.2209515034326, "log10_alpha": -4.730220988486484, "log10_colsample_bytree": -0.583859681200195, "log10_eta": -1.825994085229306, "log10_lambda": -3.4467943573846958, "log10_min_child_weight": 3.4695850881552914, "log10_subsample": -0.17261913492466585, "max_depth": 9.0, "num_boost_round": 20.0}, "datetime": {"datetime": "2024-01-19 01:27:31", "elapsed": 4503.93999, "delta": 0.004421}}
{"target": -13.755881006674548, "params": {"gamma": 637.2209515034326, "log10_alpha": -4.730220988486484, "log10_colsample_bytree": -0.583859681200195, "log10_eta": -1.825994085229306, "log10_lambda": -3.4467943573846958, "log10_min_child_weight": 3.4695850881552914, "log10_subsample": -0.17261913492466585, "max_depth": 9.0, "num_boost_round": 21.0}, "datetime": {"datetime": "2024-01-19 01:27:31", "elapsed": 4503.944466, "delta": 0.004476}}
{"target": -13.75606667088121, "params": {"gamma": 637.2209515034326, "log10_alpha": -4.730220988486484, "log10_colsample_bytree": -0.583859681200195, "log10_eta": -1.825994085229306, "log10_lambda": -3.4467943573846958, "log10_min_child_weight": 3.4695850881552914, "log10_subsample": -0.17261913492466585, "max_depth": 9.0, "num_boost_round": 22.0}, "datetime": {"datetime": "2024-01-19 01:27:31", "elapsed": 4503.948973, "delta": 0.004507}}
{"target": -13.755787453267802, "params": {"gamma": 637.2209515034326, "log10_alpha": -4.730220988486484, "log10_colsample_bytree": -0.583859681200195, "log10_eta": -1.825994085229306, "log10_lambda": -3.4467943573846958, "log10_min_child_weight": 3.4695850881552914, "log10_subsample": -0.17261913492466585, "max_depth": 9.0, "num_boost_round": 23.0}, "datetime": {"datetime": "2024-01-19 01:27:31", "elapsed": 4503.953602, "delta": 0.004629}}
{"target": -13.756143157646482, "params": {"gamma": 637.2209515034326, "log10_alpha": -4.730220988486484, "log10_colsample_bytree": -0.583859681200195, "log10_eta": -1.825994085229306, "log10_lambda": -3.4467943573846958, "log10_min_child_weight": 3.4695850881552914, "log10_subsample": -0.17261913492466585, "max_depth": 9.0, "num_boost_round": 24.0}, "datetime": {"datetime": "2024-01-19 01:27:31", "elapsed": 4503.958153, "delta": 0.004551}}
{"target": -13.756030740632612, "params": {"gamma": 637.2209515034326, "log10_alpha": -4.730220988486484, "log10_colsample_bytree": -0.583859681200195, "log10_eta": -1.825994085229306, "log10_lambda": -3.4467943573846958, "log10_min_child_weight": 3.4695850881552914, "log10_subsample": -0.17261913492466585, "max_depth": 9.0, "num_boost_round": 25.0}, "datetime": {"datetime": "2024-01-19 01:27:31", "elapsed": 4503.962561, "delta": 0.004408}}
{"target": -13.756548917482078, "params": {"gamma": 637.2209515034326, "log10_alpha": -4.730220988486484, "log10_colsample_bytree": -0.583859681200195, "log10_eta": -1.825994085229306, "log10_lambda": -3.4467943573846958, "log10_min_child_weight": 3.4695850881552914, "log10_subsample": -0.17261913492466585, "max_depth": 9.0, "num_boost_round": 26.0}, "datetime": {"datetime": "2024-01-19 01:27:31", "elapsed": 4503.967048, "delta": 0.004487}}
{"target": -13.756376923796443, "params": {"gamma": 637.2209515034326, "log10_alpha": -4.730220988486484, "log10_colsample_bytree": -0.583859681200195, "log10_eta": -1.825994085229306, "log10_lambda": -3.4467943573846958, "log10_min_child_weight": 3.4695850881552914, "log10_subsample": -0.17261913492466585, "max_depth": 9.0, "num_boost_round": 27.0}, "datetime": {"datetime": "2024-01-19 01:27:31", "elapsed": 4503.97153, "delta": 0.004482}}
{"target": -13.756355760113916, "params": {"gamma": 637.2209515034326, "log10_alpha": -4.730220988486484, "log10_colsample_bytree": -0.583859681200195, "log10_eta": -1.825994085229306, "log10_lambda": -3.4467943573846958, "log10_min_child_weight": 3.4695850881552914, "log10_subsample": -0.17261913492466585, "max_depth": 9.0, "num_boost_round": 28.0}, "datetime": {"datetime": "2024-01-19 01:27:31", "elapsed": 4503.976136, "delta": 0.004606}}
{"target": -13.756141046032194, "params": {"gamma": 637.2209515034326, "log10_alpha": -4.730220988486484, "log10_colsample_bytree": -0.583859681200195, "log10_eta": -1.825994085229306, "log10_lambda": -3.4467943573846958, "log10_min_child_weight": 3.4695850881552914, "log10_subsample": -0.17261913492466585, "max_depth": 9.0, "num_boost_round": 29.0}, "datetime": {"datetime": "2024-01-19 01:27:31", "elapsed": 4503.980812, "delta": 0.004676}}
{"target": -13.75614646171074, "params": {"gamma": 637.2209515034326, "log10_alpha": -4.730220988486484, "log10_colsample_bytree": -0.583859681200195, "log10_eta": -1.825994085229306, "log10_lambda": -3.4467943573846958, "log10_min_child_weight": 3.4695850881552914, "log10_subsample": -0.17261913492466585, "max_depth": 9.0, "num_boost_round": 30.0}, "datetime": {"datetime": "2024-01-19 01:27:31", "elapsed": 4503.986504, "delta": 0.005692}}
{"target": -13.755612330318126, "params": {"gamma": 637.2209515034326, "log10_alpha": -4.730220988486484, "log10_colsample_bytree": -0.583859681200195, "log10_eta": -1.825994085229306, "log10_lambda": -3.4467943573846958, "log10_min_child_weight": 3.4695850881552914, "log10_subsample": -0.17261913492466585, "max_depth": 9.0, "num_boost_round": 31.0}, "datetime": {"datetime": "2024-01-19 01:27:31", "elapsed": 4503.991536, "delta": 0.005032}}
{"target": -13.755891814611902, "params": {"gamma": 637.2209515034326, "log10_alpha": -4.730220988486484, "log10_colsample_bytree": -0.583859681200195, "log10_eta": -1.825994085229306, "log10_lambda": -3.4467943573846958, "log10_min_child_weight": 3.4695850881552914, "log10_subsample": -0.17261913492466585, "max_depth": 9.0, "num_boost_round": 32.0}, "datetime": {"datetime": "2024-01-19 01:27:31", "elapsed": 4503.99633, "delta": 0.004794}}
{"target": -13.755909570278037, "params": {"gamma": 637.2209515034326, "log10_alpha": -4.730220988486484, "log10_colsample_bytree": -0.583859681200195, "log10_eta": -1.825994085229306, "log10_lambda": -3.4467943573846958, "log10_min_child_weight": 3.4695850881552914, "log10_subsample": -0.17261913492466585, "max_depth": 9.0, "num_boost_round": 33.0}, "datetime": {"datetime": "2024-01-19 01:27:31", "elapsed": 4504.001348, "delta": 0.005018}}
{"target": -13.75641683787566, "params": {"gamma": 637.2209515034326, "log10_alpha": -4.730220988486484, "log10_colsample_bytree": -0.583859681200195, "log10_eta": -1.825994085229306, "log10_lambda": -3.4467943573846958, "log10_min_child_weight": 3.4695850881552914, "log10_subsample": -0.17261913492466585, "max_depth": 9.0, "num_boost_round": 34.0}, "datetime": {"datetime": "2024-01-19 01:27:31", "elapsed": 4504.006741, "delta": 0.005393}}
{"target": -13.75853634055842, "params": {"gamma": 643.3738021998951, "log10_alpha": -4.012232135429144, "log10_colsample_bytree": -0.6107377688447522, "log10_eta": -3.7384991333388724, "log10_lambda": 0.4284764951386162, "log10_min_child_weight": 3.3170041740780816, "log10_subsample": -0.37152271495122013, "max_depth": 6.0, "num_boost_round": 0.0}, "datetime": {"datetime": "2024-01-19 01:28:33", "elapsed": 4566.247156, "delta": 62.240415}}
{"target": -13.758534997286255, "params": {"gamma": 643.3738021998951, "log10_alpha": -4.012232135429144, "log10_colsample_bytree": -0.6107377688447522, "log10_eta": -3.7384991333388724, "log10_lambda": 0.4284764951386162, "log10_min_child_weight": 3.3170041740780816, "log10_subsample": -0.37152271495122013, "max_depth": 6.0, "num_boost_round": 1.0}, "datetime": {"datetime": "2024-01-19 01:28:33", "elapsed": 4566.253143, "delta": 0.005987}}
{"target": -13.75852991817585, "params": {"gamma": 643.3738021998951, "log10_alpha": -4.012232135429144, "log10_colsample_bytree": -0.6107377688447522, "log10_eta": -3.7384991333388724, "log10_lambda": 0.4284764951386162, "log10_min_child_weight": 3.3170041740780816, "log10_subsample": -0.37152271495122013, "max_depth": 6.0, "num_boost_round": 2.0}, "datetime": {"datetime": "2024-01-19 01:28:33", "elapsed": 4566.257621, "delta": 0.004478}}
{"target": -13.75853030843929, "params": {"gamma": 643.3738021998951, "log10_alpha": -4.012232135429144, "log10_colsample_bytree": -0.6107377688447522, "log10_eta": -3.7384991333388724, "log10_lambda": 0.4284764951386162, "log10_min_child_weight": 3.3170041740780816, "log10_subsample": -0.37152271495122013, "max_depth": 6.0, "num_boost_round": 3.0}, "datetime": {"datetime": "2024-01-19 01:28:33", "elapsed": 4566.262035, "delta": 0.004414}}
{"target": -13.758524762144383, "params": {"gamma": 643.3738021998951, "log10_alpha": -4.012232135429144, "log10_colsample_bytree": -0.6107377688447522, "log10_eta": -3.7384991333388724, "log10_lambda": 0.4284764951386162, "log10_min_child_weight": 3.3170041740780816, "log10_subsample": -0.37152271495122013, "max_depth": 6.0, "num_boost_round": 4.0}, "datetime": {"datetime": "2024-01-19 01:28:33", "elapsed": 4566.266505, "delta": 0.00447}}
{"target": -13.758525342181622, "params": {"gamma": 643.3738021998951, "log10_alpha": -4.012232135429144, "log10_colsample_bytree": -0.6107377688447522, "log10_eta": -3.7384991333388724, "log10_lambda": 0.4284764951386162, "log10_min_child_weight": 3.3170041740780816, "log10_subsample": -0.37152271495122013, "max_depth": 6.0, "num_boost_round": 5.0}, "datetime": {"datetime": "2024-01-19 01:28:33", "elapsed": 4566.271125, "delta": 0.00462}}
{"target": -13.758522106423495, "params": {"gamma": 643.3738021998951, "log10_alpha": -4.012232135429144, "log10_colsample_bytree": -0.6107377688447522, "log10_eta": -3.7384991333388724, "log10_lambda": 0.4284764951386162, "log10_min_child_weight": 3.3170041740780816, "log10_subsample": -0.37152271495122013, "max_depth": 6.0, "num_boost_round": 6.0}, "datetime": {"datetime": "2024-01-19 01:28:33", "elapsed": 4566.276073, "delta": 0.004948}}
{"target": -13.758517801995195, "params": {"gamma": 643.3738021998951, "log10_alpha": -4.012232135429144, "log10_colsample_bytree": -0.6107377688447522, "log10_eta": -3.7384991333388724, "log10_lambda": 0.4284764951386162, "log10_min_child_weight": 3.3170041740780816, "log10_subsample": -0.37152271495122013, "max_depth": 6.0, "num_boost_round": 7.0}, "datetime": {"datetime": "2024-01-19 01:28:33", "elapsed": 4566.280861, "delta": 0.004788}}
{"target": -13.758517758688901, "params": {"gamma": 643.3738021998951, "log10_alpha": -4.012232135429144, "log10_colsample_bytree": -0.6107377688447522, "log10_eta": -3.7384991333388724, "log10_lambda": 0.4284764951386162, "log10_min_child_weight": 3.3170041740780816, "log10_subsample": -0.37152271495122013, "max_depth": 6.0, "num_boost_round": 8.0}, "datetime": {"datetime": "2024-01-19 01:28:33", "elapsed": 4566.285296, "delta": 0.004435}}
{"target": -13.758520129360583, "params": {"gamma": 643.3738021998951, "log10_alpha": -4.012232135429144, "log10_colsample_bytree": -0.6107377688447522, "log10_eta": -3.7384991333388724, "log10_lambda": 0.4284764951386162, "log10_min_child_weight": 3.3170041740780816, "log10_subsample": -0.37152271495122013, "max_depth": 6.0, "num_boost_round": 9.0}, "datetime": {"datetime": "2024-01-19 01:28:33", "elapsed": 4566.289692, "delta": 0.004396}}
{"target": -13.758517579512917, "params": {"gamma": 643.3738021998951, "log10_alpha": -4.012232135429144, "log10_colsample_bytree": -0.6107377688447522, "log10_eta": -3.7384991333388724, "log10_lambda": 0.4284764951386162, "log10_min_child_weight": 3.3170041740780816, "log10_subsample": -0.37152271495122013, "max_depth": 6.0, "num_boost_round": 10.0}, "datetime": {"datetime": "2024-01-19 01:28:33", "elapsed": 4566.294384, "delta": 0.004692}}
{"target": -13.758513091149577, "params": {"gamma": 643.3738021998951, "log10_alpha": -4.012232135429144, "log10_colsample_bytree": -0.6107377688447522, "log10_eta": -3.7384991333388724, "log10_lambda": 0.4284764951386162, "log10_min_child_weight": 3.3170041740780816, "log10_subsample": -0.37152271495122013, "max_depth": 6.0, "num_boost_round": 11.0}, "datetime": {"datetime": "2024-01-19 01:28:33", "elapsed": 4566.299134, "delta": 0.00475}}
{"target": -13.758508112579577, "params": {"gamma": 643.3738021998951, "log10_alpha": -4.012232135429144, "log10_colsample_bytree": -0.6107377688447522, "log10_eta": -3.7384991333388724, "log10_lambda": 0.4284764951386162, "log10_min_child_weight": 3.3170041740780816, "log10_subsample": -0.37152271495122013, "max_depth": 6.0, "num_boost_round": 12.0}, "datetime": {"datetime": "2024-01-19 01:28:33", "elapsed": 4566.303979, "delta": 0.004845}}
{"target": -13.758507676385674, "params": {"gamma": 643.3738021998951, "log10_alpha": -4.012232135429144, "log10_colsample_bytree": -0.6107377688447522, "log10_eta": -3.7384991333388724, "log10_lambda": 0.4284764951386162, "log10_min_child_weight": 3.3170041740780816, "log10_subsample": -0.37152271495122013, "max_depth": 6.0, "num_boost_round": 13.0}, "datetime": {"datetime": "2024-01-19 01:28:33", "elapsed": 4566.308739, "delta": 0.00476}}
{"target": -13.758506820208236, "params": {"gamma": 643.3738021998951, "log10_alpha": -4.012232135429144, "log10_colsample_bytree": -0.6107377688447522, "log10_eta": -3.7384991333388724, "log10_lambda": 0.4284764951386162, "log10_min_child_weight": 3.3170041740780816, "log10_subsample": -0.37152271495122013, "max_depth": 6.0, "num_boost_round": 14.0}, "datetime": {"datetime": "2024-01-19 01:28:33", "elapsed": 4566.313831, "delta": 0.005092}}
{"target": -13.758505264345324, "params": {"gamma": 643.3738021998951, "log10_alpha": -4.012232135429144, "log10_colsample_bytree": -0.6107377688447522, "log10_eta": -3.7384991333388724, "log10_lambda": 0.4284764951386162, "log10_min_child_weight": 3.3170041740780816, "log10_subsample": -0.37152271495122013, "max_depth": 6.0, "num_boost_round": 15.0}, "datetime": {"datetime": "2024-01-19 01:28:33", "elapsed": 4566.318492, "delta": 0.004661}}
{"target": -13.758502573985417, "params": {"gamma": 643.3738021998951, "log10_alpha": -4.012232135429144, "log10_colsample_bytree": -0.6107377688447522, "log10_eta": -3.7384991333388724, "log10_lambda": 0.4284764951386162, "log10_min_child_weight": 3.3170041740780816, "log10_subsample": -0.37152271495122013, "max_depth": 6.0, "num_boost_round": 16.0}, "datetime": {"datetime": "2024-01-19 01:28:33", "elapsed": 4566.323124, "delta": 0.004632}}
{"target": -13.758504197945278, "params": {"gamma": 643.3738021998951, "log10_alpha": -4.012232135429144, "log10_colsample_bytree": -0.6107377688447522, "log10_eta": -3.7384991333388724, "log10_lambda": 0.4284764951386162, "log10_min_child_weight": 3.3170041740780816, "log10_subsample": -0.37152271495122013, "max_depth": 6.0, "num_boost_round": 17.0}, "datetime": {"datetime": "2024-01-19 01:28:33", "elapsed": 4566.327681, "delta": 0.004557}}
