{"target": -17.67721214551304, "params": {"gamma": 974.074016023763, "log10_alpha": 0.4275595087216688, "log10_colsample_bytree": -0.9182968984977983, "log10_eta": -3.1347811995036206, "log10_lambda": -2.8756611985616645, "log10_min_child_weight": 1.844156225296782, "log10_subsample": -0.712718586134274, "max_depth": 2.0, "num_boost_round": 0.0}, "datetime": {"datetime": "2024-01-19 00:16:25", "elapsed": 279.277723, "delta": 18.838046}}
{"target": -17.67718551058332, "params": {"gamma": 974.074016023763, "log10_alpha": 0.4275595087216688, "log10_colsample_bytree": -0.9182968984977983, "log10_eta": -3.1347811995036206, "log10_lambda": -2.8756611985616645, "log10_min_child_weight": 1.844156225296782, "log10_subsample": -0.712718586134274, "max_depth": 2.0, "num_boost_round": 1.0}, "datetime": {"datetime": "2024-01-19 00:16:25", "elapsed": 279.278397, "delta": 0.000674}}
{"target": -17.677186906971603, "params": {"gamma": 974.074016023763, "log10_alpha": 0.4275595087216688, "log10_colsample_bytree": -0.9182968984977983, "log10_eta": -3.1347811995036206, "log10_lambda": -2.8756611985616645, "log10_min_child_weight": 1.844156225296782, "log10_subsample": -0.712718586134274, "max_depth": 2.0, "num_boost_round": 2.0}, "datetime": {"datetime": "2024-01-19 00:16:25", "elapsed": 279.278919, "delta": 0.000522}}
{"target": -17.677164293980276, "params": {"gamma": 974.074016023763, "log10_alpha": 0.4275595087216688, "log10_colsample_bytree": -0.9182968984977983, "log10_eta": -3.1347811995036206, "log10_lambda": -2.8756611985616645, "log10_min_child_weight": 1.844156225296782, "log10_subsample": -0.712718586134274, "max_depth": 2.0, "num_boost_round": 3.0}, "datetime": {"datetime": "2024-01-19 00:16:25", "elapsed": 279.279439, "delta": 0.00052}}
{"target": -17.67715083294228, "params": {"gamma": 974.074016023763, "log10_alpha": 0.4275595087216688, "log10_colsample_bytree": -0.9182968984977983, "log10_eta": -3.1347811995036206, "log10_lambda": -2.8756611985616645, "log10_min_child_weight": 1.844156225296782, "log10_subsample": -0.712718586134274, "max_depth": 2.0, "num_boost_round": 4.0}, "datetime": {"datetime": "2024-01-19 00:16:25", "elapsed": 279.279946, "delta": 0.000507}}
{"target": -17.67712972021431, "params": {"gamma": 974.074016023763, "log10_alpha": 0.4275595087216688, "log10_colsample_bytree": -0.9182968984977983, "log10_eta": -3.1347811995036206, "log10_lambda": -2.8756611985616645, "log10_min_child_weight": 1.844156225296782, "log10_subsample": -0.712718586134274, "max_depth": 2.0, "num_boost_round": 5.0}, "datetime": {"datetime": "2024-01-19 00:16:25", "elapsed": 279.280454, "delta": 0.000508}}
{"target": -17.677143758579685, "params": {"gamma": 974.074016023763, "log10_alpha": 0.4275595087216688, "log10_colsample_bytree": -0.9182968984977983, "log10_eta": -3.1347811995036206, "log10_lambda": -2.8756611985616645, "log10_min_child_weight": 1.844156225296782, "log10_subsample": -0.712718586134274, "max_depth": 2.0, "num_boost_round": 6.0}, "datetime": {"datetime": "2024-01-19 00:16:25", "elapsed": 279.280974, "delta": 0.00052}}
{"target": -17.677126629582588, "params": {"gamma": 974.074016023763, "log10_alpha": 0.4275595087216688, "log10_colsample_bytree": -0.9182968984977983, "log10_eta": -3.1347811995036206, "log10_lambda": -2.8756611985616645, "log10_min_child_weight": 1.844156225296782, "log10_subsample": -0.712718586134274, "max_depth": 2.0, "num_boost_round": 7.0}, "datetime": {"datetime": "2024-01-19 00:16:25", "elapsed": 279.281482, "delta": 0.000508}}
{"target": -17.67712249957185, "params": {"gamma": 974.074016023763, "log10_alpha": 0.4275595087216688, "log10_colsample_bytree": -0.9182968984977983, "log10_eta": -3.1347811995036206, "log10_lambda": -2.8756611985616645, "log10_min_child_weight": 1.844156225296782, "log10_subsample": -0.712718586134274, "max_depth": 2.0, "num_boost_round": 8.0}, "datetime": {"datetime": "2024-01-19 00:16:25", "elapsed": 279.281992, "delta": 0.00051}}
{"target": -17.677113846891768, "params": {"gamma": 974.074016023763, "log10_alpha": 0.4275595087216688, "log10_colsample_bytree": -0.9182968984977983, "log10_eta": -3.1347811995036206, "log10_lambda": -2.8756611985616645, "log10_min_child_weight": 1.844156225296782, "log10_subsample": -0.712718586134274, "max_depth": 2.0, "num_boost_round": 9.0}, "datetime": {"datetime": "2024-01-19 00:16:25", "elapsed": 279.282769, "delta": 0.000777}}
{"target": -17.677086914692012, "params": {"gamma": 974.074016023763, "log10_alpha": 0.4275595087216688, "log10_colsample_bytree": -0.9182968984977983, "log10_eta": -3.1347811995036206, "log10_lambda": -2.8756611985616645, "log10_min_child_weight": 1.844156225296782, "log10_subsample": -0.712718586134274, "max_depth": 2.0, "num_boost_round": 10.0}, "datetime": {"datetime": "2024-01-19 00:16:25", "elapsed": 279.283503, "delta": 0.000734}}
{"target": -17.677066672127108, "params": {"gamma": 974.074016023763, "log10_alpha": 0.4275595087216688, "log10_colsample_bytree": -0.9182968984977983, "log10_eta": -3.1347811995036206, "log10_lambda": -2.8756611985616645, "log10_min_child_weight": 1.844156225296782, "log10_subsample": -0.712718586134274, "max_depth": 2.0, "num_boost_round": 11.0}, "datetime": {"datetime": "2024-01-19 00:16:25", "elapsed": 279.284137, "delta": 0.000634}}
{"target": -17.67704968722136, "params": {"gamma": 974.074016023763, "log10_alpha": 0.4275595087216688, "log10_colsample_bytree": -0.9182968984977983, "log10_eta": -3.1347811995036206, "log10_lambda": -2.8756611985616645, "log10_min_child_weight": 1.844156225296782, "log10_subsample": -0.712718586134274, "max_depth": 2.0, "num_boost_round": 12.0}, "datetime": {"datetime": "2024-01-19 00:16:25", "elapsed": 279.284668, "delta": 0.000531}}
{"target": -17.677031545218934, "params": {"gamma": 974.074016023763, "log10_alpha": 0.4275595087216688, "log10_colsample_bytree": -0.9182968984977983, "log10_eta": -3.1347811995036206, "log10_lambda": -2.8756611985616645, "log10_min_child_weight": 1.844156225296782, "log10_subsample": -0.712718586134274, "max_depth": 2.0, "num_boost_round": 13.0}, "datetime": {"datetime": "2024-01-19 00:16:25", "elapsed": 279.285288, "delta": 0.00062}}
{"target": -17.677198090451025, "params": {"gamma": 964.506507125266, "log10_alpha": 0.4543819092548631, "log10_colsample_bytree": -0.7793143734837966, "log10_eta": -2.6658563930794097, "log10_lambda": 0.22174051351658086, "log10_min_child_weight": 4.6953222459561275, "log10_subsample": -0.06790451205709236, "max_depth": 5.0, "num_boost_round": 0.0}, "datetime": {"datetime": "2024-01-19 00:16:45", "elapsed": 299.185669, "delta": 19.900381}}
{"target": -17.677172981614937, "params": {"gamma": 964.506507125266, "log10_alpha": 0.4543819092548631, "log10_colsample_bytree": -0.7793143734837966, "log10_eta": -2.6658563930794097, "log10_lambda": 0.22174051351658086, "log10_min_child_weight": 4.6953222459561275, "log10_subsample": -0.06790451205709236, "max_depth": 5.0, "num_boost_round": 1.0}, "datetime": {"datetime": "2024-01-19 00:16:45", "elapsed": 299.186898, "delta": 0.001229}}
{"target": -17.677188849903004, "params": {"gamma": 964.506507125266, "log10_alpha": 0.4543819092548631, "log10_colsample_bytree": -0.7793143734837966, "log10_eta": -2.6658563930794097, "log10_lambda": 0.22174051351658086, "log10_min_child_weight": 4.6953222459561275, "log10_subsample": -0.06790451205709236, "max_depth": 5.0, "num_boost_round": 2.0}, "datetime": {"datetime": "2024-01-19 00:16:45", "elapsed": 299.187626, "delta": 0.000728}}
{"target": -17.677168760834146, "params": {"gamma": 964.506507125266, "log10_alpha": 0.4543819092548631, "log10_colsample_bytree": -0.7793143734837966, "log10_eta": -2.6658563930794097, "log10_lambda": 0.22174051351658086, "log10_min_child_weight": 4.6953222459561275, "log10_subsample": -0.06790451205709236, "max_depth": 5.0, "num_boost_round": 3.0}, "datetime": {"datetime": "2024-01-19 00:16:45", "elapsed": 299.188169, "delta": 0.000543}}
{"target": -17.67714692556343, "params": {"gamma": 964.506507125266, "log10_alpha": 0.4543819092548631, "log10_colsample_bytree": -0.7793143734837966, "log10_eta": -2.6658563930794097, "log10_lambda": 0.22174051351658086, "log10_min_child_weight": 4.6953222459561275, "log10_subsample": -0.06790451205709236, "max_depth": 5.0, "num_boost_round": 4.0}, "datetime": {"datetime": "2024-01-19 00:16:45", "elapsed": 299.188709, "delta": 0.00054}}
{"target": -17.677127776757796, "params": {"gamma": 964.506507125266, "log10_alpha": 0.4543819092548631, "log10_colsample_bytree": -0.7793143734837966, "log10_eta": -2.6658563930794097, "log10_lambda": 0.22174051351658086, "log10_min_child_weight": 4.6953222459561275, "log10_subsample": -0.06790451205709236, "max_depth": 5.0, "num_boost_round": 5.0}, "datetime": {"datetime": "2024-01-19 00:16:45", "elapsed": 299.189238, "delta": 0.000529}}
{"target": -17.67716701933434, "params": {"gamma": 964.506507125266, "log10_alpha": 0.4543819092548631, "log10_colsample_bytree": -0.7793143734837966, "log10_eta": -2.6658563930794097, "log10_lambda": 0.22174051351658086, "log10_min_child_weight": 4.6953222459561275, "log10_subsample": -0.06790451205709236, "max_depth": 5.0, "num_boost_round": 6.0}, "datetime": {"datetime": "2024-01-19 00:16:45", "elapsed": 299.189792, "delta": 0.000554}}
{"target": -17.677132667967072, "params": {"gamma": 964.506507125266, "log10_alpha": 0.4543819092548631, "log10_colsample_bytree": -0.7793143734837966, "log10_eta": -2.6658563930794097, "log10_lambda": 0.22174051351658086, "log10_min_child_weight": 4.6953222459561275, "log10_subsample": -0.06790451205709236, "max_depth": 5.0, "num_boost_round": 7.0}, "datetime": {"datetime": "2024-01-19 00:16:45", "elapsed": 299.190322, "delta": 0.00053}}
{"target": -17.677137235599933, "params": {"gamma": 964.506507125266, "log10_alpha": 0.4543819092548631, "log10_colsample_bytree": -0.7793143734837966, "log10_eta": -2.6658563930794097, "log10_lambda": 0.22174051351658086, "log10_min_child_weight": 4.6953222459561275, "log10_subsample": -0.06790451205709236, "max_depth": 5.0, "num_boost_round": 8.0}, "datetime": {"datetime": "2024-01-19 00:16:45", "elapsed": 299.191123, "delta": 0.000801}}
{"target": -17.67713706728013, "params": {"gamma": 964.506507125266, "log10_alpha": 0.4543819092548631, "log10_colsample_bytree": -0.7793143734837966, "log10_eta": -2.6658563930794097, "log10_lambda": 0.22174051351658086, "log10_min_child_weight": 4.6953222459561275, "log10_subsample": -0.06790451205709236, "max_depth": 5.0, "num_boost_round": 9.0}, "datetime": {"datetime": "2024-01-19 00:16:45", "elapsed": 299.191664, "delta": 0.000541}}
{"target": -17.677124824612704, "params": {"gamma": 964.506507125266, "log10_alpha": 0.4543819092548631, "log10_colsample_bytree": -0.7793143734837966, "log10_eta": -2.6658563930794097, "log10_lambda": 0.22174051351658086, "log10_min_child_weight": 4.6953222459561275, "log10_subsample": -0.06790451205709236, "max_depth": 5.0, "num_boost_round": 10.0}, "datetime": {"datetime": "2024-01-19 00:16:45", "elapsed": 299.192204, "delta": 0.00054}}
{"target": -17.677102198651998, "params": {"gamma": 964.506507125266, "log10_alpha": 0.4543819092548631, "log10_colsample_bytree": -0.7793143734837966, "log10_eta": -2.6658563930794097, "log10_lambda": 0.22174051351658086, "log10_min_child_weight": 4.6953222459561275, "log10_subsample": -0.06790451205709236, "max_depth": 5.0, "num_boost_round": 11.0}, "datetime": {"datetime": "2024-01-19 00:16:45", "elapsed": 299.192748, "delta": 0.000544}}
{"target": -17.677225129582926, "params": {"gamma": 968.91251439966, "log10_alpha": -0.8339703821230557, "log10_colsample_bytree": -0.13795416304177144, "log10_eta": -3.7728239603673455, "log10_lambda": -1.5177328335348195, "log10_min_child_weight": 0.9404125352239817, "log10_subsample": -0.9198199373422462, "max_depth": 4.0, "num_boost_round": 0.0}, "datetime": {"datetime": "2024-01-19 00:17:04", "elapsed": 318.379694, "delta": 19.186946}}
{"target": -17.67721796747939, "params": {"gamma": 968.91251439966, "log10_alpha": -0.8339703821230557, "log10_colsample_bytree": -0.13795416304177144, "log10_eta": -3.7728239603673455, "log10_lambda": -1.5177328335348195, "log10_min_child_weight": 0.9404125352239817, "log10_subsample": -0.9198199373422462, "max_depth": 4.0, "num_boost_round": 1.0}, "datetime": {"datetime": "2024-01-19 00:17:04", "elapsed": 318.381322, "delta": 0.001628}}
{"target": -17.677208245044792, "params": {"gamma": 968.91251439966, "log10_alpha": -0.8339703821230557, "log10_colsample_bytree": -0.13795416304177144, "log10_eta": -3.7728239603673455, "log10_lambda": -1.5177328335348195, "log10_min_child_weight": 0.9404125352239817, "log10_subsample": -0.9198199373422462, "max_depth": 4.0, "num_boost_round": 2.0}, "datetime": {"datetime": "2024-01-19 00:17:04", "elapsed": 318.381911, "delta": 0.000589}}
{"target": -17.677203446658016, "params": {"gamma": 968.91251439966, "log10_alpha": -0.8339703821230557, "log10_colsample_bytree": -0.13795416304177144, "log10_eta": -3.7728239603673455, "log10_lambda": -1.5177328335348195, "log10_min_child_weight": 0.9404125352239817, "log10_subsample": -0.9198199373422462, "max_depth": 4.0, "num_boost_round": 3.0}, "datetime": {"datetime": "2024-01-19 00:17:04", "elapsed": 318.382641, "delta": 0.00073}}
{"target": -17.6771937363623, "params": {"gamma": 968.91251439966, "log10_alpha": -0.8339703821230557, "log10_colsample_bytree": -0.13795416304177144, "log10_eta": -3.7728239603673455, "log10_lambda": -1.5177328335348195, "log10_min_child_weight": 0.9404125352239817, "log10_subsample": -0.9198199373422462, "max_depth": 4.0, "num_boost_round": 4.0}, "datetime": {"datetime": "2024-01-19 00:17:04", "elapsed": 318.383198, "delta": 0.000557}}
{"target": -17.677179116131562, "params": {"gamma": 968.91251439966, "log10_alpha": -0.8339703821230557, "log10_colsample_bytree": -0.13795416304177144, "log10_eta": -3.7728239603673455, "log10_lambda": -1.5177328335348195, "log10_min_child_weight": 0.9404125352239817, "log10_subsample": -0.9198199373422462, "max_depth": 4.0, "num_boost_round": 5.0}, "datetime": {"datetime": "2024-01-19 00:17:04", "elapsed": 318.383755, "delta": 0.000557}}
{"target": -17.677167133132436, "params": {"gamma": 968.91251439966, "log10_alpha": -0.8339703821230557, "log10_colsample_bytree": -0.13795416304177144, "log10_eta": -3.7728239603673455, "log10_lambda": -1.5177328335348195, "log10_min_child_weight": 0.9404125352239817, "log10_subsample": -0.9198199373422462, "max_depth": 4.0, "num_boost_round": 6.0}, "datetime": {"datetime": "2024-01-19 00:17:04", "elapsed": 318.384302, "delta": 0.000547}}
{"target": -17.67716093649059, "params": {"gamma": 968.91251439966, "log10_alpha": -0.8339703821230557, "log10_colsample_bytree": -0.13795416304177144, "log10_eta": -3.7728239603673455, "log10_lambda": -1.5177328335348195, "log10_min_child_weight": 0.9404125352239817, "log10_subsample": -0.9198199373422462, "max_depth": 4.0, "num_boost_round": 7.0}, "datetime": {"datetime": "2024-01-19 00:17:04", "elapsed": 318.384849, "delta": 0.000547}}
{"target": -17.67715536270912, "params": {"gamma": 968.91251439966, "log10_alpha": -0.8339703821230557, "log10_colsample_bytree": -0.13795416304177144, "log10_eta": -3.7728239603673455, "log10_lambda": -1.5177328335348195, "log10_min_child_weight": 0.9404125352239817, "log10_subsample": -0.9198199373422462, "max_depth": 4.0, "num_boost_round": 8.0}, "datetime": {"datetime": "2024-01-19 00:17:04", "elapsed": 318.385397, "delta": 0.000548}}
{"target": -17.677149951870426, "params": {"gamma": 968.91251439966, "log10_alpha": -0.8339703821230557, "log10_colsample_bytree": -0.13795416304177144, "log10_eta": -3.7728239603673455, "log10_lambda": -1.5177328335348195, "log10_min_child_weight": 0.9404125352239817, "log10_subsample": -0.9198199373422462, "max_depth": 4.0, "num_boost_round": 9.0}, "datetime": {"datetime": "2024-01-19 00:17:04", "elapsed": 318.385938, "delta": 0.000541}}
{"target": -17.677142522003948, "params": {"gamma": 968.91251439966, "log10_alpha": -0.8339703821230557, "log10_colsample_bytree": -0.13795416304177144, "log10_eta": -3.7728239603673455, "log10_lambda": -1.5177328335348195, "log10_min_child_weight": 0.9404125352239817, "log10_subsample": -0.9198199373422462, "max_depth": 4.0, "num_boost_round": 10.0}, "datetime": {"datetime": "2024-01-19 00:17:04", "elapsed": 318.386487, "delta": 0.000549}}
{"target": -17.67713664266603, "params": {"gamma": 968.91251439966, "log10_alpha": -0.8339703821230557, "log10_colsample_bytree": -0.13795416304177144, "log10_eta": -3.7728239603673455, "log10_lambda": -1.5177328335348195, "log10_min_child_weight": 0.9404125352239817, "log10_subsample": -0.9198199373422462, "max_depth": 4.0, "num_boost_round": 11.0}, "datetime": {"datetime": "2024-01-19 00:17:04", "elapsed": 318.387035, "delta": 0.000548}}
{"target": -17.677128712622903, "params": {"gamma": 968.91251439966, "log10_alpha": -0.8339703821230557, "log10_colsample_bytree": -0.13795416304177144, "log10_eta": -3.7728239603673455, "log10_lambda": -1.5177328335348195, "log10_min_child_weight": 0.9404125352239817, "log10_subsample": -0.9198199373422462, "max_depth": 4.0, "num_boost_round": 12.0}, "datetime": {"datetime": "2024-01-19 00:17:04", "elapsed": 318.387663, "delta": 0.000628}}
{"target": -17.677121776601606, "params": {"gamma": 968.91251439966, "log10_alpha": -0.8339703821230557, "log10_colsample_bytree": -0.13795416304177144, "log10_eta": -3.7728239603673455, "log10_lambda": -1.5177328335348195, "log10_min_child_weight": 0.9404125352239817, "log10_subsample": -0.9198199373422462, "max_depth": 4.0, "num_boost_round": 13.0}, "datetime": {"datetime": "2024-01-19 00:17:04", "elapsed": 318.388219, "delta": 0.000556}}
{"target": -17.6771480215294, "params": {"gamma": 966.3890255773953, "log10_alpha": 0.9445331962240884, "log10_colsample_bytree": -0.9495330219440601, "log10_eta": -1.8169886871879566, "log10_lambda": -0.07211582485431922, "log10_min_child_weight": 1.8816380765560192, "log10_subsample": -0.23501106852949283, "max_depth": 5.0, "num_boost_round": 0.0}, "datetime": {"datetime": "2024-01-19 00:17:23", "elapsed": 337.776401, "delta": 19.388182}}
{"target": -17.676693709688923, "params": {"gamma": 966.3890255773953, "log10_alpha": 0.9445331962240884, "log10_colsample_bytree": -0.9495330219440601, "log10_eta": -1.8169886871879566, "log10_lambda": -0.07211582485431922, "log10_min_child_weight": 1.8816380765560192, "log10_subsample": -0.23501106852949283, "max_depth": 5.0, "num_boost_round": 1.0}, "datetime": {"datetime": "2024-01-19 00:17:23", "elapsed": 337.77728, "delta": 0.000879}}
{"target": -17.67660592829853, "params": {"gamma": 966.3890255773953, "log10_alpha": 0.9445331962240884, "log10_colsample_bytree": -0.9495330219440601, "log10_eta": -1.8169886871879566, "log10_lambda": -0.07211582485431922, "log10_min_child_weight": 1.8816380765560192, "log10_subsample": -0.23501106852949283, "max_depth": 5.0, "num_boost_round": 2.0}, "datetime": {"datetime": "2024-01-19 00:17:23", "elapsed": 337.777864, "delta": 0.000584}}
{"target": -17.676051905887018, "params": {"gamma": 966.3890255773953, "log10_alpha": 0.9445331962240884, "log10_colsample_bytree": -0.9495330219440601, "log10_eta": -1.8169886871879566, "log10_lambda": -0.07211582485431922, "log10_min_child_weight": 1.8816380765560192, "log10_subsample": -0.23501106852949283, "max_depth": 5.0, "num_boost_round": 3.0}, "datetime": {"datetime": "2024-01-19 00:17:23", "elapsed": 337.77843, "delta": 0.000566}}
{"target": -17.675407112248656, "params": {"gamma": 966.3890255773953, "log10_alpha": 0.9445331962240884, "log10_colsample_bytree": -0.9495330219440601, "log10_eta": -1.8169886871879566, "log10_lambda": -0.07211582485431922, "log10_min_child_weight": 1.8816380765560192, "log10_subsample": -0.23501106852949283, "max_depth": 5.0, "num_boost_round": 4.0}, "datetime": {"datetime": "2024-01-19 00:17:23", "elapsed": 337.778988, "delta": 0.000558}}
{"target": -17.67510872351558, "params": {"gamma": 966.3890255773953, "log10_alpha": 0.9445331962240884, "log10_colsample_bytree": -0.9495330219440601, "log10_eta": -1.8169886871879566, "log10_lambda": -0.07211582485431922, "log10_min_child_weight": 1.8816380765560192, "log10_subsample": -0.23501106852949283, "max_depth": 5.0, "num_boost_round": 5.0}, "datetime": {"datetime": "2024-01-19 00:17:23", "elapsed": 337.779651, "delta": 0.000663}}
{"target": -17.67562971007807, "params": {"gamma": 966.3890255773953, "log10_alpha": 0.9445331962240884, "log10_colsample_bytree": -0.9495330219440601, "log10_eta": -1.8169886871879566, "log10_lambda": -0.07211582485431922, "log10_min_child_weight": 1.8816380765560192, "log10_subsample": -0.23501106852949283, "max_depth": 5.0, "num_boost_round": 6.0}, "datetime": {"datetime": "2024-01-19 00:17:23", "elapsed": 337.780208, "delta": 0.000557}}
{"target": -17.67530697550776, "params": {"gamma": 966.3890255773953, "log10_alpha": 0.9445331962240884, "log10_colsample_bytree": -0.9495330219440601, "log10_eta": -1.8169886871879566, "log10_lambda": -0.07211582485431922, "log10_min_child_weight": 1.8816380765560192, "log10_subsample": -0.23501106852949283, "max_depth": 5.0, "num_boost_round": 7.0}, "datetime": {"datetime": "2024-01-19 00:17:23", "elapsed": 337.780764, "delta": 0.000556}}
{"target": -17.67531893198329, "params": {"gamma": 966.3890255773953, "log10_alpha": 0.9445331962240884, "log10_colsample_bytree": -0.9495330219440601, "log10_eta": -1.8169886871879566, "log10_lambda": -0.07211582485431922, "log10_min_child_weight": 1.8816380765560192, "log10_subsample": -0.23501106852949283, "max_depth": 5.0, "num_boost_round": 8.0}, "datetime": {"datetime": "2024-01-19 00:17:23", "elapsed": 337.781325, "delta": 0.000561}}
