{"target": -17.67639785947154, "params": {"gamma": 716.5197190178793, "log10_alpha": -2.0096915947123484, "log10_colsample_bytree": -0.32638195586473595, "log10_eta": -3.3716109930748615, "log10_lambda": 0.39860306025349335, "log10_min_child_weight": 0.5165400637258366, "log10_subsample": -0.20470618064499668, "max_depth": 4.0, "num_boost_round": 59.0}, "datetime": {"datetime": "2024-01-19 00:54:12", "elapsed": 2559.446932, "delta": 0.003397}}
{"target": -17.676380551555965, "params": {"gamma": 716.5197190178793, "log10_alpha": -2.0096915947123484, "log10_colsample_bytree": -0.32638195586473595, "log10_eta": -3.3716109930748615, "log10_lambda": 0.39860306025349335, "log10_min_child_weight": 0.5165400637258366, "log10_subsample": -0.20470618064499668, "max_depth": 4.0, "num_boost_round": 60.0}, "datetime": {"datetime": "2024-01-19 00:54:12", "elapsed": 2559.450465, "delta": 0.003533}}
{"target": -17.6763701322619, "params": {"gamma": 716.5197190178793, "log10_alpha": -2.0096915947123484, "log10_colsample_bytree": -0.32638195586473595, "log10_eta": -3.3716109930748615, "log10_lambda": 0.39860306025349335, "log10_min_child_weight": 0.5165400637258366, "log10_subsample": -0.20470618064499668, "max_depth": 4.0, "num_boost_round": 61.0}, "datetime": {"datetime": "2024-01-19 00:54:12", "elapsed": 2559.453915, "delta": 0.00345}}
{"target": -17.676336995138666, "params": {"gamma": 716.5197190178793, "log10_alpha": -2.0096915947123484, "log10_colsample_bytree": -0.32638195586473595, "log10_eta": -3.3716109930748615, "log10_lambda": 0.39860306025349335, "log10_min_child_weight": 0.5165400637258366, "log10_subsample": -0.20470618064499668, "max_depth": 4.0, "num_boost_round": 62.0}, "datetime": {"datetime": "2024-01-19 00:54:12", "elapsed": 2559.457318, "delta": 0.003403}}
{"target": -17.676339898036737, "params": {"gamma": 716.5197190178793, "log10_alpha": -2.0096915947123484, "log10_colsample_bytree": -0.32638195586473595, "log10_eta": -3.3716109930748615, "log10_lambda": 0.39860306025349335, "log10_min_child_weight": 0.5165400637258366, "log10_subsample": -0.20470618064499668, "max_depth": 4.0, "num_boost_round": 63.0}, "datetime": {"datetime": "2024-01-19 00:54:12", "elapsed": 2559.578081, "delta": 0.120763}}
{"target": -17.676323729447596, "params": {"gamma": 716.5197190178793, "log10_alpha": -2.0096915947123484, "log10_colsample_bytree": -0.32638195586473595, "log10_eta": -3.3716109930748615, "log10_lambda": 0.39860306025349335, "log10_min_child_weight": 0.5165400637258366, "log10_subsample": -0.20470618064499668, "max_depth": 4.0, "num_boost_round": 64.0}, "datetime": {"datetime": "2024-01-19 00:54:12", "elapsed": 2559.582292, "delta": 0.004211}}
{"target": -17.676309959549393, "params": {"gamma": 716.5197190178793, "log10_alpha": -2.0096915947123484, "log10_colsample_bytree": -0.32638195586473595, "log10_eta": -3.3716109930748615, "log10_lambda": 0.39860306025349335, "log10_min_child_weight": 0.5165400637258366, "log10_subsample": -0.20470618064499668, "max_depth": 4.0, "num_boost_round": 65.0}, "datetime": {"datetime": "2024-01-19 00:54:12", "elapsed": 2559.586397, "delta": 0.004105}}
{"target": -17.6763123628302, "params": {"gamma": 716.5197190178793, "log10_alpha": -2.0096915947123484, "log10_colsample_bytree": -0.32638195586473595, "log10_eta": -3.3716109930748615, "log10_lambda": 0.39860306025349335, "log10_min_child_weight": 0.5165400637258366, "log10_subsample": -0.20470618064499668, "max_depth": 4.0, "num_boost_round": 66.0}, "datetime": {"datetime": "2024-01-19 00:54:12", "elapsed": 2559.589992, "delta": 0.003595}}
{"target": -17.676302904414104, "params": {"gamma": 716.5197190178793, "log10_alpha": -2.0096915947123484, "log10_colsample_bytree": -0.32638195586473595, "log10_eta": -3.3716109930748615, "log10_lambda": 0.39860306025349335, "log10_min_child_weight": 0.5165400637258366, "log10_subsample": -0.20470618064499668, "max_depth": 4.0, "num_boost_round": 67.0}, "datetime": {"datetime": "2024-01-19 00:54:12", "elapsed": 2559.593672, "delta": 0.00368}}
{"target": -17.67630077543522, "params": {"gamma": 716.5197190178793, "log10_alpha": -2.0096915947123484, "log10_colsample_bytree": -0.32638195586473595, "log10_eta": -3.3716109930748615, "log10_lambda": 0.39860306025349335, "log10_min_child_weight": 0.5165400637258366, "log10_subsample": -0.20470618064499668, "max_depth": 4.0, "num_boost_round": 68.0}, "datetime": {"datetime": "2024-01-19 00:54:12", "elapsed": 2559.5972, "delta": 0.003528}}
{"target": -17.67723049261729, "params": {"gamma": 734.8991602652588, "log10_alpha": -2.768798168306203, "log10_colsample_bytree": -0.16873910904018852, "log10_eta": -3.147970031164117, "log10_lambda": -3.1695885364115064, "log10_min_child_weight": 2.955051020085519, "log10_subsample": -0.07121692857804374, "max_depth": 7.0, "num_boost_round": 0.0}, "datetime": {"datetime": "2024-01-19 00:55:50", "elapsed": 2658.22135, "delta": 98.62415}}
{"target": -17.677214716042478, "params": {"gamma": 734.8991602652588, "log10_alpha": -2.768798168306203, "log10_colsample_bytree": -0.16873910904018852, "log10_eta": -3.147970031164117, "log10_lambda": -3.1695885364115064, "log10_min_child_weight": 2.955051020085519, "log10_subsample": -0.07121692857804374, "max_depth": 7.0, "num_boost_round": 1.0}, "datetime": {"datetime": "2024-01-19 00:55:50", "elapsed": 2658.225323, "delta": 0.003973}}
{"target": -17.67718120679034, "params": {"gamma": 734.8991602652588, "log10_alpha": -2.768798168306203, "log10_colsample_bytree": -0.16873910904018852, "log10_eta": -3.147970031164117, "log10_lambda": -3.1695885364115064, "log10_min_child_weight": 2.955051020085519, "log10_subsample": -0.07121692857804374, "max_depth": 7.0, "num_boost_round": 2.0}, "datetime": {"datetime": "2024-01-19 00:55:50", "elapsed": 2658.229138, "delta": 0.003815}}
{"target": -17.677155988757868, "params": {"gamma": 734.8991602652588, "log10_alpha": -2.768798168306203, "log10_colsample_bytree": -0.16873910904018852, "log10_eta": -3.147970031164117, "log10_lambda": -3.1695885364115064, "log10_min_child_weight": 2.955051020085519, "log10_subsample": -0.07121692857804374, "max_depth": 7.0, "num_boost_round": 3.0}, "datetime": {"datetime": "2024-01-19 00:55:50", "elapsed": 2658.232714, "delta": 0.003576}}
{"target": -17.67711140091892, "params": {"gamma": 734.8991602652588, "log10_alpha": -2.768798168306203, "log10_colsample_bytree": -0.16873910904018852, "log10_eta": -3.147970031164117, "log10_lambda": -3.1695885364115064, "log10_min_child_weight": 2.955051020085519, "log10_subsample": -0.07121692857804374, "max_depth": 7.0, "num_boost_round": 4.0}, "datetime": {"datetime": "2024-01-19 00:55:50", "elapsed": 2658.236121, "delta": 0.003407}}
{"target": -17.677092271176754, "params": {"gamma": 734.8991602652588, "log10_alpha": -2.768798168306203, "log10_colsample_bytree": -0.16873910904018852, "log10_eta": -3.147970031164117, "log10_lambda": -3.1695885364115064, "log10_min_child_weight": 2.955051020085519, "log10_subsample": -0.07121692857804374, "max_depth": 7.0, "num_boost_round": 5.0}, "datetime": {"datetime": "2024-01-19 00:55:50", "elapsed": 2658.239623, "delta": 0.003502}}
{"target": -17.677050233407716, "params": {"gamma": 734.8991602652588, "log10_alpha": -2.768798168306203, "log10_colsample_bytree": -0.16873910904018852, "log10_eta": -3.147970031164117, "log10_lambda": -3.1695885364115064, "log10_min_child_weight": 2.955051020085519, "log10_subsample": -0.07121692857804374, "max_depth": 7.0, "num_boost_round": 6.0}, "datetime": {"datetime": "2024-01-19 00:55:50", "elapsed": 2658.243126, "delta": 0.003503}}
{"target": -17.677034372324908, "params": {"gamma": 734.8991602652588, "log10_alpha": -2.768798168306203, "log10_colsample_bytree": -0.16873910904018852, "log10_eta": -3.147970031164117, "log10_lambda": -3.1695885364115064, "log10_min_child_weight": 2.955051020085519, "log10_subsample": -0.07121692857804374, "max_depth": 7.0, "num_boost_round": 7.0}, "datetime": {"datetime": "2024-01-19 00:55:50", "elapsed": 2658.246536, "delta": 0.00341}}
{"target": -17.67699474583631, "params": {"gamma": 734.8991602652588, "log10_alpha": -2.768798168306203, "log10_colsample_bytree": -0.16873910904018852, "log10_eta": -3.147970031164117, "log10_lambda": -3.1695885364115064, "log10_min_child_weight": 2.955051020085519, "log10_subsample": -0.07121692857804374, "max_depth": 7.0, "num_boost_round": 8.0}, "datetime": {"datetime": "2024-01-19 00:55:50", "elapsed": 2658.250058, "delta": 0.003522}}
{"target": -17.676966150535783, "params": {"gamma": 734.8991602652588, "log10_alpha": -2.768798168306203, "log10_colsample_bytree": -0.16873910904018852, "log10_eta": -3.147970031164117, "log10_lambda": -3.1695885364115064, "log10_min_child_weight": 2.955051020085519, "log10_subsample": -0.07121692857804374, "max_depth": 7.0, "num_boost_round": 9.0}, "datetime": {"datetime": "2024-01-19 00:55:50", "elapsed": 2658.253444, "delta": 0.003386}}
{"target": -17.676963713160067, "params": {"gamma": 734.8991602652588, "log10_alpha": -2.768798168306203, "log10_colsample_bytree": -0.16873910904018852, "log10_eta": -3.147970031164117, "log10_lambda": -3.1695885364115064, "log10_min_child_weight": 2.955051020085519, "log10_subsample": -0.07121692857804374, "max_depth": 7.0, "num_boost_round": 10.0}, "datetime": {"datetime": "2024-01-19 00:55:50", "elapsed": 2658.25696, "delta": 0.003516}}
{"target": -17.676923008498957, "params": {"gamma": 734.8991602652588, "log10_alpha": -2.768798168306203, "log10_colsample_bytree": -0.16873910904018852, "log10_eta": -3.147970031164117, "log10_lambda": -3.1695885364115064, "log10_min_child_weight": 2.955051020085519, "log10_subsample": -0.07121692857804374, "max_depth": 7.0, "num_boost_round": 11.0}, "datetime": {"datetime": "2024-01-19 00:55:50", "elapsed": 2658.26035, "delta": 0.00339}}
{"target": -17.676893971946374, "params": {"gamma": 734.8991602652588, "log10_alpha": -2.768798168306203, "log10_colsample_bytree": -0.16873910904018852, "log10_eta": -3.147970031164117, "log10_lambda": -3.1695885364115064, "log10_min_child_weight": 2.955051020085519, "log10_subsample": -0.07121692857804374, "max_depth": 7.0, "num_boost_round": 12.0}, "datetime": {"datetime": "2024-01-19 00:55:50", "elapsed": 2658.263741, "delta": 0.003391}}
{"target": -17.676841804497503, "params": {"gamma": 734.8991602652588, "log10_alpha": -2.768798168306203, "log10_colsample_bytree": -0.16873910904018852, "log10_eta": -3.147970031164117, "log10_lambda": -3.1695885364115064, "log10_min_child_weight": 2.955051020085519, "log10_subsample": -0.07121692857804374, "max_depth": 7.0, "num_boost_round": 13.0}, "datetime": {"datetime": "2024-01-19 00:55:50", "elapsed": 2658.267117, "delta": 0.003376}}
{"target": -17.676808508763717, "params": {"gamma": 734.8991602652588, "log10_alpha": -2.768798168306203, "log10_colsample_bytree": -0.16873910904018852, "log10_eta": -3.147970031164117, "log10_lambda": -3.1695885364115064, "log10_min_child_weight": 2.955051020085519, "log10_subsample": -0.07121692857804374, "max_depth": 7.0, "num_boost_round": 14.0}, "datetime": {"datetime": "2024-01-19 00:55:50", "elapsed": 2658.270652, "delta": 0.003535}}
{"target": -17.676785213156045, "params": {"gamma": 734.8991602652588, "log10_alpha": -2.768798168306203, "log10_colsample_bytree": -0.16873910904018852, "log10_eta": -3.147970031164117, "log10_lambda": -3.1695885364115064, "log10_min_child_weight": 2.955051020085519, "log10_subsample": -0.07121692857804374, "max_depth": 7.0, "num_boost_round": 15.0}, "datetime": {"datetime": "2024-01-19 00:55:50", "elapsed": 2658.274032, "delta": 0.00338}}
{"target": -17.676775319252574, "params": {"gamma": 734.8991602652588, "log10_alpha": -2.768798168306203, "log10_colsample_bytree": -0.16873910904018852, "log10_eta": -3.147970031164117, "log10_lambda": -3.1695885364115064, "log10_min_child_weight": 2.955051020085519, "log10_subsample": -0.07121692857804374, "max_depth": 7.0, "num_boost_round": 16.0}, "datetime": {"datetime": "2024-01-19 00:55:50", "elapsed": 2658.277989, "delta": 0.003957}}
{"target": -17.676735738919362, "params": {"gamma": 734.8991602652588, "log10_alpha": -2.768798168306203, "log10_colsample_bytree": -0.16873910904018852, "log10_eta": -3.147970031164117, "log10_lambda": -3.1695885364115064, "log10_min_child_weight": 2.955051020085519, "log10_subsample": -0.07121692857804374, "max_depth": 7.0, "num_boost_round": 17.0}, "datetime": {"datetime": "2024-01-19 00:55:50", "elapsed": 2658.281548, "delta": 0.003559}}
{"target": -17.676699281051654, "params": {"gamma": 734.8991602652588, "log10_alpha": -2.768798168306203, "log10_colsample_bytree": -0.16873910904018852, "log10_eta": -3.147970031164117, "log10_lambda": -3.1695885364115064, "log10_min_child_weight": 2.955051020085519, "log10_subsample": -0.07121692857804374, "max_depth": 7.0, "num_boost_round": 18.0}, "datetime": {"datetime": "2024-01-19 00:55:50", "elapsed": 2658.284991, "delta": 0.003443}}
{"target": -17.67667246409021, "params": {"gamma": 734.8991602652588, "log10_alpha": -2.768798168306203, "log10_colsample_bytree": -0.16873910904018852, "log10_eta": -3.147970031164117, "log10_lambda": -3.1695885364115064, "log10_min_child_weight": 2.955051020085519, "log10_subsample": -0.07121692857804374, "max_depth": 7.0, "num_boost_round": 19.0}, "datetime": {"datetime": "2024-01-19 00:55:50", "elapsed": 2658.289199, "delta": 0.004208}}
{"target": -17.67663473004235, "params": {"gamma": 734.8991602652588, "log10_alpha": -2.768798168306203, "log10_colsample_bytree": -0.16873910904018852, "log10_eta": -3.147970031164117, "log10_lambda": -3.1695885364115064, "log10_min_child_weight": 2.955051020085519, "log10_subsample": -0.07121692857804374, "max_depth": 7.0, "num_boost_round": 20.0}, "datetime": {"datetime": "2024-01-19 00:55:50", "elapsed": 2658.292994, "delta": 0.003795}}
{"target": -17.67660747939536, "params": {"gamma": 734.8991602652588, "log10_alpha": -2.768798168306203, "log10_colsample_bytree": -0.16873910904018852, "log10_eta": -3.147970031164117, "log10_lambda": -3.1695885364115064, "log10_min_child_weight": 2.955051020085519, "log10_subsample": -0.07121692857804374, "max_depth": 7.0, "num_boost_round": 21.0}, "datetime": {"datetime": "2024-01-19 00:55:50", "elapsed": 2658.296602, "delta": 0.003608}}
{"target": -17.676568110583982, "params": {"gamma": 734.8991602652588, "log10_alpha": -2.768798168306203, "log10_colsample_bytree": -0.16873910904018852, "log10_eta": -3.147970031164117, "log10_lambda": -3.1695885364115064, "log10_min_child_weight": 2.955051020085519, "log10_subsample": -0.07121692857804374, "max_depth": 7.0, "num_boost_round": 22.0}, "datetime": {"datetime": "2024-01-19 00:55:50", "elapsed": 2658.300054, "delta": 0.003452}}
{"target": -17.676470901419666, "params": {"gamma": 734.8991602652588, "log10_alpha": -2.768798168306203, "log10_colsample_bytree": -0.16873910904018852, "log10_eta": -3.147970031164117, "log10_lambda": -3.1695885364115064, "log10_min_child_weight": 2.955051020085519, "log10_subsample": -0.07121692857804374, "max_depth": 7.0, "num_boost_round": 23.0}, "datetime": {"datetime": "2024-01-19 00:55:50", "elapsed": 2658.303554, "delta": 0.0035}}
{"target": -17.67643966931799, "params": {"gamma": 734.8991602652588, "log10_alpha": -2.768798168306203, "log10_colsample_bytree": -0.16873910904018852, "log10_eta": -3.147970031164117, "log10_lambda": -3.1695885364115064, "log10_min_child_weight": 2.955051020085519, "log10_subsample": -0.07121692857804374, "max_depth": 7.0, "num_boost_round": 24.0}, "datetime": {"datetime": "2024-01-19 00:55:50", "elapsed": 2658.307024, "delta": 0.00347}}
{"target": -17.67641527264485, "params": {"gamma": 734.8991602652588, "log10_alpha": -2.768798168306203, "log10_colsample_bytree": -0.16873910904018852, "log10_eta": -3.147970031164117, "log10_lambda": -3.1695885364115064, "log10_min_child_weight": 2.955051020085519, "log10_subsample": -0.07121692857804374, "max_depth": 7.0, "num_boost_round": 25.0}, "datetime": {"datetime": "2024-01-19 00:55:50", "elapsed": 2658.310614, "delta": 0.00359}}
{"target": -17.67640467329671, "params": {"gamma": 734.8991602652588, "log10_alpha": -2.768798168306203, "log10_colsample_bytree": -0.16873910904018852, "log10_eta": -3.147970031164117, "log10_lambda": -3.1695885364115064, "log10_min_child_weight": 2.955051020085519, "log10_subsample": -0.07121692857804374, "max_depth": 7.0, "num_boost_round": 26.0}, "datetime": {"datetime": "2024-01-19 00:55:50", "elapsed": 2658.314032, "delta": 0.003418}}
{"target": -17.676375365418085, "params": {"gamma": 734.8991602652588, "log10_alpha": -2.768798168306203, "log10_colsample_bytree": -0.16873910904018852, "log10_eta": -3.147970031164117, "log10_lambda": -3.1695885364115064, "log10_min_child_weight": 2.955051020085519, "log10_subsample": -0.07121692857804374, "max_depth": 7.0, "num_boost_round": 27.0}, "datetime": {"datetime": "2024-01-19 00:55:50", "elapsed": 2658.317566, "delta": 0.003534}}
{"target": -17.676343574146628, "params": {"gamma": 734.8991602652588, "log10_alpha": -2.768798168306203, "log10_colsample_bytree": -0.16873910904018852, "log10_eta": -3.147970031164117, "log10_lambda": -3.1695885364115064, "log10_min_child_weight": 2.955051020085519, "log10_subsample": -0.07121692857804374, "max_depth": 7.0, "num_boost_round": 28.0}, "datetime": {"datetime": "2024-01-19 00:55:50", "elapsed": 2658.32114, "delta": 0.003574}}
{"target": -17.676325453984497, "params": {"gamma": 734.8991602652588, "log10_alpha": -2.768798168306203, "log10_colsample_bytree": -0.16873910904018852, "log10_eta": -3.147970031164117, "log10_lambda": -3.1695885364115064, "log10_min_child_weight": 2.955051020085519, "log10_subsample": -0.07121692857804374, "max_depth": 7.0, "num_boost_round": 29.0}, "datetime": {"datetime": "2024-01-19 00:55:50", "elapsed": 2658.324613, "delta": 0.003473}}
{"target": -17.67629667583936, "params": {"gamma": 734.8991602652588, "log10_alpha": -2.768798168306203, "log10_colsample_bytree": -0.16873910904018852, "log10_eta": -3.147970031164117, "log10_lambda": -3.1695885364115064, "log10_min_child_weight": 2.955051020085519, "log10_subsample": -0.07121692857804374, "max_depth": 7.0, "num_boost_round": 30.0}, "datetime": {"datetime": "2024-01-19 00:55:50", "elapsed": 2658.328328, "delta": 0.003715}}
{"target": -17.676290304826853, "params": {"gamma": 734.8991602652588, "log10_alpha": -2.768798168306203, "log10_colsample_bytree": -0.16873910904018852, "log10_eta": -3.147970031164117, "log10_lambda": -3.1695885364115064, "log10_min_child_weight": 2.955051020085519, "log10_subsample": -0.07121692857804374, "max_depth": 7.0, "num_boost_round": 31.0}, "datetime": {"datetime": "2024-01-19 00:55:50", "elapsed": 2658.33197, "delta": 0.003642}}
{"target": -17.676258563440847, "params": {"gamma": 734.8991602652588, "log10_alpha": -2.768798168306203, "log10_colsample_bytree": -0.16873910904018852, "log10_eta": -3.147970031164117, "log10_lambda": -3.1695885364115064, "log10_min_child_weight": 2.955051020085519, "log10_subsample": -0.07121692857804374, "max_depth": 7.0, "num_boost_round": 32.0}, "datetime": {"datetime": "2024-01-19 00:55:50", "elapsed": 2658.335402, "delta": 0.003432}}
{"target": -17.67620964858045, "params": {"gamma": 734.8991602652588, "log10_alpha": -2.768798168306203, "log10_colsample_bytree": -0.16873910904018852, "log10_eta": -3.147970031164117, "log10_lambda": -3.1695885364115064, "log10_min_child_weight": 2.955051020085519, "log10_subsample": -0.07121692857804374, "max_depth": 7.0, "num_boost_round": 33.0}, "datetime": {"datetime": "2024-01-19 00:55:51", "elapsed": 2658.338959, "delta": 0.003557}}
{"target": -17.67619166638932, "params": {"gamma": 734.8991602652588, "log10_alpha": -2.768798168306203, "log10_colsample_bytree": -0.16873910904018852, "log10_eta": -3.147970031164117, "log10_lambda": -3.1695885364115064, "log10_min_child_weight": 2.955051020085519, "log10_subsample": -0.07121692857804374, "max_depth": 7.0, "num_boost_round": 34.0}, "datetime": {"datetime": "2024-01-19 00:55:51", "elapsed": 2658.342403, "delta": 0.003444}}
{"target": -17.676180017260144, "params": {"gamma": 734.8991602652588, "log10_alpha": -2.768798168306203, "log10_colsample_bytree": -0.16873910904018852, "log10_eta": -3.147970031164117, "log10_lambda": -3.1695885364115064, "log10_min_child_weight": 2.955051020085519, "log10_subsample": -0.07121692857804374, "max_depth": 7.0, "num_boost_round": 35.0}, "datetime": {"datetime": "2024-01-19 00:55:51", "elapsed": 2658.345862, "delta": 0.003459}}
{"target": -17.676155378594927, "params": {"gamma": 734.8991602652588, "log10_alpha": -2.768798168306203, "log10_colsample_bytree": -0.16873910904018852, "log10_eta": -3.147970031164117, "log10_lambda": -3.1695885364115064, "log10_min_child_weight": 2.955051020085519, "log10_subsample": -0.07121692857804374, "max_depth": 7.0, "num_boost_round": 36.0}, "datetime": {"datetime": "2024-01-19 00:55:51", "elapsed": 2658.349351, "delta": 0.003489}}
{"target": -17.67610636737159, "params": {"gamma": 734.8991602652588, "log10_alpha": -2.768798168306203, "log10_colsample_bytree": -0.16873910904018852, "log10_eta": -3.147970031164117, "log10_lambda": -3.1695885364115064, "log10_min_child_weight": 2.955051020085519, "log10_subsample": -0.07121692857804374, "max_depth": 7.0, "num_boost_round": 37.0}, "datetime": {"datetime": "2024-01-19 00:55:51", "elapsed": 2658.352813, "delta": 0.003462}}
{"target": -17.67610013956194, "params": {"gamma": 734.8991602652588, "log10_alpha": -2.768798168306203, "log10_colsample_bytree": -0.16873910904018852, "log10_eta": -3.147970031164117, "log10_lambda": -3.1695885364115064, "log10_min_child_weight": 2.955051020085519, "log10_subsample": -0.07121692857804374, "max_depth": 7.0, "num_boost_round": 38.0}, "datetime": {"datetime": "2024-01-19 00:55:51", "elapsed": 2658.356276, "delta": 0.003463}}
