{"target": -17.677184911433176, "params": {"gamma": 539.2831008886546, "log10_alpha": -4.9618144113908045, "log10_colsample_bytree": -0.5339893415139181, "log10_eta": -3.495949899346483, "log10_lambda": -2.8604687286025956, "log10_min_child_weight": 3.848612546117667, "log10_subsample": -0.23009688387355975, "max_depth": 5.0, "num_boost_round": 6.0}, "datetime": {"datetime": "2024-01-19 00:27:48", "elapsed": 966.047305, "delta": 0.001488}}
{"target": -17.67718641006789, "params": {"gamma": 539.2831008886546, "log10_alpha": -4.9618144113908045, "log10_colsample_bytree": -0.5339893415139181, "log10_eta": -3.495949899346483, "log10_lambda": -2.8604687286025956, "log10_min_child_weight": 3.848612546117667, "log10_subsample": -0.23009688387355975, "max_depth": 5.0, "num_boost_round": 7.0}, "datetime": {"datetime": "2024-01-19 00:27:48", "elapsed": 966.048768, "delta": 0.001463}}
{"target": -17.677174351007903, "params": {"gamma": 539.2831008886546, "log10_alpha": -4.9618144113908045, "log10_colsample_bytree": -0.5339893415139181, "log10_eta": -3.495949899346483, "log10_lambda": -2.8604687286025956, "log10_min_child_weight": 3.848612546117667, "log10_subsample": -0.23009688387355975, "max_depth": 5.0, "num_boost_round": 8.0}, "datetime": {"datetime": "2024-01-19 00:27:48", "elapsed": 966.050332, "delta": 0.001564}}
{"target": -17.677163410379805, "params": {"gamma": 539.2831008886546, "log10_alpha": -4.9618144113908045, "log10_colsample_bytree": -0.5339893415139181, "log10_eta": -3.495949899346483, "log10_lambda": -2.8604687286025956, "log10_min_child_weight": 3.848612546117667, "log10_subsample": -0.23009688387355975, "max_depth": 5.0, "num_boost_round": 9.0}, "datetime": {"datetime": "2024-01-19 00:27:48", "elapsed": 966.05179, "delta": 0.001458}}
{"target": -17.677148236021033, "params": {"gamma": 539.2831008886546, "log10_alpha": -4.9618144113908045, "log10_colsample_bytree": -0.5339893415139181, "log10_eta": -3.495949899346483, "log10_lambda": -2.8604687286025956, "log10_min_child_weight": 3.848612546117667, "log10_subsample": -0.23009688387355975, "max_depth": 5.0, "num_boost_round": 10.0}, "datetime": {"datetime": "2024-01-19 00:27:48", "elapsed": 966.053324, "delta": 0.001534}}
{"target": -17.67714258091652, "params": {"gamma": 539.2831008886546, "log10_alpha": -4.9618144113908045, "log10_colsample_bytree": -0.5339893415139181, "log10_eta": -3.495949899346483, "log10_lambda": -2.8604687286025956, "log10_min_child_weight": 3.848612546117667, "log10_subsample": -0.23009688387355975, "max_depth": 5.0, "num_boost_round": 11.0}, "datetime": {"datetime": "2024-01-19 00:27:48", "elapsed": 966.054778, "delta": 0.001454}}
{"target": -17.67713184113202, "params": {"gamma": 539.2831008886546, "log10_alpha": -4.9618144113908045, "log10_colsample_bytree": -0.5339893415139181, "log10_eta": -3.495949899346483, "log10_lambda": -2.8604687286025956, "log10_min_child_weight": 3.848612546117667, "log10_subsample": -0.23009688387355975, "max_depth": 5.0, "num_boost_round": 12.0}, "datetime": {"datetime": "2024-01-19 00:27:48", "elapsed": 966.056221, "delta": 0.001443}}
{"target": -17.67712373682684, "params": {"gamma": 539.2831008886546, "log10_alpha": -4.9618144113908045, "log10_colsample_bytree": -0.5339893415139181, "log10_eta": -3.495949899346483, "log10_lambda": -2.8604687286025956, "log10_min_child_weight": 3.848612546117667, "log10_subsample": -0.23009688387355975, "max_depth": 5.0, "num_boost_round": 13.0}, "datetime": {"datetime": "2024-01-19 00:27:48", "elapsed": 966.057664, "delta": 0.001443}}
{"target": -17.677128172916998, "params": {"gamma": 539.2831008886546, "log10_alpha": -4.9618144113908045, "log10_colsample_bytree": -0.5339893415139181, "log10_eta": -3.495949899346483, "log10_lambda": -2.8604687286025956, "log10_min_child_weight": 3.848612546117667, "log10_subsample": -0.23009688387355975, "max_depth": 5.0, "num_boost_round": 14.0}, "datetime": {"datetime": "2024-01-19 00:27:48", "elapsed": 966.059124, "delta": 0.00146}}
{"target": -17.677120095756155, "params": {"gamma": 539.2831008886546, "log10_alpha": -4.9618144113908045, "log10_colsample_bytree": -0.5339893415139181, "log10_eta": -3.495949899346483, "log10_lambda": -2.8604687286025956, "log10_min_child_weight": 3.848612546117667, "log10_subsample": -0.23009688387355975, "max_depth": 5.0, "num_boost_round": 15.0}, "datetime": {"datetime": "2024-01-19 00:27:48", "elapsed": 966.060614, "delta": 0.00149}}
{"target": -17.677123967457046, "params": {"gamma": 539.2831008886546, "log10_alpha": -4.9618144113908045, "log10_colsample_bytree": -0.5339893415139181, "log10_eta": -3.495949899346483, "log10_lambda": -2.8604687286025956, "log10_min_child_weight": 3.848612546117667, "log10_subsample": -0.23009688387355975, "max_depth": 5.0, "num_boost_round": 16.0}, "datetime": {"datetime": "2024-01-19 00:27:48", "elapsed": 966.062062, "delta": 0.001448}}
{"target": -17.677130612302197, "params": {"gamma": 539.2831008886546, "log10_alpha": -4.9618144113908045, "log10_colsample_bytree": -0.5339893415139181, "log10_eta": -3.495949899346483, "log10_lambda": -2.8604687286025956, "log10_min_child_weight": 3.848612546117667, "log10_subsample": -0.23009688387355975, "max_depth": 5.0, "num_boost_round": 17.0}, "datetime": {"datetime": "2024-01-19 00:27:48", "elapsed": 966.063508, "delta": 0.001446}}
{"target": -17.677128383590325, "params": {"gamma": 539.2831008886546, "log10_alpha": -4.9618144113908045, "log10_colsample_bytree": -0.5339893415139181, "log10_eta": -3.495949899346483, "log10_lambda": -2.8604687286025956, "log10_min_child_weight": 3.848612546117667, "log10_subsample": -0.23009688387355975, "max_depth": 5.0, "num_boost_round": 18.0}, "datetime": {"datetime": "2024-01-19 00:27:48", "elapsed": 966.064952, "delta": 0.001444}}
{"target": -17.67711807770058, "params": {"gamma": 539.2831008886546, "log10_alpha": -4.9618144113908045, "log10_colsample_bytree": -0.5339893415139181, "log10_eta": -3.495949899346483, "log10_lambda": -2.8604687286025956, "log10_min_child_weight": 3.848612546117667, "log10_subsample": -0.23009688387355975, "max_depth": 5.0, "num_boost_round": 19.0}, "datetime": {"datetime": "2024-01-19 00:27:48", "elapsed": 966.066401, "delta": 0.001449}}
{"target": -17.677108450656423, "params": {"gamma": 539.2831008886546, "log10_alpha": -4.9618144113908045, "log10_colsample_bytree": -0.5339893415139181, "log10_eta": -3.495949899346483, "log10_lambda": -2.8604687286025956, "log10_min_child_weight": 3.848612546117667, "log10_subsample": -0.23009688387355975, "max_depth": 5.0, "num_boost_round": 20.0}, "datetime": {"datetime": "2024-01-19 00:27:48", "elapsed": 966.067847, "delta": 0.001446}}
{"target": -17.677094450316858, "params": {"gamma": 539.2831008886546, "log10_alpha": -4.9618144113908045, "log10_colsample_bytree": -0.5339893415139181, "log10_eta": -3.495949899346483, "log10_lambda": -2.8604687286025956, "log10_min_child_weight": 3.848612546117667, "log10_subsample": -0.23009688387355975, "max_depth": 5.0, "num_boost_round": 21.0}, "datetime": {"datetime": "2024-01-19 00:27:48", "elapsed": 966.069386, "delta": 0.001539}}
{"target": -17.677076316659363, "params": {"gamma": 539.2831008886546, "log10_alpha": -4.9618144113908045, "log10_colsample_bytree": -0.5339893415139181, "log10_eta": -3.495949899346483, "log10_lambda": -2.8604687286025956, "log10_min_child_weight": 3.848612546117667, "log10_subsample": -0.23009688387355975, "max_depth": 5.0, "num_boost_round": 22.0}, "datetime": {"datetime": "2024-01-19 00:27:48", "elapsed": 966.070853, "delta": 0.001467}}
{"target": -17.677072933316296, "params": {"gamma": 539.2831008886546, "log10_alpha": -4.9618144113908045, "log10_colsample_bytree": -0.5339893415139181, "log10_eta": -3.495949899346483, "log10_lambda": -2.8604687286025956, "log10_min_child_weight": 3.848612546117667, "log10_subsample": -0.23009688387355975, "max_depth": 5.0, "num_boost_round": 23.0}, "datetime": {"datetime": "2024-01-19 00:27:48", "elapsed": 966.072325, "delta": 0.001472}}
{"target": -17.6770766456867, "params": {"gamma": 539.2831008886546, "log10_alpha": -4.9618144113908045, "log10_colsample_bytree": -0.5339893415139181, "log10_eta": -3.495949899346483, "log10_lambda": -2.8604687286025956, "log10_min_child_weight": 3.848612546117667, "log10_subsample": -0.23009688387355975, "max_depth": 5.0, "num_boost_round": 24.0}, "datetime": {"datetime": "2024-01-19 00:27:48", "elapsed": 966.073825, "delta": 0.0015}}
{"target": -17.67707170510622, "params": {"gamma": 539.2831008886546, "log10_alpha": -4.9618144113908045, "log10_colsample_bytree": -0.5339893415139181, "log10_eta": -3.495949899346483, "log10_lambda": -2.8604687286025956, "log10_min_child_weight": 3.848612546117667, "log10_subsample": -0.23009688387355975, "max_depth": 5.0, "num_boost_round": 25.0}, "datetime": {"datetime": "2024-01-19 00:27:48", "elapsed": 966.075283, "delta": 0.001458}}
{"target": -17.67707838580192, "params": {"gamma": 539.2831008886546, "log10_alpha": -4.9618144113908045, "log10_colsample_bytree": -0.5339893415139181, "log10_eta": -3.495949899346483, "log10_lambda": -2.8604687286025956, "log10_min_child_weight": 3.848612546117667, "log10_subsample": -0.23009688387355975, "max_depth": 5.0, "num_boost_round": 26.0}, "datetime": {"datetime": "2024-01-19 00:27:48", "elapsed": 966.07674, "delta": 0.001457}}
{"target": -17.67933905724051, "params": {"gamma": 556.4781617748909, "log10_alpha": -0.7141505099970624, "log10_colsample_bytree": -0.5753892081391859, "log10_eta": -0.3361727870696094, "log10_lambda": -0.7313972451271802, "log10_min_child_weight": 4.720021178808897, "log10_subsample": -0.22540472157376812, "max_depth": 6.0, "num_boost_round": 0.0}, "datetime": {"datetime": "2024-01-19 00:28:19", "elapsed": 996.855636, "delta": 30.778896}}
{"target": -17.68605007371598, "params": {"gamma": 556.4781617748909, "log10_alpha": -0.7141505099970624, "log10_colsample_bytree": -0.5753892081391859, "log10_eta": -0.3361727870696094, "log10_lambda": -0.7313972451271802, "log10_min_child_weight": 4.720021178808897, "log10_subsample": -0.22540472157376812, "max_depth": 6.0, "num_boost_round": 1.0}, "datetime": {"datetime": "2024-01-19 00:28:19", "elapsed": 996.857744, "delta": 0.002108}}
{"target": -17.692643491254767, "params": {"gamma": 556.4781617748909, "log10_alpha": -0.7141505099970624, "log10_colsample_bytree": -0.5753892081391859, "log10_eta": -0.3361727870696094, "log10_lambda": -0.7313972451271802, "log10_min_child_weight": 4.720021178808897, "log10_subsample": -0.22540472157376812, "max_depth": 6.0, "num_boost_round": 2.0}, "datetime": {"datetime": "2024-01-19 00:28:19", "elapsed": 996.859407, "delta": 0.001663}}
{"target": -17.703575661179595, "params": {"gamma": 556.4781617748909, "log10_alpha": -0.7141505099970624, "log10_colsample_bytree": -0.5753892081391859, "log10_eta": -0.3361727870696094, "log10_lambda": -0.7313972451271802, "log10_min_child_weight": 4.720021178808897, "log10_subsample": -0.22540472157376812, "max_depth": 6.0, "num_boost_round": 3.0}, "datetime": {"datetime": "2024-01-19 00:28:19", "elapsed": 996.861041, "delta": 0.001634}}
{"target": -17.704295768362975, "params": {"gamma": 556.4781617748909, "log10_alpha": -0.7141505099970624, "log10_colsample_bytree": -0.5753892081391859, "log10_eta": -0.3361727870696094, "log10_lambda": -0.7313972451271802, "log10_min_child_weight": 4.720021178808897, "log10_subsample": -0.22540472157376812, "max_depth": 6.0, "num_boost_round": 4.0}, "datetime": {"datetime": "2024-01-19 00:28:19", "elapsed": 996.862532, "delta": 0.001491}}
{"target": -17.706235911639848, "params": {"gamma": 556.4781617748909, "log10_alpha": -0.7141505099970624, "log10_colsample_bytree": -0.5753892081391859, "log10_eta": -0.3361727870696094, "log10_lambda": -0.7313972451271802, "log10_min_child_weight": 4.720021178808897, "log10_subsample": -0.22540472157376812, "max_depth": 6.0, "num_boost_round": 5.0}, "datetime": {"datetime": "2024-01-19 00:28:19", "elapsed": 996.864077, "delta": 0.001545}}
{"target": -17.707369364758435, "params": {"gamma": 556.4781617748909, "log10_alpha": -0.7141505099970624, "log10_colsample_bytree": -0.5753892081391859, "log10_eta": -0.3361727870696094, "log10_lambda": -0.7313972451271802, "log10_min_child_weight": 4.720021178808897, "log10_subsample": -0.22540472157376812, "max_depth": 6.0, "num_boost_round": 6.0}, "datetime": {"datetime": "2024-01-19 00:28:19", "elapsed": 996.865607, "delta": 0.00153}}
{"target": -17.708232690810203, "params": {"gamma": 556.4781617748909, "log10_alpha": -0.7141505099970624, "log10_colsample_bytree": -0.5753892081391859, "log10_eta": -0.3361727870696094, "log10_lambda": -0.7313972451271802, "log10_min_child_weight": 4.720021178808897, "log10_subsample": -0.22540472157376812, "max_depth": 6.0, "num_boost_round": 7.0}, "datetime": {"datetime": "2024-01-19 00:28:19", "elapsed": 996.86711, "delta": 0.001503}}
{"target": -17.71339038471933, "params": {"gamma": 556.4781617748909, "log10_alpha": -0.7141505099970624, "log10_colsample_bytree": -0.5753892081391859, "log10_eta": -0.3361727870696094, "log10_lambda": -0.7313972451271802, "log10_min_child_weight": 4.720021178808897, "log10_subsample": -0.22540472157376812, "max_depth": 6.0, "num_boost_round": 8.0}, "datetime": {"datetime": "2024-01-19 00:28:19", "elapsed": 996.868588, "delta": 0.001478}}
{"target": -17.708913568252864, "params": {"gamma": 556.4781617748909, "log10_alpha": -0.7141505099970624, "log10_colsample_bytree": -0.5753892081391859, "log10_eta": -0.3361727870696094, "log10_lambda": -0.7313972451271802, "log10_min_child_weight": 4.720021178808897, "log10_subsample": -0.22540472157376812, "max_depth": 6.0, "num_boost_round": 9.0}, "datetime": {"datetime": "2024-01-19 00:28:19", "elapsed": 996.870187, "delta": 0.001599}}
{"target": -17.71475850292212, "params": {"gamma": 556.4781617748909, "log10_alpha": -0.7141505099970624, "log10_colsample_bytree": -0.5753892081391859, "log10_eta": -0.3361727870696094, "log10_lambda": -0.7313972451271802, "log10_min_child_weight": 4.720021178808897, "log10_subsample": -0.22540472157376812, "max_depth": 6.0, "num_boost_round": 10.0}, "datetime": {"datetime": "2024-01-19 00:28:19", "elapsed": 996.871684, "delta": 0.001497}}
{"target": -17.715227389096246, "params": {"gamma": 556.4781617748909, "log10_alpha": -0.7141505099970624, "log10_colsample_bytree": -0.5753892081391859, "log10_eta": -0.3361727870696094, "log10_lambda": -0.7313972451271802, "log10_min_child_weight": 4.720021178808897, "log10_subsample": -0.22540472157376812, "max_depth": 6.0, "num_boost_round": 11.0}, "datetime": {"datetime": "2024-01-19 00:28:19", "elapsed": 996.873224, "delta": 0.00154}}
{"target": -17.71918774429821, "params": {"gamma": 556.4781617748909, "log10_alpha": -0.7141505099970624, "log10_colsample_bytree": -0.5753892081391859, "log10_eta": -0.3361727870696094, "log10_lambda": -0.7313972451271802, "log10_min_child_weight": 4.720021178808897, "log10_subsample": -0.22540472157376812, "max_depth": 6.0, "num_boost_round": 12.0}, "datetime": {"datetime": "2024-01-19 00:28:19", "elapsed": 996.874744, "delta": 0.00152}}
{"target": -17.728094855144793, "params": {"gamma": 556.4781617748909, "log10_alpha": -0.7141505099970624, "log10_colsample_bytree": -0.5753892081391859, "log10_eta": -0.3361727870696094, "log10_lambda": -0.7313972451271802, "log10_min_child_weight": 4.720021178808897, "log10_subsample": -0.22540472157376812, "max_depth": 6.0, "num_boost_round": 13.0}, "datetime": {"datetime": "2024-01-19 00:28:19", "elapsed": 996.876248, "delta": 0.001504}}
{"target": -17.730258594341684, "params": {"gamma": 556.4781617748909, "log10_alpha": -0.7141505099970624, "log10_colsample_bytree": -0.5753892081391859, "log10_eta": -0.3361727870696094, "log10_lambda": -0.7313972451271802, "log10_min_child_weight": 4.720021178808897, "log10_subsample": -0.22540472157376812, "max_depth": 6.0, "num_boost_round": 14.0}, "datetime": {"datetime": "2024-01-19 00:28:19", "elapsed": 996.87774, "delta": 0.001492}}
{"target": -17.731076884848687, "params": {"gamma": 556.4781617748909, "log10_alpha": -0.7141505099970624, "log10_colsample_bytree": -0.5753892081391859, "log10_eta": -0.3361727870696094, "log10_lambda": -0.7313972451271802, "log10_min_child_weight": 4.720021178808897, "log10_subsample": -0.22540472157376812, "max_depth": 6.0, "num_boost_round": 15.0}, "datetime": {"datetime": "2024-01-19 00:28:19", "elapsed": 996.879231, "delta": 0.001491}}
{"target": -17.728060946954805, "params": {"gamma": 556.4781617748909, "log10_alpha": -0.7141505099970624, "log10_colsample_bytree": -0.5753892081391859, "log10_eta": -0.3361727870696094, "log10_lambda": -0.7313972451271802, "log10_min_child_weight": 4.720021178808897, "log10_subsample": -0.22540472157376812, "max_depth": 6.0, "num_boost_round": 16.0}, "datetime": {"datetime": "2024-01-19 00:28:19", "elapsed": 996.880837, "delta": 0.001606}}
{"target": -17.726603479131427, "params": {"gamma": 556.4781617748909, "log10_alpha": -0.7141505099970624, "log10_colsample_bytree": -0.5753892081391859, "log10_eta": -0.3361727870696094, "log10_lambda": -0.7313972451271802, "log10_min_child_weight": 4.720021178808897, "log10_subsample": -0.22540472157376812, "max_depth": 6.0, "num_boost_round": 17.0}, "datetime": {"datetime": "2024-01-19 00:28:19", "elapsed": 996.882526, "delta": 0.001689}}
{"target": -17.728525839431136, "params": {"gamma": 556.4781617748909, "log10_alpha": -0.7141505099970624, "log10_colsample_bytree": -0.5753892081391859, "log10_eta": -0.3361727870696094, "log10_lambda": -0.7313972451271802, "log10_min_child_weight": 4.720021178808897, "log10_subsample": -0.22540472157376812, "max_depth": 6.0, "num_boost_round": 18.0}, "datetime": {"datetime": "2024-01-19 00:28:19", "elapsed": 996.884108, "delta": 0.001582}}
{"target": -17.732503479206436, "params": {"gamma": 556.4781617748909, "log10_alpha": -0.7141505099970624, "log10_colsample_bytree": -0.5753892081391859, "log10_eta": -0.3361727870696094, "log10_lambda": -0.7313972451271802, "log10_min_child_weight": 4.720021178808897, "log10_subsample": -0.22540472157376812, "max_depth": 6.0, "num_boost_round": 19.0}, "datetime": {"datetime": "2024-01-19 00:28:19", "elapsed": 996.885702, "delta": 0.001594}}
{"target": -17.733771966522013, "params": {"gamma": 556.4781617748909, "log10_alpha": -0.7141505099970624, "log10_colsample_bytree": -0.5753892081391859, "log10_eta": -0.3361727870696094, "log10_lambda": -0.7313972451271802, "log10_min_child_weight": 4.720021178808897, "log10_subsample": -0.22540472157376812, "max_depth": 6.0, "num_boost_round": 20.0}, "datetime": {"datetime": "2024-01-19 00:28:19", "elapsed": 996.887217, "delta": 0.001515}}
{"target": -17.739744314214516, "params": {"gamma": 556.4781617748909, "log10_alpha": -0.7141505099970624, "log10_colsample_bytree": -0.5753892081391859, "log10_eta": -0.3361727870696094, "log10_lambda": -0.7313972451271802, "log10_min_child_weight": 4.720021178808897, "log10_subsample": -0.22540472157376812, "max_depth": 6.0, "num_boost_round": 21.0}, "datetime": {"datetime": "2024-01-19 00:28:19", "elapsed": 996.888715, "delta": 0.001498}}
{"target": -17.74201470473502, "params": {"gamma": 556.4781617748909, "log10_alpha": -0.7141505099970624, "log10_colsample_bytree": -0.5753892081391859, "log10_eta": -0.3361727870696094, "log10_lambda": -0.7313972451271802, "log10_min_child_weight": 4.720021178808897, "log10_subsample": -0.22540472157376812, "max_depth": 6.0, "num_boost_round": 22.0}, "datetime": {"datetime": "2024-01-19 00:28:19", "elapsed": 996.89023, "delta": 0.001515}}
{"target": -17.7437463696103, "params": {"gamma": 556.4781617748909, "log10_alpha": -0.7141505099970624, "log10_colsample_bytree": -0.5753892081391859, "log10_eta": -0.3361727870696094, "log10_lambda": -0.7313972451271802, "log10_min_child_weight": 4.720021178808897, "log10_subsample": -0.22540472157376812, "max_depth": 6.0, "num_boost_round": 23.0}, "datetime": {"datetime": "2024-01-19 00:28:19", "elapsed": 996.891763, "delta": 0.001533}}
{"target": -17.74276322357398, "params": {"gamma": 556.4781617748909, "log10_alpha": -0.7141505099970624, "log10_colsample_bytree": -0.5753892081391859, "log10_eta": -0.3361727870696094, "log10_lambda": -0.7313972451271802, "log10_min_child_weight": 4.720021178808897, "log10_subsample": -0.22540472157376812, "max_depth": 6.0, "num_boost_round": 24.0}, "datetime": {"datetime": "2024-01-19 00:28:19", "elapsed": 996.893334, "delta": 0.001571}}
{"target": -17.746433771672095, "params": {"gamma": 556.4781617748909, "log10_alpha": -0.7141505099970624, "log10_colsample_bytree": -0.5753892081391859, "log10_eta": -0.3361727870696094, "log10_lambda": -0.7313972451271802, "log10_min_child_weight": 4.720021178808897, "log10_subsample": -0.22540472157376812, "max_depth": 6.0, "num_boost_round": 25.0}, "datetime": {"datetime": "2024-01-19 00:28:19", "elapsed": 996.894932, "delta": 0.001598}}
{"target": -17.749015549051304, "params": {"gamma": 556.4781617748909, "log10_alpha": -0.7141505099970624, "log10_colsample_bytree": -0.5753892081391859, "log10_eta": -0.3361727870696094, "log10_lambda": -0.7313972451271802, "log10_min_child_weight": 4.720021178808897, "log10_subsample": -0.22540472157376812, "max_depth": 6.0, "num_boost_round": 26.0}, "datetime": {"datetime": "2024-01-19 00:28:19", "elapsed": 996.896498, "delta": 0.001566}}
{"target": -17.75221135595541, "params": {"gamma": 556.4781617748909, "log10_alpha": -0.7141505099970624, "log10_colsample_bytree": -0.5753892081391859, "log10_eta": -0.3361727870696094, "log10_lambda": -0.7313972451271802, "log10_min_child_weight": 4.720021178808897, "log10_subsample": -0.22540472157376812, "max_depth": 6.0, "num_boost_round": 27.0}, "datetime": {"datetime": "2024-01-19 00:28:19", "elapsed": 996.898076, "delta": 0.001578}}
