{"target": -13.758528315881243, "params": {"gamma": 860.1097049790792, "log10_alpha": -0.4657436831229784, "log10_colsample_bytree": -0.1493208153106188, "log10_eta": -3.5348146833245773, "log10_lambda": 0.7001253593923185, "log10_min_child_weight": 4.481523340218028, "log10_subsample": -0.7452398518031739, "max_depth": 5.0, "num_boost_round": 9.0}, "datetime": {"datetime": "2024-01-19 01:16:43", "elapsed": 3908.19668, "delta": 0.004739}}
{"target": -13.758525315866159, "params": {"gamma": 860.1097049790792, "log10_alpha": -0.4657436831229784, "log10_colsample_bytree": -0.1493208153106188, "log10_eta": -3.5348146833245773, "log10_lambda": 0.7001253593923185, "log10_min_child_weight": 4.481523340218028, "log10_subsample": -0.7452398518031739, "max_depth": 5.0, "num_boost_round": 10.0}, "datetime": {"datetime": "2024-01-19 01:16:43", "elapsed": 3908.201323, "delta": 0.004643}}
{"target": -13.758524521926397, "params": {"gamma": 860.1097049790792, "log10_alpha": -0.4657436831229784, "log10_colsample_bytree": -0.1493208153106188, "log10_eta": -3.5348146833245773, "log10_lambda": 0.7001253593923185, "log10_min_child_weight": 4.481523340218028, "log10_subsample": -0.7452398518031739, "max_depth": 5.0, "num_boost_round": 11.0}, "datetime": {"datetime": "2024-01-19 01:16:43", "elapsed": 3908.206035, "delta": 0.004712}}
{"target": -13.758524099245703, "params": {"gamma": 860.1097049790792, "log10_alpha": -0.4657436831229784, "log10_colsample_bytree": -0.1493208153106188, "log10_eta": -3.5348146833245773, "log10_lambda": 0.7001253593923185, "log10_min_child_weight": 4.481523340218028, "log10_subsample": -0.7452398518031739, "max_depth": 5.0, "num_boost_round": 12.0}, "datetime": {"datetime": "2024-01-19 01:16:43", "elapsed": 3908.210696, "delta": 0.004661}}
{"target": -13.758524212428206, "params": {"gamma": 860.1097049790792, "log10_alpha": -0.4657436831229784, "log10_colsample_bytree": -0.1493208153106188, "log10_eta": -3.5348146833245773, "log10_lambda": 0.7001253593923185, "log10_min_child_weight": 4.481523340218028, "log10_subsample": -0.7452398518031739, "max_depth": 5.0, "num_boost_round": 13.0}, "datetime": {"datetime": "2024-01-19 01:16:43", "elapsed": 3908.216285, "delta": 0.005589}}
{"target": -13.758523755168891, "params": {"gamma": 860.1097049790792, "log10_alpha": -0.4657436831229784, "log10_colsample_bytree": -0.1493208153106188, "log10_eta": -3.5348146833245773, "log10_lambda": 0.7001253593923185, "log10_min_child_weight": 4.481523340218028, "log10_subsample": -0.7452398518031739, "max_depth": 5.0, "num_boost_round": 14.0}, "datetime": {"datetime": "2024-01-19 01:16:43", "elapsed": 3908.221299, "delta": 0.005014}}
{"target": -13.758521815735614, "params": {"gamma": 860.1097049790792, "log10_alpha": -0.4657436831229784, "log10_colsample_bytree": -0.1493208153106188, "log10_eta": -3.5348146833245773, "log10_lambda": 0.7001253593923185, "log10_min_child_weight": 4.481523340218028, "log10_subsample": -0.7452398518031739, "max_depth": 5.0, "num_boost_round": 15.0}, "datetime": {"datetime": "2024-01-19 01:16:43", "elapsed": 3908.22598, "delta": 0.004681}}
{"target": -13.758520542227973, "params": {"gamma": 860.1097049790792, "log10_alpha": -0.4657436831229784, "log10_colsample_bytree": -0.1493208153106188, "log10_eta": -3.5348146833245773, "log10_lambda": 0.7001253593923185, "log10_min_child_weight": 4.481523340218028, "log10_subsample": -0.7452398518031739, "max_depth": 5.0, "num_boost_round": 16.0}, "datetime": {"datetime": "2024-01-19 01:16:43", "elapsed": 3908.230574, "delta": 0.004594}}
{"target": -13.75852109872076, "params": {"gamma": 860.1097049790792, "log10_alpha": -0.4657436831229784, "log10_colsample_bytree": -0.1493208153106188, "log10_eta": -3.5348146833245773, "log10_lambda": 0.7001253593923185, "log10_min_child_weight": 4.481523340218028, "log10_subsample": -0.7452398518031739, "max_depth": 5.0, "num_boost_round": 17.0}, "datetime": {"datetime": "2024-01-19 01:16:43", "elapsed": 3908.235457, "delta": 0.004883}}
{"target": -13.75852183457868, "params": {"gamma": 860.1097049790792, "log10_alpha": -0.4657436831229784, "log10_colsample_bytree": -0.1493208153106188, "log10_eta": -3.5348146833245773, "log10_lambda": 0.7001253593923185, "log10_min_child_weight": 4.481523340218028, "log10_subsample": -0.7452398518031739, "max_depth": 5.0, "num_boost_round": 18.0}, "datetime": {"datetime": "2024-01-19 01:16:43", "elapsed": 3908.240293, "delta": 0.004836}}
{"target": -13.75852153687902, "params": {"gamma": 860.1097049790792, "log10_alpha": -0.4657436831229784, "log10_colsample_bytree": -0.1493208153106188, "log10_eta": -3.5348146833245773, "log10_lambda": 0.7001253593923185, "log10_min_child_weight": 4.481523340218028, "log10_subsample": -0.7452398518031739, "max_depth": 5.0, "num_boost_round": 19.0}, "datetime": {"datetime": "2024-01-19 01:16:43", "elapsed": 3908.245204, "delta": 0.004911}}
{"target": -13.758521457211753, "params": {"gamma": 860.1097049790792, "log10_alpha": -0.4657436831229784, "log10_colsample_bytree": -0.1493208153106188, "log10_eta": -3.5348146833245773, "log10_lambda": 0.7001253593923185, "log10_min_child_weight": 4.481523340218028, "log10_subsample": -0.7452398518031739, "max_depth": 5.0, "num_boost_round": 20.0}, "datetime": {"datetime": "2024-01-19 01:16:43", "elapsed": 3908.249854, "delta": 0.00465}}
{"target": -13.758520990660154, "params": {"gamma": 860.1097049790792, "log10_alpha": -0.4657436831229784, "log10_colsample_bytree": -0.1493208153106188, "log10_eta": -3.5348146833245773, "log10_lambda": 0.7001253593923185, "log10_min_child_weight": 4.481523340218028, "log10_subsample": -0.7452398518031739, "max_depth": 5.0, "num_boost_round": 21.0}, "datetime": {"datetime": "2024-01-19 01:16:43", "elapsed": 3908.254722, "delta": 0.004868}}
{"target": -13.75852036343521, "params": {"gamma": 860.1097049790792, "log10_alpha": -0.4657436831229784, "log10_colsample_bytree": -0.1493208153106188, "log10_eta": -3.5348146833245773, "log10_lambda": 0.7001253593923185, "log10_min_child_weight": 4.481523340218028, "log10_subsample": -0.7452398518031739, "max_depth": 5.0, "num_boost_round": 22.0}, "datetime": {"datetime": "2024-01-19 01:16:43", "elapsed": 3908.259406, "delta": 0.004684}}
{"target": -13.758519679346458, "params": {"gamma": 860.1097049790792, "log10_alpha": -0.4657436831229784, "log10_colsample_bytree": -0.1493208153106188, "log10_eta": -3.5348146833245773, "log10_lambda": 0.7001253593923185, "log10_min_child_weight": 4.481523340218028, "log10_subsample": -0.7452398518031739, "max_depth": 5.0, "num_boost_round": 23.0}, "datetime": {"datetime": "2024-01-19 01:16:43", "elapsed": 3908.264206, "delta": 0.0048}}
{"target": -13.758531611781574, "params": {"gamma": 873.565385546558, "log10_alpha": -3.7314359702885698, "log10_colsample_bytree": -0.802680286902481, "log10_eta": -3.690796184233535, "log10_lambda": -3.116416461595014, "log10_min_child_weight": 1.8417186640675802, "log10_subsample": -0.7047565562283903, "max_depth": 5.0, "num_boost_round": 0.0}, "datetime": {"datetime": "2024-01-19 01:17:56", "elapsed": 3980.37254, "delta": 72.108334}}
{"target": -13.758524057744252, "params": {"gamma": 873.565385546558, "log10_alpha": -3.7314359702885698, "log10_colsample_bytree": -0.802680286902481, "log10_eta": -3.690796184233535, "log10_lambda": -3.116416461595014, "log10_min_child_weight": 1.8417186640675802, "log10_subsample": -0.7047565562283903, "max_depth": 5.0, "num_boost_round": 1.0}, "datetime": {"datetime": "2024-01-19 01:17:56", "elapsed": 3980.377538, "delta": 0.004998}}
{"target": -13.758514173003814, "params": {"gamma": 873.565385546558, "log10_alpha": -3.7314359702885698, "log10_colsample_bytree": -0.802680286902481, "log10_eta": -3.690796184233535, "log10_lambda": -3.116416461595014, "log10_min_child_weight": 1.8417186640675802, "log10_subsample": -0.7047565562283903, "max_depth": 5.0, "num_boost_round": 2.0}, "datetime": {"datetime": "2024-01-19 01:17:56", "elapsed": 3980.382204, "delta": 0.004666}}
{"target": -13.75851135444286, "params": {"gamma": 873.565385546558, "log10_alpha": -3.7314359702885698, "log10_colsample_bytree": -0.802680286902481, "log10_eta": -3.690796184233535, "log10_lambda": -3.116416461595014, "log10_min_child_weight": 1.8417186640675802, "log10_subsample": -0.7047565562283903, "max_depth": 5.0, "num_boost_round": 3.0}, "datetime": {"datetime": "2024-01-19 01:17:56", "elapsed": 3980.386817, "delta": 0.004613}}
{"target": -13.758506441763508, "params": {"gamma": 873.565385546558, "log10_alpha": -3.7314359702885698, "log10_colsample_bytree": -0.802680286902481, "log10_eta": -3.690796184233535, "log10_lambda": -3.116416461595014, "log10_min_child_weight": 1.8417186640675802, "log10_subsample": -0.7047565562283903, "max_depth": 5.0, "num_boost_round": 4.0}, "datetime": {"datetime": "2024-01-19 01:17:56", "elapsed": 3980.391427, "delta": 0.00461}}
{"target": -13.758499898389706, "params": {"gamma": 873.565385546558, "log10_alpha": -3.7314359702885698, "log10_colsample_bytree": -0.802680286902481, "log10_eta": -3.690796184233535, "log10_lambda": -3.116416461595014, "log10_min_child_weight": 1.8417186640675802, "log10_subsample": -0.7047565562283903, "max_depth": 5.0, "num_boost_round": 5.0}, "datetime": {"datetime": "2024-01-19 01:17:56", "elapsed": 3980.396301, "delta": 0.004874}}
{"target": -13.758497730300286, "params": {"gamma": 873.565385546558, "log10_alpha": -3.7314359702885698, "log10_colsample_bytree": -0.802680286902481, "log10_eta": -3.690796184233535, "log10_lambda": -3.116416461595014, "log10_min_child_weight": 1.8417186640675802, "log10_subsample": -0.7047565562283903, "max_depth": 5.0, "num_boost_round": 6.0}, "datetime": {"datetime": "2024-01-19 01:17:56", "elapsed": 3980.400908, "delta": 0.004607}}
{"target": -13.758487926840237, "params": {"gamma": 873.565385546558, "log10_alpha": -3.7314359702885698, "log10_colsample_bytree": -0.802680286902481, "log10_eta": -3.690796184233535, "log10_lambda": -3.116416461595014, "log10_min_child_weight": 1.8417186640675802, "log10_subsample": -0.7047565562283903, "max_depth": 5.0, "num_boost_round": 7.0}, "datetime": {"datetime": "2024-01-19 01:17:56", "elapsed": 3980.405495, "delta": 0.004587}}
{"target": -13.758484814132174, "params": {"gamma": 873.565385546558, "log10_alpha": -3.7314359702885698, "log10_colsample_bytree": -0.802680286902481, "log10_eta": -3.690796184233535, "log10_lambda": -3.116416461595014, "log10_min_child_weight": 1.8417186640675802, "log10_subsample": -0.7047565562283903, "max_depth": 5.0, "num_boost_round": 8.0}, "datetime": {"datetime": "2024-01-19 01:17:56", "elapsed": 3980.410047, "delta": 0.004552}}
{"target": -13.758480206840709, "params": {"gamma": 873.565385546558, "log10_alpha": -3.7314359702885698, "log10_colsample_bytree": -0.802680286902481, "log10_eta": -3.690796184233535, "log10_lambda": -3.116416461595014, "log10_min_child_weight": 1.8417186640675802, "log10_subsample": -0.7047565562283903, "max_depth": 5.0, "num_boost_round": 9.0}, "datetime": {"datetime": "2024-01-19 01:17:56", "elapsed": 3980.414952, "delta": 0.004905}}
{"target": -13.758476959988142, "params": {"gamma": 873.565385546558, "log10_alpha": -3.7314359702885698, "log10_colsample_bytree": -0.802680286902481, "log10_eta": -3.690796184233535, "log10_lambda": -3.116416461595014, "log10_min_child_weight": 1.8417186640675802, "log10_subsample": -0.7047565562283903, "max_depth": 5.0, "num_boost_round": 10.0}, "datetime": {"datetime": "2024-01-19 01:17:56", "elapsed": 3980.419563, "delta": 0.004611}}
{"target": -13.758473981066784, "params": {"gamma": 873.565385546558, "log10_alpha": -3.7314359702885698, "log10_colsample_bytree": -0.802680286902481, "log10_eta": -3.690796184233535, "log10_lambda": -3.116416461595014, "log10_min_child_weight": 1.8417186640675802, "log10_subsample": -0.7047565562283903, "max_depth": 5.0, "num_boost_round": 11.0}, "datetime": {"datetime": "2024-01-19 01:17:56", "elapsed": 3980.424199, "delta": 0.004636}}
{"target": -13.75847224429997, "params": {"gamma": 873.565385546558, "log10_alpha": -3.7314359702885698, "log10_colsample_bytree": -0.802680286902481, "log10_eta": -3.690796184233535, "log10_lambda": -3.116416461595014, "log10_min_child_weight": 1.8417186640675802, "log10_subsample": -0.7047565562283903, "max_depth": 5.0, "num_boost_round": 12.0}, "datetime": {"datetime": "2024-01-19 01:17:56", "elapsed": 3980.428829, "delta": 0.00463}}
{"target": -13.758463173449956, "params": {"gamma": 873.565385546558, "log10_alpha": -3.7314359702885698, "log10_colsample_bytree": -0.802680286902481, "log10_eta": -3.690796184233535, "log10_lambda": -3.116416461595014, "log10_min_child_weight": 1.8417186640675802, "log10_subsample": -0.7047565562283903, "max_depth": 5.0, "num_boost_round": 13.0}, "datetime": {"datetime": "2024-01-19 01:17:56", "elapsed": 3980.433904, "delta": 0.005075}}
{"target": -13.758455521678359, "params": {"gamma": 873.565385546558, "log10_alpha": -3.7314359702885698, "log10_colsample_bytree": -0.802680286902481, "log10_eta": -3.690796184233535, "log10_lambda": -3.116416461595014, "log10_min_child_weight": 1.8417186640675802, "log10_subsample": -0.7047565562283903, "max_depth": 5.0, "num_boost_round": 14.0}, "datetime": {"datetime": "2024-01-19 01:17:56", "elapsed": 3980.438769, "delta": 0.004865}}
{"target": -13.758449701445437, "params": {"gamma": 873.565385546558, "log10_alpha": -3.7314359702885698, "log10_colsample_bytree": -0.802680286902481, "log10_eta": -3.690796184233535, "log10_lambda": -3.116416461595014, "log10_min_child_weight": 1.8417186640675802, "log10_subsample": -0.7047565562283903, "max_depth": 5.0, "num_boost_round": 15.0}, "datetime": {"datetime": "2024-01-19 01:17:56", "elapsed": 3980.443876, "delta": 0.005107}}
{"target": -13.75844643657204, "params": {"gamma": 873.565385546558, "log10_alpha": -3.7314359702885698, "log10_colsample_bytree": -0.802680286902481, "log10_eta": -3.690796184233535, "log10_lambda": -3.116416461595014, "log10_min_child_weight": 1.8417186640675802, "log10_subsample": -0.7047565562283903, "max_depth": 5.0, "num_boost_round": 16.0}, "datetime": {"datetime": "2024-01-19 01:17:56", "elapsed": 3980.449118, "delta": 0.005242}}
{"target": -13.758437077159032, "params": {"gamma": 873.565385546558, "log10_alpha": -3.7314359702885698, "log10_colsample_bytree": -0.802680286902481, "log10_eta": -3.690796184233535, "log10_lambda": -3.116416461595014, "log10_min_child_weight": 1.8417186640675802, "log10_subsample": -0.7047565562283903, "max_depth": 5.0, "num_boost_round": 17.0}, "datetime": {"datetime": "2024-01-19 01:17:56", "elapsed": 3980.454242, "delta": 0.005124}}
{"target": -13.758436475883682, "params": {"gamma": 873.565385546558, "log10_alpha": -3.7314359702885698, "log10_colsample_bytree": -0.802680286902481, "log10_eta": -3.690796184233535, "log10_lambda": -3.116416461595014, "log10_min_child_weight": 1.8417186640675802, "log10_subsample": -0.7047565562283903, "max_depth": 5.0, "num_boost_round": 18.0}, "datetime": {"datetime": "2024-01-19 01:17:56", "elapsed": 3980.458937, "delta": 0.004695}}
{"target": -13.758434355411275, "params": {"gamma": 873.565385546558, "log10_alpha": -3.7314359702885698, "log10_colsample_bytree": -0.802680286902481, "log10_eta": -3.690796184233535, "log10_lambda": -3.116416461595014, "log10_min_child_weight": 1.8417186640675802, "log10_subsample": -0.7047565562283903, "max_depth": 5.0, "num_boost_round": 19.0}, "datetime": {"datetime": "2024-01-19 01:17:56", "elapsed": 3980.463515, "delta": 0.004578}}
{"target": -13.758430203129292, "params": {"gamma": 873.565385546558, "log10_alpha": -3.7314359702885698, "log10_colsample_bytree": -0.802680286902481, "log10_eta": -3.690796184233535, "log10_lambda": -3.116416461595014, "log10_min_child_weight": 1.8417186640675802, "log10_subsample": -0.7047565562283903, "max_depth": 5.0, "num_boost_round": 20.0}, "datetime": {"datetime": "2024-01-19 01:17:56", "elapsed": 3980.468058, "delta": 0.004543}}
{"target": -13.758426995425152, "params": {"gamma": 873.565385546558, "log10_alpha": -3.7314359702885698, "log10_colsample_bytree": -0.802680286902481, "log10_eta": -3.690796184233535, "log10_lambda": -3.116416461595014, "log10_min_child_weight": 1.8417186640675802, "log10_subsample": -0.7047565562283903, "max_depth": 5.0, "num_boost_round": 21.0}, "datetime": {"datetime": "2024-01-19 01:17:56", "elapsed": 3980.472727, "delta": 0.004669}}
{"target": -13.758418809052992, "params": {"gamma": 873.565385546558, "log10_alpha": -3.7314359702885698, "log10_colsample_bytree": -0.802680286902481, "log10_eta": -3.690796184233535, "log10_lambda": -3.116416461595014, "log10_min_child_weight": 1.8417186640675802, "log10_subsample": -0.7047565562283903, "max_depth": 5.0, "num_boost_round": 22.0}, "datetime": {"datetime": "2024-01-19 01:17:56", "elapsed": 3980.477214, "delta": 0.004487}}
{"target": -13.758408325312008, "params": {"gamma": 873.565385546558, "log10_alpha": -3.7314359702885698, "log10_colsample_bytree": -0.802680286902481, "log10_eta": -3.690796184233535, "log10_lambda": -3.116416461595014, "log10_min_child_weight": 1.8417186640675802, "log10_subsample": -0.7047565562283903, "max_depth": 5.0, "num_boost_round": 23.0}, "datetime": {"datetime": "2024-01-19 01:17:56", "elapsed": 3980.481886, "delta": 0.004672}}
{"target": -13.758405612885179, "params": {"gamma": 873.565385546558, "log10_alpha": -3.7314359702885698, "log10_colsample_bytree": -0.802680286902481, "log10_eta": -3.690796184233535, "log10_lambda": -3.116416461595014, "log10_min_child_weight": 1.8417186640675802, "log10_subsample": -0.7047565562283903, "max_depth": 5.0, "num_boost_round": 24.0}, "datetime": {"datetime": "2024-01-19 01:17:56", "elapsed": 3980.486503, "delta": 0.004617}}
{"target": -13.75839868978249, "params": {"gamma": 873.565385546558, "log10_alpha": -3.7314359702885698, "log10_colsample_bytree": -0.802680286902481, "log10_eta": -3.690796184233535, "log10_lambda": -3.116416461595014, "log10_min_child_weight": 1.8417186640675802, "log10_subsample": -0.7047565562283903, "max_depth": 5.0, "num_boost_round": 25.0}, "datetime": {"datetime": "2024-01-19 01:17:56", "elapsed": 3980.617041, "delta": 0.130538}}
{"target": -13.758395435912323, "params": {"gamma": 873.565385546558, "log10_alpha": -3.7314359702885698, "log10_colsample_bytree": -0.802680286902481, "log10_eta": -3.690796184233535, "log10_lambda": -3.116416461595014, "log10_min_child_weight": 1.8417186640675802, "log10_subsample": -0.7047565562283903, "max_depth": 5.0, "num_boost_round": 26.0}, "datetime": {"datetime": "2024-01-19 01:17:56", "elapsed": 3980.622451, "delta": 0.00541}}
{"target": -13.758394881613945, "params": {"gamma": 873.565385546558, "log10_alpha": -3.7314359702885698, "log10_colsample_bytree": -0.802680286902481, "log10_eta": -3.690796184233535, "log10_lambda": -3.116416461595014, "log10_min_child_weight": 1.8417186640675802, "log10_subsample": -0.7047565562283903, "max_depth": 5.0, "num_boost_round": 27.0}, "datetime": {"datetime": "2024-01-19 01:17:56", "elapsed": 3980.627432, "delta": 0.004981}}
{"target": -13.75838318589299, "params": {"gamma": 873.565385546558, "log10_alpha": -3.7314359702885698, "log10_colsample_bytree": -0.802680286902481, "log10_eta": -3.690796184233535, "log10_lambda": -3.116416461595014, "log10_min_child_weight": 1.8417186640675802, "log10_subsample": -0.7047565562283903, "max_depth": 5.0, "num_boost_round": 28.0}, "datetime": {"datetime": "2024-01-19 01:17:56", "elapsed": 3980.63221, "delta": 0.004778}}
{"target": -13.758373675008777, "params": {"gamma": 873.565385546558, "log10_alpha": -3.7314359702885698, "log10_colsample_bytree": -0.802680286902481, "log10_eta": -3.690796184233535, "log10_lambda": -3.116416461595014, "log10_min_child_weight": 1.8417186640675802, "log10_subsample": -0.7047565562283903, "max_depth": 5.0, "num_boost_round": 29.0}, "datetime": {"datetime": "2024-01-19 01:17:56", "elapsed": 3980.637152, "delta": 0.004942}}
{"target": -13.758373302897795, "params": {"gamma": 873.565385546558, "log10_alpha": -3.7314359702885698, "log10_colsample_bytree": -0.802680286902481, "log10_eta": -3.690796184233535, "log10_lambda": -3.116416461595014, "log10_min_child_weight": 1.8417186640675802, "log10_subsample": -0.7047565562283903, "max_depth": 5.0, "num_boost_round": 30.0}, "datetime": {"datetime": "2024-01-19 01:17:56", "elapsed": 3980.641915, "delta": 0.004763}}
{"target": -13.758366441133909, "params": {"gamma": 873.565385546558, "log10_alpha": -3.7314359702885698, "log10_colsample_bytree": -0.802680286902481, "log10_eta": -3.690796184233535, "log10_lambda": -3.116416461595014, "log10_min_child_weight": 1.8417186640675802, "log10_subsample": -0.7047565562283903, "max_depth": 5.0, "num_boost_round": 31.0}, "datetime": {"datetime": "2024-01-19 01:17:56", "elapsed": 3980.646639, "delta": 0.004724}}
{"target": -13.758355630487921, "params": {"gamma": 873.565385546558, "log10_alpha": -3.7314359702885698, "log10_colsample_bytree": -0.802680286902481, "log10_eta": -3.690796184233535, "log10_lambda": -3.116416461595014, "log10_min_child_weight": 1.8417186640675802, "log10_subsample": -0.7047565562283903, "max_depth": 5.0, "num_boost_round": 32.0}, "datetime": {"datetime": "2024-01-19 01:17:56", "elapsed": 3980.651433, "delta": 0.004794}}
{"target": -13.758349369935468, "params": {"gamma": 873.565385546558, "log10_alpha": -3.7314359702885698, "log10_colsample_bytree": -0.802680286902481, "log10_eta": -3.690796184233535, "log10_lambda": -3.116416461595014, "log10_min_child_weight": 1.8417186640675802, "log10_subsample": -0.7047565562283903, "max_depth": 5.0, "num_boost_round": 33.0}, "datetime": {"datetime": "2024-01-19 01:17:56", "elapsed": 3980.656351, "delta": 0.004918}}
