{"target": -13.758346408249748, "params": {"gamma": 873.565385546558, "log10_alpha": -3.7314359702885698, "log10_colsample_bytree": -0.802680286902481, "log10_eta": -3.690796184233535, "log10_lambda": -3.116416461595014, "log10_min_child_weight": 1.8417186640675802, "log10_subsample": -0.7047565562283903, "max_depth": 5.0, "num_boost_round": 34.0}, "datetime": {"datetime": "2024-01-19 01:17:56", "elapsed": 3980.661113, "delta": 0.004762}}
{"target": -13.75834765323872, "params": {"gamma": 873.565385546558, "log10_alpha": -3.7314359702885698, "log10_colsample_bytree": -0.802680286902481, "log10_eta": -3.690796184233535, "log10_lambda": -3.116416461595014, "log10_min_child_weight": 1.8417186640675802, "log10_subsample": -0.7047565562283903, "max_depth": 5.0, "num_boost_round": 35.0}, "datetime": {"datetime": "2024-01-19 01:17:56", "elapsed": 3980.665905, "delta": 0.004792}}
{"target": -13.758347358254015, "params": {"gamma": 873.565385546558, "log10_alpha": -3.7314359702885698, "log10_colsample_bytree": -0.802680286902481, "log10_eta": -3.690796184233535, "log10_lambda": -3.116416461595014, "log10_min_child_weight": 1.8417186640675802, "log10_subsample": -0.7047565562283903, "max_depth": 5.0, "num_boost_round": 36.0}, "datetime": {"datetime": "2024-01-19 01:17:56", "elapsed": 3980.670729, "delta": 0.004824}}
{"target": -13.758342544742613, "params": {"gamma": 873.565385546558, "log10_alpha": -3.7314359702885698, "log10_colsample_bytree": -0.802680286902481, "log10_eta": -3.690796184233535, "log10_lambda": -3.116416461595014, "log10_min_child_weight": 1.8417186640675802, "log10_subsample": -0.7047565562283903, "max_depth": 5.0, "num_boost_round": 37.0}, "datetime": {"datetime": "2024-01-19 01:17:56", "elapsed": 3980.675671, "delta": 0.004942}}
{"target": -13.758338803495121, "params": {"gamma": 873.565385546558, "log10_alpha": -3.7314359702885698, "log10_colsample_bytree": -0.802680286902481, "log10_eta": -3.690796184233535, "log10_lambda": -3.116416461595014, "log10_min_child_weight": 1.8417186640675802, "log10_subsample": -0.7047565562283903, "max_depth": 5.0, "num_boost_round": 38.0}, "datetime": {"datetime": "2024-01-19 01:17:56", "elapsed": 3980.680396, "delta": 0.004725}}
{"target": -13.758340488512673, "params": {"gamma": 873.565385546558, "log10_alpha": -3.7314359702885698, "log10_colsample_bytree": -0.802680286902481, "log10_eta": -3.690796184233535, "log10_lambda": -3.116416461595014, "log10_min_child_weight": 1.8417186640675802, "log10_subsample": -0.7047565562283903, "max_depth": 5.0, "num_boost_round": 39.0}, "datetime": {"datetime": "2024-01-19 01:17:56", "elapsed": 3980.685175, "delta": 0.004779}}
{"target": -13.758334938588147, "params": {"gamma": 873.565385546558, "log10_alpha": -3.7314359702885698, "log10_colsample_bytree": -0.802680286902481, "log10_eta": -3.690796184233535, "log10_lambda": -3.116416461595014, "log10_min_child_weight": 1.8417186640675802, "log10_subsample": -0.7047565562283903, "max_depth": 5.0, "num_boost_round": 40.0}, "datetime": {"datetime": "2024-01-19 01:17:56", "elapsed": 3980.689988, "delta": 0.004813}}
{"target": -13.758343528573539, "params": {"gamma": 873.565385546558, "log10_alpha": -3.7314359702885698, "log10_colsample_bytree": -0.802680286902481, "log10_eta": -3.690796184233535, "log10_lambda": -3.116416461595014, "log10_min_child_weight": 1.8417186640675802, "log10_subsample": -0.7047565562283903, "max_depth": 5.0, "num_boost_round": 41.0}, "datetime": {"datetime": "2024-01-19 01:17:56", "elapsed": 3980.695881, "delta": 0.005893}}
{"target": -13.758338029662752, "params": {"gamma": 873.565385546558, "log10_alpha": -3.7314359702885698, "log10_colsample_bytree": -0.802680286902481, "log10_eta": -3.690796184233535, "log10_lambda": -3.116416461595014, "log10_min_child_weight": 1.8417186640675802, "log10_subsample": -0.7047565562283903, "max_depth": 5.0, "num_boost_round": 42.0}, "datetime": {"datetime": "2024-01-19 01:17:56", "elapsed": 3980.700689, "delta": 0.004808}}
{"target": -13.758534393964913, "params": {"gamma": 880.6655033315445, "log10_alpha": -2.3271184040598936, "log10_colsample_bytree": -0.8779450556846268, "log10_eta": -3.164139603775469, "log10_lambda": -3.0160281781877734, "log10_min_child_weight": 2.6662785222351593, "log10_subsample": -0.8063341236314314, "max_depth": 4.0, "num_boost_round": 0.0}, "datetime": {"datetime": "2024-01-19 01:18:48", "elapsed": 4032.605955, "delta": 51.905266}}
{"target": -13.758518195145022, "params": {"gamma": 880.6655033315445, "log10_alpha": -2.3271184040598936, "log10_colsample_bytree": -0.8779450556846268, "log10_eta": -3.164139603775469, "log10_lambda": -3.0160281781877734, "log10_min_child_weight": 2.6662785222351593, "log10_subsample": -0.8063341236314314, "max_depth": 4.0, "num_boost_round": 1.0}, "datetime": {"datetime": "2024-01-19 01:18:48", "elapsed": 4032.615375, "delta": 0.00942}}
{"target": -13.758515117907159, "params": {"gamma": 880.6655033315445, "log10_alpha": -2.3271184040598936, "log10_colsample_bytree": -0.8779450556846268, "log10_eta": -3.164139603775469, "log10_lambda": -3.0160281781877734, "log10_min_child_weight": 2.6662785222351593, "log10_subsample": -0.8063341236314314, "max_depth": 4.0, "num_boost_round": 2.0}, "datetime": {"datetime": "2024-01-19 01:18:48", "elapsed": 4032.620137, "delta": 0.004762}}
{"target": -13.758514305019217, "params": {"gamma": 880.6655033315445, "log10_alpha": -2.3271184040598936, "log10_colsample_bytree": -0.8779450556846268, "log10_eta": -3.164139603775469, "log10_lambda": -3.0160281781877734, "log10_min_child_weight": 2.6662785222351593, "log10_subsample": -0.8063341236314314, "max_depth": 4.0, "num_boost_round": 3.0}, "datetime": {"datetime": "2024-01-19 01:18:48", "elapsed": 4032.624911, "delta": 0.004774}}
{"target": -13.758504103044162, "params": {"gamma": 880.6655033315445, "log10_alpha": -2.3271184040598936, "log10_colsample_bytree": -0.8779450556846268, "log10_eta": -3.164139603775469, "log10_lambda": -3.0160281781877734, "log10_min_child_weight": 2.6662785222351593, "log10_subsample": -0.8063341236314314, "max_depth": 4.0, "num_boost_round": 4.0}, "datetime": {"datetime": "2024-01-19 01:18:48", "elapsed": 4032.629649, "delta": 0.004738}}
{"target": -13.758486486606413, "params": {"gamma": 880.6655033315445, "log10_alpha": -2.3271184040598936, "log10_colsample_bytree": -0.8779450556846268, "log10_eta": -3.164139603775469, "log10_lambda": -3.0160281781877734, "log10_min_child_weight": 2.6662785222351593, "log10_subsample": -0.8063341236314314, "max_depth": 4.0, "num_boost_round": 5.0}, "datetime": {"datetime": "2024-01-19 01:18:48", "elapsed": 4032.634837, "delta": 0.005188}}
{"target": -13.758490593329652, "params": {"gamma": 880.6655033315445, "log10_alpha": -2.3271184040598936, "log10_colsample_bytree": -0.8779450556846268, "log10_eta": -3.164139603775469, "log10_lambda": -3.0160281781877734, "log10_min_child_weight": 2.6662785222351593, "log10_subsample": -0.8063341236314314, "max_depth": 4.0, "num_boost_round": 6.0}, "datetime": {"datetime": "2024-01-19 01:18:48", "elapsed": 4032.639684, "delta": 0.004847}}
{"target": -13.758455397135252, "params": {"gamma": 880.6655033315445, "log10_alpha": -2.3271184040598936, "log10_colsample_bytree": -0.8779450556846268, "log10_eta": -3.164139603775469, "log10_lambda": -3.0160281781877734, "log10_min_child_weight": 2.6662785222351593, "log10_subsample": -0.8063341236314314, "max_depth": 4.0, "num_boost_round": 7.0}, "datetime": {"datetime": "2024-01-19 01:18:48", "elapsed": 4032.644667, "delta": 0.004983}}
{"target": -13.758447627135736, "params": {"gamma": 880.6655033315445, "log10_alpha": -2.3271184040598936, "log10_colsample_bytree": -0.8779450556846268, "log10_eta": -3.164139603775469, "log10_lambda": -3.0160281781877734, "log10_min_child_weight": 2.6662785222351593, "log10_subsample": -0.8063341236314314, "max_depth": 4.0, "num_boost_round": 8.0}, "datetime": {"datetime": "2024-01-19 01:18:48", "elapsed": 4032.649498, "delta": 0.004831}}
{"target": -13.758440962087288, "params": {"gamma": 880.6655033315445, "log10_alpha": -2.3271184040598936, "log10_colsample_bytree": -0.8779450556846268, "log10_eta": -3.164139603775469, "log10_lambda": -3.0160281781877734, "log10_min_child_weight": 2.6662785222351593, "log10_subsample": -0.8063341236314314, "max_depth": 4.0, "num_boost_round": 9.0}, "datetime": {"datetime": "2024-01-19 01:18:48", "elapsed": 4032.654563, "delta": 0.005065}}
{"target": -13.75842799305902, "params": {"gamma": 880.6655033315445, "log10_alpha": -2.3271184040598936, "log10_colsample_bytree": -0.8779450556846268, "log10_eta": -3.164139603775469, "log10_lambda": -3.0160281781877734, "log10_min_child_weight": 2.6662785222351593, "log10_subsample": -0.8063341236314314, "max_depth": 4.0, "num_boost_round": 10.0}, "datetime": {"datetime": "2024-01-19 01:18:48", "elapsed": 4032.659279, "delta": 0.004716}}
{"target": -13.758421309105556, "params": {"gamma": 880.6655033315445, "log10_alpha": -2.3271184040598936, "log10_colsample_bytree": -0.8779450556846268, "log10_eta": -3.164139603775469, "log10_lambda": -3.0160281781877734, "log10_min_child_weight": 2.6662785222351593, "log10_subsample": -0.8063341236314314, "max_depth": 4.0, "num_boost_round": 11.0}, "datetime": {"datetime": "2024-01-19 01:18:48", "elapsed": 4032.664016, "delta": 0.004737}}
{"target": -13.75842065911618, "params": {"gamma": 880.6655033315445, "log10_alpha": -2.3271184040598936, "log10_colsample_bytree": -0.8779450556846268, "log10_eta": -3.164139603775469, "log10_lambda": -3.0160281781877734, "log10_min_child_weight": 2.6662785222351593, "log10_subsample": -0.8063341236314314, "max_depth": 4.0, "num_boost_round": 12.0}, "datetime": {"datetime": "2024-01-19 01:18:48", "elapsed": 4032.668683, "delta": 0.004667}}
{"target": -13.758400620527079, "params": {"gamma": 880.6655033315445, "log10_alpha": -2.3271184040598936, "log10_colsample_bytree": -0.8779450556846268, "log10_eta": -3.164139603775469, "log10_lambda": -3.0160281781877734, "log10_min_child_weight": 2.6662785222351593, "log10_subsample": -0.8063341236314314, "max_depth": 4.0, "num_boost_round": 13.0}, "datetime": {"datetime": "2024-01-19 01:18:48", "elapsed": 4032.673684, "delta": 0.005001}}
{"target": -13.758387051039747, "params": {"gamma": 880.6655033315445, "log10_alpha": -2.3271184040598936, "log10_colsample_bytree": -0.8779450556846268, "log10_eta": -3.164139603775469, "log10_lambda": -3.0160281781877734, "log10_min_child_weight": 2.6662785222351593, "log10_subsample": -0.8063341236314314, "max_depth": 4.0, "num_boost_round": 14.0}, "datetime": {"datetime": "2024-01-19 01:18:48", "elapsed": 4032.67844, "delta": 0.004756}}
{"target": -13.758387474393803, "params": {"gamma": 880.6655033315445, "log10_alpha": -2.3271184040598936, "log10_colsample_bytree": -0.8779450556846268, "log10_eta": -3.164139603775469, "log10_lambda": -3.0160281781877734, "log10_min_child_weight": 2.6662785222351593, "log10_subsample": -0.8063341236314314, "max_depth": 4.0, "num_boost_round": 15.0}, "datetime": {"datetime": "2024-01-19 01:18:48", "elapsed": 4032.683254, "delta": 0.004814}}
{"target": -13.758381802708778, "params": {"gamma": 880.6655033315445, "log10_alpha": -2.3271184040598936, "log10_colsample_bytree": -0.8779450556846268, "log10_eta": -3.164139603775469, "log10_lambda": -3.0160281781877734, "log10_min_child_weight": 2.6662785222351593, "log10_subsample": -0.8063341236314314, "max_depth": 4.0, "num_boost_round": 16.0}, "datetime": {"datetime": "2024-01-19 01:18:48", "elapsed": 4032.688036, "delta": 0.004782}}
{"target": -13.758391972126896, "params": {"gamma": 880.6655033315445, "log10_alpha": -2.3271184040598936, "log10_colsample_bytree": -0.8779450556846268, "log10_eta": -3.164139603775469, "log10_lambda": -3.0160281781877734, "log10_min_child_weight": 2.6662785222351593, "log10_subsample": -0.8063341236314314, "max_depth": 4.0, "num_boost_round": 17.0}, "datetime": {"datetime": "2024-01-19 01:18:48", "elapsed": 4032.693006, "delta": 0.00497}}
{"target": -13.758384707266796, "params": {"gamma": 880.6655033315445, "log10_alpha": -2.3271184040598936, "log10_colsample_bytree": -0.8779450556846268, "log10_eta": -3.164139603775469, "log10_lambda": -3.0160281781877734, "log10_min_child_weight": 2.6662785222351593, "log10_subsample": -0.8063341236314314, "max_depth": 4.0, "num_boost_round": 18.0}, "datetime": {"datetime": "2024-01-19 01:18:48", "elapsed": 4032.697779, "delta": 0.004773}}
{"target": -13.758374072243567, "params": {"gamma": 880.6655033315445, "log10_alpha": -2.3271184040598936, "log10_colsample_bytree": -0.8779450556846268, "log10_eta": -3.164139603775469, "log10_lambda": -3.0160281781877734, "log10_min_child_weight": 2.6662785222351593, "log10_subsample": -0.8063341236314314, "max_depth": 4.0, "num_boost_round": 19.0}, "datetime": {"datetime": "2024-01-19 01:18:48", "elapsed": 4032.702582, "delta": 0.004803}}
{"target": -13.758368095602783, "params": {"gamma": 880.6655033315445, "log10_alpha": -2.3271184040598936, "log10_colsample_bytree": -0.8779450556846268, "log10_eta": -3.164139603775469, "log10_lambda": -3.0160281781877734, "log10_min_child_weight": 2.6662785222351593, "log10_subsample": -0.8063341236314314, "max_depth": 4.0, "num_boost_round": 20.0}, "datetime": {"datetime": "2024-01-19 01:18:48", "elapsed": 4032.707339, "delta": 0.004757}}
{"target": -13.75834630371373, "params": {"gamma": 880.6655033315445, "log10_alpha": -2.3271184040598936, "log10_colsample_bytree": -0.8779450556846268, "log10_eta": -3.164139603775469, "log10_lambda": -3.0160281781877734, "log10_min_child_weight": 2.6662785222351593, "log10_subsample": -0.8063341236314314, "max_depth": 4.0, "num_boost_round": 21.0}, "datetime": {"datetime": "2024-01-19 01:18:48", "elapsed": 4032.712293, "delta": 0.004954}}
{"target": -13.75833724439838, "params": {"gamma": 880.6655033315445, "log10_alpha": -2.3271184040598936, "log10_colsample_bytree": -0.8779450556846268, "log10_eta": -3.164139603775469, "log10_lambda": -3.0160281781877734, "log10_min_child_weight": 2.6662785222351593, "log10_subsample": -0.8063341236314314, "max_depth": 4.0, "num_boost_round": 22.0}, "datetime": {"datetime": "2024-01-19 01:18:48", "elapsed": 4032.717075, "delta": 0.004782}}
{"target": -13.758314716480058, "params": {"gamma": 880.6655033315445, "log10_alpha": -2.3271184040598936, "log10_colsample_bytree": -0.8779450556846268, "log10_eta": -3.164139603775469, "log10_lambda": -3.0160281781877734, "log10_min_child_weight": 2.6662785222351593, "log10_subsample": -0.8063341236314314, "max_depth": 4.0, "num_boost_round": 23.0}, "datetime": {"datetime": "2024-01-19 01:18:48", "elapsed": 4032.721981, "delta": 0.004906}}
{"target": -13.758314528766945, "params": {"gamma": 880.6655033315445, "log10_alpha": -2.3271184040598936, "log10_colsample_bytree": -0.8779450556846268, "log10_eta": -3.164139603775469, "log10_lambda": -3.0160281781877734, "log10_min_child_weight": 2.6662785222351593, "log10_subsample": -0.8063341236314314, "max_depth": 4.0, "num_boost_round": 24.0}, "datetime": {"datetime": "2024-01-19 01:18:48", "elapsed": 4032.726806, "delta": 0.004825}}
{"target": -13.758286065019458, "params": {"gamma": 880.6655033315445, "log10_alpha": -2.3271184040598936, "log10_colsample_bytree": -0.8779450556846268, "log10_eta": -3.164139603775469, "log10_lambda": -3.0160281781877734, "log10_min_child_weight": 2.6662785222351593, "log10_subsample": -0.8063341236314314, "max_depth": 4.0, "num_boost_round": 25.0}, "datetime": {"datetime": "2024-01-19 01:18:48", "elapsed": 4032.731823, "delta": 0.005017}}
{"target": -13.758279455571305, "params": {"gamma": 880.6655033315445, "log10_alpha": -2.3271184040598936, "log10_colsample_bytree": -0.8779450556846268, "log10_eta": -3.164139603775469, "log10_lambda": -3.0160281781877734, "log10_min_child_weight": 2.6662785222351593, "log10_subsample": -0.8063341236314314, "max_depth": 4.0, "num_boost_round": 26.0}, "datetime": {"datetime": "2024-01-19 01:18:48", "elapsed": 4032.736706, "delta": 0.004883}}
{"target": -13.758266574480174, "params": {"gamma": 880.6655033315445, "log10_alpha": -2.3271184040598936, "log10_colsample_bytree": -0.8779450556846268, "log10_eta": -3.164139603775469, "log10_lambda": -3.0160281781877734, "log10_min_child_weight": 2.6662785222351593, "log10_subsample": -0.8063341236314314, "max_depth": 4.0, "num_boost_round": 27.0}, "datetime": {"datetime": "2024-01-19 01:18:48", "elapsed": 4032.741671, "delta": 0.004965}}
{"target": -13.758255413670502, "params": {"gamma": 880.6655033315445, "log10_alpha": -2.3271184040598936, "log10_colsample_bytree": -0.8779450556846268, "log10_eta": -3.164139603775469, "log10_lambda": -3.0160281781877734, "log10_min_child_weight": 2.6662785222351593, "log10_subsample": -0.8063341236314314, "max_depth": 4.0, "num_boost_round": 28.0}, "datetime": {"datetime": "2024-01-19 01:18:48", "elapsed": 4032.746483, "delta": 0.004812}}
{"target": -13.758242260774953, "params": {"gamma": 880.6655033315445, "log10_alpha": -2.3271184040598936, "log10_colsample_bytree": -0.8779450556846268, "log10_eta": -3.164139603775469, "log10_lambda": -3.0160281781877734, "log10_min_child_weight": 2.6662785222351593, "log10_subsample": -0.8063341236314314, "max_depth": 4.0, "num_boost_round": 29.0}, "datetime": {"datetime": "2024-01-19 01:18:48", "elapsed": 4032.75149, "delta": 0.005007}}
{"target": -13.758230782346464, "params": {"gamma": 880.6655033315445, "log10_alpha": -2.3271184040598936, "log10_colsample_bytree": -0.8779450556846268, "log10_eta": -3.164139603775469, "log10_lambda": -3.0160281781877734, "log10_min_child_weight": 2.6662785222351593, "log10_subsample": -0.8063341236314314, "max_depth": 4.0, "num_boost_round": 30.0}, "datetime": {"datetime": "2024-01-19 01:18:48", "elapsed": 4032.75635, "delta": 0.00486}}
{"target": -13.75820861232861, "params": {"gamma": 880.6655033315445, "log10_alpha": -2.3271184040598936, "log10_colsample_bytree": -0.8779450556846268, "log10_eta": -3.164139603775469, "log10_lambda": -3.0160281781877734, "log10_min_child_weight": 2.6662785222351593, "log10_subsample": -0.8063341236314314, "max_depth": 4.0, "num_boost_round": 31.0}, "datetime": {"datetime": "2024-01-19 01:18:48", "elapsed": 4032.76108, "delta": 0.00473}}
{"target": -13.758201995603262, "params": {"gamma": 880.6655033315445, "log10_alpha": -2.3271184040598936, "log10_colsample_bytree": -0.8779450556846268, "log10_eta": -3.164139603775469, "log10_lambda": -3.0160281781877734, "log10_min_child_weight": 2.6662785222351593, "log10_subsample": -0.8063341236314314, "max_depth": 4.0, "num_boost_round": 32.0}, "datetime": {"datetime": "2024-01-19 01:18:48", "elapsed": 4032.765799, "delta": 0.004719}}
{"target": -13.758198846199114, "params": {"gamma": 880.6655033315445, "log10_alpha": -2.3271184040598936, "log10_colsample_bytree": -0.8779450556846268, "log10_eta": -3.164139603775469, "log10_lambda": -3.0160281781877734, "log10_min_child_weight": 2.6662785222351593, "log10_subsample": -0.8063341236314314, "max_depth": 4.0, "num_boost_round": 33.0}, "datetime": {"datetime": "2024-01-19 01:18:48", "elapsed": 4032.770672, "delta": 0.004873}}
{"target": -13.758538090463897, "params": {"gamma": 867.0969922552554, "log10_alpha": -0.7576095008998056, "log10_colsample_bytree": -0.8000688314352978, "log10_eta": -3.7101863584105317, "log10_lambda": -3.6697897693838213, "log10_min_child_weight": 4.484849388210969, "log10_subsample": -0.5302005068109625, "max_depth": 6.0, "num_boost_round": 0.0}, "datetime": {"datetime": "2024-01-19 01:20:55", "elapsed": 4159.469739, "delta": 126.699067}}
{"target": -13.758536756366224, "params": {"gamma": 867.0969922552554, "log10_alpha": -0.7576095008998056, "log10_colsample_bytree": -0.8000688314352978, "log10_eta": -3.7101863584105317, "log10_lambda": -3.6697897693838213, "log10_min_child_weight": 4.484849388210969, "log10_subsample": -0.5302005068109625, "max_depth": 6.0, "num_boost_round": 1.0}, "datetime": {"datetime": "2024-01-19 01:20:55", "elapsed": 4159.475605, "delta": 0.005866}}
{"target": -13.758537236438684, "params": {"gamma": 867.0969922552554, "log10_alpha": -0.7576095008998056, "log10_colsample_bytree": -0.8000688314352978, "log10_eta": -3.7101863584105317, "log10_lambda": -3.6697897693838213, "log10_min_child_weight": 4.484849388210969, "log10_subsample": -0.5302005068109625, "max_depth": 6.0, "num_boost_round": 2.0}, "datetime": {"datetime": "2024-01-19 01:20:55", "elapsed": 4159.480414, "delta": 0.004809}}
{"target": -13.758536565525919, "params": {"gamma": 867.0969922552554, "log10_alpha": -0.7576095008998056, "log10_colsample_bytree": -0.8000688314352978, "log10_eta": -3.7101863584105317, "log10_lambda": -3.6697897693838213, "log10_min_child_weight": 4.484849388210969, "log10_subsample": -0.5302005068109625, "max_depth": 6.0, "num_boost_round": 3.0}, "datetime": {"datetime": "2024-01-19 01:20:55", "elapsed": 4159.485168, "delta": 0.004754}}
{"target": -13.75853719623189, "params": {"gamma": 867.0969922552554, "log10_alpha": -0.7576095008998056, "log10_colsample_bytree": -0.8000688314352978, "log10_eta": -3.7101863584105317, "log10_lambda": -3.6697897693838213, "log10_min_child_weight": 4.484849388210969, "log10_subsample": -0.5302005068109625, "max_depth": 6.0, "num_boost_round": 4.0}, "datetime": {"datetime": "2024-01-19 01:20:55", "elapsed": 4159.489857, "delta": 0.004689}}
{"target": -13.758535941897767, "params": {"gamma": 867.0969922552554, "log10_alpha": -0.7576095008998056, "log10_colsample_bytree": -0.8000688314352978, "log10_eta": -3.7101863584105317, "log10_lambda": -3.6697897693838213, "log10_min_child_weight": 4.484849388210969, "log10_subsample": -0.5302005068109625, "max_depth": 6.0, "num_boost_round": 5.0}, "datetime": {"datetime": "2024-01-19 01:20:55", "elapsed": 4159.494726, "delta": 0.004869}}
