{"target": -13.772633691350801, "params": {"gamma": 437.67471852055087, "log10_alpha": -0.27178053460326623, "log10_colsample_bytree": -0.13724907080688808, "log10_eta": -1.5347510949899532, "log10_lambda": 0.725930811662991, "log10_min_child_weight": 0.556687002086767, "log10_subsample": -0.24219814700874487, "max_depth": 5.0, "num_boost_round": 12.0}, "datetime": {"datetime": "2024-01-19 00:31:32", "elapsed": 1195.368414, "delta": 0.00225}}
{"target": -13.774395073104508, "params": {"gamma": 437.67471852055087, "log10_alpha": -0.27178053460326623, "log10_colsample_bytree": -0.13724907080688808, "log10_eta": -1.5347510949899532, "log10_lambda": 0.725930811662991, "log10_min_child_weight": 0.556687002086767, "log10_subsample": -0.24219814700874487, "max_depth": 5.0, "num_boost_round": 13.0}, "datetime": {"datetime": "2024-01-19 00:31:32", "elapsed": 1195.370818, "delta": 0.002404}}
{"target": -13.77432854157239, "params": {"gamma": 437.67471852055087, "log10_alpha": -0.27178053460326623, "log10_colsample_bytree": -0.13724907080688808, "log10_eta": -1.5347510949899532, "log10_lambda": 0.725930811662991, "log10_min_child_weight": 0.556687002086767, "log10_subsample": -0.24219814700874487, "max_depth": 5.0, "num_boost_round": 14.0}, "datetime": {"datetime": "2024-01-19 00:31:32", "elapsed": 1195.373084, "delta": 0.002266}}
{"target": -13.775213033102176, "params": {"gamma": 437.67471852055087, "log10_alpha": -0.27178053460326623, "log10_colsample_bytree": -0.13724907080688808, "log10_eta": -1.5347510949899532, "log10_lambda": 0.725930811662991, "log10_min_child_weight": 0.556687002086767, "log10_subsample": -0.24219814700874487, "max_depth": 5.0, "num_boost_round": 15.0}, "datetime": {"datetime": "2024-01-19 00:31:32", "elapsed": 1195.375347, "delta": 0.002263}}
{"target": -13.775208630340696, "params": {"gamma": 437.67471852055087, "log10_alpha": -0.27178053460326623, "log10_colsample_bytree": -0.13724907080688808, "log10_eta": -1.5347510949899532, "log10_lambda": 0.725930811662991, "log10_min_child_weight": 0.556687002086767, "log10_subsample": -0.24219814700874487, "max_depth": 5.0, "num_boost_round": 16.0}, "datetime": {"datetime": "2024-01-19 00:31:32", "elapsed": 1195.377606, "delta": 0.002259}}
{"target": -13.775386955426528, "params": {"gamma": 437.67471852055087, "log10_alpha": -0.27178053460326623, "log10_colsample_bytree": -0.13724907080688808, "log10_eta": -1.5347510949899532, "log10_lambda": 0.725930811662991, "log10_min_child_weight": 0.556687002086767, "log10_subsample": -0.24219814700874487, "max_depth": 5.0, "num_boost_round": 17.0}, "datetime": {"datetime": "2024-01-19 00:31:32", "elapsed": 1195.379865, "delta": 0.002259}}
{"target": -13.7755717445948, "params": {"gamma": 437.67471852055087, "log10_alpha": -0.27178053460326623, "log10_colsample_bytree": -0.13724907080688808, "log10_eta": -1.5347510949899532, "log10_lambda": 0.725930811662991, "log10_min_child_weight": 0.556687002086767, "log10_subsample": -0.24219814700874487, "max_depth": 5.0, "num_boost_round": 18.0}, "datetime": {"datetime": "2024-01-19 00:31:32", "elapsed": 1195.382122, "delta": 0.002257}}
{"target": -13.776485463989141, "params": {"gamma": 437.67471852055087, "log10_alpha": -0.27178053460326623, "log10_colsample_bytree": -0.13724907080688808, "log10_eta": -1.5347510949899532, "log10_lambda": 0.725930811662991, "log10_min_child_weight": 0.556687002086767, "log10_subsample": -0.24219814700874487, "max_depth": 5.0, "num_boost_round": 19.0}, "datetime": {"datetime": "2024-01-19 00:31:32", "elapsed": 1195.384368, "delta": 0.002246}}
{"target": -13.778047479636546, "params": {"gamma": 437.67471852055087, "log10_alpha": -0.27178053460326623, "log10_colsample_bytree": -0.13724907080688808, "log10_eta": -1.5347510949899532, "log10_lambda": 0.725930811662991, "log10_min_child_weight": 0.556687002086767, "log10_subsample": -0.24219814700874487, "max_depth": 5.0, "num_boost_round": 20.0}, "datetime": {"datetime": "2024-01-19 00:31:32", "elapsed": 1195.386643, "delta": 0.002275}}
{"target": -13.779661741948518, "params": {"gamma": 437.67471852055087, "log10_alpha": -0.27178053460326623, "log10_colsample_bytree": -0.13724907080688808, "log10_eta": -1.5347510949899532, "log10_lambda": 0.725930811662991, "log10_min_child_weight": 0.556687002086767, "log10_subsample": -0.24219814700874487, "max_depth": 5.0, "num_boost_round": 21.0}, "datetime": {"datetime": "2024-01-19 00:31:32", "elapsed": 1195.388893, "delta": 0.00225}}
{"target": -13.781388222852241, "params": {"gamma": 437.67471852055087, "log10_alpha": -0.27178053460326623, "log10_colsample_bytree": -0.13724907080688808, "log10_eta": -1.5347510949899532, "log10_lambda": 0.725930811662991, "log10_min_child_weight": 0.556687002086767, "log10_subsample": -0.24219814700874487, "max_depth": 5.0, "num_boost_round": 22.0}, "datetime": {"datetime": "2024-01-19 00:31:32", "elapsed": 1195.391342, "delta": 0.002449}}
{"target": -13.781567966509925, "params": {"gamma": 437.67471852055087, "log10_alpha": -0.27178053460326623, "log10_colsample_bytree": -0.13724907080688808, "log10_eta": -1.5347510949899532, "log10_lambda": 0.725930811662991, "log10_min_child_weight": 0.556687002086767, "log10_subsample": -0.24219814700874487, "max_depth": 5.0, "num_boost_round": 23.0}, "datetime": {"datetime": "2024-01-19 00:31:32", "elapsed": 1195.393792, "delta": 0.00245}}
{"target": -13.781230146068703, "params": {"gamma": 437.67471852055087, "log10_alpha": -0.27178053460326623, "log10_colsample_bytree": -0.13724907080688808, "log10_eta": -1.5347510949899532, "log10_lambda": 0.725930811662991, "log10_min_child_weight": 0.556687002086767, "log10_subsample": -0.24219814700874487, "max_depth": 5.0, "num_boost_round": 24.0}, "datetime": {"datetime": "2024-01-19 00:31:32", "elapsed": 1195.396287, "delta": 0.002495}}
{"target": -13.78287343892633, "params": {"gamma": 437.67471852055087, "log10_alpha": -0.27178053460326623, "log10_colsample_bytree": -0.13724907080688808, "log10_eta": -1.5347510949899532, "log10_lambda": 0.725930811662991, "log10_min_child_weight": 0.556687002086767, "log10_subsample": -0.24219814700874487, "max_depth": 5.0, "num_boost_round": 25.0}, "datetime": {"datetime": "2024-01-19 00:31:32", "elapsed": 1195.398564, "delta": 0.002277}}
{"target": -13.784065407211099, "params": {"gamma": 437.67471852055087, "log10_alpha": -0.27178053460326623, "log10_colsample_bytree": -0.13724907080688808, "log10_eta": -1.5347510949899532, "log10_lambda": 0.725930811662991, "log10_min_child_weight": 0.556687002086767, "log10_subsample": -0.24219814700874487, "max_depth": 5.0, "num_boost_round": 26.0}, "datetime": {"datetime": "2024-01-19 00:31:32", "elapsed": 1195.400846, "delta": 0.002282}}
{"target": -13.784676921513944, "params": {"gamma": 437.67471852055087, "log10_alpha": -0.27178053460326623, "log10_colsample_bytree": -0.13724907080688808, "log10_eta": -1.5347510949899532, "log10_lambda": 0.725930811662991, "log10_min_child_weight": 0.556687002086767, "log10_subsample": -0.24219814700874487, "max_depth": 5.0, "num_boost_round": 27.0}, "datetime": {"datetime": "2024-01-19 00:31:32", "elapsed": 1195.403127, "delta": 0.002281}}
{"target": -13.786613661876247, "params": {"gamma": 437.67471852055087, "log10_alpha": -0.27178053460326623, "log10_colsample_bytree": -0.13724907080688808, "log10_eta": -1.5347510949899532, "log10_lambda": 0.725930811662991, "log10_min_child_weight": 0.556687002086767, "log10_subsample": -0.24219814700874487, "max_depth": 5.0, "num_boost_round": 28.0}, "datetime": {"datetime": "2024-01-19 00:31:32", "elapsed": 1195.405405, "delta": 0.002278}}
{"target": -13.787543269226159, "params": {"gamma": 437.67471852055087, "log10_alpha": -0.27178053460326623, "log10_colsample_bytree": -0.13724907080688808, "log10_eta": -1.5347510949899532, "log10_lambda": 0.725930811662991, "log10_min_child_weight": 0.556687002086767, "log10_subsample": -0.24219814700874487, "max_depth": 5.0, "num_boost_round": 29.0}, "datetime": {"datetime": "2024-01-19 00:31:32", "elapsed": 1195.407689, "delta": 0.002284}}
{"target": -13.788194449995512, "params": {"gamma": 437.67471852055087, "log10_alpha": -0.27178053460326623, "log10_colsample_bytree": -0.13724907080688808, "log10_eta": -1.5347510949899532, "log10_lambda": 0.725930811662991, "log10_min_child_weight": 0.556687002086767, "log10_subsample": -0.24219814700874487, "max_depth": 5.0, "num_boost_round": 30.0}, "datetime": {"datetime": "2024-01-19 00:31:32", "elapsed": 1195.41012, "delta": 0.002431}}
{"target": -13.788968100408999, "params": {"gamma": 437.67471852055087, "log10_alpha": -0.27178053460326623, "log10_colsample_bytree": -0.13724907080688808, "log10_eta": -1.5347510949899532, "log10_lambda": 0.725930811662991, "log10_min_child_weight": 0.556687002086767, "log10_subsample": -0.24219814700874487, "max_depth": 5.0, "num_boost_round": 31.0}, "datetime": {"datetime": "2024-01-19 00:31:32", "elapsed": 1195.412406, "delta": 0.002286}}
{"target": -13.789165787371997, "params": {"gamma": 437.67471852055087, "log10_alpha": -0.27178053460326623, "log10_colsample_bytree": -0.13724907080688808, "log10_eta": -1.5347510949899532, "log10_lambda": 0.725930811662991, "log10_min_child_weight": 0.556687002086767, "log10_subsample": -0.24219814700874487, "max_depth": 5.0, "num_boost_round": 32.0}, "datetime": {"datetime": "2024-01-19 00:31:32", "elapsed": 1195.414708, "delta": 0.002302}}
{"target": -13.789791944718093, "params": {"gamma": 437.67471852055087, "log10_alpha": -0.27178053460326623, "log10_colsample_bytree": -0.13724907080688808, "log10_eta": -1.5347510949899532, "log10_lambda": 0.725930811662991, "log10_min_child_weight": 0.556687002086767, "log10_subsample": -0.24219814700874487, "max_depth": 5.0, "num_boost_round": 33.0}, "datetime": {"datetime": "2024-01-19 00:31:32", "elapsed": 1195.416993, "delta": 0.002285}}
{"target": -13.790026938751533, "params": {"gamma": 437.67471852055087, "log10_alpha": -0.27178053460326623, "log10_colsample_bytree": -0.13724907080688808, "log10_eta": -1.5347510949899532, "log10_lambda": 0.725930811662991, "log10_min_child_weight": 0.556687002086767, "log10_subsample": -0.24219814700874487, "max_depth": 5.0, "num_boost_round": 34.0}, "datetime": {"datetime": "2024-01-19 00:31:32", "elapsed": 1195.41928, "delta": 0.002287}}
{"target": -13.758537858025534, "params": {"gamma": 421.46120063397586, "log10_alpha": -3.0825015961664457, "log10_colsample_bytree": -0.7210791967069509, "log10_eta": -3.8123981911558507, "log10_lambda": -2.8048095343425086, "log10_min_child_weight": 4.052841509693597, "log10_subsample": -0.4677142682425305, "max_depth": 2.0, "num_boost_round": 0.0}, "datetime": {"datetime": "2024-01-19 00:32:01", "elapsed": 1224.183007, "delta": 28.763727}}
{"target": -13.758537326495151, "params": {"gamma": 421.46120063397586, "log10_alpha": -3.0825015961664457, "log10_colsample_bytree": -0.7210791967069509, "log10_eta": -3.8123981911558507, "log10_lambda": -2.8048095343425086, "log10_min_child_weight": 4.052841509693597, "log10_subsample": -0.4677142682425305, "max_depth": 2.0, "num_boost_round": 1.0}, "datetime": {"datetime": "2024-01-19 00:32:01", "elapsed": 1224.185671, "delta": 0.002664}}
{"target": -13.758536664163783, "params": {"gamma": 421.46120063397586, "log10_alpha": -3.0825015961664457, "log10_colsample_bytree": -0.7210791967069509, "log10_eta": -3.8123981911558507, "log10_lambda": -2.8048095343425086, "log10_min_child_weight": 4.052841509693597, "log10_subsample": -0.4677142682425305, "max_depth": 2.0, "num_boost_round": 2.0}, "datetime": {"datetime": "2024-01-19 00:32:01", "elapsed": 1224.188137, "delta": 0.002466}}
{"target": -13.758536169842795, "params": {"gamma": 421.46120063397586, "log10_alpha": -3.0825015961664457, "log10_colsample_bytree": -0.7210791967069509, "log10_eta": -3.8123981911558507, "log10_lambda": -2.8048095343425086, "log10_min_child_weight": 4.052841509693597, "log10_subsample": -0.4677142682425305, "max_depth": 2.0, "num_boost_round": 3.0}, "datetime": {"datetime": "2024-01-19 00:32:01", "elapsed": 1224.190616, "delta": 0.002479}}
{"target": -13.758535537376387, "params": {"gamma": 421.46120063397586, "log10_alpha": -3.0825015961664457, "log10_colsample_bytree": -0.7210791967069509, "log10_eta": -3.8123981911558507, "log10_lambda": -2.8048095343425086, "log10_min_child_weight": 4.052841509693597, "log10_subsample": -0.4677142682425305, "max_depth": 2.0, "num_boost_round": 4.0}, "datetime": {"datetime": "2024-01-19 00:32:01", "elapsed": 1224.193044, "delta": 0.002428}}
{"target": -13.758535332562637, "params": {"gamma": 421.46120063397586, "log10_alpha": -3.0825015961664457, "log10_colsample_bytree": -0.7210791967069509, "log10_eta": -3.8123981911558507, "log10_lambda": -2.8048095343425086, "log10_min_child_weight": 4.052841509693597, "log10_subsample": -0.4677142682425305, "max_depth": 2.0, "num_boost_round": 5.0}, "datetime": {"datetime": "2024-01-19 00:32:01", "elapsed": 1224.195564, "delta": 0.00252}}
{"target": -13.758536910101867, "params": {"gamma": 421.46120063397586, "log10_alpha": -3.0825015961664457, "log10_colsample_bytree": -0.7210791967069509, "log10_eta": -3.8123981911558507, "log10_lambda": -2.8048095343425086, "log10_min_child_weight": 4.052841509693597, "log10_subsample": -0.4677142682425305, "max_depth": 2.0, "num_boost_round": 6.0}, "datetime": {"datetime": "2024-01-19 00:32:01", "elapsed": 1224.197963, "delta": 0.002399}}
{"target": -13.758536190500779, "params": {"gamma": 421.46120063397586, "log10_alpha": -3.0825015961664457, "log10_colsample_bytree": -0.7210791967069509, "log10_eta": -3.8123981911558507, "log10_lambda": -2.8048095343425086, "log10_min_child_weight": 4.052841509693597, "log10_subsample": -0.4677142682425305, "max_depth": 2.0, "num_boost_round": 7.0}, "datetime": {"datetime": "2024-01-19 00:32:01", "elapsed": 1224.200249, "delta": 0.002286}}
{"target": -13.758537454979733, "params": {"gamma": 421.46120063397586, "log10_alpha": -3.0825015961664457, "log10_colsample_bytree": -0.7210791967069509, "log10_eta": -3.8123981911558507, "log10_lambda": -2.8048095343425086, "log10_min_child_weight": 4.052841509693597, "log10_subsample": -0.4677142682425305, "max_depth": 2.0, "num_boost_round": 8.0}, "datetime": {"datetime": "2024-01-19 00:32:01", "elapsed": 1224.202582, "delta": 0.002333}}
{"target": -13.75853643337422, "params": {"gamma": 421.46120063397586, "log10_alpha": -3.0825015961664457, "log10_colsample_bytree": -0.7210791967069509, "log10_eta": -3.8123981911558507, "log10_lambda": -2.8048095343425086, "log10_min_child_weight": 4.052841509693597, "log10_subsample": -0.4677142682425305, "max_depth": 2.0, "num_boost_round": 9.0}, "datetime": {"datetime": "2024-01-19 00:32:01", "elapsed": 1224.204864, "delta": 0.002282}}
{"target": -13.758535635363863, "params": {"gamma": 421.46120063397586, "log10_alpha": -3.0825015961664457, "log10_colsample_bytree": -0.7210791967069509, "log10_eta": -3.8123981911558507, "log10_lambda": -2.8048095343425086, "log10_min_child_weight": 4.052841509693597, "log10_subsample": -0.4677142682425305, "max_depth": 2.0, "num_boost_round": 10.0}, "datetime": {"datetime": "2024-01-19 00:32:01", "elapsed": 1224.207156, "delta": 0.002292}}
{"target": -13.758534580280514, "params": {"gamma": 421.46120063397586, "log10_alpha": -3.0825015961664457, "log10_colsample_bytree": -0.7210791967069509, "log10_eta": -3.8123981911558507, "log10_lambda": -2.8048095343425086, "log10_min_child_weight": 4.052841509693597, "log10_subsample": -0.4677142682425305, "max_depth": 2.0, "num_boost_round": 11.0}, "datetime": {"datetime": "2024-01-19 00:32:01", "elapsed": 1224.209643, "delta": 0.002487}}
{"target": -13.758535934670762, "params": {"gamma": 421.46120063397586, "log10_alpha": -3.0825015961664457, "log10_colsample_bytree": -0.7210791967069509, "log10_eta": -3.8123981911558507, "log10_lambda": -2.8048095343425086, "log10_min_child_weight": 4.052841509693597, "log10_subsample": -0.4677142682425305, "max_depth": 2.0, "num_boost_round": 12.0}, "datetime": {"datetime": "2024-01-19 00:32:01", "elapsed": 1224.211945, "delta": 0.002302}}
{"target": -13.75853498735426, "params": {"gamma": 421.46120063397586, "log10_alpha": -3.0825015961664457, "log10_colsample_bytree": -0.7210791967069509, "log10_eta": -3.8123981911558507, "log10_lambda": -2.8048095343425086, "log10_min_child_weight": 4.052841509693597, "log10_subsample": -0.4677142682425305, "max_depth": 2.0, "num_boost_round": 13.0}, "datetime": {"datetime": "2024-01-19 00:32:01", "elapsed": 1224.214256, "delta": 0.002311}}
{"target": -13.75853384138878, "params": {"gamma": 421.46120063397586, "log10_alpha": -3.0825015961664457, "log10_colsample_bytree": -0.7210791967069509, "log10_eta": -3.8123981911558507, "log10_lambda": -2.8048095343425086, "log10_min_child_weight": 4.052841509693597, "log10_subsample": -0.4677142682425305, "max_depth": 2.0, "num_boost_round": 14.0}, "datetime": {"datetime": "2024-01-19 00:32:01", "elapsed": 1224.216594, "delta": 0.002338}}
{"target": -13.758532019165976, "params": {"gamma": 421.46120063397586, "log10_alpha": -3.0825015961664457, "log10_colsample_bytree": -0.7210791967069509, "log10_eta": -3.8123981911558507, "log10_lambda": -2.8048095343425086, "log10_min_child_weight": 4.052841509693597, "log10_subsample": -0.4677142682425305, "max_depth": 2.0, "num_boost_round": 15.0}, "datetime": {"datetime": "2024-01-19 00:32:01", "elapsed": 1224.218924, "delta": 0.00233}}
{"target": -13.758531879254575, "params": {"gamma": 421.46120063397586, "log10_alpha": -3.0825015961664457, "log10_colsample_bytree": -0.7210791967069509, "log10_eta": -3.8123981911558507, "log10_lambda": -2.8048095343425086, "log10_min_child_weight": 4.052841509693597, "log10_subsample": -0.4677142682425305, "max_depth": 2.0, "num_boost_round": 16.0}, "datetime": {"datetime": "2024-01-19 00:32:01", "elapsed": 1224.22125, "delta": 0.002326}}
{"target": -13.758530215049284, "params": {"gamma": 421.46120063397586, "log10_alpha": -3.0825015961664457, "log10_colsample_bytree": -0.7210791967069509, "log10_eta": -3.8123981911558507, "log10_lambda": -2.8048095343425086, "log10_min_child_weight": 4.052841509693597, "log10_subsample": -0.4677142682425305, "max_depth": 2.0, "num_boost_round": 17.0}, "datetime": {"datetime": "2024-01-19 00:32:01", "elapsed": 1224.223619, "delta": 0.002369}}
{"target": -13.758531373127372, "params": {"gamma": 421.46120063397586, "log10_alpha": -3.0825015961664457, "log10_colsample_bytree": -0.7210791967069509, "log10_eta": -3.8123981911558507, "log10_lambda": -2.8048095343425086, "log10_min_child_weight": 4.052841509693597, "log10_subsample": -0.4677142682425305, "max_depth": 2.0, "num_boost_round": 18.0}, "datetime": {"datetime": "2024-01-19 00:32:01", "elapsed": 1224.225924, "delta": 0.002305}}
{"target": -13.758530675040213, "params": {"gamma": 421.46120063397586, "log10_alpha": -3.0825015961664457, "log10_colsample_bytree": -0.7210791967069509, "log10_eta": -3.8123981911558507, "log10_lambda": -2.8048095343425086, "log10_min_child_weight": 4.052841509693597, "log10_subsample": -0.4677142682425305, "max_depth": 2.0, "num_boost_round": 19.0}, "datetime": {"datetime": "2024-01-19 00:32:01", "elapsed": 1224.228253, "delta": 0.002329}}
{"target": -13.75853217086228, "params": {"gamma": 421.46120063397586, "log10_alpha": -3.0825015961664457, "log10_colsample_bytree": -0.7210791967069509, "log10_eta": -3.8123981911558507, "log10_lambda": -2.8048095343425086, "log10_min_child_weight": 4.052841509693597, "log10_subsample": -0.4677142682425305, "max_depth": 2.0, "num_boost_round": 20.0}, "datetime": {"datetime": "2024-01-19 00:32:01", "elapsed": 1224.230717, "delta": 0.002464}}
{"target": -13.758534841983202, "params": {"gamma": 421.46120063397586, "log10_alpha": -3.0825015961664457, "log10_colsample_bytree": -0.7210791967069509, "log10_eta": -3.8123981911558507, "log10_lambda": -2.8048095343425086, "log10_min_child_weight": 4.052841509693597, "log10_subsample": -0.4677142682425305, "max_depth": 2.0, "num_boost_round": 21.0}, "datetime": {"datetime": "2024-01-19 00:32:01", "elapsed": 1224.233043, "delta": 0.002326}}
{"target": -13.758535754782653, "params": {"gamma": 421.46120063397586, "log10_alpha": -3.0825015961664457, "log10_colsample_bytree": -0.7210791967069509, "log10_eta": -3.8123981911558507, "log10_lambda": -2.8048095343425086, "log10_min_child_weight": 4.052841509693597, "log10_subsample": -0.4677142682425305, "max_depth": 2.0, "num_boost_round": 22.0}, "datetime": {"datetime": "2024-01-19 00:32:01", "elapsed": 1224.235342, "delta": 0.002299}}
{"target": -13.758535230445222, "params": {"gamma": 421.46120063397586, "log10_alpha": -3.0825015961664457, "log10_colsample_bytree": -0.7210791967069509, "log10_eta": -3.8123981911558507, "log10_lambda": -2.8048095343425086, "log10_min_child_weight": 4.052841509693597, "log10_subsample": -0.4677142682425305, "max_depth": 2.0, "num_boost_round": 23.0}, "datetime": {"datetime": "2024-01-19 00:32:01", "elapsed": 1224.237675, "delta": 0.002333}}
{"target": -13.758534800037646, "params": {"gamma": 421.46120063397586, "log10_alpha": -3.0825015961664457, "log10_colsample_bytree": -0.7210791967069509, "log10_eta": -3.8123981911558507, "log10_lambda": -2.8048095343425086, "log10_min_child_weight": 4.052841509693597, "log10_subsample": -0.4677142682425305, "max_depth": 2.0, "num_boost_round": 24.0}, "datetime": {"datetime": "2024-01-19 00:32:01", "elapsed": 1224.239977, "delta": 0.002302}}
{"target": -13.758534428190213, "params": {"gamma": 421.46120063397586, "log10_alpha": -3.0825015961664457, "log10_colsample_bytree": -0.7210791967069509, "log10_eta": -3.8123981911558507, "log10_lambda": -2.8048095343425086, "log10_min_child_weight": 4.052841509693597, "log10_subsample": -0.4677142682425305, "max_depth": 2.0, "num_boost_round": 25.0}, "datetime": {"datetime": "2024-01-19 00:32:01", "elapsed": 1224.242285, "delta": 0.002308}}
