{"target": -13.758293333842056, "params": {"gamma": 894.3650465344743, "log10_alpha": 0.1135877152073066, "log10_colsample_bytree": -0.3903829296982413, "log10_eta": -2.8132405763850548, "log10_lambda": -2.0290675537853398, "log10_min_child_weight": 3.308057454432658, "log10_subsample": -0.44016330641826684, "max_depth": 3.0, "num_boost_round": 13.0}, "datetime": {"datetime": "2024-01-19 01:43:14", "elapsed": 5514.752849, "delta": 0.004342}}
{"target": -13.758281163621781, "params": {"gamma": 894.3650465344743, "log10_alpha": 0.1135877152073066, "log10_colsample_bytree": -0.3903829296982413, "log10_eta": -2.8132405763850548, "log10_lambda": -2.0290675537853398, "log10_min_child_weight": 3.308057454432658, "log10_subsample": -0.44016330641826684, "max_depth": 3.0, "num_boost_round": 14.0}, "datetime": {"datetime": "2024-01-19 01:43:14", "elapsed": 5514.757193, "delta": 0.004344}}
{"target": -13.758244810025479, "params": {"gamma": 894.3650465344743, "log10_alpha": 0.1135877152073066, "log10_colsample_bytree": -0.3903829296982413, "log10_eta": -2.8132405763850548, "log10_lambda": -2.0290675537853398, "log10_min_child_weight": 3.308057454432658, "log10_subsample": -0.44016330641826684, "max_depth": 3.0, "num_boost_round": 15.0}, "datetime": {"datetime": "2024-01-19 01:43:14", "elapsed": 5514.76153, "delta": 0.004337}}
{"target": -13.75821251696372, "params": {"gamma": 894.3650465344743, "log10_alpha": 0.1135877152073066, "log10_colsample_bytree": -0.3903829296982413, "log10_eta": -2.8132405763850548, "log10_lambda": -2.0290675537853398, "log10_min_child_weight": 3.308057454432658, "log10_subsample": -0.44016330641826684, "max_depth": 3.0, "num_boost_round": 16.0}, "datetime": {"datetime": "2024-01-19 01:43:14", "elapsed": 5514.765827, "delta": 0.004297}}
{"target": -13.758215730017275, "params": {"gamma": 894.3650465344743, "log10_alpha": 0.1135877152073066, "log10_colsample_bytree": -0.3903829296982413, "log10_eta": -2.8132405763850548, "log10_lambda": -2.0290675537853398, "log10_min_child_weight": 3.308057454432658, "log10_subsample": -0.44016330641826684, "max_depth": 3.0, "num_boost_round": 17.0}, "datetime": {"datetime": "2024-01-19 01:43:14", "elapsed": 5514.770084, "delta": 0.004257}}
{"target": -13.758203303679592, "params": {"gamma": 894.3650465344743, "log10_alpha": 0.1135877152073066, "log10_colsample_bytree": -0.3903829296982413, "log10_eta": -2.8132405763850548, "log10_lambda": -2.0290675537853398, "log10_min_child_weight": 3.308057454432658, "log10_subsample": -0.44016330641826684, "max_depth": 3.0, "num_boost_round": 18.0}, "datetime": {"datetime": "2024-01-19 01:43:14", "elapsed": 5514.774496, "delta": 0.004412}}
{"target": -13.758182756681984, "params": {"gamma": 894.3650465344743, "log10_alpha": 0.1135877152073066, "log10_colsample_bytree": -0.3903829296982413, "log10_eta": -2.8132405763850548, "log10_lambda": -2.0290675537853398, "log10_min_child_weight": 3.308057454432658, "log10_subsample": -0.44016330641826684, "max_depth": 3.0, "num_boost_round": 19.0}, "datetime": {"datetime": "2024-01-19 01:43:14", "elapsed": 5514.779002, "delta": 0.004506}}
{"target": -13.75815712680834, "params": {"gamma": 894.3650465344743, "log10_alpha": 0.1135877152073066, "log10_colsample_bytree": -0.3903829296982413, "log10_eta": -2.8132405763850548, "log10_lambda": -2.0290675537853398, "log10_min_child_weight": 3.308057454432658, "log10_subsample": -0.44016330641826684, "max_depth": 3.0, "num_boost_round": 20.0}, "datetime": {"datetime": "2024-01-19 01:43:14", "elapsed": 5514.783491, "delta": 0.004489}}
{"target": -13.7581457008329, "params": {"gamma": 894.3650465344743, "log10_alpha": 0.1135877152073066, "log10_colsample_bytree": -0.3903829296982413, "log10_eta": -2.8132405763850548, "log10_lambda": -2.0290675537853398, "log10_min_child_weight": 3.308057454432658, "log10_subsample": -0.44016330641826684, "max_depth": 3.0, "num_boost_round": 21.0}, "datetime": {"datetime": "2024-01-19 01:43:14", "elapsed": 5514.788489, "delta": 0.004998}}
{"target": -13.758144644345071, "params": {"gamma": 894.3650465344743, "log10_alpha": 0.1135877152073066, "log10_colsample_bytree": -0.3903829296982413, "log10_eta": -2.8132405763850548, "log10_lambda": -2.0290675537853398, "log10_min_child_weight": 3.308057454432658, "log10_subsample": -0.44016330641826684, "max_depth": 3.0, "num_boost_round": 22.0}, "datetime": {"datetime": "2024-01-19 01:43:14", "elapsed": 5514.793093, "delta": 0.004604}}
{"target": -13.758138830133944, "params": {"gamma": 894.3650465344743, "log10_alpha": 0.1135877152073066, "log10_colsample_bytree": -0.3903829296982413, "log10_eta": -2.8132405763850548, "log10_lambda": -2.0290675537853398, "log10_min_child_weight": 3.308057454432658, "log10_subsample": -0.44016330641826684, "max_depth": 3.0, "num_boost_round": 23.0}, "datetime": {"datetime": "2024-01-19 01:43:14", "elapsed": 5514.797684, "delta": 0.004591}}
{"target": -13.758537885622172, "params": {"gamma": 900.7114047655899, "log10_alpha": 0.8907462643594233, "log10_colsample_bytree": -0.024784882001728348, "log10_eta": -3.253783990286149, "log10_lambda": -1.1185710030552785, "log10_min_child_weight": 4.255024896242954, "log10_subsample": -0.014552151364770172, "max_depth": 2.0, "num_boost_round": 0.0}, "datetime": {"datetime": "2024-01-19 01:44:07", "elapsed": 5567.840581, "delta": 53.042897}}
{"target": -13.758537029520992, "params": {"gamma": 900.7114047655899, "log10_alpha": 0.8907462643594233, "log10_colsample_bytree": -0.024784882001728348, "log10_eta": -3.253783990286149, "log10_lambda": -1.1185710030552785, "log10_min_child_weight": 4.255024896242954, "log10_subsample": -0.014552151364770172, "max_depth": 2.0, "num_boost_round": 1.0}, "datetime": {"datetime": "2024-01-19 01:44:07", "elapsed": 5567.846158, "delta": 0.005577}}
{"target": -13.758536158817352, "params": {"gamma": 900.7114047655899, "log10_alpha": 0.8907462643594233, "log10_colsample_bytree": -0.024784882001728348, "log10_eta": -3.253783990286149, "log10_lambda": -1.1185710030552785, "log10_min_child_weight": 4.255024896242954, "log10_subsample": -0.014552151364770172, "max_depth": 2.0, "num_boost_round": 2.0}, "datetime": {"datetime": "2024-01-19 01:44:07", "elapsed": 5567.850806, "delta": 0.004648}}
{"target": -13.758535312724321, "params": {"gamma": 900.7114047655899, "log10_alpha": 0.8907462643594233, "log10_colsample_bytree": -0.024784882001728348, "log10_eta": -3.253783990286149, "log10_lambda": -1.1185710030552785, "log10_min_child_weight": 4.255024896242954, "log10_subsample": -0.014552151364770172, "max_depth": 2.0, "num_boost_round": 3.0}, "datetime": {"datetime": "2024-01-19 01:44:07", "elapsed": 5567.855677, "delta": 0.004871}}
{"target": -13.75853503492081, "params": {"gamma": 900.7114047655899, "log10_alpha": 0.8907462643594233, "log10_colsample_bytree": -0.024784882001728348, "log10_eta": -3.253783990286149, "log10_lambda": -1.1185710030552785, "log10_min_child_weight": 4.255024896242954, "log10_subsample": -0.014552151364770172, "max_depth": 2.0, "num_boost_round": 4.0}, "datetime": {"datetime": "2024-01-19 01:44:07", "elapsed": 5567.860275, "delta": 0.004598}}
{"target": -13.758534184089127, "params": {"gamma": 900.7114047655899, "log10_alpha": 0.8907462643594233, "log10_colsample_bytree": -0.024784882001728348, "log10_eta": -3.253783990286149, "log10_lambda": -1.1185710030552785, "log10_min_child_weight": 4.255024896242954, "log10_subsample": -0.014552151364770172, "max_depth": 2.0, "num_boost_round": 5.0}, "datetime": {"datetime": "2024-01-19 01:44:07", "elapsed": 5567.864759, "delta": 0.004484}}
{"target": -13.758532942402082, "params": {"gamma": 900.7114047655899, "log10_alpha": 0.8907462643594233, "log10_colsample_bytree": -0.024784882001728348, "log10_eta": -3.253783990286149, "log10_lambda": -1.1185710030552785, "log10_min_child_weight": 4.255024896242954, "log10_subsample": -0.014552151364770172, "max_depth": 2.0, "num_boost_round": 6.0}, "datetime": {"datetime": "2024-01-19 01:44:07", "elapsed": 5567.869246, "delta": 0.004487}}
{"target": -13.758531582702973, "params": {"gamma": 900.7114047655899, "log10_alpha": 0.8907462643594233, "log10_colsample_bytree": -0.024784882001728348, "log10_eta": -3.253783990286149, "log10_lambda": -1.1185710030552785, "log10_min_child_weight": 4.255024896242954, "log10_subsample": -0.014552151364770172, "max_depth": 2.0, "num_boost_round": 7.0}, "datetime": {"datetime": "2024-01-19 01:44:07", "elapsed": 5567.873647, "delta": 0.004401}}
{"target": -13.758530371802275, "params": {"gamma": 900.7114047655899, "log10_alpha": 0.8907462643594233, "log10_colsample_bytree": -0.024784882001728348, "log10_eta": -3.253783990286149, "log10_lambda": -1.1185710030552785, "log10_min_child_weight": 4.255024896242954, "log10_subsample": -0.014552151364770172, "max_depth": 2.0, "num_boost_round": 8.0}, "datetime": {"datetime": "2024-01-19 01:44:07", "elapsed": 5567.878041, "delta": 0.004394}}
{"target": -13.75852967200331, "params": {"gamma": 900.7114047655899, "log10_alpha": 0.8907462643594233, "log10_colsample_bytree": -0.024784882001728348, "log10_eta": -3.253783990286149, "log10_lambda": -1.1185710030552785, "log10_min_child_weight": 4.255024896242954, "log10_subsample": -0.014552151364770172, "max_depth": 2.0, "num_boost_round": 9.0}, "datetime": {"datetime": "2024-01-19 01:44:07", "elapsed": 5567.882676, "delta": 0.004635}}
{"target": -13.758529027550251, "params": {"gamma": 900.7114047655899, "log10_alpha": 0.8907462643594233, "log10_colsample_bytree": -0.024784882001728348, "log10_eta": -3.253783990286149, "log10_lambda": -1.1185710030552785, "log10_min_child_weight": 4.255024896242954, "log10_subsample": -0.014552151364770172, "max_depth": 2.0, "num_boost_round": 10.0}, "datetime": {"datetime": "2024-01-19 01:44:07", "elapsed": 5567.887657, "delta": 0.004981}}
{"target": -13.758527741368043, "params": {"gamma": 900.7114047655899, "log10_alpha": 0.8907462643594233, "log10_colsample_bytree": -0.024784882001728348, "log10_eta": -3.253783990286149, "log10_lambda": -1.1185710030552785, "log10_min_child_weight": 4.255024896242954, "log10_subsample": -0.014552151364770172, "max_depth": 2.0, "num_boost_round": 11.0}, "datetime": {"datetime": "2024-01-19 01:44:07", "elapsed": 5567.892524, "delta": 0.004867}}
{"target": -13.758527116322467, "params": {"gamma": 900.7114047655899, "log10_alpha": 0.8907462643594233, "log10_colsample_bytree": -0.024784882001728348, "log10_eta": -3.253783990286149, "log10_lambda": -1.1185710030552785, "log10_min_child_weight": 4.255024896242954, "log10_subsample": -0.014552151364770172, "max_depth": 2.0, "num_boost_round": 12.0}, "datetime": {"datetime": "2024-01-19 01:44:07", "elapsed": 5567.897699, "delta": 0.005175}}
{"target": -13.758526515867802, "params": {"gamma": 900.7114047655899, "log10_alpha": 0.8907462643594233, "log10_colsample_bytree": -0.024784882001728348, "log10_eta": -3.253783990286149, "log10_lambda": -1.1185710030552785, "log10_min_child_weight": 4.255024896242954, "log10_subsample": -0.014552151364770172, "max_depth": 2.0, "num_boost_round": 13.0}, "datetime": {"datetime": "2024-01-19 01:44:07", "elapsed": 5567.902407, "delta": 0.004708}}
{"target": -13.758525890663961, "params": {"gamma": 900.7114047655899, "log10_alpha": 0.8907462643594233, "log10_colsample_bytree": -0.024784882001728348, "log10_eta": -3.253783990286149, "log10_lambda": -1.1185710030552785, "log10_min_child_weight": 4.255024896242954, "log10_subsample": -0.014552151364770172, "max_depth": 2.0, "num_boost_round": 14.0}, "datetime": {"datetime": "2024-01-19 01:44:07", "elapsed": 5567.906992, "delta": 0.004585}}
{"target": -13.758525772776967, "params": {"gamma": 900.7114047655899, "log10_alpha": 0.8907462643594233, "log10_colsample_bytree": -0.024784882001728348, "log10_eta": -3.253783990286149, "log10_lambda": -1.1185710030552785, "log10_min_child_weight": 4.255024896242954, "log10_subsample": -0.014552151364770172, "max_depth": 2.0, "num_boost_round": 15.0}, "datetime": {"datetime": "2024-01-19 01:44:07", "elapsed": 5567.911799, "delta": 0.004807}}
{"target": -13.758524886505676, "params": {"gamma": 900.7114047655899, "log10_alpha": 0.8907462643594233, "log10_colsample_bytree": -0.024784882001728348, "log10_eta": -3.253783990286149, "log10_lambda": -1.1185710030552785, "log10_min_child_weight": 4.255024896242954, "log10_subsample": -0.014552151364770172, "max_depth": 2.0, "num_boost_round": 16.0}, "datetime": {"datetime": "2024-01-19 01:44:07", "elapsed": 5567.916434, "delta": 0.004635}}
{"target": -13.758524322643183, "params": {"gamma": 900.7114047655899, "log10_alpha": 0.8907462643594233, "log10_colsample_bytree": -0.024784882001728348, "log10_eta": -3.253783990286149, "log10_lambda": -1.1185710030552785, "log10_min_child_weight": 4.255024896242954, "log10_subsample": -0.014552151364770172, "max_depth": 2.0, "num_boost_round": 17.0}, "datetime": {"datetime": "2024-01-19 01:44:07", "elapsed": 5567.921111, "delta": 0.004677}}
{"target": -13.758524138442546, "params": {"gamma": 900.7114047655899, "log10_alpha": 0.8907462643594233, "log10_colsample_bytree": -0.024784882001728348, "log10_eta": -3.253783990286149, "log10_lambda": -1.1185710030552785, "log10_min_child_weight": 4.255024896242954, "log10_subsample": -0.014552151364770172, "max_depth": 2.0, "num_boost_round": 18.0}, "datetime": {"datetime": "2024-01-19 01:44:07", "elapsed": 5567.925869, "delta": 0.004758}}
{"target": -13.758524077215853, "params": {"gamma": 900.7114047655899, "log10_alpha": 0.8907462643594233, "log10_colsample_bytree": -0.024784882001728348, "log10_eta": -3.253783990286149, "log10_lambda": -1.1185710030552785, "log10_min_child_weight": 4.255024896242954, "log10_subsample": -0.014552151364770172, "max_depth": 2.0, "num_boost_round": 19.0}, "datetime": {"datetime": "2024-01-19 01:44:07", "elapsed": 5567.930421, "delta": 0.004552}}
{"target": -13.758524079696382, "params": {"gamma": 900.7114047655899, "log10_alpha": 0.8907462643594233, "log10_colsample_bytree": -0.024784882001728348, "log10_eta": -3.253783990286149, "log10_lambda": -1.1185710030552785, "log10_min_child_weight": 4.255024896242954, "log10_subsample": -0.014552151364770172, "max_depth": 2.0, "num_boost_round": 20.0}, "datetime": {"datetime": "2024-01-19 01:44:07", "elapsed": 5567.935059, "delta": 0.004638}}
{"target": -13.758524105998907, "params": {"gamma": 900.7114047655899, "log10_alpha": 0.8907462643594233, "log10_colsample_bytree": -0.024784882001728348, "log10_eta": -3.253783990286149, "log10_lambda": -1.1185710030552785, "log10_min_child_weight": 4.255024896242954, "log10_subsample": -0.014552151364770172, "max_depth": 2.0, "num_boost_round": 21.0}, "datetime": {"datetime": "2024-01-19 01:44:07", "elapsed": 5567.939787, "delta": 0.004728}}
{"target": -13.758523626043585, "params": {"gamma": 900.7114047655899, "log10_alpha": 0.8907462643594233, "log10_colsample_bytree": -0.024784882001728348, "log10_eta": -3.253783990286149, "log10_lambda": -1.1185710030552785, "log10_min_child_weight": 4.255024896242954, "log10_subsample": -0.014552151364770172, "max_depth": 2.0, "num_boost_round": 22.0}, "datetime": {"datetime": "2024-01-19 01:44:07", "elapsed": 5567.944189, "delta": 0.004402}}
{"target": -13.758523646014789, "params": {"gamma": 900.7114047655899, "log10_alpha": 0.8907462643594233, "log10_colsample_bytree": -0.024784882001728348, "log10_eta": -3.253783990286149, "log10_lambda": -1.1185710030552785, "log10_min_child_weight": 4.255024896242954, "log10_subsample": -0.014552151364770172, "max_depth": 2.0, "num_boost_round": 23.0}, "datetime": {"datetime": "2024-01-19 01:44:07", "elapsed": 5567.948694, "delta": 0.004505}}
{"target": -13.758523731359134, "params": {"gamma": 900.7114047655899, "log10_alpha": 0.8907462643594233, "log10_colsample_bytree": -0.024784882001728348, "log10_eta": -3.253783990286149, "log10_lambda": -1.1185710030552785, "log10_min_child_weight": 4.255024896242954, "log10_subsample": -0.014552151364770172, "max_depth": 2.0, "num_boost_round": 24.0}, "datetime": {"datetime": "2024-01-19 01:44:07", "elapsed": 5567.953227, "delta": 0.004533}}
{"target": -13.758523300076007, "params": {"gamma": 900.7114047655899, "log10_alpha": 0.8907462643594233, "log10_colsample_bytree": -0.024784882001728348, "log10_eta": -3.253783990286149, "log10_lambda": -1.1185710030552785, "log10_min_child_weight": 4.255024896242954, "log10_subsample": -0.014552151364770172, "max_depth": 2.0, "num_boost_round": 25.0}, "datetime": {"datetime": "2024-01-19 01:44:07", "elapsed": 5567.957717, "delta": 0.00449}}
{"target": -13.758522280846357, "params": {"gamma": 900.7114047655899, "log10_alpha": 0.8907462643594233, "log10_colsample_bytree": -0.024784882001728348, "log10_eta": -3.253783990286149, "log10_lambda": -1.1185710030552785, "log10_min_child_weight": 4.255024896242954, "log10_subsample": -0.014552151364770172, "max_depth": 2.0, "num_boost_round": 26.0}, "datetime": {"datetime": "2024-01-19 01:44:07", "elapsed": 5567.962267, "delta": 0.00455}}
{"target": -13.758521914776232, "params": {"gamma": 900.7114047655899, "log10_alpha": 0.8907462643594233, "log10_colsample_bytree": -0.024784882001728348, "log10_eta": -3.253783990286149, "log10_lambda": -1.1185710030552785, "log10_min_child_weight": 4.255024896242954, "log10_subsample": -0.014552151364770172, "max_depth": 2.0, "num_boost_round": 27.0}, "datetime": {"datetime": "2024-01-19 01:44:07", "elapsed": 5567.966857, "delta": 0.00459}}
{"target": -13.758520903667288, "params": {"gamma": 900.7114047655899, "log10_alpha": 0.8907462643594233, "log10_colsample_bytree": -0.024784882001728348, "log10_eta": -3.253783990286149, "log10_lambda": -1.1185710030552785, "log10_min_child_weight": 4.255024896242954, "log10_subsample": -0.014552151364770172, "max_depth": 2.0, "num_boost_round": 28.0}, "datetime": {"datetime": "2024-01-19 01:44:07", "elapsed": 5567.971279, "delta": 0.004422}}
{"target": -13.75854566015205, "params": {"gamma": 839.4576024981326, "log10_alpha": -3.6816452079966258, "log10_colsample_bytree": -0.07811197051430652, "log10_eta": -3.642843756959344, "log10_lambda": -1.24434308511703, "log10_min_child_weight": 2.2800515775409536, "log10_subsample": -0.31924707227490157, "max_depth": 8.0, "num_boost_round": 0.0}, "datetime": {"datetime": "2024-01-19 01:44:55", "elapsed": 5615.524427, "delta": 47.553148}}
{"target": -13.758549376796765, "params": {"gamma": 839.4576024981326, "log10_alpha": -3.6816452079966258, "log10_colsample_bytree": -0.07811197051430652, "log10_eta": -3.642843756959344, "log10_lambda": -1.24434308511703, "log10_min_child_weight": 2.2800515775409536, "log10_subsample": -0.31924707227490157, "max_depth": 8.0, "num_boost_round": 1.0}, "datetime": {"datetime": "2024-01-19 01:44:55", "elapsed": 5615.529836, "delta": 0.005409}}
{"target": -13.75854550346719, "params": {"gamma": 839.4576024981326, "log10_alpha": -3.6816452079966258, "log10_colsample_bytree": -0.07811197051430652, "log10_eta": -3.642843756959344, "log10_lambda": -1.24434308511703, "log10_min_child_weight": 2.2800515775409536, "log10_subsample": -0.31924707227490157, "max_depth": 8.0, "num_boost_round": 2.0}, "datetime": {"datetime": "2024-01-19 01:44:55", "elapsed": 5615.534614, "delta": 0.004778}}
{"target": -13.758537786468327, "params": {"gamma": 839.4576024981326, "log10_alpha": -3.6816452079966258, "log10_colsample_bytree": -0.07811197051430652, "log10_eta": -3.642843756959344, "log10_lambda": -1.24434308511703, "log10_min_child_weight": 2.2800515775409536, "log10_subsample": -0.31924707227490157, "max_depth": 8.0, "num_boost_round": 3.0}, "datetime": {"datetime": "2024-01-19 01:44:55", "elapsed": 5615.539029, "delta": 0.004415}}
{"target": -13.758531687611974, "params": {"gamma": 839.4576024981326, "log10_alpha": -3.6816452079966258, "log10_colsample_bytree": -0.07811197051430652, "log10_eta": -3.642843756959344, "log10_lambda": -1.24434308511703, "log10_min_child_weight": 2.2800515775409536, "log10_subsample": -0.31924707227490157, "max_depth": 8.0, "num_boost_round": 4.0}, "datetime": {"datetime": "2024-01-19 01:44:55", "elapsed": 5615.54347, "delta": 0.004441}}
{"target": -13.758534296478606, "params": {"gamma": 839.4576024981326, "log10_alpha": -3.6816452079966258, "log10_colsample_bytree": -0.07811197051430652, "log10_eta": -3.642843756959344, "log10_lambda": -1.24434308511703, "log10_min_child_weight": 2.2800515775409536, "log10_subsample": -0.31924707227490157, "max_depth": 8.0, "num_boost_round": 5.0}, "datetime": {"datetime": "2024-01-19 01:44:55", "elapsed": 5615.548068, "delta": 0.004598}}
{"target": -13.758539518331407, "params": {"gamma": 839.4576024981326, "log10_alpha": -3.6816452079966258, "log10_colsample_bytree": -0.07811197051430652, "log10_eta": -3.642843756959344, "log10_lambda": -1.24434308511703, "log10_min_child_weight": 2.2800515775409536, "log10_subsample": -0.31924707227490157, "max_depth": 8.0, "num_boost_round": 6.0}, "datetime": {"datetime": "2024-01-19 01:44:55", "elapsed": 5615.552484, "delta": 0.004416}}
{"target": -13.758545577677271, "params": {"gamma": 839.4576024981326, "log10_alpha": -3.6816452079966258, "log10_colsample_bytree": -0.07811197051430652, "log10_eta": -3.642843756959344, "log10_lambda": -1.24434308511703, "log10_min_child_weight": 2.2800515775409536, "log10_subsample": -0.31924707227490157, "max_depth": 8.0, "num_boost_round": 7.0}, "datetime": {"datetime": "2024-01-19 01:44:55", "elapsed": 5615.556827, "delta": 0.004343}}
{"target": -13.758541802783652, "params": {"gamma": 839.4576024981326, "log10_alpha": -3.6816452079966258, "log10_colsample_bytree": -0.07811197051430652, "log10_eta": -3.642843756959344, "log10_lambda": -1.24434308511703, "log10_min_child_weight": 2.2800515775409536, "log10_subsample": -0.31924707227490157, "max_depth": 8.0, "num_boost_round": 8.0}, "datetime": {"datetime": "2024-01-19 01:44:55", "elapsed": 5615.561512, "delta": 0.004685}}
