{"target": -17.67719124503774, "params": {"gamma": 446.8447586240737, "log10_alpha": -4.191912218590332, "log10_colsample_bytree": -0.18678598391020163, "log10_eta": -3.0374245665895114, "log10_lambda": -3.811044585347007, "log10_min_child_weight": 0.8662943260424871, "log10_subsample": -0.10999516164989809, "max_depth": 3.0, "num_boost_round": 0.0}, "datetime": {"datetime": "2024-01-19 00:42:18", "elapsed": 1843.014812, "delta": 27.436021}}
{"target": -17.67716653158809, "params": {"gamma": 446.8447586240737, "log10_alpha": -4.191912218590332, "log10_colsample_bytree": -0.18678598391020163, "log10_eta": -3.0374245665895114, "log10_lambda": -3.811044585347007, "log10_min_child_weight": 0.8662943260424871, "log10_subsample": -0.10999516164989809, "max_depth": 3.0, "num_boost_round": 1.0}, "datetime": {"datetime": "2024-01-19 00:42:18", "elapsed": 1843.017074, "delta": 0.002262}}
{"target": -17.677132518463388, "params": {"gamma": 446.8447586240737, "log10_alpha": -4.191912218590332, "log10_colsample_bytree": -0.18678598391020163, "log10_eta": -3.0374245665895114, "log10_lambda": -3.811044585347007, "log10_min_child_weight": 0.8662943260424871, "log10_subsample": -0.10999516164989809, "max_depth": 3.0, "num_boost_round": 2.0}, "datetime": {"datetime": "2024-01-19 00:42:18", "elapsed": 1843.019452, "delta": 0.002378}}
{"target": -17.67712647280457, "params": {"gamma": 446.8447586240737, "log10_alpha": -4.191912218590332, "log10_colsample_bytree": -0.18678598391020163, "log10_eta": -3.0374245665895114, "log10_lambda": -3.811044585347007, "log10_min_child_weight": 0.8662943260424871, "log10_subsample": -0.10999516164989809, "max_depth": 3.0, "num_boost_round": 3.0}, "datetime": {"datetime": "2024-01-19 00:42:18", "elapsed": 1843.021354, "delta": 0.001902}}
{"target": -17.677086823753644, "params": {"gamma": 446.8447586240737, "log10_alpha": -4.191912218590332, "log10_colsample_bytree": -0.18678598391020163, "log10_eta": -3.0374245665895114, "log10_lambda": -3.811044585347007, "log10_min_child_weight": 0.8662943260424871, "log10_subsample": -0.10999516164989809, "max_depth": 3.0, "num_boost_round": 4.0}, "datetime": {"datetime": "2024-01-19 00:42:18", "elapsed": 1843.02312, "delta": 0.001766}}
{"target": -17.677063123787192, "params": {"gamma": 446.8447586240737, "log10_alpha": -4.191912218590332, "log10_colsample_bytree": -0.18678598391020163, "log10_eta": -3.0374245665895114, "log10_lambda": -3.811044585347007, "log10_min_child_weight": 0.8662943260424871, "log10_subsample": -0.10999516164989809, "max_depth": 3.0, "num_boost_round": 5.0}, "datetime": {"datetime": "2024-01-19 00:42:18", "elapsed": 1843.024914, "delta": 0.001794}}
{"target": -17.677018700803966, "params": {"gamma": 446.8447586240737, "log10_alpha": -4.191912218590332, "log10_colsample_bytree": -0.18678598391020163, "log10_eta": -3.0374245665895114, "log10_lambda": -3.811044585347007, "log10_min_child_weight": 0.8662943260424871, "log10_subsample": -0.10999516164989809, "max_depth": 3.0, "num_boost_round": 6.0}, "datetime": {"datetime": "2024-01-19 00:42:18", "elapsed": 1843.026709, "delta": 0.001795}}
{"target": -17.676990461036734, "params": {"gamma": 446.8447586240737, "log10_alpha": -4.191912218590332, "log10_colsample_bytree": -0.18678598391020163, "log10_eta": -3.0374245665895114, "log10_lambda": -3.811044585347007, "log10_min_child_weight": 0.8662943260424871, "log10_subsample": -0.10999516164989809, "max_depth": 3.0, "num_boost_round": 7.0}, "datetime": {"datetime": "2024-01-19 00:42:18", "elapsed": 1843.028468, "delta": 0.001759}}
{"target": -17.676962145386078, "params": {"gamma": 446.8447586240737, "log10_alpha": -4.191912218590332, "log10_colsample_bytree": -0.18678598391020163, "log10_eta": -3.0374245665895114, "log10_lambda": -3.811044585347007, "log10_min_child_weight": 0.8662943260424871, "log10_subsample": -0.10999516164989809, "max_depth": 3.0, "num_boost_round": 8.0}, "datetime": {"datetime": "2024-01-19 00:42:18", "elapsed": 1843.030287, "delta": 0.001819}}
{"target": -17.676950117343953, "params": {"gamma": 446.8447586240737, "log10_alpha": -4.191912218590332, "log10_colsample_bytree": -0.18678598391020163, "log10_eta": -3.0374245665895114, "log10_lambda": -3.811044585347007, "log10_min_child_weight": 0.8662943260424871, "log10_subsample": -0.10999516164989809, "max_depth": 3.0, "num_boost_round": 9.0}, "datetime": {"datetime": "2024-01-19 00:42:18", "elapsed": 1843.032054, "delta": 0.001767}}
{"target": -17.676926027540357, "params": {"gamma": 446.8447586240737, "log10_alpha": -4.191912218590332, "log10_colsample_bytree": -0.18678598391020163, "log10_eta": -3.0374245665895114, "log10_lambda": -3.811044585347007, "log10_min_child_weight": 0.8662943260424871, "log10_subsample": -0.10999516164989809, "max_depth": 3.0, "num_boost_round": 10.0}, "datetime": {"datetime": "2024-01-19 00:42:18", "elapsed": 1843.033925, "delta": 0.001871}}
{"target": -17.676904130470977, "params": {"gamma": 446.8447586240737, "log10_alpha": -4.191912218590332, "log10_colsample_bytree": -0.18678598391020163, "log10_eta": -3.0374245665895114, "log10_lambda": -3.811044585347007, "log10_min_child_weight": 0.8662943260424871, "log10_subsample": -0.10999516164989809, "max_depth": 3.0, "num_boost_round": 11.0}, "datetime": {"datetime": "2024-01-19 00:42:18", "elapsed": 1843.121452, "delta": 0.087527}}
{"target": -17.676877179589354, "params": {"gamma": 446.8447586240737, "log10_alpha": -4.191912218590332, "log10_colsample_bytree": -0.18678598391020163, "log10_eta": -3.0374245665895114, "log10_lambda": -3.811044585347007, "log10_min_child_weight": 0.8662943260424871, "log10_subsample": -0.10999516164989809, "max_depth": 3.0, "num_boost_round": 12.0}, "datetime": {"datetime": "2024-01-19 00:42:18", "elapsed": 1843.1236, "delta": 0.002148}}
{"target": -17.676852507618573, "params": {"gamma": 446.8447586240737, "log10_alpha": -4.191912218590332, "log10_colsample_bytree": -0.18678598391020163, "log10_eta": -3.0374245665895114, "log10_lambda": -3.811044585347007, "log10_min_child_weight": 0.8662943260424871, "log10_subsample": -0.10999516164989809, "max_depth": 3.0, "num_boost_round": 13.0}, "datetime": {"datetime": "2024-01-19 00:42:18", "elapsed": 1843.125559, "delta": 0.001959}}
{"target": -17.676828200434972, "params": {"gamma": 446.8447586240737, "log10_alpha": -4.191912218590332, "log10_colsample_bytree": -0.18678598391020163, "log10_eta": -3.0374245665895114, "log10_lambda": -3.811044585347007, "log10_min_child_weight": 0.8662943260424871, "log10_subsample": -0.10999516164989809, "max_depth": 3.0, "num_boost_round": 14.0}, "datetime": {"datetime": "2024-01-19 00:42:18", "elapsed": 1843.127484, "delta": 0.001925}}
{"target": -17.676789791490034, "params": {"gamma": 446.8447586240737, "log10_alpha": -4.191912218590332, "log10_colsample_bytree": -0.18678598391020163, "log10_eta": -3.0374245665895114, "log10_lambda": -3.811044585347007, "log10_min_child_weight": 0.8662943260424871, "log10_subsample": -0.10999516164989809, "max_depth": 3.0, "num_boost_round": 15.0}, "datetime": {"datetime": "2024-01-19 00:42:18", "elapsed": 1843.129351, "delta": 0.001867}}
{"target": -17.676748176205724, "params": {"gamma": 446.8447586240737, "log10_alpha": -4.191912218590332, "log10_colsample_bytree": -0.18678598391020163, "log10_eta": -3.0374245665895114, "log10_lambda": -3.811044585347007, "log10_min_child_weight": 0.8662943260424871, "log10_subsample": -0.10999516164989809, "max_depth": 3.0, "num_boost_round": 16.0}, "datetime": {"datetime": "2024-01-19 00:42:18", "elapsed": 1843.131248, "delta": 0.001897}}
{"target": -17.676714885148336, "params": {"gamma": 446.8447586240737, "log10_alpha": -4.191912218590332, "log10_colsample_bytree": -0.18678598391020163, "log10_eta": -3.0374245665895114, "log10_lambda": -3.811044585347007, "log10_min_child_weight": 0.8662943260424871, "log10_subsample": -0.10999516164989809, "max_depth": 3.0, "num_boost_round": 17.0}, "datetime": {"datetime": "2024-01-19 00:42:18", "elapsed": 1843.133098, "delta": 0.00185}}
{"target": -17.676699986680845, "params": {"gamma": 446.8447586240737, "log10_alpha": -4.191912218590332, "log10_colsample_bytree": -0.18678598391020163, "log10_eta": -3.0374245665895114, "log10_lambda": -3.811044585347007, "log10_min_child_weight": 0.8662943260424871, "log10_subsample": -0.10999516164989809, "max_depth": 3.0, "num_boost_round": 18.0}, "datetime": {"datetime": "2024-01-19 00:42:18", "elapsed": 1843.135034, "delta": 0.001936}}
{"target": -17.676680490357022, "params": {"gamma": 446.8447586240737, "log10_alpha": -4.191912218590332, "log10_colsample_bytree": -0.18678598391020163, "log10_eta": -3.0374245665895114, "log10_lambda": -3.811044585347007, "log10_min_child_weight": 0.8662943260424871, "log10_subsample": -0.10999516164989809, "max_depth": 3.0, "num_boost_round": 19.0}, "datetime": {"datetime": "2024-01-19 00:42:18", "elapsed": 1843.136893, "delta": 0.001859}}
{"target": -17.677217176278884, "params": {"gamma": 436.34860191897405, "log10_alpha": -1.361350880288418, "log10_colsample_bytree": -0.31705201104431835, "log10_eta": -2.9947337851647697, "log10_lambda": 0.9655943339915405, "log10_min_child_weight": 4.4440317138117384, "log10_subsample": -0.4554401746926381, "max_depth": 7.0, "num_boost_round": 0.0}, "datetime": {"datetime": "2024-01-19 00:42:46", "elapsed": 1871.409695, "delta": 28.272802}}
{"target": -17.677210705245763, "params": {"gamma": 436.34860191897405, "log10_alpha": -1.361350880288418, "log10_colsample_bytree": -0.31705201104431835, "log10_eta": -2.9947337851647697, "log10_lambda": 0.9655943339915405, "log10_min_child_weight": 4.4440317138117384, "log10_subsample": -0.4554401746926381, "max_depth": 7.0, "num_boost_round": 1.0}, "datetime": {"datetime": "2024-01-19 00:42:46", "elapsed": 1871.412263, "delta": 0.002568}}
{"target": -17.67720206531281, "params": {"gamma": 436.34860191897405, "log10_alpha": -1.361350880288418, "log10_colsample_bytree": -0.31705201104431835, "log10_eta": -2.9947337851647697, "log10_lambda": 0.9655943339915405, "log10_min_child_weight": 4.4440317138117384, "log10_subsample": -0.4554401746926381, "max_depth": 7.0, "num_boost_round": 2.0}, "datetime": {"datetime": "2024-01-19 00:42:46", "elapsed": 1871.414414, "delta": 0.002151}}
{"target": -17.677205053479778, "params": {"gamma": 436.34860191897405, "log10_alpha": -1.361350880288418, "log10_colsample_bytree": -0.31705201104431835, "log10_eta": -2.9947337851647697, "log10_lambda": 0.9655943339915405, "log10_min_child_weight": 4.4440317138117384, "log10_subsample": -0.4554401746926381, "max_depth": 7.0, "num_boost_round": 3.0}, "datetime": {"datetime": "2024-01-19 00:42:46", "elapsed": 1871.416289, "delta": 0.001875}}
{"target": -17.677195161576805, "params": {"gamma": 436.34860191897405, "log10_alpha": -1.361350880288418, "log10_colsample_bytree": -0.31705201104431835, "log10_eta": -2.9947337851647697, "log10_lambda": 0.9655943339915405, "log10_min_child_weight": 4.4440317138117384, "log10_subsample": -0.4554401746926381, "max_depth": 7.0, "num_boost_round": 4.0}, "datetime": {"datetime": "2024-01-19 00:42:46", "elapsed": 1871.418141, "delta": 0.001852}}
{"target": -17.677192321036653, "params": {"gamma": 436.34860191897405, "log10_alpha": -1.361350880288418, "log10_colsample_bytree": -0.31705201104431835, "log10_eta": -2.9947337851647697, "log10_lambda": 0.9655943339915405, "log10_min_child_weight": 4.4440317138117384, "log10_subsample": -0.4554401746926381, "max_depth": 7.0, "num_boost_round": 5.0}, "datetime": {"datetime": "2024-01-19 00:42:46", "elapsed": 1871.420013, "delta": 0.001872}}
{"target": -17.677194507431327, "params": {"gamma": 436.34860191897405, "log10_alpha": -1.361350880288418, "log10_colsample_bytree": -0.31705201104431835, "log10_eta": -2.9947337851647697, "log10_lambda": 0.9655943339915405, "log10_min_child_weight": 4.4440317138117384, "log10_subsample": -0.4554401746926381, "max_depth": 7.0, "num_boost_round": 6.0}, "datetime": {"datetime": "2024-01-19 00:42:46", "elapsed": 1871.42183, "delta": 0.001817}}
{"target": -17.67720485553946, "params": {"gamma": 436.34860191897405, "log10_alpha": -1.361350880288418, "log10_colsample_bytree": -0.31705201104431835, "log10_eta": -2.9947337851647697, "log10_lambda": 0.9655943339915405, "log10_min_child_weight": 4.4440317138117384, "log10_subsample": -0.4554401746926381, "max_depth": 7.0, "num_boost_round": 7.0}, "datetime": {"datetime": "2024-01-19 00:42:46", "elapsed": 1871.423662, "delta": 0.001832}}
{"target": -17.677201013919397, "params": {"gamma": 436.34860191897405, "log10_alpha": -1.361350880288418, "log10_colsample_bytree": -0.31705201104431835, "log10_eta": -2.9947337851647697, "log10_lambda": 0.9655943339915405, "log10_min_child_weight": 4.4440317138117384, "log10_subsample": -0.4554401746926381, "max_depth": 7.0, "num_boost_round": 8.0}, "datetime": {"datetime": "2024-01-19 00:42:46", "elapsed": 1871.425484, "delta": 0.001822}}
{"target": -17.677186107996942, "params": {"gamma": 436.34860191897405, "log10_alpha": -1.361350880288418, "log10_colsample_bytree": -0.31705201104431835, "log10_eta": -2.9947337851647697, "log10_lambda": 0.9655943339915405, "log10_min_child_weight": 4.4440317138117384, "log10_subsample": -0.4554401746926381, "max_depth": 7.0, "num_boost_round": 9.0}, "datetime": {"datetime": "2024-01-19 00:42:46", "elapsed": 1871.42731, "delta": 0.001826}}
{"target": -17.67716973709151, "params": {"gamma": 436.34860191897405, "log10_alpha": -1.361350880288418, "log10_colsample_bytree": -0.31705201104431835, "log10_eta": -2.9947337851647697, "log10_lambda": 0.9655943339915405, "log10_min_child_weight": 4.4440317138117384, "log10_subsample": -0.4554401746926381, "max_depth": 7.0, "num_boost_round": 10.0}, "datetime": {"datetime": "2024-01-19 00:42:46", "elapsed": 1871.429118, "delta": 0.001808}}
{"target": -17.677152201686734, "params": {"gamma": 436.34860191897405, "log10_alpha": -1.361350880288418, "log10_colsample_bytree": -0.31705201104431835, "log10_eta": -2.9947337851647697, "log10_lambda": 0.9655943339915405, "log10_min_child_weight": 4.4440317138117384, "log10_subsample": -0.4554401746926381, "max_depth": 7.0, "num_boost_round": 11.0}, "datetime": {"datetime": "2024-01-19 00:42:46", "elapsed": 1871.430981, "delta": 0.001863}}
{"target": -17.677153189727047, "params": {"gamma": 436.34860191897405, "log10_alpha": -1.361350880288418, "log10_colsample_bytree": -0.31705201104431835, "log10_eta": -2.9947337851647697, "log10_lambda": 0.9655943339915405, "log10_min_child_weight": 4.4440317138117384, "log10_subsample": -0.4554401746926381, "max_depth": 7.0, "num_boost_round": 12.0}, "datetime": {"datetime": "2024-01-19 00:42:46", "elapsed": 1871.432798, "delta": 0.001817}}
{"target": -17.67714167947959, "params": {"gamma": 436.34860191897405, "log10_alpha": -1.361350880288418, "log10_colsample_bytree": -0.31705201104431835, "log10_eta": -2.9947337851647697, "log10_lambda": 0.9655943339915405, "log10_min_child_weight": 4.4440317138117384, "log10_subsample": -0.4554401746926381, "max_depth": 7.0, "num_boost_round": 13.0}, "datetime": {"datetime": "2024-01-19 00:42:46", "elapsed": 1871.434835, "delta": 0.002037}}
{"target": -17.677128148343883, "params": {"gamma": 436.34860191897405, "log10_alpha": -1.361350880288418, "log10_colsample_bytree": -0.31705201104431835, "log10_eta": -2.9947337851647697, "log10_lambda": 0.9655943339915405, "log10_min_child_weight": 4.4440317138117384, "log10_subsample": -0.4554401746926381, "max_depth": 7.0, "num_boost_round": 14.0}, "datetime": {"datetime": "2024-01-19 00:42:46", "elapsed": 1871.436647, "delta": 0.001812}}
{"target": -17.677115641485063, "params": {"gamma": 436.34860191897405, "log10_alpha": -1.361350880288418, "log10_colsample_bytree": -0.31705201104431835, "log10_eta": -2.9947337851647697, "log10_lambda": 0.9655943339915405, "log10_min_child_weight": 4.4440317138117384, "log10_subsample": -0.4554401746926381, "max_depth": 7.0, "num_boost_round": 15.0}, "datetime": {"datetime": "2024-01-19 00:42:46", "elapsed": 1871.438464, "delta": 0.001817}}
{"target": -17.676617911232967, "params": {"gamma": 429.8585038622575, "log10_alpha": -2.8474460628296665, "log10_colsample_bytree": -0.6251725955691452, "log10_eta": -2.025230256070596, "log10_lambda": -1.3862754001528925, "log10_min_child_weight": 0.570363196395689, "log10_subsample": -0.8882540347522436, "max_depth": 8.0, "num_boost_round": 0.0}, "datetime": {"datetime": "2024-01-19 00:43:18", "elapsed": 1903.163855, "delta": 31.725391}}
{"target": -17.677001348692464, "params": {"gamma": 429.8585038622575, "log10_alpha": -2.8474460628296665, "log10_colsample_bytree": -0.6251725955691452, "log10_eta": -2.025230256070596, "log10_lambda": -1.3862754001528925, "log10_min_child_weight": 0.570363196395689, "log10_subsample": -0.8882540347522436, "max_depth": 8.0, "num_boost_round": 1.0}, "datetime": {"datetime": "2024-01-19 00:43:18", "elapsed": 1903.165895, "delta": 0.00204}}
{"target": -17.6764420161683, "params": {"gamma": 429.8585038622575, "log10_alpha": -2.8474460628296665, "log10_colsample_bytree": -0.6251725955691452, "log10_eta": -2.025230256070596, "log10_lambda": -1.3862754001528925, "log10_min_child_weight": 0.570363196395689, "log10_subsample": -0.8882540347522436, "max_depth": 8.0, "num_boost_round": 2.0}, "datetime": {"datetime": "2024-01-19 00:43:18", "elapsed": 1903.16806, "delta": 0.002165}}
{"target": -17.67604183945348, "params": {"gamma": 429.8585038622575, "log10_alpha": -2.8474460628296665, "log10_colsample_bytree": -0.6251725955691452, "log10_eta": -2.025230256070596, "log10_lambda": -1.3862754001528925, "log10_min_child_weight": 0.570363196395689, "log10_subsample": -0.8882540347522436, "max_depth": 8.0, "num_boost_round": 3.0}, "datetime": {"datetime": "2024-01-19 00:43:18", "elapsed": 1903.1699, "delta": 0.00184}}
{"target": -17.675591737865204, "params": {"gamma": 429.8585038622575, "log10_alpha": -2.8474460628296665, "log10_colsample_bytree": -0.6251725955691452, "log10_eta": -2.025230256070596, "log10_lambda": -1.3862754001528925, "log10_min_child_weight": 0.570363196395689, "log10_subsample": -0.8882540347522436, "max_depth": 8.0, "num_boost_round": 4.0}, "datetime": {"datetime": "2024-01-19 00:43:18", "elapsed": 1903.171706, "delta": 0.001806}}
{"target": -17.67535912133251, "params": {"gamma": 429.8585038622575, "log10_alpha": -2.8474460628296665, "log10_colsample_bytree": -0.6251725955691452, "log10_eta": -2.025230256070596, "log10_lambda": -1.3862754001528925, "log10_min_child_weight": 0.570363196395689, "log10_subsample": -0.8882540347522436, "max_depth": 8.0, "num_boost_round": 5.0}, "datetime": {"datetime": "2024-01-19 00:43:18", "elapsed": 1903.17364, "delta": 0.001934}}
{"target": -17.67451978715699, "params": {"gamma": 429.8585038622575, "log10_alpha": -2.8474460628296665, "log10_colsample_bytree": -0.6251725955691452, "log10_eta": -2.025230256070596, "log10_lambda": -1.3862754001528925, "log10_min_child_weight": 0.570363196395689, "log10_subsample": -0.8882540347522436, "max_depth": 8.0, "num_boost_round": 6.0}, "datetime": {"datetime": "2024-01-19 00:43:18", "elapsed": 1903.175617, "delta": 0.001977}}
{"target": -17.6735589216885, "params": {"gamma": 429.8585038622575, "log10_alpha": -2.8474460628296665, "log10_colsample_bytree": -0.6251725955691452, "log10_eta": -2.025230256070596, "log10_lambda": -1.3862754001528925, "log10_min_child_weight": 0.570363196395689, "log10_subsample": -0.8882540347522436, "max_depth": 8.0, "num_boost_round": 7.0}, "datetime": {"datetime": "2024-01-19 00:43:18", "elapsed": 1903.177576, "delta": 0.001959}}
{"target": -17.67377763407002, "params": {"gamma": 429.8585038622575, "log10_alpha": -2.8474460628296665, "log10_colsample_bytree": -0.6251725955691452, "log10_eta": -2.025230256070596, "log10_lambda": -1.3862754001528925, "log10_min_child_weight": 0.570363196395689, "log10_subsample": -0.8882540347522436, "max_depth": 8.0, "num_boost_round": 8.0}, "datetime": {"datetime": "2024-01-19 00:43:18", "elapsed": 1903.179414, "delta": 0.001838}}
{"target": -17.673755551229593, "params": {"gamma": 429.8585038622575, "log10_alpha": -2.8474460628296665, "log10_colsample_bytree": -0.6251725955691452, "log10_eta": -2.025230256070596, "log10_lambda": -1.3862754001528925, "log10_min_child_weight": 0.570363196395689, "log10_subsample": -0.8882540347522436, "max_depth": 8.0, "num_boost_round": 9.0}, "datetime": {"datetime": "2024-01-19 00:43:18", "elapsed": 1903.181195, "delta": 0.001781}}
{"target": -17.673607945327532, "params": {"gamma": 429.8585038622575, "log10_alpha": -2.8474460628296665, "log10_colsample_bytree": -0.6251725955691452, "log10_eta": -2.025230256070596, "log10_lambda": -1.3862754001528925, "log10_min_child_weight": 0.570363196395689, "log10_subsample": -0.8882540347522436, "max_depth": 8.0, "num_boost_round": 10.0}, "datetime": {"datetime": "2024-01-19 00:43:18", "elapsed": 1903.182985, "delta": 0.00179}}
{"target": -17.673150332526944, "params": {"gamma": 429.8585038622575, "log10_alpha": -2.8474460628296665, "log10_colsample_bytree": -0.6251725955691452, "log10_eta": -2.025230256070596, "log10_lambda": -1.3862754001528925, "log10_min_child_weight": 0.570363196395689, "log10_subsample": -0.8882540347522436, "max_depth": 8.0, "num_boost_round": 11.0}, "datetime": {"datetime": "2024-01-19 00:43:18", "elapsed": 1903.184763, "delta": 0.001778}}
{"target": -17.672938895674314, "params": {"gamma": 429.8585038622575, "log10_alpha": -2.8474460628296665, "log10_colsample_bytree": -0.6251725955691452, "log10_eta": -2.025230256070596, "log10_lambda": -1.3862754001528925, "log10_min_child_weight": 0.570363196395689, "log10_subsample": -0.8882540347522436, "max_depth": 8.0, "num_boost_round": 12.0}, "datetime": {"datetime": "2024-01-19 00:43:18", "elapsed": 1903.186545, "delta": 0.001782}}
