{"target": -13.75853638272284, "params": {"gamma": 74.71153740120512, "log10_alpha": -4.204110680981185, "log10_colsample_bytree": -0.8515055141622097, "log10_eta": -4.0, "log10_lambda": 0.5240173528550922, "log10_min_child_weight": 0.7845092405760464, "log10_subsample": -0.692724332222778, "max_depth": 4.0, "num_boost_round": 0.0}, "datetime": {"datetime": "2024-01-19 00:15:43", "elapsed": 242.577563, "delta": 18.931063}}
{"target": -13.758535108049614, "params": {"gamma": 74.71153740120512, "log10_alpha": -4.204110680981185, "log10_colsample_bytree": -0.8515055141622097, "log10_eta": -4.0, "log10_lambda": 0.5240173528550922, "log10_min_child_weight": 0.7845092405760464, "log10_subsample": -0.692724332222778, "max_depth": 4.0, "num_boost_round": 1.0}, "datetime": {"datetime": "2024-01-19 00:15:43", "elapsed": 242.578225, "delta": 0.000662}}
{"target": -13.75853425186705, "params": {"gamma": 74.71153740120512, "log10_alpha": -4.204110680981185, "log10_colsample_bytree": -0.8515055141622097, "log10_eta": -4.0, "log10_lambda": 0.5240173528550922, "log10_min_child_weight": 0.7845092405760464, "log10_subsample": -0.692724332222778, "max_depth": 4.0, "num_boost_round": 2.0}, "datetime": {"datetime": "2024-01-19 00:15:43", "elapsed": 242.578677, "delta": 0.000452}}
{"target": -13.758534455816266, "params": {"gamma": 74.71153740120512, "log10_alpha": -4.204110680981185, "log10_colsample_bytree": -0.8515055141622097, "log10_eta": -4.0, "log10_lambda": 0.5240173528550922, "log10_min_child_weight": 0.7845092405760464, "log10_subsample": -0.692724332222778, "max_depth": 4.0, "num_boost_round": 3.0}, "datetime": {"datetime": "2024-01-19 00:15:43", "elapsed": 242.579114, "delta": 0.000437}}
{"target": -13.758533539912344, "params": {"gamma": 74.71153740120512, "log10_alpha": -4.204110680981185, "log10_colsample_bytree": -0.8515055141622097, "log10_eta": -4.0, "log10_lambda": 0.5240173528550922, "log10_min_child_weight": 0.7845092405760464, "log10_subsample": -0.692724332222778, "max_depth": 4.0, "num_boost_round": 4.0}, "datetime": {"datetime": "2024-01-19 00:15:43", "elapsed": 242.579544, "delta": 0.00043}}
{"target": -13.758533024283329, "params": {"gamma": 74.71153740120512, "log10_alpha": -4.204110680981185, "log10_colsample_bytree": -0.8515055141622097, "log10_eta": -4.0, "log10_lambda": 0.5240173528550922, "log10_min_child_weight": 0.7845092405760464, "log10_subsample": -0.692724332222778, "max_depth": 4.0, "num_boost_round": 5.0}, "datetime": {"datetime": "2024-01-19 00:15:43", "elapsed": 242.579982, "delta": 0.000438}}
{"target": -13.758533179513751, "params": {"gamma": 74.71153740120512, "log10_alpha": -4.204110680981185, "log10_colsample_bytree": -0.8515055141622097, "log10_eta": -4.0, "log10_lambda": 0.5240173528550922, "log10_min_child_weight": 0.7845092405760464, "log10_subsample": -0.692724332222778, "max_depth": 4.0, "num_boost_round": 6.0}, "datetime": {"datetime": "2024-01-19 00:15:43", "elapsed": 242.580409, "delta": 0.000427}}
{"target": -13.758530539588673, "params": {"gamma": 74.71153740120512, "log10_alpha": -4.204110680981185, "log10_colsample_bytree": -0.8515055141622097, "log10_eta": -4.0, "log10_lambda": 0.5240173528550922, "log10_min_child_weight": 0.7845092405760464, "log10_subsample": -0.692724332222778, "max_depth": 4.0, "num_boost_round": 7.0}, "datetime": {"datetime": "2024-01-19 00:15:43", "elapsed": 242.580844, "delta": 0.000435}}
{"target": -13.758531570514084, "params": {"gamma": 74.71153740120512, "log10_alpha": -4.204110680981185, "log10_colsample_bytree": -0.8515055141622097, "log10_eta": -4.0, "log10_lambda": 0.5240173528550922, "log10_min_child_weight": 0.7845092405760464, "log10_subsample": -0.692724332222778, "max_depth": 4.0, "num_boost_round": 8.0}, "datetime": {"datetime": "2024-01-19 00:15:43", "elapsed": 242.5814, "delta": 0.000556}}
{"target": -13.758532496373254, "params": {"gamma": 74.71153740120512, "log10_alpha": -4.204110680981185, "log10_colsample_bytree": -0.8515055141622097, "log10_eta": -4.0, "log10_lambda": 0.5240173528550922, "log10_min_child_weight": 0.7845092405760464, "log10_subsample": -0.692724332222778, "max_depth": 4.0, "num_boost_round": 9.0}, "datetime": {"datetime": "2024-01-19 00:15:43", "elapsed": 242.581841, "delta": 0.000441}}
{"target": -13.758534296986358, "params": {"gamma": 81.20797789730494, "log10_alpha": -2.8897155711529585, "log10_colsample_bytree": -0.5026306263522438, "log10_eta": -3.393243915776007, "log10_lambda": -0.21368264193611353, "log10_min_child_weight": 2.2470659470926906, "log10_subsample": -0.40335560819451044, "max_depth": 3.0, "num_boost_round": 0.0}, "datetime": {"datetime": "2024-01-19 00:16:03", "elapsed": 262.263143, "delta": 19.681302}}
{"target": -13.758527928221461, "params": {"gamma": 81.20797789730494, "log10_alpha": -2.8897155711529585, "log10_colsample_bytree": -0.5026306263522438, "log10_eta": -3.393243915776007, "log10_lambda": -0.21368264193611353, "log10_min_child_weight": 2.2470659470926906, "log10_subsample": -0.40335560819451044, "max_depth": 3.0, "num_boost_round": 1.0}, "datetime": {"datetime": "2024-01-19 00:16:03", "elapsed": 262.263768, "delta": 0.000625}}
{"target": -13.758525377266102, "params": {"gamma": 81.20797789730494, "log10_alpha": -2.8897155711529585, "log10_colsample_bytree": -0.5026306263522438, "log10_eta": -3.393243915776007, "log10_lambda": -0.21368264193611353, "log10_min_child_weight": 2.2470659470926906, "log10_subsample": -0.40335560819451044, "max_depth": 3.0, "num_boost_round": 2.0}, "datetime": {"datetime": "2024-01-19 00:16:03", "elapsed": 262.264268, "delta": 0.0005}}
{"target": -13.758521927142144, "params": {"gamma": 81.20797789730494, "log10_alpha": -2.8897155711529585, "log10_colsample_bytree": -0.5026306263522438, "log10_eta": -3.393243915776007, "log10_lambda": -0.21368264193611353, "log10_min_child_weight": 2.2470659470926906, "log10_subsample": -0.40335560819451044, "max_depth": 3.0, "num_boost_round": 3.0}, "datetime": {"datetime": "2024-01-19 00:16:03", "elapsed": 262.264725, "delta": 0.000457}}
{"target": -13.758520916249166, "params": {"gamma": 81.20797789730494, "log10_alpha": -2.8897155711529585, "log10_colsample_bytree": -0.5026306263522438, "log10_eta": -3.393243915776007, "log10_lambda": -0.21368264193611353, "log10_min_child_weight": 2.2470659470926906, "log10_subsample": -0.40335560819451044, "max_depth": 3.0, "num_boost_round": 4.0}, "datetime": {"datetime": "2024-01-19 00:16:03", "elapsed": 262.265189, "delta": 0.000464}}
{"target": -13.75853067168769, "params": {"gamma": 81.20797789730494, "log10_alpha": -2.8897155711529585, "log10_colsample_bytree": -0.5026306263522438, "log10_eta": -3.393243915776007, "log10_lambda": -0.21368264193611353, "log10_min_child_weight": 2.2470659470926906, "log10_subsample": -0.40335560819451044, "max_depth": 3.0, "num_boost_round": 5.0}, "datetime": {"datetime": "2024-01-19 00:16:03", "elapsed": 262.265909, "delta": 0.00072}}
{"target": -13.758522672636444, "params": {"gamma": 81.20797789730494, "log10_alpha": -2.8897155711529585, "log10_colsample_bytree": -0.5026306263522438, "log10_eta": -3.393243915776007, "log10_lambda": -0.21368264193611353, "log10_min_child_weight": 2.2470659470926906, "log10_subsample": -0.40335560819451044, "max_depth": 3.0, "num_boost_round": 6.0}, "datetime": {"datetime": "2024-01-19 00:16:03", "elapsed": 262.266868, "delta": 0.000959}}
{"target": -13.758516084605136, "params": {"gamma": 81.20797789730494, "log10_alpha": -2.8897155711529585, "log10_colsample_bytree": -0.5026306263522438, "log10_eta": -3.393243915776007, "log10_lambda": -0.21368264193611353, "log10_min_child_weight": 2.2470659470926906, "log10_subsample": -0.40335560819451044, "max_depth": 3.0, "num_boost_round": 7.0}, "datetime": {"datetime": "2024-01-19 00:16:03", "elapsed": 262.267334, "delta": 0.000466}}
{"target": -13.758515624714232, "params": {"gamma": 81.20797789730494, "log10_alpha": -2.8897155711529585, "log10_colsample_bytree": -0.5026306263522438, "log10_eta": -3.393243915776007, "log10_lambda": -0.21368264193611353, "log10_min_child_weight": 2.2470659470926906, "log10_subsample": -0.40335560819451044, "max_depth": 3.0, "num_boost_round": 8.0}, "datetime": {"datetime": "2024-01-19 00:16:03", "elapsed": 262.267786, "delta": 0.000452}}
{"target": -13.758506021279242, "params": {"gamma": 81.20797789730494, "log10_alpha": -2.8897155711529585, "log10_colsample_bytree": -0.5026306263522438, "log10_eta": -3.393243915776007, "log10_lambda": -0.21368264193611353, "log10_min_child_weight": 2.2470659470926906, "log10_subsample": -0.40335560819451044, "max_depth": 3.0, "num_boost_round": 9.0}, "datetime": {"datetime": "2024-01-19 00:16:03", "elapsed": 262.26846, "delta": 0.000674}}
{"target": -13.758500562028798, "params": {"gamma": 81.20797789730494, "log10_alpha": -2.8897155711529585, "log10_colsample_bytree": -0.5026306263522438, "log10_eta": -3.393243915776007, "log10_lambda": -0.21368264193611353, "log10_min_child_weight": 2.2470659470926906, "log10_subsample": -0.40335560819451044, "max_depth": 3.0, "num_boost_round": 10.0}, "datetime": {"datetime": "2024-01-19 00:16:03", "elapsed": 262.269015, "delta": 0.000555}}
{"target": -13.758492779079385, "params": {"gamma": 81.20797789730494, "log10_alpha": -2.8897155711529585, "log10_colsample_bytree": -0.5026306263522438, "log10_eta": -3.393243915776007, "log10_lambda": -0.21368264193611353, "log10_min_child_weight": 2.2470659470926906, "log10_subsample": -0.40335560819451044, "max_depth": 3.0, "num_boost_round": 11.0}, "datetime": {"datetime": "2024-01-19 00:16:03", "elapsed": 262.269574, "delta": 0.000559}}
{"target": -13.75849020650584, "params": {"gamma": 81.20797789730494, "log10_alpha": -2.8897155711529585, "log10_colsample_bytree": -0.5026306263522438, "log10_eta": -3.393243915776007, "log10_lambda": -0.21368264193611353, "log10_min_child_weight": 2.2470659470926906, "log10_subsample": -0.40335560819451044, "max_depth": 3.0, "num_boost_round": 12.0}, "datetime": {"datetime": "2024-01-19 00:16:03", "elapsed": 262.270044, "delta": 0.00047}}
{"target": -13.758536360518741, "params": {"gamma": 67.88011733921539, "log10_alpha": -4.484724097019697, "log10_colsample_bytree": -0.2976514082432645, "log10_eta": -3.47854692164804, "log10_lambda": -0.46465038594498953, "log10_min_child_weight": 0.02533201618674097, "log10_subsample": -0.015534222130511033, "max_depth": 2.0, "num_boost_round": 0.0}, "datetime": {"datetime": "2024-01-19 00:16:22", "elapsed": 281.15533, "delta": 18.885286}}
{"target": -13.7585317100986, "params": {"gamma": 67.88011733921539, "log10_alpha": -4.484724097019697, "log10_colsample_bytree": -0.2976514082432645, "log10_eta": -3.47854692164804, "log10_lambda": -0.46465038594498953, "log10_min_child_weight": 0.02533201618674097, "log10_subsample": -0.015534222130511033, "max_depth": 2.0, "num_boost_round": 1.0}, "datetime": {"datetime": "2024-01-19 00:16:22", "elapsed": 281.156187, "delta": 0.000857}}
{"target": -13.758531244804022, "params": {"gamma": 67.88011733921539, "log10_alpha": -4.484724097019697, "log10_colsample_bytree": -0.2976514082432645, "log10_eta": -3.47854692164804, "log10_lambda": -0.46465038594498953, "log10_min_child_weight": 0.02533201618674097, "log10_subsample": -0.015534222130511033, "max_depth": 2.0, "num_boost_round": 2.0}, "datetime": {"datetime": "2024-01-19 00:16:22", "elapsed": 281.156691, "delta": 0.000504}}
{"target": -13.758531455293484, "params": {"gamma": 67.88011733921539, "log10_alpha": -4.484724097019697, "log10_colsample_bytree": -0.2976514082432645, "log10_eta": -3.47854692164804, "log10_lambda": -0.46465038594498953, "log10_min_child_weight": 0.02533201618674097, "log10_subsample": -0.015534222130511033, "max_depth": 2.0, "num_boost_round": 3.0}, "datetime": {"datetime": "2024-01-19 00:16:22", "elapsed": 281.157161, "delta": 0.00047}}
{"target": -13.758526877431713, "params": {"gamma": 67.88011733921539, "log10_alpha": -4.484724097019697, "log10_colsample_bytree": -0.2976514082432645, "log10_eta": -3.47854692164804, "log10_lambda": -0.46465038594498953, "log10_min_child_weight": 0.02533201618674097, "log10_subsample": -0.015534222130511033, "max_depth": 2.0, "num_boost_round": 4.0}, "datetime": {"datetime": "2024-01-19 00:16:22", "elapsed": 281.157627, "delta": 0.000466}}
{"target": -13.758525721583066, "params": {"gamma": 67.88011733921539, "log10_alpha": -4.484724097019697, "log10_colsample_bytree": -0.2976514082432645, "log10_eta": -3.47854692164804, "log10_lambda": -0.46465038594498953, "log10_min_child_weight": 0.02533201618674097, "log10_subsample": -0.015534222130511033, "max_depth": 2.0, "num_boost_round": 5.0}, "datetime": {"datetime": "2024-01-19 00:16:22", "elapsed": 281.158218, "delta": 0.000591}}
{"target": -13.758525286291441, "params": {"gamma": 67.88011733921539, "log10_alpha": -4.484724097019697, "log10_colsample_bytree": -0.2976514082432645, "log10_eta": -3.47854692164804, "log10_lambda": -0.46465038594498953, "log10_min_child_weight": 0.02533201618674097, "log10_subsample": -0.015534222130511033, "max_depth": 2.0, "num_boost_round": 6.0}, "datetime": {"datetime": "2024-01-19 00:16:22", "elapsed": 281.158695, "delta": 0.000477}}
{"target": -13.758521679485249, "params": {"gamma": 67.88011733921539, "log10_alpha": -4.484724097019697, "log10_colsample_bytree": -0.2976514082432645, "log10_eta": -3.47854692164804, "log10_lambda": -0.46465038594498953, "log10_min_child_weight": 0.02533201618674097, "log10_subsample": -0.015534222130511033, "max_depth": 2.0, "num_boost_round": 7.0}, "datetime": {"datetime": "2024-01-19 00:16:22", "elapsed": 281.159168, "delta": 0.000473}}
{"target": -13.758517209409172, "params": {"gamma": 67.88011733921539, "log10_alpha": -4.484724097019697, "log10_colsample_bytree": -0.2976514082432645, "log10_eta": -3.47854692164804, "log10_lambda": -0.46465038594498953, "log10_min_child_weight": 0.02533201618674097, "log10_subsample": -0.015534222130511033, "max_depth": 2.0, "num_boost_round": 8.0}, "datetime": {"datetime": "2024-01-19 00:16:22", "elapsed": 281.159645, "delta": 0.000477}}
{"target": -13.758515079882402, "params": {"gamma": 67.88011733921539, "log10_alpha": -4.484724097019697, "log10_colsample_bytree": -0.2976514082432645, "log10_eta": -3.47854692164804, "log10_lambda": -0.46465038594498953, "log10_min_child_weight": 0.02533201618674097, "log10_subsample": -0.015534222130511033, "max_depth": 2.0, "num_boost_round": 9.0}, "datetime": {"datetime": "2024-01-19 00:16:22", "elapsed": 281.160128, "delta": 0.000483}}
{"target": -13.75851144641664, "params": {"gamma": 67.88011733921539, "log10_alpha": -4.484724097019697, "log10_colsample_bytree": -0.2976514082432645, "log10_eta": -3.47854692164804, "log10_lambda": -0.46465038594498953, "log10_min_child_weight": 0.02533201618674097, "log10_subsample": -0.015534222130511033, "max_depth": 2.0, "num_boost_round": 10.0}, "datetime": {"datetime": "2024-01-19 00:16:22", "elapsed": 281.160605, "delta": 0.000477}}
{"target": -13.75715258301442, "params": {"gamma": 86.53789083962926, "log10_alpha": -0.12550091917944783, "log10_colsample_bytree": -0.5842755485889387, "log10_eta": -1.20025969123793, "log10_lambda": -4.4506989691940575, "log10_min_child_weight": 2.6572522406545036, "log10_subsample": -0.22092218639068428, "max_depth": 2.0, "num_boost_round": 0.0}, "datetime": {"datetime": "2024-01-19 00:16:41", "elapsed": 300.509269, "delta": 19.348664}}
{"target": -13.75655104575016, "params": {"gamma": 86.53789083962926, "log10_alpha": -0.12550091917944783, "log10_colsample_bytree": -0.5842755485889387, "log10_eta": -1.20025969123793, "log10_lambda": -4.4506989691940575, "log10_min_child_weight": 2.6572522406545036, "log10_subsample": -0.22092218639068428, "max_depth": 2.0, "num_boost_round": 1.0}, "datetime": {"datetime": "2024-01-19 00:16:41", "elapsed": 300.510183, "delta": 0.000914}}
{"target": -13.756901313702645, "params": {"gamma": 86.53789083962926, "log10_alpha": -0.12550091917944783, "log10_colsample_bytree": -0.5842755485889387, "log10_eta": -1.20025969123793, "log10_lambda": -4.4506989691940575, "log10_min_child_weight": 2.6572522406545036, "log10_subsample": -0.22092218639068428, "max_depth": 2.0, "num_boost_round": 2.0}, "datetime": {"datetime": "2024-01-19 00:16:41", "elapsed": 300.510835, "delta": 0.000652}}
{"target": -13.756897381586173, "params": {"gamma": 86.53789083962926, "log10_alpha": -0.12550091917944783, "log10_colsample_bytree": -0.5842755485889387, "log10_eta": -1.20025969123793, "log10_lambda": -4.4506989691940575, "log10_min_child_weight": 2.6572522406545036, "log10_subsample": -0.22092218639068428, "max_depth": 2.0, "num_boost_round": 3.0}, "datetime": {"datetime": "2024-01-19 00:16:41", "elapsed": 300.511324, "delta": 0.000489}}
{"target": -13.757097341884855, "params": {"gamma": 86.53789083962926, "log10_alpha": -0.12550091917944783, "log10_colsample_bytree": -0.5842755485889387, "log10_eta": -1.20025969123793, "log10_lambda": -4.4506989691940575, "log10_min_child_weight": 2.6572522406545036, "log10_subsample": -0.22092218639068428, "max_depth": 2.0, "num_boost_round": 4.0}, "datetime": {"datetime": "2024-01-19 00:16:41", "elapsed": 300.512202, "delta": 0.000878}}
{"target": -13.757564355714116, "params": {"gamma": 86.53789083962926, "log10_alpha": -0.12550091917944783, "log10_colsample_bytree": -0.5842755485889387, "log10_eta": -1.20025969123793, "log10_lambda": -4.4506989691940575, "log10_min_child_weight": 2.6572522406545036, "log10_subsample": -0.22092218639068428, "max_depth": 2.0, "num_boost_round": 5.0}, "datetime": {"datetime": "2024-01-19 00:16:41", "elapsed": 300.512692, "delta": 0.00049}}
{"target": -13.757926020370418, "params": {"gamma": 86.53789083962926, "log10_alpha": -0.12550091917944783, "log10_colsample_bytree": -0.5842755485889387, "log10_eta": -1.20025969123793, "log10_lambda": -4.4506989691940575, "log10_min_child_weight": 2.6572522406545036, "log10_subsample": -0.22092218639068428, "max_depth": 2.0, "num_boost_round": 6.0}, "datetime": {"datetime": "2024-01-19 00:16:41", "elapsed": 300.513184, "delta": 0.000492}}
{"target": -13.757482279104481, "params": {"gamma": 86.53789083962926, "log10_alpha": -0.12550091917944783, "log10_colsample_bytree": -0.5842755485889387, "log10_eta": -1.20025969123793, "log10_lambda": -4.4506989691940575, "log10_min_child_weight": 2.6572522406545036, "log10_subsample": -0.22092218639068428, "max_depth": 2.0, "num_boost_round": 7.0}, "datetime": {"datetime": "2024-01-19 00:16:41", "elapsed": 300.513741, "delta": 0.000557}}
{"target": -13.758050292345645, "params": {"gamma": 86.53789083962926, "log10_alpha": -0.12550091917944783, "log10_colsample_bytree": -0.5842755485889387, "log10_eta": -1.20025969123793, "log10_lambda": -4.4506989691940575, "log10_min_child_weight": 2.6572522406545036, "log10_subsample": -0.22092218639068428, "max_depth": 2.0, "num_boost_round": 8.0}, "datetime": {"datetime": "2024-01-19 00:16:41", "elapsed": 300.514233, "delta": 0.000492}}
{"target": -13.757212630568137, "params": {"gamma": 86.53789083962926, "log10_alpha": -0.12550091917944783, "log10_colsample_bytree": -0.5842755485889387, "log10_eta": -1.20025969123793, "log10_lambda": -4.4506989691940575, "log10_min_child_weight": 2.6572522406545036, "log10_subsample": -0.22092218639068428, "max_depth": 2.0, "num_boost_round": 9.0}, "datetime": {"datetime": "2024-01-19 00:16:41", "elapsed": 300.51472, "delta": 0.000487}}
{"target": -13.756546772825471, "params": {"gamma": 86.53789083962926, "log10_alpha": -0.12550091917944783, "log10_colsample_bytree": -0.5842755485889387, "log10_eta": -1.20025969123793, "log10_lambda": -4.4506989691940575, "log10_min_child_weight": 2.6572522406545036, "log10_subsample": -0.22092218639068428, "max_depth": 2.0, "num_boost_round": 10.0}, "datetime": {"datetime": "2024-01-19 00:16:41", "elapsed": 300.515319, "delta": 0.000599}}
{"target": -13.756176924399872, "params": {"gamma": 86.53789083962926, "log10_alpha": -0.12550091917944783, "log10_colsample_bytree": -0.5842755485889387, "log10_eta": -1.20025969123793, "log10_lambda": -4.4506989691940575, "log10_min_child_weight": 2.6572522406545036, "log10_subsample": -0.22092218639068428, "max_depth": 2.0, "num_boost_round": 11.0}, "datetime": {"datetime": "2024-01-19 00:16:41", "elapsed": 300.515815, "delta": 0.000496}}
{"target": -13.758185152846195, "params": {"gamma": 85.55177452048468, "log10_alpha": 0.7937646422758071, "log10_colsample_bytree": -0.4706515302440323, "log10_eta": -1.4145527137949108, "log10_lambda": -3.075316364994886, "log10_min_child_weight": 4.2086093381868945, "log10_subsample": -0.09119272700997505, "max_depth": 3.0, "num_boost_round": 0.0}, "datetime": {"datetime": "2024-01-19 00:17:02", "elapsed": 321.357141, "delta": 20.841326}}
{"target": -13.758144671396959, "params": {"gamma": 85.55177452048468, "log10_alpha": 0.7937646422758071, "log10_colsample_bytree": -0.4706515302440323, "log10_eta": -1.4145527137949108, "log10_lambda": -3.075316364994886, "log10_min_child_weight": 4.2086093381868945, "log10_subsample": -0.09119272700997505, "max_depth": 3.0, "num_boost_round": 1.0}, "datetime": {"datetime": "2024-01-19 00:17:02", "elapsed": 321.35785, "delta": 0.000709}}
{"target": -13.758401359790081, "params": {"gamma": 85.55177452048468, "log10_alpha": 0.7937646422758071, "log10_colsample_bytree": -0.4706515302440323, "log10_eta": -1.4145527137949108, "log10_lambda": -3.075316364994886, "log10_min_child_weight": 4.2086093381868945, "log10_subsample": -0.09119272700997505, "max_depth": 3.0, "num_boost_round": 2.0}, "datetime": {"datetime": "2024-01-19 00:17:02", "elapsed": 321.358367, "delta": 0.000517}}
