{"target": -13.758447902869154, "params": {"gamma": 418.01062139031797, "log10_alpha": -4.3040186180041085, "log10_colsample_bytree": -0.4485595872184861, "log10_eta": -3.5071692568532966, "log10_lambda": -2.69278192414378, "log10_min_child_weight": 0.8644361429982972, "log10_subsample": -0.13103506334942994, "max_depth": 4.0, "num_boost_round": 14.0}, "datetime": {"datetime": "2024-01-19 00:12:21", "elapsed": 44.152192, "delta": 0.000281}}
{"target": -13.758440227335313, "params": {"gamma": 418.01062139031797, "log10_alpha": -4.3040186180041085, "log10_colsample_bytree": -0.4485595872184861, "log10_eta": -3.5071692568532966, "log10_lambda": -2.69278192414378, "log10_min_child_weight": 0.8644361429982972, "log10_subsample": -0.13103506334942994, "max_depth": 4.0, "num_boost_round": 15.0}, "datetime": {"datetime": "2024-01-19 00:12:21", "elapsed": 44.152469, "delta": 0.000277}}
{"target": -13.758434288193348, "params": {"gamma": 418.01062139031797, "log10_alpha": -4.3040186180041085, "log10_colsample_bytree": -0.4485595872184861, "log10_eta": -3.5071692568532966, "log10_lambda": -2.69278192414378, "log10_min_child_weight": 0.8644361429982972, "log10_subsample": -0.13103506334942994, "max_depth": 4.0, "num_boost_round": 16.0}, "datetime": {"datetime": "2024-01-19 00:12:21", "elapsed": 44.152763, "delta": 0.000294}}
{"target": -13.75843460840482, "params": {"gamma": 418.01062139031797, "log10_alpha": -4.3040186180041085, "log10_colsample_bytree": -0.4485595872184861, "log10_eta": -3.5071692568532966, "log10_lambda": -2.69278192414378, "log10_min_child_weight": 0.8644361429982972, "log10_subsample": -0.13103506334942994, "max_depth": 4.0, "num_boost_round": 17.0}, "datetime": {"datetime": "2024-01-19 00:12:21", "elapsed": 44.153042, "delta": 0.000279}}
{"target": -13.7584295953344, "params": {"gamma": 418.01062139031797, "log10_alpha": -4.3040186180041085, "log10_colsample_bytree": -0.4485595872184861, "log10_eta": -3.5071692568532966, "log10_lambda": -2.69278192414378, "log10_min_child_weight": 0.8644361429982972, "log10_subsample": -0.13103506334942994, "max_depth": 4.0, "num_boost_round": 18.0}, "datetime": {"datetime": "2024-01-19 00:12:21", "elapsed": 44.153327, "delta": 0.000285}}
{"target": -13.758428009962882, "params": {"gamma": 418.01062139031797, "log10_alpha": -4.3040186180041085, "log10_colsample_bytree": -0.4485595872184861, "log10_eta": -3.5071692568532966, "log10_lambda": -2.69278192414378, "log10_min_child_weight": 0.8644361429982972, "log10_subsample": -0.13103506334942994, "max_depth": 4.0, "num_boost_round": 19.0}, "datetime": {"datetime": "2024-01-19 00:12:21", "elapsed": 44.153621, "delta": 0.000294}}
{"target": -13.758411825560914, "params": {"gamma": 418.01062139031797, "log10_alpha": -4.3040186180041085, "log10_colsample_bytree": -0.4485595872184861, "log10_eta": -3.5071692568532966, "log10_lambda": -2.69278192414378, "log10_min_child_weight": 0.8644361429982972, "log10_subsample": -0.13103506334942994, "max_depth": 4.0, "num_boost_round": 20.0}, "datetime": {"datetime": "2024-01-19 00:12:21", "elapsed": 44.153912, "delta": 0.000291}}
{"target": -13.758404090603426, "params": {"gamma": 418.01062139031797, "log10_alpha": -4.3040186180041085, "log10_colsample_bytree": -0.4485595872184861, "log10_eta": -3.5071692568532966, "log10_lambda": -2.69278192414378, "log10_min_child_weight": 0.8644361429982972, "log10_subsample": -0.13103506334942994, "max_depth": 4.0, "num_boost_round": 21.0}, "datetime": {"datetime": "2024-01-19 00:12:21", "elapsed": 44.154197, "delta": 0.000285}}
{"target": -13.758408192990936, "params": {"gamma": 418.01062139031797, "log10_alpha": -4.3040186180041085, "log10_colsample_bytree": -0.4485595872184861, "log10_eta": -3.5071692568532966, "log10_lambda": -2.69278192414378, "log10_min_child_weight": 0.8644361429982972, "log10_subsample": -0.13103506334942994, "max_depth": 4.0, "num_boost_round": 22.0}, "datetime": {"datetime": "2024-01-19 00:12:21", "elapsed": 44.154498, "delta": 0.000301}}
{"target": -13.758406949225364, "params": {"gamma": 418.01062139031797, "log10_alpha": -4.3040186180041085, "log10_colsample_bytree": -0.4485595872184861, "log10_eta": -3.5071692568532966, "log10_lambda": -2.69278192414378, "log10_min_child_weight": 0.8644361429982972, "log10_subsample": -0.13103506334942994, "max_depth": 4.0, "num_boost_round": 23.0}, "datetime": {"datetime": "2024-01-19 00:12:21", "elapsed": 44.154796, "delta": 0.000298}}
{"target": -13.758400212265515, "params": {"gamma": 418.01062139031797, "log10_alpha": -4.3040186180041085, "log10_colsample_bytree": -0.4485595872184861, "log10_eta": -3.5071692568532966, "log10_lambda": -2.69278192414378, "log10_min_child_weight": 0.8644361429982972, "log10_subsample": -0.13103506334942994, "max_depth": 4.0, "num_boost_round": 24.0}, "datetime": {"datetime": "2024-01-19 00:12:21", "elapsed": 44.155089, "delta": 0.000293}}
{"target": -13.758394321720681, "params": {"gamma": 418.01062139031797, "log10_alpha": -4.3040186180041085, "log10_colsample_bytree": -0.4485595872184861, "log10_eta": -3.5071692568532966, "log10_lambda": -2.69278192414378, "log10_min_child_weight": 0.8644361429982972, "log10_subsample": -0.13103506334942994, "max_depth": 4.0, "num_boost_round": 25.0}, "datetime": {"datetime": "2024-01-19 00:12:21", "elapsed": 44.155377, "delta": 0.000288}}
{"target": -13.758389208780043, "params": {"gamma": 418.01062139031797, "log10_alpha": -4.3040186180041085, "log10_colsample_bytree": -0.4485595872184861, "log10_eta": -3.5071692568532966, "log10_lambda": -2.69278192414378, "log10_min_child_weight": 0.8644361429982972, "log10_subsample": -0.13103506334942994, "max_depth": 4.0, "num_boost_round": 26.0}, "datetime": {"datetime": "2024-01-19 00:12:21", "elapsed": 44.155675, "delta": 0.000298}}
{"target": -13.758387555077448, "params": {"gamma": 418.01062139031797, "log10_alpha": -4.3040186180041085, "log10_colsample_bytree": -0.4485595872184861, "log10_eta": -3.5071692568532966, "log10_lambda": -2.69278192414378, "log10_min_child_weight": 0.8644361429982972, "log10_subsample": -0.13103506334942994, "max_depth": 4.0, "num_boost_round": 27.0}, "datetime": {"datetime": "2024-01-19 00:12:21", "elapsed": 44.155968, "delta": 0.000293}}
{"target": -13.758377816063515, "params": {"gamma": 418.01062139031797, "log10_alpha": -4.3040186180041085, "log10_colsample_bytree": -0.4485595872184861, "log10_eta": -3.5071692568532966, "log10_lambda": -2.69278192414378, "log10_min_child_weight": 0.8644361429982972, "log10_subsample": -0.13103506334942994, "max_depth": 4.0, "num_boost_round": 28.0}, "datetime": {"datetime": "2024-01-19 00:12:21", "elapsed": 44.15626, "delta": 0.000292}}
{"target": -13.758373542089998, "params": {"gamma": 418.01062139031797, "log10_alpha": -4.3040186180041085, "log10_colsample_bytree": -0.4485595872184861, "log10_eta": -3.5071692568532966, "log10_lambda": -2.69278192414378, "log10_min_child_weight": 0.8644361429982972, "log10_subsample": -0.13103506334942994, "max_depth": 4.0, "num_boost_round": 29.0}, "datetime": {"datetime": "2024-01-19 00:12:21", "elapsed": 44.156564, "delta": 0.000304}}
{"target": -13.75837024484877, "params": {"gamma": 418.01062139031797, "log10_alpha": -4.3040186180041085, "log10_colsample_bytree": -0.4485595872184861, "log10_eta": -3.5071692568532966, "log10_lambda": -2.69278192414378, "log10_min_child_weight": 0.8644361429982972, "log10_subsample": -0.13103506334942994, "max_depth": 4.0, "num_boost_round": 30.0}, "datetime": {"datetime": "2024-01-19 00:12:21", "elapsed": 44.156863, "delta": 0.000299}}
{"target": -13.758361854347081, "params": {"gamma": 418.01062139031797, "log10_alpha": -4.3040186180041085, "log10_colsample_bytree": -0.4485595872184861, "log10_eta": -3.5071692568532966, "log10_lambda": -2.69278192414378, "log10_min_child_weight": 0.8644361429982972, "log10_subsample": -0.13103506334942994, "max_depth": 4.0, "num_boost_round": 31.0}, "datetime": {"datetime": "2024-01-19 00:12:21", "elapsed": 44.157306, "delta": 0.000443}}
{"target": -13.758357494411328, "params": {"gamma": 418.01062139031797, "log10_alpha": -4.3040186180041085, "log10_colsample_bytree": -0.4485595872184861, "log10_eta": -3.5071692568532966, "log10_lambda": -2.69278192414378, "log10_min_child_weight": 0.8644361429982972, "log10_subsample": -0.13103506334942994, "max_depth": 4.0, "num_boost_round": 32.0}, "datetime": {"datetime": "2024-01-19 00:12:21", "elapsed": 44.157658, "delta": 0.000352}}
{"target": -13.758357266464493, "params": {"gamma": 418.01062139031797, "log10_alpha": -4.3040186180041085, "log10_colsample_bytree": -0.4485595872184861, "log10_eta": -3.5071692568532966, "log10_lambda": -2.69278192414378, "log10_min_child_weight": 0.8644361429982972, "log10_subsample": -0.13103506334942994, "max_depth": 4.0, "num_boost_round": 33.0}, "datetime": {"datetime": "2024-01-19 00:12:21", "elapsed": 44.157975, "delta": 0.000317}}
{"target": -13.758358864617168, "params": {"gamma": 418.01062139031797, "log10_alpha": -4.3040186180041085, "log10_colsample_bytree": -0.4485595872184861, "log10_eta": -3.5071692568532966, "log10_lambda": -2.69278192414378, "log10_min_child_weight": 0.8644361429982972, "log10_subsample": -0.13103506334942994, "max_depth": 4.0, "num_boost_round": 34.0}, "datetime": {"datetime": "2024-01-19 00:12:21", "elapsed": 44.158285, "delta": 0.00031}}
{"target": -13.758356968690856, "params": {"gamma": 418.01062139031797, "log10_alpha": -4.3040186180041085, "log10_colsample_bytree": -0.4485595872184861, "log10_eta": -3.5071692568532966, "log10_lambda": -2.69278192414378, "log10_min_child_weight": 0.8644361429982972, "log10_subsample": -0.13103506334942994, "max_depth": 4.0, "num_boost_round": 35.0}, "datetime": {"datetime": "2024-01-19 00:12:21", "elapsed": 44.1586, "delta": 0.000315}}
{"target": -13.758354940066997, "params": {"gamma": 418.01062139031797, "log10_alpha": -4.3040186180041085, "log10_colsample_bytree": -0.4485595872184861, "log10_eta": -3.5071692568532966, "log10_lambda": -2.69278192414378, "log10_min_child_weight": 0.8644361429982972, "log10_subsample": -0.13103506334942994, "max_depth": 4.0, "num_boost_round": 36.0}, "datetime": {"datetime": "2024-01-19 00:12:21", "elapsed": 44.158922, "delta": 0.000322}}
{"target": -13.758354153841186, "params": {"gamma": 418.01062139031797, "log10_alpha": -4.3040186180041085, "log10_colsample_bytree": -0.4485595872184861, "log10_eta": -3.5071692568532966, "log10_lambda": -2.69278192414378, "log10_min_child_weight": 0.8644361429982972, "log10_subsample": -0.13103506334942994, "max_depth": 4.0, "num_boost_round": 37.0}, "datetime": {"datetime": "2024-01-19 00:12:21", "elapsed": 44.159234, "delta": 0.000312}}
{"target": -13.75834827767688, "params": {"gamma": 418.01062139031797, "log10_alpha": -4.3040186180041085, "log10_colsample_bytree": -0.4485595872184861, "log10_eta": -3.5071692568532966, "log10_lambda": -2.69278192414378, "log10_min_child_weight": 0.8644361429982972, "log10_subsample": -0.13103506334942994, "max_depth": 4.0, "num_boost_round": 38.0}, "datetime": {"datetime": "2024-01-19 00:12:21", "elapsed": 44.15955, "delta": 0.000316}}
{"target": -13.758339320620765, "params": {"gamma": 418.01062139031797, "log10_alpha": -4.3040186180041085, "log10_colsample_bytree": -0.4485595872184861, "log10_eta": -3.5071692568532966, "log10_lambda": -2.69278192414378, "log10_min_child_weight": 0.8644361429982972, "log10_subsample": -0.13103506334942994, "max_depth": 4.0, "num_boost_round": 39.0}, "datetime": {"datetime": "2024-01-19 00:12:21", "elapsed": 44.15986, "delta": 0.00031}}
{"target": -13.758337580305412, "params": {"gamma": 418.01062139031797, "log10_alpha": -4.3040186180041085, "log10_colsample_bytree": -0.4485595872184861, "log10_eta": -3.5071692568532966, "log10_lambda": -2.69278192414378, "log10_min_child_weight": 0.8644361429982972, "log10_subsample": -0.13103506334942994, "max_depth": 4.0, "num_boost_round": 40.0}, "datetime": {"datetime": "2024-01-19 00:12:21", "elapsed": 44.160169, "delta": 0.000309}}
{"target": -13.75832351940126, "params": {"gamma": 418.01062139031797, "log10_alpha": -4.3040186180041085, "log10_colsample_bytree": -0.4485595872184861, "log10_eta": -3.5071692568532966, "log10_lambda": -2.69278192414378, "log10_min_child_weight": 0.8644361429982972, "log10_subsample": -0.13103506334942994, "max_depth": 4.0, "num_boost_round": 41.0}, "datetime": {"datetime": "2024-01-19 00:12:21", "elapsed": 44.160485, "delta": 0.000316}}
{"target": -13.75831931935103, "params": {"gamma": 418.01062139031797, "log10_alpha": -4.3040186180041085, "log10_colsample_bytree": -0.4485595872184861, "log10_eta": -3.5071692568532966, "log10_lambda": -2.69278192414378, "log10_min_child_weight": 0.8644361429982972, "log10_subsample": -0.13103506334942994, "max_depth": 4.0, "num_boost_round": 42.0}, "datetime": {"datetime": "2024-01-19 00:12:21", "elapsed": 44.160802, "delta": 0.000317}}
{"target": -13.758307003843484, "params": {"gamma": 418.01062139031797, "log10_alpha": -4.3040186180041085, "log10_colsample_bytree": -0.4485595872184861, "log10_eta": -3.5071692568532966, "log10_lambda": -2.69278192414378, "log10_min_child_weight": 0.8644361429982972, "log10_subsample": -0.13103506334942994, "max_depth": 4.0, "num_boost_round": 43.0}, "datetime": {"datetime": "2024-01-19 00:12:21", "elapsed": 44.161131, "delta": 0.000329}}
{"target": -13.758300102396388, "params": {"gamma": 418.01062139031797, "log10_alpha": -4.3040186180041085, "log10_colsample_bytree": -0.4485595872184861, "log10_eta": -3.5071692568532966, "log10_lambda": -2.69278192414378, "log10_min_child_weight": 0.8644361429982972, "log10_subsample": -0.13103506334942994, "max_depth": 4.0, "num_boost_round": 44.0}, "datetime": {"datetime": "2024-01-19 00:12:21", "elapsed": 44.161465, "delta": 0.000334}}
{"target": -13.758291835411594, "params": {"gamma": 418.01062139031797, "log10_alpha": -4.3040186180041085, "log10_colsample_bytree": -0.4485595872184861, "log10_eta": -3.5071692568532966, "log10_lambda": -2.69278192414378, "log10_min_child_weight": 0.8644361429982972, "log10_subsample": -0.13103506334942994, "max_depth": 4.0, "num_boost_round": 45.0}, "datetime": {"datetime": "2024-01-19 00:12:21", "elapsed": 44.161796, "delta": 0.000331}}
{"target": -13.758292217555638, "params": {"gamma": 418.01062139031797, "log10_alpha": -4.3040186180041085, "log10_colsample_bytree": -0.4485595872184861, "log10_eta": -3.5071692568532966, "log10_lambda": -2.69278192414378, "log10_min_child_weight": 0.8644361429982972, "log10_subsample": -0.13103506334942994, "max_depth": 4.0, "num_boost_round": 46.0}, "datetime": {"datetime": "2024-01-19 00:12:21", "elapsed": 44.162118, "delta": 0.000322}}
{"target": -13.758287156881012, "params": {"gamma": 418.01062139031797, "log10_alpha": -4.3040186180041085, "log10_colsample_bytree": -0.4485595872184861, "log10_eta": -3.5071692568532966, "log10_lambda": -2.69278192414378, "log10_min_child_weight": 0.8644361429982972, "log10_subsample": -0.13103506334942994, "max_depth": 4.0, "num_boost_round": 47.0}, "datetime": {"datetime": "2024-01-19 00:12:21", "elapsed": 44.16244, "delta": 0.000322}}
{"target": -13.758283762130603, "params": {"gamma": 418.01062139031797, "log10_alpha": -4.3040186180041085, "log10_colsample_bytree": -0.4485595872184861, "log10_eta": -3.5071692568532966, "log10_lambda": -2.69278192414378, "log10_min_child_weight": 0.8644361429982972, "log10_subsample": -0.13103506334942994, "max_depth": 4.0, "num_boost_round": 48.0}, "datetime": {"datetime": "2024-01-19 00:12:21", "elapsed": 44.162773, "delta": 0.000333}}
{"target": -13.75827684313733, "params": {"gamma": 418.01062139031797, "log10_alpha": -4.3040186180041085, "log10_colsample_bytree": -0.4485595872184861, "log10_eta": -3.5071692568532966, "log10_lambda": -2.69278192414378, "log10_min_child_weight": 0.8644361429982972, "log10_subsample": -0.13103506334942994, "max_depth": 4.0, "num_boost_round": 49.0}, "datetime": {"datetime": "2024-01-19 00:12:21", "elapsed": 44.163098, "delta": 0.000325}}
{"target": -13.758271304696951, "params": {"gamma": 418.01062139031797, "log10_alpha": -4.3040186180041085, "log10_colsample_bytree": -0.4485595872184861, "log10_eta": -3.5071692568532966, "log10_lambda": -2.69278192414378, "log10_min_child_weight": 0.8644361429982972, "log10_subsample": -0.13103506334942994, "max_depth": 4.0, "num_boost_round": 50.0}, "datetime": {"datetime": "2024-01-19 00:12:21", "elapsed": 44.163423, "delta": 0.000325}}
{"target": -13.758269713586914, "params": {"gamma": 418.01062139031797, "log10_alpha": -4.3040186180041085, "log10_colsample_bytree": -0.4485595872184861, "log10_eta": -3.5071692568532966, "log10_lambda": -2.69278192414378, "log10_min_child_weight": 0.8644361429982972, "log10_subsample": -0.13103506334942994, "max_depth": 4.0, "num_boost_round": 51.0}, "datetime": {"datetime": "2024-01-19 00:12:21", "elapsed": 44.163758, "delta": 0.000335}}
{"target": -13.758265329847571, "params": {"gamma": 418.01062139031797, "log10_alpha": -4.3040186180041085, "log10_colsample_bytree": -0.4485595872184861, "log10_eta": -3.5071692568532966, "log10_lambda": -2.69278192414378, "log10_min_child_weight": 0.8644361429982972, "log10_subsample": -0.13103506334942994, "max_depth": 4.0, "num_boost_round": 52.0}, "datetime": {"datetime": "2024-01-19 00:12:21", "elapsed": 44.164087, "delta": 0.000329}}
{"target": -13.758261617945129, "params": {"gamma": 418.01062139031797, "log10_alpha": -4.3040186180041085, "log10_colsample_bytree": -0.4485595872184861, "log10_eta": -3.5071692568532966, "log10_lambda": -2.69278192414378, "log10_min_child_weight": 0.8644361429982972, "log10_subsample": -0.13103506334942994, "max_depth": 4.0, "num_boost_round": 53.0}, "datetime": {"datetime": "2024-01-19 00:12:21", "elapsed": 44.164415, "delta": 0.000328}}
{"target": -13.758248860730072, "params": {"gamma": 418.01062139031797, "log10_alpha": -4.3040186180041085, "log10_colsample_bytree": -0.4485595872184861, "log10_eta": -3.5071692568532966, "log10_lambda": -2.69278192414378, "log10_min_child_weight": 0.8644361429982972, "log10_subsample": -0.13103506334942994, "max_depth": 4.0, "num_boost_round": 54.0}, "datetime": {"datetime": "2024-01-19 00:12:21", "elapsed": 44.164753, "delta": 0.000338}}
{"target": -13.758239076107762, "params": {"gamma": 418.01062139031797, "log10_alpha": -4.3040186180041085, "log10_colsample_bytree": -0.4485595872184861, "log10_eta": -3.5071692568532966, "log10_lambda": -2.69278192414378, "log10_min_child_weight": 0.8644361429982972, "log10_subsample": -0.13103506334942994, "max_depth": 4.0, "num_boost_round": 55.0}, "datetime": {"datetime": "2024-01-19 00:12:21", "elapsed": 44.165084, "delta": 0.000331}}
{"target": -13.758231367863033, "params": {"gamma": 418.01062139031797, "log10_alpha": -4.3040186180041085, "log10_colsample_bytree": -0.4485595872184861, "log10_eta": -3.5071692568532966, "log10_lambda": -2.69278192414378, "log10_min_child_weight": 0.8644361429982972, "log10_subsample": -0.13103506334942994, "max_depth": 4.0, "num_boost_round": 56.0}, "datetime": {"datetime": "2024-01-19 00:12:21", "elapsed": 44.165416, "delta": 0.000332}}
{"target": -13.758226291516628, "params": {"gamma": 418.01062139031797, "log10_alpha": -4.3040186180041085, "log10_colsample_bytree": -0.4485595872184861, "log10_eta": -3.5071692568532966, "log10_lambda": -2.69278192414378, "log10_min_child_weight": 0.8644361429982972, "log10_subsample": -0.13103506334942994, "max_depth": 4.0, "num_boost_round": 57.0}, "datetime": {"datetime": "2024-01-19 00:12:21", "elapsed": 44.165756, "delta": 0.00034}}
{"target": -13.758227073461807, "params": {"gamma": 418.01062139031797, "log10_alpha": -4.3040186180041085, "log10_colsample_bytree": -0.4485595872184861, "log10_eta": -3.5071692568532966, "log10_lambda": -2.69278192414378, "log10_min_child_weight": 0.8644361429982972, "log10_subsample": -0.13103506334942994, "max_depth": 4.0, "num_boost_round": 58.0}, "datetime": {"datetime": "2024-01-19 00:12:21", "elapsed": 44.16609, "delta": 0.000334}}
{"target": -13.758213722890812, "params": {"gamma": 418.01062139031797, "log10_alpha": -4.3040186180041085, "log10_colsample_bytree": -0.4485595872184861, "log10_eta": -3.5071692568532966, "log10_lambda": -2.69278192414378, "log10_min_child_weight": 0.8644361429982972, "log10_subsample": -0.13103506334942994, "max_depth": 4.0, "num_boost_round": 59.0}, "datetime": {"datetime": "2024-01-19 00:12:21", "elapsed": 44.166425, "delta": 0.000335}}
{"target": -13.758207986597764, "params": {"gamma": 418.01062139031797, "log10_alpha": -4.3040186180041085, "log10_colsample_bytree": -0.4485595872184861, "log10_eta": -3.5071692568532966, "log10_lambda": -2.69278192414378, "log10_min_child_weight": 0.8644361429982972, "log10_subsample": -0.13103506334942994, "max_depth": 4.0, "num_boost_round": 60.0}, "datetime": {"datetime": "2024-01-19 00:12:21", "elapsed": 44.16677, "delta": 0.000345}}
{"target": -13.758194558306547, "params": {"gamma": 418.01062139031797, "log10_alpha": -4.3040186180041085, "log10_colsample_bytree": -0.4485595872184861, "log10_eta": -3.5071692568532966, "log10_lambda": -2.69278192414378, "log10_min_child_weight": 0.8644361429982972, "log10_subsample": -0.13103506334942994, "max_depth": 4.0, "num_boost_round": 61.0}, "datetime": {"datetime": "2024-01-19 00:12:21", "elapsed": 44.167113, "delta": 0.000343}}
{"target": -13.75819223954134, "params": {"gamma": 418.01062139031797, "log10_alpha": -4.3040186180041085, "log10_colsample_bytree": -0.4485595872184861, "log10_eta": -3.5071692568532966, "log10_lambda": -2.69278192414378, "log10_min_child_weight": 0.8644361429982972, "log10_subsample": -0.13103506334942994, "max_depth": 4.0, "num_boost_round": 62.0}, "datetime": {"datetime": "2024-01-19 00:12:21", "elapsed": 44.167617, "delta": 0.000504}}
