{"target": -13.758512693035254, "params": {"gamma": 562.8698397999121, "log10_alpha": -0.275839503635984, "log10_colsample_bytree": -0.533185160167717, "log10_eta": -3.9988985724670076, "log10_lambda": 0.7871951233283987, "log10_min_child_weight": 2.8671880055993877, "log10_subsample": -0.3111869187044328, "max_depth": 3.0, "num_boost_round": 25.0}, "datetime": {"datetime": "2024-01-19 02:02:27", "elapsed": 6679.074117, "delta": 0.006336}}
{"target": -13.758511195974735, "params": {"gamma": 562.8698397999121, "log10_alpha": -0.275839503635984, "log10_colsample_bytree": -0.533185160167717, "log10_eta": -3.9988985724670076, "log10_lambda": 0.7871951233283987, "log10_min_child_weight": 2.8671880055993877, "log10_subsample": -0.3111869187044328, "max_depth": 3.0, "num_boost_round": 26.0}, "datetime": {"datetime": "2024-01-19 02:02:27", "elapsed": 6679.080502, "delta": 0.006385}}
{"target": -13.758510404359201, "params": {"gamma": 562.8698397999121, "log10_alpha": -0.275839503635984, "log10_colsample_bytree": -0.533185160167717, "log10_eta": -3.9988985724670076, "log10_lambda": 0.7871951233283987, "log10_min_child_weight": 2.8671880055993877, "log10_subsample": -0.3111869187044328, "max_depth": 3.0, "num_boost_round": 27.0}, "datetime": {"datetime": "2024-01-19 02:02:27", "elapsed": 6679.087249, "delta": 0.006747}}
{"target": -13.75850986437044, "params": {"gamma": 562.8698397999121, "log10_alpha": -0.275839503635984, "log10_colsample_bytree": -0.533185160167717, "log10_eta": -3.9988985724670076, "log10_lambda": 0.7871951233283987, "log10_min_child_weight": 2.8671880055993877, "log10_subsample": -0.3111869187044328, "max_depth": 3.0, "num_boost_round": 28.0}, "datetime": {"datetime": "2024-01-19 02:02:27", "elapsed": 6679.093891, "delta": 0.006642}}
{"target": -13.758508611383752, "params": {"gamma": 562.8698397999121, "log10_alpha": -0.275839503635984, "log10_colsample_bytree": -0.533185160167717, "log10_eta": -3.9988985724670076, "log10_lambda": 0.7871951233283987, "log10_min_child_weight": 2.8671880055993877, "log10_subsample": -0.3111869187044328, "max_depth": 3.0, "num_boost_round": 29.0}, "datetime": {"datetime": "2024-01-19 02:02:27", "elapsed": 6679.100275, "delta": 0.006384}}
{"target": -13.758506933272349, "params": {"gamma": 562.8698397999121, "log10_alpha": -0.275839503635984, "log10_colsample_bytree": -0.533185160167717, "log10_eta": -3.9988985724670076, "log10_lambda": 0.7871951233283987, "log10_min_child_weight": 2.8671880055993877, "log10_subsample": -0.3111869187044328, "max_depth": 3.0, "num_boost_round": 30.0}, "datetime": {"datetime": "2024-01-19 02:02:27", "elapsed": 6679.106713, "delta": 0.006438}}
{"target": -13.758528181738123, "params": {"gamma": 567.3209465853638, "log10_alpha": 0.2962993665393361, "log10_colsample_bytree": -0.7487239341409083, "log10_eta": -3.784398869196963, "log10_lambda": -2.9616158239830606, "log10_min_child_weight": 1.0600031333146536, "log10_subsample": -0.7311414115982074, "max_depth": 8.0, "num_boost_round": 0.0}, "datetime": {"datetime": "2024-01-19 02:04:01", "elapsed": 6773.632719, "delta": 94.526006}}
{"target": -13.758527491769744, "params": {"gamma": 567.3209465853638, "log10_alpha": 0.2962993665393361, "log10_colsample_bytree": -0.7487239341409083, "log10_eta": -3.784398869196963, "log10_lambda": -2.9616158239830606, "log10_min_child_weight": 1.0600031333146536, "log10_subsample": -0.7311414115982074, "max_depth": 8.0, "num_boost_round": 1.0}, "datetime": {"datetime": "2024-01-19 02:04:01", "elapsed": 6773.640079, "delta": 0.00736}}
{"target": -13.758519600234191, "params": {"gamma": 567.3209465853638, "log10_alpha": 0.2962993665393361, "log10_colsample_bytree": -0.7487239341409083, "log10_eta": -3.784398869196963, "log10_lambda": -2.9616158239830606, "log10_min_child_weight": 1.0600031333146536, "log10_subsample": -0.7311414115982074, "max_depth": 8.0, "num_boost_round": 2.0}, "datetime": {"datetime": "2024-01-19 02:04:01", "elapsed": 6773.647043, "delta": 0.006964}}
{"target": -13.758515708956459, "params": {"gamma": 567.3209465853638, "log10_alpha": 0.2962993665393361, "log10_colsample_bytree": -0.7487239341409083, "log10_eta": -3.784398869196963, "log10_lambda": -2.9616158239830606, "log10_min_child_weight": 1.0600031333146536, "log10_subsample": -0.7311414115982074, "max_depth": 8.0, "num_boost_round": 3.0}, "datetime": {"datetime": "2024-01-19 02:04:01", "elapsed": 6773.653867, "delta": 0.006824}}
{"target": -13.758503491449604, "params": {"gamma": 567.3209465853638, "log10_alpha": 0.2962993665393361, "log10_colsample_bytree": -0.7487239341409083, "log10_eta": -3.784398869196963, "log10_lambda": -2.9616158239830606, "log10_min_child_weight": 1.0600031333146536, "log10_subsample": -0.7311414115982074, "max_depth": 8.0, "num_boost_round": 4.0}, "datetime": {"datetime": "2024-01-19 02:04:01", "elapsed": 6773.660343, "delta": 0.006476}}
{"target": -13.758491155052567, "params": {"gamma": 567.3209465853638, "log10_alpha": 0.2962993665393361, "log10_colsample_bytree": -0.7487239341409083, "log10_eta": -3.784398869196963, "log10_lambda": -2.9616158239830606, "log10_min_child_weight": 1.0600031333146536, "log10_subsample": -0.7311414115982074, "max_depth": 8.0, "num_boost_round": 5.0}, "datetime": {"datetime": "2024-01-19 02:04:01", "elapsed": 6773.667309, "delta": 0.006966}}
{"target": -13.758490054767558, "params": {"gamma": 567.3209465853638, "log10_alpha": 0.2962993665393361, "log10_colsample_bytree": -0.7487239341409083, "log10_eta": -3.784398869196963, "log10_lambda": -2.9616158239830606, "log10_min_child_weight": 1.0600031333146536, "log10_subsample": -0.7311414115982074, "max_depth": 8.0, "num_boost_round": 6.0}, "datetime": {"datetime": "2024-01-19 02:04:01", "elapsed": 6773.673813, "delta": 0.006504}}
{"target": -13.758484027655909, "params": {"gamma": 567.3209465853638, "log10_alpha": 0.2962993665393361, "log10_colsample_bytree": -0.7487239341409083, "log10_eta": -3.784398869196963, "log10_lambda": -2.9616158239830606, "log10_min_child_weight": 1.0600031333146536, "log10_subsample": -0.7311414115982074, "max_depth": 8.0, "num_boost_round": 7.0}, "datetime": {"datetime": "2024-01-19 02:04:01", "elapsed": 6773.680291, "delta": 0.006478}}
{"target": -13.758479440783095, "params": {"gamma": 567.3209465853638, "log10_alpha": 0.2962993665393361, "log10_colsample_bytree": -0.7487239341409083, "log10_eta": -3.784398869196963, "log10_lambda": -2.9616158239830606, "log10_min_child_weight": 1.0600031333146536, "log10_subsample": -0.7311414115982074, "max_depth": 8.0, "num_boost_round": 8.0}, "datetime": {"datetime": "2024-01-19 02:04:01", "elapsed": 6773.687041, "delta": 0.00675}}
{"target": -13.758483012862987, "params": {"gamma": 567.3209465853638, "log10_alpha": 0.2962993665393361, "log10_colsample_bytree": -0.7487239341409083, "log10_eta": -3.784398869196963, "log10_lambda": -2.9616158239830606, "log10_min_child_weight": 1.0600031333146536, "log10_subsample": -0.7311414115982074, "max_depth": 8.0, "num_boost_round": 9.0}, "datetime": {"datetime": "2024-01-19 02:04:01", "elapsed": 6773.693451, "delta": 0.00641}}
{"target": -13.75848010556281, "params": {"gamma": 567.3209465853638, "log10_alpha": 0.2962993665393361, "log10_colsample_bytree": -0.7487239341409083, "log10_eta": -3.784398869196963, "log10_lambda": -2.9616158239830606, "log10_min_child_weight": 1.0600031333146536, "log10_subsample": -0.7311414115982074, "max_depth": 8.0, "num_boost_round": 10.0}, "datetime": {"datetime": "2024-01-19 02:04:01", "elapsed": 6773.699875, "delta": 0.006424}}
{"target": -13.758481682054216, "params": {"gamma": 567.3209465853638, "log10_alpha": 0.2962993665393361, "log10_colsample_bytree": -0.7487239341409083, "log10_eta": -3.784398869196963, "log10_lambda": -2.9616158239830606, "log10_min_child_weight": 1.0600031333146536, "log10_subsample": -0.7311414115982074, "max_depth": 8.0, "num_boost_round": 11.0}, "datetime": {"datetime": "2024-01-19 02:04:01", "elapsed": 6773.70651, "delta": 0.006635}}
{"target": -13.758483260724166, "params": {"gamma": 567.3209465853638, "log10_alpha": 0.2962993665393361, "log10_colsample_bytree": -0.7487239341409083, "log10_eta": -3.784398869196963, "log10_lambda": -2.9616158239830606, "log10_min_child_weight": 1.0600031333146536, "log10_subsample": -0.7311414115982074, "max_depth": 8.0, "num_boost_round": 12.0}, "datetime": {"datetime": "2024-01-19 02:04:02", "elapsed": 6773.839628, "delta": 0.133118}}
{"target": -13.758472872214899, "params": {"gamma": 567.3209465853638, "log10_alpha": 0.2962993665393361, "log10_colsample_bytree": -0.7487239341409083, "log10_eta": -3.784398869196963, "log10_lambda": -2.9616158239830606, "log10_min_child_weight": 1.0600031333146536, "log10_subsample": -0.7311414115982074, "max_depth": 8.0, "num_boost_round": 13.0}, "datetime": {"datetime": "2024-01-19 02:04:02", "elapsed": 6773.848127, "delta": 0.008499}}
{"target": -13.758470491346992, "params": {"gamma": 567.3209465853638, "log10_alpha": 0.2962993665393361, "log10_colsample_bytree": -0.7487239341409083, "log10_eta": -3.784398869196963, "log10_lambda": -2.9616158239830606, "log10_min_child_weight": 1.0600031333146536, "log10_subsample": -0.7311414115982074, "max_depth": 8.0, "num_boost_round": 14.0}, "datetime": {"datetime": "2024-01-19 02:04:02", "elapsed": 6773.856546, "delta": 0.008419}}
{"target": -13.758468359444082, "params": {"gamma": 567.3209465853638, "log10_alpha": 0.2962993665393361, "log10_colsample_bytree": -0.7487239341409083, "log10_eta": -3.784398869196963, "log10_lambda": -2.9616158239830606, "log10_min_child_weight": 1.0600031333146536, "log10_subsample": -0.7311414115982074, "max_depth": 8.0, "num_boost_round": 15.0}, "datetime": {"datetime": "2024-01-19 02:04:02", "elapsed": 6773.863598, "delta": 0.007052}}
{"target": -13.758469361258607, "params": {"gamma": 567.3209465853638, "log10_alpha": 0.2962993665393361, "log10_colsample_bytree": -0.7487239341409083, "log10_eta": -3.784398869196963, "log10_lambda": -2.9616158239830606, "log10_min_child_weight": 1.0600031333146536, "log10_subsample": -0.7311414115982074, "max_depth": 8.0, "num_boost_round": 16.0}, "datetime": {"datetime": "2024-01-19 02:04:02", "elapsed": 6773.870314, "delta": 0.006716}}
{"target": -13.758461858585102, "params": {"gamma": 567.3209465853638, "log10_alpha": 0.2962993665393361, "log10_colsample_bytree": -0.7487239341409083, "log10_eta": -3.784398869196963, "log10_lambda": -2.9616158239830606, "log10_min_child_weight": 1.0600031333146536, "log10_subsample": -0.7311414115982074, "max_depth": 8.0, "num_boost_round": 17.0}, "datetime": {"datetime": "2024-01-19 02:04:02", "elapsed": 6773.877044, "delta": 0.00673}}
{"target": -13.75846035361355, "params": {"gamma": 567.3209465853638, "log10_alpha": 0.2962993665393361, "log10_colsample_bytree": -0.7487239341409083, "log10_eta": -3.784398869196963, "log10_lambda": -2.9616158239830606, "log10_min_child_weight": 1.0600031333146536, "log10_subsample": -0.7311414115982074, "max_depth": 8.0, "num_boost_round": 18.0}, "datetime": {"datetime": "2024-01-19 02:04:02", "elapsed": 6773.883695, "delta": 0.006651}}
{"target": -13.758453286479241, "params": {"gamma": 567.3209465853638, "log10_alpha": 0.2962993665393361, "log10_colsample_bytree": -0.7487239341409083, "log10_eta": -3.784398869196963, "log10_lambda": -2.9616158239830606, "log10_min_child_weight": 1.0600031333146536, "log10_subsample": -0.7311414115982074, "max_depth": 8.0, "num_boost_round": 19.0}, "datetime": {"datetime": "2024-01-19 02:04:02", "elapsed": 6773.890553, "delta": 0.006858}}
{"target": -13.758442001409685, "params": {"gamma": 567.3209465853638, "log10_alpha": 0.2962993665393361, "log10_colsample_bytree": -0.7487239341409083, "log10_eta": -3.784398869196963, "log10_lambda": -2.9616158239830606, "log10_min_child_weight": 1.0600031333146536, "log10_subsample": -0.7311414115982074, "max_depth": 8.0, "num_boost_round": 20.0}, "datetime": {"datetime": "2024-01-19 02:04:02", "elapsed": 6773.897309, "delta": 0.006756}}
{"target": -13.758433917333923, "params": {"gamma": 567.3209465853638, "log10_alpha": 0.2962993665393361, "log10_colsample_bytree": -0.7487239341409083, "log10_eta": -3.784398869196963, "log10_lambda": -2.9616158239830606, "log10_min_child_weight": 1.0600031333146536, "log10_subsample": -0.7311414115982074, "max_depth": 8.0, "num_boost_round": 21.0}, "datetime": {"datetime": "2024-01-19 02:04:02", "elapsed": 6773.904019, "delta": 0.00671}}
{"target": -13.758430305462262, "params": {"gamma": 567.3209465853638, "log10_alpha": 0.2962993665393361, "log10_colsample_bytree": -0.7487239341409083, "log10_eta": -3.784398869196963, "log10_lambda": -2.9616158239830606, "log10_min_child_weight": 1.0600031333146536, "log10_subsample": -0.7311414115982074, "max_depth": 8.0, "num_boost_round": 22.0}, "datetime": {"datetime": "2024-01-19 02:04:02", "elapsed": 6773.910712, "delta": 0.006693}}
{"target": -13.758428796974984, "params": {"gamma": 567.3209465853638, "log10_alpha": 0.2962993665393361, "log10_colsample_bytree": -0.7487239341409083, "log10_eta": -3.784398869196963, "log10_lambda": -2.9616158239830606, "log10_min_child_weight": 1.0600031333146536, "log10_subsample": -0.7311414115982074, "max_depth": 8.0, "num_boost_round": 23.0}, "datetime": {"datetime": "2024-01-19 02:04:02", "elapsed": 6773.91738, "delta": 0.006668}}
{"target": -13.758434449416425, "params": {"gamma": 567.3209465853638, "log10_alpha": 0.2962993665393361, "log10_colsample_bytree": -0.7487239341409083, "log10_eta": -3.784398869196963, "log10_lambda": -2.9616158239830606, "log10_min_child_weight": 1.0600031333146536, "log10_subsample": -0.7311414115982074, "max_depth": 8.0, "num_boost_round": 24.0}, "datetime": {"datetime": "2024-01-19 02:04:02", "elapsed": 6773.924034, "delta": 0.006654}}
{"target": -13.758432905971503, "params": {"gamma": 567.3209465853638, "log10_alpha": 0.2962993665393361, "log10_colsample_bytree": -0.7487239341409083, "log10_eta": -3.784398869196963, "log10_lambda": -2.9616158239830606, "log10_min_child_weight": 1.0600031333146536, "log10_subsample": -0.7311414115982074, "max_depth": 8.0, "num_boost_round": 25.0}, "datetime": {"datetime": "2024-01-19 02:04:02", "elapsed": 6773.930678, "delta": 0.006644}}
{"target": -13.758428780746183, "params": {"gamma": 567.3209465853638, "log10_alpha": 0.2962993665393361, "log10_colsample_bytree": -0.7487239341409083, "log10_eta": -3.784398869196963, "log10_lambda": -2.9616158239830606, "log10_min_child_weight": 1.0600031333146536, "log10_subsample": -0.7311414115982074, "max_depth": 8.0, "num_boost_round": 26.0}, "datetime": {"datetime": "2024-01-19 02:04:02", "elapsed": 6773.937328, "delta": 0.00665}}
{"target": -13.758421902768465, "params": {"gamma": 567.3209465853638, "log10_alpha": 0.2962993665393361, "log10_colsample_bytree": -0.7487239341409083, "log10_eta": -3.784398869196963, "log10_lambda": -2.9616158239830606, "log10_min_child_weight": 1.0600031333146536, "log10_subsample": -0.7311414115982074, "max_depth": 8.0, "num_boost_round": 27.0}, "datetime": {"datetime": "2024-01-19 02:04:02", "elapsed": 6773.944065, "delta": 0.006737}}
{"target": -13.758406469124873, "params": {"gamma": 567.3209465853638, "log10_alpha": 0.2962993665393361, "log10_colsample_bytree": -0.7487239341409083, "log10_eta": -3.784398869196963, "log10_lambda": -2.9616158239830606, "log10_min_child_weight": 1.0600031333146536, "log10_subsample": -0.7311414115982074, "max_depth": 8.0, "num_boost_round": 28.0}, "datetime": {"datetime": "2024-01-19 02:04:02", "elapsed": 6773.950716, "delta": 0.006651}}
{"target": -13.758395425101668, "params": {"gamma": 567.3209465853638, "log10_alpha": 0.2962993665393361, "log10_colsample_bytree": -0.7487239341409083, "log10_eta": -3.784398869196963, "log10_lambda": -2.9616158239830606, "log10_min_child_weight": 1.0600031333146536, "log10_subsample": -0.7311414115982074, "max_depth": 8.0, "num_boost_round": 29.0}, "datetime": {"datetime": "2024-01-19 02:04:02", "elapsed": 6773.957403, "delta": 0.006687}}
{"target": -13.758394225469928, "params": {"gamma": 567.3209465853638, "log10_alpha": 0.2962993665393361, "log10_colsample_bytree": -0.7487239341409083, "log10_eta": -3.784398869196963, "log10_lambda": -2.9616158239830606, "log10_min_child_weight": 1.0600031333146536, "log10_subsample": -0.7311414115982074, "max_depth": 8.0, "num_boost_round": 30.0}, "datetime": {"datetime": "2024-01-19 02:04:02", "elapsed": 6773.964841, "delta": 0.007438}}
{"target": -13.758375211447566, "params": {"gamma": 567.3209465853638, "log10_alpha": 0.2962993665393361, "log10_colsample_bytree": -0.7487239341409083, "log10_eta": -3.784398869196963, "log10_lambda": -2.9616158239830606, "log10_min_child_weight": 1.0600031333146536, "log10_subsample": -0.7311414115982074, "max_depth": 8.0, "num_boost_round": 31.0}, "datetime": {"datetime": "2024-01-19 02:04:02", "elapsed": 6773.972014, "delta": 0.007173}}
{"target": -13.758372424957901, "params": {"gamma": 567.3209465853638, "log10_alpha": 0.2962993665393361, "log10_colsample_bytree": -0.7487239341409083, "log10_eta": -3.784398869196963, "log10_lambda": -2.9616158239830606, "log10_min_child_weight": 1.0600031333146536, "log10_subsample": -0.7311414115982074, "max_depth": 8.0, "num_boost_round": 32.0}, "datetime": {"datetime": "2024-01-19 02:04:02", "elapsed": 6773.978717, "delta": 0.006703}}
{"target": -13.75837189385555, "params": {"gamma": 567.3209465853638, "log10_alpha": 0.2962993665393361, "log10_colsample_bytree": -0.7487239341409083, "log10_eta": -3.784398869196963, "log10_lambda": -2.9616158239830606, "log10_min_child_weight": 1.0600031333146536, "log10_subsample": -0.7311414115982074, "max_depth": 8.0, "num_boost_round": 33.0}, "datetime": {"datetime": "2024-01-19 02:04:02", "elapsed": 6773.985293, "delta": 0.006576}}
{"target": -13.758362991631202, "params": {"gamma": 567.3209465853638, "log10_alpha": 0.2962993665393361, "log10_colsample_bytree": -0.7487239341409083, "log10_eta": -3.784398869196963, "log10_lambda": -2.9616158239830606, "log10_min_child_weight": 1.0600031333146536, "log10_subsample": -0.7311414115982074, "max_depth": 8.0, "num_boost_round": 34.0}, "datetime": {"datetime": "2024-01-19 02:04:02", "elapsed": 6774.097781, "delta": 0.112488}}
{"target": -13.75835610008741, "params": {"gamma": 567.3209465853638, "log10_alpha": 0.2962993665393361, "log10_colsample_bytree": -0.7487239341409083, "log10_eta": -3.784398869196963, "log10_lambda": -2.9616158239830606, "log10_min_child_weight": 1.0600031333146536, "log10_subsample": -0.7311414115982074, "max_depth": 8.0, "num_boost_round": 35.0}, "datetime": {"datetime": "2024-01-19 02:04:02", "elapsed": 6774.105934, "delta": 0.008153}}
{"target": -13.758354290443602, "params": {"gamma": 567.3209465853638, "log10_alpha": 0.2962993665393361, "log10_colsample_bytree": -0.7487239341409083, "log10_eta": -3.784398869196963, "log10_lambda": -2.9616158239830606, "log10_min_child_weight": 1.0600031333146536, "log10_subsample": -0.7311414115982074, "max_depth": 8.0, "num_boost_round": 36.0}, "datetime": {"datetime": "2024-01-19 02:04:02", "elapsed": 6774.112845, "delta": 0.006911}}
{"target": -13.758351021764973, "params": {"gamma": 567.3209465853638, "log10_alpha": 0.2962993665393361, "log10_colsample_bytree": -0.7487239341409083, "log10_eta": -3.784398869196963, "log10_lambda": -2.9616158239830606, "log10_min_child_weight": 1.0600031333146536, "log10_subsample": -0.7311414115982074, "max_depth": 8.0, "num_boost_round": 37.0}, "datetime": {"datetime": "2024-01-19 02:04:02", "elapsed": 6774.119789, "delta": 0.006944}}
{"target": -13.75834903614362, "params": {"gamma": 567.3209465853638, "log10_alpha": 0.2962993665393361, "log10_colsample_bytree": -0.7487239341409083, "log10_eta": -3.784398869196963, "log10_lambda": -2.9616158239830606, "log10_min_child_weight": 1.0600031333146536, "log10_subsample": -0.7311414115982074, "max_depth": 8.0, "num_boost_round": 38.0}, "datetime": {"datetime": "2024-01-19 02:04:02", "elapsed": 6774.126944, "delta": 0.007155}}
{"target": -13.758353197510228, "params": {"gamma": 567.3209465853638, "log10_alpha": 0.2962993665393361, "log10_colsample_bytree": -0.7487239341409083, "log10_eta": -3.784398869196963, "log10_lambda": -2.9616158239830606, "log10_min_child_weight": 1.0600031333146536, "log10_subsample": -0.7311414115982074, "max_depth": 8.0, "num_boost_round": 39.0}, "datetime": {"datetime": "2024-01-19 02:04:02", "elapsed": 6774.134, "delta": 0.007056}}
{"target": -13.758356709661053, "params": {"gamma": 567.3209465853638, "log10_alpha": 0.2962993665393361, "log10_colsample_bytree": -0.7487239341409083, "log10_eta": -3.784398869196963, "log10_lambda": -2.9616158239830606, "log10_min_child_weight": 1.0600031333146536, "log10_subsample": -0.7311414115982074, "max_depth": 8.0, "num_boost_round": 40.0}, "datetime": {"datetime": "2024-01-19 02:04:02", "elapsed": 6774.140774, "delta": 0.006774}}
{"target": -13.758347555230312, "params": {"gamma": 567.3209465853638, "log10_alpha": 0.2962993665393361, "log10_colsample_bytree": -0.7487239341409083, "log10_eta": -3.784398869196963, "log10_lambda": -2.9616158239830606, "log10_min_child_weight": 1.0600031333146536, "log10_subsample": -0.7311414115982074, "max_depth": 8.0, "num_boost_round": 41.0}, "datetime": {"datetime": "2024-01-19 02:04:02", "elapsed": 6774.147649, "delta": 0.006875}}
{"target": -13.758333089666362, "params": {"gamma": 567.3209465853638, "log10_alpha": 0.2962993665393361, "log10_colsample_bytree": -0.7487239341409083, "log10_eta": -3.784398869196963, "log10_lambda": -2.9616158239830606, "log10_min_child_weight": 1.0600031333146536, "log10_subsample": -0.7311414115982074, "max_depth": 8.0, "num_boost_round": 42.0}, "datetime": {"datetime": "2024-01-19 02:04:02", "elapsed": 6774.154388, "delta": 0.006739}}
