{"target": -17.67647439925394, "params": {"gamma": 614.4815471440724, "log10_alpha": -0.025830547707501594, "log10_colsample_bytree": -0.3967292330800224, "log10_eta": -3.1561203476375037, "log10_lambda": 0.7495242999456337, "log10_min_child_weight": 2.136502585906077, "log10_subsample": -0.8875217761359885, "max_depth": 3.0, "num_boost_round": 35.0}, "datetime": {"datetime": "2024-01-19 02:04:01", "elapsed": 6739.033186, "delta": 0.006044}}
{"target": -17.676475577090716, "params": {"gamma": 614.4815471440724, "log10_alpha": -0.025830547707501594, "log10_colsample_bytree": -0.3967292330800224, "log10_eta": -3.1561203476375037, "log10_lambda": 0.7495242999456337, "log10_min_child_weight": 2.136502585906077, "log10_subsample": -0.8875217761359885, "max_depth": 3.0, "num_boost_round": 36.0}, "datetime": {"datetime": "2024-01-19 02:04:01", "elapsed": 6739.038895, "delta": 0.005709}}
{"target": -17.676448772687593, "params": {"gamma": 614.4815471440724, "log10_alpha": -0.025830547707501594, "log10_colsample_bytree": -0.3967292330800224, "log10_eta": -3.1561203476375037, "log10_lambda": 0.7495242999456337, "log10_min_child_weight": 2.136502585906077, "log10_subsample": -0.8875217761359885, "max_depth": 3.0, "num_boost_round": 37.0}, "datetime": {"datetime": "2024-01-19 02:04:01", "elapsed": 6739.044524, "delta": 0.005629}}
{"target": -17.67643559735498, "params": {"gamma": 614.4815471440724, "log10_alpha": -0.025830547707501594, "log10_colsample_bytree": -0.3967292330800224, "log10_eta": -3.1561203476375037, "log10_lambda": 0.7495242999456337, "log10_min_child_weight": 2.136502585906077, "log10_subsample": -0.8875217761359885, "max_depth": 3.0, "num_boost_round": 38.0}, "datetime": {"datetime": "2024-01-19 02:04:01", "elapsed": 6739.050238, "delta": 0.005714}}
{"target": -17.676427031741586, "params": {"gamma": 614.4815471440724, "log10_alpha": -0.025830547707501594, "log10_colsample_bytree": -0.3967292330800224, "log10_eta": -3.1561203476375037, "log10_lambda": 0.7495242999456337, "log10_min_child_weight": 2.136502585906077, "log10_subsample": -0.8875217761359885, "max_depth": 3.0, "num_boost_round": 39.0}, "datetime": {"datetime": "2024-01-19 02:04:01", "elapsed": 6739.056664, "delta": 0.006426}}
{"target": -17.676407932602512, "params": {"gamma": 614.4815471440724, "log10_alpha": -0.025830547707501594, "log10_colsample_bytree": -0.3967292330800224, "log10_eta": -3.1561203476375037, "log10_lambda": 0.7495242999456337, "log10_min_child_weight": 2.136502585906077, "log10_subsample": -0.8875217761359885, "max_depth": 3.0, "num_boost_round": 40.0}, "datetime": {"datetime": "2024-01-19 02:04:01", "elapsed": 6739.062593, "delta": 0.005929}}
{"target": -17.676388074908637, "params": {"gamma": 614.4815471440724, "log10_alpha": -0.025830547707501594, "log10_colsample_bytree": -0.3967292330800224, "log10_eta": -3.1561203476375037, "log10_lambda": 0.7495242999456337, "log10_min_child_weight": 2.136502585906077, "log10_subsample": -0.8875217761359885, "max_depth": 3.0, "num_boost_round": 41.0}, "datetime": {"datetime": "2024-01-19 02:04:01", "elapsed": 6739.068556, "delta": 0.005963}}
{"target": -17.6763672516871, "params": {"gamma": 614.4815471440724, "log10_alpha": -0.025830547707501594, "log10_colsample_bytree": -0.3967292330800224, "log10_eta": -3.1561203476375037, "log10_lambda": 0.7495242999456337, "log10_min_child_weight": 2.136502585906077, "log10_subsample": -0.8875217761359885, "max_depth": 3.0, "num_boost_round": 42.0}, "datetime": {"datetime": "2024-01-19 02:04:01", "elapsed": 6739.074077, "delta": 0.005521}}
{"target": -17.6763481853982, "params": {"gamma": 614.4815471440724, "log10_alpha": -0.025830547707501594, "log10_colsample_bytree": -0.3967292330800224, "log10_eta": -3.1561203476375037, "log10_lambda": 0.7495242999456337, "log10_min_child_weight": 2.136502585906077, "log10_subsample": -0.8875217761359885, "max_depth": 3.0, "num_boost_round": 43.0}, "datetime": {"datetime": "2024-01-19 02:04:01", "elapsed": 6739.079598, "delta": 0.005521}}
{"target": -17.676317852925973, "params": {"gamma": 614.4815471440724, "log10_alpha": -0.025830547707501594, "log10_colsample_bytree": -0.3967292330800224, "log10_eta": -3.1561203476375037, "log10_lambda": 0.7495242999456337, "log10_min_child_weight": 2.136502585906077, "log10_subsample": -0.8875217761359885, "max_depth": 3.0, "num_boost_round": 44.0}, "datetime": {"datetime": "2024-01-19 02:04:01", "elapsed": 6739.085143, "delta": 0.005545}}
{"target": -17.676289563604357, "params": {"gamma": 614.4815471440724, "log10_alpha": -0.025830547707501594, "log10_colsample_bytree": -0.3967292330800224, "log10_eta": -3.1561203476375037, "log10_lambda": 0.7495242999456337, "log10_min_child_weight": 2.136502585906077, "log10_subsample": -0.8875217761359885, "max_depth": 3.0, "num_boost_round": 45.0}, "datetime": {"datetime": "2024-01-19 02:04:01", "elapsed": 6739.090811, "delta": 0.005668}}
{"target": -17.676280863452764, "params": {"gamma": 614.4815471440724, "log10_alpha": -0.025830547707501594, "log10_colsample_bytree": -0.3967292330800224, "log10_eta": -3.1561203476375037, "log10_lambda": 0.7495242999456337, "log10_min_child_weight": 2.136502585906077, "log10_subsample": -0.8875217761359885, "max_depth": 3.0, "num_boost_round": 46.0}, "datetime": {"datetime": "2024-01-19 02:04:01", "elapsed": 6739.096396, "delta": 0.005585}}
{"target": -17.67624760572236, "params": {"gamma": 614.4815471440724, "log10_alpha": -0.025830547707501594, "log10_colsample_bytree": -0.3967292330800224, "log10_eta": -3.1561203476375037, "log10_lambda": 0.7495242999456337, "log10_min_child_weight": 2.136502585906077, "log10_subsample": -0.8875217761359885, "max_depth": 3.0, "num_boost_round": 47.0}, "datetime": {"datetime": "2024-01-19 02:04:01", "elapsed": 6739.101977, "delta": 0.005581}}
{"target": -17.676232263005364, "params": {"gamma": 614.4815471440724, "log10_alpha": -0.025830547707501594, "log10_colsample_bytree": -0.3967292330800224, "log10_eta": -3.1561203476375037, "log10_lambda": 0.7495242999456337, "log10_min_child_weight": 2.136502585906077, "log10_subsample": -0.8875217761359885, "max_depth": 3.0, "num_boost_round": 48.0}, "datetime": {"datetime": "2024-01-19 02:04:01", "elapsed": 6739.107748, "delta": 0.005771}}
{"target": -17.676212152797454, "params": {"gamma": 614.4815471440724, "log10_alpha": -0.025830547707501594, "log10_colsample_bytree": -0.3967292330800224, "log10_eta": -3.1561203476375037, "log10_lambda": 0.7495242999456337, "log10_min_child_weight": 2.136502585906077, "log10_subsample": -0.8875217761359885, "max_depth": 3.0, "num_boost_round": 49.0}, "datetime": {"datetime": "2024-01-19 02:04:01", "elapsed": 6739.113524, "delta": 0.005776}}
{"target": -17.676192293252527, "params": {"gamma": 614.4815471440724, "log10_alpha": -0.025830547707501594, "log10_colsample_bytree": -0.3967292330800224, "log10_eta": -3.1561203476375037, "log10_lambda": 0.7495242999456337, "log10_min_child_weight": 2.136502585906077, "log10_subsample": -0.8875217761359885, "max_depth": 3.0, "num_boost_round": 50.0}, "datetime": {"datetime": "2024-01-19 02:04:01", "elapsed": 6739.11925, "delta": 0.005726}}
{"target": -17.67616187466041, "params": {"gamma": 614.4815471440724, "log10_alpha": -0.025830547707501594, "log10_colsample_bytree": -0.3967292330800224, "log10_eta": -3.1561203476375037, "log10_lambda": 0.7495242999456337, "log10_min_child_weight": 2.136502585906077, "log10_subsample": -0.8875217761359885, "max_depth": 3.0, "num_boost_round": 51.0}, "datetime": {"datetime": "2024-01-19 02:04:01", "elapsed": 6739.125051, "delta": 0.005801}}
{"target": -17.676136573694215, "params": {"gamma": 614.4815471440724, "log10_alpha": -0.025830547707501594, "log10_colsample_bytree": -0.3967292330800224, "log10_eta": -3.1561203476375037, "log10_lambda": 0.7495242999456337, "log10_min_child_weight": 2.136502585906077, "log10_subsample": -0.8875217761359885, "max_depth": 3.0, "num_boost_round": 52.0}, "datetime": {"datetime": "2024-01-19 02:04:01", "elapsed": 6739.130913, "delta": 0.005862}}
{"target": -17.676112777950717, "params": {"gamma": 614.4815471440724, "log10_alpha": -0.025830547707501594, "log10_colsample_bytree": -0.3967292330800224, "log10_eta": -3.1561203476375037, "log10_lambda": 0.7495242999456337, "log10_min_child_weight": 2.136502585906077, "log10_subsample": -0.8875217761359885, "max_depth": 3.0, "num_boost_round": 53.0}, "datetime": {"datetime": "2024-01-19 02:04:01", "elapsed": 6739.136887, "delta": 0.005974}}
{"target": -17.676094437166018, "params": {"gamma": 614.4815471440724, "log10_alpha": -0.025830547707501594, "log10_colsample_bytree": -0.3967292330800224, "log10_eta": -3.1561203476375037, "log10_lambda": 0.7495242999456337, "log10_min_child_weight": 2.136502585906077, "log10_subsample": -0.8875217761359885, "max_depth": 3.0, "num_boost_round": 54.0}, "datetime": {"datetime": "2024-01-19 02:04:01", "elapsed": 6739.142492, "delta": 0.005605}}
{"target": -17.676071166736897, "params": {"gamma": 614.4815471440724, "log10_alpha": -0.025830547707501594, "log10_colsample_bytree": -0.3967292330800224, "log10_eta": -3.1561203476375037, "log10_lambda": 0.7495242999456337, "log10_min_child_weight": 2.136502585906077, "log10_subsample": -0.8875217761359885, "max_depth": 3.0, "num_boost_round": 55.0}, "datetime": {"datetime": "2024-01-19 02:04:01", "elapsed": 6739.148106, "delta": 0.005614}}
{"target": -17.677232823914427, "params": {"gamma": 597.0246116379898, "log10_alpha": -0.911846902524684, "log10_colsample_bytree": -0.9019096883891743, "log10_eta": -3.9975171151874798, "log10_lambda": -3.948979750628138, "log10_min_child_weight": 4.92851536805792, "log10_subsample": -0.8886843050089043, "max_depth": 7.0, "num_boost_round": 0.0}, "datetime": {"datetime": "2024-01-19 02:05:46", "elapsed": 6844.334652, "delta": 105.186546}}
{"target": -17.677231827105697, "params": {"gamma": 597.0246116379898, "log10_alpha": -0.911846902524684, "log10_colsample_bytree": -0.9019096883891743, "log10_eta": -3.9975171151874798, "log10_lambda": -3.948979750628138, "log10_min_child_weight": 4.92851536805792, "log10_subsample": -0.8886843050089043, "max_depth": 7.0, "num_boost_round": 1.0}, "datetime": {"datetime": "2024-01-19 02:05:46", "elapsed": 6844.341455, "delta": 0.006803}}
{"target": -17.677232079444966, "params": {"gamma": 597.0246116379898, "log10_alpha": -0.911846902524684, "log10_colsample_bytree": -0.9019096883891743, "log10_eta": -3.9975171151874798, "log10_lambda": -3.948979750628138, "log10_min_child_weight": 4.92851536805792, "log10_subsample": -0.8886843050089043, "max_depth": 7.0, "num_boost_round": 2.0}, "datetime": {"datetime": "2024-01-19 02:05:47", "elapsed": 6844.34735, "delta": 0.005895}}
{"target": -17.67723151221594, "params": {"gamma": 597.0246116379898, "log10_alpha": -0.911846902524684, "log10_colsample_bytree": -0.9019096883891743, "log10_eta": -3.9975171151874798, "log10_lambda": -3.948979750628138, "log10_min_child_weight": 4.92851536805792, "log10_subsample": -0.8886843050089043, "max_depth": 7.0, "num_boost_round": 3.0}, "datetime": {"datetime": "2024-01-19 02:05:47", "elapsed": 6844.352966, "delta": 0.005616}}
{"target": -17.67723099637598, "params": {"gamma": 597.0246116379898, "log10_alpha": -0.911846902524684, "log10_colsample_bytree": -0.9019096883891743, "log10_eta": -3.9975171151874798, "log10_lambda": -3.948979750628138, "log10_min_child_weight": 4.92851536805792, "log10_subsample": -0.8886843050089043, "max_depth": 7.0, "num_boost_round": 4.0}, "datetime": {"datetime": "2024-01-19 02:05:47", "elapsed": 6844.358587, "delta": 0.005621}}
{"target": -17.677231303714073, "params": {"gamma": 597.0246116379898, "log10_alpha": -0.911846902524684, "log10_colsample_bytree": -0.9019096883891743, "log10_eta": -3.9975171151874798, "log10_lambda": -3.948979750628138, "log10_min_child_weight": 4.92851536805792, "log10_subsample": -0.8886843050089043, "max_depth": 7.0, "num_boost_round": 5.0}, "datetime": {"datetime": "2024-01-19 02:05:47", "elapsed": 6844.364204, "delta": 0.005617}}
{"target": -17.677230744067856, "params": {"gamma": 597.0246116379898, "log10_alpha": -0.911846902524684, "log10_colsample_bytree": -0.9019096883891743, "log10_eta": -3.9975171151874798, "log10_lambda": -3.948979750628138, "log10_min_child_weight": 4.92851536805792, "log10_subsample": -0.8886843050089043, "max_depth": 7.0, "num_boost_round": 6.0}, "datetime": {"datetime": "2024-01-19 02:05:47", "elapsed": 6844.369857, "delta": 0.005653}}
{"target": -17.677230092628385, "params": {"gamma": 597.0246116379898, "log10_alpha": -0.911846902524684, "log10_colsample_bytree": -0.9019096883891743, "log10_eta": -3.9975171151874798, "log10_lambda": -3.948979750628138, "log10_min_child_weight": 4.92851536805792, "log10_subsample": -0.8886843050089043, "max_depth": 7.0, "num_boost_round": 7.0}, "datetime": {"datetime": "2024-01-19 02:05:47", "elapsed": 6844.375596, "delta": 0.005739}}
{"target": -17.677229634882544, "params": {"gamma": 597.0246116379898, "log10_alpha": -0.911846902524684, "log10_colsample_bytree": -0.9019096883891743, "log10_eta": -3.9975171151874798, "log10_lambda": -3.948979750628138, "log10_min_child_weight": 4.92851536805792, "log10_subsample": -0.8886843050089043, "max_depth": 7.0, "num_boost_round": 8.0}, "datetime": {"datetime": "2024-01-19 02:05:47", "elapsed": 6844.381406, "delta": 0.00581}}
{"target": -17.677229902877503, "params": {"gamma": 597.0246116379898, "log10_alpha": -0.911846902524684, "log10_colsample_bytree": -0.9019096883891743, "log10_eta": -3.9975171151874798, "log10_lambda": -3.948979750628138, "log10_min_child_weight": 4.92851536805792, "log10_subsample": -0.8886843050089043, "max_depth": 7.0, "num_boost_round": 9.0}, "datetime": {"datetime": "2024-01-19 02:05:47", "elapsed": 6844.387287, "delta": 0.005881}}
{"target": -17.67722993870334, "params": {"gamma": 597.0246116379898, "log10_alpha": -0.911846902524684, "log10_colsample_bytree": -0.9019096883891743, "log10_eta": -3.9975171151874798, "log10_lambda": -3.948979750628138, "log10_min_child_weight": 4.92851536805792, "log10_subsample": -0.8886843050089043, "max_depth": 7.0, "num_boost_round": 10.0}, "datetime": {"datetime": "2024-01-19 02:05:47", "elapsed": 6844.392848, "delta": 0.005561}}
{"target": -17.677228941092974, "params": {"gamma": 597.0246116379898, "log10_alpha": -0.911846902524684, "log10_colsample_bytree": -0.9019096883891743, "log10_eta": -3.9975171151874798, "log10_lambda": -3.948979750628138, "log10_min_child_weight": 4.92851536805792, "log10_subsample": -0.8886843050089043, "max_depth": 7.0, "num_boost_round": 11.0}, "datetime": {"datetime": "2024-01-19 02:05:47", "elapsed": 6844.398404, "delta": 0.005556}}
{"target": -17.677228295643502, "params": {"gamma": 597.0246116379898, "log10_alpha": -0.911846902524684, "log10_colsample_bytree": -0.9019096883891743, "log10_eta": -3.9975171151874798, "log10_lambda": -3.948979750628138, "log10_min_child_weight": 4.92851536805792, "log10_subsample": -0.8886843050089043, "max_depth": 7.0, "num_boost_round": 12.0}, "datetime": {"datetime": "2024-01-19 02:05:47", "elapsed": 6844.403942, "delta": 0.005538}}
{"target": -17.677228313585864, "params": {"gamma": 597.0246116379898, "log10_alpha": -0.911846902524684, "log10_colsample_bytree": -0.9019096883891743, "log10_eta": -3.9975171151874798, "log10_lambda": -3.948979750628138, "log10_min_child_weight": 4.92851536805792, "log10_subsample": -0.8886843050089043, "max_depth": 7.0, "num_boost_round": 13.0}, "datetime": {"datetime": "2024-01-19 02:05:47", "elapsed": 6844.40956, "delta": 0.005618}}
{"target": -17.677228328411132, "params": {"gamma": 597.0246116379898, "log10_alpha": -0.911846902524684, "log10_colsample_bytree": -0.9019096883891743, "log10_eta": -3.9975171151874798, "log10_lambda": -3.948979750628138, "log10_min_child_weight": 4.92851536805792, "log10_subsample": -0.8886843050089043, "max_depth": 7.0, "num_boost_round": 14.0}, "datetime": {"datetime": "2024-01-19 02:05:47", "elapsed": 6844.415123, "delta": 0.005563}}
{"target": -17.677227885799752, "params": {"gamma": 597.0246116379898, "log10_alpha": -0.911846902524684, "log10_colsample_bytree": -0.9019096883891743, "log10_eta": -3.9975171151874798, "log10_lambda": -3.948979750628138, "log10_min_child_weight": 4.92851536805792, "log10_subsample": -0.8886843050089043, "max_depth": 7.0, "num_boost_round": 15.0}, "datetime": {"datetime": "2024-01-19 02:05:47", "elapsed": 6844.421024, "delta": 0.005901}}
{"target": -17.67722764879942, "params": {"gamma": 597.0246116379898, "log10_alpha": -0.911846902524684, "log10_colsample_bytree": -0.9019096883891743, "log10_eta": -3.9975171151874798, "log10_lambda": -3.948979750628138, "log10_min_child_weight": 4.92851536805792, "log10_subsample": -0.8886843050089043, "max_depth": 7.0, "num_boost_round": 16.0}, "datetime": {"datetime": "2024-01-19 02:05:47", "elapsed": 6844.426755, "delta": 0.005731}}
{"target": -17.677227233444224, "params": {"gamma": 597.0246116379898, "log10_alpha": -0.911846902524684, "log10_colsample_bytree": -0.9019096883891743, "log10_eta": -3.9975171151874798, "log10_lambda": -3.948979750628138, "log10_min_child_weight": 4.92851536805792, "log10_subsample": -0.8886843050089043, "max_depth": 7.0, "num_boost_round": 17.0}, "datetime": {"datetime": "2024-01-19 02:05:47", "elapsed": 6844.542564, "delta": 0.115809}}
{"target": -17.677227166550253, "params": {"gamma": 597.0246116379898, "log10_alpha": -0.911846902524684, "log10_colsample_bytree": -0.9019096883891743, "log10_eta": -3.9975171151874798, "log10_lambda": -3.948979750628138, "log10_min_child_weight": 4.92851536805792, "log10_subsample": -0.8886843050089043, "max_depth": 7.0, "num_boost_round": 18.0}, "datetime": {"datetime": "2024-01-19 02:05:47", "elapsed": 6844.549119, "delta": 0.006555}}
{"target": -17.677226080703655, "params": {"gamma": 597.0246116379898, "log10_alpha": -0.911846902524684, "log10_colsample_bytree": -0.9019096883891743, "log10_eta": -3.9975171151874798, "log10_lambda": -3.948979750628138, "log10_min_child_weight": 4.92851536805792, "log10_subsample": -0.8886843050089043, "max_depth": 7.0, "num_boost_round": 19.0}, "datetime": {"datetime": "2024-01-19 02:05:47", "elapsed": 6844.555746, "delta": 0.006627}}
{"target": -17.677226320744765, "params": {"gamma": 597.0246116379898, "log10_alpha": -0.911846902524684, "log10_colsample_bytree": -0.9019096883891743, "log10_eta": -3.9975171151874798, "log10_lambda": -3.948979750628138, "log10_min_child_weight": 4.92851536805792, "log10_subsample": -0.8886843050089043, "max_depth": 7.0, "num_boost_round": 20.0}, "datetime": {"datetime": "2024-01-19 02:05:47", "elapsed": 6844.562099, "delta": 0.006353}}
{"target": -17.677068475390385, "params": {"gamma": 621.0488033180727, "log10_alpha": -0.5590879288813575, "log10_colsample_bytree": -0.4588164918925962, "log10_eta": -1.3107000744787958, "log10_lambda": -2.595877780773975, "log10_min_child_weight": 4.986545989826939, "log10_subsample": -0.773694599800766, "max_depth": 2.0, "num_boost_round": 0.0}, "datetime": {"datetime": "2024-01-19 02:07:20", "elapsed": 6937.899469, "delta": 93.33737}}
{"target": -17.677196574586596, "params": {"gamma": 621.0488033180727, "log10_alpha": -0.5590879288813575, "log10_colsample_bytree": -0.4588164918925962, "log10_eta": -1.3107000744787958, "log10_lambda": -2.595877780773975, "log10_min_child_weight": 4.986545989826939, "log10_subsample": -0.773694599800766, "max_depth": 2.0, "num_boost_round": 1.0}, "datetime": {"datetime": "2024-01-19 02:07:20", "elapsed": 6937.905263, "delta": 0.005794}}
{"target": -17.67733964873958, "params": {"gamma": 621.0488033180727, "log10_alpha": -0.5590879288813575, "log10_colsample_bytree": -0.4588164918925962, "log10_eta": -1.3107000744787958, "log10_lambda": -2.595877780773975, "log10_min_child_weight": 4.986545989826939, "log10_subsample": -0.773694599800766, "max_depth": 2.0, "num_boost_round": 2.0}, "datetime": {"datetime": "2024-01-19 02:07:20", "elapsed": 6937.911084, "delta": 0.005821}}
{"target": -17.677412139594317, "params": {"gamma": 621.0488033180727, "log10_alpha": -0.5590879288813575, "log10_colsample_bytree": -0.4588164918925962, "log10_eta": -1.3107000744787958, "log10_lambda": -2.595877780773975, "log10_min_child_weight": 4.986545989826939, "log10_subsample": -0.773694599800766, "max_depth": 2.0, "num_boost_round": 3.0}, "datetime": {"datetime": "2024-01-19 02:07:20", "elapsed": 6937.916792, "delta": 0.005708}}
{"target": -17.677590769453236, "params": {"gamma": 621.0488033180727, "log10_alpha": -0.5590879288813575, "log10_colsample_bytree": -0.4588164918925962, "log10_eta": -1.3107000744787958, "log10_lambda": -2.595877780773975, "log10_min_child_weight": 4.986545989826939, "log10_subsample": -0.773694599800766, "max_depth": 2.0, "num_boost_round": 4.0}, "datetime": {"datetime": "2024-01-19 02:07:20", "elapsed": 6937.922433, "delta": 0.005641}}
{"target": -17.67769662114733, "params": {"gamma": 621.0488033180727, "log10_alpha": -0.5590879288813575, "log10_colsample_bytree": -0.4588164918925962, "log10_eta": -1.3107000744787958, "log10_lambda": -2.595877780773975, "log10_min_child_weight": 4.986545989826939, "log10_subsample": -0.773694599800766, "max_depth": 2.0, "num_boost_round": 5.0}, "datetime": {"datetime": "2024-01-19 02:07:20", "elapsed": 6937.928077, "delta": 0.005644}}
{"target": -17.677812444665744, "params": {"gamma": 621.0488033180727, "log10_alpha": -0.5590879288813575, "log10_colsample_bytree": -0.4588164918925962, "log10_eta": -1.3107000744787958, "log10_lambda": -2.595877780773975, "log10_min_child_weight": 4.986545989826939, "log10_subsample": -0.773694599800766, "max_depth": 2.0, "num_boost_round": 6.0}, "datetime": {"datetime": "2024-01-19 02:07:20", "elapsed": 6937.933999, "delta": 0.005922}}
