{"target": -17.676241532902342, "params": {"gamma": 436.6376631085948, "log10_alpha": -3.907501496159946, "log10_colsample_bytree": -0.08723584890528935, "log10_eta": -2.9372206323723042, "log10_lambda": -3.306203024212912, "log10_min_child_weight": 1.1614522793184316, "log10_subsample": -0.056419873084234906, "max_depth": 9.0, "num_boost_round": 32.0}, "datetime": {"datetime": "2024-01-19 00:12:50", "elapsed": 63.547052, "delta": 0.000285}}
{"target": -17.676203290161475, "params": {"gamma": 436.6376631085948, "log10_alpha": -3.907501496159946, "log10_colsample_bytree": -0.08723584890528935, "log10_eta": -2.9372206323723042, "log10_lambda": -3.306203024212912, "log10_min_child_weight": 1.1614522793184316, "log10_subsample": -0.056419873084234906, "max_depth": 9.0, "num_boost_round": 33.0}, "datetime": {"datetime": "2024-01-19 00:12:50", "elapsed": 63.547341, "delta": 0.000289}}
{"target": -17.67620084626437, "params": {"gamma": 436.6376631085948, "log10_alpha": -3.907501496159946, "log10_colsample_bytree": -0.08723584890528935, "log10_eta": -2.9372206323723042, "log10_lambda": -3.306203024212912, "log10_min_child_weight": 1.1614522793184316, "log10_subsample": -0.056419873084234906, "max_depth": 9.0, "num_boost_round": 34.0}, "datetime": {"datetime": "2024-01-19 00:12:50", "elapsed": 63.547625, "delta": 0.000284}}
{"target": -17.67613954201126, "params": {"gamma": 436.6376631085948, "log10_alpha": -3.907501496159946, "log10_colsample_bytree": -0.08723584890528935, "log10_eta": -2.9372206323723042, "log10_lambda": -3.306203024212912, "log10_min_child_weight": 1.1614522793184316, "log10_subsample": -0.056419873084234906, "max_depth": 9.0, "num_boost_round": 35.0}, "datetime": {"datetime": "2024-01-19 00:12:50", "elapsed": 63.547916, "delta": 0.000291}}
{"target": -17.676096573532195, "params": {"gamma": 436.6376631085948, "log10_alpha": -3.907501496159946, "log10_colsample_bytree": -0.08723584890528935, "log10_eta": -2.9372206323723042, "log10_lambda": -3.306203024212912, "log10_min_child_weight": 1.1614522793184316, "log10_subsample": -0.056419873084234906, "max_depth": 9.0, "num_boost_round": 36.0}, "datetime": {"datetime": "2024-01-19 00:12:50", "elapsed": 63.548208, "delta": 0.000292}}
{"target": -17.6760260130723, "params": {"gamma": 436.6376631085948, "log10_alpha": -3.907501496159946, "log10_colsample_bytree": -0.08723584890528935, "log10_eta": -2.9372206323723042, "log10_lambda": -3.306203024212912, "log10_min_child_weight": 1.1614522793184316, "log10_subsample": -0.056419873084234906, "max_depth": 9.0, "num_boost_round": 37.0}, "datetime": {"datetime": "2024-01-19 00:12:50", "elapsed": 63.548502, "delta": 0.000294}}
{"target": -17.67610143712256, "params": {"gamma": 436.6376631085948, "log10_alpha": -3.907501496159946, "log10_colsample_bytree": -0.08723584890528935, "log10_eta": -2.9372206323723042, "log10_lambda": -3.306203024212912, "log10_min_child_weight": 1.1614522793184316, "log10_subsample": -0.056419873084234906, "max_depth": 9.0, "num_boost_round": 38.0}, "datetime": {"datetime": "2024-01-19 00:12:50", "elapsed": 63.549387, "delta": 0.000885}}
{"target": -17.676076018804302, "params": {"gamma": 436.6376631085948, "log10_alpha": -3.907501496159946, "log10_colsample_bytree": -0.08723584890528935, "log10_eta": -2.9372206323723042, "log10_lambda": -3.306203024212912, "log10_min_child_weight": 1.1614522793184316, "log10_subsample": -0.056419873084234906, "max_depth": 9.0, "num_boost_round": 39.0}, "datetime": {"datetime": "2024-01-19 00:12:50", "elapsed": 63.549813, "delta": 0.000426}}
{"target": -17.67610536076473, "params": {"gamma": 436.6376631085948, "log10_alpha": -3.907501496159946, "log10_colsample_bytree": -0.08723584890528935, "log10_eta": -2.9372206323723042, "log10_lambda": -3.306203024212912, "log10_min_child_weight": 1.1614522793184316, "log10_subsample": -0.056419873084234906, "max_depth": 9.0, "num_boost_round": 40.0}, "datetime": {"datetime": "2024-01-19 00:12:50", "elapsed": 63.550942, "delta": 0.001129}}
{"target": -17.676138265683445, "params": {"gamma": 436.6376631085948, "log10_alpha": -3.907501496159946, "log10_colsample_bytree": -0.08723584890528935, "log10_eta": -2.9372206323723042, "log10_lambda": -3.306203024212912, "log10_min_child_weight": 1.1614522793184316, "log10_subsample": -0.056419873084234906, "max_depth": 9.0, "num_boost_round": 41.0}, "datetime": {"datetime": "2024-01-19 00:12:50", "elapsed": 63.551322, "delta": 0.00038}}
{"target": -17.67604778715209, "params": {"gamma": 436.6376631085948, "log10_alpha": -3.907501496159946, "log10_colsample_bytree": -0.08723584890528935, "log10_eta": -2.9372206323723042, "log10_lambda": -3.306203024212912, "log10_min_child_weight": 1.1614522793184316, "log10_subsample": -0.056419873084234906, "max_depth": 9.0, "num_boost_round": 42.0}, "datetime": {"datetime": "2024-01-19 00:12:50", "elapsed": 63.551728, "delta": 0.000406}}
{"target": -17.675947909744856, "params": {"gamma": 436.6376631085948, "log10_alpha": -3.907501496159946, "log10_colsample_bytree": -0.08723584890528935, "log10_eta": -2.9372206323723042, "log10_lambda": -3.306203024212912, "log10_min_child_weight": 1.1614522793184316, "log10_subsample": -0.056419873084234906, "max_depth": 9.0, "num_boost_round": 43.0}, "datetime": {"datetime": "2024-01-19 00:12:50", "elapsed": 63.552147, "delta": 0.000419}}
{"target": -17.67593027737505, "params": {"gamma": 436.6376631085948, "log10_alpha": -3.907501496159946, "log10_colsample_bytree": -0.08723584890528935, "log10_eta": -2.9372206323723042, "log10_lambda": -3.306203024212912, "log10_min_child_weight": 1.1614522793184316, "log10_subsample": -0.056419873084234906, "max_depth": 9.0, "num_boost_round": 44.0}, "datetime": {"datetime": "2024-01-19 00:12:50", "elapsed": 63.552459, "delta": 0.000312}}
{"target": -17.67594314944192, "params": {"gamma": 436.6376631085948, "log10_alpha": -3.907501496159946, "log10_colsample_bytree": -0.08723584890528935, "log10_eta": -2.9372206323723042, "log10_lambda": -3.306203024212912, "log10_min_child_weight": 1.1614522793184316, "log10_subsample": -0.056419873084234906, "max_depth": 9.0, "num_boost_round": 45.0}, "datetime": {"datetime": "2024-01-19 00:12:50", "elapsed": 63.552764, "delta": 0.000305}}
{"target": -17.675905338487752, "params": {"gamma": 436.6376631085948, "log10_alpha": -3.907501496159946, "log10_colsample_bytree": -0.08723584890528935, "log10_eta": -2.9372206323723042, "log10_lambda": -3.306203024212912, "log10_min_child_weight": 1.1614522793184316, "log10_subsample": -0.056419873084234906, "max_depth": 9.0, "num_boost_round": 46.0}, "datetime": {"datetime": "2024-01-19 00:12:50", "elapsed": 63.553068, "delta": 0.000304}}
{"target": -17.6759420604579, "params": {"gamma": 436.6376631085948, "log10_alpha": -3.907501496159946, "log10_colsample_bytree": -0.08723584890528935, "log10_eta": -2.9372206323723042, "log10_lambda": -3.306203024212912, "log10_min_child_weight": 1.1614522793184316, "log10_subsample": -0.056419873084234906, "max_depth": 9.0, "num_boost_round": 47.0}, "datetime": {"datetime": "2024-01-19 00:12:50", "elapsed": 63.553441, "delta": 0.000373}}
{"target": -17.675965405246796, "params": {"gamma": 436.6376631085948, "log10_alpha": -3.907501496159946, "log10_colsample_bytree": -0.08723584890528935, "log10_eta": -2.9372206323723042, "log10_lambda": -3.306203024212912, "log10_min_child_weight": 1.1614522793184316, "log10_subsample": -0.056419873084234906, "max_depth": 9.0, "num_boost_round": 48.0}, "datetime": {"datetime": "2024-01-19 00:12:50", "elapsed": 63.553795, "delta": 0.000354}}
{"target": -17.676049012736136, "params": {"gamma": 436.6376631085948, "log10_alpha": -3.907501496159946, "log10_colsample_bytree": -0.08723584890528935, "log10_eta": -2.9372206323723042, "log10_lambda": -3.306203024212912, "log10_min_child_weight": 1.1614522793184316, "log10_subsample": -0.056419873084234906, "max_depth": 9.0, "num_boost_round": 49.0}, "datetime": {"datetime": "2024-01-19 00:12:50", "elapsed": 63.554145, "delta": 0.00035}}
{"target": -17.67607234638653, "params": {"gamma": 436.6376631085948, "log10_alpha": -3.907501496159946, "log10_colsample_bytree": -0.08723584890528935, "log10_eta": -2.9372206323723042, "log10_lambda": -3.306203024212912, "log10_min_child_weight": 1.1614522793184316, "log10_subsample": -0.056419873084234906, "max_depth": 9.0, "num_boost_round": 50.0}, "datetime": {"datetime": "2024-01-19 00:12:50", "elapsed": 63.5545, "delta": 0.000355}}
{"target": -17.676093743348964, "params": {"gamma": 436.6376631085948, "log10_alpha": -3.907501496159946, "log10_colsample_bytree": -0.08723584890528935, "log10_eta": -2.9372206323723042, "log10_lambda": -3.306203024212912, "log10_min_child_weight": 1.1614522793184316, "log10_subsample": -0.056419873084234906, "max_depth": 9.0, "num_boost_round": 51.0}, "datetime": {"datetime": "2024-01-19 00:12:50", "elapsed": 63.55484, "delta": 0.00034}}
{"target": -17.676088726594177, "params": {"gamma": 436.6376631085948, "log10_alpha": -3.907501496159946, "log10_colsample_bytree": -0.08723584890528935, "log10_eta": -2.9372206323723042, "log10_lambda": -3.306203024212912, "log10_min_child_weight": 1.1614522793184316, "log10_subsample": -0.056419873084234906, "max_depth": 9.0, "num_boost_round": 52.0}, "datetime": {"datetime": "2024-01-19 00:12:50", "elapsed": 63.555194, "delta": 0.000354}}
{"target": -17.676173476715025, "params": {"gamma": 436.6376631085948, "log10_alpha": -3.907501496159946, "log10_colsample_bytree": -0.08723584890528935, "log10_eta": -2.9372206323723042, "log10_lambda": -3.306203024212912, "log10_min_child_weight": 1.1614522793184316, "log10_subsample": -0.056419873084234906, "max_depth": 9.0, "num_boost_round": 53.0}, "datetime": {"datetime": "2024-01-19 00:12:50", "elapsed": 63.555551, "delta": 0.000357}}
{"target": -17.67613002681501, "params": {"gamma": 436.6376631085948, "log10_alpha": -3.907501496159946, "log10_colsample_bytree": -0.08723584890528935, "log10_eta": -2.9372206323723042, "log10_lambda": -3.306203024212912, "log10_min_child_weight": 1.1614522793184316, "log10_subsample": -0.056419873084234906, "max_depth": 9.0, "num_boost_round": 54.0}, "datetime": {"datetime": "2024-01-19 00:12:50", "elapsed": 63.555897, "delta": 0.000346}}
{"target": -17.676198394025572, "params": {"gamma": 436.6376631085948, "log10_alpha": -3.907501496159946, "log10_colsample_bytree": -0.08723584890528935, "log10_eta": -2.9372206323723042, "log10_lambda": -3.306203024212912, "log10_min_child_weight": 1.1614522793184316, "log10_subsample": -0.056419873084234906, "max_depth": 9.0, "num_boost_round": 55.0}, "datetime": {"datetime": "2024-01-19 00:12:50", "elapsed": 63.556279, "delta": 0.000382}}
{"target": -17.676131260651264, "params": {"gamma": 436.6376631085948, "log10_alpha": -3.907501496159946, "log10_colsample_bytree": -0.08723584890528935, "log10_eta": -2.9372206323723042, "log10_lambda": -3.306203024212912, "log10_min_child_weight": 1.1614522793184316, "log10_subsample": -0.056419873084234906, "max_depth": 9.0, "num_boost_round": 56.0}, "datetime": {"datetime": "2024-01-19 00:12:50", "elapsed": 63.556632, "delta": 0.000353}}
{"target": -17.676161818065832, "params": {"gamma": 436.6376631085948, "log10_alpha": -3.907501496159946, "log10_colsample_bytree": -0.08723584890528935, "log10_eta": -2.9372206323723042, "log10_lambda": -3.306203024212912, "log10_min_child_weight": 1.1614522793184316, "log10_subsample": -0.056419873084234906, "max_depth": 9.0, "num_boost_round": 57.0}, "datetime": {"datetime": "2024-01-19 00:12:50", "elapsed": 63.556991, "delta": 0.000359}}
{"target": -17.6760760106671, "params": {"gamma": 436.6376631085948, "log10_alpha": -3.907501496159946, "log10_colsample_bytree": -0.08723584890528935, "log10_eta": -2.9372206323723042, "log10_lambda": -3.306203024212912, "log10_min_child_weight": 1.1614522793184316, "log10_subsample": -0.056419873084234906, "max_depth": 9.0, "num_boost_round": 58.0}, "datetime": {"datetime": "2024-01-19 00:12:50", "elapsed": 63.557356, "delta": 0.000365}}
{"target": -17.676051144538835, "params": {"gamma": 436.6376631085948, "log10_alpha": -3.907501496159946, "log10_colsample_bytree": -0.08723584890528935, "log10_eta": -2.9372206323723042, "log10_lambda": -3.306203024212912, "log10_min_child_weight": 1.1614522793184316, "log10_subsample": -0.056419873084234906, "max_depth": 9.0, "num_boost_round": 59.0}, "datetime": {"datetime": "2024-01-19 00:12:50", "elapsed": 63.557712, "delta": 0.000356}}
{"target": -17.676014040668573, "params": {"gamma": 436.6376631085948, "log10_alpha": -3.907501496159946, "log10_colsample_bytree": -0.08723584890528935, "log10_eta": -2.9372206323723042, "log10_lambda": -3.306203024212912, "log10_min_child_weight": 1.1614522793184316, "log10_subsample": -0.056419873084234906, "max_depth": 9.0, "num_boost_round": 60.0}, "datetime": {"datetime": "2024-01-19 00:12:50", "elapsed": 63.558073, "delta": 0.000361}}
{"target": -17.676022028549497, "params": {"gamma": 436.6376631085948, "log10_alpha": -3.907501496159946, "log10_colsample_bytree": -0.08723584890528935, "log10_eta": -2.9372206323723042, "log10_lambda": -3.306203024212912, "log10_min_child_weight": 1.1614522793184316, "log10_subsample": -0.056419873084234906, "max_depth": 9.0, "num_boost_round": 61.0}, "datetime": {"datetime": "2024-01-19 00:12:50", "elapsed": 63.558462, "delta": 0.000389}}
{"target": -17.676057982518316, "params": {"gamma": 436.6376631085948, "log10_alpha": -3.907501496159946, "log10_colsample_bytree": -0.08723584890528935, "log10_eta": -2.9372206323723042, "log10_lambda": -3.306203024212912, "log10_min_child_weight": 1.1614522793184316, "log10_subsample": -0.056419873084234906, "max_depth": 9.0, "num_boost_round": 62.0}, "datetime": {"datetime": "2024-01-19 00:12:50", "elapsed": 63.558825, "delta": 0.000363}}
{"target": -17.67694294837016, "params": {"gamma": 432.4136695688262, "log10_alpha": -3.784166724193208, "log10_colsample_bytree": -0.6991789174999772, "log10_eta": -2.427089714231618, "log10_lambda": 0.16995284681806844, "log10_min_child_weight": 2.550666905158571, "log10_subsample": -0.7813693155210896, "max_depth": 5.0, "num_boost_round": 0.0}, "datetime": {"datetime": "2024-01-19 00:13:25", "elapsed": 98.273267, "delta": 34.714442}}
{"target": -17.676772770641556, "params": {"gamma": 432.4136695688262, "log10_alpha": -3.784166724193208, "log10_colsample_bytree": -0.6991789174999772, "log10_eta": -2.427089714231618, "log10_lambda": 0.16995284681806844, "log10_min_child_weight": 2.550666905158571, "log10_subsample": -0.7813693155210896, "max_depth": 5.0, "num_boost_round": 1.0}, "datetime": {"datetime": "2024-01-19 00:13:25", "elapsed": 98.274141, "delta": 0.000874}}
{"target": -17.67660588949398, "params": {"gamma": 432.4136695688262, "log10_alpha": -3.784166724193208, "log10_colsample_bytree": -0.6991789174999772, "log10_eta": -2.427089714231618, "log10_lambda": 0.16995284681806844, "log10_min_child_weight": 2.550666905158571, "log10_subsample": -0.7813693155210896, "max_depth": 5.0, "num_boost_round": 2.0}, "datetime": {"datetime": "2024-01-19 00:13:25", "elapsed": 98.274627, "delta": 0.000486}}
{"target": -17.676589538604404, "params": {"gamma": 432.4136695688262, "log10_alpha": -3.784166724193208, "log10_colsample_bytree": -0.6991789174999772, "log10_eta": -2.427089714231618, "log10_lambda": 0.16995284681806844, "log10_min_child_weight": 2.550666905158571, "log10_subsample": -0.7813693155210896, "max_depth": 5.0, "num_boost_round": 3.0}, "datetime": {"datetime": "2024-01-19 00:13:25", "elapsed": 98.274979, "delta": 0.000352}}
{"target": -17.67641839655801, "params": {"gamma": 432.4136695688262, "log10_alpha": -3.784166724193208, "log10_colsample_bytree": -0.6991789174999772, "log10_eta": -2.427089714231618, "log10_lambda": 0.16995284681806844, "log10_min_child_weight": 2.550666905158571, "log10_subsample": -0.7813693155210896, "max_depth": 5.0, "num_boost_round": 4.0}, "datetime": {"datetime": "2024-01-19 00:13:25", "elapsed": 98.275333, "delta": 0.000354}}
{"target": -17.676310647230856, "params": {"gamma": 432.4136695688262, "log10_alpha": -3.784166724193208, "log10_colsample_bytree": -0.6991789174999772, "log10_eta": -2.427089714231618, "log10_lambda": 0.16995284681806844, "log10_min_child_weight": 2.550666905158571, "log10_subsample": -0.7813693155210896, "max_depth": 5.0, "num_boost_round": 5.0}, "datetime": {"datetime": "2024-01-19 00:13:25", "elapsed": 98.275673, "delta": 0.00034}}
{"target": -17.67618439313735, "params": {"gamma": 432.4136695688262, "log10_alpha": -3.784166724193208, "log10_colsample_bytree": -0.6991789174999772, "log10_eta": -2.427089714231618, "log10_lambda": 0.16995284681806844, "log10_min_child_weight": 2.550666905158571, "log10_subsample": -0.7813693155210896, "max_depth": 5.0, "num_boost_round": 6.0}, "datetime": {"datetime": "2024-01-19 00:13:25", "elapsed": 98.276016, "delta": 0.000343}}
{"target": -17.676002053051672, "params": {"gamma": 432.4136695688262, "log10_alpha": -3.784166724193208, "log10_colsample_bytree": -0.6991789174999772, "log10_eta": -2.427089714231618, "log10_lambda": 0.16995284681806844, "log10_min_child_weight": 2.550666905158571, "log10_subsample": -0.7813693155210896, "max_depth": 5.0, "num_boost_round": 7.0}, "datetime": {"datetime": "2024-01-19 00:13:25", "elapsed": 98.276372, "delta": 0.000356}}
{"target": -17.67603215683299, "params": {"gamma": 432.4136695688262, "log10_alpha": -3.784166724193208, "log10_colsample_bytree": -0.6991789174999772, "log10_eta": -2.427089714231618, "log10_lambda": 0.16995284681806844, "log10_min_child_weight": 2.550666905158571, "log10_subsample": -0.7813693155210896, "max_depth": 5.0, "num_boost_round": 8.0}, "datetime": {"datetime": "2024-01-19 00:13:25", "elapsed": 98.276878, "delta": 0.000506}}
{"target": -17.675931454887042, "params": {"gamma": 432.4136695688262, "log10_alpha": -3.784166724193208, "log10_colsample_bytree": -0.6991789174999772, "log10_eta": -2.427089714231618, "log10_lambda": 0.16995284681806844, "log10_min_child_weight": 2.550666905158571, "log10_subsample": -0.7813693155210896, "max_depth": 5.0, "num_boost_round": 9.0}, "datetime": {"datetime": "2024-01-19 00:13:25", "elapsed": 98.277238, "delta": 0.00036}}
{"target": -17.675727367827463, "params": {"gamma": 432.4136695688262, "log10_alpha": -3.784166724193208, "log10_colsample_bytree": -0.6991789174999772, "log10_eta": -2.427089714231618, "log10_lambda": 0.16995284681806844, "log10_min_child_weight": 2.550666905158571, "log10_subsample": -0.7813693155210896, "max_depth": 5.0, "num_boost_round": 10.0}, "datetime": {"datetime": "2024-01-19 00:13:25", "elapsed": 98.277588, "delta": 0.00035}}
{"target": -17.675650635849827, "params": {"gamma": 432.4136695688262, "log10_alpha": -3.784166724193208, "log10_colsample_bytree": -0.6991789174999772, "log10_eta": -2.427089714231618, "log10_lambda": 0.16995284681806844, "log10_min_child_weight": 2.550666905158571, "log10_subsample": -0.7813693155210896, "max_depth": 5.0, "num_boost_round": 11.0}, "datetime": {"datetime": "2024-01-19 00:13:25", "elapsed": 98.277942, "delta": 0.000354}}
{"target": -17.675567404676695, "params": {"gamma": 432.4136695688262, "log10_alpha": -3.784166724193208, "log10_colsample_bytree": -0.6991789174999772, "log10_eta": -2.427089714231618, "log10_lambda": 0.16995284681806844, "log10_min_child_weight": 2.550666905158571, "log10_subsample": -0.7813693155210896, "max_depth": 5.0, "num_boost_round": 12.0}, "datetime": {"datetime": "2024-01-19 00:13:25", "elapsed": 98.278297, "delta": 0.000355}}
{"target": -17.675498534189764, "params": {"gamma": 432.4136695688262, "log10_alpha": -3.784166724193208, "log10_colsample_bytree": -0.6991789174999772, "log10_eta": -2.427089714231618, "log10_lambda": 0.16995284681806844, "log10_min_child_weight": 2.550666905158571, "log10_subsample": -0.7813693155210896, "max_depth": 5.0, "num_boost_round": 13.0}, "datetime": {"datetime": "2024-01-19 00:13:25", "elapsed": 98.27865, "delta": 0.000353}}
{"target": -17.675483164469743, "params": {"gamma": 432.4136695688262, "log10_alpha": -3.784166724193208, "log10_colsample_bytree": -0.6991789174999772, "log10_eta": -2.427089714231618, "log10_lambda": 0.16995284681806844, "log10_min_child_weight": 2.550666905158571, "log10_subsample": -0.7813693155210896, "max_depth": 5.0, "num_boost_round": 14.0}, "datetime": {"datetime": "2024-01-19 00:13:25", "elapsed": 98.279011, "delta": 0.000361}}
{"target": -17.67542674231652, "params": {"gamma": 432.4136695688262, "log10_alpha": -3.784166724193208, "log10_colsample_bytree": -0.6991789174999772, "log10_eta": -2.427089714231618, "log10_lambda": 0.16995284681806844, "log10_min_child_weight": 2.550666905158571, "log10_subsample": -0.7813693155210896, "max_depth": 5.0, "num_boost_round": 15.0}, "datetime": {"datetime": "2024-01-19 00:13:25", "elapsed": 98.279374, "delta": 0.000363}}
{"target": -17.67550393639744, "params": {"gamma": 432.4136695688262, "log10_alpha": -3.784166724193208, "log10_colsample_bytree": -0.6991789174999772, "log10_eta": -2.427089714231618, "log10_lambda": 0.16995284681806844, "log10_min_child_weight": 2.550666905158571, "log10_subsample": -0.7813693155210896, "max_depth": 5.0, "num_boost_round": 16.0}, "datetime": {"datetime": "2024-01-19 00:13:25", "elapsed": 98.279741, "delta": 0.000367}}
{"target": -17.675416919371926, "params": {"gamma": 432.4136695688262, "log10_alpha": -3.784166724193208, "log10_colsample_bytree": -0.6991789174999772, "log10_eta": -2.427089714231618, "log10_lambda": 0.16995284681806844, "log10_min_child_weight": 2.550666905158571, "log10_subsample": -0.7813693155210896, "max_depth": 5.0, "num_boost_round": 17.0}, "datetime": {"datetime": "2024-01-19 00:13:25", "elapsed": 98.2801, "delta": 0.000359}}
