{"target": -17.67656078396079, "params": {"gamma": 969.2226424266353, "log10_alpha": -1.8555042700343827, "log10_colsample_bytree": -0.0277667283828269, "log10_eta": -2.3945623160163816, "log10_lambda": -2.5899316034929156, "log10_min_child_weight": 3.4924026671640247, "log10_subsample": -0.23592526482895126, "max_depth": 2.0, "num_boost_round": 7.0}, "datetime": {"datetime": "2024-01-19 00:18:24", "elapsed": 398.035458, "delta": 0.000643}}
{"target": -17.676492825656823, "params": {"gamma": 969.2226424266353, "log10_alpha": -1.8555042700343827, "log10_colsample_bytree": -0.0277667283828269, "log10_eta": -2.3945623160163816, "log10_lambda": -2.5899316034929156, "log10_min_child_weight": 3.4924026671640247, "log10_subsample": -0.23592526482895126, "max_depth": 2.0, "num_boost_round": 8.0}, "datetime": {"datetime": "2024-01-19 00:18:24", "elapsed": 398.036096, "delta": 0.000638}}
{"target": -17.676429485552465, "params": {"gamma": 969.2226424266353, "log10_alpha": -1.8555042700343827, "log10_colsample_bytree": -0.0277667283828269, "log10_eta": -2.3945623160163816, "log10_lambda": -2.5899316034929156, "log10_min_child_weight": 3.4924026671640247, "log10_subsample": -0.23592526482895126, "max_depth": 2.0, "num_boost_round": 9.0}, "datetime": {"datetime": "2024-01-19 00:18:24", "elapsed": 398.036737, "delta": 0.000641}}
{"target": -17.676368152283054, "params": {"gamma": 969.2226424266353, "log10_alpha": -1.8555042700343827, "log10_colsample_bytree": -0.0277667283828269, "log10_eta": -2.3945623160163816, "log10_lambda": -2.5899316034929156, "log10_min_child_weight": 3.4924026671640247, "log10_subsample": -0.23592526482895126, "max_depth": 2.0, "num_boost_round": 10.0}, "datetime": {"datetime": "2024-01-19 00:18:24", "elapsed": 398.037374, "delta": 0.000637}}
{"target": -17.67630667838576, "params": {"gamma": 969.2226424266353, "log10_alpha": -1.8555042700343827, "log10_colsample_bytree": -0.0277667283828269, "log10_eta": -2.3945623160163816, "log10_lambda": -2.5899316034929156, "log10_min_child_weight": 3.4924026671640247, "log10_subsample": -0.23592526482895126, "max_depth": 2.0, "num_boost_round": 11.0}, "datetime": {"datetime": "2024-01-19 00:18:24", "elapsed": 398.038015, "delta": 0.000641}}
{"target": -17.67625001812714, "params": {"gamma": 969.2226424266353, "log10_alpha": -1.8555042700343827, "log10_colsample_bytree": -0.0277667283828269, "log10_eta": -2.3945623160163816, "log10_lambda": -2.5899316034929156, "log10_min_child_weight": 3.4924026671640247, "log10_subsample": -0.23592526482895126, "max_depth": 2.0, "num_boost_round": 12.0}, "datetime": {"datetime": "2024-01-19 00:18:24", "elapsed": 398.038656, "delta": 0.000641}}
{"target": -17.677222589445783, "params": {"gamma": 973.7413319339424, "log10_alpha": -2.960130513728317, "log10_colsample_bytree": -0.7857660785831003, "log10_eta": -3.2851863492689533, "log10_lambda": -0.421599341657501, "log10_min_child_weight": 1.82159637962283, "log10_subsample": -0.5791582399641025, "max_depth": 5.0, "num_boost_round": 0.0}, "datetime": {"datetime": "2024-01-19 00:18:43", "elapsed": 417.694268, "delta": 19.655612}}
{"target": -17.677181342015807, "params": {"gamma": 973.7413319339424, "log10_alpha": -2.960130513728317, "log10_colsample_bytree": -0.7857660785831003, "log10_eta": -3.2851863492689533, "log10_lambda": -0.421599341657501, "log10_min_child_weight": 1.82159637962283, "log10_subsample": -0.5791582399641025, "max_depth": 5.0, "num_boost_round": 1.0}, "datetime": {"datetime": "2024-01-19 00:18:43", "elapsed": 417.695071, "delta": 0.000803}}
{"target": -17.67715014797448, "params": {"gamma": 973.7413319339424, "log10_alpha": -2.960130513728317, "log10_colsample_bytree": -0.7857660785831003, "log10_eta": -3.2851863492689533, "log10_lambda": -0.421599341657501, "log10_min_child_weight": 1.82159637962283, "log10_subsample": -0.5791582399641025, "max_depth": 5.0, "num_boost_round": 2.0}, "datetime": {"datetime": "2024-01-19 00:18:43", "elapsed": 417.695902, "delta": 0.000831}}
{"target": -17.677139403454227, "params": {"gamma": 973.7413319339424, "log10_alpha": -2.960130513728317, "log10_colsample_bytree": -0.7857660785831003, "log10_eta": -3.2851863492689533, "log10_lambda": -0.421599341657501, "log10_min_child_weight": 1.82159637962283, "log10_subsample": -0.5791582399641025, "max_depth": 5.0, "num_boost_round": 3.0}, "datetime": {"datetime": "2024-01-19 00:18:43", "elapsed": 417.697002, "delta": 0.0011}}
{"target": -17.677121940782214, "params": {"gamma": 973.7413319339424, "log10_alpha": -2.960130513728317, "log10_colsample_bytree": -0.7857660785831003, "log10_eta": -3.2851863492689533, "log10_lambda": -0.421599341657501, "log10_min_child_weight": 1.82159637962283, "log10_subsample": -0.5791582399641025, "max_depth": 5.0, "num_boost_round": 4.0}, "datetime": {"datetime": "2024-01-19 00:18:43", "elapsed": 417.697843, "delta": 0.000841}}
{"target": -17.677118210021657, "params": {"gamma": 973.7413319339424, "log10_alpha": -2.960130513728317, "log10_colsample_bytree": -0.7857660785831003, "log10_eta": -3.2851863492689533, "log10_lambda": -0.421599341657501, "log10_min_child_weight": 1.82159637962283, "log10_subsample": -0.5791582399641025, "max_depth": 5.0, "num_boost_round": 5.0}, "datetime": {"datetime": "2024-01-19 00:18:43", "elapsed": 417.698439, "delta": 0.000596}}
{"target": -17.6771118888954, "params": {"gamma": 973.7413319339424, "log10_alpha": -2.960130513728317, "log10_colsample_bytree": -0.7857660785831003, "log10_eta": -3.2851863492689533, "log10_lambda": -0.421599341657501, "log10_min_child_weight": 1.82159637962283, "log10_subsample": -0.5791582399641025, "max_depth": 5.0, "num_boost_round": 6.0}, "datetime": {"datetime": "2024-01-19 00:18:43", "elapsed": 417.699084, "delta": 0.000645}}
{"target": -17.677087979137465, "params": {"gamma": 973.7413319339424, "log10_alpha": -2.960130513728317, "log10_colsample_bytree": -0.7857660785831003, "log10_eta": -3.2851863492689533, "log10_lambda": -0.421599341657501, "log10_min_child_weight": 1.82159637962283, "log10_subsample": -0.5791582399641025, "max_depth": 5.0, "num_boost_round": 7.0}, "datetime": {"datetime": "2024-01-19 00:18:43", "elapsed": 417.699736, "delta": 0.000652}}
{"target": -17.677081514519, "params": {"gamma": 973.7413319339424, "log10_alpha": -2.960130513728317, "log10_colsample_bytree": -0.7857660785831003, "log10_eta": -3.2851863492689533, "log10_lambda": -0.421599341657501, "log10_min_child_weight": 1.82159637962283, "log10_subsample": -0.5791582399641025, "max_depth": 5.0, "num_boost_round": 8.0}, "datetime": {"datetime": "2024-01-19 00:18:43", "elapsed": 417.700495, "delta": 0.000759}}
{"target": -17.677078832071334, "params": {"gamma": 973.7413319339424, "log10_alpha": -2.960130513728317, "log10_colsample_bytree": -0.7857660785831003, "log10_eta": -3.2851863492689533, "log10_lambda": -0.421599341657501, "log10_min_child_weight": 1.82159637962283, "log10_subsample": -0.5791582399641025, "max_depth": 5.0, "num_boost_round": 9.0}, "datetime": {"datetime": "2024-01-19 00:18:43", "elapsed": 417.701142, "delta": 0.000647}}
{"target": -17.677043846889138, "params": {"gamma": 973.7413319339424, "log10_alpha": -2.960130513728317, "log10_colsample_bytree": -0.7857660785831003, "log10_eta": -3.2851863492689533, "log10_lambda": -0.421599341657501, "log10_min_child_weight": 1.82159637962283, "log10_subsample": -0.5791582399641025, "max_depth": 5.0, "num_boost_round": 10.0}, "datetime": {"datetime": "2024-01-19 00:18:43", "elapsed": 417.701803, "delta": 0.000661}}
{"target": -17.67702736587136, "params": {"gamma": 973.7413319339424, "log10_alpha": -2.960130513728317, "log10_colsample_bytree": -0.7857660785831003, "log10_eta": -3.2851863492689533, "log10_lambda": -0.421599341657501, "log10_min_child_weight": 1.82159637962283, "log10_subsample": -0.5791582399641025, "max_depth": 5.0, "num_boost_round": 11.0}, "datetime": {"datetime": "2024-01-19 00:18:43", "elapsed": 417.702402, "delta": 0.000599}}
{"target": -17.67700149852447, "params": {"gamma": 973.7413319339424, "log10_alpha": -2.960130513728317, "log10_colsample_bytree": -0.7857660785831003, "log10_eta": -3.2851863492689533, "log10_lambda": -0.421599341657501, "log10_min_child_weight": 1.82159637962283, "log10_subsample": -0.5791582399641025, "max_depth": 5.0, "num_boost_round": 12.0}, "datetime": {"datetime": "2024-01-19 00:18:43", "elapsed": 417.703103, "delta": 0.000701}}
{"target": -17.67718969200852, "params": {"gamma": 965.7511602470616, "log10_alpha": -1.1709502159761618, "log10_colsample_bytree": 0.0, "log10_eta": -2.826133416336207, "log10_lambda": 1.0, "log10_min_child_weight": 1.696563389981098, "log10_subsample": 0.0, "max_depth": 2.0, "num_boost_round": 0.0}, "datetime": {"datetime": "2024-01-19 00:19:05", "elapsed": 439.553802, "delta": 21.850699}}
{"target": -17.67714691562571, "params": {"gamma": 965.7511602470616, "log10_alpha": -1.1709502159761618, "log10_colsample_bytree": 0.0, "log10_eta": -2.826133416336207, "log10_lambda": 1.0, "log10_min_child_weight": 1.696563389981098, "log10_subsample": 0.0, "max_depth": 2.0, "num_boost_round": 1.0}, "datetime": {"datetime": "2024-01-19 00:19:05", "elapsed": 439.554924, "delta": 0.001122}}
{"target": -17.677104552939774, "params": {"gamma": 965.7511602470616, "log10_alpha": -1.1709502159761618, "log10_colsample_bytree": 0.0, "log10_eta": -2.826133416336207, "log10_lambda": 1.0, "log10_min_child_weight": 1.696563389981098, "log10_subsample": 0.0, "max_depth": 2.0, "num_boost_round": 2.0}, "datetime": {"datetime": "2024-01-19 00:19:05", "elapsed": 439.555646, "delta": 0.000722}}
{"target": -17.677062614783797, "params": {"gamma": 965.7511602470616, "log10_alpha": -1.1709502159761618, "log10_colsample_bytree": 0.0, "log10_eta": -2.826133416336207, "log10_lambda": 1.0, "log10_min_child_weight": 1.696563389981098, "log10_subsample": 0.0, "max_depth": 2.0, "num_boost_round": 3.0}, "datetime": {"datetime": "2024-01-19 00:19:05", "elapsed": 439.556618, "delta": 0.000972}}
{"target": -17.677021164045243, "params": {"gamma": 965.7511602470616, "log10_alpha": -1.1709502159761618, "log10_colsample_bytree": 0.0, "log10_eta": -2.826133416336207, "log10_lambda": 1.0, "log10_min_child_weight": 1.696563389981098, "log10_subsample": 0.0, "max_depth": 2.0, "num_boost_round": 4.0}, "datetime": {"datetime": "2024-01-19 00:19:05", "elapsed": 439.557311, "delta": 0.000693}}
{"target": -17.676980090266845, "params": {"gamma": 965.7511602470616, "log10_alpha": -1.1709502159761618, "log10_colsample_bytree": 0.0, "log10_eta": -2.826133416336207, "log10_lambda": 1.0, "log10_min_child_weight": 1.696563389981098, "log10_subsample": 0.0, "max_depth": 2.0, "num_boost_round": 5.0}, "datetime": {"datetime": "2024-01-19 00:19:05", "elapsed": 439.558275, "delta": 0.000964}}
{"target": -17.676939505867576, "params": {"gamma": 965.7511602470616, "log10_alpha": -1.1709502159761618, "log10_colsample_bytree": 0.0, "log10_eta": -2.826133416336207, "log10_lambda": 1.0, "log10_min_child_weight": 1.696563389981098, "log10_subsample": 0.0, "max_depth": 2.0, "num_boost_round": 6.0}, "datetime": {"datetime": "2024-01-19 00:19:05", "elapsed": 439.559069, "delta": 0.000794}}
{"target": -17.67689926916029, "params": {"gamma": 965.7511602470616, "log10_alpha": -1.1709502159761618, "log10_colsample_bytree": 0.0, "log10_eta": -2.826133416336207, "log10_lambda": 1.0, "log10_min_child_weight": 1.696563389981098, "log10_subsample": 0.0, "max_depth": 2.0, "num_boost_round": 7.0}, "datetime": {"datetime": "2024-01-19 00:19:05", "elapsed": 439.55977, "delta": 0.000701}}
{"target": -17.6768595580143, "params": {"gamma": 965.7511602470616, "log10_alpha": -1.1709502159761618, "log10_colsample_bytree": 0.0, "log10_eta": -2.826133416336207, "log10_lambda": 1.0, "log10_min_child_weight": 1.696563389981098, "log10_subsample": 0.0, "max_depth": 2.0, "num_boost_round": 8.0}, "datetime": {"datetime": "2024-01-19 00:19:05", "elapsed": 439.560466, "delta": 0.000696}}
{"target": -17.67682024484764, "params": {"gamma": 965.7511602470616, "log10_alpha": -1.1709502159761618, "log10_colsample_bytree": 0.0, "log10_eta": -2.826133416336207, "log10_lambda": 1.0, "log10_min_child_weight": 1.696563389981098, "log10_subsample": 0.0, "max_depth": 2.0, "num_boost_round": 9.0}, "datetime": {"datetime": "2024-01-19 00:19:05", "elapsed": 439.561071, "delta": 0.000605}}
{"target": -17.676781342300565, "params": {"gamma": 965.7511602470616, "log10_alpha": -1.1709502159761618, "log10_colsample_bytree": 0.0, "log10_eta": -2.826133416336207, "log10_lambda": 1.0, "log10_min_child_weight": 1.696563389981098, "log10_subsample": 0.0, "max_depth": 2.0, "num_boost_round": 10.0}, "datetime": {"datetime": "2024-01-19 00:19:05", "elapsed": 439.561744, "delta": 0.000673}}
{"target": -17.676742912900973, "params": {"gamma": 965.7511602470616, "log10_alpha": -1.1709502159761618, "log10_colsample_bytree": 0.0, "log10_eta": -2.826133416336207, "log10_lambda": 1.0, "log10_min_child_weight": 1.696563389981098, "log10_subsample": 0.0, "max_depth": 2.0, "num_boost_round": 11.0}, "datetime": {"datetime": "2024-01-19 00:19:05", "elapsed": 439.562605, "delta": 0.000861}}
{"target": -17.676704851123, "params": {"gamma": 965.7511602470616, "log10_alpha": -1.1709502159761618, "log10_colsample_bytree": 0.0, "log10_eta": -2.826133416336207, "log10_lambda": 1.0, "log10_min_child_weight": 1.696563389981098, "log10_subsample": 0.0, "max_depth": 2.0, "num_boost_round": 12.0}, "datetime": {"datetime": "2024-01-19 00:19:05", "elapsed": 439.563235, "delta": 0.00063}}
{"target": -17.67666727438347, "params": {"gamma": 965.7511602470616, "log10_alpha": -1.1709502159761618, "log10_colsample_bytree": 0.0, "log10_eta": -2.826133416336207, "log10_lambda": 1.0, "log10_min_child_weight": 1.696563389981098, "log10_subsample": 0.0, "max_depth": 2.0, "num_boost_round": 13.0}, "datetime": {"datetime": "2024-01-19 00:19:05", "elapsed": 439.563949, "delta": 0.000714}}
{"target": -17.676630049964555, "params": {"gamma": 965.7511602470616, "log10_alpha": -1.1709502159761618, "log10_colsample_bytree": 0.0, "log10_eta": -2.826133416336207, "log10_lambda": 1.0, "log10_min_child_weight": 1.696563389981098, "log10_subsample": 0.0, "max_depth": 2.0, "num_boost_round": 14.0}, "datetime": {"datetime": "2024-01-19 00:19:05", "elapsed": 439.56465, "delta": 0.000701}}
{"target": -17.676593266415654, "params": {"gamma": 965.7511602470616, "log10_alpha": -1.1709502159761618, "log10_colsample_bytree": 0.0, "log10_eta": -2.826133416336207, "log10_lambda": 1.0, "log10_min_child_weight": 1.696563389981098, "log10_subsample": 0.0, "max_depth": 2.0, "num_boost_round": 15.0}, "datetime": {"datetime": "2024-01-19 00:19:05", "elapsed": 439.565344, "delta": 0.000694}}
{"target": -17.676556929956437, "params": {"gamma": 965.7511602470616, "log10_alpha": -1.1709502159761618, "log10_colsample_bytree": 0.0, "log10_eta": -2.826133416336207, "log10_lambda": 1.0, "log10_min_child_weight": 1.696563389981098, "log10_subsample": 0.0, "max_depth": 2.0, "num_boost_round": 16.0}, "datetime": {"datetime": "2024-01-19 00:19:05", "elapsed": 439.566043, "delta": 0.000699}}
{"target": -17.676520982754177, "params": {"gamma": 965.7511602470616, "log10_alpha": -1.1709502159761618, "log10_colsample_bytree": 0.0, "log10_eta": -2.826133416336207, "log10_lambda": 1.0, "log10_min_child_weight": 1.696563389981098, "log10_subsample": 0.0, "max_depth": 2.0, "num_boost_round": 17.0}, "datetime": {"datetime": "2024-01-19 00:19:05", "elapsed": 439.566656, "delta": 0.000613}}
{"target": -17.67648547773626, "params": {"gamma": 965.7511602470616, "log10_alpha": -1.1709502159761618, "log10_colsample_bytree": 0.0, "log10_eta": -2.826133416336207, "log10_lambda": 1.0, "log10_min_child_weight": 1.696563389981098, "log10_subsample": 0.0, "max_depth": 2.0, "num_boost_round": 18.0}, "datetime": {"datetime": "2024-01-19 00:19:05", "elapsed": 439.567329, "delta": 0.000673}}
{"target": -17.676450386283367, "params": {"gamma": 965.7511602470616, "log10_alpha": -1.1709502159761618, "log10_colsample_bytree": 0.0, "log10_eta": -2.826133416336207, "log10_lambda": 1.0, "log10_min_child_weight": 1.696563389981098, "log10_subsample": 0.0, "max_depth": 2.0, "num_boost_round": 19.0}, "datetime": {"datetime": "2024-01-19 00:19:05", "elapsed": 439.568075, "delta": 0.000746}}
{"target": -17.67641564921573, "params": {"gamma": 965.7511602470616, "log10_alpha": -1.1709502159761618, "log10_colsample_bytree": 0.0, "log10_eta": -2.826133416336207, "log10_lambda": 1.0, "log10_min_child_weight": 1.696563389981098, "log10_subsample": 0.0, "max_depth": 2.0, "num_boost_round": 20.0}, "datetime": {"datetime": "2024-01-19 00:19:05", "elapsed": 439.568782, "delta": 0.000707}}
{"target": -17.676381377749724, "params": {"gamma": 965.7511602470616, "log10_alpha": -1.1709502159761618, "log10_colsample_bytree": 0.0, "log10_eta": -2.826133416336207, "log10_lambda": 1.0, "log10_min_child_weight": 1.696563389981098, "log10_subsample": 0.0, "max_depth": 2.0, "num_boost_round": 21.0}, "datetime": {"datetime": "2024-01-19 00:19:05", "elapsed": 439.569398, "delta": 0.000616}}
{"target": -17.677150214636047, "params": {"gamma": 965.4848917583093, "log10_alpha": -1.7578178712200776, "log10_colsample_bytree": 0.0, "log10_eta": -2.5427724336034325, "log10_lambda": 0.8113838449918083, "log10_min_child_weight": 1.315733402886679, "log10_subsample": 0.0, "max_depth": 2.0, "num_boost_round": 0.0}, "datetime": {"datetime": "2024-01-19 00:19:29", "elapsed": 463.710889, "delta": 24.141491}}
{"target": -17.677069139655735, "params": {"gamma": 965.4848917583093, "log10_alpha": -1.7578178712200776, "log10_colsample_bytree": 0.0, "log10_eta": -2.5427724336034325, "log10_lambda": 0.8113838449918083, "log10_min_child_weight": 1.315733402886679, "log10_subsample": 0.0, "max_depth": 2.0, "num_boost_round": 1.0}, "datetime": {"datetime": "2024-01-19 00:19:29", "elapsed": 463.711918, "delta": 0.001029}}
{"target": -17.6769896134029, "params": {"gamma": 965.4848917583093, "log10_alpha": -1.7578178712200776, "log10_colsample_bytree": 0.0, "log10_eta": -2.5427724336034325, "log10_lambda": 0.8113838449918083, "log10_min_child_weight": 1.315733402886679, "log10_subsample": 0.0, "max_depth": 2.0, "num_boost_round": 2.0}, "datetime": {"datetime": "2024-01-19 00:19:29", "elapsed": 463.713004, "delta": 0.001086}}
{"target": -17.676911745452372, "params": {"gamma": 965.4848917583093, "log10_alpha": -1.7578178712200776, "log10_colsample_bytree": 0.0, "log10_eta": -2.5427724336034325, "log10_lambda": 0.8113838449918083, "log10_min_child_weight": 1.315733402886679, "log10_subsample": 0.0, "max_depth": 2.0, "num_boost_round": 3.0}, "datetime": {"datetime": "2024-01-19 00:19:29", "elapsed": 463.714286, "delta": 0.001282}}
{"target": -17.67683552154203, "params": {"gamma": 965.4848917583093, "log10_alpha": -1.7578178712200776, "log10_colsample_bytree": 0.0, "log10_eta": -2.5427724336034325, "log10_lambda": 0.8113838449918083, "log10_min_child_weight": 1.315733402886679, "log10_subsample": 0.0, "max_depth": 2.0, "num_boost_round": 4.0}, "datetime": {"datetime": "2024-01-19 00:19:29", "elapsed": 463.715273, "delta": 0.000987}}
{"target": -17.67676078764534, "params": {"gamma": 965.4848917583093, "log10_alpha": -1.7578178712200776, "log10_colsample_bytree": 0.0, "log10_eta": -2.5427724336034325, "log10_lambda": 0.8113838449918083, "log10_min_child_weight": 1.315733402886679, "log10_subsample": 0.0, "max_depth": 2.0, "num_boost_round": 5.0}, "datetime": {"datetime": "2024-01-19 00:19:29", "elapsed": 463.716028, "delta": 0.000755}}
{"target": -17.67668770720855, "params": {"gamma": 965.4848917583093, "log10_alpha": -1.7578178712200776, "log10_colsample_bytree": 0.0, "log10_eta": -2.5427724336034325, "log10_lambda": 0.8113838449918083, "log10_min_child_weight": 1.315733402886679, "log10_subsample": 0.0, "max_depth": 2.0, "num_boost_round": 6.0}, "datetime": {"datetime": "2024-01-19 00:19:29", "elapsed": 463.716789, "delta": 0.000761}}
{"target": -17.676616137849262, "params": {"gamma": 965.4848917583093, "log10_alpha": -1.7578178712200776, "log10_colsample_bytree": 0.0, "log10_eta": -2.5427724336034325, "log10_lambda": 0.8113838449918083, "log10_min_child_weight": 1.315733402886679, "log10_subsample": 0.0, "max_depth": 2.0, "num_boost_round": 7.0}, "datetime": {"datetime": "2024-01-19 00:19:29", "elapsed": 463.717809, "delta": 0.00102}}
{"target": -17.676546135867593, "params": {"gamma": 965.4848917583093, "log10_alpha": -1.7578178712200776, "log10_colsample_bytree": 0.0, "log10_eta": -2.5427724336034325, "log10_lambda": 0.8113838449918083, "log10_min_child_weight": 1.315733402886679, "log10_subsample": 0.0, "max_depth": 2.0, "num_boost_round": 8.0}, "datetime": {"datetime": "2024-01-19 00:19:29", "elapsed": 463.718571, "delta": 0.000762}}
{"target": -17.676477664496545, "params": {"gamma": 965.4848917583093, "log10_alpha": -1.7578178712200776, "log10_colsample_bytree": 0.0, "log10_eta": -2.5427724336034325, "log10_lambda": 0.8113838449918083, "log10_min_child_weight": 1.315733402886679, "log10_subsample": 0.0, "max_depth": 2.0, "num_boost_round": 9.0}, "datetime": {"datetime": "2024-01-19 00:19:29", "elapsed": 463.719367, "delta": 0.000796}}
{"target": -17.67641075226273, "params": {"gamma": 965.4848917583093, "log10_alpha": -1.7578178712200776, "log10_colsample_bytree": 0.0, "log10_eta": -2.5427724336034325, "log10_lambda": 0.8113838449918083, "log10_min_child_weight": 1.315733402886679, "log10_subsample": 0.0, "max_depth": 2.0, "num_boost_round": 10.0}, "datetime": {"datetime": "2024-01-19 00:19:29", "elapsed": 463.72012, "delta": 0.000753}}
