{"target": -14.217954881633274, "params": {"gamma": 878.5258424595673, "log10_alpha": -4.578935456810866, "log10_colsample_bytree": -0.3389999372206147, "log10_eta": -0.2446400105693356, "log10_lambda": 0.7730602185844955, "log10_min_child_weight": 0.6108681186798653, "log10_subsample": -0.142549468127266, "max_depth": 7.0, "num_boost_round": 5.0}, "datetime": {"datetime": "2024-01-19 01:05:59", "elapsed": 3263.61868, "delta": 0.003931}}
{"target": -14.27851675340245, "params": {"gamma": 878.5258424595673, "log10_alpha": -4.578935456810866, "log10_colsample_bytree": -0.3389999372206147, "log10_eta": -0.2446400105693356, "log10_lambda": 0.7730602185844955, "log10_min_child_weight": 0.6108681186798653, "log10_subsample": -0.142549468127266, "max_depth": 7.0, "num_boost_round": 6.0}, "datetime": {"datetime": "2024-01-19 01:05:59", "elapsed": 3263.622612, "delta": 0.003932}}
{"target": -14.294529381124109, "params": {"gamma": 878.5258424595673, "log10_alpha": -4.578935456810866, "log10_colsample_bytree": -0.3389999372206147, "log10_eta": -0.2446400105693356, "log10_lambda": 0.7730602185844955, "log10_min_child_weight": 0.6108681186798653, "log10_subsample": -0.142549468127266, "max_depth": 7.0, "num_boost_round": 7.0}, "datetime": {"datetime": "2024-01-19 01:05:59", "elapsed": 3263.626534, "delta": 0.003922}}
{"target": -14.327805303013115, "params": {"gamma": 878.5258424595673, "log10_alpha": -4.578935456810866, "log10_colsample_bytree": -0.3389999372206147, "log10_eta": -0.2446400105693356, "log10_lambda": 0.7730602185844955, "log10_min_child_weight": 0.6108681186798653, "log10_subsample": -0.142549468127266, "max_depth": 7.0, "num_boost_round": 8.0}, "datetime": {"datetime": "2024-01-19 01:05:59", "elapsed": 3263.630415, "delta": 0.003881}}
{"target": -14.389613996193791, "params": {"gamma": 878.5258424595673, "log10_alpha": -4.578935456810866, "log10_colsample_bytree": -0.3389999372206147, "log10_eta": -0.2446400105693356, "log10_lambda": 0.7730602185844955, "log10_min_child_weight": 0.6108681186798653, "log10_subsample": -0.142549468127266, "max_depth": 7.0, "num_boost_round": 9.0}, "datetime": {"datetime": "2024-01-19 01:05:59", "elapsed": 3263.634553, "delta": 0.004138}}
{"target": -14.413652638404727, "params": {"gamma": 878.5258424595673, "log10_alpha": -4.578935456810866, "log10_colsample_bytree": -0.3389999372206147, "log10_eta": -0.2446400105693356, "log10_lambda": 0.7730602185844955, "log10_min_child_weight": 0.6108681186798653, "log10_subsample": -0.142549468127266, "max_depth": 7.0, "num_boost_round": 10.0}, "datetime": {"datetime": "2024-01-19 01:05:59", "elapsed": 3263.638591, "delta": 0.004038}}
{"target": -14.448122160940141, "params": {"gamma": 878.5258424595673, "log10_alpha": -4.578935456810866, "log10_colsample_bytree": -0.3389999372206147, "log10_eta": -0.2446400105693356, "log10_lambda": 0.7730602185844955, "log10_min_child_weight": 0.6108681186798653, "log10_subsample": -0.142549468127266, "max_depth": 7.0, "num_boost_round": 11.0}, "datetime": {"datetime": "2024-01-19 01:05:59", "elapsed": 3263.642716, "delta": 0.004125}}
{"target": -14.473993215584667, "params": {"gamma": 878.5258424595673, "log10_alpha": -4.578935456810866, "log10_colsample_bytree": -0.3389999372206147, "log10_eta": -0.2446400105693356, "log10_lambda": 0.7730602185844955, "log10_min_child_weight": 0.6108681186798653, "log10_subsample": -0.142549468127266, "max_depth": 7.0, "num_boost_round": 12.0}, "datetime": {"datetime": "2024-01-19 01:05:59", "elapsed": 3263.646758, "delta": 0.004042}}
{"target": -14.489748858106088, "params": {"gamma": 878.5258424595673, "log10_alpha": -4.578935456810866, "log10_colsample_bytree": -0.3389999372206147, "log10_eta": -0.2446400105693356, "log10_lambda": 0.7730602185844955, "log10_min_child_weight": 0.6108681186798653, "log10_subsample": -0.142549468127266, "max_depth": 7.0, "num_boost_round": 13.0}, "datetime": {"datetime": "2024-01-19 01:05:59", "elapsed": 3263.650704, "delta": 0.003946}}
{"target": -14.534732525051139, "params": {"gamma": 878.5258424595673, "log10_alpha": -4.578935456810866, "log10_colsample_bytree": -0.3389999372206147, "log10_eta": -0.2446400105693356, "log10_lambda": 0.7730602185844955, "log10_min_child_weight": 0.6108681186798653, "log10_subsample": -0.142549468127266, "max_depth": 7.0, "num_boost_round": 14.0}, "datetime": {"datetime": "2024-01-19 01:05:59", "elapsed": 3263.654851, "delta": 0.004147}}
{"target": -14.572610762398941, "params": {"gamma": 878.5258424595673, "log10_alpha": -4.578935456810866, "log10_colsample_bytree": -0.3389999372206147, "log10_eta": -0.2446400105693356, "log10_lambda": 0.7730602185844955, "log10_min_child_weight": 0.6108681186798653, "log10_subsample": -0.142549468127266, "max_depth": 7.0, "num_boost_round": 15.0}, "datetime": {"datetime": "2024-01-19 01:05:59", "elapsed": 3263.658783, "delta": 0.003932}}
{"target": -14.583059790093266, "params": {"gamma": 878.5258424595673, "log10_alpha": -4.578935456810866, "log10_colsample_bytree": -0.3389999372206147, "log10_eta": -0.2446400105693356, "log10_lambda": 0.7730602185844955, "log10_min_child_weight": 0.6108681186798653, "log10_subsample": -0.142549468127266, "max_depth": 7.0, "num_boost_round": 16.0}, "datetime": {"datetime": "2024-01-19 01:05:59", "elapsed": 3263.662756, "delta": 0.003973}}
{"target": -14.635166648237403, "params": {"gamma": 878.5258424595673, "log10_alpha": -4.578935456810866, "log10_colsample_bytree": -0.3389999372206147, "log10_eta": -0.2446400105693356, "log10_lambda": 0.7730602185844955, "log10_min_child_weight": 0.6108681186798653, "log10_subsample": -0.142549468127266, "max_depth": 7.0, "num_boost_round": 17.0}, "datetime": {"datetime": "2024-01-19 01:05:59", "elapsed": 3263.666695, "delta": 0.003939}}
{"target": -14.646257830312374, "params": {"gamma": 878.5258424595673, "log10_alpha": -4.578935456810866, "log10_colsample_bytree": -0.3389999372206147, "log10_eta": -0.2446400105693356, "log10_lambda": 0.7730602185844955, "log10_min_child_weight": 0.6108681186798653, "log10_subsample": -0.142549468127266, "max_depth": 7.0, "num_boost_round": 18.0}, "datetime": {"datetime": "2024-01-19 01:05:59", "elapsed": 3263.670602, "delta": 0.003907}}
{"target": -14.660411830794388, "params": {"gamma": 878.5258424595673, "log10_alpha": -4.578935456810866, "log10_colsample_bytree": -0.3389999372206147, "log10_eta": -0.2446400105693356, "log10_lambda": 0.7730602185844955, "log10_min_child_weight": 0.6108681186798653, "log10_subsample": -0.142549468127266, "max_depth": 7.0, "num_boost_round": 19.0}, "datetime": {"datetime": "2024-01-19 01:05:59", "elapsed": 3263.674666, "delta": 0.004064}}
{"target": -14.692913021463593, "params": {"gamma": 878.5258424595673, "log10_alpha": -4.578935456810866, "log10_colsample_bytree": -0.3389999372206147, "log10_eta": -0.2446400105693356, "log10_lambda": 0.7730602185844955, "log10_min_child_weight": 0.6108681186798653, "log10_subsample": -0.142549468127266, "max_depth": 7.0, "num_boost_round": 20.0}, "datetime": {"datetime": "2024-01-19 01:05:59", "elapsed": 3263.678573, "delta": 0.003907}}
{"target": -14.718832464955796, "params": {"gamma": 878.5258424595673, "log10_alpha": -4.578935456810866, "log10_colsample_bytree": -0.3389999372206147, "log10_eta": -0.2446400105693356, "log10_lambda": 0.7730602185844955, "log10_min_child_weight": 0.6108681186798653, "log10_subsample": -0.142549468127266, "max_depth": 7.0, "num_boost_round": 21.0}, "datetime": {"datetime": "2024-01-19 01:05:59", "elapsed": 3263.682476, "delta": 0.003903}}
{"target": -14.750423468061852, "params": {"gamma": 878.5258424595673, "log10_alpha": -4.578935456810866, "log10_colsample_bytree": -0.3389999372206147, "log10_eta": -0.2446400105693356, "log10_lambda": 0.7730602185844955, "log10_min_child_weight": 0.6108681186798653, "log10_subsample": -0.142549468127266, "max_depth": 7.0, "num_boost_round": 22.0}, "datetime": {"datetime": "2024-01-19 01:05:59", "elapsed": 3263.686357, "delta": 0.003881}}
{"target": -14.79543078477385, "params": {"gamma": 878.5258424595673, "log10_alpha": -4.578935456810866, "log10_colsample_bytree": -0.3389999372206147, "log10_eta": -0.2446400105693356, "log10_lambda": 0.7730602185844955, "log10_min_child_weight": 0.6108681186798653, "log10_subsample": -0.142549468127266, "max_depth": 7.0, "num_boost_round": 23.0}, "datetime": {"datetime": "2024-01-19 01:05:59", "elapsed": 3263.690275, "delta": 0.003918}}
{"target": -14.822820212474495, "params": {"gamma": 878.5258424595673, "log10_alpha": -4.578935456810866, "log10_colsample_bytree": -0.3389999372206147, "log10_eta": -0.2446400105693356, "log10_lambda": 0.7730602185844955, "log10_min_child_weight": 0.6108681186798653, "log10_subsample": -0.142549468127266, "max_depth": 7.0, "num_boost_round": 24.0}, "datetime": {"datetime": "2024-01-19 01:05:59", "elapsed": 3263.69439, "delta": 0.004115}}
{"target": -14.833726771738617, "params": {"gamma": 878.5258424595673, "log10_alpha": -4.578935456810866, "log10_colsample_bytree": -0.3389999372206147, "log10_eta": -0.2446400105693356, "log10_lambda": 0.7730602185844955, "log10_min_child_weight": 0.6108681186798653, "log10_subsample": -0.142549468127266, "max_depth": 7.0, "num_boost_round": 25.0}, "datetime": {"datetime": "2024-01-19 01:05:59", "elapsed": 3263.698353, "delta": 0.003963}}
{"target": -14.843759477104104, "params": {"gamma": 878.5258424595673, "log10_alpha": -4.578935456810866, "log10_colsample_bytree": -0.3389999372206147, "log10_eta": -0.2446400105693356, "log10_lambda": 0.7730602185844955, "log10_min_child_weight": 0.6108681186798653, "log10_subsample": -0.142549468127266, "max_depth": 7.0, "num_boost_round": 26.0}, "datetime": {"datetime": "2024-01-19 01:05:59", "elapsed": 3263.702308, "delta": 0.003955}}
{"target": -14.8722750571583, "params": {"gamma": 878.5258424595673, "log10_alpha": -4.578935456810866, "log10_colsample_bytree": -0.3389999372206147, "log10_eta": -0.2446400105693356, "log10_lambda": 0.7730602185844955, "log10_min_child_weight": 0.6108681186798653, "log10_subsample": -0.142549468127266, "max_depth": 7.0, "num_boost_round": 27.0}, "datetime": {"datetime": "2024-01-19 01:05:59", "elapsed": 3263.706306, "delta": 0.003998}}
{"target": -14.886878853467318, "params": {"gamma": 878.5258424595673, "log10_alpha": -4.578935456810866, "log10_colsample_bytree": -0.3389999372206147, "log10_eta": -0.2446400105693356, "log10_lambda": 0.7730602185844955, "log10_min_child_weight": 0.6108681186798653, "log10_subsample": -0.142549468127266, "max_depth": 7.0, "num_boost_round": 28.0}, "datetime": {"datetime": "2024-01-19 01:05:59", "elapsed": 3263.710276, "delta": 0.00397}}
{"target": -14.901621428626793, "params": {"gamma": 878.5258424595673, "log10_alpha": -4.578935456810866, "log10_colsample_bytree": -0.3389999372206147, "log10_eta": -0.2446400105693356, "log10_lambda": 0.7730602185844955, "log10_min_child_weight": 0.6108681186798653, "log10_subsample": -0.142549468127266, "max_depth": 7.0, "num_boost_round": 29.0}, "datetime": {"datetime": "2024-01-19 01:05:59", "elapsed": 3263.714333, "delta": 0.004057}}
{"target": -14.925458421849253, "params": {"gamma": 878.5258424595673, "log10_alpha": -4.578935456810866, "log10_colsample_bytree": -0.3389999372206147, "log10_eta": -0.2446400105693356, "log10_lambda": 0.7730602185844955, "log10_min_child_weight": 0.6108681186798653, "log10_subsample": -0.142549468127266, "max_depth": 7.0, "num_boost_round": 30.0}, "datetime": {"datetime": "2024-01-19 01:05:59", "elapsed": 3263.718289, "delta": 0.003956}}
{"target": -14.928887031177648, "params": {"gamma": 878.5258424595673, "log10_alpha": -4.578935456810866, "log10_colsample_bytree": -0.3389999372206147, "log10_eta": -0.2446400105693356, "log10_lambda": 0.7730602185844955, "log10_min_child_weight": 0.6108681186798653, "log10_subsample": -0.142549468127266, "max_depth": 7.0, "num_boost_round": 31.0}, "datetime": {"datetime": "2024-01-19 01:05:59", "elapsed": 3263.722243, "delta": 0.003954}}
{"target": -14.940618974358497, "params": {"gamma": 878.5258424595673, "log10_alpha": -4.578935456810866, "log10_colsample_bytree": -0.3389999372206147, "log10_eta": -0.2446400105693356, "log10_lambda": 0.7730602185844955, "log10_min_child_weight": 0.6108681186798653, "log10_subsample": -0.142549468127266, "max_depth": 7.0, "num_boost_round": 32.0}, "datetime": {"datetime": "2024-01-19 01:05:59", "elapsed": 3263.726179, "delta": 0.003936}}
{"target": -14.965462926363127, "params": {"gamma": 878.5258424595673, "log10_alpha": -4.578935456810866, "log10_colsample_bytree": -0.3389999372206147, "log10_eta": -0.2446400105693356, "log10_lambda": 0.7730602185844955, "log10_min_child_weight": 0.6108681186798653, "log10_subsample": -0.142549468127266, "max_depth": 7.0, "num_boost_round": 33.0}, "datetime": {"datetime": "2024-01-19 01:05:59", "elapsed": 3263.730093, "delta": 0.003914}}
{"target": -14.980544345486082, "params": {"gamma": 878.5258424595673, "log10_alpha": -4.578935456810866, "log10_colsample_bytree": -0.3389999372206147, "log10_eta": -0.2446400105693356, "log10_lambda": 0.7730602185844955, "log10_min_child_weight": 0.6108681186798653, "log10_subsample": -0.142549468127266, "max_depth": 7.0, "num_boost_round": 34.0}, "datetime": {"datetime": "2024-01-19 01:05:59", "elapsed": 3263.734207, "delta": 0.004114}}
{"target": -15.001293122519073, "params": {"gamma": 878.5258424595673, "log10_alpha": -4.578935456810866, "log10_colsample_bytree": -0.3389999372206147, "log10_eta": -0.2446400105693356, "log10_lambda": 0.7730602185844955, "log10_min_child_weight": 0.6108681186798653, "log10_subsample": -0.142549468127266, "max_depth": 7.0, "num_boost_round": 35.0}, "datetime": {"datetime": "2024-01-19 01:05:59", "elapsed": 3263.738284, "delta": 0.004077}}
{"target": -15.009242431395693, "params": {"gamma": 878.5258424595673, "log10_alpha": -4.578935456810866, "log10_colsample_bytree": -0.3389999372206147, "log10_eta": -0.2446400105693356, "log10_lambda": 0.7730602185844955, "log10_min_child_weight": 0.6108681186798653, "log10_subsample": -0.142549468127266, "max_depth": 7.0, "num_boost_round": 36.0}, "datetime": {"datetime": "2024-01-19 01:05:59", "elapsed": 3263.74235, "delta": 0.004066}}
{"target": -15.014358608227186, "params": {"gamma": 878.5258424595673, "log10_alpha": -4.578935456810866, "log10_colsample_bytree": -0.3389999372206147, "log10_eta": -0.2446400105693356, "log10_lambda": 0.7730602185844955, "log10_min_child_weight": 0.6108681186798653, "log10_subsample": -0.142549468127266, "max_depth": 7.0, "num_boost_round": 37.0}, "datetime": {"datetime": "2024-01-19 01:05:59", "elapsed": 3263.746436, "delta": 0.004086}}
{"target": -15.031132891753266, "params": {"gamma": 878.5258424595673, "log10_alpha": -4.578935456810866, "log10_colsample_bytree": -0.3389999372206147, "log10_eta": -0.2446400105693356, "log10_lambda": 0.7730602185844955, "log10_min_child_weight": 0.6108681186798653, "log10_subsample": -0.142549468127266, "max_depth": 7.0, "num_boost_round": 38.0}, "datetime": {"datetime": "2024-01-19 01:05:59", "elapsed": 3263.75046, "delta": 0.004024}}
{"target": -15.082825243942644, "params": {"gamma": 878.5258424595673, "log10_alpha": -4.578935456810866, "log10_colsample_bytree": -0.3389999372206147, "log10_eta": -0.2446400105693356, "log10_lambda": 0.7730602185844955, "log10_min_child_weight": 0.6108681186798653, "log10_subsample": -0.142549468127266, "max_depth": 7.0, "num_boost_round": 39.0}, "datetime": {"datetime": "2024-01-19 01:05:59", "elapsed": 3263.754506, "delta": 0.004046}}
{"target": -15.097377156947342, "params": {"gamma": 878.5258424595673, "log10_alpha": -4.578935456810866, "log10_colsample_bytree": -0.3389999372206147, "log10_eta": -0.2446400105693356, "log10_lambda": 0.7730602185844955, "log10_min_child_weight": 0.6108681186798653, "log10_subsample": -0.142549468127266, "max_depth": 7.0, "num_boost_round": 40.0}, "datetime": {"datetime": "2024-01-19 01:05:59", "elapsed": 3263.758508, "delta": 0.004002}}
{"target": -15.102462182013966, "params": {"gamma": 878.5258424595673, "log10_alpha": -4.578935456810866, "log10_colsample_bytree": -0.3389999372206147, "log10_eta": -0.2446400105693356, "log10_lambda": 0.7730602185844955, "log10_min_child_weight": 0.6108681186798653, "log10_subsample": -0.142549468127266, "max_depth": 7.0, "num_boost_round": 41.0}, "datetime": {"datetime": "2024-01-19 01:05:59", "elapsed": 3263.762511, "delta": 0.004003}}
{"target": -15.115731274229883, "params": {"gamma": 878.5258424595673, "log10_alpha": -4.578935456810866, "log10_colsample_bytree": -0.3389999372206147, "log10_eta": -0.2446400105693356, "log10_lambda": 0.7730602185844955, "log10_min_child_weight": 0.6108681186798653, "log10_subsample": -0.142549468127266, "max_depth": 7.0, "num_boost_round": 42.0}, "datetime": {"datetime": "2024-01-19 01:05:59", "elapsed": 3263.766442, "delta": 0.003931}}
{"target": -15.13017550864279, "params": {"gamma": 878.5258424595673, "log10_alpha": -4.578935456810866, "log10_colsample_bytree": -0.3389999372206147, "log10_eta": -0.2446400105693356, "log10_lambda": 0.7730602185844955, "log10_min_child_weight": 0.6108681186798653, "log10_subsample": -0.142549468127266, "max_depth": 7.0, "num_boost_round": 43.0}, "datetime": {"datetime": "2024-01-19 01:05:59", "elapsed": 3263.770435, "delta": 0.003993}}
{"target": -15.152624817692223, "params": {"gamma": 878.5258424595673, "log10_alpha": -4.578935456810866, "log10_colsample_bytree": -0.3389999372206147, "log10_eta": -0.2446400105693356, "log10_lambda": 0.7730602185844955, "log10_min_child_weight": 0.6108681186798653, "log10_subsample": -0.142549468127266, "max_depth": 7.0, "num_boost_round": 44.0}, "datetime": {"datetime": "2024-01-19 01:05:59", "elapsed": 3263.774544, "delta": 0.004109}}
{"target": -15.182595395841464, "params": {"gamma": 878.5258424595673, "log10_alpha": -4.578935456810866, "log10_colsample_bytree": -0.3389999372206147, "log10_eta": -0.2446400105693356, "log10_lambda": 0.7730602185844955, "log10_min_child_weight": 0.6108681186798653, "log10_subsample": -0.142549468127266, "max_depth": 7.0, "num_boost_round": 45.0}, "datetime": {"datetime": "2024-01-19 01:05:59", "elapsed": 3263.778522, "delta": 0.003978}}
{"target": -15.191977848451051, "params": {"gamma": 878.5258424595673, "log10_alpha": -4.578935456810866, "log10_colsample_bytree": -0.3389999372206147, "log10_eta": -0.2446400105693356, "log10_lambda": 0.7730602185844955, "log10_min_child_weight": 0.6108681186798653, "log10_subsample": -0.142549468127266, "max_depth": 7.0, "num_boost_round": 46.0}, "datetime": {"datetime": "2024-01-19 01:05:59", "elapsed": 3263.782456, "delta": 0.003934}}
{"target": -15.213124159984678, "params": {"gamma": 878.5258424595673, "log10_alpha": -4.578935456810866, "log10_colsample_bytree": -0.3389999372206147, "log10_eta": -0.2446400105693356, "log10_lambda": 0.7730602185844955, "log10_min_child_weight": 0.6108681186798653, "log10_subsample": -0.142549468127266, "max_depth": 7.0, "num_boost_round": 47.0}, "datetime": {"datetime": "2024-01-19 01:05:59", "elapsed": 3263.78642, "delta": 0.003964}}
{"target": -15.221374475340589, "params": {"gamma": 878.5258424595673, "log10_alpha": -4.578935456810866, "log10_colsample_bytree": -0.3389999372206147, "log10_eta": -0.2446400105693356, "log10_lambda": 0.7730602185844955, "log10_min_child_weight": 0.6108681186798653, "log10_subsample": -0.142549468127266, "max_depth": 7.0, "num_boost_round": 48.0}, "datetime": {"datetime": "2024-01-19 01:05:59", "elapsed": 3263.79041, "delta": 0.00399}}
{"target": -15.244503628414254, "params": {"gamma": 878.5258424595673, "log10_alpha": -4.578935456810866, "log10_colsample_bytree": -0.3389999372206147, "log10_eta": -0.2446400105693356, "log10_lambda": 0.7730602185844955, "log10_min_child_weight": 0.6108681186798653, "log10_subsample": -0.142549468127266, "max_depth": 7.0, "num_boost_round": 49.0}, "datetime": {"datetime": "2024-01-19 01:05:59", "elapsed": 3263.79452, "delta": 0.00411}}
{"target": -15.253966124913104, "params": {"gamma": 878.5258424595673, "log10_alpha": -4.578935456810866, "log10_colsample_bytree": -0.3389999372206147, "log10_eta": -0.2446400105693356, "log10_lambda": 0.7730602185844955, "log10_min_child_weight": 0.6108681186798653, "log10_subsample": -0.142549468127266, "max_depth": 7.0, "num_boost_round": 50.0}, "datetime": {"datetime": "2024-01-19 01:05:59", "elapsed": 3263.798502, "delta": 0.003982}}
{"target": -15.261195638810788, "params": {"gamma": 878.5258424595673, "log10_alpha": -4.578935456810866, "log10_colsample_bytree": -0.3389999372206147, "log10_eta": -0.2446400105693356, "log10_lambda": 0.7730602185844955, "log10_min_child_weight": 0.6108681186798653, "log10_subsample": -0.142549468127266, "max_depth": 7.0, "num_boost_round": 51.0}, "datetime": {"datetime": "2024-01-19 01:05:59", "elapsed": 3263.802446, "delta": 0.003944}}
{"target": -15.276982814733554, "params": {"gamma": 878.5258424595673, "log10_alpha": -4.578935456810866, "log10_colsample_bytree": -0.3389999372206147, "log10_eta": -0.2446400105693356, "log10_lambda": 0.7730602185844955, "log10_min_child_weight": 0.6108681186798653, "log10_subsample": -0.142549468127266, "max_depth": 7.0, "num_boost_round": 52.0}, "datetime": {"datetime": "2024-01-19 01:05:59", "elapsed": 3263.80648, "delta": 0.004034}}
{"target": -15.279135850943836, "params": {"gamma": 878.5258424595673, "log10_alpha": -4.578935456810866, "log10_colsample_bytree": -0.3389999372206147, "log10_eta": -0.2446400105693356, "log10_lambda": 0.7730602185844955, "log10_min_child_weight": 0.6108681186798653, "log10_subsample": -0.142549468127266, "max_depth": 7.0, "num_boost_round": 53.0}, "datetime": {"datetime": "2024-01-19 01:05:59", "elapsed": 3263.810606, "delta": 0.004126}}
