{"target": -17.67279536280246, "params": {"gamma": 977.6774911623262, "log10_alpha": -3.289502130146336, "log10_colsample_bytree": -0.5301495581259625, "log10_eta": -1.8452977309855103, "log10_lambda": -0.1678555957731067, "log10_min_child_weight": 3.4768533694881536, "log10_subsample": -0.03109751016058404, "max_depth": 7.0, "num_boost_round": 18.0}, "datetime": {"datetime": "2024-01-19 00:58:02", "elapsed": 2776.521674, "delta": 0.003025}}
{"target": -17.67309691471005, "params": {"gamma": 977.6774911623262, "log10_alpha": -3.289502130146336, "log10_colsample_bytree": -0.5301495581259625, "log10_eta": -1.8452977309855103, "log10_lambda": -0.1678555957731067, "log10_min_child_weight": 3.4768533694881536, "log10_subsample": -0.03109751016058404, "max_depth": 7.0, "num_boost_round": 19.0}, "datetime": {"datetime": "2024-01-19 00:58:02", "elapsed": 2776.524735, "delta": 0.003061}}
{"target": -17.672929469119744, "params": {"gamma": 977.6774911623262, "log10_alpha": -3.289502130146336, "log10_colsample_bytree": -0.5301495581259625, "log10_eta": -1.8452977309855103, "log10_lambda": -0.1678555957731067, "log10_min_child_weight": 3.4768533694881536, "log10_subsample": -0.03109751016058404, "max_depth": 7.0, "num_boost_round": 20.0}, "datetime": {"datetime": "2024-01-19 00:58:02", "elapsed": 2776.527751, "delta": 0.003016}}
{"target": -17.672946433931248, "params": {"gamma": 977.6774911623262, "log10_alpha": -3.289502130146336, "log10_colsample_bytree": -0.5301495581259625, "log10_eta": -1.8452977309855103, "log10_lambda": -0.1678555957731067, "log10_min_child_weight": 3.4768533694881536, "log10_subsample": -0.03109751016058404, "max_depth": 7.0, "num_boost_round": 21.0}, "datetime": {"datetime": "2024-01-19 00:58:02", "elapsed": 2776.531019, "delta": 0.003268}}
{"target": -17.67277343301459, "params": {"gamma": 977.6774911623262, "log10_alpha": -3.289502130146336, "log10_colsample_bytree": -0.5301495581259625, "log10_eta": -1.8452977309855103, "log10_lambda": -0.1678555957731067, "log10_min_child_weight": 3.4768533694881536, "log10_subsample": -0.03109751016058404, "max_depth": 7.0, "num_boost_round": 22.0}, "datetime": {"datetime": "2024-01-19 00:58:02", "elapsed": 2776.534147, "delta": 0.003128}}
{"target": -17.67212155658334, "params": {"gamma": 977.6774911623262, "log10_alpha": -3.289502130146336, "log10_colsample_bytree": -0.5301495581259625, "log10_eta": -1.8452977309855103, "log10_lambda": -0.1678555957731067, "log10_min_child_weight": 3.4768533694881536, "log10_subsample": -0.03109751016058404, "max_depth": 7.0, "num_boost_round": 23.0}, "datetime": {"datetime": "2024-01-19 00:58:02", "elapsed": 2776.537221, "delta": 0.003074}}
{"target": -17.67239710077201, "params": {"gamma": 977.6774911623262, "log10_alpha": -3.289502130146336, "log10_colsample_bytree": -0.5301495581259625, "log10_eta": -1.8452977309855103, "log10_lambda": -0.1678555957731067, "log10_min_child_weight": 3.4768533694881536, "log10_subsample": -0.03109751016058404, "max_depth": 7.0, "num_boost_round": 24.0}, "datetime": {"datetime": "2024-01-19 00:58:02", "elapsed": 2776.540315, "delta": 0.003094}}
{"target": -17.677231211661514, "params": {"gamma": 971.8589317911322, "log10_alpha": -4.607792096398453, "log10_colsample_bytree": -0.33822200106164996, "log10_eta": -4.0, "log10_lambda": -1.8626743199291658, "log10_min_child_weight": 1.2786569052999655, "log10_subsample": 0.0, "max_depth": 2.0, "num_boost_round": 0.0}, "datetime": {"datetime": "2024-01-19 00:58:37", "elapsed": 2811.148289, "delta": 34.607974}}
{"target": -17.67722864121104, "params": {"gamma": 971.8589317911322, "log10_alpha": -4.607792096398453, "log10_colsample_bytree": -0.33822200106164996, "log10_eta": -4.0, "log10_lambda": -1.8626743199291658, "log10_min_child_weight": 1.2786569052999655, "log10_subsample": 0.0, "max_depth": 2.0, "num_boost_round": 1.0}, "datetime": {"datetime": "2024-01-19 00:58:37", "elapsed": 2811.152037, "delta": 0.003748}}
{"target": -17.67722569852755, "params": {"gamma": 971.8589317911322, "log10_alpha": -4.607792096398453, "log10_colsample_bytree": -0.33822200106164996, "log10_eta": -4.0, "log10_lambda": -1.8626743199291658, "log10_min_child_weight": 1.2786569052999655, "log10_subsample": 0.0, "max_depth": 2.0, "num_boost_round": 2.0}, "datetime": {"datetime": "2024-01-19 00:58:37", "elapsed": 2811.15517, "delta": 0.003133}}
{"target": -17.67722372189792, "params": {"gamma": 971.8589317911322, "log10_alpha": -4.607792096398453, "log10_colsample_bytree": -0.33822200106164996, "log10_eta": -4.0, "log10_lambda": -1.8626743199291658, "log10_min_child_weight": 1.2786569052999655, "log10_subsample": 0.0, "max_depth": 2.0, "num_boost_round": 3.0}, "datetime": {"datetime": "2024-01-19 00:58:37", "elapsed": 2811.1583, "delta": 0.00313}}
{"target": -17.677221407638346, "params": {"gamma": 971.8589317911322, "log10_alpha": -4.607792096398453, "log10_colsample_bytree": -0.33822200106164996, "log10_eta": -4.0, "log10_lambda": -1.8626743199291658, "log10_min_child_weight": 1.2786569052999655, "log10_subsample": 0.0, "max_depth": 2.0, "num_boost_round": 4.0}, "datetime": {"datetime": "2024-01-19 00:58:37", "elapsed": 2811.16139, "delta": 0.00309}}
{"target": -17.677219425802924, "params": {"gamma": 971.8589317911322, "log10_alpha": -4.607792096398453, "log10_colsample_bytree": -0.33822200106164996, "log10_eta": -4.0, "log10_lambda": -1.8626743199291658, "log10_min_child_weight": 1.2786569052999655, "log10_subsample": 0.0, "max_depth": 2.0, "num_boost_round": 5.0}, "datetime": {"datetime": "2024-01-19 00:58:37", "elapsed": 2811.164572, "delta": 0.003182}}
{"target": -17.677217582420127, "params": {"gamma": 971.8589317911322, "log10_alpha": -4.607792096398453, "log10_colsample_bytree": -0.33822200106164996, "log10_eta": -4.0, "log10_lambda": -1.8626743199291658, "log10_min_child_weight": 1.2786569052999655, "log10_subsample": 0.0, "max_depth": 2.0, "num_boost_round": 6.0}, "datetime": {"datetime": "2024-01-19 00:58:37", "elapsed": 2811.167834, "delta": 0.003262}}
{"target": -17.677214388836124, "params": {"gamma": 971.8589317911322, "log10_alpha": -4.607792096398453, "log10_colsample_bytree": -0.33822200106164996, "log10_eta": -4.0, "log10_lambda": -1.8626743199291658, "log10_min_child_weight": 1.2786569052999655, "log10_subsample": 0.0, "max_depth": 2.0, "num_boost_round": 7.0}, "datetime": {"datetime": "2024-01-19 00:58:37", "elapsed": 2811.171019, "delta": 0.003185}}
{"target": -17.677212424991215, "params": {"gamma": 971.8589317911322, "log10_alpha": -4.607792096398453, "log10_colsample_bytree": -0.33822200106164996, "log10_eta": -4.0, "log10_lambda": -1.8626743199291658, "log10_min_child_weight": 1.2786569052999655, "log10_subsample": 0.0, "max_depth": 2.0, "num_boost_round": 8.0}, "datetime": {"datetime": "2024-01-19 00:58:37", "elapsed": 2811.174114, "delta": 0.003095}}
{"target": -17.677210985678336, "params": {"gamma": 971.8589317911322, "log10_alpha": -4.607792096398453, "log10_colsample_bytree": -0.33822200106164996, "log10_eta": -4.0, "log10_lambda": -1.8626743199291658, "log10_min_child_weight": 1.2786569052999655, "log10_subsample": 0.0, "max_depth": 2.0, "num_boost_round": 9.0}, "datetime": {"datetime": "2024-01-19 00:58:37", "elapsed": 2811.177184, "delta": 0.00307}}
{"target": -17.67720808252607, "params": {"gamma": 971.8589317911322, "log10_alpha": -4.607792096398453, "log10_colsample_bytree": -0.33822200106164996, "log10_eta": -4.0, "log10_lambda": -1.8626743199291658, "log10_min_child_weight": 1.2786569052999655, "log10_subsample": 0.0, "max_depth": 2.0, "num_boost_round": 10.0}, "datetime": {"datetime": "2024-01-19 00:58:37", "elapsed": 2811.180239, "delta": 0.003055}}
{"target": -17.677206418391, "params": {"gamma": 971.8589317911322, "log10_alpha": -4.607792096398453, "log10_colsample_bytree": -0.33822200106164996, "log10_eta": -4.0, "log10_lambda": -1.8626743199291658, "log10_min_child_weight": 1.2786569052999655, "log10_subsample": 0.0, "max_depth": 2.0, "num_boost_round": 11.0}, "datetime": {"datetime": "2024-01-19 00:58:37", "elapsed": 2811.183305, "delta": 0.003066}}
{"target": -17.677203516230257, "params": {"gamma": 971.8589317911322, "log10_alpha": -4.607792096398453, "log10_colsample_bytree": -0.33822200106164996, "log10_eta": -4.0, "log10_lambda": -1.8626743199291658, "log10_min_child_weight": 1.2786569052999655, "log10_subsample": 0.0, "max_depth": 2.0, "num_boost_round": 12.0}, "datetime": {"datetime": "2024-01-19 00:58:37", "elapsed": 2811.186373, "delta": 0.003068}}
{"target": -17.67720059958964, "params": {"gamma": 971.8589317911322, "log10_alpha": -4.607792096398453, "log10_colsample_bytree": -0.33822200106164996, "log10_eta": -4.0, "log10_lambda": -1.8626743199291658, "log10_min_child_weight": 1.2786569052999655, "log10_subsample": 0.0, "max_depth": 2.0, "num_boost_round": 13.0}, "datetime": {"datetime": "2024-01-19 00:58:37", "elapsed": 2811.189494, "delta": 0.003121}}
{"target": -17.67719958050977, "params": {"gamma": 971.8589317911322, "log10_alpha": -4.607792096398453, "log10_colsample_bytree": -0.33822200106164996, "log10_eta": -4.0, "log10_lambda": -1.8626743199291658, "log10_min_child_weight": 1.2786569052999655, "log10_subsample": 0.0, "max_depth": 2.0, "num_boost_round": 14.0}, "datetime": {"datetime": "2024-01-19 00:58:37", "elapsed": 2811.19262, "delta": 0.003126}}
{"target": -17.677197847348, "params": {"gamma": 971.8589317911322, "log10_alpha": -4.607792096398453, "log10_colsample_bytree": -0.33822200106164996, "log10_eta": -4.0, "log10_lambda": -1.8626743199291658, "log10_min_child_weight": 1.2786569052999655, "log10_subsample": 0.0, "max_depth": 2.0, "num_boost_round": 15.0}, "datetime": {"datetime": "2024-01-19 00:58:37", "elapsed": 2811.19575, "delta": 0.00313}}
{"target": -17.677195598983968, "params": {"gamma": 971.8589317911322, "log10_alpha": -4.607792096398453, "log10_colsample_bytree": -0.33822200106164996, "log10_eta": -4.0, "log10_lambda": -1.8626743199291658, "log10_min_child_weight": 1.2786569052999655, "log10_subsample": 0.0, "max_depth": 2.0, "num_boost_round": 16.0}, "datetime": {"datetime": "2024-01-19 00:58:37", "elapsed": 2811.198876, "delta": 0.003126}}
{"target": -17.677192989317025, "params": {"gamma": 971.8589317911322, "log10_alpha": -4.607792096398453, "log10_colsample_bytree": -0.33822200106164996, "log10_eta": -4.0, "log10_lambda": -1.8626743199291658, "log10_min_child_weight": 1.2786569052999655, "log10_subsample": 0.0, "max_depth": 2.0, "num_boost_round": 17.0}, "datetime": {"datetime": "2024-01-19 00:58:37", "elapsed": 2811.202, "delta": 0.003124}}
{"target": -17.677191023641736, "params": {"gamma": 971.8589317911322, "log10_alpha": -4.607792096398453, "log10_colsample_bytree": -0.33822200106164996, "log10_eta": -4.0, "log10_lambda": -1.8626743199291658, "log10_min_child_weight": 1.2786569052999655, "log10_subsample": 0.0, "max_depth": 2.0, "num_boost_round": 18.0}, "datetime": {"datetime": "2024-01-19 00:58:37", "elapsed": 2811.205099, "delta": 0.003099}}
{"target": -17.677189138654267, "params": {"gamma": 971.8589317911322, "log10_alpha": -4.607792096398453, "log10_colsample_bytree": -0.33822200106164996, "log10_eta": -4.0, "log10_lambda": -1.8626743199291658, "log10_min_child_weight": 1.2786569052999655, "log10_subsample": 0.0, "max_depth": 2.0, "num_boost_round": 19.0}, "datetime": {"datetime": "2024-01-19 00:58:37", "elapsed": 2811.208199, "delta": 0.0031}}
{"target": -17.677186126978672, "params": {"gamma": 971.8589317911322, "log10_alpha": -4.607792096398453, "log10_colsample_bytree": -0.33822200106164996, "log10_eta": -4.0, "log10_lambda": -1.8626743199291658, "log10_min_child_weight": 1.2786569052999655, "log10_subsample": 0.0, "max_depth": 2.0, "num_boost_round": 20.0}, "datetime": {"datetime": "2024-01-19 00:58:37", "elapsed": 2811.211285, "delta": 0.003086}}
{"target": -17.67718324698674, "params": {"gamma": 971.8589317911322, "log10_alpha": -4.607792096398453, "log10_colsample_bytree": -0.33822200106164996, "log10_eta": -4.0, "log10_lambda": -1.8626743199291658, "log10_min_child_weight": 1.2786569052999655, "log10_subsample": 0.0, "max_depth": 2.0, "num_boost_round": 21.0}, "datetime": {"datetime": "2024-01-19 00:58:37", "elapsed": 2811.214406, "delta": 0.003121}}
{"target": -17.677181500322344, "params": {"gamma": 971.8589317911322, "log10_alpha": -4.607792096398453, "log10_colsample_bytree": -0.33822200106164996, "log10_eta": -4.0, "log10_lambda": -1.8626743199291658, "log10_min_child_weight": 1.2786569052999655, "log10_subsample": 0.0, "max_depth": 2.0, "num_boost_round": 22.0}, "datetime": {"datetime": "2024-01-19 00:58:37", "elapsed": 2811.217517, "delta": 0.003111}}
{"target": -17.67714828805004, "params": {"gamma": 978.5910764158463, "log10_alpha": -2.211524876811769, "log10_colsample_bytree": -0.8158532980593052, "log10_eta": -2.8603675321919857, "log10_lambda": 0.44953081825980323, "log10_min_child_weight": 2.933071350087758, "log10_subsample": -0.302059520133217, "max_depth": 8.0, "num_boost_round": 0.0}, "datetime": {"datetime": "2024-01-19 00:59:24", "elapsed": 2857.910459, "delta": 46.692942}}
{"target": -17.677154906907393, "params": {"gamma": 978.5910764158463, "log10_alpha": -2.211524876811769, "log10_colsample_bytree": -0.8158532980593052, "log10_eta": -2.8603675321919857, "log10_lambda": 0.44953081825980323, "log10_min_child_weight": 2.933071350087758, "log10_subsample": -0.302059520133217, "max_depth": 8.0, "num_boost_round": 1.0}, "datetime": {"datetime": "2024-01-19 00:59:24", "elapsed": 2857.913682, "delta": 0.003223}}
{"target": -17.677140280282995, "params": {"gamma": 978.5910764158463, "log10_alpha": -2.211524876811769, "log10_colsample_bytree": -0.8158532980593052, "log10_eta": -2.8603675321919857, "log10_lambda": 0.44953081825980323, "log10_min_child_weight": 2.933071350087758, "log10_subsample": -0.302059520133217, "max_depth": 8.0, "num_boost_round": 2.0}, "datetime": {"datetime": "2024-01-19 00:59:24", "elapsed": 2857.917668, "delta": 0.003986}}
{"target": -17.677123796059508, "params": {"gamma": 978.5910764158463, "log10_alpha": -2.211524876811769, "log10_colsample_bytree": -0.8158532980593052, "log10_eta": -2.8603675321919857, "log10_lambda": 0.44953081825980323, "log10_min_child_weight": 2.933071350087758, "log10_subsample": -0.302059520133217, "max_depth": 8.0, "num_boost_round": 3.0}, "datetime": {"datetime": "2024-01-19 00:59:24", "elapsed": 2857.92073, "delta": 0.003062}}
{"target": -17.677065278566612, "params": {"gamma": 978.5910764158463, "log10_alpha": -2.211524876811769, "log10_colsample_bytree": -0.8158532980593052, "log10_eta": -2.8603675321919857, "log10_lambda": 0.44953081825980323, "log10_min_child_weight": 2.933071350087758, "log10_subsample": -0.302059520133217, "max_depth": 8.0, "num_boost_round": 4.0}, "datetime": {"datetime": "2024-01-19 00:59:24", "elapsed": 2857.923847, "delta": 0.003117}}
{"target": -17.6769985336034, "params": {"gamma": 978.5910764158463, "log10_alpha": -2.211524876811769, "log10_colsample_bytree": -0.8158532980593052, "log10_eta": -2.8603675321919857, "log10_lambda": 0.44953081825980323, "log10_min_child_weight": 2.933071350087758, "log10_subsample": -0.302059520133217, "max_depth": 8.0, "num_boost_round": 5.0}, "datetime": {"datetime": "2024-01-19 00:59:24", "elapsed": 2857.927479, "delta": 0.003632}}
{"target": -17.67695089145829, "params": {"gamma": 978.5910764158463, "log10_alpha": -2.211524876811769, "log10_colsample_bytree": -0.8158532980593052, "log10_eta": -2.8603675321919857, "log10_lambda": 0.44953081825980323, "log10_min_child_weight": 2.933071350087758, "log10_subsample": -0.302059520133217, "max_depth": 8.0, "num_boost_round": 6.0}, "datetime": {"datetime": "2024-01-19 00:59:24", "elapsed": 2857.930784, "delta": 0.003305}}
{"target": -17.676813016364896, "params": {"gamma": 978.5910764158463, "log10_alpha": -2.211524876811769, "log10_colsample_bytree": -0.8158532980593052, "log10_eta": -2.8603675321919857, "log10_lambda": 0.44953081825980323, "log10_min_child_weight": 2.933071350087758, "log10_subsample": -0.302059520133217, "max_depth": 8.0, "num_boost_round": 7.0}, "datetime": {"datetime": "2024-01-19 00:59:24", "elapsed": 2857.934239, "delta": 0.003455}}
{"target": -17.676740936703332, "params": {"gamma": 978.5910764158463, "log10_alpha": -2.211524876811769, "log10_colsample_bytree": -0.8158532980593052, "log10_eta": -2.8603675321919857, "log10_lambda": 0.44953081825980323, "log10_min_child_weight": 2.933071350087758, "log10_subsample": -0.302059520133217, "max_depth": 8.0, "num_boost_round": 8.0}, "datetime": {"datetime": "2024-01-19 00:59:24", "elapsed": 2857.93745, "delta": 0.003211}}
{"target": -17.67669640310948, "params": {"gamma": 978.5910764158463, "log10_alpha": -2.211524876811769, "log10_colsample_bytree": -0.8158532980593052, "log10_eta": -2.8603675321919857, "log10_lambda": 0.44953081825980323, "log10_min_child_weight": 2.933071350087758, "log10_subsample": -0.302059520133217, "max_depth": 8.0, "num_boost_round": 9.0}, "datetime": {"datetime": "2024-01-19 00:59:24", "elapsed": 2857.940544, "delta": 0.003094}}
{"target": -17.676576463430074, "params": {"gamma": 978.5910764158463, "log10_alpha": -2.211524876811769, "log10_colsample_bytree": -0.8158532980593052, "log10_eta": -2.8603675321919857, "log10_lambda": 0.44953081825980323, "log10_min_child_weight": 2.933071350087758, "log10_subsample": -0.302059520133217, "max_depth": 8.0, "num_boost_round": 10.0}, "datetime": {"datetime": "2024-01-19 00:59:24", "elapsed": 2857.943692, "delta": 0.003148}}
{"target": -17.676529178907547, "params": {"gamma": 978.5910764158463, "log10_alpha": -2.211524876811769, "log10_colsample_bytree": -0.8158532980593052, "log10_eta": -2.8603675321919857, "log10_lambda": 0.44953081825980323, "log10_min_child_weight": 2.933071350087758, "log10_subsample": -0.302059520133217, "max_depth": 8.0, "num_boost_round": 11.0}, "datetime": {"datetime": "2024-01-19 00:59:24", "elapsed": 2857.946745, "delta": 0.003053}}
{"target": -17.676495760459172, "params": {"gamma": 978.5910764158463, "log10_alpha": -2.211524876811769, "log10_colsample_bytree": -0.8158532980593052, "log10_eta": -2.8603675321919857, "log10_lambda": 0.44953081825980323, "log10_min_child_weight": 2.933071350087758, "log10_subsample": -0.302059520133217, "max_depth": 8.0, "num_boost_round": 12.0}, "datetime": {"datetime": "2024-01-19 00:59:24", "elapsed": 2857.949832, "delta": 0.003087}}
{"target": -17.67641658911693, "params": {"gamma": 978.5910764158463, "log10_alpha": -2.211524876811769, "log10_colsample_bytree": -0.8158532980593052, "log10_eta": -2.8603675321919857, "log10_lambda": 0.44953081825980323, "log10_min_child_weight": 2.933071350087758, "log10_subsample": -0.302059520133217, "max_depth": 8.0, "num_boost_round": 13.0}, "datetime": {"datetime": "2024-01-19 00:59:24", "elapsed": 2857.953039, "delta": 0.003207}}
{"target": -17.676383057293236, "params": {"gamma": 978.5910764158463, "log10_alpha": -2.211524876811769, "log10_colsample_bytree": -0.8158532980593052, "log10_eta": -2.8603675321919857, "log10_lambda": 0.44953081825980323, "log10_min_child_weight": 2.933071350087758, "log10_subsample": -0.302059520133217, "max_depth": 8.0, "num_boost_round": 14.0}, "datetime": {"datetime": "2024-01-19 00:59:24", "elapsed": 2857.956156, "delta": 0.003117}}
{"target": -17.67633790273453, "params": {"gamma": 978.5910764158463, "log10_alpha": -2.211524876811769, "log10_colsample_bytree": -0.8158532980593052, "log10_eta": -2.8603675321919857, "log10_lambda": 0.44953081825980323, "log10_min_child_weight": 2.933071350087758, "log10_subsample": -0.302059520133217, "max_depth": 8.0, "num_boost_round": 15.0}, "datetime": {"datetime": "2024-01-19 00:59:24", "elapsed": 2857.959271, "delta": 0.003115}}
{"target": -17.67628530428622, "params": {"gamma": 978.5910764158463, "log10_alpha": -2.211524876811769, "log10_colsample_bytree": -0.8158532980593052, "log10_eta": -2.8603675321919857, "log10_lambda": 0.44953081825980323, "log10_min_child_weight": 2.933071350087758, "log10_subsample": -0.302059520133217, "max_depth": 8.0, "num_boost_round": 16.0}, "datetime": {"datetime": "2024-01-19 00:59:24", "elapsed": 2857.962468, "delta": 0.003197}}
{"target": -17.676163109447003, "params": {"gamma": 978.5910764158463, "log10_alpha": -2.211524876811769, "log10_colsample_bytree": -0.8158532980593052, "log10_eta": -2.8603675321919857, "log10_lambda": 0.44953081825980323, "log10_min_child_weight": 2.933071350087758, "log10_subsample": -0.302059520133217, "max_depth": 8.0, "num_boost_round": 17.0}, "datetime": {"datetime": "2024-01-19 00:59:24", "elapsed": 2857.965666, "delta": 0.003198}}
{"target": -17.676134793761236, "params": {"gamma": 978.5910764158463, "log10_alpha": -2.211524876811769, "log10_colsample_bytree": -0.8158532980593052, "log10_eta": -2.8603675321919857, "log10_lambda": 0.44953081825980323, "log10_min_child_weight": 2.933071350087758, "log10_subsample": -0.302059520133217, "max_depth": 8.0, "num_boost_round": 18.0}, "datetime": {"datetime": "2024-01-19 00:59:24", "elapsed": 2857.968889, "delta": 0.003223}}
{"target": -17.676083062466528, "params": {"gamma": 978.5910764158463, "log10_alpha": -2.211524876811769, "log10_colsample_bytree": -0.8158532980593052, "log10_eta": -2.8603675321919857, "log10_lambda": 0.44953081825980323, "log10_min_child_weight": 2.933071350087758, "log10_subsample": -0.302059520133217, "max_depth": 8.0, "num_boost_round": 19.0}, "datetime": {"datetime": "2024-01-19 00:59:24", "elapsed": 2857.972163, "delta": 0.003274}}
{"target": -17.676046345557495, "params": {"gamma": 978.5910764158463, "log10_alpha": -2.211524876811769, "log10_colsample_bytree": -0.8158532980593052, "log10_eta": -2.8603675321919857, "log10_lambda": 0.44953081825980323, "log10_min_child_weight": 2.933071350087758, "log10_subsample": -0.302059520133217, "max_depth": 8.0, "num_boost_round": 20.0}, "datetime": {"datetime": "2024-01-19 00:59:24", "elapsed": 2857.97532, "delta": 0.003157}}
