{"target": -13.78289356917178, "params": {"gamma": 896.6422489669241, "log10_alpha": -2.145916081656978, "log10_colsample_bytree": -0.2890399798286175, "log10_eta": -0.7060756289062025, "log10_lambda": -0.656739894046849, "log10_min_child_weight": 4.446357952846826, "log10_subsample": -0.18561196999292373, "max_depth": 4.0, "num_boost_round": 16.0}, "datetime": {"datetime": "2024-01-19 01:46:50", "elapsed": 5730.369962, "delta": 0.004565}}
{"target": -13.78326085393834, "params": {"gamma": 896.6422489669241, "log10_alpha": -2.145916081656978, "log10_colsample_bytree": -0.2890399798286175, "log10_eta": -0.7060756289062025, "log10_lambda": -0.656739894046849, "log10_min_child_weight": 4.446357952846826, "log10_subsample": -0.18561196999292373, "max_depth": 4.0, "num_boost_round": 17.0}, "datetime": {"datetime": "2024-01-19 01:46:50", "elapsed": 5730.374555, "delta": 0.004593}}
{"target": -13.785567658181902, "params": {"gamma": 896.6422489669241, "log10_alpha": -2.145916081656978, "log10_colsample_bytree": -0.2890399798286175, "log10_eta": -0.7060756289062025, "log10_lambda": -0.656739894046849, "log10_min_child_weight": 4.446357952846826, "log10_subsample": -0.18561196999292373, "max_depth": 4.0, "num_boost_round": 18.0}, "datetime": {"datetime": "2024-01-19 01:46:50", "elapsed": 5730.379076, "delta": 0.004521}}
{"target": -13.787331832069349, "params": {"gamma": 896.6422489669241, "log10_alpha": -2.145916081656978, "log10_colsample_bytree": -0.2890399798286175, "log10_eta": -0.7060756289062025, "log10_lambda": -0.656739894046849, "log10_min_child_weight": 4.446357952846826, "log10_subsample": -0.18561196999292373, "max_depth": 4.0, "num_boost_round": 19.0}, "datetime": {"datetime": "2024-01-19 01:46:50", "elapsed": 5730.383559, "delta": 0.004483}}
{"target": -13.786527794941728, "params": {"gamma": 896.6422489669241, "log10_alpha": -2.145916081656978, "log10_colsample_bytree": -0.2890399798286175, "log10_eta": -0.7060756289062025, "log10_lambda": -0.656739894046849, "log10_min_child_weight": 4.446357952846826, "log10_subsample": -0.18561196999292373, "max_depth": 4.0, "num_boost_round": 20.0}, "datetime": {"datetime": "2024-01-19 01:46:50", "elapsed": 5730.388255, "delta": 0.004696}}
{"target": -13.788279506952508, "params": {"gamma": 896.6422489669241, "log10_alpha": -2.145916081656978, "log10_colsample_bytree": -0.2890399798286175, "log10_eta": -0.7060756289062025, "log10_lambda": -0.656739894046849, "log10_min_child_weight": 4.446357952846826, "log10_subsample": -0.18561196999292373, "max_depth": 4.0, "num_boost_round": 21.0}, "datetime": {"datetime": "2024-01-19 01:46:50", "elapsed": 5730.392656, "delta": 0.004401}}
{"target": -13.787393260968278, "params": {"gamma": 896.6422489669241, "log10_alpha": -2.145916081656978, "log10_colsample_bytree": -0.2890399798286175, "log10_eta": -0.7060756289062025, "log10_lambda": -0.656739894046849, "log10_min_child_weight": 4.446357952846826, "log10_subsample": -0.18561196999292373, "max_depth": 4.0, "num_boost_round": 22.0}, "datetime": {"datetime": "2024-01-19 01:46:50", "elapsed": 5730.397331, "delta": 0.004675}}
{"target": -13.787421070185932, "params": {"gamma": 896.6422489669241, "log10_alpha": -2.145916081656978, "log10_colsample_bytree": -0.2890399798286175, "log10_eta": -0.7060756289062025, "log10_lambda": -0.656739894046849, "log10_min_child_weight": 4.446357952846826, "log10_subsample": -0.18561196999292373, "max_depth": 4.0, "num_boost_round": 23.0}, "datetime": {"datetime": "2024-01-19 01:46:50", "elapsed": 5730.401991, "delta": 0.00466}}
{"target": -13.78808642944934, "params": {"gamma": 896.6422489669241, "log10_alpha": -2.145916081656978, "log10_colsample_bytree": -0.2890399798286175, "log10_eta": -0.7060756289062025, "log10_lambda": -0.656739894046849, "log10_min_child_weight": 4.446357952846826, "log10_subsample": -0.18561196999292373, "max_depth": 4.0, "num_boost_round": 24.0}, "datetime": {"datetime": "2024-01-19 01:46:50", "elapsed": 5730.406515, "delta": 0.004524}}
{"target": -13.789172334780151, "params": {"gamma": 896.6422489669241, "log10_alpha": -2.145916081656978, "log10_colsample_bytree": -0.2890399798286175, "log10_eta": -0.7060756289062025, "log10_lambda": -0.656739894046849, "log10_min_child_weight": 4.446357952846826, "log10_subsample": -0.18561196999292373, "max_depth": 4.0, "num_boost_round": 25.0}, "datetime": {"datetime": "2024-01-19 01:46:50", "elapsed": 5730.411053, "delta": 0.004538}}
{"target": -13.788098117185944, "params": {"gamma": 896.6422489669241, "log10_alpha": -2.145916081656978, "log10_colsample_bytree": -0.2890399798286175, "log10_eta": -0.7060756289062025, "log10_lambda": -0.656739894046849, "log10_min_child_weight": 4.446357952846826, "log10_subsample": -0.18561196999292373, "max_depth": 4.0, "num_boost_round": 26.0}, "datetime": {"datetime": "2024-01-19 01:46:50", "elapsed": 5730.415639, "delta": 0.004586}}
{"target": -13.760955326725163, "params": {"gamma": 904.1715184961995, "log10_alpha": 0.10373773810271114, "log10_colsample_bytree": -0.2068011365314184, "log10_eta": -1.1681852635111967, "log10_lambda": -2.0814676043408387, "log10_min_child_weight": 2.8786191823662373, "log10_subsample": -0.5083867880079076, "max_depth": 7.0, "num_boost_round": 0.0}, "datetime": {"datetime": "2024-01-19 01:48:10", "elapsed": 5810.746835, "delta": 80.331196}}
{"target": -13.762728398247232, "params": {"gamma": 904.1715184961995, "log10_alpha": 0.10373773810271114, "log10_colsample_bytree": -0.2068011365314184, "log10_eta": -1.1681852635111967, "log10_lambda": -2.0814676043408387, "log10_min_child_weight": 2.8786191823662373, "log10_subsample": -0.5083867880079076, "max_depth": 7.0, "num_boost_round": 1.0}, "datetime": {"datetime": "2024-01-19 01:48:10", "elapsed": 5810.752506, "delta": 0.005671}}
{"target": -13.76287314619627, "params": {"gamma": 904.1715184961995, "log10_alpha": 0.10373773810271114, "log10_colsample_bytree": -0.2068011365314184, "log10_eta": -1.1681852635111967, "log10_lambda": -2.0814676043408387, "log10_min_child_weight": 2.8786191823662373, "log10_subsample": -0.5083867880079076, "max_depth": 7.0, "num_boost_round": 2.0}, "datetime": {"datetime": "2024-01-19 01:48:10", "elapsed": 5810.757239, "delta": 0.004733}}
{"target": -13.762265096722789, "params": {"gamma": 904.1715184961995, "log10_alpha": 0.10373773810271114, "log10_colsample_bytree": -0.2068011365314184, "log10_eta": -1.1681852635111967, "log10_lambda": -2.0814676043408387, "log10_min_child_weight": 2.8786191823662373, "log10_subsample": -0.5083867880079076, "max_depth": 7.0, "num_boost_round": 3.0}, "datetime": {"datetime": "2024-01-19 01:48:10", "elapsed": 5810.761639, "delta": 0.0044}}
{"target": -13.761310632273412, "params": {"gamma": 904.1715184961995, "log10_alpha": 0.10373773810271114, "log10_colsample_bytree": -0.2068011365314184, "log10_eta": -1.1681852635111967, "log10_lambda": -2.0814676043408387, "log10_min_child_weight": 2.8786191823662373, "log10_subsample": -0.5083867880079076, "max_depth": 7.0, "num_boost_round": 4.0}, "datetime": {"datetime": "2024-01-19 01:48:10", "elapsed": 5810.765976, "delta": 0.004337}}
{"target": -13.764230369587256, "params": {"gamma": 904.1715184961995, "log10_alpha": 0.10373773810271114, "log10_colsample_bytree": -0.2068011365314184, "log10_eta": -1.1681852635111967, "log10_lambda": -2.0814676043408387, "log10_min_child_weight": 2.8786191823662373, "log10_subsample": -0.5083867880079076, "max_depth": 7.0, "num_boost_round": 5.0}, "datetime": {"datetime": "2024-01-19 01:48:10", "elapsed": 5810.770287, "delta": 0.004311}}
{"target": -13.767541888201642, "params": {"gamma": 904.1715184961995, "log10_alpha": 0.10373773810271114, "log10_colsample_bytree": -0.2068011365314184, "log10_eta": -1.1681852635111967, "log10_lambda": -2.0814676043408387, "log10_min_child_weight": 2.8786191823662373, "log10_subsample": -0.5083867880079076, "max_depth": 7.0, "num_boost_round": 6.0}, "datetime": {"datetime": "2024-01-19 01:48:10", "elapsed": 5810.775025, "delta": 0.004738}}
{"target": -13.771101968227264, "params": {"gamma": 904.1715184961995, "log10_alpha": 0.10373773810271114, "log10_colsample_bytree": -0.2068011365314184, "log10_eta": -1.1681852635111967, "log10_lambda": -2.0814676043408387, "log10_min_child_weight": 2.8786191823662373, "log10_subsample": -0.5083867880079076, "max_depth": 7.0, "num_boost_round": 7.0}, "datetime": {"datetime": "2024-01-19 01:48:10", "elapsed": 5810.779607, "delta": 0.004582}}
{"target": -13.773600403948423, "params": {"gamma": 904.1715184961995, "log10_alpha": 0.10373773810271114, "log10_colsample_bytree": -0.2068011365314184, "log10_eta": -1.1681852635111967, "log10_lambda": -2.0814676043408387, "log10_min_child_weight": 2.8786191823662373, "log10_subsample": -0.5083867880079076, "max_depth": 7.0, "num_boost_round": 8.0}, "datetime": {"datetime": "2024-01-19 01:48:10", "elapsed": 5810.78451, "delta": 0.004903}}
{"target": -13.773556831101992, "params": {"gamma": 904.1715184961995, "log10_alpha": 0.10373773810271114, "log10_colsample_bytree": -0.2068011365314184, "log10_eta": -1.1681852635111967, "log10_lambda": -2.0814676043408387, "log10_min_child_weight": 2.8786191823662373, "log10_subsample": -0.5083867880079076, "max_depth": 7.0, "num_boost_round": 9.0}, "datetime": {"datetime": "2024-01-19 01:48:10", "elapsed": 5810.789247, "delta": 0.004737}}
{"target": -13.776989740978733, "params": {"gamma": 904.1715184961995, "log10_alpha": 0.10373773810271114, "log10_colsample_bytree": -0.2068011365314184, "log10_eta": -1.1681852635111967, "log10_lambda": -2.0814676043408387, "log10_min_child_weight": 2.8786191823662373, "log10_subsample": -0.5083867880079076, "max_depth": 7.0, "num_boost_round": 10.0}, "datetime": {"datetime": "2024-01-19 01:48:10", "elapsed": 5810.793773, "delta": 0.004526}}
{"target": -13.776974000947936, "params": {"gamma": 904.1715184961995, "log10_alpha": 0.10373773810271114, "log10_colsample_bytree": -0.2068011365314184, "log10_eta": -1.1681852635111967, "log10_lambda": -2.0814676043408387, "log10_min_child_weight": 2.8786191823662373, "log10_subsample": -0.5083867880079076, "max_depth": 7.0, "num_boost_round": 11.0}, "datetime": {"datetime": "2024-01-19 01:48:10", "elapsed": 5810.798164, "delta": 0.004391}}
{"target": -13.781113403620434, "params": {"gamma": 904.1715184961995, "log10_alpha": 0.10373773810271114, "log10_colsample_bytree": -0.2068011365314184, "log10_eta": -1.1681852635111967, "log10_lambda": -2.0814676043408387, "log10_min_child_weight": 2.8786191823662373, "log10_subsample": -0.5083867880079076, "max_depth": 7.0, "num_boost_round": 12.0}, "datetime": {"datetime": "2024-01-19 01:48:10", "elapsed": 5810.802575, "delta": 0.004411}}
{"target": -13.783298483692391, "params": {"gamma": 904.1715184961995, "log10_alpha": 0.10373773810271114, "log10_colsample_bytree": -0.2068011365314184, "log10_eta": -1.1681852635111967, "log10_lambda": -2.0814676043408387, "log10_min_child_weight": 2.8786191823662373, "log10_subsample": -0.5083867880079076, "max_depth": 7.0, "num_boost_round": 13.0}, "datetime": {"datetime": "2024-01-19 01:48:10", "elapsed": 5810.806927, "delta": 0.004352}}
{"target": -13.785816913370818, "params": {"gamma": 904.1715184961995, "log10_alpha": 0.10373773810271114, "log10_colsample_bytree": -0.2068011365314184, "log10_eta": -1.1681852635111967, "log10_lambda": -2.0814676043408387, "log10_min_child_weight": 2.8786191823662373, "log10_subsample": -0.5083867880079076, "max_depth": 7.0, "num_boost_round": 14.0}, "datetime": {"datetime": "2024-01-19 01:48:10", "elapsed": 5810.811412, "delta": 0.004485}}
{"target": -13.787686156076811, "params": {"gamma": 904.1715184961995, "log10_alpha": 0.10373773810271114, "log10_colsample_bytree": -0.2068011365314184, "log10_eta": -1.1681852635111967, "log10_lambda": -2.0814676043408387, "log10_min_child_weight": 2.8786191823662373, "log10_subsample": -0.5083867880079076, "max_depth": 7.0, "num_boost_round": 15.0}, "datetime": {"datetime": "2024-01-19 01:48:10", "elapsed": 5810.815908, "delta": 0.004496}}
{"target": -13.789485512351623, "params": {"gamma": 904.1715184961995, "log10_alpha": 0.10373773810271114, "log10_colsample_bytree": -0.2068011365314184, "log10_eta": -1.1681852635111967, "log10_lambda": -2.0814676043408387, "log10_min_child_weight": 2.8786191823662373, "log10_subsample": -0.5083867880079076, "max_depth": 7.0, "num_boost_round": 16.0}, "datetime": {"datetime": "2024-01-19 01:48:10", "elapsed": 5810.820409, "delta": 0.004501}}
{"target": -13.793509704041684, "params": {"gamma": 904.1715184961995, "log10_alpha": 0.10373773810271114, "log10_colsample_bytree": -0.2068011365314184, "log10_eta": -1.1681852635111967, "log10_lambda": -2.0814676043408387, "log10_min_child_weight": 2.8786191823662373, "log10_subsample": -0.5083867880079076, "max_depth": 7.0, "num_boost_round": 17.0}, "datetime": {"datetime": "2024-01-19 01:48:10", "elapsed": 5810.824874, "delta": 0.004465}}
{"target": -13.79804259033455, "params": {"gamma": 904.1715184961995, "log10_alpha": 0.10373773810271114, "log10_colsample_bytree": -0.2068011365314184, "log10_eta": -1.1681852635111967, "log10_lambda": -2.0814676043408387, "log10_min_child_weight": 2.8786191823662373, "log10_subsample": -0.5083867880079076, "max_depth": 7.0, "num_boost_round": 18.0}, "datetime": {"datetime": "2024-01-19 01:48:10", "elapsed": 5810.830174, "delta": 0.0053}}
{"target": -13.758472347180899, "params": {"gamma": 898.2073302604139, "log10_alpha": -0.6854369988646187, "log10_colsample_bytree": -0.09060346386875728, "log10_eta": -2.5377170804890876, "log10_lambda": -0.4596206173178068, "log10_min_child_weight": 1.3894458253073032, "log10_subsample": -0.5145811905214013, "max_depth": 8.0, "num_boost_round": 0.0}, "datetime": {"datetime": "2024-01-19 01:49:08", "elapsed": 5868.906333, "delta": 58.076159}}
{"target": -13.758456760514727, "params": {"gamma": 898.2073302604139, "log10_alpha": -0.6854369988646187, "log10_colsample_bytree": -0.09060346386875728, "log10_eta": -2.5377170804890876, "log10_lambda": -0.4596206173178068, "log10_min_child_weight": 1.3894458253073032, "log10_subsample": -0.5145811905214013, "max_depth": 8.0, "num_boost_round": 1.0}, "datetime": {"datetime": "2024-01-19 01:49:08", "elapsed": 5868.911244, "delta": 0.004911}}
{"target": -13.758304442934618, "params": {"gamma": 898.2073302604139, "log10_alpha": -0.6854369988646187, "log10_colsample_bytree": -0.09060346386875728, "log10_eta": -2.5377170804890876, "log10_lambda": -0.4596206173178068, "log10_min_child_weight": 1.3894458253073032, "log10_subsample": -0.5145811905214013, "max_depth": 8.0, "num_boost_round": 2.0}, "datetime": {"datetime": "2024-01-19 01:49:08", "elapsed": 5868.915792, "delta": 0.004548}}
{"target": -13.758295825920579, "params": {"gamma": 898.2073302604139, "log10_alpha": -0.6854369988646187, "log10_colsample_bytree": -0.09060346386875728, "log10_eta": -2.5377170804890876, "log10_lambda": -0.4596206173178068, "log10_min_child_weight": 1.3894458253073032, "log10_subsample": -0.5145811905214013, "max_depth": 8.0, "num_boost_round": 3.0}, "datetime": {"datetime": "2024-01-19 01:49:08", "elapsed": 5868.920281, "delta": 0.004489}}
{"target": -13.758187288053849, "params": {"gamma": 898.2073302604139, "log10_alpha": -0.6854369988646187, "log10_colsample_bytree": -0.09060346386875728, "log10_eta": -2.5377170804890876, "log10_lambda": -0.4596206173178068, "log10_min_child_weight": 1.3894458253073032, "log10_subsample": -0.5145811905214013, "max_depth": 8.0, "num_boost_round": 4.0}, "datetime": {"datetime": "2024-01-19 01:49:08", "elapsed": 5868.924934, "delta": 0.004653}}
{"target": -13.758008304793195, "params": {"gamma": 898.2073302604139, "log10_alpha": -0.6854369988646187, "log10_colsample_bytree": -0.09060346386875728, "log10_eta": -2.5377170804890876, "log10_lambda": -0.4596206173178068, "log10_min_child_weight": 1.3894458253073032, "log10_subsample": -0.5145811905214013, "max_depth": 8.0, "num_boost_round": 5.0}, "datetime": {"datetime": "2024-01-19 01:49:08", "elapsed": 5868.929267, "delta": 0.004333}}
{"target": -13.757992350124601, "params": {"gamma": 898.2073302604139, "log10_alpha": -0.6854369988646187, "log10_colsample_bytree": -0.09060346386875728, "log10_eta": -2.5377170804890876, "log10_lambda": -0.4596206173178068, "log10_min_child_weight": 1.3894458253073032, "log10_subsample": -0.5145811905214013, "max_depth": 8.0, "num_boost_round": 6.0}, "datetime": {"datetime": "2024-01-19 01:49:08", "elapsed": 5868.933733, "delta": 0.004466}}
{"target": -13.75791211529299, "params": {"gamma": 898.2073302604139, "log10_alpha": -0.6854369988646187, "log10_colsample_bytree": -0.09060346386875728, "log10_eta": -2.5377170804890876, "log10_lambda": -0.4596206173178068, "log10_min_child_weight": 1.3894458253073032, "log10_subsample": -0.5145811905214013, "max_depth": 8.0, "num_boost_round": 7.0}, "datetime": {"datetime": "2024-01-19 01:49:08", "elapsed": 5868.938069, "delta": 0.004336}}
{"target": -13.757924125874016, "params": {"gamma": 898.2073302604139, "log10_alpha": -0.6854369988646187, "log10_colsample_bytree": -0.09060346386875728, "log10_eta": -2.5377170804890876, "log10_lambda": -0.4596206173178068, "log10_min_child_weight": 1.3894458253073032, "log10_subsample": -0.5145811905214013, "max_depth": 8.0, "num_boost_round": 8.0}, "datetime": {"datetime": "2024-01-19 01:49:08", "elapsed": 5868.942636, "delta": 0.004567}}
{"target": -13.757875662381908, "params": {"gamma": 898.2073302604139, "log10_alpha": -0.6854369988646187, "log10_colsample_bytree": -0.09060346386875728, "log10_eta": -2.5377170804890876, "log10_lambda": -0.4596206173178068, "log10_min_child_weight": 1.3894458253073032, "log10_subsample": -0.5145811905214013, "max_depth": 8.0, "num_boost_round": 9.0}, "datetime": {"datetime": "2024-01-19 01:49:08", "elapsed": 5868.946952, "delta": 0.004316}}
{"target": -13.757752938757356, "params": {"gamma": 898.2073302604139, "log10_alpha": -0.6854369988646187, "log10_colsample_bytree": -0.09060346386875728, "log10_eta": -2.5377170804890876, "log10_lambda": -0.4596206173178068, "log10_min_child_weight": 1.3894458253073032, "log10_subsample": -0.5145811905214013, "max_depth": 8.0, "num_boost_round": 10.0}, "datetime": {"datetime": "2024-01-19 01:49:08", "elapsed": 5868.95128, "delta": 0.004328}}
{"target": -13.757729494776603, "params": {"gamma": 898.2073302604139, "log10_alpha": -0.6854369988646187, "log10_colsample_bytree": -0.09060346386875728, "log10_eta": -2.5377170804890876, "log10_lambda": -0.4596206173178068, "log10_min_child_weight": 1.3894458253073032, "log10_subsample": -0.5145811905214013, "max_depth": 8.0, "num_boost_round": 11.0}, "datetime": {"datetime": "2024-01-19 01:49:08", "elapsed": 5868.955827, "delta": 0.004547}}
{"target": -13.757655832779452, "params": {"gamma": 898.2073302604139, "log10_alpha": -0.6854369988646187, "log10_colsample_bytree": -0.09060346386875728, "log10_eta": -2.5377170804890876, "log10_lambda": -0.4596206173178068, "log10_min_child_weight": 1.3894458253073032, "log10_subsample": -0.5145811905214013, "max_depth": 8.0, "num_boost_round": 12.0}, "datetime": {"datetime": "2024-01-19 01:49:08", "elapsed": 5868.960554, "delta": 0.004727}}
{"target": -13.757556518968421, "params": {"gamma": 898.2073302604139, "log10_alpha": -0.6854369988646187, "log10_colsample_bytree": -0.09060346386875728, "log10_eta": -2.5377170804890876, "log10_lambda": -0.4596206173178068, "log10_min_child_weight": 1.3894458253073032, "log10_subsample": -0.5145811905214013, "max_depth": 8.0, "num_boost_round": 13.0}, "datetime": {"datetime": "2024-01-19 01:49:08", "elapsed": 5868.964979, "delta": 0.004425}}
{"target": -13.757621903562987, "params": {"gamma": 898.2073302604139, "log10_alpha": -0.6854369988646187, "log10_colsample_bytree": -0.09060346386875728, "log10_eta": -2.5377170804890876, "log10_lambda": -0.4596206173178068, "log10_min_child_weight": 1.3894458253073032, "log10_subsample": -0.5145811905214013, "max_depth": 8.0, "num_boost_round": 14.0}, "datetime": {"datetime": "2024-01-19 01:49:08", "elapsed": 5868.969335, "delta": 0.004356}}
{"target": -13.757625326973127, "params": {"gamma": 898.2073302604139, "log10_alpha": -0.6854369988646187, "log10_colsample_bytree": -0.09060346386875728, "log10_eta": -2.5377170804890876, "log10_lambda": -0.4596206173178068, "log10_min_child_weight": 1.3894458253073032, "log10_subsample": -0.5145811905214013, "max_depth": 8.0, "num_boost_round": 15.0}, "datetime": {"datetime": "2024-01-19 01:49:08", "elapsed": 5868.973892, "delta": 0.004557}}
{"target": -13.757601536977932, "params": {"gamma": 898.2073302604139, "log10_alpha": -0.6854369988646187, "log10_colsample_bytree": -0.09060346386875728, "log10_eta": -2.5377170804890876, "log10_lambda": -0.4596206173178068, "log10_min_child_weight": 1.3894458253073032, "log10_subsample": -0.5145811905214013, "max_depth": 8.0, "num_boost_round": 16.0}, "datetime": {"datetime": "2024-01-19 01:49:08", "elapsed": 5868.978642, "delta": 0.00475}}
{"target": -13.757583869604842, "params": {"gamma": 898.2073302604139, "log10_alpha": -0.6854369988646187, "log10_colsample_bytree": -0.09060346386875728, "log10_eta": -2.5377170804890876, "log10_lambda": -0.4596206173178068, "log10_min_child_weight": 1.3894458253073032, "log10_subsample": -0.5145811905214013, "max_depth": 8.0, "num_boost_round": 17.0}, "datetime": {"datetime": "2024-01-19 01:49:08", "elapsed": 5868.983083, "delta": 0.004441}}
{"target": -13.757718844264295, "params": {"gamma": 898.2073302604139, "log10_alpha": -0.6854369988646187, "log10_colsample_bytree": -0.09060346386875728, "log10_eta": -2.5377170804890876, "log10_lambda": -0.4596206173178068, "log10_min_child_weight": 1.3894458253073032, "log10_subsample": -0.5145811905214013, "max_depth": 8.0, "num_boost_round": 18.0}, "datetime": {"datetime": "2024-01-19 01:49:08", "elapsed": 5868.987431, "delta": 0.004348}}
