{"target": -17.67620378887828, "params": {"gamma": 983.7199931660431, "log10_alpha": -4.5996192633773845, "log10_colsample_bytree": -0.686502947716505, "log10_eta": -2.435459283218466, "log10_lambda": -2.7261050122424146, "log10_min_child_weight": 0.14261087948135742, "log10_subsample": -0.1654357074002707, "max_depth": 4.0, "num_boost_round": 5.0}, "datetime": {"datetime": "2024-01-19 01:19:52", "elapsed": 4085.894034, "delta": 0.004374}}
{"target": -17.676154877530514, "params": {"gamma": 983.7199931660431, "log10_alpha": -4.5996192633773845, "log10_colsample_bytree": -0.686502947716505, "log10_eta": -2.435459283218466, "log10_lambda": -2.7261050122424146, "log10_min_child_weight": 0.14261087948135742, "log10_subsample": -0.1654357074002707, "max_depth": 4.0, "num_boost_round": 6.0}, "datetime": {"datetime": "2024-01-19 01:19:52", "elapsed": 4085.898283, "delta": 0.004249}}
{"target": -17.676012687240735, "params": {"gamma": 983.7199931660431, "log10_alpha": -4.5996192633773845, "log10_colsample_bytree": -0.686502947716505, "log10_eta": -2.435459283218466, "log10_lambda": -2.7261050122424146, "log10_min_child_weight": 0.14261087948135742, "log10_subsample": -0.1654357074002707, "max_depth": 4.0, "num_boost_round": 7.0}, "datetime": {"datetime": "2024-01-19 01:19:52", "elapsed": 4085.902623, "delta": 0.00434}}
{"target": -17.675932649416723, "params": {"gamma": 983.7199931660431, "log10_alpha": -4.5996192633773845, "log10_colsample_bytree": -0.686502947716505, "log10_eta": -2.435459283218466, "log10_lambda": -2.7261050122424146, "log10_min_child_weight": 0.14261087948135742, "log10_subsample": -0.1654357074002707, "max_depth": 4.0, "num_boost_round": 8.0}, "datetime": {"datetime": "2024-01-19 01:19:52", "elapsed": 4085.906834, "delta": 0.004211}}
{"target": -17.675791019660185, "params": {"gamma": 983.7199931660431, "log10_alpha": -4.5996192633773845, "log10_colsample_bytree": -0.686502947716505, "log10_eta": -2.435459283218466, "log10_lambda": -2.7261050122424146, "log10_min_child_weight": 0.14261087948135742, "log10_subsample": -0.1654357074002707, "max_depth": 4.0, "num_boost_round": 9.0}, "datetime": {"datetime": "2024-01-19 01:19:52", "elapsed": 4085.911364, "delta": 0.00453}}
{"target": -17.67561348674085, "params": {"gamma": 983.7199931660431, "log10_alpha": -4.5996192633773845, "log10_colsample_bytree": -0.686502947716505, "log10_eta": -2.435459283218466, "log10_lambda": -2.7261050122424146, "log10_min_child_weight": 0.14261087948135742, "log10_subsample": -0.1654357074002707, "max_depth": 4.0, "num_boost_round": 10.0}, "datetime": {"datetime": "2024-01-19 01:19:52", "elapsed": 4085.915676, "delta": 0.004312}}
{"target": -17.675482067591386, "params": {"gamma": 983.7199931660431, "log10_alpha": -4.5996192633773845, "log10_colsample_bytree": -0.686502947716505, "log10_eta": -2.435459283218466, "log10_lambda": -2.7261050122424146, "log10_min_child_weight": 0.14261087948135742, "log10_subsample": -0.1654357074002707, "max_depth": 4.0, "num_boost_round": 11.0}, "datetime": {"datetime": "2024-01-19 01:19:52", "elapsed": 4085.919941, "delta": 0.004265}}
{"target": -17.67539239242569, "params": {"gamma": 983.7199931660431, "log10_alpha": -4.5996192633773845, "log10_colsample_bytree": -0.686502947716505, "log10_eta": -2.435459283218466, "log10_lambda": -2.7261050122424146, "log10_min_child_weight": 0.14261087948135742, "log10_subsample": -0.1654357074002707, "max_depth": 4.0, "num_boost_round": 12.0}, "datetime": {"datetime": "2024-01-19 01:19:52", "elapsed": 4085.924188, "delta": 0.004247}}
{"target": -17.67515993934868, "params": {"gamma": 983.7199931660431, "log10_alpha": -4.5996192633773845, "log10_colsample_bytree": -0.686502947716505, "log10_eta": -2.435459283218466, "log10_lambda": -2.7261050122424146, "log10_min_child_weight": 0.14261087948135742, "log10_subsample": -0.1654357074002707, "max_depth": 4.0, "num_boost_round": 13.0}, "datetime": {"datetime": "2024-01-19 01:19:52", "elapsed": 4085.928347, "delta": 0.004159}}
{"target": -17.67521062976785, "params": {"gamma": 983.7199931660431, "log10_alpha": -4.5996192633773845, "log10_colsample_bytree": -0.686502947716505, "log10_eta": -2.435459283218466, "log10_lambda": -2.7261050122424146, "log10_min_child_weight": 0.14261087948135742, "log10_subsample": -0.1654357074002707, "max_depth": 4.0, "num_boost_round": 14.0}, "datetime": {"datetime": "2024-01-19 01:19:52", "elapsed": 4085.932687, "delta": 0.00434}}
{"target": -17.675171745224116, "params": {"gamma": 983.7199931660431, "log10_alpha": -4.5996192633773845, "log10_colsample_bytree": -0.686502947716505, "log10_eta": -2.435459283218466, "log10_lambda": -2.7261050122424146, "log10_min_child_weight": 0.14261087948135742, "log10_subsample": -0.1654357074002707, "max_depth": 4.0, "num_boost_round": 15.0}, "datetime": {"datetime": "2024-01-19 01:19:52", "elapsed": 4085.936847, "delta": 0.00416}}
{"target": -17.67510670154083, "params": {"gamma": 983.7199931660431, "log10_alpha": -4.5996192633773845, "log10_colsample_bytree": -0.686502947716505, "log10_eta": -2.435459283218466, "log10_lambda": -2.7261050122424146, "log10_min_child_weight": 0.14261087948135742, "log10_subsample": -0.1654357074002707, "max_depth": 4.0, "num_boost_round": 16.0}, "datetime": {"datetime": "2024-01-19 01:19:52", "elapsed": 4085.94104, "delta": 0.004193}}
{"target": -17.675096298232887, "params": {"gamma": 983.7199931660431, "log10_alpha": -4.5996192633773845, "log10_colsample_bytree": -0.686502947716505, "log10_eta": -2.435459283218466, "log10_lambda": -2.7261050122424146, "log10_min_child_weight": 0.14261087948135742, "log10_subsample": -0.1654357074002707, "max_depth": 4.0, "num_boost_round": 17.0}, "datetime": {"datetime": "2024-01-19 01:19:52", "elapsed": 4085.945233, "delta": 0.004193}}
{"target": -17.675026629022565, "params": {"gamma": 983.7199931660431, "log10_alpha": -4.5996192633773845, "log10_colsample_bytree": -0.686502947716505, "log10_eta": -2.435459283218466, "log10_lambda": -2.7261050122424146, "log10_min_child_weight": 0.14261087948135742, "log10_subsample": -0.1654357074002707, "max_depth": 4.0, "num_boost_round": 18.0}, "datetime": {"datetime": "2024-01-19 01:19:52", "elapsed": 4085.949422, "delta": 0.004189}}
{"target": -17.7122012401143, "params": {"gamma": 974.3971722474956, "log10_alpha": -4.651442822476686, "log10_colsample_bytree": -0.943063723995261, "log10_eta": -0.5142592586765442, "log10_lambda": -0.23141727002702428, "log10_min_child_weight": 1.6195807656327394, "log10_subsample": -0.34234309534862006, "max_depth": 7.0, "num_boost_round": 0.0}, "datetime": {"datetime": "2024-01-19 01:20:59", "elapsed": 4153.751538, "delta": 67.802116}}
{"target": -17.746886681613436, "params": {"gamma": 974.3971722474956, "log10_alpha": -4.651442822476686, "log10_colsample_bytree": -0.943063723995261, "log10_eta": -0.5142592586765442, "log10_lambda": -0.23141727002702428, "log10_min_child_weight": 1.6195807656327394, "log10_subsample": -0.34234309534862006, "max_depth": 7.0, "num_boost_round": 1.0}, "datetime": {"datetime": "2024-01-19 01:20:59", "elapsed": 4153.756709, "delta": 0.005171}}
{"target": -17.766926578795147, "params": {"gamma": 974.3971722474956, "log10_alpha": -4.651442822476686, "log10_colsample_bytree": -0.943063723995261, "log10_eta": -0.5142592586765442, "log10_lambda": -0.23141727002702428, "log10_min_child_weight": 1.6195807656327394, "log10_subsample": -0.34234309534862006, "max_depth": 7.0, "num_boost_round": 2.0}, "datetime": {"datetime": "2024-01-19 01:20:59", "elapsed": 4153.761039, "delta": 0.00433}}
{"target": -17.776756692881868, "params": {"gamma": 974.3971722474956, "log10_alpha": -4.651442822476686, "log10_colsample_bytree": -0.943063723995261, "log10_eta": -0.5142592586765442, "log10_lambda": -0.23141727002702428, "log10_min_child_weight": 1.6195807656327394, "log10_subsample": -0.34234309534862006, "max_depth": 7.0, "num_boost_round": 3.0}, "datetime": {"datetime": "2024-01-19 01:20:59", "elapsed": 4153.765328, "delta": 0.004289}}
{"target": -17.77881641564259, "params": {"gamma": 974.3971722474956, "log10_alpha": -4.651442822476686, "log10_colsample_bytree": -0.943063723995261, "log10_eta": -0.5142592586765442, "log10_lambda": -0.23141727002702428, "log10_min_child_weight": 1.6195807656327394, "log10_subsample": -0.34234309534862006, "max_depth": 7.0, "num_boost_round": 4.0}, "datetime": {"datetime": "2024-01-19 01:20:59", "elapsed": 4153.769711, "delta": 0.004383}}
{"target": -17.79678537231765, "params": {"gamma": 974.3971722474956, "log10_alpha": -4.651442822476686, "log10_colsample_bytree": -0.943063723995261, "log10_eta": -0.5142592586765442, "log10_lambda": -0.23141727002702428, "log10_min_child_weight": 1.6195807656327394, "log10_subsample": -0.34234309534862006, "max_depth": 7.0, "num_boost_round": 5.0}, "datetime": {"datetime": "2024-01-19 01:20:59", "elapsed": 4153.774002, "delta": 0.004291}}
{"target": -17.814054037408972, "params": {"gamma": 974.3971722474956, "log10_alpha": -4.651442822476686, "log10_colsample_bytree": -0.943063723995261, "log10_eta": -0.5142592586765442, "log10_lambda": -0.23141727002702428, "log10_min_child_weight": 1.6195807656327394, "log10_subsample": -0.34234309534862006, "max_depth": 7.0, "num_boost_round": 6.0}, "datetime": {"datetime": "2024-01-19 01:20:59", "elapsed": 4153.778304, "delta": 0.004302}}
{"target": -17.83152372553871, "params": {"gamma": 974.3971722474956, "log10_alpha": -4.651442822476686, "log10_colsample_bytree": -0.943063723995261, "log10_eta": -0.5142592586765442, "log10_lambda": -0.23141727002702428, "log10_min_child_weight": 1.6195807656327394, "log10_subsample": -0.34234309534862006, "max_depth": 7.0, "num_boost_round": 7.0}, "datetime": {"datetime": "2024-01-19 01:20:59", "elapsed": 4153.782756, "delta": 0.004452}}
{"target": -17.869577485075066, "params": {"gamma": 974.3971722474956, "log10_alpha": -4.651442822476686, "log10_colsample_bytree": -0.943063723995261, "log10_eta": -0.5142592586765442, "log10_lambda": -0.23141727002702428, "log10_min_child_weight": 1.6195807656327394, "log10_subsample": -0.34234309534862006, "max_depth": 7.0, "num_boost_round": 8.0}, "datetime": {"datetime": "2024-01-19 01:20:59", "elapsed": 4153.787097, "delta": 0.004341}}
{"target": -17.873652881592886, "params": {"gamma": 974.3971722474956, "log10_alpha": -4.651442822476686, "log10_colsample_bytree": -0.943063723995261, "log10_eta": -0.5142592586765442, "log10_lambda": -0.23141727002702428, "log10_min_child_weight": 1.6195807656327394, "log10_subsample": -0.34234309534862006, "max_depth": 7.0, "num_boost_round": 9.0}, "datetime": {"datetime": "2024-01-19 01:20:59", "elapsed": 4153.791538, "delta": 0.004441}}
{"target": -17.954827535242657, "params": {"gamma": 974.3971722474956, "log10_alpha": -4.651442822476686, "log10_colsample_bytree": -0.943063723995261, "log10_eta": -0.5142592586765442, "log10_lambda": -0.23141727002702428, "log10_min_child_weight": 1.6195807656327394, "log10_subsample": -0.34234309534862006, "max_depth": 7.0, "num_boost_round": 10.0}, "datetime": {"datetime": "2024-01-19 01:20:59", "elapsed": 4153.796056, "delta": 0.004518}}
{"target": -17.968498405926738, "params": {"gamma": 974.3971722474956, "log10_alpha": -4.651442822476686, "log10_colsample_bytree": -0.943063723995261, "log10_eta": -0.5142592586765442, "log10_lambda": -0.23141727002702428, "log10_min_child_weight": 1.6195807656327394, "log10_subsample": -0.34234309534862006, "max_depth": 7.0, "num_boost_round": 11.0}, "datetime": {"datetime": "2024-01-19 01:20:59", "elapsed": 4153.800477, "delta": 0.004421}}
{"target": -17.989492112745168, "params": {"gamma": 974.3971722474956, "log10_alpha": -4.651442822476686, "log10_colsample_bytree": -0.943063723995261, "log10_eta": -0.5142592586765442, "log10_lambda": -0.23141727002702428, "log10_min_child_weight": 1.6195807656327394, "log10_subsample": -0.34234309534862006, "max_depth": 7.0, "num_boost_round": 12.0}, "datetime": {"datetime": "2024-01-19 01:21:00", "elapsed": 4153.804998, "delta": 0.004521}}
{"target": -18.000313542411725, "params": {"gamma": 974.3971722474956, "log10_alpha": -4.651442822476686, "log10_colsample_bytree": -0.943063723995261, "log10_eta": -0.5142592586765442, "log10_lambda": -0.23141727002702428, "log10_min_child_weight": 1.6195807656327394, "log10_subsample": -0.34234309534862006, "max_depth": 7.0, "num_boost_round": 13.0}, "datetime": {"datetime": "2024-01-19 01:21:00", "elapsed": 4153.809495, "delta": 0.004497}}
{"target": -18.01594142220325, "params": {"gamma": 974.3971722474956, "log10_alpha": -4.651442822476686, "log10_colsample_bytree": -0.943063723995261, "log10_eta": -0.5142592586765442, "log10_lambda": -0.23141727002702428, "log10_min_child_weight": 1.6195807656327394, "log10_subsample": -0.34234309534862006, "max_depth": 7.0, "num_boost_round": 14.0}, "datetime": {"datetime": "2024-01-19 01:21:00", "elapsed": 4153.813887, "delta": 0.004392}}
{"target": -18.027291265208305, "params": {"gamma": 974.3971722474956, "log10_alpha": -4.651442822476686, "log10_colsample_bytree": -0.943063723995261, "log10_eta": -0.5142592586765442, "log10_lambda": -0.23141727002702428, "log10_min_child_weight": 1.6195807656327394, "log10_subsample": -0.34234309534862006, "max_depth": 7.0, "num_boost_round": 15.0}, "datetime": {"datetime": "2024-01-19 01:21:00", "elapsed": 4153.818412, "delta": 0.004525}}
{"target": -18.040228515232787, "params": {"gamma": 974.3971722474956, "log10_alpha": -4.651442822476686, "log10_colsample_bytree": -0.943063723995261, "log10_eta": -0.5142592586765442, "log10_lambda": -0.23141727002702428, "log10_min_child_weight": 1.6195807656327394, "log10_subsample": -0.34234309534862006, "max_depth": 7.0, "num_boost_round": 16.0}, "datetime": {"datetime": "2024-01-19 01:21:00", "elapsed": 4153.822935, "delta": 0.004523}}
{"target": -18.05223904433351, "params": {"gamma": 974.3971722474956, "log10_alpha": -4.651442822476686, "log10_colsample_bytree": -0.943063723995261, "log10_eta": -0.5142592586765442, "log10_lambda": -0.23141727002702428, "log10_min_child_weight": 1.6195807656327394, "log10_subsample": -0.34234309534862006, "max_depth": 7.0, "num_boost_round": 17.0}, "datetime": {"datetime": "2024-01-19 01:21:00", "elapsed": 4153.827324, "delta": 0.004389}}
{"target": -18.066347294091134, "params": {"gamma": 974.3971722474956, "log10_alpha": -4.651442822476686, "log10_colsample_bytree": -0.943063723995261, "log10_eta": -0.5142592586765442, "log10_lambda": -0.23141727002702428, "log10_min_child_weight": 1.6195807656327394, "log10_subsample": -0.34234309534862006, "max_depth": 7.0, "num_boost_round": 18.0}, "datetime": {"datetime": "2024-01-19 01:21:00", "elapsed": 4153.831778, "delta": 0.004454}}
{"target": -18.06889868007232, "params": {"gamma": 974.3971722474956, "log10_alpha": -4.651442822476686, "log10_colsample_bytree": -0.943063723995261, "log10_eta": -0.5142592586765442, "log10_lambda": -0.23141727002702428, "log10_min_child_weight": 1.6195807656327394, "log10_subsample": -0.34234309534862006, "max_depth": 7.0, "num_boost_round": 19.0}, "datetime": {"datetime": "2024-01-19 01:21:00", "elapsed": 4153.836359, "delta": 0.004581}}
{"target": -18.076399141597225, "params": {"gamma": 974.3971722474956, "log10_alpha": -4.651442822476686, "log10_colsample_bytree": -0.943063723995261, "log10_eta": -0.5142592586765442, "log10_lambda": -0.23141727002702428, "log10_min_child_weight": 1.6195807656327394, "log10_subsample": -0.34234309534862006, "max_depth": 7.0, "num_boost_round": 20.0}, "datetime": {"datetime": "2024-01-19 01:21:00", "elapsed": 4153.840836, "delta": 0.004477}}
{"target": -18.101917854879336, "params": {"gamma": 974.3971722474956, "log10_alpha": -4.651442822476686, "log10_colsample_bytree": -0.943063723995261, "log10_eta": -0.5142592586765442, "log10_lambda": -0.23141727002702428, "log10_min_child_weight": 1.6195807656327394, "log10_subsample": -0.34234309534862006, "max_depth": 7.0, "num_boost_round": 21.0}, "datetime": {"datetime": "2024-01-19 01:21:00", "elapsed": 4153.845323, "delta": 0.004487}}
{"target": -18.118448406543195, "params": {"gamma": 974.3971722474956, "log10_alpha": -4.651442822476686, "log10_colsample_bytree": -0.943063723995261, "log10_eta": -0.5142592586765442, "log10_lambda": -0.23141727002702428, "log10_min_child_weight": 1.6195807656327394, "log10_subsample": -0.34234309534862006, "max_depth": 7.0, "num_boost_round": 22.0}, "datetime": {"datetime": "2024-01-19 01:21:00", "elapsed": 4153.849824, "delta": 0.004501}}
{"target": -18.196897581769747, "params": {"gamma": 974.3971722474956, "log10_alpha": -4.651442822476686, "log10_colsample_bytree": -0.943063723995261, "log10_eta": -0.5142592586765442, "log10_lambda": -0.23141727002702428, "log10_min_child_weight": 1.6195807656327394, "log10_subsample": -0.34234309534862006, "max_depth": 7.0, "num_boost_round": 23.0}, "datetime": {"datetime": "2024-01-19 01:21:00", "elapsed": 4153.854217, "delta": 0.004393}}
{"target": -18.211684687442812, "params": {"gamma": 974.3971722474956, "log10_alpha": -4.651442822476686, "log10_colsample_bytree": -0.943063723995261, "log10_eta": -0.5142592586765442, "log10_lambda": -0.23141727002702428, "log10_min_child_weight": 1.6195807656327394, "log10_subsample": -0.34234309534862006, "max_depth": 7.0, "num_boost_round": 24.0}, "datetime": {"datetime": "2024-01-19 01:21:00", "elapsed": 4153.858724, "delta": 0.004507}}
{"target": -18.28214344626956, "params": {"gamma": 974.3971722474956, "log10_alpha": -4.651442822476686, "log10_colsample_bytree": -0.943063723995261, "log10_eta": -0.5142592586765442, "log10_lambda": -0.23141727002702428, "log10_min_child_weight": 1.6195807656327394, "log10_subsample": -0.34234309534862006, "max_depth": 7.0, "num_boost_round": 25.0}, "datetime": {"datetime": "2024-01-19 01:21:00", "elapsed": 4153.863301, "delta": 0.004577}}
{"target": -18.306111974045884, "params": {"gamma": 974.3971722474956, "log10_alpha": -4.651442822476686, "log10_colsample_bytree": -0.943063723995261, "log10_eta": -0.5142592586765442, "log10_lambda": -0.23141727002702428, "log10_min_child_weight": 1.6195807656327394, "log10_subsample": -0.34234309534862006, "max_depth": 7.0, "num_boost_round": 26.0}, "datetime": {"datetime": "2024-01-19 01:21:00", "elapsed": 4153.868569, "delta": 0.005268}}
{"target": -18.31468415601722, "params": {"gamma": 974.3971722474956, "log10_alpha": -4.651442822476686, "log10_colsample_bytree": -0.943063723995261, "log10_eta": -0.5142592586765442, "log10_lambda": -0.23141727002702428, "log10_min_child_weight": 1.6195807656327394, "log10_subsample": -0.34234309534862006, "max_depth": 7.0, "num_boost_round": 27.0}, "datetime": {"datetime": "2024-01-19 01:21:00", "elapsed": 4153.873207, "delta": 0.004638}}
{"target": -18.33360115643228, "params": {"gamma": 974.3971722474956, "log10_alpha": -4.651442822476686, "log10_colsample_bytree": -0.943063723995261, "log10_eta": -0.5142592586765442, "log10_lambda": -0.23141727002702428, "log10_min_child_weight": 1.6195807656327394, "log10_subsample": -0.34234309534862006, "max_depth": 7.0, "num_boost_round": 28.0}, "datetime": {"datetime": "2024-01-19 01:21:00", "elapsed": 4153.877927, "delta": 0.00472}}
{"target": -18.35388310283178, "params": {"gamma": 974.3971722474956, "log10_alpha": -4.651442822476686, "log10_colsample_bytree": -0.943063723995261, "log10_eta": -0.5142592586765442, "log10_lambda": -0.23141727002702428, "log10_min_child_weight": 1.6195807656327394, "log10_subsample": -0.34234309534862006, "max_depth": 7.0, "num_boost_round": 29.0}, "datetime": {"datetime": "2024-01-19 01:21:00", "elapsed": 4153.882467, "delta": 0.00454}}
{"target": -18.36442550023208, "params": {"gamma": 974.3971722474956, "log10_alpha": -4.651442822476686, "log10_colsample_bytree": -0.943063723995261, "log10_eta": -0.5142592586765442, "log10_lambda": -0.23141727002702428, "log10_min_child_weight": 1.6195807656327394, "log10_subsample": -0.34234309534862006, "max_depth": 7.0, "num_boost_round": 30.0}, "datetime": {"datetime": "2024-01-19 01:21:00", "elapsed": 4153.887476, "delta": 0.005009}}
{"target": -18.382174858553824, "params": {"gamma": 974.3971722474956, "log10_alpha": -4.651442822476686, "log10_colsample_bytree": -0.943063723995261, "log10_eta": -0.5142592586765442, "log10_lambda": -0.23141727002702428, "log10_min_child_weight": 1.6195807656327394, "log10_subsample": -0.34234309534862006, "max_depth": 7.0, "num_boost_round": 31.0}, "datetime": {"datetime": "2024-01-19 01:21:00", "elapsed": 4153.892552, "delta": 0.005076}}
{"target": -18.398864749131928, "params": {"gamma": 974.3971722474956, "log10_alpha": -4.651442822476686, "log10_colsample_bytree": -0.943063723995261, "log10_eta": -0.5142592586765442, "log10_lambda": -0.23141727002702428, "log10_min_child_weight": 1.6195807656327394, "log10_subsample": -0.34234309534862006, "max_depth": 7.0, "num_boost_round": 32.0}, "datetime": {"datetime": "2024-01-19 01:21:00", "elapsed": 4153.897212, "delta": 0.00466}}
{"target": -18.422617364917507, "params": {"gamma": 974.3971722474956, "log10_alpha": -4.651442822476686, "log10_colsample_bytree": -0.943063723995261, "log10_eta": -0.5142592586765442, "log10_lambda": -0.23141727002702428, "log10_min_child_weight": 1.6195807656327394, "log10_subsample": -0.34234309534862006, "max_depth": 7.0, "num_boost_round": 33.0}, "datetime": {"datetime": "2024-01-19 01:21:00", "elapsed": 4153.901638, "delta": 0.004426}}
{"target": -18.428129991538505, "params": {"gamma": 974.3971722474956, "log10_alpha": -4.651442822476686, "log10_colsample_bytree": -0.943063723995261, "log10_eta": -0.5142592586765442, "log10_lambda": -0.23141727002702428, "log10_min_child_weight": 1.6195807656327394, "log10_subsample": -0.34234309534862006, "max_depth": 7.0, "num_boost_round": 34.0}, "datetime": {"datetime": "2024-01-19 01:21:00", "elapsed": 4153.906028, "delta": 0.00439}}
