{"target": -17.676856884202092, "params": {"gamma": 430.5835291336506, "log10_alpha": -3.0641743860578696, "log10_colsample_bytree": -0.8076501359186942, "log10_eta": -2.6570347720264778, "log10_lambda": 0.4542312464256435, "log10_min_child_weight": 3.9256795779057234, "log10_subsample": -0.6679566052460638, "max_depth": 8.0, "num_boost_round": 23.0}, "datetime": {"datetime": "2024-01-19 00:22:57", "elapsed": 669.917595, "delta": 0.001421}}
{"target": -17.676836582731003, "params": {"gamma": 430.5835291336506, "log10_alpha": -3.0641743860578696, "log10_colsample_bytree": -0.8076501359186942, "log10_eta": -2.6570347720264778, "log10_lambda": 0.4542312464256435, "log10_min_child_weight": 3.9256795779057234, "log10_subsample": -0.6679566052460638, "max_depth": 8.0, "num_boost_round": 24.0}, "datetime": {"datetime": "2024-01-19 00:22:57", "elapsed": 669.919021, "delta": 0.001426}}
{"target": -17.67684845615877, "params": {"gamma": 430.5835291336506, "log10_alpha": -3.0641743860578696, "log10_colsample_bytree": -0.8076501359186942, "log10_eta": -2.6570347720264778, "log10_lambda": 0.4542312464256435, "log10_min_child_weight": 3.9256795779057234, "log10_subsample": -0.6679566052460638, "max_depth": 8.0, "num_boost_round": 25.0}, "datetime": {"datetime": "2024-01-19 00:22:57", "elapsed": 669.920448, "delta": 0.001427}}
{"target": -17.676892301695254, "params": {"gamma": 430.5835291336506, "log10_alpha": -3.0641743860578696, "log10_colsample_bytree": -0.8076501359186942, "log10_eta": -2.6570347720264778, "log10_lambda": 0.4542312464256435, "log10_min_child_weight": 3.9256795779057234, "log10_subsample": -0.6679566052460638, "max_depth": 8.0, "num_boost_round": 26.0}, "datetime": {"datetime": "2024-01-19 00:22:57", "elapsed": 669.921948, "delta": 0.0015}}
{"target": -17.676875535044392, "params": {"gamma": 430.5835291336506, "log10_alpha": -3.0641743860578696, "log10_colsample_bytree": -0.8076501359186942, "log10_eta": -2.6570347720264778, "log10_lambda": 0.4542312464256435, "log10_min_child_weight": 3.9256795779057234, "log10_subsample": -0.6679566052460638, "max_depth": 8.0, "num_boost_round": 27.0}, "datetime": {"datetime": "2024-01-19 00:22:57", "elapsed": 669.923361, "delta": 0.001413}}
{"target": -17.676838868642935, "params": {"gamma": 430.5835291336506, "log10_alpha": -3.0641743860578696, "log10_colsample_bytree": -0.8076501359186942, "log10_eta": -2.6570347720264778, "log10_lambda": 0.4542312464256435, "log10_min_child_weight": 3.9256795779057234, "log10_subsample": -0.6679566052460638, "max_depth": 8.0, "num_boost_round": 28.0}, "datetime": {"datetime": "2024-01-19 00:22:57", "elapsed": 669.929138, "delta": 0.005777}}
{"target": -17.676827633995302, "params": {"gamma": 430.5835291336506, "log10_alpha": -3.0641743860578696, "log10_colsample_bytree": -0.8076501359186942, "log10_eta": -2.6570347720264778, "log10_lambda": 0.4542312464256435, "log10_min_child_weight": 3.9256795779057234, "log10_subsample": -0.6679566052460638, "max_depth": 8.0, "num_boost_round": 29.0}, "datetime": {"datetime": "2024-01-19 00:22:57", "elapsed": 669.930682, "delta": 0.001544}}
{"target": -17.67676984439662, "params": {"gamma": 430.5835291336506, "log10_alpha": -3.0641743860578696, "log10_colsample_bytree": -0.8076501359186942, "log10_eta": -2.6570347720264778, "log10_lambda": 0.4542312464256435, "log10_min_child_weight": 3.9256795779057234, "log10_subsample": -0.6679566052460638, "max_depth": 8.0, "num_boost_round": 30.0}, "datetime": {"datetime": "2024-01-19 00:22:57", "elapsed": 669.932134, "delta": 0.001452}}
{"target": -17.676767540144724, "params": {"gamma": 430.5835291336506, "log10_alpha": -3.0641743860578696, "log10_colsample_bytree": -0.8076501359186942, "log10_eta": -2.6570347720264778, "log10_lambda": 0.4542312464256435, "log10_min_child_weight": 3.9256795779057234, "log10_subsample": -0.6679566052460638, "max_depth": 8.0, "num_boost_round": 31.0}, "datetime": {"datetime": "2024-01-19 00:22:57", "elapsed": 669.933563, "delta": 0.001429}}
{"target": -17.676832553586586, "params": {"gamma": 430.5835291336506, "log10_alpha": -3.0641743860578696, "log10_colsample_bytree": -0.8076501359186942, "log10_eta": -2.6570347720264778, "log10_lambda": 0.4542312464256435, "log10_min_child_weight": 3.9256795779057234, "log10_subsample": -0.6679566052460638, "max_depth": 8.0, "num_boost_round": 32.0}, "datetime": {"datetime": "2024-01-19 00:22:57", "elapsed": 669.935009, "delta": 0.001446}}
{"target": -17.676844064448975, "params": {"gamma": 430.5835291336506, "log10_alpha": -3.0641743860578696, "log10_colsample_bytree": -0.8076501359186942, "log10_eta": -2.6570347720264778, "log10_lambda": 0.4542312464256435, "log10_min_child_weight": 3.9256795779057234, "log10_subsample": -0.6679566052460638, "max_depth": 8.0, "num_boost_round": 33.0}, "datetime": {"datetime": "2024-01-19 00:22:57", "elapsed": 669.93645, "delta": 0.001441}}
{"target": -17.676843331071144, "params": {"gamma": 430.5835291336506, "log10_alpha": -3.0641743860578696, "log10_colsample_bytree": -0.8076501359186942, "log10_eta": -2.6570347720264778, "log10_lambda": 0.4542312464256435, "log10_min_child_weight": 3.9256795779057234, "log10_subsample": -0.6679566052460638, "max_depth": 8.0, "num_boost_round": 34.0}, "datetime": {"datetime": "2024-01-19 00:22:57", "elapsed": 669.937894, "delta": 0.001444}}
{"target": -17.67684734241786, "params": {"gamma": 430.5835291336506, "log10_alpha": -3.0641743860578696, "log10_colsample_bytree": -0.8076501359186942, "log10_eta": -2.6570347720264778, "log10_lambda": 0.4542312464256435, "log10_min_child_weight": 3.9256795779057234, "log10_subsample": -0.6679566052460638, "max_depth": 8.0, "num_boost_round": 35.0}, "datetime": {"datetime": "2024-01-19 00:22:57", "elapsed": 669.939334, "delta": 0.00144}}
{"target": -17.676850026706813, "params": {"gamma": 430.5835291336506, "log10_alpha": -3.0641743860578696, "log10_colsample_bytree": -0.8076501359186942, "log10_eta": -2.6570347720264778, "log10_lambda": 0.4542312464256435, "log10_min_child_weight": 3.9256795779057234, "log10_subsample": -0.6679566052460638, "max_depth": 8.0, "num_boost_round": 36.0}, "datetime": {"datetime": "2024-01-19 00:22:57", "elapsed": 669.940819, "delta": 0.001485}}
{"target": -17.676822283718728, "params": {"gamma": 430.5835291336506, "log10_alpha": -3.0641743860578696, "log10_colsample_bytree": -0.8076501359186942, "log10_eta": -2.6570347720264778, "log10_lambda": 0.4542312464256435, "log10_min_child_weight": 3.9256795779057234, "log10_subsample": -0.6679566052460638, "max_depth": 8.0, "num_boost_round": 37.0}, "datetime": {"datetime": "2024-01-19 00:22:57", "elapsed": 669.942252, "delta": 0.001433}}
{"target": -17.676799876963283, "params": {"gamma": 430.5835291336506, "log10_alpha": -3.0641743860578696, "log10_colsample_bytree": -0.8076501359186942, "log10_eta": -2.6570347720264778, "log10_lambda": 0.4542312464256435, "log10_min_child_weight": 3.9256795779057234, "log10_subsample": -0.6679566052460638, "max_depth": 8.0, "num_boost_round": 38.0}, "datetime": {"datetime": "2024-01-19 00:22:57", "elapsed": 669.943681, "delta": 0.001429}}
{"target": -17.67678575544183, "params": {"gamma": 430.5835291336506, "log10_alpha": -3.0641743860578696, "log10_colsample_bytree": -0.8076501359186942, "log10_eta": -2.6570347720264778, "log10_lambda": 0.4542312464256435, "log10_min_child_weight": 3.9256795779057234, "log10_subsample": -0.6679566052460638, "max_depth": 8.0, "num_boost_round": 39.0}, "datetime": {"datetime": "2024-01-19 00:22:57", "elapsed": 669.945112, "delta": 0.001431}}
{"target": -17.67684840632121, "params": {"gamma": 430.5835291336506, "log10_alpha": -3.0641743860578696, "log10_colsample_bytree": -0.8076501359186942, "log10_eta": -2.6570347720264778, "log10_lambda": 0.4542312464256435, "log10_min_child_weight": 3.9256795779057234, "log10_subsample": -0.6679566052460638, "max_depth": 8.0, "num_boost_round": 40.0}, "datetime": {"datetime": "2024-01-19 00:22:57", "elapsed": 669.946546, "delta": 0.001434}}
{"target": -17.67681776842389, "params": {"gamma": 430.5835291336506, "log10_alpha": -3.0641743860578696, "log10_colsample_bytree": -0.8076501359186942, "log10_eta": -2.6570347720264778, "log10_lambda": 0.4542312464256435, "log10_min_child_weight": 3.9256795779057234, "log10_subsample": -0.6679566052460638, "max_depth": 8.0, "num_boost_round": 41.0}, "datetime": {"datetime": "2024-01-19 00:22:57", "elapsed": 669.948102, "delta": 0.001556}}
{"target": -17.67687662330259, "params": {"gamma": 430.5835291336506, "log10_alpha": -3.0641743860578696, "log10_colsample_bytree": -0.8076501359186942, "log10_eta": -2.6570347720264778, "log10_lambda": 0.4542312464256435, "log10_min_child_weight": 3.9256795779057234, "log10_subsample": -0.6679566052460638, "max_depth": 8.0, "num_boost_round": 42.0}, "datetime": {"datetime": "2024-01-19 00:22:57", "elapsed": 669.94953, "delta": 0.001428}}
{"target": -17.676837505236318, "params": {"gamma": 430.5835291336506, "log10_alpha": -3.0641743860578696, "log10_colsample_bytree": -0.8076501359186942, "log10_eta": -2.6570347720264778, "log10_lambda": 0.4542312464256435, "log10_min_child_weight": 3.9256795779057234, "log10_subsample": -0.6679566052460638, "max_depth": 8.0, "num_boost_round": 43.0}, "datetime": {"datetime": "2024-01-19 00:22:57", "elapsed": 669.951108, "delta": 0.001578}}
{"target": -17.676840143470265, "params": {"gamma": 430.5835291336506, "log10_alpha": -3.0641743860578696, "log10_colsample_bytree": -0.8076501359186942, "log10_eta": -2.6570347720264778, "log10_lambda": 0.4542312464256435, "log10_min_child_weight": 3.9256795779057234, "log10_subsample": -0.6679566052460638, "max_depth": 8.0, "num_boost_round": 44.0}, "datetime": {"datetime": "2024-01-19 00:22:57", "elapsed": 669.952663, "delta": 0.001555}}
{"target": -17.67682544003765, "params": {"gamma": 430.5835291336506, "log10_alpha": -3.0641743860578696, "log10_colsample_bytree": -0.8076501359186942, "log10_eta": -2.6570347720264778, "log10_lambda": 0.4542312464256435, "log10_min_child_weight": 3.9256795779057234, "log10_subsample": -0.6679566052460638, "max_depth": 8.0, "num_boost_round": 45.0}, "datetime": {"datetime": "2024-01-19 00:22:57", "elapsed": 669.954156, "delta": 0.001493}}
{"target": -17.676830077511582, "params": {"gamma": 430.5835291336506, "log10_alpha": -3.0641743860578696, "log10_colsample_bytree": -0.8076501359186942, "log10_eta": -2.6570347720264778, "log10_lambda": 0.4542312464256435, "log10_min_child_weight": 3.9256795779057234, "log10_subsample": -0.6679566052460638, "max_depth": 8.0, "num_boost_round": 46.0}, "datetime": {"datetime": "2024-01-19 00:22:57", "elapsed": 669.955608, "delta": 0.001452}}
{"target": -17.676791679874977, "params": {"gamma": 430.5835291336506, "log10_alpha": -3.0641743860578696, "log10_colsample_bytree": -0.8076501359186942, "log10_eta": -2.6570347720264778, "log10_lambda": 0.4542312464256435, "log10_min_child_weight": 3.9256795779057234, "log10_subsample": -0.6679566052460638, "max_depth": 8.0, "num_boost_round": 47.0}, "datetime": {"datetime": "2024-01-19 00:22:57", "elapsed": 669.957056, "delta": 0.001448}}
{"target": -17.676784562784345, "params": {"gamma": 430.5835291336506, "log10_alpha": -3.0641743860578696, "log10_colsample_bytree": -0.8076501359186942, "log10_eta": -2.6570347720264778, "log10_lambda": 0.4542312464256435, "log10_min_child_weight": 3.9256795779057234, "log10_subsample": -0.6679566052460638, "max_depth": 8.0, "num_boost_round": 48.0}, "datetime": {"datetime": "2024-01-19 00:22:57", "elapsed": 669.95851, "delta": 0.001454}}
{"target": -17.676799135420797, "params": {"gamma": 430.5835291336506, "log10_alpha": -3.0641743860578696, "log10_colsample_bytree": -0.8076501359186942, "log10_eta": -2.6570347720264778, "log10_lambda": 0.4542312464256435, "log10_min_child_weight": 3.9256795779057234, "log10_subsample": -0.6679566052460638, "max_depth": 8.0, "num_boost_round": 49.0}, "datetime": {"datetime": "2024-01-19 00:22:57", "elapsed": 669.959947, "delta": 0.001437}}
{"target": -17.676771446428624, "params": {"gamma": 430.5835291336506, "log10_alpha": -3.0641743860578696, "log10_colsample_bytree": -0.8076501359186942, "log10_eta": -2.6570347720264778, "log10_lambda": 0.4542312464256435, "log10_min_child_weight": 3.9256795779057234, "log10_subsample": -0.6679566052460638, "max_depth": 8.0, "num_boost_round": 50.0}, "datetime": {"datetime": "2024-01-19 00:22:57", "elapsed": 669.961492, "delta": 0.001545}}
{"target": -17.676772049542993, "params": {"gamma": 430.5835291336506, "log10_alpha": -3.0641743860578696, "log10_colsample_bytree": -0.8076501359186942, "log10_eta": -2.6570347720264778, "log10_lambda": 0.4542312464256435, "log10_min_child_weight": 3.9256795779057234, "log10_subsample": -0.6679566052460638, "max_depth": 8.0, "num_boost_round": 51.0}, "datetime": {"datetime": "2024-01-19 00:22:57", "elapsed": 669.962926, "delta": 0.001434}}
{"target": -17.676756080086037, "params": {"gamma": 430.5835291336506, "log10_alpha": -3.0641743860578696, "log10_colsample_bytree": -0.8076501359186942, "log10_eta": -2.6570347720264778, "log10_lambda": 0.4542312464256435, "log10_min_child_weight": 3.9256795779057234, "log10_subsample": -0.6679566052460638, "max_depth": 8.0, "num_boost_round": 52.0}, "datetime": {"datetime": "2024-01-19 00:22:57", "elapsed": 669.964379, "delta": 0.001453}}
{"target": -17.676724496669564, "params": {"gamma": 430.5835291336506, "log10_alpha": -3.0641743860578696, "log10_colsample_bytree": -0.8076501359186942, "log10_eta": -2.6570347720264778, "log10_lambda": 0.4542312464256435, "log10_min_child_weight": 3.9256795779057234, "log10_subsample": -0.6679566052460638, "max_depth": 8.0, "num_boost_round": 53.0}, "datetime": {"datetime": "2024-01-19 00:22:57", "elapsed": 669.965857, "delta": 0.001478}}
{"target": -17.676904897392657, "params": {"gamma": 427.36031210799064, "log10_alpha": 0.03042686932140448, "log10_colsample_bytree": -0.7917706702658373, "log10_eta": -2.2891897740397815, "log10_lambda": -2.7671970236516854, "log10_min_child_weight": 1.6550061493024804, "log10_subsample": -0.8768294588539398, "max_depth": 6.0, "num_boost_round": 0.0}, "datetime": {"datetime": "2024-01-19 00:23:24", "elapsed": 697.097966, "delta": 27.132109}}
{"target": -17.676650195590355, "params": {"gamma": 427.36031210799064, "log10_alpha": 0.03042686932140448, "log10_colsample_bytree": -0.7917706702658373, "log10_eta": -2.2891897740397815, "log10_lambda": -2.7671970236516854, "log10_min_child_weight": 1.6550061493024804, "log10_subsample": -0.8768294588539398, "max_depth": 6.0, "num_boost_round": 1.0}, "datetime": {"datetime": "2024-01-19 00:23:24", "elapsed": 697.100169, "delta": 0.002203}}
{"target": -17.67618938381363, "params": {"gamma": 427.36031210799064, "log10_alpha": 0.03042686932140448, "log10_colsample_bytree": -0.7917706702658373, "log10_eta": -2.2891897740397815, "log10_lambda": -2.7671970236516854, "log10_min_child_weight": 1.6550061493024804, "log10_subsample": -0.8768294588539398, "max_depth": 6.0, "num_boost_round": 2.0}, "datetime": {"datetime": "2024-01-19 00:23:24", "elapsed": 697.102259, "delta": 0.00209}}
{"target": -17.676213316452294, "params": {"gamma": 427.36031210799064, "log10_alpha": 0.03042686932140448, "log10_colsample_bytree": -0.7917706702658373, "log10_eta": -2.2891897740397815, "log10_lambda": -2.7671970236516854, "log10_min_child_weight": 1.6550061493024804, "log10_subsample": -0.8768294588539398, "max_depth": 6.0, "num_boost_round": 3.0}, "datetime": {"datetime": "2024-01-19 00:23:24", "elapsed": 697.103907, "delta": 0.001648}}
{"target": -17.6758288186107, "params": {"gamma": 427.36031210799064, "log10_alpha": 0.03042686932140448, "log10_colsample_bytree": -0.7917706702658373, "log10_eta": -2.2891897740397815, "log10_lambda": -2.7671970236516854, "log10_min_child_weight": 1.6550061493024804, "log10_subsample": -0.8768294588539398, "max_depth": 6.0, "num_boost_round": 4.0}, "datetime": {"datetime": "2024-01-19 00:23:24", "elapsed": 697.105502, "delta": 0.001595}}
{"target": -17.675831446722224, "params": {"gamma": 427.36031210799064, "log10_alpha": 0.03042686932140448, "log10_colsample_bytree": -0.7917706702658373, "log10_eta": -2.2891897740397815, "log10_lambda": -2.7671970236516854, "log10_min_child_weight": 1.6550061493024804, "log10_subsample": -0.8768294588539398, "max_depth": 6.0, "num_boost_round": 5.0}, "datetime": {"datetime": "2024-01-19 00:23:24", "elapsed": 697.107102, "delta": 0.0016}}
{"target": -17.675750246637033, "params": {"gamma": 427.36031210799064, "log10_alpha": 0.03042686932140448, "log10_colsample_bytree": -0.7917706702658373, "log10_eta": -2.2891897740397815, "log10_lambda": -2.7671970236516854, "log10_min_child_weight": 1.6550061493024804, "log10_subsample": -0.8768294588539398, "max_depth": 6.0, "num_boost_round": 6.0}, "datetime": {"datetime": "2024-01-19 00:23:24", "elapsed": 697.108614, "delta": 0.001512}}
{"target": -17.675451316571106, "params": {"gamma": 427.36031210799064, "log10_alpha": 0.03042686932140448, "log10_colsample_bytree": -0.7917706702658373, "log10_eta": -2.2891897740397815, "log10_lambda": -2.7671970236516854, "log10_min_child_weight": 1.6550061493024804, "log10_subsample": -0.8768294588539398, "max_depth": 6.0, "num_boost_round": 7.0}, "datetime": {"datetime": "2024-01-19 00:23:24", "elapsed": 697.110168, "delta": 0.001554}}
{"target": -17.67551797560301, "params": {"gamma": 427.36031210799064, "log10_alpha": 0.03042686932140448, "log10_colsample_bytree": -0.7917706702658373, "log10_eta": -2.2891897740397815, "log10_lambda": -2.7671970236516854, "log10_min_child_weight": 1.6550061493024804, "log10_subsample": -0.8768294588539398, "max_depth": 6.0, "num_boost_round": 8.0}, "datetime": {"datetime": "2024-01-19 00:23:24", "elapsed": 697.111668, "delta": 0.0015}}
{"target": -17.675528227945918, "params": {"gamma": 427.36031210799064, "log10_alpha": 0.03042686932140448, "log10_colsample_bytree": -0.7917706702658373, "log10_eta": -2.2891897740397815, "log10_lambda": -2.7671970236516854, "log10_min_child_weight": 1.6550061493024804, "log10_subsample": -0.8768294588539398, "max_depth": 6.0, "num_boost_round": 9.0}, "datetime": {"datetime": "2024-01-19 00:23:24", "elapsed": 697.113248, "delta": 0.00158}}
{"target": -17.675161994178964, "params": {"gamma": 427.36031210799064, "log10_alpha": 0.03042686932140448, "log10_colsample_bytree": -0.7917706702658373, "log10_eta": -2.2891897740397815, "log10_lambda": -2.7671970236516854, "log10_min_child_weight": 1.6550061493024804, "log10_subsample": -0.8768294588539398, "max_depth": 6.0, "num_boost_round": 10.0}, "datetime": {"datetime": "2024-01-19 00:23:24", "elapsed": 697.114802, "delta": 0.001554}}
{"target": -17.675148363517938, "params": {"gamma": 427.36031210799064, "log10_alpha": 0.03042686932140448, "log10_colsample_bytree": -0.7917706702658373, "log10_eta": -2.2891897740397815, "log10_lambda": -2.7671970236516854, "log10_min_child_weight": 1.6550061493024804, "log10_subsample": -0.8768294588539398, "max_depth": 6.0, "num_boost_round": 11.0}, "datetime": {"datetime": "2024-01-19 00:23:24", "elapsed": 697.116349, "delta": 0.001547}}
{"target": -17.674874925066618, "params": {"gamma": 427.36031210799064, "log10_alpha": 0.03042686932140448, "log10_colsample_bytree": -0.7917706702658373, "log10_eta": -2.2891897740397815, "log10_lambda": -2.7671970236516854, "log10_min_child_weight": 1.6550061493024804, "log10_subsample": -0.8768294588539398, "max_depth": 6.0, "num_boost_round": 12.0}, "datetime": {"datetime": "2024-01-19 00:23:24", "elapsed": 697.117885, "delta": 0.001536}}
{"target": -17.674539264497604, "params": {"gamma": 427.36031210799064, "log10_alpha": 0.03042686932140448, "log10_colsample_bytree": -0.7917706702658373, "log10_eta": -2.2891897740397815, "log10_lambda": -2.7671970236516854, "log10_min_child_weight": 1.6550061493024804, "log10_subsample": -0.8768294588539398, "max_depth": 6.0, "num_boost_round": 13.0}, "datetime": {"datetime": "2024-01-19 00:23:24", "elapsed": 697.119468, "delta": 0.001583}}
{"target": -17.674499111917818, "params": {"gamma": 427.36031210799064, "log10_alpha": 0.03042686932140448, "log10_colsample_bytree": -0.7917706702658373, "log10_eta": -2.2891897740397815, "log10_lambda": -2.7671970236516854, "log10_min_child_weight": 1.6550061493024804, "log10_subsample": -0.8768294588539398, "max_depth": 6.0, "num_boost_round": 14.0}, "datetime": {"datetime": "2024-01-19 00:23:24", "elapsed": 697.120991, "delta": 0.001523}}
{"target": -17.67422550164983, "params": {"gamma": 427.36031210799064, "log10_alpha": 0.03042686932140448, "log10_colsample_bytree": -0.7917706702658373, "log10_eta": -2.2891897740397815, "log10_lambda": -2.7671970236516854, "log10_min_child_weight": 1.6550061493024804, "log10_subsample": -0.8768294588539398, "max_depth": 6.0, "num_boost_round": 15.0}, "datetime": {"datetime": "2024-01-19 00:23:24", "elapsed": 697.122547, "delta": 0.001556}}
{"target": -17.673980689831772, "params": {"gamma": 427.36031210799064, "log10_alpha": 0.03042686932140448, "log10_colsample_bytree": -0.7917706702658373, "log10_eta": -2.2891897740397815, "log10_lambda": -2.7671970236516854, "log10_min_child_weight": 1.6550061493024804, "log10_subsample": -0.8768294588539398, "max_depth": 6.0, "num_boost_round": 16.0}, "datetime": {"datetime": "2024-01-19 00:23:24", "elapsed": 697.124069, "delta": 0.001522}}
{"target": -17.67373950553979, "params": {"gamma": 427.36031210799064, "log10_alpha": 0.03042686932140448, "log10_colsample_bytree": -0.7917706702658373, "log10_eta": -2.2891897740397815, "log10_lambda": -2.7671970236516854, "log10_min_child_weight": 1.6550061493024804, "log10_subsample": -0.8768294588539398, "max_depth": 6.0, "num_boost_round": 17.0}, "datetime": {"datetime": "2024-01-19 00:23:24", "elapsed": 697.125669, "delta": 0.0016}}
