{"target": -17.677037036431912, "params": {"gamma": 877.2168762427002, "log10_alpha": -3.066417603663985, "log10_colsample_bytree": -0.4809149015363895, "log10_eta": -2.8533758869751273, "log10_lambda": -3.7262697213553553, "log10_min_child_weight": 2.4417158810355706, "log10_subsample": -0.9437361562097959, "max_depth": 6.0, "num_boost_round": 6.0}, "datetime": {"datetime": "2024-01-19 00:29:27", "elapsed": 1048.345206, "delta": 0.001332}}
{"target": -17.677016621438135, "params": {"gamma": 877.2168762427002, "log10_alpha": -3.066417603663985, "log10_colsample_bytree": -0.4809149015363895, "log10_eta": -2.8533758869751273, "log10_lambda": -3.7262697213553553, "log10_min_child_weight": 2.4417158810355706, "log10_subsample": -0.9437361562097959, "max_depth": 6.0, "num_boost_round": 7.0}, "datetime": {"datetime": "2024-01-19 00:29:27", "elapsed": 1048.346537, "delta": 0.001331}}
{"target": -17.67694898460415, "params": {"gamma": 877.2168762427002, "log10_alpha": -3.066417603663985, "log10_colsample_bytree": -0.4809149015363895, "log10_eta": -2.8533758869751273, "log10_lambda": -3.7262697213553553, "log10_min_child_weight": 2.4417158810355706, "log10_subsample": -0.9437361562097959, "max_depth": 6.0, "num_boost_round": 8.0}, "datetime": {"datetime": "2024-01-19 00:29:27", "elapsed": 1048.34786, "delta": 0.001323}}
{"target": -17.67688099777589, "params": {"gamma": 877.2168762427002, "log10_alpha": -3.066417603663985, "log10_colsample_bytree": -0.4809149015363895, "log10_eta": -2.8533758869751273, "log10_lambda": -3.7262697213553553, "log10_min_child_weight": 2.4417158810355706, "log10_subsample": -0.9437361562097959, "max_depth": 6.0, "num_boost_round": 9.0}, "datetime": {"datetime": "2024-01-19 00:29:27", "elapsed": 1048.349199, "delta": 0.001339}}
{"target": -17.676744003360348, "params": {"gamma": 877.2168762427002, "log10_alpha": -3.066417603663985, "log10_colsample_bytree": -0.4809149015363895, "log10_eta": -2.8533758869751273, "log10_lambda": -3.7262697213553553, "log10_min_child_weight": 2.4417158810355706, "log10_subsample": -0.9437361562097959, "max_depth": 6.0, "num_boost_round": 10.0}, "datetime": {"datetime": "2024-01-19 00:29:27", "elapsed": 1048.35567, "delta": 0.006471}}
{"target": -17.676705900051935, "params": {"gamma": 877.2168762427002, "log10_alpha": -3.066417603663985, "log10_colsample_bytree": -0.4809149015363895, "log10_eta": -2.8533758869751273, "log10_lambda": -3.7262697213553553, "log10_min_child_weight": 2.4417158810355706, "log10_subsample": -0.9437361562097959, "max_depth": 6.0, "num_boost_round": 11.0}, "datetime": {"datetime": "2024-01-19 00:29:27", "elapsed": 1048.357163, "delta": 0.001493}}
{"target": -17.676696202187856, "params": {"gamma": 877.2168762427002, "log10_alpha": -3.066417603663985, "log10_colsample_bytree": -0.4809149015363895, "log10_eta": -2.8533758869751273, "log10_lambda": -3.7262697213553553, "log10_min_child_weight": 2.4417158810355706, "log10_subsample": -0.9437361562097959, "max_depth": 6.0, "num_boost_round": 12.0}, "datetime": {"datetime": "2024-01-19 00:29:27", "elapsed": 1048.358539, "delta": 0.001376}}
{"target": -17.676695198415686, "params": {"gamma": 877.2168762427002, "log10_alpha": -3.066417603663985, "log10_colsample_bytree": -0.4809149015363895, "log10_eta": -2.8533758869751273, "log10_lambda": -3.7262697213553553, "log10_min_child_weight": 2.4417158810355706, "log10_subsample": -0.9437361562097959, "max_depth": 6.0, "num_boost_round": 13.0}, "datetime": {"datetime": "2024-01-19 00:29:27", "elapsed": 1048.359873, "delta": 0.001334}}
{"target": -17.676678312470788, "params": {"gamma": 877.2168762427002, "log10_alpha": -3.066417603663985, "log10_colsample_bytree": -0.4809149015363895, "log10_eta": -2.8533758869751273, "log10_lambda": -3.7262697213553553, "log10_min_child_weight": 2.4417158810355706, "log10_subsample": -0.9437361562097959, "max_depth": 6.0, "num_boost_round": 14.0}, "datetime": {"datetime": "2024-01-19 00:29:27", "elapsed": 1048.361289, "delta": 0.001416}}
{"target": -17.676605893021335, "params": {"gamma": 877.2168762427002, "log10_alpha": -3.066417603663985, "log10_colsample_bytree": -0.4809149015363895, "log10_eta": -2.8533758869751273, "log10_lambda": -3.7262697213553553, "log10_min_child_weight": 2.4417158810355706, "log10_subsample": -0.9437361562097959, "max_depth": 6.0, "num_boost_round": 15.0}, "datetime": {"datetime": "2024-01-19 00:29:27", "elapsed": 1048.362632, "delta": 0.001343}}
{"target": -17.676558832965263, "params": {"gamma": 877.2168762427002, "log10_alpha": -3.066417603663985, "log10_colsample_bytree": -0.4809149015363895, "log10_eta": -2.8533758869751273, "log10_lambda": -3.7262697213553553, "log10_min_child_weight": 2.4417158810355706, "log10_subsample": -0.9437361562097959, "max_depth": 6.0, "num_boost_round": 16.0}, "datetime": {"datetime": "2024-01-19 00:29:27", "elapsed": 1048.363968, "delta": 0.001336}}
{"target": -17.676608084303833, "params": {"gamma": 877.2168762427002, "log10_alpha": -3.066417603663985, "log10_colsample_bytree": -0.4809149015363895, "log10_eta": -2.8533758869751273, "log10_lambda": -3.7262697213553553, "log10_min_child_weight": 2.4417158810355706, "log10_subsample": -0.9437361562097959, "max_depth": 6.0, "num_boost_round": 17.0}, "datetime": {"datetime": "2024-01-19 00:29:27", "elapsed": 1048.3653, "delta": 0.001332}}
{"target": -17.67660851643059, "params": {"gamma": 877.2168762427002, "log10_alpha": -3.066417603663985, "log10_colsample_bytree": -0.4809149015363895, "log10_eta": -2.8533758869751273, "log10_lambda": -3.7262697213553553, "log10_min_child_weight": 2.4417158810355706, "log10_subsample": -0.9437361562097959, "max_depth": 6.0, "num_boost_round": 18.0}, "datetime": {"datetime": "2024-01-19 00:29:27", "elapsed": 1048.366638, "delta": 0.001338}}
{"target": -17.676588574581025, "params": {"gamma": 877.2168762427002, "log10_alpha": -3.066417603663985, "log10_colsample_bytree": -0.4809149015363895, "log10_eta": -2.8533758869751273, "log10_lambda": -3.7262697213553553, "log10_min_child_weight": 2.4417158810355706, "log10_subsample": -0.9437361562097959, "max_depth": 6.0, "num_boost_round": 19.0}, "datetime": {"datetime": "2024-01-19 00:29:27", "elapsed": 1048.367974, "delta": 0.001336}}
{"target": -17.67655677908506, "params": {"gamma": 877.2168762427002, "log10_alpha": -3.066417603663985, "log10_colsample_bytree": -0.4809149015363895, "log10_eta": -2.8533758869751273, "log10_lambda": -3.7262697213553553, "log10_min_child_weight": 2.4417158810355706, "log10_subsample": -0.9437361562097959, "max_depth": 6.0, "num_boost_round": 20.0}, "datetime": {"datetime": "2024-01-19 00:29:27", "elapsed": 1048.369313, "delta": 0.001339}}
{"target": -17.67648042104049, "params": {"gamma": 877.2168762427002, "log10_alpha": -3.066417603663985, "log10_colsample_bytree": -0.4809149015363895, "log10_eta": -2.8533758869751273, "log10_lambda": -3.7262697213553553, "log10_min_child_weight": 2.4417158810355706, "log10_subsample": -0.9437361562097959, "max_depth": 6.0, "num_boost_round": 21.0}, "datetime": {"datetime": "2024-01-19 00:29:27", "elapsed": 1048.370663, "delta": 0.00135}}
{"target": -17.676380577628976, "params": {"gamma": 877.2168762427002, "log10_alpha": -3.066417603663985, "log10_colsample_bytree": -0.4809149015363895, "log10_eta": -2.8533758869751273, "log10_lambda": -3.7262697213553553, "log10_min_child_weight": 2.4417158810355706, "log10_subsample": -0.9437361562097959, "max_depth": 6.0, "num_boost_round": 22.0}, "datetime": {"datetime": "2024-01-19 00:29:27", "elapsed": 1048.372169, "delta": 0.001506}}
{"target": -17.676301062714465, "params": {"gamma": 877.2168762427002, "log10_alpha": -3.066417603663985, "log10_colsample_bytree": -0.4809149015363895, "log10_eta": -2.8533758869751273, "log10_lambda": -3.7262697213553553, "log10_min_child_weight": 2.4417158810355706, "log10_subsample": -0.9437361562097959, "max_depth": 6.0, "num_boost_round": 23.0}, "datetime": {"datetime": "2024-01-19 00:29:27", "elapsed": 1048.373654, "delta": 0.001485}}
{"target": -17.676330190737612, "params": {"gamma": 877.2168762427002, "log10_alpha": -3.066417603663985, "log10_colsample_bytree": -0.4809149015363895, "log10_eta": -2.8533758869751273, "log10_lambda": -3.7262697213553553, "log10_min_child_weight": 2.4417158810355706, "log10_subsample": -0.9437361562097959, "max_depth": 6.0, "num_boost_round": 24.0}, "datetime": {"datetime": "2024-01-19 00:29:27", "elapsed": 1048.375039, "delta": 0.001385}}
{"target": -17.67628909035035, "params": {"gamma": 877.2168762427002, "log10_alpha": -3.066417603663985, "log10_colsample_bytree": -0.4809149015363895, "log10_eta": -2.8533758869751273, "log10_lambda": -3.7262697213553553, "log10_min_child_weight": 2.4417158810355706, "log10_subsample": -0.9437361562097959, "max_depth": 6.0, "num_boost_round": 25.0}, "datetime": {"datetime": "2024-01-19 00:29:27", "elapsed": 1048.376433, "delta": 0.001394}}
{"target": -17.676225844806506, "params": {"gamma": 877.2168762427002, "log10_alpha": -3.066417603663985, "log10_colsample_bytree": -0.4809149015363895, "log10_eta": -2.8533758869751273, "log10_lambda": -3.7262697213553553, "log10_min_child_weight": 2.4417158810355706, "log10_subsample": -0.9437361562097959, "max_depth": 6.0, "num_boost_round": 26.0}, "datetime": {"datetime": "2024-01-19 00:29:27", "elapsed": 1048.377781, "delta": 0.001348}}
{"target": -17.676206014975723, "params": {"gamma": 877.2168762427002, "log10_alpha": -3.066417603663985, "log10_colsample_bytree": -0.4809149015363895, "log10_eta": -2.8533758869751273, "log10_lambda": -3.7262697213553553, "log10_min_child_weight": 2.4417158810355706, "log10_subsample": -0.9437361562097959, "max_depth": 6.0, "num_boost_round": 27.0}, "datetime": {"datetime": "2024-01-19 00:29:27", "elapsed": 1048.379134, "delta": 0.001353}}
{"target": -17.676088777683812, "params": {"gamma": 877.2168762427002, "log10_alpha": -3.066417603663985, "log10_colsample_bytree": -0.4809149015363895, "log10_eta": -2.8533758869751273, "log10_lambda": -3.7262697213553553, "log10_min_child_weight": 2.4417158810355706, "log10_subsample": -0.9437361562097959, "max_depth": 6.0, "num_boost_round": 28.0}, "datetime": {"datetime": "2024-01-19 00:29:27", "elapsed": 1048.380577, "delta": 0.001443}}
{"target": -17.67602629037334, "params": {"gamma": 877.2168762427002, "log10_alpha": -3.066417603663985, "log10_colsample_bytree": -0.4809149015363895, "log10_eta": -2.8533758869751273, "log10_lambda": -3.7262697213553553, "log10_min_child_weight": 2.4417158810355706, "log10_subsample": -0.9437361562097959, "max_depth": 6.0, "num_boost_round": 29.0}, "datetime": {"datetime": "2024-01-19 00:29:27", "elapsed": 1048.38193, "delta": 0.001353}}
{"target": -17.67596300202424, "params": {"gamma": 877.2168762427002, "log10_alpha": -3.066417603663985, "log10_colsample_bytree": -0.4809149015363895, "log10_eta": -2.8533758869751273, "log10_lambda": -3.7262697213553553, "log10_min_child_weight": 2.4417158810355706, "log10_subsample": -0.9437361562097959, "max_depth": 6.0, "num_boost_round": 30.0}, "datetime": {"datetime": "2024-01-19 00:29:27", "elapsed": 1048.383282, "delta": 0.001352}}
{"target": -17.67583826614704, "params": {"gamma": 877.2168762427002, "log10_alpha": -3.066417603663985, "log10_colsample_bytree": -0.4809149015363895, "log10_eta": -2.8533758869751273, "log10_lambda": -3.7262697213553553, "log10_min_child_weight": 2.4417158810355706, "log10_subsample": -0.9437361562097959, "max_depth": 6.0, "num_boost_round": 31.0}, "datetime": {"datetime": "2024-01-19 00:29:27", "elapsed": 1048.38464, "delta": 0.001358}}
{"target": -17.67576901426894, "params": {"gamma": 877.2168762427002, "log10_alpha": -3.066417603663985, "log10_colsample_bytree": -0.4809149015363895, "log10_eta": -2.8533758869751273, "log10_lambda": -3.7262697213553553, "log10_min_child_weight": 2.4417158810355706, "log10_subsample": -0.9437361562097959, "max_depth": 6.0, "num_boost_round": 32.0}, "datetime": {"datetime": "2024-01-19 00:29:27", "elapsed": 1048.385998, "delta": 0.001358}}
{"target": -17.675721920262657, "params": {"gamma": 877.2168762427002, "log10_alpha": -3.066417603663985, "log10_colsample_bytree": -0.4809149015363895, "log10_eta": -2.8533758869751273, "log10_lambda": -3.7262697213553553, "log10_min_child_weight": 2.4417158810355706, "log10_subsample": -0.9437361562097959, "max_depth": 6.0, "num_boost_round": 33.0}, "datetime": {"datetime": "2024-01-19 00:29:27", "elapsed": 1048.38735, "delta": 0.001352}}
{"target": -17.675684932218815, "params": {"gamma": 877.2168762427002, "log10_alpha": -3.066417603663985, "log10_colsample_bytree": -0.4809149015363895, "log10_eta": -2.8533758869751273, "log10_lambda": -3.7262697213553553, "log10_min_child_weight": 2.4417158810355706, "log10_subsample": -0.9437361562097959, "max_depth": 6.0, "num_boost_round": 34.0}, "datetime": {"datetime": "2024-01-19 00:29:27", "elapsed": 1048.388704, "delta": 0.001354}}
{"target": -17.67572537508189, "params": {"gamma": 877.2168762427002, "log10_alpha": -3.066417603663985, "log10_colsample_bytree": -0.4809149015363895, "log10_eta": -2.8533758869751273, "log10_lambda": -3.7262697213553553, "log10_min_child_weight": 2.4417158810355706, "log10_subsample": -0.9437361562097959, "max_depth": 6.0, "num_boost_round": 35.0}, "datetime": {"datetime": "2024-01-19 00:29:27", "elapsed": 1048.390056, "delta": 0.001352}}
{"target": -17.67574405070681, "params": {"gamma": 877.2168762427002, "log10_alpha": -3.066417603663985, "log10_colsample_bytree": -0.4809149015363895, "log10_eta": -2.8533758869751273, "log10_lambda": -3.7262697213553553, "log10_min_child_weight": 2.4417158810355706, "log10_subsample": -0.9437361562097959, "max_depth": 6.0, "num_boost_round": 36.0}, "datetime": {"datetime": "2024-01-19 00:29:27", "elapsed": 1048.391419, "delta": 0.001363}}
{"target": -17.675768709278294, "params": {"gamma": 877.2168762427002, "log10_alpha": -3.066417603663985, "log10_colsample_bytree": -0.4809149015363895, "log10_eta": -2.8533758869751273, "log10_lambda": -3.7262697213553553, "log10_min_child_weight": 2.4417158810355706, "log10_subsample": -0.9437361562097959, "max_depth": 6.0, "num_boost_round": 37.0}, "datetime": {"datetime": "2024-01-19 00:29:27", "elapsed": 1048.392853, "delta": 0.001434}}
{"target": -17.67573448376526, "params": {"gamma": 877.2168762427002, "log10_alpha": -3.066417603663985, "log10_colsample_bytree": -0.4809149015363895, "log10_eta": -2.8533758869751273, "log10_lambda": -3.7262697213553553, "log10_min_child_weight": 2.4417158810355706, "log10_subsample": -0.9437361562097959, "max_depth": 6.0, "num_boost_round": 38.0}, "datetime": {"datetime": "2024-01-19 00:29:27", "elapsed": 1048.394548, "delta": 0.001695}}
{"target": -17.675647608239114, "params": {"gamma": 877.2168762427002, "log10_alpha": -3.066417603663985, "log10_colsample_bytree": -0.4809149015363895, "log10_eta": -2.8533758869751273, "log10_lambda": -3.7262697213553553, "log10_min_child_weight": 2.4417158810355706, "log10_subsample": -0.9437361562097959, "max_depth": 6.0, "num_boost_round": 39.0}, "datetime": {"datetime": "2024-01-19 00:29:27", "elapsed": 1048.396354, "delta": 0.001806}}
{"target": -17.675599755530516, "params": {"gamma": 877.2168762427002, "log10_alpha": -3.066417603663985, "log10_colsample_bytree": -0.4809149015363895, "log10_eta": -2.8533758869751273, "log10_lambda": -3.7262697213553553, "log10_min_child_weight": 2.4417158810355706, "log10_subsample": -0.9437361562097959, "max_depth": 6.0, "num_boost_round": 40.0}, "datetime": {"datetime": "2024-01-19 00:29:27", "elapsed": 1048.397893, "delta": 0.001539}}
{"target": -17.677226898863328, "params": {"gamma": 878.755363482746, "log10_alpha": -1.6382975253415735, "log10_colsample_bytree": -0.8329281005071958, "log10_eta": -3.544474755373666, "log10_lambda": -4.389273995982496, "log10_min_child_weight": 1.0503490256249641, "log10_subsample": -0.3351610493861642, "max_depth": 2.0, "num_boost_round": 0.0}, "datetime": {"datetime": "2024-01-19 00:29:57", "elapsed": 1078.427262, "delta": 30.029369}}
{"target": -17.67721693040291, "params": {"gamma": 878.755363482746, "log10_alpha": -1.6382975253415735, "log10_colsample_bytree": -0.8329281005071958, "log10_eta": -3.544474755373666, "log10_lambda": -4.389273995982496, "log10_min_child_weight": 1.0503490256249641, "log10_subsample": -0.3351610493861642, "max_depth": 2.0, "num_boost_round": 1.0}, "datetime": {"datetime": "2024-01-19 00:29:57", "elapsed": 1078.429261, "delta": 0.001999}}
{"target": -17.677212319602194, "params": {"gamma": 878.755363482746, "log10_alpha": -1.6382975253415735, "log10_colsample_bytree": -0.8329281005071958, "log10_eta": -3.544474755373666, "log10_lambda": -4.389273995982496, "log10_min_child_weight": 1.0503490256249641, "log10_subsample": -0.3351610493861642, "max_depth": 2.0, "num_boost_round": 2.0}, "datetime": {"datetime": "2024-01-19 00:29:57", "elapsed": 1078.431123, "delta": 0.001862}}
{"target": -17.67721096920026, "params": {"gamma": 878.755363482746, "log10_alpha": -1.6382975253415735, "log10_colsample_bytree": -0.8329281005071958, "log10_eta": -3.544474755373666, "log10_lambda": -4.389273995982496, "log10_min_child_weight": 1.0503490256249641, "log10_subsample": -0.3351610493861642, "max_depth": 2.0, "num_boost_round": 3.0}, "datetime": {"datetime": "2024-01-19 00:29:57", "elapsed": 1078.43293, "delta": 0.001807}}
{"target": -17.677205984448403, "params": {"gamma": 878.755363482746, "log10_alpha": -1.6382975253415735, "log10_colsample_bytree": -0.8329281005071958, "log10_eta": -3.544474755373666, "log10_lambda": -4.389273995982496, "log10_min_child_weight": 1.0503490256249641, "log10_subsample": -0.3351610493861642, "max_depth": 2.0, "num_boost_round": 4.0}, "datetime": {"datetime": "2024-01-19 00:29:57", "elapsed": 1078.434337, "delta": 0.001407}}
{"target": -17.67719816025593, "params": {"gamma": 878.755363482746, "log10_alpha": -1.6382975253415735, "log10_colsample_bytree": -0.8329281005071958, "log10_eta": -3.544474755373666, "log10_lambda": -4.389273995982496, "log10_min_child_weight": 1.0503490256249641, "log10_subsample": -0.3351610493861642, "max_depth": 2.0, "num_boost_round": 5.0}, "datetime": {"datetime": "2024-01-19 00:29:57", "elapsed": 1078.435717, "delta": 0.00138}}
{"target": -17.677197130146595, "params": {"gamma": 878.755363482746, "log10_alpha": -1.6382975253415735, "log10_colsample_bytree": -0.8329281005071958, "log10_eta": -3.544474755373666, "log10_lambda": -4.389273995982496, "log10_min_child_weight": 1.0503490256249641, "log10_subsample": -0.3351610493861642, "max_depth": 2.0, "num_boost_round": 6.0}, "datetime": {"datetime": "2024-01-19 00:29:57", "elapsed": 1078.437212, "delta": 0.001495}}
{"target": -17.677189478182875, "params": {"gamma": 878.755363482746, "log10_alpha": -1.6382975253415735, "log10_colsample_bytree": -0.8329281005071958, "log10_eta": -3.544474755373666, "log10_lambda": -4.389273995982496, "log10_min_child_weight": 1.0503490256249641, "log10_subsample": -0.3351610493861642, "max_depth": 2.0, "num_boost_round": 7.0}, "datetime": {"datetime": "2024-01-19 00:29:57", "elapsed": 1078.438578, "delta": 0.001366}}
{"target": -17.677191668276276, "params": {"gamma": 878.755363482746, "log10_alpha": -1.6382975253415735, "log10_colsample_bytree": -0.8329281005071958, "log10_eta": -3.544474755373666, "log10_lambda": -4.389273995982496, "log10_min_child_weight": 1.0503490256249641, "log10_subsample": -0.3351610493861642, "max_depth": 2.0, "num_boost_round": 8.0}, "datetime": {"datetime": "2024-01-19 00:29:57", "elapsed": 1078.439938, "delta": 0.00136}}
{"target": -17.67718720038113, "params": {"gamma": 878.755363482746, "log10_alpha": -1.6382975253415735, "log10_colsample_bytree": -0.8329281005071958, "log10_eta": -3.544474755373666, "log10_lambda": -4.389273995982496, "log10_min_child_weight": 1.0503490256249641, "log10_subsample": -0.3351610493861642, "max_depth": 2.0, "num_boost_round": 9.0}, "datetime": {"datetime": "2024-01-19 00:29:57", "elapsed": 1078.44139, "delta": 0.001452}}
{"target": -17.677178860421822, "params": {"gamma": 878.755363482746, "log10_alpha": -1.6382975253415735, "log10_colsample_bytree": -0.8329281005071958, "log10_eta": -3.544474755373666, "log10_lambda": -4.389273995982496, "log10_min_child_weight": 1.0503490256249641, "log10_subsample": -0.3351610493861642, "max_depth": 2.0, "num_boost_round": 10.0}, "datetime": {"datetime": "2024-01-19 00:29:57", "elapsed": 1078.442773, "delta": 0.001383}}
{"target": -17.677171019250117, "params": {"gamma": 878.755363482746, "log10_alpha": -1.6382975253415735, "log10_colsample_bytree": -0.8329281005071958, "log10_eta": -3.544474755373666, "log10_lambda": -4.389273995982496, "log10_min_child_weight": 1.0503490256249641, "log10_subsample": -0.3351610493861642, "max_depth": 2.0, "num_boost_round": 11.0}, "datetime": {"datetime": "2024-01-19 00:29:57", "elapsed": 1078.444133, "delta": 0.00136}}
{"target": -17.677164257216436, "params": {"gamma": 878.755363482746, "log10_alpha": -1.6382975253415735, "log10_colsample_bytree": -0.8329281005071958, "log10_eta": -3.544474755373666, "log10_lambda": -4.389273995982496, "log10_min_child_weight": 1.0503490256249641, "log10_subsample": -0.3351610493861642, "max_depth": 2.0, "num_boost_round": 12.0}, "datetime": {"datetime": "2024-01-19 00:29:57", "elapsed": 1078.445526, "delta": 0.001393}}
{"target": -17.67715539761441, "params": {"gamma": 878.755363482746, "log10_alpha": -1.6382975253415735, "log10_colsample_bytree": -0.8329281005071958, "log10_eta": -3.544474755373666, "log10_lambda": -4.389273995982496, "log10_min_child_weight": 1.0503490256249641, "log10_subsample": -0.3351610493861642, "max_depth": 2.0, "num_boost_round": 13.0}, "datetime": {"datetime": "2024-01-19 00:29:57", "elapsed": 1078.446894, "delta": 0.001368}}
