{"target": -17.677225023360915, "params": {"gamma": 837.1088001818766, "log10_alpha": -4.044001428493363, "log10_colsample_bytree": -0.3757957543217457, "log10_eta": -3.8082747037115614, "log10_lambda": -1.635207755299593, "log10_min_child_weight": 1.2508377319705226, "log10_subsample": -0.8859589860856364, "max_depth": 6.0, "num_boost_round": 0.0}, "datetime": {"datetime": "2024-01-19 01:54:46", "elapsed": 6171.368219, "delta": 102.067523}}
{"target": -17.677212772824618, "params": {"gamma": 837.1088001818766, "log10_alpha": -4.044001428493363, "log10_colsample_bytree": -0.3757957543217457, "log10_eta": -3.8082747037115614, "log10_lambda": -1.635207755299593, "log10_min_child_weight": 1.2508377319705226, "log10_subsample": -0.8859589860856364, "max_depth": 6.0, "num_boost_round": 1.0}, "datetime": {"datetime": "2024-01-19 01:54:46", "elapsed": 6171.376396, "delta": 0.008177}}
{"target": -17.67720499437233, "params": {"gamma": 837.1088001818766, "log10_alpha": -4.044001428493363, "log10_colsample_bytree": -0.3757957543217457, "log10_eta": -3.8082747037115614, "log10_lambda": -1.635207755299593, "log10_min_child_weight": 1.2508377319705226, "log10_subsample": -0.8859589860856364, "max_depth": 6.0, "num_boost_round": 2.0}, "datetime": {"datetime": "2024-01-19 01:54:46", "elapsed": 6171.383606, "delta": 0.00721}}
{"target": -17.677200512073373, "params": {"gamma": 837.1088001818766, "log10_alpha": -4.044001428493363, "log10_colsample_bytree": -0.3757957543217457, "log10_eta": -3.8082747037115614, "log10_lambda": -1.635207755299593, "log10_min_child_weight": 1.2508377319705226, "log10_subsample": -0.8859589860856364, "max_depth": 6.0, "num_boost_round": 3.0}, "datetime": {"datetime": "2024-01-19 01:54:46", "elapsed": 6171.390743, "delta": 0.007137}}
{"target": -17.677190386598507, "params": {"gamma": 837.1088001818766, "log10_alpha": -4.044001428493363, "log10_colsample_bytree": -0.3757957543217457, "log10_eta": -3.8082747037115614, "log10_lambda": -1.635207755299593, "log10_min_child_weight": 1.2508377319705226, "log10_subsample": -0.8859589860856364, "max_depth": 6.0, "num_boost_round": 4.0}, "datetime": {"datetime": "2024-01-19 01:54:46", "elapsed": 6171.397578, "delta": 0.006835}}
{"target": -17.6771918023817, "params": {"gamma": 837.1088001818766, "log10_alpha": -4.044001428493363, "log10_colsample_bytree": -0.3757957543217457, "log10_eta": -3.8082747037115614, "log10_lambda": -1.635207755299593, "log10_min_child_weight": 1.2508377319705226, "log10_subsample": -0.8859589860856364, "max_depth": 6.0, "num_boost_round": 5.0}, "datetime": {"datetime": "2024-01-19 01:54:46", "elapsed": 6171.404659, "delta": 0.007081}}
{"target": -17.677189652580715, "params": {"gamma": 837.1088001818766, "log10_alpha": -4.044001428493363, "log10_colsample_bytree": -0.3757957543217457, "log10_eta": -3.8082747037115614, "log10_lambda": -1.635207755299593, "log10_min_child_weight": 1.2508377319705226, "log10_subsample": -0.8859589860856364, "max_depth": 6.0, "num_boost_round": 6.0}, "datetime": {"datetime": "2024-01-19 01:54:46", "elapsed": 6171.411718, "delta": 0.007059}}
{"target": -17.67718869951552, "params": {"gamma": 837.1088001818766, "log10_alpha": -4.044001428493363, "log10_colsample_bytree": -0.3757957543217457, "log10_eta": -3.8082747037115614, "log10_lambda": -1.635207755299593, "log10_min_child_weight": 1.2508377319705226, "log10_subsample": -0.8859589860856364, "max_depth": 6.0, "num_boost_round": 7.0}, "datetime": {"datetime": "2024-01-19 01:54:46", "elapsed": 6171.418487, "delta": 0.006769}}
{"target": -17.677188664704467, "params": {"gamma": 837.1088001818766, "log10_alpha": -4.044001428493363, "log10_colsample_bytree": -0.3757957543217457, "log10_eta": -3.8082747037115614, "log10_lambda": -1.635207755299593, "log10_min_child_weight": 1.2508377319705226, "log10_subsample": -0.8859589860856364, "max_depth": 6.0, "num_boost_round": 8.0}, "datetime": {"datetime": "2024-01-19 01:54:46", "elapsed": 6171.425576, "delta": 0.007089}}
{"target": -17.677183709521888, "params": {"gamma": 837.1088001818766, "log10_alpha": -4.044001428493363, "log10_colsample_bytree": -0.3757957543217457, "log10_eta": -3.8082747037115614, "log10_lambda": -1.635207755299593, "log10_min_child_weight": 1.2508377319705226, "log10_subsample": -0.8859589860856364, "max_depth": 6.0, "num_boost_round": 9.0}, "datetime": {"datetime": "2024-01-19 01:54:46", "elapsed": 6171.43226, "delta": 0.006684}}
{"target": -17.677179999516206, "params": {"gamma": 837.1088001818766, "log10_alpha": -4.044001428493363, "log10_colsample_bytree": -0.3757957543217457, "log10_eta": -3.8082747037115614, "log10_lambda": -1.635207755299593, "log10_min_child_weight": 1.2508377319705226, "log10_subsample": -0.8859589860856364, "max_depth": 6.0, "num_boost_round": 10.0}, "datetime": {"datetime": "2024-01-19 01:54:46", "elapsed": 6171.439031, "delta": 0.006771}}
{"target": -17.67717638636868, "params": {"gamma": 837.1088001818766, "log10_alpha": -4.044001428493363, "log10_colsample_bytree": -0.3757957543217457, "log10_eta": -3.8082747037115614, "log10_lambda": -1.635207755299593, "log10_min_child_weight": 1.2508377319705226, "log10_subsample": -0.8859589860856364, "max_depth": 6.0, "num_boost_round": 11.0}, "datetime": {"datetime": "2024-01-19 01:54:46", "elapsed": 6171.446106, "delta": 0.007075}}
{"target": -17.677171288625015, "params": {"gamma": 837.1088001818766, "log10_alpha": -4.044001428493363, "log10_colsample_bytree": -0.3757957543217457, "log10_eta": -3.8082747037115614, "log10_lambda": -1.635207755299593, "log10_min_child_weight": 1.2508377319705226, "log10_subsample": -0.8859589860856364, "max_depth": 6.0, "num_boost_round": 12.0}, "datetime": {"datetime": "2024-01-19 01:54:46", "elapsed": 6171.452864, "delta": 0.006758}}
{"target": -17.67715042667437, "params": {"gamma": 837.1088001818766, "log10_alpha": -4.044001428493363, "log10_colsample_bytree": -0.3757957543217457, "log10_eta": -3.8082747037115614, "log10_lambda": -1.635207755299593, "log10_min_child_weight": 1.2508377319705226, "log10_subsample": -0.8859589860856364, "max_depth": 6.0, "num_boost_round": 13.0}, "datetime": {"datetime": "2024-01-19 01:54:46", "elapsed": 6171.459369, "delta": 0.006505}}
{"target": -17.677147300119504, "params": {"gamma": 837.1088001818766, "log10_alpha": -4.044001428493363, "log10_colsample_bytree": -0.3757957543217457, "log10_eta": -3.8082747037115614, "log10_lambda": -1.635207755299593, "log10_min_child_weight": 1.2508377319705226, "log10_subsample": -0.8859589860856364, "max_depth": 6.0, "num_boost_round": 14.0}, "datetime": {"datetime": "2024-01-19 01:54:46", "elapsed": 6171.465911, "delta": 0.006542}}
{"target": -17.677144921205993, "params": {"gamma": 837.1088001818766, "log10_alpha": -4.044001428493363, "log10_colsample_bytree": -0.3757957543217457, "log10_eta": -3.8082747037115614, "log10_lambda": -1.635207755299593, "log10_min_child_weight": 1.2508377319705226, "log10_subsample": -0.8859589860856364, "max_depth": 6.0, "num_boost_round": 15.0}, "datetime": {"datetime": "2024-01-19 01:54:46", "elapsed": 6171.472587, "delta": 0.006676}}
{"target": -17.677132065168912, "params": {"gamma": 837.1088001818766, "log10_alpha": -4.044001428493363, "log10_colsample_bytree": -0.3757957543217457, "log10_eta": -3.8082747037115614, "log10_lambda": -1.635207755299593, "log10_min_child_weight": 1.2508377319705226, "log10_subsample": -0.8859589860856364, "max_depth": 6.0, "num_boost_round": 16.0}, "datetime": {"datetime": "2024-01-19 01:54:46", "elapsed": 6171.479277, "delta": 0.00669}}
{"target": -17.677128285749774, "params": {"gamma": 837.1088001818766, "log10_alpha": -4.044001428493363, "log10_colsample_bytree": -0.3757957543217457, "log10_eta": -3.8082747037115614, "log10_lambda": -1.635207755299593, "log10_min_child_weight": 1.2508377319705226, "log10_subsample": -0.8859589860856364, "max_depth": 6.0, "num_boost_round": 17.0}, "datetime": {"datetime": "2024-01-19 01:54:47", "elapsed": 6171.613796, "delta": 0.134519}}
{"target": -17.677130283469513, "params": {"gamma": 837.1088001818766, "log10_alpha": -4.044001428493363, "log10_colsample_bytree": -0.3757957543217457, "log10_eta": -3.8082747037115614, "log10_lambda": -1.635207755299593, "log10_min_child_weight": 1.2508377319705226, "log10_subsample": -0.8859589860856364, "max_depth": 6.0, "num_boost_round": 18.0}, "datetime": {"datetime": "2024-01-19 01:54:47", "elapsed": 6171.621031, "delta": 0.007235}}
{"target": -17.677104020993628, "params": {"gamma": 837.1088001818766, "log10_alpha": -4.044001428493363, "log10_colsample_bytree": -0.3757957543217457, "log10_eta": -3.8082747037115614, "log10_lambda": -1.635207755299593, "log10_min_child_weight": 1.2508377319705226, "log10_subsample": -0.8859589860856364, "max_depth": 6.0, "num_boost_round": 19.0}, "datetime": {"datetime": "2024-01-19 01:54:47", "elapsed": 6171.627678, "delta": 0.006647}}
{"target": -17.677093676524365, "params": {"gamma": 837.1088001818766, "log10_alpha": -4.044001428493363, "log10_colsample_bytree": -0.3757957543217457, "log10_eta": -3.8082747037115614, "log10_lambda": -1.635207755299593, "log10_min_child_weight": 1.2508377319705226, "log10_subsample": -0.8859589860856364, "max_depth": 6.0, "num_boost_round": 20.0}, "datetime": {"datetime": "2024-01-19 01:54:47", "elapsed": 6171.634026, "delta": 0.006348}}
{"target": -17.677096243630213, "params": {"gamma": 837.1088001818766, "log10_alpha": -4.044001428493363, "log10_colsample_bytree": -0.3757957543217457, "log10_eta": -3.8082747037115614, "log10_lambda": -1.635207755299593, "log10_min_child_weight": 1.2508377319705226, "log10_subsample": -0.8859589860856364, "max_depth": 6.0, "num_boost_round": 21.0}, "datetime": {"datetime": "2024-01-19 01:54:47", "elapsed": 6171.640436, "delta": 0.00641}}
{"target": -17.677086197904785, "params": {"gamma": 837.1088001818766, "log10_alpha": -4.044001428493363, "log10_colsample_bytree": -0.3757957543217457, "log10_eta": -3.8082747037115614, "log10_lambda": -1.635207755299593, "log10_min_child_weight": 1.2508377319705226, "log10_subsample": -0.8859589860856364, "max_depth": 6.0, "num_boost_round": 22.0}, "datetime": {"datetime": "2024-01-19 01:54:47", "elapsed": 6171.647035, "delta": 0.006599}}
{"target": -17.67707770713573, "params": {"gamma": 837.1088001818766, "log10_alpha": -4.044001428493363, "log10_colsample_bytree": -0.3757957543217457, "log10_eta": -3.8082747037115614, "log10_lambda": -1.635207755299593, "log10_min_child_weight": 1.2508377319705226, "log10_subsample": -0.8859589860856364, "max_depth": 6.0, "num_boost_round": 23.0}, "datetime": {"datetime": "2024-01-19 01:54:47", "elapsed": 6171.6535, "delta": 0.006465}}
{"target": -17.677070256658993, "params": {"gamma": 837.1088001818766, "log10_alpha": -4.044001428493363, "log10_colsample_bytree": -0.3757957543217457, "log10_eta": -3.8082747037115614, "log10_lambda": -1.635207755299593, "log10_min_child_weight": 1.2508377319705226, "log10_subsample": -0.8859589860856364, "max_depth": 6.0, "num_boost_round": 24.0}, "datetime": {"datetime": "2024-01-19 01:54:47", "elapsed": 6171.659907, "delta": 0.006407}}
{"target": -17.67706682959042, "params": {"gamma": 837.1088001818766, "log10_alpha": -4.044001428493363, "log10_colsample_bytree": -0.3757957543217457, "log10_eta": -3.8082747037115614, "log10_lambda": -1.635207755299593, "log10_min_child_weight": 1.2508377319705226, "log10_subsample": -0.8859589860856364, "max_depth": 6.0, "num_boost_round": 25.0}, "datetime": {"datetime": "2024-01-19 01:54:47", "elapsed": 6171.666409, "delta": 0.006502}}
{"target": -17.67706317251904, "params": {"gamma": 837.1088001818766, "log10_alpha": -4.044001428493363, "log10_colsample_bytree": -0.3757957543217457, "log10_eta": -3.8082747037115614, "log10_lambda": -1.635207755299593, "log10_min_child_weight": 1.2508377319705226, "log10_subsample": -0.8859589860856364, "max_depth": 6.0, "num_boost_round": 26.0}, "datetime": {"datetime": "2024-01-19 01:54:47", "elapsed": 6171.673001, "delta": 0.006592}}
{"target": -17.67705682941958, "params": {"gamma": 837.1088001818766, "log10_alpha": -4.044001428493363, "log10_colsample_bytree": -0.3757957543217457, "log10_eta": -3.8082747037115614, "log10_lambda": -1.635207755299593, "log10_min_child_weight": 1.2508377319705226, "log10_subsample": -0.8859589860856364, "max_depth": 6.0, "num_boost_round": 27.0}, "datetime": {"datetime": "2024-01-19 01:54:47", "elapsed": 6171.679404, "delta": 0.006403}}
{"target": -17.677048000208064, "params": {"gamma": 837.1088001818766, "log10_alpha": -4.044001428493363, "log10_colsample_bytree": -0.3757957543217457, "log10_eta": -3.8082747037115614, "log10_lambda": -1.635207755299593, "log10_min_child_weight": 1.2508377319705226, "log10_subsample": -0.8859589860856364, "max_depth": 6.0, "num_boost_round": 28.0}, "datetime": {"datetime": "2024-01-19 01:54:47", "elapsed": 6171.685885, "delta": 0.006481}}
{"target": -17.677047352971474, "params": {"gamma": 837.1088001818766, "log10_alpha": -4.044001428493363, "log10_colsample_bytree": -0.3757957543217457, "log10_eta": -3.8082747037115614, "log10_lambda": -1.635207755299593, "log10_min_child_weight": 1.2508377319705226, "log10_subsample": -0.8859589860856364, "max_depth": 6.0, "num_boost_round": 29.0}, "datetime": {"datetime": "2024-01-19 01:54:47", "elapsed": 6171.693481, "delta": 0.007596}}
{"target": -17.677045351894876, "params": {"gamma": 837.1088001818766, "log10_alpha": -4.044001428493363, "log10_colsample_bytree": -0.3757957543217457, "log10_eta": -3.8082747037115614, "log10_lambda": -1.635207755299593, "log10_min_child_weight": 1.2508377319705226, "log10_subsample": -0.8859589860856364, "max_depth": 6.0, "num_boost_round": 30.0}, "datetime": {"datetime": "2024-01-19 01:54:47", "elapsed": 6171.700574, "delta": 0.007093}}
{"target": -17.67703670964405, "params": {"gamma": 837.1088001818766, "log10_alpha": -4.044001428493363, "log10_colsample_bytree": -0.3757957543217457, "log10_eta": -3.8082747037115614, "log10_lambda": -1.635207755299593, "log10_min_child_weight": 1.2508377319705226, "log10_subsample": -0.8859589860856364, "max_depth": 6.0, "num_boost_round": 31.0}, "datetime": {"datetime": "2024-01-19 01:54:47", "elapsed": 6171.707972, "delta": 0.007398}}
{"target": -17.677033199979757, "params": {"gamma": 837.1088001818766, "log10_alpha": -4.044001428493363, "log10_colsample_bytree": -0.3757957543217457, "log10_eta": -3.8082747037115614, "log10_lambda": -1.635207755299593, "log10_min_child_weight": 1.2508377319705226, "log10_subsample": -0.8859589860856364, "max_depth": 6.0, "num_boost_round": 32.0}, "datetime": {"datetime": "2024-01-19 01:54:47", "elapsed": 6171.715015, "delta": 0.007043}}
{"target": -17.67702718158426, "params": {"gamma": 837.1088001818766, "log10_alpha": -4.044001428493363, "log10_colsample_bytree": -0.3757957543217457, "log10_eta": -3.8082747037115614, "log10_lambda": -1.635207755299593, "log10_min_child_weight": 1.2508377319705226, "log10_subsample": -0.8859589860856364, "max_depth": 6.0, "num_boost_round": 33.0}, "datetime": {"datetime": "2024-01-19 01:54:47", "elapsed": 6171.721724, "delta": 0.006709}}
{"target": -17.677017245944768, "params": {"gamma": 837.1088001818766, "log10_alpha": -4.044001428493363, "log10_colsample_bytree": -0.3757957543217457, "log10_eta": -3.8082747037115614, "log10_lambda": -1.635207755299593, "log10_min_child_weight": 1.2508377319705226, "log10_subsample": -0.8859589860856364, "max_depth": 6.0, "num_boost_round": 34.0}, "datetime": {"datetime": "2024-01-19 01:54:47", "elapsed": 6171.728306, "delta": 0.006582}}
{"target": -17.677232550012288, "params": {"gamma": 838.6334674768648, "log10_alpha": -1.8498727191937583, "log10_colsample_bytree": -0.7456707842630633, "log10_eta": -3.4903000267280073, "log10_lambda": -2.722334670070504, "log10_min_child_weight": 4.667433124034267, "log10_subsample": -0.9576068467535443, "max_depth": 8.0, "num_boost_round": 0.0}, "datetime": {"datetime": "2024-01-19 01:56:18", "elapsed": 6263.035851, "delta": 91.307545}}
{"target": -17.67722984050677, "params": {"gamma": 838.6334674768648, "log10_alpha": -1.8498727191937583, "log10_colsample_bytree": -0.7456707842630633, "log10_eta": -3.4903000267280073, "log10_lambda": -2.722334670070504, "log10_min_child_weight": 4.667433124034267, "log10_subsample": -0.9576068467535443, "max_depth": 8.0, "num_boost_round": 1.0}, "datetime": {"datetime": "2024-01-19 01:56:18", "elapsed": 6263.044137, "delta": 0.008286}}
{"target": -17.677228605173273, "params": {"gamma": 838.6334674768648, "log10_alpha": -1.8498727191937583, "log10_colsample_bytree": -0.7456707842630633, "log10_eta": -3.4903000267280073, "log10_lambda": -2.722334670070504, "log10_min_child_weight": 4.667433124034267, "log10_subsample": -0.9576068467535443, "max_depth": 8.0, "num_boost_round": 2.0}, "datetime": {"datetime": "2024-01-19 01:56:18", "elapsed": 6263.0521, "delta": 0.007963}}
{"target": -17.677225947879283, "params": {"gamma": 838.6334674768648, "log10_alpha": -1.8498727191937583, "log10_colsample_bytree": -0.7456707842630633, "log10_eta": -3.4903000267280073, "log10_lambda": -2.722334670070504, "log10_min_child_weight": 4.667433124034267, "log10_subsample": -0.9576068467535443, "max_depth": 8.0, "num_boost_round": 3.0}, "datetime": {"datetime": "2024-01-19 01:56:18", "elapsed": 6263.059153, "delta": 0.007053}}
{"target": -17.677224764310964, "params": {"gamma": 838.6334674768648, "log10_alpha": -1.8498727191937583, "log10_colsample_bytree": -0.7456707842630633, "log10_eta": -3.4903000267280073, "log10_lambda": -2.722334670070504, "log10_min_child_weight": 4.667433124034267, "log10_subsample": -0.9576068467535443, "max_depth": 8.0, "num_boost_round": 4.0}, "datetime": {"datetime": "2024-01-19 01:56:18", "elapsed": 6263.066135, "delta": 0.006982}}
{"target": -17.677224807235874, "params": {"gamma": 838.6334674768648, "log10_alpha": -1.8498727191937583, "log10_colsample_bytree": -0.7456707842630633, "log10_eta": -3.4903000267280073, "log10_lambda": -2.722334670070504, "log10_min_child_weight": 4.667433124034267, "log10_subsample": -0.9576068467535443, "max_depth": 8.0, "num_boost_round": 5.0}, "datetime": {"datetime": "2024-01-19 01:56:18", "elapsed": 6263.073439, "delta": 0.007304}}
{"target": -17.677223413777288, "params": {"gamma": 838.6334674768648, "log10_alpha": -1.8498727191937583, "log10_colsample_bytree": -0.7456707842630633, "log10_eta": -3.4903000267280073, "log10_lambda": -2.722334670070504, "log10_min_child_weight": 4.667433124034267, "log10_subsample": -0.9576068467535443, "max_depth": 8.0, "num_boost_round": 6.0}, "datetime": {"datetime": "2024-01-19 01:56:18", "elapsed": 6263.080581, "delta": 0.007142}}
{"target": -17.677222184364343, "params": {"gamma": 838.6334674768648, "log10_alpha": -1.8498727191937583, "log10_colsample_bytree": -0.7456707842630633, "log10_eta": -3.4903000267280073, "log10_lambda": -2.722334670070504, "log10_min_child_weight": 4.667433124034267, "log10_subsample": -0.9576068467535443, "max_depth": 8.0, "num_boost_round": 7.0}, "datetime": {"datetime": "2024-01-19 01:56:18", "elapsed": 6263.087961, "delta": 0.00738}}
{"target": -17.67722143103904, "params": {"gamma": 838.6334674768648, "log10_alpha": -1.8498727191937583, "log10_colsample_bytree": -0.7456707842630633, "log10_eta": -3.4903000267280073, "log10_lambda": -2.722334670070504, "log10_min_child_weight": 4.667433124034267, "log10_subsample": -0.9576068467535443, "max_depth": 8.0, "num_boost_round": 8.0}, "datetime": {"datetime": "2024-01-19 01:56:18", "elapsed": 6263.095102, "delta": 0.007141}}
{"target": -17.677219276740967, "params": {"gamma": 838.6334674768648, "log10_alpha": -1.8498727191937583, "log10_colsample_bytree": -0.7456707842630633, "log10_eta": -3.4903000267280073, "log10_lambda": -2.722334670070504, "log10_min_child_weight": 4.667433124034267, "log10_subsample": -0.9576068467535443, "max_depth": 8.0, "num_boost_round": 9.0}, "datetime": {"datetime": "2024-01-19 01:56:18", "elapsed": 6263.10235, "delta": 0.007248}}
{"target": -17.677217360256126, "params": {"gamma": 838.6334674768648, "log10_alpha": -1.8498727191937583, "log10_colsample_bytree": -0.7456707842630633, "log10_eta": -3.4903000267280073, "log10_lambda": -2.722334670070504, "log10_min_child_weight": 4.667433124034267, "log10_subsample": -0.9576068467535443, "max_depth": 8.0, "num_boost_round": 10.0}, "datetime": {"datetime": "2024-01-19 01:56:18", "elapsed": 6263.109529, "delta": 0.007179}}
{"target": -17.677215539580587, "params": {"gamma": 838.6334674768648, "log10_alpha": -1.8498727191937583, "log10_colsample_bytree": -0.7456707842630633, "log10_eta": -3.4903000267280073, "log10_lambda": -2.722334670070504, "log10_min_child_weight": 4.667433124034267, "log10_subsample": -0.9576068467535443, "max_depth": 8.0, "num_boost_round": 11.0}, "datetime": {"datetime": "2024-01-19 01:56:18", "elapsed": 6263.116698, "delta": 0.007169}}
{"target": -17.67721470349903, "params": {"gamma": 838.6334674768648, "log10_alpha": -1.8498727191937583, "log10_colsample_bytree": -0.7456707842630633, "log10_eta": -3.4903000267280073, "log10_lambda": -2.722334670070504, "log10_min_child_weight": 4.667433124034267, "log10_subsample": -0.9576068467535443, "max_depth": 8.0, "num_boost_round": 12.0}, "datetime": {"datetime": "2024-01-19 01:56:18", "elapsed": 6263.123768, "delta": 0.00707}}
{"target": -17.67721194332075, "params": {"gamma": 838.6334674768648, "log10_alpha": -1.8498727191937583, "log10_colsample_bytree": -0.7456707842630633, "log10_eta": -3.4903000267280073, "log10_lambda": -2.722334670070504, "log10_min_child_weight": 4.667433124034267, "log10_subsample": -0.9576068467535443, "max_depth": 8.0, "num_boost_round": 13.0}, "datetime": {"datetime": "2024-01-19 01:56:18", "elapsed": 6263.130894, "delta": 0.007126}}
