{"target": -17.676856300933075, "params": {"gamma": 713.9463954522597, "log10_alpha": -3.372381381057252, "log10_colsample_bytree": -0.8638370195966399, "log10_eta": -3.2944496788435975, "log10_lambda": -3.7763501628691936, "log10_min_child_weight": 0.2446131586407163, "log10_subsample": -0.7944976554333311, "max_depth": 7.0, "num_boost_round": 18.0}, "datetime": {"datetime": "2024-01-19 00:38:59", "elapsed": 1646.445965, "delta": 0.002148}}
{"target": -17.676798319230727, "params": {"gamma": 713.9463954522597, "log10_alpha": -3.372381381057252, "log10_colsample_bytree": -0.8638370195966399, "log10_eta": -3.2944496788435975, "log10_lambda": -3.7763501628691936, "log10_min_child_weight": 0.2446131586407163, "log10_subsample": -0.7944976554333311, "max_depth": 7.0, "num_boost_round": 19.0}, "datetime": {"datetime": "2024-01-19 00:38:59", "elapsed": 1646.448193, "delta": 0.002228}}
{"target": -17.6767668753508, "params": {"gamma": 713.9463954522597, "log10_alpha": -3.372381381057252, "log10_colsample_bytree": -0.8638370195966399, "log10_eta": -3.2944496788435975, "log10_lambda": -3.7763501628691936, "log10_min_child_weight": 0.2446131586407163, "log10_subsample": -0.7944976554333311, "max_depth": 7.0, "num_boost_round": 20.0}, "datetime": {"datetime": "2024-01-19 00:38:59", "elapsed": 1646.450341, "delta": 0.002148}}
{"target": -17.676770668619437, "params": {"gamma": 713.9463954522597, "log10_alpha": -3.372381381057252, "log10_colsample_bytree": -0.8638370195966399, "log10_eta": -3.2944496788435975, "log10_lambda": -3.7763501628691936, "log10_min_child_weight": 0.2446131586407163, "log10_subsample": -0.7944976554333311, "max_depth": 7.0, "num_boost_round": 21.0}, "datetime": {"datetime": "2024-01-19 00:38:59", "elapsed": 1646.452485, "delta": 0.002144}}
{"target": -17.67674784853574, "params": {"gamma": 713.9463954522597, "log10_alpha": -3.372381381057252, "log10_colsample_bytree": -0.8638370195966399, "log10_eta": -3.2944496788435975, "log10_lambda": -3.7763501628691936, "log10_min_child_weight": 0.2446131586407163, "log10_subsample": -0.7944976554333311, "max_depth": 7.0, "num_boost_round": 22.0}, "datetime": {"datetime": "2024-01-19 00:38:59", "elapsed": 1646.454617, "delta": 0.002132}}
{"target": -17.676703089176616, "params": {"gamma": 713.9463954522597, "log10_alpha": -3.372381381057252, "log10_colsample_bytree": -0.8638370195966399, "log10_eta": -3.2944496788435975, "log10_lambda": -3.7763501628691936, "log10_min_child_weight": 0.2446131586407163, "log10_subsample": -0.7944976554333311, "max_depth": 7.0, "num_boost_round": 23.0}, "datetime": {"datetime": "2024-01-19 00:38:59", "elapsed": 1646.456814, "delta": 0.002197}}
{"target": -17.67670256907589, "params": {"gamma": 713.9463954522597, "log10_alpha": -3.372381381057252, "log10_colsample_bytree": -0.8638370195966399, "log10_eta": -3.2944496788435975, "log10_lambda": -3.7763501628691936, "log10_min_child_weight": 0.2446131586407163, "log10_subsample": -0.7944976554333311, "max_depth": 7.0, "num_boost_round": 24.0}, "datetime": {"datetime": "2024-01-19 00:38:59", "elapsed": 1646.458978, "delta": 0.002164}}
{"target": -17.67665356742061, "params": {"gamma": 713.9463954522597, "log10_alpha": -3.372381381057252, "log10_colsample_bytree": -0.8638370195966399, "log10_eta": -3.2944496788435975, "log10_lambda": -3.7763501628691936, "log10_min_child_weight": 0.2446131586407163, "log10_subsample": -0.7944976554333311, "max_depth": 7.0, "num_boost_round": 25.0}, "datetime": {"datetime": "2024-01-19 00:38:59", "elapsed": 1646.461118, "delta": 0.00214}}
{"target": -17.67664415582049, "params": {"gamma": 713.9463954522597, "log10_alpha": -3.372381381057252, "log10_colsample_bytree": -0.8638370195966399, "log10_eta": -3.2944496788435975, "log10_lambda": -3.7763501628691936, "log10_min_child_weight": 0.2446131586407163, "log10_subsample": -0.7944976554333311, "max_depth": 7.0, "num_boost_round": 26.0}, "datetime": {"datetime": "2024-01-19 00:38:59", "elapsed": 1646.463258, "delta": 0.00214}}
{"target": -17.676644512298477, "params": {"gamma": 713.9463954522597, "log10_alpha": -3.372381381057252, "log10_colsample_bytree": -0.8638370195966399, "log10_eta": -3.2944496788435975, "log10_lambda": -3.7763501628691936, "log10_min_child_weight": 0.2446131586407163, "log10_subsample": -0.7944976554333311, "max_depth": 7.0, "num_boost_round": 27.0}, "datetime": {"datetime": "2024-01-19 00:38:59", "elapsed": 1646.465426, "delta": 0.002168}}
{"target": -17.676636354369542, "params": {"gamma": 713.9463954522597, "log10_alpha": -3.372381381057252, "log10_colsample_bytree": -0.8638370195966399, "log10_eta": -3.2944496788435975, "log10_lambda": -3.7763501628691936, "log10_min_child_weight": 0.2446131586407163, "log10_subsample": -0.7944976554333311, "max_depth": 7.0, "num_boost_round": 28.0}, "datetime": {"datetime": "2024-01-19 00:38:59", "elapsed": 1646.46766, "delta": 0.002234}}
{"target": -17.67660099714596, "params": {"gamma": 713.9463954522597, "log10_alpha": -3.372381381057252, "log10_colsample_bytree": -0.8638370195966399, "log10_eta": -3.2944496788435975, "log10_lambda": -3.7763501628691936, "log10_min_child_weight": 0.2446131586407163, "log10_subsample": -0.7944976554333311, "max_depth": 7.0, "num_boost_round": 29.0}, "datetime": {"datetime": "2024-01-19 00:38:59", "elapsed": 1646.469832, "delta": 0.002172}}
{"target": -17.676576407404994, "params": {"gamma": 713.9463954522597, "log10_alpha": -3.372381381057252, "log10_colsample_bytree": -0.8638370195966399, "log10_eta": -3.2944496788435975, "log10_lambda": -3.7763501628691936, "log10_min_child_weight": 0.2446131586407163, "log10_subsample": -0.7944976554333311, "max_depth": 7.0, "num_boost_round": 30.0}, "datetime": {"datetime": "2024-01-19 00:38:59", "elapsed": 1646.472001, "delta": 0.002169}}
{"target": -17.676542924631253, "params": {"gamma": 713.9463954522597, "log10_alpha": -3.372381381057252, "log10_colsample_bytree": -0.8638370195966399, "log10_eta": -3.2944496788435975, "log10_lambda": -3.7763501628691936, "log10_min_child_weight": 0.2446131586407163, "log10_subsample": -0.7944976554333311, "max_depth": 7.0, "num_boost_round": 31.0}, "datetime": {"datetime": "2024-01-19 00:38:59", "elapsed": 1646.474144, "delta": 0.002143}}
{"target": -17.676531353820955, "params": {"gamma": 713.9463954522597, "log10_alpha": -3.372381381057252, "log10_colsample_bytree": -0.8638370195966399, "log10_eta": -3.2944496788435975, "log10_lambda": -3.7763501628691936, "log10_min_child_weight": 0.2446131586407163, "log10_subsample": -0.7944976554333311, "max_depth": 7.0, "num_boost_round": 32.0}, "datetime": {"datetime": "2024-01-19 00:38:59", "elapsed": 1646.476965, "delta": 0.002821}}
{"target": -17.676495814156123, "params": {"gamma": 713.9463954522597, "log10_alpha": -3.372381381057252, "log10_colsample_bytree": -0.8638370195966399, "log10_eta": -3.2944496788435975, "log10_lambda": -3.7763501628691936, "log10_min_child_weight": 0.2446131586407163, "log10_subsample": -0.7944976554333311, "max_depth": 7.0, "num_boost_round": 33.0}, "datetime": {"datetime": "2024-01-19 00:38:59", "elapsed": 1646.479328, "delta": 0.002363}}
{"target": -17.676460889274775, "params": {"gamma": 713.9463954522597, "log10_alpha": -3.372381381057252, "log10_colsample_bytree": -0.8638370195966399, "log10_eta": -3.2944496788435975, "log10_lambda": -3.7763501628691936, "log10_min_child_weight": 0.2446131586407163, "log10_subsample": -0.7944976554333311, "max_depth": 7.0, "num_boost_round": 34.0}, "datetime": {"datetime": "2024-01-19 00:38:59", "elapsed": 1646.482091, "delta": 0.002763}}
{"target": -17.676436429085562, "params": {"gamma": 713.9463954522597, "log10_alpha": -3.372381381057252, "log10_colsample_bytree": -0.8638370195966399, "log10_eta": -3.2944496788435975, "log10_lambda": -3.7763501628691936, "log10_min_child_weight": 0.2446131586407163, "log10_subsample": -0.7944976554333311, "max_depth": 7.0, "num_boost_round": 35.0}, "datetime": {"datetime": "2024-01-19 00:38:59", "elapsed": 1646.485042, "delta": 0.002951}}
{"target": -17.676426913594902, "params": {"gamma": 713.9463954522597, "log10_alpha": -3.372381381057252, "log10_colsample_bytree": -0.8638370195966399, "log10_eta": -3.2944496788435975, "log10_lambda": -3.7763501628691936, "log10_min_child_weight": 0.2446131586407163, "log10_subsample": -0.7944976554333311, "max_depth": 7.0, "num_boost_round": 36.0}, "datetime": {"datetime": "2024-01-19 00:38:59", "elapsed": 1646.487354, "delta": 0.002312}}
{"target": -17.676388694441336, "params": {"gamma": 713.9463954522597, "log10_alpha": -3.372381381057252, "log10_colsample_bytree": -0.8638370195966399, "log10_eta": -3.2944496788435975, "log10_lambda": -3.7763501628691936, "log10_min_child_weight": 0.2446131586407163, "log10_subsample": -0.7944976554333311, "max_depth": 7.0, "num_boost_round": 37.0}, "datetime": {"datetime": "2024-01-19 00:38:59", "elapsed": 1646.48962, "delta": 0.002266}}
{"target": -17.676357682652654, "params": {"gamma": 713.9463954522597, "log10_alpha": -3.372381381057252, "log10_colsample_bytree": -0.8638370195966399, "log10_eta": -3.2944496788435975, "log10_lambda": -3.7763501628691936, "log10_min_child_weight": 0.2446131586407163, "log10_subsample": -0.7944976554333311, "max_depth": 7.0, "num_boost_round": 38.0}, "datetime": {"datetime": "2024-01-19 00:38:59", "elapsed": 1646.491889, "delta": 0.002269}}
{"target": -17.67632547758096, "params": {"gamma": 713.9463954522597, "log10_alpha": -3.372381381057252, "log10_colsample_bytree": -0.8638370195966399, "log10_eta": -3.2944496788435975, "log10_lambda": -3.7763501628691936, "log10_min_child_weight": 0.2446131586407163, "log10_subsample": -0.7944976554333311, "max_depth": 7.0, "num_boost_round": 39.0}, "datetime": {"datetime": "2024-01-19 00:38:59", "elapsed": 1646.494062, "delta": 0.002173}}
{"target": -17.676313726240423, "params": {"gamma": 713.9463954522597, "log10_alpha": -3.372381381057252, "log10_colsample_bytree": -0.8638370195966399, "log10_eta": -3.2944496788435975, "log10_lambda": -3.7763501628691936, "log10_min_child_weight": 0.2446131586407163, "log10_subsample": -0.7944976554333311, "max_depth": 7.0, "num_boost_round": 40.0}, "datetime": {"datetime": "2024-01-19 00:38:59", "elapsed": 1646.496226, "delta": 0.002164}}
{"target": -17.676309970667962, "params": {"gamma": 713.9463954522597, "log10_alpha": -3.372381381057252, "log10_colsample_bytree": -0.8638370195966399, "log10_eta": -3.2944496788435975, "log10_lambda": -3.7763501628691936, "log10_min_child_weight": 0.2446131586407163, "log10_subsample": -0.7944976554333311, "max_depth": 7.0, "num_boost_round": 41.0}, "datetime": {"datetime": "2024-01-19 00:38:59", "elapsed": 1646.498381, "delta": 0.002155}}
{"target": -17.676267613223423, "params": {"gamma": 713.9463954522597, "log10_alpha": -3.372381381057252, "log10_colsample_bytree": -0.8638370195966399, "log10_eta": -3.2944496788435975, "log10_lambda": -3.7763501628691936, "log10_min_child_weight": 0.2446131586407163, "log10_subsample": -0.7944976554333311, "max_depth": 7.0, "num_boost_round": 42.0}, "datetime": {"datetime": "2024-01-19 00:38:59", "elapsed": 1646.500596, "delta": 0.002215}}
{"target": -17.676243740653725, "params": {"gamma": 713.9463954522597, "log10_alpha": -3.372381381057252, "log10_colsample_bytree": -0.8638370195966399, "log10_eta": -3.2944496788435975, "log10_lambda": -3.7763501628691936, "log10_min_child_weight": 0.2446131586407163, "log10_subsample": -0.7944976554333311, "max_depth": 7.0, "num_boost_round": 43.0}, "datetime": {"datetime": "2024-01-19 00:38:59", "elapsed": 1646.502819, "delta": 0.002223}}
{"target": -17.67622975531884, "params": {"gamma": 713.9463954522597, "log10_alpha": -3.372381381057252, "log10_colsample_bytree": -0.8638370195966399, "log10_eta": -3.2944496788435975, "log10_lambda": -3.7763501628691936, "log10_min_child_weight": 0.2446131586407163, "log10_subsample": -0.7944976554333311, "max_depth": 7.0, "num_boost_round": 44.0}, "datetime": {"datetime": "2024-01-19 00:38:59", "elapsed": 1646.505032, "delta": 0.002213}}
{"target": -17.676222733962444, "params": {"gamma": 713.9463954522597, "log10_alpha": -3.372381381057252, "log10_colsample_bytree": -0.8638370195966399, "log10_eta": -3.2944496788435975, "log10_lambda": -3.7763501628691936, "log10_min_child_weight": 0.2446131586407163, "log10_subsample": -0.7944976554333311, "max_depth": 7.0, "num_boost_round": 45.0}, "datetime": {"datetime": "2024-01-19 00:38:59", "elapsed": 1646.50722, "delta": 0.002188}}
{"target": -17.676225673281508, "params": {"gamma": 713.9463954522597, "log10_alpha": -3.372381381057252, "log10_colsample_bytree": -0.8638370195966399, "log10_eta": -3.2944496788435975, "log10_lambda": -3.7763501628691936, "log10_min_child_weight": 0.2446131586407163, "log10_subsample": -0.7944976554333311, "max_depth": 7.0, "num_boost_round": 46.0}, "datetime": {"datetime": "2024-01-19 00:38:59", "elapsed": 1646.509417, "delta": 0.002197}}
{"target": -17.676190385581293, "params": {"gamma": 713.9463954522597, "log10_alpha": -3.372381381057252, "log10_colsample_bytree": -0.8638370195966399, "log10_eta": -3.2944496788435975, "log10_lambda": -3.7763501628691936, "log10_min_child_weight": 0.2446131586407163, "log10_subsample": -0.7944976554333311, "max_depth": 7.0, "num_boost_round": 47.0}, "datetime": {"datetime": "2024-01-19 00:38:59", "elapsed": 1646.511623, "delta": 0.002206}}
{"target": -17.676172642557813, "params": {"gamma": 713.9463954522597, "log10_alpha": -3.372381381057252, "log10_colsample_bytree": -0.8638370195966399, "log10_eta": -3.2944496788435975, "log10_lambda": -3.7763501628691936, "log10_min_child_weight": 0.2446131586407163, "log10_subsample": -0.7944976554333311, "max_depth": 7.0, "num_boost_round": 48.0}, "datetime": {"datetime": "2024-01-19 00:38:59", "elapsed": 1646.513836, "delta": 0.002213}}
{"target": -17.676173248768787, "params": {"gamma": 713.9463954522597, "log10_alpha": -3.372381381057252, "log10_colsample_bytree": -0.8638370195966399, "log10_eta": -3.2944496788435975, "log10_lambda": -3.7763501628691936, "log10_min_child_weight": 0.2446131586407163, "log10_subsample": -0.7944976554333311, "max_depth": 7.0, "num_boost_round": 49.0}, "datetime": {"datetime": "2024-01-19 00:38:59", "elapsed": 1646.516054, "delta": 0.002218}}
{"target": -17.67617459940644, "params": {"gamma": 713.9463954522597, "log10_alpha": -3.372381381057252, "log10_colsample_bytree": -0.8638370195966399, "log10_eta": -3.2944496788435975, "log10_lambda": -3.7763501628691936, "log10_min_child_weight": 0.2446131586407163, "log10_subsample": -0.7944976554333311, "max_depth": 7.0, "num_boost_round": 50.0}, "datetime": {"datetime": "2024-01-19 00:38:59", "elapsed": 1646.518252, "delta": 0.002198}}
{"target": -17.67616657969675, "params": {"gamma": 713.9463954522597, "log10_alpha": -3.372381381057252, "log10_colsample_bytree": -0.8638370195966399, "log10_eta": -3.2944496788435975, "log10_lambda": -3.7763501628691936, "log10_min_child_weight": 0.2446131586407163, "log10_subsample": -0.7944976554333311, "max_depth": 7.0, "num_boost_round": 51.0}, "datetime": {"datetime": "2024-01-19 00:38:59", "elapsed": 1646.520455, "delta": 0.002203}}
{"target": -17.676151110808654, "params": {"gamma": 713.9463954522597, "log10_alpha": -3.372381381057252, "log10_colsample_bytree": -0.8638370195966399, "log10_eta": -3.2944496788435975, "log10_lambda": -3.7763501628691936, "log10_min_child_weight": 0.2446131586407163, "log10_subsample": -0.7944976554333311, "max_depth": 7.0, "num_boost_round": 52.0}, "datetime": {"datetime": "2024-01-19 00:38:59", "elapsed": 1646.522702, "delta": 0.002247}}
{"target": -17.676115872226045, "params": {"gamma": 713.9463954522597, "log10_alpha": -3.372381381057252, "log10_colsample_bytree": -0.8638370195966399, "log10_eta": -3.2944496788435975, "log10_lambda": -3.7763501628691936, "log10_min_child_weight": 0.2446131586407163, "log10_subsample": -0.7944976554333311, "max_depth": 7.0, "num_boost_round": 53.0}, "datetime": {"datetime": "2024-01-19 00:38:59", "elapsed": 1646.524954, "delta": 0.002252}}
{"target": -17.676099362504768, "params": {"gamma": 713.9463954522597, "log10_alpha": -3.372381381057252, "log10_colsample_bytree": -0.8638370195966399, "log10_eta": -3.2944496788435975, "log10_lambda": -3.7763501628691936, "log10_min_child_weight": 0.2446131586407163, "log10_subsample": -0.7944976554333311, "max_depth": 7.0, "num_boost_round": 54.0}, "datetime": {"datetime": "2024-01-19 00:38:59", "elapsed": 1646.527178, "delta": 0.002224}}
{"target": -17.67604596953541, "params": {"gamma": 713.9463954522597, "log10_alpha": -3.372381381057252, "log10_colsample_bytree": -0.8638370195966399, "log10_eta": -3.2944496788435975, "log10_lambda": -3.7763501628691936, "log10_min_child_weight": 0.2446131586407163, "log10_subsample": -0.7944976554333311, "max_depth": 7.0, "num_boost_round": 55.0}, "datetime": {"datetime": "2024-01-19 00:38:59", "elapsed": 1646.529394, "delta": 0.002216}}
{"target": -17.676065848583747, "params": {"gamma": 713.9463954522597, "log10_alpha": -3.372381381057252, "log10_colsample_bytree": -0.8638370195966399, "log10_eta": -3.2944496788435975, "log10_lambda": -3.7763501628691936, "log10_min_child_weight": 0.2446131586407163, "log10_subsample": -0.7944976554333311, "max_depth": 7.0, "num_boost_round": 56.0}, "datetime": {"datetime": "2024-01-19 00:38:59", "elapsed": 1646.531614, "delta": 0.00222}}
{"target": -17.67604889710025, "params": {"gamma": 713.9463954522597, "log10_alpha": -3.372381381057252, "log10_colsample_bytree": -0.8638370195966399, "log10_eta": -3.2944496788435975, "log10_lambda": -3.7763501628691936, "log10_min_child_weight": 0.2446131586407163, "log10_subsample": -0.7944976554333311, "max_depth": 7.0, "num_boost_round": 57.0}, "datetime": {"datetime": "2024-01-19 00:38:59", "elapsed": 1646.533851, "delta": 0.002237}}
{"target": -17.675978250701707, "params": {"gamma": 713.9463954522597, "log10_alpha": -3.372381381057252, "log10_colsample_bytree": -0.8638370195966399, "log10_eta": -3.2944496788435975, "log10_lambda": -3.7763501628691936, "log10_min_child_weight": 0.2446131586407163, "log10_subsample": -0.7944976554333311, "max_depth": 7.0, "num_boost_round": 58.0}, "datetime": {"datetime": "2024-01-19 00:38:59", "elapsed": 1646.536067, "delta": 0.002216}}
{"target": -17.675949347757264, "params": {"gamma": 713.9463954522597, "log10_alpha": -3.372381381057252, "log10_colsample_bytree": -0.8638370195966399, "log10_eta": -3.2944496788435975, "log10_lambda": -3.7763501628691936, "log10_min_child_weight": 0.2446131586407163, "log10_subsample": -0.7944976554333311, "max_depth": 7.0, "num_boost_round": 59.0}, "datetime": {"datetime": "2024-01-19 00:38:59", "elapsed": 1646.538299, "delta": 0.002232}}
{"target": -17.67594624188481, "params": {"gamma": 713.9463954522597, "log10_alpha": -3.372381381057252, "log10_colsample_bytree": -0.8638370195966399, "log10_eta": -3.2944496788435975, "log10_lambda": -3.7763501628691936, "log10_min_child_weight": 0.2446131586407163, "log10_subsample": -0.7944976554333311, "max_depth": 7.0, "num_boost_round": 60.0}, "datetime": {"datetime": "2024-01-19 00:38:59", "elapsed": 1646.54054, "delta": 0.002241}}
{"target": -17.67592905100498, "params": {"gamma": 713.9463954522597, "log10_alpha": -3.372381381057252, "log10_colsample_bytree": -0.8638370195966399, "log10_eta": -3.2944496788435975, "log10_lambda": -3.7763501628691936, "log10_min_child_weight": 0.2446131586407163, "log10_subsample": -0.7944976554333311, "max_depth": 7.0, "num_boost_round": 61.0}, "datetime": {"datetime": "2024-01-19 00:38:59", "elapsed": 1646.542775, "delta": 0.002235}}
{"target": -17.67587381531724, "params": {"gamma": 713.9463954522597, "log10_alpha": -3.372381381057252, "log10_colsample_bytree": -0.8638370195966399, "log10_eta": -3.2944496788435975, "log10_lambda": -3.7763501628691936, "log10_min_child_weight": 0.2446131586407163, "log10_subsample": -0.7944976554333311, "max_depth": 7.0, "num_boost_round": 62.0}, "datetime": {"datetime": "2024-01-19 00:38:59", "elapsed": 1646.544986, "delta": 0.002211}}
{"target": -17.675844192989878, "params": {"gamma": 713.9463954522597, "log10_alpha": -3.372381381057252, "log10_colsample_bytree": -0.8638370195966399, "log10_eta": -3.2944496788435975, "log10_lambda": -3.7763501628691936, "log10_min_child_weight": 0.2446131586407163, "log10_subsample": -0.7944976554333311, "max_depth": 7.0, "num_boost_round": 63.0}, "datetime": {"datetime": "2024-01-19 00:38:59", "elapsed": 1646.547221, "delta": 0.002235}}
{"target": -17.67581854738916, "params": {"gamma": 713.9463954522597, "log10_alpha": -3.372381381057252, "log10_colsample_bytree": -0.8638370195966399, "log10_eta": -3.2944496788435975, "log10_lambda": -3.7763501628691936, "log10_min_child_weight": 0.2446131586407163, "log10_subsample": -0.7944976554333311, "max_depth": 7.0, "num_boost_round": 64.0}, "datetime": {"datetime": "2024-01-19 00:38:59", "elapsed": 1646.549448, "delta": 0.002227}}
{"target": -17.675810985250976, "params": {"gamma": 713.9463954522597, "log10_alpha": -3.372381381057252, "log10_colsample_bytree": -0.8638370195966399, "log10_eta": -3.2944496788435975, "log10_lambda": -3.7763501628691936, "log10_min_child_weight": 0.2446131586407163, "log10_subsample": -0.7944976554333311, "max_depth": 7.0, "num_boost_round": 65.0}, "datetime": {"datetime": "2024-01-19 00:38:59", "elapsed": 1646.551676, "delta": 0.002228}}
{"target": -17.675809576550765, "params": {"gamma": 713.9463954522597, "log10_alpha": -3.372381381057252, "log10_colsample_bytree": -0.8638370195966399, "log10_eta": -3.2944496788435975, "log10_lambda": -3.7763501628691936, "log10_min_child_weight": 0.2446131586407163, "log10_subsample": -0.7944976554333311, "max_depth": 7.0, "num_boost_round": 66.0}, "datetime": {"datetime": "2024-01-19 00:38:59", "elapsed": 1646.553919, "delta": 0.002243}}
