{"target": -13.75851968380151, "params": {"gamma": 550.782463925361, "log10_alpha": -4.141367616224574, "log10_colsample_bytree": -0.20375515900007046, "log10_eta": -3.9476530224050013, "log10_lambda": -2.0357564391785177, "log10_min_child_weight": 3.895946018145166, "log10_subsample": -0.17447570582910643, "max_depth": 5.0, "num_boost_round": 13.0}, "datetime": {"datetime": "2024-01-19 01:19:46", "elapsed": 4039.037259, "delta": 0.004665}}
{"target": -13.758518465288534, "params": {"gamma": 550.782463925361, "log10_alpha": -4.141367616224574, "log10_colsample_bytree": -0.20375515900007046, "log10_eta": -3.9476530224050013, "log10_lambda": -2.0357564391785177, "log10_min_child_weight": 3.895946018145166, "log10_subsample": -0.17447570582910643, "max_depth": 5.0, "num_boost_round": 14.0}, "datetime": {"datetime": "2024-01-19 01:19:46", "elapsed": 4039.041486, "delta": 0.004227}}
{"target": -13.758517065769047, "params": {"gamma": 550.782463925361, "log10_alpha": -4.141367616224574, "log10_colsample_bytree": -0.20375515900007046, "log10_eta": -3.9476530224050013, "log10_lambda": -2.0357564391785177, "log10_min_child_weight": 3.895946018145166, "log10_subsample": -0.17447570582910643, "max_depth": 5.0, "num_boost_round": 15.0}, "datetime": {"datetime": "2024-01-19 01:19:46", "elapsed": 4039.045628, "delta": 0.004142}}
{"target": -13.75851540360257, "params": {"gamma": 550.782463925361, "log10_alpha": -4.141367616224574, "log10_colsample_bytree": -0.20375515900007046, "log10_eta": -3.9476530224050013, "log10_lambda": -2.0357564391785177, "log10_min_child_weight": 3.895946018145166, "log10_subsample": -0.17447570582910643, "max_depth": 5.0, "num_boost_round": 16.0}, "datetime": {"datetime": "2024-01-19 01:19:46", "elapsed": 4039.050146, "delta": 0.004518}}
{"target": -13.758514279444475, "params": {"gamma": 550.782463925361, "log10_alpha": -4.141367616224574, "log10_colsample_bytree": -0.20375515900007046, "log10_eta": -3.9476530224050013, "log10_lambda": -2.0357564391785177, "log10_min_child_weight": 3.895946018145166, "log10_subsample": -0.17447570582910643, "max_depth": 5.0, "num_boost_round": 17.0}, "datetime": {"datetime": "2024-01-19 01:19:46", "elapsed": 4039.054783, "delta": 0.004637}}
{"target": -13.758515323477356, "params": {"gamma": 550.782463925361, "log10_alpha": -4.141367616224574, "log10_colsample_bytree": -0.20375515900007046, "log10_eta": -3.9476530224050013, "log10_lambda": -2.0357564391785177, "log10_min_child_weight": 3.895946018145166, "log10_subsample": -0.17447570582910643, "max_depth": 5.0, "num_boost_round": 18.0}, "datetime": {"datetime": "2024-01-19 01:19:46", "elapsed": 4039.059154, "delta": 0.004371}}
{"target": -13.758513172023932, "params": {"gamma": 550.782463925361, "log10_alpha": -4.141367616224574, "log10_colsample_bytree": -0.20375515900007046, "log10_eta": -3.9476530224050013, "log10_lambda": -2.0357564391785177, "log10_min_child_weight": 3.895946018145166, "log10_subsample": -0.17447570582910643, "max_depth": 5.0, "num_boost_round": 19.0}, "datetime": {"datetime": "2024-01-19 01:19:46", "elapsed": 4039.063648, "delta": 0.004494}}
{"target": -13.758512111140867, "params": {"gamma": 550.782463925361, "log10_alpha": -4.141367616224574, "log10_colsample_bytree": -0.20375515900007046, "log10_eta": -3.9476530224050013, "log10_lambda": -2.0357564391785177, "log10_min_child_weight": 3.895946018145166, "log10_subsample": -0.17447570582910643, "max_depth": 5.0, "num_boost_round": 20.0}, "datetime": {"datetime": "2024-01-19 01:19:46", "elapsed": 4039.067992, "delta": 0.004344}}
{"target": -13.758534115675648, "params": {"gamma": 647.2845989795212, "log10_alpha": -4.3019228773213545, "log10_colsample_bytree": -0.43919890049836385, "log10_eta": -3.8712926391288, "log10_lambda": -4.340164088979677, "log10_min_child_weight": 0.3518666579488161, "log10_subsample": -0.5114223196726709, "max_depth": 6.0, "num_boost_round": 0.0}, "datetime": {"datetime": "2024-01-19 01:20:43", "elapsed": 4096.301667, "delta": 57.233675}}
{"target": -13.758532623295341, "params": {"gamma": 647.2845989795212, "log10_alpha": -4.3019228773213545, "log10_colsample_bytree": -0.43919890049836385, "log10_eta": -3.8712926391288, "log10_lambda": -4.340164088979677, "log10_min_child_weight": 0.3518666579488161, "log10_subsample": -0.5114223196726709, "max_depth": 6.0, "num_boost_round": 1.0}, "datetime": {"datetime": "2024-01-19 01:20:43", "elapsed": 4096.306951, "delta": 0.005284}}
{"target": -13.758531112472456, "params": {"gamma": 647.2845989795212, "log10_alpha": -4.3019228773213545, "log10_colsample_bytree": -0.43919890049836385, "log10_eta": -3.8712926391288, "log10_lambda": -4.340164088979677, "log10_min_child_weight": 0.3518666579488161, "log10_subsample": -0.5114223196726709, "max_depth": 6.0, "num_boost_round": 2.0}, "datetime": {"datetime": "2024-01-19 01:20:43", "elapsed": 4096.311949, "delta": 0.004998}}
{"target": -13.758526446482223, "params": {"gamma": 647.2845989795212, "log10_alpha": -4.3019228773213545, "log10_colsample_bytree": -0.43919890049836385, "log10_eta": -3.8712926391288, "log10_lambda": -4.340164088979677, "log10_min_child_weight": 0.3518666579488161, "log10_subsample": -0.5114223196726709, "max_depth": 6.0, "num_boost_round": 3.0}, "datetime": {"datetime": "2024-01-19 01:20:43", "elapsed": 4096.316533, "delta": 0.004584}}
{"target": -13.758519705950517, "params": {"gamma": 647.2845989795212, "log10_alpha": -4.3019228773213545, "log10_colsample_bytree": -0.43919890049836385, "log10_eta": -3.8712926391288, "log10_lambda": -4.340164088979677, "log10_min_child_weight": 0.3518666579488161, "log10_subsample": -0.5114223196726709, "max_depth": 6.0, "num_boost_round": 4.0}, "datetime": {"datetime": "2024-01-19 01:20:43", "elapsed": 4096.321017, "delta": 0.004484}}
{"target": -13.758517002954678, "params": {"gamma": 647.2845989795212, "log10_alpha": -4.3019228773213545, "log10_colsample_bytree": -0.43919890049836385, "log10_eta": -3.8712926391288, "log10_lambda": -4.340164088979677, "log10_min_child_weight": 0.3518666579488161, "log10_subsample": -0.5114223196726709, "max_depth": 6.0, "num_boost_round": 5.0}, "datetime": {"datetime": "2024-01-19 01:20:43", "elapsed": 4096.356391, "delta": 0.035374}}
{"target": -13.758513483810624, "params": {"gamma": 647.2845989795212, "log10_alpha": -4.3019228773213545, "log10_colsample_bytree": -0.43919890049836385, "log10_eta": -3.8712926391288, "log10_lambda": -4.340164088979677, "log10_min_child_weight": 0.3518666579488161, "log10_subsample": -0.5114223196726709, "max_depth": 6.0, "num_boost_round": 6.0}, "datetime": {"datetime": "2024-01-19 01:20:43", "elapsed": 4096.360678, "delta": 0.004287}}
{"target": -13.758509486526089, "params": {"gamma": 647.2845989795212, "log10_alpha": -4.3019228773213545, "log10_colsample_bytree": -0.43919890049836385, "log10_eta": -3.8712926391288, "log10_lambda": -4.340164088979677, "log10_min_child_weight": 0.3518666579488161, "log10_subsample": -0.5114223196726709, "max_depth": 6.0, "num_boost_round": 7.0}, "datetime": {"datetime": "2024-01-19 01:20:43", "elapsed": 4096.365158, "delta": 0.00448}}
{"target": -13.758506885826923, "params": {"gamma": 647.2845989795212, "log10_alpha": -4.3019228773213545, "log10_colsample_bytree": -0.43919890049836385, "log10_eta": -3.8712926391288, "log10_lambda": -4.340164088979677, "log10_min_child_weight": 0.3518666579488161, "log10_subsample": -0.5114223196726709, "max_depth": 6.0, "num_boost_round": 8.0}, "datetime": {"datetime": "2024-01-19 01:20:43", "elapsed": 4096.369754, "delta": 0.004596}}
{"target": -13.758507208057232, "params": {"gamma": 647.2845989795212, "log10_alpha": -4.3019228773213545, "log10_colsample_bytree": -0.43919890049836385, "log10_eta": -3.8712926391288, "log10_lambda": -4.340164088979677, "log10_min_child_weight": 0.3518666579488161, "log10_subsample": -0.5114223196726709, "max_depth": 6.0, "num_boost_round": 9.0}, "datetime": {"datetime": "2024-01-19 01:20:43", "elapsed": 4096.374518, "delta": 0.004764}}
{"target": -13.758503517381108, "params": {"gamma": 647.2845989795212, "log10_alpha": -4.3019228773213545, "log10_colsample_bytree": -0.43919890049836385, "log10_eta": -3.8712926391288, "log10_lambda": -4.340164088979677, "log10_min_child_weight": 0.3518666579488161, "log10_subsample": -0.5114223196726709, "max_depth": 6.0, "num_boost_round": 10.0}, "datetime": {"datetime": "2024-01-19 01:20:43", "elapsed": 4096.378876, "delta": 0.004358}}
{"target": -13.758503929836605, "params": {"gamma": 647.2845989795212, "log10_alpha": -4.3019228773213545, "log10_colsample_bytree": -0.43919890049836385, "log10_eta": -3.8712926391288, "log10_lambda": -4.340164088979677, "log10_min_child_weight": 0.3518666579488161, "log10_subsample": -0.5114223196726709, "max_depth": 6.0, "num_boost_round": 11.0}, "datetime": {"datetime": "2024-01-19 01:20:43", "elapsed": 4096.505887, "delta": 0.127011}}
{"target": -13.758505478837598, "params": {"gamma": 647.2845989795212, "log10_alpha": -4.3019228773213545, "log10_colsample_bytree": -0.43919890049836385, "log10_eta": -3.8712926391288, "log10_lambda": -4.340164088979677, "log10_min_child_weight": 0.3518666579488161, "log10_subsample": -0.5114223196726709, "max_depth": 6.0, "num_boost_round": 12.0}, "datetime": {"datetime": "2024-01-19 01:20:43", "elapsed": 4096.511173, "delta": 0.005286}}
{"target": -13.758502191145883, "params": {"gamma": 647.2845989795212, "log10_alpha": -4.3019228773213545, "log10_colsample_bytree": -0.43919890049836385, "log10_eta": -3.8712926391288, "log10_lambda": -4.340164088979677, "log10_min_child_weight": 0.3518666579488161, "log10_subsample": -0.5114223196726709, "max_depth": 6.0, "num_boost_round": 13.0}, "datetime": {"datetime": "2024-01-19 01:20:43", "elapsed": 4096.516111, "delta": 0.004938}}
{"target": -13.758506029488794, "params": {"gamma": 647.2845989795212, "log10_alpha": -4.3019228773213545, "log10_colsample_bytree": -0.43919890049836385, "log10_eta": -3.8712926391288, "log10_lambda": -4.340164088979677, "log10_min_child_weight": 0.3518666579488161, "log10_subsample": -0.5114223196726709, "max_depth": 6.0, "num_boost_round": 14.0}, "datetime": {"datetime": "2024-01-19 01:20:43", "elapsed": 4096.520811, "delta": 0.0047}}
{"target": -13.758502046098599, "params": {"gamma": 647.2845989795212, "log10_alpha": -4.3019228773213545, "log10_colsample_bytree": -0.43919890049836385, "log10_eta": -3.8712926391288, "log10_lambda": -4.340164088979677, "log10_min_child_weight": 0.3518666579488161, "log10_subsample": -0.5114223196726709, "max_depth": 6.0, "num_boost_round": 15.0}, "datetime": {"datetime": "2024-01-19 01:20:43", "elapsed": 4096.539787, "delta": 0.018976}}
{"target": -13.75849804906041, "params": {"gamma": 647.2845989795212, "log10_alpha": -4.3019228773213545, "log10_colsample_bytree": -0.43919890049836385, "log10_eta": -3.8712926391288, "log10_lambda": -4.340164088979677, "log10_min_child_weight": 0.3518666579488161, "log10_subsample": -0.5114223196726709, "max_depth": 6.0, "num_boost_round": 16.0}, "datetime": {"datetime": "2024-01-19 01:20:43", "elapsed": 4096.544426, "delta": 0.004639}}
{"target": -13.758497488615177, "params": {"gamma": 647.2845989795212, "log10_alpha": -4.3019228773213545, "log10_colsample_bytree": -0.43919890049836385, "log10_eta": -3.8712926391288, "log10_lambda": -4.340164088979677, "log10_min_child_weight": 0.3518666579488161, "log10_subsample": -0.5114223196726709, "max_depth": 6.0, "num_boost_round": 17.0}, "datetime": {"datetime": "2024-01-19 01:20:43", "elapsed": 4096.549093, "delta": 0.004667}}
{"target": -13.758494211995743, "params": {"gamma": 647.2845989795212, "log10_alpha": -4.3019228773213545, "log10_colsample_bytree": -0.43919890049836385, "log10_eta": -3.8712926391288, "log10_lambda": -4.340164088979677, "log10_min_child_weight": 0.3518666579488161, "log10_subsample": -0.5114223196726709, "max_depth": 6.0, "num_boost_round": 18.0}, "datetime": {"datetime": "2024-01-19 01:20:43", "elapsed": 4096.553703, "delta": 0.00461}}
{"target": -13.758495843690925, "params": {"gamma": 647.2845989795212, "log10_alpha": -4.3019228773213545, "log10_colsample_bytree": -0.43919890049836385, "log10_eta": -3.8712926391288, "log10_lambda": -4.340164088979677, "log10_min_child_weight": 0.3518666579488161, "log10_subsample": -0.5114223196726709, "max_depth": 6.0, "num_boost_round": 19.0}, "datetime": {"datetime": "2024-01-19 01:20:43", "elapsed": 4096.558, "delta": 0.004297}}
{"target": -13.758489174455343, "params": {"gamma": 647.2845989795212, "log10_alpha": -4.3019228773213545, "log10_colsample_bytree": -0.43919890049836385, "log10_eta": -3.8712926391288, "log10_lambda": -4.340164088979677, "log10_min_child_weight": 0.3518666579488161, "log10_subsample": -0.5114223196726709, "max_depth": 6.0, "num_boost_round": 20.0}, "datetime": {"datetime": "2024-01-19 01:20:43", "elapsed": 4096.562475, "delta": 0.004475}}
{"target": -13.758484899730826, "params": {"gamma": 647.2845989795212, "log10_alpha": -4.3019228773213545, "log10_colsample_bytree": -0.43919890049836385, "log10_eta": -3.8712926391288, "log10_lambda": -4.340164088979677, "log10_min_child_weight": 0.3518666579488161, "log10_subsample": -0.5114223196726709, "max_depth": 6.0, "num_boost_round": 21.0}, "datetime": {"datetime": "2024-01-19 01:20:43", "elapsed": 4096.566961, "delta": 0.004486}}
{"target": -13.758537552575364, "params": {"gamma": 641.059340237545, "log10_alpha": 0.9873015459156793, "log10_colsample_bytree": -0.22303996456477893, "log10_eta": -3.2505628248396774, "log10_lambda": -0.03684187802904404, "log10_min_child_weight": 0.23854556947311034, "log10_subsample": -0.9161076058124692, "max_depth": 2.0, "num_boost_round": 0.0}, "datetime": {"datetime": "2024-01-19 01:21:45", "elapsed": 4157.947685, "delta": 61.380724}}
{"target": -13.75853148400872, "params": {"gamma": 641.059340237545, "log10_alpha": 0.9873015459156793, "log10_colsample_bytree": -0.22303996456477893, "log10_eta": -3.2505628248396774, "log10_lambda": -0.03684187802904404, "log10_min_child_weight": 0.23854556947311034, "log10_subsample": -0.9161076058124692, "max_depth": 2.0, "num_boost_round": 1.0}, "datetime": {"datetime": "2024-01-19 01:21:45", "elapsed": 4157.953315, "delta": 0.00563}}
{"target": -13.758530113128595, "params": {"gamma": 641.059340237545, "log10_alpha": 0.9873015459156793, "log10_colsample_bytree": -0.22303996456477893, "log10_eta": -3.2505628248396774, "log10_lambda": -0.03684187802904404, "log10_min_child_weight": 0.23854556947311034, "log10_subsample": -0.9161076058124692, "max_depth": 2.0, "num_boost_round": 2.0}, "datetime": {"datetime": "2024-01-19 01:21:45", "elapsed": 4157.971186, "delta": 0.017871}}
{"target": -13.758530332168025, "params": {"gamma": 641.059340237545, "log10_alpha": 0.9873015459156793, "log10_colsample_bytree": -0.22303996456477893, "log10_eta": -3.2505628248396774, "log10_lambda": -0.03684187802904404, "log10_min_child_weight": 0.23854556947311034, "log10_subsample": -0.9161076058124692, "max_depth": 2.0, "num_boost_round": 3.0}, "datetime": {"datetime": "2024-01-19 01:21:45", "elapsed": 4157.975813, "delta": 0.004627}}
{"target": -13.75852186484081, "params": {"gamma": 641.059340237545, "log10_alpha": 0.9873015459156793, "log10_colsample_bytree": -0.22303996456477893, "log10_eta": -3.2505628248396774, "log10_lambda": -0.03684187802904404, "log10_min_child_weight": 0.23854556947311034, "log10_subsample": -0.9161076058124692, "max_depth": 2.0, "num_boost_round": 4.0}, "datetime": {"datetime": "2024-01-19 01:21:45", "elapsed": 4157.980064, "delta": 0.004251}}
{"target": -13.758517385272443, "params": {"gamma": 641.059340237545, "log10_alpha": 0.9873015459156793, "log10_colsample_bytree": -0.22303996456477893, "log10_eta": -3.2505628248396774, "log10_lambda": -0.03684187802904404, "log10_min_child_weight": 0.23854556947311034, "log10_subsample": -0.9161076058124692, "max_depth": 2.0, "num_boost_round": 5.0}, "datetime": {"datetime": "2024-01-19 01:21:45", "elapsed": 4157.985077, "delta": 0.005013}}
{"target": -13.75851416717608, "params": {"gamma": 641.059340237545, "log10_alpha": 0.9873015459156793, "log10_colsample_bytree": -0.22303996456477893, "log10_eta": -3.2505628248396774, "log10_lambda": -0.03684187802904404, "log10_min_child_weight": 0.23854556947311034, "log10_subsample": -0.9161076058124692, "max_depth": 2.0, "num_boost_round": 6.0}, "datetime": {"datetime": "2024-01-19 01:21:45", "elapsed": 4157.989977, "delta": 0.0049}}
{"target": -13.758513663706585, "params": {"gamma": 641.059340237545, "log10_alpha": 0.9873015459156793, "log10_colsample_bytree": -0.22303996456477893, "log10_eta": -3.2505628248396774, "log10_lambda": -0.03684187802904404, "log10_min_child_weight": 0.23854556947311034, "log10_subsample": -0.9161076058124692, "max_depth": 2.0, "num_boost_round": 7.0}, "datetime": {"datetime": "2024-01-19 01:21:45", "elapsed": 4157.994358, "delta": 0.004381}}
{"target": -13.758512992442027, "params": {"gamma": 641.059340237545, "log10_alpha": 0.9873015459156793, "log10_colsample_bytree": -0.22303996456477893, "log10_eta": -3.2505628248396774, "log10_lambda": -0.03684187802904404, "log10_min_child_weight": 0.23854556947311034, "log10_subsample": -0.9161076058124692, "max_depth": 2.0, "num_boost_round": 8.0}, "datetime": {"datetime": "2024-01-19 01:21:45", "elapsed": 4157.998616, "delta": 0.004258}}
{"target": -13.7585105594568, "params": {"gamma": 641.059340237545, "log10_alpha": 0.9873015459156793, "log10_colsample_bytree": -0.22303996456477893, "log10_eta": -3.2505628248396774, "log10_lambda": -0.03684187802904404, "log10_min_child_weight": 0.23854556947311034, "log10_subsample": -0.9161076058124692, "max_depth": 2.0, "num_boost_round": 9.0}, "datetime": {"datetime": "2024-01-19 01:21:45", "elapsed": 4158.002845, "delta": 0.004229}}
{"target": -13.758503264617513, "params": {"gamma": 641.059340237545, "log10_alpha": 0.9873015459156793, "log10_colsample_bytree": -0.22303996456477893, "log10_eta": -3.2505628248396774, "log10_lambda": -0.03684187802904404, "log10_min_child_weight": 0.23854556947311034, "log10_subsample": -0.9161076058124692, "max_depth": 2.0, "num_boost_round": 10.0}, "datetime": {"datetime": "2024-01-19 01:21:45", "elapsed": 4158.007202, "delta": 0.004357}}
{"target": -13.7584935914561, "params": {"gamma": 641.059340237545, "log10_alpha": 0.9873015459156793, "log10_colsample_bytree": -0.22303996456477893, "log10_eta": -3.2505628248396774, "log10_lambda": -0.03684187802904404, "log10_min_child_weight": 0.23854556947311034, "log10_subsample": -0.9161076058124692, "max_depth": 2.0, "num_boost_round": 11.0}, "datetime": {"datetime": "2024-01-19 01:21:45", "elapsed": 4158.011777, "delta": 0.004575}}
{"target": -13.758486718748356, "params": {"gamma": 641.059340237545, "log10_alpha": 0.9873015459156793, "log10_colsample_bytree": -0.22303996456477893, "log10_eta": -3.2505628248396774, "log10_lambda": -0.03684187802904404, "log10_min_child_weight": 0.23854556947311034, "log10_subsample": -0.9161076058124692, "max_depth": 2.0, "num_boost_round": 12.0}, "datetime": {"datetime": "2024-01-19 01:21:45", "elapsed": 4158.016009, "delta": 0.004232}}
{"target": -13.758483110140142, "params": {"gamma": 641.059340237545, "log10_alpha": 0.9873015459156793, "log10_colsample_bytree": -0.22303996456477893, "log10_eta": -3.2505628248396774, "log10_lambda": -0.03684187802904404, "log10_min_child_weight": 0.23854556947311034, "log10_subsample": -0.9161076058124692, "max_depth": 2.0, "num_boost_round": 13.0}, "datetime": {"datetime": "2024-01-19 01:21:45", "elapsed": 4158.020115, "delta": 0.004106}}
{"target": -13.758478222928895, "params": {"gamma": 641.059340237545, "log10_alpha": 0.9873015459156793, "log10_colsample_bytree": -0.22303996456477893, "log10_eta": -3.2505628248396774, "log10_lambda": -0.03684187802904404, "log10_min_child_weight": 0.23854556947311034, "log10_subsample": -0.9161076058124692, "max_depth": 2.0, "num_boost_round": 14.0}, "datetime": {"datetime": "2024-01-19 01:21:45", "elapsed": 4158.024246, "delta": 0.004131}}
{"target": -13.75847339914443, "params": {"gamma": 641.059340237545, "log10_alpha": 0.9873015459156793, "log10_colsample_bytree": -0.22303996456477893, "log10_eta": -3.2505628248396774, "log10_lambda": -0.03684187802904404, "log10_min_child_weight": 0.23854556947311034, "log10_subsample": -0.9161076058124692, "max_depth": 2.0, "num_boost_round": 15.0}, "datetime": {"datetime": "2024-01-19 01:21:45", "elapsed": 4158.028473, "delta": 0.004227}}
{"target": -13.7584670847218, "params": {"gamma": 641.059340237545, "log10_alpha": 0.9873015459156793, "log10_colsample_bytree": -0.22303996456477893, "log10_eta": -3.2505628248396774, "log10_lambda": -0.03684187802904404, "log10_min_child_weight": 0.23854556947311034, "log10_subsample": -0.9161076058124692, "max_depth": 2.0, "num_boost_round": 16.0}, "datetime": {"datetime": "2024-01-19 01:21:45", "elapsed": 4158.032597, "delta": 0.004124}}
{"target": -13.75847042526871, "params": {"gamma": 641.059340237545, "log10_alpha": 0.9873015459156793, "log10_colsample_bytree": -0.22303996456477893, "log10_eta": -3.2505628248396774, "log10_lambda": -0.03684187802904404, "log10_min_child_weight": 0.23854556947311034, "log10_subsample": -0.9161076058124692, "max_depth": 2.0, "num_boost_round": 17.0}, "datetime": {"datetime": "2024-01-19 01:21:45", "elapsed": 4158.036731, "delta": 0.004134}}
{"target": -13.758468684052717, "params": {"gamma": 641.059340237545, "log10_alpha": 0.9873015459156793, "log10_colsample_bytree": -0.22303996456477893, "log10_eta": -3.2505628248396774, "log10_lambda": -0.03684187802904404, "log10_min_child_weight": 0.23854556947311034, "log10_subsample": -0.9161076058124692, "max_depth": 2.0, "num_boost_round": 18.0}, "datetime": {"datetime": "2024-01-19 01:21:45", "elapsed": 4158.041087, "delta": 0.004356}}
