{"target": -13.758476228449384, "params": {"gamma": 26.90605985186345, "log10_alpha": 0.5594793556239335, "log10_colsample_bytree": -0.3407661223315952, "log10_eta": -3.5897216254779734, "log10_lambda": -4.925208238285679, "log10_min_child_weight": 2.3901377307432043, "log10_subsample": -0.8448768602774417, "max_depth": 9.0, "num_boost_round": 10.0}, "datetime": {"datetime": "2024-01-19 00:52:49", "elapsed": 2477.383961, "delta": 0.00255}}
{"target": -13.758469334999791, "params": {"gamma": 26.90605985186345, "log10_alpha": 0.5594793556239335, "log10_colsample_bytree": -0.3407661223315952, "log10_eta": -3.5897216254779734, "log10_lambda": -4.925208238285679, "log10_min_child_weight": 2.3901377307432043, "log10_subsample": -0.8448768602774417, "max_depth": 9.0, "num_boost_round": 11.0}, "datetime": {"datetime": "2024-01-19 00:52:49", "elapsed": 2477.386512, "delta": 0.002551}}
{"target": -13.758467928533522, "params": {"gamma": 26.90605985186345, "log10_alpha": 0.5594793556239335, "log10_colsample_bytree": -0.3407661223315952, "log10_eta": -3.5897216254779734, "log10_lambda": -4.925208238285679, "log10_min_child_weight": 2.3901377307432043, "log10_subsample": -0.8448768602774417, "max_depth": 9.0, "num_boost_round": 12.0}, "datetime": {"datetime": "2024-01-19 00:52:49", "elapsed": 2477.389349, "delta": 0.002837}}
{"target": -13.758534899796695, "params": {"gamma": 49.11124900426644, "log10_alpha": -2.1500973821605336, "log10_colsample_bytree": -0.9885691471318754, "log10_eta": -3.7971801569523596, "log10_lambda": -0.5506497947843316, "log10_min_child_weight": 1.7261573251980993, "log10_subsample": -0.7205931169097443, "max_depth": 2.0, "num_boost_round": 0.0}, "datetime": {"datetime": "2024-01-19 00:53:17", "elapsed": 2505.20056, "delta": 27.811211}}
{"target": -13.75853252983737, "params": {"gamma": 49.11124900426644, "log10_alpha": -2.1500973821605336, "log10_colsample_bytree": -0.9885691471318754, "log10_eta": -3.7971801569523596, "log10_lambda": -0.5506497947843316, "log10_min_child_weight": 1.7261573251980993, "log10_subsample": -0.7205931169097443, "max_depth": 2.0, "num_boost_round": 1.0}, "datetime": {"datetime": "2024-01-19 00:53:17", "elapsed": 2505.203572, "delta": 0.003012}}
{"target": -13.758532406841933, "params": {"gamma": 49.11124900426644, "log10_alpha": -2.1500973821605336, "log10_colsample_bytree": -0.9885691471318754, "log10_eta": -3.7971801569523596, "log10_lambda": -0.5506497947843316, "log10_min_child_weight": 1.7261573251980993, "log10_subsample": -0.7205931169097443, "max_depth": 2.0, "num_boost_round": 2.0}, "datetime": {"datetime": "2024-01-19 00:53:17", "elapsed": 2505.206206, "delta": 0.002634}}
{"target": -13.758532077266622, "params": {"gamma": 49.11124900426644, "log10_alpha": -2.1500973821605336, "log10_colsample_bytree": -0.9885691471318754, "log10_eta": -3.7971801569523596, "log10_lambda": -0.5506497947843316, "log10_min_child_weight": 1.7261573251980993, "log10_subsample": -0.7205931169097443, "max_depth": 2.0, "num_boost_round": 3.0}, "datetime": {"datetime": "2024-01-19 00:53:17", "elapsed": 2505.209306, "delta": 0.0031}}
{"target": -13.758532151805344, "params": {"gamma": 49.11124900426644, "log10_alpha": -2.1500973821605336, "log10_colsample_bytree": -0.9885691471318754, "log10_eta": -3.7971801569523596, "log10_lambda": -0.5506497947843316, "log10_min_child_weight": 1.7261573251980993, "log10_subsample": -0.7205931169097443, "max_depth": 2.0, "num_boost_round": 4.0}, "datetime": {"datetime": "2024-01-19 00:53:17", "elapsed": 2505.211798, "delta": 0.002492}}
{"target": -13.75853135784944, "params": {"gamma": 49.11124900426644, "log10_alpha": -2.1500973821605336, "log10_colsample_bytree": -0.9885691471318754, "log10_eta": -3.7971801569523596, "log10_lambda": -0.5506497947843316, "log10_min_child_weight": 1.7261573251980993, "log10_subsample": -0.7205931169097443, "max_depth": 2.0, "num_boost_round": 5.0}, "datetime": {"datetime": "2024-01-19 00:53:17", "elapsed": 2505.214274, "delta": 0.002476}}
{"target": -13.758531064496255, "params": {"gamma": 49.11124900426644, "log10_alpha": -2.1500973821605336, "log10_colsample_bytree": -0.9885691471318754, "log10_eta": -3.7971801569523596, "log10_lambda": -0.5506497947843316, "log10_min_child_weight": 1.7261573251980993, "log10_subsample": -0.7205931169097443, "max_depth": 2.0, "num_boost_round": 6.0}, "datetime": {"datetime": "2024-01-19 00:53:17", "elapsed": 2505.216771, "delta": 0.002497}}
{"target": -13.758528667305335, "params": {"gamma": 49.11124900426644, "log10_alpha": -2.1500973821605336, "log10_colsample_bytree": -0.9885691471318754, "log10_eta": -3.7971801569523596, "log10_lambda": -0.5506497947843316, "log10_min_child_weight": 1.7261573251980993, "log10_subsample": -0.7205931169097443, "max_depth": 2.0, "num_boost_round": 7.0}, "datetime": {"datetime": "2024-01-19 00:53:17", "elapsed": 2505.219211, "delta": 0.00244}}
{"target": -13.758528882766335, "params": {"gamma": 49.11124900426644, "log10_alpha": -2.1500973821605336, "log10_colsample_bytree": -0.9885691471318754, "log10_eta": -3.7971801569523596, "log10_lambda": -0.5506497947843316, "log10_min_child_weight": 1.7261573251980993, "log10_subsample": -0.7205931169097443, "max_depth": 2.0, "num_boost_round": 8.0}, "datetime": {"datetime": "2024-01-19 00:53:17", "elapsed": 2505.221672, "delta": 0.002461}}
{"target": -13.758527163912554, "params": {"gamma": 49.11124900426644, "log10_alpha": -2.1500973821605336, "log10_colsample_bytree": -0.9885691471318754, "log10_eta": -3.7971801569523596, "log10_lambda": -0.5506497947843316, "log10_min_child_weight": 1.7261573251980993, "log10_subsample": -0.7205931169097443, "max_depth": 2.0, "num_boost_round": 9.0}, "datetime": {"datetime": "2024-01-19 00:53:17", "elapsed": 2505.224109, "delta": 0.002437}}
{"target": -13.758527248380961, "params": {"gamma": 49.11124900426644, "log10_alpha": -2.1500973821605336, "log10_colsample_bytree": -0.9885691471318754, "log10_eta": -3.7971801569523596, "log10_lambda": -0.5506497947843316, "log10_min_child_weight": 1.7261573251980993, "log10_subsample": -0.7205931169097443, "max_depth": 2.0, "num_boost_round": 10.0}, "datetime": {"datetime": "2024-01-19 00:53:17", "elapsed": 2505.226584, "delta": 0.002475}}
{"target": -13.758526741953915, "params": {"gamma": 49.11124900426644, "log10_alpha": -2.1500973821605336, "log10_colsample_bytree": -0.9885691471318754, "log10_eta": -3.7971801569523596, "log10_lambda": -0.5506497947843316, "log10_min_child_weight": 1.7261573251980993, "log10_subsample": -0.7205931169097443, "max_depth": 2.0, "num_boost_round": 11.0}, "datetime": {"datetime": "2024-01-19 00:53:17", "elapsed": 2505.229159, "delta": 0.002575}}
{"target": -13.758525003197562, "params": {"gamma": 49.11124900426644, "log10_alpha": -2.1500973821605336, "log10_colsample_bytree": -0.9885691471318754, "log10_eta": -3.7971801569523596, "log10_lambda": -0.5506497947843316, "log10_min_child_weight": 1.7261573251980993, "log10_subsample": -0.7205931169097443, "max_depth": 2.0, "num_boost_round": 12.0}, "datetime": {"datetime": "2024-01-19 00:53:17", "elapsed": 2505.231634, "delta": 0.002475}}
{"target": -13.758523884338754, "params": {"gamma": 49.11124900426644, "log10_alpha": -2.1500973821605336, "log10_colsample_bytree": -0.9885691471318754, "log10_eta": -3.7971801569523596, "log10_lambda": -0.5506497947843316, "log10_min_child_weight": 1.7261573251980993, "log10_subsample": -0.7205931169097443, "max_depth": 2.0, "num_boost_round": 13.0}, "datetime": {"datetime": "2024-01-19 00:53:17", "elapsed": 2505.234118, "delta": 0.002484}}
{"target": -13.75852272281638, "params": {"gamma": 49.11124900426644, "log10_alpha": -2.1500973821605336, "log10_colsample_bytree": -0.9885691471318754, "log10_eta": -3.7971801569523596, "log10_lambda": -0.5506497947843316, "log10_min_child_weight": 1.7261573251980993, "log10_subsample": -0.7205931169097443, "max_depth": 2.0, "num_boost_round": 14.0}, "datetime": {"datetime": "2024-01-19 00:53:17", "elapsed": 2505.236624, "delta": 0.002506}}
{"target": -13.758520726554183, "params": {"gamma": 49.11124900426644, "log10_alpha": -2.1500973821605336, "log10_colsample_bytree": -0.9885691471318754, "log10_eta": -3.7971801569523596, "log10_lambda": -0.5506497947843316, "log10_min_child_weight": 1.7261573251980993, "log10_subsample": -0.7205931169097443, "max_depth": 2.0, "num_boost_round": 15.0}, "datetime": {"datetime": "2024-01-19 00:53:17", "elapsed": 2505.239075, "delta": 0.002451}}
{"target": -13.758127158254352, "params": {"gamma": 44.34131821778031, "log10_alpha": -4.387253745392654, "log10_colsample_bytree": -0.1533557020025218, "log10_eta": -1.2111072609328994, "log10_lambda": -0.32767887184982847, "log10_min_child_weight": 2.2623074029302863, "log10_subsample": -0.23491783652866594, "max_depth": 2.0, "num_boost_round": 0.0}, "datetime": {"datetime": "2024-01-19 00:53:44", "elapsed": 2533.086525, "delta": 27.84745}}
{"target": -13.75828879483666, "params": {"gamma": 44.34131821778031, "log10_alpha": -4.387253745392654, "log10_colsample_bytree": -0.1533557020025218, "log10_eta": -1.2111072609328994, "log10_lambda": -0.32767887184982847, "log10_min_child_weight": 2.2623074029302863, "log10_subsample": -0.23491783652866594, "max_depth": 2.0, "num_boost_round": 1.0}, "datetime": {"datetime": "2024-01-19 00:53:44", "elapsed": 2533.089836, "delta": 0.003311}}
{"target": -13.758670824432794, "params": {"gamma": 44.34131821778031, "log10_alpha": -4.387253745392654, "log10_colsample_bytree": -0.1533557020025218, "log10_eta": -1.2111072609328994, "log10_lambda": -0.32767887184982847, "log10_min_child_weight": 2.2623074029302863, "log10_subsample": -0.23491783652866594, "max_depth": 2.0, "num_boost_round": 2.0}, "datetime": {"datetime": "2024-01-19 00:53:44", "elapsed": 2533.092441, "delta": 0.002605}}
{"target": -13.758322605063736, "params": {"gamma": 44.34131821778031, "log10_alpha": -4.387253745392654, "log10_colsample_bytree": -0.1533557020025218, "log10_eta": -1.2111072609328994, "log10_lambda": -0.32767887184982847, "log10_min_child_weight": 2.2623074029302863, "log10_subsample": -0.23491783652866594, "max_depth": 2.0, "num_boost_round": 3.0}, "datetime": {"datetime": "2024-01-19 00:53:44", "elapsed": 2533.095199, "delta": 0.002758}}
{"target": -13.758761561845507, "params": {"gamma": 44.34131821778031, "log10_alpha": -4.387253745392654, "log10_colsample_bytree": -0.1533557020025218, "log10_eta": -1.2111072609328994, "log10_lambda": -0.32767887184982847, "log10_min_child_weight": 2.2623074029302863, "log10_subsample": -0.23491783652866594, "max_depth": 2.0, "num_boost_round": 4.0}, "datetime": {"datetime": "2024-01-19 00:53:44", "elapsed": 2533.097711, "delta": 0.002512}}
{"target": -13.759948657503879, "params": {"gamma": 44.34131821778031, "log10_alpha": -4.387253745392654, "log10_colsample_bytree": -0.1533557020025218, "log10_eta": -1.2111072609328994, "log10_lambda": -0.32767887184982847, "log10_min_child_weight": 2.2623074029302863, "log10_subsample": -0.23491783652866594, "max_depth": 2.0, "num_boost_round": 5.0}, "datetime": {"datetime": "2024-01-19 00:53:44", "elapsed": 2533.100209, "delta": 0.002498}}
{"target": -13.760873115066413, "params": {"gamma": 44.34131821778031, "log10_alpha": -4.387253745392654, "log10_colsample_bytree": -0.1533557020025218, "log10_eta": -1.2111072609328994, "log10_lambda": -0.32767887184982847, "log10_min_child_weight": 2.2623074029302863, "log10_subsample": -0.23491783652866594, "max_depth": 2.0, "num_boost_round": 6.0}, "datetime": {"datetime": "2024-01-19 00:53:44", "elapsed": 2533.102732, "delta": 0.002523}}
{"target": -13.761091142518678, "params": {"gamma": 44.34131821778031, "log10_alpha": -4.387253745392654, "log10_colsample_bytree": -0.1533557020025218, "log10_eta": -1.2111072609328994, "log10_lambda": -0.32767887184982847, "log10_min_child_weight": 2.2623074029302863, "log10_subsample": -0.23491783652866594, "max_depth": 2.0, "num_boost_round": 7.0}, "datetime": {"datetime": "2024-01-19 00:53:44", "elapsed": 2533.105256, "delta": 0.002524}}
{"target": -13.761604319217783, "params": {"gamma": 44.34131821778031, "log10_alpha": -4.387253745392654, "log10_colsample_bytree": -0.1533557020025218, "log10_eta": -1.2111072609328994, "log10_lambda": -0.32767887184982847, "log10_min_child_weight": 2.2623074029302863, "log10_subsample": -0.23491783652866594, "max_depth": 2.0, "num_boost_round": 8.0}, "datetime": {"datetime": "2024-01-19 00:53:44", "elapsed": 2533.107738, "delta": 0.002482}}
{"target": -13.762406256195648, "params": {"gamma": 44.34131821778031, "log10_alpha": -4.387253745392654, "log10_colsample_bytree": -0.1533557020025218, "log10_eta": -1.2111072609328994, "log10_lambda": -0.32767887184982847, "log10_min_child_weight": 2.2623074029302863, "log10_subsample": -0.23491783652866594, "max_depth": 2.0, "num_boost_round": 9.0}, "datetime": {"datetime": "2024-01-19 00:53:44", "elapsed": 2533.110308, "delta": 0.00257}}
{"target": -13.762282200223169, "params": {"gamma": 44.34131821778031, "log10_alpha": -4.387253745392654, "log10_colsample_bytree": -0.1533557020025218, "log10_eta": -1.2111072609328994, "log10_lambda": -0.32767887184982847, "log10_min_child_weight": 2.2623074029302863, "log10_subsample": -0.23491783652866594, "max_depth": 2.0, "num_boost_round": 10.0}, "datetime": {"datetime": "2024-01-19 00:53:44", "elapsed": 2533.112791, "delta": 0.002483}}
{"target": -13.762114590490054, "params": {"gamma": 44.34131821778031, "log10_alpha": -4.387253745392654, "log10_colsample_bytree": -0.1533557020025218, "log10_eta": -1.2111072609328994, "log10_lambda": -0.32767887184982847, "log10_min_child_weight": 2.2623074029302863, "log10_subsample": -0.23491783652866594, "max_depth": 2.0, "num_boost_round": 11.0}, "datetime": {"datetime": "2024-01-19 00:53:44", "elapsed": 2533.115302, "delta": 0.002511}}
{"target": -13.761697052443967, "params": {"gamma": 44.34131821778031, "log10_alpha": -4.387253745392654, "log10_colsample_bytree": -0.1533557020025218, "log10_eta": -1.2111072609328994, "log10_lambda": -0.32767887184982847, "log10_min_child_weight": 2.2623074029302863, "log10_subsample": -0.23491783652866594, "max_depth": 2.0, "num_boost_round": 12.0}, "datetime": {"datetime": "2024-01-19 00:53:44", "elapsed": 2533.117761, "delta": 0.002459}}
{"target": -13.761577021814938, "params": {"gamma": 44.34131821778031, "log10_alpha": -4.387253745392654, "log10_colsample_bytree": -0.1533557020025218, "log10_eta": -1.2111072609328994, "log10_lambda": -0.32767887184982847, "log10_min_child_weight": 2.2623074029302863, "log10_subsample": -0.23491783652866594, "max_depth": 2.0, "num_boost_round": 13.0}, "datetime": {"datetime": "2024-01-19 00:53:44", "elapsed": 2533.120244, "delta": 0.002483}}
{"target": -13.76273527056858, "params": {"gamma": 44.34131821778031, "log10_alpha": -4.387253745392654, "log10_colsample_bytree": -0.1533557020025218, "log10_eta": -1.2111072609328994, "log10_lambda": -0.32767887184982847, "log10_min_child_weight": 2.2623074029302863, "log10_subsample": -0.23491783652866594, "max_depth": 2.0, "num_boost_round": 14.0}, "datetime": {"datetime": "2024-01-19 00:53:44", "elapsed": 2533.122712, "delta": 0.002468}}
{"target": -13.762363145382139, "params": {"gamma": 44.34131821778031, "log10_alpha": -4.387253745392654, "log10_colsample_bytree": -0.1533557020025218, "log10_eta": -1.2111072609328994, "log10_lambda": -0.32767887184982847, "log10_min_child_weight": 2.2623074029302863, "log10_subsample": -0.23491783652866594, "max_depth": 2.0, "num_boost_round": 15.0}, "datetime": {"datetime": "2024-01-19 00:53:45", "elapsed": 2533.125205, "delta": 0.002493}}
{"target": -13.762119505058871, "params": {"gamma": 44.34131821778031, "log10_alpha": -4.387253745392654, "log10_colsample_bytree": -0.1533557020025218, "log10_eta": -1.2111072609328994, "log10_lambda": -0.32767887184982847, "log10_min_child_weight": 2.2623074029302863, "log10_subsample": -0.23491783652866594, "max_depth": 2.0, "num_boost_round": 16.0}, "datetime": {"datetime": "2024-01-19 00:53:45", "elapsed": 2533.127689, "delta": 0.002484}}
{"target": -13.76228292163496, "params": {"gamma": 44.34131821778031, "log10_alpha": -4.387253745392654, "log10_colsample_bytree": -0.1533557020025218, "log10_eta": -1.2111072609328994, "log10_lambda": -0.32767887184982847, "log10_min_child_weight": 2.2623074029302863, "log10_subsample": -0.23491783652866594, "max_depth": 2.0, "num_boost_round": 17.0}, "datetime": {"datetime": "2024-01-19 00:53:45", "elapsed": 2533.130254, "delta": 0.002565}}
{"target": -13.762993766818806, "params": {"gamma": 44.34131821778031, "log10_alpha": -4.387253745392654, "log10_colsample_bytree": -0.1533557020025218, "log10_eta": -1.2111072609328994, "log10_lambda": -0.32767887184982847, "log10_min_child_weight": 2.2623074029302863, "log10_subsample": -0.23491783652866594, "max_depth": 2.0, "num_boost_round": 18.0}, "datetime": {"datetime": "2024-01-19 00:53:45", "elapsed": 2533.13273, "delta": 0.002476}}
{"target": -13.7621499720662, "params": {"gamma": 44.34131821778031, "log10_alpha": -4.387253745392654, "log10_colsample_bytree": -0.1533557020025218, "log10_eta": -1.2111072609328994, "log10_lambda": -0.32767887184982847, "log10_min_child_weight": 2.2623074029302863, "log10_subsample": -0.23491783652866594, "max_depth": 2.0, "num_boost_round": 19.0}, "datetime": {"datetime": "2024-01-19 00:53:45", "elapsed": 2533.13527, "delta": 0.00254}}
{"target": -13.763043056244232, "params": {"gamma": 44.34131821778031, "log10_alpha": -4.387253745392654, "log10_colsample_bytree": -0.1533557020025218, "log10_eta": -1.2111072609328994, "log10_lambda": -0.32767887184982847, "log10_min_child_weight": 2.2623074029302863, "log10_subsample": -0.23491783652866594, "max_depth": 2.0, "num_boost_round": 20.0}, "datetime": {"datetime": "2024-01-19 00:53:45", "elapsed": 2533.137739, "delta": 0.002469}}
{"target": -13.763191791843587, "params": {"gamma": 44.34131821778031, "log10_alpha": -4.387253745392654, "log10_colsample_bytree": -0.1533557020025218, "log10_eta": -1.2111072609328994, "log10_lambda": -0.32767887184982847, "log10_min_child_weight": 2.2623074029302863, "log10_subsample": -0.23491783652866594, "max_depth": 2.0, "num_boost_round": 21.0}, "datetime": {"datetime": "2024-01-19 00:53:45", "elapsed": 2533.140222, "delta": 0.002483}}
{"target": -13.758537523042783, "params": {"gamma": 36.83451638743651, "log10_alpha": -2.4205515122174335, "log10_colsample_bytree": -0.382041246240477, "log10_eta": -3.9845169837082426, "log10_lambda": -3.647482254951762, "log10_min_child_weight": 3.337555569544324, "log10_subsample": -0.15155149291730863, "max_depth": 6.0, "num_boost_round": 0.0}, "datetime": {"datetime": "2024-01-19 00:54:11", "elapsed": 2559.511298, "delta": 26.371076}}
{"target": -13.758535450972907, "params": {"gamma": 36.83451638743651, "log10_alpha": -2.4205515122174335, "log10_colsample_bytree": -0.382041246240477, "log10_eta": -3.9845169837082426, "log10_lambda": -3.647482254951762, "log10_min_child_weight": 3.337555569544324, "log10_subsample": -0.15155149291730863, "max_depth": 6.0, "num_boost_round": 1.0}, "datetime": {"datetime": "2024-01-19 00:54:11", "elapsed": 2559.51431, "delta": 0.003012}}
{"target": -13.758533297573068, "params": {"gamma": 36.83451638743651, "log10_alpha": -2.4205515122174335, "log10_colsample_bytree": -0.382041246240477, "log10_eta": -3.9845169837082426, "log10_lambda": -3.647482254951762, "log10_min_child_weight": 3.337555569544324, "log10_subsample": -0.15155149291730863, "max_depth": 6.0, "num_boost_round": 2.0}, "datetime": {"datetime": "2024-01-19 00:54:11", "elapsed": 2559.517007, "delta": 0.002697}}
{"target": -13.758533903553614, "params": {"gamma": 36.83451638743651, "log10_alpha": -2.4205515122174335, "log10_colsample_bytree": -0.382041246240477, "log10_eta": -3.9845169837082426, "log10_lambda": -3.647482254951762, "log10_min_child_weight": 3.337555569544324, "log10_subsample": -0.15155149291730863, "max_depth": 6.0, "num_boost_round": 3.0}, "datetime": {"datetime": "2024-01-19 00:54:11", "elapsed": 2559.519626, "delta": 0.002619}}
{"target": -13.758531477085361, "params": {"gamma": 36.83451638743651, "log10_alpha": -2.4205515122174335, "log10_colsample_bytree": -0.382041246240477, "log10_eta": -3.9845169837082426, "log10_lambda": -3.647482254951762, "log10_min_child_weight": 3.337555569544324, "log10_subsample": -0.15155149291730863, "max_depth": 6.0, "num_boost_round": 4.0}, "datetime": {"datetime": "2024-01-19 00:54:11", "elapsed": 2559.522104, "delta": 0.002478}}
{"target": -13.75852947445048, "params": {"gamma": 36.83451638743651, "log10_alpha": -2.4205515122174335, "log10_colsample_bytree": -0.382041246240477, "log10_eta": -3.9845169837082426, "log10_lambda": -3.647482254951762, "log10_min_child_weight": 3.337555569544324, "log10_subsample": -0.15155149291730863, "max_depth": 6.0, "num_boost_round": 5.0}, "datetime": {"datetime": "2024-01-19 00:54:11", "elapsed": 2559.524588, "delta": 0.002484}}
{"target": -13.758528973286298, "params": {"gamma": 36.83451638743651, "log10_alpha": -2.4205515122174335, "log10_colsample_bytree": -0.382041246240477, "log10_eta": -3.9845169837082426, "log10_lambda": -3.647482254951762, "log10_min_child_weight": 3.337555569544324, "log10_subsample": -0.15155149291730863, "max_depth": 6.0, "num_boost_round": 6.0}, "datetime": {"datetime": "2024-01-19 00:54:11", "elapsed": 2559.527071, "delta": 0.002483}}
{"target": -13.758525545158646, "params": {"gamma": 36.83451638743651, "log10_alpha": -2.4205515122174335, "log10_colsample_bytree": -0.382041246240477, "log10_eta": -3.9845169837082426, "log10_lambda": -3.647482254951762, "log10_min_child_weight": 3.337555569544324, "log10_subsample": -0.15155149291730863, "max_depth": 6.0, "num_boost_round": 7.0}, "datetime": {"datetime": "2024-01-19 00:54:11", "elapsed": 2559.529716, "delta": 0.002645}}
