{"target": -13.757926262271102, "params": {"gamma": 559.6041376980562, "log10_alpha": -4.795606127980163, "log10_colsample_bytree": -0.4064002138888808, "log10_eta": -2.8567331674931657, "log10_lambda": -2.0866328185862173, "log10_min_child_weight": 0.5201654578771014, "log10_subsample": -0.11702554456419323, "max_depth": 6.0, "num_boost_round": 23.0}, "datetime": {"datetime": "2024-01-19 00:38:32", "elapsed": 1644.201069, "delta": 0.001853}}
{"target": -13.757909249793142, "params": {"gamma": 559.6041376980562, "log10_alpha": -4.795606127980163, "log10_colsample_bytree": -0.4064002138888808, "log10_eta": -2.8567331674931657, "log10_lambda": -2.0866328185862173, "log10_min_child_weight": 0.5201654578771014, "log10_subsample": -0.11702554456419323, "max_depth": 6.0, "num_boost_round": 24.0}, "datetime": {"datetime": "2024-01-19 00:38:32", "elapsed": 1644.202985, "delta": 0.001916}}
{"target": -13.757906169638652, "params": {"gamma": 559.6041376980562, "log10_alpha": -4.795606127980163, "log10_colsample_bytree": -0.4064002138888808, "log10_eta": -2.8567331674931657, "log10_lambda": -2.0866328185862173, "log10_min_child_weight": 0.5201654578771014, "log10_subsample": -0.11702554456419323, "max_depth": 6.0, "num_boost_round": 25.0}, "datetime": {"datetime": "2024-01-19 00:38:32", "elapsed": 1644.204875, "delta": 0.00189}}
{"target": -13.75789680091294, "params": {"gamma": 559.6041376980562, "log10_alpha": -4.795606127980163, "log10_colsample_bytree": -0.4064002138888808, "log10_eta": -2.8567331674931657, "log10_lambda": -2.0866328185862173, "log10_min_child_weight": 0.5201654578771014, "log10_subsample": -0.11702554456419323, "max_depth": 6.0, "num_boost_round": 26.0}, "datetime": {"datetime": "2024-01-19 00:38:32", "elapsed": 1644.206837, "delta": 0.001962}}
{"target": -13.75792181612622, "params": {"gamma": 559.6041376980562, "log10_alpha": -4.795606127980163, "log10_colsample_bytree": -0.4064002138888808, "log10_eta": -2.8567331674931657, "log10_lambda": -2.0866328185862173, "log10_min_child_weight": 0.5201654578771014, "log10_subsample": -0.11702554456419323, "max_depth": 6.0, "num_boost_round": 27.0}, "datetime": {"datetime": "2024-01-19 00:38:32", "elapsed": 1644.208716, "delta": 0.001879}}
{"target": -13.75791556807825, "params": {"gamma": 559.6041376980562, "log10_alpha": -4.795606127980163, "log10_colsample_bytree": -0.4064002138888808, "log10_eta": -2.8567331674931657, "log10_lambda": -2.0866328185862173, "log10_min_child_weight": 0.5201654578771014, "log10_subsample": -0.11702554456419323, "max_depth": 6.0, "num_boost_round": 28.0}, "datetime": {"datetime": "2024-01-19 00:38:32", "elapsed": 1644.210592, "delta": 0.001876}}
{"target": -13.757902276343774, "params": {"gamma": 559.6041376980562, "log10_alpha": -4.795606127980163, "log10_colsample_bytree": -0.4064002138888808, "log10_eta": -2.8567331674931657, "log10_lambda": -2.0866328185862173, "log10_min_child_weight": 0.5201654578771014, "log10_subsample": -0.11702554456419323, "max_depth": 6.0, "num_boost_round": 29.0}, "datetime": {"datetime": "2024-01-19 00:38:32", "elapsed": 1644.212457, "delta": 0.001865}}
{"target": -13.75790963884395, "params": {"gamma": 559.6041376980562, "log10_alpha": -4.795606127980163, "log10_colsample_bytree": -0.4064002138888808, "log10_eta": -2.8567331674931657, "log10_lambda": -2.0866328185862173, "log10_min_child_weight": 0.5201654578771014, "log10_subsample": -0.11702554456419323, "max_depth": 6.0, "num_boost_round": 30.0}, "datetime": {"datetime": "2024-01-19 00:38:32", "elapsed": 1644.214327, "delta": 0.00187}}
{"target": -13.75787865699184, "params": {"gamma": 559.6041376980562, "log10_alpha": -4.795606127980163, "log10_colsample_bytree": -0.4064002138888808, "log10_eta": -2.8567331674931657, "log10_lambda": -2.0866328185862173, "log10_min_child_weight": 0.5201654578771014, "log10_subsample": -0.11702554456419323, "max_depth": 6.0, "num_boost_round": 31.0}, "datetime": {"datetime": "2024-01-19 00:38:32", "elapsed": 1644.216195, "delta": 0.001868}}
{"target": -13.757847220444194, "params": {"gamma": 559.6041376980562, "log10_alpha": -4.795606127980163, "log10_colsample_bytree": -0.4064002138888808, "log10_eta": -2.8567331674931657, "log10_lambda": -2.0866328185862173, "log10_min_child_weight": 0.5201654578771014, "log10_subsample": -0.11702554456419323, "max_depth": 6.0, "num_boost_round": 32.0}, "datetime": {"datetime": "2024-01-19 00:38:32", "elapsed": 1644.218046, "delta": 0.001851}}
{"target": -13.757830465905045, "params": {"gamma": 559.6041376980562, "log10_alpha": -4.795606127980163, "log10_colsample_bytree": -0.4064002138888808, "log10_eta": -2.8567331674931657, "log10_lambda": -2.0866328185862173, "log10_min_child_weight": 0.5201654578771014, "log10_subsample": -0.11702554456419323, "max_depth": 6.0, "num_boost_round": 33.0}, "datetime": {"datetime": "2024-01-19 00:38:32", "elapsed": 1644.219894, "delta": 0.001848}}
{"target": -13.757749350530423, "params": {"gamma": 559.6041376980562, "log10_alpha": -4.795606127980163, "log10_colsample_bytree": -0.4064002138888808, "log10_eta": -2.8567331674931657, "log10_lambda": -2.0866328185862173, "log10_min_child_weight": 0.5201654578771014, "log10_subsample": -0.11702554456419323, "max_depth": 6.0, "num_boost_round": 34.0}, "datetime": {"datetime": "2024-01-19 00:38:32", "elapsed": 1644.221763, "delta": 0.001869}}
{"target": -13.75775928584936, "params": {"gamma": 559.6041376980562, "log10_alpha": -4.795606127980163, "log10_colsample_bytree": -0.4064002138888808, "log10_eta": -2.8567331674931657, "log10_lambda": -2.0866328185862173, "log10_min_child_weight": 0.5201654578771014, "log10_subsample": -0.11702554456419323, "max_depth": 6.0, "num_boost_round": 35.0}, "datetime": {"datetime": "2024-01-19 00:38:32", "elapsed": 1644.223689, "delta": 0.001926}}
{"target": -13.757756812526944, "params": {"gamma": 559.6041376980562, "log10_alpha": -4.795606127980163, "log10_colsample_bytree": -0.4064002138888808, "log10_eta": -2.8567331674931657, "log10_lambda": -2.0866328185862173, "log10_min_child_weight": 0.5201654578771014, "log10_subsample": -0.11702554456419323, "max_depth": 6.0, "num_boost_round": 36.0}, "datetime": {"datetime": "2024-01-19 00:38:32", "elapsed": 1644.225557, "delta": 0.001868}}
{"target": -13.757740047745953, "params": {"gamma": 559.6041376980562, "log10_alpha": -4.795606127980163, "log10_colsample_bytree": -0.4064002138888808, "log10_eta": -2.8567331674931657, "log10_lambda": -2.0866328185862173, "log10_min_child_weight": 0.5201654578771014, "log10_subsample": -0.11702554456419323, "max_depth": 6.0, "num_boost_round": 37.0}, "datetime": {"datetime": "2024-01-19 00:38:32", "elapsed": 1644.227524, "delta": 0.001967}}
{"target": -13.757762183884205, "params": {"gamma": 559.6041376980562, "log10_alpha": -4.795606127980163, "log10_colsample_bytree": -0.4064002138888808, "log10_eta": -2.8567331674931657, "log10_lambda": -2.0866328185862173, "log10_min_child_weight": 0.5201654578771014, "log10_subsample": -0.11702554456419323, "max_depth": 6.0, "num_boost_round": 38.0}, "datetime": {"datetime": "2024-01-19 00:38:32", "elapsed": 1644.229416, "delta": 0.001892}}
{"target": -13.75853623874237, "params": {"gamma": 548.3648983047725, "log10_alpha": -4.717634129566291, "log10_colsample_bytree": -0.5224703217942881, "log10_eta": -3.8384341868330076, "log10_lambda": -3.215127281559244, "log10_min_child_weight": 0.07980900906583765, "log10_subsample": -0.7113664544225743, "max_depth": 9.0, "num_boost_round": 0.0}, "datetime": {"datetime": "2024-01-19 00:39:03", "elapsed": 1675.117499, "delta": 30.888083}}
{"target": -13.75852934527688, "params": {"gamma": 548.3648983047725, "log10_alpha": -4.717634129566291, "log10_colsample_bytree": -0.5224703217942881, "log10_eta": -3.8384341868330076, "log10_lambda": -3.215127281559244, "log10_min_child_weight": 0.07980900906583765, "log10_subsample": -0.7113664544225743, "max_depth": 9.0, "num_boost_round": 1.0}, "datetime": {"datetime": "2024-01-19 00:39:03", "elapsed": 1675.119898, "delta": 0.002399}}
{"target": -13.758528137200567, "params": {"gamma": 548.3648983047725, "log10_alpha": -4.717634129566291, "log10_colsample_bytree": -0.5224703217942881, "log10_eta": -3.8384341868330076, "log10_lambda": -3.215127281559244, "log10_min_child_weight": 0.07980900906583765, "log10_subsample": -0.7113664544225743, "max_depth": 9.0, "num_boost_round": 2.0}, "datetime": {"datetime": "2024-01-19 00:39:03", "elapsed": 1675.122472, "delta": 0.002574}}
{"target": -13.758522287468711, "params": {"gamma": 548.3648983047725, "log10_alpha": -4.717634129566291, "log10_colsample_bytree": -0.5224703217942881, "log10_eta": -3.8384341868330076, "log10_lambda": -3.215127281559244, "log10_min_child_weight": 0.07980900906583765, "log10_subsample": -0.7113664544225743, "max_depth": 9.0, "num_boost_round": 3.0}, "datetime": {"datetime": "2024-01-19 00:39:03", "elapsed": 1675.124404, "delta": 0.001932}}
{"target": -13.75851444628349, "params": {"gamma": 548.3648983047725, "log10_alpha": -4.717634129566291, "log10_colsample_bytree": -0.5224703217942881, "log10_eta": -3.8384341868330076, "log10_lambda": -3.215127281559244, "log10_min_child_weight": 0.07980900906583765, "log10_subsample": -0.7113664544225743, "max_depth": 9.0, "num_boost_round": 4.0}, "datetime": {"datetime": "2024-01-19 00:39:03", "elapsed": 1675.126476, "delta": 0.002072}}
{"target": -13.758509961091388, "params": {"gamma": 548.3648983047725, "log10_alpha": -4.717634129566291, "log10_colsample_bytree": -0.5224703217942881, "log10_eta": -3.8384341868330076, "log10_lambda": -3.215127281559244, "log10_min_child_weight": 0.07980900906583765, "log10_subsample": -0.7113664544225743, "max_depth": 9.0, "num_boost_round": 5.0}, "datetime": {"datetime": "2024-01-19 00:39:03", "elapsed": 1675.128366, "delta": 0.00189}}
{"target": -13.758499871190729, "params": {"gamma": 548.3648983047725, "log10_alpha": -4.717634129566291, "log10_colsample_bytree": -0.5224703217942881, "log10_eta": -3.8384341868330076, "log10_lambda": -3.215127281559244, "log10_min_child_weight": 0.07980900906583765, "log10_subsample": -0.7113664544225743, "max_depth": 9.0, "num_boost_round": 6.0}, "datetime": {"datetime": "2024-01-19 00:39:03", "elapsed": 1675.130281, "delta": 0.001915}}
{"target": -13.758490897001584, "params": {"gamma": 548.3648983047725, "log10_alpha": -4.717634129566291, "log10_colsample_bytree": -0.5224703217942881, "log10_eta": -3.8384341868330076, "log10_lambda": -3.215127281559244, "log10_min_child_weight": 0.07980900906583765, "log10_subsample": -0.7113664544225743, "max_depth": 9.0, "num_boost_round": 7.0}, "datetime": {"datetime": "2024-01-19 00:39:03", "elapsed": 1675.13219, "delta": 0.001909}}
{"target": -13.758484790780875, "params": {"gamma": 548.3648983047725, "log10_alpha": -4.717634129566291, "log10_colsample_bytree": -0.5224703217942881, "log10_eta": -3.8384341868330076, "log10_lambda": -3.215127281559244, "log10_min_child_weight": 0.07980900906583765, "log10_subsample": -0.7113664544225743, "max_depth": 9.0, "num_boost_round": 8.0}, "datetime": {"datetime": "2024-01-19 00:39:03", "elapsed": 1675.134091, "delta": 0.001901}}
{"target": -13.75847557437499, "params": {"gamma": 548.3648983047725, "log10_alpha": -4.717634129566291, "log10_colsample_bytree": -0.5224703217942881, "log10_eta": -3.8384341868330076, "log10_lambda": -3.215127281559244, "log10_min_child_weight": 0.07980900906583765, "log10_subsample": -0.7113664544225743, "max_depth": 9.0, "num_boost_round": 9.0}, "datetime": {"datetime": "2024-01-19 00:39:03", "elapsed": 1675.136012, "delta": 0.001921}}
{"target": -13.75846841030252, "params": {"gamma": 548.3648983047725, "log10_alpha": -4.717634129566291, "log10_colsample_bytree": -0.5224703217942881, "log10_eta": -3.8384341868330076, "log10_lambda": -3.215127281559244, "log10_min_child_weight": 0.07980900906583765, "log10_subsample": -0.7113664544225743, "max_depth": 9.0, "num_boost_round": 10.0}, "datetime": {"datetime": "2024-01-19 00:39:03", "elapsed": 1675.137931, "delta": 0.001919}}
{"target": -13.758463902072606, "params": {"gamma": 548.3648983047725, "log10_alpha": -4.717634129566291, "log10_colsample_bytree": -0.5224703217942881, "log10_eta": -3.8384341868330076, "log10_lambda": -3.215127281559244, "log10_min_child_weight": 0.07980900906583765, "log10_subsample": -0.7113664544225743, "max_depth": 9.0, "num_boost_round": 11.0}, "datetime": {"datetime": "2024-01-19 00:39:03", "elapsed": 1675.139845, "delta": 0.001914}}
{"target": -13.758454049699072, "params": {"gamma": 548.3648983047725, "log10_alpha": -4.717634129566291, "log10_colsample_bytree": -0.5224703217942881, "log10_eta": -3.8384341868330076, "log10_lambda": -3.215127281559244, "log10_min_child_weight": 0.07980900906583765, "log10_subsample": -0.7113664544225743, "max_depth": 9.0, "num_boost_round": 12.0}, "datetime": {"datetime": "2024-01-19 00:39:03", "elapsed": 1675.141741, "delta": 0.001896}}
{"target": -13.75844497210879, "params": {"gamma": 548.3648983047725, "log10_alpha": -4.717634129566291, "log10_colsample_bytree": -0.5224703217942881, "log10_eta": -3.8384341868330076, "log10_lambda": -3.215127281559244, "log10_min_child_weight": 0.07980900906583765, "log10_subsample": -0.7113664544225743, "max_depth": 9.0, "num_boost_round": 13.0}, "datetime": {"datetime": "2024-01-19 00:39:03", "elapsed": 1675.143701, "delta": 0.00196}}
{"target": -13.758534723456373, "params": {"gamma": 571.241400528166, "log10_alpha": -0.3483302919372244, "log10_colsample_bytree": -0.5542804501030165, "log10_eta": -3.7004766117783476, "log10_lambda": -3.765176778230742, "log10_min_child_weight": 0.6633999170248844, "log10_subsample": -0.18288269584232508, "max_depth": 5.0, "num_boost_round": 0.0}, "datetime": {"datetime": "2024-01-19 00:39:26", "elapsed": 1698.372925, "delta": 23.229224}}
{"target": -13.758534112592008, "params": {"gamma": 571.241400528166, "log10_alpha": -0.3483302919372244, "log10_colsample_bytree": -0.5542804501030165, "log10_eta": -3.7004766117783476, "log10_lambda": -3.765176778230742, "log10_min_child_weight": 0.6633999170248844, "log10_subsample": -0.18288269584232508, "max_depth": 5.0, "num_boost_round": 1.0}, "datetime": {"datetime": "2024-01-19 00:39:26", "elapsed": 1698.37559, "delta": 0.002665}}
{"target": -13.758525977418993, "params": {"gamma": 571.241400528166, "log10_alpha": -0.3483302919372244, "log10_colsample_bytree": -0.5542804501030165, "log10_eta": -3.7004766117783476, "log10_lambda": -3.765176778230742, "log10_min_child_weight": 0.6633999170248844, "log10_subsample": -0.18288269584232508, "max_depth": 5.0, "num_boost_round": 2.0}, "datetime": {"datetime": "2024-01-19 00:39:26", "elapsed": 1698.377513, "delta": 0.001923}}
{"target": -13.758527348590295, "params": {"gamma": 571.241400528166, "log10_alpha": -0.3483302919372244, "log10_colsample_bytree": -0.5542804501030165, "log10_eta": -3.7004766117783476, "log10_lambda": -3.765176778230742, "log10_min_child_weight": 0.6633999170248844, "log10_subsample": -0.18288269584232508, "max_depth": 5.0, "num_boost_round": 3.0}, "datetime": {"datetime": "2024-01-19 00:39:26", "elapsed": 1698.379769, "delta": 0.002256}}
{"target": -13.758519776408317, "params": {"gamma": 571.241400528166, "log10_alpha": -0.3483302919372244, "log10_colsample_bytree": -0.5542804501030165, "log10_eta": -3.7004766117783476, "log10_lambda": -3.765176778230742, "log10_min_child_weight": 0.6633999170248844, "log10_subsample": -0.18288269584232508, "max_depth": 5.0, "num_boost_round": 4.0}, "datetime": {"datetime": "2024-01-19 00:39:26", "elapsed": 1698.381691, "delta": 0.001922}}
{"target": -13.758512737654273, "params": {"gamma": 571.241400528166, "log10_alpha": -0.3483302919372244, "log10_colsample_bytree": -0.5542804501030165, "log10_eta": -3.7004766117783476, "log10_lambda": -3.765176778230742, "log10_min_child_weight": 0.6633999170248844, "log10_subsample": -0.18288269584232508, "max_depth": 5.0, "num_boost_round": 5.0}, "datetime": {"datetime": "2024-01-19 00:39:26", "elapsed": 1698.383726, "delta": 0.002035}}
{"target": -13.758509434234787, "params": {"gamma": 571.241400528166, "log10_alpha": -0.3483302919372244, "log10_colsample_bytree": -0.5542804501030165, "log10_eta": -3.7004766117783476, "log10_lambda": -3.765176778230742, "log10_min_child_weight": 0.6633999170248844, "log10_subsample": -0.18288269584232508, "max_depth": 5.0, "num_boost_round": 6.0}, "datetime": {"datetime": "2024-01-19 00:39:26", "elapsed": 1698.385635, "delta": 0.001909}}
{"target": -13.758506971349748, "params": {"gamma": 571.241400528166, "log10_alpha": -0.3483302919372244, "log10_colsample_bytree": -0.5542804501030165, "log10_eta": -3.7004766117783476, "log10_lambda": -3.765176778230742, "log10_min_child_weight": 0.6633999170248844, "log10_subsample": -0.18288269584232508, "max_depth": 5.0, "num_boost_round": 7.0}, "datetime": {"datetime": "2024-01-19 00:39:26", "elapsed": 1698.387656, "delta": 0.002021}}
{"target": -13.75849995809448, "params": {"gamma": 571.241400528166, "log10_alpha": -0.3483302919372244, "log10_colsample_bytree": -0.5542804501030165, "log10_eta": -3.7004766117783476, "log10_lambda": -3.765176778230742, "log10_min_child_weight": 0.6633999170248844, "log10_subsample": -0.18288269584232508, "max_depth": 5.0, "num_boost_round": 8.0}, "datetime": {"datetime": "2024-01-19 00:39:26", "elapsed": 1698.38957, "delta": 0.001914}}
{"target": -13.758497583300954, "params": {"gamma": 571.241400528166, "log10_alpha": -0.3483302919372244, "log10_colsample_bytree": -0.5542804501030165, "log10_eta": -3.7004766117783476, "log10_lambda": -3.765176778230742, "log10_min_child_weight": 0.6633999170248844, "log10_subsample": -0.18288269584232508, "max_depth": 5.0, "num_boost_round": 9.0}, "datetime": {"datetime": "2024-01-19 00:39:26", "elapsed": 1698.391479, "delta": 0.001909}}
{"target": -13.758144540938464, "params": {"gamma": 558.3115974163685, "log10_alpha": 0.19779166886791888, "log10_colsample_bytree": -0.8224634619845851, "log10_eta": -2.2771064645970607, "log10_lambda": -4.465012551395948, "log10_min_child_weight": 2.4655527838451388, "log10_subsample": -0.29449360041609873, "max_depth": 9.0, "num_boost_round": 0.0}, "datetime": {"datetime": "2024-01-19 00:40:03", "elapsed": 1735.372239, "delta": 36.98076}}
{"target": -13.758106069012626, "params": {"gamma": 558.3115974163685, "log10_alpha": 0.19779166886791888, "log10_colsample_bytree": -0.8224634619845851, "log10_eta": -2.2771064645970607, "log10_lambda": -4.465012551395948, "log10_min_child_weight": 2.4655527838451388, "log10_subsample": -0.29449360041609873, "max_depth": 9.0, "num_boost_round": 1.0}, "datetime": {"datetime": "2024-01-19 00:40:03", "elapsed": 1735.374817, "delta": 0.002578}}
{"target": -13.757899475720933, "params": {"gamma": 558.3115974163685, "log10_alpha": 0.19779166886791888, "log10_colsample_bytree": -0.8224634619845851, "log10_eta": -2.2771064645970607, "log10_lambda": -4.465012551395948, "log10_min_child_weight": 2.4655527838451388, "log10_subsample": -0.29449360041609873, "max_depth": 9.0, "num_boost_round": 2.0}, "datetime": {"datetime": "2024-01-19 00:40:03", "elapsed": 1735.376862, "delta": 0.002045}}
{"target": -13.757831384392755, "params": {"gamma": 558.3115974163685, "log10_alpha": 0.19779166886791888, "log10_colsample_bytree": -0.8224634619845851, "log10_eta": -2.2771064645970607, "log10_lambda": -4.465012551395948, "log10_min_child_weight": 2.4655527838451388, "log10_subsample": -0.29449360041609873, "max_depth": 9.0, "num_boost_round": 3.0}, "datetime": {"datetime": "2024-01-19 00:40:03", "elapsed": 1735.378805, "delta": 0.001943}}
{"target": -13.757656153471748, "params": {"gamma": 558.3115974163685, "log10_alpha": 0.19779166886791888, "log10_colsample_bytree": -0.8224634619845851, "log10_eta": -2.2771064645970607, "log10_lambda": -4.465012551395948, "log10_min_child_weight": 2.4655527838451388, "log10_subsample": -0.29449360041609873, "max_depth": 9.0, "num_boost_round": 4.0}, "datetime": {"datetime": "2024-01-19 00:40:03", "elapsed": 1735.380834, "delta": 0.002029}}
{"target": -13.757556220140556, "params": {"gamma": 558.3115974163685, "log10_alpha": 0.19779166886791888, "log10_colsample_bytree": -0.8224634619845851, "log10_eta": -2.2771064645970607, "log10_lambda": -4.465012551395948, "log10_min_child_weight": 2.4655527838451388, "log10_subsample": -0.29449360041609873, "max_depth": 9.0, "num_boost_round": 5.0}, "datetime": {"datetime": "2024-01-19 00:40:03", "elapsed": 1735.38295, "delta": 0.002116}}
{"target": -13.757609039893147, "params": {"gamma": 558.3115974163685, "log10_alpha": 0.19779166886791888, "log10_colsample_bytree": -0.8224634619845851, "log10_eta": -2.2771064645970607, "log10_lambda": -4.465012551395948, "log10_min_child_weight": 2.4655527838451388, "log10_subsample": -0.29449360041609873, "max_depth": 9.0, "num_boost_round": 6.0}, "datetime": {"datetime": "2024-01-19 00:40:03", "elapsed": 1735.384901, "delta": 0.001951}}
{"target": -13.757361267978057, "params": {"gamma": 558.3115974163685, "log10_alpha": 0.19779166886791888, "log10_colsample_bytree": -0.8224634619845851, "log10_eta": -2.2771064645970607, "log10_lambda": -4.465012551395948, "log10_min_child_weight": 2.4655527838451388, "log10_subsample": -0.29449360041609873, "max_depth": 9.0, "num_boost_round": 7.0}, "datetime": {"datetime": "2024-01-19 00:40:03", "elapsed": 1735.386938, "delta": 0.002037}}
{"target": -13.757310992374203, "params": {"gamma": 558.3115974163685, "log10_alpha": 0.19779166886791888, "log10_colsample_bytree": -0.8224634619845851, "log10_eta": -2.2771064645970607, "log10_lambda": -4.465012551395948, "log10_min_child_weight": 2.4655527838451388, "log10_subsample": -0.29449360041609873, "max_depth": 9.0, "num_boost_round": 8.0}, "datetime": {"datetime": "2024-01-19 00:40:03", "elapsed": 1735.388875, "delta": 0.001937}}
