{"target": -13.75798605889916, "params": {"gamma": 719.0004751085437, "log10_alpha": -3.6557657644678283, "log10_colsample_bytree": -0.45327924222898874, "log10_eta": -2.495764941451725, "log10_lambda": -2.0640857294555772, "log10_min_child_weight": 0.22360092447455682, "log10_subsample": -0.16941992337240974, "max_depth": 2.0, "num_boost_round": 25.0}, "datetime": {"datetime": "2024-01-19 00:53:57", "elapsed": 2536.578388, "delta": 0.002747}}
{"target": -13.757966764826017, "params": {"gamma": 719.0004751085437, "log10_alpha": -3.6557657644678283, "log10_colsample_bytree": -0.45327924222898874, "log10_eta": -2.495764941451725, "log10_lambda": -2.0640857294555772, "log10_min_child_weight": 0.22360092447455682, "log10_subsample": -0.16941992337240974, "max_depth": 2.0, "num_boost_round": 26.0}, "datetime": {"datetime": "2024-01-19 00:53:57", "elapsed": 2536.581094, "delta": 0.002706}}
{"target": -13.75791181693069, "params": {"gamma": 719.0004751085437, "log10_alpha": -3.6557657644678283, "log10_colsample_bytree": -0.45327924222898874, "log10_eta": -2.495764941451725, "log10_lambda": -2.0640857294555772, "log10_min_child_weight": 0.22360092447455682, "log10_subsample": -0.16941992337240974, "max_depth": 2.0, "num_boost_round": 27.0}, "datetime": {"datetime": "2024-01-19 00:53:57", "elapsed": 2536.583869, "delta": 0.002775}}
{"target": -13.757906289825677, "params": {"gamma": 719.0004751085437, "log10_alpha": -3.6557657644678283, "log10_colsample_bytree": -0.45327924222898874, "log10_eta": -2.495764941451725, "log10_lambda": -2.0640857294555772, "log10_min_child_weight": 0.22360092447455682, "log10_subsample": -0.16941992337240974, "max_depth": 2.0, "num_boost_round": 28.0}, "datetime": {"datetime": "2024-01-19 00:53:57", "elapsed": 2536.586616, "delta": 0.002747}}
{"target": -13.757895968080168, "params": {"gamma": 719.0004751085437, "log10_alpha": -3.6557657644678283, "log10_colsample_bytree": -0.45327924222898874, "log10_eta": -2.495764941451725, "log10_lambda": -2.0640857294555772, "log10_min_child_weight": 0.22360092447455682, "log10_subsample": -0.16941992337240974, "max_depth": 2.0, "num_boost_round": 29.0}, "datetime": {"datetime": "2024-01-19 00:53:57", "elapsed": 2536.589318, "delta": 0.002702}}
{"target": -13.757867803666047, "params": {"gamma": 719.0004751085437, "log10_alpha": -3.6557657644678283, "log10_colsample_bytree": -0.45327924222898874, "log10_eta": -2.495764941451725, "log10_lambda": -2.0640857294555772, "log10_min_child_weight": 0.22360092447455682, "log10_subsample": -0.16941992337240974, "max_depth": 2.0, "num_boost_round": 30.0}, "datetime": {"datetime": "2024-01-19 00:53:57", "elapsed": 2536.592016, "delta": 0.002698}}
{"target": -13.75781971914098, "params": {"gamma": 719.0004751085437, "log10_alpha": -3.6557657644678283, "log10_colsample_bytree": -0.45327924222898874, "log10_eta": -2.495764941451725, "log10_lambda": -2.0640857294555772, "log10_min_child_weight": 0.22360092447455682, "log10_subsample": -0.16941992337240974, "max_depth": 2.0, "num_boost_round": 31.0}, "datetime": {"datetime": "2024-01-19 00:53:57", "elapsed": 2536.594719, "delta": 0.002703}}
{"target": -13.757800804005331, "params": {"gamma": 719.0004751085437, "log10_alpha": -3.6557657644678283, "log10_colsample_bytree": -0.45327924222898874, "log10_eta": -2.495764941451725, "log10_lambda": -2.0640857294555772, "log10_min_child_weight": 0.22360092447455682, "log10_subsample": -0.16941992337240974, "max_depth": 2.0, "num_boost_round": 32.0}, "datetime": {"datetime": "2024-01-19 00:53:57", "elapsed": 2536.597474, "delta": 0.002755}}
{"target": -13.757800072207333, "params": {"gamma": 719.0004751085437, "log10_alpha": -3.6557657644678283, "log10_colsample_bytree": -0.45327924222898874, "log10_eta": -2.495764941451725, "log10_lambda": -2.0640857294555772, "log10_min_child_weight": 0.22360092447455682, "log10_subsample": -0.16941992337240974, "max_depth": 2.0, "num_boost_round": 33.0}, "datetime": {"datetime": "2024-01-19 00:53:57", "elapsed": 2536.600181, "delta": 0.002707}}
{"target": -13.75780360318665, "params": {"gamma": 719.0004751085437, "log10_alpha": -3.6557657644678283, "log10_colsample_bytree": -0.45327924222898874, "log10_eta": -2.495764941451725, "log10_lambda": -2.0640857294555772, "log10_min_child_weight": 0.22360092447455682, "log10_subsample": -0.16941992337240974, "max_depth": 2.0, "num_boost_round": 34.0}, "datetime": {"datetime": "2024-01-19 00:53:57", "elapsed": 2536.602962, "delta": 0.002781}}
{"target": -13.75781705214123, "params": {"gamma": 719.0004751085437, "log10_alpha": -3.6557657644678283, "log10_colsample_bytree": -0.45327924222898874, "log10_eta": -2.495764941451725, "log10_lambda": -2.0640857294555772, "log10_min_child_weight": 0.22360092447455682, "log10_subsample": -0.16941992337240974, "max_depth": 2.0, "num_boost_round": 35.0}, "datetime": {"datetime": "2024-01-19 00:53:57", "elapsed": 2536.605724, "delta": 0.002762}}
{"target": -13.757839996537239, "params": {"gamma": 719.0004751085437, "log10_alpha": -3.6557657644678283, "log10_colsample_bytree": -0.45327924222898874, "log10_eta": -2.495764941451725, "log10_lambda": -2.0640857294555772, "log10_min_child_weight": 0.22360092447455682, "log10_subsample": -0.16941992337240974, "max_depth": 2.0, "num_boost_round": 36.0}, "datetime": {"datetime": "2024-01-19 00:53:57", "elapsed": 2536.60846, "delta": 0.002736}}
{"target": -13.757857283484643, "params": {"gamma": 719.0004751085437, "log10_alpha": -3.6557657644678283, "log10_colsample_bytree": -0.45327924222898874, "log10_eta": -2.495764941451725, "log10_lambda": -2.0640857294555772, "log10_min_child_weight": 0.22360092447455682, "log10_subsample": -0.16941992337240974, "max_depth": 2.0, "num_boost_round": 37.0}, "datetime": {"datetime": "2024-01-19 00:53:57", "elapsed": 2536.611145, "delta": 0.002685}}
{"target": -13.75782328061173, "params": {"gamma": 719.0004751085437, "log10_alpha": -3.6557657644678283, "log10_colsample_bytree": -0.45327924222898874, "log10_eta": -2.495764941451725, "log10_lambda": -2.0640857294555772, "log10_min_child_weight": 0.22360092447455682, "log10_subsample": -0.16941992337240974, "max_depth": 2.0, "num_boost_round": 38.0}, "datetime": {"datetime": "2024-01-19 00:53:57", "elapsed": 2536.613911, "delta": 0.002766}}
{"target": -13.757793802223427, "params": {"gamma": 719.0004751085437, "log10_alpha": -3.6557657644678283, "log10_colsample_bytree": -0.45327924222898874, "log10_eta": -2.495764941451725, "log10_lambda": -2.0640857294555772, "log10_min_child_weight": 0.22360092447455682, "log10_subsample": -0.16941992337240974, "max_depth": 2.0, "num_boost_round": 39.0}, "datetime": {"datetime": "2024-01-19 00:53:57", "elapsed": 2536.616631, "delta": 0.00272}}
{"target": -13.757783509719022, "params": {"gamma": 719.0004751085437, "log10_alpha": -3.6557657644678283, "log10_colsample_bytree": -0.45327924222898874, "log10_eta": -2.495764941451725, "log10_lambda": -2.0640857294555772, "log10_min_child_weight": 0.22360092447455682, "log10_subsample": -0.16941992337240974, "max_depth": 2.0, "num_boost_round": 40.0}, "datetime": {"datetime": "2024-01-19 00:53:57", "elapsed": 2536.619392, "delta": 0.002761}}
{"target": -13.757776668795014, "params": {"gamma": 719.0004751085437, "log10_alpha": -3.6557657644678283, "log10_colsample_bytree": -0.45327924222898874, "log10_eta": -2.495764941451725, "log10_lambda": -2.0640857294555772, "log10_min_child_weight": 0.22360092447455682, "log10_subsample": -0.16941992337240974, "max_depth": 2.0, "num_boost_round": 41.0}, "datetime": {"datetime": "2024-01-19 00:53:57", "elapsed": 2536.622176, "delta": 0.002784}}
{"target": -13.757764432714472, "params": {"gamma": 719.0004751085437, "log10_alpha": -3.6557657644678283, "log10_colsample_bytree": -0.45327924222898874, "log10_eta": -2.495764941451725, "log10_lambda": -2.0640857294555772, "log10_min_child_weight": 0.22360092447455682, "log10_subsample": -0.16941992337240974, "max_depth": 2.0, "num_boost_round": 42.0}, "datetime": {"datetime": "2024-01-19 00:53:57", "elapsed": 2536.62487, "delta": 0.002694}}
{"target": -13.757755207823912, "params": {"gamma": 719.0004751085437, "log10_alpha": -3.6557657644678283, "log10_colsample_bytree": -0.45327924222898874, "log10_eta": -2.495764941451725, "log10_lambda": -2.0640857294555772, "log10_min_child_weight": 0.22360092447455682, "log10_subsample": -0.16941992337240974, "max_depth": 2.0, "num_boost_round": 43.0}, "datetime": {"datetime": "2024-01-19 00:53:57", "elapsed": 2536.627594, "delta": 0.002724}}
{"target": -13.758520480912235, "params": {"gamma": 77.39042254835782, "log10_alpha": -1.9370529574783681, "log10_colsample_bytree": -0.7719817431849508, "log10_eta": -3.597252713768266, "log10_lambda": -1.969925663605654, "log10_min_child_weight": 2.362748535442045, "log10_subsample": -0.12354558046302966, "max_depth": 7.0, "num_boost_round": 0.0}, "datetime": {"datetime": "2024-01-19 00:54:36", "elapsed": 2575.679246, "delta": 39.051652}}
{"target": -13.758513368112013, "params": {"gamma": 77.39042254835782, "log10_alpha": -1.9370529574783681, "log10_colsample_bytree": -0.7719817431849508, "log10_eta": -3.597252713768266, "log10_lambda": -1.969925663605654, "log10_min_child_weight": 2.362748535442045, "log10_subsample": -0.12354558046302966, "max_depth": 7.0, "num_boost_round": 1.0}, "datetime": {"datetime": "2024-01-19 00:54:36", "elapsed": 2575.682995, "delta": 0.003749}}
{"target": -13.758491904555854, "params": {"gamma": 77.39042254835782, "log10_alpha": -1.9370529574783681, "log10_colsample_bytree": -0.7719817431849508, "log10_eta": -3.597252713768266, "log10_lambda": -1.969925663605654, "log10_min_child_weight": 2.362748535442045, "log10_subsample": -0.12354558046302966, "max_depth": 7.0, "num_boost_round": 2.0}, "datetime": {"datetime": "2024-01-19 00:54:36", "elapsed": 2575.685841, "delta": 0.002846}}
{"target": -13.758473791593508, "params": {"gamma": 77.39042254835782, "log10_alpha": -1.9370529574783681, "log10_colsample_bytree": -0.7719817431849508, "log10_eta": -3.597252713768266, "log10_lambda": -1.969925663605654, "log10_min_child_weight": 2.362748535442045, "log10_subsample": -0.12354558046302966, "max_depth": 7.0, "num_boost_round": 3.0}, "datetime": {"datetime": "2024-01-19 00:54:36", "elapsed": 2575.688747, "delta": 0.002906}}
{"target": -13.758457284654318, "params": {"gamma": 77.39042254835782, "log10_alpha": -1.9370529574783681, "log10_colsample_bytree": -0.7719817431849508, "log10_eta": -3.597252713768266, "log10_lambda": -1.969925663605654, "log10_min_child_weight": 2.362748535442045, "log10_subsample": -0.12354558046302966, "max_depth": 7.0, "num_boost_round": 4.0}, "datetime": {"datetime": "2024-01-19 00:54:36", "elapsed": 2575.691555, "delta": 0.002808}}
{"target": -13.758450572002351, "params": {"gamma": 77.39042254835782, "log10_alpha": -1.9370529574783681, "log10_colsample_bytree": -0.7719817431849508, "log10_eta": -3.597252713768266, "log10_lambda": -1.969925663605654, "log10_min_child_weight": 2.362748535442045, "log10_subsample": -0.12354558046302966, "max_depth": 7.0, "num_boost_round": 5.0}, "datetime": {"datetime": "2024-01-19 00:54:36", "elapsed": 2575.694525, "delta": 0.00297}}
{"target": -13.758442896484716, "params": {"gamma": 77.39042254835782, "log10_alpha": -1.9370529574783681, "log10_colsample_bytree": -0.7719817431849508, "log10_eta": -3.597252713768266, "log10_lambda": -1.969925663605654, "log10_min_child_weight": 2.362748535442045, "log10_subsample": -0.12354558046302966, "max_depth": 7.0, "num_boost_round": 6.0}, "datetime": {"datetime": "2024-01-19 00:54:36", "elapsed": 2575.697383, "delta": 0.002858}}
{"target": -13.75843357439886, "params": {"gamma": 77.39042254835782, "log10_alpha": -1.9370529574783681, "log10_colsample_bytree": -0.7719817431849508, "log10_eta": -3.597252713768266, "log10_lambda": -1.969925663605654, "log10_min_child_weight": 2.362748535442045, "log10_subsample": -0.12354558046302966, "max_depth": 7.0, "num_boost_round": 7.0}, "datetime": {"datetime": "2024-01-19 00:54:36", "elapsed": 2575.700179, "delta": 0.002796}}
{"target": -13.758429146226907, "params": {"gamma": 77.39042254835782, "log10_alpha": -1.9370529574783681, "log10_colsample_bytree": -0.7719817431849508, "log10_eta": -3.597252713768266, "log10_lambda": -1.969925663605654, "log10_min_child_weight": 2.362748535442045, "log10_subsample": -0.12354558046302966, "max_depth": 7.0, "num_boost_round": 8.0}, "datetime": {"datetime": "2024-01-19 00:54:36", "elapsed": 2575.703034, "delta": 0.002855}}
{"target": -13.758428276477165, "params": {"gamma": 77.39042254835782, "log10_alpha": -1.9370529574783681, "log10_colsample_bytree": -0.7719817431849508, "log10_eta": -3.597252713768266, "log10_lambda": -1.969925663605654, "log10_min_child_weight": 2.362748535442045, "log10_subsample": -0.12354558046302966, "max_depth": 7.0, "num_boost_round": 9.0}, "datetime": {"datetime": "2024-01-19 00:54:36", "elapsed": 2575.705836, "delta": 0.002802}}
{"target": -13.758535967337059, "params": {"gamma": 706.1262198241817, "log10_alpha": -2.80089162049166, "log10_colsample_bytree": -0.5854299201004728, "log10_eta": -4.0, "log10_lambda": -5.0, "log10_min_child_weight": 0.0, "log10_subsample": -1.0, "max_depth": 4.0, "num_boost_round": 0.0}, "datetime": {"datetime": "2024-01-19 00:55:21", "elapsed": 2620.729673, "delta": 45.023837}}
{"target": -13.758532232053467, "params": {"gamma": 706.1262198241817, "log10_alpha": -2.80089162049166, "log10_colsample_bytree": -0.5854299201004728, "log10_eta": -4.0, "log10_lambda": -5.0, "log10_min_child_weight": 0.0, "log10_subsample": -1.0, "max_depth": 4.0, "num_boost_round": 1.0}, "datetime": {"datetime": "2024-01-19 00:55:21", "elapsed": 2620.733207, "delta": 0.003534}}
{"target": -13.758530869566382, "params": {"gamma": 706.1262198241817, "log10_alpha": -2.80089162049166, "log10_colsample_bytree": -0.5854299201004728, "log10_eta": -4.0, "log10_lambda": -5.0, "log10_min_child_weight": 0.0, "log10_subsample": -1.0, "max_depth": 4.0, "num_boost_round": 2.0}, "datetime": {"datetime": "2024-01-19 00:55:21", "elapsed": 2620.73676, "delta": 0.003553}}
{"target": -13.758529068900184, "params": {"gamma": 706.1262198241817, "log10_alpha": -2.80089162049166, "log10_colsample_bytree": -0.5854299201004728, "log10_eta": -4.0, "log10_lambda": -5.0, "log10_min_child_weight": 0.0, "log10_subsample": -1.0, "max_depth": 4.0, "num_boost_round": 3.0}, "datetime": {"datetime": "2024-01-19 00:55:21", "elapsed": 2620.739618, "delta": 0.002858}}
{"target": -13.758526025484162, "params": {"gamma": 706.1262198241817, "log10_alpha": -2.80089162049166, "log10_colsample_bytree": -0.5854299201004728, "log10_eta": -4.0, "log10_lambda": -5.0, "log10_min_child_weight": 0.0, "log10_subsample": -1.0, "max_depth": 4.0, "num_boost_round": 4.0}, "datetime": {"datetime": "2024-01-19 00:55:21", "elapsed": 2620.742376, "delta": 0.002758}}
{"target": -13.758524322018076, "params": {"gamma": 706.1262198241817, "log10_alpha": -2.80089162049166, "log10_colsample_bytree": -0.5854299201004728, "log10_eta": -4.0, "log10_lambda": -5.0, "log10_min_child_weight": 0.0, "log10_subsample": -1.0, "max_depth": 4.0, "num_boost_round": 5.0}, "datetime": {"datetime": "2024-01-19 00:55:21", "elapsed": 2620.745222, "delta": 0.002846}}
{"target": -13.758520831624816, "params": {"gamma": 706.1262198241817, "log10_alpha": -2.80089162049166, "log10_colsample_bytree": -0.5854299201004728, "log10_eta": -4.0, "log10_lambda": -5.0, "log10_min_child_weight": 0.0, "log10_subsample": -1.0, "max_depth": 4.0, "num_boost_round": 6.0}, "datetime": {"datetime": "2024-01-19 00:55:21", "elapsed": 2620.748022, "delta": 0.0028}}
{"target": -13.758519898450754, "params": {"gamma": 706.1262198241817, "log10_alpha": -2.80089162049166, "log10_colsample_bytree": -0.5854299201004728, "log10_eta": -4.0, "log10_lambda": -5.0, "log10_min_child_weight": 0.0, "log10_subsample": -1.0, "max_depth": 4.0, "num_boost_round": 7.0}, "datetime": {"datetime": "2024-01-19 00:55:21", "elapsed": 2620.750807, "delta": 0.002785}}
{"target": -13.75851999048429, "params": {"gamma": 706.1262198241817, "log10_alpha": -2.80089162049166, "log10_colsample_bytree": -0.5854299201004728, "log10_eta": -4.0, "log10_lambda": -5.0, "log10_min_child_weight": 0.0, "log10_subsample": -1.0, "max_depth": 4.0, "num_boost_round": 8.0}, "datetime": {"datetime": "2024-01-19 00:55:21", "elapsed": 2620.753664, "delta": 0.002857}}
{"target": -13.75851535453152, "params": {"gamma": 706.1262198241817, "log10_alpha": -2.80089162049166, "log10_colsample_bytree": -0.5854299201004728, "log10_eta": -4.0, "log10_lambda": -5.0, "log10_min_child_weight": 0.0, "log10_subsample": -1.0, "max_depth": 4.0, "num_boost_round": 9.0}, "datetime": {"datetime": "2024-01-19 00:55:21", "elapsed": 2620.756388, "delta": 0.002724}}
{"target": -13.758514072252991, "params": {"gamma": 706.1262198241817, "log10_alpha": -2.80089162049166, "log10_colsample_bytree": -0.5854299201004728, "log10_eta": -4.0, "log10_lambda": -5.0, "log10_min_child_weight": 0.0, "log10_subsample": -1.0, "max_depth": 4.0, "num_boost_round": 10.0}, "datetime": {"datetime": "2024-01-19 00:55:21", "elapsed": 2620.759303, "delta": 0.002915}}
{"target": -13.758511931039582, "params": {"gamma": 706.1262198241817, "log10_alpha": -2.80089162049166, "log10_colsample_bytree": -0.5854299201004728, "log10_eta": -4.0, "log10_lambda": -5.0, "log10_min_child_weight": 0.0, "log10_subsample": -1.0, "max_depth": 4.0, "num_boost_round": 11.0}, "datetime": {"datetime": "2024-01-19 00:55:21", "elapsed": 2620.762034, "delta": 0.002731}}
{"target": -13.758507616106392, "params": {"gamma": 706.1262198241817, "log10_alpha": -2.80089162049166, "log10_colsample_bytree": -0.5854299201004728, "log10_eta": -4.0, "log10_lambda": -5.0, "log10_min_child_weight": 0.0, "log10_subsample": -1.0, "max_depth": 4.0, "num_boost_round": 12.0}, "datetime": {"datetime": "2024-01-19 00:55:21", "elapsed": 2620.764883, "delta": 0.002849}}
{"target": -13.758505169507691, "params": {"gamma": 706.1262198241817, "log10_alpha": -2.80089162049166, "log10_colsample_bytree": -0.5854299201004728, "log10_eta": -4.0, "log10_lambda": -5.0, "log10_min_child_weight": 0.0, "log10_subsample": -1.0, "max_depth": 4.0, "num_boost_round": 13.0}, "datetime": {"datetime": "2024-01-19 00:55:21", "elapsed": 2620.767735, "delta": 0.002852}}
{"target": -13.758503580634379, "params": {"gamma": 706.1262198241817, "log10_alpha": -2.80089162049166, "log10_colsample_bytree": -0.5854299201004728, "log10_eta": -4.0, "log10_lambda": -5.0, "log10_min_child_weight": 0.0, "log10_subsample": -1.0, "max_depth": 4.0, "num_boost_round": 14.0}, "datetime": {"datetime": "2024-01-19 00:55:21", "elapsed": 2620.770633, "delta": 0.002898}}
{"target": -13.758502293116436, "params": {"gamma": 706.1262198241817, "log10_alpha": -2.80089162049166, "log10_colsample_bytree": -0.5854299201004728, "log10_eta": -4.0, "log10_lambda": -5.0, "log10_min_child_weight": 0.0, "log10_subsample": -1.0, "max_depth": 4.0, "num_boost_round": 15.0}, "datetime": {"datetime": "2024-01-19 00:55:21", "elapsed": 2620.773568, "delta": 0.002935}}
{"target": -13.758502989793342, "params": {"gamma": 706.1262198241817, "log10_alpha": -2.80089162049166, "log10_colsample_bytree": -0.5854299201004728, "log10_eta": -4.0, "log10_lambda": -5.0, "log10_min_child_weight": 0.0, "log10_subsample": -1.0, "max_depth": 4.0, "num_boost_round": 16.0}, "datetime": {"datetime": "2024-01-19 00:55:21", "elapsed": 2620.776345, "delta": 0.002777}}
{"target": -13.758503412478667, "params": {"gamma": 706.1262198241817, "log10_alpha": -2.80089162049166, "log10_colsample_bytree": -0.5854299201004728, "log10_eta": -4.0, "log10_lambda": -5.0, "log10_min_child_weight": 0.0, "log10_subsample": -1.0, "max_depth": 4.0, "num_boost_round": 17.0}, "datetime": {"datetime": "2024-01-19 00:55:21", "elapsed": 2620.779157, "delta": 0.002812}}
{"target": -13.758503955868031, "params": {"gamma": 706.1262198241817, "log10_alpha": -2.80089162049166, "log10_colsample_bytree": -0.5854299201004728, "log10_eta": -4.0, "log10_lambda": -5.0, "log10_min_child_weight": 0.0, "log10_subsample": -1.0, "max_depth": 4.0, "num_boost_round": 18.0}, "datetime": {"datetime": "2024-01-19 00:55:21", "elapsed": 2620.781896, "delta": 0.002739}}
{"target": -13.7585040447398, "params": {"gamma": 706.1262198241817, "log10_alpha": -2.80089162049166, "log10_colsample_bytree": -0.5854299201004728, "log10_eta": -4.0, "log10_lambda": -5.0, "log10_min_child_weight": 0.0, "log10_subsample": -1.0, "max_depth": 4.0, "num_boost_round": 19.0}, "datetime": {"datetime": "2024-01-19 00:55:21", "elapsed": 2620.784734, "delta": 0.002838}}
{"target": -13.758503761939469, "params": {"gamma": 706.1262198241817, "log10_alpha": -2.80089162049166, "log10_colsample_bytree": -0.5854299201004728, "log10_eta": -4.0, "log10_lambda": -5.0, "log10_min_child_weight": 0.0, "log10_subsample": -1.0, "max_depth": 4.0, "num_boost_round": 20.0}, "datetime": {"datetime": "2024-01-19 00:55:21", "elapsed": 2620.787537, "delta": 0.002803}}
{"target": -13.758497589834644, "params": {"gamma": 706.1262198241817, "log10_alpha": -2.80089162049166, "log10_colsample_bytree": -0.5854299201004728, "log10_eta": -4.0, "log10_lambda": -5.0, "log10_min_child_weight": 0.0, "log10_subsample": -1.0, "max_depth": 4.0, "num_boost_round": 21.0}, "datetime": {"datetime": "2024-01-19 00:55:21", "elapsed": 2620.790355, "delta": 0.002818}}
{"target": -13.758495871751585, "params": {"gamma": 706.1262198241817, "log10_alpha": -2.80089162049166, "log10_colsample_bytree": -0.5854299201004728, "log10_eta": -4.0, "log10_lambda": -5.0, "log10_min_child_weight": 0.0, "log10_subsample": -1.0, "max_depth": 4.0, "num_boost_round": 22.0}, "datetime": {"datetime": "2024-01-19 00:55:21", "elapsed": 2620.793214, "delta": 0.002859}}
