{"target": -17.67668675100372, "params": {"gamma": 973.1617948144408, "log10_alpha": -4.871792481940144, "log10_colsample_bytree": -0.20997451522452582, "log10_eta": -3.022277472846908, "log10_lambda": -3.7545488478604745, "log10_min_child_weight": 2.5336825795927216, "log10_subsample": -0.46801931463619206, "max_depth": 8.0, "num_boost_round": 9.0}, "datetime": {"datetime": "2024-01-19 01:18:44", "elapsed": 4018.460986, "delta": 0.004095}}
{"target": -17.676713977296714, "params": {"gamma": 973.1617948144408, "log10_alpha": -4.871792481940144, "log10_colsample_bytree": -0.20997451522452582, "log10_eta": -3.022277472846908, "log10_lambda": -3.7545488478604745, "log10_min_child_weight": 2.5336825795927216, "log10_subsample": -0.46801931463619206, "max_depth": 8.0, "num_boost_round": 10.0}, "datetime": {"datetime": "2024-01-19 01:18:44", "elapsed": 4018.465291, "delta": 0.004305}}
{"target": -17.676630328306164, "params": {"gamma": 973.1617948144408, "log10_alpha": -4.871792481940144, "log10_colsample_bytree": -0.20997451522452582, "log10_eta": -3.022277472846908, "log10_lambda": -3.7545488478604745, "log10_min_child_weight": 2.5336825795927216, "log10_subsample": -0.46801931463619206, "max_depth": 8.0, "num_boost_round": 11.0}, "datetime": {"datetime": "2024-01-19 01:18:44", "elapsed": 4018.469558, "delta": 0.004267}}
{"target": -17.676508214338018, "params": {"gamma": 973.1617948144408, "log10_alpha": -4.871792481940144, "log10_colsample_bytree": -0.20997451522452582, "log10_eta": -3.022277472846908, "log10_lambda": -3.7545488478604745, "log10_min_child_weight": 2.5336825795927216, "log10_subsample": -0.46801931463619206, "max_depth": 8.0, "num_boost_round": 12.0}, "datetime": {"datetime": "2024-01-19 01:18:44", "elapsed": 4018.473807, "delta": 0.004249}}
{"target": -17.676450846609978, "params": {"gamma": 973.1617948144408, "log10_alpha": -4.871792481940144, "log10_colsample_bytree": -0.20997451522452582, "log10_eta": -3.022277472846908, "log10_lambda": -3.7545488478604745, "log10_min_child_weight": 2.5336825795927216, "log10_subsample": -0.46801931463619206, "max_depth": 8.0, "num_boost_round": 13.0}, "datetime": {"datetime": "2024-01-19 01:18:44", "elapsed": 4018.477961, "delta": 0.004154}}
{"target": -17.676390297602236, "params": {"gamma": 973.1617948144408, "log10_alpha": -4.871792481940144, "log10_colsample_bytree": -0.20997451522452582, "log10_eta": -3.022277472846908, "log10_lambda": -3.7545488478604745, "log10_min_child_weight": 2.5336825795927216, "log10_subsample": -0.46801931463619206, "max_depth": 8.0, "num_boost_round": 14.0}, "datetime": {"datetime": "2024-01-19 01:18:44", "elapsed": 4018.482219, "delta": 0.004258}}
{"target": -17.676418895086535, "params": {"gamma": 973.1617948144408, "log10_alpha": -4.871792481940144, "log10_colsample_bytree": -0.20997451522452582, "log10_eta": -3.022277472846908, "log10_lambda": -3.7545488478604745, "log10_min_child_weight": 2.5336825795927216, "log10_subsample": -0.46801931463619206, "max_depth": 8.0, "num_boost_round": 15.0}, "datetime": {"datetime": "2024-01-19 01:18:44", "elapsed": 4018.486474, "delta": 0.004255}}
{"target": -17.676389889512944, "params": {"gamma": 973.1617948144408, "log10_alpha": -4.871792481940144, "log10_colsample_bytree": -0.20997451522452582, "log10_eta": -3.022277472846908, "log10_lambda": -3.7545488478604745, "log10_min_child_weight": 2.5336825795927216, "log10_subsample": -0.46801931463619206, "max_depth": 8.0, "num_boost_round": 16.0}, "datetime": {"datetime": "2024-01-19 01:18:44", "elapsed": 4018.490719, "delta": 0.004245}}
{"target": -17.67635526246083, "params": {"gamma": 973.1617948144408, "log10_alpha": -4.871792481940144, "log10_colsample_bytree": -0.20997451522452582, "log10_eta": -3.022277472846908, "log10_lambda": -3.7545488478604745, "log10_min_child_weight": 2.5336825795927216, "log10_subsample": -0.46801931463619206, "max_depth": 8.0, "num_boost_round": 17.0}, "datetime": {"datetime": "2024-01-19 01:18:44", "elapsed": 4018.533322, "delta": 0.042603}}
{"target": -17.676341837204628, "params": {"gamma": 973.1617948144408, "log10_alpha": -4.871792481940144, "log10_colsample_bytree": -0.20997451522452582, "log10_eta": -3.022277472846908, "log10_lambda": -3.7545488478604745, "log10_min_child_weight": 2.5336825795927216, "log10_subsample": -0.46801931463619206, "max_depth": 8.0, "num_boost_round": 18.0}, "datetime": {"datetime": "2024-01-19 01:18:44", "elapsed": 4018.537749, "delta": 0.004427}}
{"target": -17.676327010317213, "params": {"gamma": 973.1617948144408, "log10_alpha": -4.871792481940144, "log10_colsample_bytree": -0.20997451522452582, "log10_eta": -3.022277472846908, "log10_lambda": -3.7545488478604745, "log10_min_child_weight": 2.5336825795927216, "log10_subsample": -0.46801931463619206, "max_depth": 8.0, "num_boost_round": 19.0}, "datetime": {"datetime": "2024-01-19 01:18:44", "elapsed": 4018.542048, "delta": 0.004299}}
{"target": -17.67624682148211, "params": {"gamma": 973.1617948144408, "log10_alpha": -4.871792481940144, "log10_colsample_bytree": -0.20997451522452582, "log10_eta": -3.022277472846908, "log10_lambda": -3.7545488478604745, "log10_min_child_weight": 2.5336825795927216, "log10_subsample": -0.46801931463619206, "max_depth": 8.0, "num_boost_round": 20.0}, "datetime": {"datetime": "2024-01-19 01:18:44", "elapsed": 4018.54633, "delta": 0.004282}}
{"target": -17.676243496655005, "params": {"gamma": 973.1617948144408, "log10_alpha": -4.871792481940144, "log10_colsample_bytree": -0.20997451522452582, "log10_eta": -3.022277472846908, "log10_lambda": -3.7545488478604745, "log10_min_child_weight": 2.5336825795927216, "log10_subsample": -0.46801931463619206, "max_depth": 8.0, "num_boost_round": 21.0}, "datetime": {"datetime": "2024-01-19 01:18:44", "elapsed": 4018.550665, "delta": 0.004335}}
{"target": -17.6761763155198, "params": {"gamma": 973.1617948144408, "log10_alpha": -4.871792481940144, "log10_colsample_bytree": -0.20997451522452582, "log10_eta": -3.022277472846908, "log10_lambda": -3.7545488478604745, "log10_min_child_weight": 2.5336825795927216, "log10_subsample": -0.46801931463619206, "max_depth": 8.0, "num_boost_round": 22.0}, "datetime": {"datetime": "2024-01-19 01:18:44", "elapsed": 4018.554988, "delta": 0.004323}}
{"target": -17.676066653906616, "params": {"gamma": 973.1617948144408, "log10_alpha": -4.871792481940144, "log10_colsample_bytree": -0.20997451522452582, "log10_eta": -3.022277472846908, "log10_lambda": -3.7545488478604745, "log10_min_child_weight": 2.5336825795927216, "log10_subsample": -0.46801931463619206, "max_depth": 8.0, "num_boost_round": 23.0}, "datetime": {"datetime": "2024-01-19 01:18:44", "elapsed": 4018.559328, "delta": 0.00434}}
{"target": -17.67599940148755, "params": {"gamma": 973.1617948144408, "log10_alpha": -4.871792481940144, "log10_colsample_bytree": -0.20997451522452582, "log10_eta": -3.022277472846908, "log10_lambda": -3.7545488478604745, "log10_min_child_weight": 2.5336825795927216, "log10_subsample": -0.46801931463619206, "max_depth": 8.0, "num_boost_round": 24.0}, "datetime": {"datetime": "2024-01-19 01:18:44", "elapsed": 4018.563639, "delta": 0.004311}}
{"target": -17.676024515923555, "params": {"gamma": 973.1617948144408, "log10_alpha": -4.871792481940144, "log10_colsample_bytree": -0.20997451522452582, "log10_eta": -3.022277472846908, "log10_lambda": -3.7545488478604745, "log10_min_child_weight": 2.5336825795927216, "log10_subsample": -0.46801931463619206, "max_depth": 8.0, "num_boost_round": 25.0}, "datetime": {"datetime": "2024-01-19 01:18:44", "elapsed": 4018.567962, "delta": 0.004323}}
{"target": -17.67597645668107, "params": {"gamma": 973.1617948144408, "log10_alpha": -4.871792481940144, "log10_colsample_bytree": -0.20997451522452582, "log10_eta": -3.022277472846908, "log10_lambda": -3.7545488478604745, "log10_min_child_weight": 2.5336825795927216, "log10_subsample": -0.46801931463619206, "max_depth": 8.0, "num_boost_round": 26.0}, "datetime": {"datetime": "2024-01-19 01:18:44", "elapsed": 4018.572461, "delta": 0.004499}}
{"target": -17.675958525957853, "params": {"gamma": 973.1617948144408, "log10_alpha": -4.871792481940144, "log10_colsample_bytree": -0.20997451522452582, "log10_eta": -3.022277472846908, "log10_lambda": -3.7545488478604745, "log10_min_child_weight": 2.5336825795927216, "log10_subsample": -0.46801931463619206, "max_depth": 8.0, "num_boost_round": 27.0}, "datetime": {"datetime": "2024-01-19 01:18:44", "elapsed": 4018.576667, "delta": 0.004206}}
{"target": -17.675936494651936, "params": {"gamma": 973.1617948144408, "log10_alpha": -4.871792481940144, "log10_colsample_bytree": -0.20997451522452582, "log10_eta": -3.022277472846908, "log10_lambda": -3.7545488478604745, "log10_min_child_weight": 2.5336825795927216, "log10_subsample": -0.46801931463619206, "max_depth": 8.0, "num_boost_round": 28.0}, "datetime": {"datetime": "2024-01-19 01:18:44", "elapsed": 4018.581039, "delta": 0.004372}}
{"target": -17.675897067972844, "params": {"gamma": 973.1617948144408, "log10_alpha": -4.871792481940144, "log10_colsample_bytree": -0.20997451522452582, "log10_eta": -3.022277472846908, "log10_lambda": -3.7545488478604745, "log10_min_child_weight": 2.5336825795927216, "log10_subsample": -0.46801931463619206, "max_depth": 8.0, "num_boost_round": 29.0}, "datetime": {"datetime": "2024-01-19 01:18:44", "elapsed": 4018.585455, "delta": 0.004416}}
{"target": -17.67587569342692, "params": {"gamma": 973.1617948144408, "log10_alpha": -4.871792481940144, "log10_colsample_bytree": -0.20997451522452582, "log10_eta": -3.022277472846908, "log10_lambda": -3.7545488478604745, "log10_min_child_weight": 2.5336825795927216, "log10_subsample": -0.46801931463619206, "max_depth": 8.0, "num_boost_round": 30.0}, "datetime": {"datetime": "2024-01-19 01:18:44", "elapsed": 4018.589663, "delta": 0.004208}}
{"target": -17.675877956860713, "params": {"gamma": 973.1617948144408, "log10_alpha": -4.871792481940144, "log10_colsample_bytree": -0.20997451522452582, "log10_eta": -3.022277472846908, "log10_lambda": -3.7545488478604745, "log10_min_child_weight": 2.5336825795927216, "log10_subsample": -0.46801931463619206, "max_depth": 8.0, "num_boost_round": 31.0}, "datetime": {"datetime": "2024-01-19 01:18:44", "elapsed": 4018.593926, "delta": 0.004263}}
{"target": -17.675905825351418, "params": {"gamma": 973.1617948144408, "log10_alpha": -4.871792481940144, "log10_colsample_bytree": -0.20997451522452582, "log10_eta": -3.022277472846908, "log10_lambda": -3.7545488478604745, "log10_min_child_weight": 2.5336825795927216, "log10_subsample": -0.46801931463619206, "max_depth": 8.0, "num_boost_round": 32.0}, "datetime": {"datetime": "2024-01-19 01:18:44", "elapsed": 4018.598168, "delta": 0.004242}}
{"target": -17.675899535275086, "params": {"gamma": 973.1617948144408, "log10_alpha": -4.871792481940144, "log10_colsample_bytree": -0.20997451522452582, "log10_eta": -3.022277472846908, "log10_lambda": -3.7545488478604745, "log10_min_child_weight": 2.5336825795927216, "log10_subsample": -0.46801931463619206, "max_depth": 8.0, "num_boost_round": 33.0}, "datetime": {"datetime": "2024-01-19 01:18:44", "elapsed": 4018.602352, "delta": 0.004184}}
{"target": -17.675856741931437, "params": {"gamma": 973.1617948144408, "log10_alpha": -4.871792481940144, "log10_colsample_bytree": -0.20997451522452582, "log10_eta": -3.022277472846908, "log10_lambda": -3.7545488478604745, "log10_min_child_weight": 2.5336825795927216, "log10_subsample": -0.46801931463619206, "max_depth": 8.0, "num_boost_round": 34.0}, "datetime": {"datetime": "2024-01-19 01:18:44", "elapsed": 4018.606512, "delta": 0.00416}}
{"target": -17.675766209638134, "params": {"gamma": 973.1617948144408, "log10_alpha": -4.871792481940144, "log10_colsample_bytree": -0.20997451522452582, "log10_eta": -3.022277472846908, "log10_lambda": -3.7545488478604745, "log10_min_child_weight": 2.5336825795927216, "log10_subsample": -0.46801931463619206, "max_depth": 8.0, "num_boost_round": 35.0}, "datetime": {"datetime": "2024-01-19 01:18:44", "elapsed": 4018.610897, "delta": 0.004385}}
{"target": -17.675716039899797, "params": {"gamma": 973.1617948144408, "log10_alpha": -4.871792481940144, "log10_colsample_bytree": -0.20997451522452582, "log10_eta": -3.022277472846908, "log10_lambda": -3.7545488478604745, "log10_min_child_weight": 2.5336825795927216, "log10_subsample": -0.46801931463619206, "max_depth": 8.0, "num_boost_round": 36.0}, "datetime": {"datetime": "2024-01-19 01:18:44", "elapsed": 4018.615225, "delta": 0.004328}}
{"target": -17.675734347891662, "params": {"gamma": 973.1617948144408, "log10_alpha": -4.871792481940144, "log10_colsample_bytree": -0.20997451522452582, "log10_eta": -3.022277472846908, "log10_lambda": -3.7545488478604745, "log10_min_child_weight": 2.5336825795927216, "log10_subsample": -0.46801931463619206, "max_depth": 8.0, "num_boost_round": 37.0}, "datetime": {"datetime": "2024-01-19 01:18:44", "elapsed": 4018.62033, "delta": 0.005105}}
{"target": -17.67570972476822, "params": {"gamma": 973.1617948144408, "log10_alpha": -4.871792481940144, "log10_colsample_bytree": -0.20997451522452582, "log10_eta": -3.022277472846908, "log10_lambda": -3.7545488478604745, "log10_min_child_weight": 2.5336825795927216, "log10_subsample": -0.46801931463619206, "max_depth": 8.0, "num_boost_round": 38.0}, "datetime": {"datetime": "2024-01-19 01:18:44", "elapsed": 4018.625185, "delta": 0.004855}}
{"target": -17.67568382164689, "params": {"gamma": 973.1617948144408, "log10_alpha": -4.871792481940144, "log10_colsample_bytree": -0.20997451522452582, "log10_eta": -3.022277472846908, "log10_lambda": -3.7545488478604745, "log10_min_child_weight": 2.5336825795927216, "log10_subsample": -0.46801931463619206, "max_depth": 8.0, "num_boost_round": 39.0}, "datetime": {"datetime": "2024-01-19 01:18:44", "elapsed": 4018.629488, "delta": 0.004303}}
{"target": -17.67563326640725, "params": {"gamma": 973.1617948144408, "log10_alpha": -4.871792481940144, "log10_colsample_bytree": -0.20997451522452582, "log10_eta": -3.022277472846908, "log10_lambda": -3.7545488478604745, "log10_min_child_weight": 2.5336825795927216, "log10_subsample": -0.46801931463619206, "max_depth": 8.0, "num_boost_round": 40.0}, "datetime": {"datetime": "2024-01-19 01:18:44", "elapsed": 4018.633732, "delta": 0.004244}}
{"target": -17.675636407690607, "params": {"gamma": 973.1617948144408, "log10_alpha": -4.871792481940144, "log10_colsample_bytree": -0.20997451522452582, "log10_eta": -3.022277472846908, "log10_lambda": -3.7545488478604745, "log10_min_child_weight": 2.5336825795927216, "log10_subsample": -0.46801931463619206, "max_depth": 8.0, "num_boost_round": 41.0}, "datetime": {"datetime": "2024-01-19 01:18:44", "elapsed": 4018.637975, "delta": 0.004243}}
{"target": -17.675573713129385, "params": {"gamma": 973.1617948144408, "log10_alpha": -4.871792481940144, "log10_colsample_bytree": -0.20997451522452582, "log10_eta": -3.022277472846908, "log10_lambda": -3.7545488478604745, "log10_min_child_weight": 2.5336825795927216, "log10_subsample": -0.46801931463619206, "max_depth": 8.0, "num_boost_round": 42.0}, "datetime": {"datetime": "2024-01-19 01:18:44", "elapsed": 4018.642157, "delta": 0.004182}}
{"target": -17.675494351241788, "params": {"gamma": 973.1617948144408, "log10_alpha": -4.871792481940144, "log10_colsample_bytree": -0.20997451522452582, "log10_eta": -3.022277472846908, "log10_lambda": -3.7545488478604745, "log10_min_child_weight": 2.5336825795927216, "log10_subsample": -0.46801931463619206, "max_depth": 8.0, "num_boost_round": 43.0}, "datetime": {"datetime": "2024-01-19 01:18:44", "elapsed": 4018.646316, "delta": 0.004159}}
{"target": -17.67547050430669, "params": {"gamma": 973.1617948144408, "log10_alpha": -4.871792481940144, "log10_colsample_bytree": -0.20997451522452582, "log10_eta": -3.022277472846908, "log10_lambda": -3.7545488478604745, "log10_min_child_weight": 2.5336825795927216, "log10_subsample": -0.46801931463619206, "max_depth": 8.0, "num_boost_round": 44.0}, "datetime": {"datetime": "2024-01-19 01:18:44", "elapsed": 4018.650612, "delta": 0.004296}}
{"target": -17.67543493231717, "params": {"gamma": 973.1617948144408, "log10_alpha": -4.871792481940144, "log10_colsample_bytree": -0.20997451522452582, "log10_eta": -3.022277472846908, "log10_lambda": -3.7545488478604745, "log10_min_child_weight": 2.5336825795927216, "log10_subsample": -0.46801931463619206, "max_depth": 8.0, "num_boost_round": 45.0}, "datetime": {"datetime": "2024-01-19 01:18:44", "elapsed": 4018.65482, "delta": 0.004208}}
{"target": -17.675412438007196, "params": {"gamma": 973.1617948144408, "log10_alpha": -4.871792481940144, "log10_colsample_bytree": -0.20997451522452582, "log10_eta": -3.022277472846908, "log10_lambda": -3.7545488478604745, "log10_min_child_weight": 2.5336825795927216, "log10_subsample": -0.46801931463619206, "max_depth": 8.0, "num_boost_round": 46.0}, "datetime": {"datetime": "2024-01-19 01:18:44", "elapsed": 4018.659051, "delta": 0.004231}}
{"target": -17.675429743953416, "params": {"gamma": 973.1617948144408, "log10_alpha": -4.871792481940144, "log10_colsample_bytree": -0.20997451522452582, "log10_eta": -3.022277472846908, "log10_lambda": -3.7545488478604745, "log10_min_child_weight": 2.5336825795927216, "log10_subsample": -0.46801931463619206, "max_depth": 8.0, "num_boost_round": 47.0}, "datetime": {"datetime": "2024-01-19 01:18:44", "elapsed": 4018.663366, "delta": 0.004315}}
{"target": -17.675446334521673, "params": {"gamma": 973.1617948144408, "log10_alpha": -4.871792481940144, "log10_colsample_bytree": -0.20997451522452582, "log10_eta": -3.022277472846908, "log10_lambda": -3.7545488478604745, "log10_min_child_weight": 2.5336825795927216, "log10_subsample": -0.46801931463619206, "max_depth": 8.0, "num_boost_round": 48.0}, "datetime": {"datetime": "2024-01-19 01:18:44", "elapsed": 4018.667615, "delta": 0.004249}}
{"target": -17.675426282513037, "params": {"gamma": 973.1617948144408, "log10_alpha": -4.871792481940144, "log10_colsample_bytree": -0.20997451522452582, "log10_eta": -3.022277472846908, "log10_lambda": -3.7545488478604745, "log10_min_child_weight": 2.5336825795927216, "log10_subsample": -0.46801931463619206, "max_depth": 8.0, "num_boost_round": 49.0}, "datetime": {"datetime": "2024-01-19 01:18:44", "elapsed": 4018.671834, "delta": 0.004219}}
{"target": -17.675389012473545, "params": {"gamma": 973.1617948144408, "log10_alpha": -4.871792481940144, "log10_colsample_bytree": -0.20997451522452582, "log10_eta": -3.022277472846908, "log10_lambda": -3.7545488478604745, "log10_min_child_weight": 2.5336825795927216, "log10_subsample": -0.46801931463619206, "max_depth": 8.0, "num_boost_round": 50.0}, "datetime": {"datetime": "2024-01-19 01:18:44", "elapsed": 4018.676156, "delta": 0.004322}}
{"target": -17.67539095073173, "params": {"gamma": 973.1617948144408, "log10_alpha": -4.871792481940144, "log10_colsample_bytree": -0.20997451522452582, "log10_eta": -3.022277472846908, "log10_lambda": -3.7545488478604745, "log10_min_child_weight": 2.5336825795927216, "log10_subsample": -0.46801931463619206, "max_depth": 8.0, "num_boost_round": 51.0}, "datetime": {"datetime": "2024-01-19 01:18:44", "elapsed": 4018.680387, "delta": 0.004231}}
{"target": -17.675407671755206, "params": {"gamma": 973.1617948144408, "log10_alpha": -4.871792481940144, "log10_colsample_bytree": -0.20997451522452582, "log10_eta": -3.022277472846908, "log10_lambda": -3.7545488478604745, "log10_min_child_weight": 2.5336825795927216, "log10_subsample": -0.46801931463619206, "max_depth": 8.0, "num_boost_round": 52.0}, "datetime": {"datetime": "2024-01-19 01:18:44", "elapsed": 4018.684596, "delta": 0.004209}}
{"target": -17.677016375531878, "params": {"gamma": 983.7199931660431, "log10_alpha": -4.5996192633773845, "log10_colsample_bytree": -0.686502947716505, "log10_eta": -2.435459283218466, "log10_lambda": -2.7261050122424146, "log10_min_child_weight": 0.14261087948135742, "log10_subsample": -0.1654357074002707, "max_depth": 4.0, "num_boost_round": 0.0}, "datetime": {"datetime": "2024-01-19 01:19:52", "elapsed": 4085.870969, "delta": 67.186373}}
{"target": -17.67678452455734, "params": {"gamma": 983.7199931660431, "log10_alpha": -4.5996192633773845, "log10_colsample_bytree": -0.686502947716505, "log10_eta": -2.435459283218466, "log10_lambda": -2.7261050122424146, "log10_min_child_weight": 0.14261087948135742, "log10_subsample": -0.1654357074002707, "max_depth": 4.0, "num_boost_round": 1.0}, "datetime": {"datetime": "2024-01-19 01:19:52", "elapsed": 4085.875801, "delta": 0.004832}}
{"target": -17.676613622987244, "params": {"gamma": 983.7199931660431, "log10_alpha": -4.5996192633773845, "log10_colsample_bytree": -0.686502947716505, "log10_eta": -2.435459283218466, "log10_lambda": -2.7261050122424146, "log10_min_child_weight": 0.14261087948135742, "log10_subsample": -0.1654357074002707, "max_depth": 4.0, "num_boost_round": 2.0}, "datetime": {"datetime": "2024-01-19 01:19:52", "elapsed": 4085.880133, "delta": 0.004332}}
{"target": -17.676460516484987, "params": {"gamma": 983.7199931660431, "log10_alpha": -4.5996192633773845, "log10_colsample_bytree": -0.686502947716505, "log10_eta": -2.435459283218466, "log10_lambda": -2.7261050122424146, "log10_min_child_weight": 0.14261087948135742, "log10_subsample": -0.1654357074002707, "max_depth": 4.0, "num_boost_round": 3.0}, "datetime": {"datetime": "2024-01-19 01:19:52", "elapsed": 4085.88537, "delta": 0.005237}}
{"target": -17.676227772022543, "params": {"gamma": 983.7199931660431, "log10_alpha": -4.5996192633773845, "log10_colsample_bytree": -0.686502947716505, "log10_eta": -2.435459283218466, "log10_lambda": -2.7261050122424146, "log10_min_child_weight": 0.14261087948135742, "log10_subsample": -0.1654357074002707, "max_depth": 4.0, "num_boost_round": 4.0}, "datetime": {"datetime": "2024-01-19 01:19:52", "elapsed": 4085.88966, "delta": 0.00429}}
