{"target": -17.678762989782214, "params": {"gamma": 446.4739825704901, "log10_alpha": 0.6055936842723524, "log10_colsample_bytree": -0.7817975675571738, "log10_eta": -1.6553656404696788, "log10_lambda": -3.410948341147667, "log10_min_child_weight": 3.482501064955171, "log10_subsample": -0.20141440156117585, "max_depth": 7.0, "num_boost_round": 43.0}, "datetime": {"datetime": "2024-01-19 02:16:45", "elapsed": 7510.039121, "delta": 0.004518}}
{"target": -17.679806551001708, "params": {"gamma": 446.4739825704901, "log10_alpha": 0.6055936842723524, "log10_colsample_bytree": -0.7817975675571738, "log10_eta": -1.6553656404696788, "log10_lambda": -3.410948341147667, "log10_min_child_weight": 3.482501064955171, "log10_subsample": -0.20141440156117585, "max_depth": 7.0, "num_boost_round": 44.0}, "datetime": {"datetime": "2024-01-19 02:16:45", "elapsed": 7510.04372, "delta": 0.004599}}
{"target": -17.679640216310816, "params": {"gamma": 446.4739825704901, "log10_alpha": 0.6055936842723524, "log10_colsample_bytree": -0.7817975675571738, "log10_eta": -1.6553656404696788, "log10_lambda": -3.410948341147667, "log10_min_child_weight": 3.482501064955171, "log10_subsample": -0.20141440156117585, "max_depth": 7.0, "num_boost_round": 45.0}, "datetime": {"datetime": "2024-01-19 02:16:45", "elapsed": 7510.048236, "delta": 0.004516}}
{"target": -17.679941436801133, "params": {"gamma": 446.4739825704901, "log10_alpha": 0.6055936842723524, "log10_colsample_bytree": -0.7817975675571738, "log10_eta": -1.6553656404696788, "log10_lambda": -3.410948341147667, "log10_min_child_weight": 3.482501064955171, "log10_subsample": -0.20141440156117585, "max_depth": 7.0, "num_boost_round": 46.0}, "datetime": {"datetime": "2024-01-19 02:16:45", "elapsed": 7510.052754, "delta": 0.004518}}
{"target": -17.679434084724882, "params": {"gamma": 446.4739825704901, "log10_alpha": 0.6055936842723524, "log10_colsample_bytree": -0.7817975675571738, "log10_eta": -1.6553656404696788, "log10_lambda": -3.410948341147667, "log10_min_child_weight": 3.482501064955171, "log10_subsample": -0.20141440156117585, "max_depth": 7.0, "num_boost_round": 47.0}, "datetime": {"datetime": "2024-01-19 02:16:45", "elapsed": 7510.057254, "delta": 0.0045}}
{"target": -17.680472385922442, "params": {"gamma": 446.4739825704901, "log10_alpha": 0.6055936842723524, "log10_colsample_bytree": -0.7817975675571738, "log10_eta": -1.6553656404696788, "log10_lambda": -3.410948341147667, "log10_min_child_weight": 3.482501064955171, "log10_subsample": -0.20141440156117585, "max_depth": 7.0, "num_boost_round": 48.0}, "datetime": {"datetime": "2024-01-19 02:16:45", "elapsed": 7510.061817, "delta": 0.004563}}
{"target": -17.680295482192577, "params": {"gamma": 443.03755877028874, "log10_alpha": -1.7690583658326515, "log10_colsample_bytree": -0.6598279608247842, "log10_eta": -0.1291713377114223, "log10_lambda": -3.5079866339105505, "log10_min_child_weight": 3.565854623403102, "log10_subsample": -0.5153019570340979, "max_depth": 2.0, "num_boost_round": 0.0}, "datetime": {"datetime": "2024-01-19 02:18:55", "elapsed": 7640.115525, "delta": 130.053708}}
{"target": -17.696254708070818, "params": {"gamma": 443.03755877028874, "log10_alpha": -1.7690583658326515, "log10_colsample_bytree": -0.6598279608247842, "log10_eta": -0.1291713377114223, "log10_lambda": -3.5079866339105505, "log10_min_child_weight": 3.565854623403102, "log10_subsample": -0.5153019570340979, "max_depth": 2.0, "num_boost_round": 1.0}, "datetime": {"datetime": "2024-01-19 02:18:55", "elapsed": 7640.120714, "delta": 0.005189}}
{"target": -17.700024171483665, "params": {"gamma": 443.03755877028874, "log10_alpha": -1.7690583658326515, "log10_colsample_bytree": -0.6598279608247842, "log10_eta": -0.1291713377114223, "log10_lambda": -3.5079866339105505, "log10_min_child_weight": 3.565854623403102, "log10_subsample": -0.5153019570340979, "max_depth": 2.0, "num_boost_round": 2.0}, "datetime": {"datetime": "2024-01-19 02:18:55", "elapsed": 7640.125227, "delta": 0.004513}}
{"target": -17.711389901292026, "params": {"gamma": 443.03755877028874, "log10_alpha": -1.7690583658326515, "log10_colsample_bytree": -0.6598279608247842, "log10_eta": -0.1291713377114223, "log10_lambda": -3.5079866339105505, "log10_min_child_weight": 3.565854623403102, "log10_subsample": -0.5153019570340979, "max_depth": 2.0, "num_boost_round": 3.0}, "datetime": {"datetime": "2024-01-19 02:18:55", "elapsed": 7640.129765, "delta": 0.004538}}
{"target": -17.711997997012162, "params": {"gamma": 443.03755877028874, "log10_alpha": -1.7690583658326515, "log10_colsample_bytree": -0.6598279608247842, "log10_eta": -0.1291713377114223, "log10_lambda": -3.5079866339105505, "log10_min_child_weight": 3.565854623403102, "log10_subsample": -0.5153019570340979, "max_depth": 2.0, "num_boost_round": 4.0}, "datetime": {"datetime": "2024-01-19 02:18:55", "elapsed": 7640.134487, "delta": 0.004722}}
{"target": -17.732099326883823, "params": {"gamma": 443.03755877028874, "log10_alpha": -1.7690583658326515, "log10_colsample_bytree": -0.6598279608247842, "log10_eta": -0.1291713377114223, "log10_lambda": -3.5079866339105505, "log10_min_child_weight": 3.565854623403102, "log10_subsample": -0.5153019570340979, "max_depth": 2.0, "num_boost_round": 5.0}, "datetime": {"datetime": "2024-01-19 02:18:55", "elapsed": 7640.1391, "delta": 0.004613}}
{"target": -17.765522430437514, "params": {"gamma": 443.03755877028874, "log10_alpha": -1.7690583658326515, "log10_colsample_bytree": -0.6598279608247842, "log10_eta": -0.1291713377114223, "log10_lambda": -3.5079866339105505, "log10_min_child_weight": 3.565854623403102, "log10_subsample": -0.5153019570340979, "max_depth": 2.0, "num_boost_round": 6.0}, "datetime": {"datetime": "2024-01-19 02:18:55", "elapsed": 7640.14365, "delta": 0.00455}}
{"target": -17.763313414988588, "params": {"gamma": 443.03755877028874, "log10_alpha": -1.7690583658326515, "log10_colsample_bytree": -0.6598279608247842, "log10_eta": -0.1291713377114223, "log10_lambda": -3.5079866339105505, "log10_min_child_weight": 3.565854623403102, "log10_subsample": -0.5153019570340979, "max_depth": 2.0, "num_boost_round": 7.0}, "datetime": {"datetime": "2024-01-19 02:18:55", "elapsed": 7640.148177, "delta": 0.004527}}
{"target": -17.769355474628476, "params": {"gamma": 443.03755877028874, "log10_alpha": -1.7690583658326515, "log10_colsample_bytree": -0.6598279608247842, "log10_eta": -0.1291713377114223, "log10_lambda": -3.5079866339105505, "log10_min_child_weight": 3.565854623403102, "log10_subsample": -0.5153019570340979, "max_depth": 2.0, "num_boost_round": 8.0}, "datetime": {"datetime": "2024-01-19 02:18:55", "elapsed": 7640.152843, "delta": 0.004666}}
{"target": -17.76983089746497, "params": {"gamma": 443.03755877028874, "log10_alpha": -1.7690583658326515, "log10_colsample_bytree": -0.6598279608247842, "log10_eta": -0.1291713377114223, "log10_lambda": -3.5079866339105505, "log10_min_child_weight": 3.565854623403102, "log10_subsample": -0.5153019570340979, "max_depth": 2.0, "num_boost_round": 9.0}, "datetime": {"datetime": "2024-01-19 02:18:55", "elapsed": 7640.157362, "delta": 0.004519}}
{"target": -17.786168681974097, "params": {"gamma": 443.03755877028874, "log10_alpha": -1.7690583658326515, "log10_colsample_bytree": -0.6598279608247842, "log10_eta": -0.1291713377114223, "log10_lambda": -3.5079866339105505, "log10_min_child_weight": 3.565854623403102, "log10_subsample": -0.5153019570340979, "max_depth": 2.0, "num_boost_round": 10.0}, "datetime": {"datetime": "2024-01-19 02:18:55", "elapsed": 7640.161822, "delta": 0.00446}}
{"target": -17.78745443581448, "params": {"gamma": 443.03755877028874, "log10_alpha": -1.7690583658326515, "log10_colsample_bytree": -0.6598279608247842, "log10_eta": -0.1291713377114223, "log10_lambda": -3.5079866339105505, "log10_min_child_weight": 3.565854623403102, "log10_subsample": -0.5153019570340979, "max_depth": 2.0, "num_boost_round": 11.0}, "datetime": {"datetime": "2024-01-19 02:18:55", "elapsed": 7640.166271, "delta": 0.004449}}
{"target": -17.78817463595353, "params": {"gamma": 443.03755877028874, "log10_alpha": -1.7690583658326515, "log10_colsample_bytree": -0.6598279608247842, "log10_eta": -0.1291713377114223, "log10_lambda": -3.5079866339105505, "log10_min_child_weight": 3.565854623403102, "log10_subsample": -0.5153019570340979, "max_depth": 2.0, "num_boost_round": 12.0}, "datetime": {"datetime": "2024-01-19 02:18:55", "elapsed": 7640.170792, "delta": 0.004521}}
{"target": -17.798140155842063, "params": {"gamma": 443.03755877028874, "log10_alpha": -1.7690583658326515, "log10_colsample_bytree": -0.6598279608247842, "log10_eta": -0.1291713377114223, "log10_lambda": -3.5079866339105505, "log10_min_child_weight": 3.565854623403102, "log10_subsample": -0.5153019570340979, "max_depth": 2.0, "num_boost_round": 13.0}, "datetime": {"datetime": "2024-01-19 02:18:55", "elapsed": 7640.175517, "delta": 0.004725}}
{"target": -17.802519256770307, "params": {"gamma": 443.03755877028874, "log10_alpha": -1.7690583658326515, "log10_colsample_bytree": -0.6598279608247842, "log10_eta": -0.1291713377114223, "log10_lambda": -3.5079866339105505, "log10_min_child_weight": 3.565854623403102, "log10_subsample": -0.5153019570340979, "max_depth": 2.0, "num_boost_round": 14.0}, "datetime": {"datetime": "2024-01-19 02:18:55", "elapsed": 7640.180126, "delta": 0.004609}}
{"target": -17.81533926339806, "params": {"gamma": 443.03755877028874, "log10_alpha": -1.7690583658326515, "log10_colsample_bytree": -0.6598279608247842, "log10_eta": -0.1291713377114223, "log10_lambda": -3.5079866339105505, "log10_min_child_weight": 3.565854623403102, "log10_subsample": -0.5153019570340979, "max_depth": 2.0, "num_boost_round": 15.0}, "datetime": {"datetime": "2024-01-19 02:18:55", "elapsed": 7640.184772, "delta": 0.004646}}
{"target": -17.8089209120395, "params": {"gamma": 443.03755877028874, "log10_alpha": -1.7690583658326515, "log10_colsample_bytree": -0.6598279608247842, "log10_eta": -0.1291713377114223, "log10_lambda": -3.5079866339105505, "log10_min_child_weight": 3.565854623403102, "log10_subsample": -0.5153019570340979, "max_depth": 2.0, "num_boost_round": 16.0}, "datetime": {"datetime": "2024-01-19 02:18:55", "elapsed": 7640.18928, "delta": 0.004508}}
{"target": -17.810037059201903, "params": {"gamma": 443.03755877028874, "log10_alpha": -1.7690583658326515, "log10_colsample_bytree": -0.6598279608247842, "log10_eta": -0.1291713377114223, "log10_lambda": -3.5079866339105505, "log10_min_child_weight": 3.565854623403102, "log10_subsample": -0.5153019570340979, "max_depth": 2.0, "num_boost_round": 17.0}, "datetime": {"datetime": "2024-01-19 02:18:55", "elapsed": 7640.193948, "delta": 0.004668}}
{"target": -17.815624348938908, "params": {"gamma": 443.03755877028874, "log10_alpha": -1.7690583658326515, "log10_colsample_bytree": -0.6598279608247842, "log10_eta": -0.1291713377114223, "log10_lambda": -3.5079866339105505, "log10_min_child_weight": 3.565854623403102, "log10_subsample": -0.5153019570340979, "max_depth": 2.0, "num_boost_round": 18.0}, "datetime": {"datetime": "2024-01-19 02:18:55", "elapsed": 7640.198476, "delta": 0.004528}}
{"target": -17.815876303532402, "params": {"gamma": 443.03755877028874, "log10_alpha": -1.7690583658326515, "log10_colsample_bytree": -0.6598279608247842, "log10_eta": -0.1291713377114223, "log10_lambda": -3.5079866339105505, "log10_min_child_weight": 3.565854623403102, "log10_subsample": -0.5153019570340979, "max_depth": 2.0, "num_boost_round": 19.0}, "datetime": {"datetime": "2024-01-19 02:18:55", "elapsed": 7640.202973, "delta": 0.004497}}
{"target": -17.815088845240084, "params": {"gamma": 443.03755877028874, "log10_alpha": -1.7690583658326515, "log10_colsample_bytree": -0.6598279608247842, "log10_eta": -0.1291713377114223, "log10_lambda": -3.5079866339105505, "log10_min_child_weight": 3.565854623403102, "log10_subsample": -0.5153019570340979, "max_depth": 2.0, "num_boost_round": 20.0}, "datetime": {"datetime": "2024-01-19 02:18:55", "elapsed": 7640.207482, "delta": 0.004509}}
{"target": -17.838371936347727, "params": {"gamma": 443.03755877028874, "log10_alpha": -1.7690583658326515, "log10_colsample_bytree": -0.6598279608247842, "log10_eta": -0.1291713377114223, "log10_lambda": -3.5079866339105505, "log10_min_child_weight": 3.565854623403102, "log10_subsample": -0.5153019570340979, "max_depth": 2.0, "num_boost_round": 21.0}, "datetime": {"datetime": "2024-01-19 02:18:55", "elapsed": 7640.212171, "delta": 0.004689}}
{"target": -17.848724482859666, "params": {"gamma": 443.03755877028874, "log10_alpha": -1.7690583658326515, "log10_colsample_bytree": -0.6598279608247842, "log10_eta": -0.1291713377114223, "log10_lambda": -3.5079866339105505, "log10_min_child_weight": 3.565854623403102, "log10_subsample": -0.5153019570340979, "max_depth": 2.0, "num_boost_round": 22.0}, "datetime": {"datetime": "2024-01-19 02:18:55", "elapsed": 7640.216828, "delta": 0.004657}}
{"target": -17.875846181943203, "params": {"gamma": 443.03755877028874, "log10_alpha": -1.7690583658326515, "log10_colsample_bytree": -0.6598279608247842, "log10_eta": -0.1291713377114223, "log10_lambda": -3.5079866339105505, "log10_min_child_weight": 3.565854623403102, "log10_subsample": -0.5153019570340979, "max_depth": 2.0, "num_boost_round": 23.0}, "datetime": {"datetime": "2024-01-19 02:18:55", "elapsed": 7640.221375, "delta": 0.004547}}
{"target": -17.893522604776237, "params": {"gamma": 443.03755877028874, "log10_alpha": -1.7690583658326515, "log10_colsample_bytree": -0.6598279608247842, "log10_eta": -0.1291713377114223, "log10_lambda": -3.5079866339105505, "log10_min_child_weight": 3.565854623403102, "log10_subsample": -0.5153019570340979, "max_depth": 2.0, "num_boost_round": 24.0}, "datetime": {"datetime": "2024-01-19 02:18:55", "elapsed": 7640.225993, "delta": 0.004618}}
{"target": -17.897290419724214, "params": {"gamma": 443.03755877028874, "log10_alpha": -1.7690583658326515, "log10_colsample_bytree": -0.6598279608247842, "log10_eta": -0.1291713377114223, "log10_lambda": -3.5079866339105505, "log10_min_child_weight": 3.565854623403102, "log10_subsample": -0.5153019570340979, "max_depth": 2.0, "num_boost_round": 25.0}, "datetime": {"datetime": "2024-01-19 02:18:55", "elapsed": 7640.23057, "delta": 0.004577}}
{"target": -17.912669006542167, "params": {"gamma": 443.03755877028874, "log10_alpha": -1.7690583658326515, "log10_colsample_bytree": -0.6598279608247842, "log10_eta": -0.1291713377114223, "log10_lambda": -3.5079866339105505, "log10_min_child_weight": 3.565854623403102, "log10_subsample": -0.5153019570340979, "max_depth": 2.0, "num_boost_round": 26.0}, "datetime": {"datetime": "2024-01-19 02:18:55", "elapsed": 7640.235059, "delta": 0.004489}}
{"target": -17.911030219180226, "params": {"gamma": 443.03755877028874, "log10_alpha": -1.7690583658326515, "log10_colsample_bytree": -0.6598279608247842, "log10_eta": -0.1291713377114223, "log10_lambda": -3.5079866339105505, "log10_min_child_weight": 3.565854623403102, "log10_subsample": -0.5153019570340979, "max_depth": 2.0, "num_boost_round": 27.0}, "datetime": {"datetime": "2024-01-19 02:18:55", "elapsed": 7640.239545, "delta": 0.004486}}
{"target": -17.919743890097337, "params": {"gamma": 443.03755877028874, "log10_alpha": -1.7690583658326515, "log10_colsample_bytree": -0.6598279608247842, "log10_eta": -0.1291713377114223, "log10_lambda": -3.5079866339105505, "log10_min_child_weight": 3.565854623403102, "log10_subsample": -0.5153019570340979, "max_depth": 2.0, "num_boost_round": 28.0}, "datetime": {"datetime": "2024-01-19 02:18:55", "elapsed": 7640.244053, "delta": 0.004508}}
{"target": -17.91845597599984, "params": {"gamma": 443.03755877028874, "log10_alpha": -1.7690583658326515, "log10_colsample_bytree": -0.6598279608247842, "log10_eta": -0.1291713377114223, "log10_lambda": -3.5079866339105505, "log10_min_child_weight": 3.565854623403102, "log10_subsample": -0.5153019570340979, "max_depth": 2.0, "num_boost_round": 29.0}, "datetime": {"datetime": "2024-01-19 02:18:55", "elapsed": 7640.24869, "delta": 0.004637}}
{"target": -17.930223517908917, "params": {"gamma": 443.03755877028874, "log10_alpha": -1.7690583658326515, "log10_colsample_bytree": -0.6598279608247842, "log10_eta": -0.1291713377114223, "log10_lambda": -3.5079866339105505, "log10_min_child_weight": 3.565854623403102, "log10_subsample": -0.5153019570340979, "max_depth": 2.0, "num_boost_round": 30.0}, "datetime": {"datetime": "2024-01-19 02:18:55", "elapsed": 7640.253221, "delta": 0.004531}}
{"target": -17.93154297455449, "params": {"gamma": 443.03755877028874, "log10_alpha": -1.7690583658326515, "log10_colsample_bytree": -0.6598279608247842, "log10_eta": -0.1291713377114223, "log10_lambda": -3.5079866339105505, "log10_min_child_weight": 3.565854623403102, "log10_subsample": -0.5153019570340979, "max_depth": 2.0, "num_boost_round": 31.0}, "datetime": {"datetime": "2024-01-19 02:18:55", "elapsed": 7640.257906, "delta": 0.004685}}
{"target": -17.93902150661848, "params": {"gamma": 443.03755877028874, "log10_alpha": -1.7690583658326515, "log10_colsample_bytree": -0.6598279608247842, "log10_eta": -0.1291713377114223, "log10_lambda": -3.5079866339105505, "log10_min_child_weight": 3.565854623403102, "log10_subsample": -0.5153019570340979, "max_depth": 2.0, "num_boost_round": 32.0}, "datetime": {"datetime": "2024-01-19 02:18:55", "elapsed": 7640.262478, "delta": 0.004572}}
{"target": -17.951378748055458, "params": {"gamma": 443.03755877028874, "log10_alpha": -1.7690583658326515, "log10_colsample_bytree": -0.6598279608247842, "log10_eta": -0.1291713377114223, "log10_lambda": -3.5079866339105505, "log10_min_child_weight": 3.565854623403102, "log10_subsample": -0.5153019570340979, "max_depth": 2.0, "num_boost_round": 33.0}, "datetime": {"datetime": "2024-01-19 02:18:55", "elapsed": 7640.267077, "delta": 0.004599}}
{"target": -17.96401695375546, "params": {"gamma": 443.03755877028874, "log10_alpha": -1.7690583658326515, "log10_colsample_bytree": -0.6598279608247842, "log10_eta": -0.1291713377114223, "log10_lambda": -3.5079866339105505, "log10_min_child_weight": 3.565854623403102, "log10_subsample": -0.5153019570340979, "max_depth": 2.0, "num_boost_round": 34.0}, "datetime": {"datetime": "2024-01-19 02:18:55", "elapsed": 7640.271628, "delta": 0.004551}}
{"target": -17.963716049353753, "params": {"gamma": 443.03755877028874, "log10_alpha": -1.7690583658326515, "log10_colsample_bytree": -0.6598279608247842, "log10_eta": -0.1291713377114223, "log10_lambda": -3.5079866339105505, "log10_min_child_weight": 3.565854623403102, "log10_subsample": -0.5153019570340979, "max_depth": 2.0, "num_boost_round": 35.0}, "datetime": {"datetime": "2024-01-19 02:18:55", "elapsed": 7640.276181, "delta": 0.004553}}
{"target": -17.96829362024941, "params": {"gamma": 443.03755877028874, "log10_alpha": -1.7690583658326515, "log10_colsample_bytree": -0.6598279608247842, "log10_eta": -0.1291713377114223, "log10_lambda": -3.5079866339105505, "log10_min_child_weight": 3.565854623403102, "log10_subsample": -0.5153019570340979, "max_depth": 2.0, "num_boost_round": 36.0}, "datetime": {"datetime": "2024-01-19 02:18:55", "elapsed": 7640.280708, "delta": 0.004527}}
{"target": -17.965483661478473, "params": {"gamma": 443.03755877028874, "log10_alpha": -1.7690583658326515, "log10_colsample_bytree": -0.6598279608247842, "log10_eta": -0.1291713377114223, "log10_lambda": -3.5079866339105505, "log10_min_child_weight": 3.565854623403102, "log10_subsample": -0.5153019570340979, "max_depth": 2.0, "num_boost_round": 37.0}, "datetime": {"datetime": "2024-01-19 02:18:55", "elapsed": 7640.285295, "delta": 0.004587}}
{"target": -17.97064344490553, "params": {"gamma": 443.03755877028874, "log10_alpha": -1.7690583658326515, "log10_colsample_bytree": -0.6598279608247842, "log10_eta": -0.1291713377114223, "log10_lambda": -3.5079866339105505, "log10_min_child_weight": 3.565854623403102, "log10_subsample": -0.5153019570340979, "max_depth": 2.0, "num_boost_round": 38.0}, "datetime": {"datetime": "2024-01-19 02:18:55", "elapsed": 7640.289837, "delta": 0.004542}}
{"target": -17.977649312380695, "params": {"gamma": 443.03755877028874, "log10_alpha": -1.7690583658326515, "log10_colsample_bytree": -0.6598279608247842, "log10_eta": -0.1291713377114223, "log10_lambda": -3.5079866339105505, "log10_min_child_weight": 3.565854623403102, "log10_subsample": -0.5153019570340979, "max_depth": 2.0, "num_boost_round": 39.0}, "datetime": {"datetime": "2024-01-19 02:18:55", "elapsed": 7640.294346, "delta": 0.004509}}
{"target": -17.978763471473737, "params": {"gamma": 443.03755877028874, "log10_alpha": -1.7690583658326515, "log10_colsample_bytree": -0.6598279608247842, "log10_eta": -0.1291713377114223, "log10_lambda": -3.5079866339105505, "log10_min_child_weight": 3.565854623403102, "log10_subsample": -0.5153019570340979, "max_depth": 2.0, "num_boost_round": 40.0}, "datetime": {"datetime": "2024-01-19 02:18:55", "elapsed": 7640.298922, "delta": 0.004576}}
{"target": -17.986541372190857, "params": {"gamma": 443.03755877028874, "log10_alpha": -1.7690583658326515, "log10_colsample_bytree": -0.6598279608247842, "log10_eta": -0.1291713377114223, "log10_lambda": -3.5079866339105505, "log10_min_child_weight": 3.565854623403102, "log10_subsample": -0.5153019570340979, "max_depth": 2.0, "num_boost_round": 41.0}, "datetime": {"datetime": "2024-01-19 02:18:55", "elapsed": 7640.303513, "delta": 0.004591}}
{"target": -17.998364485613845, "params": {"gamma": 443.03755877028874, "log10_alpha": -1.7690583658326515, "log10_colsample_bytree": -0.6598279608247842, "log10_eta": -0.1291713377114223, "log10_lambda": -3.5079866339105505, "log10_min_child_weight": 3.565854623403102, "log10_subsample": -0.5153019570340979, "max_depth": 2.0, "num_boost_round": 42.0}, "datetime": {"datetime": "2024-01-19 02:18:55", "elapsed": 7640.308067, "delta": 0.004554}}
