{"target": -13.791540965630293, "params": {"gamma": 894.9176168254285, "log10_alpha": -4.002197993216935, "log10_colsample_bytree": -0.021579160272905407, "log10_eta": -0.701743281679279, "log10_lambda": -1.4974829586612763, "log10_min_child_weight": 3.5861463463226464, "log10_subsample": -0.8960763790112346, "max_depth": 3.0, "num_boost_round": 23.0}, "datetime": {"datetime": "2024-01-19 00:19:27", "elapsed": 471.740189, "delta": 0.000973}}
{"target": -13.792461770597223, "params": {"gamma": 894.9176168254285, "log10_alpha": -4.002197993216935, "log10_colsample_bytree": -0.021579160272905407, "log10_eta": -0.701743281679279, "log10_lambda": -1.4974829586612763, "log10_min_child_weight": 3.5861463463226464, "log10_subsample": -0.8960763790112346, "max_depth": 3.0, "num_boost_round": 24.0}, "datetime": {"datetime": "2024-01-19 00:19:27", "elapsed": 471.74114, "delta": 0.000951}}
{"target": -13.795767481078707, "params": {"gamma": 894.9176168254285, "log10_alpha": -4.002197993216935, "log10_colsample_bytree": -0.021579160272905407, "log10_eta": -0.701743281679279, "log10_lambda": -1.4974829586612763, "log10_min_child_weight": 3.5861463463226464, "log10_subsample": -0.8960763790112346, "max_depth": 3.0, "num_boost_round": 25.0}, "datetime": {"datetime": "2024-01-19 00:19:27", "elapsed": 471.7421, "delta": 0.00096}}
{"target": -13.79838565842465, "params": {"gamma": 894.9176168254285, "log10_alpha": -4.002197993216935, "log10_colsample_bytree": -0.021579160272905407, "log10_eta": -0.701743281679279, "log10_lambda": -1.4974829586612763, "log10_min_child_weight": 3.5861463463226464, "log10_subsample": -0.8960763790112346, "max_depth": 3.0, "num_boost_round": 26.0}, "datetime": {"datetime": "2024-01-19 00:19:27", "elapsed": 471.743065, "delta": 0.000965}}
{"target": -13.797447463539116, "params": {"gamma": 894.9176168254285, "log10_alpha": -4.002197993216935, "log10_colsample_bytree": -0.021579160272905407, "log10_eta": -0.701743281679279, "log10_lambda": -1.4974829586612763, "log10_min_child_weight": 3.5861463463226464, "log10_subsample": -0.8960763790112346, "max_depth": 3.0, "num_boost_round": 27.0}, "datetime": {"datetime": "2024-01-19 00:19:27", "elapsed": 471.744052, "delta": 0.000987}}
{"target": -13.79685733655227, "params": {"gamma": 894.9176168254285, "log10_alpha": -4.002197993216935, "log10_colsample_bytree": -0.021579160272905407, "log10_eta": -0.701743281679279, "log10_lambda": -1.4974829586612763, "log10_min_child_weight": 3.5861463463226464, "log10_subsample": -0.8960763790112346, "max_depth": 3.0, "num_boost_round": 28.0}, "datetime": {"datetime": "2024-01-19 00:19:27", "elapsed": 471.745063, "delta": 0.001011}}
{"target": -13.79782088748331, "params": {"gamma": 894.9176168254285, "log10_alpha": -4.002197993216935, "log10_colsample_bytree": -0.021579160272905407, "log10_eta": -0.701743281679279, "log10_lambda": -1.4974829586612763, "log10_min_child_weight": 3.5861463463226464, "log10_subsample": -0.8960763790112346, "max_depth": 3.0, "num_boost_round": 29.0}, "datetime": {"datetime": "2024-01-19 00:19:27", "elapsed": 471.746055, "delta": 0.000992}}
{"target": -13.797030190003095, "params": {"gamma": 894.9176168254285, "log10_alpha": -4.002197993216935, "log10_colsample_bytree": -0.021579160272905407, "log10_eta": -0.701743281679279, "log10_lambda": -1.4974829586612763, "log10_min_child_weight": 3.5861463463226464, "log10_subsample": -0.8960763790112346, "max_depth": 3.0, "num_boost_round": 30.0}, "datetime": {"datetime": "2024-01-19 00:19:27", "elapsed": 471.747012, "delta": 0.000957}}
{"target": -13.798185346376647, "params": {"gamma": 894.9176168254285, "log10_alpha": -4.002197993216935, "log10_colsample_bytree": -0.021579160272905407, "log10_eta": -0.701743281679279, "log10_lambda": -1.4974829586612763, "log10_min_child_weight": 3.5861463463226464, "log10_subsample": -0.8960763790112346, "max_depth": 3.0, "num_boost_round": 31.0}, "datetime": {"datetime": "2024-01-19 00:19:27", "elapsed": 471.747979, "delta": 0.000967}}
{"target": -13.798931900882884, "params": {"gamma": 894.9176168254285, "log10_alpha": -4.002197993216935, "log10_colsample_bytree": -0.021579160272905407, "log10_eta": -0.701743281679279, "log10_lambda": -1.4974829586612763, "log10_min_child_weight": 3.5861463463226464, "log10_subsample": -0.8960763790112346, "max_depth": 3.0, "num_boost_round": 32.0}, "datetime": {"datetime": "2024-01-19 00:19:27", "elapsed": 471.748957, "delta": 0.000978}}
{"target": -13.79845030410406, "params": {"gamma": 894.9176168254285, "log10_alpha": -4.002197993216935, "log10_colsample_bytree": -0.021579160272905407, "log10_eta": -0.701743281679279, "log10_lambda": -1.4974829586612763, "log10_min_child_weight": 3.5861463463226464, "log10_subsample": -0.8960763790112346, "max_depth": 3.0, "num_boost_round": 33.0}, "datetime": {"datetime": "2024-01-19 00:19:27", "elapsed": 471.749919, "delta": 0.000962}}
{"target": -13.80113970705787, "params": {"gamma": 894.9176168254285, "log10_alpha": -4.002197993216935, "log10_colsample_bytree": -0.021579160272905407, "log10_eta": -0.701743281679279, "log10_lambda": -1.4974829586612763, "log10_min_child_weight": 3.5861463463226464, "log10_subsample": -0.8960763790112346, "max_depth": 3.0, "num_boost_round": 34.0}, "datetime": {"datetime": "2024-01-19 00:19:27", "elapsed": 471.751006, "delta": 0.001087}}
{"target": -13.79999709805512, "params": {"gamma": 894.9176168254285, "log10_alpha": -4.002197993216935, "log10_colsample_bytree": -0.021579160272905407, "log10_eta": -0.701743281679279, "log10_lambda": -1.4974829586612763, "log10_min_child_weight": 3.5861463463226464, "log10_subsample": -0.8960763790112346, "max_depth": 3.0, "num_boost_round": 35.0}, "datetime": {"datetime": "2024-01-19 00:19:27", "elapsed": 471.752099, "delta": 0.001093}}
{"target": -13.80060185685032, "params": {"gamma": 894.9176168254285, "log10_alpha": -4.002197993216935, "log10_colsample_bytree": -0.021579160272905407, "log10_eta": -0.701743281679279, "log10_lambda": -1.4974829586612763, "log10_min_child_weight": 3.5861463463226464, "log10_subsample": -0.8960763790112346, "max_depth": 3.0, "num_boost_round": 36.0}, "datetime": {"datetime": "2024-01-19 00:19:27", "elapsed": 471.753069, "delta": 0.00097}}
{"target": -13.802872280128277, "params": {"gamma": 894.9176168254285, "log10_alpha": -4.002197993216935, "log10_colsample_bytree": -0.021579160272905407, "log10_eta": -0.701743281679279, "log10_lambda": -1.4974829586612763, "log10_min_child_weight": 3.5861463463226464, "log10_subsample": -0.8960763790112346, "max_depth": 3.0, "num_boost_round": 37.0}, "datetime": {"datetime": "2024-01-19 00:19:27", "elapsed": 471.754047, "delta": 0.000978}}
{"target": -13.803255284438764, "params": {"gamma": 894.9176168254285, "log10_alpha": -4.002197993216935, "log10_colsample_bytree": -0.021579160272905407, "log10_eta": -0.701743281679279, "log10_lambda": -1.4974829586612763, "log10_min_child_weight": 3.5861463463226464, "log10_subsample": -0.8960763790112346, "max_depth": 3.0, "num_boost_round": 38.0}, "datetime": {"datetime": "2024-01-19 00:19:27", "elapsed": 471.755045, "delta": 0.000998}}
{"target": -13.804751092088466, "params": {"gamma": 894.9176168254285, "log10_alpha": -4.002197993216935, "log10_colsample_bytree": -0.021579160272905407, "log10_eta": -0.701743281679279, "log10_lambda": -1.4974829586612763, "log10_min_child_weight": 3.5861463463226464, "log10_subsample": -0.8960763790112346, "max_depth": 3.0, "num_boost_round": 39.0}, "datetime": {"datetime": "2024-01-19 00:19:27", "elapsed": 471.756022, "delta": 0.000977}}
{"target": -13.80599663740312, "params": {"gamma": 894.9176168254285, "log10_alpha": -4.002197993216935, "log10_colsample_bytree": -0.021579160272905407, "log10_eta": -0.701743281679279, "log10_lambda": -1.4974829586612763, "log10_min_child_weight": 3.5861463463226464, "log10_subsample": -0.8960763790112346, "max_depth": 3.0, "num_boost_round": 40.0}, "datetime": {"datetime": "2024-01-19 00:19:27", "elapsed": 471.756994, "delta": 0.000972}}
{"target": -13.806056579632047, "params": {"gamma": 894.9176168254285, "log10_alpha": -4.002197993216935, "log10_colsample_bytree": -0.021579160272905407, "log10_eta": -0.701743281679279, "log10_lambda": -1.4974829586612763, "log10_min_child_weight": 3.5861463463226464, "log10_subsample": -0.8960763790112346, "max_depth": 3.0, "num_boost_round": 41.0}, "datetime": {"datetime": "2024-01-19 00:19:27", "elapsed": 471.757983, "delta": 0.000989}}
{"target": -13.806509789666038, "params": {"gamma": 894.9176168254285, "log10_alpha": -4.002197993216935, "log10_colsample_bytree": -0.021579160272905407, "log10_eta": -0.701743281679279, "log10_lambda": -1.4974829586612763, "log10_min_child_weight": 3.5861463463226464, "log10_subsample": -0.8960763790112346, "max_depth": 3.0, "num_boost_round": 42.0}, "datetime": {"datetime": "2024-01-19 00:19:27", "elapsed": 471.758962, "delta": 0.000979}}
{"target": -13.807975243210322, "params": {"gamma": 894.9176168254285, "log10_alpha": -4.002197993216935, "log10_colsample_bytree": -0.021579160272905407, "log10_eta": -0.701743281679279, "log10_lambda": -1.4974829586612763, "log10_min_child_weight": 3.5861463463226464, "log10_subsample": -0.8960763790112346, "max_depth": 3.0, "num_boost_round": 43.0}, "datetime": {"datetime": "2024-01-19 00:19:27", "elapsed": 471.759945, "delta": 0.000983}}
{"target": -13.81080052319881, "params": {"gamma": 894.9176168254285, "log10_alpha": -4.002197993216935, "log10_colsample_bytree": -0.021579160272905407, "log10_eta": -0.701743281679279, "log10_lambda": -1.4974829586612763, "log10_min_child_weight": 3.5861463463226464, "log10_subsample": -0.8960763790112346, "max_depth": 3.0, "num_boost_round": 44.0}, "datetime": {"datetime": "2024-01-19 00:19:27", "elapsed": 471.76094, "delta": 0.000995}}
{"target": -13.813223803111159, "params": {"gamma": 894.9176168254285, "log10_alpha": -4.002197993216935, "log10_colsample_bytree": -0.021579160272905407, "log10_eta": -0.701743281679279, "log10_lambda": -1.4974829586612763, "log10_min_child_weight": 3.5861463463226464, "log10_subsample": -0.8960763790112346, "max_depth": 3.0, "num_boost_round": 45.0}, "datetime": {"datetime": "2024-01-19 00:19:27", "elapsed": 471.761918, "delta": 0.000978}}
{"target": -13.814407462310307, "params": {"gamma": 894.9176168254285, "log10_alpha": -4.002197993216935, "log10_colsample_bytree": -0.021579160272905407, "log10_eta": -0.701743281679279, "log10_lambda": -1.4974829586612763, "log10_min_child_weight": 3.5861463463226464, "log10_subsample": -0.8960763790112346, "max_depth": 3.0, "num_boost_round": 46.0}, "datetime": {"datetime": "2024-01-19 00:19:27", "elapsed": 471.762907, "delta": 0.000989}}
{"target": -13.816657120652833, "params": {"gamma": 894.9176168254285, "log10_alpha": -4.002197993216935, "log10_colsample_bytree": -0.021579160272905407, "log10_eta": -0.701743281679279, "log10_lambda": -1.4974829586612763, "log10_min_child_weight": 3.5861463463226464, "log10_subsample": -0.8960763790112346, "max_depth": 3.0, "num_boost_round": 47.0}, "datetime": {"datetime": "2024-01-19 00:19:27", "elapsed": 471.763896, "delta": 0.000989}}
{"target": -13.817805919504107, "params": {"gamma": 894.9176168254285, "log10_alpha": -4.002197993216935, "log10_colsample_bytree": -0.021579160272905407, "log10_eta": -0.701743281679279, "log10_lambda": -1.4974829586612763, "log10_min_child_weight": 3.5861463463226464, "log10_subsample": -0.8960763790112346, "max_depth": 3.0, "num_boost_round": 48.0}, "datetime": {"datetime": "2024-01-19 00:19:27", "elapsed": 471.764881, "delta": 0.000985}}
{"target": -13.816952502651649, "params": {"gamma": 894.9176168254285, "log10_alpha": -4.002197993216935, "log10_colsample_bytree": -0.021579160272905407, "log10_eta": -0.701743281679279, "log10_lambda": -1.4974829586612763, "log10_min_child_weight": 3.5861463463226464, "log10_subsample": -0.8960763790112346, "max_depth": 3.0, "num_boost_round": 49.0}, "datetime": {"datetime": "2024-01-19 00:19:27", "elapsed": 471.765876, "delta": 0.000995}}
{"target": -13.817877866194399, "params": {"gamma": 894.9176168254285, "log10_alpha": -4.002197993216935, "log10_colsample_bytree": -0.021579160272905407, "log10_eta": -0.701743281679279, "log10_lambda": -1.4974829586612763, "log10_min_child_weight": 3.5861463463226464, "log10_subsample": -0.8960763790112346, "max_depth": 3.0, "num_boost_round": 50.0}, "datetime": {"datetime": "2024-01-19 00:19:27", "elapsed": 471.766865, "delta": 0.000989}}
{"target": -13.81940006531983, "params": {"gamma": 894.9176168254285, "log10_alpha": -4.002197993216935, "log10_colsample_bytree": -0.021579160272905407, "log10_eta": -0.701743281679279, "log10_lambda": -1.4974829586612763, "log10_min_child_weight": 3.5861463463226464, "log10_subsample": -0.8960763790112346, "max_depth": 3.0, "num_boost_round": 51.0}, "datetime": {"datetime": "2024-01-19 00:19:27", "elapsed": 471.767864, "delta": 0.000999}}
{"target": -13.81938290875915, "params": {"gamma": 894.9176168254285, "log10_alpha": -4.002197993216935, "log10_colsample_bytree": -0.021579160272905407, "log10_eta": -0.701743281679279, "log10_lambda": -1.4974829586612763, "log10_min_child_weight": 3.5861463463226464, "log10_subsample": -0.8960763790112346, "max_depth": 3.0, "num_boost_round": 52.0}, "datetime": {"datetime": "2024-01-19 00:19:27", "elapsed": 471.768857, "delta": 0.000993}}
{"target": -13.81816653875313, "params": {"gamma": 894.9176168254285, "log10_alpha": -4.002197993216935, "log10_colsample_bytree": -0.021579160272905407, "log10_eta": -0.701743281679279, "log10_lambda": -1.4974829586612763, "log10_min_child_weight": 3.5861463463226464, "log10_subsample": -0.8960763790112346, "max_depth": 3.0, "num_boost_round": 53.0}, "datetime": {"datetime": "2024-01-19 00:19:27", "elapsed": 471.7699, "delta": 0.001043}}
{"target": -13.818705275024254, "params": {"gamma": 894.9176168254285, "log10_alpha": -4.002197993216935, "log10_colsample_bytree": -0.021579160272905407, "log10_eta": -0.701743281679279, "log10_lambda": -1.4974829586612763, "log10_min_child_weight": 3.5861463463226464, "log10_subsample": -0.8960763790112346, "max_depth": 3.0, "num_boost_round": 54.0}, "datetime": {"datetime": "2024-01-19 00:19:27", "elapsed": 471.770893, "delta": 0.000993}}
{"target": -13.816839239884711, "params": {"gamma": 894.9176168254285, "log10_alpha": -4.002197993216935, "log10_colsample_bytree": -0.021579160272905407, "log10_eta": -0.701743281679279, "log10_lambda": -1.4974829586612763, "log10_min_child_weight": 3.5861463463226464, "log10_subsample": -0.8960763790112346, "max_depth": 3.0, "num_boost_round": 55.0}, "datetime": {"datetime": "2024-01-19 00:19:27", "elapsed": 471.772015, "delta": 0.001122}}
{"target": -13.758558911270642, "params": {"gamma": 889.0894710959453, "log10_alpha": -3.2760677435544805, "log10_colsample_bytree": -0.3577058515082807, "log10_eta": -2.4212547536168976, "log10_lambda": -4.561958997327302, "log10_min_child_weight": 1.2020976853643233, "log10_subsample": -0.49033650563951026, "max_depth": 9.0, "num_boost_round": 0.0}, "datetime": {"datetime": "2024-01-19 00:20:13", "elapsed": 517.87427, "delta": 46.102255}}
{"target": -13.758358951079654, "params": {"gamma": 889.0894710959453, "log10_alpha": -3.2760677435544805, "log10_colsample_bytree": -0.3577058515082807, "log10_eta": -2.4212547536168976, "log10_lambda": -4.561958997327302, "log10_min_child_weight": 1.2020976853643233, "log10_subsample": -0.49033650563951026, "max_depth": 9.0, "num_boost_round": 1.0}, "datetime": {"datetime": "2024-01-19 00:20:13", "elapsed": 517.875433, "delta": 0.001163}}
{"target": -13.758198863860704, "params": {"gamma": 889.0894710959453, "log10_alpha": -3.2760677435544805, "log10_colsample_bytree": -0.3577058515082807, "log10_eta": -2.4212547536168976, "log10_lambda": -4.561958997327302, "log10_min_child_weight": 1.2020976853643233, "log10_subsample": -0.49033650563951026, "max_depth": 9.0, "num_boost_round": 2.0}, "datetime": {"datetime": "2024-01-19 00:20:13", "elapsed": 517.876749, "delta": 0.001316}}
{"target": -13.758017648185868, "params": {"gamma": 889.0894710959453, "log10_alpha": -3.2760677435544805, "log10_colsample_bytree": -0.3577058515082807, "log10_eta": -2.4212547536168976, "log10_lambda": -4.561958997327302, "log10_min_child_weight": 1.2020976853643233, "log10_subsample": -0.49033650563951026, "max_depth": 9.0, "num_boost_round": 3.0}, "datetime": {"datetime": "2024-01-19 00:20:13", "elapsed": 517.877895, "delta": 0.001146}}
{"target": -13.75809759982757, "params": {"gamma": 889.0894710959453, "log10_alpha": -3.2760677435544805, "log10_colsample_bytree": -0.3577058515082807, "log10_eta": -2.4212547536168976, "log10_lambda": -4.561958997327302, "log10_min_child_weight": 1.2020976853643233, "log10_subsample": -0.49033650563951026, "max_depth": 9.0, "num_boost_round": 4.0}, "datetime": {"datetime": "2024-01-19 00:20:13", "elapsed": 517.879134, "delta": 0.001239}}
{"target": -13.757811366861283, "params": {"gamma": 889.0894710959453, "log10_alpha": -3.2760677435544805, "log10_colsample_bytree": -0.3577058515082807, "log10_eta": -2.4212547536168976, "log10_lambda": -4.561958997327302, "log10_min_child_weight": 1.2020976853643233, "log10_subsample": -0.49033650563951026, "max_depth": 9.0, "num_boost_round": 5.0}, "datetime": {"datetime": "2024-01-19 00:20:13", "elapsed": 517.880124, "delta": 0.00099}}
{"target": -13.75787018460352, "params": {"gamma": 889.0894710959453, "log10_alpha": -3.2760677435544805, "log10_colsample_bytree": -0.3577058515082807, "log10_eta": -2.4212547536168976, "log10_lambda": -4.561958997327302, "log10_min_child_weight": 1.2020976853643233, "log10_subsample": -0.49033650563951026, "max_depth": 9.0, "num_boost_round": 6.0}, "datetime": {"datetime": "2024-01-19 00:20:13", "elapsed": 517.881127, "delta": 0.001003}}
{"target": -13.757546769949123, "params": {"gamma": 889.0894710959453, "log10_alpha": -3.2760677435544805, "log10_colsample_bytree": -0.3577058515082807, "log10_eta": -2.4212547536168976, "log10_lambda": -4.561958997327302, "log10_min_child_weight": 1.2020976853643233, "log10_subsample": -0.49033650563951026, "max_depth": 9.0, "num_boost_round": 7.0}, "datetime": {"datetime": "2024-01-19 00:20:13", "elapsed": 517.882117, "delta": 0.00099}}
{"target": -13.757514809676687, "params": {"gamma": 889.0894710959453, "log10_alpha": -3.2760677435544805, "log10_colsample_bytree": -0.3577058515082807, "log10_eta": -2.4212547536168976, "log10_lambda": -4.561958997327302, "log10_min_child_weight": 1.2020976853643233, "log10_subsample": -0.49033650563951026, "max_depth": 9.0, "num_boost_round": 8.0}, "datetime": {"datetime": "2024-01-19 00:20:13", "elapsed": 517.883476, "delta": 0.001359}}
{"target": -13.75747316148725, "params": {"gamma": 889.0894710959453, "log10_alpha": -3.2760677435544805, "log10_colsample_bytree": -0.3577058515082807, "log10_eta": -2.4212547536168976, "log10_lambda": -4.561958997327302, "log10_min_child_weight": 1.2020976853643233, "log10_subsample": -0.49033650563951026, "max_depth": 9.0, "num_boost_round": 9.0}, "datetime": {"datetime": "2024-01-19 00:20:13", "elapsed": 517.884499, "delta": 0.001023}}
{"target": -13.757353939616417, "params": {"gamma": 889.0894710959453, "log10_alpha": -3.2760677435544805, "log10_colsample_bytree": -0.3577058515082807, "log10_eta": -2.4212547536168976, "log10_lambda": -4.561958997327302, "log10_min_child_weight": 1.2020976853643233, "log10_subsample": -0.49033650563951026, "max_depth": 9.0, "num_boost_round": 10.0}, "datetime": {"datetime": "2024-01-19 00:20:13", "elapsed": 517.885504, "delta": 0.001005}}
{"target": -13.757311619930013, "params": {"gamma": 889.0894710959453, "log10_alpha": -3.2760677435544805, "log10_colsample_bytree": -0.3577058515082807, "log10_eta": -2.4212547536168976, "log10_lambda": -4.561958997327302, "log10_min_child_weight": 1.2020976853643233, "log10_subsample": -0.49033650563951026, "max_depth": 9.0, "num_boost_round": 11.0}, "datetime": {"datetime": "2024-01-19 00:20:13", "elapsed": 517.886508, "delta": 0.001004}}
{"target": -13.757391337553804, "params": {"gamma": 889.0894710959453, "log10_alpha": -3.2760677435544805, "log10_colsample_bytree": -0.3577058515082807, "log10_eta": -2.4212547536168976, "log10_lambda": -4.561958997327302, "log10_min_child_weight": 1.2020976853643233, "log10_subsample": -0.49033650563951026, "max_depth": 9.0, "num_boost_round": 12.0}, "datetime": {"datetime": "2024-01-19 00:20:13", "elapsed": 517.887505, "delta": 0.000997}}
{"target": -13.75738866518954, "params": {"gamma": 889.0894710959453, "log10_alpha": -3.2760677435544805, "log10_colsample_bytree": -0.3577058515082807, "log10_eta": -2.4212547536168976, "log10_lambda": -4.561958997327302, "log10_min_child_weight": 1.2020976853643233, "log10_subsample": -0.49033650563951026, "max_depth": 9.0, "num_boost_round": 13.0}, "datetime": {"datetime": "2024-01-19 00:20:13", "elapsed": 517.888497, "delta": 0.000992}}
{"target": -13.757573686438272, "params": {"gamma": 889.0894710959453, "log10_alpha": -3.2760677435544805, "log10_colsample_bytree": -0.3577058515082807, "log10_eta": -2.4212547536168976, "log10_lambda": -4.561958997327302, "log10_min_child_weight": 1.2020976853643233, "log10_subsample": -0.49033650563951026, "max_depth": 9.0, "num_boost_round": 14.0}, "datetime": {"datetime": "2024-01-19 00:20:13", "elapsed": 517.889501, "delta": 0.001004}}
{"target": -13.75738678930571, "params": {"gamma": 889.0894710959453, "log10_alpha": -3.2760677435544805, "log10_colsample_bytree": -0.3577058515082807, "log10_eta": -2.4212547536168976, "log10_lambda": -4.561958997327302, "log10_min_child_weight": 1.2020976853643233, "log10_subsample": -0.49033650563951026, "max_depth": 9.0, "num_boost_round": 15.0}, "datetime": {"datetime": "2024-01-19 00:20:13", "elapsed": 517.890602, "delta": 0.001101}}
