{"target": -13.75848382151, "params": {"gamma": 489.61159907281115, "log10_alpha": 0.7242978419701833, "log10_colsample_bytree": -0.3632263606611944, "log10_eta": -3.8596441280221727, "log10_lambda": -0.6984351574676051, "log10_min_child_weight": 3.9715758824825116, "log10_subsample": -0.2298157836511866, "max_depth": 5.0, "num_boost_round": 32.0}, "datetime": {"datetime": "2024-01-19 01:20:01", "elapsed": 4105.198148, "delta": 0.005016}}
{"target": -13.758481060349515, "params": {"gamma": 489.61159907281115, "log10_alpha": 0.7242978419701833, "log10_colsample_bytree": -0.3632263606611944, "log10_eta": -3.8596441280221727, "log10_lambda": -0.6984351574676051, "log10_min_child_weight": 3.9715758824825116, "log10_subsample": -0.2298157836511866, "max_depth": 5.0, "num_boost_round": 33.0}, "datetime": {"datetime": "2024-01-19 01:20:01", "elapsed": 4105.203922, "delta": 0.005774}}
{"target": -13.758478750613342, "params": {"gamma": 489.61159907281115, "log10_alpha": 0.7242978419701833, "log10_colsample_bytree": -0.3632263606611944, "log10_eta": -3.8596441280221727, "log10_lambda": -0.6984351574676051, "log10_min_child_weight": 3.9715758824825116, "log10_subsample": -0.2298157836511866, "max_depth": 5.0, "num_boost_round": 34.0}, "datetime": {"datetime": "2024-01-19 01:20:01", "elapsed": 4105.209057, "delta": 0.005135}}
{"target": -13.758477857930718, "params": {"gamma": 489.61159907281115, "log10_alpha": 0.7242978419701833, "log10_colsample_bytree": -0.3632263606611944, "log10_eta": -3.8596441280221727, "log10_lambda": -0.6984351574676051, "log10_min_child_weight": 3.9715758824825116, "log10_subsample": -0.2298157836511866, "max_depth": 5.0, "num_boost_round": 35.0}, "datetime": {"datetime": "2024-01-19 01:20:01", "elapsed": 4105.213953, "delta": 0.004896}}
{"target": -13.758479356716181, "params": {"gamma": 489.61159907281115, "log10_alpha": 0.7242978419701833, "log10_colsample_bytree": -0.3632263606611944, "log10_eta": -3.8596441280221727, "log10_lambda": -0.6984351574676051, "log10_min_child_weight": 3.9715758824825116, "log10_subsample": -0.2298157836511866, "max_depth": 5.0, "num_boost_round": 36.0}, "datetime": {"datetime": "2024-01-19 01:20:01", "elapsed": 4105.218762, "delta": 0.004809}}
{"target": -13.758478356319618, "params": {"gamma": 489.61159907281115, "log10_alpha": 0.7242978419701833, "log10_colsample_bytree": -0.3632263606611944, "log10_eta": -3.8596441280221727, "log10_lambda": -0.6984351574676051, "log10_min_child_weight": 3.9715758824825116, "log10_subsample": -0.2298157836511866, "max_depth": 5.0, "num_boost_round": 37.0}, "datetime": {"datetime": "2024-01-19 01:20:01", "elapsed": 4105.223596, "delta": 0.004834}}
{"target": -13.758478041458915, "params": {"gamma": 489.61159907281115, "log10_alpha": 0.7242978419701833, "log10_colsample_bytree": -0.3632263606611944, "log10_eta": -3.8596441280221727, "log10_lambda": -0.6984351574676051, "log10_min_child_weight": 3.9715758824825116, "log10_subsample": -0.2298157836511866, "max_depth": 5.0, "num_boost_round": 38.0}, "datetime": {"datetime": "2024-01-19 01:20:01", "elapsed": 4105.228392, "delta": 0.004796}}
{"target": -13.758475825385375, "params": {"gamma": 489.61159907281115, "log10_alpha": 0.7242978419701833, "log10_colsample_bytree": -0.3632263606611944, "log10_eta": -3.8596441280221727, "log10_lambda": -0.6984351574676051, "log10_min_child_weight": 3.9715758824825116, "log10_subsample": -0.2298157836511866, "max_depth": 5.0, "num_boost_round": 39.0}, "datetime": {"datetime": "2024-01-19 01:20:01", "elapsed": 4105.233338, "delta": 0.004946}}
{"target": -13.758475081274497, "params": {"gamma": 489.61159907281115, "log10_alpha": 0.7242978419701833, "log10_colsample_bytree": -0.3632263606611944, "log10_eta": -3.8596441280221727, "log10_lambda": -0.6984351574676051, "log10_min_child_weight": 3.9715758824825116, "log10_subsample": -0.2298157836511866, "max_depth": 5.0, "num_boost_round": 40.0}, "datetime": {"datetime": "2024-01-19 01:20:01", "elapsed": 4105.238409, "delta": 0.005071}}
{"target": -13.758472772195358, "params": {"gamma": 489.61159907281115, "log10_alpha": 0.7242978419701833, "log10_colsample_bytree": -0.3632263606611944, "log10_eta": -3.8596441280221727, "log10_lambda": -0.6984351574676051, "log10_min_child_weight": 3.9715758824825116, "log10_subsample": -0.2298157836511866, "max_depth": 5.0, "num_boost_round": 41.0}, "datetime": {"datetime": "2024-01-19 01:20:01", "elapsed": 4105.243286, "delta": 0.004877}}
{"target": -13.758469369898883, "params": {"gamma": 489.61159907281115, "log10_alpha": 0.7242978419701833, "log10_colsample_bytree": -0.3632263606611944, "log10_eta": -3.8596441280221727, "log10_lambda": -0.6984351574676051, "log10_min_child_weight": 3.9715758824825116, "log10_subsample": -0.2298157836511866, "max_depth": 5.0, "num_boost_round": 42.0}, "datetime": {"datetime": "2024-01-19 01:20:01", "elapsed": 4105.248251, "delta": 0.004965}}
{"target": -13.758467834005788, "params": {"gamma": 489.61159907281115, "log10_alpha": 0.7242978419701833, "log10_colsample_bytree": -0.3632263606611944, "log10_eta": -3.8596441280221727, "log10_lambda": -0.6984351574676051, "log10_min_child_weight": 3.9715758824825116, "log10_subsample": -0.2298157836511866, "max_depth": 5.0, "num_boost_round": 43.0}, "datetime": {"datetime": "2024-01-19 01:20:01", "elapsed": 4105.253225, "delta": 0.004974}}
{"target": -13.75846560669127, "params": {"gamma": 489.61159907281115, "log10_alpha": 0.7242978419701833, "log10_colsample_bytree": -0.3632263606611944, "log10_eta": -3.8596441280221727, "log10_lambda": -0.6984351574676051, "log10_min_child_weight": 3.9715758824825116, "log10_subsample": -0.2298157836511866, "max_depth": 5.0, "num_boost_round": 44.0}, "datetime": {"datetime": "2024-01-19 01:20:01", "elapsed": 4105.258079, "delta": 0.004854}}
{"target": -13.758463456944089, "params": {"gamma": 489.61159907281115, "log10_alpha": 0.7242978419701833, "log10_colsample_bytree": -0.3632263606611944, "log10_eta": -3.8596441280221727, "log10_lambda": -0.6984351574676051, "log10_min_child_weight": 3.9715758824825116, "log10_subsample": -0.2298157836511866, "max_depth": 5.0, "num_boost_round": 45.0}, "datetime": {"datetime": "2024-01-19 01:20:01", "elapsed": 4105.263067, "delta": 0.004988}}
{"target": -13.758461458033985, "params": {"gamma": 489.61159907281115, "log10_alpha": 0.7242978419701833, "log10_colsample_bytree": -0.3632263606611944, "log10_eta": -3.8596441280221727, "log10_lambda": -0.6984351574676051, "log10_min_child_weight": 3.9715758824825116, "log10_subsample": -0.2298157836511866, "max_depth": 5.0, "num_boost_round": 46.0}, "datetime": {"datetime": "2024-01-19 01:20:01", "elapsed": 4105.26816, "delta": 0.005093}}
{"target": -13.75846142570395, "params": {"gamma": 489.61159907281115, "log10_alpha": 0.7242978419701833, "log10_colsample_bytree": -0.3632263606611944, "log10_eta": -3.8596441280221727, "log10_lambda": -0.6984351574676051, "log10_min_child_weight": 3.9715758824825116, "log10_subsample": -0.2298157836511866, "max_depth": 5.0, "num_boost_round": 47.0}, "datetime": {"datetime": "2024-01-19 01:20:01", "elapsed": 4105.273047, "delta": 0.004887}}
{"target": -13.758460413099785, "params": {"gamma": 489.61159907281115, "log10_alpha": 0.7242978419701833, "log10_colsample_bytree": -0.3632263606611944, "log10_eta": -3.8596441280221727, "log10_lambda": -0.6984351574676051, "log10_min_child_weight": 3.9715758824825116, "log10_subsample": -0.2298157836511866, "max_depth": 5.0, "num_boost_round": 48.0}, "datetime": {"datetime": "2024-01-19 01:20:01", "elapsed": 4105.277994, "delta": 0.004947}}
{"target": -13.758459134372446, "params": {"gamma": 489.61159907281115, "log10_alpha": 0.7242978419701833, "log10_colsample_bytree": -0.3632263606611944, "log10_eta": -3.8596441280221727, "log10_lambda": -0.6984351574676051, "log10_min_child_weight": 3.9715758824825116, "log10_subsample": -0.2298157836511866, "max_depth": 5.0, "num_boost_round": 49.0}, "datetime": {"datetime": "2024-01-19 01:20:01", "elapsed": 4105.282875, "delta": 0.004881}}
{"target": -13.758458251869886, "params": {"gamma": 489.61159907281115, "log10_alpha": 0.7242978419701833, "log10_colsample_bytree": -0.3632263606611944, "log10_eta": -3.8596441280221727, "log10_lambda": -0.6984351574676051, "log10_min_child_weight": 3.9715758824825116, "log10_subsample": -0.2298157836511866, "max_depth": 5.0, "num_boost_round": 50.0}, "datetime": {"datetime": "2024-01-19 01:20:01", "elapsed": 4105.287783, "delta": 0.004908}}
{"target": -13.758456927193977, "params": {"gamma": 489.61159907281115, "log10_alpha": 0.7242978419701833, "log10_colsample_bytree": -0.3632263606611944, "log10_eta": -3.8596441280221727, "log10_lambda": -0.6984351574676051, "log10_min_child_weight": 3.9715758824825116, "log10_subsample": -0.2298157836511866, "max_depth": 5.0, "num_boost_round": 51.0}, "datetime": {"datetime": "2024-01-19 01:20:01", "elapsed": 4105.292813, "delta": 0.00503}}
{"target": -13.758454186963057, "params": {"gamma": 489.61159907281115, "log10_alpha": 0.7242978419701833, "log10_colsample_bytree": -0.3632263606611944, "log10_eta": -3.8596441280221727, "log10_lambda": -0.6984351574676051, "log10_min_child_weight": 3.9715758824825116, "log10_subsample": -0.2298157836511866, "max_depth": 5.0, "num_boost_round": 52.0}, "datetime": {"datetime": "2024-01-19 01:20:01", "elapsed": 4105.297906, "delta": 0.005093}}
{"target": -13.758450600410958, "params": {"gamma": 489.61159907281115, "log10_alpha": 0.7242978419701833, "log10_colsample_bytree": -0.3632263606611944, "log10_eta": -3.8596441280221727, "log10_lambda": -0.6984351574676051, "log10_min_child_weight": 3.9715758824825116, "log10_subsample": -0.2298157836511866, "max_depth": 5.0, "num_boost_round": 53.0}, "datetime": {"datetime": "2024-01-19 01:20:01", "elapsed": 4105.302802, "delta": 0.004896}}
{"target": -13.758446389467455, "params": {"gamma": 489.61159907281115, "log10_alpha": 0.7242978419701833, "log10_colsample_bytree": -0.3632263606611944, "log10_eta": -3.8596441280221727, "log10_lambda": -0.6984351574676051, "log10_min_child_weight": 3.9715758824825116, "log10_subsample": -0.2298157836511866, "max_depth": 5.0, "num_boost_round": 54.0}, "datetime": {"datetime": "2024-01-19 01:20:01", "elapsed": 4105.307692, "delta": 0.00489}}
{"target": -13.758442850873122, "params": {"gamma": 489.61159907281115, "log10_alpha": 0.7242978419701833, "log10_colsample_bytree": -0.3632263606611944, "log10_eta": -3.8596441280221727, "log10_lambda": -0.6984351574676051, "log10_min_child_weight": 3.9715758824825116, "log10_subsample": -0.2298157836511866, "max_depth": 5.0, "num_boost_round": 55.0}, "datetime": {"datetime": "2024-01-19 01:20:01", "elapsed": 4105.312618, "delta": 0.004926}}
{"target": -13.758439064715711, "params": {"gamma": 489.61159907281115, "log10_alpha": 0.7242978419701833, "log10_colsample_bytree": -0.3632263606611944, "log10_eta": -3.8596441280221727, "log10_lambda": -0.6984351574676051, "log10_min_child_weight": 3.9715758824825116, "log10_subsample": -0.2298157836511866, "max_depth": 5.0, "num_boost_round": 56.0}, "datetime": {"datetime": "2024-01-19 01:20:01", "elapsed": 4105.317571, "delta": 0.004953}}
{"target": -13.758435677413951, "params": {"gamma": 489.61159907281115, "log10_alpha": 0.7242978419701833, "log10_colsample_bytree": -0.3632263606611944, "log10_eta": -3.8596441280221727, "log10_lambda": -0.6984351574676051, "log10_min_child_weight": 3.9715758824825116, "log10_subsample": -0.2298157836511866, "max_depth": 5.0, "num_boost_round": 57.0}, "datetime": {"datetime": "2024-01-19 01:20:01", "elapsed": 4105.322642, "delta": 0.005071}}
{"target": -13.758435042367825, "params": {"gamma": 489.61159907281115, "log10_alpha": 0.7242978419701833, "log10_colsample_bytree": -0.3632263606611944, "log10_eta": -3.8596441280221727, "log10_lambda": -0.6984351574676051, "log10_min_child_weight": 3.9715758824825116, "log10_subsample": -0.2298157836511866, "max_depth": 5.0, "num_boost_round": 58.0}, "datetime": {"datetime": "2024-01-19 01:20:01", "elapsed": 4105.327827, "delta": 0.005185}}
{"target": -13.758430710943209, "params": {"gamma": 489.61159907281115, "log10_alpha": 0.7242978419701833, "log10_colsample_bytree": -0.3632263606611944, "log10_eta": -3.8596441280221727, "log10_lambda": -0.6984351574676051, "log10_min_child_weight": 3.9715758824825116, "log10_subsample": -0.2298157836511866, "max_depth": 5.0, "num_boost_round": 59.0}, "datetime": {"datetime": "2024-01-19 01:20:01", "elapsed": 4105.333681, "delta": 0.005854}}
{"target": -13.758429001202174, "params": {"gamma": 489.61159907281115, "log10_alpha": 0.7242978419701833, "log10_colsample_bytree": -0.3632263606611944, "log10_eta": -3.8596441280221727, "log10_lambda": -0.6984351574676051, "log10_min_child_weight": 3.9715758824825116, "log10_subsample": -0.2298157836511866, "max_depth": 5.0, "num_boost_round": 60.0}, "datetime": {"datetime": "2024-01-19 01:20:01", "elapsed": 4105.338857, "delta": 0.005176}}
{"target": -13.758426396991736, "params": {"gamma": 489.61159907281115, "log10_alpha": 0.7242978419701833, "log10_colsample_bytree": -0.3632263606611944, "log10_eta": -3.8596441280221727, "log10_lambda": -0.6984351574676051, "log10_min_child_weight": 3.9715758824825116, "log10_subsample": -0.2298157836511866, "max_depth": 5.0, "num_boost_round": 61.0}, "datetime": {"datetime": "2024-01-19 01:20:01", "elapsed": 4105.343996, "delta": 0.005139}}
{"target": -13.75853683686815, "params": {"gamma": 489.3530459538625, "log10_alpha": -1.2577753742745985, "log10_colsample_bytree": -0.8938787532186456, "log10_eta": -4.0, "log10_lambda": 0.3114068302272288, "log10_min_child_weight": 1.88975993068694, "log10_subsample": -1.0, "max_depth": 10.0, "num_boost_round": 0.0}, "datetime": {"datetime": "2024-01-19 01:21:50", "elapsed": 4214.418955, "delta": 109.074959}}
{"target": -13.75853706825445, "params": {"gamma": 489.3530459538625, "log10_alpha": -1.2577753742745985, "log10_colsample_bytree": -0.8938787532186456, "log10_eta": -4.0, "log10_lambda": 0.3114068302272288, "log10_min_child_weight": 1.88975993068694, "log10_subsample": -1.0, "max_depth": 10.0, "num_boost_round": 1.0}, "datetime": {"datetime": "2024-01-19 01:21:50", "elapsed": 4214.424424, "delta": 0.005469}}
{"target": -13.758536460120691, "params": {"gamma": 489.3530459538625, "log10_alpha": -1.2577753742745985, "log10_colsample_bytree": -0.8938787532186456, "log10_eta": -4.0, "log10_lambda": 0.3114068302272288, "log10_min_child_weight": 1.88975993068694, "log10_subsample": -1.0, "max_depth": 10.0, "num_boost_round": 2.0}, "datetime": {"datetime": "2024-01-19 01:21:50", "elapsed": 4214.429704, "delta": 0.00528}}
{"target": -13.758534283700673, "params": {"gamma": 489.3530459538625, "log10_alpha": -1.2577753742745985, "log10_colsample_bytree": -0.8938787532186456, "log10_eta": -4.0, "log10_lambda": 0.3114068302272288, "log10_min_child_weight": 1.88975993068694, "log10_subsample": -1.0, "max_depth": 10.0, "num_boost_round": 3.0}, "datetime": {"datetime": "2024-01-19 01:21:50", "elapsed": 4214.434659, "delta": 0.004955}}
{"target": -13.758530675674232, "params": {"gamma": 489.3530459538625, "log10_alpha": -1.2577753742745985, "log10_colsample_bytree": -0.8938787532186456, "log10_eta": -4.0, "log10_lambda": 0.3114068302272288, "log10_min_child_weight": 1.88975993068694, "log10_subsample": -1.0, "max_depth": 10.0, "num_boost_round": 4.0}, "datetime": {"datetime": "2024-01-19 01:21:50", "elapsed": 4214.439616, "delta": 0.004957}}
{"target": -13.75852768405336, "params": {"gamma": 489.3530459538625, "log10_alpha": -1.2577753742745985, "log10_colsample_bytree": -0.8938787532186456, "log10_eta": -4.0, "log10_lambda": 0.3114068302272288, "log10_min_child_weight": 1.88975993068694, "log10_subsample": -1.0, "max_depth": 10.0, "num_boost_round": 5.0}, "datetime": {"datetime": "2024-01-19 01:21:50", "elapsed": 4214.444519, "delta": 0.004903}}
{"target": -13.758530482091334, "params": {"gamma": 489.3530459538625, "log10_alpha": -1.2577753742745985, "log10_colsample_bytree": -0.8938787532186456, "log10_eta": -4.0, "log10_lambda": 0.3114068302272288, "log10_min_child_weight": 1.88975993068694, "log10_subsample": -1.0, "max_depth": 10.0, "num_boost_round": 6.0}, "datetime": {"datetime": "2024-01-19 01:21:50", "elapsed": 4214.449416, "delta": 0.004897}}
{"target": -13.7585239049644, "params": {"gamma": 489.3530459538625, "log10_alpha": -1.2577753742745985, "log10_colsample_bytree": -0.8938787532186456, "log10_eta": -4.0, "log10_lambda": 0.3114068302272288, "log10_min_child_weight": 1.88975993068694, "log10_subsample": -1.0, "max_depth": 10.0, "num_boost_round": 7.0}, "datetime": {"datetime": "2024-01-19 01:21:50", "elapsed": 4214.454392, "delta": 0.004976}}
{"target": -13.758520899393034, "params": {"gamma": 489.3530459538625, "log10_alpha": -1.2577753742745985, "log10_colsample_bytree": -0.8938787532186456, "log10_eta": -4.0, "log10_lambda": 0.3114068302272288, "log10_min_child_weight": 1.88975993068694, "log10_subsample": -1.0, "max_depth": 10.0, "num_boost_round": 8.0}, "datetime": {"datetime": "2024-01-19 01:21:50", "elapsed": 4214.459506, "delta": 0.005114}}
{"target": -13.75851892996407, "params": {"gamma": 489.3530459538625, "log10_alpha": -1.2577753742745985, "log10_colsample_bytree": -0.8938787532186456, "log10_eta": -4.0, "log10_lambda": 0.3114068302272288, "log10_min_child_weight": 1.88975993068694, "log10_subsample": -1.0, "max_depth": 10.0, "num_boost_round": 9.0}, "datetime": {"datetime": "2024-01-19 01:21:50", "elapsed": 4214.464416, "delta": 0.00491}}
{"target": -13.758517446693357, "params": {"gamma": 489.3530459538625, "log10_alpha": -1.2577753742745985, "log10_colsample_bytree": -0.8938787532186456, "log10_eta": -4.0, "log10_lambda": 0.3114068302272288, "log10_min_child_weight": 1.88975993068694, "log10_subsample": -1.0, "max_depth": 10.0, "num_boost_round": 10.0}, "datetime": {"datetime": "2024-01-19 01:21:50", "elapsed": 4214.469359, "delta": 0.004943}}
{"target": -13.75851640242376, "params": {"gamma": 489.3530459538625, "log10_alpha": -1.2577753742745985, "log10_colsample_bytree": -0.8938787532186456, "log10_eta": -4.0, "log10_lambda": 0.3114068302272288, "log10_min_child_weight": 1.88975993068694, "log10_subsample": -1.0, "max_depth": 10.0, "num_boost_round": 11.0}, "datetime": {"datetime": "2024-01-19 01:21:50", "elapsed": 4214.47427, "delta": 0.004911}}
{"target": -13.758515607483384, "params": {"gamma": 489.3530459538625, "log10_alpha": -1.2577753742745985, "log10_colsample_bytree": -0.8938787532186456, "log10_eta": -4.0, "log10_lambda": 0.3114068302272288, "log10_min_child_weight": 1.88975993068694, "log10_subsample": -1.0, "max_depth": 10.0, "num_boost_round": 12.0}, "datetime": {"datetime": "2024-01-19 01:21:50", "elapsed": 4214.479263, "delta": 0.004993}}
{"target": -13.758509257532891, "params": {"gamma": 489.3530459538625, "log10_alpha": -1.2577753742745985, "log10_colsample_bytree": -0.8938787532186456, "log10_eta": -4.0, "log10_lambda": 0.3114068302272288, "log10_min_child_weight": 1.88975993068694, "log10_subsample": -1.0, "max_depth": 10.0, "num_boost_round": 13.0}, "datetime": {"datetime": "2024-01-19 01:21:50", "elapsed": 4214.484309, "delta": 0.005046}}
{"target": -13.758507615672118, "params": {"gamma": 489.3530459538625, "log10_alpha": -1.2577753742745985, "log10_colsample_bytree": -0.8938787532186456, "log10_eta": -4.0, "log10_lambda": 0.3114068302272288, "log10_min_child_weight": 1.88975993068694, "log10_subsample": -1.0, "max_depth": 10.0, "num_boost_round": 14.0}, "datetime": {"datetime": "2024-01-19 01:21:50", "elapsed": 4214.489459, "delta": 0.00515}}
{"target": -13.75849798023853, "params": {"gamma": 489.3530459538625, "log10_alpha": -1.2577753742745985, "log10_colsample_bytree": -0.8938787532186456, "log10_eta": -4.0, "log10_lambda": 0.3114068302272288, "log10_min_child_weight": 1.88975993068694, "log10_subsample": -1.0, "max_depth": 10.0, "num_boost_round": 15.0}, "datetime": {"datetime": "2024-01-19 01:21:50", "elapsed": 4214.49439, "delta": 0.004931}}
{"target": -13.758497693510558, "params": {"gamma": 489.3530459538625, "log10_alpha": -1.2577753742745985, "log10_colsample_bytree": -0.8938787532186456, "log10_eta": -4.0, "log10_lambda": 0.3114068302272288, "log10_min_child_weight": 1.88975993068694, "log10_subsample": -1.0, "max_depth": 10.0, "num_boost_round": 16.0}, "datetime": {"datetime": "2024-01-19 01:21:50", "elapsed": 4214.499383, "delta": 0.004993}}
{"target": -13.758494362144335, "params": {"gamma": 489.3530459538625, "log10_alpha": -1.2577753742745985, "log10_colsample_bytree": -0.8938787532186456, "log10_eta": -4.0, "log10_lambda": 0.3114068302272288, "log10_min_child_weight": 1.88975993068694, "log10_subsample": -1.0, "max_depth": 10.0, "num_boost_round": 17.0}, "datetime": {"datetime": "2024-01-19 01:21:50", "elapsed": 4214.504333, "delta": 0.00495}}
{"target": -13.758495101869954, "params": {"gamma": 489.3530459538625, "log10_alpha": -1.2577753742745985, "log10_colsample_bytree": -0.8938787532186456, "log10_eta": -4.0, "log10_lambda": 0.3114068302272288, "log10_min_child_weight": 1.88975993068694, "log10_subsample": -1.0, "max_depth": 10.0, "num_boost_round": 18.0}, "datetime": {"datetime": "2024-01-19 01:21:50", "elapsed": 4214.509248, "delta": 0.004915}}
{"target": -13.75848951191169, "params": {"gamma": 489.3530459538625, "log10_alpha": -1.2577753742745985, "log10_colsample_bytree": -0.8938787532186456, "log10_eta": -4.0, "log10_lambda": 0.3114068302272288, "log10_min_child_weight": 1.88975993068694, "log10_subsample": -1.0, "max_depth": 10.0, "num_boost_round": 19.0}, "datetime": {"datetime": "2024-01-19 01:21:50", "elapsed": 4214.514206, "delta": 0.004958}}
