{"target": -17.677116870034876, "params": {"gamma": 840.5776583494969, "log10_alpha": -0.40733941010436503, "log10_colsample_bytree": -0.2996923499122467, "log10_eta": -3.7570677787958804, "log10_lambda": -2.6148661991719147, "log10_min_child_weight": 2.541599756458531, "log10_subsample": -0.8356720386652722, "max_depth": 9.0, "num_boost_round": 23.0}, "datetime": {"datetime": "2024-01-19 01:07:03", "elapsed": 3307.825804, "delta": 0.004766}}
{"target": -17.677110414583066, "params": {"gamma": 840.5776583494969, "log10_alpha": -0.40733941010436503, "log10_colsample_bytree": -0.2996923499122467, "log10_eta": -3.7570677787958804, "log10_lambda": -2.6148661991719147, "log10_min_child_weight": 2.541599756458531, "log10_subsample": -0.8356720386652722, "max_depth": 9.0, "num_boost_round": 24.0}, "datetime": {"datetime": "2024-01-19 01:07:03", "elapsed": 3307.830432, "delta": 0.004628}}
{"target": -17.677098276097432, "params": {"gamma": 840.5776583494969, "log10_alpha": -0.40733941010436503, "log10_colsample_bytree": -0.2996923499122467, "log10_eta": -3.7570677787958804, "log10_lambda": -2.6148661991719147, "log10_min_child_weight": 2.541599756458531, "log10_subsample": -0.8356720386652722, "max_depth": 9.0, "num_boost_round": 25.0}, "datetime": {"datetime": "2024-01-19 01:07:03", "elapsed": 3307.834926, "delta": 0.004494}}
{"target": -17.677092265581084, "params": {"gamma": 840.5776583494969, "log10_alpha": -0.40733941010436503, "log10_colsample_bytree": -0.2996923499122467, "log10_eta": -3.7570677787958804, "log10_lambda": -2.6148661991719147, "log10_min_child_weight": 2.541599756458531, "log10_subsample": -0.8356720386652722, "max_depth": 9.0, "num_boost_round": 26.0}, "datetime": {"datetime": "2024-01-19 01:07:03", "elapsed": 3307.83924, "delta": 0.004314}}
{"target": -17.677091825483032, "params": {"gamma": 840.5776583494969, "log10_alpha": -0.40733941010436503, "log10_colsample_bytree": -0.2996923499122467, "log10_eta": -3.7570677787958804, "log10_lambda": -2.6148661991719147, "log10_min_child_weight": 2.541599756458531, "log10_subsample": -0.8356720386652722, "max_depth": 9.0, "num_boost_round": 27.0}, "datetime": {"datetime": "2024-01-19 01:07:03", "elapsed": 3307.843501, "delta": 0.004261}}
{"target": -17.677091118921563, "params": {"gamma": 840.5776583494969, "log10_alpha": -0.40733941010436503, "log10_colsample_bytree": -0.2996923499122467, "log10_eta": -3.7570677787958804, "log10_lambda": -2.6148661991719147, "log10_min_child_weight": 2.541599756458531, "log10_subsample": -0.8356720386652722, "max_depth": 9.0, "num_boost_round": 28.0}, "datetime": {"datetime": "2024-01-19 01:07:03", "elapsed": 3307.847723, "delta": 0.004222}}
{"target": -17.677084136702632, "params": {"gamma": 840.5776583494969, "log10_alpha": -0.40733941010436503, "log10_colsample_bytree": -0.2996923499122467, "log10_eta": -3.7570677787958804, "log10_lambda": -2.6148661991719147, "log10_min_child_weight": 2.541599756458531, "log10_subsample": -0.8356720386652722, "max_depth": 9.0, "num_boost_round": 29.0}, "datetime": {"datetime": "2024-01-19 01:07:03", "elapsed": 3307.851917, "delta": 0.004194}}
{"target": -17.677076786768513, "params": {"gamma": 840.5776583494969, "log10_alpha": -0.40733941010436503, "log10_colsample_bytree": -0.2996923499122467, "log10_eta": -3.7570677787958804, "log10_lambda": -2.6148661991719147, "log10_min_child_weight": 2.541599756458531, "log10_subsample": -0.8356720386652722, "max_depth": 9.0, "num_boost_round": 30.0}, "datetime": {"datetime": "2024-01-19 01:07:03", "elapsed": 3307.856247, "delta": 0.00433}}
{"target": -17.67707788515294, "params": {"gamma": 840.5776583494969, "log10_alpha": -0.40733941010436503, "log10_colsample_bytree": -0.2996923499122467, "log10_eta": -3.7570677787958804, "log10_lambda": -2.6148661991719147, "log10_min_child_weight": 2.541599756458531, "log10_subsample": -0.8356720386652722, "max_depth": 9.0, "num_boost_round": 31.0}, "datetime": {"datetime": "2024-01-19 01:07:03", "elapsed": 3307.860518, "delta": 0.004271}}
{"target": -17.6770682810795, "params": {"gamma": 840.5776583494969, "log10_alpha": -0.40733941010436503, "log10_colsample_bytree": -0.2996923499122467, "log10_eta": -3.7570677787958804, "log10_lambda": -2.6148661991719147, "log10_min_child_weight": 2.541599756458531, "log10_subsample": -0.8356720386652722, "max_depth": 9.0, "num_boost_round": 32.0}, "datetime": {"datetime": "2024-01-19 01:07:03", "elapsed": 3307.868666, "delta": 0.008148}}
{"target": -17.67705769004847, "params": {"gamma": 840.5776583494969, "log10_alpha": -0.40733941010436503, "log10_colsample_bytree": -0.2996923499122467, "log10_eta": -3.7570677787958804, "log10_lambda": -2.6148661991719147, "log10_min_child_weight": 2.541599756458531, "log10_subsample": -0.8356720386652722, "max_depth": 9.0, "num_boost_round": 33.0}, "datetime": {"datetime": "2024-01-19 01:07:03", "elapsed": 3307.872854, "delta": 0.004188}}
{"target": -17.67704986140399, "params": {"gamma": 840.5776583494969, "log10_alpha": -0.40733941010436503, "log10_colsample_bytree": -0.2996923499122467, "log10_eta": -3.7570677787958804, "log10_lambda": -2.6148661991719147, "log10_min_child_weight": 2.541599756458531, "log10_subsample": -0.8356720386652722, "max_depth": 9.0, "num_boost_round": 34.0}, "datetime": {"datetime": "2024-01-19 01:07:03", "elapsed": 3307.877085, "delta": 0.004231}}
{"target": -17.67704346183943, "params": {"gamma": 840.5776583494969, "log10_alpha": -0.40733941010436503, "log10_colsample_bytree": -0.2996923499122467, "log10_eta": -3.7570677787958804, "log10_lambda": -2.6148661991719147, "log10_min_child_weight": 2.541599756458531, "log10_subsample": -0.8356720386652722, "max_depth": 9.0, "num_boost_round": 35.0}, "datetime": {"datetime": "2024-01-19 01:07:03", "elapsed": 3307.881438, "delta": 0.004353}}
{"target": -17.677036302110977, "params": {"gamma": 840.5776583494969, "log10_alpha": -0.40733941010436503, "log10_colsample_bytree": -0.2996923499122467, "log10_eta": -3.7570677787958804, "log10_lambda": -2.6148661991719147, "log10_min_child_weight": 2.541599756458531, "log10_subsample": -0.8356720386652722, "max_depth": 9.0, "num_boost_round": 36.0}, "datetime": {"datetime": "2024-01-19 01:07:03", "elapsed": 3307.885673, "delta": 0.004235}}
{"target": -17.67702898422352, "params": {"gamma": 840.5776583494969, "log10_alpha": -0.40733941010436503, "log10_colsample_bytree": -0.2996923499122467, "log10_eta": -3.7570677787958804, "log10_lambda": -2.6148661991719147, "log10_min_child_weight": 2.541599756458531, "log10_subsample": -0.8356720386652722, "max_depth": 9.0, "num_boost_round": 37.0}, "datetime": {"datetime": "2024-01-19 01:07:03", "elapsed": 3307.890149, "delta": 0.004476}}
{"target": -17.677017777243623, "params": {"gamma": 840.5776583494969, "log10_alpha": -0.40733941010436503, "log10_colsample_bytree": -0.2996923499122467, "log10_eta": -3.7570677787958804, "log10_lambda": -2.6148661991719147, "log10_min_child_weight": 2.541599756458531, "log10_subsample": -0.8356720386652722, "max_depth": 9.0, "num_boost_round": 38.0}, "datetime": {"datetime": "2024-01-19 01:07:03", "elapsed": 3307.894586, "delta": 0.004437}}
{"target": -17.677011607614826, "params": {"gamma": 840.5776583494969, "log10_alpha": -0.40733941010436503, "log10_colsample_bytree": -0.2996923499122467, "log10_eta": -3.7570677787958804, "log10_lambda": -2.6148661991719147, "log10_min_child_weight": 2.541599756458531, "log10_subsample": -0.8356720386652722, "max_depth": 9.0, "num_boost_round": 39.0}, "datetime": {"datetime": "2024-01-19 01:07:03", "elapsed": 3307.898899, "delta": 0.004313}}
{"target": -17.677001393068355, "params": {"gamma": 840.5776583494969, "log10_alpha": -0.40733941010436503, "log10_colsample_bytree": -0.2996923499122467, "log10_eta": -3.7570677787958804, "log10_lambda": -2.6148661991719147, "log10_min_child_weight": 2.541599756458531, "log10_subsample": -0.8356720386652722, "max_depth": 9.0, "num_boost_round": 40.0}, "datetime": {"datetime": "2024-01-19 01:07:03", "elapsed": 3307.903095, "delta": 0.004196}}
{"target": -17.676984262141758, "params": {"gamma": 840.5776583494969, "log10_alpha": -0.40733941010436503, "log10_colsample_bytree": -0.2996923499122467, "log10_eta": -3.7570677787958804, "log10_lambda": -2.6148661991719147, "log10_min_child_weight": 2.541599756458531, "log10_subsample": -0.8356720386652722, "max_depth": 9.0, "num_boost_round": 41.0}, "datetime": {"datetime": "2024-01-19 01:07:03", "elapsed": 3307.907335, "delta": 0.00424}}
{"target": -17.676978739557722, "params": {"gamma": 840.5776583494969, "log10_alpha": -0.40733941010436503, "log10_colsample_bytree": -0.2996923499122467, "log10_eta": -3.7570677787958804, "log10_lambda": -2.6148661991719147, "log10_min_child_weight": 2.541599756458531, "log10_subsample": -0.8356720386652722, "max_depth": 9.0, "num_boost_round": 42.0}, "datetime": {"datetime": "2024-01-19 01:07:03", "elapsed": 3307.911773, "delta": 0.004438}}
{"target": -17.676975240476064, "params": {"gamma": 840.5776583494969, "log10_alpha": -0.40733941010436503, "log10_colsample_bytree": -0.2996923499122467, "log10_eta": -3.7570677787958804, "log10_lambda": -2.6148661991719147, "log10_min_child_weight": 2.541599756458531, "log10_subsample": -0.8356720386652722, "max_depth": 9.0, "num_boost_round": 43.0}, "datetime": {"datetime": "2024-01-19 01:07:03", "elapsed": 3307.916039, "delta": 0.004266}}
{"target": -17.676971137369026, "params": {"gamma": 840.5776583494969, "log10_alpha": -0.40733941010436503, "log10_colsample_bytree": -0.2996923499122467, "log10_eta": -3.7570677787958804, "log10_lambda": -2.6148661991719147, "log10_min_child_weight": 2.541599756458531, "log10_subsample": -0.8356720386652722, "max_depth": 9.0, "num_boost_round": 44.0}, "datetime": {"datetime": "2024-01-19 01:07:03", "elapsed": 3307.920445, "delta": 0.004406}}
{"target": -17.677224004101227, "params": {"gamma": 828.3401353266738, "log10_alpha": -2.2487103241168445, "log10_colsample_bytree": -0.9242135692863348, "log10_eta": -3.4584822990046926, "log10_lambda": -0.38154793445481694, "log10_min_child_weight": 3.592428322437089, "log10_subsample": -0.9276716292158755, "max_depth": 8.0, "num_boost_round": 0.0}, "datetime": {"datetime": "2024-01-19 01:08:27", "elapsed": 3391.985913, "delta": 84.065468}}
{"target": -17.67721686487977, "params": {"gamma": 828.3401353266738, "log10_alpha": -2.2487103241168445, "log10_colsample_bytree": -0.9242135692863348, "log10_eta": -3.4584822990046926, "log10_lambda": -0.38154793445481694, "log10_min_child_weight": 3.592428322437089, "log10_subsample": -0.9276716292158755, "max_depth": 8.0, "num_boost_round": 1.0}, "datetime": {"datetime": "2024-01-19 01:08:27", "elapsed": 3391.991044, "delta": 0.005131}}
{"target": -17.677214356506187, "params": {"gamma": 828.3401353266738, "log10_alpha": -2.2487103241168445, "log10_colsample_bytree": -0.9242135692863348, "log10_eta": -3.4584822990046926, "log10_lambda": -0.38154793445481694, "log10_min_child_weight": 3.592428322437089, "log10_subsample": -0.9276716292158755, "max_depth": 8.0, "num_boost_round": 2.0}, "datetime": {"datetime": "2024-01-19 01:08:27", "elapsed": 3391.996076, "delta": 0.005032}}
{"target": -17.677208398494717, "params": {"gamma": 828.3401353266738, "log10_alpha": -2.2487103241168445, "log10_colsample_bytree": -0.9242135692863348, "log10_eta": -3.4584822990046926, "log10_lambda": -0.38154793445481694, "log10_min_child_weight": 3.592428322437089, "log10_subsample": -0.9276716292158755, "max_depth": 8.0, "num_boost_round": 3.0}, "datetime": {"datetime": "2024-01-19 01:08:27", "elapsed": 3392.000617, "delta": 0.004541}}
{"target": -17.677202380712355, "params": {"gamma": 828.3401353266738, "log10_alpha": -2.2487103241168445, "log10_colsample_bytree": -0.9242135692863348, "log10_eta": -3.4584822990046926, "log10_lambda": -0.38154793445481694, "log10_min_child_weight": 3.592428322437089, "log10_subsample": -0.9276716292158755, "max_depth": 8.0, "num_boost_round": 4.0}, "datetime": {"datetime": "2024-01-19 01:08:27", "elapsed": 3392.004807, "delta": 0.00419}}
{"target": -17.67720404855812, "params": {"gamma": 828.3401353266738, "log10_alpha": -2.2487103241168445, "log10_colsample_bytree": -0.9242135692863348, "log10_eta": -3.4584822990046926, "log10_lambda": -0.38154793445481694, "log10_min_child_weight": 3.592428322437089, "log10_subsample": -0.9276716292158755, "max_depth": 8.0, "num_boost_round": 5.0}, "datetime": {"datetime": "2024-01-19 01:08:27", "elapsed": 3392.009115, "delta": 0.004308}}
{"target": -17.677208458527776, "params": {"gamma": 828.3401353266738, "log10_alpha": -2.2487103241168445, "log10_colsample_bytree": -0.9242135692863348, "log10_eta": -3.4584822990046926, "log10_lambda": -0.38154793445481694, "log10_min_child_weight": 3.592428322437089, "log10_subsample": -0.9276716292158755, "max_depth": 8.0, "num_boost_round": 6.0}, "datetime": {"datetime": "2024-01-19 01:08:27", "elapsed": 3392.013431, "delta": 0.004316}}
{"target": -17.677196993106076, "params": {"gamma": 828.3401353266738, "log10_alpha": -2.2487103241168445, "log10_colsample_bytree": -0.9242135692863348, "log10_eta": -3.4584822990046926, "log10_lambda": -0.38154793445481694, "log10_min_child_weight": 3.592428322437089, "log10_subsample": -0.9276716292158755, "max_depth": 8.0, "num_boost_round": 7.0}, "datetime": {"datetime": "2024-01-19 01:08:27", "elapsed": 3392.017667, "delta": 0.004236}}
{"target": -17.677194162003758, "params": {"gamma": 828.3401353266738, "log10_alpha": -2.2487103241168445, "log10_colsample_bytree": -0.9242135692863348, "log10_eta": -3.4584822990046926, "log10_lambda": -0.38154793445481694, "log10_min_child_weight": 3.592428322437089, "log10_subsample": -0.9276716292158755, "max_depth": 8.0, "num_boost_round": 8.0}, "datetime": {"datetime": "2024-01-19 01:08:27", "elapsed": 3392.021911, "delta": 0.004244}}
{"target": -17.677196384344118, "params": {"gamma": 828.3401353266738, "log10_alpha": -2.2487103241168445, "log10_colsample_bytree": -0.9242135692863348, "log10_eta": -3.4584822990046926, "log10_lambda": -0.38154793445481694, "log10_min_child_weight": 3.592428322437089, "log10_subsample": -0.9276716292158755, "max_depth": 8.0, "num_boost_round": 9.0}, "datetime": {"datetime": "2024-01-19 01:08:27", "elapsed": 3392.026225, "delta": 0.004314}}
{"target": -17.677193381684237, "params": {"gamma": 828.3401353266738, "log10_alpha": -2.2487103241168445, "log10_colsample_bytree": -0.9242135692863348, "log10_eta": -3.4584822990046926, "log10_lambda": -0.38154793445481694, "log10_min_child_weight": 3.592428322437089, "log10_subsample": -0.9276716292158755, "max_depth": 8.0, "num_boost_round": 10.0}, "datetime": {"datetime": "2024-01-19 01:08:27", "elapsed": 3392.030435, "delta": 0.00421}}
{"target": -17.677185436837906, "params": {"gamma": 828.3401353266738, "log10_alpha": -2.2487103241168445, "log10_colsample_bytree": -0.9242135692863348, "log10_eta": -3.4584822990046926, "log10_lambda": -0.38154793445481694, "log10_min_child_weight": 3.592428322437089, "log10_subsample": -0.9276716292158755, "max_depth": 8.0, "num_boost_round": 11.0}, "datetime": {"datetime": "2024-01-19 01:08:27", "elapsed": 3392.034599, "delta": 0.004164}}
{"target": -17.677185398987103, "params": {"gamma": 828.3401353266738, "log10_alpha": -2.2487103241168445, "log10_colsample_bytree": -0.9242135692863348, "log10_eta": -3.4584822990046926, "log10_lambda": -0.38154793445481694, "log10_min_child_weight": 3.592428322437089, "log10_subsample": -0.9276716292158755, "max_depth": 8.0, "num_boost_round": 12.0}, "datetime": {"datetime": "2024-01-19 01:08:27", "elapsed": 3392.039013, "delta": 0.004414}}
{"target": -17.67717356278079, "params": {"gamma": 828.3401353266738, "log10_alpha": -2.2487103241168445, "log10_colsample_bytree": -0.9242135692863348, "log10_eta": -3.4584822990046926, "log10_lambda": -0.38154793445481694, "log10_min_child_weight": 3.592428322437089, "log10_subsample": -0.9276716292158755, "max_depth": 8.0, "num_boost_round": 13.0}, "datetime": {"datetime": "2024-01-19 01:08:27", "elapsed": 3392.168111, "delta": 0.129098}}
{"target": -17.677170093265094, "params": {"gamma": 828.3401353266738, "log10_alpha": -2.2487103241168445, "log10_colsample_bytree": -0.9242135692863348, "log10_eta": -3.4584822990046926, "log10_lambda": -0.38154793445481694, "log10_min_child_weight": 3.592428322437089, "log10_subsample": -0.9276716292158755, "max_depth": 8.0, "num_boost_round": 14.0}, "datetime": {"datetime": "2024-01-19 01:08:27", "elapsed": 3392.173524, "delta": 0.005413}}
{"target": -17.677166136601667, "params": {"gamma": 828.3401353266738, "log10_alpha": -2.2487103241168445, "log10_colsample_bytree": -0.9242135692863348, "log10_eta": -3.4584822990046926, "log10_lambda": -0.38154793445481694, "log10_min_child_weight": 3.592428322437089, "log10_subsample": -0.9276716292158755, "max_depth": 8.0, "num_boost_round": 15.0}, "datetime": {"datetime": "2024-01-19 01:08:27", "elapsed": 3392.178431, "delta": 0.004907}}
{"target": -17.67716284020947, "params": {"gamma": 828.3401353266738, "log10_alpha": -2.2487103241168445, "log10_colsample_bytree": -0.9242135692863348, "log10_eta": -3.4584822990046926, "log10_lambda": -0.38154793445481694, "log10_min_child_weight": 3.592428322437089, "log10_subsample": -0.9276716292158755, "max_depth": 8.0, "num_boost_round": 16.0}, "datetime": {"datetime": "2024-01-19 01:08:27", "elapsed": 3392.183086, "delta": 0.004655}}
{"target": -17.67715989450219, "params": {"gamma": 828.3401353266738, "log10_alpha": -2.2487103241168445, "log10_colsample_bytree": -0.9242135692863348, "log10_eta": -3.4584822990046926, "log10_lambda": -0.38154793445481694, "log10_min_child_weight": 3.592428322437089, "log10_subsample": -0.9276716292158755, "max_depth": 8.0, "num_boost_round": 17.0}, "datetime": {"datetime": "2024-01-19 01:08:27", "elapsed": 3392.187706, "delta": 0.00462}}
{"target": -17.67715375039568, "params": {"gamma": 828.3401353266738, "log10_alpha": -2.2487103241168445, "log10_colsample_bytree": -0.9242135692863348, "log10_eta": -3.4584822990046926, "log10_lambda": -0.38154793445481694, "log10_min_child_weight": 3.592428322437089, "log10_subsample": -0.9276716292158755, "max_depth": 8.0, "num_boost_round": 18.0}, "datetime": {"datetime": "2024-01-19 01:08:27", "elapsed": 3392.192814, "delta": 0.005108}}
{"target": -17.67714698045145, "params": {"gamma": 828.3401353266738, "log10_alpha": -2.2487103241168445, "log10_colsample_bytree": -0.9242135692863348, "log10_eta": -3.4584822990046926, "log10_lambda": -0.38154793445481694, "log10_min_child_weight": 3.592428322437089, "log10_subsample": -0.9276716292158755, "max_depth": 8.0, "num_boost_round": 19.0}, "datetime": {"datetime": "2024-01-19 01:08:27", "elapsed": 3392.197629, "delta": 0.004815}}
{"target": -17.677139262138315, "params": {"gamma": 828.3401353266738, "log10_alpha": -2.2487103241168445, "log10_colsample_bytree": -0.9242135692863348, "log10_eta": -3.4584822990046926, "log10_lambda": -0.38154793445481694, "log10_min_child_weight": 3.592428322437089, "log10_subsample": -0.9276716292158755, "max_depth": 8.0, "num_boost_round": 20.0}, "datetime": {"datetime": "2024-01-19 01:08:27", "elapsed": 3392.202404, "delta": 0.004775}}
{"target": -17.67713973208584, "params": {"gamma": 828.3401353266738, "log10_alpha": -2.2487103241168445, "log10_colsample_bytree": -0.9242135692863348, "log10_eta": -3.4584822990046926, "log10_lambda": -0.38154793445481694, "log10_min_child_weight": 3.592428322437089, "log10_subsample": -0.9276716292158755, "max_depth": 8.0, "num_boost_round": 21.0}, "datetime": {"datetime": "2024-01-19 01:08:27", "elapsed": 3392.207078, "delta": 0.004674}}
{"target": -17.677134649049794, "params": {"gamma": 828.3401353266738, "log10_alpha": -2.2487103241168445, "log10_colsample_bytree": -0.9242135692863348, "log10_eta": -3.4584822990046926, "log10_lambda": -0.38154793445481694, "log10_min_child_weight": 3.592428322437089, "log10_subsample": -0.9276716292158755, "max_depth": 8.0, "num_boost_round": 22.0}, "datetime": {"datetime": "2024-01-19 01:08:27", "elapsed": 3392.211547, "delta": 0.004469}}
{"target": -17.67713068519049, "params": {"gamma": 828.3401353266738, "log10_alpha": -2.2487103241168445, "log10_colsample_bytree": -0.9242135692863348, "log10_eta": -3.4584822990046926, "log10_lambda": -0.38154793445481694, "log10_min_child_weight": 3.592428322437089, "log10_subsample": -0.9276716292158755, "max_depth": 8.0, "num_boost_round": 23.0}, "datetime": {"datetime": "2024-01-19 01:08:27", "elapsed": 3392.216024, "delta": 0.004477}}
{"target": -17.677128407245647, "params": {"gamma": 828.3401353266738, "log10_alpha": -2.2487103241168445, "log10_colsample_bytree": -0.9242135692863348, "log10_eta": -3.4584822990046926, "log10_lambda": -0.38154793445481694, "log10_min_child_weight": 3.592428322437089, "log10_subsample": -0.9276716292158755, "max_depth": 8.0, "num_boost_round": 24.0}, "datetime": {"datetime": "2024-01-19 01:08:27", "elapsed": 3392.220645, "delta": 0.004621}}
{"target": -17.67712838996694, "params": {"gamma": 828.3401353266738, "log10_alpha": -2.2487103241168445, "log10_colsample_bytree": -0.9242135692863348, "log10_eta": -3.4584822990046926, "log10_lambda": -0.38154793445481694, "log10_min_child_weight": 3.592428322437089, "log10_subsample": -0.9276716292158755, "max_depth": 8.0, "num_boost_round": 25.0}, "datetime": {"datetime": "2024-01-19 01:08:27", "elapsed": 3392.225272, "delta": 0.004627}}
{"target": -17.677127524594873, "params": {"gamma": 828.3401353266738, "log10_alpha": -2.2487103241168445, "log10_colsample_bytree": -0.9242135692863348, "log10_eta": -3.4584822990046926, "log10_lambda": -0.38154793445481694, "log10_min_child_weight": 3.592428322437089, "log10_subsample": -0.9276716292158755, "max_depth": 8.0, "num_boost_round": 26.0}, "datetime": {"datetime": "2024-01-19 01:08:27", "elapsed": 3392.229742, "delta": 0.00447}}
