{"target": -17.677216032269254, "params": {"gamma": 629.0506609721757, "log10_alpha": 0.81189560120864, "log10_colsample_bytree": -0.9916666133833325, "log10_eta": -3.754961343334179, "log10_lambda": 0.19023924961646088, "log10_min_child_weight": 4.497617030417064, "log10_subsample": -0.7999155595159092, "max_depth": 6.0, "num_boost_round": 14.0}, "datetime": {"datetime": "2024-01-19 01:36:48", "elapsed": 5105.416183, "delta": 0.004799}}
{"target": -17.67721461268113, "params": {"gamma": 629.0506609721757, "log10_alpha": 0.81189560120864, "log10_colsample_bytree": -0.9916666133833325, "log10_eta": -3.754961343334179, "log10_lambda": 0.19023924961646088, "log10_min_child_weight": 4.497617030417064, "log10_subsample": -0.7999155595159092, "max_depth": 6.0, "num_boost_round": 15.0}, "datetime": {"datetime": "2024-01-19 01:36:48", "elapsed": 5105.4207, "delta": 0.004517}}
{"target": -17.67721370448185, "params": {"gamma": 629.0506609721757, "log10_alpha": 0.81189560120864, "log10_colsample_bytree": -0.9916666133833325, "log10_eta": -3.754961343334179, "log10_lambda": 0.19023924961646088, "log10_min_child_weight": 4.497617030417064, "log10_subsample": -0.7999155595159092, "max_depth": 6.0, "num_boost_round": 16.0}, "datetime": {"datetime": "2024-01-19 01:36:48", "elapsed": 5105.425205, "delta": 0.004505}}
{"target": -17.677213890071975, "params": {"gamma": 629.0506609721757, "log10_alpha": 0.81189560120864, "log10_colsample_bytree": -0.9916666133833325, "log10_eta": -3.754961343334179, "log10_lambda": 0.19023924961646088, "log10_min_child_weight": 4.497617030417064, "log10_subsample": -0.7999155595159092, "max_depth": 6.0, "num_boost_round": 17.0}, "datetime": {"datetime": "2024-01-19 01:36:48", "elapsed": 5105.429881, "delta": 0.004676}}
{"target": -17.67721235088216, "params": {"gamma": 629.0506609721757, "log10_alpha": 0.81189560120864, "log10_colsample_bytree": -0.9916666133833325, "log10_eta": -3.754961343334179, "log10_lambda": 0.19023924961646088, "log10_min_child_weight": 4.497617030417064, "log10_subsample": -0.7999155595159092, "max_depth": 6.0, "num_boost_round": 18.0}, "datetime": {"datetime": "2024-01-19 01:36:48", "elapsed": 5105.434377, "delta": 0.004496}}
{"target": -17.677209768323188, "params": {"gamma": 629.0506609721757, "log10_alpha": 0.81189560120864, "log10_colsample_bytree": -0.9916666133833325, "log10_eta": -3.754961343334179, "log10_lambda": 0.19023924961646088, "log10_min_child_weight": 4.497617030417064, "log10_subsample": -0.7999155595159092, "max_depth": 6.0, "num_boost_round": 19.0}, "datetime": {"datetime": "2024-01-19 01:36:48", "elapsed": 5105.438899, "delta": 0.004522}}
{"target": -17.67720977948956, "params": {"gamma": 629.0506609721757, "log10_alpha": 0.81189560120864, "log10_colsample_bytree": -0.9916666133833325, "log10_eta": -3.754961343334179, "log10_lambda": 0.19023924961646088, "log10_min_child_weight": 4.497617030417064, "log10_subsample": -0.7999155595159092, "max_depth": 6.0, "num_boost_round": 20.0}, "datetime": {"datetime": "2024-01-19 01:36:48", "elapsed": 5105.443584, "delta": 0.004685}}
{"target": -17.67720695650912, "params": {"gamma": 629.0506609721757, "log10_alpha": 0.81189560120864, "log10_colsample_bytree": -0.9916666133833325, "log10_eta": -3.754961343334179, "log10_lambda": 0.19023924961646088, "log10_min_child_weight": 4.497617030417064, "log10_subsample": -0.7999155595159092, "max_depth": 6.0, "num_boost_round": 21.0}, "datetime": {"datetime": "2024-01-19 01:36:48", "elapsed": 5105.448112, "delta": 0.004528}}
{"target": -17.677204865467974, "params": {"gamma": 629.0506609721757, "log10_alpha": 0.81189560120864, "log10_colsample_bytree": -0.9916666133833325, "log10_eta": -3.754961343334179, "log10_lambda": 0.19023924961646088, "log10_min_child_weight": 4.497617030417064, "log10_subsample": -0.7999155595159092, "max_depth": 6.0, "num_boost_round": 22.0}, "datetime": {"datetime": "2024-01-19 01:36:48", "elapsed": 5105.452628, "delta": 0.004516}}
{"target": -17.677203371445312, "params": {"gamma": 629.0506609721757, "log10_alpha": 0.81189560120864, "log10_colsample_bytree": -0.9916666133833325, "log10_eta": -3.754961343334179, "log10_lambda": 0.19023924961646088, "log10_min_child_weight": 4.497617030417064, "log10_subsample": -0.7999155595159092, "max_depth": 6.0, "num_boost_round": 23.0}, "datetime": {"datetime": "2024-01-19 01:36:48", "elapsed": 5105.457306, "delta": 0.004678}}
{"target": -17.67720375290918, "params": {"gamma": 629.0506609721757, "log10_alpha": 0.81189560120864, "log10_colsample_bytree": -0.9916666133833325, "log10_eta": -3.754961343334179, "log10_lambda": 0.19023924961646088, "log10_min_child_weight": 4.497617030417064, "log10_subsample": -0.7999155595159092, "max_depth": 6.0, "num_boost_round": 24.0}, "datetime": {"datetime": "2024-01-19 01:36:48", "elapsed": 5105.46179, "delta": 0.004484}}
{"target": -17.677202721947886, "params": {"gamma": 629.0506609721757, "log10_alpha": 0.81189560120864, "log10_colsample_bytree": -0.9916666133833325, "log10_eta": -3.754961343334179, "log10_lambda": 0.19023924961646088, "log10_min_child_weight": 4.497617030417064, "log10_subsample": -0.7999155595159092, "max_depth": 6.0, "num_boost_round": 25.0}, "datetime": {"datetime": "2024-01-19 01:36:48", "elapsed": 5105.466306, "delta": 0.004516}}
{"target": -17.677203956111924, "params": {"gamma": 629.0506609721757, "log10_alpha": 0.81189560120864, "log10_colsample_bytree": -0.9916666133833325, "log10_eta": -3.754961343334179, "log10_lambda": 0.19023924961646088, "log10_min_child_weight": 4.497617030417064, "log10_subsample": -0.7999155595159092, "max_depth": 6.0, "num_boost_round": 26.0}, "datetime": {"datetime": "2024-01-19 01:36:48", "elapsed": 5105.470993, "delta": 0.004687}}
{"target": -17.677202573662328, "params": {"gamma": 629.0506609721757, "log10_alpha": 0.81189560120864, "log10_colsample_bytree": -0.9916666133833325, "log10_eta": -3.754961343334179, "log10_lambda": 0.19023924961646088, "log10_min_child_weight": 4.497617030417064, "log10_subsample": -0.7999155595159092, "max_depth": 6.0, "num_boost_round": 27.0}, "datetime": {"datetime": "2024-01-19 01:36:48", "elapsed": 5105.47549, "delta": 0.004497}}
{"target": -17.67720089212971, "params": {"gamma": 629.0506609721757, "log10_alpha": 0.81189560120864, "log10_colsample_bytree": -0.9916666133833325, "log10_eta": -3.754961343334179, "log10_lambda": 0.19023924961646088, "log10_min_child_weight": 4.497617030417064, "log10_subsample": -0.7999155595159092, "max_depth": 6.0, "num_boost_round": 28.0}, "datetime": {"datetime": "2024-01-19 01:36:48", "elapsed": 5105.479999, "delta": 0.004509}}
{"target": -17.67719817286008, "params": {"gamma": 629.0506609721757, "log10_alpha": 0.81189560120864, "log10_colsample_bytree": -0.9916666133833325, "log10_eta": -3.754961343334179, "log10_lambda": 0.19023924961646088, "log10_min_child_weight": 4.497617030417064, "log10_subsample": -0.7999155595159092, "max_depth": 6.0, "num_boost_round": 29.0}, "datetime": {"datetime": "2024-01-19 01:36:48", "elapsed": 5105.484803, "delta": 0.004804}}
{"target": -17.67719687818991, "params": {"gamma": 629.0506609721757, "log10_alpha": 0.81189560120864, "log10_colsample_bytree": -0.9916666133833325, "log10_eta": -3.754961343334179, "log10_lambda": 0.19023924961646088, "log10_min_child_weight": 4.497617030417064, "log10_subsample": -0.7999155595159092, "max_depth": 6.0, "num_boost_round": 30.0}, "datetime": {"datetime": "2024-01-19 01:36:48", "elapsed": 5105.489489, "delta": 0.004686}}
{"target": -17.677196680174767, "params": {"gamma": 629.0506609721757, "log10_alpha": 0.81189560120864, "log10_colsample_bytree": -0.9916666133833325, "log10_eta": -3.754961343334179, "log10_lambda": 0.19023924961646088, "log10_min_child_weight": 4.497617030417064, "log10_subsample": -0.7999155595159092, "max_depth": 6.0, "num_boost_round": 31.0}, "datetime": {"datetime": "2024-01-19 01:36:48", "elapsed": 5105.49402, "delta": 0.004531}}
{"target": -17.6771965545379, "params": {"gamma": 629.0506609721757, "log10_alpha": 0.81189560120864, "log10_colsample_bytree": -0.9916666133833325, "log10_eta": -3.754961343334179, "log10_lambda": 0.19023924961646088, "log10_min_child_weight": 4.497617030417064, "log10_subsample": -0.7999155595159092, "max_depth": 6.0, "num_boost_round": 32.0}, "datetime": {"datetime": "2024-01-19 01:36:48", "elapsed": 5105.498708, "delta": 0.004688}}
{"target": -17.67719546498817, "params": {"gamma": 629.0506609721757, "log10_alpha": 0.81189560120864, "log10_colsample_bytree": -0.9916666133833325, "log10_eta": -3.754961343334179, "log10_lambda": 0.19023924961646088, "log10_min_child_weight": 4.497617030417064, "log10_subsample": -0.7999155595159092, "max_depth": 6.0, "num_boost_round": 33.0}, "datetime": {"datetime": "2024-01-19 01:36:48", "elapsed": 5105.503207, "delta": 0.004499}}
{"target": -17.677124229467463, "params": {"gamma": 624.3803225186457, "log10_alpha": 0.532644592756812, "log10_colsample_bytree": -0.4963732513199609, "log10_eta": -2.6949734360557933, "log10_lambda": 0.1269533743487914, "log10_min_child_weight": 3.2259373235418387, "log10_subsample": -0.30132727794328995, "max_depth": 8.0, "num_boost_round": 0.0}, "datetime": {"datetime": "2024-01-19 01:38:21", "elapsed": 5199.001308, "delta": 93.498101}}
{"target": -17.6771634971165, "params": {"gamma": 624.3803225186457, "log10_alpha": 0.532644592756812, "log10_colsample_bytree": -0.4963732513199609, "log10_eta": -2.6949734360557933, "log10_lambda": 0.1269533743487914, "log10_min_child_weight": 3.2259373235418387, "log10_subsample": -0.30132727794328995, "max_depth": 8.0, "num_boost_round": 1.0}, "datetime": {"datetime": "2024-01-19 01:38:21", "elapsed": 5199.006536, "delta": 0.005228}}
{"target": -17.67700700474126, "params": {"gamma": 624.3803225186457, "log10_alpha": 0.532644592756812, "log10_colsample_bytree": -0.4963732513199609, "log10_eta": -2.6949734360557933, "log10_lambda": 0.1269533743487914, "log10_min_child_weight": 3.2259373235418387, "log10_subsample": -0.30132727794328995, "max_depth": 8.0, "num_boost_round": 2.0}, "datetime": {"datetime": "2024-01-19 01:38:21", "elapsed": 5199.011214, "delta": 0.004678}}
{"target": -17.677003470452096, "params": {"gamma": 624.3803225186457, "log10_alpha": 0.532644592756812, "log10_colsample_bytree": -0.4963732513199609, "log10_eta": -2.6949734360557933, "log10_lambda": 0.1269533743487914, "log10_min_child_weight": 3.2259373235418387, "log10_subsample": -0.30132727794328995, "max_depth": 8.0, "num_boost_round": 3.0}, "datetime": {"datetime": "2024-01-19 01:38:21", "elapsed": 5199.015788, "delta": 0.004574}}
{"target": -17.676903098600373, "params": {"gamma": 624.3803225186457, "log10_alpha": 0.532644592756812, "log10_colsample_bytree": -0.4963732513199609, "log10_eta": -2.6949734360557933, "log10_lambda": 0.1269533743487914, "log10_min_child_weight": 3.2259373235418387, "log10_subsample": -0.30132727794328995, "max_depth": 8.0, "num_boost_round": 4.0}, "datetime": {"datetime": "2024-01-19 01:38:21", "elapsed": 5199.020462, "delta": 0.004674}}
{"target": -17.676905695763633, "params": {"gamma": 624.3803225186457, "log10_alpha": 0.532644592756812, "log10_colsample_bytree": -0.4963732513199609, "log10_eta": -2.6949734360557933, "log10_lambda": 0.1269533743487914, "log10_min_child_weight": 3.2259373235418387, "log10_subsample": -0.30132727794328995, "max_depth": 8.0, "num_boost_round": 5.0}, "datetime": {"datetime": "2024-01-19 01:38:21", "elapsed": 5199.024926, "delta": 0.004464}}
{"target": -17.676834545425855, "params": {"gamma": 624.3803225186457, "log10_alpha": 0.532644592756812, "log10_colsample_bytree": -0.4963732513199609, "log10_eta": -2.6949734360557933, "log10_lambda": 0.1269533743487914, "log10_min_child_weight": 3.2259373235418387, "log10_subsample": -0.30132727794328995, "max_depth": 8.0, "num_boost_round": 6.0}, "datetime": {"datetime": "2024-01-19 01:38:21", "elapsed": 5199.02958, "delta": 0.004654}}
{"target": -17.67668885758517, "params": {"gamma": 624.3803225186457, "log10_alpha": 0.532644592756812, "log10_colsample_bytree": -0.4963732513199609, "log10_eta": -2.6949734360557933, "log10_lambda": 0.1269533743487914, "log10_min_child_weight": 3.2259373235418387, "log10_subsample": -0.30132727794328995, "max_depth": 8.0, "num_boost_round": 7.0}, "datetime": {"datetime": "2024-01-19 01:38:21", "elapsed": 5199.034293, "delta": 0.004713}}
{"target": -17.676602517348787, "params": {"gamma": 624.3803225186457, "log10_alpha": 0.532644592756812, "log10_colsample_bytree": -0.4963732513199609, "log10_eta": -2.6949734360557933, "log10_lambda": 0.1269533743487914, "log10_min_child_weight": 3.2259373235418387, "log10_subsample": -0.30132727794328995, "max_depth": 8.0, "num_boost_round": 8.0}, "datetime": {"datetime": "2024-01-19 01:38:21", "elapsed": 5199.038913, "delta": 0.00462}}
{"target": -17.676548947318878, "params": {"gamma": 624.3803225186457, "log10_alpha": 0.532644592756812, "log10_colsample_bytree": -0.4963732513199609, "log10_eta": -2.6949734360557933, "log10_lambda": 0.1269533743487914, "log10_min_child_weight": 3.2259373235418387, "log10_subsample": -0.30132727794328995, "max_depth": 8.0, "num_boost_round": 9.0}, "datetime": {"datetime": "2024-01-19 01:38:21", "elapsed": 5199.043367, "delta": 0.004454}}
{"target": -17.67647356263388, "params": {"gamma": 624.3803225186457, "log10_alpha": 0.532644592756812, "log10_colsample_bytree": -0.4963732513199609, "log10_eta": -2.6949734360557933, "log10_lambda": 0.1269533743487914, "log10_min_child_weight": 3.2259373235418387, "log10_subsample": -0.30132727794328995, "max_depth": 8.0, "num_boost_round": 10.0}, "datetime": {"datetime": "2024-01-19 01:38:21", "elapsed": 5199.04793, "delta": 0.004563}}
{"target": -17.676419823841524, "params": {"gamma": 624.3803225186457, "log10_alpha": 0.532644592756812, "log10_colsample_bytree": -0.4963732513199609, "log10_eta": -2.6949734360557933, "log10_lambda": 0.1269533743487914, "log10_min_child_weight": 3.2259373235418387, "log10_subsample": -0.30132727794328995, "max_depth": 8.0, "num_boost_round": 11.0}, "datetime": {"datetime": "2024-01-19 01:38:21", "elapsed": 5199.052557, "delta": 0.004627}}
{"target": -17.676362948620998, "params": {"gamma": 624.3803225186457, "log10_alpha": 0.532644592756812, "log10_colsample_bytree": -0.4963732513199609, "log10_eta": -2.6949734360557933, "log10_lambda": 0.1269533743487914, "log10_min_child_weight": 3.2259373235418387, "log10_subsample": -0.30132727794328995, "max_depth": 8.0, "num_boost_round": 12.0}, "datetime": {"datetime": "2024-01-19 01:38:21", "elapsed": 5199.057082, "delta": 0.004525}}
{"target": -17.676305574159304, "params": {"gamma": 624.3803225186457, "log10_alpha": 0.532644592756812, "log10_colsample_bytree": -0.4963732513199609, "log10_eta": -2.6949734360557933, "log10_lambda": 0.1269533743487914, "log10_min_child_weight": 3.2259373235418387, "log10_subsample": -0.30132727794328995, "max_depth": 8.0, "num_boost_round": 13.0}, "datetime": {"datetime": "2024-01-19 01:38:21", "elapsed": 5199.06171, "delta": 0.004628}}
{"target": -17.67630703360349, "params": {"gamma": 624.3803225186457, "log10_alpha": 0.532644592756812, "log10_colsample_bytree": -0.4963732513199609, "log10_eta": -2.6949734360557933, "log10_lambda": 0.1269533743487914, "log10_min_child_weight": 3.2259373235418387, "log10_subsample": -0.30132727794328995, "max_depth": 8.0, "num_boost_round": 14.0}, "datetime": {"datetime": "2024-01-19 01:38:21", "elapsed": 5199.066196, "delta": 0.004486}}
{"target": -17.67623205894903, "params": {"gamma": 624.3803225186457, "log10_alpha": 0.532644592756812, "log10_colsample_bytree": -0.4963732513199609, "log10_eta": -2.6949734360557933, "log10_lambda": 0.1269533743487914, "log10_min_child_weight": 3.2259373235418387, "log10_subsample": -0.30132727794328995, "max_depth": 8.0, "num_boost_round": 15.0}, "datetime": {"datetime": "2024-01-19 01:38:21", "elapsed": 5199.070768, "delta": 0.004572}}
{"target": -17.676150832894066, "params": {"gamma": 624.3803225186457, "log10_alpha": 0.532644592756812, "log10_colsample_bytree": -0.4963732513199609, "log10_eta": -2.6949734360557933, "log10_lambda": 0.1269533743487914, "log10_min_child_weight": 3.2259373235418387, "log10_subsample": -0.30132727794328995, "max_depth": 8.0, "num_boost_round": 16.0}, "datetime": {"datetime": "2024-01-19 01:38:21", "elapsed": 5199.075352, "delta": 0.004584}}
{"target": -17.67611977475256, "params": {"gamma": 624.3803225186457, "log10_alpha": 0.532644592756812, "log10_colsample_bytree": -0.4963732513199609, "log10_eta": -2.6949734360557933, "log10_lambda": 0.1269533743487914, "log10_min_child_weight": 3.2259373235418387, "log10_subsample": -0.30132727794328995, "max_depth": 8.0, "num_boost_round": 17.0}, "datetime": {"datetime": "2024-01-19 01:38:21", "elapsed": 5199.08012, "delta": 0.004768}}
{"target": -17.676049867534026, "params": {"gamma": 624.3803225186457, "log10_alpha": 0.532644592756812, "log10_colsample_bytree": -0.4963732513199609, "log10_eta": -2.6949734360557933, "log10_lambda": 0.1269533743487914, "log10_min_child_weight": 3.2259373235418387, "log10_subsample": -0.30132727794328995, "max_depth": 8.0, "num_boost_round": 18.0}, "datetime": {"datetime": "2024-01-19 01:38:21", "elapsed": 5199.084824, "delta": 0.004704}}
{"target": -17.676024745801115, "params": {"gamma": 624.3803225186457, "log10_alpha": 0.532644592756812, "log10_colsample_bytree": -0.4963732513199609, "log10_eta": -2.6949734360557933, "log10_lambda": 0.1269533743487914, "log10_min_child_weight": 3.2259373235418387, "log10_subsample": -0.30132727794328995, "max_depth": 8.0, "num_boost_round": 19.0}, "datetime": {"datetime": "2024-01-19 01:38:21", "elapsed": 5199.089497, "delta": 0.004673}}
{"target": -17.67598675985577, "params": {"gamma": 624.3803225186457, "log10_alpha": 0.532644592756812, "log10_colsample_bytree": -0.4963732513199609, "log10_eta": -2.6949734360557933, "log10_lambda": 0.1269533743487914, "log10_min_child_weight": 3.2259373235418387, "log10_subsample": -0.30132727794328995, "max_depth": 8.0, "num_boost_round": 20.0}, "datetime": {"datetime": "2024-01-19 01:38:21", "elapsed": 5199.094023, "delta": 0.004526}}
{"target": -17.67598053584885, "params": {"gamma": 624.3803225186457, "log10_alpha": 0.532644592756812, "log10_colsample_bytree": -0.4963732513199609, "log10_eta": -2.6949734360557933, "log10_lambda": 0.1269533743487914, "log10_min_child_weight": 3.2259373235418387, "log10_subsample": -0.30132727794328995, "max_depth": 8.0, "num_boost_round": 21.0}, "datetime": {"datetime": "2024-01-19 01:38:21", "elapsed": 5199.098498, "delta": 0.004475}}
{"target": -17.675831375037355, "params": {"gamma": 624.3803225186457, "log10_alpha": 0.532644592756812, "log10_colsample_bytree": -0.4963732513199609, "log10_eta": -2.6949734360557933, "log10_lambda": 0.1269533743487914, "log10_min_child_weight": 3.2259373235418387, "log10_subsample": -0.30132727794328995, "max_depth": 8.0, "num_boost_round": 22.0}, "datetime": {"datetime": "2024-01-19 01:38:21", "elapsed": 5199.103251, "delta": 0.004753}}
{"target": -17.675715066316542, "params": {"gamma": 624.3803225186457, "log10_alpha": 0.532644592756812, "log10_colsample_bytree": -0.4963732513199609, "log10_eta": -2.6949734360557933, "log10_lambda": 0.1269533743487914, "log10_min_child_weight": 3.2259373235418387, "log10_subsample": -0.30132727794328995, "max_depth": 8.0, "num_boost_round": 23.0}, "datetime": {"datetime": "2024-01-19 01:38:21", "elapsed": 5199.107765, "delta": 0.004514}}
{"target": -17.67572915065543, "params": {"gamma": 624.3803225186457, "log10_alpha": 0.532644592756812, "log10_colsample_bytree": -0.4963732513199609, "log10_eta": -2.6949734360557933, "log10_lambda": 0.1269533743487914, "log10_min_child_weight": 3.2259373235418387, "log10_subsample": -0.30132727794328995, "max_depth": 8.0, "num_boost_round": 24.0}, "datetime": {"datetime": "2024-01-19 01:38:21", "elapsed": 5199.112442, "delta": 0.004677}}
{"target": -17.675695573033842, "params": {"gamma": 624.3803225186457, "log10_alpha": 0.532644592756812, "log10_colsample_bytree": -0.4963732513199609, "log10_eta": -2.6949734360557933, "log10_lambda": 0.1269533743487914, "log10_min_child_weight": 3.2259373235418387, "log10_subsample": -0.30132727794328995, "max_depth": 8.0, "num_boost_round": 25.0}, "datetime": {"datetime": "2024-01-19 01:38:21", "elapsed": 5199.11698, "delta": 0.004538}}
{"target": -17.675817709808385, "params": {"gamma": 624.3803225186457, "log10_alpha": 0.532644592756812, "log10_colsample_bytree": -0.4963732513199609, "log10_eta": -2.6949734360557933, "log10_lambda": 0.1269533743487914, "log10_min_child_weight": 3.2259373235418387, "log10_subsample": -0.30132727794328995, "max_depth": 8.0, "num_boost_round": 26.0}, "datetime": {"datetime": "2024-01-19 01:38:21", "elapsed": 5199.121464, "delta": 0.004484}}
{"target": -17.67584216701874, "params": {"gamma": 624.3803225186457, "log10_alpha": 0.532644592756812, "log10_colsample_bytree": -0.4963732513199609, "log10_eta": -2.6949734360557933, "log10_lambda": 0.1269533743487914, "log10_min_child_weight": 3.2259373235418387, "log10_subsample": -0.30132727794328995, "max_depth": 8.0, "num_boost_round": 27.0}, "datetime": {"datetime": "2024-01-19 01:38:21", "elapsed": 5199.125954, "delta": 0.00449}}
{"target": -17.675763399858816, "params": {"gamma": 624.3803225186457, "log10_alpha": 0.532644592756812, "log10_colsample_bytree": -0.4963732513199609, "log10_eta": -2.6949734360557933, "log10_lambda": 0.1269533743487914, "log10_min_child_weight": 3.2259373235418387, "log10_subsample": -0.30132727794328995, "max_depth": 8.0, "num_boost_round": 28.0}, "datetime": {"datetime": "2024-01-19 01:38:21", "elapsed": 5199.1308, "delta": 0.004846}}
