{"target": -17.853462441477337, "params": {"gamma": 116.17360527664356, "log10_alpha": -2.7568732192222027, "log10_colsample_bytree": -0.7804787051255384, "log10_eta": -0.021789337364898742, "log10_lambda": 0.2627938146401245, "log10_min_child_weight": 3.3695154354134282, "log10_subsample": -0.06045200862638045, "max_depth": 7.0, "num_boost_round": 1.0}, "datetime": {"datetime": "2024-01-19 00:37:26", "elapsed": 1531.42453, "delta": 0.002747}}
{"target": -17.986961254413693, "params": {"gamma": 116.17360527664356, "log10_alpha": -2.7568732192222027, "log10_colsample_bytree": -0.7804787051255384, "log10_eta": -0.021789337364898742, "log10_lambda": 0.2627938146401245, "log10_min_child_weight": 3.3695154354134282, "log10_subsample": -0.06045200862638045, "max_depth": 7.0, "num_boost_round": 2.0}, "datetime": {"datetime": "2024-01-19 00:37:26", "elapsed": 1531.427743, "delta": 0.003213}}
{"target": -18.089998102165247, "params": {"gamma": 116.17360527664356, "log10_alpha": -2.7568732192222027, "log10_colsample_bytree": -0.7804787051255384, "log10_eta": -0.021789337364898742, "log10_lambda": 0.2627938146401245, "log10_min_child_weight": 3.3695154354134282, "log10_subsample": -0.06045200862638045, "max_depth": 7.0, "num_boost_round": 3.0}, "datetime": {"datetime": "2024-01-19 00:37:26", "elapsed": 1531.43, "delta": 0.002257}}
{"target": -18.124796080557683, "params": {"gamma": 116.17360527664356, "log10_alpha": -2.7568732192222027, "log10_colsample_bytree": -0.7804787051255384, "log10_eta": -0.021789337364898742, "log10_lambda": 0.2627938146401245, "log10_min_child_weight": 3.3695154354134282, "log10_subsample": -0.06045200862638045, "max_depth": 7.0, "num_boost_round": 4.0}, "datetime": {"datetime": "2024-01-19 00:37:26", "elapsed": 1531.432261, "delta": 0.002261}}
{"target": -18.237347033009122, "params": {"gamma": 116.17360527664356, "log10_alpha": -2.7568732192222027, "log10_colsample_bytree": -0.7804787051255384, "log10_eta": -0.021789337364898742, "log10_lambda": 0.2627938146401245, "log10_min_child_weight": 3.3695154354134282, "log10_subsample": -0.06045200862638045, "max_depth": 7.0, "num_boost_round": 5.0}, "datetime": {"datetime": "2024-01-19 00:37:26", "elapsed": 1531.434454, "delta": 0.002193}}
{"target": -18.363278735070224, "params": {"gamma": 116.17360527664356, "log10_alpha": -2.7568732192222027, "log10_colsample_bytree": -0.7804787051255384, "log10_eta": -0.021789337364898742, "log10_lambda": 0.2627938146401245, "log10_min_child_weight": 3.3695154354134282, "log10_subsample": -0.06045200862638045, "max_depth": 7.0, "num_boost_round": 6.0}, "datetime": {"datetime": "2024-01-19 00:37:26", "elapsed": 1531.43663, "delta": 0.002176}}
{"target": -18.659425985068854, "params": {"gamma": 116.17360527664356, "log10_alpha": -2.7568732192222027, "log10_colsample_bytree": -0.7804787051255384, "log10_eta": -0.021789337364898742, "log10_lambda": 0.2627938146401245, "log10_min_child_weight": 3.3695154354134282, "log10_subsample": -0.06045200862638045, "max_depth": 7.0, "num_boost_round": 7.0}, "datetime": {"datetime": "2024-01-19 00:37:26", "elapsed": 1531.438957, "delta": 0.002327}}
{"target": -18.719992001335896, "params": {"gamma": 116.17360527664356, "log10_alpha": -2.7568732192222027, "log10_colsample_bytree": -0.7804787051255384, "log10_eta": -0.021789337364898742, "log10_lambda": 0.2627938146401245, "log10_min_child_weight": 3.3695154354134282, "log10_subsample": -0.06045200862638045, "max_depth": 7.0, "num_boost_round": 8.0}, "datetime": {"datetime": "2024-01-19 00:37:26", "elapsed": 1531.44122, "delta": 0.002263}}
{"target": -18.758452568729805, "params": {"gamma": 116.17360527664356, "log10_alpha": -2.7568732192222027, "log10_colsample_bytree": -0.7804787051255384, "log10_eta": -0.021789337364898742, "log10_lambda": 0.2627938146401245, "log10_min_child_weight": 3.3695154354134282, "log10_subsample": -0.06045200862638045, "max_depth": 7.0, "num_boost_round": 9.0}, "datetime": {"datetime": "2024-01-19 00:37:26", "elapsed": 1531.44338, "delta": 0.00216}}
{"target": -18.764287246407502, "params": {"gamma": 116.17360527664356, "log10_alpha": -2.7568732192222027, "log10_colsample_bytree": -0.7804787051255384, "log10_eta": -0.021789337364898742, "log10_lambda": 0.2627938146401245, "log10_min_child_weight": 3.3695154354134282, "log10_subsample": -0.06045200862638045, "max_depth": 7.0, "num_boost_round": 10.0}, "datetime": {"datetime": "2024-01-19 00:37:26", "elapsed": 1531.445534, "delta": 0.002154}}
{"target": -18.78984126638856, "params": {"gamma": 116.17360527664356, "log10_alpha": -2.7568732192222027, "log10_colsample_bytree": -0.7804787051255384, "log10_eta": -0.021789337364898742, "log10_lambda": 0.2627938146401245, "log10_min_child_weight": 3.3695154354134282, "log10_subsample": -0.06045200862638045, "max_depth": 7.0, "num_boost_round": 11.0}, "datetime": {"datetime": "2024-01-19 00:37:26", "elapsed": 1531.447782, "delta": 0.002248}}
{"target": -18.835369681439758, "params": {"gamma": 116.17360527664356, "log10_alpha": -2.7568732192222027, "log10_colsample_bytree": -0.7804787051255384, "log10_eta": -0.021789337364898742, "log10_lambda": 0.2627938146401245, "log10_min_child_weight": 3.3695154354134282, "log10_subsample": -0.06045200862638045, "max_depth": 7.0, "num_boost_round": 12.0}, "datetime": {"datetime": "2024-01-19 00:37:26", "elapsed": 1531.44995, "delta": 0.002168}}
{"target": -18.896967759754812, "params": {"gamma": 116.17360527664356, "log10_alpha": -2.7568732192222027, "log10_colsample_bytree": -0.7804787051255384, "log10_eta": -0.021789337364898742, "log10_lambda": 0.2627938146401245, "log10_min_child_weight": 3.3695154354134282, "log10_subsample": -0.06045200862638045, "max_depth": 7.0, "num_boost_round": 13.0}, "datetime": {"datetime": "2024-01-19 00:37:26", "elapsed": 1531.452132, "delta": 0.002182}}
{"target": -18.94450389041447, "params": {"gamma": 116.17360527664356, "log10_alpha": -2.7568732192222027, "log10_colsample_bytree": -0.7804787051255384, "log10_eta": -0.021789337364898742, "log10_lambda": 0.2627938146401245, "log10_min_child_weight": 3.3695154354134282, "log10_subsample": -0.06045200862638045, "max_depth": 7.0, "num_boost_round": 14.0}, "datetime": {"datetime": "2024-01-19 00:37:26", "elapsed": 1531.4543, "delta": 0.002168}}
{"target": -18.9742625059729, "params": {"gamma": 116.17360527664356, "log10_alpha": -2.7568732192222027, "log10_colsample_bytree": -0.7804787051255384, "log10_eta": -0.021789337364898742, "log10_lambda": 0.2627938146401245, "log10_min_child_weight": 3.3695154354134282, "log10_subsample": -0.06045200862638045, "max_depth": 7.0, "num_boost_round": 15.0}, "datetime": {"datetime": "2024-01-19 00:37:26", "elapsed": 1531.456478, "delta": 0.002178}}
{"target": -19.035484451243743, "params": {"gamma": 116.17360527664356, "log10_alpha": -2.7568732192222027, "log10_colsample_bytree": -0.7804787051255384, "log10_eta": -0.021789337364898742, "log10_lambda": 0.2627938146401245, "log10_min_child_weight": 3.3695154354134282, "log10_subsample": -0.06045200862638045, "max_depth": 7.0, "num_boost_round": 16.0}, "datetime": {"datetime": "2024-01-19 00:37:26", "elapsed": 1531.459212, "delta": 0.002734}}
{"target": -19.06670728561707, "params": {"gamma": 116.17360527664356, "log10_alpha": -2.7568732192222027, "log10_colsample_bytree": -0.7804787051255384, "log10_eta": -0.021789337364898742, "log10_lambda": 0.2627938146401245, "log10_min_child_weight": 3.3695154354134282, "log10_subsample": -0.06045200862638045, "max_depth": 7.0, "num_boost_round": 17.0}, "datetime": {"datetime": "2024-01-19 00:37:26", "elapsed": 1531.461619, "delta": 0.002407}}
{"target": -19.090342610029108, "params": {"gamma": 116.17360527664356, "log10_alpha": -2.7568732192222027, "log10_colsample_bytree": -0.7804787051255384, "log10_eta": -0.021789337364898742, "log10_lambda": 0.2627938146401245, "log10_min_child_weight": 3.3695154354134282, "log10_subsample": -0.06045200862638045, "max_depth": 7.0, "num_boost_round": 18.0}, "datetime": {"datetime": "2024-01-19 00:37:26", "elapsed": 1531.463839, "delta": 0.00222}}
{"target": -17.675646762668904, "params": {"gamma": 132.3334694525834, "log10_alpha": -2.1586403456429375, "log10_colsample_bytree": -0.5834752057167077, "log10_eta": -1.3986149948530335, "log10_lambda": -3.337471240963545, "log10_min_child_weight": 2.8186653040606355, "log10_subsample": -0.6082543957855138, "max_depth": 6.0, "num_boost_round": 0.0}, "datetime": {"datetime": "2024-01-19 00:37:53", "elapsed": 1558.077387, "delta": 26.613548}}
{"target": -17.676052971340006, "params": {"gamma": 132.3334694525834, "log10_alpha": -2.1586403456429375, "log10_colsample_bytree": -0.5834752057167077, "log10_eta": -1.3986149948530335, "log10_lambda": -3.337471240963545, "log10_min_child_weight": 2.8186653040606355, "log10_subsample": -0.6082543957855138, "max_depth": 6.0, "num_boost_round": 1.0}, "datetime": {"datetime": "2024-01-19 00:37:53", "elapsed": 1558.080462, "delta": 0.003075}}
{"target": -17.673006516258994, "params": {"gamma": 132.3334694525834, "log10_alpha": -2.1586403456429375, "log10_colsample_bytree": -0.5834752057167077, "log10_eta": -1.3986149948530335, "log10_lambda": -3.337471240963545, "log10_min_child_weight": 2.8186653040606355, "log10_subsample": -0.6082543957855138, "max_depth": 6.0, "num_boost_round": 2.0}, "datetime": {"datetime": "2024-01-19 00:37:53", "elapsed": 1558.082905, "delta": 0.002443}}
{"target": -17.673482966739016, "params": {"gamma": 132.3334694525834, "log10_alpha": -2.1586403456429375, "log10_colsample_bytree": -0.5834752057167077, "log10_eta": -1.3986149948530335, "log10_lambda": -3.337471240963545, "log10_min_child_weight": 2.8186653040606355, "log10_subsample": -0.6082543957855138, "max_depth": 6.0, "num_boost_round": 3.0}, "datetime": {"datetime": "2024-01-19 00:37:53", "elapsed": 1558.085188, "delta": 0.002283}}
{"target": -17.673273352774725, "params": {"gamma": 132.3334694525834, "log10_alpha": -2.1586403456429375, "log10_colsample_bytree": -0.5834752057167077, "log10_eta": -1.3986149948530335, "log10_lambda": -3.337471240963545, "log10_min_child_weight": 2.8186653040606355, "log10_subsample": -0.6082543957855138, "max_depth": 6.0, "num_boost_round": 4.0}, "datetime": {"datetime": "2024-01-19 00:37:53", "elapsed": 1558.087625, "delta": 0.002437}}
{"target": -17.673825503509434, "params": {"gamma": 132.3334694525834, "log10_alpha": -2.1586403456429375, "log10_colsample_bytree": -0.5834752057167077, "log10_eta": -1.3986149948530335, "log10_lambda": -3.337471240963545, "log10_min_child_weight": 2.8186653040606355, "log10_subsample": -0.6082543957855138, "max_depth": 6.0, "num_boost_round": 5.0}, "datetime": {"datetime": "2024-01-19 00:37:53", "elapsed": 1558.09005, "delta": 0.002425}}
{"target": -17.67501875525761, "params": {"gamma": 132.3334694525834, "log10_alpha": -2.1586403456429375, "log10_colsample_bytree": -0.5834752057167077, "log10_eta": -1.3986149948530335, "log10_lambda": -3.337471240963545, "log10_min_child_weight": 2.8186653040606355, "log10_subsample": -0.6082543957855138, "max_depth": 6.0, "num_boost_round": 6.0}, "datetime": {"datetime": "2024-01-19 00:37:53", "elapsed": 1558.092347, "delta": 0.002297}}
{"target": -17.67371641543065, "params": {"gamma": 132.3334694525834, "log10_alpha": -2.1586403456429375, "log10_colsample_bytree": -0.5834752057167077, "log10_eta": -1.3986149948530335, "log10_lambda": -3.337471240963545, "log10_min_child_weight": 2.8186653040606355, "log10_subsample": -0.6082543957855138, "max_depth": 6.0, "num_boost_round": 7.0}, "datetime": {"datetime": "2024-01-19 00:37:53", "elapsed": 1558.09454, "delta": 0.002193}}
{"target": -17.67416296972066, "params": {"gamma": 132.3334694525834, "log10_alpha": -2.1586403456429375, "log10_colsample_bytree": -0.5834752057167077, "log10_eta": -1.3986149948530335, "log10_lambda": -3.337471240963545, "log10_min_child_weight": 2.8186653040606355, "log10_subsample": -0.6082543957855138, "max_depth": 6.0, "num_boost_round": 8.0}, "datetime": {"datetime": "2024-01-19 00:37:53", "elapsed": 1558.096727, "delta": 0.002187}}
{"target": -17.67577575180837, "params": {"gamma": 132.3334694525834, "log10_alpha": -2.1586403456429375, "log10_colsample_bytree": -0.5834752057167077, "log10_eta": -1.3986149948530335, "log10_lambda": -3.337471240963545, "log10_min_child_weight": 2.8186653040606355, "log10_subsample": -0.6082543957855138, "max_depth": 6.0, "num_boost_round": 9.0}, "datetime": {"datetime": "2024-01-19 00:37:53", "elapsed": 1558.099046, "delta": 0.002319}}
{"target": -17.67557360225035, "params": {"gamma": 132.3334694525834, "log10_alpha": -2.1586403456429375, "log10_colsample_bytree": -0.5834752057167077, "log10_eta": -1.3986149948530335, "log10_lambda": -3.337471240963545, "log10_min_child_weight": 2.8186653040606355, "log10_subsample": -0.6082543957855138, "max_depth": 6.0, "num_boost_round": 10.0}, "datetime": {"datetime": "2024-01-19 00:37:53", "elapsed": 1558.101242, "delta": 0.002196}}
{"target": -17.674507643174863, "params": {"gamma": 132.3334694525834, "log10_alpha": -2.1586403456429375, "log10_colsample_bytree": -0.5834752057167077, "log10_eta": -1.3986149948530335, "log10_lambda": -3.337471240963545, "log10_min_child_weight": 2.8186653040606355, "log10_subsample": -0.6082543957855138, "max_depth": 6.0, "num_boost_round": 11.0}, "datetime": {"datetime": "2024-01-19 00:37:53", "elapsed": 1558.103441, "delta": 0.002199}}
{"target": -17.67512343327466, "params": {"gamma": 132.3334694525834, "log10_alpha": -2.1586403456429375, "log10_colsample_bytree": -0.5834752057167077, "log10_eta": -1.3986149948530335, "log10_lambda": -3.337471240963545, "log10_min_child_weight": 2.8186653040606355, "log10_subsample": -0.6082543957855138, "max_depth": 6.0, "num_boost_round": 12.0}, "datetime": {"datetime": "2024-01-19 00:37:53", "elapsed": 1558.105691, "delta": 0.00225}}
{"target": -17.676031006504225, "params": {"gamma": 132.3334694525834, "log10_alpha": -2.1586403456429375, "log10_colsample_bytree": -0.5834752057167077, "log10_eta": -1.3986149948530335, "log10_lambda": -3.337471240963545, "log10_min_child_weight": 2.8186653040606355, "log10_subsample": -0.6082543957855138, "max_depth": 6.0, "num_boost_round": 13.0}, "datetime": {"datetime": "2024-01-19 00:37:53", "elapsed": 1558.108, "delta": 0.002309}}
{"target": -17.676891205467182, "params": {"gamma": 132.3334694525834, "log10_alpha": -2.1586403456429375, "log10_colsample_bytree": -0.5834752057167077, "log10_eta": -1.3986149948530335, "log10_lambda": -3.337471240963545, "log10_min_child_weight": 2.8186653040606355, "log10_subsample": -0.6082543957855138, "max_depth": 6.0, "num_boost_round": 14.0}, "datetime": {"datetime": "2024-01-19 00:37:53", "elapsed": 1558.11019, "delta": 0.00219}}
{"target": -17.678287564100803, "params": {"gamma": 132.3334694525834, "log10_alpha": -2.1586403456429375, "log10_colsample_bytree": -0.5834752057167077, "log10_eta": -1.3986149948530335, "log10_lambda": -3.337471240963545, "log10_min_child_weight": 2.8186653040606355, "log10_subsample": -0.6082543957855138, "max_depth": 6.0, "num_boost_round": 15.0}, "datetime": {"datetime": "2024-01-19 00:37:53", "elapsed": 1558.112391, "delta": 0.002201}}
{"target": -17.680023478295727, "params": {"gamma": 132.3334694525834, "log10_alpha": -2.1586403456429375, "log10_colsample_bytree": -0.5834752057167077, "log10_eta": -1.3986149948530335, "log10_lambda": -3.337471240963545, "log10_min_child_weight": 2.8186653040606355, "log10_subsample": -0.6082543957855138, "max_depth": 6.0, "num_boost_round": 16.0}, "datetime": {"datetime": "2024-01-19 00:37:53", "elapsed": 1558.114569, "delta": 0.002178}}
{"target": -17.67935051848793, "params": {"gamma": 132.3334694525834, "log10_alpha": -2.1586403456429375, "log10_colsample_bytree": -0.5834752057167077, "log10_eta": -1.3986149948530335, "log10_lambda": -3.337471240963545, "log10_min_child_weight": 2.8186653040606355, "log10_subsample": -0.6082543957855138, "max_depth": 6.0, "num_boost_round": 17.0}, "datetime": {"datetime": "2024-01-19 00:37:53", "elapsed": 1558.116756, "delta": 0.002187}}
{"target": -17.681607507374803, "params": {"gamma": 132.3334694525834, "log10_alpha": -2.1586403456429375, "log10_colsample_bytree": -0.5834752057167077, "log10_eta": -1.3986149948530335, "log10_lambda": -3.337471240963545, "log10_min_child_weight": 2.8186653040606355, "log10_subsample": -0.6082543957855138, "max_depth": 6.0, "num_boost_round": 18.0}, "datetime": {"datetime": "2024-01-19 00:37:53", "elapsed": 1558.119023, "delta": 0.002267}}
{"target": -17.67658967740463, "params": {"gamma": 165.01260386210993, "log10_alpha": -2.4578881605783467, "log10_colsample_bytree": -0.8180368795303328, "log10_eta": -0.9383498048873435, "log10_lambda": -4.789960636725178, "log10_min_child_weight": 1.8769763214936819, "log10_subsample": -0.9396149999551036, "max_depth": 9.0, "num_boost_round": 0.0}, "datetime": {"datetime": "2024-01-19 00:38:24", "elapsed": 1588.618268, "delta": 30.499245}}
{"target": -17.684015654710436, "params": {"gamma": 165.01260386210993, "log10_alpha": -2.4578881605783467, "log10_colsample_bytree": -0.8180368795303328, "log10_eta": -0.9383498048873435, "log10_lambda": -4.789960636725178, "log10_min_child_weight": 1.8769763214936819, "log10_subsample": -0.9396149999551036, "max_depth": 9.0, "num_boost_round": 1.0}, "datetime": {"datetime": "2024-01-19 00:38:24", "elapsed": 1588.621248, "delta": 0.00298}}
{"target": -17.68392433543031, "params": {"gamma": 165.01260386210993, "log10_alpha": -2.4578881605783467, "log10_colsample_bytree": -0.8180368795303328, "log10_eta": -0.9383498048873435, "log10_lambda": -4.789960636725178, "log10_min_child_weight": 1.8769763214936819, "log10_subsample": -0.9396149999551036, "max_depth": 9.0, "num_boost_round": 2.0}, "datetime": {"datetime": "2024-01-19 00:38:24", "elapsed": 1588.623693, "delta": 0.002445}}
{"target": -17.693824395739487, "params": {"gamma": 165.01260386210993, "log10_alpha": -2.4578881605783467, "log10_colsample_bytree": -0.8180368795303328, "log10_eta": -0.9383498048873435, "log10_lambda": -4.789960636725178, "log10_min_child_weight": 1.8769763214936819, "log10_subsample": -0.9396149999551036, "max_depth": 9.0, "num_boost_round": 3.0}, "datetime": {"datetime": "2024-01-19 00:38:24", "elapsed": 1588.626978, "delta": 0.003285}}
{"target": -17.699309851446127, "params": {"gamma": 165.01260386210993, "log10_alpha": -2.4578881605783467, "log10_colsample_bytree": -0.8180368795303328, "log10_eta": -0.9383498048873435, "log10_lambda": -4.789960636725178, "log10_min_child_weight": 1.8769763214936819, "log10_subsample": -0.9396149999551036, "max_depth": 9.0, "num_boost_round": 4.0}, "datetime": {"datetime": "2024-01-19 00:38:24", "elapsed": 1588.629364, "delta": 0.002386}}
{"target": -17.70533932038644, "params": {"gamma": 165.01260386210993, "log10_alpha": -2.4578881605783467, "log10_colsample_bytree": -0.8180368795303328, "log10_eta": -0.9383498048873435, "log10_lambda": -4.789960636725178, "log10_min_child_weight": 1.8769763214936819, "log10_subsample": -0.9396149999551036, "max_depth": 9.0, "num_boost_round": 5.0}, "datetime": {"datetime": "2024-01-19 00:38:24", "elapsed": 1588.631714, "delta": 0.00235}}
{"target": -17.71731745695906, "params": {"gamma": 165.01260386210993, "log10_alpha": -2.4578881605783467, "log10_colsample_bytree": -0.8180368795303328, "log10_eta": -0.9383498048873435, "log10_lambda": -4.789960636725178, "log10_min_child_weight": 1.8769763214936819, "log10_subsample": -0.9396149999551036, "max_depth": 9.0, "num_boost_round": 6.0}, "datetime": {"datetime": "2024-01-19 00:38:24", "elapsed": 1588.63402, "delta": 0.002306}}
{"target": -17.719601652902544, "params": {"gamma": 165.01260386210993, "log10_alpha": -2.4578881605783467, "log10_colsample_bytree": -0.8180368795303328, "log10_eta": -0.9383498048873435, "log10_lambda": -4.789960636725178, "log10_min_child_weight": 1.8769763214936819, "log10_subsample": -0.9396149999551036, "max_depth": 9.0, "num_boost_round": 7.0}, "datetime": {"datetime": "2024-01-19 00:38:24", "elapsed": 1588.636319, "delta": 0.002299}}
{"target": -17.726412582013644, "params": {"gamma": 165.01260386210993, "log10_alpha": -2.4578881605783467, "log10_colsample_bytree": -0.8180368795303328, "log10_eta": -0.9383498048873435, "log10_lambda": -4.789960636725178, "log10_min_child_weight": 1.8769763214936819, "log10_subsample": -0.9396149999551036, "max_depth": 9.0, "num_boost_round": 8.0}, "datetime": {"datetime": "2024-01-19 00:38:24", "elapsed": 1588.638645, "delta": 0.002326}}
{"target": -17.724914473224388, "params": {"gamma": 165.01260386210993, "log10_alpha": -2.4578881605783467, "log10_colsample_bytree": -0.8180368795303328, "log10_eta": -0.9383498048873435, "log10_lambda": -4.789960636725178, "log10_min_child_weight": 1.8769763214936819, "log10_subsample": -0.9396149999551036, "max_depth": 9.0, "num_boost_round": 9.0}, "datetime": {"datetime": "2024-01-19 00:38:24", "elapsed": 1588.641839, "delta": 0.003194}}
{"target": -17.75502848390057, "params": {"gamma": 165.01260386210993, "log10_alpha": -2.4578881605783467, "log10_colsample_bytree": -0.8180368795303328, "log10_eta": -0.9383498048873435, "log10_lambda": -4.789960636725178, "log10_min_child_weight": 1.8769763214936819, "log10_subsample": -0.9396149999551036, "max_depth": 9.0, "num_boost_round": 10.0}, "datetime": {"datetime": "2024-01-19 00:38:24", "elapsed": 1588.644551, "delta": 0.002712}}
{"target": -17.753601973622878, "params": {"gamma": 165.01260386210993, "log10_alpha": -2.4578881605783467, "log10_colsample_bytree": -0.8180368795303328, "log10_eta": -0.9383498048873435, "log10_lambda": -4.789960636725178, "log10_min_child_weight": 1.8769763214936819, "log10_subsample": -0.9396149999551036, "max_depth": 9.0, "num_boost_round": 11.0}, "datetime": {"datetime": "2024-01-19 00:38:24", "elapsed": 1588.646943, "delta": 0.002392}}
