{"target": -17.67694331028708, "params": {"gamma": 420.5542781765255, "log10_alpha": -4.589901843972713, "log10_colsample_bytree": -0.4266311675778104, "log10_eta": -3.5907031645581053, "log10_lambda": -3.6604883198746077, "log10_min_child_weight": 1.7273266378963104, "log10_subsample": -0.8039303308038038, "max_depth": 9.0, "num_boost_round": 23.0}, "datetime": {"datetime": "2024-01-19 01:08:52", "elapsed": 3425.414505, "delta": 0.004641}}
{"target": -17.676930555400038, "params": {"gamma": 420.5542781765255, "log10_alpha": -4.589901843972713, "log10_colsample_bytree": -0.4266311675778104, "log10_eta": -3.5907031645581053, "log10_lambda": -3.6604883198746077, "log10_min_child_weight": 1.7273266378963104, "log10_subsample": -0.8039303308038038, "max_depth": 9.0, "num_boost_round": 24.0}, "datetime": {"datetime": "2024-01-19 01:08:52", "elapsed": 3425.418978, "delta": 0.004473}}
{"target": -17.67722292767866, "params": {"gamma": 419.07114806264724, "log10_alpha": -3.2842341452871735, "log10_colsample_bytree": -0.6254194450750028, "log10_eta": -3.8120651881923826, "log10_lambda": -1.4924441788720895, "log10_min_child_weight": 1.8008751144252666, "log10_subsample": -0.5700508247063848, "max_depth": 8.0, "num_boost_round": 0.0}, "datetime": {"datetime": "2024-01-19 01:09:55", "elapsed": 3488.314542, "delta": 62.895564}}
{"target": -17.67719939788911, "params": {"gamma": 419.07114806264724, "log10_alpha": -3.2842341452871735, "log10_colsample_bytree": -0.6254194450750028, "log10_eta": -3.8120651881923826, "log10_lambda": -1.4924441788720895, "log10_min_child_weight": 1.8008751144252666, "log10_subsample": -0.5700508247063848, "max_depth": 8.0, "num_boost_round": 1.0}, "datetime": {"datetime": "2024-01-19 01:09:55", "elapsed": 3488.320119, "delta": 0.005577}}
{"target": -17.677189393262456, "params": {"gamma": 419.07114806264724, "log10_alpha": -3.2842341452871735, "log10_colsample_bytree": -0.6254194450750028, "log10_eta": -3.8120651881923826, "log10_lambda": -1.4924441788720895, "log10_min_child_weight": 1.8008751144252666, "log10_subsample": -0.5700508247063848, "max_depth": 8.0, "num_boost_round": 2.0}, "datetime": {"datetime": "2024-01-19 01:09:55", "elapsed": 3488.324723, "delta": 0.004604}}
{"target": -17.677180561634543, "params": {"gamma": 419.07114806264724, "log10_alpha": -3.2842341452871735, "log10_colsample_bytree": -0.6254194450750028, "log10_eta": -3.8120651881923826, "log10_lambda": -1.4924441788720895, "log10_min_child_weight": 1.8008751144252666, "log10_subsample": -0.5700508247063848, "max_depth": 8.0, "num_boost_round": 3.0}, "datetime": {"datetime": "2024-01-19 01:09:55", "elapsed": 3488.328848, "delta": 0.004125}}
{"target": -17.67716821165518, "params": {"gamma": 419.07114806264724, "log10_alpha": -3.2842341452871735, "log10_colsample_bytree": -0.6254194450750028, "log10_eta": -3.8120651881923826, "log10_lambda": -1.4924441788720895, "log10_min_child_weight": 1.8008751144252666, "log10_subsample": -0.5700508247063848, "max_depth": 8.0, "num_boost_round": 4.0}, "datetime": {"datetime": "2024-01-19 01:09:55", "elapsed": 3488.332976, "delta": 0.004128}}
{"target": -17.67715509776509, "params": {"gamma": 419.07114806264724, "log10_alpha": -3.2842341452871735, "log10_colsample_bytree": -0.6254194450750028, "log10_eta": -3.8120651881923826, "log10_lambda": -1.4924441788720895, "log10_min_child_weight": 1.8008751144252666, "log10_subsample": -0.5700508247063848, "max_depth": 8.0, "num_boost_round": 5.0}, "datetime": {"datetime": "2024-01-19 01:09:55", "elapsed": 3488.336972, "delta": 0.003996}}
{"target": -17.67716320013099, "params": {"gamma": 419.07114806264724, "log10_alpha": -3.2842341452871735, "log10_colsample_bytree": -0.6254194450750028, "log10_eta": -3.8120651881923826, "log10_lambda": -1.4924441788720895, "log10_min_child_weight": 1.8008751144252666, "log10_subsample": -0.5700508247063848, "max_depth": 8.0, "num_boost_round": 6.0}, "datetime": {"datetime": "2024-01-19 01:09:55", "elapsed": 3488.340997, "delta": 0.004025}}
{"target": -17.67714619591985, "params": {"gamma": 419.07114806264724, "log10_alpha": -3.2842341452871735, "log10_colsample_bytree": -0.6254194450750028, "log10_eta": -3.8120651881923826, "log10_lambda": -1.4924441788720895, "log10_min_child_weight": 1.8008751144252666, "log10_subsample": -0.5700508247063848, "max_depth": 8.0, "num_boost_round": 7.0}, "datetime": {"datetime": "2024-01-19 01:09:55", "elapsed": 3488.344943, "delta": 0.003946}}
{"target": -17.677137144508208, "params": {"gamma": 419.07114806264724, "log10_alpha": -3.2842341452871735, "log10_colsample_bytree": -0.6254194450750028, "log10_eta": -3.8120651881923826, "log10_lambda": -1.4924441788720895, "log10_min_child_weight": 1.8008751144252666, "log10_subsample": -0.5700508247063848, "max_depth": 8.0, "num_boost_round": 8.0}, "datetime": {"datetime": "2024-01-19 01:09:55", "elapsed": 3488.348959, "delta": 0.004016}}
{"target": -17.67711989695054, "params": {"gamma": 419.07114806264724, "log10_alpha": -3.2842341452871735, "log10_colsample_bytree": -0.6254194450750028, "log10_eta": -3.8120651881923826, "log10_lambda": -1.4924441788720895, "log10_min_child_weight": 1.8008751144252666, "log10_subsample": -0.5700508247063848, "max_depth": 8.0, "num_boost_round": 9.0}, "datetime": {"datetime": "2024-01-19 01:09:55", "elapsed": 3488.353185, "delta": 0.004226}}
{"target": -17.677097496038368, "params": {"gamma": 419.07114806264724, "log10_alpha": -3.2842341452871735, "log10_colsample_bytree": -0.6254194450750028, "log10_eta": -3.8120651881923826, "log10_lambda": -1.4924441788720895, "log10_min_child_weight": 1.8008751144252666, "log10_subsample": -0.5700508247063848, "max_depth": 8.0, "num_boost_round": 10.0}, "datetime": {"datetime": "2024-01-19 01:09:55", "elapsed": 3488.357305, "delta": 0.00412}}
{"target": -17.677092657745956, "params": {"gamma": 419.07114806264724, "log10_alpha": -3.2842341452871735, "log10_colsample_bytree": -0.6254194450750028, "log10_eta": -3.8120651881923826, "log10_lambda": -1.4924441788720895, "log10_min_child_weight": 1.8008751144252666, "log10_subsample": -0.5700508247063848, "max_depth": 8.0, "num_boost_round": 11.0}, "datetime": {"datetime": "2024-01-19 01:09:55", "elapsed": 3488.361468, "delta": 0.004163}}
{"target": -17.677085297482005, "params": {"gamma": 419.07114806264724, "log10_alpha": -3.2842341452871735, "log10_colsample_bytree": -0.6254194450750028, "log10_eta": -3.8120651881923826, "log10_lambda": -1.4924441788720895, "log10_min_child_weight": 1.8008751144252666, "log10_subsample": -0.5700508247063848, "max_depth": 8.0, "num_boost_round": 12.0}, "datetime": {"datetime": "2024-01-19 01:09:55", "elapsed": 3488.365526, "delta": 0.004058}}
{"target": -17.67707290968613, "params": {"gamma": 419.07114806264724, "log10_alpha": -3.2842341452871735, "log10_colsample_bytree": -0.6254194450750028, "log10_eta": -3.8120651881923826, "log10_lambda": -1.4924441788720895, "log10_min_child_weight": 1.8008751144252666, "log10_subsample": -0.5700508247063848, "max_depth": 8.0, "num_boost_round": 13.0}, "datetime": {"datetime": "2024-01-19 01:09:55", "elapsed": 3488.369563, "delta": 0.004037}}
{"target": -17.677077847292175, "params": {"gamma": 419.07114806264724, "log10_alpha": -3.2842341452871735, "log10_colsample_bytree": -0.6254194450750028, "log10_eta": -3.8120651881923826, "log10_lambda": -1.4924441788720895, "log10_min_child_weight": 1.8008751144252666, "log10_subsample": -0.5700508247063848, "max_depth": 8.0, "num_boost_round": 14.0}, "datetime": {"datetime": "2024-01-19 01:09:55", "elapsed": 3488.373739, "delta": 0.004176}}
{"target": -17.67708116177648, "params": {"gamma": 419.07114806264724, "log10_alpha": -3.2842341452871735, "log10_colsample_bytree": -0.6254194450750028, "log10_eta": -3.8120651881923826, "log10_lambda": -1.4924441788720895, "log10_min_child_weight": 1.8008751144252666, "log10_subsample": -0.5700508247063848, "max_depth": 8.0, "num_boost_round": 15.0}, "datetime": {"datetime": "2024-01-19 01:09:55", "elapsed": 3488.377717, "delta": 0.003978}}
{"target": -17.677078343621535, "params": {"gamma": 419.07114806264724, "log10_alpha": -3.2842341452871735, "log10_colsample_bytree": -0.6254194450750028, "log10_eta": -3.8120651881923826, "log10_lambda": -1.4924441788720895, "log10_min_child_weight": 1.8008751144252666, "log10_subsample": -0.5700508247063848, "max_depth": 8.0, "num_boost_round": 16.0}, "datetime": {"datetime": "2024-01-19 01:09:55", "elapsed": 3488.382045, "delta": 0.004328}}
{"target": -17.67707048461056, "params": {"gamma": 419.07114806264724, "log10_alpha": -3.2842341452871735, "log10_colsample_bytree": -0.6254194450750028, "log10_eta": -3.8120651881923826, "log10_lambda": -1.4924441788720895, "log10_min_child_weight": 1.8008751144252666, "log10_subsample": -0.5700508247063848, "max_depth": 8.0, "num_boost_round": 17.0}, "datetime": {"datetime": "2024-01-19 01:09:55", "elapsed": 3488.386203, "delta": 0.004158}}
{"target": -17.677069500473486, "params": {"gamma": 419.07114806264724, "log10_alpha": -3.2842341452871735, "log10_colsample_bytree": -0.6254194450750028, "log10_eta": -3.8120651881923826, "log10_lambda": -1.4924441788720895, "log10_min_child_weight": 1.8008751144252666, "log10_subsample": -0.5700508247063848, "max_depth": 8.0, "num_boost_round": 18.0}, "datetime": {"datetime": "2024-01-19 01:09:55", "elapsed": 3488.390458, "delta": 0.004255}}
{"target": -17.677058499534372, "params": {"gamma": 419.07114806264724, "log10_alpha": -3.2842341452871735, "log10_colsample_bytree": -0.6254194450750028, "log10_eta": -3.8120651881923826, "log10_lambda": -1.4924441788720895, "log10_min_child_weight": 1.8008751144252666, "log10_subsample": -0.5700508247063848, "max_depth": 8.0, "num_boost_round": 19.0}, "datetime": {"datetime": "2024-01-19 01:09:55", "elapsed": 3488.394576, "delta": 0.004118}}
{"target": -17.677055170141003, "params": {"gamma": 419.07114806264724, "log10_alpha": -3.2842341452871735, "log10_colsample_bytree": -0.6254194450750028, "log10_eta": -3.8120651881923826, "log10_lambda": -1.4924441788720895, "log10_min_child_weight": 1.8008751144252666, "log10_subsample": -0.5700508247063848, "max_depth": 8.0, "num_boost_round": 20.0}, "datetime": {"datetime": "2024-01-19 01:09:55", "elapsed": 3488.398683, "delta": 0.004107}}
{"target": -17.677044399408363, "params": {"gamma": 419.07114806264724, "log10_alpha": -3.2842341452871735, "log10_colsample_bytree": -0.6254194450750028, "log10_eta": -3.8120651881923826, "log10_lambda": -1.4924441788720895, "log10_min_child_weight": 1.8008751144252666, "log10_subsample": -0.5700508247063848, "max_depth": 8.0, "num_boost_round": 21.0}, "datetime": {"datetime": "2024-01-19 01:09:55", "elapsed": 3488.40307, "delta": 0.004387}}
{"target": -17.67703551385617, "params": {"gamma": 419.07114806264724, "log10_alpha": -3.2842341452871735, "log10_colsample_bytree": -0.6254194450750028, "log10_eta": -3.8120651881923826, "log10_lambda": -1.4924441788720895, "log10_min_child_weight": 1.8008751144252666, "log10_subsample": -0.5700508247063848, "max_depth": 8.0, "num_boost_round": 22.0}, "datetime": {"datetime": "2024-01-19 01:09:55", "elapsed": 3488.407369, "delta": 0.004299}}
{"target": -17.677028720893116, "params": {"gamma": 419.07114806264724, "log10_alpha": -3.2842341452871735, "log10_colsample_bytree": -0.6254194450750028, "log10_eta": -3.8120651881923826, "log10_lambda": -1.4924441788720895, "log10_min_child_weight": 1.8008751144252666, "log10_subsample": -0.5700508247063848, "max_depth": 8.0, "num_boost_round": 23.0}, "datetime": {"datetime": "2024-01-19 01:09:55", "elapsed": 3488.411465, "delta": 0.004096}}
{"target": -17.67702928214759, "params": {"gamma": 419.07114806264724, "log10_alpha": -3.2842341452871735, "log10_colsample_bytree": -0.6254194450750028, "log10_eta": -3.8120651881923826, "log10_lambda": -1.4924441788720895, "log10_min_child_weight": 1.8008751144252666, "log10_subsample": -0.5700508247063848, "max_depth": 8.0, "num_boost_round": 24.0}, "datetime": {"datetime": "2024-01-19 01:09:55", "elapsed": 3488.415446, "delta": 0.003981}}
{"target": -17.677021825338493, "params": {"gamma": 419.07114806264724, "log10_alpha": -3.2842341452871735, "log10_colsample_bytree": -0.6254194450750028, "log10_eta": -3.8120651881923826, "log10_lambda": -1.4924441788720895, "log10_min_child_weight": 1.8008751144252666, "log10_subsample": -0.5700508247063848, "max_depth": 8.0, "num_boost_round": 25.0}, "datetime": {"datetime": "2024-01-19 01:09:55", "elapsed": 3488.419495, "delta": 0.004049}}
{"target": -17.67702392055671, "params": {"gamma": 419.07114806264724, "log10_alpha": -3.2842341452871735, "log10_colsample_bytree": -0.6254194450750028, "log10_eta": -3.8120651881923826, "log10_lambda": -1.4924441788720895, "log10_min_child_weight": 1.8008751144252666, "log10_subsample": -0.5700508247063848, "max_depth": 8.0, "num_boost_round": 26.0}, "datetime": {"datetime": "2024-01-19 01:09:55", "elapsed": 3488.423678, "delta": 0.004183}}
{"target": -17.677229675988915, "params": {"gamma": 424.89905149361584, "log10_alpha": -1.825271470724057, "log10_colsample_bytree": -0.11475054827292697, "log10_eta": -3.8585478802426882, "log10_lambda": -1.373358849353587, "log10_min_child_weight": 3.2555196744770742, "log10_subsample": -0.4786286421119844, "max_depth": 2.0, "num_boost_round": 0.0}, "datetime": {"datetime": "2024-01-19 01:10:49", "elapsed": 3542.388198, "delta": 53.96452}}
{"target": -17.677225393709886, "params": {"gamma": 424.89905149361584, "log10_alpha": -1.825271470724057, "log10_colsample_bytree": -0.11475054827292697, "log10_eta": -3.8585478802426882, "log10_lambda": -1.373358849353587, "log10_min_child_weight": 3.2555196744770742, "log10_subsample": -0.4786286421119844, "max_depth": 2.0, "num_boost_round": 1.0}, "datetime": {"datetime": "2024-01-19 01:10:49", "elapsed": 3542.393266, "delta": 0.005068}}
{"target": -17.677221182721183, "params": {"gamma": 424.89905149361584, "log10_alpha": -1.825271470724057, "log10_colsample_bytree": -0.11475054827292697, "log10_eta": -3.8585478802426882, "log10_lambda": -1.373358849353587, "log10_min_child_weight": 3.2555196744770742, "log10_subsample": -0.4786286421119844, "max_depth": 2.0, "num_boost_round": 2.0}, "datetime": {"datetime": "2024-01-19 01:10:49", "elapsed": 3542.397589, "delta": 0.004323}}
{"target": -17.677219219222795, "params": {"gamma": 424.89905149361584, "log10_alpha": -1.825271470724057, "log10_colsample_bytree": -0.11475054827292697, "log10_eta": -3.8585478802426882, "log10_lambda": -1.373358849353587, "log10_min_child_weight": 3.2555196744770742, "log10_subsample": -0.4786286421119844, "max_depth": 2.0, "num_boost_round": 3.0}, "datetime": {"datetime": "2024-01-19 01:10:49", "elapsed": 3542.401714, "delta": 0.004125}}
{"target": -17.67721701316581, "params": {"gamma": 424.89905149361584, "log10_alpha": -1.825271470724057, "log10_colsample_bytree": -0.11475054827292697, "log10_eta": -3.8585478802426882, "log10_lambda": -1.373358849353587, "log10_min_child_weight": 3.2555196744770742, "log10_subsample": -0.4786286421119844, "max_depth": 2.0, "num_boost_round": 4.0}, "datetime": {"datetime": "2024-01-19 01:10:49", "elapsed": 3542.406054, "delta": 0.00434}}
{"target": -17.677213550703513, "params": {"gamma": 424.89905149361584, "log10_alpha": -1.825271470724057, "log10_colsample_bytree": -0.11475054827292697, "log10_eta": -3.8585478802426882, "log10_lambda": -1.373358849353587, "log10_min_child_weight": 3.2555196744770742, "log10_subsample": -0.4786286421119844, "max_depth": 2.0, "num_boost_round": 5.0}, "datetime": {"datetime": "2024-01-19 01:10:49", "elapsed": 3542.410309, "delta": 0.004255}}
{"target": -17.677209805279542, "params": {"gamma": 424.89905149361584, "log10_alpha": -1.825271470724057, "log10_colsample_bytree": -0.11475054827292697, "log10_eta": -3.8585478802426882, "log10_lambda": -1.373358849353587, "log10_min_child_weight": 3.2555196744770742, "log10_subsample": -0.4786286421119844, "max_depth": 2.0, "num_boost_round": 6.0}, "datetime": {"datetime": "2024-01-19 01:10:49", "elapsed": 3542.414406, "delta": 0.004097}}
{"target": -17.67720623233925, "params": {"gamma": 424.89905149361584, "log10_alpha": -1.825271470724057, "log10_colsample_bytree": -0.11475054827292697, "log10_eta": -3.8585478802426882, "log10_lambda": -1.373358849353587, "log10_min_child_weight": 3.2555196744770742, "log10_subsample": -0.4786286421119844, "max_depth": 2.0, "num_boost_round": 7.0}, "datetime": {"datetime": "2024-01-19 01:10:49", "elapsed": 3542.418429, "delta": 0.004023}}
{"target": -17.677202717478686, "params": {"gamma": 424.89905149361584, "log10_alpha": -1.825271470724057, "log10_colsample_bytree": -0.11475054827292697, "log10_eta": -3.8585478802426882, "log10_lambda": -1.373358849353587, "log10_min_child_weight": 3.2555196744770742, "log10_subsample": -0.4786286421119844, "max_depth": 2.0, "num_boost_round": 8.0}, "datetime": {"datetime": "2024-01-19 01:10:49", "elapsed": 3542.422504, "delta": 0.004075}}
{"target": -17.677199210496305, "params": {"gamma": 424.89905149361584, "log10_alpha": -1.825271470724057, "log10_colsample_bytree": -0.11475054827292697, "log10_eta": -3.8585478802426882, "log10_lambda": -1.373358849353587, "log10_min_child_weight": 3.2555196744770742, "log10_subsample": -0.4786286421119844, "max_depth": 2.0, "num_boost_round": 9.0}, "datetime": {"datetime": "2024-01-19 01:10:49", "elapsed": 3542.426687, "delta": 0.004183}}
{"target": -17.677195662691933, "params": {"gamma": 424.89905149361584, "log10_alpha": -1.825271470724057, "log10_colsample_bytree": -0.11475054827292697, "log10_eta": -3.8585478802426882, "log10_lambda": -1.373358849353587, "log10_min_child_weight": 3.2555196744770742, "log10_subsample": -0.4786286421119844, "max_depth": 2.0, "num_boost_round": 10.0}, "datetime": {"datetime": "2024-01-19 01:10:49", "elapsed": 3542.430764, "delta": 0.004077}}
{"target": -17.677192273279335, "params": {"gamma": 424.89905149361584, "log10_alpha": -1.825271470724057, "log10_colsample_bytree": -0.11475054827292697, "log10_eta": -3.8585478802426882, "log10_lambda": -1.373358849353587, "log10_min_child_weight": 3.2555196744770742, "log10_subsample": -0.4786286421119844, "max_depth": 2.0, "num_boost_round": 11.0}, "datetime": {"datetime": "2024-01-19 01:10:49", "elapsed": 3542.434802, "delta": 0.004038}}
{"target": -17.677188727736976, "params": {"gamma": 424.89905149361584, "log10_alpha": -1.825271470724057, "log10_colsample_bytree": -0.11475054827292697, "log10_eta": -3.8585478802426882, "log10_lambda": -1.373358849353587, "log10_min_child_weight": 3.2555196744770742, "log10_subsample": -0.4786286421119844, "max_depth": 2.0, "num_boost_round": 12.0}, "datetime": {"datetime": "2024-01-19 01:10:49", "elapsed": 3542.438875, "delta": 0.004073}}
{"target": -17.67718529898409, "params": {"gamma": 424.89905149361584, "log10_alpha": -1.825271470724057, "log10_colsample_bytree": -0.11475054827292697, "log10_eta": -3.8585478802426882, "log10_lambda": -1.373358849353587, "log10_min_child_weight": 3.2555196744770742, "log10_subsample": -0.4786286421119844, "max_depth": 2.0, "num_boost_round": 13.0}, "datetime": {"datetime": "2024-01-19 01:10:49", "elapsed": 3542.442939, "delta": 0.004064}}
{"target": -17.677181208106862, "params": {"gamma": 424.89905149361584, "log10_alpha": -1.825271470724057, "log10_colsample_bytree": -0.11475054827292697, "log10_eta": -3.8585478802426882, "log10_lambda": -1.373358849353587, "log10_min_child_weight": 3.2555196744770742, "log10_subsample": -0.4786286421119844, "max_depth": 2.0, "num_boost_round": 14.0}, "datetime": {"datetime": "2024-01-19 01:10:49", "elapsed": 3542.447076, "delta": 0.004137}}
{"target": -17.677177435997177, "params": {"gamma": 424.89905149361584, "log10_alpha": -1.825271470724057, "log10_colsample_bytree": -0.11475054827292697, "log10_eta": -3.8585478802426882, "log10_lambda": -1.373358849353587, "log10_min_child_weight": 3.2555196744770742, "log10_subsample": -0.4786286421119844, "max_depth": 2.0, "num_boost_round": 15.0}, "datetime": {"datetime": "2024-01-19 01:10:49", "elapsed": 3542.451235, "delta": 0.004159}}
{"target": -17.67717712864882, "params": {"gamma": 424.89905149361584, "log10_alpha": -1.825271470724057, "log10_colsample_bytree": -0.11475054827292697, "log10_eta": -3.8585478802426882, "log10_lambda": -1.373358849353587, "log10_min_child_weight": 3.2555196744770742, "log10_subsample": -0.4786286421119844, "max_depth": 2.0, "num_boost_round": 16.0}, "datetime": {"datetime": "2024-01-19 01:10:49", "elapsed": 3542.455475, "delta": 0.00424}}
{"target": -17.67717415340851, "params": {"gamma": 424.89905149361584, "log10_alpha": -1.825271470724057, "log10_colsample_bytree": -0.11475054827292697, "log10_eta": -3.8585478802426882, "log10_lambda": -1.373358849353587, "log10_min_child_weight": 3.2555196744770742, "log10_subsample": -0.4786286421119844, "max_depth": 2.0, "num_boost_round": 17.0}, "datetime": {"datetime": "2024-01-19 01:10:49", "elapsed": 3542.459549, "delta": 0.004074}}
{"target": -17.67717085107062, "params": {"gamma": 424.89905149361584, "log10_alpha": -1.825271470724057, "log10_colsample_bytree": -0.11475054827292697, "log10_eta": -3.8585478802426882, "log10_lambda": -1.373358849353587, "log10_min_child_weight": 3.2555196744770742, "log10_subsample": -0.4786286421119844, "max_depth": 2.0, "num_boost_round": 18.0}, "datetime": {"datetime": "2024-01-19 01:10:49", "elapsed": 3542.463612, "delta": 0.004063}}
{"target": -17.677168868215514, "params": {"gamma": 424.89905149361584, "log10_alpha": -1.825271470724057, "log10_colsample_bytree": -0.11475054827292697, "log10_eta": -3.8585478802426882, "log10_lambda": -1.373358849353587, "log10_min_child_weight": 3.2555196744770742, "log10_subsample": -0.4786286421119844, "max_depth": 2.0, "num_boost_round": 19.0}, "datetime": {"datetime": "2024-01-19 01:10:49", "elapsed": 3542.467751, "delta": 0.004139}}
