{"target": -13.75851844590872, "params": {"gamma": 523.8385952044357, "log10_alpha": -4.000461002287042, "log10_colsample_bytree": -0.7725854962255434, "log10_eta": -3.859405442606707, "log10_lambda": 0.8959945315919926, "log10_min_child_weight": 0.36495838920294843, "log10_subsample": -0.5815948202927816, "max_depth": 6.0, "num_boost_round": 3.0}, "datetime": {"datetime": "2024-01-19 00:42:11", "elapsed": 1863.428008, "delta": 0.002332}}
{"target": -13.758514868429652, "params": {"gamma": 523.8385952044357, "log10_alpha": -4.000461002287042, "log10_colsample_bytree": -0.7725854962255434, "log10_eta": -3.859405442606707, "log10_lambda": 0.8959945315919926, "log10_min_child_weight": 0.36495838920294843, "log10_subsample": -0.5815948202927816, "max_depth": 6.0, "num_boost_round": 4.0}, "datetime": {"datetime": "2024-01-19 00:42:11", "elapsed": 1863.430167, "delta": 0.002159}}
{"target": -13.758510418992653, "params": {"gamma": 523.8385952044357, "log10_alpha": -4.000461002287042, "log10_colsample_bytree": -0.7725854962255434, "log10_eta": -3.859405442606707, "log10_lambda": 0.8959945315919926, "log10_min_child_weight": 0.36495838920294843, "log10_subsample": -0.5815948202927816, "max_depth": 6.0, "num_boost_round": 5.0}, "datetime": {"datetime": "2024-01-19 00:42:11", "elapsed": 1863.432361, "delta": 0.002194}}
{"target": -13.758507035599338, "params": {"gamma": 523.8385952044357, "log10_alpha": -4.000461002287042, "log10_colsample_bytree": -0.7725854962255434, "log10_eta": -3.859405442606707, "log10_lambda": 0.8959945315919926, "log10_min_child_weight": 0.36495838920294843, "log10_subsample": -0.5815948202927816, "max_depth": 6.0, "num_boost_round": 6.0}, "datetime": {"datetime": "2024-01-19 00:42:11", "elapsed": 1863.434515, "delta": 0.002154}}
{"target": -13.758501996283583, "params": {"gamma": 523.8385952044357, "log10_alpha": -4.000461002287042, "log10_colsample_bytree": -0.7725854962255434, "log10_eta": -3.859405442606707, "log10_lambda": 0.8959945315919926, "log10_min_child_weight": 0.36495838920294843, "log10_subsample": -0.5815948202927816, "max_depth": 6.0, "num_boost_round": 7.0}, "datetime": {"datetime": "2024-01-19 00:42:11", "elapsed": 1863.436666, "delta": 0.002151}}
{"target": -13.75849781478631, "params": {"gamma": 523.8385952044357, "log10_alpha": -4.000461002287042, "log10_colsample_bytree": -0.7725854962255434, "log10_eta": -3.859405442606707, "log10_lambda": 0.8959945315919926, "log10_min_child_weight": 0.36495838920294843, "log10_subsample": -0.5815948202927816, "max_depth": 6.0, "num_boost_round": 8.0}, "datetime": {"datetime": "2024-01-19 00:42:11", "elapsed": 1863.438835, "delta": 0.002169}}
{"target": -13.75849740497269, "params": {"gamma": 523.8385952044357, "log10_alpha": -4.000461002287042, "log10_colsample_bytree": -0.7725854962255434, "log10_eta": -3.859405442606707, "log10_lambda": 0.8959945315919926, "log10_min_child_weight": 0.36495838920294843, "log10_subsample": -0.5815948202927816, "max_depth": 6.0, "num_boost_round": 9.0}, "datetime": {"datetime": "2024-01-19 00:42:11", "elapsed": 1863.445566, "delta": 0.006731}}
{"target": -13.758418024477182, "params": {"gamma": 549.5395148963819, "log10_alpha": 0.7397021891789208, "log10_colsample_bytree": -0.9316807988795294, "log10_eta": -1.861885747411113, "log10_lambda": -4.756391188662891, "log10_min_child_weight": 3.5230605898971943, "log10_subsample": -0.9425674485122504, "max_depth": 3.0, "num_boost_round": 0.0}, "datetime": {"datetime": "2024-01-19 00:42:46", "elapsed": 1897.900204, "delta": 34.454638}}
{"target": -13.758469856246542, "params": {"gamma": 549.5395148963819, "log10_alpha": 0.7397021891789208, "log10_colsample_bytree": -0.9316807988795294, "log10_eta": -1.861885747411113, "log10_lambda": -4.756391188662891, "log10_min_child_weight": 3.5230605898971943, "log10_subsample": -0.9425674485122504, "max_depth": 3.0, "num_boost_round": 1.0}, "datetime": {"datetime": "2024-01-19 00:42:46", "elapsed": 1897.90295, "delta": 0.002746}}
{"target": -13.758552995686221, "params": {"gamma": 549.5395148963819, "log10_alpha": 0.7397021891789208, "log10_colsample_bytree": -0.9316807988795294, "log10_eta": -1.861885747411113, "log10_lambda": -4.756391188662891, "log10_min_child_weight": 3.5230605898971943, "log10_subsample": -0.9425674485122504, "max_depth": 3.0, "num_boost_round": 2.0}, "datetime": {"datetime": "2024-01-19 00:42:46", "elapsed": 1897.905398, "delta": 0.002448}}
{"target": -13.758532746753474, "params": {"gamma": 549.5395148963819, "log10_alpha": 0.7397021891789208, "log10_colsample_bytree": -0.9316807988795294, "log10_eta": -1.861885747411113, "log10_lambda": -4.756391188662891, "log10_min_child_weight": 3.5230605898971943, "log10_subsample": -0.9425674485122504, "max_depth": 3.0, "num_boost_round": 3.0}, "datetime": {"datetime": "2024-01-19 00:42:46", "elapsed": 1897.907721, "delta": 0.002323}}
{"target": -13.758498613843924, "params": {"gamma": 549.5395148963819, "log10_alpha": 0.7397021891789208, "log10_colsample_bytree": -0.9316807988795294, "log10_eta": -1.861885747411113, "log10_lambda": -4.756391188662891, "log10_min_child_weight": 3.5230605898971943, "log10_subsample": -0.9425674485122504, "max_depth": 3.0, "num_boost_round": 4.0}, "datetime": {"datetime": "2024-01-19 00:42:46", "elapsed": 1897.909935, "delta": 0.002214}}
{"target": -13.758434094280103, "params": {"gamma": 549.5395148963819, "log10_alpha": 0.7397021891789208, "log10_colsample_bytree": -0.9316807988795294, "log10_eta": -1.861885747411113, "log10_lambda": -4.756391188662891, "log10_min_child_weight": 3.5230605898971943, "log10_subsample": -0.9425674485122504, "max_depth": 3.0, "num_boost_round": 5.0}, "datetime": {"datetime": "2024-01-19 00:42:46", "elapsed": 1897.91209, "delta": 0.002155}}
{"target": -13.758523447245103, "params": {"gamma": 549.5395148963819, "log10_alpha": 0.7397021891789208, "log10_colsample_bytree": -0.9316807988795294, "log10_eta": -1.861885747411113, "log10_lambda": -4.756391188662891, "log10_min_child_weight": 3.5230605898971943, "log10_subsample": -0.9425674485122504, "max_depth": 3.0, "num_boost_round": 6.0}, "datetime": {"datetime": "2024-01-19 00:42:46", "elapsed": 1897.914322, "delta": 0.002232}}
{"target": -13.75844956900818, "params": {"gamma": 549.5395148963819, "log10_alpha": 0.7397021891789208, "log10_colsample_bytree": -0.9316807988795294, "log10_eta": -1.861885747411113, "log10_lambda": -4.756391188662891, "log10_min_child_weight": 3.5230605898971943, "log10_subsample": -0.9425674485122504, "max_depth": 3.0, "num_boost_round": 7.0}, "datetime": {"datetime": "2024-01-19 00:42:46", "elapsed": 1897.916476, "delta": 0.002154}}
{"target": -13.758501452398564, "params": {"gamma": 549.5395148963819, "log10_alpha": 0.7397021891789208, "log10_colsample_bytree": -0.9316807988795294, "log10_eta": -1.861885747411113, "log10_lambda": -4.756391188662891, "log10_min_child_weight": 3.5230605898971943, "log10_subsample": -0.9425674485122504, "max_depth": 3.0, "num_boost_round": 8.0}, "datetime": {"datetime": "2024-01-19 00:42:46", "elapsed": 1897.918636, "delta": 0.00216}}
{"target": -13.758506018691692, "params": {"gamma": 549.5395148963819, "log10_alpha": 0.7397021891789208, "log10_colsample_bytree": -0.9316807988795294, "log10_eta": -1.861885747411113, "log10_lambda": -4.756391188662891, "log10_min_child_weight": 3.5230605898971943, "log10_subsample": -0.9425674485122504, "max_depth": 3.0, "num_boost_round": 9.0}, "datetime": {"datetime": "2024-01-19 00:42:46", "elapsed": 1897.92084, "delta": 0.002204}}
{"target": -13.758443260522979, "params": {"gamma": 549.5395148963819, "log10_alpha": 0.7397021891789208, "log10_colsample_bytree": -0.9316807988795294, "log10_eta": -1.861885747411113, "log10_lambda": -4.756391188662891, "log10_min_child_weight": 3.5230605898971943, "log10_subsample": -0.9425674485122504, "max_depth": 3.0, "num_boost_round": 10.0}, "datetime": {"datetime": "2024-01-19 00:42:46", "elapsed": 1897.922995, "delta": 0.002155}}
{"target": -13.758476963110974, "params": {"gamma": 549.5395148963819, "log10_alpha": 0.7397021891789208, "log10_colsample_bytree": -0.9316807988795294, "log10_eta": -1.861885747411113, "log10_lambda": -4.756391188662891, "log10_min_child_weight": 3.5230605898971943, "log10_subsample": -0.9425674485122504, "max_depth": 3.0, "num_boost_round": 11.0}, "datetime": {"datetime": "2024-01-19 00:42:46", "elapsed": 1897.925214, "delta": 0.002219}}
{"target": -13.758387663080148, "params": {"gamma": 549.5395148963819, "log10_alpha": 0.7397021891789208, "log10_colsample_bytree": -0.9316807988795294, "log10_eta": -1.861885747411113, "log10_lambda": -4.756391188662891, "log10_min_child_weight": 3.5230605898971943, "log10_subsample": -0.9425674485122504, "max_depth": 3.0, "num_boost_round": 12.0}, "datetime": {"datetime": "2024-01-19 00:42:46", "elapsed": 1897.927684, "delta": 0.00247}}
{"target": -13.758390240645912, "params": {"gamma": 549.5395148963819, "log10_alpha": 0.7397021891789208, "log10_colsample_bytree": -0.9316807988795294, "log10_eta": -1.861885747411113, "log10_lambda": -4.756391188662891, "log10_min_child_weight": 3.5230605898971943, "log10_subsample": -0.9425674485122504, "max_depth": 3.0, "num_boost_round": 13.0}, "datetime": {"datetime": "2024-01-19 00:42:46", "elapsed": 1897.929845, "delta": 0.002161}}
{"target": -13.758317213607828, "params": {"gamma": 549.5395148963819, "log10_alpha": 0.7397021891789208, "log10_colsample_bytree": -0.9316807988795294, "log10_eta": -1.861885747411113, "log10_lambda": -4.756391188662891, "log10_min_child_weight": 3.5230605898971943, "log10_subsample": -0.9425674485122504, "max_depth": 3.0, "num_boost_round": 14.0}, "datetime": {"datetime": "2024-01-19 00:42:46", "elapsed": 1897.932007, "delta": 0.002162}}
{"target": -13.758208249177866, "params": {"gamma": 549.5395148963819, "log10_alpha": 0.7397021891789208, "log10_colsample_bytree": -0.9316807988795294, "log10_eta": -1.861885747411113, "log10_lambda": -4.756391188662891, "log10_min_child_weight": 3.5230605898971943, "log10_subsample": -0.9425674485122504, "max_depth": 3.0, "num_boost_round": 15.0}, "datetime": {"datetime": "2024-01-19 00:42:46", "elapsed": 1897.934202, "delta": 0.002195}}
{"target": -13.758229536492099, "params": {"gamma": 549.5395148963819, "log10_alpha": 0.7397021891789208, "log10_colsample_bytree": -0.9316807988795294, "log10_eta": -1.861885747411113, "log10_lambda": -4.756391188662891, "log10_min_child_weight": 3.5230605898971943, "log10_subsample": -0.9425674485122504, "max_depth": 3.0, "num_boost_round": 16.0}, "datetime": {"datetime": "2024-01-19 00:42:46", "elapsed": 1898.043386, "delta": 0.109184}}
{"target": -13.758118108346277, "params": {"gamma": 549.5395148963819, "log10_alpha": 0.7397021891789208, "log10_colsample_bytree": -0.9316807988795294, "log10_eta": -1.861885747411113, "log10_lambda": -4.756391188662891, "log10_min_child_weight": 3.5230605898971943, "log10_subsample": -0.9425674485122504, "max_depth": 3.0, "num_boost_round": 17.0}, "datetime": {"datetime": "2024-01-19 00:42:46", "elapsed": 1898.046028, "delta": 0.002642}}
{"target": -13.758052257898825, "params": {"gamma": 549.5395148963819, "log10_alpha": 0.7397021891789208, "log10_colsample_bytree": -0.9316807988795294, "log10_eta": -1.861885747411113, "log10_lambda": -4.756391188662891, "log10_min_child_weight": 3.5230605898971943, "log10_subsample": -0.9425674485122504, "max_depth": 3.0, "num_boost_round": 18.0}, "datetime": {"datetime": "2024-01-19 00:42:46", "elapsed": 1898.048545, "delta": 0.002517}}
{"target": -13.75788999595897, "params": {"gamma": 549.5395148963819, "log10_alpha": 0.7397021891789208, "log10_colsample_bytree": -0.9316807988795294, "log10_eta": -1.861885747411113, "log10_lambda": -4.756391188662891, "log10_min_child_weight": 3.5230605898971943, "log10_subsample": -0.9425674485122504, "max_depth": 3.0, "num_boost_round": 19.0}, "datetime": {"datetime": "2024-01-19 00:42:46", "elapsed": 1898.050919, "delta": 0.002374}}
{"target": -13.75804802785436, "params": {"gamma": 549.5395148963819, "log10_alpha": 0.7397021891789208, "log10_colsample_bytree": -0.9316807988795294, "log10_eta": -1.861885747411113, "log10_lambda": -4.756391188662891, "log10_min_child_weight": 3.5230605898971943, "log10_subsample": -0.9425674485122504, "max_depth": 3.0, "num_boost_round": 20.0}, "datetime": {"datetime": "2024-01-19 00:42:46", "elapsed": 1898.053227, "delta": 0.002308}}
{"target": -13.75818266621165, "params": {"gamma": 549.5395148963819, "log10_alpha": 0.7397021891789208, "log10_colsample_bytree": -0.9316807988795294, "log10_eta": -1.861885747411113, "log10_lambda": -4.756391188662891, "log10_min_child_weight": 3.5230605898971943, "log10_subsample": -0.9425674485122504, "max_depth": 3.0, "num_boost_round": 21.0}, "datetime": {"datetime": "2024-01-19 00:42:46", "elapsed": 1898.055495, "delta": 0.002268}}
{"target": -13.758238408828912, "params": {"gamma": 549.5395148963819, "log10_alpha": 0.7397021891789208, "log10_colsample_bytree": -0.9316807988795294, "log10_eta": -1.861885747411113, "log10_lambda": -4.756391188662891, "log10_min_child_weight": 3.5230605898971943, "log10_subsample": -0.9425674485122504, "max_depth": 3.0, "num_boost_round": 22.0}, "datetime": {"datetime": "2024-01-19 00:42:46", "elapsed": 1898.057764, "delta": 0.002269}}
{"target": -13.758170743745618, "params": {"gamma": 549.5395148963819, "log10_alpha": 0.7397021891789208, "log10_colsample_bytree": -0.9316807988795294, "log10_eta": -1.861885747411113, "log10_lambda": -4.756391188662891, "log10_min_child_weight": 3.5230605898971943, "log10_subsample": -0.9425674485122504, "max_depth": 3.0, "num_boost_round": 23.0}, "datetime": {"datetime": "2024-01-19 00:42:46", "elapsed": 1898.060023, "delta": 0.002259}}
{"target": -13.758176784823814, "params": {"gamma": 549.5395148963819, "log10_alpha": 0.7397021891789208, "log10_colsample_bytree": -0.9316807988795294, "log10_eta": -1.861885747411113, "log10_lambda": -4.756391188662891, "log10_min_child_weight": 3.5230605898971943, "log10_subsample": -0.9425674485122504, "max_depth": 3.0, "num_boost_round": 24.0}, "datetime": {"datetime": "2024-01-19 00:42:46", "elapsed": 1898.062308, "delta": 0.002285}}
{"target": -13.758177313369174, "params": {"gamma": 549.5395148963819, "log10_alpha": 0.7397021891789208, "log10_colsample_bytree": -0.9316807988795294, "log10_eta": -1.861885747411113, "log10_lambda": -4.756391188662891, "log10_min_child_weight": 3.5230605898971943, "log10_subsample": -0.9425674485122504, "max_depth": 3.0, "num_boost_round": 25.0}, "datetime": {"datetime": "2024-01-19 00:42:46", "elapsed": 1898.064627, "delta": 0.002319}}
{"target": -13.7582594362658, "params": {"gamma": 549.5395148963819, "log10_alpha": 0.7397021891789208, "log10_colsample_bytree": -0.9316807988795294, "log10_eta": -1.861885747411113, "log10_lambda": -4.756391188662891, "log10_min_child_weight": 3.5230605898971943, "log10_subsample": -0.9425674485122504, "max_depth": 3.0, "num_boost_round": 26.0}, "datetime": {"datetime": "2024-01-19 00:42:46", "elapsed": 1898.06701, "delta": 0.002383}}
{"target": -13.758196538726198, "params": {"gamma": 549.5395148963819, "log10_alpha": 0.7397021891789208, "log10_colsample_bytree": -0.9316807988795294, "log10_eta": -1.861885747411113, "log10_lambda": -4.756391188662891, "log10_min_child_weight": 3.5230605898971943, "log10_subsample": -0.9425674485122504, "max_depth": 3.0, "num_boost_round": 27.0}, "datetime": {"datetime": "2024-01-19 00:42:46", "elapsed": 1898.069287, "delta": 0.002277}}
{"target": -13.7581091613898, "params": {"gamma": 549.5395148963819, "log10_alpha": 0.7397021891789208, "log10_colsample_bytree": -0.9316807988795294, "log10_eta": -1.861885747411113, "log10_lambda": -4.756391188662891, "log10_min_child_weight": 3.5230605898971943, "log10_subsample": -0.9425674485122504, "max_depth": 3.0, "num_boost_round": 28.0}, "datetime": {"datetime": "2024-01-19 00:42:46", "elapsed": 1898.071563, "delta": 0.002276}}
{"target": -13.758120259176348, "params": {"gamma": 549.5395148963819, "log10_alpha": 0.7397021891789208, "log10_colsample_bytree": -0.9316807988795294, "log10_eta": -1.861885747411113, "log10_lambda": -4.756391188662891, "log10_min_child_weight": 3.5230605898971943, "log10_subsample": -0.9425674485122504, "max_depth": 3.0, "num_boost_round": 29.0}, "datetime": {"datetime": "2024-01-19 00:42:46", "elapsed": 1898.073831, "delta": 0.002268}}
{"target": -13.757968545393922, "params": {"gamma": 549.5395148963819, "log10_alpha": 0.7397021891789208, "log10_colsample_bytree": -0.9316807988795294, "log10_eta": -1.861885747411113, "log10_lambda": -4.756391188662891, "log10_min_child_weight": 3.5230605898971943, "log10_subsample": -0.9425674485122504, "max_depth": 3.0, "num_boost_round": 30.0}, "datetime": {"datetime": "2024-01-19 00:42:46", "elapsed": 1898.076123, "delta": 0.002292}}
{"target": -13.758073919532391, "params": {"gamma": 549.5395148963819, "log10_alpha": 0.7397021891789208, "log10_colsample_bytree": -0.9316807988795294, "log10_eta": -1.861885747411113, "log10_lambda": -4.756391188662891, "log10_min_child_weight": 3.5230605898971943, "log10_subsample": -0.9425674485122504, "max_depth": 3.0, "num_boost_round": 31.0}, "datetime": {"datetime": "2024-01-19 00:42:46", "elapsed": 1898.07841, "delta": 0.002287}}
{"target": -13.75808112302752, "params": {"gamma": 549.5395148963819, "log10_alpha": 0.7397021891789208, "log10_colsample_bytree": -0.9316807988795294, "log10_eta": -1.861885747411113, "log10_lambda": -4.756391188662891, "log10_min_child_weight": 3.5230605898971943, "log10_subsample": -0.9425674485122504, "max_depth": 3.0, "num_boost_round": 32.0}, "datetime": {"datetime": "2024-01-19 00:42:46", "elapsed": 1898.080674, "delta": 0.002264}}
{"target": -13.758166832995506, "params": {"gamma": 549.5395148963819, "log10_alpha": 0.7397021891789208, "log10_colsample_bytree": -0.9316807988795294, "log10_eta": -1.861885747411113, "log10_lambda": -4.756391188662891, "log10_min_child_weight": 3.5230605898971943, "log10_subsample": -0.9425674485122504, "max_depth": 3.0, "num_boost_round": 33.0}, "datetime": {"datetime": "2024-01-19 00:42:46", "elapsed": 1898.082965, "delta": 0.002291}}
{"target": -13.758118709947707, "params": {"gamma": 549.5395148963819, "log10_alpha": 0.7397021891789208, "log10_colsample_bytree": -0.9316807988795294, "log10_eta": -1.861885747411113, "log10_lambda": -4.756391188662891, "log10_min_child_weight": 3.5230605898971943, "log10_subsample": -0.9425674485122504, "max_depth": 3.0, "num_boost_round": 34.0}, "datetime": {"datetime": "2024-01-19 00:42:46", "elapsed": 1898.085436, "delta": 0.002471}}
{"target": -13.758170227025962, "params": {"gamma": 549.5395148963819, "log10_alpha": 0.7397021891789208, "log10_colsample_bytree": -0.9316807988795294, "log10_eta": -1.861885747411113, "log10_lambda": -4.756391188662891, "log10_min_child_weight": 3.5230605898971943, "log10_subsample": -0.9425674485122504, "max_depth": 3.0, "num_boost_round": 35.0}, "datetime": {"datetime": "2024-01-19 00:42:46", "elapsed": 1898.087768, "delta": 0.002332}}
{"target": -13.758207745179142, "params": {"gamma": 549.5395148963819, "log10_alpha": 0.7397021891789208, "log10_colsample_bytree": -0.9316807988795294, "log10_eta": -1.861885747411113, "log10_lambda": -4.756391188662891, "log10_min_child_weight": 3.5230605898971943, "log10_subsample": -0.9425674485122504, "max_depth": 3.0, "num_boost_round": 36.0}, "datetime": {"datetime": "2024-01-19 00:42:46", "elapsed": 1898.090182, "delta": 0.002414}}
{"target": -13.758177364796314, "params": {"gamma": 549.5395148963819, "log10_alpha": 0.7397021891789208, "log10_colsample_bytree": -0.9316807988795294, "log10_eta": -1.861885747411113, "log10_lambda": -4.756391188662891, "log10_min_child_weight": 3.5230605898971943, "log10_subsample": -0.9425674485122504, "max_depth": 3.0, "num_boost_round": 37.0}, "datetime": {"datetime": "2024-01-19 00:42:46", "elapsed": 1898.092458, "delta": 0.002276}}
{"target": -13.758324703725368, "params": {"gamma": 549.5395148963819, "log10_alpha": 0.7397021891789208, "log10_colsample_bytree": -0.9316807988795294, "log10_eta": -1.861885747411113, "log10_lambda": -4.756391188662891, "log10_min_child_weight": 3.5230605898971943, "log10_subsample": -0.9425674485122504, "max_depth": 3.0, "num_boost_round": 38.0}, "datetime": {"datetime": "2024-01-19 00:42:46", "elapsed": 1898.094753, "delta": 0.002295}}
{"target": -13.75834888948619, "params": {"gamma": 549.5395148963819, "log10_alpha": 0.7397021891789208, "log10_colsample_bytree": -0.9316807988795294, "log10_eta": -1.861885747411113, "log10_lambda": -4.756391188662891, "log10_min_child_weight": 3.5230605898971943, "log10_subsample": -0.9425674485122504, "max_depth": 3.0, "num_boost_round": 39.0}, "datetime": {"datetime": "2024-01-19 00:42:46", "elapsed": 1898.097039, "delta": 0.002286}}
{"target": -13.758321765647711, "params": {"gamma": 549.5395148963819, "log10_alpha": 0.7397021891789208, "log10_colsample_bytree": -0.9316807988795294, "log10_eta": -1.861885747411113, "log10_lambda": -4.756391188662891, "log10_min_child_weight": 3.5230605898971943, "log10_subsample": -0.9425674485122504, "max_depth": 3.0, "num_boost_round": 40.0}, "datetime": {"datetime": "2024-01-19 00:42:46", "elapsed": 1898.099312, "delta": 0.002273}}
{"target": -13.758293851636807, "params": {"gamma": 549.5395148963819, "log10_alpha": 0.7397021891789208, "log10_colsample_bytree": -0.9316807988795294, "log10_eta": -1.861885747411113, "log10_lambda": -4.756391188662891, "log10_min_child_weight": 3.5230605898971943, "log10_subsample": -0.9425674485122504, "max_depth": 3.0, "num_boost_round": 41.0}, "datetime": {"datetime": "2024-01-19 00:42:46", "elapsed": 1898.101673, "delta": 0.002361}}
