{"target": -13.757580204062684, "params": {"gamma": 564.8746389987256, "log10_alpha": -3.8979921313474746, "log10_colsample_bytree": -0.12537301336539464, "log10_eta": -2.346256951104831, "log10_lambda": -4.966397766500083, "log10_min_child_weight": 4.071898920190408, "log10_subsample": -0.14116696018445307, "max_depth": 6.0, "num_boost_round": 19.0}, "datetime": {"datetime": "2024-01-19 01:30:33", "elapsed": 4765.679168, "delta": 0.005225}}
{"target": -13.757553590845903, "params": {"gamma": 564.8746389987256, "log10_alpha": -3.8979921313474746, "log10_colsample_bytree": -0.12537301336539464, "log10_eta": -2.346256951104831, "log10_lambda": -4.966397766500083, "log10_min_child_weight": 4.071898920190408, "log10_subsample": -0.14116696018445307, "max_depth": 6.0, "num_boost_round": 20.0}, "datetime": {"datetime": "2024-01-19 01:30:33", "elapsed": 4765.684329, "delta": 0.005161}}
{"target": -13.757650575125007, "params": {"gamma": 564.8746389987256, "log10_alpha": -3.8979921313474746, "log10_colsample_bytree": -0.12537301336539464, "log10_eta": -2.346256951104831, "log10_lambda": -4.966397766500083, "log10_min_child_weight": 4.071898920190408, "log10_subsample": -0.14116696018445307, "max_depth": 6.0, "num_boost_round": 21.0}, "datetime": {"datetime": "2024-01-19 01:30:33", "elapsed": 4765.690704, "delta": 0.006375}}
{"target": -13.757573159278463, "params": {"gamma": 564.8746389987256, "log10_alpha": -3.8979921313474746, "log10_colsample_bytree": -0.12537301336539464, "log10_eta": -2.346256951104831, "log10_lambda": -4.966397766500083, "log10_min_child_weight": 4.071898920190408, "log10_subsample": -0.14116696018445307, "max_depth": 6.0, "num_boost_round": 22.0}, "datetime": {"datetime": "2024-01-19 01:30:33", "elapsed": 4765.695914, "delta": 0.00521}}
{"target": -13.7575275402673, "params": {"gamma": 564.8746389987256, "log10_alpha": -3.8979921313474746, "log10_colsample_bytree": -0.12537301336539464, "log10_eta": -2.346256951104831, "log10_lambda": -4.966397766500083, "log10_min_child_weight": 4.071898920190408, "log10_subsample": -0.14116696018445307, "max_depth": 6.0, "num_boost_round": 23.0}, "datetime": {"datetime": "2024-01-19 01:30:33", "elapsed": 4765.701221, "delta": 0.005307}}
{"target": -13.757512789194525, "params": {"gamma": 564.8746389987256, "log10_alpha": -3.8979921313474746, "log10_colsample_bytree": -0.12537301336539464, "log10_eta": -2.346256951104831, "log10_lambda": -4.966397766500083, "log10_min_child_weight": 4.071898920190408, "log10_subsample": -0.14116696018445307, "max_depth": 6.0, "num_boost_round": 24.0}, "datetime": {"datetime": "2024-01-19 01:30:33", "elapsed": 4765.707115, "delta": 0.005894}}
{"target": -13.757529667574232, "params": {"gamma": 564.8746389987256, "log10_alpha": -3.8979921313474746, "log10_colsample_bytree": -0.12537301336539464, "log10_eta": -2.346256951104831, "log10_lambda": -4.966397766500083, "log10_min_child_weight": 4.071898920190408, "log10_subsample": -0.14116696018445307, "max_depth": 6.0, "num_boost_round": 25.0}, "datetime": {"datetime": "2024-01-19 01:30:33", "elapsed": 4765.71243, "delta": 0.005315}}
{"target": -13.757534136715943, "params": {"gamma": 564.8746389987256, "log10_alpha": -3.8979921313474746, "log10_colsample_bytree": -0.12537301336539464, "log10_eta": -2.346256951104831, "log10_lambda": -4.966397766500083, "log10_min_child_weight": 4.071898920190408, "log10_subsample": -0.14116696018445307, "max_depth": 6.0, "num_boost_round": 26.0}, "datetime": {"datetime": "2024-01-19 01:30:33", "elapsed": 4765.717613, "delta": 0.005183}}
{"target": -13.757540625013668, "params": {"gamma": 564.8746389987256, "log10_alpha": -3.8979921313474746, "log10_colsample_bytree": -0.12537301336539464, "log10_eta": -2.346256951104831, "log10_lambda": -4.966397766500083, "log10_min_child_weight": 4.071898920190408, "log10_subsample": -0.14116696018445307, "max_depth": 6.0, "num_boost_round": 27.0}, "datetime": {"datetime": "2024-01-19 01:30:33", "elapsed": 4765.722882, "delta": 0.005269}}
{"target": -13.7575338841889, "params": {"gamma": 564.8746389987256, "log10_alpha": -3.8979921313474746, "log10_colsample_bytree": -0.12537301336539464, "log10_eta": -2.346256951104831, "log10_lambda": -4.966397766500083, "log10_min_child_weight": 4.071898920190408, "log10_subsample": -0.14116696018445307, "max_depth": 6.0, "num_boost_round": 28.0}, "datetime": {"datetime": "2024-01-19 01:30:33", "elapsed": 4765.728024, "delta": 0.005142}}
{"target": -13.757461911280872, "params": {"gamma": 564.8746389987256, "log10_alpha": -3.8979921313474746, "log10_colsample_bytree": -0.12537301336539464, "log10_eta": -2.346256951104831, "log10_lambda": -4.966397766500083, "log10_min_child_weight": 4.071898920190408, "log10_subsample": -0.14116696018445307, "max_depth": 6.0, "num_boost_round": 29.0}, "datetime": {"datetime": "2024-01-19 01:30:33", "elapsed": 4765.733198, "delta": 0.005174}}
{"target": -13.757383047896345, "params": {"gamma": 564.8746389987256, "log10_alpha": -3.8979921313474746, "log10_colsample_bytree": -0.12537301336539464, "log10_eta": -2.346256951104831, "log10_lambda": -4.966397766500083, "log10_min_child_weight": 4.071898920190408, "log10_subsample": -0.14116696018445307, "max_depth": 6.0, "num_boost_round": 30.0}, "datetime": {"datetime": "2024-01-19 01:30:33", "elapsed": 4765.738469, "delta": 0.005271}}
{"target": -13.757381239086833, "params": {"gamma": 564.8746389987256, "log10_alpha": -3.8979921313474746, "log10_colsample_bytree": -0.12537301336539464, "log10_eta": -2.346256951104831, "log10_lambda": -4.966397766500083, "log10_min_child_weight": 4.071898920190408, "log10_subsample": -0.14116696018445307, "max_depth": 6.0, "num_boost_round": 31.0}, "datetime": {"datetime": "2024-01-19 01:30:33", "elapsed": 4765.743907, "delta": 0.005438}}
{"target": -13.757406256170013, "params": {"gamma": 564.8746389987256, "log10_alpha": -3.8979921313474746, "log10_colsample_bytree": -0.12537301336539464, "log10_eta": -2.346256951104831, "log10_lambda": -4.966397766500083, "log10_min_child_weight": 4.071898920190408, "log10_subsample": -0.14116696018445307, "max_depth": 6.0, "num_boost_round": 32.0}, "datetime": {"datetime": "2024-01-19 01:30:33", "elapsed": 4765.749627, "delta": 0.00572}}
{"target": -13.75742010500134, "params": {"gamma": 564.8746389987256, "log10_alpha": -3.8979921313474746, "log10_colsample_bytree": -0.12537301336539464, "log10_eta": -2.346256951104831, "log10_lambda": -4.966397766500083, "log10_min_child_weight": 4.071898920190408, "log10_subsample": -0.14116696018445307, "max_depth": 6.0, "num_boost_round": 33.0}, "datetime": {"datetime": "2024-01-19 01:30:33", "elapsed": 4765.755062, "delta": 0.005435}}
{"target": -13.757398455983093, "params": {"gamma": 564.8746389987256, "log10_alpha": -3.8979921313474746, "log10_colsample_bytree": -0.12537301336539464, "log10_eta": -2.346256951104831, "log10_lambda": -4.966397766500083, "log10_min_child_weight": 4.071898920190408, "log10_subsample": -0.14116696018445307, "max_depth": 6.0, "num_boost_round": 34.0}, "datetime": {"datetime": "2024-01-19 01:30:33", "elapsed": 4765.760138, "delta": 0.005076}}
{"target": -13.757367053713471, "params": {"gamma": 564.8746389987256, "log10_alpha": -3.8979921313474746, "log10_colsample_bytree": -0.12537301336539464, "log10_eta": -2.346256951104831, "log10_lambda": -4.966397766500083, "log10_min_child_weight": 4.071898920190408, "log10_subsample": -0.14116696018445307, "max_depth": 6.0, "num_boost_round": 35.0}, "datetime": {"datetime": "2024-01-19 01:30:33", "elapsed": 4765.765359, "delta": 0.005221}}
{"target": -13.757414014589003, "params": {"gamma": 564.8746389987256, "log10_alpha": -3.8979921313474746, "log10_colsample_bytree": -0.12537301336539464, "log10_eta": -2.346256951104831, "log10_lambda": -4.966397766500083, "log10_min_child_weight": 4.071898920190408, "log10_subsample": -0.14116696018445307, "max_depth": 6.0, "num_boost_round": 36.0}, "datetime": {"datetime": "2024-01-19 01:30:33", "elapsed": 4765.770652, "delta": 0.005293}}
{"target": -13.75744924299316, "params": {"gamma": 564.8746389987256, "log10_alpha": -3.8979921313474746, "log10_colsample_bytree": -0.12537301336539464, "log10_eta": -2.346256951104831, "log10_lambda": -4.966397766500083, "log10_min_child_weight": 4.071898920190408, "log10_subsample": -0.14116696018445307, "max_depth": 6.0, "num_boost_round": 37.0}, "datetime": {"datetime": "2024-01-19 01:30:33", "elapsed": 4765.776049, "delta": 0.005397}}
{"target": -13.75745801280625, "params": {"gamma": 564.8746389987256, "log10_alpha": -3.8979921313474746, "log10_colsample_bytree": -0.12537301336539464, "log10_eta": -2.346256951104831, "log10_lambda": -4.966397766500083, "log10_min_child_weight": 4.071898920190408, "log10_subsample": -0.14116696018445307, "max_depth": 6.0, "num_boost_round": 38.0}, "datetime": {"datetime": "2024-01-19 01:30:33", "elapsed": 4765.781557, "delta": 0.005508}}
{"target": -13.75746283066496, "params": {"gamma": 564.8746389987256, "log10_alpha": -3.8979921313474746, "log10_colsample_bytree": -0.12537301336539464, "log10_eta": -2.346256951104831, "log10_lambda": -4.966397766500083, "log10_min_child_weight": 4.071898920190408, "log10_subsample": -0.14116696018445307, "max_depth": 6.0, "num_boost_round": 39.0}, "datetime": {"datetime": "2024-01-19 01:30:33", "elapsed": 4765.787112, "delta": 0.005555}}
{"target": -13.757435354957313, "params": {"gamma": 564.8746389987256, "log10_alpha": -3.8979921313474746, "log10_colsample_bytree": -0.12537301336539464, "log10_eta": -2.346256951104831, "log10_lambda": -4.966397766500083, "log10_min_child_weight": 4.071898920190408, "log10_subsample": -0.14116696018445307, "max_depth": 6.0, "num_boost_round": 40.0}, "datetime": {"datetime": "2024-01-19 01:30:33", "elapsed": 4765.792364, "delta": 0.005252}}
{"target": -13.757403613176166, "params": {"gamma": 564.8746389987256, "log10_alpha": -3.8979921313474746, "log10_colsample_bytree": -0.12537301336539464, "log10_eta": -2.346256951104831, "log10_lambda": -4.966397766500083, "log10_min_child_weight": 4.071898920190408, "log10_subsample": -0.14116696018445307, "max_depth": 6.0, "num_boost_round": 41.0}, "datetime": {"datetime": "2024-01-19 01:30:33", "elapsed": 4765.797732, "delta": 0.005368}}
{"target": -13.757377840963555, "params": {"gamma": 564.8746389987256, "log10_alpha": -3.8979921313474746, "log10_colsample_bytree": -0.12537301336539464, "log10_eta": -2.346256951104831, "log10_lambda": -4.966397766500083, "log10_min_child_weight": 4.071898920190408, "log10_subsample": -0.14116696018445307, "max_depth": 6.0, "num_boost_round": 42.0}, "datetime": {"datetime": "2024-01-19 01:30:33", "elapsed": 4765.803045, "delta": 0.005313}}
{"target": -13.757431142653573, "params": {"gamma": 564.8746389987256, "log10_alpha": -3.8979921313474746, "log10_colsample_bytree": -0.12537301336539464, "log10_eta": -2.346256951104831, "log10_lambda": -4.966397766500083, "log10_min_child_weight": 4.071898920190408, "log10_subsample": -0.14116696018445307, "max_depth": 6.0, "num_boost_round": 43.0}, "datetime": {"datetime": "2024-01-19 01:30:34", "elapsed": 4765.808371, "delta": 0.005326}}
{"target": -13.757465609418297, "params": {"gamma": 564.8746389987256, "log10_alpha": -3.8979921313474746, "log10_colsample_bytree": -0.12537301336539464, "log10_eta": -2.346256951104831, "log10_lambda": -4.966397766500083, "log10_min_child_weight": 4.071898920190408, "log10_subsample": -0.14116696018445307, "max_depth": 6.0, "num_boost_round": 44.0}, "datetime": {"datetime": "2024-01-19 01:30:34", "elapsed": 4765.813553, "delta": 0.005182}}
{"target": -13.757463635366644, "params": {"gamma": 564.8746389987256, "log10_alpha": -3.8979921313474746, "log10_colsample_bytree": -0.12537301336539464, "log10_eta": -2.346256951104831, "log10_lambda": -4.966397766500083, "log10_min_child_weight": 4.071898920190408, "log10_subsample": -0.14116696018445307, "max_depth": 6.0, "num_boost_round": 45.0}, "datetime": {"datetime": "2024-01-19 01:30:34", "elapsed": 4765.818841, "delta": 0.005288}}
{"target": -13.757449891941699, "params": {"gamma": 564.8746389987256, "log10_alpha": -3.8979921313474746, "log10_colsample_bytree": -0.12537301336539464, "log10_eta": -2.346256951104831, "log10_lambda": -4.966397766500083, "log10_min_child_weight": 4.071898920190408, "log10_subsample": -0.14116696018445307, "max_depth": 6.0, "num_boost_round": 46.0}, "datetime": {"datetime": "2024-01-19 01:30:34", "elapsed": 4765.824292, "delta": 0.005451}}
{"target": -13.757457155506298, "params": {"gamma": 564.8746389987256, "log10_alpha": -3.8979921313474746, "log10_colsample_bytree": -0.12537301336539464, "log10_eta": -2.346256951104831, "log10_lambda": -4.966397766500083, "log10_min_child_weight": 4.071898920190408, "log10_subsample": -0.14116696018445307, "max_depth": 6.0, "num_boost_round": 47.0}, "datetime": {"datetime": "2024-01-19 01:30:34", "elapsed": 4765.829891, "delta": 0.005599}}
{"target": -13.757514474173751, "params": {"gamma": 564.8746389987256, "log10_alpha": -3.8979921313474746, "log10_colsample_bytree": -0.12537301336539464, "log10_eta": -2.346256951104831, "log10_lambda": -4.966397766500083, "log10_min_child_weight": 4.071898920190408, "log10_subsample": -0.14116696018445307, "max_depth": 6.0, "num_boost_round": 48.0}, "datetime": {"datetime": "2024-01-19 01:30:34", "elapsed": 4765.83526, "delta": 0.005369}}
{"target": -13.758537218141067, "params": {"gamma": 561.1834237834479, "log10_alpha": 0.4328596776383691, "log10_colsample_bytree": -0.8656147172900838, "log10_eta": -2.867406473998338, "log10_lambda": -2.9744990431473743, "log10_min_child_weight": 3.9784717002024217, "log10_subsample": -0.9503200294901211, "max_depth": 9.0, "num_boost_round": 0.0}, "datetime": {"datetime": "2024-01-19 01:31:43", "elapsed": 4835.428971, "delta": 69.593711}}
{"target": -13.75852970623688, "params": {"gamma": 561.1834237834479, "log10_alpha": 0.4328596776383691, "log10_colsample_bytree": -0.8656147172900838, "log10_eta": -2.867406473998338, "log10_lambda": -2.9744990431473743, "log10_min_child_weight": 3.9784717002024217, "log10_subsample": -0.9503200294901211, "max_depth": 9.0, "num_boost_round": 1.0}, "datetime": {"datetime": "2024-01-19 01:31:43", "elapsed": 4835.436085, "delta": 0.007114}}
{"target": -13.758523136152899, "params": {"gamma": 561.1834237834479, "log10_alpha": 0.4328596776383691, "log10_colsample_bytree": -0.8656147172900838, "log10_eta": -2.867406473998338, "log10_lambda": -2.9744990431473743, "log10_min_child_weight": 3.9784717002024217, "log10_subsample": -0.9503200294901211, "max_depth": 9.0, "num_boost_round": 2.0}, "datetime": {"datetime": "2024-01-19 01:31:43", "elapsed": 4835.441522, "delta": 0.005437}}
{"target": -13.758529306684578, "params": {"gamma": 561.1834237834479, "log10_alpha": 0.4328596776383691, "log10_colsample_bytree": -0.8656147172900838, "log10_eta": -2.867406473998338, "log10_lambda": -2.9744990431473743, "log10_min_child_weight": 3.9784717002024217, "log10_subsample": -0.9503200294901211, "max_depth": 9.0, "num_boost_round": 3.0}, "datetime": {"datetime": "2024-01-19 01:31:43", "elapsed": 4835.44666, "delta": 0.005138}}
{"target": -13.758526082940532, "params": {"gamma": 561.1834237834479, "log10_alpha": 0.4328596776383691, "log10_colsample_bytree": -0.8656147172900838, "log10_eta": -2.867406473998338, "log10_lambda": -2.9744990431473743, "log10_min_child_weight": 3.9784717002024217, "log10_subsample": -0.9503200294901211, "max_depth": 9.0, "num_boost_round": 4.0}, "datetime": {"datetime": "2024-01-19 01:31:43", "elapsed": 4835.451819, "delta": 0.005159}}
{"target": -13.758519346867015, "params": {"gamma": 561.1834237834479, "log10_alpha": 0.4328596776383691, "log10_colsample_bytree": -0.8656147172900838, "log10_eta": -2.867406473998338, "log10_lambda": -2.9744990431473743, "log10_min_child_weight": 3.9784717002024217, "log10_subsample": -0.9503200294901211, "max_depth": 9.0, "num_boost_round": 5.0}, "datetime": {"datetime": "2024-01-19 01:31:43", "elapsed": 4835.457167, "delta": 0.005348}}
{"target": -13.75852949673032, "params": {"gamma": 561.1834237834479, "log10_alpha": 0.4328596776383691, "log10_colsample_bytree": -0.8656147172900838, "log10_eta": -2.867406473998338, "log10_lambda": -2.9744990431473743, "log10_min_child_weight": 3.9784717002024217, "log10_subsample": -0.9503200294901211, "max_depth": 9.0, "num_boost_round": 6.0}, "datetime": {"datetime": "2024-01-19 01:31:43", "elapsed": 4835.462272, "delta": 0.005105}}
{"target": -13.75852672108958, "params": {"gamma": 561.1834237834479, "log10_alpha": 0.4328596776383691, "log10_colsample_bytree": -0.8656147172900838, "log10_eta": -2.867406473998338, "log10_lambda": -2.9744990431473743, "log10_min_child_weight": 3.9784717002024217, "log10_subsample": -0.9503200294901211, "max_depth": 9.0, "num_boost_round": 7.0}, "datetime": {"datetime": "2024-01-19 01:31:43", "elapsed": 4835.467485, "delta": 0.005213}}
{"target": -13.758521462300788, "params": {"gamma": 561.1834237834479, "log10_alpha": 0.4328596776383691, "log10_colsample_bytree": -0.8656147172900838, "log10_eta": -2.867406473998338, "log10_lambda": -2.9744990431473743, "log10_min_child_weight": 3.9784717002024217, "log10_subsample": -0.9503200294901211, "max_depth": 9.0, "num_boost_round": 8.0}, "datetime": {"datetime": "2024-01-19 01:31:43", "elapsed": 4835.472652, "delta": 0.005167}}
{"target": -13.758523933089723, "params": {"gamma": 561.1834237834479, "log10_alpha": 0.4328596776383691, "log10_colsample_bytree": -0.8656147172900838, "log10_eta": -2.867406473998338, "log10_lambda": -2.9744990431473743, "log10_min_child_weight": 3.9784717002024217, "log10_subsample": -0.9503200294901211, "max_depth": 9.0, "num_boost_round": 9.0}, "datetime": {"datetime": "2024-01-19 01:31:43", "elapsed": 4835.478121, "delta": 0.005469}}
{"target": -13.75852418293095, "params": {"gamma": 561.1834237834479, "log10_alpha": 0.4328596776383691, "log10_colsample_bytree": -0.8656147172900838, "log10_eta": -2.867406473998338, "log10_lambda": -2.9744990431473743, "log10_min_child_weight": 3.9784717002024217, "log10_subsample": -0.9503200294901211, "max_depth": 9.0, "num_boost_round": 10.0}, "datetime": {"datetime": "2024-01-19 01:31:43", "elapsed": 4835.483354, "delta": 0.005233}}
{"target": -13.758526593391597, "params": {"gamma": 561.1834237834479, "log10_alpha": 0.4328596776383691, "log10_colsample_bytree": -0.8656147172900838, "log10_eta": -2.867406473998338, "log10_lambda": -2.9744990431473743, "log10_min_child_weight": 3.9784717002024217, "log10_subsample": -0.9503200294901211, "max_depth": 9.0, "num_boost_round": 11.0}, "datetime": {"datetime": "2024-01-19 01:31:43", "elapsed": 4835.488605, "delta": 0.005251}}
{"target": -13.758534710282742, "params": {"gamma": 561.1834237834479, "log10_alpha": 0.4328596776383691, "log10_colsample_bytree": -0.8656147172900838, "log10_eta": -2.867406473998338, "log10_lambda": -2.9744990431473743, "log10_min_child_weight": 3.9784717002024217, "log10_subsample": -0.9503200294901211, "max_depth": 9.0, "num_boost_round": 12.0}, "datetime": {"datetime": "2024-01-19 01:31:43", "elapsed": 4835.493733, "delta": 0.005128}}
{"target": -13.758531668790889, "params": {"gamma": 561.1834237834479, "log10_alpha": 0.4328596776383691, "log10_colsample_bytree": -0.8656147172900838, "log10_eta": -2.867406473998338, "log10_lambda": -2.9744990431473743, "log10_min_child_weight": 3.9784717002024217, "log10_subsample": -0.9503200294901211, "max_depth": 9.0, "num_boost_round": 13.0}, "datetime": {"datetime": "2024-01-19 01:31:43", "elapsed": 4835.49905, "delta": 0.005317}}
{"target": -13.758527627920804, "params": {"gamma": 561.1834237834479, "log10_alpha": 0.4328596776383691, "log10_colsample_bytree": -0.8656147172900838, "log10_eta": -2.867406473998338, "log10_lambda": -2.9744990431473743, "log10_min_child_weight": 3.9784717002024217, "log10_subsample": -0.9503200294901211, "max_depth": 9.0, "num_boost_round": 14.0}, "datetime": {"datetime": "2024-01-19 01:31:43", "elapsed": 4835.504145, "delta": 0.005095}}
{"target": -13.75852235896905, "params": {"gamma": 561.1834237834479, "log10_alpha": 0.4328596776383691, "log10_colsample_bytree": -0.8656147172900838, "log10_eta": -2.867406473998338, "log10_lambda": -2.9744990431473743, "log10_min_child_weight": 3.9784717002024217, "log10_subsample": -0.9503200294901211, "max_depth": 9.0, "num_boost_round": 15.0}, "datetime": {"datetime": "2024-01-19 01:31:43", "elapsed": 4835.5093, "delta": 0.005155}}
{"target": -13.7585173462097, "params": {"gamma": 561.1834237834479, "log10_alpha": 0.4328596776383691, "log10_colsample_bytree": -0.8656147172900838, "log10_eta": -2.867406473998338, "log10_lambda": -2.9744990431473743, "log10_min_child_weight": 3.9784717002024217, "log10_subsample": -0.9503200294901211, "max_depth": 9.0, "num_boost_round": 16.0}, "datetime": {"datetime": "2024-01-19 01:31:43", "elapsed": 4835.51456, "delta": 0.00526}}
{"target": -13.758506157086352, "params": {"gamma": 561.1834237834479, "log10_alpha": 0.4328596776383691, "log10_colsample_bytree": -0.8656147172900838, "log10_eta": -2.867406473998338, "log10_lambda": -2.9744990431473743, "log10_min_child_weight": 3.9784717002024217, "log10_subsample": -0.9503200294901211, "max_depth": 9.0, "num_boost_round": 17.0}, "datetime": {"datetime": "2024-01-19 01:31:43", "elapsed": 4835.519953, "delta": 0.005393}}
{"target": -13.758507978431767, "params": {"gamma": 561.1834237834479, "log10_alpha": 0.4328596776383691, "log10_colsample_bytree": -0.8656147172900838, "log10_eta": -2.867406473998338, "log10_lambda": -2.9744990431473743, "log10_min_child_weight": 3.9784717002024217, "log10_subsample": -0.9503200294901211, "max_depth": 9.0, "num_boost_round": 18.0}, "datetime": {"datetime": "2024-01-19 01:31:43", "elapsed": 4835.525039, "delta": 0.005086}}
