{"target": -13.758520691542758, "params": {"gamma": 959.5647240305633, "log10_alpha": -0.04419526445540889, "log10_colsample_bytree": -0.4690934120557875, "log10_eta": -3.8357040540639757, "log10_lambda": -4.520412743756259, "log10_min_child_weight": 3.5297714890588754, "log10_subsample": -0.3687855371385047, "max_depth": 3.0, "num_boost_round": 10.0}, "datetime": {"datetime": "2024-01-19 00:20:31", "elapsed": 532.68541, "delta": 0.000952}}
{"target": -13.758518585747368, "params": {"gamma": 959.5647240305633, "log10_alpha": -0.04419526445540889, "log10_colsample_bytree": -0.4690934120557875, "log10_eta": -3.8357040540639757, "log10_lambda": -4.520412743756259, "log10_min_child_weight": 3.5297714890588754, "log10_subsample": -0.3687855371385047, "max_depth": 3.0, "num_boost_round": 11.0}, "datetime": {"datetime": "2024-01-19 00:20:31", "elapsed": 532.686447, "delta": 0.001037}}
{"target": -13.75853731943567, "params": {"gamma": 976.1889873675916, "log10_alpha": -3.9753633881926267, "log10_colsample_bytree": -0.3015604228856117, "log10_eta": -4.0, "log10_lambda": -2.342774591224944, "log10_min_child_weight": 0.43865425400502545, "log10_subsample": -0.0506463356724105, "max_depth": 2.0, "num_boost_round": 0.0}, "datetime": {"datetime": "2024-01-19 00:20:54", "elapsed": 555.714367, "delta": 23.02792}}
{"target": -13.758535518405939, "params": {"gamma": 976.1889873675916, "log10_alpha": -3.9753633881926267, "log10_colsample_bytree": -0.3015604228856117, "log10_eta": -4.0, "log10_lambda": -2.342774591224944, "log10_min_child_weight": 0.43865425400502545, "log10_subsample": -0.0506463356724105, "max_depth": 2.0, "num_boost_round": 1.0}, "datetime": {"datetime": "2024-01-19 00:20:54", "elapsed": 555.715787, "delta": 0.00142}}
{"target": -13.758535475647745, "params": {"gamma": 976.1889873675916, "log10_alpha": -3.9753633881926267, "log10_colsample_bytree": -0.3015604228856117, "log10_eta": -4.0, "log10_lambda": -2.342774591224944, "log10_min_child_weight": 0.43865425400502545, "log10_subsample": -0.0506463356724105, "max_depth": 2.0, "num_boost_round": 2.0}, "datetime": {"datetime": "2024-01-19 00:20:54", "elapsed": 555.717034, "delta": 0.001247}}
{"target": -13.758535582462402, "params": {"gamma": 976.1889873675916, "log10_alpha": -3.9753633881926267, "log10_colsample_bytree": -0.3015604228856117, "log10_eta": -4.0, "log10_lambda": -2.342774591224944, "log10_min_child_weight": 0.43865425400502545, "log10_subsample": -0.0506463356724105, "max_depth": 2.0, "num_boost_round": 3.0}, "datetime": {"datetime": "2024-01-19 00:20:54", "elapsed": 555.718261, "delta": 0.001227}}
{"target": -13.75853435705896, "params": {"gamma": 976.1889873675916, "log10_alpha": -3.9753633881926267, "log10_colsample_bytree": -0.3015604228856117, "log10_eta": -4.0, "log10_lambda": -2.342774591224944, "log10_min_child_weight": 0.43865425400502545, "log10_subsample": -0.0506463356724105, "max_depth": 2.0, "num_boost_round": 4.0}, "datetime": {"datetime": "2024-01-19 00:20:54", "elapsed": 555.719349, "delta": 0.001088}}
{"target": -13.758533901929097, "params": {"gamma": 976.1889873675916, "log10_alpha": -3.9753633881926267, "log10_colsample_bytree": -0.3015604228856117, "log10_eta": -4.0, "log10_lambda": -2.342774591224944, "log10_min_child_weight": 0.43865425400502545, "log10_subsample": -0.0506463356724105, "max_depth": 2.0, "num_boost_round": 5.0}, "datetime": {"datetime": "2024-01-19 00:20:54", "elapsed": 555.720315, "delta": 0.000966}}
{"target": -13.758533844084623, "params": {"gamma": 976.1889873675916, "log10_alpha": -3.9753633881926267, "log10_colsample_bytree": -0.3015604228856117, "log10_eta": -4.0, "log10_lambda": -2.342774591224944, "log10_min_child_weight": 0.43865425400502545, "log10_subsample": -0.0506463356724105, "max_depth": 2.0, "num_boost_round": 6.0}, "datetime": {"datetime": "2024-01-19 00:20:54", "elapsed": 555.721268, "delta": 0.000953}}
{"target": -13.758532795845491, "params": {"gamma": 976.1889873675916, "log10_alpha": -3.9753633881926267, "log10_colsample_bytree": -0.3015604228856117, "log10_eta": -4.0, "log10_lambda": -2.342774591224944, "log10_min_child_weight": 0.43865425400502545, "log10_subsample": -0.0506463356724105, "max_depth": 2.0, "num_boost_round": 7.0}, "datetime": {"datetime": "2024-01-19 00:20:54", "elapsed": 555.722226, "delta": 0.000958}}
{"target": -13.758531457314364, "params": {"gamma": 976.1889873675916, "log10_alpha": -3.9753633881926267, "log10_colsample_bytree": -0.3015604228856117, "log10_eta": -4.0, "log10_lambda": -2.342774591224944, "log10_min_child_weight": 0.43865425400502545, "log10_subsample": -0.0506463356724105, "max_depth": 2.0, "num_boost_round": 8.0}, "datetime": {"datetime": "2024-01-19 00:20:54", "elapsed": 555.723178, "delta": 0.000952}}
{"target": -13.758530780658614, "params": {"gamma": 976.1889873675916, "log10_alpha": -3.9753633881926267, "log10_colsample_bytree": -0.3015604228856117, "log10_eta": -4.0, "log10_lambda": -2.342774591224944, "log10_min_child_weight": 0.43865425400502545, "log10_subsample": -0.0506463356724105, "max_depth": 2.0, "num_boost_round": 9.0}, "datetime": {"datetime": "2024-01-19 00:20:54", "elapsed": 555.724174, "delta": 0.000996}}
{"target": -13.758529924194582, "params": {"gamma": 976.1889873675916, "log10_alpha": -3.9753633881926267, "log10_colsample_bytree": -0.3015604228856117, "log10_eta": -4.0, "log10_lambda": -2.342774591224944, "log10_min_child_weight": 0.43865425400502545, "log10_subsample": -0.0506463356724105, "max_depth": 2.0, "num_boost_round": 10.0}, "datetime": {"datetime": "2024-01-19 00:20:54", "elapsed": 555.72513, "delta": 0.000956}}
{"target": -13.758528523975732, "params": {"gamma": 976.1889873675916, "log10_alpha": -3.9753633881926267, "log10_colsample_bytree": -0.3015604228856117, "log10_eta": -4.0, "log10_lambda": -2.342774591224944, "log10_min_child_weight": 0.43865425400502545, "log10_subsample": -0.0506463356724105, "max_depth": 2.0, "num_boost_round": 11.0}, "datetime": {"datetime": "2024-01-19 00:20:54", "elapsed": 555.726089, "delta": 0.000959}}
{"target": -13.75852767137676, "params": {"gamma": 976.1889873675916, "log10_alpha": -3.9753633881926267, "log10_colsample_bytree": -0.3015604228856117, "log10_eta": -4.0, "log10_lambda": -2.342774591224944, "log10_min_child_weight": 0.43865425400502545, "log10_subsample": -0.0506463356724105, "max_depth": 2.0, "num_boost_round": 12.0}, "datetime": {"datetime": "2024-01-19 00:20:54", "elapsed": 555.727139, "delta": 0.00105}}
{"target": -13.758526630516936, "params": {"gamma": 976.1889873675916, "log10_alpha": -3.9753633881926267, "log10_colsample_bytree": -0.3015604228856117, "log10_eta": -4.0, "log10_lambda": -2.342774591224944, "log10_min_child_weight": 0.43865425400502545, "log10_subsample": -0.0506463356724105, "max_depth": 2.0, "num_boost_round": 13.0}, "datetime": {"datetime": "2024-01-19 00:20:54", "elapsed": 555.729579, "delta": 0.00244}}
{"target": -13.758525420150313, "params": {"gamma": 976.1889873675916, "log10_alpha": -3.9753633881926267, "log10_colsample_bytree": -0.3015604228856117, "log10_eta": -4.0, "log10_lambda": -2.342774591224944, "log10_min_child_weight": 0.43865425400502545, "log10_subsample": -0.0506463356724105, "max_depth": 2.0, "num_boost_round": 14.0}, "datetime": {"datetime": "2024-01-19 00:20:54", "elapsed": 555.730643, "delta": 0.001064}}
{"target": -13.75852372156735, "params": {"gamma": 976.1889873675916, "log10_alpha": -3.9753633881926267, "log10_colsample_bytree": -0.3015604228856117, "log10_eta": -4.0, "log10_lambda": -2.342774591224944, "log10_min_child_weight": 0.43865425400502545, "log10_subsample": -0.0506463356724105, "max_depth": 2.0, "num_boost_round": 15.0}, "datetime": {"datetime": "2024-01-19 00:20:54", "elapsed": 555.731654, "delta": 0.001011}}
{"target": -13.758522525819558, "params": {"gamma": 976.1889873675916, "log10_alpha": -3.9753633881926267, "log10_colsample_bytree": -0.3015604228856117, "log10_eta": -4.0, "log10_lambda": -2.342774591224944, "log10_min_child_weight": 0.43865425400502545, "log10_subsample": -0.0506463356724105, "max_depth": 2.0, "num_boost_round": 16.0}, "datetime": {"datetime": "2024-01-19 00:20:54", "elapsed": 555.732632, "delta": 0.000978}}
{"target": -13.7585224397369, "params": {"gamma": 976.1889873675916, "log10_alpha": -3.9753633881926267, "log10_colsample_bytree": -0.3015604228856117, "log10_eta": -4.0, "log10_lambda": -2.342774591224944, "log10_min_child_weight": 0.43865425400502545, "log10_subsample": -0.0506463356724105, "max_depth": 2.0, "num_boost_round": 17.0}, "datetime": {"datetime": "2024-01-19 00:20:54", "elapsed": 555.733598, "delta": 0.000966}}
{"target": -13.7585210808694, "params": {"gamma": 976.1889873675916, "log10_alpha": -3.9753633881926267, "log10_colsample_bytree": -0.3015604228856117, "log10_eta": -4.0, "log10_lambda": -2.342774591224944, "log10_min_child_weight": 0.43865425400502545, "log10_subsample": -0.0506463356724105, "max_depth": 2.0, "num_boost_round": 18.0}, "datetime": {"datetime": "2024-01-19 00:20:54", "elapsed": 555.734568, "delta": 0.00097}}
{"target": -13.758519779027138, "params": {"gamma": 976.1889873675916, "log10_alpha": -3.9753633881926267, "log10_colsample_bytree": -0.3015604228856117, "log10_eta": -4.0, "log10_lambda": -2.342774591224944, "log10_min_child_weight": 0.43865425400502545, "log10_subsample": -0.0506463356724105, "max_depth": 2.0, "num_boost_round": 19.0}, "datetime": {"datetime": "2024-01-19 00:20:54", "elapsed": 555.735544, "delta": 0.000976}}
{"target": -13.75851791405005, "params": {"gamma": 976.1889873675916, "log10_alpha": -3.9753633881926267, "log10_colsample_bytree": -0.3015604228856117, "log10_eta": -4.0, "log10_lambda": -2.342774591224944, "log10_min_child_weight": 0.43865425400502545, "log10_subsample": -0.0506463356724105, "max_depth": 2.0, "num_boost_round": 20.0}, "datetime": {"datetime": "2024-01-19 00:20:54", "elapsed": 555.736515, "delta": 0.000971}}
{"target": -13.758517881609679, "params": {"gamma": 976.1889873675916, "log10_alpha": -3.9753633881926267, "log10_colsample_bytree": -0.3015604228856117, "log10_eta": -4.0, "log10_lambda": -2.342774591224944, "log10_min_child_weight": 0.43865425400502545, "log10_subsample": -0.0506463356724105, "max_depth": 2.0, "num_boost_round": 21.0}, "datetime": {"datetime": "2024-01-19 00:20:54", "elapsed": 555.73761, "delta": 0.001095}}
{"target": -13.758516219317029, "params": {"gamma": 976.1889873675916, "log10_alpha": -3.9753633881926267, "log10_colsample_bytree": -0.3015604228856117, "log10_eta": -4.0, "log10_lambda": -2.342774591224944, "log10_min_child_weight": 0.43865425400502545, "log10_subsample": -0.0506463356724105, "max_depth": 2.0, "num_boost_round": 22.0}, "datetime": {"datetime": "2024-01-19 00:20:54", "elapsed": 555.73858, "delta": 0.00097}}
{"target": -13.758515603873358, "params": {"gamma": 976.1889873675916, "log10_alpha": -3.9753633881926267, "log10_colsample_bytree": -0.3015604228856117, "log10_eta": -4.0, "log10_lambda": -2.342774591224944, "log10_min_child_weight": 0.43865425400502545, "log10_subsample": -0.0506463356724105, "max_depth": 2.0, "num_boost_round": 23.0}, "datetime": {"datetime": "2024-01-19 00:20:54", "elapsed": 555.73955, "delta": 0.00097}}
{"target": -13.758515534704845, "params": {"gamma": 976.1889873675916, "log10_alpha": -3.9753633881926267, "log10_colsample_bytree": -0.3015604228856117, "log10_eta": -4.0, "log10_lambda": -2.342774591224944, "log10_min_child_weight": 0.43865425400502545, "log10_subsample": -0.0506463356724105, "max_depth": 2.0, "num_boost_round": 24.0}, "datetime": {"datetime": "2024-01-19 00:20:54", "elapsed": 555.74052, "delta": 0.00097}}
{"target": -13.758514006141182, "params": {"gamma": 976.1889873675916, "log10_alpha": -3.9753633881926267, "log10_colsample_bytree": -0.3015604228856117, "log10_eta": -4.0, "log10_lambda": -2.342774591224944, "log10_min_child_weight": 0.43865425400502545, "log10_subsample": -0.0506463356724105, "max_depth": 2.0, "num_boost_round": 25.0}, "datetime": {"datetime": "2024-01-19 00:20:54", "elapsed": 555.741485, "delta": 0.000965}}
{"target": -13.758464268151382, "params": {"gamma": 979.590245633012, "log10_alpha": -1.344306944561425, "log10_colsample_bytree": -0.7814608482625123, "log10_eta": -2.417176507232539, "log10_lambda": -4.210368948498784, "log10_min_child_weight": 2.258850793826022, "log10_subsample": -0.28930425012038297, "max_depth": 3.0, "num_boost_round": 0.0}, "datetime": {"datetime": "2024-01-19 00:21:21", "elapsed": 582.577458, "delta": 26.835973}}
{"target": -13.758471820216588, "params": {"gamma": 979.590245633012, "log10_alpha": -1.344306944561425, "log10_colsample_bytree": -0.7814608482625123, "log10_eta": -2.417176507232539, "log10_lambda": -4.210368948498784, "log10_min_child_weight": 2.258850793826022, "log10_subsample": -0.28930425012038297, "max_depth": 3.0, "num_boost_round": 1.0}, "datetime": {"datetime": "2024-01-19 00:21:21", "elapsed": 582.578613, "delta": 0.001155}}
{"target": -13.75845456611493, "params": {"gamma": 979.590245633012, "log10_alpha": -1.344306944561425, "log10_colsample_bytree": -0.7814608482625123, "log10_eta": -2.417176507232539, "log10_lambda": -4.210368948498784, "log10_min_child_weight": 2.258850793826022, "log10_subsample": -0.28930425012038297, "max_depth": 3.0, "num_boost_round": 2.0}, "datetime": {"datetime": "2024-01-19 00:21:21", "elapsed": 582.579611, "delta": 0.000998}}
{"target": -13.758374147999943, "params": {"gamma": 979.590245633012, "log10_alpha": -1.344306944561425, "log10_colsample_bytree": -0.7814608482625123, "log10_eta": -2.417176507232539, "log10_lambda": -4.210368948498784, "log10_min_child_weight": 2.258850793826022, "log10_subsample": -0.28930425012038297, "max_depth": 3.0, "num_boost_round": 3.0}, "datetime": {"datetime": "2024-01-19 00:21:21", "elapsed": 582.58071, "delta": 0.001099}}
{"target": -13.758366608153006, "params": {"gamma": 979.590245633012, "log10_alpha": -1.344306944561425, "log10_colsample_bytree": -0.7814608482625123, "log10_eta": -2.417176507232539, "log10_lambda": -4.210368948498784, "log10_min_child_weight": 2.258850793826022, "log10_subsample": -0.28930425012038297, "max_depth": 3.0, "num_boost_round": 4.0}, "datetime": {"datetime": "2024-01-19 00:21:21", "elapsed": 582.581692, "delta": 0.000982}}
{"target": -13.758337473577159, "params": {"gamma": 979.590245633012, "log10_alpha": -1.344306944561425, "log10_colsample_bytree": -0.7814608482625123, "log10_eta": -2.417176507232539, "log10_lambda": -4.210368948498784, "log10_min_child_weight": 2.258850793826022, "log10_subsample": -0.28930425012038297, "max_depth": 3.0, "num_boost_round": 5.0}, "datetime": {"datetime": "2024-01-19 00:21:21", "elapsed": 582.582685, "delta": 0.000993}}
{"target": -13.758268857267065, "params": {"gamma": 979.590245633012, "log10_alpha": -1.344306944561425, "log10_colsample_bytree": -0.7814608482625123, "log10_eta": -2.417176507232539, "log10_lambda": -4.210368948498784, "log10_min_child_weight": 2.258850793826022, "log10_subsample": -0.28930425012038297, "max_depth": 3.0, "num_boost_round": 6.0}, "datetime": {"datetime": "2024-01-19 00:21:21", "elapsed": 582.583664, "delta": 0.000979}}
{"target": -13.758209889972088, "params": {"gamma": 979.590245633012, "log10_alpha": -1.344306944561425, "log10_colsample_bytree": -0.7814608482625123, "log10_eta": -2.417176507232539, "log10_lambda": -4.210368948498784, "log10_min_child_weight": 2.258850793826022, "log10_subsample": -0.28930425012038297, "max_depth": 3.0, "num_boost_round": 7.0}, "datetime": {"datetime": "2024-01-19 00:21:21", "elapsed": 582.584703, "delta": 0.001039}}
{"target": -13.75825075562172, "params": {"gamma": 979.590245633012, "log10_alpha": -1.344306944561425, "log10_colsample_bytree": -0.7814608482625123, "log10_eta": -2.417176507232539, "log10_lambda": -4.210368948498784, "log10_min_child_weight": 2.258850793826022, "log10_subsample": -0.28930425012038297, "max_depth": 3.0, "num_boost_round": 8.0}, "datetime": {"datetime": "2024-01-19 00:21:21", "elapsed": 582.585687, "delta": 0.000984}}
{"target": -13.758218209905058, "params": {"gamma": 979.590245633012, "log10_alpha": -1.344306944561425, "log10_colsample_bytree": -0.7814608482625123, "log10_eta": -2.417176507232539, "log10_lambda": -4.210368948498784, "log10_min_child_weight": 2.258850793826022, "log10_subsample": -0.28930425012038297, "max_depth": 3.0, "num_boost_round": 9.0}, "datetime": {"datetime": "2024-01-19 00:21:21", "elapsed": 582.58676, "delta": 0.001073}}
{"target": -13.758180010621272, "params": {"gamma": 979.590245633012, "log10_alpha": -1.344306944561425, "log10_colsample_bytree": -0.7814608482625123, "log10_eta": -2.417176507232539, "log10_lambda": -4.210368948498784, "log10_min_child_weight": 2.258850793826022, "log10_subsample": -0.28930425012038297, "max_depth": 3.0, "num_boost_round": 10.0}, "datetime": {"datetime": "2024-01-19 00:21:21", "elapsed": 582.587974, "delta": 0.001214}}
{"target": -13.758172806480061, "params": {"gamma": 979.590245633012, "log10_alpha": -1.344306944561425, "log10_colsample_bytree": -0.7814608482625123, "log10_eta": -2.417176507232539, "log10_lambda": -4.210368948498784, "log10_min_child_weight": 2.258850793826022, "log10_subsample": -0.28930425012038297, "max_depth": 3.0, "num_boost_round": 11.0}, "datetime": {"datetime": "2024-01-19 00:21:21", "elapsed": 582.588992, "delta": 0.001018}}
{"target": -13.758115076854468, "params": {"gamma": 979.590245633012, "log10_alpha": -1.344306944561425, "log10_colsample_bytree": -0.7814608482625123, "log10_eta": -2.417176507232539, "log10_lambda": -4.210368948498784, "log10_min_child_weight": 2.258850793826022, "log10_subsample": -0.28930425012038297, "max_depth": 3.0, "num_boost_round": 12.0}, "datetime": {"datetime": "2024-01-19 00:21:21", "elapsed": 582.589986, "delta": 0.000994}}
{"target": -13.758046077233487, "params": {"gamma": 979.590245633012, "log10_alpha": -1.344306944561425, "log10_colsample_bytree": -0.7814608482625123, "log10_eta": -2.417176507232539, "log10_lambda": -4.210368948498784, "log10_min_child_weight": 2.258850793826022, "log10_subsample": -0.28930425012038297, "max_depth": 3.0, "num_boost_round": 13.0}, "datetime": {"datetime": "2024-01-19 00:21:21", "elapsed": 582.590982, "delta": 0.000996}}
{"target": -13.758008693550252, "params": {"gamma": 979.590245633012, "log10_alpha": -1.344306944561425, "log10_colsample_bytree": -0.7814608482625123, "log10_eta": -2.417176507232539, "log10_lambda": -4.210368948498784, "log10_min_child_weight": 2.258850793826022, "log10_subsample": -0.28930425012038297, "max_depth": 3.0, "num_boost_round": 14.0}, "datetime": {"datetime": "2024-01-19 00:21:21", "elapsed": 582.591977, "delta": 0.000995}}
{"target": -13.757989508119156, "params": {"gamma": 979.590245633012, "log10_alpha": -1.344306944561425, "log10_colsample_bytree": -0.7814608482625123, "log10_eta": -2.417176507232539, "log10_lambda": -4.210368948498784, "log10_min_child_weight": 2.258850793826022, "log10_subsample": -0.28930425012038297, "max_depth": 3.0, "num_boost_round": 15.0}, "datetime": {"datetime": "2024-01-19 00:21:21", "elapsed": 582.592971, "delta": 0.000994}}
{"target": -13.757969935509276, "params": {"gamma": 979.590245633012, "log10_alpha": -1.344306944561425, "log10_colsample_bytree": -0.7814608482625123, "log10_eta": -2.417176507232539, "log10_lambda": -4.210368948498784, "log10_min_child_weight": 2.258850793826022, "log10_subsample": -0.28930425012038297, "max_depth": 3.0, "num_boost_round": 16.0}, "datetime": {"datetime": "2024-01-19 00:21:21", "elapsed": 582.593977, "delta": 0.001006}}
{"target": -13.757985415154105, "params": {"gamma": 979.590245633012, "log10_alpha": -1.344306944561425, "log10_colsample_bytree": -0.7814608482625123, "log10_eta": -2.417176507232539, "log10_lambda": -4.210368948498784, "log10_min_child_weight": 2.258850793826022, "log10_subsample": -0.28930425012038297, "max_depth": 3.0, "num_boost_round": 17.0}, "datetime": {"datetime": "2024-01-19 00:21:21", "elapsed": 582.594971, "delta": 0.000994}}
{"target": -13.757937972924207, "params": {"gamma": 979.590245633012, "log10_alpha": -1.344306944561425, "log10_colsample_bytree": -0.7814608482625123, "log10_eta": -2.417176507232539, "log10_lambda": -4.210368948498784, "log10_min_child_weight": 2.258850793826022, "log10_subsample": -0.28930425012038297, "max_depth": 3.0, "num_boost_round": 18.0}, "datetime": {"datetime": "2024-01-19 00:21:21", "elapsed": 582.595966, "delta": 0.000995}}
{"target": -13.757889347800447, "params": {"gamma": 979.590245633012, "log10_alpha": -1.344306944561425, "log10_colsample_bytree": -0.7814608482625123, "log10_eta": -2.417176507232539, "log10_lambda": -4.210368948498784, "log10_min_child_weight": 2.258850793826022, "log10_subsample": -0.28930425012038297, "max_depth": 3.0, "num_boost_round": 19.0}, "datetime": {"datetime": "2024-01-19 00:21:21", "elapsed": 582.596962, "delta": 0.000996}}
{"target": -13.757787914884899, "params": {"gamma": 979.590245633012, "log10_alpha": -1.344306944561425, "log10_colsample_bytree": -0.7814608482625123, "log10_eta": -2.417176507232539, "log10_lambda": -4.210368948498784, "log10_min_child_weight": 2.258850793826022, "log10_subsample": -0.28930425012038297, "max_depth": 3.0, "num_boost_round": 20.0}, "datetime": {"datetime": "2024-01-19 00:21:21", "elapsed": 582.598026, "delta": 0.001064}}
{"target": -13.757713280572396, "params": {"gamma": 979.590245633012, "log10_alpha": -1.344306944561425, "log10_colsample_bytree": -0.7814608482625123, "log10_eta": -2.417176507232539, "log10_lambda": -4.210368948498784, "log10_min_child_weight": 2.258850793826022, "log10_subsample": -0.28930425012038297, "max_depth": 3.0, "num_boost_round": 21.0}, "datetime": {"datetime": "2024-01-19 00:21:21", "elapsed": 582.599035, "delta": 0.001009}}
