{"target": -13.758447024299738, "params": {"gamma": 127.66836597103904, "log10_alpha": 0.5103925206310436, "log10_colsample_bytree": -0.3006239702557113, "log10_eta": -3.3749984248669693, "log10_lambda": -0.7592817812943213, "log10_min_child_weight": 0.26990768981708935, "log10_subsample": -0.8193044109126089, "max_depth": 5.0, "num_boost_round": 14.0}, "datetime": {"datetime": "2024-01-19 01:21:58", "elapsed": 4225.723292, "delta": 0.00437}}
{"target": -13.758422625836227, "params": {"gamma": 127.66836597103904, "log10_alpha": 0.5103925206310436, "log10_colsample_bytree": -0.3006239702557113, "log10_eta": -3.3749984248669693, "log10_lambda": -0.7592817812943213, "log10_min_child_weight": 0.26990768981708935, "log10_subsample": -0.8193044109126089, "max_depth": 5.0, "num_boost_round": 15.0}, "datetime": {"datetime": "2024-01-19 01:21:58", "elapsed": 4225.727671, "delta": 0.004379}}
{"target": -13.758417301805363, "params": {"gamma": 127.66836597103904, "log10_alpha": 0.5103925206310436, "log10_colsample_bytree": -0.3006239702557113, "log10_eta": -3.3749984248669693, "log10_lambda": -0.7592817812943213, "log10_min_child_weight": 0.26990768981708935, "log10_subsample": -0.8193044109126089, "max_depth": 5.0, "num_boost_round": 16.0}, "datetime": {"datetime": "2024-01-19 01:21:58", "elapsed": 4225.732248, "delta": 0.004577}}
{"target": -13.783330765722772, "params": {"gamma": 711.2178637768724, "log10_alpha": -5.0, "log10_colsample_bytree": 0.0, "log10_eta": 0.0, "log10_lambda": -5.0, "log10_min_child_weight": 5.0, "log10_subsample": 0.0, "max_depth": 9.0, "num_boost_round": 0.0}, "datetime": {"datetime": "2024-01-19 01:22:51", "elapsed": 4279.419665, "delta": 53.687417}}
{"target": -13.806023161067797, "params": {"gamma": 711.2178637768724, "log10_alpha": -5.0, "log10_colsample_bytree": 0.0, "log10_eta": 0.0, "log10_lambda": -5.0, "log10_min_child_weight": 5.0, "log10_subsample": 0.0, "max_depth": 9.0, "num_boost_round": 1.0}, "datetime": {"datetime": "2024-01-19 01:22:51", "elapsed": 4279.425284, "delta": 0.005619}}
{"target": -13.808865156328302, "params": {"gamma": 711.2178637768724, "log10_alpha": -5.0, "log10_colsample_bytree": 0.0, "log10_eta": 0.0, "log10_lambda": -5.0, "log10_min_child_weight": 5.0, "log10_subsample": 0.0, "max_depth": 9.0, "num_boost_round": 2.0}, "datetime": {"datetime": "2024-01-19 01:22:51", "elapsed": 4279.430208, "delta": 0.004924}}
{"target": -13.8181565145212, "params": {"gamma": 711.2178637768724, "log10_alpha": -5.0, "log10_colsample_bytree": 0.0, "log10_eta": 0.0, "log10_lambda": -5.0, "log10_min_child_weight": 5.0, "log10_subsample": 0.0, "max_depth": 9.0, "num_boost_round": 3.0}, "datetime": {"datetime": "2024-01-19 01:22:51", "elapsed": 4279.434833, "delta": 0.004625}}
{"target": -13.835233509878174, "params": {"gamma": 711.2178637768724, "log10_alpha": -5.0, "log10_colsample_bytree": 0.0, "log10_eta": 0.0, "log10_lambda": -5.0, "log10_min_child_weight": 5.0, "log10_subsample": 0.0, "max_depth": 9.0, "num_boost_round": 4.0}, "datetime": {"datetime": "2024-01-19 01:22:51", "elapsed": 4279.439476, "delta": 0.004643}}
{"target": -13.836874475128951, "params": {"gamma": 711.2178637768724, "log10_alpha": -5.0, "log10_colsample_bytree": 0.0, "log10_eta": 0.0, "log10_lambda": -5.0, "log10_min_child_weight": 5.0, "log10_subsample": 0.0, "max_depth": 9.0, "num_boost_round": 5.0}, "datetime": {"datetime": "2024-01-19 01:22:51", "elapsed": 4279.44414, "delta": 0.004664}}
{"target": -13.845884610045559, "params": {"gamma": 711.2178637768724, "log10_alpha": -5.0, "log10_colsample_bytree": 0.0, "log10_eta": 0.0, "log10_lambda": -5.0, "log10_min_child_weight": 5.0, "log10_subsample": 0.0, "max_depth": 9.0, "num_boost_round": 6.0}, "datetime": {"datetime": "2024-01-19 01:22:51", "elapsed": 4279.448822, "delta": 0.004682}}
{"target": -13.852278120831581, "params": {"gamma": 711.2178637768724, "log10_alpha": -5.0, "log10_colsample_bytree": 0.0, "log10_eta": 0.0, "log10_lambda": -5.0, "log10_min_child_weight": 5.0, "log10_subsample": 0.0, "max_depth": 9.0, "num_boost_round": 7.0}, "datetime": {"datetime": "2024-01-19 01:22:51", "elapsed": 4279.453366, "delta": 0.004544}}
{"target": -13.860533434504937, "params": {"gamma": 711.2178637768724, "log10_alpha": -5.0, "log10_colsample_bytree": 0.0, "log10_eta": 0.0, "log10_lambda": -5.0, "log10_min_child_weight": 5.0, "log10_subsample": 0.0, "max_depth": 9.0, "num_boost_round": 8.0}, "datetime": {"datetime": "2024-01-19 01:22:51", "elapsed": 4279.45831, "delta": 0.004944}}
{"target": -13.87069941749227, "params": {"gamma": 711.2178637768724, "log10_alpha": -5.0, "log10_colsample_bytree": 0.0, "log10_eta": 0.0, "log10_lambda": -5.0, "log10_min_child_weight": 5.0, "log10_subsample": 0.0, "max_depth": 9.0, "num_boost_round": 9.0}, "datetime": {"datetime": "2024-01-19 01:22:51", "elapsed": 4279.46305, "delta": 0.00474}}
{"target": -13.758680140947417, "params": {"gamma": 704.9009673470639, "log10_alpha": -0.706446377746432, "log10_colsample_bytree": -0.06865315434360053, "log10_eta": -2.730540822023625, "log10_lambda": 0.006395234428350882, "log10_min_child_weight": 1.824782951357884, "log10_subsample": -0.6862293281594148, "max_depth": 7.0, "num_boost_round": 0.0}, "datetime": {"datetime": "2024-01-19 01:23:49", "elapsed": 4336.834123, "delta": 57.371073}}
{"target": -13.758594523042039, "params": {"gamma": 704.9009673470639, "log10_alpha": -0.706446377746432, "log10_colsample_bytree": -0.06865315434360053, "log10_eta": -2.730540822023625, "log10_lambda": 0.006395234428350882, "log10_min_child_weight": 1.824782951357884, "log10_subsample": -0.6862293281594148, "max_depth": 7.0, "num_boost_round": 1.0}, "datetime": {"datetime": "2024-01-19 01:23:49", "elapsed": 4336.840195, "delta": 0.006072}}
{"target": -13.758623359591049, "params": {"gamma": 704.9009673470639, "log10_alpha": -0.706446377746432, "log10_colsample_bytree": -0.06865315434360053, "log10_eta": -2.730540822023625, "log10_lambda": 0.006395234428350882, "log10_min_child_weight": 1.824782951357884, "log10_subsample": -0.6862293281594148, "max_depth": 7.0, "num_boost_round": 2.0}, "datetime": {"datetime": "2024-01-19 01:23:49", "elapsed": 4336.844976, "delta": 0.004781}}
{"target": -13.758601345259605, "params": {"gamma": 704.9009673470639, "log10_alpha": -0.706446377746432, "log10_colsample_bytree": -0.06865315434360053, "log10_eta": -2.730540822023625, "log10_lambda": 0.006395234428350882, "log10_min_child_weight": 1.824782951357884, "log10_subsample": -0.6862293281594148, "max_depth": 7.0, "num_boost_round": 3.0}, "datetime": {"datetime": "2024-01-19 01:23:49", "elapsed": 4336.84944, "delta": 0.004464}}
{"target": -13.758580056841966, "params": {"gamma": 704.9009673470639, "log10_alpha": -0.706446377746432, "log10_colsample_bytree": -0.06865315434360053, "log10_eta": -2.730540822023625, "log10_lambda": 0.006395234428350882, "log10_min_child_weight": 1.824782951357884, "log10_subsample": -0.6862293281594148, "max_depth": 7.0, "num_boost_round": 4.0}, "datetime": {"datetime": "2024-01-19 01:23:49", "elapsed": 4336.854053, "delta": 0.004613}}
{"target": -13.758571400162882, "params": {"gamma": 704.9009673470639, "log10_alpha": -0.706446377746432, "log10_colsample_bytree": -0.06865315434360053, "log10_eta": -2.730540822023625, "log10_lambda": 0.006395234428350882, "log10_min_child_weight": 1.824782951357884, "log10_subsample": -0.6862293281594148, "max_depth": 7.0, "num_boost_round": 5.0}, "datetime": {"datetime": "2024-01-19 01:23:49", "elapsed": 4336.858378, "delta": 0.004325}}
{"target": -13.758549445831749, "params": {"gamma": 704.9009673470639, "log10_alpha": -0.706446377746432, "log10_colsample_bytree": -0.06865315434360053, "log10_eta": -2.730540822023625, "log10_lambda": 0.006395234428350882, "log10_min_child_weight": 1.824782951357884, "log10_subsample": -0.6862293281594148, "max_depth": 7.0, "num_boost_round": 6.0}, "datetime": {"datetime": "2024-01-19 01:23:49", "elapsed": 4336.862848, "delta": 0.00447}}
{"target": -13.758488136114172, "params": {"gamma": 704.9009673470639, "log10_alpha": -0.706446377746432, "log10_colsample_bytree": -0.06865315434360053, "log10_eta": -2.730540822023625, "log10_lambda": 0.006395234428350882, "log10_min_child_weight": 1.824782951357884, "log10_subsample": -0.6862293281594148, "max_depth": 7.0, "num_boost_round": 7.0}, "datetime": {"datetime": "2024-01-19 01:23:49", "elapsed": 4336.86748, "delta": 0.004632}}
{"target": -13.758549821699498, "params": {"gamma": 704.9009673470639, "log10_alpha": -0.706446377746432, "log10_colsample_bytree": -0.06865315434360053, "log10_eta": -2.730540822023625, "log10_lambda": 0.006395234428350882, "log10_min_child_weight": 1.824782951357884, "log10_subsample": -0.6862293281594148, "max_depth": 7.0, "num_boost_round": 8.0}, "datetime": {"datetime": "2024-01-19 01:23:49", "elapsed": 4336.871795, "delta": 0.004315}}
{"target": -13.758519697125479, "params": {"gamma": 704.9009673470639, "log10_alpha": -0.706446377746432, "log10_colsample_bytree": -0.06865315434360053, "log10_eta": -2.730540822023625, "log10_lambda": 0.006395234428350882, "log10_min_child_weight": 1.824782951357884, "log10_subsample": -0.6862293281594148, "max_depth": 7.0, "num_boost_round": 9.0}, "datetime": {"datetime": "2024-01-19 01:23:49", "elapsed": 4336.876183, "delta": 0.004388}}
{"target": -13.758480754569126, "params": {"gamma": 704.9009673470639, "log10_alpha": -0.706446377746432, "log10_colsample_bytree": -0.06865315434360053, "log10_eta": -2.730540822023625, "log10_lambda": 0.006395234428350882, "log10_min_child_weight": 1.824782951357884, "log10_subsample": -0.6862293281594148, "max_depth": 7.0, "num_boost_round": 10.0}, "datetime": {"datetime": "2024-01-19 01:23:49", "elapsed": 4336.880828, "delta": 0.004645}}
{"target": -13.758427230518073, "params": {"gamma": 704.9009673470639, "log10_alpha": -0.706446377746432, "log10_colsample_bytree": -0.06865315434360053, "log10_eta": -2.730540822023625, "log10_lambda": 0.006395234428350882, "log10_min_child_weight": 1.824782951357884, "log10_subsample": -0.6862293281594148, "max_depth": 7.0, "num_boost_round": 11.0}, "datetime": {"datetime": "2024-01-19 01:23:49", "elapsed": 4336.885164, "delta": 0.004336}}
{"target": -13.758333678532606, "params": {"gamma": 704.9009673470639, "log10_alpha": -0.706446377746432, "log10_colsample_bytree": -0.06865315434360053, "log10_eta": -2.730540822023625, "log10_lambda": 0.006395234428350882, "log10_min_child_weight": 1.824782951357884, "log10_subsample": -0.6862293281594148, "max_depth": 7.0, "num_boost_round": 12.0}, "datetime": {"datetime": "2024-01-19 01:23:49", "elapsed": 4336.889507, "delta": 0.004343}}
{"target": -13.758322499832067, "params": {"gamma": 704.9009673470639, "log10_alpha": -0.706446377746432, "log10_colsample_bytree": -0.06865315434360053, "log10_eta": -2.730540822023625, "log10_lambda": 0.006395234428350882, "log10_min_child_weight": 1.824782951357884, "log10_subsample": -0.6862293281594148, "max_depth": 7.0, "num_boost_round": 13.0}, "datetime": {"datetime": "2024-01-19 01:23:49", "elapsed": 4336.894285, "delta": 0.004778}}
{"target": -13.758277346249626, "params": {"gamma": 704.9009673470639, "log10_alpha": -0.706446377746432, "log10_colsample_bytree": -0.06865315434360053, "log10_eta": -2.730540822023625, "log10_lambda": 0.006395234428350882, "log10_min_child_weight": 1.824782951357884, "log10_subsample": -0.6862293281594148, "max_depth": 7.0, "num_boost_round": 14.0}, "datetime": {"datetime": "2024-01-19 01:23:49", "elapsed": 4336.898607, "delta": 0.004322}}
{"target": -13.758309507883814, "params": {"gamma": 704.9009673470639, "log10_alpha": -0.706446377746432, "log10_colsample_bytree": -0.06865315434360053, "log10_eta": -2.730540822023625, "log10_lambda": 0.006395234428350882, "log10_min_child_weight": 1.824782951357884, "log10_subsample": -0.6862293281594148, "max_depth": 7.0, "num_boost_round": 15.0}, "datetime": {"datetime": "2024-01-19 01:23:49", "elapsed": 4336.903127, "delta": 0.00452}}
{"target": -13.75825125157881, "params": {"gamma": 704.9009673470639, "log10_alpha": -0.706446377746432, "log10_colsample_bytree": -0.06865315434360053, "log10_eta": -2.730540822023625, "log10_lambda": 0.006395234428350882, "log10_min_child_weight": 1.824782951357884, "log10_subsample": -0.6862293281594148, "max_depth": 7.0, "num_boost_round": 16.0}, "datetime": {"datetime": "2024-01-19 01:23:49", "elapsed": 4336.907597, "delta": 0.00447}}
{"target": -13.758294926551299, "params": {"gamma": 704.9009673470639, "log10_alpha": -0.706446377746432, "log10_colsample_bytree": -0.06865315434360053, "log10_eta": -2.730540822023625, "log10_lambda": 0.006395234428350882, "log10_min_child_weight": 1.824782951357884, "log10_subsample": -0.6862293281594148, "max_depth": 7.0, "num_boost_round": 17.0}, "datetime": {"datetime": "2024-01-19 01:23:49", "elapsed": 4336.912128, "delta": 0.004531}}
{"target": -13.758278634768544, "params": {"gamma": 704.9009673470639, "log10_alpha": -0.706446377746432, "log10_colsample_bytree": -0.06865315434360053, "log10_eta": -2.730540822023625, "log10_lambda": 0.006395234428350882, "log10_min_child_weight": 1.824782951357884, "log10_subsample": -0.6862293281594148, "max_depth": 7.0, "num_boost_round": 18.0}, "datetime": {"datetime": "2024-01-19 01:23:49", "elapsed": 4336.916517, "delta": 0.004389}}
{"target": -13.758263880178074, "params": {"gamma": 704.9009673470639, "log10_alpha": -0.706446377746432, "log10_colsample_bytree": -0.06865315434360053, "log10_eta": -2.730540822023625, "log10_lambda": 0.006395234428350882, "log10_min_child_weight": 1.824782951357884, "log10_subsample": -0.6862293281594148, "max_depth": 7.0, "num_boost_round": 19.0}, "datetime": {"datetime": "2024-01-19 01:23:49", "elapsed": 4336.921243, "delta": 0.004726}}
{"target": -13.758249609278357, "params": {"gamma": 704.9009673470639, "log10_alpha": -0.706446377746432, "log10_colsample_bytree": -0.06865315434360053, "log10_eta": -2.730540822023625, "log10_lambda": 0.006395234428350882, "log10_min_child_weight": 1.824782951357884, "log10_subsample": -0.6862293281594148, "max_depth": 7.0, "num_boost_round": 20.0}, "datetime": {"datetime": "2024-01-19 01:23:49", "elapsed": 4336.925736, "delta": 0.004493}}
{"target": -13.758191863696464, "params": {"gamma": 704.9009673470639, "log10_alpha": -0.706446377746432, "log10_colsample_bytree": -0.06865315434360053, "log10_eta": -2.730540822023625, "log10_lambda": 0.006395234428350882, "log10_min_child_weight": 1.824782951357884, "log10_subsample": -0.6862293281594148, "max_depth": 7.0, "num_boost_round": 21.0}, "datetime": {"datetime": "2024-01-19 01:23:49", "elapsed": 4336.930346, "delta": 0.00461}}
{"target": -13.758531367079035, "params": {"gamma": 705.2180268973276, "log10_alpha": -0.756048990023702, "log10_colsample_bytree": -0.8427460826875398, "log10_eta": -3.575061748296386, "log10_lambda": -0.22079297825482502, "log10_min_child_weight": 2.3707329358201856, "log10_subsample": -0.35895427764750754, "max_depth": 3.0, "num_boost_round": 0.0}, "datetime": {"datetime": "2024-01-19 01:24:32", "elapsed": 4380.168821, "delta": 43.238475}}
{"target": -13.758535791032966, "params": {"gamma": 705.2180268973276, "log10_alpha": -0.756048990023702, "log10_colsample_bytree": -0.8427460826875398, "log10_eta": -3.575061748296386, "log10_lambda": -0.22079297825482502, "log10_min_child_weight": 2.3707329358201856, "log10_subsample": -0.35895427764750754, "max_depth": 3.0, "num_boost_round": 1.0}, "datetime": {"datetime": "2024-01-19 01:24:32", "elapsed": 4380.174499, "delta": 0.005678}}
{"target": -13.758531138585965, "params": {"gamma": 705.2180268973276, "log10_alpha": -0.756048990023702, "log10_colsample_bytree": -0.8427460826875398, "log10_eta": -3.575061748296386, "log10_lambda": -0.22079297825482502, "log10_min_child_weight": 2.3707329358201856, "log10_subsample": -0.35895427764750754, "max_depth": 3.0, "num_boost_round": 2.0}, "datetime": {"datetime": "2024-01-19 01:24:32", "elapsed": 4380.179304, "delta": 0.004805}}
{"target": -13.758526699082683, "params": {"gamma": 705.2180268973276, "log10_alpha": -0.756048990023702, "log10_colsample_bytree": -0.8427460826875398, "log10_eta": -3.575061748296386, "log10_lambda": -0.22079297825482502, "log10_min_child_weight": 2.3707329358201856, "log10_subsample": -0.35895427764750754, "max_depth": 3.0, "num_boost_round": 3.0}, "datetime": {"datetime": "2024-01-19 01:24:32", "elapsed": 4380.183989, "delta": 0.004685}}
{"target": -13.758526387369786, "params": {"gamma": 705.2180268973276, "log10_alpha": -0.756048990023702, "log10_colsample_bytree": -0.8427460826875398, "log10_eta": -3.575061748296386, "log10_lambda": -0.22079297825482502, "log10_min_child_weight": 2.3707329358201856, "log10_subsample": -0.35895427764750754, "max_depth": 3.0, "num_boost_round": 4.0}, "datetime": {"datetime": "2024-01-19 01:24:32", "elapsed": 4380.188497, "delta": 0.004508}}
{"target": -13.758525697866606, "params": {"gamma": 705.2180268973276, "log10_alpha": -0.756048990023702, "log10_colsample_bytree": -0.8427460826875398, "log10_eta": -3.575061748296386, "log10_lambda": -0.22079297825482502, "log10_min_child_weight": 2.3707329358201856, "log10_subsample": -0.35895427764750754, "max_depth": 3.0, "num_boost_round": 5.0}, "datetime": {"datetime": "2024-01-19 01:24:32", "elapsed": 4380.193155, "delta": 0.004658}}
{"target": -13.758526380559182, "params": {"gamma": 705.2180268973276, "log10_alpha": -0.756048990023702, "log10_colsample_bytree": -0.8427460826875398, "log10_eta": -3.575061748296386, "log10_lambda": -0.22079297825482502, "log10_min_child_weight": 2.3707329358201856, "log10_subsample": -0.35895427764750754, "max_depth": 3.0, "num_boost_round": 6.0}, "datetime": {"datetime": "2024-01-19 01:24:32", "elapsed": 4380.19764, "delta": 0.004485}}
{"target": -13.7585222597892, "params": {"gamma": 705.2180268973276, "log10_alpha": -0.756048990023702, "log10_colsample_bytree": -0.8427460826875398, "log10_eta": -3.575061748296386, "log10_lambda": -0.22079297825482502, "log10_min_child_weight": 2.3707329358201856, "log10_subsample": -0.35895427764750754, "max_depth": 3.0, "num_boost_round": 7.0}, "datetime": {"datetime": "2024-01-19 01:24:32", "elapsed": 4380.20209, "delta": 0.00445}}
{"target": -13.75852431008982, "params": {"gamma": 705.2180268973276, "log10_alpha": -0.756048990023702, "log10_colsample_bytree": -0.8427460826875398, "log10_eta": -3.575061748296386, "log10_lambda": -0.22079297825482502, "log10_min_child_weight": 2.3707329358201856, "log10_subsample": -0.35895427764750754, "max_depth": 3.0, "num_boost_round": 8.0}, "datetime": {"datetime": "2024-01-19 01:24:32", "elapsed": 4380.206376, "delta": 0.004286}}
{"target": -13.758525380171408, "params": {"gamma": 705.2180268973276, "log10_alpha": -0.756048990023702, "log10_colsample_bytree": -0.8427460826875398, "log10_eta": -3.575061748296386, "log10_lambda": -0.22079297825482502, "log10_min_child_weight": 2.3707329358201856, "log10_subsample": -0.35895427764750754, "max_depth": 3.0, "num_boost_round": 9.0}, "datetime": {"datetime": "2024-01-19 01:24:32", "elapsed": 4380.210686, "delta": 0.00431}}
{"target": -13.75852315638446, "params": {"gamma": 705.2180268973276, "log10_alpha": -0.756048990023702, "log10_colsample_bytree": -0.8427460826875398, "log10_eta": -3.575061748296386, "log10_lambda": -0.22079297825482502, "log10_min_child_weight": 2.3707329358201856, "log10_subsample": -0.35895427764750754, "max_depth": 3.0, "num_boost_round": 10.0}, "datetime": {"datetime": "2024-01-19 01:24:32", "elapsed": 4380.215082, "delta": 0.004396}}
{"target": -13.758519883705068, "params": {"gamma": 705.2180268973276, "log10_alpha": -0.756048990023702, "log10_colsample_bytree": -0.8427460826875398, "log10_eta": -3.575061748296386, "log10_lambda": -0.22079297825482502, "log10_min_child_weight": 2.3707329358201856, "log10_subsample": -0.35895427764750754, "max_depth": 3.0, "num_boost_round": 11.0}, "datetime": {"datetime": "2024-01-19 01:24:32", "elapsed": 4380.219774, "delta": 0.004692}}
{"target": -13.758518082668981, "params": {"gamma": 705.2180268973276, "log10_alpha": -0.756048990023702, "log10_colsample_bytree": -0.8427460826875398, "log10_eta": -3.575061748296386, "log10_lambda": -0.22079297825482502, "log10_min_child_weight": 2.3707329358201856, "log10_subsample": -0.35895427764750754, "max_depth": 3.0, "num_boost_round": 12.0}, "datetime": {"datetime": "2024-01-19 01:24:32", "elapsed": 4380.224139, "delta": 0.004365}}
{"target": -13.758513561216887, "params": {"gamma": 705.2180268973276, "log10_alpha": -0.756048990023702, "log10_colsample_bytree": -0.8427460826875398, "log10_eta": -3.575061748296386, "log10_lambda": -0.22079297825482502, "log10_min_child_weight": 2.3707329358201856, "log10_subsample": -0.35895427764750754, "max_depth": 3.0, "num_boost_round": 13.0}, "datetime": {"datetime": "2024-01-19 01:24:32", "elapsed": 4380.228544, "delta": 0.004405}}
{"target": -13.758511205152919, "params": {"gamma": 705.2180268973276, "log10_alpha": -0.756048990023702, "log10_colsample_bytree": -0.8427460826875398, "log10_eta": -3.575061748296386, "log10_lambda": -0.22079297825482502, "log10_min_child_weight": 2.3707329358201856, "log10_subsample": -0.35895427764750754, "max_depth": 3.0, "num_boost_round": 14.0}, "datetime": {"datetime": "2024-01-19 01:24:32", "elapsed": 4380.233119, "delta": 0.004575}}
{"target": -13.758509697505644, "params": {"gamma": 705.2180268973276, "log10_alpha": -0.756048990023702, "log10_colsample_bytree": -0.8427460826875398, "log10_eta": -3.575061748296386, "log10_lambda": -0.22079297825482502, "log10_min_child_weight": 2.3707329358201856, "log10_subsample": -0.35895427764750754, "max_depth": 3.0, "num_boost_round": 15.0}, "datetime": {"datetime": "2024-01-19 01:24:32", "elapsed": 4380.237595, "delta": 0.004476}}
