{"target": -17.677150806205145, "params": {"gamma": 884.9938445940741, "log10_alpha": -3.4472517646190166, "log10_colsample_bytree": -0.44036260746460665, "log10_eta": -3.8349658796419783, "log10_lambda": -0.1857373625936427, "log10_min_child_weight": 1.911393032936043, "log10_subsample": -0.20358565247826566, "max_depth": 6.0, "num_boost_round": 11.0}, "datetime": {"datetime": "2024-01-19 01:16:04", "elapsed": 3844.783215, "delta": 0.004144}}
{"target": -17.677145007952277, "params": {"gamma": 884.9938445940741, "log10_alpha": -3.4472517646190166, "log10_colsample_bytree": -0.44036260746460665, "log10_eta": -3.8349658796419783, "log10_lambda": -0.1857373625936427, "log10_min_child_weight": 1.911393032936043, "log10_subsample": -0.20358565247826566, "max_depth": 6.0, "num_boost_round": 12.0}, "datetime": {"datetime": "2024-01-19 01:16:04", "elapsed": 3844.78731, "delta": 0.004095}}
{"target": -17.677146410016242, "params": {"gamma": 884.9938445940741, "log10_alpha": -3.4472517646190166, "log10_colsample_bytree": -0.44036260746460665, "log10_eta": -3.8349658796419783, "log10_lambda": -0.1857373625936427, "log10_min_child_weight": 1.911393032936043, "log10_subsample": -0.20358565247826566, "max_depth": 6.0, "num_boost_round": 13.0}, "datetime": {"datetime": "2024-01-19 01:16:04", "elapsed": 3844.791305, "delta": 0.003995}}
{"target": -17.677148885653633, "params": {"gamma": 884.9938445940741, "log10_alpha": -3.4472517646190166, "log10_colsample_bytree": -0.44036260746460665, "log10_eta": -3.8349658796419783, "log10_lambda": -0.1857373625936427, "log10_min_child_weight": 1.911393032936043, "log10_subsample": -0.20358565247826566, "max_depth": 6.0, "num_boost_round": 14.0}, "datetime": {"datetime": "2024-01-19 01:16:04", "elapsed": 3844.795259, "delta": 0.003954}}
{"target": -17.677141631984394, "params": {"gamma": 884.9938445940741, "log10_alpha": -3.4472517646190166, "log10_colsample_bytree": -0.44036260746460665, "log10_eta": -3.8349658796419783, "log10_lambda": -0.1857373625936427, "log10_min_child_weight": 1.911393032936043, "log10_subsample": -0.20358565247826566, "max_depth": 6.0, "num_boost_round": 15.0}, "datetime": {"datetime": "2024-01-19 01:16:04", "elapsed": 3844.799293, "delta": 0.004034}}
{"target": -17.677136363996723, "params": {"gamma": 884.9938445940741, "log10_alpha": -3.4472517646190166, "log10_colsample_bytree": -0.44036260746460665, "log10_eta": -3.8349658796419783, "log10_lambda": -0.1857373625936427, "log10_min_child_weight": 1.911393032936043, "log10_subsample": -0.20358565247826566, "max_depth": 6.0, "num_boost_round": 16.0}, "datetime": {"datetime": "2024-01-19 01:16:04", "elapsed": 3844.803247, "delta": 0.003954}}
{"target": -17.677131707454013, "params": {"gamma": 884.9938445940741, "log10_alpha": -3.4472517646190166, "log10_colsample_bytree": -0.44036260746460665, "log10_eta": -3.8349658796419783, "log10_lambda": -0.1857373625936427, "log10_min_child_weight": 1.911393032936043, "log10_subsample": -0.20358565247826566, "max_depth": 6.0, "num_boost_round": 17.0}, "datetime": {"datetime": "2024-01-19 01:16:04", "elapsed": 3844.807238, "delta": 0.003991}}
{"target": -17.67712962373539, "params": {"gamma": 884.9938445940741, "log10_alpha": -3.4472517646190166, "log10_colsample_bytree": -0.44036260746460665, "log10_eta": -3.8349658796419783, "log10_lambda": -0.1857373625936427, "log10_min_child_weight": 1.911393032936043, "log10_subsample": -0.20358565247826566, "max_depth": 6.0, "num_boost_round": 18.0}, "datetime": {"datetime": "2024-01-19 01:16:04", "elapsed": 3844.811274, "delta": 0.004036}}
{"target": -17.67712591180703, "params": {"gamma": 884.9938445940741, "log10_alpha": -3.4472517646190166, "log10_colsample_bytree": -0.44036260746460665, "log10_eta": -3.8349658796419783, "log10_lambda": -0.1857373625936427, "log10_min_child_weight": 1.911393032936043, "log10_subsample": -0.20358565247826566, "max_depth": 6.0, "num_boost_round": 19.0}, "datetime": {"datetime": "2024-01-19 01:16:04", "elapsed": 3844.815409, "delta": 0.004135}}
{"target": -17.677115959235245, "params": {"gamma": 884.9938445940741, "log10_alpha": -3.4472517646190166, "log10_colsample_bytree": -0.44036260746460665, "log10_eta": -3.8349658796419783, "log10_lambda": -0.1857373625936427, "log10_min_child_weight": 1.911393032936043, "log10_subsample": -0.20358565247826566, "max_depth": 6.0, "num_boost_round": 20.0}, "datetime": {"datetime": "2024-01-19 01:16:04", "elapsed": 3844.819449, "delta": 0.00404}}
{"target": -17.67711154278643, "params": {"gamma": 884.9938445940741, "log10_alpha": -3.4472517646190166, "log10_colsample_bytree": -0.44036260746460665, "log10_eta": -3.8349658796419783, "log10_lambda": -0.1857373625936427, "log10_min_child_weight": 1.911393032936043, "log10_subsample": -0.20358565247826566, "max_depth": 6.0, "num_boost_round": 21.0}, "datetime": {"datetime": "2024-01-19 01:16:04", "elapsed": 3844.823563, "delta": 0.004114}}
{"target": -17.677104911815206, "params": {"gamma": 884.9938445940741, "log10_alpha": -3.4472517646190166, "log10_colsample_bytree": -0.44036260746460665, "log10_eta": -3.8349658796419783, "log10_lambda": -0.1857373625936427, "log10_min_child_weight": 1.911393032936043, "log10_subsample": -0.20358565247826566, "max_depth": 6.0, "num_boost_round": 22.0}, "datetime": {"datetime": "2024-01-19 01:16:04", "elapsed": 3844.827649, "delta": 0.004086}}
{"target": -17.67709592063104, "params": {"gamma": 884.9938445940741, "log10_alpha": -3.4472517646190166, "log10_colsample_bytree": -0.44036260746460665, "log10_eta": -3.8349658796419783, "log10_lambda": -0.1857373625936427, "log10_min_child_weight": 1.911393032936043, "log10_subsample": -0.20358565247826566, "max_depth": 6.0, "num_boost_round": 23.0}, "datetime": {"datetime": "2024-01-19 01:16:04", "elapsed": 3844.831684, "delta": 0.004035}}
{"target": -17.67709122616209, "params": {"gamma": 884.9938445940741, "log10_alpha": -3.4472517646190166, "log10_colsample_bytree": -0.44036260746460665, "log10_eta": -3.8349658796419783, "log10_lambda": -0.1857373625936427, "log10_min_child_weight": 1.911393032936043, "log10_subsample": -0.20358565247826566, "max_depth": 6.0, "num_boost_round": 24.0}, "datetime": {"datetime": "2024-01-19 01:16:04", "elapsed": 3844.835759, "delta": 0.004075}}
{"target": -17.67707783704033, "params": {"gamma": 884.9938445940741, "log10_alpha": -3.4472517646190166, "log10_colsample_bytree": -0.44036260746460665, "log10_eta": -3.8349658796419783, "log10_lambda": -0.1857373625936427, "log10_min_child_weight": 1.911393032936043, "log10_subsample": -0.20358565247826566, "max_depth": 6.0, "num_boost_round": 25.0}, "datetime": {"datetime": "2024-01-19 01:16:04", "elapsed": 3844.839675, "delta": 0.003916}}
{"target": -17.677075304563402, "params": {"gamma": 884.9938445940741, "log10_alpha": -3.4472517646190166, "log10_colsample_bytree": -0.44036260746460665, "log10_eta": -3.8349658796419783, "log10_lambda": -0.1857373625936427, "log10_min_child_weight": 1.911393032936043, "log10_subsample": -0.20358565247826566, "max_depth": 6.0, "num_boost_round": 26.0}, "datetime": {"datetime": "2024-01-19 01:16:04", "elapsed": 3844.84362, "delta": 0.003945}}
{"target": -17.67707019608114, "params": {"gamma": 884.9938445940741, "log10_alpha": -3.4472517646190166, "log10_colsample_bytree": -0.44036260746460665, "log10_eta": -3.8349658796419783, "log10_lambda": -0.1857373625936427, "log10_min_child_weight": 1.911393032936043, "log10_subsample": -0.20358565247826566, "max_depth": 6.0, "num_boost_round": 27.0}, "datetime": {"datetime": "2024-01-19 01:16:04", "elapsed": 3844.847649, "delta": 0.004029}}
{"target": -17.677065130448206, "params": {"gamma": 884.9938445940741, "log10_alpha": -3.4472517646190166, "log10_colsample_bytree": -0.44036260746460665, "log10_eta": -3.8349658796419783, "log10_lambda": -0.1857373625936427, "log10_min_child_weight": 1.911393032936043, "log10_subsample": -0.20358565247826566, "max_depth": 6.0, "num_boost_round": 28.0}, "datetime": {"datetime": "2024-01-19 01:16:04", "elapsed": 3844.851622, "delta": 0.003973}}
{"target": -17.67704864762752, "params": {"gamma": 884.9938445940741, "log10_alpha": -3.4472517646190166, "log10_colsample_bytree": -0.44036260746460665, "log10_eta": -3.8349658796419783, "log10_lambda": -0.1857373625936427, "log10_min_child_weight": 1.911393032936043, "log10_subsample": -0.20358565247826566, "max_depth": 6.0, "num_boost_round": 29.0}, "datetime": {"datetime": "2024-01-19 01:16:04", "elapsed": 3844.855617, "delta": 0.003995}}
{"target": -17.677046957963878, "params": {"gamma": 884.9938445940741, "log10_alpha": -3.4472517646190166, "log10_colsample_bytree": -0.44036260746460665, "log10_eta": -3.8349658796419783, "log10_lambda": -0.1857373625936427, "log10_min_child_weight": 1.911393032936043, "log10_subsample": -0.20358565247826566, "max_depth": 6.0, "num_boost_round": 30.0}, "datetime": {"datetime": "2024-01-19 01:16:04", "elapsed": 3844.85965, "delta": 0.004033}}
{"target": -17.677042111097254, "params": {"gamma": 884.9938445940741, "log10_alpha": -3.4472517646190166, "log10_colsample_bytree": -0.44036260746460665, "log10_eta": -3.8349658796419783, "log10_lambda": -0.1857373625936427, "log10_min_child_weight": 1.911393032936043, "log10_subsample": -0.20358565247826566, "max_depth": 6.0, "num_boost_round": 31.0}, "datetime": {"datetime": "2024-01-19 01:16:04", "elapsed": 3844.863718, "delta": 0.004068}}
{"target": -17.677232741926847, "params": {"gamma": 886.6554936426097, "log10_alpha": 0.032087300112764616, "log10_colsample_bytree": -0.5779201574307284, "log10_eta": -3.7139293620957354, "log10_lambda": -4.245929228033348, "log10_min_child_weight": 4.646166865226122, "log10_subsample": -0.9389345793255519, "max_depth": 5.0, "num_boost_round": 0.0}, "datetime": {"datetime": "2024-01-19 01:17:02", "elapsed": 3902.683427, "delta": 57.819709}}
{"target": -17.67723090354831, "params": {"gamma": 886.6554936426097, "log10_alpha": 0.032087300112764616, "log10_colsample_bytree": -0.5779201574307284, "log10_eta": -3.7139293620957354, "log10_lambda": -4.245929228033348, "log10_min_child_weight": 4.646166865226122, "log10_subsample": -0.9389345793255519, "max_depth": 5.0, "num_boost_round": 1.0}, "datetime": {"datetime": "2024-01-19 01:17:02", "elapsed": 3902.68864, "delta": 0.005213}}
{"target": -17.67723132186161, "params": {"gamma": 886.6554936426097, "log10_alpha": 0.032087300112764616, "log10_colsample_bytree": -0.5779201574307284, "log10_eta": -3.7139293620957354, "log10_lambda": -4.245929228033348, "log10_min_child_weight": 4.646166865226122, "log10_subsample": -0.9389345793255519, "max_depth": 5.0, "num_boost_round": 2.0}, "datetime": {"datetime": "2024-01-19 01:17:02", "elapsed": 3902.692919, "delta": 0.004279}}
{"target": -17.677229521114928, "params": {"gamma": 886.6554936426097, "log10_alpha": 0.032087300112764616, "log10_colsample_bytree": -0.5779201574307284, "log10_eta": -3.7139293620957354, "log10_lambda": -4.245929228033348, "log10_min_child_weight": 4.646166865226122, "log10_subsample": -0.9389345793255519, "max_depth": 5.0, "num_boost_round": 3.0}, "datetime": {"datetime": "2024-01-19 01:17:02", "elapsed": 3902.697249, "delta": 0.00433}}
{"target": -17.67722887594687, "params": {"gamma": 886.6554936426097, "log10_alpha": 0.032087300112764616, "log10_colsample_bytree": -0.5779201574307284, "log10_eta": -3.7139293620957354, "log10_lambda": -4.245929228033348, "log10_min_child_weight": 4.646166865226122, "log10_subsample": -0.9389345793255519, "max_depth": 5.0, "num_boost_round": 4.0}, "datetime": {"datetime": "2024-01-19 01:17:02", "elapsed": 3902.701427, "delta": 0.004178}}
{"target": -17.6772282789737, "params": {"gamma": 886.6554936426097, "log10_alpha": 0.032087300112764616, "log10_colsample_bytree": -0.5779201574307284, "log10_eta": -3.7139293620957354, "log10_lambda": -4.245929228033348, "log10_min_child_weight": 4.646166865226122, "log10_subsample": -0.9389345793255519, "max_depth": 5.0, "num_boost_round": 5.0}, "datetime": {"datetime": "2024-01-19 01:17:02", "elapsed": 3902.705506, "delta": 0.004079}}
{"target": -17.67722754185818, "params": {"gamma": 886.6554936426097, "log10_alpha": 0.032087300112764616, "log10_colsample_bytree": -0.5779201574307284, "log10_eta": -3.7139293620957354, "log10_lambda": -4.245929228033348, "log10_min_child_weight": 4.646166865226122, "log10_subsample": -0.9389345793255519, "max_depth": 5.0, "num_boost_round": 6.0}, "datetime": {"datetime": "2024-01-19 01:17:02", "elapsed": 3902.709488, "delta": 0.003982}}
{"target": -17.677227290290237, "params": {"gamma": 886.6554936426097, "log10_alpha": 0.032087300112764616, "log10_colsample_bytree": -0.5779201574307284, "log10_eta": -3.7139293620957354, "log10_lambda": -4.245929228033348, "log10_min_child_weight": 4.646166865226122, "log10_subsample": -0.9389345793255519, "max_depth": 5.0, "num_boost_round": 7.0}, "datetime": {"datetime": "2024-01-19 01:17:02", "elapsed": 3902.713514, "delta": 0.004026}}
{"target": -17.677226886152347, "params": {"gamma": 886.6554936426097, "log10_alpha": 0.032087300112764616, "log10_colsample_bytree": -0.5779201574307284, "log10_eta": -3.7139293620957354, "log10_lambda": -4.245929228033348, "log10_min_child_weight": 4.646166865226122, "log10_subsample": -0.9389345793255519, "max_depth": 5.0, "num_boost_round": 8.0}, "datetime": {"datetime": "2024-01-19 01:17:02", "elapsed": 3902.71754, "delta": 0.004026}}
{"target": -17.677226596011447, "params": {"gamma": 886.6554936426097, "log10_alpha": 0.032087300112764616, "log10_colsample_bytree": -0.5779201574307284, "log10_eta": -3.7139293620957354, "log10_lambda": -4.245929228033348, "log10_min_child_weight": 4.646166865226122, "log10_subsample": -0.9389345793255519, "max_depth": 5.0, "num_boost_round": 9.0}, "datetime": {"datetime": "2024-01-19 01:17:02", "elapsed": 3902.721665, "delta": 0.004125}}
{"target": -17.677224799650137, "params": {"gamma": 886.6554936426097, "log10_alpha": 0.032087300112764616, "log10_colsample_bytree": -0.5779201574307284, "log10_eta": -3.7139293620957354, "log10_lambda": -4.245929228033348, "log10_min_child_weight": 4.646166865226122, "log10_subsample": -0.9389345793255519, "max_depth": 5.0, "num_boost_round": 10.0}, "datetime": {"datetime": "2024-01-19 01:17:02", "elapsed": 3902.725857, "delta": 0.004192}}
{"target": -17.67722442376163, "params": {"gamma": 886.6554936426097, "log10_alpha": 0.032087300112764616, "log10_colsample_bytree": -0.5779201574307284, "log10_eta": -3.7139293620957354, "log10_lambda": -4.245929228033348, "log10_min_child_weight": 4.646166865226122, "log10_subsample": -0.9389345793255519, "max_depth": 5.0, "num_boost_round": 11.0}, "datetime": {"datetime": "2024-01-19 01:17:02", "elapsed": 3902.730727, "delta": 0.00487}}
{"target": -17.67722267735145, "params": {"gamma": 886.6554936426097, "log10_alpha": 0.032087300112764616, "log10_colsample_bytree": -0.5779201574307284, "log10_eta": -3.7139293620957354, "log10_lambda": -4.245929228033348, "log10_min_child_weight": 4.646166865226122, "log10_subsample": -0.9389345793255519, "max_depth": 5.0, "num_boost_round": 12.0}, "datetime": {"datetime": "2024-01-19 01:17:02", "elapsed": 3902.735485, "delta": 0.004758}}
{"target": -17.677222354701687, "params": {"gamma": 886.6554936426097, "log10_alpha": 0.032087300112764616, "log10_colsample_bytree": -0.5779201574307284, "log10_eta": -3.7139293620957354, "log10_lambda": -4.245929228033348, "log10_min_child_weight": 4.646166865226122, "log10_subsample": -0.9389345793255519, "max_depth": 5.0, "num_boost_round": 13.0}, "datetime": {"datetime": "2024-01-19 01:17:02", "elapsed": 3902.739716, "delta": 0.004231}}
{"target": -17.677221931305226, "params": {"gamma": 886.6554936426097, "log10_alpha": 0.032087300112764616, "log10_colsample_bytree": -0.5779201574307284, "log10_eta": -3.7139293620957354, "log10_lambda": -4.245929228033348, "log10_min_child_weight": 4.646166865226122, "log10_subsample": -0.9389345793255519, "max_depth": 5.0, "num_boost_round": 14.0}, "datetime": {"datetime": "2024-01-19 01:17:02", "elapsed": 3902.74392, "delta": 0.004204}}
{"target": -17.6772201123946, "params": {"gamma": 886.6554936426097, "log10_alpha": 0.032087300112764616, "log10_colsample_bytree": -0.5779201574307284, "log10_eta": -3.7139293620957354, "log10_lambda": -4.245929228033348, "log10_min_child_weight": 4.646166865226122, "log10_subsample": -0.9389345793255519, "max_depth": 5.0, "num_boost_round": 15.0}, "datetime": {"datetime": "2024-01-19 01:17:02", "elapsed": 3902.747996, "delta": 0.004076}}
{"target": -17.67721798693534, "params": {"gamma": 886.6554936426097, "log10_alpha": 0.032087300112764616, "log10_colsample_bytree": -0.5779201574307284, "log10_eta": -3.7139293620957354, "log10_lambda": -4.245929228033348, "log10_min_child_weight": 4.646166865226122, "log10_subsample": -0.9389345793255519, "max_depth": 5.0, "num_boost_round": 16.0}, "datetime": {"datetime": "2024-01-19 01:17:02", "elapsed": 3902.879863, "delta": 0.131867}}
{"target": -17.677217431756052, "params": {"gamma": 886.6554936426097, "log10_alpha": 0.032087300112764616, "log10_colsample_bytree": -0.5779201574307284, "log10_eta": -3.7139293620957354, "log10_lambda": -4.245929228033348, "log10_min_child_weight": 4.646166865226122, "log10_subsample": -0.9389345793255519, "max_depth": 5.0, "num_boost_round": 17.0}, "datetime": {"datetime": "2024-01-19 01:17:02", "elapsed": 3902.884818, "delta": 0.004955}}
{"target": -17.677216673961436, "params": {"gamma": 886.6554936426097, "log10_alpha": 0.032087300112764616, "log10_colsample_bytree": -0.5779201574307284, "log10_eta": -3.7139293620957354, "log10_lambda": -4.245929228033348, "log10_min_child_weight": 4.646166865226122, "log10_subsample": -0.9389345793255519, "max_depth": 5.0, "num_boost_round": 18.0}, "datetime": {"datetime": "2024-01-19 01:17:02", "elapsed": 3902.889423, "delta": 0.004605}}
{"target": -17.677216591304532, "params": {"gamma": 886.6554936426097, "log10_alpha": 0.032087300112764616, "log10_colsample_bytree": -0.5779201574307284, "log10_eta": -3.7139293620957354, "log10_lambda": -4.245929228033348, "log10_min_child_weight": 4.646166865226122, "log10_subsample": -0.9389345793255519, "max_depth": 5.0, "num_boost_round": 19.0}, "datetime": {"datetime": "2024-01-19 01:17:02", "elapsed": 3902.893722, "delta": 0.004299}}
{"target": -17.677215051552242, "params": {"gamma": 886.6554936426097, "log10_alpha": 0.032087300112764616, "log10_colsample_bytree": -0.5779201574307284, "log10_eta": -3.7139293620957354, "log10_lambda": -4.245929228033348, "log10_min_child_weight": 4.646166865226122, "log10_subsample": -0.9389345793255519, "max_depth": 5.0, "num_boost_round": 20.0}, "datetime": {"datetime": "2024-01-19 01:17:02", "elapsed": 3902.897792, "delta": 0.00407}}
{"target": -17.67721368642407, "params": {"gamma": 886.6554936426097, "log10_alpha": 0.032087300112764616, "log10_colsample_bytree": -0.5779201574307284, "log10_eta": -3.7139293620957354, "log10_lambda": -4.245929228033348, "log10_min_child_weight": 4.646166865226122, "log10_subsample": -0.9389345793255519, "max_depth": 5.0, "num_boost_round": 21.0}, "datetime": {"datetime": "2024-01-19 01:17:02", "elapsed": 3902.902075, "delta": 0.004283}}
{"target": -17.677211873806865, "params": {"gamma": 886.6554936426097, "log10_alpha": 0.032087300112764616, "log10_colsample_bytree": -0.5779201574307284, "log10_eta": -3.7139293620957354, "log10_lambda": -4.245929228033348, "log10_min_child_weight": 4.646166865226122, "log10_subsample": -0.9389345793255519, "max_depth": 5.0, "num_boost_round": 22.0}, "datetime": {"datetime": "2024-01-19 01:17:02", "elapsed": 3902.906465, "delta": 0.00439}}
{"target": -17.677209413700623, "params": {"gamma": 886.6554936426097, "log10_alpha": 0.032087300112764616, "log10_colsample_bytree": -0.5779201574307284, "log10_eta": -3.7139293620957354, "log10_lambda": -4.245929228033348, "log10_min_child_weight": 4.646166865226122, "log10_subsample": -0.9389345793255519, "max_depth": 5.0, "num_boost_round": 23.0}, "datetime": {"datetime": "2024-01-19 01:17:02", "elapsed": 3902.91075, "delta": 0.004285}}
{"target": -17.677275226951576, "params": {"gamma": 868.0250906293471, "log10_alpha": -2.5462237027019157, "log10_colsample_bytree": -0.3487552624188385, "log10_eta": -2.1984409089035677, "log10_lambda": 0.6389468408022045, "log10_min_child_weight": 2.2775247472431475, "log10_subsample": -0.7401820241789324, "max_depth": 8.0, "num_boost_round": 0.0}, "datetime": {"datetime": "2024-01-19 01:18:04", "elapsed": 3965.18679, "delta": 62.27604}}
{"target": -17.676840359065405, "params": {"gamma": 868.0250906293471, "log10_alpha": -2.5462237027019157, "log10_colsample_bytree": -0.3487552624188385, "log10_eta": -2.1984409089035677, "log10_lambda": 0.6389468408022045, "log10_min_child_weight": 2.2775247472431475, "log10_subsample": -0.7401820241789324, "max_depth": 8.0, "num_boost_round": 1.0}, "datetime": {"datetime": "2024-01-19 01:18:04", "elapsed": 3965.191809, "delta": 0.005019}}
{"target": -17.676749979107445, "params": {"gamma": 868.0250906293471, "log10_alpha": -2.5462237027019157, "log10_colsample_bytree": -0.3487552624188385, "log10_eta": -2.1984409089035677, "log10_lambda": 0.6389468408022045, "log10_min_child_weight": 2.2775247472431475, "log10_subsample": -0.7401820241789324, "max_depth": 8.0, "num_boost_round": 2.0}, "datetime": {"datetime": "2024-01-19 01:18:04", "elapsed": 3965.196238, "delta": 0.004429}}
{"target": -17.67672933758602, "params": {"gamma": 868.0250906293471, "log10_alpha": -2.5462237027019157, "log10_colsample_bytree": -0.3487552624188385, "log10_eta": -2.1984409089035677, "log10_lambda": 0.6389468408022045, "log10_min_child_weight": 2.2775247472431475, "log10_subsample": -0.7401820241789324, "max_depth": 8.0, "num_boost_round": 3.0}, "datetime": {"datetime": "2024-01-19 01:18:04", "elapsed": 3965.200518, "delta": 0.00428}}
