{"target": -17.67723109140995, "params": {"gamma": 967.0596046177841, "log10_alpha": -3.4203453721078936, "log10_colsample_bytree": -0.20617048512630365, "log10_eta": -3.9338542159538057, "log10_lambda": -2.398473552003496, "log10_min_child_weight": 3.821970412497562, "log10_subsample": -0.6076348254359308, "max_depth": 2.0, "num_boost_round": 15.0}, "datetime": {"datetime": "2024-01-19 00:23:16", "elapsed": 689.929259, "delta": 0.001056}}
{"target": -17.677230301008404, "params": {"gamma": 967.0596046177841, "log10_alpha": -3.4203453721078936, "log10_colsample_bytree": -0.20617048512630365, "log10_eta": -3.9338542159538057, "log10_lambda": -2.398473552003496, "log10_min_child_weight": 3.821970412497562, "log10_subsample": -0.6076348254359308, "max_depth": 2.0, "num_boost_round": 16.0}, "datetime": {"datetime": "2024-01-19 00:23:16", "elapsed": 689.93044, "delta": 0.001181}}
{"target": -17.677229757022936, "params": {"gamma": 967.0596046177841, "log10_alpha": -3.4203453721078936, "log10_colsample_bytree": -0.20617048512630365, "log10_eta": -3.9338542159538057, "log10_lambda": -2.398473552003496, "log10_min_child_weight": 3.821970412497562, "log10_subsample": -0.6076348254359308, "max_depth": 2.0, "num_boost_round": 17.0}, "datetime": {"datetime": "2024-01-19 00:23:16", "elapsed": 689.931585, "delta": 0.001145}}
{"target": -17.677228863705082, "params": {"gamma": 967.0596046177841, "log10_alpha": -3.4203453721078936, "log10_colsample_bytree": -0.20617048512630365, "log10_eta": -3.9338542159538057, "log10_lambda": -2.398473552003496, "log10_min_child_weight": 3.821970412497562, "log10_subsample": -0.6076348254359308, "max_depth": 2.0, "num_boost_round": 18.0}, "datetime": {"datetime": "2024-01-19 00:23:16", "elapsed": 689.932652, "delta": 0.001067}}
{"target": -17.677229080781448, "params": {"gamma": 967.0596046177841, "log10_alpha": -3.4203453721078936, "log10_colsample_bytree": -0.20617048512630365, "log10_eta": -3.9338542159538057, "log10_lambda": -2.398473552003496, "log10_min_child_weight": 3.821970412497562, "log10_subsample": -0.6076348254359308, "max_depth": 2.0, "num_boost_round": 19.0}, "datetime": {"datetime": "2024-01-19 00:23:16", "elapsed": 689.933721, "delta": 0.001069}}
{"target": -17.677230044979, "params": {"gamma": 967.0596046177841, "log10_alpha": -3.4203453721078936, "log10_colsample_bytree": -0.20617048512630365, "log10_eta": -3.9338542159538057, "log10_lambda": -2.398473552003496, "log10_min_child_weight": 3.821970412497562, "log10_subsample": -0.6076348254359308, "max_depth": 2.0, "num_boost_round": 20.0}, "datetime": {"datetime": "2024-01-19 00:23:16", "elapsed": 689.934784, "delta": 0.001063}}
{"target": -17.67723104786923, "params": {"gamma": 967.0596046177841, "log10_alpha": -3.4203453721078936, "log10_colsample_bytree": -0.20617048512630365, "log10_eta": -3.9338542159538057, "log10_lambda": -2.398473552003496, "log10_min_child_weight": 3.821970412497562, "log10_subsample": -0.6076348254359308, "max_depth": 2.0, "num_boost_round": 21.0}, "datetime": {"datetime": "2024-01-19 00:23:16", "elapsed": 689.935847, "delta": 0.001063}}
{"target": -17.677229328247147, "params": {"gamma": 967.0596046177841, "log10_alpha": -3.4203453721078936, "log10_colsample_bytree": -0.20617048512630365, "log10_eta": -3.9338542159538057, "log10_lambda": -2.398473552003496, "log10_min_child_weight": 3.821970412497562, "log10_subsample": -0.6076348254359308, "max_depth": 2.0, "num_boost_round": 22.0}, "datetime": {"datetime": "2024-01-19 00:23:16", "elapsed": 689.936911, "delta": 0.001064}}
{"target": -17.6772283622568, "params": {"gamma": 967.0596046177841, "log10_alpha": -3.4203453721078936, "log10_colsample_bytree": -0.20617048512630365, "log10_eta": -3.9338542159538057, "log10_lambda": -2.398473552003496, "log10_min_child_weight": 3.821970412497562, "log10_subsample": -0.6076348254359308, "max_depth": 2.0, "num_boost_round": 23.0}, "datetime": {"datetime": "2024-01-19 00:23:16", "elapsed": 689.937979, "delta": 0.001068}}
{"target": -17.67722804742899, "params": {"gamma": 967.0596046177841, "log10_alpha": -3.4203453721078936, "log10_colsample_bytree": -0.20617048512630365, "log10_eta": -3.9338542159538057, "log10_lambda": -2.398473552003496, "log10_min_child_weight": 3.821970412497562, "log10_subsample": -0.6076348254359308, "max_depth": 2.0, "num_boost_round": 24.0}, "datetime": {"datetime": "2024-01-19 00:23:16", "elapsed": 689.939059, "delta": 0.00108}}
{"target": -17.67722877600902, "params": {"gamma": 967.0596046177841, "log10_alpha": -3.4203453721078936, "log10_colsample_bytree": -0.20617048512630365, "log10_eta": -3.9338542159538057, "log10_lambda": -2.398473552003496, "log10_min_child_weight": 3.821970412497562, "log10_subsample": -0.6076348254359308, "max_depth": 2.0, "num_boost_round": 25.0}, "datetime": {"datetime": "2024-01-19 00:23:16", "elapsed": 689.940119, "delta": 0.00106}}
{"target": -17.677228458429994, "params": {"gamma": 967.0596046177841, "log10_alpha": -3.4203453721078936, "log10_colsample_bytree": -0.20617048512630365, "log10_eta": -3.9338542159538057, "log10_lambda": -2.398473552003496, "log10_min_child_weight": 3.821970412497562, "log10_subsample": -0.6076348254359308, "max_depth": 2.0, "num_boost_round": 26.0}, "datetime": {"datetime": "2024-01-19 00:23:16", "elapsed": 689.941188, "delta": 0.001069}}
{"target": -17.677228261860744, "params": {"gamma": 967.0596046177841, "log10_alpha": -3.4203453721078936, "log10_colsample_bytree": -0.20617048512630365, "log10_eta": -3.9338542159538057, "log10_lambda": -2.398473552003496, "log10_min_child_weight": 3.821970412497562, "log10_subsample": -0.6076348254359308, "max_depth": 2.0, "num_boost_round": 27.0}, "datetime": {"datetime": "2024-01-19 00:23:16", "elapsed": 689.942261, "delta": 0.001073}}
{"target": -17.67722740755726, "params": {"gamma": 967.0596046177841, "log10_alpha": -3.4203453721078936, "log10_colsample_bytree": -0.20617048512630365, "log10_eta": -3.9338542159538057, "log10_lambda": -2.398473552003496, "log10_min_child_weight": 3.821970412497562, "log10_subsample": -0.6076348254359308, "max_depth": 2.0, "num_boost_round": 28.0}, "datetime": {"datetime": "2024-01-19 00:23:16", "elapsed": 689.943394, "delta": 0.001133}}
{"target": -17.677227886971426, "params": {"gamma": 967.0596046177841, "log10_alpha": -3.4203453721078936, "log10_colsample_bytree": -0.20617048512630365, "log10_eta": -3.9338542159538057, "log10_lambda": -2.398473552003496, "log10_min_child_weight": 3.821970412497562, "log10_subsample": -0.6076348254359308, "max_depth": 2.0, "num_boost_round": 29.0}, "datetime": {"datetime": "2024-01-19 00:23:16", "elapsed": 689.944478, "delta": 0.001084}}
{"target": -17.67722912605646, "params": {"gamma": 967.0596046177841, "log10_alpha": -3.4203453721078936, "log10_colsample_bytree": -0.20617048512630365, "log10_eta": -3.9338542159538057, "log10_lambda": -2.398473552003496, "log10_min_child_weight": 3.821970412497562, "log10_subsample": -0.6076348254359308, "max_depth": 2.0, "num_boost_round": 30.0}, "datetime": {"datetime": "2024-01-19 00:23:16", "elapsed": 689.945567, "delta": 0.001089}}
{"target": -17.67722710211032, "params": {"gamma": 967.0596046177841, "log10_alpha": -3.4203453721078936, "log10_colsample_bytree": -0.20617048512630365, "log10_eta": -3.9338542159538057, "log10_lambda": -2.398473552003496, "log10_min_child_weight": 3.821970412497562, "log10_subsample": -0.6076348254359308, "max_depth": 2.0, "num_boost_round": 31.0}, "datetime": {"datetime": "2024-01-19 00:23:16", "elapsed": 689.946659, "delta": 0.001092}}
{"target": -17.677228425530302, "params": {"gamma": 967.0596046177841, "log10_alpha": -3.4203453721078936, "log10_colsample_bytree": -0.20617048512630365, "log10_eta": -3.9338542159538057, "log10_lambda": -2.398473552003496, "log10_min_child_weight": 3.821970412497562, "log10_subsample": -0.6076348254359308, "max_depth": 2.0, "num_boost_round": 32.0}, "datetime": {"datetime": "2024-01-19 00:23:16", "elapsed": 689.947738, "delta": 0.001079}}
{"target": -17.677229529315166, "params": {"gamma": 967.0596046177841, "log10_alpha": -3.4203453721078936, "log10_colsample_bytree": -0.20617048512630365, "log10_eta": -3.9338542159538057, "log10_lambda": -2.398473552003496, "log10_min_child_weight": 3.821970412497562, "log10_subsample": -0.6076348254359308, "max_depth": 2.0, "num_boost_round": 33.0}, "datetime": {"datetime": "2024-01-19 00:23:16", "elapsed": 689.948816, "delta": 0.001078}}
{"target": -17.677230307687445, "params": {"gamma": 967.0596046177841, "log10_alpha": -3.4203453721078936, "log10_colsample_bytree": -0.20617048512630365, "log10_eta": -3.9338542159538057, "log10_lambda": -2.398473552003496, "log10_min_child_weight": 3.821970412497562, "log10_subsample": -0.6076348254359308, "max_depth": 2.0, "num_boost_round": 34.0}, "datetime": {"datetime": "2024-01-19 00:23:16", "elapsed": 689.949899, "delta": 0.001083}}
{"target": -17.6772311409879, "params": {"gamma": 967.0596046177841, "log10_alpha": -3.4203453721078936, "log10_colsample_bytree": -0.20617048512630365, "log10_eta": -3.9338542159538057, "log10_lambda": -2.398473552003496, "log10_min_child_weight": 3.821970412497562, "log10_subsample": -0.6076348254359308, "max_depth": 2.0, "num_boost_round": 35.0}, "datetime": {"datetime": "2024-01-19 00:23:16", "elapsed": 689.951093, "delta": 0.001194}}
{"target": -17.677209134735083, "params": {"gamma": 968.1528678917101, "log10_alpha": -2.0423441281305657, "log10_colsample_bytree": -0.8040902939230585, "log10_eta": -3.103354235670097, "log10_lambda": 0.38649345777759336, "log10_min_child_weight": 0.33154478099983176, "log10_subsample": -0.43578348769642317, "max_depth": 8.0, "num_boost_round": 0.0}, "datetime": {"datetime": "2024-01-19 00:23:51", "elapsed": 725.035042, "delta": 35.083949}}
{"target": -17.677204726626357, "params": {"gamma": 968.1528678917101, "log10_alpha": -2.0423441281305657, "log10_colsample_bytree": -0.8040902939230585, "log10_eta": -3.103354235670097, "log10_lambda": 0.38649345777759336, "log10_min_child_weight": 0.33154478099983176, "log10_subsample": -0.43578348769642317, "max_depth": 8.0, "num_boost_round": 1.0}, "datetime": {"datetime": "2024-01-19 00:23:51", "elapsed": 725.036523, "delta": 0.001481}}
{"target": -17.6771384453837, "params": {"gamma": 968.1528678917101, "log10_alpha": -2.0423441281305657, "log10_colsample_bytree": -0.8040902939230585, "log10_eta": -3.103354235670097, "log10_lambda": 0.38649345777759336, "log10_min_child_weight": 0.33154478099983176, "log10_subsample": -0.43578348769642317, "max_depth": 8.0, "num_boost_round": 2.0}, "datetime": {"datetime": "2024-01-19 00:23:51", "elapsed": 725.037753, "delta": 0.00123}}
{"target": -17.677133465902873, "params": {"gamma": 968.1528678917101, "log10_alpha": -2.0423441281305657, "log10_colsample_bytree": -0.8040902939230585, "log10_eta": -3.103354235670097, "log10_lambda": 0.38649345777759336, "log10_min_child_weight": 0.33154478099983176, "log10_subsample": -0.43578348769642317, "max_depth": 8.0, "num_boost_round": 3.0}, "datetime": {"datetime": "2024-01-19 00:23:51", "elapsed": 725.038849, "delta": 0.001096}}
{"target": -17.677079217866986, "params": {"gamma": 968.1528678917101, "log10_alpha": -2.0423441281305657, "log10_colsample_bytree": -0.8040902939230585, "log10_eta": -3.103354235670097, "log10_lambda": 0.38649345777759336, "log10_min_child_weight": 0.33154478099983176, "log10_subsample": -0.43578348769642317, "max_depth": 8.0, "num_boost_round": 4.0}, "datetime": {"datetime": "2024-01-19 00:23:51", "elapsed": 725.040219, "delta": 0.00137}}
{"target": -17.677072146604342, "params": {"gamma": 968.1528678917101, "log10_alpha": -2.0423441281305657, "log10_colsample_bytree": -0.8040902939230585, "log10_eta": -3.103354235670097, "log10_lambda": 0.38649345777759336, "log10_min_child_weight": 0.33154478099983176, "log10_subsample": -0.43578348769642317, "max_depth": 8.0, "num_boost_round": 5.0}, "datetime": {"datetime": "2024-01-19 00:23:51", "elapsed": 725.041313, "delta": 0.001094}}
{"target": -17.677051702345192, "params": {"gamma": 968.1528678917101, "log10_alpha": -2.0423441281305657, "log10_colsample_bytree": -0.8040902939230585, "log10_eta": -3.103354235670097, "log10_lambda": 0.38649345777759336, "log10_min_child_weight": 0.33154478099983176, "log10_subsample": -0.43578348769642317, "max_depth": 8.0, "num_boost_round": 6.0}, "datetime": {"datetime": "2024-01-19 00:23:51", "elapsed": 725.042505, "delta": 0.001192}}
{"target": -17.676973684765382, "params": {"gamma": 968.1528678917101, "log10_alpha": -2.0423441281305657, "log10_colsample_bytree": -0.8040902939230585, "log10_eta": -3.103354235670097, "log10_lambda": 0.38649345777759336, "log10_min_child_weight": 0.33154478099983176, "log10_subsample": -0.43578348769642317, "max_depth": 8.0, "num_boost_round": 7.0}, "datetime": {"datetime": "2024-01-19 00:23:51", "elapsed": 725.04361, "delta": 0.001105}}
{"target": -17.676948611556096, "params": {"gamma": 968.1528678917101, "log10_alpha": -2.0423441281305657, "log10_colsample_bytree": -0.8040902939230585, "log10_eta": -3.103354235670097, "log10_lambda": 0.38649345777759336, "log10_min_child_weight": 0.33154478099983176, "log10_subsample": -0.43578348769642317, "max_depth": 8.0, "num_boost_round": 8.0}, "datetime": {"datetime": "2024-01-19 00:23:51", "elapsed": 725.044691, "delta": 0.001081}}
{"target": -17.676931015527654, "params": {"gamma": 968.1528678917101, "log10_alpha": -2.0423441281305657, "log10_colsample_bytree": -0.8040902939230585, "log10_eta": -3.103354235670097, "log10_lambda": 0.38649345777759336, "log10_min_child_weight": 0.33154478099983176, "log10_subsample": -0.43578348769642317, "max_depth": 8.0, "num_boost_round": 9.0}, "datetime": {"datetime": "2024-01-19 00:23:51", "elapsed": 725.045765, "delta": 0.001074}}
{"target": -17.676842562627158, "params": {"gamma": 968.1528678917101, "log10_alpha": -2.0423441281305657, "log10_colsample_bytree": -0.8040902939230585, "log10_eta": -3.103354235670097, "log10_lambda": 0.38649345777759336, "log10_min_child_weight": 0.33154478099983176, "log10_subsample": -0.43578348769642317, "max_depth": 8.0, "num_boost_round": 10.0}, "datetime": {"datetime": "2024-01-19 00:23:51", "elapsed": 725.046855, "delta": 0.00109}}
{"target": -17.676834854573357, "params": {"gamma": 968.1528678917101, "log10_alpha": -2.0423441281305657, "log10_colsample_bytree": -0.8040902939230585, "log10_eta": -3.103354235670097, "log10_lambda": 0.38649345777759336, "log10_min_child_weight": 0.33154478099983176, "log10_subsample": -0.43578348769642317, "max_depth": 8.0, "num_boost_round": 11.0}, "datetime": {"datetime": "2024-01-19 00:23:51", "elapsed": 725.047925, "delta": 0.00107}}
{"target": -17.676797922886706, "params": {"gamma": 968.1528678917101, "log10_alpha": -2.0423441281305657, "log10_colsample_bytree": -0.8040902939230585, "log10_eta": -3.103354235670097, "log10_lambda": 0.38649345777759336, "log10_min_child_weight": 0.33154478099983176, "log10_subsample": -0.43578348769642317, "max_depth": 8.0, "num_boost_round": 12.0}, "datetime": {"datetime": "2024-01-19 00:23:51", "elapsed": 725.049003, "delta": 0.001078}}
{"target": -17.67672022404626, "params": {"gamma": 968.1528678917101, "log10_alpha": -2.0423441281305657, "log10_colsample_bytree": -0.8040902939230585, "log10_eta": -3.103354235670097, "log10_lambda": 0.38649345777759336, "log10_min_child_weight": 0.33154478099983176, "log10_subsample": -0.43578348769642317, "max_depth": 8.0, "num_boost_round": 13.0}, "datetime": {"datetime": "2024-01-19 00:23:51", "elapsed": 725.05008, "delta": 0.001077}}
{"target": -17.676694964425565, "params": {"gamma": 968.1528678917101, "log10_alpha": -2.0423441281305657, "log10_colsample_bytree": -0.8040902939230585, "log10_eta": -3.103354235670097, "log10_lambda": 0.38649345777759336, "log10_min_child_weight": 0.33154478099983176, "log10_subsample": -0.43578348769642317, "max_depth": 8.0, "num_boost_round": 14.0}, "datetime": {"datetime": "2024-01-19 00:23:51", "elapsed": 725.051295, "delta": 0.001215}}
{"target": -17.676653618339415, "params": {"gamma": 968.1528678917101, "log10_alpha": -2.0423441281305657, "log10_colsample_bytree": -0.8040902939230585, "log10_eta": -3.103354235670097, "log10_lambda": 0.38649345777759336, "log10_min_child_weight": 0.33154478099983176, "log10_subsample": -0.43578348769642317, "max_depth": 8.0, "num_boost_round": 15.0}, "datetime": {"datetime": "2024-01-19 00:23:51", "elapsed": 725.052399, "delta": 0.001104}}
{"target": -17.676653602946026, "params": {"gamma": 968.1528678917101, "log10_alpha": -2.0423441281305657, "log10_colsample_bytree": -0.8040902939230585, "log10_eta": -3.103354235670097, "log10_lambda": 0.38649345777759336, "log10_min_child_weight": 0.33154478099983176, "log10_subsample": -0.43578348769642317, "max_depth": 8.0, "num_boost_round": 16.0}, "datetime": {"datetime": "2024-01-19 00:23:51", "elapsed": 725.05349, "delta": 0.001091}}
{"target": -17.676582331280468, "params": {"gamma": 968.1528678917101, "log10_alpha": -2.0423441281305657, "log10_colsample_bytree": -0.8040902939230585, "log10_eta": -3.103354235670097, "log10_lambda": 0.38649345777759336, "log10_min_child_weight": 0.33154478099983176, "log10_subsample": -0.43578348769642317, "max_depth": 8.0, "num_boost_round": 17.0}, "datetime": {"datetime": "2024-01-19 00:23:51", "elapsed": 725.054596, "delta": 0.001106}}
{"target": -17.676533544268647, "params": {"gamma": 968.1528678917101, "log10_alpha": -2.0423441281305657, "log10_colsample_bytree": -0.8040902939230585, "log10_eta": -3.103354235670097, "log10_lambda": 0.38649345777759336, "log10_min_child_weight": 0.33154478099983176, "log10_subsample": -0.43578348769642317, "max_depth": 8.0, "num_boost_round": 18.0}, "datetime": {"datetime": "2024-01-19 00:23:51", "elapsed": 725.055691, "delta": 0.001095}}
{"target": -17.67646094048694, "params": {"gamma": 968.1528678917101, "log10_alpha": -2.0423441281305657, "log10_colsample_bytree": -0.8040902939230585, "log10_eta": -3.103354235670097, "log10_lambda": 0.38649345777759336, "log10_min_child_weight": 0.33154478099983176, "log10_subsample": -0.43578348769642317, "max_depth": 8.0, "num_boost_round": 19.0}, "datetime": {"datetime": "2024-01-19 00:23:51", "elapsed": 725.056784, "delta": 0.001093}}
{"target": -17.676436778384023, "params": {"gamma": 968.1528678917101, "log10_alpha": -2.0423441281305657, "log10_colsample_bytree": -0.8040902939230585, "log10_eta": -3.103354235670097, "log10_lambda": 0.38649345777759336, "log10_min_child_weight": 0.33154478099983176, "log10_subsample": -0.43578348769642317, "max_depth": 8.0, "num_boost_round": 20.0}, "datetime": {"datetime": "2024-01-19 00:23:51", "elapsed": 725.057874, "delta": 0.00109}}
{"target": -17.676388370328866, "params": {"gamma": 968.1528678917101, "log10_alpha": -2.0423441281305657, "log10_colsample_bytree": -0.8040902939230585, "log10_eta": -3.103354235670097, "log10_lambda": 0.38649345777759336, "log10_min_child_weight": 0.33154478099983176, "log10_subsample": -0.43578348769642317, "max_depth": 8.0, "num_boost_round": 21.0}, "datetime": {"datetime": "2024-01-19 00:23:51", "elapsed": 725.058963, "delta": 0.001089}}
{"target": -17.67636284431341, "params": {"gamma": 968.1528678917101, "log10_alpha": -2.0423441281305657, "log10_colsample_bytree": -0.8040902939230585, "log10_eta": -3.103354235670097, "log10_lambda": 0.38649345777759336, "log10_min_child_weight": 0.33154478099983176, "log10_subsample": -0.43578348769642317, "max_depth": 8.0, "num_boost_round": 22.0}, "datetime": {"datetime": "2024-01-19 00:23:51", "elapsed": 725.060048, "delta": 0.001085}}
{"target": -17.676312682230748, "params": {"gamma": 968.1528678917101, "log10_alpha": -2.0423441281305657, "log10_colsample_bytree": -0.8040902939230585, "log10_eta": -3.103354235670097, "log10_lambda": 0.38649345777759336, "log10_min_child_weight": 0.33154478099983176, "log10_subsample": -0.43578348769642317, "max_depth": 8.0, "num_boost_round": 23.0}, "datetime": {"datetime": "2024-01-19 00:23:51", "elapsed": 725.061148, "delta": 0.0011}}
{"target": -17.67630278303052, "params": {"gamma": 968.1528678917101, "log10_alpha": -2.0423441281305657, "log10_colsample_bytree": -0.8040902939230585, "log10_eta": -3.103354235670097, "log10_lambda": 0.38649345777759336, "log10_min_child_weight": 0.33154478099983176, "log10_subsample": -0.43578348769642317, "max_depth": 8.0, "num_boost_round": 24.0}, "datetime": {"datetime": "2024-01-19 00:23:51", "elapsed": 725.062232, "delta": 0.001084}}
{"target": -17.676236988788887, "params": {"gamma": 968.1528678917101, "log10_alpha": -2.0423441281305657, "log10_colsample_bytree": -0.8040902939230585, "log10_eta": -3.103354235670097, "log10_lambda": 0.38649345777759336, "log10_min_child_weight": 0.33154478099983176, "log10_subsample": -0.43578348769642317, "max_depth": 8.0, "num_boost_round": 25.0}, "datetime": {"datetime": "2024-01-19 00:23:51", "elapsed": 725.063436, "delta": 0.001204}}
{"target": -17.676203491366117, "params": {"gamma": 968.1528678917101, "log10_alpha": -2.0423441281305657, "log10_colsample_bytree": -0.8040902939230585, "log10_eta": -3.103354235670097, "log10_lambda": 0.38649345777759336, "log10_min_child_weight": 0.33154478099983176, "log10_subsample": -0.43578348769642317, "max_depth": 8.0, "num_boost_round": 26.0}, "datetime": {"datetime": "2024-01-19 00:23:51", "elapsed": 725.064673, "delta": 0.001237}}
{"target": -17.676189412499813, "params": {"gamma": 968.1528678917101, "log10_alpha": -2.0423441281305657, "log10_colsample_bytree": -0.8040902939230585, "log10_eta": -3.103354235670097, "log10_lambda": 0.38649345777759336, "log10_min_child_weight": 0.33154478099983176, "log10_subsample": -0.43578348769642317, "max_depth": 8.0, "num_boost_round": 27.0}, "datetime": {"datetime": "2024-01-19 00:23:51", "elapsed": 725.065785, "delta": 0.001112}}
