{"target": -13.758515969538001, "params": {"gamma": 418.6061616439972, "log10_alpha": -5.0, "log10_colsample_bytree": -1.0, "log10_eta": -4.0, "log10_lambda": -5.0, "log10_min_child_weight": 0.0, "log10_subsample": 0.0, "max_depth": 10.0, "num_boost_round": 14.0}, "datetime": {"datetime": "2024-01-19 00:56:28", "elapsed": 2691.653052, "delta": 0.003936}}
{"target": -13.758510313736604, "params": {"gamma": 418.6061616439972, "log10_alpha": -5.0, "log10_colsample_bytree": -1.0, "log10_eta": -4.0, "log10_lambda": -5.0, "log10_min_child_weight": 0.0, "log10_subsample": 0.0, "max_depth": 10.0, "num_boost_round": 15.0}, "datetime": {"datetime": "2024-01-19 00:56:28", "elapsed": 2691.657039, "delta": 0.003987}}
{"target": -13.758509076673183, "params": {"gamma": 418.6061616439972, "log10_alpha": -5.0, "log10_colsample_bytree": -1.0, "log10_eta": -4.0, "log10_lambda": -5.0, "log10_min_child_weight": 0.0, "log10_subsample": 0.0, "max_depth": 10.0, "num_boost_round": 16.0}, "datetime": {"datetime": "2024-01-19 00:56:28", "elapsed": 2691.660998, "delta": 0.003959}}
{"target": -13.758509154260226, "params": {"gamma": 418.6061616439972, "log10_alpha": -5.0, "log10_colsample_bytree": -1.0, "log10_eta": -4.0, "log10_lambda": -5.0, "log10_min_child_weight": 0.0, "log10_subsample": 0.0, "max_depth": 10.0, "num_boost_round": 17.0}, "datetime": {"datetime": "2024-01-19 00:56:28", "elapsed": 2691.664955, "delta": 0.003957}}
{"target": -13.758508989823682, "params": {"gamma": 418.6061616439972, "log10_alpha": -5.0, "log10_colsample_bytree": -1.0, "log10_eta": -4.0, "log10_lambda": -5.0, "log10_min_child_weight": 0.0, "log10_subsample": 0.0, "max_depth": 10.0, "num_boost_round": 18.0}, "datetime": {"datetime": "2024-01-19 00:56:28", "elapsed": 2691.668934, "delta": 0.003979}}
{"target": -13.7585022476152, "params": {"gamma": 418.6061616439972, "log10_alpha": -5.0, "log10_colsample_bytree": -1.0, "log10_eta": -4.0, "log10_lambda": -5.0, "log10_min_child_weight": 0.0, "log10_subsample": 0.0, "max_depth": 10.0, "num_boost_round": 19.0}, "datetime": {"datetime": "2024-01-19 00:56:28", "elapsed": 2691.672877, "delta": 0.003943}}
{"target": -13.75850036222388, "params": {"gamma": 418.6061616439972, "log10_alpha": -5.0, "log10_colsample_bytree": -1.0, "log10_eta": -4.0, "log10_lambda": -5.0, "log10_min_child_weight": 0.0, "log10_subsample": 0.0, "max_depth": 10.0, "num_boost_round": 20.0}, "datetime": {"datetime": "2024-01-19 00:56:28", "elapsed": 2691.676868, "delta": 0.003991}}
{"target": -13.75849980266883, "params": {"gamma": 418.6061616439972, "log10_alpha": -5.0, "log10_colsample_bytree": -1.0, "log10_eta": -4.0, "log10_lambda": -5.0, "log10_min_child_weight": 0.0, "log10_subsample": 0.0, "max_depth": 10.0, "num_boost_round": 21.0}, "datetime": {"datetime": "2024-01-19 00:56:28", "elapsed": 2691.680889, "delta": 0.004021}}
{"target": -13.758494140781341, "params": {"gamma": 418.6061616439972, "log10_alpha": -5.0, "log10_colsample_bytree": -1.0, "log10_eta": -4.0, "log10_lambda": -5.0, "log10_min_child_weight": 0.0, "log10_subsample": 0.0, "max_depth": 10.0, "num_boost_round": 22.0}, "datetime": {"datetime": "2024-01-19 00:56:28", "elapsed": 2691.684853, "delta": 0.003964}}
{"target": -13.758492088848179, "params": {"gamma": 418.6061616439972, "log10_alpha": -5.0, "log10_colsample_bytree": -1.0, "log10_eta": -4.0, "log10_lambda": -5.0, "log10_min_child_weight": 0.0, "log10_subsample": 0.0, "max_depth": 10.0, "num_boost_round": 23.0}, "datetime": {"datetime": "2024-01-19 00:56:28", "elapsed": 2691.688801, "delta": 0.003948}}
{"target": -13.758492228827093, "params": {"gamma": 418.6061616439972, "log10_alpha": -5.0, "log10_colsample_bytree": -1.0, "log10_eta": -4.0, "log10_lambda": -5.0, "log10_min_child_weight": 0.0, "log10_subsample": 0.0, "max_depth": 10.0, "num_boost_round": 24.0}, "datetime": {"datetime": "2024-01-19 00:56:28", "elapsed": 2691.692827, "delta": 0.004026}}
{"target": -13.758490417916319, "params": {"gamma": 418.6061616439972, "log10_alpha": -5.0, "log10_colsample_bytree": -1.0, "log10_eta": -4.0, "log10_lambda": -5.0, "log10_min_child_weight": 0.0, "log10_subsample": 0.0, "max_depth": 10.0, "num_boost_round": 25.0}, "datetime": {"datetime": "2024-01-19 00:56:28", "elapsed": 2691.696756, "delta": 0.003929}}
{"target": -13.758487976710011, "params": {"gamma": 418.6061616439972, "log10_alpha": -5.0, "log10_colsample_bytree": -1.0, "log10_eta": -4.0, "log10_lambda": -5.0, "log10_min_child_weight": 0.0, "log10_subsample": 0.0, "max_depth": 10.0, "num_boost_round": 26.0}, "datetime": {"datetime": "2024-01-19 00:56:28", "elapsed": 2691.701106, "delta": 0.00435}}
{"target": -13.758484627748624, "params": {"gamma": 418.6061616439972, "log10_alpha": -5.0, "log10_colsample_bytree": -1.0, "log10_eta": -4.0, "log10_lambda": -5.0, "log10_min_child_weight": 0.0, "log10_subsample": 0.0, "max_depth": 10.0, "num_boost_round": 27.0}, "datetime": {"datetime": "2024-01-19 00:56:28", "elapsed": 2691.705876, "delta": 0.00477}}
{"target": -13.7584808873901, "params": {"gamma": 418.6061616439972, "log10_alpha": -5.0, "log10_colsample_bytree": -1.0, "log10_eta": -4.0, "log10_lambda": -5.0, "log10_min_child_weight": 0.0, "log10_subsample": 0.0, "max_depth": 10.0, "num_boost_round": 28.0}, "datetime": {"datetime": "2024-01-19 00:56:28", "elapsed": 2691.709906, "delta": 0.00403}}
{"target": -13.758473903524626, "params": {"gamma": 418.6061616439972, "log10_alpha": -5.0, "log10_colsample_bytree": -1.0, "log10_eta": -4.0, "log10_lambda": -5.0, "log10_min_child_weight": 0.0, "log10_subsample": 0.0, "max_depth": 10.0, "num_boost_round": 29.0}, "datetime": {"datetime": "2024-01-19 00:56:28", "elapsed": 2691.714019, "delta": 0.004113}}
{"target": -13.758473768159423, "params": {"gamma": 418.6061616439972, "log10_alpha": -5.0, "log10_colsample_bytree": -1.0, "log10_eta": -4.0, "log10_lambda": -5.0, "log10_min_child_weight": 0.0, "log10_subsample": 0.0, "max_depth": 10.0, "num_boost_round": 30.0}, "datetime": {"datetime": "2024-01-19 00:56:28", "elapsed": 2691.718127, "delta": 0.004108}}
{"target": -13.758466034096008, "params": {"gamma": 418.6061616439972, "log10_alpha": -5.0, "log10_colsample_bytree": -1.0, "log10_eta": -4.0, "log10_lambda": -5.0, "log10_min_child_weight": 0.0, "log10_subsample": 0.0, "max_depth": 10.0, "num_boost_round": 31.0}, "datetime": {"datetime": "2024-01-19 00:56:28", "elapsed": 2691.722961, "delta": 0.004834}}
{"target": -13.758462562173051, "params": {"gamma": 418.6061616439972, "log10_alpha": -5.0, "log10_colsample_bytree": -1.0, "log10_eta": -4.0, "log10_lambda": -5.0, "log10_min_child_weight": 0.0, "log10_subsample": 0.0, "max_depth": 10.0, "num_boost_round": 32.0}, "datetime": {"datetime": "2024-01-19 00:56:28", "elapsed": 2691.727354, "delta": 0.004393}}
{"target": -13.758453139146065, "params": {"gamma": 418.6061616439972, "log10_alpha": -5.0, "log10_colsample_bytree": -1.0, "log10_eta": -4.0, "log10_lambda": -5.0, "log10_min_child_weight": 0.0, "log10_subsample": 0.0, "max_depth": 10.0, "num_boost_round": 33.0}, "datetime": {"datetime": "2024-01-19 00:56:28", "elapsed": 2691.731494, "delta": 0.00414}}
{"target": -13.758449977519223, "params": {"gamma": 418.6061616439972, "log10_alpha": -5.0, "log10_colsample_bytree": -1.0, "log10_eta": -4.0, "log10_lambda": -5.0, "log10_min_child_weight": 0.0, "log10_subsample": 0.0, "max_depth": 10.0, "num_boost_round": 34.0}, "datetime": {"datetime": "2024-01-19 00:56:28", "elapsed": 2691.735425, "delta": 0.003931}}
{"target": -13.758445917100028, "params": {"gamma": 418.6061616439972, "log10_alpha": -5.0, "log10_colsample_bytree": -1.0, "log10_eta": -4.0, "log10_lambda": -5.0, "log10_min_child_weight": 0.0, "log10_subsample": 0.0, "max_depth": 10.0, "num_boost_round": 35.0}, "datetime": {"datetime": "2024-01-19 00:56:28", "elapsed": 2691.739394, "delta": 0.003969}}
{"target": -13.75844650447974, "params": {"gamma": 418.6061616439972, "log10_alpha": -5.0, "log10_colsample_bytree": -1.0, "log10_eta": -4.0, "log10_lambda": -5.0, "log10_min_child_weight": 0.0, "log10_subsample": 0.0, "max_depth": 10.0, "num_boost_round": 36.0}, "datetime": {"datetime": "2024-01-19 00:56:28", "elapsed": 2691.743808, "delta": 0.004414}}
{"target": -13.758443650564729, "params": {"gamma": 418.6061616439972, "log10_alpha": -5.0, "log10_colsample_bytree": -1.0, "log10_eta": -4.0, "log10_lambda": -5.0, "log10_min_child_weight": 0.0, "log10_subsample": 0.0, "max_depth": 10.0, "num_boost_round": 37.0}, "datetime": {"datetime": "2024-01-19 00:56:28", "elapsed": 2691.747762, "delta": 0.003954}}
{"target": -13.758442374923845, "params": {"gamma": 418.6061616439972, "log10_alpha": -5.0, "log10_colsample_bytree": -1.0, "log10_eta": -4.0, "log10_lambda": -5.0, "log10_min_child_weight": 0.0, "log10_subsample": 0.0, "max_depth": 10.0, "num_boost_round": 38.0}, "datetime": {"datetime": "2024-01-19 00:56:28", "elapsed": 2691.751857, "delta": 0.004095}}
{"target": -13.758441602778705, "params": {"gamma": 418.6061616439972, "log10_alpha": -5.0, "log10_colsample_bytree": -1.0, "log10_eta": -4.0, "log10_lambda": -5.0, "log10_min_child_weight": 0.0, "log10_subsample": 0.0, "max_depth": 10.0, "num_boost_round": 39.0}, "datetime": {"datetime": "2024-01-19 00:56:28", "elapsed": 2691.755844, "delta": 0.003987}}
{"target": -13.758437180183446, "params": {"gamma": 418.6061616439972, "log10_alpha": -5.0, "log10_colsample_bytree": -1.0, "log10_eta": -4.0, "log10_lambda": -5.0, "log10_min_child_weight": 0.0, "log10_subsample": 0.0, "max_depth": 10.0, "num_boost_round": 40.0}, "datetime": {"datetime": "2024-01-19 00:56:28", "elapsed": 2691.759795, "delta": 0.003951}}
{"target": -13.758437538510416, "params": {"gamma": 418.6061616439972, "log10_alpha": -5.0, "log10_colsample_bytree": -1.0, "log10_eta": -4.0, "log10_lambda": -5.0, "log10_min_child_weight": 0.0, "log10_subsample": 0.0, "max_depth": 10.0, "num_boost_round": 41.0}, "datetime": {"datetime": "2024-01-19 00:56:28", "elapsed": 2691.763755, "delta": 0.00396}}
{"target": -13.75843978951371, "params": {"gamma": 418.6061616439972, "log10_alpha": -5.0, "log10_colsample_bytree": -1.0, "log10_eta": -4.0, "log10_lambda": -5.0, "log10_min_child_weight": 0.0, "log10_subsample": 0.0, "max_depth": 10.0, "num_boost_round": 42.0}, "datetime": {"datetime": "2024-01-19 00:56:28", "elapsed": 2691.767748, "delta": 0.003993}}
{"target": -13.75843641366894, "params": {"gamma": 418.6061616439972, "log10_alpha": -5.0, "log10_colsample_bytree": -1.0, "log10_eta": -4.0, "log10_lambda": -5.0, "log10_min_child_weight": 0.0, "log10_subsample": 0.0, "max_depth": 10.0, "num_boost_round": 43.0}, "datetime": {"datetime": "2024-01-19 00:56:28", "elapsed": 2691.771839, "delta": 0.004091}}
{"target": -13.75843679249237, "params": {"gamma": 418.6061616439972, "log10_alpha": -5.0, "log10_colsample_bytree": -1.0, "log10_eta": -4.0, "log10_lambda": -5.0, "log10_min_child_weight": 0.0, "log10_subsample": 0.0, "max_depth": 10.0, "num_boost_round": 44.0}, "datetime": {"datetime": "2024-01-19 00:56:28", "elapsed": 2691.775848, "delta": 0.004009}}
{"target": -13.758434486336675, "params": {"gamma": 418.6061616439972, "log10_alpha": -5.0, "log10_colsample_bytree": -1.0, "log10_eta": -4.0, "log10_lambda": -5.0, "log10_min_child_weight": 0.0, "log10_subsample": 0.0, "max_depth": 10.0, "num_boost_round": 45.0}, "datetime": {"datetime": "2024-01-19 00:56:28", "elapsed": 2691.7799, "delta": 0.004052}}
{"target": -13.75843793353174, "params": {"gamma": 418.6061616439972, "log10_alpha": -5.0, "log10_colsample_bytree": -1.0, "log10_eta": -4.0, "log10_lambda": -5.0, "log10_min_child_weight": 0.0, "log10_subsample": 0.0, "max_depth": 10.0, "num_boost_round": 46.0}, "datetime": {"datetime": "2024-01-19 00:56:28", "elapsed": 2691.783908, "delta": 0.004008}}
{"target": -13.758437765155106, "params": {"gamma": 418.6061616439972, "log10_alpha": -5.0, "log10_colsample_bytree": -1.0, "log10_eta": -4.0, "log10_lambda": -5.0, "log10_min_child_weight": 0.0, "log10_subsample": 0.0, "max_depth": 10.0, "num_boost_round": 47.0}, "datetime": {"datetime": "2024-01-19 00:56:28", "elapsed": 2691.787909, "delta": 0.004001}}
{"target": -13.758436590252831, "params": {"gamma": 418.6061616439972, "log10_alpha": -5.0, "log10_colsample_bytree": -1.0, "log10_eta": -4.0, "log10_lambda": -5.0, "log10_min_child_weight": 0.0, "log10_subsample": 0.0, "max_depth": 10.0, "num_boost_round": 48.0}, "datetime": {"datetime": "2024-01-19 00:56:28", "elapsed": 2691.792086, "delta": 0.004177}}
{"target": -13.758439350020804, "params": {"gamma": 418.6061616439972, "log10_alpha": -5.0, "log10_colsample_bytree": -1.0, "log10_eta": -4.0, "log10_lambda": -5.0, "log10_min_child_weight": 0.0, "log10_subsample": 0.0, "max_depth": 10.0, "num_boost_round": 49.0}, "datetime": {"datetime": "2024-01-19 00:56:28", "elapsed": 2691.796203, "delta": 0.004117}}
{"target": -13.75844125219703, "params": {"gamma": 418.6061616439972, "log10_alpha": -5.0, "log10_colsample_bytree": -1.0, "log10_eta": -4.0, "log10_lambda": -5.0, "log10_min_child_weight": 0.0, "log10_subsample": 0.0, "max_depth": 10.0, "num_boost_round": 50.0}, "datetime": {"datetime": "2024-01-19 00:56:28", "elapsed": 2691.800336, "delta": 0.004133}}
{"target": -13.758446099281429, "params": {"gamma": 418.6061616439972, "log10_alpha": -5.0, "log10_colsample_bytree": -1.0, "log10_eta": -4.0, "log10_lambda": -5.0, "log10_min_child_weight": 0.0, "log10_subsample": 0.0, "max_depth": 10.0, "num_boost_round": 51.0}, "datetime": {"datetime": "2024-01-19 00:56:28", "elapsed": 2691.804424, "delta": 0.004088}}
{"target": -13.758444696995667, "params": {"gamma": 418.6061616439972, "log10_alpha": -5.0, "log10_colsample_bytree": -1.0, "log10_eta": -4.0, "log10_lambda": -5.0, "log10_min_child_weight": 0.0, "log10_subsample": 0.0, "max_depth": 10.0, "num_boost_round": 52.0}, "datetime": {"datetime": "2024-01-19 00:56:28", "elapsed": 2691.808513, "delta": 0.004089}}
{"target": -13.758443961813487, "params": {"gamma": 418.6061616439972, "log10_alpha": -5.0, "log10_colsample_bytree": -1.0, "log10_eta": -4.0, "log10_lambda": -5.0, "log10_min_child_weight": 0.0, "log10_subsample": 0.0, "max_depth": 10.0, "num_boost_round": 53.0}, "datetime": {"datetime": "2024-01-19 00:56:28", "elapsed": 2691.812522, "delta": 0.004009}}
{"target": -13.75844570613585, "params": {"gamma": 418.6061616439972, "log10_alpha": -5.0, "log10_colsample_bytree": -1.0, "log10_eta": -4.0, "log10_lambda": -5.0, "log10_min_child_weight": 0.0, "log10_subsample": 0.0, "max_depth": 10.0, "num_boost_round": 54.0}, "datetime": {"datetime": "2024-01-19 00:56:28", "elapsed": 2691.816614, "delta": 0.004092}}
{"target": -13.75844416640351, "params": {"gamma": 418.6061616439972, "log10_alpha": -5.0, "log10_colsample_bytree": -1.0, "log10_eta": -4.0, "log10_lambda": -5.0, "log10_min_child_weight": 0.0, "log10_subsample": 0.0, "max_depth": 10.0, "num_boost_round": 55.0}, "datetime": {"datetime": "2024-01-19 00:56:28", "elapsed": 2691.820659, "delta": 0.004045}}
{"target": -13.758446284967754, "params": {"gamma": 418.6061616439972, "log10_alpha": -5.0, "log10_colsample_bytree": -1.0, "log10_eta": -4.0, "log10_lambda": -5.0, "log10_min_child_weight": 0.0, "log10_subsample": 0.0, "max_depth": 10.0, "num_boost_round": 56.0}, "datetime": {"datetime": "2024-01-19 00:56:28", "elapsed": 2691.824718, "delta": 0.004059}}
{"target": -13.758445146165847, "params": {"gamma": 418.6061616439972, "log10_alpha": -5.0, "log10_colsample_bytree": -1.0, "log10_eta": -4.0, "log10_lambda": -5.0, "log10_min_child_weight": 0.0, "log10_subsample": 0.0, "max_depth": 10.0, "num_boost_round": 57.0}, "datetime": {"datetime": "2024-01-19 00:56:28", "elapsed": 2691.82879, "delta": 0.004072}}
{"target": -13.7584342261634, "params": {"gamma": 418.6061616439972, "log10_alpha": -5.0, "log10_colsample_bytree": -1.0, "log10_eta": -4.0, "log10_lambda": -5.0, "log10_min_child_weight": 0.0, "log10_subsample": 0.0, "max_depth": 10.0, "num_boost_round": 58.0}, "datetime": {"datetime": "2024-01-19 00:56:28", "elapsed": 2691.832814, "delta": 0.004024}}
{"target": -13.758421912117162, "params": {"gamma": 418.6061616439972, "log10_alpha": -5.0, "log10_colsample_bytree": -1.0, "log10_eta": -4.0, "log10_lambda": -5.0, "log10_min_child_weight": 0.0, "log10_subsample": 0.0, "max_depth": 10.0, "num_boost_round": 59.0}, "datetime": {"datetime": "2024-01-19 00:56:28", "elapsed": 2691.836843, "delta": 0.004029}}
{"target": -13.75842094667603, "params": {"gamma": 418.6061616439972, "log10_alpha": -5.0, "log10_colsample_bytree": -1.0, "log10_eta": -4.0, "log10_lambda": -5.0, "log10_min_child_weight": 0.0, "log10_subsample": 0.0, "max_depth": 10.0, "num_boost_round": 60.0}, "datetime": {"datetime": "2024-01-19 00:56:28", "elapsed": 2691.840907, "delta": 0.004064}}
{"target": -13.758411936512225, "params": {"gamma": 418.6061616439972, "log10_alpha": -5.0, "log10_colsample_bytree": -1.0, "log10_eta": -4.0, "log10_lambda": -5.0, "log10_min_child_weight": 0.0, "log10_subsample": 0.0, "max_depth": 10.0, "num_boost_round": 61.0}, "datetime": {"datetime": "2024-01-19 00:56:28", "elapsed": 2691.844943, "delta": 0.004036}}
{"target": -13.758412717627087, "params": {"gamma": 418.6061616439972, "log10_alpha": -5.0, "log10_colsample_bytree": -1.0, "log10_eta": -4.0, "log10_lambda": -5.0, "log10_min_child_weight": 0.0, "log10_subsample": 0.0, "max_depth": 10.0, "num_boost_round": 62.0}, "datetime": {"datetime": "2024-01-19 00:56:28", "elapsed": 2691.848979, "delta": 0.004036}}
{"target": -13.758410998759679, "params": {"gamma": 418.6061616439972, "log10_alpha": -5.0, "log10_colsample_bytree": -1.0, "log10_eta": -4.0, "log10_lambda": -5.0, "log10_min_child_weight": 0.0, "log10_subsample": 0.0, "max_depth": 10.0, "num_boost_round": 63.0}, "datetime": {"datetime": "2024-01-19 00:56:28", "elapsed": 2691.853045, "delta": 0.004066}}
{"target": -13.758415412887146, "params": {"gamma": 418.6061616439972, "log10_alpha": -5.0, "log10_colsample_bytree": -1.0, "log10_eta": -4.0, "log10_lambda": -5.0, "log10_min_child_weight": 0.0, "log10_subsample": 0.0, "max_depth": 10.0, "num_boost_round": 64.0}, "datetime": {"datetime": "2024-01-19 00:56:28", "elapsed": 2691.857626, "delta": 0.004581}}
{"target": -13.758409425833232, "params": {"gamma": 418.6061616439972, "log10_alpha": -5.0, "log10_colsample_bytree": -1.0, "log10_eta": -4.0, "log10_lambda": -5.0, "log10_min_child_weight": 0.0, "log10_subsample": 0.0, "max_depth": 10.0, "num_boost_round": 65.0}, "datetime": {"datetime": "2024-01-19 00:56:28", "elapsed": 2691.861636, "delta": 0.00401}}
{"target": -13.758409959539478, "params": {"gamma": 418.6061616439972, "log10_alpha": -5.0, "log10_colsample_bytree": -1.0, "log10_eta": -4.0, "log10_lambda": -5.0, "log10_min_child_weight": 0.0, "log10_subsample": 0.0, "max_depth": 10.0, "num_boost_round": 66.0}, "datetime": {"datetime": "2024-01-19 00:56:28", "elapsed": 2691.865694, "delta": 0.004058}}
{"target": -13.758405288812297, "params": {"gamma": 418.6061616439972, "log10_alpha": -5.0, "log10_colsample_bytree": -1.0, "log10_eta": -4.0, "log10_lambda": -5.0, "log10_min_child_weight": 0.0, "log10_subsample": 0.0, "max_depth": 10.0, "num_boost_round": 67.0}, "datetime": {"datetime": "2024-01-19 00:56:28", "elapsed": 2691.869819, "delta": 0.004125}}
{"target": -13.758403378504866, "params": {"gamma": 418.6061616439972, "log10_alpha": -5.0, "log10_colsample_bytree": -1.0, "log10_eta": -4.0, "log10_lambda": -5.0, "log10_min_child_weight": 0.0, "log10_subsample": 0.0, "max_depth": 10.0, "num_boost_round": 68.0}, "datetime": {"datetime": "2024-01-19 00:56:28", "elapsed": 2691.873831, "delta": 0.004012}}
{"target": -13.758397591477493, "params": {"gamma": 418.6061616439972, "log10_alpha": -5.0, "log10_colsample_bytree": -1.0, "log10_eta": -4.0, "log10_lambda": -5.0, "log10_min_child_weight": 0.0, "log10_subsample": 0.0, "max_depth": 10.0, "num_boost_round": 69.0}, "datetime": {"datetime": "2024-01-19 00:56:28", "elapsed": 2691.877882, "delta": 0.004051}}
{"target": -13.758402988325713, "params": {"gamma": 418.6061616439972, "log10_alpha": -5.0, "log10_colsample_bytree": -1.0, "log10_eta": -4.0, "log10_lambda": -5.0, "log10_min_child_weight": 0.0, "log10_subsample": 0.0, "max_depth": 10.0, "num_boost_round": 70.0}, "datetime": {"datetime": "2024-01-19 00:56:28", "elapsed": 2691.881874, "delta": 0.003992}}
{"target": -13.758398511744533, "params": {"gamma": 418.6061616439972, "log10_alpha": -5.0, "log10_colsample_bytree": -1.0, "log10_eta": -4.0, "log10_lambda": -5.0, "log10_min_child_weight": 0.0, "log10_subsample": 0.0, "max_depth": 10.0, "num_boost_round": 71.0}, "datetime": {"datetime": "2024-01-19 00:56:28", "elapsed": 2691.88589, "delta": 0.004016}}
{"target": -13.75839393721399, "params": {"gamma": 418.6061616439972, "log10_alpha": -5.0, "log10_colsample_bytree": -1.0, "log10_eta": -4.0, "log10_lambda": -5.0, "log10_min_child_weight": 0.0, "log10_subsample": 0.0, "max_depth": 10.0, "num_boost_round": 72.0}, "datetime": {"datetime": "2024-01-19 00:56:28", "elapsed": 2691.890193, "delta": 0.004303}}
{"target": -13.75839216296143, "params": {"gamma": 418.6061616439972, "log10_alpha": -5.0, "log10_colsample_bytree": -1.0, "log10_eta": -4.0, "log10_lambda": -5.0, "log10_min_child_weight": 0.0, "log10_subsample": 0.0, "max_depth": 10.0, "num_boost_round": 73.0}, "datetime": {"datetime": "2024-01-19 00:56:28", "elapsed": 2691.894347, "delta": 0.004154}}
{"target": -13.758380895372923, "params": {"gamma": 418.6061616439972, "log10_alpha": -5.0, "log10_colsample_bytree": -1.0, "log10_eta": -4.0, "log10_lambda": -5.0, "log10_min_child_weight": 0.0, "log10_subsample": 0.0, "max_depth": 10.0, "num_boost_round": 74.0}, "datetime": {"datetime": "2024-01-19 00:56:28", "elapsed": 2691.898398, "delta": 0.004051}}
