{"target": -13.75754533085807, "params": {"gamma": 437.72611713929734, "log10_alpha": -1.9586484262236277, "log10_colsample_bytree": -0.8984582329710843, "log10_eta": -2.836602788534796, "log10_lambda": 0.09099279573396046, "log10_min_child_weight": 1.3021936090932484, "log10_subsample": -0.33026532183114254, "max_depth": 5.0, "num_boost_round": 43.0}, "datetime": {"datetime": "2024-01-19 00:25:37", "elapsed": 841.569743, "delta": 0.00183}}
{"target": -13.757531465682858, "params": {"gamma": 437.72611713929734, "log10_alpha": -1.9586484262236277, "log10_colsample_bytree": -0.8984582329710843, "log10_eta": -2.836602788534796, "log10_lambda": 0.09099279573396046, "log10_min_child_weight": 1.3021936090932484, "log10_subsample": -0.33026532183114254, "max_depth": 5.0, "num_boost_round": 44.0}, "datetime": {"datetime": "2024-01-19 00:25:37", "elapsed": 841.571533, "delta": 0.00179}}
{"target": -13.757493504767481, "params": {"gamma": 437.72611713929734, "log10_alpha": -1.9586484262236277, "log10_colsample_bytree": -0.8984582329710843, "log10_eta": -2.836602788534796, "log10_lambda": 0.09099279573396046, "log10_min_child_weight": 1.3021936090932484, "log10_subsample": -0.33026532183114254, "max_depth": 5.0, "num_boost_round": 45.0}, "datetime": {"datetime": "2024-01-19 00:25:37", "elapsed": 841.573349, "delta": 0.001816}}
{"target": -13.757501502210001, "params": {"gamma": 437.72611713929734, "log10_alpha": -1.9586484262236277, "log10_colsample_bytree": -0.8984582329710843, "log10_eta": -2.836602788534796, "log10_lambda": 0.09099279573396046, "log10_min_child_weight": 1.3021936090932484, "log10_subsample": -0.33026532183114254, "max_depth": 5.0, "num_boost_round": 46.0}, "datetime": {"datetime": "2024-01-19 00:25:37", "elapsed": 841.575269, "delta": 0.00192}}
{"target": -13.757460672258087, "params": {"gamma": 437.72611713929734, "log10_alpha": -1.9586484262236277, "log10_colsample_bytree": -0.8984582329710843, "log10_eta": -2.836602788534796, "log10_lambda": 0.09099279573396046, "log10_min_child_weight": 1.3021936090932484, "log10_subsample": -0.33026532183114254, "max_depth": 5.0, "num_boost_round": 47.0}, "datetime": {"datetime": "2024-01-19 00:25:37", "elapsed": 841.577259, "delta": 0.00199}}
{"target": -13.757440882523817, "params": {"gamma": 437.72611713929734, "log10_alpha": -1.9586484262236277, "log10_colsample_bytree": -0.8984582329710843, "log10_eta": -2.836602788534796, "log10_lambda": 0.09099279573396046, "log10_min_child_weight": 1.3021936090932484, "log10_subsample": -0.33026532183114254, "max_depth": 5.0, "num_boost_round": 48.0}, "datetime": {"datetime": "2024-01-19 00:25:37", "elapsed": 841.579268, "delta": 0.002009}}
{"target": -13.757435941309351, "params": {"gamma": 437.72611713929734, "log10_alpha": -1.9586484262236277, "log10_colsample_bytree": -0.8984582329710843, "log10_eta": -2.836602788534796, "log10_lambda": 0.09099279573396046, "log10_min_child_weight": 1.3021936090932484, "log10_subsample": -0.33026532183114254, "max_depth": 5.0, "num_boost_round": 49.0}, "datetime": {"datetime": "2024-01-19 00:25:37", "elapsed": 841.581131, "delta": 0.001863}}
{"target": -13.757433956897398, "params": {"gamma": 437.72611713929734, "log10_alpha": -1.9586484262236277, "log10_colsample_bytree": -0.8984582329710843, "log10_eta": -2.836602788534796, "log10_lambda": 0.09099279573396046, "log10_min_child_weight": 1.3021936090932484, "log10_subsample": -0.33026532183114254, "max_depth": 5.0, "num_boost_round": 50.0}, "datetime": {"datetime": "2024-01-19 00:25:37", "elapsed": 841.582949, "delta": 0.001818}}
{"target": -13.75742850743942, "params": {"gamma": 437.72611713929734, "log10_alpha": -1.9586484262236277, "log10_colsample_bytree": -0.8984582329710843, "log10_eta": -2.836602788534796, "log10_lambda": 0.09099279573396046, "log10_min_child_weight": 1.3021936090932484, "log10_subsample": -0.33026532183114254, "max_depth": 5.0, "num_boost_round": 51.0}, "datetime": {"datetime": "2024-01-19 00:25:37", "elapsed": 841.584791, "delta": 0.001842}}
{"target": -13.757390660453463, "params": {"gamma": 437.72611713929734, "log10_alpha": -1.9586484262236277, "log10_colsample_bytree": -0.8984582329710843, "log10_eta": -2.836602788534796, "log10_lambda": 0.09099279573396046, "log10_min_child_weight": 1.3021936090932484, "log10_subsample": -0.33026532183114254, "max_depth": 5.0, "num_boost_round": 52.0}, "datetime": {"datetime": "2024-01-19 00:25:37", "elapsed": 841.586586, "delta": 0.001795}}
{"target": -13.757362914248205, "params": {"gamma": 437.72611713929734, "log10_alpha": -1.9586484262236277, "log10_colsample_bytree": -0.8984582329710843, "log10_eta": -2.836602788534796, "log10_lambda": 0.09099279573396046, "log10_min_child_weight": 1.3021936090932484, "log10_subsample": -0.33026532183114254, "max_depth": 5.0, "num_boost_round": 53.0}, "datetime": {"datetime": "2024-01-19 00:25:37", "elapsed": 841.588419, "delta": 0.001833}}
{"target": -13.75732377286457, "params": {"gamma": 437.72611713929734, "log10_alpha": -1.9586484262236277, "log10_colsample_bytree": -0.8984582329710843, "log10_eta": -2.836602788534796, "log10_lambda": 0.09099279573396046, "log10_min_child_weight": 1.3021936090932484, "log10_subsample": -0.33026532183114254, "max_depth": 5.0, "num_boost_round": 54.0}, "datetime": {"datetime": "2024-01-19 00:25:37", "elapsed": 841.590278, "delta": 0.001859}}
{"target": -13.757290119810923, "params": {"gamma": 437.72611713929734, "log10_alpha": -1.9586484262236277, "log10_colsample_bytree": -0.8984582329710843, "log10_eta": -2.836602788534796, "log10_lambda": 0.09099279573396046, "log10_min_child_weight": 1.3021936090932484, "log10_subsample": -0.33026532183114254, "max_depth": 5.0, "num_boost_round": 55.0}, "datetime": {"datetime": "2024-01-19 00:25:37", "elapsed": 841.592072, "delta": 0.001794}}
{"target": -13.757254100374249, "params": {"gamma": 437.72611713929734, "log10_alpha": -1.9586484262236277, "log10_colsample_bytree": -0.8984582329710843, "log10_eta": -2.836602788534796, "log10_lambda": 0.09099279573396046, "log10_min_child_weight": 1.3021936090932484, "log10_subsample": -0.33026532183114254, "max_depth": 5.0, "num_boost_round": 56.0}, "datetime": {"datetime": "2024-01-19 00:25:37", "elapsed": 841.593883, "delta": 0.001811}}
{"target": -13.757199589735068, "params": {"gamma": 437.72611713929734, "log10_alpha": -1.9586484262236277, "log10_colsample_bytree": -0.8984582329710843, "log10_eta": -2.836602788534796, "log10_lambda": 0.09099279573396046, "log10_min_child_weight": 1.3021936090932484, "log10_subsample": -0.33026532183114254, "max_depth": 5.0, "num_boost_round": 57.0}, "datetime": {"datetime": "2024-01-19 00:25:37", "elapsed": 841.595796, "delta": 0.001913}}
{"target": -13.757128607773302, "params": {"gamma": 437.72611713929734, "log10_alpha": -1.9586484262236277, "log10_colsample_bytree": -0.8984582329710843, "log10_eta": -2.836602788534796, "log10_lambda": 0.09099279573396046, "log10_min_child_weight": 1.3021936090932484, "log10_subsample": -0.33026532183114254, "max_depth": 5.0, "num_boost_round": 58.0}, "datetime": {"datetime": "2024-01-19 00:25:37", "elapsed": 841.597625, "delta": 0.001829}}
{"target": -13.757110980355046, "params": {"gamma": 437.72611713929734, "log10_alpha": -1.9586484262236277, "log10_colsample_bytree": -0.8984582329710843, "log10_eta": -2.836602788534796, "log10_lambda": 0.09099279573396046, "log10_min_child_weight": 1.3021936090932484, "log10_subsample": -0.33026532183114254, "max_depth": 5.0, "num_boost_round": 59.0}, "datetime": {"datetime": "2024-01-19 00:25:37", "elapsed": 841.599439, "delta": 0.001814}}
{"target": -13.757108276528857, "params": {"gamma": 437.72611713929734, "log10_alpha": -1.9586484262236277, "log10_colsample_bytree": -0.8984582329710843, "log10_eta": -2.836602788534796, "log10_lambda": 0.09099279573396046, "log10_min_child_weight": 1.3021936090932484, "log10_subsample": -0.33026532183114254, "max_depth": 5.0, "num_boost_round": 60.0}, "datetime": {"datetime": "2024-01-19 00:25:37", "elapsed": 841.601248, "delta": 0.001809}}
{"target": -13.757119540044327, "params": {"gamma": 437.72611713929734, "log10_alpha": -1.9586484262236277, "log10_colsample_bytree": -0.8984582329710843, "log10_eta": -2.836602788534796, "log10_lambda": 0.09099279573396046, "log10_min_child_weight": 1.3021936090932484, "log10_subsample": -0.33026532183114254, "max_depth": 5.0, "num_boost_round": 61.0}, "datetime": {"datetime": "2024-01-19 00:25:37", "elapsed": 841.603082, "delta": 0.001834}}
{"target": -13.757102810498296, "params": {"gamma": 437.72611713929734, "log10_alpha": -1.9586484262236277, "log10_colsample_bytree": -0.8984582329710843, "log10_eta": -2.836602788534796, "log10_lambda": 0.09099279573396046, "log10_min_child_weight": 1.3021936090932484, "log10_subsample": -0.33026532183114254, "max_depth": 5.0, "num_boost_round": 62.0}, "datetime": {"datetime": "2024-01-19 00:25:37", "elapsed": 841.604946, "delta": 0.001864}}
{"target": -13.757074058741825, "params": {"gamma": 437.72611713929734, "log10_alpha": -1.9586484262236277, "log10_colsample_bytree": -0.8984582329710843, "log10_eta": -2.836602788534796, "log10_lambda": 0.09099279573396046, "log10_min_child_weight": 1.3021936090932484, "log10_subsample": -0.33026532183114254, "max_depth": 5.0, "num_boost_round": 63.0}, "datetime": {"datetime": "2024-01-19 00:25:37", "elapsed": 841.606773, "delta": 0.001827}}
{"target": -13.757041662233963, "params": {"gamma": 437.72611713929734, "log10_alpha": -1.9586484262236277, "log10_colsample_bytree": -0.8984582329710843, "log10_eta": -2.836602788534796, "log10_lambda": 0.09099279573396046, "log10_min_child_weight": 1.3021936090932484, "log10_subsample": -0.33026532183114254, "max_depth": 5.0, "num_boost_round": 64.0}, "datetime": {"datetime": "2024-01-19 00:25:37", "elapsed": 841.608601, "delta": 0.001828}}
{"target": -13.757050378497594, "params": {"gamma": 437.72611713929734, "log10_alpha": -1.9586484262236277, "log10_colsample_bytree": -0.8984582329710843, "log10_eta": -2.836602788534796, "log10_lambda": 0.09099279573396046, "log10_min_child_weight": 1.3021936090932484, "log10_subsample": -0.33026532183114254, "max_depth": 5.0, "num_boost_round": 65.0}, "datetime": {"datetime": "2024-01-19 00:25:37", "elapsed": 841.610513, "delta": 0.001912}}
{"target": -13.757051776124738, "params": {"gamma": 437.72611713929734, "log10_alpha": -1.9586484262236277, "log10_colsample_bytree": -0.8984582329710843, "log10_eta": -2.836602788534796, "log10_lambda": 0.09099279573396046, "log10_min_child_weight": 1.3021936090932484, "log10_subsample": -0.33026532183114254, "max_depth": 5.0, "num_boost_round": 66.0}, "datetime": {"datetime": "2024-01-19 00:25:37", "elapsed": 841.612344, "delta": 0.001831}}
{"target": -13.756980428657366, "params": {"gamma": 437.72611713929734, "log10_alpha": -1.9586484262236277, "log10_colsample_bytree": -0.8984582329710843, "log10_eta": -2.836602788534796, "log10_lambda": 0.09099279573396046, "log10_min_child_weight": 1.3021936090932484, "log10_subsample": -0.33026532183114254, "max_depth": 5.0, "num_boost_round": 67.0}, "datetime": {"datetime": "2024-01-19 00:25:37", "elapsed": 841.614165, "delta": 0.001821}}
{"target": -13.756975098890226, "params": {"gamma": 437.72611713929734, "log10_alpha": -1.9586484262236277, "log10_colsample_bytree": -0.8984582329710843, "log10_eta": -2.836602788534796, "log10_lambda": 0.09099279573396046, "log10_min_child_weight": 1.3021936090932484, "log10_subsample": -0.33026532183114254, "max_depth": 5.0, "num_boost_round": 68.0}, "datetime": {"datetime": "2024-01-19 00:25:37", "elapsed": 841.616076, "delta": 0.001911}}
{"target": -13.756904844689839, "params": {"gamma": 437.72611713929734, "log10_alpha": -1.9586484262236277, "log10_colsample_bytree": -0.8984582329710843, "log10_eta": -2.836602788534796, "log10_lambda": 0.09099279573396046, "log10_min_child_weight": 1.3021936090932484, "log10_subsample": -0.33026532183114254, "max_depth": 5.0, "num_boost_round": 69.0}, "datetime": {"datetime": "2024-01-19 00:25:37", "elapsed": 841.617958, "delta": 0.001882}}
{"target": -13.756898082117843, "params": {"gamma": 437.72611713929734, "log10_alpha": -1.9586484262236277, "log10_colsample_bytree": -0.8984582329710843, "log10_eta": -2.836602788534796, "log10_lambda": 0.09099279573396046, "log10_min_child_weight": 1.3021936090932484, "log10_subsample": -0.33026532183114254, "max_depth": 5.0, "num_boost_round": 70.0}, "datetime": {"datetime": "2024-01-19 00:25:37", "elapsed": 841.619792, "delta": 0.001834}}
{"target": -13.756859386180471, "params": {"gamma": 437.72611713929734, "log10_alpha": -1.9586484262236277, "log10_colsample_bytree": -0.8984582329710843, "log10_eta": -2.836602788534796, "log10_lambda": 0.09099279573396046, "log10_min_child_weight": 1.3021936090932484, "log10_subsample": -0.33026532183114254, "max_depth": 5.0, "num_boost_round": 71.0}, "datetime": {"datetime": "2024-01-19 00:25:37", "elapsed": 841.621624, "delta": 0.001832}}
{"target": -13.758247625365046, "params": {"gamma": 446.892577905423, "log10_alpha": 0.2571611735001831, "log10_colsample_bytree": -0.9310035265721558, "log10_eta": -1.8501139000951774, "log10_lambda": 0.08451299990424399, "log10_min_child_weight": 1.9008837971088473, "log10_subsample": -0.5318068093141514, "max_depth": 2.0, "num_boost_round": 0.0}, "datetime": {"datetime": "2024-01-19 00:26:14", "elapsed": 878.11993, "delta": 36.498306}}
{"target": -13.758222512505188, "params": {"gamma": 446.892577905423, "log10_alpha": 0.2571611735001831, "log10_colsample_bytree": -0.9310035265721558, "log10_eta": -1.8501139000951774, "log10_lambda": 0.08451299990424399, "log10_min_child_weight": 1.9008837971088473, "log10_subsample": -0.5318068093141514, "max_depth": 2.0, "num_boost_round": 1.0}, "datetime": {"datetime": "2024-01-19 00:26:14", "elapsed": 878.121978, "delta": 0.002048}}
{"target": -13.75822460266175, "params": {"gamma": 446.892577905423, "log10_alpha": 0.2571611735001831, "log10_colsample_bytree": -0.9310035265721558, "log10_eta": -1.8501139000951774, "log10_lambda": 0.08451299990424399, "log10_min_child_weight": 1.9008837971088473, "log10_subsample": -0.5318068093141514, "max_depth": 2.0, "num_boost_round": 2.0}, "datetime": {"datetime": "2024-01-19 00:26:14", "elapsed": 878.124103, "delta": 0.002125}}
{"target": -13.7583235471942, "params": {"gamma": 446.892577905423, "log10_alpha": 0.2571611735001831, "log10_colsample_bytree": -0.9310035265721558, "log10_eta": -1.8501139000951774, "log10_lambda": 0.08451299990424399, "log10_min_child_weight": 1.9008837971088473, "log10_subsample": -0.5318068093141514, "max_depth": 2.0, "num_boost_round": 3.0}, "datetime": {"datetime": "2024-01-19 00:26:14", "elapsed": 878.126073, "delta": 0.00197}}
{"target": -13.75819054527173, "params": {"gamma": 446.892577905423, "log10_alpha": 0.2571611735001831, "log10_colsample_bytree": -0.9310035265721558, "log10_eta": -1.8501139000951774, "log10_lambda": 0.08451299990424399, "log10_min_child_weight": 1.9008837971088473, "log10_subsample": -0.5318068093141514, "max_depth": 2.0, "num_boost_round": 4.0}, "datetime": {"datetime": "2024-01-19 00:26:14", "elapsed": 878.127926, "delta": 0.001853}}
{"target": -13.758110548750405, "params": {"gamma": 446.892577905423, "log10_alpha": 0.2571611735001831, "log10_colsample_bytree": -0.9310035265721558, "log10_eta": -1.8501139000951774, "log10_lambda": 0.08451299990424399, "log10_min_child_weight": 1.9008837971088473, "log10_subsample": -0.5318068093141514, "max_depth": 2.0, "num_boost_round": 5.0}, "datetime": {"datetime": "2024-01-19 00:26:14", "elapsed": 878.129738, "delta": 0.001812}}
{"target": -13.75820956086436, "params": {"gamma": 446.892577905423, "log10_alpha": 0.2571611735001831, "log10_colsample_bytree": -0.9310035265721558, "log10_eta": -1.8501139000951774, "log10_lambda": 0.08451299990424399, "log10_min_child_weight": 1.9008837971088473, "log10_subsample": -0.5318068093141514, "max_depth": 2.0, "num_boost_round": 6.0}, "datetime": {"datetime": "2024-01-19 00:26:14", "elapsed": 878.131582, "delta": 0.001844}}
{"target": -13.757994069733762, "params": {"gamma": 446.892577905423, "log10_alpha": 0.2571611735001831, "log10_colsample_bytree": -0.9310035265721558, "log10_eta": -1.8501139000951774, "log10_lambda": 0.08451299990424399, "log10_min_child_weight": 1.9008837971088473, "log10_subsample": -0.5318068093141514, "max_depth": 2.0, "num_boost_round": 7.0}, "datetime": {"datetime": "2024-01-19 00:26:14", "elapsed": 878.133422, "delta": 0.00184}}
{"target": -13.758154909687207, "params": {"gamma": 446.892577905423, "log10_alpha": 0.2571611735001831, "log10_colsample_bytree": -0.9310035265721558, "log10_eta": -1.8501139000951774, "log10_lambda": 0.08451299990424399, "log10_min_child_weight": 1.9008837971088473, "log10_subsample": -0.5318068093141514, "max_depth": 2.0, "num_boost_round": 8.0}, "datetime": {"datetime": "2024-01-19 00:26:14", "elapsed": 878.135308, "delta": 0.001886}}
{"target": -13.758026253768074, "params": {"gamma": 446.892577905423, "log10_alpha": 0.2571611735001831, "log10_colsample_bytree": -0.9310035265721558, "log10_eta": -1.8501139000951774, "log10_lambda": 0.08451299990424399, "log10_min_child_weight": 1.9008837971088473, "log10_subsample": -0.5318068093141514, "max_depth": 2.0, "num_boost_round": 9.0}, "datetime": {"datetime": "2024-01-19 00:26:14", "elapsed": 878.137112, "delta": 0.001804}}
{"target": -13.7580667050265, "params": {"gamma": 446.892577905423, "log10_alpha": 0.2571611735001831, "log10_colsample_bytree": -0.9310035265721558, "log10_eta": -1.8501139000951774, "log10_lambda": 0.08451299990424399, "log10_min_child_weight": 1.9008837971088473, "log10_subsample": -0.5318068093141514, "max_depth": 2.0, "num_boost_round": 10.0}, "datetime": {"datetime": "2024-01-19 00:26:14", "elapsed": 878.138912, "delta": 0.0018}}
{"target": -13.7578408214856, "params": {"gamma": 446.892577905423, "log10_alpha": 0.2571611735001831, "log10_colsample_bytree": -0.9310035265721558, "log10_eta": -1.8501139000951774, "log10_lambda": 0.08451299990424399, "log10_min_child_weight": 1.9008837971088473, "log10_subsample": -0.5318068093141514, "max_depth": 2.0, "num_boost_round": 11.0}, "datetime": {"datetime": "2024-01-19 00:26:14", "elapsed": 878.140738, "delta": 0.001826}}
{"target": -13.757703363610474, "params": {"gamma": 446.892577905423, "log10_alpha": 0.2571611735001831, "log10_colsample_bytree": -0.9310035265721558, "log10_eta": -1.8501139000951774, "log10_lambda": 0.08451299990424399, "log10_min_child_weight": 1.9008837971088473, "log10_subsample": -0.5318068093141514, "max_depth": 2.0, "num_boost_round": 12.0}, "datetime": {"datetime": "2024-01-19 00:26:14", "elapsed": 878.142541, "delta": 0.001803}}
{"target": -13.75746703930431, "params": {"gamma": 446.892577905423, "log10_alpha": 0.2571611735001831, "log10_colsample_bytree": -0.9310035265721558, "log10_eta": -1.8501139000951774, "log10_lambda": 0.08451299990424399, "log10_min_child_weight": 1.9008837971088473, "log10_subsample": -0.5318068093141514, "max_depth": 2.0, "num_boost_round": 13.0}, "datetime": {"datetime": "2024-01-19 00:26:14", "elapsed": 878.14442, "delta": 0.001879}}
{"target": -13.757432867855096, "params": {"gamma": 446.892577905423, "log10_alpha": 0.2571611735001831, "log10_colsample_bytree": -0.9310035265721558, "log10_eta": -1.8501139000951774, "log10_lambda": 0.08451299990424399, "log10_min_child_weight": 1.9008837971088473, "log10_subsample": -0.5318068093141514, "max_depth": 2.0, "num_boost_round": 14.0}, "datetime": {"datetime": "2024-01-19 00:26:14", "elapsed": 878.146236, "delta": 0.001816}}
{"target": -13.757277067436338, "params": {"gamma": 446.892577905423, "log10_alpha": 0.2571611735001831, "log10_colsample_bytree": -0.9310035265721558, "log10_eta": -1.8501139000951774, "log10_lambda": 0.08451299990424399, "log10_min_child_weight": 1.9008837971088473, "log10_subsample": -0.5318068093141514, "max_depth": 2.0, "num_boost_round": 15.0}, "datetime": {"datetime": "2024-01-19 00:26:14", "elapsed": 878.148079, "delta": 0.001843}}
{"target": -13.757210935081698, "params": {"gamma": 446.892577905423, "log10_alpha": 0.2571611735001831, "log10_colsample_bytree": -0.9310035265721558, "log10_eta": -1.8501139000951774, "log10_lambda": 0.08451299990424399, "log10_min_child_weight": 1.9008837971088473, "log10_subsample": -0.5318068093141514, "max_depth": 2.0, "num_boost_round": 16.0}, "datetime": {"datetime": "2024-01-19 00:26:14", "elapsed": 878.149928, "delta": 0.001849}}
{"target": -13.757120376300602, "params": {"gamma": 446.892577905423, "log10_alpha": 0.2571611735001831, "log10_colsample_bytree": -0.9310035265721558, "log10_eta": -1.8501139000951774, "log10_lambda": 0.08451299990424399, "log10_min_child_weight": 1.9008837971088473, "log10_subsample": -0.5318068093141514, "max_depth": 2.0, "num_boost_round": 17.0}, "datetime": {"datetime": "2024-01-19 00:26:14", "elapsed": 878.151739, "delta": 0.001811}}
{"target": -13.757021160131506, "params": {"gamma": 446.892577905423, "log10_alpha": 0.2571611735001831, "log10_colsample_bytree": -0.9310035265721558, "log10_eta": -1.8501139000951774, "log10_lambda": 0.08451299990424399, "log10_min_child_weight": 1.9008837971088473, "log10_subsample": -0.5318068093141514, "max_depth": 2.0, "num_boost_round": 18.0}, "datetime": {"datetime": "2024-01-19 00:26:14", "elapsed": 878.153565, "delta": 0.001826}}
{"target": -13.756975702423443, "params": {"gamma": 446.892577905423, "log10_alpha": 0.2571611735001831, "log10_colsample_bytree": -0.9310035265721558, "log10_eta": -1.8501139000951774, "log10_lambda": 0.08451299990424399, "log10_min_child_weight": 1.9008837971088473, "log10_subsample": -0.5318068093141514, "max_depth": 2.0, "num_boost_round": 19.0}, "datetime": {"datetime": "2024-01-19 00:26:14", "elapsed": 878.155488, "delta": 0.001923}}
